<?xml version="1.0" encoding="UTF-8"?>
<testsuites name="Сверка дашбордов из разных блоков" time="7296.852" tests="6" failures="4" errors="0">
   <testsuite name="Сверка дашбордов из разных блоков" tests="6" failures="4" errors="0" time="7296.852" skipped="0" timestamp="03-03-2025T11:51:44" hostname="liazgina-di - UVV-WS904-D.ot.ru" id="Test Suites/Пн-Ср-Пт/Сверка дашбордов из разных блоков">
      <properties>
         <property name="deviceName" value=""/>
         <property name="devicePlatform"/>
         <property name="logFolder" value="C:\\Users\\LIAZGINA-DI\\git\\SPORU\\Reports\\20250303_115140\\\u041F\u043D-\u0421\u0440-\u041F\u0442\\\u0421\u0432\u0435\u0440\u043A\u0430 \u0434\u0430\u0448\u0431\u043E\u0440\u0434\u043E\u0432 \u0438\u0437 \u0440\u0430\u0437\u043D\u044B\u0445 \u0431\u043B\u043E\u043A\u043E\u0432\\20250303_115140"/>
         <property name="logFiles" value="C:\\Users\\LIAZGINA-DI\\git\\SPORU\\Reports\\20250303_115140\\\u041F\u043D-\u0421\u0440-\u041F\u0442\\\u0421\u0432\u0435\u0440\u043A\u0430 \u0434\u0430\u0448\u0431\u043E\u0440\u0434\u043E\u0432 \u0438\u0437 \u0440\u0430\u0437\u043D\u044B\u0445 \u0431\u043B\u043E\u043A\u043E\u0432\\20250303_115140\\execution0.log, C:\\Users\\LIAZGINA-DI\\git\\SPORU\\Reports\\20250303_115140\\\u041F\u043D-\u0421\u0440-\u041F\u0442\\\u0421\u0432\u0435\u0440\u043A\u0430 \u0434\u0430\u0448\u0431\u043E\u0440\u0434\u043E\u0432 \u0438\u0437 \u0440\u0430\u0437\u043D\u044B\u0445 \u0431\u043B\u043E\u043A\u043E\u0432\\20250303_115140\\execution1.log, C:\\Users\\LIAZGINA-DI\\git\\SPORU\\Reports\\20250303_115140\\\u041F\u043D-\u0421\u0440-\u041F\u0442\\\u0421\u0432\u0435\u0440\u043A\u0430 \u0434\u0430\u0448\u0431\u043E\u0440\u0434\u043E\u0432 \u0438\u0437 \u0440\u0430\u0437\u043D\u044B\u0445 \u0431\u043B\u043E\u043A\u043E\u0432\\20250303_115140\\execution2.log"/>
         <property name="attachments" value="C:\\Users\\LIAZGINA-DI\\git\\SPORU\\Reports\\20250303_115140\\\u041F\u043D-\u0421\u0440-\u041F\u0442\\\u0421\u0432\u0435\u0440\u043A\u0430 \u0434\u0430\u0448\u0431\u043E\u0440\u0434\u043E\u0432 \u0438\u0437 \u0440\u0430\u0437\u043D\u044B\u0445 \u0431\u043B\u043E\u043A\u043E\u0432\\20250303_115140\\1740992162043.png, C:\\Users\\LIAZGINA-DI\\git\\SPORU\\Reports\\20250303_115140\\\u041F\u043D-\u0421\u0440-\u041F\u0442\\\u0421\u0432\u0435\u0440\u043A\u0430 \u0434\u0430\u0448\u0431\u043E\u0440\u0434\u043E\u0432 \u0438\u0437 \u0440\u0430\u0437\u043D\u044B\u0445 \u0431\u043B\u043E\u043A\u043E\u0432\\20250303_115140\\1740997216623.png"/>
         <property name="hostName" value="liazgina-di - UVV-WS904-D.ot.ru"/>
         <property name="os" value="Windows 10 64bit"/>
         <property name="katalonVersion" value="9.5.0.217"/>
         <property name="browser" value="Chrome 133.0.0.0"/>
         <property name="hostAddress" value="192.168.0.19"/>
         <property name="sessionId" value="3d136b6c3caaaa0840eb0cf60083e31d"/>
         <property name="seleniumVersion" value="3.141.59"/>
         <property name="proxyInformation" value="ProxyInformation { proxyOption=NO_PROXY, proxyServerType=HTTP, username=, password=********, proxyServerAddress=, proxyServerPort=0, executionList=&quot;&quot;, isApplyToDesiredCapabilities=true }"/>
         <property name="platform" value="Windows 10"/>
      </properties>
      <testcase name="Test Cases/Сверки дашбордов/Выполнение бизнес-плана сверка дашбордов" time="257.502" classname="Test Cases/Сверки дашбордов/Выполнение бизнес-плана сверка дашбордов" status="FAILED">
         <failure type="FAILED" message="Test Cases/Сверки дашбордов/Выполнение бизнес-плана сверка дашбордов FAILED.&#xa;Reason:&#xa;com.kms.katalon.core.exception.StepFailedException: Unable to get text of object 'Object Repository/Выполнение бизнес-плана/Значения со страницы Выполнение бизнес-плана/Table Data/Факт Потери за отчётный период 1' (Root cause: com.kms.katalon.core.exception.StepFailedException: Unable to get text of object 'Object Repository/Выполнение бизнес-плана/Значения со страницы Выполнение бизнес-плана/Table Data/Факт Потери за отчётный период 1'&#xa;	at com.kms.katalon.core.webui.keyword.internal.WebUIKeywordMain.stepFailed(WebUIKeywordMain.groovy:64)&#xa;	at com.kms.katalon.core.webui.keyword.internal.WebUIKeywordMain.runKeyword(WebUIKeywordMain.groovy:26)&#xa;	at com.kms.katalon.core.webui.keyword.builtin.GetTextKeyword.getText(GetTextKeyword.groovy:88)&#xa;	at com.kms.katalon.core.webui.keyword.builtin.GetTextKeyword.execute(GetTextKeyword.groovy:67)&#xa;	at com.kms.katalon.core.keyword.internal.KeywordExecutor.executeKeywordForPlatform(KeywordExecutor.groovy:74)&#xa;	at com.kms.katalon.core.webui.keyword.WebUiBuiltInKeywords.getText(WebUiBuiltInKeywords.groovy:957)&#xa;	at Выполнение бизнес-плана сверка дашбордов.GetAllData(Выполнение бизнес-плана сверка дашбордов:970)&#xa;	at Выполнение бизнес-плана сверка дашбордов.run(Выполнение бизнес-плана сверка дашбордов:156)&#xa;	at com.kms.katalon.core.main.ScriptEngine.run(ScriptEngine.java:194)&#xa;	at com.kms.katalon.core.main.ScriptEngine.runScriptAsRawText(ScriptEngine.java:119)&#xa;	at com.kms.katalon.core.main.TestCaseExecutor.runScript(TestCaseExecutor.java:448)&#xa;	at com.kms.katalon.core.main.TestCaseExecutor.doExecute(TestCaseExecutor.java:439)&#xa;	at com.kms.katalon.core.main.TestCaseExecutor.processExecutionPhase(TestCaseExecutor.java:418)&#xa;	at com.kms.katalon.core.main.TestCaseExecutor.accessMainPhase(TestCaseExecutor.java:410)&#xa;	at com.kms.katalon.core.main.TestCaseExecutor.execute(TestCaseExecutor.java:285)&#xa;	at com.kms.katalon.core.common.CommonExecutor.accessTestCaseMainPhase(CommonExecutor.java:65)&#xa;	at com.kms.katalon.core.main.TestSuiteExecutor.accessTestSuiteMainPhase(TestSuiteExecutor.java:150)&#xa;	at com.kms.katalon.core.main.TestSuiteExecutor.execute(TestSuiteExecutor.java:106)&#xa;	at com.kms.katalon.core.main.TestCaseMain.startTestSuite(TestCaseMain.java:180)&#xa;	at TempTestSuite1740991900055.run(TempTestSuite1740991900055.groovy:35)&#xa;	at java.base/jdk.internal.reflect.NativeMethodAccessorImpl.invoke0(Native Method)&#xa;	at java.base/jdk.internal.reflect.NativeMethodAccessorImpl.invoke(NativeMethodAccessorImpl.java:77)&#xa;	at java.base/jdk.internal.reflect.DelegatingMethodAccessorImpl.invoke(DelegatingMethodAccessorImpl.java:43)&#xa;Caused by: com.kms.katalon.core.webui.exception.WebElementNotFoundException: Web element with id: 'Object Repository/Выполнение бизнес-плана/Значения со страницы Выполнение бизнес-плана/Table Data/Факт Потери за отчётный период 1' located by '(.//*[normalize-space(text()) and normalize-space(.)='Показатели баланса электроэнергии по ДЗО – Факт'])[2]/following::td[35]' not found&#xa;	at com.kms.katalon.core.webui.common.WebUiCommonHelper.findWebElement(WebUiCommonHelper.java:1426)&#xa;	at com.kms.katalon.core.webui.keyword.internal.WebUIAbstractKeyword.findWebElement(WebUIAbstractKeyword.groovy:27)&#xa;	at com.kms.katalon.core.webui.keyword.internal.WebUIAbstractKeyword.findWebElement(WebUIAbstractKeyword.groovy:26)&#xa;	at com.kms.katalon.core.webui.keyword.builtin.GetTextKeyword$_getText_closure1.doCall(GetTextKeyword.groovy:78)&#xa;	at com.kms.katalon.core.webui.keyword.builtin.GetTextKeyword$_getText_closure1.call(GetTextKeyword.groovy)&#xa;	at com.kms.katalon.core.webui.keyword.internal.WebUIKeywordMain.runKeyword(WebUIKeywordMain.groovy:20)&#xa;	at com.kms.katalon.core.webui.keyword.builtin.GetTextKeyword.getText(GetTextKeyword.groovy:88)&#xa;	at com.kms.katalon.core.webui.keyword.builtin.GetTextKeyword.execute(GetTextKeyword.groovy:67)&#xa;	at com.kms.katalon.core.keyword.internal.KeywordExecutor.executeKeywordForPlatform(KeywordExecutor.groovy:74)&#xa;	at com.kms.katalon.core.webui.keyword.WebUiBuiltInKeywords.getText(WebUiBuiltInKeywords.groovy:957)&#xa;	at Script1719299571342.GetAllData(Script1719299571342.groovy:970)&#xa;	at Script1719299571342.run(Script1719299571342.groovy:156)&#xa;	... 15 more&#xa;)&#xa;	at com.kms.katalon.core.keyword.internal.KeywordMain.stepFailed(KeywordMain.groovy:39)&#xa;	at com.kms.katalon.core.webui.keyword.internal.WebUIKeywordMain.stepFailed(WebUIKeywordMain.groovy:64)&#xa;	at com.kms.katalon.core.webui.keyword.internal.WebUIKeywordMain.runKeyword(WebUIKeywordMain.groovy:26)&#xa;	at com.kms.katalon.core.webui.keyword.builtin.GetTextKeyword.getText(GetTextKeyword.groovy:88)&#xa;	at com.kms.katalon.core.webui.keyword.builtin.GetTextKeyword.execute(GetTextKeyword.groovy:67)&#xa;	at com.kms.katalon.core.keyword.internal.KeywordExecutor.executeKeywordForPlatform(KeywordExecutor.groovy:74)&#xa;	at com.kms.katalon.core.webui.keyword.WebUiBuiltInKeywords.getText(WebUiBuiltInKeywords.groovy:957)&#xa;	at Выполнение бизнес-плана сверка дашбордов.GetAllData(Выполнение бизнес-плана сверка дашбордов:970)&#xa;	at Выполнение бизнес-плана сверка дашбордов.run(Выполнение бизнес-плана сверка дашбордов:156)&#xa;	at com.kms.katalon.core.main.ScriptEngine.run(ScriptEngine.java:194)&#xa;	at com.kms.katalon.core.main.ScriptEngine.runScriptAsRawText(ScriptEngine.java:119)&#xa;	at com.kms.katalon.core.main.TestCaseExecutor.runScript(TestCaseExecutor.java:448)&#xa;	at com.kms.katalon.core.main.TestCaseExecutor.doExecute(TestCaseExecutor.java:439)&#xa;	at com.kms.katalon.core.main.TestCaseExecutor.processExecutionPhase(TestCaseExecutor.java:418)&#xa;	at com.kms.katalon.core.main.TestCaseExecutor.accessMainPhase(TestCaseExecutor.java:410)&#xa;	at com.kms.katalon.core.main.TestCaseExecutor.execute(TestCaseExecutor.java:285)&#xa;	at com.kms.katalon.core.common.CommonExecutor.accessTestCaseMainPhase(CommonExecutor.java:65)&#xa;	at com.kms.katalon.core.main.TestSuiteExecutor.accessTestSuiteMainPhase(TestSuiteExecutor.java:150)&#xa;	at com.kms.katalon.core.main.TestSuiteExecutor.execute(TestSuiteExecutor.java:106)&#xa;	at com.kms.katalon.core.main.TestCaseMain.startTestSuite(TestCaseMain.java:180)&#xa;	at TempTestSuite1740991900055.run(TempTestSuite1740991900055.groovy:35)&#xa;	at java.base/jdk.internal.reflect.NativeMethodAccessorImpl.invoke0(Native Method)&#xa;	at java.base/jdk.internal.reflect.NativeMethodAccessorImpl.invoke(NativeMethodAccessorImpl.java:77)&#xa;	at java.base/jdk.internal.reflect.DelegatingMethodAccessorImpl.invoke(DelegatingMethodAccessorImpl.java:43)&#xa;Caused by: com.kms.katalon.core.exception.StepFailedException: Unable to get text of object 'Object Repository/Выполнение бизнес-плана/Значения со страницы Выполнение бизнес-плана/Table Data/Факт Потери за отчётный период 1'&#xa;	... 23 more&#xa;Caused by: com.kms.katalon.core.webui.exception.WebElementNotFoundException: Web element with id: 'Object Repository/Выполнение бизнес-плана/Значения со страницы Выполнение бизнес-плана/Table Data/Факт Потери за отчётный период 1' located by '(.//*[normalize-space(text()) and normalize-space(.)='Показатели баланса электроэнергии по ДЗО – Факт'])[2]/following::td[35]' not found&#xa;	at com.kms.katalon.core.webui.common.WebUiCommonHelper.findWebElement(WebUiCommonHelper.java:1426)&#xa;	at com.kms.katalon.core.webui.keyword.internal.WebUIAbstractKeyword.findWebElement(WebUIAbstractKeyword.groovy:27)&#xa;	at com.kms.katalon.core.webui.keyword.internal.WebUIAbstractKeyword.findWebElement(WebUIAbstractKeyword.groovy:26)&#xa;	at com.kms.katalon.core.webui.keyword.builtin.GetTextKeyword$_getText_closure1.doCall(GetTextKeyword.groovy:78)&#xa;	at com.kms.katalon.core.webui.keyword.builtin.GetTextKeyword$_getText_closure1.call(GetTextKeyword.groovy)&#xa;	at com.kms.katalon.core.webui.keyword.internal.WebUIKeywordMain.runKeyword(WebUIKeywordMain.groovy:20)&#xa;	... 21 more&#xa;"/>
         <system-out><![CDATA[03-03-2025T11:51:44 - [TEST_CASE][FAILED] - Test Cases/Сверки дашбордов/Выполнение бизнес-плана сверка дашбордов: Test Cases/Сверки дашбордов/Выполнение бизнес-плана сверка дашбордов FAILED.
Reason:
com.kms.katalon.core.exception.StepFailedException: Unable to get text of object 'Object Repository/Выполнение бизнес-плана/Значения со страницы Выполнение бизнес-плана/Table Data/Факт Потери за отчётный период 1' (Root cause: com.kms.katalon.core.exception.StepFailedException: Unable to get text of object 'Object Repository/Выполнение бизнес-плана/Значения со страницы Выполнение бизнес-плана/Table Data/Факт Потери за отчётный период 1'
	at com.kms.katalon.core.webui.keyword.internal.WebUIKeywordMain.stepFailed(WebUIKeywordMain.groovy:64)
	at com.kms.katalon.core.webui.keyword.internal.WebUIKeywordMain.runKeyword(WebUIKeywordMain.groovy:26)
	at com.kms.katalon.core.webui.keyword.builtin.GetTextKeyword.getText(GetTextKeyword.groovy:88)
	at com.kms.katalon.core.webui.keyword.builtin.GetTextKeyword.execute(GetTextKeyword.groovy:67)
	at com.kms.katalon.core.keyword.internal.KeywordExecutor.executeKeywordForPlatform(KeywordExecutor.groovy:74)
	at com.kms.katalon.core.webui.keyword.WebUiBuiltInKeywords.getText(WebUiBuiltInKeywords.groovy:957)
	at Выполнение бизнес-плана сверка дашбордов.GetAllData(Выполнение бизнес-плана сверка дашбордов:970)
	at Выполнение бизнес-плана сверка дашбордов.run(Выполнение бизнес-плана сверка дашбордов:156)
	at com.kms.katalon.core.main.ScriptEngine.run(ScriptEngine.java:194)
	at com.kms.katalon.core.main.ScriptEngine.runScriptAsRawText(ScriptEngine.java:119)
	at com.kms.katalon.core.main.TestCaseExecutor.runScript(TestCaseExecutor.java:448)
	at com.kms.katalon.core.main.TestCaseExecutor.doExecute(TestCaseExecutor.java:439)
	at com.kms.katalon.core.main.TestCaseExecutor.processExecutionPhase(TestCaseExecutor.java:418)
	at com.kms.katalon.core.main.TestCaseExecutor.accessMainPhase(TestCaseExecutor.java:410)
	at com.kms.katalon.core.main.TestCaseExecutor.execute(TestCaseExecutor.java:285)
	at com.kms.katalon.core.common.CommonExecutor.accessTestCaseMainPhase(CommonExecutor.java:65)
	at com.kms.katalon.core.main.TestSuiteExecutor.accessTestSuiteMainPhase(TestSuiteExecutor.java:150)
	at com.kms.katalon.core.main.TestSuiteExecutor.execute(TestSuiteExecutor.java:106)
	at com.kms.katalon.core.main.TestCaseMain.startTestSuite(TestCaseMain.java:180)
	at TempTestSuite1740991900055.run(TempTestSuite1740991900055.groovy:35)
	at java.base/jdk.internal.reflect.NativeMethodAccessorImpl.invoke0(Native Method)
	at java.base/jdk.internal.reflect.NativeMethodAccessorImpl.invoke(NativeMethodAccessorImpl.java:77)
	at java.base/jdk.internal.reflect.DelegatingMethodAccessorImpl.invoke(DelegatingMethodAccessorImpl.java:43)
Caused by: com.kms.katalon.core.webui.exception.WebElementNotFoundException: Web element with id: 'Object Repository/Выполнение бизнес-плана/Значения со страницы Выполнение бизнес-плана/Table Data/Факт Потери за отчётный период 1' located by '(.//*[normalize-space(text()) and normalize-space(.)='Показатели баланса электроэнергии по ДЗО – Факт'])[2]/following::td[35]' not found
	at com.kms.katalon.core.webui.common.WebUiCommonHelper.findWebElement(WebUiCommonHelper.java:1426)
	at com.kms.katalon.core.webui.keyword.internal.WebUIAbstractKeyword.findWebElement(WebUIAbstractKeyword.groovy:27)
	at com.kms.katalon.core.webui.keyword.internal.WebUIAbstractKeyword.findWebElement(WebUIAbstractKeyword.groovy:26)
	at com.kms.katalon.core.webui.keyword.builtin.GetTextKeyword$_getText_closure1.doCall(GetTextKeyword.groovy:78)
	at com.kms.katalon.core.webui.keyword.builtin.GetTextKeyword$_getText_closure1.call(GetTextKeyword.groovy)
	at com.kms.katalon.core.webui.keyword.internal.WebUIKeywordMain.runKeyword(WebUIKeywordMain.groovy:20)
	at com.kms.katalon.core.webui.keyword.builtin.GetTextKeyword.getText(GetTextKeyword.groovy:88)
	at com.kms.katalon.core.webui.keyword.builtin.GetTextKeyword.execute(GetTextKeyword.groovy:67)
	at com.kms.katalon.core.keyword.internal.KeywordExecutor.executeKeywordForPlatform(KeywordExecutor.groovy:74)
	at com.kms.katalon.core.webui.keyword.WebUiBuiltInKeywords.getText(WebUiBuiltInKeywords.groovy:957)
	at Script1719299571342.GetAllData(Script1719299571342.groovy:970)
	at Script1719299571342.run(Script1719299571342.groovy:156)
	... 15 more
)
	at com.kms.katalon.core.keyword.internal.KeywordMain.stepFailed(KeywordMain.groovy:39)
	at com.kms.katalon.core.webui.keyword.internal.WebUIKeywordMain.stepFailed(WebUIKeywordMain.groovy:64)
	at com.kms.katalon.core.webui.keyword.internal.WebUIKeywordMain.runKeyword(WebUIKeywordMain.groovy:26)
	at com.kms.katalon.core.webui.keyword.builtin.GetTextKeyword.getText(GetTextKeyword.groovy:88)
	at com.kms.katalon.core.webui.keyword.builtin.GetTextKeyword.execute(GetTextKeyword.groovy:67)
	at com.kms.katalon.core.keyword.internal.KeywordExecutor.executeKeywordForPlatform(KeywordExecutor.groovy:74)
	at com.kms.katalon.core.webui.keyword.WebUiBuiltInKeywords.getText(WebUiBuiltInKeywords.groovy:957)
	at Выполнение бизнес-плана сверка дашбордов.GetAllData(Выполнение бизнес-плана сверка дашбордов:970)
	at Выполнение бизнес-плана сверка дашбордов.run(Выполнение бизнес-плана сверка дашбордов:156)
	at com.kms.katalon.core.main.ScriptEngine.run(ScriptEngine.java:194)
	at com.kms.katalon.core.main.ScriptEngine.runScriptAsRawText(ScriptEngine.java:119)
	at com.kms.katalon.core.main.TestCaseExecutor.runScript(TestCaseExecutor.java:448)
	at com.kms.katalon.core.main.TestCaseExecutor.doExecute(TestCaseExecutor.java:439)
	at com.kms.katalon.core.main.TestCaseExecutor.processExecutionPhase(TestCaseExecutor.java:418)
	at com.kms.katalon.core.main.TestCaseExecutor.accessMainPhase(TestCaseExecutor.java:410)
	at com.kms.katalon.core.main.TestCaseExecutor.execute(TestCaseExecutor.java:285)
	at com.kms.katalon.core.common.CommonExecutor.accessTestCaseMainPhase(CommonExecutor.java:65)
	at com.kms.katalon.core.main.TestSuiteExecutor.accessTestSuiteMainPhase(TestSuiteExecutor.java:150)
	at com.kms.katalon.core.main.TestSuiteExecutor.execute(TestSuiteExecutor.java:106)
	at com.kms.katalon.core.main.TestCaseMain.startTestSuite(TestCaseMain.java:180)
	at TempTestSuite1740991900055.run(TempTestSuite1740991900055.groovy:35)
	at java.base/jdk.internal.reflect.NativeMethodAccessorImpl.invoke0(Native Method)
	at java.base/jdk.internal.reflect.NativeMethodAccessorImpl.invoke(NativeMethodAccessorImpl.java:77)
	at java.base/jdk.internal.reflect.DelegatingMethodAccessorImpl.invoke(DelegatingMethodAccessorImpl.java:43)
Caused by: com.kms.katalon.core.exception.StepFailedException: Unable to get text of object 'Object Repository/Выполнение бизнес-плана/Значения со страницы Выполнение бизнес-плана/Table Data/Факт Потери за отчётный период 1'
	... 23 more
Caused by: com.kms.katalon.core.webui.exception.WebElementNotFoundException: Web element with id: 'Object Repository/Выполнение бизнес-плана/Значения со страницы Выполнение бизнес-плана/Table Data/Факт Потери за отчётный период 1' located by '(.//*[normalize-space(text()) and normalize-space(.)='Показатели баланса электроэнергии по ДЗО – Факт'])[2]/following::td[35]' not found
	at com.kms.katalon.core.webui.common.WebUiCommonHelper.findWebElement(WebUiCommonHelper.java:1426)
	at com.kms.katalon.core.webui.keyword.internal.WebUIAbstractKeyword.findWebElement(WebUIAbstractKeyword.groovy:27)
	at com.kms.katalon.core.webui.keyword.internal.WebUIAbstractKeyword.findWebElement(WebUIAbstractKeyword.groovy:26)
	at com.kms.katalon.core.webui.keyword.builtin.GetTextKeyword$_getText_closure1.doCall(GetTextKeyword.groovy:78)
	at com.kms.katalon.core.webui.keyword.builtin.GetTextKeyword$_getText_closure1.call(GetTextKeyword.groovy)
	at com.kms.katalon.core.webui.keyword.internal.WebUIKeywordMain.runKeyword(WebUIKeywordMain.groovy:20)
	... 21 more


03-03-2025T11:51:45 - [TEST_STEP][PASSED] - date = new java.util.Date(): null

03-03-2025T11:51:45 - [TEST_STEP][PASSED] - todaysDate = date.format("dd.MM.yyyy"): null

03-03-2025T11:51:45 - [TEST_STEP][PASSED] - blockNum = <not implemented yet for class: org.codehaus.groovy.ast.expr.EmptyExpression>: null

03-03-2025T11:51:45 - [TEST_STEP][PASSED] - path = <not implemented yet for class: org.codehaus.groovy.ast.expr.EmptyExpression>: null

03-03-2025T11:51:45 - [TEST_STEP][PASSED] - typeOfData = <not implemented yet for class: org.codehaus.groovy.ast.expr.EmptyExpression>: null

03-03-2025T11:51:45 - [TEST_STEP][PASSED] - i = <not implemented yet for class: org.codehaus.groovy.ast.expr.EmptyExpression>: null

03-03-2025T11:51:45 - [TEST_STEP][PASSED] - dZO = <not implemented yet for class: org.codehaus.groovy.ast.expr.EmptyExpression>: null

03-03-2025T11:51:45 - [TEST_STEP][PASSED] - vidget = <not implemented yet for class: org.codehaus.groovy.ast.expr.EmptyExpression>: null

03-03-2025T11:51:45 - [TEST_STEP][PASSED] - tabR = <not implemented yet for class: org.codehaus.groovy.ast.expr.EmptyExpression>: null

03-03-2025T11:51:46 - [TEST_STEP][PASSED] - tabB = <not implemented yet for class: org.codehaus.groovy.ast.expr.EmptyExpression>: null

03-03-2025T11:51:46 - [TEST_STEP][PASSED] - o1R = <not implemented yet for class: org.codehaus.groovy.ast.expr.EmptyExpression>: null

03-03-2025T11:51:46 - [TEST_STEP][PASSED] - o1B = <not implemented yet for class: org.codehaus.groovy.ast.expr.EmptyExpression>: null

03-03-2025T11:51:46 - [TEST_STEP][PASSED] - PercPlanR = <not implemented yet for class: org.codehaus.groovy.ast.expr.EmptyExpression>: null

03-03-2025T11:51:46 - [TEST_STEP][PASSED] - PercPlanB = <not implemented yet for class: org.codehaus.groovy.ast.expr.EmptyExpression>: null

03-03-2025T11:51:46 - [TEST_STEP][PASSED] - PercFactR = <not implemented yet for class: org.codehaus.groovy.ast.expr.EmptyExpression>: null

03-03-2025T11:51:46 - [TEST_STEP][PASSED] - PercFactB = <not implemented yet for class: org.codehaus.groovy.ast.expr.EmptyExpression>: null

03-03-2025T11:51:46 - [TEST_STEP][PASSED] - pRR = "ПАО Россети/": null

03-03-2025T11:51:46 - [TEST_STEP][PASSED] - fR = "Россети ФСК ЕЭС/": null

03-03-2025T11:51:46 - [TEST_STEP][PASSED] - tyR = "АО "Тываэнерго"/": null

03-03-2025T11:51:46 - [TEST_STEP][PASSED] - chR = "Чеченэнерго": null

03-03-2025T11:51:46 - [TEST_STEP][PASSED] - vR = "Россети Волга/": null

03-03-2025T11:51:46 - [TEST_STEP][PASSED] - kR = "Россети Кубань/": null

03-03-2025T11:51:46 - [TEST_STEP][PASSED] - lR = "Россети Ленэнерго (ГК)/": null

03-03-2025T11:51:46 - [TEST_STEP][PASSED] - mR = "Россети Московский регион/": null

03-03-2025T11:51:46 - [TEST_STEP][PASSED] - sKR = "Россети Северный Кавказ (ГК)/": null

03-03-2025T11:51:46 - [TEST_STEP][PASSED] - sZR = "Россети Северо-Запад/": null

03-03-2025T11:51:46 - [TEST_STEP][PASSED] - siR = "Россети Сибирь (ГК)/": null

03-03-2025T11:51:46 - [TEST_STEP][PASSED] - tomR = "Россети Томск/": null

03-03-2025T11:51:46 - [TEST_STEP][PASSED] - tyumR = "Россети Тюмень/": null

03-03-2025T11:51:46 - [TEST_STEP][PASSED] - urR = "Россети Урал (ГК)/": null

03-03-2025T11:51:46 - [TEST_STEP][PASSED] - cenR = "Россети Центр (ГК)/": null

03-03-2025T11:51:46 - [TEST_STEP][PASSED] - cIPR = "Россети Центр и Приволжье (ГК)/": null

03-03-2025T11:51:46 - [TEST_STEP][PASSED] - ugR = "Россети Юг (ГК)/": null

03-03-2025T11:51:46 - [TEST_STEP][PASSED] - yR = "Россети Янтарь/": null

03-03-2025T11:51:46 - [TEST_STEP][PASSED] - pRB = "ПАО Россети/": null

03-03-2025T11:51:46 - [TEST_STEP][PASSED] - fB = "Россети ФСК ЕЭС/": null

03-03-2025T11:51:46 - [TEST_STEP][PASSED] - tyB = "АО "Тываэнерго"/": null

03-03-2025T11:51:46 - [TEST_STEP][PASSED] - chB = "Чеченэнерго": null

03-03-2025T11:51:46 - [TEST_STEP][PASSED] - vB = "Россети Волга/": null

03-03-2025T11:51:46 - [TEST_STEP][PASSED] - kB = "Россети Кубань/": null

03-03-2025T11:51:46 - [TEST_STEP][PASSED] - lB = "Россети Ленэнерго (ГК)/": null

03-03-2025T11:51:46 - [TEST_STEP][PASSED] - mB = "Россети Московский регион/": null

03-03-2025T11:51:46 - [TEST_STEP][PASSED] - sKB = "Россети Северный Кавказ (ГК)/": null

03-03-2025T11:51:46 - [TEST_STEP][PASSED] - sZB = "Россети Северо-Запад/": null

03-03-2025T11:51:46 - [TEST_STEP][PASSED] - siB = "Россети Сибирь (ГК)/": null

03-03-2025T11:51:46 - [TEST_STEP][PASSED] - tomB = "Россети Томск/": null

03-03-2025T11:51:46 - [TEST_STEP][PASSED] - tyumB = "Россети Тюмень/": null

03-03-2025T11:51:46 - [TEST_STEP][PASSED] - urB = "Россети Урал (ГК)/": null

03-03-2025T11:51:46 - [TEST_STEP][PASSED] - cenB = "Россети Центр (ГК)/": null

03-03-2025T11:51:46 - [TEST_STEP][PASSED] - cIPB = "Россети Центр и Приволжье (ГК)/": null

03-03-2025T11:51:46 - [TEST_STEP][PASSED] - ugB = "Россети Юг (ГК)/": null

03-03-2025T11:51:46 - [TEST_STEP][PASSED] - yB = "Россети Янтарь/": null

03-03-2025T11:51:46 - [TEST_STEP][PASSED] - VseDZO = <not implemented yet for class: org.codehaus.groovy.ast.expr.EmptyExpression>: null

03-03-2025T11:51:46 - [TEST_STEP][PASSED] - a = <not implemented yet for class: org.codehaus.groovy.ast.expr.EmptyExpression>: null

03-03-2025T11:51:46 - [TEST_STEP][PASSED] - b = <not implemented yet for class: org.codehaus.groovy.ast.expr.EmptyExpression>: null

03-03-2025T11:51:46 - [TEST_STEP][PASSED] - dZONum = 0: null

03-03-2025T11:51:46 - [TEST_STEP][PASSED] - x = <not implemented yet for class: org.codehaus.groovy.ast.expr.EmptyExpression>: null

03-03-2025T11:51:46 - [TEST_STEP][PASSED] - blockNum = 1: null

03-03-2025T11:51:46 - [TEST_STEP][PASSED] - path = "Object Repository/Выполнение бизнес-плана/": null

03-03-2025T11:51:46 - [TEST_STEP][PASSED] - Script1719299571342.Presettings(blockNum, path): null

03-03-2025T11:51:46 - [TEST_STEP][PASSED] - blockNumber = <not implemented yet for class: org.codehaus.groovy.ast.expr.EmptyExpression>: null

03-03-2025T11:51:46 - [TEST_STEP][PASSED] - urlText = <not implemented yet for class: org.codehaus.groovy.ast.expr.EmptyExpression>: null

03-03-2025T11:51:46 - [TEST_STEP][PASSED] - searchWord = <not implemented yet for class: org.codehaus.groovy.ast.expr.EmptyExpression>: null

03-03-2025T11:51:46 - [TEST_STEP][PASSED] - i = <not implemented yet for class: org.codehaus.groovy.ast.expr.EmptyExpression>: null

03-03-2025T11:51:46 - [TEST_STEP][PASSED] - ii = <not implemented yet for class: org.codehaus.groovy.ast.expr.EmptyExpression>: null

03-03-2025T11:51:46 - [TEST_STEP][PASSED] - openBrowser(""): Browser is opened with url: ''

03-03-2025T11:51:46 - [MESSAGE][INFO] - Starting 'Chrome' driver

03-03-2025T11:51:46 - [MESSAGE][INFO] - Action delay is set to 0 milliseconds

03-03-2025T11:51:48 - [MESSAGE][PASSED] - Browser is opened with url: ''

03-03-2025T11:51:48 - [TEST_STEP][PASSED] - if (blockNum == 1): null

03-03-2025T11:51:48 - [TEST_STEP][PASSED] - path = "Object Repository/Выполнение бизнес-плана/": null

03-03-2025T11:51:48 - [TEST_STEP][PASSED] - blockNumber = 1: null

03-03-2025T11:51:48 - [TEST_STEP][PASSED] - navigateToUrl(findTestData("PlanFact").getValue(10, blockNumber)): Navigate to 'https://bi.rosseti.digital/viewer?dashboardGuid=d154a8eaf6824e2b9de1bb04dd061c18&sheetGuid=1305e8ce744049e1abdacea1ea397a26&fit=true' successfully

03-03-2025T11:52:02 - [MESSAGE][PASSED] - Navigate to 'https://bi.rosseti.digital/viewer?dashboardGuid=d154a8eaf6824e2b9de1bb04dd061c18&sheetGuid=1305e8ce744049e1abdacea1ea397a26&fit=true' successfully

03-03-2025T11:52:02 - [TEST_STEP][PASSED] - urlText = getText(findTestObject("Страница авторизации/Text")): Text of object 'Object Repository/Страница авторизации/Text' is: 'Вход'

03-03-2025T11:52:02 - [MESSAGE][PASSED] - Text of object 'Object Repository/Страница авторизации/Text' is: 'Вход'

03-03-2025T11:52:02 - [TEST_STEP][PASSED] - delay(10): Delayed 10 second(s)

03-03-2025T11:52:12 - [MESSAGE][PASSED] - Delayed 10 second(s)

03-03-2025T11:52:12 - [TEST_STEP][PASSED] - searchWord = "Вход": null

03-03-2025T11:52:12 - [TEST_STEP][PASSED] - if (urlText.contains(searchWord) == false): null

03-03-2025T11:52:12 - [TEST_STEP][PASSED] - setText(findTestObject("Страница авторизации/input__username"), findTestData("PlanFact").getValue(8, 1)): Text 'liazgina-di' is set on object 'Object Repository/Страница авторизации/input__username'

03-03-2025T11:52:13 - [MESSAGE][PASSED] - Text 'liazgina-di' is set on object 'Object Repository/Страница авторизации/input__username'

03-03-2025T11:52:13 - [TEST_STEP][PASSED] - setText(findTestObject("Страница авторизации/input__password"), findTestData("PlanFact").getValue(9, 1)): Text ')$%5srZ8o688Dm#q' is set on object 'Object Repository/Страница авторизации/input__password'

03-03-2025T11:52:14 - [MESSAGE][PASSED] - Text ')$%5srZ8o688Dm#q' is set on object 'Object Repository/Страница авторизации/input__password'

03-03-2025T11:52:14 - [TEST_STEP][PASSED] - click(findTestObject("Страница авторизации/button_")): Object: 'Object Repository/Страница авторизации/button_' is clicked on

03-03-2025T11:52:21 - [MESSAGE][PASSED] - Object: 'Object Repository/Страница авторизации/button_' is clicked on

03-03-2025T11:52:21 - [TEST_STEP][PASSED] - delay(50): Delayed 50 second(s)

03-03-2025T11:53:11 - [MESSAGE][PASSED] - Delayed 50 second(s)

03-03-2025T11:53:11 - [TEST_STEP][PASSED] - searchWord = "ДЗО": null

03-03-2025T11:53:11 - [TEST_STEP][PASSED] - urlText = getText(findTestObject("Страница авторизации/Text")): Text of object 'Object Repository/Страница авторизации/Text' is: 'ДЗО 
ПАО Россети
Период
Январь 2025 года
Отклонения фактического уровня потерь от бизнес-плана, п.п.
-0.01
-0.92
-0.43
-2.45
Россети ФСК ЕЭС
Россети Волга
Россети Московский регион
Россети Янтарь
-4
-2
0
2
4
6
8

Уровень потерь электроэнергии
Россети ФСК ЕЭС
Россети Волга
Россети Московский регион
Россети Янтарь
0
10
20
30
40
50
60
70
4.01
|
6.39
|
9.74
|
12.35
|
4.00
5.47
9.32
9.90
п.п.
3.68
Итого
0
2
4
%
4.88 4.88
8.56 8.56
План
Факт
1
100

● Бизнес-план выполнен● ●● Превышение бизнес-плана
Отклонения фактического уровня потерь от бизнес-плана за 3 месяца (нарастающим итогом), п.п.
-0.2-0.2
-8.3-8.3
3.13.1
-0.4-0.4
-0.6-0.6
-0.0-0.0
0.20.2
3.93.9
-0.4-0.4
-8.8-8.8
-0.0-0.0
0.20.2
-0.2-0.2
-0.5-0.5
-0.3-0.3
-0.5-0.5
-0.1-0.1
-0.2-0.2
-8.4-8.4
2.92.9
-0.4-0.4
-0.5-0.5
-0.0-0.0
0.20.2
3.83.8
-0.3-0.3
-7.9-7.9
-0.0-0.0
0.20.2
-0.2-0.2
-0.5-0.5
-0.2-0.2
-0.3-0.3
-0.1-0.1
-0.0-0.0
-0.9-0.9
-0.4-0.4
-2.4-2.4
Россети ФСКЕЭС
АО«Тываэнерго»
АО«Чеченэнерго»
Россети Волга
РоссетиКубань
РоссетиЛенэнерго(ГК)
РоссетиМосковскийрегион
РоссетиСеверныйКавказ (ГК)
Россети Северо-Запад
Россети Сибирь(ГК)
Россети Томск
Россети Тюмень
Россети Урал(ГК)
Россети Центр
Россети Центри Приволжье(ГК)
Россети Юг (Г…
РоссетиЯнтарь
-10
0
10
п.п.
Отклонения фактического уровня потерь от бизнес-плана за 3 месяца (нарастающим итогом)
-0.2-0.2
-1.5-1.5
-0.1-0.1
-0.6-0.6
-95.8-95.8
-0.0-0.0
-0.7-0.7
1.31.3
-0.5-0.5
-0.2-0.2
-90.8-90.8
0.10.1
-0.4-0.4
0.10.1
0.00.0
-0.1-0.1
-0.2-0.2
-0.3-0.3
-0.6-0.6
-0.1-0.1
-0.0-0.0
-1.2-1.2
-89.4-89.4
-0.5-0.5
-90.2-90.2
-0.4-0.4
-1.0-1.0
-0.0-0.0
-0.7-0.7
-80.6-80.6
-1.0-1.0
-0.4-0.4
-0.1-0.1
-0.2-0.2
-0.8-0.8
-1.0-1.0
-0.2-0.2
-0.5-0.5
-1.2-1.2
0.00.0
-7.3-7.3
-0.0-0.0
-0.3-0.3
-1.3-1.3
-0.2-0.2
-0.5-0.5
-43.5-43.5
-1.0-1.0
-0.0-0.0
1.21.2
1.51.5
-0.7-0.7
1.21.2
-0.5-0.5
0.50.5
-0.2-0.2
0.10.1
-40.4-40.4
0.70.7
-0.0-0.0
-0.4-0.4
-0.0-0.0
-0.1-0.1
0.20.2
-0.1-0.1
-0.1-0.1
-0.4-0.4
-0.4-0.4
-0.6-0.6
-0.1-0.1
-1.9-1.9
0.00.0
-0.6-0.6
1.21.2
0.70.7
-0.0-0.0
2.72.7
0.40.4
-1.3-1.3
-44.7-44.7
-0.4-0.4
-37.3-37.3
-0.7-0.7
2.32.3
-0.9-0.9
-0.0-0.0
-0.4-0.4
-39.6-39.6
-0.4-0.4
1.91.9
1.31.3
9.99.9
-0.7-0.7
-0.4-0.4
-0.6-0.6
-0.1-0.1
0.10.1
-1.3-1.3
0.90.9
0.90.9
2.12.1
-0.8-0.8
-0.8-0.8
-0.3-0.3
9.99.9
0.50.5
10.310.3
Итого по ФС…
Каббалкэнерго
Калмэнерго
Калугаэнерго
Карачаево-Черкесскэнерго
Карельский филиал
Кировэнерго
Костромаэнерго
Красноярскэнерго
Кубаньэнерго
Кузбассэнерго-РЭС
Курскэнерго
Ленинградская область
Липецкэнерго
Мариэнерго
Мордовэнерго
Московская область
Мурманский филиал
Нижновэнерго
Новгородский филиал
ООО «БрянскЭлектро»
Омскэнерго
Орелэнерго
Оренбургэнерго
Пензаэнерго
Пермэнерго
Псковский филиал
Россети Тюмень
Россети Янтарь
Ростовэнерго
Рязаньэнерго
Самарские РС
Саратовские РС
Свердловэнерго
Севкавказэнерго
Смоленскэнерго
Ставропольэнерго
Тамбовэнерго
Тверьэнерго
Томская распределительная компания
Тулэнерго
Удмуртэнерго
Ульяновские РС
Хакасэнерго
Челябэнерго
Читаэнерго
Чувашэнерго
Ярэнерго
г. Москва
г. Санкт-Петербург
филиал в Республике Коми
АО "Тываэнерго"
АО «ВМЭС»
АО «Воронежская горэлектросеть»
АО «Тульские городские электрические сети»
АО «Чеченэнерго»
АО «Ярославская электросетевая компания»
АО ЕЭСК
Алтайэнерго
Архангельский филиал
Астраханьэнерго
Белгородэнерго
Брянскэнерго
Бурятэнерго
Владимирэнерго
Волгоградэнерго
Вологодский филиал
Воронежэнерго
Дагэнерго
Ивэнерго
Ингушэнерго
-180
60

Статус данных
Просьба обратить внимание
— все данные не занесены
Факт
План
Итого – Факт
Отпуск в сеть 39 389 522
Отпуск из сети 36 019 520
Потери 3 370 002
Итого – План
У виджета нет данных
Выполнение бизнес-плана в части показателя «Уровень потерь электроэнергии»
Показатели баланса электроэнергии по ДЗО – Факт 
57 256 396 3 856 981 9 778 647 462 838
55 054 236 3 645 880 8 867 734 417 011
2 202 160 211 102 910 913 45 827
Показатели баланса электроэнергии по ДЗО – План
58 806 842 4 033 660 10 346 741 489 942
56 540 011 3 775 836 9 338 688 429 434
2 266 831 257 824 1 008 053 60 508'

03-03-2025T11:53:27 - [MESSAGE][PASSED] - Text of object 'Object Repository/Страница авторизации/Text' is: 'ДЗО 
ПАО Россети
Период
Январь 2025 года
Отклонения фактического уровня потерь от бизнес-плана, п.п.
-0.01
-0.92
-0.43
-2.45
Россети ФСК ЕЭС
Россети Волга
Россети Московский регион
Россети Янтарь
-4
-2
0
2
4
6
8

Уровень потерь электроэнергии
Россети ФСК ЕЭС
Россети Волга
Россети Московский регион
Россети Янтарь
0
10
20
30
40
50
60
70
4.01
|
6.39
|
9.74
|
12.35
|
4.00
5.47
9.32
9.90
п.п.
3.68
Итого
0
2
4
%
4.88 4.88
8.56 8.56
План
Факт
1
100

● Бизнес-план выполнен● ●● Превышение бизнес-плана
Отклонения фактического уровня потерь от бизнес-плана за 3 месяца (нарастающим итогом), п.п.
-0.2-0.2
-8.3-8.3
3.13.1
-0.4-0.4
-0.6-0.6
-0.0-0.0
0.20.2
3.93.9
-0.4-0.4
-8.8-8.8
-0.0-0.0
0.20.2
-0.2-0.2
-0.5-0.5
-0.3-0.3
-0.5-0.5
-0.1-0.1
-0.2-0.2
-8.4-8.4
2.92.9
-0.4-0.4
-0.5-0.5
-0.0-0.0
0.20.2
3.83.8
-0.3-0.3
-7.9-7.9
-0.0-0.0
0.20.2
-0.2-0.2
-0.5-0.5
-0.2-0.2
-0.3-0.3
-0.1-0.1
-0.0-0.0
-0.9-0.9
-0.4-0.4
-2.4-2.4
Россети ФСКЕЭС
АО«Тываэнерго»
АО«Чеченэнерго»
Россети Волга
РоссетиКубань
РоссетиЛенэнерго(ГК)
РоссетиМосковскийрегион
РоссетиСеверныйКавказ (ГК)
Россети Северо-Запад
Россети Сибирь(ГК)
Россети Томск
Россети Тюмень
Россети Урал(ГК)
Россети Центр
Россети Центри Приволжье(ГК)
Россети Юг (Г…
РоссетиЯнтарь
-10
0
10
п.п.
Отклонения фактического уровня потерь от бизнес-плана за 3 месяца (нарастающим итогом)
-0.2-0.2
-1.5-1.5
-0.1-0.1
-0.6-0.6
-95.8-95.8
-0.0-0.0
-0.7-0.7
1.31.3
-0.5-0.5
-0.2-0.2
-90.8-90.8
0.10.1
-0.4-0.4
0.10.1
0.00.0
-0.1-0.1
-0.2-0.2
-0.3-0.3
-0.6-0.6
-0.1-0.1
-0.0-0.0
-1.2-1.2
-89.4-89.4
-0.5-0.5
-90.2-90.2
-0.4-0.4
-1.0-1.0
-0.0-0.0
-0.7-0.7
-80.6-80.6
-1.0-1.0
-0.4-0.4
-0.1-0.1
-0.2-0.2
-0.8-0.8
-1.0-1.0
-0.2-0.2
-0.5-0.5
-1.2-1.2
0.00.0
-7.3-7.3
-0.0-0.0
-0.3-0.3
-1.3-1.3
-0.2-0.2
-0.5-0.5
-43.5-43.5
-1.0-1.0
-0.0-0.0
1.21.2
1.51.5
-0.7-0.7
1.21.2
-0.5-0.5
0.50.5
-0.2-0.2
0.10.1
-40.4-40.4
0.70.7
-0.0-0.0
-0.4-0.4
-0.0-0.0
-0.1-0.1
0.20.2
-0.1-0.1
-0.1-0.1
-0.4-0.4
-0.4-0.4
-0.6-0.6
-0.1-0.1
-1.9-1.9
0.00.0
-0.6-0.6
1.21.2
0.70.7
-0.0-0.0
2.72.7
0.40.4
-1.3-1.3
-44.7-44.7
-0.4-0.4
-37.3-37.3
-0.7-0.7
2.32.3
-0.9-0.9
-0.0-0.0
-0.4-0.4
-39.6-39.6
-0.4-0.4
1.91.9
1.31.3
9.99.9
-0.7-0.7
-0.4-0.4
-0.6-0.6
-0.1-0.1
0.10.1
-1.3-1.3
0.90.9
0.90.9
2.12.1
-0.8-0.8
-0.8-0.8
-0.3-0.3
9.99.9
0.50.5
10.310.3
Итого по ФС…
Каббалкэнерго
Калмэнерго
Калугаэнерго
Карачаево-Черкесскэнерго
Карельский филиал
Кировэнерго
Костромаэнерго
Красноярскэнерго
Кубаньэнерго
Кузбассэнерго-РЭС
Курскэнерго
Ленинградская область
Липецкэнерго
Мариэнерго
Мордовэнерго
Московская область
Мурманский филиал
Нижновэнерго
Новгородский филиал
ООО «БрянскЭлектро»
Омскэнерго
Орелэнерго
Оренбургэнерго
Пензаэнерго
Пермэнерго
Псковский филиал
Россети Тюмень
Россети Янтарь
Ростовэнерго
Рязаньэнерго
Самарские РС
Саратовские РС
Свердловэнерго
Севкавказэнерго
Смоленскэнерго
Ставропольэнерго
Тамбовэнерго
Тверьэнерго
Томская распределительная компания
Тулэнерго
Удмуртэнерго
Ульяновские РС
Хакасэнерго
Челябэнерго
Читаэнерго
Чувашэнерго
Ярэнерго
г. Москва
г. Санкт-Петербург
филиал в Республике Коми
АО "Тываэнерго"
АО «ВМЭС»
АО «Воронежская горэлектросеть»
АО «Тульские городские электрические сети»
АО «Чеченэнерго»
АО «Ярославская электросетевая компания»
АО ЕЭСК
Алтайэнерго
Архангельский филиал
Астраханьэнерго
Белгородэнерго
Брянскэнерго
Бурятэнерго
Владимирэнерго
Волгоградэнерго
Вологодский филиал
Воронежэнерго
Дагэнерго
Ивэнерго
Ингушэнерго
-180
60

Статус данных
Просьба обратить внимание
— все данные не занесены
Факт
План
Итого – Факт
Отпуск в сеть 39 389 522
Отпуск из сети 36 019 520
Потери 3 370 002
Итого – План
У виджета нет данных
Выполнение бизнес-плана в части показателя «Уровень потерь электроэнергии»
Показатели баланса электроэнергии по ДЗО – Факт 
57 256 396 3 856 981 9 778 647 462 838
55 054 236 3 645 880 8 867 734 417 011
2 202 160 211 102 910 913 45 827
Показатели баланса электроэнергии по ДЗО – План
58 806 842 4 033 660 10 346 741 489 942
56 540 011 3 775 836 9 338 688 429 434
2 266 831 257 824 1 008 053 60 508'

03-03-2025T11:53:27 - [TEST_STEP][PASSED] - if (urlText.contains("ошибка") || urlText.contains(searchWord) == false): null

03-03-2025T11:53:27 - [TEST_STEP][PASSED] - Script1719299571342.ZakrytOpoveshenie(): null

03-03-2025T11:53:27 - [TEST_STEP][PASSED] - opoveshenie = getText(findTestObject("Выполнение бизнес-плана/Просьба обратить внимание")): Text of object 'Object Repository/Выполнение бизнес-плана/Просьба обратить внимание' is: 'Просьба обратить внимание'

03-03-2025T11:53:27 - [MESSAGE][PASSED] - Text of object 'Object Repository/Выполнение бизнес-плана/Просьба обратить внимание' is: 'Просьба обратить внимание'

03-03-2025T11:53:27 - [TEST_STEP][PASSED] - if (opoveshenie == "Просьба обратить внимание"): Object: 'Object Repository/Выполнение бизнес-плана/Закрыть оповещение' is clicked on

03-03-2025T11:53:27 - [TEST_STEP][PASSED] - click(findTestObject("Выполнение бизнес-плана/Закрыть оповещение")): Object: 'Object Repository/Выполнение бизнес-плана/Закрыть оповещение' is clicked on

03-03-2025T11:53:27 - [MESSAGE][PASSED] - Object: 'Object Repository/Выполнение бизнес-плана/Закрыть оповещение' is clicked on

03-03-2025T11:53:27 - [TEST_STEP][PASSED] - click(findTestObject(path + "Фильтр Дата")): Object: 'Object Repository/Выполнение бизнес-плана/Фильтр Дата' is clicked on

03-03-2025T11:53:28 - [MESSAGE][PASSED] - Object: 'Object Repository/Выполнение бизнес-плана/Фильтр Дата' is clicked on

03-03-2025T11:53:28 - [TEST_STEP][PASSED] - click(findTestObject(path + "Снять выделение в фильтре Дата")): Object: 'Object Repository/Выполнение бизнес-плана/Снять выделение в фильтре Дата' is clicked on

03-03-2025T11:53:28 - [MESSAGE][PASSED] - Object: 'Object Repository/Выполнение бизнес-плана/Снять выделение в фильтре Дата' is clicked on

03-03-2025T11:53:28 - [TEST_STEP][PASSED] - click(findTestObject(path + "Применить в фильтре Дата")): Object: 'Object Repository/Выполнение бизнес-плана/Применить в фильтре Дата' is clicked on

03-03-2025T11:53:29 - [MESSAGE][PASSED] - Object: 'Object Repository/Выполнение бизнес-плана/Применить в фильтре Дата' is clicked on

03-03-2025T11:53:29 - [TEST_STEP][PASSED] - delay(50): Delayed 50 second(s)

03-03-2025T11:54:19 - [MESSAGE][PASSED] - Delayed 50 second(s)

03-03-2025T11:54:19 - [TEST_STEP][PASSED] - Script1719299571342.ZakrytOpoveshenie(): null

03-03-2025T11:54:19 - [TEST_STEP][PASSED] - opoveshenie = getText(findTestObject("Выполнение бизнес-плана/Просьба обратить внимание")): Text of object 'Object Repository/Выполнение бизнес-плана/Просьба обратить внимание' is: 'Просьба обратить внимание'

03-03-2025T11:54:19 - [MESSAGE][PASSED] - Text of object 'Object Repository/Выполнение бизнес-плана/Просьба обратить внимание' is: 'Просьба обратить внимание'

03-03-2025T11:54:19 - [TEST_STEP][PASSED] - if (opoveshenie == "Просьба обратить внимание"): Object: 'Object Repository/Выполнение бизнес-плана/Закрыть оповещение' is clicked on

03-03-2025T11:54:19 - [TEST_STEP][PASSED] - click(findTestObject("Выполнение бизнес-плана/Закрыть оповещение")): Object: 'Object Repository/Выполнение бизнес-плана/Закрыть оповещение' is clicked on

03-03-2025T11:54:20 - [MESSAGE][PASSED] - Object: 'Object Repository/Выполнение бизнес-плана/Закрыть оповещение' is clicked on

03-03-2025T11:54:20 - [TEST_STEP][PASSED] - click(findTestObject(path + "Фильтр Дата")): Object: 'Object Repository/Выполнение бизнес-плана/Фильтр Дата' is clicked on

03-03-2025T11:54:20 - [MESSAGE][PASSED] - Object: 'Object Repository/Выполнение бизнес-плана/Фильтр Дата' is clicked on

03-03-2025T11:54:20 - [TEST_STEP][PASSED] - scrollToElement(findTestObject(path + "2025 список"), 30): Scroll to object 'Object Repository/Выполнение бизнес-плана/2025 список' successfully

03-03-2025T11:54:21 - [MESSAGE][PASSED] - Scroll to object 'Object Repository/Выполнение бизнес-плана/2025 список' successfully

03-03-2025T11:54:21 - [TEST_STEP][PASSED] - click(findTestObject(path + "2025 список")): Object: 'Object Repository/Выполнение бизнес-плана/2025 список' is clicked on

03-03-2025T11:54:21 - [MESSAGE][PASSED] - Object: 'Object Repository/Выполнение бизнес-плана/2025 список' is clicked on

03-03-2025T11:54:21 - [TEST_STEP][PASSED] - scrollToElement(findTestObject(path + "1 квартал 2025 список"), 30): Scroll to object 'Object Repository/Выполнение бизнес-плана/1 квартал 2025 список' successfully

03-03-2025T11:54:22 - [MESSAGE][PASSED] - Scroll to object 'Object Repository/Выполнение бизнес-плана/1 квартал 2025 список' successfully

03-03-2025T11:54:22 - [TEST_STEP][PASSED] - click(findTestObject(path + "1 квартал 2025 список")): Object: 'Object Repository/Выполнение бизнес-плана/1 квартал 2025 список' is clicked on

03-03-2025T11:54:22 - [MESSAGE][PASSED] - Object: 'Object Repository/Выполнение бизнес-плана/1 квартал 2025 список' is clicked on

03-03-2025T11:54:22 - [TEST_STEP][PASSED] - scrollToElement(findTestObject(path + "Январь 2025"), 30): Scroll to object 'Object Repository/Выполнение бизнес-плана/Январь 2025' successfully

03-03-2025T11:54:22 - [MESSAGE][PASSED] - Scroll to object 'Object Repository/Выполнение бизнес-плана/Январь 2025' successfully

03-03-2025T11:54:22 - [TEST_STEP][PASSED] - click(findTestObject(path + "Январь 2025")): Object: 'Object Repository/Выполнение бизнес-плана/Январь 2025' is clicked on

03-03-2025T11:54:23 - [MESSAGE][PASSED] - Object: 'Object Repository/Выполнение бизнес-плана/Январь 2025' is clicked on

03-03-2025T11:54:23 - [TEST_STEP][PASSED] - scrollToElement(findTestObject(path + "Заголовок дашборда"), 30): Scroll to object 'Object Repository/Выполнение бизнес-плана/Заголовок дашборда' successfully

03-03-2025T11:54:23 - [MESSAGE][PASSED] - Scroll to object 'Object Repository/Выполнение бизнес-плана/Заголовок дашборда' successfully

03-03-2025T11:54:23 - [TEST_STEP][PASSED] - click(findTestObject(path + "Применить в фильтре Дата")): Object: 'Object Repository/Выполнение бизнес-плана/Применить в фильтре Дата' is clicked on

03-03-2025T11:54:24 - [MESSAGE][PASSED] - Object: 'Object Repository/Выполнение бизнес-плана/Применить в фильтре Дата' is clicked on

03-03-2025T11:54:24 - [TEST_STEP][PASSED] - delay(30): Delayed 30 second(s)

03-03-2025T11:54:54 - [MESSAGE][PASSED] - Delayed 30 second(s)

03-03-2025T11:54:54 - [TEST_STEP][PASSED] - Script1719299571342.ZakrytOpoveshenie(): null

03-03-2025T11:54:54 - [TEST_STEP][PASSED] - opoveshenie = getText(findTestObject("Выполнение бизнес-плана/Просьба обратить внимание")): Text of object 'Object Repository/Выполнение бизнес-плана/Просьба обратить внимание' is: 'Просьба обратить внимание'

03-03-2025T11:54:54 - [MESSAGE][PASSED] - Text of object 'Object Repository/Выполнение бизнес-плана/Просьба обратить внимание' is: 'Просьба обратить внимание'

03-03-2025T11:54:54 - [TEST_STEP][PASSED] - if (opoveshenie == "Просьба обратить внимание"): Object: 'Object Repository/Выполнение бизнес-плана/Закрыть оповещение' is clicked on

03-03-2025T11:54:54 - [TEST_STEP][PASSED] - click(findTestObject("Выполнение бизнес-плана/Закрыть оповещение")): Object: 'Object Repository/Выполнение бизнес-плана/Закрыть оповещение' is clicked on

03-03-2025T11:54:55 - [MESSAGE][PASSED] - Object: 'Object Repository/Выполнение бизнес-плана/Закрыть оповещение' is clicked on

03-03-2025T11:54:55 - [TEST_STEP][PASSED] - click(findTestObject(path + "Фильтр ДЗО")): Object: 'Object Repository/Выполнение бизнес-плана/Фильтр ДЗО' is clicked on

03-03-2025T11:54:55 - [MESSAGE][PASSED] - Object: 'Object Repository/Выполнение бизнес-плана/Фильтр ДЗО' is clicked on

03-03-2025T11:54:55 - [TEST_STEP][PASSED] - click(findTestObject(path + "Снять выделение в фильтре ДЗО")): Object: 'Object Repository/Выполнение бизнес-плана/Снять выделение в фильтре ДЗО' is clicked on

03-03-2025T11:54:56 - [MESSAGE][PASSED] - Object: 'Object Repository/Выполнение бизнес-плана/Снять выделение в фильтре ДЗО' is clicked on

03-03-2025T11:54:56 - [TEST_STEP][PASSED] - click(findTestObject(path + "ПАО Россети")): Object: 'Object Repository/Выполнение бизнес-плана/ПАО Россети' is clicked on

03-03-2025T11:54:56 - [MESSAGE][PASSED] - Object: 'Object Repository/Выполнение бизнес-плана/ПАО Россети' is clicked on

03-03-2025T11:54:56 - [TEST_STEP][PASSED] - click(findTestObject(path + "Применить в фильтре ДЗО")): Object: 'Object Repository/Выполнение бизнес-плана/Применить в фильтре ДЗО' is clicked on

03-03-2025T11:54:57 - [MESSAGE][PASSED] - Object: 'Object Repository/Выполнение бизнес-плана/Применить в фильтре ДЗО' is clicked on

03-03-2025T11:54:57 - [TEST_STEP][PASSED] - delay(30): Delayed 30 second(s)

03-03-2025T11:55:27 - [MESSAGE][PASSED] - Delayed 30 second(s)

03-03-2025T11:55:27 - [TEST_STEP][PASSED] - VseDZO = getText(findTestObject(path + "Список ДЗО")): Text of object 'Object Repository/Выполнение бизнес-плана/Список ДЗО' is: '-0.01
-0.92
-0.43
-2.45
Россети ФСК ЕЭС
Россети Волга
Россети Московский регион
Россети Янтарь
-4
-2
0
2
4
6
8'

03-03-2025T11:55:27 - [MESSAGE][PASSED] - Text of object 'Object Repository/Выполнение бизнес-плана/Список ДЗО' is: '-0.01
-0.92
-0.43
-2.45
Россети ФСК ЕЭС
Россети Волга
Россети Московский регион
Россети Янтарь
-4
-2
0
2
4
6
8'

03-03-2025T11:55:27 - [TEST_STEP][PASSED] - pRR = GetAllPAOData(path, dZONum, VseDZO, z = "ПАО Россети/"): null

03-03-2025T11:55:27 - [TEST_STEP][PASSED] - path2 = "Значения со страницы Выполнение бизнес-плана/Table Data/": null

03-03-2025T11:55:27 - [TEST_STEP][PASSED] - ii = <not implemented yet for class: org.codehaus.groovy.ast.expr.EmptyExpression>: null

03-03-2025T11:55:27 - [TEST_STEP][PASSED] - i1 = <not implemented yet for class: org.codehaus.groovy.ast.expr.EmptyExpression>: null

03-03-2025T11:55:27 - [TEST_STEP][PASSED] - z = <not implemented yet for class: org.codehaus.groovy.ast.expr.EmptyExpression>: null

03-03-2025T11:55:27 - [TEST_STEP][PASSED] - z1 = <not implemented yet for class: org.codehaus.groovy.ast.expr.EmptyExpression>: null

03-03-2025T11:55:27 - [TEST_STEP][PASSED] - println("path: " + path): null

03-03-2025T11:55:27 - [TEST_STEP][PASSED] - z = getText(findTestObject(path + "Итого")).replaceAll("[\r?
|
]", "/"): Text of object 'Object Repository/Выполнение бизнес-плана/Итого' is: '%
4.88 4.88
8.56 8.56
План
Факт
1
100'

03-03-2025T11:55:28 - [MESSAGE][PASSED] - Text of object 'Object Repository/Выполнение бизнес-плана/Итого' is: '%
4.88 4.88
8.56 8.56
План
Факт
1
100'

03-03-2025T11:55:28 - [TEST_STEP][PASSED] - ii = z.indexOf("%") + 2: null

03-03-2025T11:55:28 - [TEST_STEP][PASSED] - if (ii > -1): null

03-03-2025T11:55:28 - [TEST_STEP][PASSED] - z = z.substring(ii, z.length()): null

03-03-2025T11:55:28 - [TEST_STEP][PASSED] - println(z): null

03-03-2025T11:55:28 - [TEST_STEP][PASSED] - ii = z.indexOf("/1/100") - 1: null

03-03-2025T11:55:28 - [TEST_STEP][PASSED] - if (ii > -1): null

03-03-2025T11:55:28 - [TEST_STEP][PASSED] - z = z.substring(0, ii): null

03-03-2025T11:55:28 - [TEST_STEP][PASSED] - println(z): null

03-03-2025T11:55:28 - [TEST_STEP][PASSED] - ii = z.indexOf("План"): null

03-03-2025T11:55:28 - [TEST_STEP][PASSED] - if (ii > -1): null

03-03-2025T11:55:28 - [TEST_STEP][PASSED] - z = z.substring(0, ii): null

03-03-2025T11:55:28 - [TEST_STEP][PASSED] - println(z): null

03-03-2025T11:55:28 - [TEST_STEP][PASSED] - ii = z.indexOf("/") + 1: null

03-03-2025T11:55:28 - [TEST_STEP][PASSED] - z1 = z.substring(0, ii): null

03-03-2025T11:55:28 - [TEST_STEP][PASSED] - println(z1): null

03-03-2025T11:55:28 - [TEST_STEP][PASSED] - z = z.substring(ii, z.length()): null

03-03-2025T11:55:28 - [TEST_STEP][PASSED] - println(z): null

03-03-2025T11:55:28 - [TEST_STEP][PASSED] - ii = z1.length() / 2: null

03-03-2025T11:55:28 - [TEST_STEP][PASSED] - z1 = replaceAll("[\r?
|
]", "/").trim(): null

03-03-2025T11:55:28 - [TEST_STEP][PASSED] - println(z1): null

03-03-2025T11:55:28 - [TEST_STEP][PASSED] - ii = z.length() / 2: null

03-03-2025T11:55:28 - [TEST_STEP][PASSED] - z = replace("/", "").trim(): null

03-03-2025T11:55:28 - [TEST_STEP][PASSED] - println(z): null

03-03-2025T11:55:28 - [TEST_STEP][PASSED] - x = x + z1 + "/" + z: null

03-03-2025T11:55:28 - [TEST_STEP][PASSED] - println(x): null

03-03-2025T11:55:28 - [TEST_STEP][PASSED] - if (verifyElementPresent(findTestObject(path + "Таблица Итого-Факт"), 30)): null

03-03-2025T11:55:28 - [MESSAGE][PASSED] - Object 'Object Repository/Выполнение бизнес-плана/Таблица Итого-Факт' is present

03-03-2025T11:55:28 - [TEST_STEP][PASSED] - z = replaceAll("\s+", "").replaceAll("[а-яА-Я]", ""): Text of object 'Object Repository/Выполнение бизнес-плана/Таблица Итого-Факт' is: 'Отпуск в сеть 39 389 522
Отпуск из сети 36 019 520
Потери 3 370 002'

03-03-2025T11:55:28 - [MESSAGE][PASSED] - Text of object 'Object Repository/Выполнение бизнес-плана/Таблица Итого-Факт' is: 'Отпуск в сеть 39 389 522
Отпуск из сети 36 019 520
Потери 3 370 002'

03-03-2025T11:55:28 - [TEST_STEP][PASSED] - println(z): null

03-03-2025T11:55:28 - [TEST_STEP][PASSED] - x = x + "/" + z: null

03-03-2025T11:55:28 - [TEST_STEP][PASSED] - println(x): null

03-03-2025T11:55:28 - [TEST_STEP][PASSED] - click(findTestObject(path + "Кнопка План")): Object: 'Object Repository/Выполнение бизнес-плана/Кнопка План' is clicked on

03-03-2025T11:55:29 - [MESSAGE][PASSED] - Object: 'Object Repository/Выполнение бизнес-плана/Кнопка План' is clicked on

03-03-2025T11:55:29 - [TEST_STEP][PASSED] - z = replaceAll("\s+", "").replaceAll("[а-яА-Я]", ""): Text of object 'Object Repository/Выполнение бизнес-плана/Таблица Итого-План' is: 'У виджета нет данных'

03-03-2025T11:55:29 - [MESSAGE][PASSED] - Text of object 'Object Repository/Выполнение бизнес-плана/Таблица Итого-План' is: 'У виджета нет данных'

03-03-2025T11:55:29 - [TEST_STEP][PASSED] - x = x + "/" + z: null

03-03-2025T11:55:29 - [TEST_STEP][PASSED] - println(x): null

03-03-2025T11:55:29 - [TEST_STEP][PASSED] - click(findTestObject(path + "Кнопка Факт")): Object: 'Object Repository/Выполнение бизнес-плана/Кнопка Факт' is clicked on

03-03-2025T11:55:29 - [MESSAGE][PASSED] - Object: 'Object Repository/Выполнение бизнес-плана/Кнопка Факт' is clicked on

03-03-2025T11:55:29 - [TEST_STEP][PASSED] - return x: null

03-03-2025T11:55:29 - [TEST_STEP][PASSED] - println("pRR: " + pRR): null

03-03-2025T11:55:29 - [TEST_STEP][PASSED] - i = VseDZO.indexOf("ЕЭС"): null

03-03-2025T11:55:29 - [TEST_STEP][PASSED] - if (i > -1): null

03-03-2025T11:55:29 - [TEST_STEP][PASSED] - dZONum = dZONum + 1: null

03-03-2025T11:55:29 - [TEST_STEP][PASSED] - fR = GetAllData(path, dZONum, VseDZO, x = "Россети ФСК ЕЭС/"): null

03-03-2025T11:55:29 - [TEST_STEP][PASSED] - ii = <not implemented yet for class: org.codehaus.groovy.ast.expr.EmptyExpression>: null

03-03-2025T11:55:29 - [TEST_STEP][PASSED] - i1 = <not implemented yet for class: org.codehaus.groovy.ast.expr.EmptyExpression>: null

03-03-2025T11:55:29 - [TEST_STEP][PASSED] - z = <not implemented yet for class: org.codehaus.groovy.ast.expr.EmptyExpression>: null

03-03-2025T11:55:29 - [TEST_STEP][PASSED] - path2 = "Значения со страницы Выполнение бизнес-плана/Table Data/": null

03-03-2025T11:55:29 - [TEST_STEP][PASSED] - println("path: " + path): null

03-03-2025T11:55:29 - [TEST_STEP][PASSED] - println("dZONum: " + dZONum): null

03-03-2025T11:55:29 - [TEST_STEP][PASSED] - z = getText(findTestObject(path + "spanPlan" + dZONum)): Text of object 'Object Repository/Выполнение бизнес-плана/spanPlan1' is: '4.01
|'

03-03-2025T11:55:30 - [MESSAGE][PASSED] - Text of object 'Object Repository/Выполнение бизнес-плана/spanPlan1' is: '4.01
|'

03-03-2025T11:55:30 - [TEST_STEP][PASSED] - println(z): null

03-03-2025T11:55:30 - [TEST_STEP][PASSED] - ii = z.indexOf("|"): null

03-03-2025T11:55:30 - [TEST_STEP][PASSED] - if (ii > -1): null

03-03-2025T11:55:30 - [TEST_STEP][PASSED] - z = z.substring(0, z.length() - 1): null

03-03-2025T11:55:30 - [TEST_STEP][PASSED] - println(z): null

03-03-2025T11:55:30 - [TEST_STEP][PASSED] - z = z.replaceAll("\s+", ""): null

03-03-2025T11:55:30 - [TEST_STEP][PASSED] - z = z.replace("[\r?
|
]", "/"): null

03-03-2025T11:55:30 - [TEST_STEP][PASSED] - println(z): null

03-03-2025T11:55:30 - [TEST_STEP][PASSED] - x = x + z: null

03-03-2025T11:55:30 - [TEST_STEP][PASSED] - z = getText(findTestObject(path + "spanFact" + dZONum)): Text of object 'Object Repository/Выполнение бизнес-плана/spanFact1' is: '4.00'

03-03-2025T11:55:30 - [MESSAGE][PASSED] - Text of object 'Object Repository/Выполнение бизнес-плана/spanFact1' is: '4.00'

03-03-2025T11:55:30 - [TEST_STEP][PASSED] - ii = z.indexOf("|"): null

03-03-2025T11:55:30 - [TEST_STEP][PASSED] - if (ii > -1): null

03-03-2025T11:55:30 - [TEST_STEP][PASSED] - x = x + "/" + z: null

03-03-2025T11:55:30 - [TEST_STEP][PASSED] - z = getText(findTestObject(path + path2 + "Факт Отпуск в сеть за отчётный период " + dZONum)).replaceAll("\s+", ""): Text of object 'Object Repository/Выполнение бизнес-плана/Значения со страницы Выполнение бизнес-плана/Table Data/Факт Отпуск в сеть за отчётный период 1' is: '57 256 396'

03-03-2025T11:55:30 - [MESSAGE][PASSED] - Text of object 'Object Repository/Выполнение бизнес-плана/Значения со страницы Выполнение бизнес-плана/Table Data/Факт Отпуск в сеть за отчётный период 1' is: '57 256 396'

03-03-2025T11:55:30 - [TEST_STEP][PASSED] - println("z=" + z): null

03-03-2025T11:55:30 - [TEST_STEP][PASSED] - x = x + "/" + z: null

03-03-2025T11:55:30 - [TEST_STEP][PASSED] - z = getText(findTestObject(path + path2 + "Факт Отпуск из сети за отчётный период " + dZONum)).replaceAll("\s+", ""): Text of object 'Object Repository/Выполнение бизнес-плана/Значения со страницы Выполнение бизнес-плана/Table Data/Факт Отпуск из сети за отчётный период 1' is: '3 775 836'

03-03-2025T11:55:31 - [MESSAGE][PASSED] - Text of object 'Object Repository/Выполнение бизнес-плана/Значения со страницы Выполнение бизнес-плана/Table Data/Факт Отпуск из сети за отчётный период 1' is: '3 775 836'

03-03-2025T11:55:31 - [TEST_STEP][PASSED] - x = x + "/" + z: null

03-03-2025T11:55:31 - [TEST_STEP][ERROR] - z = getText(findTestObject(path + path2 + "Факт Потери за отчётный период " + dZONum)).replaceAll("\s+", ""): Test Cases/Сверки дашбордов/Выполнение бизнес-плана сверка дашбордов FAILED.
Reason:
java.lang.NullPointerException: Cannot invoke method replaceAll() on null object
	at Выполнение бизнес-плана сверка дашбордов.GetAllData(Выполнение бизнес-плана сверка дашбордов:970)
	at Выполнение бизнес-плана сверка дашбордов.run(Выполнение бизнес-плана сверка дашбордов:156)
	at com.kms.katalon.core.main.ScriptEngine.run(ScriptEngine.java:194)
	at com.kms.katalon.core.main.ScriptEngine.runScriptAsRawText(ScriptEngine.java:119)
	at com.kms.katalon.core.main.TestCaseExecutor.runScript(TestCaseExecutor.java:448)
	at com.kms.katalon.core.main.TestCaseExecutor.doExecute(TestCaseExecutor.java:439)
	at com.kms.katalon.core.main.TestCaseExecutor.processExecutionPhase(TestCaseExecutor.java:418)
	at com.kms.katalon.core.main.TestCaseExecutor.accessMainPhase(TestCaseExecutor.java:410)
	at com.kms.katalon.core.main.TestCaseExecutor.execute(TestCaseExecutor.java:285)
	at com.kms.katalon.core.common.CommonExecutor.accessTestCaseMainPhase(CommonExecutor.java:65)
	at com.kms.katalon.core.main.TestSuiteExecutor.accessTestSuiteMainPhase(TestSuiteExecutor.java:150)
	at com.kms.katalon.core.main.TestSuiteExecutor.execute(TestSuiteExecutor.java:106)
	at com.kms.katalon.core.main.TestCaseMain.startTestSuite(TestCaseMain.java:180)
	at TempTestSuite1740991900055.run(TempTestSuite1740991900055.groovy:35)
	at java.base/jdk.internal.reflect.NativeMethodAccessorImpl.invoke0(Native Method)
	at java.base/jdk.internal.reflect.NativeMethodAccessorImpl.invoke(NativeMethodAccessorImpl.java:77)
	at java.base/jdk.internal.reflect.DelegatingMethodAccessorImpl.invoke(DelegatingMethodAccessorImpl.java:43)


03-03-2025T11:56:02 - [MESSAGE][INFO] - Unable to find the element located by 'By.xpath: (.//*[normalize-space(text()) and normalize-space(.)='Показатели баланса электроэнергии по ДЗО – Факт'])[2]/following::td[35]'. Please recheck the objects properties to make sure the desired element is located. 

03-03-2025T11:56:02 - [MESSAGE][FAILED] - Unable to get text of object 'Object Repository/Выполнение бизнес-плана/Значения со страницы Выполнение бизнес-плана/Table Data/Факт Потери за отчётный период 1' (Root cause: com.kms.katalon.core.exception.StepFailedException: Unable to get text of object 'Object Repository/Выполнение бизнес-плана/Значения со страницы Выполнение бизнес-плана/Table Data/Факт Потери за отчётный период 1'
	at com.kms.katalon.core.webui.keyword.internal.WebUIKeywordMain.stepFailed(WebUIKeywordMain.groovy:64)
	at com.kms.katalon.core.webui.keyword.internal.WebUIKeywordMain.runKeyword(WebUIKeywordMain.groovy:26)
	at com.kms.katalon.core.webui.keyword.builtin.GetTextKeyword.getText(GetTextKeyword.groovy:88)
	at com.kms.katalon.core.webui.keyword.builtin.GetTextKeyword.execute(GetTextKeyword.groovy:67)
	at com.kms.katalon.core.keyword.internal.KeywordExecutor.executeKeywordForPlatform(KeywordExecutor.groovy:74)
	at com.kms.katalon.core.webui.keyword.WebUiBuiltInKeywords.getText(WebUiBuiltInKeywords.groovy:957)
	at Выполнение бизнес-плана сверка дашбордов.GetAllData(Выполнение бизнес-плана сверка дашбордов:970)
	at Выполнение бизнес-плана сверка дашбордов.run(Выполнение бизнес-плана сверка дашбордов:156)
	at com.kms.katalon.core.main.ScriptEngine.run(ScriptEngine.java:194)
	at com.kms.katalon.core.main.ScriptEngine.runScriptAsRawText(ScriptEngine.java:119)
	at com.kms.katalon.core.main.TestCaseExecutor.runScript(TestCaseExecutor.java:448)
	at com.kms.katalon.core.main.TestCaseExecutor.doExecute(TestCaseExecutor.java:439)
	at com.kms.katalon.core.main.TestCaseExecutor.processExecutionPhase(TestCaseExecutor.java:418)
	at com.kms.katalon.core.main.TestCaseExecutor.accessMainPhase(TestCaseExecutor.java:410)
	at com.kms.katalon.core.main.TestCaseExecutor.execute(TestCaseExecutor.java:285)
	at com.kms.katalon.core.common.CommonExecutor.accessTestCaseMainPhase(CommonExecutor.java:65)
	at com.kms.katalon.core.main.TestSuiteExecutor.accessTestSuiteMainPhase(TestSuiteExecutor.java:150)
	at com.kms.katalon.core.main.TestSuiteExecutor.execute(TestSuiteExecutor.java:106)
	at com.kms.katalon.core.main.TestCaseMain.startTestSuite(TestCaseMain.java:180)
	at TempTestSuite1740991900055.run(TempTestSuite1740991900055.groovy:35)
	at java.base/jdk.internal.reflect.NativeMethodAccessorImpl.invoke0(Native Method)
	at java.base/jdk.internal.reflect.NativeMethodAccessorImpl.invoke(NativeMethodAccessorImpl.java:77)
	at java.base/jdk.internal.reflect.DelegatingMethodAccessorImpl.invoke(DelegatingMethodAccessorImpl.java:43)
Caused by: com.kms.katalon.core.webui.exception.WebElementNotFoundException: Web element with id: 'Object Repository/Выполнение бизнес-плана/Значения со страницы Выполнение бизнес-плана/Table Data/Факт Потери за отчётный период 1' located by '(.//*[normalize-space(text()) and normalize-space(.)='Показатели баланса электроэнергии по ДЗО – Факт'])[2]/following::td[35]' not found
	at com.kms.katalon.core.webui.common.WebUiCommonHelper.findWebElement(WebUiCommonHelper.java:1426)
	at com.kms.katalon.core.webui.keyword.internal.WebUIAbstractKeyword.findWebElement(WebUIAbstractKeyword.groovy:27)
	at com.kms.katalon.core.webui.keyword.internal.WebUIAbstractKeyword.findWebElement(WebUIAbstractKeyword.groovy:26)
	at com.kms.katalon.core.webui.keyword.builtin.GetTextKeyword$_getText_closure1.doCall(GetTextKeyword.groovy:78)
	at com.kms.katalon.core.webui.keyword.builtin.GetTextKeyword$_getText_closure1.call(GetTextKeyword.groovy)
	at com.kms.katalon.core.webui.keyword.internal.WebUIKeywordMain.runKeyword(WebUIKeywordMain.groovy:20)
	at com.kms.katalon.core.webui.keyword.builtin.GetTextKeyword.getText(GetTextKeyword.groovy:88)
	at com.kms.katalon.core.webui.keyword.builtin.GetTextKeyword.execute(GetTextKeyword.groovy:67)
	at com.kms.katalon.core.keyword.internal.KeywordExecutor.executeKeywordForPlatform(KeywordExecutor.groovy:74)
	at com.kms.katalon.core.webui.keyword.WebUiBuiltInKeywords.getText(WebUiBuiltInKeywords.groovy:957)
	at Script1719299571342.GetAllData(Script1719299571342.groovy:970)
	at Script1719299571342.run(Script1719299571342.groovy:156)
	... 15 more
)
[[ATTACHMENT|C:\\Users\\LIAZGINA-DI\\git\\SPORU\\Reports\\20250303_115140\\\u041F\u043D-\u0421\u0440-\u041F\u0442\\\u0421\u0432\u0435\u0440\u043A\u0430 \u0434\u0430\u0448\u0431\u043E\u0440\u0434\u043E\u0432 \u0438\u0437 \u0440\u0430\u0437\u043D\u044B\u0445 \u0431\u043B\u043E\u043A\u043E\u0432\\20250303_115140\\1740992162043.png]]

03-03-2025T11:56:02 - [MESSAGE][ERROR] - Test Cases/Сверки дашбордов/Выполнение бизнес-плана сверка дашбордов FAILED.
Reason:
java.lang.NullPointerException: Cannot invoke method replaceAll() on null object
	at Выполнение бизнес-плана сверка дашбордов.GetAllData(Выполнение бизнес-плана сверка дашбордов:970)
	at Выполнение бизнес-плана сверка дашбордов.run(Выполнение бизнес-плана сверка дашбордов:156)
	at com.kms.katalon.core.main.ScriptEngine.run(ScriptEngine.java:194)
	at com.kms.katalon.core.main.ScriptEngine.runScriptAsRawText(ScriptEngine.java:119)
	at com.kms.katalon.core.main.TestCaseExecutor.runScript(TestCaseExecutor.java:448)
	at com.kms.katalon.core.main.TestCaseExecutor.doExecute(TestCaseExecutor.java:439)
	at com.kms.katalon.core.main.TestCaseExecutor.processExecutionPhase(TestCaseExecutor.java:418)
	at com.kms.katalon.core.main.TestCaseExecutor.accessMainPhase(TestCaseExecutor.java:410)
	at com.kms.katalon.core.main.TestCaseExecutor.execute(TestCaseExecutor.java:285)
	at com.kms.katalon.core.common.CommonExecutor.accessTestCaseMainPhase(CommonExecutor.java:65)
	at com.kms.katalon.core.main.TestSuiteExecutor.accessTestSuiteMainPhase(TestSuiteExecutor.java:150)
	at com.kms.katalon.core.main.TestSuiteExecutor.execute(TestSuiteExecutor.java:106)
	at com.kms.katalon.core.main.TestCaseMain.startTestSuite(TestCaseMain.java:180)
	at TempTestSuite1740991900055.run(TempTestSuite1740991900055.groovy:35)
	at java.base/jdk.internal.reflect.NativeMethodAccessorImpl.invoke0(Native Method)
	at java.base/jdk.internal.reflect.NativeMethodAccessorImpl.invoke(NativeMethodAccessorImpl.java:77)
	at java.base/jdk.internal.reflect.DelegatingMethodAccessorImpl.invoke(DelegatingMethodAccessorImpl.java:43)]]></system-out>
         <system-err><![CDATA[03-03-2025T11:51:44 - [TEST_CASE][FAILED] - Test Cases/Сверки дашбордов/Выполнение бизнес-плана сверка дашбордов: Test Cases/Сверки дашбордов/Выполнение бизнес-плана сверка дашбордов FAILED.
Reason:
com.kms.katalon.core.exception.StepFailedException: Unable to get text of object 'Object Repository/Выполнение бизнес-плана/Значения со страницы Выполнение бизнес-плана/Table Data/Факт Потери за отчётный период 1' (Root cause: com.kms.katalon.core.exception.StepFailedException: Unable to get text of object 'Object Repository/Выполнение бизнес-плана/Значения со страницы Выполнение бизнес-плана/Table Data/Факт Потери за отчётный период 1'
	at com.kms.katalon.core.webui.keyword.internal.WebUIKeywordMain.stepFailed(WebUIKeywordMain.groovy:64)
	at com.kms.katalon.core.webui.keyword.internal.WebUIKeywordMain.runKeyword(WebUIKeywordMain.groovy:26)
	at com.kms.katalon.core.webui.keyword.builtin.GetTextKeyword.getText(GetTextKeyword.groovy:88)
	at com.kms.katalon.core.webui.keyword.builtin.GetTextKeyword.execute(GetTextKeyword.groovy:67)
	at com.kms.katalon.core.keyword.internal.KeywordExecutor.executeKeywordForPlatform(KeywordExecutor.groovy:74)
	at com.kms.katalon.core.webui.keyword.WebUiBuiltInKeywords.getText(WebUiBuiltInKeywords.groovy:957)
	at Выполнение бизнес-плана сверка дашбордов.GetAllData(Выполнение бизнес-плана сверка дашбордов:970)
	at Выполнение бизнес-плана сверка дашбордов.run(Выполнение бизнес-плана сверка дашбордов:156)
	at com.kms.katalon.core.main.ScriptEngine.run(ScriptEngine.java:194)
	at com.kms.katalon.core.main.ScriptEngine.runScriptAsRawText(ScriptEngine.java:119)
	at com.kms.katalon.core.main.TestCaseExecutor.runScript(TestCaseExecutor.java:448)
	at com.kms.katalon.core.main.TestCaseExecutor.doExecute(TestCaseExecutor.java:439)
	at com.kms.katalon.core.main.TestCaseExecutor.processExecutionPhase(TestCaseExecutor.java:418)
	at com.kms.katalon.core.main.TestCaseExecutor.accessMainPhase(TestCaseExecutor.java:410)
	at com.kms.katalon.core.main.TestCaseExecutor.execute(TestCaseExecutor.java:285)
	at com.kms.katalon.core.common.CommonExecutor.accessTestCaseMainPhase(CommonExecutor.java:65)
	at com.kms.katalon.core.main.TestSuiteExecutor.accessTestSuiteMainPhase(TestSuiteExecutor.java:150)
	at com.kms.katalon.core.main.TestSuiteExecutor.execute(TestSuiteExecutor.java:106)
	at com.kms.katalon.core.main.TestCaseMain.startTestSuite(TestCaseMain.java:180)
	at TempTestSuite1740991900055.run(TempTestSuite1740991900055.groovy:35)
	at java.base/jdk.internal.reflect.NativeMethodAccessorImpl.invoke0(Native Method)
	at java.base/jdk.internal.reflect.NativeMethodAccessorImpl.invoke(NativeMethodAccessorImpl.java:77)
	at java.base/jdk.internal.reflect.DelegatingMethodAccessorImpl.invoke(DelegatingMethodAccessorImpl.java:43)
Caused by: com.kms.katalon.core.webui.exception.WebElementNotFoundException: Web element with id: 'Object Repository/Выполнение бизнес-плана/Значения со страницы Выполнение бизнес-плана/Table Data/Факт Потери за отчётный период 1' located by '(.//*[normalize-space(text()) and normalize-space(.)='Показатели баланса электроэнергии по ДЗО – Факт'])[2]/following::td[35]' not found
	at com.kms.katalon.core.webui.common.WebUiCommonHelper.findWebElement(WebUiCommonHelper.java:1426)
	at com.kms.katalon.core.webui.keyword.internal.WebUIAbstractKeyword.findWebElement(WebUIAbstractKeyword.groovy:27)
	at com.kms.katalon.core.webui.keyword.internal.WebUIAbstractKeyword.findWebElement(WebUIAbstractKeyword.groovy:26)
	at com.kms.katalon.core.webui.keyword.builtin.GetTextKeyword$_getText_closure1.doCall(GetTextKeyword.groovy:78)
	at com.kms.katalon.core.webui.keyword.builtin.GetTextKeyword$_getText_closure1.call(GetTextKeyword.groovy)
	at com.kms.katalon.core.webui.keyword.internal.WebUIKeywordMain.runKeyword(WebUIKeywordMain.groovy:20)
	at com.kms.katalon.core.webui.keyword.builtin.GetTextKeyword.getText(GetTextKeyword.groovy:88)
	at com.kms.katalon.core.webui.keyword.builtin.GetTextKeyword.execute(GetTextKeyword.groovy:67)
	at com.kms.katalon.core.keyword.internal.KeywordExecutor.executeKeywordForPlatform(KeywordExecutor.groovy:74)
	at com.kms.katalon.core.webui.keyword.WebUiBuiltInKeywords.getText(WebUiBuiltInKeywords.groovy:957)
	at Script1719299571342.GetAllData(Script1719299571342.groovy:970)
	at Script1719299571342.run(Script1719299571342.groovy:156)
	... 15 more
)
	at com.kms.katalon.core.keyword.internal.KeywordMain.stepFailed(KeywordMain.groovy:39)
	at com.kms.katalon.core.webui.keyword.internal.WebUIKeywordMain.stepFailed(WebUIKeywordMain.groovy:64)
	at com.kms.katalon.core.webui.keyword.internal.WebUIKeywordMain.runKeyword(WebUIKeywordMain.groovy:26)
	at com.kms.katalon.core.webui.keyword.builtin.GetTextKeyword.getText(GetTextKeyword.groovy:88)
	at com.kms.katalon.core.webui.keyword.builtin.GetTextKeyword.execute(GetTextKeyword.groovy:67)
	at com.kms.katalon.core.keyword.internal.KeywordExecutor.executeKeywordForPlatform(KeywordExecutor.groovy:74)
	at com.kms.katalon.core.webui.keyword.WebUiBuiltInKeywords.getText(WebUiBuiltInKeywords.groovy:957)
	at Выполнение бизнес-плана сверка дашбордов.GetAllData(Выполнение бизнес-плана сверка дашбордов:970)
	at Выполнение бизнес-плана сверка дашбордов.run(Выполнение бизнес-плана сверка дашбордов:156)
	at com.kms.katalon.core.main.ScriptEngine.run(ScriptEngine.java:194)
	at com.kms.katalon.core.main.ScriptEngine.runScriptAsRawText(ScriptEngine.java:119)
	at com.kms.katalon.core.main.TestCaseExecutor.runScript(TestCaseExecutor.java:448)
	at com.kms.katalon.core.main.TestCaseExecutor.doExecute(TestCaseExecutor.java:439)
	at com.kms.katalon.core.main.TestCaseExecutor.processExecutionPhase(TestCaseExecutor.java:418)
	at com.kms.katalon.core.main.TestCaseExecutor.accessMainPhase(TestCaseExecutor.java:410)
	at com.kms.katalon.core.main.TestCaseExecutor.execute(TestCaseExecutor.java:285)
	at com.kms.katalon.core.common.CommonExecutor.accessTestCaseMainPhase(CommonExecutor.java:65)
	at com.kms.katalon.core.main.TestSuiteExecutor.accessTestSuiteMainPhase(TestSuiteExecutor.java:150)
	at com.kms.katalon.core.main.TestSuiteExecutor.execute(TestSuiteExecutor.java:106)
	at com.kms.katalon.core.main.TestCaseMain.startTestSuite(TestCaseMain.java:180)
	at TempTestSuite1740991900055.run(TempTestSuite1740991900055.groovy:35)
	at java.base/jdk.internal.reflect.NativeMethodAccessorImpl.invoke0(Native Method)
	at java.base/jdk.internal.reflect.NativeMethodAccessorImpl.invoke(NativeMethodAccessorImpl.java:77)
	at java.base/jdk.internal.reflect.DelegatingMethodAccessorImpl.invoke(DelegatingMethodAccessorImpl.java:43)
Caused by: com.kms.katalon.core.exception.StepFailedException: Unable to get text of object 'Object Repository/Выполнение бизнес-плана/Значения со страницы Выполнение бизнес-плана/Table Data/Факт Потери за отчётный период 1'
	... 23 more
Caused by: com.kms.katalon.core.webui.exception.WebElementNotFoundException: Web element with id: 'Object Repository/Выполнение бизнес-плана/Значения со страницы Выполнение бизнес-плана/Table Data/Факт Потери за отчётный период 1' located by '(.//*[normalize-space(text()) and normalize-space(.)='Показатели баланса электроэнергии по ДЗО – Факт'])[2]/following::td[35]' not found
	at com.kms.katalon.core.webui.common.WebUiCommonHelper.findWebElement(WebUiCommonHelper.java:1426)
	at com.kms.katalon.core.webui.keyword.internal.WebUIAbstractKeyword.findWebElement(WebUIAbstractKeyword.groovy:27)
	at com.kms.katalon.core.webui.keyword.internal.WebUIAbstractKeyword.findWebElement(WebUIAbstractKeyword.groovy:26)
	at com.kms.katalon.core.webui.keyword.builtin.GetTextKeyword$_getText_closure1.doCall(GetTextKeyword.groovy:78)
	at com.kms.katalon.core.webui.keyword.builtin.GetTextKeyword$_getText_closure1.call(GetTextKeyword.groovy)
	at com.kms.katalon.core.webui.keyword.internal.WebUIKeywordMain.runKeyword(WebUIKeywordMain.groovy:20)
	... 21 more]]></system-err>
      </testcase>
      <testcase name="Test Cases/Сверки дашбордов/Выручка в рублях сверка дашбордов ПАО Россети" time="3441.498" classname="Test Cases/Сверки дашбордов/Выручка в рублях сверка дашбордов ПАО Россети" status="FAILED">
         <failure type="FAILED" message="Test Cases/Сверки дашбордов/Выручка в рублях сверка дашбордов ПАО Россети FAILED.&#xa;Reason:&#xa;com.kms.katalon.core.exception.StepFailedException: Unable to verify equal between actual object '36556' and expected object '8156' (Root cause: com.kms.katalon.core.exception.StepFailedException: Actual object '36556' and expected object '8156' are not equal&#xa;	at com.kms.katalon.core.keyword.builtin.VerifyEqualKeyword$_verifyEqual_closure1.doCall(VerifyEqualKeyword.groovy:58)&#xa;	at com.kms.katalon.core.keyword.builtin.VerifyEqualKeyword$_verifyEqual_closure1.call(VerifyEqualKeyword.groovy)&#xa;	at com.kms.katalon.core.keyword.internal.KeywordMain.runKeyword(KeywordMain.groovy:75)&#xa;	at com.kms.katalon.core.keyword.builtin.VerifyEqualKeyword.verifyEqual(VerifyEqualKeyword.groovy:63)&#xa;	at com.kms.katalon.core.keyword.builtin.VerifyEqualKeyword.execute(VerifyEqualKeyword.groovy:44)&#xa;	at com.kms.katalon.core.keyword.internal.KeywordExecutor.executeKeywordForPlatform(KeywordExecutor.groovy:74)&#xa;	at com.kms.katalon.core.keyword.BuiltinKeywords.verifyEqual(BuiltinKeywords.groovy:146)&#xa;	at java.base/jdk.internal.reflect.NativeMethodAccessorImpl.invoke0(Native Method)&#xa;	at java.base/jdk.internal.reflect.NativeMethodAccessorImpl.invoke(NativeMethodAccessorImpl.java:77)&#xa;	at java.base/jdk.internal.reflect.DelegatingMethodAccessorImpl.invoke(DelegatingMethodAccessorImpl.java:43)&#xa;	at Выручка в рублях сверка дашбордов ПАО Россети.Blocks(Выручка в рублях сверка дашбордов ПАО Россети:357)&#xa;	at Выручка в рублях сверка дашбордов ПАО Россети.ViruchkaChange(Выручка в рублях сверка дашбордов ПАО Россети:60)&#xa;	at Выручка в рублях сверка дашбордов ПАО Россети.run(Выручка в рублях сверка дашбордов ПАО Россети:55)&#xa;	at com.kms.katalon.core.main.ScriptEngine.run(ScriptEngine.java:194)&#xa;	at com.kms.katalon.core.main.ScriptEngine.runScriptAsRawText(ScriptEngine.java:119)&#xa;	at com.kms.katalon.core.main.TestCaseExecutor.runScript(TestCaseExecutor.java:448)&#xa;	at com.kms.katalon.core.main.TestCaseExecutor.doExecute(TestCaseExecutor.java:439)&#xa;	at com.kms.katalon.core.main.TestCaseExecutor.processExecutionPhase(TestCaseExecutor.java:418)&#xa;	at com.kms.katalon.core.main.TestCaseExecutor.accessMainPhase(TestCaseExecutor.java:410)&#xa;	at com.kms.katalon.core.main.TestCaseExecutor.execute(TestCaseExecutor.java:285)&#xa;	at com.kms.katalon.core.common.CommonExecutor.accessTestCaseMainPhase(CommonExecutor.java:65)&#xa;	at com.kms.katalon.core.main.TestSuiteExecutor.accessTestSuiteMainPhase(TestSuiteExecutor.java:150)&#xa;	at com.kms.katalon.core.main.TestSuiteExecutor.execute(TestSuiteExecutor.java:106)&#xa;	at com.kms.katalon.core.main.TestCaseMain.startTestSuite(TestCaseMain.java:180)&#xa;	at TempTestSuite1740991900055.run(TempTestSuite1740991900055.groovy:35)&#xa;	at java.base/jdk.internal.reflect.NativeMethodAccessorImpl.invoke0(Native Method)&#xa;	at java.base/jdk.internal.reflect.NativeMethodAccessorImpl.invoke(NativeMethodAccessorImpl.java:77)&#xa;	at java.base/jdk.internal.reflect.DelegatingMethodAccessorImpl.invoke(DelegatingMethodAccessorImpl.java:43)&#xa;)&#xa;	at com.kms.katalon.core.keyword.internal.KeywordMain.stepFailed(KeywordMain.groovy:39)&#xa;	at com.kms.katalon.core.keyword.internal.KeywordMain.stepFailed(KeywordMain.groovy)&#xa;	at com.kms.katalon.core.keyword.internal.KeywordMain.runKeyword(KeywordMain.groovy:77)&#xa;	at com.kms.katalon.core.keyword.builtin.VerifyEqualKeyword.verifyEqual(VerifyEqualKeyword.groovy:63)&#xa;	at com.kms.katalon.core.keyword.builtin.VerifyEqualKeyword.execute(VerifyEqualKeyword.groovy:44)&#xa;	at com.kms.katalon.core.keyword.internal.KeywordExecutor.executeKeywordForPlatform(KeywordExecutor.groovy:74)&#xa;	at com.kms.katalon.core.keyword.BuiltinKeywords.verifyEqual(BuiltinKeywords.groovy:146)&#xa;	at java.base/jdk.internal.reflect.NativeMethodAccessorImpl.invoke0(Native Method)&#xa;	at java.base/jdk.internal.reflect.NativeMethodAccessorImpl.invoke(NativeMethodAccessorImpl.java:77)&#xa;	at java.base/jdk.internal.reflect.DelegatingMethodAccessorImpl.invoke(DelegatingMethodAccessorImpl.java:43)&#xa;	at Выручка в рублях сверка дашбордов ПАО Россети.Blocks(Выручка в рублях сверка дашбордов ПАО Россети:357)&#xa;	at Выручка в рублях сверка дашбордов ПАО Россети.ViruchkaChange(Выручка в рублях сверка дашбордов ПАО Россети:60)&#xa;	at Выручка в рублях сверка дашбордов ПАО Россети.run(Выручка в рублях сверка дашбордов ПАО Россети:55)&#xa;	at com.kms.katalon.core.main.ScriptEngine.run(ScriptEngine.java:194)&#xa;	at com.kms.katalon.core.main.ScriptEngine.runScriptAsRawText(ScriptEngine.java:119)&#xa;	at com.kms.katalon.core.main.TestCaseExecutor.runScript(TestCaseExecutor.java:448)&#xa;	at com.kms.katalon.core.main.TestCaseExecutor.doExecute(TestCaseExecutor.java:439)&#xa;	at com.kms.katalon.core.main.TestCaseExecutor.processExecutionPhase(TestCaseExecutor.java:418)&#xa;	at com.kms.katalon.core.main.TestCaseExecutor.accessMainPhase(TestCaseExecutor.java:410)&#xa;	at com.kms.katalon.core.main.TestCaseExecutor.execute(TestCaseExecutor.java:285)&#xa;	at com.kms.katalon.core.common.CommonExecutor.accessTestCaseMainPhase(CommonExecutor.java:65)&#xa;	at com.kms.katalon.core.main.TestSuiteExecutor.accessTestSuiteMainPhase(TestSuiteExecutor.java:150)&#xa;	at com.kms.katalon.core.main.TestSuiteExecutor.execute(TestSuiteExecutor.java:106)&#xa;	at com.kms.katalon.core.main.TestCaseMain.startTestSuite(TestCaseMain.java:180)&#xa;	at TempTestSuite1740991900055.run(TempTestSuite1740991900055.groovy:35)&#xa;	at java.base/jdk.internal.reflect.NativeMethodAccessorImpl.invoke0(Native Method)&#xa;	at java.base/jdk.internal.reflect.NativeMethodAccessorImpl.invoke(NativeMethodAccessorImpl.java:77)&#xa;	at java.base/jdk.internal.reflect.DelegatingMethodAccessorImpl.invoke(DelegatingMethodAccessorImpl.java:43)&#xa;Caused by: com.kms.katalon.core.exception.StepFailedException: Actual object '36556' and expected object '8156' are not equal&#xa;	at com.kms.katalon.core.keyword.builtin.VerifyEqualKeyword$_verifyEqual_closure1.doCall(VerifyEqualKeyword.groovy:58)&#xa;	at com.kms.katalon.core.keyword.builtin.VerifyEqualKeyword$_verifyEqual_closure1.call(VerifyEqualKeyword.groovy)&#xa;	at com.kms.katalon.core.keyword.internal.KeywordMain.runKeyword(KeywordMain.groovy:75)&#xa;	... 25 more&#xa;"/>
         <system-out><![CDATA[03-03-2025T11:56:02 - [TEST_CASE][FAILED] - Test Cases/Сверки дашбордов/Выручка в рублях сверка дашбордов ПАО Россети: Test Cases/Сверки дашбордов/Выручка в рублях сверка дашбордов ПАО Россети FAILED.
Reason:
com.kms.katalon.core.exception.StepFailedException: Unable to verify equal between actual object '36556' and expected object '8156' (Root cause: com.kms.katalon.core.exception.StepFailedException: Actual object '36556' and expected object '8156' are not equal
	at com.kms.katalon.core.keyword.builtin.VerifyEqualKeyword$_verifyEqual_closure1.doCall(VerifyEqualKeyword.groovy:58)
	at com.kms.katalon.core.keyword.builtin.VerifyEqualKeyword$_verifyEqual_closure1.call(VerifyEqualKeyword.groovy)
	at com.kms.katalon.core.keyword.internal.KeywordMain.runKeyword(KeywordMain.groovy:75)
	at com.kms.katalon.core.keyword.builtin.VerifyEqualKeyword.verifyEqual(VerifyEqualKeyword.groovy:63)
	at com.kms.katalon.core.keyword.builtin.VerifyEqualKeyword.execute(VerifyEqualKeyword.groovy:44)
	at com.kms.katalon.core.keyword.internal.KeywordExecutor.executeKeywordForPlatform(KeywordExecutor.groovy:74)
	at com.kms.katalon.core.keyword.BuiltinKeywords.verifyEqual(BuiltinKeywords.groovy:146)
	at java.base/jdk.internal.reflect.NativeMethodAccessorImpl.invoke0(Native Method)
	at java.base/jdk.internal.reflect.NativeMethodAccessorImpl.invoke(NativeMethodAccessorImpl.java:77)
	at java.base/jdk.internal.reflect.DelegatingMethodAccessorImpl.invoke(DelegatingMethodAccessorImpl.java:43)
	at Выручка в рублях сверка дашбордов ПАО Россети.Blocks(Выручка в рублях сверка дашбордов ПАО Россети:357)
	at Выручка в рублях сверка дашбордов ПАО Россети.ViruchkaChange(Выручка в рублях сверка дашбордов ПАО Россети:60)
	at Выручка в рублях сверка дашбордов ПАО Россети.run(Выручка в рублях сверка дашбордов ПАО Россети:55)
	at com.kms.katalon.core.main.ScriptEngine.run(ScriptEngine.java:194)
	at com.kms.katalon.core.main.ScriptEngine.runScriptAsRawText(ScriptEngine.java:119)
	at com.kms.katalon.core.main.TestCaseExecutor.runScript(TestCaseExecutor.java:448)
	at com.kms.katalon.core.main.TestCaseExecutor.doExecute(TestCaseExecutor.java:439)
	at com.kms.katalon.core.main.TestCaseExecutor.processExecutionPhase(TestCaseExecutor.java:418)
	at com.kms.katalon.core.main.TestCaseExecutor.accessMainPhase(TestCaseExecutor.java:410)
	at com.kms.katalon.core.main.TestCaseExecutor.execute(TestCaseExecutor.java:285)
	at com.kms.katalon.core.common.CommonExecutor.accessTestCaseMainPhase(CommonExecutor.java:65)
	at com.kms.katalon.core.main.TestSuiteExecutor.accessTestSuiteMainPhase(TestSuiteExecutor.java:150)
	at com.kms.katalon.core.main.TestSuiteExecutor.execute(TestSuiteExecutor.java:106)
	at com.kms.katalon.core.main.TestCaseMain.startTestSuite(TestCaseMain.java:180)
	at TempTestSuite1740991900055.run(TempTestSuite1740991900055.groovy:35)
	at java.base/jdk.internal.reflect.NativeMethodAccessorImpl.invoke0(Native Method)
	at java.base/jdk.internal.reflect.NativeMethodAccessorImpl.invoke(NativeMethodAccessorImpl.java:77)
	at java.base/jdk.internal.reflect.DelegatingMethodAccessorImpl.invoke(DelegatingMethodAccessorImpl.java:43)
)
	at com.kms.katalon.core.keyword.internal.KeywordMain.stepFailed(KeywordMain.groovy:39)
	at com.kms.katalon.core.keyword.internal.KeywordMain.stepFailed(KeywordMain.groovy)
	at com.kms.katalon.core.keyword.internal.KeywordMain.runKeyword(KeywordMain.groovy:77)
	at com.kms.katalon.core.keyword.builtin.VerifyEqualKeyword.verifyEqual(VerifyEqualKeyword.groovy:63)
	at com.kms.katalon.core.keyword.builtin.VerifyEqualKeyword.execute(VerifyEqualKeyword.groovy:44)
	at com.kms.katalon.core.keyword.internal.KeywordExecutor.executeKeywordForPlatform(KeywordExecutor.groovy:74)
	at com.kms.katalon.core.keyword.BuiltinKeywords.verifyEqual(BuiltinKeywords.groovy:146)
	at java.base/jdk.internal.reflect.NativeMethodAccessorImpl.invoke0(Native Method)
	at java.base/jdk.internal.reflect.NativeMethodAccessorImpl.invoke(NativeMethodAccessorImpl.java:77)
	at java.base/jdk.internal.reflect.DelegatingMethodAccessorImpl.invoke(DelegatingMethodAccessorImpl.java:43)
	at Выручка в рублях сверка дашбордов ПАО Россети.Blocks(Выручка в рублях сверка дашбордов ПАО Россети:357)
	at Выручка в рублях сверка дашбордов ПАО Россети.ViruchkaChange(Выручка в рублях сверка дашбордов ПАО Россети:60)
	at Выручка в рублях сверка дашбордов ПАО Россети.run(Выручка в рублях сверка дашбордов ПАО Россети:55)
	at com.kms.katalon.core.main.ScriptEngine.run(ScriptEngine.java:194)
	at com.kms.katalon.core.main.ScriptEngine.runScriptAsRawText(ScriptEngine.java:119)
	at com.kms.katalon.core.main.TestCaseExecutor.runScript(TestCaseExecutor.java:448)
	at com.kms.katalon.core.main.TestCaseExecutor.doExecute(TestCaseExecutor.java:439)
	at com.kms.katalon.core.main.TestCaseExecutor.processExecutionPhase(TestCaseExecutor.java:418)
	at com.kms.katalon.core.main.TestCaseExecutor.accessMainPhase(TestCaseExecutor.java:410)
	at com.kms.katalon.core.main.TestCaseExecutor.execute(TestCaseExecutor.java:285)
	at com.kms.katalon.core.common.CommonExecutor.accessTestCaseMainPhase(CommonExecutor.java:65)
	at com.kms.katalon.core.main.TestSuiteExecutor.accessTestSuiteMainPhase(TestSuiteExecutor.java:150)
	at com.kms.katalon.core.main.TestSuiteExecutor.execute(TestSuiteExecutor.java:106)
	at com.kms.katalon.core.main.TestCaseMain.startTestSuite(TestCaseMain.java:180)
	at TempTestSuite1740991900055.run(TempTestSuite1740991900055.groovy:35)
	at java.base/jdk.internal.reflect.NativeMethodAccessorImpl.invoke0(Native Method)
	at java.base/jdk.internal.reflect.NativeMethodAccessorImpl.invoke(NativeMethodAccessorImpl.java:77)
	at java.base/jdk.internal.reflect.DelegatingMethodAccessorImpl.invoke(DelegatingMethodAccessorImpl.java:43)
Caused by: com.kms.katalon.core.exception.StepFailedException: Actual object '36556' and expected object '8156' are not equal
	at com.kms.katalon.core.keyword.builtin.VerifyEqualKeyword$_verifyEqual_closure1.doCall(VerifyEqualKeyword.groovy:58)
	at com.kms.katalon.core.keyword.builtin.VerifyEqualKeyword$_verifyEqual_closure1.call(VerifyEqualKeyword.groovy)
	at com.kms.katalon.core.keyword.internal.KeywordMain.runKeyword(KeywordMain.groovy:75)
	... 25 more


03-03-2025T11:56:02 - [TEST_STEP][PASSED] - date = new java.util.Date(): null

03-03-2025T11:56:02 - [TEST_STEP][PASSED] - todaysDate = date.format("dd.MM.yyyy"): null

03-03-2025T11:56:02 - [TEST_STEP][PASSED] - println(todaysDate): null

03-03-2025T11:56:02 - [TEST_STEP][PASSED] - run = 1: null

03-03-2025T11:56:02 - [TEST_STEP][PASSED] - vir = 1: null

03-03-2025T11:56:02 - [TEST_STEP][PASSED] - block = 1: null

03-03-2025T11:56:02 - [TEST_STEP][PASSED] - vidget = <not implemented yet for class: org.codehaus.groovy.ast.expr.EmptyExpression>: null

03-03-2025T11:56:02 - [TEST_STEP][PASSED] - nameOfBlock = <not implemented yet for class: org.codehaus.groovy.ast.expr.EmptyExpression>: null

03-03-2025T11:56:02 - [TEST_STEP][PASSED] - typeOfData = <not implemented yet for class: org.codehaus.groovy.ast.expr.EmptyExpression>: null

03-03-2025T11:56:02 - [TEST_STEP][PASSED] - viruchka = <not implemented yet for class: org.codehaus.groovy.ast.expr.EmptyExpression>: null

03-03-2025T11:56:02 - [TEST_STEP][PASSED] - a = <not implemented yet for class: org.codehaus.groovy.ast.expr.EmptyExpression>: null

03-03-2025T11:56:02 - [TEST_STEP][PASSED] - b = <not implemented yet for class: org.codehaus.groovy.ast.expr.EmptyExpression>: null

03-03-2025T11:56:02 - [TEST_STEP][PASSED] - x = <not implemented yet for class: org.codehaus.groovy.ast.expr.EmptyExpression>: null

03-03-2025T11:56:02 - [TEST_STEP][PASSED] - y = <not implemented yet for class: org.codehaus.groovy.ast.expr.EmptyExpression>: null

03-03-2025T11:56:02 - [TEST_STEP][PASSED] - dZO = "ПАО Россети": null

03-03-2025T11:56:02 - [TEST_STEP][PASSED] - for ([run = 1, run < 3, (run++)]): null

03-03-2025T11:56:02 - [TEST_STEP][PASSED] - Script1710234207206.ViruchkaChange(run, vir, block, nameOfBlock, typeOfData, viruchka, vidget, todaysDate, a, b, dZO, x, y): null

03-03-2025T11:56:02 - [TEST_STEP][PASSED] - for ([vir = 1, vir < 4, (vir++)]): null

03-03-2025T11:56:02 - [TEST_STEP][PASSED] - Script1710234207206.Blocks(run, vir, block, nameOfBlock, typeOfData, viruchka, vidget, todaysDate, a, b, dZO, x, y): null

03-03-2025T11:56:02 - [TEST_STEP][PASSED] - i = <not implemented yet for class: org.codehaus.groovy.ast.expr.EmptyExpression>: null

03-03-2025T11:56:02 - [TEST_STEP][PASSED] - perc = "": null

03-03-2025T11:56:02 - [TEST_STEP][PASSED] - a1 = <not implemented yet for class: org.codehaus.groovy.ast.expr.EmptyExpression>: null

03-03-2025T11:56:02 - [TEST_STEP][PASSED] - a2 = <not implemented yet for class: org.codehaus.groovy.ast.expr.EmptyExpression>: null

03-03-2025T11:56:02 - [TEST_STEP][PASSED] - a30 = <not implemented yet for class: org.codehaus.groovy.ast.expr.EmptyExpression>: null

03-03-2025T11:56:02 - [TEST_STEP][PASSED] - a31 = <not implemented yet for class: org.codehaus.groovy.ast.expr.EmptyExpression>: null

03-03-2025T11:56:02 - [TEST_STEP][PASSED] - a32 = <not implemented yet for class: org.codehaus.groovy.ast.expr.EmptyExpression>: null

03-03-2025T11:56:02 - [TEST_STEP][PASSED] - a33 = <not implemented yet for class: org.codehaus.groovy.ast.expr.EmptyExpression>: null

03-03-2025T11:56:02 - [TEST_STEP][PASSED] - a34 = <not implemented yet for class: org.codehaus.groovy.ast.expr.EmptyExpression>: null

03-03-2025T11:56:02 - [TEST_STEP][PASSED] - a35 = <not implemented yet for class: org.codehaus.groovy.ast.expr.EmptyExpression>: null

03-03-2025T11:56:02 - [TEST_STEP][PASSED] - a36 = <not implemented yet for class: org.codehaus.groovy.ast.expr.EmptyExpression>: null

03-03-2025T11:56:02 - [TEST_STEP][PASSED] - a37 = <not implemented yet for class: org.codehaus.groovy.ast.expr.EmptyExpression>: null

03-03-2025T11:56:02 - [TEST_STEP][PASSED] - a38 = <not implemented yet for class: org.codehaus.groovy.ast.expr.EmptyExpression>: null

03-03-2025T11:56:02 - [TEST_STEP][PASSED] - a39 = <not implemented yet for class: org.codehaus.groovy.ast.expr.EmptyExpression>: null

03-03-2025T11:56:02 - [TEST_STEP][PASSED] - a310 = <not implemented yet for class: org.codehaus.groovy.ast.expr.EmptyExpression>: null

03-03-2025T11:56:02 - [TEST_STEP][PASSED] - a311 = <not implemented yet for class: org.codehaus.groovy.ast.expr.EmptyExpression>: null

03-03-2025T11:56:02 - [TEST_STEP][PASSED] - a312 = <not implemented yet for class: org.codehaus.groovy.ast.expr.EmptyExpression>: null

03-03-2025T11:56:02 - [TEST_STEP][PASSED] - a313 = <not implemented yet for class: org.codehaus.groovy.ast.expr.EmptyExpression>: null

03-03-2025T11:56:02 - [TEST_STEP][PASSED] - a314 = <not implemented yet for class: org.codehaus.groovy.ast.expr.EmptyExpression>: null

03-03-2025T11:56:02 - [TEST_STEP][PASSED] - a315 = <not implemented yet for class: org.codehaus.groovy.ast.expr.EmptyExpression>: null

03-03-2025T11:56:02 - [TEST_STEP][PASSED] - a316 = <not implemented yet for class: org.codehaus.groovy.ast.expr.EmptyExpression>: null

03-03-2025T11:56:02 - [TEST_STEP][PASSED] - a317 = <not implemented yet for class: org.codehaus.groovy.ast.expr.EmptyExpression>: null

03-03-2025T11:56:02 - [TEST_STEP][PASSED] - b1 = <not implemented yet for class: org.codehaus.groovy.ast.expr.EmptyExpression>: null

03-03-2025T11:56:02 - [TEST_STEP][PASSED] - b2 = <not implemented yet for class: org.codehaus.groovy.ast.expr.EmptyExpression>: null

03-03-2025T11:56:02 - [TEST_STEP][PASSED] - b30 = <not implemented yet for class: org.codehaus.groovy.ast.expr.EmptyExpression>: null

03-03-2025T11:56:02 - [TEST_STEP][PASSED] - b31 = <not implemented yet for class: org.codehaus.groovy.ast.expr.EmptyExpression>: null

03-03-2025T11:56:02 - [TEST_STEP][PASSED] - b32 = <not implemented yet for class: org.codehaus.groovy.ast.expr.EmptyExpression>: null

03-03-2025T11:56:02 - [TEST_STEP][PASSED] - b33 = <not implemented yet for class: org.codehaus.groovy.ast.expr.EmptyExpression>: null

03-03-2025T11:56:02 - [TEST_STEP][PASSED] - b34 = <not implemented yet for class: org.codehaus.groovy.ast.expr.EmptyExpression>: null

03-03-2025T11:56:02 - [TEST_STEP][PASSED] - b35 = <not implemented yet for class: org.codehaus.groovy.ast.expr.EmptyExpression>: null

03-03-2025T11:56:02 - [TEST_STEP][PASSED] - b36 = <not implemented yet for class: org.codehaus.groovy.ast.expr.EmptyExpression>: null

03-03-2025T11:56:02 - [TEST_STEP][PASSED] - b37 = <not implemented yet for class: org.codehaus.groovy.ast.expr.EmptyExpression>: null

03-03-2025T11:56:02 - [TEST_STEP][PASSED] - b38 = <not implemented yet for class: org.codehaus.groovy.ast.expr.EmptyExpression>: null

03-03-2025T11:56:02 - [TEST_STEP][PASSED] - b39 = <not implemented yet for class: org.codehaus.groovy.ast.expr.EmptyExpression>: null

03-03-2025T11:56:02 - [TEST_STEP][PASSED] - b310 = <not implemented yet for class: org.codehaus.groovy.ast.expr.EmptyExpression>: null

03-03-2025T11:56:02 - [TEST_STEP][PASSED] - b311 = <not implemented yet for class: org.codehaus.groovy.ast.expr.EmptyExpression>: null

03-03-2025T11:56:02 - [TEST_STEP][PASSED] - b312 = <not implemented yet for class: org.codehaus.groovy.ast.expr.EmptyExpression>: null

03-03-2025T11:56:02 - [TEST_STEP][PASSED] - b313 = <not implemented yet for class: org.codehaus.groovy.ast.expr.EmptyExpression>: null

03-03-2025T11:56:02 - [TEST_STEP][PASSED] - b314 = <not implemented yet for class: org.codehaus.groovy.ast.expr.EmptyExpression>: null

03-03-2025T11:56:02 - [TEST_STEP][PASSED] - b315 = <not implemented yet for class: org.codehaus.groovy.ast.expr.EmptyExpression>: null

03-03-2025T11:56:02 - [TEST_STEP][PASSED] - b316 = <not implemented yet for class: org.codehaus.groovy.ast.expr.EmptyExpression>: null

03-03-2025T11:56:02 - [TEST_STEP][PASSED] - b317 = <not implemented yet for class: org.codehaus.groovy.ast.expr.EmptyExpression>: null

03-03-2025T11:56:02 - [TEST_STEP][PASSED] - block = 1: null

03-03-2025T11:56:02 - [TEST_STEP][PASSED] - nameOfBlock = "": null

03-03-2025T11:56:02 - [TEST_STEP][PASSED] - Script1710234207206.PreSettings(run, vir, block, nameOfBlock, typeOfData, todaysDate): null

03-03-2025T11:56:02 - [TEST_STEP][PASSED] - openBrowser(""): Browser is opened with url: ''

03-03-2025T11:56:02 - [MESSAGE][WARNING] - A browser is already opened. Closing browser and opening a new one

03-03-2025T11:56:03 - [MESSAGE][INFO] - Starting 'Chrome' driver

03-03-2025T11:56:03 - [MESSAGE][INFO] - Action delay is set to 0 milliseconds

03-03-2025T11:56:04 - [MESSAGE][PASSED] - Browser is opened with url: ''

03-03-2025T11:56:04 - [TEST_STEP][PASSED] - refresh(): Refresh successfully

03-03-2025T11:56:04 - [MESSAGE][PASSED] - Refresh successfully

03-03-2025T11:56:04 - [TEST_STEP][PASSED] - delay(50): Delayed 50 second(s)

03-03-2025T11:56:54 - [MESSAGE][PASSED] - Delayed 50 second(s)

03-03-2025T11:56:54 - [TEST_STEP][PASSED] - println("run:" + run): null

03-03-2025T11:56:54 - [TEST_STEP][PASSED] - println("vir:" + vir): null

03-03-2025T11:56:54 - [TEST_STEP][PASSED] - println("block:" + block): null

03-03-2025T11:56:54 - [TEST_STEP][PASSED] - if (block == 1): null

03-03-2025T11:56:54 - [TEST_STEP][PASSED] - nameOfBlock = "": null

03-03-2025T11:56:54 - [TEST_STEP][PASSED] - println("nameOfBlock:" + nameOfBlock): null

03-03-2025T11:56:54 - [TEST_STEP][PASSED] - println("typeOfData:" + typeOfData): null

03-03-2025T11:56:54 - [TEST_STEP][PASSED] - println("todaysDate:" + todaysDate): null

03-03-2025T11:56:54 - [TEST_STEP][PASSED] - Script1710234207206.Autorization(block, nameOfBlock): null

03-03-2025T11:56:54 - [TEST_STEP][PASSED] - i = <not implemented yet for class: org.codehaus.groovy.ast.expr.EmptyExpression>: null

03-03-2025T11:56:54 - [TEST_STEP][PASSED] - ii = <not implemented yet for class: org.codehaus.groovy.ast.expr.EmptyExpression>: null

03-03-2025T11:56:54 - [TEST_STEP][PASSED] - urlData = <not implemented yet for class: org.codehaus.groovy.ast.expr.EmptyExpression>: null

03-03-2025T11:56:54 - [TEST_STEP][PASSED] - searchWord = <not implemented yet for class: org.codehaus.groovy.ast.expr.EmptyExpression>: null

03-03-2025T11:56:54 - [TEST_STEP][PASSED] - urlText = <not implemented yet for class: org.codehaus.groovy.ast.expr.EmptyExpression>: null

03-03-2025T11:56:54 - [TEST_STEP][PASSED] - println("block:" + block): null

03-03-2025T11:56:54 - [TEST_STEP][PASSED] - if (block == 1): null

03-03-2025T11:56:54 - [TEST_STEP][PASSED] - nameOfBlock = "": null

03-03-2025T11:56:54 - [TEST_STEP][PASSED] - println("nameOfBlock:" + nameOfBlock): null

03-03-2025T11:56:54 - [TEST_STEP][PASSED] - if (block == 1): Delayed 45 second(s)

03-03-2025T11:56:54 - [TEST_STEP][PASSED] - urlData = 2: null

03-03-2025T11:56:54 - [TEST_STEP][PASSED] - delay(45): Delayed 45 second(s)

03-03-2025T11:57:39 - [MESSAGE][PASSED] - Delayed 45 second(s)

03-03-2025T11:57:39 - [TEST_STEP][PASSED] - navigateToUrl(findTestData("PlanFact").getValue(10, urlData)): Navigate to 'https://bi.rosseti.digital/viewer?dashboardGuid=2301950b23be4ed89c1df75f2020051e&sheetGuid=b723206f698544fb87299f3095c00435&fit=true' successfully

03-03-2025T11:57:54 - [MESSAGE][PASSED] - Navigate to 'https://bi.rosseti.digital/viewer?dashboardGuid=2301950b23be4ed89c1df75f2020051e&sheetGuid=b723206f698544fb87299f3095c00435&fit=true' successfully

03-03-2025T11:57:54 - [TEST_STEP][PASSED] - urlText = getText(findTestObject("Страница авторизации/Text")): Text of object 'Object Repository/Страница авторизации/Text' is: 'Вход'

03-03-2025T11:57:54 - [MESSAGE][PASSED] - Text of object 'Object Repository/Страница авторизации/Text' is: 'Вход'

03-03-2025T11:57:54 - [TEST_STEP][PASSED] - searchWord = "Вход": null

03-03-2025T11:57:54 - [TEST_STEP][PASSED] - if (urlText == null || urlText.contains("ошибка") || urlText.contains(searchWord) == false): null

03-03-2025T11:57:54 - [TEST_STEP][PASSED] - if (verifyElementPresent(findTestObject("Страница авторизации/button_"), 30) == true): null

03-03-2025T11:57:54 - [MESSAGE][PASSED] - Object 'Object Repository/Страница авторизации/button_' is present

03-03-2025T11:57:54 - [TEST_STEP][PASSED] - setText(findTestObject("Страница авторизации/input__username"), findTestData("PlanFact").getValue(8, 1)): Text 'liazgina-di' is set on object 'Object Repository/Страница авторизации/input__username'

03-03-2025T11:57:55 - [MESSAGE][PASSED] - Text 'liazgina-di' is set on object 'Object Repository/Страница авторизации/input__username'

03-03-2025T11:57:55 - [TEST_STEP][PASSED] - setText(findTestObject("Страница авторизации/input__password"), findTestData("PlanFact").getValue(9, 1)): Text ')$%5srZ8o688Dm#q' is set on object 'Object Repository/Страница авторизации/input__password'

03-03-2025T11:57:56 - [MESSAGE][PASSED] - Text ')$%5srZ8o688Dm#q' is set on object 'Object Repository/Страница авторизации/input__password'

03-03-2025T11:57:56 - [TEST_STEP][PASSED] - click(findTestObject("Страница авторизации/button_")): Object: 'Object Repository/Страница авторизации/button_' is clicked on

03-03-2025T11:57:57 - [MESSAGE][PASSED] - Object: 'Object Repository/Страница авторизации/button_' is clicked on

03-03-2025T11:57:57 - [TEST_STEP][PASSED] - delay(45): Delayed 45 second(s)

03-03-2025T11:58:42 - [MESSAGE][PASSED] - Delayed 45 second(s)

03-03-2025T11:58:42 - [TEST_STEP][PASSED] - urlText = getText(findTestObject("Страница авторизации/Text")): Text of object 'Object Repository/Страница авторизации/Text' is: 'Период
Январь 2025 года
Выручка
Все
Выполнение плановых показателей по ПАО Россети за Январь 2025 года
План
Факт
Динамика
2025 год
0 млн.руб.
20 000 млн.руб.
40 000 млн.руб.
60 000 млн.руб.
80 000 млн.руб.
100 000 млн.руб.
120 000 млн.руб.
140 000 млн.руб.
160 000 млн.руб.
180 000 млн.руб.
200 000 млн.руб.
121 309
157 865
↑
ДЗО 
ПАО Россети
Внутренний оборот - выручка за услуги по передаче электрической энергии, учтенная в выручке за электроэнергию для конечных потребителей, при выполнении ДЗО функций гарантирующего поставщика
Подписи данных
⬤Отклонение
АО "РЭС"
АО «Тываэнерго»
АО «Чеченэнерго»
Россети Волга
Россети Кубань
Россети Ленэнерго (ГК)
Россети Московский регион
Россети Северный Кавказ (ГК)
Россети Северо-Запад
Россети Сибирь (ГК)
Россети Томск
Россети Тюмень
Россети Урал (ГК)
Россети ФСК ЕЭС
Россети Центр
Россети Центр и Приволжье (ГК)
Россети Юг (ГК)
Россети Янтарь
-2 000 млн.руб.
0 млн.руб.
2 000 млн.руб.
4 000 млн.руб.
6 000 млн.руб.
8 000 млн.руб.
10 000 млн.руб.
12 000 млн.руб.
14 000 млн.руб.
-73
274
463
1 630
-54
-403
8 709
3 799
-251
11 296
-58
-1 104
-474
-59
-675
13 055
500
-19
млн.
%
Выручка
Отклонение выручки по ПАО Россети за Январь 2025 года (факт/план, млн. руб)
ПАО Россети
36 556 млн.руб.
 '

03-03-2025T11:58:43 - [MESSAGE][PASSED] - Text of object 'Object Repository/Страница авторизации/Text' is: 'Период
Январь 2025 года
Выручка
Все
Выполнение плановых показателей по ПАО Россети за Январь 2025 года
План
Факт
Динамика
2025 год
0 млн.руб.
20 000 млн.руб.
40 000 млн.руб.
60 000 млн.руб.
80 000 млн.руб.
100 000 млн.руб.
120 000 млн.руб.
140 000 млн.руб.
160 000 млн.руб.
180 000 млн.руб.
200 000 млн.руб.
121 309
157 865
↑
ДЗО 
ПАО Россети
Внутренний оборот - выручка за услуги по передаче электрической энергии, учтенная в выручке за электроэнергию для конечных потребителей, при выполнении ДЗО функций гарантирующего поставщика
Подписи данных
⬤Отклонение
АО "РЭС"
АО «Тываэнерго»
АО «Чеченэнерго»
Россети Волга
Россети Кубань
Россети Ленэнерго (ГК)
Россети Московский регион
Россети Северный Кавказ (ГК)
Россети Северо-Запад
Россети Сибирь (ГК)
Россети Томск
Россети Тюмень
Россети Урал (ГК)
Россети ФСК ЕЭС
Россети Центр
Россети Центр и Приволжье (ГК)
Россети Юг (ГК)
Россети Янтарь
-2 000 млн.руб.
0 млн.руб.
2 000 млн.руб.
4 000 млн.руб.
6 000 млн.руб.
8 000 млн.руб.
10 000 млн.руб.
12 000 млн.руб.
14 000 млн.руб.
-73
274
463
1 630
-54
-403
8 709
3 799
-251
11 296
-58
-1 104
-474
-59
-675
13 055
500
-19
млн.
%
Выручка
Отклонение выручки по ПАО Россети за Январь 2025 года (факт/план, млн. руб)
ПАО Россети
36 556 млн.руб.
 '

03-03-2025T11:58:43 - [TEST_STEP][PASSED] - searchWord = "а": null

03-03-2025T11:58:43 - [TEST_STEP][PASSED] - if (urlText.contains("ошибка") || urlText.contains(searchWord) == false): null

03-03-2025T11:58:43 - [TEST_STEP][PASSED] - delay(45): Delayed 45 second(s)

03-03-2025T11:59:28 - [MESSAGE][PASSED] - Delayed 45 second(s)

03-03-2025T11:59:28 - [TEST_STEP][PASSED] - if (block == 2): null

03-03-2025T11:59:28 - [TEST_STEP][PASSED] - click(findTestObject("Выручка в рублях/Фильтр Период" + nameOfBlock)): Object: 'Object Repository/Выручка в рублях/Фильтр Период' is clicked on

03-03-2025T11:59:29 - [MESSAGE][PASSED] - Object: 'Object Repository/Выручка в рублях/Фильтр Период' is clicked on

03-03-2025T11:59:29 - [TEST_STEP][PASSED] - click(findTestObject("Выручка в рублях/Снять выделение в фильтре Дата" + nameOfBlock)): Object: 'Object Repository/Выручка в рублях/Снять выделение в фильтре Дата' is clicked on

03-03-2025T11:59:29 - [MESSAGE][PASSED] - Object: 'Object Repository/Выручка в рублях/Снять выделение в фильтре Дата' is clicked on

03-03-2025T11:59:29 - [TEST_STEP][PASSED] - click(findTestObject("Выручка в рублях/Применить в фильтре Дата" + nameOfBlock)): Object: 'Object Repository/Выручка в рублях/Применить в фильтре Дата' is clicked on

03-03-2025T11:59:30 - [MESSAGE][PASSED] - Object: 'Object Repository/Выручка в рублях/Применить в фильтре Дата' is clicked on

03-03-2025T11:59:30 - [TEST_STEP][PASSED] - delay(50): Delayed 50 second(s)

03-03-2025T12:00:20 - [MESSAGE][PASSED] - Delayed 50 second(s)

03-03-2025T12:00:20 - [TEST_STEP][PASSED] - click(findTestObject("Выручка в рублях/Фильтр Период" + nameOfBlock)): Object: 'Object Repository/Выручка в рублях/Фильтр Период' is clicked on

03-03-2025T12:00:20 - [MESSAGE][PASSED] - Object: 'Object Repository/Выручка в рублях/Фильтр Период' is clicked on

03-03-2025T12:00:20 - [TEST_STEP][PASSED] - click(findTestObject("Выручка в рублях/Снять выделение в фильтре Дата" + nameOfBlock)): Object: 'Object Repository/Выручка в рублях/Снять выделение в фильтре Дата' is clicked on

03-03-2025T12:00:21 - [MESSAGE][PASSED] - Object: 'Object Repository/Выручка в рублях/Снять выделение в фильтре Дата' is clicked on

03-03-2025T12:00:21 - [TEST_STEP][PASSED] - scrollToElement(findTestObject("Выручка в рублях/2025 список" + nameOfBlock), 30): Scroll to object 'Object Repository/Выручка в рублях/2025 список' successfully

03-03-2025T12:00:21 - [MESSAGE][PASSED] - Scroll to object 'Object Repository/Выручка в рублях/2025 список' successfully

03-03-2025T12:00:21 - [TEST_STEP][PASSED] - click(findTestObject("Выручка в рублях/2025 список" + nameOfBlock)): Object: 'Object Repository/Выручка в рублях/2025 список' is clicked on

03-03-2025T12:00:21 - [MESSAGE][PASSED] - Object: 'Object Repository/Выручка в рублях/2025 список' is clicked on

03-03-2025T12:00:21 - [TEST_STEP][PASSED] - scrollToElement(findTestObject("Выручка в рублях/1 квартал 2025 список Выручка"), 30): Scroll to object 'Object Repository/Выручка в рублях/1 квартал 2025 список Выручка' successfully

03-03-2025T12:00:22 - [MESSAGE][PASSED] - Scroll to object 'Object Repository/Выручка в рублях/1 квартал 2025 список Выручка' successfully

03-03-2025T12:00:22 - [TEST_STEP][PASSED] - click(findTestObject("Выручка в рублях/1 квартал 2025 список" + nameOfBlock)): Object: 'Object Repository/Выручка в рублях/1 квартал 2025 список' is clicked on

03-03-2025T12:00:22 - [MESSAGE][PASSED] - Object: 'Object Repository/Выручка в рублях/1 квартал 2025 список' is clicked on

03-03-2025T12:00:22 - [TEST_STEP][PASSED] - scrollToElement(findTestObject("Выручка в рублях/Январь 2025" + nameOfBlock), 30): Scroll to object 'Object Repository/Выручка в рублях/Январь 2025' successfully

03-03-2025T12:00:22 - [MESSAGE][PASSED] - Scroll to object 'Object Repository/Выручка в рублях/Январь 2025' successfully

03-03-2025T12:00:22 - [TEST_STEP][PASSED] - click(findTestObject("Выручка в рублях/Январь 2025" + nameOfBlock)): Object: 'Object Repository/Выручка в рублях/Январь 2025' is clicked on

03-03-2025T12:00:23 - [MESSAGE][PASSED] - Object: 'Object Repository/Выручка в рублях/Январь 2025' is clicked on

03-03-2025T12:00:23 - [TEST_STEP][PASSED] - scrollToElement(findTestObject("Выручка в рублях/Заголовок дашборда" + nameOfBlock), 30): Scroll to object 'Object Repository/Выручка в рублях/Заголовок дашборда' successfully

03-03-2025T12:00:23 - [MESSAGE][PASSED] - Scroll to object 'Object Repository/Выручка в рублях/Заголовок дашборда' successfully

03-03-2025T12:00:23 - [TEST_STEP][PASSED] - click(findTestObject("Выручка в рублях/Применить в фильтре Дата" + nameOfBlock)): Object: 'Object Repository/Выручка в рублях/Применить в фильтре Дата' is clicked on

03-03-2025T12:00:24 - [MESSAGE][PASSED] - Object: 'Object Repository/Выручка в рублях/Применить в фильтре Дата' is clicked on

03-03-2025T12:00:24 - [TEST_STEP][PASSED] - delay(55): Delayed 55 second(s)

03-03-2025T12:01:19 - [MESSAGE][PASSED] - Delayed 55 second(s)

03-03-2025T12:01:19 - [TEST_STEP][PASSED] - click(findTestObject("Выручка в рублях/Фильтр ДЗО" + nameOfBlock)): Object: 'Object Repository/Выручка в рублях/Фильтр ДЗО' is clicked on

03-03-2025T12:01:19 - [MESSAGE][PASSED] - Object: 'Object Repository/Выручка в рублях/Фильтр ДЗО' is clicked on

03-03-2025T12:01:19 - [TEST_STEP][PASSED] - click(findTestObject("Выручка в рублях/Снять выделение в фильтре ДЗО" + nameOfBlock)): Object: 'Object Repository/Выручка в рублях/Снять выделение в фильтре ДЗО' is clicked on

03-03-2025T12:01:20 - [MESSAGE][PASSED] - Object: 'Object Repository/Выручка в рублях/Снять выделение в фильтре ДЗО' is clicked on

03-03-2025T12:01:20 - [TEST_STEP][PASSED] - click(findTestObject("Выручка в рублях/Применить в фильтре ДЗО" + nameOfBlock)): Object: 'Object Repository/Выручка в рублях/Применить в фильтре ДЗО' is clicked on

03-03-2025T12:01:20 - [MESSAGE][PASSED] - Object: 'Object Repository/Выручка в рублях/Применить в фильтре ДЗО' is clicked on

03-03-2025T12:01:20 - [TEST_STEP][PASSED] - delay(50): Delayed 50 second(s)

03-03-2025T12:02:10 - [MESSAGE][PASSED] - Delayed 50 second(s)

03-03-2025T12:02:10 - [TEST_STEP][PASSED] - Script1710234207206.Tumbler(run, vir, block, nameOfBlock): null

03-03-2025T12:02:10 - [TEST_STEP][PASSED] - println("run:" + run): null

03-03-2025T12:02:10 - [TEST_STEP][PASSED] - println("vir:" + vir): null

03-03-2025T12:02:10 - [TEST_STEP][PASSED] - println("block:" + block): null

03-03-2025T12:02:10 - [TEST_STEP][PASSED] - println("nameOfBlock:" + nameOfBlock): null

03-03-2025T12:02:10 - [TEST_STEP][PASSED] - if (vir == 1): null

03-03-2025T12:02:10 - [TEST_STEP][PASSED] - if (run == 2): null

03-03-2025T12:02:10 - [TEST_STEP][PASSED] - click(findTestObject("Выручка в рублях/Фильтр ДЗО" + nameOfBlock)): Object: 'Object Repository/Выручка в рублях/Фильтр ДЗО' is clicked on

03-03-2025T12:02:10 - [MESSAGE][PASSED] - Object: 'Object Repository/Выручка в рублях/Фильтр ДЗО' is clicked on

03-03-2025T12:02:10 - [TEST_STEP][PASSED] - Script1710234207206.Rosseti(nameOfBlock): null

03-03-2025T12:02:10 - [TEST_STEP][PASSED] - println("nameOfBlock:" + nameOfBlock): null

03-03-2025T12:02:10 - [TEST_STEP][PASSED] - click(findTestObject("Выручка в рублях/ПАО Россети" + nameOfBlock)): Object: 'Object Repository/Выручка в рублях/ПАО Россети' is clicked on

03-03-2025T12:02:11 - [MESSAGE][PASSED] - Object: 'Object Repository/Выручка в рублях/ПАО Россети' is clicked on

03-03-2025T12:02:11 - [TEST_STEP][PASSED] - click(findTestObject("Выручка в рублях/Применить в фильтре ДЗО" + nameOfBlock)): Object: 'Object Repository/Выручка в рублях/Применить в фильтре ДЗО' is clicked on

03-03-2025T12:02:12 - [MESSAGE][PASSED] - Object: 'Object Repository/Выручка в рублях/Применить в фильтре ДЗО' is clicked on

03-03-2025T12:02:12 - [TEST_STEP][PASSED] - if (run == 2): null

03-03-2025T12:02:12 - [TEST_STEP][PASSED] - if (vir == 1 || vir == 2): Text of object 'Object Repository/Выручка в рублях/График План' is: '121 309'

03-03-2025T12:02:12 - [TEST_STEP][PASSED] - a1 = getText(findTestObject("Выручка в рублях/График План")): Text of object 'Object Repository/Выручка в рублях/График План' is: '121 309'

03-03-2025T12:02:17 - [MESSAGE][PASSED] - Text of object 'Object Repository/Выручка в рублях/График План' is: '121 309'

03-03-2025T12:02:17 - [TEST_STEP][PASSED] - if (vir == 1 || vir == 2): Text of object 'Object Repository/Выручка в рублях/График Факт' is: '157 865'

03-03-2025T12:02:17 - [TEST_STEP][PASSED] - a2 = getText(findTestObject("Выручка в рублях/График Факт")): Text of object 'Object Repository/Выручка в рублях/График Факт' is: '157 865'

03-03-2025T12:02:18 - [MESSAGE][PASSED] - Text of object 'Object Repository/Выручка в рублях/График Факт' is: '157 865'

03-03-2025T12:02:18 - [TEST_STEP][PASSED] - a30 = getText(findTestObject("Выручка в рублях/span1" + perc)): Text of object 'Object Repository/Выручка в рублях/span1' is: '36 556 млн.руб.'

03-03-2025T12:02:18 - [MESSAGE][PASSED] - Text of object 'Object Repository/Выручка в рублях/span1' is: '36 556 млн.руб.'

03-03-2025T12:02:18 - [TEST_STEP][PASSED] - i = a30.indexOf("млн.руб."): null

03-03-2025T12:02:18 - [TEST_STEP][PASSED] - if (i > -1): null

03-03-2025T12:02:18 - [TEST_STEP][PASSED] - a30 = a30.substring(0, i): null

03-03-2025T12:02:18 - [TEST_STEP][PASSED] - a30 = a30.replaceAll(" ", ""): null

03-03-2025T12:02:18 - [TEST_STEP][PASSED] - if (a30.contains("%")): null

03-03-2025T12:02:18 - [TEST_STEP][PASSED] - a30 = ").trim(): null

03-03-2025T12:02:18 - [TEST_STEP][PASSED] - println("a30: " + a30): null

03-03-2025T12:02:18 - [TEST_STEP][PASSED] - if (vir == 1 || vir == 2): Text of object 'Object Repository/Выручка в рублях/span2' is: '274'

03-03-2025T12:02:18 - [TEST_STEP][PASSED] - a31 = ").trim(): Text of object 'Object Repository/Выручка в рублях/span2' is: '274'

03-03-2025T12:02:18 - [MESSAGE][PASSED] - Text of object 'Object Repository/Выручка в рублях/span2' is: '274'

03-03-2025T12:02:18 - [TEST_STEP][PASSED] - if (vir == 1 || vir == 2): Text of object 'Object Repository/Выручка в рублях/span3' is: '463'

03-03-2025T12:02:18 - [TEST_STEP][PASSED] - a32 = ").trim(): Text of object 'Object Repository/Выручка в рублях/span3' is: '463'

03-03-2025T12:02:19 - [MESSAGE][PASSED] - Text of object 'Object Repository/Выручка в рублях/span3' is: '463'

03-03-2025T12:02:19 - [TEST_STEP][PASSED] - if (vir == 1 || vir == 2): Text of object 'Object Repository/Выручка в рублях/span8' is: '3 799'

03-03-2025T12:02:19 - [TEST_STEP][PASSED] - a33 = ").trim(): Text of object 'Object Repository/Выручка в рублях/span4' is: '1 630'

03-03-2025T12:02:19 - [MESSAGE][PASSED] - Text of object 'Object Repository/Выручка в рублях/span4' is: '1 630'

03-03-2025T12:02:19 - [TEST_STEP][PASSED] - a34 = ").trim(): Text of object 'Object Repository/Выручка в рублях/span5' is: '-54'

03-03-2025T12:02:19 - [MESSAGE][PASSED] - Text of object 'Object Repository/Выручка в рублях/span5' is: '-54'

03-03-2025T12:02:19 - [TEST_STEP][PASSED] - a35 = ").trim(): Text of object 'Object Repository/Выручка в рублях/span6' is: '-403'

03-03-2025T12:02:19 - [MESSAGE][PASSED] - Text of object 'Object Repository/Выручка в рублях/span6' is: '-403'

03-03-2025T12:02:19 - [TEST_STEP][PASSED] - a36 = ").trim(): Text of object 'Object Repository/Выручка в рублях/span7' is: '8 709'

03-03-2025T12:02:20 - [MESSAGE][PASSED] - Text of object 'Object Repository/Выручка в рублях/span7' is: '8 709'

03-03-2025T12:02:20 - [TEST_STEP][PASSED] - a37 = ").trim(): Text of object 'Object Repository/Выручка в рублях/span8' is: '3 799'

03-03-2025T12:02:20 - [MESSAGE][PASSED] - Text of object 'Object Repository/Выручка в рублях/span8' is: '3 799'

03-03-2025T12:02:20 - [TEST_STEP][PASSED] - if (vir == 1 || vir == 2): Text of object 'Object Repository/Выручка в рублях/span17' is: '500'

03-03-2025T12:02:20 - [TEST_STEP][PASSED] - a38 = ").trim(): Text of object 'Object Repository/Выручка в рублях/span9' is: '-251'

03-03-2025T12:02:20 - [MESSAGE][PASSED] - Text of object 'Object Repository/Выручка в рублях/span9' is: '-251'

03-03-2025T12:02:20 - [TEST_STEP][PASSED] - a39 = ").trim(): Text of object 'Object Repository/Выручка в рублях/span10' is: '11 296'

03-03-2025T12:02:21 - [MESSAGE][PASSED] - Text of object 'Object Repository/Выручка в рублях/span10' is: '11 296'

03-03-2025T12:02:21 - [TEST_STEP][PASSED] - a310 = ").trim(): Text of object 'Object Repository/Выручка в рублях/span11' is: '-58'

03-03-2025T12:02:21 - [MESSAGE][PASSED] - Text of object 'Object Repository/Выручка в рублях/span11' is: '-58'

03-03-2025T12:02:21 - [TEST_STEP][PASSED] - a311 = ").trim(): Text of object 'Object Repository/Выручка в рублях/span12' is: '-1 104'

03-03-2025T12:02:21 - [MESSAGE][PASSED] - Text of object 'Object Repository/Выручка в рублях/span12' is: '-1 104'

03-03-2025T12:02:21 - [TEST_STEP][PASSED] - a312 = ").trim(): Text of object 'Object Repository/Выручка в рублях/span13' is: '-474'

03-03-2025T12:02:22 - [MESSAGE][PASSED] - Text of object 'Object Repository/Выручка в рублях/span13' is: '-474'

03-03-2025T12:02:22 - [TEST_STEP][PASSED] - a313 = ").trim(): Text of object 'Object Repository/Выручка в рублях/span14' is: '-59'

03-03-2025T12:02:22 - [MESSAGE][PASSED] - Text of object 'Object Repository/Выручка в рублях/span14' is: '-59'

03-03-2025T12:02:22 - [TEST_STEP][PASSED] - a314 = ").trim(): Text of object 'Object Repository/Выручка в рублях/span15' is: '-675'

03-03-2025T12:02:22 - [MESSAGE][PASSED] - Text of object 'Object Repository/Выручка в рублях/span15' is: '-675'

03-03-2025T12:02:22 - [TEST_STEP][PASSED] - a315 = ").trim(): Text of object 'Object Repository/Выручка в рублях/span16' is: '13 055'

03-03-2025T12:02:22 - [MESSAGE][PASSED] - Text of object 'Object Repository/Выручка в рублях/span16' is: '13 055'

03-03-2025T12:02:22 - [TEST_STEP][PASSED] - a316 = ").trim(): Text of object 'Object Repository/Выручка в рублях/span17' is: '500'

03-03-2025T12:02:23 - [MESSAGE][PASSED] - Text of object 'Object Repository/Выручка в рублях/span17' is: '500'

03-03-2025T12:02:23 - [TEST_STEP][PASSED] - if (vir == 1 || vir == 2): Text of object 'Object Repository/Выручка в рублях/span18' is: '-19'

03-03-2025T12:02:23 - [TEST_STEP][PASSED] - a317 = ").trim(): Text of object 'Object Repository/Выручка в рублях/span18' is: '-19'

03-03-2025T12:02:23 - [MESSAGE][PASSED] - Text of object 'Object Repository/Выручка в рублях/span18' is: '-19'

03-03-2025T12:02:23 - [TEST_STEP][PASSED] - block = 2: null

03-03-2025T12:02:23 - [TEST_STEP][PASSED] - nameOfBlock = " Выручка": null

03-03-2025T12:02:23 - [TEST_STEP][PASSED] - Script1710234207206.PreSettings(run, vir, block, nameOfBlock, typeOfData, todaysDate): null

03-03-2025T12:02:23 - [TEST_STEP][PASSED] - openBrowser(""): Browser is opened with url: ''

03-03-2025T12:02:23 - [MESSAGE][WARNING] - A browser is already opened. Closing browser and opening a new one

03-03-2025T12:02:23 - [MESSAGE][INFO] - Starting 'Chrome' driver

03-03-2025T12:02:23 - [MESSAGE][INFO] - Action delay is set to 0 milliseconds

03-03-2025T12:02:24 - [MESSAGE][PASSED] - Browser is opened with url: ''

03-03-2025T12:02:24 - [TEST_STEP][PASSED] - refresh(): Refresh successfully

03-03-2025T12:02:24 - [MESSAGE][PASSED] - Refresh successfully

03-03-2025T12:02:24 - [TEST_STEP][PASSED] - delay(50): Delayed 50 second(s)

03-03-2025T12:03:14 - [MESSAGE][PASSED] - Delayed 50 second(s)

03-03-2025T12:03:14 - [TEST_STEP][PASSED] - println("run:" + run): null

03-03-2025T12:03:14 - [TEST_STEP][PASSED] - println("vir:" + vir): null

03-03-2025T12:03:14 - [TEST_STEP][PASSED] - println("block:" + block): null

03-03-2025T12:03:14 - [TEST_STEP][PASSED] - if (block == 1): null

03-03-2025T12:03:14 - [TEST_STEP][PASSED] - else: null

03-03-2025T12:03:14 - [TEST_STEP][PASSED] - nameOfBlock = " Выручка": null

03-03-2025T12:03:14 - [TEST_STEP][PASSED] - println("nameOfBlock:" + nameOfBlock): null

03-03-2025T12:03:14 - [TEST_STEP][PASSED] - println("typeOfData:" + typeOfData): null

03-03-2025T12:03:14 - [TEST_STEP][PASSED] - println("todaysDate:" + todaysDate): null

03-03-2025T12:03:14 - [TEST_STEP][PASSED] - Script1710234207206.Autorization(block, nameOfBlock): null

03-03-2025T12:03:14 - [TEST_STEP][PASSED] - i = <not implemented yet for class: org.codehaus.groovy.ast.expr.EmptyExpression>: null

03-03-2025T12:03:14 - [TEST_STEP][PASSED] - ii = <not implemented yet for class: org.codehaus.groovy.ast.expr.EmptyExpression>: null

03-03-2025T12:03:14 - [TEST_STEP][PASSED] - urlData = <not implemented yet for class: org.codehaus.groovy.ast.expr.EmptyExpression>: null

03-03-2025T12:03:14 - [TEST_STEP][PASSED] - searchWord = <not implemented yet for class: org.codehaus.groovy.ast.expr.EmptyExpression>: null

03-03-2025T12:03:14 - [TEST_STEP][PASSED] - urlText = <not implemented yet for class: org.codehaus.groovy.ast.expr.EmptyExpression>: null

03-03-2025T12:03:14 - [TEST_STEP][PASSED] - println("block:" + block): null

03-03-2025T12:03:14 - [TEST_STEP][PASSED] - if (block == 1): null

03-03-2025T12:03:14 - [TEST_STEP][PASSED] - else: null

03-03-2025T12:03:14 - [TEST_STEP][PASSED] - delay(45): Delayed 45 second(s)

03-03-2025T12:03:59 - [MESSAGE][PASSED] - Delayed 45 second(s)

03-03-2025T12:03:59 - [TEST_STEP][PASSED] - nameOfBlock = " Выручка": null

03-03-2025T12:03:59 - [TEST_STEP][PASSED] - println("nameOfBlock:" + nameOfBlock): null

03-03-2025T12:03:59 - [TEST_STEP][PASSED] - if (block == 1): null

03-03-2025T12:03:59 - [TEST_STEP][PASSED] - else: Delayed 45 second(s)

03-03-2025T12:03:59 - [TEST_STEP][PASSED] - urlData = 9: null

03-03-2025T12:03:59 - [TEST_STEP][PASSED] - delay(45): Delayed 45 second(s)

03-03-2025T12:04:44 - [MESSAGE][PASSED] - Delayed 45 second(s)

03-03-2025T12:04:44 - [TEST_STEP][PASSED] - navigateToUrl(findTestData("PlanFact").getValue(10, urlData)): Navigate to 'https://bi.rosseti.digital/viewer?dashboardGuid=a1fd28b3785d443cbc4d7690a1d78e31&sheetGuid=86092a20c5984827a0c87b24cac76a50&fit=true' successfully

03-03-2025T12:04:59 - [MESSAGE][PASSED] - Navigate to 'https://bi.rosseti.digital/viewer?dashboardGuid=a1fd28b3785d443cbc4d7690a1d78e31&sheetGuid=86092a20c5984827a0c87b24cac76a50&fit=true' successfully

03-03-2025T12:04:59 - [TEST_STEP][PASSED] - urlText = getText(findTestObject("Страница авторизации/Text")): Text of object 'Object Repository/Страница авторизации/Text' is: 'Вход'

03-03-2025T12:05:01 - [MESSAGE][PASSED] - Text of object 'Object Repository/Страница авторизации/Text' is: 'Вход'

03-03-2025T12:05:01 - [TEST_STEP][PASSED] - searchWord = "Вход": null

03-03-2025T12:05:01 - [TEST_STEP][PASSED] - if (urlText == null || urlText.contains("ошибка") || urlText.contains(searchWord) == false): null

03-03-2025T12:05:01 - [TEST_STEP][PASSED] - if (verifyElementPresent(findTestObject("Страница авторизации/button_"), 30) == true): null

03-03-2025T12:05:01 - [MESSAGE][PASSED] - Object 'Object Repository/Страница авторизации/button_' is present

03-03-2025T12:05:01 - [TEST_STEP][PASSED] - setText(findTestObject("Страница авторизации/input__username"), findTestData("PlanFact").getValue(8, 1)): Text 'liazgina-di' is set on object 'Object Repository/Страница авторизации/input__username'

03-03-2025T12:05:02 - [MESSAGE][PASSED] - Text 'liazgina-di' is set on object 'Object Repository/Страница авторизации/input__username'

03-03-2025T12:05:02 - [TEST_STEP][PASSED] - setText(findTestObject("Страница авторизации/input__password"), findTestData("PlanFact").getValue(9, 1)): Text ')$%5srZ8o688Dm#q' is set on object 'Object Repository/Страница авторизации/input__password'

03-03-2025T12:05:03 - [MESSAGE][PASSED] - Text ')$%5srZ8o688Dm#q' is set on object 'Object Repository/Страница авторизации/input__password'

03-03-2025T12:05:03 - [TEST_STEP][PASSED] - click(findTestObject("Страница авторизации/button_")): Object: 'Object Repository/Страница авторизации/button_' is clicked on

03-03-2025T12:05:05 - [MESSAGE][PASSED] - Object: 'Object Repository/Страница авторизации/button_' is clicked on

03-03-2025T12:05:05 - [TEST_STEP][PASSED] - delay(45): Delayed 45 second(s)

03-03-2025T12:05:50 - [MESSAGE][PASSED] - Delayed 45 second(s)

03-03-2025T12:05:50 - [TEST_STEP][PASSED] - urlText = getText(findTestObject("Страница авторизации/Text")): Text of object 'Object Repository/Страница авторизации/Text' is: 'Период
Январь 2025 года
Выручка
Все
Выполнение плановых показателей по ПАО Россети за Январь 2025 года
План
Факт
Динамика
2025 год
0 млн.руб.
20 000 млн.руб.
40 000 млн.руб.
60 000 млн.руб.
80 000 млн.руб.
100 000 млн.руб.
120 000 млн.руб.
140 000 млн.руб.
160 000 млн.руб.
180 000 млн.руб.
200 000 млн.руб.
121 309
157 865
↑
ДЗО 
Все
Подписи данных
⬤Отклонение
АО "РЭС"
АО «Тываэнерго»
АО «Чеченэнерго»
Россети Волга
Россети Кубань
Россети Ленэнерго (ГК)
Россети Московский регион
Россети Северный Кавказ (ГК)
Россети Северо-Запад
Россети Сибирь (ГК)
Россети Томск
Россети Тюмень
Россети Урал (ГК)
Россети ФСК ЕЭС
Россети Центр
Россети Центр и Приволжье (ГК)
Россети Юг (ГК)
Россети Янтарь
-2 000млн.руб.
0 млн.руб.
2 000млн.руб.
4 000млн.руб.
6 000млн.руб.
8 000млн.руб.
10 000млн.руб.
12 000млн.руб.
14 0…
-73
23
-83
-295
-54
-403
-927
-606
-251
348
-58
-1 104
-474
-59
-675
13 055
-191
-19
млн.
%
Выручка
Отклонение выручки по ПАО Россети за Январь 2025 года (факт/план, млн. руб)
ПАО Россети
8 156 млн.руб.
Статус данных
×
Просьба обратить внимание
Данные занесены не полностью
ВЫБРАННЫЕ ЗНАЧЕНИЯ ФИЛЬТРОВ
ДЗО | ПЕРИОД
ПАО Россети: [«Выбраны все филиалы по всем ДЗО по всем категориям»]
2025: [Янв]
*Внутренний оборот'

03-03-2025T12:05:51 - [MESSAGE][PASSED] - Text of object 'Object Repository/Страница авторизации/Text' is: 'Период
Январь 2025 года
Выручка
Все
Выполнение плановых показателей по ПАО Россети за Январь 2025 года
План
Факт
Динамика
2025 год
0 млн.руб.
20 000 млн.руб.
40 000 млн.руб.
60 000 млн.руб.
80 000 млн.руб.
100 000 млн.руб.
120 000 млн.руб.
140 000 млн.руб.
160 000 млн.руб.
180 000 млн.руб.
200 000 млн.руб.
121 309
157 865
↑
ДЗО 
Все
Подписи данных
⬤Отклонение
АО "РЭС"
АО «Тываэнерго»
АО «Чеченэнерго»
Россети Волга
Россети Кубань
Россети Ленэнерго (ГК)
Россети Московский регион
Россети Северный Кавказ (ГК)
Россети Северо-Запад
Россети Сибирь (ГК)
Россети Томск
Россети Тюмень
Россети Урал (ГК)
Россети ФСК ЕЭС
Россети Центр
Россети Центр и Приволжье (ГК)
Россети Юг (ГК)
Россети Янтарь
-2 000млн.руб.
0 млн.руб.
2 000млн.руб.
4 000млн.руб.
6 000млн.руб.
8 000млн.руб.
10 000млн.руб.
12 000млн.руб.
14 0…
-73
23
-83
-295
-54
-403
-927
-606
-251
348
-58
-1 104
-474
-59
-675
13 055
-191
-19
млн.
%
Выручка
Отклонение выручки по ПАО Россети за Январь 2025 года (факт/план, млн. руб)
ПАО Россети
8 156 млн.руб.
Статус данных
×
Просьба обратить внимание
Данные занесены не полностью
ВЫБРАННЫЕ ЗНАЧЕНИЯ ФИЛЬТРОВ
ДЗО | ПЕРИОД
ПАО Россети: [«Выбраны все филиалы по всем ДЗО по всем категориям»]
2025: [Янв]
*Внутренний оборот'

03-03-2025T12:05:51 - [TEST_STEP][PASSED] - searchWord = "а": null

03-03-2025T12:05:51 - [TEST_STEP][PASSED] - if (urlText.contains("ошибка") || urlText.contains(searchWord) == false): null

03-03-2025T12:05:51 - [TEST_STEP][PASSED] - delay(45): Delayed 45 second(s)

03-03-2025T12:06:36 - [MESSAGE][PASSED] - Delayed 45 second(s)

03-03-2025T12:06:36 - [TEST_STEP][PASSED] - if (block == 2): Delayed 50 second(s)

03-03-2025T12:06:36 - [TEST_STEP][PASSED] - opoveshenie = getText(findTestObject("Выручка в рублях/Просьба обратить внимание")): Text of object 'Object Repository/Выручка в рублях/Просьба обратить внимание' is: 'Просьба обратить внимание'

03-03-2025T12:06:36 - [MESSAGE][PASSED] - Text of object 'Object Repository/Выручка в рублях/Просьба обратить внимание' is: 'Просьба обратить внимание'

03-03-2025T12:06:36 - [TEST_STEP][PASSED] - if (opoveshenie == "Просьба обратить внимание"): Delayed 50 second(s)

03-03-2025T12:06:36 - [TEST_STEP][PASSED] - click(findTestObject("Выручка в рублях/Закрыть оповещение")): Object: 'Object Repository/Выручка в рублях/Закрыть оповещение' is clicked on

03-03-2025T12:06:37 - [MESSAGE][PASSED] - Object: 'Object Repository/Выручка в рублях/Закрыть оповещение' is clicked on

03-03-2025T12:06:37 - [TEST_STEP][PASSED] - delay(50): Delayed 50 second(s)

03-03-2025T12:07:27 - [MESSAGE][PASSED] - Delayed 50 second(s)

03-03-2025T12:07:27 - [TEST_STEP][PASSED] - click(findTestObject("Выручка в рублях/Фильтр Период" + nameOfBlock)): Object: 'Object Repository/Выручка в рублях/Фильтр Период Выручка' is clicked on

03-03-2025T12:07:27 - [MESSAGE][PASSED] - Object: 'Object Repository/Выручка в рублях/Фильтр Период Выручка' is clicked on

03-03-2025T12:07:27 - [TEST_STEP][PASSED] - click(findTestObject("Выручка в рублях/Снять выделение в фильтре Дата" + nameOfBlock)): Object: 'Object Repository/Выручка в рублях/Снять выделение в фильтре Дата Выручка' is clicked on

03-03-2025T12:07:28 - [MESSAGE][PASSED] - Object: 'Object Repository/Выручка в рублях/Снять выделение в фильтре Дата Выручка' is clicked on

03-03-2025T12:07:28 - [TEST_STEP][PASSED] - click(findTestObject("Выручка в рублях/Применить в фильтре Дата" + nameOfBlock)): Object: 'Object Repository/Выручка в рублях/Применить в фильтре Дата Выручка' is clicked on

03-03-2025T12:07:28 - [MESSAGE][PASSED] - Object: 'Object Repository/Выручка в рублях/Применить в фильтре Дата Выручка' is clicked on

03-03-2025T12:07:28 - [TEST_STEP][PASSED] - delay(50): Delayed 50 second(s)

03-03-2025T12:08:18 - [MESSAGE][PASSED] - Delayed 50 second(s)

03-03-2025T12:08:18 - [TEST_STEP][PASSED] - click(findTestObject("Выручка в рублях/Фильтр Период" + nameOfBlock)): Object: 'Object Repository/Выручка в рублях/Фильтр Период Выручка' is clicked on

03-03-2025T12:08:19 - [MESSAGE][PASSED] - Object: 'Object Repository/Выручка в рублях/Фильтр Период Выручка' is clicked on

03-03-2025T12:08:19 - [TEST_STEP][PASSED] - click(findTestObject("Выручка в рублях/Снять выделение в фильтре Дата" + nameOfBlock)): Object: 'Object Repository/Выручка в рублях/Снять выделение в фильтре Дата Выручка' is clicked on

03-03-2025T12:08:19 - [MESSAGE][PASSED] - Object: 'Object Repository/Выручка в рублях/Снять выделение в фильтре Дата Выручка' is clicked on

03-03-2025T12:08:19 - [TEST_STEP][PASSED] - scrollToElement(findTestObject("Выручка в рублях/2025 список" + nameOfBlock), 30): Scroll to object 'Object Repository/Выручка в рублях/2025 список Выручка' successfully

03-03-2025T12:08:19 - [MESSAGE][PASSED] - Scroll to object 'Object Repository/Выручка в рублях/2025 список Выручка' successfully

03-03-2025T12:08:19 - [TEST_STEP][PASSED] - click(findTestObject("Выручка в рублях/2025 список" + nameOfBlock)): Object: 'Object Repository/Выручка в рублях/2025 список Выручка' is clicked on

03-03-2025T12:08:20 - [MESSAGE][PASSED] - Object: 'Object Repository/Выручка в рублях/2025 список Выручка' is clicked on

03-03-2025T12:08:20 - [TEST_STEP][PASSED] - scrollToElement(findTestObject("Выручка в рублях/1 квартал 2025 список Выручка"), 30): Scroll to object 'Object Repository/Выручка в рублях/1 квартал 2025 список Выручка' successfully

03-03-2025T12:08:21 - [MESSAGE][PASSED] - Scroll to object 'Object Repository/Выручка в рублях/1 квартал 2025 список Выручка' successfully

03-03-2025T12:08:21 - [TEST_STEP][PASSED] - click(findTestObject("Выручка в рублях/1 квартал 2025 список" + nameOfBlock)): Object: 'Object Repository/Выручка в рублях/1 квартал 2025 список Выручка' is clicked on

03-03-2025T12:08:21 - [MESSAGE][PASSED] - Object: 'Object Repository/Выручка в рублях/1 квартал 2025 список Выручка' is clicked on

03-03-2025T12:08:21 - [TEST_STEP][PASSED] - scrollToElement(findTestObject("Выручка в рублях/Январь 2025" + nameOfBlock), 30): Scroll to object 'Object Repository/Выручка в рублях/Январь 2025 Выручка' successfully

03-03-2025T12:08:21 - [MESSAGE][PASSED] - Scroll to object 'Object Repository/Выручка в рублях/Январь 2025 Выручка' successfully

03-03-2025T12:08:21 - [TEST_STEP][PASSED] - click(findTestObject("Выручка в рублях/Январь 2025" + nameOfBlock)): Object: 'Object Repository/Выручка в рублях/Январь 2025 Выручка' is clicked on

03-03-2025T12:08:22 - [MESSAGE][PASSED] - Object: 'Object Repository/Выручка в рублях/Январь 2025 Выручка' is clicked on

03-03-2025T12:08:22 - [TEST_STEP][PASSED] - scrollToElement(findTestObject("Выручка в рублях/Заголовок дашборда" + nameOfBlock), 30): Scroll to object 'Object Repository/Выручка в рублях/Заголовок дашборда Выручка' successfully

03-03-2025T12:08:22 - [MESSAGE][PASSED] - Scroll to object 'Object Repository/Выручка в рублях/Заголовок дашборда Выручка' successfully

03-03-2025T12:08:22 - [TEST_STEP][PASSED] - click(findTestObject("Выручка в рублях/Применить в фильтре Дата" + nameOfBlock)): Object: 'Object Repository/Выручка в рублях/Применить в фильтре Дата Выручка' is clicked on

03-03-2025T12:08:23 - [MESSAGE][PASSED] - Object: 'Object Repository/Выручка в рублях/Применить в фильтре Дата Выручка' is clicked on

03-03-2025T12:08:23 - [TEST_STEP][PASSED] - delay(55): Delayed 55 second(s)

03-03-2025T12:09:18 - [MESSAGE][PASSED] - Delayed 55 second(s)

03-03-2025T12:09:18 - [TEST_STEP][PASSED] - click(findTestObject("Выручка в рублях/Фильтр ДЗО" + nameOfBlock)): Object: 'Object Repository/Выручка в рублях/Фильтр ДЗО Выручка' is clicked on

03-03-2025T12:09:18 - [MESSAGE][PASSED] - Object: 'Object Repository/Выручка в рублях/Фильтр ДЗО Выручка' is clicked on

03-03-2025T12:09:18 - [TEST_STEP][PASSED] - click(findTestObject("Выручка в рублях/Снять выделение в фильтре ДЗО" + nameOfBlock)): Object: 'Object Repository/Выручка в рублях/Снять выделение в фильтре ДЗО Выручка' is clicked on

03-03-2025T12:09:19 - [MESSAGE][PASSED] - Object: 'Object Repository/Выручка в рублях/Снять выделение в фильтре ДЗО Выручка' is clicked on

03-03-2025T12:09:19 - [TEST_STEP][PASSED] - click(findTestObject("Выручка в рублях/Применить в фильтре ДЗО" + nameOfBlock)): Object: 'Object Repository/Выручка в рублях/Применить в фильтре ДЗО Выручка' is clicked on

03-03-2025T12:09:19 - [MESSAGE][PASSED] - Object: 'Object Repository/Выручка в рублях/Применить в фильтре ДЗО Выручка' is clicked on

03-03-2025T12:09:19 - [TEST_STEP][PASSED] - delay(50): Delayed 50 second(s)

03-03-2025T12:10:09 - [MESSAGE][PASSED] - Delayed 50 second(s)

03-03-2025T12:10:09 - [TEST_STEP][PASSED] - Script1710234207206.Tumbler(run, vir, block, nameOfBlock): null

03-03-2025T12:10:09 - [TEST_STEP][PASSED] - println("run:" + run): null

03-03-2025T12:10:09 - [TEST_STEP][PASSED] - println("vir:" + vir): null

03-03-2025T12:10:09 - [TEST_STEP][PASSED] - println("block:" + block): null

03-03-2025T12:10:09 - [TEST_STEP][PASSED] - println("nameOfBlock:" + nameOfBlock): null

03-03-2025T12:10:09 - [TEST_STEP][PASSED] - if (vir == 1): null

03-03-2025T12:10:09 - [TEST_STEP][PASSED] - if (run == 2): null

03-03-2025T12:10:09 - [TEST_STEP][PASSED] - click(findTestObject("Выручка в рублях/Фильтр ДЗО" + nameOfBlock)): Object: 'Object Repository/Выручка в рублях/Фильтр ДЗО Выручка' is clicked on

03-03-2025T12:10:10 - [MESSAGE][PASSED] - Object: 'Object Repository/Выручка в рублях/Фильтр ДЗО Выручка' is clicked on

03-03-2025T12:10:10 - [TEST_STEP][PASSED] - Script1710234207206.Rosseti(nameOfBlock): null

03-03-2025T12:10:10 - [TEST_STEP][PASSED] - println("nameOfBlock:" + nameOfBlock): null

03-03-2025T12:10:10 - [TEST_STEP][PASSED] - click(findTestObject("Выручка в рублях/ПАО Россети" + nameOfBlock)): Object: 'Object Repository/Выручка в рублях/ПАО Россети Выручка' is clicked on

03-03-2025T12:10:10 - [MESSAGE][PASSED] - Object: 'Object Repository/Выручка в рублях/ПАО Россети Выручка' is clicked on

03-03-2025T12:10:10 - [TEST_STEP][PASSED] - click(findTestObject("Выручка в рублях/Применить в фильтре ДЗО" + nameOfBlock)): Object: 'Object Repository/Выручка в рублях/Применить в фильтре ДЗО Выручка' is clicked on

03-03-2025T12:10:11 - [MESSAGE][PASSED] - Object: 'Object Repository/Выручка в рублях/Применить в фильтре ДЗО Выручка' is clicked on

03-03-2025T12:10:11 - [TEST_STEP][PASSED] - if (vir == 1 || vir == 2): Text of object 'Object Repository/Выручка в рублях/График План Выручка' is: '121 309'

03-03-2025T12:10:11 - [TEST_STEP][PASSED] - b1 = getText(findTestObject("Выручка в рублях/График План Выручка")): Text of object 'Object Repository/Выручка в рублях/График План Выручка' is: '121 309'

03-03-2025T12:10:14 - [MESSAGE][PASSED] - Text of object 'Object Repository/Выручка в рублях/График План Выручка' is: '121 309'

03-03-2025T12:10:14 - [TEST_STEP][PASSED] - if (vir == 1 || vir == 2): Text of object 'Object Repository/Выручка в рублях/График Факт Выручка' is: '157 865'

03-03-2025T12:10:14 - [TEST_STEP][PASSED] - b2 = getText(findTestObject("Выручка в рублях/График Факт Выручка")): Text of object 'Object Repository/Выручка в рублях/График Факт Выручка' is: '157 865'

03-03-2025T12:10:15 - [MESSAGE][PASSED] - Text of object 'Object Repository/Выручка в рублях/График Факт Выручка' is: '157 865'

03-03-2025T12:10:15 - [TEST_STEP][PASSED] - b30 = getText(findTestObject("Выручка в рублях/span1" + perc)): Text of object 'Object Repository/Выручка в рублях/span1' is: '8 156 млн.руб.'

03-03-2025T12:10:15 - [MESSAGE][PASSED] - Text of object 'Object Repository/Выручка в рублях/span1' is: '8 156 млн.руб.'

03-03-2025T12:10:15 - [TEST_STEP][PASSED] - i = b30.indexOf("млн.руб."): null

03-03-2025T12:10:15 - [TEST_STEP][PASSED] - if (i > -1): null

03-03-2025T12:10:15 - [TEST_STEP][PASSED] - b30 = b30.substring(0, i): null

03-03-2025T12:10:15 - [TEST_STEP][PASSED] - b30 = b30.replaceAll(" ", ""): null

03-03-2025T12:10:15 - [TEST_STEP][PASSED] - if (b30.contains("%")): null

03-03-2025T12:10:15 - [TEST_STEP][PASSED] - b30 = ").trim(): null

03-03-2025T12:10:15 - [TEST_STEP][PASSED] - println("b30: " + b30): null

03-03-2025T12:10:15 - [TEST_STEP][PASSED] - if (vir == 1 || vir == 2): Text of object 'Object Repository/Выручка в рублях/span2' is: '23'

03-03-2025T12:10:15 - [TEST_STEP][PASSED] - b31 = ").trim(): Text of object 'Object Repository/Выручка в рублях/span2' is: '23'

03-03-2025T12:10:15 - [MESSAGE][PASSED] - Text of object 'Object Repository/Выручка в рублях/span2' is: '23'

03-03-2025T12:10:15 - [TEST_STEP][PASSED] - if (vir == 1 || vir == 2): Text of object 'Object Repository/Выручка в рублях/span3' is: '-83'

03-03-2025T12:10:15 - [TEST_STEP][PASSED] - b32 = ").trim(): Text of object 'Object Repository/Выручка в рублях/span3' is: '-83'

03-03-2025T12:10:16 - [MESSAGE][PASSED] - Text of object 'Object Repository/Выручка в рублях/span3' is: '-83'

03-03-2025T12:10:16 - [TEST_STEP][PASSED] - if (vir == 1 || vir == 2): Text of object 'Object Repository/Выручка в рублях/span8' is: '-606'

03-03-2025T12:10:16 - [TEST_STEP][PASSED] - b33 = ").trim(): Text of object 'Object Repository/Выручка в рублях/span4' is: '-295'

03-03-2025T12:10:16 - [MESSAGE][PASSED] - Text of object 'Object Repository/Выручка в рублях/span4' is: '-295'

03-03-2025T12:10:16 - [TEST_STEP][PASSED] - b34 = ").trim(): Text of object 'Object Repository/Выручка в рублях/span5' is: '-54'

03-03-2025T12:10:16 - [MESSAGE][PASSED] - Text of object 'Object Repository/Выручка в рублях/span5' is: '-54'

03-03-2025T12:10:16 - [TEST_STEP][PASSED] - b35 = ").trim(): Text of object 'Object Repository/Выручка в рублях/span6' is: '-403'

03-03-2025T12:10:17 - [MESSAGE][PASSED] - Text of object 'Object Repository/Выручка в рублях/span6' is: '-403'

03-03-2025T12:10:17 - [TEST_STEP][PASSED] - b36 = ").trim(): Text of object 'Object Repository/Выручка в рублях/span7' is: '-927'

03-03-2025T12:10:17 - [MESSAGE][PASSED] - Text of object 'Object Repository/Выручка в рублях/span7' is: '-927'

03-03-2025T12:10:17 - [TEST_STEP][PASSED] - b37 = ").trim(): Text of object 'Object Repository/Выручка в рублях/span8' is: '-606'

03-03-2025T12:10:17 - [MESSAGE][PASSED] - Text of object 'Object Repository/Выручка в рублях/span8' is: '-606'

03-03-2025T12:10:17 - [TEST_STEP][PASSED] - if (vir == 1 || vir == 2): Text of object 'Object Repository/Выручка в рублях/span17' is: '-191'

03-03-2025T12:10:17 - [TEST_STEP][PASSED] - b38 = ").trim(): Text of object 'Object Repository/Выручка в рублях/span9' is: '-251'

03-03-2025T12:10:17 - [MESSAGE][PASSED] - Text of object 'Object Repository/Выручка в рублях/span9' is: '-251'

03-03-2025T12:10:17 - [TEST_STEP][PASSED] - b39 = ").trim(): Text of object 'Object Repository/Выручка в рублях/span10' is: '348'

03-03-2025T12:10:18 - [MESSAGE][PASSED] - Text of object 'Object Repository/Выручка в рублях/span10' is: '348'

03-03-2025T12:10:18 - [TEST_STEP][PASSED] - b310 = ").trim(): Text of object 'Object Repository/Выручка в рублях/span11' is: '-58'

03-03-2025T12:10:18 - [MESSAGE][PASSED] - Text of object 'Object Repository/Выручка в рублях/span11' is: '-58'

03-03-2025T12:10:18 - [TEST_STEP][PASSED] - b311 = ").trim(): Text of object 'Object Repository/Выручка в рублях/span12' is: '-1 104'

03-03-2025T12:10:18 - [MESSAGE][PASSED] - Text of object 'Object Repository/Выручка в рублях/span12' is: '-1 104'

03-03-2025T12:10:18 - [TEST_STEP][PASSED] - b312 = ").trim(): Text of object 'Object Repository/Выручка в рублях/span13' is: '-474'

03-03-2025T12:10:19 - [MESSAGE][PASSED] - Text of object 'Object Repository/Выручка в рублях/span13' is: '-474'

03-03-2025T12:10:19 - [TEST_STEP][PASSED] - b313 = ").trim(): Text of object 'Object Repository/Выручка в рублях/span14' is: '-59'

03-03-2025T12:10:19 - [MESSAGE][PASSED] - Text of object 'Object Repository/Выручка в рублях/span14' is: '-59'

03-03-2025T12:10:19 - [TEST_STEP][PASSED] - b314 = ").trim(): Text of object 'Object Repository/Выручка в рублях/span15' is: '-675'

03-03-2025T12:10:19 - [MESSAGE][PASSED] - Text of object 'Object Repository/Выручка в рублях/span15' is: '-675'

03-03-2025T12:10:19 - [TEST_STEP][PASSED] - b315 = ").trim(): Text of object 'Object Repository/Выручка в рублях/span16' is: '13 055'

03-03-2025T12:10:20 - [MESSAGE][PASSED] - Text of object 'Object Repository/Выручка в рублях/span16' is: '13 055'

03-03-2025T12:10:20 - [TEST_STEP][PASSED] - b316 = ").trim(): Text of object 'Object Repository/Выручка в рублях/span17' is: '-191'

03-03-2025T12:10:20 - [MESSAGE][PASSED] - Text of object 'Object Repository/Выручка в рублях/span17' is: '-191'

03-03-2025T12:10:20 - [TEST_STEP][PASSED] - if (vir == 1 || vir == 2): Text of object 'Object Repository/Выручка в рублях/span18' is: '-19'

03-03-2025T12:10:20 - [TEST_STEP][PASSED] - b317 = ").trim(): Text of object 'Object Repository/Выручка в рублях/span18' is: '-19'

03-03-2025T12:10:20 - [MESSAGE][PASSED] - Text of object 'Object Repository/Выручка в рублях/span18' is: '-19'

03-03-2025T12:10:20 - [TEST_STEP][PASSED] - dZO = "ПАО Россети": null

03-03-2025T12:10:20 - [TEST_STEP][PASSED] - if (verifyEqual(a1, b1) == false): Actual object '121 309' and expected object '121 309' are equal

03-03-2025T12:10:20 - [MESSAGE][PASSED] - Actual object '121 309' and expected object '121 309' are equal

03-03-2025T12:10:20 - [TEST_STEP][PASSED] - if (verifyEqual(a2, b2) == false): Actual object '157 865' and expected object '157 865' are equal

03-03-2025T12:10:20 - [MESSAGE][PASSED] - Actual object '157 865' and expected object '157 865' are equal

03-03-2025T12:10:20 - [TEST_STEP][PASSED] - vidget = "Отклонения": null

03-03-2025T12:10:20 - [TEST_STEP][FAILED] - if (verifyEqual(a30, b30) == false): null

03-03-2025T12:10:20 - [MESSAGE][FAILED] - Unable to verify equal between actual object '36556' and expected object '8156' (Root cause: com.kms.katalon.core.exception.StepFailedException: Actual object '36556' and expected object '8156' are not equal
	at com.kms.katalon.core.keyword.builtin.VerifyEqualKeyword$_verifyEqual_closure1.doCall(VerifyEqualKeyword.groovy:58)
	at com.kms.katalon.core.keyword.builtin.VerifyEqualKeyword$_verifyEqual_closure1.call(VerifyEqualKeyword.groovy)
	at com.kms.katalon.core.keyword.internal.KeywordMain.runKeyword(KeywordMain.groovy:75)
	at com.kms.katalon.core.keyword.builtin.VerifyEqualKeyword.verifyEqual(VerifyEqualKeyword.groovy:63)
	at com.kms.katalon.core.keyword.builtin.VerifyEqualKeyword.execute(VerifyEqualKeyword.groovy:44)
	at com.kms.katalon.core.keyword.internal.KeywordExecutor.executeKeywordForPlatform(KeywordExecutor.groovy:74)
	at com.kms.katalon.core.keyword.BuiltinKeywords.verifyEqual(BuiltinKeywords.groovy:146)
	at java.base/jdk.internal.reflect.NativeMethodAccessorImpl.invoke0(Native Method)
	at java.base/jdk.internal.reflect.NativeMethodAccessorImpl.invoke(NativeMethodAccessorImpl.java:77)
	at java.base/jdk.internal.reflect.DelegatingMethodAccessorImpl.invoke(DelegatingMethodAccessorImpl.java:43)
	at Выручка в рублях сверка дашбордов ПАО Россети.Blocks(Выручка в рублях сверка дашбордов ПАО Россети:357)
	at Выручка в рублях сверка дашбордов ПАО Россети.ViruchkaChange(Выручка в рублях сверка дашбордов ПАО Россети:60)
	at Выручка в рублях сверка дашбордов ПАО Россети.run(Выручка в рублях сверка дашбордов ПАО Россети:55)
	at com.kms.katalon.core.main.ScriptEngine.run(ScriptEngine.java:194)
	at com.kms.katalon.core.main.ScriptEngine.runScriptAsRawText(ScriptEngine.java:119)
	at com.kms.katalon.core.main.TestCaseExecutor.runScript(TestCaseExecutor.java:448)
	at com.kms.katalon.core.main.TestCaseExecutor.doExecute(TestCaseExecutor.java:439)
	at com.kms.katalon.core.main.TestCaseExecutor.processExecutionPhase(TestCaseExecutor.java:418)
	at com.kms.katalon.core.main.TestCaseExecutor.accessMainPhase(TestCaseExecutor.java:410)
	at com.kms.katalon.core.main.TestCaseExecutor.execute(TestCaseExecutor.java:285)
	at com.kms.katalon.core.common.CommonExecutor.accessTestCaseMainPhase(CommonExecutor.java:65)
	at com.kms.katalon.core.main.TestSuiteExecutor.accessTestSuiteMainPhase(TestSuiteExecutor.java:150)
	at com.kms.katalon.core.main.TestSuiteExecutor.execute(TestSuiteExecutor.java:106)
	at com.kms.katalon.core.main.TestCaseMain.startTestSuite(TestCaseMain.java:180)
	at TempTestSuite1740991900055.run(TempTestSuite1740991900055.groovy:35)
	at java.base/jdk.internal.reflect.NativeMethodAccessorImpl.invoke0(Native Method)
	at java.base/jdk.internal.reflect.NativeMethodAccessorImpl.invoke(NativeMethodAccessorImpl.java:77)
	at java.base/jdk.internal.reflect.DelegatingMethodAccessorImpl.invoke(DelegatingMethodAccessorImpl.java:43)
)

03-03-2025T12:10:20 - [TEST_STEP][PASSED] - a = replaceAll("\s+", "").toDouble(): null

03-03-2025T12:10:20 - [TEST_STEP][PASSED] - b = replaceAll("\s+", "").toDouble(): null

03-03-2025T12:10:20 - [TEST_STEP][PASSED] - Script1710234207206.WriteToExcel(todaysDate, run, vir, block, typeOfData, viruchka, vidget, nameOfBlock, a, b, dZO): null

03-03-2025T12:10:20 - [TEST_STEP][PASSED] - println(run): null

03-03-2025T12:10:20 - [TEST_STEP][PASSED] - if (run == 1): null

03-03-2025T12:10:20 - [TEST_STEP][PASSED] - typeOfData = "Млн": null

03-03-2025T12:10:20 - [TEST_STEP][PASSED] - println("todaysDate:" + todaysDate): null

03-03-2025T12:10:20 - [TEST_STEP][PASSED] - println("typeOfData:" + typeOfData): null

03-03-2025T12:10:20 - [TEST_STEP][PASSED] - viruchka = getText(findTestObject("Выручка в рублях/Фильтр Выручка" + nameOfBlock)): Text of object 'Object Repository/Выручка в рублях/Фильтр Выручка Выручка' is: 'Все'

03-03-2025T12:10:21 - [MESSAGE][PASSED] - Text of object 'Object Repository/Выручка в рублях/Фильтр Выручка Выручка' is: 'Все'

03-03-2025T12:10:21 - [TEST_STEP][PASSED] - println("viruchka" + viruchka): null

03-03-2025T12:10:21 - [TEST_STEP][PASSED] - println("vidget" + vidget): null

03-03-2025T12:10:21 - [TEST_STEP][PASSED] - println("a" + a): null

03-03-2025T12:10:21 - [TEST_STEP][PASSED] - println("b" + b): null

03-03-2025T12:10:21 - [TEST_STEP][PASSED] - sheetName = "Sheet1": null

03-03-2025T12:10:21 - [TEST_STEP][PASSED] - data = findTestData("PlanFact"): null

03-03-2025T12:10:21 - [TEST_STEP][PASSED] - n = data.getRowNumbers() + 1: null

03-03-2025T12:10:21 - [TEST_STEP][PASSED] - period = getText(findTestObject("Выручка в рублях/Фильтр Период")).trim(): Text of object 'Object Repository/Выручка в рублях/Фильтр Период' is: 'Январь 2025 года'

03-03-2025T12:10:21 - [MESSAGE][PASSED] - Text of object 'Object Repository/Выручка в рублях/Фильтр Период' is: 'Январь 2025 года'

03-03-2025T12:10:21 - [TEST_STEP][PASSED] - println(period): null

03-03-2025T12:10:21 - [TEST_STEP][PASSED] - if (period.findAll("[а-яА-Я]") == false): null

03-03-2025T12:10:21 - [TEST_STEP][PASSED] - dashboardName = "Выручка в рублях": null

03-03-2025T12:10:21 - [TEST_STEP][PASSED] - workbook01 = getWorkbook(excelFilePath): null

03-03-2025T12:10:21 - [TEST_STEP][PASSED] - sheet01 = getExcelSheet(workbook01, sheetName): null

03-03-2025T12:10:21 - [TEST_STEP][PASSED] - setValueToCellByIndex(sheet01, n, 0, dashboardName): null

03-03-2025T12:10:21 - [TEST_STEP][PASSED] - setValueToCellByIndex(sheet01, n, 1, dZO): null

03-03-2025T12:10:21 - [TEST_STEP][PASSED] - setValueToCellByIndex(sheet01, n, 2, vidget): null

03-03-2025T12:10:21 - [TEST_STEP][PASSED] - setValueToCellByIndex(sheet01, n, 3, viruchka): null

03-03-2025T12:10:21 - [TEST_STEP][PASSED] - setValueToCellByIndex(sheet01, n, 4, typeOfData): null

03-03-2025T12:10:21 - [TEST_STEP][PASSED] - if (a == null): null

03-03-2025T12:10:21 - [TEST_STEP][PASSED] - else: null

03-03-2025T12:10:21 - [TEST_STEP][PASSED] - setValueToCellByIndex(sheet01, n, 5, a): null

03-03-2025T12:10:21 - [TEST_STEP][PASSED] - if (b == null): null

03-03-2025T12:10:21 - [TEST_STEP][PASSED] - else: null

03-03-2025T12:10:21 - [TEST_STEP][PASSED] - setValueToCellByIndex(sheet01, n, 6, b): null

03-03-2025T12:10:21 - [TEST_STEP][PASSED] - setValueToCellByIndex(sheet01, n, 7, period): null

03-03-2025T12:10:21 - [TEST_STEP][PASSED] - setValueToCellByIndex(sheet01, n, 8, todaysDate): null

03-03-2025T12:10:21 - [TEST_STEP][PASSED] - n = n + 1: null

03-03-2025T12:10:21 - [TEST_STEP][PASSED] - saveWorkbook(excelFilePath, workbook01): null

03-03-2025T12:10:22 - [TEST_STEP][PASSED] - dZO = "АО «Тываэнерго»": null

03-03-2025T12:10:22 - [TEST_STEP][FAILED] - if (verifyEqual(a31, b31) == false): null

03-03-2025T12:10:22 - [MESSAGE][FAILED] - Unable to verify equal between actual object '274' and expected object '23' (Root cause: com.kms.katalon.core.exception.StepFailedException: Actual object '274' and expected object '23' are not equal
	at com.kms.katalon.core.keyword.builtin.VerifyEqualKeyword$_verifyEqual_closure1.doCall(VerifyEqualKeyword.groovy:58)
	at com.kms.katalon.core.keyword.builtin.VerifyEqualKeyword$_verifyEqual_closure1.call(VerifyEqualKeyword.groovy)
	at com.kms.katalon.core.keyword.internal.KeywordMain.runKeyword(KeywordMain.groovy:75)
	at com.kms.katalon.core.keyword.builtin.VerifyEqualKeyword.verifyEqual(VerifyEqualKeyword.groovy:63)
	at com.kms.katalon.core.keyword.builtin.VerifyEqualKeyword.execute(VerifyEqualKeyword.groovy:44)
	at com.kms.katalon.core.keyword.internal.KeywordExecutor.executeKeywordForPlatform(KeywordExecutor.groovy:74)
	at com.kms.katalon.core.keyword.BuiltinKeywords.verifyEqual(BuiltinKeywords.groovy:146)
	at java.base/jdk.internal.reflect.NativeMethodAccessorImpl.invoke0(Native Method)
	at java.base/jdk.internal.reflect.NativeMethodAccessorImpl.invoke(NativeMethodAccessorImpl.java:77)
	at java.base/jdk.internal.reflect.DelegatingMethodAccessorImpl.invoke(DelegatingMethodAccessorImpl.java:43)
	at Выручка в рублях сверка дашбордов ПАО Россети.Blocks(Выручка в рублях сверка дашбордов ПАО Россети:367)
	at Выручка в рублях сверка дашбордов ПАО Россети.ViruchkaChange(Выручка в рублях сверка дашбордов ПАО Россети:60)
	at Выручка в рублях сверка дашбордов ПАО Россети.run(Выручка в рублях сверка дашбордов ПАО Россети:55)
	at com.kms.katalon.core.main.ScriptEngine.run(ScriptEngine.java:194)
	at com.kms.katalon.core.main.ScriptEngine.runScriptAsRawText(ScriptEngine.java:119)
	at com.kms.katalon.core.main.TestCaseExecutor.runScript(TestCaseExecutor.java:448)
	at com.kms.katalon.core.main.TestCaseExecutor.doExecute(TestCaseExecutor.java:439)
	at com.kms.katalon.core.main.TestCaseExecutor.processExecutionPhase(TestCaseExecutor.java:418)
	at com.kms.katalon.core.main.TestCaseExecutor.accessMainPhase(TestCaseExecutor.java:410)
	at com.kms.katalon.core.main.TestCaseExecutor.execute(TestCaseExecutor.java:285)
	at com.kms.katalon.core.common.CommonExecutor.accessTestCaseMainPhase(CommonExecutor.java:65)
	at com.kms.katalon.core.main.TestSuiteExecutor.accessTestSuiteMainPhase(TestSuiteExecutor.java:150)
	at com.kms.katalon.core.main.TestSuiteExecutor.execute(TestSuiteExecutor.java:106)
	at com.kms.katalon.core.main.TestCaseMain.startTestSuite(TestCaseMain.java:180)
	at TempTestSuite1740991900055.run(TempTestSuite1740991900055.groovy:35)
	at java.base/jdk.internal.reflect.NativeMethodAccessorImpl.invoke0(Native Method)
	at java.base/jdk.internal.reflect.NativeMethodAccessorImpl.invoke(NativeMethodAccessorImpl.java:77)
	at java.base/jdk.internal.reflect.DelegatingMethodAccessorImpl.invoke(DelegatingMethodAccessorImpl.java:43)
)

03-03-2025T12:10:22 - [TEST_STEP][PASSED] - a = replaceAll("\s+", "").toDouble(): null

03-03-2025T12:10:22 - [TEST_STEP][PASSED] - b = replaceAll("\s+", "").toDouble(): null

03-03-2025T12:10:22 - [TEST_STEP][PASSED] - Script1710234207206.WriteToExcel(todaysDate, run, vir, block, typeOfData, viruchka, vidget, nameOfBlock, a, b, dZO): null

03-03-2025T12:10:22 - [TEST_STEP][PASSED] - println(run): null

03-03-2025T12:10:22 - [TEST_STEP][PASSED] - if (run == 1): null

03-03-2025T12:10:22 - [TEST_STEP][PASSED] - typeOfData = "Млн": null

03-03-2025T12:10:22 - [TEST_STEP][PASSED] - println("todaysDate:" + todaysDate): null

03-03-2025T12:10:22 - [TEST_STEP][PASSED] - println("typeOfData:" + typeOfData): null

03-03-2025T12:10:22 - [TEST_STEP][PASSED] - viruchka = getText(findTestObject("Выручка в рублях/Фильтр Выручка" + nameOfBlock)): Text of object 'Object Repository/Выручка в рублях/Фильтр Выручка Выручка' is: 'Все'

03-03-2025T12:10:22 - [MESSAGE][PASSED] - Text of object 'Object Repository/Выручка в рублях/Фильтр Выручка Выручка' is: 'Все'

03-03-2025T12:10:22 - [TEST_STEP][PASSED] - println("viruchka" + viruchka): null

03-03-2025T12:10:22 - [TEST_STEP][PASSED] - println("vidget" + vidget): null

03-03-2025T12:10:22 - [TEST_STEP][PASSED] - println("a" + a): null

03-03-2025T12:10:22 - [TEST_STEP][PASSED] - println("b" + b): null

03-03-2025T12:10:22 - [TEST_STEP][PASSED] - sheetName = "Sheet1": null

03-03-2025T12:10:22 - [TEST_STEP][PASSED] - data = findTestData("PlanFact"): null

03-03-2025T12:10:22 - [TEST_STEP][PASSED] - n = data.getRowNumbers() + 1: null

03-03-2025T12:10:22 - [TEST_STEP][PASSED] - period = getText(findTestObject("Выручка в рублях/Фильтр Период")).trim(): Text of object 'Object Repository/Выручка в рублях/Фильтр Период' is: 'Январь 2025 года'

03-03-2025T12:10:23 - [MESSAGE][PASSED] - Text of object 'Object Repository/Выручка в рублях/Фильтр Период' is: 'Январь 2025 года'

03-03-2025T12:10:23 - [TEST_STEP][PASSED] - println(period): null

03-03-2025T12:10:23 - [TEST_STEP][PASSED] - if (period.findAll("[а-яА-Я]") == false): null

03-03-2025T12:10:23 - [TEST_STEP][PASSED] - dashboardName = "Выручка в рублях": null

03-03-2025T12:10:23 - [TEST_STEP][PASSED] - workbook01 = getWorkbook(excelFilePath): null

03-03-2025T12:10:23 - [TEST_STEP][PASSED] - sheet01 = getExcelSheet(workbook01, sheetName): null

03-03-2025T12:10:23 - [TEST_STEP][PASSED] - setValueToCellByIndex(sheet01, n, 0, dashboardName): null

03-03-2025T12:10:23 - [TEST_STEP][PASSED] - setValueToCellByIndex(sheet01, n, 1, dZO): null

03-03-2025T12:10:23 - [TEST_STEP][PASSED] - setValueToCellByIndex(sheet01, n, 2, vidget): null

03-03-2025T12:10:23 - [TEST_STEP][PASSED] - setValueToCellByIndex(sheet01, n, 3, viruchka): null

03-03-2025T12:10:23 - [TEST_STEP][PASSED] - setValueToCellByIndex(sheet01, n, 4, typeOfData): null

03-03-2025T12:10:23 - [TEST_STEP][PASSED] - if (a == null): null

03-03-2025T12:10:23 - [TEST_STEP][PASSED] - else: null

03-03-2025T12:10:23 - [TEST_STEP][PASSED] - setValueToCellByIndex(sheet01, n, 5, a): null

03-03-2025T12:10:23 - [TEST_STEP][PASSED] - if (b == null): null

03-03-2025T12:10:23 - [TEST_STEP][PASSED] - else: null

03-03-2025T12:10:23 - [TEST_STEP][PASSED] - setValueToCellByIndex(sheet01, n, 6, b): null

03-03-2025T12:10:23 - [TEST_STEP][PASSED] - setValueToCellByIndex(sheet01, n, 7, period): null

03-03-2025T12:10:23 - [TEST_STEP][PASSED] - setValueToCellByIndex(sheet01, n, 8, todaysDate): null

03-03-2025T12:10:23 - [TEST_STEP][PASSED] - n = n + 1: null

03-03-2025T12:10:23 - [TEST_STEP][PASSED] - saveWorkbook(excelFilePath, workbook01): null

03-03-2025T12:10:23 - [TEST_STEP][PASSED] - dZO = "АО «Чеченэнерго»": null

03-03-2025T12:10:23 - [TEST_STEP][FAILED] - if (verifyEqual(a32, b32) == false): null

03-03-2025T12:10:23 - [MESSAGE][FAILED] - Unable to verify equal between actual object '463' and expected object '-83' (Root cause: com.kms.katalon.core.exception.StepFailedException: Actual object '463' and expected object '-83' are not equal
	at com.kms.katalon.core.keyword.builtin.VerifyEqualKeyword$_verifyEqual_closure1.doCall(VerifyEqualKeyword.groovy:58)
	at com.kms.katalon.core.keyword.builtin.VerifyEqualKeyword$_verifyEqual_closure1.call(VerifyEqualKeyword.groovy)
	at com.kms.katalon.core.keyword.internal.KeywordMain.runKeyword(KeywordMain.groovy:75)
	at com.kms.katalon.core.keyword.builtin.VerifyEqualKeyword.verifyEqual(VerifyEqualKeyword.groovy:63)
	at com.kms.katalon.core.keyword.builtin.VerifyEqualKeyword.execute(VerifyEqualKeyword.groovy:44)
	at com.kms.katalon.core.keyword.internal.KeywordExecutor.executeKeywordForPlatform(KeywordExecutor.groovy:74)
	at com.kms.katalon.core.keyword.BuiltinKeywords.verifyEqual(BuiltinKeywords.groovy:146)
	at java.base/jdk.internal.reflect.NativeMethodAccessorImpl.invoke0(Native Method)
	at java.base/jdk.internal.reflect.NativeMethodAccessorImpl.invoke(NativeMethodAccessorImpl.java:77)
	at java.base/jdk.internal.reflect.DelegatingMethodAccessorImpl.invoke(DelegatingMethodAccessorImpl.java:43)
	at Выручка в рублях сверка дашбордов ПАО Россети.Blocks(Выручка в рублях сверка дашбордов ПАО Россети:377)
	at Выручка в рублях сверка дашбордов ПАО Россети.ViruchkaChange(Выручка в рублях сверка дашбордов ПАО Россети:60)
	at Выручка в рублях сверка дашбордов ПАО Россети.run(Выручка в рублях сверка дашбордов ПАО Россети:55)
	at com.kms.katalon.core.main.ScriptEngine.run(ScriptEngine.java:194)
	at com.kms.katalon.core.main.ScriptEngine.runScriptAsRawText(ScriptEngine.java:119)
	at com.kms.katalon.core.main.TestCaseExecutor.runScript(TestCaseExecutor.java:448)
	at com.kms.katalon.core.main.TestCaseExecutor.doExecute(TestCaseExecutor.java:439)
	at com.kms.katalon.core.main.TestCaseExecutor.processExecutionPhase(TestCaseExecutor.java:418)
	at com.kms.katalon.core.main.TestCaseExecutor.accessMainPhase(TestCaseExecutor.java:410)
	at com.kms.katalon.core.main.TestCaseExecutor.execute(TestCaseExecutor.java:285)
	at com.kms.katalon.core.common.CommonExecutor.accessTestCaseMainPhase(CommonExecutor.java:65)
	at com.kms.katalon.core.main.TestSuiteExecutor.accessTestSuiteMainPhase(TestSuiteExecutor.java:150)
	at com.kms.katalon.core.main.TestSuiteExecutor.execute(TestSuiteExecutor.java:106)
	at com.kms.katalon.core.main.TestCaseMain.startTestSuite(TestCaseMain.java:180)
	at TempTestSuite1740991900055.run(TempTestSuite1740991900055.groovy:35)
	at java.base/jdk.internal.reflect.NativeMethodAccessorImpl.invoke0(Native Method)
	at java.base/jdk.internal.reflect.NativeMethodAccessorImpl.invoke(NativeMethodAccessorImpl.java:77)
	at java.base/jdk.internal.reflect.DelegatingMethodAccessorImpl.invoke(DelegatingMethodAccessorImpl.java:43)
)

03-03-2025T12:10:23 - [TEST_STEP][PASSED] - a = replaceAll("\s+", "").toDouble(): null

03-03-2025T12:10:23 - [TEST_STEP][PASSED] - b = replaceAll("\s+", "").toDouble(): null

03-03-2025T12:10:23 - [TEST_STEP][PASSED] - Script1710234207206.WriteToExcel(todaysDate, run, vir, block, typeOfData, viruchka, vidget, nameOfBlock, a, b, dZO): null

03-03-2025T12:10:23 - [TEST_STEP][PASSED] - println(run): null

03-03-2025T12:10:23 - [TEST_STEP][PASSED] - if (run == 1): null

03-03-2025T12:10:23 - [TEST_STEP][PASSED] - typeOfData = "Млн": null

03-03-2025T12:10:23 - [TEST_STEP][PASSED] - println("todaysDate:" + todaysDate): null

03-03-2025T12:10:23 - [TEST_STEP][PASSED] - println("typeOfData:" + typeOfData): null

03-03-2025T12:10:23 - [TEST_STEP][PASSED] - viruchka = getText(findTestObject("Выручка в рублях/Фильтр Выручка" + nameOfBlock)): Text of object 'Object Repository/Выручка в рублях/Фильтр Выручка Выручка' is: 'Все'

03-03-2025T12:10:23 - [MESSAGE][PASSED] - Text of object 'Object Repository/Выручка в рублях/Фильтр Выручка Выручка' is: 'Все'

03-03-2025T12:10:23 - [TEST_STEP][PASSED] - println("viruchka" + viruchka): null

03-03-2025T12:10:23 - [TEST_STEP][PASSED] - println("vidget" + vidget): null

03-03-2025T12:10:23 - [TEST_STEP][PASSED] - println("a" + a): null

03-03-2025T12:10:23 - [TEST_STEP][PASSED] - println("b" + b): null

03-03-2025T12:10:23 - [TEST_STEP][PASSED] - sheetName = "Sheet1": null

03-03-2025T12:10:23 - [TEST_STEP][PASSED] - data = findTestData("PlanFact"): null

03-03-2025T12:10:23 - [TEST_STEP][PASSED] - n = data.getRowNumbers() + 1: null

03-03-2025T12:10:23 - [TEST_STEP][PASSED] - period = getText(findTestObject("Выручка в рублях/Фильтр Период")).trim(): Text of object 'Object Repository/Выручка в рублях/Фильтр Период' is: 'Январь 2025 года'

03-03-2025T12:10:24 - [MESSAGE][PASSED] - Text of object 'Object Repository/Выручка в рублях/Фильтр Период' is: 'Январь 2025 года'

03-03-2025T12:10:24 - [TEST_STEP][PASSED] - println(period): null

03-03-2025T12:10:24 - [TEST_STEP][PASSED] - if (period.findAll("[а-яА-Я]") == false): null

03-03-2025T12:10:24 - [TEST_STEP][PASSED] - dashboardName = "Выручка в рублях": null

03-03-2025T12:10:24 - [TEST_STEP][PASSED] - workbook01 = getWorkbook(excelFilePath): null

03-03-2025T12:10:24 - [TEST_STEP][PASSED] - sheet01 = getExcelSheet(workbook01, sheetName): null

03-03-2025T12:10:24 - [TEST_STEP][PASSED] - setValueToCellByIndex(sheet01, n, 0, dashboardName): null

03-03-2025T12:10:24 - [TEST_STEP][PASSED] - setValueToCellByIndex(sheet01, n, 1, dZO): null

03-03-2025T12:10:24 - [TEST_STEP][PASSED] - setValueToCellByIndex(sheet01, n, 2, vidget): null

03-03-2025T12:10:24 - [TEST_STEP][PASSED] - setValueToCellByIndex(sheet01, n, 3, viruchka): null

03-03-2025T12:10:24 - [TEST_STEP][PASSED] - setValueToCellByIndex(sheet01, n, 4, typeOfData): null

03-03-2025T12:10:24 - [TEST_STEP][PASSED] - if (a == null): null

03-03-2025T12:10:24 - [TEST_STEP][PASSED] - else: null

03-03-2025T12:10:24 - [TEST_STEP][PASSED] - setValueToCellByIndex(sheet01, n, 5, a): null

03-03-2025T12:10:24 - [TEST_STEP][PASSED] - if (b == null): null

03-03-2025T12:10:24 - [TEST_STEP][PASSED] - else: null

03-03-2025T12:10:24 - [TEST_STEP][PASSED] - setValueToCellByIndex(sheet01, n, 6, b): null

03-03-2025T12:10:24 - [TEST_STEP][PASSED] - setValueToCellByIndex(sheet01, n, 7, period): null

03-03-2025T12:10:24 - [TEST_STEP][PASSED] - setValueToCellByIndex(sheet01, n, 8, todaysDate): null

03-03-2025T12:10:24 - [TEST_STEP][PASSED] - n = n + 1: null

03-03-2025T12:10:24 - [TEST_STEP][PASSED] - saveWorkbook(excelFilePath, workbook01): null

03-03-2025T12:10:24 - [TEST_STEP][PASSED] - dZO = "Россети Волга": null

03-03-2025T12:10:24 - [TEST_STEP][FAILED] - if (verifyEqual(a33, b33) == false): null

03-03-2025T12:10:24 - [MESSAGE][FAILED] - Unable to verify equal between actual object '1 630' and expected object '-295' (Root cause: com.kms.katalon.core.exception.StepFailedException: Actual object '1 630' and expected object '-295' are not equal
	at com.kms.katalon.core.keyword.builtin.VerifyEqualKeyword$_verifyEqual_closure1.doCall(VerifyEqualKeyword.groovy:58)
	at com.kms.katalon.core.keyword.builtin.VerifyEqualKeyword$_verifyEqual_closure1.call(VerifyEqualKeyword.groovy)
	at com.kms.katalon.core.keyword.internal.KeywordMain.runKeyword(KeywordMain.groovy:75)
	at com.kms.katalon.core.keyword.builtin.VerifyEqualKeyword.verifyEqual(VerifyEqualKeyword.groovy:63)
	at com.kms.katalon.core.keyword.builtin.VerifyEqualKeyword.execute(VerifyEqualKeyword.groovy:44)
	at com.kms.katalon.core.keyword.internal.KeywordExecutor.executeKeywordForPlatform(KeywordExecutor.groovy:74)
	at com.kms.katalon.core.keyword.BuiltinKeywords.verifyEqual(BuiltinKeywords.groovy:146)
	at java.base/jdk.internal.reflect.NativeMethodAccessorImpl.invoke0(Native Method)
	at java.base/jdk.internal.reflect.NativeMethodAccessorImpl.invoke(NativeMethodAccessorImpl.java:77)
	at java.base/jdk.internal.reflect.DelegatingMethodAccessorImpl.invoke(DelegatingMethodAccessorImpl.java:43)
	at Выручка в рублях сверка дашбордов ПАО Россети.Blocks(Выручка в рублях сверка дашбордов ПАО Россети:387)
	at Выручка в рублях сверка дашбордов ПАО Россети.ViruchkaChange(Выручка в рублях сверка дашбордов ПАО Россети:60)
	at Выручка в рублях сверка дашбордов ПАО Россети.run(Выручка в рублях сверка дашбордов ПАО Россети:55)
	at com.kms.katalon.core.main.ScriptEngine.run(ScriptEngine.java:194)
	at com.kms.katalon.core.main.ScriptEngine.runScriptAsRawText(ScriptEngine.java:119)
	at com.kms.katalon.core.main.TestCaseExecutor.runScript(TestCaseExecutor.java:448)
	at com.kms.katalon.core.main.TestCaseExecutor.doExecute(TestCaseExecutor.java:439)
	at com.kms.katalon.core.main.TestCaseExecutor.processExecutionPhase(TestCaseExecutor.java:418)
	at com.kms.katalon.core.main.TestCaseExecutor.accessMainPhase(TestCaseExecutor.java:410)
	at com.kms.katalon.core.main.TestCaseExecutor.execute(TestCaseExecutor.java:285)
	at com.kms.katalon.core.common.CommonExecutor.accessTestCaseMainPhase(CommonExecutor.java:65)
	at com.kms.katalon.core.main.TestSuiteExecutor.accessTestSuiteMainPhase(TestSuiteExecutor.java:150)
	at com.kms.katalon.core.main.TestSuiteExecutor.execute(TestSuiteExecutor.java:106)
	at com.kms.katalon.core.main.TestCaseMain.startTestSuite(TestCaseMain.java:180)
	at TempTestSuite1740991900055.run(TempTestSuite1740991900055.groovy:35)
	at java.base/jdk.internal.reflect.NativeMethodAccessorImpl.invoke0(Native Method)
	at java.base/jdk.internal.reflect.NativeMethodAccessorImpl.invoke(NativeMethodAccessorImpl.java:77)
	at java.base/jdk.internal.reflect.DelegatingMethodAccessorImpl.invoke(DelegatingMethodAccessorImpl.java:43)
)

03-03-2025T12:10:24 - [TEST_STEP][PASSED] - a = replaceAll("\s+", "").toDouble(): null

03-03-2025T12:10:24 - [TEST_STEP][PASSED] - b = replaceAll("\s+", "").toDouble(): null

03-03-2025T12:10:24 - [TEST_STEP][PASSED] - Script1710234207206.WriteToExcel(todaysDate, run, vir, block, typeOfData, viruchka, vidget, nameOfBlock, a, b, dZO): null

03-03-2025T12:10:24 - [TEST_STEP][PASSED] - println(run): null

03-03-2025T12:10:24 - [TEST_STEP][PASSED] - if (run == 1): null

03-03-2025T12:10:24 - [TEST_STEP][PASSED] - typeOfData = "Млн": null

03-03-2025T12:10:24 - [TEST_STEP][PASSED] - println("todaysDate:" + todaysDate): null

03-03-2025T12:10:24 - [TEST_STEP][PASSED] - println("typeOfData:" + typeOfData): null

03-03-2025T12:10:24 - [TEST_STEP][PASSED] - viruchka = getText(findTestObject("Выручка в рублях/Фильтр Выручка" + nameOfBlock)): Text of object 'Object Repository/Выручка в рублях/Фильтр Выручка Выручка' is: 'Все'

03-03-2025T12:10:24 - [MESSAGE][PASSED] - Text of object 'Object Repository/Выручка в рублях/Фильтр Выручка Выручка' is: 'Все'

03-03-2025T12:10:24 - [TEST_STEP][PASSED] - println("viruchka" + viruchka): null

03-03-2025T12:10:24 - [TEST_STEP][PASSED] - println("vidget" + vidget): null

03-03-2025T12:10:24 - [TEST_STEP][PASSED] - println("a" + a): null

03-03-2025T12:10:24 - [TEST_STEP][PASSED] - println("b" + b): null

03-03-2025T12:10:24 - [TEST_STEP][PASSED] - sheetName = "Sheet1": null

03-03-2025T12:10:24 - [TEST_STEP][PASSED] - data = findTestData("PlanFact"): null

03-03-2025T12:10:25 - [TEST_STEP][PASSED] - n = data.getRowNumbers() + 1: null

03-03-2025T12:10:25 - [TEST_STEP][PASSED] - period = getText(findTestObject("Выручка в рублях/Фильтр Период")).trim(): Text of object 'Object Repository/Выручка в рублях/Фильтр Период' is: 'Январь 2025 года'

03-03-2025T12:10:25 - [MESSAGE][PASSED] - Text of object 'Object Repository/Выручка в рублях/Фильтр Период' is: 'Январь 2025 года'

03-03-2025T12:10:25 - [TEST_STEP][PASSED] - println(period): null

03-03-2025T12:10:25 - [TEST_STEP][PASSED] - if (period.findAll("[а-яА-Я]") == false): null

03-03-2025T12:10:25 - [TEST_STEP][PASSED] - dashboardName = "Выручка в рублях": null

03-03-2025T12:10:25 - [TEST_STEP][PASSED] - workbook01 = getWorkbook(excelFilePath): null

03-03-2025T12:10:25 - [TEST_STEP][PASSED] - sheet01 = getExcelSheet(workbook01, sheetName): null

03-03-2025T12:10:25 - [TEST_STEP][PASSED] - setValueToCellByIndex(sheet01, n, 0, dashboardName): null

03-03-2025T12:10:25 - [TEST_STEP][PASSED] - setValueToCellByIndex(sheet01, n, 1, dZO): null

03-03-2025T12:10:25 - [TEST_STEP][PASSED] - setValueToCellByIndex(sheet01, n, 2, vidget): null

03-03-2025T12:10:25 - [TEST_STEP][PASSED] - setValueToCellByIndex(sheet01, n, 3, viruchka): null

03-03-2025T12:10:25 - [TEST_STEP][PASSED] - setValueToCellByIndex(sheet01, n, 4, typeOfData): null

03-03-2025T12:10:25 - [TEST_STEP][PASSED] - if (a == null): null

03-03-2025T12:10:25 - [TEST_STEP][PASSED] - else: null

03-03-2025T12:10:25 - [TEST_STEP][PASSED] - setValueToCellByIndex(sheet01, n, 5, a): null

03-03-2025T12:10:25 - [TEST_STEP][PASSED] - if (b == null): null

03-03-2025T12:10:25 - [TEST_STEP][PASSED] - else: null

03-03-2025T12:10:25 - [TEST_STEP][PASSED] - setValueToCellByIndex(sheet01, n, 6, b): null

03-03-2025T12:10:25 - [TEST_STEP][PASSED] - setValueToCellByIndex(sheet01, n, 7, period): null

03-03-2025T12:10:25 - [TEST_STEP][PASSED] - setValueToCellByIndex(sheet01, n, 8, todaysDate): null

03-03-2025T12:10:25 - [TEST_STEP][PASSED] - n = n + 1: null

03-03-2025T12:10:25 - [TEST_STEP][PASSED] - saveWorkbook(excelFilePath, workbook01): null

03-03-2025T12:10:25 - [TEST_STEP][PASSED] - dZO = "Россети Кубань": null

03-03-2025T12:10:25 - [TEST_STEP][PASSED] - if (verifyEqual(a34, b34) == false): Actual object '-54' and expected object '-54' are equal

03-03-2025T12:10:25 - [MESSAGE][PASSED] - Actual object '-54' and expected object '-54' are equal

03-03-2025T12:10:25 - [TEST_STEP][PASSED] - dZO = "Россети Ленэнерго (ГК)": null

03-03-2025T12:10:25 - [TEST_STEP][PASSED] - if (verifyEqual(a35, b35) == false): Actual object '-403' and expected object '-403' are equal

03-03-2025T12:10:25 - [MESSAGE][PASSED] - Actual object '-403' and expected object '-403' are equal

03-03-2025T12:10:25 - [TEST_STEP][PASSED] - dZO = "Россети Московский регион": null

03-03-2025T12:10:25 - [TEST_STEP][FAILED] - if (verifyEqual(a36, b36) == false): null

03-03-2025T12:10:25 - [MESSAGE][FAILED] - Unable to verify equal between actual object '8 709' and expected object '-927' (Root cause: com.kms.katalon.core.exception.StepFailedException: Actual object '8 709' and expected object '-927' are not equal
	at com.kms.katalon.core.keyword.builtin.VerifyEqualKeyword$_verifyEqual_closure1.doCall(VerifyEqualKeyword.groovy:58)
	at com.kms.katalon.core.keyword.builtin.VerifyEqualKeyword$_verifyEqual_closure1.call(VerifyEqualKeyword.groovy)
	at com.kms.katalon.core.keyword.internal.KeywordMain.runKeyword(KeywordMain.groovy:75)
	at com.kms.katalon.core.keyword.builtin.VerifyEqualKeyword.verifyEqual(VerifyEqualKeyword.groovy:63)
	at com.kms.katalon.core.keyword.builtin.VerifyEqualKeyword.execute(VerifyEqualKeyword.groovy:44)
	at com.kms.katalon.core.keyword.internal.KeywordExecutor.executeKeywordForPlatform(KeywordExecutor.groovy:74)
	at com.kms.katalon.core.keyword.BuiltinKeywords.verifyEqual(BuiltinKeywords.groovy:146)
	at java.base/jdk.internal.reflect.NativeMethodAccessorImpl.invoke0(Native Method)
	at java.base/jdk.internal.reflect.NativeMethodAccessorImpl.invoke(NativeMethodAccessorImpl.java:77)
	at java.base/jdk.internal.reflect.DelegatingMethodAccessorImpl.invoke(DelegatingMethodAccessorImpl.java:43)
	at Выручка в рублях сверка дашбордов ПАО Россети.Blocks(Выручка в рублях сверка дашбордов ПАО Россети:417)
	at Выручка в рублях сверка дашбордов ПАО Россети.ViruchkaChange(Выручка в рублях сверка дашбордов ПАО Россети:60)
	at Выручка в рублях сверка дашбордов ПАО Россети.run(Выручка в рублях сверка дашбордов ПАО Россети:55)
	at com.kms.katalon.core.main.ScriptEngine.run(ScriptEngine.java:194)
	at com.kms.katalon.core.main.ScriptEngine.runScriptAsRawText(ScriptEngine.java:119)
	at com.kms.katalon.core.main.TestCaseExecutor.runScript(TestCaseExecutor.java:448)
	at com.kms.katalon.core.main.TestCaseExecutor.doExecute(TestCaseExecutor.java:439)
	at com.kms.katalon.core.main.TestCaseExecutor.processExecutionPhase(TestCaseExecutor.java:418)
	at com.kms.katalon.core.main.TestCaseExecutor.accessMainPhase(TestCaseExecutor.java:410)
	at com.kms.katalon.core.main.TestCaseExecutor.execute(TestCaseExecutor.java:285)
	at com.kms.katalon.core.common.CommonExecutor.accessTestCaseMainPhase(CommonExecutor.java:65)
	at com.kms.katalon.core.main.TestSuiteExecutor.accessTestSuiteMainPhase(TestSuiteExecutor.java:150)
	at com.kms.katalon.core.main.TestSuiteExecutor.execute(TestSuiteExecutor.java:106)
	at com.kms.katalon.core.main.TestCaseMain.startTestSuite(TestCaseMain.java:180)
	at TempTestSuite1740991900055.run(TempTestSuite1740991900055.groovy:35)
	at java.base/jdk.internal.reflect.NativeMethodAccessorImpl.invoke0(Native Method)
	at java.base/jdk.internal.reflect.NativeMethodAccessorImpl.invoke(NativeMethodAccessorImpl.java:77)
	at java.base/jdk.internal.reflect.DelegatingMethodAccessorImpl.invoke(DelegatingMethodAccessorImpl.java:43)
)

03-03-2025T12:10:25 - [TEST_STEP][PASSED] - a = replaceAll("\s+", "").toDouble(): null

03-03-2025T12:10:25 - [TEST_STEP][PASSED] - b = replaceAll("\s+", "").toDouble(): null

03-03-2025T12:10:25 - [TEST_STEP][PASSED] - Script1710234207206.WriteToExcel(todaysDate, run, vir, block, typeOfData, viruchka, vidget, nameOfBlock, a, b, dZO): null

03-03-2025T12:10:25 - [TEST_STEP][PASSED] - println(run): null

03-03-2025T12:10:25 - [TEST_STEP][PASSED] - if (run == 1): null

03-03-2025T12:10:25 - [TEST_STEP][PASSED] - typeOfData = "Млн": null

03-03-2025T12:10:25 - [TEST_STEP][PASSED] - println("todaysDate:" + todaysDate): null

03-03-2025T12:10:25 - [TEST_STEP][PASSED] - println("typeOfData:" + typeOfData): null

03-03-2025T12:10:25 - [TEST_STEP][PASSED] - viruchka = getText(findTestObject("Выручка в рублях/Фильтр Выручка" + nameOfBlock)): Text of object 'Object Repository/Выручка в рублях/Фильтр Выручка Выручка' is: 'Все'

03-03-2025T12:10:26 - [MESSAGE][PASSED] - Text of object 'Object Repository/Выручка в рублях/Фильтр Выручка Выручка' is: 'Все'

03-03-2025T12:10:26 - [TEST_STEP][PASSED] - println("viruchka" + viruchka): null

03-03-2025T12:10:26 - [TEST_STEP][PASSED] - println("vidget" + vidget): null

03-03-2025T12:10:26 - [TEST_STEP][PASSED] - println("a" + a): null

03-03-2025T12:10:26 - [TEST_STEP][PASSED] - println("b" + b): null

03-03-2025T12:10:26 - [TEST_STEP][PASSED] - sheetName = "Sheet1": null

03-03-2025T12:10:26 - [TEST_STEP][PASSED] - data = findTestData("PlanFact"): null

03-03-2025T12:10:26 - [TEST_STEP][PASSED] - n = data.getRowNumbers() + 1: null

03-03-2025T12:10:26 - [TEST_STEP][PASSED] - period = getText(findTestObject("Выручка в рублях/Фильтр Период")).trim(): Text of object 'Object Repository/Выручка в рублях/Фильтр Период' is: 'Январь 2025 года'

03-03-2025T12:10:26 - [MESSAGE][PASSED] - Text of object 'Object Repository/Выручка в рублях/Фильтр Период' is: 'Январь 2025 года'

03-03-2025T12:10:26 - [TEST_STEP][PASSED] - println(period): null

03-03-2025T12:10:26 - [TEST_STEP][PASSED] - if (period.findAll("[а-яА-Я]") == false): null

03-03-2025T12:10:26 - [TEST_STEP][PASSED] - dashboardName = "Выручка в рублях": null

03-03-2025T12:10:26 - [TEST_STEP][PASSED] - workbook01 = getWorkbook(excelFilePath): null

03-03-2025T12:10:26 - [TEST_STEP][PASSED] - sheet01 = getExcelSheet(workbook01, sheetName): null

03-03-2025T12:10:26 - [TEST_STEP][PASSED] - setValueToCellByIndex(sheet01, n, 0, dashboardName): null

03-03-2025T12:10:26 - [TEST_STEP][PASSED] - setValueToCellByIndex(sheet01, n, 1, dZO): null

03-03-2025T12:10:26 - [TEST_STEP][PASSED] - setValueToCellByIndex(sheet01, n, 2, vidget): null

03-03-2025T12:10:26 - [TEST_STEP][PASSED] - setValueToCellByIndex(sheet01, n, 3, viruchka): null

03-03-2025T12:10:26 - [TEST_STEP][PASSED] - setValueToCellByIndex(sheet01, n, 4, typeOfData): null

03-03-2025T12:10:26 - [TEST_STEP][PASSED] - if (a == null): null

03-03-2025T12:10:26 - [TEST_STEP][PASSED] - else: null

03-03-2025T12:10:26 - [TEST_STEP][PASSED] - setValueToCellByIndex(sheet01, n, 5, a): null

03-03-2025T12:10:26 - [TEST_STEP][PASSED] - if (b == null): null

03-03-2025T12:10:26 - [TEST_STEP][PASSED] - else: null

03-03-2025T12:10:26 - [TEST_STEP][PASSED] - setValueToCellByIndex(sheet01, n, 6, b): null

03-03-2025T12:10:26 - [TEST_STEP][PASSED] - setValueToCellByIndex(sheet01, n, 7, period): null

03-03-2025T12:10:26 - [TEST_STEP][PASSED] - setValueToCellByIndex(sheet01, n, 8, todaysDate): null

03-03-2025T12:10:26 - [TEST_STEP][PASSED] - n = n + 1: null

03-03-2025T12:10:26 - [TEST_STEP][PASSED] - saveWorkbook(excelFilePath, workbook01): null

03-03-2025T12:10:26 - [TEST_STEP][PASSED] - dZO = "Россети Северный Кавказ (ГК)": null

03-03-2025T12:10:27 - [TEST_STEP][FAILED] - if (verifyEqual(a37, b37) == false): null

03-03-2025T12:10:27 - [MESSAGE][FAILED] - Unable to verify equal between actual object '3 799' and expected object '-606' (Root cause: com.kms.katalon.core.exception.StepFailedException: Actual object '3 799' and expected object '-606' are not equal
	at com.kms.katalon.core.keyword.builtin.VerifyEqualKeyword$_verifyEqual_closure1.doCall(VerifyEqualKeyword.groovy:58)
	at com.kms.katalon.core.keyword.builtin.VerifyEqualKeyword$_verifyEqual_closure1.call(VerifyEqualKeyword.groovy)
	at com.kms.katalon.core.keyword.internal.KeywordMain.runKeyword(KeywordMain.groovy:75)
	at com.kms.katalon.core.keyword.builtin.VerifyEqualKeyword.verifyEqual(VerifyEqualKeyword.groovy:63)
	at com.kms.katalon.core.keyword.builtin.VerifyEqualKeyword.execute(VerifyEqualKeyword.groovy:44)
	at com.kms.katalon.core.keyword.internal.KeywordExecutor.executeKeywordForPlatform(KeywordExecutor.groovy:74)
	at com.kms.katalon.core.keyword.BuiltinKeywords.verifyEqual(BuiltinKeywords.groovy:146)
	at java.base/jdk.internal.reflect.NativeMethodAccessorImpl.invoke0(Native Method)
	at java.base/jdk.internal.reflect.NativeMethodAccessorImpl.invoke(NativeMethodAccessorImpl.java:77)
	at java.base/jdk.internal.reflect.DelegatingMethodAccessorImpl.invoke(DelegatingMethodAccessorImpl.java:43)
	at Выручка в рублях сверка дашбордов ПАО Россети.Blocks(Выручка в рублях сверка дашбордов ПАО Россети:427)
	at Выручка в рублях сверка дашбордов ПАО Россети.ViruchkaChange(Выручка в рублях сверка дашбордов ПАО Россети:60)
	at Выручка в рублях сверка дашбордов ПАО Россети.run(Выручка в рублях сверка дашбордов ПАО Россети:55)
	at com.kms.katalon.core.main.ScriptEngine.run(ScriptEngine.java:194)
	at com.kms.katalon.core.main.ScriptEngine.runScriptAsRawText(ScriptEngine.java:119)
	at com.kms.katalon.core.main.TestCaseExecutor.runScript(TestCaseExecutor.java:448)
	at com.kms.katalon.core.main.TestCaseExecutor.doExecute(TestCaseExecutor.java:439)
	at com.kms.katalon.core.main.TestCaseExecutor.processExecutionPhase(TestCaseExecutor.java:418)
	at com.kms.katalon.core.main.TestCaseExecutor.accessMainPhase(TestCaseExecutor.java:410)
	at com.kms.katalon.core.main.TestCaseExecutor.execute(TestCaseExecutor.java:285)
	at com.kms.katalon.core.common.CommonExecutor.accessTestCaseMainPhase(CommonExecutor.java:65)
	at com.kms.katalon.core.main.TestSuiteExecutor.accessTestSuiteMainPhase(TestSuiteExecutor.java:150)
	at com.kms.katalon.core.main.TestSuiteExecutor.execute(TestSuiteExecutor.java:106)
	at com.kms.katalon.core.main.TestCaseMain.startTestSuite(TestCaseMain.java:180)
	at TempTestSuite1740991900055.run(TempTestSuite1740991900055.groovy:35)
	at java.base/jdk.internal.reflect.NativeMethodAccessorImpl.invoke0(Native Method)
	at java.base/jdk.internal.reflect.NativeMethodAccessorImpl.invoke(NativeMethodAccessorImpl.java:77)
	at java.base/jdk.internal.reflect.DelegatingMethodAccessorImpl.invoke(DelegatingMethodAccessorImpl.java:43)
)

03-03-2025T12:10:27 - [TEST_STEP][PASSED] - a = replaceAll("\s+", "").toDouble(): null

03-03-2025T12:10:27 - [TEST_STEP][PASSED] - b = replaceAll("\s+", "").toDouble(): null

03-03-2025T12:10:27 - [TEST_STEP][PASSED] - Script1710234207206.WriteToExcel(todaysDate, run, vir, block, typeOfData, viruchka, vidget, nameOfBlock, a, b, dZO): null

03-03-2025T12:10:27 - [TEST_STEP][PASSED] - println(run): null

03-03-2025T12:10:27 - [TEST_STEP][PASSED] - if (run == 1): null

03-03-2025T12:10:27 - [TEST_STEP][PASSED] - typeOfData = "Млн": null

03-03-2025T12:10:27 - [TEST_STEP][PASSED] - println("todaysDate:" + todaysDate): null

03-03-2025T12:10:27 - [TEST_STEP][PASSED] - println("typeOfData:" + typeOfData): null

03-03-2025T12:10:27 - [TEST_STEP][PASSED] - viruchka = getText(findTestObject("Выручка в рублях/Фильтр Выручка" + nameOfBlock)): Text of object 'Object Repository/Выручка в рублях/Фильтр Выручка Выручка' is: 'Все'

03-03-2025T12:10:27 - [MESSAGE][PASSED] - Text of object 'Object Repository/Выручка в рублях/Фильтр Выручка Выручка' is: 'Все'

03-03-2025T12:10:27 - [TEST_STEP][PASSED] - println("viruchka" + viruchka): null

03-03-2025T12:10:27 - [TEST_STEP][PASSED] - println("vidget" + vidget): null

03-03-2025T12:10:27 - [TEST_STEP][PASSED] - println("a" + a): null

03-03-2025T12:10:27 - [TEST_STEP][PASSED] - println("b" + b): null

03-03-2025T12:10:27 - [TEST_STEP][PASSED] - sheetName = "Sheet1": null

03-03-2025T12:10:27 - [TEST_STEP][PASSED] - data = findTestData("PlanFact"): null

03-03-2025T12:10:27 - [TEST_STEP][PASSED] - n = data.getRowNumbers() + 1: null

03-03-2025T12:10:27 - [TEST_STEP][PASSED] - period = getText(findTestObject("Выручка в рублях/Фильтр Период")).trim(): Text of object 'Object Repository/Выручка в рублях/Фильтр Период' is: 'Январь 2025 года'

03-03-2025T12:10:27 - [MESSAGE][PASSED] - Text of object 'Object Repository/Выручка в рублях/Фильтр Период' is: 'Январь 2025 года'

03-03-2025T12:10:27 - [TEST_STEP][PASSED] - println(period): null

03-03-2025T12:10:27 - [TEST_STEP][PASSED] - if (period.findAll("[а-яА-Я]") == false): null

03-03-2025T12:10:27 - [TEST_STEP][PASSED] - dashboardName = "Выручка в рублях": null

03-03-2025T12:10:27 - [TEST_STEP][PASSED] - workbook01 = getWorkbook(excelFilePath): null

03-03-2025T12:10:27 - [TEST_STEP][PASSED] - sheet01 = getExcelSheet(workbook01, sheetName): null

03-03-2025T12:10:27 - [TEST_STEP][PASSED] - setValueToCellByIndex(sheet01, n, 0, dashboardName): null

03-03-2025T12:10:27 - [TEST_STEP][PASSED] - setValueToCellByIndex(sheet01, n, 1, dZO): null

03-03-2025T12:10:27 - [TEST_STEP][PASSED] - setValueToCellByIndex(sheet01, n, 2, vidget): null

03-03-2025T12:10:27 - [TEST_STEP][PASSED] - setValueToCellByIndex(sheet01, n, 3, viruchka): null

03-03-2025T12:10:27 - [TEST_STEP][PASSED] - setValueToCellByIndex(sheet01, n, 4, typeOfData): null

03-03-2025T12:10:27 - [TEST_STEP][PASSED] - if (a == null): null

03-03-2025T12:10:27 - [TEST_STEP][PASSED] - else: null

03-03-2025T12:10:27 - [TEST_STEP][PASSED] - setValueToCellByIndex(sheet01, n, 5, a): null

03-03-2025T12:10:27 - [TEST_STEP][PASSED] - if (b == null): null

03-03-2025T12:10:27 - [TEST_STEP][PASSED] - else: null

03-03-2025T12:10:27 - [TEST_STEP][PASSED] - setValueToCellByIndex(sheet01, n, 6, b): null

03-03-2025T12:10:27 - [TEST_STEP][PASSED] - setValueToCellByIndex(sheet01, n, 7, period): null

03-03-2025T12:10:27 - [TEST_STEP][PASSED] - setValueToCellByIndex(sheet01, n, 8, todaysDate): null

03-03-2025T12:10:27 - [TEST_STEP][PASSED] - n = n + 1: null

03-03-2025T12:10:27 - [TEST_STEP][PASSED] - saveWorkbook(excelFilePath, workbook01): null

03-03-2025T12:10:28 - [TEST_STEP][PASSED] - dZO = "Россети Северо-Запад": null

03-03-2025T12:10:28 - [TEST_STEP][PASSED] - if (verifyEqual(a38, b38) == false): Actual object '-251' and expected object '-251' are equal

03-03-2025T12:10:28 - [MESSAGE][PASSED] - Actual object '-251' and expected object '-251' are equal

03-03-2025T12:10:28 - [TEST_STEP][PASSED] - dZO = "Россети Сибирь (ГК)": null

03-03-2025T12:10:28 - [TEST_STEP][FAILED] - if (verifyEqual(a39, b39) == false): null

03-03-2025T12:10:28 - [MESSAGE][FAILED] - Unable to verify equal between actual object '11 296' and expected object '348' (Root cause: com.kms.katalon.core.exception.StepFailedException: Actual object '11 296' and expected object '348' are not equal
	at com.kms.katalon.core.keyword.builtin.VerifyEqualKeyword$_verifyEqual_closure1.doCall(VerifyEqualKeyword.groovy:58)
	at com.kms.katalon.core.keyword.builtin.VerifyEqualKeyword$_verifyEqual_closure1.call(VerifyEqualKeyword.groovy)
	at com.kms.katalon.core.keyword.internal.KeywordMain.runKeyword(KeywordMain.groovy:75)
	at com.kms.katalon.core.keyword.builtin.VerifyEqualKeyword.verifyEqual(VerifyEqualKeyword.groovy:63)
	at com.kms.katalon.core.keyword.builtin.VerifyEqualKeyword.execute(VerifyEqualKeyword.groovy:44)
	at com.kms.katalon.core.keyword.internal.KeywordExecutor.executeKeywordForPlatform(KeywordExecutor.groovy:74)
	at com.kms.katalon.core.keyword.BuiltinKeywords.verifyEqual(BuiltinKeywords.groovy:146)
	at java.base/jdk.internal.reflect.NativeMethodAccessorImpl.invoke0(Native Method)
	at java.base/jdk.internal.reflect.NativeMethodAccessorImpl.invoke(NativeMethodAccessorImpl.java:77)
	at java.base/jdk.internal.reflect.DelegatingMethodAccessorImpl.invoke(DelegatingMethodAccessorImpl.java:43)
	at Выручка в рублях сверка дашбордов ПАО Россети.Blocks(Выручка в рублях сверка дашбордов ПАО Россети:447)
	at Выручка в рублях сверка дашбордов ПАО Россети.ViruchkaChange(Выручка в рублях сверка дашбордов ПАО Россети:60)
	at Выручка в рублях сверка дашбордов ПАО Россети.run(Выручка в рублях сверка дашбордов ПАО Россети:55)
	at com.kms.katalon.core.main.ScriptEngine.run(ScriptEngine.java:194)
	at com.kms.katalon.core.main.ScriptEngine.runScriptAsRawText(ScriptEngine.java:119)
	at com.kms.katalon.core.main.TestCaseExecutor.runScript(TestCaseExecutor.java:448)
	at com.kms.katalon.core.main.TestCaseExecutor.doExecute(TestCaseExecutor.java:439)
	at com.kms.katalon.core.main.TestCaseExecutor.processExecutionPhase(TestCaseExecutor.java:418)
	at com.kms.katalon.core.main.TestCaseExecutor.accessMainPhase(TestCaseExecutor.java:410)
	at com.kms.katalon.core.main.TestCaseExecutor.execute(TestCaseExecutor.java:285)
	at com.kms.katalon.core.common.CommonExecutor.accessTestCaseMainPhase(CommonExecutor.java:65)
	at com.kms.katalon.core.main.TestSuiteExecutor.accessTestSuiteMainPhase(TestSuiteExecutor.java:150)
	at com.kms.katalon.core.main.TestSuiteExecutor.execute(TestSuiteExecutor.java:106)
	at com.kms.katalon.core.main.TestCaseMain.startTestSuite(TestCaseMain.java:180)
	at TempTestSuite1740991900055.run(TempTestSuite1740991900055.groovy:35)
	at java.base/jdk.internal.reflect.NativeMethodAccessorImpl.invoke0(Native Method)
	at java.base/jdk.internal.reflect.NativeMethodAccessorImpl.invoke(NativeMethodAccessorImpl.java:77)
	at java.base/jdk.internal.reflect.DelegatingMethodAccessorImpl.invoke(DelegatingMethodAccessorImpl.java:43)
)

03-03-2025T12:10:28 - [TEST_STEP][PASSED] - a = replaceAll("\s+", "").toDouble(): null

03-03-2025T12:10:28 - [TEST_STEP][PASSED] - b = replaceAll("\s+", "").toDouble(): null

03-03-2025T12:10:28 - [TEST_STEP][PASSED] - Script1710234207206.WriteToExcel(todaysDate, run, vir, block, typeOfData, viruchka, vidget, nameOfBlock, a, b, dZO): null

03-03-2025T12:10:28 - [TEST_STEP][PASSED] - println(run): null

03-03-2025T12:10:28 - [TEST_STEP][PASSED] - if (run == 1): null

03-03-2025T12:10:28 - [TEST_STEP][PASSED] - typeOfData = "Млн": null

03-03-2025T12:10:28 - [TEST_STEP][PASSED] - println("todaysDate:" + todaysDate): null

03-03-2025T12:10:28 - [TEST_STEP][PASSED] - println("typeOfData:" + typeOfData): null

03-03-2025T12:10:28 - [TEST_STEP][PASSED] - viruchka = getText(findTestObject("Выручка в рублях/Фильтр Выручка" + nameOfBlock)): Text of object 'Object Repository/Выручка в рублях/Фильтр Выручка Выручка' is: 'Все'

03-03-2025T12:10:28 - [MESSAGE][PASSED] - Text of object 'Object Repository/Выручка в рублях/Фильтр Выручка Выручка' is: 'Все'

03-03-2025T12:10:28 - [TEST_STEP][PASSED] - println("viruchka" + viruchka): null

03-03-2025T12:10:28 - [TEST_STEP][PASSED] - println("vidget" + vidget): null

03-03-2025T12:10:28 - [TEST_STEP][PASSED] - println("a" + a): null

03-03-2025T12:10:28 - [TEST_STEP][PASSED] - println("b" + b): null

03-03-2025T12:10:28 - [TEST_STEP][PASSED] - sheetName = "Sheet1": null

03-03-2025T12:10:28 - [TEST_STEP][PASSED] - data = findTestData("PlanFact"): null

03-03-2025T12:10:28 - [TEST_STEP][PASSED] - n = data.getRowNumbers() + 1: null

03-03-2025T12:10:28 - [TEST_STEP][PASSED] - period = getText(findTestObject("Выручка в рублях/Фильтр Период")).trim(): Text of object 'Object Repository/Выручка в рублях/Фильтр Период' is: 'Январь 2025 года'

03-03-2025T12:10:28 - [MESSAGE][PASSED] - Text of object 'Object Repository/Выручка в рублях/Фильтр Период' is: 'Январь 2025 года'

03-03-2025T12:10:28 - [TEST_STEP][PASSED] - println(period): null

03-03-2025T12:10:28 - [TEST_STEP][PASSED] - if (period.findAll("[а-яА-Я]") == false): null

03-03-2025T12:10:28 - [TEST_STEP][PASSED] - dashboardName = "Выручка в рублях": null

03-03-2025T12:10:28 - [TEST_STEP][PASSED] - workbook01 = getWorkbook(excelFilePath): null

03-03-2025T12:10:28 - [TEST_STEP][PASSED] - sheet01 = getExcelSheet(workbook01, sheetName): null

03-03-2025T12:10:28 - [TEST_STEP][PASSED] - setValueToCellByIndex(sheet01, n, 0, dashboardName): null

03-03-2025T12:10:28 - [TEST_STEP][PASSED] - setValueToCellByIndex(sheet01, n, 1, dZO): null

03-03-2025T12:10:28 - [TEST_STEP][PASSED] - setValueToCellByIndex(sheet01, n, 2, vidget): null

03-03-2025T12:10:28 - [TEST_STEP][PASSED] - setValueToCellByIndex(sheet01, n, 3, viruchka): null

03-03-2025T12:10:28 - [TEST_STEP][PASSED] - setValueToCellByIndex(sheet01, n, 4, typeOfData): null

03-03-2025T12:10:28 - [TEST_STEP][PASSED] - if (a == null): null

03-03-2025T12:10:28 - [TEST_STEP][PASSED] - else: null

03-03-2025T12:10:28 - [TEST_STEP][PASSED] - setValueToCellByIndex(sheet01, n, 5, a): null

03-03-2025T12:10:28 - [TEST_STEP][PASSED] - if (b == null): null

03-03-2025T12:10:28 - [TEST_STEP][PASSED] - else: null

03-03-2025T12:10:28 - [TEST_STEP][PASSED] - setValueToCellByIndex(sheet01, n, 6, b): null

03-03-2025T12:10:28 - [TEST_STEP][PASSED] - setValueToCellByIndex(sheet01, n, 7, period): null

03-03-2025T12:10:28 - [TEST_STEP][PASSED] - setValueToCellByIndex(sheet01, n, 8, todaysDate): null

03-03-2025T12:10:28 - [TEST_STEP][PASSED] - n = n + 1: null

03-03-2025T12:10:28 - [TEST_STEP][PASSED] - saveWorkbook(excelFilePath, workbook01): null

03-03-2025T12:10:29 - [TEST_STEP][PASSED] - dZO = "Россети Томск": null

03-03-2025T12:10:29 - [TEST_STEP][PASSED] - if (verifyEqual(a310, b310) == false): Actual object '-58' and expected object '-58' are equal

03-03-2025T12:10:29 - [MESSAGE][PASSED] - Actual object '-58' and expected object '-58' are equal

03-03-2025T12:10:29 - [TEST_STEP][PASSED] - dZO = "Россети Тюмень": null

03-03-2025T12:10:29 - [TEST_STEP][PASSED] - if (verifyEqual(a311, b311) == false): Actual object '-1 104' and expected object '-1 104' are equal

03-03-2025T12:10:29 - [MESSAGE][PASSED] - Actual object '-1 104' and expected object '-1 104' are equal

03-03-2025T12:10:29 - [TEST_STEP][PASSED] - dZO = "Россети Урал (ГК)": null

03-03-2025T12:10:29 - [TEST_STEP][PASSED] - if (verifyEqual(a312, b312) == false): Actual object '-474' and expected object '-474' are equal

03-03-2025T12:10:29 - [MESSAGE][PASSED] - Actual object '-474' and expected object '-474' are equal

03-03-2025T12:10:29 - [TEST_STEP][PASSED] - dZO = "Россети ФСК ЕЭС": null

03-03-2025T12:10:29 - [TEST_STEP][PASSED] - if (verifyEqual(a313, b313) == false): Actual object '-59' and expected object '-59' are equal

03-03-2025T12:10:29 - [MESSAGE][PASSED] - Actual object '-59' and expected object '-59' are equal

03-03-2025T12:10:29 - [TEST_STEP][PASSED] - dZO = "Россети Центр": null

03-03-2025T12:10:29 - [TEST_STEP][PASSED] - if (verifyEqual(a314, b314) == false): Actual object '-675' and expected object '-675' are equal

03-03-2025T12:10:29 - [MESSAGE][PASSED] - Actual object '-675' and expected object '-675' are equal

03-03-2025T12:10:29 - [TEST_STEP][PASSED] - dZO = "Россети Центр и Приволжье (ГК)": null

03-03-2025T12:10:29 - [TEST_STEP][PASSED] - if (verifyEqual(a315, b315) == false): Actual object '13 055' and expected object '13 055' are equal

03-03-2025T12:10:29 - [MESSAGE][PASSED] - Actual object '13 055' and expected object '13 055' are equal

03-03-2025T12:10:29 - [TEST_STEP][PASSED] - dZO = "Россети Юг (ГК)": null

03-03-2025T12:10:29 - [TEST_STEP][FAILED] - if (verifyEqual(a316, b316) == false): null

03-03-2025T12:10:29 - [MESSAGE][FAILED] - Unable to verify equal between actual object '500' and expected object '-191' (Root cause: com.kms.katalon.core.exception.StepFailedException: Actual object '500' and expected object '-191' are not equal
	at com.kms.katalon.core.keyword.builtin.VerifyEqualKeyword$_verifyEqual_closure1.doCall(VerifyEqualKeyword.groovy:58)
	at com.kms.katalon.core.keyword.builtin.VerifyEqualKeyword$_verifyEqual_closure1.call(VerifyEqualKeyword.groovy)
	at com.kms.katalon.core.keyword.internal.KeywordMain.runKeyword(KeywordMain.groovy:75)
	at com.kms.katalon.core.keyword.builtin.VerifyEqualKeyword.verifyEqual(VerifyEqualKeyword.groovy:63)
	at com.kms.katalon.core.keyword.builtin.VerifyEqualKeyword.execute(VerifyEqualKeyword.groovy:44)
	at com.kms.katalon.core.keyword.internal.KeywordExecutor.executeKeywordForPlatform(KeywordExecutor.groovy:74)
	at com.kms.katalon.core.keyword.BuiltinKeywords.verifyEqual(BuiltinKeywords.groovy:146)
	at jdk.internal.reflect.GeneratedMethodAccessor24.invoke(Unknown Source)
	at java.base/jdk.internal.reflect.DelegatingMethodAccessorImpl.invoke(DelegatingMethodAccessorImpl.java:43)
	at Выручка в рублях сверка дашбордов ПАО Россети.Blocks(Выручка в рублях сверка дашбордов ПАО Россети:517)
	at Выручка в рублях сверка дашбордов ПАО Россети.ViruchkaChange(Выручка в рублях сверка дашбордов ПАО Россети:60)
	at Выручка в рублях сверка дашбордов ПАО Россети.run(Выручка в рублях сверка дашбордов ПАО Россети:55)
	at com.kms.katalon.core.main.ScriptEngine.run(ScriptEngine.java:194)
	at com.kms.katalon.core.main.ScriptEngine.runScriptAsRawText(ScriptEngine.java:119)
	at com.kms.katalon.core.main.TestCaseExecutor.runScript(TestCaseExecutor.java:448)
	at com.kms.katalon.core.main.TestCaseExecutor.doExecute(TestCaseExecutor.java:439)
	at com.kms.katalon.core.main.TestCaseExecutor.processExecutionPhase(TestCaseExecutor.java:418)
	at com.kms.katalon.core.main.TestCaseExecutor.accessMainPhase(TestCaseExecutor.java:410)
	at com.kms.katalon.core.main.TestCaseExecutor.execute(TestCaseExecutor.java:285)
	at com.kms.katalon.core.common.CommonExecutor.accessTestCaseMainPhase(CommonExecutor.java:65)
	at com.kms.katalon.core.main.TestSuiteExecutor.accessTestSuiteMainPhase(TestSuiteExecutor.java:150)
	at com.kms.katalon.core.main.TestSuiteExecutor.execute(TestSuiteExecutor.java:106)
	at com.kms.katalon.core.main.TestCaseMain.startTestSuite(TestCaseMain.java:180)
	at TempTestSuite1740991900055.run(TempTestSuite1740991900055.groovy:35)
	at java.base/jdk.internal.reflect.NativeMethodAccessorImpl.invoke0(Native Method)
	at java.base/jdk.internal.reflect.NativeMethodAccessorImpl.invoke(NativeMethodAccessorImpl.java:77)
	at java.base/jdk.internal.reflect.DelegatingMethodAccessorImpl.invoke(DelegatingMethodAccessorImpl.java:43)
)

03-03-2025T12:10:29 - [TEST_STEP][PASSED] - a = replaceAll("\s+", "").toDouble(): null

03-03-2025T12:10:29 - [TEST_STEP][PASSED] - b = replaceAll("\s+", "").toDouble(): null

03-03-2025T12:10:29 - [TEST_STEP][PASSED] - Script1710234207206.WriteToExcel(todaysDate, run, vir, block, typeOfData, viruchka, vidget, nameOfBlock, a, b, dZO): null

03-03-2025T12:10:29 - [TEST_STEP][PASSED] - println(run): null

03-03-2025T12:10:29 - [TEST_STEP][PASSED] - if (run == 1): null

03-03-2025T12:10:29 - [TEST_STEP][PASSED] - typeOfData = "Млн": null

03-03-2025T12:10:29 - [TEST_STEP][PASSED] - println("todaysDate:" + todaysDate): null

03-03-2025T12:10:29 - [TEST_STEP][PASSED] - println("typeOfData:" + typeOfData): null

03-03-2025T12:10:29 - [TEST_STEP][PASSED] - viruchka = getText(findTestObject("Выручка в рублях/Фильтр Выручка" + nameOfBlock)): Text of object 'Object Repository/Выручка в рублях/Фильтр Выручка Выручка' is: 'Все'

03-03-2025T12:10:29 - [MESSAGE][PASSED] - Text of object 'Object Repository/Выручка в рублях/Фильтр Выручка Выручка' is: 'Все'

03-03-2025T12:10:29 - [TEST_STEP][PASSED] - println("viruchka" + viruchka): null

03-03-2025T12:10:29 - [TEST_STEP][PASSED] - println("vidget" + vidget): null

03-03-2025T12:10:29 - [TEST_STEP][PASSED] - println("a" + a): null

03-03-2025T12:10:29 - [TEST_STEP][PASSED] - println("b" + b): null

03-03-2025T12:10:29 - [TEST_STEP][PASSED] - sheetName = "Sheet1": null

03-03-2025T12:10:29 - [TEST_STEP][PASSED] - data = findTestData("PlanFact"): null

03-03-2025T12:10:29 - [TEST_STEP][PASSED] - n = data.getRowNumbers() + 1: null

03-03-2025T12:10:29 - [TEST_STEP][PASSED] - period = getText(findTestObject("Выручка в рублях/Фильтр Период")).trim(): Text of object 'Object Repository/Выручка в рублях/Фильтр Период' is: 'Январь 2025 года'

03-03-2025T12:10:30 - [MESSAGE][PASSED] - Text of object 'Object Repository/Выручка в рублях/Фильтр Период' is: 'Январь 2025 года'

03-03-2025T12:10:30 - [TEST_STEP][PASSED] - println(period): null

03-03-2025T12:10:30 - [TEST_STEP][PASSED] - if (period.findAll("[а-яА-Я]") == false): null

03-03-2025T12:10:30 - [TEST_STEP][PASSED] - dashboardName = "Выручка в рублях": null

03-03-2025T12:10:30 - [TEST_STEP][PASSED] - workbook01 = getWorkbook(excelFilePath): null

03-03-2025T12:10:30 - [TEST_STEP][PASSED] - sheet01 = getExcelSheet(workbook01, sheetName): null

03-03-2025T12:10:30 - [TEST_STEP][PASSED] - setValueToCellByIndex(sheet01, n, 0, dashboardName): null

03-03-2025T12:10:30 - [TEST_STEP][PASSED] - setValueToCellByIndex(sheet01, n, 1, dZO): null

03-03-2025T12:10:30 - [TEST_STEP][PASSED] - setValueToCellByIndex(sheet01, n, 2, vidget): null

03-03-2025T12:10:30 - [TEST_STEP][PASSED] - setValueToCellByIndex(sheet01, n, 3, viruchka): null

03-03-2025T12:10:30 - [TEST_STEP][PASSED] - setValueToCellByIndex(sheet01, n, 4, typeOfData): null

03-03-2025T12:10:30 - [TEST_STEP][PASSED] - if (a == null): null

03-03-2025T12:10:30 - [TEST_STEP][PASSED] - else: null

03-03-2025T12:10:30 - [TEST_STEP][PASSED] - setValueToCellByIndex(sheet01, n, 5, a): null

03-03-2025T12:10:30 - [TEST_STEP][PASSED] - if (b == null): null

03-03-2025T12:10:30 - [TEST_STEP][PASSED] - else: null

03-03-2025T12:10:30 - [TEST_STEP][PASSED] - setValueToCellByIndex(sheet01, n, 6, b): null

03-03-2025T12:10:30 - [TEST_STEP][PASSED] - setValueToCellByIndex(sheet01, n, 7, period): null

03-03-2025T12:10:30 - [TEST_STEP][PASSED] - setValueToCellByIndex(sheet01, n, 8, todaysDate): null

03-03-2025T12:10:30 - [TEST_STEP][PASSED] - n = n + 1: null

03-03-2025T12:10:30 - [TEST_STEP][PASSED] - saveWorkbook(excelFilePath, workbook01): null

03-03-2025T12:10:30 - [TEST_STEP][PASSED] - dZO = "Россети Янтарь": null

03-03-2025T12:10:30 - [TEST_STEP][PASSED] - if (verifyEqual(a317, b317) == false): Actual object '-19' and expected object '-19' are equal

03-03-2025T12:10:30 - [MESSAGE][PASSED] - Actual object '-19' and expected object '-19' are equal

03-03-2025T12:10:30 - [TEST_STEP][PASSED] - closeBrowser(): null

03-03-2025T12:10:30 - [MESSAGE][PASSED] - Browser is closed

03-03-2025T12:10:30 - [TEST_STEP][PASSED] - Script1710234207206.Blocks(run, vir, block, nameOfBlock, typeOfData, viruchka, vidget, todaysDate, a, b, dZO, x, y): null

03-03-2025T12:10:30 - [TEST_STEP][PASSED] - i = <not implemented yet for class: org.codehaus.groovy.ast.expr.EmptyExpression>: null

03-03-2025T12:10:30 - [TEST_STEP][PASSED] - perc = "": null

03-03-2025T12:10:30 - [TEST_STEP][PASSED] - a1 = <not implemented yet for class: org.codehaus.groovy.ast.expr.EmptyExpression>: null

03-03-2025T12:10:30 - [TEST_STEP][PASSED] - a2 = <not implemented yet for class: org.codehaus.groovy.ast.expr.EmptyExpression>: null

03-03-2025T12:10:30 - [TEST_STEP][PASSED] - a30 = <not implemented yet for class: org.codehaus.groovy.ast.expr.EmptyExpression>: null

03-03-2025T12:10:30 - [TEST_STEP][PASSED] - a31 = <not implemented yet for class: org.codehaus.groovy.ast.expr.EmptyExpression>: null

03-03-2025T12:10:30 - [TEST_STEP][PASSED] - a32 = <not implemented yet for class: org.codehaus.groovy.ast.expr.EmptyExpression>: null

03-03-2025T12:10:30 - [TEST_STEP][PASSED] - a33 = <not implemented yet for class: org.codehaus.groovy.ast.expr.EmptyExpression>: null

03-03-2025T12:10:30 - [TEST_STEP][PASSED] - a34 = <not implemented yet for class: org.codehaus.groovy.ast.expr.EmptyExpression>: null

03-03-2025T12:10:30 - [TEST_STEP][PASSED] - a35 = <not implemented yet for class: org.codehaus.groovy.ast.expr.EmptyExpression>: null

03-03-2025T12:10:30 - [TEST_STEP][PASSED] - a36 = <not implemented yet for class: org.codehaus.groovy.ast.expr.EmptyExpression>: null

03-03-2025T12:10:30 - [TEST_STEP][PASSED] - a37 = <not implemented yet for class: org.codehaus.groovy.ast.expr.EmptyExpression>: null

03-03-2025T12:10:30 - [TEST_STEP][PASSED] - a38 = <not implemented yet for class: org.codehaus.groovy.ast.expr.EmptyExpression>: null

03-03-2025T12:10:30 - [TEST_STEP][PASSED] - a39 = <not implemented yet for class: org.codehaus.groovy.ast.expr.EmptyExpression>: null

03-03-2025T12:10:30 - [TEST_STEP][PASSED] - a310 = <not implemented yet for class: org.codehaus.groovy.ast.expr.EmptyExpression>: null

03-03-2025T12:10:30 - [TEST_STEP][PASSED] - a311 = <not implemented yet for class: org.codehaus.groovy.ast.expr.EmptyExpression>: null

03-03-2025T12:10:30 - [TEST_STEP][PASSED] - a312 = <not implemented yet for class: org.codehaus.groovy.ast.expr.EmptyExpression>: null

03-03-2025T12:10:30 - [TEST_STEP][PASSED] - a313 = <not implemented yet for class: org.codehaus.groovy.ast.expr.EmptyExpression>: null

03-03-2025T12:10:30 - [TEST_STEP][PASSED] - a314 = <not implemented yet for class: org.codehaus.groovy.ast.expr.EmptyExpression>: null

03-03-2025T12:10:30 - [TEST_STEP][PASSED] - a315 = <not implemented yet for class: org.codehaus.groovy.ast.expr.EmptyExpression>: null

03-03-2025T12:10:30 - [TEST_STEP][PASSED] - a316 = <not implemented yet for class: org.codehaus.groovy.ast.expr.EmptyExpression>: null

03-03-2025T12:10:30 - [TEST_STEP][PASSED] - a317 = <not implemented yet for class: org.codehaus.groovy.ast.expr.EmptyExpression>: null

03-03-2025T12:10:30 - [TEST_STEP][PASSED] - b1 = <not implemented yet for class: org.codehaus.groovy.ast.expr.EmptyExpression>: null

03-03-2025T12:10:30 - [TEST_STEP][PASSED] - b2 = <not implemented yet for class: org.codehaus.groovy.ast.expr.EmptyExpression>: null

03-03-2025T12:10:30 - [TEST_STEP][PASSED] - b30 = <not implemented yet for class: org.codehaus.groovy.ast.expr.EmptyExpression>: null

03-03-2025T12:10:30 - [TEST_STEP][PASSED] - b31 = <not implemented yet for class: org.codehaus.groovy.ast.expr.EmptyExpression>: null

03-03-2025T12:10:30 - [TEST_STEP][PASSED] - b32 = <not implemented yet for class: org.codehaus.groovy.ast.expr.EmptyExpression>: null

03-03-2025T12:10:30 - [TEST_STEP][PASSED] - b33 = <not implemented yet for class: org.codehaus.groovy.ast.expr.EmptyExpression>: null

03-03-2025T12:10:30 - [TEST_STEP][PASSED] - b34 = <not implemented yet for class: org.codehaus.groovy.ast.expr.EmptyExpression>: null

03-03-2025T12:10:30 - [TEST_STEP][PASSED] - b35 = <not implemented yet for class: org.codehaus.groovy.ast.expr.EmptyExpression>: null

03-03-2025T12:10:30 - [TEST_STEP][PASSED] - b36 = <not implemented yet for class: org.codehaus.groovy.ast.expr.EmptyExpression>: null

03-03-2025T12:10:30 - [TEST_STEP][PASSED] - b37 = <not implemented yet for class: org.codehaus.groovy.ast.expr.EmptyExpression>: null

03-03-2025T12:10:30 - [TEST_STEP][PASSED] - b38 = <not implemented yet for class: org.codehaus.groovy.ast.expr.EmptyExpression>: null

03-03-2025T12:10:30 - [TEST_STEP][PASSED] - b39 = <not implemented yet for class: org.codehaus.groovy.ast.expr.EmptyExpression>: null

03-03-2025T12:10:30 - [TEST_STEP][PASSED] - b310 = <not implemented yet for class: org.codehaus.groovy.ast.expr.EmptyExpression>: null

03-03-2025T12:10:30 - [TEST_STEP][PASSED] - b311 = <not implemented yet for class: org.codehaus.groovy.ast.expr.EmptyExpression>: null

03-03-2025T12:10:30 - [TEST_STEP][PASSED] - b312 = <not implemented yet for class: org.codehaus.groovy.ast.expr.EmptyExpression>: null

03-03-2025T12:10:30 - [TEST_STEP][PASSED] - b313 = <not implemented yet for class: org.codehaus.groovy.ast.expr.EmptyExpression>: null

03-03-2025T12:10:30 - [TEST_STEP][PASSED] - b314 = <not implemented yet for class: org.codehaus.groovy.ast.expr.EmptyExpression>: null

03-03-2025T12:10:30 - [TEST_STEP][PASSED] - b315 = <not implemented yet for class: org.codehaus.groovy.ast.expr.EmptyExpression>: null

03-03-2025T12:10:30 - [TEST_STEP][PASSED] - b316 = <not implemented yet for class: org.codehaus.groovy.ast.expr.EmptyExpression>: null

03-03-2025T12:10:30 - [TEST_STEP][PASSED] - b317 = <not implemented yet for class: org.codehaus.groovy.ast.expr.EmptyExpression>: null

03-03-2025T12:10:30 - [TEST_STEP][PASSED] - block = 1: null

03-03-2025T12:10:30 - [TEST_STEP][PASSED] - nameOfBlock = "": null

03-03-2025T12:10:30 - [TEST_STEP][PASSED] - Script1710234207206.PreSettings(run, vir, block, nameOfBlock, typeOfData, todaysDate): null

03-03-2025T12:10:30 - [TEST_STEP][PASSED] - openBrowser(""): Browser is opened with url: ''

03-03-2025T12:10:30 - [MESSAGE][INFO] - Starting 'Chrome' driver

03-03-2025T12:10:30 - [MESSAGE][INFO] - Action delay is set to 0 milliseconds

03-03-2025T12:10:32 - [MESSAGE][PASSED] - Browser is opened with url: ''

03-03-2025T12:10:32 - [TEST_STEP][PASSED] - refresh(): Refresh successfully

03-03-2025T12:10:32 - [MESSAGE][PASSED] - Refresh successfully

03-03-2025T12:10:32 - [TEST_STEP][PASSED] - delay(50): Delayed 50 second(s)

03-03-2025T12:11:22 - [MESSAGE][PASSED] - Delayed 50 second(s)

03-03-2025T12:11:22 - [TEST_STEP][PASSED] - println("run:" + run): null

03-03-2025T12:11:22 - [TEST_STEP][PASSED] - println("vir:" + vir): null

03-03-2025T12:11:22 - [TEST_STEP][PASSED] - println("block:" + block): null

03-03-2025T12:11:22 - [TEST_STEP][PASSED] - if (block == 1): null

03-03-2025T12:11:22 - [TEST_STEP][PASSED] - nameOfBlock = "": null

03-03-2025T12:11:22 - [TEST_STEP][PASSED] - println("nameOfBlock:" + nameOfBlock): null

03-03-2025T12:11:22 - [TEST_STEP][PASSED] - println("typeOfData:" + typeOfData): null

03-03-2025T12:11:22 - [TEST_STEP][PASSED] - println("todaysDate:" + todaysDate): null

03-03-2025T12:11:22 - [TEST_STEP][PASSED] - Script1710234207206.Autorization(block, nameOfBlock): null

03-03-2025T12:11:22 - [TEST_STEP][PASSED] - i = <not implemented yet for class: org.codehaus.groovy.ast.expr.EmptyExpression>: null

03-03-2025T12:11:22 - [TEST_STEP][PASSED] - ii = <not implemented yet for class: org.codehaus.groovy.ast.expr.EmptyExpression>: null

03-03-2025T12:11:22 - [TEST_STEP][PASSED] - urlData = <not implemented yet for class: org.codehaus.groovy.ast.expr.EmptyExpression>: null

03-03-2025T12:11:22 - [TEST_STEP][PASSED] - searchWord = <not implemented yet for class: org.codehaus.groovy.ast.expr.EmptyExpression>: null

03-03-2025T12:11:22 - [TEST_STEP][PASSED] - urlText = <not implemented yet for class: org.codehaus.groovy.ast.expr.EmptyExpression>: null

03-03-2025T12:11:22 - [TEST_STEP][PASSED] - println("block:" + block): null

03-03-2025T12:11:22 - [TEST_STEP][PASSED] - if (block == 1): null

03-03-2025T12:11:22 - [TEST_STEP][PASSED] - nameOfBlock = "": null

03-03-2025T12:11:22 - [TEST_STEP][PASSED] - println("nameOfBlock:" + nameOfBlock): null

03-03-2025T12:11:22 - [TEST_STEP][PASSED] - if (block == 1): Delayed 45 second(s)

03-03-2025T12:11:22 - [TEST_STEP][PASSED] - urlData = 2: null

03-03-2025T12:11:22 - [TEST_STEP][PASSED] - delay(45): Delayed 45 second(s)

03-03-2025T12:12:07 - [MESSAGE][PASSED] - Delayed 45 second(s)

03-03-2025T12:12:07 - [TEST_STEP][PASSED] - navigateToUrl(findTestData("PlanFact").getValue(10, urlData)): Navigate to 'https://bi.rosseti.digital/viewer?dashboardGuid=2301950b23be4ed89c1df75f2020051e&sheetGuid=b723206f698544fb87299f3095c00435&fit=true' successfully

03-03-2025T12:12:26 - [MESSAGE][PASSED] - Navigate to 'https://bi.rosseti.digital/viewer?dashboardGuid=2301950b23be4ed89c1df75f2020051e&sheetGuid=b723206f698544fb87299f3095c00435&fit=true' successfully

03-03-2025T12:12:26 - [TEST_STEP][PASSED] - urlText = getText(findTestObject("Страница авторизации/Text")): Text of object 'Object Repository/Страница авторизации/Text' is: 'Вход'

03-03-2025T12:12:26 - [MESSAGE][PASSED] - Text of object 'Object Repository/Страница авторизации/Text' is: 'Вход'

03-03-2025T12:12:26 - [TEST_STEP][PASSED] - searchWord = "Вход": null

03-03-2025T12:12:26 - [TEST_STEP][PASSED] - if (urlText == null || urlText.contains("ошибка") || urlText.contains(searchWord) == false): null

03-03-2025T12:12:26 - [TEST_STEP][PASSED] - if (verifyElementPresent(findTestObject("Страница авторизации/button_"), 30) == true): null

03-03-2025T12:12:27 - [MESSAGE][PASSED] - Object 'Object Repository/Страница авторизации/button_' is present

03-03-2025T12:12:27 - [TEST_STEP][PASSED] - setText(findTestObject("Страница авторизации/input__username"), findTestData("PlanFact").getValue(8, 1)): Text 'liazgina-di' is set on object 'Object Repository/Страница авторизации/input__username'

03-03-2025T12:12:27 - [MESSAGE][PASSED] - Text 'liazgina-di' is set on object 'Object Repository/Страница авторизации/input__username'

03-03-2025T12:12:27 - [TEST_STEP][PASSED] - setText(findTestObject("Страница авторизации/input__password"), findTestData("PlanFact").getValue(9, 1)): Text ')$%5srZ8o688Dm#q' is set on object 'Object Repository/Страница авторизации/input__password'

03-03-2025T12:12:28 - [MESSAGE][PASSED] - Text ')$%5srZ8o688Dm#q' is set on object 'Object Repository/Страница авторизации/input__password'

03-03-2025T12:12:28 - [TEST_STEP][PASSED] - click(findTestObject("Страница авторизации/button_")): Object: 'Object Repository/Страница авторизации/button_' is clicked on

03-03-2025T12:12:30 - [MESSAGE][PASSED] - Object: 'Object Repository/Страница авторизации/button_' is clicked on

03-03-2025T12:12:30 - [TEST_STEP][PASSED] - delay(45): Delayed 45 second(s)

03-03-2025T12:13:15 - [MESSAGE][PASSED] - Delayed 45 second(s)

03-03-2025T12:13:15 - [TEST_STEP][PASSED] - urlText = getText(findTestObject("Страница авторизации/Text")): Text of object 'Object Repository/Страница авторизации/Text' is: 'Период
Январь 2025 года
Выручка
Все
Выполнение плановых показателей по ПАО Россети за Январь 2025 года
План
Факт
Динамика
2025 год
0 млн.руб.
20 000 млн.руб.
40 000 млн.руб.
60 000 млн.руб.
80 000 млн.руб.
100 000 млн.руб.
120 000 млн.руб.
140 000 млн.руб.
160 000 млн.руб.
180 000 млн.руб.
200 000 млн.руб.
121 309
157 865
↑
ДЗО 
ПАО Россети
Внутренний оборот - выручка за услуги по передаче электрической энергии, учтенная в выручке за электроэнергию для конечных потребителей, при выполнении ДЗО функций гарантирующего поставщика
Подписи данных
⬤Отклонение
АО "РЭС"
АО «Тываэнерго»
АО «Чеченэнерго»
Россети Волга
Россети Кубань
Россети Ленэнерго (ГК)
Россети Московский регион
Россети Северный Кавказ (ГК)
Россети Северо-Запад
Россети Сибирь (ГК)
Россети Томск
Россети Тюмень
Россети Урал (ГК)
Россети ФСК ЕЭС
Россети Центр
Россети Центр и Приволжье (ГК)
Россети Юг (ГК)
Россети Янтарь
-2 000 млн.руб.
0 млн.руб.
2 000 млн.руб.
4 000 млн.руб.
6 000 млн.руб.
8 000 млн.руб.
10 000 млн.руб.
12 000 млн.руб.
14 000 млн.руб.
-73
274
463
1 630
-54
-403
8 709
3 799
-251
11 296
-58
-1 104
-474
-59
-675
13 055
500
-19
млн.
%
Выручка
Отклонение выручки по ПАО Россети за Январь 2025 года (факт/план, млн. руб)
ПАО Россети
36 556 млн.руб.
 '

03-03-2025T12:13:16 - [MESSAGE][PASSED] - Text of object 'Object Repository/Страница авторизации/Text' is: 'Период
Январь 2025 года
Выручка
Все
Выполнение плановых показателей по ПАО Россети за Январь 2025 года
План
Факт
Динамика
2025 год
0 млн.руб.
20 000 млн.руб.
40 000 млн.руб.
60 000 млн.руб.
80 000 млн.руб.
100 000 млн.руб.
120 000 млн.руб.
140 000 млн.руб.
160 000 млн.руб.
180 000 млн.руб.
200 000 млн.руб.
121 309
157 865
↑
ДЗО 
ПАО Россети
Внутренний оборот - выручка за услуги по передаче электрической энергии, учтенная в выручке за электроэнергию для конечных потребителей, при выполнении ДЗО функций гарантирующего поставщика
Подписи данных
⬤Отклонение
АО "РЭС"
АО «Тываэнерго»
АО «Чеченэнерго»
Россети Волга
Россети Кубань
Россети Ленэнерго (ГК)
Россети Московский регион
Россети Северный Кавказ (ГК)
Россети Северо-Запад
Россети Сибирь (ГК)
Россети Томск
Россети Тюмень
Россети Урал (ГК)
Россети ФСК ЕЭС
Россети Центр
Россети Центр и Приволжье (ГК)
Россети Юг (ГК)
Россети Янтарь
-2 000 млн.руб.
0 млн.руб.
2 000 млн.руб.
4 000 млн.руб.
6 000 млн.руб.
8 000 млн.руб.
10 000 млн.руб.
12 000 млн.руб.
14 000 млн.руб.
-73
274
463
1 630
-54
-403
8 709
3 799
-251
11 296
-58
-1 104
-474
-59
-675
13 055
500
-19
млн.
%
Выручка
Отклонение выручки по ПАО Россети за Январь 2025 года (факт/план, млн. руб)
ПАО Россети
36 556 млн.руб.
 '

03-03-2025T12:13:16 - [TEST_STEP][PASSED] - searchWord = "а": null

03-03-2025T12:13:16 - [TEST_STEP][PASSED] - if (urlText.contains("ошибка") || urlText.contains(searchWord) == false): null

03-03-2025T12:13:16 - [TEST_STEP][PASSED] - delay(45): Delayed 45 second(s)

03-03-2025T12:14:01 - [MESSAGE][PASSED] - Delayed 45 second(s)

03-03-2025T12:14:01 - [TEST_STEP][PASSED] - if (block == 2): null

03-03-2025T12:14:01 - [TEST_STEP][PASSED] - click(findTestObject("Выручка в рублях/Фильтр Период" + nameOfBlock)): Object: 'Object Repository/Выручка в рублях/Фильтр Период' is clicked on

03-03-2025T12:14:01 - [MESSAGE][PASSED] - Object: 'Object Repository/Выручка в рублях/Фильтр Период' is clicked on

03-03-2025T12:14:01 - [TEST_STEP][PASSED] - click(findTestObject("Выручка в рублях/Снять выделение в фильтре Дата" + nameOfBlock)): Object: 'Object Repository/Выручка в рублях/Снять выделение в фильтре Дата' is clicked on

03-03-2025T12:14:02 - [MESSAGE][PASSED] - Object: 'Object Repository/Выручка в рублях/Снять выделение в фильтре Дата' is clicked on

03-03-2025T12:14:02 - [TEST_STEP][PASSED] - click(findTestObject("Выручка в рублях/Применить в фильтре Дата" + nameOfBlock)): Object: 'Object Repository/Выручка в рублях/Применить в фильтре Дата' is clicked on

03-03-2025T12:14:03 - [MESSAGE][PASSED] - Object: 'Object Repository/Выручка в рублях/Применить в фильтре Дата' is clicked on

03-03-2025T12:14:03 - [TEST_STEP][PASSED] - delay(50): Delayed 50 second(s)

03-03-2025T12:14:53 - [MESSAGE][PASSED] - Delayed 50 second(s)

03-03-2025T12:14:53 - [TEST_STEP][PASSED] - click(findTestObject("Выручка в рублях/Фильтр Период" + nameOfBlock)): Object: 'Object Repository/Выручка в рублях/Фильтр Период' is clicked on

03-03-2025T12:14:53 - [MESSAGE][PASSED] - Object: 'Object Repository/Выручка в рублях/Фильтр Период' is clicked on

03-03-2025T12:14:53 - [TEST_STEP][PASSED] - click(findTestObject("Выручка в рублях/Снять выделение в фильтре Дата" + nameOfBlock)): Object: 'Object Repository/Выручка в рублях/Снять выделение в фильтре Дата' is clicked on

03-03-2025T12:14:53 - [MESSAGE][PASSED] - Object: 'Object Repository/Выручка в рублях/Снять выделение в фильтре Дата' is clicked on

03-03-2025T12:14:54 - [TEST_STEP][PASSED] - scrollToElement(findTestObject("Выручка в рублях/2025 список" + nameOfBlock), 30): Scroll to object 'Object Repository/Выручка в рублях/2025 список' successfully

03-03-2025T12:14:54 - [MESSAGE][PASSED] - Scroll to object 'Object Repository/Выручка в рублях/2025 список' successfully

03-03-2025T12:14:54 - [TEST_STEP][PASSED] - click(findTestObject("Выручка в рублях/2025 список" + nameOfBlock)): Object: 'Object Repository/Выручка в рублях/2025 список' is clicked on

03-03-2025T12:14:54 - [MESSAGE][PASSED] - Object: 'Object Repository/Выручка в рублях/2025 список' is clicked on

03-03-2025T12:14:54 - [TEST_STEP][PASSED] - scrollToElement(findTestObject("Выручка в рублях/1 квартал 2025 список Выручка"), 30): Scroll to object 'Object Repository/Выручка в рублях/1 квартал 2025 список Выручка' successfully

03-03-2025T12:14:55 - [MESSAGE][PASSED] - Scroll to object 'Object Repository/Выручка в рублях/1 квартал 2025 список Выручка' successfully

03-03-2025T12:14:55 - [TEST_STEP][PASSED] - click(findTestObject("Выручка в рублях/1 квартал 2025 список" + nameOfBlock)): Object: 'Object Repository/Выручка в рублях/1 квартал 2025 список' is clicked on

03-03-2025T12:14:55 - [MESSAGE][PASSED] - Object: 'Object Repository/Выручка в рублях/1 квартал 2025 список' is clicked on

03-03-2025T12:14:55 - [TEST_STEP][PASSED] - scrollToElement(findTestObject("Выручка в рублях/Январь 2025" + nameOfBlock), 30): Scroll to object 'Object Repository/Выручка в рублях/Январь 2025' successfully

03-03-2025T12:14:55 - [MESSAGE][PASSED] - Scroll to object 'Object Repository/Выручка в рублях/Январь 2025' successfully

03-03-2025T12:14:55 - [TEST_STEP][PASSED] - click(findTestObject("Выручка в рублях/Январь 2025" + nameOfBlock)): Object: 'Object Repository/Выручка в рублях/Январь 2025' is clicked on

03-03-2025T12:14:56 - [MESSAGE][PASSED] - Object: 'Object Repository/Выручка в рублях/Январь 2025' is clicked on

03-03-2025T12:14:56 - [TEST_STEP][PASSED] - scrollToElement(findTestObject("Выручка в рублях/Заголовок дашборда" + nameOfBlock), 30): Scroll to object 'Object Repository/Выручка в рублях/Заголовок дашборда' successfully

03-03-2025T12:14:56 - [MESSAGE][PASSED] - Scroll to object 'Object Repository/Выручка в рублях/Заголовок дашборда' successfully

03-03-2025T12:14:56 - [TEST_STEP][PASSED] - click(findTestObject("Выручка в рублях/Применить в фильтре Дата" + nameOfBlock)): Object: 'Object Repository/Выручка в рублях/Применить в фильтре Дата' is clicked on

03-03-2025T12:14:57 - [MESSAGE][PASSED] - Object: 'Object Repository/Выручка в рублях/Применить в фильтре Дата' is clicked on

03-03-2025T12:14:57 - [TEST_STEP][PASSED] - delay(55): Delayed 55 second(s)

03-03-2025T12:15:52 - [MESSAGE][PASSED] - Delayed 55 second(s)

03-03-2025T12:15:52 - [TEST_STEP][PASSED] - click(findTestObject("Выручка в рублях/Фильтр ДЗО" + nameOfBlock)): Object: 'Object Repository/Выручка в рублях/Фильтр ДЗО' is clicked on

03-03-2025T12:15:52 - [MESSAGE][PASSED] - Object: 'Object Repository/Выручка в рублях/Фильтр ДЗО' is clicked on

03-03-2025T12:15:52 - [TEST_STEP][PASSED] - click(findTestObject("Выручка в рублях/Снять выделение в фильтре ДЗО" + nameOfBlock)): Object: 'Object Repository/Выручка в рублях/Снять выделение в фильтре ДЗО' is clicked on

03-03-2025T12:15:53 - [MESSAGE][PASSED] - Object: 'Object Repository/Выручка в рублях/Снять выделение в фильтре ДЗО' is clicked on

03-03-2025T12:15:53 - [TEST_STEP][PASSED] - click(findTestObject("Выручка в рублях/Применить в фильтре ДЗО" + nameOfBlock)): Object: 'Object Repository/Выручка в рублях/Применить в фильтре ДЗО' is clicked on

03-03-2025T12:15:53 - [MESSAGE][PASSED] - Object: 'Object Repository/Выручка в рублях/Применить в фильтре ДЗО' is clicked on

03-03-2025T12:15:53 - [TEST_STEP][PASSED] - delay(50): Delayed 50 second(s)

03-03-2025T12:16:43 - [MESSAGE][PASSED] - Delayed 50 second(s)

03-03-2025T12:16:43 - [TEST_STEP][PASSED] - Script1710234207206.Tumbler(run, vir, block, nameOfBlock): null

03-03-2025T12:16:43 - [TEST_STEP][PASSED] - println("run:" + run): null

03-03-2025T12:16:43 - [TEST_STEP][PASSED] - println("vir:" + vir): null

03-03-2025T12:16:43 - [TEST_STEP][PASSED] - println("block:" + block): null

03-03-2025T12:16:43 - [TEST_STEP][PASSED] - println("nameOfBlock:" + nameOfBlock): null

03-03-2025T12:16:43 - [TEST_STEP][PASSED] - if (vir == 1): null

03-03-2025T12:16:43 - [TEST_STEP][PASSED] - else if (vir == 2): Object: 'Object Repository/Выручка в рублях/Применить в фильтре Выручка' is clicked on

03-03-2025T12:16:43 - [TEST_STEP][PASSED] - if (run == 2): null

03-03-2025T12:16:43 - [TEST_STEP][PASSED] - click(findTestObject("Выручка в рублях/Фильтр Выручка" + nameOfBlock)): Object: 'Object Repository/Выручка в рублях/Фильтр Выручка' is clicked on

03-03-2025T12:16:44 - [MESSAGE][PASSED] - Object: 'Object Repository/Выручка в рублях/Фильтр Выручка' is clicked on

03-03-2025T12:16:44 - [TEST_STEP][PASSED] - click(findTestObject("Выручка в рублях/Итого в фильтре Выручка" + nameOfBlock)): Object: 'Object Repository/Выручка в рублях/Итого в фильтре Выручка' is clicked on

03-03-2025T12:16:44 - [MESSAGE][PASSED] - Object: 'Object Repository/Выручка в рублях/Итого в фильтре Выручка' is clicked on

03-03-2025T12:16:44 - [TEST_STEP][PASSED] - click(findTestObject("Выручка в рублях/Применить в фильтре Выручка" + nameOfBlock)): Object: 'Object Repository/Выручка в рублях/Применить в фильтре Выручка' is clicked on

03-03-2025T12:16:45 - [MESSAGE][PASSED] - Object: 'Object Repository/Выручка в рублях/Применить в фильтре Выручка' is clicked on

03-03-2025T12:16:45 - [TEST_STEP][PASSED] - click(findTestObject("Выручка в рублях/Фильтр ДЗО" + nameOfBlock)): Object: 'Object Repository/Выручка в рублях/Фильтр ДЗО' is clicked on

03-03-2025T12:16:50 - [MESSAGE][PASSED] - Object: 'Object Repository/Выручка в рублях/Фильтр ДЗО' is clicked on

03-03-2025T12:16:50 - [TEST_STEP][PASSED] - Script1710234207206.Rosseti(nameOfBlock): null

03-03-2025T12:16:50 - [TEST_STEP][PASSED] - println("nameOfBlock:" + nameOfBlock): null

03-03-2025T12:16:50 - [TEST_STEP][PASSED] - click(findTestObject("Выручка в рублях/ПАО Россети" + nameOfBlock)): Object: 'Object Repository/Выручка в рублях/ПАО Россети' is clicked on

03-03-2025T12:16:51 - [MESSAGE][PASSED] - Object: 'Object Repository/Выручка в рублях/ПАО Россети' is clicked on

03-03-2025T12:16:51 - [TEST_STEP][PASSED] - click(findTestObject("Выручка в рублях/Применить в фильтре ДЗО" + nameOfBlock)): Object: 'Object Repository/Выручка в рублях/Применить в фильтре ДЗО' is clicked on

03-03-2025T12:16:51 - [MESSAGE][PASSED] - Object: 'Object Repository/Выручка в рублях/Применить в фильтре ДЗО' is clicked on

03-03-2025T12:16:51 - [TEST_STEP][PASSED] - if (run == 2): null

03-03-2025T12:16:51 - [TEST_STEP][PASSED] - if (vir == 1 || vir == 2): Text of object 'Object Repository/Выручка в рублях/График План' is: '121 255'

03-03-2025T12:16:51 - [TEST_STEP][PASSED] - a1 = getText(findTestObject("Выручка в рублях/График План")): Text of object 'Object Repository/Выручка в рублях/График План' is: '121 255'

03-03-2025T12:16:55 - [MESSAGE][PASSED] - Text of object 'Object Repository/Выручка в рублях/График План' is: '121 255'

03-03-2025T12:16:55 - [TEST_STEP][PASSED] - if (vir == 1 || vir == 2): Text of object 'Object Repository/Выручка в рублях/График Факт' is: '155 462'

03-03-2025T12:16:55 - [TEST_STEP][PASSED] - a2 = getText(findTestObject("Выручка в рублях/График Факт")): Text of object 'Object Repository/Выручка в рублях/График Факт' is: '155 462'

03-03-2025T12:16:55 - [MESSAGE][PASSED] - Text of object 'Object Repository/Выручка в рублях/График Факт' is: '155 462'

03-03-2025T12:16:55 - [TEST_STEP][PASSED] - a30 = getText(findTestObject("Выручка в рублях/span1" + perc)): Text of object 'Object Repository/Выручка в рублях/span1' is: '34 207.4 млн.руб.'

03-03-2025T12:16:56 - [MESSAGE][PASSED] - Text of object 'Object Repository/Выручка в рублях/span1' is: '34 207.4 млн.руб.'

03-03-2025T12:16:56 - [TEST_STEP][PASSED] - i = a30.indexOf("млн.руб."): null

03-03-2025T12:16:56 - [TEST_STEP][PASSED] - if (i > -1): null

03-03-2025T12:16:56 - [TEST_STEP][PASSED] - a30 = a30.substring(0, i): null

03-03-2025T12:16:56 - [TEST_STEP][PASSED] - a30 = a30.replaceAll(" ", ""): null

03-03-2025T12:16:56 - [TEST_STEP][PASSED] - if (a30.contains("%")): null

03-03-2025T12:16:56 - [TEST_STEP][PASSED] - a30 = ").trim(): null

03-03-2025T12:16:56 - [TEST_STEP][PASSED] - println("a30: " + a30): null

03-03-2025T12:16:56 - [TEST_STEP][PASSED] - if (vir == 1 || vir == 2): Text of object 'Object Repository/Выручка в рублях/span2' is: '-73'

03-03-2025T12:16:56 - [TEST_STEP][PASSED] - a31 = ").trim(): Text of object 'Object Repository/Выручка в рублях/span2' is: '-73'

03-03-2025T12:16:56 - [MESSAGE][PASSED] - Text of object 'Object Repository/Выручка в рублях/span2' is: '-73'

03-03-2025T12:16:56 - [TEST_STEP][PASSED] - if (vir == 1 || vir == 2): Text of object 'Object Repository/Выручка в рублях/span3' is: '115'

03-03-2025T12:16:56 - [TEST_STEP][PASSED] - a32 = ").trim(): Text of object 'Object Repository/Выручка в рублях/span3' is: '115'

03-03-2025T12:16:56 - [MESSAGE][PASSED] - Text of object 'Object Repository/Выручка в рублях/span3' is: '115'

03-03-2025T12:16:56 - [TEST_STEP][PASSED] - if (vir == 1 || vir == 2): Text of object 'Object Repository/Выручка в рублях/span8' is: '2 072'

03-03-2025T12:16:56 - [TEST_STEP][PASSED] - a33 = ").trim(): Text of object 'Object Repository/Выручка в рублях/span4' is: '1 630'

03-03-2025T12:16:56 - [MESSAGE][PASSED] - Text of object 'Object Repository/Выручка в рублях/span4' is: '1 630'

03-03-2025T12:16:56 - [TEST_STEP][PASSED] - a34 = ").trim(): Text of object 'Object Repository/Выручка в рублях/span5' is: '-54'

03-03-2025T12:16:57 - [MESSAGE][PASSED] - Text of object 'Object Repository/Выручка в рублях/span5' is: '-54'

03-03-2025T12:16:57 - [TEST_STEP][PASSED] - a35 = ").trim(): Text of object 'Object Repository/Выручка в рублях/span6' is: '-403'

03-03-2025T12:16:57 - [MESSAGE][PASSED] - Text of object 'Object Repository/Выручка в рублях/span6' is: '-403'

03-03-2025T12:16:57 - [TEST_STEP][PASSED] - a36 = ").trim(): Text of object 'Object Repository/Выручка в рублях/span7' is: '8 709'

03-03-2025T12:16:57 - [MESSAGE][PASSED] - Text of object 'Object Repository/Выручка в рублях/span7' is: '8 709'

03-03-2025T12:16:57 - [TEST_STEP][PASSED] - a37 = ").trim(): Text of object 'Object Repository/Выручка в рублях/span8' is: '2 072'

03-03-2025T12:16:58 - [MESSAGE][PASSED] - Text of object 'Object Repository/Выручка в рублях/span8' is: '2 072'

03-03-2025T12:16:58 - [TEST_STEP][PASSED] - if (vir == 1 || vir == 2): Text of object 'Object Repository/Выручка в рублях/span17' is: '499'

03-03-2025T12:16:58 - [TEST_STEP][PASSED] - a38 = ").trim(): Text of object 'Object Repository/Выручка в рублях/span9' is: '-251'

03-03-2025T12:16:58 - [MESSAGE][PASSED] - Text of object 'Object Repository/Выручка в рублях/span9' is: '-251'

03-03-2025T12:16:58 - [TEST_STEP][PASSED] - a39 = ").trim(): Text of object 'Object Repository/Выручка в рублях/span10' is: '11 296'

03-03-2025T12:16:58 - [MESSAGE][PASSED] - Text of object 'Object Repository/Выручка в рублях/span10' is: '11 296'

03-03-2025T12:16:58 - [TEST_STEP][PASSED] - a310 = ").trim(): Text of object 'Object Repository/Выручка в рублях/span11' is: '-58'

03-03-2025T12:16:59 - [MESSAGE][PASSED] - Text of object 'Object Repository/Выручка в рублях/span11' is: '-58'

03-03-2025T12:16:59 - [TEST_STEP][PASSED] - a311 = ").trim(): Text of object 'Object Repository/Выручка в рублях/span12' is: '-1 104'

03-03-2025T12:16:59 - [MESSAGE][PASSED] - Text of object 'Object Repository/Выручка в рублях/span12' is: '-1 104'

03-03-2025T12:16:59 - [TEST_STEP][PASSED] - a312 = ").trim(): Text of object 'Object Repository/Выручка в рублях/span13' is: '-474'

03-03-2025T12:16:59 - [MESSAGE][PASSED] - Text of object 'Object Repository/Выручка в рублях/span13' is: '-474'

03-03-2025T12:16:59 - [TEST_STEP][PASSED] - a313 = ").trim(): Text of object 'Object Repository/Выручка в рублях/span14' is: '-59'

03-03-2025T12:17:00 - [MESSAGE][PASSED] - Text of object 'Object Repository/Выручка в рублях/span14' is: '-59'

03-03-2025T12:17:00 - [TEST_STEP][PASSED] - a314 = ").trim(): Text of object 'Object Repository/Выручка в рублях/span15' is: '-675'

03-03-2025T12:17:00 - [MESSAGE][PASSED] - Text of object 'Object Repository/Выручка в рублях/span15' is: '-675'

03-03-2025T12:17:00 - [TEST_STEP][PASSED] - a315 = ").trim(): Text of object 'Object Repository/Выручка в рублях/span16' is: '13 055'

03-03-2025T12:17:00 - [MESSAGE][PASSED] - Text of object 'Object Repository/Выручка в рублях/span16' is: '13 055'

03-03-2025T12:17:00 - [TEST_STEP][PASSED] - a316 = ").trim(): Text of object 'Object Repository/Выручка в рублях/span17' is: '499'

03-03-2025T12:17:00 - [MESSAGE][PASSED] - Text of object 'Object Repository/Выручка в рублях/span17' is: '499'

03-03-2025T12:17:00 - [TEST_STEP][PASSED] - if (vir == 1 || vir == 2): Text of object 'Object Repository/Выручка в рублях/span18' is: '-19'

03-03-2025T12:17:00 - [TEST_STEP][PASSED] - a317 = ").trim(): Text of object 'Object Repository/Выручка в рублях/span18' is: '-19'

03-03-2025T12:17:01 - [MESSAGE][PASSED] - Text of object 'Object Repository/Выручка в рублях/span18' is: '-19'

03-03-2025T12:17:01 - [TEST_STEP][PASSED] - block = 2: null

03-03-2025T12:17:01 - [TEST_STEP][PASSED] - nameOfBlock = " Выручка": null

03-03-2025T12:17:01 - [TEST_STEP][PASSED] - Script1710234207206.PreSettings(run, vir, block, nameOfBlock, typeOfData, todaysDate): null

03-03-2025T12:17:01 - [TEST_STEP][PASSED] - openBrowser(""): Browser is opened with url: ''

03-03-2025T12:17:01 - [MESSAGE][WARNING] - A browser is already opened. Closing browser and opening a new one

03-03-2025T12:17:01 - [MESSAGE][INFO] - Starting 'Chrome' driver

03-03-2025T12:17:01 - [MESSAGE][INFO] - Action delay is set to 0 milliseconds

03-03-2025T12:17:02 - [MESSAGE][PASSED] - Browser is opened with url: ''

03-03-2025T12:17:02 - [TEST_STEP][PASSED] - refresh(): Refresh successfully

03-03-2025T12:17:02 - [MESSAGE][PASSED] - Refresh successfully

03-03-2025T12:17:02 - [TEST_STEP][PASSED] - delay(50): Delayed 50 second(s)

03-03-2025T12:17:52 - [MESSAGE][PASSED] - Delayed 50 second(s)

03-03-2025T12:17:52 - [TEST_STEP][PASSED] - println("run:" + run): null

03-03-2025T12:17:52 - [TEST_STEP][PASSED] - println("vir:" + vir): null

03-03-2025T12:17:52 - [TEST_STEP][PASSED] - println("block:" + block): null

03-03-2025T12:17:52 - [TEST_STEP][PASSED] - if (block == 1): null

03-03-2025T12:17:52 - [TEST_STEP][PASSED] - else: null

03-03-2025T12:17:52 - [TEST_STEP][PASSED] - nameOfBlock = " Выручка": null

03-03-2025T12:17:52 - [TEST_STEP][PASSED] - println("nameOfBlock:" + nameOfBlock): null

03-03-2025T12:17:52 - [TEST_STEP][PASSED] - println("typeOfData:" + typeOfData): null

03-03-2025T12:17:52 - [TEST_STEP][PASSED] - println("todaysDate:" + todaysDate): null

03-03-2025T12:17:52 - [TEST_STEP][PASSED] - Script1710234207206.Autorization(block, nameOfBlock): null

03-03-2025T12:17:52 - [TEST_STEP][PASSED] - i = <not implemented yet for class: org.codehaus.groovy.ast.expr.EmptyExpression>: null

03-03-2025T12:17:52 - [TEST_STEP][PASSED] - ii = <not implemented yet for class: org.codehaus.groovy.ast.expr.EmptyExpression>: null

03-03-2025T12:17:52 - [TEST_STEP][PASSED] - urlData = <not implemented yet for class: org.codehaus.groovy.ast.expr.EmptyExpression>: null

03-03-2025T12:17:52 - [TEST_STEP][PASSED] - searchWord = <not implemented yet for class: org.codehaus.groovy.ast.expr.EmptyExpression>: null

03-03-2025T12:17:52 - [TEST_STEP][PASSED] - urlText = <not implemented yet for class: org.codehaus.groovy.ast.expr.EmptyExpression>: null

03-03-2025T12:17:52 - [TEST_STEP][PASSED] - println("block:" + block): null

03-03-2025T12:17:52 - [TEST_STEP][PASSED] - if (block == 1): null

03-03-2025T12:17:52 - [TEST_STEP][PASSED] - else: null

03-03-2025T12:17:52 - [TEST_STEP][PASSED] - delay(45): Delayed 45 second(s)

03-03-2025T12:18:37 - [MESSAGE][PASSED] - Delayed 45 second(s)

03-03-2025T12:18:37 - [TEST_STEP][PASSED] - nameOfBlock = " Выручка": null

03-03-2025T12:18:37 - [TEST_STEP][PASSED] - println("nameOfBlock:" + nameOfBlock): null

03-03-2025T12:18:37 - [TEST_STEP][PASSED] - if (block == 1): null

03-03-2025T12:18:37 - [TEST_STEP][PASSED] - else: Delayed 45 second(s)

03-03-2025T12:18:37 - [TEST_STEP][PASSED] - urlData = 9: null

03-03-2025T12:18:37 - [TEST_STEP][PASSED] - delay(45): Delayed 45 second(s)

03-03-2025T12:19:22 - [MESSAGE][PASSED] - Delayed 45 second(s)

03-03-2025T12:19:22 - [TEST_STEP][PASSED] - navigateToUrl(findTestData("PlanFact").getValue(10, urlData)): Navigate to 'https://bi.rosseti.digital/viewer?dashboardGuid=a1fd28b3785d443cbc4d7690a1d78e31&sheetGuid=86092a20c5984827a0c87b24cac76a50&fit=true' successfully

03-03-2025T12:19:33 - [MESSAGE][PASSED] - Navigate to 'https://bi.rosseti.digital/viewer?dashboardGuid=a1fd28b3785d443cbc4d7690a1d78e31&sheetGuid=86092a20c5984827a0c87b24cac76a50&fit=true' successfully

03-03-2025T12:19:33 - [TEST_STEP][PASSED] - urlText = getText(findTestObject("Страница авторизации/Text")): Text of object 'Object Repository/Страница авторизации/Text' is: 'Вход'

03-03-2025T12:19:34 - [MESSAGE][PASSED] - Text of object 'Object Repository/Страница авторизации/Text' is: 'Вход'

03-03-2025T12:19:34 - [TEST_STEP][PASSED] - searchWord = "Вход": null

03-03-2025T12:19:34 - [TEST_STEP][PASSED] - if (urlText == null || urlText.contains("ошибка") || urlText.contains(searchWord) == false): null

03-03-2025T12:19:34 - [TEST_STEP][PASSED] - if (verifyElementPresent(findTestObject("Страница авторизации/button_"), 30) == true): null

03-03-2025T12:19:34 - [MESSAGE][PASSED] - Object 'Object Repository/Страница авторизации/button_' is present

03-03-2025T12:19:34 - [TEST_STEP][PASSED] - setText(findTestObject("Страница авторизации/input__username"), findTestData("PlanFact").getValue(8, 1)): Text 'liazgina-di' is set on object 'Object Repository/Страница авторизации/input__username'

03-03-2025T12:19:35 - [MESSAGE][PASSED] - Text 'liazgina-di' is set on object 'Object Repository/Страница авторизации/input__username'

03-03-2025T12:19:35 - [TEST_STEP][PASSED] - setText(findTestObject("Страница авторизации/input__password"), findTestData("PlanFact").getValue(9, 1)): Text ')$%5srZ8o688Dm#q' is set on object 'Object Repository/Страница авторизации/input__password'

03-03-2025T12:19:35 - [MESSAGE][PASSED] - Text ')$%5srZ8o688Dm#q' is set on object 'Object Repository/Страница авторизации/input__password'

03-03-2025T12:19:35 - [TEST_STEP][PASSED] - click(findTestObject("Страница авторизации/button_")): Object: 'Object Repository/Страница авторизации/button_' is clicked on

03-03-2025T12:19:38 - [MESSAGE][PASSED] - Object: 'Object Repository/Страница авторизации/button_' is clicked on

03-03-2025T12:19:38 - [TEST_STEP][PASSED] - delay(45): Delayed 45 second(s)

03-03-2025T12:20:23 - [MESSAGE][PASSED] - Delayed 45 second(s)

03-03-2025T12:20:23 - [TEST_STEP][PASSED] - urlText = getText(findTestObject("Страница авторизации/Text")): Text of object 'Object Repository/Страница авторизации/Text' is: 'Период
2025 - 1 квартал - Январь
Выручка
Все
Выполнение плановых показателей, млн.руб.
План
Факт
Динамика
2025 год
0 млн.руб.
20 000 млн.руб.
40 000 млн.руб.
60 000 млн.руб.
80 000 млн.руб.
100 000 млн.руб.
120 000 млн.руб.
140 000 млн.руб.
160 000 млн.руб.
180 000 млн.руб.
200 000 млн.руб.
121 309
157 865
↑
ДЗО 
Все
Подписи данных
⬤Отклонение
АО "РЭС"
АО «Тываэнерго»
АО «Чеченэнерго»
Россети Волга
Россети Кубань
Россети Ленэнерго (ГК)
Россети Московский регион
Россети Северный Кавказ (ГК)
Россети Северо-Запад
Россети Сибирь (ГК)
Россети Томск
Россети Тюмень
Россети Урал (ГК)
Россети ФСК ЕЭС
Россети Центр
Россети Центр и Приволжье (ГК)
Россети Юг (ГК)
Россети Янтарь
-2 000млн.руб.
0 млн.руб.
2 000млн.руб.
4 000млн.руб.
6 000млн.руб.
8 000млн.руб.
10 000млн.руб.
12 000млн.руб.
14 0…
-73
23
-83
-295
-54
-403
-927
-606
-251
348
-58
-1 104
-474
-59
-675
13 055
-191
-19
млн.
%
Выручка
Отклонение выручки (факт/план, млн. руб) 
ПАО Россети
8 156 млн.руб.
Статус данных
×
Просьба обратить внимание
Данные занесены не полностью
ВЫБРАННЫЕ ЗНАЧЕНИЯ ФИЛЬТРОВ
ДЗО | ПЕРИОД
ПАО Россети: [«Выбраны все филиалы по всем ДЗО по всем категориям»]
2025: [Янв]
*Внутренний оборот'

03-03-2025T12:20:24 - [MESSAGE][PASSED] - Text of object 'Object Repository/Страница авторизации/Text' is: 'Период
2025 - 1 квартал - Январь
Выручка
Все
Выполнение плановых показателей, млн.руб.
План
Факт
Динамика
2025 год
0 млн.руб.
20 000 млн.руб.
40 000 млн.руб.
60 000 млн.руб.
80 000 млн.руб.
100 000 млн.руб.
120 000 млн.руб.
140 000 млн.руб.
160 000 млн.руб.
180 000 млн.руб.
200 000 млн.руб.
121 309
157 865
↑
ДЗО 
Все
Подписи данных
⬤Отклонение
АО "РЭС"
АО «Тываэнерго»
АО «Чеченэнерго»
Россети Волга
Россети Кубань
Россети Ленэнерго (ГК)
Россети Московский регион
Россети Северный Кавказ (ГК)
Россети Северо-Запад
Россети Сибирь (ГК)
Россети Томск
Россети Тюмень
Россети Урал (ГК)
Россети ФСК ЕЭС
Россети Центр
Россети Центр и Приволжье (ГК)
Россети Юг (ГК)
Россети Янтарь
-2 000млн.руб.
0 млн.руб.
2 000млн.руб.
4 000млн.руб.
6 000млн.руб.
8 000млн.руб.
10 000млн.руб.
12 000млн.руб.
14 0…
-73
23
-83
-295
-54
-403
-927
-606
-251
348
-58
-1 104
-474
-59
-675
13 055
-191
-19
млн.
%
Выручка
Отклонение выручки (факт/план, млн. руб) 
ПАО Россети
8 156 млн.руб.
Статус данных
×
Просьба обратить внимание
Данные занесены не полностью
ВЫБРАННЫЕ ЗНАЧЕНИЯ ФИЛЬТРОВ
ДЗО | ПЕРИОД
ПАО Россети: [«Выбраны все филиалы по всем ДЗО по всем категориям»]
2025: [Янв]
*Внутренний оборот'

03-03-2025T12:20:24 - [TEST_STEP][PASSED] - searchWord = "а": null

03-03-2025T12:20:24 - [TEST_STEP][PASSED] - if (urlText.contains("ошибка") || urlText.contains(searchWord) == false): null

03-03-2025T12:20:24 - [TEST_STEP][PASSED] - delay(45): Delayed 45 second(s)

03-03-2025T12:21:09 - [MESSAGE][PASSED] - Delayed 45 second(s)

03-03-2025T12:21:09 - [TEST_STEP][PASSED] - if (block == 2): Delayed 50 second(s)

03-03-2025T12:21:09 - [TEST_STEP][PASSED] - opoveshenie = getText(findTestObject("Выручка в рублях/Просьба обратить внимание")): Text of object 'Object Repository/Выручка в рублях/Просьба обратить внимание' is: 'Просьба обратить внимание'

03-03-2025T12:21:09 - [MESSAGE][PASSED] - Text of object 'Object Repository/Выручка в рублях/Просьба обратить внимание' is: 'Просьба обратить внимание'

03-03-2025T12:21:09 - [TEST_STEP][PASSED] - if (opoveshenie == "Просьба обратить внимание"): Delayed 50 second(s)

03-03-2025T12:21:09 - [TEST_STEP][PASSED] - click(findTestObject("Выручка в рублях/Закрыть оповещение")): Object: 'Object Repository/Выручка в рублях/Закрыть оповещение' is clicked on

03-03-2025T12:21:09 - [MESSAGE][PASSED] - Object: 'Object Repository/Выручка в рублях/Закрыть оповещение' is clicked on

03-03-2025T12:21:09 - [TEST_STEP][PASSED] - delay(50): Delayed 50 second(s)

03-03-2025T12:21:59 - [MESSAGE][PASSED] - Delayed 50 second(s)

03-03-2025T12:21:59 - [TEST_STEP][PASSED] - click(findTestObject("Выручка в рублях/Фильтр Период" + nameOfBlock)): Object: 'Object Repository/Выручка в рублях/Фильтр Период Выручка' is clicked on

03-03-2025T12:22:00 - [MESSAGE][PASSED] - Object: 'Object Repository/Выручка в рублях/Фильтр Период Выручка' is clicked on

03-03-2025T12:22:00 - [TEST_STEP][PASSED] - click(findTestObject("Выручка в рублях/Снять выделение в фильтре Дата" + nameOfBlock)): Object: 'Object Repository/Выручка в рублях/Снять выделение в фильтре Дата Выручка' is clicked on

03-03-2025T12:22:00 - [MESSAGE][PASSED] - Object: 'Object Repository/Выручка в рублях/Снять выделение в фильтре Дата Выручка' is clicked on

03-03-2025T12:22:00 - [TEST_STEP][PASSED] - click(findTestObject("Выручка в рублях/Применить в фильтре Дата" + nameOfBlock)): Object: 'Object Repository/Выручка в рублях/Применить в фильтре Дата Выручка' is clicked on

03-03-2025T12:22:01 - [MESSAGE][PASSED] - Object: 'Object Repository/Выручка в рублях/Применить в фильтре Дата Выручка' is clicked on

03-03-2025T12:22:01 - [TEST_STEP][PASSED] - delay(50): Delayed 50 second(s)

03-03-2025T12:22:51 - [MESSAGE][PASSED] - Delayed 50 second(s)

03-03-2025T12:22:51 - [TEST_STEP][PASSED] - click(findTestObject("Выручка в рублях/Фильтр Период" + nameOfBlock)): Object: 'Object Repository/Выручка в рублях/Фильтр Период Выручка' is clicked on

03-03-2025T12:22:51 - [MESSAGE][PASSED] - Object: 'Object Repository/Выручка в рублях/Фильтр Период Выручка' is clicked on

03-03-2025T12:22:51 - [TEST_STEP][PASSED] - click(findTestObject("Выручка в рублях/Снять выделение в фильтре Дата" + nameOfBlock)): Object: 'Object Repository/Выручка в рублях/Снять выделение в фильтре Дата Выручка' is clicked on

03-03-2025T12:22:52 - [MESSAGE][PASSED] - Object: 'Object Repository/Выручка в рублях/Снять выделение в фильтре Дата Выручка' is clicked on

03-03-2025T12:22:52 - [TEST_STEP][PASSED] - scrollToElement(findTestObject("Выручка в рублях/2025 список" + nameOfBlock), 30): Scroll to object 'Object Repository/Выручка в рублях/2025 список Выручка' successfully

03-03-2025T12:22:52 - [MESSAGE][PASSED] - Scroll to object 'Object Repository/Выручка в рублях/2025 список Выручка' successfully

03-03-2025T12:22:52 - [TEST_STEP][PASSED] - click(findTestObject("Выручка в рублях/2025 список" + nameOfBlock)): Object: 'Object Repository/Выручка в рублях/2025 список Выручка' is clicked on

03-03-2025T12:22:53 - [MESSAGE][PASSED] - Object: 'Object Repository/Выручка в рублях/2025 список Выручка' is clicked on

03-03-2025T12:22:53 - [TEST_STEP][PASSED] - scrollToElement(findTestObject("Выручка в рублях/1 квартал 2025 список Выручка"), 30): Scroll to object 'Object Repository/Выручка в рублях/1 квартал 2025 список Выручка' successfully

03-03-2025T12:22:53 - [MESSAGE][PASSED] - Scroll to object 'Object Repository/Выручка в рублях/1 квартал 2025 список Выручка' successfully

03-03-2025T12:22:53 - [TEST_STEP][PASSED] - click(findTestObject("Выручка в рублях/1 квартал 2025 список" + nameOfBlock)): Object: 'Object Repository/Выручка в рублях/1 квартал 2025 список Выручка' is clicked on

03-03-2025T12:22:54 - [MESSAGE][PASSED] - Object: 'Object Repository/Выручка в рублях/1 квартал 2025 список Выручка' is clicked on

03-03-2025T12:22:54 - [TEST_STEP][PASSED] - scrollToElement(findTestObject("Выручка в рублях/Январь 2025" + nameOfBlock), 30): Scroll to object 'Object Repository/Выручка в рублях/Январь 2025 Выручка' successfully

03-03-2025T12:22:54 - [MESSAGE][PASSED] - Scroll to object 'Object Repository/Выручка в рублях/Январь 2025 Выручка' successfully

03-03-2025T12:22:54 - [TEST_STEP][PASSED] - click(findTestObject("Выручка в рублях/Январь 2025" + nameOfBlock)): Object: 'Object Repository/Выручка в рублях/Январь 2025 Выручка' is clicked on

03-03-2025T12:22:54 - [MESSAGE][PASSED] - Object: 'Object Repository/Выручка в рублях/Январь 2025 Выручка' is clicked on

03-03-2025T12:22:54 - [TEST_STEP][PASSED] - scrollToElement(findTestObject("Выручка в рублях/Заголовок дашборда" + nameOfBlock), 30): Scroll to object 'Object Repository/Выручка в рублях/Заголовок дашборда Выручка' successfully

03-03-2025T12:22:55 - [MESSAGE][PASSED] - Scroll to object 'Object Repository/Выручка в рублях/Заголовок дашборда Выручка' successfully

03-03-2025T12:22:55 - [TEST_STEP][PASSED] - click(findTestObject("Выручка в рублях/Применить в фильтре Дата" + nameOfBlock)): Object: 'Object Repository/Выручка в рублях/Применить в фильтре Дата Выручка' is clicked on

03-03-2025T12:22:55 - [MESSAGE][PASSED] - Object: 'Object Repository/Выручка в рублях/Применить в фильтре Дата Выручка' is clicked on

03-03-2025T12:22:55 - [TEST_STEP][PASSED] - delay(55): Delayed 55 second(s)

03-03-2025T12:23:50 - [MESSAGE][PASSED] - Delayed 55 second(s)

03-03-2025T12:23:50 - [TEST_STEP][PASSED] - click(findTestObject("Выручка в рублях/Фильтр ДЗО" + nameOfBlock)): Object: 'Object Repository/Выручка в рублях/Фильтр ДЗО Выручка' is clicked on

03-03-2025T12:23:51 - [MESSAGE][PASSED] - Object: 'Object Repository/Выручка в рублях/Фильтр ДЗО Выручка' is clicked on

03-03-2025T12:23:51 - [TEST_STEP][PASSED] - click(findTestObject("Выручка в рублях/Снять выделение в фильтре ДЗО" + nameOfBlock)): Object: 'Object Repository/Выручка в рублях/Снять выделение в фильтре ДЗО Выручка' is clicked on

03-03-2025T12:23:51 - [MESSAGE][PASSED] - Object: 'Object Repository/Выручка в рублях/Снять выделение в фильтре ДЗО Выручка' is clicked on

03-03-2025T12:23:51 - [TEST_STEP][PASSED] - click(findTestObject("Выручка в рублях/Применить в фильтре ДЗО" + nameOfBlock)): Object: 'Object Repository/Выручка в рублях/Применить в фильтре ДЗО Выручка' is clicked on

03-03-2025T12:23:52 - [MESSAGE][PASSED] - Object: 'Object Repository/Выручка в рублях/Применить в фильтре ДЗО Выручка' is clicked on

03-03-2025T12:23:52 - [TEST_STEP][PASSED] - delay(50): Delayed 50 second(s)

03-03-2025T12:24:42 - [MESSAGE][PASSED] - Delayed 50 second(s)

03-03-2025T12:24:42 - [TEST_STEP][PASSED] - Script1710234207206.Tumbler(run, vir, block, nameOfBlock): null

03-03-2025T12:24:42 - [TEST_STEP][PASSED] - println("run:" + run): null

03-03-2025T12:24:42 - [TEST_STEP][PASSED] - println("vir:" + vir): null

03-03-2025T12:24:42 - [TEST_STEP][PASSED] - println("block:" + block): null

03-03-2025T12:24:42 - [TEST_STEP][PASSED] - println("nameOfBlock:" + nameOfBlock): null

03-03-2025T12:24:42 - [TEST_STEP][PASSED] - if (vir == 1): null

03-03-2025T12:24:42 - [TEST_STEP][PASSED] - else if (vir == 2): Object: 'Object Repository/Выручка в рублях/Применить в фильтре Выручка Выручка' is clicked on

03-03-2025T12:24:42 - [TEST_STEP][PASSED] - if (run == 2): null

03-03-2025T12:24:42 - [TEST_STEP][PASSED] - click(findTestObject("Выручка в рублях/Фильтр Выручка" + nameOfBlock)): Object: 'Object Repository/Выручка в рублях/Фильтр Выручка Выручка' is clicked on

03-03-2025T12:24:42 - [MESSAGE][PASSED] - Object: 'Object Repository/Выручка в рублях/Фильтр Выручка Выручка' is clicked on

03-03-2025T12:24:42 - [TEST_STEP][PASSED] - click(findTestObject("Выручка в рублях/Итого в фильтре Выручка" + nameOfBlock)): Object: 'Object Repository/Выручка в рублях/Итого в фильтре Выручка Выручка' is clicked on

03-03-2025T12:24:43 - [MESSAGE][PASSED] - Object: 'Object Repository/Выручка в рублях/Итого в фильтре Выручка Выручка' is clicked on

03-03-2025T12:24:43 - [TEST_STEP][PASSED] - click(findTestObject("Выручка в рублях/Применить в фильтре Выручка" + nameOfBlock)): Object: 'Object Repository/Выручка в рублях/Применить в фильтре Выручка Выручка' is clicked on

03-03-2025T12:24:44 - [MESSAGE][PASSED] - Object: 'Object Repository/Выручка в рублях/Применить в фильтре Выручка Выручка' is clicked on

03-03-2025T12:24:44 - [TEST_STEP][PASSED] - click(findTestObject("Выручка в рублях/Фильтр ДЗО" + nameOfBlock)): Object: 'Object Repository/Выручка в рублях/Фильтр ДЗО Выручка' is clicked on

03-03-2025T12:24:45 - [MESSAGE][PASSED] - Object: 'Object Repository/Выручка в рублях/Фильтр ДЗО Выручка' is clicked on

03-03-2025T12:24:45 - [TEST_STEP][PASSED] - Script1710234207206.Rosseti(nameOfBlock): null

03-03-2025T12:24:45 - [TEST_STEP][PASSED] - println("nameOfBlock:" + nameOfBlock): null

03-03-2025T12:24:45 - [TEST_STEP][PASSED] - click(findTestObject("Выручка в рублях/ПАО Россети" + nameOfBlock)): Object: 'Object Repository/Выручка в рублях/ПАО Россети Выручка' is clicked on

03-03-2025T12:24:46 - [MESSAGE][PASSED] - Object: 'Object Repository/Выручка в рублях/ПАО Россети Выручка' is clicked on

03-03-2025T12:24:46 - [TEST_STEP][PASSED] - click(findTestObject("Выручка в рублях/Применить в фильтре ДЗО" + nameOfBlock)): Object: 'Object Repository/Выручка в рублях/Применить в фильтре ДЗО Выручка' is clicked on

03-03-2025T12:24:47 - [MESSAGE][PASSED] - Object: 'Object Repository/Выручка в рублях/Применить в фильтре ДЗО Выручка' is clicked on

03-03-2025T12:24:47 - [TEST_STEP][PASSED] - if (vir == 1 || vir == 2): Text of object 'Object Repository/Выручка в рублях/График План Выручка' is: '121 255'

03-03-2025T12:24:47 - [TEST_STEP][PASSED] - b1 = getText(findTestObject("Выручка в рублях/График План Выручка")): Text of object 'Object Repository/Выручка в рублях/График План Выручка' is: '121 255'

03-03-2025T12:24:51 - [MESSAGE][PASSED] - Text of object 'Object Repository/Выручка в рублях/График План Выручка' is: '121 255'

03-03-2025T12:24:51 - [TEST_STEP][PASSED] - if (vir == 1 || vir == 2): Text of object 'Object Repository/Выручка в рублях/График Факт Выручка' is: '155 462'

03-03-2025T12:24:51 - [TEST_STEP][PASSED] - b2 = getText(findTestObject("Выручка в рублях/График Факт Выручка")): Text of object 'Object Repository/Выручка в рублях/График Факт Выручка' is: '155 462'

03-03-2025T12:24:51 - [MESSAGE][PASSED] - Text of object 'Object Repository/Выручка в рублях/График Факт Выручка' is: '155 462'

03-03-2025T12:24:51 - [TEST_STEP][PASSED] - b30 = getText(findTestObject("Выручка в рублях/span1" + perc)): Text of object 'Object Repository/Выручка в рублях/span1' is: '8 725 млн.руб.'

03-03-2025T12:24:52 - [MESSAGE][PASSED] - Text of object 'Object Repository/Выручка в рублях/span1' is: '8 725 млн.руб.'

03-03-2025T12:24:52 - [TEST_STEP][PASSED] - i = b30.indexOf("млн.руб."): null

03-03-2025T12:24:52 - [TEST_STEP][PASSED] - if (i > -1): null

03-03-2025T12:24:52 - [TEST_STEP][PASSED] - b30 = b30.substring(0, i): null

03-03-2025T12:24:52 - [TEST_STEP][PASSED] - b30 = b30.replaceAll(" ", ""): null

03-03-2025T12:24:52 - [TEST_STEP][PASSED] - if (b30.contains("%")): null

03-03-2025T12:24:52 - [TEST_STEP][PASSED] - b30 = ").trim(): null

03-03-2025T12:24:52 - [TEST_STEP][PASSED] - println("b30: " + b30): null

03-03-2025T12:24:52 - [TEST_STEP][PASSED] - if (vir == 1 || vir == 2): Text of object 'Object Repository/Выручка в рублях/span2' is: '-73'

03-03-2025T12:24:52 - [TEST_STEP][PASSED] - b31 = ").trim(): Text of object 'Object Repository/Выручка в рублях/span2' is: '-73'

03-03-2025T12:24:52 - [MESSAGE][PASSED] - Text of object 'Object Repository/Выручка в рублях/span2' is: '-73'

03-03-2025T12:24:52 - [TEST_STEP][PASSED] - if (vir == 1 || vir == 2): Text of object 'Object Repository/Выручка в рублях/span3' is: '-0'

03-03-2025T12:24:52 - [TEST_STEP][PASSED] - b32 = ").trim(): Text of object 'Object Repository/Выручка в рублях/span3' is: '-0'

03-03-2025T12:24:52 - [MESSAGE][PASSED] - Text of object 'Object Repository/Выручка в рублях/span3' is: '-0'

03-03-2025T12:24:52 - [TEST_STEP][PASSED] - if (vir == 1 || vir == 2): Text of object 'Object Repository/Выручка в рублях/span8' is: '-96'

03-03-2025T12:24:52 - [TEST_STEP][PASSED] - b33 = ").trim(): Text of object 'Object Repository/Выручка в рублях/span4' is: '-295'

03-03-2025T12:24:52 - [MESSAGE][PASSED] - Text of object 'Object Repository/Выручка в рублях/span4' is: '-295'

03-03-2025T12:24:53 - [TEST_STEP][PASSED] - b34 = ").trim(): Text of object 'Object Repository/Выручка в рублях/span5' is: '-54'

03-03-2025T12:24:53 - [MESSAGE][PASSED] - Text of object 'Object Repository/Выручка в рублях/span5' is: '-54'

03-03-2025T12:24:53 - [TEST_STEP][PASSED] - b35 = ").trim(): Text of object 'Object Repository/Выручка в рублях/span6' is: '-403'

03-03-2025T12:24:53 - [MESSAGE][PASSED] - Text of object 'Object Repository/Выручка в рублях/span6' is: '-403'

03-03-2025T12:24:53 - [TEST_STEP][PASSED] - b36 = ").trim(): Text of object 'Object Repository/Выручка в рублях/span7' is: '-927'

03-03-2025T12:24:53 - [MESSAGE][PASSED] - Text of object 'Object Repository/Выручка в рублях/span7' is: '-927'

03-03-2025T12:24:53 - [TEST_STEP][PASSED] - b37 = ").trim(): Text of object 'Object Repository/Выручка в рублях/span8' is: '-96'

03-03-2025T12:24:54 - [MESSAGE][PASSED] - Text of object 'Object Repository/Выручка в рублях/span8' is: '-96'

03-03-2025T12:24:54 - [TEST_STEP][PASSED] - if (vir == 1 || vir == 2): Text of object 'Object Repository/Выручка в рублях/span17' is: '-191'

03-03-2025T12:24:54 - [TEST_STEP][PASSED] - b38 = ").trim(): Text of object 'Object Repository/Выручка в рублях/span9' is: '-251'

03-03-2025T12:24:54 - [MESSAGE][PASSED] - Text of object 'Object Repository/Выручка в рублях/span9' is: '-251'

03-03-2025T12:24:54 - [TEST_STEP][PASSED] - b39 = ").trim(): Text of object 'Object Repository/Выручка в рублях/span10' is: '348'

03-03-2025T12:24:54 - [MESSAGE][PASSED] - Text of object 'Object Repository/Выручка в рублях/span10' is: '348'

03-03-2025T12:24:54 - [TEST_STEP][PASSED] - b310 = ").trim(): Text of object 'Object Repository/Выручка в рублях/span11' is: '-58'

03-03-2025T12:24:55 - [MESSAGE][PASSED] - Text of object 'Object Repository/Выручка в рублях/span11' is: '-58'

03-03-2025T12:24:55 - [TEST_STEP][PASSED] - b311 = ").trim(): Text of object 'Object Repository/Выручка в рублях/span12' is: '-1 104'

03-03-2025T12:24:55 - [MESSAGE][PASSED] - Text of object 'Object Repository/Выручка в рублях/span12' is: '-1 104'

03-03-2025T12:24:55 - [TEST_STEP][PASSED] - b312 = ").trim(): Text of object 'Object Repository/Выручка в рублях/span13' is: '-474'

03-03-2025T12:24:55 - [MESSAGE][PASSED] - Text of object 'Object Repository/Выручка в рублях/span13' is: '-474'

03-03-2025T12:24:55 - [TEST_STEP][PASSED] - b313 = ").trim(): Text of object 'Object Repository/Выручка в рублях/span14' is: '-59'

03-03-2025T12:24:55 - [MESSAGE][PASSED] - Text of object 'Object Repository/Выручка в рублях/span14' is: '-59'

03-03-2025T12:24:55 - [TEST_STEP][PASSED] - b314 = ").trim(): Text of object 'Object Repository/Выручка в рублях/span15' is: '-675'

03-03-2025T12:24:56 - [MESSAGE][PASSED] - Text of object 'Object Repository/Выручка в рублях/span15' is: '-675'

03-03-2025T12:24:56 - [TEST_STEP][PASSED] - b315 = ").trim(): Text of object 'Object Repository/Выручка в рублях/span16' is: '13 055'

03-03-2025T12:24:56 - [MESSAGE][PASSED] - Text of object 'Object Repository/Выручка в рублях/span16' is: '13 055'

03-03-2025T12:24:56 - [TEST_STEP][PASSED] - b316 = ").trim(): Text of object 'Object Repository/Выручка в рублях/span17' is: '-191'

03-03-2025T12:24:56 - [MESSAGE][PASSED] - Text of object 'Object Repository/Выручка в рублях/span17' is: '-191'

03-03-2025T12:24:56 - [TEST_STEP][PASSED] - if (vir == 1 || vir == 2): Text of object 'Object Repository/Выручка в рублях/span18' is: '-19'

03-03-2025T12:24:56 - [TEST_STEP][PASSED] - b317 = ").trim(): Text of object 'Object Repository/Выручка в рублях/span18' is: '-19'

03-03-2025T12:24:57 - [MESSAGE][PASSED] - Text of object 'Object Repository/Выручка в рублях/span18' is: '-19'

03-03-2025T12:24:57 - [TEST_STEP][PASSED] - dZO = "ПАО Россети": null

03-03-2025T12:24:57 - [TEST_STEP][PASSED] - if (verifyEqual(a1, b1) == false): Actual object '121 255' and expected object '121 255' are equal

03-03-2025T12:24:57 - [MESSAGE][PASSED] - Actual object '121 255' and expected object '121 255' are equal

03-03-2025T12:24:57 - [TEST_STEP][PASSED] - if (verifyEqual(a2, b2) == false): Actual object '155 462' and expected object '155 462' are equal

03-03-2025T12:24:57 - [MESSAGE][PASSED] - Actual object '155 462' and expected object '155 462' are equal

03-03-2025T12:24:57 - [TEST_STEP][PASSED] - vidget = "Отклонения": null

03-03-2025T12:24:57 - [TEST_STEP][FAILED] - if (verifyEqual(a30, b30) == false): null

03-03-2025T12:24:57 - [MESSAGE][FAILED] - Unable to verify equal between actual object '34207.4' and expected object '8725' (Root cause: com.kms.katalon.core.exception.StepFailedException: Actual object '34207.4' and expected object '8725' are not equal
	at com.kms.katalon.core.keyword.builtin.VerifyEqualKeyword$_verifyEqual_closure1.doCall(VerifyEqualKeyword.groovy:58)
	at com.kms.katalon.core.keyword.builtin.VerifyEqualKeyword$_verifyEqual_closure1.call(VerifyEqualKeyword.groovy)
	at com.kms.katalon.core.keyword.internal.KeywordMain.runKeyword(KeywordMain.groovy:75)
	at com.kms.katalon.core.keyword.builtin.VerifyEqualKeyword.verifyEqual(VerifyEqualKeyword.groovy:63)
	at com.kms.katalon.core.keyword.builtin.VerifyEqualKeyword.execute(VerifyEqualKeyword.groovy:44)
	at com.kms.katalon.core.keyword.internal.KeywordExecutor.executeKeywordForPlatform(KeywordExecutor.groovy:74)
	at com.kms.katalon.core.keyword.BuiltinKeywords.verifyEqual(BuiltinKeywords.groovy:146)
	at jdk.internal.reflect.GeneratedMethodAccessor24.invoke(Unknown Source)
	at java.base/jdk.internal.reflect.DelegatingMethodAccessorImpl.invoke(DelegatingMethodAccessorImpl.java:43)
	at Выручка в рублях сверка дашбордов ПАО Россети.Blocks(Выручка в рублях сверка дашбордов ПАО Россети:357)
	at Выручка в рублях сверка дашбордов ПАО Россети.ViruchkaChange(Выручка в рублях сверка дашбордов ПАО Россети:60)
	at Выручка в рублях сверка дашбордов ПАО Россети.run(Выручка в рублях сверка дашбордов ПАО Россети:55)
	at com.kms.katalon.core.main.ScriptEngine.run(ScriptEngine.java:194)
	at com.kms.katalon.core.main.ScriptEngine.runScriptAsRawText(ScriptEngine.java:119)
	at com.kms.katalon.core.main.TestCaseExecutor.runScript(TestCaseExecutor.java:448)
	at com.kms.katalon.core.main.TestCaseExecutor.doExecute(TestCaseExecutor.java:439)
	at com.kms.katalon.core.main.TestCaseExecutor.processExecutionPhase(TestCaseExecutor.java:418)
	at com.kms.katalon.core.main.TestCaseExecutor.accessMainPhase(TestCaseExecutor.java:410)
	at com.kms.katalon.core.main.TestCaseExecutor.execute(TestCaseExecutor.java:285)
	at com.kms.katalon.core.common.CommonExecutor.accessTestCaseMainPhase(CommonExecutor.java:65)
	at com.kms.katalon.core.main.TestSuiteExecutor.accessTestSuiteMainPhase(TestSuiteExecutor.java:150)
	at com.kms.katalon.core.main.TestSuiteExecutor.execute(TestSuiteExecutor.java:106)
	at com.kms.katalon.core.main.TestCaseMain.startTestSuite(TestCaseMain.java:180)
	at TempTestSuite1740991900055.run(TempTestSuite1740991900055.groovy:35)
	at java.base/jdk.internal.reflect.NativeMethodAccessorImpl.invoke0(Native Method)
	at java.base/jdk.internal.reflect.NativeMethodAccessorImpl.invoke(NativeMethodAccessorImpl.java:77)
	at java.base/jdk.internal.reflect.DelegatingMethodAccessorImpl.invoke(DelegatingMethodAccessorImpl.java:43)
)

03-03-2025T12:24:57 - [TEST_STEP][PASSED] - a = replaceAll("\s+", "").toDouble(): null

03-03-2025T12:24:57 - [TEST_STEP][PASSED] - b = replaceAll("\s+", "").toDouble(): null

03-03-2025T12:24:57 - [TEST_STEP][PASSED] - Script1710234207206.WriteToExcel(todaysDate, run, vir, block, typeOfData, viruchka, vidget, nameOfBlock, a, b, dZO): null

03-03-2025T12:24:57 - [TEST_STEP][PASSED] - println(run): null

03-03-2025T12:24:57 - [TEST_STEP][PASSED] - if (run == 1): null

03-03-2025T12:24:57 - [TEST_STEP][PASSED] - typeOfData = "Млн": null

03-03-2025T12:24:57 - [TEST_STEP][PASSED] - println("todaysDate:" + todaysDate): null

03-03-2025T12:24:57 - [TEST_STEP][PASSED] - println("typeOfData:" + typeOfData): null

03-03-2025T12:24:57 - [TEST_STEP][PASSED] - viruchka = getText(findTestObject("Выручка в рублях/Фильтр Выручка" + nameOfBlock)): Text of object 'Object Repository/Выручка в рублях/Фильтр Выручка Выручка' is: 'ПЕРЕДАЧА ЭЛЕКТРОЭНЕРГИИ (ИТОГО, по всем видам тарифа)'

03-03-2025T12:24:57 - [MESSAGE][PASSED] - Text of object 'Object Repository/Выручка в рублях/Фильтр Выручка Выручка' is: 'ПЕРЕДАЧА ЭЛЕКТРОЭНЕРГИИ (ИТОГО, по всем видам тарифа)'

03-03-2025T12:24:57 - [TEST_STEP][PASSED] - println("viruchka" + viruchka): null

03-03-2025T12:24:57 - [TEST_STEP][PASSED] - println("vidget" + vidget): null

03-03-2025T12:24:57 - [TEST_STEP][PASSED] - println("a" + a): null

03-03-2025T12:24:57 - [TEST_STEP][PASSED] - println("b" + b): null

03-03-2025T12:24:57 - [TEST_STEP][PASSED] - sheetName = "Sheet1": null

03-03-2025T12:24:57 - [TEST_STEP][PASSED] - data = findTestData("PlanFact"): null

03-03-2025T12:24:57 - [TEST_STEP][PASSED] - n = data.getRowNumbers() + 1: null

03-03-2025T12:24:57 - [TEST_STEP][PASSED] - period = getText(findTestObject("Выручка в рублях/Фильтр Период")).trim(): Text of object 'Object Repository/Выручка в рублях/Фильтр Период' is: 'Январь 2025 года'

03-03-2025T12:24:57 - [MESSAGE][PASSED] - Text of object 'Object Repository/Выручка в рублях/Фильтр Период' is: 'Январь 2025 года'

03-03-2025T12:24:57 - [TEST_STEP][PASSED] - println(period): null

03-03-2025T12:24:57 - [TEST_STEP][PASSED] - if (period.findAll("[а-яА-Я]") == false): null

03-03-2025T12:24:57 - [TEST_STEP][PASSED] - dashboardName = "Выручка в рублях": null

03-03-2025T12:24:57 - [TEST_STEP][PASSED] - workbook01 = getWorkbook(excelFilePath): null

03-03-2025T12:24:57 - [TEST_STEP][PASSED] - sheet01 = getExcelSheet(workbook01, sheetName): null

03-03-2025T12:24:57 - [TEST_STEP][PASSED] - setValueToCellByIndex(sheet01, n, 0, dashboardName): null

03-03-2025T12:24:57 - [TEST_STEP][PASSED] - setValueToCellByIndex(sheet01, n, 1, dZO): null

03-03-2025T12:24:57 - [TEST_STEP][PASSED] - setValueToCellByIndex(sheet01, n, 2, vidget): null

03-03-2025T12:24:57 - [TEST_STEP][PASSED] - setValueToCellByIndex(sheet01, n, 3, viruchka): null

03-03-2025T12:24:57 - [TEST_STEP][PASSED] - setValueToCellByIndex(sheet01, n, 4, typeOfData): null

03-03-2025T12:24:57 - [TEST_STEP][PASSED] - if (a == null): null

03-03-2025T12:24:57 - [TEST_STEP][PASSED] - else: null

03-03-2025T12:24:57 - [TEST_STEP][PASSED] - setValueToCellByIndex(sheet01, n, 5, a): null

03-03-2025T12:24:57 - [TEST_STEP][PASSED] - if (b == null): null

03-03-2025T12:24:57 - [TEST_STEP][PASSED] - else: null

03-03-2025T12:24:57 - [TEST_STEP][PASSED] - setValueToCellByIndex(sheet01, n, 6, b): null

03-03-2025T12:24:57 - [TEST_STEP][PASSED] - setValueToCellByIndex(sheet01, n, 7, period): null

03-03-2025T12:24:57 - [TEST_STEP][PASSED] - setValueToCellByIndex(sheet01, n, 8, todaysDate): null

03-03-2025T12:24:57 - [TEST_STEP][PASSED] - n = n + 1: null

03-03-2025T12:24:57 - [TEST_STEP][PASSED] - saveWorkbook(excelFilePath, workbook01): null

03-03-2025T12:24:58 - [TEST_STEP][PASSED] - dZO = "АО «Тываэнерго»": null

03-03-2025T12:24:58 - [TEST_STEP][PASSED] - if (verifyEqual(a31, b31) == false): Actual object '-73' and expected object '-73' are equal

03-03-2025T12:24:58 - [MESSAGE][PASSED] - Actual object '-73' and expected object '-73' are equal

03-03-2025T12:24:58 - [TEST_STEP][PASSED] - dZO = "АО «Чеченэнерго»": null

03-03-2025T12:24:58 - [TEST_STEP][FAILED] - if (verifyEqual(a32, b32) == false): null

03-03-2025T12:24:58 - [MESSAGE][FAILED] - Unable to verify equal between actual object '115' and expected object '-0' (Root cause: com.kms.katalon.core.exception.StepFailedException: Actual object '115' and expected object '-0' are not equal
	at com.kms.katalon.core.keyword.builtin.VerifyEqualKeyword$_verifyEqual_closure1.doCall(VerifyEqualKeyword.groovy:58)
	at com.kms.katalon.core.keyword.builtin.VerifyEqualKeyword$_verifyEqual_closure1.call(VerifyEqualKeyword.groovy)
	at com.kms.katalon.core.keyword.internal.KeywordMain.runKeyword(KeywordMain.groovy:75)
	at com.kms.katalon.core.keyword.builtin.VerifyEqualKeyword.verifyEqual(VerifyEqualKeyword.groovy:63)
	at com.kms.katalon.core.keyword.builtin.VerifyEqualKeyword.execute(VerifyEqualKeyword.groovy:44)
	at com.kms.katalon.core.keyword.internal.KeywordExecutor.executeKeywordForPlatform(KeywordExecutor.groovy:74)
	at com.kms.katalon.core.keyword.BuiltinKeywords.verifyEqual(BuiltinKeywords.groovy:146)
	at jdk.internal.reflect.GeneratedMethodAccessor24.invoke(Unknown Source)
	at java.base/jdk.internal.reflect.DelegatingMethodAccessorImpl.invoke(DelegatingMethodAccessorImpl.java:43)
	at Выручка в рублях сверка дашбордов ПАО Россети.Blocks(Выручка в рублях сверка дашбордов ПАО Россети:377)
	at Выручка в рублях сверка дашбордов ПАО Россети.ViruchkaChange(Выручка в рублях сверка дашбордов ПАО Россети:60)
	at Выручка в рублях сверка дашбордов ПАО Россети.run(Выручка в рублях сверка дашбордов ПАО Россети:55)
	at com.kms.katalon.core.main.ScriptEngine.run(ScriptEngine.java:194)
	at com.kms.katalon.core.main.ScriptEngine.runScriptAsRawText(ScriptEngine.java:119)
	at com.kms.katalon.core.main.TestCaseExecutor.runScript(TestCaseExecutor.java:448)
	at com.kms.katalon.core.main.TestCaseExecutor.doExecute(TestCaseExecutor.java:439)
	at com.kms.katalon.core.main.TestCaseExecutor.processExecutionPhase(TestCaseExecutor.java:418)
	at com.kms.katalon.core.main.TestCaseExecutor.accessMainPhase(TestCaseExecutor.java:410)
	at com.kms.katalon.core.main.TestCaseExecutor.execute(TestCaseExecutor.java:285)
	at com.kms.katalon.core.common.CommonExecutor.accessTestCaseMainPhase(CommonExecutor.java:65)
	at com.kms.katalon.core.main.TestSuiteExecutor.accessTestSuiteMainPhase(TestSuiteExecutor.java:150)
	at com.kms.katalon.core.main.TestSuiteExecutor.execute(TestSuiteExecutor.java:106)
	at com.kms.katalon.core.main.TestCaseMain.startTestSuite(TestCaseMain.java:180)
	at TempTestSuite1740991900055.run(TempTestSuite1740991900055.groovy:35)
	at java.base/jdk.internal.reflect.NativeMethodAccessorImpl.invoke0(Native Method)
	at java.base/jdk.internal.reflect.NativeMethodAccessorImpl.invoke(NativeMethodAccessorImpl.java:77)
	at java.base/jdk.internal.reflect.DelegatingMethodAccessorImpl.invoke(DelegatingMethodAccessorImpl.java:43)
)

03-03-2025T12:24:58 - [TEST_STEP][PASSED] - a = replaceAll("\s+", "").toDouble(): null

03-03-2025T12:24:58 - [TEST_STEP][PASSED] - b = replaceAll("\s+", "").toDouble(): null

03-03-2025T12:24:58 - [TEST_STEP][PASSED] - Script1710234207206.WriteToExcel(todaysDate, run, vir, block, typeOfData, viruchka, vidget, nameOfBlock, a, b, dZO): null

03-03-2025T12:24:58 - [TEST_STEP][PASSED] - println(run): null

03-03-2025T12:24:58 - [TEST_STEP][PASSED] - if (run == 1): null

03-03-2025T12:24:58 - [TEST_STEP][PASSED] - typeOfData = "Млн": null

03-03-2025T12:24:58 - [TEST_STEP][PASSED] - println("todaysDate:" + todaysDate): null

03-03-2025T12:24:58 - [TEST_STEP][PASSED] - println("typeOfData:" + typeOfData): null

03-03-2025T12:24:58 - [TEST_STEP][PASSED] - viruchka = getText(findTestObject("Выручка в рублях/Фильтр Выручка" + nameOfBlock)): Text of object 'Object Repository/Выручка в рублях/Фильтр Выручка Выручка' is: 'ПЕРЕДАЧА ЭЛЕКТРОЭНЕРГИИ (ИТОГО, по всем видам тарифа)'

03-03-2025T12:24:58 - [MESSAGE][PASSED] - Text of object 'Object Repository/Выручка в рублях/Фильтр Выручка Выручка' is: 'ПЕРЕДАЧА ЭЛЕКТРОЭНЕРГИИ (ИТОГО, по всем видам тарифа)'

03-03-2025T12:24:58 - [TEST_STEP][PASSED] - println("viruchka" + viruchka): null

03-03-2025T12:24:58 - [TEST_STEP][PASSED] - println("vidget" + vidget): null

03-03-2025T12:24:58 - [TEST_STEP][PASSED] - println("a" + a): null

03-03-2025T12:24:58 - [TEST_STEP][PASSED] - println("b" + b): null

03-03-2025T12:24:58 - [TEST_STEP][PASSED] - sheetName = "Sheet1": null

03-03-2025T12:24:58 - [TEST_STEP][PASSED] - data = findTestData("PlanFact"): null

03-03-2025T12:24:58 - [TEST_STEP][PASSED] - n = data.getRowNumbers() + 1: null

03-03-2025T12:24:58 - [TEST_STEP][PASSED] - period = getText(findTestObject("Выручка в рублях/Фильтр Период")).trim(): Text of object 'Object Repository/Выручка в рублях/Фильтр Период' is: 'Январь 2025 года'

03-03-2025T12:24:59 - [MESSAGE][PASSED] - Text of object 'Object Repository/Выручка в рублях/Фильтр Период' is: 'Январь 2025 года'

03-03-2025T12:24:59 - [TEST_STEP][PASSED] - println(period): null

03-03-2025T12:24:59 - [TEST_STEP][PASSED] - if (period.findAll("[а-яА-Я]") == false): null

03-03-2025T12:24:59 - [TEST_STEP][PASSED] - dashboardName = "Выручка в рублях": null

03-03-2025T12:24:59 - [TEST_STEP][PASSED] - workbook01 = getWorkbook(excelFilePath): null

03-03-2025T12:24:59 - [TEST_STEP][PASSED] - sheet01 = getExcelSheet(workbook01, sheetName): null

03-03-2025T12:24:59 - [TEST_STEP][PASSED] - setValueToCellByIndex(sheet01, n, 0, dashboardName): null

03-03-2025T12:24:59 - [TEST_STEP][PASSED] - setValueToCellByIndex(sheet01, n, 1, dZO): null

03-03-2025T12:24:59 - [TEST_STEP][PASSED] - setValueToCellByIndex(sheet01, n, 2, vidget): null

03-03-2025T12:24:59 - [TEST_STEP][PASSED] - setValueToCellByIndex(sheet01, n, 3, viruchka): null

03-03-2025T12:24:59 - [TEST_STEP][PASSED] - setValueToCellByIndex(sheet01, n, 4, typeOfData): null

03-03-2025T12:24:59 - [TEST_STEP][PASSED] - if (a == null): null

03-03-2025T12:24:59 - [TEST_STEP][PASSED] - else: null

03-03-2025T12:24:59 - [TEST_STEP][PASSED] - setValueToCellByIndex(sheet01, n, 5, a): null

03-03-2025T12:24:59 - [TEST_STEP][PASSED] - if (b == null): null

03-03-2025T12:24:59 - [TEST_STEP][PASSED] - else: null

03-03-2025T12:24:59 - [TEST_STEP][PASSED] - setValueToCellByIndex(sheet01, n, 6, b): null

03-03-2025T12:24:59 - [TEST_STEP][PASSED] - setValueToCellByIndex(sheet01, n, 7, period): null

03-03-2025T12:24:59 - [TEST_STEP][PASSED] - setValueToCellByIndex(sheet01, n, 8, todaysDate): null

03-03-2025T12:24:59 - [TEST_STEP][PASSED] - n = n + 1: null

03-03-2025T12:24:59 - [TEST_STEP][PASSED] - saveWorkbook(excelFilePath, workbook01): null

03-03-2025T12:24:59 - [TEST_STEP][PASSED] - dZO = "Россети Волга": null

03-03-2025T12:24:59 - [TEST_STEP][FAILED] - if (verifyEqual(a33, b33) == false): null

03-03-2025T12:24:59 - [MESSAGE][FAILED] - Unable to verify equal between actual object '1 630' and expected object '-295' (Root cause: com.kms.katalon.core.exception.StepFailedException: Actual object '1 630' and expected object '-295' are not equal
	at com.kms.katalon.core.keyword.builtin.VerifyEqualKeyword$_verifyEqual_closure1.doCall(VerifyEqualKeyword.groovy:58)
	at com.kms.katalon.core.keyword.builtin.VerifyEqualKeyword$_verifyEqual_closure1.call(VerifyEqualKeyword.groovy)
	at com.kms.katalon.core.keyword.internal.KeywordMain.runKeyword(KeywordMain.groovy:75)
	at com.kms.katalon.core.keyword.builtin.VerifyEqualKeyword.verifyEqual(VerifyEqualKeyword.groovy:63)
	at com.kms.katalon.core.keyword.builtin.VerifyEqualKeyword.execute(VerifyEqualKeyword.groovy:44)
	at com.kms.katalon.core.keyword.internal.KeywordExecutor.executeKeywordForPlatform(KeywordExecutor.groovy:74)
	at com.kms.katalon.core.keyword.BuiltinKeywords.verifyEqual(BuiltinKeywords.groovy:146)
	at jdk.internal.reflect.GeneratedMethodAccessor24.invoke(Unknown Source)
	at java.base/jdk.internal.reflect.DelegatingMethodAccessorImpl.invoke(DelegatingMethodAccessorImpl.java:43)
	at Выручка в рублях сверка дашбордов ПАО Россети.Blocks(Выручка в рублях сверка дашбордов ПАО Россети:387)
	at Выручка в рублях сверка дашбордов ПАО Россети.ViruchkaChange(Выручка в рублях сверка дашбордов ПАО Россети:60)
	at Выручка в рублях сверка дашбордов ПАО Россети.run(Выручка в рублях сверка дашбордов ПАО Россети:55)
	at com.kms.katalon.core.main.ScriptEngine.run(ScriptEngine.java:194)
	at com.kms.katalon.core.main.ScriptEngine.runScriptAsRawText(ScriptEngine.java:119)
	at com.kms.katalon.core.main.TestCaseExecutor.runScript(TestCaseExecutor.java:448)
	at com.kms.katalon.core.main.TestCaseExecutor.doExecute(TestCaseExecutor.java:439)
	at com.kms.katalon.core.main.TestCaseExecutor.processExecutionPhase(TestCaseExecutor.java:418)
	at com.kms.katalon.core.main.TestCaseExecutor.accessMainPhase(TestCaseExecutor.java:410)
	at com.kms.katalon.core.main.TestCaseExecutor.execute(TestCaseExecutor.java:285)
	at com.kms.katalon.core.common.CommonExecutor.accessTestCaseMainPhase(CommonExecutor.java:65)
	at com.kms.katalon.core.main.TestSuiteExecutor.accessTestSuiteMainPhase(TestSuiteExecutor.java:150)
	at com.kms.katalon.core.main.TestSuiteExecutor.execute(TestSuiteExecutor.java:106)
	at com.kms.katalon.core.main.TestCaseMain.startTestSuite(TestCaseMain.java:180)
	at TempTestSuite1740991900055.run(TempTestSuite1740991900055.groovy:35)
	at java.base/jdk.internal.reflect.NativeMethodAccessorImpl.invoke0(Native Method)
	at java.base/jdk.internal.reflect.NativeMethodAccessorImpl.invoke(NativeMethodAccessorImpl.java:77)
	at java.base/jdk.internal.reflect.DelegatingMethodAccessorImpl.invoke(DelegatingMethodAccessorImpl.java:43)
)

03-03-2025T12:24:59 - [TEST_STEP][PASSED] - a = replaceAll("\s+", "").toDouble(): null

03-03-2025T12:24:59 - [TEST_STEP][PASSED] - b = replaceAll("\s+", "").toDouble(): null

03-03-2025T12:24:59 - [TEST_STEP][PASSED] - Script1710234207206.WriteToExcel(todaysDate, run, vir, block, typeOfData, viruchka, vidget, nameOfBlock, a, b, dZO): null

03-03-2025T12:24:59 - [TEST_STEP][PASSED] - println(run): null

03-03-2025T12:24:59 - [TEST_STEP][PASSED] - if (run == 1): null

03-03-2025T12:24:59 - [TEST_STEP][PASSED] - typeOfData = "Млн": null

03-03-2025T12:24:59 - [TEST_STEP][PASSED] - println("todaysDate:" + todaysDate): null

03-03-2025T12:24:59 - [TEST_STEP][PASSED] - println("typeOfData:" + typeOfData): null

03-03-2025T12:24:59 - [TEST_STEP][PASSED] - viruchka = getText(findTestObject("Выручка в рублях/Фильтр Выручка" + nameOfBlock)): Text of object 'Object Repository/Выручка в рублях/Фильтр Выручка Выручка' is: 'ПЕРЕДАЧА ЭЛЕКТРОЭНЕРГИИ (ИТОГО, по всем видам тарифа)'

03-03-2025T12:24:59 - [MESSAGE][PASSED] - Text of object 'Object Repository/Выручка в рублях/Фильтр Выручка Выручка' is: 'ПЕРЕДАЧА ЭЛЕКТРОЭНЕРГИИ (ИТОГО, по всем видам тарифа)'

03-03-2025T12:24:59 - [TEST_STEP][PASSED] - println("viruchka" + viruchka): null

03-03-2025T12:24:59 - [TEST_STEP][PASSED] - println("vidget" + vidget): null

03-03-2025T12:24:59 - [TEST_STEP][PASSED] - println("a" + a): null

03-03-2025T12:24:59 - [TEST_STEP][PASSED] - println("b" + b): null

03-03-2025T12:24:59 - [TEST_STEP][PASSED] - sheetName = "Sheet1": null

03-03-2025T12:24:59 - [TEST_STEP][PASSED] - data = findTestData("PlanFact"): null

03-03-2025T12:24:59 - [TEST_STEP][PASSED] - n = data.getRowNumbers() + 1: null

03-03-2025T12:24:59 - [TEST_STEP][PASSED] - period = getText(findTestObject("Выручка в рублях/Фильтр Период")).trim(): Text of object 'Object Repository/Выручка в рублях/Фильтр Период' is: 'Январь 2025 года'

03-03-2025T12:25:00 - [MESSAGE][PASSED] - Text of object 'Object Repository/Выручка в рублях/Фильтр Период' is: 'Январь 2025 года'

03-03-2025T12:25:00 - [TEST_STEP][PASSED] - println(period): null

03-03-2025T12:25:00 - [TEST_STEP][PASSED] - if (period.findAll("[а-яА-Я]") == false): null

03-03-2025T12:25:00 - [TEST_STEP][PASSED] - dashboardName = "Выручка в рублях": null

03-03-2025T12:25:00 - [TEST_STEP][PASSED] - workbook01 = getWorkbook(excelFilePath): null

03-03-2025T12:25:00 - [TEST_STEP][PASSED] - sheet01 = getExcelSheet(workbook01, sheetName): null

03-03-2025T12:25:00 - [TEST_STEP][PASSED] - setValueToCellByIndex(sheet01, n, 0, dashboardName): null

03-03-2025T12:25:00 - [TEST_STEP][PASSED] - setValueToCellByIndex(sheet01, n, 1, dZO): null

03-03-2025T12:25:00 - [TEST_STEP][PASSED] - setValueToCellByIndex(sheet01, n, 2, vidget): null

03-03-2025T12:25:00 - [TEST_STEP][PASSED] - setValueToCellByIndex(sheet01, n, 3, viruchka): null

03-03-2025T12:25:00 - [TEST_STEP][PASSED] - setValueToCellByIndex(sheet01, n, 4, typeOfData): null

03-03-2025T12:25:00 - [TEST_STEP][PASSED] - if (a == null): null

03-03-2025T12:25:00 - [TEST_STEP][PASSED] - else: null

03-03-2025T12:25:00 - [TEST_STEP][PASSED] - setValueToCellByIndex(sheet01, n, 5, a): null

03-03-2025T12:25:00 - [TEST_STEP][PASSED] - if (b == null): null

03-03-2025T12:25:00 - [TEST_STEP][PASSED] - else: null

03-03-2025T12:25:00 - [TEST_STEP][PASSED] - setValueToCellByIndex(sheet01, n, 6, b): null

03-03-2025T12:25:00 - [TEST_STEP][PASSED] - setValueToCellByIndex(sheet01, n, 7, period): null

03-03-2025T12:25:00 - [TEST_STEP][PASSED] - setValueToCellByIndex(sheet01, n, 8, todaysDate): null

03-03-2025T12:25:00 - [TEST_STEP][PASSED] - n = n + 1: null

03-03-2025T12:25:00 - [TEST_STEP][PASSED] - saveWorkbook(excelFilePath, workbook01): null

03-03-2025T12:25:00 - [TEST_STEP][PASSED] - dZO = "Россети Кубань": null

03-03-2025T12:25:00 - [TEST_STEP][PASSED] - if (verifyEqual(a34, b34) == false): Actual object '-54' and expected object '-54' are equal

03-03-2025T12:25:00 - [MESSAGE][PASSED] - Actual object '-54' and expected object '-54' are equal

03-03-2025T12:25:00 - [TEST_STEP][PASSED] - dZO = "Россети Ленэнерго (ГК)": null

03-03-2025T12:25:00 - [TEST_STEP][PASSED] - if (verifyEqual(a35, b35) == false): Actual object '-403' and expected object '-403' are equal

03-03-2025T12:25:00 - [MESSAGE][PASSED] - Actual object '-403' and expected object '-403' are equal

03-03-2025T12:25:00 - [TEST_STEP][PASSED] - dZO = "Россети Московский регион": null

03-03-2025T12:25:00 - [TEST_STEP][FAILED] - if (verifyEqual(a36, b36) == false): null

03-03-2025T12:25:00 - [MESSAGE][FAILED] - Unable to verify equal between actual object '8 709' and expected object '-927' (Root cause: com.kms.katalon.core.exception.StepFailedException: Actual object '8 709' and expected object '-927' are not equal
	at com.kms.katalon.core.keyword.builtin.VerifyEqualKeyword$_verifyEqual_closure1.doCall(VerifyEqualKeyword.groovy:58)
	at com.kms.katalon.core.keyword.builtin.VerifyEqualKeyword$_verifyEqual_closure1.call(VerifyEqualKeyword.groovy)
	at com.kms.katalon.core.keyword.internal.KeywordMain.runKeyword(KeywordMain.groovy:75)
	at com.kms.katalon.core.keyword.builtin.VerifyEqualKeyword.verifyEqual(VerifyEqualKeyword.groovy:63)
	at com.kms.katalon.core.keyword.builtin.VerifyEqualKeyword.execute(VerifyEqualKeyword.groovy:44)
	at com.kms.katalon.core.keyword.internal.KeywordExecutor.executeKeywordForPlatform(KeywordExecutor.groovy:74)
	at com.kms.katalon.core.keyword.BuiltinKeywords.verifyEqual(BuiltinKeywords.groovy:146)
	at jdk.internal.reflect.GeneratedMethodAccessor24.invoke(Unknown Source)
	at java.base/jdk.internal.reflect.DelegatingMethodAccessorImpl.invoke(DelegatingMethodAccessorImpl.java:43)
	at Выручка в рублях сверка дашбордов ПАО Россети.Blocks(Выручка в рублях сверка дашбордов ПАО Россети:417)
	at Выручка в рублях сверка дашбордов ПАО Россети.ViruchkaChange(Выручка в рублях сверка дашбордов ПАО Россети:60)
	at Выручка в рублях сверка дашбордов ПАО Россети.run(Выручка в рублях сверка дашбордов ПАО Россети:55)
	at com.kms.katalon.core.main.ScriptEngine.run(ScriptEngine.java:194)
	at com.kms.katalon.core.main.ScriptEngine.runScriptAsRawText(ScriptEngine.java:119)
	at com.kms.katalon.core.main.TestCaseExecutor.runScript(TestCaseExecutor.java:448)
	at com.kms.katalon.core.main.TestCaseExecutor.doExecute(TestCaseExecutor.java:439)
	at com.kms.katalon.core.main.TestCaseExecutor.processExecutionPhase(TestCaseExecutor.java:418)
	at com.kms.katalon.core.main.TestCaseExecutor.accessMainPhase(TestCaseExecutor.java:410)
	at com.kms.katalon.core.main.TestCaseExecutor.execute(TestCaseExecutor.java:285)
	at com.kms.katalon.core.common.CommonExecutor.accessTestCaseMainPhase(CommonExecutor.java:65)
	at com.kms.katalon.core.main.TestSuiteExecutor.accessTestSuiteMainPhase(TestSuiteExecutor.java:150)
	at com.kms.katalon.core.main.TestSuiteExecutor.execute(TestSuiteExecutor.java:106)
	at com.kms.katalon.core.main.TestCaseMain.startTestSuite(TestCaseMain.java:180)
	at TempTestSuite1740991900055.run(TempTestSuite1740991900055.groovy:35)
	at java.base/jdk.internal.reflect.NativeMethodAccessorImpl.invoke0(Native Method)
	at java.base/jdk.internal.reflect.NativeMethodAccessorImpl.invoke(NativeMethodAccessorImpl.java:77)
	at java.base/jdk.internal.reflect.DelegatingMethodAccessorImpl.invoke(DelegatingMethodAccessorImpl.java:43)
)

03-03-2025T12:25:00 - [TEST_STEP][PASSED] - a = replaceAll("\s+", "").toDouble(): null

03-03-2025T12:25:00 - [TEST_STEP][PASSED] - b = replaceAll("\s+", "").toDouble(): null

03-03-2025T12:25:00 - [TEST_STEP][PASSED] - Script1710234207206.WriteToExcel(todaysDate, run, vir, block, typeOfData, viruchka, vidget, nameOfBlock, a, b, dZO): null

03-03-2025T12:25:00 - [TEST_STEP][PASSED] - println(run): null

03-03-2025T12:25:00 - [TEST_STEP][PASSED] - if (run == 1): null

03-03-2025T12:25:00 - [TEST_STEP][PASSED] - typeOfData = "Млн": null

03-03-2025T12:25:00 - [TEST_STEP][PASSED] - println("todaysDate:" + todaysDate): null

03-03-2025T12:25:00 - [TEST_STEP][PASSED] - println("typeOfData:" + typeOfData): null

03-03-2025T12:25:00 - [TEST_STEP][PASSED] - viruchka = getText(findTestObject("Выручка в рублях/Фильтр Выручка" + nameOfBlock)): Text of object 'Object Repository/Выручка в рублях/Фильтр Выручка Выручка' is: 'ПЕРЕДАЧА ЭЛЕКТРОЭНЕРГИИ (ИТОГО, по всем видам тарифа)'

03-03-2025T12:25:00 - [MESSAGE][PASSED] - Text of object 'Object Repository/Выручка в рублях/Фильтр Выручка Выручка' is: 'ПЕРЕДАЧА ЭЛЕКТРОЭНЕРГИИ (ИТОГО, по всем видам тарифа)'

03-03-2025T12:25:00 - [TEST_STEP][PASSED] - println("viruchka" + viruchka): null

03-03-2025T12:25:00 - [TEST_STEP][PASSED] - println("vidget" + vidget): null

03-03-2025T12:25:00 - [TEST_STEP][PASSED] - println("a" + a): null

03-03-2025T12:25:00 - [TEST_STEP][PASSED] - println("b" + b): null

03-03-2025T12:25:00 - [TEST_STEP][PASSED] - sheetName = "Sheet1": null

03-03-2025T12:25:00 - [TEST_STEP][PASSED] - data = findTestData("PlanFact"): null

03-03-2025T12:25:01 - [TEST_STEP][PASSED] - n = data.getRowNumbers() + 1: null

03-03-2025T12:25:01 - [TEST_STEP][PASSED] - period = getText(findTestObject("Выручка в рублях/Фильтр Период")).trim(): Text of object 'Object Repository/Выручка в рублях/Фильтр Период' is: 'Январь 2025 года'

03-03-2025T12:25:01 - [MESSAGE][PASSED] - Text of object 'Object Repository/Выручка в рублях/Фильтр Период' is: 'Январь 2025 года'

03-03-2025T12:25:01 - [TEST_STEP][PASSED] - println(period): null

03-03-2025T12:25:01 - [TEST_STEP][PASSED] - if (period.findAll("[а-яА-Я]") == false): null

03-03-2025T12:25:01 - [TEST_STEP][PASSED] - dashboardName = "Выручка в рублях": null

03-03-2025T12:25:01 - [TEST_STEP][PASSED] - workbook01 = getWorkbook(excelFilePath): null

03-03-2025T12:25:01 - [TEST_STEP][PASSED] - sheet01 = getExcelSheet(workbook01, sheetName): null

03-03-2025T12:25:01 - [TEST_STEP][PASSED] - setValueToCellByIndex(sheet01, n, 0, dashboardName): null

03-03-2025T12:25:01 - [TEST_STEP][PASSED] - setValueToCellByIndex(sheet01, n, 1, dZO): null

03-03-2025T12:25:01 - [TEST_STEP][PASSED] - setValueToCellByIndex(sheet01, n, 2, vidget): null

03-03-2025T12:25:01 - [TEST_STEP][PASSED] - setValueToCellByIndex(sheet01, n, 3, viruchka): null

03-03-2025T12:25:01 - [TEST_STEP][PASSED] - setValueToCellByIndex(sheet01, n, 4, typeOfData): null

03-03-2025T12:25:01 - [TEST_STEP][PASSED] - if (a == null): null

03-03-2025T12:25:01 - [TEST_STEP][PASSED] - else: null

03-03-2025T12:25:01 - [TEST_STEP][PASSED] - setValueToCellByIndex(sheet01, n, 5, a): null

03-03-2025T12:25:01 - [TEST_STEP][PASSED] - if (b == null): null

03-03-2025T12:25:01 - [TEST_STEP][PASSED] - else: null

03-03-2025T12:25:01 - [TEST_STEP][PASSED] - setValueToCellByIndex(sheet01, n, 6, b): null

03-03-2025T12:25:01 - [TEST_STEP][PASSED] - setValueToCellByIndex(sheet01, n, 7, period): null

03-03-2025T12:25:01 - [TEST_STEP][PASSED] - setValueToCellByIndex(sheet01, n, 8, todaysDate): null

03-03-2025T12:25:01 - [TEST_STEP][PASSED] - n = n + 1: null

03-03-2025T12:25:01 - [TEST_STEP][PASSED] - saveWorkbook(excelFilePath, workbook01): null

03-03-2025T12:25:01 - [TEST_STEP][PASSED] - dZO = "Россети Северный Кавказ (ГК)": null

03-03-2025T12:25:01 - [TEST_STEP][FAILED] - if (verifyEqual(a37, b37) == false): null

03-03-2025T12:25:01 - [MESSAGE][FAILED] - Unable to verify equal between actual object '2 072' and expected object '-96' (Root cause: com.kms.katalon.core.exception.StepFailedException: Actual object '2 072' and expected object '-96' are not equal
	at com.kms.katalon.core.keyword.builtin.VerifyEqualKeyword$_verifyEqual_closure1.doCall(VerifyEqualKeyword.groovy:58)
	at com.kms.katalon.core.keyword.builtin.VerifyEqualKeyword$_verifyEqual_closure1.call(VerifyEqualKeyword.groovy)
	at com.kms.katalon.core.keyword.internal.KeywordMain.runKeyword(KeywordMain.groovy:75)
	at com.kms.katalon.core.keyword.builtin.VerifyEqualKeyword.verifyEqual(VerifyEqualKeyword.groovy:63)
	at com.kms.katalon.core.keyword.builtin.VerifyEqualKeyword.execute(VerifyEqualKeyword.groovy:44)
	at com.kms.katalon.core.keyword.internal.KeywordExecutor.executeKeywordForPlatform(KeywordExecutor.groovy:74)
	at com.kms.katalon.core.keyword.BuiltinKeywords.verifyEqual(BuiltinKeywords.groovy:146)
	at jdk.internal.reflect.GeneratedMethodAccessor24.invoke(Unknown Source)
	at java.base/jdk.internal.reflect.DelegatingMethodAccessorImpl.invoke(DelegatingMethodAccessorImpl.java:43)
	at Выручка в рублях сверка дашбордов ПАО Россети.Blocks(Выручка в рублях сверка дашбордов ПАО Россети:427)
	at Выручка в рублях сверка дашбордов ПАО Россети.ViruchkaChange(Выручка в рублях сверка дашбордов ПАО Россети:60)
	at Выручка в рублях сверка дашбордов ПАО Россети.run(Выручка в рублях сверка дашбордов ПАО Россети:55)
	at com.kms.katalon.core.main.ScriptEngine.run(ScriptEngine.java:194)
	at com.kms.katalon.core.main.ScriptEngine.runScriptAsRawText(ScriptEngine.java:119)
	at com.kms.katalon.core.main.TestCaseExecutor.runScript(TestCaseExecutor.java:448)
	at com.kms.katalon.core.main.TestCaseExecutor.doExecute(TestCaseExecutor.java:439)
	at com.kms.katalon.core.main.TestCaseExecutor.processExecutionPhase(TestCaseExecutor.java:418)
	at com.kms.katalon.core.main.TestCaseExecutor.accessMainPhase(TestCaseExecutor.java:410)
	at com.kms.katalon.core.main.TestCaseExecutor.execute(TestCaseExecutor.java:285)
	at com.kms.katalon.core.common.CommonExecutor.accessTestCaseMainPhase(CommonExecutor.java:65)
	at com.kms.katalon.core.main.TestSuiteExecutor.accessTestSuiteMainPhase(TestSuiteExecutor.java:150)
	at com.kms.katalon.core.main.TestSuiteExecutor.execute(TestSuiteExecutor.java:106)
	at com.kms.katalon.core.main.TestCaseMain.startTestSuite(TestCaseMain.java:180)
	at TempTestSuite1740991900055.run(TempTestSuite1740991900055.groovy:35)
	at java.base/jdk.internal.reflect.NativeMethodAccessorImpl.invoke0(Native Method)
	at java.base/jdk.internal.reflect.NativeMethodAccessorImpl.invoke(NativeMethodAccessorImpl.java:77)
	at java.base/jdk.internal.reflect.DelegatingMethodAccessorImpl.invoke(DelegatingMethodAccessorImpl.java:43)
)

03-03-2025T12:25:01 - [TEST_STEP][PASSED] - a = replaceAll("\s+", "").toDouble(): null

03-03-2025T12:25:01 - [TEST_STEP][PASSED] - b = replaceAll("\s+", "").toDouble(): null

03-03-2025T12:25:01 - [TEST_STEP][PASSED] - Script1710234207206.WriteToExcel(todaysDate, run, vir, block, typeOfData, viruchka, vidget, nameOfBlock, a, b, dZO): null

03-03-2025T12:25:01 - [TEST_STEP][PASSED] - println(run): null

03-03-2025T12:25:01 - [TEST_STEP][PASSED] - if (run == 1): null

03-03-2025T12:25:01 - [TEST_STEP][PASSED] - typeOfData = "Млн": null

03-03-2025T12:25:01 - [TEST_STEP][PASSED] - println("todaysDate:" + todaysDate): null

03-03-2025T12:25:01 - [TEST_STEP][PASSED] - println("typeOfData:" + typeOfData): null

03-03-2025T12:25:01 - [TEST_STEP][PASSED] - viruchka = getText(findTestObject("Выручка в рублях/Фильтр Выручка" + nameOfBlock)): Text of object 'Object Repository/Выручка в рублях/Фильтр Выручка Выручка' is: 'ПЕРЕДАЧА ЭЛЕКТРОЭНЕРГИИ (ИТОГО, по всем видам тарифа)'

03-03-2025T12:25:02 - [MESSAGE][PASSED] - Text of object 'Object Repository/Выручка в рублях/Фильтр Выручка Выручка' is: 'ПЕРЕДАЧА ЭЛЕКТРОЭНЕРГИИ (ИТОГО, по всем видам тарифа)'

03-03-2025T12:25:02 - [TEST_STEP][PASSED] - println("viruchka" + viruchka): null

03-03-2025T12:25:02 - [TEST_STEP][PASSED] - println("vidget" + vidget): null

03-03-2025T12:25:02 - [TEST_STEP][PASSED] - println("a" + a): null

03-03-2025T12:25:02 - [TEST_STEP][PASSED] - println("b" + b): null

03-03-2025T12:25:02 - [TEST_STEP][PASSED] - sheetName = "Sheet1": null

03-03-2025T12:25:02 - [TEST_STEP][PASSED] - data = findTestData("PlanFact"): null

03-03-2025T12:25:02 - [TEST_STEP][PASSED] - n = data.getRowNumbers() + 1: null

03-03-2025T12:25:02 - [TEST_STEP][PASSED] - period = getText(findTestObject("Выручка в рублях/Фильтр Период")).trim(): Text of object 'Object Repository/Выручка в рублях/Фильтр Период' is: 'Январь 2025 года'

03-03-2025T12:25:02 - [MESSAGE][PASSED] - Text of object 'Object Repository/Выручка в рублях/Фильтр Период' is: 'Январь 2025 года'

03-03-2025T12:25:02 - [TEST_STEP][PASSED] - println(period): null

03-03-2025T12:25:02 - [TEST_STEP][PASSED] - if (period.findAll("[а-яА-Я]") == false): null

03-03-2025T12:25:02 - [TEST_STEP][PASSED] - dashboardName = "Выручка в рублях": null

03-03-2025T12:25:02 - [TEST_STEP][PASSED] - workbook01 = getWorkbook(excelFilePath): null

03-03-2025T12:25:02 - [TEST_STEP][PASSED] - sheet01 = getExcelSheet(workbook01, sheetName): null

03-03-2025T12:25:02 - [TEST_STEP][PASSED] - setValueToCellByIndex(sheet01, n, 0, dashboardName): null

03-03-2025T12:25:02 - [TEST_STEP][PASSED] - setValueToCellByIndex(sheet01, n, 1, dZO): null

03-03-2025T12:25:02 - [TEST_STEP][PASSED] - setValueToCellByIndex(sheet01, n, 2, vidget): null

03-03-2025T12:25:02 - [TEST_STEP][PASSED] - setValueToCellByIndex(sheet01, n, 3, viruchka): null

03-03-2025T12:25:02 - [TEST_STEP][PASSED] - setValueToCellByIndex(sheet01, n, 4, typeOfData): null

03-03-2025T12:25:02 - [TEST_STEP][PASSED] - if (a == null): null

03-03-2025T12:25:02 - [TEST_STEP][PASSED] - else: null

03-03-2025T12:25:02 - [TEST_STEP][PASSED] - setValueToCellByIndex(sheet01, n, 5, a): null

03-03-2025T12:25:02 - [TEST_STEP][PASSED] - if (b == null): null

03-03-2025T12:25:02 - [TEST_STEP][PASSED] - else: null

03-03-2025T12:25:02 - [TEST_STEP][PASSED] - setValueToCellByIndex(sheet01, n, 6, b): null

03-03-2025T12:25:02 - [TEST_STEP][PASSED] - setValueToCellByIndex(sheet01, n, 7, period): null

03-03-2025T12:25:02 - [TEST_STEP][PASSED] - setValueToCellByIndex(sheet01, n, 8, todaysDate): null

03-03-2025T12:25:02 - [TEST_STEP][PASSED] - n = n + 1: null

03-03-2025T12:25:02 - [TEST_STEP][PASSED] - saveWorkbook(excelFilePath, workbook01): null

03-03-2025T12:25:02 - [TEST_STEP][PASSED] - dZO = "Россети Северо-Запад": null

03-03-2025T12:25:02 - [TEST_STEP][PASSED] - if (verifyEqual(a38, b38) == false): Actual object '-251' and expected object '-251' are equal

03-03-2025T12:25:02 - [MESSAGE][PASSED] - Actual object '-251' and expected object '-251' are equal

03-03-2025T12:25:02 - [TEST_STEP][PASSED] - dZO = "Россети Сибирь (ГК)": null

03-03-2025T12:25:02 - [TEST_STEP][FAILED] - if (verifyEqual(a39, b39) == false): null

03-03-2025T12:25:02 - [MESSAGE][FAILED] - Unable to verify equal between actual object '11 296' and expected object '348' (Root cause: com.kms.katalon.core.exception.StepFailedException: Actual object '11 296' and expected object '348' are not equal
	at com.kms.katalon.core.keyword.builtin.VerifyEqualKeyword$_verifyEqual_closure1.doCall(VerifyEqualKeyword.groovy:58)
	at com.kms.katalon.core.keyword.builtin.VerifyEqualKeyword$_verifyEqual_closure1.call(VerifyEqualKeyword.groovy)
	at com.kms.katalon.core.keyword.internal.KeywordMain.runKeyword(KeywordMain.groovy:75)
	at com.kms.katalon.core.keyword.builtin.VerifyEqualKeyword.verifyEqual(VerifyEqualKeyword.groovy:63)
	at com.kms.katalon.core.keyword.builtin.VerifyEqualKeyword.execute(VerifyEqualKeyword.groovy:44)
	at com.kms.katalon.core.keyword.internal.KeywordExecutor.executeKeywordForPlatform(KeywordExecutor.groovy:74)
	at com.kms.katalon.core.keyword.BuiltinKeywords.verifyEqual(BuiltinKeywords.groovy:146)
	at jdk.internal.reflect.GeneratedMethodAccessor24.invoke(Unknown Source)
	at java.base/jdk.internal.reflect.DelegatingMethodAccessorImpl.invoke(DelegatingMethodAccessorImpl.java:43)
	at Выручка в рублях сверка дашбордов ПАО Россети.Blocks(Выручка в рублях сверка дашбордов ПАО Россети:447)
	at Выручка в рублях сверка дашбордов ПАО Россети.ViruchkaChange(Выручка в рублях сверка дашбордов ПАО Россети:60)
	at Выручка в рублях сверка дашбордов ПАО Россети.run(Выручка в рублях сверка дашбордов ПАО Россети:55)
	at com.kms.katalon.core.main.ScriptEngine.run(ScriptEngine.java:194)
	at com.kms.katalon.core.main.ScriptEngine.runScriptAsRawText(ScriptEngine.java:119)
	at com.kms.katalon.core.main.TestCaseExecutor.runScript(TestCaseExecutor.java:448)
	at com.kms.katalon.core.main.TestCaseExecutor.doExecute(TestCaseExecutor.java:439)
	at com.kms.katalon.core.main.TestCaseExecutor.processExecutionPhase(TestCaseExecutor.java:418)
	at com.kms.katalon.core.main.TestCaseExecutor.accessMainPhase(TestCaseExecutor.java:410)
	at com.kms.katalon.core.main.TestCaseExecutor.execute(TestCaseExecutor.java:285)
	at com.kms.katalon.core.common.CommonExecutor.accessTestCaseMainPhase(CommonExecutor.java:65)
	at com.kms.katalon.core.main.TestSuiteExecutor.accessTestSuiteMainPhase(TestSuiteExecutor.java:150)
	at com.kms.katalon.core.main.TestSuiteExecutor.execute(TestSuiteExecutor.java:106)
	at com.kms.katalon.core.main.TestCaseMain.startTestSuite(TestCaseMain.java:180)
	at TempTestSuite1740991900055.run(TempTestSuite1740991900055.groovy:35)
	at java.base/jdk.internal.reflect.NativeMethodAccessorImpl.invoke0(Native Method)
	at java.base/jdk.internal.reflect.NativeMethodAccessorImpl.invoke(NativeMethodAccessorImpl.java:77)
	at java.base/jdk.internal.reflect.DelegatingMethodAccessorImpl.invoke(DelegatingMethodAccessorImpl.java:43)
)

03-03-2025T12:25:02 - [TEST_STEP][PASSED] - a = replaceAll("\s+", "").toDouble(): null

03-03-2025T12:25:02 - [TEST_STEP][PASSED] - b = replaceAll("\s+", "").toDouble(): null

03-03-2025T12:25:02 - [TEST_STEP][PASSED] - Script1710234207206.WriteToExcel(todaysDate, run, vir, block, typeOfData, viruchka, vidget, nameOfBlock, a, b, dZO): null

03-03-2025T12:25:02 - [TEST_STEP][PASSED] - println(run): null

03-03-2025T12:25:02 - [TEST_STEP][PASSED] - if (run == 1): null

03-03-2025T12:25:02 - [TEST_STEP][PASSED] - typeOfData = "Млн": null

03-03-2025T12:25:02 - [TEST_STEP][PASSED] - println("todaysDate:" + todaysDate): null

03-03-2025T12:25:02 - [TEST_STEP][PASSED] - println("typeOfData:" + typeOfData): null

03-03-2025T12:25:02 - [TEST_STEP][PASSED] - viruchka = getText(findTestObject("Выручка в рублях/Фильтр Выручка" + nameOfBlock)): Text of object 'Object Repository/Выручка в рублях/Фильтр Выручка Выручка' is: 'ПЕРЕДАЧА ЭЛЕКТРОЭНЕРГИИ (ИТОГО, по всем видам тарифа)'

03-03-2025T12:25:03 - [MESSAGE][PASSED] - Text of object 'Object Repository/Выручка в рублях/Фильтр Выручка Выручка' is: 'ПЕРЕДАЧА ЭЛЕКТРОЭНЕРГИИ (ИТОГО, по всем видам тарифа)'

03-03-2025T12:25:03 - [TEST_STEP][PASSED] - println("viruchka" + viruchka): null

03-03-2025T12:25:03 - [TEST_STEP][PASSED] - println("vidget" + vidget): null

03-03-2025T12:25:03 - [TEST_STEP][PASSED] - println("a" + a): null

03-03-2025T12:25:03 - [TEST_STEP][PASSED] - println("b" + b): null

03-03-2025T12:25:03 - [TEST_STEP][PASSED] - sheetName = "Sheet1": null

03-03-2025T12:25:03 - [TEST_STEP][PASSED] - data = findTestData("PlanFact"): null

03-03-2025T12:25:03 - [TEST_STEP][PASSED] - n = data.getRowNumbers() + 1: null

03-03-2025T12:25:03 - [TEST_STEP][PASSED] - period = getText(findTestObject("Выручка в рублях/Фильтр Период")).trim(): Text of object 'Object Repository/Выручка в рублях/Фильтр Период' is: 'Январь 2025 года'

03-03-2025T12:25:03 - [MESSAGE][PASSED] - Text of object 'Object Repository/Выручка в рублях/Фильтр Период' is: 'Январь 2025 года'

03-03-2025T12:25:03 - [TEST_STEP][PASSED] - println(period): null

03-03-2025T12:25:03 - [TEST_STEP][PASSED] - if (period.findAll("[а-яА-Я]") == false): null

03-03-2025T12:25:03 - [TEST_STEP][PASSED] - dashboardName = "Выручка в рублях": null

03-03-2025T12:25:03 - [TEST_STEP][PASSED] - workbook01 = getWorkbook(excelFilePath): null

03-03-2025T12:25:03 - [TEST_STEP][PASSED] - sheet01 = getExcelSheet(workbook01, sheetName): null

03-03-2025T12:25:03 - [TEST_STEP][PASSED] - setValueToCellByIndex(sheet01, n, 0, dashboardName): null

03-03-2025T12:25:03 - [TEST_STEP][PASSED] - setValueToCellByIndex(sheet01, n, 1, dZO): null

03-03-2025T12:25:03 - [TEST_STEP][PASSED] - setValueToCellByIndex(sheet01, n, 2, vidget): null

03-03-2025T12:25:03 - [TEST_STEP][PASSED] - setValueToCellByIndex(sheet01, n, 3, viruchka): null

03-03-2025T12:25:03 - [TEST_STEP][PASSED] - setValueToCellByIndex(sheet01, n, 4, typeOfData): null

03-03-2025T12:25:03 - [TEST_STEP][PASSED] - if (a == null): null

03-03-2025T12:25:03 - [TEST_STEP][PASSED] - else: null

03-03-2025T12:25:03 - [TEST_STEP][PASSED] - setValueToCellByIndex(sheet01, n, 5, a): null

03-03-2025T12:25:03 - [TEST_STEP][PASSED] - if (b == null): null

03-03-2025T12:25:03 - [TEST_STEP][PASSED] - else: null

03-03-2025T12:25:03 - [TEST_STEP][PASSED] - setValueToCellByIndex(sheet01, n, 6, b): null

03-03-2025T12:25:03 - [TEST_STEP][PASSED] - setValueToCellByIndex(sheet01, n, 7, period): null

03-03-2025T12:25:03 - [TEST_STEP][PASSED] - setValueToCellByIndex(sheet01, n, 8, todaysDate): null

03-03-2025T12:25:03 - [TEST_STEP][PASSED] - n = n + 1: null

03-03-2025T12:25:03 - [TEST_STEP][PASSED] - saveWorkbook(excelFilePath, workbook01): null

03-03-2025T12:25:04 - [TEST_STEP][PASSED] - dZO = "Россети Томск": null

03-03-2025T12:25:04 - [TEST_STEP][PASSED] - if (verifyEqual(a310, b310) == false): Actual object '-58' and expected object '-58' are equal

03-03-2025T12:25:04 - [MESSAGE][PASSED] - Actual object '-58' and expected object '-58' are equal

03-03-2025T12:25:04 - [TEST_STEP][PASSED] - dZO = "Россети Тюмень": null

03-03-2025T12:25:04 - [TEST_STEP][PASSED] - if (verifyEqual(a311, b311) == false): Actual object '-1 104' and expected object '-1 104' are equal

03-03-2025T12:25:04 - [MESSAGE][PASSED] - Actual object '-1 104' and expected object '-1 104' are equal

03-03-2025T12:25:04 - [TEST_STEP][PASSED] - dZO = "Россети Урал (ГК)": null

03-03-2025T12:25:04 - [TEST_STEP][PASSED] - if (verifyEqual(a312, b312) == false): Actual object '-474' and expected object '-474' are equal

03-03-2025T12:25:04 - [MESSAGE][PASSED] - Actual object '-474' and expected object '-474' are equal

03-03-2025T12:25:04 - [TEST_STEP][PASSED] - dZO = "Россети ФСК ЕЭС": null

03-03-2025T12:25:04 - [TEST_STEP][PASSED] - if (verifyEqual(a313, b313) == false): Actual object '-59' and expected object '-59' are equal

03-03-2025T12:25:04 - [MESSAGE][PASSED] - Actual object '-59' and expected object '-59' are equal

03-03-2025T12:25:04 - [TEST_STEP][PASSED] - dZO = "Россети Центр": null

03-03-2025T12:25:04 - [TEST_STEP][PASSED] - if (verifyEqual(a314, b314) == false): Actual object '-675' and expected object '-675' are equal

03-03-2025T12:25:04 - [MESSAGE][PASSED] - Actual object '-675' and expected object '-675' are equal

03-03-2025T12:25:04 - [TEST_STEP][PASSED] - dZO = "Россети Центр и Приволжье (ГК)": null

03-03-2025T12:25:04 - [TEST_STEP][PASSED] - if (verifyEqual(a315, b315) == false): Actual object '13 055' and expected object '13 055' are equal

03-03-2025T12:25:04 - [MESSAGE][PASSED] - Actual object '13 055' and expected object '13 055' are equal

03-03-2025T12:25:04 - [TEST_STEP][PASSED] - dZO = "Россети Юг (ГК)": null

03-03-2025T12:25:04 - [TEST_STEP][FAILED] - if (verifyEqual(a316, b316) == false): null

03-03-2025T12:25:04 - [MESSAGE][FAILED] - Unable to verify equal between actual object '499' and expected object '-191' (Root cause: com.kms.katalon.core.exception.StepFailedException: Actual object '499' and expected object '-191' are not equal
	at com.kms.katalon.core.keyword.builtin.VerifyEqualKeyword$_verifyEqual_closure1.doCall(VerifyEqualKeyword.groovy:58)
	at com.kms.katalon.core.keyword.builtin.VerifyEqualKeyword$_verifyEqual_closure1.call(VerifyEqualKeyword.groovy)
	at com.kms.katalon.core.keyword.internal.KeywordMain.runKeyword(KeywordMain.groovy:75)
	at com.kms.katalon.core.keyword.builtin.VerifyEqualKeyword.verifyEqual(VerifyEqualKeyword.groovy:63)
	at com.kms.katalon.core.keyword.builtin.VerifyEqualKeyword.execute(VerifyEqualKeyword.groovy:44)
	at com.kms.katalon.core.keyword.internal.KeywordExecutor.executeKeywordForPlatform(KeywordExecutor.groovy:74)
	at com.kms.katalon.core.keyword.BuiltinKeywords.verifyEqual(BuiltinKeywords.groovy:146)
	at jdk.internal.reflect.GeneratedMethodAccessor24.invoke(Unknown Source)
	at java.base/jdk.internal.reflect.DelegatingMethodAccessorImpl.invoke(DelegatingMethodAccessorImpl.java:43)
	at Выручка в рублях сверка дашбордов ПАО Россети.Blocks(Выручка в рублях сверка дашбордов ПАО Россети:517)
	at Выручка в рублях сверка дашбордов ПАО Россети.ViruchkaChange(Выручка в рублях сверка дашбордов ПАО Россети:60)
	at Выручка в рублях сверка дашбордов ПАО Россети.run(Выручка в рублях сверка дашбордов ПАО Россети:55)
	at com.kms.katalon.core.main.ScriptEngine.run(ScriptEngine.java:194)
	at com.kms.katalon.core.main.ScriptEngine.runScriptAsRawText(ScriptEngine.java:119)
	at com.kms.katalon.core.main.TestCaseExecutor.runScript(TestCaseExecutor.java:448)
	at com.kms.katalon.core.main.TestCaseExecutor.doExecute(TestCaseExecutor.java:439)
	at com.kms.katalon.core.main.TestCaseExecutor.processExecutionPhase(TestCaseExecutor.java:418)
	at com.kms.katalon.core.main.TestCaseExecutor.accessMainPhase(TestCaseExecutor.java:410)
	at com.kms.katalon.core.main.TestCaseExecutor.execute(TestCaseExecutor.java:285)
	at com.kms.katalon.core.common.CommonExecutor.accessTestCaseMainPhase(CommonExecutor.java:65)
	at com.kms.katalon.core.main.TestSuiteExecutor.accessTestSuiteMainPhase(TestSuiteExecutor.java:150)
	at com.kms.katalon.core.main.TestSuiteExecutor.execute(TestSuiteExecutor.java:106)
	at com.kms.katalon.core.main.TestCaseMain.startTestSuite(TestCaseMain.java:180)
	at TempTestSuite1740991900055.run(TempTestSuite1740991900055.groovy:35)
	at java.base/jdk.internal.reflect.NativeMethodAccessorImpl.invoke0(Native Method)
	at java.base/jdk.internal.reflect.NativeMethodAccessorImpl.invoke(NativeMethodAccessorImpl.java:77)
	at java.base/jdk.internal.reflect.DelegatingMethodAccessorImpl.invoke(DelegatingMethodAccessorImpl.java:43)
)

03-03-2025T12:25:04 - [TEST_STEP][PASSED] - a = replaceAll("\s+", "").toDouble(): null

03-03-2025T12:25:04 - [TEST_STEP][PASSED] - b = replaceAll("\s+", "").toDouble(): null

03-03-2025T12:25:04 - [TEST_STEP][PASSED] - Script1710234207206.WriteToExcel(todaysDate, run, vir, block, typeOfData, viruchka, vidget, nameOfBlock, a, b, dZO): null

03-03-2025T12:25:04 - [TEST_STEP][PASSED] - println(run): null

03-03-2025T12:25:04 - [TEST_STEP][PASSED] - if (run == 1): null

03-03-2025T12:25:04 - [TEST_STEP][PASSED] - typeOfData = "Млн": null

03-03-2025T12:25:04 - [TEST_STEP][PASSED] - println("todaysDate:" + todaysDate): null

03-03-2025T12:25:04 - [TEST_STEP][PASSED] - println("typeOfData:" + typeOfData): null

03-03-2025T12:25:04 - [TEST_STEP][PASSED] - viruchka = getText(findTestObject("Выручка в рублях/Фильтр Выручка" + nameOfBlock)): Text of object 'Object Repository/Выручка в рублях/Фильтр Выручка Выручка' is: 'ПЕРЕДАЧА ЭЛЕКТРОЭНЕРГИИ (ИТОГО, по всем видам тарифа)'

03-03-2025T12:25:04 - [MESSAGE][PASSED] - Text of object 'Object Repository/Выручка в рублях/Фильтр Выручка Выручка' is: 'ПЕРЕДАЧА ЭЛЕКТРОЭНЕРГИИ (ИТОГО, по всем видам тарифа)'

03-03-2025T12:25:04 - [TEST_STEP][PASSED] - println("viruchka" + viruchka): null

03-03-2025T12:25:04 - [TEST_STEP][PASSED] - println("vidget" + vidget): null

03-03-2025T12:25:04 - [TEST_STEP][PASSED] - println("a" + a): null

03-03-2025T12:25:04 - [TEST_STEP][PASSED] - println("b" + b): null

03-03-2025T12:25:04 - [TEST_STEP][PASSED] - sheetName = "Sheet1": null

03-03-2025T12:25:04 - [TEST_STEP][PASSED] - data = findTestData("PlanFact"): null

03-03-2025T12:25:04 - [TEST_STEP][PASSED] - n = data.getRowNumbers() + 1: null

03-03-2025T12:25:04 - [TEST_STEP][PASSED] - period = getText(findTestObject("Выручка в рублях/Фильтр Период")).trim(): Text of object 'Object Repository/Выручка в рублях/Фильтр Период' is: 'Январь 2025 года'

03-03-2025T12:25:04 - [MESSAGE][PASSED] - Text of object 'Object Repository/Выручка в рублях/Фильтр Период' is: 'Январь 2025 года'

03-03-2025T12:25:04 - [TEST_STEP][PASSED] - println(period): null

03-03-2025T12:25:04 - [TEST_STEP][PASSED] - if (period.findAll("[а-яА-Я]") == false): null

03-03-2025T12:25:04 - [TEST_STEP][PASSED] - dashboardName = "Выручка в рублях": null

03-03-2025T12:25:04 - [TEST_STEP][PASSED] - workbook01 = getWorkbook(excelFilePath): null

03-03-2025T12:25:04 - [TEST_STEP][PASSED] - sheet01 = getExcelSheet(workbook01, sheetName): null

03-03-2025T12:25:04 - [TEST_STEP][PASSED] - setValueToCellByIndex(sheet01, n, 0, dashboardName): null

03-03-2025T12:25:04 - [TEST_STEP][PASSED] - setValueToCellByIndex(sheet01, n, 1, dZO): null

03-03-2025T12:25:04 - [TEST_STEP][PASSED] - setValueToCellByIndex(sheet01, n, 2, vidget): null

03-03-2025T12:25:04 - [TEST_STEP][PASSED] - setValueToCellByIndex(sheet01, n, 3, viruchka): null

03-03-2025T12:25:04 - [TEST_STEP][PASSED] - setValueToCellByIndex(sheet01, n, 4, typeOfData): null

03-03-2025T12:25:04 - [TEST_STEP][PASSED] - if (a == null): null

03-03-2025T12:25:04 - [TEST_STEP][PASSED] - else: null

03-03-2025T12:25:04 - [TEST_STEP][PASSED] - setValueToCellByIndex(sheet01, n, 5, a): null

03-03-2025T12:25:04 - [TEST_STEP][PASSED] - if (b == null): null

03-03-2025T12:25:04 - [TEST_STEP][PASSED] - else: null

03-03-2025T12:25:04 - [TEST_STEP][PASSED] - setValueToCellByIndex(sheet01, n, 6, b): null

03-03-2025T12:25:04 - [TEST_STEP][PASSED] - setValueToCellByIndex(sheet01, n, 7, period): null

03-03-2025T12:25:04 - [TEST_STEP][PASSED] - setValueToCellByIndex(sheet01, n, 8, todaysDate): null

03-03-2025T12:25:04 - [TEST_STEP][PASSED] - n = n + 1: null

03-03-2025T12:25:04 - [TEST_STEP][PASSED] - saveWorkbook(excelFilePath, workbook01): null

03-03-2025T12:25:05 - [TEST_STEP][PASSED] - dZO = "Россети Янтарь": null

03-03-2025T12:25:05 - [TEST_STEP][PASSED] - if (verifyEqual(a317, b317) == false): Actual object '-19' and expected object '-19' are equal

03-03-2025T12:25:05 - [MESSAGE][PASSED] - Actual object '-19' and expected object '-19' are equal

03-03-2025T12:25:05 - [TEST_STEP][PASSED] - closeBrowser(): null

03-03-2025T12:25:05 - [MESSAGE][PASSED] - Browser is closed

03-03-2025T12:25:05 - [TEST_STEP][PASSED] - Script1710234207206.Blocks(run, vir, block, nameOfBlock, typeOfData, viruchka, vidget, todaysDate, a, b, dZO, x, y): null

03-03-2025T12:25:05 - [TEST_STEP][PASSED] - i = <not implemented yet for class: org.codehaus.groovy.ast.expr.EmptyExpression>: null

03-03-2025T12:25:05 - [TEST_STEP][PASSED] - perc = "": null

03-03-2025T12:25:05 - [TEST_STEP][PASSED] - a1 = <not implemented yet for class: org.codehaus.groovy.ast.expr.EmptyExpression>: null

03-03-2025T12:25:05 - [TEST_STEP][PASSED] - a2 = <not implemented yet for class: org.codehaus.groovy.ast.expr.EmptyExpression>: null

03-03-2025T12:25:05 - [TEST_STEP][PASSED] - a30 = <not implemented yet for class: org.codehaus.groovy.ast.expr.EmptyExpression>: null

03-03-2025T12:25:05 - [TEST_STEP][PASSED] - a31 = <not implemented yet for class: org.codehaus.groovy.ast.expr.EmptyExpression>: null

03-03-2025T12:25:05 - [TEST_STEP][PASSED] - a32 = <not implemented yet for class: org.codehaus.groovy.ast.expr.EmptyExpression>: null

03-03-2025T12:25:05 - [TEST_STEP][PASSED] - a33 = <not implemented yet for class: org.codehaus.groovy.ast.expr.EmptyExpression>: null

03-03-2025T12:25:05 - [TEST_STEP][PASSED] - a34 = <not implemented yet for class: org.codehaus.groovy.ast.expr.EmptyExpression>: null

03-03-2025T12:25:05 - [TEST_STEP][PASSED] - a35 = <not implemented yet for class: org.codehaus.groovy.ast.expr.EmptyExpression>: null

03-03-2025T12:25:05 - [TEST_STEP][PASSED] - a36 = <not implemented yet for class: org.codehaus.groovy.ast.expr.EmptyExpression>: null

03-03-2025T12:25:05 - [TEST_STEP][PASSED] - a37 = <not implemented yet for class: org.codehaus.groovy.ast.expr.EmptyExpression>: null

03-03-2025T12:25:05 - [TEST_STEP][PASSED] - a38 = <not implemented yet for class: org.codehaus.groovy.ast.expr.EmptyExpression>: null

03-03-2025T12:25:05 - [TEST_STEP][PASSED] - a39 = <not implemented yet for class: org.codehaus.groovy.ast.expr.EmptyExpression>: null

03-03-2025T12:25:05 - [TEST_STEP][PASSED] - a310 = <not implemented yet for class: org.codehaus.groovy.ast.expr.EmptyExpression>: null

03-03-2025T12:25:05 - [TEST_STEP][PASSED] - a311 = <not implemented yet for class: org.codehaus.groovy.ast.expr.EmptyExpression>: null

03-03-2025T12:25:05 - [TEST_STEP][PASSED] - a312 = <not implemented yet for class: org.codehaus.groovy.ast.expr.EmptyExpression>: null

03-03-2025T12:25:05 - [TEST_STEP][PASSED] - a313 = <not implemented yet for class: org.codehaus.groovy.ast.expr.EmptyExpression>: null

03-03-2025T12:25:05 - [TEST_STEP][PASSED] - a314 = <not implemented yet for class: org.codehaus.groovy.ast.expr.EmptyExpression>: null

03-03-2025T12:25:05 - [TEST_STEP][PASSED] - a315 = <not implemented yet for class: org.codehaus.groovy.ast.expr.EmptyExpression>: null

03-03-2025T12:25:05 - [TEST_STEP][PASSED] - a316 = <not implemented yet for class: org.codehaus.groovy.ast.expr.EmptyExpression>: null

03-03-2025T12:25:05 - [TEST_STEP][PASSED] - a317 = <not implemented yet for class: org.codehaus.groovy.ast.expr.EmptyExpression>: null

03-03-2025T12:25:05 - [TEST_STEP][PASSED] - b1 = <not implemented yet for class: org.codehaus.groovy.ast.expr.EmptyExpression>: null

03-03-2025T12:25:05 - [TEST_STEP][PASSED] - b2 = <not implemented yet for class: org.codehaus.groovy.ast.expr.EmptyExpression>: null

03-03-2025T12:25:05 - [TEST_STEP][PASSED] - b30 = <not implemented yet for class: org.codehaus.groovy.ast.expr.EmptyExpression>: null

03-03-2025T12:25:05 - [TEST_STEP][PASSED] - b31 = <not implemented yet for class: org.codehaus.groovy.ast.expr.EmptyExpression>: null

03-03-2025T12:25:05 - [TEST_STEP][PASSED] - b32 = <not implemented yet for class: org.codehaus.groovy.ast.expr.EmptyExpression>: null

03-03-2025T12:25:05 - [TEST_STEP][PASSED] - b33 = <not implemented yet for class: org.codehaus.groovy.ast.expr.EmptyExpression>: null

03-03-2025T12:25:05 - [TEST_STEP][PASSED] - b34 = <not implemented yet for class: org.codehaus.groovy.ast.expr.EmptyExpression>: null

03-03-2025T12:25:05 - [TEST_STEP][PASSED] - b35 = <not implemented yet for class: org.codehaus.groovy.ast.expr.EmptyExpression>: null

03-03-2025T12:25:05 - [TEST_STEP][PASSED] - b36 = <not implemented yet for class: org.codehaus.groovy.ast.expr.EmptyExpression>: null

03-03-2025T12:25:05 - [TEST_STEP][PASSED] - b37 = <not implemented yet for class: org.codehaus.groovy.ast.expr.EmptyExpression>: null

03-03-2025T12:25:05 - [TEST_STEP][PASSED] - b38 = <not implemented yet for class: org.codehaus.groovy.ast.expr.EmptyExpression>: null

03-03-2025T12:25:05 - [TEST_STEP][PASSED] - b39 = <not implemented yet for class: org.codehaus.groovy.ast.expr.EmptyExpression>: null

03-03-2025T12:25:05 - [TEST_STEP][PASSED] - b310 = <not implemented yet for class: org.codehaus.groovy.ast.expr.EmptyExpression>: null

03-03-2025T12:25:05 - [TEST_STEP][PASSED] - b311 = <not implemented yet for class: org.codehaus.groovy.ast.expr.EmptyExpression>: null

03-03-2025T12:25:05 - [TEST_STEP][PASSED] - b312 = <not implemented yet for class: org.codehaus.groovy.ast.expr.EmptyExpression>: null

03-03-2025T12:25:05 - [TEST_STEP][PASSED] - b313 = <not implemented yet for class: org.codehaus.groovy.ast.expr.EmptyExpression>: null

03-03-2025T12:25:05 - [TEST_STEP][PASSED] - b314 = <not implemented yet for class: org.codehaus.groovy.ast.expr.EmptyExpression>: null

03-03-2025T12:25:05 - [TEST_STEP][PASSED] - b315 = <not implemented yet for class: org.codehaus.groovy.ast.expr.EmptyExpression>: null

03-03-2025T12:25:05 - [TEST_STEP][PASSED] - b316 = <not implemented yet for class: org.codehaus.groovy.ast.expr.EmptyExpression>: null

03-03-2025T12:25:05 - [TEST_STEP][PASSED] - b317 = <not implemented yet for class: org.codehaus.groovy.ast.expr.EmptyExpression>: null

03-03-2025T12:25:05 - [TEST_STEP][PASSED] - block = 1: null

03-03-2025T12:25:05 - [TEST_STEP][PASSED] - nameOfBlock = "": null

03-03-2025T12:25:05 - [TEST_STEP][PASSED] - Script1710234207206.PreSettings(run, vir, block, nameOfBlock, typeOfData, todaysDate): null

03-03-2025T12:25:05 - [TEST_STEP][PASSED] - openBrowser(""): Browser is opened with url: ''

03-03-2025T12:25:05 - [MESSAGE][INFO] - Starting 'Chrome' driver

03-03-2025T12:25:05 - [MESSAGE][INFO] - Action delay is set to 0 milliseconds

03-03-2025T12:25:06 - [MESSAGE][PASSED] - Browser is opened with url: ''

03-03-2025T12:25:06 - [TEST_STEP][PASSED] - refresh(): Refresh successfully

03-03-2025T12:25:06 - [MESSAGE][PASSED] - Refresh successfully

03-03-2025T12:25:06 - [TEST_STEP][PASSED] - delay(50): Delayed 50 second(s)

03-03-2025T12:25:56 - [MESSAGE][PASSED] - Delayed 50 second(s)

03-03-2025T12:25:56 - [TEST_STEP][PASSED] - println("run:" + run): null

03-03-2025T12:25:56 - [TEST_STEP][PASSED] - println("vir:" + vir): null

03-03-2025T12:25:56 - [TEST_STEP][PASSED] - println("block:" + block): null

03-03-2025T12:25:56 - [TEST_STEP][PASSED] - if (block == 1): null

03-03-2025T12:25:56 - [TEST_STEP][PASSED] - nameOfBlock = "": null

03-03-2025T12:25:56 - [TEST_STEP][PASSED] - println("nameOfBlock:" + nameOfBlock): null

03-03-2025T12:25:56 - [TEST_STEP][PASSED] - println("typeOfData:" + typeOfData): null

03-03-2025T12:25:56 - [TEST_STEP][PASSED] - println("todaysDate:" + todaysDate): null

03-03-2025T12:25:56 - [TEST_STEP][PASSED] - Script1710234207206.Autorization(block, nameOfBlock): null

03-03-2025T12:25:56 - [TEST_STEP][PASSED] - i = <not implemented yet for class: org.codehaus.groovy.ast.expr.EmptyExpression>: null

03-03-2025T12:25:56 - [TEST_STEP][PASSED] - ii = <not implemented yet for class: org.codehaus.groovy.ast.expr.EmptyExpression>: null

03-03-2025T12:25:56 - [TEST_STEP][PASSED] - urlData = <not implemented yet for class: org.codehaus.groovy.ast.expr.EmptyExpression>: null

03-03-2025T12:25:56 - [TEST_STEP][PASSED] - searchWord = <not implemented yet for class: org.codehaus.groovy.ast.expr.EmptyExpression>: null

03-03-2025T12:25:56 - [TEST_STEP][PASSED] - urlText = <not implemented yet for class: org.codehaus.groovy.ast.expr.EmptyExpression>: null

03-03-2025T12:25:56 - [TEST_STEP][PASSED] - println("block:" + block): null

03-03-2025T12:25:56 - [TEST_STEP][PASSED] - if (block == 1): null

03-03-2025T12:25:56 - [TEST_STEP][PASSED] - nameOfBlock = "": null

03-03-2025T12:25:56 - [TEST_STEP][PASSED] - println("nameOfBlock:" + nameOfBlock): null

03-03-2025T12:25:56 - [TEST_STEP][PASSED] - if (block == 1): Delayed 45 second(s)

03-03-2025T12:25:56 - [TEST_STEP][PASSED] - urlData = 2: null

03-03-2025T12:25:56 - [TEST_STEP][PASSED] - delay(45): Delayed 45 second(s)

03-03-2025T12:26:41 - [MESSAGE][PASSED] - Delayed 45 second(s)

03-03-2025T12:26:41 - [TEST_STEP][PASSED] - navigateToUrl(findTestData("PlanFact").getValue(10, urlData)): Navigate to 'https://bi.rosseti.digital/viewer?dashboardGuid=2301950b23be4ed89c1df75f2020051e&sheetGuid=b723206f698544fb87299f3095c00435&fit=true' successfully

03-03-2025T12:26:54 - [MESSAGE][PASSED] - Navigate to 'https://bi.rosseti.digital/viewer?dashboardGuid=2301950b23be4ed89c1df75f2020051e&sheetGuid=b723206f698544fb87299f3095c00435&fit=true' successfully

03-03-2025T12:26:54 - [TEST_STEP][PASSED] - urlText = getText(findTestObject("Страница авторизации/Text")): Text of object 'Object Repository/Страница авторизации/Text' is: 'Вход'

03-03-2025T12:26:58 - [MESSAGE][PASSED] - Text of object 'Object Repository/Страница авторизации/Text' is: 'Вход'

03-03-2025T12:26:58 - [TEST_STEP][PASSED] - searchWord = "Вход": null

03-03-2025T12:26:58 - [TEST_STEP][PASSED] - if (urlText == null || urlText.contains("ошибка") || urlText.contains(searchWord) == false): null

03-03-2025T12:26:58 - [TEST_STEP][PASSED] - if (verifyElementPresent(findTestObject("Страница авторизации/button_"), 30) == true): null

03-03-2025T12:26:58 - [MESSAGE][PASSED] - Object 'Object Repository/Страница авторизации/button_' is present

03-03-2025T12:26:58 - [TEST_STEP][PASSED] - setText(findTestObject("Страница авторизации/input__username"), findTestData("PlanFact").getValue(8, 1)): Text 'liazgina-di' is set on object 'Object Repository/Страница авторизации/input__username'

03-03-2025T12:26:59 - [MESSAGE][PASSED] - Text 'liazgina-di' is set on object 'Object Repository/Страница авторизации/input__username'

03-03-2025T12:26:59 - [TEST_STEP][PASSED] - setText(findTestObject("Страница авторизации/input__password"), findTestData("PlanFact").getValue(9, 1)): Text ')$%5srZ8o688Dm#q' is set on object 'Object Repository/Страница авторизации/input__password'

03-03-2025T12:26:59 - [MESSAGE][PASSED] - Text ')$%5srZ8o688Dm#q' is set on object 'Object Repository/Страница авторизации/input__password'

03-03-2025T12:26:59 - [TEST_STEP][PASSED] - click(findTestObject("Страница авторизации/button_")): Object: 'Object Repository/Страница авторизации/button_' is clicked on

03-03-2025T12:27:01 - [MESSAGE][PASSED] - Object: 'Object Repository/Страница авторизации/button_' is clicked on

03-03-2025T12:27:01 - [TEST_STEP][PASSED] - delay(45): Delayed 45 second(s)

03-03-2025T12:27:46 - [MESSAGE][PASSED] - Delayed 45 second(s)

03-03-2025T12:27:46 - [TEST_STEP][PASSED] - urlText = getText(findTestObject("Страница авторизации/Text")): Text of object 'Object Repository/Страница авторизации/Text' is: 'Период
Январь 2025 года
Выручка
Все
Выполнение плановых показателей по ПАО Россети за Январь 2025 года
План
Факт
Динамика
2025 год
0 млн.руб.
20 000 млн.руб.
40 000 млн.руб.
60 000 млн.руб.
80 000 млн.руб.
100 000 млн.руб.
120 000 млн.руб.
140 000 млн.руб.
160 000 млн.руб.
180 000 млн.руб.
200 000 млн.руб.
121 309
157 865
↑
ДЗО 
ПАО Россети
Внутренний оборот - выручка за услуги по передаче электрической энергии, учтенная в выручке за электроэнергию для конечных потребителей, при выполнении ДЗО функций гарантирующего поставщика
Подписи данных
⬤Отклонение
АО "РЭС"
АО «Тываэнерго»
АО «Чеченэнерго»
Россети Волга
Россети Кубань
Россети Ленэнерго (ГК)
Россети Московский регион
Россети Северный Кавказ (ГК)
Россети Северо-Запад
Россети Сибирь (ГК)
Россети Томск
Россети Тюмень
Россети Урал (ГК)
Россети ФСК ЕЭС
Россети Центр
Россети Центр и Приволжье (ГК)
Россети Юг (ГК)
Россети Янтарь
-2 000 млн.руб.
0 млн.руб.
2 000 млн.руб.
4 000 млн.руб.
6 000 млн.руб.
8 000 млн.руб.
10 000 млн.руб.
12 000 млн.руб.
14 000 млн.руб.
-73
274
463
1 630
-54
-403
8 709
3 799
-251
11 296
-58
-1 104
-474
-59
-675
13 055
500
-19
млн.
%
Выручка
Отклонение выручки по ПАО Россети за Январь 2025 года (факт/план, млн. руб)
ПАО Россети
36 556 млн.руб.
 '

03-03-2025T12:27:47 - [MESSAGE][PASSED] - Text of object 'Object Repository/Страница авторизации/Text' is: 'Период
Январь 2025 года
Выручка
Все
Выполнение плановых показателей по ПАО Россети за Январь 2025 года
План
Факт
Динамика
2025 год
0 млн.руб.
20 000 млн.руб.
40 000 млн.руб.
60 000 млн.руб.
80 000 млн.руб.
100 000 млн.руб.
120 000 млн.руб.
140 000 млн.руб.
160 000 млн.руб.
180 000 млн.руб.
200 000 млн.руб.
121 309
157 865
↑
ДЗО 
ПАО Россети
Внутренний оборот - выручка за услуги по передаче электрической энергии, учтенная в выручке за электроэнергию для конечных потребителей, при выполнении ДЗО функций гарантирующего поставщика
Подписи данных
⬤Отклонение
АО "РЭС"
АО «Тываэнерго»
АО «Чеченэнерго»
Россети Волга
Россети Кубань
Россети Ленэнерго (ГК)
Россети Московский регион
Россети Северный Кавказ (ГК)
Россети Северо-Запад
Россети Сибирь (ГК)
Россети Томск
Россети Тюмень
Россети Урал (ГК)
Россети ФСК ЕЭС
Россети Центр
Россети Центр и Приволжье (ГК)
Россети Юг (ГК)
Россети Янтарь
-2 000 млн.руб.
0 млн.руб.
2 000 млн.руб.
4 000 млн.руб.
6 000 млн.руб.
8 000 млн.руб.
10 000 млн.руб.
12 000 млн.руб.
14 000 млн.руб.
-73
274
463
1 630
-54
-403
8 709
3 799
-251
11 296
-58
-1 104
-474
-59
-675
13 055
500
-19
млн.
%
Выручка
Отклонение выручки по ПАО Россети за Январь 2025 года (факт/план, млн. руб)
ПАО Россети
36 556 млн.руб.
 '

03-03-2025T12:27:47 - [TEST_STEP][PASSED] - searchWord = "а": null

03-03-2025T12:27:47 - [TEST_STEP][PASSED] - if (urlText.contains("ошибка") || urlText.contains(searchWord) == false): null

03-03-2025T12:27:47 - [TEST_STEP][PASSED] - delay(45): Delayed 45 second(s)

03-03-2025T12:28:32 - [MESSAGE][PASSED] - Delayed 45 second(s)

03-03-2025T12:28:32 - [TEST_STEP][PASSED] - if (block == 2): null

03-03-2025T12:28:32 - [TEST_STEP][PASSED] - click(findTestObject("Выручка в рублях/Фильтр Период" + nameOfBlock)): Object: 'Object Repository/Выручка в рублях/Фильтр Период' is clicked on

03-03-2025T12:28:33 - [MESSAGE][PASSED] - Object: 'Object Repository/Выручка в рублях/Фильтр Период' is clicked on

03-03-2025T12:28:33 - [TEST_STEP][PASSED] - click(findTestObject("Выручка в рублях/Снять выделение в фильтре Дата" + nameOfBlock)): Object: 'Object Repository/Выручка в рублях/Снять выделение в фильтре Дата' is clicked on

03-03-2025T12:28:33 - [MESSAGE][PASSED] - Object: 'Object Repository/Выручка в рублях/Снять выделение в фильтре Дата' is clicked on

03-03-2025T12:28:33 - [TEST_STEP][PASSED] - click(findTestObject("Выручка в рублях/Применить в фильтре Дата" + nameOfBlock)): Object: 'Object Repository/Выручка в рублях/Применить в фильтре Дата' is clicked on

03-03-2025T12:28:34 - [MESSAGE][PASSED] - Object: 'Object Repository/Выручка в рублях/Применить в фильтре Дата' is clicked on

03-03-2025T12:28:34 - [TEST_STEP][PASSED] - delay(50): Delayed 50 second(s)

03-03-2025T12:29:24 - [MESSAGE][PASSED] - Delayed 50 second(s)

03-03-2025T12:29:24 - [TEST_STEP][PASSED] - click(findTestObject("Выручка в рублях/Фильтр Период" + nameOfBlock)): Object: 'Object Repository/Выручка в рублях/Фильтр Период' is clicked on

03-03-2025T12:29:24 - [MESSAGE][PASSED] - Object: 'Object Repository/Выручка в рублях/Фильтр Период' is clicked on

03-03-2025T12:29:24 - [TEST_STEP][PASSED] - click(findTestObject("Выручка в рублях/Снять выделение в фильтре Дата" + nameOfBlock)): Object: 'Object Repository/Выручка в рублях/Снять выделение в фильтре Дата' is clicked on

03-03-2025T12:29:25 - [MESSAGE][PASSED] - Object: 'Object Repository/Выручка в рублях/Снять выделение в фильтре Дата' is clicked on

03-03-2025T12:29:25 - [TEST_STEP][PASSED] - scrollToElement(findTestObject("Выручка в рублях/2025 список" + nameOfBlock), 30): Scroll to object 'Object Repository/Выручка в рублях/2025 список' successfully

03-03-2025T12:29:25 - [MESSAGE][PASSED] - Scroll to object 'Object Repository/Выручка в рублях/2025 список' successfully

03-03-2025T12:29:25 - [TEST_STEP][PASSED] - click(findTestObject("Выручка в рублях/2025 список" + nameOfBlock)): Object: 'Object Repository/Выручка в рублях/2025 список' is clicked on

03-03-2025T12:29:26 - [MESSAGE][PASSED] - Object: 'Object Repository/Выручка в рублях/2025 список' is clicked on

03-03-2025T12:29:26 - [TEST_STEP][PASSED] - scrollToElement(findTestObject("Выручка в рублях/1 квартал 2025 список Выручка"), 30): Scroll to object 'Object Repository/Выручка в рублях/1 квартал 2025 список Выручка' successfully

03-03-2025T12:29:26 - [MESSAGE][PASSED] - Scroll to object 'Object Repository/Выручка в рублях/1 квартал 2025 список Выручка' successfully

03-03-2025T12:29:26 - [TEST_STEP][PASSED] - click(findTestObject("Выручка в рублях/1 квартал 2025 список" + nameOfBlock)): Object: 'Object Repository/Выручка в рублях/1 квартал 2025 список' is clicked on

03-03-2025T12:29:26 - [MESSAGE][PASSED] - Object: 'Object Repository/Выручка в рублях/1 квартал 2025 список' is clicked on

03-03-2025T12:29:26 - [TEST_STEP][PASSED] - scrollToElement(findTestObject("Выручка в рублях/Январь 2025" + nameOfBlock), 30): Scroll to object 'Object Repository/Выручка в рублях/Январь 2025' successfully

03-03-2025T12:29:27 - [MESSAGE][PASSED] - Scroll to object 'Object Repository/Выручка в рублях/Январь 2025' successfully

03-03-2025T12:29:27 - [TEST_STEP][PASSED] - click(findTestObject("Выручка в рублях/Январь 2025" + nameOfBlock)): Object: 'Object Repository/Выручка в рублях/Январь 2025' is clicked on

03-03-2025T12:29:27 - [MESSAGE][PASSED] - Object: 'Object Repository/Выручка в рублях/Январь 2025' is clicked on

03-03-2025T12:29:27 - [TEST_STEP][PASSED] - scrollToElement(findTestObject("Выручка в рублях/Заголовок дашборда" + nameOfBlock), 30): Scroll to object 'Object Repository/Выручка в рублях/Заголовок дашборда' successfully

03-03-2025T12:29:28 - [MESSAGE][PASSED] - Scroll to object 'Object Repository/Выручка в рублях/Заголовок дашборда' successfully

03-03-2025T12:29:28 - [TEST_STEP][PASSED] - click(findTestObject("Выручка в рублях/Применить в фильтре Дата" + nameOfBlock)): Object: 'Object Repository/Выручка в рублях/Применить в фильтре Дата' is clicked on

03-03-2025T12:29:28 - [MESSAGE][PASSED] - Object: 'Object Repository/Выручка в рублях/Применить в фильтре Дата' is clicked on

03-03-2025T12:29:28 - [TEST_STEP][PASSED] - delay(55): Delayed 55 second(s)

03-03-2025T12:30:23 - [MESSAGE][PASSED] - Delayed 55 second(s)

03-03-2025T12:30:23 - [TEST_STEP][PASSED] - click(findTestObject("Выручка в рублях/Фильтр ДЗО" + nameOfBlock)): Object: 'Object Repository/Выручка в рублях/Фильтр ДЗО' is clicked on

03-03-2025T12:30:24 - [MESSAGE][PASSED] - Object: 'Object Repository/Выручка в рублях/Фильтр ДЗО' is clicked on

03-03-2025T12:30:24 - [TEST_STEP][PASSED] - click(findTestObject("Выручка в рублях/Снять выделение в фильтре ДЗО" + nameOfBlock)): Object: 'Object Repository/Выручка в рублях/Снять выделение в фильтре ДЗО' is clicked on

03-03-2025T12:30:24 - [MESSAGE][PASSED] - Object: 'Object Repository/Выручка в рублях/Снять выделение в фильтре ДЗО' is clicked on

03-03-2025T12:30:24 - [TEST_STEP][PASSED] - click(findTestObject("Выручка в рублях/Применить в фильтре ДЗО" + nameOfBlock)): Object: 'Object Repository/Выручка в рублях/Применить в фильтре ДЗО' is clicked on

03-03-2025T12:30:25 - [MESSAGE][PASSED] - Object: 'Object Repository/Выручка в рублях/Применить в фильтре ДЗО' is clicked on

03-03-2025T12:30:25 - [TEST_STEP][PASSED] - delay(50): Delayed 50 second(s)

03-03-2025T12:31:15 - [MESSAGE][PASSED] - Delayed 50 second(s)

03-03-2025T12:31:15 - [TEST_STEP][PASSED] - Script1710234207206.Tumbler(run, vir, block, nameOfBlock): null

03-03-2025T12:31:15 - [TEST_STEP][PASSED] - println("run:" + run): null

03-03-2025T12:31:15 - [TEST_STEP][PASSED] - println("vir:" + vir): null

03-03-2025T12:31:15 - [TEST_STEP][PASSED] - println("block:" + block): null

03-03-2025T12:31:15 - [TEST_STEP][PASSED] - println("nameOfBlock:" + nameOfBlock): null

03-03-2025T12:31:15 - [TEST_STEP][PASSED] - if (vir == 1): null

03-03-2025T12:31:15 - [TEST_STEP][PASSED] - else if (vir == 2): null

03-03-2025T12:31:15 - [TEST_STEP][PASSED] - else if (vir == 3): Object: 'Object Repository/Выручка в рублях/Применить в фильтре Выручка' is clicked on

03-03-2025T12:31:15 - [TEST_STEP][PASSED] - if (run == 2): null

03-03-2025T12:31:15 - [TEST_STEP][PASSED] - click(findTestObject("Выручка в рублях/Фильтр Выручка" + nameOfBlock)): Object: 'Object Repository/Выручка в рублях/Фильтр Выручка' is clicked on

03-03-2025T12:31:15 - [MESSAGE][PASSED] - Object: 'Object Repository/Выручка в рублях/Фильтр Выручка' is clicked on

03-03-2025T12:31:15 - [TEST_STEP][PASSED] - click(findTestObject("Выручка в рублях/Внутренний оборот в фильтре Выручка" + nameOfBlock)): Object: 'Object Repository/Выручка в рублях/Внутренний оборот в фильтре Выручка' is clicked on

03-03-2025T12:31:16 - [MESSAGE][PASSED] - Object: 'Object Repository/Выручка в рублях/Внутренний оборот в фильтре Выручка' is clicked on

03-03-2025T12:31:16 - [TEST_STEP][PASSED] - click(findTestObject("Выручка в рублях/Применить в фильтре Выручка" + nameOfBlock)): Object: 'Object Repository/Выручка в рублях/Применить в фильтре Выручка' is clicked on

03-03-2025T12:31:16 - [MESSAGE][PASSED] - Object: 'Object Repository/Выручка в рублях/Применить в фильтре Выручка' is clicked on

03-03-2025T12:31:16 - [TEST_STEP][PASSED] - click(findTestObject("Выручка в рублях/Фильтр ДЗО" + nameOfBlock)): Object: 'Object Repository/Выручка в рублях/Фильтр ДЗО' is clicked on

03-03-2025T12:31:19 - [MESSAGE][PASSED] - Object: 'Object Repository/Выручка в рублях/Фильтр ДЗО' is clicked on

03-03-2025T12:31:19 - [TEST_STEP][PASSED] - Script1710234207206.Rosseti(nameOfBlock): null

03-03-2025T12:31:19 - [TEST_STEP][PASSED] - println("nameOfBlock:" + nameOfBlock): null

03-03-2025T12:31:19 - [TEST_STEP][PASSED] - click(findTestObject("Выручка в рублях/ПАО Россети" + nameOfBlock)): Object: 'Object Repository/Выручка в рублях/ПАО Россети' is clicked on

03-03-2025T12:31:19 - [MESSAGE][PASSED] - Object: 'Object Repository/Выручка в рублях/ПАО Россети' is clicked on

03-03-2025T12:31:19 - [TEST_STEP][PASSED] - click(findTestObject("Выручка в рублях/Применить в фильтре ДЗО" + nameOfBlock)): Object: 'Object Repository/Выручка в рублях/Применить в фильтре ДЗО' is clicked on

03-03-2025T12:31:20 - [MESSAGE][PASSED] - Object: 'Object Repository/Выручка в рублях/Применить в фильтре ДЗО' is clicked on

03-03-2025T12:31:20 - [TEST_STEP][PASSED] - if (run == 2): null

03-03-2025T12:31:20 - [TEST_STEP][PASSED] - if (vir == 1 || vir == 2): null

03-03-2025T12:31:20 - [TEST_STEP][PASSED] - else: Text of object 'Object Repository/Выручка в рублях/vir3Plan' is: '54'

03-03-2025T12:31:20 - [TEST_STEP][PASSED] - a1 = getText(findTestObject("Выручка в рублях/vir3Plan")): Text of object 'Object Repository/Выручка в рублях/vir3Plan' is: '54'

03-03-2025T12:31:22 - [MESSAGE][PASSED] - Text of object 'Object Repository/Выручка в рублях/vir3Plan' is: '54'

03-03-2025T12:31:22 - [TEST_STEP][PASSED] - if (vir == 1 || vir == 2): null

03-03-2025T12:31:22 - [TEST_STEP][PASSED] - else: Text of object 'Object Repository/Выручка в рублях/vir3Fact' is: '2 402'

03-03-2025T12:31:22 - [TEST_STEP][PASSED] - a2 = getText(findTestObject("Выручка в рублях/vir3Fact")): Text of object 'Object Repository/Выручка в рублях/vir3Fact' is: '2 402'

03-03-2025T12:31:22 - [MESSAGE][PASSED] - Text of object 'Object Repository/Выручка в рублях/vir3Fact' is: '2 402'

03-03-2025T12:31:22 - [TEST_STEP][PASSED] - a30 = getText(findTestObject("Выручка в рублях/span1" + perc)): Text of object 'Object Repository/Выручка в рублях/span1' is: '2 348.5 млн.руб.'

03-03-2025T12:31:22 - [MESSAGE][PASSED] - Text of object 'Object Repository/Выручка в рублях/span1' is: '2 348.5 млн.руб.'

03-03-2025T12:31:22 - [TEST_STEP][PASSED] - i = a30.indexOf("млн.руб."): null

03-03-2025T12:31:22 - [TEST_STEP][PASSED] - if (i > -1): null

03-03-2025T12:31:22 - [TEST_STEP][PASSED] - a30 = a30.substring(0, i): null

03-03-2025T12:31:22 - [TEST_STEP][PASSED] - a30 = a30.replaceAll(" ", ""): null

03-03-2025T12:31:22 - [TEST_STEP][PASSED] - if (a30.contains("%")): null

03-03-2025T12:31:22 - [TEST_STEP][PASSED] - a30 = ").trim(): null

03-03-2025T12:31:22 - [TEST_STEP][PASSED] - println("a30: " + a30): null

03-03-2025T12:31:22 - [TEST_STEP][PASSED] - if (vir == 1 || vir == 2): null

03-03-2025T12:31:22 - [TEST_STEP][PASSED] - else: Text of object 'Object Repository/Выручка в рублях/span15' is: '159'

03-03-2025T12:31:22 - [TEST_STEP][PASSED] - a31 = ").trim(): Text of object 'Object Repository/Выручка в рублях/span15' is: '159'

03-03-2025T12:31:23 - [MESSAGE][PASSED] - Text of object 'Object Repository/Выручка в рублях/span15' is: '159'

03-03-2025T12:31:23 - [TEST_STEP][PASSED] - if (vir == 1 || vir == 2): null

03-03-2025T12:31:23 - [TEST_STEP][PASSED] - else: Text of object 'Object Repository/Выручка в рублях/span16' is: '463'

03-03-2025T12:31:23 - [TEST_STEP][PASSED] - a32 = ").trim(): Text of object 'Object Repository/Выручка в рублях/span16' is: '463'

03-03-2025T12:31:23 - [MESSAGE][PASSED] - Text of object 'Object Repository/Выручка в рублях/span16' is: '463'

03-03-2025T12:31:23 - [TEST_STEP][PASSED] - if (vir == 1 || vir == 2): null

03-03-2025T12:31:23 - [TEST_STEP][PASSED] - else: Text of object 'Object Repository/Выручка в рублях/span17' is: '1 727'

03-03-2025T12:31:23 - [TEST_STEP][PASSED] - a37 = ").trim(): Text of object 'Object Repository/Выручка в рублях/span17' is: '1 727'

03-03-2025T12:31:23 - [MESSAGE][PASSED] - Text of object 'Object Repository/Выручка в рублях/span17' is: '1 727'

03-03-2025T12:31:23 - [TEST_STEP][PASSED] - if (vir == 1 || vir == 2): null

03-03-2025T12:31:23 - [TEST_STEP][PASSED] - else: Text of object 'Object Repository/Выручка в рублях/span18' is: '0'

03-03-2025T12:31:23 - [TEST_STEP][PASSED] - a316 = ").trim(): Text of object 'Object Repository/Выручка в рублях/span18' is: '0'

03-03-2025T12:31:23 - [MESSAGE][PASSED] - Text of object 'Object Repository/Выручка в рублях/span18' is: '0'

03-03-2025T12:31:23 - [TEST_STEP][PASSED] - if (vir == 1 || vir == 2): null

03-03-2025T12:31:23 - [TEST_STEP][PASSED] - block = 2: null

03-03-2025T12:31:23 - [TEST_STEP][PASSED] - nameOfBlock = " Выручка": null

03-03-2025T12:31:23 - [TEST_STEP][PASSED] - Script1710234207206.PreSettings(run, vir, block, nameOfBlock, typeOfData, todaysDate): null

03-03-2025T12:31:23 - [TEST_STEP][PASSED] - openBrowser(""): Browser is opened with url: ''

03-03-2025T12:31:23 - [MESSAGE][WARNING] - A browser is already opened. Closing browser and opening a new one

03-03-2025T12:31:24 - [MESSAGE][INFO] - Starting 'Chrome' driver

03-03-2025T12:31:24 - [MESSAGE][INFO] - Action delay is set to 0 milliseconds

03-03-2025T12:31:25 - [MESSAGE][PASSED] - Browser is opened with url: ''

03-03-2025T12:31:25 - [TEST_STEP][PASSED] - refresh(): Refresh successfully

03-03-2025T12:31:25 - [MESSAGE][PASSED] - Refresh successfully

03-03-2025T12:31:25 - [TEST_STEP][PASSED] - delay(50): Delayed 50 second(s)

03-03-2025T12:32:15 - [MESSAGE][PASSED] - Delayed 50 second(s)

03-03-2025T12:32:15 - [TEST_STEP][PASSED] - println("run:" + run): null

03-03-2025T12:32:15 - [TEST_STEP][PASSED] - println("vir:" + vir): null

03-03-2025T12:32:15 - [TEST_STEP][PASSED] - println("block:" + block): null

03-03-2025T12:32:15 - [TEST_STEP][PASSED] - if (block == 1): null

03-03-2025T12:32:15 - [TEST_STEP][PASSED] - else: null

03-03-2025T12:32:15 - [TEST_STEP][PASSED] - nameOfBlock = " Выручка": null

03-03-2025T12:32:15 - [TEST_STEP][PASSED] - println("nameOfBlock:" + nameOfBlock): null

03-03-2025T12:32:15 - [TEST_STEP][PASSED] - println("typeOfData:" + typeOfData): null

03-03-2025T12:32:15 - [TEST_STEP][PASSED] - println("todaysDate:" + todaysDate): null

03-03-2025T12:32:15 - [TEST_STEP][PASSED] - Script1710234207206.Autorization(block, nameOfBlock): null

03-03-2025T12:32:15 - [TEST_STEP][PASSED] - i = <not implemented yet for class: org.codehaus.groovy.ast.expr.EmptyExpression>: null

03-03-2025T12:32:15 - [TEST_STEP][PASSED] - ii = <not implemented yet for class: org.codehaus.groovy.ast.expr.EmptyExpression>: null

03-03-2025T12:32:15 - [TEST_STEP][PASSED] - urlData = <not implemented yet for class: org.codehaus.groovy.ast.expr.EmptyExpression>: null

03-03-2025T12:32:15 - [TEST_STEP][PASSED] - searchWord = <not implemented yet for class: org.codehaus.groovy.ast.expr.EmptyExpression>: null

03-03-2025T12:32:15 - [TEST_STEP][PASSED] - urlText = <not implemented yet for class: org.codehaus.groovy.ast.expr.EmptyExpression>: null

03-03-2025T12:32:15 - [TEST_STEP][PASSED] - println("block:" + block): null

03-03-2025T12:32:15 - [TEST_STEP][PASSED] - if (block == 1): null

03-03-2025T12:32:15 - [TEST_STEP][PASSED] - else: null

03-03-2025T12:32:15 - [TEST_STEP][PASSED] - delay(45): Delayed 45 second(s)

03-03-2025T12:33:00 - [MESSAGE][PASSED] - Delayed 45 second(s)

03-03-2025T12:33:00 - [TEST_STEP][PASSED] - nameOfBlock = " Выручка": null

03-03-2025T12:33:00 - [TEST_STEP][PASSED] - println("nameOfBlock:" + nameOfBlock): null

03-03-2025T12:33:00 - [TEST_STEP][PASSED] - if (block == 1): null

03-03-2025T12:33:00 - [TEST_STEP][PASSED] - else: Delayed 45 second(s)

03-03-2025T12:33:00 - [TEST_STEP][PASSED] - urlData = 9: null

03-03-2025T12:33:00 - [TEST_STEP][PASSED] - delay(45): Delayed 45 second(s)

03-03-2025T12:33:45 - [MESSAGE][PASSED] - Delayed 45 second(s)

03-03-2025T12:33:45 - [TEST_STEP][PASSED] - navigateToUrl(findTestData("PlanFact").getValue(10, urlData)): Navigate to 'https://bi.rosseti.digital/viewer?dashboardGuid=a1fd28b3785d443cbc4d7690a1d78e31&sheetGuid=86092a20c5984827a0c87b24cac76a50&fit=true' successfully

03-03-2025T12:33:57 - [MESSAGE][PASSED] - Navigate to 'https://bi.rosseti.digital/viewer?dashboardGuid=a1fd28b3785d443cbc4d7690a1d78e31&sheetGuid=86092a20c5984827a0c87b24cac76a50&fit=true' successfully

03-03-2025T12:33:57 - [TEST_STEP][PASSED] - urlText = getText(findTestObject("Страница авторизации/Text")): Text of object 'Object Repository/Страница авторизации/Text' is: 'Вход'

03-03-2025T12:33:57 - [MESSAGE][PASSED] - Text of object 'Object Repository/Страница авторизации/Text' is: 'Вход'

03-03-2025T12:33:57 - [TEST_STEP][PASSED] - searchWord = "Вход": null

03-03-2025T12:33:57 - [TEST_STEP][PASSED] - if (urlText == null || urlText.contains("ошибка") || urlText.contains(searchWord) == false): null

03-03-2025T12:33:57 - [TEST_STEP][PASSED] - if (verifyElementPresent(findTestObject("Страница авторизации/button_"), 30) == true): null

03-03-2025T12:33:57 - [MESSAGE][PASSED] - Object 'Object Repository/Страница авторизации/button_' is present

03-03-2025T12:33:57 - [TEST_STEP][PASSED] - setText(findTestObject("Страница авторизации/input__username"), findTestData("PlanFact").getValue(8, 1)): Text 'liazgina-di' is set on object 'Object Repository/Страница авторизации/input__username'

03-03-2025T12:33:58 - [MESSAGE][PASSED] - Text 'liazgina-di' is set on object 'Object Repository/Страница авторизации/input__username'

03-03-2025T12:33:58 - [TEST_STEP][PASSED] - setText(findTestObject("Страница авторизации/input__password"), findTestData("PlanFact").getValue(9, 1)): Text ')$%5srZ8o688Dm#q' is set on object 'Object Repository/Страница авторизации/input__password'

03-03-2025T12:33:59 - [MESSAGE][PASSED] - Text ')$%5srZ8o688Dm#q' is set on object 'Object Repository/Страница авторизации/input__password'

03-03-2025T12:33:59 - [TEST_STEP][PASSED] - click(findTestObject("Страница авторизации/button_")): Object: 'Object Repository/Страница авторизации/button_' is clicked on

03-03-2025T12:33:59 - [MESSAGE][PASSED] - Object: 'Object Repository/Страница авторизации/button_' is clicked on

03-03-2025T12:33:59 - [TEST_STEP][PASSED] - delay(45): Delayed 45 second(s)

03-03-2025T12:34:44 - [MESSAGE][PASSED] - Delayed 45 second(s)

03-03-2025T12:34:44 - [TEST_STEP][PASSED] - urlText = getText(findTestObject("Страница авторизации/Text")): Text of object 'Object Repository/Страница авторизации/Text' is: 'Период
Январь 2025 года
Выручка
Все
Выполнение плановых показателей, млн.руб.
План
Факт
Динамика
2025 год
0 млн.руб.
20 000 млн.руб.
40 000 млн.руб.
60 000 млн.руб.
80 000 млн.руб.
100 000 млн.руб.
120 000 млн.руб.
140 000 млн.руб.
160 000 млн.руб.
180 000 млн.руб.
200 000 млн.руб.
121 309
157 865
↑
ДЗО 
Все
Подписи данных
⬤Отклонение
АО "РЭС"
АО «Тываэнерго»
АО «Чеченэнерго»
Россети Волга
Россети Кубань
Россети Ленэнерго (ГК)
Россети Московский регион
Россети Северный Кавказ (ГК)
Россети Северо-Запад
Россети Сибирь (ГК)
Россети Томск
Россети Тюмень
Россети Урал (ГК)
Россети ФСК ЕЭС
Россети Центр
Россети Центр и Приволжье (ГК)
Россети Юг (ГК)
Россети Янтарь
-2 000млн.руб.
0 млн.руб.
2 000млн.руб.
4 000млн.руб.
6 000млн.руб.
8 000млн.руб.
10 000млн.руб.
12 000млн.руб.
14 0…
-73
23
-83
-295
-54
-403
-927
-606
-251
348
-58
-1 104
-474
-59
-675
13 055
-191
-19
млн.
%
Выручка
Отклонение выручки по ПАО Россети за Январь 2025 года (факт/план, млн. руб)
ПАО Россети
8 156 млн.руб.
Статус данных
×
Просьба обратить внимание
Данные занесены не полностью
ВЫБРАННЫЕ ЗНАЧЕНИЯ ФИЛЬТРОВ
ДЗО | ПЕРИОД
ПАО Россети: [«Выбраны все филиалы по всем ДЗО по всем категориям»]
2025: [Янв]
*Внутренний оборот'

03-03-2025T12:34:45 - [MESSAGE][PASSED] - Text of object 'Object Repository/Страница авторизации/Text' is: 'Период
Январь 2025 года
Выручка
Все
Выполнение плановых показателей, млн.руб.
План
Факт
Динамика
2025 год
0 млн.руб.
20 000 млн.руб.
40 000 млн.руб.
60 000 млн.руб.
80 000 млн.руб.
100 000 млн.руб.
120 000 млн.руб.
140 000 млн.руб.
160 000 млн.руб.
180 000 млн.руб.
200 000 млн.руб.
121 309
157 865
↑
ДЗО 
Все
Подписи данных
⬤Отклонение
АО "РЭС"
АО «Тываэнерго»
АО «Чеченэнерго»
Россети Волга
Россети Кубань
Россети Ленэнерго (ГК)
Россети Московский регион
Россети Северный Кавказ (ГК)
Россети Северо-Запад
Россети Сибирь (ГК)
Россети Томск
Россети Тюмень
Россети Урал (ГК)
Россети ФСК ЕЭС
Россети Центр
Россети Центр и Приволжье (ГК)
Россети Юг (ГК)
Россети Янтарь
-2 000млн.руб.
0 млн.руб.
2 000млн.руб.
4 000млн.руб.
6 000млн.руб.
8 000млн.руб.
10 000млн.руб.
12 000млн.руб.
14 0…
-73
23
-83
-295
-54
-403
-927
-606
-251
348
-58
-1 104
-474
-59
-675
13 055
-191
-19
млн.
%
Выручка
Отклонение выручки по ПАО Россети за Январь 2025 года (факт/план, млн. руб)
ПАО Россети
8 156 млн.руб.
Статус данных
×
Просьба обратить внимание
Данные занесены не полностью
ВЫБРАННЫЕ ЗНАЧЕНИЯ ФИЛЬТРОВ
ДЗО | ПЕРИОД
ПАО Россети: [«Выбраны все филиалы по всем ДЗО по всем категориям»]
2025: [Янв]
*Внутренний оборот'

03-03-2025T12:34:45 - [TEST_STEP][PASSED] - searchWord = "а": null

03-03-2025T12:34:45 - [TEST_STEP][PASSED] - if (urlText.contains("ошибка") || urlText.contains(searchWord) == false): null

03-03-2025T12:34:45 - [TEST_STEP][PASSED] - delay(45): Delayed 45 second(s)

03-03-2025T12:35:30 - [MESSAGE][PASSED] - Delayed 45 second(s)

03-03-2025T12:35:30 - [TEST_STEP][PASSED] - if (block == 2): Delayed 50 second(s)

03-03-2025T12:35:30 - [TEST_STEP][PASSED] - opoveshenie = getText(findTestObject("Выручка в рублях/Просьба обратить внимание")): Text of object 'Object Repository/Выручка в рублях/Просьба обратить внимание' is: 'Просьба обратить внимание'

03-03-2025T12:35:30 - [MESSAGE][PASSED] - Text of object 'Object Repository/Выручка в рублях/Просьба обратить внимание' is: 'Просьба обратить внимание'

03-03-2025T12:35:30 - [TEST_STEP][PASSED] - if (opoveshenie == "Просьба обратить внимание"): Delayed 50 second(s)

03-03-2025T12:35:30 - [TEST_STEP][PASSED] - click(findTestObject("Выручка в рублях/Закрыть оповещение")): Object: 'Object Repository/Выручка в рублях/Закрыть оповещение' is clicked on

03-03-2025T12:35:31 - [MESSAGE][PASSED] - Object: 'Object Repository/Выручка в рублях/Закрыть оповещение' is clicked on

03-03-2025T12:35:31 - [TEST_STEP][PASSED] - delay(50): Delayed 50 second(s)

03-03-2025T12:36:21 - [MESSAGE][PASSED] - Delayed 50 second(s)

03-03-2025T12:36:21 - [TEST_STEP][PASSED] - click(findTestObject("Выручка в рублях/Фильтр Период" + nameOfBlock)): Object: 'Object Repository/Выручка в рублях/Фильтр Период Выручка' is clicked on

03-03-2025T12:36:21 - [MESSAGE][PASSED] - Object: 'Object Repository/Выручка в рублях/Фильтр Период Выручка' is clicked on

03-03-2025T12:36:21 - [TEST_STEP][PASSED] - click(findTestObject("Выручка в рублях/Снять выделение в фильтре Дата" + nameOfBlock)): Object: 'Object Repository/Выручка в рублях/Снять выделение в фильтре Дата Выручка' is clicked on

03-03-2025T12:36:22 - [MESSAGE][PASSED] - Object: 'Object Repository/Выручка в рублях/Снять выделение в фильтре Дата Выручка' is clicked on

03-03-2025T12:36:22 - [TEST_STEP][PASSED] - click(findTestObject("Выручка в рублях/Применить в фильтре Дата" + nameOfBlock)): Object: 'Object Repository/Выручка в рублях/Применить в фильтре Дата Выручка' is clicked on

03-03-2025T12:36:22 - [MESSAGE][PASSED] - Object: 'Object Repository/Выручка в рублях/Применить в фильтре Дата Выручка' is clicked on

03-03-2025T12:36:22 - [TEST_STEP][PASSED] - delay(50): Delayed 50 second(s)

03-03-2025T12:37:12 - [MESSAGE][PASSED] - Delayed 50 second(s)

03-03-2025T12:37:12 - [TEST_STEP][PASSED] - click(findTestObject("Выручка в рублях/Фильтр Период" + nameOfBlock)): Object: 'Object Repository/Выручка в рублях/Фильтр Период Выручка' is clicked on

03-03-2025T12:37:13 - [MESSAGE][PASSED] - Object: 'Object Repository/Выручка в рублях/Фильтр Период Выручка' is clicked on

03-03-2025T12:37:13 - [TEST_STEP][PASSED] - click(findTestObject("Выручка в рублях/Снять выделение в фильтре Дата" + nameOfBlock)): Object: 'Object Repository/Выручка в рублях/Снять выделение в фильтре Дата Выручка' is clicked on

03-03-2025T12:37:13 - [MESSAGE][PASSED] - Object: 'Object Repository/Выручка в рублях/Снять выделение в фильтре Дата Выручка' is clicked on

03-03-2025T12:37:13 - [TEST_STEP][PASSED] - scrollToElement(findTestObject("Выручка в рублях/2025 список" + nameOfBlock), 30): Scroll to object 'Object Repository/Выручка в рублях/2025 список Выручка' successfully

03-03-2025T12:37:14 - [MESSAGE][PASSED] - Scroll to object 'Object Repository/Выручка в рублях/2025 список Выручка' successfully

03-03-2025T12:37:14 - [TEST_STEP][PASSED] - click(findTestObject("Выручка в рублях/2025 список" + nameOfBlock)): Object: 'Object Repository/Выручка в рублях/2025 список Выручка' is clicked on

03-03-2025T12:37:14 - [MESSAGE][PASSED] - Object: 'Object Repository/Выручка в рублях/2025 список Выручка' is clicked on

03-03-2025T12:37:14 - [TEST_STEP][PASSED] - scrollToElement(findTestObject("Выручка в рублях/1 квартал 2025 список Выручка"), 30): Scroll to object 'Object Repository/Выручка в рублях/1 квартал 2025 список Выручка' successfully

03-03-2025T12:37:15 - [MESSAGE][PASSED] - Scroll to object 'Object Repository/Выручка в рублях/1 квартал 2025 список Выручка' successfully

03-03-2025T12:37:15 - [TEST_STEP][PASSED] - click(findTestObject("Выручка в рублях/1 квартал 2025 список" + nameOfBlock)): Object: 'Object Repository/Выручка в рублях/1 квартал 2025 список Выручка' is clicked on

03-03-2025T12:37:15 - [MESSAGE][PASSED] - Object: 'Object Repository/Выручка в рублях/1 квартал 2025 список Выручка' is clicked on

03-03-2025T12:37:15 - [TEST_STEP][PASSED] - scrollToElement(findTestObject("Выручка в рублях/Январь 2025" + nameOfBlock), 30): Scroll to object 'Object Repository/Выручка в рублях/Январь 2025 Выручка' successfully

03-03-2025T12:37:15 - [MESSAGE][PASSED] - Scroll to object 'Object Repository/Выручка в рублях/Январь 2025 Выручка' successfully

03-03-2025T12:37:15 - [TEST_STEP][PASSED] - click(findTestObject("Выручка в рублях/Январь 2025" + nameOfBlock)): Object: 'Object Repository/Выручка в рублях/Январь 2025 Выручка' is clicked on

03-03-2025T12:37:15 - [MESSAGE][PASSED] - Object: 'Object Repository/Выручка в рублях/Январь 2025 Выручка' is clicked on

03-03-2025T12:37:15 - [TEST_STEP][PASSED] - scrollToElement(findTestObject("Выручка в рублях/Заголовок дашборда" + nameOfBlock), 30): Scroll to object 'Object Repository/Выручка в рублях/Заголовок дашборда Выручка' successfully

03-03-2025T12:37:16 - [MESSAGE][PASSED] - Scroll to object 'Object Repository/Выручка в рублях/Заголовок дашборда Выручка' successfully

03-03-2025T12:37:16 - [TEST_STEP][PASSED] - click(findTestObject("Выручка в рублях/Применить в фильтре Дата" + nameOfBlock)): Object: 'Object Repository/Выручка в рублях/Применить в фильтре Дата Выручка' is clicked on

03-03-2025T12:37:17 - [MESSAGE][PASSED] - Object: 'Object Repository/Выручка в рублях/Применить в фильтре Дата Выручка' is clicked on

03-03-2025T12:37:17 - [TEST_STEP][PASSED] - delay(55): Delayed 55 second(s)

03-03-2025T12:38:12 - [MESSAGE][PASSED] - Delayed 55 second(s)

03-03-2025T12:38:12 - [TEST_STEP][PASSED] - click(findTestObject("Выручка в рублях/Фильтр ДЗО" + nameOfBlock)): Object: 'Object Repository/Выручка в рублях/Фильтр ДЗО Выручка' is clicked on

03-03-2025T12:38:12 - [MESSAGE][PASSED] - Object: 'Object Repository/Выручка в рублях/Фильтр ДЗО Выручка' is clicked on

03-03-2025T12:38:12 - [TEST_STEP][PASSED] - click(findTestObject("Выручка в рублях/Снять выделение в фильтре ДЗО" + nameOfBlock)): Object: 'Object Repository/Выручка в рублях/Снять выделение в фильтре ДЗО Выручка' is clicked on

03-03-2025T12:38:12 - [MESSAGE][PASSED] - Object: 'Object Repository/Выручка в рублях/Снять выделение в фильтре ДЗО Выручка' is clicked on

03-03-2025T12:38:12 - [TEST_STEP][PASSED] - click(findTestObject("Выручка в рублях/Применить в фильтре ДЗО" + nameOfBlock)): Object: 'Object Repository/Выручка в рублях/Применить в фильтре ДЗО Выручка' is clicked on

03-03-2025T12:38:13 - [MESSAGE][PASSED] - Object: 'Object Repository/Выручка в рублях/Применить в фильтре ДЗО Выручка' is clicked on

03-03-2025T12:38:13 - [TEST_STEP][PASSED] - delay(50): Delayed 50 second(s)

03-03-2025T12:39:03 - [MESSAGE][PASSED] - Delayed 50 second(s)

03-03-2025T12:39:03 - [TEST_STEP][PASSED] - Script1710234207206.Tumbler(run, vir, block, nameOfBlock): null

03-03-2025T12:39:03 - [TEST_STEP][PASSED] - println("run:" + run): null

03-03-2025T12:39:03 - [TEST_STEP][PASSED] - println("vir:" + vir): null

03-03-2025T12:39:03 - [TEST_STEP][PASSED] - println("block:" + block): null

03-03-2025T12:39:03 - [TEST_STEP][PASSED] - println("nameOfBlock:" + nameOfBlock): null

03-03-2025T12:39:03 - [TEST_STEP][PASSED] - if (vir == 1): null

03-03-2025T12:39:03 - [TEST_STEP][PASSED] - else if (vir == 2): null

03-03-2025T12:39:03 - [TEST_STEP][PASSED] - else if (vir == 3): Object: 'Object Repository/Выручка в рублях/Применить в фильтре Выручка Выручка' is clicked on

03-03-2025T12:39:03 - [TEST_STEP][PASSED] - if (run == 2): null

03-03-2025T12:39:03 - [TEST_STEP][PASSED] - click(findTestObject("Выручка в рублях/Фильтр Выручка" + nameOfBlock)): Object: 'Object Repository/Выручка в рублях/Фильтр Выручка Выручка' is clicked on

03-03-2025T12:39:03 - [MESSAGE][PASSED] - Object: 'Object Repository/Выручка в рублях/Фильтр Выручка Выручка' is clicked on

03-03-2025T12:39:03 - [TEST_STEP][PASSED] - click(findTestObject("Выручка в рублях/Внутренний оборот в фильтре Выручка" + nameOfBlock)): Object: 'Object Repository/Выручка в рублях/Внутренний оборот в фильтре Выручка Выручка' is clicked on

03-03-2025T12:39:04 - [MESSAGE][PASSED] - Object: 'Object Repository/Выручка в рублях/Внутренний оборот в фильтре Выручка Выручка' is clicked on

03-03-2025T12:39:04 - [TEST_STEP][PASSED] - click(findTestObject("Выручка в рублях/Применить в фильтре Выручка" + nameOfBlock)): Object: 'Object Repository/Выручка в рублях/Применить в фильтре Выручка Выручка' is clicked on

03-03-2025T12:39:05 - [MESSAGE][PASSED] - Object: 'Object Repository/Выручка в рублях/Применить в фильтре Выручка Выручка' is clicked on

03-03-2025T12:39:05 - [TEST_STEP][PASSED] - click(findTestObject("Выручка в рублях/Фильтр ДЗО" + nameOfBlock)): Object: 'Object Repository/Выручка в рублях/Фильтр ДЗО Выручка' is clicked on

03-03-2025T12:39:06 - [MESSAGE][PASSED] - Object: 'Object Repository/Выручка в рублях/Фильтр ДЗО Выручка' is clicked on

03-03-2025T12:39:06 - [TEST_STEP][PASSED] - Script1710234207206.Rosseti(nameOfBlock): null

03-03-2025T12:39:06 - [TEST_STEP][PASSED] - println("nameOfBlock:" + nameOfBlock): null

03-03-2025T12:39:06 - [TEST_STEP][PASSED] - click(findTestObject("Выручка в рублях/ПАО Россети" + nameOfBlock)): Object: 'Object Repository/Выручка в рублях/ПАО Россети Выручка' is clicked on

03-03-2025T12:39:07 - [MESSAGE][PASSED] - Object: 'Object Repository/Выручка в рублях/ПАО Россети Выручка' is clicked on

03-03-2025T12:39:07 - [TEST_STEP][PASSED] - click(findTestObject("Выручка в рублях/Применить в фильтре ДЗО" + nameOfBlock)): Object: 'Object Repository/Выручка в рублях/Применить в фильтре ДЗО Выручка' is clicked on

03-03-2025T12:39:07 - [MESSAGE][PASSED] - Object: 'Object Repository/Выручка в рублях/Применить в фильтре ДЗО Выручка' is clicked on

03-03-2025T12:39:07 - [TEST_STEP][PASSED] - if (vir == 1 || vir == 2): null

03-03-2025T12:39:07 - [TEST_STEP][PASSED] - else: Text of object 'Object Repository/Выручка в рублях/vir3Plan Выручка' is: '54'

03-03-2025T12:39:07 - [TEST_STEP][PASSED] - b1 = getText(findTestObject("Выручка в рублях/vir3Plan Выручка")): Text of object 'Object Repository/Выручка в рублях/vir3Plan Выручка' is: '54'

03-03-2025T12:39:09 - [MESSAGE][PASSED] - Text of object 'Object Repository/Выручка в рублях/vir3Plan Выручка' is: '54'

03-03-2025T12:39:09 - [TEST_STEP][PASSED] - if (vir == 1 || vir == 2): null

03-03-2025T12:39:09 - [TEST_STEP][PASSED] - else: Text of object 'Object Repository/Выручка в рублях/vir3Fact Выручка' is: '2 402'

03-03-2025T12:39:09 - [TEST_STEP][PASSED] - b2 = getText(findTestObject("Выручка в рублях/vir3Fact Выручка")): Text of object 'Object Repository/Выручка в рублях/vir3Fact Выручка' is: '2 402'

03-03-2025T12:39:09 - [MESSAGE][PASSED] - Text of object 'Object Repository/Выручка в рублях/vir3Fact Выручка' is: '2 402'

03-03-2025T12:39:09 - [TEST_STEP][PASSED] - b30 = getText(findTestObject("Выручка в рублях/span1" + perc)): Text of object 'Object Repository/Выручка в рублях/span1' is: '-569 млн.руб.'

03-03-2025T12:39:09 - [MESSAGE][PASSED] - Text of object 'Object Repository/Выручка в рублях/span1' is: '-569 млн.руб.'

03-03-2025T12:39:09 - [TEST_STEP][PASSED] - i = b30.indexOf("млн.руб."): null

03-03-2025T12:39:09 - [TEST_STEP][PASSED] - if (i > -1): null

03-03-2025T12:39:09 - [TEST_STEP][PASSED] - b30 = b30.substring(0, i): null

03-03-2025T12:39:09 - [TEST_STEP][PASSED] - b30 = b30.replaceAll(" ", ""): null

03-03-2025T12:39:09 - [TEST_STEP][PASSED] - if (b30.contains("%")): null

03-03-2025T12:39:09 - [TEST_STEP][PASSED] - b30 = ").trim(): null

03-03-2025T12:39:09 - [TEST_STEP][PASSED] - println("b30: " + b30): null

03-03-2025T12:39:09 - [TEST_STEP][PASSED] - if (vir == 1 || vir == 2): null

03-03-2025T12:39:09 - [TEST_STEP][PASSED] - else: Text of object 'Object Repository/Выручка в рублях/span15' is: '23'

03-03-2025T12:39:09 - [TEST_STEP][PASSED] - b31 = ").trim(): Text of object 'Object Repository/Выручка в рублях/span15' is: '23'

03-03-2025T12:39:10 - [MESSAGE][PASSED] - Text of object 'Object Repository/Выручка в рублях/span15' is: '23'

03-03-2025T12:39:10 - [TEST_STEP][PASSED] - if (vir == 1 || vir == 2): null

03-03-2025T12:39:10 - [TEST_STEP][PASSED] - else: Text of object 'Object Repository/Выручка в рублях/span16' is: '-83'

03-03-2025T12:39:10 - [TEST_STEP][PASSED] - b32 = ").trim(): Text of object 'Object Repository/Выручка в рублях/span16' is: '-83'

03-03-2025T12:39:10 - [MESSAGE][PASSED] - Text of object 'Object Repository/Выручка в рублях/span16' is: '-83'

03-03-2025T12:39:10 - [TEST_STEP][PASSED] - if (vir == 1 || vir == 2): null

03-03-2025T12:39:10 - [TEST_STEP][PASSED] - else: Text of object 'Object Repository/Выручка в рублях/span17' is: '-509'

03-03-2025T12:39:10 - [TEST_STEP][PASSED] - b37 = ").trim(): Text of object 'Object Repository/Выручка в рублях/span17' is: '-509'

03-03-2025T12:39:10 - [MESSAGE][PASSED] - Text of object 'Object Repository/Выручка в рублях/span17' is: '-509'

03-03-2025T12:39:10 - [TEST_STEP][PASSED] - if (vir == 1 || vir == 2): null

03-03-2025T12:39:10 - [TEST_STEP][PASSED] - else: Text of object 'Object Repository/Выручка в рублях/span18' is: '0'

03-03-2025T12:39:10 - [TEST_STEP][PASSED] - b316 = ").trim(): Text of object 'Object Repository/Выручка в рублях/span18' is: '0'

03-03-2025T12:39:11 - [MESSAGE][PASSED] - Text of object 'Object Repository/Выручка в рублях/span18' is: '0'

03-03-2025T12:39:11 - [TEST_STEP][PASSED] - if (vir == 1 || vir == 2): null

03-03-2025T12:39:11 - [TEST_STEP][PASSED] - dZO = "ПАО Россети": null

03-03-2025T12:39:11 - [TEST_STEP][PASSED] - if (verifyEqual(a1, b1) == false): Actual object '54' and expected object '54' are equal

03-03-2025T12:39:11 - [MESSAGE][PASSED] - Actual object '54' and expected object '54' are equal

03-03-2025T12:39:11 - [TEST_STEP][PASSED] - if (verifyEqual(a2, b2) == false): Actual object '2 402' and expected object '2 402' are equal

03-03-2025T12:39:11 - [MESSAGE][PASSED] - Actual object '2 402' and expected object '2 402' are equal

03-03-2025T12:39:11 - [TEST_STEP][PASSED] - vidget = "Отклонения": null

03-03-2025T12:39:11 - [TEST_STEP][FAILED] - if (verifyEqual(a30, b30) == false): null

03-03-2025T12:39:11 - [MESSAGE][FAILED] - Unable to verify equal between actual object '2348.5' and expected object '-569' (Root cause: com.kms.katalon.core.exception.StepFailedException: Actual object '2348.5' and expected object '-569' are not equal
	at com.kms.katalon.core.keyword.builtin.VerifyEqualKeyword$_verifyEqual_closure1.doCall(VerifyEqualKeyword.groovy:58)
	at com.kms.katalon.core.keyword.builtin.VerifyEqualKeyword$_verifyEqual_closure1.call(VerifyEqualKeyword.groovy)
	at com.kms.katalon.core.keyword.internal.KeywordMain.runKeyword(KeywordMain.groovy:75)
	at com.kms.katalon.core.keyword.builtin.VerifyEqualKeyword.verifyEqual(VerifyEqualKeyword.groovy:63)
	at com.kms.katalon.core.keyword.builtin.VerifyEqualKeyword.execute(VerifyEqualKeyword.groovy:44)
	at com.kms.katalon.core.keyword.internal.KeywordExecutor.executeKeywordForPlatform(KeywordExecutor.groovy:74)
	at com.kms.katalon.core.keyword.BuiltinKeywords.verifyEqual(BuiltinKeywords.groovy:146)
	at jdk.internal.reflect.GeneratedMethodAccessor24.invoke(Unknown Source)
	at java.base/jdk.internal.reflect.DelegatingMethodAccessorImpl.invoke(DelegatingMethodAccessorImpl.java:43)
	at Выручка в рублях сверка дашбордов ПАО Россети.Blocks(Выручка в рублях сверка дашбордов ПАО Россети:357)
	at Выручка в рублях сверка дашбордов ПАО Россети.ViruchkaChange(Выручка в рублях сверка дашбордов ПАО Россети:60)
	at Выручка в рублях сверка дашбордов ПАО Россети.run(Выручка в рублях сверка дашбордов ПАО Россети:55)
	at com.kms.katalon.core.main.ScriptEngine.run(ScriptEngine.java:194)
	at com.kms.katalon.core.main.ScriptEngine.runScriptAsRawText(ScriptEngine.java:119)
	at com.kms.katalon.core.main.TestCaseExecutor.runScript(TestCaseExecutor.java:448)
	at com.kms.katalon.core.main.TestCaseExecutor.doExecute(TestCaseExecutor.java:439)
	at com.kms.katalon.core.main.TestCaseExecutor.processExecutionPhase(TestCaseExecutor.java:418)
	at com.kms.katalon.core.main.TestCaseExecutor.accessMainPhase(TestCaseExecutor.java:410)
	at com.kms.katalon.core.main.TestCaseExecutor.execute(TestCaseExecutor.java:285)
	at com.kms.katalon.core.common.CommonExecutor.accessTestCaseMainPhase(CommonExecutor.java:65)
	at com.kms.katalon.core.main.TestSuiteExecutor.accessTestSuiteMainPhase(TestSuiteExecutor.java:150)
	at com.kms.katalon.core.main.TestSuiteExecutor.execute(TestSuiteExecutor.java:106)
	at com.kms.katalon.core.main.TestCaseMain.startTestSuite(TestCaseMain.java:180)
	at TempTestSuite1740991900055.run(TempTestSuite1740991900055.groovy:35)
	at java.base/jdk.internal.reflect.NativeMethodAccessorImpl.invoke0(Native Method)
	at java.base/jdk.internal.reflect.NativeMethodAccessorImpl.invoke(NativeMethodAccessorImpl.java:77)
	at java.base/jdk.internal.reflect.DelegatingMethodAccessorImpl.invoke(DelegatingMethodAccessorImpl.java:43)
)

03-03-2025T12:39:11 - [TEST_STEP][PASSED] - a = replaceAll("\s+", "").toDouble(): null

03-03-2025T12:39:11 - [TEST_STEP][PASSED] - b = replaceAll("\s+", "").toDouble(): null

03-03-2025T12:39:11 - [TEST_STEP][PASSED] - Script1710234207206.WriteToExcel(todaysDate, run, vir, block, typeOfData, viruchka, vidget, nameOfBlock, a, b, dZO): null

03-03-2025T12:39:11 - [TEST_STEP][PASSED] - println(run): null

03-03-2025T12:39:11 - [TEST_STEP][PASSED] - if (run == 1): null

03-03-2025T12:39:11 - [TEST_STEP][PASSED] - typeOfData = "Млн": null

03-03-2025T12:39:11 - [TEST_STEP][PASSED] - println("todaysDate:" + todaysDate): null

03-03-2025T12:39:11 - [TEST_STEP][PASSED] - println("typeOfData:" + typeOfData): null

03-03-2025T12:39:11 - [TEST_STEP][PASSED] - viruchka = getText(findTestObject("Выручка в рублях/Фильтр Выручка" + nameOfBlock)): Text of object 'Object Repository/Выручка в рублях/Фильтр Выручка Выручка' is: 'ПЕРЕДАЧА ЭЛЕКТРОЭНЕРГИИ, внутренний оборот'

03-03-2025T12:39:11 - [MESSAGE][PASSED] - Text of object 'Object Repository/Выручка в рублях/Фильтр Выручка Выручка' is: 'ПЕРЕДАЧА ЭЛЕКТРОЭНЕРГИИ, внутренний оборот'

03-03-2025T12:39:11 - [TEST_STEP][PASSED] - println("viruchka" + viruchka): null

03-03-2025T12:39:11 - [TEST_STEP][PASSED] - println("vidget" + vidget): null

03-03-2025T12:39:11 - [TEST_STEP][PASSED] - println("a" + a): null

03-03-2025T12:39:11 - [TEST_STEP][PASSED] - println("b" + b): null

03-03-2025T12:39:11 - [TEST_STEP][PASSED] - sheetName = "Sheet1": null

03-03-2025T12:39:11 - [TEST_STEP][PASSED] - data = findTestData("PlanFact"): null

03-03-2025T12:39:11 - [TEST_STEP][PASSED] - n = data.getRowNumbers() + 1: null

03-03-2025T12:39:11 - [TEST_STEP][PASSED] - period = getText(findTestObject("Выручка в рублях/Фильтр Период")).trim(): Text of object 'Object Repository/Выручка в рублях/Фильтр Период' is: 'Январь 2025 года'

03-03-2025T12:39:11 - [MESSAGE][PASSED] - Text of object 'Object Repository/Выручка в рублях/Фильтр Период' is: 'Январь 2025 года'

03-03-2025T12:39:11 - [TEST_STEP][PASSED] - println(period): null

03-03-2025T12:39:11 - [TEST_STEP][PASSED] - if (period.findAll("[а-яА-Я]") == false): null

03-03-2025T12:39:11 - [TEST_STEP][PASSED] - dashboardName = "Выручка в рублях": null

03-03-2025T12:39:11 - [TEST_STEP][PASSED] - workbook01 = getWorkbook(excelFilePath): null

03-03-2025T12:39:11 - [TEST_STEP][PASSED] - sheet01 = getExcelSheet(workbook01, sheetName): null

03-03-2025T12:39:11 - [TEST_STEP][PASSED] - setValueToCellByIndex(sheet01, n, 0, dashboardName): null

03-03-2025T12:39:11 - [TEST_STEP][PASSED] - setValueToCellByIndex(sheet01, n, 1, dZO): null

03-03-2025T12:39:11 - [TEST_STEP][PASSED] - setValueToCellByIndex(sheet01, n, 2, vidget): null

03-03-2025T12:39:11 - [TEST_STEP][PASSED] - setValueToCellByIndex(sheet01, n, 3, viruchka): null

03-03-2025T12:39:11 - [TEST_STEP][PASSED] - setValueToCellByIndex(sheet01, n, 4, typeOfData): null

03-03-2025T12:39:11 - [TEST_STEP][PASSED] - if (a == null): null

03-03-2025T12:39:11 - [TEST_STEP][PASSED] - else: null

03-03-2025T12:39:11 - [TEST_STEP][PASSED] - setValueToCellByIndex(sheet01, n, 5, a): null

03-03-2025T12:39:11 - [TEST_STEP][PASSED] - if (b == null): null

03-03-2025T12:39:11 - [TEST_STEP][PASSED] - else: null

03-03-2025T12:39:11 - [TEST_STEP][PASSED] - setValueToCellByIndex(sheet01, n, 6, b): null

03-03-2025T12:39:11 - [TEST_STEP][PASSED] - setValueToCellByIndex(sheet01, n, 7, period): null

03-03-2025T12:39:11 - [TEST_STEP][PASSED] - setValueToCellByIndex(sheet01, n, 8, todaysDate): null

03-03-2025T12:39:11 - [TEST_STEP][PASSED] - n = n + 1: null

03-03-2025T12:39:11 - [TEST_STEP][PASSED] - saveWorkbook(excelFilePath, workbook01): null

03-03-2025T12:39:12 - [TEST_STEP][PASSED] - dZO = "АО «Тываэнерго»": null

03-03-2025T12:39:12 - [TEST_STEP][FAILED] - if (verifyEqual(a31, b31) == false): null

03-03-2025T12:39:12 - [MESSAGE][FAILED] - Unable to verify equal between actual object '159' and expected object '23' (Root cause: com.kms.katalon.core.exception.StepFailedException: Actual object '159' and expected object '23' are not equal
	at com.kms.katalon.core.keyword.builtin.VerifyEqualKeyword$_verifyEqual_closure1.doCall(VerifyEqualKeyword.groovy:58)
	at com.kms.katalon.core.keyword.builtin.VerifyEqualKeyword$_verifyEqual_closure1.call(VerifyEqualKeyword.groovy)
	at com.kms.katalon.core.keyword.internal.KeywordMain.runKeyword(KeywordMain.groovy:75)
	at com.kms.katalon.core.keyword.builtin.VerifyEqualKeyword.verifyEqual(VerifyEqualKeyword.groovy:63)
	at com.kms.katalon.core.keyword.builtin.VerifyEqualKeyword.execute(VerifyEqualKeyword.groovy:44)
	at com.kms.katalon.core.keyword.internal.KeywordExecutor.executeKeywordForPlatform(KeywordExecutor.groovy:74)
	at com.kms.katalon.core.keyword.BuiltinKeywords.verifyEqual(BuiltinKeywords.groovy:146)
	at jdk.internal.reflect.GeneratedMethodAccessor24.invoke(Unknown Source)
	at java.base/jdk.internal.reflect.DelegatingMethodAccessorImpl.invoke(DelegatingMethodAccessorImpl.java:43)
	at Выручка в рублях сверка дашбордов ПАО Россети.Blocks(Выручка в рублях сверка дашбордов ПАО Россети:367)
	at Выручка в рублях сверка дашбордов ПАО Россети.ViruchkaChange(Выручка в рублях сверка дашбордов ПАО Россети:60)
	at Выручка в рублях сверка дашбордов ПАО Россети.run(Выручка в рублях сверка дашбордов ПАО Россети:55)
	at com.kms.katalon.core.main.ScriptEngine.run(ScriptEngine.java:194)
	at com.kms.katalon.core.main.ScriptEngine.runScriptAsRawText(ScriptEngine.java:119)
	at com.kms.katalon.core.main.TestCaseExecutor.runScript(TestCaseExecutor.java:448)
	at com.kms.katalon.core.main.TestCaseExecutor.doExecute(TestCaseExecutor.java:439)
	at com.kms.katalon.core.main.TestCaseExecutor.processExecutionPhase(TestCaseExecutor.java:418)
	at com.kms.katalon.core.main.TestCaseExecutor.accessMainPhase(TestCaseExecutor.java:410)
	at com.kms.katalon.core.main.TestCaseExecutor.execute(TestCaseExecutor.java:285)
	at com.kms.katalon.core.common.CommonExecutor.accessTestCaseMainPhase(CommonExecutor.java:65)
	at com.kms.katalon.core.main.TestSuiteExecutor.accessTestSuiteMainPhase(TestSuiteExecutor.java:150)
	at com.kms.katalon.core.main.TestSuiteExecutor.execute(TestSuiteExecutor.java:106)
	at com.kms.katalon.core.main.TestCaseMain.startTestSuite(TestCaseMain.java:180)
	at TempTestSuite1740991900055.run(TempTestSuite1740991900055.groovy:35)
	at java.base/jdk.internal.reflect.NativeMethodAccessorImpl.invoke0(Native Method)
	at java.base/jdk.internal.reflect.NativeMethodAccessorImpl.invoke(NativeMethodAccessorImpl.java:77)
	at java.base/jdk.internal.reflect.DelegatingMethodAccessorImpl.invoke(DelegatingMethodAccessorImpl.java:43)
)

03-03-2025T12:39:12 - [TEST_STEP][PASSED] - a = replaceAll("\s+", "").toDouble(): null

03-03-2025T12:39:12 - [TEST_STEP][PASSED] - b = replaceAll("\s+", "").toDouble(): null

03-03-2025T12:39:12 - [TEST_STEP][PASSED] - Script1710234207206.WriteToExcel(todaysDate, run, vir, block, typeOfData, viruchka, vidget, nameOfBlock, a, b, dZO): null

03-03-2025T12:39:12 - [TEST_STEP][PASSED] - println(run): null

03-03-2025T12:39:12 - [TEST_STEP][PASSED] - if (run == 1): null

03-03-2025T12:39:12 - [TEST_STEP][PASSED] - typeOfData = "Млн": null

03-03-2025T12:39:12 - [TEST_STEP][PASSED] - println("todaysDate:" + todaysDate): null

03-03-2025T12:39:12 - [TEST_STEP][PASSED] - println("typeOfData:" + typeOfData): null

03-03-2025T12:39:12 - [TEST_STEP][PASSED] - viruchka = getText(findTestObject("Выручка в рублях/Фильтр Выручка" + nameOfBlock)): Text of object 'Object Repository/Выручка в рублях/Фильтр Выручка Выручка' is: 'ПЕРЕДАЧА ЭЛЕКТРОЭНЕРГИИ, внутренний оборот'

03-03-2025T12:39:12 - [MESSAGE][PASSED] - Text of object 'Object Repository/Выручка в рублях/Фильтр Выручка Выручка' is: 'ПЕРЕДАЧА ЭЛЕКТРОЭНЕРГИИ, внутренний оборот'

03-03-2025T12:39:12 - [TEST_STEP][PASSED] - println("viruchka" + viruchka): null

03-03-2025T12:39:12 - [TEST_STEP][PASSED] - println("vidget" + vidget): null

03-03-2025T12:39:12 - [TEST_STEP][PASSED] - println("a" + a): null

03-03-2025T12:39:12 - [TEST_STEP][PASSED] - println("b" + b): null

03-03-2025T12:39:12 - [TEST_STEP][PASSED] - sheetName = "Sheet1": null

03-03-2025T12:39:12 - [TEST_STEP][PASSED] - data = findTestData("PlanFact"): null

03-03-2025T12:39:12 - [TEST_STEP][PASSED] - n = data.getRowNumbers() + 1: null

03-03-2025T12:39:12 - [TEST_STEP][PASSED] - period = getText(findTestObject("Выручка в рублях/Фильтр Период")).trim(): Text of object 'Object Repository/Выручка в рублях/Фильтр Период' is: 'Январь 2025 года'

03-03-2025T12:39:12 - [MESSAGE][PASSED] - Text of object 'Object Repository/Выручка в рублях/Фильтр Период' is: 'Январь 2025 года'

03-03-2025T12:39:12 - [TEST_STEP][PASSED] - println(period): null

03-03-2025T12:39:12 - [TEST_STEP][PASSED] - if (period.findAll("[а-яА-Я]") == false): null

03-03-2025T12:39:12 - [TEST_STEP][PASSED] - dashboardName = "Выручка в рублях": null

03-03-2025T12:39:12 - [TEST_STEP][PASSED] - workbook01 = getWorkbook(excelFilePath): null

03-03-2025T12:39:12 - [TEST_STEP][PASSED] - sheet01 = getExcelSheet(workbook01, sheetName): null

03-03-2025T12:39:12 - [TEST_STEP][PASSED] - setValueToCellByIndex(sheet01, n, 0, dashboardName): null

03-03-2025T12:39:12 - [TEST_STEP][PASSED] - setValueToCellByIndex(sheet01, n, 1, dZO): null

03-03-2025T12:39:12 - [TEST_STEP][PASSED] - setValueToCellByIndex(sheet01, n, 2, vidget): null

03-03-2025T12:39:12 - [TEST_STEP][PASSED] - setValueToCellByIndex(sheet01, n, 3, viruchka): null

03-03-2025T12:39:12 - [TEST_STEP][PASSED] - setValueToCellByIndex(sheet01, n, 4, typeOfData): null

03-03-2025T12:39:12 - [TEST_STEP][PASSED] - if (a == null): null

03-03-2025T12:39:12 - [TEST_STEP][PASSED] - else: null

03-03-2025T12:39:12 - [TEST_STEP][PASSED] - setValueToCellByIndex(sheet01, n, 5, a): null

03-03-2025T12:39:12 - [TEST_STEP][PASSED] - if (b == null): null

03-03-2025T12:39:12 - [TEST_STEP][PASSED] - else: null

03-03-2025T12:39:12 - [TEST_STEP][PASSED] - setValueToCellByIndex(sheet01, n, 6, b): null

03-03-2025T12:39:12 - [TEST_STEP][PASSED] - setValueToCellByIndex(sheet01, n, 7, period): null

03-03-2025T12:39:12 - [TEST_STEP][PASSED] - setValueToCellByIndex(sheet01, n, 8, todaysDate): null

03-03-2025T12:39:12 - [TEST_STEP][PASSED] - n = n + 1: null

03-03-2025T12:39:12 - [TEST_STEP][PASSED] - saveWorkbook(excelFilePath, workbook01): null

03-03-2025T12:39:13 - [TEST_STEP][PASSED] - dZO = "АО «Чеченэнерго»": null

03-03-2025T12:39:13 - [TEST_STEP][FAILED] - if (verifyEqual(a32, b32) == false): null

03-03-2025T12:39:13 - [MESSAGE][FAILED] - Unable to verify equal between actual object '463' and expected object '-83' (Root cause: com.kms.katalon.core.exception.StepFailedException: Actual object '463' and expected object '-83' are not equal
	at com.kms.katalon.core.keyword.builtin.VerifyEqualKeyword$_verifyEqual_closure1.doCall(VerifyEqualKeyword.groovy:58)
	at com.kms.katalon.core.keyword.builtin.VerifyEqualKeyword$_verifyEqual_closure1.call(VerifyEqualKeyword.groovy)
	at com.kms.katalon.core.keyword.internal.KeywordMain.runKeyword(KeywordMain.groovy:75)
	at com.kms.katalon.core.keyword.builtin.VerifyEqualKeyword.verifyEqual(VerifyEqualKeyword.groovy:63)
	at com.kms.katalon.core.keyword.builtin.VerifyEqualKeyword.execute(VerifyEqualKeyword.groovy:44)
	at com.kms.katalon.core.keyword.internal.KeywordExecutor.executeKeywordForPlatform(KeywordExecutor.groovy:74)
	at com.kms.katalon.core.keyword.BuiltinKeywords.verifyEqual(BuiltinKeywords.groovy:146)
	at jdk.internal.reflect.GeneratedMethodAccessor24.invoke(Unknown Source)
	at java.base/jdk.internal.reflect.DelegatingMethodAccessorImpl.invoke(DelegatingMethodAccessorImpl.java:43)
	at Выручка в рублях сверка дашбордов ПАО Россети.Blocks(Выручка в рублях сверка дашбордов ПАО Россети:377)
	at Выручка в рублях сверка дашбордов ПАО Россети.ViruchkaChange(Выручка в рублях сверка дашбордов ПАО Россети:60)
	at Выручка в рублях сверка дашбордов ПАО Россети.run(Выручка в рублях сверка дашбордов ПАО Россети:55)
	at com.kms.katalon.core.main.ScriptEngine.run(ScriptEngine.java:194)
	at com.kms.katalon.core.main.ScriptEngine.runScriptAsRawText(ScriptEngine.java:119)
	at com.kms.katalon.core.main.TestCaseExecutor.runScript(TestCaseExecutor.java:448)
	at com.kms.katalon.core.main.TestCaseExecutor.doExecute(TestCaseExecutor.java:439)
	at com.kms.katalon.core.main.TestCaseExecutor.processExecutionPhase(TestCaseExecutor.java:418)
	at com.kms.katalon.core.main.TestCaseExecutor.accessMainPhase(TestCaseExecutor.java:410)
	at com.kms.katalon.core.main.TestCaseExecutor.execute(TestCaseExecutor.java:285)
	at com.kms.katalon.core.common.CommonExecutor.accessTestCaseMainPhase(CommonExecutor.java:65)
	at com.kms.katalon.core.main.TestSuiteExecutor.accessTestSuiteMainPhase(TestSuiteExecutor.java:150)
	at com.kms.katalon.core.main.TestSuiteExecutor.execute(TestSuiteExecutor.java:106)
	at com.kms.katalon.core.main.TestCaseMain.startTestSuite(TestCaseMain.java:180)
	at TempTestSuite1740991900055.run(TempTestSuite1740991900055.groovy:35)
	at java.base/jdk.internal.reflect.NativeMethodAccessorImpl.invoke0(Native Method)
	at java.base/jdk.internal.reflect.NativeMethodAccessorImpl.invoke(NativeMethodAccessorImpl.java:77)
	at java.base/jdk.internal.reflect.DelegatingMethodAccessorImpl.invoke(DelegatingMethodAccessorImpl.java:43)
)

03-03-2025T12:39:13 - [TEST_STEP][PASSED] - a = replaceAll("\s+", "").toDouble(): null

03-03-2025T12:39:13 - [TEST_STEP][PASSED] - b = replaceAll("\s+", "").toDouble(): null

03-03-2025T12:39:13 - [TEST_STEP][PASSED] - Script1710234207206.WriteToExcel(todaysDate, run, vir, block, typeOfData, viruchka, vidget, nameOfBlock, a, b, dZO): null

03-03-2025T12:39:13 - [TEST_STEP][PASSED] - println(run): null

03-03-2025T12:39:13 - [TEST_STEP][PASSED] - if (run == 1): null

03-03-2025T12:39:13 - [TEST_STEP][PASSED] - typeOfData = "Млн": null

03-03-2025T12:39:13 - [TEST_STEP][PASSED] - println("todaysDate:" + todaysDate): null

03-03-2025T12:39:13 - [TEST_STEP][PASSED] - println("typeOfData:" + typeOfData): null

03-03-2025T12:39:13 - [TEST_STEP][PASSED] - viruchka = getText(findTestObject("Выручка в рублях/Фильтр Выручка" + nameOfBlock)): Text of object 'Object Repository/Выручка в рублях/Фильтр Выручка Выручка' is: 'ПЕРЕДАЧА ЭЛЕКТРОЭНЕРГИИ, внутренний оборот'

03-03-2025T12:39:13 - [MESSAGE][PASSED] - Text of object 'Object Repository/Выручка в рублях/Фильтр Выручка Выручка' is: 'ПЕРЕДАЧА ЭЛЕКТРОЭНЕРГИИ, внутренний оборот'

03-03-2025T12:39:13 - [TEST_STEP][PASSED] - println("viruchka" + viruchka): null

03-03-2025T12:39:13 - [TEST_STEP][PASSED] - println("vidget" + vidget): null

03-03-2025T12:39:13 - [TEST_STEP][PASSED] - println("a" + a): null

03-03-2025T12:39:13 - [TEST_STEP][PASSED] - println("b" + b): null

03-03-2025T12:39:13 - [TEST_STEP][PASSED] - sheetName = "Sheet1": null

03-03-2025T12:39:13 - [TEST_STEP][PASSED] - data = findTestData("PlanFact"): null

03-03-2025T12:39:13 - [TEST_STEP][PASSED] - n = data.getRowNumbers() + 1: null

03-03-2025T12:39:13 - [TEST_STEP][PASSED] - period = getText(findTestObject("Выручка в рублях/Фильтр Период")).trim(): Text of object 'Object Repository/Выручка в рублях/Фильтр Период' is: 'Январь 2025 года'

03-03-2025T12:39:13 - [MESSAGE][PASSED] - Text of object 'Object Repository/Выручка в рублях/Фильтр Период' is: 'Январь 2025 года'

03-03-2025T12:39:13 - [TEST_STEP][PASSED] - println(period): null

03-03-2025T12:39:13 - [TEST_STEP][PASSED] - if (period.findAll("[а-яА-Я]") == false): null

03-03-2025T12:39:13 - [TEST_STEP][PASSED] - dashboardName = "Выручка в рублях": null

03-03-2025T12:39:13 - [TEST_STEP][PASSED] - workbook01 = getWorkbook(excelFilePath): null

03-03-2025T12:39:13 - [TEST_STEP][PASSED] - sheet01 = getExcelSheet(workbook01, sheetName): null

03-03-2025T12:39:13 - [TEST_STEP][PASSED] - setValueToCellByIndex(sheet01, n, 0, dashboardName): null

03-03-2025T12:39:13 - [TEST_STEP][PASSED] - setValueToCellByIndex(sheet01, n, 1, dZO): null

03-03-2025T12:39:13 - [TEST_STEP][PASSED] - setValueToCellByIndex(sheet01, n, 2, vidget): null

03-03-2025T12:39:13 - [TEST_STEP][PASSED] - setValueToCellByIndex(sheet01, n, 3, viruchka): null

03-03-2025T12:39:13 - [TEST_STEP][PASSED] - setValueToCellByIndex(sheet01, n, 4, typeOfData): null

03-03-2025T12:39:13 - [TEST_STEP][PASSED] - if (a == null): null

03-03-2025T12:39:13 - [TEST_STEP][PASSED] - else: null

03-03-2025T12:39:13 - [TEST_STEP][PASSED] - setValueToCellByIndex(sheet01, n, 5, a): null

03-03-2025T12:39:13 - [TEST_STEP][PASSED] - if (b == null): null

03-03-2025T12:39:13 - [TEST_STEP][PASSED] - else: null

03-03-2025T12:39:13 - [TEST_STEP][PASSED] - setValueToCellByIndex(sheet01, n, 6, b): null

03-03-2025T12:39:13 - [TEST_STEP][PASSED] - setValueToCellByIndex(sheet01, n, 7, period): null

03-03-2025T12:39:13 - [TEST_STEP][PASSED] - setValueToCellByIndex(sheet01, n, 8, todaysDate): null

03-03-2025T12:39:13 - [TEST_STEP][PASSED] - n = n + 1: null

03-03-2025T12:39:13 - [TEST_STEP][PASSED] - saveWorkbook(excelFilePath, workbook01): null

03-03-2025T12:39:14 - [TEST_STEP][PASSED] - dZO = "Россети Волга": null

03-03-2025T12:39:14 - [TEST_STEP][PASSED] - if (verifyEqual(a33, b33) == false): Actual object 'null' and expected object 'null' are equal

03-03-2025T12:39:14 - [MESSAGE][PASSED] - Actual object 'null' and expected object 'null' are equal

03-03-2025T12:39:14 - [TEST_STEP][PASSED] - dZO = "Россети Кубань": null

03-03-2025T12:39:14 - [TEST_STEP][PASSED] - if (verifyEqual(a34, b34) == false): Actual object 'null' and expected object 'null' are equal

03-03-2025T12:39:14 - [MESSAGE][PASSED] - Actual object 'null' and expected object 'null' are equal

03-03-2025T12:39:14 - [TEST_STEP][PASSED] - dZO = "Россети Ленэнерго (ГК)": null

03-03-2025T12:39:14 - [TEST_STEP][PASSED] - if (verifyEqual(a35, b35) == false): Actual object 'null' and expected object 'null' are equal

03-03-2025T12:39:14 - [MESSAGE][PASSED] - Actual object 'null' and expected object 'null' are equal

03-03-2025T12:39:14 - [TEST_STEP][PASSED] - dZO = "Россети Московский регион": null

03-03-2025T12:39:14 - [TEST_STEP][PASSED] - if (verifyEqual(a36, b36) == false): Actual object 'null' and expected object 'null' are equal

03-03-2025T12:39:14 - [MESSAGE][PASSED] - Actual object 'null' and expected object 'null' are equal

03-03-2025T12:39:14 - [TEST_STEP][PASSED] - dZO = "Россети Северный Кавказ (ГК)": null

03-03-2025T12:39:14 - [TEST_STEP][FAILED] - if (verifyEqual(a37, b37) == false): null

03-03-2025T12:39:14 - [MESSAGE][FAILED] - Unable to verify equal between actual object '1 727' and expected object '-509' (Root cause: com.kms.katalon.core.exception.StepFailedException: Actual object '1 727' and expected object '-509' are not equal
	at com.kms.katalon.core.keyword.builtin.VerifyEqualKeyword$_verifyEqual_closure1.doCall(VerifyEqualKeyword.groovy:58)
	at com.kms.katalon.core.keyword.builtin.VerifyEqualKeyword$_verifyEqual_closure1.call(VerifyEqualKeyword.groovy)
	at com.kms.katalon.core.keyword.internal.KeywordMain.runKeyword(KeywordMain.groovy:75)
	at com.kms.katalon.core.keyword.builtin.VerifyEqualKeyword.verifyEqual(VerifyEqualKeyword.groovy:63)
	at com.kms.katalon.core.keyword.builtin.VerifyEqualKeyword.execute(VerifyEqualKeyword.groovy:44)
	at com.kms.katalon.core.keyword.internal.KeywordExecutor.executeKeywordForPlatform(KeywordExecutor.groovy:74)
	at com.kms.katalon.core.keyword.BuiltinKeywords.verifyEqual(BuiltinKeywords.groovy:146)
	at jdk.internal.reflect.GeneratedMethodAccessor24.invoke(Unknown Source)
	at java.base/jdk.internal.reflect.DelegatingMethodAccessorImpl.invoke(DelegatingMethodAccessorImpl.java:43)
	at Выручка в рублях сверка дашбордов ПАО Россети.Blocks(Выручка в рублях сверка дашбордов ПАО Россети:427)
	at Выручка в рублях сверка дашбордов ПАО Россети.ViruchkaChange(Выручка в рублях сверка дашбордов ПАО Россети:60)
	at Выручка в рублях сверка дашбордов ПАО Россети.run(Выручка в рублях сверка дашбордов ПАО Россети:55)
	at com.kms.katalon.core.main.ScriptEngine.run(ScriptEngine.java:194)
	at com.kms.katalon.core.main.ScriptEngine.runScriptAsRawText(ScriptEngine.java:119)
	at com.kms.katalon.core.main.TestCaseExecutor.runScript(TestCaseExecutor.java:448)
	at com.kms.katalon.core.main.TestCaseExecutor.doExecute(TestCaseExecutor.java:439)
	at com.kms.katalon.core.main.TestCaseExecutor.processExecutionPhase(TestCaseExecutor.java:418)
	at com.kms.katalon.core.main.TestCaseExecutor.accessMainPhase(TestCaseExecutor.java:410)
	at com.kms.katalon.core.main.TestCaseExecutor.execute(TestCaseExecutor.java:285)
	at com.kms.katalon.core.common.CommonExecutor.accessTestCaseMainPhase(CommonExecutor.java:65)
	at com.kms.katalon.core.main.TestSuiteExecutor.accessTestSuiteMainPhase(TestSuiteExecutor.java:150)
	at com.kms.katalon.core.main.TestSuiteExecutor.execute(TestSuiteExecutor.java:106)
	at com.kms.katalon.core.main.TestCaseMain.startTestSuite(TestCaseMain.java:180)
	at TempTestSuite1740991900055.run(TempTestSuite1740991900055.groovy:35)
	at java.base/jdk.internal.reflect.NativeMethodAccessorImpl.invoke0(Native Method)
	at java.base/jdk.internal.reflect.NativeMethodAccessorImpl.invoke(NativeMethodAccessorImpl.java:77)
	at java.base/jdk.internal.reflect.DelegatingMethodAccessorImpl.invoke(DelegatingMethodAccessorImpl.java:43)
)

03-03-2025T12:39:14 - [TEST_STEP][PASSED] - a = replaceAll("\s+", "").toDouble(): null

03-03-2025T12:39:14 - [TEST_STEP][PASSED] - b = replaceAll("\s+", "").toDouble(): null

03-03-2025T12:39:14 - [TEST_STEP][PASSED] - Script1710234207206.WriteToExcel(todaysDate, run, vir, block, typeOfData, viruchka, vidget, nameOfBlock, a, b, dZO): null

03-03-2025T12:39:14 - [TEST_STEP][PASSED] - println(run): null

03-03-2025T12:39:14 - [TEST_STEP][PASSED] - if (run == 1): null

03-03-2025T12:39:14 - [TEST_STEP][PASSED] - typeOfData = "Млн": null

03-03-2025T12:39:14 - [TEST_STEP][PASSED] - println("todaysDate:" + todaysDate): null

03-03-2025T12:39:14 - [TEST_STEP][PASSED] - println("typeOfData:" + typeOfData): null

03-03-2025T12:39:14 - [TEST_STEP][PASSED] - viruchka = getText(findTestObject("Выручка в рублях/Фильтр Выручка" + nameOfBlock)): Text of object 'Object Repository/Выручка в рублях/Фильтр Выручка Выручка' is: 'ПЕРЕДАЧА ЭЛЕКТРОЭНЕРГИИ, внутренний оборот'

03-03-2025T12:39:14 - [MESSAGE][PASSED] - Text of object 'Object Repository/Выручка в рублях/Фильтр Выручка Выручка' is: 'ПЕРЕДАЧА ЭЛЕКТРОЭНЕРГИИ, внутренний оборот'

03-03-2025T12:39:14 - [TEST_STEP][PASSED] - println("viruchka" + viruchka): null

03-03-2025T12:39:14 - [TEST_STEP][PASSED] - println("vidget" + vidget): null

03-03-2025T12:39:14 - [TEST_STEP][PASSED] - println("a" + a): null

03-03-2025T12:39:14 - [TEST_STEP][PASSED] - println("b" + b): null

03-03-2025T12:39:14 - [TEST_STEP][PASSED] - sheetName = "Sheet1": null

03-03-2025T12:39:14 - [TEST_STEP][PASSED] - data = findTestData("PlanFact"): null

03-03-2025T12:39:14 - [TEST_STEP][PASSED] - n = data.getRowNumbers() + 1: null

03-03-2025T12:39:14 - [TEST_STEP][PASSED] - period = getText(findTestObject("Выручка в рублях/Фильтр Период")).trim(): Text of object 'Object Repository/Выручка в рублях/Фильтр Период' is: 'Январь 2025 года'

03-03-2025T12:39:14 - [MESSAGE][PASSED] - Text of object 'Object Repository/Выручка в рублях/Фильтр Период' is: 'Январь 2025 года'

03-03-2025T12:39:14 - [TEST_STEP][PASSED] - println(period): null

03-03-2025T12:39:14 - [TEST_STEP][PASSED] - if (period.findAll("[а-яА-Я]") == false): null

03-03-2025T12:39:14 - [TEST_STEP][PASSED] - dashboardName = "Выручка в рублях": null

03-03-2025T12:39:14 - [TEST_STEP][PASSED] - workbook01 = getWorkbook(excelFilePath): null

03-03-2025T12:39:14 - [TEST_STEP][PASSED] - sheet01 = getExcelSheet(workbook01, sheetName): null

03-03-2025T12:39:14 - [TEST_STEP][PASSED] - setValueToCellByIndex(sheet01, n, 0, dashboardName): null

03-03-2025T12:39:14 - [TEST_STEP][PASSED] - setValueToCellByIndex(sheet01, n, 1, dZO): null

03-03-2025T12:39:14 - [TEST_STEP][PASSED] - setValueToCellByIndex(sheet01, n, 2, vidget): null

03-03-2025T12:39:14 - [TEST_STEP][PASSED] - setValueToCellByIndex(sheet01, n, 3, viruchka): null

03-03-2025T12:39:14 - [TEST_STEP][PASSED] - setValueToCellByIndex(sheet01, n, 4, typeOfData): null

03-03-2025T12:39:14 - [TEST_STEP][PASSED] - if (a == null): null

03-03-2025T12:39:14 - [TEST_STEP][PASSED] - else: null

03-03-2025T12:39:14 - [TEST_STEP][PASSED] - setValueToCellByIndex(sheet01, n, 5, a): null

03-03-2025T12:39:14 - [TEST_STEP][PASSED] - if (b == null): null

03-03-2025T12:39:14 - [TEST_STEP][PASSED] - else: null

03-03-2025T12:39:14 - [TEST_STEP][PASSED] - setValueToCellByIndex(sheet01, n, 6, b): null

03-03-2025T12:39:14 - [TEST_STEP][PASSED] - setValueToCellByIndex(sheet01, n, 7, period): null

03-03-2025T12:39:14 - [TEST_STEP][PASSED] - setValueToCellByIndex(sheet01, n, 8, todaysDate): null

03-03-2025T12:39:14 - [TEST_STEP][PASSED] - n = n + 1: null

03-03-2025T12:39:14 - [TEST_STEP][PASSED] - saveWorkbook(excelFilePath, workbook01): null

03-03-2025T12:39:14 - [TEST_STEP][PASSED] - dZO = "Россети Северо-Запад": null

03-03-2025T12:39:14 - [TEST_STEP][PASSED] - if (verifyEqual(a38, b38) == false): Actual object 'null' and expected object 'null' are equal

03-03-2025T12:39:14 - [MESSAGE][PASSED] - Actual object 'null' and expected object 'null' are equal

03-03-2025T12:39:14 - [TEST_STEP][PASSED] - dZO = "Россети Сибирь (ГК)": null

03-03-2025T12:39:14 - [TEST_STEP][PASSED] - if (verifyEqual(a39, b39) == false): Actual object 'null' and expected object 'null' are equal

03-03-2025T12:39:14 - [MESSAGE][PASSED] - Actual object 'null' and expected object 'null' are equal

03-03-2025T12:39:14 - [TEST_STEP][PASSED] - dZO = "Россети Томск": null

03-03-2025T12:39:14 - [TEST_STEP][PASSED] - if (verifyEqual(a310, b310) == false): Actual object 'null' and expected object 'null' are equal

03-03-2025T12:39:14 - [MESSAGE][PASSED] - Actual object 'null' and expected object 'null' are equal

03-03-2025T12:39:14 - [TEST_STEP][PASSED] - dZO = "Россети Тюмень": null

03-03-2025T12:39:14 - [TEST_STEP][PASSED] - if (verifyEqual(a311, b311) == false): Actual object 'null' and expected object 'null' are equal

03-03-2025T12:39:14 - [MESSAGE][PASSED] - Actual object 'null' and expected object 'null' are equal

03-03-2025T12:39:14 - [TEST_STEP][PASSED] - dZO = "Россети Урал (ГК)": null

03-03-2025T12:39:14 - [TEST_STEP][PASSED] - if (verifyEqual(a312, b312) == false): Actual object 'null' and expected object 'null' are equal

03-03-2025T12:39:14 - [MESSAGE][PASSED] - Actual object 'null' and expected object 'null' are equal

03-03-2025T12:39:14 - [TEST_STEP][PASSED] - dZO = "Россети ФСК ЕЭС": null

03-03-2025T12:39:14 - [TEST_STEP][PASSED] - if (verifyEqual(a313, b313) == false): Actual object 'null' and expected object 'null' are equal

03-03-2025T12:39:14 - [MESSAGE][PASSED] - Actual object 'null' and expected object 'null' are equal

03-03-2025T12:39:14 - [TEST_STEP][PASSED] - dZO = "Россети Центр": null

03-03-2025T12:39:14 - [TEST_STEP][PASSED] - if (verifyEqual(a314, b314) == false): Actual object 'null' and expected object 'null' are equal

03-03-2025T12:39:14 - [MESSAGE][PASSED] - Actual object 'null' and expected object 'null' are equal

03-03-2025T12:39:14 - [TEST_STEP][PASSED] - dZO = "Россети Центр и Приволжье (ГК)": null

03-03-2025T12:39:14 - [TEST_STEP][PASSED] - if (verifyEqual(a315, b315) == false): Actual object 'null' and expected object 'null' are equal

03-03-2025T12:39:14 - [MESSAGE][PASSED] - Actual object 'null' and expected object 'null' are equal

03-03-2025T12:39:14 - [TEST_STEP][PASSED] - dZO = "Россети Юг (ГК)": null

03-03-2025T12:39:14 - [TEST_STEP][PASSED] - if (verifyEqual(a316, b316) == false): Actual object '0' and expected object '0' are equal

03-03-2025T12:39:14 - [MESSAGE][PASSED] - Actual object '0' and expected object '0' are equal

03-03-2025T12:39:14 - [TEST_STEP][PASSED] - dZO = "Россети Янтарь": null

03-03-2025T12:39:14 - [TEST_STEP][PASSED] - if (verifyEqual(a317, b317) == false): Actual object 'null' and expected object 'null' are equal

03-03-2025T12:39:14 - [MESSAGE][PASSED] - Actual object 'null' and expected object 'null' are equal

03-03-2025T12:39:14 - [TEST_STEP][PASSED] - closeBrowser(): null

03-03-2025T12:39:15 - [MESSAGE][PASSED] - Browser is closed

03-03-2025T12:39:15 - [TEST_STEP][PASSED] - Script1710234207206.ViruchkaChange(run, vir, block, nameOfBlock, typeOfData, viruchka, vidget, todaysDate, a, b, dZO, x, y): null

03-03-2025T12:39:15 - [TEST_STEP][PASSED] - for ([vir = 1, vir < 4, (vir++)]): null

03-03-2025T12:39:15 - [TEST_STEP][PASSED] - Script1710234207206.Blocks(run, vir, block, nameOfBlock, typeOfData, viruchka, vidget, todaysDate, a, b, dZO, x, y): null

03-03-2025T12:39:15 - [TEST_STEP][PASSED] - i = <not implemented yet for class: org.codehaus.groovy.ast.expr.EmptyExpression>: null

03-03-2025T12:39:15 - [TEST_STEP][PASSED] - perc = "": null

03-03-2025T12:39:15 - [TEST_STEP][PASSED] - a1 = <not implemented yet for class: org.codehaus.groovy.ast.expr.EmptyExpression>: null

03-03-2025T12:39:15 - [TEST_STEP][PASSED] - a2 = <not implemented yet for class: org.codehaus.groovy.ast.expr.EmptyExpression>: null

03-03-2025T12:39:15 - [TEST_STEP][PASSED] - a30 = <not implemented yet for class: org.codehaus.groovy.ast.expr.EmptyExpression>: null

03-03-2025T12:39:15 - [TEST_STEP][PASSED] - a31 = <not implemented yet for class: org.codehaus.groovy.ast.expr.EmptyExpression>: null

03-03-2025T12:39:15 - [TEST_STEP][PASSED] - a32 = <not implemented yet for class: org.codehaus.groovy.ast.expr.EmptyExpression>: null

03-03-2025T12:39:15 - [TEST_STEP][PASSED] - a33 = <not implemented yet for class: org.codehaus.groovy.ast.expr.EmptyExpression>: null

03-03-2025T12:39:15 - [TEST_STEP][PASSED] - a34 = <not implemented yet for class: org.codehaus.groovy.ast.expr.EmptyExpression>: null

03-03-2025T12:39:15 - [TEST_STEP][PASSED] - a35 = <not implemented yet for class: org.codehaus.groovy.ast.expr.EmptyExpression>: null

03-03-2025T12:39:15 - [TEST_STEP][PASSED] - a36 = <not implemented yet for class: org.codehaus.groovy.ast.expr.EmptyExpression>: null

03-03-2025T12:39:15 - [TEST_STEP][PASSED] - a37 = <not implemented yet for class: org.codehaus.groovy.ast.expr.EmptyExpression>: null

03-03-2025T12:39:15 - [TEST_STEP][PASSED] - a38 = <not implemented yet for class: org.codehaus.groovy.ast.expr.EmptyExpression>: null

03-03-2025T12:39:15 - [TEST_STEP][PASSED] - a39 = <not implemented yet for class: org.codehaus.groovy.ast.expr.EmptyExpression>: null

03-03-2025T12:39:15 - [TEST_STEP][PASSED] - a310 = <not implemented yet for class: org.codehaus.groovy.ast.expr.EmptyExpression>: null

03-03-2025T12:39:15 - [TEST_STEP][PASSED] - a311 = <not implemented yet for class: org.codehaus.groovy.ast.expr.EmptyExpression>: null

03-03-2025T12:39:15 - [TEST_STEP][PASSED] - a312 = <not implemented yet for class: org.codehaus.groovy.ast.expr.EmptyExpression>: null

03-03-2025T12:39:15 - [TEST_STEP][PASSED] - a313 = <not implemented yet for class: org.codehaus.groovy.ast.expr.EmptyExpression>: null

03-03-2025T12:39:15 - [TEST_STEP][PASSED] - a314 = <not implemented yet for class: org.codehaus.groovy.ast.expr.EmptyExpression>: null

03-03-2025T12:39:15 - [TEST_STEP][PASSED] - a315 = <not implemented yet for class: org.codehaus.groovy.ast.expr.EmptyExpression>: null

03-03-2025T12:39:15 - [TEST_STEP][PASSED] - a316 = <not implemented yet for class: org.codehaus.groovy.ast.expr.EmptyExpression>: null

03-03-2025T12:39:15 - [TEST_STEP][PASSED] - a317 = <not implemented yet for class: org.codehaus.groovy.ast.expr.EmptyExpression>: null

03-03-2025T12:39:15 - [TEST_STEP][PASSED] - b1 = <not implemented yet for class: org.codehaus.groovy.ast.expr.EmptyExpression>: null

03-03-2025T12:39:15 - [TEST_STEP][PASSED] - b2 = <not implemented yet for class: org.codehaus.groovy.ast.expr.EmptyExpression>: null

03-03-2025T12:39:15 - [TEST_STEP][PASSED] - b30 = <not implemented yet for class: org.codehaus.groovy.ast.expr.EmptyExpression>: null

03-03-2025T12:39:15 - [TEST_STEP][PASSED] - b31 = <not implemented yet for class: org.codehaus.groovy.ast.expr.EmptyExpression>: null

03-03-2025T12:39:15 - [TEST_STEP][PASSED] - b32 = <not implemented yet for class: org.codehaus.groovy.ast.expr.EmptyExpression>: null

03-03-2025T12:39:15 - [TEST_STEP][PASSED] - b33 = <not implemented yet for class: org.codehaus.groovy.ast.expr.EmptyExpression>: null

03-03-2025T12:39:15 - [TEST_STEP][PASSED] - b34 = <not implemented yet for class: org.codehaus.groovy.ast.expr.EmptyExpression>: null

03-03-2025T12:39:15 - [TEST_STEP][PASSED] - b35 = <not implemented yet for class: org.codehaus.groovy.ast.expr.EmptyExpression>: null

03-03-2025T12:39:15 - [TEST_STEP][PASSED] - b36 = <not implemented yet for class: org.codehaus.groovy.ast.expr.EmptyExpression>: null

03-03-2025T12:39:15 - [TEST_STEP][PASSED] - b37 = <not implemented yet for class: org.codehaus.groovy.ast.expr.EmptyExpression>: null

03-03-2025T12:39:15 - [TEST_STEP][PASSED] - b38 = <not implemented yet for class: org.codehaus.groovy.ast.expr.EmptyExpression>: null

03-03-2025T12:39:15 - [TEST_STEP][PASSED] - b39 = <not implemented yet for class: org.codehaus.groovy.ast.expr.EmptyExpression>: null

03-03-2025T12:39:15 - [TEST_STEP][PASSED] - b310 = <not implemented yet for class: org.codehaus.groovy.ast.expr.EmptyExpression>: null

03-03-2025T12:39:15 - [TEST_STEP][PASSED] - b311 = <not implemented yet for class: org.codehaus.groovy.ast.expr.EmptyExpression>: null

03-03-2025T12:39:15 - [TEST_STEP][PASSED] - b312 = <not implemented yet for class: org.codehaus.groovy.ast.expr.EmptyExpression>: null

03-03-2025T12:39:15 - [TEST_STEP][PASSED] - b313 = <not implemented yet for class: org.codehaus.groovy.ast.expr.EmptyExpression>: null

03-03-2025T12:39:15 - [TEST_STEP][PASSED] - b314 = <not implemented yet for class: org.codehaus.groovy.ast.expr.EmptyExpression>: null

03-03-2025T12:39:15 - [TEST_STEP][PASSED] - b315 = <not implemented yet for class: org.codehaus.groovy.ast.expr.EmptyExpression>: null

03-03-2025T12:39:15 - [TEST_STEP][PASSED] - b316 = <not implemented yet for class: org.codehaus.groovy.ast.expr.EmptyExpression>: null

03-03-2025T12:39:15 - [TEST_STEP][PASSED] - b317 = <not implemented yet for class: org.codehaus.groovy.ast.expr.EmptyExpression>: null

03-03-2025T12:39:15 - [TEST_STEP][PASSED] - block = 1: null

03-03-2025T12:39:15 - [TEST_STEP][PASSED] - nameOfBlock = "": null

03-03-2025T12:39:15 - [TEST_STEP][PASSED] - Script1710234207206.PreSettings(run, vir, block, nameOfBlock, typeOfData, todaysDate): null

03-03-2025T12:39:15 - [TEST_STEP][PASSED] - openBrowser(""): Browser is opened with url: ''

03-03-2025T12:39:15 - [MESSAGE][INFO] - Starting 'Chrome' driver

03-03-2025T12:39:15 - [MESSAGE][INFO] - Action delay is set to 0 milliseconds

03-03-2025T12:39:16 - [MESSAGE][PASSED] - Browser is opened with url: ''

03-03-2025T12:39:16 - [TEST_STEP][PASSED] - refresh(): Refresh successfully

03-03-2025T12:39:16 - [MESSAGE][PASSED] - Refresh successfully

03-03-2025T12:39:16 - [TEST_STEP][PASSED] - delay(50): Delayed 50 second(s)

03-03-2025T12:40:06 - [MESSAGE][PASSED] - Delayed 50 second(s)

03-03-2025T12:40:06 - [TEST_STEP][PASSED] - println("run:" + run): null

03-03-2025T12:40:06 - [TEST_STEP][PASSED] - println("vir:" + vir): null

03-03-2025T12:40:06 - [TEST_STEP][PASSED] - println("block:" + block): null

03-03-2025T12:40:06 - [TEST_STEP][PASSED] - if (block == 1): null

03-03-2025T12:40:06 - [TEST_STEP][PASSED] - nameOfBlock = "": null

03-03-2025T12:40:06 - [TEST_STEP][PASSED] - println("nameOfBlock:" + nameOfBlock): null

03-03-2025T12:40:06 - [TEST_STEP][PASSED] - println("typeOfData:" + typeOfData): null

03-03-2025T12:40:06 - [TEST_STEP][PASSED] - println("todaysDate:" + todaysDate): null

03-03-2025T12:40:06 - [TEST_STEP][PASSED] - Script1710234207206.Autorization(block, nameOfBlock): null

03-03-2025T12:40:06 - [TEST_STEP][PASSED] - i = <not implemented yet for class: org.codehaus.groovy.ast.expr.EmptyExpression>: null

03-03-2025T12:40:06 - [TEST_STEP][PASSED] - ii = <not implemented yet for class: org.codehaus.groovy.ast.expr.EmptyExpression>: null

03-03-2025T12:40:06 - [TEST_STEP][PASSED] - urlData = <not implemented yet for class: org.codehaus.groovy.ast.expr.EmptyExpression>: null

03-03-2025T12:40:06 - [TEST_STEP][PASSED] - searchWord = <not implemented yet for class: org.codehaus.groovy.ast.expr.EmptyExpression>: null

03-03-2025T12:40:06 - [TEST_STEP][PASSED] - urlText = <not implemented yet for class: org.codehaus.groovy.ast.expr.EmptyExpression>: null

03-03-2025T12:40:06 - [TEST_STEP][PASSED] - println("block:" + block): null

03-03-2025T12:40:06 - [TEST_STEP][PASSED] - if (block == 1): null

03-03-2025T12:40:06 - [TEST_STEP][PASSED] - nameOfBlock = "": null

03-03-2025T12:40:06 - [TEST_STEP][PASSED] - println("nameOfBlock:" + nameOfBlock): null

03-03-2025T12:40:06 - [TEST_STEP][PASSED] - if (block == 1): Delayed 45 second(s)

03-03-2025T12:40:06 - [TEST_STEP][PASSED] - urlData = 2: null

03-03-2025T12:40:06 - [TEST_STEP][PASSED] - delay(45): Delayed 45 second(s)

03-03-2025T12:40:51 - [MESSAGE][PASSED] - Delayed 45 second(s)

03-03-2025T12:40:51 - [TEST_STEP][PASSED] - navigateToUrl(findTestData("PlanFact").getValue(10, urlData)): Navigate to 'https://bi.rosseti.digital/viewer?dashboardGuid=2301950b23be4ed89c1df75f2020051e&sheetGuid=b723206f698544fb87299f3095c00435&fit=true' successfully

03-03-2025T12:41:01 - [MESSAGE][PASSED] - Navigate to 'https://bi.rosseti.digital/viewer?dashboardGuid=2301950b23be4ed89c1df75f2020051e&sheetGuid=b723206f698544fb87299f3095c00435&fit=true' successfully

03-03-2025T12:41:01 - [TEST_STEP][PASSED] - urlText = getText(findTestObject("Страница авторизации/Text")): Text of object 'Object Repository/Страница авторизации/Text' is: 'Вход'

03-03-2025T12:41:02 - [MESSAGE][PASSED] - Text of object 'Object Repository/Страница авторизации/Text' is: 'Вход'

03-03-2025T12:41:02 - [TEST_STEP][PASSED] - searchWord = "Вход": null

03-03-2025T12:41:02 - [TEST_STEP][PASSED] - if (urlText == null || urlText.contains("ошибка") || urlText.contains(searchWord) == false): null

03-03-2025T12:41:02 - [TEST_STEP][PASSED] - if (verifyElementPresent(findTestObject("Страница авторизации/button_"), 30) == true): null

03-03-2025T12:41:02 - [MESSAGE][PASSED] - Object 'Object Repository/Страница авторизации/button_' is present

03-03-2025T12:41:02 - [TEST_STEP][PASSED] - setText(findTestObject("Страница авторизации/input__username"), findTestData("PlanFact").getValue(8, 1)): Text 'liazgina-di' is set on object 'Object Repository/Страница авторизации/input__username'

03-03-2025T12:41:03 - [MESSAGE][PASSED] - Text 'liazgina-di' is set on object 'Object Repository/Страница авторизации/input__username'

03-03-2025T12:41:03 - [TEST_STEP][PASSED] - setText(findTestObject("Страница авторизации/input__password"), findTestData("PlanFact").getValue(9, 1)): Text ')$%5srZ8o688Dm#q' is set on object 'Object Repository/Страница авторизации/input__password'

03-03-2025T12:41:03 - [MESSAGE][PASSED] - Text ')$%5srZ8o688Dm#q' is set on object 'Object Repository/Страница авторизации/input__password'

03-03-2025T12:41:03 - [TEST_STEP][PASSED] - click(findTestObject("Страница авторизации/button_")): Object: 'Object Repository/Страница авторизации/button_' is clicked on

03-03-2025T12:41:06 - [MESSAGE][PASSED] - Object: 'Object Repository/Страница авторизации/button_' is clicked on

03-03-2025T12:41:06 - [TEST_STEP][PASSED] - delay(45): Delayed 45 second(s)

03-03-2025T12:41:51 - [MESSAGE][PASSED] - Delayed 45 second(s)

03-03-2025T12:41:51 - [TEST_STEP][PASSED] - urlText = getText(findTestObject("Страница авторизации/Text")): Text of object 'Object Repository/Страница авторизации/Text' is: 'Период
Январь 2025 года
Выручка
Все
Выполнение плановых показателей по ПАО Россети за Январь 2025 года
План
Факт
Динамика
2025 год
0 млн.руб.
20 000 млн.руб.
40 000 млн.руб.
60 000 млн.руб.
80 000 млн.руб.
100 000 млн.руб.
120 000 млн.руб.
140 000 млн.руб.
160 000 млн.руб.
180 000 млн.руб.
200 000 млн.руб.
121 309
157 865
↑
ДЗО 
ПАО Россети
Внутренний оборот - выручка за услуги по передаче электрической энергии, учтенная в выручке за электроэнергию для конечных потребителей, при выполнении ДЗО функций гарантирующего поставщика
Подписи данных
⬤Отклонение
АО "РЭС"
АО «Тываэнерго»
АО «Чеченэнерго»
Россети Волга
Россети Кубань
Россети Ленэнерго (ГК)
Россети Московский регион
Россети Северный Кавказ (ГК)
Россети Северо-Запад
Россети Сибирь (ГК)
Россети Томск
Россети Тюмень
Россети Урал (ГК)
Россети ФСК ЕЭС
Россети Центр
Россети Центр и Приволжье (ГК)
Россети Юг (ГК)
Россети Янтарь
-2 000 млн.руб.
0 млн.руб.
2 000 млн.руб.
4 000 млн.руб.
6 000 млн.руб.
8 000 млн.руб.
10 000 млн.руб.
12 000 млн.руб.
14 000 млн.руб.
-73
274
463
1 630
-54
-403
8 709
3 799
-251
11 296
-58
-1 104
-474
-59
-675
13 055
500
-19
млн.
%
Выручка
Отклонение выручки по ПАО Россети за Январь 2025 года (факт/план, млн. руб)
ПАО Россети
36 556 млн.руб.
 '

03-03-2025T12:41:52 - [MESSAGE][PASSED] - Text of object 'Object Repository/Страница авторизации/Text' is: 'Период
Январь 2025 года
Выручка
Все
Выполнение плановых показателей по ПАО Россети за Январь 2025 года
План
Факт
Динамика
2025 год
0 млн.руб.
20 000 млн.руб.
40 000 млн.руб.
60 000 млн.руб.
80 000 млн.руб.
100 000 млн.руб.
120 000 млн.руб.
140 000 млн.руб.
160 000 млн.руб.
180 000 млн.руб.
200 000 млн.руб.
121 309
157 865
↑
ДЗО 
ПАО Россети
Внутренний оборот - выручка за услуги по передаче электрической энергии, учтенная в выручке за электроэнергию для конечных потребителей, при выполнении ДЗО функций гарантирующего поставщика
Подписи данных
⬤Отклонение
АО "РЭС"
АО «Тываэнерго»
АО «Чеченэнерго»
Россети Волга
Россети Кубань
Россети Ленэнерго (ГК)
Россети Московский регион
Россети Северный Кавказ (ГК)
Россети Северо-Запад
Россети Сибирь (ГК)
Россети Томск
Россети Тюмень
Россети Урал (ГК)
Россети ФСК ЕЭС
Россети Центр
Россети Центр и Приволжье (ГК)
Россети Юг (ГК)
Россети Янтарь
-2 000 млн.руб.
0 млн.руб.
2 000 млн.руб.
4 000 млн.руб.
6 000 млн.руб.
8 000 млн.руб.
10 000 млн.руб.
12 000 млн.руб.
14 000 млн.руб.
-73
274
463
1 630
-54
-403
8 709
3 799
-251
11 296
-58
-1 104
-474
-59
-675
13 055
500
-19
млн.
%
Выручка
Отклонение выручки по ПАО Россети за Январь 2025 года (факт/план, млн. руб)
ПАО Россети
36 556 млн.руб.
 '

03-03-2025T12:41:52 - [TEST_STEP][PASSED] - searchWord = "а": null

03-03-2025T12:41:52 - [TEST_STEP][PASSED] - if (urlText.contains("ошибка") || urlText.contains(searchWord) == false): null

03-03-2025T12:41:52 - [TEST_STEP][PASSED] - delay(45): Delayed 45 second(s)

03-03-2025T12:42:37 - [MESSAGE][PASSED] - Delayed 45 second(s)

03-03-2025T12:42:37 - [TEST_STEP][PASSED] - if (block == 2): null

03-03-2025T12:42:37 - [TEST_STEP][PASSED] - click(findTestObject("Выручка в рублях/Фильтр Период" + nameOfBlock)): Object: 'Object Repository/Выручка в рублях/Фильтр Период' is clicked on

03-03-2025T12:42:37 - [MESSAGE][PASSED] - Object: 'Object Repository/Выручка в рублях/Фильтр Период' is clicked on

03-03-2025T12:42:37 - [TEST_STEP][PASSED] - click(findTestObject("Выручка в рублях/Снять выделение в фильтре Дата" + nameOfBlock)): Object: 'Object Repository/Выручка в рублях/Снять выделение в фильтре Дата' is clicked on

03-03-2025T12:42:38 - [MESSAGE][PASSED] - Object: 'Object Repository/Выручка в рублях/Снять выделение в фильтре Дата' is clicked on

03-03-2025T12:42:38 - [TEST_STEP][PASSED] - click(findTestObject("Выручка в рублях/Применить в фильтре Дата" + nameOfBlock)): Object: 'Object Repository/Выручка в рублях/Применить в фильтре Дата' is clicked on

03-03-2025T12:42:38 - [MESSAGE][PASSED] - Object: 'Object Repository/Выручка в рублях/Применить в фильтре Дата' is clicked on

03-03-2025T12:42:38 - [TEST_STEP][PASSED] - delay(50): Delayed 50 second(s)

03-03-2025T12:43:28 - [MESSAGE][PASSED] - Delayed 50 second(s)

03-03-2025T12:43:28 - [TEST_STEP][PASSED] - click(findTestObject("Выручка в рублях/Фильтр Период" + nameOfBlock)): Object: 'Object Repository/Выручка в рублях/Фильтр Период' is clicked on

03-03-2025T12:43:28 - [MESSAGE][PASSED] - Object: 'Object Repository/Выручка в рублях/Фильтр Период' is clicked on

03-03-2025T12:43:28 - [TEST_STEP][PASSED] - click(findTestObject("Выручка в рублях/Снять выделение в фильтре Дата" + nameOfBlock)): Object: 'Object Repository/Выручка в рублях/Снять выделение в фильтре Дата' is clicked on

03-03-2025T12:43:29 - [MESSAGE][PASSED] - Object: 'Object Repository/Выручка в рублях/Снять выделение в фильтре Дата' is clicked on

03-03-2025T12:43:29 - [TEST_STEP][PASSED] - scrollToElement(findTestObject("Выручка в рублях/2025 список" + nameOfBlock), 30): Scroll to object 'Object Repository/Выручка в рублях/2025 список' successfully

03-03-2025T12:43:29 - [MESSAGE][PASSED] - Scroll to object 'Object Repository/Выручка в рублях/2025 список' successfully

03-03-2025T12:43:29 - [TEST_STEP][PASSED] - click(findTestObject("Выручка в рублях/2025 список" + nameOfBlock)): Object: 'Object Repository/Выручка в рублях/2025 список' is clicked on

03-03-2025T12:43:30 - [MESSAGE][PASSED] - Object: 'Object Repository/Выручка в рублях/2025 список' is clicked on

03-03-2025T12:43:30 - [TEST_STEP][PASSED] - scrollToElement(findTestObject("Выручка в рублях/1 квартал 2025 список Выручка"), 30): Scroll to object 'Object Repository/Выручка в рублях/1 квартал 2025 список Выручка' successfully

03-03-2025T12:43:30 - [MESSAGE][PASSED] - Scroll to object 'Object Repository/Выручка в рублях/1 квартал 2025 список Выручка' successfully

03-03-2025T12:43:30 - [TEST_STEP][PASSED] - click(findTestObject("Выручка в рублях/1 квартал 2025 список" + nameOfBlock)): Object: 'Object Repository/Выручка в рублях/1 квартал 2025 список' is clicked on

03-03-2025T12:43:30 - [MESSAGE][PASSED] - Object: 'Object Repository/Выручка в рублях/1 квартал 2025 список' is clicked on

03-03-2025T12:43:30 - [TEST_STEP][PASSED] - scrollToElement(findTestObject("Выручка в рублях/Январь 2025" + nameOfBlock), 30): Scroll to object 'Object Repository/Выручка в рублях/Январь 2025' successfully

03-03-2025T12:43:31 - [MESSAGE][PASSED] - Scroll to object 'Object Repository/Выручка в рублях/Январь 2025' successfully

03-03-2025T12:43:31 - [TEST_STEP][PASSED] - click(findTestObject("Выручка в рублях/Январь 2025" + nameOfBlock)): Object: 'Object Repository/Выручка в рублях/Январь 2025' is clicked on

03-03-2025T12:43:31 - [MESSAGE][PASSED] - Object: 'Object Repository/Выручка в рублях/Январь 2025' is clicked on

03-03-2025T12:43:31 - [TEST_STEP][PASSED] - scrollToElement(findTestObject("Выручка в рублях/Заголовок дашборда" + nameOfBlock), 30): Scroll to object 'Object Repository/Выручка в рублях/Заголовок дашборда' successfully

03-03-2025T12:43:32 - [MESSAGE][PASSED] - Scroll to object 'Object Repository/Выручка в рублях/Заголовок дашборда' successfully

03-03-2025T12:43:32 - [TEST_STEP][PASSED] - click(findTestObject("Выручка в рублях/Применить в фильтре Дата" + nameOfBlock)): Object: 'Object Repository/Выручка в рублях/Применить в фильтре Дата' is clicked on

03-03-2025T12:43:32 - [MESSAGE][PASSED] - Object: 'Object Repository/Выручка в рублях/Применить в фильтре Дата' is clicked on

03-03-2025T12:43:32 - [TEST_STEP][PASSED] - delay(55): Delayed 55 second(s)

03-03-2025T12:44:27 - [MESSAGE][PASSED] - Delayed 55 second(s)

03-03-2025T12:44:27 - [TEST_STEP][PASSED] - click(findTestObject("Выручка в рублях/Фильтр ДЗО" + nameOfBlock)): Object: 'Object Repository/Выручка в рублях/Фильтр ДЗО' is clicked on

03-03-2025T12:44:27 - [MESSAGE][PASSED] - Object: 'Object Repository/Выручка в рублях/Фильтр ДЗО' is clicked on

03-03-2025T12:44:27 - [TEST_STEP][PASSED] - click(findTestObject("Выручка в рублях/Снять выделение в фильтре ДЗО" + nameOfBlock)): Object: 'Object Repository/Выручка в рублях/Снять выделение в фильтре ДЗО' is clicked on

03-03-2025T12:44:28 - [MESSAGE][PASSED] - Object: 'Object Repository/Выручка в рублях/Снять выделение в фильтре ДЗО' is clicked on

03-03-2025T12:44:28 - [TEST_STEP][PASSED] - click(findTestObject("Выручка в рублях/Применить в фильтре ДЗО" + nameOfBlock)): Object: 'Object Repository/Выручка в рублях/Применить в фильтре ДЗО' is clicked on

03-03-2025T12:44:28 - [MESSAGE][PASSED] - Object: 'Object Repository/Выручка в рублях/Применить в фильтре ДЗО' is clicked on

03-03-2025T12:44:28 - [TEST_STEP][PASSED] - delay(50): Delayed 50 second(s)

03-03-2025T12:45:18 - [MESSAGE][PASSED] - Delayed 50 second(s)

03-03-2025T12:45:18 - [TEST_STEP][PASSED] - Script1710234207206.Tumbler(run, vir, block, nameOfBlock): null

03-03-2025T12:45:18 - [TEST_STEP][PASSED] - println("run:" + run): null

03-03-2025T12:45:18 - [TEST_STEP][PASSED] - println("vir:" + vir): null

03-03-2025T12:45:18 - [TEST_STEP][PASSED] - println("block:" + block): null

03-03-2025T12:45:18 - [TEST_STEP][PASSED] - println("nameOfBlock:" + nameOfBlock): null

03-03-2025T12:45:18 - [TEST_STEP][PASSED] - if (vir == 1): Object: 'Object Repository/Выручка в рублях/Переключить отображение с млн на проценты Выручка в рублях' is clicked on

03-03-2025T12:45:18 - [TEST_STEP][PASSED] - if (run == 2): Object: 'Object Repository/Выручка в рублях/Переключить отображение с млн на проценты Выручка в рублях' is clicked on

03-03-2025T12:45:18 - [TEST_STEP][PASSED] - click(findTestObject("Выручка в рублях/Переключить отображение с млн на проценты Выручка в рублях" + nameOfBlock)): Object: 'Object Repository/Выручка в рублях/Переключить отображение с млн на проценты Выручка в рублях' is clicked on

03-03-2025T12:45:19 - [MESSAGE][PASSED] - Object: 'Object Repository/Выручка в рублях/Переключить отображение с млн на проценты Выручка в рублях' is clicked on

03-03-2025T12:45:19 - [TEST_STEP][PASSED] - click(findTestObject("Выручка в рублях/Фильтр ДЗО" + nameOfBlock)): Object: 'Object Repository/Выручка в рублях/Фильтр ДЗО' is clicked on

03-03-2025T12:45:19 - [MESSAGE][PASSED] - Object: 'Object Repository/Выручка в рублях/Фильтр ДЗО' is clicked on

03-03-2025T12:45:19 - [TEST_STEP][PASSED] - Script1710234207206.Rosseti(nameOfBlock): null

03-03-2025T12:45:19 - [TEST_STEP][PASSED] - println("nameOfBlock:" + nameOfBlock): null

03-03-2025T12:45:19 - [TEST_STEP][PASSED] - click(findTestObject("Выручка в рублях/ПАО Россети" + nameOfBlock)): Object: 'Object Repository/Выручка в рублях/ПАО Россети' is clicked on

03-03-2025T12:45:20 - [MESSAGE][PASSED] - Object: 'Object Repository/Выручка в рублях/ПАО Россети' is clicked on

03-03-2025T12:45:20 - [TEST_STEP][PASSED] - click(findTestObject("Выручка в рублях/Применить в фильтре ДЗО" + nameOfBlock)): Object: 'Object Repository/Выручка в рублях/Применить в фильтре ДЗО' is clicked on

03-03-2025T12:45:20 - [MESSAGE][PASSED] - Object: 'Object Repository/Выручка в рублях/Применить в фильтре ДЗО' is clicked on

03-03-2025T12:45:20 - [TEST_STEP][PASSED] - if (run == 2): null

03-03-2025T12:45:20 - [TEST_STEP][PASSED] - perc = " Perc": null

03-03-2025T12:45:20 - [TEST_STEP][PASSED] - if (vir == 1 || vir == 2): Text of object 'Object Repository/Выручка в рублях/График План' is: '121 309'

03-03-2025T12:45:20 - [TEST_STEP][PASSED] - a1 = getText(findTestObject("Выручка в рублях/График План")): Text of object 'Object Repository/Выручка в рублях/График План' is: '121 309'

03-03-2025T12:45:23 - [MESSAGE][PASSED] - Text of object 'Object Repository/Выручка в рублях/График План' is: '121 309'

03-03-2025T12:45:23 - [TEST_STEP][PASSED] - if (vir == 1 || vir == 2): Text of object 'Object Repository/Выручка в рублях/График Факт' is: '157 865'

03-03-2025T12:45:23 - [TEST_STEP][PASSED] - a2 = getText(findTestObject("Выручка в рублях/График Факт")): Text of object 'Object Repository/Выручка в рублях/График Факт' is: '157 865'

03-03-2025T12:45:23 - [MESSAGE][PASSED] - Text of object 'Object Repository/Выручка в рублях/График Факт' is: '157 865'

03-03-2025T12:45:23 - [TEST_STEP][PASSED] - a30 = getText(findTestObject("Выручка в рублях/span1" + perc)): Text of object 'Object Repository/Выручка в рублях/span1 Perc' is: '-100 %'

03-03-2025T12:45:23 - [MESSAGE][PASSED] - Text of object 'Object Repository/Выручка в рублях/span1 Perc' is: '-100 %'

03-03-2025T12:45:23 - [TEST_STEP][PASSED] - i = a30.indexOf("млн.руб."): null

03-03-2025T12:45:23 - [TEST_STEP][PASSED] - if (i > -1): null

03-03-2025T12:45:23 - [TEST_STEP][PASSED] - if (a30.contains("%")): null

03-03-2025T12:45:23 - [TEST_STEP][PASSED] - a30 = a30.replaceAll("%", ""): null

03-03-2025T12:45:23 - [TEST_STEP][PASSED] - a30 = ").trim(): null

03-03-2025T12:45:23 - [TEST_STEP][PASSED] - println("a30: " + a30): null

03-03-2025T12:45:23 - [TEST_STEP][PASSED] - if (vir == 1 || vir == 2): Text of object 'Object Repository/Выручка в рублях/span2 Perc' is: 'ПАО Россети'

03-03-2025T12:45:23 - [TEST_STEP][PASSED] - a31 = ").trim(): Text of object 'Object Repository/Выручка в рублях/span2 Perc' is: 'ПАО Россети'

03-03-2025T12:45:24 - [MESSAGE][PASSED] - Text of object 'Object Repository/Выручка в рублях/span2 Perc' is: 'ПАО Россети'

03-03-2025T12:45:24 - [TEST_STEP][PASSED] - if (vir == 1 || vir == 2): Text of object 'Object Repository/Выручка в рублях/span3 Perc' is: ''

03-03-2025T12:45:24 - [TEST_STEP][PASSED] - a32 = ").trim(): Text of object 'Object Repository/Выручка в рублях/span3 Perc' is: ''

03-03-2025T12:45:24 - [MESSAGE][PASSED] - Text of object 'Object Repository/Выручка в рублях/span3 Perc' is: ''

03-03-2025T12:45:24 - [TEST_STEP][PASSED] - if (vir == 1 || vir == 2): Text of object 'Object Repository/Выручка в рублях/span8 Perc' is: '-100 %'

03-03-2025T12:45:24 - [TEST_STEP][PASSED] - a33 = ").trim(): Text of object 'Object Repository/Выручка в рублях/span4 Perc' is: ''

03-03-2025T12:45:24 - [MESSAGE][PASSED] - Text of object 'Object Repository/Выручка в рублях/span4 Perc' is: ''

03-03-2025T12:45:24 - [TEST_STEP][PASSED] - a34 = ").trim(): Text of object 'Object Repository/Выручка в рублях/span5 Perc' is: '-100 %'

03-03-2025T12:45:25 - [MESSAGE][PASSED] - Text of object 'Object Repository/Выручка в рублях/span5 Perc' is: '-100 %'

03-03-2025T12:45:25 - [TEST_STEP][PASSED] - a35 = ").trim(): Text of object 'Object Repository/Выручка в рублях/span6 Perc' is: '-100 %'

03-03-2025T12:45:25 - [MESSAGE][PASSED] - Text of object 'Object Repository/Выручка в рублях/span6 Perc' is: '-100 %'

03-03-2025T12:45:25 - [TEST_STEP][PASSED] - a36 = ").trim(): Text of object 'Object Repository/Выручка в рублях/span7 Perc' is: '-100 %'

03-03-2025T12:45:25 - [MESSAGE][PASSED] - Text of object 'Object Repository/Выручка в рублях/span7 Perc' is: '-100 %'

03-03-2025T12:45:25 - [TEST_STEP][PASSED] - a37 = ").trim(): Text of object 'Object Repository/Выручка в рублях/span8 Perc' is: '-100 %'

03-03-2025T12:45:25 - [MESSAGE][PASSED] - Text of object 'Object Repository/Выручка в рублях/span8 Perc' is: '-100 %'

03-03-2025T12:45:25 - [TEST_STEP][PASSED] - if (vir == 1 || vir == 2): Text of object 'Object Repository/Выручка в рублях/span17 Perc' is: '-100 %'

03-03-2025T12:45:25 - [TEST_STEP][PASSED] - a38 = ").trim(): Text of object 'Object Repository/Выручка в рублях/span9 Perc' is: '-100 %'

03-03-2025T12:45:26 - [MESSAGE][PASSED] - Text of object 'Object Repository/Выручка в рублях/span9 Perc' is: '-100 %'

03-03-2025T12:45:26 - [TEST_STEP][PASSED] - a39 = ").trim(): Text of object 'Object Repository/Выручка в рублях/span10 Perc' is: '-100 %'

03-03-2025T12:45:26 - [MESSAGE][PASSED] - Text of object 'Object Repository/Выручка в рублях/span10 Perc' is: '-100 %'

03-03-2025T12:45:26 - [TEST_STEP][PASSED] - a310 = ").trim(): Text of object 'Object Repository/Выручка в рублях/span11 Perc' is: '-100 %'

03-03-2025T12:45:26 - [MESSAGE][PASSED] - Text of object 'Object Repository/Выручка в рублях/span11 Perc' is: '-100 %'

03-03-2025T12:45:26 - [TEST_STEP][PASSED] - a311 = ").trim(): Text of object 'Object Repository/Выручка в рублях/span12 Perc' is: '-100 %'

03-03-2025T12:45:27 - [MESSAGE][PASSED] - Text of object 'Object Repository/Выручка в рублях/span12 Perc' is: '-100 %'

03-03-2025T12:45:27 - [TEST_STEP][PASSED] - a312 = ").trim(): Text of object 'Object Repository/Выручка в рублях/span13 Perc' is: '-100 %'

03-03-2025T12:45:27 - [MESSAGE][PASSED] - Text of object 'Object Repository/Выручка в рублях/span13 Perc' is: '-100 %'

03-03-2025T12:45:27 - [TEST_STEP][PASSED] - a313 = ").trim(): Text of object 'Object Repository/Выручка в рублях/span14 Perc' is: '-100 %'

03-03-2025T12:45:27 - [MESSAGE][PASSED] - Text of object 'Object Repository/Выручка в рублях/span14 Perc' is: '-100 %'

03-03-2025T12:45:27 - [TEST_STEP][PASSED] - a314 = ").trim(): Text of object 'Object Repository/Выручка в рублях/span15 Perc' is: '-100 %'

03-03-2025T12:45:28 - [MESSAGE][PASSED] - Text of object 'Object Repository/Выручка в рублях/span15 Perc' is: '-100 %'

03-03-2025T12:45:28 - [TEST_STEP][PASSED] - a315 = ").trim(): Text of object 'Object Repository/Выручка в рублях/span16 Perc' is: '-100 %'

03-03-2025T12:45:28 - [MESSAGE][PASSED] - Text of object 'Object Repository/Выручка в рублях/span16 Perc' is: '-100 %'

03-03-2025T12:45:28 - [TEST_STEP][PASSED] - a316 = ").trim(): Text of object 'Object Repository/Выручка в рублях/span17 Perc' is: '-100 %'

03-03-2025T12:45:28 - [MESSAGE][PASSED] - Text of object 'Object Repository/Выручка в рублях/span17 Perc' is: '-100 %'

03-03-2025T12:45:28 - [TEST_STEP][PASSED] - if (vir == 1 || vir == 2): Text of object 'Object Repository/Выручка в рублях/span18 Perc' is: '-100 %'

03-03-2025T12:45:28 - [TEST_STEP][PASSED] - a317 = ").trim(): Text of object 'Object Repository/Выручка в рублях/span18 Perc' is: '-100 %'

03-03-2025T12:45:28 - [MESSAGE][PASSED] - Text of object 'Object Repository/Выручка в рублях/span18 Perc' is: '-100 %'

03-03-2025T12:45:28 - [TEST_STEP][PASSED] - block = 2: null

03-03-2025T12:45:28 - [TEST_STEP][PASSED] - nameOfBlock = " Выручка": null

03-03-2025T12:45:28 - [TEST_STEP][PASSED] - Script1710234207206.PreSettings(run, vir, block, nameOfBlock, typeOfData, todaysDate): null

03-03-2025T12:45:28 - [TEST_STEP][PASSED] - openBrowser(""): Browser is opened with url: ''

03-03-2025T12:45:28 - [MESSAGE][WARNING] - A browser is already opened. Closing browser and opening a new one

03-03-2025T12:45:29 - [MESSAGE][INFO] - Starting 'Chrome' driver

03-03-2025T12:45:29 - [MESSAGE][INFO] - Action delay is set to 0 milliseconds

03-03-2025T12:45:30 - [MESSAGE][PASSED] - Browser is opened with url: ''

03-03-2025T12:45:30 - [TEST_STEP][PASSED] - refresh(): Refresh successfully

03-03-2025T12:45:30 - [MESSAGE][PASSED] - Refresh successfully

03-03-2025T12:45:30 - [TEST_STEP][PASSED] - delay(50): Delayed 50 second(s)

03-03-2025T12:46:20 - [MESSAGE][PASSED] - Delayed 50 second(s)

03-03-2025T12:46:20 - [TEST_STEP][PASSED] - println("run:" + run): null

03-03-2025T12:46:20 - [TEST_STEP][PASSED] - println("vir:" + vir): null

03-03-2025T12:46:20 - [TEST_STEP][PASSED] - println("block:" + block): null

03-03-2025T12:46:20 - [TEST_STEP][PASSED] - if (block == 1): null

03-03-2025T12:46:20 - [TEST_STEP][PASSED] - else: null

03-03-2025T12:46:20 - [TEST_STEP][PASSED] - nameOfBlock = " Выручка": null

03-03-2025T12:46:20 - [TEST_STEP][PASSED] - println("nameOfBlock:" + nameOfBlock): null

03-03-2025T12:46:20 - [TEST_STEP][PASSED] - println("typeOfData:" + typeOfData): null

03-03-2025T12:46:20 - [TEST_STEP][PASSED] - println("todaysDate:" + todaysDate): null

03-03-2025T12:46:20 - [TEST_STEP][PASSED] - Script1710234207206.Autorization(block, nameOfBlock): null

03-03-2025T12:46:20 - [TEST_STEP][PASSED] - i = <not implemented yet for class: org.codehaus.groovy.ast.expr.EmptyExpression>: null

03-03-2025T12:46:20 - [TEST_STEP][PASSED] - ii = <not implemented yet for class: org.codehaus.groovy.ast.expr.EmptyExpression>: null

03-03-2025T12:46:20 - [TEST_STEP][PASSED] - urlData = <not implemented yet for class: org.codehaus.groovy.ast.expr.EmptyExpression>: null

03-03-2025T12:46:20 - [TEST_STEP][PASSED] - searchWord = <not implemented yet for class: org.codehaus.groovy.ast.expr.EmptyExpression>: null

03-03-2025T12:46:20 - [TEST_STEP][PASSED] - urlText = <not implemented yet for class: org.codehaus.groovy.ast.expr.EmptyExpression>: null

03-03-2025T12:46:20 - [TEST_STEP][PASSED] - println("block:" + block): null

03-03-2025T12:46:20 - [TEST_STEP][PASSED] - if (block == 1): null

03-03-2025T12:46:20 - [TEST_STEP][PASSED] - else: null

03-03-2025T12:46:20 - [TEST_STEP][PASSED] - delay(45): Delayed 45 second(s)

03-03-2025T12:47:05 - [MESSAGE][PASSED] - Delayed 45 second(s)

03-03-2025T12:47:05 - [TEST_STEP][PASSED] - nameOfBlock = " Выручка": null

03-03-2025T12:47:05 - [TEST_STEP][PASSED] - println("nameOfBlock:" + nameOfBlock): null

03-03-2025T12:47:05 - [TEST_STEP][PASSED] - if (block == 1): null

03-03-2025T12:47:05 - [TEST_STEP][PASSED] - else: Delayed 45 second(s)

03-03-2025T12:47:05 - [TEST_STEP][PASSED] - urlData = 9: null

03-03-2025T12:47:05 - [TEST_STEP][PASSED] - delay(45): Delayed 45 second(s)

03-03-2025T12:47:50 - [MESSAGE][PASSED] - Delayed 45 second(s)

03-03-2025T12:47:50 - [TEST_STEP][PASSED] - navigateToUrl(findTestData("PlanFact").getValue(10, urlData)): Navigate to 'https://bi.rosseti.digital/viewer?dashboardGuid=a1fd28b3785d443cbc4d7690a1d78e31&sheetGuid=86092a20c5984827a0c87b24cac76a50&fit=true' successfully

03-03-2025T12:47:57 - [MESSAGE][PASSED] - Navigate to 'https://bi.rosseti.digital/viewer?dashboardGuid=a1fd28b3785d443cbc4d7690a1d78e31&sheetGuid=86092a20c5984827a0c87b24cac76a50&fit=true' successfully

03-03-2025T12:47:57 - [TEST_STEP][PASSED] - urlText = getText(findTestObject("Страница авторизации/Text")): Text of object 'Object Repository/Страница авторизации/Text' is: 'Вход'

03-03-2025T12:48:01 - [MESSAGE][PASSED] - Text of object 'Object Repository/Страница авторизации/Text' is: 'Вход'

03-03-2025T12:48:01 - [TEST_STEP][PASSED] - searchWord = "Вход": null

03-03-2025T12:48:01 - [TEST_STEP][PASSED] - if (urlText == null || urlText.contains("ошибка") || urlText.contains(searchWord) == false): null

03-03-2025T12:48:01 - [TEST_STEP][PASSED] - if (verifyElementPresent(findTestObject("Страница авторизации/button_"), 30) == true): null

03-03-2025T12:48:02 - [MESSAGE][PASSED] - Object 'Object Repository/Страница авторизации/button_' is present

03-03-2025T12:48:02 - [TEST_STEP][PASSED] - setText(findTestObject("Страница авторизации/input__username"), findTestData("PlanFact").getValue(8, 1)): Text 'liazgina-di' is set on object 'Object Repository/Страница авторизации/input__username'

03-03-2025T12:48:02 - [MESSAGE][PASSED] - Text 'liazgina-di' is set on object 'Object Repository/Страница авторизации/input__username'

03-03-2025T12:48:02 - [TEST_STEP][PASSED] - setText(findTestObject("Страница авторизации/input__password"), findTestData("PlanFact").getValue(9, 1)): Text ')$%5srZ8o688Dm#q' is set on object 'Object Repository/Страница авторизации/input__password'

03-03-2025T12:48:03 - [MESSAGE][PASSED] - Text ')$%5srZ8o688Dm#q' is set on object 'Object Repository/Страница авторизации/input__password'

03-03-2025T12:48:03 - [TEST_STEP][PASSED] - click(findTestObject("Страница авторизации/button_")): Object: 'Object Repository/Страница авторизации/button_' is clicked on

03-03-2025T12:48:05 - [MESSAGE][PASSED] - Object: 'Object Repository/Страница авторизации/button_' is clicked on

03-03-2025T12:48:05 - [TEST_STEP][PASSED] - delay(45): Delayed 45 second(s)

03-03-2025T12:48:50 - [MESSAGE][PASSED] - Delayed 45 second(s)

03-03-2025T12:48:50 - [TEST_STEP][PASSED] - urlText = getText(findTestObject("Страница авторизации/Text")): Text of object 'Object Repository/Страница авторизации/Text' is: 'Период
Январь 2025 года
Выручка
Все
Выполнение плановых показателей по ПАО Россети за Январь 2025 года
План
Факт
Динамика
2025 год
0 млн.руб.
20 000 млн.руб.
40 000 млн.руб.
60 000 млн.руб.
80 000 млн.руб.
100 000 млн.руб.
120 000 млн.руб.
140 000 млн.руб.
160 000 млн.руб.
180 000 млн.руб.
200 000 млн.руб.
121 309
157 865
↑
ДЗО 
Все
Подписи данных
⬤Отклонение
АО "РЭС"
АО «Тываэнерго»
АО «Чеченэнерго»
Россети Волга
Россети Кубань
Россети Ленэнерго (ГК)
Россети Московский регион
Россети Северный Кавказ (ГК)
Россети Северо-Запад
Россети Сибирь (ГК)
Россети Томск
Россети Тюмень
Россети Урал (ГК)
Россети ФСК ЕЭС
Россети Центр
Россети Центр и Приволжье (ГК)
Россети Юг (ГК)
Россети Янтарь
-2 000млн.руб.
0 млн.руб.
2 000млн.руб.
4 000млн.руб.
6 000млн.руб.
8 000млн.руб.
10 000млн.руб.
12 000млн.руб.
14 0…
-73
23
-83
-295
-54
-403
-927
-606
-251
348
-58
-1 104
-474
-59
-675
13 055
-191
-19
млн.
%
Выручка
Отклонение выручки (факт/план, млн. руб) 
ПАО Россети
8 156 млн.руб.
Статус данных
×
Просьба обратить внимание
Данные занесены не полностью
ВЫБРАННЫЕ ЗНАЧЕНИЯ ФИЛЬТРОВ
ДЗО | ПЕРИОД
ПАО Россети: [«Выбраны все филиалы по всем ДЗО по всем категориям»]
2025: [Янв]
*Внутренний оборот'

03-03-2025T12:48:51 - [MESSAGE][PASSED] - Text of object 'Object Repository/Страница авторизации/Text' is: 'Период
Январь 2025 года
Выручка
Все
Выполнение плановых показателей по ПАО Россети за Январь 2025 года
План
Факт
Динамика
2025 год
0 млн.руб.
20 000 млн.руб.
40 000 млн.руб.
60 000 млн.руб.
80 000 млн.руб.
100 000 млн.руб.
120 000 млн.руб.
140 000 млн.руб.
160 000 млн.руб.
180 000 млн.руб.
200 000 млн.руб.
121 309
157 865
↑
ДЗО 
Все
Подписи данных
⬤Отклонение
АО "РЭС"
АО «Тываэнерго»
АО «Чеченэнерго»
Россети Волга
Россети Кубань
Россети Ленэнерго (ГК)
Россети Московский регион
Россети Северный Кавказ (ГК)
Россети Северо-Запад
Россети Сибирь (ГК)
Россети Томск
Россети Тюмень
Россети Урал (ГК)
Россети ФСК ЕЭС
Россети Центр
Россети Центр и Приволжье (ГК)
Россети Юг (ГК)
Россети Янтарь
-2 000млн.руб.
0 млн.руб.
2 000млн.руб.
4 000млн.руб.
6 000млн.руб.
8 000млн.руб.
10 000млн.руб.
12 000млн.руб.
14 0…
-73
23
-83
-295
-54
-403
-927
-606
-251
348
-58
-1 104
-474
-59
-675
13 055
-191
-19
млн.
%
Выручка
Отклонение выручки (факт/план, млн. руб) 
ПАО Россети
8 156 млн.руб.
Статус данных
×
Просьба обратить внимание
Данные занесены не полностью
ВЫБРАННЫЕ ЗНАЧЕНИЯ ФИЛЬТРОВ
ДЗО | ПЕРИОД
ПАО Россети: [«Выбраны все филиалы по всем ДЗО по всем категориям»]
2025: [Янв]
*Внутренний оборот'

03-03-2025T12:48:51 - [TEST_STEP][PASSED] - searchWord = "а": null

03-03-2025T12:48:51 - [TEST_STEP][PASSED] - if (urlText.contains("ошибка") || urlText.contains(searchWord) == false): null

03-03-2025T12:48:51 - [TEST_STEP][PASSED] - delay(45): Delayed 45 second(s)

03-03-2025T12:49:36 - [MESSAGE][PASSED] - Delayed 45 second(s)

03-03-2025T12:49:36 - [TEST_STEP][PASSED] - if (block == 2): Delayed 50 second(s)

03-03-2025T12:49:36 - [TEST_STEP][PASSED] - opoveshenie = getText(findTestObject("Выручка в рублях/Просьба обратить внимание")): Text of object 'Object Repository/Выручка в рублях/Просьба обратить внимание' is: 'Просьба обратить внимание'

03-03-2025T12:49:36 - [MESSAGE][PASSED] - Text of object 'Object Repository/Выручка в рублях/Просьба обратить внимание' is: 'Просьба обратить внимание'

03-03-2025T12:49:36 - [TEST_STEP][PASSED] - if (opoveshenie == "Просьба обратить внимание"): Delayed 50 second(s)

03-03-2025T12:49:36 - [TEST_STEP][PASSED] - click(findTestObject("Выручка в рублях/Закрыть оповещение")): Object: 'Object Repository/Выручка в рублях/Закрыть оповещение' is clicked on

03-03-2025T12:49:36 - [MESSAGE][PASSED] - Object: 'Object Repository/Выручка в рублях/Закрыть оповещение' is clicked on

03-03-2025T12:49:36 - [TEST_STEP][PASSED] - delay(50): Delayed 50 second(s)

03-03-2025T12:50:26 - [MESSAGE][PASSED] - Delayed 50 second(s)

03-03-2025T12:50:26 - [TEST_STEP][PASSED] - click(findTestObject("Выручка в рублях/Фильтр Период" + nameOfBlock)): Object: 'Object Repository/Выручка в рублях/Фильтр Период Выручка' is clicked on

03-03-2025T12:50:27 - [MESSAGE][PASSED] - Object: 'Object Repository/Выручка в рублях/Фильтр Период Выручка' is clicked on

03-03-2025T12:50:27 - [TEST_STEP][PASSED] - click(findTestObject("Выручка в рублях/Снять выделение в фильтре Дата" + nameOfBlock)): Object: 'Object Repository/Выручка в рублях/Снять выделение в фильтре Дата Выручка' is clicked on

03-03-2025T12:50:27 - [MESSAGE][PASSED] - Object: 'Object Repository/Выручка в рублях/Снять выделение в фильтре Дата Выручка' is clicked on

03-03-2025T12:50:27 - [TEST_STEP][PASSED] - click(findTestObject("Выручка в рублях/Применить в фильтре Дата" + nameOfBlock)): Object: 'Object Repository/Выручка в рублях/Применить в фильтре Дата Выручка' is clicked on

03-03-2025T12:50:28 - [MESSAGE][PASSED] - Object: 'Object Repository/Выручка в рублях/Применить в фильтре Дата Выручка' is clicked on

03-03-2025T12:50:28 - [TEST_STEP][PASSED] - delay(50): Delayed 50 second(s)

03-03-2025T12:51:18 - [MESSAGE][PASSED] - Delayed 50 second(s)

03-03-2025T12:51:18 - [TEST_STEP][PASSED] - click(findTestObject("Выручка в рублях/Фильтр Период" + nameOfBlock)): Object: 'Object Repository/Выручка в рублях/Фильтр Период Выручка' is clicked on

03-03-2025T12:51:18 - [MESSAGE][PASSED] - Object: 'Object Repository/Выручка в рублях/Фильтр Период Выручка' is clicked on

03-03-2025T12:51:18 - [TEST_STEP][PASSED] - click(findTestObject("Выручка в рублях/Снять выделение в фильтре Дата" + nameOfBlock)): Object: 'Object Repository/Выручка в рублях/Снять выделение в фильтре Дата Выручка' is clicked on

03-03-2025T12:51:19 - [MESSAGE][PASSED] - Object: 'Object Repository/Выручка в рублях/Снять выделение в фильтре Дата Выручка' is clicked on

03-03-2025T12:51:19 - [TEST_STEP][PASSED] - scrollToElement(findTestObject("Выручка в рублях/2025 список" + nameOfBlock), 30): Scroll to object 'Object Repository/Выручка в рублях/2025 список Выручка' successfully

03-03-2025T12:51:19 - [MESSAGE][PASSED] - Scroll to object 'Object Repository/Выручка в рублях/2025 список Выручка' successfully

03-03-2025T12:51:19 - [TEST_STEP][PASSED] - click(findTestObject("Выручка в рублях/2025 список" + nameOfBlock)): Object: 'Object Repository/Выручка в рублях/2025 список Выручка' is clicked on

03-03-2025T12:51:20 - [MESSAGE][PASSED] - Object: 'Object Repository/Выручка в рублях/2025 список Выручка' is clicked on

03-03-2025T12:51:20 - [TEST_STEP][PASSED] - scrollToElement(findTestObject("Выручка в рублях/1 квартал 2025 список Выручка"), 30): Scroll to object 'Object Repository/Выручка в рублях/1 квартал 2025 список Выручка' successfully

03-03-2025T12:51:20 - [MESSAGE][PASSED] - Scroll to object 'Object Repository/Выручка в рублях/1 квартал 2025 список Выручка' successfully

03-03-2025T12:51:20 - [TEST_STEP][PASSED] - click(findTestObject("Выручка в рублях/1 квартал 2025 список" + nameOfBlock)): Object: 'Object Repository/Выручка в рублях/1 квартал 2025 список Выручка' is clicked on

03-03-2025T12:51:21 - [MESSAGE][PASSED] - Object: 'Object Repository/Выручка в рублях/1 квартал 2025 список Выручка' is clicked on

03-03-2025T12:51:21 - [TEST_STEP][PASSED] - scrollToElement(findTestObject("Выручка в рублях/Январь 2025" + nameOfBlock), 30): Scroll to object 'Object Repository/Выручка в рублях/Январь 2025 Выручка' successfully

03-03-2025T12:51:21 - [MESSAGE][PASSED] - Scroll to object 'Object Repository/Выручка в рублях/Январь 2025 Выручка' successfully

03-03-2025T12:51:21 - [TEST_STEP][PASSED] - click(findTestObject("Выручка в рублях/Январь 2025" + nameOfBlock)): Object: 'Object Repository/Выручка в рублях/Январь 2025 Выручка' is clicked on

03-03-2025T12:51:21 - [MESSAGE][PASSED] - Object: 'Object Repository/Выручка в рублях/Январь 2025 Выручка' is clicked on

03-03-2025T12:51:21 - [TEST_STEP][PASSED] - scrollToElement(findTestObject("Выручка в рублях/Заголовок дашборда" + nameOfBlock), 30): Scroll to object 'Object Repository/Выручка в рублях/Заголовок дашборда Выручка' successfully

03-03-2025T12:51:22 - [MESSAGE][PASSED] - Scroll to object 'Object Repository/Выручка в рублях/Заголовок дашборда Выручка' successfully

03-03-2025T12:51:22 - [TEST_STEP][PASSED] - click(findTestObject("Выручка в рублях/Применить в фильтре Дата" + nameOfBlock)): Object: 'Object Repository/Выручка в рублях/Применить в фильтре Дата Выручка' is clicked on

03-03-2025T12:51:22 - [MESSAGE][PASSED] - Object: 'Object Repository/Выручка в рублях/Применить в фильтре Дата Выручка' is clicked on

03-03-2025T12:51:22 - [TEST_STEP][PASSED] - delay(55): Delayed 55 second(s)

03-03-2025T12:52:17 - [MESSAGE][PASSED] - Delayed 55 second(s)

03-03-2025T12:52:17 - [TEST_STEP][PASSED] - click(findTestObject("Выручка в рублях/Фильтр ДЗО" + nameOfBlock)): Object: 'Object Repository/Выручка в рублях/Фильтр ДЗО Выручка' is clicked on

03-03-2025T12:52:18 - [MESSAGE][PASSED] - Object: 'Object Repository/Выручка в рублях/Фильтр ДЗО Выручка' is clicked on

03-03-2025T12:52:18 - [TEST_STEP][PASSED] - click(findTestObject("Выручка в рублях/Снять выделение в фильтре ДЗО" + nameOfBlock)): Object: 'Object Repository/Выручка в рублях/Снять выделение в фильтре ДЗО Выручка' is clicked on

03-03-2025T12:52:18 - [MESSAGE][PASSED] - Object: 'Object Repository/Выручка в рублях/Снять выделение в фильтре ДЗО Выручка' is clicked on

03-03-2025T12:52:18 - [TEST_STEP][PASSED] - click(findTestObject("Выручка в рублях/Применить в фильтре ДЗО" + nameOfBlock)): Object: 'Object Repository/Выручка в рублях/Применить в фильтре ДЗО Выручка' is clicked on

03-03-2025T12:52:19 - [MESSAGE][PASSED] - Object: 'Object Repository/Выручка в рублях/Применить в фильтре ДЗО Выручка' is clicked on

03-03-2025T12:52:19 - [TEST_STEP][PASSED] - delay(50): Delayed 50 second(s)

03-03-2025T12:53:09 - [MESSAGE][PASSED] - Delayed 50 second(s)

03-03-2025T12:53:09 - [TEST_STEP][PASSED] - Script1710234207206.Tumbler(run, vir, block, nameOfBlock): null

03-03-2025T12:53:09 - [TEST_STEP][PASSED] - println("run:" + run): null

03-03-2025T12:53:09 - [TEST_STEP][PASSED] - println("vir:" + vir): null

03-03-2025T12:53:09 - [TEST_STEP][PASSED] - println("block:" + block): null

03-03-2025T12:53:09 - [TEST_STEP][PASSED] - println("nameOfBlock:" + nameOfBlock): null

03-03-2025T12:53:09 - [TEST_STEP][PASSED] - if (vir == 1): Object: 'Object Repository/Выручка в рублях/Переключить отображение с млн на проценты Выручка в рублях Выручка' is clicked on

03-03-2025T12:53:09 - [TEST_STEP][PASSED] - if (run == 2): Object: 'Object Repository/Выручка в рублях/Переключить отображение с млн на проценты Выручка в рублях Выручка' is clicked on

03-03-2025T12:53:09 - [TEST_STEP][PASSED] - click(findTestObject("Выручка в рублях/Переключить отображение с млн на проценты Выручка в рублях" + nameOfBlock)): Object: 'Object Repository/Выручка в рублях/Переключить отображение с млн на проценты Выручка в рублях Выручка' is clicked on

03-03-2025T12:53:09 - [MESSAGE][PASSED] - Object: 'Object Repository/Выручка в рублях/Переключить отображение с млн на проценты Выручка в рублях Выручка' is clicked on

03-03-2025T12:53:09 - [TEST_STEP][PASSED] - click(findTestObject("Выручка в рублях/Фильтр ДЗО" + nameOfBlock)): Object: 'Object Repository/Выручка в рублях/Фильтр ДЗО Выручка' is clicked on

03-03-2025T12:53:09 - [MESSAGE][PASSED] - Object: 'Object Repository/Выручка в рублях/Фильтр ДЗО Выручка' is clicked on

03-03-2025T12:53:09 - [TEST_STEP][PASSED] - Script1710234207206.Rosseti(nameOfBlock): null

03-03-2025T12:53:09 - [TEST_STEP][PASSED] - println("nameOfBlock:" + nameOfBlock): null

03-03-2025T12:53:09 - [TEST_STEP][PASSED] - click(findTestObject("Выручка в рублях/ПАО Россети" + nameOfBlock)): Object: 'Object Repository/Выручка в рублях/ПАО Россети Выручка' is clicked on

03-03-2025T12:53:10 - [MESSAGE][PASSED] - Object: 'Object Repository/Выручка в рублях/ПАО Россети Выручка' is clicked on

03-03-2025T12:53:10 - [TEST_STEP][PASSED] - click(findTestObject("Выручка в рублях/Применить в фильтре ДЗО" + nameOfBlock)): Object: 'Object Repository/Выручка в рублях/Применить в фильтре ДЗО Выручка' is clicked on

03-03-2025T12:53:11 - [MESSAGE][PASSED] - Object: 'Object Repository/Выручка в рублях/Применить в фильтре ДЗО Выручка' is clicked on

03-03-2025T12:53:11 - [TEST_STEP][PASSED] - if (vir == 1 || vir == 2): Text of object 'Object Repository/Выручка в рублях/График План Выручка' is: '121 309'

03-03-2025T12:53:11 - [TEST_STEP][PASSED] - b1 = getText(findTestObject("Выручка в рублях/График План Выручка")): Text of object 'Object Repository/Выручка в рублях/График План Выручка' is: '121 309'

03-03-2025T12:53:16 - [MESSAGE][PASSED] - Text of object 'Object Repository/Выручка в рублях/График План Выручка' is: '121 309'

03-03-2025T12:53:16 - [TEST_STEP][PASSED] - if (vir == 1 || vir == 2): Text of object 'Object Repository/Выручка в рублях/График Факт Выручка' is: '157 865'

03-03-2025T12:53:16 - [TEST_STEP][PASSED] - b2 = getText(findTestObject("Выручка в рублях/График Факт Выручка")): Text of object 'Object Repository/Выручка в рублях/График Факт Выручка' is: '157 865'

03-03-2025T12:53:17 - [MESSAGE][PASSED] - Text of object 'Object Repository/Выручка в рублях/График Факт Выручка' is: '157 865'

03-03-2025T12:53:17 - [TEST_STEP][PASSED] - b30 = getText(findTestObject("Выручка в рублях/span1" + perc)): Text of object 'Object Repository/Выручка в рублях/span1 Perc' is: '30.13 %'

03-03-2025T12:53:17 - [MESSAGE][PASSED] - Text of object 'Object Repository/Выручка в рублях/span1 Perc' is: '30.13 %'

03-03-2025T12:53:17 - [TEST_STEP][PASSED] - i = b30.indexOf("млн.руб."): null

03-03-2025T12:53:17 - [TEST_STEP][PASSED] - if (i > -1): null

03-03-2025T12:53:17 - [TEST_STEP][PASSED] - if (b30.contains("%")): null

03-03-2025T12:53:17 - [TEST_STEP][PASSED] - b30 = b30.replaceAll("%", ""): null

03-03-2025T12:53:17 - [TEST_STEP][PASSED] - b30 = ").trim(): null

03-03-2025T12:53:17 - [TEST_STEP][PASSED] - println("b30: " + b30): null

03-03-2025T12:53:17 - [TEST_STEP][PASSED] - if (vir == 1 || vir == 2): Text of object 'Object Repository/Выручка в рублях/span2 Perc' is: ''

03-03-2025T12:53:17 - [TEST_STEP][PASSED] - b31 = ").trim(): Text of object 'Object Repository/Выручка в рублях/span2 Perc' is: ''

03-03-2025T12:53:17 - [MESSAGE][PASSED] - Text of object 'Object Repository/Выручка в рублях/span2 Perc' is: ''

03-03-2025T12:53:17 - [TEST_STEP][PASSED] - if (vir == 1 || vir == 2): Text of object 'Object Repository/Выручка в рублях/span3 Perc' is: '30.13 %'

03-03-2025T12:53:17 - [TEST_STEP][PASSED] - b32 = ").trim(): Text of object 'Object Repository/Выручка в рублях/span3 Perc' is: '30.13 %'

03-03-2025T12:53:18 - [MESSAGE][PASSED] - Text of object 'Object Repository/Выручка в рублях/span3 Perc' is: '30.13 %'

03-03-2025T12:53:18 - [TEST_STEP][PASSED] - if (vir == 1 || vir == 2): Text of object 'Object Repository/Выручка в рублях/span8 Perc' is: '-0.69 %'

03-03-2025T12:53:18 - [TEST_STEP][PASSED] - b33 = ").trim(): Text of object 'Object Repository/Выручка в рублях/span4 Perc' is: ''

03-03-2025T12:53:18 - [MESSAGE][PASSED] - Text of object 'Object Repository/Выручка в рублях/span4 Perc' is: ''

03-03-2025T12:53:18 - [TEST_STEP][PASSED] - b34 = ").trim(): Text of object 'Object Repository/Выручка в рублях/span5 Perc' is: ''

03-03-2025T12:53:18 - [MESSAGE][PASSED] - Text of object 'Object Repository/Выручка в рублях/span5 Perc' is: ''

03-03-2025T12:53:18 - [TEST_STEP][PASSED] - b35 = ").trim(): Text of object 'Object Repository/Выручка в рублях/span6 Perc' is: '-3.2 %'

03-03-2025T12:53:19 - [MESSAGE][PASSED] - Text of object 'Object Repository/Выручка в рублях/span6 Perc' is: '-3.2 %'

03-03-2025T12:53:19 - [TEST_STEP][PASSED] - b36 = ").trim(): Text of object 'Object Repository/Выручка в рублях/span7 Perc' is: '18.24 %'

03-03-2025T12:53:19 - [MESSAGE][PASSED] - Text of object 'Object Repository/Выручка в рублях/span7 Perc' is: '18.24 %'

03-03-2025T12:53:19 - [TEST_STEP][PASSED] - b37 = ").trim(): Text of object 'Object Repository/Выручка в рублях/span8 Perc' is: '-0.69 %'

03-03-2025T12:53:19 - [MESSAGE][PASSED] - Text of object 'Object Repository/Выручка в рублях/span8 Perc' is: '-0.69 %'

03-03-2025T12:53:19 - [TEST_STEP][PASSED] - if (vir == 1 || vir == 2): Text of object 'Object Repository/Выручка в рублях/span17 Perc' is: '7.87 %'

03-03-2025T12:53:19 - [TEST_STEP][PASSED] - b38 = ").trim(): Text of object 'Object Repository/Выручка в рублях/span9 Perc' is: '-3.46 %'

03-03-2025T12:53:20 - [MESSAGE][PASSED] - Text of object 'Object Repository/Выручка в рублях/span9 Perc' is: '-3.46 %'

03-03-2025T12:53:20 - [TEST_STEP][PASSED] - b39 = ").trim(): Text of object 'Object Repository/Выручка в рублях/span10 Perc' is: '68.11 %'

03-03-2025T12:53:20 - [MESSAGE][PASSED] - Text of object 'Object Repository/Выручка в рублях/span10 Perc' is: '68.11 %'

03-03-2025T12:53:20 - [TEST_STEP][PASSED] - b310 = ").trim(): Text of object 'Object Repository/Выручка в рублях/span11 Perc' is: '-3.55 %'

03-03-2025T12:53:20 - [MESSAGE][PASSED] - Text of object 'Object Repository/Выручка в рублях/span11 Perc' is: '-3.55 %'

03-03-2025T12:53:20 - [TEST_STEP][PASSED] - b311 = ").trim(): Text of object 'Object Repository/Выручка в рублях/span12 Perc' is: '-5.3 %'

03-03-2025T12:53:20 - [MESSAGE][PASSED] - Text of object 'Object Repository/Выручка в рублях/span12 Perc' is: '-5.3 %'

03-03-2025T12:53:20 - [TEST_STEP][PASSED] - b312 = ").trim(): Text of object 'Object Repository/Выручка в рублях/span13 Perc' is: '-10.64 %'

03-03-2025T12:53:21 - [MESSAGE][PASSED] - Text of object 'Object Repository/Выручка в рублях/span13 Perc' is: '-10.64 %'

03-03-2025T12:53:21 - [TEST_STEP][PASSED] - b313 = ").trim(): Text of object 'Object Repository/Выручка в рублях/span14 Perc' is: '-4.34 %'

03-03-2025T12:53:21 - [MESSAGE][PASSED] - Text of object 'Object Repository/Выручка в рублях/span14 Perc' is: '-4.34 %'

03-03-2025T12:53:21 - [TEST_STEP][PASSED] - b314 = ").trim(): Text of object 'Object Repository/Выручка в рублях/span15 Perc' is: '-0.21 %'

03-03-2025T12:53:21 - [MESSAGE][PASSED] - Text of object 'Object Repository/Выручка в рублях/span15 Perc' is: '-0.21 %'

03-03-2025T12:53:21 - [TEST_STEP][PASSED] - b315 = ").trim(): Text of object 'Object Repository/Выручка в рублях/span16 Perc' is: '-5.32 %'

03-03-2025T12:53:22 - [MESSAGE][PASSED] - Text of object 'Object Repository/Выручка в рублях/span16 Perc' is: '-5.32 %'

03-03-2025T12:53:22 - [TEST_STEP][PASSED] - b316 = ").trim(): Text of object 'Object Repository/Выручка в рублях/span17 Perc' is: '7.87 %'

03-03-2025T12:53:22 - [MESSAGE][PASSED] - Text of object 'Object Repository/Выручка в рублях/span17 Perc' is: '7.87 %'

03-03-2025T12:53:22 - [TEST_STEP][PASSED] - if (vir == 1 || vir == 2): Text of object 'Object Repository/Выручка в рублях/span18 Perc' is: '-1.75 %'

03-03-2025T12:53:22 - [TEST_STEP][PASSED] - b317 = ").trim(): Text of object 'Object Repository/Выручка в рублях/span18 Perc' is: '-1.75 %'

03-03-2025T12:53:22 - [MESSAGE][PASSED] - Text of object 'Object Repository/Выручка в рублях/span18 Perc' is: '-1.75 %'

03-03-2025T12:53:22 - [TEST_STEP][PASSED] - dZO = "ПАО Россети": null

03-03-2025T12:53:22 - [TEST_STEP][PASSED] - if (verifyEqual(a1, b1) == false): Actual object '121 309' and expected object '121 309' are equal

03-03-2025T12:53:22 - [MESSAGE][PASSED] - Actual object '121 309' and expected object '121 309' are equal

03-03-2025T12:53:22 - [TEST_STEP][PASSED] - if (verifyEqual(a2, b2) == false): Actual object '157 865' and expected object '157 865' are equal

03-03-2025T12:53:22 - [MESSAGE][PASSED] - Actual object '157 865' and expected object '157 865' are equal

03-03-2025T12:53:22 - [TEST_STEP][PASSED] - vidget = "Отклонения": null

03-03-2025T12:53:22 - [TEST_STEP][FAILED] - if (verifyEqual(a30, b30) == false): null

03-03-2025T12:53:22 - [MESSAGE][FAILED] - Unable to verify equal between actual object '-100' and expected object '30.13' (Root cause: com.kms.katalon.core.exception.StepFailedException: Actual object '-100' and expected object '30.13' are not equal
	at com.kms.katalon.core.keyword.builtin.VerifyEqualKeyword$_verifyEqual_closure1.doCall(VerifyEqualKeyword.groovy:58)
	at com.kms.katalon.core.keyword.builtin.VerifyEqualKeyword$_verifyEqual_closure1.call(VerifyEqualKeyword.groovy)
	at com.kms.katalon.core.keyword.internal.KeywordMain.runKeyword(KeywordMain.groovy:75)
	at com.kms.katalon.core.keyword.builtin.VerifyEqualKeyword.verifyEqual(VerifyEqualKeyword.groovy:63)
	at com.kms.katalon.core.keyword.builtin.VerifyEqualKeyword.execute(VerifyEqualKeyword.groovy:44)
	at com.kms.katalon.core.keyword.internal.KeywordExecutor.executeKeywordForPlatform(KeywordExecutor.groovy:74)
	at com.kms.katalon.core.keyword.BuiltinKeywords.verifyEqual(BuiltinKeywords.groovy:146)
	at jdk.internal.reflect.GeneratedMethodAccessor24.invoke(Unknown Source)
	at java.base/jdk.internal.reflect.DelegatingMethodAccessorImpl.invoke(DelegatingMethodAccessorImpl.java:43)
	at Выручка в рублях сверка дашбордов ПАО Россети.Blocks(Выручка в рублях сверка дашбордов ПАО Россети:357)
	at Выручка в рублях сверка дашбордов ПАО Россети.ViruchkaChange(Выручка в рублях сверка дашбордов ПАО Россети:60)
	at Выручка в рублях сверка дашбордов ПАО Россети.run(Выручка в рублях сверка дашбордов ПАО Россети:55)
	at com.kms.katalon.core.main.ScriptEngine.run(ScriptEngine.java:194)
	at com.kms.katalon.core.main.ScriptEngine.runScriptAsRawText(ScriptEngine.java:119)
	at com.kms.katalon.core.main.TestCaseExecutor.runScript(TestCaseExecutor.java:448)
	at com.kms.katalon.core.main.TestCaseExecutor.doExecute(TestCaseExecutor.java:439)
	at com.kms.katalon.core.main.TestCaseExecutor.processExecutionPhase(TestCaseExecutor.java:418)
	at com.kms.katalon.core.main.TestCaseExecutor.accessMainPhase(TestCaseExecutor.java:410)
	at com.kms.katalon.core.main.TestCaseExecutor.execute(TestCaseExecutor.java:285)
	at com.kms.katalon.core.common.CommonExecutor.accessTestCaseMainPhase(CommonExecutor.java:65)
	at com.kms.katalon.core.main.TestSuiteExecutor.accessTestSuiteMainPhase(TestSuiteExecutor.java:150)
	at com.kms.katalon.core.main.TestSuiteExecutor.execute(TestSuiteExecutor.java:106)
	at com.kms.katalon.core.main.TestCaseMain.startTestSuite(TestCaseMain.java:180)
	at TempTestSuite1740991900055.run(TempTestSuite1740991900055.groovy:35)
	at java.base/jdk.internal.reflect.NativeMethodAccessorImpl.invoke0(Native Method)
	at java.base/jdk.internal.reflect.NativeMethodAccessorImpl.invoke(NativeMethodAccessorImpl.java:77)
	at java.base/jdk.internal.reflect.DelegatingMethodAccessorImpl.invoke(DelegatingMethodAccessorImpl.java:43)
)

03-03-2025T12:53:22 - [TEST_STEP][PASSED] - a = replaceAll("\s+", "").toDouble(): null

03-03-2025T12:53:22 - [TEST_STEP][PASSED] - b = replaceAll("\s+", "").toDouble(): null

03-03-2025T12:53:22 - [TEST_STEP][PASSED] - Script1710234207206.WriteToExcel(todaysDate, run, vir, block, typeOfData, viruchka, vidget, nameOfBlock, a, b, dZO): null

03-03-2025T12:53:22 - [TEST_STEP][PASSED] - println(run): null

03-03-2025T12:53:22 - [TEST_STEP][PASSED] - if (run == 1): null

03-03-2025T12:53:22 - [TEST_STEP][PASSED] - else if (run == 2): null

03-03-2025T12:53:22 - [TEST_STEP][PASSED] - typeOfData = "Проценты": null

03-03-2025T12:53:22 - [TEST_STEP][PASSED] - println("todaysDate:" + todaysDate): null

03-03-2025T12:53:22 - [TEST_STEP][PASSED] - println("typeOfData:" + typeOfData): null

03-03-2025T12:53:22 - [TEST_STEP][PASSED] - viruchka = getText(findTestObject("Выручка в рублях/Фильтр Выручка" + nameOfBlock)): Text of object 'Object Repository/Выручка в рублях/Фильтр Выручка Выручка' is: 'Все'

03-03-2025T12:53:22 - [MESSAGE][PASSED] - Text of object 'Object Repository/Выручка в рублях/Фильтр Выручка Выручка' is: 'Все'

03-03-2025T12:53:22 - [TEST_STEP][PASSED] - println("viruchka" + viruchka): null

03-03-2025T12:53:22 - [TEST_STEP][PASSED] - println("vidget" + vidget): null

03-03-2025T12:53:22 - [TEST_STEP][PASSED] - println("a" + a): null

03-03-2025T12:53:22 - [TEST_STEP][PASSED] - println("b" + b): null

03-03-2025T12:53:22 - [TEST_STEP][PASSED] - sheetName = "Sheet1": null

03-03-2025T12:53:22 - [TEST_STEP][PASSED] - data = findTestData("PlanFact"): null

03-03-2025T12:53:23 - [TEST_STEP][PASSED] - n = data.getRowNumbers() + 1: null

03-03-2025T12:53:23 - [TEST_STEP][PASSED] - period = getText(findTestObject("Выручка в рублях/Фильтр Период")).trim(): Text of object 'Object Repository/Выручка в рублях/Фильтр Период' is: 'Январь 2025 года'

03-03-2025T12:53:23 - [MESSAGE][PASSED] - Text of object 'Object Repository/Выручка в рублях/Фильтр Период' is: 'Январь 2025 года'

03-03-2025T12:53:23 - [TEST_STEP][PASSED] - println(period): null

03-03-2025T12:53:23 - [TEST_STEP][PASSED] - if (period.findAll("[а-яА-Я]") == false): null

03-03-2025T12:53:23 - [TEST_STEP][PASSED] - dashboardName = "Выручка в рублях": null

03-03-2025T12:53:23 - [TEST_STEP][PASSED] - workbook01 = getWorkbook(excelFilePath): null

03-03-2025T12:53:23 - [TEST_STEP][PASSED] - sheet01 = getExcelSheet(workbook01, sheetName): null

03-03-2025T12:53:23 - [TEST_STEP][PASSED] - setValueToCellByIndex(sheet01, n, 0, dashboardName): null

03-03-2025T12:53:23 - [TEST_STEP][PASSED] - setValueToCellByIndex(sheet01, n, 1, dZO): null

03-03-2025T12:53:23 - [TEST_STEP][PASSED] - setValueToCellByIndex(sheet01, n, 2, vidget): null

03-03-2025T12:53:23 - [TEST_STEP][PASSED] - setValueToCellByIndex(sheet01, n, 3, viruchka): null

03-03-2025T12:53:23 - [TEST_STEP][PASSED] - setValueToCellByIndex(sheet01, n, 4, typeOfData): null

03-03-2025T12:53:23 - [TEST_STEP][PASSED] - if (a == null): null

03-03-2025T12:53:23 - [TEST_STEP][PASSED] - else: null

03-03-2025T12:53:23 - [TEST_STEP][PASSED] - setValueToCellByIndex(sheet01, n, 5, a): null

03-03-2025T12:53:23 - [TEST_STEP][PASSED] - if (b == null): null

03-03-2025T12:53:23 - [TEST_STEP][PASSED] - else: null

03-03-2025T12:53:23 - [TEST_STEP][PASSED] - setValueToCellByIndex(sheet01, n, 6, b): null

03-03-2025T12:53:23 - [TEST_STEP][PASSED] - setValueToCellByIndex(sheet01, n, 7, period): null

03-03-2025T12:53:23 - [TEST_STEP][PASSED] - setValueToCellByIndex(sheet01, n, 8, todaysDate): null

03-03-2025T12:53:23 - [TEST_STEP][PASSED] - n = n + 1: null

03-03-2025T12:53:23 - [TEST_STEP][PASSED] - saveWorkbook(excelFilePath, workbook01): null

03-03-2025T12:53:23 - [TEST_STEP][PASSED] - dZO = "АО «Тываэнерго»": null

03-03-2025T12:53:23 - [TEST_STEP][FAILED] - if (verifyEqual(a31, b31) == false): null

03-03-2025T12:53:23 - [MESSAGE][FAILED] - Unable to verify equal between actual object 'ПАО Россети' and expected object '' (Root cause: com.kms.katalon.core.exception.StepFailedException: Actual object 'ПАО Россети' and expected object '' are not equal
	at com.kms.katalon.core.keyword.builtin.VerifyEqualKeyword$_verifyEqual_closure1.doCall(VerifyEqualKeyword.groovy:58)
	at com.kms.katalon.core.keyword.builtin.VerifyEqualKeyword$_verifyEqual_closure1.call(VerifyEqualKeyword.groovy)
	at com.kms.katalon.core.keyword.internal.KeywordMain.runKeyword(KeywordMain.groovy:75)
	at com.kms.katalon.core.keyword.builtin.VerifyEqualKeyword.verifyEqual(VerifyEqualKeyword.groovy:63)
	at com.kms.katalon.core.keyword.builtin.VerifyEqualKeyword.execute(VerifyEqualKeyword.groovy:44)
	at com.kms.katalon.core.keyword.internal.KeywordExecutor.executeKeywordForPlatform(KeywordExecutor.groovy:74)
	at com.kms.katalon.core.keyword.BuiltinKeywords.verifyEqual(BuiltinKeywords.groovy:146)
	at jdk.internal.reflect.GeneratedMethodAccessor24.invoke(Unknown Source)
	at java.base/jdk.internal.reflect.DelegatingMethodAccessorImpl.invoke(DelegatingMethodAccessorImpl.java:43)
	at Выручка в рублях сверка дашбордов ПАО Россети.Blocks(Выручка в рублях сверка дашбордов ПАО Россети:367)
	at Выручка в рублях сверка дашбордов ПАО Россети.ViruchkaChange(Выручка в рублях сверка дашбордов ПАО Россети:60)
	at Выручка в рублях сверка дашбордов ПАО Россети.run(Выручка в рублях сверка дашбордов ПАО Россети:55)
	at com.kms.katalon.core.main.ScriptEngine.run(ScriptEngine.java:194)
	at com.kms.katalon.core.main.ScriptEngine.runScriptAsRawText(ScriptEngine.java:119)
	at com.kms.katalon.core.main.TestCaseExecutor.runScript(TestCaseExecutor.java:448)
	at com.kms.katalon.core.main.TestCaseExecutor.doExecute(TestCaseExecutor.java:439)
	at com.kms.katalon.core.main.TestCaseExecutor.processExecutionPhase(TestCaseExecutor.java:418)
	at com.kms.katalon.core.main.TestCaseExecutor.accessMainPhase(TestCaseExecutor.java:410)
	at com.kms.katalon.core.main.TestCaseExecutor.execute(TestCaseExecutor.java:285)
	at com.kms.katalon.core.common.CommonExecutor.accessTestCaseMainPhase(CommonExecutor.java:65)
	at com.kms.katalon.core.main.TestSuiteExecutor.accessTestSuiteMainPhase(TestSuiteExecutor.java:150)
	at com.kms.katalon.core.main.TestSuiteExecutor.execute(TestSuiteExecutor.java:106)
	at com.kms.katalon.core.main.TestCaseMain.startTestSuite(TestCaseMain.java:180)
	at TempTestSuite1740991900055.run(TempTestSuite1740991900055.groovy:35)
	at java.base/jdk.internal.reflect.NativeMethodAccessorImpl.invoke0(Native Method)
	at java.base/jdk.internal.reflect.NativeMethodAccessorImpl.invoke(NativeMethodAccessorImpl.java:77)
	at java.base/jdk.internal.reflect.DelegatingMethodAccessorImpl.invoke(DelegatingMethodAccessorImpl.java:43)
)

03-03-2025T12:53:23 - [TEST_STEP][ERROR] - a = replaceAll("\s+", "").toDouble(): Test Cases/Сверки дашбордов/Выручка в рублях сверка дашбордов ПАО Россети FAILED.
Reason:
java.lang.NumberFormatException: For input string: "ПАОРоссети"
	at java.base/jdk.internal.math.FloatingDecimal.readJavaFormatString(FloatingDecimal.java:2054)
	at java.base/jdk.internal.math.FloatingDecimal.parseDouble(FloatingDecimal.java:110)
	at Выручка в рублях сверка дашбордов ПАО Россети.Blocks(Выручка в рублях сверка дашбордов ПАО Россети:368)
	at Выручка в рублях сверка дашбордов ПАО Россети.ViruchkaChange(Выручка в рублях сверка дашбордов ПАО Россети:60)
	at Выручка в рублях сверка дашбордов ПАО Россети.run(Выручка в рублях сверка дашбордов ПАО Россети:55)
	at com.kms.katalon.core.main.ScriptEngine.run(ScriptEngine.java:194)
	at com.kms.katalon.core.main.ScriptEngine.runScriptAsRawText(ScriptEngine.java:119)
	at com.kms.katalon.core.main.TestCaseExecutor.runScript(TestCaseExecutor.java:448)
	at com.kms.katalon.core.main.TestCaseExecutor.doExecute(TestCaseExecutor.java:439)
	at com.kms.katalon.core.main.TestCaseExecutor.processExecutionPhase(TestCaseExecutor.java:418)
	at com.kms.katalon.core.main.TestCaseExecutor.accessMainPhase(TestCaseExecutor.java:410)
	at com.kms.katalon.core.main.TestCaseExecutor.execute(TestCaseExecutor.java:285)
	at com.kms.katalon.core.common.CommonExecutor.accessTestCaseMainPhase(CommonExecutor.java:65)
	at com.kms.katalon.core.main.TestSuiteExecutor.accessTestSuiteMainPhase(TestSuiteExecutor.java:150)
	at com.kms.katalon.core.main.TestSuiteExecutor.execute(TestSuiteExecutor.java:106)
	at com.kms.katalon.core.main.TestCaseMain.startTestSuite(TestCaseMain.java:180)
	at TempTestSuite1740991900055.run(TempTestSuite1740991900055.groovy:35)
	at java.base/jdk.internal.reflect.NativeMethodAccessorImpl.invoke0(Native Method)
	at java.base/jdk.internal.reflect.NativeMethodAccessorImpl.invoke(NativeMethodAccessorImpl.java:77)
	at java.base/jdk.internal.reflect.DelegatingMethodAccessorImpl.invoke(DelegatingMethodAccessorImpl.java:43)


03-03-2025T12:53:23 - [MESSAGE][ERROR] - Test Cases/Сверки дашбордов/Выручка в рублях сверка дашбордов ПАО Россети FAILED.
Reason:
java.lang.NumberFormatException: For input string: "ПАОРоссети"
	at java.base/jdk.internal.math.FloatingDecimal.readJavaFormatString(FloatingDecimal.java:2054)
	at java.base/jdk.internal.math.FloatingDecimal.parseDouble(FloatingDecimal.java:110)
	at Выручка в рублях сверка дашбордов ПАО Россети.Blocks(Выручка в рублях сверка дашбордов ПАО Россети:368)
	at Выручка в рублях сверка дашбордов ПАО Россети.ViruchkaChange(Выручка в рублях сверка дашбордов ПАО Россети:60)
	at Выручка в рублях сверка дашбордов ПАО Россети.run(Выручка в рублях сверка дашбордов ПАО Россети:55)
	at com.kms.katalon.core.main.ScriptEngine.run(ScriptEngine.java:194)
	at com.kms.katalon.core.main.ScriptEngine.runScriptAsRawText(ScriptEngine.java:119)
	at com.kms.katalon.core.main.TestCaseExecutor.runScript(TestCaseExecutor.java:448)
	at com.kms.katalon.core.main.TestCaseExecutor.doExecute(TestCaseExecutor.java:439)
	at com.kms.katalon.core.main.TestCaseExecutor.processExecutionPhase(TestCaseExecutor.java:418)
	at com.kms.katalon.core.main.TestCaseExecutor.accessMainPhase(TestCaseExecutor.java:410)
	at com.kms.katalon.core.main.TestCaseExecutor.execute(TestCaseExecutor.java:285)
	at com.kms.katalon.core.common.CommonExecutor.accessTestCaseMainPhase(CommonExecutor.java:65)
	at com.kms.katalon.core.main.TestSuiteExecutor.accessTestSuiteMainPhase(TestSuiteExecutor.java:150)
	at com.kms.katalon.core.main.TestSuiteExecutor.execute(TestSuiteExecutor.java:106)
	at com.kms.katalon.core.main.TestCaseMain.startTestSuite(TestCaseMain.java:180)
	at TempTestSuite1740991900055.run(TempTestSuite1740991900055.groovy:35)
	at java.base/jdk.internal.reflect.NativeMethodAccessorImpl.invoke0(Native Method)
	at java.base/jdk.internal.reflect.NativeMethodAccessorImpl.invoke(NativeMethodAccessorImpl.java:77)
	at java.base/jdk.internal.reflect.DelegatingMethodAccessorImpl.invoke(DelegatingMethodAccessorImpl.java:43)]]></system-out>
         <system-err><![CDATA[03-03-2025T11:56:02 - [TEST_CASE][FAILED] - Test Cases/Сверки дашбордов/Выручка в рублях сверка дашбордов ПАО Россети: Test Cases/Сверки дашбордов/Выручка в рублях сверка дашбордов ПАО Россети FAILED.
Reason:
com.kms.katalon.core.exception.StepFailedException: Unable to verify equal between actual object '36556' and expected object '8156' (Root cause: com.kms.katalon.core.exception.StepFailedException: Actual object '36556' and expected object '8156' are not equal
	at com.kms.katalon.core.keyword.builtin.VerifyEqualKeyword$_verifyEqual_closure1.doCall(VerifyEqualKeyword.groovy:58)
	at com.kms.katalon.core.keyword.builtin.VerifyEqualKeyword$_verifyEqual_closure1.call(VerifyEqualKeyword.groovy)
	at com.kms.katalon.core.keyword.internal.KeywordMain.runKeyword(KeywordMain.groovy:75)
	at com.kms.katalon.core.keyword.builtin.VerifyEqualKeyword.verifyEqual(VerifyEqualKeyword.groovy:63)
	at com.kms.katalon.core.keyword.builtin.VerifyEqualKeyword.execute(VerifyEqualKeyword.groovy:44)
	at com.kms.katalon.core.keyword.internal.KeywordExecutor.executeKeywordForPlatform(KeywordExecutor.groovy:74)
	at com.kms.katalon.core.keyword.BuiltinKeywords.verifyEqual(BuiltinKeywords.groovy:146)
	at java.base/jdk.internal.reflect.NativeMethodAccessorImpl.invoke0(Native Method)
	at java.base/jdk.internal.reflect.NativeMethodAccessorImpl.invoke(NativeMethodAccessorImpl.java:77)
	at java.base/jdk.internal.reflect.DelegatingMethodAccessorImpl.invoke(DelegatingMethodAccessorImpl.java:43)
	at Выручка в рублях сверка дашбордов ПАО Россети.Blocks(Выручка в рублях сверка дашбордов ПАО Россети:357)
	at Выручка в рублях сверка дашбордов ПАО Россети.ViruchkaChange(Выручка в рублях сверка дашбордов ПАО Россети:60)
	at Выручка в рублях сверка дашбордов ПАО Россети.run(Выручка в рублях сверка дашбордов ПАО Россети:55)
	at com.kms.katalon.core.main.ScriptEngine.run(ScriptEngine.java:194)
	at com.kms.katalon.core.main.ScriptEngine.runScriptAsRawText(ScriptEngine.java:119)
	at com.kms.katalon.core.main.TestCaseExecutor.runScript(TestCaseExecutor.java:448)
	at com.kms.katalon.core.main.TestCaseExecutor.doExecute(TestCaseExecutor.java:439)
	at com.kms.katalon.core.main.TestCaseExecutor.processExecutionPhase(TestCaseExecutor.java:418)
	at com.kms.katalon.core.main.TestCaseExecutor.accessMainPhase(TestCaseExecutor.java:410)
	at com.kms.katalon.core.main.TestCaseExecutor.execute(TestCaseExecutor.java:285)
	at com.kms.katalon.core.common.CommonExecutor.accessTestCaseMainPhase(CommonExecutor.java:65)
	at com.kms.katalon.core.main.TestSuiteExecutor.accessTestSuiteMainPhase(TestSuiteExecutor.java:150)
	at com.kms.katalon.core.main.TestSuiteExecutor.execute(TestSuiteExecutor.java:106)
	at com.kms.katalon.core.main.TestCaseMain.startTestSuite(TestCaseMain.java:180)
	at TempTestSuite1740991900055.run(TempTestSuite1740991900055.groovy:35)
	at java.base/jdk.internal.reflect.NativeMethodAccessorImpl.invoke0(Native Method)
	at java.base/jdk.internal.reflect.NativeMethodAccessorImpl.invoke(NativeMethodAccessorImpl.java:77)
	at java.base/jdk.internal.reflect.DelegatingMethodAccessorImpl.invoke(DelegatingMethodAccessorImpl.java:43)
)
	at com.kms.katalon.core.keyword.internal.KeywordMain.stepFailed(KeywordMain.groovy:39)
	at com.kms.katalon.core.keyword.internal.KeywordMain.stepFailed(KeywordMain.groovy)
	at com.kms.katalon.core.keyword.internal.KeywordMain.runKeyword(KeywordMain.groovy:77)
	at com.kms.katalon.core.keyword.builtin.VerifyEqualKeyword.verifyEqual(VerifyEqualKeyword.groovy:63)
	at com.kms.katalon.core.keyword.builtin.VerifyEqualKeyword.execute(VerifyEqualKeyword.groovy:44)
	at com.kms.katalon.core.keyword.internal.KeywordExecutor.executeKeywordForPlatform(KeywordExecutor.groovy:74)
	at com.kms.katalon.core.keyword.BuiltinKeywords.verifyEqual(BuiltinKeywords.groovy:146)
	at java.base/jdk.internal.reflect.NativeMethodAccessorImpl.invoke0(Native Method)
	at java.base/jdk.internal.reflect.NativeMethodAccessorImpl.invoke(NativeMethodAccessorImpl.java:77)
	at java.base/jdk.internal.reflect.DelegatingMethodAccessorImpl.invoke(DelegatingMethodAccessorImpl.java:43)
	at Выручка в рублях сверка дашбордов ПАО Россети.Blocks(Выручка в рублях сверка дашбордов ПАО Россети:357)
	at Выручка в рублях сверка дашбордов ПАО Россети.ViruchkaChange(Выручка в рублях сверка дашбордов ПАО Россети:60)
	at Выручка в рублях сверка дашбордов ПАО Россети.run(Выручка в рублях сверка дашбордов ПАО Россети:55)
	at com.kms.katalon.core.main.ScriptEngine.run(ScriptEngine.java:194)
	at com.kms.katalon.core.main.ScriptEngine.runScriptAsRawText(ScriptEngine.java:119)
	at com.kms.katalon.core.main.TestCaseExecutor.runScript(TestCaseExecutor.java:448)
	at com.kms.katalon.core.main.TestCaseExecutor.doExecute(TestCaseExecutor.java:439)
	at com.kms.katalon.core.main.TestCaseExecutor.processExecutionPhase(TestCaseExecutor.java:418)
	at com.kms.katalon.core.main.TestCaseExecutor.accessMainPhase(TestCaseExecutor.java:410)
	at com.kms.katalon.core.main.TestCaseExecutor.execute(TestCaseExecutor.java:285)
	at com.kms.katalon.core.common.CommonExecutor.accessTestCaseMainPhase(CommonExecutor.java:65)
	at com.kms.katalon.core.main.TestSuiteExecutor.accessTestSuiteMainPhase(TestSuiteExecutor.java:150)
	at com.kms.katalon.core.main.TestSuiteExecutor.execute(TestSuiteExecutor.java:106)
	at com.kms.katalon.core.main.TestCaseMain.startTestSuite(TestCaseMain.java:180)
	at TempTestSuite1740991900055.run(TempTestSuite1740991900055.groovy:35)
	at java.base/jdk.internal.reflect.NativeMethodAccessorImpl.invoke0(Native Method)
	at java.base/jdk.internal.reflect.NativeMethodAccessorImpl.invoke(NativeMethodAccessorImpl.java:77)
	at java.base/jdk.internal.reflect.DelegatingMethodAccessorImpl.invoke(DelegatingMethodAccessorImpl.java:43)
Caused by: com.kms.katalon.core.exception.StepFailedException: Actual object '36556' and expected object '8156' are not equal
	at com.kms.katalon.core.keyword.builtin.VerifyEqualKeyword$_verifyEqual_closure1.doCall(VerifyEqualKeyword.groovy:58)
	at com.kms.katalon.core.keyword.builtin.VerifyEqualKeyword$_verifyEqual_closure1.call(VerifyEqualKeyword.groovy)
	at com.kms.katalon.core.keyword.internal.KeywordMain.runKeyword(KeywordMain.groovy:75)
	... 25 more]]></system-err>
      </testcase>
      <testcase name="Test Cases/Сверки дашбордов/Выручка по ДЗО сверка дашбордов" time="173.211" classname="Test Cases/Сверки дашбордов/Выручка по ДЗО сверка дашбордов" status="PASSED">
         <system-out><![CDATA[03-03-2025T12:53:23 - [TEST_CASE][PASSED] - Test Cases/Сверки дашбордов/Выручка по ДЗО сверка дашбордов: Test Cases/Сверки дашбордов/Выручка по ДЗО сверка дашбордов

03-03-2025T12:53:23 - [TEST_STEP][PASSED] - date = new java.util.Date(): null

03-03-2025T12:53:23 - [TEST_STEP][PASSED] - todaysDate = date.format("dd.MM.yyyy"): null

03-03-2025T12:53:23 - [TEST_STEP][PASSED] - println(todaysDate): null

03-03-2025T12:53:23 - [TEST_STEP][PASSED] - openBrowser(""): Browser is opened with url: ''

03-03-2025T12:53:23 - [MESSAGE][WARNING] - A browser is already opened. Closing browser and opening a new one

03-03-2025T12:53:24 - [MESSAGE][INFO] - Starting 'Chrome' driver

03-03-2025T12:53:24 - [MESSAGE][INFO] - Action delay is set to 0 milliseconds

03-03-2025T12:53:25 - [MESSAGE][PASSED] - Browser is opened with url: ''

03-03-2025T12:53:25 - [TEST_STEP][PASSED] - navigateToUrl(findTestData("PlanFact").getValue(10, 5)): Navigate to 'https://bi.rosseti.digital/viewer?dashboardGuid=2301950b23be4ed89c1df75f2020051e&sheetGuid=31530aa0b6664c09b016b7f2ab9d853e&fit=true' successfully

03-03-2025T12:53:51 - [MESSAGE][PASSED] - Navigate to 'https://bi.rosseti.digital/viewer?dashboardGuid=2301950b23be4ed89c1df75f2020051e&sheetGuid=31530aa0b6664c09b016b7f2ab9d853e&fit=true' successfully

03-03-2025T12:53:51 - [TEST_STEP][PASSED] - setText(findTestObject("Страница авторизации/input__username"), findTestData("PlanFact").getValue(8, 1)): Text 'liazgina-di' is set on object 'Object Repository/Страница авторизации/input__username'

03-03-2025T12:53:51 - [MESSAGE][PASSED] - Text 'liazgina-di' is set on object 'Object Repository/Страница авторизации/input__username'

03-03-2025T12:53:51 - [TEST_STEP][PASSED] - setText(findTestObject("Страница авторизации/input__password"), findTestData("PlanFact").getValue(9, 1)): Text ')$%5srZ8o688Dm#q' is set on object 'Object Repository/Страница авторизации/input__password'

03-03-2025T12:53:52 - [MESSAGE][PASSED] - Text ')$%5srZ8o688Dm#q' is set on object 'Object Repository/Страница авторизации/input__password'

03-03-2025T12:53:52 - [TEST_STEP][PASSED] - click(findTestObject("Страница авторизации/button_")): Object: 'Object Repository/Страница авторизации/button_' is clicked on

03-03-2025T12:53:57 - [MESSAGE][PASSED] - Object: 'Object Repository/Страница авторизации/button_' is clicked on

03-03-2025T12:53:57 - [TEST_STEP][PASSED] - delay(30): Delayed 30 second(s)

03-03-2025T12:54:27 - [MESSAGE][PASSED] - Delayed 30 second(s)

03-03-2025T12:54:27 - [TEST_STEP][PASSED] - click(findTestObject("Выручка по ДЗО/Фильтр Дата")): Object: 'Object Repository/Выручка по ДЗО/Фильтр Дата' is clicked on

03-03-2025T12:54:28 - [MESSAGE][PASSED] - Object: 'Object Repository/Выручка по ДЗО/Фильтр Дата' is clicked on

03-03-2025T12:54:28 - [TEST_STEP][PASSED] - click(findTestObject("Выручка по ДЗО/Снять выделение в фильтре Дата")): Object: 'Object Repository/Выручка по ДЗО/Снять выделение в фильтре Дата' is clicked on

03-03-2025T12:54:28 - [MESSAGE][PASSED] - Object: 'Object Repository/Выручка по ДЗО/Снять выделение в фильтре Дата' is clicked on

03-03-2025T12:54:28 - [TEST_STEP][PASSED] - click(findTestObject("Выручка по ДЗО/Применить в фильтре Дата")): Object: 'Object Repository/Выручка по ДЗО/Применить в фильтре Дата' is clicked on

03-03-2025T12:54:29 - [MESSAGE][PASSED] - Object: 'Object Repository/Выручка по ДЗО/Применить в фильтре Дата' is clicked on

03-03-2025T12:54:29 - [TEST_STEP][PASSED] - click(findTestObject("Выручка по ДЗО/Фильтр Дата")): Object: 'Object Repository/Выручка по ДЗО/Фильтр Дата' is clicked on

03-03-2025T12:54:34 - [MESSAGE][PASSED] - Object: 'Object Repository/Выручка по ДЗО/Фильтр Дата' is clicked on

03-03-2025T12:54:34 - [TEST_STEP][PASSED] - click(findTestObject("Выручка по ДЗО/Снять выделение в фильтре Дата")): Object: 'Object Repository/Выручка по ДЗО/Снять выделение в фильтре Дата' is clicked on

03-03-2025T12:54:34 - [MESSAGE][PASSED] - Object: 'Object Repository/Выручка по ДЗО/Снять выделение в фильтре Дата' is clicked on

03-03-2025T12:54:34 - [TEST_STEP][PASSED] - scrollToElement(findTestObject("Выручка по ДЗО/2025 список"), 30): Scroll to object 'Object Repository/Выручка по ДЗО/2025 список' successfully

03-03-2025T12:54:34 - [MESSAGE][PASSED] - Scroll to object 'Object Repository/Выручка по ДЗО/2025 список' successfully

03-03-2025T12:54:34 - [TEST_STEP][PASSED] - click(findTestObject("Выручка по ДЗО/2025 список")): Object: 'Object Repository/Выручка по ДЗО/2025 список' is clicked on

03-03-2025T12:54:35 - [MESSAGE][PASSED] - Object: 'Object Repository/Выручка по ДЗО/2025 список' is clicked on

03-03-2025T12:54:35 - [TEST_STEP][PASSED] - scrollToElement(findTestObject("Выручка по ДЗО/1 квартал 2025 список"), 30): Scroll to object 'Object Repository/Выручка по ДЗО/1 квартал 2025 список' successfully

03-03-2025T12:54:35 - [MESSAGE][PASSED] - Scroll to object 'Object Repository/Выручка по ДЗО/1 квартал 2025 список' successfully

03-03-2025T12:54:35 - [TEST_STEP][PASSED] - click(findTestObject("Выручка по ДЗО/1 квартал 2025 список"), CONTINUE_ON_FAILURE): Object: 'Object Repository/Выручка по ДЗО/1 квартал 2025 список' is clicked on

03-03-2025T12:54:36 - [MESSAGE][PASSED] - Object: 'Object Repository/Выручка по ДЗО/1 квартал 2025 список' is clicked on

03-03-2025T12:54:36 - [TEST_STEP][PASSED] - scrollToElement(findTestObject("Выручка по ДЗО/Январь 2025"), 30): Scroll to object 'Object Repository/Выручка по ДЗО/Январь 2025' successfully

03-03-2025T12:54:36 - [MESSAGE][PASSED] - Scroll to object 'Object Repository/Выручка по ДЗО/Январь 2025' successfully

03-03-2025T12:54:36 - [TEST_STEP][PASSED] - click(findTestObject("Выручка по ДЗО/Январь 2025"), CONTINUE_ON_FAILURE): Object: 'Object Repository/Выручка по ДЗО/Январь 2025' is clicked on

03-03-2025T12:54:36 - [MESSAGE][PASSED] - Object: 'Object Repository/Выручка по ДЗО/Январь 2025' is clicked on

03-03-2025T12:54:36 - [TEST_STEP][PASSED] - scrollToElement(findTestObject("Выручка по ДЗО/Заголовок дашборда"), 30): Scroll to object 'Object Repository/Выручка по ДЗО/Заголовок дашборда' successfully

03-03-2025T12:54:37 - [MESSAGE][PASSED] - Scroll to object 'Object Repository/Выручка по ДЗО/Заголовок дашборда' successfully

03-03-2025T12:54:37 - [TEST_STEP][PASSED] - click(findTestObject("Выручка по ДЗО/Применить в фильтре Дата")): Object: 'Object Repository/Выручка по ДЗО/Применить в фильтре Дата' is clicked on

03-03-2025T12:54:37 - [MESSAGE][PASSED] - Object: 'Object Repository/Выручка по ДЗО/Применить в фильтре Дата' is clicked on

03-03-2025T12:54:37 - [TEST_STEP][PASSED] - delay(30): Delayed 30 second(s)

03-03-2025T12:55:07 - [MESSAGE][PASSED] - Delayed 30 second(s)

03-03-2025T12:55:07 - [TEST_STEP][PASSED] - a1 = getText(findTestObject("Выручка по ДЗО/График1 Выполнение плановых показателей Блок руководителя")): Text of object 'Object Repository/Выручка по ДЗО/График1 Выполнение плановых показателей Блок руководителя' is: '2 275 2 275
0 0
0 0
8 938 8 938
7 813 7 813
11 645 11 645
12 788 12 788
0 0
7 066 7 066
0 0
1 091 1 091
10 368 10 368
10 920 10 920
28 393 28 393
12 599 12 599
0 0
6 349 6 349
1 064 1 064
2 202 2 202
274 274
463 463
10 568 10 568
7 759 7 759
11 241 11 241
21 497 21 497
3 799 3 799
6 815 6 815
11 296 11 296
1 034 1 034
9 265 9 265
10 446 10 446
28 334 28 334
11 924 11 924
13 055 13 055
6 848 6 848
1 045 1 045
План
Факт
АО "РЭС"
АО «Тываэнерго»
АО «Чеченэнерго»
Россети Волга
Россети Кубань
Россети Ленэнерго (ГК)
Россети Московский регион
Россети Северный Кавказ (ГК)
Россети Северо-Запад
Россети Сибирь (ГК)
Россети Томск
Россети Тюмень
Россети Урал (ГК)
Россети ФСК ЕЭС
Россети Центр
Россети Центр и Приволжье (ГК)
Россети Юг (ГК)
Россети Янтарь
0 млн. руб.
2 500 млн. руб.
5 000 млн. руб.
7 500 млн. руб.
10 000 млн. руб.
12 500 млн. руб.
15 000 млн. руб.
17 500 млн. руб.
20 000 млн. руб.
22 500 млн. руб.
25 000 млн. руб.
27 500 млн. руб.
30 000 млн. руб.'

03-03-2025T12:55:07 - [MESSAGE][PASSED] - Text of object 'Object Repository/Выручка по ДЗО/График1 Выполнение плановых показателей Блок руководителя' is: '2 275 2 275
0 0
0 0
8 938 8 938
7 813 7 813
11 645 11 645
12 788 12 788
0 0
7 066 7 066
0 0
1 091 1 091
10 368 10 368
10 920 10 920
28 393 28 393
12 599 12 599
0 0
6 349 6 349
1 064 1 064
2 202 2 202
274 274
463 463
10 568 10 568
7 759 7 759
11 241 11 241
21 497 21 497
3 799 3 799
6 815 6 815
11 296 11 296
1 034 1 034
9 265 9 265
10 446 10 446
28 334 28 334
11 924 11 924
13 055 13 055
6 848 6 848
1 045 1 045
План
Факт
АО "РЭС"
АО «Тываэнерго»
АО «Чеченэнерго»
Россети Волга
Россети Кубань
Россети Ленэнерго (ГК)
Россети Московский регион
Россети Северный Кавказ (ГК)
Россети Северо-Запад
Россети Сибирь (ГК)
Россети Томск
Россети Тюмень
Россети Урал (ГК)
Россети ФСК ЕЭС
Россети Центр
Россети Центр и Приволжье (ГК)
Россети Юг (ГК)
Россети Янтарь
0 млн. руб.
2 500 млн. руб.
5 000 млн. руб.
7 500 млн. руб.
10 000 млн. руб.
12 500 млн. руб.
15 000 млн. руб.
17 500 млн. руб.
20 000 млн. руб.
22 500 млн. руб.
25 000 млн. руб.
27 500 млн. руб.
30 000 млн. руб.'

03-03-2025T12:55:07 - [TEST_STEP][PASSED] - println("a1: " + a1): null

03-03-2025T12:55:07 - [TEST_STEP][PASSED] - i = a1.indexOf("План"): null

03-03-2025T12:55:08 - [TEST_STEP][PASSED] - a1 = a1.substring(0, i): null

03-03-2025T12:55:08 - [TEST_STEP][PASSED] - println("a1: " + a1): null

03-03-2025T12:55:08 - [TEST_STEP][PASSED] - a2 = getText(findTestObject("Выручка по ДЗО/График2 Выполнение плановых показателей Блок руководителя")): Text of object 'Object Repository/Выручка по ДЗО/График2 Выполнение плановых показателей Блок руководителя' is: '1,4%1,4%
0,17%0,17%
0,29%0,29%
6,69%6,69%
4,92%4,92%
7,12%7,12%
13,62%13,62%
2,41%2,41%
4,32%4,32%
7,16%7,16%
0,65%0,65%
5,87%5,87%
6,62%6,62%
17,95%17,95%
7,55%7,55%
8,27%8,27%
4,34%4,34%
0,66%0,66%
АО "РЭС"
АО «Тываэнерго»
АО «Чеченэнерго»
Россети Волга
Россети Кубань
Россети Ленэнерго (ГК)
Россети Московский регион
Россети Северный Кавказ (ГК)
Россети Северо-Запад
Россети Сибирь (ГК)
Россети Томск
Россети Тюмень
Россети Урал (ГК)
Россети ФСК ЕЭС
Россети Центр
Россети Центр и Приволжье (ГК)
Россети Юг (ГК)
Россети Янтарь
Россети Центр и Приволжье (ГК): 13 054 893,11'

03-03-2025T12:55:08 - [MESSAGE][PASSED] - Text of object 'Object Repository/Выручка по ДЗО/График2 Выполнение плановых показателей Блок руководителя' is: '1,4%1,4%
0,17%0,17%
0,29%0,29%
6,69%6,69%
4,92%4,92%
7,12%7,12%
13,62%13,62%
2,41%2,41%
4,32%4,32%
7,16%7,16%
0,65%0,65%
5,87%5,87%
6,62%6,62%
17,95%17,95%
7,55%7,55%
8,27%8,27%
4,34%4,34%
0,66%0,66%
АО "РЭС"
АО «Тываэнерго»
АО «Чеченэнерго»
Россети Волга
Россети Кубань
Россети Ленэнерго (ГК)
Россети Московский регион
Россети Северный Кавказ (ГК)
Россети Северо-Запад
Россети Сибирь (ГК)
Россети Томск
Россети Тюмень
Россети Урал (ГК)
Россети ФСК ЕЭС
Россети Центр
Россети Центр и Приволжье (ГК)
Россети Юг (ГК)
Россети Янтарь
Россети Центр и Приволжье (ГК): 13 054 893,11'

03-03-2025T12:55:08 - [TEST_STEP][PASSED] - println("a2: " + a2): null

03-03-2025T12:55:08 - [TEST_STEP][PASSED] - i = a2.indexOf("АО «Тываэнерго»"): null

03-03-2025T12:55:08 - [TEST_STEP][PASSED] - a2 = a2.substring(0, i): null

03-03-2025T12:55:08 - [TEST_STEP][PASSED] - navigateToUrl(findTestData("PlanFact").getValue(10, 10)): Navigate to 'https://bi.rosseti.digital/viewer?dashboardGuid=a1fd28b3785d443cbc4d7690a1d78e31&sheetGuid=4a2f47326819444da0508dec5c59e502&fit=true' successfully

03-03-2025T12:55:09 - [MESSAGE][PASSED] - Navigate to 'https://bi.rosseti.digital/viewer?dashboardGuid=a1fd28b3785d443cbc4d7690a1d78e31&sheetGuid=4a2f47326819444da0508dec5c59e502&fit=true' successfully

03-03-2025T12:55:09 - [TEST_STEP][PASSED] - delay(30): Delayed 30 second(s)

03-03-2025T12:55:39 - [MESSAGE][PASSED] - Delayed 30 second(s)

03-03-2025T12:55:39 - [TEST_STEP][PASSED] - click(findTestObject("Выручка по ДЗО/Фильтр Дата Выручка")): Object: 'Object Repository/Выручка по ДЗО/Фильтр Дата Выручка' is clicked on

03-03-2025T12:55:40 - [MESSAGE][PASSED] - Object: 'Object Repository/Выручка по ДЗО/Фильтр Дата Выручка' is clicked on

03-03-2025T12:55:40 - [TEST_STEP][PASSED] - click(findTestObject("Выручка по ДЗО/Снять выделение в фильтре Дата Выручка")): Object: 'Object Repository/Выручка по ДЗО/Снять выделение в фильтре Дата Выручка' is clicked on

03-03-2025T12:55:40 - [MESSAGE][PASSED] - Object: 'Object Repository/Выручка по ДЗО/Снять выделение в фильтре Дата Выручка' is clicked on

03-03-2025T12:55:40 - [TEST_STEP][PASSED] - click(findTestObject("Выручка по ДЗО/Применить в фильтре Дата Выручка")): Object: 'Object Repository/Выручка по ДЗО/Применить в фильтре Дата Выручка' is clicked on

03-03-2025T12:55:41 - [MESSAGE][PASSED] - Object: 'Object Repository/Выручка по ДЗО/Применить в фильтре Дата Выручка' is clicked on

03-03-2025T12:55:41 - [TEST_STEP][PASSED] - click(findTestObject("Выручка по ДЗО/Фильтр Дата Выручка")): Object: 'Object Repository/Выручка по ДЗО/Фильтр Дата Выручка' is clicked on

03-03-2025T12:55:42 - [MESSAGE][PASSED] - Object: 'Object Repository/Выручка по ДЗО/Фильтр Дата Выручка' is clicked on

03-03-2025T12:55:42 - [TEST_STEP][PASSED] - click(findTestObject("Выручка по ДЗО/Снять выделение в фильтре Дата Выручка")): Object: 'Object Repository/Выручка по ДЗО/Снять выделение в фильтре Дата Выручка' is clicked on

03-03-2025T12:55:42 - [MESSAGE][PASSED] - Object: 'Object Repository/Выручка по ДЗО/Снять выделение в фильтре Дата Выручка' is clicked on

03-03-2025T12:55:42 - [TEST_STEP][PASSED] - scrollToElement(findTestObject("Выручка по ДЗО/2025 список"), 30): Scroll to object 'Object Repository/Выручка по ДЗО/2025 список' successfully

03-03-2025T12:55:43 - [MESSAGE][PASSED] - Scroll to object 'Object Repository/Выручка по ДЗО/2025 список' successfully

03-03-2025T12:55:43 - [TEST_STEP][PASSED] - click(findTestObject("Выручка по ДЗО/2025 список")): Object: 'Object Repository/Выручка по ДЗО/2025 список' is clicked on

03-03-2025T12:55:43 - [MESSAGE][PASSED] - Object: 'Object Repository/Выручка по ДЗО/2025 список' is clicked on

03-03-2025T12:55:43 - [TEST_STEP][PASSED] - scrollToElement(findTestObject("Выручка по ДЗО/1 квартал 2025 список"), 30): Scroll to object 'Object Repository/Выручка по ДЗО/1 квартал 2025 список' successfully

03-03-2025T12:55:43 - [MESSAGE][PASSED] - Scroll to object 'Object Repository/Выручка по ДЗО/1 квартал 2025 список' successfully

03-03-2025T12:55:43 - [TEST_STEP][PASSED] - click(findTestObject("Выручка по ДЗО/1 квартал 2025 список"), CONTINUE_ON_FAILURE): Object: 'Object Repository/Выручка по ДЗО/1 квартал 2025 список' is clicked on

03-03-2025T12:55:44 - [MESSAGE][PASSED] - Object: 'Object Repository/Выручка по ДЗО/1 квартал 2025 список' is clicked on

03-03-2025T12:55:44 - [TEST_STEP][PASSED] - scrollToElement(findTestObject("Выручка по ДЗО/Январь 2025"), 30): Scroll to object 'Object Repository/Выручка по ДЗО/Январь 2025' successfully

03-03-2025T12:55:44 - [MESSAGE][PASSED] - Scroll to object 'Object Repository/Выручка по ДЗО/Январь 2025' successfully

03-03-2025T12:55:44 - [TEST_STEP][PASSED] - click(findTestObject("Выручка по ДЗО/Январь 2025"), CONTINUE_ON_FAILURE): Object: 'Object Repository/Выручка по ДЗО/Январь 2025' is clicked on

03-03-2025T12:55:44 - [MESSAGE][PASSED] - Object: 'Object Repository/Выручка по ДЗО/Январь 2025' is clicked on

03-03-2025T12:55:44 - [TEST_STEP][PASSED] - scrollToElement(findTestObject("Выручка по ДЗО/Заголовок дашборда Выручка"), 30): Scroll to object 'Object Repository/Выручка по ДЗО/Заголовок дашборда Выручка' successfully

03-03-2025T12:55:45 - [MESSAGE][PASSED] - Scroll to object 'Object Repository/Выручка по ДЗО/Заголовок дашборда Выручка' successfully

03-03-2025T12:55:45 - [TEST_STEP][PASSED] - click(findTestObject("Выручка по ДЗО/Применить в фильтре Дата Выручка")): Object: 'Object Repository/Выручка по ДЗО/Применить в фильтре Дата Выручка' is clicked on

03-03-2025T12:55:45 - [MESSAGE][PASSED] - Object: 'Object Repository/Выручка по ДЗО/Применить в фильтре Дата Выручка' is clicked on

03-03-2025T12:55:45 - [TEST_STEP][PASSED] - delay(30): Delayed 30 second(s)

03-03-2025T12:56:15 - [MESSAGE][PASSED] - Delayed 30 second(s)

03-03-2025T12:56:15 - [TEST_STEP][PASSED] - b1 = getText(findTestObject("Выручка по ДЗО/График1 Выполнение плановых показателей Выручка")): Text of object 'Object Repository/Выручка по ДЗО/График1 Выполнение плановых показателей Выручка' is: '2 275 2 275
0 0
0 0
8 938 8 938
7 813 7 813
11 645 11 645
12 788 12 788
0 0
7 066 7 066
0 0
1 091 1 091
10 368 10 368
10 920 10 920
28 393 28 393
12 599 12 599
0 0
6 349 6 349
1 064 1 064
2 202 2 202
274 274
463 463
10 568 10 568
7 759 7 759
11 241 11 241
21 497 21 497
3 799 3 799
6 815 6 815
11 296 11 296
1 034 1 034
9 265 9 265
10 446 10 446
28 334 28 334
11 924 11 924
13 055 13 055
6 848 6 848
1 045 1 045
План
Факт
АО "РЭС"
АО «Тываэнерго»
АО «Чеченэнерго»
Россети Волга
Россети Кубань
Россети Ленэнерго (ГК)
Россети Московский регион
Россети Северный Кавказ (ГК)
Россети Северо-Запад
Россети Сибирь (ГК)
Россети Томск
Россети Тюмень
Россети Урал (ГК)
Россети ФСК ЕЭС
Россети Центр
Россети Центр и Приволжье (ГК)
Россети Юг (ГК)
Россети Янтарь
0 млн. руб.
5 000 млн. руб.
10 000 млн. руб.
15 000 млн. руб.
20 000 млн. руб.
25 000 млн. руб.
30 000 млн. руб.'

03-03-2025T12:56:16 - [MESSAGE][PASSED] - Text of object 'Object Repository/Выручка по ДЗО/График1 Выполнение плановых показателей Выручка' is: '2 275 2 275
0 0
0 0
8 938 8 938
7 813 7 813
11 645 11 645
12 788 12 788
0 0
7 066 7 066
0 0
1 091 1 091
10 368 10 368
10 920 10 920
28 393 28 393
12 599 12 599
0 0
6 349 6 349
1 064 1 064
2 202 2 202
274 274
463 463
10 568 10 568
7 759 7 759
11 241 11 241
21 497 21 497
3 799 3 799
6 815 6 815
11 296 11 296
1 034 1 034
9 265 9 265
10 446 10 446
28 334 28 334
11 924 11 924
13 055 13 055
6 848 6 848
1 045 1 045
План
Факт
АО "РЭС"
АО «Тываэнерго»
АО «Чеченэнерго»
Россети Волга
Россети Кубань
Россети Ленэнерго (ГК)
Россети Московский регион
Россети Северный Кавказ (ГК)
Россети Северо-Запад
Россети Сибирь (ГК)
Россети Томск
Россети Тюмень
Россети Урал (ГК)
Россети ФСК ЕЭС
Россети Центр
Россети Центр и Приволжье (ГК)
Россети Юг (ГК)
Россети Янтарь
0 млн. руб.
5 000 млн. руб.
10 000 млн. руб.
15 000 млн. руб.
20 000 млн. руб.
25 000 млн. руб.
30 000 млн. руб.'

03-03-2025T12:56:16 - [TEST_STEP][PASSED] - println("b1: " + b1): null

03-03-2025T12:56:16 - [TEST_STEP][PASSED] - i = b1.indexOf("План"): null

03-03-2025T12:56:16 - [TEST_STEP][PASSED] - b1 = b1.substring(0, i): null

03-03-2025T12:56:16 - [TEST_STEP][PASSED] - println("b1: " + b1): null

03-03-2025T12:56:16 - [TEST_STEP][PASSED] - b2 = getText(findTestObject("Выручка по ДЗО/График2 Выполнение плановых показателей Выручка")): Text of object 'Object Repository/Выручка по ДЗО/График2 Выполнение плановых показателей Выручка' is: '1,4%1,4%
0,17%0,17%
0,29%0,29%
6,69%6,69%
4,92%4,92%
7,12%7,12%
13,62%13,62%
2,41%2,41%
4,32%4,32%
7,16%7,16%
0,65%0,65%
5,87%5,87%
6,62%6,62%
17,95%17,95%
7,55%7,55%
8,27%8,27%
4,34%4,34%
0,66%0,66%
АО "РЭС"
АО «Тываэнерго»
АО «Чеченэнерго»
Россети Волга
Россети Кубань
Россети Ленэнерго (ГК)
Россети Московский регион
Россети Северный Кавказ (ГК)
Россети Северо-Запад
Россети Сибирь (ГК)
Россети Томск
Россети Тюмень
Россети Урал (ГК)
Россети ФСК ЕЭС
Россети Центр
Россети Центр и Приволжье (ГК)
Россети Юг (ГК)
Россети Янтарь'

03-03-2025T12:56:16 - [MESSAGE][PASSED] - Text of object 'Object Repository/Выручка по ДЗО/График2 Выполнение плановых показателей Выручка' is: '1,4%1,4%
0,17%0,17%
0,29%0,29%
6,69%6,69%
4,92%4,92%
7,12%7,12%
13,62%13,62%
2,41%2,41%
4,32%4,32%
7,16%7,16%
0,65%0,65%
5,87%5,87%
6,62%6,62%
17,95%17,95%
7,55%7,55%
8,27%8,27%
4,34%4,34%
0,66%0,66%
АО "РЭС"
АО «Тываэнерго»
АО «Чеченэнерго»
Россети Волга
Россети Кубань
Россети Ленэнерго (ГК)
Россети Московский регион
Россети Северный Кавказ (ГК)
Россети Северо-Запад
Россети Сибирь (ГК)
Россети Томск
Россети Тюмень
Россети Урал (ГК)
Россети ФСК ЕЭС
Россети Центр
Россети Центр и Приволжье (ГК)
Россети Юг (ГК)
Россети Янтарь'

03-03-2025T12:56:16 - [TEST_STEP][PASSED] - i = b2.indexOf("АО «Тываэнерго»"): null

03-03-2025T12:56:16 - [TEST_STEP][PASSED] - b2 = b2.substring(0, i): null

03-03-2025T12:56:16 - [TEST_STEP][PASSED] - println(b2): null

03-03-2025T12:56:16 - [TEST_STEP][PASSED] - verifyEqual(a1, b1): Actual object '2 275 2 275
0 0
0 0
8 938 8 938
7 813 7 813
11 645 11 645
12 788 12 788
0 0
7 066 7 066
0 0
1 091 1 091
10 368 10 368
10 920 10 920
28 393 28 393
12 599 12 599
0 0
6 349 6 349
1 064 1 064
2 202 2 202
274 274
463 463
10 568 10 568
7 759 7 759
11 241 11 241
21 497 21 497
3 799 3 799
6 815 6 815
11 296 11 296
1 034 1 034
9 265 9 265
10 446 10 446
28 334 28 334
11 924 11 924
13 055 13 055
6 848 6 848
1 045 1 045
' and expected object '2 275 2 275
0 0
0 0
8 938 8 938
7 813 7 813
11 645 11 645
12 788 12 788
0 0
7 066 7 066
0 0
1 091 1 091
10 368 10 368
10 920 10 920
28 393 28 393
12 599 12 599
0 0
6 349 6 349
1 064 1 064
2 202 2 202
274 274
463 463
10 568 10 568
7 759 7 759
11 241 11 241
21 497 21 497
3 799 3 799
6 815 6 815
11 296 11 296
1 034 1 034
9 265 9 265
10 446 10 446
28 334 28 334
11 924 11 924
13 055 13 055
6 848 6 848
1 045 1 045
' are equal

03-03-2025T12:56:16 - [MESSAGE][PASSED] - Actual object '2 275 2 275
0 0
0 0
8 938 8 938
7 813 7 813
11 645 11 645
12 788 12 788
0 0
7 066 7 066
0 0
1 091 1 091
10 368 10 368
10 920 10 920
28 393 28 393
12 599 12 599
0 0
6 349 6 349
1 064 1 064
2 202 2 202
274 274
463 463
10 568 10 568
7 759 7 759
11 241 11 241
21 497 21 497
3 799 3 799
6 815 6 815
11 296 11 296
1 034 1 034
9 265 9 265
10 446 10 446
28 334 28 334
11 924 11 924
13 055 13 055
6 848 6 848
1 045 1 045
' and expected object '2 275 2 275
0 0
0 0
8 938 8 938
7 813 7 813
11 645 11 645
12 788 12 788
0 0
7 066 7 066
0 0
1 091 1 091
10 368 10 368
10 920 10 920
28 393 28 393
12 599 12 599
0 0
6 349 6 349
1 064 1 064
2 202 2 202
274 274
463 463
10 568 10 568
7 759 7 759
11 241 11 241
21 497 21 497
3 799 3 799
6 815 6 815
11 296 11 296
1 034 1 034
9 265 9 265
10 446 10 446
28 334 28 334
11 924 11 924
13 055 13 055
6 848 6 848
1 045 1 045
' are equal

03-03-2025T12:56:16 - [TEST_STEP][PASSED] - if (verifyEqual(a1, b1) == true): Actual object '2 275 2 275
0 0
0 0
8 938 8 938
7 813 7 813
11 645 11 645
12 788 12 788
0 0
7 066 7 066
0 0
1 091 1 091
10 368 10 368
10 920 10 920
28 393 28 393
12 599 12 599
0 0
6 349 6 349
1 064 1 064
2 202 2 202
274 274
463 463
10 568 10 568
7 759 7 759
11 241 11 241
21 497 21 497
3 799 3 799
6 815 6 815
11 296 11 296
1 034 1 034
9 265 9 265
10 446 10 446
28 334 28 334
11 924 11 924
13 055 13 055
6 848 6 848
1 045 1 045
' and expected object '2 275 2 275
0 0
0 0
8 938 8 938
7 813 7 813
11 645 11 645
12 788 12 788
0 0
7 066 7 066
0 0
1 091 1 091
10 368 10 368
10 920 10 920
28 393 28 393
12 599 12 599
0 0
6 349 6 349
1 064 1 064
2 202 2 202
274 274
463 463
10 568 10 568
7 759 7 759
11 241 11 241
21 497 21 497
3 799 3 799
6 815 6 815
11 296 11 296
1 034 1 034
9 265 9 265
10 446 10 446
28 334 28 334
11 924 11 924
13 055 13 055
6 848 6 848
1 045 1 045
' are equal

03-03-2025T12:56:16 - [MESSAGE][PASSED] - Actual object '2 275 2 275
0 0
0 0
8 938 8 938
7 813 7 813
11 645 11 645
12 788 12 788
0 0
7 066 7 066
0 0
1 091 1 091
10 368 10 368
10 920 10 920
28 393 28 393
12 599 12 599
0 0
6 349 6 349
1 064 1 064
2 202 2 202
274 274
463 463
10 568 10 568
7 759 7 759
11 241 11 241
21 497 21 497
3 799 3 799
6 815 6 815
11 296 11 296
1 034 1 034
9 265 9 265
10 446 10 446
28 334 28 334
11 924 11 924
13 055 13 055
6 848 6 848
1 045 1 045
' and expected object '2 275 2 275
0 0
0 0
8 938 8 938
7 813 7 813
11 645 11 645
12 788 12 788
0 0
7 066 7 066
0 0
1 091 1 091
10 368 10 368
10 920 10 920
28 393 28 393
12 599 12 599
0 0
6 349 6 349
1 064 1 064
2 202 2 202
274 274
463 463
10 568 10 568
7 759 7 759
11 241 11 241
21 497 21 497
3 799 3 799
6 815 6 815
11 296 11 296
1 034 1 034
9 265 9 265
10 446 10 446
28 334 28 334
11 924 11 924
13 055 13 055
6 848 6 848
1 045 1 045
' are equal

03-03-2025T12:56:16 - [TEST_STEP][PASSED] - verifyEqual(a2, b2): Actual object '1,4%1,4%
0,17%0,17%
0,29%0,29%
6,69%6,69%
4,92%4,92%
7,12%7,12%
13,62%13,62%
2,41%2,41%
4,32%4,32%
7,16%7,16%
0,65%0,65%
5,87%5,87%
6,62%6,62%
17,95%17,95%
7,55%7,55%
8,27%8,27%
4,34%4,34%
0,66%0,66%
АО "РЭС"
' and expected object '1,4%1,4%
0,17%0,17%
0,29%0,29%
6,69%6,69%
4,92%4,92%
7,12%7,12%
13,62%13,62%
2,41%2,41%
4,32%4,32%
7,16%7,16%
0,65%0,65%
5,87%5,87%
6,62%6,62%
17,95%17,95%
7,55%7,55%
8,27%8,27%
4,34%4,34%
0,66%0,66%
АО "РЭС"
' are equal

03-03-2025T12:56:16 - [MESSAGE][PASSED] - Actual object '1,4%1,4%
0,17%0,17%
0,29%0,29%
6,69%6,69%
4,92%4,92%
7,12%7,12%
13,62%13,62%
2,41%2,41%
4,32%4,32%
7,16%7,16%
0,65%0,65%
5,87%5,87%
6,62%6,62%
17,95%17,95%
7,55%7,55%
8,27%8,27%
4,34%4,34%
0,66%0,66%
АО "РЭС"
' and expected object '1,4%1,4%
0,17%0,17%
0,29%0,29%
6,69%6,69%
4,92%4,92%
7,12%7,12%
13,62%13,62%
2,41%2,41%
4,32%4,32%
7,16%7,16%
0,65%0,65%
5,87%5,87%
6,62%6,62%
17,95%17,95%
7,55%7,55%
8,27%8,27%
4,34%4,34%
0,66%0,66%
АО "РЭС"
' are equal

03-03-2025T12:56:16 - [TEST_STEP][PASSED] - if (verifyEqual(a2, b2) == true): Actual object '1,4%1,4%
0,17%0,17%
0,29%0,29%
6,69%6,69%
4,92%4,92%
7,12%7,12%
13,62%13,62%
2,41%2,41%
4,32%4,32%
7,16%7,16%
0,65%0,65%
5,87%5,87%
6,62%6,62%
17,95%17,95%
7,55%7,55%
8,27%8,27%
4,34%4,34%
0,66%0,66%
АО "РЭС"
' and expected object '1,4%1,4%
0,17%0,17%
0,29%0,29%
6,69%6,69%
4,92%4,92%
7,12%7,12%
13,62%13,62%
2,41%2,41%
4,32%4,32%
7,16%7,16%
0,65%0,65%
5,87%5,87%
6,62%6,62%
17,95%17,95%
7,55%7,55%
8,27%8,27%
4,34%4,34%
0,66%0,66%
АО "РЭС"
' are equal

03-03-2025T12:56:16 - [MESSAGE][PASSED] - Actual object '1,4%1,4%
0,17%0,17%
0,29%0,29%
6,69%6,69%
4,92%4,92%
7,12%7,12%
13,62%13,62%
2,41%2,41%
4,32%4,32%
7,16%7,16%
0,65%0,65%
5,87%5,87%
6,62%6,62%
17,95%17,95%
7,55%7,55%
8,27%8,27%
4,34%4,34%
0,66%0,66%
АО "РЭС"
' and expected object '1,4%1,4%
0,17%0,17%
0,29%0,29%
6,69%6,69%
4,92%4,92%
7,12%7,12%
13,62%13,62%
2,41%2,41%
4,32%4,32%
7,16%7,16%
0,65%0,65%
5,87%5,87%
6,62%6,62%
17,95%17,95%
7,55%7,55%
8,27%8,27%
4,34%4,34%
0,66%0,66%
АО "РЭС"
' are equal

03-03-2025T12:56:16 - [TEST_STEP][PASSED] - closeBrowser(): Browser is closed

03-03-2025T12:56:16 - [MESSAGE][PASSED] - Browser is closed]]></system-out>
         <system-err><![CDATA[]]></system-err>
      </testcase>
      <testcase name="Test Cases/Сверки дашбордов/Прогноз по отраслям сверка дашбордов" time="1178.207" classname="Test Cases/Сверки дашбордов/Прогноз по отраслям сверка дашбордов" status="PASSED">
         <system-out><![CDATA[03-03-2025T12:56:16 - [TEST_CASE][PASSED] - Test Cases/Сверки дашбордов/Прогноз по отраслям сверка дашбордов: Test Cases/Сверки дашбордов/Прогноз по отраслям сверка дашбордов

03-03-2025T12:56:17 - [TEST_STEP][PASSED] - date = new java.util.Date(): null

03-03-2025T12:56:17 - [TEST_STEP][PASSED] - todaysDate = date.format("dd.MM.yyyy"): null

03-03-2025T12:56:17 - [TEST_STEP][PASSED] - println(todaysDate): null

03-03-2025T12:56:17 - [TEST_STEP][PASSED] - typeOfData = <not implemented yet for class: org.codehaus.groovy.ast.expr.EmptyExpression>: null

03-03-2025T12:56:17 - [TEST_STEP][PASSED] - filterSravnenie = <not implemented yet for class: org.codehaus.groovy.ast.expr.EmptyExpression>: null

03-03-2025T12:56:17 - [TEST_STEP][PASSED] - kpoOtpusk = <not implemented yet for class: org.codehaus.groovy.ast.expr.EmptyExpression>: null

03-03-2025T12:56:17 - [TEST_STEP][PASSED] - openBrowser(""): Browser is opened with url: ''

03-03-2025T12:56:17 - [MESSAGE][INFO] - Starting 'Chrome' driver

03-03-2025T12:56:17 - [MESSAGE][INFO] - Action delay is set to 0 milliseconds

03-03-2025T12:56:18 - [MESSAGE][PASSED] - Browser is opened with url: ''

03-03-2025T12:56:18 - [TEST_STEP][PASSED] - navigateToUrl(findTestData("PlanFact").getValue(10, 6)): Navigate to 'https://bi.rosseti.digital/viewer?dashboardGuid=d6acb5b1a7114a9791b34de39263106e&sheetGuid=0b6d261d7f7b4424a967aa8f3a724189&fit=true' successfully

03-03-2025T12:56:24 - [MESSAGE][PASSED] - Navigate to 'https://bi.rosseti.digital/viewer?dashboardGuid=d6acb5b1a7114a9791b34de39263106e&sheetGuid=0b6d261d7f7b4424a967aa8f3a724189&fit=true' successfully

03-03-2025T12:56:24 - [TEST_STEP][PASSED] - setText(findTestObject("Страница авторизации/input__username"), findTestData("PlanFact").getValue(8, 1)): Text 'liazgina-di' is set on object 'Object Repository/Страница авторизации/input__username'

03-03-2025T12:56:28 - [MESSAGE][PASSED] - Text 'liazgina-di' is set on object 'Object Repository/Страница авторизации/input__username'

03-03-2025T12:56:28 - [TEST_STEP][PASSED] - setText(findTestObject("Страница авторизации/input__password"), findTestData("PlanFact").getValue(9, 1)): Text ')$%5srZ8o688Dm#q' is set on object 'Object Repository/Страница авторизации/input__password'

03-03-2025T12:56:29 - [MESSAGE][PASSED] - Text ')$%5srZ8o688Dm#q' is set on object 'Object Repository/Страница авторизации/input__password'

03-03-2025T12:56:29 - [TEST_STEP][PASSED] - click(findTestObject("Страница авторизации/button_")): Object: 'Object Repository/Страница авторизации/button_' is clicked on

03-03-2025T12:56:32 - [MESSAGE][PASSED] - Object: 'Object Repository/Страница авторизации/button_' is clicked on

03-03-2025T12:56:32 - [TEST_STEP][PASSED] - delay(50): Delayed 50 second(s)

03-03-2025T12:57:22 - [MESSAGE][PASSED] - Delayed 50 second(s)

03-03-2025T12:57:22 - [TEST_STEP][PASSED] - click(findTestObject("Прогноз по отраслям/Фильтр Месяц")): Object: 'Object Repository/Прогноз по отраслям/Фильтр Месяц' is clicked on

03-03-2025T12:57:23 - [MESSAGE][PASSED] - Object: 'Object Repository/Прогноз по отраслям/Фильтр Месяц' is clicked on

03-03-2025T12:57:23 - [TEST_STEP][PASSED] - scrollToElement(findTestObject("Прогноз по отраслям/Ноябрь"), 30): Scroll to object 'Object Repository/Прогноз по отраслям/Ноябрь' successfully

03-03-2025T12:57:23 - [MESSAGE][PASSED] - Scroll to object 'Object Repository/Прогноз по отраслям/Ноябрь' successfully

03-03-2025T12:57:23 - [TEST_STEP][PASSED] - click(findTestObject("Прогноз по отраслям/Ноябрь"), CONTINUE_ON_FAILURE): Object: 'Object Repository/Прогноз по отраслям/Ноябрь' is clicked on

03-03-2025T12:57:24 - [MESSAGE][PASSED] - Object: 'Object Repository/Прогноз по отраслям/Ноябрь' is clicked on

03-03-2025T12:57:24 - [TEST_STEP][PASSED] - scrollToElement(findTestObject("Прогноз по отраслям/Заголовок дашборда"), 30): Scroll to object 'Object Repository/Прогноз по отраслям/Заголовок дашборда' successfully

03-03-2025T12:57:26 - [MESSAGE][PASSED] - Scroll to object 'Object Repository/Прогноз по отраслям/Заголовок дашборда' successfully

03-03-2025T12:57:26 - [TEST_STEP][PASSED] - click(findTestObject("Прогноз по отраслям/Фильтр Сравнение с")): Object: 'Object Repository/Прогноз по отраслям/Фильтр Сравнение с' is clicked on

03-03-2025T12:57:26 - [MESSAGE][PASSED] - Object: 'Object Repository/Прогноз по отраслям/Фильтр Сравнение с' is clicked on

03-03-2025T12:57:26 - [TEST_STEP][PASSED] - click(findTestObject("Прогноз по отраслям/Факт прошлого года")): Object: 'Object Repository/Прогноз по отраслям/Факт прошлого года' is clicked on

03-03-2025T12:57:27 - [MESSAGE][PASSED] - Object: 'Object Repository/Прогноз по отраслям/Факт прошлого года' is clicked on

03-03-2025T12:57:27 - [TEST_STEP][PASSED] - click(findTestObject("Прогноз по отраслям/Фильтр КПО-Отпуск")): Object: 'Object Repository/Прогноз по отраслям/Фильтр КПО-Отпуск' is clicked on

03-03-2025T12:57:29 - [MESSAGE][PASSED] - Object: 'Object Repository/Прогноз по отраслям/Фильтр КПО-Отпуск' is clicked on

03-03-2025T12:57:29 - [TEST_STEP][PASSED] - click(findTestObject("Прогноз по отраслям/Отпуск")): Object: 'Object Repository/Прогноз по отраслям/Отпуск' is clicked on

03-03-2025T12:57:30 - [MESSAGE][PASSED] - Object: 'Object Repository/Прогноз по отраслям/Отпуск' is clicked on

03-03-2025T12:57:30 - [TEST_STEP][PASSED] - delay(40): Delayed 40 second(s)

03-03-2025T12:58:10 - [MESSAGE][PASSED] - Delayed 40 second(s)

03-03-2025T12:58:10 - [TEST_STEP][PASSED] - a1 = getText(findTestObject("Прогноз по отраслям/Виджеты дашборда")): Text of object 'Object Repository/Прогноз по отраслям/Виджеты дашборда' is: 'Год 
2023 год
Сравнение с 
Факт прошлого года
Динамика электропотребления, млрд. кВт.ч. по ПАО Россети на 2023 год
12 12
186 186
36 36
50 50
10 10
19 19
0 0
17 17
85 85
19 19
82 82
604 604
10 10
197 197
37 37
48 48
10 10
15 15
4 4
18 18
80 80
19 19
82 82
608 608
Факт прошлого года
Ожидаемое (прогноз по конца года)
Интер РАО (дляФСК)
Промышленныепотребители
Транспорт
Нефтедобыча
Нефтепереработка
Нефтепроводы
Газопроводы
Сельскоехозяйство ипищеваяпромышленность
Непромышленныепотребители
Государственные(муниципальные)организации ипрочиебюджетныепотребители
Население иприравненныегруппыпотребителей
Территориальныесетевыеорганизации
Выручка по ПАО Россети на 2023 год
5 5
285 285
72 72
72 72
18 18
22 22
0 0
50 50
201 201
61 61
190 190
227 227
6 6
331 331
82 82
77 77
20 20
20 20
3 3
57 57
220 220
68 68
214 214
258 258
Факт прошлого года
Ожидаемое (прогноз по конца года)
Интер РАО (дляФСК)
Промышленныепотребители
Транспорт
Нефтедобыча
Нефтепереработка
Нефтепроводы
Газопроводы
Сельскоехозяйство ипищеваяпромышленность
Непромышленныепотребители
Государственные(муниципальные)организации ипрочиебюджетныепотребители
Население иприравненныегруппыпотребителей
Территориальныесетевыеорганизации
Отклонения по ПАО Россети на 2023 год
-18.5% -18.5%
5.9% 5.9%
3.6% 3.6%
-3.9% -3.9%
0.9% 0.9%
-20.7% -20.7%
3 313.2% 3 313.2%
3.8% 3.8%
-5.6% -5.6%
1.3% 1.3%
-0.9% -0.9%
0.7% 0.7%
⬤ Отклонение, %
Интер РАО (для ФСК)
Промышленные потребители
Транспорт
Нефтедобыча
Нефтепереработка
Нефтепроводы
Газопроводы
Сельское хозяйство и пищевая пр…
Непромышленные потребители
Государственные (муниципальные…
Население и приравненные групп…
Территориальные сетевые органи…
Выручка отклонения по ПАО Россети на 2023 год
7.7% 7.7%
16.0% 16.0%
13.2% 13.2%
6.7% 6.7%
13.3% 13.3%
-7.7% -7.7%
1 331.5% 1 331.5%
14.2% 14.2%
9.9% 9.9%
12.0% 12.0%
12.4% 12.4%
13.7% 13.7%
⬤ Отклонение, %
Интер РАО (для ФСК)
Промышленные потребители
Транспорт
Нефтедобыча
Нефтепереработка
Нефтепроводы
Газопроводы
Сельское хозяйство и пищевая пр…
Непромышленные потребители
Государственные (муниципальные…
Население и приравненные групп…
Территориальные сетевые органи…
абс.
%
Прогноз на месяц 
Ноябрь
КПО/Отпуск из сети 
Отпуск из сети, млн. кВт.ч
Организация 
Все
Прогноз электропотребления и выручки за услуги по передаче в разрезе отраслей'

03-03-2025T12:58:10 - [MESSAGE][PASSED] - Text of object 'Object Repository/Прогноз по отраслям/Виджеты дашборда' is: 'Год 
2023 год
Сравнение с 
Факт прошлого года
Динамика электропотребления, млрд. кВт.ч. по ПАО Россети на 2023 год
12 12
186 186
36 36
50 50
10 10
19 19
0 0
17 17
85 85
19 19
82 82
604 604
10 10
197 197
37 37
48 48
10 10
15 15
4 4
18 18
80 80
19 19
82 82
608 608
Факт прошлого года
Ожидаемое (прогноз по конца года)
Интер РАО (дляФСК)
Промышленныепотребители
Транспорт
Нефтедобыча
Нефтепереработка
Нефтепроводы
Газопроводы
Сельскоехозяйство ипищеваяпромышленность
Непромышленныепотребители
Государственные(муниципальные)организации ипрочиебюджетныепотребители
Население иприравненныегруппыпотребителей
Территориальныесетевыеорганизации
Выручка по ПАО Россети на 2023 год
5 5
285 285
72 72
72 72
18 18
22 22
0 0
50 50
201 201
61 61
190 190
227 227
6 6
331 331
82 82
77 77
20 20
20 20
3 3
57 57
220 220
68 68
214 214
258 258
Факт прошлого года
Ожидаемое (прогноз по конца года)
Интер РАО (дляФСК)
Промышленныепотребители
Транспорт
Нефтедобыча
Нефтепереработка
Нефтепроводы
Газопроводы
Сельскоехозяйство ипищеваяпромышленность
Непромышленныепотребители
Государственные(муниципальные)организации ипрочиебюджетныепотребители
Население иприравненныегруппыпотребителей
Территориальныесетевыеорганизации
Отклонения по ПАО Россети на 2023 год
-18.5% -18.5%
5.9% 5.9%
3.6% 3.6%
-3.9% -3.9%
0.9% 0.9%
-20.7% -20.7%
3 313.2% 3 313.2%
3.8% 3.8%
-5.6% -5.6%
1.3% 1.3%
-0.9% -0.9%
0.7% 0.7%
⬤ Отклонение, %
Интер РАО (для ФСК)
Промышленные потребители
Транспорт
Нефтедобыча
Нефтепереработка
Нефтепроводы
Газопроводы
Сельское хозяйство и пищевая пр…
Непромышленные потребители
Государственные (муниципальные…
Население и приравненные групп…
Территориальные сетевые органи…
Выручка отклонения по ПАО Россети на 2023 год
7.7% 7.7%
16.0% 16.0%
13.2% 13.2%
6.7% 6.7%
13.3% 13.3%
-7.7% -7.7%
1 331.5% 1 331.5%
14.2% 14.2%
9.9% 9.9%
12.0% 12.0%
12.4% 12.4%
13.7% 13.7%
⬤ Отклонение, %
Интер РАО (для ФСК)
Промышленные потребители
Транспорт
Нефтедобыча
Нефтепереработка
Нефтепроводы
Газопроводы
Сельское хозяйство и пищевая пр…
Непромышленные потребители
Государственные (муниципальные…
Население и приравненные групп…
Территориальные сетевые органи…
абс.
%
Прогноз на месяц 
Ноябрь
КПО/Отпуск из сети 
Отпуск из сети, млн. кВт.ч
Организация 
Все
Прогноз электропотребления и выручки за услуги по передаче в разрезе отраслей'

03-03-2025T12:58:10 - [TEST_STEP][PASSED] - a1 = a1.replaceAll("[^0-9]", ""): null

03-03-2025T12:58:10 - [TEST_STEP][PASSED] - println("a1:" + a1): null

03-03-2025T12:58:10 - [TEST_STEP][PASSED] - click(findTestObject("Прогноз по отраслям/Фильтр Сравнение с")): Object: 'Object Repository/Прогноз по отраслям/Фильтр Сравнение с' is clicked on

03-03-2025T12:58:11 - [MESSAGE][PASSED] - Object: 'Object Repository/Прогноз по отраслям/Фильтр Сравнение с' is clicked on

03-03-2025T12:58:11 - [TEST_STEP][PASSED] - click(findTestObject("Прогноз по отраслям/План")): Object: 'Object Repository/Прогноз по отраслям/План' is clicked on

03-03-2025T12:58:11 - [MESSAGE][PASSED] - Object: 'Object Repository/Прогноз по отраслям/План' is clicked on

03-03-2025T12:58:11 - [TEST_STEP][PASSED] - delay(40): Delayed 40 second(s)

03-03-2025T12:58:51 - [MESSAGE][PASSED] - Delayed 40 second(s)

03-03-2025T12:58:51 - [TEST_STEP][PASSED] - a2 = getText(findTestObject("Прогноз по отраслям/Виджеты дашборда")): Text of object 'Object Repository/Прогноз по отраслям/Виджеты дашборда' is: 'Год 
2023 год
Сравнение с 
План
Динамика электропотребления, млрд. кВт.ч. по ПАО Россети на 2023 год
10 10
190 190
36 36
14 14
9 9
14 14
4 4
17 17
80 80
19 19
82 82
588 588
10 10
197 197
37 37
48 48
10 10
15 15
4 4
18 18
80 80
19 19
82 82
608 608
План
Ожидаемое (прогноз по конца года)
Интер РАО (дляФСК)
Промышленныепотребители
Транспорт
Нефтедобыча
Нефтепереработка
Нефтепроводы
Газопроводы
Сельскоехозяйство ипищеваяпромышленность
Непромышленныепотребители
Государственные(муниципальные)организации ипрочиебюджетныепотребители
Население иприравненныегруппыпотребителей
Территориальныесетевыеорганизации
Выручка по ПАО Россети на 2023 год
5 5
319 319
81 81
16 16
16 16
20 20
2 2
56 56
215 215
67 67
218 218
239 239
6 6
331 331
82 82
77 77
20 20
20 20
3 3
57 57
220 220
68 68
214 214
258 258
План
Ожидаемое (прогноз по конца года)
Интер РАО (дляФСК)
Промышленныепотребители
Транспорт
Нефтедобыча
Нефтепереработка
Нефтепроводы
Газопроводы
Сельскоехозяйство ипищеваяпромышленность
Непромышленныепотребители
Государственные(муниципальные)организации ипрочиебюджетныепотребители
Население иприравненныегруппыпотребителей
Территориальныесетевыеорганизации
Отклонения по ПАО Россети на 2023 год
-4.7% -4.7%
3.8% 3.8%
1.9% 1.9%
230.3% 230.3%
10.9% 10.9%
4.2% 4.2%
21.7% 21.7%
3.9% 3.9%
-0.6% -0.6%
1.6% 1.6%
-1.0% -1.0%
3.3% 3.3%
⬤ Отклонение, %
Интер РАО (для ФСК)
Промышленные потребители
Транспорт
Нефтедобыча
Нефтепереработка
Нефтепроводы
Газопроводы
Сельское хозяйство и пищевая пр…
Непромышленные потребители
Государственные (муниципальные…
Население и приравненные групп…
Территориальные сетевые органи…
Выручка отклонения по ПАО Россети на 2023 год
15.6% 15.6%
3.8% 3.8%
1.2% 1.2%
398.2% 398.2%
26.9% 26.9%
-0.6% -0.6%
26.9% 26.9%
1.5% 1.5%
2.7% 2.7%
2.0% 2.0%
-2.0% -2.0%
7.9% 7.9%
⬤ Отклонение, %
Интер РАО (для ФСК)
Промышленные потребители
Транспорт
Нефтедобыча
Нефтепереработка
Нефтепроводы
Газопроводы
Сельское хозяйство и пищевая пр…
Непромышленные потребители
Государственные (муниципальные…
Население и приравненные групп…
Территориальные сетевые органи…
абс.
%
Прогноз на месяц 
Ноябрь
КПО/Отпуск из сети 
Отпуск из сети, млн. кВт.ч
Организация 
Все
Прогноз электропотребления и выручки за услуги по передаче в разрезе отраслей'

03-03-2025T12:58:52 - [MESSAGE][PASSED] - Text of object 'Object Repository/Прогноз по отраслям/Виджеты дашборда' is: 'Год 
2023 год
Сравнение с 
План
Динамика электропотребления, млрд. кВт.ч. по ПАО Россети на 2023 год
10 10
190 190
36 36
14 14
9 9
14 14
4 4
17 17
80 80
19 19
82 82
588 588
10 10
197 197
37 37
48 48
10 10
15 15
4 4
18 18
80 80
19 19
82 82
608 608
План
Ожидаемое (прогноз по конца года)
Интер РАО (дляФСК)
Промышленныепотребители
Транспорт
Нефтедобыча
Нефтепереработка
Нефтепроводы
Газопроводы
Сельскоехозяйство ипищеваяпромышленность
Непромышленныепотребители
Государственные(муниципальные)организации ипрочиебюджетныепотребители
Население иприравненныегруппыпотребителей
Территориальныесетевыеорганизации
Выручка по ПАО Россети на 2023 год
5 5
319 319
81 81
16 16
16 16
20 20
2 2
56 56
215 215
67 67
218 218
239 239
6 6
331 331
82 82
77 77
20 20
20 20
3 3
57 57
220 220
68 68
214 214
258 258
План
Ожидаемое (прогноз по конца года)
Интер РАО (дляФСК)
Промышленныепотребители
Транспорт
Нефтедобыча
Нефтепереработка
Нефтепроводы
Газопроводы
Сельскоехозяйство ипищеваяпромышленность
Непромышленныепотребители
Государственные(муниципальные)организации ипрочиебюджетныепотребители
Население иприравненныегруппыпотребителей
Территориальныесетевыеорганизации
Отклонения по ПАО Россети на 2023 год
-4.7% -4.7%
3.8% 3.8%
1.9% 1.9%
230.3% 230.3%
10.9% 10.9%
4.2% 4.2%
21.7% 21.7%
3.9% 3.9%
-0.6% -0.6%
1.6% 1.6%
-1.0% -1.0%
3.3% 3.3%
⬤ Отклонение, %
Интер РАО (для ФСК)
Промышленные потребители
Транспорт
Нефтедобыча
Нефтепереработка
Нефтепроводы
Газопроводы
Сельское хозяйство и пищевая пр…
Непромышленные потребители
Государственные (муниципальные…
Население и приравненные групп…
Территориальные сетевые органи…
Выручка отклонения по ПАО Россети на 2023 год
15.6% 15.6%
3.8% 3.8%
1.2% 1.2%
398.2% 398.2%
26.9% 26.9%
-0.6% -0.6%
26.9% 26.9%
1.5% 1.5%
2.7% 2.7%
2.0% 2.0%
-2.0% -2.0%
7.9% 7.9%
⬤ Отклонение, %
Интер РАО (для ФСК)
Промышленные потребители
Транспорт
Нефтедобыча
Нефтепереработка
Нефтепроводы
Газопроводы
Сельское хозяйство и пищевая пр…
Непромышленные потребители
Государственные (муниципальные…
Население и приравненные групп…
Территориальные сетевые органи…
абс.
%
Прогноз на месяц 
Ноябрь
КПО/Отпуск из сети 
Отпуск из сети, млн. кВт.ч
Организация 
Все
Прогноз электропотребления и выручки за услуги по передаче в разрезе отраслей'

03-03-2025T12:58:52 - [TEST_STEP][PASSED] - a2 = a2.replaceAll("[^0-9]", ""): null

03-03-2025T12:58:52 - [TEST_STEP][PASSED] - println("a2:" + a2): null

03-03-2025T12:58:52 - [TEST_STEP][PASSED] - click(findTestObject("Прогноз по отраслям/Фильтр Сравнение с")): Object: 'Object Repository/Прогноз по отраслям/Фильтр Сравнение с' is clicked on

03-03-2025T12:58:52 - [MESSAGE][PASSED] - Object: 'Object Repository/Прогноз по отраслям/Фильтр Сравнение с' is clicked on

03-03-2025T12:58:52 - [TEST_STEP][PASSED] - click(findTestObject("Прогноз по отраслям/План СУ")): Object: 'Object Repository/Прогноз по отраслям/План СУ' is clicked on

03-03-2025T12:58:53 - [MESSAGE][PASSED] - Object: 'Object Repository/Прогноз по отраслям/План СУ' is clicked on

03-03-2025T12:58:53 - [TEST_STEP][PASSED] - delay(40): Delayed 40 second(s)

03-03-2025T12:59:33 - [MESSAGE][PASSED] - Delayed 40 second(s)

03-03-2025T12:59:33 - [TEST_STEP][PASSED] - a3 = getText(findTestObject("Прогноз по отраслям/Виджеты дашборда")): Text of object 'Object Repository/Прогноз по отраслям/Виджеты дашборда' is: 'Год 
2023 год
Сравнение с 
План/СУ
Динамика электропотребления, млрд. кВт.ч. по ПАО Россети на 2023 год
10 10
181 181
36 36
15 15
9 9
14 14
4 4
16 16
86 86
19 19
79 79
586 586
10 10
197 197
37 37
48 48
10 10
15 15
4 4
18 18
80 80
19 19
82 82
608 608
СУ
Ожидаемое (прогноз по конца года)
Интер РАО (дляФСК)
Промышленныепотребители
Транспорт
Нефтедобыча
Нефтепереработка
Нефтепроводы
Газопроводы
Сельскоехозяйство ипищеваяпромышленность
Непромышленныепотребители
Государственные(муниципальные)организации ипрочиебюджетныепотребители
Население иприравненныегруппыпотребителей
Территориальныесетевыеорганизации
Выручка по ПАО Россети на 2023 год
6 6
331 331
82 82
77 77
20 20
20 20
3 3
57 57
220 220
68 68
214 214
258 258
Ожидаемое (прогноз по конца года)
Интер РАО (дляФСК)
Промышленныепотребители
Транспорт
Нефтедобыча
Нефтепереработка
Нефтепроводы
Газопроводы
Сельскоехозяйство ипищеваяпромышленность
Непромышленныепотребители
Государственные(муниципальные)организации ипрочиебюджетныепотребители
Население иприравненныегруппыпотребителей
Территориальныесетевыеорганизации
Отклонения по ПАО Россети на 2023 год
2.5% 2.5%
8.9% 8.9%
3.5% 3.5%
221.4% 221.4%
12.8% 12.8%
6.9% 6.9%
13.5% 13.5%
8.1% 8.1%
-6.9% -6.9%
2.3% 2.3%
3.1% 3.1%
3.8% 3.8%
⬤ Отклонение, %
Интер РАО (для ФСК)
Промышленные потребители
Транспорт
Нефтедобыча
Нефтепереработка
Нефтепроводы
Газопроводы
Сельское хозяйство и пищевая пр…
Непромышленные потребители
Государственные (муниципальные…
Население и приравненные групп…
Территориальные сетевые органи…
Выручка отклонения по ПАО Россети на 2023 год
⬤ Отклонение, %
Интер РАО (для ФСК)
Промышленные потребители
Транспорт
Нефтедобыча
Нефтепереработка
Нефтепроводы
Газопроводы
Сельское хозяйство и пищевая пр…
Непромышленные потребители
Государственные (муниципальные…
Население и приравненные групп…
Территориальные сетевые органи…
абс.
%
Прогноз на месяц 
Ноябрь
КПО/Отпуск из сети 
Отпуск из сети, млн. кВт.ч
Организация 
Все
Прогноз электропотребления и выручки за услуги по передаче в разрезе отраслей'

03-03-2025T12:59:34 - [MESSAGE][PASSED] - Text of object 'Object Repository/Прогноз по отраслям/Виджеты дашборда' is: 'Год 
2023 год
Сравнение с 
План/СУ
Динамика электропотребления, млрд. кВт.ч. по ПАО Россети на 2023 год
10 10
181 181
36 36
15 15
9 9
14 14
4 4
16 16
86 86
19 19
79 79
586 586
10 10
197 197
37 37
48 48
10 10
15 15
4 4
18 18
80 80
19 19
82 82
608 608
СУ
Ожидаемое (прогноз по конца года)
Интер РАО (дляФСК)
Промышленныепотребители
Транспорт
Нефтедобыча
Нефтепереработка
Нефтепроводы
Газопроводы
Сельскоехозяйство ипищеваяпромышленность
Непромышленныепотребители
Государственные(муниципальные)организации ипрочиебюджетныепотребители
Население иприравненныегруппыпотребителей
Территориальныесетевыеорганизации
Выручка по ПАО Россети на 2023 год
6 6
331 331
82 82
77 77
20 20
20 20
3 3
57 57
220 220
68 68
214 214
258 258
Ожидаемое (прогноз по конца года)
Интер РАО (дляФСК)
Промышленныепотребители
Транспорт
Нефтедобыча
Нефтепереработка
Нефтепроводы
Газопроводы
Сельскоехозяйство ипищеваяпромышленность
Непромышленныепотребители
Государственные(муниципальные)организации ипрочиебюджетныепотребители
Население иприравненныегруппыпотребителей
Территориальныесетевыеорганизации
Отклонения по ПАО Россети на 2023 год
2.5% 2.5%
8.9% 8.9%
3.5% 3.5%
221.4% 221.4%
12.8% 12.8%
6.9% 6.9%
13.5% 13.5%
8.1% 8.1%
-6.9% -6.9%
2.3% 2.3%
3.1% 3.1%
3.8% 3.8%
⬤ Отклонение, %
Интер РАО (для ФСК)
Промышленные потребители
Транспорт
Нефтедобыча
Нефтепереработка
Нефтепроводы
Газопроводы
Сельское хозяйство и пищевая пр…
Непромышленные потребители
Государственные (муниципальные…
Население и приравненные групп…
Территориальные сетевые органи…
Выручка отклонения по ПАО Россети на 2023 год
⬤ Отклонение, %
Интер РАО (для ФСК)
Промышленные потребители
Транспорт
Нефтедобыча
Нефтепереработка
Нефтепроводы
Газопроводы
Сельское хозяйство и пищевая пр…
Непромышленные потребители
Государственные (муниципальные…
Население и приравненные групп…
Территориальные сетевые органи…
абс.
%
Прогноз на месяц 
Ноябрь
КПО/Отпуск из сети 
Отпуск из сети, млн. кВт.ч
Организация 
Все
Прогноз электропотребления и выручки за услуги по передаче в разрезе отраслей'

03-03-2025T12:59:34 - [TEST_STEP][PASSED] - a3 = a3.replaceAll("[^0-9]", ""): null

03-03-2025T12:59:34 - [TEST_STEP][PASSED] - println("a3:" + a3): null

03-03-2025T12:59:34 - [TEST_STEP][PASSED] - click(findTestObject("Прогноз по отраслям/Фильтр Сравнение с")): Object: 'Object Repository/Прогноз по отраслям/Фильтр Сравнение с' is clicked on

03-03-2025T12:59:34 - [MESSAGE][PASSED] - Object: 'Object Repository/Прогноз по отраслям/Фильтр Сравнение с' is clicked on

03-03-2025T12:59:34 - [TEST_STEP][PASSED] - click(findTestObject("Прогноз по отраслям/Факт прошлого года")): Object: 'Object Repository/Прогноз по отраслям/Факт прошлого года' is clicked on

03-03-2025T12:59:35 - [MESSAGE][PASSED] - Object: 'Object Repository/Прогноз по отраслям/Факт прошлого года' is clicked on

03-03-2025T12:59:35 - [TEST_STEP][PASSED] - click(findTestObject("Прогноз по отраслям/Фильтр КПО-Отпуск")): Object: 'Object Repository/Прогноз по отраслям/Фильтр КПО-Отпуск' is clicked on

03-03-2025T12:59:38 - [MESSAGE][PASSED] - Object: 'Object Repository/Прогноз по отраслям/Фильтр КПО-Отпуск' is clicked on

03-03-2025T12:59:38 - [TEST_STEP][PASSED] - click(findTestObject("Прогноз по отраслям/КПО")): Object: 'Object Repository/Прогноз по отраслям/КПО' is clicked on

03-03-2025T12:59:39 - [MESSAGE][PASSED] - Object: 'Object Repository/Прогноз по отраслям/КПО' is clicked on

03-03-2025T12:59:39 - [TEST_STEP][PASSED] - delay(40): Delayed 40 second(s)

03-03-2025T13:00:19 - [MESSAGE][PASSED] - Delayed 40 second(s)

03-03-2025T13:00:19 - [TEST_STEP][PASSED] - a4 = getText(findTestObject("Прогноз по отраслям/Виджеты дашборда")): Text of object 'Object Repository/Прогноз по отраслям/Виджеты дашборда' is: 'Год 
2023 год
Сравнение с 
Факт прошлого года
Динамика электропотребления, млрд. кВт.ч. по ПАО Россети на 2023 год
0 0
120 120
38 38
41 41
8 8
10 10
0 0
19 19
77 77
25 25
122 122
61 61
0 0
120 120
39 39
39 39
8 8
8 8
1 1
20 20
78 78
26 26
121 121
60 60
Факт прошлого года
Ожидаемое (прогноз по конца года)
Интер РАО (дляФСК)
Промышленныепотребители
Транспорт
Нефтедобыча
Нефтепереработка
Нефтепроводы
Газопроводы
Сельскоехозяйство ипищеваяпромышленность
Непромышленныепотребители
Государственные(муниципальные)организации ипрочиебюджетныепотребители
Население иприравненныегруппыпотребителей
Территориальныесетевыеорганизации
Выручка по ПАО Россети на 2023 год
5 5
285 285
72 72
72 72
18 18
22 22
0 0
50 50
201 201
61 61
190 190
227 227
6 6
331 331
82 82
77 77
20 20
20 20
3 3
57 57
220 220
68 68
214 214
258 258
Факт прошлого года
Ожидаемое (прогноз по конца года)
Интер РАО (дляФСК)
Промышленныепотребители
Транспорт
Нефтедобыча
Нефтепереработка
Нефтепроводы
Газопроводы
Сельскоехозяйство ипищеваяпромышленность
Непромышленныепотребители
Государственные(муниципальные)организации ипрочиебюджетныепотребители
Население иприравненныегруппыпотребителей
Территориальныесетевыеорганизации
Отклонения по ПАО Россети на 2023 год
0.5% 0.5%
0.9% 0.9%
-5.9% -5.9%
3.1% 3.1%
-17.9% -17.9%
578.4% 578.4%
2.3% 2.3%
1.8% 1.8%
2.1% 2.1%
-0.9% -0.9%
-0.2% -0.2%
⬤ Отклонение, %
Интер РАО (для ФСК)
Промышленные потребители
Транспорт
Нефтедобыча
Нефтепереработка
Нефтепроводы
Газопроводы
Сельское хозяйство и пищевая пр…
Непромышленные потребители
Государственные (муниципальные…
Население и приравненные групп…
Территориальные сетевые органи…
Выручка отклонения по ПАО Россети на 2023 год
7.7% 7.7%
16.0% 16.0%
13.2% 13.2%
6.7% 6.7%
13.3% 13.3%
-7.7% -7.7%
1 331.5% 1 331.5%
14.2% 14.2%
9.9% 9.9%
12.0% 12.0%
12.4% 12.4%
13.7% 13.7%
⬤ Отклонение, %
Интер РАО (для ФСК)
Промышленные потребители
Транспорт
Нефтедобыча
Нефтепереработка
Нефтепроводы
Газопроводы
Сельское хозяйство и пищевая пр…
Непромышленные потребители
Государственные (муниципальные…
Население и приравненные групп…
Территориальные сетевые органи…
абс.
%
Прогноз на месяц 
Ноябрь
КПО/Отпуск из сети 
Котловой полезный отпуск, млн. кВт.ч
Организация 
Все
Прогноз электропотребления и выручки за услуги по передаче в разрезе отраслей'

03-03-2025T13:00:20 - [MESSAGE][PASSED] - Text of object 'Object Repository/Прогноз по отраслям/Виджеты дашборда' is: 'Год 
2023 год
Сравнение с 
Факт прошлого года
Динамика электропотребления, млрд. кВт.ч. по ПАО Россети на 2023 год
0 0
120 120
38 38
41 41
8 8
10 10
0 0
19 19
77 77
25 25
122 122
61 61
0 0
120 120
39 39
39 39
8 8
8 8
1 1
20 20
78 78
26 26
121 121
60 60
Факт прошлого года
Ожидаемое (прогноз по конца года)
Интер РАО (дляФСК)
Промышленныепотребители
Транспорт
Нефтедобыча
Нефтепереработка
Нефтепроводы
Газопроводы
Сельскоехозяйство ипищеваяпромышленность
Непромышленныепотребители
Государственные(муниципальные)организации ипрочиебюджетныепотребители
Население иприравненныегруппыпотребителей
Территориальныесетевыеорганизации
Выручка по ПАО Россети на 2023 год
5 5
285 285
72 72
72 72
18 18
22 22
0 0
50 50
201 201
61 61
190 190
227 227
6 6
331 331
82 82
77 77
20 20
20 20
3 3
57 57
220 220
68 68
214 214
258 258
Факт прошлого года
Ожидаемое (прогноз по конца года)
Интер РАО (дляФСК)
Промышленныепотребители
Транспорт
Нефтедобыча
Нефтепереработка
Нефтепроводы
Газопроводы
Сельскоехозяйство ипищеваяпромышленность
Непромышленныепотребители
Государственные(муниципальные)организации ипрочиебюджетныепотребители
Население иприравненныегруппыпотребителей
Территориальныесетевыеорганизации
Отклонения по ПАО Россети на 2023 год
0.5% 0.5%
0.9% 0.9%
-5.9% -5.9%
3.1% 3.1%
-17.9% -17.9%
578.4% 578.4%
2.3% 2.3%
1.8% 1.8%
2.1% 2.1%
-0.9% -0.9%
-0.2% -0.2%
⬤ Отклонение, %
Интер РАО (для ФСК)
Промышленные потребители
Транспорт
Нефтедобыча
Нефтепереработка
Нефтепроводы
Газопроводы
Сельское хозяйство и пищевая пр…
Непромышленные потребители
Государственные (муниципальные…
Население и приравненные групп…
Территориальные сетевые органи…
Выручка отклонения по ПАО Россети на 2023 год
7.7% 7.7%
16.0% 16.0%
13.2% 13.2%
6.7% 6.7%
13.3% 13.3%
-7.7% -7.7%
1 331.5% 1 331.5%
14.2% 14.2%
9.9% 9.9%
12.0% 12.0%
12.4% 12.4%
13.7% 13.7%
⬤ Отклонение, %
Интер РАО (для ФСК)
Промышленные потребители
Транспорт
Нефтедобыча
Нефтепереработка
Нефтепроводы
Газопроводы
Сельское хозяйство и пищевая пр…
Непромышленные потребители
Государственные (муниципальные…
Население и приравненные групп…
Территориальные сетевые органи…
абс.
%
Прогноз на месяц 
Ноябрь
КПО/Отпуск из сети 
Котловой полезный отпуск, млн. кВт.ч
Организация 
Все
Прогноз электропотребления и выручки за услуги по передаче в разрезе отраслей'

03-03-2025T13:00:20 - [TEST_STEP][PASSED] - a4 = a4.replaceAll("[^0-9]", ""): null

03-03-2025T13:00:20 - [TEST_STEP][PASSED] - println("a4:" + a4): null

03-03-2025T13:00:20 - [TEST_STEP][PASSED] - click(findTestObject("Прогноз по отраслям/Фильтр Сравнение с")): Object: 'Object Repository/Прогноз по отраслям/Фильтр Сравнение с' is clicked on

03-03-2025T13:00:20 - [MESSAGE][PASSED] - Object: 'Object Repository/Прогноз по отраслям/Фильтр Сравнение с' is clicked on

03-03-2025T13:00:20 - [TEST_STEP][PASSED] - click(findTestObject("Прогноз по отраслям/План")): Object: 'Object Repository/Прогноз по отраслям/План' is clicked on

03-03-2025T13:00:21 - [MESSAGE][PASSED] - Object: 'Object Repository/Прогноз по отраслям/План' is clicked on

03-03-2025T13:00:21 - [TEST_STEP][PASSED] - delay(40): Delayed 40 second(s)

03-03-2025T13:01:01 - [MESSAGE][PASSED] - Delayed 40 second(s)

03-03-2025T13:01:01 - [TEST_STEP][PASSED] - a5 = getText(findTestObject("Прогноз по отраслям/Виджеты дашборда")): Text of object 'Object Repository/Прогноз по отраслям/Виджеты дашборда' is: 'Год 
2023 год
Сравнение с 
План
Динамика электропотребления, млрд. кВт.ч. по ПАО Россети на 2023 год
0 0
119 119
37 37
7 7
7 7
8 8
1 1
19 19
75 75
25 25
123 123
55 55
0 0
120 120
39 39
39 39
8 8
8 8
1 1
20 20
78 78
26 26
121 121
60 60
План
Ожидаемое (прогноз по конца года)
Интер РАО (дляФСК)
Промышленныепотребители
Транспорт
Нефтедобыча
Нефтепереработка
Нефтепроводы
Газопроводы
Сельскоехозяйство ипищеваяпромышленность
Непромышленныепотребители
Государственные(муниципальные)организации ипрочиебюджетныепотребители
Население иприравненныегруппыпотребителей
Территориальныесетевыеорганизации
Выручка по ПАО Россети на 2023 год
5 5
319 319
81 81
16 16
16 16
20 20
2 2
56 56
215 215
67 67
218 218
239 239
6 6
331 331
82 82
77 77
20 20
20 20
3 3
57 57
220 220
68 68
214 214
258 258
План
Ожидаемое (прогноз по конца года)
Интер РАО (дляФСК)
Промышленныепотребители
Транспорт
Нефтедобыча
Нефтепереработка
Нефтепроводы
Газопроводы
Сельскоехозяйство ипищеваяпромышленность
Непромышленныепотребители
Государственные(муниципальные)организации ипрочиебюджетныепотребители
Население иприравненныегруппыпотребителей
Территориальныесетевыеорганизации
Отклонения по ПАО Россети на 2023 год
1.2% 1.2%
3.2% 3.2%
492.1% 492.1%
18.1% 18.1%
4.4% 4.4%
11.9% 11.9%
1.2% 1.2%
4.1% 4.1%
2.4% 2.4%
-1.4% -1.4%
9.7% 9.7%
⬤ Отклонение, %
Интер РАО (для ФСК)
Промышленные потребители
Транспорт
Нефтедобыча
Нефтепереработка
Нефтепроводы
Газопроводы
Сельское хозяйство и пищевая пр…
Непромышленные потребители
Государственные (муниципальные…
Население и приравненные групп…
Территориальные сетевые органи…
Выручка отклонения по ПАО Россети на 2023 год
15.6% 15.6%
3.8% 3.8%
1.2% 1.2%
398.2% 398.2%
26.9% 26.9%
-0.6% -0.6%
26.9% 26.9%
1.5% 1.5%
2.7% 2.7%
2.0% 2.0%
-2.0% -2.0%
7.9% 7.9%
⬤ Отклонение, %
Интер РАО (для ФСК)
Промышленные потребители
Транспорт
Нефтедобыча
Нефтепереработка
Нефтепроводы
Газопроводы
Сельское хозяйство и пищевая пр…
Непромышленные потребители
Государственные (муниципальные…
Население и приравненные групп…
Территориальные сетевые органи…
абс.
%
Прогноз на месяц 
Ноябрь
КПО/Отпуск из сети 
Котловой полезный отпуск, млн. кВт.ч
Организация 
Все
Прогноз электропотребления и выручки за услуги по передаче в разрезе отраслей'

03-03-2025T13:01:01 - [MESSAGE][PASSED] - Text of object 'Object Repository/Прогноз по отраслям/Виджеты дашборда' is: 'Год 
2023 год
Сравнение с 
План
Динамика электропотребления, млрд. кВт.ч. по ПАО Россети на 2023 год
0 0
119 119
37 37
7 7
7 7
8 8
1 1
19 19
75 75
25 25
123 123
55 55
0 0
120 120
39 39
39 39
8 8
8 8
1 1
20 20
78 78
26 26
121 121
60 60
План
Ожидаемое (прогноз по конца года)
Интер РАО (дляФСК)
Промышленныепотребители
Транспорт
Нефтедобыча
Нефтепереработка
Нефтепроводы
Газопроводы
Сельскоехозяйство ипищеваяпромышленность
Непромышленныепотребители
Государственные(муниципальные)организации ипрочиебюджетныепотребители
Население иприравненныегруппыпотребителей
Территориальныесетевыеорганизации
Выручка по ПАО Россети на 2023 год
5 5
319 319
81 81
16 16
16 16
20 20
2 2
56 56
215 215
67 67
218 218
239 239
6 6
331 331
82 82
77 77
20 20
20 20
3 3
57 57
220 220
68 68
214 214
258 258
План
Ожидаемое (прогноз по конца года)
Интер РАО (дляФСК)
Промышленныепотребители
Транспорт
Нефтедобыча
Нефтепереработка
Нефтепроводы
Газопроводы
Сельскоехозяйство ипищеваяпромышленность
Непромышленныепотребители
Государственные(муниципальные)организации ипрочиебюджетныепотребители
Население иприравненныегруппыпотребителей
Территориальныесетевыеорганизации
Отклонения по ПАО Россети на 2023 год
1.2% 1.2%
3.2% 3.2%
492.1% 492.1%
18.1% 18.1%
4.4% 4.4%
11.9% 11.9%
1.2% 1.2%
4.1% 4.1%
2.4% 2.4%
-1.4% -1.4%
9.7% 9.7%
⬤ Отклонение, %
Интер РАО (для ФСК)
Промышленные потребители
Транспорт
Нефтедобыча
Нефтепереработка
Нефтепроводы
Газопроводы
Сельское хозяйство и пищевая пр…
Непромышленные потребители
Государственные (муниципальные…
Население и приравненные групп…
Территориальные сетевые органи…
Выручка отклонения по ПАО Россети на 2023 год
15.6% 15.6%
3.8% 3.8%
1.2% 1.2%
398.2% 398.2%
26.9% 26.9%
-0.6% -0.6%
26.9% 26.9%
1.5% 1.5%
2.7% 2.7%
2.0% 2.0%
-2.0% -2.0%
7.9% 7.9%
⬤ Отклонение, %
Интер РАО (для ФСК)
Промышленные потребители
Транспорт
Нефтедобыча
Нефтепереработка
Нефтепроводы
Газопроводы
Сельское хозяйство и пищевая пр…
Непромышленные потребители
Государственные (муниципальные…
Население и приравненные групп…
Территориальные сетевые органи…
абс.
%
Прогноз на месяц 
Ноябрь
КПО/Отпуск из сети 
Котловой полезный отпуск, млн. кВт.ч
Организация 
Все
Прогноз электропотребления и выручки за услуги по передаче в разрезе отраслей'

03-03-2025T13:01:01 - [TEST_STEP][PASSED] - println("a5:" + a5): null

03-03-2025T13:01:01 - [TEST_STEP][PASSED] - a5 = a5.replaceAll("[^0-9]", ""): null

03-03-2025T13:01:01 - [TEST_STEP][PASSED] - println("a5:" + a5): null

03-03-2025T13:01:01 - [TEST_STEP][PASSED] - click(findTestObject("Прогноз по отраслям/Фильтр Сравнение с")): Object: 'Object Repository/Прогноз по отраслям/Фильтр Сравнение с' is clicked on

03-03-2025T13:01:02 - [MESSAGE][PASSED] - Object: 'Object Repository/Прогноз по отраслям/Фильтр Сравнение с' is clicked on

03-03-2025T13:01:02 - [TEST_STEP][PASSED] - click(findTestObject("Прогноз по отраслям/План СУ")): Object: 'Object Repository/Прогноз по отраслям/План СУ' is clicked on

03-03-2025T13:01:03 - [MESSAGE][PASSED] - Object: 'Object Repository/Прогноз по отраслям/План СУ' is clicked on

03-03-2025T13:01:03 - [TEST_STEP][PASSED] - delay(40): Delayed 40 second(s)

03-03-2025T13:01:43 - [MESSAGE][PASSED] - Delayed 40 second(s)

03-03-2025T13:01:43 - [TEST_STEP][PASSED] - a6 = getText(findTestObject("Прогноз по отраслям/Виджеты дашборда")): Text of object 'Object Repository/Прогноз по отраслям/Виджеты дашборда' is: 'Год 
2023 год
Сравнение с 
План/СУ
Динамика электропотребления, млрд. кВт.ч. по ПАО Россети на 2023 год
0 0
0 0
0 0
0 0
0 0
0 0
0 0
0 0
0 0
0 0
0 0
0 0
0 0
120 120
39 39
39 39
8 8
8 8
1 1
20 20
78 78
26 26
121 121
60 60
СУ
Ожидаемое (прогноз по конца года)
Интер РАО (дляФСК)
Промышленныепотребители
Транспорт
Нефтедобыча
Нефтепереработка
Нефтепроводы
Газопроводы
Сельскоехозяйство ипищеваяпромышленность
Непромышленныепотребители
Государственные(муниципальные)организации ипрочиебюджетныепотребители
Население иприравненныегруппыпотребителей
Территориальныесетевыеорганизации
Выручка по ПАО Россети на 2023 год
6 6
331 331
82 82
77 77
20 20
20 20
3 3
57 57
220 220
68 68
214 214
258 258
Ожидаемое (прогноз по конца года)
Интер РАО (дляФСК)
Промышленныепотребители
Транспорт
Нефтедобыча
Нефтепереработка
Нефтепроводы
Газопроводы
Сельскоехозяйство ипищеваяпромышленность
Непромышленныепотребители
Государственные(муниципальные)организации ипрочиебюджетныепотребители
Население иприравненныегруппыпотребителей
Территориальныесетевыеорганизации
Отклонения по ПАО Россети на 2023 год
⬤ Отклонение, %
Интер РАО (для ФСК)
Промышленные потребители
Транспорт
Нефтедобыча
Нефтепереработка
Нефтепроводы
Газопроводы
Сельское хозяйство и пищевая пр…
Непромышленные потребители
Государственные (муниципальные…
Население и приравненные групп…
Территориальные сетевые органи…
Выручка отклонения по ПАО Россети на 2023 год
⬤ Отклонение, %
Интер РАО (для ФСК)
Промышленные потребители
Транспорт
Нефтедобыча
Нефтепереработка
Нефтепроводы
Газопроводы
Сельское хозяйство и пищевая пр…
Непромышленные потребители
Государственные (муниципальные…
Население и приравненные групп…
Территориальные сетевые органи…
абс.
%
Прогноз на месяц 
Ноябрь
КПО/Отпуск из сети 
Котловой полезный отпуск, млн. кВт.ч
Организация 
Все
Прогноз электропотребления и выручки за услуги по передаче в разрезе отраслей'

03-03-2025T13:01:43 - [MESSAGE][PASSED] - Text of object 'Object Repository/Прогноз по отраслям/Виджеты дашборда' is: 'Год 
2023 год
Сравнение с 
План/СУ
Динамика электропотребления, млрд. кВт.ч. по ПАО Россети на 2023 год
0 0
0 0
0 0
0 0
0 0
0 0
0 0
0 0
0 0
0 0
0 0
0 0
0 0
120 120
39 39
39 39
8 8
8 8
1 1
20 20
78 78
26 26
121 121
60 60
СУ
Ожидаемое (прогноз по конца года)
Интер РАО (дляФСК)
Промышленныепотребители
Транспорт
Нефтедобыча
Нефтепереработка
Нефтепроводы
Газопроводы
Сельскоехозяйство ипищеваяпромышленность
Непромышленныепотребители
Государственные(муниципальные)организации ипрочиебюджетныепотребители
Население иприравненныегруппыпотребителей
Территориальныесетевыеорганизации
Выручка по ПАО Россети на 2023 год
6 6
331 331
82 82
77 77
20 20
20 20
3 3
57 57
220 220
68 68
214 214
258 258
Ожидаемое (прогноз по конца года)
Интер РАО (дляФСК)
Промышленныепотребители
Транспорт
Нефтедобыча
Нефтепереработка
Нефтепроводы
Газопроводы
Сельскоехозяйство ипищеваяпромышленность
Непромышленныепотребители
Государственные(муниципальные)организации ипрочиебюджетныепотребители
Население иприравненныегруппыпотребителей
Территориальныесетевыеорганизации
Отклонения по ПАО Россети на 2023 год
⬤ Отклонение, %
Интер РАО (для ФСК)
Промышленные потребители
Транспорт
Нефтедобыча
Нефтепереработка
Нефтепроводы
Газопроводы
Сельское хозяйство и пищевая пр…
Непромышленные потребители
Государственные (муниципальные…
Население и приравненные групп…
Территориальные сетевые органи…
Выручка отклонения по ПАО Россети на 2023 год
⬤ Отклонение, %
Интер РАО (для ФСК)
Промышленные потребители
Транспорт
Нефтедобыча
Нефтепереработка
Нефтепроводы
Газопроводы
Сельское хозяйство и пищевая пр…
Непромышленные потребители
Государственные (муниципальные…
Население и приравненные групп…
Территориальные сетевые органи…
абс.
%
Прогноз на месяц 
Ноябрь
КПО/Отпуск из сети 
Котловой полезный отпуск, млн. кВт.ч
Организация 
Все
Прогноз электропотребления и выручки за услуги по передаче в разрезе отраслей'

03-03-2025T13:01:43 - [TEST_STEP][PASSED] - a6 = a6.replaceAll("[^0-9]", ""): null

03-03-2025T13:01:43 - [TEST_STEP][PASSED] - println("a6:" + a6): null

03-03-2025T13:01:43 - [TEST_STEP][PASSED] - click(findTestObject("Прогноз по отраслям/Переключить отображение с процентов на абс Блок руководителя")): Object: 'Object Repository/Прогноз по отраслям/Переключить отображение с процентов на абс Блок руководителя' is clicked on

03-03-2025T13:01:43 - [MESSAGE][PASSED] - Object: 'Object Repository/Прогноз по отраслям/Переключить отображение с процентов на абс Блок руководителя' is clicked on

03-03-2025T13:01:43 - [TEST_STEP][PASSED] - click(findTestObject("Прогноз по отраслям/Фильтр Сравнение с")): Object: 'Object Repository/Прогноз по отраслям/Фильтр Сравнение с' is clicked on

03-03-2025T13:01:44 - [MESSAGE][PASSED] - Object: 'Object Repository/Прогноз по отраслям/Фильтр Сравнение с' is clicked on

03-03-2025T13:01:44 - [TEST_STEP][PASSED] - click(findTestObject("Прогноз по отраслям/Факт прошлого года")): Object: 'Object Repository/Прогноз по отраслям/Факт прошлого года' is clicked on

03-03-2025T13:01:45 - [MESSAGE][PASSED] - Object: 'Object Repository/Прогноз по отраслям/Факт прошлого года' is clicked on

03-03-2025T13:01:45 - [TEST_STEP][PASSED] - click(findTestObject("Прогноз по отраслям/Фильтр КПО-Отпуск")): Object: 'Object Repository/Прогноз по отраслям/Фильтр КПО-Отпуск' is clicked on

03-03-2025T13:01:53 - [MESSAGE][PASSED] - Object: 'Object Repository/Прогноз по отраслям/Фильтр КПО-Отпуск' is clicked on

03-03-2025T13:01:53 - [TEST_STEP][PASSED] - click(findTestObject("Прогноз по отраслям/Отпуск")): Object: 'Object Repository/Прогноз по отраслям/Отпуск' is clicked on

03-03-2025T13:01:54 - [MESSAGE][PASSED] - Object: 'Object Repository/Прогноз по отраслям/Отпуск' is clicked on

03-03-2025T13:01:54 - [TEST_STEP][PASSED] - delay(40): Delayed 40 second(s)

03-03-2025T13:02:34 - [MESSAGE][PASSED] - Delayed 40 second(s)

03-03-2025T13:02:34 - [TEST_STEP][PASSED] - a7 = getText(findTestObject("Прогноз по отраслям/Виджеты дашборда")): Text of object 'Object Repository/Прогноз по отраслям/Виджеты дашборда' is: 'Год 
2023 год
Сравнение с 
Факт прошлого года
Отклонения по ПАО Россети на 2023 год
-2 263.5 -2 263.5
11 054.6 11 054.6
1 280.2 1 280.2
-1 947.5 -1 947.5
90.9 90.9
-3 845.0 -3 845.0
4 162.1 4 162.1
651.7 651.7
-4 727.7 -4 727.7
256.5 256.5
-723.9 -723.9
4 292.3 4 292.3
⬤ Отклонение, млн. кВт.ч
Интер РАО (для ФСК)
Промышленные потребители
Транспорт
Нефтедобыча
Нефтепереработка
Нефтепроводы
Газопроводы
Сельское хозяйство и пищевая пр…
Непромышленные потребители
Государственные (муниципальные…
Население и приравненные групп…
Территориальные сетевые органи…
Выручка отклонения по ПАО Россети на 2023 год
421.3 421.3
45 574.9 45 574.9
9 547.5 9 547.5
4 889.3 4 889.3
2 337.4 2 337.4
-1 682.6 -1 682.6
2 919.4 2 919.4
7 110.2 7 110.2
19 840.8 19 840.8
7 289.5 7 289.5
23 664.8 23 664.8
31 028.3 31 028.3
⬤ Отклонение, млн. руб.
Интер РАО (для ФСК)
Промышленные потребители
Транспорт
Нефтедобыча
Нефтепереработка
Нефтепроводы
Газопроводы
Сельское хозяйство и пищевая пр…
Непромышленные потребители
Государственные (муниципальные…
Население и приравненные групп…
Территориальные сетевые органи…
Динамика электропотребления, млрд. кВт.ч. по ПАО Россети на 2023 год
12 12
186 186
36 36
50 50
10 10
19 19
0 0
17 17
85 85
19 19
82 82
604 604
10 10
197 197
37 37
48 48
10 10
15 15
4 4
18 18
80 80
19 19
82 82
608 608
Факт прошлого года
Ожидаемое (прогноз по конца года)
Интер РАО (дляФСК)
Промышленныепотребители
Транспорт
Нефтедобыча
Нефтепереработка
Нефтепроводы
Газопроводы
Сельскоехозяйство ипищеваяпромышленность
Непромышленныепотребители
Государственные(муниципальные)организации ипрочиебюджетныепотребители
Население иприравненныегруппыпотребителей
Территориальныесетевыеорганизации
Выручка по ПАО Россети на 2023 год
5 5
285 285
72 72
72 72
18 18
22 22
0 0
50 50
201 201
61 61
190 190
227 227
6 6
331 331
82 82
77 77
20 20
20 20
3 3
57 57
220 220
68 68
214 214
258 258
Факт прошлого года
Ожидаемое (прогноз по конца года)
Интер РАО (дляФСК)
Промышленныепотребители
Транспорт
Нефтедобыча
Нефтепереработка
Нефтепроводы
Газопроводы
Сельскоехозяйство ипищеваяпромышленность
Непромышленныепотребители
Государственные(муниципальные)организации ипрочиебюджетныепотребители
Население иприравненныегруппыпотребителей
Территориальныесетевыеорганизации
абс.
%
Прогноз на месяц 
Ноябрь
КПО/Отпуск из сети 
Отпуск из сети, млн. кВт.ч
Организация 
Все
Прогноз электропотребления и выручки за услуги по передаче в разрезе отраслей'

03-03-2025T13:02:34 - [MESSAGE][PASSED] - Text of object 'Object Repository/Прогноз по отраслям/Виджеты дашборда' is: 'Год 
2023 год
Сравнение с 
Факт прошлого года
Отклонения по ПАО Россети на 2023 год
-2 263.5 -2 263.5
11 054.6 11 054.6
1 280.2 1 280.2
-1 947.5 -1 947.5
90.9 90.9
-3 845.0 -3 845.0
4 162.1 4 162.1
651.7 651.7
-4 727.7 -4 727.7
256.5 256.5
-723.9 -723.9
4 292.3 4 292.3
⬤ Отклонение, млн. кВт.ч
Интер РАО (для ФСК)
Промышленные потребители
Транспорт
Нефтедобыча
Нефтепереработка
Нефтепроводы
Газопроводы
Сельское хозяйство и пищевая пр…
Непромышленные потребители
Государственные (муниципальные…
Население и приравненные групп…
Территориальные сетевые органи…
Выручка отклонения по ПАО Россети на 2023 год
421.3 421.3
45 574.9 45 574.9
9 547.5 9 547.5
4 889.3 4 889.3
2 337.4 2 337.4
-1 682.6 -1 682.6
2 919.4 2 919.4
7 110.2 7 110.2
19 840.8 19 840.8
7 289.5 7 289.5
23 664.8 23 664.8
31 028.3 31 028.3
⬤ Отклонение, млн. руб.
Интер РАО (для ФСК)
Промышленные потребители
Транспорт
Нефтедобыча
Нефтепереработка
Нефтепроводы
Газопроводы
Сельское хозяйство и пищевая пр…
Непромышленные потребители
Государственные (муниципальные…
Население и приравненные групп…
Территориальные сетевые органи…
Динамика электропотребления, млрд. кВт.ч. по ПАО Россети на 2023 год
12 12
186 186
36 36
50 50
10 10
19 19
0 0
17 17
85 85
19 19
82 82
604 604
10 10
197 197
37 37
48 48
10 10
15 15
4 4
18 18
80 80
19 19
82 82
608 608
Факт прошлого года
Ожидаемое (прогноз по конца года)
Интер РАО (дляФСК)
Промышленныепотребители
Транспорт
Нефтедобыча
Нефтепереработка
Нефтепроводы
Газопроводы
Сельскоехозяйство ипищеваяпромышленность
Непромышленныепотребители
Государственные(муниципальные)организации ипрочиебюджетныепотребители
Население иприравненныегруппыпотребителей
Территориальныесетевыеорганизации
Выручка по ПАО Россети на 2023 год
5 5
285 285
72 72
72 72
18 18
22 22
0 0
50 50
201 201
61 61
190 190
227 227
6 6
331 331
82 82
77 77
20 20
20 20
3 3
57 57
220 220
68 68
214 214
258 258
Факт прошлого года
Ожидаемое (прогноз по конца года)
Интер РАО (дляФСК)
Промышленныепотребители
Транспорт
Нефтедобыча
Нефтепереработка
Нефтепроводы
Газопроводы
Сельскоехозяйство ипищеваяпромышленность
Непромышленныепотребители
Государственные(муниципальные)организации ипрочиебюджетныепотребители
Население иприравненныегруппыпотребителей
Территориальныесетевыеорганизации
абс.
%
Прогноз на месяц 
Ноябрь
КПО/Отпуск из сети 
Отпуск из сети, млн. кВт.ч
Организация 
Все
Прогноз электропотребления и выручки за услуги по передаче в разрезе отраслей'

03-03-2025T13:02:34 - [TEST_STEP][PASSED] - a7 = a7.replaceAll("[^0-9]", ""): null

03-03-2025T13:02:34 - [TEST_STEP][PASSED] - println("a7:" + a7): null

03-03-2025T13:02:34 - [TEST_STEP][PASSED] - click(findTestObject("Прогноз по отраслям/Фильтр Сравнение с")): Object: 'Object Repository/Прогноз по отраслям/Фильтр Сравнение с' is clicked on

03-03-2025T13:02:35 - [MESSAGE][PASSED] - Object: 'Object Repository/Прогноз по отраслям/Фильтр Сравнение с' is clicked on

03-03-2025T13:02:35 - [TEST_STEP][PASSED] - click(findTestObject("Прогноз по отраслям/План")): Object: 'Object Repository/Прогноз по отраслям/План' is clicked on

03-03-2025T13:02:36 - [MESSAGE][PASSED] - Object: 'Object Repository/Прогноз по отраслям/План' is clicked on

03-03-2025T13:02:36 - [TEST_STEP][PASSED] - delay(40): Delayed 40 second(s)

03-03-2025T13:03:16 - [MESSAGE][PASSED] - Delayed 40 second(s)

03-03-2025T13:03:16 - [TEST_STEP][PASSED] - a8 = getText(findTestObject("Прогноз по отраслям/Виджеты дашборда")): Text of object 'Object Repository/Прогноз по отраслям/Виджеты дашборда' is: 'Год 
2023 год
Сравнение с 
План
Отклонения по ПАО Россети на 2023 год
-492.2 -492.2
7 165.1 7 165.1
689.3 689.3
33 271.7 33 271.7
986.4 986.4
593.8 593.8
764.0 764.0
670.4 670.4
-592.4 -592.4
308.8 308.8
-940.9 -940.9
19 604.1 19 604.1
⬤ Отклонение, млн. кВт.ч
Интер РАО (для ФСК)
Промышленные потребители
Транспорт
Нефтедобыча
Нефтепереработка
Нефтепроводы
Газопроводы
Сельское хозяйство и пищевая пр…
Непромышленные потребители
Государственные (муниципальные…
Население и приравненные групп…
Территориальные сетевые органи…
Выручка отклонения по ПАО Россети на 2023 год
794.9 794.9
12 195.0 12 195.0
972.7 972.7
61 803.9 61 803.9
4 222.3 4 222.3
-121.8 -121.8
666.2 666.2
873.2 873.2
5 809.6 5 809.6
1 342.6 1 342.6
-4 463.2 -4 463.2
18 375.5 18 375.5
⬤ Отклонение, млн. руб.
Интер РАО (для ФСК)
Промышленные потребители
Транспорт
Нефтедобыча
Нефтепереработка
Нефтепроводы
Газопроводы
Сельское хозяйство и пищевая пр…
Непромышленные потребители
Государственные (муниципальные…
Население и приравненные групп…
Территориальные сетевые органи…
Динамика электропотребления, млрд. кВт.ч. по ПАО Россети на 2023 год
10 10
190 190
36 36
14 14
9 9
14 14
4 4
17 17
80 80
19 19
82 82
588 588
10 10
197 197
37 37
48 48
10 10
15 15
4 4
18 18
80 80
19 19
82 82
608 608
План
Ожидаемое (прогноз по конца года)
Интер РАО (дляФСК)
Промышленныепотребители
Транспорт
Нефтедобыча
Нефтепереработка
Нефтепроводы
Газопроводы
Сельскоехозяйство ипищеваяпромышленность
Непромышленныепотребители
Государственные(муниципальные)организации ипрочиебюджетныепотребители
Население иприравненныегруппыпотребителей
Территориальныесетевыеорганизации
Выручка по ПАО Россети на 2023 год
5 5
319 319
81 81
16 16
16 16
20 20
2 2
56 56
215 215
67 67
218 218
239 239
6 6
331 331
82 82
77 77
20 20
20 20
3 3
57 57
220 220
68 68
214 214
258 258
План
Ожидаемое (прогноз по конца года)
Интер РАО (дляФСК)
Промышленныепотребители
Транспорт
Нефтедобыча
Нефтепереработка
Нефтепроводы
Газопроводы
Сельскоехозяйство ипищеваяпромышленность
Непромышленныепотребители
Государственные(муниципальные)организации ипрочиебюджетныепотребители
Население иприравненныегруппыпотребителей
Территориальныесетевыеорганизации
абс.
%
Прогноз на месяц 
Ноябрь
КПО/Отпуск из сети 
Отпуск из сети, млн. кВт.ч
Организация 
Все
Прогноз электропотребления и выручки за услуги по передаче в разрезе отраслей'

03-03-2025T13:03:16 - [MESSAGE][PASSED] - Text of object 'Object Repository/Прогноз по отраслям/Виджеты дашборда' is: 'Год 
2023 год
Сравнение с 
План
Отклонения по ПАО Россети на 2023 год
-492.2 -492.2
7 165.1 7 165.1
689.3 689.3
33 271.7 33 271.7
986.4 986.4
593.8 593.8
764.0 764.0
670.4 670.4
-592.4 -592.4
308.8 308.8
-940.9 -940.9
19 604.1 19 604.1
⬤ Отклонение, млн. кВт.ч
Интер РАО (для ФСК)
Промышленные потребители
Транспорт
Нефтедобыча
Нефтепереработка
Нефтепроводы
Газопроводы
Сельское хозяйство и пищевая пр…
Непромышленные потребители
Государственные (муниципальные…
Население и приравненные групп…
Территориальные сетевые органи…
Выручка отклонения по ПАО Россети на 2023 год
794.9 794.9
12 195.0 12 195.0
972.7 972.7
61 803.9 61 803.9
4 222.3 4 222.3
-121.8 -121.8
666.2 666.2
873.2 873.2
5 809.6 5 809.6
1 342.6 1 342.6
-4 463.2 -4 463.2
18 375.5 18 375.5
⬤ Отклонение, млн. руб.
Интер РАО (для ФСК)
Промышленные потребители
Транспорт
Нефтедобыча
Нефтепереработка
Нефтепроводы
Газопроводы
Сельское хозяйство и пищевая пр…
Непромышленные потребители
Государственные (муниципальные…
Население и приравненные групп…
Территориальные сетевые органи…
Динамика электропотребления, млрд. кВт.ч. по ПАО Россети на 2023 год
10 10
190 190
36 36
14 14
9 9
14 14
4 4
17 17
80 80
19 19
82 82
588 588
10 10
197 197
37 37
48 48
10 10
15 15
4 4
18 18
80 80
19 19
82 82
608 608
План
Ожидаемое (прогноз по конца года)
Интер РАО (дляФСК)
Промышленныепотребители
Транспорт
Нефтедобыча
Нефтепереработка
Нефтепроводы
Газопроводы
Сельскоехозяйство ипищеваяпромышленность
Непромышленныепотребители
Государственные(муниципальные)организации ипрочиебюджетныепотребители
Население иприравненныегруппыпотребителей
Территориальныесетевыеорганизации
Выручка по ПАО Россети на 2023 год
5 5
319 319
81 81
16 16
16 16
20 20
2 2
56 56
215 215
67 67
218 218
239 239
6 6
331 331
82 82
77 77
20 20
20 20
3 3
57 57
220 220
68 68
214 214
258 258
План
Ожидаемое (прогноз по конца года)
Интер РАО (дляФСК)
Промышленныепотребители
Транспорт
Нефтедобыча
Нефтепереработка
Нефтепроводы
Газопроводы
Сельскоехозяйство ипищеваяпромышленность
Непромышленныепотребители
Государственные(муниципальные)организации ипрочиебюджетныепотребители
Население иприравненныегруппыпотребителей
Территориальныесетевыеорганизации
абс.
%
Прогноз на месяц 
Ноябрь
КПО/Отпуск из сети 
Отпуск из сети, млн. кВт.ч
Организация 
Все
Прогноз электропотребления и выручки за услуги по передаче в разрезе отраслей'

03-03-2025T13:03:16 - [TEST_STEP][PASSED] - a8 = a8.replaceAll("[^0-9]", ""): null

03-03-2025T13:03:16 - [TEST_STEP][PASSED] - println("a8:" + a8): null

03-03-2025T13:03:16 - [TEST_STEP][PASSED] - click(findTestObject("Прогноз по отраслям/Фильтр Сравнение с")): Object: 'Object Repository/Прогноз по отраслям/Фильтр Сравнение с' is clicked on

03-03-2025T13:03:16 - [MESSAGE][PASSED] - Object: 'Object Repository/Прогноз по отраслям/Фильтр Сравнение с' is clicked on

03-03-2025T13:03:16 - [TEST_STEP][PASSED] - click(findTestObject("Прогноз по отраслям/План СУ")): Object: 'Object Repository/Прогноз по отраслям/План СУ' is clicked on

03-03-2025T13:03:17 - [MESSAGE][PASSED] - Object: 'Object Repository/Прогноз по отраслям/План СУ' is clicked on

03-03-2025T13:03:17 - [TEST_STEP][PASSED] - delay(40): Delayed 40 second(s)

03-03-2025T13:03:57 - [MESSAGE][PASSED] - Delayed 40 second(s)

03-03-2025T13:03:57 - [TEST_STEP][PASSED] - a9 = getText(findTestObject("Прогноз по отраслям/Виджеты дашборда")): Text of object 'Object Repository/Прогноз по отраслям/Виджеты дашборда' is: 'Год 
2023 год
Сравнение с 
План/СУ
Отклонения по ПАО Россети на 2023 год
243.5 243.5
16 024.4 16 024.4
1 255.1 1 255.1
32 869.9 32 869.9
1 135.7 1 135.7
950.0 950.0
511.1 511.1
1 324.2 1 324.2
-5 962.8 -5 962.8
433.5 433.5
2 431.5 2 431.5
22 321.4 22 321.4
⬤ Отклонение, млн. кВт.ч
Интер РАО (для ФСК)
Промышленные потребители
Транспорт
Нефтедобыча
Нефтепереработка
Нефтепроводы
Газопроводы
Сельское хозяйство и пищевая пр…
Непромышленные потребители
Государственные (муниципальные…
Население и приравненные групп…
Территориальные сетевые органи…
Выручка отклонения по ПАО Россети на 2023 год
⬤ Отклонение, млн. руб.
Интер РАО (для ФСК)
Промышленные потребители
Транспорт
Нефтедобыча
Нефтепереработка
Нефтепроводы
Газопроводы
Сельское хозяйство и пищевая пр…
Непромышленные потребители
Государственные (муниципальные…
Население и приравненные групп…
Территориальные сетевые органи…
Динамика электропотребления, млрд. кВт.ч. по ПАО Россети на 2023 год
10 10
181 181
36 36
15 15
9 9
14 14
4 4
16 16
86 86
19 19
79 79
586 586
10 10
197 197
37 37
48 48
10 10
15 15
4 4
18 18
80 80
19 19
82 82
608 608
СУ
Ожидаемое (прогноз по конца года)
Интер РАО (дляФСК)
Промышленныепотребители
Транспорт
Нефтедобыча
Нефтепереработка
Нефтепроводы
Газопроводы
Сельскоехозяйство ипищеваяпромышленность
Непромышленныепотребители
Государственные(муниципальные)организации ипрочиебюджетныепотребители
Население иприравненныегруппыпотребителей
Территориальныесетевыеорганизации
Выручка по ПАО Россети на 2023 год
6 6
331 331
82 82
77 77
20 20
20 20
3 3
57 57
220 220
68 68
214 214
258 258
Ожидаемое (прогноз по конца года)
Интер РАО (дляФСК)
Промышленныепотребители
Транспорт
Нефтедобыча
Нефтепереработка
Нефтепроводы
Газопроводы
Сельскоехозяйство ипищеваяпромышленность
Непромышленныепотребители
Государственные(муниципальные)организации ипрочиебюджетныепотребители
Население иприравненныегруппыпотребителей
Территориальныесетевыеорганизации
абс.
%
Прогноз на месяц 
Ноябрь
КПО/Отпуск из сети 
Отпуск из сети, млн. кВт.ч
Организация 
Все
Прогноз электропотребления и выручки за услуги по передаче в разрезе отраслей'

03-03-2025T13:03:58 - [MESSAGE][PASSED] - Text of object 'Object Repository/Прогноз по отраслям/Виджеты дашборда' is: 'Год 
2023 год
Сравнение с 
План/СУ
Отклонения по ПАО Россети на 2023 год
243.5 243.5
16 024.4 16 024.4
1 255.1 1 255.1
32 869.9 32 869.9
1 135.7 1 135.7
950.0 950.0
511.1 511.1
1 324.2 1 324.2
-5 962.8 -5 962.8
433.5 433.5
2 431.5 2 431.5
22 321.4 22 321.4
⬤ Отклонение, млн. кВт.ч
Интер РАО (для ФСК)
Промышленные потребители
Транспорт
Нефтедобыча
Нефтепереработка
Нефтепроводы
Газопроводы
Сельское хозяйство и пищевая пр…
Непромышленные потребители
Государственные (муниципальные…
Население и приравненные групп…
Территориальные сетевые органи…
Выручка отклонения по ПАО Россети на 2023 год
⬤ Отклонение, млн. руб.
Интер РАО (для ФСК)
Промышленные потребители
Транспорт
Нефтедобыча
Нефтепереработка
Нефтепроводы
Газопроводы
Сельское хозяйство и пищевая пр…
Непромышленные потребители
Государственные (муниципальные…
Население и приравненные групп…
Территориальные сетевые органи…
Динамика электропотребления, млрд. кВт.ч. по ПАО Россети на 2023 год
10 10
181 181
36 36
15 15
9 9
14 14
4 4
16 16
86 86
19 19
79 79
586 586
10 10
197 197
37 37
48 48
10 10
15 15
4 4
18 18
80 80
19 19
82 82
608 608
СУ
Ожидаемое (прогноз по конца года)
Интер РАО (дляФСК)
Промышленныепотребители
Транспорт
Нефтедобыча
Нефтепереработка
Нефтепроводы
Газопроводы
Сельскоехозяйство ипищеваяпромышленность
Непромышленныепотребители
Государственные(муниципальные)организации ипрочиебюджетныепотребители
Население иприравненныегруппыпотребителей
Территориальныесетевыеорганизации
Выручка по ПАО Россети на 2023 год
6 6
331 331
82 82
77 77
20 20
20 20
3 3
57 57
220 220
68 68
214 214
258 258
Ожидаемое (прогноз по конца года)
Интер РАО (дляФСК)
Промышленныепотребители
Транспорт
Нефтедобыча
Нефтепереработка
Нефтепроводы
Газопроводы
Сельскоехозяйство ипищеваяпромышленность
Непромышленныепотребители
Государственные(муниципальные)организации ипрочиебюджетныепотребители
Население иприравненныегруппыпотребителей
Территориальныесетевыеорганизации
абс.
%
Прогноз на месяц 
Ноябрь
КПО/Отпуск из сети 
Отпуск из сети, млн. кВт.ч
Организация 
Все
Прогноз электропотребления и выручки за услуги по передаче в разрезе отраслей'

03-03-2025T13:03:58 - [TEST_STEP][PASSED] - a9 = a9.replaceAll("[^0-9]", ""): null

03-03-2025T13:03:58 - [TEST_STEP][PASSED] - println("a9:" + a9): null

03-03-2025T13:03:58 - [TEST_STEP][PASSED] - click(findTestObject("Прогноз по отраслям/Фильтр Сравнение с")): Object: 'Object Repository/Прогноз по отраслям/Фильтр Сравнение с' is clicked on

03-03-2025T13:03:58 - [MESSAGE][PASSED] - Object: 'Object Repository/Прогноз по отраслям/Фильтр Сравнение с' is clicked on

03-03-2025T13:03:58 - [TEST_STEP][PASSED] - click(findTestObject("Прогноз по отраслям/Факт прошлого года")): Object: 'Object Repository/Прогноз по отраслям/Факт прошлого года' is clicked on

03-03-2025T13:03:59 - [MESSAGE][PASSED] - Object: 'Object Repository/Прогноз по отраслям/Факт прошлого года' is clicked on

03-03-2025T13:03:59 - [TEST_STEP][PASSED] - click(findTestObject("Прогноз по отраслям/Фильтр КПО-Отпуск")): Object: 'Object Repository/Прогноз по отраслям/Фильтр КПО-Отпуск' is clicked on

03-03-2025T13:04:02 - [MESSAGE][PASSED] - Object: 'Object Repository/Прогноз по отраслям/Фильтр КПО-Отпуск' is clicked on

03-03-2025T13:04:02 - [TEST_STEP][PASSED] - click(findTestObject("Прогноз по отраслям/КПО")): Object: 'Object Repository/Прогноз по отраслям/КПО' is clicked on

03-03-2025T13:04:03 - [MESSAGE][PASSED] - Object: 'Object Repository/Прогноз по отраслям/КПО' is clicked on

03-03-2025T13:04:03 - [TEST_STEP][PASSED] - delay(40): Delayed 40 second(s)

03-03-2025T13:04:43 - [MESSAGE][PASSED] - Delayed 40 second(s)

03-03-2025T13:04:43 - [TEST_STEP][PASSED] - a10 = getText(findTestObject("Прогноз по отраслям/Виджеты дашборда")): Text of object 'Object Repository/Прогноз по отраслям/Виджеты дашборда' is: 'Год 
2023 год
Сравнение с 
Факт прошлого года
Отклонения по ПАО Россети на 2023 год
0.0 0.0
646.5 646.5
341.1 341.1
-2 455.6 -2 455.6
245.6 245.6
-1 796.0 -1 796.0
676.2 676.2
452.4 452.4
1 386.2 1 386.2
527.5 527.5
-1 130.4 -1 130.4
-128.7 -128.7
⬤ Отклонение, млн. кВт.ч
Интер РАО (для ФСК)
Промышленные потребители
Транспорт
Нефтедобыча
Нефтепереработка
Нефтепроводы
Газопроводы
Сельское хозяйство и пищевая пр…
Непромышленные потребители
Государственные (муниципальные…
Население и приравненные групп…
Территориальные сетевые органи…
Выручка отклонения по ПАО Россети на 2023 год
421.3 421.3
45 574.9 45 574.9
9 547.5 9 547.5
4 889.3 4 889.3
2 337.4 2 337.4
-1 682.6 -1 682.6
2 919.4 2 919.4
7 110.2 7 110.2
19 840.8 19 840.8
7 289.5 7 289.5
23 664.8 23 664.8
31 028.3 31 028.3
⬤ Отклонение, млн. руб.
Интер РАО (для ФСК)
Промышленные потребители
Транспорт
Нефтедобыча
Нефтепереработка
Нефтепроводы
Газопроводы
Сельское хозяйство и пищевая пр…
Непромышленные потребители
Государственные (муниципальные…
Население и приравненные групп…
Территориальные сетевые органи…
Динамика электропотребления, млрд. кВт.ч. по ПАО Россети на 2023 год
0 0
120 120
38 38
41 41
8 8
10 10
0 0
19 19
77 77
25 25
122 122
61 61
0 0
120 120
39 39
39 39
8 8
8 8
1 1
20 20
78 78
26 26
121 121
60 60
Факт прошлого года
Ожидаемое (прогноз по конца года)
Интер РАО (дляФСК)
Промышленныепотребители
Транспорт
Нефтедобыча
Нефтепереработка
Нефтепроводы
Газопроводы
Сельскоехозяйство ипищеваяпромышленность
Непромышленныепотребители
Государственные(муниципальные)организации ипрочиебюджетныепотребители
Население иприравненныегруппыпотребителей
Территориальныесетевыеорганизации
Выручка по ПАО Россети на 2023 год
5 5
285 285
72 72
72 72
18 18
22 22
0 0
50 50
201 201
61 61
190 190
227 227
6 6
331 331
82 82
77 77
20 20
20 20
3 3
57 57
220 220
68 68
214 214
258 258
Факт прошлого года
Ожидаемое (прогноз по конца года)
Интер РАО (дляФСК)
Промышленныепотребители
Транспорт
Нефтедобыча
Нефтепереработка
Нефтепроводы
Газопроводы
Сельскоехозяйство ипищеваяпромышленность
Непромышленныепотребители
Государственные(муниципальные)организации ипрочиебюджетныепотребители
Население иприравненныегруппыпотребителей
Территориальныесетевыеорганизации
абс.
%
Прогноз на месяц 
Ноябрь
КПО/Отпуск из сети 
Котловой полезный отпуск, млн. кВт.ч
Организация 
Все
Прогноз электропотребления и выручки за услуги по передаче в разрезе отраслей'

03-03-2025T13:04:43 - [MESSAGE][PASSED] - Text of object 'Object Repository/Прогноз по отраслям/Виджеты дашборда' is: 'Год 
2023 год
Сравнение с 
Факт прошлого года
Отклонения по ПАО Россети на 2023 год
0.0 0.0
646.5 646.5
341.1 341.1
-2 455.6 -2 455.6
245.6 245.6
-1 796.0 -1 796.0
676.2 676.2
452.4 452.4
1 386.2 1 386.2
527.5 527.5
-1 130.4 -1 130.4
-128.7 -128.7
⬤ Отклонение, млн. кВт.ч
Интер РАО (для ФСК)
Промышленные потребители
Транспорт
Нефтедобыча
Нефтепереработка
Нефтепроводы
Газопроводы
Сельское хозяйство и пищевая пр…
Непромышленные потребители
Государственные (муниципальные…
Население и приравненные групп…
Территориальные сетевые органи…
Выручка отклонения по ПАО Россети на 2023 год
421.3 421.3
45 574.9 45 574.9
9 547.5 9 547.5
4 889.3 4 889.3
2 337.4 2 337.4
-1 682.6 -1 682.6
2 919.4 2 919.4
7 110.2 7 110.2
19 840.8 19 840.8
7 289.5 7 289.5
23 664.8 23 664.8
31 028.3 31 028.3
⬤ Отклонение, млн. руб.
Интер РАО (для ФСК)
Промышленные потребители
Транспорт
Нефтедобыча
Нефтепереработка
Нефтепроводы
Газопроводы
Сельское хозяйство и пищевая пр…
Непромышленные потребители
Государственные (муниципальные…
Население и приравненные групп…
Территориальные сетевые органи…
Динамика электропотребления, млрд. кВт.ч. по ПАО Россети на 2023 год
0 0
120 120
38 38
41 41
8 8
10 10
0 0
19 19
77 77
25 25
122 122
61 61
0 0
120 120
39 39
39 39
8 8
8 8
1 1
20 20
78 78
26 26
121 121
60 60
Факт прошлого года
Ожидаемое (прогноз по конца года)
Интер РАО (дляФСК)
Промышленныепотребители
Транспорт
Нефтедобыча
Нефтепереработка
Нефтепроводы
Газопроводы
Сельскоехозяйство ипищеваяпромышленность
Непромышленныепотребители
Государственные(муниципальные)организации ипрочиебюджетныепотребители
Население иприравненныегруппыпотребителей
Территориальныесетевыеорганизации
Выручка по ПАО Россети на 2023 год
5 5
285 285
72 72
72 72
18 18
22 22
0 0
50 50
201 201
61 61
190 190
227 227
6 6
331 331
82 82
77 77
20 20
20 20
3 3
57 57
220 220
68 68
214 214
258 258
Факт прошлого года
Ожидаемое (прогноз по конца года)
Интер РАО (дляФСК)
Промышленныепотребители
Транспорт
Нефтедобыча
Нефтепереработка
Нефтепроводы
Газопроводы
Сельскоехозяйство ипищеваяпромышленность
Непромышленныепотребители
Государственные(муниципальные)организации ипрочиебюджетныепотребители
Население иприравненныегруппыпотребителей
Территориальныесетевыеорганизации
абс.
%
Прогноз на месяц 
Ноябрь
КПО/Отпуск из сети 
Котловой полезный отпуск, млн. кВт.ч
Организация 
Все
Прогноз электропотребления и выручки за услуги по передаче в разрезе отраслей'

03-03-2025T13:04:43 - [TEST_STEP][PASSED] - a10 = a10.replaceAll("[^0-9]", ""): null

03-03-2025T13:04:43 - [TEST_STEP][PASSED] - println("a10:" + a10): null

03-03-2025T13:04:43 - [TEST_STEP][PASSED] - click(findTestObject("Прогноз по отраслям/Фильтр Сравнение с")): Object: 'Object Repository/Прогноз по отраслям/Фильтр Сравнение с' is clicked on

03-03-2025T13:04:43 - [MESSAGE][PASSED] - Object: 'Object Repository/Прогноз по отраслям/Фильтр Сравнение с' is clicked on

03-03-2025T13:04:43 - [TEST_STEP][PASSED] - click(findTestObject("Прогноз по отраслям/План")): Object: 'Object Repository/Прогноз по отраслям/План' is clicked on

03-03-2025T13:04:44 - [MESSAGE][PASSED] - Object: 'Object Repository/Прогноз по отраслям/План' is clicked on

03-03-2025T13:04:44 - [TEST_STEP][PASSED] - delay(40): Delayed 40 second(s)

03-03-2025T13:05:24 - [MESSAGE][PASSED] - Delayed 40 second(s)

03-03-2025T13:05:24 - [TEST_STEP][PASSED] - a11 = getText(findTestObject("Прогноз по отраслям/Виджеты дашборда")): Text of object 'Object Repository/Прогноз по отраслям/Виджеты дашборда' is: 'Год 
2023 год
Сравнение с 
План
Отклонения по ПАО Россети на 2023 год
0.0 0.0
1 471.7 1 471.7
1 186.5 1 186.5
32 445.2 32 445.2
1 268.3 1 268.3
349.4 349.4
84.3 84.3
239.8 239.8
2 969.4 2 969.4
589.2 589.2
-1 798.4 -1 798.4
5 359.3 5 359.3
⬤ Отклонение, млн. кВт.ч
Интер РАО (для ФСК)
Промышленные потребители
Транспорт
Нефтедобыча
Нефтепереработка
Нефтепроводы
Газопроводы
Сельское хозяйство и пищевая пр…
Непромышленные потребители
Государственные (муниципальные…
Население и приравненные групп…
Территориальные сетевые органи…
Выручка отклонения по ПАО Россети на 2023 год
794.9 794.9
12 195.0 12 195.0
972.7 972.7
61 803.9 61 803.9
4 222.3 4 222.3
-121.8 -121.8
666.2 666.2
873.2 873.2
5 809.6 5 809.6
1 342.6 1 342.6
-4 463.2 -4 463.2
18 375.5 18 375.5
⬤ Отклонение, млн. руб.
Интер РАО (для ФСК)
Промышленные потребители
Транспорт
Нефтедобыча
Нефтепереработка
Нефтепроводы
Газопроводы
Сельское хозяйство и пищевая пр…
Непромышленные потребители
Государственные (муниципальные…
Население и приравненные групп…
Территориальные сетевые органи…
Динамика электропотребления, млрд. кВт.ч. по ПАО Россети на 2023 год
0 0
119 119
37 37
7 7
7 7
8 8
1 1
19 19
75 75
25 25
123 123
55 55
0 0
120 120
39 39
39 39
8 8
8 8
1 1
20 20
78 78
26 26
121 121
60 60
План
Ожидаемое (прогноз по конца года)
Интер РАО (дляФСК)
Промышленныепотребители
Транспорт
Нефтедобыча
Нефтепереработка
Нефтепроводы
Газопроводы
Сельскоехозяйство ипищеваяпромышленность
Непромышленныепотребители
Государственные(муниципальные)организации ипрочиебюджетныепотребители
Население иприравненныегруппыпотребителей
Территориальныесетевыеорганизации
Выручка по ПАО Россети на 2023 год
5 5
319 319
81 81
16 16
16 16
20 20
2 2
56 56
215 215
67 67
218 218
239 239
6 6
331 331
82 82
77 77
20 20
20 20
3 3
57 57
220 220
68 68
214 214
258 258
План
Ожидаемое (прогноз по конца года)
Интер РАО (дляФСК)
Промышленныепотребители
Транспорт
Нефтедобыча
Нефтепереработка
Нефтепроводы
Газопроводы
Сельскоехозяйство ипищеваяпромышленность
Непромышленныепотребители
Государственные(муниципальные)организации ипрочиебюджетныепотребители
Население иприравненныегруппыпотребителей
Территориальныесетевыеорганизации
абс.
%
Прогноз на месяц 
Ноябрь
КПО/Отпуск из сети 
Котловой полезный отпуск, млн. кВт.ч
Организация 
Все
Прогноз электропотребления и выручки за услуги по передаче в разрезе отраслей'

03-03-2025T13:05:25 - [MESSAGE][PASSED] - Text of object 'Object Repository/Прогноз по отраслям/Виджеты дашборда' is: 'Год 
2023 год
Сравнение с 
План
Отклонения по ПАО Россети на 2023 год
0.0 0.0
1 471.7 1 471.7
1 186.5 1 186.5
32 445.2 32 445.2
1 268.3 1 268.3
349.4 349.4
84.3 84.3
239.8 239.8
2 969.4 2 969.4
589.2 589.2
-1 798.4 -1 798.4
5 359.3 5 359.3
⬤ Отклонение, млн. кВт.ч
Интер РАО (для ФСК)
Промышленные потребители
Транспорт
Нефтедобыча
Нефтепереработка
Нефтепроводы
Газопроводы
Сельское хозяйство и пищевая пр…
Непромышленные потребители
Государственные (муниципальные…
Население и приравненные групп…
Территориальные сетевые органи…
Выручка отклонения по ПАО Россети на 2023 год
794.9 794.9
12 195.0 12 195.0
972.7 972.7
61 803.9 61 803.9
4 222.3 4 222.3
-121.8 -121.8
666.2 666.2
873.2 873.2
5 809.6 5 809.6
1 342.6 1 342.6
-4 463.2 -4 463.2
18 375.5 18 375.5
⬤ Отклонение, млн. руб.
Интер РАО (для ФСК)
Промышленные потребители
Транспорт
Нефтедобыча
Нефтепереработка
Нефтепроводы
Газопроводы
Сельское хозяйство и пищевая пр…
Непромышленные потребители
Государственные (муниципальные…
Население и приравненные групп…
Территориальные сетевые органи…
Динамика электропотребления, млрд. кВт.ч. по ПАО Россети на 2023 год
0 0
119 119
37 37
7 7
7 7
8 8
1 1
19 19
75 75
25 25
123 123
55 55
0 0
120 120
39 39
39 39
8 8
8 8
1 1
20 20
78 78
26 26
121 121
60 60
План
Ожидаемое (прогноз по конца года)
Интер РАО (дляФСК)
Промышленныепотребители
Транспорт
Нефтедобыча
Нефтепереработка
Нефтепроводы
Газопроводы
Сельскоехозяйство ипищеваяпромышленность
Непромышленныепотребители
Государственные(муниципальные)организации ипрочиебюджетныепотребители
Население иприравненныегруппыпотребителей
Территориальныесетевыеорганизации
Выручка по ПАО Россети на 2023 год
5 5
319 319
81 81
16 16
16 16
20 20
2 2
56 56
215 215
67 67
218 218
239 239
6 6
331 331
82 82
77 77
20 20
20 20
3 3
57 57
220 220
68 68
214 214
258 258
План
Ожидаемое (прогноз по конца года)
Интер РАО (дляФСК)
Промышленныепотребители
Транспорт
Нефтедобыча
Нефтепереработка
Нефтепроводы
Газопроводы
Сельскоехозяйство ипищеваяпромышленность
Непромышленныепотребители
Государственные(муниципальные)организации ипрочиебюджетныепотребители
Население иприравненныегруппыпотребителей
Территориальныесетевыеорганизации
абс.
%
Прогноз на месяц 
Ноябрь
КПО/Отпуск из сети 
Котловой полезный отпуск, млн. кВт.ч
Организация 
Все
Прогноз электропотребления и выручки за услуги по передаче в разрезе отраслей'

03-03-2025T13:05:25 - [TEST_STEP][PASSED] - println("a11:" + a11): null

03-03-2025T13:05:25 - [TEST_STEP][PASSED] - a11 = a11.replaceAll("[^0-9]", ""): null

03-03-2025T13:05:25 - [TEST_STEP][PASSED] - println("a11:" + a11): null

03-03-2025T13:05:25 - [TEST_STEP][PASSED] - click(findTestObject("Прогноз по отраслям/Фильтр Сравнение с")): Object: 'Object Repository/Прогноз по отраслям/Фильтр Сравнение с' is clicked on

03-03-2025T13:05:25 - [MESSAGE][PASSED] - Object: 'Object Repository/Прогноз по отраслям/Фильтр Сравнение с' is clicked on

03-03-2025T13:05:25 - [TEST_STEP][PASSED] - click(findTestObject("Прогноз по отраслям/План СУ")): Object: 'Object Repository/Прогноз по отраслям/План СУ' is clicked on

03-03-2025T13:05:26 - [MESSAGE][PASSED] - Object: 'Object Repository/Прогноз по отраслям/План СУ' is clicked on

03-03-2025T13:05:26 - [TEST_STEP][PASSED] - delay(40): Delayed 40 second(s)

03-03-2025T13:06:06 - [MESSAGE][PASSED] - Delayed 40 second(s)

03-03-2025T13:06:06 - [TEST_STEP][PASSED] - a12 = getText(findTestObject("Прогноз по отраслям/Виджеты дашборда")): Text of object 'Object Repository/Прогноз по отраслям/Виджеты дашборда' is: 'Год 
2023 год
Сравнение с 
План/СУ
Отклонения по ПАО Россети на 2023 год
0.0 0.0
120 322.6 120 322.6
38 655.4 38 655.4
39 037.8 39 037.8
8 291.7 8 291.7
8 259.5 8 259.5
793.1 793.1
19 706.6 19 706.6
78 310.2 78 310.2
25 579.5 25 579.5
121 219.7 121 219.7
60 414.9 60 414.9
⬤ Отклонение, млн. кВт.ч
Интер РАО (для ФСК)
Промышленные потребители
Транспорт
Нефтедобыча
Нефтепереработка
Нефтепроводы
Газопроводы
Сельское хозяйство и пищевая пр…
Непромышленные потребители
Государственные (муниципальные…
Население и приравненные групп…
Территориальные сетевые органи…
Выручка отклонения по ПАО Россети на 2023 год
⬤ Отклонение, млн. руб.
Интер РАО (для ФСК)
Промышленные потребители
Транспорт
Нефтедобыча
Нефтепереработка
Нефтепроводы
Газопроводы
Сельское хозяйство и пищевая пр…
Непромышленные потребители
Государственные (муниципальные…
Население и приравненные групп…
Территориальные сетевые органи…
Динамика электропотребления, млрд. кВт.ч. по ПАО Россети на 2023 год
0 0
0 0
0 0
0 0
0 0
0 0
0 0
0 0
0 0
0 0
0 0
0 0
0 0
120 120
39 39
39 39
8 8
8 8
1 1
20 20
78 78
26 26
121 121
60 60
СУ
Ожидаемое (прогноз по конца года)
Интер РАО (дляФСК)
Промышленныепотребители
Транспорт
Нефтедобыча
Нефтепереработка
Нефтепроводы
Газопроводы
Сельскоехозяйство ипищеваяпромышленность
Непромышленныепотребители
Государственные(муниципальные)организации ипрочиебюджетныепотребители
Население иприравненныегруппыпотребителей
Территориальныесетевыеорганизации
Выручка по ПАО Россети на 2023 год
6 6
331 331
82 82
77 77
20 20
20 20
3 3
57 57
220 220
68 68
214 214
258 258
Ожидаемое (прогноз по конца года)
Интер РАО (дляФСК)
Промышленныепотребители
Транспорт
Нефтедобыча
Нефтепереработка
Нефтепроводы
Газопроводы
Сельскоехозяйство ипищеваяпромышленность
Непромышленныепотребители
Государственные(муниципальные)организации ипрочиебюджетныепотребители
Население иприравненныегруппыпотребителей
Территориальныесетевыеорганизации
абс.
%
Прогноз на месяц 
Ноябрь
КПО/Отпуск из сети 
Котловой полезный отпуск, млн. кВт.ч
Организация 
Все
Прогноз электропотребления и выручки за услуги по передаче в разрезе отраслей'

03-03-2025T13:06:07 - [MESSAGE][PASSED] - Text of object 'Object Repository/Прогноз по отраслям/Виджеты дашборда' is: 'Год 
2023 год
Сравнение с 
План/СУ
Отклонения по ПАО Россети на 2023 год
0.0 0.0
120 322.6 120 322.6
38 655.4 38 655.4
39 037.8 39 037.8
8 291.7 8 291.7
8 259.5 8 259.5
793.1 793.1
19 706.6 19 706.6
78 310.2 78 310.2
25 579.5 25 579.5
121 219.7 121 219.7
60 414.9 60 414.9
⬤ Отклонение, млн. кВт.ч
Интер РАО (для ФСК)
Промышленные потребители
Транспорт
Нефтедобыча
Нефтепереработка
Нефтепроводы
Газопроводы
Сельское хозяйство и пищевая пр…
Непромышленные потребители
Государственные (муниципальные…
Население и приравненные групп…
Территориальные сетевые органи…
Выручка отклонения по ПАО Россети на 2023 год
⬤ Отклонение, млн. руб.
Интер РАО (для ФСК)
Промышленные потребители
Транспорт
Нефтедобыча
Нефтепереработка
Нефтепроводы
Газопроводы
Сельское хозяйство и пищевая пр…
Непромышленные потребители
Государственные (муниципальные…
Население и приравненные групп…
Территориальные сетевые органи…
Динамика электропотребления, млрд. кВт.ч. по ПАО Россети на 2023 год
0 0
0 0
0 0
0 0
0 0
0 0
0 0
0 0
0 0
0 0
0 0
0 0
0 0
120 120
39 39
39 39
8 8
8 8
1 1
20 20
78 78
26 26
121 121
60 60
СУ
Ожидаемое (прогноз по конца года)
Интер РАО (дляФСК)
Промышленныепотребители
Транспорт
Нефтедобыча
Нефтепереработка
Нефтепроводы
Газопроводы
Сельскоехозяйство ипищеваяпромышленность
Непромышленныепотребители
Государственные(муниципальные)организации ипрочиебюджетныепотребители
Население иприравненныегруппыпотребителей
Территориальныесетевыеорганизации
Выручка по ПАО Россети на 2023 год
6 6
331 331
82 82
77 77
20 20
20 20
3 3
57 57
220 220
68 68
214 214
258 258
Ожидаемое (прогноз по конца года)
Интер РАО (дляФСК)
Промышленныепотребители
Транспорт
Нефтедобыча
Нефтепереработка
Нефтепроводы
Газопроводы
Сельскоехозяйство ипищеваяпромышленность
Непромышленныепотребители
Государственные(муниципальные)организации ипрочиебюджетныепотребители
Население иприравненныегруппыпотребителей
Территориальныесетевыеорганизации
абс.
%
Прогноз на месяц 
Ноябрь
КПО/Отпуск из сети 
Котловой полезный отпуск, млн. кВт.ч
Организация 
Все
Прогноз электропотребления и выручки за услуги по передаче в разрезе отраслей'

03-03-2025T13:06:07 - [TEST_STEP][PASSED] - a12 = a12.replaceAll("[^0-9]", ""): null

03-03-2025T13:06:07 - [TEST_STEP][PASSED] - println("a12:" + a12): null

03-03-2025T13:06:07 - [TEST_STEP][PASSED] - navigateToUrl(findTestData("PlanFact").getValue(10, 12)): Navigate to 'https://bi.rosseti.digital/viewer?dashboardGuid=d218b6eb1b7845df8f1994d6a65c072b&sheetGuid=3059d1e0f28043ee8c80901707e9c246&fit=true' successfully

03-03-2025T13:06:07 - [MESSAGE][PASSED] - Navigate to 'https://bi.rosseti.digital/viewer?dashboardGuid=d218b6eb1b7845df8f1994d6a65c072b&sheetGuid=3059d1e0f28043ee8c80901707e9c246&fit=true' successfully

03-03-2025T13:06:07 - [TEST_STEP][PASSED] - delay(50): Delayed 50 second(s)

03-03-2025T13:06:57 - [MESSAGE][PASSED] - Delayed 50 second(s)

03-03-2025T13:06:57 - [TEST_STEP][PASSED] - click(findTestObject("Прогноз по отраслям/Фильтр месяц Стресс")): Object: 'Object Repository/Прогноз по отраслям/Фильтр месяц Стресс' is clicked on

03-03-2025T13:06:57 - [MESSAGE][PASSED] - Object: 'Object Repository/Прогноз по отраслям/Фильтр месяц Стресс' is clicked on

03-03-2025T13:06:57 - [TEST_STEP][PASSED] - scrollToElement(findTestObject("Прогноз по отраслям/Ноябрь Стресс"), 30): Scroll to object 'Object Repository/Прогноз по отраслям/Ноябрь Стресс' successfully

03-03-2025T13:06:58 - [MESSAGE][PASSED] - Scroll to object 'Object Repository/Прогноз по отраслям/Ноябрь Стресс' successfully

03-03-2025T13:06:58 - [TEST_STEP][PASSED] - click(findTestObject("Прогноз по отраслям/Ноябрь Стресс")): Object: 'Object Repository/Прогноз по отраслям/Ноябрь Стресс' is clicked on

03-03-2025T13:06:59 - [MESSAGE][PASSED] - Object: 'Object Repository/Прогноз по отраслям/Ноябрь Стресс' is clicked on

03-03-2025T13:06:59 - [TEST_STEP][PASSED] - scrollToElement(findTestObject("Прогноз по отраслям/Заголовок дашборда Стресс"), 30): Scroll to object 'Object Repository/Прогноз по отраслям/Заголовок дашборда Стресс' successfully

03-03-2025T13:07:06 - [MESSAGE][PASSED] - Scroll to object 'Object Repository/Прогноз по отраслям/Заголовок дашборда Стресс' successfully

03-03-2025T13:07:06 - [TEST_STEP][PASSED] - click(findTestObject("Прогноз по отраслям/Фильтр Сравнение с Стресс")): Object: 'Object Repository/Прогноз по отраслям/Фильтр Сравнение с Стресс' is clicked on

03-03-2025T13:07:07 - [MESSAGE][PASSED] - Object: 'Object Repository/Прогноз по отраслям/Фильтр Сравнение с Стресс' is clicked on

03-03-2025T13:07:07 - [TEST_STEP][PASSED] - click(findTestObject("Прогноз по отраслям/Факт прошлого года Стресс")): Object: 'Object Repository/Прогноз по отраслям/Факт прошлого года Стресс' is clicked on

03-03-2025T13:07:08 - [MESSAGE][PASSED] - Object: 'Object Repository/Прогноз по отраслям/Факт прошлого года Стресс' is clicked on

03-03-2025T13:07:08 - [TEST_STEP][PASSED] - click(findTestObject("Прогноз по отраслям/Фильтр КПО-Отпуск Стресс")): Object: 'Object Repository/Прогноз по отраслям/Фильтр КПО-Отпуск Стресс' is clicked on

03-03-2025T13:07:13 - [MESSAGE][PASSED] - Object: 'Object Repository/Прогноз по отраслям/Фильтр КПО-Отпуск Стресс' is clicked on

03-03-2025T13:07:13 - [TEST_STEP][PASSED] - click(findTestObject("Прогноз по отраслям/Отпуск Стресс")): Object: 'Object Repository/Прогноз по отраслям/Отпуск Стресс' is clicked on

03-03-2025T13:07:14 - [MESSAGE][PASSED] - Object: 'Object Repository/Прогноз по отраслям/Отпуск Стресс' is clicked on

03-03-2025T13:07:14 - [TEST_STEP][PASSED] - delay(40): Delayed 40 second(s)

03-03-2025T13:07:54 - [MESSAGE][PASSED] - Delayed 40 second(s)

03-03-2025T13:07:54 - [TEST_STEP][PASSED] - b1 = getText(findTestObject("Прогноз по отраслям/Виджеты дашборда")): Text of object 'Object Repository/Прогноз по отраслям/Виджеты дашборда' is: 'Год 
2023 год
Сравнение с 
Факт прошлого года
Динамика электропотребления, млрд. кВт.ч., по ПАО Россети на 2023 год
12 12
186 186
36 36
50 50
10 10
19 19
0 0
17 17
85 85
19 19
82 82
604 604
10 10
197 197
37 37
48 48
10 10
15 15
4 4
18 18
80 80
19 19
82 82
608 608
Факт прошлого года
Ожидаемое (прогноз до конца года)
Интер РАО(для ФСК)
Промышленныепотребители
Транспорт
Нефтедобыча
Нефтеперераб…
Нефтепроводы
Газопроводы
Сельское хозя…
Непромышлен…
Государственн…
Население иприравненныегруппыпотребителей
Территориальн…
Выручка, млрд. руб, по ПАО Россети на 2023 год
5 5
285 285
72 72
72 72
18 18
22 22
0 0
50 50
201 201
61 61
190 190
227 227
6 6
331 331
82 82
77 77
20 20
20 20
3 3
57 57
220 220
68 68
214 214
258 258
Факт прошлого года
Ожидаемое (прогноз до конца года)
Интер РАО(для ФСК)
Промышленныепотребители
Транспорт
Нефтедобыча
Нефтеперераб…
Нефтепроводы
Газопроводы
Сельское хозя…
Непромышлен…
Государственн…
Население иприравненныегруппыпотребителей
Территориальн…
Отклонения по ПАО Россети на 2023 год
-18.5% -18.5%
5.9% 5.9%
3.6% 3.6%
-3.9% -3.9%
0.9% 0.9%
-20.7% -20.7%
3 313.2% 3 313.2%
3.8% 3.8%
-5.6% -5.6%
1.3% 1.3%
-0.9% -0.9%
0.7% 0.7%
⬤ Отклонение, %
Интер РАО (для ФСК)
Промышленные потребители
Транспорт
Нефтедобыча
Нефтепереработка
Нефтепроводы
Газопроводы
Сельское хозяйство и пищевая про…
Непромышленные потребители
Государственные (муниципальные)…
Население и приравненные группы…
Территориальные сетевые организ…
Выручка отклонения по ПАО Россети на 2023 год
7.7% 7.7%
16.0% 16.0%
13.2% 13.2%
6.7% 6.7%
13.3% 13.3%
-7.7% -7.7%
1 331.5% 1 331.5%
14.2% 14.2%
9.9% 9.9%
12.0% 12.0%
12.4% 12.4%
13.7% 13.7%
⬤ Отклонение, %
Интер РАО (для ФСК)
Промышленные потребители
Транспорт
Нефтедобыча
Нефтепереработка
Нефтепроводы
Газопроводы
Сельское хозяйство и пищевая про…
Непромышленные потребители
Государственные (муниципальные)…
Население и приравненные группы…
Территориальные сетевые организ…
абс.
%
Прогноз на месяц 
Ноябрь
КПО/Отпуск из сети 
Отпуск из сети, млн. кВт.ч
Организация 
Все
Прогноз электропотребления и выручки за услуги по передаче в разрезе отраслей'

03-03-2025T13:07:55 - [MESSAGE][PASSED] - Text of object 'Object Repository/Прогноз по отраслям/Виджеты дашборда' is: 'Год 
2023 год
Сравнение с 
Факт прошлого года
Динамика электропотребления, млрд. кВт.ч., по ПАО Россети на 2023 год
12 12
186 186
36 36
50 50
10 10
19 19
0 0
17 17
85 85
19 19
82 82
604 604
10 10
197 197
37 37
48 48
10 10
15 15
4 4
18 18
80 80
19 19
82 82
608 608
Факт прошлого года
Ожидаемое (прогноз до конца года)
Интер РАО(для ФСК)
Промышленныепотребители
Транспорт
Нефтедобыча
Нефтеперераб…
Нефтепроводы
Газопроводы
Сельское хозя…
Непромышлен…
Государственн…
Население иприравненныегруппыпотребителей
Территориальн…
Выручка, млрд. руб, по ПАО Россети на 2023 год
5 5
285 285
72 72
72 72
18 18
22 22
0 0
50 50
201 201
61 61
190 190
227 227
6 6
331 331
82 82
77 77
20 20
20 20
3 3
57 57
220 220
68 68
214 214
258 258
Факт прошлого года
Ожидаемое (прогноз до конца года)
Интер РАО(для ФСК)
Промышленныепотребители
Транспорт
Нефтедобыча
Нефтеперераб…
Нефтепроводы
Газопроводы
Сельское хозя…
Непромышлен…
Государственн…
Население иприравненныегруппыпотребителей
Территориальн…
Отклонения по ПАО Россети на 2023 год
-18.5% -18.5%
5.9% 5.9%
3.6% 3.6%
-3.9% -3.9%
0.9% 0.9%
-20.7% -20.7%
3 313.2% 3 313.2%
3.8% 3.8%
-5.6% -5.6%
1.3% 1.3%
-0.9% -0.9%
0.7% 0.7%
⬤ Отклонение, %
Интер РАО (для ФСК)
Промышленные потребители
Транспорт
Нефтедобыча
Нефтепереработка
Нефтепроводы
Газопроводы
Сельское хозяйство и пищевая про…
Непромышленные потребители
Государственные (муниципальные)…
Население и приравненные группы…
Территориальные сетевые организ…
Выручка отклонения по ПАО Россети на 2023 год
7.7% 7.7%
16.0% 16.0%
13.2% 13.2%
6.7% 6.7%
13.3% 13.3%
-7.7% -7.7%
1 331.5% 1 331.5%
14.2% 14.2%
9.9% 9.9%
12.0% 12.0%
12.4% 12.4%
13.7% 13.7%
⬤ Отклонение, %
Интер РАО (для ФСК)
Промышленные потребители
Транспорт
Нефтедобыча
Нефтепереработка
Нефтепроводы
Газопроводы
Сельское хозяйство и пищевая про…
Непромышленные потребители
Государственные (муниципальные)…
Население и приравненные группы…
Территориальные сетевые организ…
абс.
%
Прогноз на месяц 
Ноябрь
КПО/Отпуск из сети 
Отпуск из сети, млн. кВт.ч
Организация 
Все
Прогноз электропотребления и выручки за услуги по передаче в разрезе отраслей'

03-03-2025T13:07:55 - [TEST_STEP][PASSED] - b1 = b1.replaceAll("[^0-9]", ""): null

03-03-2025T13:07:55 - [TEST_STEP][PASSED] - println("b1:" + b1): null

03-03-2025T13:07:55 - [TEST_STEP][PASSED] - click(findTestObject("Прогноз по отраслям/Фильтр Сравнение с Стресс")): Object: 'Object Repository/Прогноз по отраслям/Фильтр Сравнение с Стресс' is clicked on

03-03-2025T13:07:55 - [MESSAGE][PASSED] - Object: 'Object Repository/Прогноз по отраслям/Фильтр Сравнение с Стресс' is clicked on

03-03-2025T13:07:55 - [TEST_STEP][PASSED] - click(findTestObject("Прогноз по отраслям/План Стресс")): Object: 'Object Repository/Прогноз по отраслям/План Стресс' is clicked on

03-03-2025T13:07:56 - [MESSAGE][PASSED] - Object: 'Object Repository/Прогноз по отраслям/План Стресс' is clicked on

03-03-2025T13:07:56 - [TEST_STEP][PASSED] - delay(40): Delayed 40 second(s)

03-03-2025T13:08:36 - [MESSAGE][PASSED] - Delayed 40 second(s)

03-03-2025T13:08:36 - [TEST_STEP][PASSED] - b2 = getText(findTestObject("Прогноз по отраслям/Виджеты дашборда")): Text of object 'Object Repository/Прогноз по отраслям/Виджеты дашборда' is: 'Год 
2023 год
Сравнение с 
План
Динамика электропотребления, млрд. кВт.ч., по ПАО Россети на 2023 год
10 10
190 190
36 36
14 14
9 9
14 14
4 4
17 17
80 80
19 19
82 82
588 588
10 10
197 197
37 37
48 48
10 10
15 15
4 4
18 18
80 80
19 19
82 82
608 608
План
Ожидаемое (прогноз до конца года)
Интер РАО(для ФСК)
Промышленныепотребители
Транспорт
Нефтедобыча
Нефтеперераб…
Нефтепроводы
Газопроводы
Сельское хозя…
Непромышлен…
Государственн…
Население иприравненныегруппыпотребителей
Территориальн…
Выручка, млрд. руб, по ПАО Россети на 2023 год
5 5
319 319
81 81
16 16
16 16
20 20
2 2
56 56
215 215
67 67
218 218
239 239
6 6
331 331
82 82
77 77
20 20
20 20
3 3
57 57
220 220
68 68
214 214
258 258
План
Ожидаемое (прогноз до конца года)
Интер РАО(для ФСК)
Промышленныепотребители
Транспорт
Нефтедобыча
Нефтеперераб…
Нефтепроводы
Газопроводы
Сельское хозя…
Непромышлен…
Государственн…
Население иприравненныегруппыпотребителей
Территориальн…
Отклонения по ПАО Россети на 2023 год
-4.7% -4.7%
3.8% 3.8%
1.9% 1.9%
230.3% 230.3%
10.9% 10.9%
4.2% 4.2%
21.7% 21.7%
3.9% 3.9%
-0.6% -0.6%
1.6% 1.6%
-1.0% -1.0%
3.3% 3.3%
⬤ Отклонение, %
Интер РАО (для ФСК)
Промышленные потребители
Транспорт
Нефтедобыча
Нефтепереработка
Нефтепроводы
Газопроводы
Сельское хозяйство и пищевая про…
Непромышленные потребители
Государственные (муниципальные)…
Население и приравненные группы…
Территориальные сетевые организ…
Выручка отклонения по ПАО Россети на 2023 год
15.6% 15.6%
3.8% 3.8%
1.2% 1.2%
398.2% 398.2%
26.9% 26.9%
-0.6% -0.6%
26.9% 26.9%
1.5% 1.5%
2.7% 2.7%
2.0% 2.0%
-2.0% -2.0%
7.9% 7.9%
⬤ Отклонение, %
Интер РАО (для ФСК)
Промышленные потребители
Транспорт
Нефтедобыча
Нефтепереработка
Нефтепроводы
Газопроводы
Сельское хозяйство и пищевая про…
Непромышленные потребители
Государственные (муниципальные)…
Население и приравненные группы…
Территориальные сетевые организ…
абс.
%
Прогноз на месяц 
Ноябрь
КПО/Отпуск из сети 
Отпуск из сети, млн. кВт.ч
Организация 
Все
Прогноз электропотребления и выручки за услуги по передаче в разрезе отраслей'

03-03-2025T13:08:37 - [MESSAGE][PASSED] - Text of object 'Object Repository/Прогноз по отраслям/Виджеты дашборда' is: 'Год 
2023 год
Сравнение с 
План
Динамика электропотребления, млрд. кВт.ч., по ПАО Россети на 2023 год
10 10
190 190
36 36
14 14
9 9
14 14
4 4
17 17
80 80
19 19
82 82
588 588
10 10
197 197
37 37
48 48
10 10
15 15
4 4
18 18
80 80
19 19
82 82
608 608
План
Ожидаемое (прогноз до конца года)
Интер РАО(для ФСК)
Промышленныепотребители
Транспорт
Нефтедобыча
Нефтеперераб…
Нефтепроводы
Газопроводы
Сельское хозя…
Непромышлен…
Государственн…
Население иприравненныегруппыпотребителей
Территориальн…
Выручка, млрд. руб, по ПАО Россети на 2023 год
5 5
319 319
81 81
16 16
16 16
20 20
2 2
56 56
215 215
67 67
218 218
239 239
6 6
331 331
82 82
77 77
20 20
20 20
3 3
57 57
220 220
68 68
214 214
258 258
План
Ожидаемое (прогноз до конца года)
Интер РАО(для ФСК)
Промышленныепотребители
Транспорт
Нефтедобыча
Нефтеперераб…
Нефтепроводы
Газопроводы
Сельское хозя…
Непромышлен…
Государственн…
Население иприравненныегруппыпотребителей
Территориальн…
Отклонения по ПАО Россети на 2023 год
-4.7% -4.7%
3.8% 3.8%
1.9% 1.9%
230.3% 230.3%
10.9% 10.9%
4.2% 4.2%
21.7% 21.7%
3.9% 3.9%
-0.6% -0.6%
1.6% 1.6%
-1.0% -1.0%
3.3% 3.3%
⬤ Отклонение, %
Интер РАО (для ФСК)
Промышленные потребители
Транспорт
Нефтедобыча
Нефтепереработка
Нефтепроводы
Газопроводы
Сельское хозяйство и пищевая про…
Непромышленные потребители
Государственные (муниципальные)…
Население и приравненные группы…
Территориальные сетевые организ…
Выручка отклонения по ПАО Россети на 2023 год
15.6% 15.6%
3.8% 3.8%
1.2% 1.2%
398.2% 398.2%
26.9% 26.9%
-0.6% -0.6%
26.9% 26.9%
1.5% 1.5%
2.7% 2.7%
2.0% 2.0%
-2.0% -2.0%
7.9% 7.9%
⬤ Отклонение, %
Интер РАО (для ФСК)
Промышленные потребители
Транспорт
Нефтедобыча
Нефтепереработка
Нефтепроводы
Газопроводы
Сельское хозяйство и пищевая про…
Непромышленные потребители
Государственные (муниципальные)…
Население и приравненные группы…
Территориальные сетевые организ…
абс.
%
Прогноз на месяц 
Ноябрь
КПО/Отпуск из сети 
Отпуск из сети, млн. кВт.ч
Организация 
Все
Прогноз электропотребления и выручки за услуги по передаче в разрезе отраслей'

03-03-2025T13:08:37 - [TEST_STEP][PASSED] - b2 = b2.replaceAll("[^0-9]", ""): null

03-03-2025T13:08:37 - [TEST_STEP][PASSED] - println("b2:" + b2): null

03-03-2025T13:08:37 - [TEST_STEP][PASSED] - click(findTestObject("Прогноз по отраслям/Фильтр Сравнение с Стресс")): Object: 'Object Repository/Прогноз по отраслям/Фильтр Сравнение с Стресс' is clicked on

03-03-2025T13:08:37 - [MESSAGE][PASSED] - Object: 'Object Repository/Прогноз по отраслям/Фильтр Сравнение с Стресс' is clicked on

03-03-2025T13:08:37 - [TEST_STEP][PASSED] - click(findTestObject("Прогноз по отраслям/План СУ Стресс")): Object: 'Object Repository/Прогноз по отраслям/План СУ Стресс' is clicked on

03-03-2025T13:08:39 - [MESSAGE][PASSED] - Object: 'Object Repository/Прогноз по отраслям/План СУ Стресс' is clicked on

03-03-2025T13:08:39 - [TEST_STEP][PASSED] - delay(40): Delayed 40 second(s)

03-03-2025T13:09:19 - [MESSAGE][PASSED] - Delayed 40 second(s)

03-03-2025T13:09:19 - [TEST_STEP][PASSED] - b3 = getText(findTestObject("Прогноз по отраслям/Виджеты дашборда")): Text of object 'Object Repository/Прогноз по отраслям/Виджеты дашборда' is: 'Год 
2023 год
Сравнение с 
План/СУ
Динамика электропотребления, млрд. кВт.ч., по ПАО Россети на 2023 год
10 10
181 181
36 36
15 15
9 9
14 14
4 4
16 16
86 86
19 19
79 79
586 586
10 10
197 197
37 37
48 48
10 10
15 15
4 4
18 18
80 80
19 19
82 82
608 608
СУ
Ожидаемое (прогноз до конца года)
Интер РАО(для ФСК)
Промышленныепотребители
Транспорт
Нефтедобыча
Нефтеперераб…
Нефтепроводы
Газопроводы
Сельское хозя…
Непромышлен…
Государственн…
Население иприравненныегруппыпотребителей
Территориальн…
Выручка, млрд. руб, по ПАО Россети на 2023 год
6 6
331 331
82 82
77 77
20 20
20 20
3 3
57 57
220 220
68 68
214 214
258 258
Ожидаемое (прогноз до конца года)
Интер РАО(для ФСК)
Промышленныепотребители
Транспорт
Нефтедобыча
Нефтеперераб…
Нефтепроводы
Газопроводы
Сельское хозя…
Непромышлен…
Государственн…
Население иприравненныегруппыпотребителей
Территориальн…
Отклонения по ПАО Россети на 2023 год
2.5% 2.5%
8.9% 8.9%
3.5% 3.5%
221.4% 221.4%
12.8% 12.8%
6.9% 6.9%
13.5% 13.5%
8.1% 8.1%
-6.9% -6.9%
2.3% 2.3%
3.1% 3.1%
3.8% 3.8%
⬤ Отклонение, %
Интер РАО (для ФСК)
Промышленные потребители
Транспорт
Нефтедобыча
Нефтепереработка
Нефтепроводы
Газопроводы
Сельское хозяйство и пищевая про…
Непромышленные потребители
Государственные (муниципальные)…
Население и приравненные группы…
Территориальные сетевые организ…
Выручка отклонения по ПАО Россети на 2023 год
⬤ Отклонение, %
Интер РАО (для ФСК)
Промышленные потребители
Транспорт
Нефтедобыча
Нефтепереработка
Нефтепроводы
Газопроводы
Сельское хозяйство и пищевая про…
Непромышленные потребители
Государственные (муниципальные)…
Население и приравненные группы…
Территориальные сетевые организ…
абс.
%
Прогноз на месяц 
Ноябрь
КПО/Отпуск из сети 
Отпуск из сети, млн. кВт.ч
Организация 
Все
Прогноз электропотребления и выручки за услуги по передаче в разрезе отраслей'

03-03-2025T13:09:19 - [MESSAGE][PASSED] - Text of object 'Object Repository/Прогноз по отраслям/Виджеты дашборда' is: 'Год 
2023 год
Сравнение с 
План/СУ
Динамика электропотребления, млрд. кВт.ч., по ПАО Россети на 2023 год
10 10
181 181
36 36
15 15
9 9
14 14
4 4
16 16
86 86
19 19
79 79
586 586
10 10
197 197
37 37
48 48
10 10
15 15
4 4
18 18
80 80
19 19
82 82
608 608
СУ
Ожидаемое (прогноз до конца года)
Интер РАО(для ФСК)
Промышленныепотребители
Транспорт
Нефтедобыча
Нефтеперераб…
Нефтепроводы
Газопроводы
Сельское хозя…
Непромышлен…
Государственн…
Население иприравненныегруппыпотребителей
Территориальн…
Выручка, млрд. руб, по ПАО Россети на 2023 год
6 6
331 331
82 82
77 77
20 20
20 20
3 3
57 57
220 220
68 68
214 214
258 258
Ожидаемое (прогноз до конца года)
Интер РАО(для ФСК)
Промышленныепотребители
Транспорт
Нефтедобыча
Нефтеперераб…
Нефтепроводы
Газопроводы
Сельское хозя…
Непромышлен…
Государственн…
Население иприравненныегруппыпотребителей
Территориальн…
Отклонения по ПАО Россети на 2023 год
2.5% 2.5%
8.9% 8.9%
3.5% 3.5%
221.4% 221.4%
12.8% 12.8%
6.9% 6.9%
13.5% 13.5%
8.1% 8.1%
-6.9% -6.9%
2.3% 2.3%
3.1% 3.1%
3.8% 3.8%
⬤ Отклонение, %
Интер РАО (для ФСК)
Промышленные потребители
Транспорт
Нефтедобыча
Нефтепереработка
Нефтепроводы
Газопроводы
Сельское хозяйство и пищевая про…
Непромышленные потребители
Государственные (муниципальные)…
Население и приравненные группы…
Территориальные сетевые организ…
Выручка отклонения по ПАО Россети на 2023 год
⬤ Отклонение, %
Интер РАО (для ФСК)
Промышленные потребители
Транспорт
Нефтедобыча
Нефтепереработка
Нефтепроводы
Газопроводы
Сельское хозяйство и пищевая про…
Непромышленные потребители
Государственные (муниципальные)…
Население и приравненные группы…
Территориальные сетевые организ…
абс.
%
Прогноз на месяц 
Ноябрь
КПО/Отпуск из сети 
Отпуск из сети, млн. кВт.ч
Организация 
Все
Прогноз электропотребления и выручки за услуги по передаче в разрезе отраслей'

03-03-2025T13:09:19 - [TEST_STEP][PASSED] - b3 = b3.replaceAll("[^0-9]", ""): null

03-03-2025T13:09:19 - [TEST_STEP][PASSED] - println("b3:" + b3): null

03-03-2025T13:09:19 - [TEST_STEP][PASSED] - click(findTestObject("Прогноз по отраслям/Фильтр Сравнение с Стресс")): Object: 'Object Repository/Прогноз по отраслям/Фильтр Сравнение с Стресс' is clicked on

03-03-2025T13:09:20 - [MESSAGE][PASSED] - Object: 'Object Repository/Прогноз по отраслям/Фильтр Сравнение с Стресс' is clicked on

03-03-2025T13:09:20 - [TEST_STEP][PASSED] - click(findTestObject("Прогноз по отраслям/Факт прошлого года Стресс")): Object: 'Object Repository/Прогноз по отраслям/Факт прошлого года Стресс' is clicked on

03-03-2025T13:09:21 - [MESSAGE][PASSED] - Object: 'Object Repository/Прогноз по отраслям/Факт прошлого года Стресс' is clicked on

03-03-2025T13:09:21 - [TEST_STEP][PASSED] - click(findTestObject("Прогноз по отраслям/Фильтр КПО-Отпуск Стресс")): Object: 'Object Repository/Прогноз по отраслям/Фильтр КПО-Отпуск Стресс' is clicked on

03-03-2025T13:09:24 - [MESSAGE][PASSED] - Object: 'Object Repository/Прогноз по отраслям/Фильтр КПО-Отпуск Стресс' is clicked on

03-03-2025T13:09:24 - [TEST_STEP][PASSED] - click(findTestObject("Прогноз по отраслям/КПО Стресс")): Object: 'Object Repository/Прогноз по отраслям/КПО Стресс' is clicked on

03-03-2025T13:09:25 - [MESSAGE][PASSED] - Object: 'Object Repository/Прогноз по отраслям/КПО Стресс' is clicked on

03-03-2025T13:09:25 - [TEST_STEP][PASSED] - delay(40): Delayed 40 second(s)

03-03-2025T13:10:05 - [MESSAGE][PASSED] - Delayed 40 second(s)

03-03-2025T13:10:05 - [TEST_STEP][PASSED] - b4 = getText(findTestObject("Прогноз по отраслям/Виджеты дашборда")): Text of object 'Object Repository/Прогноз по отраслям/Виджеты дашборда' is: 'Год 
2023 год
Сравнение с 
Факт прошлого года
Динамика электропотребления, млрд. кВт.ч., по ПАО Россети на 2023 год
0 0
120 120
38 38
41 41
8 8
10 10
0 0
19 19
77 77
25 25
122 122
61 61
0 0
120 120
39 39
39 39
8 8
8 8
1 1
20 20
78 78
26 26
121 121
60 60
Факт прошлого года
Ожидаемое (прогноз до конца года)
Интер РАО(для ФСК)
Промышленныепотребители
Транспорт
Нефтедобыча
Нефтеперераб…
Нефтепроводы
Газопроводы
Сельское хозя…
Непромышлен…
Государственн…
Население иприравненныегруппыпотребителей
Территориальн…
Выручка, млрд. руб, по ПАО Россети на 2023 год
5 5
285 285
72 72
72 72
18 18
22 22
0 0
50 50
201 201
61 61
190 190
227 227
6 6
331 331
82 82
77 77
20 20
20 20
3 3
57 57
220 220
68 68
214 214
258 258
Факт прошлого года
Ожидаемое (прогноз до конца года)
Интер РАО(для ФСК)
Промышленныепотребители
Транспорт
Нефтедобыча
Нефтеперераб…
Нефтепроводы
Газопроводы
Сельское хозя…
Непромышлен…
Государственн…
Население иприравненныегруппыпотребителей
Территориальн…
Отклонения по ПАО Россети на 2023 год
0.5% 0.5%
0.9% 0.9%
-5.9% -5.9%
3.1% 3.1%
-17.9% -17.9%
578.4% 578.4%
2.3% 2.3%
1.8% 1.8%
2.1% 2.1%
-0.9% -0.9%
-0.2% -0.2%
⬤ Отклонение, %
Интер РАО (для ФСК)
Промышленные потребители
Транспорт
Нефтедобыча
Нефтепереработка
Нефтепроводы
Газопроводы
Сельское хозяйство и пищевая про…
Непромышленные потребители
Государственные (муниципальные)…
Население и приравненные группы…
Территориальные сетевые организ…
Выручка отклонения по ПАО Россети на 2023 год
7.7% 7.7%
16.0% 16.0%
13.2% 13.2%
6.7% 6.7%
13.3% 13.3%
-7.7% -7.7%
1 331.5% 1 331.5%
14.2% 14.2%
9.9% 9.9%
12.0% 12.0%
12.4% 12.4%
13.7% 13.7%
⬤ Отклонение, %
Интер РАО (для ФСК)
Промышленные потребители
Транспорт
Нефтедобыча
Нефтепереработка
Нефтепроводы
Газопроводы
Сельское хозяйство и пищевая про…
Непромышленные потребители
Государственные (муниципальные)…
Население и приравненные группы…
Территориальные сетевые организ…
абс.
%
Прогноз на месяц 
Ноябрь
КПО/Отпуск из сети 
Котловой полезный отпуск, млн. кВт.ч
Организация 
Все
Прогноз электропотребления и выручки за услуги по передаче в разрезе отраслей'

03-03-2025T13:10:06 - [MESSAGE][PASSED] - Text of object 'Object Repository/Прогноз по отраслям/Виджеты дашборда' is: 'Год 
2023 год
Сравнение с 
Факт прошлого года
Динамика электропотребления, млрд. кВт.ч., по ПАО Россети на 2023 год
0 0
120 120
38 38
41 41
8 8
10 10
0 0
19 19
77 77
25 25
122 122
61 61
0 0
120 120
39 39
39 39
8 8
8 8
1 1
20 20
78 78
26 26
121 121
60 60
Факт прошлого года
Ожидаемое (прогноз до конца года)
Интер РАО(для ФСК)
Промышленныепотребители
Транспорт
Нефтедобыча
Нефтеперераб…
Нефтепроводы
Газопроводы
Сельское хозя…
Непромышлен…
Государственн…
Население иприравненныегруппыпотребителей
Территориальн…
Выручка, млрд. руб, по ПАО Россети на 2023 год
5 5
285 285
72 72
72 72
18 18
22 22
0 0
50 50
201 201
61 61
190 190
227 227
6 6
331 331
82 82
77 77
20 20
20 20
3 3
57 57
220 220
68 68
214 214
258 258
Факт прошлого года
Ожидаемое (прогноз до конца года)
Интер РАО(для ФСК)
Промышленныепотребители
Транспорт
Нефтедобыча
Нефтеперераб…
Нефтепроводы
Газопроводы
Сельское хозя…
Непромышлен…
Государственн…
Население иприравненныегруппыпотребителей
Территориальн…
Отклонения по ПАО Россети на 2023 год
0.5% 0.5%
0.9% 0.9%
-5.9% -5.9%
3.1% 3.1%
-17.9% -17.9%
578.4% 578.4%
2.3% 2.3%
1.8% 1.8%
2.1% 2.1%
-0.9% -0.9%
-0.2% -0.2%
⬤ Отклонение, %
Интер РАО (для ФСК)
Промышленные потребители
Транспорт
Нефтедобыча
Нефтепереработка
Нефтепроводы
Газопроводы
Сельское хозяйство и пищевая про…
Непромышленные потребители
Государственные (муниципальные)…
Население и приравненные группы…
Территориальные сетевые организ…
Выручка отклонения по ПАО Россети на 2023 год
7.7% 7.7%
16.0% 16.0%
13.2% 13.2%
6.7% 6.7%
13.3% 13.3%
-7.7% -7.7%
1 331.5% 1 331.5%
14.2% 14.2%
9.9% 9.9%
12.0% 12.0%
12.4% 12.4%
13.7% 13.7%
⬤ Отклонение, %
Интер РАО (для ФСК)
Промышленные потребители
Транспорт
Нефтедобыча
Нефтепереработка
Нефтепроводы
Газопроводы
Сельское хозяйство и пищевая про…
Непромышленные потребители
Государственные (муниципальные)…
Население и приравненные группы…
Территориальные сетевые организ…
абс.
%
Прогноз на месяц 
Ноябрь
КПО/Отпуск из сети 
Котловой полезный отпуск, млн. кВт.ч
Организация 
Все
Прогноз электропотребления и выручки за услуги по передаче в разрезе отраслей'

03-03-2025T13:10:06 - [TEST_STEP][PASSED] - b4 = b4.replaceAll("[^0-9]", ""): null

03-03-2025T13:10:06 - [TEST_STEP][PASSED] - println("b4:" + b4): null

03-03-2025T13:10:06 - [TEST_STEP][PASSED] - click(findTestObject("Прогноз по отраслям/Фильтр Сравнение с Стресс")): Object: 'Object Repository/Прогноз по отраслям/Фильтр Сравнение с Стресс' is clicked on

03-03-2025T13:10:06 - [MESSAGE][PASSED] - Object: 'Object Repository/Прогноз по отраслям/Фильтр Сравнение с Стресс' is clicked on

03-03-2025T13:10:06 - [TEST_STEP][PASSED] - click(findTestObject("Прогноз по отраслям/План Стресс")): Object: 'Object Repository/Прогноз по отраслям/План Стресс' is clicked on

03-03-2025T13:10:08 - [MESSAGE][PASSED] - Object: 'Object Repository/Прогноз по отраслям/План Стресс' is clicked on

03-03-2025T13:10:08 - [TEST_STEP][PASSED] - delay(40): Delayed 40 second(s)

03-03-2025T13:10:48 - [MESSAGE][PASSED] - Delayed 40 second(s)

03-03-2025T13:10:48 - [TEST_STEP][PASSED] - b5 = getText(findTestObject("Прогноз по отраслям/Виджеты дашборда")): Text of object 'Object Repository/Прогноз по отраслям/Виджеты дашборда' is: 'Год 
2023 год
Сравнение с 
План
Динамика электропотребления, млрд. кВт.ч., по ПАО Россети на 2023 год
0 0
119 119
37 37
7 7
7 7
8 8
1 1
19 19
75 75
25 25
123 123
55 55
0 0
120 120
39 39
39 39
8 8
8 8
1 1
20 20
78 78
26 26
121 121
60 60
План
Ожидаемое (прогноз до конца года)
Интер РАО(для ФСК)
Промышленныепотребители
Транспорт
Нефтедобыча
Нефтеперераб…
Нефтепроводы
Газопроводы
Сельское хозя…
Непромышлен…
Государственн…
Население иприравненныегруппыпотребителей
Территориальн…
Выручка, млрд. руб, по ПАО Россети на 2023 год
5 5
319 319
81 81
16 16
16 16
20 20
2 2
56 56
215 215
67 67
218 218
239 239
6 6
331 331
82 82
77 77
20 20
20 20
3 3
57 57
220 220
68 68
214 214
258 258
План
Ожидаемое (прогноз до конца года)
Интер РАО(для ФСК)
Промышленныепотребители
Транспорт
Нефтедобыча
Нефтеперераб…
Нефтепроводы
Газопроводы
Сельское хозя…
Непромышлен…
Государственн…
Население иприравненныегруппыпотребителей
Территориальн…
Отклонения по ПАО Россети на 2023 год
1.2% 1.2%
3.2% 3.2%
492.1% 492.1%
18.1% 18.1%
4.4% 4.4%
11.9% 11.9%
1.2% 1.2%
4.1% 4.1%
2.4% 2.4%
-1.4% -1.4%
9.7% 9.7%
⬤ Отклонение, %
Интер РАО (для ФСК)
Промышленные потребители
Транспорт
Нефтедобыча
Нефтепереработка
Нефтепроводы
Газопроводы
Сельское хозяйство и пищевая про…
Непромышленные потребители
Государственные (муниципальные)…
Население и приравненные группы…
Территориальные сетевые организ…
Выручка отклонения по ПАО Россети на 2023 год
15.6% 15.6%
3.8% 3.8%
1.2% 1.2%
398.2% 398.2%
26.9% 26.9%
-0.6% -0.6%
26.9% 26.9%
1.5% 1.5%
2.7% 2.7%
2.0% 2.0%
-2.0% -2.0%
7.9% 7.9%
⬤ Отклонение, %
Интер РАО (для ФСК)
Промышленные потребители
Транспорт
Нефтедобыча
Нефтепереработка
Нефтепроводы
Газопроводы
Сельское хозяйство и пищевая про…
Непромышленные потребители
Государственные (муниципальные)…
Население и приравненные группы…
Территориальные сетевые организ…
абс.
%
Прогноз на месяц 
Ноябрь
КПО/Отпуск из сети 
Котловой полезный отпуск, млн. кВт.ч
Организация 
Все
Прогноз электропотребления и выручки за услуги по передаче в разрезе отраслей'

03-03-2025T13:10:48 - [MESSAGE][PASSED] - Text of object 'Object Repository/Прогноз по отраслям/Виджеты дашборда' is: 'Год 
2023 год
Сравнение с 
План
Динамика электропотребления, млрд. кВт.ч., по ПАО Россети на 2023 год
0 0
119 119
37 37
7 7
7 7
8 8
1 1
19 19
75 75
25 25
123 123
55 55
0 0
120 120
39 39
39 39
8 8
8 8
1 1
20 20
78 78
26 26
121 121
60 60
План
Ожидаемое (прогноз до конца года)
Интер РАО(для ФСК)
Промышленныепотребители
Транспорт
Нефтедобыча
Нефтеперераб…
Нефтепроводы
Газопроводы
Сельское хозя…
Непромышлен…
Государственн…
Население иприравненныегруппыпотребителей
Территориальн…
Выручка, млрд. руб, по ПАО Россети на 2023 год
5 5
319 319
81 81
16 16
16 16
20 20
2 2
56 56
215 215
67 67
218 218
239 239
6 6
331 331
82 82
77 77
20 20
20 20
3 3
57 57
220 220
68 68
214 214
258 258
План
Ожидаемое (прогноз до конца года)
Интер РАО(для ФСК)
Промышленныепотребители
Транспорт
Нефтедобыча
Нефтеперераб…
Нефтепроводы
Газопроводы
Сельское хозя…
Непромышлен…
Государственн…
Население иприравненныегруппыпотребителей
Территориальн…
Отклонения по ПАО Россети на 2023 год
1.2% 1.2%
3.2% 3.2%
492.1% 492.1%
18.1% 18.1%
4.4% 4.4%
11.9% 11.9%
1.2% 1.2%
4.1% 4.1%
2.4% 2.4%
-1.4% -1.4%
9.7% 9.7%
⬤ Отклонение, %
Интер РАО (для ФСК)
Промышленные потребители
Транспорт
Нефтедобыча
Нефтепереработка
Нефтепроводы
Газопроводы
Сельское хозяйство и пищевая про…
Непромышленные потребители
Государственные (муниципальные)…
Население и приравненные группы…
Территориальные сетевые организ…
Выручка отклонения по ПАО Россети на 2023 год
15.6% 15.6%
3.8% 3.8%
1.2% 1.2%
398.2% 398.2%
26.9% 26.9%
-0.6% -0.6%
26.9% 26.9%
1.5% 1.5%
2.7% 2.7%
2.0% 2.0%
-2.0% -2.0%
7.9% 7.9%
⬤ Отклонение, %
Интер РАО (для ФСК)
Промышленные потребители
Транспорт
Нефтедобыча
Нефтепереработка
Нефтепроводы
Газопроводы
Сельское хозяйство и пищевая про…
Непромышленные потребители
Государственные (муниципальные)…
Население и приравненные группы…
Территориальные сетевые организ…
абс.
%
Прогноз на месяц 
Ноябрь
КПО/Отпуск из сети 
Котловой полезный отпуск, млн. кВт.ч
Организация 
Все
Прогноз электропотребления и выручки за услуги по передаче в разрезе отраслей'

03-03-2025T13:10:48 - [TEST_STEP][PASSED] - println("b5:" + b5): null

03-03-2025T13:10:48 - [TEST_STEP][PASSED] - b5 = b5.replaceAll("[^0-9]", ""): null

03-03-2025T13:10:48 - [TEST_STEP][PASSED] - println("b5:" + b5): null

03-03-2025T13:10:48 - [TEST_STEP][PASSED] - click(findTestObject("Прогноз по отраслям/Фильтр Сравнение с Стресс")): Object: 'Object Repository/Прогноз по отраслям/Фильтр Сравнение с Стресс' is clicked on

03-03-2025T13:10:49 - [MESSAGE][PASSED] - Object: 'Object Repository/Прогноз по отраслям/Фильтр Сравнение с Стресс' is clicked on

03-03-2025T13:10:49 - [TEST_STEP][PASSED] - click(findTestObject("Прогноз по отраслям/План СУ Стресс")): Object: 'Object Repository/Прогноз по отраслям/План СУ Стресс' is clicked on

03-03-2025T13:10:50 - [MESSAGE][PASSED] - Object: 'Object Repository/Прогноз по отраслям/План СУ Стресс' is clicked on

03-03-2025T13:10:50 - [TEST_STEP][PASSED] - delay(40): Delayed 40 second(s)

03-03-2025T13:11:30 - [MESSAGE][PASSED] - Delayed 40 second(s)

03-03-2025T13:11:30 - [TEST_STEP][PASSED] - b6 = getText(findTestObject("Прогноз по отраслям/Виджеты дашборда")): Text of object 'Object Repository/Прогноз по отраслям/Виджеты дашборда' is: 'Год 
2023 год
Сравнение с 
План/СУ
Динамика электропотребления, млрд. кВт.ч., по ПАО Россети на 2023 год
0 0
0 0
0 0
0 0
0 0
0 0
0 0
0 0
0 0
0 0
0 0
0 0
0 0
120 120
39 39
39 39
8 8
8 8
1 1
20 20
78 78
26 26
121 121
60 60
СУ
Ожидаемое (прогноз до конца года)
Интер РАО(для ФСК)
Промышленныепотребители
Транспорт
Нефтедобыча
Нефтеперераб…
Нефтепроводы
Газопроводы
Сельское хозя…
Непромышлен…
Государственн…
Население иприравненныегруппыпотребителей
Территориальн…
Выручка, млрд. руб, по ПАО Россети на 2023 год
6 6
331 331
82 82
77 77
20 20
20 20
3 3
57 57
220 220
68 68
214 214
258 258
Ожидаемое (прогноз до конца года)
Интер РАО(для ФСК)
Промышленныепотребители
Транспорт
Нефтедобыча
Нефтеперераб…
Нефтепроводы
Газопроводы
Сельское хозя…
Непромышлен…
Государственн…
Население иприравненныегруппыпотребителей
Территориальн…
Отклонения по ПАО Россети на 2023 год
⬤ Отклонение, %
Интер РАО (для ФСК)
Промышленные потребители
Транспорт
Нефтедобыча
Нефтепереработка
Нефтепроводы
Газопроводы
Сельское хозяйство и пищевая про…
Непромышленные потребители
Государственные (муниципальные)…
Население и приравненные группы…
Территориальные сетевые организ…
Выручка отклонения по ПАО Россети на 2023 год
⬤ Отклонение, %
Интер РАО (для ФСК)
Промышленные потребители
Транспорт
Нефтедобыча
Нефтепереработка
Нефтепроводы
Газопроводы
Сельское хозяйство и пищевая про…
Непромышленные потребители
Государственные (муниципальные)…
Население и приравненные группы…
Территориальные сетевые организ…
абс.
%
Прогноз на месяц 
Ноябрь
КПО/Отпуск из сети 
Котловой полезный отпуск, млн. кВт.ч
Организация 
Все
Прогноз электропотребления и выручки за услуги по передаче в разрезе отраслей'

03-03-2025T13:11:31 - [MESSAGE][PASSED] - Text of object 'Object Repository/Прогноз по отраслям/Виджеты дашборда' is: 'Год 
2023 год
Сравнение с 
План/СУ
Динамика электропотребления, млрд. кВт.ч., по ПАО Россети на 2023 год
0 0
0 0
0 0
0 0
0 0
0 0
0 0
0 0
0 0
0 0
0 0
0 0
0 0
120 120
39 39
39 39
8 8
8 8
1 1
20 20
78 78
26 26
121 121
60 60
СУ
Ожидаемое (прогноз до конца года)
Интер РАО(для ФСК)
Промышленныепотребители
Транспорт
Нефтедобыча
Нефтеперераб…
Нефтепроводы
Газопроводы
Сельское хозя…
Непромышлен…
Государственн…
Население иприравненныегруппыпотребителей
Территориальн…
Выручка, млрд. руб, по ПАО Россети на 2023 год
6 6
331 331
82 82
77 77
20 20
20 20
3 3
57 57
220 220
68 68
214 214
258 258
Ожидаемое (прогноз до конца года)
Интер РАО(для ФСК)
Промышленныепотребители
Транспорт
Нефтедобыча
Нефтеперераб…
Нефтепроводы
Газопроводы
Сельское хозя…
Непромышлен…
Государственн…
Население иприравненныегруппыпотребителей
Территориальн…
Отклонения по ПАО Россети на 2023 год
⬤ Отклонение, %
Интер РАО (для ФСК)
Промышленные потребители
Транспорт
Нефтедобыча
Нефтепереработка
Нефтепроводы
Газопроводы
Сельское хозяйство и пищевая про…
Непромышленные потребители
Государственные (муниципальные)…
Население и приравненные группы…
Территориальные сетевые организ…
Выручка отклонения по ПАО Россети на 2023 год
⬤ Отклонение, %
Интер РАО (для ФСК)
Промышленные потребители
Транспорт
Нефтедобыча
Нефтепереработка
Нефтепроводы
Газопроводы
Сельское хозяйство и пищевая про…
Непромышленные потребители
Государственные (муниципальные)…
Население и приравненные группы…
Территориальные сетевые организ…
абс.
%
Прогноз на месяц 
Ноябрь
КПО/Отпуск из сети 
Котловой полезный отпуск, млн. кВт.ч
Организация 
Все
Прогноз электропотребления и выручки за услуги по передаче в разрезе отраслей'

03-03-2025T13:11:31 - [TEST_STEP][PASSED] - b6 = b6.replaceAll("[^0-9]", ""): null

03-03-2025T13:11:31 - [TEST_STEP][PASSED] - println("b6:" + b6): null

03-03-2025T13:11:31 - [TEST_STEP][PASSED] - click(findTestObject("Прогноз по отраслям/Переключить отображение с процентов на абс Стресс-сценарий")): Object: 'Object Repository/Прогноз по отраслям/Переключить отображение с процентов на абс Стресс-сценарий' is clicked on

03-03-2025T13:11:31 - [MESSAGE][PASSED] - Object: 'Object Repository/Прогноз по отраслям/Переключить отображение с процентов на абс Стресс-сценарий' is clicked on

03-03-2025T13:11:31 - [TEST_STEP][PASSED] - click(findTestObject("Прогноз по отраслям/Фильтр Сравнение с Стресс")): Object: 'Object Repository/Прогноз по отраслям/Фильтр Сравнение с Стресс' is clicked on

03-03-2025T13:11:31 - [MESSAGE][PASSED] - Object: 'Object Repository/Прогноз по отраслям/Фильтр Сравнение с Стресс' is clicked on

03-03-2025T13:11:31 - [TEST_STEP][PASSED] - click(findTestObject("Прогноз по отраслям/Факт прошлого года Стресс")): Object: 'Object Repository/Прогноз по отраслям/Факт прошлого года Стресс' is clicked on

03-03-2025T13:11:33 - [MESSAGE][PASSED] - Object: 'Object Repository/Прогноз по отраслям/Факт прошлого года Стресс' is clicked on

03-03-2025T13:11:33 - [TEST_STEP][PASSED] - click(findTestObject("Прогноз по отраслям/Фильтр КПО-Отпуск Стресс")): Object: 'Object Repository/Прогноз по отраслям/Фильтр КПО-Отпуск Стресс' is clicked on

03-03-2025T13:11:36 - [MESSAGE][PASSED] - Object: 'Object Repository/Прогноз по отраслям/Фильтр КПО-Отпуск Стресс' is clicked on

03-03-2025T13:11:36 - [TEST_STEP][PASSED] - click(findTestObject("Прогноз по отраслям/Отпуск Стресс")): Object: 'Object Repository/Прогноз по отраслям/Отпуск Стресс' is clicked on

03-03-2025T13:11:37 - [MESSAGE][PASSED] - Object: 'Object Repository/Прогноз по отраслям/Отпуск Стресс' is clicked on

03-03-2025T13:11:37 - [TEST_STEP][PASSED] - delay(40): Delayed 40 second(s)

03-03-2025T13:12:17 - [MESSAGE][PASSED] - Delayed 40 second(s)

03-03-2025T13:12:17 - [TEST_STEP][PASSED] - b7 = getText(findTestObject("Прогноз по отраслям/Виджеты дашборда")): Text of object 'Object Repository/Прогноз по отраслям/Виджеты дашборда' is: 'Год 
2023 год
Сравнение с 
Факт прошлого года
Отклонения по ПАО Россети на 2023 год
-2 263.5 -2 263.5
11 054.6 11 054.6
1 280.2 1 280.2
-1 947.5 -1 947.5
90.9 90.9
-3 845.0 -3 845.0
4 162.1 4 162.1
651.7 651.7
-4 727.7 -4 727.7
256.5 256.5
-723.9 -723.9
4 292.3 4 292.3
⬤ Отклонение, млн. кВт.ч
Интер РАО (для ФСК)
Промышленные потребители
Транспорт
Нефтедобыча
Нефтепереработка
Нефтепроводы
Газопроводы
Сельское хозяйство и пищевая про…
Непромышленные потребители
Государственные (муниципальные…
Население и приравненные группы…
Территориальные сетевые организ…
Выручка отклонения по ПАО Россети на 2023 год
421.3 421.3
45 574.9 45 574.9
9 547.5 9 547.5
4 889.3 4 889.3
2 337.4 2 337.4
-1 682.6 -1 682.6
2 919.4 2 919.4
7 110.2 7 110.2
19 840.8 19 840.8
7 289.5 7 289.5
23 664.8 23 664.8
31 028.3 31 028.3
⬤ Отклонение, млн. руб
Интер РАО (для ФСК)
Промышленные потребители
Транспорт
Нефтедобыча
Нефтепереработка
Нефтепроводы
Газопроводы
Сельское хозяйство и пищевая про…
Непромышленные потребители
Государственные (муниципальные…
Население и приравненные группы…
Территориальные сетевые организ…
Динамика электропотребления, млрд. кВт.ч., по ПАО Россети на 2023 год
12 12
186 186
36 36
50 50
10 10
19 19
0 0
17 17
85 85
19 19
82 82
604 604
10 10
197 197
37 37
48 48
10 10
15 15
4 4
18 18
80 80
19 19
82 82
608 608
Факт прошлого года
Ожидаемое (прогноз до конца года)
Интер РАО(для ФСК)
Промышленныепотребители
Транспорт
Нефтедобыча
Нефтеперераб…
Нефтепроводы
Газопроводы
Сельское хозя…
Непромышлен…
Государственн…
Население иприравненныегруппыпотребителей
Территориальн…
Выручка, млрд. руб, по ПАО Россети на 2023 год
5 5
285 285
72 72
72 72
18 18
22 22
0 0
50 50
201 201
61 61
190 190
227 227
6 6
331 331
82 82
77 77
20 20
20 20
3 3
57 57
220 220
68 68
214 214
258 258
Факт прошлого года
Ожидаемое (прогноз до конца года)
Интер РАО(для ФСК)
Промышленныепотребители
Транспорт
Нефтедобыча
Нефтеперераб…
Нефтепроводы
Газопроводы
Сельское хозя…
Непромышлен…
Государственн…
Население иприравненныегруппыпотребителей
Территориальн…
абс.
%
Прогноз на месяц 
Ноябрь
КПО/Отпуск из сети 
Отпуск из сети, млн. кВт.ч
Организация 
Все
Прогноз электропотребления и выручки за услуги по передаче в разрезе отраслей'

03-03-2025T13:12:18 - [MESSAGE][PASSED] - Text of object 'Object Repository/Прогноз по отраслям/Виджеты дашборда' is: 'Год 
2023 год
Сравнение с 
Факт прошлого года
Отклонения по ПАО Россети на 2023 год
-2 263.5 -2 263.5
11 054.6 11 054.6
1 280.2 1 280.2
-1 947.5 -1 947.5
90.9 90.9
-3 845.0 -3 845.0
4 162.1 4 162.1
651.7 651.7
-4 727.7 -4 727.7
256.5 256.5
-723.9 -723.9
4 292.3 4 292.3
⬤ Отклонение, млн. кВт.ч
Интер РАО (для ФСК)
Промышленные потребители
Транспорт
Нефтедобыча
Нефтепереработка
Нефтепроводы
Газопроводы
Сельское хозяйство и пищевая про…
Непромышленные потребители
Государственные (муниципальные…
Население и приравненные группы…
Территориальные сетевые организ…
Выручка отклонения по ПАО Россети на 2023 год
421.3 421.3
45 574.9 45 574.9
9 547.5 9 547.5
4 889.3 4 889.3
2 337.4 2 337.4
-1 682.6 -1 682.6
2 919.4 2 919.4
7 110.2 7 110.2
19 840.8 19 840.8
7 289.5 7 289.5
23 664.8 23 664.8
31 028.3 31 028.3
⬤ Отклонение, млн. руб
Интер РАО (для ФСК)
Промышленные потребители
Транспорт
Нефтедобыча
Нефтепереработка
Нефтепроводы
Газопроводы
Сельское хозяйство и пищевая про…
Непромышленные потребители
Государственные (муниципальные…
Население и приравненные группы…
Территориальные сетевые организ…
Динамика электропотребления, млрд. кВт.ч., по ПАО Россети на 2023 год
12 12
186 186
36 36
50 50
10 10
19 19
0 0
17 17
85 85
19 19
82 82
604 604
10 10
197 197
37 37
48 48
10 10
15 15
4 4
18 18
80 80
19 19
82 82
608 608
Факт прошлого года
Ожидаемое (прогноз до конца года)
Интер РАО(для ФСК)
Промышленныепотребители
Транспорт
Нефтедобыча
Нефтеперераб…
Нефтепроводы
Газопроводы
Сельское хозя…
Непромышлен…
Государственн…
Население иприравненныегруппыпотребителей
Территориальн…
Выручка, млрд. руб, по ПАО Россети на 2023 год
5 5
285 285
72 72
72 72
18 18
22 22
0 0
50 50
201 201
61 61
190 190
227 227
6 6
331 331
82 82
77 77
20 20
20 20
3 3
57 57
220 220
68 68
214 214
258 258
Факт прошлого года
Ожидаемое (прогноз до конца года)
Интер РАО(для ФСК)
Промышленныепотребители
Транспорт
Нефтедобыча
Нефтеперераб…
Нефтепроводы
Газопроводы
Сельское хозя…
Непромышлен…
Государственн…
Население иприравненныегруппыпотребителей
Территориальн…
абс.
%
Прогноз на месяц 
Ноябрь
КПО/Отпуск из сети 
Отпуск из сети, млн. кВт.ч
Организация 
Все
Прогноз электропотребления и выручки за услуги по передаче в разрезе отраслей'

03-03-2025T13:12:18 - [TEST_STEP][PASSED] - b7 = b7.replaceAll("[^0-9]", ""): null

03-03-2025T13:12:18 - [TEST_STEP][PASSED] - println("b7:" + b7): null

03-03-2025T13:12:18 - [TEST_STEP][PASSED] - click(findTestObject("Прогноз по отраслям/Фильтр Сравнение с Стресс")): Object: 'Object Repository/Прогноз по отраслям/Фильтр Сравнение с Стресс' is clicked on

03-03-2025T13:12:18 - [MESSAGE][PASSED] - Object: 'Object Repository/Прогноз по отраслям/Фильтр Сравнение с Стресс' is clicked on

03-03-2025T13:12:18 - [TEST_STEP][PASSED] - click(findTestObject("Прогноз по отраслям/План Стресс")): Object: 'Object Repository/Прогноз по отраслям/План Стресс' is clicked on

03-03-2025T13:12:19 - [MESSAGE][PASSED] - Object: 'Object Repository/Прогноз по отраслям/План Стресс' is clicked on

03-03-2025T13:12:19 - [TEST_STEP][PASSED] - delay(40): Delayed 40 second(s)

03-03-2025T13:12:59 - [MESSAGE][PASSED] - Delayed 40 second(s)

03-03-2025T13:12:59 - [TEST_STEP][PASSED] - b8 = getText(findTestObject("Прогноз по отраслям/Виджеты дашборда")): Text of object 'Object Repository/Прогноз по отраслям/Виджеты дашборда' is: 'Год 
2023 год
Сравнение с 
План
Отклонения по ПАО Россети на 2023 год
-492.2 -492.2
7 165.1 7 165.1
689.3 689.3
33 271.7 33 271.7
986.4 986.4
593.8 593.8
764.0 764.0
670.4 670.4
-592.4 -592.4
308.8 308.8
-940.9 -940.9
19 604.1 19 604.1
⬤ Отклонение, млн. кВт.ч
Интер РАО (для ФСК)
Промышленные потребители
Транспорт
Нефтедобыча
Нефтепереработка
Нефтепроводы
Газопроводы
Сельское хозяйство и пищевая про…
Непромышленные потребители
Государственные (муниципальные…
Население и приравненные группы…
Территориальные сетевые организ…
Выручка отклонения по ПАО Россети на 2023 год
794.9 794.9
12 195.0 12 195.0
972.7 972.7
61 803.9 61 803.9
4 222.3 4 222.3
-121.8 -121.8
666.2 666.2
873.2 873.2
5 809.6 5 809.6
1 342.6 1 342.6
-4 463.2 -4 463.2
18 375.5 18 375.5
⬤ Отклонение, млн. руб
Интер РАО (для ФСК)
Промышленные потребители
Транспорт
Нефтедобыча
Нефтепереработка
Нефтепроводы
Газопроводы
Сельское хозяйство и пищевая про…
Непромышленные потребители
Государственные (муниципальные…
Население и приравненные группы…
Территориальные сетевые организ…
Динамика электропотребления, млрд. кВт.ч., по ПАО Россети на 2023 год
10 10
190 190
36 36
14 14
9 9
14 14
4 4
17 17
80 80
19 19
82 82
588 588
10 10
197 197
37 37
48 48
10 10
15 15
4 4
18 18
80 80
19 19
82 82
608 608
План
Ожидаемое (прогноз до конца года)
Интер РАО(для ФСК)
Промышленныепотребители
Транспорт
Нефтедобыча
Нефтеперераб…
Нефтепроводы
Газопроводы
Сельское хозя…
Непромышлен…
Государственн…
Население иприравненныегруппыпотребителей
Территориальн…
Выручка, млрд. руб, по ПАО Россети на 2023 год
5 5
319 319
81 81
16 16
16 16
20 20
2 2
56 56
215 215
67 67
218 218
239 239
6 6
331 331
82 82
77 77
20 20
20 20
3 3
57 57
220 220
68 68
214 214
258 258
План
Ожидаемое (прогноз до конца года)
Интер РАО(для ФСК)
Промышленныепотребители
Транспорт
Нефтедобыча
Нефтеперераб…
Нефтепроводы
Газопроводы
Сельское хозя…
Непромышлен…
Государственн…
Население иприравненныегруппыпотребителей
Территориальн…
абс.
%
Прогноз на месяц 
Ноябрь
КПО/Отпуск из сети 
Отпуск из сети, млн. кВт.ч
Организация 
Все
Прогноз электропотребления и выручки за услуги по передаче в разрезе отраслей'

03-03-2025T13:13:00 - [MESSAGE][PASSED] - Text of object 'Object Repository/Прогноз по отраслям/Виджеты дашборда' is: 'Год 
2023 год
Сравнение с 
План
Отклонения по ПАО Россети на 2023 год
-492.2 -492.2
7 165.1 7 165.1
689.3 689.3
33 271.7 33 271.7
986.4 986.4
593.8 593.8
764.0 764.0
670.4 670.4
-592.4 -592.4
308.8 308.8
-940.9 -940.9
19 604.1 19 604.1
⬤ Отклонение, млн. кВт.ч
Интер РАО (для ФСК)
Промышленные потребители
Транспорт
Нефтедобыча
Нефтепереработка
Нефтепроводы
Газопроводы
Сельское хозяйство и пищевая про…
Непромышленные потребители
Государственные (муниципальные…
Население и приравненные группы…
Территориальные сетевые организ…
Выручка отклонения по ПАО Россети на 2023 год
794.9 794.9
12 195.0 12 195.0
972.7 972.7
61 803.9 61 803.9
4 222.3 4 222.3
-121.8 -121.8
666.2 666.2
873.2 873.2
5 809.6 5 809.6
1 342.6 1 342.6
-4 463.2 -4 463.2
18 375.5 18 375.5
⬤ Отклонение, млн. руб
Интер РАО (для ФСК)
Промышленные потребители
Транспорт
Нефтедобыча
Нефтепереработка
Нефтепроводы
Газопроводы
Сельское хозяйство и пищевая про…
Непромышленные потребители
Государственные (муниципальные…
Население и приравненные группы…
Территориальные сетевые организ…
Динамика электропотребления, млрд. кВт.ч., по ПАО Россети на 2023 год
10 10
190 190
36 36
14 14
9 9
14 14
4 4
17 17
80 80
19 19
82 82
588 588
10 10
197 197
37 37
48 48
10 10
15 15
4 4
18 18
80 80
19 19
82 82
608 608
План
Ожидаемое (прогноз до конца года)
Интер РАО(для ФСК)
Промышленныепотребители
Транспорт
Нефтедобыча
Нефтеперераб…
Нефтепроводы
Газопроводы
Сельское хозя…
Непромышлен…
Государственн…
Население иприравненныегруппыпотребителей
Территориальн…
Выручка, млрд. руб, по ПАО Россети на 2023 год
5 5
319 319
81 81
16 16
16 16
20 20
2 2
56 56
215 215
67 67
218 218
239 239
6 6
331 331
82 82
77 77
20 20
20 20
3 3
57 57
220 220
68 68
214 214
258 258
План
Ожидаемое (прогноз до конца года)
Интер РАО(для ФСК)
Промышленныепотребители
Транспорт
Нефтедобыча
Нефтеперераб…
Нефтепроводы
Газопроводы
Сельское хозя…
Непромышлен…
Государственн…
Население иприравненныегруппыпотребителей
Территориальн…
абс.
%
Прогноз на месяц 
Ноябрь
КПО/Отпуск из сети 
Отпуск из сети, млн. кВт.ч
Организация 
Все
Прогноз электропотребления и выручки за услуги по передаче в разрезе отраслей'

03-03-2025T13:13:00 - [TEST_STEP][PASSED] - b8 = b8.replaceAll("[^0-9]", ""): null

03-03-2025T13:13:00 - [TEST_STEP][PASSED] - println("b8:" + b8): null

03-03-2025T13:13:00 - [TEST_STEP][PASSED] - click(findTestObject("Прогноз по отраслям/Фильтр Сравнение с Стресс")): Object: 'Object Repository/Прогноз по отраслям/Фильтр Сравнение с Стресс' is clicked on

03-03-2025T13:13:00 - [MESSAGE][PASSED] - Object: 'Object Repository/Прогноз по отраслям/Фильтр Сравнение с Стресс' is clicked on

03-03-2025T13:13:00 - [TEST_STEP][PASSED] - click(findTestObject("Прогноз по отраслям/План СУ Стресс")): Object: 'Object Repository/Прогноз по отраслям/План СУ Стресс' is clicked on

03-03-2025T13:13:02 - [MESSAGE][PASSED] - Object: 'Object Repository/Прогноз по отраслям/План СУ Стресс' is clicked on

03-03-2025T13:13:02 - [TEST_STEP][PASSED] - delay(40): Delayed 40 second(s)

03-03-2025T13:13:42 - [MESSAGE][PASSED] - Delayed 40 second(s)

03-03-2025T13:13:42 - [TEST_STEP][PASSED] - b9 = getText(findTestObject("Прогноз по отраслям/Виджеты дашборда")): Text of object 'Object Repository/Прогноз по отраслям/Виджеты дашборда' is: 'Год 
2023 год
Сравнение с 
План/СУ
Отклонения по ПАО Россети на 2023 год
243.5 243.5
16 024.4 16 024.4
1 255.1 1 255.1
32 869.9 32 869.9
1 135.7 1 135.7
950.0 950.0
511.1 511.1
1 324.2 1 324.2
-5 962.8 -5 962.8
433.5 433.5
2 431.5 2 431.5
22 321.4 22 321.4
⬤ Отклонение, млн. кВт.ч
Интер РАО (для ФСК)
Промышленные потребители
Транспорт
Нефтедобыча
Нефтепереработка
Нефтепроводы
Газопроводы
Сельское хозяйство и пищевая про…
Непромышленные потребители
Государственные (муниципальные…
Население и приравненные группы…
Территориальные сетевые организ…
Выручка отклонения по ПАО Россети на 2023 год
⬤ Отклонение, млн. руб
Интер РАО (для ФСК)
Промышленные потребители
Транспорт
Нефтедобыча
Нефтепереработка
Нефтепроводы
Газопроводы
Сельское хозяйство и пищевая про…
Непромышленные потребители
Государственные (муниципальные…
Население и приравненные группы…
Территориальные сетевые организ…
Динамика электропотребления, млрд. кВт.ч., по ПАО Россети на 2023 год
10 10
181 181
36 36
15 15
9 9
14 14
4 4
16 16
86 86
19 19
79 79
586 586
10 10
197 197
37 37
48 48
10 10
15 15
4 4
18 18
80 80
19 19
82 82
608 608
СУ
Ожидаемое (прогноз до конца года)
Интер РАО(для ФСК)
Промышленныепотребители
Транспорт
Нефтедобыча
Нефтеперераб…
Нефтепроводы
Газопроводы
Сельское хозя…
Непромышлен…
Государственн…
Население иприравненныегруппыпотребителей
Территориальн…
Выручка, млрд. руб, по ПАО Россети на 2023 год
6 6
331 331
82 82
77 77
20 20
20 20
3 3
57 57
220 220
68 68
214 214
258 258
Ожидаемое (прогноз до конца года)
Интер РАО(для ФСК)
Промышленныепотребители
Транспорт
Нефтедобыча
Нефтеперераб…
Нефтепроводы
Газопроводы
Сельское хозя…
Непромышлен…
Государственн…
Население иприравненныегруппыпотребителей
Территориальн…
абс.
%
Прогноз на месяц 
Ноябрь
КПО/Отпуск из сети 
Отпуск из сети, млн. кВт.ч
Организация 
Все
Прогноз электропотребления и выручки за услуги по передаче в разрезе отраслей'

03-03-2025T13:13:42 - [MESSAGE][PASSED] - Text of object 'Object Repository/Прогноз по отраслям/Виджеты дашборда' is: 'Год 
2023 год
Сравнение с 
План/СУ
Отклонения по ПАО Россети на 2023 год
243.5 243.5
16 024.4 16 024.4
1 255.1 1 255.1
32 869.9 32 869.9
1 135.7 1 135.7
950.0 950.0
511.1 511.1
1 324.2 1 324.2
-5 962.8 -5 962.8
433.5 433.5
2 431.5 2 431.5
22 321.4 22 321.4
⬤ Отклонение, млн. кВт.ч
Интер РАО (для ФСК)
Промышленные потребители
Транспорт
Нефтедобыча
Нефтепереработка
Нефтепроводы
Газопроводы
Сельское хозяйство и пищевая про…
Непромышленные потребители
Государственные (муниципальные…
Население и приравненные группы…
Территориальные сетевые организ…
Выручка отклонения по ПАО Россети на 2023 год
⬤ Отклонение, млн. руб
Интер РАО (для ФСК)
Промышленные потребители
Транспорт
Нефтедобыча
Нефтепереработка
Нефтепроводы
Газопроводы
Сельское хозяйство и пищевая про…
Непромышленные потребители
Государственные (муниципальные…
Население и приравненные группы…
Территориальные сетевые организ…
Динамика электропотребления, млрд. кВт.ч., по ПАО Россети на 2023 год
10 10
181 181
36 36
15 15
9 9
14 14
4 4
16 16
86 86
19 19
79 79
586 586
10 10
197 197
37 37
48 48
10 10
15 15
4 4
18 18
80 80
19 19
82 82
608 608
СУ
Ожидаемое (прогноз до конца года)
Интер РАО(для ФСК)
Промышленныепотребители
Транспорт
Нефтедобыча
Нефтеперераб…
Нефтепроводы
Газопроводы
Сельское хозя…
Непромышлен…
Государственн…
Население иприравненныегруппыпотребителей
Территориальн…
Выручка, млрд. руб, по ПАО Россети на 2023 год
6 6
331 331
82 82
77 77
20 20
20 20
3 3
57 57
220 220
68 68
214 214
258 258
Ожидаемое (прогноз до конца года)
Интер РАО(для ФСК)
Промышленныепотребители
Транспорт
Нефтедобыча
Нефтеперераб…
Нефтепроводы
Газопроводы
Сельское хозя…
Непромышлен…
Государственн…
Население иприравненныегруппыпотребителей
Территориальн…
абс.
%
Прогноз на месяц 
Ноябрь
КПО/Отпуск из сети 
Отпуск из сети, млн. кВт.ч
Организация 
Все
Прогноз электропотребления и выручки за услуги по передаче в разрезе отраслей'

03-03-2025T13:13:42 - [TEST_STEP][PASSED] - b9 = b9.replaceAll("[^0-9]", ""): null

03-03-2025T13:13:42 - [TEST_STEP][PASSED] - println("b9:" + b9): null

03-03-2025T13:13:42 - [TEST_STEP][PASSED] - click(findTestObject("Прогноз по отраслям/Фильтр Сравнение с Стресс")): Object: 'Object Repository/Прогноз по отраслям/Фильтр Сравнение с Стресс' is clicked on

03-03-2025T13:13:43 - [MESSAGE][PASSED] - Object: 'Object Repository/Прогноз по отраслям/Фильтр Сравнение с Стресс' is clicked on

03-03-2025T13:13:43 - [TEST_STEP][PASSED] - click(findTestObject("Прогноз по отраслям/Факт прошлого года Стресс")): Object: 'Object Repository/Прогноз по отраслям/Факт прошлого года Стресс' is clicked on

03-03-2025T13:13:44 - [MESSAGE][PASSED] - Object: 'Object Repository/Прогноз по отраслям/Факт прошлого года Стресс' is clicked on

03-03-2025T13:13:44 - [TEST_STEP][PASSED] - click(findTestObject("Прогноз по отраслям/Фильтр КПО-Отпуск Стресс")): Object: 'Object Repository/Прогноз по отраслям/Фильтр КПО-Отпуск Стресс' is clicked on

03-03-2025T13:13:48 - [MESSAGE][PASSED] - Object: 'Object Repository/Прогноз по отраслям/Фильтр КПО-Отпуск Стресс' is clicked on

03-03-2025T13:13:48 - [TEST_STEP][PASSED] - click(findTestObject("Прогноз по отраслям/КПО Стресс")): Object: 'Object Repository/Прогноз по отраслям/КПО Стресс' is clicked on

03-03-2025T13:13:49 - [MESSAGE][PASSED] - Object: 'Object Repository/Прогноз по отраслям/КПО Стресс' is clicked on

03-03-2025T13:13:49 - [TEST_STEP][PASSED] - delay(40): Delayed 40 second(s)

03-03-2025T13:14:29 - [MESSAGE][PASSED] - Delayed 40 second(s)

03-03-2025T13:14:29 - [TEST_STEP][PASSED] - b10 = getText(findTestObject("Прогноз по отраслям/Виджеты дашборда")): Text of object 'Object Repository/Прогноз по отраслям/Виджеты дашборда' is: 'Год 
2023 год
Сравнение с 
Факт прошлого года
Отклонения по ПАО Россети на 2023 год
0.0 0.0
646.5 646.5
341.1 341.1
-2 455.6 -2 455.6
245.6 245.6
-1 796.0 -1 796.0
676.2 676.2
452.4 452.4
1 386.2 1 386.2
527.5 527.5
-1 130.4 -1 130.4
-128.7 -128.7
⬤ Отклонение, млн. кВт.ч
Интер РАО (для ФСК)
Промышленные потребители
Транспорт
Нефтедобыча
Нефтепереработка
Нефтепроводы
Газопроводы
Сельское хозяйство и пищевая про…
Непромышленные потребители
Государственные (муниципальные…
Население и приравненные группы…
Территориальные сетевые организ…
Выручка отклонения по ПАО Россети на 2023 год
421.3 421.3
45 574.9 45 574.9
9 547.5 9 547.5
4 889.3 4 889.3
2 337.4 2 337.4
-1 682.6 -1 682.6
2 919.4 2 919.4
7 110.2 7 110.2
19 840.8 19 840.8
7 289.5 7 289.5
23 664.8 23 664.8
31 028.3 31 028.3
⬤ Отклонение, млн. руб
Интер РАО (для ФСК)
Промышленные потребители
Транспорт
Нефтедобыча
Нефтепереработка
Нефтепроводы
Газопроводы
Сельское хозяйство и пищевая про…
Непромышленные потребители
Государственные (муниципальные…
Население и приравненные группы…
Территориальные сетевые организ…
Динамика электропотребления, млрд. кВт.ч., по ПАО Россети на 2023 год
0 0
120 120
38 38
41 41
8 8
10 10
0 0
19 19
77 77
25 25
122 122
61 61
0 0
120 120
39 39
39 39
8 8
8 8
1 1
20 20
78 78
26 26
121 121
60 60
Факт прошлого года
Ожидаемое (прогноз до конца года)
Интер РАО(для ФСК)
Промышленныепотребители
Транспорт
Нефтедобыча
Нефтеперераб…
Нефтепроводы
Газопроводы
Сельское хозя…
Непромышлен…
Государственн…
Население иприравненныегруппыпотребителей
Территориальн…
Выручка, млрд. руб, по ПАО Россети на 2023 год
5 5
285 285
72 72
72 72
18 18
22 22
0 0
50 50
201 201
61 61
190 190
227 227
6 6
331 331
82 82
77 77
20 20
20 20
3 3
57 57
220 220
68 68
214 214
258 258
Факт прошлого года
Ожидаемое (прогноз до конца года)
Интер РАО(для ФСК)
Промышленныепотребители
Транспорт
Нефтедобыча
Нефтеперераб…
Нефтепроводы
Газопроводы
Сельское хозя…
Непромышлен…
Государственн…
Население иприравненныегруппыпотребителей
Территориальн…
абс.
%
Прогноз на месяц 
Ноябрь
КПО/Отпуск из сети 
Котловой полезный отпуск, млн. кВт.ч
Организация 
Все
Прогноз электропотребления и выручки за услуги по передаче в разрезе отраслей'

03-03-2025T13:14:30 - [MESSAGE][PASSED] - Text of object 'Object Repository/Прогноз по отраслям/Виджеты дашборда' is: 'Год 
2023 год
Сравнение с 
Факт прошлого года
Отклонения по ПАО Россети на 2023 год
0.0 0.0
646.5 646.5
341.1 341.1
-2 455.6 -2 455.6
245.6 245.6
-1 796.0 -1 796.0
676.2 676.2
452.4 452.4
1 386.2 1 386.2
527.5 527.5
-1 130.4 -1 130.4
-128.7 -128.7
⬤ Отклонение, млн. кВт.ч
Интер РАО (для ФСК)
Промышленные потребители
Транспорт
Нефтедобыча
Нефтепереработка
Нефтепроводы
Газопроводы
Сельское хозяйство и пищевая про…
Непромышленные потребители
Государственные (муниципальные…
Население и приравненные группы…
Территориальные сетевые организ…
Выручка отклонения по ПАО Россети на 2023 год
421.3 421.3
45 574.9 45 574.9
9 547.5 9 547.5
4 889.3 4 889.3
2 337.4 2 337.4
-1 682.6 -1 682.6
2 919.4 2 919.4
7 110.2 7 110.2
19 840.8 19 840.8
7 289.5 7 289.5
23 664.8 23 664.8
31 028.3 31 028.3
⬤ Отклонение, млн. руб
Интер РАО (для ФСК)
Промышленные потребители
Транспорт
Нефтедобыча
Нефтепереработка
Нефтепроводы
Газопроводы
Сельское хозяйство и пищевая про…
Непромышленные потребители
Государственные (муниципальные…
Население и приравненные группы…
Территориальные сетевые организ…
Динамика электропотребления, млрд. кВт.ч., по ПАО Россети на 2023 год
0 0
120 120
38 38
41 41
8 8
10 10
0 0
19 19
77 77
25 25
122 122
61 61
0 0
120 120
39 39
39 39
8 8
8 8
1 1
20 20
78 78
26 26
121 121
60 60
Факт прошлого года
Ожидаемое (прогноз до конца года)
Интер РАО(для ФСК)
Промышленныепотребители
Транспорт
Нефтедобыча
Нефтеперераб…
Нефтепроводы
Газопроводы
Сельское хозя…
Непромышлен…
Государственн…
Население иприравненныегруппыпотребителей
Территориальн…
Выручка, млрд. руб, по ПАО Россети на 2023 год
5 5
285 285
72 72
72 72
18 18
22 22
0 0
50 50
201 201
61 61
190 190
227 227
6 6
331 331
82 82
77 77
20 20
20 20
3 3
57 57
220 220
68 68
214 214
258 258
Факт прошлого года
Ожидаемое (прогноз до конца года)
Интер РАО(для ФСК)
Промышленныепотребители
Транспорт
Нефтедобыча
Нефтеперераб…
Нефтепроводы
Газопроводы
Сельское хозя…
Непромышлен…
Государственн…
Население иприравненныегруппыпотребителей
Территориальн…
абс.
%
Прогноз на месяц 
Ноябрь
КПО/Отпуск из сети 
Котловой полезный отпуск, млн. кВт.ч
Организация 
Все
Прогноз электропотребления и выручки за услуги по передаче в разрезе отраслей'

03-03-2025T13:14:30 - [TEST_STEP][PASSED] - b10 = b10.replaceAll("[^0-9]", ""): null

03-03-2025T13:14:30 - [TEST_STEP][PASSED] - println("b10:" + b10): null

03-03-2025T13:14:30 - [TEST_STEP][PASSED] - click(findTestObject("Прогноз по отраслям/Фильтр Сравнение с Стресс")): Object: 'Object Repository/Прогноз по отраслям/Фильтр Сравнение с Стресс' is clicked on

03-03-2025T13:14:30 - [MESSAGE][PASSED] - Object: 'Object Repository/Прогноз по отраслям/Фильтр Сравнение с Стресс' is clicked on

03-03-2025T13:14:30 - [TEST_STEP][PASSED] - click(findTestObject("Прогноз по отраслям/План Стресс")): Object: 'Object Repository/Прогноз по отраслям/План Стресс' is clicked on

03-03-2025T13:14:31 - [MESSAGE][PASSED] - Object: 'Object Repository/Прогноз по отраслям/План Стресс' is clicked on

03-03-2025T13:14:31 - [TEST_STEP][PASSED] - delay(40): Delayed 40 second(s)

03-03-2025T13:15:11 - [MESSAGE][PASSED] - Delayed 40 second(s)

03-03-2025T13:15:11 - [TEST_STEP][PASSED] - b11 = getText(findTestObject("Прогноз по отраслям/Виджеты дашборда")): Text of object 'Object Repository/Прогноз по отраслям/Виджеты дашборда' is: 'Год 
2023 год
Сравнение с 
План
Отклонения по ПАО Россети на 2023 год
0.0 0.0
1 471.7 1 471.7
1 186.5 1 186.5
32 445.2 32 445.2
1 268.3 1 268.3
349.4 349.4
84.3 84.3
239.8 239.8
2 969.4 2 969.4
589.2 589.2
-1 798.4 -1 798.4
5 359.3 5 359.3
⬤ Отклонение, млн. кВт.ч
Интер РАО (для ФСК)
Промышленные потребители
Транспорт
Нефтедобыча
Нефтепереработка
Нефтепроводы
Газопроводы
Сельское хозяйство и пищевая про…
Непромышленные потребители
Государственные (муниципальные…
Население и приравненные группы…
Территориальные сетевые организ…
Выручка отклонения по ПАО Россети на 2023 год
794.9 794.9
12 195.0 12 195.0
972.7 972.7
61 803.9 61 803.9
4 222.3 4 222.3
-121.8 -121.8
666.2 666.2
873.2 873.2
5 809.6 5 809.6
1 342.6 1 342.6
-4 463.2 -4 463.2
18 375.5 18 375.5
⬤ Отклонение, млн. руб
Интер РАО (для ФСК)
Промышленные потребители
Транспорт
Нефтедобыча
Нефтепереработка
Нефтепроводы
Газопроводы
Сельское хозяйство и пищевая про…
Непромышленные потребители
Государственные (муниципальные…
Население и приравненные группы…
Территориальные сетевые организ…
Динамика электропотребления, млрд. кВт.ч., по ПАО Россети на 2023 год
0 0
119 119
37 37
7 7
7 7
8 8
1 1
19 19
75 75
25 25
123 123
55 55
0 0
120 120
39 39
39 39
8 8
8 8
1 1
20 20
78 78
26 26
121 121
60 60
План
Ожидаемое (прогноз до конца года)
Интер РАО(для ФСК)
Промышленныепотребители
Транспорт
Нефтедобыча
Нефтеперераб…
Нефтепроводы
Газопроводы
Сельское хозя…
Непромышлен…
Государственн…
Население иприравненныегруппыпотребителей
Территориальн…
Выручка, млрд. руб, по ПАО Россети на 2023 год
5 5
319 319
81 81
16 16
16 16
20 20
2 2
56 56
215 215
67 67
218 218
239 239
6 6
331 331
82 82
77 77
20 20
20 20
3 3
57 57
220 220
68 68
214 214
258 258
План
Ожидаемое (прогноз до конца года)
Интер РАО(для ФСК)
Промышленныепотребители
Транспорт
Нефтедобыча
Нефтеперераб…
Нефтепроводы
Газопроводы
Сельское хозя…
Непромышлен…
Государственн…
Население иприравненныегруппыпотребителей
Территориальн…
абс.
%
Прогноз на месяц 
Ноябрь
КПО/Отпуск из сети 
Котловой полезный отпуск, млн. кВт.ч
Организация 
Все
Прогноз электропотребления и выручки за услуги по передаче в разрезе отраслей'

03-03-2025T13:15:12 - [MESSAGE][PASSED] - Text of object 'Object Repository/Прогноз по отраслям/Виджеты дашборда' is: 'Год 
2023 год
Сравнение с 
План
Отклонения по ПАО Россети на 2023 год
0.0 0.0
1 471.7 1 471.7
1 186.5 1 186.5
32 445.2 32 445.2
1 268.3 1 268.3
349.4 349.4
84.3 84.3
239.8 239.8
2 969.4 2 969.4
589.2 589.2
-1 798.4 -1 798.4
5 359.3 5 359.3
⬤ Отклонение, млн. кВт.ч
Интер РАО (для ФСК)
Промышленные потребители
Транспорт
Нефтедобыча
Нефтепереработка
Нефтепроводы
Газопроводы
Сельское хозяйство и пищевая про…
Непромышленные потребители
Государственные (муниципальные…
Население и приравненные группы…
Территориальные сетевые организ…
Выручка отклонения по ПАО Россети на 2023 год
794.9 794.9
12 195.0 12 195.0
972.7 972.7
61 803.9 61 803.9
4 222.3 4 222.3
-121.8 -121.8
666.2 666.2
873.2 873.2
5 809.6 5 809.6
1 342.6 1 342.6
-4 463.2 -4 463.2
18 375.5 18 375.5
⬤ Отклонение, млн. руб
Интер РАО (для ФСК)
Промышленные потребители
Транспорт
Нефтедобыча
Нефтепереработка
Нефтепроводы
Газопроводы
Сельское хозяйство и пищевая про…
Непромышленные потребители
Государственные (муниципальные…
Население и приравненные группы…
Территориальные сетевые организ…
Динамика электропотребления, млрд. кВт.ч., по ПАО Россети на 2023 год
0 0
119 119
37 37
7 7
7 7
8 8
1 1
19 19
75 75
25 25
123 123
55 55
0 0
120 120
39 39
39 39
8 8
8 8
1 1
20 20
78 78
26 26
121 121
60 60
План
Ожидаемое (прогноз до конца года)
Интер РАО(для ФСК)
Промышленныепотребители
Транспорт
Нефтедобыча
Нефтеперераб…
Нефтепроводы
Газопроводы
Сельское хозя…
Непромышлен…
Государственн…
Население иприравненныегруппыпотребителей
Территориальн…
Выручка, млрд. руб, по ПАО Россети на 2023 год
5 5
319 319
81 81
16 16
16 16
20 20
2 2
56 56
215 215
67 67
218 218
239 239
6 6
331 331
82 82
77 77
20 20
20 20
3 3
57 57
220 220
68 68
214 214
258 258
План
Ожидаемое (прогноз до конца года)
Интер РАО(для ФСК)
Промышленныепотребители
Транспорт
Нефтедобыча
Нефтеперераб…
Нефтепроводы
Газопроводы
Сельское хозя…
Непромышлен…
Государственн…
Население иприравненныегруппыпотребителей
Территориальн…
абс.
%
Прогноз на месяц 
Ноябрь
КПО/Отпуск из сети 
Котловой полезный отпуск, млн. кВт.ч
Организация 
Все
Прогноз электропотребления и выручки за услуги по передаче в разрезе отраслей'

03-03-2025T13:15:12 - [TEST_STEP][PASSED] - println("b11:" + b11): null

03-03-2025T13:15:12 - [TEST_STEP][PASSED] - b11 = b11.replaceAll("[^0-9]", ""): null

03-03-2025T13:15:12 - [TEST_STEP][PASSED] - println("b11:" + b11): null

03-03-2025T13:15:12 - [TEST_STEP][PASSED] - click(findTestObject("Прогноз по отраслям/Фильтр Сравнение с Стресс")): Object: 'Object Repository/Прогноз по отраслям/Фильтр Сравнение с Стресс' is clicked on

03-03-2025T13:15:12 - [MESSAGE][PASSED] - Object: 'Object Repository/Прогноз по отраслям/Фильтр Сравнение с Стресс' is clicked on

03-03-2025T13:15:12 - [TEST_STEP][PASSED] - click(findTestObject("Прогноз по отраслям/План СУ Стресс")): Object: 'Object Repository/Прогноз по отраслям/План СУ Стресс' is clicked on

03-03-2025T13:15:14 - [MESSAGE][PASSED] - Object: 'Object Repository/Прогноз по отраслям/План СУ Стресс' is clicked on

03-03-2025T13:15:14 - [TEST_STEP][PASSED] - delay(40): Delayed 40 second(s)

03-03-2025T13:15:54 - [MESSAGE][PASSED] - Delayed 40 second(s)

03-03-2025T13:15:54 - [TEST_STEP][PASSED] - b12 = getText(findTestObject("Прогноз по отраслям/Виджеты дашборда")): Text of object 'Object Repository/Прогноз по отраслям/Виджеты дашборда' is: 'Год 
2023 год
Сравнение с 
План/СУ
Отклонения по ПАО Россети на 2023 год
0.0 0.0
120 322.6 120 322.6
38 655.4 38 655.4
39 037.8 39 037.8
8 291.7 8 291.7
8 259.5 8 259.5
793.1 793.1
19 706.6 19 706.6
78 310.2 78 310.2
25 579.5 25 579.5
121 219.7 121 219.7
60 414.9 60 414.9
⬤ Отклонение, млн. кВт.ч
Интер РАО (для ФСК)
Промышленные потребители
Транспорт
Нефтедобыча
Нефтепереработка
Нефтепроводы
Газопроводы
Сельское хозяйство и пищевая про…
Непромышленные потребители
Государственные (муниципальные…
Население и приравненные группы…
Территориальные сетевые организ…
Выручка отклонения по ПАО Россети на 2023 год
⬤ Отклонение, млн. руб
Интер РАО (для ФСК)
Промышленные потребители
Транспорт
Нефтедобыча
Нефтепереработка
Нефтепроводы
Газопроводы
Сельское хозяйство и пищевая про…
Непромышленные потребители
Государственные (муниципальные…
Население и приравненные группы…
Территориальные сетевые организ…
Динамика электропотребления, млрд. кВт.ч., по ПАО Россети на 2023 год
0 0
0 0
0 0
0 0
0 0
0 0
0 0
0 0
0 0
0 0
0 0
0 0
0 0
120 120
39 39
39 39
8 8
8 8
1 1
20 20
78 78
26 26
121 121
60 60
СУ
Ожидаемое (прогноз до конца года)
Интер РАО(для ФСК)
Промышленныепотребители
Транспорт
Нефтедобыча
Нефтеперераб…
Нефтепроводы
Газопроводы
Сельское хозя…
Непромышлен…
Государственн…
Население иприравненныегруппыпотребителей
Территориальн…
Выручка, млрд. руб, по ПАО Россети на 2023 год
6 6
331 331
82 82
77 77
20 20
20 20
3 3
57 57
220 220
68 68
214 214
258 258
Ожидаемое (прогноз до конца года)
Интер РАО(для ФСК)
Промышленныепотребители
Транспорт
Нефтедобыча
Нефтеперераб…
Нефтепроводы
Газопроводы
Сельское хозя…
Непромышлен…
Государственн…
Население иприравненныегруппыпотребителей
Территориальн…
абс.
%
Прогноз на месяц 
Ноябрь
КПО/Отпуск из сети 
Котловой полезный отпуск, млн. кВт.ч
Организация 
Все
Прогноз электропотребления и выручки за услуги по передаче в разрезе отраслей'

03-03-2025T13:15:54 - [MESSAGE][PASSED] - Text of object 'Object Repository/Прогноз по отраслям/Виджеты дашборда' is: 'Год 
2023 год
Сравнение с 
План/СУ
Отклонения по ПАО Россети на 2023 год
0.0 0.0
120 322.6 120 322.6
38 655.4 38 655.4
39 037.8 39 037.8
8 291.7 8 291.7
8 259.5 8 259.5
793.1 793.1
19 706.6 19 706.6
78 310.2 78 310.2
25 579.5 25 579.5
121 219.7 121 219.7
60 414.9 60 414.9
⬤ Отклонение, млн. кВт.ч
Интер РАО (для ФСК)
Промышленные потребители
Транспорт
Нефтедобыча
Нефтепереработка
Нефтепроводы
Газопроводы
Сельское хозяйство и пищевая про…
Непромышленные потребители
Государственные (муниципальные…
Население и приравненные группы…
Территориальные сетевые организ…
Выручка отклонения по ПАО Россети на 2023 год
⬤ Отклонение, млн. руб
Интер РАО (для ФСК)
Промышленные потребители
Транспорт
Нефтедобыча
Нефтепереработка
Нефтепроводы
Газопроводы
Сельское хозяйство и пищевая про…
Непромышленные потребители
Государственные (муниципальные…
Население и приравненные группы…
Территориальные сетевые организ…
Динамика электропотребления, млрд. кВт.ч., по ПАО Россети на 2023 год
0 0
0 0
0 0
0 0
0 0
0 0
0 0
0 0
0 0
0 0
0 0
0 0
0 0
120 120
39 39
39 39
8 8
8 8
1 1
20 20
78 78
26 26
121 121
60 60
СУ
Ожидаемое (прогноз до конца года)
Интер РАО(для ФСК)
Промышленныепотребители
Транспорт
Нефтедобыча
Нефтеперераб…
Нефтепроводы
Газопроводы
Сельское хозя…
Непромышлен…
Государственн…
Население иприравненныегруппыпотребителей
Территориальн…
Выручка, млрд. руб, по ПАО Россети на 2023 год
6 6
331 331
82 82
77 77
20 20
20 20
3 3
57 57
220 220
68 68
214 214
258 258
Ожидаемое (прогноз до конца года)
Интер РАО(для ФСК)
Промышленныепотребители
Транспорт
Нефтедобыча
Нефтеперераб…
Нефтепроводы
Газопроводы
Сельское хозя…
Непромышлен…
Государственн…
Население иприравненныегруппыпотребителей
Территориальн…
абс.
%
Прогноз на месяц 
Ноябрь
КПО/Отпуск из сети 
Котловой полезный отпуск, млн. кВт.ч
Организация 
Все
Прогноз электропотребления и выручки за услуги по передаче в разрезе отраслей'

03-03-2025T13:15:54 - [TEST_STEP][PASSED] - b12 = b12.replaceAll("[^0-9]", ""): null

03-03-2025T13:15:54 - [TEST_STEP][PASSED] - println("b12:" + b12): null

03-03-2025T13:15:54 - [TEST_STEP][PASSED] - if (verifyEqual(a1, b1) == true): Actual object '20232023121218618636365050101019190017178585191982826046041010197197373748481010151544181880801919828260860820235528528572727272181822220050502012016161190190227227663313318282777720202020335757220220686821421425825820231851855959363639390909207207331323313238385656131309090707202377771601601321326767133133777713315133151421429999120120124124137137' and expected object '20232023121218618636365050101019190017178585191982826046041010197197373748481010151544181880801919828260860820235528528572727272181822220050502012016161190190227227663313318282777720202020335757220220686821421425825820231851855959363639390909207207331323313238385656131309090707202377771601601321326767133133777713315133151421429999120120124124137137' are equal

03-03-2025T13:15:54 - [MESSAGE][PASSED] - Actual object '20232023121218618636365050101019190017178585191982826046041010197197373748481010151544181880801919828260860820235528528572727272181822220050502012016161190190227227663313318282777720202020335757220220686821421425825820231851855959363639390909207207331323313238385656131309090707202377771601601321326767133133777713315133151421429999120120124124137137' and expected object '20232023121218618636365050101019190017178585191982826046041010197197373748481010151544181880801919828260860820235528528572727272181822220050502012016161190190227227663313318282777720202020335757220220686821421425825820231851855959363639390909207207331323313238385656131309090707202377771601601321326767133133777713315133151421429999120120124124137137' are equal

03-03-2025T13:15:54 - [TEST_STEP][PASSED] - if (verifyEqual(a2, b2) == true): Actual object '202320231010190190363614149914144417178080191982825885881010197197373748481010151544181880801919828260860820235531931981811616161620202256562152156767218218239239663313318282777720202020335757220220686821421425825820234747383819192303230310910942422172173939060616161010333320231561563838121239823982269269060626926915152727202020207979' and expected object '202320231010190190363614149914144417178080191982825885881010197197373748481010151544181880801919828260860820235531931981811616161620202256562152156767218218239239663313318282777720202020335757220220686821421425825820234747383819192303230310910942422172173939060616161010333320231561563838121239823982269269060626926915152727202020207979' are equal

03-03-2025T13:15:54 - [MESSAGE][PASSED] - Actual object '202320231010190190363614149914144417178080191982825885881010197197373748481010151544181880801919828260860820235531931981811616161620202256562152156767218218239239663313318282777720202020335757220220686821421425825820234747383819192303230310910942422172173939060616161010333320231561563838121239823982269269060626926915152727202020207979' and expected object '202320231010190190363614149914144417178080191982825885881010197197373748481010151544181880801919828260860820235531931981811616161620202256562152156767218218239239663313318282777720202020335757220220686821421425825820234747383819192303230310910942422172173939060616161010333320231561563838121239823982269269060626926915152727202020207979' are equal

03-03-2025T13:15:54 - [TEST_STEP][PASSED] - if (verifyEqual(a3, b3) == true): Actual object '2023202310101811813636151599141444161686861919797958658610101971973737484810101515441818808019198282608608202366331331828277772020202033575722022068682142142582582023252589893535221422141281286969135135818169692323313138382023' and expected object '2023202310101811813636151599141444161686861919797958658610101971973737484810101515441818808019198282608608202366331331828277772020202033575722022068682142142582582023252589893535221422141281286969135135818169692323313138382023' are equal

03-03-2025T13:15:54 - [MESSAGE][PASSED] - Actual object '2023202310101811813636151599141444161686861919797958658610101971973737484810101515441818808019198282608608202366331331828277772020202033575722022068682142142582582023252589893535221422141281286969135135818169692323313138382023' and expected object '2023202310101811813636151599141444161686861919797958658610101971973737484810101515441818808019198282608608202366331331828277772020202033575722022068682142142582582023252589893535221422141281286969135135818169692323313138382023' are equal

03-03-2025T13:15:54 - [TEST_STEP][PASSED] - if (verifyEqual(a4, b4) == true): Actual object '20232023001201203838414188101000191977772525122122616100120120393939398888112020787826261211216060202355285285727272721818222200505020120161611901902272276633133182827777202020203357572202206868214214258258202305050909595931311791795784578423231818212109090202202377771601601321326767133133777713315133151421429999120120124124137137' and expected object '20232023001201203838414188101000191977772525122122616100120120393939398888112020787826261211216060202355285285727272721818222200505020120161611901902272276633133182827777202020203357572202206868214214258258202305050909595931311791795784578423231818212109090202202377771601601321326767133133777713315133151421429999120120124124137137' are equal

03-03-2025T13:15:54 - [MESSAGE][PASSED] - Actual object '20232023001201203838414188101000191977772525122122616100120120393939398888112020787826261211216060202355285285727272721818222200505020120161611901902272276633133182827777202020203357572202206868214214258258202305050909595931311791795784578423231818212109090202202377771601601321326767133133777713315133151421429999120120124124137137' and expected object '20232023001201203838414188101000191977772525122122616100120120393939398888112020787826261211216060202355285285727272721818222200505020120161611901902272276633133182827777202020203357572202206868214214258258202305050909595931311791795784578423231818212109090202202377771601601321326767133133777713315133151421429999120120124124137137' are equal

03-03-2025T13:15:54 - [TEST_STEP][PASSED] - if (verifyEqual(a5, b5) == true): Actual object '20232023001191193737777788111919757525251231235555001201203939393988881120207878262612112160602023553193198181161616162020225656215215676721821823923966331331828277772020202033575722022068682142142582582023121232324921492118118144441191191212414124241414979720231561563838121239823982269269060626926915152727202020207979' and expected object '20232023001191193737777788111919757525251231235555001201203939393988881120207878262612112160602023553193198181161616162020225656215215676721821823923966331331828277772020202033575722022068682142142582582023121232324921492118118144441191191212414124241414979720231561563838121239823982269269060626926915152727202020207979' are equal

03-03-2025T13:15:54 - [MESSAGE][PASSED] - Actual object '20232023001191193737777788111919757525251231235555001201203939393988881120207878262612112160602023553193198181161616162020225656215215676721821823923966331331828277772020202033575722022068682142142582582023121232324921492118118144441191191212414124241414979720231561563838121239823982269269060626926915152727202020207979' and expected object '20232023001191193737777788111919757525251231235555001201203939393988881120207878262612112160602023553193198181161616162020225656215215676721821823923966331331828277772020202033575722022068682142142582582023121232324921492118118144441191191212414124241414979720231561563838121239823982269269060626926915152727202020207979' are equal

03-03-2025T13:15:54 - [TEST_STEP][PASSED] - if (verifyEqual(a6, b6) == true): Actual object '20232023000000000000000000000000001201203939393988881120207878262612112160602023663313318282777720202020335757220220686821421425825820232023' and expected object '20232023000000000000000000000000001201203939393988881120207878262612112160602023663313318282777720202020335757220220686821421425825820232023' are equal

03-03-2025T13:15:54 - [MESSAGE][PASSED] - Actual object '20232023000000000000000000000000001201203939393988881120207878262612112160602023663313318282777720202020335757220220686821421425825820232023' and expected object '20232023000000000000000000000000001201203939393988881120207878262612112160602023663313318282777720202020335757220220686821421425825820232023' are equal

03-03-2025T13:15:54 - [TEST_STEP][PASSED] - if (verifyEqual(a7, b7) == true): Actual object '202320232263522635110546110546128021280219475194759099093845038450416214162165176517472774727725652565723972394292342923202342134213455749455749954759547548893488932337423374168261682629194291947110271102198408198408728957289523664823664831028331028320231212186186363650501010191900171785851919828260460410101971973737484810101515441818808019198282608608202355285285727272721818222200505020120161611901902272276633133182827777202020203357572202206868214214258258' and expected object '202320232263522635110546110546128021280219475194759099093845038450416214162165176517472774727725652565723972394292342923202342134213455749455749954759547548893488932337423374168261682629194291947110271102198408198408728957289523664823664831028331028320231212186186363650501010191900171785851919828260460410101971973737484810101515441818808019198282608608202355285285727272721818222200505020120161611901902272276633133182827777202020203357572202206868214214258258' are equal

03-03-2025T13:15:54 - [MESSAGE][PASSED] - Actual object '202320232263522635110546110546128021280219475194759099093845038450416214162165176517472774727725652565723972394292342923202342134213455749455749954759547548893488932337423374168261682629194291947110271102198408198408728957289523664823664831028331028320231212186186363650501010191900171785851919828260460410101971973737484810101515441818808019198282608608202355285285727272721818222200505020120161611901902272276633133182827777202020203357572202206868214214258258' and expected object '202320232263522635110546110546128021280219475194759099093845038450416214162165176517472774727725652565723972394292342923202342134213455749455749954759547548893488932337423374168261682629194291947110271102198408198408728957289523664823664831028331028320231212186186363650501010191900171785851919828260460410101971973737484810101515441818808019198282608608202355285285727272721818222200505020120161611901902272276633133182827777202020203357572202206868214214258258' are equal

03-03-2025T13:15:54 - [TEST_STEP][PASSED] - if (verifyEqual(a8, b8) == true): Actual object '202320234922492271651716516893689333271733271798649864593859387640764067046704592459243088308894099409196041196041202379497949121950121950972797276180396180394222342223121812186662666287328732580965809613426134264463244632183755183755202310101901903636141499141444171780801919828258858810101971973737484810101515441818808019198282608608202355319319818116161616202022565621521567672182182392396633133182827777202020203357572202206868214214258258' and expected object '202320234922492271651716516893689333271733271798649864593859387640764067046704592459243088308894099409196041196041202379497949121950121950972797276180396180394222342223121812186662666287328732580965809613426134264463244632183755183755202310101901903636141499141444171780801919828258858810101971973737484810101515441818808019198282608608202355319319818116161616202022565621521567672182182392396633133182827777202020203357572202206868214214258258' are equal

03-03-2025T13:15:54 - [MESSAGE][PASSED] - Actual object '202320234922492271651716516893689333271733271798649864593859387640764067046704592459243088308894099409196041196041202379497949121950121950972797276180396180394222342223121812186662666287328732580965809613426134264463244632183755183755202310101901903636141499141444171780801919828258858810101971973737484810101515441818808019198282608608202355319319818116161616202022565621521567672182182392396633133182827777202020203357572202206868214214258258' and expected object '202320234922492271651716516893689333271733271798649864593859387640764067046704592459243088308894099409196041196041202379497949121950121950972797276180396180394222342223121812186662666287328732580965809613426134264463244632183755183755202310101901903636141499141444171780801919828258858810101971973737484810101515441818808019198282608608202355319319818116161616202022565621521567672182182392396633133182827777202020203357572202206868214214258258' are equal

03-03-2025T13:15:54 - [TEST_STEP][PASSED] - if (verifyEqual(a9, b9) == true): Actual object '202320232435243516024416024412551125513286993286991135711357950095005111511113242132425962859628433543352431524315223214223214202320231010181181363615159914144416168686191979795865861010197197373748481010151544181880801919828260860820236633133182827777202020203357572202206868214214258258' and expected object '202320232435243516024416024412551125513286993286991135711357950095005111511113242132425962859628433543352431524315223214223214202320231010181181363615159914144416168686191979795865861010197197373748481010151544181880801919828260860820236633133182827777202020203357572202206868214214258258' are equal

03-03-2025T13:15:54 - [MESSAGE][PASSED] - Actual object '202320232435243516024416024412551125513286993286991135711357950095005111511113242132425962859628433543352431524315223214223214202320231010181181363615159914144416168686191979795865861010197197373748481010151544181880801919828260860820236633133182827777202020203357572202206868214214258258' and expected object '202320232435243516024416024412551125513286993286991135711357950095005111511113242132425962859628433543352431524315223214223214202320231010181181363615159914144416168686191979795865861010197197373748481010151544181880801919828260860820236633133182827777202020203357572202206868214214258258' are equal

03-03-2025T13:15:54 - [TEST_STEP][PASSED] - if (verifyEqual(a10, b10) == true): Actual object '20232023000064656465341134112455624556245624561796017960676267624524452413862138625275527511304113041287128720234213421345574945574995475954754889348893233742337416826168262919429194711027110219840819840872895728952366482366483102833102832023001201203838414188101000191977772525122122616100120120393939398888112020787826261211216060202355285285727272721818222200505020120161611901902272276633133182827777202020203357572202206868214214258258' and expected object '20232023000064656465341134112455624556245624561796017960676267624524452413862138625275527511304113041287128720234213421345574945574995475954754889348893233742337416826168262919429194711027110219840819840872895728952366482366483102833102832023001201203838414188101000191977772525122122616100120120393939398888112020787826261211216060202355285285727272721818222200505020120161611901902272276633133182827777202020203357572202206868214214258258' are equal

03-03-2025T13:15:54 - [MESSAGE][PASSED] - Actual object '20232023000064656465341134112455624556245624561796017960676267624524452413862138625275527511304113041287128720234213421345574945574995475954754889348893233742337416826168262919429194711027110219840819840872895728952366482366483102833102832023001201203838414188101000191977772525122122616100120120393939398888112020787826261211216060202355285285727272721818222200505020120161611901902272276633133182827777202020203357572202206868214214258258' and expected object '20232023000064656465341134112455624556245624561796017960676267624524452413862138625275527511304113041287128720234213421345574945574995475954754889348893233742337416826168262919429194711027110219840819840872895728952366482366483102833102832023001201203838414188101000191977772525122122616100120120393939398888112020787826261211216060202355285285727272721818222200505020120161611901902272276633133182827777202020203357572202206868214214258258' are equal

03-03-2025T13:15:54 - [TEST_STEP][PASSED] - if (verifyEqual(a11, b11) == true): Actual object '202320230000147171471711865118653244523244521268312683349434948438432398239829694296945892589217984179845359353593202379497949121950121950972797276180396180394222342223121812186662666287328732580965809613426134264463244632183755183755202300119119373777778811191975752525123123555500120120393939398888112020787826261211216060202355319319818116161616202022565621521567672182182392396633133182827777202020203357572202206868214214258258' and expected object '202320230000147171471711865118653244523244521268312683349434948438432398239829694296945892589217984179845359353593202379497949121950121950972797276180396180394222342223121812186662666287328732580965809613426134264463244632183755183755202300119119373777778811191975752525123123555500120120393939398888112020787826261211216060202355319319818116161616202022565621521567672182182392396633133182827777202020203357572202206868214214258258' are equal

03-03-2025T13:15:54 - [MESSAGE][PASSED] - Actual object '202320230000147171471711865118653244523244521268312683349434948438432398239829694296945892589217984179845359353593202379497949121950121950972797276180396180394222342223121812186662666287328732580965809613426134264463244632183755183755202300119119373777778811191975752525123123555500120120393939398888112020787826261211216060202355319319818116161616202022565621521567672182182392396633133182827777202020203357572202206868214214258258' and expected object '202320230000147171471711865118653244523244521268312683349434948438432398239829694296945892589217984179845359353593202379497949121950121950972797276180396180394222342223121812186662666287328732580965809613426134264463244632183755183755202300119119373777778811191975752525123123555500120120393939398888112020787826261211216060202355319319818116161616202022565621521567672182182392396633133182827777202020203357572202206868214214258258' are equal

03-03-2025T13:15:54 - [TEST_STEP][PASSED] - if (verifyEqual(a12, b12) == true): Actual object '20232023000012032261203226386554386554390378390378829178291782595825957931793119706619706678310278310225579525579512121971212197604149604149202320230000000000000000000000000012012039393939888811202078782626121121606020236633133182827777202020203357572202206868214214258258' and expected object '20232023000012032261203226386554386554390378390378829178291782595825957931793119706619706678310278310225579525579512121971212197604149604149202320230000000000000000000000000012012039393939888811202078782626121121606020236633133182827777202020203357572202206868214214258258' are equal

03-03-2025T13:15:54 - [MESSAGE][PASSED] - Actual object '20232023000012032261203226386554386554390378390378829178291782595825957931793119706619706678310278310225579525579512121971212197604149604149202320230000000000000000000000000012012039393939888811202078782626121121606020236633133182827777202020203357572202206868214214258258' and expected object '20232023000012032261203226386554386554390378390378829178291782595825957931793119706619706678310278310225579525579512121971212197604149604149202320230000000000000000000000000012012039393939888811202078782626121121606020236633133182827777202020203357572202206868214214258258' are equal

03-03-2025T13:15:54 - [TEST_STEP][PASSED] - closeBrowser(): Browser is closed

03-03-2025T13:15:55 - [MESSAGE][PASSED] - Browser is closed]]></system-out>
         <system-err><![CDATA[]]></system-err>
      </testcase>
      <testcase name="Test Cases/Сверки дашбордов/Факторный анализ сверка дашбордов" time="261.622" classname="Test Cases/Сверки дашбордов/Факторный анализ сверка дашбордов" status="FAILED">
         <failure type="FAILED" message="Test Cases/Сверки дашбордов/Факторный анализ сверка дашбордов FAILED.&#xa;Reason:&#xa;com.kms.katalon.core.exception.StepFailedException: Unable to verify equal between actual object '701' and expected object '0' (Root cause: com.kms.katalon.core.exception.StepFailedException: Actual object '701' and expected object '0' are not equal&#xa;	at com.kms.katalon.core.keyword.builtin.VerifyEqualKeyword$_verifyEqual_closure1.doCall(VerifyEqualKeyword.groovy:58)&#xa;	at com.kms.katalon.core.keyword.builtin.VerifyEqualKeyword$_verifyEqual_closure1.call(VerifyEqualKeyword.groovy)&#xa;	at com.kms.katalon.core.keyword.internal.KeywordMain.runKeyword(KeywordMain.groovy:75)&#xa;	at com.kms.katalon.core.keyword.builtin.VerifyEqualKeyword.verifyEqual(VerifyEqualKeyword.groovy:63)&#xa;	at com.kms.katalon.core.keyword.builtin.VerifyEqualKeyword.execute(VerifyEqualKeyword.groovy:44)&#xa;	at com.kms.katalon.core.keyword.internal.KeywordExecutor.executeKeywordForPlatform(KeywordExecutor.groovy:74)&#xa;	at com.kms.katalon.core.keyword.BuiltinKeywords.verifyEqual(BuiltinKeywords.groovy:146)&#xa;	at jdk.internal.reflect.GeneratedMethodAccessor24.invoke(Unknown Source)&#xa;	at java.base/jdk.internal.reflect.DelegatingMethodAccessorImpl.invoke(DelegatingMethodAccessorImpl.java:43)&#xa;	at Факторный анализ сверка дашбордов.Compare(Факторный анализ сверка дашбордов:654)&#xa;	at Факторный анализ сверка дашбордов.Test(Факторный анализ сверка дашбордов:422)&#xa;	at Факторный анализ сверка дашбордов.run(Факторный анализ сверка дашбордов:44)&#xa;	at com.kms.katalon.core.main.ScriptEngine.run(ScriptEngine.java:194)&#xa;	at com.kms.katalon.core.main.ScriptEngine.runScriptAsRawText(ScriptEngine.java:119)&#xa;	at com.kms.katalon.core.main.TestCaseExecutor.runScript(TestCaseExecutor.java:448)&#xa;	at com.kms.katalon.core.main.TestCaseExecutor.doExecute(TestCaseExecutor.java:439)&#xa;	at com.kms.katalon.core.main.TestCaseExecutor.processExecutionPhase(TestCaseExecutor.java:418)&#xa;	at com.kms.katalon.core.main.TestCaseExecutor.accessMainPhase(TestCaseExecutor.java:410)&#xa;	at com.kms.katalon.core.main.TestCaseExecutor.execute(TestCaseExecutor.java:285)&#xa;	at com.kms.katalon.core.common.CommonExecutor.accessTestCaseMainPhase(CommonExecutor.java:65)&#xa;	at com.kms.katalon.core.main.TestSuiteExecutor.accessTestSuiteMainPhase(TestSuiteExecutor.java:150)&#xa;	at com.kms.katalon.core.main.TestSuiteExecutor.execute(TestSuiteExecutor.java:106)&#xa;	at com.kms.katalon.core.main.TestCaseMain.startTestSuite(TestCaseMain.java:180)&#xa;	at TempTestSuite1740991900055.run(TempTestSuite1740991900055.groovy:35)&#xa;	at java.base/jdk.internal.reflect.NativeMethodAccessorImpl.invoke0(Native Method)&#xa;	at java.base/jdk.internal.reflect.NativeMethodAccessorImpl.invoke(NativeMethodAccessorImpl.java:77)&#xa;	at java.base/jdk.internal.reflect.DelegatingMethodAccessorImpl.invoke(DelegatingMethodAccessorImpl.java:43)&#xa;)&#xa;	at com.kms.katalon.core.keyword.internal.KeywordMain.stepFailed(KeywordMain.groovy:39)&#xa;	at com.kms.katalon.core.keyword.internal.KeywordMain.stepFailed(KeywordMain.groovy)&#xa;	at com.kms.katalon.core.keyword.internal.KeywordMain.runKeyword(KeywordMain.groovy:77)&#xa;	at com.kms.katalon.core.keyword.builtin.VerifyEqualKeyword.verifyEqual(VerifyEqualKeyword.groovy:63)&#xa;	at com.kms.katalon.core.keyword.builtin.VerifyEqualKeyword.execute(VerifyEqualKeyword.groovy:44)&#xa;	at com.kms.katalon.core.keyword.internal.KeywordExecutor.executeKeywordForPlatform(KeywordExecutor.groovy:74)&#xa;	at com.kms.katalon.core.keyword.BuiltinKeywords.verifyEqual(BuiltinKeywords.groovy:146)&#xa;	at jdk.internal.reflect.GeneratedMethodAccessor24.invoke(Unknown Source)&#xa;	at java.base/jdk.internal.reflect.DelegatingMethodAccessorImpl.invoke(DelegatingMethodAccessorImpl.java:43)&#xa;	at Факторный анализ сверка дашбордов.Compare(Факторный анализ сверка дашбордов:654)&#xa;	at Факторный анализ сверка дашбордов.Test(Факторный анализ сверка дашбордов:422)&#xa;	at Факторный анализ сверка дашбордов.run(Факторный анализ сверка дашбордов:44)&#xa;	at com.kms.katalon.core.main.ScriptEngine.run(ScriptEngine.java:194)&#xa;	at com.kms.katalon.core.main.ScriptEngine.runScriptAsRawText(ScriptEngine.java:119)&#xa;	at com.kms.katalon.core.main.TestCaseExecutor.runScript(TestCaseExecutor.java:448)&#xa;	at com.kms.katalon.core.main.TestCaseExecutor.doExecute(TestCaseExecutor.java:439)&#xa;	at com.kms.katalon.core.main.TestCaseExecutor.processExecutionPhase(TestCaseExecutor.java:418)&#xa;	at com.kms.katalon.core.main.TestCaseExecutor.accessMainPhase(TestCaseExecutor.java:410)&#xa;	at com.kms.katalon.core.main.TestCaseExecutor.execute(TestCaseExecutor.java:285)&#xa;	at com.kms.katalon.core.common.CommonExecutor.accessTestCaseMainPhase(CommonExecutor.java:65)&#xa;	at com.kms.katalon.core.main.TestSuiteExecutor.accessTestSuiteMainPhase(TestSuiteExecutor.java:150)&#xa;	at com.kms.katalon.core.main.TestSuiteExecutor.execute(TestSuiteExecutor.java:106)&#xa;	at com.kms.katalon.core.main.TestCaseMain.startTestSuite(TestCaseMain.java:180)&#xa;	at TempTestSuite1740991900055.run(TempTestSuite1740991900055.groovy:35)&#xa;	at java.base/jdk.internal.reflect.NativeMethodAccessorImpl.invoke0(Native Method)&#xa;	at java.base/jdk.internal.reflect.NativeMethodAccessorImpl.invoke(NativeMethodAccessorImpl.java:77)&#xa;	at java.base/jdk.internal.reflect.DelegatingMethodAccessorImpl.invoke(DelegatingMethodAccessorImpl.java:43)&#xa;Caused by: com.kms.katalon.core.exception.StepFailedException: Actual object '701' and expected object '0' are not equal&#xa;	at com.kms.katalon.core.keyword.builtin.VerifyEqualKeyword$_verifyEqual_closure1.doCall(VerifyEqualKeyword.groovy:58)&#xa;	at com.kms.katalon.core.keyword.builtin.VerifyEqualKeyword$_verifyEqual_closure1.call(VerifyEqualKeyword.groovy)&#xa;	at com.kms.katalon.core.keyword.internal.KeywordMain.runKeyword(KeywordMain.groovy:75)&#xa;	... 24 more&#xa;"/>
         <system-out><![CDATA[03-03-2025T13:15:55 - [TEST_CASE][FAILED] - Test Cases/Сверки дашбордов/Факторный анализ сверка дашбордов: Test Cases/Сверки дашбордов/Факторный анализ сверка дашбордов FAILED.
Reason:
com.kms.katalon.core.exception.StepFailedException: Unable to verify equal between actual object '701' and expected object '0' (Root cause: com.kms.katalon.core.exception.StepFailedException: Actual object '701' and expected object '0' are not equal
	at com.kms.katalon.core.keyword.builtin.VerifyEqualKeyword$_verifyEqual_closure1.doCall(VerifyEqualKeyword.groovy:58)
	at com.kms.katalon.core.keyword.builtin.VerifyEqualKeyword$_verifyEqual_closure1.call(VerifyEqualKeyword.groovy)
	at com.kms.katalon.core.keyword.internal.KeywordMain.runKeyword(KeywordMain.groovy:75)
	at com.kms.katalon.core.keyword.builtin.VerifyEqualKeyword.verifyEqual(VerifyEqualKeyword.groovy:63)
	at com.kms.katalon.core.keyword.builtin.VerifyEqualKeyword.execute(VerifyEqualKeyword.groovy:44)
	at com.kms.katalon.core.keyword.internal.KeywordExecutor.executeKeywordForPlatform(KeywordExecutor.groovy:74)
	at com.kms.katalon.core.keyword.BuiltinKeywords.verifyEqual(BuiltinKeywords.groovy:146)
	at jdk.internal.reflect.GeneratedMethodAccessor24.invoke(Unknown Source)
	at java.base/jdk.internal.reflect.DelegatingMethodAccessorImpl.invoke(DelegatingMethodAccessorImpl.java:43)
	at Факторный анализ сверка дашбордов.Compare(Факторный анализ сверка дашбордов:654)
	at Факторный анализ сверка дашбордов.Test(Факторный анализ сверка дашбордов:422)
	at Факторный анализ сверка дашбордов.run(Факторный анализ сверка дашбордов:44)
	at com.kms.katalon.core.main.ScriptEngine.run(ScriptEngine.java:194)
	at com.kms.katalon.core.main.ScriptEngine.runScriptAsRawText(ScriptEngine.java:119)
	at com.kms.katalon.core.main.TestCaseExecutor.runScript(TestCaseExecutor.java:448)
	at com.kms.katalon.core.main.TestCaseExecutor.doExecute(TestCaseExecutor.java:439)
	at com.kms.katalon.core.main.TestCaseExecutor.processExecutionPhase(TestCaseExecutor.java:418)
	at com.kms.katalon.core.main.TestCaseExecutor.accessMainPhase(TestCaseExecutor.java:410)
	at com.kms.katalon.core.main.TestCaseExecutor.execute(TestCaseExecutor.java:285)
	at com.kms.katalon.core.common.CommonExecutor.accessTestCaseMainPhase(CommonExecutor.java:65)
	at com.kms.katalon.core.main.TestSuiteExecutor.accessTestSuiteMainPhase(TestSuiteExecutor.java:150)
	at com.kms.katalon.core.main.TestSuiteExecutor.execute(TestSuiteExecutor.java:106)
	at com.kms.katalon.core.main.TestCaseMain.startTestSuite(TestCaseMain.java:180)
	at TempTestSuite1740991900055.run(TempTestSuite1740991900055.groovy:35)
	at java.base/jdk.internal.reflect.NativeMethodAccessorImpl.invoke0(Native Method)
	at java.base/jdk.internal.reflect.NativeMethodAccessorImpl.invoke(NativeMethodAccessorImpl.java:77)
	at java.base/jdk.internal.reflect.DelegatingMethodAccessorImpl.invoke(DelegatingMethodAccessorImpl.java:43)
)
	at com.kms.katalon.core.keyword.internal.KeywordMain.stepFailed(KeywordMain.groovy:39)
	at com.kms.katalon.core.keyword.internal.KeywordMain.stepFailed(KeywordMain.groovy)
	at com.kms.katalon.core.keyword.internal.KeywordMain.runKeyword(KeywordMain.groovy:77)
	at com.kms.katalon.core.keyword.builtin.VerifyEqualKeyword.verifyEqual(VerifyEqualKeyword.groovy:63)
	at com.kms.katalon.core.keyword.builtin.VerifyEqualKeyword.execute(VerifyEqualKeyword.groovy:44)
	at com.kms.katalon.core.keyword.internal.KeywordExecutor.executeKeywordForPlatform(KeywordExecutor.groovy:74)
	at com.kms.katalon.core.keyword.BuiltinKeywords.verifyEqual(BuiltinKeywords.groovy:146)
	at jdk.internal.reflect.GeneratedMethodAccessor24.invoke(Unknown Source)
	at java.base/jdk.internal.reflect.DelegatingMethodAccessorImpl.invoke(DelegatingMethodAccessorImpl.java:43)
	at Факторный анализ сверка дашбордов.Compare(Факторный анализ сверка дашбордов:654)
	at Факторный анализ сверка дашбордов.Test(Факторный анализ сверка дашбордов:422)
	at Факторный анализ сверка дашбордов.run(Факторный анализ сверка дашбордов:44)
	at com.kms.katalon.core.main.ScriptEngine.run(ScriptEngine.java:194)
	at com.kms.katalon.core.main.ScriptEngine.runScriptAsRawText(ScriptEngine.java:119)
	at com.kms.katalon.core.main.TestCaseExecutor.runScript(TestCaseExecutor.java:448)
	at com.kms.katalon.core.main.TestCaseExecutor.doExecute(TestCaseExecutor.java:439)
	at com.kms.katalon.core.main.TestCaseExecutor.processExecutionPhase(TestCaseExecutor.java:418)
	at com.kms.katalon.core.main.TestCaseExecutor.accessMainPhase(TestCaseExecutor.java:410)
	at com.kms.katalon.core.main.TestCaseExecutor.execute(TestCaseExecutor.java:285)
	at com.kms.katalon.core.common.CommonExecutor.accessTestCaseMainPhase(CommonExecutor.java:65)
	at com.kms.katalon.core.main.TestSuiteExecutor.accessTestSuiteMainPhase(TestSuiteExecutor.java:150)
	at com.kms.katalon.core.main.TestSuiteExecutor.execute(TestSuiteExecutor.java:106)
	at com.kms.katalon.core.main.TestCaseMain.startTestSuite(TestCaseMain.java:180)
	at TempTestSuite1740991900055.run(TempTestSuite1740991900055.groovy:35)
	at java.base/jdk.internal.reflect.NativeMethodAccessorImpl.invoke0(Native Method)
	at java.base/jdk.internal.reflect.NativeMethodAccessorImpl.invoke(NativeMethodAccessorImpl.java:77)
	at java.base/jdk.internal.reflect.DelegatingMethodAccessorImpl.invoke(DelegatingMethodAccessorImpl.java:43)
Caused by: com.kms.katalon.core.exception.StepFailedException: Actual object '701' and expected object '0' are not equal
	at com.kms.katalon.core.keyword.builtin.VerifyEqualKeyword$_verifyEqual_closure1.doCall(VerifyEqualKeyword.groovy:58)
	at com.kms.katalon.core.keyword.builtin.VerifyEqualKeyword$_verifyEqual_closure1.call(VerifyEqualKeyword.groovy)
	at com.kms.katalon.core.keyword.internal.KeywordMain.runKeyword(KeywordMain.groovy:75)
	... 24 more


03-03-2025T13:15:55 - [TEST_STEP][PASSED] - date = new java.util.Date(): null

03-03-2025T13:15:55 - [TEST_STEP][PASSED] - todaysDate = date.format("dd.MM.yyyy"): null

03-03-2025T13:15:55 - [TEST_STEP][PASSED] - typeOfData = <not implemented yet for class: org.codehaus.groovy.ast.expr.EmptyExpression>: null

03-03-2025T13:15:55 - [TEST_STEP][PASSED] - otobrajeniyeDannyh = <not implemented yet for class: org.codehaus.groovy.ast.expr.EmptyExpression>: null

03-03-2025T13:15:55 - [TEST_STEP][PASSED] - println(todaysDate): null

03-03-2025T13:15:55 - [TEST_STEP][PASSED] - vidget = <not implemented yet for class: org.codehaus.groovy.ast.expr.EmptyExpression>: null

03-03-2025T13:15:55 - [TEST_STEP][PASSED] - x = <not implemented yet for class: org.codehaus.groovy.ast.expr.EmptyExpression>: null

03-03-2025T13:15:55 - [TEST_STEP][PASSED] - y = <not implemented yet for class: org.codehaus.groovy.ast.expr.EmptyExpression>: null

03-03-2025T13:15:55 - [TEST_STEP][PASSED] - DZO = <not implemented yet for class: org.codehaus.groovy.ast.expr.EmptyExpression>: null

03-03-2025T13:15:55 - [TEST_STEP][PASSED] - openBrowser(""): Browser is opened with url: ''

03-03-2025T13:15:55 - [MESSAGE][INFO] - Starting 'Chrome' driver

03-03-2025T13:15:55 - [MESSAGE][INFO] - Action delay is set to 0 milliseconds

03-03-2025T13:15:56 - [MESSAGE][PASSED] - Browser is opened with url: ''

03-03-2025T13:15:56 - [TEST_STEP][PASSED] - run = 1: null

03-03-2025T13:15:56 - [TEST_STEP][PASSED] - for ([run = 1, run < 3, (run++)]): null

03-03-2025T13:15:56 - [TEST_STEP][PASSED] - Script1719551244403.Test(run, todaysDate, typeOfData, otobrajeniyeDannyh, x, y, vidget, DZO): null

03-03-2025T13:15:56 - [TEST_STEP][PASSED] - navigateToUrl(findTestData("PlanFact").getValue(10, 3)): Navigate to 'https://bi.rosseti.digital/viewer?dashboardGuid=2301950b23be4ed89c1df75f2020051e&sheetGuid=ccd7d7486b3d4e6fa0ee9b1eaebed46c&fit=true' successfully

03-03-2025T13:16:04 - [MESSAGE][PASSED] - Navigate to 'https://bi.rosseti.digital/viewer?dashboardGuid=2301950b23be4ed89c1df75f2020051e&sheetGuid=ccd7d7486b3d4e6fa0ee9b1eaebed46c&fit=true' successfully

03-03-2025T13:16:04 - [TEST_STEP][PASSED] - Script1719551244403.Autorization(run): null

03-03-2025T13:16:04 - [TEST_STEP][PASSED] - delay(10): Delayed 10 second(s)

03-03-2025T13:16:14 - [MESSAGE][PASSED] - Delayed 10 second(s)

03-03-2025T13:16:14 - [TEST_STEP][PASSED] - if (run == 1): Delayed 10 second(s)

03-03-2025T13:16:14 - [TEST_STEP][PASSED] - setText(findTestObject("Страница авторизации/input__username"), findTestData("PlanFact").getValue(8, 1)): Text 'liazgina-di' is set on object 'Object Repository/Страница авторизации/input__username'

03-03-2025T13:16:15 - [MESSAGE][PASSED] - Text 'liazgina-di' is set on object 'Object Repository/Страница авторизации/input__username'

03-03-2025T13:16:15 - [TEST_STEP][PASSED] - setText(findTestObject("Страница авторизации/input__password"), findTestData("PlanFact").getValue(9, 1)): Text ')$%5srZ8o688Dm#q' is set on object 'Object Repository/Страница авторизации/input__password'

03-03-2025T13:16:15 - [MESSAGE][PASSED] - Text ')$%5srZ8o688Dm#q' is set on object 'Object Repository/Страница авторизации/input__password'

03-03-2025T13:16:15 - [TEST_STEP][PASSED] - click(findTestObject("Страница авторизации/button_")): Object: 'Object Repository/Страница авторизации/button_' is clicked on

03-03-2025T13:16:22 - [MESSAGE][PASSED] - Object: 'Object Repository/Страница авторизации/button_' is clicked on

03-03-2025T13:16:22 - [TEST_STEP][PASSED] - delay(10): Delayed 10 second(s)

03-03-2025T13:16:32 - [MESSAGE][PASSED] - Delayed 10 second(s)

03-03-2025T13:16:32 - [TEST_STEP][PASSED] - i = <not implemented yet for class: org.codehaus.groovy.ast.expr.EmptyExpression>: null

03-03-2025T13:16:32 - [TEST_STEP][PASSED] - ii = <not implemented yet for class: org.codehaus.groovy.ast.expr.EmptyExpression>: null

03-03-2025T13:16:32 - [TEST_STEP][PASSED] - a = <not implemented yet for class: org.codehaus.groovy.ast.expr.EmptyExpression>: null

03-03-2025T13:16:32 - [TEST_STEP][PASSED] - a1 = <not implemented yet for class: org.codehaus.groovy.ast.expr.EmptyExpression>: null

03-03-2025T13:16:32 - [TEST_STEP][PASSED] - a2 = <not implemented yet for class: org.codehaus.groovy.ast.expr.EmptyExpression>: null

03-03-2025T13:16:32 - [TEST_STEP][PASSED] - click(findTestObject("Факторный анализ/Фильтр Период")): Object: 'Object Repository/Факторный анализ/Фильтр Период' is clicked on

03-03-2025T13:16:46 - [MESSAGE][PASSED] - Object: 'Object Repository/Факторный анализ/Фильтр Период' is clicked on

03-03-2025T13:16:46 - [TEST_STEP][PASSED] - click(findTestObject("Факторный анализ/Снять выделение в фильтре Дата")): Object: 'Object Repository/Факторный анализ/Снять выделение в фильтре Дата' is clicked on

03-03-2025T13:16:46 - [MESSAGE][PASSED] - Object: 'Object Repository/Факторный анализ/Снять выделение в фильтре Дата' is clicked on

03-03-2025T13:16:46 - [TEST_STEP][PASSED] - click(findTestObject("Факторный анализ/Применить в фильтре Дата")): Object: 'Object Repository/Факторный анализ/Применить в фильтре Дата' is clicked on

03-03-2025T13:16:47 - [MESSAGE][PASSED] - Object: 'Object Repository/Факторный анализ/Применить в фильтре Дата' is clicked on

03-03-2025T13:16:47 - [TEST_STEP][PASSED] - delay(10): Delayed 10 second(s)

03-03-2025T13:16:57 - [MESSAGE][PASSED] - Delayed 10 second(s)

03-03-2025T13:16:57 - [TEST_STEP][PASSED] - click(findTestObject("Факторный анализ/Фильтр Период")): Object: 'Object Repository/Факторный анализ/Фильтр Период' is clicked on

03-03-2025T13:16:57 - [MESSAGE][PASSED] - Object: 'Object Repository/Факторный анализ/Фильтр Период' is clicked on

03-03-2025T13:16:57 - [TEST_STEP][PASSED] - click(findTestObject("Факторный анализ/Снять выделение в фильтре Дата")): Object: 'Object Repository/Факторный анализ/Снять выделение в фильтре Дата' is clicked on

03-03-2025T13:16:58 - [MESSAGE][PASSED] - Object: 'Object Repository/Факторный анализ/Снять выделение в фильтре Дата' is clicked on

03-03-2025T13:16:58 - [TEST_STEP][PASSED] - scrollToElement(findTestObject("Факторный анализ/2025 список"), 30): Scroll to object 'Object Repository/Факторный анализ/2025 список' successfully

03-03-2025T13:16:58 - [MESSAGE][PASSED] - Scroll to object 'Object Repository/Факторный анализ/2025 список' successfully

03-03-2025T13:16:58 - [TEST_STEP][PASSED] - click(findTestObject("Факторный анализ/2025 список")): Object: 'Object Repository/Факторный анализ/2025 список' is clicked on

03-03-2025T13:16:58 - [MESSAGE][PASSED] - Object: 'Object Repository/Факторный анализ/2025 список' is clicked on

03-03-2025T13:16:58 - [TEST_STEP][PASSED] - scrollToElement(findTestObject("Факторный анализ/1 квартал 2025 список"), 30): Scroll to object 'Object Repository/Факторный анализ/1 квартал 2025 список' successfully

03-03-2025T13:16:59 - [MESSAGE][PASSED] - Scroll to object 'Object Repository/Факторный анализ/1 квартал 2025 список' successfully

03-03-2025T13:16:59 - [TEST_STEP][PASSED] - click(findTestObject("Факторный анализ/1 квартал 2025 список"), CONTINUE_ON_FAILURE): Object: 'Object Repository/Факторный анализ/1 квартал 2025 список' is clicked on

03-03-2025T13:16:59 - [MESSAGE][PASSED] - Object: 'Object Repository/Факторный анализ/1 квартал 2025 список' is clicked on

03-03-2025T13:16:59 - [TEST_STEP][PASSED] - scrollToElement(findTestObject("Факторный анализ/Январь 2025"), 30): Scroll to object 'Object Repository/Факторный анализ/Январь 2025' successfully

03-03-2025T13:16:59 - [MESSAGE][PASSED] - Scroll to object 'Object Repository/Факторный анализ/Январь 2025' successfully

03-03-2025T13:16:59 - [TEST_STEP][PASSED] - click(findTestObject("Факторный анализ/Январь 2025"), CONTINUE_ON_FAILURE): Object: 'Object Repository/Факторный анализ/Январь 2025' is clicked on

03-03-2025T13:17:00 - [MESSAGE][PASSED] - Object: 'Object Repository/Факторный анализ/Январь 2025' is clicked on

03-03-2025T13:17:00 - [TEST_STEP][PASSED] - scrollToElement(findTestObject("Факторный анализ/Заголовок дашборда"), 30): Scroll to object 'Object Repository/Факторный анализ/Заголовок дашборда' successfully

03-03-2025T13:17:00 - [MESSAGE][PASSED] - Scroll to object 'Object Repository/Факторный анализ/Заголовок дашборда' successfully

03-03-2025T13:17:00 - [TEST_STEP][PASSED] - click(findTestObject("Факторный анализ/Применить в фильтре Дата")): Object: 'Object Repository/Факторный анализ/Применить в фильтре Дата' is clicked on

03-03-2025T13:17:01 - [MESSAGE][PASSED] - Object: 'Object Repository/Факторный анализ/Применить в фильтре Дата' is clicked on

03-03-2025T13:17:01 - [TEST_STEP][PASSED] - if (run == 1): null

03-03-2025T13:17:01 - [TEST_STEP][PASSED] - a = getText(findTestObject("Факторный анализ/Отклонения выручки по факторам Блок руководителя")): Text of object 'Object Repository/Факторный анализ/Отклонения выручки по факторам Блок руководителя' is: '-121 309-121 309
701701
Отклонение (объём услуг)
Отклонение (средний тариф)
ПАО Россети'

03-03-2025T13:17:04 - [MESSAGE][PASSED] - Text of object 'Object Repository/Факторный анализ/Отклонения выручки по факторам Блок руководителя' is: '-121 309-121 309
701701
Отклонение (объём услуг)
Отклонение (средний тариф)
ПАО Россети'

03-03-2025T13:17:04 - [TEST_STEP][PASSED] - a = a.replaceAll("[\r?
|
]", "/"): null

03-03-2025T13:17:04 - [TEST_STEP][PASSED] - i = a.indexOf("Отклонение"): null

03-03-2025T13:17:04 - [TEST_STEP][PASSED] - if (i > -1): null

03-03-2025T13:17:04 - [TEST_STEP][PASSED] - i = i: null

03-03-2025T13:17:04 - [TEST_STEP][PASSED] - a = substring(0, i).trim(): null

03-03-2025T13:17:04 - [TEST_STEP][PASSED] - println("a: " + a): null

03-03-2025T13:17:04 - [TEST_STEP][PASSED] - i = a.indexOf("/"): null

03-03-2025T13:17:04 - [TEST_STEP][PASSED] - if (i > -1): null

03-03-2025T13:17:04 - [TEST_STEP][PASSED] - a1 = a.substring(0, i): null

03-03-2025T13:17:04 - [TEST_STEP][PASSED] - println("a1: " + a1): null

03-03-2025T13:17:04 - [TEST_STEP][PASSED] - a2 = a.substring(a1.length() + 1, a.length()): null

03-03-2025T13:17:04 - [TEST_STEP][PASSED] - println("a2: " + a2): null

03-03-2025T13:17:04 - [TEST_STEP][PASSED] - i = a1.length() / 2: null

03-03-2025T13:17:04 - [TEST_STEP][PASSED] - if (i > -1): null

03-03-2025T13:17:04 - [TEST_STEP][PASSED] - a1 = replaceAll("\s+", "").trim(): null

03-03-2025T13:17:04 - [TEST_STEP][PASSED] - println("a1: " + a1): null

03-03-2025T13:17:04 - [TEST_STEP][PASSED] - i = a2.length() / 2: null

03-03-2025T13:17:04 - [TEST_STEP][PASSED] - if (i > -1): null

03-03-2025T13:17:04 - [TEST_STEP][PASSED] - a2 = replaceAll("\s+", "").trim(): null

03-03-2025T13:17:04 - [TEST_STEP][PASSED] - println("a2: " + a2): null

03-03-2025T13:17:04 - [TEST_STEP][PASSED] - tableA = getText(findTestObject("Факторный анализ/AllTable1")).replaceAll("[\r?
|
]", "/"): Text of object 'Object Repository/Факторный анализ/AllTable1' is: 'ДЗО
Филиал
Отклонение (объём услуг)
Отклонение (средний тариф)
АО "РЭС" АО "РЭС" -76 3
АО «Тываэнерго» АО "Тываэнерго" 19 4
АО «Чеченэнерго» АО «Чеченэнерго» -35 -48
Россети Волга Мордовэнерго - 150 -6
Оренбургэнерго -62 -9
Пензаэнерго -35 -1
Самарские РС -78 142
Саратовские РС -77 -49
Ульяновские РС 14 6
Чувашэнерго -4 12
Россети Кубань Кубаньэнерго - 341 287
Россети Ленэнерго (ГК) Ленинградская область - 311 187
г. Санкт-Петербург - 291 12
Россети Московский регион Московская область - 780 53
г. Москва - 195 -5
Россети Северный Кавказ (ГК) Дагэнерго - 238 -48
Ингушэнерго -60 14
Каббалкэнерго 20 -4
Карачаево-Черкесскэнерго -10 - 109
Севкавказэнерго - 121 -10
Ставропольэнерго -68 28
Россети Северо-Запад Архангельский филиал -52 21
Вологодский филиал -40 10
Карельский филиал -50 -15
Мурманский филиал 20 -17
Новгородский филиал -49 0
Псковский филиал -48 13
филиал в Республике Коми -53 9
Россети Сибирь (ГК) Алтайэнерго 39 16
Бурятэнерго 10 -7
ГАЭС 9 2
Красноярскэнерго 117 -4
Кузбассэнерго-РЭС 37 147
Омскэнерго -2 -21
Хакасэнерго -10 -12
Читаэнерго -1 25
Россети Томск Томская распределительная компания -62 5
Россети Тюмень Россети Тюмень - 986 - 117
Россети Урал (ГК) Пермэнерго - 187 5
Свердловэнерго - 152 -4
Челябэнерго - 141 5
Россети ФСК ЕЭС Итого по ФСК ЕЭС - 311 252
Россети Центр Белгородэнерго -85 14
Брянскэнерго -50 -8
Воронежэнерго -98 -2
Костромаэнерго -42 3
Курскэнерго -32 8
Липецкэнерго -79 20
Орелэнерго -40 5
Смоленскэнерго -52 -7
Тамбовэнерго -25 -5
Тверьэнерго - 133 0
Ярэнерго -60 -7
Россети Центр и Приволжье (ГК) Владимирэнерго NaN NaN
Ивэнерго NaN NaN
Калугаэнерго NaN NaN
Кировэнерго NaN NaN
Мариэнерго NaN NaN
Нижновэнерго NaN NaN
Рязаньэнерго NaN NaN
Тулэнерго NaN NaN
Удмуртэнерго NaN NaN
Россети Юг (ГК) АО «ВМЭС» 0 4
Астраханьэнерго 1 -6
Волгоградэнерго - 140 -12
Калмэнерго -8 2
Ростовэнерго -47 16
Россети Янтарь Россети Янтарь -31 12'

03-03-2025T13:17:05 - [MESSAGE][PASSED] - Text of object 'Object Repository/Факторный анализ/AllTable1' is: 'ДЗО
Филиал
Отклонение (объём услуг)
Отклонение (средний тариф)
АО "РЭС" АО "РЭС" -76 3
АО «Тываэнерго» АО "Тываэнерго" 19 4
АО «Чеченэнерго» АО «Чеченэнерго» -35 -48
Россети Волга Мордовэнерго - 150 -6
Оренбургэнерго -62 -9
Пензаэнерго -35 -1
Самарские РС -78 142
Саратовские РС -77 -49
Ульяновские РС 14 6
Чувашэнерго -4 12
Россети Кубань Кубаньэнерго - 341 287
Россети Ленэнерго (ГК) Ленинградская область - 311 187
г. Санкт-Петербург - 291 12
Россети Московский регион Московская область - 780 53
г. Москва - 195 -5
Россети Северный Кавказ (ГК) Дагэнерго - 238 -48
Ингушэнерго -60 14
Каббалкэнерго 20 -4
Карачаево-Черкесскэнерго -10 - 109
Севкавказэнерго - 121 -10
Ставропольэнерго -68 28
Россети Северо-Запад Архангельский филиал -52 21
Вологодский филиал -40 10
Карельский филиал -50 -15
Мурманский филиал 20 -17
Новгородский филиал -49 0
Псковский филиал -48 13
филиал в Республике Коми -53 9
Россети Сибирь (ГК) Алтайэнерго 39 16
Бурятэнерго 10 -7
ГАЭС 9 2
Красноярскэнерго 117 -4
Кузбассэнерго-РЭС 37 147
Омскэнерго -2 -21
Хакасэнерго -10 -12
Читаэнерго -1 25
Россети Томск Томская распределительная компания -62 5
Россети Тюмень Россети Тюмень - 986 - 117
Россети Урал (ГК) Пермэнерго - 187 5
Свердловэнерго - 152 -4
Челябэнерго - 141 5
Россети ФСК ЕЭС Итого по ФСК ЕЭС - 311 252
Россети Центр Белгородэнерго -85 14
Брянскэнерго -50 -8
Воронежэнерго -98 -2
Костромаэнерго -42 3
Курскэнерго -32 8
Липецкэнерго -79 20
Орелэнерго -40 5
Смоленскэнерго -52 -7
Тамбовэнерго -25 -5
Тверьэнерго - 133 0
Ярэнерго -60 -7
Россети Центр и Приволжье (ГК) Владимирэнерго NaN NaN
Ивэнерго NaN NaN
Калугаэнерго NaN NaN
Кировэнерго NaN NaN
Мариэнерго NaN NaN
Нижновэнерго NaN NaN
Рязаньэнерго NaN NaN
Тулэнерго NaN NaN
Удмуртэнерго NaN NaN
Россети Юг (ГК) АО «ВМЭС» 0 4
Астраханьэнерго 1 -6
Волгоградэнерго - 140 -12
Калмэнерго -8 2
Ростовэнерго -47 16
Россети Янтарь Россети Янтарь -31 12'

03-03-2025T13:17:05 - [TEST_STEP][PASSED] - println("tableA: " + tableA): null

03-03-2025T13:17:05 - [TEST_STEP][PASSED] - for ([i = 1, i < 5, (i++)]): null

03-03-2025T13:17:05 - [TEST_STEP][PASSED] - ii = tableA.indexOf("/") + 1: null

03-03-2025T13:17:05 - [TEST_STEP][PASSED] - tableA = tableA.substring(ii, tableA.length()): null

03-03-2025T13:17:05 - [TEST_STEP][PASSED] - ii = tableA.indexOf("/") + 1: null

03-03-2025T13:17:05 - [TEST_STEP][PASSED] - tableA = tableA.substring(ii, tableA.length()): null

03-03-2025T13:17:05 - [TEST_STEP][PASSED] - ii = tableA.indexOf("/") + 1: null

03-03-2025T13:17:05 - [TEST_STEP][PASSED] - tableA = tableA.substring(ii, tableA.length()): null

03-03-2025T13:17:05 - [TEST_STEP][PASSED] - ii = tableA.indexOf("/") + 1: null

03-03-2025T13:17:05 - [TEST_STEP][PASSED] - tableA = tableA.substring(ii, tableA.length()): null

03-03-2025T13:17:05 - [TEST_STEP][PASSED] - println("tableA: " + tableA): null

03-03-2025T13:17:05 - [TEST_STEP][PASSED] - TyA = Script1719551244403.GetData(x = tableA): null

03-03-2025T13:17:05 - [TEST_STEP][PASSED] - i2 = <not implemented yet for class: org.codehaus.groovy.ast.expr.EmptyExpression>: null

03-03-2025T13:17:05 - [TEST_STEP][PASSED] - i2 = x.indexOf("/") + 1: null

03-03-2025T13:17:05 - [TEST_STEP][PASSED] - x = replaceAll("\p{P}", "").trim(): null

03-03-2025T13:17:05 - [TEST_STEP][PASSED] - return x: null

03-03-2025T13:17:05 - [TEST_STEP][PASSED] - println("TyA: " + TyA): null

03-03-2025T13:17:05 - [TEST_STEP][PASSED] - tableA = Script1719551244403.NewDZO(x = tableA): null

03-03-2025T13:17:05 - [TEST_STEP][PASSED] - i3 = <not implemented yet for class: org.codehaus.groovy.ast.expr.EmptyExpression>: null

03-03-2025T13:17:05 - [TEST_STEP][PASSED] - i3 = x.indexOf("/") + 1: null

03-03-2025T13:17:05 - [TEST_STEP][PASSED] - x = x.substring(i3, x.length()): null

03-03-2025T13:17:05 - [TEST_STEP][PASSED] - return x: null

03-03-2025T13:17:05 - [TEST_STEP][PASSED] - ChA = Script1719551244403.GetData(x = tableA): null

03-03-2025T13:17:05 - [TEST_STEP][PASSED] - i2 = <not implemented yet for class: org.codehaus.groovy.ast.expr.EmptyExpression>: null

03-03-2025T13:17:05 - [TEST_STEP][PASSED] - i2 = x.indexOf("/") + 1: null

03-03-2025T13:17:05 - [TEST_STEP][PASSED] - x = replaceAll("\p{P}", "").trim(): null

03-03-2025T13:17:05 - [TEST_STEP][PASSED] - return x: null

03-03-2025T13:17:05 - [TEST_STEP][PASSED] - println("ChA: " + ChA): null

03-03-2025T13:17:05 - [TEST_STEP][PASSED] - tableA = Script1719551244403.NewDZO(x = tableA): null

03-03-2025T13:17:05 - [TEST_STEP][PASSED] - i3 = <not implemented yet for class: org.codehaus.groovy.ast.expr.EmptyExpression>: null

03-03-2025T13:17:05 - [TEST_STEP][PASSED] - i3 = x.indexOf("/") + 1: null

03-03-2025T13:17:05 - [TEST_STEP][PASSED] - x = x.substring(i3, x.length()): null

03-03-2025T13:17:05 - [TEST_STEP][PASSED] - return x: null

03-03-2025T13:17:05 - [TEST_STEP][PASSED] - i = tableA.indexOf("Кубань"): null

03-03-2025T13:17:05 - [TEST_STEP][PASSED] - VA = replaceAll("\p{P}", "").trim(): null

03-03-2025T13:17:05 - [TEST_STEP][PASSED] - println("VA: " + VA): null

03-03-2025T13:17:05 - [TEST_STEP][PASSED] - for ([i = 1, i < 8, (i++)]): null

03-03-2025T13:17:05 - [TEST_STEP][PASSED] - tableA = Script1719551244403.NewDZO(x = tableA): null

03-03-2025T13:17:05 - [TEST_STEP][PASSED] - i3 = <not implemented yet for class: org.codehaus.groovy.ast.expr.EmptyExpression>: null

03-03-2025T13:17:05 - [TEST_STEP][PASSED] - i3 = x.indexOf("/") + 1: null

03-03-2025T13:17:05 - [TEST_STEP][PASSED] - x = x.substring(i3, x.length()): null

03-03-2025T13:17:05 - [TEST_STEP][PASSED] - return x: null

03-03-2025T13:17:05 - [TEST_STEP][PASSED] - tableA = Script1719551244403.NewDZO(x = tableA): null

03-03-2025T13:17:05 - [TEST_STEP][PASSED] - i3 = <not implemented yet for class: org.codehaus.groovy.ast.expr.EmptyExpression>: null

03-03-2025T13:17:05 - [TEST_STEP][PASSED] - i3 = x.indexOf("/") + 1: null

03-03-2025T13:17:05 - [TEST_STEP][PASSED] - x = x.substring(i3, x.length()): null

03-03-2025T13:17:05 - [TEST_STEP][PASSED] - return x: null

03-03-2025T13:17:05 - [TEST_STEP][PASSED] - tableA = Script1719551244403.NewDZO(x = tableA): null

03-03-2025T13:17:05 - [TEST_STEP][PASSED] - i3 = <not implemented yet for class: org.codehaus.groovy.ast.expr.EmptyExpression>: null

03-03-2025T13:17:05 - [TEST_STEP][PASSED] - i3 = x.indexOf("/") + 1: null

03-03-2025T13:17:05 - [TEST_STEP][PASSED] - x = x.substring(i3, x.length()): null

03-03-2025T13:17:05 - [TEST_STEP][PASSED] - return x: null

03-03-2025T13:17:05 - [TEST_STEP][PASSED] - tableA = Script1719551244403.NewDZO(x = tableA): null

03-03-2025T13:17:05 - [TEST_STEP][PASSED] - i3 = <not implemented yet for class: org.codehaus.groovy.ast.expr.EmptyExpression>: null

03-03-2025T13:17:05 - [TEST_STEP][PASSED] - i3 = x.indexOf("/") + 1: null

03-03-2025T13:17:05 - [TEST_STEP][PASSED] - x = x.substring(i3, x.length()): null

03-03-2025T13:17:05 - [TEST_STEP][PASSED] - return x: null

03-03-2025T13:17:05 - [TEST_STEP][PASSED] - tableA = Script1719551244403.NewDZO(x = tableA): null

03-03-2025T13:17:05 - [TEST_STEP][PASSED] - i3 = <not implemented yet for class: org.codehaus.groovy.ast.expr.EmptyExpression>: null

03-03-2025T13:17:05 - [TEST_STEP][PASSED] - i3 = x.indexOf("/") + 1: null

03-03-2025T13:17:05 - [TEST_STEP][PASSED] - x = x.substring(i3, x.length()): null

03-03-2025T13:17:05 - [TEST_STEP][PASSED] - return x: null

03-03-2025T13:17:05 - [TEST_STEP][PASSED] - tableA = Script1719551244403.NewDZO(x = tableA): null

03-03-2025T13:17:05 - [TEST_STEP][PASSED] - i3 = <not implemented yet for class: org.codehaus.groovy.ast.expr.EmptyExpression>: null

03-03-2025T13:17:05 - [TEST_STEP][PASSED] - i3 = x.indexOf("/") + 1: null

03-03-2025T13:17:05 - [TEST_STEP][PASSED] - x = x.substring(i3, x.length()): null

03-03-2025T13:17:05 - [TEST_STEP][PASSED] - return x: null

03-03-2025T13:17:05 - [TEST_STEP][PASSED] - tableA = Script1719551244403.NewDZO(x = tableA): null

03-03-2025T13:17:05 - [TEST_STEP][PASSED] - i3 = <not implemented yet for class: org.codehaus.groovy.ast.expr.EmptyExpression>: null

03-03-2025T13:17:05 - [TEST_STEP][PASSED] - i3 = x.indexOf("/") + 1: null

03-03-2025T13:17:05 - [TEST_STEP][PASSED] - x = x.substring(i3, x.length()): null

03-03-2025T13:17:05 - [TEST_STEP][PASSED] - return x: null

03-03-2025T13:17:05 - [TEST_STEP][PASSED] - i = tableA.indexOf("Ленэнерго"): null

03-03-2025T13:17:05 - [TEST_STEP][PASSED] - KuA = Script1719551244403.GetData(x = tableA): null

03-03-2025T13:17:05 - [TEST_STEP][PASSED] - i2 = <not implemented yet for class: org.codehaus.groovy.ast.expr.EmptyExpression>: null

03-03-2025T13:17:05 - [TEST_STEP][PASSED] - i2 = x.indexOf("/") + 1: null

03-03-2025T13:17:05 - [TEST_STEP][PASSED] - x = replaceAll("\p{P}", "").trim(): null

03-03-2025T13:17:05 - [TEST_STEP][PASSED] - return x: null

03-03-2025T13:17:05 - [TEST_STEP][PASSED] - println("KuA: " + KuA): null

03-03-2025T13:17:05 - [TEST_STEP][PASSED] - tableA = Script1719551244403.NewDZO(x = tableA): null

03-03-2025T13:17:05 - [TEST_STEP][PASSED] - i3 = <not implemented yet for class: org.codehaus.groovy.ast.expr.EmptyExpression>: null

03-03-2025T13:17:05 - [TEST_STEP][PASSED] - i3 = x.indexOf("/") + 1: null

03-03-2025T13:17:05 - [TEST_STEP][PASSED] - x = x.substring(i3, x.length()): null

03-03-2025T13:17:05 - [TEST_STEP][PASSED] - return x: null

03-03-2025T13:17:05 - [TEST_STEP][PASSED] - i = tableA.indexOf("Московский"): null

03-03-2025T13:17:05 - [TEST_STEP][PASSED] - LenA = replaceAll("\p{P}", "").trim(): null

03-03-2025T13:17:05 - [TEST_STEP][PASSED] - println("LenA: " + LenA): null

03-03-2025T13:17:05 - [TEST_STEP][PASSED] - tableA = Script1719551244403.NewDZO(x = tableA): null

03-03-2025T13:17:05 - [TEST_STEP][PASSED] - i3 = <not implemented yet for class: org.codehaus.groovy.ast.expr.EmptyExpression>: null

03-03-2025T13:17:05 - [TEST_STEP][PASSED] - i3 = x.indexOf("/") + 1: null

03-03-2025T13:17:05 - [TEST_STEP][PASSED] - x = x.substring(i3, x.length()): null

03-03-2025T13:17:05 - [TEST_STEP][PASSED] - return x: null

03-03-2025T13:17:05 - [TEST_STEP][PASSED] - tableA = Script1719551244403.NewDZO(x = tableA): null

03-03-2025T13:17:05 - [TEST_STEP][PASSED] - i3 = <not implemented yet for class: org.codehaus.groovy.ast.expr.EmptyExpression>: null

03-03-2025T13:17:05 - [TEST_STEP][PASSED] - i3 = x.indexOf("/") + 1: null

03-03-2025T13:17:05 - [TEST_STEP][PASSED] - x = x.substring(i3, x.length()): null

03-03-2025T13:17:05 - [TEST_STEP][PASSED] - return x: null

03-03-2025T13:17:05 - [TEST_STEP][PASSED] - i = tableA.indexOf("Кавказ"): null

03-03-2025T13:17:05 - [TEST_STEP][PASSED] - MosA = replaceAll("\p{P}", "").trim(): null

03-03-2025T13:17:05 - [TEST_STEP][PASSED] - println("MosA: " + MosA): null

03-03-2025T13:17:05 - [TEST_STEP][PASSED] - for ([i = 1, i < 3, (i++)]): null

03-03-2025T13:17:05 - [TEST_STEP][PASSED] - tableA = Script1719551244403.NewDZO(x = tableA): null

03-03-2025T13:17:05 - [TEST_STEP][PASSED] - i3 = <not implemented yet for class: org.codehaus.groovy.ast.expr.EmptyExpression>: null

03-03-2025T13:17:05 - [TEST_STEP][PASSED] - i3 = x.indexOf("/") + 1: null

03-03-2025T13:17:05 - [TEST_STEP][PASSED] - x = x.substring(i3, x.length()): null

03-03-2025T13:17:05 - [TEST_STEP][PASSED] - return x: null

03-03-2025T13:17:05 - [TEST_STEP][PASSED] - tableA = Script1719551244403.NewDZO(x = tableA): null

03-03-2025T13:17:05 - [TEST_STEP][PASSED] - i3 = <not implemented yet for class: org.codehaus.groovy.ast.expr.EmptyExpression>: null

03-03-2025T13:17:05 - [TEST_STEP][PASSED] - i3 = x.indexOf("/") + 1: null

03-03-2025T13:17:05 - [TEST_STEP][PASSED] - x = x.substring(i3, x.length()): null

03-03-2025T13:17:05 - [TEST_STEP][PASSED] - return x: null

03-03-2025T13:17:05 - [TEST_STEP][PASSED] - i = tableA.indexOf("Запад"): null

03-03-2025T13:17:05 - [TEST_STEP][PASSED] - SKA = replaceAll("\p{P}", "").trim(): null

03-03-2025T13:17:05 - [TEST_STEP][PASSED] - println("SKA: " + SKA): null

03-03-2025T13:17:05 - [TEST_STEP][PASSED] - for ([i = 1, i < 7, (i++)]): null

03-03-2025T13:17:05 - [TEST_STEP][PASSED] - tableA = Script1719551244403.NewDZO(x = tableA): null

03-03-2025T13:17:05 - [TEST_STEP][PASSED] - i3 = <not implemented yet for class: org.codehaus.groovy.ast.expr.EmptyExpression>: null

03-03-2025T13:17:05 - [TEST_STEP][PASSED] - i3 = x.indexOf("/") + 1: null

03-03-2025T13:17:05 - [TEST_STEP][PASSED] - x = x.substring(i3, x.length()): null

03-03-2025T13:17:05 - [TEST_STEP][PASSED] - return x: null

03-03-2025T13:17:05 - [TEST_STEP][PASSED] - tableA = Script1719551244403.NewDZO(x = tableA): null

03-03-2025T13:17:05 - [TEST_STEP][PASSED] - i3 = <not implemented yet for class: org.codehaus.groovy.ast.expr.EmptyExpression>: null

03-03-2025T13:17:05 - [TEST_STEP][PASSED] - i3 = x.indexOf("/") + 1: null

03-03-2025T13:17:05 - [TEST_STEP][PASSED] - x = x.substring(i3, x.length()): null

03-03-2025T13:17:05 - [TEST_STEP][PASSED] - return x: null

03-03-2025T13:17:05 - [TEST_STEP][PASSED] - tableA = Script1719551244403.NewDZO(x = tableA): null

03-03-2025T13:17:05 - [TEST_STEP][PASSED] - i3 = <not implemented yet for class: org.codehaus.groovy.ast.expr.EmptyExpression>: null

03-03-2025T13:17:05 - [TEST_STEP][PASSED] - i3 = x.indexOf("/") + 1: null

03-03-2025T13:17:05 - [TEST_STEP][PASSED] - x = x.substring(i3, x.length()): null

03-03-2025T13:17:05 - [TEST_STEP][PASSED] - return x: null

03-03-2025T13:17:05 - [TEST_STEP][PASSED] - tableA = Script1719551244403.NewDZO(x = tableA): null

03-03-2025T13:17:05 - [TEST_STEP][PASSED] - i3 = <not implemented yet for class: org.codehaus.groovy.ast.expr.EmptyExpression>: null

03-03-2025T13:17:05 - [TEST_STEP][PASSED] - i3 = x.indexOf("/") + 1: null

03-03-2025T13:17:05 - [TEST_STEP][PASSED] - x = x.substring(i3, x.length()): null

03-03-2025T13:17:05 - [TEST_STEP][PASSED] - return x: null

03-03-2025T13:17:05 - [TEST_STEP][PASSED] - tableA = Script1719551244403.NewDZO(x = tableA): null

03-03-2025T13:17:05 - [TEST_STEP][PASSED] - i3 = <not implemented yet for class: org.codehaus.groovy.ast.expr.EmptyExpression>: null

03-03-2025T13:17:05 - [TEST_STEP][PASSED] - i3 = x.indexOf("/") + 1: null

03-03-2025T13:17:05 - [TEST_STEP][PASSED] - x = x.substring(i3, x.length()): null

03-03-2025T13:17:05 - [TEST_STEP][PASSED] - return x: null

03-03-2025T13:17:05 - [TEST_STEP][PASSED] - tableA = Script1719551244403.NewDZO(x = tableA): null

03-03-2025T13:17:05 - [TEST_STEP][PASSED] - i3 = <not implemented yet for class: org.codehaus.groovy.ast.expr.EmptyExpression>: null

03-03-2025T13:17:05 - [TEST_STEP][PASSED] - i3 = x.indexOf("/") + 1: null

03-03-2025T13:17:05 - [TEST_STEP][PASSED] - x = x.substring(i3, x.length()): null

03-03-2025T13:17:05 - [TEST_STEP][PASSED] - return x: null

03-03-2025T13:17:05 - [TEST_STEP][PASSED] - i = tableA.indexOf("Сибирь"): null

03-03-2025T13:17:05 - [TEST_STEP][PASSED] - SZA = replaceAll("\p{P}", "").trim(): null

03-03-2025T13:17:05 - [TEST_STEP][PASSED] - println("SZA: " + SZA): null

03-03-2025T13:17:05 - [TEST_STEP][PASSED] - for ([i = 1, i < 8, (i++)]): null

03-03-2025T13:17:05 - [TEST_STEP][PASSED] - tableA = Script1719551244403.NewDZO(x = tableA): null

03-03-2025T13:17:05 - [TEST_STEP][PASSED] - i3 = <not implemented yet for class: org.codehaus.groovy.ast.expr.EmptyExpression>: null

03-03-2025T13:17:05 - [TEST_STEP][PASSED] - i3 = x.indexOf("/") + 1: null

03-03-2025T13:17:05 - [TEST_STEP][PASSED] - x = x.substring(i3, x.length()): null

03-03-2025T13:17:05 - [TEST_STEP][PASSED] - return x: null

03-03-2025T13:17:05 - [TEST_STEP][PASSED] - tableA = Script1719551244403.NewDZO(x = tableA): null

03-03-2025T13:17:05 - [TEST_STEP][PASSED] - i3 = <not implemented yet for class: org.codehaus.groovy.ast.expr.EmptyExpression>: null

03-03-2025T13:17:05 - [TEST_STEP][PASSED] - i3 = x.indexOf("/") + 1: null

03-03-2025T13:17:05 - [TEST_STEP][PASSED] - x = x.substring(i3, x.length()): null

03-03-2025T13:17:05 - [TEST_STEP][PASSED] - return x: null

03-03-2025T13:17:05 - [TEST_STEP][PASSED] - tableA = Script1719551244403.NewDZO(x = tableA): null

03-03-2025T13:17:05 - [TEST_STEP][PASSED] - i3 = <not implemented yet for class: org.codehaus.groovy.ast.expr.EmptyExpression>: null

03-03-2025T13:17:05 - [TEST_STEP][PASSED] - i3 = x.indexOf("/") + 1: null

03-03-2025T13:17:05 - [TEST_STEP][PASSED] - x = x.substring(i3, x.length()): null

03-03-2025T13:17:05 - [TEST_STEP][PASSED] - return x: null

03-03-2025T13:17:05 - [TEST_STEP][PASSED] - tableA = Script1719551244403.NewDZO(x = tableA): null

03-03-2025T13:17:05 - [TEST_STEP][PASSED] - i3 = <not implemented yet for class: org.codehaus.groovy.ast.expr.EmptyExpression>: null

03-03-2025T13:17:05 - [TEST_STEP][PASSED] - i3 = x.indexOf("/") + 1: null

03-03-2025T13:17:05 - [TEST_STEP][PASSED] - x = x.substring(i3, x.length()): null

03-03-2025T13:17:05 - [TEST_STEP][PASSED] - return x: null

03-03-2025T13:17:05 - [TEST_STEP][PASSED] - tableA = Script1719551244403.NewDZO(x = tableA): null

03-03-2025T13:17:05 - [TEST_STEP][PASSED] - i3 = <not implemented yet for class: org.codehaus.groovy.ast.expr.EmptyExpression>: null

03-03-2025T13:17:05 - [TEST_STEP][PASSED] - i3 = x.indexOf("/") + 1: null

03-03-2025T13:17:05 - [TEST_STEP][PASSED] - x = x.substring(i3, x.length()): null

03-03-2025T13:17:05 - [TEST_STEP][PASSED] - return x: null

03-03-2025T13:17:05 - [TEST_STEP][PASSED] - tableA = Script1719551244403.NewDZO(x = tableA): null

03-03-2025T13:17:05 - [TEST_STEP][PASSED] - i3 = <not implemented yet for class: org.codehaus.groovy.ast.expr.EmptyExpression>: null

03-03-2025T13:17:05 - [TEST_STEP][PASSED] - i3 = x.indexOf("/") + 1: null

03-03-2025T13:17:05 - [TEST_STEP][PASSED] - x = x.substring(i3, x.length()): null

03-03-2025T13:17:05 - [TEST_STEP][PASSED] - return x: null

03-03-2025T13:17:05 - [TEST_STEP][PASSED] - tableA = Script1719551244403.NewDZO(x = tableA): null

03-03-2025T13:17:05 - [TEST_STEP][PASSED] - i3 = <not implemented yet for class: org.codehaus.groovy.ast.expr.EmptyExpression>: null

03-03-2025T13:17:05 - [TEST_STEP][PASSED] - i3 = x.indexOf("/") + 1: null

03-03-2025T13:17:05 - [TEST_STEP][PASSED] - x = x.substring(i3, x.length()): null

03-03-2025T13:17:05 - [TEST_STEP][PASSED] - return x: null

03-03-2025T13:17:05 - [TEST_STEP][PASSED] - i = tableA.indexOf("Томск"): null

03-03-2025T13:17:05 - [TEST_STEP][PASSED] - SiA = replaceAll("\p{P}", "").trim(): null

03-03-2025T13:17:05 - [TEST_STEP][PASSED] - println("SiA: " + SiA): null

03-03-2025T13:17:05 - [TEST_STEP][PASSED] - for ([i = 1, i < 9, (i++)]): null

03-03-2025T13:17:05 - [TEST_STEP][PASSED] - tableA = Script1719551244403.NewDZO(x = tableA): null

03-03-2025T13:17:05 - [TEST_STEP][PASSED] - i3 = <not implemented yet for class: org.codehaus.groovy.ast.expr.EmptyExpression>: null

03-03-2025T13:17:05 - [TEST_STEP][PASSED] - i3 = x.indexOf("/") + 1: null

03-03-2025T13:17:05 - [TEST_STEP][PASSED] - x = x.substring(i3, x.length()): null

03-03-2025T13:17:05 - [TEST_STEP][PASSED] - return x: null

03-03-2025T13:17:05 - [TEST_STEP][PASSED] - tableA = Script1719551244403.NewDZO(x = tableA): null

03-03-2025T13:17:05 - [TEST_STEP][PASSED] - i3 = <not implemented yet for class: org.codehaus.groovy.ast.expr.EmptyExpression>: null

03-03-2025T13:17:05 - [TEST_STEP][PASSED] - i3 = x.indexOf("/") + 1: null

03-03-2025T13:17:05 - [TEST_STEP][PASSED] - x = x.substring(i3, x.length()): null

03-03-2025T13:17:05 - [TEST_STEP][PASSED] - return x: null

03-03-2025T13:17:05 - [TEST_STEP][PASSED] - tableA = Script1719551244403.NewDZO(x = tableA): null

03-03-2025T13:17:05 - [TEST_STEP][PASSED] - i3 = <not implemented yet for class: org.codehaus.groovy.ast.expr.EmptyExpression>: null

03-03-2025T13:17:05 - [TEST_STEP][PASSED] - i3 = x.indexOf("/") + 1: null

03-03-2025T13:17:05 - [TEST_STEP][PASSED] - x = x.substring(i3, x.length()): null

03-03-2025T13:17:05 - [TEST_STEP][PASSED] - return x: null

03-03-2025T13:17:05 - [TEST_STEP][PASSED] - tableA = Script1719551244403.NewDZO(x = tableA): null

03-03-2025T13:17:05 - [TEST_STEP][PASSED] - i3 = <not implemented yet for class: org.codehaus.groovy.ast.expr.EmptyExpression>: null

03-03-2025T13:17:05 - [TEST_STEP][PASSED] - i3 = x.indexOf("/") + 1: null

03-03-2025T13:17:05 - [TEST_STEP][PASSED] - x = x.substring(i3, x.length()): null

03-03-2025T13:17:05 - [TEST_STEP][PASSED] - return x: null

03-03-2025T13:17:05 - [TEST_STEP][PASSED] - tableA = Script1719551244403.NewDZO(x = tableA): null

03-03-2025T13:17:05 - [TEST_STEP][PASSED] - i3 = <not implemented yet for class: org.codehaus.groovy.ast.expr.EmptyExpression>: null

03-03-2025T13:17:05 - [TEST_STEP][PASSED] - i3 = x.indexOf("/") + 1: null

03-03-2025T13:17:05 - [TEST_STEP][PASSED] - x = x.substring(i3, x.length()): null

03-03-2025T13:17:05 - [TEST_STEP][PASSED] - return x: null

03-03-2025T13:17:05 - [TEST_STEP][PASSED] - tableA = Script1719551244403.NewDZO(x = tableA): null

03-03-2025T13:17:05 - [TEST_STEP][PASSED] - i3 = <not implemented yet for class: org.codehaus.groovy.ast.expr.EmptyExpression>: null

03-03-2025T13:17:05 - [TEST_STEP][PASSED] - i3 = x.indexOf("/") + 1: null

03-03-2025T13:17:05 - [TEST_STEP][PASSED] - x = x.substring(i3, x.length()): null

03-03-2025T13:17:05 - [TEST_STEP][PASSED] - return x: null

03-03-2025T13:17:05 - [TEST_STEP][PASSED] - tableA = Script1719551244403.NewDZO(x = tableA): null

03-03-2025T13:17:05 - [TEST_STEP][PASSED] - i3 = <not implemented yet for class: org.codehaus.groovy.ast.expr.EmptyExpression>: null

03-03-2025T13:17:05 - [TEST_STEP][PASSED] - i3 = x.indexOf("/") + 1: null

03-03-2025T13:17:05 - [TEST_STEP][PASSED] - x = x.substring(i3, x.length()): null

03-03-2025T13:17:05 - [TEST_STEP][PASSED] - return x: null

03-03-2025T13:17:05 - [TEST_STEP][PASSED] - tableA = Script1719551244403.NewDZO(x = tableA): null

03-03-2025T13:17:05 - [TEST_STEP][PASSED] - i3 = <not implemented yet for class: org.codehaus.groovy.ast.expr.EmptyExpression>: null

03-03-2025T13:17:05 - [TEST_STEP][PASSED] - i3 = x.indexOf("/") + 1: null

03-03-2025T13:17:05 - [TEST_STEP][PASSED] - x = x.substring(i3, x.length()): null

03-03-2025T13:17:05 - [TEST_STEP][PASSED] - return x: null

03-03-2025T13:17:05 - [TEST_STEP][PASSED] - i = tableA.indexOf("Тюмень"): null

03-03-2025T13:17:05 - [TEST_STEP][PASSED] - ToA = replaceAll("\p{P}", "").trim(): null

03-03-2025T13:17:05 - [TEST_STEP][PASSED] - println("ToA: " + ToA): null

03-03-2025T13:17:05 - [TEST_STEP][PASSED] - tableA = Script1719551244403.NewDZO(x = tableA): null

03-03-2025T13:17:05 - [TEST_STEP][PASSED] - i3 = <not implemented yet for class: org.codehaus.groovy.ast.expr.EmptyExpression>: null

03-03-2025T13:17:05 - [TEST_STEP][PASSED] - i3 = x.indexOf("/") + 1: null

03-03-2025T13:17:05 - [TEST_STEP][PASSED] - x = x.substring(i3, x.length()): null

03-03-2025T13:17:05 - [TEST_STEP][PASSED] - return x: null

03-03-2025T13:17:05 - [TEST_STEP][PASSED] - TyuA = replaceAll("\p{P}", "").trim(): null

03-03-2025T13:17:05 - [TEST_STEP][PASSED] - println("TyuA: " + TyuA): null

03-03-2025T13:17:05 - [TEST_STEP][PASSED] - tableA = Script1719551244403.NewDZO(x = tableA): null

03-03-2025T13:17:05 - [TEST_STEP][PASSED] - i3 = <not implemented yet for class: org.codehaus.groovy.ast.expr.EmptyExpression>: null

03-03-2025T13:17:05 - [TEST_STEP][PASSED] - i3 = x.indexOf("/") + 1: null

03-03-2025T13:17:05 - [TEST_STEP][PASSED] - x = x.substring(i3, x.length()): null

03-03-2025T13:17:05 - [TEST_STEP][PASSED] - return x: null

03-03-2025T13:17:05 - [TEST_STEP][PASSED] - i = tableA.indexOf("ЕЭС"): null

03-03-2025T13:17:05 - [TEST_STEP][PASSED] - UrA = replaceAll("\p{P}", "").trim(): null

03-03-2025T13:17:05 - [TEST_STEP][PASSED] - println("UrA: " + UrA): null

03-03-2025T13:17:05 - [TEST_STEP][PASSED] - for ([i = 1, i < 4, (i++)]): null

03-03-2025T13:17:05 - [TEST_STEP][PASSED] - tableA = Script1719551244403.NewDZO(x = tableA): null

03-03-2025T13:17:05 - [TEST_STEP][PASSED] - i3 = <not implemented yet for class: org.codehaus.groovy.ast.expr.EmptyExpression>: null

03-03-2025T13:17:05 - [TEST_STEP][PASSED] - i3 = x.indexOf("/") + 1: null

03-03-2025T13:17:05 - [TEST_STEP][PASSED] - x = x.substring(i3, x.length()): null

03-03-2025T13:17:05 - [TEST_STEP][PASSED] - return x: null

03-03-2025T13:17:05 - [TEST_STEP][PASSED] - tableA = Script1719551244403.NewDZO(x = tableA): null

03-03-2025T13:17:05 - [TEST_STEP][PASSED] - i3 = <not implemented yet for class: org.codehaus.groovy.ast.expr.EmptyExpression>: null

03-03-2025T13:17:05 - [TEST_STEP][PASSED] - i3 = x.indexOf("/") + 1: null

03-03-2025T13:17:05 - [TEST_STEP][PASSED] - x = x.substring(i3, x.length()): null

03-03-2025T13:17:05 - [TEST_STEP][PASSED] - return x: null

03-03-2025T13:17:05 - [TEST_STEP][PASSED] - tableA = Script1719551244403.NewDZO(x = tableA): null

03-03-2025T13:17:05 - [TEST_STEP][PASSED] - i3 = <not implemented yet for class: org.codehaus.groovy.ast.expr.EmptyExpression>: null

03-03-2025T13:17:05 - [TEST_STEP][PASSED] - i3 = x.indexOf("/") + 1: null

03-03-2025T13:17:05 - [TEST_STEP][PASSED] - x = x.substring(i3, x.length()): null

03-03-2025T13:17:05 - [TEST_STEP][PASSED] - return x: null

03-03-2025T13:17:05 - [TEST_STEP][PASSED] - i = tableA.indexOf("Центр"): null

03-03-2025T13:17:05 - [TEST_STEP][PASSED] - FSKA = replaceAll("\p{P}", "").trim(): null

03-03-2025T13:17:05 - [TEST_STEP][PASSED] - println("FSKA: " + FSKA): null

03-03-2025T13:17:05 - [TEST_STEP][PASSED] - tableA = Script1719551244403.NewDZO(x = tableA): null

03-03-2025T13:17:05 - [TEST_STEP][PASSED] - i3 = <not implemented yet for class: org.codehaus.groovy.ast.expr.EmptyExpression>: null

03-03-2025T13:17:05 - [TEST_STEP][PASSED] - i3 = x.indexOf("/") + 1: null

03-03-2025T13:17:05 - [TEST_STEP][PASSED] - x = x.substring(i3, x.length()): null

03-03-2025T13:17:05 - [TEST_STEP][PASSED] - return x: null

03-03-2025T13:17:05 - [TEST_STEP][PASSED] - i = tableA.indexOf("Приволжье"): null

03-03-2025T13:17:05 - [TEST_STEP][PASSED] - CenA = replaceAll("\p{P}", "").trim(): null

03-03-2025T13:17:05 - [TEST_STEP][PASSED] - println("CenA: " + CenA): null

03-03-2025T13:17:05 - [TEST_STEP][PASSED] - for ([i = 1, i < 12, (i++)]): null

03-03-2025T13:17:05 - [TEST_STEP][PASSED] - tableA = Script1719551244403.NewDZO(x = tableA): null

03-03-2025T13:17:05 - [TEST_STEP][PASSED] - i3 = <not implemented yet for class: org.codehaus.groovy.ast.expr.EmptyExpression>: null

03-03-2025T13:17:05 - [TEST_STEP][PASSED] - i3 = x.indexOf("/") + 1: null

03-03-2025T13:17:05 - [TEST_STEP][PASSED] - x = x.substring(i3, x.length()): null

03-03-2025T13:17:05 - [TEST_STEP][PASSED] - return x: null

03-03-2025T13:17:05 - [TEST_STEP][PASSED] - tableA = Script1719551244403.NewDZO(x = tableA): null

03-03-2025T13:17:05 - [TEST_STEP][PASSED] - i3 = <not implemented yet for class: org.codehaus.groovy.ast.expr.EmptyExpression>: null

03-03-2025T13:17:05 - [TEST_STEP][PASSED] - i3 = x.indexOf("/") + 1: null

03-03-2025T13:17:05 - [TEST_STEP][PASSED] - x = x.substring(i3, x.length()): null

03-03-2025T13:17:05 - [TEST_STEP][PASSED] - return x: null

03-03-2025T13:17:05 - [TEST_STEP][PASSED] - tableA = Script1719551244403.NewDZO(x = tableA): null

03-03-2025T13:17:05 - [TEST_STEP][PASSED] - i3 = <not implemented yet for class: org.codehaus.groovy.ast.expr.EmptyExpression>: null

03-03-2025T13:17:05 - [TEST_STEP][PASSED] - i3 = x.indexOf("/") + 1: null

03-03-2025T13:17:05 - [TEST_STEP][PASSED] - x = x.substring(i3, x.length()): null

03-03-2025T13:17:05 - [TEST_STEP][PASSED] - return x: null

03-03-2025T13:17:05 - [TEST_STEP][PASSED] - tableA = Script1719551244403.NewDZO(x = tableA): null

03-03-2025T13:17:05 - [TEST_STEP][PASSED] - i3 = <not implemented yet for class: org.codehaus.groovy.ast.expr.EmptyExpression>: null

03-03-2025T13:17:05 - [TEST_STEP][PASSED] - i3 = x.indexOf("/") + 1: null

03-03-2025T13:17:05 - [TEST_STEP][PASSED] - x = x.substring(i3, x.length()): null

03-03-2025T13:17:05 - [TEST_STEP][PASSED] - return x: null

03-03-2025T13:17:05 - [TEST_STEP][PASSED] - tableA = Script1719551244403.NewDZO(x = tableA): null

03-03-2025T13:17:05 - [TEST_STEP][PASSED] - i3 = <not implemented yet for class: org.codehaus.groovy.ast.expr.EmptyExpression>: null

03-03-2025T13:17:05 - [TEST_STEP][PASSED] - i3 = x.indexOf("/") + 1: null

03-03-2025T13:17:05 - [TEST_STEP][PASSED] - x = x.substring(i3, x.length()): null

03-03-2025T13:17:05 - [TEST_STEP][PASSED] - return x: null

03-03-2025T13:17:05 - [TEST_STEP][PASSED] - tableA = Script1719551244403.NewDZO(x = tableA): null

03-03-2025T13:17:05 - [TEST_STEP][PASSED] - i3 = <not implemented yet for class: org.codehaus.groovy.ast.expr.EmptyExpression>: null

03-03-2025T13:17:05 - [TEST_STEP][PASSED] - i3 = x.indexOf("/") + 1: null

03-03-2025T13:17:05 - [TEST_STEP][PASSED] - x = x.substring(i3, x.length()): null

03-03-2025T13:17:05 - [TEST_STEP][PASSED] - return x: null

03-03-2025T13:17:05 - [TEST_STEP][PASSED] - tableA = Script1719551244403.NewDZO(x = tableA): null

03-03-2025T13:17:05 - [TEST_STEP][PASSED] - i3 = <not implemented yet for class: org.codehaus.groovy.ast.expr.EmptyExpression>: null

03-03-2025T13:17:05 - [TEST_STEP][PASSED] - i3 = x.indexOf("/") + 1: null

03-03-2025T13:17:05 - [TEST_STEP][PASSED] - x = x.substring(i3, x.length()): null

03-03-2025T13:17:05 - [TEST_STEP][PASSED] - return x: null

03-03-2025T13:17:05 - [TEST_STEP][PASSED] - tableA = Script1719551244403.NewDZO(x = tableA): null

03-03-2025T13:17:05 - [TEST_STEP][PASSED] - i3 = <not implemented yet for class: org.codehaus.groovy.ast.expr.EmptyExpression>: null

03-03-2025T13:17:05 - [TEST_STEP][PASSED] - i3 = x.indexOf("/") + 1: null

03-03-2025T13:17:05 - [TEST_STEP][PASSED] - x = x.substring(i3, x.length()): null

03-03-2025T13:17:05 - [TEST_STEP][PASSED] - return x: null

03-03-2025T13:17:05 - [TEST_STEP][PASSED] - tableA = Script1719551244403.NewDZO(x = tableA): null

03-03-2025T13:17:05 - [TEST_STEP][PASSED] - i3 = <not implemented yet for class: org.codehaus.groovy.ast.expr.EmptyExpression>: null

03-03-2025T13:17:05 - [TEST_STEP][PASSED] - i3 = x.indexOf("/") + 1: null

03-03-2025T13:17:05 - [TEST_STEP][PASSED] - x = x.substring(i3, x.length()): null

03-03-2025T13:17:05 - [TEST_STEP][PASSED] - return x: null

03-03-2025T13:17:05 - [TEST_STEP][PASSED] - tableA = Script1719551244403.NewDZO(x = tableA): null

03-03-2025T13:17:05 - [TEST_STEP][PASSED] - i3 = <not implemented yet for class: org.codehaus.groovy.ast.expr.EmptyExpression>: null

03-03-2025T13:17:05 - [TEST_STEP][PASSED] - i3 = x.indexOf("/") + 1: null

03-03-2025T13:17:05 - [TEST_STEP][PASSED] - x = x.substring(i3, x.length()): null

03-03-2025T13:17:05 - [TEST_STEP][PASSED] - return x: null

03-03-2025T13:17:05 - [TEST_STEP][PASSED] - tableA = Script1719551244403.NewDZO(x = tableA): null

03-03-2025T13:17:05 - [TEST_STEP][PASSED] - i3 = <not implemented yet for class: org.codehaus.groovy.ast.expr.EmptyExpression>: null

03-03-2025T13:17:05 - [TEST_STEP][PASSED] - i3 = x.indexOf("/") + 1: null

03-03-2025T13:17:05 - [TEST_STEP][PASSED] - x = x.substring(i3, x.length()): null

03-03-2025T13:17:05 - [TEST_STEP][PASSED] - return x: null

03-03-2025T13:17:05 - [TEST_STEP][PASSED] - i = tableA.indexOf("Юг"): null

03-03-2025T13:17:05 - [TEST_STEP][PASSED] - CiPA = replaceAll("\p{P}", "").trim(): null

03-03-2025T13:17:05 - [TEST_STEP][PASSED] - println("CiPA: " + CiPA): null

03-03-2025T13:17:05 - [TEST_STEP][PASSED] - for ([i = 1, i < 10, (i++)]): null

03-03-2025T13:17:05 - [TEST_STEP][PASSED] - tableA = Script1719551244403.NewDZO(x = tableA): null

03-03-2025T13:17:05 - [TEST_STEP][PASSED] - i3 = <not implemented yet for class: org.codehaus.groovy.ast.expr.EmptyExpression>: null

03-03-2025T13:17:05 - [TEST_STEP][PASSED] - i3 = x.indexOf("/") + 1: null

03-03-2025T13:17:05 - [TEST_STEP][PASSED] - x = x.substring(i3, x.length()): null

03-03-2025T13:17:05 - [TEST_STEP][PASSED] - return x: null

03-03-2025T13:17:05 - [TEST_STEP][PASSED] - tableA = Script1719551244403.NewDZO(x = tableA): null

03-03-2025T13:17:05 - [TEST_STEP][PASSED] - i3 = <not implemented yet for class: org.codehaus.groovy.ast.expr.EmptyExpression>: null

03-03-2025T13:17:05 - [TEST_STEP][PASSED] - i3 = x.indexOf("/") + 1: null

03-03-2025T13:17:05 - [TEST_STEP][PASSED] - x = x.substring(i3, x.length()): null

03-03-2025T13:17:05 - [TEST_STEP][PASSED] - return x: null

03-03-2025T13:17:05 - [TEST_STEP][PASSED] - tableA = Script1719551244403.NewDZO(x = tableA): null

03-03-2025T13:17:05 - [TEST_STEP][PASSED] - i3 = <not implemented yet for class: org.codehaus.groovy.ast.expr.EmptyExpression>: null

03-03-2025T13:17:05 - [TEST_STEP][PASSED] - i3 = x.indexOf("/") + 1: null

03-03-2025T13:17:05 - [TEST_STEP][PASSED] - x = x.substring(i3, x.length()): null

03-03-2025T13:17:05 - [TEST_STEP][PASSED] - return x: null

03-03-2025T13:17:05 - [TEST_STEP][PASSED] - tableA = Script1719551244403.NewDZO(x = tableA): null

03-03-2025T13:17:05 - [TEST_STEP][PASSED] - i3 = <not implemented yet for class: org.codehaus.groovy.ast.expr.EmptyExpression>: null

03-03-2025T13:17:05 - [TEST_STEP][PASSED] - i3 = x.indexOf("/") + 1: null

03-03-2025T13:17:05 - [TEST_STEP][PASSED] - x = x.substring(i3, x.length()): null

03-03-2025T13:17:05 - [TEST_STEP][PASSED] - return x: null

03-03-2025T13:17:05 - [TEST_STEP][PASSED] - tableA = Script1719551244403.NewDZO(x = tableA): null

03-03-2025T13:17:05 - [TEST_STEP][PASSED] - i3 = <not implemented yet for class: org.codehaus.groovy.ast.expr.EmptyExpression>: null

03-03-2025T13:17:05 - [TEST_STEP][PASSED] - i3 = x.indexOf("/") + 1: null

03-03-2025T13:17:05 - [TEST_STEP][PASSED] - x = x.substring(i3, x.length()): null

03-03-2025T13:17:05 - [TEST_STEP][PASSED] - return x: null

03-03-2025T13:17:05 - [TEST_STEP][PASSED] - tableA = Script1719551244403.NewDZO(x = tableA): null

03-03-2025T13:17:05 - [TEST_STEP][PASSED] - i3 = <not implemented yet for class: org.codehaus.groovy.ast.expr.EmptyExpression>: null

03-03-2025T13:17:05 - [TEST_STEP][PASSED] - i3 = x.indexOf("/") + 1: null

03-03-2025T13:17:05 - [TEST_STEP][PASSED] - x = x.substring(i3, x.length()): null

03-03-2025T13:17:05 - [TEST_STEP][PASSED] - return x: null

03-03-2025T13:17:05 - [TEST_STEP][PASSED] - tableA = Script1719551244403.NewDZO(x = tableA): null

03-03-2025T13:17:05 - [TEST_STEP][PASSED] - i3 = <not implemented yet for class: org.codehaus.groovy.ast.expr.EmptyExpression>: null

03-03-2025T13:17:05 - [TEST_STEP][PASSED] - i3 = x.indexOf("/") + 1: null

03-03-2025T13:17:05 - [TEST_STEP][PASSED] - x = x.substring(i3, x.length()): null

03-03-2025T13:17:05 - [TEST_STEP][PASSED] - return x: null

03-03-2025T13:17:05 - [TEST_STEP][PASSED] - tableA = Script1719551244403.NewDZO(x = tableA): null

03-03-2025T13:17:05 - [TEST_STEP][PASSED] - i3 = <not implemented yet for class: org.codehaus.groovy.ast.expr.EmptyExpression>: null

03-03-2025T13:17:05 - [TEST_STEP][PASSED] - i3 = x.indexOf("/") + 1: null

03-03-2025T13:17:05 - [TEST_STEP][PASSED] - x = x.substring(i3, x.length()): null

03-03-2025T13:17:05 - [TEST_STEP][PASSED] - return x: null

03-03-2025T13:17:05 - [TEST_STEP][PASSED] - tableA = Script1719551244403.NewDZO(x = tableA): null

03-03-2025T13:17:05 - [TEST_STEP][PASSED] - i3 = <not implemented yet for class: org.codehaus.groovy.ast.expr.EmptyExpression>: null

03-03-2025T13:17:05 - [TEST_STEP][PASSED] - i3 = x.indexOf("/") + 1: null

03-03-2025T13:17:05 - [TEST_STEP][PASSED] - x = x.substring(i3, x.length()): null

03-03-2025T13:17:05 - [TEST_STEP][PASSED] - return x: null

03-03-2025T13:17:05 - [TEST_STEP][PASSED] - i = tableA.indexOf("Янтарь"): null

03-03-2025T13:17:05 - [TEST_STEP][PASSED] - UgA = replaceAll("\p{P}", "").trim(): null

03-03-2025T13:17:05 - [TEST_STEP][PASSED] - println("UgA: " + UgA): null

03-03-2025T13:17:05 - [TEST_STEP][PASSED] - i = tableA.lastIndexOf("/"): null

03-03-2025T13:17:05 - [TEST_STEP][PASSED] - YaA = replaceAll("\p{P}", "").trim(): null

03-03-2025T13:17:05 - [TEST_STEP][PASSED] - println("YaA: " + YaA): null

03-03-2025T13:17:05 - [TEST_STEP][PASSED] - delay(10): Delayed 10 second(s)

03-03-2025T13:17:15 - [MESSAGE][PASSED] - Delayed 10 second(s)

03-03-2025T13:17:15 - [TEST_STEP][PASSED] - navigateToUrl(findTestData("PlanFact").getValue(10, 11)): Navigate to 'https://bi.rosseti.digital/viewer?dashboardGuid=a1fd28b3785d443cbc4d7690a1d78e31&sheetGuid=d3a0ddec2e914cb380b20dca74903099&fit=true' successfully

03-03-2025T13:17:15 - [MESSAGE][PASSED] - Navigate to 'https://bi.rosseti.digital/viewer?dashboardGuid=a1fd28b3785d443cbc4d7690a1d78e31&sheetGuid=d3a0ddec2e914cb380b20dca74903099&fit=true' successfully

03-03-2025T13:17:15 - [TEST_STEP][PASSED] - b = <not implemented yet for class: org.codehaus.groovy.ast.expr.EmptyExpression>: null

03-03-2025T13:17:15 - [TEST_STEP][PASSED] - b1 = <not implemented yet for class: org.codehaus.groovy.ast.expr.EmptyExpression>: null

03-03-2025T13:17:15 - [TEST_STEP][PASSED] - b2 = <not implemented yet for class: org.codehaus.groovy.ast.expr.EmptyExpression>: null

03-03-2025T13:17:15 - [TEST_STEP][PASSED] - click(findTestObject("Факторный анализ/Фильтр Дата Выручка")): Object: 'Object Repository/Факторный анализ/Фильтр Дата Выручка' is clicked on

03-03-2025T13:17:38 - [MESSAGE][PASSED] - Object: 'Object Repository/Факторный анализ/Фильтр Дата Выручка' is clicked on

03-03-2025T13:17:38 - [TEST_STEP][PASSED] - click(findTestObject("Факторный анализ/Снять выделение в фильтре Дата Выручка")): Object: 'Object Repository/Факторный анализ/Снять выделение в фильтре Дата Выручка' is clicked on

03-03-2025T13:17:38 - [MESSAGE][PASSED] - Object: 'Object Repository/Факторный анализ/Снять выделение в фильтре Дата Выручка' is clicked on

03-03-2025T13:17:38 - [TEST_STEP][PASSED] - click(findTestObject("Факторный анализ/Применить в фильтре Дата Выручка")): Object: 'Object Repository/Факторный анализ/Применить в фильтре Дата Выручка' is clicked on

03-03-2025T13:17:39 - [MESSAGE][PASSED] - Object: 'Object Repository/Факторный анализ/Применить в фильтре Дата Выручка' is clicked on

03-03-2025T13:17:39 - [TEST_STEP][PASSED] - delay(10): Delayed 10 second(s)

03-03-2025T13:17:49 - [MESSAGE][PASSED] - Delayed 10 second(s)

03-03-2025T13:17:49 - [TEST_STEP][PASSED] - click(findTestObject("Факторный анализ/Фильтр Дата Выручка")): Object: 'Object Repository/Факторный анализ/Фильтр Дата Выручка' is clicked on

03-03-2025T13:17:49 - [MESSAGE][PASSED] - Object: 'Object Repository/Факторный анализ/Фильтр Дата Выручка' is clicked on

03-03-2025T13:17:49 - [TEST_STEP][PASSED] - click(findTestObject("Факторный анализ/Снять выделение в фильтре Дата Выручка")): Object: 'Object Repository/Факторный анализ/Снять выделение в фильтре Дата Выручка' is clicked on

03-03-2025T13:17:50 - [MESSAGE][PASSED] - Object: 'Object Repository/Факторный анализ/Снять выделение в фильтре Дата Выручка' is clicked on

03-03-2025T13:17:50 - [TEST_STEP][PASSED] - scrollToElement(findTestObject("Факторный анализ/2025 список Выручка"), 30): Scroll to object 'Object Repository/Факторный анализ/2025 список Выручка' successfully

03-03-2025T13:17:50 - [MESSAGE][PASSED] - Scroll to object 'Object Repository/Факторный анализ/2025 список Выручка' successfully

03-03-2025T13:17:50 - [TEST_STEP][PASSED] - click(findTestObject("Факторный анализ/2025 список Выручка")): Object: 'Object Repository/Факторный анализ/2025 список Выручка' is clicked on

03-03-2025T13:17:50 - [MESSAGE][PASSED] - Object: 'Object Repository/Факторный анализ/2025 список Выручка' is clicked on

03-03-2025T13:17:50 - [TEST_STEP][PASSED] - scrollToElement(findTestObject("Факторный анализ/1 квартал 2025 список Выручка"), 30): Scroll to object 'Object Repository/Факторный анализ/1 квартал 2025 список Выручка' successfully

03-03-2025T13:17:51 - [MESSAGE][PASSED] - Scroll to object 'Object Repository/Факторный анализ/1 квартал 2025 список Выручка' successfully

03-03-2025T13:17:51 - [TEST_STEP][PASSED] - click(findTestObject("Факторный анализ/1 квартал 2025 список Выручка"), CONTINUE_ON_FAILURE): Object: 'Object Repository/Факторный анализ/1 квартал 2025 список Выручка' is clicked on

03-03-2025T13:17:51 - [MESSAGE][PASSED] - Object: 'Object Repository/Факторный анализ/1 квартал 2025 список Выручка' is clicked on

03-03-2025T13:17:51 - [TEST_STEP][PASSED] - scrollToElement(findTestObject("Факторный анализ/Январь 2025 Выручка"), 30): Scroll to object 'Object Repository/Факторный анализ/Январь 2025 Выручка' successfully

03-03-2025T13:17:51 - [MESSAGE][PASSED] - Scroll to object 'Object Repository/Факторный анализ/Январь 2025 Выручка' successfully

03-03-2025T13:17:51 - [TEST_STEP][PASSED] - click(findTestObject("Факторный анализ/Январь 2025 Выручка"), CONTINUE_ON_FAILURE): Object: 'Object Repository/Факторный анализ/Январь 2025 Выручка' is clicked on

03-03-2025T13:17:52 - [MESSAGE][PASSED] - Object: 'Object Repository/Факторный анализ/Январь 2025 Выручка' is clicked on

03-03-2025T13:17:52 - [TEST_STEP][PASSED] - scrollToElement(findTestObject("Факторный анализ/Заголовок дашборда Выручка"), 30): Scroll to object 'Object Repository/Факторный анализ/Заголовок дашборда Выручка' successfully

03-03-2025T13:17:52 - [MESSAGE][PASSED] - Scroll to object 'Object Repository/Факторный анализ/Заголовок дашборда Выручка' successfully

03-03-2025T13:17:52 - [TEST_STEP][PASSED] - click(findTestObject("Факторный анализ/Применить в фильтре Дата Выручка")): Object: 'Object Repository/Факторный анализ/Применить в фильтре Дата Выручка' is clicked on

03-03-2025T13:17:53 - [MESSAGE][PASSED] - Object: 'Object Repository/Факторный анализ/Применить в фильтре Дата Выручка' is clicked on

03-03-2025T13:17:53 - [TEST_STEP][PASSED] - if (run == 1): null

03-03-2025T13:17:53 - [TEST_STEP][PASSED] - b = getText(findTestObject("Факторный анализ/Отклонения выручки по факторам Выручка")): Text of object 'Object Repository/Факторный анализ/Отклонения выручки по факторам Выручка' is: '-121 309-121 309
00
Отклонение (объём услуг) филиал без Nan
Отклонение (средний тариф) филиал без Nan
ПАО Россети'

03-03-2025T13:18:03 - [MESSAGE][PASSED] - Text of object 'Object Repository/Факторный анализ/Отклонения выручки по факторам Выручка' is: '-121 309-121 309
00
Отклонение (объём услуг) филиал без Nan
Отклонение (средний тариф) филиал без Nan
ПАО Россети'

03-03-2025T13:18:03 - [TEST_STEP][PASSED] - b = b.replaceAll("[\r?
|
]", "/"): null

03-03-2025T13:18:03 - [TEST_STEP][PASSED] - println("b: " + b): null

03-03-2025T13:18:03 - [TEST_STEP][PASSED] - i = b.indexOf("Отклонение"): null

03-03-2025T13:18:03 - [TEST_STEP][PASSED] - if (i > -1): null

03-03-2025T13:18:03 - [TEST_STEP][PASSED] - i = i: null

03-03-2025T13:18:03 - [TEST_STEP][PASSED] - b = substring(0, i).trim(): null

03-03-2025T13:18:03 - [TEST_STEP][PASSED] - println("b: " + b): null

03-03-2025T13:18:03 - [TEST_STEP][PASSED] - i = b.indexOf("/"): null

03-03-2025T13:18:03 - [TEST_STEP][PASSED] - if (i > -1): null

03-03-2025T13:18:03 - [TEST_STEP][PASSED] - b1 = b.substring(0, i): null

03-03-2025T13:18:03 - [TEST_STEP][PASSED] - println("b1: " + b1): null

03-03-2025T13:18:03 - [TEST_STEP][PASSED] - b2 = b.substring(b1.length() + 1, b.length()): null

03-03-2025T13:18:03 - [TEST_STEP][PASSED] - println("b2: " + b2): null

03-03-2025T13:18:03 - [TEST_STEP][PASSED] - i = b1.length() / 2: null

03-03-2025T13:18:03 - [TEST_STEP][PASSED] - if (i > -1): null

03-03-2025T13:18:03 - [TEST_STEP][PASSED] - b1 = replaceAll("\s+", "").trim(): null

03-03-2025T13:18:03 - [TEST_STEP][PASSED] - println("b1: " + b1): null

03-03-2025T13:18:03 - [TEST_STEP][PASSED] - i = b2.length() / 2: null

03-03-2025T13:18:03 - [TEST_STEP][PASSED] - if (i > -1): null

03-03-2025T13:18:03 - [TEST_STEP][PASSED] - b2 = replaceAll("\s+", "").trim(): null

03-03-2025T13:18:03 - [TEST_STEP][PASSED] - println("b2: " + b2): null

03-03-2025T13:18:03 - [TEST_STEP][PASSED] - vidget = "Отклонения выручки по факторам": null

03-03-2025T13:18:03 - [TEST_STEP][PASSED] - DZO = "ПАО Россети": null

03-03-2025T13:18:03 - [TEST_STEP][PASSED] - typeOfData = "Отклонение (объём услуг)": null

03-03-2025T13:18:03 - [TEST_STEP][PASSED] - Script1719551244403.Compare(x = a1, y = b1, run, typeOfData, otobrajeniyeDannyh, todaysDate, vidget, DZO): null

03-03-2025T13:18:03 - [TEST_STEP][PASSED] - if (verifyEqual(x, y) == true): Actual object '-121309' and expected object '-121309' are equal

03-03-2025T13:18:03 - [MESSAGE][PASSED] - Actual object '-121309' and expected object '-121309' are equal

03-03-2025T13:18:03 - [TEST_STEP][PASSED] - typeOfData = "Отклонение (средний тариф)": null

03-03-2025T13:18:03 - [TEST_STEP][PASSED] - Script1719551244403.Compare(x = a2, y = b2, run, typeOfData, otobrajeniyeDannyh, todaysDate, vidget, DZO): null

03-03-2025T13:18:03 - [TEST_STEP][FAILED] - if (verifyEqual(x, y) == true): Unable to verify equal between actual object '701' and expected object '0' (Root cause: com.kms.katalon.core.exception.StepFailedException: Actual object '701' and expected object '0' are not equal
	at com.kms.katalon.core.keyword.builtin.VerifyEqualKeyword$_verifyEqual_closure1.doCall(VerifyEqualKeyword.groovy:58)
	at com.kms.katalon.core.keyword.builtin.VerifyEqualKeyword$_verifyEqual_closure1.call(VerifyEqualKeyword.groovy)
	at com.kms.katalon.core.keyword.internal.KeywordMain.runKeyword(KeywordMain.groovy:75)
	at com.kms.katalon.core.keyword.builtin.VerifyEqualKeyword.verifyEqual(VerifyEqualKeyword.groovy:63)
	at com.kms.katalon.core.keyword.builtin.VerifyEqualKeyword.execute(VerifyEqualKeyword.groovy:44)
	at com.kms.katalon.core.keyword.internal.KeywordExecutor.executeKeywordForPlatform(KeywordExecutor.groovy:74)
	at com.kms.katalon.core.keyword.BuiltinKeywords.verifyEqual(BuiltinKeywords.groovy:146)
	at jdk.internal.reflect.GeneratedMethodAccessor24.invoke(Unknown Source)
	at java.base/jdk.internal.reflect.DelegatingMethodAccessorImpl.invoke(DelegatingMethodAccessorImpl.java:43)
	at Факторный анализ сверка дашбордов.Compare(Факторный анализ сверка дашбордов:654)
	at Факторный анализ сверка дашбордов.Test(Факторный анализ сверка дашбордов:422)
	at Факторный анализ сверка дашбордов.run(Факторный анализ сверка дашбордов:44)
	at com.kms.katalon.core.main.ScriptEngine.run(ScriptEngine.java:194)
	at com.kms.katalon.core.main.ScriptEngine.runScriptAsRawText(ScriptEngine.java:119)
	at com.kms.katalon.core.main.TestCaseExecutor.runScript(TestCaseExecutor.java:448)
	at com.kms.katalon.core.main.TestCaseExecutor.doExecute(TestCaseExecutor.java:439)
	at com.kms.katalon.core.main.TestCaseExecutor.processExecutionPhase(TestCaseExecutor.java:418)
	at com.kms.katalon.core.main.TestCaseExecutor.accessMainPhase(TestCaseExecutor.java:410)
	at com.kms.katalon.core.main.TestCaseExecutor.execute(TestCaseExecutor.java:285)
	at com.kms.katalon.core.common.CommonExecutor.accessTestCaseMainPhase(CommonExecutor.java:65)
	at com.kms.katalon.core.main.TestSuiteExecutor.accessTestSuiteMainPhase(TestSuiteExecutor.java:150)
	at com.kms.katalon.core.main.TestSuiteExecutor.execute(TestSuiteExecutor.java:106)
	at com.kms.katalon.core.main.TestCaseMain.startTestSuite(TestCaseMain.java:180)
	at TempTestSuite1740991900055.run(TempTestSuite1740991900055.groovy:35)
	at java.base/jdk.internal.reflect.NativeMethodAccessorImpl.invoke0(Native Method)
	at java.base/jdk.internal.reflect.NativeMethodAccessorImpl.invoke(NativeMethodAccessorImpl.java:77)
	at java.base/jdk.internal.reflect.DelegatingMethodAccessorImpl.invoke(DelegatingMethodAccessorImpl.java:43)
)

03-03-2025T13:18:03 - [MESSAGE][FAILED] - Unable to verify equal between actual object '701' and expected object '0' (Root cause: com.kms.katalon.core.exception.StepFailedException: Actual object '701' and expected object '0' are not equal
	at com.kms.katalon.core.keyword.builtin.VerifyEqualKeyword$_verifyEqual_closure1.doCall(VerifyEqualKeyword.groovy:58)
	at com.kms.katalon.core.keyword.builtin.VerifyEqualKeyword$_verifyEqual_closure1.call(VerifyEqualKeyword.groovy)
	at com.kms.katalon.core.keyword.internal.KeywordMain.runKeyword(KeywordMain.groovy:75)
	at com.kms.katalon.core.keyword.builtin.VerifyEqualKeyword.verifyEqual(VerifyEqualKeyword.groovy:63)
	at com.kms.katalon.core.keyword.builtin.VerifyEqualKeyword.execute(VerifyEqualKeyword.groovy:44)
	at com.kms.katalon.core.keyword.internal.KeywordExecutor.executeKeywordForPlatform(KeywordExecutor.groovy:74)
	at com.kms.katalon.core.keyword.BuiltinKeywords.verifyEqual(BuiltinKeywords.groovy:146)
	at jdk.internal.reflect.GeneratedMethodAccessor24.invoke(Unknown Source)
	at java.base/jdk.internal.reflect.DelegatingMethodAccessorImpl.invoke(DelegatingMethodAccessorImpl.java:43)
	at Факторный анализ сверка дашбордов.Compare(Факторный анализ сверка дашбордов:654)
	at Факторный анализ сверка дашбордов.Test(Факторный анализ сверка дашбордов:422)
	at Факторный анализ сверка дашбордов.run(Факторный анализ сверка дашбордов:44)
	at com.kms.katalon.core.main.ScriptEngine.run(ScriptEngine.java:194)
	at com.kms.katalon.core.main.ScriptEngine.runScriptAsRawText(ScriptEngine.java:119)
	at com.kms.katalon.core.main.TestCaseExecutor.runScript(TestCaseExecutor.java:448)
	at com.kms.katalon.core.main.TestCaseExecutor.doExecute(TestCaseExecutor.java:439)
	at com.kms.katalon.core.main.TestCaseExecutor.processExecutionPhase(TestCaseExecutor.java:418)
	at com.kms.katalon.core.main.TestCaseExecutor.accessMainPhase(TestCaseExecutor.java:410)
	at com.kms.katalon.core.main.TestCaseExecutor.execute(TestCaseExecutor.java:285)
	at com.kms.katalon.core.common.CommonExecutor.accessTestCaseMainPhase(CommonExecutor.java:65)
	at com.kms.katalon.core.main.TestSuiteExecutor.accessTestSuiteMainPhase(TestSuiteExecutor.java:150)
	at com.kms.katalon.core.main.TestSuiteExecutor.execute(TestSuiteExecutor.java:106)
	at com.kms.katalon.core.main.TestCaseMain.startTestSuite(TestCaseMain.java:180)
	at TempTestSuite1740991900055.run(TempTestSuite1740991900055.groovy:35)
	at java.base/jdk.internal.reflect.NativeMethodAccessorImpl.invoke0(Native Method)
	at java.base/jdk.internal.reflect.NativeMethodAccessorImpl.invoke(NativeMethodAccessorImpl.java:77)
	at java.base/jdk.internal.reflect.DelegatingMethodAccessorImpl.invoke(DelegatingMethodAccessorImpl.java:43)
)

03-03-2025T13:18:03 - [TEST_STEP][PASSED] - else: null

03-03-2025T13:18:03 - [TEST_STEP][PASSED] - if (run == 1): null

03-03-2025T13:18:03 - [TEST_STEP][PASSED] - otobrajeniyeDannyh = "Филиал": null

03-03-2025T13:18:03 - [TEST_STEP][PASSED] - Script1719551244403.WriteToExcel(todaysDate, typeOfData, otobrajeniyeDannyh, x, y, vidget, DZO): null

03-03-2025T13:18:03 - [TEST_STEP][PASSED] - sheetName = "Sheet1": null

03-03-2025T13:18:03 - [TEST_STEP][PASSED] - data = findTestData("PlanFact"): null

03-03-2025T13:18:03 - [TEST_STEP][PASSED] - n = data.getRowNumbers() + 1: null

03-03-2025T13:18:03 - [TEST_STEP][PASSED] - period = getText(findTestObject("Факторный анализ/Фильтр Период")): Text of object 'Object Repository/Факторный анализ/Фильтр Период' is: 'Январь 2025 года'

03-03-2025T13:18:03 - [MESSAGE][PASSED] - Text of object 'Object Repository/Факторный анализ/Фильтр Период' is: 'Январь 2025 года'

03-03-2025T13:18:03 - [TEST_STEP][PASSED] - println(period): null

03-03-2025T13:18:03 - [TEST_STEP][PASSED] - dashboardName = "Факторный анализ": null

03-03-2025T13:18:03 - [TEST_STEP][PASSED] - workbook01 = getWorkbook(excelFilePath): null

03-03-2025T13:18:03 - [TEST_STEP][PASSED] - sheet01 = getExcelSheet(workbook01, sheetName): null

03-03-2025T13:18:03 - [TEST_STEP][PASSED] - setValueToCellByIndex(sheet01, n, 0, dashboardName): null

03-03-2025T13:18:03 - [TEST_STEP][PASSED] - setValueToCellByIndex(sheet01, n, 1, DZO): null

03-03-2025T13:18:03 - [TEST_STEP][PASSED] - setValueToCellByIndex(sheet01, n, 2, vidget): null

03-03-2025T13:18:03 - [TEST_STEP][PASSED] - setValueToCellByIndex(sheet01, n, 3, typeOfData): null

03-03-2025T13:18:03 - [TEST_STEP][PASSED] - setValueToCellByIndex(sheet01, n, 4, otobrajeniyeDannyh): null

03-03-2025T13:18:03 - [TEST_STEP][PASSED] - setValueToCellByIndex(sheet01, n, 5, period): null

03-03-2025T13:18:03 - [TEST_STEP][PASSED] - setValueToCellByIndex(sheet01, n, 6, todaysDate): null

03-03-2025T13:18:03 - [TEST_STEP][PASSED] - n = n + 1: null

03-03-2025T13:18:03 - [TEST_STEP][PASSED] - saveWorkbook(excelFilePath, workbook01): null

03-03-2025T13:18:03 - [TEST_STEP][PASSED] - tableB = getText(findTestObject("Факторный анализ/AllTable1 Выручка")).replaceAll("[\r?
|
]", "/"): Text of object 'Object Repository/Факторный анализ/AllTable1 Выручка' is: 'ДЗО
Филиал
Отклонение (объём услуг) филиал без Nan
Отклонение (средний тариф) филиал без Nan
АО "РЭС" АО "РЭС" -76 3
АО «Тываэнерго» АО "Тываэнерго" 0 0
АО «Чеченэнерго» АО «Чеченэнерго» 0 0
Россети Волга Мордовэнерго - 150 -6
Оренбургэнерго 0 0
Пензаэнерго -35 -1
Самарские РС -78 142
Саратовские РС -77 -49
Ульяновские РС 14 6
Чувашэнерго -4 12
Россети Кубань Кубаньэнерго - 341 287
Россети Ленэнерго (ГК) Ленинградская область - 311 187
г. Санкт-Петербург - 291 12
Россети Московский регион Московская область - 780 53
г. Москва 0 0
Россети Северный Кавказ (ГК) Дагэнерго 0 0
Ингушэнерго 0 0
Каббалкэнерго 0 0
Карачаево-Черкесскэнерго 0 0
Севкавказэнерго 0 0
Ставропольэнерго 0 0
Россети Северо-Запад Архангельский филиал -52 21
Вологодский филиал -40 10
Карельский филиал -50 -15
Мурманский филиал 20 -17
Новгородский филиал -49 0
Псковский филиал -48 13
филиал в Республике Коми -53 9
Россети Сибирь (ГК) Алтайэнерго 0 0
Бурятэнерго 0 0
ГАЭС 0 0
Красноярскэнерго 0 0
Кузбассэнерго-РЭС 0 0
Омскэнерго 0 0
Хакасэнерго 0 0
Читаэнерго 0 0
Россети Томск Томская распределительная компания -62 5
Россети Тюмень Россети Тюмень - 986 - 117
Россети Урал (ГК) Пермэнерго - 187 5
Свердловэнерго - 152 -4
Челябэнерго - 141 5
Россети ФСК ЕЭС Итого по ФСК ЕЭС - 311 252
Россети Центр Белгородэнерго -85 14
Брянскэнерго -50 -8
Воронежэнерго -98 -2
Костромаэнерго -42 3
Курскэнерго -32 8
Липецкэнерго -79 20
Орелэнерго -40 5
Смоленскэнерго -52 -7
Тамбовэнерго -25 -5
Тверьэнерго - 133 0
Ярэнерго -60 -6
Россети Центр и Приволжье (ГК) Владимирэнерго 0 0
Ивэнерго 0 0
Калугаэнерго 0 0
Кировэнерго 0 0
Мариэнерго 0 0
Нижновэнерго 0 0
Рязаньэнерго 0 0
Тулэнерго 0 0
Удмуртэнерго 0 0
Россети Юг (ГК) АО «ВМЭС» 0 4
Астраханьэнерго 0 0
Волгоградэнерго - 140 -12
Калмэнерго -8 2
Ростовэнерго -47 16
Россети Янтарь Россети Янтарь -31 12'

03-03-2025T13:18:04 - [MESSAGE][PASSED] - Text of object 'Object Repository/Факторный анализ/AllTable1 Выручка' is: 'ДЗО
Филиал
Отклонение (объём услуг) филиал без Nan
Отклонение (средний тариф) филиал без Nan
АО "РЭС" АО "РЭС" -76 3
АО «Тываэнерго» АО "Тываэнерго" 0 0
АО «Чеченэнерго» АО «Чеченэнерго» 0 0
Россети Волга Мордовэнерго - 150 -6
Оренбургэнерго 0 0
Пензаэнерго -35 -1
Самарские РС -78 142
Саратовские РС -77 -49
Ульяновские РС 14 6
Чувашэнерго -4 12
Россети Кубань Кубаньэнерго - 341 287
Россети Ленэнерго (ГК) Ленинградская область - 311 187
г. Санкт-Петербург - 291 12
Россети Московский регион Московская область - 780 53
г. Москва 0 0
Россети Северный Кавказ (ГК) Дагэнерго 0 0
Ингушэнерго 0 0
Каббалкэнерго 0 0
Карачаево-Черкесскэнерго 0 0
Севкавказэнерго 0 0
Ставропольэнерго 0 0
Россети Северо-Запад Архангельский филиал -52 21
Вологодский филиал -40 10
Карельский филиал -50 -15
Мурманский филиал 20 -17
Новгородский филиал -49 0
Псковский филиал -48 13
филиал в Республике Коми -53 9
Россети Сибирь (ГК) Алтайэнерго 0 0
Бурятэнерго 0 0
ГАЭС 0 0
Красноярскэнерго 0 0
Кузбассэнерго-РЭС 0 0
Омскэнерго 0 0
Хакасэнерго 0 0
Читаэнерго 0 0
Россети Томск Томская распределительная компания -62 5
Россети Тюмень Россети Тюмень - 986 - 117
Россети Урал (ГК) Пермэнерго - 187 5
Свердловэнерго - 152 -4
Челябэнерго - 141 5
Россети ФСК ЕЭС Итого по ФСК ЕЭС - 311 252
Россети Центр Белгородэнерго -85 14
Брянскэнерго -50 -8
Воронежэнерго -98 -2
Костромаэнерго -42 3
Курскэнерго -32 8
Липецкэнерго -79 20
Орелэнерго -40 5
Смоленскэнерго -52 -7
Тамбовэнерго -25 -5
Тверьэнерго - 133 0
Ярэнерго -60 -6
Россети Центр и Приволжье (ГК) Владимирэнерго 0 0
Ивэнерго 0 0
Калугаэнерго 0 0
Кировэнерго 0 0
Мариэнерго 0 0
Нижновэнерго 0 0
Рязаньэнерго 0 0
Тулэнерго 0 0
Удмуртэнерго 0 0
Россети Юг (ГК) АО «ВМЭС» 0 4
Астраханьэнерго 0 0
Волгоградэнерго - 140 -12
Калмэнерго -8 2
Ростовэнерго -47 16
Россети Янтарь Россети Янтарь -31 12'

03-03-2025T13:18:04 - [TEST_STEP][PASSED] - println("tableB: " + tableB): null

03-03-2025T13:18:04 - [TEST_STEP][PASSED] - for ([i = 1, i < 5, (i++)]): null

03-03-2025T13:18:04 - [TEST_STEP][PASSED] - ii = tableB.indexOf("/") + 1: null

03-03-2025T13:18:04 - [TEST_STEP][PASSED] - tableB = tableB.substring(ii, tableB.length()): null

03-03-2025T13:18:04 - [TEST_STEP][PASSED] - ii = tableB.indexOf("/") + 1: null

03-03-2025T13:18:04 - [TEST_STEP][PASSED] - tableB = tableB.substring(ii, tableB.length()): null

03-03-2025T13:18:04 - [TEST_STEP][PASSED] - ii = tableB.indexOf("/") + 1: null

03-03-2025T13:18:04 - [TEST_STEP][PASSED] - tableB = tableB.substring(ii, tableB.length()): null

03-03-2025T13:18:04 - [TEST_STEP][PASSED] - ii = tableB.indexOf("/") + 1: null

03-03-2025T13:18:04 - [TEST_STEP][PASSED] - tableB = tableB.substring(ii, tableB.length()): null

03-03-2025T13:18:04 - [TEST_STEP][PASSED] - println("tableB: " + tableB): null

03-03-2025T13:18:04 - [TEST_STEP][PASSED] - TyB = Script1719551244403.GetData(x = tableB): null

03-03-2025T13:18:04 - [TEST_STEP][PASSED] - i2 = <not implemented yet for class: org.codehaus.groovy.ast.expr.EmptyExpression>: null

03-03-2025T13:18:04 - [TEST_STEP][PASSED] - i2 = x.indexOf("/") + 1: null

03-03-2025T13:18:04 - [TEST_STEP][PASSED] - x = replaceAll("\p{P}", "").trim(): null

03-03-2025T13:18:04 - [TEST_STEP][PASSED] - return x: null

03-03-2025T13:18:04 - [TEST_STEP][PASSED] - println("TyB: " + TyB): null

03-03-2025T13:18:04 - [TEST_STEP][PASSED] - tableB = Script1719551244403.NewDZO(x = tableB): null

03-03-2025T13:18:04 - [TEST_STEP][PASSED] - i3 = <not implemented yet for class: org.codehaus.groovy.ast.expr.EmptyExpression>: null

03-03-2025T13:18:04 - [TEST_STEP][PASSED] - i3 = x.indexOf("/") + 1: null

03-03-2025T13:18:04 - [TEST_STEP][PASSED] - x = x.substring(i3, x.length()): null

03-03-2025T13:18:04 - [TEST_STEP][PASSED] - return x: null

03-03-2025T13:18:04 - [TEST_STEP][PASSED] - ChB = Script1719551244403.GetData(x = tableB): null

03-03-2025T13:18:04 - [TEST_STEP][PASSED] - i2 = <not implemented yet for class: org.codehaus.groovy.ast.expr.EmptyExpression>: null

03-03-2025T13:18:04 - [TEST_STEP][PASSED] - i2 = x.indexOf("/") + 1: null

03-03-2025T13:18:04 - [TEST_STEP][PASSED] - x = replaceAll("\p{P}", "").trim(): null

03-03-2025T13:18:04 - [TEST_STEP][PASSED] - return x: null

03-03-2025T13:18:04 - [TEST_STEP][PASSED] - println("ChB: " + ChB): null

03-03-2025T13:18:04 - [TEST_STEP][PASSED] - tableB = Script1719551244403.NewDZO(x = tableB): null

03-03-2025T13:18:04 - [TEST_STEP][PASSED] - i3 = <not implemented yet for class: org.codehaus.groovy.ast.expr.EmptyExpression>: null

03-03-2025T13:18:04 - [TEST_STEP][PASSED] - i3 = x.indexOf("/") + 1: null

03-03-2025T13:18:04 - [TEST_STEP][PASSED] - x = x.substring(i3, x.length()): null

03-03-2025T13:18:04 - [TEST_STEP][PASSED] - return x: null

03-03-2025T13:18:04 - [TEST_STEP][PASSED] - i = tableB.indexOf("Кубань"): null

03-03-2025T13:18:04 - [TEST_STEP][PASSED] - VB = replaceAll("\p{P}", "").trim(): null

03-03-2025T13:18:04 - [TEST_STEP][PASSED] - println("VB: " + VB): null

03-03-2025T13:18:04 - [TEST_STEP][PASSED] - for ([i = 1, i < 8, (i++)]): null

03-03-2025T13:18:04 - [TEST_STEP][PASSED] - tableB = Script1719551244403.NewDZO(x = tableB): null

03-03-2025T13:18:04 - [TEST_STEP][PASSED] - i3 = <not implemented yet for class: org.codehaus.groovy.ast.expr.EmptyExpression>: null

03-03-2025T13:18:04 - [TEST_STEP][PASSED] - i3 = x.indexOf("/") + 1: null

03-03-2025T13:18:04 - [TEST_STEP][PASSED] - x = x.substring(i3, x.length()): null

03-03-2025T13:18:04 - [TEST_STEP][PASSED] - return x: null

03-03-2025T13:18:04 - [TEST_STEP][PASSED] - tableB = Script1719551244403.NewDZO(x = tableB): null

03-03-2025T13:18:04 - [TEST_STEP][PASSED] - i3 = <not implemented yet for class: org.codehaus.groovy.ast.expr.EmptyExpression>: null

03-03-2025T13:18:04 - [TEST_STEP][PASSED] - i3 = x.indexOf("/") + 1: null

03-03-2025T13:18:04 - [TEST_STEP][PASSED] - x = x.substring(i3, x.length()): null

03-03-2025T13:18:04 - [TEST_STEP][PASSED] - return x: null

03-03-2025T13:18:04 - [TEST_STEP][PASSED] - tableB = Script1719551244403.NewDZO(x = tableB): null

03-03-2025T13:18:04 - [TEST_STEP][PASSED] - i3 = <not implemented yet for class: org.codehaus.groovy.ast.expr.EmptyExpression>: null

03-03-2025T13:18:04 - [TEST_STEP][PASSED] - i3 = x.indexOf("/") + 1: null

03-03-2025T13:18:04 - [TEST_STEP][PASSED] - x = x.substring(i3, x.length()): null

03-03-2025T13:18:04 - [TEST_STEP][PASSED] - return x: null

03-03-2025T13:18:04 - [TEST_STEP][PASSED] - tableB = Script1719551244403.NewDZO(x = tableB): null

03-03-2025T13:18:04 - [TEST_STEP][PASSED] - i3 = <not implemented yet for class: org.codehaus.groovy.ast.expr.EmptyExpression>: null

03-03-2025T13:18:04 - [TEST_STEP][PASSED] - i3 = x.indexOf("/") + 1: null

03-03-2025T13:18:04 - [TEST_STEP][PASSED] - x = x.substring(i3, x.length()): null

03-03-2025T13:18:04 - [TEST_STEP][PASSED] - return x: null

03-03-2025T13:18:04 - [TEST_STEP][PASSED] - tableB = Script1719551244403.NewDZO(x = tableB): null

03-03-2025T13:18:04 - [TEST_STEP][PASSED] - i3 = <not implemented yet for class: org.codehaus.groovy.ast.expr.EmptyExpression>: null

03-03-2025T13:18:04 - [TEST_STEP][PASSED] - i3 = x.indexOf("/") + 1: null

03-03-2025T13:18:04 - [TEST_STEP][PASSED] - x = x.substring(i3, x.length()): null

03-03-2025T13:18:04 - [TEST_STEP][PASSED] - return x: null

03-03-2025T13:18:04 - [TEST_STEP][PASSED] - tableB = Script1719551244403.NewDZO(x = tableB): null

03-03-2025T13:18:04 - [TEST_STEP][PASSED] - i3 = <not implemented yet for class: org.codehaus.groovy.ast.expr.EmptyExpression>: null

03-03-2025T13:18:04 - [TEST_STEP][PASSED] - i3 = x.indexOf("/") + 1: null

03-03-2025T13:18:04 - [TEST_STEP][PASSED] - x = x.substring(i3, x.length()): null

03-03-2025T13:18:04 - [TEST_STEP][PASSED] - return x: null

03-03-2025T13:18:04 - [TEST_STEP][PASSED] - tableB = Script1719551244403.NewDZO(x = tableB): null

03-03-2025T13:18:04 - [TEST_STEP][PASSED] - i3 = <not implemented yet for class: org.codehaus.groovy.ast.expr.EmptyExpression>: null

03-03-2025T13:18:04 - [TEST_STEP][PASSED] - i3 = x.indexOf("/") + 1: null

03-03-2025T13:18:04 - [TEST_STEP][PASSED] - x = x.substring(i3, x.length()): null

03-03-2025T13:18:04 - [TEST_STEP][PASSED] - return x: null

03-03-2025T13:18:04 - [TEST_STEP][PASSED] - i = tableB.indexOf("Ленэнерго"): null

03-03-2025T13:18:04 - [TEST_STEP][PASSED] - KuB = Script1719551244403.GetData(x = tableB): null

03-03-2025T13:18:04 - [TEST_STEP][PASSED] - i2 = <not implemented yet for class: org.codehaus.groovy.ast.expr.EmptyExpression>: null

03-03-2025T13:18:04 - [TEST_STEP][PASSED] - i2 = x.indexOf("/") + 1: null

03-03-2025T13:18:04 - [TEST_STEP][PASSED] - x = replaceAll("\p{P}", "").trim(): null

03-03-2025T13:18:04 - [TEST_STEP][PASSED] - return x: null

03-03-2025T13:18:04 - [TEST_STEP][PASSED] - println("KuB: " + KuB): null

03-03-2025T13:18:04 - [TEST_STEP][PASSED] - tableB = Script1719551244403.NewDZO(x = tableB): null

03-03-2025T13:18:04 - [TEST_STEP][PASSED] - i3 = <not implemented yet for class: org.codehaus.groovy.ast.expr.EmptyExpression>: null

03-03-2025T13:18:04 - [TEST_STEP][PASSED] - i3 = x.indexOf("/") + 1: null

03-03-2025T13:18:04 - [TEST_STEP][PASSED] - x = x.substring(i3, x.length()): null

03-03-2025T13:18:04 - [TEST_STEP][PASSED] - return x: null

03-03-2025T13:18:04 - [TEST_STEP][PASSED] - i = tableB.indexOf("Московский"): null

03-03-2025T13:18:04 - [TEST_STEP][PASSED] - LenB = replaceAll("\p{P}", "").trim(): null

03-03-2025T13:18:04 - [TEST_STEP][PASSED] - println("LenB: " + LenB): null

03-03-2025T13:18:04 - [TEST_STEP][PASSED] - tableB = Script1719551244403.NewDZO(x = tableB): null

03-03-2025T13:18:04 - [TEST_STEP][PASSED] - i3 = <not implemented yet for class: org.codehaus.groovy.ast.expr.EmptyExpression>: null

03-03-2025T13:18:04 - [TEST_STEP][PASSED] - i3 = x.indexOf("/") + 1: null

03-03-2025T13:18:04 - [TEST_STEP][PASSED] - x = x.substring(i3, x.length()): null

03-03-2025T13:18:04 - [TEST_STEP][PASSED] - return x: null

03-03-2025T13:18:04 - [TEST_STEP][PASSED] - tableB = Script1719551244403.NewDZO(x = tableB): null

03-03-2025T13:18:04 - [TEST_STEP][PASSED] - i3 = <not implemented yet for class: org.codehaus.groovy.ast.expr.EmptyExpression>: null

03-03-2025T13:18:04 - [TEST_STEP][PASSED] - i3 = x.indexOf("/") + 1: null

03-03-2025T13:18:04 - [TEST_STEP][PASSED] - x = x.substring(i3, x.length()): null

03-03-2025T13:18:04 - [TEST_STEP][PASSED] - return x: null

03-03-2025T13:18:04 - [TEST_STEP][PASSED] - i = tableB.indexOf("Кавказ"): null

03-03-2025T13:18:04 - [TEST_STEP][PASSED] - MosB = replaceAll("\p{P}", "").trim(): null

03-03-2025T13:18:04 - [TEST_STEP][PASSED] - println("MosB: " + MosB): null

03-03-2025T13:18:04 - [TEST_STEP][PASSED] - for ([i = 1, i < 3, (i++)]): null

03-03-2025T13:18:04 - [TEST_STEP][PASSED] - tableB = Script1719551244403.NewDZO(x = tableB): null

03-03-2025T13:18:04 - [TEST_STEP][PASSED] - i3 = <not implemented yet for class: org.codehaus.groovy.ast.expr.EmptyExpression>: null

03-03-2025T13:18:04 - [TEST_STEP][PASSED] - i3 = x.indexOf("/") + 1: null

03-03-2025T13:18:04 - [TEST_STEP][PASSED] - x = x.substring(i3, x.length()): null

03-03-2025T13:18:04 - [TEST_STEP][PASSED] - return x: null

03-03-2025T13:18:04 - [TEST_STEP][PASSED] - tableB = Script1719551244403.NewDZO(x = tableB): null

03-03-2025T13:18:04 - [TEST_STEP][PASSED] - i3 = <not implemented yet for class: org.codehaus.groovy.ast.expr.EmptyExpression>: null

03-03-2025T13:18:04 - [TEST_STEP][PASSED] - i3 = x.indexOf("/") + 1: null

03-03-2025T13:18:04 - [TEST_STEP][PASSED] - x = x.substring(i3, x.length()): null

03-03-2025T13:18:04 - [TEST_STEP][PASSED] - return x: null

03-03-2025T13:18:04 - [TEST_STEP][PASSED] - i = tableB.indexOf("Запад"): null

03-03-2025T13:18:04 - [TEST_STEP][PASSED] - SKB = replaceAll("\p{P}", "").trim(): null

03-03-2025T13:18:04 - [TEST_STEP][PASSED] - println("SKB: " + SKB): null

03-03-2025T13:18:04 - [TEST_STEP][PASSED] - for ([i = 1, i < 7, (i++)]): null

03-03-2025T13:18:04 - [TEST_STEP][PASSED] - tableB = Script1719551244403.NewDZO(x = tableB): null

03-03-2025T13:18:04 - [TEST_STEP][PASSED] - i3 = <not implemented yet for class: org.codehaus.groovy.ast.expr.EmptyExpression>: null

03-03-2025T13:18:04 - [TEST_STEP][PASSED] - i3 = x.indexOf("/") + 1: null

03-03-2025T13:18:04 - [TEST_STEP][PASSED] - x = x.substring(i3, x.length()): null

03-03-2025T13:18:04 - [TEST_STEP][PASSED] - return x: null

03-03-2025T13:18:04 - [TEST_STEP][PASSED] - tableB = Script1719551244403.NewDZO(x = tableB): null

03-03-2025T13:18:04 - [TEST_STEP][PASSED] - i3 = <not implemented yet for class: org.codehaus.groovy.ast.expr.EmptyExpression>: null

03-03-2025T13:18:04 - [TEST_STEP][PASSED] - i3 = x.indexOf("/") + 1: null

03-03-2025T13:18:04 - [TEST_STEP][PASSED] - x = x.substring(i3, x.length()): null

03-03-2025T13:18:04 - [TEST_STEP][PASSED] - return x: null

03-03-2025T13:18:04 - [TEST_STEP][PASSED] - tableB = Script1719551244403.NewDZO(x = tableB): null

03-03-2025T13:18:04 - [TEST_STEP][PASSED] - i3 = <not implemented yet for class: org.codehaus.groovy.ast.expr.EmptyExpression>: null

03-03-2025T13:18:04 - [TEST_STEP][PASSED] - i3 = x.indexOf("/") + 1: null

03-03-2025T13:18:04 - [TEST_STEP][PASSED] - x = x.substring(i3, x.length()): null

03-03-2025T13:18:04 - [TEST_STEP][PASSED] - return x: null

03-03-2025T13:18:04 - [TEST_STEP][PASSED] - tableB = Script1719551244403.NewDZO(x = tableB): null

03-03-2025T13:18:04 - [TEST_STEP][PASSED] - i3 = <not implemented yet for class: org.codehaus.groovy.ast.expr.EmptyExpression>: null

03-03-2025T13:18:04 - [TEST_STEP][PASSED] - i3 = x.indexOf("/") + 1: null

03-03-2025T13:18:04 - [TEST_STEP][PASSED] - x = x.substring(i3, x.length()): null

03-03-2025T13:18:04 - [TEST_STEP][PASSED] - return x: null

03-03-2025T13:18:04 - [TEST_STEP][PASSED] - tableB = Script1719551244403.NewDZO(x = tableB): null

03-03-2025T13:18:04 - [TEST_STEP][PASSED] - i3 = <not implemented yet for class: org.codehaus.groovy.ast.expr.EmptyExpression>: null

03-03-2025T13:18:04 - [TEST_STEP][PASSED] - i3 = x.indexOf("/") + 1: null

03-03-2025T13:18:04 - [TEST_STEP][PASSED] - x = x.substring(i3, x.length()): null

03-03-2025T13:18:04 - [TEST_STEP][PASSED] - return x: null

03-03-2025T13:18:04 - [TEST_STEP][PASSED] - tableB = Script1719551244403.NewDZO(x = tableB): null

03-03-2025T13:18:04 - [TEST_STEP][PASSED] - i3 = <not implemented yet for class: org.codehaus.groovy.ast.expr.EmptyExpression>: null

03-03-2025T13:18:04 - [TEST_STEP][PASSED] - i3 = x.indexOf("/") + 1: null

03-03-2025T13:18:04 - [TEST_STEP][PASSED] - x = x.substring(i3, x.length()): null

03-03-2025T13:18:04 - [TEST_STEP][PASSED] - return x: null

03-03-2025T13:18:04 - [TEST_STEP][PASSED] - i = tableB.indexOf("Сибирь"): null

03-03-2025T13:18:04 - [TEST_STEP][PASSED] - SZB = replaceAll("\p{P}", "").trim(): null

03-03-2025T13:18:04 - [TEST_STEP][PASSED] - println("SZB: " + SZB): null

03-03-2025T13:18:04 - [TEST_STEP][PASSED] - for ([i = 1, i < 8, (i++)]): null

03-03-2025T13:18:04 - [TEST_STEP][PASSED] - tableB = Script1719551244403.NewDZO(x = tableB): null

03-03-2025T13:18:04 - [TEST_STEP][PASSED] - i3 = <not implemented yet for class: org.codehaus.groovy.ast.expr.EmptyExpression>: null

03-03-2025T13:18:04 - [TEST_STEP][PASSED] - i3 = x.indexOf("/") + 1: null

03-03-2025T13:18:04 - [TEST_STEP][PASSED] - x = x.substring(i3, x.length()): null

03-03-2025T13:18:04 - [TEST_STEP][PASSED] - return x: null

03-03-2025T13:18:04 - [TEST_STEP][PASSED] - tableB = Script1719551244403.NewDZO(x = tableB): null

03-03-2025T13:18:04 - [TEST_STEP][PASSED] - i3 = <not implemented yet for class: org.codehaus.groovy.ast.expr.EmptyExpression>: null

03-03-2025T13:18:04 - [TEST_STEP][PASSED] - i3 = x.indexOf("/") + 1: null

03-03-2025T13:18:04 - [TEST_STEP][PASSED] - x = x.substring(i3, x.length()): null

03-03-2025T13:18:04 - [TEST_STEP][PASSED] - return x: null

03-03-2025T13:18:04 - [TEST_STEP][PASSED] - tableB = Script1719551244403.NewDZO(x = tableB): null

03-03-2025T13:18:04 - [TEST_STEP][PASSED] - i3 = <not implemented yet for class: org.codehaus.groovy.ast.expr.EmptyExpression>: null

03-03-2025T13:18:04 - [TEST_STEP][PASSED] - i3 = x.indexOf("/") + 1: null

03-03-2025T13:18:04 - [TEST_STEP][PASSED] - x = x.substring(i3, x.length()): null

03-03-2025T13:18:04 - [TEST_STEP][PASSED] - return x: null

03-03-2025T13:18:04 - [TEST_STEP][PASSED] - tableB = Script1719551244403.NewDZO(x = tableB): null

03-03-2025T13:18:04 - [TEST_STEP][PASSED] - i3 = <not implemented yet for class: org.codehaus.groovy.ast.expr.EmptyExpression>: null

03-03-2025T13:18:04 - [TEST_STEP][PASSED] - i3 = x.indexOf("/") + 1: null

03-03-2025T13:18:04 - [TEST_STEP][PASSED] - x = x.substring(i3, x.length()): null

03-03-2025T13:18:04 - [TEST_STEP][PASSED] - return x: null

03-03-2025T13:18:04 - [TEST_STEP][PASSED] - tableB = Script1719551244403.NewDZO(x = tableB): null

03-03-2025T13:18:04 - [TEST_STEP][PASSED] - i3 = <not implemented yet for class: org.codehaus.groovy.ast.expr.EmptyExpression>: null

03-03-2025T13:18:04 - [TEST_STEP][PASSED] - i3 = x.indexOf("/") + 1: null

03-03-2025T13:18:04 - [TEST_STEP][PASSED] - x = x.substring(i3, x.length()): null

03-03-2025T13:18:04 - [TEST_STEP][PASSED] - return x: null

03-03-2025T13:18:04 - [TEST_STEP][PASSED] - tableB = Script1719551244403.NewDZO(x = tableB): null

03-03-2025T13:18:04 - [TEST_STEP][PASSED] - i3 = <not implemented yet for class: org.codehaus.groovy.ast.expr.EmptyExpression>: null

03-03-2025T13:18:04 - [TEST_STEP][PASSED] - i3 = x.indexOf("/") + 1: null

03-03-2025T13:18:04 - [TEST_STEP][PASSED] - x = x.substring(i3, x.length()): null

03-03-2025T13:18:04 - [TEST_STEP][PASSED] - return x: null

03-03-2025T13:18:04 - [TEST_STEP][PASSED] - tableB = Script1719551244403.NewDZO(x = tableB): null

03-03-2025T13:18:04 - [TEST_STEP][PASSED] - i3 = <not implemented yet for class: org.codehaus.groovy.ast.expr.EmptyExpression>: null

03-03-2025T13:18:04 - [TEST_STEP][PASSED] - i3 = x.indexOf("/") + 1: null

03-03-2025T13:18:04 - [TEST_STEP][PASSED] - x = x.substring(i3, x.length()): null

03-03-2025T13:18:04 - [TEST_STEP][PASSED] - return x: null

03-03-2025T13:18:04 - [TEST_STEP][PASSED] - i = tableB.indexOf("Томск"): null

03-03-2025T13:18:04 - [TEST_STEP][PASSED] - SiB = replaceAll("\p{P}", "").trim(): null

03-03-2025T13:18:04 - [TEST_STEP][PASSED] - println("SiB: " + SiB): null

03-03-2025T13:18:04 - [TEST_STEP][PASSED] - for ([i = 1, i < 9, (i++)]): null

03-03-2025T13:18:04 - [TEST_STEP][PASSED] - tableB = Script1719551244403.NewDZO(x = tableB): null

03-03-2025T13:18:04 - [TEST_STEP][PASSED] - i3 = <not implemented yet for class: org.codehaus.groovy.ast.expr.EmptyExpression>: null

03-03-2025T13:18:04 - [TEST_STEP][PASSED] - i3 = x.indexOf("/") + 1: null

03-03-2025T13:18:04 - [TEST_STEP][PASSED] - x = x.substring(i3, x.length()): null

03-03-2025T13:18:04 - [TEST_STEP][PASSED] - return x: null

03-03-2025T13:18:04 - [TEST_STEP][PASSED] - tableB = Script1719551244403.NewDZO(x = tableB): null

03-03-2025T13:18:04 - [TEST_STEP][PASSED] - i3 = <not implemented yet for class: org.codehaus.groovy.ast.expr.EmptyExpression>: null

03-03-2025T13:18:04 - [TEST_STEP][PASSED] - i3 = x.indexOf("/") + 1: null

03-03-2025T13:18:04 - [TEST_STEP][PASSED] - x = x.substring(i3, x.length()): null

03-03-2025T13:18:04 - [TEST_STEP][PASSED] - return x: null

03-03-2025T13:18:04 - [TEST_STEP][PASSED] - tableB = Script1719551244403.NewDZO(x = tableB): null

03-03-2025T13:18:04 - [TEST_STEP][PASSED] - i3 = <not implemented yet for class: org.codehaus.groovy.ast.expr.EmptyExpression>: null

03-03-2025T13:18:04 - [TEST_STEP][PASSED] - i3 = x.indexOf("/") + 1: null

03-03-2025T13:18:04 - [TEST_STEP][PASSED] - x = x.substring(i3, x.length()): null

03-03-2025T13:18:04 - [TEST_STEP][PASSED] - return x: null

03-03-2025T13:18:04 - [TEST_STEP][PASSED] - tableB = Script1719551244403.NewDZO(x = tableB): null

03-03-2025T13:18:04 - [TEST_STEP][PASSED] - i3 = <not implemented yet for class: org.codehaus.groovy.ast.expr.EmptyExpression>: null

03-03-2025T13:18:04 - [TEST_STEP][PASSED] - i3 = x.indexOf("/") + 1: null

03-03-2025T13:18:04 - [TEST_STEP][PASSED] - x = x.substring(i3, x.length()): null

03-03-2025T13:18:04 - [TEST_STEP][PASSED] - return x: null

03-03-2025T13:18:04 - [TEST_STEP][PASSED] - tableB = Script1719551244403.NewDZO(x = tableB): null

03-03-2025T13:18:04 - [TEST_STEP][PASSED] - i3 = <not implemented yet for class: org.codehaus.groovy.ast.expr.EmptyExpression>: null

03-03-2025T13:18:04 - [TEST_STEP][PASSED] - i3 = x.indexOf("/") + 1: null

03-03-2025T13:18:04 - [TEST_STEP][PASSED] - x = x.substring(i3, x.length()): null

03-03-2025T13:18:04 - [TEST_STEP][PASSED] - return x: null

03-03-2025T13:18:04 - [TEST_STEP][PASSED] - tableB = Script1719551244403.NewDZO(x = tableB): null

03-03-2025T13:18:04 - [TEST_STEP][PASSED] - i3 = <not implemented yet for class: org.codehaus.groovy.ast.expr.EmptyExpression>: null

03-03-2025T13:18:04 - [TEST_STEP][PASSED] - i3 = x.indexOf("/") + 1: null

03-03-2025T13:18:04 - [TEST_STEP][PASSED] - x = x.substring(i3, x.length()): null

03-03-2025T13:18:04 - [TEST_STEP][PASSED] - return x: null

03-03-2025T13:18:04 - [TEST_STEP][PASSED] - tableB = Script1719551244403.NewDZO(x = tableB): null

03-03-2025T13:18:04 - [TEST_STEP][PASSED] - i3 = <not implemented yet for class: org.codehaus.groovy.ast.expr.EmptyExpression>: null

03-03-2025T13:18:04 - [TEST_STEP][PASSED] - i3 = x.indexOf("/") + 1: null

03-03-2025T13:18:04 - [TEST_STEP][PASSED] - x = x.substring(i3, x.length()): null

03-03-2025T13:18:04 - [TEST_STEP][PASSED] - return x: null

03-03-2025T13:18:04 - [TEST_STEP][PASSED] - tableB = Script1719551244403.NewDZO(x = tableB): null

03-03-2025T13:18:04 - [TEST_STEP][PASSED] - i3 = <not implemented yet for class: org.codehaus.groovy.ast.expr.EmptyExpression>: null

03-03-2025T13:18:04 - [TEST_STEP][PASSED] - i3 = x.indexOf("/") + 1: null

03-03-2025T13:18:04 - [TEST_STEP][PASSED] - x = x.substring(i3, x.length()): null

03-03-2025T13:18:04 - [TEST_STEP][PASSED] - return x: null

03-03-2025T13:18:04 - [TEST_STEP][PASSED] - i = tableB.indexOf("Тюмень"): null

03-03-2025T13:18:04 - [TEST_STEP][PASSED] - ToB = replaceAll("\p{P}", "").trim(): null

03-03-2025T13:18:04 - [TEST_STEP][PASSED] - println("ToB: " + ToB): null

03-03-2025T13:18:04 - [TEST_STEP][PASSED] - tableB = Script1719551244403.NewDZO(x = tableB): null

03-03-2025T13:18:04 - [TEST_STEP][PASSED] - i3 = <not implemented yet for class: org.codehaus.groovy.ast.expr.EmptyExpression>: null

03-03-2025T13:18:04 - [TEST_STEP][PASSED] - i3 = x.indexOf("/") + 1: null

03-03-2025T13:18:04 - [TEST_STEP][PASSED] - x = x.substring(i3, x.length()): null

03-03-2025T13:18:04 - [TEST_STEP][PASSED] - return x: null

03-03-2025T13:18:04 - [TEST_STEP][PASSED] - TyuB = replaceAll("\p{P}", "").trim(): null

03-03-2025T13:18:04 - [TEST_STEP][PASSED] - println("TyuB: " + TyuB): null

03-03-2025T13:18:04 - [TEST_STEP][PASSED] - tableB = Script1719551244403.NewDZO(x = tableB): null

03-03-2025T13:18:04 - [TEST_STEP][PASSED] - i3 = <not implemented yet for class: org.codehaus.groovy.ast.expr.EmptyExpression>: null

03-03-2025T13:18:04 - [TEST_STEP][PASSED] - i3 = x.indexOf("/") + 1: null

03-03-2025T13:18:04 - [TEST_STEP][PASSED] - x = x.substring(i3, x.length()): null

03-03-2025T13:18:04 - [TEST_STEP][PASSED] - return x: null

03-03-2025T13:18:04 - [TEST_STEP][PASSED] - i = tableB.indexOf("ЕЭС"): null

03-03-2025T13:18:04 - [TEST_STEP][PASSED] - UrB = replaceAll("\p{P}", "").trim(): null

03-03-2025T13:18:04 - [TEST_STEP][PASSED] - println("UrB: " + UrB): null

03-03-2025T13:18:04 - [TEST_STEP][PASSED] - for ([i = 1, i < 4, (i++)]): null

03-03-2025T13:18:04 - [TEST_STEP][PASSED] - tableB = Script1719551244403.NewDZO(x = tableB): null

03-03-2025T13:18:04 - [TEST_STEP][PASSED] - i3 = <not implemented yet for class: org.codehaus.groovy.ast.expr.EmptyExpression>: null

03-03-2025T13:18:04 - [TEST_STEP][PASSED] - i3 = x.indexOf("/") + 1: null

03-03-2025T13:18:04 - [TEST_STEP][PASSED] - x = x.substring(i3, x.length()): null

03-03-2025T13:18:04 - [TEST_STEP][PASSED] - return x: null

03-03-2025T13:18:04 - [TEST_STEP][PASSED] - tableB = Script1719551244403.NewDZO(x = tableB): null

03-03-2025T13:18:04 - [TEST_STEP][PASSED] - i3 = <not implemented yet for class: org.codehaus.groovy.ast.expr.EmptyExpression>: null

03-03-2025T13:18:04 - [TEST_STEP][PASSED] - i3 = x.indexOf("/") + 1: null

03-03-2025T13:18:04 - [TEST_STEP][PASSED] - x = x.substring(i3, x.length()): null

03-03-2025T13:18:04 - [TEST_STEP][PASSED] - return x: null

03-03-2025T13:18:04 - [TEST_STEP][PASSED] - tableB = Script1719551244403.NewDZO(x = tableB): null

03-03-2025T13:18:04 - [TEST_STEP][PASSED] - i3 = <not implemented yet for class: org.codehaus.groovy.ast.expr.EmptyExpression>: null

03-03-2025T13:18:04 - [TEST_STEP][PASSED] - i3 = x.indexOf("/") + 1: null

03-03-2025T13:18:04 - [TEST_STEP][PASSED] - x = x.substring(i3, x.length()): null

03-03-2025T13:18:04 - [TEST_STEP][PASSED] - return x: null

03-03-2025T13:18:04 - [TEST_STEP][PASSED] - i = tableB.indexOf("Центр"): null

03-03-2025T13:18:04 - [TEST_STEP][PASSED] - FSKB = replaceAll("\p{P}", "").trim(): null

03-03-2025T13:18:04 - [TEST_STEP][PASSED] - println("FSKB: " + FSKB): null

03-03-2025T13:18:04 - [TEST_STEP][PASSED] - tableB = Script1719551244403.NewDZO(x = tableB): null

03-03-2025T13:18:04 - [TEST_STEP][PASSED] - i3 = <not implemented yet for class: org.codehaus.groovy.ast.expr.EmptyExpression>: null

03-03-2025T13:18:04 - [TEST_STEP][PASSED] - i3 = x.indexOf("/") + 1: null

03-03-2025T13:18:04 - [TEST_STEP][PASSED] - x = x.substring(i3, x.length()): null

03-03-2025T13:18:04 - [TEST_STEP][PASSED] - return x: null

03-03-2025T13:18:04 - [TEST_STEP][PASSED] - i = tableB.indexOf("Приволжье"): null

03-03-2025T13:18:04 - [TEST_STEP][PASSED] - CenB = replaceAll("\p{P}", "").trim(): null

03-03-2025T13:18:04 - [TEST_STEP][PASSED] - println("CenB: " + CenB): null

03-03-2025T13:18:04 - [TEST_STEP][PASSED] - for ([i = 1, i < 12, (i++)]): null

03-03-2025T13:18:04 - [TEST_STEP][PASSED] - tableB = Script1719551244403.NewDZO(x = tableB): null

03-03-2025T13:18:04 - [TEST_STEP][PASSED] - i3 = <not implemented yet for class: org.codehaus.groovy.ast.expr.EmptyExpression>: null

03-03-2025T13:18:04 - [TEST_STEP][PASSED] - i3 = x.indexOf("/") + 1: null

03-03-2025T13:18:04 - [TEST_STEP][PASSED] - x = x.substring(i3, x.length()): null

03-03-2025T13:18:04 - [TEST_STEP][PASSED] - return x: null

03-03-2025T13:18:04 - [TEST_STEP][PASSED] - tableB = Script1719551244403.NewDZO(x = tableB): null

03-03-2025T13:18:04 - [TEST_STEP][PASSED] - i3 = <not implemented yet for class: org.codehaus.groovy.ast.expr.EmptyExpression>: null

03-03-2025T13:18:04 - [TEST_STEP][PASSED] - i3 = x.indexOf("/") + 1: null

03-03-2025T13:18:04 - [TEST_STEP][PASSED] - x = x.substring(i3, x.length()): null

03-03-2025T13:18:04 - [TEST_STEP][PASSED] - return x: null

03-03-2025T13:18:04 - [TEST_STEP][PASSED] - tableB = Script1719551244403.NewDZO(x = tableB): null

03-03-2025T13:18:04 - [TEST_STEP][PASSED] - i3 = <not implemented yet for class: org.codehaus.groovy.ast.expr.EmptyExpression>: null

03-03-2025T13:18:04 - [TEST_STEP][PASSED] - i3 = x.indexOf("/") + 1: null

03-03-2025T13:18:04 - [TEST_STEP][PASSED] - x = x.substring(i3, x.length()): null

03-03-2025T13:18:04 - [TEST_STEP][PASSED] - return x: null

03-03-2025T13:18:04 - [TEST_STEP][PASSED] - tableB = Script1719551244403.NewDZO(x = tableB): null

03-03-2025T13:18:04 - [TEST_STEP][PASSED] - i3 = <not implemented yet for class: org.codehaus.groovy.ast.expr.EmptyExpression>: null

03-03-2025T13:18:04 - [TEST_STEP][PASSED] - i3 = x.indexOf("/") + 1: null

03-03-2025T13:18:04 - [TEST_STEP][PASSED] - x = x.substring(i3, x.length()): null

03-03-2025T13:18:04 - [TEST_STEP][PASSED] - return x: null

03-03-2025T13:18:04 - [TEST_STEP][PASSED] - tableB = Script1719551244403.NewDZO(x = tableB): null

03-03-2025T13:18:04 - [TEST_STEP][PASSED] - i3 = <not implemented yet for class: org.codehaus.groovy.ast.expr.EmptyExpression>: null

03-03-2025T13:18:04 - [TEST_STEP][PASSED] - i3 = x.indexOf("/") + 1: null

03-03-2025T13:18:04 - [TEST_STEP][PASSED] - x = x.substring(i3, x.length()): null

03-03-2025T13:18:04 - [TEST_STEP][PASSED] - return x: null

03-03-2025T13:18:04 - [TEST_STEP][PASSED] - tableB = Script1719551244403.NewDZO(x = tableB): null

03-03-2025T13:18:04 - [TEST_STEP][PASSED] - i3 = <not implemented yet for class: org.codehaus.groovy.ast.expr.EmptyExpression>: null

03-03-2025T13:18:04 - [TEST_STEP][PASSED] - i3 = x.indexOf("/") + 1: null

03-03-2025T13:18:04 - [TEST_STEP][PASSED] - x = x.substring(i3, x.length()): null

03-03-2025T13:18:04 - [TEST_STEP][PASSED] - return x: null

03-03-2025T13:18:04 - [TEST_STEP][PASSED] - tableB = Script1719551244403.NewDZO(x = tableB): null

03-03-2025T13:18:04 - [TEST_STEP][PASSED] - i3 = <not implemented yet for class: org.codehaus.groovy.ast.expr.EmptyExpression>: null

03-03-2025T13:18:04 - [TEST_STEP][PASSED] - i3 = x.indexOf("/") + 1: null

03-03-2025T13:18:04 - [TEST_STEP][PASSED] - x = x.substring(i3, x.length()): null

03-03-2025T13:18:04 - [TEST_STEP][PASSED] - return x: null

03-03-2025T13:18:04 - [TEST_STEP][PASSED] - tableB = Script1719551244403.NewDZO(x = tableB): null

03-03-2025T13:18:04 - [TEST_STEP][PASSED] - i3 = <not implemented yet for class: org.codehaus.groovy.ast.expr.EmptyExpression>: null

03-03-2025T13:18:04 - [TEST_STEP][PASSED] - i3 = x.indexOf("/") + 1: null

03-03-2025T13:18:04 - [TEST_STEP][PASSED] - x = x.substring(i3, x.length()): null

03-03-2025T13:18:04 - [TEST_STEP][PASSED] - return x: null

03-03-2025T13:18:04 - [TEST_STEP][PASSED] - tableB = Script1719551244403.NewDZO(x = tableB): null

03-03-2025T13:18:04 - [TEST_STEP][PASSED] - i3 = <not implemented yet for class: org.codehaus.groovy.ast.expr.EmptyExpression>: null

03-03-2025T13:18:04 - [TEST_STEP][PASSED] - i3 = x.indexOf("/") + 1: null

03-03-2025T13:18:04 - [TEST_STEP][PASSED] - x = x.substring(i3, x.length()): null

03-03-2025T13:18:04 - [TEST_STEP][PASSED] - return x: null

03-03-2025T13:18:04 - [TEST_STEP][PASSED] - tableB = Script1719551244403.NewDZO(x = tableB): null

03-03-2025T13:18:04 - [TEST_STEP][PASSED] - i3 = <not implemented yet for class: org.codehaus.groovy.ast.expr.EmptyExpression>: null

03-03-2025T13:18:04 - [TEST_STEP][PASSED] - i3 = x.indexOf("/") + 1: null

03-03-2025T13:18:04 - [TEST_STEP][PASSED] - x = x.substring(i3, x.length()): null

03-03-2025T13:18:04 - [TEST_STEP][PASSED] - return x: null

03-03-2025T13:18:04 - [TEST_STEP][PASSED] - tableB = Script1719551244403.NewDZO(x = tableB): null

03-03-2025T13:18:04 - [TEST_STEP][PASSED] - i3 = <not implemented yet for class: org.codehaus.groovy.ast.expr.EmptyExpression>: null

03-03-2025T13:18:04 - [TEST_STEP][PASSED] - i3 = x.indexOf("/") + 1: null

03-03-2025T13:18:04 - [TEST_STEP][PASSED] - x = x.substring(i3, x.length()): null

03-03-2025T13:18:04 - [TEST_STEP][PASSED] - return x: null

03-03-2025T13:18:04 - [TEST_STEP][PASSED] - i = tableB.indexOf("Юг"): null

03-03-2025T13:18:04 - [TEST_STEP][PASSED] - CiPB = replaceAll("\p{P}", "").trim(): null

03-03-2025T13:18:04 - [TEST_STEP][PASSED] - println("CiPB: " + CiPB): null

03-03-2025T13:18:04 - [TEST_STEP][PASSED] - for ([i = 1, i < 10, (i++)]): null

03-03-2025T13:18:04 - [TEST_STEP][PASSED] - tableB = Script1719551244403.NewDZO(x = tableB): null

03-03-2025T13:18:04 - [TEST_STEP][PASSED] - i3 = <not implemented yet for class: org.codehaus.groovy.ast.expr.EmptyExpression>: null

03-03-2025T13:18:04 - [TEST_STEP][PASSED] - i3 = x.indexOf("/") + 1: null

03-03-2025T13:18:04 - [TEST_STEP][PASSED] - x = x.substring(i3, x.length()): null

03-03-2025T13:18:04 - [TEST_STEP][PASSED] - return x: null

03-03-2025T13:18:04 - [TEST_STEP][PASSED] - tableB = Script1719551244403.NewDZO(x = tableB): null

03-03-2025T13:18:04 - [TEST_STEP][PASSED] - i3 = <not implemented yet for class: org.codehaus.groovy.ast.expr.EmptyExpression>: null

03-03-2025T13:18:04 - [TEST_STEP][PASSED] - i3 = x.indexOf("/") + 1: null

03-03-2025T13:18:04 - [TEST_STEP][PASSED] - x = x.substring(i3, x.length()): null

03-03-2025T13:18:04 - [TEST_STEP][PASSED] - return x: null

03-03-2025T13:18:04 - [TEST_STEP][PASSED] - tableB = Script1719551244403.NewDZO(x = tableB): null

03-03-2025T13:18:04 - [TEST_STEP][PASSED] - i3 = <not implemented yet for class: org.codehaus.groovy.ast.expr.EmptyExpression>: null

03-03-2025T13:18:04 - [TEST_STEP][PASSED] - i3 = x.indexOf("/") + 1: null

03-03-2025T13:18:04 - [TEST_STEP][PASSED] - x = x.substring(i3, x.length()): null

03-03-2025T13:18:04 - [TEST_STEP][PASSED] - return x: null

03-03-2025T13:18:04 - [TEST_STEP][PASSED] - tableB = Script1719551244403.NewDZO(x = tableB): null

03-03-2025T13:18:04 - [TEST_STEP][PASSED] - i3 = <not implemented yet for class: org.codehaus.groovy.ast.expr.EmptyExpression>: null

03-03-2025T13:18:04 - [TEST_STEP][PASSED] - i3 = x.indexOf("/") + 1: null

03-03-2025T13:18:04 - [TEST_STEP][PASSED] - x = x.substring(i3, x.length()): null

03-03-2025T13:18:04 - [TEST_STEP][PASSED] - return x: null

03-03-2025T13:18:04 - [TEST_STEP][PASSED] - tableB = Script1719551244403.NewDZO(x = tableB): null

03-03-2025T13:18:04 - [TEST_STEP][PASSED] - i3 = <not implemented yet for class: org.codehaus.groovy.ast.expr.EmptyExpression>: null

03-03-2025T13:18:04 - [TEST_STEP][PASSED] - i3 = x.indexOf("/") + 1: null

03-03-2025T13:18:04 - [TEST_STEP][PASSED] - x = x.substring(i3, x.length()): null

03-03-2025T13:18:04 - [TEST_STEP][PASSED] - return x: null

03-03-2025T13:18:04 - [TEST_STEP][PASSED] - tableB = Script1719551244403.NewDZO(x = tableB): null

03-03-2025T13:18:04 - [TEST_STEP][PASSED] - i3 = <not implemented yet for class: org.codehaus.groovy.ast.expr.EmptyExpression>: null

03-03-2025T13:18:04 - [TEST_STEP][PASSED] - i3 = x.indexOf("/") + 1: null

03-03-2025T13:18:04 - [TEST_STEP][PASSED] - x = x.substring(i3, x.length()): null

03-03-2025T13:18:04 - [TEST_STEP][PASSED] - return x: null

03-03-2025T13:18:04 - [TEST_STEP][PASSED] - tableB = Script1719551244403.NewDZO(x = tableB): null

03-03-2025T13:18:04 - [TEST_STEP][PASSED] - i3 = <not implemented yet for class: org.codehaus.groovy.ast.expr.EmptyExpression>: null

03-03-2025T13:18:04 - [TEST_STEP][PASSED] - i3 = x.indexOf("/") + 1: null

03-03-2025T13:18:04 - [TEST_STEP][PASSED] - x = x.substring(i3, x.length()): null

03-03-2025T13:18:04 - [TEST_STEP][PASSED] - return x: null

03-03-2025T13:18:04 - [TEST_STEP][PASSED] - tableB = Script1719551244403.NewDZO(x = tableB): null

03-03-2025T13:18:04 - [TEST_STEP][PASSED] - i3 = <not implemented yet for class: org.codehaus.groovy.ast.expr.EmptyExpression>: null

03-03-2025T13:18:04 - [TEST_STEP][PASSED] - i3 = x.indexOf("/") + 1: null

03-03-2025T13:18:04 - [TEST_STEP][PASSED] - x = x.substring(i3, x.length()): null

03-03-2025T13:18:04 - [TEST_STEP][PASSED] - return x: null

03-03-2025T13:18:04 - [TEST_STEP][PASSED] - tableB = Script1719551244403.NewDZO(x = tableB): null

03-03-2025T13:18:04 - [TEST_STEP][PASSED] - i3 = <not implemented yet for class: org.codehaus.groovy.ast.expr.EmptyExpression>: null

03-03-2025T13:18:04 - [TEST_STEP][PASSED] - i3 = x.indexOf("/") + 1: null

03-03-2025T13:18:04 - [TEST_STEP][PASSED] - x = x.substring(i3, x.length()): null

03-03-2025T13:18:04 - [TEST_STEP][PASSED] - return x: null

03-03-2025T13:18:04 - [TEST_STEP][PASSED] - i = tableB.indexOf("Янтарь"): null

03-03-2025T13:18:04 - [TEST_STEP][PASSED] - UgB = replaceAll("\p{P}", "").trim(): null

03-03-2025T13:18:04 - [TEST_STEP][PASSED] - println("UgB: " + UgB): null

03-03-2025T13:18:04 - [TEST_STEP][PASSED] - i = tableB.lastIndexOf("/"): null

03-03-2025T13:18:04 - [TEST_STEP][PASSED] - YaB = replaceAll("\p{P}", "").trim(): null

03-03-2025T13:18:04 - [TEST_STEP][PASSED] - println("YaB: " + YaB): null

03-03-2025T13:18:04 - [TEST_STEP][PASSED] - vidget = "Отклонения выручки по факторам": null

03-03-2025T13:18:04 - [TEST_STEP][PASSED] - if (run == 2): null

03-03-2025T13:18:04 - [TEST_STEP][PASSED] - Script1719551244403.Test(run, todaysDate, typeOfData, otobrajeniyeDannyh, x, y, vidget, DZO): null

03-03-2025T13:18:04 - [TEST_STEP][PASSED] - navigateToUrl(findTestData("PlanFact").getValue(10, 3)): Navigate to 'https://bi.rosseti.digital/viewer?dashboardGuid=2301950b23be4ed89c1df75f2020051e&sheetGuid=ccd7d7486b3d4e6fa0ee9b1eaebed46c&fit=true' successfully

03-03-2025T13:18:05 - [MESSAGE][PASSED] - Navigate to 'https://bi.rosseti.digital/viewer?dashboardGuid=2301950b23be4ed89c1df75f2020051e&sheetGuid=ccd7d7486b3d4e6fa0ee9b1eaebed46c&fit=true' successfully

03-03-2025T13:18:05 - [TEST_STEP][PASSED] - Script1719551244403.Autorization(run): null

03-03-2025T13:18:05 - [TEST_STEP][PASSED] - delay(10): Delayed 10 second(s)

03-03-2025T13:18:15 - [MESSAGE][PASSED] - Delayed 10 second(s)

03-03-2025T13:18:15 - [TEST_STEP][PASSED] - if (run == 1): null

03-03-2025T13:18:15 - [TEST_STEP][PASSED] - i = <not implemented yet for class: org.codehaus.groovy.ast.expr.EmptyExpression>: null

03-03-2025T13:18:15 - [TEST_STEP][PASSED] - ii = <not implemented yet for class: org.codehaus.groovy.ast.expr.EmptyExpression>: null

03-03-2025T13:18:15 - [TEST_STEP][PASSED] - a = <not implemented yet for class: org.codehaus.groovy.ast.expr.EmptyExpression>: null

03-03-2025T13:18:15 - [TEST_STEP][PASSED] - a1 = <not implemented yet for class: org.codehaus.groovy.ast.expr.EmptyExpression>: null

03-03-2025T13:18:15 - [TEST_STEP][PASSED] - a2 = <not implemented yet for class: org.codehaus.groovy.ast.expr.EmptyExpression>: null

03-03-2025T13:18:15 - [TEST_STEP][PASSED] - click(findTestObject("Факторный анализ/Фильтр Период")): Object: 'Object Repository/Факторный анализ/Фильтр Период' is clicked on

03-03-2025T13:18:24 - [MESSAGE][PASSED] - Object: 'Object Repository/Факторный анализ/Фильтр Период' is clicked on

03-03-2025T13:18:24 - [TEST_STEP][PASSED] - click(findTestObject("Факторный анализ/Снять выделение в фильтре Дата")): Object: 'Object Repository/Факторный анализ/Снять выделение в фильтре Дата' is clicked on

03-03-2025T13:18:25 - [MESSAGE][PASSED] - Object: 'Object Repository/Факторный анализ/Снять выделение в фильтре Дата' is clicked on

03-03-2025T13:18:25 - [TEST_STEP][PASSED] - click(findTestObject("Факторный анализ/Применить в фильтре Дата")): Object: 'Object Repository/Факторный анализ/Применить в фильтре Дата' is clicked on

03-03-2025T13:18:25 - [MESSAGE][PASSED] - Object: 'Object Repository/Факторный анализ/Применить в фильтре Дата' is clicked on

03-03-2025T13:18:25 - [TEST_STEP][PASSED] - delay(10): Delayed 10 second(s)

03-03-2025T13:18:35 - [MESSAGE][PASSED] - Delayed 10 second(s)

03-03-2025T13:18:35 - [TEST_STEP][PASSED] - click(findTestObject("Факторный анализ/Фильтр Период")): Object: 'Object Repository/Факторный анализ/Фильтр Период' is clicked on

03-03-2025T13:18:36 - [MESSAGE][PASSED] - Object: 'Object Repository/Факторный анализ/Фильтр Период' is clicked on

03-03-2025T13:18:36 - [TEST_STEP][PASSED] - click(findTestObject("Факторный анализ/Снять выделение в фильтре Дата")): Object: 'Object Repository/Факторный анализ/Снять выделение в фильтре Дата' is clicked on

03-03-2025T13:18:36 - [MESSAGE][PASSED] - Object: 'Object Repository/Факторный анализ/Снять выделение в фильтре Дата' is clicked on

03-03-2025T13:18:36 - [TEST_STEP][PASSED] - scrollToElement(findTestObject("Факторный анализ/2025 список"), 30): Scroll to object 'Object Repository/Факторный анализ/2025 список' successfully

03-03-2025T13:18:37 - [MESSAGE][PASSED] - Scroll to object 'Object Repository/Факторный анализ/2025 список' successfully

03-03-2025T13:18:37 - [TEST_STEP][PASSED] - click(findTestObject("Факторный анализ/2025 список")): Object: 'Object Repository/Факторный анализ/2025 список' is clicked on

03-03-2025T13:18:37 - [MESSAGE][PASSED] - Object: 'Object Repository/Факторный анализ/2025 список' is clicked on

03-03-2025T13:18:37 - [TEST_STEP][PASSED] - scrollToElement(findTestObject("Факторный анализ/1 квартал 2025 список"), 30): Scroll to object 'Object Repository/Факторный анализ/1 квартал 2025 список' successfully

03-03-2025T13:18:37 - [MESSAGE][PASSED] - Scroll to object 'Object Repository/Факторный анализ/1 квартал 2025 список' successfully

03-03-2025T13:18:38 - [TEST_STEP][PASSED] - click(findTestObject("Факторный анализ/1 квартал 2025 список"), CONTINUE_ON_FAILURE): Object: 'Object Repository/Факторный анализ/1 квартал 2025 список' is clicked on

03-03-2025T13:18:38 - [MESSAGE][PASSED] - Object: 'Object Repository/Факторный анализ/1 квартал 2025 список' is clicked on

03-03-2025T13:18:38 - [TEST_STEP][PASSED] - scrollToElement(findTestObject("Факторный анализ/Январь 2025"), 30): Scroll to object 'Object Repository/Факторный анализ/Январь 2025' successfully

03-03-2025T13:18:38 - [MESSAGE][PASSED] - Scroll to object 'Object Repository/Факторный анализ/Январь 2025' successfully

03-03-2025T13:18:38 - [TEST_STEP][PASSED] - click(findTestObject("Факторный анализ/Январь 2025"), CONTINUE_ON_FAILURE): Object: 'Object Repository/Факторный анализ/Январь 2025' is clicked on

03-03-2025T13:18:38 - [MESSAGE][PASSED] - Object: 'Object Repository/Факторный анализ/Январь 2025' is clicked on

03-03-2025T13:18:38 - [TEST_STEP][PASSED] - scrollToElement(findTestObject("Факторный анализ/Заголовок дашборда"), 30): Scroll to object 'Object Repository/Факторный анализ/Заголовок дашборда' successfully

03-03-2025T13:18:39 - [MESSAGE][PASSED] - Scroll to object 'Object Repository/Факторный анализ/Заголовок дашборда' successfully

03-03-2025T13:18:39 - [TEST_STEP][PASSED] - click(findTestObject("Факторный анализ/Применить в фильтре Дата")): Object: 'Object Repository/Факторный анализ/Применить в фильтре Дата' is clicked on

03-03-2025T13:18:39 - [MESSAGE][PASSED] - Object: 'Object Repository/Факторный анализ/Применить в фильтре Дата' is clicked on

03-03-2025T13:18:39 - [TEST_STEP][PASSED] - if (run == 1): null

03-03-2025T13:18:39 - [TEST_STEP][PASSED] - else: null

03-03-2025T13:18:39 - [TEST_STEP][PASSED] - click(findTestObject("Факторный анализ/Переключить отображение с филиала на месяц")): Object: 'Object Repository/Факторный анализ/Переключить отображение с филиала на месяц' is clicked on

03-03-2025T13:18:43 - [MESSAGE][PASSED] - Object: 'Object Repository/Факторный анализ/Переключить отображение с филиала на месяц' is clicked on

03-03-2025T13:18:43 - [TEST_STEP][PASSED] - a1 = replaceAll("\s+", "").trim(): Text of object 'Object Repository/Факторный анализ/span1 Блок руководителя' is: ''

03-03-2025T13:18:43 - [MESSAGE][PASSED] - Text of object 'Object Repository/Факторный анализ/span1 Блок руководителя' is: ''

03-03-2025T13:18:43 - [TEST_STEP][PASSED] - a2 = replaceAll("\s+", "").trim(): Text of object 'Object Repository/Факторный анализ/span2 Блок руководителя' is: '-121 352'

03-03-2025T13:18:44 - [MESSAGE][PASSED] - Text of object 'Object Repository/Факторный анализ/span2 Блок руководителя' is: '-121 352'

03-03-2025T13:18:44 - [TEST_STEP][PASSED] - println("a1: " + a1): null

03-03-2025T13:18:44 - [TEST_STEP][PASSED] - println("a2: " + a2): null

03-03-2025T13:18:44 - [TEST_STEP][PASSED] - tableA = getText(findTestObject("Факторный анализ/AllTable1")).replaceAll("[\r?
|
]", "/"): Text of object 'Object Repository/Факторный анализ/AllTable1' is: 'ДЗО
Филиал
Отклонение (объём услуг)
Отклонение (средний тариф)
АО "РЭС" АО "РЭС" -76 3
АО «Тываэнерго» АО "Тываэнерго" 19 4
АО «Чеченэнерго» АО «Чеченэнерго» -35 -48
Россети Волга Мордовэнерго - 150 -6
Оренбургэнерго -62 -9
Пензаэнерго -35 -1
Самарские РС -78 142
Саратовские РС -77 -49
Ульяновские РС 14 6
Чувашэнерго -4 12
Россети Кубань Кубаньэнерго - 341 287
Россети Ленэнерго (ГК) Ленинградская область - 311 187
г. Санкт-Петербург - 291 12
Россети Московский регион Московская область - 780 53
г. Москва - 195 -5
Россети Северный Кавказ (ГК) Дагэнерго - 238 -48
Ингушэнерго -60 14
Каббалкэнерго 20 -4
Карачаево-Черкесскэнерго -10 - 109
Севкавказэнерго - 121 -10
Ставропольэнерго -68 28
Россети Северо-Запад Архангельский филиал -52 21
Вологодский филиал -40 10
Карельский филиал -50 -15
Мурманский филиал 20 -17
Новгородский филиал -49 0
Псковский филиал -48 13
филиал в Республике Коми -53 9
Россети Сибирь (ГК) Алтайэнерго 39 16
Бурятэнерго 10 -7
ГАЭС 9 2
Красноярскэнерго 117 -4
Кузбассэнерго-РЭС 37 147
Омскэнерго -2 -21
Хакасэнерго -10 -12
Читаэнерго -1 25
Россети Томск Томская распределительная компания -62 5
Россети Тюмень Россети Тюмень - 986 - 117
Россети Урал (ГК) Пермэнерго - 187 5
Свердловэнерго - 152 -4
Челябэнерго - 141 5
Россети ФСК ЕЭС Итого по ФСК ЕЭС - 311 252
Россети Центр Белгородэнерго -85 14
Брянскэнерго -50 -8
Воронежэнерго -98 -2
Костромаэнерго -42 3
Курскэнерго -32 8
Липецкэнерго -79 20
Орелэнерго -40 5
Смоленскэнерго -52 -7
Тамбовэнерго -25 -5
Тверьэнерго - 133 0
Ярэнерго -60 -7
Россети Центр и Приволжье (ГК) Владимирэнерго NaN NaN
Ивэнерго NaN NaN
Калугаэнерго NaN NaN
Кировэнерго NaN NaN
Мариэнерго NaN NaN
Нижновэнерго NaN NaN
Рязаньэнерго NaN NaN
Тулэнерго NaN NaN
Удмуртэнерго NaN NaN
Россети Юг (ГК) АО «ВМЭС» 0 4
Астраханьэнерго 1 -6
Волгоградэнерго - 140 -12
Калмэнерго -8 2
Ростовэнерго -47 16
Россети Янтарь Россети Янтарь -31 12'

03-03-2025T13:18:44 - [MESSAGE][PASSED] - Text of object 'Object Repository/Факторный анализ/AllTable1' is: 'ДЗО
Филиал
Отклонение (объём услуг)
Отклонение (средний тариф)
АО "РЭС" АО "РЭС" -76 3
АО «Тываэнерго» АО "Тываэнерго" 19 4
АО «Чеченэнерго» АО «Чеченэнерго» -35 -48
Россети Волга Мордовэнерго - 150 -6
Оренбургэнерго -62 -9
Пензаэнерго -35 -1
Самарские РС -78 142
Саратовские РС -77 -49
Ульяновские РС 14 6
Чувашэнерго -4 12
Россети Кубань Кубаньэнерго - 341 287
Россети Ленэнерго (ГК) Ленинградская область - 311 187
г. Санкт-Петербург - 291 12
Россети Московский регион Московская область - 780 53
г. Москва - 195 -5
Россети Северный Кавказ (ГК) Дагэнерго - 238 -48
Ингушэнерго -60 14
Каббалкэнерго 20 -4
Карачаево-Черкесскэнерго -10 - 109
Севкавказэнерго - 121 -10
Ставропольэнерго -68 28
Россети Северо-Запад Архангельский филиал -52 21
Вологодский филиал -40 10
Карельский филиал -50 -15
Мурманский филиал 20 -17
Новгородский филиал -49 0
Псковский филиал -48 13
филиал в Республике Коми -53 9
Россети Сибирь (ГК) Алтайэнерго 39 16
Бурятэнерго 10 -7
ГАЭС 9 2
Красноярскэнерго 117 -4
Кузбассэнерго-РЭС 37 147
Омскэнерго -2 -21
Хакасэнерго -10 -12
Читаэнерго -1 25
Россети Томск Томская распределительная компания -62 5
Россети Тюмень Россети Тюмень - 986 - 117
Россети Урал (ГК) Пермэнерго - 187 5
Свердловэнерго - 152 -4
Челябэнерго - 141 5
Россети ФСК ЕЭС Итого по ФСК ЕЭС - 311 252
Россети Центр Белгородэнерго -85 14
Брянскэнерго -50 -8
Воронежэнерго -98 -2
Костромаэнерго -42 3
Курскэнерго -32 8
Липецкэнерго -79 20
Орелэнерго -40 5
Смоленскэнерго -52 -7
Тамбовэнерго -25 -5
Тверьэнерго - 133 0
Ярэнерго -60 -7
Россети Центр и Приволжье (ГК) Владимирэнерго NaN NaN
Ивэнерго NaN NaN
Калугаэнерго NaN NaN
Кировэнерго NaN NaN
Мариэнерго NaN NaN
Нижновэнерго NaN NaN
Рязаньэнерго NaN NaN
Тулэнерго NaN NaN
Удмуртэнерго NaN NaN
Россети Юг (ГК) АО «ВМЭС» 0 4
Астраханьэнерго 1 -6
Волгоградэнерго - 140 -12
Калмэнерго -8 2
Ростовэнерго -47 16
Россети Янтарь Россети Янтарь -31 12'

03-03-2025T13:18:44 - [TEST_STEP][PASSED] - println("tableA: " + tableA): null

03-03-2025T13:18:44 - [TEST_STEP][PASSED] - for ([i = 1, i < 5, (i++)]): null

03-03-2025T13:18:44 - [TEST_STEP][PASSED] - ii = tableA.indexOf("/") + 1: null

03-03-2025T13:18:44 - [TEST_STEP][PASSED] - tableA = tableA.substring(ii, tableA.length()): null

03-03-2025T13:18:44 - [TEST_STEP][PASSED] - ii = tableA.indexOf("/") + 1: null

03-03-2025T13:18:44 - [TEST_STEP][PASSED] - tableA = tableA.substring(ii, tableA.length()): null

03-03-2025T13:18:44 - [TEST_STEP][PASSED] - ii = tableA.indexOf("/") + 1: null

03-03-2025T13:18:44 - [TEST_STEP][PASSED] - tableA = tableA.substring(ii, tableA.length()): null

03-03-2025T13:18:44 - [TEST_STEP][PASSED] - ii = tableA.indexOf("/") + 1: null

03-03-2025T13:18:44 - [TEST_STEP][PASSED] - tableA = tableA.substring(ii, tableA.length()): null

03-03-2025T13:18:44 - [TEST_STEP][PASSED] - println("tableA: " + tableA): null

03-03-2025T13:18:44 - [TEST_STEP][PASSED] - TyA = Script1719551244403.GetData(x = tableA): null

03-03-2025T13:18:44 - [TEST_STEP][PASSED] - i2 = <not implemented yet for class: org.codehaus.groovy.ast.expr.EmptyExpression>: null

03-03-2025T13:18:44 - [TEST_STEP][PASSED] - i2 = x.indexOf("/") + 1: null

03-03-2025T13:18:44 - [TEST_STEP][PASSED] - x = replaceAll("\p{P}", "").trim(): null

03-03-2025T13:18:44 - [TEST_STEP][PASSED] - return x: null

03-03-2025T13:18:44 - [TEST_STEP][PASSED] - println("TyA: " + TyA): null

03-03-2025T13:18:44 - [TEST_STEP][PASSED] - tableA = Script1719551244403.NewDZO(x = tableA): null

03-03-2025T13:18:44 - [TEST_STEP][PASSED] - i3 = <not implemented yet for class: org.codehaus.groovy.ast.expr.EmptyExpression>: null

03-03-2025T13:18:44 - [TEST_STEP][PASSED] - i3 = x.indexOf("/") + 1: null

03-03-2025T13:18:44 - [TEST_STEP][PASSED] - x = x.substring(i3, x.length()): null

03-03-2025T13:18:44 - [TEST_STEP][PASSED] - return x: null

03-03-2025T13:18:44 - [TEST_STEP][PASSED] - ChA = Script1719551244403.GetData(x = tableA): null

03-03-2025T13:18:44 - [TEST_STEP][PASSED] - i2 = <not implemented yet for class: org.codehaus.groovy.ast.expr.EmptyExpression>: null

03-03-2025T13:18:44 - [TEST_STEP][PASSED] - i2 = x.indexOf("/") + 1: null

03-03-2025T13:18:44 - [TEST_STEP][PASSED] - x = replaceAll("\p{P}", "").trim(): null

03-03-2025T13:18:44 - [TEST_STEP][PASSED] - return x: null

03-03-2025T13:18:44 - [TEST_STEP][PASSED] - println("ChA: " + ChA): null

03-03-2025T13:18:44 - [TEST_STEP][PASSED] - tableA = Script1719551244403.NewDZO(x = tableA): null

03-03-2025T13:18:44 - [TEST_STEP][PASSED] - i3 = <not implemented yet for class: org.codehaus.groovy.ast.expr.EmptyExpression>: null

03-03-2025T13:18:44 - [TEST_STEP][PASSED] - i3 = x.indexOf("/") + 1: null

03-03-2025T13:18:44 - [TEST_STEP][PASSED] - x = x.substring(i3, x.length()): null

03-03-2025T13:18:44 - [TEST_STEP][PASSED] - return x: null

03-03-2025T13:18:44 - [TEST_STEP][PASSED] - i = tableA.indexOf("Кубань"): null

03-03-2025T13:18:44 - [TEST_STEP][PASSED] - VA = replaceAll("\p{P}", "").trim(): null

03-03-2025T13:18:44 - [TEST_STEP][PASSED] - println("VA: " + VA): null

03-03-2025T13:18:44 - [TEST_STEP][PASSED] - for ([i = 1, i < 8, (i++)]): null

03-03-2025T13:18:44 - [TEST_STEP][PASSED] - tableA = Script1719551244403.NewDZO(x = tableA): null

03-03-2025T13:18:44 - [TEST_STEP][PASSED] - i3 = <not implemented yet for class: org.codehaus.groovy.ast.expr.EmptyExpression>: null

03-03-2025T13:18:44 - [TEST_STEP][PASSED] - i3 = x.indexOf("/") + 1: null

03-03-2025T13:18:44 - [TEST_STEP][PASSED] - x = x.substring(i3, x.length()): null

03-03-2025T13:18:44 - [TEST_STEP][PASSED] - return x: null

03-03-2025T13:18:44 - [TEST_STEP][PASSED] - tableA = Script1719551244403.NewDZO(x = tableA): null

03-03-2025T13:18:44 - [TEST_STEP][PASSED] - i3 = <not implemented yet for class: org.codehaus.groovy.ast.expr.EmptyExpression>: null

03-03-2025T13:18:44 - [TEST_STEP][PASSED] - i3 = x.indexOf("/") + 1: null

03-03-2025T13:18:44 - [TEST_STEP][PASSED] - x = x.substring(i3, x.length()): null

03-03-2025T13:18:44 - [TEST_STEP][PASSED] - return x: null

03-03-2025T13:18:44 - [TEST_STEP][PASSED] - tableA = Script1719551244403.NewDZO(x = tableA): null

03-03-2025T13:18:44 - [TEST_STEP][PASSED] - i3 = <not implemented yet for class: org.codehaus.groovy.ast.expr.EmptyExpression>: null

03-03-2025T13:18:44 - [TEST_STEP][PASSED] - i3 = x.indexOf("/") + 1: null

03-03-2025T13:18:44 - [TEST_STEP][PASSED] - x = x.substring(i3, x.length()): null

03-03-2025T13:18:44 - [TEST_STEP][PASSED] - return x: null

03-03-2025T13:18:44 - [TEST_STEP][PASSED] - tableA = Script1719551244403.NewDZO(x = tableA): null

03-03-2025T13:18:44 - [TEST_STEP][PASSED] - i3 = <not implemented yet for class: org.codehaus.groovy.ast.expr.EmptyExpression>: null

03-03-2025T13:18:44 - [TEST_STEP][PASSED] - i3 = x.indexOf("/") + 1: null

03-03-2025T13:18:44 - [TEST_STEP][PASSED] - x = x.substring(i3, x.length()): null

03-03-2025T13:18:44 - [TEST_STEP][PASSED] - return x: null

03-03-2025T13:18:44 - [TEST_STEP][PASSED] - tableA = Script1719551244403.NewDZO(x = tableA): null

03-03-2025T13:18:44 - [TEST_STEP][PASSED] - i3 = <not implemented yet for class: org.codehaus.groovy.ast.expr.EmptyExpression>: null

03-03-2025T13:18:44 - [TEST_STEP][PASSED] - i3 = x.indexOf("/") + 1: null

03-03-2025T13:18:44 - [TEST_STEP][PASSED] - x = x.substring(i3, x.length()): null

03-03-2025T13:18:44 - [TEST_STEP][PASSED] - return x: null

03-03-2025T13:18:44 - [TEST_STEP][PASSED] - tableA = Script1719551244403.NewDZO(x = tableA): null

03-03-2025T13:18:44 - [TEST_STEP][PASSED] - i3 = <not implemented yet for class: org.codehaus.groovy.ast.expr.EmptyExpression>: null

03-03-2025T13:18:44 - [TEST_STEP][PASSED] - i3 = x.indexOf("/") + 1: null

03-03-2025T13:18:44 - [TEST_STEP][PASSED] - x = x.substring(i3, x.length()): null

03-03-2025T13:18:44 - [TEST_STEP][PASSED] - return x: null

03-03-2025T13:18:44 - [TEST_STEP][PASSED] - tableA = Script1719551244403.NewDZO(x = tableA): null

03-03-2025T13:18:44 - [TEST_STEP][PASSED] - i3 = <not implemented yet for class: org.codehaus.groovy.ast.expr.EmptyExpression>: null

03-03-2025T13:18:44 - [TEST_STEP][PASSED] - i3 = x.indexOf("/") + 1: null

03-03-2025T13:18:44 - [TEST_STEP][PASSED] - x = x.substring(i3, x.length()): null

03-03-2025T13:18:44 - [TEST_STEP][PASSED] - return x: null

03-03-2025T13:18:44 - [TEST_STEP][PASSED] - i = tableA.indexOf("Ленэнерго"): null

03-03-2025T13:18:44 - [TEST_STEP][PASSED] - KuA = Script1719551244403.GetData(x = tableA): null

03-03-2025T13:18:44 - [TEST_STEP][PASSED] - i2 = <not implemented yet for class: org.codehaus.groovy.ast.expr.EmptyExpression>: null

03-03-2025T13:18:44 - [TEST_STEP][PASSED] - i2 = x.indexOf("/") + 1: null

03-03-2025T13:18:44 - [TEST_STEP][PASSED] - x = replaceAll("\p{P}", "").trim(): null

03-03-2025T13:18:44 - [TEST_STEP][PASSED] - return x: null

03-03-2025T13:18:44 - [TEST_STEP][PASSED] - println("KuA: " + KuA): null

03-03-2025T13:18:44 - [TEST_STEP][PASSED] - tableA = Script1719551244403.NewDZO(x = tableA): null

03-03-2025T13:18:44 - [TEST_STEP][PASSED] - i3 = <not implemented yet for class: org.codehaus.groovy.ast.expr.EmptyExpression>: null

03-03-2025T13:18:44 - [TEST_STEP][PASSED] - i3 = x.indexOf("/") + 1: null

03-03-2025T13:18:44 - [TEST_STEP][PASSED] - x = x.substring(i3, x.length()): null

03-03-2025T13:18:44 - [TEST_STEP][PASSED] - return x: null

03-03-2025T13:18:44 - [TEST_STEP][PASSED] - i = tableA.indexOf("Московский"): null

03-03-2025T13:18:44 - [TEST_STEP][PASSED] - LenA = replaceAll("\p{P}", "").trim(): null

03-03-2025T13:18:44 - [TEST_STEP][PASSED] - println("LenA: " + LenA): null

03-03-2025T13:18:44 - [TEST_STEP][PASSED] - tableA = Script1719551244403.NewDZO(x = tableA): null

03-03-2025T13:18:44 - [TEST_STEP][PASSED] - i3 = <not implemented yet for class: org.codehaus.groovy.ast.expr.EmptyExpression>: null

03-03-2025T13:18:44 - [TEST_STEP][PASSED] - i3 = x.indexOf("/") + 1: null

03-03-2025T13:18:44 - [TEST_STEP][PASSED] - x = x.substring(i3, x.length()): null

03-03-2025T13:18:44 - [TEST_STEP][PASSED] - return x: null

03-03-2025T13:18:44 - [TEST_STEP][PASSED] - tableA = Script1719551244403.NewDZO(x = tableA): null

03-03-2025T13:18:44 - [TEST_STEP][PASSED] - i3 = <not implemented yet for class: org.codehaus.groovy.ast.expr.EmptyExpression>: null

03-03-2025T13:18:44 - [TEST_STEP][PASSED] - i3 = x.indexOf("/") + 1: null

03-03-2025T13:18:44 - [TEST_STEP][PASSED] - x = x.substring(i3, x.length()): null

03-03-2025T13:18:44 - [TEST_STEP][PASSED] - return x: null

03-03-2025T13:18:44 - [TEST_STEP][PASSED] - i = tableA.indexOf("Кавказ"): null

03-03-2025T13:18:44 - [TEST_STEP][PASSED] - MosA = replaceAll("\p{P}", "").trim(): null

03-03-2025T13:18:44 - [TEST_STEP][PASSED] - println("MosA: " + MosA): null

03-03-2025T13:18:44 - [TEST_STEP][PASSED] - for ([i = 1, i < 3, (i++)]): null

03-03-2025T13:18:44 - [TEST_STEP][PASSED] - tableA = Script1719551244403.NewDZO(x = tableA): null

03-03-2025T13:18:44 - [TEST_STEP][PASSED] - i3 = <not implemented yet for class: org.codehaus.groovy.ast.expr.EmptyExpression>: null

03-03-2025T13:18:44 - [TEST_STEP][PASSED] - i3 = x.indexOf("/") + 1: null

03-03-2025T13:18:44 - [TEST_STEP][PASSED] - x = x.substring(i3, x.length()): null

03-03-2025T13:18:44 - [TEST_STEP][PASSED] - return x: null

03-03-2025T13:18:44 - [TEST_STEP][PASSED] - tableA = Script1719551244403.NewDZO(x = tableA): null

03-03-2025T13:18:44 - [TEST_STEP][PASSED] - i3 = <not implemented yet for class: org.codehaus.groovy.ast.expr.EmptyExpression>: null

03-03-2025T13:18:44 - [TEST_STEP][PASSED] - i3 = x.indexOf("/") + 1: null

03-03-2025T13:18:44 - [TEST_STEP][PASSED] - x = x.substring(i3, x.length()): null

03-03-2025T13:18:44 - [TEST_STEP][PASSED] - return x: null

03-03-2025T13:18:44 - [TEST_STEP][PASSED] - i = tableA.indexOf("Запад"): null

03-03-2025T13:18:44 - [TEST_STEP][PASSED] - SKA = replaceAll("\p{P}", "").trim(): null

03-03-2025T13:18:44 - [TEST_STEP][PASSED] - println("SKA: " + SKA): null

03-03-2025T13:18:44 - [TEST_STEP][PASSED] - for ([i = 1, i < 7, (i++)]): null

03-03-2025T13:18:44 - [TEST_STEP][PASSED] - tableA = Script1719551244403.NewDZO(x = tableA): null

03-03-2025T13:18:44 - [TEST_STEP][PASSED] - i3 = <not implemented yet for class: org.codehaus.groovy.ast.expr.EmptyExpression>: null

03-03-2025T13:18:44 - [TEST_STEP][PASSED] - i3 = x.indexOf("/") + 1: null

03-03-2025T13:18:44 - [TEST_STEP][PASSED] - x = x.substring(i3, x.length()): null

03-03-2025T13:18:44 - [TEST_STEP][PASSED] - return x: null

03-03-2025T13:18:44 - [TEST_STEP][PASSED] - tableA = Script1719551244403.NewDZO(x = tableA): null

03-03-2025T13:18:44 - [TEST_STEP][PASSED] - i3 = <not implemented yet for class: org.codehaus.groovy.ast.expr.EmptyExpression>: null

03-03-2025T13:18:44 - [TEST_STEP][PASSED] - i3 = x.indexOf("/") + 1: null

03-03-2025T13:18:44 - [TEST_STEP][PASSED] - x = x.substring(i3, x.length()): null

03-03-2025T13:18:44 - [TEST_STEP][PASSED] - return x: null

03-03-2025T13:18:44 - [TEST_STEP][PASSED] - tableA = Script1719551244403.NewDZO(x = tableA): null

03-03-2025T13:18:44 - [TEST_STEP][PASSED] - i3 = <not implemented yet for class: org.codehaus.groovy.ast.expr.EmptyExpression>: null

03-03-2025T13:18:44 - [TEST_STEP][PASSED] - i3 = x.indexOf("/") + 1: null

03-03-2025T13:18:44 - [TEST_STEP][PASSED] - x = x.substring(i3, x.length()): null

03-03-2025T13:18:44 - [TEST_STEP][PASSED] - return x: null

03-03-2025T13:18:44 - [TEST_STEP][PASSED] - tableA = Script1719551244403.NewDZO(x = tableA): null

03-03-2025T13:18:44 - [TEST_STEP][PASSED] - i3 = <not implemented yet for class: org.codehaus.groovy.ast.expr.EmptyExpression>: null

03-03-2025T13:18:44 - [TEST_STEP][PASSED] - i3 = x.indexOf("/") + 1: null

03-03-2025T13:18:44 - [TEST_STEP][PASSED] - x = x.substring(i3, x.length()): null

03-03-2025T13:18:44 - [TEST_STEP][PASSED] - return x: null

03-03-2025T13:18:44 - [TEST_STEP][PASSED] - tableA = Script1719551244403.NewDZO(x = tableA): null

03-03-2025T13:18:44 - [TEST_STEP][PASSED] - i3 = <not implemented yet for class: org.codehaus.groovy.ast.expr.EmptyExpression>: null

03-03-2025T13:18:44 - [TEST_STEP][PASSED] - i3 = x.indexOf("/") + 1: null

03-03-2025T13:18:44 - [TEST_STEP][PASSED] - x = x.substring(i3, x.length()): null

03-03-2025T13:18:44 - [TEST_STEP][PASSED] - return x: null

03-03-2025T13:18:44 - [TEST_STEP][PASSED] - tableA = Script1719551244403.NewDZO(x = tableA): null

03-03-2025T13:18:44 - [TEST_STEP][PASSED] - i3 = <not implemented yet for class: org.codehaus.groovy.ast.expr.EmptyExpression>: null

03-03-2025T13:18:44 - [TEST_STEP][PASSED] - i3 = x.indexOf("/") + 1: null

03-03-2025T13:18:44 - [TEST_STEP][PASSED] - x = x.substring(i3, x.length()): null

03-03-2025T13:18:44 - [TEST_STEP][PASSED] - return x: null

03-03-2025T13:18:44 - [TEST_STEP][PASSED] - i = tableA.indexOf("Сибирь"): null

03-03-2025T13:18:44 - [TEST_STEP][PASSED] - SZA = replaceAll("\p{P}", "").trim(): null

03-03-2025T13:18:44 - [TEST_STEP][PASSED] - println("SZA: " + SZA): null

03-03-2025T13:18:44 - [TEST_STEP][PASSED] - for ([i = 1, i < 8, (i++)]): null

03-03-2025T13:18:44 - [TEST_STEP][PASSED] - tableA = Script1719551244403.NewDZO(x = tableA): null

03-03-2025T13:18:44 - [TEST_STEP][PASSED] - i3 = <not implemented yet for class: org.codehaus.groovy.ast.expr.EmptyExpression>: null

03-03-2025T13:18:44 - [TEST_STEP][PASSED] - i3 = x.indexOf("/") + 1: null

03-03-2025T13:18:44 - [TEST_STEP][PASSED] - x = x.substring(i3, x.length()): null

03-03-2025T13:18:44 - [TEST_STEP][PASSED] - return x: null

03-03-2025T13:18:44 - [TEST_STEP][PASSED] - tableA = Script1719551244403.NewDZO(x = tableA): null

03-03-2025T13:18:44 - [TEST_STEP][PASSED] - i3 = <not implemented yet for class: org.codehaus.groovy.ast.expr.EmptyExpression>: null

03-03-2025T13:18:44 - [TEST_STEP][PASSED] - i3 = x.indexOf("/") + 1: null

03-03-2025T13:18:44 - [TEST_STEP][PASSED] - x = x.substring(i3, x.length()): null

03-03-2025T13:18:44 - [TEST_STEP][PASSED] - return x: null

03-03-2025T13:18:44 - [TEST_STEP][PASSED] - tableA = Script1719551244403.NewDZO(x = tableA): null

03-03-2025T13:18:44 - [TEST_STEP][PASSED] - i3 = <not implemented yet for class: org.codehaus.groovy.ast.expr.EmptyExpression>: null

03-03-2025T13:18:44 - [TEST_STEP][PASSED] - i3 = x.indexOf("/") + 1: null

03-03-2025T13:18:44 - [TEST_STEP][PASSED] - x = x.substring(i3, x.length()): null

03-03-2025T13:18:44 - [TEST_STEP][PASSED] - return x: null

03-03-2025T13:18:44 - [TEST_STEP][PASSED] - tableA = Script1719551244403.NewDZO(x = tableA): null

03-03-2025T13:18:44 - [TEST_STEP][PASSED] - i3 = <not implemented yet for class: org.codehaus.groovy.ast.expr.EmptyExpression>: null

03-03-2025T13:18:44 - [TEST_STEP][PASSED] - i3 = x.indexOf("/") + 1: null

03-03-2025T13:18:44 - [TEST_STEP][PASSED] - x = x.substring(i3, x.length()): null

03-03-2025T13:18:44 - [TEST_STEP][PASSED] - return x: null

03-03-2025T13:18:44 - [TEST_STEP][PASSED] - tableA = Script1719551244403.NewDZO(x = tableA): null

03-03-2025T13:18:44 - [TEST_STEP][PASSED] - i3 = <not implemented yet for class: org.codehaus.groovy.ast.expr.EmptyExpression>: null

03-03-2025T13:18:44 - [TEST_STEP][PASSED] - i3 = x.indexOf("/") + 1: null

03-03-2025T13:18:44 - [TEST_STEP][PASSED] - x = x.substring(i3, x.length()): null

03-03-2025T13:18:44 - [TEST_STEP][PASSED] - return x: null

03-03-2025T13:18:44 - [TEST_STEP][PASSED] - tableA = Script1719551244403.NewDZO(x = tableA): null

03-03-2025T13:18:44 - [TEST_STEP][PASSED] - i3 = <not implemented yet for class: org.codehaus.groovy.ast.expr.EmptyExpression>: null

03-03-2025T13:18:44 - [TEST_STEP][PASSED] - i3 = x.indexOf("/") + 1: null

03-03-2025T13:18:44 - [TEST_STEP][PASSED] - x = x.substring(i3, x.length()): null

03-03-2025T13:18:44 - [TEST_STEP][PASSED] - return x: null

03-03-2025T13:18:44 - [TEST_STEP][PASSED] - tableA = Script1719551244403.NewDZO(x = tableA): null

03-03-2025T13:18:44 - [TEST_STEP][PASSED] - i3 = <not implemented yet for class: org.codehaus.groovy.ast.expr.EmptyExpression>: null

03-03-2025T13:18:44 - [TEST_STEP][PASSED] - i3 = x.indexOf("/") + 1: null

03-03-2025T13:18:44 - [TEST_STEP][PASSED] - x = x.substring(i3, x.length()): null

03-03-2025T13:18:44 - [TEST_STEP][PASSED] - return x: null

03-03-2025T13:18:44 - [TEST_STEP][PASSED] - i = tableA.indexOf("Томск"): null

03-03-2025T13:18:44 - [TEST_STEP][PASSED] - SiA = replaceAll("\p{P}", "").trim(): null

03-03-2025T13:18:44 - [TEST_STEP][PASSED] - println("SiA: " + SiA): null

03-03-2025T13:18:44 - [TEST_STEP][PASSED] - for ([i = 1, i < 9, (i++)]): null

03-03-2025T13:18:44 - [TEST_STEP][PASSED] - tableA = Script1719551244403.NewDZO(x = tableA): null

03-03-2025T13:18:44 - [TEST_STEP][PASSED] - i3 = <not implemented yet for class: org.codehaus.groovy.ast.expr.EmptyExpression>: null

03-03-2025T13:18:44 - [TEST_STEP][PASSED] - i3 = x.indexOf("/") + 1: null

03-03-2025T13:18:44 - [TEST_STEP][PASSED] - x = x.substring(i3, x.length()): null

03-03-2025T13:18:44 - [TEST_STEP][PASSED] - return x: null

03-03-2025T13:18:44 - [TEST_STEP][PASSED] - tableA = Script1719551244403.NewDZO(x = tableA): null

03-03-2025T13:18:44 - [TEST_STEP][PASSED] - i3 = <not implemented yet for class: org.codehaus.groovy.ast.expr.EmptyExpression>: null

03-03-2025T13:18:44 - [TEST_STEP][PASSED] - i3 = x.indexOf("/") + 1: null

03-03-2025T13:18:44 - [TEST_STEP][PASSED] - x = x.substring(i3, x.length()): null

03-03-2025T13:18:44 - [TEST_STEP][PASSED] - return x: null

03-03-2025T13:18:44 - [TEST_STEP][PASSED] - tableA = Script1719551244403.NewDZO(x = tableA): null

03-03-2025T13:18:44 - [TEST_STEP][PASSED] - i3 = <not implemented yet for class: org.codehaus.groovy.ast.expr.EmptyExpression>: null

03-03-2025T13:18:44 - [TEST_STEP][PASSED] - i3 = x.indexOf("/") + 1: null

03-03-2025T13:18:44 - [TEST_STEP][PASSED] - x = x.substring(i3, x.length()): null

03-03-2025T13:18:44 - [TEST_STEP][PASSED] - return x: null

03-03-2025T13:18:44 - [TEST_STEP][PASSED] - tableA = Script1719551244403.NewDZO(x = tableA): null

03-03-2025T13:18:44 - [TEST_STEP][PASSED] - i3 = <not implemented yet for class: org.codehaus.groovy.ast.expr.EmptyExpression>: null

03-03-2025T13:18:44 - [TEST_STEP][PASSED] - i3 = x.indexOf("/") + 1: null

03-03-2025T13:18:44 - [TEST_STEP][PASSED] - x = x.substring(i3, x.length()): null

03-03-2025T13:18:44 - [TEST_STEP][PASSED] - return x: null

03-03-2025T13:18:44 - [TEST_STEP][PASSED] - tableA = Script1719551244403.NewDZO(x = tableA): null

03-03-2025T13:18:44 - [TEST_STEP][PASSED] - i3 = <not implemented yet for class: org.codehaus.groovy.ast.expr.EmptyExpression>: null

03-03-2025T13:18:44 - [TEST_STEP][PASSED] - i3 = x.indexOf("/") + 1: null

03-03-2025T13:18:44 - [TEST_STEP][PASSED] - x = x.substring(i3, x.length()): null

03-03-2025T13:18:44 - [TEST_STEP][PASSED] - return x: null

03-03-2025T13:18:44 - [TEST_STEP][PASSED] - tableA = Script1719551244403.NewDZO(x = tableA): null

03-03-2025T13:18:44 - [TEST_STEP][PASSED] - i3 = <not implemented yet for class: org.codehaus.groovy.ast.expr.EmptyExpression>: null

03-03-2025T13:18:44 - [TEST_STEP][PASSED] - i3 = x.indexOf("/") + 1: null

03-03-2025T13:18:44 - [TEST_STEP][PASSED] - x = x.substring(i3, x.length()): null

03-03-2025T13:18:44 - [TEST_STEP][PASSED] - return x: null

03-03-2025T13:18:44 - [TEST_STEP][PASSED] - tableA = Script1719551244403.NewDZO(x = tableA): null

03-03-2025T13:18:44 - [TEST_STEP][PASSED] - i3 = <not implemented yet for class: org.codehaus.groovy.ast.expr.EmptyExpression>: null

03-03-2025T13:18:44 - [TEST_STEP][PASSED] - i3 = x.indexOf("/") + 1: null

03-03-2025T13:18:44 - [TEST_STEP][PASSED] - x = x.substring(i3, x.length()): null

03-03-2025T13:18:44 - [TEST_STEP][PASSED] - return x: null

03-03-2025T13:18:44 - [TEST_STEP][PASSED] - tableA = Script1719551244403.NewDZO(x = tableA): null

03-03-2025T13:18:44 - [TEST_STEP][PASSED] - i3 = <not implemented yet for class: org.codehaus.groovy.ast.expr.EmptyExpression>: null

03-03-2025T13:18:44 - [TEST_STEP][PASSED] - i3 = x.indexOf("/") + 1: null

03-03-2025T13:18:44 - [TEST_STEP][PASSED] - x = x.substring(i3, x.length()): null

03-03-2025T13:18:44 - [TEST_STEP][PASSED] - return x: null

03-03-2025T13:18:44 - [TEST_STEP][PASSED] - i = tableA.indexOf("Тюмень"): null

03-03-2025T13:18:44 - [TEST_STEP][PASSED] - ToA = replaceAll("\p{P}", "").trim(): null

03-03-2025T13:18:44 - [TEST_STEP][PASSED] - println("ToA: " + ToA): null

03-03-2025T13:18:44 - [TEST_STEP][PASSED] - tableA = Script1719551244403.NewDZO(x = tableA): null

03-03-2025T13:18:44 - [TEST_STEP][PASSED] - i3 = <not implemented yet for class: org.codehaus.groovy.ast.expr.EmptyExpression>: null

03-03-2025T13:18:44 - [TEST_STEP][PASSED] - i3 = x.indexOf("/") + 1: null

03-03-2025T13:18:44 - [TEST_STEP][PASSED] - x = x.substring(i3, x.length()): null

03-03-2025T13:18:44 - [TEST_STEP][PASSED] - return x: null

03-03-2025T13:18:44 - [TEST_STEP][PASSED] - TyuA = replaceAll("\p{P}", "").trim(): null

03-03-2025T13:18:44 - [TEST_STEP][PASSED] - println("TyuA: " + TyuA): null

03-03-2025T13:18:44 - [TEST_STEP][PASSED] - tableA = Script1719551244403.NewDZO(x = tableA): null

03-03-2025T13:18:44 - [TEST_STEP][PASSED] - i3 = <not implemented yet for class: org.codehaus.groovy.ast.expr.EmptyExpression>: null

03-03-2025T13:18:44 - [TEST_STEP][PASSED] - i3 = x.indexOf("/") + 1: null

03-03-2025T13:18:44 - [TEST_STEP][PASSED] - x = x.substring(i3, x.length()): null

03-03-2025T13:18:44 - [TEST_STEP][PASSED] - return x: null

03-03-2025T13:18:44 - [TEST_STEP][PASSED] - i = tableA.indexOf("ЕЭС"): null

03-03-2025T13:18:44 - [TEST_STEP][PASSED] - UrA = replaceAll("\p{P}", "").trim(): null

03-03-2025T13:18:44 - [TEST_STEP][PASSED] - println("UrA: " + UrA): null

03-03-2025T13:18:44 - [TEST_STEP][PASSED] - for ([i = 1, i < 4, (i++)]): null

03-03-2025T13:18:44 - [TEST_STEP][PASSED] - tableA = Script1719551244403.NewDZO(x = tableA): null

03-03-2025T13:18:44 - [TEST_STEP][PASSED] - i3 = <not implemented yet for class: org.codehaus.groovy.ast.expr.EmptyExpression>: null

03-03-2025T13:18:44 - [TEST_STEP][PASSED] - i3 = x.indexOf("/") + 1: null

03-03-2025T13:18:44 - [TEST_STEP][PASSED] - x = x.substring(i3, x.length()): null

03-03-2025T13:18:44 - [TEST_STEP][PASSED] - return x: null

03-03-2025T13:18:44 - [TEST_STEP][PASSED] - tableA = Script1719551244403.NewDZO(x = tableA): null

03-03-2025T13:18:44 - [TEST_STEP][PASSED] - i3 = <not implemented yet for class: org.codehaus.groovy.ast.expr.EmptyExpression>: null

03-03-2025T13:18:44 - [TEST_STEP][PASSED] - i3 = x.indexOf("/") + 1: null

03-03-2025T13:18:44 - [TEST_STEP][PASSED] - x = x.substring(i3, x.length()): null

03-03-2025T13:18:44 - [TEST_STEP][PASSED] - return x: null

03-03-2025T13:18:44 - [TEST_STEP][PASSED] - tableA = Script1719551244403.NewDZO(x = tableA): null

03-03-2025T13:18:44 - [TEST_STEP][PASSED] - i3 = <not implemented yet for class: org.codehaus.groovy.ast.expr.EmptyExpression>: null

03-03-2025T13:18:44 - [TEST_STEP][PASSED] - i3 = x.indexOf("/") + 1: null

03-03-2025T13:18:44 - [TEST_STEP][PASSED] - x = x.substring(i3, x.length()): null

03-03-2025T13:18:44 - [TEST_STEP][PASSED] - return x: null

03-03-2025T13:18:44 - [TEST_STEP][PASSED] - i = tableA.indexOf("Центр"): null

03-03-2025T13:18:44 - [TEST_STEP][PASSED] - FSKA = replaceAll("\p{P}", "").trim(): null

03-03-2025T13:18:44 - [TEST_STEP][PASSED] - println("FSKA: " + FSKA): null

03-03-2025T13:18:44 - [TEST_STEP][PASSED] - tableA = Script1719551244403.NewDZO(x = tableA): null

03-03-2025T13:18:44 - [TEST_STEP][PASSED] - i3 = <not implemented yet for class: org.codehaus.groovy.ast.expr.EmptyExpression>: null

03-03-2025T13:18:44 - [TEST_STEP][PASSED] - i3 = x.indexOf("/") + 1: null

03-03-2025T13:18:44 - [TEST_STEP][PASSED] - x = x.substring(i3, x.length()): null

03-03-2025T13:18:44 - [TEST_STEP][PASSED] - return x: null

03-03-2025T13:18:44 - [TEST_STEP][PASSED] - i = tableA.indexOf("Приволжье"): null

03-03-2025T13:18:44 - [TEST_STEP][PASSED] - CenA = replaceAll("\p{P}", "").trim(): null

03-03-2025T13:18:44 - [TEST_STEP][PASSED] - println("CenA: " + CenA): null

03-03-2025T13:18:44 - [TEST_STEP][PASSED] - for ([i = 1, i < 12, (i++)]): null

03-03-2025T13:18:44 - [TEST_STEP][PASSED] - tableA = Script1719551244403.NewDZO(x = tableA): null

03-03-2025T13:18:44 - [TEST_STEP][PASSED] - i3 = <not implemented yet for class: org.codehaus.groovy.ast.expr.EmptyExpression>: null

03-03-2025T13:18:44 - [TEST_STEP][PASSED] - i3 = x.indexOf("/") + 1: null

03-03-2025T13:18:44 - [TEST_STEP][PASSED] - x = x.substring(i3, x.length()): null

03-03-2025T13:18:44 - [TEST_STEP][PASSED] - return x: null

03-03-2025T13:18:44 - [TEST_STEP][PASSED] - tableA = Script1719551244403.NewDZO(x = tableA): null

03-03-2025T13:18:44 - [TEST_STEP][PASSED] - i3 = <not implemented yet for class: org.codehaus.groovy.ast.expr.EmptyExpression>: null

03-03-2025T13:18:44 - [TEST_STEP][PASSED] - i3 = x.indexOf("/") + 1: null

03-03-2025T13:18:44 - [TEST_STEP][PASSED] - x = x.substring(i3, x.length()): null

03-03-2025T13:18:44 - [TEST_STEP][PASSED] - return x: null

03-03-2025T13:18:44 - [TEST_STEP][PASSED] - tableA = Script1719551244403.NewDZO(x = tableA): null

03-03-2025T13:18:44 - [TEST_STEP][PASSED] - i3 = <not implemented yet for class: org.codehaus.groovy.ast.expr.EmptyExpression>: null

03-03-2025T13:18:44 - [TEST_STEP][PASSED] - i3 = x.indexOf("/") + 1: null

03-03-2025T13:18:44 - [TEST_STEP][PASSED] - x = x.substring(i3, x.length()): null

03-03-2025T13:18:44 - [TEST_STEP][PASSED] - return x: null

03-03-2025T13:18:44 - [TEST_STEP][PASSED] - tableA = Script1719551244403.NewDZO(x = tableA): null

03-03-2025T13:18:44 - [TEST_STEP][PASSED] - i3 = <not implemented yet for class: org.codehaus.groovy.ast.expr.EmptyExpression>: null

03-03-2025T13:18:44 - [TEST_STEP][PASSED] - i3 = x.indexOf("/") + 1: null

03-03-2025T13:18:44 - [TEST_STEP][PASSED] - x = x.substring(i3, x.length()): null

03-03-2025T13:18:44 - [TEST_STEP][PASSED] - return x: null

03-03-2025T13:18:44 - [TEST_STEP][PASSED] - tableA = Script1719551244403.NewDZO(x = tableA): null

03-03-2025T13:18:44 - [TEST_STEP][PASSED] - i3 = <not implemented yet for class: org.codehaus.groovy.ast.expr.EmptyExpression>: null

03-03-2025T13:18:44 - [TEST_STEP][PASSED] - i3 = x.indexOf("/") + 1: null

03-03-2025T13:18:44 - [TEST_STEP][PASSED] - x = x.substring(i3, x.length()): null

03-03-2025T13:18:44 - [TEST_STEP][PASSED] - return x: null

03-03-2025T13:18:44 - [TEST_STEP][PASSED] - tableA = Script1719551244403.NewDZO(x = tableA): null

03-03-2025T13:18:44 - [TEST_STEP][PASSED] - i3 = <not implemented yet for class: org.codehaus.groovy.ast.expr.EmptyExpression>: null

03-03-2025T13:18:44 - [TEST_STEP][PASSED] - i3 = x.indexOf("/") + 1: null

03-03-2025T13:18:44 - [TEST_STEP][PASSED] - x = x.substring(i3, x.length()): null

03-03-2025T13:18:44 - [TEST_STEP][PASSED] - return x: null

03-03-2025T13:18:44 - [TEST_STEP][PASSED] - tableA = Script1719551244403.NewDZO(x = tableA): null

03-03-2025T13:18:44 - [TEST_STEP][PASSED] - i3 = <not implemented yet for class: org.codehaus.groovy.ast.expr.EmptyExpression>: null

03-03-2025T13:18:44 - [TEST_STEP][PASSED] - i3 = x.indexOf("/") + 1: null

03-03-2025T13:18:44 - [TEST_STEP][PASSED] - x = x.substring(i3, x.length()): null

03-03-2025T13:18:44 - [TEST_STEP][PASSED] - return x: null

03-03-2025T13:18:44 - [TEST_STEP][PASSED] - tableA = Script1719551244403.NewDZO(x = tableA): null

03-03-2025T13:18:44 - [TEST_STEP][PASSED] - i3 = <not implemented yet for class: org.codehaus.groovy.ast.expr.EmptyExpression>: null

03-03-2025T13:18:44 - [TEST_STEP][PASSED] - i3 = x.indexOf("/") + 1: null

03-03-2025T13:18:44 - [TEST_STEP][PASSED] - x = x.substring(i3, x.length()): null

03-03-2025T13:18:44 - [TEST_STEP][PASSED] - return x: null

03-03-2025T13:18:44 - [TEST_STEP][PASSED] - tableA = Script1719551244403.NewDZO(x = tableA): null

03-03-2025T13:18:44 - [TEST_STEP][PASSED] - i3 = <not implemented yet for class: org.codehaus.groovy.ast.expr.EmptyExpression>: null

03-03-2025T13:18:44 - [TEST_STEP][PASSED] - i3 = x.indexOf("/") + 1: null

03-03-2025T13:18:44 - [TEST_STEP][PASSED] - x = x.substring(i3, x.length()): null

03-03-2025T13:18:44 - [TEST_STEP][PASSED] - return x: null

03-03-2025T13:18:44 - [TEST_STEP][PASSED] - tableA = Script1719551244403.NewDZO(x = tableA): null

03-03-2025T13:18:44 - [TEST_STEP][PASSED] - i3 = <not implemented yet for class: org.codehaus.groovy.ast.expr.EmptyExpression>: null

03-03-2025T13:18:44 - [TEST_STEP][PASSED] - i3 = x.indexOf("/") + 1: null

03-03-2025T13:18:44 - [TEST_STEP][PASSED] - x = x.substring(i3, x.length()): null

03-03-2025T13:18:44 - [TEST_STEP][PASSED] - return x: null

03-03-2025T13:18:44 - [TEST_STEP][PASSED] - tableA = Script1719551244403.NewDZO(x = tableA): null

03-03-2025T13:18:44 - [TEST_STEP][PASSED] - i3 = <not implemented yet for class: org.codehaus.groovy.ast.expr.EmptyExpression>: null

03-03-2025T13:18:44 - [TEST_STEP][PASSED] - i3 = x.indexOf("/") + 1: null

03-03-2025T13:18:44 - [TEST_STEP][PASSED] - x = x.substring(i3, x.length()): null

03-03-2025T13:18:44 - [TEST_STEP][PASSED] - return x: null

03-03-2025T13:18:44 - [TEST_STEP][PASSED] - i = tableA.indexOf("Юг"): null

03-03-2025T13:18:44 - [TEST_STEP][PASSED] - CiPA = replaceAll("\p{P}", "").trim(): null

03-03-2025T13:18:44 - [TEST_STEP][PASSED] - println("CiPA: " + CiPA): null

03-03-2025T13:18:44 - [TEST_STEP][PASSED] - for ([i = 1, i < 10, (i++)]): null

03-03-2025T13:18:44 - [TEST_STEP][PASSED] - tableA = Script1719551244403.NewDZO(x = tableA): null

03-03-2025T13:18:44 - [TEST_STEP][PASSED] - i3 = <not implemented yet for class: org.codehaus.groovy.ast.expr.EmptyExpression>: null

03-03-2025T13:18:44 - [TEST_STEP][PASSED] - i3 = x.indexOf("/") + 1: null

03-03-2025T13:18:44 - [TEST_STEP][PASSED] - x = x.substring(i3, x.length()): null

03-03-2025T13:18:44 - [TEST_STEP][PASSED] - return x: null

03-03-2025T13:18:44 - [TEST_STEP][PASSED] - tableA = Script1719551244403.NewDZO(x = tableA): null

03-03-2025T13:18:44 - [TEST_STEP][PASSED] - i3 = <not implemented yet for class: org.codehaus.groovy.ast.expr.EmptyExpression>: null

03-03-2025T13:18:44 - [TEST_STEP][PASSED] - i3 = x.indexOf("/") + 1: null

03-03-2025T13:18:44 - [TEST_STEP][PASSED] - x = x.substring(i3, x.length()): null

03-03-2025T13:18:44 - [TEST_STEP][PASSED] - return x: null

03-03-2025T13:18:44 - [TEST_STEP][PASSED] - tableA = Script1719551244403.NewDZO(x = tableA): null

03-03-2025T13:18:44 - [TEST_STEP][PASSED] - i3 = <not implemented yet for class: org.codehaus.groovy.ast.expr.EmptyExpression>: null

03-03-2025T13:18:44 - [TEST_STEP][PASSED] - i3 = x.indexOf("/") + 1: null

03-03-2025T13:18:44 - [TEST_STEP][PASSED] - x = x.substring(i3, x.length()): null

03-03-2025T13:18:44 - [TEST_STEP][PASSED] - return x: null

03-03-2025T13:18:44 - [TEST_STEP][PASSED] - tableA = Script1719551244403.NewDZO(x = tableA): null

03-03-2025T13:18:44 - [TEST_STEP][PASSED] - i3 = <not implemented yet for class: org.codehaus.groovy.ast.expr.EmptyExpression>: null

03-03-2025T13:18:44 - [TEST_STEP][PASSED] - i3 = x.indexOf("/") + 1: null

03-03-2025T13:18:44 - [TEST_STEP][PASSED] - x = x.substring(i3, x.length()): null

03-03-2025T13:18:44 - [TEST_STEP][PASSED] - return x: null

03-03-2025T13:18:44 - [TEST_STEP][PASSED] - tableA = Script1719551244403.NewDZO(x = tableA): null

03-03-2025T13:18:44 - [TEST_STEP][PASSED] - i3 = <not implemented yet for class: org.codehaus.groovy.ast.expr.EmptyExpression>: null

03-03-2025T13:18:44 - [TEST_STEP][PASSED] - i3 = x.indexOf("/") + 1: null

03-03-2025T13:18:44 - [TEST_STEP][PASSED] - x = x.substring(i3, x.length()): null

03-03-2025T13:18:44 - [TEST_STEP][PASSED] - return x: null

03-03-2025T13:18:44 - [TEST_STEP][PASSED] - tableA = Script1719551244403.NewDZO(x = tableA): null

03-03-2025T13:18:44 - [TEST_STEP][PASSED] - i3 = <not implemented yet for class: org.codehaus.groovy.ast.expr.EmptyExpression>: null

03-03-2025T13:18:44 - [TEST_STEP][PASSED] - i3 = x.indexOf("/") + 1: null

03-03-2025T13:18:44 - [TEST_STEP][PASSED] - x = x.substring(i3, x.length()): null

03-03-2025T13:18:44 - [TEST_STEP][PASSED] - return x: null

03-03-2025T13:18:44 - [TEST_STEP][PASSED] - tableA = Script1719551244403.NewDZO(x = tableA): null

03-03-2025T13:18:44 - [TEST_STEP][PASSED] - i3 = <not implemented yet for class: org.codehaus.groovy.ast.expr.EmptyExpression>: null

03-03-2025T13:18:44 - [TEST_STEP][PASSED] - i3 = x.indexOf("/") + 1: null

03-03-2025T13:18:44 - [TEST_STEP][PASSED] - x = x.substring(i3, x.length()): null

03-03-2025T13:18:44 - [TEST_STEP][PASSED] - return x: null

03-03-2025T13:18:44 - [TEST_STEP][PASSED] - tableA = Script1719551244403.NewDZO(x = tableA): null

03-03-2025T13:18:44 - [TEST_STEP][PASSED] - i3 = <not implemented yet for class: org.codehaus.groovy.ast.expr.EmptyExpression>: null

03-03-2025T13:18:44 - [TEST_STEP][PASSED] - i3 = x.indexOf("/") + 1: null

03-03-2025T13:18:44 - [TEST_STEP][PASSED] - x = x.substring(i3, x.length()): null

03-03-2025T13:18:44 - [TEST_STEP][PASSED] - return x: null

03-03-2025T13:18:44 - [TEST_STEP][PASSED] - tableA = Script1719551244403.NewDZO(x = tableA): null

03-03-2025T13:18:44 - [TEST_STEP][PASSED] - i3 = <not implemented yet for class: org.codehaus.groovy.ast.expr.EmptyExpression>: null

03-03-2025T13:18:44 - [TEST_STEP][PASSED] - i3 = x.indexOf("/") + 1: null

03-03-2025T13:18:44 - [TEST_STEP][PASSED] - x = x.substring(i3, x.length()): null

03-03-2025T13:18:44 - [TEST_STEP][PASSED] - return x: null

03-03-2025T13:18:44 - [TEST_STEP][PASSED] - i = tableA.indexOf("Янтарь"): null

03-03-2025T13:18:44 - [TEST_STEP][PASSED] - UgA = replaceAll("\p{P}", "").trim(): null

03-03-2025T13:18:44 - [TEST_STEP][PASSED] - println("UgA: " + UgA): null

03-03-2025T13:18:44 - [TEST_STEP][PASSED] - i = tableA.lastIndexOf("/"): null

03-03-2025T13:18:44 - [TEST_STEP][PASSED] - YaA = replaceAll("\p{P}", "").trim(): null

03-03-2025T13:18:44 - [TEST_STEP][PASSED] - println("YaA: " + YaA): null

03-03-2025T13:18:44 - [TEST_STEP][PASSED] - delay(10): Delayed 10 second(s)

03-03-2025T13:18:54 - [MESSAGE][PASSED] - Delayed 10 second(s)

03-03-2025T13:18:54 - [TEST_STEP][PASSED] - navigateToUrl(findTestData("PlanFact").getValue(10, 11)): Navigate to 'https://bi.rosseti.digital/viewer?dashboardGuid=a1fd28b3785d443cbc4d7690a1d78e31&sheetGuid=d3a0ddec2e914cb380b20dca74903099&fit=true' successfully

03-03-2025T13:18:56 - [MESSAGE][PASSED] - Navigate to 'https://bi.rosseti.digital/viewer?dashboardGuid=a1fd28b3785d443cbc4d7690a1d78e31&sheetGuid=d3a0ddec2e914cb380b20dca74903099&fit=true' successfully

03-03-2025T13:18:56 - [TEST_STEP][PASSED] - b = <not implemented yet for class: org.codehaus.groovy.ast.expr.EmptyExpression>: null

03-03-2025T13:18:56 - [TEST_STEP][PASSED] - b1 = <not implemented yet for class: org.codehaus.groovy.ast.expr.EmptyExpression>: null

03-03-2025T13:18:56 - [TEST_STEP][PASSED] - b2 = <not implemented yet for class: org.codehaus.groovy.ast.expr.EmptyExpression>: null

03-03-2025T13:18:56 - [TEST_STEP][PASSED] - click(findTestObject("Факторный анализ/Фильтр Дата Выручка")): Object: 'Object Repository/Факторный анализ/Фильтр Дата Выручка' is clicked on

03-03-2025T13:19:22 - [MESSAGE][PASSED] - Object: 'Object Repository/Факторный анализ/Фильтр Дата Выручка' is clicked on

03-03-2025T13:19:22 - [TEST_STEP][PASSED] - click(findTestObject("Факторный анализ/Снять выделение в фильтре Дата Выручка")): Object: 'Object Repository/Факторный анализ/Снять выделение в фильтре Дата Выручка' is clicked on

03-03-2025T13:19:22 - [MESSAGE][PASSED] - Object: 'Object Repository/Факторный анализ/Снять выделение в фильтре Дата Выручка' is clicked on

03-03-2025T13:19:22 - [TEST_STEP][PASSED] - click(findTestObject("Факторный анализ/Применить в фильтре Дата Выручка")): Object: 'Object Repository/Факторный анализ/Применить в фильтре Дата Выручка' is clicked on

03-03-2025T13:19:23 - [MESSAGE][PASSED] - Object: 'Object Repository/Факторный анализ/Применить в фильтре Дата Выручка' is clicked on

03-03-2025T13:19:23 - [TEST_STEP][PASSED] - delay(10): Delayed 10 second(s)

03-03-2025T13:19:33 - [MESSAGE][PASSED] - Delayed 10 second(s)

03-03-2025T13:19:33 - [TEST_STEP][PASSED] - click(findTestObject("Факторный анализ/Фильтр Дата Выручка")): Object: 'Object Repository/Факторный анализ/Фильтр Дата Выручка' is clicked on

03-03-2025T13:19:33 - [MESSAGE][PASSED] - Object: 'Object Repository/Факторный анализ/Фильтр Дата Выручка' is clicked on

03-03-2025T13:19:33 - [TEST_STEP][PASSED] - click(findTestObject("Факторный анализ/Снять выделение в фильтре Дата Выручка")): Object: 'Object Repository/Факторный анализ/Снять выделение в фильтре Дата Выручка' is clicked on

03-03-2025T13:19:34 - [MESSAGE][PASSED] - Object: 'Object Repository/Факторный анализ/Снять выделение в фильтре Дата Выручка' is clicked on

03-03-2025T13:19:34 - [TEST_STEP][PASSED] - scrollToElement(findTestObject("Факторный анализ/2025 список Выручка"), 30): Scroll to object 'Object Repository/Факторный анализ/2025 список Выручка' successfully

03-03-2025T13:19:34 - [MESSAGE][PASSED] - Scroll to object 'Object Repository/Факторный анализ/2025 список Выручка' successfully

03-03-2025T13:19:34 - [TEST_STEP][PASSED] - click(findTestObject("Факторный анализ/2025 список Выручка")): Object: 'Object Repository/Факторный анализ/2025 список Выручка' is clicked on

03-03-2025T13:19:34 - [MESSAGE][PASSED] - Object: 'Object Repository/Факторный анализ/2025 список Выручка' is clicked on

03-03-2025T13:19:34 - [TEST_STEP][PASSED] - scrollToElement(findTestObject("Факторный анализ/1 квартал 2025 список Выручка"), 30): Scroll to object 'Object Repository/Факторный анализ/1 квартал 2025 список Выручка' successfully

03-03-2025T13:19:35 - [MESSAGE][PASSED] - Scroll to object 'Object Repository/Факторный анализ/1 квартал 2025 список Выручка' successfully

03-03-2025T13:19:35 - [TEST_STEP][PASSED] - click(findTestObject("Факторный анализ/1 квартал 2025 список Выручка"), CONTINUE_ON_FAILURE): Object: 'Object Repository/Факторный анализ/1 квартал 2025 список Выручка' is clicked on

03-03-2025T13:19:35 - [MESSAGE][PASSED] - Object: 'Object Repository/Факторный анализ/1 квартал 2025 список Выручка' is clicked on

03-03-2025T13:19:35 - [TEST_STEP][PASSED] - scrollToElement(findTestObject("Факторный анализ/Январь 2025 Выручка"), 30): Scroll to object 'Object Repository/Факторный анализ/Январь 2025 Выручка' successfully

03-03-2025T13:19:35 - [MESSAGE][PASSED] - Scroll to object 'Object Repository/Факторный анализ/Январь 2025 Выручка' successfully

03-03-2025T13:19:35 - [TEST_STEP][PASSED] - click(findTestObject("Факторный анализ/Январь 2025 Выручка"), CONTINUE_ON_FAILURE): Object: 'Object Repository/Факторный анализ/Январь 2025 Выручка' is clicked on

03-03-2025T13:19:36 - [MESSAGE][PASSED] - Object: 'Object Repository/Факторный анализ/Январь 2025 Выручка' is clicked on

03-03-2025T13:19:36 - [TEST_STEP][PASSED] - scrollToElement(findTestObject("Факторный анализ/Заголовок дашборда Выручка"), 30): Scroll to object 'Object Repository/Факторный анализ/Заголовок дашборда Выручка' successfully

03-03-2025T13:19:36 - [MESSAGE][PASSED] - Scroll to object 'Object Repository/Факторный анализ/Заголовок дашборда Выручка' successfully

03-03-2025T13:19:36 - [TEST_STEP][PASSED] - click(findTestObject("Факторный анализ/Применить в фильтре Дата Выручка")): Object: 'Object Repository/Факторный анализ/Применить в фильтре Дата Выручка' is clicked on

03-03-2025T13:19:37 - [MESSAGE][PASSED] - Object: 'Object Repository/Факторный анализ/Применить в фильтре Дата Выручка' is clicked on

03-03-2025T13:19:37 - [TEST_STEP][PASSED] - if (run == 1): null

03-03-2025T13:19:37 - [TEST_STEP][ERROR] - else: Test Cases/Сверки дашбордов/Факторный анализ сверка дашбордов FAILED.
Reason:
java.lang.NullPointerException: Cannot invoke method replaceAll() on null object
	at Факторный анализ сверка дашбордов.Test(Факторный анализ сверка дашбордов:405)
	at Факторный анализ сверка дашбордов.run(Факторный анализ сверка дашбордов:44)
	at com.kms.katalon.core.main.ScriptEngine.run(ScriptEngine.java:194)
	at com.kms.katalon.core.main.ScriptEngine.runScriptAsRawText(ScriptEngine.java:119)
	at com.kms.katalon.core.main.TestCaseExecutor.runScript(TestCaseExecutor.java:448)
	at com.kms.katalon.core.main.TestCaseExecutor.doExecute(TestCaseExecutor.java:439)
	at com.kms.katalon.core.main.TestCaseExecutor.processExecutionPhase(TestCaseExecutor.java:418)
	at com.kms.katalon.core.main.TestCaseExecutor.accessMainPhase(TestCaseExecutor.java:410)
	at com.kms.katalon.core.main.TestCaseExecutor.execute(TestCaseExecutor.java:285)
	at com.kms.katalon.core.common.CommonExecutor.accessTestCaseMainPhase(CommonExecutor.java:65)
	at com.kms.katalon.core.main.TestSuiteExecutor.accessTestSuiteMainPhase(TestSuiteExecutor.java:150)
	at com.kms.katalon.core.main.TestSuiteExecutor.execute(TestSuiteExecutor.java:106)
	at com.kms.katalon.core.main.TestCaseMain.startTestSuite(TestCaseMain.java:180)
	at TempTestSuite1740991900055.run(TempTestSuite1740991900055.groovy:35)
	at java.base/jdk.internal.reflect.NativeMethodAccessorImpl.invoke0(Native Method)
	at java.base/jdk.internal.reflect.NativeMethodAccessorImpl.invoke(NativeMethodAccessorImpl.java:77)
	at java.base/jdk.internal.reflect.DelegatingMethodAccessorImpl.invoke(DelegatingMethodAccessorImpl.java:43)


03-03-2025T13:19:37 - [TEST_STEP][PASSED] - click(findTestObject("Факторный анализ/Переключить отображение с филиала на месяц")): Object: 'Object Repository/Факторный анализ/Переключить отображение с филиала на месяц' is clicked on

03-03-2025T13:19:45 - [MESSAGE][PASSED] - Object: 'Object Repository/Факторный анализ/Переключить отображение с филиала на месяц' is clicked on

03-03-2025T13:19:45 - [TEST_STEP][PASSED] - b1 = replaceAll("\s+", "").trim(): Text of object 'Object Repository/Факторный анализ/span1 Выручка' is: '-121 352'

03-03-2025T13:19:45 - [MESSAGE][PASSED] - Text of object 'Object Repository/Факторный анализ/span1 Выручка' is: '-121 352'

03-03-2025T13:19:45 - [TEST_STEP][ERROR] - b2 = replaceAll("\s+", "").trim(): Test Cases/Сверки дашбордов/Факторный анализ сверка дашбордов FAILED.
Reason:
java.lang.NullPointerException: Cannot invoke method replaceAll() on null object
	at Факторный анализ сверка дашбордов.Test(Факторный анализ сверка дашбордов:405)
	at Факторный анализ сверка дашбордов.run(Факторный анализ сверка дашбордов:44)
	at com.kms.katalon.core.main.ScriptEngine.run(ScriptEngine.java:194)
	at com.kms.katalon.core.main.ScriptEngine.runScriptAsRawText(ScriptEngine.java:119)
	at com.kms.katalon.core.main.TestCaseExecutor.runScript(TestCaseExecutor.java:448)
	at com.kms.katalon.core.main.TestCaseExecutor.doExecute(TestCaseExecutor.java:439)
	at com.kms.katalon.core.main.TestCaseExecutor.processExecutionPhase(TestCaseExecutor.java:418)
	at com.kms.katalon.core.main.TestCaseExecutor.accessMainPhase(TestCaseExecutor.java:410)
	at com.kms.katalon.core.main.TestCaseExecutor.execute(TestCaseExecutor.java:285)
	at com.kms.katalon.core.common.CommonExecutor.accessTestCaseMainPhase(CommonExecutor.java:65)
	at com.kms.katalon.core.main.TestSuiteExecutor.accessTestSuiteMainPhase(TestSuiteExecutor.java:150)
	at com.kms.katalon.core.main.TestSuiteExecutor.execute(TestSuiteExecutor.java:106)
	at com.kms.katalon.core.main.TestCaseMain.startTestSuite(TestCaseMain.java:180)
	at TempTestSuite1740991900055.run(TempTestSuite1740991900055.groovy:35)
	at java.base/jdk.internal.reflect.NativeMethodAccessorImpl.invoke0(Native Method)
	at java.base/jdk.internal.reflect.NativeMethodAccessorImpl.invoke(NativeMethodAccessorImpl.java:77)
	at java.base/jdk.internal.reflect.DelegatingMethodAccessorImpl.invoke(DelegatingMethodAccessorImpl.java:43)


03-03-2025T13:20:16 - [MESSAGE][INFO] - Unable to find the element located by 'By.xpath: //div[26]/div[2]/div/div/div[2]/div/span'. Please recheck the objects properties to make sure the desired element is located. 

03-03-2025T13:20:16 - [MESSAGE][FAILED] - Unable to get text of object 'Object Repository/Факторный анализ/span2 Выручка' (Root cause: com.kms.katalon.core.exception.StepFailedException: Unable to get text of object 'Object Repository/Факторный анализ/span2 Выручка'
	at com.kms.katalon.core.webui.keyword.internal.WebUIKeywordMain.stepFailed(WebUIKeywordMain.groovy:64)
	at com.kms.katalon.core.webui.keyword.internal.WebUIKeywordMain.runKeyword(WebUIKeywordMain.groovy:26)
	at com.kms.katalon.core.webui.keyword.builtin.GetTextKeyword.getText(GetTextKeyword.groovy:88)
	at com.kms.katalon.core.webui.keyword.builtin.GetTextKeyword.execute(GetTextKeyword.groovy:67)
	at com.kms.katalon.core.keyword.internal.KeywordExecutor.executeKeywordForPlatform(KeywordExecutor.groovy:74)
	at com.kms.katalon.core.webui.keyword.WebUiBuiltInKeywords.getText(WebUiBuiltInKeywords.groovy:957)
	at Факторный анализ сверка дашбордов.Test(Факторный анализ сверка дашбордов:405)
	at Факторный анализ сверка дашбордов.run(Факторный анализ сверка дашбордов:44)
	at com.kms.katalon.core.main.ScriptEngine.run(ScriptEngine.java:194)
	at com.kms.katalon.core.main.ScriptEngine.runScriptAsRawText(ScriptEngine.java:119)
	at com.kms.katalon.core.main.TestCaseExecutor.runScript(TestCaseExecutor.java:448)
	at com.kms.katalon.core.main.TestCaseExecutor.doExecute(TestCaseExecutor.java:439)
	at com.kms.katalon.core.main.TestCaseExecutor.processExecutionPhase(TestCaseExecutor.java:418)
	at com.kms.katalon.core.main.TestCaseExecutor.accessMainPhase(TestCaseExecutor.java:410)
	at com.kms.katalon.core.main.TestCaseExecutor.execute(TestCaseExecutor.java:285)
	at com.kms.katalon.core.common.CommonExecutor.accessTestCaseMainPhase(CommonExecutor.java:65)
	at com.kms.katalon.core.main.TestSuiteExecutor.accessTestSuiteMainPhase(TestSuiteExecutor.java:150)
	at com.kms.katalon.core.main.TestSuiteExecutor.execute(TestSuiteExecutor.java:106)
	at com.kms.katalon.core.main.TestCaseMain.startTestSuite(TestCaseMain.java:180)
	at TempTestSuite1740991900055.run(TempTestSuite1740991900055.groovy:35)
	at java.base/jdk.internal.reflect.NativeMethodAccessorImpl.invoke0(Native Method)
	at java.base/jdk.internal.reflect.NativeMethodAccessorImpl.invoke(NativeMethodAccessorImpl.java:77)
	at java.base/jdk.internal.reflect.DelegatingMethodAccessorImpl.invoke(DelegatingMethodAccessorImpl.java:43)
Caused by: com.kms.katalon.core.webui.exception.WebElementNotFoundException: Web element with id: 'Object Repository/Факторный анализ/span2 Выручка' located by '//div[26]/div[2]/div/div/div[2]/div/span' not found
	at com.kms.katalon.core.webui.common.WebUiCommonHelper.findWebElement(WebUiCommonHelper.java:1426)
	at com.kms.katalon.core.webui.keyword.internal.WebUIAbstractKeyword.findWebElement(WebUIAbstractKeyword.groovy:27)
	at com.kms.katalon.core.webui.keyword.internal.WebUIAbstractKeyword.findWebElement(WebUIAbstractKeyword.groovy:26)
	at com.kms.katalon.core.webui.keyword.builtin.GetTextKeyword$_getText_closure1.doCall(GetTextKeyword.groovy:78)
	at com.kms.katalon.core.webui.keyword.builtin.GetTextKeyword$_getText_closure1.call(GetTextKeyword.groovy)
	at com.kms.katalon.core.webui.keyword.internal.WebUIKeywordMain.runKeyword(WebUIKeywordMain.groovy:20)
	at com.kms.katalon.core.webui.keyword.builtin.GetTextKeyword.getText(GetTextKeyword.groovy:88)
	at com.kms.katalon.core.webui.keyword.builtin.GetTextKeyword.execute(GetTextKeyword.groovy:67)
	at com.kms.katalon.core.keyword.internal.KeywordExecutor.executeKeywordForPlatform(KeywordExecutor.groovy:74)
	at com.kms.katalon.core.webui.keyword.WebUiBuiltInKeywords.getText(WebUiBuiltInKeywords.groovy:957)
	at Script1719551244403.Test(Script1719551244403.groovy:405)
	at Script1719551244403.run(Script1719551244403.groovy:44)
	... 15 more
)
[[ATTACHMENT|C:\\Users\\LIAZGINA-DI\\git\\SPORU\\Reports\\20250303_115140\\\u041F\u043D-\u0421\u0440-\u041F\u0442\\\u0421\u0432\u0435\u0440\u043A\u0430 \u0434\u0430\u0448\u0431\u043E\u0440\u0434\u043E\u0432 \u0438\u0437 \u0440\u0430\u0437\u043D\u044B\u0445 \u0431\u043B\u043E\u043A\u043E\u0432\\20250303_115140\\1740997216623.png]]

03-03-2025T13:20:16 - [MESSAGE][ERROR] - Test Cases/Сверки дашбордов/Факторный анализ сверка дашбордов FAILED.
Reason:
java.lang.NullPointerException: Cannot invoke method replaceAll() on null object
	at Факторный анализ сверка дашбордов.Test(Факторный анализ сверка дашбордов:405)
	at Факторный анализ сверка дашбордов.run(Факторный анализ сверка дашбордов:44)
	at com.kms.katalon.core.main.ScriptEngine.run(ScriptEngine.java:194)
	at com.kms.katalon.core.main.ScriptEngine.runScriptAsRawText(ScriptEngine.java:119)
	at com.kms.katalon.core.main.TestCaseExecutor.runScript(TestCaseExecutor.java:448)
	at com.kms.katalon.core.main.TestCaseExecutor.doExecute(TestCaseExecutor.java:439)
	at com.kms.katalon.core.main.TestCaseExecutor.processExecutionPhase(TestCaseExecutor.java:418)
	at com.kms.katalon.core.main.TestCaseExecutor.accessMainPhase(TestCaseExecutor.java:410)
	at com.kms.katalon.core.main.TestCaseExecutor.execute(TestCaseExecutor.java:285)
	at com.kms.katalon.core.common.CommonExecutor.accessTestCaseMainPhase(CommonExecutor.java:65)
	at com.kms.katalon.core.main.TestSuiteExecutor.accessTestSuiteMainPhase(TestSuiteExecutor.java:150)
	at com.kms.katalon.core.main.TestSuiteExecutor.execute(TestSuiteExecutor.java:106)
	at com.kms.katalon.core.main.TestCaseMain.startTestSuite(TestCaseMain.java:180)
	at TempTestSuite1740991900055.run(TempTestSuite1740991900055.groovy:35)
	at java.base/jdk.internal.reflect.NativeMethodAccessorImpl.invoke0(Native Method)
	at java.base/jdk.internal.reflect.NativeMethodAccessorImpl.invoke(NativeMethodAccessorImpl.java:77)
	at java.base/jdk.internal.reflect.DelegatingMethodAccessorImpl.invoke(DelegatingMethodAccessorImpl.java:43)]]></system-out>
         <system-err><![CDATA[03-03-2025T13:15:55 - [TEST_CASE][FAILED] - Test Cases/Сверки дашбордов/Факторный анализ сверка дашбордов: Test Cases/Сверки дашбордов/Факторный анализ сверка дашбордов FAILED.
Reason:
com.kms.katalon.core.exception.StepFailedException: Unable to verify equal between actual object '701' and expected object '0' (Root cause: com.kms.katalon.core.exception.StepFailedException: Actual object '701' and expected object '0' are not equal
	at com.kms.katalon.core.keyword.builtin.VerifyEqualKeyword$_verifyEqual_closure1.doCall(VerifyEqualKeyword.groovy:58)
	at com.kms.katalon.core.keyword.builtin.VerifyEqualKeyword$_verifyEqual_closure1.call(VerifyEqualKeyword.groovy)
	at com.kms.katalon.core.keyword.internal.KeywordMain.runKeyword(KeywordMain.groovy:75)
	at com.kms.katalon.core.keyword.builtin.VerifyEqualKeyword.verifyEqual(VerifyEqualKeyword.groovy:63)
	at com.kms.katalon.core.keyword.builtin.VerifyEqualKeyword.execute(VerifyEqualKeyword.groovy:44)
	at com.kms.katalon.core.keyword.internal.KeywordExecutor.executeKeywordForPlatform(KeywordExecutor.groovy:74)
	at com.kms.katalon.core.keyword.BuiltinKeywords.verifyEqual(BuiltinKeywords.groovy:146)
	at jdk.internal.reflect.GeneratedMethodAccessor24.invoke(Unknown Source)
	at java.base/jdk.internal.reflect.DelegatingMethodAccessorImpl.invoke(DelegatingMethodAccessorImpl.java:43)
	at Факторный анализ сверка дашбордов.Compare(Факторный анализ сверка дашбордов:654)
	at Факторный анализ сверка дашбордов.Test(Факторный анализ сверка дашбордов:422)
	at Факторный анализ сверка дашбордов.run(Факторный анализ сверка дашбордов:44)
	at com.kms.katalon.core.main.ScriptEngine.run(ScriptEngine.java:194)
	at com.kms.katalon.core.main.ScriptEngine.runScriptAsRawText(ScriptEngine.java:119)
	at com.kms.katalon.core.main.TestCaseExecutor.runScript(TestCaseExecutor.java:448)
	at com.kms.katalon.core.main.TestCaseExecutor.doExecute(TestCaseExecutor.java:439)
	at com.kms.katalon.core.main.TestCaseExecutor.processExecutionPhase(TestCaseExecutor.java:418)
	at com.kms.katalon.core.main.TestCaseExecutor.accessMainPhase(TestCaseExecutor.java:410)
	at com.kms.katalon.core.main.TestCaseExecutor.execute(TestCaseExecutor.java:285)
	at com.kms.katalon.core.common.CommonExecutor.accessTestCaseMainPhase(CommonExecutor.java:65)
	at com.kms.katalon.core.main.TestSuiteExecutor.accessTestSuiteMainPhase(TestSuiteExecutor.java:150)
	at com.kms.katalon.core.main.TestSuiteExecutor.execute(TestSuiteExecutor.java:106)
	at com.kms.katalon.core.main.TestCaseMain.startTestSuite(TestCaseMain.java:180)
	at TempTestSuite1740991900055.run(TempTestSuite1740991900055.groovy:35)
	at java.base/jdk.internal.reflect.NativeMethodAccessorImpl.invoke0(Native Method)
	at java.base/jdk.internal.reflect.NativeMethodAccessorImpl.invoke(NativeMethodAccessorImpl.java:77)
	at java.base/jdk.internal.reflect.DelegatingMethodAccessorImpl.invoke(DelegatingMethodAccessorImpl.java:43)
)
	at com.kms.katalon.core.keyword.internal.KeywordMain.stepFailed(KeywordMain.groovy:39)
	at com.kms.katalon.core.keyword.internal.KeywordMain.stepFailed(KeywordMain.groovy)
	at com.kms.katalon.core.keyword.internal.KeywordMain.runKeyword(KeywordMain.groovy:77)
	at com.kms.katalon.core.keyword.builtin.VerifyEqualKeyword.verifyEqual(VerifyEqualKeyword.groovy:63)
	at com.kms.katalon.core.keyword.builtin.VerifyEqualKeyword.execute(VerifyEqualKeyword.groovy:44)
	at com.kms.katalon.core.keyword.internal.KeywordExecutor.executeKeywordForPlatform(KeywordExecutor.groovy:74)
	at com.kms.katalon.core.keyword.BuiltinKeywords.verifyEqual(BuiltinKeywords.groovy:146)
	at jdk.internal.reflect.GeneratedMethodAccessor24.invoke(Unknown Source)
	at java.base/jdk.internal.reflect.DelegatingMethodAccessorImpl.invoke(DelegatingMethodAccessorImpl.java:43)
	at Факторный анализ сверка дашбордов.Compare(Факторный анализ сверка дашбордов:654)
	at Факторный анализ сверка дашбордов.Test(Факторный анализ сверка дашбордов:422)
	at Факторный анализ сверка дашбордов.run(Факторный анализ сверка дашбордов:44)
	at com.kms.katalon.core.main.ScriptEngine.run(ScriptEngine.java:194)
	at com.kms.katalon.core.main.ScriptEngine.runScriptAsRawText(ScriptEngine.java:119)
	at com.kms.katalon.core.main.TestCaseExecutor.runScript(TestCaseExecutor.java:448)
	at com.kms.katalon.core.main.TestCaseExecutor.doExecute(TestCaseExecutor.java:439)
	at com.kms.katalon.core.main.TestCaseExecutor.processExecutionPhase(TestCaseExecutor.java:418)
	at com.kms.katalon.core.main.TestCaseExecutor.accessMainPhase(TestCaseExecutor.java:410)
	at com.kms.katalon.core.main.TestCaseExecutor.execute(TestCaseExecutor.java:285)
	at com.kms.katalon.core.common.CommonExecutor.accessTestCaseMainPhase(CommonExecutor.java:65)
	at com.kms.katalon.core.main.TestSuiteExecutor.accessTestSuiteMainPhase(TestSuiteExecutor.java:150)
	at com.kms.katalon.core.main.TestSuiteExecutor.execute(TestSuiteExecutor.java:106)
	at com.kms.katalon.core.main.TestCaseMain.startTestSuite(TestCaseMain.java:180)
	at TempTestSuite1740991900055.run(TempTestSuite1740991900055.groovy:35)
	at java.base/jdk.internal.reflect.NativeMethodAccessorImpl.invoke0(Native Method)
	at java.base/jdk.internal.reflect.NativeMethodAccessorImpl.invoke(NativeMethodAccessorImpl.java:77)
	at java.base/jdk.internal.reflect.DelegatingMethodAccessorImpl.invoke(DelegatingMethodAccessorImpl.java:43)
Caused by: com.kms.katalon.core.exception.StepFailedException: Actual object '701' and expected object '0' are not equal
	at com.kms.katalon.core.keyword.builtin.VerifyEqualKeyword$_verifyEqual_closure1.doCall(VerifyEqualKeyword.groovy:58)
	at com.kms.katalon.core.keyword.builtin.VerifyEqualKeyword$_verifyEqual_closure1.call(VerifyEqualKeyword.groovy)
	at com.kms.katalon.core.keyword.internal.KeywordMain.runKeyword(KeywordMain.groovy:75)
	... 24 more]]></system-err>
      </testcase>
      <testcase name="Test Cases/Выполнение бизнес-плана/Выполнение бизнес-плана Сверка ПАО Россети все филиалы" time="1984.582" classname="Test Cases/Выполнение бизнес-плана/Выполнение бизнес-плана Сверка ПАО Россети все филиалы" status="FAILED">
         <failure type="FAILED" message="Test Cases/Выполнение бизнес-плана/Выполнение бизнес-плана Сверка ПАО Россети все филиалы FAILED.&#xa;Reason:&#xa;com.kms.katalon.core.exception.StepFailedException: Unable to verify equal between actual object '6' and expected object '0' (Root cause: com.kms.katalon.core.exception.StepFailedException: Actual object '6' and expected object '0' are not equal&#xa;	at com.kms.katalon.core.keyword.builtin.VerifyEqualKeyword$_verifyEqual_closure1.doCall(VerifyEqualKeyword.groovy:58)&#xa;	at com.kms.katalon.core.keyword.builtin.VerifyEqualKeyword$_verifyEqual_closure1.call(VerifyEqualKeyword.groovy)&#xa;	at com.kms.katalon.core.keyword.internal.KeywordMain.runKeyword(KeywordMain.groovy:75)&#xa;	at com.kms.katalon.core.keyword.builtin.VerifyEqualKeyword.verifyEqual(VerifyEqualKeyword.groovy:63)&#xa;	at com.kms.katalon.core.keyword.builtin.VerifyEqualKeyword.execute(VerifyEqualKeyword.groovy:44)&#xa;	at com.kms.katalon.core.keyword.internal.KeywordExecutor.executeKeywordForPlatform(KeywordExecutor.groovy:74)&#xa;	at com.kms.katalon.core.keyword.BuiltinKeywords.verifyEqual(BuiltinKeywords.groovy:146)&#xa;	at jdk.internal.reflect.GeneratedMethodAccessor24.invoke(Unknown Source)&#xa;	at java.base/jdk.internal.reflect.DelegatingMethodAccessorImpl.invoke(DelegatingMethodAccessorImpl.java:43)&#xa;	at Выполнение бизнес-плана Сверка ПАО Россети все филиалы.Numbers(Выполнение бизнес-плана Сверка ПАО Россети все филиалы:736)&#xa;	at Выполнение бизнес-плана Сверка ПАО Россети все филиалы.run(Выполнение бизнес-плана Сверка ПАО Россети все филиалы:165)&#xa;	at com.kms.katalon.core.main.ScriptEngine.run(ScriptEngine.java:194)&#xa;	at com.kms.katalon.core.main.ScriptEngine.runScriptAsRawText(ScriptEngine.java:119)&#xa;	at com.kms.katalon.core.main.TestCaseExecutor.runScript(TestCaseExecutor.java:448)&#xa;	at com.kms.katalon.core.main.TestCaseExecutor.doExecute(TestCaseExecutor.java:439)&#xa;	at com.kms.katalon.core.main.TestCaseExecutor.processExecutionPhase(TestCaseExecutor.java:418)&#xa;	at com.kms.katalon.core.main.TestCaseExecutor.accessMainPhase(TestCaseExecutor.java:410)&#xa;	at com.kms.katalon.core.main.TestCaseExecutor.execute(TestCaseExecutor.java:285)&#xa;	at com.kms.katalon.core.common.CommonExecutor.accessTestCaseMainPhase(CommonExecutor.java:65)&#xa;	at com.kms.katalon.core.main.TestSuiteExecutor.accessTestSuiteMainPhase(TestSuiteExecutor.java:150)&#xa;	at com.kms.katalon.core.main.TestSuiteExecutor.execute(TestSuiteExecutor.java:106)&#xa;	at com.kms.katalon.core.main.TestCaseMain.startTestSuite(TestCaseMain.java:180)&#xa;	at TempTestSuite1740991900055.run(TempTestSuite1740991900055.groovy:35)&#xa;	at java.base/jdk.internal.reflect.NativeMethodAccessorImpl.invoke0(Native Method)&#xa;	at java.base/jdk.internal.reflect.NativeMethodAccessorImpl.invoke(NativeMethodAccessorImpl.java:77)&#xa;	at java.base/jdk.internal.reflect.DelegatingMethodAccessorImpl.invoke(DelegatingMethodAccessorImpl.java:43)&#xa;)&#xa;	at com.kms.katalon.core.keyword.internal.KeywordMain.stepFailed(KeywordMain.groovy:39)&#xa;	at com.kms.katalon.core.keyword.internal.KeywordMain.stepFailed(KeywordMain.groovy)&#xa;	at com.kms.katalon.core.keyword.internal.KeywordMain.runKeyword(KeywordMain.groovy:77)&#xa;	at com.kms.katalon.core.keyword.builtin.VerifyEqualKeyword.verifyEqual(VerifyEqualKeyword.groovy:63)&#xa;	at com.kms.katalon.core.keyword.builtin.VerifyEqualKeyword.execute(VerifyEqualKeyword.groovy:44)&#xa;	at com.kms.katalon.core.keyword.internal.KeywordExecutor.executeKeywordForPlatform(KeywordExecutor.groovy:74)&#xa;	at com.kms.katalon.core.keyword.BuiltinKeywords.verifyEqual(BuiltinKeywords.groovy:146)&#xa;	at jdk.internal.reflect.GeneratedMethodAccessor24.invoke(Unknown Source)&#xa;	at java.base/jdk.internal.reflect.DelegatingMethodAccessorImpl.invoke(DelegatingMethodAccessorImpl.java:43)&#xa;	at Выполнение бизнес-плана Сверка ПАО Россети все филиалы.Numbers(Выполнение бизнес-плана Сверка ПАО Россети все филиалы:736)&#xa;	at Выполнение бизнес-плана Сверка ПАО Россети все филиалы.run(Выполнение бизнес-плана Сверка ПАО Россети все филиалы:165)&#xa;	at com.kms.katalon.core.main.ScriptEngine.run(ScriptEngine.java:194)&#xa;	at com.kms.katalon.core.main.ScriptEngine.runScriptAsRawText(ScriptEngine.java:119)&#xa;	at com.kms.katalon.core.main.TestCaseExecutor.runScript(TestCaseExecutor.java:448)&#xa;	at com.kms.katalon.core.main.TestCaseExecutor.doExecute(TestCaseExecutor.java:439)&#xa;	at com.kms.katalon.core.main.TestCaseExecutor.processExecutionPhase(TestCaseExecutor.java:418)&#xa;	at com.kms.katalon.core.main.TestCaseExecutor.accessMainPhase(TestCaseExecutor.java:410)&#xa;	at com.kms.katalon.core.main.TestCaseExecutor.execute(TestCaseExecutor.java:285)&#xa;	at com.kms.katalon.core.common.CommonExecutor.accessTestCaseMainPhase(CommonExecutor.java:65)&#xa;	at com.kms.katalon.core.main.TestSuiteExecutor.accessTestSuiteMainPhase(TestSuiteExecutor.java:150)&#xa;	at com.kms.katalon.core.main.TestSuiteExecutor.execute(TestSuiteExecutor.java:106)&#xa;	at com.kms.katalon.core.main.TestCaseMain.startTestSuite(TestCaseMain.java:180)&#xa;	at TempTestSuite1740991900055.run(TempTestSuite1740991900055.groovy:35)&#xa;	at java.base/jdk.internal.reflect.NativeMethodAccessorImpl.invoke0(Native Method)&#xa;	at java.base/jdk.internal.reflect.NativeMethodAccessorImpl.invoke(NativeMethodAccessorImpl.java:77)&#xa;	at java.base/jdk.internal.reflect.DelegatingMethodAccessorImpl.invoke(DelegatingMethodAccessorImpl.java:43)&#xa;Caused by: com.kms.katalon.core.exception.StepFailedException: Actual object '6' and expected object '0' are not equal&#xa;	at com.kms.katalon.core.keyword.builtin.VerifyEqualKeyword$_verifyEqual_closure1.doCall(VerifyEqualKeyword.groovy:58)&#xa;	at com.kms.katalon.core.keyword.builtin.VerifyEqualKeyword$_verifyEqual_closure1.call(VerifyEqualKeyword.groovy)&#xa;	at com.kms.katalon.core.keyword.internal.KeywordMain.runKeyword(KeywordMain.groovy:75)&#xa;	... 23 more&#xa;"/>
         <system-out><![CDATA[03-03-2025T13:20:16 - [TEST_CASE][FAILED] - Test Cases/Выполнение бизнес-плана/Выполнение бизнес-плана Сверка ПАО Россети все филиалы: Test Cases/Выполнение бизнес-плана/Выполнение бизнес-плана Сверка ПАО Россети все филиалы FAILED.
Reason:
com.kms.katalon.core.exception.StepFailedException: Unable to verify equal between actual object '6' and expected object '0' (Root cause: com.kms.katalon.core.exception.StepFailedException: Actual object '6' and expected object '0' are not equal
	at com.kms.katalon.core.keyword.builtin.VerifyEqualKeyword$_verifyEqual_closure1.doCall(VerifyEqualKeyword.groovy:58)
	at com.kms.katalon.core.keyword.builtin.VerifyEqualKeyword$_verifyEqual_closure1.call(VerifyEqualKeyword.groovy)
	at com.kms.katalon.core.keyword.internal.KeywordMain.runKeyword(KeywordMain.groovy:75)
	at com.kms.katalon.core.keyword.builtin.VerifyEqualKeyword.verifyEqual(VerifyEqualKeyword.groovy:63)
	at com.kms.katalon.core.keyword.builtin.VerifyEqualKeyword.execute(VerifyEqualKeyword.groovy:44)
	at com.kms.katalon.core.keyword.internal.KeywordExecutor.executeKeywordForPlatform(KeywordExecutor.groovy:74)
	at com.kms.katalon.core.keyword.BuiltinKeywords.verifyEqual(BuiltinKeywords.groovy:146)
	at jdk.internal.reflect.GeneratedMethodAccessor24.invoke(Unknown Source)
	at java.base/jdk.internal.reflect.DelegatingMethodAccessorImpl.invoke(DelegatingMethodAccessorImpl.java:43)
	at Выполнение бизнес-плана Сверка ПАО Россети все филиалы.Numbers(Выполнение бизнес-плана Сверка ПАО Россети все филиалы:736)
	at Выполнение бизнес-плана Сверка ПАО Россети все филиалы.run(Выполнение бизнес-плана Сверка ПАО Россети все филиалы:165)
	at com.kms.katalon.core.main.ScriptEngine.run(ScriptEngine.java:194)
	at com.kms.katalon.core.main.ScriptEngine.runScriptAsRawText(ScriptEngine.java:119)
	at com.kms.katalon.core.main.TestCaseExecutor.runScript(TestCaseExecutor.java:448)
	at com.kms.katalon.core.main.TestCaseExecutor.doExecute(TestCaseExecutor.java:439)
	at com.kms.katalon.core.main.TestCaseExecutor.processExecutionPhase(TestCaseExecutor.java:418)
	at com.kms.katalon.core.main.TestCaseExecutor.accessMainPhase(TestCaseExecutor.java:410)
	at com.kms.katalon.core.main.TestCaseExecutor.execute(TestCaseExecutor.java:285)
	at com.kms.katalon.core.common.CommonExecutor.accessTestCaseMainPhase(CommonExecutor.java:65)
	at com.kms.katalon.core.main.TestSuiteExecutor.accessTestSuiteMainPhase(TestSuiteExecutor.java:150)
	at com.kms.katalon.core.main.TestSuiteExecutor.execute(TestSuiteExecutor.java:106)
	at com.kms.katalon.core.main.TestCaseMain.startTestSuite(TestCaseMain.java:180)
	at TempTestSuite1740991900055.run(TempTestSuite1740991900055.groovy:35)
	at java.base/jdk.internal.reflect.NativeMethodAccessorImpl.invoke0(Native Method)
	at java.base/jdk.internal.reflect.NativeMethodAccessorImpl.invoke(NativeMethodAccessorImpl.java:77)
	at java.base/jdk.internal.reflect.DelegatingMethodAccessorImpl.invoke(DelegatingMethodAccessorImpl.java:43)
)
	at com.kms.katalon.core.keyword.internal.KeywordMain.stepFailed(KeywordMain.groovy:39)
	at com.kms.katalon.core.keyword.internal.KeywordMain.stepFailed(KeywordMain.groovy)
	at com.kms.katalon.core.keyword.internal.KeywordMain.runKeyword(KeywordMain.groovy:77)
	at com.kms.katalon.core.keyword.builtin.VerifyEqualKeyword.verifyEqual(VerifyEqualKeyword.groovy:63)
	at com.kms.katalon.core.keyword.builtin.VerifyEqualKeyword.execute(VerifyEqualKeyword.groovy:44)
	at com.kms.katalon.core.keyword.internal.KeywordExecutor.executeKeywordForPlatform(KeywordExecutor.groovy:74)
	at com.kms.katalon.core.keyword.BuiltinKeywords.verifyEqual(BuiltinKeywords.groovy:146)
	at jdk.internal.reflect.GeneratedMethodAccessor24.invoke(Unknown Source)
	at java.base/jdk.internal.reflect.DelegatingMethodAccessorImpl.invoke(DelegatingMethodAccessorImpl.java:43)
	at Выполнение бизнес-плана Сверка ПАО Россети все филиалы.Numbers(Выполнение бизнес-плана Сверка ПАО Россети все филиалы:736)
	at Выполнение бизнес-плана Сверка ПАО Россети все филиалы.run(Выполнение бизнес-плана Сверка ПАО Россети все филиалы:165)
	at com.kms.katalon.core.main.ScriptEngine.run(ScriptEngine.java:194)
	at com.kms.katalon.core.main.ScriptEngine.runScriptAsRawText(ScriptEngine.java:119)
	at com.kms.katalon.core.main.TestCaseExecutor.runScript(TestCaseExecutor.java:448)
	at com.kms.katalon.core.main.TestCaseExecutor.doExecute(TestCaseExecutor.java:439)
	at com.kms.katalon.core.main.TestCaseExecutor.processExecutionPhase(TestCaseExecutor.java:418)
	at com.kms.katalon.core.main.TestCaseExecutor.accessMainPhase(TestCaseExecutor.java:410)
	at com.kms.katalon.core.main.TestCaseExecutor.execute(TestCaseExecutor.java:285)
	at com.kms.katalon.core.common.CommonExecutor.accessTestCaseMainPhase(CommonExecutor.java:65)
	at com.kms.katalon.core.main.TestSuiteExecutor.accessTestSuiteMainPhase(TestSuiteExecutor.java:150)
	at com.kms.katalon.core.main.TestSuiteExecutor.execute(TestSuiteExecutor.java:106)
	at com.kms.katalon.core.main.TestCaseMain.startTestSuite(TestCaseMain.java:180)
	at TempTestSuite1740991900055.run(TempTestSuite1740991900055.groovy:35)
	at java.base/jdk.internal.reflect.NativeMethodAccessorImpl.invoke0(Native Method)
	at java.base/jdk.internal.reflect.NativeMethodAccessorImpl.invoke(NativeMethodAccessorImpl.java:77)
	at java.base/jdk.internal.reflect.DelegatingMethodAccessorImpl.invoke(DelegatingMethodAccessorImpl.java:43)
Caused by: com.kms.katalon.core.exception.StepFailedException: Actual object '6' and expected object '0' are not equal
	at com.kms.katalon.core.keyword.builtin.VerifyEqualKeyword$_verifyEqual_closure1.doCall(VerifyEqualKeyword.groovy:58)
	at com.kms.katalon.core.keyword.builtin.VerifyEqualKeyword$_verifyEqual_closure1.call(VerifyEqualKeyword.groovy)
	at com.kms.katalon.core.keyword.internal.KeywordMain.runKeyword(KeywordMain.groovy:75)
	... 23 more


03-03-2025T13:20:17 - [TEST_STEP][PASSED] - openBrowser(""): Browser is opened with url: ''

03-03-2025T13:20:17 - [MESSAGE][WARNING] - A browser is already opened. Closing browser and opening a new one

03-03-2025T13:20:17 - [MESSAGE][INFO] - Starting 'Chrome' driver

03-03-2025T13:20:17 - [MESSAGE][INFO] - Action delay is set to 0 milliseconds

03-03-2025T13:20:18 - [MESSAGE][PASSED] - Browser is opened with url: ''

03-03-2025T13:20:18 - [TEST_STEP][PASSED] - date = new java.util.Date(): null

03-03-2025T13:20:18 - [TEST_STEP][PASSED] - todaysDate = date.format("dd.MM.yyyy"): null

03-03-2025T13:20:18 - [TEST_STEP][PASSED] - dZO = <not implemented yet for class: org.codehaus.groovy.ast.expr.EmptyExpression>: null

03-03-2025T13:20:18 - [TEST_STEP][PASSED] - a = <not implemented yet for class: org.codehaus.groovy.ast.expr.EmptyExpression>: null

03-03-2025T13:20:18 - [TEST_STEP][PASSED] - fileperc = <not implemented yet for class: org.codehaus.groovy.ast.expr.EmptyExpression>: null

03-03-2025T13:20:18 - [TEST_STEP][PASSED] - pageperc = <not implemented yet for class: org.codehaus.groovy.ast.expr.EmptyExpression>: null

03-03-2025T13:20:18 - [TEST_STEP][PASSED] - pageInt = <not implemented yet for class: org.codehaus.groovy.ast.expr.EmptyExpression>: null

03-03-2025T13:20:18 - [TEST_STEP][PASSED] - fileInt = <not implemented yet for class: org.codehaus.groovy.ast.expr.EmptyExpression>: null

03-03-2025T13:20:18 - [TEST_STEP][PASSED] - pageDouble = <not implemented yet for class: org.codehaus.groovy.ast.expr.EmptyExpression>: null

03-03-2025T13:20:18 - [TEST_STEP][PASSED] - fileDouble = <not implemented yet for class: org.codehaus.groovy.ast.expr.EmptyExpression>: null

03-03-2025T13:20:18 - [TEST_STEP][PASSED] - typeOfData = <not implemented yet for class: org.codehaus.groovy.ast.expr.EmptyExpression>: null

03-03-2025T13:20:18 - [TEST_STEP][PASSED] - dzoNum = 0: null

03-03-2025T13:20:18 - [TEST_STEP][PASSED] - filialNum = 0: null

03-03-2025T13:20:18 - [TEST_STEP][PASSED] - urlText = <not implemented yet for class: org.codehaus.groovy.ast.expr.EmptyExpression>: null

03-03-2025T13:20:18 - [TEST_STEP][PASSED] - searchWord = <not implemented yet for class: org.codehaus.groovy.ast.expr.EmptyExpression>: null

03-03-2025T13:20:18 - [TEST_STEP][PASSED] - i = <not implemented yet for class: org.codehaus.groovy.ast.expr.EmptyExpression>: null

03-03-2025T13:20:18 - [TEST_STEP][PASSED] - ii = <not implemented yet for class: org.codehaus.groovy.ast.expr.EmptyExpression>: null

03-03-2025T13:20:18 - [TEST_STEP][PASSED] - navigateToUrl(findTestData("PlanFact").getValue(10, 1)): Navigate to 'https://bi.rosseti.digital/viewer?dashboardGuid=d154a8eaf6824e2b9de1bb04dd061c18&sheetGuid=1305e8ce744049e1abdacea1ea397a26&fit=true' successfully

03-03-2025T13:20:26 - [MESSAGE][PASSED] - Navigate to 'https://bi.rosseti.digital/viewer?dashboardGuid=d154a8eaf6824e2b9de1bb04dd061c18&sheetGuid=1305e8ce744049e1abdacea1ea397a26&fit=true' successfully

03-03-2025T13:20:26 - [TEST_STEP][PASSED] - urlText = getText(findTestObject("Страница авторизации/Text")): Text of object 'Object Repository/Страница авторизации/Text' is: 'Вход'

03-03-2025T13:20:30 - [MESSAGE][PASSED] - Text of object 'Object Repository/Страница авторизации/Text' is: 'Вход'

03-03-2025T13:20:30 - [TEST_STEP][PASSED] - delay(20): Delayed 20 second(s)

03-03-2025T13:20:50 - [MESSAGE][PASSED] - Delayed 20 second(s)

03-03-2025T13:20:50 - [TEST_STEP][PASSED] - searchWord = "Вход": null

03-03-2025T13:20:50 - [TEST_STEP][PASSED] - if (urlText.contains(searchWord) == false): null

03-03-2025T13:20:50 - [TEST_STEP][PASSED] - setText(findTestObject("Страница авторизации/input__username"), findTestData("PlanFact").getValue(8, 1)): Text 'liazgina-di' is set on object 'Object Repository/Страница авторизации/input__username'

03-03-2025T13:20:51 - [MESSAGE][PASSED] - Text 'liazgina-di' is set on object 'Object Repository/Страница авторизации/input__username'

03-03-2025T13:20:51 - [TEST_STEP][PASSED] - setText(findTestObject("Страница авторизации/input__password"), findTestData("PlanFact").getValue(9, 1)): Text ')$%5srZ8o688Dm#q' is set on object 'Object Repository/Страница авторизации/input__password'

03-03-2025T13:20:52 - [MESSAGE][PASSED] - Text ')$%5srZ8o688Dm#q' is set on object 'Object Repository/Страница авторизации/input__password'

03-03-2025T13:20:52 - [TEST_STEP][PASSED] - click(findTestObject("Страница авторизации/button_")): Object: 'Object Repository/Страница авторизации/button_' is clicked on

03-03-2025T13:20:54 - [MESSAGE][PASSED] - Object: 'Object Repository/Страница авторизации/button_' is clicked on

03-03-2025T13:20:54 - [TEST_STEP][PASSED] - delay(50): Delayed 50 second(s)

03-03-2025T13:21:44 - [MESSAGE][PASSED] - Delayed 50 second(s)

03-03-2025T13:21:44 - [TEST_STEP][PASSED] - searchWord = "ДЗО": null

03-03-2025T13:21:44 - [TEST_STEP][PASSED] - urlText = getText(findTestObject("Страница авторизации/Text")): Text of object 'Object Repository/Страница авторизации/Text' is: 'ДЗО 
ПАО Россети
Период
Январь 2025 года
Отклонения фактического уровня потерь от бизнес-плана, п.п.
-0.01
-0.92
-0.43
-0.44
-2.45
Россети ФСК ЕЭС
Россети Волга
Россети Московский регион
Россети Урал (ГК)
Россети Янтарь
-4
-2
0
2
4
6
8

Уровень потерь электроэнергии
Россети ФСК ЕЭС
Россети Волга
Россети Московский регион
Россети Урал (ГК)
Россети Янтарь
0
10
20
30
40
50
60
70
4.01
|
6.39
|
9.74
|
12.14
|
12.35
|
4.00
5.47
9.32
11.71
9.90
п.п.
3.67
Итого
0
2
4
%
4.95 4.95
8.61 8.61
План
Факт
1
100

● Бизнес-план выполнен● ●● Превышение бизнес-плана
Отклонения фактического уровня потерь от бизнес-плана за 3 месяца (нарастающим итогом), п.п.
-0.2-0.2
-8.3-8.3
3.13.1
-0.4-0.4
-0.6-0.6
-0.0-0.0
0.20.2
3.93.9
-0.4-0.4
-8.8-8.8
-0.0-0.0
0.20.2
-0.2-0.2
-0.5-0.5
-0.3-0.3
-0.5-0.5
-0.1-0.1
-0.2-0.2
-8.4-8.4
2.92.9
-0.4-0.4
-0.5-0.5
-0.0-0.0
0.20.2
3.83.8
-0.3-0.3
-7.9-7.9
-0.0-0.0
0.20.2
-0.2-0.2
-0.5-0.5
-0.2-0.2
-0.3-0.3
-0.1-0.1
-0.0-0.0
-0.9-0.9
-0.4-0.4
-0.4-0.4
-2.4-2.4
Россети ФСКЕЭС
АО«Тываэнерго»
АО«Чеченэнерго»
Россети Волга
РоссетиКубань
РоссетиЛенэнерго(ГК)
РоссетиМосковскийрегион
РоссетиСеверныйКавказ (ГК)
Россети Северо-Запад
Россети Сибирь(ГК)
Россети Томск
Россети Тюмень
Россети Урал(ГК)
Россети Центр
Россети Центри Приволжье(ГК)
Россети Юг (Г…
РоссетиЯнтарь
-10
0
10
п.п.
Отклонения фактического уровня потерь от бизнес-плана за 3 месяца (нарастающим итогом)
-0.2-0.2
-1.5-1.5
-0.1-0.1
-0.6-0.6
-95.8-95.8
-0.0-0.0
-0.7-0.7
1.31.3
-0.5-0.5
-0.2-0.2
-90.8-90.8
0.10.1
-0.4-0.4
0.10.1
0.00.0
-0.1-0.1
-0.2-0.2
-0.3-0.3
-0.6-0.6
-0.1-0.1
-0.0-0.0
-1.2-1.2
-89.4-89.4
-0.5-0.5
-90.2-90.2
-0.4-0.4
-1.0-1.0
-0.0-0.0
-0.7-0.7
-80.6-80.6
-1.0-1.0
-0.4-0.4
-0.1-0.1
-0.2-0.2
-0.8-0.8
-1.0-1.0
-0.2-0.2
-0.5-0.5
-1.2-1.2
0.00.0
-7.3-7.3
-0.0-0.0
-0.3-0.3
-1.3-1.3
-0.2-0.2
-0.5-0.5
-43.5-43.5
-1.0-1.0
-0.0-0.0
1.21.2
1.51.5
-0.7-0.7
1.21.2
-0.5-0.5
0.50.5
-0.2-0.2
0.10.1
-40.4-40.4
0.70.7
-0.0-0.0
-0.4-0.4
-0.0-0.0
-0.1-0.1
0.20.2
-0.1-0.1
-0.1-0.1
-0.4-0.4
-0.4-0.4
-0.6-0.6
-0.1-0.1
-1.9-1.9
0.00.0
-0.6-0.6
1.21.2
0.70.7
-0.0-0.0
2.72.7
0.40.4
-1.3-1.3
-44.7-44.7
-0.4-0.4
-37.3-37.3
-0.7-0.7
2.32.3
-0.9-0.9
-0.0-0.0
-0.4-0.4
-39.6-39.6
-0.4-0.4
1.91.9
1.31.3
9.99.9
-0.7-0.7
-0.4-0.4
-0.6-0.6
-0.1-0.1
0.10.1
-1.3-1.3
0.90.9
0.90.9
2.12.1
-0.8-0.8
-0.8-0.8
-0.3-0.3
9.99.9
0.50.5
10.310.3
Итого по ФС…
Каббалкэнерго
Калмэнерго
Калугаэнерго
Карачаево-Черкесскэнерго
Карельский филиал
Кировэнерго
Костромаэнерго
Красноярскэнерго
Кубаньэнерго
Кузбассэнерго-РЭС
Курскэнерго
Ленинградская область
Липецкэнерго
Мариэнерго
Мордовэнерго
Московская область
Мурманский филиал
Нижновэнерго
Новгородский филиал
ООО «БрянскЭлектро»
Омскэнерго
Орелэнерго
Оренбургэнерго
Пензаэнерго
Пермэнерго
Псковский филиал
Россети Тюмень
Россети Янтарь
Ростовэнерго
Рязаньэнерго
Самарские РС
Саратовские РС
Свердловэнерго
Севкавказэнерго
Смоленскэнерго
Ставропольэнерго
Тамбовэнерго
Тверьэнерго
Томская распределительная компания
Тулэнерго
Удмуртэнерго
Ульяновские РС
Хакасэнерго
Челябэнерго
Читаэнерго
Чувашэнерго
Ярэнерго
г. Москва
г. Санкт-Петербург
филиал в Республике Коми
АО "Тываэнерго"
АО «ВМЭС»
АО «Воронежская горэлектросеть»
АО «Тульские городские электрические сети»
АО «Чеченэнерго»
АО «Ярославская электросетевая компания»
АО ЕЭСК
Алтайэнерго
Архангельский филиал
Астраханьэнерго
Белгородэнерго
Брянскэнерго
Бурятэнерго
Владимирэнерго
Волгоградэнерго
Вологодский филиал
Воронежэнерго
Дагэнерго
Ивэнерго
Ингушэнерго
-180
60

Статус данных
Просьба обратить внимание
— все данные не занесены
Факт
План
Итого – Факт
Отпуск в сеть 40 135 752
Отпуск из сети 36 678 386
Потери 3 457 366
Итого – План
У виджета нет данных
Выполнение бизнес-плана в части показателя «Уровень потерь электроэнергии»
Показатели баланса электроэнергии по ДЗО – Факт 
57 256 396 3 856 981 9 778 647 746 230 462 838
55 054 236 3 645 880 8 867 734 658 867 417 011
2 202 160 211 102 910 913 87 364 45 827
Показатели баланса электроэнергии по ДЗО – План
58 806 842 4 033 660 10 346 741 733 704 489 942
56 540 011 3 775 836 9 338 688 644 601 429 434
2 266 831 257 824 1 008 053 89 103 60 508'

03-03-2025T13:21:46 - [MESSAGE][PASSED] - Text of object 'Object Repository/Страница авторизации/Text' is: 'ДЗО 
ПАО Россети
Период
Январь 2025 года
Отклонения фактического уровня потерь от бизнес-плана, п.п.
-0.01
-0.92
-0.43
-0.44
-2.45
Россети ФСК ЕЭС
Россети Волга
Россети Московский регион
Россети Урал (ГК)
Россети Янтарь
-4
-2
0
2
4
6
8

Уровень потерь электроэнергии
Россети ФСК ЕЭС
Россети Волга
Россети Московский регион
Россети Урал (ГК)
Россети Янтарь
0
10
20
30
40
50
60
70
4.01
|
6.39
|
9.74
|
12.14
|
12.35
|
4.00
5.47
9.32
11.71
9.90
п.п.
3.67
Итого
0
2
4
%
4.95 4.95
8.61 8.61
План
Факт
1
100

● Бизнес-план выполнен● ●● Превышение бизнес-плана
Отклонения фактического уровня потерь от бизнес-плана за 3 месяца (нарастающим итогом), п.п.
-0.2-0.2
-8.3-8.3
3.13.1
-0.4-0.4
-0.6-0.6
-0.0-0.0
0.20.2
3.93.9
-0.4-0.4
-8.8-8.8
-0.0-0.0
0.20.2
-0.2-0.2
-0.5-0.5
-0.3-0.3
-0.5-0.5
-0.1-0.1
-0.2-0.2
-8.4-8.4
2.92.9
-0.4-0.4
-0.5-0.5
-0.0-0.0
0.20.2
3.83.8
-0.3-0.3
-7.9-7.9
-0.0-0.0
0.20.2
-0.2-0.2
-0.5-0.5
-0.2-0.2
-0.3-0.3
-0.1-0.1
-0.0-0.0
-0.9-0.9
-0.4-0.4
-0.4-0.4
-2.4-2.4
Россети ФСКЕЭС
АО«Тываэнерго»
АО«Чеченэнерго»
Россети Волга
РоссетиКубань
РоссетиЛенэнерго(ГК)
РоссетиМосковскийрегион
РоссетиСеверныйКавказ (ГК)
Россети Северо-Запад
Россети Сибирь(ГК)
Россети Томск
Россети Тюмень
Россети Урал(ГК)
Россети Центр
Россети Центри Приволжье(ГК)
Россети Юг (Г…
РоссетиЯнтарь
-10
0
10
п.п.
Отклонения фактического уровня потерь от бизнес-плана за 3 месяца (нарастающим итогом)
-0.2-0.2
-1.5-1.5
-0.1-0.1
-0.6-0.6
-95.8-95.8
-0.0-0.0
-0.7-0.7
1.31.3
-0.5-0.5
-0.2-0.2
-90.8-90.8
0.10.1
-0.4-0.4
0.10.1
0.00.0
-0.1-0.1
-0.2-0.2
-0.3-0.3
-0.6-0.6
-0.1-0.1
-0.0-0.0
-1.2-1.2
-89.4-89.4
-0.5-0.5
-90.2-90.2
-0.4-0.4
-1.0-1.0
-0.0-0.0
-0.7-0.7
-80.6-80.6
-1.0-1.0
-0.4-0.4
-0.1-0.1
-0.2-0.2
-0.8-0.8
-1.0-1.0
-0.2-0.2
-0.5-0.5
-1.2-1.2
0.00.0
-7.3-7.3
-0.0-0.0
-0.3-0.3
-1.3-1.3
-0.2-0.2
-0.5-0.5
-43.5-43.5
-1.0-1.0
-0.0-0.0
1.21.2
1.51.5
-0.7-0.7
1.21.2
-0.5-0.5
0.50.5
-0.2-0.2
0.10.1
-40.4-40.4
0.70.7
-0.0-0.0
-0.4-0.4
-0.0-0.0
-0.1-0.1
0.20.2
-0.1-0.1
-0.1-0.1
-0.4-0.4
-0.4-0.4
-0.6-0.6
-0.1-0.1
-1.9-1.9
0.00.0
-0.6-0.6
1.21.2
0.70.7
-0.0-0.0
2.72.7
0.40.4
-1.3-1.3
-44.7-44.7
-0.4-0.4
-37.3-37.3
-0.7-0.7
2.32.3
-0.9-0.9
-0.0-0.0
-0.4-0.4
-39.6-39.6
-0.4-0.4
1.91.9
1.31.3
9.99.9
-0.7-0.7
-0.4-0.4
-0.6-0.6
-0.1-0.1
0.10.1
-1.3-1.3
0.90.9
0.90.9
2.12.1
-0.8-0.8
-0.8-0.8
-0.3-0.3
9.99.9
0.50.5
10.310.3
Итого по ФС…
Каббалкэнерго
Калмэнерго
Калугаэнерго
Карачаево-Черкесскэнерго
Карельский филиал
Кировэнерго
Костромаэнерго
Красноярскэнерго
Кубаньэнерго
Кузбассэнерго-РЭС
Курскэнерго
Ленинградская область
Липецкэнерго
Мариэнерго
Мордовэнерго
Московская область
Мурманский филиал
Нижновэнерго
Новгородский филиал
ООО «БрянскЭлектро»
Омскэнерго
Орелэнерго
Оренбургэнерго
Пензаэнерго
Пермэнерго
Псковский филиал
Россети Тюмень
Россети Янтарь
Ростовэнерго
Рязаньэнерго
Самарские РС
Саратовские РС
Свердловэнерго
Севкавказэнерго
Смоленскэнерго
Ставропольэнерго
Тамбовэнерго
Тверьэнерго
Томская распределительная компания
Тулэнерго
Удмуртэнерго
Ульяновские РС
Хакасэнерго
Челябэнерго
Читаэнерго
Чувашэнерго
Ярэнерго
г. Москва
г. Санкт-Петербург
филиал в Республике Коми
АО "Тываэнерго"
АО «ВМЭС»
АО «Воронежская горэлектросеть»
АО «Тульские городские электрические сети»
АО «Чеченэнерго»
АО «Ярославская электросетевая компания»
АО ЕЭСК
Алтайэнерго
Архангельский филиал
Астраханьэнерго
Белгородэнерго
Брянскэнерго
Бурятэнерго
Владимирэнерго
Волгоградэнерго
Вологодский филиал
Воронежэнерго
Дагэнерго
Ивэнерго
Ингушэнерго
-180
60

Статус данных
Просьба обратить внимание
— все данные не занесены
Факт
План
Итого – Факт
Отпуск в сеть 40 135 752
Отпуск из сети 36 678 386
Потери 3 457 366
Итого – План
У виджета нет данных
Выполнение бизнес-плана в части показателя «Уровень потерь электроэнергии»
Показатели баланса электроэнергии по ДЗО – Факт 
57 256 396 3 856 981 9 778 647 746 230 462 838
55 054 236 3 645 880 8 867 734 658 867 417 011
2 202 160 211 102 910 913 87 364 45 827
Показатели баланса электроэнергии по ДЗО – План
58 806 842 4 033 660 10 346 741 733 704 489 942
56 540 011 3 775 836 9 338 688 644 601 429 434
2 266 831 257 824 1 008 053 89 103 60 508'

03-03-2025T13:21:46 - [TEST_STEP][PASSED] - if (urlText.contains("ошибка") || urlText.contains(searchWord) == false): null

03-03-2025T13:21:46 - [TEST_STEP][PASSED] - Script1718980020443.ZakrytOpoveshenie(): null

03-03-2025T13:21:46 - [TEST_STEP][PASSED] - delay(10): Delayed 10 second(s)

03-03-2025T13:21:56 - [MESSAGE][PASSED] - Delayed 10 second(s)

03-03-2025T13:21:56 - [TEST_STEP][PASSED] - opoveshenie = getText(findTestObject("Выполнение бизнес-плана/Просьба обратить внимание")): Text of object 'Object Repository/Выполнение бизнес-плана/Просьба обратить внимание' is: 'Просьба обратить внимание'

03-03-2025T13:21:56 - [MESSAGE][PASSED] - Text of object 'Object Repository/Выполнение бизнес-плана/Просьба обратить внимание' is: 'Просьба обратить внимание'

03-03-2025T13:21:56 - [TEST_STEP][PASSED] - println(opoveshenie): null

03-03-2025T13:21:56 - [TEST_STEP][PASSED] - if (opoveshenie == "Просьба обратить внимание"): Object: 'Object Repository/Выполнение бизнес-плана/Закрыть оповещение' is clicked on

03-03-2025T13:21:56 - [TEST_STEP][PASSED] - click(findTestObject("Выполнение бизнес-плана/Закрыть оповещение")): Object: 'Object Repository/Выполнение бизнес-плана/Закрыть оповещение' is clicked on

03-03-2025T13:21:57 - [MESSAGE][PASSED] - Object: 'Object Repository/Выполнение бизнес-плана/Закрыть оповещение' is clicked on

03-03-2025T13:21:57 - [TEST_STEP][PASSED] - click(findTestObject("Object Repository/Выполнение бизнес-плана/Фильтр Дата")): Object: 'Object Repository/Выполнение бизнес-плана/Фильтр Дата' is clicked on

03-03-2025T13:21:57 - [MESSAGE][PASSED] - Object: 'Object Repository/Выполнение бизнес-плана/Фильтр Дата' is clicked on

03-03-2025T13:21:57 - [TEST_STEP][PASSED] - click(findTestObject("Выполнение бизнес-плана/Снять выделение в фильтре Дата")): Object: 'Object Repository/Выполнение бизнес-плана/Снять выделение в фильтре Дата' is clicked on

03-03-2025T13:21:58 - [MESSAGE][PASSED] - Object: 'Object Repository/Выполнение бизнес-плана/Снять выделение в фильтре Дата' is clicked on

03-03-2025T13:21:58 - [TEST_STEP][PASSED] - click(findTestObject("Object Repository/Выполнение бизнес-плана/Применить в фильтре Дата")): Object: 'Object Repository/Выполнение бизнес-плана/Применить в фильтре Дата' is clicked on

03-03-2025T13:21:58 - [MESSAGE][PASSED] - Object: 'Object Repository/Выполнение бизнес-плана/Применить в фильтре Дата' is clicked on

03-03-2025T13:21:58 - [TEST_STEP][PASSED] - delay(50): Delayed 50 second(s)

03-03-2025T13:22:48 - [MESSAGE][PASSED] - Delayed 50 second(s)

03-03-2025T13:22:48 - [TEST_STEP][PASSED] - Script1718980020443.ZakrytOpoveshenie(): null

03-03-2025T13:22:48 - [TEST_STEP][PASSED] - delay(10): Delayed 10 second(s)

03-03-2025T13:22:58 - [MESSAGE][PASSED] - Delayed 10 second(s)

03-03-2025T13:22:58 - [TEST_STEP][PASSED] - opoveshenie = getText(findTestObject("Выполнение бизнес-плана/Просьба обратить внимание")): Text of object 'Object Repository/Выполнение бизнес-плана/Просьба обратить внимание' is: 'Просьба обратить внимание'

03-03-2025T13:22:59 - [MESSAGE][PASSED] - Text of object 'Object Repository/Выполнение бизнес-плана/Просьба обратить внимание' is: 'Просьба обратить внимание'

03-03-2025T13:22:59 - [TEST_STEP][PASSED] - println(opoveshenie): null

03-03-2025T13:22:59 - [TEST_STEP][PASSED] - if (opoveshenie == "Просьба обратить внимание"): Object: 'Object Repository/Выполнение бизнес-плана/Закрыть оповещение' is clicked on

03-03-2025T13:22:59 - [TEST_STEP][PASSED] - click(findTestObject("Выполнение бизнес-плана/Закрыть оповещение")): Object: 'Object Repository/Выполнение бизнес-плана/Закрыть оповещение' is clicked on

03-03-2025T13:22:59 - [MESSAGE][PASSED] - Object: 'Object Repository/Выполнение бизнес-плана/Закрыть оповещение' is clicked on

03-03-2025T13:22:59 - [TEST_STEP][PASSED] - click(findTestObject("Object Repository/Выполнение бизнес-плана/Фильтр Дата")): Object: 'Object Repository/Выполнение бизнес-плана/Фильтр Дата' is clicked on

03-03-2025T13:22:59 - [MESSAGE][PASSED] - Object: 'Object Repository/Выполнение бизнес-плана/Фильтр Дата' is clicked on

03-03-2025T13:22:59 - [TEST_STEP][PASSED] - scrollToElement(findTestObject("Выполнение бизнес-плана/2024 список"), 30): Scroll to object 'Object Repository/Выполнение бизнес-плана/2024 список' successfully

03-03-2025T13:23:00 - [MESSAGE][PASSED] - Scroll to object 'Object Repository/Выполнение бизнес-плана/2024 список' successfully

03-03-2025T13:23:00 - [TEST_STEP][PASSED] - click(findTestObject("Выполнение бизнес-плана/2024 год")): Object: 'Object Repository/Выполнение бизнес-плана/2024 год' is clicked on

03-03-2025T13:23:00 - [MESSAGE][PASSED] - Object: 'Object Repository/Выполнение бизнес-плана/2024 год' is clicked on

03-03-2025T13:23:00 - [TEST_STEP][PASSED] - scrollToElement(findTestObject("Выполнение бизнес-плана/Заголовок дашборда"), 30): Scroll to object 'Object Repository/Выполнение бизнес-плана/Заголовок дашборда' successfully

03-03-2025T13:23:01 - [MESSAGE][PASSED] - Scroll to object 'Object Repository/Выполнение бизнес-плана/Заголовок дашборда' successfully

03-03-2025T13:23:01 - [TEST_STEP][PASSED] - click(findTestObject("Object Repository/Выполнение бизнес-плана/Применить в фильтре Дата")): Object: 'Object Repository/Выполнение бизнес-плана/Применить в фильтре Дата' is clicked on

03-03-2025T13:23:02 - [MESSAGE][PASSED] - Object: 'Object Repository/Выполнение бизнес-плана/Применить в фильтре Дата' is clicked on

03-03-2025T13:23:02 - [TEST_STEP][PASSED] - delay(50): Delayed 50 second(s)

03-03-2025T13:23:52 - [MESSAGE][PASSED] - Delayed 50 second(s)

03-03-2025T13:23:52 - [TEST_STEP][PASSED] - Script1718980020443.ZakrytOpoveshenie(): null

03-03-2025T13:23:52 - [TEST_STEP][PASSED] - delay(10): Delayed 10 second(s)

03-03-2025T13:24:02 - [MESSAGE][PASSED] - Delayed 10 second(s)

03-03-2025T13:24:02 - [TEST_STEP][PASSED] - opoveshenie = getText(findTestObject("Выполнение бизнес-плана/Просьба обратить внимание")): Text of object 'Object Repository/Выполнение бизнес-плана/Просьба обратить внимание' is: 'Просьба обратить внимание'

03-03-2025T13:24:02 - [MESSAGE][PASSED] - Text of object 'Object Repository/Выполнение бизнес-плана/Просьба обратить внимание' is: 'Просьба обратить внимание'

03-03-2025T13:24:02 - [TEST_STEP][PASSED] - println(opoveshenie): null

03-03-2025T13:24:02 - [TEST_STEP][PASSED] - if (opoveshenie == "Просьба обратить внимание"): Object: 'Object Repository/Выполнение бизнес-плана/Закрыть оповещение' is clicked on

03-03-2025T13:24:02 - [TEST_STEP][PASSED] - click(findTestObject("Выполнение бизнес-плана/Закрыть оповещение")): Object: 'Object Repository/Выполнение бизнес-плана/Закрыть оповещение' is clicked on

03-03-2025T13:24:02 - [MESSAGE][PASSED] - Object: 'Object Repository/Выполнение бизнес-плана/Закрыть оповещение' is clicked on

03-03-2025T13:24:02 - [TEST_STEP][PASSED] - delay(30): Delayed 30 second(s)

03-03-2025T13:24:32 - [MESSAGE][PASSED] - Delayed 30 second(s)

03-03-2025T13:24:32 - [TEST_STEP][PASSED] - Script1718980020443.OpenFilter(): null

03-03-2025T13:24:32 - [TEST_STEP][PASSED] - click(findTestObject("Object Repository/Выполнение бизнес-плана/Фильтр ДЗО")): Object: 'Object Repository/Выполнение бизнес-плана/Фильтр ДЗО' is clicked on

03-03-2025T13:24:33 - [MESSAGE][PASSED] - Object: 'Object Repository/Выполнение бизнес-плана/Фильтр ДЗО' is clicked on

03-03-2025T13:24:33 - [TEST_STEP][PASSED] - click(findTestObject("Выполнение бизнес-плана/Снять выделение в фильтре ДЗО")): Object: 'Object Repository/Выполнение бизнес-плана/Снять выделение в фильтре ДЗО' is clicked on

03-03-2025T13:24:33 - [MESSAGE][PASSED] - Object: 'Object Repository/Выполнение бизнес-плана/Снять выделение в фильтре ДЗО' is clicked on

03-03-2025T13:24:33 - [TEST_STEP][PASSED] - click(findTestObject("Выполнение бизнес-плана/Раскрыть список ПАО Россети в фильтре ДЗО")): Object: 'Object Repository/Выполнение бизнес-плана/Раскрыть список ПАО Россети в фильтре ДЗО' is clicked on

03-03-2025T13:24:33 - [MESSAGE][PASSED] - Object: 'Object Repository/Выполнение бизнес-плана/Раскрыть список ПАО Россети в фильтре ДЗО' is clicked on

03-03-2025T13:24:33 - [TEST_STEP][PASSED] - click(findTestObject("Выполнение бизнес-плана/ПАО Россети")): Object: 'Object Repository/Выполнение бизнес-плана/ПАО Россети' is clicked on

03-03-2025T13:24:34 - [MESSAGE][PASSED] - Object: 'Object Repository/Выполнение бизнес-плана/ПАО Россети' is clicked on

03-03-2025T13:24:34 - [TEST_STEP][PASSED] - click(findTestObject("Object Repository/Выполнение бизнес-плана/Применить в фильтре ДЗО")): Object: 'Object Repository/Выполнение бизнес-плана/Применить в фильтре ДЗО' is clicked on

03-03-2025T13:24:35 - [MESSAGE][PASSED] - Object: 'Object Repository/Выполнение бизнес-плана/Применить в фильтре ДЗО' is clicked on

03-03-2025T13:24:35 - [TEST_STEP][PASSED] - delay(30): Delayed 30 second(s)

03-03-2025T13:25:05 - [MESSAGE][PASSED] - Delayed 30 second(s)

03-03-2025T13:25:05 - [TEST_STEP][PASSED] - x1 = getText(findTestObject("Выполнение бизнес-плана/Список ДЗО старый")): Text of object 'Object Repository/Выполнение бизнес-плана/Список ДЗО старый' is: 'Россети ФСКЕЭС
АО«Тываэнерго»
АО«Чеченэнерго»
Россети Волга
РоссетиКубань
РоссетиЛенэнерго(ГК)
РоссетиМосковскийрегион
РоссетиСеверныйКавказ
РоссетиСеверо-Запад
РоссетиСибирь
РоссетиТомск
РоссетиТюмень
Россети Урал(ГК)
РоссетиЦентр (ГК)
РоссетиЦентр иПриволжье(ГК)
Россети Юг(ГК)
РоссетиЯнтарь
0
20
40
60
80'

03-03-2025T13:25:05 - [MESSAGE][PASSED] - Text of object 'Object Repository/Выполнение бизнес-плана/Список ДЗО старый' is: 'Россети ФСКЕЭС
АО«Тываэнерго»
АО«Чеченэнерго»
Россети Волга
РоссетиКубань
РоссетиЛенэнерго(ГК)
РоссетиМосковскийрегион
РоссетиСеверныйКавказ
РоссетиСеверо-Запад
РоссетиСибирь
РоссетиТомск
РоссетиТюмень
Россети Урал(ГК)
РоссетиЦентр (ГК)
РоссетиЦентр иПриволжье(ГК)
Россети Юг(ГК)
РоссетиЯнтарь
0
20
40
60
80'

03-03-2025T13:25:05 - [TEST_STEP][PASSED] - dZO = "ПАО Россети": null

03-03-2025T13:25:05 - [TEST_STEP][PASSED] - a = 84: null

03-03-2025T13:25:05 - [TEST_STEP][PASSED] - Script1718980020443.Numbers(a, typeOfData, todaysDate, pageInt, fileInt, pageDouble, fileDouble, dZO, dzoNum, filialNum): null

03-03-2025T13:25:05 - [TEST_STEP][PASSED] - println(dzoNum): null

03-03-2025T13:25:05 - [TEST_STEP][PASSED] - planFact = <not implemented yet for class: org.codehaus.groovy.ast.expr.EmptyExpression>: null

03-03-2025T13:25:05 - [TEST_STEP][PASSED] - page = <not implemented yet for class: org.codehaus.groovy.ast.expr.EmptyExpression>: null

03-03-2025T13:25:05 - [TEST_STEP][PASSED] - page1 = <not implemented yet for class: org.codehaus.groovy.ast.expr.EmptyExpression>: null

03-03-2025T13:25:05 - [TEST_STEP][PASSED] - page2 = <not implemented yet for class: org.codehaus.groovy.ast.expr.EmptyExpression>: null

03-03-2025T13:25:05 - [TEST_STEP][PASSED] - filialNumberInRow = <not implemented yet for class: org.codehaus.groovy.ast.expr.EmptyExpression>: null

03-03-2025T13:25:05 - [TEST_STEP][PASSED] - filialsDzoNames = <not implemented yet for class: org.codehaus.groovy.ast.expr.EmptyExpression>: null

03-03-2025T13:25:05 - [TEST_STEP][PASSED] - numberOfFilials = <not implemented yet for class: org.codehaus.groovy.ast.expr.EmptyExpression>: null

03-03-2025T13:25:05 - [TEST_STEP][PASSED] - numberOfSpaces = <not implemented yet for class: org.codehaus.groovy.ast.expr.EmptyExpression>: null

03-03-2025T13:25:05 - [TEST_STEP][PASSED] - file = <not implemented yet for class: org.codehaus.groovy.ast.expr.EmptyExpression>: null

03-03-2025T13:25:05 - [TEST_STEP][PASSED] - otpusk = <not implemented yet for class: org.codehaus.groovy.ast.expr.EmptyExpression>: null

03-03-2025T13:25:05 - [TEST_STEP][PASSED] - poteri = <not implemented yet for class: org.codehaus.groovy.ast.expr.EmptyExpression>: null

03-03-2025T13:25:05 - [TEST_STEP][PASSED] - dataFolder = "Выполнение бизнес-плана/Значения со страницы Выполнение бизнес-плана/": null

03-03-2025T13:25:05 - [TEST_STEP][PASSED] - path = <not implemented yet for class: org.codehaus.groovy.ast.expr.EmptyExpression>: null

03-03-2025T13:25:05 - [TEST_STEP][PASSED] - typeOfDataMain = <not implemented yet for class: org.codehaus.groovy.ast.expr.EmptyExpression>: null

03-03-2025T13:25:05 - [TEST_STEP][PASSED] - fileOtpuskVSet = <not implemented yet for class: org.codehaus.groovy.ast.expr.EmptyExpression>: null

03-03-2025T13:25:05 - [TEST_STEP][PASSED] - pageOtpuskVSet = <not implemented yet for class: org.codehaus.groovy.ast.expr.EmptyExpression>: null

03-03-2025T13:25:05 - [TEST_STEP][PASSED] - filePoteri = <not implemented yet for class: org.codehaus.groovy.ast.expr.EmptyExpression>: null

03-03-2025T13:25:05 - [TEST_STEP][PASSED] - pagePoteri = <not implemented yet for class: org.codehaus.groovy.ast.expr.EmptyExpression>: null

03-03-2025T13:25:05 - [TEST_STEP][PASSED] - compare = <not implemented yet for class: org.codehaus.groovy.ast.expr.EmptyExpression>: null

03-03-2025T13:25:05 - [TEST_STEP][PASSED] - b = <not implemented yet for class: org.codehaus.groovy.ast.expr.EmptyExpression>: null

03-03-2025T13:25:05 - [TEST_STEP][PASSED] - i = <not implemented yet for class: org.codehaus.groovy.ast.expr.EmptyExpression>: null

03-03-2025T13:25:05 - [TEST_STEP][PASSED] - ii = <not implemented yet for class: org.codehaus.groovy.ast.expr.EmptyExpression>: null

03-03-2025T13:25:05 - [TEST_STEP][PASSED] - c = <not implemented yet for class: org.codehaus.groovy.ast.expr.EmptyExpression>: null

03-03-2025T13:25:05 - [TEST_STEP][PASSED] - numberOfErrors = 0: null

03-03-2025T13:25:05 - [TEST_STEP][PASSED] - if (a == 82): null

03-03-2025T13:25:05 - [TEST_STEP][PASSED] - b = findTestData("PlanFact").getValue(1, a): null

03-03-2025T13:25:05 - [TEST_STEP][PASSED] - i = b.indexOf(" (ГК)"): null

03-03-2025T13:25:05 - [TEST_STEP][PASSED] - if (i > -1): null

03-03-2025T13:25:05 - [TEST_STEP][PASSED] - i = b.indexOf("О ""): null

03-03-2025T13:25:05 - [TEST_STEP][PASSED] - if (i > -1): null

03-03-2025T13:25:05 - [TEST_STEP][PASSED] - i = b.indexOf("О «"): null

03-03-2025T13:25:05 - [TEST_STEP][PASSED] - if (i > -1): null

03-03-2025T13:25:05 - [TEST_STEP][PASSED] - i = b.indexOf("г. "): null

03-03-2025T13:25:05 - [TEST_STEP][PASSED] - if (i > -1): null

03-03-2025T13:25:05 - [TEST_STEP][PASSED] - b = b.trim(): null

03-03-2025T13:25:05 - [TEST_STEP][PASSED] - println(b): null

03-03-2025T13:25:05 - [TEST_STEP][PASSED] - for ([planFact = 1, planFact < 3, (planFact++)]): null

03-03-2025T13:25:05 - [TEST_STEP][PASSED] - if (planFact == 1): null

03-03-2025T13:25:05 - [TEST_STEP][PASSED] - typeOfDataMain = "Факт": null

03-03-2025T13:25:05 - [TEST_STEP][PASSED] - otpusk = findTestData("PlanFact").getValue(5, a): null

03-03-2025T13:25:05 - [TEST_STEP][PASSED] - poteri = findTestData("PlanFact").getValue(6, a): null

03-03-2025T13:25:05 - [TEST_STEP][PASSED] - otpusk = otpusk.replaceAll("\s+", ""): null

03-03-2025T13:25:05 - [TEST_STEP][PASSED] - poteri = poteri.replaceAll("\s+", ""): null

03-03-2025T13:25:05 - [TEST_STEP][PASSED] - typeOfData = typeOfDataMain + " Отпуск в сеть": null

03-03-2025T13:25:05 - [TEST_STEP][PASSED] - if (a == 82): null

03-03-2025T13:25:05 - [TEST_STEP][PASSED] - else if (a == 84): null

03-03-2025T13:25:05 - [TEST_STEP][PASSED] - path = dataFolder + typeOfData + " за отчётный период " + "ПАО Россети": null

03-03-2025T13:25:05 - [TEST_STEP][PASSED] - println(path): null

03-03-2025T13:25:05 - [TEST_STEP][PASSED] - page = getText(findTestObject(path)): Text of object 'Object Repository/Выполнение бизнес-плана/Значения со страницы Выполнение бизнес-плана/Факт Отпуск в сеть за отчётный период ПАО Россети' is: '668 699 427'

03-03-2025T13:25:06 - [MESSAGE][PASSED] - Text of object 'Object Repository/Выполнение бизнес-плана/Значения со страницы Выполнение бизнес-плана/Факт Отпуск в сеть за отчётный период ПАО Россети' is: '668 699 427'

03-03-2025T13:25:06 - [TEST_STEP][PASSED] - if (page == "" || page == null): null

03-03-2025T13:25:06 - [TEST_STEP][PASSED] - else: null

03-03-2025T13:25:06 - [TEST_STEP][PASSED] - page = page.replaceAll("\s+", ""): null

03-03-2025T13:25:06 - [TEST_STEP][PASSED] - fileOtpuskVSet = otpusk.toInteger(): null

03-03-2025T13:25:06 - [TEST_STEP][PASSED] - pageOtpuskVSet = page.toInteger(): null

03-03-2025T13:25:06 - [TEST_STEP][PASSED] - typeOfData = typeOfDataMain + " Потери": null

03-03-2025T13:25:06 - [TEST_STEP][PASSED] - if (a == 82): null

03-03-2025T13:25:06 - [TEST_STEP][PASSED] - else if (a == 84): null

03-03-2025T13:25:06 - [TEST_STEP][PASSED] - path = dataFolder + typeOfData + " за отчётный период " + "ПАО Россети": null

03-03-2025T13:25:06 - [TEST_STEP][PASSED] - page = getText(findTestObject(path)): Text of object 'Object Repository/Выполнение бизнес-плана/Значения со страницы Выполнение бизнес-плана/Факт Потери за отчётный период ПАО Россети' is: '54 071 873'

03-03-2025T13:25:06 - [MESSAGE][PASSED] - Text of object 'Object Repository/Выполнение бизнес-плана/Значения со страницы Выполнение бизнес-плана/Факт Потери за отчётный период ПАО Россети' is: '54 071 873'

03-03-2025T13:25:06 - [TEST_STEP][PASSED] - if (page == "" || page == null): null

03-03-2025T13:25:06 - [TEST_STEP][PASSED] - else: null

03-03-2025T13:25:06 - [TEST_STEP][PASSED] - page = page.replaceAll("\s+", ""): null

03-03-2025T13:25:06 - [TEST_STEP][PASSED] - filePoteri = poteri.toInteger(): null

03-03-2025T13:25:06 - [TEST_STEP][PASSED] - pagePoteri = page.toInteger(): null

03-03-2025T13:25:06 - [TEST_STEP][PASSED] - compare = pageOtpuskVSet: null

03-03-2025T13:25:06 - [TEST_STEP][PASSED] - if (pageOtpuskVSet != null): null

03-03-2025T13:25:06 - [TEST_STEP][PASSED] - if (compare == fileOtpuskVSet): null

03-03-2025T13:25:06 - [TEST_STEP][PASSED] - else if (compare > fileOtpuskVSet): null

03-03-2025T13:25:06 - [TEST_STEP][PASSED] - else if (compare < fileOtpuskVSet): null

03-03-2025T13:25:06 - [TEST_STEP][PASSED] - compare = compare + 1: null

03-03-2025T13:25:06 - [TEST_STEP][PASSED] - if (compare == fileOtpuskVSet): null

03-03-2025T13:25:06 - [TEST_STEP][PASSED] - else: null

03-03-2025T13:25:06 - [TEST_STEP][PASSED] - numberOfErrors = numberOfErrors + 1: null

03-03-2025T13:25:06 - [TEST_STEP][PASSED] - pageInt = pageOtpuskVSet: null

03-03-2025T13:25:06 - [TEST_STEP][PASSED] - fileInt = fileOtpuskVSet: null

03-03-2025T13:25:06 - [TEST_STEP][PASSED] - typeOfData = typeOfDataMain + " Отпуск в сеть": null

03-03-2025T13:25:06 - [TEST_STEP][PASSED] - Script1718980020443.WriteToExcel(a, typeOfData, todaysDate, pageInt, fileInt, pageDouble, fileDouble, dZO): null

03-03-2025T13:25:06 - [TEST_STEP][PASSED] - sheetName = "Sheet1": null

03-03-2025T13:25:06 - [TEST_STEP][PASSED] - data = findTestData("PlanFact"): null

03-03-2025T13:25:06 - [TEST_STEP][PASSED] - n = data.getRowNumbers() + 1: null

03-03-2025T13:25:06 - [TEST_STEP][PASSED] - day = ")).toInteger(): null

03-03-2025T13:25:06 - [TEST_STEP][PASSED] - println(day): null

03-03-2025T13:25:06 - [TEST_STEP][PASSED] - month = ")).toInteger(): null

03-03-2025T13:25:06 - [TEST_STEP][PASSED] - println(month): null

03-03-2025T13:25:06 - [TEST_STEP][PASSED] - y = <not implemented yet for class: org.codehaus.groovy.ast.expr.EmptyExpression>: null

03-03-2025T13:25:06 - [TEST_STEP][PASSED] - iy = <not implemented yet for class: org.codehaus.groovy.ast.expr.EmptyExpression>: null

03-03-2025T13:25:06 - [TEST_STEP][PASSED] - m = getText(findTestObject("Выполнение бизнес-плана/Период")): Text of object 'Object Repository/Выполнение бизнес-плана/Период' is: '2024 год'

03-03-2025T13:25:06 - [MESSAGE][PASSED] - Text of object 'Object Repository/Выполнение бизнес-плана/Период' is: '2024 год'

03-03-2025T13:25:06 - [TEST_STEP][PASSED] - iy = m.indexOf("20"): null

03-03-2025T13:25:06 - [TEST_STEP][PASSED] - if (iy > -1): null

03-03-2025T13:25:06 - [TEST_STEP][PASSED] - y = substring(iy, iy + 4).toInteger(): null

03-03-2025T13:25:06 - [TEST_STEP][PASSED] - println(y): null

03-03-2025T13:25:06 - [TEST_STEP][PASSED] - if (toString().length() == 4): null

03-03-2025T13:25:06 - [TEST_STEP][PASSED] - m = m.substring(0, m.indexOf(y.toString())): null

03-03-2025T13:25:06 - [TEST_STEP][PASSED] - m = m.trim(): null

03-03-2025T13:25:06 - [TEST_STEP][PASSED] - if (m == ""): null

03-03-2025T13:25:06 - [TEST_STEP][PASSED] - m = "весь год": null

03-03-2025T13:25:06 - [TEST_STEP][PASSED] - dashboardName = "Выполнение бизнес-плана": null

03-03-2025T13:25:06 - [TEST_STEP][PASSED] - workbook01 = getWorkbook(excelFilePath): null

03-03-2025T13:25:07 - [TEST_STEP][PASSED] - sheet01 = getExcelSheet(workbook01, sheetName): null

03-03-2025T13:25:07 - [TEST_STEP][PASSED] - setValueToCellByIndex(sheet01, n, 0, dashboardName): null

03-03-2025T13:25:07 - [TEST_STEP][PASSED] - setValueToCellByIndex(sheet01, n, 1, dZO): null

03-03-2025T13:25:07 - [TEST_STEP][PASSED] - setValueToCellByIndex(sheet01, n, 2, typeOfData): null

03-03-2025T13:25:07 - [TEST_STEP][PASSED] - if (typeOfData == "Факт в процентах" || typeOfData == "План в процентах"): null

03-03-2025T13:25:07 - [TEST_STEP][PASSED] - else: null

03-03-2025T13:25:07 - [TEST_STEP][PASSED] - setValueToCellByIndex(sheet01, n, 3, fileInt): null

03-03-2025T13:25:07 - [TEST_STEP][PASSED] - setValueToCellByIndex(sheet01, n, 4, pageInt): null

03-03-2025T13:25:07 - [TEST_STEP][PASSED] - setValueToCellByIndex(sheet01, n, 5, m): null

03-03-2025T13:25:07 - [TEST_STEP][PASSED] - setValueToCellByIndex(sheet01, n, 6, y): null

03-03-2025T13:25:07 - [TEST_STEP][PASSED] - setValueToCellByIndex(sheet01, n, 7, todaysDate): null

03-03-2025T13:25:07 - [TEST_STEP][PASSED] - n = n + 1: null

03-03-2025T13:25:07 - [TEST_STEP][PASSED] - saveWorkbook(excelFilePath, workbook01): null

03-03-2025T13:25:07 - [TEST_STEP][PASSED] - compare = pagePoteri: null

03-03-2025T13:25:07 - [TEST_STEP][PASSED] - if (pageOtpuskVSet != null): null

03-03-2025T13:25:07 - [TEST_STEP][PASSED] - if (compare == filePoteri): null

03-03-2025T13:25:07 - [TEST_STEP][PASSED] - else if (compare > filePoteri): null

03-03-2025T13:25:07 - [TEST_STEP][PASSED] - else if (compare < filePoteri): null

03-03-2025T13:25:07 - [TEST_STEP][PASSED] - compare = compare + 1: null

03-03-2025T13:25:07 - [TEST_STEP][PASSED] - if (compare == filePoteri): null

03-03-2025T13:25:07 - [TEST_STEP][PASSED] - else: null

03-03-2025T13:25:07 - [TEST_STEP][PASSED] - numberOfErrors = numberOfErrors + 1: null

03-03-2025T13:25:07 - [TEST_STEP][PASSED] - pageInt = pagePoteri: null

03-03-2025T13:25:07 - [TEST_STEP][PASSED] - fileInt = filePoteri: null

03-03-2025T13:25:07 - [TEST_STEP][PASSED] - typeOfData = typeOfDataMain + " Потери": null

03-03-2025T13:25:07 - [TEST_STEP][PASSED] - Script1718980020443.WriteToExcel(a, typeOfData, todaysDate, pageInt, fileInt, pageDouble, fileDouble, dZO): null

03-03-2025T13:25:07 - [TEST_STEP][PASSED] - sheetName = "Sheet1": null

03-03-2025T13:25:07 - [TEST_STEP][PASSED] - data = findTestData("PlanFact"): null

03-03-2025T13:25:07 - [TEST_STEP][PASSED] - n = data.getRowNumbers() + 1: null

03-03-2025T13:25:07 - [TEST_STEP][PASSED] - day = ")).toInteger(): null

03-03-2025T13:25:07 - [TEST_STEP][PASSED] - println(day): null

03-03-2025T13:25:07 - [TEST_STEP][PASSED] - month = ")).toInteger(): null

03-03-2025T13:25:07 - [TEST_STEP][PASSED] - println(month): null

03-03-2025T13:25:07 - [TEST_STEP][PASSED] - y = <not implemented yet for class: org.codehaus.groovy.ast.expr.EmptyExpression>: null

03-03-2025T13:25:07 - [TEST_STEP][PASSED] - iy = <not implemented yet for class: org.codehaus.groovy.ast.expr.EmptyExpression>: null

03-03-2025T13:25:07 - [TEST_STEP][PASSED] - m = getText(findTestObject("Выполнение бизнес-плана/Период")): Text of object 'Object Repository/Выполнение бизнес-плана/Период' is: '2024 год'

03-03-2025T13:25:07 - [MESSAGE][PASSED] - Text of object 'Object Repository/Выполнение бизнес-плана/Период' is: '2024 год'

03-03-2025T13:25:07 - [TEST_STEP][PASSED] - iy = m.indexOf("20"): null

03-03-2025T13:25:07 - [TEST_STEP][PASSED] - if (iy > -1): null

03-03-2025T13:25:07 - [TEST_STEP][PASSED] - y = substring(iy, iy + 4).toInteger(): null

03-03-2025T13:25:07 - [TEST_STEP][PASSED] - println(y): null

03-03-2025T13:25:07 - [TEST_STEP][PASSED] - if (toString().length() == 4): null

03-03-2025T13:25:07 - [TEST_STEP][PASSED] - m = m.substring(0, m.indexOf(y.toString())): null

03-03-2025T13:25:07 - [TEST_STEP][PASSED] - m = m.trim(): null

03-03-2025T13:25:07 - [TEST_STEP][PASSED] - if (m == ""): null

03-03-2025T13:25:07 - [TEST_STEP][PASSED] - m = "весь год": null

03-03-2025T13:25:07 - [TEST_STEP][PASSED] - dashboardName = "Выполнение бизнес-плана": null

03-03-2025T13:25:07 - [TEST_STEP][PASSED] - workbook01 = getWorkbook(excelFilePath): null

03-03-2025T13:25:07 - [TEST_STEP][PASSED] - sheet01 = getExcelSheet(workbook01, sheetName): null

03-03-2025T13:25:07 - [TEST_STEP][PASSED] - setValueToCellByIndex(sheet01, n, 0, dashboardName): null

03-03-2025T13:25:07 - [TEST_STEP][PASSED] - setValueToCellByIndex(sheet01, n, 1, dZO): null

03-03-2025T13:25:07 - [TEST_STEP][PASSED] - setValueToCellByIndex(sheet01, n, 2, typeOfData): null

03-03-2025T13:25:07 - [TEST_STEP][PASSED] - if (typeOfData == "Факт в процентах" || typeOfData == "План в процентах"): null

03-03-2025T13:25:07 - [TEST_STEP][PASSED] - else: null

03-03-2025T13:25:07 - [TEST_STEP][PASSED] - setValueToCellByIndex(sheet01, n, 3, fileInt): null

03-03-2025T13:25:07 - [TEST_STEP][PASSED] - setValueToCellByIndex(sheet01, n, 4, pageInt): null

03-03-2025T13:25:07 - [TEST_STEP][PASSED] - setValueToCellByIndex(sheet01, n, 5, m): null

03-03-2025T13:25:07 - [TEST_STEP][PASSED] - setValueToCellByIndex(sheet01, n, 6, y): null

03-03-2025T13:25:07 - [TEST_STEP][PASSED] - setValueToCellByIndex(sheet01, n, 7, todaysDate): null

03-03-2025T13:25:07 - [TEST_STEP][PASSED] - n = n + 1: null

03-03-2025T13:25:07 - [TEST_STEP][PASSED] - saveWorkbook(excelFilePath, workbook01): null

03-03-2025T13:25:07 - [TEST_STEP][PASSED] - if (planFact == 2): null

03-03-2025T13:25:07 - [TEST_STEP][PASSED] - if (planFact == 1): null

03-03-2025T13:25:07 - [TEST_STEP][PASSED] - else if (planFact == 2): null

03-03-2025T13:25:07 - [TEST_STEP][PASSED] - click(findTestObject("Выполнение бизнес-плана/Кнопка План")): Object: 'Object Repository/Выполнение бизнес-плана/Кнопка План' is clicked on

03-03-2025T13:25:08 - [MESSAGE][PASSED] - Object: 'Object Repository/Выполнение бизнес-плана/Кнопка План' is clicked on

03-03-2025T13:25:08 - [TEST_STEP][PASSED] - typeOfDataMain = "План": null

03-03-2025T13:25:08 - [TEST_STEP][PASSED] - otpusk = findTestData("PlanFact").getValue(2, a): null

03-03-2025T13:25:08 - [TEST_STEP][PASSED] - poteri = findTestData("PlanFact").getValue(3, a): null

03-03-2025T13:25:08 - [TEST_STEP][PASSED] - otpusk = otpusk.replaceAll("\s+", ""): null

03-03-2025T13:25:08 - [TEST_STEP][PASSED] - poteri = poteri.replaceAll("\s+", ""): null

03-03-2025T13:25:08 - [TEST_STEP][PASSED] - typeOfData = typeOfDataMain + " Отпуск в сеть": null

03-03-2025T13:25:08 - [TEST_STEP][PASSED] - if (a == 82): null

03-03-2025T13:25:08 - [TEST_STEP][PASSED] - else if (a == 84): null

03-03-2025T13:25:08 - [TEST_STEP][PASSED] - path = dataFolder + typeOfData + " за отчётный период " + "ПАО Россети": null

03-03-2025T13:25:08 - [TEST_STEP][PASSED] - println(path): null

03-03-2025T13:25:08 - [TEST_STEP][PASSED] - page = getText(findTestObject(path)): Text of object 'Object Repository/Выполнение бизнес-плана/Значения со страницы Выполнение бизнес-плана/План Отпуск в сеть за отчётный период ПАО Россети' is: '997 691 021'

03-03-2025T13:25:08 - [MESSAGE][PASSED] - Text of object 'Object Repository/Выполнение бизнес-плана/Значения со страницы Выполнение бизнес-плана/План Отпуск в сеть за отчётный период ПАО Россети' is: '997 691 021'

03-03-2025T13:25:08 - [TEST_STEP][PASSED] - if (page == "" || page == null): null

03-03-2025T13:25:08 - [TEST_STEP][PASSED] - else: null

03-03-2025T13:25:08 - [TEST_STEP][PASSED] - page = page.replaceAll("\s+", ""): null

03-03-2025T13:25:08 - [TEST_STEP][PASSED] - fileOtpuskVSet = otpusk.toInteger(): null

03-03-2025T13:25:08 - [TEST_STEP][PASSED] - pageOtpuskVSet = page.toInteger(): null

03-03-2025T13:25:08 - [TEST_STEP][PASSED] - typeOfData = typeOfDataMain + " Потери": null

03-03-2025T13:25:08 - [TEST_STEP][PASSED] - if (a == 82): null

03-03-2025T13:25:08 - [TEST_STEP][PASSED] - else if (a == 84): null

03-03-2025T13:25:08 - [TEST_STEP][PASSED] - path = dataFolder + typeOfData + " за отчётный период " + "ПАО Россети": null

03-03-2025T13:25:08 - [TEST_STEP][PASSED] - page = getText(findTestObject(path)): Text of object 'Object Repository/Выполнение бизнес-плана/Значения со страницы Выполнение бизнес-плана/План Потери за отчётный период ПАО Россети' is: '56 784 348'

03-03-2025T13:25:09 - [MESSAGE][PASSED] - Text of object 'Object Repository/Выполнение бизнес-плана/Значения со страницы Выполнение бизнес-плана/План Потери за отчётный период ПАО Россети' is: '56 784 348'

03-03-2025T13:25:09 - [TEST_STEP][PASSED] - if (page == "" || page == null): null

03-03-2025T13:25:09 - [TEST_STEP][PASSED] - else: null

03-03-2025T13:25:09 - [TEST_STEP][PASSED] - page = page.replaceAll("\s+", ""): null

03-03-2025T13:25:09 - [TEST_STEP][PASSED] - filePoteri = poteri.toInteger(): null

03-03-2025T13:25:09 - [TEST_STEP][PASSED] - pagePoteri = page.toInteger(): null

03-03-2025T13:25:09 - [TEST_STEP][PASSED] - compare = pageOtpuskVSet: null

03-03-2025T13:25:09 - [TEST_STEP][PASSED] - if (pageOtpuskVSet != null): null

03-03-2025T13:25:09 - [TEST_STEP][PASSED] - if (compare == fileOtpuskVSet): null

03-03-2025T13:25:09 - [TEST_STEP][PASSED] - else if (compare > fileOtpuskVSet): null

03-03-2025T13:25:09 - [TEST_STEP][PASSED] - compare = compare - 1: null

03-03-2025T13:25:09 - [TEST_STEP][PASSED] - if (compare == fileOtpuskVSet): null

03-03-2025T13:25:09 - [TEST_STEP][PASSED] - else: null

03-03-2025T13:25:09 - [TEST_STEP][PASSED] - numberOfErrors = numberOfErrors + 1: null

03-03-2025T13:25:09 - [TEST_STEP][PASSED] - pageInt = pageOtpuskVSet: null

03-03-2025T13:25:09 - [TEST_STEP][PASSED] - fileInt = fileOtpuskVSet: null

03-03-2025T13:25:09 - [TEST_STEP][PASSED] - typeOfData = typeOfDataMain + " Отпуск в сеть": null

03-03-2025T13:25:09 - [TEST_STEP][PASSED] - Script1718980020443.WriteToExcel(a, typeOfData, todaysDate, pageInt, fileInt, pageDouble, fileDouble, dZO): null

03-03-2025T13:25:09 - [TEST_STEP][PASSED] - sheetName = "Sheet1": null

03-03-2025T13:25:09 - [TEST_STEP][PASSED] - data = findTestData("PlanFact"): null

03-03-2025T13:25:09 - [TEST_STEP][PASSED] - n = data.getRowNumbers() + 1: null

03-03-2025T13:25:09 - [TEST_STEP][PASSED] - day = ")).toInteger(): null

03-03-2025T13:25:09 - [TEST_STEP][PASSED] - println(day): null

03-03-2025T13:25:09 - [TEST_STEP][PASSED] - month = ")).toInteger(): null

03-03-2025T13:25:09 - [TEST_STEP][PASSED] - println(month): null

03-03-2025T13:25:09 - [TEST_STEP][PASSED] - y = <not implemented yet for class: org.codehaus.groovy.ast.expr.EmptyExpression>: null

03-03-2025T13:25:09 - [TEST_STEP][PASSED] - iy = <not implemented yet for class: org.codehaus.groovy.ast.expr.EmptyExpression>: null

03-03-2025T13:25:09 - [TEST_STEP][PASSED] - m = getText(findTestObject("Выполнение бизнес-плана/Период")): Text of object 'Object Repository/Выполнение бизнес-плана/Период' is: '2024 год'

03-03-2025T13:25:09 - [MESSAGE][PASSED] - Text of object 'Object Repository/Выполнение бизнес-плана/Период' is: '2024 год'

03-03-2025T13:25:09 - [TEST_STEP][PASSED] - iy = m.indexOf("20"): null

03-03-2025T13:25:09 - [TEST_STEP][PASSED] - if (iy > -1): null

03-03-2025T13:25:09 - [TEST_STEP][PASSED] - y = substring(iy, iy + 4).toInteger(): null

03-03-2025T13:25:09 - [TEST_STEP][PASSED] - println(y): null

03-03-2025T13:25:09 - [TEST_STEP][PASSED] - if (toString().length() == 4): null

03-03-2025T13:25:09 - [TEST_STEP][PASSED] - m = m.substring(0, m.indexOf(y.toString())): null

03-03-2025T13:25:09 - [TEST_STEP][PASSED] - m = m.trim(): null

03-03-2025T13:25:09 - [TEST_STEP][PASSED] - if (m == ""): null

03-03-2025T13:25:09 - [TEST_STEP][PASSED] - m = "весь год": null

03-03-2025T13:25:09 - [TEST_STEP][PASSED] - dashboardName = "Выполнение бизнес-плана": null

03-03-2025T13:25:09 - [TEST_STEP][PASSED] - workbook01 = getWorkbook(excelFilePath): null

03-03-2025T13:25:09 - [TEST_STEP][PASSED] - sheet01 = getExcelSheet(workbook01, sheetName): null

03-03-2025T13:25:09 - [TEST_STEP][PASSED] - setValueToCellByIndex(sheet01, n, 0, dashboardName): null

03-03-2025T13:25:09 - [TEST_STEP][PASSED] - setValueToCellByIndex(sheet01, n, 1, dZO): null

03-03-2025T13:25:09 - [TEST_STEP][PASSED] - setValueToCellByIndex(sheet01, n, 2, typeOfData): null

03-03-2025T13:25:09 - [TEST_STEP][PASSED] - if (typeOfData == "Факт в процентах" || typeOfData == "План в процентах"): null

03-03-2025T13:25:09 - [TEST_STEP][PASSED] - else: null

03-03-2025T13:25:09 - [TEST_STEP][PASSED] - setValueToCellByIndex(sheet01, n, 3, fileInt): null

03-03-2025T13:25:09 - [TEST_STEP][PASSED] - setValueToCellByIndex(sheet01, n, 4, pageInt): null

03-03-2025T13:25:09 - [TEST_STEP][PASSED] - setValueToCellByIndex(sheet01, n, 5, m): null

03-03-2025T13:25:09 - [TEST_STEP][PASSED] - setValueToCellByIndex(sheet01, n, 6, y): null

03-03-2025T13:25:09 - [TEST_STEP][PASSED] - setValueToCellByIndex(sheet01, n, 7, todaysDate): null

03-03-2025T13:25:09 - [TEST_STEP][PASSED] - n = n + 1: null

03-03-2025T13:25:09 - [TEST_STEP][PASSED] - saveWorkbook(excelFilePath, workbook01): null

03-03-2025T13:25:09 - [TEST_STEP][PASSED] - compare = pagePoteri: null

03-03-2025T13:25:09 - [TEST_STEP][PASSED] - if (pageOtpuskVSet != null): null

03-03-2025T13:25:09 - [TEST_STEP][PASSED] - if (compare == filePoteri): null

03-03-2025T13:25:09 - [TEST_STEP][PASSED] - else if (compare > filePoteri): null

03-03-2025T13:25:09 - [TEST_STEP][PASSED] - else if (compare < filePoteri): null

03-03-2025T13:25:09 - [TEST_STEP][PASSED] - compare = compare + 1: null

03-03-2025T13:25:09 - [TEST_STEP][PASSED] - if (compare == filePoteri): null

03-03-2025T13:25:09 - [TEST_STEP][PASSED] - else: null

03-03-2025T13:25:09 - [TEST_STEP][PASSED] - numberOfErrors = numberOfErrors + 1: null

03-03-2025T13:25:09 - [TEST_STEP][PASSED] - pageInt = pagePoteri: null

03-03-2025T13:25:09 - [TEST_STEP][PASSED] - fileInt = filePoteri: null

03-03-2025T13:25:09 - [TEST_STEP][PASSED] - typeOfData = typeOfDataMain + " Потери": null

03-03-2025T13:25:09 - [TEST_STEP][PASSED] - Script1718980020443.WriteToExcel(a, typeOfData, todaysDate, pageInt, fileInt, pageDouble, fileDouble, dZO): null

03-03-2025T13:25:09 - [TEST_STEP][PASSED] - sheetName = "Sheet1": null

03-03-2025T13:25:09 - [TEST_STEP][PASSED] - data = findTestData("PlanFact"): null

03-03-2025T13:25:09 - [TEST_STEP][PASSED] - n = data.getRowNumbers() + 1: null

03-03-2025T13:25:09 - [TEST_STEP][PASSED] - day = ")).toInteger(): null

03-03-2025T13:25:09 - [TEST_STEP][PASSED] - println(day): null

03-03-2025T13:25:09 - [TEST_STEP][PASSED] - month = ")).toInteger(): null

03-03-2025T13:25:09 - [TEST_STEP][PASSED] - println(month): null

03-03-2025T13:25:09 - [TEST_STEP][PASSED] - y = <not implemented yet for class: org.codehaus.groovy.ast.expr.EmptyExpression>: null

03-03-2025T13:25:09 - [TEST_STEP][PASSED] - iy = <not implemented yet for class: org.codehaus.groovy.ast.expr.EmptyExpression>: null

03-03-2025T13:25:09 - [TEST_STEP][PASSED] - m = getText(findTestObject("Выполнение бизнес-плана/Период")): Text of object 'Object Repository/Выполнение бизнес-плана/Период' is: '2024 год'

03-03-2025T13:25:09 - [MESSAGE][PASSED] - Text of object 'Object Repository/Выполнение бизнес-плана/Период' is: '2024 год'

03-03-2025T13:25:09 - [TEST_STEP][PASSED] - iy = m.indexOf("20"): null

03-03-2025T13:25:09 - [TEST_STEP][PASSED] - if (iy > -1): null

03-03-2025T13:25:09 - [TEST_STEP][PASSED] - y = substring(iy, iy + 4).toInteger(): null

03-03-2025T13:25:09 - [TEST_STEP][PASSED] - println(y): null

03-03-2025T13:25:09 - [TEST_STEP][PASSED] - if (toString().length() == 4): null

03-03-2025T13:25:09 - [TEST_STEP][PASSED] - m = m.substring(0, m.indexOf(y.toString())): null

03-03-2025T13:25:09 - [TEST_STEP][PASSED] - m = m.trim(): null

03-03-2025T13:25:09 - [TEST_STEP][PASSED] - if (m == ""): null

03-03-2025T13:25:09 - [TEST_STEP][PASSED] - m = "весь год": null

03-03-2025T13:25:09 - [TEST_STEP][PASSED] - dashboardName = "Выполнение бизнес-плана": null

03-03-2025T13:25:09 - [TEST_STEP][PASSED] - workbook01 = getWorkbook(excelFilePath): null

03-03-2025T13:25:09 - [TEST_STEP][PASSED] - sheet01 = getExcelSheet(workbook01, sheetName): null

03-03-2025T13:25:09 - [TEST_STEP][PASSED] - setValueToCellByIndex(sheet01, n, 0, dashboardName): null

03-03-2025T13:25:09 - [TEST_STEP][PASSED] - setValueToCellByIndex(sheet01, n, 1, dZO): null

03-03-2025T13:25:09 - [TEST_STEP][PASSED] - setValueToCellByIndex(sheet01, n, 2, typeOfData): null

03-03-2025T13:25:09 - [TEST_STEP][PASSED] - if (typeOfData == "Факт в процентах" || typeOfData == "План в процентах"): null

03-03-2025T13:25:09 - [TEST_STEP][PASSED] - else: null

03-03-2025T13:25:09 - [TEST_STEP][PASSED] - setValueToCellByIndex(sheet01, n, 3, fileInt): null

03-03-2025T13:25:09 - [TEST_STEP][PASSED] - setValueToCellByIndex(sheet01, n, 4, pageInt): null

03-03-2025T13:25:09 - [TEST_STEP][PASSED] - setValueToCellByIndex(sheet01, n, 5, m): null

03-03-2025T13:25:09 - [TEST_STEP][PASSED] - setValueToCellByIndex(sheet01, n, 6, y): null

03-03-2025T13:25:09 - [TEST_STEP][PASSED] - setValueToCellByIndex(sheet01, n, 7, todaysDate): null

03-03-2025T13:25:09 - [TEST_STEP][PASSED] - n = n + 1: null

03-03-2025T13:25:09 - [TEST_STEP][PASSED] - saveWorkbook(excelFilePath, workbook01): Object: 'Object Repository/Выполнение бизнес-плана/Кнопка Факт' is clicked on

03-03-2025T13:25:10 - [TEST_STEP][PASSED] - if (planFact == 2): Object: 'Object Repository/Выполнение бизнес-плана/Кнопка Факт' is clicked on

03-03-2025T13:25:10 - [TEST_STEP][PASSED] - click(findTestObject("Выполнение бизнес-плана/Кнопка Факт")): Object: 'Object Repository/Выполнение бизнес-плана/Кнопка Факт' is clicked on

03-03-2025T13:25:10 - [MESSAGE][PASSED] - Object: 'Object Repository/Выполнение бизнес-плана/Кнопка Факт' is clicked on

03-03-2025T13:25:10 - [TEST_STEP][PASSED] - println("a=" + a): null

03-03-2025T13:25:10 - [TEST_STEP][PASSED] - if (a == 84 || a == 82): null

03-03-2025T13:25:10 - [TEST_STEP][PASSED] - page = getText(findTestObject("Выполнение бизнес-плана/textPlanFact")): Text of object 'Object Repository/Выполнение бизнес-плана/textPlanFact' is: '%
5.69 5.69
8.09 8.09
План
Факт
1
100'

03-03-2025T13:25:10 - [MESSAGE][PASSED] - Text of object 'Object Repository/Выполнение бизнес-плана/textPlanFact' is: '%
5.69 5.69
8.09 8.09
План
Факт
1
100'

03-03-2025T13:25:10 - [TEST_STEP][PASSED] - page = page.replaceAll("\n", "_"): null

03-03-2025T13:25:10 - [TEST_STEP][PASSED] - page = page.substring(page.indexOf("_") + 1, page.length()): null

03-03-2025T13:25:10 - [TEST_STEP][PASSED] - page1 = page.substring(0, page.indexOf("_")): null

03-03-2025T13:25:10 - [TEST_STEP][PASSED] - page1 = page.substring(0, page.indexOf(" ")): null

03-03-2025T13:25:10 - [TEST_STEP][PASSED] - page2 = page.substring(page.indexOf("_") + 1, page.length()): null

03-03-2025T13:25:10 - [TEST_STEP][PASSED] - page2 = page2.substring(0, page.indexOf("_")): null

03-03-2025T13:25:10 - [TEST_STEP][PASSED] - page2 = page2.substring(0, page.indexOf(" ")): null

03-03-2025T13:25:10 - [TEST_STEP][PASSED] - println("page1: " + page1): null

03-03-2025T13:25:10 - [TEST_STEP][PASSED] - println("page2: " + page2): null

03-03-2025T13:25:10 - [TEST_STEP][PASSED] - file = findTestData("PlanFact").getValue(4, a): null

03-03-2025T13:25:10 - [TEST_STEP][PASSED] - file = file.replace(",", "."): null

03-03-2025T13:25:10 - [TEST_STEP][PASSED] - println("file Plan: " + file): null

03-03-2025T13:25:10 - [TEST_STEP][PASSED] - typeOfData = "План в процентах": null

03-03-2025T13:25:10 - [TEST_STEP][PASSED] - fileDouble = file.toDouble(): null

03-03-2025T13:25:10 - [TEST_STEP][PASSED] - pageDouble = page1.toDouble(): null

03-03-2025T13:25:10 - [TEST_STEP][PASSED] - if (fileDouble != pageDouble): null

03-03-2025T13:25:10 - [TEST_STEP][PASSED] - numberOfErrors = numberOfErrors + 1: null

03-03-2025T13:25:10 - [TEST_STEP][PASSED] - Script1718980020443.WriteToExcel(a, typeOfData, todaysDate, pageInt, fileInt, pageDouble, fileDouble, dZO): null

03-03-2025T13:25:10 - [TEST_STEP][PASSED] - sheetName = "Sheet1": null

03-03-2025T13:25:10 - [TEST_STEP][PASSED] - data = findTestData("PlanFact"): null

03-03-2025T13:25:10 - [TEST_STEP][PASSED] - n = data.getRowNumbers() + 1: null

03-03-2025T13:25:10 - [TEST_STEP][PASSED] - day = ")).toInteger(): null

03-03-2025T13:25:10 - [TEST_STEP][PASSED] - println(day): null

03-03-2025T13:25:10 - [TEST_STEP][PASSED] - month = ")).toInteger(): null

03-03-2025T13:25:10 - [TEST_STEP][PASSED] - println(month): null

03-03-2025T13:25:10 - [TEST_STEP][PASSED] - y = <not implemented yet for class: org.codehaus.groovy.ast.expr.EmptyExpression>: null

03-03-2025T13:25:10 - [TEST_STEP][PASSED] - iy = <not implemented yet for class: org.codehaus.groovy.ast.expr.EmptyExpression>: null

03-03-2025T13:25:10 - [TEST_STEP][PASSED] - m = getText(findTestObject("Выполнение бизнес-плана/Период")): Text of object 'Object Repository/Выполнение бизнес-плана/Период' is: '2024 год'

03-03-2025T13:25:11 - [MESSAGE][PASSED] - Text of object 'Object Repository/Выполнение бизнес-плана/Период' is: '2024 год'

03-03-2025T13:25:11 - [TEST_STEP][PASSED] - iy = m.indexOf("20"): null

03-03-2025T13:25:11 - [TEST_STEP][PASSED] - if (iy > -1): null

03-03-2025T13:25:11 - [TEST_STEP][PASSED] - y = substring(iy, iy + 4).toInteger(): null

03-03-2025T13:25:11 - [TEST_STEP][PASSED] - println(y): null

03-03-2025T13:25:11 - [TEST_STEP][PASSED] - if (toString().length() == 4): null

03-03-2025T13:25:11 - [TEST_STEP][PASSED] - m = m.substring(0, m.indexOf(y.toString())): null

03-03-2025T13:25:11 - [TEST_STEP][PASSED] - m = m.trim(): null

03-03-2025T13:25:11 - [TEST_STEP][PASSED] - if (m == ""): null

03-03-2025T13:25:11 - [TEST_STEP][PASSED] - m = "весь год": null

03-03-2025T13:25:11 - [TEST_STEP][PASSED] - dashboardName = "Выполнение бизнес-плана": null

03-03-2025T13:25:11 - [TEST_STEP][PASSED] - workbook01 = getWorkbook(excelFilePath): null

03-03-2025T13:25:11 - [TEST_STEP][PASSED] - sheet01 = getExcelSheet(workbook01, sheetName): null

03-03-2025T13:25:11 - [TEST_STEP][PASSED] - setValueToCellByIndex(sheet01, n, 0, dashboardName): null

03-03-2025T13:25:11 - [TEST_STEP][PASSED] - setValueToCellByIndex(sheet01, n, 1, dZO): null

03-03-2025T13:25:11 - [TEST_STEP][PASSED] - setValueToCellByIndex(sheet01, n, 2, typeOfData): null

03-03-2025T13:25:11 - [TEST_STEP][PASSED] - if (typeOfData == "Факт в процентах" || typeOfData == "План в процентах"): null

03-03-2025T13:25:11 - [TEST_STEP][PASSED] - setValueToCellByIndex(sheet01, n, 3, fileDouble): null

03-03-2025T13:25:11 - [TEST_STEP][PASSED] - setValueToCellByIndex(sheet01, n, 4, pageDouble): null

03-03-2025T13:25:11 - [TEST_STEP][PASSED] - setValueToCellByIndex(sheet01, n, 5, m): null

03-03-2025T13:25:11 - [TEST_STEP][PASSED] - setValueToCellByIndex(sheet01, n, 6, y): null

03-03-2025T13:25:11 - [TEST_STEP][PASSED] - setValueToCellByIndex(sheet01, n, 7, todaysDate): null

03-03-2025T13:25:11 - [TEST_STEP][PASSED] - n = n + 1: null

03-03-2025T13:25:11 - [TEST_STEP][PASSED] - saveWorkbook(excelFilePath, workbook01): null

03-03-2025T13:25:11 - [TEST_STEP][PASSED] - file = findTestData("PlanFact").getValue(7, a): null

03-03-2025T13:25:11 - [TEST_STEP][PASSED] - file = file.replace(",", "."): null

03-03-2025T13:25:11 - [TEST_STEP][PASSED] - println("file Fact: " + file): null

03-03-2025T13:25:11 - [TEST_STEP][PASSED] - fileDouble = file.toDouble(): null

03-03-2025T13:25:11 - [TEST_STEP][PASSED] - typeOfData = "Факт в процентах": null

03-03-2025T13:25:11 - [TEST_STEP][PASSED] - fileDouble = file.toDouble(): null

03-03-2025T13:25:11 - [TEST_STEP][PASSED] - pageDouble = page2.toDouble(): null

03-03-2025T13:25:11 - [TEST_STEP][PASSED] - if (fileDouble != pageDouble): null

03-03-2025T13:25:11 - [TEST_STEP][PASSED] - numberOfErrors = numberOfErrors + 1: null

03-03-2025T13:25:11 - [TEST_STEP][PASSED] - Script1718980020443.WriteToExcel(a, typeOfData, todaysDate, pageInt, fileInt, pageDouble, fileDouble, dZO): null

03-03-2025T13:25:11 - [TEST_STEP][PASSED] - sheetName = "Sheet1": null

03-03-2025T13:25:11 - [TEST_STEP][PASSED] - data = findTestData("PlanFact"): null

03-03-2025T13:25:11 - [TEST_STEP][PASSED] - n = data.getRowNumbers() + 1: null

03-03-2025T13:25:11 - [TEST_STEP][PASSED] - day = ")).toInteger(): null

03-03-2025T13:25:11 - [TEST_STEP][PASSED] - println(day): null

03-03-2025T13:25:11 - [TEST_STEP][PASSED] - month = ")).toInteger(): null

03-03-2025T13:25:11 - [TEST_STEP][PASSED] - println(month): null

03-03-2025T13:25:11 - [TEST_STEP][PASSED] - y = <not implemented yet for class: org.codehaus.groovy.ast.expr.EmptyExpression>: null

03-03-2025T13:25:11 - [TEST_STEP][PASSED] - iy = <not implemented yet for class: org.codehaus.groovy.ast.expr.EmptyExpression>: null

03-03-2025T13:25:11 - [TEST_STEP][PASSED] - m = getText(findTestObject("Выполнение бизнес-плана/Период")): Text of object 'Object Repository/Выполнение бизнес-плана/Период' is: '2024 год'

03-03-2025T13:25:12 - [MESSAGE][PASSED] - Text of object 'Object Repository/Выполнение бизнес-плана/Период' is: '2024 год'

03-03-2025T13:25:12 - [TEST_STEP][PASSED] - iy = m.indexOf("20"): null

03-03-2025T13:25:12 - [TEST_STEP][PASSED] - if (iy > -1): null

03-03-2025T13:25:12 - [TEST_STEP][PASSED] - y = substring(iy, iy + 4).toInteger(): null

03-03-2025T13:25:12 - [TEST_STEP][PASSED] - println(y): null

03-03-2025T13:25:12 - [TEST_STEP][PASSED] - if (toString().length() == 4): null

03-03-2025T13:25:12 - [TEST_STEP][PASSED] - m = m.substring(0, m.indexOf(y.toString())): null

03-03-2025T13:25:12 - [TEST_STEP][PASSED] - m = m.trim(): null

03-03-2025T13:25:12 - [TEST_STEP][PASSED] - if (m == ""): null

03-03-2025T13:25:12 - [TEST_STEP][PASSED] - m = "весь год": null

03-03-2025T13:25:12 - [TEST_STEP][PASSED] - dashboardName = "Выполнение бизнес-плана": null

03-03-2025T13:25:12 - [TEST_STEP][PASSED] - workbook01 = getWorkbook(excelFilePath): null

03-03-2025T13:25:12 - [TEST_STEP][PASSED] - sheet01 = getExcelSheet(workbook01, sheetName): null

03-03-2025T13:25:12 - [TEST_STEP][PASSED] - setValueToCellByIndex(sheet01, n, 0, dashboardName): null

03-03-2025T13:25:12 - [TEST_STEP][PASSED] - setValueToCellByIndex(sheet01, n, 1, dZO): null

03-03-2025T13:25:12 - [TEST_STEP][PASSED] - setValueToCellByIndex(sheet01, n, 2, typeOfData): null

03-03-2025T13:25:12 - [TEST_STEP][PASSED] - if (typeOfData == "Факт в процентах" || typeOfData == "План в процентах"): null

03-03-2025T13:25:12 - [TEST_STEP][PASSED] - setValueToCellByIndex(sheet01, n, 3, fileDouble): null

03-03-2025T13:25:12 - [TEST_STEP][PASSED] - setValueToCellByIndex(sheet01, n, 4, pageDouble): null

03-03-2025T13:25:12 - [TEST_STEP][PASSED] - setValueToCellByIndex(sheet01, n, 5, m): null

03-03-2025T13:25:12 - [TEST_STEP][PASSED] - setValueToCellByIndex(sheet01, n, 6, y): null

03-03-2025T13:25:12 - [TEST_STEP][PASSED] - setValueToCellByIndex(sheet01, n, 7, todaysDate): null

03-03-2025T13:25:12 - [TEST_STEP][PASSED] - n = n + 1: null

03-03-2025T13:25:12 - [TEST_STEP][PASSED] - saveWorkbook(excelFilePath, workbook01): null

03-03-2025T13:25:12 - [TEST_STEP][FAILED] - if (verifyEqual(numberOfErrors, 0) == false): null

03-03-2025T13:25:12 - [MESSAGE][FAILED] - Unable to verify equal between actual object '6' and expected object '0' (Root cause: com.kms.katalon.core.exception.StepFailedException: Actual object '6' and expected object '0' are not equal
	at com.kms.katalon.core.keyword.builtin.VerifyEqualKeyword$_verifyEqual_closure1.doCall(VerifyEqualKeyword.groovy:58)
	at com.kms.katalon.core.keyword.builtin.VerifyEqualKeyword$_verifyEqual_closure1.call(VerifyEqualKeyword.groovy)
	at com.kms.katalon.core.keyword.internal.KeywordMain.runKeyword(KeywordMain.groovy:75)
	at com.kms.katalon.core.keyword.builtin.VerifyEqualKeyword.verifyEqual(VerifyEqualKeyword.groovy:63)
	at com.kms.katalon.core.keyword.builtin.VerifyEqualKeyword.execute(VerifyEqualKeyword.groovy:44)
	at com.kms.katalon.core.keyword.internal.KeywordExecutor.executeKeywordForPlatform(KeywordExecutor.groovy:74)
	at com.kms.katalon.core.keyword.BuiltinKeywords.verifyEqual(BuiltinKeywords.groovy:146)
	at jdk.internal.reflect.GeneratedMethodAccessor24.invoke(Unknown Source)
	at java.base/jdk.internal.reflect.DelegatingMethodAccessorImpl.invoke(DelegatingMethodAccessorImpl.java:43)
	at Выполнение бизнес-плана Сверка ПАО Россети все филиалы.Numbers(Выполнение бизнес-плана Сверка ПАО Россети все филиалы:736)
	at Выполнение бизнес-плана Сверка ПАО Россети все филиалы.run(Выполнение бизнес-плана Сверка ПАО Россети все филиалы:165)
	at com.kms.katalon.core.main.ScriptEngine.run(ScriptEngine.java:194)
	at com.kms.katalon.core.main.ScriptEngine.runScriptAsRawText(ScriptEngine.java:119)
	at com.kms.katalon.core.main.TestCaseExecutor.runScript(TestCaseExecutor.java:448)
	at com.kms.katalon.core.main.TestCaseExecutor.doExecute(TestCaseExecutor.java:439)
	at com.kms.katalon.core.main.TestCaseExecutor.processExecutionPhase(TestCaseExecutor.java:418)
	at com.kms.katalon.core.main.TestCaseExecutor.accessMainPhase(TestCaseExecutor.java:410)
	at com.kms.katalon.core.main.TestCaseExecutor.execute(TestCaseExecutor.java:285)
	at com.kms.katalon.core.common.CommonExecutor.accessTestCaseMainPhase(CommonExecutor.java:65)
	at com.kms.katalon.core.main.TestSuiteExecutor.accessTestSuiteMainPhase(TestSuiteExecutor.java:150)
	at com.kms.katalon.core.main.TestSuiteExecutor.execute(TestSuiteExecutor.java:106)
	at com.kms.katalon.core.main.TestCaseMain.startTestSuite(TestCaseMain.java:180)
	at TempTestSuite1740991900055.run(TempTestSuite1740991900055.groovy:35)
	at java.base/jdk.internal.reflect.NativeMethodAccessorImpl.invoke0(Native Method)
	at java.base/jdk.internal.reflect.NativeMethodAccessorImpl.invoke(NativeMethodAccessorImpl.java:77)
	at java.base/jdk.internal.reflect.DelegatingMethodAccessorImpl.invoke(DelegatingMethodAccessorImpl.java:43)
)

03-03-2025T13:25:12 - [TEST_STEP][PASSED] - println(numberOfErrors): null

03-03-2025T13:25:12 - [TEST_STEP][PASSED] - println("a=" + a): null

03-03-2025T13:25:12 - [TEST_STEP][PASSED] - if (a == 28 || a == 77 || a == 74 || a == 65 || a == 36 || a == 44 || a == 54 || a == 1 || a == 18 || a == 59): null

03-03-2025T13:25:12 - [TEST_STEP][PASSED] - if (a == 82): null

03-03-2025T13:25:12 - [TEST_STEP][PASSED] - dZO = "Россети ФСК ЕЭС": null

03-03-2025T13:25:12 - [TEST_STEP][PASSED] - a = 83: null

03-03-2025T13:25:12 - [TEST_STEP][PASSED] - if (x1.contains("ЕЭС")): null

03-03-2025T13:25:12 - [TEST_STEP][PASSED] - dzoNum = dzoNum + 1: null

03-03-2025T13:25:12 - [TEST_STEP][PASSED] - println(dzoNum): null

03-03-2025T13:25:12 - [TEST_STEP][PASSED] - Script1718980020443.Numbers(a, typeOfData, todaysDate, pageInt, fileInt, pageDouble, fileDouble, dZO, dzoNum, filialNum): null

03-03-2025T13:25:12 - [TEST_STEP][PASSED] - println(dzoNum): null

03-03-2025T13:25:12 - [TEST_STEP][PASSED] - planFact = <not implemented yet for class: org.codehaus.groovy.ast.expr.EmptyExpression>: null

03-03-2025T13:25:12 - [TEST_STEP][PASSED] - page = <not implemented yet for class: org.codehaus.groovy.ast.expr.EmptyExpression>: null

03-03-2025T13:25:12 - [TEST_STEP][PASSED] - page1 = <not implemented yet for class: org.codehaus.groovy.ast.expr.EmptyExpression>: null

03-03-2025T13:25:12 - [TEST_STEP][PASSED] - page2 = <not implemented yet for class: org.codehaus.groovy.ast.expr.EmptyExpression>: null

03-03-2025T13:25:12 - [TEST_STEP][PASSED] - filialNumberInRow = <not implemented yet for class: org.codehaus.groovy.ast.expr.EmptyExpression>: null

03-03-2025T13:25:12 - [TEST_STEP][PASSED] - filialsDzoNames = <not implemented yet for class: org.codehaus.groovy.ast.expr.EmptyExpression>: null

03-03-2025T13:25:12 - [TEST_STEP][PASSED] - numberOfFilials = <not implemented yet for class: org.codehaus.groovy.ast.expr.EmptyExpression>: null

03-03-2025T13:25:12 - [TEST_STEP][PASSED] - numberOfSpaces = <not implemented yet for class: org.codehaus.groovy.ast.expr.EmptyExpression>: null

03-03-2025T13:25:12 - [TEST_STEP][PASSED] - file = <not implemented yet for class: org.codehaus.groovy.ast.expr.EmptyExpression>: null

03-03-2025T13:25:12 - [TEST_STEP][PASSED] - otpusk = <not implemented yet for class: org.codehaus.groovy.ast.expr.EmptyExpression>: null

03-03-2025T13:25:12 - [TEST_STEP][PASSED] - poteri = <not implemented yet for class: org.codehaus.groovy.ast.expr.EmptyExpression>: null

03-03-2025T13:25:12 - [TEST_STEP][PASSED] - dataFolder = "Выполнение бизнес-плана/Значения со страницы Выполнение бизнес-плана/": null

03-03-2025T13:25:12 - [TEST_STEP][PASSED] - path = <not implemented yet for class: org.codehaus.groovy.ast.expr.EmptyExpression>: null

03-03-2025T13:25:12 - [TEST_STEP][PASSED] - typeOfDataMain = <not implemented yet for class: org.codehaus.groovy.ast.expr.EmptyExpression>: null

03-03-2025T13:25:12 - [TEST_STEP][PASSED] - fileOtpuskVSet = <not implemented yet for class: org.codehaus.groovy.ast.expr.EmptyExpression>: null

03-03-2025T13:25:12 - [TEST_STEP][PASSED] - pageOtpuskVSet = <not implemented yet for class: org.codehaus.groovy.ast.expr.EmptyExpression>: null

03-03-2025T13:25:12 - [TEST_STEP][PASSED] - filePoteri = <not implemented yet for class: org.codehaus.groovy.ast.expr.EmptyExpression>: null

03-03-2025T13:25:12 - [TEST_STEP][PASSED] - pagePoteri = <not implemented yet for class: org.codehaus.groovy.ast.expr.EmptyExpression>: null

03-03-2025T13:25:12 - [TEST_STEP][PASSED] - compare = <not implemented yet for class: org.codehaus.groovy.ast.expr.EmptyExpression>: null

03-03-2025T13:25:12 - [TEST_STEP][PASSED] - b = <not implemented yet for class: org.codehaus.groovy.ast.expr.EmptyExpression>: null

03-03-2025T13:25:12 - [TEST_STEP][PASSED] - i = <not implemented yet for class: org.codehaus.groovy.ast.expr.EmptyExpression>: null

03-03-2025T13:25:12 - [TEST_STEP][PASSED] - ii = <not implemented yet for class: org.codehaus.groovy.ast.expr.EmptyExpression>: null

03-03-2025T13:25:12 - [TEST_STEP][PASSED] - c = <not implemented yet for class: org.codehaus.groovy.ast.expr.EmptyExpression>: null

03-03-2025T13:25:12 - [TEST_STEP][PASSED] - numberOfErrors = 0: null

03-03-2025T13:25:12 - [TEST_STEP][PASSED] - if (a == 82): null

03-03-2025T13:25:12 - [TEST_STEP][PASSED] - b = findTestData("PlanFact").getValue(1, a): null

03-03-2025T13:25:12 - [TEST_STEP][PASSED] - i = b.indexOf(" (ГК)"): null

03-03-2025T13:25:12 - [TEST_STEP][PASSED] - if (i > -1): null

03-03-2025T13:25:12 - [TEST_STEP][PASSED] - i = b.indexOf("О ""): null

03-03-2025T13:25:12 - [TEST_STEP][PASSED] - if (i > -1): null

03-03-2025T13:25:12 - [TEST_STEP][PASSED] - i = b.indexOf("О «"): null

03-03-2025T13:25:12 - [TEST_STEP][PASSED] - if (i > -1): null

03-03-2025T13:25:12 - [TEST_STEP][PASSED] - i = b.indexOf("г. "): null

03-03-2025T13:25:12 - [TEST_STEP][PASSED] - if (i > -1): null

03-03-2025T13:25:12 - [TEST_STEP][PASSED] - b = b.trim(): null

03-03-2025T13:25:12 - [TEST_STEP][PASSED] - println(b): null

03-03-2025T13:25:12 - [TEST_STEP][PASSED] - for ([planFact = 1, planFact < 3, (planFact++)]): Object: 'Object Repository/Выполнение бизнес-плана/Кнопка Факт' is clicked on

03-03-2025T13:25:12 - [TEST_STEP][PASSED] - if (planFact == 1): null

03-03-2025T13:25:12 - [TEST_STEP][PASSED] - typeOfDataMain = "Факт": null

03-03-2025T13:25:12 - [TEST_STEP][PASSED] - otpusk = findTestData("PlanFact").getValue(5, a): null

03-03-2025T13:25:12 - [TEST_STEP][PASSED] - poteri = findTestData("PlanFact").getValue(6, a): null

03-03-2025T13:25:12 - [TEST_STEP][PASSED] - otpusk = otpusk.replaceAll("\s+", ""): null

03-03-2025T13:25:12 - [TEST_STEP][PASSED] - poteri = poteri.replaceAll("\s+", ""): null

03-03-2025T13:25:12 - [TEST_STEP][PASSED] - typeOfData = typeOfDataMain + " Отпуск в сеть": null

03-03-2025T13:25:12 - [TEST_STEP][PASSED] - if (a == 82): null

03-03-2025T13:25:12 - [TEST_STEP][PASSED] - else if (a == 84): null

03-03-2025T13:25:12 - [TEST_STEP][PASSED] - else if (a == 83 || a == 52 || a == 72 || a == 28 || a == 73 || a == 77 || a == 74 || a == 65 || a == 36 || a == 44 || a == 53 || a == 80 || a == 54 || a == 1 || a == 18 || a == 59 || a == 81): null

03-03-2025T13:25:12 - [TEST_STEP][PASSED] - path = dataFolder + "Table Data/" + typeOfData + " за отчётный период " + dzoNum: null

03-03-2025T13:25:12 - [TEST_STEP][PASSED] - println(path): null

03-03-2025T13:25:12 - [TEST_STEP][PASSED] - page = getText(findTestObject(path)): Text of object 'Object Repository/Выполнение бизнес-плана/Значения со страницы Выполнение бизнес-плана/Table Data/Факт Отпуск в сеть за отчётный период 1' is: '628 869 369'

03-03-2025T13:25:12 - [MESSAGE][PASSED] - Text of object 'Object Repository/Выполнение бизнес-плана/Значения со страницы Выполнение бизнес-плана/Table Data/Факт Отпуск в сеть за отчётный период 1' is: '628 869 369'

03-03-2025T13:25:12 - [TEST_STEP][PASSED] - if (page == "" || page == null): null

03-03-2025T13:25:12 - [TEST_STEP][PASSED] - else: null

03-03-2025T13:25:12 - [TEST_STEP][PASSED] - page = page.replaceAll("\s+", ""): null

03-03-2025T13:25:12 - [TEST_STEP][PASSED] - fileOtpuskVSet = otpusk.toInteger(): null

03-03-2025T13:25:12 - [TEST_STEP][PASSED] - pageOtpuskVSet = page.toInteger(): null

03-03-2025T13:25:12 - [TEST_STEP][PASSED] - typeOfData = typeOfDataMain + " Потери": null

03-03-2025T13:25:12 - [TEST_STEP][PASSED] - if (a == 82): null

03-03-2025T13:25:12 - [TEST_STEP][PASSED] - else if (a == 84): null

03-03-2025T13:25:12 - [TEST_STEP][PASSED] - else if (a == 83 || a == 52 || a == 72 || a == 28 || a == 73 || a == 77 || a == 74 || a == 65 || a == 44 || a == 53 || a == 80 || a == 54 || a == 1 || a == 18 || a == 59 || a == 81): null

03-03-2025T13:25:12 - [TEST_STEP][PASSED] - path = dataFolder + "Table Data/" + typeOfData + " за отчётный период " + dzoNum: null

03-03-2025T13:25:12 - [TEST_STEP][PASSED] - page = getText(findTestObject(path)): Text of object 'Object Repository/Выполнение бизнес-плана/Значения со страницы Выполнение бизнес-плана/Table Data/Факт Потери за отчётный период 1' is: '22 540 098'

03-03-2025T13:25:13 - [MESSAGE][PASSED] - Text of object 'Object Repository/Выполнение бизнес-плана/Значения со страницы Выполнение бизнес-плана/Table Data/Факт Потери за отчётный период 1' is: '22 540 098'

03-03-2025T13:25:13 - [TEST_STEP][PASSED] - if (page == "" || page == null): null

03-03-2025T13:25:13 - [TEST_STEP][PASSED] - else: null

03-03-2025T13:25:13 - [TEST_STEP][PASSED] - page = page.replaceAll("\s+", ""): null

03-03-2025T13:25:13 - [TEST_STEP][PASSED] - filePoteri = poteri.toInteger(): null

03-03-2025T13:25:13 - [TEST_STEP][PASSED] - pagePoteri = page.toInteger(): null

03-03-2025T13:25:13 - [TEST_STEP][PASSED] - compare = pageOtpuskVSet: null

03-03-2025T13:25:13 - [TEST_STEP][PASSED] - if (pageOtpuskVSet != null): null

03-03-2025T13:25:13 - [TEST_STEP][PASSED] - if (compare == fileOtpuskVSet): null

03-03-2025T13:25:13 - [TEST_STEP][PASSED] - if (compare == fileOtpuskVSet): null

03-03-2025T13:25:13 - [TEST_STEP][PASSED] - compare = pagePoteri: null

03-03-2025T13:25:13 - [TEST_STEP][PASSED] - if (pageOtpuskVSet != null): null

03-03-2025T13:25:13 - [TEST_STEP][PASSED] - if (compare == filePoteri): null

03-03-2025T13:25:13 - [TEST_STEP][PASSED] - if (compare == filePoteri): null

03-03-2025T13:25:13 - [TEST_STEP][PASSED] - if (planFact == 2): null

03-03-2025T13:25:13 - [TEST_STEP][PASSED] - if (planFact == 1): null

03-03-2025T13:25:13 - [TEST_STEP][PASSED] - else if (planFact == 2): null

03-03-2025T13:25:13 - [TEST_STEP][PASSED] - click(findTestObject("Выполнение бизнес-плана/Кнопка План")): Object: 'Object Repository/Выполнение бизнес-плана/Кнопка План' is clicked on

03-03-2025T13:25:13 - [MESSAGE][PASSED] - Object: 'Object Repository/Выполнение бизнес-плана/Кнопка План' is clicked on

03-03-2025T13:25:13 - [TEST_STEP][PASSED] - typeOfDataMain = "План": null

03-03-2025T13:25:13 - [TEST_STEP][PASSED] - otpusk = findTestData("PlanFact").getValue(2, a): null

03-03-2025T13:25:13 - [TEST_STEP][PASSED] - poteri = findTestData("PlanFact").getValue(3, a): null

03-03-2025T13:25:13 - [TEST_STEP][PASSED] - otpusk = otpusk.replaceAll("\s+", ""): null

03-03-2025T13:25:13 - [TEST_STEP][PASSED] - poteri = poteri.replaceAll("\s+", ""): null

03-03-2025T13:25:13 - [TEST_STEP][PASSED] - typeOfData = typeOfDataMain + " Отпуск в сеть": null

03-03-2025T13:25:13 - [TEST_STEP][PASSED] - if (a == 82): null

03-03-2025T13:25:13 - [TEST_STEP][PASSED] - else if (a == 84): null

03-03-2025T13:25:13 - [TEST_STEP][PASSED] - else if (a == 83 || a == 52 || a == 72 || a == 28 || a == 73 || a == 77 || a == 74 || a == 65 || a == 36 || a == 44 || a == 53 || a == 80 || a == 54 || a == 1 || a == 18 || a == 59 || a == 81): null

03-03-2025T13:25:13 - [TEST_STEP][PASSED] - path = dataFolder + "Table Data/" + typeOfData + " за отчётный период " + dzoNum: null

03-03-2025T13:25:13 - [TEST_STEP][PASSED] - println(path): null

03-03-2025T13:25:13 - [TEST_STEP][PASSED] - page = getText(findTestObject(path)): Text of object 'Object Repository/Выполнение бизнес-плана/Значения со страницы Выполнение бизнес-плана/Table Data/План Отпуск в сеть за отчётный период 1' is: '609 305 966'

03-03-2025T13:25:13 - [MESSAGE][PASSED] - Text of object 'Object Repository/Выполнение бизнес-плана/Значения со страницы Выполнение бизнес-плана/Table Data/План Отпуск в сеть за отчётный период 1' is: '609 305 966'

03-03-2025T13:25:13 - [TEST_STEP][PASSED] - if (page == "" || page == null): null

03-03-2025T13:25:13 - [TEST_STEP][PASSED] - else: null

03-03-2025T13:25:13 - [TEST_STEP][PASSED] - page = page.replaceAll("\s+", ""): null

03-03-2025T13:25:13 - [TEST_STEP][PASSED] - fileOtpuskVSet = otpusk.toInteger(): null

03-03-2025T13:25:13 - [TEST_STEP][PASSED] - pageOtpuskVSet = page.toInteger(): null

03-03-2025T13:25:13 - [TEST_STEP][PASSED] - typeOfData = typeOfDataMain + " Потери": null

03-03-2025T13:25:13 - [TEST_STEP][PASSED] - if (a == 82): null

03-03-2025T13:25:13 - [TEST_STEP][PASSED] - else if (a == 84): null

03-03-2025T13:25:13 - [TEST_STEP][PASSED] - else if (a == 83 || a == 52 || a == 72 || a == 28 || a == 73 || a == 77 || a == 74 || a == 65 || a == 44 || a == 53 || a == 80 || a == 54 || a == 1 || a == 18 || a == 59 || a == 81): null

03-03-2025T13:25:13 - [TEST_STEP][PASSED] - path = dataFolder + "Table Data/" + typeOfData + " за отчётный период " + dzoNum: null

03-03-2025T13:25:13 - [TEST_STEP][PASSED] - page = getText(findTestObject(path)): Text of object 'Object Repository/Выполнение бизнес-плана/Значения со страницы Выполнение бизнес-плана/Table Data/План Потери за отчётный период 1' is: '23 053 915'

03-03-2025T13:25:14 - [MESSAGE][PASSED] - Text of object 'Object Repository/Выполнение бизнес-плана/Значения со страницы Выполнение бизнес-плана/Table Data/План Потери за отчётный период 1' is: '23 053 915'

03-03-2025T13:25:14 - [TEST_STEP][PASSED] - if (page == "" || page == null): null

03-03-2025T13:25:14 - [TEST_STEP][PASSED] - else: null

03-03-2025T13:25:14 - [TEST_STEP][PASSED] - page = page.replaceAll("\s+", ""): null

03-03-2025T13:25:14 - [TEST_STEP][PASSED] - filePoteri = poteri.toInteger(): null

03-03-2025T13:25:14 - [TEST_STEP][PASSED] - pagePoteri = page.toInteger(): null

03-03-2025T13:25:14 - [TEST_STEP][PASSED] - compare = pageOtpuskVSet: null

03-03-2025T13:25:14 - [TEST_STEP][PASSED] - if (pageOtpuskVSet != null): null

03-03-2025T13:25:14 - [TEST_STEP][PASSED] - if (compare == fileOtpuskVSet): null

03-03-2025T13:25:14 - [TEST_STEP][PASSED] - if (compare == fileOtpuskVSet): null

03-03-2025T13:25:14 - [TEST_STEP][PASSED] - compare = pagePoteri: null

03-03-2025T13:25:14 - [TEST_STEP][PASSED] - if (pageOtpuskVSet != null): null

03-03-2025T13:25:14 - [TEST_STEP][PASSED] - if (compare == filePoteri): null

03-03-2025T13:25:14 - [TEST_STEP][PASSED] - if (compare == filePoteri): null

03-03-2025T13:25:14 - [TEST_STEP][PASSED] - if (planFact == 2): Object: 'Object Repository/Выполнение бизнес-плана/Кнопка Факт' is clicked on

03-03-2025T13:25:14 - [TEST_STEP][PASSED] - click(findTestObject("Выполнение бизнес-плана/Кнопка Факт")): Object: 'Object Repository/Выполнение бизнес-плана/Кнопка Факт' is clicked on

03-03-2025T13:25:14 - [MESSAGE][PASSED] - Object: 'Object Repository/Выполнение бизнес-плана/Кнопка Факт' is clicked on

03-03-2025T13:25:14 - [TEST_STEP][PASSED] - println("a=" + a): null

03-03-2025T13:25:14 - [TEST_STEP][PASSED] - if (a == 84 || a == 82): null

03-03-2025T13:25:14 - [TEST_STEP][PASSED] - else if (a == 83 || a == 52 || a == 72 || a == 28 || a == 73 || a == 77 || a == 74 || a == 65 || a == 36 || a == 44 || a == 53 || a == 80 || a == 54 || a == 1 || a == 18 || a == 59 || a == 81): null

03-03-2025T13:25:14 - [TEST_STEP][PASSED] - page1 = getText(findTestObject("Object Repository/Выполнение бизнес-плана/spanPlan" + dzoNum)): Text of object 'Object Repository/Выполнение бизнес-плана/spanPlan1' is: '3.93
|'

03-03-2025T13:25:14 - [MESSAGE][PASSED] - Text of object 'Object Repository/Выполнение бизнес-плана/spanPlan1' is: '3.93
|'

03-03-2025T13:25:14 - [TEST_STEP][PASSED] - page1 = page1.replace("|", ""): null

03-03-2025T13:25:14 - [TEST_STEP][PASSED] - page2 = getText(findTestObject("Object Repository/Выполнение бизнес-плана/spanFact" + dzoNum)): Text of object 'Object Repository/Выполнение бизнес-плана/spanFact1' is: '3.72'

03-03-2025T13:25:15 - [MESSAGE][PASSED] - Text of object 'Object Repository/Выполнение бизнес-плана/spanFact1' is: '3.72'

03-03-2025T13:25:15 - [TEST_STEP][PASSED] - page2 = page2.replace("|", ""): null

03-03-2025T13:25:15 - [TEST_STEP][PASSED] - println("page1: " + page1): null

03-03-2025T13:25:15 - [TEST_STEP][PASSED] - println("page2: " + page2): null

03-03-2025T13:25:15 - [TEST_STEP][PASSED] - file = findTestData("PlanFact").getValue(4, a): null

03-03-2025T13:25:15 - [TEST_STEP][PASSED] - file = file.replace(",", "."): null

03-03-2025T13:25:15 - [TEST_STEP][PASSED] - println("file Plan: " + file): null

03-03-2025T13:25:15 - [TEST_STEP][PASSED] - typeOfData = "План в процентах": null

03-03-2025T13:25:15 - [TEST_STEP][PASSED] - fileDouble = file.toDouble(): null

03-03-2025T13:25:15 - [TEST_STEP][PASSED] - pageDouble = page1.toDouble(): null

03-03-2025T13:25:15 - [TEST_STEP][PASSED] - if (fileDouble != pageDouble): null

03-03-2025T13:25:15 - [TEST_STEP][PASSED] - file = findTestData("PlanFact").getValue(7, a): null

03-03-2025T13:25:15 - [TEST_STEP][PASSED] - file = file.replace(",", "."): null

03-03-2025T13:25:15 - [TEST_STEP][PASSED] - println("file Fact: " + file): null

03-03-2025T13:25:15 - [TEST_STEP][PASSED] - fileDouble = file.toDouble(): null

03-03-2025T13:25:15 - [TEST_STEP][PASSED] - typeOfData = "Факт в процентах": null

03-03-2025T13:25:15 - [TEST_STEP][PASSED] - fileDouble = file.toDouble(): null

03-03-2025T13:25:15 - [TEST_STEP][PASSED] - pageDouble = page2.toDouble(): null

03-03-2025T13:25:15 - [TEST_STEP][PASSED] - if (fileDouble != pageDouble): null

03-03-2025T13:25:15 - [TEST_STEP][PASSED] - if (verifyEqual(numberOfErrors, 0) == false): Actual object '0' and expected object '0' are equal

03-03-2025T13:25:15 - [MESSAGE][PASSED] - Actual object '0' and expected object '0' are equal

03-03-2025T13:25:15 - [TEST_STEP][PASSED] - if (a == 82): null

03-03-2025T13:25:15 - [TEST_STEP][PASSED] - println(dzoNum): null

03-03-2025T13:25:15 - [TEST_STEP][PASSED] - dZO = "РаспредКомплекс": null

03-03-2025T13:25:15 - [TEST_STEP][PASSED] - a = 82: null

03-03-2025T13:25:15 - [TEST_STEP][PASSED] - Script1718980020443.Numbers(a, typeOfData, todaysDate, pageInt, fileInt, pageDouble, fileDouble, dZO, dzoNum, filialNum): null

03-03-2025T13:25:15 - [TEST_STEP][PASSED] - println(dzoNum): null

03-03-2025T13:25:15 - [TEST_STEP][PASSED] - planFact = <not implemented yet for class: org.codehaus.groovy.ast.expr.EmptyExpression>: null

03-03-2025T13:25:15 - [TEST_STEP][PASSED] - page = <not implemented yet for class: org.codehaus.groovy.ast.expr.EmptyExpression>: null

03-03-2025T13:25:15 - [TEST_STEP][PASSED] - page1 = <not implemented yet for class: org.codehaus.groovy.ast.expr.EmptyExpression>: null

03-03-2025T13:25:15 - [TEST_STEP][PASSED] - page2 = <not implemented yet for class: org.codehaus.groovy.ast.expr.EmptyExpression>: null

03-03-2025T13:25:15 - [TEST_STEP][PASSED] - filialNumberInRow = <not implemented yet for class: org.codehaus.groovy.ast.expr.EmptyExpression>: null

03-03-2025T13:25:15 - [TEST_STEP][PASSED] - filialsDzoNames = <not implemented yet for class: org.codehaus.groovy.ast.expr.EmptyExpression>: null

03-03-2025T13:25:15 - [TEST_STEP][PASSED] - numberOfFilials = <not implemented yet for class: org.codehaus.groovy.ast.expr.EmptyExpression>: null

03-03-2025T13:25:15 - [TEST_STEP][PASSED] - numberOfSpaces = <not implemented yet for class: org.codehaus.groovy.ast.expr.EmptyExpression>: null

03-03-2025T13:25:15 - [TEST_STEP][PASSED] - file = <not implemented yet for class: org.codehaus.groovy.ast.expr.EmptyExpression>: null

03-03-2025T13:25:15 - [TEST_STEP][PASSED] - otpusk = <not implemented yet for class: org.codehaus.groovy.ast.expr.EmptyExpression>: null

03-03-2025T13:25:15 - [TEST_STEP][PASSED] - poteri = <not implemented yet for class: org.codehaus.groovy.ast.expr.EmptyExpression>: null

03-03-2025T13:25:15 - [TEST_STEP][PASSED] - dataFolder = "Выполнение бизнес-плана/Значения со страницы Выполнение бизнес-плана/": null

03-03-2025T13:25:15 - [TEST_STEP][PASSED] - path = <not implemented yet for class: org.codehaus.groovy.ast.expr.EmptyExpression>: null

03-03-2025T13:25:15 - [TEST_STEP][PASSED] - typeOfDataMain = <not implemented yet for class: org.codehaus.groovy.ast.expr.EmptyExpression>: null

03-03-2025T13:25:15 - [TEST_STEP][PASSED] - fileOtpuskVSet = <not implemented yet for class: org.codehaus.groovy.ast.expr.EmptyExpression>: null

03-03-2025T13:25:15 - [TEST_STEP][PASSED] - pageOtpuskVSet = <not implemented yet for class: org.codehaus.groovy.ast.expr.EmptyExpression>: null

03-03-2025T13:25:15 - [TEST_STEP][PASSED] - filePoteri = <not implemented yet for class: org.codehaus.groovy.ast.expr.EmptyExpression>: null

03-03-2025T13:25:15 - [TEST_STEP][PASSED] - pagePoteri = <not implemented yet for class: org.codehaus.groovy.ast.expr.EmptyExpression>: null

03-03-2025T13:25:15 - [TEST_STEP][PASSED] - compare = <not implemented yet for class: org.codehaus.groovy.ast.expr.EmptyExpression>: null

03-03-2025T13:25:15 - [TEST_STEP][PASSED] - b = <not implemented yet for class: org.codehaus.groovy.ast.expr.EmptyExpression>: null

03-03-2025T13:25:15 - [TEST_STEP][PASSED] - i = <not implemented yet for class: org.codehaus.groovy.ast.expr.EmptyExpression>: null

03-03-2025T13:25:15 - [TEST_STEP][PASSED] - ii = <not implemented yet for class: org.codehaus.groovy.ast.expr.EmptyExpression>: null

03-03-2025T13:25:15 - [TEST_STEP][PASSED] - c = <not implemented yet for class: org.codehaus.groovy.ast.expr.EmptyExpression>: null

03-03-2025T13:25:15 - [TEST_STEP][PASSED] - numberOfErrors = 0: null

03-03-2025T13:25:15 - [TEST_STEP][PASSED] - if (a == 82): null

03-03-2025T13:25:15 - [TEST_STEP][PASSED] - Script1718980020443.OpenFilter(): null

03-03-2025T13:25:15 - [TEST_STEP][PASSED] - click(findTestObject("Object Repository/Выполнение бизнес-плана/Фильтр ДЗО")): Object: 'Object Repository/Выполнение бизнес-плана/Фильтр ДЗО' is clicked on

03-03-2025T13:25:15 - [MESSAGE][PASSED] - Object: 'Object Repository/Выполнение бизнес-плана/Фильтр ДЗО' is clicked on

03-03-2025T13:25:15 - [TEST_STEP][PASSED] - click(findTestObject("Выполнение бизнес-плана/Снять выделение в фильтре ДЗО")): null

03-03-2025T13:25:16 - [MESSAGE][PASSED] - Object: 'Object Repository/Выполнение бизнес-плана/Снять выделение в фильтре ДЗО' is clicked on

03-03-2025T13:25:16 - [TEST_STEP][PASSED] - click(findTestObject("Выполнение бизнес-плана/Раскрыть список ПАО Россети в фильтре ДЗО")): Object: 'Object Repository/Выполнение бизнес-плана/Раскрыть список ПАО Россети в фильтре ДЗО' is clicked on

03-03-2025T13:25:16 - [MESSAGE][PASSED] - Object: 'Object Repository/Выполнение бизнес-плана/Раскрыть список ПАО Россети в фильтре ДЗО' is clicked on

03-03-2025T13:25:16 - [TEST_STEP][PASSED] - click(findTestObject("Выполнение бизнес-плана/РаспредКомплекс")): Object: 'Object Repository/Выполнение бизнес-плана/РаспредКомплекс' is clicked on

03-03-2025T13:25:16 - [MESSAGE][PASSED] - Object: 'Object Repository/Выполнение бизнес-плана/РаспредКомплекс' is clicked on

03-03-2025T13:25:16 - [TEST_STEP][PASSED] - Script1718980020443.CloseFilter(): null

03-03-2025T13:25:16 - [TEST_STEP][PASSED] - scrollToElement(findTestObject("Выполнение бизнес-плана/Заголовок дашборда"), 30): Scroll to object 'Object Repository/Выполнение бизнес-плана/Заголовок дашборда' successfully

03-03-2025T13:25:17 - [MESSAGE][PASSED] - Scroll to object 'Object Repository/Выполнение бизнес-плана/Заголовок дашборда' successfully

03-03-2025T13:25:17 - [TEST_STEP][PASSED] - click(findTestObject("Object Repository/Выполнение бизнес-плана/Применить в фильтре ДЗО")): null

03-03-2025T13:25:18 - [MESSAGE][PASSED] - Object: 'Object Repository/Выполнение бизнес-плана/Применить в фильтре ДЗО' is clicked on

03-03-2025T13:25:18 - [TEST_STEP][PASSED] - delay(5): Delayed 5 second(s)

03-03-2025T13:25:23 - [MESSAGE][PASSED] - Delayed 5 second(s)

03-03-2025T13:25:23 - [TEST_STEP][PASSED] - b = findTestData("PlanFact").getValue(1, a): null

03-03-2025T13:25:23 - [TEST_STEP][PASSED] - i = b.indexOf(" (ГК)"): null

03-03-2025T13:25:23 - [TEST_STEP][PASSED] - if (i > -1): null

03-03-2025T13:25:23 - [TEST_STEP][PASSED] - i = b.indexOf("О ""): null

03-03-2025T13:25:23 - [TEST_STEP][PASSED] - if (i > -1): null

03-03-2025T13:25:23 - [TEST_STEP][PASSED] - i = b.indexOf("О «"): null

03-03-2025T13:25:23 - [TEST_STEP][PASSED] - if (i > -1): null

03-03-2025T13:25:23 - [TEST_STEP][PASSED] - i = b.indexOf("г. "): null

03-03-2025T13:25:23 - [TEST_STEP][PASSED] - if (i > -1): null

03-03-2025T13:25:23 - [TEST_STEP][PASSED] - b = b.trim(): null

03-03-2025T13:25:23 - [TEST_STEP][PASSED] - println(b): null

03-03-2025T13:25:23 - [TEST_STEP][PASSED] - for ([planFact = 1, planFact < 3, (planFact++)]): null

03-03-2025T13:25:23 - [TEST_STEP][PASSED] - if (planFact == 1): null

03-03-2025T13:25:23 - [TEST_STEP][PASSED] - typeOfDataMain = "Факт": null

03-03-2025T13:25:23 - [TEST_STEP][PASSED] - otpusk = findTestData("PlanFact").getValue(5, a): null

03-03-2025T13:25:23 - [TEST_STEP][PASSED] - poteri = findTestData("PlanFact").getValue(6, a): null

03-03-2025T13:25:23 - [TEST_STEP][PASSED] - otpusk = otpusk.replaceAll("\s+", ""): null

03-03-2025T13:25:23 - [TEST_STEP][PASSED] - poteri = poteri.replaceAll("\s+", ""): null

03-03-2025T13:25:23 - [TEST_STEP][PASSED] - typeOfData = typeOfDataMain + " Отпуск в сеть": null

03-03-2025T13:25:23 - [TEST_STEP][PASSED] - if (a == 82): null

03-03-2025T13:25:23 - [TEST_STEP][PASSED] - path = dataFolder + typeOfData + " за отчётный период " + "РаспредКомплекс": null

03-03-2025T13:25:23 - [TEST_STEP][PASSED] - println(path): null

03-03-2025T13:25:23 - [TEST_STEP][PASSED] - page = getText(findTestObject(path)): Text of object 'Object Repository/Выполнение бизнес-плана/Значения со страницы Выполнение бизнес-плана/Факт Отпуск в сеть за отчётный период РаспредКомплекс' is: '398 975 298'

03-03-2025T13:25:37 - [MESSAGE][PASSED] - Text of object 'Object Repository/Выполнение бизнес-плана/Значения со страницы Выполнение бизнес-плана/Факт Отпуск в сеть за отчётный период РаспредКомплекс' is: '398 975 298'

03-03-2025T13:25:37 - [TEST_STEP][PASSED] - if (page == "" || page == null): null

03-03-2025T13:25:37 - [TEST_STEP][PASSED] - else: null

03-03-2025T13:25:37 - [TEST_STEP][PASSED] - page = page.replaceAll("\s+", ""): null

03-03-2025T13:25:37 - [TEST_STEP][PASSED] - fileOtpuskVSet = otpusk.toInteger(): null

03-03-2025T13:25:37 - [TEST_STEP][PASSED] - pageOtpuskVSet = page.toInteger(): null

03-03-2025T13:25:37 - [TEST_STEP][PASSED] - typeOfData = typeOfDataMain + " Потери": null

03-03-2025T13:25:37 - [TEST_STEP][PASSED] - if (a == 82): null

03-03-2025T13:25:37 - [TEST_STEP][PASSED] - path = dataFolder + typeOfData + " за отчётный период " + "РаспредКомплекс": null

03-03-2025T13:25:37 - [TEST_STEP][PASSED] - page = getText(findTestObject(path)): Text of object 'Object Repository/Выполнение бизнес-плана/Значения со страницы Выполнение бизнес-плана/Факт Потери за отчётный период РаспредКомплекс' is: '31 531 775'

03-03-2025T13:25:38 - [MESSAGE][PASSED] - Text of object 'Object Repository/Выполнение бизнес-плана/Значения со страницы Выполнение бизнес-плана/Факт Потери за отчётный период РаспредКомплекс' is: '31 531 775'

03-03-2025T13:25:38 - [TEST_STEP][PASSED] - if (page == "" || page == null): null

03-03-2025T13:25:38 - [TEST_STEP][PASSED] - else: null

03-03-2025T13:25:38 - [TEST_STEP][PASSED] - page = page.replaceAll("\s+", ""): null

03-03-2025T13:25:38 - [TEST_STEP][PASSED] - filePoteri = poteri.toInteger(): null

03-03-2025T13:25:38 - [TEST_STEP][PASSED] - pagePoteri = page.toInteger(): null

03-03-2025T13:25:38 - [TEST_STEP][PASSED] - compare = pageOtpuskVSet: null

03-03-2025T13:25:38 - [TEST_STEP][PASSED] - if (pageOtpuskVSet != null): null

03-03-2025T13:25:38 - [TEST_STEP][PASSED] - if (compare == fileOtpuskVSet): null

03-03-2025T13:25:38 - [TEST_STEP][PASSED] - else if (compare > fileOtpuskVSet): null

03-03-2025T13:25:38 - [TEST_STEP][PASSED] - else if (compare < fileOtpuskVSet): null

03-03-2025T13:25:38 - [TEST_STEP][PASSED] - compare = compare + 1: null

03-03-2025T13:25:38 - [TEST_STEP][PASSED] - if (compare == fileOtpuskVSet): null

03-03-2025T13:25:38 - [TEST_STEP][PASSED] - else: null

03-03-2025T13:25:38 - [TEST_STEP][PASSED] - numberOfErrors = numberOfErrors + 1: null

03-03-2025T13:25:38 - [TEST_STEP][PASSED] - pageInt = pageOtpuskVSet: null

03-03-2025T13:25:38 - [TEST_STEP][PASSED] - fileInt = fileOtpuskVSet: null

03-03-2025T13:25:38 - [TEST_STEP][PASSED] - typeOfData = typeOfDataMain + " Отпуск в сеть": null

03-03-2025T13:25:38 - [TEST_STEP][PASSED] - Script1718980020443.WriteToExcel(a, typeOfData, todaysDate, pageInt, fileInt, pageDouble, fileDouble, dZO): null

03-03-2025T13:25:38 - [TEST_STEP][PASSED] - sheetName = "Sheet1": null

03-03-2025T13:25:38 - [TEST_STEP][PASSED] - data = findTestData("PlanFact"): null

03-03-2025T13:25:38 - [TEST_STEP][PASSED] - n = data.getRowNumbers() + 1: null

03-03-2025T13:25:38 - [TEST_STEP][PASSED] - day = ")).toInteger(): null

03-03-2025T13:25:38 - [TEST_STEP][PASSED] - println(day): null

03-03-2025T13:25:38 - [TEST_STEP][PASSED] - month = ")).toInteger(): null

03-03-2025T13:25:38 - [TEST_STEP][PASSED] - println(month): null

03-03-2025T13:25:38 - [TEST_STEP][PASSED] - y = <not implemented yet for class: org.codehaus.groovy.ast.expr.EmptyExpression>: null

03-03-2025T13:25:38 - [TEST_STEP][PASSED] - iy = <not implemented yet for class: org.codehaus.groovy.ast.expr.EmptyExpression>: null

03-03-2025T13:25:38 - [TEST_STEP][PASSED] - m = getText(findTestObject("Выполнение бизнес-плана/Период")): Text of object 'Object Repository/Выполнение бизнес-плана/Период' is: '2024 год'

03-03-2025T13:25:38 - [MESSAGE][PASSED] - Text of object 'Object Repository/Выполнение бизнес-плана/Период' is: '2024 год'

03-03-2025T13:25:38 - [TEST_STEP][PASSED] - iy = m.indexOf("20"): null

03-03-2025T13:25:38 - [TEST_STEP][PASSED] - if (iy > -1): null

03-03-2025T13:25:38 - [TEST_STEP][PASSED] - y = substring(iy, iy + 4).toInteger(): null

03-03-2025T13:25:38 - [TEST_STEP][PASSED] - println(y): null

03-03-2025T13:25:38 - [TEST_STEP][PASSED] - if (toString().length() == 4): null

03-03-2025T13:25:38 - [TEST_STEP][PASSED] - m = m.substring(0, m.indexOf(y.toString())): null

03-03-2025T13:25:38 - [TEST_STEP][PASSED] - m = m.trim(): null

03-03-2025T13:25:38 - [TEST_STEP][PASSED] - if (m == ""): null

03-03-2025T13:25:38 - [TEST_STEP][PASSED] - m = "весь год": null

03-03-2025T13:25:38 - [TEST_STEP][PASSED] - dashboardName = "Выполнение бизнес-плана": null

03-03-2025T13:25:38 - [TEST_STEP][PASSED] - workbook01 = getWorkbook(excelFilePath): null

03-03-2025T13:25:38 - [TEST_STEP][PASSED] - sheet01 = getExcelSheet(workbook01, sheetName): null

03-03-2025T13:25:38 - [TEST_STEP][PASSED] - setValueToCellByIndex(sheet01, n, 0, dashboardName): null

03-03-2025T13:25:38 - [TEST_STEP][PASSED] - setValueToCellByIndex(sheet01, n, 1, dZO): null

03-03-2025T13:25:38 - [TEST_STEP][PASSED] - setValueToCellByIndex(sheet01, n, 2, typeOfData): null

03-03-2025T13:25:38 - [TEST_STEP][PASSED] - if (typeOfData == "Факт в процентах" || typeOfData == "План в процентах"): null

03-03-2025T13:25:38 - [TEST_STEP][PASSED] - else: null

03-03-2025T13:25:38 - [TEST_STEP][PASSED] - setValueToCellByIndex(sheet01, n, 3, fileInt): null

03-03-2025T13:25:38 - [TEST_STEP][PASSED] - setValueToCellByIndex(sheet01, n, 4, pageInt): null

03-03-2025T13:25:38 - [TEST_STEP][PASSED] - setValueToCellByIndex(sheet01, n, 5, m): null

03-03-2025T13:25:38 - [TEST_STEP][PASSED] - setValueToCellByIndex(sheet01, n, 6, y): null

03-03-2025T13:25:38 - [TEST_STEP][PASSED] - setValueToCellByIndex(sheet01, n, 7, todaysDate): null

03-03-2025T13:25:38 - [TEST_STEP][PASSED] - n = n + 1: null

03-03-2025T13:25:38 - [TEST_STEP][PASSED] - saveWorkbook(excelFilePath, workbook01): null

03-03-2025T13:25:38 - [TEST_STEP][PASSED] - compare = pagePoteri: null

03-03-2025T13:25:38 - [TEST_STEP][PASSED] - if (pageOtpuskVSet != null): null

03-03-2025T13:25:38 - [TEST_STEP][PASSED] - if (compare == filePoteri): null

03-03-2025T13:25:38 - [TEST_STEP][PASSED] - else if (compare > filePoteri): null

03-03-2025T13:25:38 - [TEST_STEP][PASSED] - else if (compare < filePoteri): null

03-03-2025T13:25:38 - [TEST_STEP][PASSED] - compare = compare + 1: null

03-03-2025T13:25:38 - [TEST_STEP][PASSED] - if (compare == filePoteri): null

03-03-2025T13:25:38 - [TEST_STEP][PASSED] - else: null

03-03-2025T13:25:38 - [TEST_STEP][PASSED] - numberOfErrors = numberOfErrors + 1: null

03-03-2025T13:25:38 - [TEST_STEP][PASSED] - pageInt = pagePoteri: null

03-03-2025T13:25:38 - [TEST_STEP][PASSED] - fileInt = filePoteri: null

03-03-2025T13:25:38 - [TEST_STEP][PASSED] - typeOfData = typeOfDataMain + " Потери": null

03-03-2025T13:25:38 - [TEST_STEP][PASSED] - Script1718980020443.WriteToExcel(a, typeOfData, todaysDate, pageInt, fileInt, pageDouble, fileDouble, dZO): null

03-03-2025T13:25:38 - [TEST_STEP][PASSED] - sheetName = "Sheet1": null

03-03-2025T13:25:38 - [TEST_STEP][PASSED] - data = findTestData("PlanFact"): null

03-03-2025T13:25:38 - [TEST_STEP][PASSED] - n = data.getRowNumbers() + 1: null

03-03-2025T13:25:38 - [TEST_STEP][PASSED] - day = ")).toInteger(): null

03-03-2025T13:25:38 - [TEST_STEP][PASSED] - println(day): null

03-03-2025T13:25:38 - [TEST_STEP][PASSED] - month = ")).toInteger(): null

03-03-2025T13:25:38 - [TEST_STEP][PASSED] - println(month): null

03-03-2025T13:25:38 - [TEST_STEP][PASSED] - y = <not implemented yet for class: org.codehaus.groovy.ast.expr.EmptyExpression>: null

03-03-2025T13:25:38 - [TEST_STEP][PASSED] - iy = <not implemented yet for class: org.codehaus.groovy.ast.expr.EmptyExpression>: null

03-03-2025T13:25:38 - [TEST_STEP][PASSED] - m = getText(findTestObject("Выполнение бизнес-плана/Период")): Text of object 'Object Repository/Выполнение бизнес-плана/Период' is: '2024 год'

03-03-2025T13:25:39 - [MESSAGE][PASSED] - Text of object 'Object Repository/Выполнение бизнес-плана/Период' is: '2024 год'

03-03-2025T13:25:39 - [TEST_STEP][PASSED] - iy = m.indexOf("20"): null

03-03-2025T13:25:39 - [TEST_STEP][PASSED] - if (iy > -1): null

03-03-2025T13:25:39 - [TEST_STEP][PASSED] - y = substring(iy, iy + 4).toInteger(): null

03-03-2025T13:25:39 - [TEST_STEP][PASSED] - println(y): null

03-03-2025T13:25:39 - [TEST_STEP][PASSED] - if (toString().length() == 4): null

03-03-2025T13:25:39 - [TEST_STEP][PASSED] - m = m.substring(0, m.indexOf(y.toString())): null

03-03-2025T13:25:39 - [TEST_STEP][PASSED] - m = m.trim(): null

03-03-2025T13:25:39 - [TEST_STEP][PASSED] - if (m == ""): null

03-03-2025T13:25:39 - [TEST_STEP][PASSED] - m = "весь год": null

03-03-2025T13:25:39 - [TEST_STEP][PASSED] - dashboardName = "Выполнение бизнес-плана": null

03-03-2025T13:25:39 - [TEST_STEP][PASSED] - workbook01 = getWorkbook(excelFilePath): null

03-03-2025T13:25:39 - [TEST_STEP][PASSED] - sheet01 = getExcelSheet(workbook01, sheetName): null

03-03-2025T13:25:39 - [TEST_STEP][PASSED] - setValueToCellByIndex(sheet01, n, 0, dashboardName): null

03-03-2025T13:25:39 - [TEST_STEP][PASSED] - setValueToCellByIndex(sheet01, n, 1, dZO): null

03-03-2025T13:25:39 - [TEST_STEP][PASSED] - setValueToCellByIndex(sheet01, n, 2, typeOfData): null

03-03-2025T13:25:39 - [TEST_STEP][PASSED] - if (typeOfData == "Факт в процентах" || typeOfData == "План в процентах"): null

03-03-2025T13:25:39 - [TEST_STEP][PASSED] - else: null

03-03-2025T13:25:39 - [TEST_STEP][PASSED] - setValueToCellByIndex(sheet01, n, 3, fileInt): null

03-03-2025T13:25:39 - [TEST_STEP][PASSED] - setValueToCellByIndex(sheet01, n, 4, pageInt): null

03-03-2025T13:25:39 - [TEST_STEP][PASSED] - setValueToCellByIndex(sheet01, n, 5, m): null

03-03-2025T13:25:39 - [TEST_STEP][PASSED] - setValueToCellByIndex(sheet01, n, 6, y): null

03-03-2025T13:25:39 - [TEST_STEP][PASSED] - setValueToCellByIndex(sheet01, n, 7, todaysDate): null

03-03-2025T13:25:39 - [TEST_STEP][PASSED] - n = n + 1: null

03-03-2025T13:25:39 - [TEST_STEP][PASSED] - saveWorkbook(excelFilePath, workbook01): null

03-03-2025T13:25:39 - [TEST_STEP][PASSED] - if (planFact == 2): null

03-03-2025T13:25:39 - [TEST_STEP][PASSED] - if (planFact == 1): null

03-03-2025T13:25:39 - [TEST_STEP][PASSED] - else if (planFact == 2): null

03-03-2025T13:25:39 - [TEST_STEP][PASSED] - click(findTestObject("Выполнение бизнес-плана/Кнопка План")): Object: 'Object Repository/Выполнение бизнес-плана/Кнопка План' is clicked on

03-03-2025T13:25:39 - [MESSAGE][PASSED] - Object: 'Object Repository/Выполнение бизнес-плана/Кнопка План' is clicked on

03-03-2025T13:25:39 - [TEST_STEP][PASSED] - typeOfDataMain = "План": null

03-03-2025T13:25:39 - [TEST_STEP][PASSED] - otpusk = findTestData("PlanFact").getValue(2, a): null

03-03-2025T13:25:39 - [TEST_STEP][PASSED] - poteri = findTestData("PlanFact").getValue(3, a): null

03-03-2025T13:25:39 - [TEST_STEP][PASSED] - otpusk = otpusk.replaceAll("\s+", ""): null

03-03-2025T13:25:39 - [TEST_STEP][PASSED] - poteri = poteri.replaceAll("\s+", ""): null

03-03-2025T13:25:39 - [TEST_STEP][PASSED] - typeOfData = typeOfDataMain + " Отпуск в сеть": null

03-03-2025T13:25:39 - [TEST_STEP][PASSED] - if (a == 82): null

03-03-2025T13:25:39 - [TEST_STEP][PASSED] - path = dataFolder + typeOfData + " за отчётный период " + "РаспредКомплекс": null

03-03-2025T13:25:39 - [TEST_STEP][PASSED] - println(path): null

03-03-2025T13:25:39 - [TEST_STEP][PASSED] - page = getText(findTestObject(path)): Text of object 'Object Repository/Выполнение бизнес-плана/Значения со страницы Выполнение бизнес-плана/План Отпуск в сеть за отчётный период РаспредКомплекс' is: '388 385 055'

03-03-2025T13:25:40 - [MESSAGE][PASSED] - Text of object 'Object Repository/Выполнение бизнес-плана/Значения со страницы Выполнение бизнес-плана/План Отпуск в сеть за отчётный период РаспредКомплекс' is: '388 385 055'

03-03-2025T13:25:40 - [TEST_STEP][PASSED] - if (page == "" || page == null): null

03-03-2025T13:25:40 - [TEST_STEP][PASSED] - else: null

03-03-2025T13:25:40 - [TEST_STEP][PASSED] - page = page.replaceAll("\s+", ""): null

03-03-2025T13:25:40 - [TEST_STEP][PASSED] - fileOtpuskVSet = otpusk.toInteger(): null

03-03-2025T13:25:40 - [TEST_STEP][PASSED] - pageOtpuskVSet = page.toInteger(): null

03-03-2025T13:25:40 - [TEST_STEP][PASSED] - typeOfData = typeOfDataMain + " Потери": null

03-03-2025T13:25:40 - [TEST_STEP][PASSED] - if (a == 82): null

03-03-2025T13:25:40 - [TEST_STEP][PASSED] - path = dataFolder + typeOfData + " за отчётный период " + "РаспредКомплекс": null

03-03-2025T13:25:40 - [TEST_STEP][PASSED] - page = getText(findTestObject(path)): Text of object 'Object Repository/Выполнение бизнес-плана/Значения со страницы Выполнение бизнес-плана/План Потери за отчётный период РаспредКомплекс' is: '33 730 434'

03-03-2025T13:25:40 - [MESSAGE][PASSED] - Text of object 'Object Repository/Выполнение бизнес-плана/Значения со страницы Выполнение бизнес-плана/План Потери за отчётный период РаспредКомплекс' is: '33 730 434'

03-03-2025T13:25:40 - [TEST_STEP][PASSED] - if (page == "" || page == null): null

03-03-2025T13:25:40 - [TEST_STEP][PASSED] - else: null

03-03-2025T13:25:40 - [TEST_STEP][PASSED] - page = page.replaceAll("\s+", ""): null

03-03-2025T13:25:40 - [TEST_STEP][PASSED] - filePoteri = poteri.toInteger(): null

03-03-2025T13:25:40 - [TEST_STEP][PASSED] - pagePoteri = page.toInteger(): null

03-03-2025T13:25:40 - [TEST_STEP][PASSED] - compare = pageOtpuskVSet: null

03-03-2025T13:25:40 - [TEST_STEP][PASSED] - if (pageOtpuskVSet != null): null

03-03-2025T13:25:40 - [TEST_STEP][PASSED] - if (compare == fileOtpuskVSet): null

03-03-2025T13:25:40 - [TEST_STEP][PASSED] - else if (compare > fileOtpuskVSet): null

03-03-2025T13:25:40 - [TEST_STEP][PASSED] - else if (compare < fileOtpuskVSet): null

03-03-2025T13:25:40 - [TEST_STEP][PASSED] - compare = compare + 1: null

03-03-2025T13:25:40 - [TEST_STEP][PASSED] - if (compare == fileOtpuskVSet): null

03-03-2025T13:25:40 - [TEST_STEP][PASSED] - else: null

03-03-2025T13:25:40 - [TEST_STEP][PASSED] - numberOfErrors = numberOfErrors + 1: null

03-03-2025T13:25:40 - [TEST_STEP][PASSED] - pageInt = pageOtpuskVSet: null

03-03-2025T13:25:40 - [TEST_STEP][PASSED] - fileInt = fileOtpuskVSet: null

03-03-2025T13:25:40 - [TEST_STEP][PASSED] - typeOfData = typeOfDataMain + " Отпуск в сеть": null

03-03-2025T13:25:40 - [TEST_STEP][PASSED] - Script1718980020443.WriteToExcel(a, typeOfData, todaysDate, pageInt, fileInt, pageDouble, fileDouble, dZO): null

03-03-2025T13:25:40 - [TEST_STEP][PASSED] - sheetName = "Sheet1": null

03-03-2025T13:25:40 - [TEST_STEP][PASSED] - data = findTestData("PlanFact"): null

03-03-2025T13:25:40 - [TEST_STEP][PASSED] - n = data.getRowNumbers() + 1: null

03-03-2025T13:25:40 - [TEST_STEP][PASSED] - day = ")).toInteger(): null

03-03-2025T13:25:40 - [TEST_STEP][PASSED] - println(day): null

03-03-2025T13:25:40 - [TEST_STEP][PASSED] - month = ")).toInteger(): null

03-03-2025T13:25:40 - [TEST_STEP][PASSED] - println(month): null

03-03-2025T13:25:40 - [TEST_STEP][PASSED] - y = <not implemented yet for class: org.codehaus.groovy.ast.expr.EmptyExpression>: null

03-03-2025T13:25:40 - [TEST_STEP][PASSED] - iy = <not implemented yet for class: org.codehaus.groovy.ast.expr.EmptyExpression>: null

03-03-2025T13:25:40 - [TEST_STEP][PASSED] - m = getText(findTestObject("Выполнение бизнес-плана/Период")): Text of object 'Object Repository/Выполнение бизнес-плана/Период' is: '2024 год'

03-03-2025T13:25:40 - [MESSAGE][PASSED] - Text of object 'Object Repository/Выполнение бизнес-плана/Период' is: '2024 год'

03-03-2025T13:25:40 - [TEST_STEP][PASSED] - iy = m.indexOf("20"): null

03-03-2025T13:25:40 - [TEST_STEP][PASSED] - if (iy > -1): null

03-03-2025T13:25:40 - [TEST_STEP][PASSED] - y = substring(iy, iy + 4).toInteger(): null

03-03-2025T13:25:40 - [TEST_STEP][PASSED] - println(y): null

03-03-2025T13:25:40 - [TEST_STEP][PASSED] - if (toString().length() == 4): null

03-03-2025T13:25:40 - [TEST_STEP][PASSED] - m = m.substring(0, m.indexOf(y.toString())): null

03-03-2025T13:25:40 - [TEST_STEP][PASSED] - m = m.trim(): null

03-03-2025T13:25:40 - [TEST_STEP][PASSED] - if (m == ""): null

03-03-2025T13:25:40 - [TEST_STEP][PASSED] - m = "весь год": null

03-03-2025T13:25:40 - [TEST_STEP][PASSED] - dashboardName = "Выполнение бизнес-плана": null

03-03-2025T13:25:40 - [TEST_STEP][PASSED] - workbook01 = getWorkbook(excelFilePath): null

03-03-2025T13:25:40 - [TEST_STEP][PASSED] - sheet01 = getExcelSheet(workbook01, sheetName): null

03-03-2025T13:25:40 - [TEST_STEP][PASSED] - setValueToCellByIndex(sheet01, n, 0, dashboardName): null

03-03-2025T13:25:40 - [TEST_STEP][PASSED] - setValueToCellByIndex(sheet01, n, 1, dZO): null

03-03-2025T13:25:40 - [TEST_STEP][PASSED] - setValueToCellByIndex(sheet01, n, 2, typeOfData): null

03-03-2025T13:25:40 - [TEST_STEP][PASSED] - if (typeOfData == "Факт в процентах" || typeOfData == "План в процентах"): null

03-03-2025T13:25:40 - [TEST_STEP][PASSED] - else: null

03-03-2025T13:25:40 - [TEST_STEP][PASSED] - setValueToCellByIndex(sheet01, n, 3, fileInt): null

03-03-2025T13:25:40 - [TEST_STEP][PASSED] - setValueToCellByIndex(sheet01, n, 4, pageInt): null

03-03-2025T13:25:40 - [TEST_STEP][PASSED] - setValueToCellByIndex(sheet01, n, 5, m): null

03-03-2025T13:25:40 - [TEST_STEP][PASSED] - setValueToCellByIndex(sheet01, n, 6, y): null

03-03-2025T13:25:40 - [TEST_STEP][PASSED] - setValueToCellByIndex(sheet01, n, 7, todaysDate): null

03-03-2025T13:25:40 - [TEST_STEP][PASSED] - n = n + 1: null

03-03-2025T13:25:40 - [TEST_STEP][PASSED] - saveWorkbook(excelFilePath, workbook01): null

03-03-2025T13:25:40 - [TEST_STEP][PASSED] - compare = pagePoteri: null

03-03-2025T13:25:40 - [TEST_STEP][PASSED] - if (pageOtpuskVSet != null): null

03-03-2025T13:25:40 - [TEST_STEP][PASSED] - if (compare == filePoteri): null

03-03-2025T13:25:40 - [TEST_STEP][PASSED] - else if (compare > filePoteri): null

03-03-2025T13:25:40 - [TEST_STEP][PASSED] - else if (compare < filePoteri): null

03-03-2025T13:25:40 - [TEST_STEP][PASSED] - compare = compare + 1: null

03-03-2025T13:25:40 - [TEST_STEP][PASSED] - if (compare == filePoteri): null

03-03-2025T13:25:40 - [TEST_STEP][PASSED] - else: null

03-03-2025T13:25:40 - [TEST_STEP][PASSED] - numberOfErrors = numberOfErrors + 1: null

03-03-2025T13:25:40 - [TEST_STEP][PASSED] - pageInt = pagePoteri: null

03-03-2025T13:25:40 - [TEST_STEP][PASSED] - fileInt = filePoteri: null

03-03-2025T13:25:40 - [TEST_STEP][PASSED] - typeOfData = typeOfDataMain + " Потери": null

03-03-2025T13:25:40 - [TEST_STEP][PASSED] - Script1718980020443.WriteToExcel(a, typeOfData, todaysDate, pageInt, fileInt, pageDouble, fileDouble, dZO): null

03-03-2025T13:25:40 - [TEST_STEP][PASSED] - sheetName = "Sheet1": null

03-03-2025T13:25:40 - [TEST_STEP][PASSED] - data = findTestData("PlanFact"): null

03-03-2025T13:25:40 - [TEST_STEP][PASSED] - n = data.getRowNumbers() + 1: null

03-03-2025T13:25:40 - [TEST_STEP][PASSED] - day = ")).toInteger(): null

03-03-2025T13:25:40 - [TEST_STEP][PASSED] - println(day): null

03-03-2025T13:25:40 - [TEST_STEP][PASSED] - month = ")).toInteger(): null

03-03-2025T13:25:40 - [TEST_STEP][PASSED] - println(month): null

03-03-2025T13:25:40 - [TEST_STEP][PASSED] - y = <not implemented yet for class: org.codehaus.groovy.ast.expr.EmptyExpression>: null

03-03-2025T13:25:40 - [TEST_STEP][PASSED] - iy = <not implemented yet for class: org.codehaus.groovy.ast.expr.EmptyExpression>: null

03-03-2025T13:25:40 - [TEST_STEP][PASSED] - m = getText(findTestObject("Выполнение бизнес-плана/Период")): Text of object 'Object Repository/Выполнение бизнес-плана/Период' is: '2024 год'

03-03-2025T13:25:41 - [MESSAGE][PASSED] - Text of object 'Object Repository/Выполнение бизнес-плана/Период' is: '2024 год'

03-03-2025T13:25:41 - [TEST_STEP][PASSED] - iy = m.indexOf("20"): null

03-03-2025T13:25:41 - [TEST_STEP][PASSED] - if (iy > -1): null

03-03-2025T13:25:41 - [TEST_STEP][PASSED] - y = substring(iy, iy + 4).toInteger(): null

03-03-2025T13:25:41 - [TEST_STEP][PASSED] - println(y): null

03-03-2025T13:25:41 - [TEST_STEP][PASSED] - if (toString().length() == 4): null

03-03-2025T13:25:41 - [TEST_STEP][PASSED] - m = m.substring(0, m.indexOf(y.toString())): null

03-03-2025T13:25:41 - [TEST_STEP][PASSED] - m = m.trim(): null

03-03-2025T13:25:41 - [TEST_STEP][PASSED] - if (m == ""): null

03-03-2025T13:25:41 - [TEST_STEP][PASSED] - m = "весь год": null

03-03-2025T13:25:41 - [TEST_STEP][PASSED] - dashboardName = "Выполнение бизнес-плана": null

03-03-2025T13:25:41 - [TEST_STEP][PASSED] - workbook01 = getWorkbook(excelFilePath): null

03-03-2025T13:25:41 - [TEST_STEP][PASSED] - sheet01 = getExcelSheet(workbook01, sheetName): null

03-03-2025T13:25:41 - [TEST_STEP][PASSED] - setValueToCellByIndex(sheet01, n, 0, dashboardName): null

03-03-2025T13:25:41 - [TEST_STEP][PASSED] - setValueToCellByIndex(sheet01, n, 1, dZO): null

03-03-2025T13:25:41 - [TEST_STEP][PASSED] - setValueToCellByIndex(sheet01, n, 2, typeOfData): null

03-03-2025T13:25:41 - [TEST_STEP][PASSED] - if (typeOfData == "Факт в процентах" || typeOfData == "План в процентах"): null

03-03-2025T13:25:41 - [TEST_STEP][PASSED] - else: null

03-03-2025T13:25:41 - [TEST_STEP][PASSED] - setValueToCellByIndex(sheet01, n, 3, fileInt): null

03-03-2025T13:25:41 - [TEST_STEP][PASSED] - setValueToCellByIndex(sheet01, n, 4, pageInt): null

03-03-2025T13:25:41 - [TEST_STEP][PASSED] - setValueToCellByIndex(sheet01, n, 5, m): null

03-03-2025T13:25:41 - [TEST_STEP][PASSED] - setValueToCellByIndex(sheet01, n, 6, y): null

03-03-2025T13:25:41 - [TEST_STEP][PASSED] - setValueToCellByIndex(sheet01, n, 7, todaysDate): null

03-03-2025T13:25:41 - [TEST_STEP][PASSED] - n = n + 1: null

03-03-2025T13:25:41 - [TEST_STEP][PASSED] - saveWorkbook(excelFilePath, workbook01): Object: 'Object Repository/Выполнение бизнес-плана/Кнопка Факт' is clicked on

03-03-2025T13:25:41 - [TEST_STEP][PASSED] - if (planFact == 2): Object: 'Object Repository/Выполнение бизнес-плана/Кнопка Факт' is clicked on

03-03-2025T13:25:41 - [TEST_STEP][PASSED] - click(findTestObject("Выполнение бизнес-плана/Кнопка Факт")): Object: 'Object Repository/Выполнение бизнес-плана/Кнопка Факт' is clicked on

03-03-2025T13:25:41 - [MESSAGE][PASSED] - Object: 'Object Repository/Выполнение бизнес-плана/Кнопка Факт' is clicked on

03-03-2025T13:25:41 - [TEST_STEP][PASSED] - println("a=" + a): null

03-03-2025T13:25:41 - [TEST_STEP][PASSED] - if (a == 84 || a == 82): null

03-03-2025T13:25:41 - [TEST_STEP][PASSED] - page = getText(findTestObject("Выполнение бизнес-плана/textPlanFact")): Text of object 'Object Repository/Выполнение бизнес-плана/textPlanFact' is: '%
8.68 8.68
7.90 7.90
План
Факт
1
100'

03-03-2025T13:25:42 - [MESSAGE][PASSED] - Text of object 'Object Repository/Выполнение бизнес-плана/textPlanFact' is: '%
8.68 8.68
7.90 7.90
План
Факт
1
100'

03-03-2025T13:25:42 - [TEST_STEP][PASSED] - page = page.replaceAll("\n", "_"): null

03-03-2025T13:25:42 - [TEST_STEP][PASSED] - page = page.substring(page.indexOf("_") + 1, page.length()): null

03-03-2025T13:25:42 - [TEST_STEP][PASSED] - page1 = page.substring(0, page.indexOf("_")): null

03-03-2025T13:25:42 - [TEST_STEP][PASSED] - page1 = page.substring(0, page.indexOf(" ")): null

03-03-2025T13:25:42 - [TEST_STEP][PASSED] - page2 = page.substring(page.indexOf("_") + 1, page.length()): null

03-03-2025T13:25:42 - [TEST_STEP][PASSED] - page2 = page2.substring(0, page.indexOf("_")): null

03-03-2025T13:25:42 - [TEST_STEP][PASSED] - page2 = page2.substring(0, page.indexOf(" ")): null

03-03-2025T13:25:42 - [TEST_STEP][PASSED] - println("page1: " + page1): null

03-03-2025T13:25:42 - [TEST_STEP][PASSED] - println("page2: " + page2): null

03-03-2025T13:25:42 - [TEST_STEP][PASSED] - file = findTestData("PlanFact").getValue(4, a): null

03-03-2025T13:25:42 - [TEST_STEP][PASSED] - file = file.replace(",", "."): null

03-03-2025T13:25:42 - [TEST_STEP][PASSED] - println("file Plan: " + file): null

03-03-2025T13:25:42 - [TEST_STEP][PASSED] - typeOfData = "План в процентах": null

03-03-2025T13:25:42 - [TEST_STEP][PASSED] - fileDouble = file.toDouble(): null

03-03-2025T13:25:42 - [TEST_STEP][PASSED] - pageDouble = page1.toDouble(): null

03-03-2025T13:25:42 - [TEST_STEP][PASSED] - if (fileDouble != pageDouble): null

03-03-2025T13:25:42 - [TEST_STEP][PASSED] - numberOfErrors = numberOfErrors + 1: null

03-03-2025T13:25:42 - [TEST_STEP][PASSED] - Script1718980020443.WriteToExcel(a, typeOfData, todaysDate, pageInt, fileInt, pageDouble, fileDouble, dZO): null

03-03-2025T13:25:42 - [TEST_STEP][PASSED] - sheetName = "Sheet1": null

03-03-2025T13:25:42 - [TEST_STEP][PASSED] - data = findTestData("PlanFact"): null

03-03-2025T13:25:42 - [TEST_STEP][PASSED] - n = data.getRowNumbers() + 1: null

03-03-2025T13:25:42 - [TEST_STEP][PASSED] - day = ")).toInteger(): null

03-03-2025T13:25:42 - [TEST_STEP][PASSED] - println(day): null

03-03-2025T13:25:42 - [TEST_STEP][PASSED] - month = ")).toInteger(): null

03-03-2025T13:25:42 - [TEST_STEP][PASSED] - println(month): null

03-03-2025T13:25:42 - [TEST_STEP][PASSED] - y = <not implemented yet for class: org.codehaus.groovy.ast.expr.EmptyExpression>: null

03-03-2025T13:25:42 - [TEST_STEP][PASSED] - iy = <not implemented yet for class: org.codehaus.groovy.ast.expr.EmptyExpression>: null

03-03-2025T13:25:42 - [TEST_STEP][PASSED] - m = getText(findTestObject("Выполнение бизнес-плана/Период")): Text of object 'Object Repository/Выполнение бизнес-плана/Период' is: '2024 год'

03-03-2025T13:25:42 - [MESSAGE][PASSED] - Text of object 'Object Repository/Выполнение бизнес-плана/Период' is: '2024 год'

03-03-2025T13:25:42 - [TEST_STEP][PASSED] - iy = m.indexOf("20"): null

03-03-2025T13:25:42 - [TEST_STEP][PASSED] - if (iy > -1): null

03-03-2025T13:25:42 - [TEST_STEP][PASSED] - y = substring(iy, iy + 4).toInteger(): null

03-03-2025T13:25:42 - [TEST_STEP][PASSED] - println(y): null

03-03-2025T13:25:42 - [TEST_STEP][PASSED] - if (toString().length() == 4): null

03-03-2025T13:25:42 - [TEST_STEP][PASSED] - m = m.substring(0, m.indexOf(y.toString())): null

03-03-2025T13:25:42 - [TEST_STEP][PASSED] - m = m.trim(): null

03-03-2025T13:25:42 - [TEST_STEP][PASSED] - if (m == ""): null

03-03-2025T13:25:42 - [TEST_STEP][PASSED] - m = "весь год": null

03-03-2025T13:25:42 - [TEST_STEP][PASSED] - dashboardName = "Выполнение бизнес-плана": null

03-03-2025T13:25:42 - [TEST_STEP][PASSED] - workbook01 = getWorkbook(excelFilePath): null

03-03-2025T13:25:42 - [TEST_STEP][PASSED] - sheet01 = getExcelSheet(workbook01, sheetName): null

03-03-2025T13:25:42 - [TEST_STEP][PASSED] - setValueToCellByIndex(sheet01, n, 0, dashboardName): null

03-03-2025T13:25:42 - [TEST_STEP][PASSED] - setValueToCellByIndex(sheet01, n, 1, dZO): null

03-03-2025T13:25:42 - [TEST_STEP][PASSED] - setValueToCellByIndex(sheet01, n, 2, typeOfData): null

03-03-2025T13:25:42 - [TEST_STEP][PASSED] - if (typeOfData == "Факт в процентах" || typeOfData == "План в процентах"): null

03-03-2025T13:25:42 - [TEST_STEP][PASSED] - setValueToCellByIndex(sheet01, n, 3, fileDouble): null

03-03-2025T13:25:42 - [TEST_STEP][PASSED] - setValueToCellByIndex(sheet01, n, 4, pageDouble): null

03-03-2025T13:25:42 - [TEST_STEP][PASSED] - setValueToCellByIndex(sheet01, n, 5, m): null

03-03-2025T13:25:42 - [TEST_STEP][PASSED] - setValueToCellByIndex(sheet01, n, 6, y): null

03-03-2025T13:25:42 - [TEST_STEP][PASSED] - setValueToCellByIndex(sheet01, n, 7, todaysDate): null

03-03-2025T13:25:42 - [TEST_STEP][PASSED] - n = n + 1: null

03-03-2025T13:25:42 - [TEST_STEP][PASSED] - saveWorkbook(excelFilePath, workbook01): null

03-03-2025T13:25:42 - [TEST_STEP][PASSED] - file = findTestData("PlanFact").getValue(7, a): null

03-03-2025T13:25:42 - [TEST_STEP][PASSED] - file = file.replace(",", "."): null

03-03-2025T13:25:42 - [TEST_STEP][PASSED] - println("file Fact: " + file): null

03-03-2025T13:25:42 - [TEST_STEP][PASSED] - fileDouble = file.toDouble(): null

03-03-2025T13:25:42 - [TEST_STEP][PASSED] - typeOfData = "Факт в процентах": null

03-03-2025T13:25:42 - [TEST_STEP][PASSED] - fileDouble = file.toDouble(): null

03-03-2025T13:25:42 - [TEST_STEP][PASSED] - pageDouble = page2.toDouble(): null

03-03-2025T13:25:42 - [TEST_STEP][PASSED] - if (fileDouble != pageDouble): null

03-03-2025T13:25:42 - [TEST_STEP][PASSED] - numberOfErrors = numberOfErrors + 1: null

03-03-2025T13:25:42 - [TEST_STEP][PASSED] - Script1718980020443.WriteToExcel(a, typeOfData, todaysDate, pageInt, fileInt, pageDouble, fileDouble, dZO): null

03-03-2025T13:25:42 - [TEST_STEP][PASSED] - sheetName = "Sheet1": null

03-03-2025T13:25:42 - [TEST_STEP][PASSED] - data = findTestData("PlanFact"): null

03-03-2025T13:25:42 - [TEST_STEP][PASSED] - n = data.getRowNumbers() + 1: null

03-03-2025T13:25:42 - [TEST_STEP][PASSED] - day = ")).toInteger(): null

03-03-2025T13:25:42 - [TEST_STEP][PASSED] - println(day): null

03-03-2025T13:25:42 - [TEST_STEP][PASSED] - month = ")).toInteger(): null

03-03-2025T13:25:42 - [TEST_STEP][PASSED] - println(month): null

03-03-2025T13:25:42 - [TEST_STEP][PASSED] - y = <not implemented yet for class: org.codehaus.groovy.ast.expr.EmptyExpression>: null

03-03-2025T13:25:42 - [TEST_STEP][PASSED] - iy = <not implemented yet for class: org.codehaus.groovy.ast.expr.EmptyExpression>: null

03-03-2025T13:25:42 - [TEST_STEP][PASSED] - m = getText(findTestObject("Выполнение бизнес-плана/Период")): Text of object 'Object Repository/Выполнение бизнес-плана/Период' is: '2024 год'

03-03-2025T13:25:43 - [MESSAGE][PASSED] - Text of object 'Object Repository/Выполнение бизнес-плана/Период' is: '2024 год'

03-03-2025T13:25:43 - [TEST_STEP][PASSED] - iy = m.indexOf("20"): null

03-03-2025T13:25:43 - [TEST_STEP][PASSED] - if (iy > -1): null

03-03-2025T13:25:43 - [TEST_STEP][PASSED] - y = substring(iy, iy + 4).toInteger(): null

03-03-2025T13:25:43 - [TEST_STEP][PASSED] - println(y): null

03-03-2025T13:25:43 - [TEST_STEP][PASSED] - if (toString().length() == 4): null

03-03-2025T13:25:43 - [TEST_STEP][PASSED] - m = m.substring(0, m.indexOf(y.toString())): null

03-03-2025T13:25:43 - [TEST_STEP][PASSED] - m = m.trim(): null

03-03-2025T13:25:43 - [TEST_STEP][PASSED] - if (m == ""): null

03-03-2025T13:25:43 - [TEST_STEP][PASSED] - m = "весь год": null

03-03-2025T13:25:43 - [TEST_STEP][PASSED] - dashboardName = "Выполнение бизнес-плана": null

03-03-2025T13:25:43 - [TEST_STEP][PASSED] - workbook01 = getWorkbook(excelFilePath): null

03-03-2025T13:25:43 - [TEST_STEP][PASSED] - sheet01 = getExcelSheet(workbook01, sheetName): null

03-03-2025T13:25:43 - [TEST_STEP][PASSED] - setValueToCellByIndex(sheet01, n, 0, dashboardName): null

03-03-2025T13:25:43 - [TEST_STEP][PASSED] - setValueToCellByIndex(sheet01, n, 1, dZO): null

03-03-2025T13:25:43 - [TEST_STEP][PASSED] - setValueToCellByIndex(sheet01, n, 2, typeOfData): null

03-03-2025T13:25:43 - [TEST_STEP][PASSED] - if (typeOfData == "Факт в процентах" || typeOfData == "План в процентах"): null

03-03-2025T13:25:43 - [TEST_STEP][PASSED] - setValueToCellByIndex(sheet01, n, 3, fileDouble): null

03-03-2025T13:25:43 - [TEST_STEP][PASSED] - setValueToCellByIndex(sheet01, n, 4, pageDouble): null

03-03-2025T13:25:43 - [TEST_STEP][PASSED] - setValueToCellByIndex(sheet01, n, 5, m): null

03-03-2025T13:25:43 - [TEST_STEP][PASSED] - setValueToCellByIndex(sheet01, n, 6, y): null

03-03-2025T13:25:43 - [TEST_STEP][PASSED] - setValueToCellByIndex(sheet01, n, 7, todaysDate): null

03-03-2025T13:25:43 - [TEST_STEP][PASSED] - n = n + 1: null

03-03-2025T13:25:43 - [TEST_STEP][PASSED] - saveWorkbook(excelFilePath, workbook01): null

03-03-2025T13:25:43 - [TEST_STEP][FAILED] - if (verifyEqual(numberOfErrors, 0) == false): null

03-03-2025T13:25:43 - [MESSAGE][FAILED] - Unable to verify equal between actual object '6' and expected object '0' (Root cause: com.kms.katalon.core.exception.StepFailedException: Actual object '6' and expected object '0' are not equal
	at com.kms.katalon.core.keyword.builtin.VerifyEqualKeyword$_verifyEqual_closure1.doCall(VerifyEqualKeyword.groovy:58)
	at com.kms.katalon.core.keyword.builtin.VerifyEqualKeyword$_verifyEqual_closure1.call(VerifyEqualKeyword.groovy)
	at com.kms.katalon.core.keyword.internal.KeywordMain.runKeyword(KeywordMain.groovy:75)
	at com.kms.katalon.core.keyword.builtin.VerifyEqualKeyword.verifyEqual(VerifyEqualKeyword.groovy:63)
	at com.kms.katalon.core.keyword.builtin.VerifyEqualKeyword.execute(VerifyEqualKeyword.groovy:44)
	at com.kms.katalon.core.keyword.internal.KeywordExecutor.executeKeywordForPlatform(KeywordExecutor.groovy:74)
	at com.kms.katalon.core.keyword.BuiltinKeywords.verifyEqual(BuiltinKeywords.groovy:146)
	at jdk.internal.reflect.GeneratedMethodAccessor24.invoke(Unknown Source)
	at java.base/jdk.internal.reflect.DelegatingMethodAccessorImpl.invoke(DelegatingMethodAccessorImpl.java:43)
	at Выполнение бизнес-плана Сверка ПАО Россети все филиалы.Numbers(Выполнение бизнес-плана Сверка ПАО Россети все филиалы:736)
	at Выполнение бизнес-плана Сверка ПАО Россети все филиалы.run(Выполнение бизнес-плана Сверка ПАО Россети все филиалы:187)
	at com.kms.katalon.core.main.ScriptEngine.run(ScriptEngine.java:194)
	at com.kms.katalon.core.main.ScriptEngine.runScriptAsRawText(ScriptEngine.java:119)
	at com.kms.katalon.core.main.TestCaseExecutor.runScript(TestCaseExecutor.java:448)
	at com.kms.katalon.core.main.TestCaseExecutor.doExecute(TestCaseExecutor.java:439)
	at com.kms.katalon.core.main.TestCaseExecutor.processExecutionPhase(TestCaseExecutor.java:418)
	at com.kms.katalon.core.main.TestCaseExecutor.accessMainPhase(TestCaseExecutor.java:410)
	at com.kms.katalon.core.main.TestCaseExecutor.execute(TestCaseExecutor.java:285)
	at com.kms.katalon.core.common.CommonExecutor.accessTestCaseMainPhase(CommonExecutor.java:65)
	at com.kms.katalon.core.main.TestSuiteExecutor.accessTestSuiteMainPhase(TestSuiteExecutor.java:150)
	at com.kms.katalon.core.main.TestSuiteExecutor.execute(TestSuiteExecutor.java:106)
	at com.kms.katalon.core.main.TestCaseMain.startTestSuite(TestCaseMain.java:180)
	at TempTestSuite1740991900055.run(TempTestSuite1740991900055.groovy:35)
	at java.base/jdk.internal.reflect.NativeMethodAccessorImpl.invoke0(Native Method)
	at java.base/jdk.internal.reflect.NativeMethodAccessorImpl.invoke(NativeMethodAccessorImpl.java:77)
	at java.base/jdk.internal.reflect.DelegatingMethodAccessorImpl.invoke(DelegatingMethodAccessorImpl.java:43)
)

03-03-2025T13:25:43 - [TEST_STEP][PASSED] - println(numberOfErrors): null

03-03-2025T13:25:43 - [TEST_STEP][PASSED] - println("a=" + a): null

03-03-2025T13:25:43 - [TEST_STEP][PASSED] - if (a == 28 || a == 77 || a == 74 || a == 65 || a == 36 || a == 44 || a == 54 || a == 1 || a == 18 || a == 59): null

03-03-2025T13:25:43 - [TEST_STEP][PASSED] - if (a == 82): null

03-03-2025T13:25:43 - [TEST_STEP][PASSED] - Script1718980020443.OpenFilter(): null

03-03-2025T13:25:43 - [TEST_STEP][PASSED] - click(findTestObject("Object Repository/Выполнение бизнес-плана/Фильтр ДЗО")): Object: 'Object Repository/Выполнение бизнес-плана/Фильтр ДЗО' is clicked on

03-03-2025T13:25:43 - [MESSAGE][PASSED] - Object: 'Object Repository/Выполнение бизнес-плана/Фильтр ДЗО' is clicked on

03-03-2025T13:25:43 - [TEST_STEP][PASSED] - click(findTestObject("Выполнение бизнес-плана/Снять выделение в фильтре ДЗО")): null

03-03-2025T13:25:44 - [MESSAGE][PASSED] - Object: 'Object Repository/Выполнение бизнес-плана/Снять выделение в фильтре ДЗО' is clicked on

03-03-2025T13:25:44 - [TEST_STEP][PASSED] - Script1718980020443.CloseFilter(): null

03-03-2025T13:25:44 - [TEST_STEP][PASSED] - scrollToElement(findTestObject("Выполнение бизнес-плана/Заголовок дашборда"), 30): Scroll to object 'Object Repository/Выполнение бизнес-плана/Заголовок дашборда' successfully

03-03-2025T13:25:44 - [MESSAGE][PASSED] - Scroll to object 'Object Repository/Выполнение бизнес-плана/Заголовок дашборда' successfully

03-03-2025T13:25:44 - [TEST_STEP][PASSED] - click(findTestObject("Object Repository/Выполнение бизнес-плана/Применить в фильтре ДЗО")): null

03-03-2025T13:25:45 - [MESSAGE][PASSED] - Object: 'Object Repository/Выполнение бизнес-плана/Применить в фильтре ДЗО' is clicked on

03-03-2025T13:25:45 - [TEST_STEP][PASSED] - delay(20): Delayed 20 second(s)

03-03-2025T13:26:05 - [MESSAGE][PASSED] - Delayed 20 second(s)

03-03-2025T13:26:05 - [TEST_STEP][PASSED] - dZO = "АО «Тываэнерго»": null

03-03-2025T13:26:05 - [TEST_STEP][PASSED] - a = 52: null

03-03-2025T13:26:05 - [TEST_STEP][PASSED] - if (x1.contains("Тываэнерго")): null

03-03-2025T13:26:05 - [TEST_STEP][PASSED] - dzoNum = dzoNum + 1: null

03-03-2025T13:26:05 - [TEST_STEP][PASSED] - Script1718980020443.Numbers(a, typeOfData, todaysDate, pageInt, fileInt, pageDouble, fileDouble, dZO, dzoNum, filialNum): null

03-03-2025T13:26:05 - [TEST_STEP][PASSED] - println(dzoNum): null

03-03-2025T13:26:05 - [TEST_STEP][PASSED] - planFact = <not implemented yet for class: org.codehaus.groovy.ast.expr.EmptyExpression>: null

03-03-2025T13:26:05 - [TEST_STEP][PASSED] - page = <not implemented yet for class: org.codehaus.groovy.ast.expr.EmptyExpression>: null

03-03-2025T13:26:05 - [TEST_STEP][PASSED] - page1 = <not implemented yet for class: org.codehaus.groovy.ast.expr.EmptyExpression>: null

03-03-2025T13:26:05 - [TEST_STEP][PASSED] - page2 = <not implemented yet for class: org.codehaus.groovy.ast.expr.EmptyExpression>: null

03-03-2025T13:26:05 - [TEST_STEP][PASSED] - filialNumberInRow = <not implemented yet for class: org.codehaus.groovy.ast.expr.EmptyExpression>: null

03-03-2025T13:26:05 - [TEST_STEP][PASSED] - filialsDzoNames = <not implemented yet for class: org.codehaus.groovy.ast.expr.EmptyExpression>: null

03-03-2025T13:26:05 - [TEST_STEP][PASSED] - numberOfFilials = <not implemented yet for class: org.codehaus.groovy.ast.expr.EmptyExpression>: null

03-03-2025T13:26:05 - [TEST_STEP][PASSED] - numberOfSpaces = <not implemented yet for class: org.codehaus.groovy.ast.expr.EmptyExpression>: null

03-03-2025T13:26:05 - [TEST_STEP][PASSED] - file = <not implemented yet for class: org.codehaus.groovy.ast.expr.EmptyExpression>: null

03-03-2025T13:26:05 - [TEST_STEP][PASSED] - otpusk = <not implemented yet for class: org.codehaus.groovy.ast.expr.EmptyExpression>: null

03-03-2025T13:26:05 - [TEST_STEP][PASSED] - poteri = <not implemented yet for class: org.codehaus.groovy.ast.expr.EmptyExpression>: null

03-03-2025T13:26:05 - [TEST_STEP][PASSED] - dataFolder = "Выполнение бизнес-плана/Значения со страницы Выполнение бизнес-плана/": null

03-03-2025T13:26:05 - [TEST_STEP][PASSED] - path = <not implemented yet for class: org.codehaus.groovy.ast.expr.EmptyExpression>: null

03-03-2025T13:26:05 - [TEST_STEP][PASSED] - typeOfDataMain = <not implemented yet for class: org.codehaus.groovy.ast.expr.EmptyExpression>: null

03-03-2025T13:26:05 - [TEST_STEP][PASSED] - fileOtpuskVSet = <not implemented yet for class: org.codehaus.groovy.ast.expr.EmptyExpression>: null

03-03-2025T13:26:05 - [TEST_STEP][PASSED] - pageOtpuskVSet = <not implemented yet for class: org.codehaus.groovy.ast.expr.EmptyExpression>: null

03-03-2025T13:26:05 - [TEST_STEP][PASSED] - filePoteri = <not implemented yet for class: org.codehaus.groovy.ast.expr.EmptyExpression>: null

03-03-2025T13:26:05 - [TEST_STEP][PASSED] - pagePoteri = <not implemented yet for class: org.codehaus.groovy.ast.expr.EmptyExpression>: null

03-03-2025T13:26:05 - [TEST_STEP][PASSED] - compare = <not implemented yet for class: org.codehaus.groovy.ast.expr.EmptyExpression>: null

03-03-2025T13:26:05 - [TEST_STEP][PASSED] - b = <not implemented yet for class: org.codehaus.groovy.ast.expr.EmptyExpression>: null

03-03-2025T13:26:05 - [TEST_STEP][PASSED] - i = <not implemented yet for class: org.codehaus.groovy.ast.expr.EmptyExpression>: null

03-03-2025T13:26:05 - [TEST_STEP][PASSED] - ii = <not implemented yet for class: org.codehaus.groovy.ast.expr.EmptyExpression>: null

03-03-2025T13:26:05 - [TEST_STEP][PASSED] - c = <not implemented yet for class: org.codehaus.groovy.ast.expr.EmptyExpression>: null

03-03-2025T13:26:05 - [TEST_STEP][PASSED] - numberOfErrors = 0: null

03-03-2025T13:26:05 - [TEST_STEP][PASSED] - if (a == 82): null

03-03-2025T13:26:05 - [TEST_STEP][PASSED] - b = findTestData("PlanFact").getValue(1, a): null

03-03-2025T13:26:05 - [TEST_STEP][PASSED] - i = b.indexOf(" (ГК)"): null

03-03-2025T13:26:05 - [TEST_STEP][PASSED] - if (i > -1): null

03-03-2025T13:26:05 - [TEST_STEP][PASSED] - i = b.indexOf("О ""): null

03-03-2025T13:26:05 - [TEST_STEP][PASSED] - if (i > -1): null

03-03-2025T13:26:05 - [TEST_STEP][PASSED] - b = b.substring(i + 3, b.length()): null

03-03-2025T13:26:05 - [TEST_STEP][PASSED] - i = b.indexOf("""): null

03-03-2025T13:26:05 - [TEST_STEP][PASSED] - b = b.substring(0, i): null

03-03-2025T13:26:05 - [TEST_STEP][PASSED] - i = b.indexOf("О «"): null

03-03-2025T13:26:05 - [TEST_STEP][PASSED] - if (i > -1): null

03-03-2025T13:26:05 - [TEST_STEP][PASSED] - i = b.indexOf("г. "): null

03-03-2025T13:26:05 - [TEST_STEP][PASSED] - if (i > -1): null

03-03-2025T13:26:05 - [TEST_STEP][PASSED] - b = b.trim(): null

03-03-2025T13:26:05 - [TEST_STEP][PASSED] - println(b): null

03-03-2025T13:26:05 - [TEST_STEP][PASSED] - for ([planFact = 1, planFact < 3, (planFact++)]): null

03-03-2025T13:26:05 - [TEST_STEP][PASSED] - if (planFact == 1): null

03-03-2025T13:26:05 - [TEST_STEP][PASSED] - typeOfDataMain = "Факт": null

03-03-2025T13:26:05 - [TEST_STEP][PASSED] - otpusk = findTestData("PlanFact").getValue(5, a): null

03-03-2025T13:26:05 - [TEST_STEP][PASSED] - poteri = findTestData("PlanFact").getValue(6, a): null

03-03-2025T13:26:05 - [TEST_STEP][PASSED] - otpusk = otpusk.replaceAll("\s+", ""): null

03-03-2025T13:26:05 - [TEST_STEP][PASSED] - poteri = poteri.replaceAll("\s+", ""): null

03-03-2025T13:26:05 - [TEST_STEP][PASSED] - typeOfData = typeOfDataMain + " Отпуск в сеть": null

03-03-2025T13:26:05 - [TEST_STEP][PASSED] - if (a == 82): null

03-03-2025T13:26:05 - [TEST_STEP][PASSED] - else if (a == 84): null

03-03-2025T13:26:05 - [TEST_STEP][PASSED] - else if (a == 83 || a == 52 || a == 72 || a == 28 || a == 73 || a == 77 || a == 74 || a == 65 || a == 36 || a == 44 || a == 53 || a == 80 || a == 54 || a == 1 || a == 18 || a == 59 || a == 81): null

03-03-2025T13:26:05 - [TEST_STEP][PASSED] - path = dataFolder + "Table Data/" + typeOfData + " за отчётный период " + dzoNum: null

03-03-2025T13:26:05 - [TEST_STEP][PASSED] - println(path): null

03-03-2025T13:26:05 - [TEST_STEP][PASSED] - page = getText(findTestObject(path)): Text of object 'Object Repository/Выполнение бизнес-плана/Значения со страницы Выполнение бизнес-плана/Table Data/Факт Отпуск в сеть за отчётный период 2' is: '781 513'

03-03-2025T13:26:05 - [MESSAGE][PASSED] - Text of object 'Object Repository/Выполнение бизнес-плана/Значения со страницы Выполнение бизнес-плана/Table Data/Факт Отпуск в сеть за отчётный период 2' is: '781 513'

03-03-2025T13:26:05 - [TEST_STEP][PASSED] - if (page == "" || page == null): null

03-03-2025T13:26:05 - [TEST_STEP][PASSED] - else: null

03-03-2025T13:26:05 - [TEST_STEP][PASSED] - page = page.replaceAll("\s+", ""): null

03-03-2025T13:26:05 - [TEST_STEP][PASSED] - fileOtpuskVSet = otpusk.toInteger(): null

03-03-2025T13:26:05 - [TEST_STEP][PASSED] - pageOtpuskVSet = page.toInteger(): null

03-03-2025T13:26:05 - [TEST_STEP][PASSED] - typeOfData = typeOfDataMain + " Потери": null

03-03-2025T13:26:05 - [TEST_STEP][PASSED] - if (a == 82): null

03-03-2025T13:26:05 - [TEST_STEP][PASSED] - else if (a == 84): null

03-03-2025T13:26:05 - [TEST_STEP][PASSED] - else if (a == 83 || a == 52 || a == 72 || a == 28 || a == 73 || a == 77 || a == 74 || a == 65 || a == 44 || a == 53 || a == 80 || a == 54 || a == 1 || a == 18 || a == 59 || a == 81): null

03-03-2025T13:26:05 - [TEST_STEP][PASSED] - path = dataFolder + "Table Data/" + typeOfData + " за отчётный период " + dzoNum: null

03-03-2025T13:26:05 - [TEST_STEP][PASSED] - page = getText(findTestObject(path)): Text of object 'Object Repository/Выполнение бизнес-плана/Значения со страницы Выполнение бизнес-плана/Table Data/Факт Потери за отчётный период 2' is: '152 257'

03-03-2025T13:26:06 - [MESSAGE][PASSED] - Text of object 'Object Repository/Выполнение бизнес-плана/Значения со страницы Выполнение бизнес-плана/Table Data/Факт Потери за отчётный период 2' is: '152 257'

03-03-2025T13:26:06 - [TEST_STEP][PASSED] - if (page == "" || page == null): null

03-03-2025T13:26:06 - [TEST_STEP][PASSED] - else: null

03-03-2025T13:26:06 - [TEST_STEP][PASSED] - page = page.replaceAll("\s+", ""): null

03-03-2025T13:26:06 - [TEST_STEP][PASSED] - filePoteri = poteri.toInteger(): null

03-03-2025T13:26:06 - [TEST_STEP][PASSED] - pagePoteri = page.toInteger(): null

03-03-2025T13:26:06 - [TEST_STEP][PASSED] - compare = pageOtpuskVSet: null

03-03-2025T13:26:06 - [TEST_STEP][PASSED] - if (pageOtpuskVSet != null): null

03-03-2025T13:26:06 - [TEST_STEP][PASSED] - if (compare == fileOtpuskVSet): null

03-03-2025T13:26:06 - [TEST_STEP][PASSED] - else if (compare > fileOtpuskVSet): null

03-03-2025T13:26:06 - [TEST_STEP][PASSED] - else if (compare < fileOtpuskVSet): null

03-03-2025T13:26:06 - [TEST_STEP][PASSED] - compare = compare + 1: null

03-03-2025T13:26:06 - [TEST_STEP][PASSED] - if (compare == fileOtpuskVSet): null

03-03-2025T13:26:06 - [TEST_STEP][PASSED] - else: null

03-03-2025T13:26:06 - [TEST_STEP][PASSED] - numberOfErrors = numberOfErrors + 1: null

03-03-2025T13:26:06 - [TEST_STEP][PASSED] - pageInt = pageOtpuskVSet: null

03-03-2025T13:26:06 - [TEST_STEP][PASSED] - fileInt = fileOtpuskVSet: null

03-03-2025T13:26:06 - [TEST_STEP][PASSED] - typeOfData = typeOfDataMain + " Отпуск в сеть": null

03-03-2025T13:26:06 - [TEST_STEP][PASSED] - Script1718980020443.WriteToExcel(a, typeOfData, todaysDate, pageInt, fileInt, pageDouble, fileDouble, dZO): null

03-03-2025T13:26:06 - [TEST_STEP][PASSED] - sheetName = "Sheet1": null

03-03-2025T13:26:06 - [TEST_STEP][PASSED] - data = findTestData("PlanFact"): null

03-03-2025T13:26:06 - [TEST_STEP][PASSED] - n = data.getRowNumbers() + 1: null

03-03-2025T13:26:06 - [TEST_STEP][PASSED] - day = ")).toInteger(): null

03-03-2025T13:26:06 - [TEST_STEP][PASSED] - println(day): null

03-03-2025T13:26:06 - [TEST_STEP][PASSED] - month = ")).toInteger(): null

03-03-2025T13:26:06 - [TEST_STEP][PASSED] - println(month): null

03-03-2025T13:26:06 - [TEST_STEP][PASSED] - y = <not implemented yet for class: org.codehaus.groovy.ast.expr.EmptyExpression>: null

03-03-2025T13:26:06 - [TEST_STEP][PASSED] - iy = <not implemented yet for class: org.codehaus.groovy.ast.expr.EmptyExpression>: null

03-03-2025T13:26:06 - [TEST_STEP][PASSED] - m = getText(findTestObject("Выполнение бизнес-плана/Период")): Text of object 'Object Repository/Выполнение бизнес-плана/Период' is: '2024 год'

03-03-2025T13:26:06 - [MESSAGE][PASSED] - Text of object 'Object Repository/Выполнение бизнес-плана/Период' is: '2024 год'

03-03-2025T13:26:06 - [TEST_STEP][PASSED] - iy = m.indexOf("20"): null

03-03-2025T13:26:06 - [TEST_STEP][PASSED] - if (iy > -1): null

03-03-2025T13:26:06 - [TEST_STEP][PASSED] - y = substring(iy, iy + 4).toInteger(): null

03-03-2025T13:26:06 - [TEST_STEP][PASSED] - println(y): null

03-03-2025T13:26:06 - [TEST_STEP][PASSED] - if (toString().length() == 4): null

03-03-2025T13:26:06 - [TEST_STEP][PASSED] - m = m.substring(0, m.indexOf(y.toString())): null

03-03-2025T13:26:06 - [TEST_STEP][PASSED] - m = m.trim(): null

03-03-2025T13:26:06 - [TEST_STEP][PASSED] - if (m == ""): null

03-03-2025T13:26:06 - [TEST_STEP][PASSED] - m = "весь год": null

03-03-2025T13:26:06 - [TEST_STEP][PASSED] - dashboardName = "Выполнение бизнес-плана": null

03-03-2025T13:26:06 - [TEST_STEP][PASSED] - workbook01 = getWorkbook(excelFilePath): null

03-03-2025T13:26:06 - [TEST_STEP][PASSED] - sheet01 = getExcelSheet(workbook01, sheetName): null

03-03-2025T13:26:06 - [TEST_STEP][PASSED] - setValueToCellByIndex(sheet01, n, 0, dashboardName): null

03-03-2025T13:26:06 - [TEST_STEP][PASSED] - setValueToCellByIndex(sheet01, n, 1, dZO): null

03-03-2025T13:26:06 - [TEST_STEP][PASSED] - setValueToCellByIndex(sheet01, n, 2, typeOfData): null

03-03-2025T13:26:06 - [TEST_STEP][PASSED] - if (typeOfData == "Факт в процентах" || typeOfData == "План в процентах"): null

03-03-2025T13:26:06 - [TEST_STEP][PASSED] - else: null

03-03-2025T13:26:06 - [TEST_STEP][PASSED] - setValueToCellByIndex(sheet01, n, 3, fileInt): null

03-03-2025T13:26:06 - [TEST_STEP][PASSED] - setValueToCellByIndex(sheet01, n, 4, pageInt): null

03-03-2025T13:26:06 - [TEST_STEP][PASSED] - setValueToCellByIndex(sheet01, n, 5, m): null

03-03-2025T13:26:06 - [TEST_STEP][PASSED] - setValueToCellByIndex(sheet01, n, 6, y): null

03-03-2025T13:26:06 - [TEST_STEP][PASSED] - setValueToCellByIndex(sheet01, n, 7, todaysDate): null

03-03-2025T13:26:06 - [TEST_STEP][PASSED] - n = n + 1: null

03-03-2025T13:26:06 - [TEST_STEP][PASSED] - saveWorkbook(excelFilePath, workbook01): null

03-03-2025T13:26:06 - [TEST_STEP][PASSED] - compare = pagePoteri: null

03-03-2025T13:26:06 - [TEST_STEP][PASSED] - if (pageOtpuskVSet != null): null

03-03-2025T13:26:06 - [TEST_STEP][PASSED] - if (compare == filePoteri): null

03-03-2025T13:26:06 - [TEST_STEP][PASSED] - else if (compare > filePoteri): null

03-03-2025T13:26:06 - [TEST_STEP][PASSED] - else if (compare < filePoteri): null

03-03-2025T13:26:06 - [TEST_STEP][PASSED] - compare = compare + 1: null

03-03-2025T13:26:06 - [TEST_STEP][PASSED] - if (compare == filePoteri): null

03-03-2025T13:26:06 - [TEST_STEP][PASSED] - else: null

03-03-2025T13:26:06 - [TEST_STEP][PASSED] - numberOfErrors = numberOfErrors + 1: null

03-03-2025T13:26:06 - [TEST_STEP][PASSED] - pageInt = pagePoteri: null

03-03-2025T13:26:06 - [TEST_STEP][PASSED] - fileInt = filePoteri: null

03-03-2025T13:26:06 - [TEST_STEP][PASSED] - typeOfData = typeOfDataMain + " Потери": null

03-03-2025T13:26:06 - [TEST_STEP][PASSED] - Script1718980020443.WriteToExcel(a, typeOfData, todaysDate, pageInt, fileInt, pageDouble, fileDouble, dZO): null

03-03-2025T13:26:06 - [TEST_STEP][PASSED] - sheetName = "Sheet1": null

03-03-2025T13:26:06 - [TEST_STEP][PASSED] - data = findTestData("PlanFact"): null

03-03-2025T13:26:07 - [TEST_STEP][PASSED] - n = data.getRowNumbers() + 1: null

03-03-2025T13:26:07 - [TEST_STEP][PASSED] - day = ")).toInteger(): null

03-03-2025T13:26:07 - [TEST_STEP][PASSED] - println(day): null

03-03-2025T13:26:07 - [TEST_STEP][PASSED] - month = ")).toInteger(): null

03-03-2025T13:26:07 - [TEST_STEP][PASSED] - println(month): null

03-03-2025T13:26:07 - [TEST_STEP][PASSED] - y = <not implemented yet for class: org.codehaus.groovy.ast.expr.EmptyExpression>: null

03-03-2025T13:26:07 - [TEST_STEP][PASSED] - iy = <not implemented yet for class: org.codehaus.groovy.ast.expr.EmptyExpression>: null

03-03-2025T13:26:07 - [TEST_STEP][PASSED] - m = getText(findTestObject("Выполнение бизнес-плана/Период")): Text of object 'Object Repository/Выполнение бизнес-плана/Период' is: '2024 год'

03-03-2025T13:26:07 - [MESSAGE][PASSED] - Text of object 'Object Repository/Выполнение бизнес-плана/Период' is: '2024 год'

03-03-2025T13:26:07 - [TEST_STEP][PASSED] - iy = m.indexOf("20"): null

03-03-2025T13:26:07 - [TEST_STEP][PASSED] - if (iy > -1): null

03-03-2025T13:26:07 - [TEST_STEP][PASSED] - y = substring(iy, iy + 4).toInteger(): null

03-03-2025T13:26:07 - [TEST_STEP][PASSED] - println(y): null

03-03-2025T13:26:07 - [TEST_STEP][PASSED] - if (toString().length() == 4): null

03-03-2025T13:26:07 - [TEST_STEP][PASSED] - m = m.substring(0, m.indexOf(y.toString())): null

03-03-2025T13:26:07 - [TEST_STEP][PASSED] - m = m.trim(): null

03-03-2025T13:26:07 - [TEST_STEP][PASSED] - if (m == ""): null

03-03-2025T13:26:07 - [TEST_STEP][PASSED] - m = "весь год": null

03-03-2025T13:26:07 - [TEST_STEP][PASSED] - dashboardName = "Выполнение бизнес-плана": null

03-03-2025T13:26:07 - [TEST_STEP][PASSED] - workbook01 = getWorkbook(excelFilePath): null

03-03-2025T13:26:07 - [TEST_STEP][PASSED] - sheet01 = getExcelSheet(workbook01, sheetName): null

03-03-2025T13:26:07 - [TEST_STEP][PASSED] - setValueToCellByIndex(sheet01, n, 0, dashboardName): null

03-03-2025T13:26:07 - [TEST_STEP][PASSED] - setValueToCellByIndex(sheet01, n, 1, dZO): null

03-03-2025T13:26:07 - [TEST_STEP][PASSED] - setValueToCellByIndex(sheet01, n, 2, typeOfData): null

03-03-2025T13:26:07 - [TEST_STEP][PASSED] - if (typeOfData == "Факт в процентах" || typeOfData == "План в процентах"): null

03-03-2025T13:26:07 - [TEST_STEP][PASSED] - else: null

03-03-2025T13:26:07 - [TEST_STEP][PASSED] - setValueToCellByIndex(sheet01, n, 3, fileInt): null

03-03-2025T13:26:07 - [TEST_STEP][PASSED] - setValueToCellByIndex(sheet01, n, 4, pageInt): null

03-03-2025T13:26:07 - [TEST_STEP][PASSED] - setValueToCellByIndex(sheet01, n, 5, m): null

03-03-2025T13:26:07 - [TEST_STEP][PASSED] - setValueToCellByIndex(sheet01, n, 6, y): null

03-03-2025T13:26:07 - [TEST_STEP][PASSED] - setValueToCellByIndex(sheet01, n, 7, todaysDate): null

03-03-2025T13:26:07 - [TEST_STEP][PASSED] - n = n + 1: null

03-03-2025T13:26:07 - [TEST_STEP][PASSED] - saveWorkbook(excelFilePath, workbook01): null

03-03-2025T13:26:07 - [TEST_STEP][PASSED] - if (planFact == 2): null

03-03-2025T13:26:07 - [TEST_STEP][PASSED] - if (planFact == 1): null

03-03-2025T13:26:07 - [TEST_STEP][PASSED] - else if (planFact == 2): null

03-03-2025T13:26:07 - [TEST_STEP][PASSED] - click(findTestObject("Выполнение бизнес-плана/Кнопка План")): Object: 'Object Repository/Выполнение бизнес-плана/Кнопка План' is clicked on

03-03-2025T13:26:07 - [MESSAGE][PASSED] - Object: 'Object Repository/Выполнение бизнес-плана/Кнопка План' is clicked on

03-03-2025T13:26:07 - [TEST_STEP][PASSED] - typeOfDataMain = "План": null

03-03-2025T13:26:07 - [TEST_STEP][PASSED] - otpusk = findTestData("PlanFact").getValue(2, a): null

03-03-2025T13:26:07 - [TEST_STEP][PASSED] - poteri = findTestData("PlanFact").getValue(3, a): null

03-03-2025T13:26:08 - [TEST_STEP][PASSED] - otpusk = otpusk.replaceAll("\s+", ""): null

03-03-2025T13:26:08 - [TEST_STEP][PASSED] - poteri = poteri.replaceAll("\s+", ""): null

03-03-2025T13:26:08 - [TEST_STEP][PASSED] - typeOfData = typeOfDataMain + " Отпуск в сеть": null

03-03-2025T13:26:08 - [TEST_STEP][PASSED] - if (a == 82): null

03-03-2025T13:26:08 - [TEST_STEP][PASSED] - else if (a == 84): null

03-03-2025T13:26:08 - [TEST_STEP][PASSED] - else if (a == 83 || a == 52 || a == 72 || a == 28 || a == 73 || a == 77 || a == 74 || a == 65 || a == 36 || a == 44 || a == 53 || a == 80 || a == 54 || a == 1 || a == 18 || a == 59 || a == 81): null

03-03-2025T13:26:08 - [TEST_STEP][PASSED] - path = dataFolder + "Table Data/" + typeOfData + " за отчётный период " + dzoNum: null

03-03-2025T13:26:08 - [TEST_STEP][PASSED] - println(path): null

03-03-2025T13:26:08 - [TEST_STEP][PASSED] - page = getText(findTestObject(path)): Text of object 'Object Repository/Выполнение бизнес-плана/Значения со страницы Выполнение бизнес-плана/Table Data/План Отпуск в сеть за отчётный период 2' is: '780 138'

03-03-2025T13:26:08 - [MESSAGE][PASSED] - Text of object 'Object Repository/Выполнение бизнес-плана/Значения со страницы Выполнение бизнес-плана/Table Data/План Отпуск в сеть за отчётный период 2' is: '780 138'

03-03-2025T13:26:08 - [TEST_STEP][PASSED] - if (page == "" || page == null): null

03-03-2025T13:26:08 - [TEST_STEP][PASSED] - else: null

03-03-2025T13:26:08 - [TEST_STEP][PASSED] - page = page.replaceAll("\s+", ""): null

03-03-2025T13:26:08 - [TEST_STEP][PASSED] - fileOtpuskVSet = otpusk.toInteger(): null

03-03-2025T13:26:08 - [TEST_STEP][PASSED] - pageOtpuskVSet = page.toInteger(): null

03-03-2025T13:26:08 - [TEST_STEP][PASSED] - typeOfData = typeOfDataMain + " Потери": null

03-03-2025T13:26:08 - [TEST_STEP][PASSED] - if (a == 82): null

03-03-2025T13:26:08 - [TEST_STEP][PASSED] - else if (a == 84): null

03-03-2025T13:26:08 - [TEST_STEP][PASSED] - else if (a == 83 || a == 52 || a == 72 || a == 28 || a == 73 || a == 77 || a == 74 || a == 65 || a == 44 || a == 53 || a == 80 || a == 54 || a == 1 || a == 18 || a == 59 || a == 81): null

03-03-2025T13:26:08 - [TEST_STEP][PASSED] - path = dataFolder + "Table Data/" + typeOfData + " за отчётный период " + dzoNum: null

03-03-2025T13:26:08 - [TEST_STEP][PASSED] - page = getText(findTestObject(path)): Text of object 'Object Repository/Выполнение бизнес-плана/Значения со страницы Выполнение бизнес-плана/Table Data/План Потери за отчётный период 2' is: '217 392'

03-03-2025T13:26:08 - [MESSAGE][PASSED] - Text of object 'Object Repository/Выполнение бизнес-плана/Значения со страницы Выполнение бизнес-плана/Table Data/План Потери за отчётный период 2' is: '217 392'

03-03-2025T13:26:08 - [TEST_STEP][PASSED] - if (page == "" || page == null): null

03-03-2025T13:26:08 - [TEST_STEP][PASSED] - else: null

03-03-2025T13:26:08 - [TEST_STEP][PASSED] - page = page.replaceAll("\s+", ""): null

03-03-2025T13:26:08 - [TEST_STEP][PASSED] - filePoteri = poteri.toInteger(): null

03-03-2025T13:26:08 - [TEST_STEP][PASSED] - pagePoteri = page.toInteger(): null

03-03-2025T13:26:08 - [TEST_STEP][PASSED] - compare = pageOtpuskVSet: null

03-03-2025T13:26:08 - [TEST_STEP][PASSED] - if (pageOtpuskVSet != null): null

03-03-2025T13:26:08 - [TEST_STEP][PASSED] - if (compare == fileOtpuskVSet): null

03-03-2025T13:26:08 - [TEST_STEP][PASSED] - else if (compare > fileOtpuskVSet): null

03-03-2025T13:26:08 - [TEST_STEP][PASSED] - compare = compare - 1: null

03-03-2025T13:26:08 - [TEST_STEP][PASSED] - if (compare == fileOtpuskVSet): null

03-03-2025T13:26:08 - [TEST_STEP][PASSED] - else: null

03-03-2025T13:26:08 - [TEST_STEP][PASSED] - numberOfErrors = numberOfErrors + 1: null

03-03-2025T13:26:08 - [TEST_STEP][PASSED] - pageInt = pageOtpuskVSet: null

03-03-2025T13:26:08 - [TEST_STEP][PASSED] - fileInt = fileOtpuskVSet: null

03-03-2025T13:26:08 - [TEST_STEP][PASSED] - typeOfData = typeOfDataMain + " Отпуск в сеть": null

03-03-2025T13:26:08 - [TEST_STEP][PASSED] - Script1718980020443.WriteToExcel(a, typeOfData, todaysDate, pageInt, fileInt, pageDouble, fileDouble, dZO): null

03-03-2025T13:26:08 - [TEST_STEP][PASSED] - sheetName = "Sheet1": null

03-03-2025T13:26:08 - [TEST_STEP][PASSED] - data = findTestData("PlanFact"): null

03-03-2025T13:26:08 - [TEST_STEP][PASSED] - n = data.getRowNumbers() + 1: null

03-03-2025T13:26:08 - [TEST_STEP][PASSED] - day = ")).toInteger(): null

03-03-2025T13:26:08 - [TEST_STEP][PASSED] - println(day): null

03-03-2025T13:26:08 - [TEST_STEP][PASSED] - month = ")).toInteger(): null

03-03-2025T13:26:08 - [TEST_STEP][PASSED] - println(month): null

03-03-2025T13:26:08 - [TEST_STEP][PASSED] - y = <not implemented yet for class: org.codehaus.groovy.ast.expr.EmptyExpression>: null

03-03-2025T13:26:08 - [TEST_STEP][PASSED] - iy = <not implemented yet for class: org.codehaus.groovy.ast.expr.EmptyExpression>: null

03-03-2025T13:26:08 - [TEST_STEP][PASSED] - m = getText(findTestObject("Выполнение бизнес-плана/Период")): Text of object 'Object Repository/Выполнение бизнес-плана/Период' is: '2024 год'

03-03-2025T13:26:09 - [MESSAGE][PASSED] - Text of object 'Object Repository/Выполнение бизнес-плана/Период' is: '2024 год'

03-03-2025T13:26:09 - [TEST_STEP][PASSED] - iy = m.indexOf("20"): null

03-03-2025T13:26:09 - [TEST_STEP][PASSED] - if (iy > -1): null

03-03-2025T13:26:09 - [TEST_STEP][PASSED] - y = substring(iy, iy + 4).toInteger(): null

03-03-2025T13:26:09 - [TEST_STEP][PASSED] - println(y): null

03-03-2025T13:26:09 - [TEST_STEP][PASSED] - if (toString().length() == 4): null

03-03-2025T13:26:09 - [TEST_STEP][PASSED] - m = m.substring(0, m.indexOf(y.toString())): null

03-03-2025T13:26:09 - [TEST_STEP][PASSED] - m = m.trim(): null

03-03-2025T13:26:09 - [TEST_STEP][PASSED] - if (m == ""): null

03-03-2025T13:26:09 - [TEST_STEP][PASSED] - m = "весь год": null

03-03-2025T13:26:09 - [TEST_STEP][PASSED] - dashboardName = "Выполнение бизнес-плана": null

03-03-2025T13:26:09 - [TEST_STEP][PASSED] - workbook01 = getWorkbook(excelFilePath): null

03-03-2025T13:26:09 - [TEST_STEP][PASSED] - sheet01 = getExcelSheet(workbook01, sheetName): null

03-03-2025T13:26:09 - [TEST_STEP][PASSED] - setValueToCellByIndex(sheet01, n, 0, dashboardName): null

03-03-2025T13:26:09 - [TEST_STEP][PASSED] - setValueToCellByIndex(sheet01, n, 1, dZO): null

03-03-2025T13:26:09 - [TEST_STEP][PASSED] - setValueToCellByIndex(sheet01, n, 2, typeOfData): null

03-03-2025T13:26:09 - [TEST_STEP][PASSED] - if (typeOfData == "Факт в процентах" || typeOfData == "План в процентах"): null

03-03-2025T13:26:09 - [TEST_STEP][PASSED] - else: null

03-03-2025T13:26:09 - [TEST_STEP][PASSED] - setValueToCellByIndex(sheet01, n, 3, fileInt): null

03-03-2025T13:26:09 - [TEST_STEP][PASSED] - setValueToCellByIndex(sheet01, n, 4, pageInt): null

03-03-2025T13:26:09 - [TEST_STEP][PASSED] - setValueToCellByIndex(sheet01, n, 5, m): null

03-03-2025T13:26:09 - [TEST_STEP][PASSED] - setValueToCellByIndex(sheet01, n, 6, y): null

03-03-2025T13:26:09 - [TEST_STEP][PASSED] - setValueToCellByIndex(sheet01, n, 7, todaysDate): null

03-03-2025T13:26:09 - [TEST_STEP][PASSED] - n = n + 1: null

03-03-2025T13:26:09 - [TEST_STEP][PASSED] - saveWorkbook(excelFilePath, workbook01): null

03-03-2025T13:26:09 - [TEST_STEP][PASSED] - compare = pagePoteri: null

03-03-2025T13:26:09 - [TEST_STEP][PASSED] - if (pageOtpuskVSet != null): null

03-03-2025T13:26:09 - [TEST_STEP][PASSED] - if (compare == filePoteri): null

03-03-2025T13:26:09 - [TEST_STEP][PASSED] - else if (compare > filePoteri): null

03-03-2025T13:26:09 - [TEST_STEP][PASSED] - compare = compare - 1: null

03-03-2025T13:26:09 - [TEST_STEP][PASSED] - if (compare == filePoteri): null

03-03-2025T13:26:09 - [TEST_STEP][PASSED] - else: null

03-03-2025T13:26:09 - [TEST_STEP][PASSED] - numberOfErrors = numberOfErrors + 1: null

03-03-2025T13:26:09 - [TEST_STEP][PASSED] - pageInt = pagePoteri: null

03-03-2025T13:26:09 - [TEST_STEP][PASSED] - fileInt = filePoteri: null

03-03-2025T13:26:09 - [TEST_STEP][PASSED] - typeOfData = typeOfDataMain + " Потери": null

03-03-2025T13:26:09 - [TEST_STEP][PASSED] - Script1718980020443.WriteToExcel(a, typeOfData, todaysDate, pageInt, fileInt, pageDouble, fileDouble, dZO): null

03-03-2025T13:26:09 - [TEST_STEP][PASSED] - sheetName = "Sheet1": null

03-03-2025T13:26:09 - [TEST_STEP][PASSED] - data = findTestData("PlanFact"): null

03-03-2025T13:26:09 - [TEST_STEP][PASSED] - n = data.getRowNumbers() + 1: null

03-03-2025T13:26:09 - [TEST_STEP][PASSED] - day = ")).toInteger(): null

03-03-2025T13:26:09 - [TEST_STEP][PASSED] - println(day): null

03-03-2025T13:26:09 - [TEST_STEP][PASSED] - month = ")).toInteger(): null

03-03-2025T13:26:09 - [TEST_STEP][PASSED] - println(month): null

03-03-2025T13:26:09 - [TEST_STEP][PASSED] - y = <not implemented yet for class: org.codehaus.groovy.ast.expr.EmptyExpression>: null

03-03-2025T13:26:09 - [TEST_STEP][PASSED] - iy = <not implemented yet for class: org.codehaus.groovy.ast.expr.EmptyExpression>: null

03-03-2025T13:26:09 - [TEST_STEP][PASSED] - m = getText(findTestObject("Выполнение бизнес-плана/Период")): Text of object 'Object Repository/Выполнение бизнес-плана/Период' is: '2024 год'

03-03-2025T13:26:09 - [MESSAGE][PASSED] - Text of object 'Object Repository/Выполнение бизнес-плана/Период' is: '2024 год'

03-03-2025T13:26:09 - [TEST_STEP][PASSED] - iy = m.indexOf("20"): null

03-03-2025T13:26:09 - [TEST_STEP][PASSED] - if (iy > -1): null

03-03-2025T13:26:09 - [TEST_STEP][PASSED] - y = substring(iy, iy + 4).toInteger(): null

03-03-2025T13:26:09 - [TEST_STEP][PASSED] - println(y): null

03-03-2025T13:26:09 - [TEST_STEP][PASSED] - if (toString().length() == 4): null

03-03-2025T13:26:09 - [TEST_STEP][PASSED] - m = m.substring(0, m.indexOf(y.toString())): null

03-03-2025T13:26:09 - [TEST_STEP][PASSED] - m = m.trim(): null

03-03-2025T13:26:09 - [TEST_STEP][PASSED] - if (m == ""): null

03-03-2025T13:26:09 - [TEST_STEP][PASSED] - m = "весь год": null

03-03-2025T13:26:09 - [TEST_STEP][PASSED] - dashboardName = "Выполнение бизнес-плана": null

03-03-2025T13:26:09 - [TEST_STEP][PASSED] - workbook01 = getWorkbook(excelFilePath): null

03-03-2025T13:26:09 - [TEST_STEP][PASSED] - sheet01 = getExcelSheet(workbook01, sheetName): null

03-03-2025T13:26:09 - [TEST_STEP][PASSED] - setValueToCellByIndex(sheet01, n, 0, dashboardName): null

03-03-2025T13:26:09 - [TEST_STEP][PASSED] - setValueToCellByIndex(sheet01, n, 1, dZO): null

03-03-2025T13:26:09 - [TEST_STEP][PASSED] - setValueToCellByIndex(sheet01, n, 2, typeOfData): null

03-03-2025T13:26:09 - [TEST_STEP][PASSED] - if (typeOfData == "Факт в процентах" || typeOfData == "План в процентах"): null

03-03-2025T13:26:09 - [TEST_STEP][PASSED] - else: null

03-03-2025T13:26:09 - [TEST_STEP][PASSED] - setValueToCellByIndex(sheet01, n, 3, fileInt): null

03-03-2025T13:26:09 - [TEST_STEP][PASSED] - setValueToCellByIndex(sheet01, n, 4, pageInt): null

03-03-2025T13:26:09 - [TEST_STEP][PASSED] - setValueToCellByIndex(sheet01, n, 5, m): null

03-03-2025T13:26:09 - [TEST_STEP][PASSED] - setValueToCellByIndex(sheet01, n, 6, y): null

03-03-2025T13:26:09 - [TEST_STEP][PASSED] - setValueToCellByIndex(sheet01, n, 7, todaysDate): null

03-03-2025T13:26:09 - [TEST_STEP][PASSED] - n = n + 1: null

03-03-2025T13:26:09 - [TEST_STEP][PASSED] - saveWorkbook(excelFilePath, workbook01): Object: 'Object Repository/Выполнение бизнес-плана/Кнопка Факт' is clicked on

03-03-2025T13:26:09 - [TEST_STEP][PASSED] - if (planFact == 2): Object: 'Object Repository/Выполнение бизнес-плана/Кнопка Факт' is clicked on

03-03-2025T13:26:09 - [TEST_STEP][PASSED] - click(findTestObject("Выполнение бизнес-плана/Кнопка Факт")): Object: 'Object Repository/Выполнение бизнес-плана/Кнопка Факт' is clicked on

03-03-2025T13:26:10 - [MESSAGE][PASSED] - Object: 'Object Repository/Выполнение бизнес-плана/Кнопка Факт' is clicked on

03-03-2025T13:26:10 - [TEST_STEP][PASSED] - println("a=" + a): null

03-03-2025T13:26:10 - [TEST_STEP][PASSED] - if (a == 84 || a == 82): null

03-03-2025T13:26:10 - [TEST_STEP][PASSED] - else if (a == 83 || a == 52 || a == 72 || a == 28 || a == 73 || a == 77 || a == 74 || a == 65 || a == 36 || a == 44 || a == 53 || a == 80 || a == 54 || a == 1 || a == 18 || a == 59 || a == 81): null

03-03-2025T13:26:10 - [TEST_STEP][PASSED] - page1 = getText(findTestObject("Object Repository/Выполнение бизнес-плана/spanPlan" + dzoNum)): Text of object 'Object Repository/Выполнение бизнес-плана/spanPlan2' is: '27.87
|'

03-03-2025T13:26:10 - [MESSAGE][PASSED] - Text of object 'Object Repository/Выполнение бизнес-плана/spanPlan2' is: '27.87
|'

03-03-2025T13:26:10 - [TEST_STEP][PASSED] - page1 = page1.replace("|", ""): null

03-03-2025T13:26:10 - [TEST_STEP][PASSED] - page2 = getText(findTestObject("Object Repository/Выполнение бизнес-плана/spanFact" + dzoNum)): Text of object 'Object Repository/Выполнение бизнес-плана/spanFact2' is: '19.48'

03-03-2025T13:26:10 - [MESSAGE][PASSED] - Text of object 'Object Repository/Выполнение бизнес-плана/spanFact2' is: '19.48'

03-03-2025T13:26:10 - [TEST_STEP][PASSED] - page2 = page2.replace("|", ""): null

03-03-2025T13:26:10 - [TEST_STEP][PASSED] - println("page1: " + page1): null

03-03-2025T13:26:10 - [TEST_STEP][PASSED] - println("page2: " + page2): null

03-03-2025T13:26:10 - [TEST_STEP][PASSED] - file = findTestData("PlanFact").getValue(4, a): null

03-03-2025T13:26:10 - [TEST_STEP][PASSED] - file = file.replace(",", "."): null

03-03-2025T13:26:10 - [TEST_STEP][PASSED] - println("file Plan: " + file): null

03-03-2025T13:26:10 - [TEST_STEP][PASSED] - typeOfData = "План в процентах": null

03-03-2025T13:26:10 - [TEST_STEP][PASSED] - fileDouble = file.toDouble(): null

03-03-2025T13:26:10 - [TEST_STEP][PASSED] - pageDouble = page1.toDouble(): null

03-03-2025T13:26:10 - [TEST_STEP][PASSED] - if (fileDouble != pageDouble): null

03-03-2025T13:26:10 - [TEST_STEP][PASSED] - numberOfErrors = numberOfErrors + 1: null

03-03-2025T13:26:10 - [TEST_STEP][PASSED] - Script1718980020443.WriteToExcel(a, typeOfData, todaysDate, pageInt, fileInt, pageDouble, fileDouble, dZO): null

03-03-2025T13:26:10 - [TEST_STEP][PASSED] - sheetName = "Sheet1": null

03-03-2025T13:26:10 - [TEST_STEP][PASSED] - data = findTestData("PlanFact"): null

03-03-2025T13:26:10 - [TEST_STEP][PASSED] - n = data.getRowNumbers() + 1: null

03-03-2025T13:26:10 - [TEST_STEP][PASSED] - day = ")).toInteger(): null

03-03-2025T13:26:10 - [TEST_STEP][PASSED] - println(day): null

03-03-2025T13:26:10 - [TEST_STEP][PASSED] - month = ")).toInteger(): null

03-03-2025T13:26:10 - [TEST_STEP][PASSED] - println(month): null

03-03-2025T13:26:10 - [TEST_STEP][PASSED] - y = <not implemented yet for class: org.codehaus.groovy.ast.expr.EmptyExpression>: null

03-03-2025T13:26:10 - [TEST_STEP][PASSED] - iy = <not implemented yet for class: org.codehaus.groovy.ast.expr.EmptyExpression>: null

03-03-2025T13:26:10 - [TEST_STEP][PASSED] - m = getText(findTestObject("Выполнение бизнес-плана/Период")): Text of object 'Object Repository/Выполнение бизнес-плана/Период' is: '2024 год'

03-03-2025T13:26:11 - [MESSAGE][PASSED] - Text of object 'Object Repository/Выполнение бизнес-плана/Период' is: '2024 год'

03-03-2025T13:26:11 - [TEST_STEP][PASSED] - iy = m.indexOf("20"): null

03-03-2025T13:26:11 - [TEST_STEP][PASSED] - if (iy > -1): null

03-03-2025T13:26:11 - [TEST_STEP][PASSED] - y = substring(iy, iy + 4).toInteger(): null

03-03-2025T13:26:11 - [TEST_STEP][PASSED] - println(y): null

03-03-2025T13:26:11 - [TEST_STEP][PASSED] - if (toString().length() == 4): null

03-03-2025T13:26:11 - [TEST_STEP][PASSED] - m = m.substring(0, m.indexOf(y.toString())): null

03-03-2025T13:26:11 - [TEST_STEP][PASSED] - m = m.trim(): null

03-03-2025T13:26:11 - [TEST_STEP][PASSED] - if (m == ""): null

03-03-2025T13:26:11 - [TEST_STEP][PASSED] - m = "весь год": null

03-03-2025T13:26:11 - [TEST_STEP][PASSED] - dashboardName = "Выполнение бизнес-плана": null

03-03-2025T13:26:11 - [TEST_STEP][PASSED] - workbook01 = getWorkbook(excelFilePath): null

03-03-2025T13:26:11 - [TEST_STEP][PASSED] - sheet01 = getExcelSheet(workbook01, sheetName): null

03-03-2025T13:26:11 - [TEST_STEP][PASSED] - setValueToCellByIndex(sheet01, n, 0, dashboardName): null

03-03-2025T13:26:11 - [TEST_STEP][PASSED] - setValueToCellByIndex(sheet01, n, 1, dZO): null

03-03-2025T13:26:11 - [TEST_STEP][PASSED] - setValueToCellByIndex(sheet01, n, 2, typeOfData): null

03-03-2025T13:26:11 - [TEST_STEP][PASSED] - if (typeOfData == "Факт в процентах" || typeOfData == "План в процентах"): null

03-03-2025T13:26:11 - [TEST_STEP][PASSED] - setValueToCellByIndex(sheet01, n, 3, fileDouble): null

03-03-2025T13:26:11 - [TEST_STEP][PASSED] - setValueToCellByIndex(sheet01, n, 4, pageDouble): null

03-03-2025T13:26:11 - [TEST_STEP][PASSED] - setValueToCellByIndex(sheet01, n, 5, m): null

03-03-2025T13:26:11 - [TEST_STEP][PASSED] - setValueToCellByIndex(sheet01, n, 6, y): null

03-03-2025T13:26:11 - [TEST_STEP][PASSED] - setValueToCellByIndex(sheet01, n, 7, todaysDate): null

03-03-2025T13:26:11 - [TEST_STEP][PASSED] - n = n + 1: null

03-03-2025T13:26:11 - [TEST_STEP][PASSED] - saveWorkbook(excelFilePath, workbook01): null

03-03-2025T13:26:11 - [TEST_STEP][PASSED] - file = findTestData("PlanFact").getValue(7, a): null

03-03-2025T13:26:11 - [TEST_STEP][PASSED] - file = file.replace(",", "."): null

03-03-2025T13:26:11 - [TEST_STEP][PASSED] - println("file Fact: " + file): null

03-03-2025T13:26:11 - [TEST_STEP][PASSED] - fileDouble = file.toDouble(): null

03-03-2025T13:26:11 - [TEST_STEP][PASSED] - typeOfData = "Факт в процентах": null

03-03-2025T13:26:11 - [TEST_STEP][PASSED] - fileDouble = file.toDouble(): null

03-03-2025T13:26:11 - [TEST_STEP][PASSED] - pageDouble = page2.toDouble(): null

03-03-2025T13:26:11 - [TEST_STEP][PASSED] - if (fileDouble != pageDouble): null

03-03-2025T13:26:11 - [TEST_STEP][PASSED] - numberOfErrors = numberOfErrors + 1: null

03-03-2025T13:26:11 - [TEST_STEP][PASSED] - Script1718980020443.WriteToExcel(a, typeOfData, todaysDate, pageInt, fileInt, pageDouble, fileDouble, dZO): null

03-03-2025T13:26:11 - [TEST_STEP][PASSED] - sheetName = "Sheet1": null

03-03-2025T13:26:11 - [TEST_STEP][PASSED] - data = findTestData("PlanFact"): null

03-03-2025T13:26:11 - [TEST_STEP][PASSED] - n = data.getRowNumbers() + 1: null

03-03-2025T13:26:11 - [TEST_STEP][PASSED] - day = ")).toInteger(): null

03-03-2025T13:26:11 - [TEST_STEP][PASSED] - println(day): null

03-03-2025T13:26:11 - [TEST_STEP][PASSED] - month = ")).toInteger(): null

03-03-2025T13:26:11 - [TEST_STEP][PASSED] - println(month): null

03-03-2025T13:26:11 - [TEST_STEP][PASSED] - y = <not implemented yet for class: org.codehaus.groovy.ast.expr.EmptyExpression>: null

03-03-2025T13:26:11 - [TEST_STEP][PASSED] - iy = <not implemented yet for class: org.codehaus.groovy.ast.expr.EmptyExpression>: null

03-03-2025T13:26:11 - [TEST_STEP][PASSED] - m = getText(findTestObject("Выполнение бизнес-плана/Период")): Text of object 'Object Repository/Выполнение бизнес-плана/Период' is: '2024 год'

03-03-2025T13:26:11 - [MESSAGE][PASSED] - Text of object 'Object Repository/Выполнение бизнес-плана/Период' is: '2024 год'

03-03-2025T13:26:11 - [TEST_STEP][PASSED] - iy = m.indexOf("20"): null

03-03-2025T13:26:11 - [TEST_STEP][PASSED] - if (iy > -1): null

03-03-2025T13:26:11 - [TEST_STEP][PASSED] - y = substring(iy, iy + 4).toInteger(): null

03-03-2025T13:26:11 - [TEST_STEP][PASSED] - println(y): null

03-03-2025T13:26:11 - [TEST_STEP][PASSED] - if (toString().length() == 4): null

03-03-2025T13:26:11 - [TEST_STEP][PASSED] - m = m.substring(0, m.indexOf(y.toString())): null

03-03-2025T13:26:11 - [TEST_STEP][PASSED] - m = m.trim(): null

03-03-2025T13:26:11 - [TEST_STEP][PASSED] - if (m == ""): null

03-03-2025T13:26:11 - [TEST_STEP][PASSED] - m = "весь год": null

03-03-2025T13:26:11 - [TEST_STEP][PASSED] - dashboardName = "Выполнение бизнес-плана": null

03-03-2025T13:26:11 - [TEST_STEP][PASSED] - workbook01 = getWorkbook(excelFilePath): null

03-03-2025T13:26:11 - [TEST_STEP][PASSED] - sheet01 = getExcelSheet(workbook01, sheetName): null

03-03-2025T13:26:11 - [TEST_STEP][PASSED] - setValueToCellByIndex(sheet01, n, 0, dashboardName): null

03-03-2025T13:26:11 - [TEST_STEP][PASSED] - setValueToCellByIndex(sheet01, n, 1, dZO): null

03-03-2025T13:26:11 - [TEST_STEP][PASSED] - setValueToCellByIndex(sheet01, n, 2, typeOfData): null

03-03-2025T13:26:11 - [TEST_STEP][PASSED] - if (typeOfData == "Факт в процентах" || typeOfData == "План в процентах"): null

03-03-2025T13:26:11 - [TEST_STEP][PASSED] - setValueToCellByIndex(sheet01, n, 3, fileDouble): null

03-03-2025T13:26:11 - [TEST_STEP][PASSED] - setValueToCellByIndex(sheet01, n, 4, pageDouble): null

03-03-2025T13:26:11 - [TEST_STEP][PASSED] - setValueToCellByIndex(sheet01, n, 5, m): null

03-03-2025T13:26:11 - [TEST_STEP][PASSED] - setValueToCellByIndex(sheet01, n, 6, y): null

03-03-2025T13:26:11 - [TEST_STEP][PASSED] - setValueToCellByIndex(sheet01, n, 7, todaysDate): null

03-03-2025T13:26:11 - [TEST_STEP][PASSED] - n = n + 1: null

03-03-2025T13:26:11 - [TEST_STEP][PASSED] - saveWorkbook(excelFilePath, workbook01): null

03-03-2025T13:26:12 - [TEST_STEP][FAILED] - if (verifyEqual(numberOfErrors, 0) == false): null

03-03-2025T13:26:12 - [MESSAGE][FAILED] - Unable to verify equal between actual object '6' and expected object '0' (Root cause: com.kms.katalon.core.exception.StepFailedException: Actual object '6' and expected object '0' are not equal
	at com.kms.katalon.core.keyword.builtin.VerifyEqualKeyword$_verifyEqual_closure1.doCall(VerifyEqualKeyword.groovy:58)
	at com.kms.katalon.core.keyword.builtin.VerifyEqualKeyword$_verifyEqual_closure1.call(VerifyEqualKeyword.groovy)
	at com.kms.katalon.core.keyword.internal.KeywordMain.runKeyword(KeywordMain.groovy:75)
	at com.kms.katalon.core.keyword.builtin.VerifyEqualKeyword.verifyEqual(VerifyEqualKeyword.groovy:63)
	at com.kms.katalon.core.keyword.builtin.VerifyEqualKeyword.execute(VerifyEqualKeyword.groovy:44)
	at com.kms.katalon.core.keyword.internal.KeywordExecutor.executeKeywordForPlatform(KeywordExecutor.groovy:74)
	at com.kms.katalon.core.keyword.BuiltinKeywords.verifyEqual(BuiltinKeywords.groovy:146)
	at jdk.internal.reflect.GeneratedMethodAccessor24.invoke(Unknown Source)
	at java.base/jdk.internal.reflect.DelegatingMethodAccessorImpl.invoke(DelegatingMethodAccessorImpl.java:43)
	at Выполнение бизнес-плана Сверка ПАО Россети все филиалы.Numbers(Выполнение бизнес-плана Сверка ПАО Россети все филиалы:736)
	at Выполнение бизнес-плана Сверка ПАО Россети все филиалы.run(Выполнение бизнес-плана Сверка ПАО Россети все филиалы:196)
	at com.kms.katalon.core.main.ScriptEngine.run(ScriptEngine.java:194)
	at com.kms.katalon.core.main.ScriptEngine.runScriptAsRawText(ScriptEngine.java:119)
	at com.kms.katalon.core.main.TestCaseExecutor.runScript(TestCaseExecutor.java:448)
	at com.kms.katalon.core.main.TestCaseExecutor.doExecute(TestCaseExecutor.java:439)
	at com.kms.katalon.core.main.TestCaseExecutor.processExecutionPhase(TestCaseExecutor.java:418)
	at com.kms.katalon.core.main.TestCaseExecutor.accessMainPhase(TestCaseExecutor.java:410)
	at com.kms.katalon.core.main.TestCaseExecutor.execute(TestCaseExecutor.java:285)
	at com.kms.katalon.core.common.CommonExecutor.accessTestCaseMainPhase(CommonExecutor.java:65)
	at com.kms.katalon.core.main.TestSuiteExecutor.accessTestSuiteMainPhase(TestSuiteExecutor.java:150)
	at com.kms.katalon.core.main.TestSuiteExecutor.execute(TestSuiteExecutor.java:106)
	at com.kms.katalon.core.main.TestCaseMain.startTestSuite(TestCaseMain.java:180)
	at TempTestSuite1740991900055.run(TempTestSuite1740991900055.groovy:35)
	at java.base/jdk.internal.reflect.NativeMethodAccessorImpl.invoke0(Native Method)
	at java.base/jdk.internal.reflect.NativeMethodAccessorImpl.invoke(NativeMethodAccessorImpl.java:77)
	at java.base/jdk.internal.reflect.DelegatingMethodAccessorImpl.invoke(DelegatingMethodAccessorImpl.java:43)
)

03-03-2025T13:26:12 - [TEST_STEP][PASSED] - println(numberOfErrors): null

03-03-2025T13:26:12 - [TEST_STEP][PASSED] - println("a=" + a): null

03-03-2025T13:26:12 - [TEST_STEP][PASSED] - if (a == 28 || a == 77 || a == 74 || a == 65 || a == 36 || a == 44 || a == 54 || a == 1 || a == 18 || a == 59): null

03-03-2025T13:26:12 - [TEST_STEP][PASSED] - if (a == 82): null

03-03-2025T13:26:12 - [TEST_STEP][PASSED] - println(dzoNum): null

03-03-2025T13:26:12 - [TEST_STEP][PASSED] - dZO = "АО «Чеченэнерго»": null

03-03-2025T13:26:12 - [TEST_STEP][PASSED] - a = 72: null

03-03-2025T13:26:12 - [TEST_STEP][PASSED] - if (x1.contains("Чеченэнерго")): null

03-03-2025T13:26:12 - [TEST_STEP][PASSED] - dzoNum = dzoNum + 1: null

03-03-2025T13:26:12 - [TEST_STEP][PASSED] - Script1718980020443.Numbers(a, typeOfData, todaysDate, pageInt, fileInt, pageDouble, fileDouble, dZO, dzoNum, filialNum): null

03-03-2025T13:26:12 - [TEST_STEP][PASSED] - println(dzoNum): null

03-03-2025T13:26:12 - [TEST_STEP][PASSED] - planFact = <not implemented yet for class: org.codehaus.groovy.ast.expr.EmptyExpression>: null

03-03-2025T13:26:12 - [TEST_STEP][PASSED] - page = <not implemented yet for class: org.codehaus.groovy.ast.expr.EmptyExpression>: null

03-03-2025T13:26:12 - [TEST_STEP][PASSED] - page1 = <not implemented yet for class: org.codehaus.groovy.ast.expr.EmptyExpression>: null

03-03-2025T13:26:12 - [TEST_STEP][PASSED] - page2 = <not implemented yet for class: org.codehaus.groovy.ast.expr.EmptyExpression>: null

03-03-2025T13:26:12 - [TEST_STEP][PASSED] - filialNumberInRow = <not implemented yet for class: org.codehaus.groovy.ast.expr.EmptyExpression>: null

03-03-2025T13:26:12 - [TEST_STEP][PASSED] - filialsDzoNames = <not implemented yet for class: org.codehaus.groovy.ast.expr.EmptyExpression>: null

03-03-2025T13:26:12 - [TEST_STEP][PASSED] - numberOfFilials = <not implemented yet for class: org.codehaus.groovy.ast.expr.EmptyExpression>: null

03-03-2025T13:26:12 - [TEST_STEP][PASSED] - numberOfSpaces = <not implemented yet for class: org.codehaus.groovy.ast.expr.EmptyExpression>: null

03-03-2025T13:26:12 - [TEST_STEP][PASSED] - file = <not implemented yet for class: org.codehaus.groovy.ast.expr.EmptyExpression>: null

03-03-2025T13:26:12 - [TEST_STEP][PASSED] - otpusk = <not implemented yet for class: org.codehaus.groovy.ast.expr.EmptyExpression>: null

03-03-2025T13:26:12 - [TEST_STEP][PASSED] - poteri = <not implemented yet for class: org.codehaus.groovy.ast.expr.EmptyExpression>: null

03-03-2025T13:26:12 - [TEST_STEP][PASSED] - dataFolder = "Выполнение бизнес-плана/Значения со страницы Выполнение бизнес-плана/": null

03-03-2025T13:26:12 - [TEST_STEP][PASSED] - path = <not implemented yet for class: org.codehaus.groovy.ast.expr.EmptyExpression>: null

03-03-2025T13:26:12 - [TEST_STEP][PASSED] - typeOfDataMain = <not implemented yet for class: org.codehaus.groovy.ast.expr.EmptyExpression>: null

03-03-2025T13:26:12 - [TEST_STEP][PASSED] - fileOtpuskVSet = <not implemented yet for class: org.codehaus.groovy.ast.expr.EmptyExpression>: null

03-03-2025T13:26:12 - [TEST_STEP][PASSED] - pageOtpuskVSet = <not implemented yet for class: org.codehaus.groovy.ast.expr.EmptyExpression>: null

03-03-2025T13:26:12 - [TEST_STEP][PASSED] - filePoteri = <not implemented yet for class: org.codehaus.groovy.ast.expr.EmptyExpression>: null

03-03-2025T13:26:12 - [TEST_STEP][PASSED] - pagePoteri = <not implemented yet for class: org.codehaus.groovy.ast.expr.EmptyExpression>: null

03-03-2025T13:26:12 - [TEST_STEP][PASSED] - compare = <not implemented yet for class: org.codehaus.groovy.ast.expr.EmptyExpression>: null

03-03-2025T13:26:12 - [TEST_STEP][PASSED] - b = <not implemented yet for class: org.codehaus.groovy.ast.expr.EmptyExpression>: null

03-03-2025T13:26:12 - [TEST_STEP][PASSED] - i = <not implemented yet for class: org.codehaus.groovy.ast.expr.EmptyExpression>: null

03-03-2025T13:26:12 - [TEST_STEP][PASSED] - ii = <not implemented yet for class: org.codehaus.groovy.ast.expr.EmptyExpression>: null

03-03-2025T13:26:12 - [TEST_STEP][PASSED] - c = <not implemented yet for class: org.codehaus.groovy.ast.expr.EmptyExpression>: null

03-03-2025T13:26:12 - [TEST_STEP][PASSED] - numberOfErrors = 0: null

03-03-2025T13:26:12 - [TEST_STEP][PASSED] - if (a == 82): null

03-03-2025T13:26:12 - [TEST_STEP][PASSED] - b = findTestData("PlanFact").getValue(1, a): null

03-03-2025T13:26:12 - [TEST_STEP][PASSED] - i = b.indexOf(" (ГК)"): null

03-03-2025T13:26:12 - [TEST_STEP][PASSED] - if (i > -1): null

03-03-2025T13:26:12 - [TEST_STEP][PASSED] - i = b.indexOf("О ""): null

03-03-2025T13:26:12 - [TEST_STEP][PASSED] - if (i > -1): null

03-03-2025T13:26:12 - [TEST_STEP][PASSED] - b = b.substring(i + 3, b.length()): null

03-03-2025T13:26:12 - [TEST_STEP][PASSED] - i = b.indexOf("""): null

03-03-2025T13:26:12 - [TEST_STEP][PASSED] - b = b.substring(0, i): null

03-03-2025T13:26:12 - [TEST_STEP][PASSED] - i = b.indexOf("О «"): null

03-03-2025T13:26:12 - [TEST_STEP][PASSED] - if (i > -1): null

03-03-2025T13:26:12 - [TEST_STEP][PASSED] - i = b.indexOf("г. "): null

03-03-2025T13:26:12 - [TEST_STEP][PASSED] - if (i > -1): null

03-03-2025T13:26:12 - [TEST_STEP][PASSED] - b = b.trim(): null

03-03-2025T13:26:12 - [TEST_STEP][PASSED] - println(b): null

03-03-2025T13:26:12 - [TEST_STEP][PASSED] - for ([planFact = 1, planFact < 3, (planFact++)]): null

03-03-2025T13:26:12 - [TEST_STEP][PASSED] - if (planFact == 1): null

03-03-2025T13:26:12 - [TEST_STEP][PASSED] - typeOfDataMain = "Факт": null

03-03-2025T13:26:12 - [TEST_STEP][PASSED] - otpusk = findTestData("PlanFact").getValue(5, a): null

03-03-2025T13:26:12 - [TEST_STEP][PASSED] - poteri = findTestData("PlanFact").getValue(6, a): null

03-03-2025T13:26:12 - [TEST_STEP][PASSED] - otpusk = otpusk.replaceAll("\s+", ""): null

03-03-2025T13:26:12 - [TEST_STEP][PASSED] - poteri = poteri.replaceAll("\s+", ""): null

03-03-2025T13:26:12 - [TEST_STEP][PASSED] - typeOfData = typeOfDataMain + " Отпуск в сеть": null

03-03-2025T13:26:12 - [TEST_STEP][PASSED] - if (a == 82): null

03-03-2025T13:26:12 - [TEST_STEP][PASSED] - else if (a == 84): null

03-03-2025T13:26:12 - [TEST_STEP][PASSED] - else if (a == 83 || a == 52 || a == 72 || a == 28 || a == 73 || a == 77 || a == 74 || a == 65 || a == 36 || a == 44 || a == 53 || a == 80 || a == 54 || a == 1 || a == 18 || a == 59 || a == 81): null

03-03-2025T13:26:12 - [TEST_STEP][PASSED] - path = dataFolder + "Table Data/" + typeOfData + " за отчётный период " + dzoNum: null

03-03-2025T13:26:12 - [TEST_STEP][PASSED] - println(path): null

03-03-2025T13:26:12 - [TEST_STEP][PASSED] - page = getText(findTestObject(path)): Text of object 'Object Repository/Выполнение бизнес-плана/Значения со страницы Выполнение бизнес-плана/Table Data/Факт Отпуск в сеть за отчётный период 3' is: '3 993 904'

03-03-2025T13:26:12 - [MESSAGE][PASSED] - Text of object 'Object Repository/Выполнение бизнес-плана/Значения со страницы Выполнение бизнес-плана/Table Data/Факт Отпуск в сеть за отчётный период 3' is: '3 993 904'

03-03-2025T13:26:12 - [TEST_STEP][PASSED] - if (page == "" || page == null): null

03-03-2025T13:26:12 - [TEST_STEP][PASSED] - else: null

03-03-2025T13:26:12 - [TEST_STEP][PASSED] - page = page.replaceAll("\s+", ""): null

03-03-2025T13:26:12 - [TEST_STEP][PASSED] - fileOtpuskVSet = otpusk.toInteger(): null

03-03-2025T13:26:12 - [TEST_STEP][PASSED] - pageOtpuskVSet = page.toInteger(): null

03-03-2025T13:26:12 - [TEST_STEP][PASSED] - typeOfData = typeOfDataMain + " Потери": null

03-03-2025T13:26:12 - [TEST_STEP][PASSED] - if (a == 82): null

03-03-2025T13:26:12 - [TEST_STEP][PASSED] - else if (a == 84): null

03-03-2025T13:26:12 - [TEST_STEP][PASSED] - else if (a == 83 || a == 52 || a == 72 || a == 28 || a == 73 || a == 77 || a == 74 || a == 65 || a == 44 || a == 53 || a == 80 || a == 54 || a == 1 || a == 18 || a == 59 || a == 81): null

03-03-2025T13:26:12 - [TEST_STEP][PASSED] - path = dataFolder + "Table Data/" + typeOfData + " за отчётный период " + dzoNum: null

03-03-2025T13:26:12 - [TEST_STEP][PASSED] - page = getText(findTestObject(path)): Text of object 'Object Repository/Выполнение бизнес-плана/Значения со страницы Выполнение бизнес-плана/Table Data/Факт Потери за отчётный период 3' is: '1 461 332'

03-03-2025T13:26:12 - [MESSAGE][PASSED] - Text of object 'Object Repository/Выполнение бизнес-плана/Значения со страницы Выполнение бизнес-плана/Table Data/Факт Потери за отчётный период 3' is: '1 461 332'

03-03-2025T13:26:12 - [TEST_STEP][PASSED] - if (page == "" || page == null): null

03-03-2025T13:26:12 - [TEST_STEP][PASSED] - else: null

03-03-2025T13:26:12 - [TEST_STEP][PASSED] - page = page.replaceAll("\s+", ""): null

03-03-2025T13:26:12 - [TEST_STEP][PASSED] - filePoteri = poteri.toInteger(): null

03-03-2025T13:26:12 - [TEST_STEP][PASSED] - pagePoteri = page.toInteger(): null

03-03-2025T13:26:12 - [TEST_STEP][PASSED] - compare = pageOtpuskVSet: null

03-03-2025T13:26:12 - [TEST_STEP][PASSED] - if (pageOtpuskVSet != null): null

03-03-2025T13:26:12 - [TEST_STEP][PASSED] - if (compare == fileOtpuskVSet): null

03-03-2025T13:26:12 - [TEST_STEP][PASSED] - else if (compare > fileOtpuskVSet): null

03-03-2025T13:26:12 - [TEST_STEP][PASSED] - compare = compare - 1: null

03-03-2025T13:26:12 - [TEST_STEP][PASSED] - if (compare == fileOtpuskVSet): null

03-03-2025T13:26:12 - [TEST_STEP][PASSED] - else: null

03-03-2025T13:26:12 - [TEST_STEP][PASSED] - numberOfErrors = numberOfErrors + 1: null

03-03-2025T13:26:12 - [TEST_STEP][PASSED] - pageInt = pageOtpuskVSet: null

03-03-2025T13:26:12 - [TEST_STEP][PASSED] - fileInt = fileOtpuskVSet: null

03-03-2025T13:26:12 - [TEST_STEP][PASSED] - typeOfData = typeOfDataMain + " Отпуск в сеть": null

03-03-2025T13:26:12 - [TEST_STEP][PASSED] - Script1718980020443.WriteToExcel(a, typeOfData, todaysDate, pageInt, fileInt, pageDouble, fileDouble, dZO): null

03-03-2025T13:26:12 - [TEST_STEP][PASSED] - sheetName = "Sheet1": null

03-03-2025T13:26:12 - [TEST_STEP][PASSED] - data = findTestData("PlanFact"): null

03-03-2025T13:26:12 - [TEST_STEP][PASSED] - n = data.getRowNumbers() + 1: null

03-03-2025T13:26:12 - [TEST_STEP][PASSED] - day = ")).toInteger(): null

03-03-2025T13:26:12 - [TEST_STEP][PASSED] - println(day): null

03-03-2025T13:26:12 - [TEST_STEP][PASSED] - month = ")).toInteger(): null

03-03-2025T13:26:12 - [TEST_STEP][PASSED] - println(month): null

03-03-2025T13:26:12 - [TEST_STEP][PASSED] - y = <not implemented yet for class: org.codehaus.groovy.ast.expr.EmptyExpression>: null

03-03-2025T13:26:12 - [TEST_STEP][PASSED] - iy = <not implemented yet for class: org.codehaus.groovy.ast.expr.EmptyExpression>: null

03-03-2025T13:26:12 - [TEST_STEP][PASSED] - m = getText(findTestObject("Выполнение бизнес-плана/Период")): Text of object 'Object Repository/Выполнение бизнес-плана/Период' is: '2024 год'

03-03-2025T13:26:13 - [MESSAGE][PASSED] - Text of object 'Object Repository/Выполнение бизнес-плана/Период' is: '2024 год'

03-03-2025T13:26:13 - [TEST_STEP][PASSED] - iy = m.indexOf("20"): null

03-03-2025T13:26:13 - [TEST_STEP][PASSED] - if (iy > -1): null

03-03-2025T13:26:13 - [TEST_STEP][PASSED] - y = substring(iy, iy + 4).toInteger(): null

03-03-2025T13:26:13 - [TEST_STEP][PASSED] - println(y): null

03-03-2025T13:26:13 - [TEST_STEP][PASSED] - if (toString().length() == 4): null

03-03-2025T13:26:13 - [TEST_STEP][PASSED] - m = m.substring(0, m.indexOf(y.toString())): null

03-03-2025T13:26:13 - [TEST_STEP][PASSED] - m = m.trim(): null

03-03-2025T13:26:13 - [TEST_STEP][PASSED] - if (m == ""): null

03-03-2025T13:26:13 - [TEST_STEP][PASSED] - m = "весь год": null

03-03-2025T13:26:13 - [TEST_STEP][PASSED] - dashboardName = "Выполнение бизнес-плана": null

03-03-2025T13:26:13 - [TEST_STEP][PASSED] - workbook01 = getWorkbook(excelFilePath): null

03-03-2025T13:26:13 - [TEST_STEP][PASSED] - sheet01 = getExcelSheet(workbook01, sheetName): null

03-03-2025T13:26:13 - [TEST_STEP][PASSED] - setValueToCellByIndex(sheet01, n, 0, dashboardName): null

03-03-2025T13:26:13 - [TEST_STEP][PASSED] - setValueToCellByIndex(sheet01, n, 1, dZO): null

03-03-2025T13:26:13 - [TEST_STEP][PASSED] - setValueToCellByIndex(sheet01, n, 2, typeOfData): null

03-03-2025T13:26:13 - [TEST_STEP][PASSED] - if (typeOfData == "Факт в процентах" || typeOfData == "План в процентах"): null

03-03-2025T13:26:13 - [TEST_STEP][PASSED] - else: null

03-03-2025T13:26:13 - [TEST_STEP][PASSED] - setValueToCellByIndex(sheet01, n, 3, fileInt): null

03-03-2025T13:26:13 - [TEST_STEP][PASSED] - setValueToCellByIndex(sheet01, n, 4, pageInt): null

03-03-2025T13:26:13 - [TEST_STEP][PASSED] - setValueToCellByIndex(sheet01, n, 5, m): null

03-03-2025T13:26:13 - [TEST_STEP][PASSED] - setValueToCellByIndex(sheet01, n, 6, y): null

03-03-2025T13:26:13 - [TEST_STEP][PASSED] - setValueToCellByIndex(sheet01, n, 7, todaysDate): null

03-03-2025T13:26:13 - [TEST_STEP][PASSED] - n = n + 1: null

03-03-2025T13:26:13 - [TEST_STEP][PASSED] - saveWorkbook(excelFilePath, workbook01): null

03-03-2025T13:26:13 - [TEST_STEP][PASSED] - compare = pagePoteri: null

03-03-2025T13:26:13 - [TEST_STEP][PASSED] - if (pageOtpuskVSet != null): null

03-03-2025T13:26:13 - [TEST_STEP][PASSED] - if (compare == filePoteri): null

03-03-2025T13:26:13 - [TEST_STEP][PASSED] - else if (compare > filePoteri): null

03-03-2025T13:26:13 - [TEST_STEP][PASSED] - compare = compare - 1: null

03-03-2025T13:26:13 - [TEST_STEP][PASSED] - if (compare == filePoteri): null

03-03-2025T13:26:13 - [TEST_STEP][PASSED] - else: null

03-03-2025T13:26:13 - [TEST_STEP][PASSED] - numberOfErrors = numberOfErrors + 1: null

03-03-2025T13:26:13 - [TEST_STEP][PASSED] - pageInt = pagePoteri: null

03-03-2025T13:26:13 - [TEST_STEP][PASSED] - fileInt = filePoteri: null

03-03-2025T13:26:13 - [TEST_STEP][PASSED] - typeOfData = typeOfDataMain + " Потери": null

03-03-2025T13:26:13 - [TEST_STEP][PASSED] - Script1718980020443.WriteToExcel(a, typeOfData, todaysDate, pageInt, fileInt, pageDouble, fileDouble, dZO): null

03-03-2025T13:26:13 - [TEST_STEP][PASSED] - sheetName = "Sheet1": null

03-03-2025T13:26:13 - [TEST_STEP][PASSED] - data = findTestData("PlanFact"): null

03-03-2025T13:26:13 - [TEST_STEP][PASSED] - n = data.getRowNumbers() + 1: null

03-03-2025T13:26:13 - [TEST_STEP][PASSED] - day = ")).toInteger(): null

03-03-2025T13:26:13 - [TEST_STEP][PASSED] - println(day): null

03-03-2025T13:26:13 - [TEST_STEP][PASSED] - month = ")).toInteger(): null

03-03-2025T13:26:13 - [TEST_STEP][PASSED] - println(month): null

03-03-2025T13:26:13 - [TEST_STEP][PASSED] - y = <not implemented yet for class: org.codehaus.groovy.ast.expr.EmptyExpression>: null

03-03-2025T13:26:13 - [TEST_STEP][PASSED] - iy = <not implemented yet for class: org.codehaus.groovy.ast.expr.EmptyExpression>: null

03-03-2025T13:26:13 - [TEST_STEP][PASSED] - m = getText(findTestObject("Выполнение бизнес-плана/Период")): Text of object 'Object Repository/Выполнение бизнес-плана/Период' is: '2024 год'

03-03-2025T13:26:13 - [MESSAGE][PASSED] - Text of object 'Object Repository/Выполнение бизнес-плана/Период' is: '2024 год'

03-03-2025T13:26:13 - [TEST_STEP][PASSED] - iy = m.indexOf("20"): null

03-03-2025T13:26:13 - [TEST_STEP][PASSED] - if (iy > -1): null

03-03-2025T13:26:13 - [TEST_STEP][PASSED] - y = substring(iy, iy + 4).toInteger(): null

03-03-2025T13:26:13 - [TEST_STEP][PASSED] - println(y): null

03-03-2025T13:26:13 - [TEST_STEP][PASSED] - if (toString().length() == 4): null

03-03-2025T13:26:13 - [TEST_STEP][PASSED] - m = m.substring(0, m.indexOf(y.toString())): null

03-03-2025T13:26:13 - [TEST_STEP][PASSED] - m = m.trim(): null

03-03-2025T13:26:13 - [TEST_STEP][PASSED] - if (m == ""): null

03-03-2025T13:26:13 - [TEST_STEP][PASSED] - m = "весь год": null

03-03-2025T13:26:13 - [TEST_STEP][PASSED] - dashboardName = "Выполнение бизнес-плана": null

03-03-2025T13:26:13 - [TEST_STEP][PASSED] - workbook01 = getWorkbook(excelFilePath): null

03-03-2025T13:26:13 - [TEST_STEP][PASSED] - sheet01 = getExcelSheet(workbook01, sheetName): null

03-03-2025T13:26:13 - [TEST_STEP][PASSED] - setValueToCellByIndex(sheet01, n, 0, dashboardName): null

03-03-2025T13:26:13 - [TEST_STEP][PASSED] - setValueToCellByIndex(sheet01, n, 1, dZO): null

03-03-2025T13:26:13 - [TEST_STEP][PASSED] - setValueToCellByIndex(sheet01, n, 2, typeOfData): null

03-03-2025T13:26:13 - [TEST_STEP][PASSED] - if (typeOfData == "Факт в процентах" || typeOfData == "План в процентах"): null

03-03-2025T13:26:13 - [TEST_STEP][PASSED] - else: null

03-03-2025T13:26:13 - [TEST_STEP][PASSED] - setValueToCellByIndex(sheet01, n, 3, fileInt): null

03-03-2025T13:26:13 - [TEST_STEP][PASSED] - setValueToCellByIndex(sheet01, n, 4, pageInt): null

03-03-2025T13:26:13 - [TEST_STEP][PASSED] - setValueToCellByIndex(sheet01, n, 5, m): null

03-03-2025T13:26:13 - [TEST_STEP][PASSED] - setValueToCellByIndex(sheet01, n, 6, y): null

03-03-2025T13:26:13 - [TEST_STEP][PASSED] - setValueToCellByIndex(sheet01, n, 7, todaysDate): null

03-03-2025T13:26:13 - [TEST_STEP][PASSED] - n = n + 1: null

03-03-2025T13:26:13 - [TEST_STEP][PASSED] - saveWorkbook(excelFilePath, workbook01): null

03-03-2025T13:26:14 - [TEST_STEP][PASSED] - if (planFact == 2): null

03-03-2025T13:26:14 - [TEST_STEP][PASSED] - if (planFact == 1): null

03-03-2025T13:26:14 - [TEST_STEP][PASSED] - else if (planFact == 2): null

03-03-2025T13:26:14 - [TEST_STEP][PASSED] - click(findTestObject("Выполнение бизнес-плана/Кнопка План")): Object: 'Object Repository/Выполнение бизнес-плана/Кнопка План' is clicked on

03-03-2025T13:26:14 - [MESSAGE][PASSED] - Object: 'Object Repository/Выполнение бизнес-плана/Кнопка План' is clicked on

03-03-2025T13:26:14 - [TEST_STEP][PASSED] - typeOfDataMain = "План": null

03-03-2025T13:26:14 - [TEST_STEP][PASSED] - otpusk = findTestData("PlanFact").getValue(2, a): null

03-03-2025T13:26:14 - [TEST_STEP][PASSED] - poteri = findTestData("PlanFact").getValue(3, a): null

03-03-2025T13:26:14 - [TEST_STEP][PASSED] - otpusk = otpusk.replaceAll("\s+", ""): null

03-03-2025T13:26:14 - [TEST_STEP][PASSED] - poteri = poteri.replaceAll("\s+", ""): null

03-03-2025T13:26:14 - [TEST_STEP][PASSED] - typeOfData = typeOfDataMain + " Отпуск в сеть": null

03-03-2025T13:26:14 - [TEST_STEP][PASSED] - if (a == 82): null

03-03-2025T13:26:14 - [TEST_STEP][PASSED] - else if (a == 84): null

03-03-2025T13:26:14 - [TEST_STEP][PASSED] - else if (a == 83 || a == 52 || a == 72 || a == 28 || a == 73 || a == 77 || a == 74 || a == 65 || a == 36 || a == 44 || a == 53 || a == 80 || a == 54 || a == 1 || a == 18 || a == 59 || a == 81): null

03-03-2025T13:26:14 - [TEST_STEP][PASSED] - path = dataFolder + "Table Data/" + typeOfData + " за отчётный период " + dzoNum: null

03-03-2025T13:26:14 - [TEST_STEP][PASSED] - println(path): null

03-03-2025T13:26:14 - [TEST_STEP][PASSED] - page = getText(findTestObject(path)): Text of object 'Object Repository/Выполнение бизнес-плана/Значения со страницы Выполнение бизнес-плана/Table Data/План Отпуск в сеть за отчётный период 3' is: '3 741 707'

03-03-2025T13:26:14 - [MESSAGE][PASSED] - Text of object 'Object Repository/Выполнение бизнес-плана/Значения со страницы Выполнение бизнес-плана/Table Data/План Отпуск в сеть за отчётный период 3' is: '3 741 707'

03-03-2025T13:26:14 - [TEST_STEP][PASSED] - if (page == "" || page == null): null

03-03-2025T13:26:14 - [TEST_STEP][PASSED] - else: null

03-03-2025T13:26:14 - [TEST_STEP][PASSED] - page = page.replaceAll("\s+", ""): null

03-03-2025T13:26:14 - [TEST_STEP][PASSED] - fileOtpuskVSet = otpusk.toInteger(): null

03-03-2025T13:26:14 - [TEST_STEP][PASSED] - pageOtpuskVSet = page.toInteger(): null

03-03-2025T13:26:14 - [TEST_STEP][PASSED] - typeOfData = typeOfDataMain + " Потери": null

03-03-2025T13:26:14 - [TEST_STEP][PASSED] - if (a == 82): null

03-03-2025T13:26:14 - [TEST_STEP][PASSED] - else if (a == 84): null

03-03-2025T13:26:14 - [TEST_STEP][PASSED] - else if (a == 83 || a == 52 || a == 72 || a == 28 || a == 73 || a == 77 || a == 74 || a == 65 || a == 44 || a == 53 || a == 80 || a == 54 || a == 1 || a == 18 || a == 59 || a == 81): null

03-03-2025T13:26:14 - [TEST_STEP][PASSED] - path = dataFolder + "Table Data/" + typeOfData + " за отчётный период " + dzoNum: null

03-03-2025T13:26:14 - [TEST_STEP][PASSED] - page = getText(findTestObject(path)): Text of object 'Object Repository/Выполнение бизнес-плана/Значения со страницы Выполнение бизнес-плана/Table Data/План Потери за отчётный период 3' is: '1 259 524'

03-03-2025T13:26:15 - [MESSAGE][PASSED] - Text of object 'Object Repository/Выполнение бизнес-плана/Значения со страницы Выполнение бизнес-плана/Table Data/План Потери за отчётный период 3' is: '1 259 524'

03-03-2025T13:26:15 - [TEST_STEP][PASSED] - if (page == "" || page == null): null

03-03-2025T13:26:15 - [TEST_STEP][PASSED] - else: null

03-03-2025T13:26:15 - [TEST_STEP][PASSED] - page = page.replaceAll("\s+", ""): null

03-03-2025T13:26:15 - [TEST_STEP][PASSED] - filePoteri = poteri.toInteger(): null

03-03-2025T13:26:15 - [TEST_STEP][PASSED] - pagePoteri = page.toInteger(): null

03-03-2025T13:26:15 - [TEST_STEP][PASSED] - compare = pageOtpuskVSet: null

03-03-2025T13:26:15 - [TEST_STEP][PASSED] - if (pageOtpuskVSet != null): null

03-03-2025T13:26:15 - [TEST_STEP][PASSED] - if (compare == fileOtpuskVSet): null

03-03-2025T13:26:15 - [TEST_STEP][PASSED] - else if (compare > fileOtpuskVSet): null

03-03-2025T13:26:15 - [TEST_STEP][PASSED] - compare = compare - 1: null

03-03-2025T13:26:15 - [TEST_STEP][PASSED] - if (compare == fileOtpuskVSet): null

03-03-2025T13:26:15 - [TEST_STEP][PASSED] - else: null

03-03-2025T13:26:15 - [TEST_STEP][PASSED] - numberOfErrors = numberOfErrors + 1: null

03-03-2025T13:26:15 - [TEST_STEP][PASSED] - pageInt = pageOtpuskVSet: null

03-03-2025T13:26:15 - [TEST_STEP][PASSED] - fileInt = fileOtpuskVSet: null

03-03-2025T13:26:15 - [TEST_STEP][PASSED] - typeOfData = typeOfDataMain + " Отпуск в сеть": null

03-03-2025T13:26:15 - [TEST_STEP][PASSED] - Script1718980020443.WriteToExcel(a, typeOfData, todaysDate, pageInt, fileInt, pageDouble, fileDouble, dZO): null

03-03-2025T13:26:15 - [TEST_STEP][PASSED] - sheetName = "Sheet1": null

03-03-2025T13:26:15 - [TEST_STEP][PASSED] - data = findTestData("PlanFact"): null

03-03-2025T13:26:15 - [TEST_STEP][PASSED] - n = data.getRowNumbers() + 1: null

03-03-2025T13:26:15 - [TEST_STEP][PASSED] - day = ")).toInteger(): null

03-03-2025T13:26:15 - [TEST_STEP][PASSED] - println(day): null

03-03-2025T13:26:15 - [TEST_STEP][PASSED] - month = ")).toInteger(): null

03-03-2025T13:26:15 - [TEST_STEP][PASSED] - println(month): null

03-03-2025T13:26:15 - [TEST_STEP][PASSED] - y = <not implemented yet for class: org.codehaus.groovy.ast.expr.EmptyExpression>: null

03-03-2025T13:26:15 - [TEST_STEP][PASSED] - iy = <not implemented yet for class: org.codehaus.groovy.ast.expr.EmptyExpression>: null

03-03-2025T13:26:15 - [TEST_STEP][PASSED] - m = getText(findTestObject("Выполнение бизнес-плана/Период")): Text of object 'Object Repository/Выполнение бизнес-плана/Период' is: '2024 год'

03-03-2025T13:26:15 - [MESSAGE][PASSED] - Text of object 'Object Repository/Выполнение бизнес-плана/Период' is: '2024 год'

03-03-2025T13:26:15 - [TEST_STEP][PASSED] - iy = m.indexOf("20"): null

03-03-2025T13:26:15 - [TEST_STEP][PASSED] - if (iy > -1): null

03-03-2025T13:26:15 - [TEST_STEP][PASSED] - y = substring(iy, iy + 4).toInteger(): null

03-03-2025T13:26:15 - [TEST_STEP][PASSED] - println(y): null

03-03-2025T13:26:15 - [TEST_STEP][PASSED] - if (toString().length() == 4): null

03-03-2025T13:26:15 - [TEST_STEP][PASSED] - m = m.substring(0, m.indexOf(y.toString())): null

03-03-2025T13:26:15 - [TEST_STEP][PASSED] - m = m.trim(): null

03-03-2025T13:26:15 - [TEST_STEP][PASSED] - if (m == ""): null

03-03-2025T13:26:15 - [TEST_STEP][PASSED] - m = "весь год": null

03-03-2025T13:26:15 - [TEST_STEP][PASSED] - dashboardName = "Выполнение бизнес-плана": null

03-03-2025T13:26:15 - [TEST_STEP][PASSED] - workbook01 = getWorkbook(excelFilePath): null

03-03-2025T13:26:15 - [TEST_STEP][PASSED] - sheet01 = getExcelSheet(workbook01, sheetName): null

03-03-2025T13:26:15 - [TEST_STEP][PASSED] - setValueToCellByIndex(sheet01, n, 0, dashboardName): null

03-03-2025T13:26:15 - [TEST_STEP][PASSED] - setValueToCellByIndex(sheet01, n, 1, dZO): null

03-03-2025T13:26:15 - [TEST_STEP][PASSED] - setValueToCellByIndex(sheet01, n, 2, typeOfData): null

03-03-2025T13:26:15 - [TEST_STEP][PASSED] - if (typeOfData == "Факт в процентах" || typeOfData == "План в процентах"): null

03-03-2025T13:26:15 - [TEST_STEP][PASSED] - else: null

03-03-2025T13:26:15 - [TEST_STEP][PASSED] - setValueToCellByIndex(sheet01, n, 3, fileInt): null

03-03-2025T13:26:15 - [TEST_STEP][PASSED] - setValueToCellByIndex(sheet01, n, 4, pageInt): null

03-03-2025T13:26:15 - [TEST_STEP][PASSED] - setValueToCellByIndex(sheet01, n, 5, m): null

03-03-2025T13:26:15 - [TEST_STEP][PASSED] - setValueToCellByIndex(sheet01, n, 6, y): null

03-03-2025T13:26:15 - [TEST_STEP][PASSED] - setValueToCellByIndex(sheet01, n, 7, todaysDate): null

03-03-2025T13:26:15 - [TEST_STEP][PASSED] - n = n + 1: null

03-03-2025T13:26:15 - [TEST_STEP][PASSED] - saveWorkbook(excelFilePath, workbook01): null

03-03-2025T13:26:15 - [TEST_STEP][PASSED] - compare = pagePoteri: null

03-03-2025T13:26:15 - [TEST_STEP][PASSED] - if (pageOtpuskVSet != null): null

03-03-2025T13:26:15 - [TEST_STEP][PASSED] - if (compare == filePoteri): null

03-03-2025T13:26:15 - [TEST_STEP][PASSED] - else if (compare > filePoteri): null

03-03-2025T13:26:15 - [TEST_STEP][PASSED] - compare = compare - 1: null

03-03-2025T13:26:15 - [TEST_STEP][PASSED] - if (compare == filePoteri): null

03-03-2025T13:26:15 - [TEST_STEP][PASSED] - else: null

03-03-2025T13:26:15 - [TEST_STEP][PASSED] - numberOfErrors = numberOfErrors + 1: null

03-03-2025T13:26:15 - [TEST_STEP][PASSED] - pageInt = pagePoteri: null

03-03-2025T13:26:15 - [TEST_STEP][PASSED] - fileInt = filePoteri: null

03-03-2025T13:26:15 - [TEST_STEP][PASSED] - typeOfData = typeOfDataMain + " Потери": null

03-03-2025T13:26:15 - [TEST_STEP][PASSED] - Script1718980020443.WriteToExcel(a, typeOfData, todaysDate, pageInt, fileInt, pageDouble, fileDouble, dZO): null

03-03-2025T13:26:15 - [TEST_STEP][PASSED] - sheetName = "Sheet1": null

03-03-2025T13:26:15 - [TEST_STEP][PASSED] - data = findTestData("PlanFact"): null

03-03-2025T13:26:15 - [TEST_STEP][PASSED] - n = data.getRowNumbers() + 1: null

03-03-2025T13:26:15 - [TEST_STEP][PASSED] - day = ")).toInteger(): null

03-03-2025T13:26:15 - [TEST_STEP][PASSED] - println(day): null

03-03-2025T13:26:15 - [TEST_STEP][PASSED] - month = ")).toInteger(): null

03-03-2025T13:26:15 - [TEST_STEP][PASSED] - println(month): null

03-03-2025T13:26:15 - [TEST_STEP][PASSED] - y = <not implemented yet for class: org.codehaus.groovy.ast.expr.EmptyExpression>: null

03-03-2025T13:26:15 - [TEST_STEP][PASSED] - iy = <not implemented yet for class: org.codehaus.groovy.ast.expr.EmptyExpression>: null

03-03-2025T13:26:15 - [TEST_STEP][PASSED] - m = getText(findTestObject("Выполнение бизнес-плана/Период")): Text of object 'Object Repository/Выполнение бизнес-плана/Период' is: '2024 год'

03-03-2025T13:26:16 - [MESSAGE][PASSED] - Text of object 'Object Repository/Выполнение бизнес-плана/Период' is: '2024 год'

03-03-2025T13:26:16 - [TEST_STEP][PASSED] - iy = m.indexOf("20"): null

03-03-2025T13:26:16 - [TEST_STEP][PASSED] - if (iy > -1): null

03-03-2025T13:26:16 - [TEST_STEP][PASSED] - y = substring(iy, iy + 4).toInteger(): null

03-03-2025T13:26:16 - [TEST_STEP][PASSED] - println(y): null

03-03-2025T13:26:16 - [TEST_STEP][PASSED] - if (toString().length() == 4): null

03-03-2025T13:26:16 - [TEST_STEP][PASSED] - m = m.substring(0, m.indexOf(y.toString())): null

03-03-2025T13:26:16 - [TEST_STEP][PASSED] - m = m.trim(): null

03-03-2025T13:26:16 - [TEST_STEP][PASSED] - if (m == ""): null

03-03-2025T13:26:16 - [TEST_STEP][PASSED] - m = "весь год": null

03-03-2025T13:26:16 - [TEST_STEP][PASSED] - dashboardName = "Выполнение бизнес-плана": null

03-03-2025T13:26:16 - [TEST_STEP][PASSED] - workbook01 = getWorkbook(excelFilePath): null

03-03-2025T13:26:16 - [TEST_STEP][PASSED] - sheet01 = getExcelSheet(workbook01, sheetName): null

03-03-2025T13:26:16 - [TEST_STEP][PASSED] - setValueToCellByIndex(sheet01, n, 0, dashboardName): null

03-03-2025T13:26:16 - [TEST_STEP][PASSED] - setValueToCellByIndex(sheet01, n, 1, dZO): null

03-03-2025T13:26:16 - [TEST_STEP][PASSED] - setValueToCellByIndex(sheet01, n, 2, typeOfData): null

03-03-2025T13:26:16 - [TEST_STEP][PASSED] - if (typeOfData == "Факт в процентах" || typeOfData == "План в процентах"): null

03-03-2025T13:26:16 - [TEST_STEP][PASSED] - else: null

03-03-2025T13:26:16 - [TEST_STEP][PASSED] - setValueToCellByIndex(sheet01, n, 3, fileInt): null

03-03-2025T13:26:16 - [TEST_STEP][PASSED] - setValueToCellByIndex(sheet01, n, 4, pageInt): null

03-03-2025T13:26:16 - [TEST_STEP][PASSED] - setValueToCellByIndex(sheet01, n, 5, m): null

03-03-2025T13:26:16 - [TEST_STEP][PASSED] - setValueToCellByIndex(sheet01, n, 6, y): null

03-03-2025T13:26:16 - [TEST_STEP][PASSED] - setValueToCellByIndex(sheet01, n, 7, todaysDate): null

03-03-2025T13:26:16 - [TEST_STEP][PASSED] - n = n + 1: null

03-03-2025T13:26:16 - [TEST_STEP][PASSED] - saveWorkbook(excelFilePath, workbook01): Object: 'Object Repository/Выполнение бизнес-плана/Кнопка Факт' is clicked on

03-03-2025T13:26:16 - [TEST_STEP][PASSED] - if (planFact == 2): Object: 'Object Repository/Выполнение бизнес-плана/Кнопка Факт' is clicked on

03-03-2025T13:26:16 - [TEST_STEP][PASSED] - click(findTestObject("Выполнение бизнес-плана/Кнопка Факт")): Object: 'Object Repository/Выполнение бизнес-плана/Кнопка Факт' is clicked on

03-03-2025T13:26:16 - [MESSAGE][PASSED] - Object: 'Object Repository/Выполнение бизнес-плана/Кнопка Факт' is clicked on

03-03-2025T13:26:16 - [TEST_STEP][PASSED] - println("a=" + a): null

03-03-2025T13:26:16 - [TEST_STEP][PASSED] - if (a == 84 || a == 82): null

03-03-2025T13:26:16 - [TEST_STEP][PASSED] - else if (a == 83 || a == 52 || a == 72 || a == 28 || a == 73 || a == 77 || a == 74 || a == 65 || a == 36 || a == 44 || a == 53 || a == 80 || a == 54 || a == 1 || a == 18 || a == 59 || a == 81): null

03-03-2025T13:26:16 - [TEST_STEP][PASSED] - page1 = getText(findTestObject("Object Repository/Выполнение бизнес-плана/spanPlan" + dzoNum)): Text of object 'Object Repository/Выполнение бизнес-плана/spanPlan3' is: '33.66'

03-03-2025T13:26:16 - [MESSAGE][PASSED] - Text of object 'Object Repository/Выполнение бизнес-плана/spanPlan3' is: '33.66'

03-03-2025T13:26:16 - [TEST_STEP][PASSED] - page1 = page1.replace("|", ""): null

03-03-2025T13:26:16 - [TEST_STEP][PASSED] - page2 = getText(findTestObject("Object Repository/Выполнение бизнес-плана/spanFact" + dzoNum)): Text of object 'Object Repository/Выполнение бизнес-плана/spanFact3' is: '36.59
|'

03-03-2025T13:26:17 - [MESSAGE][PASSED] - Text of object 'Object Repository/Выполнение бизнес-плана/spanFact3' is: '36.59
|'

03-03-2025T13:26:17 - [TEST_STEP][PASSED] - page2 = page2.replace("|", ""): null

03-03-2025T13:26:17 - [TEST_STEP][PASSED] - println("page1: " + page1): null

03-03-2025T13:26:17 - [TEST_STEP][PASSED] - println("page2: " + page2): null

03-03-2025T13:26:17 - [TEST_STEP][PASSED] - file = findTestData("PlanFact").getValue(4, a): null

03-03-2025T13:26:17 - [TEST_STEP][PASSED] - file = file.replace(",", "."): null

03-03-2025T13:26:17 - [TEST_STEP][PASSED] - println("file Plan: " + file): null

03-03-2025T13:26:17 - [TEST_STEP][PASSED] - typeOfData = "План в процентах": null

03-03-2025T13:26:17 - [TEST_STEP][PASSED] - fileDouble = file.toDouble(): null

03-03-2025T13:26:17 - [TEST_STEP][PASSED] - pageDouble = page1.toDouble(): null

03-03-2025T13:26:17 - [TEST_STEP][PASSED] - if (fileDouble != pageDouble): null

03-03-2025T13:26:17 - [TEST_STEP][PASSED] - numberOfErrors = numberOfErrors + 1: null

03-03-2025T13:26:17 - [TEST_STEP][PASSED] - Script1718980020443.WriteToExcel(a, typeOfData, todaysDate, pageInt, fileInt, pageDouble, fileDouble, dZO): null

03-03-2025T13:26:17 - [TEST_STEP][PASSED] - sheetName = "Sheet1": null

03-03-2025T13:26:17 - [TEST_STEP][PASSED] - data = findTestData("PlanFact"): null

03-03-2025T13:26:17 - [TEST_STEP][PASSED] - n = data.getRowNumbers() + 1: null

03-03-2025T13:26:17 - [TEST_STEP][PASSED] - day = ")).toInteger(): null

03-03-2025T13:26:17 - [TEST_STEP][PASSED] - println(day): null

03-03-2025T13:26:17 - [TEST_STEP][PASSED] - month = ")).toInteger(): null

03-03-2025T13:26:17 - [TEST_STEP][PASSED] - println(month): null

03-03-2025T13:26:17 - [TEST_STEP][PASSED] - y = <not implemented yet for class: org.codehaus.groovy.ast.expr.EmptyExpression>: null

03-03-2025T13:26:17 - [TEST_STEP][PASSED] - iy = <not implemented yet for class: org.codehaus.groovy.ast.expr.EmptyExpression>: null

03-03-2025T13:26:17 - [TEST_STEP][PASSED] - m = getText(findTestObject("Выполнение бизнес-плана/Период")): Text of object 'Object Repository/Выполнение бизнес-плана/Период' is: '2024 год'

03-03-2025T13:26:17 - [MESSAGE][PASSED] - Text of object 'Object Repository/Выполнение бизнес-плана/Период' is: '2024 год'

03-03-2025T13:26:17 - [TEST_STEP][PASSED] - iy = m.indexOf("20"): null

03-03-2025T13:26:17 - [TEST_STEP][PASSED] - if (iy > -1): null

03-03-2025T13:26:17 - [TEST_STEP][PASSED] - y = substring(iy, iy + 4).toInteger(): null

03-03-2025T13:26:17 - [TEST_STEP][PASSED] - println(y): null

03-03-2025T13:26:17 - [TEST_STEP][PASSED] - if (toString().length() == 4): null

03-03-2025T13:26:17 - [TEST_STEP][PASSED] - m = m.substring(0, m.indexOf(y.toString())): null

03-03-2025T13:26:17 - [TEST_STEP][PASSED] - m = m.trim(): null

03-03-2025T13:26:17 - [TEST_STEP][PASSED] - if (m == ""): null

03-03-2025T13:26:17 - [TEST_STEP][PASSED] - m = "весь год": null

03-03-2025T13:26:17 - [TEST_STEP][PASSED] - dashboardName = "Выполнение бизнес-плана": null

03-03-2025T13:26:17 - [TEST_STEP][PASSED] - workbook01 = getWorkbook(excelFilePath): null

03-03-2025T13:26:17 - [TEST_STEP][PASSED] - sheet01 = getExcelSheet(workbook01, sheetName): null

03-03-2025T13:26:17 - [TEST_STEP][PASSED] - setValueToCellByIndex(sheet01, n, 0, dashboardName): null

03-03-2025T13:26:17 - [TEST_STEP][PASSED] - setValueToCellByIndex(sheet01, n, 1, dZO): null

03-03-2025T13:26:17 - [TEST_STEP][PASSED] - setValueToCellByIndex(sheet01, n, 2, typeOfData): null

03-03-2025T13:26:17 - [TEST_STEP][PASSED] - if (typeOfData == "Факт в процентах" || typeOfData == "План в процентах"): null

03-03-2025T13:26:17 - [TEST_STEP][PASSED] - setValueToCellByIndex(sheet01, n, 3, fileDouble): null

03-03-2025T13:26:17 - [TEST_STEP][PASSED] - setValueToCellByIndex(sheet01, n, 4, pageDouble): null

03-03-2025T13:26:17 - [TEST_STEP][PASSED] - setValueToCellByIndex(sheet01, n, 5, m): null

03-03-2025T13:26:17 - [TEST_STEP][PASSED] - setValueToCellByIndex(sheet01, n, 6, y): null

03-03-2025T13:26:17 - [TEST_STEP][PASSED] - setValueToCellByIndex(sheet01, n, 7, todaysDate): null

03-03-2025T13:26:17 - [TEST_STEP][PASSED] - n = n + 1: null

03-03-2025T13:26:17 - [TEST_STEP][PASSED] - saveWorkbook(excelFilePath, workbook01): null

03-03-2025T13:26:17 - [TEST_STEP][PASSED] - file = findTestData("PlanFact").getValue(7, a): null

03-03-2025T13:26:17 - [TEST_STEP][PASSED] - file = file.replace(",", "."): null

03-03-2025T13:26:17 - [TEST_STEP][PASSED] - println("file Fact: " + file): null

03-03-2025T13:26:17 - [TEST_STEP][PASSED] - fileDouble = file.toDouble(): null

03-03-2025T13:26:17 - [TEST_STEP][PASSED] - typeOfData = "Факт в процентах": null

03-03-2025T13:26:17 - [TEST_STEP][PASSED] - fileDouble = file.toDouble(): null

03-03-2025T13:26:17 - [TEST_STEP][PASSED] - pageDouble = page2.toDouble(): null

03-03-2025T13:26:17 - [TEST_STEP][PASSED] - if (fileDouble != pageDouble): null

03-03-2025T13:26:17 - [TEST_STEP][PASSED] - numberOfErrors = numberOfErrors + 1: null

03-03-2025T13:26:17 - [TEST_STEP][PASSED] - Script1718980020443.WriteToExcel(a, typeOfData, todaysDate, pageInt, fileInt, pageDouble, fileDouble, dZO): null

03-03-2025T13:26:17 - [TEST_STEP][PASSED] - sheetName = "Sheet1": null

03-03-2025T13:26:17 - [TEST_STEP][PASSED] - data = findTestData("PlanFact"): null

03-03-2025T13:26:17 - [TEST_STEP][PASSED] - n = data.getRowNumbers() + 1: null

03-03-2025T13:26:17 - [TEST_STEP][PASSED] - day = ")).toInteger(): null

03-03-2025T13:26:17 - [TEST_STEP][PASSED] - println(day): null

03-03-2025T13:26:17 - [TEST_STEP][PASSED] - month = ")).toInteger(): null

03-03-2025T13:26:17 - [TEST_STEP][PASSED] - println(month): null

03-03-2025T13:26:17 - [TEST_STEP][PASSED] - y = <not implemented yet for class: org.codehaus.groovy.ast.expr.EmptyExpression>: null

03-03-2025T13:26:17 - [TEST_STEP][PASSED] - iy = <not implemented yet for class: org.codehaus.groovy.ast.expr.EmptyExpression>: null

03-03-2025T13:26:17 - [TEST_STEP][PASSED] - m = getText(findTestObject("Выполнение бизнес-плана/Период")): Text of object 'Object Repository/Выполнение бизнес-плана/Период' is: '2024 год'

03-03-2025T13:26:18 - [MESSAGE][PASSED] - Text of object 'Object Repository/Выполнение бизнес-плана/Период' is: '2024 год'

03-03-2025T13:26:18 - [TEST_STEP][PASSED] - iy = m.indexOf("20"): null

03-03-2025T13:26:18 - [TEST_STEP][PASSED] - if (iy > -1): null

03-03-2025T13:26:18 - [TEST_STEP][PASSED] - y = substring(iy, iy + 4).toInteger(): null

03-03-2025T13:26:18 - [TEST_STEP][PASSED] - println(y): null

03-03-2025T13:26:18 - [TEST_STEP][PASSED] - if (toString().length() == 4): null

03-03-2025T13:26:18 - [TEST_STEP][PASSED] - m = m.substring(0, m.indexOf(y.toString())): null

03-03-2025T13:26:18 - [TEST_STEP][PASSED] - m = m.trim(): null

03-03-2025T13:26:18 - [TEST_STEP][PASSED] - if (m == ""): null

03-03-2025T13:26:18 - [TEST_STEP][PASSED] - m = "весь год": null

03-03-2025T13:26:18 - [TEST_STEP][PASSED] - dashboardName = "Выполнение бизнес-плана": null

03-03-2025T13:26:18 - [TEST_STEP][PASSED] - workbook01 = getWorkbook(excelFilePath): null

03-03-2025T13:26:18 - [TEST_STEP][PASSED] - sheet01 = getExcelSheet(workbook01, sheetName): null

03-03-2025T13:26:18 - [TEST_STEP][PASSED] - setValueToCellByIndex(sheet01, n, 0, dashboardName): null

03-03-2025T13:26:18 - [TEST_STEP][PASSED] - setValueToCellByIndex(sheet01, n, 1, dZO): null

03-03-2025T13:26:18 - [TEST_STEP][PASSED] - setValueToCellByIndex(sheet01, n, 2, typeOfData): null

03-03-2025T13:26:18 - [TEST_STEP][PASSED] - if (typeOfData == "Факт в процентах" || typeOfData == "План в процентах"): null

03-03-2025T13:26:18 - [TEST_STEP][PASSED] - setValueToCellByIndex(sheet01, n, 3, fileDouble): null

03-03-2025T13:26:18 - [TEST_STEP][PASSED] - setValueToCellByIndex(sheet01, n, 4, pageDouble): null

03-03-2025T13:26:18 - [TEST_STEP][PASSED] - setValueToCellByIndex(sheet01, n, 5, m): null

03-03-2025T13:26:18 - [TEST_STEP][PASSED] - setValueToCellByIndex(sheet01, n, 6, y): null

03-03-2025T13:26:18 - [TEST_STEP][PASSED] - setValueToCellByIndex(sheet01, n, 7, todaysDate): null

03-03-2025T13:26:18 - [TEST_STEP][PASSED] - n = n + 1: null

03-03-2025T13:26:18 - [TEST_STEP][PASSED] - saveWorkbook(excelFilePath, workbook01): null

03-03-2025T13:26:18 - [TEST_STEP][FAILED] - if (verifyEqual(numberOfErrors, 0) == false): null

03-03-2025T13:26:18 - [MESSAGE][FAILED] - Unable to verify equal between actual object '6' and expected object '0' (Root cause: com.kms.katalon.core.exception.StepFailedException: Actual object '6' and expected object '0' are not equal
	at com.kms.katalon.core.keyword.builtin.VerifyEqualKeyword$_verifyEqual_closure1.doCall(VerifyEqualKeyword.groovy:58)
	at com.kms.katalon.core.keyword.builtin.VerifyEqualKeyword$_verifyEqual_closure1.call(VerifyEqualKeyword.groovy)
	at com.kms.katalon.core.keyword.internal.KeywordMain.runKeyword(KeywordMain.groovy:75)
	at com.kms.katalon.core.keyword.builtin.VerifyEqualKeyword.verifyEqual(VerifyEqualKeyword.groovy:63)
	at com.kms.katalon.core.keyword.builtin.VerifyEqualKeyword.execute(VerifyEqualKeyword.groovy:44)
	at com.kms.katalon.core.keyword.internal.KeywordExecutor.executeKeywordForPlatform(KeywordExecutor.groovy:74)
	at com.kms.katalon.core.keyword.BuiltinKeywords.verifyEqual(BuiltinKeywords.groovy:146)
	at jdk.internal.reflect.GeneratedMethodAccessor24.invoke(Unknown Source)
	at java.base/jdk.internal.reflect.DelegatingMethodAccessorImpl.invoke(DelegatingMethodAccessorImpl.java:43)
	at Выполнение бизнес-плана Сверка ПАО Россети все филиалы.Numbers(Выполнение бизнес-плана Сверка ПАО Россети все филиалы:736)
	at Выполнение бизнес-плана Сверка ПАО Россети все филиалы.run(Выполнение бизнес-плана Сверка ПАО Россети все филиалы:210)
	at com.kms.katalon.core.main.ScriptEngine.run(ScriptEngine.java:194)
	at com.kms.katalon.core.main.ScriptEngine.runScriptAsRawText(ScriptEngine.java:119)
	at com.kms.katalon.core.main.TestCaseExecutor.runScript(TestCaseExecutor.java:448)
	at com.kms.katalon.core.main.TestCaseExecutor.doExecute(TestCaseExecutor.java:439)
	at com.kms.katalon.core.main.TestCaseExecutor.processExecutionPhase(TestCaseExecutor.java:418)
	at com.kms.katalon.core.main.TestCaseExecutor.accessMainPhase(TestCaseExecutor.java:410)
	at com.kms.katalon.core.main.TestCaseExecutor.execute(TestCaseExecutor.java:285)
	at com.kms.katalon.core.common.CommonExecutor.accessTestCaseMainPhase(CommonExecutor.java:65)
	at com.kms.katalon.core.main.TestSuiteExecutor.accessTestSuiteMainPhase(TestSuiteExecutor.java:150)
	at com.kms.katalon.core.main.TestSuiteExecutor.execute(TestSuiteExecutor.java:106)
	at com.kms.katalon.core.main.TestCaseMain.startTestSuite(TestCaseMain.java:180)
	at TempTestSuite1740991900055.run(TempTestSuite1740991900055.groovy:35)
	at java.base/jdk.internal.reflect.NativeMethodAccessorImpl.invoke0(Native Method)
	at java.base/jdk.internal.reflect.NativeMethodAccessorImpl.invoke(NativeMethodAccessorImpl.java:77)
	at java.base/jdk.internal.reflect.DelegatingMethodAccessorImpl.invoke(DelegatingMethodAccessorImpl.java:43)
)

03-03-2025T13:26:18 - [TEST_STEP][PASSED] - println(numberOfErrors): null

03-03-2025T13:26:18 - [TEST_STEP][PASSED] - println("a=" + a): null

03-03-2025T13:26:18 - [TEST_STEP][PASSED] - if (a == 28 || a == 77 || a == 74 || a == 65 || a == 36 || a == 44 || a == 54 || a == 1 || a == 18 || a == 59): null

03-03-2025T13:26:18 - [TEST_STEP][PASSED] - if (a == 82): null

03-03-2025T13:26:18 - [TEST_STEP][PASSED] - println(dzoNum): null

03-03-2025T13:26:18 - [TEST_STEP][PASSED] - a = 28: null

03-03-2025T13:26:18 - [TEST_STEP][PASSED] - dZO = "Россети Волга": null

03-03-2025T13:26:18 - [TEST_STEP][PASSED] - if (x1.contains("Волга")): null

03-03-2025T13:26:18 - [TEST_STEP][PASSED] - dzoNum = dzoNum + 1: null

03-03-2025T13:26:18 - [TEST_STEP][PASSED] - Script1718980020443.Numbers(a, typeOfData, todaysDate, pageInt, fileInt, pageDouble, fileDouble, dZO, dzoNum, filialNum): null

03-03-2025T13:26:18 - [TEST_STEP][PASSED] - println(dzoNum): null

03-03-2025T13:26:18 - [TEST_STEP][PASSED] - planFact = <not implemented yet for class: org.codehaus.groovy.ast.expr.EmptyExpression>: null

03-03-2025T13:26:18 - [TEST_STEP][PASSED] - page = <not implemented yet for class: org.codehaus.groovy.ast.expr.EmptyExpression>: null

03-03-2025T13:26:18 - [TEST_STEP][PASSED] - page1 = <not implemented yet for class: org.codehaus.groovy.ast.expr.EmptyExpression>: null

03-03-2025T13:26:18 - [TEST_STEP][PASSED] - page2 = <not implemented yet for class: org.codehaus.groovy.ast.expr.EmptyExpression>: null

03-03-2025T13:26:18 - [TEST_STEP][PASSED] - filialNumberInRow = <not implemented yet for class: org.codehaus.groovy.ast.expr.EmptyExpression>: null

03-03-2025T13:26:18 - [TEST_STEP][PASSED] - filialsDzoNames = <not implemented yet for class: org.codehaus.groovy.ast.expr.EmptyExpression>: null

03-03-2025T13:26:18 - [TEST_STEP][PASSED] - numberOfFilials = <not implemented yet for class: org.codehaus.groovy.ast.expr.EmptyExpression>: null

03-03-2025T13:26:18 - [TEST_STEP][PASSED] - numberOfSpaces = <not implemented yet for class: org.codehaus.groovy.ast.expr.EmptyExpression>: null

03-03-2025T13:26:18 - [TEST_STEP][PASSED] - file = <not implemented yet for class: org.codehaus.groovy.ast.expr.EmptyExpression>: null

03-03-2025T13:26:18 - [TEST_STEP][PASSED] - otpusk = <not implemented yet for class: org.codehaus.groovy.ast.expr.EmptyExpression>: null

03-03-2025T13:26:18 - [TEST_STEP][PASSED] - poteri = <not implemented yet for class: org.codehaus.groovy.ast.expr.EmptyExpression>: null

03-03-2025T13:26:18 - [TEST_STEP][PASSED] - dataFolder = "Выполнение бизнес-плана/Значения со страницы Выполнение бизнес-плана/": null

03-03-2025T13:26:18 - [TEST_STEP][PASSED] - path = <not implemented yet for class: org.codehaus.groovy.ast.expr.EmptyExpression>: null

03-03-2025T13:26:18 - [TEST_STEP][PASSED] - typeOfDataMain = <not implemented yet for class: org.codehaus.groovy.ast.expr.EmptyExpression>: null

03-03-2025T13:26:18 - [TEST_STEP][PASSED] - fileOtpuskVSet = <not implemented yet for class: org.codehaus.groovy.ast.expr.EmptyExpression>: null

03-03-2025T13:26:18 - [TEST_STEP][PASSED] - pageOtpuskVSet = <not implemented yet for class: org.codehaus.groovy.ast.expr.EmptyExpression>: null

03-03-2025T13:26:18 - [TEST_STEP][PASSED] - filePoteri = <not implemented yet for class: org.codehaus.groovy.ast.expr.EmptyExpression>: null

03-03-2025T13:26:18 - [TEST_STEP][PASSED] - pagePoteri = <not implemented yet for class: org.codehaus.groovy.ast.expr.EmptyExpression>: null

03-03-2025T13:26:18 - [TEST_STEP][PASSED] - compare = <not implemented yet for class: org.codehaus.groovy.ast.expr.EmptyExpression>: null

03-03-2025T13:26:18 - [TEST_STEP][PASSED] - b = <not implemented yet for class: org.codehaus.groovy.ast.expr.EmptyExpression>: null

03-03-2025T13:26:18 - [TEST_STEP][PASSED] - i = <not implemented yet for class: org.codehaus.groovy.ast.expr.EmptyExpression>: null

03-03-2025T13:26:18 - [TEST_STEP][PASSED] - ii = <not implemented yet for class: org.codehaus.groovy.ast.expr.EmptyExpression>: null

03-03-2025T13:26:18 - [TEST_STEP][PASSED] - c = <not implemented yet for class: org.codehaus.groovy.ast.expr.EmptyExpression>: null

03-03-2025T13:26:18 - [TEST_STEP][PASSED] - numberOfErrors = 0: null

03-03-2025T13:26:18 - [TEST_STEP][PASSED] - if (a == 82): null

03-03-2025T13:26:18 - [TEST_STEP][PASSED] - b = findTestData("PlanFact").getValue(1, a): null

03-03-2025T13:26:18 - [TEST_STEP][PASSED] - i = b.indexOf(" (ГК)"): null

03-03-2025T13:26:18 - [TEST_STEP][PASSED] - if (i > -1): null

03-03-2025T13:26:18 - [TEST_STEP][PASSED] - b = b.substring(0, i): null

03-03-2025T13:26:18 - [TEST_STEP][PASSED] - i = b.indexOf("О ""): null

03-03-2025T13:26:18 - [TEST_STEP][PASSED] - if (i > -1): null

03-03-2025T13:26:18 - [TEST_STEP][PASSED] - i = b.indexOf("О «"): null

03-03-2025T13:26:18 - [TEST_STEP][PASSED] - if (i > -1): null

03-03-2025T13:26:18 - [TEST_STEP][PASSED] - i = b.indexOf("г. "): null

03-03-2025T13:26:18 - [TEST_STEP][PASSED] - if (i > -1): null

03-03-2025T13:26:18 - [TEST_STEP][PASSED] - b = b.trim(): null

03-03-2025T13:26:18 - [TEST_STEP][PASSED] - println(b): null

03-03-2025T13:26:18 - [TEST_STEP][PASSED] - for ([planFact = 1, planFact < 3, (planFact++)]): null

03-03-2025T13:26:18 - [TEST_STEP][PASSED] - if (planFact == 1): null

03-03-2025T13:26:18 - [TEST_STEP][PASSED] - typeOfDataMain = "Факт": null

03-03-2025T13:26:18 - [TEST_STEP][PASSED] - otpusk = findTestData("PlanFact").getValue(5, a): null

03-03-2025T13:26:18 - [TEST_STEP][PASSED] - poteri = findTestData("PlanFact").getValue(6, a): null

03-03-2025T13:26:18 - [TEST_STEP][PASSED] - otpusk = otpusk.replaceAll("\s+", ""): null

03-03-2025T13:26:18 - [TEST_STEP][PASSED] - poteri = poteri.replaceAll("\s+", ""): null

03-03-2025T13:26:18 - [TEST_STEP][PASSED] - typeOfData = typeOfDataMain + " Отпуск в сеть": null

03-03-2025T13:26:18 - [TEST_STEP][PASSED] - if (a == 82): null

03-03-2025T13:26:18 - [TEST_STEP][PASSED] - else if (a == 84): null

03-03-2025T13:26:18 - [TEST_STEP][PASSED] - else if (a == 83 || a == 52 || a == 72 || a == 28 || a == 73 || a == 77 || a == 74 || a == 65 || a == 36 || a == 44 || a == 53 || a == 80 || a == 54 || a == 1 || a == 18 || a == 59 || a == 81): null

03-03-2025T13:26:18 - [TEST_STEP][PASSED] - path = dataFolder + "Table Data/" + typeOfData + " за отчётный период " + dzoNum: null

03-03-2025T13:26:18 - [TEST_STEP][PASSED] - println(path): null

03-03-2025T13:26:18 - [TEST_STEP][PASSED] - page = getText(findTestObject(path)): Text of object 'Object Repository/Выполнение бизнес-плана/Значения со страницы Выполнение бизнес-плана/Table Data/Факт Отпуск в сеть за отчётный период 4' is: '58 408 593'

03-03-2025T13:26:18 - [MESSAGE][PASSED] - Text of object 'Object Repository/Выполнение бизнес-плана/Значения со страницы Выполнение бизнес-плана/Table Data/Факт Отпуск в сеть за отчётный период 4' is: '58 408 593'

03-03-2025T13:26:18 - [TEST_STEP][PASSED] - if (page == "" || page == null): null

03-03-2025T13:26:18 - [TEST_STEP][PASSED] - else: null

03-03-2025T13:26:18 - [TEST_STEP][PASSED] - page = page.replaceAll("\s+", ""): null

03-03-2025T13:26:18 - [TEST_STEP][PASSED] - fileOtpuskVSet = otpusk.toInteger(): null

03-03-2025T13:26:18 - [TEST_STEP][PASSED] - pageOtpuskVSet = page.toInteger(): null

03-03-2025T13:26:18 - [TEST_STEP][PASSED] - typeOfData = typeOfDataMain + " Потери": null

03-03-2025T13:26:18 - [TEST_STEP][PASSED] - if (a == 82): null

03-03-2025T13:26:18 - [TEST_STEP][PASSED] - else if (a == 84): null

03-03-2025T13:26:18 - [TEST_STEP][PASSED] - else if (a == 83 || a == 52 || a == 72 || a == 28 || a == 73 || a == 77 || a == 74 || a == 65 || a == 44 || a == 53 || a == 80 || a == 54 || a == 1 || a == 18 || a == 59 || a == 81): null

03-03-2025T13:26:18 - [TEST_STEP][PASSED] - path = dataFolder + "Table Data/" + typeOfData + " за отчётный период " + dzoNum: null

03-03-2025T13:26:18 - [TEST_STEP][PASSED] - page = getText(findTestObject(path)): Text of object 'Object Repository/Выполнение бизнес-плана/Значения со страницы Выполнение бизнес-плана/Table Data/Факт Потери за отчётный период 4' is: '3 149 574'

03-03-2025T13:26:19 - [MESSAGE][PASSED] - Text of object 'Object Repository/Выполнение бизнес-плана/Значения со страницы Выполнение бизнес-плана/Table Data/Факт Потери за отчётный период 4' is: '3 149 574'

03-03-2025T13:26:19 - [TEST_STEP][PASSED] - if (page == "" || page == null): null

03-03-2025T13:26:19 - [TEST_STEP][PASSED] - else: null

03-03-2025T13:26:19 - [TEST_STEP][PASSED] - page = page.replaceAll("\s+", ""): null

03-03-2025T13:26:19 - [TEST_STEP][PASSED] - filePoteri = poteri.toInteger(): null

03-03-2025T13:26:19 - [TEST_STEP][PASSED] - pagePoteri = page.toInteger(): null

03-03-2025T13:26:19 - [TEST_STEP][PASSED] - compare = pageOtpuskVSet: null

03-03-2025T13:26:19 - [TEST_STEP][PASSED] - if (pageOtpuskVSet != null): null

03-03-2025T13:26:19 - [TEST_STEP][PASSED] - if (compare == fileOtpuskVSet): null

03-03-2025T13:26:19 - [TEST_STEP][PASSED] - else if (compare > fileOtpuskVSet): null

03-03-2025T13:26:19 - [TEST_STEP][PASSED] - compare = compare - 1: null

03-03-2025T13:26:19 - [TEST_STEP][PASSED] - if (compare == fileOtpuskVSet): null

03-03-2025T13:26:19 - [TEST_STEP][PASSED] - else: null

03-03-2025T13:26:19 - [TEST_STEP][PASSED] - numberOfErrors = numberOfErrors + 1: null

03-03-2025T13:26:19 - [TEST_STEP][PASSED] - pageInt = pageOtpuskVSet: null

03-03-2025T13:26:19 - [TEST_STEP][PASSED] - fileInt = fileOtpuskVSet: null

03-03-2025T13:26:19 - [TEST_STEP][PASSED] - typeOfData = typeOfDataMain + " Отпуск в сеть": null

03-03-2025T13:26:19 - [TEST_STEP][PASSED] - Script1718980020443.WriteToExcel(a, typeOfData, todaysDate, pageInt, fileInt, pageDouble, fileDouble, dZO): null

03-03-2025T13:26:19 - [TEST_STEP][PASSED] - sheetName = "Sheet1": null

03-03-2025T13:26:19 - [TEST_STEP][PASSED] - data = findTestData("PlanFact"): null

03-03-2025T13:26:19 - [TEST_STEP][PASSED] - n = data.getRowNumbers() + 1: null

03-03-2025T13:26:19 - [TEST_STEP][PASSED] - day = ")).toInteger(): null

03-03-2025T13:26:19 - [TEST_STEP][PASSED] - println(day): null

03-03-2025T13:26:19 - [TEST_STEP][PASSED] - month = ")).toInteger(): null

03-03-2025T13:26:19 - [TEST_STEP][PASSED] - println(month): null

03-03-2025T13:26:19 - [TEST_STEP][PASSED] - y = <not implemented yet for class: org.codehaus.groovy.ast.expr.EmptyExpression>: null

03-03-2025T13:26:19 - [TEST_STEP][PASSED] - iy = <not implemented yet for class: org.codehaus.groovy.ast.expr.EmptyExpression>: null

03-03-2025T13:26:19 - [TEST_STEP][PASSED] - m = getText(findTestObject("Выполнение бизнес-плана/Период")): Text of object 'Object Repository/Выполнение бизнес-плана/Период' is: '2024 год'

03-03-2025T13:26:19 - [MESSAGE][PASSED] - Text of object 'Object Repository/Выполнение бизнес-плана/Период' is: '2024 год'

03-03-2025T13:26:19 - [TEST_STEP][PASSED] - iy = m.indexOf("20"): null

03-03-2025T13:26:19 - [TEST_STEP][PASSED] - if (iy > -1): null

03-03-2025T13:26:19 - [TEST_STEP][PASSED] - y = substring(iy, iy + 4).toInteger(): null

03-03-2025T13:26:19 - [TEST_STEP][PASSED] - println(y): null

03-03-2025T13:26:19 - [TEST_STEP][PASSED] - if (toString().length() == 4): null

03-03-2025T13:26:19 - [TEST_STEP][PASSED] - m = m.substring(0, m.indexOf(y.toString())): null

03-03-2025T13:26:19 - [TEST_STEP][PASSED] - m = m.trim(): null

03-03-2025T13:26:19 - [TEST_STEP][PASSED] - if (m == ""): null

03-03-2025T13:26:19 - [TEST_STEP][PASSED] - m = "весь год": null

03-03-2025T13:26:19 - [TEST_STEP][PASSED] - dashboardName = "Выполнение бизнес-плана": null

03-03-2025T13:26:19 - [TEST_STEP][PASSED] - workbook01 = getWorkbook(excelFilePath): null

03-03-2025T13:26:19 - [TEST_STEP][PASSED] - sheet01 = getExcelSheet(workbook01, sheetName): null

03-03-2025T13:26:19 - [TEST_STEP][PASSED] - setValueToCellByIndex(sheet01, n, 0, dashboardName): null

03-03-2025T13:26:19 - [TEST_STEP][PASSED] - setValueToCellByIndex(sheet01, n, 1, dZO): null

03-03-2025T13:26:19 - [TEST_STEP][PASSED] - setValueToCellByIndex(sheet01, n, 2, typeOfData): null

03-03-2025T13:26:19 - [TEST_STEP][PASSED] - if (typeOfData == "Факт в процентах" || typeOfData == "План в процентах"): null

03-03-2025T13:26:19 - [TEST_STEP][PASSED] - else: null

03-03-2025T13:26:19 - [TEST_STEP][PASSED] - setValueToCellByIndex(sheet01, n, 3, fileInt): null

03-03-2025T13:26:19 - [TEST_STEP][PASSED] - setValueToCellByIndex(sheet01, n, 4, pageInt): null

03-03-2025T13:26:19 - [TEST_STEP][PASSED] - setValueToCellByIndex(sheet01, n, 5, m): null

03-03-2025T13:26:19 - [TEST_STEP][PASSED] - setValueToCellByIndex(sheet01, n, 6, y): null

03-03-2025T13:26:19 - [TEST_STEP][PASSED] - setValueToCellByIndex(sheet01, n, 7, todaysDate): null

03-03-2025T13:26:19 - [TEST_STEP][PASSED] - n = n + 1: null

03-03-2025T13:26:19 - [TEST_STEP][PASSED] - saveWorkbook(excelFilePath, workbook01): null

03-03-2025T13:26:19 - [TEST_STEP][PASSED] - compare = pagePoteri: null

03-03-2025T13:26:19 - [TEST_STEP][PASSED] - if (pageOtpuskVSet != null): null

03-03-2025T13:26:19 - [TEST_STEP][PASSED] - if (compare == filePoteri): null

03-03-2025T13:26:19 - [TEST_STEP][PASSED] - else if (compare > filePoteri): null

03-03-2025T13:26:19 - [TEST_STEP][PASSED] - compare = compare - 1: null

03-03-2025T13:26:19 - [TEST_STEP][PASSED] - if (compare == filePoteri): null

03-03-2025T13:26:19 - [TEST_STEP][PASSED] - else: null

03-03-2025T13:26:19 - [TEST_STEP][PASSED] - numberOfErrors = numberOfErrors + 1: null

03-03-2025T13:26:19 - [TEST_STEP][PASSED] - pageInt = pagePoteri: null

03-03-2025T13:26:19 - [TEST_STEP][PASSED] - fileInt = filePoteri: null

03-03-2025T13:26:19 - [TEST_STEP][PASSED] - typeOfData = typeOfDataMain + " Потери": null

03-03-2025T13:26:19 - [TEST_STEP][PASSED] - Script1718980020443.WriteToExcel(a, typeOfData, todaysDate, pageInt, fileInt, pageDouble, fileDouble, dZO): null

03-03-2025T13:26:19 - [TEST_STEP][PASSED] - sheetName = "Sheet1": null

03-03-2025T13:26:19 - [TEST_STEP][PASSED] - data = findTestData("PlanFact"): null

03-03-2025T13:26:19 - [TEST_STEP][PASSED] - n = data.getRowNumbers() + 1: null

03-03-2025T13:26:19 - [TEST_STEP][PASSED] - day = ")).toInteger(): null

03-03-2025T13:26:19 - [TEST_STEP][PASSED] - println(day): null

03-03-2025T13:26:19 - [TEST_STEP][PASSED] - month = ")).toInteger(): null

03-03-2025T13:26:19 - [TEST_STEP][PASSED] - println(month): null

03-03-2025T13:26:19 - [TEST_STEP][PASSED] - y = <not implemented yet for class: org.codehaus.groovy.ast.expr.EmptyExpression>: null

03-03-2025T13:26:19 - [TEST_STEP][PASSED] - iy = <not implemented yet for class: org.codehaus.groovy.ast.expr.EmptyExpression>: null

03-03-2025T13:26:19 - [TEST_STEP][PASSED] - m = getText(findTestObject("Выполнение бизнес-плана/Период")): Text of object 'Object Repository/Выполнение бизнес-плана/Период' is: '2024 год'

03-03-2025T13:26:20 - [MESSAGE][PASSED] - Text of object 'Object Repository/Выполнение бизнес-плана/Период' is: '2024 год'

03-03-2025T13:26:20 - [TEST_STEP][PASSED] - iy = m.indexOf("20"): null

03-03-2025T13:26:20 - [TEST_STEP][PASSED] - if (iy > -1): null

03-03-2025T13:26:20 - [TEST_STEP][PASSED] - y = substring(iy, iy + 4).toInteger(): null

03-03-2025T13:26:20 - [TEST_STEP][PASSED] - println(y): null

03-03-2025T13:26:20 - [TEST_STEP][PASSED] - if (toString().length() == 4): null

03-03-2025T13:26:20 - [TEST_STEP][PASSED] - m = m.substring(0, m.indexOf(y.toString())): null

03-03-2025T13:26:20 - [TEST_STEP][PASSED] - m = m.trim(): null

03-03-2025T13:26:20 - [TEST_STEP][PASSED] - if (m == ""): null

03-03-2025T13:26:20 - [TEST_STEP][PASSED] - m = "весь год": null

03-03-2025T13:26:20 - [TEST_STEP][PASSED] - dashboardName = "Выполнение бизнес-плана": null

03-03-2025T13:26:20 - [TEST_STEP][PASSED] - workbook01 = getWorkbook(excelFilePath): null

03-03-2025T13:26:20 - [TEST_STEP][PASSED] - sheet01 = getExcelSheet(workbook01, sheetName): null

03-03-2025T13:26:20 - [TEST_STEP][PASSED] - setValueToCellByIndex(sheet01, n, 0, dashboardName): null

03-03-2025T13:26:20 - [TEST_STEP][PASSED] - setValueToCellByIndex(sheet01, n, 1, dZO): null

03-03-2025T13:26:20 - [TEST_STEP][PASSED] - setValueToCellByIndex(sheet01, n, 2, typeOfData): null

03-03-2025T13:26:20 - [TEST_STEP][PASSED] - if (typeOfData == "Факт в процентах" || typeOfData == "План в процентах"): null

03-03-2025T13:26:20 - [TEST_STEP][PASSED] - else: null

03-03-2025T13:26:20 - [TEST_STEP][PASSED] - setValueToCellByIndex(sheet01, n, 3, fileInt): null

03-03-2025T13:26:20 - [TEST_STEP][PASSED] - setValueToCellByIndex(sheet01, n, 4, pageInt): null

03-03-2025T13:26:20 - [TEST_STEP][PASSED] - setValueToCellByIndex(sheet01, n, 5, m): null

03-03-2025T13:26:20 - [TEST_STEP][PASSED] - setValueToCellByIndex(sheet01, n, 6, y): null

03-03-2025T13:26:20 - [TEST_STEP][PASSED] - setValueToCellByIndex(sheet01, n, 7, todaysDate): null

03-03-2025T13:26:20 - [TEST_STEP][PASSED] - n = n + 1: null

03-03-2025T13:26:20 - [TEST_STEP][PASSED] - saveWorkbook(excelFilePath, workbook01): null

03-03-2025T13:26:20 - [TEST_STEP][PASSED] - if (planFact == 2): null

03-03-2025T13:26:20 - [TEST_STEP][PASSED] - if (planFact == 1): null

03-03-2025T13:26:20 - [TEST_STEP][PASSED] - else if (planFact == 2): null

03-03-2025T13:26:20 - [TEST_STEP][PASSED] - click(findTestObject("Выполнение бизнес-плана/Кнопка План")): Object: 'Object Repository/Выполнение бизнес-плана/Кнопка План' is clicked on

03-03-2025T13:26:20 - [MESSAGE][PASSED] - Object: 'Object Repository/Выполнение бизнес-плана/Кнопка План' is clicked on

03-03-2025T13:26:20 - [TEST_STEP][PASSED] - typeOfDataMain = "План": null

03-03-2025T13:26:20 - [TEST_STEP][PASSED] - otpusk = findTestData("PlanFact").getValue(2, a): null

03-03-2025T13:26:20 - [TEST_STEP][PASSED] - poteri = findTestData("PlanFact").getValue(3, a): null

03-03-2025T13:26:20 - [TEST_STEP][PASSED] - otpusk = otpusk.replaceAll("\s+", ""): null

03-03-2025T13:26:20 - [TEST_STEP][PASSED] - poteri = poteri.replaceAll("\s+", ""): null

03-03-2025T13:26:20 - [TEST_STEP][PASSED] - typeOfData = typeOfDataMain + " Отпуск в сеть": null

03-03-2025T13:26:20 - [TEST_STEP][PASSED] - if (a == 82): null

03-03-2025T13:26:20 - [TEST_STEP][PASSED] - else if (a == 84): null

03-03-2025T13:26:20 - [TEST_STEP][PASSED] - else if (a == 83 || a == 52 || a == 72 || a == 28 || a == 73 || a == 77 || a == 74 || a == 65 || a == 36 || a == 44 || a == 53 || a == 80 || a == 54 || a == 1 || a == 18 || a == 59 || a == 81): null

03-03-2025T13:26:20 - [TEST_STEP][PASSED] - path = dataFolder + "Table Data/" + typeOfData + " за отчётный период " + dzoNum: null

03-03-2025T13:26:20 - [TEST_STEP][PASSED] - println(path): null

03-03-2025T13:26:20 - [TEST_STEP][PASSED] - page = getText(findTestObject(path)): Text of object 'Object Repository/Выполнение бизнес-плана/Значения со страницы Выполнение бизнес-плана/Table Data/План Отпуск в сеть за отчётный период 4' is: '56 729 408'

03-03-2025T13:26:21 - [MESSAGE][PASSED] - Text of object 'Object Repository/Выполнение бизнес-плана/Значения со страницы Выполнение бизнес-плана/Table Data/План Отпуск в сеть за отчётный период 4' is: '56 729 408'

03-03-2025T13:26:21 - [TEST_STEP][PASSED] - if (page == "" || page == null): null

03-03-2025T13:26:21 - [TEST_STEP][PASSED] - else: null

03-03-2025T13:26:21 - [TEST_STEP][PASSED] - page = page.replaceAll("\s+", ""): null

03-03-2025T13:26:21 - [TEST_STEP][PASSED] - fileOtpuskVSet = otpusk.toInteger(): null

03-03-2025T13:26:21 - [TEST_STEP][PASSED] - pageOtpuskVSet = page.toInteger(): null

03-03-2025T13:26:21 - [TEST_STEP][PASSED] - typeOfData = typeOfDataMain + " Потери": null

03-03-2025T13:26:21 - [TEST_STEP][PASSED] - if (a == 82): null

03-03-2025T13:26:21 - [TEST_STEP][PASSED] - else if (a == 84): null

03-03-2025T13:26:21 - [TEST_STEP][PASSED] - else if (a == 83 || a == 52 || a == 72 || a == 28 || a == 73 || a == 77 || a == 74 || a == 65 || a == 44 || a == 53 || a == 80 || a == 54 || a == 1 || a == 18 || a == 59 || a == 81): null

03-03-2025T13:26:21 - [TEST_STEP][PASSED] - path = dataFolder + "Table Data/" + typeOfData + " за отчётный период " + dzoNum: null

03-03-2025T13:26:21 - [TEST_STEP][PASSED] - page = getText(findTestObject(path)): Text of object 'Object Repository/Выполнение бизнес-плана/Значения со страницы Выполнение бизнес-плана/Table Data/План Потери за отчётный период 4' is: '3 303 949'

03-03-2025T13:26:21 - [MESSAGE][PASSED] - Text of object 'Object Repository/Выполнение бизнес-плана/Значения со страницы Выполнение бизнес-плана/Table Data/План Потери за отчётный период 4' is: '3 303 949'

03-03-2025T13:26:21 - [TEST_STEP][PASSED] - if (page == "" || page == null): null

03-03-2025T13:26:21 - [TEST_STEP][PASSED] - else: null

03-03-2025T13:26:21 - [TEST_STEP][PASSED] - page = page.replaceAll("\s+", ""): null

03-03-2025T13:26:21 - [TEST_STEP][PASSED] - filePoteri = poteri.toInteger(): null

03-03-2025T13:26:21 - [TEST_STEP][PASSED] - pagePoteri = page.toInteger(): null

03-03-2025T13:26:21 - [TEST_STEP][PASSED] - compare = pageOtpuskVSet: null

03-03-2025T13:26:21 - [TEST_STEP][PASSED] - if (pageOtpuskVSet != null): null

03-03-2025T13:26:21 - [TEST_STEP][PASSED] - if (compare == fileOtpuskVSet): null

03-03-2025T13:26:21 - [TEST_STEP][PASSED] - else if (compare > fileOtpuskVSet): null

03-03-2025T13:26:21 - [TEST_STEP][PASSED] - compare = compare - 1: null

03-03-2025T13:26:21 - [TEST_STEP][PASSED] - if (compare == fileOtpuskVSet): null

03-03-2025T13:26:21 - [TEST_STEP][PASSED] - else: null

03-03-2025T13:26:21 - [TEST_STEP][PASSED] - numberOfErrors = numberOfErrors + 1: null

03-03-2025T13:26:21 - [TEST_STEP][PASSED] - pageInt = pageOtpuskVSet: null

03-03-2025T13:26:21 - [TEST_STEP][PASSED] - fileInt = fileOtpuskVSet: null

03-03-2025T13:26:21 - [TEST_STEP][PASSED] - typeOfData = typeOfDataMain + " Отпуск в сеть": null

03-03-2025T13:26:21 - [TEST_STEP][PASSED] - Script1718980020443.WriteToExcel(a, typeOfData, todaysDate, pageInt, fileInt, pageDouble, fileDouble, dZO): null

03-03-2025T13:26:21 - [TEST_STEP][PASSED] - sheetName = "Sheet1": null

03-03-2025T13:26:21 - [TEST_STEP][PASSED] - data = findTestData("PlanFact"): null

03-03-2025T13:26:21 - [TEST_STEP][PASSED] - n = data.getRowNumbers() + 1: null

03-03-2025T13:26:21 - [TEST_STEP][PASSED] - day = ")).toInteger(): null

03-03-2025T13:26:21 - [TEST_STEP][PASSED] - println(day): null

03-03-2025T13:26:21 - [TEST_STEP][PASSED] - month = ")).toInteger(): null

03-03-2025T13:26:21 - [TEST_STEP][PASSED] - println(month): null

03-03-2025T13:26:21 - [TEST_STEP][PASSED] - y = <not implemented yet for class: org.codehaus.groovy.ast.expr.EmptyExpression>: null

03-03-2025T13:26:21 - [TEST_STEP][PASSED] - iy = <not implemented yet for class: org.codehaus.groovy.ast.expr.EmptyExpression>: null

03-03-2025T13:26:21 - [TEST_STEP][PASSED] - m = getText(findTestObject("Выполнение бизнес-плана/Период")): Text of object 'Object Repository/Выполнение бизнес-плана/Период' is: '2024 год'

03-03-2025T13:26:21 - [MESSAGE][PASSED] - Text of object 'Object Repository/Выполнение бизнес-плана/Период' is: '2024 год'

03-03-2025T13:26:21 - [TEST_STEP][PASSED] - iy = m.indexOf("20"): null

03-03-2025T13:26:21 - [TEST_STEP][PASSED] - if (iy > -1): null

03-03-2025T13:26:21 - [TEST_STEP][PASSED] - y = substring(iy, iy + 4).toInteger(): null

03-03-2025T13:26:21 - [TEST_STEP][PASSED] - println(y): null

03-03-2025T13:26:21 - [TEST_STEP][PASSED] - if (toString().length() == 4): null

03-03-2025T13:26:21 - [TEST_STEP][PASSED] - m = m.substring(0, m.indexOf(y.toString())): null

03-03-2025T13:26:21 - [TEST_STEP][PASSED] - m = m.trim(): null

03-03-2025T13:26:21 - [TEST_STEP][PASSED] - if (m == ""): null

03-03-2025T13:26:21 - [TEST_STEP][PASSED] - m = "весь год": null

03-03-2025T13:26:21 - [TEST_STEP][PASSED] - dashboardName = "Выполнение бизнес-плана": null

03-03-2025T13:26:21 - [TEST_STEP][PASSED] - workbook01 = getWorkbook(excelFilePath): null

03-03-2025T13:26:21 - [TEST_STEP][PASSED] - sheet01 = getExcelSheet(workbook01, sheetName): null

03-03-2025T13:26:21 - [TEST_STEP][PASSED] - setValueToCellByIndex(sheet01, n, 0, dashboardName): null

03-03-2025T13:26:21 - [TEST_STEP][PASSED] - setValueToCellByIndex(sheet01, n, 1, dZO): null

03-03-2025T13:26:21 - [TEST_STEP][PASSED] - setValueToCellByIndex(sheet01, n, 2, typeOfData): null

03-03-2025T13:26:21 - [TEST_STEP][PASSED] - if (typeOfData == "Факт в процентах" || typeOfData == "План в процентах"): null

03-03-2025T13:26:21 - [TEST_STEP][PASSED] - else: null

03-03-2025T13:26:21 - [TEST_STEP][PASSED] - setValueToCellByIndex(sheet01, n, 3, fileInt): null

03-03-2025T13:26:21 - [TEST_STEP][PASSED] - setValueToCellByIndex(sheet01, n, 4, pageInt): null

03-03-2025T13:26:21 - [TEST_STEP][PASSED] - setValueToCellByIndex(sheet01, n, 5, m): null

03-03-2025T13:26:21 - [TEST_STEP][PASSED] - setValueToCellByIndex(sheet01, n, 6, y): null

03-03-2025T13:26:21 - [TEST_STEP][PASSED] - setValueToCellByIndex(sheet01, n, 7, todaysDate): null

03-03-2025T13:26:21 - [TEST_STEP][PASSED] - n = n + 1: null

03-03-2025T13:26:21 - [TEST_STEP][PASSED] - saveWorkbook(excelFilePath, workbook01): null

03-03-2025T13:26:22 - [TEST_STEP][PASSED] - compare = pagePoteri: null

03-03-2025T13:26:22 - [TEST_STEP][PASSED] - if (pageOtpuskVSet != null): null

03-03-2025T13:26:22 - [TEST_STEP][PASSED] - if (compare == filePoteri): null

03-03-2025T13:26:22 - [TEST_STEP][PASSED] - else if (compare > filePoteri): null

03-03-2025T13:26:22 - [TEST_STEP][PASSED] - compare = compare - 1: null

03-03-2025T13:26:22 - [TEST_STEP][PASSED] - if (compare == filePoteri): null

03-03-2025T13:26:22 - [TEST_STEP][PASSED] - else: null

03-03-2025T13:26:22 - [TEST_STEP][PASSED] - numberOfErrors = numberOfErrors + 1: null

03-03-2025T13:26:22 - [TEST_STEP][PASSED] - pageInt = pagePoteri: null

03-03-2025T13:26:22 - [TEST_STEP][PASSED] - fileInt = filePoteri: null

03-03-2025T13:26:22 - [TEST_STEP][PASSED] - typeOfData = typeOfDataMain + " Потери": null

03-03-2025T13:26:22 - [TEST_STEP][PASSED] - Script1718980020443.WriteToExcel(a, typeOfData, todaysDate, pageInt, fileInt, pageDouble, fileDouble, dZO): null

03-03-2025T13:26:22 - [TEST_STEP][PASSED] - sheetName = "Sheet1": null

03-03-2025T13:26:22 - [TEST_STEP][PASSED] - data = findTestData("PlanFact"): null

03-03-2025T13:26:22 - [TEST_STEP][PASSED] - n = data.getRowNumbers() + 1: null

03-03-2025T13:26:22 - [TEST_STEP][PASSED] - day = ")).toInteger(): null

03-03-2025T13:26:22 - [TEST_STEP][PASSED] - println(day): null

03-03-2025T13:26:22 - [TEST_STEP][PASSED] - month = ")).toInteger(): null

03-03-2025T13:26:22 - [TEST_STEP][PASSED] - println(month): null

03-03-2025T13:26:22 - [TEST_STEP][PASSED] - y = <not implemented yet for class: org.codehaus.groovy.ast.expr.EmptyExpression>: null

03-03-2025T13:26:22 - [TEST_STEP][PASSED] - iy = <not implemented yet for class: org.codehaus.groovy.ast.expr.EmptyExpression>: null

03-03-2025T13:26:22 - [TEST_STEP][PASSED] - m = getText(findTestObject("Выполнение бизнес-плана/Период")): Text of object 'Object Repository/Выполнение бизнес-плана/Период' is: '2024 год'

03-03-2025T13:26:22 - [MESSAGE][PASSED] - Text of object 'Object Repository/Выполнение бизнес-плана/Период' is: '2024 год'

03-03-2025T13:26:22 - [TEST_STEP][PASSED] - iy = m.indexOf("20"): null

03-03-2025T13:26:22 - [TEST_STEP][PASSED] - if (iy > -1): null

03-03-2025T13:26:22 - [TEST_STEP][PASSED] - y = substring(iy, iy + 4).toInteger(): null

03-03-2025T13:26:22 - [TEST_STEP][PASSED] - println(y): null

03-03-2025T13:26:22 - [TEST_STEP][PASSED] - if (toString().length() == 4): null

03-03-2025T13:26:22 - [TEST_STEP][PASSED] - m = m.substring(0, m.indexOf(y.toString())): null

03-03-2025T13:26:22 - [TEST_STEP][PASSED] - m = m.trim(): null

03-03-2025T13:26:22 - [TEST_STEP][PASSED] - if (m == ""): null

03-03-2025T13:26:22 - [TEST_STEP][PASSED] - m = "весь год": null

03-03-2025T13:26:22 - [TEST_STEP][PASSED] - dashboardName = "Выполнение бизнес-плана": null

03-03-2025T13:26:22 - [TEST_STEP][PASSED] - workbook01 = getWorkbook(excelFilePath): null

03-03-2025T13:26:22 - [TEST_STEP][PASSED] - sheet01 = getExcelSheet(workbook01, sheetName): null

03-03-2025T13:26:22 - [TEST_STEP][PASSED] - setValueToCellByIndex(sheet01, n, 0, dashboardName): null

03-03-2025T13:26:22 - [TEST_STEP][PASSED] - setValueToCellByIndex(sheet01, n, 1, dZO): null

03-03-2025T13:26:22 - [TEST_STEP][PASSED] - setValueToCellByIndex(sheet01, n, 2, typeOfData): null

03-03-2025T13:26:22 - [TEST_STEP][PASSED] - if (typeOfData == "Факт в процентах" || typeOfData == "План в процентах"): null

03-03-2025T13:26:22 - [TEST_STEP][PASSED] - else: null

03-03-2025T13:26:22 - [TEST_STEP][PASSED] - setValueToCellByIndex(sheet01, n, 3, fileInt): null

03-03-2025T13:26:22 - [TEST_STEP][PASSED] - setValueToCellByIndex(sheet01, n, 4, pageInt): null

03-03-2025T13:26:22 - [TEST_STEP][PASSED] - setValueToCellByIndex(sheet01, n, 5, m): null

03-03-2025T13:26:22 - [TEST_STEP][PASSED] - setValueToCellByIndex(sheet01, n, 6, y): null

03-03-2025T13:26:22 - [TEST_STEP][PASSED] - setValueToCellByIndex(sheet01, n, 7, todaysDate): null

03-03-2025T13:26:22 - [TEST_STEP][PASSED] - n = n + 1: null

03-03-2025T13:26:22 - [TEST_STEP][PASSED] - saveWorkbook(excelFilePath, workbook01): Object: 'Object Repository/Выполнение бизнес-плана/Кнопка Факт' is clicked on

03-03-2025T13:26:22 - [TEST_STEP][PASSED] - if (planFact == 2): Object: 'Object Repository/Выполнение бизнес-плана/Кнопка Факт' is clicked on

03-03-2025T13:26:22 - [TEST_STEP][PASSED] - click(findTestObject("Выполнение бизнес-плана/Кнопка Факт")): Object: 'Object Repository/Выполнение бизнес-плана/Кнопка Факт' is clicked on

03-03-2025T13:26:23 - [MESSAGE][PASSED] - Object: 'Object Repository/Выполнение бизнес-плана/Кнопка Факт' is clicked on

03-03-2025T13:26:23 - [TEST_STEP][PASSED] - println("a=" + a): null

03-03-2025T13:26:23 - [TEST_STEP][PASSED] - if (a == 84 || a == 82): null

03-03-2025T13:26:23 - [TEST_STEP][PASSED] - else if (a == 83 || a == 52 || a == 72 || a == 28 || a == 73 || a == 77 || a == 74 || a == 65 || a == 36 || a == 44 || a == 53 || a == 80 || a == 54 || a == 1 || a == 18 || a == 59 || a == 81): null

03-03-2025T13:26:23 - [TEST_STEP][PASSED] - page1 = getText(findTestObject("Object Repository/Выполнение бизнес-плана/spanPlan" + dzoNum)): Text of object 'Object Repository/Выполнение бизнес-плана/spanPlan4' is: '5.78
|'

03-03-2025T13:26:23 - [MESSAGE][PASSED] - Text of object 'Object Repository/Выполнение бизнес-плана/spanPlan4' is: '5.78
|'

03-03-2025T13:26:23 - [TEST_STEP][PASSED] - page1 = page1.replace("|", ""): null

03-03-2025T13:26:23 - [TEST_STEP][PASSED] - page2 = getText(findTestObject("Object Repository/Выполнение бизнес-плана/spanFact" + dzoNum)): Text of object 'Object Repository/Выполнение бизнес-плана/spanFact4' is: '5.33'

03-03-2025T13:26:23 - [MESSAGE][PASSED] - Text of object 'Object Repository/Выполнение бизнес-плана/spanFact4' is: '5.33'

03-03-2025T13:26:23 - [TEST_STEP][PASSED] - page2 = page2.replace("|", ""): null

03-03-2025T13:26:23 - [TEST_STEP][PASSED] - println("page1: " + page1): null

03-03-2025T13:26:23 - [TEST_STEP][PASSED] - println("page2: " + page2): null

03-03-2025T13:26:23 - [TEST_STEP][PASSED] - file = findTestData("PlanFact").getValue(4, a): null

03-03-2025T13:26:23 - [TEST_STEP][PASSED] - file = file.replace(",", "."): null

03-03-2025T13:26:23 - [TEST_STEP][PASSED] - println("file Plan: " + file): null

03-03-2025T13:26:23 - [TEST_STEP][PASSED] - typeOfData = "План в процентах": null

03-03-2025T13:26:23 - [TEST_STEP][PASSED] - fileDouble = file.toDouble(): null

03-03-2025T13:26:23 - [TEST_STEP][PASSED] - pageDouble = page1.toDouble(): null

03-03-2025T13:26:23 - [TEST_STEP][PASSED] - if (fileDouble != pageDouble): null

03-03-2025T13:26:23 - [TEST_STEP][PASSED] - file = findTestData("PlanFact").getValue(7, a): null

03-03-2025T13:26:23 - [TEST_STEP][PASSED] - file = file.replace(",", "."): null

03-03-2025T13:26:23 - [TEST_STEP][PASSED] - println("file Fact: " + file): null

03-03-2025T13:26:23 - [TEST_STEP][PASSED] - fileDouble = file.toDouble(): null

03-03-2025T13:26:23 - [TEST_STEP][PASSED] - typeOfData = "Факт в процентах": null

03-03-2025T13:26:23 - [TEST_STEP][PASSED] - fileDouble = file.toDouble(): null

03-03-2025T13:26:23 - [TEST_STEP][PASSED] - pageDouble = page2.toDouble(): null

03-03-2025T13:26:23 - [TEST_STEP][PASSED] - if (fileDouble != pageDouble): null

03-03-2025T13:26:23 - [TEST_STEP][PASSED] - numberOfErrors = numberOfErrors + 1: null

03-03-2025T13:26:23 - [TEST_STEP][PASSED] - Script1718980020443.WriteToExcel(a, typeOfData, todaysDate, pageInt, fileInt, pageDouble, fileDouble, dZO): null

03-03-2025T13:26:23 - [TEST_STEP][PASSED] - sheetName = "Sheet1": null

03-03-2025T13:26:23 - [TEST_STEP][PASSED] - data = findTestData("PlanFact"): null

03-03-2025T13:26:23 - [TEST_STEP][PASSED] - n = data.getRowNumbers() + 1: null

03-03-2025T13:26:23 - [TEST_STEP][PASSED] - day = ")).toInteger(): null

03-03-2025T13:26:23 - [TEST_STEP][PASSED] - println(day): null

03-03-2025T13:26:23 - [TEST_STEP][PASSED] - month = ")).toInteger(): null

03-03-2025T13:26:23 - [TEST_STEP][PASSED] - println(month): null

03-03-2025T13:26:23 - [TEST_STEP][PASSED] - y = <not implemented yet for class: org.codehaus.groovy.ast.expr.EmptyExpression>: null

03-03-2025T13:26:23 - [TEST_STEP][PASSED] - iy = <not implemented yet for class: org.codehaus.groovy.ast.expr.EmptyExpression>: null

03-03-2025T13:26:23 - [TEST_STEP][PASSED] - m = getText(findTestObject("Выполнение бизнес-плана/Период")): Text of object 'Object Repository/Выполнение бизнес-плана/Период' is: '2024 год'

03-03-2025T13:26:24 - [MESSAGE][PASSED] - Text of object 'Object Repository/Выполнение бизнес-плана/Период' is: '2024 год'

03-03-2025T13:26:24 - [TEST_STEP][PASSED] - iy = m.indexOf("20"): null

03-03-2025T13:26:24 - [TEST_STEP][PASSED] - if (iy > -1): null

03-03-2025T13:26:24 - [TEST_STEP][PASSED] - y = substring(iy, iy + 4).toInteger(): null

03-03-2025T13:26:24 - [TEST_STEP][PASSED] - println(y): null

03-03-2025T13:26:24 - [TEST_STEP][PASSED] - if (toString().length() == 4): null

03-03-2025T13:26:24 - [TEST_STEP][PASSED] - m = m.substring(0, m.indexOf(y.toString())): null

03-03-2025T13:26:24 - [TEST_STEP][PASSED] - m = m.trim(): null

03-03-2025T13:26:24 - [TEST_STEP][PASSED] - if (m == ""): null

03-03-2025T13:26:24 - [TEST_STEP][PASSED] - m = "весь год": null

03-03-2025T13:26:24 - [TEST_STEP][PASSED] - dashboardName = "Выполнение бизнес-плана": null

03-03-2025T13:26:24 - [TEST_STEP][PASSED] - workbook01 = getWorkbook(excelFilePath): null

03-03-2025T13:26:24 - [TEST_STEP][PASSED] - sheet01 = getExcelSheet(workbook01, sheetName): null

03-03-2025T13:26:24 - [TEST_STEP][PASSED] - setValueToCellByIndex(sheet01, n, 0, dashboardName): null

03-03-2025T13:26:24 - [TEST_STEP][PASSED] - setValueToCellByIndex(sheet01, n, 1, dZO): null

03-03-2025T13:26:24 - [TEST_STEP][PASSED] - setValueToCellByIndex(sheet01, n, 2, typeOfData): null

03-03-2025T13:26:24 - [TEST_STEP][PASSED] - if (typeOfData == "Факт в процентах" || typeOfData == "План в процентах"): null

03-03-2025T13:26:24 - [TEST_STEP][PASSED] - setValueToCellByIndex(sheet01, n, 3, fileDouble): null

03-03-2025T13:26:24 - [TEST_STEP][PASSED] - setValueToCellByIndex(sheet01, n, 4, pageDouble): null

03-03-2025T13:26:24 - [TEST_STEP][PASSED] - setValueToCellByIndex(sheet01, n, 5, m): null

03-03-2025T13:26:24 - [TEST_STEP][PASSED] - setValueToCellByIndex(sheet01, n, 6, y): null

03-03-2025T13:26:24 - [TEST_STEP][PASSED] - setValueToCellByIndex(sheet01, n, 7, todaysDate): null

03-03-2025T13:26:24 - [TEST_STEP][PASSED] - n = n + 1: null

03-03-2025T13:26:24 - [TEST_STEP][PASSED] - saveWorkbook(excelFilePath, workbook01): null

03-03-2025T13:26:24 - [TEST_STEP][FAILED] - if (verifyEqual(numberOfErrors, 0) == false): null

03-03-2025T13:26:24 - [MESSAGE][FAILED] - Unable to verify equal between actual object '5' and expected object '0' (Root cause: com.kms.katalon.core.exception.StepFailedException: Actual object '5' and expected object '0' are not equal
	at com.kms.katalon.core.keyword.builtin.VerifyEqualKeyword$_verifyEqual_closure1.doCall(VerifyEqualKeyword.groovy:58)
	at com.kms.katalon.core.keyword.builtin.VerifyEqualKeyword$_verifyEqual_closure1.call(VerifyEqualKeyword.groovy)
	at com.kms.katalon.core.keyword.internal.KeywordMain.runKeyword(KeywordMain.groovy:75)
	at com.kms.katalon.core.keyword.builtin.VerifyEqualKeyword.verifyEqual(VerifyEqualKeyword.groovy:63)
	at com.kms.katalon.core.keyword.builtin.VerifyEqualKeyword.execute(VerifyEqualKeyword.groovy:44)
	at com.kms.katalon.core.keyword.internal.KeywordExecutor.executeKeywordForPlatform(KeywordExecutor.groovy:74)
	at com.kms.katalon.core.keyword.BuiltinKeywords.verifyEqual(BuiltinKeywords.groovy:146)
	at jdk.internal.reflect.GeneratedMethodAccessor24.invoke(Unknown Source)
	at java.base/jdk.internal.reflect.DelegatingMethodAccessorImpl.invoke(DelegatingMethodAccessorImpl.java:43)
	at Выполнение бизнес-плана Сверка ПАО Россети все филиалы.Numbers(Выполнение бизнес-плана Сверка ПАО Россети все филиалы:736)
	at Выполнение бизнес-плана Сверка ПАО Россети все филиалы.run(Выполнение бизнес-плана Сверка ПАО Россети все филиалы:224)
	at com.kms.katalon.core.main.ScriptEngine.run(ScriptEngine.java:194)
	at com.kms.katalon.core.main.ScriptEngine.runScriptAsRawText(ScriptEngine.java:119)
	at com.kms.katalon.core.main.TestCaseExecutor.runScript(TestCaseExecutor.java:448)
	at com.kms.katalon.core.main.TestCaseExecutor.doExecute(TestCaseExecutor.java:439)
	at com.kms.katalon.core.main.TestCaseExecutor.processExecutionPhase(TestCaseExecutor.java:418)
	at com.kms.katalon.core.main.TestCaseExecutor.accessMainPhase(TestCaseExecutor.java:410)
	at com.kms.katalon.core.main.TestCaseExecutor.execute(TestCaseExecutor.java:285)
	at com.kms.katalon.core.common.CommonExecutor.accessTestCaseMainPhase(CommonExecutor.java:65)
	at com.kms.katalon.core.main.TestSuiteExecutor.accessTestSuiteMainPhase(TestSuiteExecutor.java:150)
	at com.kms.katalon.core.main.TestSuiteExecutor.execute(TestSuiteExecutor.java:106)
	at com.kms.katalon.core.main.TestCaseMain.startTestSuite(TestCaseMain.java:180)
	at TempTestSuite1740991900055.run(TempTestSuite1740991900055.groovy:35)
	at java.base/jdk.internal.reflect.NativeMethodAccessorImpl.invoke0(Native Method)
	at java.base/jdk.internal.reflect.NativeMethodAccessorImpl.invoke(NativeMethodAccessorImpl.java:77)
	at java.base/jdk.internal.reflect.DelegatingMethodAccessorImpl.invoke(DelegatingMethodAccessorImpl.java:43)
)

03-03-2025T13:26:24 - [TEST_STEP][PASSED] - println(numberOfErrors): null

03-03-2025T13:26:24 - [TEST_STEP][PASSED] - println("a=" + a): null

03-03-2025T13:26:24 - [TEST_STEP][PASSED] - if (a == 28 || a == 77 || a == 74 || a == 65 || a == 36 || a == 44 || a == 54 || a == 1 || a == 18 || a == 59): null

03-03-2025T13:26:24 - [TEST_STEP][PASSED] - Script1718980020443.Filials(a, typeOfData, todaysDate, pageInt, fileInt, pageDouble, fileDouble, dZO, dzoNum, filialNum): null

03-03-2025T13:26:24 - [TEST_STEP][PASSED] - i = <not implemented yet for class: org.codehaus.groovy.ast.expr.EmptyExpression>: null

03-03-2025T13:26:24 - [TEST_STEP][PASSED] - c = <not implemented yet for class: org.codehaus.groovy.ast.expr.EmptyExpression>: null

03-03-2025T13:26:24 - [TEST_STEP][PASSED] - page = <not implemented yet for class: org.codehaus.groovy.ast.expr.EmptyExpression>: null

03-03-2025T13:26:24 - [TEST_STEP][PASSED] - println(dZO): null

03-03-2025T13:26:24 - [TEST_STEP][PASSED] - reducedDZO = <not implemented yet for class: org.codehaus.groovy.ast.expr.EmptyExpression>: null

03-03-2025T13:26:24 - [TEST_STEP][PASSED] - reducedDZO = dZO.substring(dZO.indexOf(" ") + 1, dZO.length()): null

03-03-2025T13:26:24 - [TEST_STEP][PASSED] - if (reducedDZO.contains(" ")): null

03-03-2025T13:26:24 - [TEST_STEP][PASSED] - println(reducedDZO): null

03-03-2025T13:26:24 - [TEST_STEP][PASSED] - dzoCut = <not implemented yet for class: org.codehaus.groovy.ast.expr.EmptyExpression>: null

03-03-2025T13:26:24 - [TEST_STEP][PASSED] - Script1718980020443.DZO(a): null

03-03-2025T13:26:24 - [TEST_STEP][PASSED] - delay(20): Delayed 20 second(s)

03-03-2025T13:26:44 - [MESSAGE][PASSED] - Delayed 20 second(s)

03-03-2025T13:26:44 - [TEST_STEP][PASSED] - Script1718980020443.OpenFilter(): null

03-03-2025T13:26:44 - [TEST_STEP][PASSED] - click(findTestObject("Object Repository/Выполнение бизнес-плана/Фильтр ДЗО")): Object: 'Object Repository/Выполнение бизнес-плана/Фильтр ДЗО' is clicked on

03-03-2025T13:26:44 - [MESSAGE][PASSED] - Object: 'Object Repository/Выполнение бизнес-плана/Фильтр ДЗО' is clicked on

03-03-2025T13:26:44 - [TEST_STEP][PASSED] - click(findTestObject("Выполнение бизнес-плана/Снять выделение в фильтре ДЗО")): Object: 'Object Repository/Выполнение бизнес-плана/Снять выделение в фильтре ДЗО' is clicked on

03-03-2025T13:26:45 - [MESSAGE][PASSED] - Object: 'Object Repository/Выполнение бизнес-плана/Снять выделение в фильтре ДЗО' is clicked on

03-03-2025T13:26:45 - [TEST_STEP][PASSED] - Script1718980020443.OpenRSK(): null

03-03-2025T13:26:45 - [TEST_STEP][PASSED] - click(findTestObject("Выполнение бизнес-плана/Раскрыть список ПАО Россети в фильтре ДЗО")): Object: 'Object Repository/Выполнение бизнес-плана/Раскрыть список ПАО Россети в фильтре ДЗО' is clicked on

03-03-2025T13:26:45 - [MESSAGE][PASSED] - Object: 'Object Repository/Выполнение бизнес-плана/Раскрыть список ПАО Россети в фильтре ДЗО' is clicked on

03-03-2025T13:26:45 - [TEST_STEP][PASSED] - click(findTestObject("Выполнение бизнес-плана/Раскрыть список РаспредКомплекс в фильтре ДЗО")): Object: 'Object Repository/Выполнение бизнес-плана/Раскрыть список РаспредКомплекс в фильтре ДЗО' is clicked on

03-03-2025T13:26:46 - [MESSAGE][PASSED] - Object: 'Object Repository/Выполнение бизнес-плана/Раскрыть список РаспредКомплекс в фильтре ДЗО' is clicked on

03-03-2025T13:26:46 - [TEST_STEP][PASSED] - if (a == 28): Object: 'Object Repository/Выполнение бизнес-плана/Россети Волга' is clicked on

03-03-2025T13:26:46 - [TEST_STEP][PASSED] - scrollToElement(findTestObject("Общие объекты/Раскрыть список Россети Волга"), 30): Scroll to object 'Object Repository/Общие объекты/Раскрыть список Россети Волга' successfully

03-03-2025T13:26:46 - [MESSAGE][PASSED] - Scroll to object 'Object Repository/Общие объекты/Раскрыть список Россети Волга' successfully

03-03-2025T13:26:46 - [TEST_STEP][PASSED] - click(findTestObject("Выполнение бизнес-плана/Россети Волга")): Object: 'Object Repository/Выполнение бизнес-плана/Россети Волга' is clicked on

03-03-2025T13:26:46 - [MESSAGE][PASSED] - Object: 'Object Repository/Выполнение бизнес-плана/Россети Волга' is clicked on

03-03-2025T13:26:46 - [TEST_STEP][PASSED] - if (a == 77): null

03-03-2025T13:26:46 - [TEST_STEP][PASSED] - if (a == 74): null

03-03-2025T13:26:46 - [TEST_STEP][PASSED] - if (a == 65): null

03-03-2025T13:26:46 - [TEST_STEP][PASSED] - if (a == 36): null

03-03-2025T13:26:46 - [TEST_STEP][PASSED] - if (a == 44): null

03-03-2025T13:26:46 - [TEST_STEP][PASSED] - if (a == 54): null

03-03-2025T13:26:46 - [TEST_STEP][PASSED] - if (a == 1): null

03-03-2025T13:26:46 - [TEST_STEP][PASSED] - if (a == 18): null

03-03-2025T13:26:46 - [TEST_STEP][PASSED] - if (a == 59): null

03-03-2025T13:26:46 - [TEST_STEP][PASSED] - Script1718980020443.CloseFilter(): null

03-03-2025T13:26:46 - [TEST_STEP][PASSED] - scrollToElement(findTestObject("Выполнение бизнес-плана/Заголовок дашборда"), 30): Scroll to object 'Object Repository/Выполнение бизнес-плана/Заголовок дашборда' successfully

03-03-2025T13:26:47 - [MESSAGE][PASSED] - Scroll to object 'Object Repository/Выполнение бизнес-плана/Заголовок дашборда' successfully

03-03-2025T13:26:47 - [TEST_STEP][PASSED] - click(findTestObject("Object Repository/Выполнение бизнес-плана/Применить в фильтре ДЗО")): Object: 'Object Repository/Выполнение бизнес-плана/Применить в фильтре ДЗО' is clicked on

03-03-2025T13:26:48 - [MESSAGE][PASSED] - Object: 'Object Repository/Выполнение бизнес-плана/Применить в фильтре ДЗО' is clicked on

03-03-2025T13:26:48 - [TEST_STEP][PASSED] - delay(20): Delayed 20 second(s)

03-03-2025T13:27:08 - [MESSAGE][PASSED] - Delayed 20 second(s)

03-03-2025T13:27:08 - [TEST_STEP][PASSED] - Script1718980020443.ZakrytOpoveshenie(): null

03-03-2025T13:27:08 - [TEST_STEP][PASSED] - delay(10): Delayed 10 second(s)

03-03-2025T13:27:18 - [MESSAGE][PASSED] - Delayed 10 second(s)

03-03-2025T13:27:18 - [TEST_STEP][PASSED] - opoveshenie = getText(findTestObject("Выполнение бизнес-плана/Просьба обратить внимание")): Text of object 'Object Repository/Выполнение бизнес-плана/Просьба обратить внимание' is: ''

03-03-2025T13:27:18 - [MESSAGE][PASSED] - Text of object 'Object Repository/Выполнение бизнес-плана/Просьба обратить внимание' is: ''

03-03-2025T13:27:18 - [TEST_STEP][PASSED] - println(opoveshenie): null

03-03-2025T13:27:18 - [TEST_STEP][PASSED] - if (opoveshenie == "Просьба обратить внимание"): null

03-03-2025T13:27:18 - [TEST_STEP][PASSED] - page = getText(findTestObject("Object Repository/Выполнение бизнес-плана/Filials")): Text of object 'Object Repository/Выполнение бизнес-плана/Filials' is: 'Россети Волга
0
10
20
30
40
50
60
70'

03-03-2025T13:27:19 - [MESSAGE][PASSED] - Text of object 'Object Repository/Выполнение бизнес-плана/Filials' is: 'Россети Волга
0
10
20
30
40
50
60
70'

03-03-2025T13:27:19 - [TEST_STEP][PASSED] - println(page): null

03-03-2025T13:27:19 - [TEST_STEP][PASSED] - c = page.indexOf(reducedDZO): null

03-03-2025T13:27:19 - [TEST_STEP][PASSED] - if (c > -1): null

03-03-2025T13:27:19 - [TEST_STEP][PASSED] - click(findTestObject("Выполнение бизнес-плана/список")): Object: 'Object Repository/Выполнение бизнес-плана/список' is clicked on

03-03-2025T13:27:19 - [MESSAGE][PASSED] - Object: 'Object Repository/Выполнение бизнес-плана/список' is clicked on

03-03-2025T13:27:19 - [TEST_STEP][PASSED] - delay(10): Delayed 10 second(s)

03-03-2025T13:27:29 - [MESSAGE][PASSED] - Delayed 10 second(s)

03-03-2025T13:27:29 - [TEST_STEP][PASSED] - click(findTestObject("Выполнение бизнес-плана/Раскрытие списка")): Object: 'Object Repository/Выполнение бизнес-плана/Раскрытие списка' is clicked on

03-03-2025T13:27:29 - [MESSAGE][PASSED] - Object: 'Object Repository/Выполнение бизнес-плана/Раскрытие списка' is clicked on

03-03-2025T13:27:29 - [TEST_STEP][PASSED] - delay(10): Delayed 10 second(s)

03-03-2025T13:27:39 - [MESSAGE][PASSED] - Delayed 10 second(s)

03-03-2025T13:27:39 - [TEST_STEP][PASSED] - page = getText(findTestObject("Object Repository/Выполнение бизнес-плана/Filials")): Text of object 'Object Repository/Выполнение бизнес-плана/Filials' is: 'Мордовэнерго
Оренбургэнерго
Пензаэнерго
Самарские РС
Саратовские РС
Ульяновские РС
Чувашэнерго
0
10
20
30
40
50
60
70'

03-03-2025T13:27:42 - [MESSAGE][PASSED] - Text of object 'Object Repository/Выполнение бизнес-плана/Filials' is: 'Мордовэнерго
Оренбургэнерго
Пензаэнерго
Самарские РС
Саратовские РС
Ульяновские РС
Чувашэнерго
0
10
20
30
40
50
60
70'

03-03-2025T13:27:42 - [TEST_STEP][PASSED] - println(page): null

03-03-2025T13:27:42 - [TEST_STEP][PASSED] - c = page.indexOf(reducedDZO): null

03-03-2025T13:27:42 - [TEST_STEP][PASSED] - x2 = getText(findTestObject("Выполнение бизнес-плана/Список ДЗО старый")): Text of object 'Object Repository/Выполнение бизнес-плана/Список ДЗО старый' is: 'Мордовэнерго
Оренбургэнерго
Пензаэнерго
Самарские РС
Саратовские РС
Ульяновские РС
Чувашэнерго
0
10
20
30
40
50
60
70'

03-03-2025T13:27:43 - [MESSAGE][PASSED] - Text of object 'Object Repository/Выполнение бизнес-плана/Список ДЗО старый' is: 'Мордовэнерго
Оренбургэнерго
Пензаэнерго
Самарские РС
Саратовские РС
Ульяновские РС
Чувашэнерго
0
10
20
30
40
50
60
70'

03-03-2025T13:27:43 - [TEST_STEP][PASSED] - if (a == 28): null

03-03-2025T13:27:43 - [TEST_STEP][PASSED] - dZO = "Мордовэнерго": null

03-03-2025T13:27:43 - [TEST_STEP][PASSED] - a = 29: null

03-03-2025T13:27:43 - [TEST_STEP][PASSED] - if (x2.contains(dZO)): null

03-03-2025T13:27:43 - [TEST_STEP][PASSED] - filialNum = filialNum + 1: null

03-03-2025T13:27:43 - [TEST_STEP][PASSED] - Script1718980020443.Numbers(a, typeOfData, todaysDate, pageInt, fileInt, pageDouble, fileDouble, dZO, dzoNum, filialNum): null

03-03-2025T13:27:43 - [TEST_STEP][PASSED] - println(dzoNum): null

03-03-2025T13:27:43 - [TEST_STEP][PASSED] - planFact = <not implemented yet for class: org.codehaus.groovy.ast.expr.EmptyExpression>: null

03-03-2025T13:27:43 - [TEST_STEP][PASSED] - page = <not implemented yet for class: org.codehaus.groovy.ast.expr.EmptyExpression>: null

03-03-2025T13:27:43 - [TEST_STEP][PASSED] - page1 = <not implemented yet for class: org.codehaus.groovy.ast.expr.EmptyExpression>: null

03-03-2025T13:27:43 - [TEST_STEP][PASSED] - page2 = <not implemented yet for class: org.codehaus.groovy.ast.expr.EmptyExpression>: null

03-03-2025T13:27:43 - [TEST_STEP][PASSED] - filialNumberInRow = <not implemented yet for class: org.codehaus.groovy.ast.expr.EmptyExpression>: null

03-03-2025T13:27:43 - [TEST_STEP][PASSED] - filialsDzoNames = <not implemented yet for class: org.codehaus.groovy.ast.expr.EmptyExpression>: null

03-03-2025T13:27:43 - [TEST_STEP][PASSED] - numberOfFilials = <not implemented yet for class: org.codehaus.groovy.ast.expr.EmptyExpression>: null

03-03-2025T13:27:43 - [TEST_STEP][PASSED] - numberOfSpaces = <not implemented yet for class: org.codehaus.groovy.ast.expr.EmptyExpression>: null

03-03-2025T13:27:43 - [TEST_STEP][PASSED] - file = <not implemented yet for class: org.codehaus.groovy.ast.expr.EmptyExpression>: null

03-03-2025T13:27:43 - [TEST_STEP][PASSED] - otpusk = <not implemented yet for class: org.codehaus.groovy.ast.expr.EmptyExpression>: null

03-03-2025T13:27:43 - [TEST_STEP][PASSED] - poteri = <not implemented yet for class: org.codehaus.groovy.ast.expr.EmptyExpression>: null

03-03-2025T13:27:43 - [TEST_STEP][PASSED] - dataFolder = "Выполнение бизнес-плана/Значения со страницы Выполнение бизнес-плана/": null

03-03-2025T13:27:43 - [TEST_STEP][PASSED] - path = <not implemented yet for class: org.codehaus.groovy.ast.expr.EmptyExpression>: null

03-03-2025T13:27:43 - [TEST_STEP][PASSED] - typeOfDataMain = <not implemented yet for class: org.codehaus.groovy.ast.expr.EmptyExpression>: null

03-03-2025T13:27:43 - [TEST_STEP][PASSED] - fileOtpuskVSet = <not implemented yet for class: org.codehaus.groovy.ast.expr.EmptyExpression>: null

03-03-2025T13:27:43 - [TEST_STEP][PASSED] - pageOtpuskVSet = <not implemented yet for class: org.codehaus.groovy.ast.expr.EmptyExpression>: null

03-03-2025T13:27:43 - [TEST_STEP][PASSED] - filePoteri = <not implemented yet for class: org.codehaus.groovy.ast.expr.EmptyExpression>: null

03-03-2025T13:27:43 - [TEST_STEP][PASSED] - pagePoteri = <not implemented yet for class: org.codehaus.groovy.ast.expr.EmptyExpression>: null

03-03-2025T13:27:43 - [TEST_STEP][PASSED] - compare = <not implemented yet for class: org.codehaus.groovy.ast.expr.EmptyExpression>: null

03-03-2025T13:27:43 - [TEST_STEP][PASSED] - b = <not implemented yet for class: org.codehaus.groovy.ast.expr.EmptyExpression>: null

03-03-2025T13:27:43 - [TEST_STEP][PASSED] - i = <not implemented yet for class: org.codehaus.groovy.ast.expr.EmptyExpression>: null

03-03-2025T13:27:43 - [TEST_STEP][PASSED] - ii = <not implemented yet for class: org.codehaus.groovy.ast.expr.EmptyExpression>: null

03-03-2025T13:27:43 - [TEST_STEP][PASSED] - c = <not implemented yet for class: org.codehaus.groovy.ast.expr.EmptyExpression>: null

03-03-2025T13:27:43 - [TEST_STEP][PASSED] - numberOfErrors = 0: null

03-03-2025T13:27:43 - [TEST_STEP][PASSED] - if (a == 82): null

03-03-2025T13:27:43 - [TEST_STEP][PASSED] - b = findTestData("PlanFact").getValue(1, a): null

03-03-2025T13:27:43 - [TEST_STEP][PASSED] - i = b.indexOf(" (ГК)"): null

03-03-2025T13:27:43 - [TEST_STEP][PASSED] - if (i > -1): null

03-03-2025T13:27:43 - [TEST_STEP][PASSED] - i = b.indexOf("О ""): null

03-03-2025T13:27:43 - [TEST_STEP][PASSED] - if (i > -1): null

03-03-2025T13:27:43 - [TEST_STEP][PASSED] - i = b.indexOf("О «"): null

03-03-2025T13:27:43 - [TEST_STEP][PASSED] - if (i > -1): null

03-03-2025T13:27:43 - [TEST_STEP][PASSED] - i = b.indexOf("г. "): null

03-03-2025T13:27:43 - [TEST_STEP][PASSED] - if (i > -1): null

03-03-2025T13:27:43 - [TEST_STEP][PASSED] - b = b.trim(): null

03-03-2025T13:27:43 - [TEST_STEP][PASSED] - println(b): null

03-03-2025T13:27:43 - [TEST_STEP][PASSED] - for ([planFact = 1, planFact < 3, (planFact++)]): Object: 'Object Repository/Выполнение бизнес-плана/Кнопка Факт' is clicked on

03-03-2025T13:27:43 - [TEST_STEP][PASSED] - if (planFact == 1): null

03-03-2025T13:27:43 - [TEST_STEP][PASSED] - typeOfDataMain = "Факт": null

03-03-2025T13:27:43 - [TEST_STEP][PASSED] - otpusk = findTestData("PlanFact").getValue(5, a): null

03-03-2025T13:27:43 - [TEST_STEP][PASSED] - poteri = findTestData("PlanFact").getValue(6, a): null

03-03-2025T13:27:43 - [TEST_STEP][PASSED] - otpusk = otpusk.replaceAll("\s+", ""): null

03-03-2025T13:27:43 - [TEST_STEP][PASSED] - poteri = poteri.replaceAll("\s+", ""): null

03-03-2025T13:27:43 - [TEST_STEP][PASSED] - typeOfData = typeOfDataMain + " Отпуск в сеть": null

03-03-2025T13:27:43 - [TEST_STEP][PASSED] - if (a == 82): null

03-03-2025T13:27:43 - [TEST_STEP][PASSED] - else if (a == 84): null

03-03-2025T13:27:43 - [TEST_STEP][PASSED] - else if (a == 83 || a == 52 || a == 72 || a == 28 || a == 73 || a == 77 || a == 74 || a == 65 || a == 36 || a == 44 || a == 53 || a == 80 || a == 54 || a == 1 || a == 18 || a == 59 || a == 81): null

03-03-2025T13:27:43 - [TEST_STEP][PASSED] - else: null

03-03-2025T13:27:43 - [TEST_STEP][PASSED] - path = dataFolder + typeOfData + " за отчётный период " + b: null

03-03-2025T13:27:43 - [TEST_STEP][PASSED] - println(path): null

03-03-2025T13:27:43 - [TEST_STEP][PASSED] - page = getText(findTestObject(path)): Text of object 'Object Repository/Выполнение бизнес-плана/Значения со страницы Выполнение бизнес-плана/Факт Отпуск в сеть за отчётный период Мордовэнерго' is: '2 422 471'

03-03-2025T13:27:43 - [MESSAGE][PASSED] - Text of object 'Object Repository/Выполнение бизнес-плана/Значения со страницы Выполнение бизнес-плана/Факт Отпуск в сеть за отчётный период Мордовэнерго' is: '2 422 471'

03-03-2025T13:27:43 - [TEST_STEP][PASSED] - if (page == "" || page == null): null

03-03-2025T13:27:43 - [TEST_STEP][PASSED] - else: null

03-03-2025T13:27:43 - [TEST_STEP][PASSED] - page = page.replaceAll("\s+", ""): null

03-03-2025T13:27:43 - [TEST_STEP][PASSED] - fileOtpuskVSet = otpusk.toInteger(): null

03-03-2025T13:27:43 - [TEST_STEP][PASSED] - pageOtpuskVSet = page.toInteger(): null

03-03-2025T13:27:43 - [TEST_STEP][PASSED] - typeOfData = typeOfDataMain + " Потери": null

03-03-2025T13:27:43 - [TEST_STEP][PASSED] - if (a == 82): null

03-03-2025T13:27:43 - [TEST_STEP][PASSED] - else if (a == 84): null

03-03-2025T13:27:43 - [TEST_STEP][PASSED] - else if (a == 83 || a == 52 || a == 72 || a == 28 || a == 73 || a == 77 || a == 74 || a == 65 || a == 44 || a == 53 || a == 80 || a == 54 || a == 1 || a == 18 || a == 59 || a == 81): null

03-03-2025T13:27:43 - [TEST_STEP][PASSED] - else: null

03-03-2025T13:27:43 - [TEST_STEP][PASSED] - path = dataFolder + typeOfData + " за отчётный период " + b: null

03-03-2025T13:27:43 - [TEST_STEP][PASSED] - page = getText(findTestObject(path)): Text of object 'Object Repository/Выполнение бизнес-плана/Значения со страницы Выполнение бизнес-плана/Факт Потери за отчётный период Мордовэнерго' is: '152 032'

03-03-2025T13:27:43 - [MESSAGE][PASSED] - Text of object 'Object Repository/Выполнение бизнес-плана/Значения со страницы Выполнение бизнес-плана/Факт Потери за отчётный период Мордовэнерго' is: '152 032'

03-03-2025T13:27:43 - [TEST_STEP][PASSED] - if (page == "" || page == null): null

03-03-2025T13:27:43 - [TEST_STEP][PASSED] - else: null

03-03-2025T13:27:43 - [TEST_STEP][PASSED] - page = page.replaceAll("\s+", ""): null

03-03-2025T13:27:43 - [TEST_STEP][PASSED] - filePoteri = poteri.toInteger(): null

03-03-2025T13:27:43 - [TEST_STEP][PASSED] - pagePoteri = page.toInteger(): null

03-03-2025T13:27:43 - [TEST_STEP][PASSED] - compare = pageOtpuskVSet: null

03-03-2025T13:27:43 - [TEST_STEP][PASSED] - if (pageOtpuskVSet != null): null

03-03-2025T13:27:43 - [TEST_STEP][PASSED] - if (compare == fileOtpuskVSet): null

03-03-2025T13:27:43 - [TEST_STEP][PASSED] - if (compare == fileOtpuskVSet): null

03-03-2025T13:27:43 - [TEST_STEP][PASSED] - compare = pagePoteri: null

03-03-2025T13:27:43 - [TEST_STEP][PASSED] - if (pageOtpuskVSet != null): null

03-03-2025T13:27:43 - [TEST_STEP][PASSED] - if (compare == filePoteri): null

03-03-2025T13:27:43 - [TEST_STEP][PASSED] - if (compare == filePoteri): null

03-03-2025T13:27:43 - [TEST_STEP][PASSED] - if (planFact == 2): null

03-03-2025T13:27:43 - [TEST_STEP][PASSED] - if (planFact == 1): null

03-03-2025T13:27:43 - [TEST_STEP][PASSED] - else if (planFact == 2): null

03-03-2025T13:27:43 - [TEST_STEP][PASSED] - click(findTestObject("Выполнение бизнес-плана/Кнопка План")): Object: 'Object Repository/Выполнение бизнес-плана/Кнопка План' is clicked on

03-03-2025T13:27:44 - [MESSAGE][PASSED] - Object: 'Object Repository/Выполнение бизнес-плана/Кнопка План' is clicked on

03-03-2025T13:27:44 - [TEST_STEP][PASSED] - typeOfDataMain = "План": null

03-03-2025T13:27:44 - [TEST_STEP][PASSED] - otpusk = findTestData("PlanFact").getValue(2, a): null

03-03-2025T13:27:44 - [TEST_STEP][PASSED] - poteri = findTestData("PlanFact").getValue(3, a): null

03-03-2025T13:27:44 - [TEST_STEP][PASSED] - otpusk = otpusk.replaceAll("\s+", ""): null

03-03-2025T13:27:44 - [TEST_STEP][PASSED] - poteri = poteri.replaceAll("\s+", ""): null

03-03-2025T13:27:44 - [TEST_STEP][PASSED] - typeOfData = typeOfDataMain + " Отпуск в сеть": null

03-03-2025T13:27:44 - [TEST_STEP][PASSED] - if (a == 82): null

03-03-2025T13:27:44 - [TEST_STEP][PASSED] - else if (a == 84): null

03-03-2025T13:27:44 - [TEST_STEP][PASSED] - else if (a == 83 || a == 52 || a == 72 || a == 28 || a == 73 || a == 77 || a == 74 || a == 65 || a == 36 || a == 44 || a == 53 || a == 80 || a == 54 || a == 1 || a == 18 || a == 59 || a == 81): null

03-03-2025T13:27:44 - [TEST_STEP][PASSED] - else: null

03-03-2025T13:27:44 - [TEST_STEP][PASSED] - path = dataFolder + typeOfData + " за отчётный период " + b: null

03-03-2025T13:27:44 - [TEST_STEP][PASSED] - println(path): null

03-03-2025T13:27:44 - [TEST_STEP][PASSED] - page = getText(findTestObject(path)): Text of object 'Object Repository/Выполнение бизнес-плана/Значения со страницы Выполнение бизнес-плана/План Отпуск в сеть за отчётный период Мордовэнерго' is: '2 309 717'

03-03-2025T13:27:44 - [MESSAGE][PASSED] - Text of object 'Object Repository/Выполнение бизнес-плана/Значения со страницы Выполнение бизнес-плана/План Отпуск в сеть за отчётный период Мордовэнерго' is: '2 309 717'

03-03-2025T13:27:44 - [TEST_STEP][PASSED] - if (page == "" || page == null): null

03-03-2025T13:27:44 - [TEST_STEP][PASSED] - else: null

03-03-2025T13:27:44 - [TEST_STEP][PASSED] - page = page.replaceAll("\s+", ""): null

03-03-2025T13:27:44 - [TEST_STEP][PASSED] - fileOtpuskVSet = otpusk.toInteger(): null

03-03-2025T13:27:44 - [TEST_STEP][PASSED] - pageOtpuskVSet = page.toInteger(): null

03-03-2025T13:27:44 - [TEST_STEP][PASSED] - typeOfData = typeOfDataMain + " Потери": null

03-03-2025T13:27:44 - [TEST_STEP][PASSED] - if (a == 82): null

03-03-2025T13:27:44 - [TEST_STEP][PASSED] - else if (a == 84): null

03-03-2025T13:27:44 - [TEST_STEP][PASSED] - else if (a == 83 || a == 52 || a == 72 || a == 28 || a == 73 || a == 77 || a == 74 || a == 65 || a == 44 || a == 53 || a == 80 || a == 54 || a == 1 || a == 18 || a == 59 || a == 81): null

03-03-2025T13:27:44 - [TEST_STEP][PASSED] - else: null

03-03-2025T13:27:44 - [TEST_STEP][PASSED] - path = dataFolder + typeOfData + " за отчётный период " + b: null

03-03-2025T13:27:44 - [TEST_STEP][PASSED] - page = getText(findTestObject(path)): Text of object 'Object Repository/Выполнение бизнес-плана/Значения со страницы Выполнение бизнес-плана/План Потери за отчётный период Мордовэнерго' is: '162 040'

03-03-2025T13:27:45 - [MESSAGE][PASSED] - Text of object 'Object Repository/Выполнение бизнес-плана/Значения со страницы Выполнение бизнес-плана/План Потери за отчётный период Мордовэнерго' is: '162 040'

03-03-2025T13:27:45 - [TEST_STEP][PASSED] - if (page == "" || page == null): null

03-03-2025T13:27:45 - [TEST_STEP][PASSED] - else: null

03-03-2025T13:27:45 - [TEST_STEP][PASSED] - page = page.replaceAll("\s+", ""): null

03-03-2025T13:27:45 - [TEST_STEP][PASSED] - filePoteri = poteri.toInteger(): null

03-03-2025T13:27:45 - [TEST_STEP][PASSED] - pagePoteri = page.toInteger(): null

03-03-2025T13:27:45 - [TEST_STEP][PASSED] - compare = pageOtpuskVSet: null

03-03-2025T13:27:45 - [TEST_STEP][PASSED] - if (pageOtpuskVSet != null): null

03-03-2025T13:27:45 - [TEST_STEP][PASSED] - if (compare == fileOtpuskVSet): null

03-03-2025T13:27:45 - [TEST_STEP][PASSED] - if (compare == fileOtpuskVSet): null

03-03-2025T13:27:45 - [TEST_STEP][PASSED] - compare = pagePoteri: null

03-03-2025T13:27:45 - [TEST_STEP][PASSED] - if (pageOtpuskVSet != null): null

03-03-2025T13:27:45 - [TEST_STEP][PASSED] - if (compare == filePoteri): null

03-03-2025T13:27:45 - [TEST_STEP][PASSED] - else if (compare > filePoteri): null

03-03-2025T13:27:45 - [TEST_STEP][PASSED] - compare = compare - 1: null

03-03-2025T13:27:45 - [TEST_STEP][PASSED] - if (compare == filePoteri): null

03-03-2025T13:27:45 - [TEST_STEP][PASSED] - if (planFact == 2): Object: 'Object Repository/Выполнение бизнес-плана/Кнопка Факт' is clicked on

03-03-2025T13:27:45 - [TEST_STEP][PASSED] - click(findTestObject("Выполнение бизнес-плана/Кнопка Факт")): Object: 'Object Repository/Выполнение бизнес-плана/Кнопка Факт' is clicked on

03-03-2025T13:27:45 - [MESSAGE][PASSED] - Object: 'Object Repository/Выполнение бизнес-плана/Кнопка Факт' is clicked on

03-03-2025T13:27:45 - [TEST_STEP][PASSED] - println("a=" + a): null

03-03-2025T13:27:45 - [TEST_STEP][PASSED] - if (a == 84 || a == 82): null

03-03-2025T13:27:45 - [TEST_STEP][PASSED] - else if (a == 83 || a == 52 || a == 72 || a == 28 || a == 73 || a == 77 || a == 74 || a == 65 || a == 36 || a == 44 || a == 53 || a == 80 || a == 54 || a == 1 || a == 18 || a == 59 || a == 81): null

03-03-2025T13:27:45 - [TEST_STEP][PASSED] - else: null

03-03-2025T13:27:45 - [TEST_STEP][PASSED] - page1 = getText(findTestObject("Object Repository/Выполнение бизнес-плана/spanPlan" + filialNum)): Text of object 'Object Repository/Выполнение бизнес-плана/spanPlan1' is: '7.02
|'

03-03-2025T13:27:45 - [MESSAGE][PASSED] - Text of object 'Object Repository/Выполнение бизнес-плана/spanPlan1' is: '7.02
|'

03-03-2025T13:27:45 - [TEST_STEP][PASSED] - page1 = page1.replace("|", ""): null

03-03-2025T13:27:45 - [TEST_STEP][PASSED] - page2 = getText(findTestObject("Object Repository/Выполнение бизнес-плана/spanFact" + filialNum)): Text of object 'Object Repository/Выполнение бизнес-плана/spanFact1' is: '6.28
|'

03-03-2025T13:27:45 - [MESSAGE][PASSED] - Text of object 'Object Repository/Выполнение бизнес-плана/spanFact1' is: '6.28
|'

03-03-2025T13:27:45 - [TEST_STEP][PASSED] - page2 = page2.replace("|", ""): null

03-03-2025T13:27:45 - [TEST_STEP][PASSED] - println("page1: " + page1): null

03-03-2025T13:27:45 - [TEST_STEP][PASSED] - println("page2: " + page2): null

03-03-2025T13:27:45 - [TEST_STEP][PASSED] - file = findTestData("PlanFact").getValue(4, a): null

03-03-2025T13:27:46 - [TEST_STEP][PASSED] - file = file.replace(",", "."): null

03-03-2025T13:27:46 - [TEST_STEP][PASSED] - println("file Plan: " + file): null

03-03-2025T13:27:46 - [TEST_STEP][PASSED] - typeOfData = "План в процентах": null

03-03-2025T13:27:46 - [TEST_STEP][PASSED] - fileDouble = file.toDouble(): null

03-03-2025T13:27:46 - [TEST_STEP][PASSED] - pageDouble = page1.toDouble(): null

03-03-2025T13:27:46 - [TEST_STEP][PASSED] - if (fileDouble != pageDouble): null

03-03-2025T13:27:46 - [TEST_STEP][PASSED] - file = findTestData("PlanFact").getValue(7, a): null

03-03-2025T13:27:46 - [TEST_STEP][PASSED] - file = file.replace(",", "."): null

03-03-2025T13:27:46 - [TEST_STEP][PASSED] - println("file Fact: " + file): null

03-03-2025T13:27:46 - [TEST_STEP][PASSED] - fileDouble = file.toDouble(): null

03-03-2025T13:27:46 - [TEST_STEP][PASSED] - typeOfData = "Факт в процентах": null

03-03-2025T13:27:46 - [TEST_STEP][PASSED] - fileDouble = file.toDouble(): null

03-03-2025T13:27:46 - [TEST_STEP][PASSED] - pageDouble = page2.toDouble(): null

03-03-2025T13:27:46 - [TEST_STEP][PASSED] - if (fileDouble != pageDouble): null

03-03-2025T13:27:46 - [TEST_STEP][PASSED] - if (verifyEqual(numberOfErrors, 0) == false): Actual object '0' and expected object '0' are equal

03-03-2025T13:27:46 - [MESSAGE][PASSED] - Actual object '0' and expected object '0' are equal

03-03-2025T13:27:46 - [TEST_STEP][PASSED] - if (a == 82): null

03-03-2025T13:27:46 - [TEST_STEP][PASSED] - dZO = "Оренбургэнерго": null

03-03-2025T13:27:46 - [TEST_STEP][PASSED] - a = 30: null

03-03-2025T13:27:46 - [TEST_STEP][PASSED] - if (x2.contains(dZO)): null

03-03-2025T13:27:46 - [TEST_STEP][PASSED] - filialNum = filialNum + 1: null

03-03-2025T13:27:46 - [TEST_STEP][PASSED] - Script1718980020443.Numbers(a, typeOfData, todaysDate, pageInt, fileInt, pageDouble, fileDouble, dZO, dzoNum, filialNum): null

03-03-2025T13:27:46 - [TEST_STEP][PASSED] - println(dzoNum): null

03-03-2025T13:27:46 - [TEST_STEP][PASSED] - planFact = <not implemented yet for class: org.codehaus.groovy.ast.expr.EmptyExpression>: null

03-03-2025T13:27:46 - [TEST_STEP][PASSED] - page = <not implemented yet for class: org.codehaus.groovy.ast.expr.EmptyExpression>: null

03-03-2025T13:27:46 - [TEST_STEP][PASSED] - page1 = <not implemented yet for class: org.codehaus.groovy.ast.expr.EmptyExpression>: null

03-03-2025T13:27:46 - [TEST_STEP][PASSED] - page2 = <not implemented yet for class: org.codehaus.groovy.ast.expr.EmptyExpression>: null

03-03-2025T13:27:46 - [TEST_STEP][PASSED] - filialNumberInRow = <not implemented yet for class: org.codehaus.groovy.ast.expr.EmptyExpression>: null

03-03-2025T13:27:46 - [TEST_STEP][PASSED] - filialsDzoNames = <not implemented yet for class: org.codehaus.groovy.ast.expr.EmptyExpression>: null

03-03-2025T13:27:46 - [TEST_STEP][PASSED] - numberOfFilials = <not implemented yet for class: org.codehaus.groovy.ast.expr.EmptyExpression>: null

03-03-2025T13:27:46 - [TEST_STEP][PASSED] - numberOfSpaces = <not implemented yet for class: org.codehaus.groovy.ast.expr.EmptyExpression>: null

03-03-2025T13:27:46 - [TEST_STEP][PASSED] - file = <not implemented yet for class: org.codehaus.groovy.ast.expr.EmptyExpression>: null

03-03-2025T13:27:46 - [TEST_STEP][PASSED] - otpusk = <not implemented yet for class: org.codehaus.groovy.ast.expr.EmptyExpression>: null

03-03-2025T13:27:46 - [TEST_STEP][PASSED] - poteri = <not implemented yet for class: org.codehaus.groovy.ast.expr.EmptyExpression>: null

03-03-2025T13:27:46 - [TEST_STEP][PASSED] - dataFolder = "Выполнение бизнес-плана/Значения со страницы Выполнение бизнес-плана/": null

03-03-2025T13:27:46 - [TEST_STEP][PASSED] - path = <not implemented yet for class: org.codehaus.groovy.ast.expr.EmptyExpression>: null

03-03-2025T13:27:46 - [TEST_STEP][PASSED] - typeOfDataMain = <not implemented yet for class: org.codehaus.groovy.ast.expr.EmptyExpression>: null

03-03-2025T13:27:46 - [TEST_STEP][PASSED] - fileOtpuskVSet = <not implemented yet for class: org.codehaus.groovy.ast.expr.EmptyExpression>: null

03-03-2025T13:27:46 - [TEST_STEP][PASSED] - pageOtpuskVSet = <not implemented yet for class: org.codehaus.groovy.ast.expr.EmptyExpression>: null

03-03-2025T13:27:46 - [TEST_STEP][PASSED] - filePoteri = <not implemented yet for class: org.codehaus.groovy.ast.expr.EmptyExpression>: null

03-03-2025T13:27:46 - [TEST_STEP][PASSED] - pagePoteri = <not implemented yet for class: org.codehaus.groovy.ast.expr.EmptyExpression>: null

03-03-2025T13:27:46 - [TEST_STEP][PASSED] - compare = <not implemented yet for class: org.codehaus.groovy.ast.expr.EmptyExpression>: null

03-03-2025T13:27:46 - [TEST_STEP][PASSED] - b = <not implemented yet for class: org.codehaus.groovy.ast.expr.EmptyExpression>: null

03-03-2025T13:27:46 - [TEST_STEP][PASSED] - i = <not implemented yet for class: org.codehaus.groovy.ast.expr.EmptyExpression>: null

03-03-2025T13:27:46 - [TEST_STEP][PASSED] - ii = <not implemented yet for class: org.codehaus.groovy.ast.expr.EmptyExpression>: null

03-03-2025T13:27:46 - [TEST_STEP][PASSED] - c = <not implemented yet for class: org.codehaus.groovy.ast.expr.EmptyExpression>: null

03-03-2025T13:27:46 - [TEST_STEP][PASSED] - numberOfErrors = 0: null

03-03-2025T13:27:46 - [TEST_STEP][PASSED] - if (a == 82): null

03-03-2025T13:27:46 - [TEST_STEP][PASSED] - b = findTestData("PlanFact").getValue(1, a): null

03-03-2025T13:27:46 - [TEST_STEP][PASSED] - i = b.indexOf(" (ГК)"): null

03-03-2025T13:27:46 - [TEST_STEP][PASSED] - if (i > -1): null

03-03-2025T13:27:46 - [TEST_STEP][PASSED] - i = b.indexOf("О ""): null

03-03-2025T13:27:46 - [TEST_STEP][PASSED] - if (i > -1): null

03-03-2025T13:27:46 - [TEST_STEP][PASSED] - i = b.indexOf("О «"): null

03-03-2025T13:27:46 - [TEST_STEP][PASSED] - if (i > -1): null

03-03-2025T13:27:46 - [TEST_STEP][PASSED] - i = b.indexOf("г. "): null

03-03-2025T13:27:46 - [TEST_STEP][PASSED] - if (i > -1): null

03-03-2025T13:27:46 - [TEST_STEP][PASSED] - b = b.trim(): null

03-03-2025T13:27:46 - [TEST_STEP][PASSED] - println(b): null

03-03-2025T13:27:46 - [TEST_STEP][PASSED] - for ([planFact = 1, planFact < 3, (planFact++)]): Object: 'Object Repository/Выполнение бизнес-плана/Кнопка Факт' is clicked on

03-03-2025T13:27:46 - [TEST_STEP][PASSED] - if (planFact == 1): null

03-03-2025T13:27:46 - [TEST_STEP][PASSED] - typeOfDataMain = "Факт": null

03-03-2025T13:27:46 - [TEST_STEP][PASSED] - otpusk = findTestData("PlanFact").getValue(5, a): null

03-03-2025T13:27:46 - [TEST_STEP][PASSED] - poteri = findTestData("PlanFact").getValue(6, a): null

03-03-2025T13:27:46 - [TEST_STEP][PASSED] - otpusk = otpusk.replaceAll("\s+", ""): null

03-03-2025T13:27:46 - [TEST_STEP][PASSED] - poteri = poteri.replaceAll("\s+", ""): null

03-03-2025T13:27:46 - [TEST_STEP][PASSED] - typeOfData = typeOfDataMain + " Отпуск в сеть": null

03-03-2025T13:27:46 - [TEST_STEP][PASSED] - if (a == 82): null

03-03-2025T13:27:46 - [TEST_STEP][PASSED] - else if (a == 84): null

03-03-2025T13:27:46 - [TEST_STEP][PASSED] - else if (a == 83 || a == 52 || a == 72 || a == 28 || a == 73 || a == 77 || a == 74 || a == 65 || a == 36 || a == 44 || a == 53 || a == 80 || a == 54 || a == 1 || a == 18 || a == 59 || a == 81): null

03-03-2025T13:27:46 - [TEST_STEP][PASSED] - else: null

03-03-2025T13:27:46 - [TEST_STEP][PASSED] - path = dataFolder + typeOfData + " за отчётный период " + b: null

03-03-2025T13:27:46 - [TEST_STEP][PASSED] - println(path): null

03-03-2025T13:27:46 - [TEST_STEP][PASSED] - page = getText(findTestObject(path)): Text of object 'Object Repository/Выполнение бизнес-плана/Значения со страницы Выполнение бизнес-плана/Факт Отпуск в сеть за отчётный период Оренбургэнерго' is: '9 818 128'

03-03-2025T13:27:46 - [MESSAGE][PASSED] - Text of object 'Object Repository/Выполнение бизнес-плана/Значения со страницы Выполнение бизнес-плана/Факт Отпуск в сеть за отчётный период Оренбургэнерго' is: '9 818 128'

03-03-2025T13:27:46 - [TEST_STEP][PASSED] - if (page == "" || page == null): null

03-03-2025T13:27:46 - [TEST_STEP][PASSED] - else: null

03-03-2025T13:27:46 - [TEST_STEP][PASSED] - page = page.replaceAll("\s+", ""): null

03-03-2025T13:27:46 - [TEST_STEP][PASSED] - fileOtpuskVSet = otpusk.toInteger(): null

03-03-2025T13:27:46 - [TEST_STEP][PASSED] - pageOtpuskVSet = page.toInteger(): null

03-03-2025T13:27:46 - [TEST_STEP][PASSED] - typeOfData = typeOfDataMain + " Потери": null

03-03-2025T13:27:46 - [TEST_STEP][PASSED] - if (a == 82): null

03-03-2025T13:27:46 - [TEST_STEP][PASSED] - else if (a == 84): null

03-03-2025T13:27:46 - [TEST_STEP][PASSED] - else if (a == 83 || a == 52 || a == 72 || a == 28 || a == 73 || a == 77 || a == 74 || a == 65 || a == 44 || a == 53 || a == 80 || a == 54 || a == 1 || a == 18 || a == 59 || a == 81): null

03-03-2025T13:27:46 - [TEST_STEP][PASSED] - else: null

03-03-2025T13:27:46 - [TEST_STEP][PASSED] - path = dataFolder + typeOfData + " за отчётный период " + b: null

03-03-2025T13:27:46 - [TEST_STEP][PASSED] - page = getText(findTestObject(path)): Text of object 'Object Repository/Выполнение бизнес-плана/Значения со страницы Выполнение бизнес-плана/Факт Потери за отчётный период Оренбургэнерго' is: '780 396'

03-03-2025T13:27:46 - [MESSAGE][PASSED] - Text of object 'Object Repository/Выполнение бизнес-плана/Значения со страницы Выполнение бизнес-плана/Факт Потери за отчётный период Оренбургэнерго' is: '780 396'

03-03-2025T13:27:46 - [TEST_STEP][PASSED] - if (page == "" || page == null): null

03-03-2025T13:27:46 - [TEST_STEP][PASSED] - else: null

03-03-2025T13:27:46 - [TEST_STEP][PASSED] - page = page.replaceAll("\s+", ""): null

03-03-2025T13:27:46 - [TEST_STEP][PASSED] - filePoteri = poteri.toInteger(): null

03-03-2025T13:27:46 - [TEST_STEP][PASSED] - pagePoteri = page.toInteger(): null

03-03-2025T13:27:46 - [TEST_STEP][PASSED] - compare = pageOtpuskVSet: null

03-03-2025T13:27:46 - [TEST_STEP][PASSED] - if (pageOtpuskVSet != null): null

03-03-2025T13:27:46 - [TEST_STEP][PASSED] - if (compare == fileOtpuskVSet): null

03-03-2025T13:27:46 - [TEST_STEP][PASSED] - if (compare == fileOtpuskVSet): null

03-03-2025T13:27:46 - [TEST_STEP][PASSED] - compare = pagePoteri: null

03-03-2025T13:27:46 - [TEST_STEP][PASSED] - if (pageOtpuskVSet != null): null

03-03-2025T13:27:46 - [TEST_STEP][PASSED] - if (compare == filePoteri): null

03-03-2025T13:27:46 - [TEST_STEP][PASSED] - if (compare == filePoteri): null

03-03-2025T13:27:46 - [TEST_STEP][PASSED] - if (planFact == 2): null

03-03-2025T13:27:46 - [TEST_STEP][PASSED] - if (planFact == 1): null

03-03-2025T13:27:46 - [TEST_STEP][PASSED] - else if (planFact == 2): null

03-03-2025T13:27:46 - [TEST_STEP][PASSED] - click(findTestObject("Выполнение бизнес-плана/Кнопка План")): Object: 'Object Repository/Выполнение бизнес-плана/Кнопка План' is clicked on

03-03-2025T13:27:47 - [MESSAGE][PASSED] - Object: 'Object Repository/Выполнение бизнес-плана/Кнопка План' is clicked on

03-03-2025T13:27:47 - [TEST_STEP][PASSED] - typeOfDataMain = "План": null

03-03-2025T13:27:47 - [TEST_STEP][PASSED] - otpusk = findTestData("PlanFact").getValue(2, a): null

03-03-2025T13:27:47 - [TEST_STEP][PASSED] - poteri = findTestData("PlanFact").getValue(3, a): null

03-03-2025T13:27:47 - [TEST_STEP][PASSED] - otpusk = otpusk.replaceAll("\s+", ""): null

03-03-2025T13:27:47 - [TEST_STEP][PASSED] - poteri = poteri.replaceAll("\s+", ""): null

03-03-2025T13:27:47 - [TEST_STEP][PASSED] - typeOfData = typeOfDataMain + " Отпуск в сеть": null

03-03-2025T13:27:47 - [TEST_STEP][PASSED] - if (a == 82): null

03-03-2025T13:27:47 - [TEST_STEP][PASSED] - else if (a == 84): null

03-03-2025T13:27:47 - [TEST_STEP][PASSED] - else if (a == 83 || a == 52 || a == 72 || a == 28 || a == 73 || a == 77 || a == 74 || a == 65 || a == 36 || a == 44 || a == 53 || a == 80 || a == 54 || a == 1 || a == 18 || a == 59 || a == 81): null

03-03-2025T13:27:47 - [TEST_STEP][PASSED] - else: null

03-03-2025T13:27:47 - [TEST_STEP][PASSED] - path = dataFolder + typeOfData + " за отчётный период " + b: null

03-03-2025T13:27:47 - [TEST_STEP][PASSED] - println(path): null

03-03-2025T13:27:47 - [TEST_STEP][PASSED] - page = getText(findTestObject(path)): Text of object 'Object Repository/Выполнение бизнес-плана/Значения со страницы Выполнение бизнес-плана/План Отпуск в сеть за отчётный период Оренбургэнерго' is: '9 291 992'

03-03-2025T13:27:47 - [MESSAGE][PASSED] - Text of object 'Object Repository/Выполнение бизнес-плана/Значения со страницы Выполнение бизнес-плана/План Отпуск в сеть за отчётный период Оренбургэнерго' is: '9 291 992'

03-03-2025T13:27:47 - [TEST_STEP][PASSED] - if (page == "" || page == null): null

03-03-2025T13:27:47 - [TEST_STEP][PASSED] - else: null

03-03-2025T13:27:47 - [TEST_STEP][PASSED] - page = page.replaceAll("\s+", ""): null

03-03-2025T13:27:47 - [TEST_STEP][PASSED] - fileOtpuskVSet = otpusk.toInteger(): null

03-03-2025T13:27:47 - [TEST_STEP][PASSED] - pageOtpuskVSet = page.toInteger(): null

03-03-2025T13:27:47 - [TEST_STEP][PASSED] - typeOfData = typeOfDataMain + " Потери": null

03-03-2025T13:27:47 - [TEST_STEP][PASSED] - if (a == 82): null

03-03-2025T13:27:47 - [TEST_STEP][PASSED] - else if (a == 84): null

03-03-2025T13:27:47 - [TEST_STEP][PASSED] - else if (a == 83 || a == 52 || a == 72 || a == 28 || a == 73 || a == 77 || a == 74 || a == 65 || a == 44 || a == 53 || a == 80 || a == 54 || a == 1 || a == 18 || a == 59 || a == 81): null

03-03-2025T13:27:47 - [TEST_STEP][PASSED] - else: null

03-03-2025T13:27:47 - [TEST_STEP][PASSED] - path = dataFolder + typeOfData + " за отчётный период " + b: null

03-03-2025T13:27:47 - [TEST_STEP][PASSED] - page = getText(findTestObject(path)): Text of object 'Object Repository/Выполнение бизнес-плана/Значения со страницы Выполнение бизнес-плана/План Потери за отчётный период Оренбургэнерго' is: '739 485'

03-03-2025T13:27:47 - [MESSAGE][PASSED] - Text of object 'Object Repository/Выполнение бизнес-плана/Значения со страницы Выполнение бизнес-плана/План Потери за отчётный период Оренбургэнерго' is: '739 485'

03-03-2025T13:27:47 - [TEST_STEP][PASSED] - if (page == "" || page == null): null

03-03-2025T13:27:47 - [TEST_STEP][PASSED] - else: null

03-03-2025T13:27:47 - [TEST_STEP][PASSED] - page = page.replaceAll("\s+", ""): null

03-03-2025T13:27:47 - [TEST_STEP][PASSED] - filePoteri = poteri.toInteger(): null

03-03-2025T13:27:47 - [TEST_STEP][PASSED] - pagePoteri = page.toInteger(): null

03-03-2025T13:27:47 - [TEST_STEP][PASSED] - compare = pageOtpuskVSet: null

03-03-2025T13:27:47 - [TEST_STEP][PASSED] - if (pageOtpuskVSet != null): null

03-03-2025T13:27:47 - [TEST_STEP][PASSED] - if (compare == fileOtpuskVSet): null

03-03-2025T13:27:47 - [TEST_STEP][PASSED] - if (compare == fileOtpuskVSet): null

03-03-2025T13:27:47 - [TEST_STEP][PASSED] - compare = pagePoteri: null

03-03-2025T13:27:47 - [TEST_STEP][PASSED] - if (pageOtpuskVSet != null): null

03-03-2025T13:27:47 - [TEST_STEP][PASSED] - if (compare == filePoteri): null

03-03-2025T13:27:47 - [TEST_STEP][PASSED] - if (compare == filePoteri): null

03-03-2025T13:27:47 - [TEST_STEP][PASSED] - if (planFact == 2): Object: 'Object Repository/Выполнение бизнес-плана/Кнопка Факт' is clicked on

03-03-2025T13:27:47 - [TEST_STEP][PASSED] - click(findTestObject("Выполнение бизнес-плана/Кнопка Факт")): Object: 'Object Repository/Выполнение бизнес-плана/Кнопка Факт' is clicked on

03-03-2025T13:27:48 - [MESSAGE][PASSED] - Object: 'Object Repository/Выполнение бизнес-плана/Кнопка Факт' is clicked on

03-03-2025T13:27:48 - [TEST_STEP][PASSED] - println("a=" + a): null

03-03-2025T13:27:48 - [TEST_STEP][PASSED] - if (a == 84 || a == 82): null

03-03-2025T13:27:48 - [TEST_STEP][PASSED] - else if (a == 83 || a == 52 || a == 72 || a == 28 || a == 73 || a == 77 || a == 74 || a == 65 || a == 36 || a == 44 || a == 53 || a == 80 || a == 54 || a == 1 || a == 18 || a == 59 || a == 81): null

03-03-2025T13:27:48 - [TEST_STEP][PASSED] - else: null

03-03-2025T13:27:48 - [TEST_STEP][PASSED] - page1 = getText(findTestObject("Object Repository/Выполнение бизнес-плана/spanPlan" + filialNum)): Text of object 'Object Repository/Выполнение бизнес-плана/spanPlan2' is: '7.96
|'

03-03-2025T13:27:48 - [MESSAGE][PASSED] - Text of object 'Object Repository/Выполнение бизнес-плана/spanPlan2' is: '7.96
|'

03-03-2025T13:27:48 - [TEST_STEP][PASSED] - page1 = page1.replace("|", ""): null

03-03-2025T13:27:48 - [TEST_STEP][PASSED] - page2 = getText(findTestObject("Object Repository/Выполнение бизнес-плана/spanFact" + filialNum)): Text of object 'Object Repository/Выполнение бизнес-плана/spanFact2' is: '7.95
|'

03-03-2025T13:27:48 - [MESSAGE][PASSED] - Text of object 'Object Repository/Выполнение бизнес-плана/spanFact2' is: '7.95
|'

03-03-2025T13:27:48 - [TEST_STEP][PASSED] - page2 = page2.replace("|", ""): null

03-03-2025T13:27:48 - [TEST_STEP][PASSED] - println("page1: " + page1): null

03-03-2025T13:27:48 - [TEST_STEP][PASSED] - println("page2: " + page2): null

03-03-2025T13:27:48 - [TEST_STEP][PASSED] - file = findTestData("PlanFact").getValue(4, a): null

03-03-2025T13:27:48 - [TEST_STEP][PASSED] - file = file.replace(",", "."): null

03-03-2025T13:27:48 - [TEST_STEP][PASSED] - println("file Plan: " + file): null

03-03-2025T13:27:48 - [TEST_STEP][PASSED] - typeOfData = "План в процентах": null

03-03-2025T13:27:48 - [TEST_STEP][PASSED] - fileDouble = file.toDouble(): null

03-03-2025T13:27:48 - [TEST_STEP][PASSED] - pageDouble = page1.toDouble(): null

03-03-2025T13:27:48 - [TEST_STEP][PASSED] - if (fileDouble != pageDouble): null

03-03-2025T13:27:48 - [TEST_STEP][PASSED] - file = findTestData("PlanFact").getValue(7, a): null

03-03-2025T13:27:48 - [TEST_STEP][PASSED] - file = file.replace(",", "."): null

03-03-2025T13:27:48 - [TEST_STEP][PASSED] - println("file Fact: " + file): null

03-03-2025T13:27:48 - [TEST_STEP][PASSED] - fileDouble = file.toDouble(): null

03-03-2025T13:27:48 - [TEST_STEP][PASSED] - typeOfData = "Факт в процентах": null

03-03-2025T13:27:48 - [TEST_STEP][PASSED] - fileDouble = file.toDouble(): null

03-03-2025T13:27:48 - [TEST_STEP][PASSED] - pageDouble = page2.toDouble(): null

03-03-2025T13:27:48 - [TEST_STEP][PASSED] - if (fileDouble != pageDouble): null

03-03-2025T13:27:48 - [TEST_STEP][PASSED] - if (verifyEqual(numberOfErrors, 0) == false): Actual object '0' and expected object '0' are equal

03-03-2025T13:27:48 - [MESSAGE][PASSED] - Actual object '0' and expected object '0' are equal

03-03-2025T13:27:48 - [TEST_STEP][PASSED] - if (a == 82): null

03-03-2025T13:27:48 - [TEST_STEP][PASSED] - dZO = "Пензаэнерго": null

03-03-2025T13:27:48 - [TEST_STEP][PASSED] - a = 31: null

03-03-2025T13:27:48 - [TEST_STEP][PASSED] - if (x2.contains(dZO)): null

03-03-2025T13:27:48 - [TEST_STEP][PASSED] - filialNum = filialNum + 1: null

03-03-2025T13:27:48 - [TEST_STEP][PASSED] - Script1718980020443.Numbers(a, typeOfData, todaysDate, pageInt, fileInt, pageDouble, fileDouble, dZO, dzoNum, filialNum): null

03-03-2025T13:27:48 - [TEST_STEP][PASSED] - println(dzoNum): null

03-03-2025T13:27:48 - [TEST_STEP][PASSED] - planFact = <not implemented yet for class: org.codehaus.groovy.ast.expr.EmptyExpression>: null

03-03-2025T13:27:48 - [TEST_STEP][PASSED] - page = <not implemented yet for class: org.codehaus.groovy.ast.expr.EmptyExpression>: null

03-03-2025T13:27:48 - [TEST_STEP][PASSED] - page1 = <not implemented yet for class: org.codehaus.groovy.ast.expr.EmptyExpression>: null

03-03-2025T13:27:48 - [TEST_STEP][PASSED] - page2 = <not implemented yet for class: org.codehaus.groovy.ast.expr.EmptyExpression>: null

03-03-2025T13:27:48 - [TEST_STEP][PASSED] - filialNumberInRow = <not implemented yet for class: org.codehaus.groovy.ast.expr.EmptyExpression>: null

03-03-2025T13:27:48 - [TEST_STEP][PASSED] - filialsDzoNames = <not implemented yet for class: org.codehaus.groovy.ast.expr.EmptyExpression>: null

03-03-2025T13:27:48 - [TEST_STEP][PASSED] - numberOfFilials = <not implemented yet for class: org.codehaus.groovy.ast.expr.EmptyExpression>: null

03-03-2025T13:27:48 - [TEST_STEP][PASSED] - numberOfSpaces = <not implemented yet for class: org.codehaus.groovy.ast.expr.EmptyExpression>: null

03-03-2025T13:27:48 - [TEST_STEP][PASSED] - file = <not implemented yet for class: org.codehaus.groovy.ast.expr.EmptyExpression>: null

03-03-2025T13:27:48 - [TEST_STEP][PASSED] - otpusk = <not implemented yet for class: org.codehaus.groovy.ast.expr.EmptyExpression>: null

03-03-2025T13:27:48 - [TEST_STEP][PASSED] - poteri = <not implemented yet for class: org.codehaus.groovy.ast.expr.EmptyExpression>: null

03-03-2025T13:27:48 - [TEST_STEP][PASSED] - dataFolder = "Выполнение бизнес-плана/Значения со страницы Выполнение бизнес-плана/": null

03-03-2025T13:27:48 - [TEST_STEP][PASSED] - path = <not implemented yet for class: org.codehaus.groovy.ast.expr.EmptyExpression>: null

03-03-2025T13:27:48 - [TEST_STEP][PASSED] - typeOfDataMain = <not implemented yet for class: org.codehaus.groovy.ast.expr.EmptyExpression>: null

03-03-2025T13:27:48 - [TEST_STEP][PASSED] - fileOtpuskVSet = <not implemented yet for class: org.codehaus.groovy.ast.expr.EmptyExpression>: null

03-03-2025T13:27:48 - [TEST_STEP][PASSED] - pageOtpuskVSet = <not implemented yet for class: org.codehaus.groovy.ast.expr.EmptyExpression>: null

03-03-2025T13:27:48 - [TEST_STEP][PASSED] - filePoteri = <not implemented yet for class: org.codehaus.groovy.ast.expr.EmptyExpression>: null

03-03-2025T13:27:48 - [TEST_STEP][PASSED] - pagePoteri = <not implemented yet for class: org.codehaus.groovy.ast.expr.EmptyExpression>: null

03-03-2025T13:27:48 - [TEST_STEP][PASSED] - compare = <not implemented yet for class: org.codehaus.groovy.ast.expr.EmptyExpression>: null

03-03-2025T13:27:48 - [TEST_STEP][PASSED] - b = <not implemented yet for class: org.codehaus.groovy.ast.expr.EmptyExpression>: null

03-03-2025T13:27:48 - [TEST_STEP][PASSED] - i = <not implemented yet for class: org.codehaus.groovy.ast.expr.EmptyExpression>: null

03-03-2025T13:27:48 - [TEST_STEP][PASSED] - ii = <not implemented yet for class: org.codehaus.groovy.ast.expr.EmptyExpression>: null

03-03-2025T13:27:48 - [TEST_STEP][PASSED] - c = <not implemented yet for class: org.codehaus.groovy.ast.expr.EmptyExpression>: null

03-03-2025T13:27:48 - [TEST_STEP][PASSED] - numberOfErrors = 0: null

03-03-2025T13:27:48 - [TEST_STEP][PASSED] - if (a == 82): null

03-03-2025T13:27:48 - [TEST_STEP][PASSED] - b = findTestData("PlanFact").getValue(1, a): null

03-03-2025T13:27:48 - [TEST_STEP][PASSED] - i = b.indexOf(" (ГК)"): null

03-03-2025T13:27:48 - [TEST_STEP][PASSED] - if (i > -1): null

03-03-2025T13:27:48 - [TEST_STEP][PASSED] - i = b.indexOf("О ""): null

03-03-2025T13:27:48 - [TEST_STEP][PASSED] - if (i > -1): null

03-03-2025T13:27:48 - [TEST_STEP][PASSED] - i = b.indexOf("О «"): null

03-03-2025T13:27:48 - [TEST_STEP][PASSED] - if (i > -1): null

03-03-2025T13:27:48 - [TEST_STEP][PASSED] - i = b.indexOf("г. "): null

03-03-2025T13:27:48 - [TEST_STEP][PASSED] - if (i > -1): null

03-03-2025T13:27:48 - [TEST_STEP][PASSED] - b = b.trim(): null

03-03-2025T13:27:48 - [TEST_STEP][PASSED] - println(b): null

03-03-2025T13:27:48 - [TEST_STEP][PASSED] - for ([planFact = 1, planFact < 3, (planFact++)]): Object: 'Object Repository/Выполнение бизнес-плана/Кнопка Факт' is clicked on

03-03-2025T13:27:48 - [TEST_STEP][PASSED] - if (planFact == 1): null

03-03-2025T13:27:48 - [TEST_STEP][PASSED] - typeOfDataMain = "Факт": null

03-03-2025T13:27:48 - [TEST_STEP][PASSED] - otpusk = findTestData("PlanFact").getValue(5, a): null

03-03-2025T13:27:48 - [TEST_STEP][PASSED] - poteri = findTestData("PlanFact").getValue(6, a): null

03-03-2025T13:27:49 - [TEST_STEP][PASSED] - otpusk = otpusk.replaceAll("\s+", ""): null

03-03-2025T13:27:49 - [TEST_STEP][PASSED] - poteri = poteri.replaceAll("\s+", ""): null

03-03-2025T13:27:49 - [TEST_STEP][PASSED] - typeOfData = typeOfDataMain + " Отпуск в сеть": null

03-03-2025T13:27:49 - [TEST_STEP][PASSED] - if (a == 82): null

03-03-2025T13:27:49 - [TEST_STEP][PASSED] - else if (a == 84): null

03-03-2025T13:27:49 - [TEST_STEP][PASSED] - else if (a == 83 || a == 52 || a == 72 || a == 28 || a == 73 || a == 77 || a == 74 || a == 65 || a == 36 || a == 44 || a == 53 || a == 80 || a == 54 || a == 1 || a == 18 || a == 59 || a == 81): null

03-03-2025T13:27:49 - [TEST_STEP][PASSED] - else: null

03-03-2025T13:27:49 - [TEST_STEP][PASSED] - path = dataFolder + typeOfData + " за отчётный период " + b: null

03-03-2025T13:27:49 - [TEST_STEP][PASSED] - println(path): null

03-03-2025T13:27:49 - [TEST_STEP][PASSED] - page = getText(findTestObject(path)): Text of object 'Object Repository/Выполнение бизнес-плана/Значения со страницы Выполнение бизнес-плана/Факт Отпуск в сеть за отчётный период Пензаэнерго' is: '4 397 976'

03-03-2025T13:27:49 - [MESSAGE][PASSED] - Text of object 'Object Repository/Выполнение бизнес-плана/Значения со страницы Выполнение бизнес-плана/Факт Отпуск в сеть за отчётный период Пензаэнерго' is: '4 397 976'

03-03-2025T13:27:49 - [TEST_STEP][PASSED] - if (page == "" || page == null): null

03-03-2025T13:27:49 - [TEST_STEP][PASSED] - else: null

03-03-2025T13:27:49 - [TEST_STEP][PASSED] - page = page.replaceAll("\s+", ""): null

03-03-2025T13:27:49 - [TEST_STEP][PASSED] - fileOtpuskVSet = otpusk.toInteger(): null

03-03-2025T13:27:49 - [TEST_STEP][PASSED] - pageOtpuskVSet = page.toInteger(): null

03-03-2025T13:27:49 - [TEST_STEP][PASSED] - typeOfData = typeOfDataMain + " Потери": null

03-03-2025T13:27:49 - [TEST_STEP][PASSED] - if (a == 82): null

03-03-2025T13:27:49 - [TEST_STEP][PASSED] - else if (a == 84): null

03-03-2025T13:27:49 - [TEST_STEP][PASSED] - else if (a == 83 || a == 52 || a == 72 || a == 28 || a == 73 || a == 77 || a == 74 || a == 65 || a == 44 || a == 53 || a == 80 || a == 54 || a == 1 || a == 18 || a == 59 || a == 81): null

03-03-2025T13:27:49 - [TEST_STEP][PASSED] - else: null

03-03-2025T13:27:49 - [TEST_STEP][PASSED] - path = dataFolder + typeOfData + " за отчётный период " + b: null

03-03-2025T13:27:49 - [TEST_STEP][PASSED] - page = getText(findTestObject(path)): Text of object 'Object Repository/Выполнение бизнес-плана/Значения со страницы Выполнение бизнес-плана/Факт Потери за отчётный период Пензаэнерго' is: '310 622'

03-03-2025T13:27:49 - [MESSAGE][PASSED] - Text of object 'Object Repository/Выполнение бизнес-плана/Значения со страницы Выполнение бизнес-плана/Факт Потери за отчётный период Пензаэнерго' is: '310 622'

03-03-2025T13:27:49 - [TEST_STEP][PASSED] - if (page == "" || page == null): null

03-03-2025T13:27:49 - [TEST_STEP][PASSED] - else: null

03-03-2025T13:27:49 - [TEST_STEP][PASSED] - page = page.replaceAll("\s+", ""): null

03-03-2025T13:27:49 - [TEST_STEP][PASSED] - filePoteri = poteri.toInteger(): null

03-03-2025T13:27:49 - [TEST_STEP][PASSED] - pagePoteri = page.toInteger(): null

03-03-2025T13:27:49 - [TEST_STEP][PASSED] - compare = pageOtpuskVSet: null

03-03-2025T13:27:49 - [TEST_STEP][PASSED] - if (pageOtpuskVSet != null): null

03-03-2025T13:27:49 - [TEST_STEP][PASSED] - if (compare == fileOtpuskVSet): null

03-03-2025T13:27:49 - [TEST_STEP][PASSED] - if (compare == fileOtpuskVSet): null

03-03-2025T13:27:49 - [TEST_STEP][PASSED] - compare = pagePoteri: null

03-03-2025T13:27:49 - [TEST_STEP][PASSED] - if (pageOtpuskVSet != null): null

03-03-2025T13:27:49 - [TEST_STEP][PASSED] - if (compare == filePoteri): null

03-03-2025T13:27:49 - [TEST_STEP][PASSED] - if (compare == filePoteri): null

03-03-2025T13:27:49 - [TEST_STEP][PASSED] - if (planFact == 2): null

03-03-2025T13:27:49 - [TEST_STEP][PASSED] - if (planFact == 1): null

03-03-2025T13:27:49 - [TEST_STEP][PASSED] - else if (planFact == 2): null

03-03-2025T13:27:49 - [TEST_STEP][PASSED] - click(findTestObject("Выполнение бизнес-плана/Кнопка План")): Object: 'Object Repository/Выполнение бизнес-плана/Кнопка План' is clicked on

03-03-2025T13:27:49 - [MESSAGE][PASSED] - Object: 'Object Repository/Выполнение бизнес-плана/Кнопка План' is clicked on

03-03-2025T13:27:49 - [TEST_STEP][PASSED] - typeOfDataMain = "План": null

03-03-2025T13:27:49 - [TEST_STEP][PASSED] - otpusk = findTestData("PlanFact").getValue(2, a): null

03-03-2025T13:27:49 - [TEST_STEP][PASSED] - poteri = findTestData("PlanFact").getValue(3, a): null

03-03-2025T13:27:50 - [TEST_STEP][PASSED] - otpusk = otpusk.replaceAll("\s+", ""): null

03-03-2025T13:27:50 - [TEST_STEP][PASSED] - poteri = poteri.replaceAll("\s+", ""): null

03-03-2025T13:27:50 - [TEST_STEP][PASSED] - typeOfData = typeOfDataMain + " Отпуск в сеть": null

03-03-2025T13:27:50 - [TEST_STEP][PASSED] - if (a == 82): null

03-03-2025T13:27:50 - [TEST_STEP][PASSED] - else if (a == 84): null

03-03-2025T13:27:50 - [TEST_STEP][PASSED] - else if (a == 83 || a == 52 || a == 72 || a == 28 || a == 73 || a == 77 || a == 74 || a == 65 || a == 36 || a == 44 || a == 53 || a == 80 || a == 54 || a == 1 || a == 18 || a == 59 || a == 81): null

03-03-2025T13:27:50 - [TEST_STEP][PASSED] - else: null

03-03-2025T13:27:50 - [TEST_STEP][PASSED] - path = dataFolder + typeOfData + " за отчётный период " + b: null

03-03-2025T13:27:50 - [TEST_STEP][PASSED] - println(path): null

03-03-2025T13:27:50 - [TEST_STEP][PASSED] - page = getText(findTestObject(path)): Text of object 'Object Repository/Выполнение бизнес-плана/Значения со страницы Выполнение бизнес-плана/План Отпуск в сеть за отчётный период Пензаэнерго' is: '4 258 307'

03-03-2025T13:27:50 - [MESSAGE][PASSED] - Text of object 'Object Repository/Выполнение бизнес-плана/Значения со страницы Выполнение бизнес-плана/План Отпуск в сеть за отчётный период Пензаэнерго' is: '4 258 307'

03-03-2025T13:27:50 - [TEST_STEP][PASSED] - if (page == "" || page == null): null

03-03-2025T13:27:50 - [TEST_STEP][PASSED] - else: null

03-03-2025T13:27:50 - [TEST_STEP][PASSED] - page = page.replaceAll("\s+", ""): null

03-03-2025T13:27:50 - [TEST_STEP][PASSED] - fileOtpuskVSet = otpusk.toInteger(): null

03-03-2025T13:27:50 - [TEST_STEP][PASSED] - pageOtpuskVSet = page.toInteger(): null

03-03-2025T13:27:50 - [TEST_STEP][PASSED] - typeOfData = typeOfDataMain + " Потери": null

03-03-2025T13:27:50 - [TEST_STEP][PASSED] - if (a == 82): null

03-03-2025T13:27:50 - [TEST_STEP][PASSED] - else if (a == 84): null

03-03-2025T13:27:50 - [TEST_STEP][PASSED] - else if (a == 83 || a == 52 || a == 72 || a == 28 || a == 73 || a == 77 || a == 74 || a == 65 || a == 44 || a == 53 || a == 80 || a == 54 || a == 1 || a == 18 || a == 59 || a == 81): null

03-03-2025T13:27:50 - [TEST_STEP][PASSED] - else: null

03-03-2025T13:27:50 - [TEST_STEP][PASSED] - path = dataFolder + typeOfData + " за отчётный период " + b: null

03-03-2025T13:27:50 - [TEST_STEP][PASSED] - page = getText(findTestObject(path)): Text of object 'Object Repository/Выполнение бизнес-плана/Значения со страницы Выполнение бизнес-плана/План Потери за отчётный период Пензаэнерго' is: '316 181'

03-03-2025T13:27:50 - [MESSAGE][PASSED] - Text of object 'Object Repository/Выполнение бизнес-плана/Значения со страницы Выполнение бизнес-плана/План Потери за отчётный период Пензаэнерго' is: '316 181'

03-03-2025T13:27:50 - [TEST_STEP][PASSED] - if (page == "" || page == null): null

03-03-2025T13:27:50 - [TEST_STEP][PASSED] - else: null

03-03-2025T13:27:50 - [TEST_STEP][PASSED] - page = page.replaceAll("\s+", ""): null

03-03-2025T13:27:50 - [TEST_STEP][PASSED] - filePoteri = poteri.toInteger(): null

03-03-2025T13:27:50 - [TEST_STEP][PASSED] - pagePoteri = page.toInteger(): null

03-03-2025T13:27:50 - [TEST_STEP][PASSED] - compare = pageOtpuskVSet: null

03-03-2025T13:27:50 - [TEST_STEP][PASSED] - if (pageOtpuskVSet != null): null

03-03-2025T13:27:50 - [TEST_STEP][PASSED] - if (compare == fileOtpuskVSet): null

03-03-2025T13:27:50 - [TEST_STEP][PASSED] - if (compare == fileOtpuskVSet): null

03-03-2025T13:27:50 - [TEST_STEP][PASSED] - compare = pagePoteri: null

03-03-2025T13:27:50 - [TEST_STEP][PASSED] - if (pageOtpuskVSet != null): null

03-03-2025T13:27:50 - [TEST_STEP][PASSED] - if (compare == filePoteri): null

03-03-2025T13:27:50 - [TEST_STEP][PASSED] - if (compare == filePoteri): null

03-03-2025T13:27:50 - [TEST_STEP][PASSED] - if (planFact == 2): Object: 'Object Repository/Выполнение бизнес-плана/Кнопка Факт' is clicked on

03-03-2025T13:27:50 - [TEST_STEP][PASSED] - click(findTestObject("Выполнение бизнес-плана/Кнопка Факт")): Object: 'Object Repository/Выполнение бизнес-плана/Кнопка Факт' is clicked on

03-03-2025T13:27:50 - [MESSAGE][PASSED] - Object: 'Object Repository/Выполнение бизнес-плана/Кнопка Факт' is clicked on

03-03-2025T13:27:50 - [TEST_STEP][PASSED] - println("a=" + a): null

03-03-2025T13:27:50 - [TEST_STEP][PASSED] - if (a == 84 || a == 82): null

03-03-2025T13:27:50 - [TEST_STEP][PASSED] - else if (a == 83 || a == 52 || a == 72 || a == 28 || a == 73 || a == 77 || a == 74 || a == 65 || a == 36 || a == 44 || a == 53 || a == 80 || a == 54 || a == 1 || a == 18 || a == 59 || a == 81): null

03-03-2025T13:27:50 - [TEST_STEP][PASSED] - else: null

03-03-2025T13:27:50 - [TEST_STEP][PASSED] - page1 = getText(findTestObject("Object Repository/Выполнение бизнес-плана/spanPlan" + filialNum)): Text of object 'Object Repository/Выполнение бизнес-плана/spanPlan3' is: '7.43
|'

03-03-2025T13:27:51 - [MESSAGE][PASSED] - Text of object 'Object Repository/Выполнение бизнес-плана/spanPlan3' is: '7.43
|'

03-03-2025T13:27:51 - [TEST_STEP][PASSED] - page1 = page1.replace("|", ""): null

03-03-2025T13:27:51 - [TEST_STEP][PASSED] - page2 = getText(findTestObject("Object Repository/Выполнение бизнес-плана/spanFact" + filialNum)): Text of object 'Object Repository/Выполнение бизнес-плана/spanFact3' is: '7.06
|'

03-03-2025T13:27:51 - [MESSAGE][PASSED] - Text of object 'Object Repository/Выполнение бизнес-плана/spanFact3' is: '7.06
|'

03-03-2025T13:27:51 - [TEST_STEP][PASSED] - page2 = page2.replace("|", ""): null

03-03-2025T13:27:51 - [TEST_STEP][PASSED] - println("page1: " + page1): null

03-03-2025T13:27:51 - [TEST_STEP][PASSED] - println("page2: " + page2): null

03-03-2025T13:27:51 - [TEST_STEP][PASSED] - file = findTestData("PlanFact").getValue(4, a): null

03-03-2025T13:27:51 - [TEST_STEP][PASSED] - file = file.replace(",", "."): null

03-03-2025T13:27:51 - [TEST_STEP][PASSED] - println("file Plan: " + file): null

03-03-2025T13:27:51 - [TEST_STEP][PASSED] - typeOfData = "План в процентах": null

03-03-2025T13:27:51 - [TEST_STEP][PASSED] - fileDouble = file.toDouble(): null

03-03-2025T13:27:51 - [TEST_STEP][PASSED] - pageDouble = page1.toDouble(): null

03-03-2025T13:27:51 - [TEST_STEP][PASSED] - if (fileDouble != pageDouble): null

03-03-2025T13:27:51 - [TEST_STEP][PASSED] - file = findTestData("PlanFact").getValue(7, a): null

03-03-2025T13:27:51 - [TEST_STEP][PASSED] - file = file.replace(",", "."): null

03-03-2025T13:27:51 - [TEST_STEP][PASSED] - println("file Fact: " + file): null

03-03-2025T13:27:51 - [TEST_STEP][PASSED] - fileDouble = file.toDouble(): null

03-03-2025T13:27:51 - [TEST_STEP][PASSED] - typeOfData = "Факт в процентах": null

03-03-2025T13:27:51 - [TEST_STEP][PASSED] - fileDouble = file.toDouble(): null

03-03-2025T13:27:51 - [TEST_STEP][PASSED] - pageDouble = page2.toDouble(): null

03-03-2025T13:27:51 - [TEST_STEP][PASSED] - if (fileDouble != pageDouble): null

03-03-2025T13:27:51 - [TEST_STEP][PASSED] - if (verifyEqual(numberOfErrors, 0) == false): Actual object '0' and expected object '0' are equal

03-03-2025T13:27:51 - [MESSAGE][PASSED] - Actual object '0' and expected object '0' are equal

03-03-2025T13:27:51 - [TEST_STEP][PASSED] - if (a == 82): null

03-03-2025T13:27:51 - [TEST_STEP][PASSED] - dZO = "Самарские РС": null

03-03-2025T13:27:51 - [TEST_STEP][PASSED] - a = 32: null

03-03-2025T13:27:51 - [TEST_STEP][PASSED] - dzoCut = dZO.substring(0, 10): null

03-03-2025T13:27:51 - [TEST_STEP][PASSED] - if (x2.contains(dzoCut)): null

03-03-2025T13:27:51 - [TEST_STEP][PASSED] - filialNum = filialNum + 1: null

03-03-2025T13:27:51 - [TEST_STEP][PASSED] - Script1718980020443.Numbers(a, typeOfData, todaysDate, pageInt, fileInt, pageDouble, fileDouble, dZO, dzoNum, filialNum): null

03-03-2025T13:27:51 - [TEST_STEP][PASSED] - println(dzoNum): null

03-03-2025T13:27:51 - [TEST_STEP][PASSED] - planFact = <not implemented yet for class: org.codehaus.groovy.ast.expr.EmptyExpression>: null

03-03-2025T13:27:51 - [TEST_STEP][PASSED] - page = <not implemented yet for class: org.codehaus.groovy.ast.expr.EmptyExpression>: null

03-03-2025T13:27:51 - [TEST_STEP][PASSED] - page1 = <not implemented yet for class: org.codehaus.groovy.ast.expr.EmptyExpression>: null

03-03-2025T13:27:51 - [TEST_STEP][PASSED] - page2 = <not implemented yet for class: org.codehaus.groovy.ast.expr.EmptyExpression>: null

03-03-2025T13:27:51 - [TEST_STEP][PASSED] - filialNumberInRow = <not implemented yet for class: org.codehaus.groovy.ast.expr.EmptyExpression>: null

03-03-2025T13:27:51 - [TEST_STEP][PASSED] - filialsDzoNames = <not implemented yet for class: org.codehaus.groovy.ast.expr.EmptyExpression>: null

03-03-2025T13:27:51 - [TEST_STEP][PASSED] - numberOfFilials = <not implemented yet for class: org.codehaus.groovy.ast.expr.EmptyExpression>: null

03-03-2025T13:27:51 - [TEST_STEP][PASSED] - numberOfSpaces = <not implemented yet for class: org.codehaus.groovy.ast.expr.EmptyExpression>: null

03-03-2025T13:27:51 - [TEST_STEP][PASSED] - file = <not implemented yet for class: org.codehaus.groovy.ast.expr.EmptyExpression>: null

03-03-2025T13:27:51 - [TEST_STEP][PASSED] - otpusk = <not implemented yet for class: org.codehaus.groovy.ast.expr.EmptyExpression>: null

03-03-2025T13:27:51 - [TEST_STEP][PASSED] - poteri = <not implemented yet for class: org.codehaus.groovy.ast.expr.EmptyExpression>: null

03-03-2025T13:27:51 - [TEST_STEP][PASSED] - dataFolder = "Выполнение бизнес-плана/Значения со страницы Выполнение бизнес-плана/": null

03-03-2025T13:27:51 - [TEST_STEP][PASSED] - path = <not implemented yet for class: org.codehaus.groovy.ast.expr.EmptyExpression>: null

03-03-2025T13:27:51 - [TEST_STEP][PASSED] - typeOfDataMain = <not implemented yet for class: org.codehaus.groovy.ast.expr.EmptyExpression>: null

03-03-2025T13:27:51 - [TEST_STEP][PASSED] - fileOtpuskVSet = <not implemented yet for class: org.codehaus.groovy.ast.expr.EmptyExpression>: null

03-03-2025T13:27:51 - [TEST_STEP][PASSED] - pageOtpuskVSet = <not implemented yet for class: org.codehaus.groovy.ast.expr.EmptyExpression>: null

03-03-2025T13:27:51 - [TEST_STEP][PASSED] - filePoteri = <not implemented yet for class: org.codehaus.groovy.ast.expr.EmptyExpression>: null

03-03-2025T13:27:51 - [TEST_STEP][PASSED] - pagePoteri = <not implemented yet for class: org.codehaus.groovy.ast.expr.EmptyExpression>: null

03-03-2025T13:27:51 - [TEST_STEP][PASSED] - compare = <not implemented yet for class: org.codehaus.groovy.ast.expr.EmptyExpression>: null

03-03-2025T13:27:51 - [TEST_STEP][PASSED] - b = <not implemented yet for class: org.codehaus.groovy.ast.expr.EmptyExpression>: null

03-03-2025T13:27:51 - [TEST_STEP][PASSED] - i = <not implemented yet for class: org.codehaus.groovy.ast.expr.EmptyExpression>: null

03-03-2025T13:27:51 - [TEST_STEP][PASSED] - ii = <not implemented yet for class: org.codehaus.groovy.ast.expr.EmptyExpression>: null

03-03-2025T13:27:51 - [TEST_STEP][PASSED] - c = <not implemented yet for class: org.codehaus.groovy.ast.expr.EmptyExpression>: null

03-03-2025T13:27:51 - [TEST_STEP][PASSED] - numberOfErrors = 0: null

03-03-2025T13:27:51 - [TEST_STEP][PASSED] - if (a == 82): null

03-03-2025T13:27:51 - [TEST_STEP][PASSED] - b = findTestData("PlanFact").getValue(1, a): null

03-03-2025T13:27:51 - [TEST_STEP][PASSED] - i = b.indexOf(" (ГК)"): null

03-03-2025T13:27:51 - [TEST_STEP][PASSED] - if (i > -1): null

03-03-2025T13:27:51 - [TEST_STEP][PASSED] - i = b.indexOf("О ""): null

03-03-2025T13:27:51 - [TEST_STEP][PASSED] - if (i > -1): null

03-03-2025T13:27:51 - [TEST_STEP][PASSED] - i = b.indexOf("О «"): null

03-03-2025T13:27:51 - [TEST_STEP][PASSED] - if (i > -1): null

03-03-2025T13:27:51 - [TEST_STEP][PASSED] - i = b.indexOf("г. "): null

03-03-2025T13:27:51 - [TEST_STEP][PASSED] - if (i > -1): null

03-03-2025T13:27:51 - [TEST_STEP][PASSED] - b = b.trim(): null

03-03-2025T13:27:51 - [TEST_STEP][PASSED] - println(b): null

03-03-2025T13:27:51 - [TEST_STEP][PASSED] - for ([planFact = 1, planFact < 3, (planFact++)]): Object: 'Object Repository/Выполнение бизнес-плана/Кнопка Факт' is clicked on

03-03-2025T13:27:51 - [TEST_STEP][PASSED] - if (planFact == 1): null

03-03-2025T13:27:51 - [TEST_STEP][PASSED] - typeOfDataMain = "Факт": null

03-03-2025T13:27:51 - [TEST_STEP][PASSED] - otpusk = findTestData("PlanFact").getValue(5, a): null

03-03-2025T13:27:51 - [TEST_STEP][PASSED] - poteri = findTestData("PlanFact").getValue(6, a): null

03-03-2025T13:27:51 - [TEST_STEP][PASSED] - otpusk = otpusk.replaceAll("\s+", ""): null

03-03-2025T13:27:51 - [TEST_STEP][PASSED] - poteri = poteri.replaceAll("\s+", ""): null

03-03-2025T13:27:51 - [TEST_STEP][PASSED] - typeOfData = typeOfDataMain + " Отпуск в сеть": null

03-03-2025T13:27:51 - [TEST_STEP][PASSED] - if (a == 82): null

03-03-2025T13:27:51 - [TEST_STEP][PASSED] - else if (a == 84): null

03-03-2025T13:27:51 - [TEST_STEP][PASSED] - else if (a == 83 || a == 52 || a == 72 || a == 28 || a == 73 || a == 77 || a == 74 || a == 65 || a == 36 || a == 44 || a == 53 || a == 80 || a == 54 || a == 1 || a == 18 || a == 59 || a == 81): null

03-03-2025T13:27:51 - [TEST_STEP][PASSED] - else: null

03-03-2025T13:27:51 - [TEST_STEP][PASSED] - path = dataFolder + typeOfData + " за отчётный период " + b: null

03-03-2025T13:27:51 - [TEST_STEP][PASSED] - println(path): null

03-03-2025T13:27:51 - [TEST_STEP][PASSED] - page = getText(findTestObject(path)): Text of object 'Object Repository/Выполнение бизнес-плана/Значения со страницы Выполнение бизнес-плана/Факт Отпуск в сеть за отчётный период Самарские РС' is: '18 602 738'

03-03-2025T13:27:52 - [MESSAGE][PASSED] - Text of object 'Object Repository/Выполнение бизнес-плана/Значения со страницы Выполнение бизнес-плана/Факт Отпуск в сеть за отчётный период Самарские РС' is: '18 602 738'

03-03-2025T13:27:52 - [TEST_STEP][PASSED] - if (page == "" || page == null): null

03-03-2025T13:27:52 - [TEST_STEP][PASSED] - else: null

03-03-2025T13:27:52 - [TEST_STEP][PASSED] - page = page.replaceAll("\s+", ""): null

03-03-2025T13:27:52 - [TEST_STEP][PASSED] - fileOtpuskVSet = otpusk.toInteger(): null

03-03-2025T13:27:52 - [TEST_STEP][PASSED] - pageOtpuskVSet = page.toInteger(): null

03-03-2025T13:27:52 - [TEST_STEP][PASSED] - typeOfData = typeOfDataMain + " Потери": null

03-03-2025T13:27:52 - [TEST_STEP][PASSED] - if (a == 82): null

03-03-2025T13:27:52 - [TEST_STEP][PASSED] - else if (a == 84): null

03-03-2025T13:27:52 - [TEST_STEP][PASSED] - else if (a == 83 || a == 52 || a == 72 || a == 28 || a == 73 || a == 77 || a == 74 || a == 65 || a == 44 || a == 53 || a == 80 || a == 54 || a == 1 || a == 18 || a == 59 || a == 81): null

03-03-2025T13:27:52 - [TEST_STEP][PASSED] - else: null

03-03-2025T13:27:52 - [TEST_STEP][PASSED] - path = dataFolder + typeOfData + " за отчётный период " + b: null

03-03-2025T13:27:52 - [TEST_STEP][PASSED] - page = getText(findTestObject(path)): Text of object 'Object Repository/Выполнение бизнес-плана/Значения со страницы Выполнение бизнес-плана/Факт Потери за отчётный период Самарские РС' is: '595 593'

03-03-2025T13:27:52 - [MESSAGE][PASSED] - Text of object 'Object Repository/Выполнение бизнес-плана/Значения со страницы Выполнение бизнес-плана/Факт Потери за отчётный период Самарские РС' is: '595 593'

03-03-2025T13:27:52 - [TEST_STEP][PASSED] - if (page == "" || page == null): null

03-03-2025T13:27:52 - [TEST_STEP][PASSED] - else: null

03-03-2025T13:27:52 - [TEST_STEP][PASSED] - page = page.replaceAll("\s+", ""): null

03-03-2025T13:27:52 - [TEST_STEP][PASSED] - filePoteri = poteri.toInteger(): null

03-03-2025T13:27:52 - [TEST_STEP][PASSED] - pagePoteri = page.toInteger(): null

03-03-2025T13:27:52 - [TEST_STEP][PASSED] - compare = pageOtpuskVSet: null

03-03-2025T13:27:52 - [TEST_STEP][PASSED] - if (pageOtpuskVSet != null): null

03-03-2025T13:27:52 - [TEST_STEP][PASSED] - if (compare == fileOtpuskVSet): null

03-03-2025T13:27:52 - [TEST_STEP][PASSED] - if (compare == fileOtpuskVSet): null

03-03-2025T13:27:52 - [TEST_STEP][PASSED] - compare = pagePoteri: null

03-03-2025T13:27:52 - [TEST_STEP][PASSED] - if (pageOtpuskVSet != null): null

03-03-2025T13:27:52 - [TEST_STEP][PASSED] - if (compare == filePoteri): null

03-03-2025T13:27:52 - [TEST_STEP][PASSED] - if (compare == filePoteri): null

03-03-2025T13:27:52 - [TEST_STEP][PASSED] - if (planFact == 2): null

03-03-2025T13:27:52 - [TEST_STEP][PASSED] - if (planFact == 1): null

03-03-2025T13:27:52 - [TEST_STEP][PASSED] - else if (planFact == 2): null

03-03-2025T13:27:52 - [TEST_STEP][PASSED] - click(findTestObject("Выполнение бизнес-плана/Кнопка План")): Object: 'Object Repository/Выполнение бизнес-плана/Кнопка План' is clicked on

03-03-2025T13:27:52 - [MESSAGE][PASSED] - Object: 'Object Repository/Выполнение бизнес-плана/Кнопка План' is clicked on

03-03-2025T13:27:52 - [TEST_STEP][PASSED] - typeOfDataMain = "План": null

03-03-2025T13:27:52 - [TEST_STEP][PASSED] - otpusk = findTestData("PlanFact").getValue(2, a): null

03-03-2025T13:27:52 - [TEST_STEP][PASSED] - poteri = findTestData("PlanFact").getValue(3, a): null

03-03-2025T13:27:52 - [TEST_STEP][PASSED] - otpusk = otpusk.replaceAll("\s+", ""): null

03-03-2025T13:27:52 - [TEST_STEP][PASSED] - poteri = poteri.replaceAll("\s+", ""): null

03-03-2025T13:27:52 - [TEST_STEP][PASSED] - typeOfData = typeOfDataMain + " Отпуск в сеть": null

03-03-2025T13:27:52 - [TEST_STEP][PASSED] - if (a == 82): null

03-03-2025T13:27:52 - [TEST_STEP][PASSED] - else if (a == 84): null

03-03-2025T13:27:52 - [TEST_STEP][PASSED] - else if (a == 83 || a == 52 || a == 72 || a == 28 || a == 73 || a == 77 || a == 74 || a == 65 || a == 36 || a == 44 || a == 53 || a == 80 || a == 54 || a == 1 || a == 18 || a == 59 || a == 81): null

03-03-2025T13:27:52 - [TEST_STEP][PASSED] - else: null

03-03-2025T13:27:52 - [TEST_STEP][PASSED] - path = dataFolder + typeOfData + " за отчётный период " + b: null

03-03-2025T13:27:52 - [TEST_STEP][PASSED] - println(path): null

03-03-2025T13:27:52 - [TEST_STEP][PASSED] - page = getText(findTestObject(path)): Text of object 'Object Repository/Выполнение бизнес-плана/Значения со страницы Выполнение бизнес-плана/План Отпуск в сеть за отчётный период Самарские РС' is: '18 313 165'

03-03-2025T13:27:53 - [MESSAGE][PASSED] - Text of object 'Object Repository/Выполнение бизнес-плана/Значения со страницы Выполнение бизнес-плана/План Отпуск в сеть за отчётный период Самарские РС' is: '18 313 165'

03-03-2025T13:27:53 - [TEST_STEP][PASSED] - if (page == "" || page == null): null

03-03-2025T13:27:53 - [TEST_STEP][PASSED] - else: null

03-03-2025T13:27:53 - [TEST_STEP][PASSED] - page = page.replaceAll("\s+", ""): null

03-03-2025T13:27:53 - [TEST_STEP][PASSED] - fileOtpuskVSet = otpusk.toInteger(): null

03-03-2025T13:27:53 - [TEST_STEP][PASSED] - pageOtpuskVSet = page.toInteger(): null

03-03-2025T13:27:53 - [TEST_STEP][PASSED] - typeOfData = typeOfDataMain + " Потери": null

03-03-2025T13:27:53 - [TEST_STEP][PASSED] - if (a == 82): null

03-03-2025T13:27:53 - [TEST_STEP][PASSED] - else if (a == 84): null

03-03-2025T13:27:53 - [TEST_STEP][PASSED] - else if (a == 83 || a == 52 || a == 72 || a == 28 || a == 73 || a == 77 || a == 74 || a == 65 || a == 44 || a == 53 || a == 80 || a == 54 || a == 1 || a == 18 || a == 59 || a == 81): null

03-03-2025T13:27:53 - [TEST_STEP][PASSED] - else: null

03-03-2025T13:27:53 - [TEST_STEP][PASSED] - path = dataFolder + typeOfData + " за отчётный период " + b: null

03-03-2025T13:27:53 - [TEST_STEP][PASSED] - page = getText(findTestObject(path)): Text of object 'Object Repository/Выполнение бизнес-плана/Значения со страницы Выполнение бизнес-плана/План Потери за отчётный период Самарские РС' is: '652 453'

03-03-2025T13:27:53 - [MESSAGE][PASSED] - Text of object 'Object Repository/Выполнение бизнес-плана/Значения со страницы Выполнение бизнес-плана/План Потери за отчётный период Самарские РС' is: '652 453'

03-03-2025T13:27:53 - [TEST_STEP][PASSED] - if (page == "" || page == null): null

03-03-2025T13:27:53 - [TEST_STEP][PASSED] - else: null

03-03-2025T13:27:53 - [TEST_STEP][PASSED] - page = page.replaceAll("\s+", ""): null

03-03-2025T13:27:53 - [TEST_STEP][PASSED] - filePoteri = poteri.toInteger(): null

03-03-2025T13:27:53 - [TEST_STEP][PASSED] - pagePoteri = page.toInteger(): null

03-03-2025T13:27:53 - [TEST_STEP][PASSED] - compare = pageOtpuskVSet: null

03-03-2025T13:27:53 - [TEST_STEP][PASSED] - if (pageOtpuskVSet != null): null

03-03-2025T13:27:53 - [TEST_STEP][PASSED] - if (compare == fileOtpuskVSet): null

03-03-2025T13:27:53 - [TEST_STEP][PASSED] - if (compare == fileOtpuskVSet): null

03-03-2025T13:27:53 - [TEST_STEP][PASSED] - compare = pagePoteri: null

03-03-2025T13:27:53 - [TEST_STEP][PASSED] - if (pageOtpuskVSet != null): null

03-03-2025T13:27:53 - [TEST_STEP][PASSED] - if (compare == filePoteri): null

03-03-2025T13:27:53 - [TEST_STEP][PASSED] - if (compare == filePoteri): null

03-03-2025T13:27:53 - [TEST_STEP][PASSED] - if (planFact == 2): Object: 'Object Repository/Выполнение бизнес-плана/Кнопка Факт' is clicked on

03-03-2025T13:27:53 - [TEST_STEP][PASSED] - click(findTestObject("Выполнение бизнес-плана/Кнопка Факт")): Object: 'Object Repository/Выполнение бизнес-плана/Кнопка Факт' is clicked on

03-03-2025T13:27:53 - [MESSAGE][PASSED] - Object: 'Object Repository/Выполнение бизнес-плана/Кнопка Факт' is clicked on

03-03-2025T13:27:53 - [TEST_STEP][PASSED] - println("a=" + a): null

03-03-2025T13:27:53 - [TEST_STEP][PASSED] - if (a == 84 || a == 82): null

03-03-2025T13:27:53 - [TEST_STEP][PASSED] - else if (a == 83 || a == 52 || a == 72 || a == 28 || a == 73 || a == 77 || a == 74 || a == 65 || a == 36 || a == 44 || a == 53 || a == 80 || a == 54 || a == 1 || a == 18 || a == 59 || a == 81): null

03-03-2025T13:27:53 - [TEST_STEP][PASSED] - else: null

03-03-2025T13:27:53 - [TEST_STEP][PASSED] - page1 = getText(findTestObject("Object Repository/Выполнение бизнес-плана/spanPlan" + filialNum)): Text of object 'Object Repository/Выполнение бизнес-плана/spanPlan4' is: '3.56
|'

03-03-2025T13:27:54 - [MESSAGE][PASSED] - Text of object 'Object Repository/Выполнение бизнес-плана/spanPlan4' is: '3.56
|'

03-03-2025T13:27:54 - [TEST_STEP][PASSED] - page1 = page1.replace("|", ""): null

03-03-2025T13:27:54 - [TEST_STEP][PASSED] - page2 = getText(findTestObject("Object Repository/Выполнение бизнес-плана/spanFact" + filialNum)): Text of object 'Object Repository/Выполнение бизнес-плана/spanFact4' is: '3.20
|'

03-03-2025T13:27:54 - [MESSAGE][PASSED] - Text of object 'Object Repository/Выполнение бизнес-плана/spanFact4' is: '3.20
|'

03-03-2025T13:27:54 - [TEST_STEP][PASSED] - page2 = page2.replace("|", ""): null

03-03-2025T13:27:54 - [TEST_STEP][PASSED] - println("page1: " + page1): null

03-03-2025T13:27:54 - [TEST_STEP][PASSED] - println("page2: " + page2): null

03-03-2025T13:27:54 - [TEST_STEP][PASSED] - file = findTestData("PlanFact").getValue(4, a): null

03-03-2025T13:27:54 - [TEST_STEP][PASSED] - file = file.replace(",", "."): null

03-03-2025T13:27:54 - [TEST_STEP][PASSED] - println("file Plan: " + file): null

03-03-2025T13:27:54 - [TEST_STEP][PASSED] - typeOfData = "План в процентах": null

03-03-2025T13:27:54 - [TEST_STEP][PASSED] - fileDouble = file.toDouble(): null

03-03-2025T13:27:54 - [TEST_STEP][PASSED] - pageDouble = page1.toDouble(): null

03-03-2025T13:27:54 - [TEST_STEP][PASSED] - if (fileDouble != pageDouble): null

03-03-2025T13:27:54 - [TEST_STEP][PASSED] - file = findTestData("PlanFact").getValue(7, a): null

03-03-2025T13:27:54 - [TEST_STEP][PASSED] - file = file.replace(",", "."): null

03-03-2025T13:27:54 - [TEST_STEP][PASSED] - println("file Fact: " + file): null

03-03-2025T13:27:54 - [TEST_STEP][PASSED] - fileDouble = file.toDouble(): null

03-03-2025T13:27:54 - [TEST_STEP][PASSED] - typeOfData = "Факт в процентах": null

03-03-2025T13:27:54 - [TEST_STEP][PASSED] - fileDouble = file.toDouble(): null

03-03-2025T13:27:54 - [TEST_STEP][PASSED] - pageDouble = page2.toDouble(): null

03-03-2025T13:27:54 - [TEST_STEP][PASSED] - if (fileDouble != pageDouble): null

03-03-2025T13:27:54 - [TEST_STEP][PASSED] - if (verifyEqual(numberOfErrors, 0) == false): Actual object '0' and expected object '0' are equal

03-03-2025T13:27:54 - [MESSAGE][PASSED] - Actual object '0' and expected object '0' are equal

03-03-2025T13:27:54 - [TEST_STEP][PASSED] - if (a == 82): null

03-03-2025T13:27:54 - [TEST_STEP][PASSED] - dZO = "Саратовские РС": null

03-03-2025T13:27:54 - [TEST_STEP][PASSED] - a = 33: null

03-03-2025T13:27:54 - [TEST_STEP][PASSED] - dzoCut = dZO.substring(0, 10): null

03-03-2025T13:27:54 - [TEST_STEP][PASSED] - if (x2.contains(dzoCut)): null

03-03-2025T13:27:54 - [TEST_STEP][PASSED] - filialNum = filialNum + 1: null

03-03-2025T13:27:54 - [TEST_STEP][PASSED] - Script1718980020443.Numbers(a, typeOfData, todaysDate, pageInt, fileInt, pageDouble, fileDouble, dZO, dzoNum, filialNum): null

03-03-2025T13:27:54 - [TEST_STEP][PASSED] - println(dzoNum): null

03-03-2025T13:27:54 - [TEST_STEP][PASSED] - planFact = <not implemented yet for class: org.codehaus.groovy.ast.expr.EmptyExpression>: null

03-03-2025T13:27:54 - [TEST_STEP][PASSED] - page = <not implemented yet for class: org.codehaus.groovy.ast.expr.EmptyExpression>: null

03-03-2025T13:27:54 - [TEST_STEP][PASSED] - page1 = <not implemented yet for class: org.codehaus.groovy.ast.expr.EmptyExpression>: null

03-03-2025T13:27:54 - [TEST_STEP][PASSED] - page2 = <not implemented yet for class: org.codehaus.groovy.ast.expr.EmptyExpression>: null

03-03-2025T13:27:54 - [TEST_STEP][PASSED] - filialNumberInRow = <not implemented yet for class: org.codehaus.groovy.ast.expr.EmptyExpression>: null

03-03-2025T13:27:54 - [TEST_STEP][PASSED] - filialsDzoNames = <not implemented yet for class: org.codehaus.groovy.ast.expr.EmptyExpression>: null

03-03-2025T13:27:54 - [TEST_STEP][PASSED] - numberOfFilials = <not implemented yet for class: org.codehaus.groovy.ast.expr.EmptyExpression>: null

03-03-2025T13:27:54 - [TEST_STEP][PASSED] - numberOfSpaces = <not implemented yet for class: org.codehaus.groovy.ast.expr.EmptyExpression>: null

03-03-2025T13:27:54 - [TEST_STEP][PASSED] - file = <not implemented yet for class: org.codehaus.groovy.ast.expr.EmptyExpression>: null

03-03-2025T13:27:54 - [TEST_STEP][PASSED] - otpusk = <not implemented yet for class: org.codehaus.groovy.ast.expr.EmptyExpression>: null

03-03-2025T13:27:54 - [TEST_STEP][PASSED] - poteri = <not implemented yet for class: org.codehaus.groovy.ast.expr.EmptyExpression>: null

03-03-2025T13:27:54 - [TEST_STEP][PASSED] - dataFolder = "Выполнение бизнес-плана/Значения со страницы Выполнение бизнес-плана/": null

03-03-2025T13:27:54 - [TEST_STEP][PASSED] - path = <not implemented yet for class: org.codehaus.groovy.ast.expr.EmptyExpression>: null

03-03-2025T13:27:54 - [TEST_STEP][PASSED] - typeOfDataMain = <not implemented yet for class: org.codehaus.groovy.ast.expr.EmptyExpression>: null

03-03-2025T13:27:54 - [TEST_STEP][PASSED] - fileOtpuskVSet = <not implemented yet for class: org.codehaus.groovy.ast.expr.EmptyExpression>: null

03-03-2025T13:27:54 - [TEST_STEP][PASSED] - pageOtpuskVSet = <not implemented yet for class: org.codehaus.groovy.ast.expr.EmptyExpression>: null

03-03-2025T13:27:54 - [TEST_STEP][PASSED] - filePoteri = <not implemented yet for class: org.codehaus.groovy.ast.expr.EmptyExpression>: null

03-03-2025T13:27:54 - [TEST_STEP][PASSED] - pagePoteri = <not implemented yet for class: org.codehaus.groovy.ast.expr.EmptyExpression>: null

03-03-2025T13:27:54 - [TEST_STEP][PASSED] - compare = <not implemented yet for class: org.codehaus.groovy.ast.expr.EmptyExpression>: null

03-03-2025T13:27:54 - [TEST_STEP][PASSED] - b = <not implemented yet for class: org.codehaus.groovy.ast.expr.EmptyExpression>: null

03-03-2025T13:27:54 - [TEST_STEP][PASSED] - i = <not implemented yet for class: org.codehaus.groovy.ast.expr.EmptyExpression>: null

03-03-2025T13:27:54 - [TEST_STEP][PASSED] - ii = <not implemented yet for class: org.codehaus.groovy.ast.expr.EmptyExpression>: null

03-03-2025T13:27:54 - [TEST_STEP][PASSED] - c = <not implemented yet for class: org.codehaus.groovy.ast.expr.EmptyExpression>: null

03-03-2025T13:27:54 - [TEST_STEP][PASSED] - numberOfErrors = 0: null

03-03-2025T13:27:54 - [TEST_STEP][PASSED] - if (a == 82): null

03-03-2025T13:27:54 - [TEST_STEP][PASSED] - b = findTestData("PlanFact").getValue(1, a): null

03-03-2025T13:27:54 - [TEST_STEP][PASSED] - i = b.indexOf(" (ГК)"): null

03-03-2025T13:27:54 - [TEST_STEP][PASSED] - if (i > -1): null

03-03-2025T13:27:54 - [TEST_STEP][PASSED] - i = b.indexOf("О ""): null

03-03-2025T13:27:54 - [TEST_STEP][PASSED] - if (i > -1): null

03-03-2025T13:27:54 - [TEST_STEP][PASSED] - i = b.indexOf("О «"): null

03-03-2025T13:27:54 - [TEST_STEP][PASSED] - if (i > -1): null

03-03-2025T13:27:54 - [TEST_STEP][PASSED] - i = b.indexOf("г. "): null

03-03-2025T13:27:54 - [TEST_STEP][PASSED] - if (i > -1): null

03-03-2025T13:27:54 - [TEST_STEP][PASSED] - b = b.trim(): null

03-03-2025T13:27:54 - [TEST_STEP][PASSED] - println(b): null

03-03-2025T13:27:54 - [TEST_STEP][PASSED] - for ([planFact = 1, planFact < 3, (planFact++)]): Object: 'Object Repository/Выполнение бизнес-плана/Кнопка Факт' is clicked on

03-03-2025T13:27:54 - [TEST_STEP][PASSED] - if (planFact == 1): null

03-03-2025T13:27:54 - [TEST_STEP][PASSED] - typeOfDataMain = "Факт": null

03-03-2025T13:27:54 - [TEST_STEP][PASSED] - otpusk = findTestData("PlanFact").getValue(5, a): null

03-03-2025T13:27:54 - [TEST_STEP][PASSED] - poteri = findTestData("PlanFact").getValue(6, a): null

03-03-2025T13:27:54 - [TEST_STEP][PASSED] - otpusk = otpusk.replaceAll("\s+", ""): null

03-03-2025T13:27:54 - [TEST_STEP][PASSED] - poteri = poteri.replaceAll("\s+", ""): null

03-03-2025T13:27:54 - [TEST_STEP][PASSED] - typeOfData = typeOfDataMain + " Отпуск в сеть": null

03-03-2025T13:27:54 - [TEST_STEP][PASSED] - if (a == 82): null

03-03-2025T13:27:54 - [TEST_STEP][PASSED] - else if (a == 84): null

03-03-2025T13:27:54 - [TEST_STEP][PASSED] - else if (a == 83 || a == 52 || a == 72 || a == 28 || a == 73 || a == 77 || a == 74 || a == 65 || a == 36 || a == 44 || a == 53 || a == 80 || a == 54 || a == 1 || a == 18 || a == 59 || a == 81): null

03-03-2025T13:27:54 - [TEST_STEP][PASSED] - else: null

03-03-2025T13:27:54 - [TEST_STEP][PASSED] - path = dataFolder + typeOfData + " за отчётный период " + b: null

03-03-2025T13:27:54 - [TEST_STEP][PASSED] - println(path): null

03-03-2025T13:27:54 - [TEST_STEP][PASSED] - page = getText(findTestObject(path)): Text of object 'Object Repository/Выполнение бизнес-плана/Значения со страницы Выполнение бизнес-плана/Факт Отпуск в сеть за отчётный период Саратовские РС' is: '9 817 904'

03-03-2025T13:27:54 - [MESSAGE][PASSED] - Text of object 'Object Repository/Выполнение бизнес-плана/Значения со страницы Выполнение бизнес-плана/Факт Отпуск в сеть за отчётный период Саратовские РС' is: '9 817 904'

03-03-2025T13:27:54 - [TEST_STEP][PASSED] - if (page == "" || page == null): null

03-03-2025T13:27:54 - [TEST_STEP][PASSED] - else: null

03-03-2025T13:27:54 - [TEST_STEP][PASSED] - page = page.replaceAll("\s+", ""): null

03-03-2025T13:27:54 - [TEST_STEP][PASSED] - fileOtpuskVSet = otpusk.toInteger(): null

03-03-2025T13:27:54 - [TEST_STEP][PASSED] - pageOtpuskVSet = page.toInteger(): null

03-03-2025T13:27:54 - [TEST_STEP][PASSED] - typeOfData = typeOfDataMain + " Потери": null

03-03-2025T13:27:54 - [TEST_STEP][PASSED] - if (a == 82): null

03-03-2025T13:27:54 - [TEST_STEP][PASSED] - else if (a == 84): null

03-03-2025T13:27:54 - [TEST_STEP][PASSED] - else if (a == 83 || a == 52 || a == 72 || a == 28 || a == 73 || a == 77 || a == 74 || a == 65 || a == 44 || a == 53 || a == 80 || a == 54 || a == 1 || a == 18 || a == 59 || a == 81): null

03-03-2025T13:27:54 - [TEST_STEP][PASSED] - else: null

03-03-2025T13:27:54 - [TEST_STEP][PASSED] - path = dataFolder + typeOfData + " за отчётный период " + b: null

03-03-2025T13:27:54 - [TEST_STEP][PASSED] - page = getText(findTestObject(path)): Text of object 'Object Repository/Выполнение бизнес-плана/Значения со страницы Выполнение бизнес-плана/Факт Потери за отчётный период Саратовские РС' is: '545 201'

03-03-2025T13:27:55 - [MESSAGE][PASSED] - Text of object 'Object Repository/Выполнение бизнес-плана/Значения со страницы Выполнение бизнес-плана/Факт Потери за отчётный период Саратовские РС' is: '545 201'

03-03-2025T13:27:55 - [TEST_STEP][PASSED] - if (page == "" || page == null): null

03-03-2025T13:27:55 - [TEST_STEP][PASSED] - else: null

03-03-2025T13:27:55 - [TEST_STEP][PASSED] - page = page.replaceAll("\s+", ""): null

03-03-2025T13:27:55 - [TEST_STEP][PASSED] - filePoteri = poteri.toInteger(): null

03-03-2025T13:27:55 - [TEST_STEP][PASSED] - pagePoteri = page.toInteger(): null

03-03-2025T13:27:55 - [TEST_STEP][PASSED] - compare = pageOtpuskVSet: null

03-03-2025T13:27:55 - [TEST_STEP][PASSED] - if (pageOtpuskVSet != null): null

03-03-2025T13:27:55 - [TEST_STEP][PASSED] - if (compare == fileOtpuskVSet): null

03-03-2025T13:27:55 - [TEST_STEP][PASSED] - if (compare == fileOtpuskVSet): null

03-03-2025T13:27:55 - [TEST_STEP][PASSED] - compare = pagePoteri: null

03-03-2025T13:27:55 - [TEST_STEP][PASSED] - if (pageOtpuskVSet != null): null

03-03-2025T13:27:55 - [TEST_STEP][PASSED] - if (compare == filePoteri): null

03-03-2025T13:27:55 - [TEST_STEP][PASSED] - if (compare == filePoteri): null

03-03-2025T13:27:55 - [TEST_STEP][PASSED] - if (planFact == 2): null

03-03-2025T13:27:55 - [TEST_STEP][PASSED] - if (planFact == 1): null

03-03-2025T13:27:55 - [TEST_STEP][PASSED] - else if (planFact == 2): null

03-03-2025T13:27:55 - [TEST_STEP][PASSED] - click(findTestObject("Выполнение бизнес-плана/Кнопка План")): Object: 'Object Repository/Выполнение бизнес-плана/Кнопка План' is clicked on

03-03-2025T13:27:55 - [MESSAGE][PASSED] - Object: 'Object Repository/Выполнение бизнес-плана/Кнопка План' is clicked on

03-03-2025T13:27:55 - [TEST_STEP][PASSED] - typeOfDataMain = "План": null

03-03-2025T13:27:55 - [TEST_STEP][PASSED] - otpusk = findTestData("PlanFact").getValue(2, a): null

03-03-2025T13:27:55 - [TEST_STEP][PASSED] - poteri = findTestData("PlanFact").getValue(3, a): null

03-03-2025T13:27:55 - [TEST_STEP][PASSED] - otpusk = otpusk.replaceAll("\s+", ""): null

03-03-2025T13:27:55 - [TEST_STEP][PASSED] - poteri = poteri.replaceAll("\s+", ""): null

03-03-2025T13:27:55 - [TEST_STEP][PASSED] - typeOfData = typeOfDataMain + " Отпуск в сеть": null

03-03-2025T13:27:55 - [TEST_STEP][PASSED] - if (a == 82): null

03-03-2025T13:27:55 - [TEST_STEP][PASSED] - else if (a == 84): null

03-03-2025T13:27:55 - [TEST_STEP][PASSED] - else if (a == 83 || a == 52 || a == 72 || a == 28 || a == 73 || a == 77 || a == 74 || a == 65 || a == 36 || a == 44 || a == 53 || a == 80 || a == 54 || a == 1 || a == 18 || a == 59 || a == 81): null

03-03-2025T13:27:55 - [TEST_STEP][PASSED] - else: null

03-03-2025T13:27:55 - [TEST_STEP][PASSED] - path = dataFolder + typeOfData + " за отчётный период " + b: null

03-03-2025T13:27:55 - [TEST_STEP][PASSED] - println(path): null

03-03-2025T13:27:55 - [TEST_STEP][PASSED] - page = getText(findTestObject(path)): Text of object 'Object Repository/Выполнение бизнес-плана/Значения со страницы Выполнение бизнес-плана/План Отпуск в сеть за отчётный период Саратовские РС' is: '9 656 805'

03-03-2025T13:27:56 - [MESSAGE][PASSED] - Text of object 'Object Repository/Выполнение бизнес-плана/Значения со страницы Выполнение бизнес-плана/План Отпуск в сеть за отчётный период Саратовские РС' is: '9 656 805'

03-03-2025T13:27:56 - [TEST_STEP][PASSED] - if (page == "" || page == null): null

03-03-2025T13:27:56 - [TEST_STEP][PASSED] - else: null

03-03-2025T13:27:56 - [TEST_STEP][PASSED] - page = page.replaceAll("\s+", ""): null

03-03-2025T13:27:56 - [TEST_STEP][PASSED] - fileOtpuskVSet = otpusk.toInteger(): null

03-03-2025T13:27:56 - [TEST_STEP][PASSED] - pageOtpuskVSet = page.toInteger(): null

03-03-2025T13:27:56 - [TEST_STEP][PASSED] - typeOfData = typeOfDataMain + " Потери": null

03-03-2025T13:27:56 - [TEST_STEP][PASSED] - if (a == 82): null

03-03-2025T13:27:56 - [TEST_STEP][PASSED] - else if (a == 84): null

03-03-2025T13:27:56 - [TEST_STEP][PASSED] - else if (a == 83 || a == 52 || a == 72 || a == 28 || a == 73 || a == 77 || a == 74 || a == 65 || a == 44 || a == 53 || a == 80 || a == 54 || a == 1 || a == 18 || a == 59 || a == 81): null

03-03-2025T13:27:56 - [TEST_STEP][PASSED] - else: null

03-03-2025T13:27:56 - [TEST_STEP][PASSED] - path = dataFolder + typeOfData + " за отчётный период " + b: null

03-03-2025T13:27:56 - [TEST_STEP][PASSED] - page = getText(findTestObject(path)): Text of object 'Object Repository/Выполнение бизнес-плана/Значения со страницы Выполнение бизнес-плана/План Потери за отчётный период Саратовские РС' is: '591 384'

03-03-2025T13:27:56 - [MESSAGE][PASSED] - Text of object 'Object Repository/Выполнение бизнес-плана/Значения со страницы Выполнение бизнес-плана/План Потери за отчётный период Саратовские РС' is: '591 384'

03-03-2025T13:27:56 - [TEST_STEP][PASSED] - if (page == "" || page == null): null

03-03-2025T13:27:56 - [TEST_STEP][PASSED] - else: null

03-03-2025T13:27:56 - [TEST_STEP][PASSED] - page = page.replaceAll("\s+", ""): null

03-03-2025T13:27:56 - [TEST_STEP][PASSED] - filePoteri = poteri.toInteger(): null

03-03-2025T13:27:56 - [TEST_STEP][PASSED] - pagePoteri = page.toInteger(): null

03-03-2025T13:27:56 - [TEST_STEP][PASSED] - compare = pageOtpuskVSet: null

03-03-2025T13:27:56 - [TEST_STEP][PASSED] - if (pageOtpuskVSet != null): null

03-03-2025T13:27:56 - [TEST_STEP][PASSED] - if (compare == fileOtpuskVSet): null

03-03-2025T13:27:56 - [TEST_STEP][PASSED] - if (compare == fileOtpuskVSet): null

03-03-2025T13:27:56 - [TEST_STEP][PASSED] - compare = pagePoteri: null

03-03-2025T13:27:56 - [TEST_STEP][PASSED] - if (pageOtpuskVSet != null): null

03-03-2025T13:27:56 - [TEST_STEP][PASSED] - if (compare == filePoteri): null

03-03-2025T13:27:56 - [TEST_STEP][PASSED] - if (compare == filePoteri): null

03-03-2025T13:27:56 - [TEST_STEP][PASSED] - if (planFact == 2): Object: 'Object Repository/Выполнение бизнес-плана/Кнопка Факт' is clicked on

03-03-2025T13:27:56 - [TEST_STEP][PASSED] - click(findTestObject("Выполнение бизнес-плана/Кнопка Факт")): Object: 'Object Repository/Выполнение бизнес-плана/Кнопка Факт' is clicked on

03-03-2025T13:27:56 - [MESSAGE][PASSED] - Object: 'Object Repository/Выполнение бизнес-плана/Кнопка Факт' is clicked on

03-03-2025T13:27:56 - [TEST_STEP][PASSED] - println("a=" + a): null

03-03-2025T13:27:56 - [TEST_STEP][PASSED] - if (a == 84 || a == 82): null

03-03-2025T13:27:56 - [TEST_STEP][PASSED] - else if (a == 83 || a == 52 || a == 72 || a == 28 || a == 73 || a == 77 || a == 74 || a == 65 || a == 36 || a == 44 || a == 53 || a == 80 || a == 54 || a == 1 || a == 18 || a == 59 || a == 81): null

03-03-2025T13:27:56 - [TEST_STEP][PASSED] - else: null

03-03-2025T13:27:56 - [TEST_STEP][PASSED] - page1 = getText(findTestObject("Object Repository/Выполнение бизнес-плана/spanPlan" + filialNum)): Text of object 'Object Repository/Выполнение бизнес-плана/spanPlan5' is: '6.12
|'

03-03-2025T13:27:56 - [MESSAGE][PASSED] - Text of object 'Object Repository/Выполнение бизнес-плана/spanPlan5' is: '6.12
|'

03-03-2025T13:27:56 - [TEST_STEP][PASSED] - page1 = page1.replace("|", ""): null

03-03-2025T13:27:56 - [TEST_STEP][PASSED] - page2 = getText(findTestObject("Object Repository/Выполнение бизнес-плана/spanFact" + filialNum)): Text of object 'Object Repository/Выполнение бизнес-плана/spanFact5' is: '5.55
|'

03-03-2025T13:27:57 - [MESSAGE][PASSED] - Text of object 'Object Repository/Выполнение бизнес-плана/spanFact5' is: '5.55
|'

03-03-2025T13:27:57 - [TEST_STEP][PASSED] - page2 = page2.replace("|", ""): null

03-03-2025T13:27:57 - [TEST_STEP][PASSED] - println("page1: " + page1): null

03-03-2025T13:27:57 - [TEST_STEP][PASSED] - println("page2: " + page2): null

03-03-2025T13:27:57 - [TEST_STEP][PASSED] - file = findTestData("PlanFact").getValue(4, a): null

03-03-2025T13:27:57 - [TEST_STEP][PASSED] - file = file.replace(",", "."): null

03-03-2025T13:27:57 - [TEST_STEP][PASSED] - println("file Plan: " + file): null

03-03-2025T13:27:57 - [TEST_STEP][PASSED] - typeOfData = "План в процентах": null

03-03-2025T13:27:57 - [TEST_STEP][PASSED] - fileDouble = file.toDouble(): null

03-03-2025T13:27:57 - [TEST_STEP][PASSED] - pageDouble = page1.toDouble(): null

03-03-2025T13:27:57 - [TEST_STEP][PASSED] - if (fileDouble != pageDouble): null

03-03-2025T13:27:57 - [TEST_STEP][PASSED] - file = findTestData("PlanFact").getValue(7, a): null

03-03-2025T13:27:57 - [TEST_STEP][PASSED] - file = file.replace(",", "."): null

03-03-2025T13:27:57 - [TEST_STEP][PASSED] - println("file Fact: " + file): null

03-03-2025T13:27:57 - [TEST_STEP][PASSED] - fileDouble = file.toDouble(): null

03-03-2025T13:27:57 - [TEST_STEP][PASSED] - typeOfData = "Факт в процентах": null

03-03-2025T13:27:57 - [TEST_STEP][PASSED] - fileDouble = file.toDouble(): null

03-03-2025T13:27:57 - [TEST_STEP][PASSED] - pageDouble = page2.toDouble(): null

03-03-2025T13:27:57 - [TEST_STEP][PASSED] - if (fileDouble != pageDouble): null

03-03-2025T13:27:57 - [TEST_STEP][PASSED] - if (verifyEqual(numberOfErrors, 0) == false): Actual object '0' and expected object '0' are equal

03-03-2025T13:27:57 - [MESSAGE][PASSED] - Actual object '0' and expected object '0' are equal

03-03-2025T13:27:57 - [TEST_STEP][PASSED] - if (a == 82): null

03-03-2025T13:27:57 - [TEST_STEP][PASSED] - dZO = "Ульяновские РС": null

03-03-2025T13:27:57 - [TEST_STEP][PASSED] - a = 34: null

03-03-2025T13:27:57 - [TEST_STEP][PASSED] - dzoCut = dZO.substring(0, 10): null

03-03-2025T13:27:57 - [TEST_STEP][PASSED] - if (x2.contains(dzoCut)): null

03-03-2025T13:27:57 - [TEST_STEP][PASSED] - filialNum = filialNum + 1: null

03-03-2025T13:27:57 - [TEST_STEP][PASSED] - Script1718980020443.Numbers(a, typeOfData, todaysDate, pageInt, fileInt, pageDouble, fileDouble, dZO, dzoNum, filialNum): null

03-03-2025T13:27:57 - [TEST_STEP][PASSED] - println(dzoNum): null

03-03-2025T13:27:57 - [TEST_STEP][PASSED] - planFact = <not implemented yet for class: org.codehaus.groovy.ast.expr.EmptyExpression>: null

03-03-2025T13:27:57 - [TEST_STEP][PASSED] - page = <not implemented yet for class: org.codehaus.groovy.ast.expr.EmptyExpression>: null

03-03-2025T13:27:57 - [TEST_STEP][PASSED] - page1 = <not implemented yet for class: org.codehaus.groovy.ast.expr.EmptyExpression>: null

03-03-2025T13:27:57 - [TEST_STEP][PASSED] - page2 = <not implemented yet for class: org.codehaus.groovy.ast.expr.EmptyExpression>: null

03-03-2025T13:27:57 - [TEST_STEP][PASSED] - filialNumberInRow = <not implemented yet for class: org.codehaus.groovy.ast.expr.EmptyExpression>: null

03-03-2025T13:27:57 - [TEST_STEP][PASSED] - filialsDzoNames = <not implemented yet for class: org.codehaus.groovy.ast.expr.EmptyExpression>: null

03-03-2025T13:27:57 - [TEST_STEP][PASSED] - numberOfFilials = <not implemented yet for class: org.codehaus.groovy.ast.expr.EmptyExpression>: null

03-03-2025T13:27:57 - [TEST_STEP][PASSED] - numberOfSpaces = <not implemented yet for class: org.codehaus.groovy.ast.expr.EmptyExpression>: null

03-03-2025T13:27:57 - [TEST_STEP][PASSED] - file = <not implemented yet for class: org.codehaus.groovy.ast.expr.EmptyExpression>: null

03-03-2025T13:27:57 - [TEST_STEP][PASSED] - otpusk = <not implemented yet for class: org.codehaus.groovy.ast.expr.EmptyExpression>: null

03-03-2025T13:27:57 - [TEST_STEP][PASSED] - poteri = <not implemented yet for class: org.codehaus.groovy.ast.expr.EmptyExpression>: null

03-03-2025T13:27:57 - [TEST_STEP][PASSED] - dataFolder = "Выполнение бизнес-плана/Значения со страницы Выполнение бизнес-плана/": null

03-03-2025T13:27:57 - [TEST_STEP][PASSED] - path = <not implemented yet for class: org.codehaus.groovy.ast.expr.EmptyExpression>: null

03-03-2025T13:27:57 - [TEST_STEP][PASSED] - typeOfDataMain = <not implemented yet for class: org.codehaus.groovy.ast.expr.EmptyExpression>: null

03-03-2025T13:27:57 - [TEST_STEP][PASSED] - fileOtpuskVSet = <not implemented yet for class: org.codehaus.groovy.ast.expr.EmptyExpression>: null

03-03-2025T13:27:57 - [TEST_STEP][PASSED] - pageOtpuskVSet = <not implemented yet for class: org.codehaus.groovy.ast.expr.EmptyExpression>: null

03-03-2025T13:27:57 - [TEST_STEP][PASSED] - filePoteri = <not implemented yet for class: org.codehaus.groovy.ast.expr.EmptyExpression>: null

03-03-2025T13:27:57 - [TEST_STEP][PASSED] - pagePoteri = <not implemented yet for class: org.codehaus.groovy.ast.expr.EmptyExpression>: null

03-03-2025T13:27:57 - [TEST_STEP][PASSED] - compare = <not implemented yet for class: org.codehaus.groovy.ast.expr.EmptyExpression>: null

03-03-2025T13:27:57 - [TEST_STEP][PASSED] - b = <not implemented yet for class: org.codehaus.groovy.ast.expr.EmptyExpression>: null

03-03-2025T13:27:57 - [TEST_STEP][PASSED] - i = <not implemented yet for class: org.codehaus.groovy.ast.expr.EmptyExpression>: null

03-03-2025T13:27:57 - [TEST_STEP][PASSED] - ii = <not implemented yet for class: org.codehaus.groovy.ast.expr.EmptyExpression>: null

03-03-2025T13:27:57 - [TEST_STEP][PASSED] - c = <not implemented yet for class: org.codehaus.groovy.ast.expr.EmptyExpression>: null

03-03-2025T13:27:57 - [TEST_STEP][PASSED] - numberOfErrors = 0: null

03-03-2025T13:27:57 - [TEST_STEP][PASSED] - if (a == 82): null

03-03-2025T13:27:57 - [TEST_STEP][PASSED] - b = findTestData("PlanFact").getValue(1, a): null

03-03-2025T13:27:57 - [TEST_STEP][PASSED] - i = b.indexOf(" (ГК)"): null

03-03-2025T13:27:57 - [TEST_STEP][PASSED] - if (i > -1): null

03-03-2025T13:27:57 - [TEST_STEP][PASSED] - i = b.indexOf("О ""): null

03-03-2025T13:27:57 - [TEST_STEP][PASSED] - if (i > -1): null

03-03-2025T13:27:57 - [TEST_STEP][PASSED] - i = b.indexOf("О «"): null

03-03-2025T13:27:57 - [TEST_STEP][PASSED] - if (i > -1): null

03-03-2025T13:27:57 - [TEST_STEP][PASSED] - i = b.indexOf("г. "): null

03-03-2025T13:27:57 - [TEST_STEP][PASSED] - if (i > -1): null

03-03-2025T13:27:57 - [TEST_STEP][PASSED] - b = b.trim(): null

03-03-2025T13:27:57 - [TEST_STEP][PASSED] - println(b): null

03-03-2025T13:27:57 - [TEST_STEP][PASSED] - for ([planFact = 1, planFact < 3, (planFact++)]): Object: 'Object Repository/Выполнение бизнес-плана/Кнопка Факт' is clicked on

03-03-2025T13:27:57 - [TEST_STEP][PASSED] - if (planFact == 1): null

03-03-2025T13:27:57 - [TEST_STEP][PASSED] - typeOfDataMain = "Факт": null

03-03-2025T13:27:57 - [TEST_STEP][PASSED] - otpusk = findTestData("PlanFact").getValue(5, a): null

03-03-2025T13:27:57 - [TEST_STEP][PASSED] - poteri = findTestData("PlanFact").getValue(6, a): null

03-03-2025T13:27:57 - [TEST_STEP][PASSED] - otpusk = otpusk.replaceAll("\s+", ""): null

03-03-2025T13:27:57 - [TEST_STEP][PASSED] - poteri = poteri.replaceAll("\s+", ""): null

03-03-2025T13:27:57 - [TEST_STEP][PASSED] - typeOfData = typeOfDataMain + " Отпуск в сеть": null

03-03-2025T13:27:57 - [TEST_STEP][PASSED] - if (a == 82): null

03-03-2025T13:27:57 - [TEST_STEP][PASSED] - else if (a == 84): null

03-03-2025T13:27:57 - [TEST_STEP][PASSED] - else if (a == 83 || a == 52 || a == 72 || a == 28 || a == 73 || a == 77 || a == 74 || a == 65 || a == 36 || a == 44 || a == 53 || a == 80 || a == 54 || a == 1 || a == 18 || a == 59 || a == 81): null

03-03-2025T13:27:57 - [TEST_STEP][PASSED] - else: null

03-03-2025T13:27:57 - [TEST_STEP][PASSED] - path = dataFolder + typeOfData + " за отчётный период " + b: null

03-03-2025T13:27:57 - [TEST_STEP][PASSED] - println(path): null

03-03-2025T13:27:57 - [TEST_STEP][PASSED] - page = getText(findTestObject(path)): Text of object 'Object Repository/Выполнение бизнес-плана/Значения со страницы Выполнение бизнес-плана/Факт Отпуск в сеть за отчётный период Ульяновские РС' is: '4 515 127'

03-03-2025T13:27:57 - [MESSAGE][PASSED] - Text of object 'Object Repository/Выполнение бизнес-плана/Значения со страницы Выполнение бизнес-плана/Факт Отпуск в сеть за отчётный период Ульяновские РС' is: '4 515 127'

03-03-2025T13:27:57 - [TEST_STEP][PASSED] - if (page == "" || page == null): null

03-03-2025T13:27:57 - [TEST_STEP][PASSED] - else: null

03-03-2025T13:27:57 - [TEST_STEP][PASSED] - page = page.replaceAll("\s+", ""): null

03-03-2025T13:27:57 - [TEST_STEP][PASSED] - fileOtpuskVSet = otpusk.toInteger(): null

03-03-2025T13:27:57 - [TEST_STEP][PASSED] - pageOtpuskVSet = page.toInteger(): null

03-03-2025T13:27:57 - [TEST_STEP][PASSED] - typeOfData = typeOfDataMain + " Потери": null

03-03-2025T13:27:57 - [TEST_STEP][PASSED] - if (a == 82): null

03-03-2025T13:27:57 - [TEST_STEP][PASSED] - else if (a == 84): null

03-03-2025T13:27:57 - [TEST_STEP][PASSED] - else if (a == 83 || a == 52 || a == 72 || a == 28 || a == 73 || a == 77 || a == 74 || a == 65 || a == 44 || a == 53 || a == 80 || a == 54 || a == 1 || a == 18 || a == 59 || a == 81): null

03-03-2025T13:27:57 - [TEST_STEP][PASSED] - else: null

03-03-2025T13:27:57 - [TEST_STEP][PASSED] - path = dataFolder + typeOfData + " за отчётный период " + b: null

03-03-2025T13:27:57 - [TEST_STEP][PASSED] - page = getText(findTestObject(path)): Text of object 'Object Repository/Выполнение бизнес-плана/Значения со страницы Выполнение бизнес-плана/Факт Потери за отчётный период Ульяновские РС' is: '237 621'

03-03-2025T13:27:58 - [MESSAGE][PASSED] - Text of object 'Object Repository/Выполнение бизнес-плана/Значения со страницы Выполнение бизнес-плана/Факт Потери за отчётный период Ульяновские РС' is: '237 621'

03-03-2025T13:27:58 - [TEST_STEP][PASSED] - if (page == "" || page == null): null

03-03-2025T13:27:58 - [TEST_STEP][PASSED] - else: null

03-03-2025T13:27:58 - [TEST_STEP][PASSED] - page = page.replaceAll("\s+", ""): null

03-03-2025T13:27:58 - [TEST_STEP][PASSED] - filePoteri = poteri.toInteger(): null

03-03-2025T13:27:58 - [TEST_STEP][PASSED] - pagePoteri = page.toInteger(): null

03-03-2025T13:27:58 - [TEST_STEP][PASSED] - compare = pageOtpuskVSet: null

03-03-2025T13:27:58 - [TEST_STEP][PASSED] - if (pageOtpuskVSet != null): null

03-03-2025T13:27:58 - [TEST_STEP][PASSED] - if (compare == fileOtpuskVSet): null

03-03-2025T13:27:58 - [TEST_STEP][PASSED] - if (compare == fileOtpuskVSet): null

03-03-2025T13:27:58 - [TEST_STEP][PASSED] - compare = pagePoteri: null

03-03-2025T13:27:58 - [TEST_STEP][PASSED] - if (pageOtpuskVSet != null): null

03-03-2025T13:27:58 - [TEST_STEP][PASSED] - if (compare == filePoteri): null

03-03-2025T13:27:58 - [TEST_STEP][PASSED] - if (compare == filePoteri): null

03-03-2025T13:27:58 - [TEST_STEP][PASSED] - if (planFact == 2): null

03-03-2025T13:27:58 - [TEST_STEP][PASSED] - if (planFact == 1): null

03-03-2025T13:27:58 - [TEST_STEP][PASSED] - else if (planFact == 2): null

03-03-2025T13:27:58 - [TEST_STEP][PASSED] - click(findTestObject("Выполнение бизнес-плана/Кнопка План")): Object: 'Object Repository/Выполнение бизнес-плана/Кнопка План' is clicked on

03-03-2025T13:27:58 - [MESSAGE][PASSED] - Object: 'Object Repository/Выполнение бизнес-плана/Кнопка План' is clicked on

03-03-2025T13:27:58 - [TEST_STEP][PASSED] - typeOfDataMain = "План": null

03-03-2025T13:27:58 - [TEST_STEP][PASSED] - otpusk = findTestData("PlanFact").getValue(2, a): null

03-03-2025T13:27:58 - [TEST_STEP][PASSED] - poteri = findTestData("PlanFact").getValue(3, a): null

03-03-2025T13:27:58 - [TEST_STEP][PASSED] - otpusk = otpusk.replaceAll("\s+", ""): null

03-03-2025T13:27:58 - [TEST_STEP][PASSED] - poteri = poteri.replaceAll("\s+", ""): null

03-03-2025T13:27:58 - [TEST_STEP][PASSED] - typeOfData = typeOfDataMain + " Отпуск в сеть": null

03-03-2025T13:27:58 - [TEST_STEP][PASSED] - if (a == 82): null

03-03-2025T13:27:58 - [TEST_STEP][PASSED] - else if (a == 84): null

03-03-2025T13:27:58 - [TEST_STEP][PASSED] - else if (a == 83 || a == 52 || a == 72 || a == 28 || a == 73 || a == 77 || a == 74 || a == 65 || a == 36 || a == 44 || a == 53 || a == 80 || a == 54 || a == 1 || a == 18 || a == 59 || a == 81): null

03-03-2025T13:27:58 - [TEST_STEP][PASSED] - else: null

03-03-2025T13:27:58 - [TEST_STEP][PASSED] - path = dataFolder + typeOfData + " за отчётный период " + b: null

03-03-2025T13:27:58 - [TEST_STEP][PASSED] - println(path): null

03-03-2025T13:27:58 - [TEST_STEP][PASSED] - page = getText(findTestObject(path)): Text of object 'Object Repository/Выполнение бизнес-плана/Значения со страницы Выполнение бизнес-плана/План Отпуск в сеть за отчётный период Ульяновские РС' is: '4 258 979'

03-03-2025T13:27:58 - [MESSAGE][PASSED] - Text of object 'Object Repository/Выполнение бизнес-плана/Значения со страницы Выполнение бизнес-плана/План Отпуск в сеть за отчётный период Ульяновские РС' is: '4 258 979'

03-03-2025T13:27:58 - [TEST_STEP][PASSED] - if (page == "" || page == null): null

03-03-2025T13:27:58 - [TEST_STEP][PASSED] - else: null

03-03-2025T13:27:58 - [TEST_STEP][PASSED] - page = page.replaceAll("\s+", ""): null

03-03-2025T13:27:58 - [TEST_STEP][PASSED] - fileOtpuskVSet = otpusk.toInteger(): null

03-03-2025T13:27:58 - [TEST_STEP][PASSED] - pageOtpuskVSet = page.toInteger(): null

03-03-2025T13:27:58 - [TEST_STEP][PASSED] - typeOfData = typeOfDataMain + " Потери": null

03-03-2025T13:27:58 - [TEST_STEP][PASSED] - if (a == 82): null

03-03-2025T13:27:58 - [TEST_STEP][PASSED] - else if (a == 84): null

03-03-2025T13:27:58 - [TEST_STEP][PASSED] - else if (a == 83 || a == 52 || a == 72 || a == 28 || a == 73 || a == 77 || a == 74 || a == 65 || a == 44 || a == 53 || a == 80 || a == 54 || a == 1 || a == 18 || a == 59 || a == 81): null

03-03-2025T13:27:58 - [TEST_STEP][PASSED] - else: null

03-03-2025T13:27:58 - [TEST_STEP][PASSED] - path = dataFolder + typeOfData + " за отчётный период " + b: null

03-03-2025T13:27:58 - [TEST_STEP][PASSED] - page = getText(findTestObject(path)): Text of object 'Object Repository/Выполнение бизнес-плана/Значения со страницы Выполнение бизнес-плана/План Потери за отчётный период Ульяновские РС' is: '281 400'

03-03-2025T13:27:59 - [MESSAGE][PASSED] - Text of object 'Object Repository/Выполнение бизнес-плана/Значения со страницы Выполнение бизнес-плана/План Потери за отчётный период Ульяновские РС' is: '281 400'

03-03-2025T13:27:59 - [TEST_STEP][PASSED] - if (page == "" || page == null): null

03-03-2025T13:27:59 - [TEST_STEP][PASSED] - else: null

03-03-2025T13:27:59 - [TEST_STEP][PASSED] - page = page.replaceAll("\s+", ""): null

03-03-2025T13:27:59 - [TEST_STEP][PASSED] - filePoteri = poteri.toInteger(): null

03-03-2025T13:27:59 - [TEST_STEP][PASSED] - pagePoteri = page.toInteger(): null

03-03-2025T13:27:59 - [TEST_STEP][PASSED] - compare = pageOtpuskVSet: null

03-03-2025T13:27:59 - [TEST_STEP][PASSED] - if (pageOtpuskVSet != null): null

03-03-2025T13:27:59 - [TEST_STEP][PASSED] - if (compare == fileOtpuskVSet): null

03-03-2025T13:27:59 - [TEST_STEP][PASSED] - if (compare == fileOtpuskVSet): null

03-03-2025T13:27:59 - [TEST_STEP][PASSED] - compare = pagePoteri: null

03-03-2025T13:27:59 - [TEST_STEP][PASSED] - if (pageOtpuskVSet != null): null

03-03-2025T13:27:59 - [TEST_STEP][PASSED] - if (compare == filePoteri): null

03-03-2025T13:27:59 - [TEST_STEP][PASSED] - if (compare == filePoteri): null

03-03-2025T13:27:59 - [TEST_STEP][PASSED] - if (planFact == 2): Object: 'Object Repository/Выполнение бизнес-плана/Кнопка Факт' is clicked on

03-03-2025T13:27:59 - [TEST_STEP][PASSED] - click(findTestObject("Выполнение бизнес-плана/Кнопка Факт")): Object: 'Object Repository/Выполнение бизнес-плана/Кнопка Факт' is clicked on

03-03-2025T13:27:59 - [MESSAGE][PASSED] - Object: 'Object Repository/Выполнение бизнес-плана/Кнопка Факт' is clicked on

03-03-2025T13:27:59 - [TEST_STEP][PASSED] - println("a=" + a): null

03-03-2025T13:27:59 - [TEST_STEP][PASSED] - if (a == 84 || a == 82): null

03-03-2025T13:27:59 - [TEST_STEP][PASSED] - else if (a == 83 || a == 52 || a == 72 || a == 28 || a == 73 || a == 77 || a == 74 || a == 65 || a == 36 || a == 44 || a == 53 || a == 80 || a == 54 || a == 1 || a == 18 || a == 59 || a == 81): null

03-03-2025T13:27:59 - [TEST_STEP][PASSED] - else: null

03-03-2025T13:27:59 - [TEST_STEP][PASSED] - page1 = getText(findTestObject("Object Repository/Выполнение бизнес-плана/spanPlan" + filialNum)): Text of object 'Object Repository/Выполнение бизнес-плана/spanPlan6' is: '6.61
|'

03-03-2025T13:27:59 - [MESSAGE][PASSED] - Text of object 'Object Repository/Выполнение бизнес-плана/spanPlan6' is: '6.61
|'

03-03-2025T13:27:59 - [TEST_STEP][PASSED] - page1 = page1.replace("|", ""): null

03-03-2025T13:27:59 - [TEST_STEP][PASSED] - page2 = getText(findTestObject("Object Repository/Выполнение бизнес-плана/spanFact" + filialNum)): Text of object 'Object Repository/Выполнение бизнес-плана/spanFact6' is: '5.26
|'

03-03-2025T13:28:00 - [MESSAGE][PASSED] - Text of object 'Object Repository/Выполнение бизнес-плана/spanFact6' is: '5.26
|'

03-03-2025T13:28:00 - [TEST_STEP][PASSED] - page2 = page2.replace("|", ""): null

03-03-2025T13:28:00 - [TEST_STEP][PASSED] - println("page1: " + page1): null

03-03-2025T13:28:00 - [TEST_STEP][PASSED] - println("page2: " + page2): null

03-03-2025T13:28:00 - [TEST_STEP][PASSED] - file = findTestData("PlanFact").getValue(4, a): null

03-03-2025T13:28:00 - [TEST_STEP][PASSED] - file = file.replace(",", "."): null

03-03-2025T13:28:00 - [TEST_STEP][PASSED] - println("file Plan: " + file): null

03-03-2025T13:28:00 - [TEST_STEP][PASSED] - typeOfData = "План в процентах": null

03-03-2025T13:28:00 - [TEST_STEP][PASSED] - fileDouble = file.toDouble(): null

03-03-2025T13:28:00 - [TEST_STEP][PASSED] - pageDouble = page1.toDouble(): null

03-03-2025T13:28:00 - [TEST_STEP][PASSED] - if (fileDouble != pageDouble): null

03-03-2025T13:28:00 - [TEST_STEP][PASSED] - file = findTestData("PlanFact").getValue(7, a): null

03-03-2025T13:28:00 - [TEST_STEP][PASSED] - file = file.replace(",", "."): null

03-03-2025T13:28:00 - [TEST_STEP][PASSED] - println("file Fact: " + file): null

03-03-2025T13:28:00 - [TEST_STEP][PASSED] - fileDouble = file.toDouble(): null

03-03-2025T13:28:00 - [TEST_STEP][PASSED] - typeOfData = "Факт в процентах": null

03-03-2025T13:28:00 - [TEST_STEP][PASSED] - fileDouble = file.toDouble(): null

03-03-2025T13:28:00 - [TEST_STEP][PASSED] - pageDouble = page2.toDouble(): null

03-03-2025T13:28:00 - [TEST_STEP][PASSED] - if (fileDouble != pageDouble): null

03-03-2025T13:28:00 - [TEST_STEP][PASSED] - if (verifyEqual(numberOfErrors, 0) == false): Actual object '0' and expected object '0' are equal

03-03-2025T13:28:00 - [MESSAGE][PASSED] - Actual object '0' and expected object '0' are equal

03-03-2025T13:28:00 - [TEST_STEP][PASSED] - if (a == 82): null

03-03-2025T13:28:00 - [TEST_STEP][PASSED] - dZO = "Чувашэнерго": null

03-03-2025T13:28:00 - [TEST_STEP][PASSED] - a = 35: null

03-03-2025T13:28:00 - [TEST_STEP][PASSED] - if (x2.contains(dZO)): null

03-03-2025T13:28:00 - [TEST_STEP][PASSED] - filialNum = filialNum + 1: null

03-03-2025T13:28:00 - [TEST_STEP][PASSED] - Script1718980020443.Numbers(a, typeOfData, todaysDate, pageInt, fileInt, pageDouble, fileDouble, dZO, dzoNum, filialNum): null

03-03-2025T13:28:00 - [TEST_STEP][PASSED] - println(dzoNum): null

03-03-2025T13:28:00 - [TEST_STEP][PASSED] - planFact = <not implemented yet for class: org.codehaus.groovy.ast.expr.EmptyExpression>: null

03-03-2025T13:28:00 - [TEST_STEP][PASSED] - page = <not implemented yet for class: org.codehaus.groovy.ast.expr.EmptyExpression>: null

03-03-2025T13:28:00 - [TEST_STEP][PASSED] - page1 = <not implemented yet for class: org.codehaus.groovy.ast.expr.EmptyExpression>: null

03-03-2025T13:28:00 - [TEST_STEP][PASSED] - page2 = <not implemented yet for class: org.codehaus.groovy.ast.expr.EmptyExpression>: null

03-03-2025T13:28:00 - [TEST_STEP][PASSED] - filialNumberInRow = <not implemented yet for class: org.codehaus.groovy.ast.expr.EmptyExpression>: null

03-03-2025T13:28:00 - [TEST_STEP][PASSED] - filialsDzoNames = <not implemented yet for class: org.codehaus.groovy.ast.expr.EmptyExpression>: null

03-03-2025T13:28:00 - [TEST_STEP][PASSED] - numberOfFilials = <not implemented yet for class: org.codehaus.groovy.ast.expr.EmptyExpression>: null

03-03-2025T13:28:00 - [TEST_STEP][PASSED] - numberOfSpaces = <not implemented yet for class: org.codehaus.groovy.ast.expr.EmptyExpression>: null

03-03-2025T13:28:00 - [TEST_STEP][PASSED] - file = <not implemented yet for class: org.codehaus.groovy.ast.expr.EmptyExpression>: null

03-03-2025T13:28:00 - [TEST_STEP][PASSED] - otpusk = <not implemented yet for class: org.codehaus.groovy.ast.expr.EmptyExpression>: null

03-03-2025T13:28:00 - [TEST_STEP][PASSED] - poteri = <not implemented yet for class: org.codehaus.groovy.ast.expr.EmptyExpression>: null

03-03-2025T13:28:00 - [TEST_STEP][PASSED] - dataFolder = "Выполнение бизнес-плана/Значения со страницы Выполнение бизнес-плана/": null

03-03-2025T13:28:00 - [TEST_STEP][PASSED] - path = <not implemented yet for class: org.codehaus.groovy.ast.expr.EmptyExpression>: null

03-03-2025T13:28:00 - [TEST_STEP][PASSED] - typeOfDataMain = <not implemented yet for class: org.codehaus.groovy.ast.expr.EmptyExpression>: null

03-03-2025T13:28:00 - [TEST_STEP][PASSED] - fileOtpuskVSet = <not implemented yet for class: org.codehaus.groovy.ast.expr.EmptyExpression>: null

03-03-2025T13:28:00 - [TEST_STEP][PASSED] - pageOtpuskVSet = <not implemented yet for class: org.codehaus.groovy.ast.expr.EmptyExpression>: null

03-03-2025T13:28:00 - [TEST_STEP][PASSED] - filePoteri = <not implemented yet for class: org.codehaus.groovy.ast.expr.EmptyExpression>: null

03-03-2025T13:28:00 - [TEST_STEP][PASSED] - pagePoteri = <not implemented yet for class: org.codehaus.groovy.ast.expr.EmptyExpression>: null

03-03-2025T13:28:00 - [TEST_STEP][PASSED] - compare = <not implemented yet for class: org.codehaus.groovy.ast.expr.EmptyExpression>: null

03-03-2025T13:28:00 - [TEST_STEP][PASSED] - b = <not implemented yet for class: org.codehaus.groovy.ast.expr.EmptyExpression>: null

03-03-2025T13:28:00 - [TEST_STEP][PASSED] - i = <not implemented yet for class: org.codehaus.groovy.ast.expr.EmptyExpression>: null

03-03-2025T13:28:00 - [TEST_STEP][PASSED] - ii = <not implemented yet for class: org.codehaus.groovy.ast.expr.EmptyExpression>: null

03-03-2025T13:28:00 - [TEST_STEP][PASSED] - c = <not implemented yet for class: org.codehaus.groovy.ast.expr.EmptyExpression>: null

03-03-2025T13:28:00 - [TEST_STEP][PASSED] - numberOfErrors = 0: null

03-03-2025T13:28:00 - [TEST_STEP][PASSED] - if (a == 82): null

03-03-2025T13:28:00 - [TEST_STEP][PASSED] - b = findTestData("PlanFact").getValue(1, a): null

03-03-2025T13:28:00 - [TEST_STEP][PASSED] - i = b.indexOf(" (ГК)"): null

03-03-2025T13:28:00 - [TEST_STEP][PASSED] - if (i > -1): null

03-03-2025T13:28:00 - [TEST_STEP][PASSED] - i = b.indexOf("О ""): null

03-03-2025T13:28:00 - [TEST_STEP][PASSED] - if (i > -1): null

03-03-2025T13:28:00 - [TEST_STEP][PASSED] - i = b.indexOf("О «"): null

03-03-2025T13:28:00 - [TEST_STEP][PASSED] - if (i > -1): null

03-03-2025T13:28:00 - [TEST_STEP][PASSED] - i = b.indexOf("г. "): null

03-03-2025T13:28:00 - [TEST_STEP][PASSED] - if (i > -1): null

03-03-2025T13:28:00 - [TEST_STEP][PASSED] - b = b.trim(): null

03-03-2025T13:28:00 - [TEST_STEP][PASSED] - println(b): null

03-03-2025T13:28:00 - [TEST_STEP][PASSED] - for ([planFact = 1, planFact < 3, (planFact++)]): Object: 'Object Repository/Выполнение бизнес-плана/Кнопка Факт' is clicked on

03-03-2025T13:28:00 - [TEST_STEP][PASSED] - if (planFact == 1): null

03-03-2025T13:28:00 - [TEST_STEP][PASSED] - typeOfDataMain = "Факт": null

03-03-2025T13:28:00 - [TEST_STEP][PASSED] - otpusk = findTestData("PlanFact").getValue(5, a): null

03-03-2025T13:28:00 - [TEST_STEP][PASSED] - poteri = findTestData("PlanFact").getValue(6, a): null

03-03-2025T13:28:00 - [TEST_STEP][PASSED] - otpusk = otpusk.replaceAll("\s+", ""): null

03-03-2025T13:28:00 - [TEST_STEP][PASSED] - poteri = poteri.replaceAll("\s+", ""): null

03-03-2025T13:28:00 - [TEST_STEP][PASSED] - typeOfData = typeOfDataMain + " Отпуск в сеть": null

03-03-2025T13:28:00 - [TEST_STEP][PASSED] - if (a == 82): null

03-03-2025T13:28:00 - [TEST_STEP][PASSED] - else if (a == 84): null

03-03-2025T13:28:00 - [TEST_STEP][PASSED] - else if (a == 83 || a == 52 || a == 72 || a == 28 || a == 73 || a == 77 || a == 74 || a == 65 || a == 36 || a == 44 || a == 53 || a == 80 || a == 54 || a == 1 || a == 18 || a == 59 || a == 81): null

03-03-2025T13:28:00 - [TEST_STEP][PASSED] - else: null

03-03-2025T13:28:00 - [TEST_STEP][PASSED] - path = dataFolder + typeOfData + " за отчётный период " + b: null

03-03-2025T13:28:00 - [TEST_STEP][PASSED] - println(path): null

03-03-2025T13:28:00 - [TEST_STEP][PASSED] - page = getText(findTestObject(path)): Text of object 'Object Repository/Выполнение бизнес-плана/Значения со страницы Выполнение бизнес-плана/Факт Отпуск в сеть за отчётный период Чувашэнерго' is: '4 432 190'

03-03-2025T13:28:00 - [MESSAGE][PASSED] - Text of object 'Object Repository/Выполнение бизнес-плана/Значения со страницы Выполнение бизнес-плана/Факт Отпуск в сеть за отчётный период Чувашэнерго' is: '4 432 190'

03-03-2025T13:28:00 - [TEST_STEP][PASSED] - if (page == "" || page == null): null

03-03-2025T13:28:00 - [TEST_STEP][PASSED] - else: null

03-03-2025T13:28:00 - [TEST_STEP][PASSED] - page = page.replaceAll("\s+", ""): null

03-03-2025T13:28:00 - [TEST_STEP][PASSED] - fileOtpuskVSet = otpusk.toInteger(): null

03-03-2025T13:28:00 - [TEST_STEP][PASSED] - pageOtpuskVSet = page.toInteger(): null

03-03-2025T13:28:00 - [TEST_STEP][PASSED] - typeOfData = typeOfDataMain + " Потери": null

03-03-2025T13:28:00 - [TEST_STEP][PASSED] - if (a == 82): null

03-03-2025T13:28:00 - [TEST_STEP][PASSED] - else if (a == 84): null

03-03-2025T13:28:00 - [TEST_STEP][PASSED] - else if (a == 83 || a == 52 || a == 72 || a == 28 || a == 73 || a == 77 || a == 74 || a == 65 || a == 44 || a == 53 || a == 80 || a == 54 || a == 1 || a == 18 || a == 59 || a == 81): null

03-03-2025T13:28:00 - [TEST_STEP][PASSED] - else: null

03-03-2025T13:28:00 - [TEST_STEP][PASSED] - path = dataFolder + typeOfData + " за отчётный период " + b: null

03-03-2025T13:28:00 - [TEST_STEP][PASSED] - page = getText(findTestObject(path)): Text of object 'Object Repository/Выполнение бизнес-плана/Значения со страницы Выполнение бизнес-плана/Факт Потери за отчётный период Чувашэнерго' is: '258 530'

03-03-2025T13:28:00 - [MESSAGE][PASSED] - Text of object 'Object Repository/Выполнение бизнес-плана/Значения со страницы Выполнение бизнес-плана/Факт Потери за отчётный период Чувашэнерго' is: '258 530'

03-03-2025T13:28:00 - [TEST_STEP][PASSED] - if (page == "" || page == null): null

03-03-2025T13:28:00 - [TEST_STEP][PASSED] - else: null

03-03-2025T13:28:00 - [TEST_STEP][PASSED] - page = page.replaceAll("\s+", ""): null

03-03-2025T13:28:00 - [TEST_STEP][PASSED] - filePoteri = poteri.toInteger(): null

03-03-2025T13:28:00 - [TEST_STEP][PASSED] - pagePoteri = page.toInteger(): null

03-03-2025T13:28:00 - [TEST_STEP][PASSED] - compare = pageOtpuskVSet: null

03-03-2025T13:28:00 - [TEST_STEP][PASSED] - if (pageOtpuskVSet != null): null

03-03-2025T13:28:00 - [TEST_STEP][PASSED] - if (compare == fileOtpuskVSet): null

03-03-2025T13:28:00 - [TEST_STEP][PASSED] - if (compare == fileOtpuskVSet): null

03-03-2025T13:28:00 - [TEST_STEP][PASSED] - compare = pagePoteri: null

03-03-2025T13:28:00 - [TEST_STEP][PASSED] - if (pageOtpuskVSet != null): null

03-03-2025T13:28:00 - [TEST_STEP][PASSED] - if (compare == filePoteri): null

03-03-2025T13:28:00 - [TEST_STEP][PASSED] - if (compare == filePoteri): null

03-03-2025T13:28:00 - [TEST_STEP][PASSED] - if (planFact == 2): null

03-03-2025T13:28:00 - [TEST_STEP][PASSED] - if (planFact == 1): null

03-03-2025T13:28:00 - [TEST_STEP][PASSED] - else if (planFact == 2): null

03-03-2025T13:28:00 - [TEST_STEP][PASSED] - click(findTestObject("Выполнение бизнес-плана/Кнопка План")): Object: 'Object Repository/Выполнение бизнес-плана/Кнопка План' is clicked on

03-03-2025T13:28:01 - [MESSAGE][PASSED] - Object: 'Object Repository/Выполнение бизнес-плана/Кнопка План' is clicked on

03-03-2025T13:28:01 - [TEST_STEP][PASSED] - typeOfDataMain = "План": null

03-03-2025T13:28:01 - [TEST_STEP][PASSED] - otpusk = findTestData("PlanFact").getValue(2, a): null

03-03-2025T13:28:01 - [TEST_STEP][PASSED] - poteri = findTestData("PlanFact").getValue(3, a): null

03-03-2025T13:28:01 - [TEST_STEP][PASSED] - otpusk = otpusk.replaceAll("\s+", ""): null

03-03-2025T13:28:01 - [TEST_STEP][PASSED] - poteri = poteri.replaceAll("\s+", ""): null

03-03-2025T13:28:01 - [TEST_STEP][PASSED] - typeOfData = typeOfDataMain + " Отпуск в сеть": null

03-03-2025T13:28:01 - [TEST_STEP][PASSED] - if (a == 82): null

03-03-2025T13:28:01 - [TEST_STEP][PASSED] - else if (a == 84): null

03-03-2025T13:28:01 - [TEST_STEP][PASSED] - else if (a == 83 || a == 52 || a == 72 || a == 28 || a == 73 || a == 77 || a == 74 || a == 65 || a == 36 || a == 44 || a == 53 || a == 80 || a == 54 || a == 1 || a == 18 || a == 59 || a == 81): null

03-03-2025T13:28:01 - [TEST_STEP][PASSED] - else: null

03-03-2025T13:28:01 - [TEST_STEP][PASSED] - path = dataFolder + typeOfData + " за отчётный период " + b: null

03-03-2025T13:28:01 - [TEST_STEP][PASSED] - println(path): null

03-03-2025T13:28:01 - [TEST_STEP][PASSED] - page = getText(findTestObject(path)): Text of object 'Object Repository/Выполнение бизнес-плана/Значения со страницы Выполнение бизнес-плана/План Отпуск в сеть за отчётный период Чувашэнерго' is: '4 338 130'

03-03-2025T13:28:01 - [MESSAGE][PASSED] - Text of object 'Object Repository/Выполнение бизнес-плана/Значения со страницы Выполнение бизнес-плана/План Отпуск в сеть за отчётный период Чувашэнерго' is: '4 338 130'

03-03-2025T13:28:01 - [TEST_STEP][PASSED] - if (page == "" || page == null): null

03-03-2025T13:28:01 - [TEST_STEP][PASSED] - else: null

03-03-2025T13:28:01 - [TEST_STEP][PASSED] - page = page.replaceAll("\s+", ""): null

03-03-2025T13:28:01 - [TEST_STEP][PASSED] - fileOtpuskVSet = otpusk.toInteger(): null

03-03-2025T13:28:01 - [TEST_STEP][PASSED] - pageOtpuskVSet = page.toInteger(): null

03-03-2025T13:28:01 - [TEST_STEP][PASSED] - typeOfData = typeOfDataMain + " Потери": null

03-03-2025T13:28:01 - [TEST_STEP][PASSED] - if (a == 82): null

03-03-2025T13:28:01 - [TEST_STEP][PASSED] - else if (a == 84): null

03-03-2025T13:28:01 - [TEST_STEP][PASSED] - else if (a == 83 || a == 52 || a == 72 || a == 28 || a == 73 || a == 77 || a == 74 || a == 65 || a == 44 || a == 53 || a == 80 || a == 54 || a == 1 || a == 18 || a == 59 || a == 81): null

03-03-2025T13:28:01 - [TEST_STEP][PASSED] - else: null

03-03-2025T13:28:01 - [TEST_STEP][PASSED] - path = dataFolder + typeOfData + " за отчётный период " + b: null

03-03-2025T13:28:01 - [TEST_STEP][PASSED] - page = getText(findTestObject(path)): Text of object 'Object Repository/Выполнение бизнес-плана/Значения со страницы Выполнение бизнес-плана/План Потери за отчётный период Чувашэнерго' is: '284 813'

03-03-2025T13:28:02 - [MESSAGE][PASSED] - Text of object 'Object Repository/Выполнение бизнес-плана/Значения со страницы Выполнение бизнес-плана/План Потери за отчётный период Чувашэнерго' is: '284 813'

03-03-2025T13:28:02 - [TEST_STEP][PASSED] - if (page == "" || page == null): null

03-03-2025T13:28:02 - [TEST_STEP][PASSED] - else: null

03-03-2025T13:28:02 - [TEST_STEP][PASSED] - page = page.replaceAll("\s+", ""): null

03-03-2025T13:28:02 - [TEST_STEP][PASSED] - filePoteri = poteri.toInteger(): null

03-03-2025T13:28:02 - [TEST_STEP][PASSED] - pagePoteri = page.toInteger(): null

03-03-2025T13:28:02 - [TEST_STEP][PASSED] - compare = pageOtpuskVSet: null

03-03-2025T13:28:02 - [TEST_STEP][PASSED] - if (pageOtpuskVSet != null): null

03-03-2025T13:28:02 - [TEST_STEP][PASSED] - if (compare == fileOtpuskVSet): null

03-03-2025T13:28:02 - [TEST_STEP][PASSED] - if (compare == fileOtpuskVSet): null

03-03-2025T13:28:02 - [TEST_STEP][PASSED] - compare = pagePoteri: null

03-03-2025T13:28:02 - [TEST_STEP][PASSED] - if (pageOtpuskVSet != null): null

03-03-2025T13:28:02 - [TEST_STEP][PASSED] - if (compare == filePoteri): null

03-03-2025T13:28:02 - [TEST_STEP][PASSED] - if (compare == filePoteri): null

03-03-2025T13:28:02 - [TEST_STEP][PASSED] - if (planFact == 2): Object: 'Object Repository/Выполнение бизнес-плана/Кнопка Факт' is clicked on

03-03-2025T13:28:02 - [TEST_STEP][PASSED] - click(findTestObject("Выполнение бизнес-плана/Кнопка Факт")): Object: 'Object Repository/Выполнение бизнес-плана/Кнопка Факт' is clicked on

03-03-2025T13:28:02 - [MESSAGE][PASSED] - Object: 'Object Repository/Выполнение бизнес-плана/Кнопка Факт' is clicked on

03-03-2025T13:28:02 - [TEST_STEP][PASSED] - println("a=" + a): null

03-03-2025T13:28:02 - [TEST_STEP][PASSED] - if (a == 84 || a == 82): null

03-03-2025T13:28:02 - [TEST_STEP][PASSED] - else if (a == 83 || a == 52 || a == 72 || a == 28 || a == 73 || a == 77 || a == 74 || a == 65 || a == 36 || a == 44 || a == 53 || a == 80 || a == 54 || a == 1 || a == 18 || a == 59 || a == 81): null

03-03-2025T13:28:02 - [TEST_STEP][PASSED] - else: null

03-03-2025T13:28:02 - [TEST_STEP][PASSED] - page1 = getText(findTestObject("Object Repository/Выполнение бизнес-плана/spanPlan" + filialNum)): Text of object 'Object Repository/Выполнение бизнес-плана/spanPlan7' is: '6.57
|'

03-03-2025T13:28:02 - [MESSAGE][PASSED] - Text of object 'Object Repository/Выполнение бизнес-плана/spanPlan7' is: '6.57
|'

03-03-2025T13:28:02 - [TEST_STEP][PASSED] - page1 = page1.replace("|", ""): null

03-03-2025T13:28:02 - [TEST_STEP][PASSED] - page2 = getText(findTestObject("Object Repository/Выполнение бизнес-плана/spanFact" + filialNum)): Text of object 'Object Repository/Выполнение бизнес-плана/spanFact7' is: '5.83
|'

03-03-2025T13:28:02 - [MESSAGE][PASSED] - Text of object 'Object Repository/Выполнение бизнес-плана/spanFact7' is: '5.83
|'

03-03-2025T13:28:02 - [TEST_STEP][PASSED] - page2 = page2.replace("|", ""): null

03-03-2025T13:28:02 - [TEST_STEP][PASSED] - println("page1: " + page1): null

03-03-2025T13:28:02 - [TEST_STEP][PASSED] - println("page2: " + page2): null

03-03-2025T13:28:02 - [TEST_STEP][PASSED] - file = findTestData("PlanFact").getValue(4, a): null

03-03-2025T13:28:03 - [TEST_STEP][PASSED] - file = file.replace(",", "."): null

03-03-2025T13:28:03 - [TEST_STEP][PASSED] - println("file Plan: " + file): null

03-03-2025T13:28:03 - [TEST_STEP][PASSED] - typeOfData = "План в процентах": null

03-03-2025T13:28:03 - [TEST_STEP][PASSED] - fileDouble = file.toDouble(): null

03-03-2025T13:28:03 - [TEST_STEP][PASSED] - pageDouble = page1.toDouble(): null

03-03-2025T13:28:03 - [TEST_STEP][PASSED] - if (fileDouble != pageDouble): null

03-03-2025T13:28:03 - [TEST_STEP][PASSED] - file = findTestData("PlanFact").getValue(7, a): null

03-03-2025T13:28:03 - [TEST_STEP][PASSED] - file = file.replace(",", "."): null

03-03-2025T13:28:03 - [TEST_STEP][PASSED] - println("file Fact: " + file): null

03-03-2025T13:28:03 - [TEST_STEP][PASSED] - fileDouble = file.toDouble(): null

03-03-2025T13:28:03 - [TEST_STEP][PASSED] - typeOfData = "Факт в процентах": null

03-03-2025T13:28:03 - [TEST_STEP][PASSED] - fileDouble = file.toDouble(): null

03-03-2025T13:28:03 - [TEST_STEP][PASSED] - pageDouble = page2.toDouble(): null

03-03-2025T13:28:03 - [TEST_STEP][PASSED] - if (fileDouble != pageDouble): null

03-03-2025T13:28:03 - [TEST_STEP][PASSED] - if (verifyEqual(numberOfErrors, 0) == false): Actual object '0' and expected object '0' are equal

03-03-2025T13:28:03 - [MESSAGE][PASSED] - Actual object '0' and expected object '0' are equal

03-03-2025T13:28:03 - [TEST_STEP][PASSED] - if (a == 82): null

03-03-2025T13:28:03 - [TEST_STEP][PASSED] - filialNum = 0: null

03-03-2025T13:28:03 - [TEST_STEP][PASSED] - if (a == 77): null

03-03-2025T13:28:03 - [TEST_STEP][PASSED] - if (a == 74): null

03-03-2025T13:28:03 - [TEST_STEP][PASSED] - if (a == 65): null

03-03-2025T13:28:03 - [TEST_STEP][PASSED] - if (a == 1): null

03-03-2025T13:28:03 - [TEST_STEP][PASSED] - if (a == 18): null

03-03-2025T13:28:03 - [TEST_STEP][PASSED] - if (a == 36): null

03-03-2025T13:28:03 - [TEST_STEP][PASSED] - if (a == 44): null

03-03-2025T13:28:03 - [TEST_STEP][PASSED] - if (a == 54): null

03-03-2025T13:28:03 - [TEST_STEP][PASSED] - if (a == 59): null

03-03-2025T13:28:03 - [TEST_STEP][PASSED] - Script1718980020443.OpenFilter(): null

03-03-2025T13:28:03 - [TEST_STEP][PASSED] - click(findTestObject("Object Repository/Выполнение бизнес-плана/Фильтр ДЗО")): Object: 'Object Repository/Выполнение бизнес-плана/Фильтр ДЗО' is clicked on

03-03-2025T13:28:03 - [MESSAGE][PASSED] - Object: 'Object Repository/Выполнение бизнес-плана/Фильтр ДЗО' is clicked on

03-03-2025T13:28:03 - [TEST_STEP][PASSED] - click(findTestObject("Выполнение бизнес-плана/Снять выделение в фильтре ДЗО")): Object: 'Object Repository/Выполнение бизнес-плана/Снять выделение в фильтре ДЗО' is clicked on

03-03-2025T13:28:03 - [MESSAGE][PASSED] - Object: 'Object Repository/Выполнение бизнес-плана/Снять выделение в фильтре ДЗО' is clicked on

03-03-2025T13:28:03 - [TEST_STEP][PASSED] - Script1718980020443.CloseFilter(): null

03-03-2025T13:28:03 - [TEST_STEP][PASSED] - scrollToElement(findTestObject("Выполнение бизнес-плана/Заголовок дашборда"), 30): Scroll to object 'Object Repository/Выполнение бизнес-плана/Заголовок дашборда' successfully

03-03-2025T13:28:04 - [MESSAGE][PASSED] - Scroll to object 'Object Repository/Выполнение бизнес-плана/Заголовок дашборда' successfully

03-03-2025T13:28:04 - [TEST_STEP][PASSED] - click(findTestObject("Object Repository/Выполнение бизнес-плана/Применить в фильтре ДЗО")): Object: 'Object Repository/Выполнение бизнес-плана/Применить в фильтре ДЗО' is clicked on

03-03-2025T13:28:05 - [MESSAGE][PASSED] - Object: 'Object Repository/Выполнение бизнес-плана/Применить в фильтре ДЗО' is clicked on

03-03-2025T13:28:05 - [TEST_STEP][PASSED] - delay(60): Delayed 60 second(s)

03-03-2025T13:29:05 - [MESSAGE][PASSED] - Delayed 60 second(s)

03-03-2025T13:29:05 - [TEST_STEP][PASSED] - if (a == 82): null

03-03-2025T13:29:05 - [TEST_STEP][PASSED] - println(dzoNum): null

03-03-2025T13:29:05 - [TEST_STEP][PASSED] - dZO = "Россети Кубань": null

03-03-2025T13:29:05 - [TEST_STEP][PASSED] - a = 73: null

03-03-2025T13:29:05 - [TEST_STEP][PASSED] - if (x1.contains("Кубань")): null

03-03-2025T13:29:05 - [TEST_STEP][PASSED] - dzoNum = dzoNum + 1: null

03-03-2025T13:29:05 - [TEST_STEP][PASSED] - Script1718980020443.Numbers(a, typeOfData, todaysDate, pageInt, fileInt, pageDouble, fileDouble, dZO, dzoNum, filialNum): null

03-03-2025T13:29:05 - [TEST_STEP][PASSED] - println(dzoNum): null

03-03-2025T13:29:05 - [TEST_STEP][PASSED] - planFact = <not implemented yet for class: org.codehaus.groovy.ast.expr.EmptyExpression>: null

03-03-2025T13:29:05 - [TEST_STEP][PASSED] - page = <not implemented yet for class: org.codehaus.groovy.ast.expr.EmptyExpression>: null

03-03-2025T13:29:05 - [TEST_STEP][PASSED] - page1 = <not implemented yet for class: org.codehaus.groovy.ast.expr.EmptyExpression>: null

03-03-2025T13:29:05 - [TEST_STEP][PASSED] - page2 = <not implemented yet for class: org.codehaus.groovy.ast.expr.EmptyExpression>: null

03-03-2025T13:29:05 - [TEST_STEP][PASSED] - filialNumberInRow = <not implemented yet for class: org.codehaus.groovy.ast.expr.EmptyExpression>: null

03-03-2025T13:29:05 - [TEST_STEP][PASSED] - filialsDzoNames = <not implemented yet for class: org.codehaus.groovy.ast.expr.EmptyExpression>: null

03-03-2025T13:29:05 - [TEST_STEP][PASSED] - numberOfFilials = <not implemented yet for class: org.codehaus.groovy.ast.expr.EmptyExpression>: null

03-03-2025T13:29:05 - [TEST_STEP][PASSED] - numberOfSpaces = <not implemented yet for class: org.codehaus.groovy.ast.expr.EmptyExpression>: null

03-03-2025T13:29:05 - [TEST_STEP][PASSED] - file = <not implemented yet for class: org.codehaus.groovy.ast.expr.EmptyExpression>: null

03-03-2025T13:29:05 - [TEST_STEP][PASSED] - otpusk = <not implemented yet for class: org.codehaus.groovy.ast.expr.EmptyExpression>: null

03-03-2025T13:29:05 - [TEST_STEP][PASSED] - poteri = <not implemented yet for class: org.codehaus.groovy.ast.expr.EmptyExpression>: null

03-03-2025T13:29:05 - [TEST_STEP][PASSED] - dataFolder = "Выполнение бизнес-плана/Значения со страницы Выполнение бизнес-плана/": null

03-03-2025T13:29:05 - [TEST_STEP][PASSED] - path = <not implemented yet for class: org.codehaus.groovy.ast.expr.EmptyExpression>: null

03-03-2025T13:29:05 - [TEST_STEP][PASSED] - typeOfDataMain = <not implemented yet for class: org.codehaus.groovy.ast.expr.EmptyExpression>: null

03-03-2025T13:29:05 - [TEST_STEP][PASSED] - fileOtpuskVSet = <not implemented yet for class: org.codehaus.groovy.ast.expr.EmptyExpression>: null

03-03-2025T13:29:05 - [TEST_STEP][PASSED] - pageOtpuskVSet = <not implemented yet for class: org.codehaus.groovy.ast.expr.EmptyExpression>: null

03-03-2025T13:29:05 - [TEST_STEP][PASSED] - filePoteri = <not implemented yet for class: org.codehaus.groovy.ast.expr.EmptyExpression>: null

03-03-2025T13:29:05 - [TEST_STEP][PASSED] - pagePoteri = <not implemented yet for class: org.codehaus.groovy.ast.expr.EmptyExpression>: null

03-03-2025T13:29:05 - [TEST_STEP][PASSED] - compare = <not implemented yet for class: org.codehaus.groovy.ast.expr.EmptyExpression>: null

03-03-2025T13:29:05 - [TEST_STEP][PASSED] - b = <not implemented yet for class: org.codehaus.groovy.ast.expr.EmptyExpression>: null

03-03-2025T13:29:05 - [TEST_STEP][PASSED] - i = <not implemented yet for class: org.codehaus.groovy.ast.expr.EmptyExpression>: null

03-03-2025T13:29:05 - [TEST_STEP][PASSED] - ii = <not implemented yet for class: org.codehaus.groovy.ast.expr.EmptyExpression>: null

03-03-2025T13:29:05 - [TEST_STEP][PASSED] - c = <not implemented yet for class: org.codehaus.groovy.ast.expr.EmptyExpression>: null

03-03-2025T13:29:05 - [TEST_STEP][PASSED] - numberOfErrors = 0: null

03-03-2025T13:29:05 - [TEST_STEP][PASSED] - if (a == 82): null

03-03-2025T13:29:05 - [TEST_STEP][PASSED] - b = findTestData("PlanFact").getValue(1, a): null

03-03-2025T13:29:05 - [TEST_STEP][PASSED] - i = b.indexOf(" (ГК)"): null

03-03-2025T13:29:05 - [TEST_STEP][PASSED] - if (i > -1): null

03-03-2025T13:29:05 - [TEST_STEP][PASSED] - i = b.indexOf("О ""): null

03-03-2025T13:29:05 - [TEST_STEP][PASSED] - if (i > -1): null

03-03-2025T13:29:05 - [TEST_STEP][PASSED] - i = b.indexOf("О «"): null

03-03-2025T13:29:05 - [TEST_STEP][PASSED] - if (i > -1): null

03-03-2025T13:29:05 - [TEST_STEP][PASSED] - i = b.indexOf("г. "): null

03-03-2025T13:29:05 - [TEST_STEP][PASSED] - if (i > -1): null

03-03-2025T13:29:05 - [TEST_STEP][PASSED] - b = b.trim(): null

03-03-2025T13:29:05 - [TEST_STEP][PASSED] - println(b): null

03-03-2025T13:29:05 - [TEST_STEP][PASSED] - for ([planFact = 1, planFact < 3, (planFact++)]): Object: 'Object Repository/Выполнение бизнес-плана/Кнопка Факт' is clicked on

03-03-2025T13:29:05 - [TEST_STEP][PASSED] - if (planFact == 1): null

03-03-2025T13:29:05 - [TEST_STEP][PASSED] - typeOfDataMain = "Факт": null

03-03-2025T13:29:05 - [TEST_STEP][PASSED] - otpusk = findTestData("PlanFact").getValue(5, a): null

03-03-2025T13:29:05 - [TEST_STEP][PASSED] - poteri = findTestData("PlanFact").getValue(6, a): null

03-03-2025T13:29:05 - [TEST_STEP][PASSED] - otpusk = otpusk.replaceAll("\s+", ""): null

03-03-2025T13:29:05 - [TEST_STEP][PASSED] - poteri = poteri.replaceAll("\s+", ""): null

03-03-2025T13:29:05 - [TEST_STEP][PASSED] - typeOfData = typeOfDataMain + " Отпуск в сеть": null

03-03-2025T13:29:05 - [TEST_STEP][PASSED] - if (a == 82): null

03-03-2025T13:29:05 - [TEST_STEP][PASSED] - else if (a == 84): null

03-03-2025T13:29:05 - [TEST_STEP][PASSED] - else if (a == 83 || a == 52 || a == 72 || a == 28 || a == 73 || a == 77 || a == 74 || a == 65 || a == 36 || a == 44 || a == 53 || a == 80 || a == 54 || a == 1 || a == 18 || a == 59 || a == 81): null

03-03-2025T13:29:05 - [TEST_STEP][PASSED] - path = dataFolder + "Table Data/" + typeOfData + " за отчётный период " + dzoNum: null

03-03-2025T13:29:05 - [TEST_STEP][PASSED] - println(path): null

03-03-2025T13:29:05 - [TEST_STEP][PASSED] - page = getText(findTestObject(path)): Text of object 'Object Repository/Выполнение бизнес-плана/Значения со страницы Выполнение бизнес-плана/Table Data/Факт Отпуск в сеть за отчётный период 5' is: '28 492 993'

03-03-2025T13:29:05 - [MESSAGE][PASSED] - Text of object 'Object Repository/Выполнение бизнес-плана/Значения со страницы Выполнение бизнес-плана/Table Data/Факт Отпуск в сеть за отчётный период 5' is: '28 492 993'

03-03-2025T13:29:05 - [TEST_STEP][PASSED] - if (page == "" || page == null): null

03-03-2025T13:29:05 - [TEST_STEP][PASSED] - else: null

03-03-2025T13:29:05 - [TEST_STEP][PASSED] - page = page.replaceAll("\s+", ""): null

03-03-2025T13:29:05 - [TEST_STEP][PASSED] - fileOtpuskVSet = otpusk.toInteger(): null

03-03-2025T13:29:05 - [TEST_STEP][PASSED] - pageOtpuskVSet = page.toInteger(): null

03-03-2025T13:29:05 - [TEST_STEP][PASSED] - typeOfData = typeOfDataMain + " Потери": null

03-03-2025T13:29:05 - [TEST_STEP][PASSED] - if (a == 82): null

03-03-2025T13:29:05 - [TEST_STEP][PASSED] - else if (a == 84): null

03-03-2025T13:29:05 - [TEST_STEP][PASSED] - else if (a == 83 || a == 52 || a == 72 || a == 28 || a == 73 || a == 77 || a == 74 || a == 65 || a == 44 || a == 53 || a == 80 || a == 54 || a == 1 || a == 18 || a == 59 || a == 81): null

03-03-2025T13:29:05 - [TEST_STEP][PASSED] - path = dataFolder + "Table Data/" + typeOfData + " за отчётный период " + dzoNum: null

03-03-2025T13:29:05 - [TEST_STEP][PASSED] - page = getText(findTestObject(path)): Text of object 'Object Repository/Выполнение бизнес-плана/Значения со страницы Выполнение бизнес-плана/Table Data/Факт Потери за отчётный период 5' is: '2 658 776'

03-03-2025T13:29:05 - [MESSAGE][PASSED] - Text of object 'Object Repository/Выполнение бизнес-плана/Значения со страницы Выполнение бизнес-плана/Table Data/Факт Потери за отчётный период 5' is: '2 658 776'

03-03-2025T13:29:05 - [TEST_STEP][PASSED] - if (page == "" || page == null): null

03-03-2025T13:29:05 - [TEST_STEP][PASSED] - else: null

03-03-2025T13:29:05 - [TEST_STEP][PASSED] - page = page.replaceAll("\s+", ""): null

03-03-2025T13:29:05 - [TEST_STEP][PASSED] - filePoteri = poteri.toInteger(): null

03-03-2025T13:29:05 - [TEST_STEP][PASSED] - pagePoteri = page.toInteger(): null

03-03-2025T13:29:05 - [TEST_STEP][PASSED] - compare = pageOtpuskVSet: null

03-03-2025T13:29:05 - [TEST_STEP][PASSED] - if (pageOtpuskVSet != null): null

03-03-2025T13:29:05 - [TEST_STEP][PASSED] - if (compare == fileOtpuskVSet): null

03-03-2025T13:29:05 - [TEST_STEP][PASSED] - if (compare == fileOtpuskVSet): null

03-03-2025T13:29:05 - [TEST_STEP][PASSED] - compare = pagePoteri: null

03-03-2025T13:29:05 - [TEST_STEP][PASSED] - if (pageOtpuskVSet != null): null

03-03-2025T13:29:05 - [TEST_STEP][PASSED] - if (compare == filePoteri): null

03-03-2025T13:29:05 - [TEST_STEP][PASSED] - if (compare == filePoteri): null

03-03-2025T13:29:05 - [TEST_STEP][PASSED] - if (planFact == 2): null

03-03-2025T13:29:05 - [TEST_STEP][PASSED] - if (planFact == 1): null

03-03-2025T13:29:05 - [TEST_STEP][PASSED] - else if (planFact == 2): null

03-03-2025T13:29:05 - [TEST_STEP][PASSED] - click(findTestObject("Выполнение бизнес-плана/Кнопка План")): Object: 'Object Repository/Выполнение бизнес-плана/Кнопка План' is clicked on

03-03-2025T13:29:06 - [MESSAGE][PASSED] - Object: 'Object Repository/Выполнение бизнес-плана/Кнопка План' is clicked on

03-03-2025T13:29:06 - [TEST_STEP][PASSED] - typeOfDataMain = "План": null

03-03-2025T13:29:06 - [TEST_STEP][PASSED] - otpusk = findTestData("PlanFact").getValue(2, a): null

03-03-2025T13:29:06 - [TEST_STEP][PASSED] - poteri = findTestData("PlanFact").getValue(3, a): null

03-03-2025T13:29:06 - [TEST_STEP][PASSED] - otpusk = otpusk.replaceAll("\s+", ""): null

03-03-2025T13:29:06 - [TEST_STEP][PASSED] - poteri = poteri.replaceAll("\s+", ""): null

03-03-2025T13:29:06 - [TEST_STEP][PASSED] - typeOfData = typeOfDataMain + " Отпуск в сеть": null

03-03-2025T13:29:06 - [TEST_STEP][PASSED] - if (a == 82): null

03-03-2025T13:29:06 - [TEST_STEP][PASSED] - else if (a == 84): null

03-03-2025T13:29:06 - [TEST_STEP][PASSED] - else if (a == 83 || a == 52 || a == 72 || a == 28 || a == 73 || a == 77 || a == 74 || a == 65 || a == 36 || a == 44 || a == 53 || a == 80 || a == 54 || a == 1 || a == 18 || a == 59 || a == 81): null

03-03-2025T13:29:06 - [TEST_STEP][PASSED] - path = dataFolder + "Table Data/" + typeOfData + " за отчётный период " + dzoNum: null

03-03-2025T13:29:06 - [TEST_STEP][PASSED] - println(path): null

03-03-2025T13:29:06 - [TEST_STEP][PASSED] - page = getText(findTestObject(path)): Text of object 'Object Repository/Выполнение бизнес-плана/Значения со страницы Выполнение бизнес-плана/Table Data/План Отпуск в сеть за отчётный период 5' is: '27 161 735'

03-03-2025T13:29:06 - [MESSAGE][PASSED] - Text of object 'Object Repository/Выполнение бизнес-плана/Значения со страницы Выполнение бизнес-плана/Table Data/План Отпуск в сеть за отчётный период 5' is: '27 161 735'

03-03-2025T13:29:06 - [TEST_STEP][PASSED] - if (page == "" || page == null): null

03-03-2025T13:29:06 - [TEST_STEP][PASSED] - else: null

03-03-2025T13:29:06 - [TEST_STEP][PASSED] - page = page.replaceAll("\s+", ""): null

03-03-2025T13:29:06 - [TEST_STEP][PASSED] - fileOtpuskVSet = otpusk.toInteger(): null

03-03-2025T13:29:06 - [TEST_STEP][PASSED] - pageOtpuskVSet = page.toInteger(): null

03-03-2025T13:29:06 - [TEST_STEP][PASSED] - typeOfData = typeOfDataMain + " Потери": null

03-03-2025T13:29:06 - [TEST_STEP][PASSED] - if (a == 82): null

03-03-2025T13:29:06 - [TEST_STEP][PASSED] - else if (a == 84): null

03-03-2025T13:29:06 - [TEST_STEP][PASSED] - else if (a == 83 || a == 52 || a == 72 || a == 28 || a == 73 || a == 77 || a == 74 || a == 65 || a == 44 || a == 53 || a == 80 || a == 54 || a == 1 || a == 18 || a == 59 || a == 81): null

03-03-2025T13:29:06 - [TEST_STEP][PASSED] - path = dataFolder + "Table Data/" + typeOfData + " за отчётный период " + dzoNum: null

03-03-2025T13:29:06 - [TEST_STEP][PASSED] - page = getText(findTestObject(path)): Text of object 'Object Repository/Выполнение бизнес-плана/Значения со страницы Выполнение бизнес-плана/Table Data/План Потери за отчётный период 5' is: '2 677 054'

03-03-2025T13:29:06 - [MESSAGE][PASSED] - Text of object 'Object Repository/Выполнение бизнес-плана/Значения со страницы Выполнение бизнес-плана/Table Data/План Потери за отчётный период 5' is: '2 677 054'

03-03-2025T13:29:06 - [TEST_STEP][PASSED] - if (page == "" || page == null): null

03-03-2025T13:29:06 - [TEST_STEP][PASSED] - else: null

03-03-2025T13:29:06 - [TEST_STEP][PASSED] - page = page.replaceAll("\s+", ""): null

03-03-2025T13:29:06 - [TEST_STEP][PASSED] - filePoteri = poteri.toInteger(): null

03-03-2025T13:29:06 - [TEST_STEP][PASSED] - pagePoteri = page.toInteger(): null

03-03-2025T13:29:06 - [TEST_STEP][PASSED] - compare = pageOtpuskVSet: null

03-03-2025T13:29:06 - [TEST_STEP][PASSED] - if (pageOtpuskVSet != null): null

03-03-2025T13:29:06 - [TEST_STEP][PASSED] - if (compare == fileOtpuskVSet): null

03-03-2025T13:29:06 - [TEST_STEP][PASSED] - if (compare == fileOtpuskVSet): null

03-03-2025T13:29:06 - [TEST_STEP][PASSED] - compare = pagePoteri: null

03-03-2025T13:29:06 - [TEST_STEP][PASSED] - if (pageOtpuskVSet != null): null

03-03-2025T13:29:06 - [TEST_STEP][PASSED] - if (compare == filePoteri): null

03-03-2025T13:29:06 - [TEST_STEP][PASSED] - if (compare == filePoteri): null

03-03-2025T13:29:06 - [TEST_STEP][PASSED] - if (planFact == 2): Object: 'Object Repository/Выполнение бизнес-плана/Кнопка Факт' is clicked on

03-03-2025T13:29:06 - [TEST_STEP][PASSED] - click(findTestObject("Выполнение бизнес-плана/Кнопка Факт")): Object: 'Object Repository/Выполнение бизнес-плана/Кнопка Факт' is clicked on

03-03-2025T13:29:07 - [MESSAGE][PASSED] - Object: 'Object Repository/Выполнение бизнес-плана/Кнопка Факт' is clicked on

03-03-2025T13:29:07 - [TEST_STEP][PASSED] - println("a=" + a): null

03-03-2025T13:29:07 - [TEST_STEP][PASSED] - if (a == 84 || a == 82): null

03-03-2025T13:29:07 - [TEST_STEP][PASSED] - else if (a == 83 || a == 52 || a == 72 || a == 28 || a == 73 || a == 77 || a == 74 || a == 65 || a == 36 || a == 44 || a == 53 || a == 80 || a == 54 || a == 1 || a == 18 || a == 59 || a == 81): null

03-03-2025T13:29:07 - [TEST_STEP][PASSED] - page1 = getText(findTestObject("Object Repository/Выполнение бизнес-плана/spanPlan" + dzoNum)): Text of object 'Object Repository/Выполнение бизнес-плана/spanPlan5' is: '9.86
|'

03-03-2025T13:29:07 - [MESSAGE][PASSED] - Text of object 'Object Repository/Выполнение бизнес-плана/spanPlan5' is: '9.86
|'

03-03-2025T13:29:07 - [TEST_STEP][PASSED] - page1 = page1.replace("|", ""): null

03-03-2025T13:29:07 - [TEST_STEP][PASSED] - page2 = getText(findTestObject("Object Repository/Выполнение бизнес-плана/spanFact" + dzoNum)): Text of object 'Object Repository/Выполнение бизнес-плана/spanFact5' is: '9.33'

03-03-2025T13:29:07 - [MESSAGE][PASSED] - Text of object 'Object Repository/Выполнение бизнес-плана/spanFact5' is: '9.33'

03-03-2025T13:29:07 - [TEST_STEP][PASSED] - page2 = page2.replace("|", ""): null

03-03-2025T13:29:07 - [TEST_STEP][PASSED] - println("page1: " + page1): null

03-03-2025T13:29:07 - [TEST_STEP][PASSED] - println("page2: " + page2): null

03-03-2025T13:29:07 - [TEST_STEP][PASSED] - file = findTestData("PlanFact").getValue(4, a): null

03-03-2025T13:29:07 - [TEST_STEP][PASSED] - file = file.replace(",", "."): null

03-03-2025T13:29:07 - [TEST_STEP][PASSED] - println("file Plan: " + file): null

03-03-2025T13:29:07 - [TEST_STEP][PASSED] - typeOfData = "План в процентах": null

03-03-2025T13:29:07 - [TEST_STEP][PASSED] - fileDouble = file.toDouble(): null

03-03-2025T13:29:07 - [TEST_STEP][PASSED] - pageDouble = page1.toDouble(): null

03-03-2025T13:29:07 - [TEST_STEP][PASSED] - if (fileDouble != pageDouble): null

03-03-2025T13:29:07 - [TEST_STEP][PASSED] - file = findTestData("PlanFact").getValue(7, a): null

03-03-2025T13:29:08 - [TEST_STEP][PASSED] - file = file.replace(",", "."): null

03-03-2025T13:29:08 - [TEST_STEP][PASSED] - println("file Fact: " + file): null

03-03-2025T13:29:08 - [TEST_STEP][PASSED] - fileDouble = file.toDouble(): null

03-03-2025T13:29:08 - [TEST_STEP][PASSED] - typeOfData = "Факт в процентах": null

03-03-2025T13:29:08 - [TEST_STEP][PASSED] - fileDouble = file.toDouble(): null

03-03-2025T13:29:08 - [TEST_STEP][PASSED] - pageDouble = page2.toDouble(): null

03-03-2025T13:29:08 - [TEST_STEP][PASSED] - if (fileDouble != pageDouble): null

03-03-2025T13:29:08 - [TEST_STEP][PASSED] - if (verifyEqual(numberOfErrors, 0) == false): Actual object '0' and expected object '0' are equal

03-03-2025T13:29:08 - [MESSAGE][PASSED] - Actual object '0' and expected object '0' are equal

03-03-2025T13:29:08 - [TEST_STEP][PASSED] - if (a == 82): null

03-03-2025T13:29:08 - [TEST_STEP][PASSED] - println(dzoNum): null

03-03-2025T13:29:08 - [TEST_STEP][PASSED] - dZO = "Россети Ленэнерго": null

03-03-2025T13:29:08 - [TEST_STEP][PASSED] - a = 77: null

03-03-2025T13:29:08 - [TEST_STEP][PASSED] - if (x1.contains("Ленэнерго")): null

03-03-2025T13:29:08 - [TEST_STEP][PASSED] - dzoNum = dzoNum + 1: null

03-03-2025T13:29:08 - [TEST_STEP][PASSED] - Script1718980020443.Numbers(a, typeOfData, todaysDate, pageInt, fileInt, pageDouble, fileDouble, dZO, dzoNum, filialNum): null

03-03-2025T13:29:08 - [TEST_STEP][PASSED] - println(dzoNum): null

03-03-2025T13:29:08 - [TEST_STEP][PASSED] - planFact = <not implemented yet for class: org.codehaus.groovy.ast.expr.EmptyExpression>: null

03-03-2025T13:29:08 - [TEST_STEP][PASSED] - page = <not implemented yet for class: org.codehaus.groovy.ast.expr.EmptyExpression>: null

03-03-2025T13:29:08 - [TEST_STEP][PASSED] - page1 = <not implemented yet for class: org.codehaus.groovy.ast.expr.EmptyExpression>: null

03-03-2025T13:29:08 - [TEST_STEP][PASSED] - page2 = <not implemented yet for class: org.codehaus.groovy.ast.expr.EmptyExpression>: null

03-03-2025T13:29:08 - [TEST_STEP][PASSED] - filialNumberInRow = <not implemented yet for class: org.codehaus.groovy.ast.expr.EmptyExpression>: null

03-03-2025T13:29:08 - [TEST_STEP][PASSED] - filialsDzoNames = <not implemented yet for class: org.codehaus.groovy.ast.expr.EmptyExpression>: null

03-03-2025T13:29:08 - [TEST_STEP][PASSED] - numberOfFilials = <not implemented yet for class: org.codehaus.groovy.ast.expr.EmptyExpression>: null

03-03-2025T13:29:08 - [TEST_STEP][PASSED] - numberOfSpaces = <not implemented yet for class: org.codehaus.groovy.ast.expr.EmptyExpression>: null

03-03-2025T13:29:08 - [TEST_STEP][PASSED] - file = <not implemented yet for class: org.codehaus.groovy.ast.expr.EmptyExpression>: null

03-03-2025T13:29:08 - [TEST_STEP][PASSED] - otpusk = <not implemented yet for class: org.codehaus.groovy.ast.expr.EmptyExpression>: null

03-03-2025T13:29:08 - [TEST_STEP][PASSED] - poteri = <not implemented yet for class: org.codehaus.groovy.ast.expr.EmptyExpression>: null

03-03-2025T13:29:08 - [TEST_STEP][PASSED] - dataFolder = "Выполнение бизнес-плана/Значения со страницы Выполнение бизнес-плана/": null

03-03-2025T13:29:08 - [TEST_STEP][PASSED] - path = <not implemented yet for class: org.codehaus.groovy.ast.expr.EmptyExpression>: null

03-03-2025T13:29:08 - [TEST_STEP][PASSED] - typeOfDataMain = <not implemented yet for class: org.codehaus.groovy.ast.expr.EmptyExpression>: null

03-03-2025T13:29:08 - [TEST_STEP][PASSED] - fileOtpuskVSet = <not implemented yet for class: org.codehaus.groovy.ast.expr.EmptyExpression>: null

03-03-2025T13:29:08 - [TEST_STEP][PASSED] - pageOtpuskVSet = <not implemented yet for class: org.codehaus.groovy.ast.expr.EmptyExpression>: null

03-03-2025T13:29:08 - [TEST_STEP][PASSED] - filePoteri = <not implemented yet for class: org.codehaus.groovy.ast.expr.EmptyExpression>: null

03-03-2025T13:29:08 - [TEST_STEP][PASSED] - pagePoteri = <not implemented yet for class: org.codehaus.groovy.ast.expr.EmptyExpression>: null

03-03-2025T13:29:08 - [TEST_STEP][PASSED] - compare = <not implemented yet for class: org.codehaus.groovy.ast.expr.EmptyExpression>: null

03-03-2025T13:29:08 - [TEST_STEP][PASSED] - b = <not implemented yet for class: org.codehaus.groovy.ast.expr.EmptyExpression>: null

03-03-2025T13:29:08 - [TEST_STEP][PASSED] - i = <not implemented yet for class: org.codehaus.groovy.ast.expr.EmptyExpression>: null

03-03-2025T13:29:08 - [TEST_STEP][PASSED] - ii = <not implemented yet for class: org.codehaus.groovy.ast.expr.EmptyExpression>: null

03-03-2025T13:29:08 - [TEST_STEP][PASSED] - c = <not implemented yet for class: org.codehaus.groovy.ast.expr.EmptyExpression>: null

03-03-2025T13:29:08 - [TEST_STEP][PASSED] - numberOfErrors = 0: null

03-03-2025T13:29:08 - [TEST_STEP][PASSED] - if (a == 82): null

03-03-2025T13:29:08 - [TEST_STEP][PASSED] - b = findTestData("PlanFact").getValue(1, a): null

03-03-2025T13:29:08 - [TEST_STEP][PASSED] - i = b.indexOf(" (ГК)"): null

03-03-2025T13:29:08 - [TEST_STEP][PASSED] - if (i > -1): null

03-03-2025T13:29:08 - [TEST_STEP][PASSED] - b = b.substring(0, i): null

03-03-2025T13:29:08 - [TEST_STEP][PASSED] - i = b.indexOf("О ""): null

03-03-2025T13:29:08 - [TEST_STEP][PASSED] - if (i > -1): null

03-03-2025T13:29:08 - [TEST_STEP][PASSED] - i = b.indexOf("О «"): null

03-03-2025T13:29:08 - [TEST_STEP][PASSED] - if (i > -1): null

03-03-2025T13:29:08 - [TEST_STEP][PASSED] - i = b.indexOf("г. "): null

03-03-2025T13:29:08 - [TEST_STEP][PASSED] - if (i > -1): null

03-03-2025T13:29:08 - [TEST_STEP][PASSED] - b = b.trim(): null

03-03-2025T13:29:08 - [TEST_STEP][PASSED] - println(b): null

03-03-2025T13:29:08 - [TEST_STEP][PASSED] - for ([planFact = 1, planFact < 3, (planFact++)]): Object: 'Object Repository/Выполнение бизнес-плана/Кнопка Факт' is clicked on

03-03-2025T13:29:08 - [TEST_STEP][PASSED] - if (planFact == 1): null

03-03-2025T13:29:08 - [TEST_STEP][PASSED] - typeOfDataMain = "Факт": null

03-03-2025T13:29:08 - [TEST_STEP][PASSED] - otpusk = findTestData("PlanFact").getValue(5, a): null

03-03-2025T13:29:08 - [TEST_STEP][PASSED] - poteri = findTestData("PlanFact").getValue(6, a): null

03-03-2025T13:29:08 - [TEST_STEP][PASSED] - otpusk = otpusk.replaceAll("\s+", ""): null

03-03-2025T13:29:08 - [TEST_STEP][PASSED] - poteri = poteri.replaceAll("\s+", ""): null

03-03-2025T13:29:08 - [TEST_STEP][PASSED] - typeOfData = typeOfDataMain + " Отпуск в сеть": null

03-03-2025T13:29:08 - [TEST_STEP][PASSED] - if (a == 82): null

03-03-2025T13:29:08 - [TEST_STEP][PASSED] - else if (a == 84): null

03-03-2025T13:29:08 - [TEST_STEP][PASSED] - else if (a == 83 || a == 52 || a == 72 || a == 28 || a == 73 || a == 77 || a == 74 || a == 65 || a == 36 || a == 44 || a == 53 || a == 80 || a == 54 || a == 1 || a == 18 || a == 59 || a == 81): null

03-03-2025T13:29:08 - [TEST_STEP][PASSED] - path = dataFolder + "Table Data/" + typeOfData + " за отчётный период " + dzoNum: null

03-03-2025T13:29:08 - [TEST_STEP][PASSED] - println(path): null

03-03-2025T13:29:08 - [TEST_STEP][PASSED] - page = getText(findTestObject(path)): Text of object 'Object Repository/Выполнение бизнес-плана/Значения со страницы Выполнение бизнес-плана/Table Data/Факт Отпуск в сеть за отчётный период 6' is: '38 812 739'

03-03-2025T13:29:08 - [MESSAGE][PASSED] - Text of object 'Object Repository/Выполнение бизнес-плана/Значения со страницы Выполнение бизнес-плана/Table Data/Факт Отпуск в сеть за отчётный период 6' is: '38 812 739'

03-03-2025T13:29:08 - [TEST_STEP][PASSED] - if (page == "" || page == null): null

03-03-2025T13:29:08 - [TEST_STEP][PASSED] - else: null

03-03-2025T13:29:08 - [TEST_STEP][PASSED] - page = page.replaceAll("\s+", ""): null

03-03-2025T13:29:08 - [TEST_STEP][PASSED] - fileOtpuskVSet = otpusk.toInteger(): null

03-03-2025T13:29:08 - [TEST_STEP][PASSED] - pageOtpuskVSet = page.toInteger(): null

03-03-2025T13:29:08 - [TEST_STEP][PASSED] - typeOfData = typeOfDataMain + " Потери": null

03-03-2025T13:29:08 - [TEST_STEP][PASSED] - if (a == 82): null

03-03-2025T13:29:08 - [TEST_STEP][PASSED] - else if (a == 84): null

03-03-2025T13:29:08 - [TEST_STEP][PASSED] - else if (a == 83 || a == 52 || a == 72 || a == 28 || a == 73 || a == 77 || a == 74 || a == 65 || a == 44 || a == 53 || a == 80 || a == 54 || a == 1 || a == 18 || a == 59 || a == 81): null

03-03-2025T13:29:08 - [TEST_STEP][PASSED] - path = dataFolder + "Table Data/" + typeOfData + " за отчётный период " + dzoNum: null

03-03-2025T13:29:08 - [TEST_STEP][PASSED] - page = getText(findTestObject(path)): Text of object 'Object Repository/Выполнение бизнес-плана/Значения со страницы Выполнение бизнес-плана/Table Data/Факт Потери за отчётный период 6' is: '4 361 264'

03-03-2025T13:29:08 - [MESSAGE][PASSED] - Text of object 'Object Repository/Выполнение бизнес-плана/Значения со страницы Выполнение бизнес-плана/Table Data/Факт Потери за отчётный период 6' is: '4 361 264'

03-03-2025T13:29:08 - [TEST_STEP][PASSED] - if (page == "" || page == null): null

03-03-2025T13:29:08 - [TEST_STEP][PASSED] - else: null

03-03-2025T13:29:08 - [TEST_STEP][PASSED] - page = page.replaceAll("\s+", ""): null

03-03-2025T13:29:08 - [TEST_STEP][PASSED] - filePoteri = poteri.toInteger(): null

03-03-2025T13:29:08 - [TEST_STEP][PASSED] - pagePoteri = page.toInteger(): null

03-03-2025T13:29:08 - [TEST_STEP][PASSED] - compare = pageOtpuskVSet: null

03-03-2025T13:29:08 - [TEST_STEP][PASSED] - if (pageOtpuskVSet != null): null

03-03-2025T13:29:08 - [TEST_STEP][PASSED] - if (compare == fileOtpuskVSet): null

03-03-2025T13:29:08 - [TEST_STEP][PASSED] - if (compare == fileOtpuskVSet): null

03-03-2025T13:29:08 - [TEST_STEP][PASSED] - compare = pagePoteri: null

03-03-2025T13:29:08 - [TEST_STEP][PASSED] - if (pageOtpuskVSet != null): null

03-03-2025T13:29:08 - [TEST_STEP][PASSED] - if (compare == filePoteri): null

03-03-2025T13:29:08 - [TEST_STEP][PASSED] - if (compare == filePoteri): null

03-03-2025T13:29:08 - [TEST_STEP][PASSED] - if (planFact == 2): null

03-03-2025T13:29:08 - [TEST_STEP][PASSED] - if (planFact == 1): null

03-03-2025T13:29:08 - [TEST_STEP][PASSED] - else if (planFact == 2): null

03-03-2025T13:29:08 - [TEST_STEP][PASSED] - click(findTestObject("Выполнение бизнес-плана/Кнопка План")): Object: 'Object Repository/Выполнение бизнес-плана/Кнопка План' is clicked on

03-03-2025T13:29:09 - [MESSAGE][PASSED] - Object: 'Object Repository/Выполнение бизнес-плана/Кнопка План' is clicked on

03-03-2025T13:29:09 - [TEST_STEP][PASSED] - typeOfDataMain = "План": null

03-03-2025T13:29:09 - [TEST_STEP][PASSED] - otpusk = findTestData("PlanFact").getValue(2, a): null

03-03-2025T13:29:09 - [TEST_STEP][PASSED] - poteri = findTestData("PlanFact").getValue(3, a): null

03-03-2025T13:29:09 - [TEST_STEP][PASSED] - otpusk = otpusk.replaceAll("\s+", ""): null

03-03-2025T13:29:09 - [TEST_STEP][PASSED] - poteri = poteri.replaceAll("\s+", ""): null

03-03-2025T13:29:09 - [TEST_STEP][PASSED] - typeOfData = typeOfDataMain + " Отпуск в сеть": null

03-03-2025T13:29:09 - [TEST_STEP][PASSED] - if (a == 82): null

03-03-2025T13:29:09 - [TEST_STEP][PASSED] - else if (a == 84): null

03-03-2025T13:29:09 - [TEST_STEP][PASSED] - else if (a == 83 || a == 52 || a == 72 || a == 28 || a == 73 || a == 77 || a == 74 || a == 65 || a == 36 || a == 44 || a == 53 || a == 80 || a == 54 || a == 1 || a == 18 || a == 59 || a == 81): null

03-03-2025T13:29:09 - [TEST_STEP][PASSED] - path = dataFolder + "Table Data/" + typeOfData + " за отчётный период " + dzoNum: null

03-03-2025T13:29:09 - [TEST_STEP][PASSED] - println(path): null

03-03-2025T13:29:09 - [TEST_STEP][PASSED] - page = getText(findTestObject(path)): Text of object 'Object Repository/Выполнение бизнес-плана/Значения со страницы Выполнение бизнес-плана/Table Data/План Отпуск в сеть за отчётный период 6' is: '37 199 982'

03-03-2025T13:29:09 - [MESSAGE][PASSED] - Text of object 'Object Repository/Выполнение бизнес-плана/Значения со страницы Выполнение бизнес-плана/Table Data/План Отпуск в сеть за отчётный период 6' is: '37 199 982'

03-03-2025T13:29:09 - [TEST_STEP][PASSED] - if (page == "" || page == null): null

03-03-2025T13:29:09 - [TEST_STEP][PASSED] - else: null

03-03-2025T13:29:09 - [TEST_STEP][PASSED] - page = page.replaceAll("\s+", ""): null

03-03-2025T13:29:09 - [TEST_STEP][PASSED] - fileOtpuskVSet = otpusk.toInteger(): null

03-03-2025T13:29:09 - [TEST_STEP][PASSED] - pageOtpuskVSet = page.toInteger(): null

03-03-2025T13:29:09 - [TEST_STEP][PASSED] - typeOfData = typeOfDataMain + " Потери": null

03-03-2025T13:29:09 - [TEST_STEP][PASSED] - if (a == 82): null

03-03-2025T13:29:09 - [TEST_STEP][PASSED] - else if (a == 84): null

03-03-2025T13:29:09 - [TEST_STEP][PASSED] - else if (a == 83 || a == 52 || a == 72 || a == 28 || a == 73 || a == 77 || a == 74 || a == 65 || a == 44 || a == 53 || a == 80 || a == 54 || a == 1 || a == 18 || a == 59 || a == 81): null

03-03-2025T13:29:09 - [TEST_STEP][PASSED] - path = dataFolder + "Table Data/" + typeOfData + " за отчётный период " + dzoNum: null

03-03-2025T13:29:09 - [TEST_STEP][PASSED] - page = getText(findTestObject(path)): Text of object 'Object Repository/Выполнение бизнес-плана/Значения со страницы Выполнение бизнес-плана/Table Data/План Потери за отчётный период 6' is: '4 192 898'

03-03-2025T13:29:09 - [MESSAGE][PASSED] - Text of object 'Object Repository/Выполнение бизнес-плана/Значения со страницы Выполнение бизнес-плана/Table Data/План Потери за отчётный период 6' is: '4 192 898'

03-03-2025T13:29:09 - [TEST_STEP][PASSED] - if (page == "" || page == null): null

03-03-2025T13:29:09 - [TEST_STEP][PASSED] - else: null

03-03-2025T13:29:09 - [TEST_STEP][PASSED] - page = page.replaceAll("\s+", ""): null

03-03-2025T13:29:09 - [TEST_STEP][PASSED] - filePoteri = poteri.toInteger(): null

03-03-2025T13:29:09 - [TEST_STEP][PASSED] - pagePoteri = page.toInteger(): null

03-03-2025T13:29:09 - [TEST_STEP][PASSED] - compare = pageOtpuskVSet: null

03-03-2025T13:29:09 - [TEST_STEP][PASSED] - if (pageOtpuskVSet != null): null

03-03-2025T13:29:09 - [TEST_STEP][PASSED] - if (compare == fileOtpuskVSet): null

03-03-2025T13:29:09 - [TEST_STEP][PASSED] - if (compare == fileOtpuskVSet): null

03-03-2025T13:29:09 - [TEST_STEP][PASSED] - compare = pagePoteri: null

03-03-2025T13:29:09 - [TEST_STEP][PASSED] - if (pageOtpuskVSet != null): null

03-03-2025T13:29:09 - [TEST_STEP][PASSED] - if (compare == filePoteri): null

03-03-2025T13:29:09 - [TEST_STEP][PASSED] - if (compare == filePoteri): null

03-03-2025T13:29:09 - [TEST_STEP][PASSED] - if (planFact == 2): Object: 'Object Repository/Выполнение бизнес-плана/Кнопка Факт' is clicked on

03-03-2025T13:29:09 - [TEST_STEP][PASSED] - click(findTestObject("Выполнение бизнес-плана/Кнопка Факт")): Object: 'Object Repository/Выполнение бизнес-плана/Кнопка Факт' is clicked on

03-03-2025T13:29:10 - [MESSAGE][PASSED] - Object: 'Object Repository/Выполнение бизнес-плана/Кнопка Факт' is clicked on

03-03-2025T13:29:10 - [TEST_STEP][PASSED] - println("a=" + a): null

03-03-2025T13:29:10 - [TEST_STEP][PASSED] - if (a == 84 || a == 82): null

03-03-2025T13:29:10 - [TEST_STEP][PASSED] - else if (a == 83 || a == 52 || a == 72 || a == 28 || a == 73 || a == 77 || a == 74 || a == 65 || a == 36 || a == 44 || a == 53 || a == 80 || a == 54 || a == 1 || a == 18 || a == 59 || a == 81): null

03-03-2025T13:29:10 - [TEST_STEP][PASSED] - page1 = getText(findTestObject("Object Repository/Выполнение бизнес-плана/spanPlan" + dzoNum)): Text of object 'Object Repository/Выполнение бизнес-плана/spanPlan6' is: '11.27
|'

03-03-2025T13:29:10 - [MESSAGE][PASSED] - Text of object 'Object Repository/Выполнение бизнес-плана/spanPlan6' is: '11.27
|'

03-03-2025T13:29:10 - [TEST_STEP][PASSED] - page1 = page1.replace("|", ""): null

03-03-2025T13:29:10 - [TEST_STEP][PASSED] - page2 = getText(findTestObject("Object Repository/Выполнение бизнес-плана/spanFact" + dzoNum)): Text of object 'Object Repository/Выполнение бизнес-плана/spanFact6' is: '11.24'

03-03-2025T13:29:10 - [MESSAGE][PASSED] - Text of object 'Object Repository/Выполнение бизнес-плана/spanFact6' is: '11.24'

03-03-2025T13:29:10 - [TEST_STEP][PASSED] - page2 = page2.replace("|", ""): null

03-03-2025T13:29:10 - [TEST_STEP][PASSED] - println("page1: " + page1): null

03-03-2025T13:29:10 - [TEST_STEP][PASSED] - println("page2: " + page2): null

03-03-2025T13:29:10 - [TEST_STEP][PASSED] - file = findTestData("PlanFact").getValue(4, a): null

03-03-2025T13:29:10 - [TEST_STEP][PASSED] - file = file.replace(",", "."): null

03-03-2025T13:29:10 - [TEST_STEP][PASSED] - println("file Plan: " + file): null

03-03-2025T13:29:10 - [TEST_STEP][PASSED] - typeOfData = "План в процентах": null

03-03-2025T13:29:10 - [TEST_STEP][PASSED] - fileDouble = file.toDouble(): null

03-03-2025T13:29:10 - [TEST_STEP][PASSED] - pageDouble = page1.toDouble(): null

03-03-2025T13:29:10 - [TEST_STEP][PASSED] - if (fileDouble != pageDouble): null

03-03-2025T13:29:10 - [TEST_STEP][PASSED] - file = findTestData("PlanFact").getValue(7, a): null

03-03-2025T13:29:10 - [TEST_STEP][PASSED] - file = file.replace(",", "."): null

03-03-2025T13:29:10 - [TEST_STEP][PASSED] - println("file Fact: " + file): null

03-03-2025T13:29:10 - [TEST_STEP][PASSED] - fileDouble = file.toDouble(): null

03-03-2025T13:29:10 - [TEST_STEP][PASSED] - typeOfData = "Факт в процентах": null

03-03-2025T13:29:10 - [TEST_STEP][PASSED] - fileDouble = file.toDouble(): null

03-03-2025T13:29:10 - [TEST_STEP][PASSED] - pageDouble = page2.toDouble(): null

03-03-2025T13:29:10 - [TEST_STEP][PASSED] - if (fileDouble != pageDouble): null

03-03-2025T13:29:10 - [TEST_STEP][PASSED] - if (verifyEqual(numberOfErrors, 0) == false): Actual object '0' and expected object '0' are equal

03-03-2025T13:29:10 - [MESSAGE][PASSED] - Actual object '0' and expected object '0' are equal

03-03-2025T13:29:10 - [TEST_STEP][PASSED] - if (a == 82): null

03-03-2025T13:29:10 - [TEST_STEP][PASSED] - println(dzoNum): null

03-03-2025T13:29:10 - [TEST_STEP][PASSED] - dZO = "Россети Московский регион": null

03-03-2025T13:29:10 - [TEST_STEP][PASSED] - a = 74: null

03-03-2025T13:29:10 - [TEST_STEP][PASSED] - if (x1.contains("Московский")): null

03-03-2025T13:29:10 - [TEST_STEP][PASSED] - dzoNum = dzoNum + 1: null

03-03-2025T13:29:10 - [TEST_STEP][PASSED] - Script1718980020443.Numbers(a, typeOfData, todaysDate, pageInt, fileInt, pageDouble, fileDouble, dZO, dzoNum, filialNum): null

03-03-2025T13:29:10 - [TEST_STEP][PASSED] - println(dzoNum): null

03-03-2025T13:29:10 - [TEST_STEP][PASSED] - planFact = <not implemented yet for class: org.codehaus.groovy.ast.expr.EmptyExpression>: null

03-03-2025T13:29:10 - [TEST_STEP][PASSED] - page = <not implemented yet for class: org.codehaus.groovy.ast.expr.EmptyExpression>: null

03-03-2025T13:29:10 - [TEST_STEP][PASSED] - page1 = <not implemented yet for class: org.codehaus.groovy.ast.expr.EmptyExpression>: null

03-03-2025T13:29:10 - [TEST_STEP][PASSED] - page2 = <not implemented yet for class: org.codehaus.groovy.ast.expr.EmptyExpression>: null

03-03-2025T13:29:10 - [TEST_STEP][PASSED] - filialNumberInRow = <not implemented yet for class: org.codehaus.groovy.ast.expr.EmptyExpression>: null

03-03-2025T13:29:10 - [TEST_STEP][PASSED] - filialsDzoNames = <not implemented yet for class: org.codehaus.groovy.ast.expr.EmptyExpression>: null

03-03-2025T13:29:10 - [TEST_STEP][PASSED] - numberOfFilials = <not implemented yet for class: org.codehaus.groovy.ast.expr.EmptyExpression>: null

03-03-2025T13:29:10 - [TEST_STEP][PASSED] - numberOfSpaces = <not implemented yet for class: org.codehaus.groovy.ast.expr.EmptyExpression>: null

03-03-2025T13:29:10 - [TEST_STEP][PASSED] - file = <not implemented yet for class: org.codehaus.groovy.ast.expr.EmptyExpression>: null

03-03-2025T13:29:10 - [TEST_STEP][PASSED] - otpusk = <not implemented yet for class: org.codehaus.groovy.ast.expr.EmptyExpression>: null

03-03-2025T13:29:10 - [TEST_STEP][PASSED] - poteri = <not implemented yet for class: org.codehaus.groovy.ast.expr.EmptyExpression>: null

03-03-2025T13:29:10 - [TEST_STEP][PASSED] - dataFolder = "Выполнение бизнес-плана/Значения со страницы Выполнение бизнес-плана/": null

03-03-2025T13:29:10 - [TEST_STEP][PASSED] - path = <not implemented yet for class: org.codehaus.groovy.ast.expr.EmptyExpression>: null

03-03-2025T13:29:10 - [TEST_STEP][PASSED] - typeOfDataMain = <not implemented yet for class: org.codehaus.groovy.ast.expr.EmptyExpression>: null

03-03-2025T13:29:10 - [TEST_STEP][PASSED] - fileOtpuskVSet = <not implemented yet for class: org.codehaus.groovy.ast.expr.EmptyExpression>: null

03-03-2025T13:29:10 - [TEST_STEP][PASSED] - pageOtpuskVSet = <not implemented yet for class: org.codehaus.groovy.ast.expr.EmptyExpression>: null

03-03-2025T13:29:10 - [TEST_STEP][PASSED] - filePoteri = <not implemented yet for class: org.codehaus.groovy.ast.expr.EmptyExpression>: null

03-03-2025T13:29:10 - [TEST_STEP][PASSED] - pagePoteri = <not implemented yet for class: org.codehaus.groovy.ast.expr.EmptyExpression>: null

03-03-2025T13:29:10 - [TEST_STEP][PASSED] - compare = <not implemented yet for class: org.codehaus.groovy.ast.expr.EmptyExpression>: null

03-03-2025T13:29:10 - [TEST_STEP][PASSED] - b = <not implemented yet for class: org.codehaus.groovy.ast.expr.EmptyExpression>: null

03-03-2025T13:29:10 - [TEST_STEP][PASSED] - i = <not implemented yet for class: org.codehaus.groovy.ast.expr.EmptyExpression>: null

03-03-2025T13:29:10 - [TEST_STEP][PASSED] - ii = <not implemented yet for class: org.codehaus.groovy.ast.expr.EmptyExpression>: null

03-03-2025T13:29:10 - [TEST_STEP][PASSED] - c = <not implemented yet for class: org.codehaus.groovy.ast.expr.EmptyExpression>: null

03-03-2025T13:29:10 - [TEST_STEP][PASSED] - numberOfErrors = 0: null

03-03-2025T13:29:10 - [TEST_STEP][PASSED] - if (a == 82): null

03-03-2025T13:29:10 - [TEST_STEP][PASSED] - b = findTestData("PlanFact").getValue(1, a): null

03-03-2025T13:29:10 - [TEST_STEP][PASSED] - i = b.indexOf(" (ГК)"): null

03-03-2025T13:29:10 - [TEST_STEP][PASSED] - if (i > -1): null

03-03-2025T13:29:10 - [TEST_STEP][PASSED] - i = b.indexOf("О ""): null

03-03-2025T13:29:10 - [TEST_STEP][PASSED] - if (i > -1): null

03-03-2025T13:29:10 - [TEST_STEP][PASSED] - i = b.indexOf("О «"): null

03-03-2025T13:29:10 - [TEST_STEP][PASSED] - if (i > -1): null

03-03-2025T13:29:10 - [TEST_STEP][PASSED] - i = b.indexOf("г. "): null

03-03-2025T13:29:10 - [TEST_STEP][PASSED] - if (i > -1): null

03-03-2025T13:29:10 - [TEST_STEP][PASSED] - b = b.trim(): null

03-03-2025T13:29:10 - [TEST_STEP][PASSED] - println(b): null

03-03-2025T13:29:10 - [TEST_STEP][PASSED] - for ([planFact = 1, planFact < 3, (planFact++)]): Object: 'Object Repository/Выполнение бизнес-плана/Кнопка Факт' is clicked on

03-03-2025T13:29:10 - [TEST_STEP][PASSED] - if (planFact == 1): null

03-03-2025T13:29:10 - [TEST_STEP][PASSED] - typeOfDataMain = "Факт": null

03-03-2025T13:29:10 - [TEST_STEP][PASSED] - otpusk = findTestData("PlanFact").getValue(5, a): null

03-03-2025T13:29:10 - [TEST_STEP][PASSED] - poteri = findTestData("PlanFact").getValue(6, a): null

03-03-2025T13:29:11 - [TEST_STEP][PASSED] - otpusk = otpusk.replaceAll("\s+", ""): null

03-03-2025T13:29:11 - [TEST_STEP][PASSED] - poteri = poteri.replaceAll("\s+", ""): null

03-03-2025T13:29:11 - [TEST_STEP][PASSED] - typeOfData = typeOfDataMain + " Отпуск в сеть": null

03-03-2025T13:29:11 - [TEST_STEP][PASSED] - if (a == 82): null

03-03-2025T13:29:11 - [TEST_STEP][PASSED] - else if (a == 84): null

03-03-2025T13:29:11 - [TEST_STEP][PASSED] - else if (a == 83 || a == 52 || a == 72 || a == 28 || a == 73 || a == 77 || a == 74 || a == 65 || a == 36 || a == 44 || a == 53 || a == 80 || a == 54 || a == 1 || a == 18 || a == 59 || a == 81): null

03-03-2025T13:29:11 - [TEST_STEP][PASSED] - path = dataFolder + "Table Data/" + typeOfData + " за отчётный период " + dzoNum: null

03-03-2025T13:29:11 - [TEST_STEP][PASSED] - println(path): null

03-03-2025T13:29:11 - [TEST_STEP][PASSED] - page = getText(findTestObject(path)): Text of object 'Object Repository/Выполнение бизнес-плана/Значения со страницы Выполнение бизнес-плана/Table Data/Факт Отпуск в сеть за отчётный период 7' is: '104 134 403'

03-03-2025T13:29:11 - [MESSAGE][PASSED] - Text of object 'Object Repository/Выполнение бизнес-плана/Значения со страницы Выполнение бизнес-плана/Table Data/Факт Отпуск в сеть за отчётный период 7' is: '104 134 403'

03-03-2025T13:29:11 - [TEST_STEP][PASSED] - if (page == "" || page == null): null

03-03-2025T13:29:11 - [TEST_STEP][PASSED] - else: null

03-03-2025T13:29:11 - [TEST_STEP][PASSED] - page = page.replaceAll("\s+", ""): null

03-03-2025T13:29:11 - [TEST_STEP][PASSED] - fileOtpuskVSet = otpusk.toInteger(): null

03-03-2025T13:29:11 - [TEST_STEP][PASSED] - pageOtpuskVSet = page.toInteger(): null

03-03-2025T13:29:11 - [TEST_STEP][PASSED] - typeOfData = typeOfDataMain + " Потери": null

03-03-2025T13:29:11 - [TEST_STEP][PASSED] - if (a == 82): null

03-03-2025T13:29:11 - [TEST_STEP][PASSED] - else if (a == 84): null

03-03-2025T13:29:11 - [TEST_STEP][PASSED] - else if (a == 83 || a == 52 || a == 72 || a == 28 || a == 73 || a == 77 || a == 74 || a == 65 || a == 44 || a == 53 || a == 80 || a == 54 || a == 1 || a == 18 || a == 59 || a == 81): null

03-03-2025T13:29:11 - [TEST_STEP][PASSED] - path = dataFolder + "Table Data/" + typeOfData + " за отчётный период " + dzoNum: null

03-03-2025T13:29:11 - [TEST_STEP][PASSED] - page = getText(findTestObject(path)): Text of object 'Object Repository/Выполнение бизнес-плана/Значения со страницы Выполнение бизнес-плана/Table Data/Факт Потери за отчётный период 7' is: '8 146 574'

03-03-2025T13:29:11 - [MESSAGE][PASSED] - Text of object 'Object Repository/Выполнение бизнес-плана/Значения со страницы Выполнение бизнес-плана/Table Data/Факт Потери за отчётный период 7' is: '8 146 574'

03-03-2025T13:29:11 - [TEST_STEP][PASSED] - if (page == "" || page == null): null

03-03-2025T13:29:11 - [TEST_STEP][PASSED] - else: null

03-03-2025T13:29:11 - [TEST_STEP][PASSED] - page = page.replaceAll("\s+", ""): null

03-03-2025T13:29:11 - [TEST_STEP][PASSED] - filePoteri = poteri.toInteger(): null

03-03-2025T13:29:11 - [TEST_STEP][PASSED] - pagePoteri = page.toInteger(): null

03-03-2025T13:29:11 - [TEST_STEP][PASSED] - compare = pageOtpuskVSet: null

03-03-2025T13:29:11 - [TEST_STEP][PASSED] - if (pageOtpuskVSet != null): null

03-03-2025T13:29:11 - [TEST_STEP][PASSED] - if (compare == fileOtpuskVSet): null

03-03-2025T13:29:11 - [TEST_STEP][PASSED] - if (compare == fileOtpuskVSet): null

03-03-2025T13:29:11 - [TEST_STEP][PASSED] - compare = pagePoteri: null

03-03-2025T13:29:11 - [TEST_STEP][PASSED] - if (pageOtpuskVSet != null): null

03-03-2025T13:29:11 - [TEST_STEP][PASSED] - if (compare == filePoteri): null

03-03-2025T13:29:11 - [TEST_STEP][PASSED] - if (compare == filePoteri): null

03-03-2025T13:29:11 - [TEST_STEP][PASSED] - if (planFact == 2): null

03-03-2025T13:29:11 - [TEST_STEP][PASSED] - if (planFact == 1): null

03-03-2025T13:29:11 - [TEST_STEP][PASSED] - else if (planFact == 2): null

03-03-2025T13:29:11 - [TEST_STEP][PASSED] - click(findTestObject("Выполнение бизнес-плана/Кнопка План")): Object: 'Object Repository/Выполнение бизнес-плана/Кнопка План' is clicked on

03-03-2025T13:29:11 - [MESSAGE][PASSED] - Object: 'Object Repository/Выполнение бизнес-плана/Кнопка План' is clicked on

03-03-2025T13:29:11 - [TEST_STEP][PASSED] - typeOfDataMain = "План": null

03-03-2025T13:29:11 - [TEST_STEP][PASSED] - otpusk = findTestData("PlanFact").getValue(2, a): null

03-03-2025T13:29:12 - [TEST_STEP][PASSED] - poteri = findTestData("PlanFact").getValue(3, a): null

03-03-2025T13:29:12 - [TEST_STEP][PASSED] - otpusk = otpusk.replaceAll("\s+", ""): null

03-03-2025T13:29:12 - [TEST_STEP][PASSED] - poteri = poteri.replaceAll("\s+", ""): null

03-03-2025T13:29:12 - [TEST_STEP][PASSED] - typeOfData = typeOfDataMain + " Отпуск в сеть": null

03-03-2025T13:29:12 - [TEST_STEP][PASSED] - if (a == 82): null

03-03-2025T13:29:12 - [TEST_STEP][PASSED] - else if (a == 84): null

03-03-2025T13:29:12 - [TEST_STEP][PASSED] - else if (a == 83 || a == 52 || a == 72 || a == 28 || a == 73 || a == 77 || a == 74 || a == 65 || a == 36 || a == 44 || a == 53 || a == 80 || a == 54 || a == 1 || a == 18 || a == 59 || a == 81): null

03-03-2025T13:29:12 - [TEST_STEP][PASSED] - path = dataFolder + "Table Data/" + typeOfData + " за отчётный период " + dzoNum: null

03-03-2025T13:29:12 - [TEST_STEP][PASSED] - println(path): null

03-03-2025T13:29:12 - [TEST_STEP][PASSED] - page = getText(findTestObject(path)): Text of object 'Object Repository/Выполнение бизнес-плана/Значения со страницы Выполнение бизнес-плана/Table Data/План Отпуск в сеть за отчётный период 7' is: '98 965 831'

03-03-2025T13:29:12 - [MESSAGE][PASSED] - Text of object 'Object Repository/Выполнение бизнес-плана/Значения со страницы Выполнение бизнес-плана/Table Data/План Отпуск в сеть за отчётный период 7' is: '98 965 831'

03-03-2025T13:29:12 - [TEST_STEP][PASSED] - if (page == "" || page == null): null

03-03-2025T13:29:12 - [TEST_STEP][PASSED] - else: null

03-03-2025T13:29:12 - [TEST_STEP][PASSED] - page = page.replaceAll("\s+", ""): null

03-03-2025T13:29:12 - [TEST_STEP][PASSED] - fileOtpuskVSet = otpusk.toInteger(): null

03-03-2025T13:29:12 - [TEST_STEP][PASSED] - pageOtpuskVSet = page.toInteger(): null

03-03-2025T13:29:12 - [TEST_STEP][PASSED] - typeOfData = typeOfDataMain + " Потери": null

03-03-2025T13:29:12 - [TEST_STEP][PASSED] - if (a == 82): null

03-03-2025T13:29:12 - [TEST_STEP][PASSED] - else if (a == 84): null

03-03-2025T13:29:12 - [TEST_STEP][PASSED] - else if (a == 83 || a == 52 || a == 72 || a == 28 || a == 73 || a == 77 || a == 74 || a == 65 || a == 44 || a == 53 || a == 80 || a == 54 || a == 1 || a == 18 || a == 59 || a == 81): null

03-03-2025T13:29:12 - [TEST_STEP][PASSED] - path = dataFolder + "Table Data/" + typeOfData + " за отчётный период " + dzoNum: null

03-03-2025T13:29:12 - [TEST_STEP][PASSED] - page = getText(findTestObject(path)): Text of object 'Object Repository/Выполнение бизнес-плана/Значения со страницы Выполнение бизнес-плана/Table Data/План Потери за отчётный период 7' is: '7 545 241'

03-03-2025T13:29:12 - [MESSAGE][PASSED] - Text of object 'Object Repository/Выполнение бизнес-плана/Значения со страницы Выполнение бизнес-плана/Table Data/План Потери за отчётный период 7' is: '7 545 241'

03-03-2025T13:29:12 - [TEST_STEP][PASSED] - if (page == "" || page == null): null

03-03-2025T13:29:12 - [TEST_STEP][PASSED] - else: null

03-03-2025T13:29:12 - [TEST_STEP][PASSED] - page = page.replaceAll("\s+", ""): null

03-03-2025T13:29:12 - [TEST_STEP][PASSED] - filePoteri = poteri.toInteger(): null

03-03-2025T13:29:12 - [TEST_STEP][PASSED] - pagePoteri = page.toInteger(): null

03-03-2025T13:29:12 - [TEST_STEP][PASSED] - compare = pageOtpuskVSet: null

03-03-2025T13:29:12 - [TEST_STEP][PASSED] - if (pageOtpuskVSet != null): null

03-03-2025T13:29:12 - [TEST_STEP][PASSED] - if (compare == fileOtpuskVSet): null

03-03-2025T13:29:12 - [TEST_STEP][PASSED] - if (compare == fileOtpuskVSet): null

03-03-2025T13:29:12 - [TEST_STEP][PASSED] - compare = pagePoteri: null

03-03-2025T13:29:12 - [TEST_STEP][PASSED] - if (pageOtpuskVSet != null): null

03-03-2025T13:29:12 - [TEST_STEP][PASSED] - if (compare == filePoteri): null

03-03-2025T13:29:12 - [TEST_STEP][PASSED] - if (compare == filePoteri): null

03-03-2025T13:29:12 - [TEST_STEP][PASSED] - if (planFact == 2): Object: 'Object Repository/Выполнение бизнес-плана/Кнопка Факт' is clicked on

03-03-2025T13:29:12 - [TEST_STEP][PASSED] - click(findTestObject("Выполнение бизнес-плана/Кнопка Факт")): Object: 'Object Repository/Выполнение бизнес-плана/Кнопка Факт' is clicked on

03-03-2025T13:29:13 - [MESSAGE][PASSED] - Object: 'Object Repository/Выполнение бизнес-плана/Кнопка Факт' is clicked on

03-03-2025T13:29:13 - [TEST_STEP][PASSED] - println("a=" + a): null

03-03-2025T13:29:13 - [TEST_STEP][PASSED] - if (a == 84 || a == 82): null

03-03-2025T13:29:13 - [TEST_STEP][PASSED] - else if (a == 83 || a == 52 || a == 72 || a == 28 || a == 73 || a == 77 || a == 74 || a == 65 || a == 36 || a == 44 || a == 53 || a == 80 || a == 54 || a == 1 || a == 18 || a == 59 || a == 81): null

03-03-2025T13:29:13 - [TEST_STEP][PASSED] - page1 = getText(findTestObject("Object Repository/Выполнение бизнес-плана/spanPlan" + dzoNum)): Text of object 'Object Repository/Выполнение бизнес-плана/spanPlan7' is: '7.62'

03-03-2025T13:29:13 - [MESSAGE][PASSED] - Text of object 'Object Repository/Выполнение бизнес-плана/spanPlan7' is: '7.62'

03-03-2025T13:29:13 - [TEST_STEP][PASSED] - page1 = page1.replace("|", ""): null

03-03-2025T13:29:13 - [TEST_STEP][PASSED] - page2 = getText(findTestObject("Object Repository/Выполнение бизнес-плана/spanFact" + dzoNum)): Text of object 'Object Repository/Выполнение бизнес-плана/spanFact7' is: '7.82
|'

03-03-2025T13:29:13 - [MESSAGE][PASSED] - Text of object 'Object Repository/Выполнение бизнес-плана/spanFact7' is: '7.82
|'

03-03-2025T13:29:13 - [TEST_STEP][PASSED] - page2 = page2.replace("|", ""): null

03-03-2025T13:29:13 - [TEST_STEP][PASSED] - println("page1: " + page1): null

03-03-2025T13:29:13 - [TEST_STEP][PASSED] - println("page2: " + page2): null

03-03-2025T13:29:13 - [TEST_STEP][PASSED] - file = findTestData("PlanFact").getValue(4, a): null

03-03-2025T13:29:13 - [TEST_STEP][PASSED] - file = file.replace(",", "."): null

03-03-2025T13:29:13 - [TEST_STEP][PASSED] - println("file Plan: " + file): null

03-03-2025T13:29:13 - [TEST_STEP][PASSED] - typeOfData = "План в процентах": null

03-03-2025T13:29:13 - [TEST_STEP][PASSED] - fileDouble = file.toDouble(): null

03-03-2025T13:29:13 - [TEST_STEP][PASSED] - pageDouble = page1.toDouble(): null

03-03-2025T13:29:13 - [TEST_STEP][PASSED] - if (fileDouble != pageDouble): null

03-03-2025T13:29:13 - [TEST_STEP][PASSED] - file = findTestData("PlanFact").getValue(7, a): null

03-03-2025T13:29:13 - [TEST_STEP][PASSED] - file = file.replace(",", "."): null

03-03-2025T13:29:13 - [TEST_STEP][PASSED] - println("file Fact: " + file): null

03-03-2025T13:29:13 - [TEST_STEP][PASSED] - fileDouble = file.toDouble(): null

03-03-2025T13:29:13 - [TEST_STEP][PASSED] - typeOfData = "Факт в процентах": null

03-03-2025T13:29:13 - [TEST_STEP][PASSED] - fileDouble = file.toDouble(): null

03-03-2025T13:29:13 - [TEST_STEP][PASSED] - pageDouble = page2.toDouble(): null

03-03-2025T13:29:13 - [TEST_STEP][PASSED] - if (fileDouble != pageDouble): null

03-03-2025T13:29:13 - [TEST_STEP][PASSED] - if (verifyEqual(numberOfErrors, 0) == false): Actual object '0' and expected object '0' are equal

03-03-2025T13:29:13 - [MESSAGE][PASSED] - Actual object '0' and expected object '0' are equal

03-03-2025T13:29:13 - [TEST_STEP][PASSED] - if (a == 82): null

03-03-2025T13:29:13 - [TEST_STEP][PASSED] - println(dzoNum): null

03-03-2025T13:29:13 - [TEST_STEP][PASSED] - dZO = "Россети Северный Кавказ": null

03-03-2025T13:29:13 - [TEST_STEP][PASSED] - a = 65: null

03-03-2025T13:29:13 - [TEST_STEP][PASSED] - if (x1.contains("Кавказ")): null

03-03-2025T13:29:13 - [TEST_STEP][PASSED] - dzoNum = dzoNum + 1: null

03-03-2025T13:29:13 - [TEST_STEP][PASSED] - Script1718980020443.Numbers(a, typeOfData, todaysDate, pageInt, fileInt, pageDouble, fileDouble, dZO, dzoNum, filialNum): null

03-03-2025T13:29:13 - [TEST_STEP][PASSED] - println(dzoNum): null

03-03-2025T13:29:13 - [TEST_STEP][PASSED] - planFact = <not implemented yet for class: org.codehaus.groovy.ast.expr.EmptyExpression>: null

03-03-2025T13:29:13 - [TEST_STEP][PASSED] - page = <not implemented yet for class: org.codehaus.groovy.ast.expr.EmptyExpression>: null

03-03-2025T13:29:13 - [TEST_STEP][PASSED] - page1 = <not implemented yet for class: org.codehaus.groovy.ast.expr.EmptyExpression>: null

03-03-2025T13:29:13 - [TEST_STEP][PASSED] - page2 = <not implemented yet for class: org.codehaus.groovy.ast.expr.EmptyExpression>: null

03-03-2025T13:29:13 - [TEST_STEP][PASSED] - filialNumberInRow = <not implemented yet for class: org.codehaus.groovy.ast.expr.EmptyExpression>: null

03-03-2025T13:29:13 - [TEST_STEP][PASSED] - filialsDzoNames = <not implemented yet for class: org.codehaus.groovy.ast.expr.EmptyExpression>: null

03-03-2025T13:29:13 - [TEST_STEP][PASSED] - numberOfFilials = <not implemented yet for class: org.codehaus.groovy.ast.expr.EmptyExpression>: null

03-03-2025T13:29:13 - [TEST_STEP][PASSED] - numberOfSpaces = <not implemented yet for class: org.codehaus.groovy.ast.expr.EmptyExpression>: null

03-03-2025T13:29:13 - [TEST_STEP][PASSED] - file = <not implemented yet for class: org.codehaus.groovy.ast.expr.EmptyExpression>: null

03-03-2025T13:29:13 - [TEST_STEP][PASSED] - otpusk = <not implemented yet for class: org.codehaus.groovy.ast.expr.EmptyExpression>: null

03-03-2025T13:29:13 - [TEST_STEP][PASSED] - poteri = <not implemented yet for class: org.codehaus.groovy.ast.expr.EmptyExpression>: null

03-03-2025T13:29:13 - [TEST_STEP][PASSED] - dataFolder = "Выполнение бизнес-плана/Значения со страницы Выполнение бизнес-плана/": null

03-03-2025T13:29:13 - [TEST_STEP][PASSED] - path = <not implemented yet for class: org.codehaus.groovy.ast.expr.EmptyExpression>: null

03-03-2025T13:29:13 - [TEST_STEP][PASSED] - typeOfDataMain = <not implemented yet for class: org.codehaus.groovy.ast.expr.EmptyExpression>: null

03-03-2025T13:29:13 - [TEST_STEP][PASSED] - fileOtpuskVSet = <not implemented yet for class: org.codehaus.groovy.ast.expr.EmptyExpression>: null

03-03-2025T13:29:13 - [TEST_STEP][PASSED] - pageOtpuskVSet = <not implemented yet for class: org.codehaus.groovy.ast.expr.EmptyExpression>: null

03-03-2025T13:29:13 - [TEST_STEP][PASSED] - filePoteri = <not implemented yet for class: org.codehaus.groovy.ast.expr.EmptyExpression>: null

03-03-2025T13:29:13 - [TEST_STEP][PASSED] - pagePoteri = <not implemented yet for class: org.codehaus.groovy.ast.expr.EmptyExpression>: null

03-03-2025T13:29:13 - [TEST_STEP][PASSED] - compare = <not implemented yet for class: org.codehaus.groovy.ast.expr.EmptyExpression>: null

03-03-2025T13:29:13 - [TEST_STEP][PASSED] - b = <not implemented yet for class: org.codehaus.groovy.ast.expr.EmptyExpression>: null

03-03-2025T13:29:13 - [TEST_STEP][PASSED] - i = <not implemented yet for class: org.codehaus.groovy.ast.expr.EmptyExpression>: null

03-03-2025T13:29:13 - [TEST_STEP][PASSED] - ii = <not implemented yet for class: org.codehaus.groovy.ast.expr.EmptyExpression>: null

03-03-2025T13:29:13 - [TEST_STEP][PASSED] - c = <not implemented yet for class: org.codehaus.groovy.ast.expr.EmptyExpression>: null

03-03-2025T13:29:13 - [TEST_STEP][PASSED] - numberOfErrors = 0: null

03-03-2025T13:29:13 - [TEST_STEP][PASSED] - if (a == 82): null

03-03-2025T13:29:13 - [TEST_STEP][PASSED] - b = findTestData("PlanFact").getValue(1, a): null

03-03-2025T13:29:13 - [TEST_STEP][PASSED] - i = b.indexOf(" (ГК)"): null

03-03-2025T13:29:13 - [TEST_STEP][PASSED] - if (i > -1): null

03-03-2025T13:29:13 - [TEST_STEP][PASSED] - i = b.indexOf("О ""): null

03-03-2025T13:29:13 - [TEST_STEP][PASSED] - if (i > -1): null

03-03-2025T13:29:13 - [TEST_STEP][PASSED] - i = b.indexOf("О «"): null

03-03-2025T13:29:13 - [TEST_STEP][PASSED] - if (i > -1): null

03-03-2025T13:29:13 - [TEST_STEP][PASSED] - i = b.indexOf("г. "): null

03-03-2025T13:29:13 - [TEST_STEP][PASSED] - if (i > -1): null

03-03-2025T13:29:13 - [TEST_STEP][PASSED] - b = b.trim(): null

03-03-2025T13:29:13 - [TEST_STEP][PASSED] - println(b): null

03-03-2025T13:29:13 - [TEST_STEP][PASSED] - for ([planFact = 1, planFact < 3, (planFact++)]): null

03-03-2025T13:29:13 - [TEST_STEP][PASSED] - if (planFact == 1): null

03-03-2025T13:29:13 - [TEST_STEP][PASSED] - typeOfDataMain = "Факт": null

03-03-2025T13:29:13 - [TEST_STEP][PASSED] - otpusk = findTestData("PlanFact").getValue(5, a): null

03-03-2025T13:29:13 - [TEST_STEP][PASSED] - poteri = findTestData("PlanFact").getValue(6, a): null

03-03-2025T13:29:13 - [TEST_STEP][PASSED] - otpusk = otpusk.replaceAll("\s+", ""): null

03-03-2025T13:29:13 - [TEST_STEP][PASSED] - poteri = poteri.replaceAll("\s+", ""): null

03-03-2025T13:29:13 - [TEST_STEP][PASSED] - typeOfData = typeOfDataMain + " Отпуск в сеть": null

03-03-2025T13:29:13 - [TEST_STEP][PASSED] - if (a == 82): null

03-03-2025T13:29:13 - [TEST_STEP][PASSED] - else if (a == 84): null

03-03-2025T13:29:13 - [TEST_STEP][PASSED] - else if (a == 83 || a == 52 || a == 72 || a == 28 || a == 73 || a == 77 || a == 74 || a == 65 || a == 36 || a == 44 || a == 53 || a == 80 || a == 54 || a == 1 || a == 18 || a == 59 || a == 81): null

03-03-2025T13:29:13 - [TEST_STEP][PASSED] - path = dataFolder + "Table Data/" + typeOfData + " за отчётный период " + dzoNum: null

03-03-2025T13:29:13 - [TEST_STEP][PASSED] - println(path): null

03-03-2025T13:29:13 - [TEST_STEP][PASSED] - page = getText(findTestObject(path)): Text of object 'Object Repository/Выполнение бизнес-плана/Значения со страницы Выполнение бизнес-плана/Table Data/Факт Отпуск в сеть за отчётный период 8' is: '23 018 415'

03-03-2025T13:29:14 - [MESSAGE][PASSED] - Text of object 'Object Repository/Выполнение бизнес-плана/Значения со страницы Выполнение бизнес-плана/Table Data/Факт Отпуск в сеть за отчётный период 8' is: '23 018 415'

03-03-2025T13:29:14 - [TEST_STEP][PASSED] - if (page == "" || page == null): null

03-03-2025T13:29:14 - [TEST_STEP][PASSED] - else: null

03-03-2025T13:29:14 - [TEST_STEP][PASSED] - page = page.replaceAll("\s+", ""): null

03-03-2025T13:29:14 - [TEST_STEP][PASSED] - fileOtpuskVSet = otpusk.toInteger(): null

03-03-2025T13:29:14 - [TEST_STEP][PASSED] - pageOtpuskVSet = page.toInteger(): null

03-03-2025T13:29:14 - [TEST_STEP][PASSED] - typeOfData = typeOfDataMain + " Потери": null

03-03-2025T13:29:14 - [TEST_STEP][PASSED] - if (a == 82): null

03-03-2025T13:29:14 - [TEST_STEP][PASSED] - else if (a == 84): null

03-03-2025T13:29:14 - [TEST_STEP][PASSED] - else if (a == 83 || a == 52 || a == 72 || a == 28 || a == 73 || a == 77 || a == 74 || a == 65 || a == 44 || a == 53 || a == 80 || a == 54 || a == 1 || a == 18 || a == 59 || a == 81): null

03-03-2025T13:29:14 - [TEST_STEP][PASSED] - path = dataFolder + "Table Data/" + typeOfData + " за отчётный период " + dzoNum: null

03-03-2025T13:29:14 - [TEST_STEP][PASSED] - page = getText(findTestObject(path)): Text of object 'Object Repository/Выполнение бизнес-плана/Значения со страницы Выполнение бизнес-плана/Table Data/Факт Потери за отчётный период 8' is: '6 366 527'

03-03-2025T13:29:14 - [MESSAGE][PASSED] - Text of object 'Object Repository/Выполнение бизнес-плана/Значения со страницы Выполнение бизнес-плана/Table Data/Факт Потери за отчётный период 8' is: '6 366 527'

03-03-2025T13:29:14 - [TEST_STEP][PASSED] - if (page == "" || page == null): null

03-03-2025T13:29:14 - [TEST_STEP][PASSED] - else: null

03-03-2025T13:29:14 - [TEST_STEP][PASSED] - page = page.replaceAll("\s+", ""): null

03-03-2025T13:29:14 - [TEST_STEP][PASSED] - filePoteri = poteri.toInteger(): null

03-03-2025T13:29:14 - [TEST_STEP][PASSED] - pagePoteri = page.toInteger(): null

03-03-2025T13:29:14 - [TEST_STEP][PASSED] - compare = pageOtpuskVSet: null

03-03-2025T13:29:14 - [TEST_STEP][PASSED] - if (pageOtpuskVSet != null): null

03-03-2025T13:29:14 - [TEST_STEP][PASSED] - if (compare == fileOtpuskVSet): null

03-03-2025T13:29:14 - [TEST_STEP][PASSED] - else if (compare > fileOtpuskVSet): null

03-03-2025T13:29:14 - [TEST_STEP][PASSED] - else if (compare < fileOtpuskVSet): null

03-03-2025T13:29:14 - [TEST_STEP][PASSED] - compare = compare + 1: null

03-03-2025T13:29:14 - [TEST_STEP][PASSED] - if (compare == fileOtpuskVSet): null

03-03-2025T13:29:14 - [TEST_STEP][PASSED] - else: null

03-03-2025T13:29:14 - [TEST_STEP][PASSED] - numberOfErrors = numberOfErrors + 1: null

03-03-2025T13:29:14 - [TEST_STEP][PASSED] - pageInt = pageOtpuskVSet: null

03-03-2025T13:29:14 - [TEST_STEP][PASSED] - fileInt = fileOtpuskVSet: null

03-03-2025T13:29:14 - [TEST_STEP][PASSED] - typeOfData = typeOfDataMain + " Отпуск в сеть": null

03-03-2025T13:29:14 - [TEST_STEP][PASSED] - Script1718980020443.WriteToExcel(a, typeOfData, todaysDate, pageInt, fileInt, pageDouble, fileDouble, dZO): null

03-03-2025T13:29:14 - [TEST_STEP][PASSED] - sheetName = "Sheet1": null

03-03-2025T13:29:14 - [TEST_STEP][PASSED] - data = findTestData("PlanFact"): null

03-03-2025T13:29:14 - [TEST_STEP][PASSED] - n = data.getRowNumbers() + 1: null

03-03-2025T13:29:14 - [TEST_STEP][PASSED] - day = ")).toInteger(): null

03-03-2025T13:29:14 - [TEST_STEP][PASSED] - println(day): null

03-03-2025T13:29:14 - [TEST_STEP][PASSED] - month = ")).toInteger(): null

03-03-2025T13:29:14 - [TEST_STEP][PASSED] - println(month): null

03-03-2025T13:29:14 - [TEST_STEP][PASSED] - y = <not implemented yet for class: org.codehaus.groovy.ast.expr.EmptyExpression>: null

03-03-2025T13:29:14 - [TEST_STEP][PASSED] - iy = <not implemented yet for class: org.codehaus.groovy.ast.expr.EmptyExpression>: null

03-03-2025T13:29:14 - [TEST_STEP][PASSED] - m = getText(findTestObject("Выполнение бизнес-плана/Период")): Text of object 'Object Repository/Выполнение бизнес-плана/Период' is: '2024 год'

03-03-2025T13:29:14 - [MESSAGE][PASSED] - Text of object 'Object Repository/Выполнение бизнес-плана/Период' is: '2024 год'

03-03-2025T13:29:14 - [TEST_STEP][PASSED] - iy = m.indexOf("20"): null

03-03-2025T13:29:14 - [TEST_STEP][PASSED] - if (iy > -1): null

03-03-2025T13:29:14 - [TEST_STEP][PASSED] - y = substring(iy, iy + 4).toInteger(): null

03-03-2025T13:29:14 - [TEST_STEP][PASSED] - println(y): null

03-03-2025T13:29:14 - [TEST_STEP][PASSED] - if (toString().length() == 4): null

03-03-2025T13:29:14 - [TEST_STEP][PASSED] - m = m.substring(0, m.indexOf(y.toString())): null

03-03-2025T13:29:14 - [TEST_STEP][PASSED] - m = m.trim(): null

03-03-2025T13:29:14 - [TEST_STEP][PASSED] - if (m == ""): null

03-03-2025T13:29:14 - [TEST_STEP][PASSED] - m = "весь год": null

03-03-2025T13:29:14 - [TEST_STEP][PASSED] - dashboardName = "Выполнение бизнес-плана": null

03-03-2025T13:29:14 - [TEST_STEP][PASSED] - workbook01 = getWorkbook(excelFilePath): null

03-03-2025T13:29:14 - [TEST_STEP][PASSED] - sheet01 = getExcelSheet(workbook01, sheetName): null

03-03-2025T13:29:14 - [TEST_STEP][PASSED] - setValueToCellByIndex(sheet01, n, 0, dashboardName): null

03-03-2025T13:29:14 - [TEST_STEP][PASSED] - setValueToCellByIndex(sheet01, n, 1, dZO): null

03-03-2025T13:29:14 - [TEST_STEP][PASSED] - setValueToCellByIndex(sheet01, n, 2, typeOfData): null

03-03-2025T13:29:14 - [TEST_STEP][PASSED] - if (typeOfData == "Факт в процентах" || typeOfData == "План в процентах"): null

03-03-2025T13:29:14 - [TEST_STEP][PASSED] - else: null

03-03-2025T13:29:14 - [TEST_STEP][PASSED] - setValueToCellByIndex(sheet01, n, 3, fileInt): null

03-03-2025T13:29:14 - [TEST_STEP][PASSED] - setValueToCellByIndex(sheet01, n, 4, pageInt): null

03-03-2025T13:29:14 - [TEST_STEP][PASSED] - setValueToCellByIndex(sheet01, n, 5, m): null

03-03-2025T13:29:14 - [TEST_STEP][PASSED] - setValueToCellByIndex(sheet01, n, 6, y): null

03-03-2025T13:29:14 - [TEST_STEP][PASSED] - setValueToCellByIndex(sheet01, n, 7, todaysDate): null

03-03-2025T13:29:14 - [TEST_STEP][PASSED] - n = n + 1: null

03-03-2025T13:29:14 - [TEST_STEP][PASSED] - saveWorkbook(excelFilePath, workbook01): null

03-03-2025T13:29:15 - [TEST_STEP][PASSED] - compare = pagePoteri: null

03-03-2025T13:29:15 - [TEST_STEP][PASSED] - if (pageOtpuskVSet != null): null

03-03-2025T13:29:15 - [TEST_STEP][PASSED] - if (compare == filePoteri): null

03-03-2025T13:29:15 - [TEST_STEP][PASSED] - else if (compare > filePoteri): null

03-03-2025T13:29:15 - [TEST_STEP][PASSED] - else if (compare < filePoteri): null

03-03-2025T13:29:15 - [TEST_STEP][PASSED] - compare = compare + 1: null

03-03-2025T13:29:15 - [TEST_STEP][PASSED] - if (compare == filePoteri): null

03-03-2025T13:29:15 - [TEST_STEP][PASSED] - else: null

03-03-2025T13:29:15 - [TEST_STEP][PASSED] - numberOfErrors = numberOfErrors + 1: null

03-03-2025T13:29:15 - [TEST_STEP][PASSED] - pageInt = pagePoteri: null

03-03-2025T13:29:15 - [TEST_STEP][PASSED] - fileInt = filePoteri: null

03-03-2025T13:29:15 - [TEST_STEP][PASSED] - typeOfData = typeOfDataMain + " Потери": null

03-03-2025T13:29:15 - [TEST_STEP][PASSED] - Script1718980020443.WriteToExcel(a, typeOfData, todaysDate, pageInt, fileInt, pageDouble, fileDouble, dZO): null

03-03-2025T13:29:15 - [TEST_STEP][PASSED] - sheetName = "Sheet1": null

03-03-2025T13:29:15 - [TEST_STEP][PASSED] - data = findTestData("PlanFact"): null

03-03-2025T13:29:15 - [TEST_STEP][PASSED] - n = data.getRowNumbers() + 1: null

03-03-2025T13:29:15 - [TEST_STEP][PASSED] - day = ")).toInteger(): null

03-03-2025T13:29:15 - [TEST_STEP][PASSED] - println(day): null

03-03-2025T13:29:15 - [TEST_STEP][PASSED] - month = ")).toInteger(): null

03-03-2025T13:29:15 - [TEST_STEP][PASSED] - println(month): null

03-03-2025T13:29:15 - [TEST_STEP][PASSED] - y = <not implemented yet for class: org.codehaus.groovy.ast.expr.EmptyExpression>: null

03-03-2025T13:29:15 - [TEST_STEP][PASSED] - iy = <not implemented yet for class: org.codehaus.groovy.ast.expr.EmptyExpression>: null

03-03-2025T13:29:15 - [TEST_STEP][PASSED] - m = getText(findTestObject("Выполнение бизнес-плана/Период")): Text of object 'Object Repository/Выполнение бизнес-плана/Период' is: '2024 год'

03-03-2025T13:29:15 - [MESSAGE][PASSED] - Text of object 'Object Repository/Выполнение бизнес-плана/Период' is: '2024 год'

03-03-2025T13:29:15 - [TEST_STEP][PASSED] - iy = m.indexOf("20"): null

03-03-2025T13:29:15 - [TEST_STEP][PASSED] - if (iy > -1): null

03-03-2025T13:29:15 - [TEST_STEP][PASSED] - y = substring(iy, iy + 4).toInteger(): null

03-03-2025T13:29:15 - [TEST_STEP][PASSED] - println(y): null

03-03-2025T13:29:15 - [TEST_STEP][PASSED] - if (toString().length() == 4): null

03-03-2025T13:29:15 - [TEST_STEP][PASSED] - m = m.substring(0, m.indexOf(y.toString())): null

03-03-2025T13:29:15 - [TEST_STEP][PASSED] - m = m.trim(): null

03-03-2025T13:29:15 - [TEST_STEP][PASSED] - if (m == ""): null

03-03-2025T13:29:15 - [TEST_STEP][PASSED] - m = "весь год": null

03-03-2025T13:29:15 - [TEST_STEP][PASSED] - dashboardName = "Выполнение бизнес-плана": null

03-03-2025T13:29:15 - [TEST_STEP][PASSED] - workbook01 = getWorkbook(excelFilePath): null

03-03-2025T13:29:15 - [TEST_STEP][PASSED] - sheet01 = getExcelSheet(workbook01, sheetName): null

03-03-2025T13:29:15 - [TEST_STEP][PASSED] - setValueToCellByIndex(sheet01, n, 0, dashboardName): null

03-03-2025T13:29:15 - [TEST_STEP][PASSED] - setValueToCellByIndex(sheet01, n, 1, dZO): null

03-03-2025T13:29:15 - [TEST_STEP][PASSED] - setValueToCellByIndex(sheet01, n, 2, typeOfData): null

03-03-2025T13:29:15 - [TEST_STEP][PASSED] - if (typeOfData == "Факт в процентах" || typeOfData == "План в процентах"): null

03-03-2025T13:29:15 - [TEST_STEP][PASSED] - else: null

03-03-2025T13:29:15 - [TEST_STEP][PASSED] - setValueToCellByIndex(sheet01, n, 3, fileInt): null

03-03-2025T13:29:15 - [TEST_STEP][PASSED] - setValueToCellByIndex(sheet01, n, 4, pageInt): null

03-03-2025T13:29:15 - [TEST_STEP][PASSED] - setValueToCellByIndex(sheet01, n, 5, m): null

03-03-2025T13:29:15 - [TEST_STEP][PASSED] - setValueToCellByIndex(sheet01, n, 6, y): null

03-03-2025T13:29:15 - [TEST_STEP][PASSED] - setValueToCellByIndex(sheet01, n, 7, todaysDate): null

03-03-2025T13:29:15 - [TEST_STEP][PASSED] - n = n + 1: null

03-03-2025T13:29:15 - [TEST_STEP][PASSED] - saveWorkbook(excelFilePath, workbook01): null

03-03-2025T13:29:15 - [TEST_STEP][PASSED] - if (planFact == 2): null

03-03-2025T13:29:15 - [TEST_STEP][PASSED] - if (planFact == 1): null

03-03-2025T13:29:15 - [TEST_STEP][PASSED] - else if (planFact == 2): null

03-03-2025T13:29:15 - [TEST_STEP][PASSED] - click(findTestObject("Выполнение бизнес-плана/Кнопка План")): Object: 'Object Repository/Выполнение бизнес-плана/Кнопка План' is clicked on

03-03-2025T13:29:16 - [MESSAGE][PASSED] - Object: 'Object Repository/Выполнение бизнес-плана/Кнопка План' is clicked on

03-03-2025T13:29:16 - [TEST_STEP][PASSED] - typeOfDataMain = "План": null

03-03-2025T13:29:16 - [TEST_STEP][PASSED] - otpusk = findTestData("PlanFact").getValue(2, a): null

03-03-2025T13:29:16 - [TEST_STEP][PASSED] - poteri = findTestData("PlanFact").getValue(3, a): null

03-03-2025T13:29:16 - [TEST_STEP][PASSED] - otpusk = otpusk.replaceAll("\s+", ""): null

03-03-2025T13:29:16 - [TEST_STEP][PASSED] - poteri = poteri.replaceAll("\s+", ""): null

03-03-2025T13:29:16 - [TEST_STEP][PASSED] - typeOfData = typeOfDataMain + " Отпуск в сеть": null

03-03-2025T13:29:16 - [TEST_STEP][PASSED] - if (a == 82): null

03-03-2025T13:29:16 - [TEST_STEP][PASSED] - else if (a == 84): null

03-03-2025T13:29:16 - [TEST_STEP][PASSED] - else if (a == 83 || a == 52 || a == 72 || a == 28 || a == 73 || a == 77 || a == 74 || a == 65 || a == 36 || a == 44 || a == 53 || a == 80 || a == 54 || a == 1 || a == 18 || a == 59 || a == 81): null

03-03-2025T13:29:16 - [TEST_STEP][PASSED] - path = dataFolder + "Table Data/" + typeOfData + " за отчётный период " + dzoNum: null

03-03-2025T13:29:16 - [TEST_STEP][PASSED] - println(path): null

03-03-2025T13:29:16 - [TEST_STEP][PASSED] - page = getText(findTestObject(path)): Text of object 'Object Repository/Выполнение бизнес-плана/Значения со страницы Выполнение бизнес-плана/Table Data/План Отпуск в сеть за отчётный период 8' is: '21 788 054'

03-03-2025T13:29:16 - [MESSAGE][PASSED] - Text of object 'Object Repository/Выполнение бизнес-плана/Значения со страницы Выполнение бизнес-плана/Table Data/План Отпуск в сеть за отчётный период 8' is: '21 788 054'

03-03-2025T13:29:16 - [TEST_STEP][PASSED] - if (page == "" || page == null): null

03-03-2025T13:29:16 - [TEST_STEP][PASSED] - else: null

03-03-2025T13:29:16 - [TEST_STEP][PASSED] - page = page.replaceAll("\s+", ""): null

03-03-2025T13:29:16 - [TEST_STEP][PASSED] - fileOtpuskVSet = otpusk.toInteger(): null

03-03-2025T13:29:16 - [TEST_STEP][PASSED] - pageOtpuskVSet = page.toInteger(): null

03-03-2025T13:29:16 - [TEST_STEP][PASSED] - typeOfData = typeOfDataMain + " Потери": null

03-03-2025T13:29:16 - [TEST_STEP][PASSED] - if (a == 82): null

03-03-2025T13:29:16 - [TEST_STEP][PASSED] - else if (a == 84): null

03-03-2025T13:29:16 - [TEST_STEP][PASSED] - else if (a == 83 || a == 52 || a == 72 || a == 28 || a == 73 || a == 77 || a == 74 || a == 65 || a == 44 || a == 53 || a == 80 || a == 54 || a == 1 || a == 18 || a == 59 || a == 81): null

03-03-2025T13:29:16 - [TEST_STEP][PASSED] - path = dataFolder + "Table Data/" + typeOfData + " за отчётный период " + dzoNum: null

03-03-2025T13:29:16 - [TEST_STEP][PASSED] - page = getText(findTestObject(path)): Text of object 'Object Repository/Выполнение бизнес-плана/Значения со страницы Выполнение бизнес-плана/Table Data/План Потери за отчётный период 8' is: '5 224 213'

03-03-2025T13:29:16 - [MESSAGE][PASSED] - Text of object 'Object Repository/Выполнение бизнес-плана/Значения со страницы Выполнение бизнес-плана/Table Data/План Потери за отчётный период 8' is: '5 224 213'

03-03-2025T13:29:16 - [TEST_STEP][PASSED] - if (page == "" || page == null): null

03-03-2025T13:29:16 - [TEST_STEP][PASSED] - else: null

03-03-2025T13:29:16 - [TEST_STEP][PASSED] - page = page.replaceAll("\s+", ""): null

03-03-2025T13:29:16 - [TEST_STEP][PASSED] - filePoteri = poteri.toInteger(): null

03-03-2025T13:29:16 - [TEST_STEP][PASSED] - pagePoteri = page.toInteger(): null

03-03-2025T13:29:16 - [TEST_STEP][PASSED] - compare = pageOtpuskVSet: null

03-03-2025T13:29:16 - [TEST_STEP][PASSED] - if (pageOtpuskVSet != null): null

03-03-2025T13:29:16 - [TEST_STEP][PASSED] - if (compare == fileOtpuskVSet): null

03-03-2025T13:29:16 - [TEST_STEP][PASSED] - else if (compare > fileOtpuskVSet): null

03-03-2025T13:29:16 - [TEST_STEP][PASSED] - else if (compare < fileOtpuskVSet): null

03-03-2025T13:29:16 - [TEST_STEP][PASSED] - compare = compare + 1: null

03-03-2025T13:29:16 - [TEST_STEP][PASSED] - if (compare == fileOtpuskVSet): null

03-03-2025T13:29:16 - [TEST_STEP][PASSED] - else: null

03-03-2025T13:29:16 - [TEST_STEP][PASSED] - numberOfErrors = numberOfErrors + 1: null

03-03-2025T13:29:16 - [TEST_STEP][PASSED] - pageInt = pageOtpuskVSet: null

03-03-2025T13:29:16 - [TEST_STEP][PASSED] - fileInt = fileOtpuskVSet: null

03-03-2025T13:29:16 - [TEST_STEP][PASSED] - typeOfData = typeOfDataMain + " Отпуск в сеть": null

03-03-2025T13:29:16 - [TEST_STEP][PASSED] - Script1718980020443.WriteToExcel(a, typeOfData, todaysDate, pageInt, fileInt, pageDouble, fileDouble, dZO): null

03-03-2025T13:29:16 - [TEST_STEP][PASSED] - sheetName = "Sheet1": null

03-03-2025T13:29:16 - [TEST_STEP][PASSED] - data = findTestData("PlanFact"): null

03-03-2025T13:29:16 - [TEST_STEP][PASSED] - n = data.getRowNumbers() + 1: null

03-03-2025T13:29:16 - [TEST_STEP][PASSED] - day = ")).toInteger(): null

03-03-2025T13:29:16 - [TEST_STEP][PASSED] - println(day): null

03-03-2025T13:29:16 - [TEST_STEP][PASSED] - month = ")).toInteger(): null

03-03-2025T13:29:16 - [TEST_STEP][PASSED] - println(month): null

03-03-2025T13:29:16 - [TEST_STEP][PASSED] - y = <not implemented yet for class: org.codehaus.groovy.ast.expr.EmptyExpression>: null

03-03-2025T13:29:16 - [TEST_STEP][PASSED] - iy = <not implemented yet for class: org.codehaus.groovy.ast.expr.EmptyExpression>: null

03-03-2025T13:29:16 - [TEST_STEP][PASSED] - m = getText(findTestObject("Выполнение бизнес-плана/Период")): Text of object 'Object Repository/Выполнение бизнес-плана/Период' is: '2024 год'

03-03-2025T13:29:17 - [MESSAGE][PASSED] - Text of object 'Object Repository/Выполнение бизнес-плана/Период' is: '2024 год'

03-03-2025T13:29:17 - [TEST_STEP][PASSED] - iy = m.indexOf("20"): null

03-03-2025T13:29:17 - [TEST_STEP][PASSED] - if (iy > -1): null

03-03-2025T13:29:17 - [TEST_STEP][PASSED] - y = substring(iy, iy + 4).toInteger(): null

03-03-2025T13:29:17 - [TEST_STEP][PASSED] - println(y): null

03-03-2025T13:29:17 - [TEST_STEP][PASSED] - if (toString().length() == 4): null

03-03-2025T13:29:17 - [TEST_STEP][PASSED] - m = m.substring(0, m.indexOf(y.toString())): null

03-03-2025T13:29:17 - [TEST_STEP][PASSED] - m = m.trim(): null

03-03-2025T13:29:17 - [TEST_STEP][PASSED] - if (m == ""): null

03-03-2025T13:29:17 - [TEST_STEP][PASSED] - m = "весь год": null

03-03-2025T13:29:17 - [TEST_STEP][PASSED] - dashboardName = "Выполнение бизнес-плана": null

03-03-2025T13:29:17 - [TEST_STEP][PASSED] - workbook01 = getWorkbook(excelFilePath): null

03-03-2025T13:29:17 - [TEST_STEP][PASSED] - sheet01 = getExcelSheet(workbook01, sheetName): null

03-03-2025T13:29:17 - [TEST_STEP][PASSED] - setValueToCellByIndex(sheet01, n, 0, dashboardName): null

03-03-2025T13:29:17 - [TEST_STEP][PASSED] - setValueToCellByIndex(sheet01, n, 1, dZO): null

03-03-2025T13:29:17 - [TEST_STEP][PASSED] - setValueToCellByIndex(sheet01, n, 2, typeOfData): null

03-03-2025T13:29:17 - [TEST_STEP][PASSED] - if (typeOfData == "Факт в процентах" || typeOfData == "План в процентах"): null

03-03-2025T13:29:17 - [TEST_STEP][PASSED] - else: null

03-03-2025T13:29:17 - [TEST_STEP][PASSED] - setValueToCellByIndex(sheet01, n, 3, fileInt): null

03-03-2025T13:29:17 - [TEST_STEP][PASSED] - setValueToCellByIndex(sheet01, n, 4, pageInt): null

03-03-2025T13:29:17 - [TEST_STEP][PASSED] - setValueToCellByIndex(sheet01, n, 5, m): null

03-03-2025T13:29:17 - [TEST_STEP][PASSED] - setValueToCellByIndex(sheet01, n, 6, y): null

03-03-2025T13:29:17 - [TEST_STEP][PASSED] - setValueToCellByIndex(sheet01, n, 7, todaysDate): null

03-03-2025T13:29:17 - [TEST_STEP][PASSED] - n = n + 1: null

03-03-2025T13:29:17 - [TEST_STEP][PASSED] - saveWorkbook(excelFilePath, workbook01): null

03-03-2025T13:29:17 - [TEST_STEP][PASSED] - compare = pagePoteri: null

03-03-2025T13:29:17 - [TEST_STEP][PASSED] - if (pageOtpuskVSet != null): null

03-03-2025T13:29:17 - [TEST_STEP][PASSED] - if (compare == filePoteri): null

03-03-2025T13:29:17 - [TEST_STEP][PASSED] - else if (compare > filePoteri): null

03-03-2025T13:29:17 - [TEST_STEP][PASSED] - else if (compare < filePoteri): null

03-03-2025T13:29:17 - [TEST_STEP][PASSED] - compare = compare + 1: null

03-03-2025T13:29:17 - [TEST_STEP][PASSED] - if (compare == filePoteri): null

03-03-2025T13:29:17 - [TEST_STEP][PASSED] - else: null

03-03-2025T13:29:17 - [TEST_STEP][PASSED] - numberOfErrors = numberOfErrors + 1: null

03-03-2025T13:29:17 - [TEST_STEP][PASSED] - pageInt = pagePoteri: null

03-03-2025T13:29:17 - [TEST_STEP][PASSED] - fileInt = filePoteri: null

03-03-2025T13:29:17 - [TEST_STEP][PASSED] - typeOfData = typeOfDataMain + " Потери": null

03-03-2025T13:29:17 - [TEST_STEP][PASSED] - Script1718980020443.WriteToExcel(a, typeOfData, todaysDate, pageInt, fileInt, pageDouble, fileDouble, dZO): null

03-03-2025T13:29:17 - [TEST_STEP][PASSED] - sheetName = "Sheet1": null

03-03-2025T13:29:17 - [TEST_STEP][PASSED] - data = findTestData("PlanFact"): null

03-03-2025T13:29:17 - [TEST_STEP][PASSED] - n = data.getRowNumbers() + 1: null

03-03-2025T13:29:17 - [TEST_STEP][PASSED] - day = ")).toInteger(): null

03-03-2025T13:29:17 - [TEST_STEP][PASSED] - println(day): null

03-03-2025T13:29:17 - [TEST_STEP][PASSED] - month = ")).toInteger(): null

03-03-2025T13:29:17 - [TEST_STEP][PASSED] - println(month): null

03-03-2025T13:29:17 - [TEST_STEP][PASSED] - y = <not implemented yet for class: org.codehaus.groovy.ast.expr.EmptyExpression>: null

03-03-2025T13:29:17 - [TEST_STEP][PASSED] - iy = <not implemented yet for class: org.codehaus.groovy.ast.expr.EmptyExpression>: null

03-03-2025T13:29:17 - [TEST_STEP][PASSED] - m = getText(findTestObject("Выполнение бизнес-плана/Период")): Text of object 'Object Repository/Выполнение бизнес-плана/Период' is: '2024 год'

03-03-2025T13:29:17 - [MESSAGE][PASSED] - Text of object 'Object Repository/Выполнение бизнес-плана/Период' is: '2024 год'

03-03-2025T13:29:17 - [TEST_STEP][PASSED] - iy = m.indexOf("20"): null

03-03-2025T13:29:17 - [TEST_STEP][PASSED] - if (iy > -1): null

03-03-2025T13:29:17 - [TEST_STEP][PASSED] - y = substring(iy, iy + 4).toInteger(): null

03-03-2025T13:29:17 - [TEST_STEP][PASSED] - println(y): null

03-03-2025T13:29:17 - [TEST_STEP][PASSED] - if (toString().length() == 4): null

03-03-2025T13:29:17 - [TEST_STEP][PASSED] - m = m.substring(0, m.indexOf(y.toString())): null

03-03-2025T13:29:17 - [TEST_STEP][PASSED] - m = m.trim(): null

03-03-2025T13:29:17 - [TEST_STEP][PASSED] - if (m == ""): null

03-03-2025T13:29:17 - [TEST_STEP][PASSED] - m = "весь год": null

03-03-2025T13:29:17 - [TEST_STEP][PASSED] - dashboardName = "Выполнение бизнес-плана": null

03-03-2025T13:29:17 - [TEST_STEP][PASSED] - workbook01 = getWorkbook(excelFilePath): null

03-03-2025T13:29:17 - [TEST_STEP][PASSED] - sheet01 = getExcelSheet(workbook01, sheetName): null

03-03-2025T13:29:17 - [TEST_STEP][PASSED] - setValueToCellByIndex(sheet01, n, 0, dashboardName): null

03-03-2025T13:29:17 - [TEST_STEP][PASSED] - setValueToCellByIndex(sheet01, n, 1, dZO): null

03-03-2025T13:29:17 - [TEST_STEP][PASSED] - setValueToCellByIndex(sheet01, n, 2, typeOfData): null

03-03-2025T13:29:17 - [TEST_STEP][PASSED] - if (typeOfData == "Факт в процентах" || typeOfData == "План в процентах"): null

03-03-2025T13:29:17 - [TEST_STEP][PASSED] - else: null

03-03-2025T13:29:17 - [TEST_STEP][PASSED] - setValueToCellByIndex(sheet01, n, 3, fileInt): null

03-03-2025T13:29:17 - [TEST_STEP][PASSED] - setValueToCellByIndex(sheet01, n, 4, pageInt): null

03-03-2025T13:29:17 - [TEST_STEP][PASSED] - setValueToCellByIndex(sheet01, n, 5, m): null

03-03-2025T13:29:17 - [TEST_STEP][PASSED] - setValueToCellByIndex(sheet01, n, 6, y): null

03-03-2025T13:29:17 - [TEST_STEP][PASSED] - setValueToCellByIndex(sheet01, n, 7, todaysDate): null

03-03-2025T13:29:17 - [TEST_STEP][PASSED] - n = n + 1: null

03-03-2025T13:29:17 - [TEST_STEP][PASSED] - saveWorkbook(excelFilePath, workbook01): Object: 'Object Repository/Выполнение бизнес-плана/Кнопка Факт' is clicked on

03-03-2025T13:29:18 - [TEST_STEP][PASSED] - if (planFact == 2): Object: 'Object Repository/Выполнение бизнес-плана/Кнопка Факт' is clicked on

03-03-2025T13:29:18 - [TEST_STEP][PASSED] - click(findTestObject("Выполнение бизнес-плана/Кнопка Факт")): Object: 'Object Repository/Выполнение бизнес-плана/Кнопка Факт' is clicked on

03-03-2025T13:29:18 - [MESSAGE][PASSED] - Object: 'Object Repository/Выполнение бизнес-плана/Кнопка Факт' is clicked on

03-03-2025T13:29:18 - [TEST_STEP][PASSED] - println("a=" + a): null

03-03-2025T13:29:18 - [TEST_STEP][PASSED] - if (a == 84 || a == 82): null

03-03-2025T13:29:18 - [TEST_STEP][PASSED] - else if (a == 83 || a == 52 || a == 72 || a == 28 || a == 73 || a == 77 || a == 74 || a == 65 || a == 36 || a == 44 || a == 53 || a == 80 || a == 54 || a == 1 || a == 18 || a == 59 || a == 81): null

03-03-2025T13:29:18 - [TEST_STEP][PASSED] - page1 = getText(findTestObject("Object Repository/Выполнение бизнес-плана/spanPlan" + dzoNum)): Text of object 'Object Repository/Выполнение бизнес-плана/spanPlan8' is: '24.65'

03-03-2025T13:29:18 - [MESSAGE][PASSED] - Text of object 'Object Repository/Выполнение бизнес-плана/spanPlan8' is: '24.65'

03-03-2025T13:29:18 - [TEST_STEP][PASSED] - page1 = page1.replace("|", ""): null

03-03-2025T13:29:18 - [TEST_STEP][PASSED] - page2 = getText(findTestObject("Object Repository/Выполнение бизнес-плана/spanFact" + dzoNum)): Text of object 'Object Repository/Выполнение бизнес-плана/spanFact8' is: '28.48
|'

03-03-2025T13:29:18 - [MESSAGE][PASSED] - Text of object 'Object Repository/Выполнение бизнес-плана/spanFact8' is: '28.48
|'

03-03-2025T13:29:18 - [TEST_STEP][PASSED] - page2 = page2.replace("|", ""): null

03-03-2025T13:29:18 - [TEST_STEP][PASSED] - println("page1: " + page1): null

03-03-2025T13:29:18 - [TEST_STEP][PASSED] - println("page2: " + page2): null

03-03-2025T13:29:18 - [TEST_STEP][PASSED] - file = findTestData("PlanFact").getValue(4, a): null

03-03-2025T13:29:19 - [TEST_STEP][PASSED] - file = file.replace(",", "."): null

03-03-2025T13:29:19 - [TEST_STEP][PASSED] - println("file Plan: " + file): null

03-03-2025T13:29:19 - [TEST_STEP][PASSED] - typeOfData = "План в процентах": null

03-03-2025T13:29:19 - [TEST_STEP][PASSED] - fileDouble = file.toDouble(): null

03-03-2025T13:29:19 - [TEST_STEP][PASSED] - pageDouble = page1.toDouble(): null

03-03-2025T13:29:19 - [TEST_STEP][PASSED] - if (fileDouble != pageDouble): null

03-03-2025T13:29:19 - [TEST_STEP][PASSED] - numberOfErrors = numberOfErrors + 1: null

03-03-2025T13:29:19 - [TEST_STEP][PASSED] - Script1718980020443.WriteToExcel(a, typeOfData, todaysDate, pageInt, fileInt, pageDouble, fileDouble, dZO): null

03-03-2025T13:29:19 - [TEST_STEP][PASSED] - sheetName = "Sheet1": null

03-03-2025T13:29:19 - [TEST_STEP][PASSED] - data = findTestData("PlanFact"): null

03-03-2025T13:29:19 - [TEST_STEP][PASSED] - n = data.getRowNumbers() + 1: null

03-03-2025T13:29:19 - [TEST_STEP][PASSED] - day = ")).toInteger(): null

03-03-2025T13:29:19 - [TEST_STEP][PASSED] - println(day): null

03-03-2025T13:29:19 - [TEST_STEP][PASSED] - month = ")).toInteger(): null

03-03-2025T13:29:19 - [TEST_STEP][PASSED] - println(month): null

03-03-2025T13:29:19 - [TEST_STEP][PASSED] - y = <not implemented yet for class: org.codehaus.groovy.ast.expr.EmptyExpression>: null

03-03-2025T13:29:19 - [TEST_STEP][PASSED] - iy = <not implemented yet for class: org.codehaus.groovy.ast.expr.EmptyExpression>: null

03-03-2025T13:29:19 - [TEST_STEP][PASSED] - m = getText(findTestObject("Выполнение бизнес-плана/Период")): Text of object 'Object Repository/Выполнение бизнес-плана/Период' is: '2024 год'

03-03-2025T13:29:19 - [MESSAGE][PASSED] - Text of object 'Object Repository/Выполнение бизнес-плана/Период' is: '2024 год'

03-03-2025T13:29:19 - [TEST_STEP][PASSED] - iy = m.indexOf("20"): null

03-03-2025T13:29:19 - [TEST_STEP][PASSED] - if (iy > -1): null

03-03-2025T13:29:19 - [TEST_STEP][PASSED] - y = substring(iy, iy + 4).toInteger(): null

03-03-2025T13:29:19 - [TEST_STEP][PASSED] - println(y): null

03-03-2025T13:29:19 - [TEST_STEP][PASSED] - if (toString().length() == 4): null

03-03-2025T13:29:19 - [TEST_STEP][PASSED] - m = m.substring(0, m.indexOf(y.toString())): null

03-03-2025T13:29:19 - [TEST_STEP][PASSED] - m = m.trim(): null

03-03-2025T13:29:19 - [TEST_STEP][PASSED] - if (m == ""): null

03-03-2025T13:29:19 - [TEST_STEP][PASSED] - m = "весь год": null

03-03-2025T13:29:19 - [TEST_STEP][PASSED] - dashboardName = "Выполнение бизнес-плана": null

03-03-2025T13:29:19 - [TEST_STEP][PASSED] - workbook01 = getWorkbook(excelFilePath): null

03-03-2025T13:29:19 - [TEST_STEP][PASSED] - sheet01 = getExcelSheet(workbook01, sheetName): null

03-03-2025T13:29:19 - [TEST_STEP][PASSED] - setValueToCellByIndex(sheet01, n, 0, dashboardName): null

03-03-2025T13:29:19 - [TEST_STEP][PASSED] - setValueToCellByIndex(sheet01, n, 1, dZO): null

03-03-2025T13:29:19 - [TEST_STEP][PASSED] - setValueToCellByIndex(sheet01, n, 2, typeOfData): null

03-03-2025T13:29:19 - [TEST_STEP][PASSED] - if (typeOfData == "Факт в процентах" || typeOfData == "План в процентах"): null

03-03-2025T13:29:19 - [TEST_STEP][PASSED] - setValueToCellByIndex(sheet01, n, 3, fileDouble): null

03-03-2025T13:29:19 - [TEST_STEP][PASSED] - setValueToCellByIndex(sheet01, n, 4, pageDouble): null

03-03-2025T13:29:19 - [TEST_STEP][PASSED] - setValueToCellByIndex(sheet01, n, 5, m): null

03-03-2025T13:29:19 - [TEST_STEP][PASSED] - setValueToCellByIndex(sheet01, n, 6, y): null

03-03-2025T13:29:19 - [TEST_STEP][PASSED] - setValueToCellByIndex(sheet01, n, 7, todaysDate): null

03-03-2025T13:29:19 - [TEST_STEP][PASSED] - n = n + 1: null

03-03-2025T13:29:19 - [TEST_STEP][PASSED] - saveWorkbook(excelFilePath, workbook01): null

03-03-2025T13:29:19 - [TEST_STEP][PASSED] - file = findTestData("PlanFact").getValue(7, a): null

03-03-2025T13:29:19 - [TEST_STEP][PASSED] - file = file.replace(",", "."): null

03-03-2025T13:29:19 - [TEST_STEP][PASSED] - println("file Fact: " + file): null

03-03-2025T13:29:19 - [TEST_STEP][PASSED] - fileDouble = file.toDouble(): null

03-03-2025T13:29:19 - [TEST_STEP][PASSED] - typeOfData = "Факт в процентах": null

03-03-2025T13:29:19 - [TEST_STEP][PASSED] - fileDouble = file.toDouble(): null

03-03-2025T13:29:19 - [TEST_STEP][PASSED] - pageDouble = page2.toDouble(): null

03-03-2025T13:29:19 - [TEST_STEP][PASSED] - if (fileDouble != pageDouble): null

03-03-2025T13:29:19 - [TEST_STEP][PASSED] - numberOfErrors = numberOfErrors + 1: null

03-03-2025T13:29:19 - [TEST_STEP][PASSED] - Script1718980020443.WriteToExcel(a, typeOfData, todaysDate, pageInt, fileInt, pageDouble, fileDouble, dZO): null

03-03-2025T13:29:19 - [TEST_STEP][PASSED] - sheetName = "Sheet1": null

03-03-2025T13:29:19 - [TEST_STEP][PASSED] - data = findTestData("PlanFact"): null

03-03-2025T13:29:19 - [TEST_STEP][PASSED] - n = data.getRowNumbers() + 1: null

03-03-2025T13:29:19 - [TEST_STEP][PASSED] - day = ")).toInteger(): null

03-03-2025T13:29:19 - [TEST_STEP][PASSED] - println(day): null

03-03-2025T13:29:19 - [TEST_STEP][PASSED] - month = ")).toInteger(): null

03-03-2025T13:29:19 - [TEST_STEP][PASSED] - println(month): null

03-03-2025T13:29:19 - [TEST_STEP][PASSED] - y = <not implemented yet for class: org.codehaus.groovy.ast.expr.EmptyExpression>: null

03-03-2025T13:29:19 - [TEST_STEP][PASSED] - iy = <not implemented yet for class: org.codehaus.groovy.ast.expr.EmptyExpression>: null

03-03-2025T13:29:19 - [TEST_STEP][PASSED] - m = getText(findTestObject("Выполнение бизнес-плана/Период")): Text of object 'Object Repository/Выполнение бизнес-плана/Период' is: '2024 год'

03-03-2025T13:29:20 - [MESSAGE][PASSED] - Text of object 'Object Repository/Выполнение бизнес-плана/Период' is: '2024 год'

03-03-2025T13:29:20 - [TEST_STEP][PASSED] - iy = m.indexOf("20"): null

03-03-2025T13:29:20 - [TEST_STEP][PASSED] - if (iy > -1): null

03-03-2025T13:29:20 - [TEST_STEP][PASSED] - y = substring(iy, iy + 4).toInteger(): null

03-03-2025T13:29:20 - [TEST_STEP][PASSED] - println(y): null

03-03-2025T13:29:20 - [TEST_STEP][PASSED] - if (toString().length() == 4): null

03-03-2025T13:29:20 - [TEST_STEP][PASSED] - m = m.substring(0, m.indexOf(y.toString())): null

03-03-2025T13:29:20 - [TEST_STEP][PASSED] - m = m.trim(): null

03-03-2025T13:29:20 - [TEST_STEP][PASSED] - if (m == ""): null

03-03-2025T13:29:20 - [TEST_STEP][PASSED] - m = "весь год": null

03-03-2025T13:29:20 - [TEST_STEP][PASSED] - dashboardName = "Выполнение бизнес-плана": null

03-03-2025T13:29:20 - [TEST_STEP][PASSED] - workbook01 = getWorkbook(excelFilePath): null

03-03-2025T13:29:20 - [TEST_STEP][PASSED] - sheet01 = getExcelSheet(workbook01, sheetName): null

03-03-2025T13:29:20 - [TEST_STEP][PASSED] - setValueToCellByIndex(sheet01, n, 0, dashboardName): null

03-03-2025T13:29:20 - [TEST_STEP][PASSED] - setValueToCellByIndex(sheet01, n, 1, dZO): null

03-03-2025T13:29:20 - [TEST_STEP][PASSED] - setValueToCellByIndex(sheet01, n, 2, typeOfData): null

03-03-2025T13:29:20 - [TEST_STEP][PASSED] - if (typeOfData == "Факт в процентах" || typeOfData == "План в процентах"): null

03-03-2025T13:29:20 - [TEST_STEP][PASSED] - setValueToCellByIndex(sheet01, n, 3, fileDouble): null

03-03-2025T13:29:20 - [TEST_STEP][PASSED] - setValueToCellByIndex(sheet01, n, 4, pageDouble): null

03-03-2025T13:29:20 - [TEST_STEP][PASSED] - setValueToCellByIndex(sheet01, n, 5, m): null

03-03-2025T13:29:20 - [TEST_STEP][PASSED] - setValueToCellByIndex(sheet01, n, 6, y): null

03-03-2025T13:29:20 - [TEST_STEP][PASSED] - setValueToCellByIndex(sheet01, n, 7, todaysDate): null

03-03-2025T13:29:20 - [TEST_STEP][PASSED] - n = n + 1: null

03-03-2025T13:29:20 - [TEST_STEP][PASSED] - saveWorkbook(excelFilePath, workbook01): null

03-03-2025T13:29:20 - [TEST_STEP][FAILED] - if (verifyEqual(numberOfErrors, 0) == false): null

03-03-2025T13:29:20 - [MESSAGE][FAILED] - Unable to verify equal between actual object '6' and expected object '0' (Root cause: com.kms.katalon.core.exception.StepFailedException: Actual object '6' and expected object '0' are not equal
	at com.kms.katalon.core.keyword.builtin.VerifyEqualKeyword$_verifyEqual_closure1.doCall(VerifyEqualKeyword.groovy:58)
	at com.kms.katalon.core.keyword.builtin.VerifyEqualKeyword$_verifyEqual_closure1.call(VerifyEqualKeyword.groovy)
	at com.kms.katalon.core.keyword.internal.KeywordMain.runKeyword(KeywordMain.groovy:75)
	at com.kms.katalon.core.keyword.builtin.VerifyEqualKeyword.verifyEqual(VerifyEqualKeyword.groovy:63)
	at com.kms.katalon.core.keyword.builtin.VerifyEqualKeyword.execute(VerifyEqualKeyword.groovy:44)
	at com.kms.katalon.core.keyword.internal.KeywordExecutor.executeKeywordForPlatform(KeywordExecutor.groovy:74)
	at com.kms.katalon.core.keyword.BuiltinKeywords.verifyEqual(BuiltinKeywords.groovy:146)
	at jdk.internal.reflect.GeneratedMethodAccessor24.invoke(Unknown Source)
	at java.base/jdk.internal.reflect.DelegatingMethodAccessorImpl.invoke(DelegatingMethodAccessorImpl.java:43)
	at Выполнение бизнес-плана Сверка ПАО Россети все филиалы.Numbers(Выполнение бизнес-плана Сверка ПАО Россети все филиалы:736)
	at Выполнение бизнес-плана Сверка ПАО Россети все филиалы.run(Выполнение бизнес-плана Сверка ПАО Россети все филиалы:280)
	at com.kms.katalon.core.main.ScriptEngine.run(ScriptEngine.java:194)
	at com.kms.katalon.core.main.ScriptEngine.runScriptAsRawText(ScriptEngine.java:119)
	at com.kms.katalon.core.main.TestCaseExecutor.runScript(TestCaseExecutor.java:448)
	at com.kms.katalon.core.main.TestCaseExecutor.doExecute(TestCaseExecutor.java:439)
	at com.kms.katalon.core.main.TestCaseExecutor.processExecutionPhase(TestCaseExecutor.java:418)
	at com.kms.katalon.core.main.TestCaseExecutor.accessMainPhase(TestCaseExecutor.java:410)
	at com.kms.katalon.core.main.TestCaseExecutor.execute(TestCaseExecutor.java:285)
	at com.kms.katalon.core.common.CommonExecutor.accessTestCaseMainPhase(CommonExecutor.java:65)
	at com.kms.katalon.core.main.TestSuiteExecutor.accessTestSuiteMainPhase(TestSuiteExecutor.java:150)
	at com.kms.katalon.core.main.TestSuiteExecutor.execute(TestSuiteExecutor.java:106)
	at com.kms.katalon.core.main.TestCaseMain.startTestSuite(TestCaseMain.java:180)
	at TempTestSuite1740991900055.run(TempTestSuite1740991900055.groovy:35)
	at java.base/jdk.internal.reflect.NativeMethodAccessorImpl.invoke0(Native Method)
	at java.base/jdk.internal.reflect.NativeMethodAccessorImpl.invoke(NativeMethodAccessorImpl.java:77)
	at java.base/jdk.internal.reflect.DelegatingMethodAccessorImpl.invoke(DelegatingMethodAccessorImpl.java:43)
)

03-03-2025T13:29:20 - [TEST_STEP][PASSED] - println(numberOfErrors): null

03-03-2025T13:29:20 - [TEST_STEP][PASSED] - println("a=" + a): null

03-03-2025T13:29:20 - [TEST_STEP][PASSED] - if (a == 28 || a == 77 || a == 74 || a == 65 || a == 36 || a == 44 || a == 54 || a == 1 || a == 18 || a == 59): null

03-03-2025T13:29:20 - [TEST_STEP][PASSED] - Script1718980020443.Filials(a, typeOfData, todaysDate, pageInt, fileInt, pageDouble, fileDouble, dZO, dzoNum, filialNum): null

03-03-2025T13:29:20 - [TEST_STEP][PASSED] - i = <not implemented yet for class: org.codehaus.groovy.ast.expr.EmptyExpression>: null

03-03-2025T13:29:20 - [TEST_STEP][PASSED] - c = <not implemented yet for class: org.codehaus.groovy.ast.expr.EmptyExpression>: null

03-03-2025T13:29:20 - [TEST_STEP][PASSED] - page = <not implemented yet for class: org.codehaus.groovy.ast.expr.EmptyExpression>: null

03-03-2025T13:29:20 - [TEST_STEP][PASSED] - println(dZO): null

03-03-2025T13:29:20 - [TEST_STEP][PASSED] - reducedDZO = <not implemented yet for class: org.codehaus.groovy.ast.expr.EmptyExpression>: null

03-03-2025T13:29:20 - [TEST_STEP][PASSED] - reducedDZO = dZO.substring(dZO.indexOf(" ") + 1, dZO.length()): null

03-03-2025T13:29:20 - [TEST_STEP][PASSED] - if (reducedDZO.contains(" ")): null

03-03-2025T13:29:20 - [TEST_STEP][PASSED] - reducedDZO = reducedDZO.substring(reducedDZO.indexOf(" ") + 1, reducedDZO.length()): null

03-03-2025T13:29:20 - [TEST_STEP][PASSED] - if (reducedDZO.contains(" ")): null

03-03-2025T13:29:20 - [TEST_STEP][PASSED] - println(reducedDZO): null

03-03-2025T13:29:20 - [TEST_STEP][PASSED] - dzoCut = <not implemented yet for class: org.codehaus.groovy.ast.expr.EmptyExpression>: null

03-03-2025T13:29:20 - [TEST_STEP][PASSED] - Script1718980020443.DZO(a): null

03-03-2025T13:29:20 - [TEST_STEP][PASSED] - delay(20): Delayed 20 second(s)

03-03-2025T13:29:40 - [MESSAGE][PASSED] - Delayed 20 second(s)

03-03-2025T13:29:40 - [TEST_STEP][PASSED] - Script1718980020443.OpenFilter(): null

03-03-2025T13:29:40 - [TEST_STEP][PASSED] - click(findTestObject("Object Repository/Выполнение бизнес-плана/Фильтр ДЗО")): Object: 'Object Repository/Выполнение бизнес-плана/Фильтр ДЗО' is clicked on

03-03-2025T13:29:40 - [MESSAGE][PASSED] - Object: 'Object Repository/Выполнение бизнес-плана/Фильтр ДЗО' is clicked on

03-03-2025T13:29:40 - [TEST_STEP][PASSED] - click(findTestObject("Выполнение бизнес-плана/Снять выделение в фильтре ДЗО")): Object: 'Object Repository/Выполнение бизнес-плана/Снять выделение в фильтре ДЗО' is clicked on

03-03-2025T13:29:41 - [MESSAGE][PASSED] - Object: 'Object Repository/Выполнение бизнес-плана/Снять выделение в фильтре ДЗО' is clicked on

03-03-2025T13:29:41 - [TEST_STEP][PASSED] - Script1718980020443.OpenRSK(): null

03-03-2025T13:29:41 - [TEST_STEP][PASSED] - click(findTestObject("Выполнение бизнес-плана/Раскрыть список ПАО Россети в фильтре ДЗО")): Object: 'Object Repository/Выполнение бизнес-плана/Раскрыть список ПАО Россети в фильтре ДЗО' is clicked on

03-03-2025T13:29:41 - [MESSAGE][PASSED] - Object: 'Object Repository/Выполнение бизнес-плана/Раскрыть список ПАО Россети в фильтре ДЗО' is clicked on

03-03-2025T13:29:41 - [TEST_STEP][PASSED] - click(findTestObject("Выполнение бизнес-плана/Раскрыть список РаспредКомплекс в фильтре ДЗО")): Object: 'Object Repository/Выполнение бизнес-плана/Раскрыть список РаспредКомплекс в фильтре ДЗО' is clicked on

03-03-2025T13:29:41 - [MESSAGE][PASSED] - Object: 'Object Repository/Выполнение бизнес-плана/Раскрыть список РаспредКомплекс в фильтре ДЗО' is clicked on

03-03-2025T13:29:41 - [TEST_STEP][PASSED] - if (a == 28): null

03-03-2025T13:29:41 - [TEST_STEP][PASSED] - if (a == 77): null

03-03-2025T13:29:41 - [TEST_STEP][PASSED] - if (a == 74): null

03-03-2025T13:29:41 - [TEST_STEP][PASSED] - if (a == 65): Object: 'Object Repository/Выполнение бизнес-плана/Россети Северный Кавказ' is clicked on

03-03-2025T13:29:41 - [TEST_STEP][PASSED] - scrollToElement(findTestObject("Общие объекты/Раскрыть список Россети Северный кавказ"), 30): Scroll to object 'Object Repository/Общие объекты/Раскрыть список Россети Северный кавказ' successfully

03-03-2025T13:29:42 - [MESSAGE][PASSED] - Scroll to object 'Object Repository/Общие объекты/Раскрыть список Россети Северный кавказ' successfully

03-03-2025T13:29:42 - [TEST_STEP][PASSED] - click(findTestObject("Выполнение бизнес-плана/Россети Северный Кавказ")): Object: 'Object Repository/Выполнение бизнес-плана/Россети Северный Кавказ' is clicked on

03-03-2025T13:29:42 - [MESSAGE][PASSED] - Object: 'Object Repository/Выполнение бизнес-плана/Россети Северный Кавказ' is clicked on

03-03-2025T13:29:42 - [TEST_STEP][PASSED] - if (a == 36): null

03-03-2025T13:29:42 - [TEST_STEP][PASSED] - if (a == 44): null

03-03-2025T13:29:42 - [TEST_STEP][PASSED] - if (a == 54): null

03-03-2025T13:29:42 - [TEST_STEP][PASSED] - if (a == 1): null

03-03-2025T13:29:42 - [TEST_STEP][PASSED] - if (a == 18): null

03-03-2025T13:29:42 - [TEST_STEP][PASSED] - if (a == 59): null

03-03-2025T13:29:42 - [TEST_STEP][PASSED] - Script1718980020443.CloseFilter(): null

03-03-2025T13:29:42 - [TEST_STEP][PASSED] - scrollToElement(findTestObject("Выполнение бизнес-плана/Заголовок дашборда"), 30): Scroll to object 'Object Repository/Выполнение бизнес-плана/Заголовок дашборда' successfully

03-03-2025T13:29:43 - [MESSAGE][PASSED] - Scroll to object 'Object Repository/Выполнение бизнес-плана/Заголовок дашборда' successfully

03-03-2025T13:29:43 - [TEST_STEP][PASSED] - click(findTestObject("Object Repository/Выполнение бизнес-плана/Применить в фильтре ДЗО")): Object: 'Object Repository/Выполнение бизнес-плана/Применить в фильтре ДЗО' is clicked on

03-03-2025T13:29:44 - [MESSAGE][PASSED] - Object: 'Object Repository/Выполнение бизнес-плана/Применить в фильтре ДЗО' is clicked on

03-03-2025T13:29:44 - [TEST_STEP][PASSED] - delay(20): Delayed 20 second(s)

03-03-2025T13:30:04 - [MESSAGE][PASSED] - Delayed 20 second(s)

03-03-2025T13:30:04 - [TEST_STEP][PASSED] - Script1718980020443.ZakrytOpoveshenie(): null

03-03-2025T13:30:04 - [TEST_STEP][PASSED] - delay(10): Delayed 10 second(s)

03-03-2025T13:30:14 - [MESSAGE][PASSED] - Delayed 10 second(s)

03-03-2025T13:30:14 - [TEST_STEP][PASSED] - opoveshenie = getText(findTestObject("Выполнение бизнес-плана/Просьба обратить внимание")): Text of object 'Object Repository/Выполнение бизнес-плана/Просьба обратить внимание' is: ''

03-03-2025T13:30:14 - [MESSAGE][PASSED] - Text of object 'Object Repository/Выполнение бизнес-плана/Просьба обратить внимание' is: ''

03-03-2025T13:30:14 - [TEST_STEP][PASSED] - println(opoveshenie): null

03-03-2025T13:30:14 - [TEST_STEP][PASSED] - if (opoveshenie == "Просьба обратить внимание"): null

03-03-2025T13:30:14 - [TEST_STEP][PASSED] - page = getText(findTestObject("Object Repository/Выполнение бизнес-плана/Filials")): Text of object 'Object Repository/Выполнение бизнес-плана/Filials' is: 'Дагэнерго
Ингушэнерго
Каббалкэнерго
Карачаево-Черкесскэнерго
Севкавказэнерго
Ставропольэнерго
0
10
20
30
40
50
60
70'

03-03-2025T13:30:14 - [MESSAGE][PASSED] - Text of object 'Object Repository/Выполнение бизнес-плана/Filials' is: 'Дагэнерго
Ингушэнерго
Каббалкэнерго
Карачаево-Черкесскэнерго
Севкавказэнерго
Ставропольэнерго
0
10
20
30
40
50
60
70'

03-03-2025T13:30:14 - [TEST_STEP][PASSED] - println(page): null

03-03-2025T13:30:14 - [TEST_STEP][PASSED] - c = page.indexOf(reducedDZO): null

03-03-2025T13:30:14 - [TEST_STEP][PASSED] - if (c > -1): null

03-03-2025T13:30:14 - [TEST_STEP][PASSED] - x2 = getText(findTestObject("Выполнение бизнес-плана/Список ДЗО старый")): Text of object 'Object Repository/Выполнение бизнес-плана/Список ДЗО старый' is: 'Дагэнерго
Ингушэнерго
Каббалкэнерго
Карачаево-Черкесскэнерго
Севкавказэнерго
Ставропольэнерго
0
10
20
30
40
50
60
70'

03-03-2025T13:30:14 - [MESSAGE][PASSED] - Text of object 'Object Repository/Выполнение бизнес-плана/Список ДЗО старый' is: 'Дагэнерго
Ингушэнерго
Каббалкэнерго
Карачаево-Черкесскэнерго
Севкавказэнерго
Ставропольэнерго
0
10
20
30
40
50
60
70'

03-03-2025T13:30:14 - [TEST_STEP][PASSED] - if (a == 28): null

03-03-2025T13:30:14 - [TEST_STEP][PASSED] - if (a == 77): null

03-03-2025T13:30:14 - [TEST_STEP][PASSED] - if (a == 74): null

03-03-2025T13:30:14 - [TEST_STEP][PASSED] - if (a == 65): null

03-03-2025T13:30:14 - [TEST_STEP][PASSED] - dZO = "Дагэнерго": null

03-03-2025T13:30:14 - [TEST_STEP][PASSED] - a = 71: null

03-03-2025T13:30:14 - [TEST_STEP][PASSED] - if (x2.contains(dZO)): null

03-03-2025T13:30:14 - [TEST_STEP][PASSED] - filialNum = filialNum + 1: null

03-03-2025T13:30:14 - [TEST_STEP][PASSED] - Script1718980020443.Numbers(a, typeOfData, todaysDate, pageInt, fileInt, pageDouble, fileDouble, dZO, dzoNum, filialNum): null

03-03-2025T13:30:14 - [TEST_STEP][PASSED] - println(dzoNum): null

03-03-2025T13:30:14 - [TEST_STEP][PASSED] - planFact = <not implemented yet for class: org.codehaus.groovy.ast.expr.EmptyExpression>: null

03-03-2025T13:30:14 - [TEST_STEP][PASSED] - page = <not implemented yet for class: org.codehaus.groovy.ast.expr.EmptyExpression>: null

03-03-2025T13:30:14 - [TEST_STEP][PASSED] - page1 = <not implemented yet for class: org.codehaus.groovy.ast.expr.EmptyExpression>: null

03-03-2025T13:30:14 - [TEST_STEP][PASSED] - page2 = <not implemented yet for class: org.codehaus.groovy.ast.expr.EmptyExpression>: null

03-03-2025T13:30:14 - [TEST_STEP][PASSED] - filialNumberInRow = <not implemented yet for class: org.codehaus.groovy.ast.expr.EmptyExpression>: null

03-03-2025T13:30:14 - [TEST_STEP][PASSED] - filialsDzoNames = <not implemented yet for class: org.codehaus.groovy.ast.expr.EmptyExpression>: null

03-03-2025T13:30:14 - [TEST_STEP][PASSED] - numberOfFilials = <not implemented yet for class: org.codehaus.groovy.ast.expr.EmptyExpression>: null

03-03-2025T13:30:14 - [TEST_STEP][PASSED] - numberOfSpaces = <not implemented yet for class: org.codehaus.groovy.ast.expr.EmptyExpression>: null

03-03-2025T13:30:14 - [TEST_STEP][PASSED] - file = <not implemented yet for class: org.codehaus.groovy.ast.expr.EmptyExpression>: null

03-03-2025T13:30:14 - [TEST_STEP][PASSED] - otpusk = <not implemented yet for class: org.codehaus.groovy.ast.expr.EmptyExpression>: null

03-03-2025T13:30:14 - [TEST_STEP][PASSED] - poteri = <not implemented yet for class: org.codehaus.groovy.ast.expr.EmptyExpression>: null

03-03-2025T13:30:14 - [TEST_STEP][PASSED] - dataFolder = "Выполнение бизнес-плана/Значения со страницы Выполнение бизнес-плана/": null

03-03-2025T13:30:14 - [TEST_STEP][PASSED] - path = <not implemented yet for class: org.codehaus.groovy.ast.expr.EmptyExpression>: null

03-03-2025T13:30:14 - [TEST_STEP][PASSED] - typeOfDataMain = <not implemented yet for class: org.codehaus.groovy.ast.expr.EmptyExpression>: null

03-03-2025T13:30:14 - [TEST_STEP][PASSED] - fileOtpuskVSet = <not implemented yet for class: org.codehaus.groovy.ast.expr.EmptyExpression>: null

03-03-2025T13:30:14 - [TEST_STEP][PASSED] - pageOtpuskVSet = <not implemented yet for class: org.codehaus.groovy.ast.expr.EmptyExpression>: null

03-03-2025T13:30:14 - [TEST_STEP][PASSED] - filePoteri = <not implemented yet for class: org.codehaus.groovy.ast.expr.EmptyExpression>: null

03-03-2025T13:30:14 - [TEST_STEP][PASSED] - pagePoteri = <not implemented yet for class: org.codehaus.groovy.ast.expr.EmptyExpression>: null

03-03-2025T13:30:14 - [TEST_STEP][PASSED] - compare = <not implemented yet for class: org.codehaus.groovy.ast.expr.EmptyExpression>: null

03-03-2025T13:30:14 - [TEST_STEP][PASSED] - b = <not implemented yet for class: org.codehaus.groovy.ast.expr.EmptyExpression>: null

03-03-2025T13:30:14 - [TEST_STEP][PASSED] - i = <not implemented yet for class: org.codehaus.groovy.ast.expr.EmptyExpression>: null

03-03-2025T13:30:14 - [TEST_STEP][PASSED] - ii = <not implemented yet for class: org.codehaus.groovy.ast.expr.EmptyExpression>: null

03-03-2025T13:30:14 - [TEST_STEP][PASSED] - c = <not implemented yet for class: org.codehaus.groovy.ast.expr.EmptyExpression>: null

03-03-2025T13:30:14 - [TEST_STEP][PASSED] - numberOfErrors = 0: null

03-03-2025T13:30:14 - [TEST_STEP][PASSED] - if (a == 82): null

03-03-2025T13:30:14 - [TEST_STEP][PASSED] - b = findTestData("PlanFact").getValue(1, a): null

03-03-2025T13:30:15 - [TEST_STEP][PASSED] - i = b.indexOf(" (ГК)"): null

03-03-2025T13:30:15 - [TEST_STEP][PASSED] - if (i > -1): null

03-03-2025T13:30:15 - [TEST_STEP][PASSED] - i = b.indexOf("О ""): null

03-03-2025T13:30:15 - [TEST_STEP][PASSED] - if (i > -1): null

03-03-2025T13:30:15 - [TEST_STEP][PASSED] - i = b.indexOf("О «"): null

03-03-2025T13:30:15 - [TEST_STEP][PASSED] - if (i > -1): null

03-03-2025T13:30:15 - [TEST_STEP][PASSED] - i = b.indexOf("г. "): null

03-03-2025T13:30:15 - [TEST_STEP][PASSED] - if (i > -1): null

03-03-2025T13:30:15 - [TEST_STEP][PASSED] - b = b.trim(): null

03-03-2025T13:30:15 - [TEST_STEP][PASSED] - println(b): null

03-03-2025T13:30:15 - [TEST_STEP][PASSED] - for ([planFact = 1, planFact < 3, (planFact++)]): null

03-03-2025T13:30:15 - [TEST_STEP][PASSED] - if (planFact == 1): null

03-03-2025T13:30:15 - [TEST_STEP][PASSED] - typeOfDataMain = "Факт": null

03-03-2025T13:30:15 - [TEST_STEP][PASSED] - otpusk = findTestData("PlanFact").getValue(5, a): null

03-03-2025T13:30:15 - [TEST_STEP][PASSED] - poteri = findTestData("PlanFact").getValue(6, a): null

03-03-2025T13:30:15 - [TEST_STEP][PASSED] - otpusk = otpusk.replaceAll("\s+", ""): null

03-03-2025T13:30:15 - [TEST_STEP][PASSED] - poteri = poteri.replaceAll("\s+", ""): null

03-03-2025T13:30:15 - [TEST_STEP][PASSED] - typeOfData = typeOfDataMain + " Отпуск в сеть": null

03-03-2025T13:30:15 - [TEST_STEP][PASSED] - if (a == 82): null

03-03-2025T13:30:15 - [TEST_STEP][PASSED] - else if (a == 84): null

03-03-2025T13:30:15 - [TEST_STEP][PASSED] - else if (a == 83 || a == 52 || a == 72 || a == 28 || a == 73 || a == 77 || a == 74 || a == 65 || a == 36 || a == 44 || a == 53 || a == 80 || a == 54 || a == 1 || a == 18 || a == 59 || a == 81): null

03-03-2025T13:30:15 - [TEST_STEP][PASSED] - else: null

03-03-2025T13:30:15 - [TEST_STEP][PASSED] - path = dataFolder + typeOfData + " за отчётный период " + b: null

03-03-2025T13:30:15 - [TEST_STEP][PASSED] - println(path): null

03-03-2025T13:30:15 - [TEST_STEP][PASSED] - page = getText(findTestObject(path)): Text of object 'Object Repository/Выполнение бизнес-плана/Значения со страницы Выполнение бизнес-плана/Факт Отпуск в сеть за отчётный период Дагэнерго' is: '963 574'

03-03-2025T13:30:15 - [MESSAGE][PASSED] - Text of object 'Object Repository/Выполнение бизнес-плана/Значения со страницы Выполнение бизнес-плана/Факт Отпуск в сеть за отчётный период Дагэнерго' is: '963 574'

03-03-2025T13:30:15 - [TEST_STEP][PASSED] - if (page == "" || page == null): null

03-03-2025T13:30:15 - [TEST_STEP][PASSED] - else: null

03-03-2025T13:30:15 - [TEST_STEP][PASSED] - page = page.replaceAll("\s+", ""): null

03-03-2025T13:30:15 - [TEST_STEP][PASSED] - fileOtpuskVSet = otpusk.toInteger(): null

03-03-2025T13:30:15 - [TEST_STEP][PASSED] - pageOtpuskVSet = page.toInteger(): null

03-03-2025T13:30:15 - [TEST_STEP][PASSED] - typeOfData = typeOfDataMain + " Потери": null

03-03-2025T13:30:15 - [TEST_STEP][PASSED] - if (a == 82): null

03-03-2025T13:30:15 - [TEST_STEP][PASSED] - else if (a == 84): null

03-03-2025T13:30:15 - [TEST_STEP][PASSED] - else if (a == 83 || a == 52 || a == 72 || a == 28 || a == 73 || a == 77 || a == 74 || a == 65 || a == 44 || a == 53 || a == 80 || a == 54 || a == 1 || a == 18 || a == 59 || a == 81): null

03-03-2025T13:30:15 - [TEST_STEP][PASSED] - else: null

03-03-2025T13:30:15 - [TEST_STEP][PASSED] - path = dataFolder + typeOfData + " за отчётный период " + b: null

03-03-2025T13:30:15 - [TEST_STEP][PASSED] - page = getText(findTestObject(path)): Text of object 'Object Repository/Выполнение бизнес-плана/Значения со страницы Выполнение бизнес-плана/Факт Потери за отчётный период Дагэнерго' is: '540 697'

03-03-2025T13:30:15 - [MESSAGE][PASSED] - Text of object 'Object Repository/Выполнение бизнес-плана/Значения со страницы Выполнение бизнес-плана/Факт Потери за отчётный период Дагэнерго' is: '540 697'

03-03-2025T13:30:15 - [TEST_STEP][PASSED] - if (page == "" || page == null): null

03-03-2025T13:30:15 - [TEST_STEP][PASSED] - else: null

03-03-2025T13:30:15 - [TEST_STEP][PASSED] - page = page.replaceAll("\s+", ""): null

03-03-2025T13:30:15 - [TEST_STEP][PASSED] - filePoteri = poteri.toInteger(): null

03-03-2025T13:30:15 - [TEST_STEP][PASSED] - pagePoteri = page.toInteger(): null

03-03-2025T13:30:15 - [TEST_STEP][PASSED] - compare = pageOtpuskVSet: null

03-03-2025T13:30:15 - [TEST_STEP][PASSED] - if (pageOtpuskVSet != null): null

03-03-2025T13:30:15 - [TEST_STEP][PASSED] - if (compare == fileOtpuskVSet): null

03-03-2025T13:30:15 - [TEST_STEP][PASSED] - else if (compare > fileOtpuskVSet): null

03-03-2025T13:30:15 - [TEST_STEP][PASSED] - else if (compare < fileOtpuskVSet): null

03-03-2025T13:30:15 - [TEST_STEP][PASSED] - compare = compare + 1: null

03-03-2025T13:30:15 - [TEST_STEP][PASSED] - if (compare == fileOtpuskVSet): null

03-03-2025T13:30:15 - [TEST_STEP][PASSED] - else: null

03-03-2025T13:30:15 - [TEST_STEP][PASSED] - numberOfErrors = numberOfErrors + 1: null

03-03-2025T13:30:15 - [TEST_STEP][PASSED] - pageInt = pageOtpuskVSet: null

03-03-2025T13:30:15 - [TEST_STEP][PASSED] - fileInt = fileOtpuskVSet: null

03-03-2025T13:30:15 - [TEST_STEP][PASSED] - typeOfData = typeOfDataMain + " Отпуск в сеть": null

03-03-2025T13:30:15 - [TEST_STEP][PASSED] - Script1718980020443.WriteToExcel(a, typeOfData, todaysDate, pageInt, fileInt, pageDouble, fileDouble, dZO): null

03-03-2025T13:30:15 - [TEST_STEP][PASSED] - sheetName = "Sheet1": null

03-03-2025T13:30:15 - [TEST_STEP][PASSED] - data = findTestData("PlanFact"): null

03-03-2025T13:30:15 - [TEST_STEP][PASSED] - n = data.getRowNumbers() + 1: null

03-03-2025T13:30:15 - [TEST_STEP][PASSED] - day = ")).toInteger(): null

03-03-2025T13:30:15 - [TEST_STEP][PASSED] - println(day): null

03-03-2025T13:30:15 - [TEST_STEP][PASSED] - month = ")).toInteger(): null

03-03-2025T13:30:15 - [TEST_STEP][PASSED] - println(month): null

03-03-2025T13:30:15 - [TEST_STEP][PASSED] - y = <not implemented yet for class: org.codehaus.groovy.ast.expr.EmptyExpression>: null

03-03-2025T13:30:15 - [TEST_STEP][PASSED] - iy = <not implemented yet for class: org.codehaus.groovy.ast.expr.EmptyExpression>: null

03-03-2025T13:30:15 - [TEST_STEP][PASSED] - m = getText(findTestObject("Выполнение бизнес-плана/Период")): Text of object 'Object Repository/Выполнение бизнес-плана/Период' is: '2024 год'

03-03-2025T13:30:16 - [MESSAGE][PASSED] - Text of object 'Object Repository/Выполнение бизнес-плана/Период' is: '2024 год'

03-03-2025T13:30:16 - [TEST_STEP][PASSED] - iy = m.indexOf("20"): null

03-03-2025T13:30:16 - [TEST_STEP][PASSED] - if (iy > -1): null

03-03-2025T13:30:16 - [TEST_STEP][PASSED] - y = substring(iy, iy + 4).toInteger(): null

03-03-2025T13:30:16 - [TEST_STEP][PASSED] - println(y): null

03-03-2025T13:30:16 - [TEST_STEP][PASSED] - if (toString().length() == 4): null

03-03-2025T13:30:16 - [TEST_STEP][PASSED] - m = m.substring(0, m.indexOf(y.toString())): null

03-03-2025T13:30:16 - [TEST_STEP][PASSED] - m = m.trim(): null

03-03-2025T13:30:16 - [TEST_STEP][PASSED] - if (m == ""): null

03-03-2025T13:30:16 - [TEST_STEP][PASSED] - m = "весь год": null

03-03-2025T13:30:16 - [TEST_STEP][PASSED] - dashboardName = "Выполнение бизнес-плана": null

03-03-2025T13:30:16 - [TEST_STEP][PASSED] - workbook01 = getWorkbook(excelFilePath): null

03-03-2025T13:30:16 - [TEST_STEP][PASSED] - sheet01 = getExcelSheet(workbook01, sheetName): null

03-03-2025T13:30:16 - [TEST_STEP][PASSED] - setValueToCellByIndex(sheet01, n, 0, dashboardName): null

03-03-2025T13:30:16 - [TEST_STEP][PASSED] - setValueToCellByIndex(sheet01, n, 1, dZO): null

03-03-2025T13:30:16 - [TEST_STEP][PASSED] - setValueToCellByIndex(sheet01, n, 2, typeOfData): null

03-03-2025T13:30:16 - [TEST_STEP][PASSED] - if (typeOfData == "Факт в процентах" || typeOfData == "План в процентах"): null

03-03-2025T13:30:16 - [TEST_STEP][PASSED] - else: null

03-03-2025T13:30:16 - [TEST_STEP][PASSED] - setValueToCellByIndex(sheet01, n, 3, fileInt): null

03-03-2025T13:30:16 - [TEST_STEP][PASSED] - setValueToCellByIndex(sheet01, n, 4, pageInt): null

03-03-2025T13:30:16 - [TEST_STEP][PASSED] - setValueToCellByIndex(sheet01, n, 5, m): null

03-03-2025T13:30:16 - [TEST_STEP][PASSED] - setValueToCellByIndex(sheet01, n, 6, y): null

03-03-2025T13:30:16 - [TEST_STEP][PASSED] - setValueToCellByIndex(sheet01, n, 7, todaysDate): null

03-03-2025T13:30:16 - [TEST_STEP][PASSED] - n = n + 1: null

03-03-2025T13:30:16 - [TEST_STEP][PASSED] - saveWorkbook(excelFilePath, workbook01): null

03-03-2025T13:30:16 - [TEST_STEP][PASSED] - compare = pagePoteri: null

03-03-2025T13:30:16 - [TEST_STEP][PASSED] - if (pageOtpuskVSet != null): null

03-03-2025T13:30:16 - [TEST_STEP][PASSED] - if (compare == filePoteri): null

03-03-2025T13:30:16 - [TEST_STEP][PASSED] - else if (compare > filePoteri): null

03-03-2025T13:30:16 - [TEST_STEP][PASSED] - else if (compare < filePoteri): null

03-03-2025T13:30:16 - [TEST_STEP][PASSED] - compare = compare + 1: null

03-03-2025T13:30:16 - [TEST_STEP][PASSED] - if (compare == filePoteri): null

03-03-2025T13:30:16 - [TEST_STEP][PASSED] - else: null

03-03-2025T13:30:16 - [TEST_STEP][PASSED] - numberOfErrors = numberOfErrors + 1: null

03-03-2025T13:30:16 - [TEST_STEP][PASSED] - pageInt = pagePoteri: null

03-03-2025T13:30:16 - [TEST_STEP][PASSED] - fileInt = filePoteri: null

03-03-2025T13:30:16 - [TEST_STEP][PASSED] - typeOfData = typeOfDataMain + " Потери": null

03-03-2025T13:30:16 - [TEST_STEP][PASSED] - Script1718980020443.WriteToExcel(a, typeOfData, todaysDate, pageInt, fileInt, pageDouble, fileDouble, dZO): null

03-03-2025T13:30:16 - [TEST_STEP][PASSED] - sheetName = "Sheet1": null

03-03-2025T13:30:16 - [TEST_STEP][PASSED] - data = findTestData("PlanFact"): null

03-03-2025T13:30:16 - [TEST_STEP][PASSED] - n = data.getRowNumbers() + 1: null

03-03-2025T13:30:16 - [TEST_STEP][PASSED] - day = ")).toInteger(): null

03-03-2025T13:30:16 - [TEST_STEP][PASSED] - println(day): null

03-03-2025T13:30:16 - [TEST_STEP][PASSED] - month = ")).toInteger(): null

03-03-2025T13:30:16 - [TEST_STEP][PASSED] - println(month): null

03-03-2025T13:30:16 - [TEST_STEP][PASSED] - y = <not implemented yet for class: org.codehaus.groovy.ast.expr.EmptyExpression>: null

03-03-2025T13:30:16 - [TEST_STEP][PASSED] - iy = <not implemented yet for class: org.codehaus.groovy.ast.expr.EmptyExpression>: null

03-03-2025T13:30:16 - [TEST_STEP][PASSED] - m = getText(findTestObject("Выполнение бизнес-плана/Период")): Text of object 'Object Repository/Выполнение бизнес-плана/Период' is: '2024 год'

03-03-2025T13:30:16 - [MESSAGE][PASSED] - Text of object 'Object Repository/Выполнение бизнес-плана/Период' is: '2024 год'

03-03-2025T13:30:16 - [TEST_STEP][PASSED] - iy = m.indexOf("20"): null

03-03-2025T13:30:16 - [TEST_STEP][PASSED] - if (iy > -1): null

03-03-2025T13:30:16 - [TEST_STEP][PASSED] - y = substring(iy, iy + 4).toInteger(): null

03-03-2025T13:30:16 - [TEST_STEP][PASSED] - println(y): null

03-03-2025T13:30:16 - [TEST_STEP][PASSED] - if (toString().length() == 4): null

03-03-2025T13:30:16 - [TEST_STEP][PASSED] - m = m.substring(0, m.indexOf(y.toString())): null

03-03-2025T13:30:16 - [TEST_STEP][PASSED] - m = m.trim(): null

03-03-2025T13:30:16 - [TEST_STEP][PASSED] - if (m == ""): null

03-03-2025T13:30:16 - [TEST_STEP][PASSED] - m = "весь год": null

03-03-2025T13:30:16 - [TEST_STEP][PASSED] - dashboardName = "Выполнение бизнес-плана": null

03-03-2025T13:30:16 - [TEST_STEP][PASSED] - workbook01 = getWorkbook(excelFilePath): null

03-03-2025T13:30:16 - [TEST_STEP][PASSED] - sheet01 = getExcelSheet(workbook01, sheetName): null

03-03-2025T13:30:16 - [TEST_STEP][PASSED] - setValueToCellByIndex(sheet01, n, 0, dashboardName): null

03-03-2025T13:30:16 - [TEST_STEP][PASSED] - setValueToCellByIndex(sheet01, n, 1, dZO): null

03-03-2025T13:30:16 - [TEST_STEP][PASSED] - setValueToCellByIndex(sheet01, n, 2, typeOfData): null

03-03-2025T13:30:16 - [TEST_STEP][PASSED] - if (typeOfData == "Факт в процентах" || typeOfData == "План в процентах"): null

03-03-2025T13:30:16 - [TEST_STEP][PASSED] - else: null

03-03-2025T13:30:16 - [TEST_STEP][PASSED] - setValueToCellByIndex(sheet01, n, 3, fileInt): null

03-03-2025T13:30:16 - [TEST_STEP][PASSED] - setValueToCellByIndex(sheet01, n, 4, pageInt): null

03-03-2025T13:30:16 - [TEST_STEP][PASSED] - setValueToCellByIndex(sheet01, n, 5, m): null

03-03-2025T13:30:16 - [TEST_STEP][PASSED] - setValueToCellByIndex(sheet01, n, 6, y): null

03-03-2025T13:30:16 - [TEST_STEP][PASSED] - setValueToCellByIndex(sheet01, n, 7, todaysDate): null

03-03-2025T13:30:16 - [TEST_STEP][PASSED] - n = n + 1: null

03-03-2025T13:30:16 - [TEST_STEP][PASSED] - saveWorkbook(excelFilePath, workbook01): null

03-03-2025T13:30:17 - [TEST_STEP][PASSED] - if (planFact == 2): null

03-03-2025T13:30:17 - [TEST_STEP][PASSED] - if (planFact == 1): null

03-03-2025T13:30:17 - [TEST_STEP][PASSED] - else if (planFact == 2): null

03-03-2025T13:30:17 - [TEST_STEP][PASSED] - click(findTestObject("Выполнение бизнес-плана/Кнопка План")): Object: 'Object Repository/Выполнение бизнес-плана/Кнопка План' is clicked on

03-03-2025T13:30:17 - [MESSAGE][PASSED] - Object: 'Object Repository/Выполнение бизнес-плана/Кнопка План' is clicked on

03-03-2025T13:30:17 - [TEST_STEP][PASSED] - typeOfDataMain = "План": null

03-03-2025T13:30:17 - [TEST_STEP][PASSED] - otpusk = findTestData("PlanFact").getValue(2, a): null

03-03-2025T13:30:17 - [TEST_STEP][PASSED] - poteri = findTestData("PlanFact").getValue(3, a): null

03-03-2025T13:30:17 - [TEST_STEP][PASSED] - otpusk = otpusk.replaceAll("\s+", ""): null

03-03-2025T13:30:17 - [TEST_STEP][PASSED] - poteri = poteri.replaceAll("\s+", ""): null

03-03-2025T13:30:17 - [TEST_STEP][PASSED] - typeOfData = typeOfDataMain + " Отпуск в сеть": null

03-03-2025T13:30:17 - [TEST_STEP][PASSED] - if (a == 82): null

03-03-2025T13:30:17 - [TEST_STEP][PASSED] - else if (a == 84): null

03-03-2025T13:30:17 - [TEST_STEP][PASSED] - else if (a == 83 || a == 52 || a == 72 || a == 28 || a == 73 || a == 77 || a == 74 || a == 65 || a == 36 || a == 44 || a == 53 || a == 80 || a == 54 || a == 1 || a == 18 || a == 59 || a == 81): null

03-03-2025T13:30:17 - [TEST_STEP][PASSED] - else: null

03-03-2025T13:30:17 - [TEST_STEP][PASSED] - path = dataFolder + typeOfData + " за отчётный период " + b: null

03-03-2025T13:30:17 - [TEST_STEP][PASSED] - println(path): null

03-03-2025T13:30:17 - [TEST_STEP][PASSED] - page = getText(findTestObject(path)): Text of object 'Object Repository/Выполнение бизнес-плана/Значения со страницы Выполнение бизнес-плана/План Отпуск в сеть за отчётный период Дагэнерго' is: '959 656'

03-03-2025T13:30:17 - [MESSAGE][PASSED] - Text of object 'Object Repository/Выполнение бизнес-плана/Значения со страницы Выполнение бизнес-плана/План Отпуск в сеть за отчётный период Дагэнерго' is: '959 656'

03-03-2025T13:30:17 - [TEST_STEP][PASSED] - if (page == "" || page == null): null

03-03-2025T13:30:17 - [TEST_STEP][PASSED] - else: null

03-03-2025T13:30:17 - [TEST_STEP][PASSED] - page = page.replaceAll("\s+", ""): null

03-03-2025T13:30:17 - [TEST_STEP][PASSED] - fileOtpuskVSet = otpusk.toInteger(): null

03-03-2025T13:30:17 - [TEST_STEP][PASSED] - pageOtpuskVSet = page.toInteger(): null

03-03-2025T13:30:17 - [TEST_STEP][PASSED] - typeOfData = typeOfDataMain + " Потери": null

03-03-2025T13:30:17 - [TEST_STEP][PASSED] - if (a == 82): null

03-03-2025T13:30:17 - [TEST_STEP][PASSED] - else if (a == 84): null

03-03-2025T13:30:17 - [TEST_STEP][PASSED] - else if (a == 83 || a == 52 || a == 72 || a == 28 || a == 73 || a == 77 || a == 74 || a == 65 || a == 44 || a == 53 || a == 80 || a == 54 || a == 1 || a == 18 || a == 59 || a == 81): null

03-03-2025T13:30:17 - [TEST_STEP][PASSED] - else: null

03-03-2025T13:30:17 - [TEST_STEP][PASSED] - path = dataFolder + typeOfData + " за отчётный период " + b: null

03-03-2025T13:30:17 - [TEST_STEP][PASSED] - page = getText(findTestObject(path)): Text of object 'Object Repository/Выполнение бизнес-плана/Значения со страницы Выполнение бизнес-плана/План Потери за отчётный период Дагэнерго' is: '443 201'

03-03-2025T13:30:18 - [MESSAGE][PASSED] - Text of object 'Object Repository/Выполнение бизнес-плана/Значения со страницы Выполнение бизнес-плана/План Потери за отчётный период Дагэнерго' is: '443 201'

03-03-2025T13:30:18 - [TEST_STEP][PASSED] - if (page == "" || page == null): null

03-03-2025T13:30:18 - [TEST_STEP][PASSED] - else: null

03-03-2025T13:30:18 - [TEST_STEP][PASSED] - page = page.replaceAll("\s+", ""): null

03-03-2025T13:30:18 - [TEST_STEP][PASSED] - filePoteri = poteri.toInteger(): null

03-03-2025T13:30:18 - [TEST_STEP][PASSED] - pagePoteri = page.toInteger(): null

03-03-2025T13:30:18 - [TEST_STEP][PASSED] - compare = pageOtpuskVSet: null

03-03-2025T13:30:18 - [TEST_STEP][PASSED] - if (pageOtpuskVSet != null): null

03-03-2025T13:30:18 - [TEST_STEP][PASSED] - if (compare == fileOtpuskVSet): null

03-03-2025T13:30:18 - [TEST_STEP][PASSED] - else if (compare > fileOtpuskVSet): null

03-03-2025T13:30:18 - [TEST_STEP][PASSED] - else if (compare < fileOtpuskVSet): null

03-03-2025T13:30:18 - [TEST_STEP][PASSED] - compare = compare + 1: null

03-03-2025T13:30:18 - [TEST_STEP][PASSED] - if (compare == fileOtpuskVSet): null

03-03-2025T13:30:18 - [TEST_STEP][PASSED] - else: null

03-03-2025T13:30:18 - [TEST_STEP][PASSED] - numberOfErrors = numberOfErrors + 1: null

03-03-2025T13:30:18 - [TEST_STEP][PASSED] - pageInt = pageOtpuskVSet: null

03-03-2025T13:30:18 - [TEST_STEP][PASSED] - fileInt = fileOtpuskVSet: null

03-03-2025T13:30:18 - [TEST_STEP][PASSED] - typeOfData = typeOfDataMain + " Отпуск в сеть": null

03-03-2025T13:30:18 - [TEST_STEP][PASSED] - Script1718980020443.WriteToExcel(a, typeOfData, todaysDate, pageInt, fileInt, pageDouble, fileDouble, dZO): null

03-03-2025T13:30:18 - [TEST_STEP][PASSED] - sheetName = "Sheet1": null

03-03-2025T13:30:18 - [TEST_STEP][PASSED] - data = findTestData("PlanFact"): null

03-03-2025T13:30:18 - [TEST_STEP][PASSED] - n = data.getRowNumbers() + 1: null

03-03-2025T13:30:18 - [TEST_STEP][PASSED] - day = ")).toInteger(): null

03-03-2025T13:30:18 - [TEST_STEP][PASSED] - println(day): null

03-03-2025T13:30:18 - [TEST_STEP][PASSED] - month = ")).toInteger(): null

03-03-2025T13:30:18 - [TEST_STEP][PASSED] - println(month): null

03-03-2025T13:30:18 - [TEST_STEP][PASSED] - y = <not implemented yet for class: org.codehaus.groovy.ast.expr.EmptyExpression>: null

03-03-2025T13:30:18 - [TEST_STEP][PASSED] - iy = <not implemented yet for class: org.codehaus.groovy.ast.expr.EmptyExpression>: null

03-03-2025T13:30:18 - [TEST_STEP][PASSED] - m = getText(findTestObject("Выполнение бизнес-плана/Период")): Text of object 'Object Repository/Выполнение бизнес-плана/Период' is: '2024 год'

03-03-2025T13:30:18 - [MESSAGE][PASSED] - Text of object 'Object Repository/Выполнение бизнес-плана/Период' is: '2024 год'

03-03-2025T13:30:18 - [TEST_STEP][PASSED] - iy = m.indexOf("20"): null

03-03-2025T13:30:18 - [TEST_STEP][PASSED] - if (iy > -1): null

03-03-2025T13:30:18 - [TEST_STEP][PASSED] - y = substring(iy, iy + 4).toInteger(): null

03-03-2025T13:30:18 - [TEST_STEP][PASSED] - println(y): null

03-03-2025T13:30:18 - [TEST_STEP][PASSED] - if (toString().length() == 4): null

03-03-2025T13:30:18 - [TEST_STEP][PASSED] - m = m.substring(0, m.indexOf(y.toString())): null

03-03-2025T13:30:18 - [TEST_STEP][PASSED] - m = m.trim(): null

03-03-2025T13:30:18 - [TEST_STEP][PASSED] - if (m == ""): null

03-03-2025T13:30:18 - [TEST_STEP][PASSED] - m = "весь год": null

03-03-2025T13:30:18 - [TEST_STEP][PASSED] - dashboardName = "Выполнение бизнес-плана": null

03-03-2025T13:30:18 - [TEST_STEP][PASSED] - workbook01 = getWorkbook(excelFilePath): null

03-03-2025T13:30:18 - [TEST_STEP][PASSED] - sheet01 = getExcelSheet(workbook01, sheetName): null

03-03-2025T13:30:18 - [TEST_STEP][PASSED] - setValueToCellByIndex(sheet01, n, 0, dashboardName): null

03-03-2025T13:30:18 - [TEST_STEP][PASSED] - setValueToCellByIndex(sheet01, n, 1, dZO): null

03-03-2025T13:30:18 - [TEST_STEP][PASSED] - setValueToCellByIndex(sheet01, n, 2, typeOfData): null

03-03-2025T13:30:18 - [TEST_STEP][PASSED] - if (typeOfData == "Факт в процентах" || typeOfData == "План в процентах"): null

03-03-2025T13:30:18 - [TEST_STEP][PASSED] - else: null

03-03-2025T13:30:18 - [TEST_STEP][PASSED] - setValueToCellByIndex(sheet01, n, 3, fileInt): null

03-03-2025T13:30:18 - [TEST_STEP][PASSED] - setValueToCellByIndex(sheet01, n, 4, pageInt): null

03-03-2025T13:30:18 - [TEST_STEP][PASSED] - setValueToCellByIndex(sheet01, n, 5, m): null

03-03-2025T13:30:18 - [TEST_STEP][PASSED] - setValueToCellByIndex(sheet01, n, 6, y): null

03-03-2025T13:30:18 - [TEST_STEP][PASSED] - setValueToCellByIndex(sheet01, n, 7, todaysDate): null

03-03-2025T13:30:18 - [TEST_STEP][PASSED] - n = n + 1: null

03-03-2025T13:30:18 - [TEST_STEP][PASSED] - saveWorkbook(excelFilePath, workbook01): null

03-03-2025T13:30:18 - [TEST_STEP][PASSED] - compare = pagePoteri: null

03-03-2025T13:30:18 - [TEST_STEP][PASSED] - if (pageOtpuskVSet != null): null

03-03-2025T13:30:18 - [TEST_STEP][PASSED] - if (compare == filePoteri): null

03-03-2025T13:30:18 - [TEST_STEP][PASSED] - else if (compare > filePoteri): null

03-03-2025T13:30:18 - [TEST_STEP][PASSED] - else if (compare < filePoteri): null

03-03-2025T13:30:18 - [TEST_STEP][PASSED] - compare = compare + 1: null

03-03-2025T13:30:18 - [TEST_STEP][PASSED] - if (compare == filePoteri): null

03-03-2025T13:30:18 - [TEST_STEP][PASSED] - else: null

03-03-2025T13:30:18 - [TEST_STEP][PASSED] - numberOfErrors = numberOfErrors + 1: null

03-03-2025T13:30:18 - [TEST_STEP][PASSED] - pageInt = pagePoteri: null

03-03-2025T13:30:18 - [TEST_STEP][PASSED] - fileInt = filePoteri: null

03-03-2025T13:30:18 - [TEST_STEP][PASSED] - typeOfData = typeOfDataMain + " Потери": null

03-03-2025T13:30:18 - [TEST_STEP][PASSED] - Script1718980020443.WriteToExcel(a, typeOfData, todaysDate, pageInt, fileInt, pageDouble, fileDouble, dZO): null

03-03-2025T13:30:18 - [TEST_STEP][PASSED] - sheetName = "Sheet1": null

03-03-2025T13:30:18 - [TEST_STEP][PASSED] - data = findTestData("PlanFact"): null

03-03-2025T13:30:18 - [TEST_STEP][PASSED] - n = data.getRowNumbers() + 1: null

03-03-2025T13:30:18 - [TEST_STEP][PASSED] - day = ")).toInteger(): null

03-03-2025T13:30:18 - [TEST_STEP][PASSED] - println(day): null

03-03-2025T13:30:18 - [TEST_STEP][PASSED] - month = ")).toInteger(): null

03-03-2025T13:30:18 - [TEST_STEP][PASSED] - println(month): null

03-03-2025T13:30:18 - [TEST_STEP][PASSED] - y = <not implemented yet for class: org.codehaus.groovy.ast.expr.EmptyExpression>: null

03-03-2025T13:30:18 - [TEST_STEP][PASSED] - iy = <not implemented yet for class: org.codehaus.groovy.ast.expr.EmptyExpression>: null

03-03-2025T13:30:18 - [TEST_STEP][PASSED] - m = getText(findTestObject("Выполнение бизнес-плана/Период")): Text of object 'Object Repository/Выполнение бизнес-плана/Период' is: '2024 год'

03-03-2025T13:30:19 - [MESSAGE][PASSED] - Text of object 'Object Repository/Выполнение бизнес-плана/Период' is: '2024 год'

03-03-2025T13:30:19 - [TEST_STEP][PASSED] - iy = m.indexOf("20"): null

03-03-2025T13:30:19 - [TEST_STEP][PASSED] - if (iy > -1): null

03-03-2025T13:30:19 - [TEST_STEP][PASSED] - y = substring(iy, iy + 4).toInteger(): null

03-03-2025T13:30:19 - [TEST_STEP][PASSED] - println(y): null

03-03-2025T13:30:19 - [TEST_STEP][PASSED] - if (toString().length() == 4): null

03-03-2025T13:30:19 - [TEST_STEP][PASSED] - m = m.substring(0, m.indexOf(y.toString())): null

03-03-2025T13:30:19 - [TEST_STEP][PASSED] - m = m.trim(): null

03-03-2025T13:30:19 - [TEST_STEP][PASSED] - if (m == ""): null

03-03-2025T13:30:19 - [TEST_STEP][PASSED] - m = "весь год": null

03-03-2025T13:30:19 - [TEST_STEP][PASSED] - dashboardName = "Выполнение бизнес-плана": null

03-03-2025T13:30:19 - [TEST_STEP][PASSED] - workbook01 = getWorkbook(excelFilePath): null

03-03-2025T13:30:19 - [TEST_STEP][PASSED] - sheet01 = getExcelSheet(workbook01, sheetName): null

03-03-2025T13:30:19 - [TEST_STEP][PASSED] - setValueToCellByIndex(sheet01, n, 0, dashboardName): null

03-03-2025T13:30:19 - [TEST_STEP][PASSED] - setValueToCellByIndex(sheet01, n, 1, dZO): null

03-03-2025T13:30:19 - [TEST_STEP][PASSED] - setValueToCellByIndex(sheet01, n, 2, typeOfData): null

03-03-2025T13:30:19 - [TEST_STEP][PASSED] - if (typeOfData == "Факт в процентах" || typeOfData == "План в процентах"): null

03-03-2025T13:30:19 - [TEST_STEP][PASSED] - else: null

03-03-2025T13:30:19 - [TEST_STEP][PASSED] - setValueToCellByIndex(sheet01, n, 3, fileInt): null

03-03-2025T13:30:19 - [TEST_STEP][PASSED] - setValueToCellByIndex(sheet01, n, 4, pageInt): null

03-03-2025T13:30:19 - [TEST_STEP][PASSED] - setValueToCellByIndex(sheet01, n, 5, m): null

03-03-2025T13:30:19 - [TEST_STEP][PASSED] - setValueToCellByIndex(sheet01, n, 6, y): null

03-03-2025T13:30:19 - [TEST_STEP][PASSED] - setValueToCellByIndex(sheet01, n, 7, todaysDate): null

03-03-2025T13:30:19 - [TEST_STEP][PASSED] - n = n + 1: null

03-03-2025T13:30:19 - [TEST_STEP][PASSED] - saveWorkbook(excelFilePath, workbook01): Object: 'Object Repository/Выполнение бизнес-плана/Кнопка Факт' is clicked on

03-03-2025T13:30:19 - [TEST_STEP][PASSED] - if (planFact == 2): Object: 'Object Repository/Выполнение бизнес-плана/Кнопка Факт' is clicked on

03-03-2025T13:30:19 - [TEST_STEP][PASSED] - click(findTestObject("Выполнение бизнес-плана/Кнопка Факт")): Object: 'Object Repository/Выполнение бизнес-плана/Кнопка Факт' is clicked on

03-03-2025T13:30:19 - [MESSAGE][PASSED] - Object: 'Object Repository/Выполнение бизнес-плана/Кнопка Факт' is clicked on

03-03-2025T13:30:19 - [TEST_STEP][PASSED] - println("a=" + a): null

03-03-2025T13:30:19 - [TEST_STEP][PASSED] - if (a == 84 || a == 82): null

03-03-2025T13:30:19 - [TEST_STEP][PASSED] - else if (a == 83 || a == 52 || a == 72 || a == 28 || a == 73 || a == 77 || a == 74 || a == 65 || a == 36 || a == 44 || a == 53 || a == 80 || a == 54 || a == 1 || a == 18 || a == 59 || a == 81): null

03-03-2025T13:30:19 - [TEST_STEP][PASSED] - else: null

03-03-2025T13:30:19 - [TEST_STEP][PASSED] - page1 = getText(findTestObject("Object Repository/Выполнение бизнес-плана/spanPlan" + filialNum)): Text of object 'Object Repository/Выполнение бизнес-плана/spanPlan1' is: '40.86
|'

03-03-2025T13:30:20 - [MESSAGE][PASSED] - Text of object 'Object Repository/Выполнение бизнес-плана/spanPlan1' is: '40.86
|'

03-03-2025T13:30:20 - [TEST_STEP][PASSED] - page1 = page1.replace("|", ""): null

03-03-2025T13:30:20 - [TEST_STEP][PASSED] - page2 = getText(findTestObject("Object Repository/Выполнение бизнес-плана/spanFact" + filialNum)): Text of object 'Object Repository/Выполнение бизнес-плана/spanFact1' is: '49.15
|'

03-03-2025T13:30:20 - [MESSAGE][PASSED] - Text of object 'Object Repository/Выполнение бизнес-плана/spanFact1' is: '49.15
|'

03-03-2025T13:30:20 - [TEST_STEP][PASSED] - page2 = page2.replace("|", ""): null

03-03-2025T13:30:20 - [TEST_STEP][PASSED] - println("page1: " + page1): null

03-03-2025T13:30:20 - [TEST_STEP][PASSED] - println("page2: " + page2): null

03-03-2025T13:30:20 - [TEST_STEP][PASSED] - file = findTestData("PlanFact").getValue(4, a): null

03-03-2025T13:30:20 - [TEST_STEP][PASSED] - file = file.replace(",", "."): null

03-03-2025T13:30:20 - [TEST_STEP][PASSED] - println("file Plan: " + file): null

03-03-2025T13:30:20 - [TEST_STEP][PASSED] - typeOfData = "План в процентах": null

03-03-2025T13:30:20 - [TEST_STEP][PASSED] - fileDouble = file.toDouble(): null

03-03-2025T13:30:20 - [TEST_STEP][PASSED] - pageDouble = page1.toDouble(): null

03-03-2025T13:30:20 - [TEST_STEP][PASSED] - if (fileDouble != pageDouble): null

03-03-2025T13:30:20 - [TEST_STEP][PASSED] - numberOfErrors = numberOfErrors + 1: null

03-03-2025T13:30:20 - [TEST_STEP][PASSED] - Script1718980020443.WriteToExcel(a, typeOfData, todaysDate, pageInt, fileInt, pageDouble, fileDouble, dZO): null

03-03-2025T13:30:20 - [TEST_STEP][PASSED] - sheetName = "Sheet1": null

03-03-2025T13:30:20 - [TEST_STEP][PASSED] - data = findTestData("PlanFact"): null

03-03-2025T13:30:20 - [TEST_STEP][PASSED] - n = data.getRowNumbers() + 1: null

03-03-2025T13:30:20 - [TEST_STEP][PASSED] - day = ")).toInteger(): null

03-03-2025T13:30:20 - [TEST_STEP][PASSED] - println(day): null

03-03-2025T13:30:20 - [TEST_STEP][PASSED] - month = ")).toInteger(): null

03-03-2025T13:30:20 - [TEST_STEP][PASSED] - println(month): null

03-03-2025T13:30:20 - [TEST_STEP][PASSED] - y = <not implemented yet for class: org.codehaus.groovy.ast.expr.EmptyExpression>: null

03-03-2025T13:30:20 - [TEST_STEP][PASSED] - iy = <not implemented yet for class: org.codehaus.groovy.ast.expr.EmptyExpression>: null

03-03-2025T13:30:20 - [TEST_STEP][PASSED] - m = getText(findTestObject("Выполнение бизнес-плана/Период")): Text of object 'Object Repository/Выполнение бизнес-плана/Период' is: '2024 год'

03-03-2025T13:30:20 - [MESSAGE][PASSED] - Text of object 'Object Repository/Выполнение бизнес-плана/Период' is: '2024 год'

03-03-2025T13:30:20 - [TEST_STEP][PASSED] - iy = m.indexOf("20"): null

03-03-2025T13:30:20 - [TEST_STEP][PASSED] - if (iy > -1): null

03-03-2025T13:30:20 - [TEST_STEP][PASSED] - y = substring(iy, iy + 4).toInteger(): null

03-03-2025T13:30:20 - [TEST_STEP][PASSED] - println(y): null

03-03-2025T13:30:20 - [TEST_STEP][PASSED] - if (toString().length() == 4): null

03-03-2025T13:30:20 - [TEST_STEP][PASSED] - m = m.substring(0, m.indexOf(y.toString())): null

03-03-2025T13:30:20 - [TEST_STEP][PASSED] - m = m.trim(): null

03-03-2025T13:30:20 - [TEST_STEP][PASSED] - if (m == ""): null

03-03-2025T13:30:20 - [TEST_STEP][PASSED] - m = "весь год": null

03-03-2025T13:30:20 - [TEST_STEP][PASSED] - dashboardName = "Выполнение бизнес-плана": null

03-03-2025T13:30:20 - [TEST_STEP][PASSED] - workbook01 = getWorkbook(excelFilePath): null

03-03-2025T13:30:20 - [TEST_STEP][PASSED] - sheet01 = getExcelSheet(workbook01, sheetName): null

03-03-2025T13:30:20 - [TEST_STEP][PASSED] - setValueToCellByIndex(sheet01, n, 0, dashboardName): null

03-03-2025T13:30:20 - [TEST_STEP][PASSED] - setValueToCellByIndex(sheet01, n, 1, dZO): null

03-03-2025T13:30:20 - [TEST_STEP][PASSED] - setValueToCellByIndex(sheet01, n, 2, typeOfData): null

03-03-2025T13:30:20 - [TEST_STEP][PASSED] - if (typeOfData == "Факт в процентах" || typeOfData == "План в процентах"): null

03-03-2025T13:30:20 - [TEST_STEP][PASSED] - setValueToCellByIndex(sheet01, n, 3, fileDouble): null

03-03-2025T13:30:20 - [TEST_STEP][PASSED] - setValueToCellByIndex(sheet01, n, 4, pageDouble): null

03-03-2025T13:30:20 - [TEST_STEP][PASSED] - setValueToCellByIndex(sheet01, n, 5, m): null

03-03-2025T13:30:20 - [TEST_STEP][PASSED] - setValueToCellByIndex(sheet01, n, 6, y): null

03-03-2025T13:30:20 - [TEST_STEP][PASSED] - setValueToCellByIndex(sheet01, n, 7, todaysDate): null

03-03-2025T13:30:20 - [TEST_STEP][PASSED] - n = n + 1: null

03-03-2025T13:30:20 - [TEST_STEP][PASSED] - saveWorkbook(excelFilePath, workbook01): null

03-03-2025T13:30:21 - [TEST_STEP][PASSED] - file = findTestData("PlanFact").getValue(7, a): null

03-03-2025T13:30:21 - [TEST_STEP][PASSED] - file = file.replace(",", "."): null

03-03-2025T13:30:21 - [TEST_STEP][PASSED] - println("file Fact: " + file): null

03-03-2025T13:30:21 - [TEST_STEP][PASSED] - fileDouble = file.toDouble(): null

03-03-2025T13:30:21 - [TEST_STEP][PASSED] - typeOfData = "Факт в процентах": null

03-03-2025T13:30:21 - [TEST_STEP][PASSED] - fileDouble = file.toDouble(): null

03-03-2025T13:30:21 - [TEST_STEP][PASSED] - pageDouble = page2.toDouble(): null

03-03-2025T13:30:21 - [TEST_STEP][PASSED] - if (fileDouble != pageDouble): null

03-03-2025T13:30:21 - [TEST_STEP][PASSED] - numberOfErrors = numberOfErrors + 1: null

03-03-2025T13:30:21 - [TEST_STEP][PASSED] - Script1718980020443.WriteToExcel(a, typeOfData, todaysDate, pageInt, fileInt, pageDouble, fileDouble, dZO): null

03-03-2025T13:30:21 - [TEST_STEP][PASSED] - sheetName = "Sheet1": null

03-03-2025T13:30:21 - [TEST_STEP][PASSED] - data = findTestData("PlanFact"): null

03-03-2025T13:30:21 - [TEST_STEP][PASSED] - n = data.getRowNumbers() + 1: null

03-03-2025T13:30:21 - [TEST_STEP][PASSED] - day = ")).toInteger(): null

03-03-2025T13:30:21 - [TEST_STEP][PASSED] - println(day): null

03-03-2025T13:30:21 - [TEST_STEP][PASSED] - month = ")).toInteger(): null

03-03-2025T13:30:21 - [TEST_STEP][PASSED] - println(month): null

03-03-2025T13:30:21 - [TEST_STEP][PASSED] - y = <not implemented yet for class: org.codehaus.groovy.ast.expr.EmptyExpression>: null

03-03-2025T13:30:21 - [TEST_STEP][PASSED] - iy = <not implemented yet for class: org.codehaus.groovy.ast.expr.EmptyExpression>: null

03-03-2025T13:30:21 - [TEST_STEP][PASSED] - m = getText(findTestObject("Выполнение бизнес-плана/Период")): Text of object 'Object Repository/Выполнение бизнес-плана/Период' is: '2024 год'

03-03-2025T13:30:21 - [MESSAGE][PASSED] - Text of object 'Object Repository/Выполнение бизнес-плана/Период' is: '2024 год'

03-03-2025T13:30:21 - [TEST_STEP][PASSED] - iy = m.indexOf("20"): null

03-03-2025T13:30:21 - [TEST_STEP][PASSED] - if (iy > -1): null

03-03-2025T13:30:21 - [TEST_STEP][PASSED] - y = substring(iy, iy + 4).toInteger(): null

03-03-2025T13:30:21 - [TEST_STEP][PASSED] - println(y): null

03-03-2025T13:30:21 - [TEST_STEP][PASSED] - if (toString().length() == 4): null

03-03-2025T13:30:21 - [TEST_STEP][PASSED] - m = m.substring(0, m.indexOf(y.toString())): null

03-03-2025T13:30:21 - [TEST_STEP][PASSED] - m = m.trim(): null

03-03-2025T13:30:21 - [TEST_STEP][PASSED] - if (m == ""): null

03-03-2025T13:30:21 - [TEST_STEP][PASSED] - m = "весь год": null

03-03-2025T13:30:21 - [TEST_STEP][PASSED] - dashboardName = "Выполнение бизнес-плана": null

03-03-2025T13:30:21 - [TEST_STEP][PASSED] - workbook01 = getWorkbook(excelFilePath): null

03-03-2025T13:30:21 - [TEST_STEP][PASSED] - sheet01 = getExcelSheet(workbook01, sheetName): null

03-03-2025T13:30:21 - [TEST_STEP][PASSED] - setValueToCellByIndex(sheet01, n, 0, dashboardName): null

03-03-2025T13:30:21 - [TEST_STEP][PASSED] - setValueToCellByIndex(sheet01, n, 1, dZO): null

03-03-2025T13:30:21 - [TEST_STEP][PASSED] - setValueToCellByIndex(sheet01, n, 2, typeOfData): null

03-03-2025T13:30:21 - [TEST_STEP][PASSED] - if (typeOfData == "Факт в процентах" || typeOfData == "План в процентах"): null

03-03-2025T13:30:21 - [TEST_STEP][PASSED] - setValueToCellByIndex(sheet01, n, 3, fileDouble): null

03-03-2025T13:30:21 - [TEST_STEP][PASSED] - setValueToCellByIndex(sheet01, n, 4, pageDouble): null

03-03-2025T13:30:21 - [TEST_STEP][PASSED] - setValueToCellByIndex(sheet01, n, 5, m): null

03-03-2025T13:30:21 - [TEST_STEP][PASSED] - setValueToCellByIndex(sheet01, n, 6, y): null

03-03-2025T13:30:21 - [TEST_STEP][PASSED] - setValueToCellByIndex(sheet01, n, 7, todaysDate): null

03-03-2025T13:30:21 - [TEST_STEP][PASSED] - n = n + 1: null

03-03-2025T13:30:21 - [TEST_STEP][PASSED] - saveWorkbook(excelFilePath, workbook01): null

03-03-2025T13:30:21 - [TEST_STEP][FAILED] - if (verifyEqual(numberOfErrors, 0) == false): null

03-03-2025T13:30:21 - [MESSAGE][FAILED] - Unable to verify equal between actual object '6' and expected object '0' (Root cause: com.kms.katalon.core.exception.StepFailedException: Actual object '6' and expected object '0' are not equal
	at com.kms.katalon.core.keyword.builtin.VerifyEqualKeyword$_verifyEqual_closure1.doCall(VerifyEqualKeyword.groovy:58)
	at com.kms.katalon.core.keyword.builtin.VerifyEqualKeyword$_verifyEqual_closure1.call(VerifyEqualKeyword.groovy)
	at com.kms.katalon.core.keyword.internal.KeywordMain.runKeyword(KeywordMain.groovy:75)
	at com.kms.katalon.core.keyword.builtin.VerifyEqualKeyword.verifyEqual(VerifyEqualKeyword.groovy:63)
	at com.kms.katalon.core.keyword.builtin.VerifyEqualKeyword.execute(VerifyEqualKeyword.groovy:44)
	at com.kms.katalon.core.keyword.internal.KeywordExecutor.executeKeywordForPlatform(KeywordExecutor.groovy:74)
	at com.kms.katalon.core.keyword.BuiltinKeywords.verifyEqual(BuiltinKeywords.groovy:146)
	at jdk.internal.reflect.GeneratedMethodAccessor24.invoke(Unknown Source)
	at java.base/jdk.internal.reflect.DelegatingMethodAccessorImpl.invoke(DelegatingMethodAccessorImpl.java:43)
	at Выполнение бизнес-плана Сверка ПАО Россети все филиалы.Numbers(Выполнение бизнес-плана Сверка ПАО Россети все филиалы:736)
	at Выполнение бизнес-плана Сверка ПАО Россети все филиалы.Filials(Выполнение бизнес-плана Сверка ПАО Россети все филиалы:1079)
	at Выполнение бизнес-плана Сверка ПАО Россети все филиалы.Numbers(Выполнение бизнес-плана Сверка ПАО Россети все филиалы:743)
	at Выполнение бизнес-плана Сверка ПАО Россети все филиалы.run(Выполнение бизнес-плана Сверка ПАО Россети все филиалы:280)
	at com.kms.katalon.core.main.ScriptEngine.run(ScriptEngine.java:194)
	at com.kms.katalon.core.main.ScriptEngine.runScriptAsRawText(ScriptEngine.java:119)
	at com.kms.katalon.core.main.TestCaseExecutor.runScript(TestCaseExecutor.java:448)
	at com.kms.katalon.core.main.TestCaseExecutor.doExecute(TestCaseExecutor.java:439)
	at com.kms.katalon.core.main.TestCaseExecutor.processExecutionPhase(TestCaseExecutor.java:418)
	at com.kms.katalon.core.main.TestCaseExecutor.accessMainPhase(TestCaseExecutor.java:410)
	at com.kms.katalon.core.main.TestCaseExecutor.execute(TestCaseExecutor.java:285)
	at com.kms.katalon.core.common.CommonExecutor.accessTestCaseMainPhase(CommonExecutor.java:65)
	at com.kms.katalon.core.main.TestSuiteExecutor.accessTestSuiteMainPhase(TestSuiteExecutor.java:150)
	at com.kms.katalon.core.main.TestSuiteExecutor.execute(TestSuiteExecutor.java:106)
	at com.kms.katalon.core.main.TestCaseMain.startTestSuite(TestCaseMain.java:180)
	at TempTestSuite1740991900055.run(TempTestSuite1740991900055.groovy:35)
	at java.base/jdk.internal.reflect.NativeMethodAccessorImpl.invoke0(Native Method)
	at java.base/jdk.internal.reflect.NativeMethodAccessorImpl.invoke(NativeMethodAccessorImpl.java:77)
	at java.base/jdk.internal.reflect.DelegatingMethodAccessorImpl.invoke(DelegatingMethodAccessorImpl.java:43)
)

03-03-2025T13:30:21 - [TEST_STEP][PASSED] - println(numberOfErrors): null

03-03-2025T13:30:21 - [TEST_STEP][PASSED] - println("a=" + a): null

03-03-2025T13:30:21 - [TEST_STEP][PASSED] - if (a == 28 || a == 77 || a == 74 || a == 65 || a == 36 || a == 44 || a == 54 || a == 1 || a == 18 || a == 59): null

03-03-2025T13:30:21 - [TEST_STEP][PASSED] - if (a == 82): null

03-03-2025T13:30:21 - [TEST_STEP][PASSED] - dZO = "Ингушэнерго": null

03-03-2025T13:30:21 - [TEST_STEP][PASSED] - a = 70: null

03-03-2025T13:30:21 - [TEST_STEP][PASSED] - if (x2.contains(dZO)): null

03-03-2025T13:30:21 - [TEST_STEP][PASSED] - filialNum = filialNum + 1: null

03-03-2025T13:30:21 - [TEST_STEP][PASSED] - Script1718980020443.Numbers(a, typeOfData, todaysDate, pageInt, fileInt, pageDouble, fileDouble, dZO, dzoNum, filialNum): null

03-03-2025T13:30:21 - [TEST_STEP][PASSED] - println(dzoNum): null

03-03-2025T13:30:21 - [TEST_STEP][PASSED] - planFact = <not implemented yet for class: org.codehaus.groovy.ast.expr.EmptyExpression>: null

03-03-2025T13:30:21 - [TEST_STEP][PASSED] - page = <not implemented yet for class: org.codehaus.groovy.ast.expr.EmptyExpression>: null

03-03-2025T13:30:21 - [TEST_STEP][PASSED] - page1 = <not implemented yet for class: org.codehaus.groovy.ast.expr.EmptyExpression>: null

03-03-2025T13:30:21 - [TEST_STEP][PASSED] - page2 = <not implemented yet for class: org.codehaus.groovy.ast.expr.EmptyExpression>: null

03-03-2025T13:30:21 - [TEST_STEP][PASSED] - filialNumberInRow = <not implemented yet for class: org.codehaus.groovy.ast.expr.EmptyExpression>: null

03-03-2025T13:30:21 - [TEST_STEP][PASSED] - filialsDzoNames = <not implemented yet for class: org.codehaus.groovy.ast.expr.EmptyExpression>: null

03-03-2025T13:30:21 - [TEST_STEP][PASSED] - numberOfFilials = <not implemented yet for class: org.codehaus.groovy.ast.expr.EmptyExpression>: null

03-03-2025T13:30:21 - [TEST_STEP][PASSED] - numberOfSpaces = <not implemented yet for class: org.codehaus.groovy.ast.expr.EmptyExpression>: null

03-03-2025T13:30:21 - [TEST_STEP][PASSED] - file = <not implemented yet for class: org.codehaus.groovy.ast.expr.EmptyExpression>: null

03-03-2025T13:30:21 - [TEST_STEP][PASSED] - otpusk = <not implemented yet for class: org.codehaus.groovy.ast.expr.EmptyExpression>: null

03-03-2025T13:30:21 - [TEST_STEP][PASSED] - poteri = <not implemented yet for class: org.codehaus.groovy.ast.expr.EmptyExpression>: null

03-03-2025T13:30:21 - [TEST_STEP][PASSED] - dataFolder = "Выполнение бизнес-плана/Значения со страницы Выполнение бизнес-плана/": null

03-03-2025T13:30:21 - [TEST_STEP][PASSED] - path = <not implemented yet for class: org.codehaus.groovy.ast.expr.EmptyExpression>: null

03-03-2025T13:30:21 - [TEST_STEP][PASSED] - typeOfDataMain = <not implemented yet for class: org.codehaus.groovy.ast.expr.EmptyExpression>: null

03-03-2025T13:30:21 - [TEST_STEP][PASSED] - fileOtpuskVSet = <not implemented yet for class: org.codehaus.groovy.ast.expr.EmptyExpression>: null

03-03-2025T13:30:21 - [TEST_STEP][PASSED] - pageOtpuskVSet = <not implemented yet for class: org.codehaus.groovy.ast.expr.EmptyExpression>: null

03-03-2025T13:30:21 - [TEST_STEP][PASSED] - filePoteri = <not implemented yet for class: org.codehaus.groovy.ast.expr.EmptyExpression>: null

03-03-2025T13:30:21 - [TEST_STEP][PASSED] - pagePoteri = <not implemented yet for class: org.codehaus.groovy.ast.expr.EmptyExpression>: null

03-03-2025T13:30:21 - [TEST_STEP][PASSED] - compare = <not implemented yet for class: org.codehaus.groovy.ast.expr.EmptyExpression>: null

03-03-2025T13:30:21 - [TEST_STEP][PASSED] - b = <not implemented yet for class: org.codehaus.groovy.ast.expr.EmptyExpression>: null

03-03-2025T13:30:21 - [TEST_STEP][PASSED] - i = <not implemented yet for class: org.codehaus.groovy.ast.expr.EmptyExpression>: null

03-03-2025T13:30:21 - [TEST_STEP][PASSED] - ii = <not implemented yet for class: org.codehaus.groovy.ast.expr.EmptyExpression>: null

03-03-2025T13:30:21 - [TEST_STEP][PASSED] - c = <not implemented yet for class: org.codehaus.groovy.ast.expr.EmptyExpression>: null

03-03-2025T13:30:21 - [TEST_STEP][PASSED] - numberOfErrors = 0: null

03-03-2025T13:30:21 - [TEST_STEP][PASSED] - if (a == 82): null

03-03-2025T13:30:21 - [TEST_STEP][PASSED] - b = findTestData("PlanFact").getValue(1, a): null

03-03-2025T13:30:21 - [TEST_STEP][PASSED] - i = b.indexOf(" (ГК)"): null

03-03-2025T13:30:21 - [TEST_STEP][PASSED] - if (i > -1): null

03-03-2025T13:30:21 - [TEST_STEP][PASSED] - i = b.indexOf("О ""): null

03-03-2025T13:30:21 - [TEST_STEP][PASSED] - if (i > -1): null

03-03-2025T13:30:21 - [TEST_STEP][PASSED] - i = b.indexOf("О «"): null

03-03-2025T13:30:21 - [TEST_STEP][PASSED] - if (i > -1): null

03-03-2025T13:30:21 - [TEST_STEP][PASSED] - i = b.indexOf("г. "): null

03-03-2025T13:30:21 - [TEST_STEP][PASSED] - if (i > -1): null

03-03-2025T13:30:21 - [TEST_STEP][PASSED] - b = b.trim(): null

03-03-2025T13:30:21 - [TEST_STEP][PASSED] - println(b): null

03-03-2025T13:30:21 - [TEST_STEP][PASSED] - for ([planFact = 1, planFact < 3, (planFact++)]): null

03-03-2025T13:30:21 - [TEST_STEP][PASSED] - if (planFact == 1): null

03-03-2025T13:30:21 - [TEST_STEP][PASSED] - typeOfDataMain = "Факт": null

03-03-2025T13:30:21 - [TEST_STEP][PASSED] - otpusk = findTestData("PlanFact").getValue(5, a): null

03-03-2025T13:30:21 - [TEST_STEP][PASSED] - poteri = findTestData("PlanFact").getValue(6, a): null

03-03-2025T13:30:21 - [TEST_STEP][PASSED] - otpusk = otpusk.replaceAll("\s+", ""): null

03-03-2025T13:30:21 - [TEST_STEP][PASSED] - poteri = poteri.replaceAll("\s+", ""): null

03-03-2025T13:30:21 - [TEST_STEP][PASSED] - typeOfData = typeOfDataMain + " Отпуск в сеть": null

03-03-2025T13:30:21 - [TEST_STEP][PASSED] - if (a == 82): null

03-03-2025T13:30:21 - [TEST_STEP][PASSED] - else if (a == 84): null

03-03-2025T13:30:21 - [TEST_STEP][PASSED] - else if (a == 83 || a == 52 || a == 72 || a == 28 || a == 73 || a == 77 || a == 74 || a == 65 || a == 36 || a == 44 || a == 53 || a == 80 || a == 54 || a == 1 || a == 18 || a == 59 || a == 81): null

03-03-2025T13:30:21 - [TEST_STEP][PASSED] - else: null

03-03-2025T13:30:21 - [TEST_STEP][PASSED] - path = dataFolder + typeOfData + " за отчётный период " + b: null

03-03-2025T13:30:21 - [TEST_STEP][PASSED] - println(path): null

03-03-2025T13:30:21 - [TEST_STEP][PASSED] - page = getText(findTestObject(path)): Text of object 'Object Repository/Выполнение бизнес-плана/Значения со страницы Выполнение бизнес-плана/Факт Отпуск в сеть за отчётный период Ингушэнерго' is: '117 803'

03-03-2025T13:30:22 - [MESSAGE][PASSED] - Text of object 'Object Repository/Выполнение бизнес-плана/Значения со страницы Выполнение бизнес-плана/Факт Отпуск в сеть за отчётный период Ингушэнерго' is: '117 803'

03-03-2025T13:30:22 - [TEST_STEP][PASSED] - if (page == "" || page == null): null

03-03-2025T13:30:22 - [TEST_STEP][PASSED] - else: null

03-03-2025T13:30:22 - [TEST_STEP][PASSED] - page = page.replaceAll("\s+", ""): null

03-03-2025T13:30:22 - [TEST_STEP][PASSED] - fileOtpuskVSet = otpusk.toInteger(): null

03-03-2025T13:30:22 - [TEST_STEP][PASSED] - pageOtpuskVSet = page.toInteger(): null

03-03-2025T13:30:22 - [TEST_STEP][PASSED] - typeOfData = typeOfDataMain + " Потери": null

03-03-2025T13:30:22 - [TEST_STEP][PASSED] - if (a == 82): null

03-03-2025T13:30:22 - [TEST_STEP][PASSED] - else if (a == 84): null

03-03-2025T13:30:22 - [TEST_STEP][PASSED] - else if (a == 83 || a == 52 || a == 72 || a == 28 || a == 73 || a == 77 || a == 74 || a == 65 || a == 44 || a == 53 || a == 80 || a == 54 || a == 1 || a == 18 || a == 59 || a == 81): null

03-03-2025T13:30:22 - [TEST_STEP][PASSED] - else: null

03-03-2025T13:30:22 - [TEST_STEP][PASSED] - path = dataFolder + typeOfData + " за отчётный период " + b: null

03-03-2025T13:30:22 - [TEST_STEP][PASSED] - page = getText(findTestObject(path)): Text of object 'Object Repository/Выполнение бизнес-плана/Значения со страницы Выполнение бизнес-плана/Факт Потери за отчётный период Ингушэнерго' is: '68 898'

03-03-2025T13:30:22 - [MESSAGE][PASSED] - Text of object 'Object Repository/Выполнение бизнес-плана/Значения со страницы Выполнение бизнес-плана/Факт Потери за отчётный период Ингушэнерго' is: '68 898'

03-03-2025T13:30:22 - [TEST_STEP][PASSED] - if (page == "" || page == null): null

03-03-2025T13:30:22 - [TEST_STEP][PASSED] - else: null

03-03-2025T13:30:22 - [TEST_STEP][PASSED] - page = page.replaceAll("\s+", ""): null

03-03-2025T13:30:22 - [TEST_STEP][PASSED] - filePoteri = poteri.toInteger(): null

03-03-2025T13:30:22 - [TEST_STEP][PASSED] - pagePoteri = page.toInteger(): null

03-03-2025T13:30:22 - [TEST_STEP][PASSED] - compare = pageOtpuskVSet: null

03-03-2025T13:30:22 - [TEST_STEP][PASSED] - if (pageOtpuskVSet != null): null

03-03-2025T13:30:22 - [TEST_STEP][PASSED] - if (compare == fileOtpuskVSet): null

03-03-2025T13:30:22 - [TEST_STEP][PASSED] - else if (compare > fileOtpuskVSet): null

03-03-2025T13:30:22 - [TEST_STEP][PASSED] - else if (compare < fileOtpuskVSet): null

03-03-2025T13:30:22 - [TEST_STEP][PASSED] - compare = compare + 1: null

03-03-2025T13:30:22 - [TEST_STEP][PASSED] - if (compare == fileOtpuskVSet): null

03-03-2025T13:30:22 - [TEST_STEP][PASSED] - else: null

03-03-2025T13:30:22 - [TEST_STEP][PASSED] - numberOfErrors = numberOfErrors + 1: null

03-03-2025T13:30:22 - [TEST_STEP][PASSED] - pageInt = pageOtpuskVSet: null

03-03-2025T13:30:22 - [TEST_STEP][PASSED] - fileInt = fileOtpuskVSet: null

03-03-2025T13:30:22 - [TEST_STEP][PASSED] - typeOfData = typeOfDataMain + " Отпуск в сеть": null

03-03-2025T13:30:22 - [TEST_STEP][PASSED] - Script1718980020443.WriteToExcel(a, typeOfData, todaysDate, pageInt, fileInt, pageDouble, fileDouble, dZO): null

03-03-2025T13:30:22 - [TEST_STEP][PASSED] - sheetName = "Sheet1": null

03-03-2025T13:30:22 - [TEST_STEP][PASSED] - data = findTestData("PlanFact"): null

03-03-2025T13:30:22 - [TEST_STEP][PASSED] - n = data.getRowNumbers() + 1: null

03-03-2025T13:30:22 - [TEST_STEP][PASSED] - day = ")).toInteger(): null

03-03-2025T13:30:22 - [TEST_STEP][PASSED] - println(day): null

03-03-2025T13:30:22 - [TEST_STEP][PASSED] - month = ")).toInteger(): null

03-03-2025T13:30:22 - [TEST_STEP][PASSED] - println(month): null

03-03-2025T13:30:22 - [TEST_STEP][PASSED] - y = <not implemented yet for class: org.codehaus.groovy.ast.expr.EmptyExpression>: null

03-03-2025T13:30:22 - [TEST_STEP][PASSED] - iy = <not implemented yet for class: org.codehaus.groovy.ast.expr.EmptyExpression>: null

03-03-2025T13:30:22 - [TEST_STEP][PASSED] - m = getText(findTestObject("Выполнение бизнес-плана/Период")): Text of object 'Object Repository/Выполнение бизнес-плана/Период' is: '2024 год'

03-03-2025T13:30:22 - [MESSAGE][PASSED] - Text of object 'Object Repository/Выполнение бизнес-плана/Период' is: '2024 год'

03-03-2025T13:30:22 - [TEST_STEP][PASSED] - iy = m.indexOf("20"): null

03-03-2025T13:30:22 - [TEST_STEP][PASSED] - if (iy > -1): null

03-03-2025T13:30:22 - [TEST_STEP][PASSED] - y = substring(iy, iy + 4).toInteger(): null

03-03-2025T13:30:22 - [TEST_STEP][PASSED] - println(y): null

03-03-2025T13:30:22 - [TEST_STEP][PASSED] - if (toString().length() == 4): null

03-03-2025T13:30:22 - [TEST_STEP][PASSED] - m = m.substring(0, m.indexOf(y.toString())): null

03-03-2025T13:30:22 - [TEST_STEP][PASSED] - m = m.trim(): null

03-03-2025T13:30:22 - [TEST_STEP][PASSED] - if (m == ""): null

03-03-2025T13:30:22 - [TEST_STEP][PASSED] - m = "весь год": null

03-03-2025T13:30:22 - [TEST_STEP][PASSED] - dashboardName = "Выполнение бизнес-плана": null

03-03-2025T13:30:22 - [TEST_STEP][PASSED] - workbook01 = getWorkbook(excelFilePath): null

03-03-2025T13:30:22 - [TEST_STEP][PASSED] - sheet01 = getExcelSheet(workbook01, sheetName): null

03-03-2025T13:30:22 - [TEST_STEP][PASSED] - setValueToCellByIndex(sheet01, n, 0, dashboardName): null

03-03-2025T13:30:22 - [TEST_STEP][PASSED] - setValueToCellByIndex(sheet01, n, 1, dZO): null

03-03-2025T13:30:22 - [TEST_STEP][PASSED] - setValueToCellByIndex(sheet01, n, 2, typeOfData): null

03-03-2025T13:30:22 - [TEST_STEP][PASSED] - if (typeOfData == "Факт в процентах" || typeOfData == "План в процентах"): null

03-03-2025T13:30:22 - [TEST_STEP][PASSED] - else: null

03-03-2025T13:30:22 - [TEST_STEP][PASSED] - setValueToCellByIndex(sheet01, n, 3, fileInt): null

03-03-2025T13:30:22 - [TEST_STEP][PASSED] - setValueToCellByIndex(sheet01, n, 4, pageInt): null

03-03-2025T13:30:22 - [TEST_STEP][PASSED] - setValueToCellByIndex(sheet01, n, 5, m): null

03-03-2025T13:30:22 - [TEST_STEP][PASSED] - setValueToCellByIndex(sheet01, n, 6, y): null

03-03-2025T13:30:22 - [TEST_STEP][PASSED] - setValueToCellByIndex(sheet01, n, 7, todaysDate): null

03-03-2025T13:30:22 - [TEST_STEP][PASSED] - n = n + 1: null

03-03-2025T13:30:22 - [TEST_STEP][PASSED] - saveWorkbook(excelFilePath, workbook01): null

03-03-2025T13:30:23 - [TEST_STEP][PASSED] - compare = pagePoteri: null

03-03-2025T13:30:23 - [TEST_STEP][PASSED] - if (pageOtpuskVSet != null): null

03-03-2025T13:30:23 - [TEST_STEP][PASSED] - if (compare == filePoteri): null

03-03-2025T13:30:23 - [TEST_STEP][PASSED] - else if (compare > filePoteri): null

03-03-2025T13:30:23 - [TEST_STEP][PASSED] - else if (compare < filePoteri): null

03-03-2025T13:30:23 - [TEST_STEP][PASSED] - compare = compare + 1: null

03-03-2025T13:30:23 - [TEST_STEP][PASSED] - if (compare == filePoteri): null

03-03-2025T13:30:23 - [TEST_STEP][PASSED] - else: null

03-03-2025T13:30:23 - [TEST_STEP][PASSED] - numberOfErrors = numberOfErrors + 1: null

03-03-2025T13:30:23 - [TEST_STEP][PASSED] - pageInt = pagePoteri: null

03-03-2025T13:30:23 - [TEST_STEP][PASSED] - fileInt = filePoteri: null

03-03-2025T13:30:23 - [TEST_STEP][PASSED] - typeOfData = typeOfDataMain + " Потери": null

03-03-2025T13:30:23 - [TEST_STEP][PASSED] - Script1718980020443.WriteToExcel(a, typeOfData, todaysDate, pageInt, fileInt, pageDouble, fileDouble, dZO): null

03-03-2025T13:30:23 - [TEST_STEP][PASSED] - sheetName = "Sheet1": null

03-03-2025T13:30:23 - [TEST_STEP][PASSED] - data = findTestData("PlanFact"): null

03-03-2025T13:30:23 - [TEST_STEP][PASSED] - n = data.getRowNumbers() + 1: null

03-03-2025T13:30:23 - [TEST_STEP][PASSED] - day = ")).toInteger(): null

03-03-2025T13:30:23 - [TEST_STEP][PASSED] - println(day): null

03-03-2025T13:30:23 - [TEST_STEP][PASSED] - month = ")).toInteger(): null

03-03-2025T13:30:23 - [TEST_STEP][PASSED] - println(month): null

03-03-2025T13:30:23 - [TEST_STEP][PASSED] - y = <not implemented yet for class: org.codehaus.groovy.ast.expr.EmptyExpression>: null

03-03-2025T13:30:23 - [TEST_STEP][PASSED] - iy = <not implemented yet for class: org.codehaus.groovy.ast.expr.EmptyExpression>: null

03-03-2025T13:30:23 - [TEST_STEP][PASSED] - m = getText(findTestObject("Выполнение бизнес-плана/Период")): Text of object 'Object Repository/Выполнение бизнес-плана/Период' is: '2024 год'

03-03-2025T13:30:23 - [MESSAGE][PASSED] - Text of object 'Object Repository/Выполнение бизнес-плана/Период' is: '2024 год'

03-03-2025T13:30:23 - [TEST_STEP][PASSED] - iy = m.indexOf("20"): null

03-03-2025T13:30:23 - [TEST_STEP][PASSED] - if (iy > -1): null

03-03-2025T13:30:23 - [TEST_STEP][PASSED] - y = substring(iy, iy + 4).toInteger(): null

03-03-2025T13:30:23 - [TEST_STEP][PASSED] - println(y): null

03-03-2025T13:30:23 - [TEST_STEP][PASSED] - if (toString().length() == 4): null

03-03-2025T13:30:23 - [TEST_STEP][PASSED] - m = m.substring(0, m.indexOf(y.toString())): null

03-03-2025T13:30:23 - [TEST_STEP][PASSED] - m = m.trim(): null

03-03-2025T13:30:23 - [TEST_STEP][PASSED] - if (m == ""): null

03-03-2025T13:30:23 - [TEST_STEP][PASSED] - m = "весь год": null

03-03-2025T13:30:23 - [TEST_STEP][PASSED] - dashboardName = "Выполнение бизнес-плана": null

03-03-2025T13:30:23 - [TEST_STEP][PASSED] - workbook01 = getWorkbook(excelFilePath): null

03-03-2025T13:30:23 - [TEST_STEP][PASSED] - sheet01 = getExcelSheet(workbook01, sheetName): null

03-03-2025T13:30:23 - [TEST_STEP][PASSED] - setValueToCellByIndex(sheet01, n, 0, dashboardName): null

03-03-2025T13:30:23 - [TEST_STEP][PASSED] - setValueToCellByIndex(sheet01, n, 1, dZO): null

03-03-2025T13:30:23 - [TEST_STEP][PASSED] - setValueToCellByIndex(sheet01, n, 2, typeOfData): null

03-03-2025T13:30:23 - [TEST_STEP][PASSED] - if (typeOfData == "Факт в процентах" || typeOfData == "План в процентах"): null

03-03-2025T13:30:23 - [TEST_STEP][PASSED] - else: null

03-03-2025T13:30:23 - [TEST_STEP][PASSED] - setValueToCellByIndex(sheet01, n, 3, fileInt): null

03-03-2025T13:30:23 - [TEST_STEP][PASSED] - setValueToCellByIndex(sheet01, n, 4, pageInt): null

03-03-2025T13:30:23 - [TEST_STEP][PASSED] - setValueToCellByIndex(sheet01, n, 5, m): null

03-03-2025T13:30:23 - [TEST_STEP][PASSED] - setValueToCellByIndex(sheet01, n, 6, y): null

03-03-2025T13:30:23 - [TEST_STEP][PASSED] - setValueToCellByIndex(sheet01, n, 7, todaysDate): null

03-03-2025T13:30:23 - [TEST_STEP][PASSED] - n = n + 1: null

03-03-2025T13:30:23 - [TEST_STEP][PASSED] - saveWorkbook(excelFilePath, workbook01): null

03-03-2025T13:30:23 - [TEST_STEP][PASSED] - if (planFact == 2): null

03-03-2025T13:30:23 - [TEST_STEP][PASSED] - if (planFact == 1): null

03-03-2025T13:30:23 - [TEST_STEP][PASSED] - else if (planFact == 2): null

03-03-2025T13:30:23 - [TEST_STEP][PASSED] - click(findTestObject("Выполнение бизнес-плана/Кнопка План")): Object: 'Object Repository/Выполнение бизнес-плана/Кнопка План' is clicked on

03-03-2025T13:30:24 - [MESSAGE][PASSED] - Object: 'Object Repository/Выполнение бизнес-плана/Кнопка План' is clicked on

03-03-2025T13:30:24 - [TEST_STEP][PASSED] - typeOfDataMain = "План": null

03-03-2025T13:30:24 - [TEST_STEP][PASSED] - otpusk = findTestData("PlanFact").getValue(2, a): null

03-03-2025T13:30:24 - [TEST_STEP][PASSED] - poteri = findTestData("PlanFact").getValue(3, a): null

03-03-2025T13:30:24 - [TEST_STEP][PASSED] - otpusk = otpusk.replaceAll("\s+", ""): null

03-03-2025T13:30:24 - [TEST_STEP][PASSED] - poteri = poteri.replaceAll("\s+", ""): null

03-03-2025T13:30:24 - [TEST_STEP][PASSED] - typeOfData = typeOfDataMain + " Отпуск в сеть": null

03-03-2025T13:30:24 - [TEST_STEP][PASSED] - if (a == 82): null

03-03-2025T13:30:24 - [TEST_STEP][PASSED] - else if (a == 84): null

03-03-2025T13:30:24 - [TEST_STEP][PASSED] - else if (a == 83 || a == 52 || a == 72 || a == 28 || a == 73 || a == 77 || a == 74 || a == 65 || a == 36 || a == 44 || a == 53 || a == 80 || a == 54 || a == 1 || a == 18 || a == 59 || a == 81): null

03-03-2025T13:30:24 - [TEST_STEP][PASSED] - else: null

03-03-2025T13:30:24 - [TEST_STEP][PASSED] - path = dataFolder + typeOfData + " за отчётный период " + b: null

03-03-2025T13:30:24 - [TEST_STEP][PASSED] - println(path): null

03-03-2025T13:30:24 - [TEST_STEP][PASSED] - page = getText(findTestObject(path)): Text of object 'Object Repository/Выполнение бизнес-плана/Значения со страницы Выполнение бизнес-плана/План Отпуск в сеть за отчётный период Ингушэнерго' is: '103 951'

03-03-2025T13:30:24 - [MESSAGE][PASSED] - Text of object 'Object Repository/Выполнение бизнес-плана/Значения со страницы Выполнение бизнес-плана/План Отпуск в сеть за отчётный период Ингушэнерго' is: '103 951'

03-03-2025T13:30:24 - [TEST_STEP][PASSED] - if (page == "" || page == null): null

03-03-2025T13:30:24 - [TEST_STEP][PASSED] - else: null

03-03-2025T13:30:24 - [TEST_STEP][PASSED] - page = page.replaceAll("\s+", ""): null

03-03-2025T13:30:24 - [TEST_STEP][PASSED] - fileOtpuskVSet = otpusk.toInteger(): null

03-03-2025T13:30:24 - [TEST_STEP][PASSED] - pageOtpuskVSet = page.toInteger(): null

03-03-2025T13:30:24 - [TEST_STEP][PASSED] - typeOfData = typeOfDataMain + " Потери": null

03-03-2025T13:30:24 - [TEST_STEP][PASSED] - if (a == 82): null

03-03-2025T13:30:24 - [TEST_STEP][PASSED] - else if (a == 84): null

03-03-2025T13:30:24 - [TEST_STEP][PASSED] - else if (a == 83 || a == 52 || a == 72 || a == 28 || a == 73 || a == 77 || a == 74 || a == 65 || a == 44 || a == 53 || a == 80 || a == 54 || a == 1 || a == 18 || a == 59 || a == 81): null

03-03-2025T13:30:24 - [TEST_STEP][PASSED] - else: null

03-03-2025T13:30:24 - [TEST_STEP][PASSED] - path = dataFolder + typeOfData + " за отчётный период " + b: null

03-03-2025T13:30:24 - [TEST_STEP][PASSED] - page = getText(findTestObject(path)): Text of object 'Object Repository/Выполнение бизнес-плана/Значения со страницы Выполнение бизнес-плана/План Потери за отчётный период Ингушэнерго' is: '50 122'

03-03-2025T13:30:24 - [MESSAGE][PASSED] - Text of object 'Object Repository/Выполнение бизнес-плана/Значения со страницы Выполнение бизнес-плана/План Потери за отчётный период Ингушэнерго' is: '50 122'

03-03-2025T13:30:24 - [TEST_STEP][PASSED] - if (page == "" || page == null): null

03-03-2025T13:30:24 - [TEST_STEP][PASSED] - else: null

03-03-2025T13:30:24 - [TEST_STEP][PASSED] - page = page.replaceAll("\s+", ""): null

03-03-2025T13:30:24 - [TEST_STEP][PASSED] - filePoteri = poteri.toInteger(): null

03-03-2025T13:30:24 - [TEST_STEP][PASSED] - pagePoteri = page.toInteger(): null

03-03-2025T13:30:24 - [TEST_STEP][PASSED] - compare = pageOtpuskVSet: null

03-03-2025T13:30:24 - [TEST_STEP][PASSED] - if (pageOtpuskVSet != null): null

03-03-2025T13:30:24 - [TEST_STEP][PASSED] - if (compare == fileOtpuskVSet): null

03-03-2025T13:30:24 - [TEST_STEP][PASSED] - else if (compare > fileOtpuskVSet): null

03-03-2025T13:30:24 - [TEST_STEP][PASSED] - else if (compare < fileOtpuskVSet): null

03-03-2025T13:30:24 - [TEST_STEP][PASSED] - compare = compare + 1: null

03-03-2025T13:30:24 - [TEST_STEP][PASSED] - if (compare == fileOtpuskVSet): null

03-03-2025T13:30:24 - [TEST_STEP][PASSED] - else: null

03-03-2025T13:30:24 - [TEST_STEP][PASSED] - numberOfErrors = numberOfErrors + 1: null

03-03-2025T13:30:24 - [TEST_STEP][PASSED] - pageInt = pageOtpuskVSet: null

03-03-2025T13:30:24 - [TEST_STEP][PASSED] - fileInt = fileOtpuskVSet: null

03-03-2025T13:30:24 - [TEST_STEP][PASSED] - typeOfData = typeOfDataMain + " Отпуск в сеть": null

03-03-2025T13:30:24 - [TEST_STEP][PASSED] - Script1718980020443.WriteToExcel(a, typeOfData, todaysDate, pageInt, fileInt, pageDouble, fileDouble, dZO): null

03-03-2025T13:30:24 - [TEST_STEP][PASSED] - sheetName = "Sheet1": null

03-03-2025T13:30:24 - [TEST_STEP][PASSED] - data = findTestData("PlanFact"): null

03-03-2025T13:30:24 - [TEST_STEP][PASSED] - n = data.getRowNumbers() + 1: null

03-03-2025T13:30:24 - [TEST_STEP][PASSED] - day = ")).toInteger(): null

03-03-2025T13:30:24 - [TEST_STEP][PASSED] - println(day): null

03-03-2025T13:30:24 - [TEST_STEP][PASSED] - month = ")).toInteger(): null

03-03-2025T13:30:24 - [TEST_STEP][PASSED] - println(month): null

03-03-2025T13:30:24 - [TEST_STEP][PASSED] - y = <not implemented yet for class: org.codehaus.groovy.ast.expr.EmptyExpression>: null

03-03-2025T13:30:24 - [TEST_STEP][PASSED] - iy = <not implemented yet for class: org.codehaus.groovy.ast.expr.EmptyExpression>: null

03-03-2025T13:30:24 - [TEST_STEP][PASSED] - m = getText(findTestObject("Выполнение бизнес-плана/Период")): Text of object 'Object Repository/Выполнение бизнес-плана/Период' is: '2024 год'

03-03-2025T13:30:25 - [MESSAGE][PASSED] - Text of object 'Object Repository/Выполнение бизнес-плана/Период' is: '2024 год'

03-03-2025T13:30:25 - [TEST_STEP][PASSED] - iy = m.indexOf("20"): null

03-03-2025T13:30:25 - [TEST_STEP][PASSED] - if (iy > -1): null

03-03-2025T13:30:25 - [TEST_STEP][PASSED] - y = substring(iy, iy + 4).toInteger(): null

03-03-2025T13:30:25 - [TEST_STEP][PASSED] - println(y): null

03-03-2025T13:30:25 - [TEST_STEP][PASSED] - if (toString().length() == 4): null

03-03-2025T13:30:25 - [TEST_STEP][PASSED] - m = m.substring(0, m.indexOf(y.toString())): null

03-03-2025T13:30:25 - [TEST_STEP][PASSED] - m = m.trim(): null

03-03-2025T13:30:25 - [TEST_STEP][PASSED] - if (m == ""): null

03-03-2025T13:30:25 - [TEST_STEP][PASSED] - m = "весь год": null

03-03-2025T13:30:25 - [TEST_STEP][PASSED] - dashboardName = "Выполнение бизнес-плана": null

03-03-2025T13:30:25 - [TEST_STEP][PASSED] - workbook01 = getWorkbook(excelFilePath): null

03-03-2025T13:30:25 - [TEST_STEP][PASSED] - sheet01 = getExcelSheet(workbook01, sheetName): null

03-03-2025T13:30:25 - [TEST_STEP][PASSED] - setValueToCellByIndex(sheet01, n, 0, dashboardName): null

03-03-2025T13:30:25 - [TEST_STEP][PASSED] - setValueToCellByIndex(sheet01, n, 1, dZO): null

03-03-2025T13:30:25 - [TEST_STEP][PASSED] - setValueToCellByIndex(sheet01, n, 2, typeOfData): null

03-03-2025T13:30:25 - [TEST_STEP][PASSED] - if (typeOfData == "Факт в процентах" || typeOfData == "План в процентах"): null

03-03-2025T13:30:25 - [TEST_STEP][PASSED] - else: null

03-03-2025T13:30:25 - [TEST_STEP][PASSED] - setValueToCellByIndex(sheet01, n, 3, fileInt): null

03-03-2025T13:30:25 - [TEST_STEP][PASSED] - setValueToCellByIndex(sheet01, n, 4, pageInt): null

03-03-2025T13:30:25 - [TEST_STEP][PASSED] - setValueToCellByIndex(sheet01, n, 5, m): null

03-03-2025T13:30:25 - [TEST_STEP][PASSED] - setValueToCellByIndex(sheet01, n, 6, y): null

03-03-2025T13:30:25 - [TEST_STEP][PASSED] - setValueToCellByIndex(sheet01, n, 7, todaysDate): null

03-03-2025T13:30:25 - [TEST_STEP][PASSED] - n = n + 1: null

03-03-2025T13:30:25 - [TEST_STEP][PASSED] - saveWorkbook(excelFilePath, workbook01): null

03-03-2025T13:30:25 - [TEST_STEP][PASSED] - compare = pagePoteri: null

03-03-2025T13:30:25 - [TEST_STEP][PASSED] - if (pageOtpuskVSet != null): null

03-03-2025T13:30:25 - [TEST_STEP][PASSED] - if (compare == filePoteri): null

03-03-2025T13:30:25 - [TEST_STEP][PASSED] - else if (compare > filePoteri): null

03-03-2025T13:30:25 - [TEST_STEP][PASSED] - else if (compare < filePoteri): null

03-03-2025T13:30:25 - [TEST_STEP][PASSED] - compare = compare + 1: null

03-03-2025T13:30:25 - [TEST_STEP][PASSED] - if (compare == filePoteri): null

03-03-2025T13:30:25 - [TEST_STEP][PASSED] - else: null

03-03-2025T13:30:25 - [TEST_STEP][PASSED] - numberOfErrors = numberOfErrors + 1: null

03-03-2025T13:30:25 - [TEST_STEP][PASSED] - pageInt = pagePoteri: null

03-03-2025T13:30:25 - [TEST_STEP][PASSED] - fileInt = filePoteri: null

03-03-2025T13:30:25 - [TEST_STEP][PASSED] - typeOfData = typeOfDataMain + " Потери": null

03-03-2025T13:30:25 - [TEST_STEP][PASSED] - Script1718980020443.WriteToExcel(a, typeOfData, todaysDate, pageInt, fileInt, pageDouble, fileDouble, dZO): null

03-03-2025T13:30:25 - [TEST_STEP][PASSED] - sheetName = "Sheet1": null

03-03-2025T13:30:25 - [TEST_STEP][PASSED] - data = findTestData("PlanFact"): null

03-03-2025T13:30:25 - [TEST_STEP][PASSED] - n = data.getRowNumbers() + 1: null

03-03-2025T13:30:25 - [TEST_STEP][PASSED] - day = ")).toInteger(): null

03-03-2025T13:30:25 - [TEST_STEP][PASSED] - println(day): null

03-03-2025T13:30:25 - [TEST_STEP][PASSED] - month = ")).toInteger(): null

03-03-2025T13:30:25 - [TEST_STEP][PASSED] - println(month): null

03-03-2025T13:30:25 - [TEST_STEP][PASSED] - y = <not implemented yet for class: org.codehaus.groovy.ast.expr.EmptyExpression>: null

03-03-2025T13:30:25 - [TEST_STEP][PASSED] - iy = <not implemented yet for class: org.codehaus.groovy.ast.expr.EmptyExpression>: null

03-03-2025T13:30:25 - [TEST_STEP][PASSED] - m = getText(findTestObject("Выполнение бизнес-плана/Период")): Text of object 'Object Repository/Выполнение бизнес-плана/Период' is: '2024 год'

03-03-2025T13:30:25 - [MESSAGE][PASSED] - Text of object 'Object Repository/Выполнение бизнес-плана/Период' is: '2024 год'

03-03-2025T13:30:25 - [TEST_STEP][PASSED] - iy = m.indexOf("20"): null

03-03-2025T13:30:25 - [TEST_STEP][PASSED] - if (iy > -1): null

03-03-2025T13:30:25 - [TEST_STEP][PASSED] - y = substring(iy, iy + 4).toInteger(): null

03-03-2025T13:30:25 - [TEST_STEP][PASSED] - println(y): null

03-03-2025T13:30:25 - [TEST_STEP][PASSED] - if (toString().length() == 4): null

03-03-2025T13:30:25 - [TEST_STEP][PASSED] - m = m.substring(0, m.indexOf(y.toString())): null

03-03-2025T13:30:25 - [TEST_STEP][PASSED] - m = m.trim(): null

03-03-2025T13:30:25 - [TEST_STEP][PASSED] - if (m == ""): null

03-03-2025T13:30:25 - [TEST_STEP][PASSED] - m = "весь год": null

03-03-2025T13:30:25 - [TEST_STEP][PASSED] - dashboardName = "Выполнение бизнес-плана": null

03-03-2025T13:30:25 - [TEST_STEP][PASSED] - workbook01 = getWorkbook(excelFilePath): null

03-03-2025T13:30:25 - [TEST_STEP][PASSED] - sheet01 = getExcelSheet(workbook01, sheetName): null

03-03-2025T13:30:25 - [TEST_STEP][PASSED] - setValueToCellByIndex(sheet01, n, 0, dashboardName): null

03-03-2025T13:30:25 - [TEST_STEP][PASSED] - setValueToCellByIndex(sheet01, n, 1, dZO): null

03-03-2025T13:30:25 - [TEST_STEP][PASSED] - setValueToCellByIndex(sheet01, n, 2, typeOfData): null

03-03-2025T13:30:25 - [TEST_STEP][PASSED] - if (typeOfData == "Факт в процентах" || typeOfData == "План в процентах"): null

03-03-2025T13:30:25 - [TEST_STEP][PASSED] - else: null

03-03-2025T13:30:25 - [TEST_STEP][PASSED] - setValueToCellByIndex(sheet01, n, 3, fileInt): null

03-03-2025T13:30:25 - [TEST_STEP][PASSED] - setValueToCellByIndex(sheet01, n, 4, pageInt): null

03-03-2025T13:30:25 - [TEST_STEP][PASSED] - setValueToCellByIndex(sheet01, n, 5, m): null

03-03-2025T13:30:25 - [TEST_STEP][PASSED] - setValueToCellByIndex(sheet01, n, 6, y): null

03-03-2025T13:30:25 - [TEST_STEP][PASSED] - setValueToCellByIndex(sheet01, n, 7, todaysDate): null

03-03-2025T13:30:25 - [TEST_STEP][PASSED] - n = n + 1: null

03-03-2025T13:30:25 - [TEST_STEP][PASSED] - saveWorkbook(excelFilePath, workbook01): Object: 'Object Repository/Выполнение бизнес-плана/Кнопка Факт' is clicked on

03-03-2025T13:30:26 - [TEST_STEP][PASSED] - if (planFact == 2): Object: 'Object Repository/Выполнение бизнес-плана/Кнопка Факт' is clicked on

03-03-2025T13:30:26 - [TEST_STEP][PASSED] - click(findTestObject("Выполнение бизнес-плана/Кнопка Факт")): Object: 'Object Repository/Выполнение бизнес-плана/Кнопка Факт' is clicked on

03-03-2025T13:30:26 - [MESSAGE][PASSED] - Object: 'Object Repository/Выполнение бизнес-плана/Кнопка Факт' is clicked on

03-03-2025T13:30:26 - [TEST_STEP][PASSED] - println("a=" + a): null

03-03-2025T13:30:26 - [TEST_STEP][PASSED] - if (a == 84 || a == 82): null

03-03-2025T13:30:26 - [TEST_STEP][PASSED] - else if (a == 83 || a == 52 || a == 72 || a == 28 || a == 73 || a == 77 || a == 74 || a == 65 || a == 36 || a == 44 || a == 53 || a == 80 || a == 54 || a == 1 || a == 18 || a == 59 || a == 81): null

03-03-2025T13:30:26 - [TEST_STEP][PASSED] - else: null

03-03-2025T13:30:26 - [TEST_STEP][PASSED] - page1 = getText(findTestObject("Object Repository/Выполнение бизнес-плана/spanPlan" + filialNum)): Text of object 'Object Repository/Выполнение бизнес-плана/spanPlan2' is: '44.17
|'

03-03-2025T13:30:26 - [MESSAGE][PASSED] - Text of object 'Object Repository/Выполнение бизнес-плана/spanPlan2' is: '44.17
|'

03-03-2025T13:30:26 - [TEST_STEP][PASSED] - page1 = page1.replace("|", ""): null

03-03-2025T13:30:26 - [TEST_STEP][PASSED] - page2 = getText(findTestObject("Object Repository/Выполнение бизнес-плана/spanFact" + filialNum)): Text of object 'Object Repository/Выполнение бизнес-плана/spanFact2' is: '56.69
|'

03-03-2025T13:30:27 - [MESSAGE][PASSED] - Text of object 'Object Repository/Выполнение бизнес-плана/spanFact2' is: '56.69
|'

03-03-2025T13:30:27 - [TEST_STEP][PASSED] - page2 = page2.replace("|", ""): null

03-03-2025T13:30:27 - [TEST_STEP][PASSED] - println("page1: " + page1): null

03-03-2025T13:30:27 - [TEST_STEP][PASSED] - println("page2: " + page2): null

03-03-2025T13:30:27 - [TEST_STEP][PASSED] - file = findTestData("PlanFact").getValue(4, a): null

03-03-2025T13:30:27 - [TEST_STEP][PASSED] - file = file.replace(",", "."): null

03-03-2025T13:30:27 - [TEST_STEP][PASSED] - println("file Plan: " + file): null

03-03-2025T13:30:27 - [TEST_STEP][PASSED] - typeOfData = "План в процентах": null

03-03-2025T13:30:27 - [TEST_STEP][PASSED] - fileDouble = file.toDouble(): null

03-03-2025T13:30:27 - [TEST_STEP][PASSED] - pageDouble = page1.toDouble(): null

03-03-2025T13:30:27 - [TEST_STEP][PASSED] - if (fileDouble != pageDouble): null

03-03-2025T13:30:27 - [TEST_STEP][PASSED] - numberOfErrors = numberOfErrors + 1: null

03-03-2025T13:30:27 - [TEST_STEP][PASSED] - Script1718980020443.WriteToExcel(a, typeOfData, todaysDate, pageInt, fileInt, pageDouble, fileDouble, dZO): null

03-03-2025T13:30:27 - [TEST_STEP][PASSED] - sheetName = "Sheet1": null

03-03-2025T13:30:27 - [TEST_STEP][PASSED] - data = findTestData("PlanFact"): null

03-03-2025T13:30:27 - [TEST_STEP][PASSED] - n = data.getRowNumbers() + 1: null

03-03-2025T13:30:27 - [TEST_STEP][PASSED] - day = ")).toInteger(): null

03-03-2025T13:30:27 - [TEST_STEP][PASSED] - println(day): null

03-03-2025T13:30:27 - [TEST_STEP][PASSED] - month = ")).toInteger(): null

03-03-2025T13:30:27 - [TEST_STEP][PASSED] - println(month): null

03-03-2025T13:30:27 - [TEST_STEP][PASSED] - y = <not implemented yet for class: org.codehaus.groovy.ast.expr.EmptyExpression>: null

03-03-2025T13:30:27 - [TEST_STEP][PASSED] - iy = <not implemented yet for class: org.codehaus.groovy.ast.expr.EmptyExpression>: null

03-03-2025T13:30:27 - [TEST_STEP][PASSED] - m = getText(findTestObject("Выполнение бизнес-плана/Период")): Text of object 'Object Repository/Выполнение бизнес-плана/Период' is: '2024 год'

03-03-2025T13:30:27 - [MESSAGE][PASSED] - Text of object 'Object Repository/Выполнение бизнес-плана/Период' is: '2024 год'

03-03-2025T13:30:27 - [TEST_STEP][PASSED] - iy = m.indexOf("20"): null

03-03-2025T13:30:27 - [TEST_STEP][PASSED] - if (iy > -1): null

03-03-2025T13:30:27 - [TEST_STEP][PASSED] - y = substring(iy, iy + 4).toInteger(): null

03-03-2025T13:30:27 - [TEST_STEP][PASSED] - println(y): null

03-03-2025T13:30:27 - [TEST_STEP][PASSED] - if (toString().length() == 4): null

03-03-2025T13:30:27 - [TEST_STEP][PASSED] - m = m.substring(0, m.indexOf(y.toString())): null

03-03-2025T13:30:27 - [TEST_STEP][PASSED] - m = m.trim(): null

03-03-2025T13:30:27 - [TEST_STEP][PASSED] - if (m == ""): null

03-03-2025T13:30:27 - [TEST_STEP][PASSED] - m = "весь год": null

03-03-2025T13:30:27 - [TEST_STEP][PASSED] - dashboardName = "Выполнение бизнес-плана": null

03-03-2025T13:30:27 - [TEST_STEP][PASSED] - workbook01 = getWorkbook(excelFilePath): null

03-03-2025T13:30:27 - [TEST_STEP][PASSED] - sheet01 = getExcelSheet(workbook01, sheetName): null

03-03-2025T13:30:27 - [TEST_STEP][PASSED] - setValueToCellByIndex(sheet01, n, 0, dashboardName): null

03-03-2025T13:30:27 - [TEST_STEP][PASSED] - setValueToCellByIndex(sheet01, n, 1, dZO): null

03-03-2025T13:30:27 - [TEST_STEP][PASSED] - setValueToCellByIndex(sheet01, n, 2, typeOfData): null

03-03-2025T13:30:27 - [TEST_STEP][PASSED] - if (typeOfData == "Факт в процентах" || typeOfData == "План в процентах"): null

03-03-2025T13:30:27 - [TEST_STEP][PASSED] - setValueToCellByIndex(sheet01, n, 3, fileDouble): null

03-03-2025T13:30:27 - [TEST_STEP][PASSED] - setValueToCellByIndex(sheet01, n, 4, pageDouble): null

03-03-2025T13:30:27 - [TEST_STEP][PASSED] - setValueToCellByIndex(sheet01, n, 5, m): null

03-03-2025T13:30:27 - [TEST_STEP][PASSED] - setValueToCellByIndex(sheet01, n, 6, y): null

03-03-2025T13:30:27 - [TEST_STEP][PASSED] - setValueToCellByIndex(sheet01, n, 7, todaysDate): null

03-03-2025T13:30:27 - [TEST_STEP][PASSED] - n = n + 1: null

03-03-2025T13:30:27 - [TEST_STEP][PASSED] - saveWorkbook(excelFilePath, workbook01): null

03-03-2025T13:30:27 - [TEST_STEP][PASSED] - file = findTestData("PlanFact").getValue(7, a): null

03-03-2025T13:30:27 - [TEST_STEP][PASSED] - file = file.replace(",", "."): null

03-03-2025T13:30:27 - [TEST_STEP][PASSED] - println("file Fact: " + file): null

03-03-2025T13:30:27 - [TEST_STEP][PASSED] - fileDouble = file.toDouble(): null

03-03-2025T13:30:27 - [TEST_STEP][PASSED] - typeOfData = "Факт в процентах": null

03-03-2025T13:30:27 - [TEST_STEP][PASSED] - fileDouble = file.toDouble(): null

03-03-2025T13:30:27 - [TEST_STEP][PASSED] - pageDouble = page2.toDouble(): null

03-03-2025T13:30:27 - [TEST_STEP][PASSED] - if (fileDouble != pageDouble): null

03-03-2025T13:30:27 - [TEST_STEP][PASSED] - numberOfErrors = numberOfErrors + 1: null

03-03-2025T13:30:27 - [TEST_STEP][PASSED] - Script1718980020443.WriteToExcel(a, typeOfData, todaysDate, pageInt, fileInt, pageDouble, fileDouble, dZO): null

03-03-2025T13:30:27 - [TEST_STEP][PASSED] - sheetName = "Sheet1": null

03-03-2025T13:30:27 - [TEST_STEP][PASSED] - data = findTestData("PlanFact"): null

03-03-2025T13:30:27 - [TEST_STEP][PASSED] - n = data.getRowNumbers() + 1: null

03-03-2025T13:30:27 - [TEST_STEP][PASSED] - day = ")).toInteger(): null

03-03-2025T13:30:27 - [TEST_STEP][PASSED] - println(day): null

03-03-2025T13:30:27 - [TEST_STEP][PASSED] - month = ")).toInteger(): null

03-03-2025T13:30:27 - [TEST_STEP][PASSED] - println(month): null

03-03-2025T13:30:27 - [TEST_STEP][PASSED] - y = <not implemented yet for class: org.codehaus.groovy.ast.expr.EmptyExpression>: null

03-03-2025T13:30:27 - [TEST_STEP][PASSED] - iy = <not implemented yet for class: org.codehaus.groovy.ast.expr.EmptyExpression>: null

03-03-2025T13:30:27 - [TEST_STEP][PASSED] - m = getText(findTestObject("Выполнение бизнес-плана/Период")): Text of object 'Object Repository/Выполнение бизнес-плана/Период' is: '2024 год'

03-03-2025T13:30:28 - [MESSAGE][PASSED] - Text of object 'Object Repository/Выполнение бизнес-плана/Период' is: '2024 год'

03-03-2025T13:30:28 - [TEST_STEP][PASSED] - iy = m.indexOf("20"): null

03-03-2025T13:30:28 - [TEST_STEP][PASSED] - if (iy > -1): null

03-03-2025T13:30:28 - [TEST_STEP][PASSED] - y = substring(iy, iy + 4).toInteger(): null

03-03-2025T13:30:28 - [TEST_STEP][PASSED] - println(y): null

03-03-2025T13:30:28 - [TEST_STEP][PASSED] - if (toString().length() == 4): null

03-03-2025T13:30:28 - [TEST_STEP][PASSED] - m = m.substring(0, m.indexOf(y.toString())): null

03-03-2025T13:30:28 - [TEST_STEP][PASSED] - m = m.trim(): null

03-03-2025T13:30:28 - [TEST_STEP][PASSED] - if (m == ""): null

03-03-2025T13:30:28 - [TEST_STEP][PASSED] - m = "весь год": null

03-03-2025T13:30:28 - [TEST_STEP][PASSED] - dashboardName = "Выполнение бизнес-плана": null

03-03-2025T13:30:28 - [TEST_STEP][PASSED] - workbook01 = getWorkbook(excelFilePath): null

03-03-2025T13:30:28 - [TEST_STEP][PASSED] - sheet01 = getExcelSheet(workbook01, sheetName): null

03-03-2025T13:30:28 - [TEST_STEP][PASSED] - setValueToCellByIndex(sheet01, n, 0, dashboardName): null

03-03-2025T13:30:28 - [TEST_STEP][PASSED] - setValueToCellByIndex(sheet01, n, 1, dZO): null

03-03-2025T13:30:28 - [TEST_STEP][PASSED] - setValueToCellByIndex(sheet01, n, 2, typeOfData): null

03-03-2025T13:30:28 - [TEST_STEP][PASSED] - if (typeOfData == "Факт в процентах" || typeOfData == "План в процентах"): null

03-03-2025T13:30:28 - [TEST_STEP][PASSED] - setValueToCellByIndex(sheet01, n, 3, fileDouble): null

03-03-2025T13:30:28 - [TEST_STEP][PASSED] - setValueToCellByIndex(sheet01, n, 4, pageDouble): null

03-03-2025T13:30:28 - [TEST_STEP][PASSED] - setValueToCellByIndex(sheet01, n, 5, m): null

03-03-2025T13:30:28 - [TEST_STEP][PASSED] - setValueToCellByIndex(sheet01, n, 6, y): null

03-03-2025T13:30:28 - [TEST_STEP][PASSED] - setValueToCellByIndex(sheet01, n, 7, todaysDate): null

03-03-2025T13:30:28 - [TEST_STEP][PASSED] - n = n + 1: null

03-03-2025T13:30:28 - [TEST_STEP][PASSED] - saveWorkbook(excelFilePath, workbook01): null

03-03-2025T13:30:28 - [TEST_STEP][FAILED] - if (verifyEqual(numberOfErrors, 0) == false): null

03-03-2025T13:30:28 - [MESSAGE][FAILED] - Unable to verify equal between actual object '6' and expected object '0' (Root cause: com.kms.katalon.core.exception.StepFailedException: Actual object '6' and expected object '0' are not equal
	at com.kms.katalon.core.keyword.builtin.VerifyEqualKeyword$_verifyEqual_closure1.doCall(VerifyEqualKeyword.groovy:58)
	at com.kms.katalon.core.keyword.builtin.VerifyEqualKeyword$_verifyEqual_closure1.call(VerifyEqualKeyword.groovy)
	at com.kms.katalon.core.keyword.internal.KeywordMain.runKeyword(KeywordMain.groovy:75)
	at com.kms.katalon.core.keyword.builtin.VerifyEqualKeyword.verifyEqual(VerifyEqualKeyword.groovy:63)
	at com.kms.katalon.core.keyword.builtin.VerifyEqualKeyword.execute(VerifyEqualKeyword.groovy:44)
	at com.kms.katalon.core.keyword.internal.KeywordExecutor.executeKeywordForPlatform(KeywordExecutor.groovy:74)
	at com.kms.katalon.core.keyword.BuiltinKeywords.verifyEqual(BuiltinKeywords.groovy:146)
	at jdk.internal.reflect.GeneratedMethodAccessor24.invoke(Unknown Source)
	at java.base/jdk.internal.reflect.DelegatingMethodAccessorImpl.invoke(DelegatingMethodAccessorImpl.java:43)
	at Выполнение бизнес-плана Сверка ПАО Россети все филиалы.Numbers(Выполнение бизнес-плана Сверка ПАО Россети все филиалы:736)
	at Выполнение бизнес-плана Сверка ПАО Россети все филиалы.Filials(Выполнение бизнес-плана Сверка ПАО Россети все филиалы:1091)
	at Выполнение бизнес-плана Сверка ПАО Россети все филиалы.Numbers(Выполнение бизнес-плана Сверка ПАО Россети все филиалы:743)
	at Выполнение бизнес-плана Сверка ПАО Россети все филиалы.run(Выполнение бизнес-плана Сверка ПАО Россети все филиалы:280)
	at com.kms.katalon.core.main.ScriptEngine.run(ScriptEngine.java:194)
	at com.kms.katalon.core.main.ScriptEngine.runScriptAsRawText(ScriptEngine.java:119)
	at com.kms.katalon.core.main.TestCaseExecutor.runScript(TestCaseExecutor.java:448)
	at com.kms.katalon.core.main.TestCaseExecutor.doExecute(TestCaseExecutor.java:439)
	at com.kms.katalon.core.main.TestCaseExecutor.processExecutionPhase(TestCaseExecutor.java:418)
	at com.kms.katalon.core.main.TestCaseExecutor.accessMainPhase(TestCaseExecutor.java:410)
	at com.kms.katalon.core.main.TestCaseExecutor.execute(TestCaseExecutor.java:285)
	at com.kms.katalon.core.common.CommonExecutor.accessTestCaseMainPhase(CommonExecutor.java:65)
	at com.kms.katalon.core.main.TestSuiteExecutor.accessTestSuiteMainPhase(TestSuiteExecutor.java:150)
	at com.kms.katalon.core.main.TestSuiteExecutor.execute(TestSuiteExecutor.java:106)
	at com.kms.katalon.core.main.TestCaseMain.startTestSuite(TestCaseMain.java:180)
	at TempTestSuite1740991900055.run(TempTestSuite1740991900055.groovy:35)
	at java.base/jdk.internal.reflect.NativeMethodAccessorImpl.invoke0(Native Method)
	at java.base/jdk.internal.reflect.NativeMethodAccessorImpl.invoke(NativeMethodAccessorImpl.java:77)
	at java.base/jdk.internal.reflect.DelegatingMethodAccessorImpl.invoke(DelegatingMethodAccessorImpl.java:43)
)

03-03-2025T13:30:28 - [TEST_STEP][PASSED] - println(numberOfErrors): null

03-03-2025T13:30:28 - [TEST_STEP][PASSED] - println("a=" + a): null

03-03-2025T13:30:28 - [TEST_STEP][PASSED] - if (a == 28 || a == 77 || a == 74 || a == 65 || a == 36 || a == 44 || a == 54 || a == 1 || a == 18 || a == 59): null

03-03-2025T13:30:28 - [TEST_STEP][PASSED] - if (a == 82): null

03-03-2025T13:30:28 - [TEST_STEP][PASSED] - dZO = "Каббалкэнерго": null

03-03-2025T13:30:28 - [TEST_STEP][PASSED] - a = 66: null

03-03-2025T13:30:28 - [TEST_STEP][PASSED] - if (x2.contains(dZO)): null

03-03-2025T13:30:28 - [TEST_STEP][PASSED] - filialNum = filialNum + 1: null

03-03-2025T13:30:28 - [TEST_STEP][PASSED] - Script1718980020443.Numbers(a, typeOfData, todaysDate, pageInt, fileInt, pageDouble, fileDouble, dZO, dzoNum, filialNum): null

03-03-2025T13:30:28 - [TEST_STEP][PASSED] - println(dzoNum): null

03-03-2025T13:30:28 - [TEST_STEP][PASSED] - planFact = <not implemented yet for class: org.codehaus.groovy.ast.expr.EmptyExpression>: null

03-03-2025T13:30:28 - [TEST_STEP][PASSED] - page = <not implemented yet for class: org.codehaus.groovy.ast.expr.EmptyExpression>: null

03-03-2025T13:30:28 - [TEST_STEP][PASSED] - page1 = <not implemented yet for class: org.codehaus.groovy.ast.expr.EmptyExpression>: null

03-03-2025T13:30:28 - [TEST_STEP][PASSED] - page2 = <not implemented yet for class: org.codehaus.groovy.ast.expr.EmptyExpression>: null

03-03-2025T13:30:28 - [TEST_STEP][PASSED] - filialNumberInRow = <not implemented yet for class: org.codehaus.groovy.ast.expr.EmptyExpression>: null

03-03-2025T13:30:28 - [TEST_STEP][PASSED] - filialsDzoNames = <not implemented yet for class: org.codehaus.groovy.ast.expr.EmptyExpression>: null

03-03-2025T13:30:28 - [TEST_STEP][PASSED] - numberOfFilials = <not implemented yet for class: org.codehaus.groovy.ast.expr.EmptyExpression>: null

03-03-2025T13:30:28 - [TEST_STEP][PASSED] - numberOfSpaces = <not implemented yet for class: org.codehaus.groovy.ast.expr.EmptyExpression>: null

03-03-2025T13:30:28 - [TEST_STEP][PASSED] - file = <not implemented yet for class: org.codehaus.groovy.ast.expr.EmptyExpression>: null

03-03-2025T13:30:28 - [TEST_STEP][PASSED] - otpusk = <not implemented yet for class: org.codehaus.groovy.ast.expr.EmptyExpression>: null

03-03-2025T13:30:28 - [TEST_STEP][PASSED] - poteri = <not implemented yet for class: org.codehaus.groovy.ast.expr.EmptyExpression>: null

03-03-2025T13:30:28 - [TEST_STEP][PASSED] - dataFolder = "Выполнение бизнес-плана/Значения со страницы Выполнение бизнес-плана/": null

03-03-2025T13:30:28 - [TEST_STEP][PASSED] - path = <not implemented yet for class: org.codehaus.groovy.ast.expr.EmptyExpression>: null

03-03-2025T13:30:28 - [TEST_STEP][PASSED] - typeOfDataMain = <not implemented yet for class: org.codehaus.groovy.ast.expr.EmptyExpression>: null

03-03-2025T13:30:28 - [TEST_STEP][PASSED] - fileOtpuskVSet = <not implemented yet for class: org.codehaus.groovy.ast.expr.EmptyExpression>: null

03-03-2025T13:30:28 - [TEST_STEP][PASSED] - pageOtpuskVSet = <not implemented yet for class: org.codehaus.groovy.ast.expr.EmptyExpression>: null

03-03-2025T13:30:28 - [TEST_STEP][PASSED] - filePoteri = <not implemented yet for class: org.codehaus.groovy.ast.expr.EmptyExpression>: null

03-03-2025T13:30:28 - [TEST_STEP][PASSED] - pagePoteri = <not implemented yet for class: org.codehaus.groovy.ast.expr.EmptyExpression>: null

03-03-2025T13:30:28 - [TEST_STEP][PASSED] - compare = <not implemented yet for class: org.codehaus.groovy.ast.expr.EmptyExpression>: null

03-03-2025T13:30:28 - [TEST_STEP][PASSED] - b = <not implemented yet for class: org.codehaus.groovy.ast.expr.EmptyExpression>: null

03-03-2025T13:30:28 - [TEST_STEP][PASSED] - i = <not implemented yet for class: org.codehaus.groovy.ast.expr.EmptyExpression>: null

03-03-2025T13:30:28 - [TEST_STEP][PASSED] - ii = <not implemented yet for class: org.codehaus.groovy.ast.expr.EmptyExpression>: null

03-03-2025T13:30:28 - [TEST_STEP][PASSED] - c = <not implemented yet for class: org.codehaus.groovy.ast.expr.EmptyExpression>: null

03-03-2025T13:30:28 - [TEST_STEP][PASSED] - numberOfErrors = 0: null

03-03-2025T13:30:28 - [TEST_STEP][PASSED] - if (a == 82): null

03-03-2025T13:30:28 - [TEST_STEP][PASSED] - b = findTestData("PlanFact").getValue(1, a): null

03-03-2025T13:30:28 - [TEST_STEP][PASSED] - i = b.indexOf(" (ГК)"): null

03-03-2025T13:30:28 - [TEST_STEP][PASSED] - if (i > -1): null

03-03-2025T13:30:28 - [TEST_STEP][PASSED] - i = b.indexOf("О ""): null

03-03-2025T13:30:28 - [TEST_STEP][PASSED] - if (i > -1): null

03-03-2025T13:30:28 - [TEST_STEP][PASSED] - i = b.indexOf("О «"): null

03-03-2025T13:30:28 - [TEST_STEP][PASSED] - if (i > -1): null

03-03-2025T13:30:28 - [TEST_STEP][PASSED] - i = b.indexOf("г. "): null

03-03-2025T13:30:28 - [TEST_STEP][PASSED] - if (i > -1): null

03-03-2025T13:30:28 - [TEST_STEP][PASSED] - b = b.trim(): null

03-03-2025T13:30:28 - [TEST_STEP][PASSED] - println(b): null

03-03-2025T13:30:28 - [TEST_STEP][PASSED] - for ([planFact = 1, planFact < 3, (planFact++)]): null

03-03-2025T13:30:28 - [TEST_STEP][PASSED] - if (planFact == 1): null

03-03-2025T13:30:28 - [TEST_STEP][PASSED] - typeOfDataMain = "Факт": null

03-03-2025T13:30:28 - [TEST_STEP][PASSED] - otpusk = findTestData("PlanFact").getValue(5, a): null

03-03-2025T13:30:28 - [TEST_STEP][PASSED] - poteri = findTestData("PlanFact").getValue(6, a): null

03-03-2025T13:30:28 - [TEST_STEP][PASSED] - otpusk = otpusk.replaceAll("\s+", ""): null

03-03-2025T13:30:28 - [TEST_STEP][PASSED] - poteri = poteri.replaceAll("\s+", ""): null

03-03-2025T13:30:28 - [TEST_STEP][PASSED] - typeOfData = typeOfDataMain + " Отпуск в сеть": null

03-03-2025T13:30:28 - [TEST_STEP][PASSED] - if (a == 82): null

03-03-2025T13:30:28 - [TEST_STEP][PASSED] - else if (a == 84): null

03-03-2025T13:30:28 - [TEST_STEP][PASSED] - else if (a == 83 || a == 52 || a == 72 || a == 28 || a == 73 || a == 77 || a == 74 || a == 65 || a == 36 || a == 44 || a == 53 || a == 80 || a == 54 || a == 1 || a == 18 || a == 59 || a == 81): null

03-03-2025T13:30:28 - [TEST_STEP][PASSED] - else: null

03-03-2025T13:30:28 - [TEST_STEP][PASSED] - path = dataFolder + typeOfData + " за отчётный период " + b: null

03-03-2025T13:30:28 - [TEST_STEP][PASSED] - println(path): null

03-03-2025T13:30:28 - [TEST_STEP][PASSED] - page = getText(findTestObject(path)): Text of object 'Object Repository/Выполнение бизнес-плана/Значения со страницы Выполнение бизнес-плана/Факт Отпуск в сеть за отчётный период Каббалкэнерго' is: '187 279'

03-03-2025T13:30:28 - [MESSAGE][PASSED] - Text of object 'Object Repository/Выполнение бизнес-плана/Значения со страницы Выполнение бизнес-плана/Факт Отпуск в сеть за отчётный период Каббалкэнерго' is: '187 279'

03-03-2025T13:30:28 - [TEST_STEP][PASSED] - if (page == "" || page == null): null

03-03-2025T13:30:28 - [TEST_STEP][PASSED] - else: null

03-03-2025T13:30:28 - [TEST_STEP][PASSED] - page = page.replaceAll("\s+", ""): null

03-03-2025T13:30:28 - [TEST_STEP][PASSED] - fileOtpuskVSet = otpusk.toInteger(): null

03-03-2025T13:30:28 - [TEST_STEP][PASSED] - pageOtpuskVSet = page.toInteger(): null

03-03-2025T13:30:28 - [TEST_STEP][PASSED] - typeOfData = typeOfDataMain + " Потери": null

03-03-2025T13:30:28 - [TEST_STEP][PASSED] - if (a == 82): null

03-03-2025T13:30:28 - [TEST_STEP][PASSED] - else if (a == 84): null

03-03-2025T13:30:28 - [TEST_STEP][PASSED] - else if (a == 83 || a == 52 || a == 72 || a == 28 || a == 73 || a == 77 || a == 74 || a == 65 || a == 44 || a == 53 || a == 80 || a == 54 || a == 1 || a == 18 || a == 59 || a == 81): null

03-03-2025T13:30:28 - [TEST_STEP][PASSED] - else: null

03-03-2025T13:30:28 - [TEST_STEP][PASSED] - path = dataFolder + typeOfData + " за отчётный период " + b: null

03-03-2025T13:30:28 - [TEST_STEP][PASSED] - page = getText(findTestObject(path)): Text of object 'Object Repository/Выполнение бизнес-плана/Значения со страницы Выполнение бизнес-плана/Факт Потери за отчётный период Каббалкэнерго' is: '43 901'

03-03-2025T13:30:29 - [MESSAGE][PASSED] - Text of object 'Object Repository/Выполнение бизнес-плана/Значения со страницы Выполнение бизнес-плана/Факт Потери за отчётный период Каббалкэнерго' is: '43 901'

03-03-2025T13:30:29 - [TEST_STEP][PASSED] - if (page == "" || page == null): null

03-03-2025T13:30:29 - [TEST_STEP][PASSED] - else: null

03-03-2025T13:30:29 - [TEST_STEP][PASSED] - page = page.replaceAll("\s+", ""): null

03-03-2025T13:30:29 - [TEST_STEP][PASSED] - filePoteri = poteri.toInteger(): null

03-03-2025T13:30:29 - [TEST_STEP][PASSED] - pagePoteri = page.toInteger(): null

03-03-2025T13:30:29 - [TEST_STEP][PASSED] - compare = pageOtpuskVSet: null

03-03-2025T13:30:29 - [TEST_STEP][PASSED] - if (pageOtpuskVSet != null): null

03-03-2025T13:30:29 - [TEST_STEP][PASSED] - if (compare == fileOtpuskVSet): null

03-03-2025T13:30:29 - [TEST_STEP][PASSED] - else if (compare > fileOtpuskVSet): null

03-03-2025T13:30:29 - [TEST_STEP][PASSED] - else if (compare < fileOtpuskVSet): null

03-03-2025T13:30:29 - [TEST_STEP][PASSED] - compare = compare + 1: null

03-03-2025T13:30:29 - [TEST_STEP][PASSED] - if (compare == fileOtpuskVSet): null

03-03-2025T13:30:29 - [TEST_STEP][PASSED] - else: null

03-03-2025T13:30:29 - [TEST_STEP][PASSED] - numberOfErrors = numberOfErrors + 1: null

03-03-2025T13:30:29 - [TEST_STEP][PASSED] - pageInt = pageOtpuskVSet: null

03-03-2025T13:30:29 - [TEST_STEP][PASSED] - fileInt = fileOtpuskVSet: null

03-03-2025T13:30:29 - [TEST_STEP][PASSED] - typeOfData = typeOfDataMain + " Отпуск в сеть": null

03-03-2025T13:30:29 - [TEST_STEP][PASSED] - Script1718980020443.WriteToExcel(a, typeOfData, todaysDate, pageInt, fileInt, pageDouble, fileDouble, dZO): null

03-03-2025T13:30:29 - [TEST_STEP][PASSED] - sheetName = "Sheet1": null

03-03-2025T13:30:29 - [TEST_STEP][PASSED] - data = findTestData("PlanFact"): null

03-03-2025T13:30:29 - [TEST_STEP][PASSED] - n = data.getRowNumbers() + 1: null

03-03-2025T13:30:29 - [TEST_STEP][PASSED] - day = ")).toInteger(): null

03-03-2025T13:30:29 - [TEST_STEP][PASSED] - println(day): null

03-03-2025T13:30:29 - [TEST_STEP][PASSED] - month = ")).toInteger(): null

03-03-2025T13:30:29 - [TEST_STEP][PASSED] - println(month): null

03-03-2025T13:30:29 - [TEST_STEP][PASSED] - y = <not implemented yet for class: org.codehaus.groovy.ast.expr.EmptyExpression>: null

03-03-2025T13:30:29 - [TEST_STEP][PASSED] - iy = <not implemented yet for class: org.codehaus.groovy.ast.expr.EmptyExpression>: null

03-03-2025T13:30:29 - [TEST_STEP][PASSED] - m = getText(findTestObject("Выполнение бизнес-плана/Период")): Text of object 'Object Repository/Выполнение бизнес-плана/Период' is: '2024 год'

03-03-2025T13:30:29 - [MESSAGE][PASSED] - Text of object 'Object Repository/Выполнение бизнес-плана/Период' is: '2024 год'

03-03-2025T13:30:29 - [TEST_STEP][PASSED] - iy = m.indexOf("20"): null

03-03-2025T13:30:29 - [TEST_STEP][PASSED] - if (iy > -1): null

03-03-2025T13:30:29 - [TEST_STEP][PASSED] - y = substring(iy, iy + 4).toInteger(): null

03-03-2025T13:30:29 - [TEST_STEP][PASSED] - println(y): null

03-03-2025T13:30:29 - [TEST_STEP][PASSED] - if (toString().length() == 4): null

03-03-2025T13:30:29 - [TEST_STEP][PASSED] - m = m.substring(0, m.indexOf(y.toString())): null

03-03-2025T13:30:29 - [TEST_STEP][PASSED] - m = m.trim(): null

03-03-2025T13:30:29 - [TEST_STEP][PASSED] - if (m == ""): null

03-03-2025T13:30:29 - [TEST_STEP][PASSED] - m = "весь год": null

03-03-2025T13:30:29 - [TEST_STEP][PASSED] - dashboardName = "Выполнение бизнес-плана": null

03-03-2025T13:30:29 - [TEST_STEP][PASSED] - workbook01 = getWorkbook(excelFilePath): null

03-03-2025T13:30:29 - [TEST_STEP][PASSED] - sheet01 = getExcelSheet(workbook01, sheetName): null

03-03-2025T13:30:29 - [TEST_STEP][PASSED] - setValueToCellByIndex(sheet01, n, 0, dashboardName): null

03-03-2025T13:30:29 - [TEST_STEP][PASSED] - setValueToCellByIndex(sheet01, n, 1, dZO): null

03-03-2025T13:30:29 - [TEST_STEP][PASSED] - setValueToCellByIndex(sheet01, n, 2, typeOfData): null

03-03-2025T13:30:29 - [TEST_STEP][PASSED] - if (typeOfData == "Факт в процентах" || typeOfData == "План в процентах"): null

03-03-2025T13:30:29 - [TEST_STEP][PASSED] - else: null

03-03-2025T13:30:29 - [TEST_STEP][PASSED] - setValueToCellByIndex(sheet01, n, 3, fileInt): null

03-03-2025T13:30:29 - [TEST_STEP][PASSED] - setValueToCellByIndex(sheet01, n, 4, pageInt): null

03-03-2025T13:30:29 - [TEST_STEP][PASSED] - setValueToCellByIndex(sheet01, n, 5, m): null

03-03-2025T13:30:29 - [TEST_STEP][PASSED] - setValueToCellByIndex(sheet01, n, 6, y): null

03-03-2025T13:30:29 - [TEST_STEP][PASSED] - setValueToCellByIndex(sheet01, n, 7, todaysDate): null

03-03-2025T13:30:29 - [TEST_STEP][PASSED] - n = n + 1: null

03-03-2025T13:30:29 - [TEST_STEP][PASSED] - saveWorkbook(excelFilePath, workbook01): null

03-03-2025T13:30:29 - [TEST_STEP][PASSED] - compare = pagePoteri: null

03-03-2025T13:30:29 - [TEST_STEP][PASSED] - if (pageOtpuskVSet != null): null

03-03-2025T13:30:29 - [TEST_STEP][PASSED] - if (compare == filePoteri): null

03-03-2025T13:30:29 - [TEST_STEP][PASSED] - else if (compare > filePoteri): null

03-03-2025T13:30:29 - [TEST_STEP][PASSED] - else if (compare < filePoteri): null

03-03-2025T13:30:29 - [TEST_STEP][PASSED] - compare = compare + 1: null

03-03-2025T13:30:29 - [TEST_STEP][PASSED] - if (compare == filePoteri): null

03-03-2025T13:30:29 - [TEST_STEP][PASSED] - else: null

03-03-2025T13:30:29 - [TEST_STEP][PASSED] - numberOfErrors = numberOfErrors + 1: null

03-03-2025T13:30:29 - [TEST_STEP][PASSED] - pageInt = pagePoteri: null

03-03-2025T13:30:29 - [TEST_STEP][PASSED] - fileInt = filePoteri: null

03-03-2025T13:30:29 - [TEST_STEP][PASSED] - typeOfData = typeOfDataMain + " Потери": null

03-03-2025T13:30:29 - [TEST_STEP][PASSED] - Script1718980020443.WriteToExcel(a, typeOfData, todaysDate, pageInt, fileInt, pageDouble, fileDouble, dZO): null

03-03-2025T13:30:29 - [TEST_STEP][PASSED] - sheetName = "Sheet1": null

03-03-2025T13:30:29 - [TEST_STEP][PASSED] - data = findTestData("PlanFact"): null

03-03-2025T13:30:29 - [TEST_STEP][PASSED] - n = data.getRowNumbers() + 1: null

03-03-2025T13:30:29 - [TEST_STEP][PASSED] - day = ")).toInteger(): null

03-03-2025T13:30:29 - [TEST_STEP][PASSED] - println(day): null

03-03-2025T13:30:29 - [TEST_STEP][PASSED] - month = ")).toInteger(): null

03-03-2025T13:30:29 - [TEST_STEP][PASSED] - println(month): null

03-03-2025T13:30:29 - [TEST_STEP][PASSED] - y = <not implemented yet for class: org.codehaus.groovy.ast.expr.EmptyExpression>: null

03-03-2025T13:30:29 - [TEST_STEP][PASSED] - iy = <not implemented yet for class: org.codehaus.groovy.ast.expr.EmptyExpression>: null

03-03-2025T13:30:29 - [TEST_STEP][PASSED] - m = getText(findTestObject("Выполнение бизнес-плана/Период")): Text of object 'Object Repository/Выполнение бизнес-плана/Период' is: '2024 год'

03-03-2025T13:30:30 - [MESSAGE][PASSED] - Text of object 'Object Repository/Выполнение бизнес-плана/Период' is: '2024 год'

03-03-2025T13:30:30 - [TEST_STEP][PASSED] - iy = m.indexOf("20"): null

03-03-2025T13:30:30 - [TEST_STEP][PASSED] - if (iy > -1): null

03-03-2025T13:30:30 - [TEST_STEP][PASSED] - y = substring(iy, iy + 4).toInteger(): null

03-03-2025T13:30:30 - [TEST_STEP][PASSED] - println(y): null

03-03-2025T13:30:30 - [TEST_STEP][PASSED] - if (toString().length() == 4): null

03-03-2025T13:30:30 - [TEST_STEP][PASSED] - m = m.substring(0, m.indexOf(y.toString())): null

03-03-2025T13:30:30 - [TEST_STEP][PASSED] - m = m.trim(): null

03-03-2025T13:30:30 - [TEST_STEP][PASSED] - if (m == ""): null

03-03-2025T13:30:30 - [TEST_STEP][PASSED] - m = "весь год": null

03-03-2025T13:30:30 - [TEST_STEP][PASSED] - dashboardName = "Выполнение бизнес-плана": null

03-03-2025T13:30:30 - [TEST_STEP][PASSED] - workbook01 = getWorkbook(excelFilePath): null

03-03-2025T13:30:30 - [TEST_STEP][PASSED] - sheet01 = getExcelSheet(workbook01, sheetName): null

03-03-2025T13:30:30 - [TEST_STEP][PASSED] - setValueToCellByIndex(sheet01, n, 0, dashboardName): null

03-03-2025T13:30:30 - [TEST_STEP][PASSED] - setValueToCellByIndex(sheet01, n, 1, dZO): null

03-03-2025T13:30:30 - [TEST_STEP][PASSED] - setValueToCellByIndex(sheet01, n, 2, typeOfData): null

03-03-2025T13:30:30 - [TEST_STEP][PASSED] - if (typeOfData == "Факт в процентах" || typeOfData == "План в процентах"): null

03-03-2025T13:30:30 - [TEST_STEP][PASSED] - else: null

03-03-2025T13:30:30 - [TEST_STEP][PASSED] - setValueToCellByIndex(sheet01, n, 3, fileInt): null

03-03-2025T13:30:30 - [TEST_STEP][PASSED] - setValueToCellByIndex(sheet01, n, 4, pageInt): null

03-03-2025T13:30:30 - [TEST_STEP][PASSED] - setValueToCellByIndex(sheet01, n, 5, m): null

03-03-2025T13:30:30 - [TEST_STEP][PASSED] - setValueToCellByIndex(sheet01, n, 6, y): null

03-03-2025T13:30:30 - [TEST_STEP][PASSED] - setValueToCellByIndex(sheet01, n, 7, todaysDate): null

03-03-2025T13:30:30 - [TEST_STEP][PASSED] - n = n + 1: null

03-03-2025T13:30:30 - [TEST_STEP][PASSED] - saveWorkbook(excelFilePath, workbook01): null

03-03-2025T13:30:30 - [TEST_STEP][PASSED] - if (planFact == 2): null

03-03-2025T13:30:30 - [TEST_STEP][PASSED] - if (planFact == 1): null

03-03-2025T13:30:30 - [TEST_STEP][PASSED] - else if (planFact == 2): null

03-03-2025T13:30:30 - [TEST_STEP][PASSED] - click(findTestObject("Выполнение бизнес-плана/Кнопка План")): Object: 'Object Repository/Выполнение бизнес-плана/Кнопка План' is clicked on

03-03-2025T13:30:30 - [MESSAGE][PASSED] - Object: 'Object Repository/Выполнение бизнес-плана/Кнопка План' is clicked on

03-03-2025T13:30:30 - [TEST_STEP][PASSED] - typeOfDataMain = "План": null

03-03-2025T13:30:30 - [TEST_STEP][PASSED] - otpusk = findTestData("PlanFact").getValue(2, a): null

03-03-2025T13:30:30 - [TEST_STEP][PASSED] - poteri = findTestData("PlanFact").getValue(3, a): null

03-03-2025T13:30:30 - [TEST_STEP][PASSED] - otpusk = otpusk.replaceAll("\s+", ""): null

03-03-2025T13:30:30 - [TEST_STEP][PASSED] - poteri = poteri.replaceAll("\s+", ""): null

03-03-2025T13:30:30 - [TEST_STEP][PASSED] - typeOfData = typeOfDataMain + " Отпуск в сеть": null

03-03-2025T13:30:30 - [TEST_STEP][PASSED] - if (a == 82): null

03-03-2025T13:30:30 - [TEST_STEP][PASSED] - else if (a == 84): null

03-03-2025T13:30:30 - [TEST_STEP][PASSED] - else if (a == 83 || a == 52 || a == 72 || a == 28 || a == 73 || a == 77 || a == 74 || a == 65 || a == 36 || a == 44 || a == 53 || a == 80 || a == 54 || a == 1 || a == 18 || a == 59 || a == 81): null

03-03-2025T13:30:30 - [TEST_STEP][PASSED] - else: null

03-03-2025T13:30:30 - [TEST_STEP][PASSED] - path = dataFolder + typeOfData + " за отчётный период " + b: null

03-03-2025T13:30:30 - [TEST_STEP][PASSED] - println(path): null

03-03-2025T13:30:30 - [TEST_STEP][PASSED] - page = getText(findTestObject(path)): Text of object 'Object Repository/Выполнение бизнес-плана/Значения со страницы Выполнение бизнес-плана/План Отпуск в сеть за отчётный период Каббалкэнерго' is: '173 734'

03-03-2025T13:30:31 - [MESSAGE][PASSED] - Text of object 'Object Repository/Выполнение бизнес-плана/Значения со страницы Выполнение бизнес-плана/План Отпуск в сеть за отчётный период Каббалкэнерго' is: '173 734'

03-03-2025T13:30:31 - [TEST_STEP][PASSED] - if (page == "" || page == null): null

03-03-2025T13:30:31 - [TEST_STEP][PASSED] - else: null

03-03-2025T13:30:31 - [TEST_STEP][PASSED] - page = page.replaceAll("\s+", ""): null

03-03-2025T13:30:31 - [TEST_STEP][PASSED] - fileOtpuskVSet = otpusk.toInteger(): null

03-03-2025T13:30:31 - [TEST_STEP][PASSED] - pageOtpuskVSet = page.toInteger(): null

03-03-2025T13:30:31 - [TEST_STEP][PASSED] - typeOfData = typeOfDataMain + " Потери": null

03-03-2025T13:30:31 - [TEST_STEP][PASSED] - if (a == 82): null

03-03-2025T13:30:31 - [TEST_STEP][PASSED] - else if (a == 84): null

03-03-2025T13:30:31 - [TEST_STEP][PASSED] - else if (a == 83 || a == 52 || a == 72 || a == 28 || a == 73 || a == 77 || a == 74 || a == 65 || a == 44 || a == 53 || a == 80 || a == 54 || a == 1 || a == 18 || a == 59 || a == 81): null

03-03-2025T13:30:31 - [TEST_STEP][PASSED] - else: null

03-03-2025T13:30:31 - [TEST_STEP][PASSED] - path = dataFolder + typeOfData + " за отчётный период " + b: null

03-03-2025T13:30:31 - [TEST_STEP][PASSED] - page = getText(findTestObject(path)): Text of object 'Object Repository/Выполнение бизнес-плана/Значения со страницы Выполнение бизнес-плана/План Потери за отчётный период Каббалкэнерго' is: '41 572'

03-03-2025T13:30:31 - [MESSAGE][PASSED] - Text of object 'Object Repository/Выполнение бизнес-плана/Значения со страницы Выполнение бизнес-плана/План Потери за отчётный период Каббалкэнерго' is: '41 572'

03-03-2025T13:30:31 - [TEST_STEP][PASSED] - if (page == "" || page == null): null

03-03-2025T13:30:31 - [TEST_STEP][PASSED] - else: null

03-03-2025T13:30:31 - [TEST_STEP][PASSED] - page = page.replaceAll("\s+", ""): null

03-03-2025T13:30:31 - [TEST_STEP][PASSED] - filePoteri = poteri.toInteger(): null

03-03-2025T13:30:31 - [TEST_STEP][PASSED] - pagePoteri = page.toInteger(): null

03-03-2025T13:30:31 - [TEST_STEP][PASSED] - compare = pageOtpuskVSet: null

03-03-2025T13:30:31 - [TEST_STEP][PASSED] - if (pageOtpuskVSet != null): null

03-03-2025T13:30:31 - [TEST_STEP][PASSED] - if (compare == fileOtpuskVSet): null

03-03-2025T13:30:31 - [TEST_STEP][PASSED] - else if (compare > fileOtpuskVSet): null

03-03-2025T13:30:31 - [TEST_STEP][PASSED] - else if (compare < fileOtpuskVSet): null

03-03-2025T13:30:31 - [TEST_STEP][PASSED] - compare = compare + 1: null

03-03-2025T13:30:31 - [TEST_STEP][PASSED] - if (compare == fileOtpuskVSet): null

03-03-2025T13:30:31 - [TEST_STEP][PASSED] - else: null

03-03-2025T13:30:31 - [TEST_STEP][PASSED] - numberOfErrors = numberOfErrors + 1: null

03-03-2025T13:30:31 - [TEST_STEP][PASSED] - pageInt = pageOtpuskVSet: null

03-03-2025T13:30:31 - [TEST_STEP][PASSED] - fileInt = fileOtpuskVSet: null

03-03-2025T13:30:31 - [TEST_STEP][PASSED] - typeOfData = typeOfDataMain + " Отпуск в сеть": null

03-03-2025T13:30:31 - [TEST_STEP][PASSED] - Script1718980020443.WriteToExcel(a, typeOfData, todaysDate, pageInt, fileInt, pageDouble, fileDouble, dZO): null

03-03-2025T13:30:31 - [TEST_STEP][PASSED] - sheetName = "Sheet1": null

03-03-2025T13:30:31 - [TEST_STEP][PASSED] - data = findTestData("PlanFact"): null

03-03-2025T13:30:31 - [TEST_STEP][PASSED] - n = data.getRowNumbers() + 1: null

03-03-2025T13:30:31 - [TEST_STEP][PASSED] - day = ")).toInteger(): null

03-03-2025T13:30:31 - [TEST_STEP][PASSED] - println(day): null

03-03-2025T13:30:31 - [TEST_STEP][PASSED] - month = ")).toInteger(): null

03-03-2025T13:30:31 - [TEST_STEP][PASSED] - println(month): null

03-03-2025T13:30:31 - [TEST_STEP][PASSED] - y = <not implemented yet for class: org.codehaus.groovy.ast.expr.EmptyExpression>: null

03-03-2025T13:30:31 - [TEST_STEP][PASSED] - iy = <not implemented yet for class: org.codehaus.groovy.ast.expr.EmptyExpression>: null

03-03-2025T13:30:31 - [TEST_STEP][PASSED] - m = getText(findTestObject("Выполнение бизнес-плана/Период")): Text of object 'Object Repository/Выполнение бизнес-плана/Период' is: '2024 год'

03-03-2025T13:30:31 - [MESSAGE][PASSED] - Text of object 'Object Repository/Выполнение бизнес-плана/Период' is: '2024 год'

03-03-2025T13:30:31 - [TEST_STEP][PASSED] - iy = m.indexOf("20"): null

03-03-2025T13:30:31 - [TEST_STEP][PASSED] - if (iy > -1): null

03-03-2025T13:30:31 - [TEST_STEP][PASSED] - y = substring(iy, iy + 4).toInteger(): null

03-03-2025T13:30:31 - [TEST_STEP][PASSED] - println(y): null

03-03-2025T13:30:31 - [TEST_STEP][PASSED] - if (toString().length() == 4): null

03-03-2025T13:30:31 - [TEST_STEP][PASSED] - m = m.substring(0, m.indexOf(y.toString())): null

03-03-2025T13:30:31 - [TEST_STEP][PASSED] - m = m.trim(): null

03-03-2025T13:30:31 - [TEST_STEP][PASSED] - if (m == ""): null

03-03-2025T13:30:31 - [TEST_STEP][PASSED] - m = "весь год": null

03-03-2025T13:30:31 - [TEST_STEP][PASSED] - dashboardName = "Выполнение бизнес-плана": null

03-03-2025T13:30:31 - [TEST_STEP][PASSED] - workbook01 = getWorkbook(excelFilePath): null

03-03-2025T13:30:31 - [TEST_STEP][PASSED] - sheet01 = getExcelSheet(workbook01, sheetName): null

03-03-2025T13:30:31 - [TEST_STEP][PASSED] - setValueToCellByIndex(sheet01, n, 0, dashboardName): null

03-03-2025T13:30:31 - [TEST_STEP][PASSED] - setValueToCellByIndex(sheet01, n, 1, dZO): null

03-03-2025T13:30:31 - [TEST_STEP][PASSED] - setValueToCellByIndex(sheet01, n, 2, typeOfData): null

03-03-2025T13:30:31 - [TEST_STEP][PASSED] - if (typeOfData == "Факт в процентах" || typeOfData == "План в процентах"): null

03-03-2025T13:30:31 - [TEST_STEP][PASSED] - else: null

03-03-2025T13:30:31 - [TEST_STEP][PASSED] - setValueToCellByIndex(sheet01, n, 3, fileInt): null

03-03-2025T13:30:31 - [TEST_STEP][PASSED] - setValueToCellByIndex(sheet01, n, 4, pageInt): null

03-03-2025T13:30:31 - [TEST_STEP][PASSED] - setValueToCellByIndex(sheet01, n, 5, m): null

03-03-2025T13:30:31 - [TEST_STEP][PASSED] - setValueToCellByIndex(sheet01, n, 6, y): null

03-03-2025T13:30:31 - [TEST_STEP][PASSED] - setValueToCellByIndex(sheet01, n, 7, todaysDate): null

03-03-2025T13:30:31 - [TEST_STEP][PASSED] - n = n + 1: null

03-03-2025T13:30:31 - [TEST_STEP][PASSED] - saveWorkbook(excelFilePath, workbook01): null

03-03-2025T13:30:32 - [TEST_STEP][PASSED] - compare = pagePoteri: null

03-03-2025T13:30:32 - [TEST_STEP][PASSED] - if (pageOtpuskVSet != null): null

03-03-2025T13:30:32 - [TEST_STEP][PASSED] - if (compare == filePoteri): null

03-03-2025T13:30:32 - [TEST_STEP][PASSED] - else if (compare > filePoteri): null

03-03-2025T13:30:32 - [TEST_STEP][PASSED] - else if (compare < filePoteri): null

03-03-2025T13:30:32 - [TEST_STEP][PASSED] - compare = compare + 1: null

03-03-2025T13:30:32 - [TEST_STEP][PASSED] - if (compare == filePoteri): null

03-03-2025T13:30:32 - [TEST_STEP][PASSED] - else: null

03-03-2025T13:30:32 - [TEST_STEP][PASSED] - numberOfErrors = numberOfErrors + 1: null

03-03-2025T13:30:32 - [TEST_STEP][PASSED] - pageInt = pagePoteri: null

03-03-2025T13:30:32 - [TEST_STEP][PASSED] - fileInt = filePoteri: null

03-03-2025T13:30:32 - [TEST_STEP][PASSED] - typeOfData = typeOfDataMain + " Потери": null

03-03-2025T13:30:32 - [TEST_STEP][PASSED] - Script1718980020443.WriteToExcel(a, typeOfData, todaysDate, pageInt, fileInt, pageDouble, fileDouble, dZO): null

03-03-2025T13:30:32 - [TEST_STEP][PASSED] - sheetName = "Sheet1": null

03-03-2025T13:30:32 - [TEST_STEP][PASSED] - data = findTestData("PlanFact"): null

03-03-2025T13:30:32 - [TEST_STEP][PASSED] - n = data.getRowNumbers() + 1: null

03-03-2025T13:30:32 - [TEST_STEP][PASSED] - day = ")).toInteger(): null

03-03-2025T13:30:32 - [TEST_STEP][PASSED] - println(day): null

03-03-2025T13:30:32 - [TEST_STEP][PASSED] - month = ")).toInteger(): null

03-03-2025T13:30:32 - [TEST_STEP][PASSED] - println(month): null

03-03-2025T13:30:32 - [TEST_STEP][PASSED] - y = <not implemented yet for class: org.codehaus.groovy.ast.expr.EmptyExpression>: null

03-03-2025T13:30:32 - [TEST_STEP][PASSED] - iy = <not implemented yet for class: org.codehaus.groovy.ast.expr.EmptyExpression>: null

03-03-2025T13:30:32 - [TEST_STEP][PASSED] - m = getText(findTestObject("Выполнение бизнес-плана/Период")): Text of object 'Object Repository/Выполнение бизнес-плана/Период' is: '2024 год'

03-03-2025T13:30:32 - [MESSAGE][PASSED] - Text of object 'Object Repository/Выполнение бизнес-плана/Период' is: '2024 год'

03-03-2025T13:30:32 - [TEST_STEP][PASSED] - iy = m.indexOf("20"): null

03-03-2025T13:30:32 - [TEST_STEP][PASSED] - if (iy > -1): null

03-03-2025T13:30:32 - [TEST_STEP][PASSED] - y = substring(iy, iy + 4).toInteger(): null

03-03-2025T13:30:32 - [TEST_STEP][PASSED] - println(y): null

03-03-2025T13:30:32 - [TEST_STEP][PASSED] - if (toString().length() == 4): null

03-03-2025T13:30:32 - [TEST_STEP][PASSED] - m = m.substring(0, m.indexOf(y.toString())): null

03-03-2025T13:30:32 - [TEST_STEP][PASSED] - m = m.trim(): null

03-03-2025T13:30:32 - [TEST_STEP][PASSED] - if (m == ""): null

03-03-2025T13:30:32 - [TEST_STEP][PASSED] - m = "весь год": null

03-03-2025T13:30:32 - [TEST_STEP][PASSED] - dashboardName = "Выполнение бизнес-плана": null

03-03-2025T13:30:32 - [TEST_STEP][PASSED] - workbook01 = getWorkbook(excelFilePath): null

03-03-2025T13:30:32 - [TEST_STEP][PASSED] - sheet01 = getExcelSheet(workbook01, sheetName): null

03-03-2025T13:30:32 - [TEST_STEP][PASSED] - setValueToCellByIndex(sheet01, n, 0, dashboardName): null

03-03-2025T13:30:32 - [TEST_STEP][PASSED] - setValueToCellByIndex(sheet01, n, 1, dZO): null

03-03-2025T13:30:32 - [TEST_STEP][PASSED] - setValueToCellByIndex(sheet01, n, 2, typeOfData): null

03-03-2025T13:30:32 - [TEST_STEP][PASSED] - if (typeOfData == "Факт в процентах" || typeOfData == "План в процентах"): null

03-03-2025T13:30:32 - [TEST_STEP][PASSED] - else: null

03-03-2025T13:30:32 - [TEST_STEP][PASSED] - setValueToCellByIndex(sheet01, n, 3, fileInt): null

03-03-2025T13:30:32 - [TEST_STEP][PASSED] - setValueToCellByIndex(sheet01, n, 4, pageInt): null

03-03-2025T13:30:32 - [TEST_STEP][PASSED] - setValueToCellByIndex(sheet01, n, 5, m): null

03-03-2025T13:30:32 - [TEST_STEP][PASSED] - setValueToCellByIndex(sheet01, n, 6, y): null

03-03-2025T13:30:32 - [TEST_STEP][PASSED] - setValueToCellByIndex(sheet01, n, 7, todaysDate): null

03-03-2025T13:30:32 - [TEST_STEP][PASSED] - n = n + 1: null

03-03-2025T13:30:32 - [TEST_STEP][PASSED] - saveWorkbook(excelFilePath, workbook01): Object: 'Object Repository/Выполнение бизнес-плана/Кнопка Факт' is clicked on

03-03-2025T13:30:32 - [TEST_STEP][PASSED] - if (planFact == 2): Object: 'Object Repository/Выполнение бизнес-плана/Кнопка Факт' is clicked on

03-03-2025T13:30:32 - [TEST_STEP][PASSED] - click(findTestObject("Выполнение бизнес-плана/Кнопка Факт")): Object: 'Object Repository/Выполнение бизнес-плана/Кнопка Факт' is clicked on

03-03-2025T13:30:33 - [MESSAGE][PASSED] - Object: 'Object Repository/Выполнение бизнес-плана/Кнопка Факт' is clicked on

03-03-2025T13:30:33 - [TEST_STEP][PASSED] - println("a=" + a): null

03-03-2025T13:30:33 - [TEST_STEP][PASSED] - if (a == 84 || a == 82): null

03-03-2025T13:30:33 - [TEST_STEP][PASSED] - else if (a == 83 || a == 52 || a == 72 || a == 28 || a == 73 || a == 77 || a == 74 || a == 65 || a == 36 || a == 44 || a == 53 || a == 80 || a == 54 || a == 1 || a == 18 || a == 59 || a == 81): null

03-03-2025T13:30:33 - [TEST_STEP][PASSED] - else: null

03-03-2025T13:30:33 - [TEST_STEP][PASSED] - page1 = getText(findTestObject("Object Repository/Выполнение бизнес-плана/spanPlan" + filialNum)): Text of object 'Object Repository/Выполнение бизнес-плана/spanPlan3' is: '20.29
|'

03-03-2025T13:30:33 - [MESSAGE][PASSED] - Text of object 'Object Repository/Выполнение бизнес-плана/spanPlan3' is: '20.29
|'

03-03-2025T13:30:33 - [TEST_STEP][PASSED] - page1 = page1.replace("|", ""): null

03-03-2025T13:30:33 - [TEST_STEP][PASSED] - page2 = getText(findTestObject("Object Repository/Выполнение бизнес-плана/spanFact" + filialNum)): Text of object 'Object Repository/Выполнение бизнес-плана/spanFact3' is: '20.02
|'

03-03-2025T13:30:33 - [MESSAGE][PASSED] - Text of object 'Object Repository/Выполнение бизнес-плана/spanFact3' is: '20.02
|'

03-03-2025T13:30:33 - [TEST_STEP][PASSED] - page2 = page2.replace("|", ""): null

03-03-2025T13:30:33 - [TEST_STEP][PASSED] - println("page1: " + page1): null

03-03-2025T13:30:33 - [TEST_STEP][PASSED] - println("page2: " + page2): null

03-03-2025T13:30:33 - [TEST_STEP][PASSED] - file = findTestData("PlanFact").getValue(4, a): null

03-03-2025T13:30:33 - [TEST_STEP][PASSED] - file = file.replace(",", "."): null

03-03-2025T13:30:33 - [TEST_STEP][PASSED] - println("file Plan: " + file): null

03-03-2025T13:30:33 - [TEST_STEP][PASSED] - typeOfData = "План в процентах": null

03-03-2025T13:30:33 - [TEST_STEP][PASSED] - fileDouble = file.toDouble(): null

03-03-2025T13:30:33 - [TEST_STEP][PASSED] - pageDouble = page1.toDouble(): null

03-03-2025T13:30:33 - [TEST_STEP][PASSED] - if (fileDouble != pageDouble): null

03-03-2025T13:30:33 - [TEST_STEP][PASSED] - numberOfErrors = numberOfErrors + 1: null

03-03-2025T13:30:33 - [TEST_STEP][PASSED] - Script1718980020443.WriteToExcel(a, typeOfData, todaysDate, pageInt, fileInt, pageDouble, fileDouble, dZO): null

03-03-2025T13:30:33 - [TEST_STEP][PASSED] - sheetName = "Sheet1": null

03-03-2025T13:30:33 - [TEST_STEP][PASSED] - data = findTestData("PlanFact"): null

03-03-2025T13:30:33 - [TEST_STEP][PASSED] - n = data.getRowNumbers() + 1: null

03-03-2025T13:30:33 - [TEST_STEP][PASSED] - day = ")).toInteger(): null

03-03-2025T13:30:33 - [TEST_STEP][PASSED] - println(day): null

03-03-2025T13:30:33 - [TEST_STEP][PASSED] - month = ")).toInteger(): null

03-03-2025T13:30:33 - [TEST_STEP][PASSED] - println(month): null

03-03-2025T13:30:33 - [TEST_STEP][PASSED] - y = <not implemented yet for class: org.codehaus.groovy.ast.expr.EmptyExpression>: null

03-03-2025T13:30:33 - [TEST_STEP][PASSED] - iy = <not implemented yet for class: org.codehaus.groovy.ast.expr.EmptyExpression>: null

03-03-2025T13:30:33 - [TEST_STEP][PASSED] - m = getText(findTestObject("Выполнение бизнес-плана/Период")): Text of object 'Object Repository/Выполнение бизнес-плана/Период' is: '2024 год'

03-03-2025T13:30:34 - [MESSAGE][PASSED] - Text of object 'Object Repository/Выполнение бизнес-плана/Период' is: '2024 год'

03-03-2025T13:30:34 - [TEST_STEP][PASSED] - iy = m.indexOf("20"): null

03-03-2025T13:30:34 - [TEST_STEP][PASSED] - if (iy > -1): null

03-03-2025T13:30:34 - [TEST_STEP][PASSED] - y = substring(iy, iy + 4).toInteger(): null

03-03-2025T13:30:34 - [TEST_STEP][PASSED] - println(y): null

03-03-2025T13:30:34 - [TEST_STEP][PASSED] - if (toString().length() == 4): null

03-03-2025T13:30:34 - [TEST_STEP][PASSED] - m = m.substring(0, m.indexOf(y.toString())): null

03-03-2025T13:30:34 - [TEST_STEP][PASSED] - m = m.trim(): null

03-03-2025T13:30:34 - [TEST_STEP][PASSED] - if (m == ""): null

03-03-2025T13:30:34 - [TEST_STEP][PASSED] - m = "весь год": null

03-03-2025T13:30:34 - [TEST_STEP][PASSED] - dashboardName = "Выполнение бизнес-плана": null

03-03-2025T13:30:34 - [TEST_STEP][PASSED] - workbook01 = getWorkbook(excelFilePath): null

03-03-2025T13:30:34 - [TEST_STEP][PASSED] - sheet01 = getExcelSheet(workbook01, sheetName): null

03-03-2025T13:30:34 - [TEST_STEP][PASSED] - setValueToCellByIndex(sheet01, n, 0, dashboardName): null

03-03-2025T13:30:34 - [TEST_STEP][PASSED] - setValueToCellByIndex(sheet01, n, 1, dZO): null

03-03-2025T13:30:34 - [TEST_STEP][PASSED] - setValueToCellByIndex(sheet01, n, 2, typeOfData): null

03-03-2025T13:30:34 - [TEST_STEP][PASSED] - if (typeOfData == "Факт в процентах" || typeOfData == "План в процентах"): null

03-03-2025T13:30:34 - [TEST_STEP][PASSED] - setValueToCellByIndex(sheet01, n, 3, fileDouble): null

03-03-2025T13:30:34 - [TEST_STEP][PASSED] - setValueToCellByIndex(sheet01, n, 4, pageDouble): null

03-03-2025T13:30:34 - [TEST_STEP][PASSED] - setValueToCellByIndex(sheet01, n, 5, m): null

03-03-2025T13:30:34 - [TEST_STEP][PASSED] - setValueToCellByIndex(sheet01, n, 6, y): null

03-03-2025T13:30:34 - [TEST_STEP][PASSED] - setValueToCellByIndex(sheet01, n, 7, todaysDate): null

03-03-2025T13:30:34 - [TEST_STEP][PASSED] - n = n + 1: null

03-03-2025T13:30:34 - [TEST_STEP][PASSED] - saveWorkbook(excelFilePath, workbook01): null

03-03-2025T13:30:34 - [TEST_STEP][PASSED] - file = findTestData("PlanFact").getValue(7, a): null

03-03-2025T13:30:34 - [TEST_STEP][PASSED] - file = file.replace(",", "."): null

03-03-2025T13:30:34 - [TEST_STEP][PASSED] - println("file Fact: " + file): null

03-03-2025T13:30:34 - [TEST_STEP][PASSED] - fileDouble = file.toDouble(): null

03-03-2025T13:30:34 - [TEST_STEP][PASSED] - typeOfData = "Факт в процентах": null

03-03-2025T13:30:34 - [TEST_STEP][PASSED] - fileDouble = file.toDouble(): null

03-03-2025T13:30:34 - [TEST_STEP][PASSED] - pageDouble = page2.toDouble(): null

03-03-2025T13:30:34 - [TEST_STEP][PASSED] - if (fileDouble != pageDouble): null

03-03-2025T13:30:34 - [TEST_STEP][PASSED] - numberOfErrors = numberOfErrors + 1: null

03-03-2025T13:30:34 - [TEST_STEP][PASSED] - Script1718980020443.WriteToExcel(a, typeOfData, todaysDate, pageInt, fileInt, pageDouble, fileDouble, dZO): null

03-03-2025T13:30:34 - [TEST_STEP][PASSED] - sheetName = "Sheet1": null

03-03-2025T13:30:34 - [TEST_STEP][PASSED] - data = findTestData("PlanFact"): null

03-03-2025T13:30:34 - [TEST_STEP][PASSED] - n = data.getRowNumbers() + 1: null

03-03-2025T13:30:34 - [TEST_STEP][PASSED] - day = ")).toInteger(): null

03-03-2025T13:30:34 - [TEST_STEP][PASSED] - println(day): null

03-03-2025T13:30:34 - [TEST_STEP][PASSED] - month = ")).toInteger(): null

03-03-2025T13:30:34 - [TEST_STEP][PASSED] - println(month): null

03-03-2025T13:30:34 - [TEST_STEP][PASSED] - y = <not implemented yet for class: org.codehaus.groovy.ast.expr.EmptyExpression>: null

03-03-2025T13:30:34 - [TEST_STEP][PASSED] - iy = <not implemented yet for class: org.codehaus.groovy.ast.expr.EmptyExpression>: null

03-03-2025T13:30:34 - [TEST_STEP][PASSED] - m = getText(findTestObject("Выполнение бизнес-плана/Период")): Text of object 'Object Repository/Выполнение бизнес-плана/Период' is: '2024 год'

03-03-2025T13:30:34 - [MESSAGE][PASSED] - Text of object 'Object Repository/Выполнение бизнес-плана/Период' is: '2024 год'

03-03-2025T13:30:34 - [TEST_STEP][PASSED] - iy = m.indexOf("20"): null

03-03-2025T13:30:34 - [TEST_STEP][PASSED] - if (iy > -1): null

03-03-2025T13:30:34 - [TEST_STEP][PASSED] - y = substring(iy, iy + 4).toInteger(): null

03-03-2025T13:30:34 - [TEST_STEP][PASSED] - println(y): null

03-03-2025T13:30:34 - [TEST_STEP][PASSED] - if (toString().length() == 4): null

03-03-2025T13:30:34 - [TEST_STEP][PASSED] - m = m.substring(0, m.indexOf(y.toString())): null

03-03-2025T13:30:34 - [TEST_STEP][PASSED] - m = m.trim(): null

03-03-2025T13:30:34 - [TEST_STEP][PASSED] - if (m == ""): null

03-03-2025T13:30:34 - [TEST_STEP][PASSED] - m = "весь год": null

03-03-2025T13:30:34 - [TEST_STEP][PASSED] - dashboardName = "Выполнение бизнес-плана": null

03-03-2025T13:30:34 - [TEST_STEP][PASSED] - workbook01 = getWorkbook(excelFilePath): null

03-03-2025T13:30:35 - [TEST_STEP][PASSED] - sheet01 = getExcelSheet(workbook01, sheetName): null

03-03-2025T13:30:35 - [TEST_STEP][PASSED] - setValueToCellByIndex(sheet01, n, 0, dashboardName): null

03-03-2025T13:30:35 - [TEST_STEP][PASSED] - setValueToCellByIndex(sheet01, n, 1, dZO): null

03-03-2025T13:30:35 - [TEST_STEP][PASSED] - setValueToCellByIndex(sheet01, n, 2, typeOfData): null

03-03-2025T13:30:35 - [TEST_STEP][PASSED] - if (typeOfData == "Факт в процентах" || typeOfData == "План в процентах"): null

03-03-2025T13:30:35 - [TEST_STEP][PASSED] - setValueToCellByIndex(sheet01, n, 3, fileDouble): null

03-03-2025T13:30:35 - [TEST_STEP][PASSED] - setValueToCellByIndex(sheet01, n, 4, pageDouble): null

03-03-2025T13:30:35 - [TEST_STEP][PASSED] - setValueToCellByIndex(sheet01, n, 5, m): null

03-03-2025T13:30:35 - [TEST_STEP][PASSED] - setValueToCellByIndex(sheet01, n, 6, y): null

03-03-2025T13:30:35 - [TEST_STEP][PASSED] - setValueToCellByIndex(sheet01, n, 7, todaysDate): null

03-03-2025T13:30:35 - [TEST_STEP][PASSED] - n = n + 1: null

03-03-2025T13:30:35 - [TEST_STEP][PASSED] - saveWorkbook(excelFilePath, workbook01): null

03-03-2025T13:30:35 - [TEST_STEP][FAILED] - if (verifyEqual(numberOfErrors, 0) == false): null

03-03-2025T13:30:35 - [MESSAGE][FAILED] - Unable to verify equal between actual object '6' and expected object '0' (Root cause: com.kms.katalon.core.exception.StepFailedException: Actual object '6' and expected object '0' are not equal
	at com.kms.katalon.core.keyword.builtin.VerifyEqualKeyword$_verifyEqual_closure1.doCall(VerifyEqualKeyword.groovy:58)
	at com.kms.katalon.core.keyword.builtin.VerifyEqualKeyword$_verifyEqual_closure1.call(VerifyEqualKeyword.groovy)
	at com.kms.katalon.core.keyword.internal.KeywordMain.runKeyword(KeywordMain.groovy:75)
	at com.kms.katalon.core.keyword.builtin.VerifyEqualKeyword.verifyEqual(VerifyEqualKeyword.groovy:63)
	at com.kms.katalon.core.keyword.builtin.VerifyEqualKeyword.execute(VerifyEqualKeyword.groovy:44)
	at com.kms.katalon.core.keyword.internal.KeywordExecutor.executeKeywordForPlatform(KeywordExecutor.groovy:74)
	at com.kms.katalon.core.keyword.BuiltinKeywords.verifyEqual(BuiltinKeywords.groovy:146)
	at jdk.internal.reflect.GeneratedMethodAccessor24.invoke(Unknown Source)
	at java.base/jdk.internal.reflect.DelegatingMethodAccessorImpl.invoke(DelegatingMethodAccessorImpl.java:43)
	at Выполнение бизнес-плана Сверка ПАО Россети все филиалы.Numbers(Выполнение бизнес-плана Сверка ПАО Россети все филиалы:736)
	at Выполнение бизнес-плана Сверка ПАО Россети все филиалы.Filials(Выполнение бизнес-плана Сверка ПАО Россети все филиалы:1103)
	at Выполнение бизнес-плана Сверка ПАО Россети все филиалы.Numbers(Выполнение бизнес-плана Сверка ПАО Россети все филиалы:743)
	at Выполнение бизнес-плана Сверка ПАО Россети все филиалы.run(Выполнение бизнес-плана Сверка ПАО Россети все филиалы:280)
	at com.kms.katalon.core.main.ScriptEngine.run(ScriptEngine.java:194)
	at com.kms.katalon.core.main.ScriptEngine.runScriptAsRawText(ScriptEngine.java:119)
	at com.kms.katalon.core.main.TestCaseExecutor.runScript(TestCaseExecutor.java:448)
	at com.kms.katalon.core.main.TestCaseExecutor.doExecute(TestCaseExecutor.java:439)
	at com.kms.katalon.core.main.TestCaseExecutor.processExecutionPhase(TestCaseExecutor.java:418)
	at com.kms.katalon.core.main.TestCaseExecutor.accessMainPhase(TestCaseExecutor.java:410)
	at com.kms.katalon.core.main.TestCaseExecutor.execute(TestCaseExecutor.java:285)
	at com.kms.katalon.core.common.CommonExecutor.accessTestCaseMainPhase(CommonExecutor.java:65)
	at com.kms.katalon.core.main.TestSuiteExecutor.accessTestSuiteMainPhase(TestSuiteExecutor.java:150)
	at com.kms.katalon.core.main.TestSuiteExecutor.execute(TestSuiteExecutor.java:106)
	at com.kms.katalon.core.main.TestCaseMain.startTestSuite(TestCaseMain.java:180)
	at TempTestSuite1740991900055.run(TempTestSuite1740991900055.groovy:35)
	at java.base/jdk.internal.reflect.NativeMethodAccessorImpl.invoke0(Native Method)
	at java.base/jdk.internal.reflect.NativeMethodAccessorImpl.invoke(NativeMethodAccessorImpl.java:77)
	at java.base/jdk.internal.reflect.DelegatingMethodAccessorImpl.invoke(DelegatingMethodAccessorImpl.java:43)
)

03-03-2025T13:30:35 - [TEST_STEP][PASSED] - println(numberOfErrors): null

03-03-2025T13:30:35 - [TEST_STEP][PASSED] - println("a=" + a): null

03-03-2025T13:30:35 - [TEST_STEP][PASSED] - if (a == 28 || a == 77 || a == 74 || a == 65 || a == 36 || a == 44 || a == 54 || a == 1 || a == 18 || a == 59): null

03-03-2025T13:30:35 - [TEST_STEP][PASSED] - if (a == 82): null

03-03-2025T13:30:35 - [TEST_STEP][PASSED] - dZO = "Карачаево-Черкесскэнерго": null

03-03-2025T13:30:35 - [TEST_STEP][PASSED] - a = 67: null

03-03-2025T13:30:35 - [TEST_STEP][PASSED] - if (x2.contains(dZO)): null

03-03-2025T13:30:35 - [TEST_STEP][PASSED] - filialNum = filialNum + 1: null

03-03-2025T13:30:35 - [TEST_STEP][PASSED] - Script1718980020443.Numbers(a, typeOfData, todaysDate, pageInt, fileInt, pageDouble, fileDouble, dZO, dzoNum, filialNum): null

03-03-2025T13:30:35 - [TEST_STEP][PASSED] - println(dzoNum): null

03-03-2025T13:30:35 - [TEST_STEP][PASSED] - planFact = <not implemented yet for class: org.codehaus.groovy.ast.expr.EmptyExpression>: null

03-03-2025T13:30:35 - [TEST_STEP][PASSED] - page = <not implemented yet for class: org.codehaus.groovy.ast.expr.EmptyExpression>: null

03-03-2025T13:30:35 - [TEST_STEP][PASSED] - page1 = <not implemented yet for class: org.codehaus.groovy.ast.expr.EmptyExpression>: null

03-03-2025T13:30:35 - [TEST_STEP][PASSED] - page2 = <not implemented yet for class: org.codehaus.groovy.ast.expr.EmptyExpression>: null

03-03-2025T13:30:35 - [TEST_STEP][PASSED] - filialNumberInRow = <not implemented yet for class: org.codehaus.groovy.ast.expr.EmptyExpression>: null

03-03-2025T13:30:35 - [TEST_STEP][PASSED] - filialsDzoNames = <not implemented yet for class: org.codehaus.groovy.ast.expr.EmptyExpression>: null

03-03-2025T13:30:35 - [TEST_STEP][PASSED] - numberOfFilials = <not implemented yet for class: org.codehaus.groovy.ast.expr.EmptyExpression>: null

03-03-2025T13:30:35 - [TEST_STEP][PASSED] - numberOfSpaces = <not implemented yet for class: org.codehaus.groovy.ast.expr.EmptyExpression>: null

03-03-2025T13:30:35 - [TEST_STEP][PASSED] - file = <not implemented yet for class: org.codehaus.groovy.ast.expr.EmptyExpression>: null

03-03-2025T13:30:35 - [TEST_STEP][PASSED] - otpusk = <not implemented yet for class: org.codehaus.groovy.ast.expr.EmptyExpression>: null

03-03-2025T13:30:35 - [TEST_STEP][PASSED] - poteri = <not implemented yet for class: org.codehaus.groovy.ast.expr.EmptyExpression>: null

03-03-2025T13:30:35 - [TEST_STEP][PASSED] - dataFolder = "Выполнение бизнес-плана/Значения со страницы Выполнение бизнес-плана/": null

03-03-2025T13:30:35 - [TEST_STEP][PASSED] - path = <not implemented yet for class: org.codehaus.groovy.ast.expr.EmptyExpression>: null

03-03-2025T13:30:35 - [TEST_STEP][PASSED] - typeOfDataMain = <not implemented yet for class: org.codehaus.groovy.ast.expr.EmptyExpression>: null

03-03-2025T13:30:35 - [TEST_STEP][PASSED] - fileOtpuskVSet = <not implemented yet for class: org.codehaus.groovy.ast.expr.EmptyExpression>: null

03-03-2025T13:30:35 - [TEST_STEP][PASSED] - pageOtpuskVSet = <not implemented yet for class: org.codehaus.groovy.ast.expr.EmptyExpression>: null

03-03-2025T13:30:35 - [TEST_STEP][PASSED] - filePoteri = <not implemented yet for class: org.codehaus.groovy.ast.expr.EmptyExpression>: null

03-03-2025T13:30:35 - [TEST_STEP][PASSED] - pagePoteri = <not implemented yet for class: org.codehaus.groovy.ast.expr.EmptyExpression>: null

03-03-2025T13:30:35 - [TEST_STEP][PASSED] - compare = <not implemented yet for class: org.codehaus.groovy.ast.expr.EmptyExpression>: null

03-03-2025T13:30:35 - [TEST_STEP][PASSED] - b = <not implemented yet for class: org.codehaus.groovy.ast.expr.EmptyExpression>: null

03-03-2025T13:30:35 - [TEST_STEP][PASSED] - i = <not implemented yet for class: org.codehaus.groovy.ast.expr.EmptyExpression>: null

03-03-2025T13:30:35 - [TEST_STEP][PASSED] - ii = <not implemented yet for class: org.codehaus.groovy.ast.expr.EmptyExpression>: null

03-03-2025T13:30:35 - [TEST_STEP][PASSED] - c = <not implemented yet for class: org.codehaus.groovy.ast.expr.EmptyExpression>: null

03-03-2025T13:30:35 - [TEST_STEP][PASSED] - numberOfErrors = 0: null

03-03-2025T13:30:35 - [TEST_STEP][PASSED] - if (a == 82): null

03-03-2025T13:30:35 - [TEST_STEP][PASSED] - b = findTestData("PlanFact").getValue(1, a): null

03-03-2025T13:30:35 - [TEST_STEP][PASSED] - i = b.indexOf(" (ГК)"): null

03-03-2025T13:30:35 - [TEST_STEP][PASSED] - if (i > -1): null

03-03-2025T13:30:35 - [TEST_STEP][PASSED] - i = b.indexOf("О ""): null

03-03-2025T13:30:35 - [TEST_STEP][PASSED] - if (i > -1): null

03-03-2025T13:30:35 - [TEST_STEP][PASSED] - i = b.indexOf("О «"): null

03-03-2025T13:30:35 - [TEST_STEP][PASSED] - if (i > -1): null

03-03-2025T13:30:35 - [TEST_STEP][PASSED] - i = b.indexOf("г. "): null

03-03-2025T13:30:35 - [TEST_STEP][PASSED] - if (i > -1): null

03-03-2025T13:30:35 - [TEST_STEP][PASSED] - b = b.trim(): null

03-03-2025T13:30:35 - [TEST_STEP][PASSED] - println(b): null

03-03-2025T13:30:35 - [TEST_STEP][PASSED] - for ([planFact = 1, planFact < 3, (planFact++)]): null

03-03-2025T13:30:35 - [TEST_STEP][PASSED] - if (planFact == 1): null

03-03-2025T13:30:35 - [TEST_STEP][PASSED] - typeOfDataMain = "Факт": null

03-03-2025T13:30:35 - [TEST_STEP][PASSED] - otpusk = findTestData("PlanFact").getValue(5, a): null

03-03-2025T13:30:35 - [TEST_STEP][PASSED] - poteri = findTestData("PlanFact").getValue(6, a): null

03-03-2025T13:30:35 - [TEST_STEP][PASSED] - otpusk = otpusk.replaceAll("\s+", ""): null

03-03-2025T13:30:35 - [TEST_STEP][PASSED] - poteri = poteri.replaceAll("\s+", ""): null

03-03-2025T13:30:35 - [TEST_STEP][PASSED] - typeOfData = typeOfDataMain + " Отпуск в сеть": null

03-03-2025T13:30:35 - [TEST_STEP][PASSED] - if (a == 82): null

03-03-2025T13:30:35 - [TEST_STEP][PASSED] - else if (a == 84): null

03-03-2025T13:30:35 - [TEST_STEP][PASSED] - else if (a == 83 || a == 52 || a == 72 || a == 28 || a == 73 || a == 77 || a == 74 || a == 65 || a == 36 || a == 44 || a == 53 || a == 80 || a == 54 || a == 1 || a == 18 || a == 59 || a == 81): null

03-03-2025T13:30:35 - [TEST_STEP][PASSED] - else: null

03-03-2025T13:30:35 - [TEST_STEP][PASSED] - path = dataFolder + typeOfData + " за отчётный период " + b: null

03-03-2025T13:30:35 - [TEST_STEP][PASSED] - println(path): null

03-03-2025T13:30:35 - [TEST_STEP][PASSED] - page = getText(findTestObject(path)): Text of object 'Object Repository/Выполнение бизнес-плана/Значения со страницы Выполнение бизнес-плана/Факт Отпуск в сеть за отчётный период Карачаево-Черкесскэнерго' is: '147 704'

03-03-2025T13:30:35 - [MESSAGE][PASSED] - Text of object 'Object Repository/Выполнение бизнес-плана/Значения со страницы Выполнение бизнес-плана/Факт Отпуск в сеть за отчётный период Карачаево-Черкесскэнерго' is: '147 704'

03-03-2025T13:30:35 - [TEST_STEP][PASSED] - if (page == "" || page == null): null

03-03-2025T13:30:35 - [TEST_STEP][PASSED] - else: null

03-03-2025T13:30:35 - [TEST_STEP][PASSED] - page = page.replaceAll("\s+", ""): null

03-03-2025T13:30:35 - [TEST_STEP][PASSED] - fileOtpuskVSet = otpusk.toInteger(): null

03-03-2025T13:30:35 - [TEST_STEP][PASSED] - pageOtpuskVSet = page.toInteger(): null

03-03-2025T13:30:35 - [TEST_STEP][PASSED] - typeOfData = typeOfDataMain + " Потери": null

03-03-2025T13:30:35 - [TEST_STEP][PASSED] - if (a == 82): null

03-03-2025T13:30:35 - [TEST_STEP][PASSED] - else if (a == 84): null

03-03-2025T13:30:35 - [TEST_STEP][PASSED] - else if (a == 83 || a == 52 || a == 72 || a == 28 || a == 73 || a == 77 || a == 74 || a == 65 || a == 44 || a == 53 || a == 80 || a == 54 || a == 1 || a == 18 || a == 59 || a == 81): null

03-03-2025T13:30:35 - [TEST_STEP][PASSED] - else: null

03-03-2025T13:30:35 - [TEST_STEP][PASSED] - path = dataFolder + typeOfData + " за отчётный период " + b: null

03-03-2025T13:30:35 - [TEST_STEP][PASSED] - page = getText(findTestObject(path)): Text of object 'Object Repository/Выполнение бизнес-плана/Значения со страницы Выполнение бизнес-плана/Факт Потери за отчётный период Карачаево-Черкесскэнерго' is: '15 174'

03-03-2025T13:30:36 - [MESSAGE][PASSED] - Text of object 'Object Repository/Выполнение бизнес-плана/Значения со страницы Выполнение бизнес-плана/Факт Потери за отчётный период Карачаево-Черкесскэнерго' is: '15 174'

03-03-2025T13:30:36 - [TEST_STEP][PASSED] - if (page == "" || page == null): null

03-03-2025T13:30:36 - [TEST_STEP][PASSED] - else: null

03-03-2025T13:30:36 - [TEST_STEP][PASSED] - page = page.replaceAll("\s+", ""): null

03-03-2025T13:30:36 - [TEST_STEP][PASSED] - filePoteri = poteri.toInteger(): null

03-03-2025T13:30:36 - [TEST_STEP][PASSED] - pagePoteri = page.toInteger(): null

03-03-2025T13:30:36 - [TEST_STEP][PASSED] - compare = pageOtpuskVSet: null

03-03-2025T13:30:36 - [TEST_STEP][PASSED] - if (pageOtpuskVSet != null): null

03-03-2025T13:30:36 - [TEST_STEP][PASSED] - if (compare == fileOtpuskVSet): null

03-03-2025T13:30:36 - [TEST_STEP][PASSED] - else if (compare > fileOtpuskVSet): null

03-03-2025T13:30:36 - [TEST_STEP][PASSED] - else if (compare < fileOtpuskVSet): null

03-03-2025T13:30:36 - [TEST_STEP][PASSED] - compare = compare + 1: null

03-03-2025T13:30:36 - [TEST_STEP][PASSED] - if (compare == fileOtpuskVSet): null

03-03-2025T13:30:36 - [TEST_STEP][PASSED] - else: null

03-03-2025T13:30:36 - [TEST_STEP][PASSED] - numberOfErrors = numberOfErrors + 1: null

03-03-2025T13:30:36 - [TEST_STEP][PASSED] - pageInt = pageOtpuskVSet: null

03-03-2025T13:30:36 - [TEST_STEP][PASSED] - fileInt = fileOtpuskVSet: null

03-03-2025T13:30:36 - [TEST_STEP][PASSED] - typeOfData = typeOfDataMain + " Отпуск в сеть": null

03-03-2025T13:30:36 - [TEST_STEP][PASSED] - Script1718980020443.WriteToExcel(a, typeOfData, todaysDate, pageInt, fileInt, pageDouble, fileDouble, dZO): null

03-03-2025T13:30:36 - [TEST_STEP][PASSED] - sheetName = "Sheet1": null

03-03-2025T13:30:36 - [TEST_STEP][PASSED] - data = findTestData("PlanFact"): null

03-03-2025T13:30:36 - [TEST_STEP][PASSED] - n = data.getRowNumbers() + 1: null

03-03-2025T13:30:36 - [TEST_STEP][PASSED] - day = ")).toInteger(): null

03-03-2025T13:30:36 - [TEST_STEP][PASSED] - println(day): null

03-03-2025T13:30:36 - [TEST_STEP][PASSED] - month = ")).toInteger(): null

03-03-2025T13:30:36 - [TEST_STEP][PASSED] - println(month): null

03-03-2025T13:30:36 - [TEST_STEP][PASSED] - y = <not implemented yet for class: org.codehaus.groovy.ast.expr.EmptyExpression>: null

03-03-2025T13:30:36 - [TEST_STEP][PASSED] - iy = <not implemented yet for class: org.codehaus.groovy.ast.expr.EmptyExpression>: null

03-03-2025T13:30:36 - [TEST_STEP][PASSED] - m = getText(findTestObject("Выполнение бизнес-плана/Период")): Text of object 'Object Repository/Выполнение бизнес-плана/Период' is: '2024 год'

03-03-2025T13:30:36 - [MESSAGE][PASSED] - Text of object 'Object Repository/Выполнение бизнес-плана/Период' is: '2024 год'

03-03-2025T13:30:36 - [TEST_STEP][PASSED] - iy = m.indexOf("20"): null

03-03-2025T13:30:36 - [TEST_STEP][PASSED] - if (iy > -1): null

03-03-2025T13:30:36 - [TEST_STEP][PASSED] - y = substring(iy, iy + 4).toInteger(): null

03-03-2025T13:30:36 - [TEST_STEP][PASSED] - println(y): null

03-03-2025T13:30:36 - [TEST_STEP][PASSED] - if (toString().length() == 4): null

03-03-2025T13:30:36 - [TEST_STEP][PASSED] - m = m.substring(0, m.indexOf(y.toString())): null

03-03-2025T13:30:36 - [TEST_STEP][PASSED] - m = m.trim(): null

03-03-2025T13:30:36 - [TEST_STEP][PASSED] - if (m == ""): null

03-03-2025T13:30:36 - [TEST_STEP][PASSED] - m = "весь год": null

03-03-2025T13:30:36 - [TEST_STEP][PASSED] - dashboardName = "Выполнение бизнес-плана": null

03-03-2025T13:30:36 - [TEST_STEP][PASSED] - workbook01 = getWorkbook(excelFilePath): null

03-03-2025T13:30:36 - [TEST_STEP][PASSED] - sheet01 = getExcelSheet(workbook01, sheetName): null

03-03-2025T13:30:36 - [TEST_STEP][PASSED] - setValueToCellByIndex(sheet01, n, 0, dashboardName): null

03-03-2025T13:30:36 - [TEST_STEP][PASSED] - setValueToCellByIndex(sheet01, n, 1, dZO): null

03-03-2025T13:30:36 - [TEST_STEP][PASSED] - setValueToCellByIndex(sheet01, n, 2, typeOfData): null

03-03-2025T13:30:36 - [TEST_STEP][PASSED] - if (typeOfData == "Факт в процентах" || typeOfData == "План в процентах"): null

03-03-2025T13:30:36 - [TEST_STEP][PASSED] - else: null

03-03-2025T13:30:36 - [TEST_STEP][PASSED] - setValueToCellByIndex(sheet01, n, 3, fileInt): null

03-03-2025T13:30:36 - [TEST_STEP][PASSED] - setValueToCellByIndex(sheet01, n, 4, pageInt): null

03-03-2025T13:30:36 - [TEST_STEP][PASSED] - setValueToCellByIndex(sheet01, n, 5, m): null

03-03-2025T13:30:36 - [TEST_STEP][PASSED] - setValueToCellByIndex(sheet01, n, 6, y): null

03-03-2025T13:30:36 - [TEST_STEP][PASSED] - setValueToCellByIndex(sheet01, n, 7, todaysDate): null

03-03-2025T13:30:36 - [TEST_STEP][PASSED] - n = n + 1: null

03-03-2025T13:30:36 - [TEST_STEP][PASSED] - saveWorkbook(excelFilePath, workbook01): null

03-03-2025T13:30:36 - [TEST_STEP][PASSED] - compare = pagePoteri: null

03-03-2025T13:30:36 - [TEST_STEP][PASSED] - if (pageOtpuskVSet != null): null

03-03-2025T13:30:36 - [TEST_STEP][PASSED] - if (compare == filePoteri): null

03-03-2025T13:30:36 - [TEST_STEP][PASSED] - else if (compare > filePoteri): null

03-03-2025T13:30:36 - [TEST_STEP][PASSED] - else if (compare < filePoteri): null

03-03-2025T13:30:36 - [TEST_STEP][PASSED] - compare = compare + 1: null

03-03-2025T13:30:36 - [TEST_STEP][PASSED] - if (compare == filePoteri): null

03-03-2025T13:30:36 - [TEST_STEP][PASSED] - else: null

03-03-2025T13:30:36 - [TEST_STEP][PASSED] - numberOfErrors = numberOfErrors + 1: null

03-03-2025T13:30:36 - [TEST_STEP][PASSED] - pageInt = pagePoteri: null

03-03-2025T13:30:36 - [TEST_STEP][PASSED] - fileInt = filePoteri: null

03-03-2025T13:30:36 - [TEST_STEP][PASSED] - typeOfData = typeOfDataMain + " Потери": null

03-03-2025T13:30:36 - [TEST_STEP][PASSED] - Script1718980020443.WriteToExcel(a, typeOfData, todaysDate, pageInt, fileInt, pageDouble, fileDouble, dZO): null

03-03-2025T13:30:36 - [TEST_STEP][PASSED] - sheetName = "Sheet1": null

03-03-2025T13:30:36 - [TEST_STEP][PASSED] - data = findTestData("PlanFact"): null

03-03-2025T13:30:36 - [TEST_STEP][PASSED] - n = data.getRowNumbers() + 1: null

03-03-2025T13:30:36 - [TEST_STEP][PASSED] - day = ")).toInteger(): null

03-03-2025T13:30:36 - [TEST_STEP][PASSED] - println(day): null

03-03-2025T13:30:36 - [TEST_STEP][PASSED] - month = ")).toInteger(): null

03-03-2025T13:30:36 - [TEST_STEP][PASSED] - println(month): null

03-03-2025T13:30:36 - [TEST_STEP][PASSED] - y = <not implemented yet for class: org.codehaus.groovy.ast.expr.EmptyExpression>: null

03-03-2025T13:30:36 - [TEST_STEP][PASSED] - iy = <not implemented yet for class: org.codehaus.groovy.ast.expr.EmptyExpression>: null

03-03-2025T13:30:36 - [TEST_STEP][PASSED] - m = getText(findTestObject("Выполнение бизнес-плана/Период")): Text of object 'Object Repository/Выполнение бизнес-плана/Период' is: '2024 год'

03-03-2025T13:30:37 - [MESSAGE][PASSED] - Text of object 'Object Repository/Выполнение бизнес-плана/Период' is: '2024 год'

03-03-2025T13:30:37 - [TEST_STEP][PASSED] - iy = m.indexOf("20"): null

03-03-2025T13:30:37 - [TEST_STEP][PASSED] - if (iy > -1): null

03-03-2025T13:30:37 - [TEST_STEP][PASSED] - y = substring(iy, iy + 4).toInteger(): null

03-03-2025T13:30:37 - [TEST_STEP][PASSED] - println(y): null

03-03-2025T13:30:37 - [TEST_STEP][PASSED] - if (toString().length() == 4): null

03-03-2025T13:30:37 - [TEST_STEP][PASSED] - m = m.substring(0, m.indexOf(y.toString())): null

03-03-2025T13:30:37 - [TEST_STEP][PASSED] - m = m.trim(): null

03-03-2025T13:30:37 - [TEST_STEP][PASSED] - if (m == ""): null

03-03-2025T13:30:37 - [TEST_STEP][PASSED] - m = "весь год": null

03-03-2025T13:30:37 - [TEST_STEP][PASSED] - dashboardName = "Выполнение бизнес-плана": null

03-03-2025T13:30:37 - [TEST_STEP][PASSED] - workbook01 = getWorkbook(excelFilePath): null

03-03-2025T13:30:37 - [TEST_STEP][PASSED] - sheet01 = getExcelSheet(workbook01, sheetName): null

03-03-2025T13:30:37 - [TEST_STEP][PASSED] - setValueToCellByIndex(sheet01, n, 0, dashboardName): null

03-03-2025T13:30:37 - [TEST_STEP][PASSED] - setValueToCellByIndex(sheet01, n, 1, dZO): null

03-03-2025T13:30:37 - [TEST_STEP][PASSED] - setValueToCellByIndex(sheet01, n, 2, typeOfData): null

03-03-2025T13:30:37 - [TEST_STEP][PASSED] - if (typeOfData == "Факт в процентах" || typeOfData == "План в процентах"): null

03-03-2025T13:30:37 - [TEST_STEP][PASSED] - else: null

03-03-2025T13:30:37 - [TEST_STEP][PASSED] - setValueToCellByIndex(sheet01, n, 3, fileInt): null

03-03-2025T13:30:37 - [TEST_STEP][PASSED] - setValueToCellByIndex(sheet01, n, 4, pageInt): null

03-03-2025T13:30:37 - [TEST_STEP][PASSED] - setValueToCellByIndex(sheet01, n, 5, m): null

03-03-2025T13:30:37 - [TEST_STEP][PASSED] - setValueToCellByIndex(sheet01, n, 6, y): null

03-03-2025T13:30:37 - [TEST_STEP][PASSED] - setValueToCellByIndex(sheet01, n, 7, todaysDate): null

03-03-2025T13:30:37 - [TEST_STEP][PASSED] - n = n + 1: null

03-03-2025T13:30:37 - [TEST_STEP][PASSED] - saveWorkbook(excelFilePath, workbook01): null

03-03-2025T13:30:37 - [TEST_STEP][PASSED] - if (planFact == 2): null

03-03-2025T13:30:37 - [TEST_STEP][PASSED] - if (planFact == 1): null

03-03-2025T13:30:37 - [TEST_STEP][PASSED] - else if (planFact == 2): null

03-03-2025T13:30:37 - [TEST_STEP][PASSED] - click(findTestObject("Выполнение бизнес-плана/Кнопка План")): Object: 'Object Repository/Выполнение бизнес-плана/Кнопка План' is clicked on

03-03-2025T13:30:37 - [MESSAGE][PASSED] - Object: 'Object Repository/Выполнение бизнес-плана/Кнопка План' is clicked on

03-03-2025T13:30:37 - [TEST_STEP][PASSED] - typeOfDataMain = "План": null

03-03-2025T13:30:37 - [TEST_STEP][PASSED] - otpusk = findTestData("PlanFact").getValue(2, a): null

03-03-2025T13:30:37 - [TEST_STEP][PASSED] - poteri = findTestData("PlanFact").getValue(3, a): null

03-03-2025T13:30:37 - [TEST_STEP][PASSED] - otpusk = otpusk.replaceAll("\s+", ""): null

03-03-2025T13:30:37 - [TEST_STEP][PASSED] - poteri = poteri.replaceAll("\s+", ""): null

03-03-2025T13:30:37 - [TEST_STEP][PASSED] - typeOfData = typeOfDataMain + " Отпуск в сеть": null

03-03-2025T13:30:37 - [TEST_STEP][PASSED] - if (a == 82): null

03-03-2025T13:30:37 - [TEST_STEP][PASSED] - else if (a == 84): null

03-03-2025T13:30:37 - [TEST_STEP][PASSED] - else if (a == 83 || a == 52 || a == 72 || a == 28 || a == 73 || a == 77 || a == 74 || a == 65 || a == 36 || a == 44 || a == 53 || a == 80 || a == 54 || a == 1 || a == 18 || a == 59 || a == 81): null

03-03-2025T13:30:37 - [TEST_STEP][PASSED] - else: null

03-03-2025T13:30:37 - [TEST_STEP][PASSED] - path = dataFolder + typeOfData + " за отчётный период " + b: null

03-03-2025T13:30:37 - [TEST_STEP][PASSED] - println(path): null

03-03-2025T13:30:37 - [TEST_STEP][PASSED] - page = getText(findTestObject(path)): Text of object 'Object Repository/Выполнение бизнес-плана/Значения со страницы Выполнение бизнес-плана/План Отпуск в сеть за отчётный период Карачаево-Черкесскэнерго' is: '137 376'

03-03-2025T13:30:38 - [MESSAGE][PASSED] - Text of object 'Object Repository/Выполнение бизнес-плана/Значения со страницы Выполнение бизнес-плана/План Отпуск в сеть за отчётный период Карачаево-Черкесскэнерго' is: '137 376'

03-03-2025T13:30:38 - [TEST_STEP][PASSED] - if (page == "" || page == null): null

03-03-2025T13:30:38 - [TEST_STEP][PASSED] - else: null

03-03-2025T13:30:38 - [TEST_STEP][PASSED] - page = page.replaceAll("\s+", ""): null

03-03-2025T13:30:38 - [TEST_STEP][PASSED] - fileOtpuskVSet = otpusk.toInteger(): null

03-03-2025T13:30:38 - [TEST_STEP][PASSED] - pageOtpuskVSet = page.toInteger(): null

03-03-2025T13:30:38 - [TEST_STEP][PASSED] - typeOfData = typeOfDataMain + " Потери": null

03-03-2025T13:30:38 - [TEST_STEP][PASSED] - if (a == 82): null

03-03-2025T13:30:38 - [TEST_STEP][PASSED] - else if (a == 84): null

03-03-2025T13:30:38 - [TEST_STEP][PASSED] - else if (a == 83 || a == 52 || a == 72 || a == 28 || a == 73 || a == 77 || a == 74 || a == 65 || a == 44 || a == 53 || a == 80 || a == 54 || a == 1 || a == 18 || a == 59 || a == 81): null

03-03-2025T13:30:38 - [TEST_STEP][PASSED] - else: null

03-03-2025T13:30:38 - [TEST_STEP][PASSED] - path = dataFolder + typeOfData + " за отчётный период " + b: null

03-03-2025T13:30:38 - [TEST_STEP][PASSED] - page = getText(findTestObject(path)): Text of object 'Object Repository/Выполнение бизнес-плана/Значения со страницы Выполнение бизнес-плана/План Потери за отчётный период Карачаево-Черкесскэнерго' is: '24 147'

03-03-2025T13:30:38 - [MESSAGE][PASSED] - Text of object 'Object Repository/Выполнение бизнес-плана/Значения со страницы Выполнение бизнес-плана/План Потери за отчётный период Карачаево-Черкесскэнерго' is: '24 147'

03-03-2025T13:30:38 - [TEST_STEP][PASSED] - if (page == "" || page == null): null

03-03-2025T13:30:38 - [TEST_STEP][PASSED] - else: null

03-03-2025T13:30:38 - [TEST_STEP][PASSED] - page = page.replaceAll("\s+", ""): null

03-03-2025T13:30:38 - [TEST_STEP][PASSED] - filePoteri = poteri.toInteger(): null

03-03-2025T13:30:38 - [TEST_STEP][PASSED] - pagePoteri = page.toInteger(): null

03-03-2025T13:30:38 - [TEST_STEP][PASSED] - compare = pageOtpuskVSet: null

03-03-2025T13:30:38 - [TEST_STEP][PASSED] - if (pageOtpuskVSet != null): null

03-03-2025T13:30:38 - [TEST_STEP][PASSED] - if (compare == fileOtpuskVSet): null

03-03-2025T13:30:38 - [TEST_STEP][PASSED] - else if (compare > fileOtpuskVSet): null

03-03-2025T13:30:38 - [TEST_STEP][PASSED] - else if (compare < fileOtpuskVSet): null

03-03-2025T13:30:38 - [TEST_STEP][PASSED] - compare = compare + 1: null

03-03-2025T13:30:38 - [TEST_STEP][PASSED] - if (compare == fileOtpuskVSet): null

03-03-2025T13:30:38 - [TEST_STEP][PASSED] - else: null

03-03-2025T13:30:38 - [TEST_STEP][PASSED] - numberOfErrors = numberOfErrors + 1: null

03-03-2025T13:30:38 - [TEST_STEP][PASSED] - pageInt = pageOtpuskVSet: null

03-03-2025T13:30:38 - [TEST_STEP][PASSED] - fileInt = fileOtpuskVSet: null

03-03-2025T13:30:38 - [TEST_STEP][PASSED] - typeOfData = typeOfDataMain + " Отпуск в сеть": null

03-03-2025T13:30:38 - [TEST_STEP][PASSED] - Script1718980020443.WriteToExcel(a, typeOfData, todaysDate, pageInt, fileInt, pageDouble, fileDouble, dZO): null

03-03-2025T13:30:38 - [TEST_STEP][PASSED] - sheetName = "Sheet1": null

03-03-2025T13:30:38 - [TEST_STEP][PASSED] - data = findTestData("PlanFact"): null

03-03-2025T13:30:38 - [TEST_STEP][PASSED] - n = data.getRowNumbers() + 1: null

03-03-2025T13:30:38 - [TEST_STEP][PASSED] - day = ")).toInteger(): null

03-03-2025T13:30:38 - [TEST_STEP][PASSED] - println(day): null

03-03-2025T13:30:38 - [TEST_STEP][PASSED] - month = ")).toInteger(): null

03-03-2025T13:30:38 - [TEST_STEP][PASSED] - println(month): null

03-03-2025T13:30:38 - [TEST_STEP][PASSED] - y = <not implemented yet for class: org.codehaus.groovy.ast.expr.EmptyExpression>: null

03-03-2025T13:30:38 - [TEST_STEP][PASSED] - iy = <not implemented yet for class: org.codehaus.groovy.ast.expr.EmptyExpression>: null

03-03-2025T13:30:38 - [TEST_STEP][PASSED] - m = getText(findTestObject("Выполнение бизнес-плана/Период")): Text of object 'Object Repository/Выполнение бизнес-плана/Период' is: '2024 год'

03-03-2025T13:30:38 - [MESSAGE][PASSED] - Text of object 'Object Repository/Выполнение бизнес-плана/Период' is: '2024 год'

03-03-2025T13:30:38 - [TEST_STEP][PASSED] - iy = m.indexOf("20"): null

03-03-2025T13:30:38 - [TEST_STEP][PASSED] - if (iy > -1): null

03-03-2025T13:30:38 - [TEST_STEP][PASSED] - y = substring(iy, iy + 4).toInteger(): null

03-03-2025T13:30:38 - [TEST_STEP][PASSED] - println(y): null

03-03-2025T13:30:38 - [TEST_STEP][PASSED] - if (toString().length() == 4): null

03-03-2025T13:30:38 - [TEST_STEP][PASSED] - m = m.substring(0, m.indexOf(y.toString())): null

03-03-2025T13:30:38 - [TEST_STEP][PASSED] - m = m.trim(): null

03-03-2025T13:30:38 - [TEST_STEP][PASSED] - if (m == ""): null

03-03-2025T13:30:38 - [TEST_STEP][PASSED] - m = "весь год": null

03-03-2025T13:30:38 - [TEST_STEP][PASSED] - dashboardName = "Выполнение бизнес-плана": null

03-03-2025T13:30:38 - [TEST_STEP][PASSED] - workbook01 = getWorkbook(excelFilePath): null

03-03-2025T13:30:38 - [TEST_STEP][PASSED] - sheet01 = getExcelSheet(workbook01, sheetName): null

03-03-2025T13:30:38 - [TEST_STEP][PASSED] - setValueToCellByIndex(sheet01, n, 0, dashboardName): null

03-03-2025T13:30:38 - [TEST_STEP][PASSED] - setValueToCellByIndex(sheet01, n, 1, dZO): null

03-03-2025T13:30:38 - [TEST_STEP][PASSED] - setValueToCellByIndex(sheet01, n, 2, typeOfData): null

03-03-2025T13:30:38 - [TEST_STEP][PASSED] - if (typeOfData == "Факт в процентах" || typeOfData == "План в процентах"): null

03-03-2025T13:30:38 - [TEST_STEP][PASSED] - else: null

03-03-2025T13:30:38 - [TEST_STEP][PASSED] - setValueToCellByIndex(sheet01, n, 3, fileInt): null

03-03-2025T13:30:38 - [TEST_STEP][PASSED] - setValueToCellByIndex(sheet01, n, 4, pageInt): null

03-03-2025T13:30:38 - [TEST_STEP][PASSED] - setValueToCellByIndex(sheet01, n, 5, m): null

03-03-2025T13:30:38 - [TEST_STEP][PASSED] - setValueToCellByIndex(sheet01, n, 6, y): null

03-03-2025T13:30:38 - [TEST_STEP][PASSED] - setValueToCellByIndex(sheet01, n, 7, todaysDate): null

03-03-2025T13:30:38 - [TEST_STEP][PASSED] - n = n + 1: null

03-03-2025T13:30:38 - [TEST_STEP][PASSED] - saveWorkbook(excelFilePath, workbook01): null

03-03-2025T13:30:39 - [TEST_STEP][PASSED] - compare = pagePoteri: null

03-03-2025T13:30:39 - [TEST_STEP][PASSED] - if (pageOtpuskVSet != null): null

03-03-2025T13:30:39 - [TEST_STEP][PASSED] - if (compare == filePoteri): null

03-03-2025T13:30:39 - [TEST_STEP][PASSED] - else if (compare > filePoteri): null

03-03-2025T13:30:39 - [TEST_STEP][PASSED] - else if (compare < filePoteri): null

03-03-2025T13:30:39 - [TEST_STEP][PASSED] - compare = compare + 1: null

03-03-2025T13:30:39 - [TEST_STEP][PASSED] - if (compare == filePoteri): null

03-03-2025T13:30:39 - [TEST_STEP][PASSED] - else: null

03-03-2025T13:30:39 - [TEST_STEP][PASSED] - numberOfErrors = numberOfErrors + 1: null

03-03-2025T13:30:39 - [TEST_STEP][PASSED] - pageInt = pagePoteri: null

03-03-2025T13:30:39 - [TEST_STEP][PASSED] - fileInt = filePoteri: null

03-03-2025T13:30:39 - [TEST_STEP][PASSED] - typeOfData = typeOfDataMain + " Потери": null

03-03-2025T13:30:39 - [TEST_STEP][PASSED] - Script1718980020443.WriteToExcel(a, typeOfData, todaysDate, pageInt, fileInt, pageDouble, fileDouble, dZO): null

03-03-2025T13:30:39 - [TEST_STEP][PASSED] - sheetName = "Sheet1": null

03-03-2025T13:30:39 - [TEST_STEP][PASSED] - data = findTestData("PlanFact"): null

03-03-2025T13:30:39 - [TEST_STEP][PASSED] - n = data.getRowNumbers() + 1: null

03-03-2025T13:30:39 - [TEST_STEP][PASSED] - day = ")).toInteger(): null

03-03-2025T13:30:39 - [TEST_STEP][PASSED] - println(day): null

03-03-2025T13:30:39 - [TEST_STEP][PASSED] - month = ")).toInteger(): null

03-03-2025T13:30:39 - [TEST_STEP][PASSED] - println(month): null

03-03-2025T13:30:39 - [TEST_STEP][PASSED] - y = <not implemented yet for class: org.codehaus.groovy.ast.expr.EmptyExpression>: null

03-03-2025T13:30:39 - [TEST_STEP][PASSED] - iy = <not implemented yet for class: org.codehaus.groovy.ast.expr.EmptyExpression>: null

03-03-2025T13:30:39 - [TEST_STEP][PASSED] - m = getText(findTestObject("Выполнение бизнес-плана/Период")): Text of object 'Object Repository/Выполнение бизнес-плана/Период' is: '2024 год'

03-03-2025T13:30:39 - [MESSAGE][PASSED] - Text of object 'Object Repository/Выполнение бизнес-плана/Период' is: '2024 год'

03-03-2025T13:30:39 - [TEST_STEP][PASSED] - iy = m.indexOf("20"): null

03-03-2025T13:30:39 - [TEST_STEP][PASSED] - if (iy > -1): null

03-03-2025T13:30:39 - [TEST_STEP][PASSED] - y = substring(iy, iy + 4).toInteger(): null

03-03-2025T13:30:39 - [TEST_STEP][PASSED] - println(y): null

03-03-2025T13:30:39 - [TEST_STEP][PASSED] - if (toString().length() == 4): null

03-03-2025T13:30:39 - [TEST_STEP][PASSED] - m = m.substring(0, m.indexOf(y.toString())): null

03-03-2025T13:30:39 - [TEST_STEP][PASSED] - m = m.trim(): null

03-03-2025T13:30:39 - [TEST_STEP][PASSED] - if (m == ""): null

03-03-2025T13:30:39 - [TEST_STEP][PASSED] - m = "весь год": null

03-03-2025T13:30:39 - [TEST_STEP][PASSED] - dashboardName = "Выполнение бизнес-плана": null

03-03-2025T13:30:39 - [TEST_STEP][PASSED] - workbook01 = getWorkbook(excelFilePath): null

03-03-2025T13:30:39 - [TEST_STEP][PASSED] - sheet01 = getExcelSheet(workbook01, sheetName): null

03-03-2025T13:30:39 - [TEST_STEP][PASSED] - setValueToCellByIndex(sheet01, n, 0, dashboardName): null

03-03-2025T13:30:39 - [TEST_STEP][PASSED] - setValueToCellByIndex(sheet01, n, 1, dZO): null

03-03-2025T13:30:39 - [TEST_STEP][PASSED] - setValueToCellByIndex(sheet01, n, 2, typeOfData): null

03-03-2025T13:30:39 - [TEST_STEP][PASSED] - if (typeOfData == "Факт в процентах" || typeOfData == "План в процентах"): null

03-03-2025T13:30:39 - [TEST_STEP][PASSED] - else: null

03-03-2025T13:30:39 - [TEST_STEP][PASSED] - setValueToCellByIndex(sheet01, n, 3, fileInt): null

03-03-2025T13:30:39 - [TEST_STEP][PASSED] - setValueToCellByIndex(sheet01, n, 4, pageInt): null

03-03-2025T13:30:39 - [TEST_STEP][PASSED] - setValueToCellByIndex(sheet01, n, 5, m): null

03-03-2025T13:30:39 - [TEST_STEP][PASSED] - setValueToCellByIndex(sheet01, n, 6, y): null

03-03-2025T13:30:39 - [TEST_STEP][PASSED] - setValueToCellByIndex(sheet01, n, 7, todaysDate): null

03-03-2025T13:30:39 - [TEST_STEP][PASSED] - n = n + 1: null

03-03-2025T13:30:39 - [TEST_STEP][PASSED] - saveWorkbook(excelFilePath, workbook01): Object: 'Object Repository/Выполнение бизнес-плана/Кнопка Факт' is clicked on

03-03-2025T13:30:39 - [TEST_STEP][PASSED] - if (planFact == 2): Object: 'Object Repository/Выполнение бизнес-плана/Кнопка Факт' is clicked on

03-03-2025T13:30:39 - [TEST_STEP][PASSED] - click(findTestObject("Выполнение бизнес-плана/Кнопка Факт")): Object: 'Object Repository/Выполнение бизнес-плана/Кнопка Факт' is clicked on

03-03-2025T13:30:40 - [MESSAGE][PASSED] - Object: 'Object Repository/Выполнение бизнес-плана/Кнопка Факт' is clicked on

03-03-2025T13:30:40 - [TEST_STEP][PASSED] - println("a=" + a): null

03-03-2025T13:30:40 - [TEST_STEP][PASSED] - if (a == 84 || a == 82): null

03-03-2025T13:30:40 - [TEST_STEP][PASSED] - else if (a == 83 || a == 52 || a == 72 || a == 28 || a == 73 || a == 77 || a == 74 || a == 65 || a == 36 || a == 44 || a == 53 || a == 80 || a == 54 || a == 1 || a == 18 || a == 59 || a == 81): null

03-03-2025T13:30:40 - [TEST_STEP][PASSED] - else: null

03-03-2025T13:30:40 - [TEST_STEP][PASSED] - page1 = getText(findTestObject("Object Repository/Выполнение бизнес-плана/spanPlan" + filialNum)): Text of object 'Object Repository/Выполнение бизнес-плана/spanPlan4' is: '14.70
|'

03-03-2025T13:30:40 - [MESSAGE][PASSED] - Text of object 'Object Repository/Выполнение бизнес-плана/spanPlan4' is: '14.70
|'

03-03-2025T13:30:40 - [TEST_STEP][PASSED] - page1 = page1.replace("|", ""): null

03-03-2025T13:30:40 - [TEST_STEP][PASSED] - page2 = getText(findTestObject("Object Repository/Выполнение бизнес-плана/spanFact" + filialNum)): Text of object 'Object Repository/Выполнение бизнес-плана/spanFact4' is: '14.77
|'

03-03-2025T13:30:40 - [MESSAGE][PASSED] - Text of object 'Object Repository/Выполнение бизнес-плана/spanFact4' is: '14.77
|'

03-03-2025T13:30:40 - [TEST_STEP][PASSED] - page2 = page2.replace("|", ""): null

03-03-2025T13:30:40 - [TEST_STEP][PASSED] - println("page1: " + page1): null

03-03-2025T13:30:40 - [TEST_STEP][PASSED] - println("page2: " + page2): null

03-03-2025T13:30:40 - [TEST_STEP][PASSED] - file = findTestData("PlanFact").getValue(4, a): null

03-03-2025T13:30:40 - [TEST_STEP][PASSED] - file = file.replace(",", "."): null

03-03-2025T13:30:40 - [TEST_STEP][PASSED] - println("file Plan: " + file): null

03-03-2025T13:30:40 - [TEST_STEP][PASSED] - typeOfData = "План в процентах": null

03-03-2025T13:30:40 - [TEST_STEP][PASSED] - fileDouble = file.toDouble(): null

03-03-2025T13:30:40 - [TEST_STEP][PASSED] - pageDouble = page1.toDouble(): null

03-03-2025T13:30:40 - [TEST_STEP][PASSED] - if (fileDouble != pageDouble): null

03-03-2025T13:30:40 - [TEST_STEP][PASSED] - numberOfErrors = numberOfErrors + 1: null

03-03-2025T13:30:40 - [TEST_STEP][PASSED] - Script1718980020443.WriteToExcel(a, typeOfData, todaysDate, pageInt, fileInt, pageDouble, fileDouble, dZO): null

03-03-2025T13:30:40 - [TEST_STEP][PASSED] - sheetName = "Sheet1": null

03-03-2025T13:30:40 - [TEST_STEP][PASSED] - data = findTestData("PlanFact"): null

03-03-2025T13:30:40 - [TEST_STEP][PASSED] - n = data.getRowNumbers() + 1: null

03-03-2025T13:30:40 - [TEST_STEP][PASSED] - day = ")).toInteger(): null

03-03-2025T13:30:40 - [TEST_STEP][PASSED] - println(day): null

03-03-2025T13:30:40 - [TEST_STEP][PASSED] - month = ")).toInteger(): null

03-03-2025T13:30:40 - [TEST_STEP][PASSED] - println(month): null

03-03-2025T13:30:40 - [TEST_STEP][PASSED] - y = <not implemented yet for class: org.codehaus.groovy.ast.expr.EmptyExpression>: null

03-03-2025T13:30:40 - [TEST_STEP][PASSED] - iy = <not implemented yet for class: org.codehaus.groovy.ast.expr.EmptyExpression>: null

03-03-2025T13:30:40 - [TEST_STEP][PASSED] - m = getText(findTestObject("Выполнение бизнес-плана/Период")): Text of object 'Object Repository/Выполнение бизнес-плана/Период' is: '2024 год'

03-03-2025T13:30:41 - [MESSAGE][PASSED] - Text of object 'Object Repository/Выполнение бизнес-плана/Период' is: '2024 год'

03-03-2025T13:30:41 - [TEST_STEP][PASSED] - iy = m.indexOf("20"): null

03-03-2025T13:30:41 - [TEST_STEP][PASSED] - if (iy > -1): null

03-03-2025T13:30:41 - [TEST_STEP][PASSED] - y = substring(iy, iy + 4).toInteger(): null

03-03-2025T13:30:41 - [TEST_STEP][PASSED] - println(y): null

03-03-2025T13:30:41 - [TEST_STEP][PASSED] - if (toString().length() == 4): null

03-03-2025T13:30:41 - [TEST_STEP][PASSED] - m = m.substring(0, m.indexOf(y.toString())): null

03-03-2025T13:30:41 - [TEST_STEP][PASSED] - m = m.trim(): null

03-03-2025T13:30:41 - [TEST_STEP][PASSED] - if (m == ""): null

03-03-2025T13:30:41 - [TEST_STEP][PASSED] - m = "весь год": null

03-03-2025T13:30:41 - [TEST_STEP][PASSED] - dashboardName = "Выполнение бизнес-плана": null

03-03-2025T13:30:41 - [TEST_STEP][PASSED] - workbook01 = getWorkbook(excelFilePath): null

03-03-2025T13:30:41 - [TEST_STEP][PASSED] - sheet01 = getExcelSheet(workbook01, sheetName): null

03-03-2025T13:30:41 - [TEST_STEP][PASSED] - setValueToCellByIndex(sheet01, n, 0, dashboardName): null

03-03-2025T13:30:41 - [TEST_STEP][PASSED] - setValueToCellByIndex(sheet01, n, 1, dZO): null

03-03-2025T13:30:41 - [TEST_STEP][PASSED] - setValueToCellByIndex(sheet01, n, 2, typeOfData): null

03-03-2025T13:30:41 - [TEST_STEP][PASSED] - if (typeOfData == "Факт в процентах" || typeOfData == "План в процентах"): null

03-03-2025T13:30:41 - [TEST_STEP][PASSED] - setValueToCellByIndex(sheet01, n, 3, fileDouble): null

03-03-2025T13:30:41 - [TEST_STEP][PASSED] - setValueToCellByIndex(sheet01, n, 4, pageDouble): null

03-03-2025T13:30:41 - [TEST_STEP][PASSED] - setValueToCellByIndex(sheet01, n, 5, m): null

03-03-2025T13:30:41 - [TEST_STEP][PASSED] - setValueToCellByIndex(sheet01, n, 6, y): null

03-03-2025T13:30:41 - [TEST_STEP][PASSED] - setValueToCellByIndex(sheet01, n, 7, todaysDate): null

03-03-2025T13:30:41 - [TEST_STEP][PASSED] - n = n + 1: null

03-03-2025T13:30:41 - [TEST_STEP][PASSED] - saveWorkbook(excelFilePath, workbook01): null

03-03-2025T13:30:41 - [TEST_STEP][PASSED] - file = findTestData("PlanFact").getValue(7, a): null

03-03-2025T13:30:41 - [TEST_STEP][PASSED] - file = file.replace(",", "."): null

03-03-2025T13:30:41 - [TEST_STEP][PASSED] - println("file Fact: " + file): null

03-03-2025T13:30:41 - [TEST_STEP][PASSED] - fileDouble = file.toDouble(): null

03-03-2025T13:30:41 - [TEST_STEP][PASSED] - typeOfData = "Факт в процентах": null

03-03-2025T13:30:41 - [TEST_STEP][PASSED] - fileDouble = file.toDouble(): null

03-03-2025T13:30:41 - [TEST_STEP][PASSED] - pageDouble = page2.toDouble(): null

03-03-2025T13:30:41 - [TEST_STEP][PASSED] - if (fileDouble != pageDouble): null

03-03-2025T13:30:41 - [TEST_STEP][PASSED] - numberOfErrors = numberOfErrors + 1: null

03-03-2025T13:30:41 - [TEST_STEP][PASSED] - Script1718980020443.WriteToExcel(a, typeOfData, todaysDate, pageInt, fileInt, pageDouble, fileDouble, dZO): null

03-03-2025T13:30:41 - [TEST_STEP][PASSED] - sheetName = "Sheet1": null

03-03-2025T13:30:41 - [TEST_STEP][PASSED] - data = findTestData("PlanFact"): null

03-03-2025T13:30:41 - [TEST_STEP][PASSED] - n = data.getRowNumbers() + 1: null

03-03-2025T13:30:41 - [TEST_STEP][PASSED] - day = ")).toInteger(): null

03-03-2025T13:30:41 - [TEST_STEP][PASSED] - println(day): null

03-03-2025T13:30:41 - [TEST_STEP][PASSED] - month = ")).toInteger(): null

03-03-2025T13:30:41 - [TEST_STEP][PASSED] - println(month): null

03-03-2025T13:30:41 - [TEST_STEP][PASSED] - y = <not implemented yet for class: org.codehaus.groovy.ast.expr.EmptyExpression>: null

03-03-2025T13:30:41 - [TEST_STEP][PASSED] - iy = <not implemented yet for class: org.codehaus.groovy.ast.expr.EmptyExpression>: null

03-03-2025T13:30:41 - [TEST_STEP][PASSED] - m = getText(findTestObject("Выполнение бизнес-плана/Период")): Text of object 'Object Repository/Выполнение бизнес-плана/Период' is: '2024 год'

03-03-2025T13:30:41 - [MESSAGE][PASSED] - Text of object 'Object Repository/Выполнение бизнес-плана/Период' is: '2024 год'

03-03-2025T13:30:41 - [TEST_STEP][PASSED] - iy = m.indexOf("20"): null

03-03-2025T13:30:41 - [TEST_STEP][PASSED] - if (iy > -1): null

03-03-2025T13:30:41 - [TEST_STEP][PASSED] - y = substring(iy, iy + 4).toInteger(): null

03-03-2025T13:30:41 - [TEST_STEP][PASSED] - println(y): null

03-03-2025T13:30:41 - [TEST_STEP][PASSED] - if (toString().length() == 4): null

03-03-2025T13:30:41 - [TEST_STEP][PASSED] - m = m.substring(0, m.indexOf(y.toString())): null

03-03-2025T13:30:41 - [TEST_STEP][PASSED] - m = m.trim(): null

03-03-2025T13:30:41 - [TEST_STEP][PASSED] - if (m == ""): null

03-03-2025T13:30:41 - [TEST_STEP][PASSED] - m = "весь год": null

03-03-2025T13:30:41 - [TEST_STEP][PASSED] - dashboardName = "Выполнение бизнес-плана": null

03-03-2025T13:30:41 - [TEST_STEP][PASSED] - workbook01 = getWorkbook(excelFilePath): null

03-03-2025T13:30:41 - [TEST_STEP][PASSED] - sheet01 = getExcelSheet(workbook01, sheetName): null

03-03-2025T13:30:41 - [TEST_STEP][PASSED] - setValueToCellByIndex(sheet01, n, 0, dashboardName): null

03-03-2025T13:30:41 - [TEST_STEP][PASSED] - setValueToCellByIndex(sheet01, n, 1, dZO): null

03-03-2025T13:30:41 - [TEST_STEP][PASSED] - setValueToCellByIndex(sheet01, n, 2, typeOfData): null

03-03-2025T13:30:41 - [TEST_STEP][PASSED] - if (typeOfData == "Факт в процентах" || typeOfData == "План в процентах"): null

03-03-2025T13:30:41 - [TEST_STEP][PASSED] - setValueToCellByIndex(sheet01, n, 3, fileDouble): null

03-03-2025T13:30:41 - [TEST_STEP][PASSED] - setValueToCellByIndex(sheet01, n, 4, pageDouble): null

03-03-2025T13:30:41 - [TEST_STEP][PASSED] - setValueToCellByIndex(sheet01, n, 5, m): null

03-03-2025T13:30:41 - [TEST_STEP][PASSED] - setValueToCellByIndex(sheet01, n, 6, y): null

03-03-2025T13:30:41 - [TEST_STEP][PASSED] - setValueToCellByIndex(sheet01, n, 7, todaysDate): null

03-03-2025T13:30:41 - [TEST_STEP][PASSED] - n = n + 1: null

03-03-2025T13:30:41 - [TEST_STEP][PASSED] - saveWorkbook(excelFilePath, workbook01): null

03-03-2025T13:30:41 - [TEST_STEP][FAILED] - if (verifyEqual(numberOfErrors, 0) == false): null

03-03-2025T13:30:41 - [MESSAGE][FAILED] - Unable to verify equal between actual object '6' and expected object '0' (Root cause: com.kms.katalon.core.exception.StepFailedException: Actual object '6' and expected object '0' are not equal
	at com.kms.katalon.core.keyword.builtin.VerifyEqualKeyword$_verifyEqual_closure1.doCall(VerifyEqualKeyword.groovy:58)
	at com.kms.katalon.core.keyword.builtin.VerifyEqualKeyword$_verifyEqual_closure1.call(VerifyEqualKeyword.groovy)
	at com.kms.katalon.core.keyword.internal.KeywordMain.runKeyword(KeywordMain.groovy:75)
	at com.kms.katalon.core.keyword.builtin.VerifyEqualKeyword.verifyEqual(VerifyEqualKeyword.groovy:63)
	at com.kms.katalon.core.keyword.builtin.VerifyEqualKeyword.execute(VerifyEqualKeyword.groovy:44)
	at com.kms.katalon.core.keyword.internal.KeywordExecutor.executeKeywordForPlatform(KeywordExecutor.groovy:74)
	at com.kms.katalon.core.keyword.BuiltinKeywords.verifyEqual(BuiltinKeywords.groovy:146)
	at jdk.internal.reflect.GeneratedMethodAccessor24.invoke(Unknown Source)
	at java.base/jdk.internal.reflect.DelegatingMethodAccessorImpl.invoke(DelegatingMethodAccessorImpl.java:43)
	at Выполнение бизнес-плана Сверка ПАО Россети все филиалы.Numbers(Выполнение бизнес-плана Сверка ПАО Россети все филиалы:736)
	at Выполнение бизнес-плана Сверка ПАО Россети все филиалы.Filials(Выполнение бизнес-плана Сверка ПАО Россети все филиалы:1115)
	at Выполнение бизнес-плана Сверка ПАО Россети все филиалы.Numbers(Выполнение бизнес-плана Сверка ПАО Россети все филиалы:743)
	at Выполнение бизнес-плана Сверка ПАО Россети все филиалы.run(Выполнение бизнес-плана Сверка ПАО Россети все филиалы:280)
	at com.kms.katalon.core.main.ScriptEngine.run(ScriptEngine.java:194)
	at com.kms.katalon.core.main.ScriptEngine.runScriptAsRawText(ScriptEngine.java:119)
	at com.kms.katalon.core.main.TestCaseExecutor.runScript(TestCaseExecutor.java:448)
	at com.kms.katalon.core.main.TestCaseExecutor.doExecute(TestCaseExecutor.java:439)
	at com.kms.katalon.core.main.TestCaseExecutor.processExecutionPhase(TestCaseExecutor.java:418)
	at com.kms.katalon.core.main.TestCaseExecutor.accessMainPhase(TestCaseExecutor.java:410)
	at com.kms.katalon.core.main.TestCaseExecutor.execute(TestCaseExecutor.java:285)
	at com.kms.katalon.core.common.CommonExecutor.accessTestCaseMainPhase(CommonExecutor.java:65)
	at com.kms.katalon.core.main.TestSuiteExecutor.accessTestSuiteMainPhase(TestSuiteExecutor.java:150)
	at com.kms.katalon.core.main.TestSuiteExecutor.execute(TestSuiteExecutor.java:106)
	at com.kms.katalon.core.main.TestCaseMain.startTestSuite(TestCaseMain.java:180)
	at TempTestSuite1740991900055.run(TempTestSuite1740991900055.groovy:35)
	at java.base/jdk.internal.reflect.NativeMethodAccessorImpl.invoke0(Native Method)
	at java.base/jdk.internal.reflect.NativeMethodAccessorImpl.invoke(NativeMethodAccessorImpl.java:77)
	at java.base/jdk.internal.reflect.DelegatingMethodAccessorImpl.invoke(DelegatingMethodAccessorImpl.java:43)
)

03-03-2025T13:30:41 - [TEST_STEP][PASSED] - println(numberOfErrors): null

03-03-2025T13:30:41 - [TEST_STEP][PASSED] - println("a=" + a): null

03-03-2025T13:30:41 - [TEST_STEP][PASSED] - if (a == 28 || a == 77 || a == 74 || a == 65 || a == 36 || a == 44 || a == 54 || a == 1 || a == 18 || a == 59): null

03-03-2025T13:30:41 - [TEST_STEP][PASSED] - if (a == 82): null

03-03-2025T13:30:41 - [TEST_STEP][PASSED] - dZO = "Севкавказэнерго": null

03-03-2025T13:30:41 - [TEST_STEP][PASSED] - a = 68: null

03-03-2025T13:30:41 - [TEST_STEP][PASSED] - if (x2.contains(dZO)): null

03-03-2025T13:30:41 - [TEST_STEP][PASSED] - filialNum = filialNum + 1: null

03-03-2025T13:30:41 - [TEST_STEP][PASSED] - Script1718980020443.Numbers(a, typeOfData, todaysDate, pageInt, fileInt, pageDouble, fileDouble, dZO, dzoNum, filialNum): null

03-03-2025T13:30:41 - [TEST_STEP][PASSED] - println(dzoNum): null

03-03-2025T13:30:41 - [TEST_STEP][PASSED] - planFact = <not implemented yet for class: org.codehaus.groovy.ast.expr.EmptyExpression>: null

03-03-2025T13:30:41 - [TEST_STEP][PASSED] - page = <not implemented yet for class: org.codehaus.groovy.ast.expr.EmptyExpression>: null

03-03-2025T13:30:41 - [TEST_STEP][PASSED] - page1 = <not implemented yet for class: org.codehaus.groovy.ast.expr.EmptyExpression>: null

03-03-2025T13:30:41 - [TEST_STEP][PASSED] - page2 = <not implemented yet for class: org.codehaus.groovy.ast.expr.EmptyExpression>: null

03-03-2025T13:30:41 - [TEST_STEP][PASSED] - filialNumberInRow = <not implemented yet for class: org.codehaus.groovy.ast.expr.EmptyExpression>: null

03-03-2025T13:30:41 - [TEST_STEP][PASSED] - filialsDzoNames = <not implemented yet for class: org.codehaus.groovy.ast.expr.EmptyExpression>: null

03-03-2025T13:30:41 - [TEST_STEP][PASSED] - numberOfFilials = <not implemented yet for class: org.codehaus.groovy.ast.expr.EmptyExpression>: null

03-03-2025T13:30:41 - [TEST_STEP][PASSED] - numberOfSpaces = <not implemented yet for class: org.codehaus.groovy.ast.expr.EmptyExpression>: null

03-03-2025T13:30:41 - [TEST_STEP][PASSED] - file = <not implemented yet for class: org.codehaus.groovy.ast.expr.EmptyExpression>: null

03-03-2025T13:30:41 - [TEST_STEP][PASSED] - otpusk = <not implemented yet for class: org.codehaus.groovy.ast.expr.EmptyExpression>: null

03-03-2025T13:30:41 - [TEST_STEP][PASSED] - poteri = <not implemented yet for class: org.codehaus.groovy.ast.expr.EmptyExpression>: null

03-03-2025T13:30:41 - [TEST_STEP][PASSED] - dataFolder = "Выполнение бизнес-плана/Значения со страницы Выполнение бизнес-плана/": null

03-03-2025T13:30:41 - [TEST_STEP][PASSED] - path = <not implemented yet for class: org.codehaus.groovy.ast.expr.EmptyExpression>: null

03-03-2025T13:30:41 - [TEST_STEP][PASSED] - typeOfDataMain = <not implemented yet for class: org.codehaus.groovy.ast.expr.EmptyExpression>: null

03-03-2025T13:30:41 - [TEST_STEP][PASSED] - fileOtpuskVSet = <not implemented yet for class: org.codehaus.groovy.ast.expr.EmptyExpression>: null

03-03-2025T13:30:41 - [TEST_STEP][PASSED] - pageOtpuskVSet = <not implemented yet for class: org.codehaus.groovy.ast.expr.EmptyExpression>: null

03-03-2025T13:30:41 - [TEST_STEP][PASSED] - filePoteri = <not implemented yet for class: org.codehaus.groovy.ast.expr.EmptyExpression>: null

03-03-2025T13:30:41 - [TEST_STEP][PASSED] - pagePoteri = <not implemented yet for class: org.codehaus.groovy.ast.expr.EmptyExpression>: null

03-03-2025T13:30:41 - [TEST_STEP][PASSED] - compare = <not implemented yet for class: org.codehaus.groovy.ast.expr.EmptyExpression>: null

03-03-2025T13:30:41 - [TEST_STEP][PASSED] - b = <not implemented yet for class: org.codehaus.groovy.ast.expr.EmptyExpression>: null

03-03-2025T13:30:41 - [TEST_STEP][PASSED] - i = <not implemented yet for class: org.codehaus.groovy.ast.expr.EmptyExpression>: null

03-03-2025T13:30:41 - [TEST_STEP][PASSED] - ii = <not implemented yet for class: org.codehaus.groovy.ast.expr.EmptyExpression>: null

03-03-2025T13:30:41 - [TEST_STEP][PASSED] - c = <not implemented yet for class: org.codehaus.groovy.ast.expr.EmptyExpression>: null

03-03-2025T13:30:41 - [TEST_STEP][PASSED] - numberOfErrors = 0: null

03-03-2025T13:30:41 - [TEST_STEP][PASSED] - if (a == 82): null

03-03-2025T13:30:41 - [TEST_STEP][PASSED] - b = findTestData("PlanFact").getValue(1, a): null

03-03-2025T13:30:42 - [TEST_STEP][PASSED] - i = b.indexOf(" (ГК)"): null

03-03-2025T13:30:42 - [TEST_STEP][PASSED] - if (i > -1): null

03-03-2025T13:30:42 - [TEST_STEP][PASSED] - i = b.indexOf("О ""): null

03-03-2025T13:30:42 - [TEST_STEP][PASSED] - if (i > -1): null

03-03-2025T13:30:42 - [TEST_STEP][PASSED] - i = b.indexOf("О «"): null

03-03-2025T13:30:42 - [TEST_STEP][PASSED] - if (i > -1): null

03-03-2025T13:30:42 - [TEST_STEP][PASSED] - i = b.indexOf("г. "): null

03-03-2025T13:30:42 - [TEST_STEP][PASSED] - if (i > -1): null

03-03-2025T13:30:42 - [TEST_STEP][PASSED] - b = b.trim(): null

03-03-2025T13:30:42 - [TEST_STEP][PASSED] - println(b): null

03-03-2025T13:30:42 - [TEST_STEP][PASSED] - for ([planFact = 1, planFact < 3, (planFact++)]): null

03-03-2025T13:30:42 - [TEST_STEP][PASSED] - if (planFact == 1): null

03-03-2025T13:30:42 - [TEST_STEP][PASSED] - typeOfDataMain = "Факт": null

03-03-2025T13:30:42 - [TEST_STEP][PASSED] - otpusk = findTestData("PlanFact").getValue(5, a): null

03-03-2025T13:30:42 - [TEST_STEP][PASSED] - poteri = findTestData("PlanFact").getValue(6, a): null

03-03-2025T13:30:42 - [TEST_STEP][PASSED] - otpusk = otpusk.replaceAll("\s+", ""): null

03-03-2025T13:30:42 - [TEST_STEP][PASSED] - poteri = poteri.replaceAll("\s+", ""): null

03-03-2025T13:30:42 - [TEST_STEP][PASSED] - typeOfData = typeOfDataMain + " Отпуск в сеть": null

03-03-2025T13:30:42 - [TEST_STEP][PASSED] - if (a == 82): null

03-03-2025T13:30:42 - [TEST_STEP][PASSED] - else if (a == 84): null

03-03-2025T13:30:42 - [TEST_STEP][PASSED] - else if (a == 83 || a == 52 || a == 72 || a == 28 || a == 73 || a == 77 || a == 74 || a == 65 || a == 36 || a == 44 || a == 53 || a == 80 || a == 54 || a == 1 || a == 18 || a == 59 || a == 81): null

03-03-2025T13:30:42 - [TEST_STEP][PASSED] - else: null

03-03-2025T13:30:42 - [TEST_STEP][PASSED] - path = dataFolder + typeOfData + " за отчётный период " + b: null

03-03-2025T13:30:42 - [TEST_STEP][PASSED] - println(path): null

03-03-2025T13:30:42 - [TEST_STEP][PASSED] - page = getText(findTestObject(path)): Text of object 'Object Repository/Выполнение бизнес-плана/Значения со страницы Выполнение бизнес-плана/Факт Отпуск в сеть за отчётный период Севкавказэнерго' is: '173 855'

03-03-2025T13:30:42 - [MESSAGE][PASSED] - Text of object 'Object Repository/Выполнение бизнес-плана/Значения со страницы Выполнение бизнес-плана/Факт Отпуск в сеть за отчётный период Севкавказэнерго' is: '173 855'

03-03-2025T13:30:42 - [TEST_STEP][PASSED] - if (page == "" || page == null): null

03-03-2025T13:30:42 - [TEST_STEP][PASSED] - else: null

03-03-2025T13:30:42 - [TEST_STEP][PASSED] - page = page.replaceAll("\s+", ""): null

03-03-2025T13:30:42 - [TEST_STEP][PASSED] - fileOtpuskVSet = otpusk.toInteger(): null

03-03-2025T13:30:42 - [TEST_STEP][PASSED] - pageOtpuskVSet = page.toInteger(): null

03-03-2025T13:30:42 - [TEST_STEP][PASSED] - typeOfData = typeOfDataMain + " Потери": null

03-03-2025T13:30:42 - [TEST_STEP][PASSED] - if (a == 82): null

03-03-2025T13:30:42 - [TEST_STEP][PASSED] - else if (a == 84): null

03-03-2025T13:30:42 - [TEST_STEP][PASSED] - else if (a == 83 || a == 52 || a == 72 || a == 28 || a == 73 || a == 77 || a == 74 || a == 65 || a == 44 || a == 53 || a == 80 || a == 54 || a == 1 || a == 18 || a == 59 || a == 81): null

03-03-2025T13:30:42 - [TEST_STEP][PASSED] - else: null

03-03-2025T13:30:42 - [TEST_STEP][PASSED] - path = dataFolder + typeOfData + " за отчётный период " + b: null

03-03-2025T13:30:42 - [TEST_STEP][PASSED] - page = getText(findTestObject(path)): Text of object 'Object Repository/Выполнение бизнес-плана/Значения со страницы Выполнение бизнес-плана/Факт Потери за отчётный период Севкавказэнерго' is: '34 301'

03-03-2025T13:30:42 - [MESSAGE][PASSED] - Text of object 'Object Repository/Выполнение бизнес-плана/Значения со страницы Выполнение бизнес-плана/Факт Потери за отчётный период Севкавказэнерго' is: '34 301'

03-03-2025T13:30:42 - [TEST_STEP][PASSED] - if (page == "" || page == null): null

03-03-2025T13:30:42 - [TEST_STEP][PASSED] - else: null

03-03-2025T13:30:42 - [TEST_STEP][PASSED] - page = page.replaceAll("\s+", ""): null

03-03-2025T13:30:42 - [TEST_STEP][PASSED] - filePoteri = poteri.toInteger(): null

03-03-2025T13:30:42 - [TEST_STEP][PASSED] - pagePoteri = page.toInteger(): null

03-03-2025T13:30:42 - [TEST_STEP][PASSED] - compare = pageOtpuskVSet: null

03-03-2025T13:30:42 - [TEST_STEP][PASSED] - if (pageOtpuskVSet != null): null

03-03-2025T13:30:42 - [TEST_STEP][PASSED] - if (compare == fileOtpuskVSet): null

03-03-2025T13:30:42 - [TEST_STEP][PASSED] - else if (compare > fileOtpuskVSet): null

03-03-2025T13:30:42 - [TEST_STEP][PASSED] - else if (compare < fileOtpuskVSet): null

03-03-2025T13:30:42 - [TEST_STEP][PASSED] - compare = compare + 1: null

03-03-2025T13:30:42 - [TEST_STEP][PASSED] - if (compare == fileOtpuskVSet): null

03-03-2025T13:30:42 - [TEST_STEP][PASSED] - else: null

03-03-2025T13:30:42 - [TEST_STEP][PASSED] - numberOfErrors = numberOfErrors + 1: null

03-03-2025T13:30:42 - [TEST_STEP][PASSED] - pageInt = pageOtpuskVSet: null

03-03-2025T13:30:42 - [TEST_STEP][PASSED] - fileInt = fileOtpuskVSet: null

03-03-2025T13:30:42 - [TEST_STEP][PASSED] - typeOfData = typeOfDataMain + " Отпуск в сеть": null

03-03-2025T13:30:42 - [TEST_STEP][PASSED] - Script1718980020443.WriteToExcel(a, typeOfData, todaysDate, pageInt, fileInt, pageDouble, fileDouble, dZO): null

03-03-2025T13:30:42 - [TEST_STEP][PASSED] - sheetName = "Sheet1": null

03-03-2025T13:30:42 - [TEST_STEP][PASSED] - data = findTestData("PlanFact"): null

03-03-2025T13:30:42 - [TEST_STEP][PASSED] - n = data.getRowNumbers() + 1: null

03-03-2025T13:30:42 - [TEST_STEP][PASSED] - day = ")).toInteger(): null

03-03-2025T13:30:42 - [TEST_STEP][PASSED] - println(day): null

03-03-2025T13:30:42 - [TEST_STEP][PASSED] - month = ")).toInteger(): null

03-03-2025T13:30:42 - [TEST_STEP][PASSED] - println(month): null

03-03-2025T13:30:42 - [TEST_STEP][PASSED] - y = <not implemented yet for class: org.codehaus.groovy.ast.expr.EmptyExpression>: null

03-03-2025T13:30:42 - [TEST_STEP][PASSED] - iy = <not implemented yet for class: org.codehaus.groovy.ast.expr.EmptyExpression>: null

03-03-2025T13:30:42 - [TEST_STEP][PASSED] - m = getText(findTestObject("Выполнение бизнес-плана/Период")): Text of object 'Object Repository/Выполнение бизнес-плана/Период' is: '2024 год'

03-03-2025T13:30:43 - [MESSAGE][PASSED] - Text of object 'Object Repository/Выполнение бизнес-плана/Период' is: '2024 год'

03-03-2025T13:30:43 - [TEST_STEP][PASSED] - iy = m.indexOf("20"): null

03-03-2025T13:30:43 - [TEST_STEP][PASSED] - if (iy > -1): null

03-03-2025T13:30:43 - [TEST_STEP][PASSED] - y = substring(iy, iy + 4).toInteger(): null

03-03-2025T13:30:43 - [TEST_STEP][PASSED] - println(y): null

03-03-2025T13:30:43 - [TEST_STEP][PASSED] - if (toString().length() == 4): null

03-03-2025T13:30:43 - [TEST_STEP][PASSED] - m = m.substring(0, m.indexOf(y.toString())): null

03-03-2025T13:30:43 - [TEST_STEP][PASSED] - m = m.trim(): null

03-03-2025T13:30:43 - [TEST_STEP][PASSED] - if (m == ""): null

03-03-2025T13:30:43 - [TEST_STEP][PASSED] - m = "весь год": null

03-03-2025T13:30:43 - [TEST_STEP][PASSED] - dashboardName = "Выполнение бизнес-плана": null

03-03-2025T13:30:43 - [TEST_STEP][PASSED] - workbook01 = getWorkbook(excelFilePath): null

03-03-2025T13:30:43 - [TEST_STEP][PASSED] - sheet01 = getExcelSheet(workbook01, sheetName): null

03-03-2025T13:30:43 - [TEST_STEP][PASSED] - setValueToCellByIndex(sheet01, n, 0, dashboardName): null

03-03-2025T13:30:43 - [TEST_STEP][PASSED] - setValueToCellByIndex(sheet01, n, 1, dZO): null

03-03-2025T13:30:43 - [TEST_STEP][PASSED] - setValueToCellByIndex(sheet01, n, 2, typeOfData): null

03-03-2025T13:30:43 - [TEST_STEP][PASSED] - if (typeOfData == "Факт в процентах" || typeOfData == "План в процентах"): null

03-03-2025T13:30:43 - [TEST_STEP][PASSED] - else: null

03-03-2025T13:30:43 - [TEST_STEP][PASSED] - setValueToCellByIndex(sheet01, n, 3, fileInt): null

03-03-2025T13:30:43 - [TEST_STEP][PASSED] - setValueToCellByIndex(sheet01, n, 4, pageInt): null

03-03-2025T13:30:43 - [TEST_STEP][PASSED] - setValueToCellByIndex(sheet01, n, 5, m): null

03-03-2025T13:30:43 - [TEST_STEP][PASSED] - setValueToCellByIndex(sheet01, n, 6, y): null

03-03-2025T13:30:43 - [TEST_STEP][PASSED] - setValueToCellByIndex(sheet01, n, 7, todaysDate): null

03-03-2025T13:30:43 - [TEST_STEP][PASSED] - n = n + 1: null

03-03-2025T13:30:43 - [TEST_STEP][PASSED] - saveWorkbook(excelFilePath, workbook01): null

03-03-2025T13:30:43 - [TEST_STEP][PASSED] - compare = pagePoteri: null

03-03-2025T13:30:43 - [TEST_STEP][PASSED] - if (pageOtpuskVSet != null): null

03-03-2025T13:30:43 - [TEST_STEP][PASSED] - if (compare == filePoteri): null

03-03-2025T13:30:43 - [TEST_STEP][PASSED] - else if (compare > filePoteri): null

03-03-2025T13:30:43 - [TEST_STEP][PASSED] - else if (compare < filePoteri): null

03-03-2025T13:30:43 - [TEST_STEP][PASSED] - compare = compare + 1: null

03-03-2025T13:30:43 - [TEST_STEP][PASSED] - if (compare == filePoteri): null

03-03-2025T13:30:43 - [TEST_STEP][PASSED] - else: null

03-03-2025T13:30:43 - [TEST_STEP][PASSED] - numberOfErrors = numberOfErrors + 1: null

03-03-2025T13:30:43 - [TEST_STEP][PASSED] - pageInt = pagePoteri: null

03-03-2025T13:30:43 - [TEST_STEP][PASSED] - fileInt = filePoteri: null

03-03-2025T13:30:43 - [TEST_STEP][PASSED] - typeOfData = typeOfDataMain + " Потери": null

03-03-2025T13:30:43 - [TEST_STEP][PASSED] - Script1718980020443.WriteToExcel(a, typeOfData, todaysDate, pageInt, fileInt, pageDouble, fileDouble, dZO): null

03-03-2025T13:30:43 - [TEST_STEP][PASSED] - sheetName = "Sheet1": null

03-03-2025T13:30:43 - [TEST_STEP][PASSED] - data = findTestData("PlanFact"): null

03-03-2025T13:30:43 - [TEST_STEP][PASSED] - n = data.getRowNumbers() + 1: null

03-03-2025T13:30:43 - [TEST_STEP][PASSED] - day = ")).toInteger(): null

03-03-2025T13:30:43 - [TEST_STEP][PASSED] - println(day): null

03-03-2025T13:30:43 - [TEST_STEP][PASSED] - month = ")).toInteger(): null

03-03-2025T13:30:43 - [TEST_STEP][PASSED] - println(month): null

03-03-2025T13:30:43 - [TEST_STEP][PASSED] - y = <not implemented yet for class: org.codehaus.groovy.ast.expr.EmptyExpression>: null

03-03-2025T13:30:43 - [TEST_STEP][PASSED] - iy = <not implemented yet for class: org.codehaus.groovy.ast.expr.EmptyExpression>: null

03-03-2025T13:30:43 - [TEST_STEP][PASSED] - m = getText(findTestObject("Выполнение бизнес-плана/Период")): Text of object 'Object Repository/Выполнение бизнес-плана/Период' is: '2024 год'

03-03-2025T13:30:43 - [MESSAGE][PASSED] - Text of object 'Object Repository/Выполнение бизнес-плана/Период' is: '2024 год'

03-03-2025T13:30:43 - [TEST_STEP][PASSED] - iy = m.indexOf("20"): null

03-03-2025T13:30:43 - [TEST_STEP][PASSED] - if (iy > -1): null

03-03-2025T13:30:43 - [TEST_STEP][PASSED] - y = substring(iy, iy + 4).toInteger(): null

03-03-2025T13:30:43 - [TEST_STEP][PASSED] - println(y): null

03-03-2025T13:30:43 - [TEST_STEP][PASSED] - if (toString().length() == 4): null

03-03-2025T13:30:43 - [TEST_STEP][PASSED] - m = m.substring(0, m.indexOf(y.toString())): null

03-03-2025T13:30:43 - [TEST_STEP][PASSED] - m = m.trim(): null

03-03-2025T13:30:43 - [TEST_STEP][PASSED] - if (m == ""): null

03-03-2025T13:30:43 - [TEST_STEP][PASSED] - m = "весь год": null

03-03-2025T13:30:43 - [TEST_STEP][PASSED] - dashboardName = "Выполнение бизнес-плана": null

03-03-2025T13:30:43 - [TEST_STEP][PASSED] - workbook01 = getWorkbook(excelFilePath): null

03-03-2025T13:30:43 - [TEST_STEP][PASSED] - sheet01 = getExcelSheet(workbook01, sheetName): null

03-03-2025T13:30:43 - [TEST_STEP][PASSED] - setValueToCellByIndex(sheet01, n, 0, dashboardName): null

03-03-2025T13:30:43 - [TEST_STEP][PASSED] - setValueToCellByIndex(sheet01, n, 1, dZO): null

03-03-2025T13:30:43 - [TEST_STEP][PASSED] - setValueToCellByIndex(sheet01, n, 2, typeOfData): null

03-03-2025T13:30:43 - [TEST_STEP][PASSED] - if (typeOfData == "Факт в процентах" || typeOfData == "План в процентах"): null

03-03-2025T13:30:43 - [TEST_STEP][PASSED] - else: null

03-03-2025T13:30:43 - [TEST_STEP][PASSED] - setValueToCellByIndex(sheet01, n, 3, fileInt): null

03-03-2025T13:30:43 - [TEST_STEP][PASSED] - setValueToCellByIndex(sheet01, n, 4, pageInt): null

03-03-2025T13:30:43 - [TEST_STEP][PASSED] - setValueToCellByIndex(sheet01, n, 5, m): null

03-03-2025T13:30:43 - [TEST_STEP][PASSED] - setValueToCellByIndex(sheet01, n, 6, y): null

03-03-2025T13:30:43 - [TEST_STEP][PASSED] - setValueToCellByIndex(sheet01, n, 7, todaysDate): null

03-03-2025T13:30:43 - [TEST_STEP][PASSED] - n = n + 1: null

03-03-2025T13:30:43 - [TEST_STEP][PASSED] - saveWorkbook(excelFilePath, workbook01): null

03-03-2025T13:30:44 - [TEST_STEP][PASSED] - if (planFact == 2): null

03-03-2025T13:30:44 - [TEST_STEP][PASSED] - if (planFact == 1): null

03-03-2025T13:30:44 - [TEST_STEP][PASSED] - else if (planFact == 2): null

03-03-2025T13:30:44 - [TEST_STEP][PASSED] - click(findTestObject("Выполнение бизнес-плана/Кнопка План")): Object: 'Object Repository/Выполнение бизнес-плана/Кнопка План' is clicked on

03-03-2025T13:30:44 - [MESSAGE][PASSED] - Object: 'Object Repository/Выполнение бизнес-плана/Кнопка План' is clicked on

03-03-2025T13:30:44 - [TEST_STEP][PASSED] - typeOfDataMain = "План": null

03-03-2025T13:30:44 - [TEST_STEP][PASSED] - otpusk = findTestData("PlanFact").getValue(2, a): null

03-03-2025T13:30:44 - [TEST_STEP][PASSED] - poteri = findTestData("PlanFact").getValue(3, a): null

03-03-2025T13:30:44 - [TEST_STEP][PASSED] - otpusk = otpusk.replaceAll("\s+", ""): null

03-03-2025T13:30:44 - [TEST_STEP][PASSED] - poteri = poteri.replaceAll("\s+", ""): null

03-03-2025T13:30:44 - [TEST_STEP][PASSED] - typeOfData = typeOfDataMain + " Отпуск в сеть": null

03-03-2025T13:30:44 - [TEST_STEP][PASSED] - if (a == 82): null

03-03-2025T13:30:44 - [TEST_STEP][PASSED] - else if (a == 84): null

03-03-2025T13:30:44 - [TEST_STEP][PASSED] - else if (a == 83 || a == 52 || a == 72 || a == 28 || a == 73 || a == 77 || a == 74 || a == 65 || a == 36 || a == 44 || a == 53 || a == 80 || a == 54 || a == 1 || a == 18 || a == 59 || a == 81): null

03-03-2025T13:30:44 - [TEST_STEP][PASSED] - else: null

03-03-2025T13:30:44 - [TEST_STEP][PASSED] - path = dataFolder + typeOfData + " за отчётный период " + b: null

03-03-2025T13:30:44 - [TEST_STEP][PASSED] - println(path): null

03-03-2025T13:30:44 - [TEST_STEP][PASSED] - page = getText(findTestObject(path)): Text of object 'Object Repository/Выполнение бизнес-плана/Значения со страницы Выполнение бизнес-плана/План Отпуск в сеть за отчётный период Севкавказэнерго' is: '176 739'

03-03-2025T13:30:44 - [MESSAGE][PASSED] - Text of object 'Object Repository/Выполнение бизнес-плана/Значения со страницы Выполнение бизнес-плана/План Отпуск в сеть за отчётный период Севкавказэнерго' is: '176 739'

03-03-2025T13:30:44 - [TEST_STEP][PASSED] - if (page == "" || page == null): null

03-03-2025T13:30:44 - [TEST_STEP][PASSED] - else: null

03-03-2025T13:30:44 - [TEST_STEP][PASSED] - page = page.replaceAll("\s+", ""): null

03-03-2025T13:30:44 - [TEST_STEP][PASSED] - fileOtpuskVSet = otpusk.toInteger(): null

03-03-2025T13:30:44 - [TEST_STEP][PASSED] - pageOtpuskVSet = page.toInteger(): null

03-03-2025T13:30:44 - [TEST_STEP][PASSED] - typeOfData = typeOfDataMain + " Потери": null

03-03-2025T13:30:44 - [TEST_STEP][PASSED] - if (a == 82): null

03-03-2025T13:30:44 - [TEST_STEP][PASSED] - else if (a == 84): null

03-03-2025T13:30:44 - [TEST_STEP][PASSED] - else if (a == 83 || a == 52 || a == 72 || a == 28 || a == 73 || a == 77 || a == 74 || a == 65 || a == 44 || a == 53 || a == 80 || a == 54 || a == 1 || a == 18 || a == 59 || a == 81): null

03-03-2025T13:30:44 - [TEST_STEP][PASSED] - else: null

03-03-2025T13:30:44 - [TEST_STEP][PASSED] - path = dataFolder + typeOfData + " за отчётный период " + b: null

03-03-2025T13:30:44 - [TEST_STEP][PASSED] - page = getText(findTestObject(path)): Text of object 'Object Repository/Выполнение бизнес-плана/Значения со страницы Выполнение бизнес-плана/План Потери за отчётный период Севкавказэнерго' is: '38 246'

03-03-2025T13:30:45 - [MESSAGE][PASSED] - Text of object 'Object Repository/Выполнение бизнес-плана/Значения со страницы Выполнение бизнес-плана/План Потери за отчётный период Севкавказэнерго' is: '38 246'

03-03-2025T13:30:45 - [TEST_STEP][PASSED] - if (page == "" || page == null): null

03-03-2025T13:30:45 - [TEST_STEP][PASSED] - else: null

03-03-2025T13:30:45 - [TEST_STEP][PASSED] - page = page.replaceAll("\s+", ""): null

03-03-2025T13:30:45 - [TEST_STEP][PASSED] - filePoteri = poteri.toInteger(): null

03-03-2025T13:30:45 - [TEST_STEP][PASSED] - pagePoteri = page.toInteger(): null

03-03-2025T13:30:45 - [TEST_STEP][PASSED] - compare = pageOtpuskVSet: null

03-03-2025T13:30:45 - [TEST_STEP][PASSED] - if (pageOtpuskVSet != null): null

03-03-2025T13:30:45 - [TEST_STEP][PASSED] - if (compare == fileOtpuskVSet): null

03-03-2025T13:30:45 - [TEST_STEP][PASSED] - else if (compare > fileOtpuskVSet): null

03-03-2025T13:30:45 - [TEST_STEP][PASSED] - else if (compare < fileOtpuskVSet): null

03-03-2025T13:30:45 - [TEST_STEP][PASSED] - compare = compare + 1: null

03-03-2025T13:30:45 - [TEST_STEP][PASSED] - if (compare == fileOtpuskVSet): null

03-03-2025T13:30:45 - [TEST_STEP][PASSED] - else: null

03-03-2025T13:30:45 - [TEST_STEP][PASSED] - numberOfErrors = numberOfErrors + 1: null

03-03-2025T13:30:45 - [TEST_STEP][PASSED] - pageInt = pageOtpuskVSet: null

03-03-2025T13:30:45 - [TEST_STEP][PASSED] - fileInt = fileOtpuskVSet: null

03-03-2025T13:30:45 - [TEST_STEP][PASSED] - typeOfData = typeOfDataMain + " Отпуск в сеть": null

03-03-2025T13:30:45 - [TEST_STEP][PASSED] - Script1718980020443.WriteToExcel(a, typeOfData, todaysDate, pageInt, fileInt, pageDouble, fileDouble, dZO): null

03-03-2025T13:30:45 - [TEST_STEP][PASSED] - sheetName = "Sheet1": null

03-03-2025T13:30:45 - [TEST_STEP][PASSED] - data = findTestData("PlanFact"): null

03-03-2025T13:30:45 - [TEST_STEP][PASSED] - n = data.getRowNumbers() + 1: null

03-03-2025T13:30:45 - [TEST_STEP][PASSED] - day = ")).toInteger(): null

03-03-2025T13:30:45 - [TEST_STEP][PASSED] - println(day): null

03-03-2025T13:30:45 - [TEST_STEP][PASSED] - month = ")).toInteger(): null

03-03-2025T13:30:45 - [TEST_STEP][PASSED] - println(month): null

03-03-2025T13:30:45 - [TEST_STEP][PASSED] - y = <not implemented yet for class: org.codehaus.groovy.ast.expr.EmptyExpression>: null

03-03-2025T13:30:45 - [TEST_STEP][PASSED] - iy = <not implemented yet for class: org.codehaus.groovy.ast.expr.EmptyExpression>: null

03-03-2025T13:30:45 - [TEST_STEP][PASSED] - m = getText(findTestObject("Выполнение бизнес-плана/Период")): Text of object 'Object Repository/Выполнение бизнес-плана/Период' is: '2024 год'

03-03-2025T13:30:45 - [MESSAGE][PASSED] - Text of object 'Object Repository/Выполнение бизнес-плана/Период' is: '2024 год'

03-03-2025T13:30:45 - [TEST_STEP][PASSED] - iy = m.indexOf("20"): null

03-03-2025T13:30:45 - [TEST_STEP][PASSED] - if (iy > -1): null

03-03-2025T13:30:45 - [TEST_STEP][PASSED] - y = substring(iy, iy + 4).toInteger(): null

03-03-2025T13:30:45 - [TEST_STEP][PASSED] - println(y): null

03-03-2025T13:30:45 - [TEST_STEP][PASSED] - if (toString().length() == 4): null

03-03-2025T13:30:45 - [TEST_STEP][PASSED] - m = m.substring(0, m.indexOf(y.toString())): null

03-03-2025T13:30:45 - [TEST_STEP][PASSED] - m = m.trim(): null

03-03-2025T13:30:45 - [TEST_STEP][PASSED] - if (m == ""): null

03-03-2025T13:30:45 - [TEST_STEP][PASSED] - m = "весь год": null

03-03-2025T13:30:45 - [TEST_STEP][PASSED] - dashboardName = "Выполнение бизнес-плана": null

03-03-2025T13:30:45 - [TEST_STEP][PASSED] - workbook01 = getWorkbook(excelFilePath): null

03-03-2025T13:30:45 - [TEST_STEP][PASSED] - sheet01 = getExcelSheet(workbook01, sheetName): null

03-03-2025T13:30:45 - [TEST_STEP][PASSED] - setValueToCellByIndex(sheet01, n, 0, dashboardName): null

03-03-2025T13:30:45 - [TEST_STEP][PASSED] - setValueToCellByIndex(sheet01, n, 1, dZO): null

03-03-2025T13:30:45 - [TEST_STEP][PASSED] - setValueToCellByIndex(sheet01, n, 2, typeOfData): null

03-03-2025T13:30:45 - [TEST_STEP][PASSED] - if (typeOfData == "Факт в процентах" || typeOfData == "План в процентах"): null

03-03-2025T13:30:45 - [TEST_STEP][PASSED] - else: null

03-03-2025T13:30:45 - [TEST_STEP][PASSED] - setValueToCellByIndex(sheet01, n, 3, fileInt): null

03-03-2025T13:30:45 - [TEST_STEP][PASSED] - setValueToCellByIndex(sheet01, n, 4, pageInt): null

03-03-2025T13:30:45 - [TEST_STEP][PASSED] - setValueToCellByIndex(sheet01, n, 5, m): null

03-03-2025T13:30:45 - [TEST_STEP][PASSED] - setValueToCellByIndex(sheet01, n, 6, y): null

03-03-2025T13:30:45 - [TEST_STEP][PASSED] - setValueToCellByIndex(sheet01, n, 7, todaysDate): null

03-03-2025T13:30:45 - [TEST_STEP][PASSED] - n = n + 1: null

03-03-2025T13:30:45 - [TEST_STEP][PASSED] - saveWorkbook(excelFilePath, workbook01): null

03-03-2025T13:30:45 - [TEST_STEP][PASSED] - compare = pagePoteri: null

03-03-2025T13:30:45 - [TEST_STEP][PASSED] - if (pageOtpuskVSet != null): null

03-03-2025T13:30:45 - [TEST_STEP][PASSED] - if (compare == filePoteri): null

03-03-2025T13:30:45 - [TEST_STEP][PASSED] - else if (compare > filePoteri): null

03-03-2025T13:30:45 - [TEST_STEP][PASSED] - else if (compare < filePoteri): null

03-03-2025T13:30:45 - [TEST_STEP][PASSED] - compare = compare + 1: null

03-03-2025T13:30:45 - [TEST_STEP][PASSED] - if (compare == filePoteri): null

03-03-2025T13:30:45 - [TEST_STEP][PASSED] - else: null

03-03-2025T13:30:45 - [TEST_STEP][PASSED] - numberOfErrors = numberOfErrors + 1: null

03-03-2025T13:30:45 - [TEST_STEP][PASSED] - pageInt = pagePoteri: null

03-03-2025T13:30:45 - [TEST_STEP][PASSED] - fileInt = filePoteri: null

03-03-2025T13:30:45 - [TEST_STEP][PASSED] - typeOfData = typeOfDataMain + " Потери": null

03-03-2025T13:30:45 - [TEST_STEP][PASSED] - Script1718980020443.WriteToExcel(a, typeOfData, todaysDate, pageInt, fileInt, pageDouble, fileDouble, dZO): null

03-03-2025T13:30:45 - [TEST_STEP][PASSED] - sheetName = "Sheet1": null

03-03-2025T13:30:45 - [TEST_STEP][PASSED] - data = findTestData("PlanFact"): null

03-03-2025T13:30:45 - [TEST_STEP][PASSED] - n = data.getRowNumbers() + 1: null

03-03-2025T13:30:45 - [TEST_STEP][PASSED] - day = ")).toInteger(): null

03-03-2025T13:30:45 - [TEST_STEP][PASSED] - println(day): null

03-03-2025T13:30:45 - [TEST_STEP][PASSED] - month = ")).toInteger(): null

03-03-2025T13:30:45 - [TEST_STEP][PASSED] - println(month): null

03-03-2025T13:30:45 - [TEST_STEP][PASSED] - y = <not implemented yet for class: org.codehaus.groovy.ast.expr.EmptyExpression>: null

03-03-2025T13:30:45 - [TEST_STEP][PASSED] - iy = <not implemented yet for class: org.codehaus.groovy.ast.expr.EmptyExpression>: null

03-03-2025T13:30:45 - [TEST_STEP][PASSED] - m = getText(findTestObject("Выполнение бизнес-плана/Период")): Text of object 'Object Repository/Выполнение бизнес-плана/Период' is: '2024 год'

03-03-2025T13:30:46 - [MESSAGE][PASSED] - Text of object 'Object Repository/Выполнение бизнес-плана/Период' is: '2024 год'

03-03-2025T13:30:46 - [TEST_STEP][PASSED] - iy = m.indexOf("20"): null

03-03-2025T13:30:46 - [TEST_STEP][PASSED] - if (iy > -1): null

03-03-2025T13:30:46 - [TEST_STEP][PASSED] - y = substring(iy, iy + 4).toInteger(): null

03-03-2025T13:30:46 - [TEST_STEP][PASSED] - println(y): null

03-03-2025T13:30:46 - [TEST_STEP][PASSED] - if (toString().length() == 4): null

03-03-2025T13:30:46 - [TEST_STEP][PASSED] - m = m.substring(0, m.indexOf(y.toString())): null

03-03-2025T13:30:46 - [TEST_STEP][PASSED] - m = m.trim(): null

03-03-2025T13:30:46 - [TEST_STEP][PASSED] - if (m == ""): null

03-03-2025T13:30:46 - [TEST_STEP][PASSED] - m = "весь год": null

03-03-2025T13:30:46 - [TEST_STEP][PASSED] - dashboardName = "Выполнение бизнес-плана": null

03-03-2025T13:30:46 - [TEST_STEP][PASSED] - workbook01 = getWorkbook(excelFilePath): null

03-03-2025T13:30:46 - [TEST_STEP][PASSED] - sheet01 = getExcelSheet(workbook01, sheetName): null

03-03-2025T13:30:46 - [TEST_STEP][PASSED] - setValueToCellByIndex(sheet01, n, 0, dashboardName): null

03-03-2025T13:30:46 - [TEST_STEP][PASSED] - setValueToCellByIndex(sheet01, n, 1, dZO): null

03-03-2025T13:30:46 - [TEST_STEP][PASSED] - setValueToCellByIndex(sheet01, n, 2, typeOfData): null

03-03-2025T13:30:46 - [TEST_STEP][PASSED] - if (typeOfData == "Факт в процентах" || typeOfData == "План в процентах"): null

03-03-2025T13:30:46 - [TEST_STEP][PASSED] - else: null

03-03-2025T13:30:46 - [TEST_STEP][PASSED] - setValueToCellByIndex(sheet01, n, 3, fileInt): null

03-03-2025T13:30:46 - [TEST_STEP][PASSED] - setValueToCellByIndex(sheet01, n, 4, pageInt): null

03-03-2025T13:30:46 - [TEST_STEP][PASSED] - setValueToCellByIndex(sheet01, n, 5, m): null

03-03-2025T13:30:46 - [TEST_STEP][PASSED] - setValueToCellByIndex(sheet01, n, 6, y): null

03-03-2025T13:30:46 - [TEST_STEP][PASSED] - setValueToCellByIndex(sheet01, n, 7, todaysDate): null

03-03-2025T13:30:46 - [TEST_STEP][PASSED] - n = n + 1: null

03-03-2025T13:30:46 - [TEST_STEP][PASSED] - saveWorkbook(excelFilePath, workbook01): Object: 'Object Repository/Выполнение бизнес-плана/Кнопка Факт' is clicked on

03-03-2025T13:30:46 - [TEST_STEP][PASSED] - if (planFact == 2): Object: 'Object Repository/Выполнение бизнес-плана/Кнопка Факт' is clicked on

03-03-2025T13:30:46 - [TEST_STEP][PASSED] - click(findTestObject("Выполнение бизнес-плана/Кнопка Факт")): Object: 'Object Repository/Выполнение бизнес-плана/Кнопка Факт' is clicked on

03-03-2025T13:30:46 - [MESSAGE][PASSED] - Object: 'Object Repository/Выполнение бизнес-плана/Кнопка Факт' is clicked on

03-03-2025T13:30:46 - [TEST_STEP][PASSED] - println("a=" + a): null

03-03-2025T13:30:46 - [TEST_STEP][PASSED] - if (a == 84 || a == 82): null

03-03-2025T13:30:46 - [TEST_STEP][PASSED] - else if (a == 83 || a == 52 || a == 72 || a == 28 || a == 73 || a == 77 || a == 74 || a == 65 || a == 36 || a == 44 || a == 53 || a == 80 || a == 54 || a == 1 || a == 18 || a == 59 || a == 81): null

03-03-2025T13:30:46 - [TEST_STEP][PASSED] - else: null

03-03-2025T13:30:46 - [TEST_STEP][PASSED] - page1 = getText(findTestObject("Object Repository/Выполнение бизнес-плана/spanPlan" + filialNum)): Text of object 'Object Repository/Выполнение бизнес-плана/spanPlan5' is: '17.60
|'

03-03-2025T13:30:47 - [MESSAGE][PASSED] - Text of object 'Object Repository/Выполнение бизнес-плана/spanPlan5' is: '17.60
|'

03-03-2025T13:30:47 - [TEST_STEP][PASSED] - page1 = page1.replace("|", ""): null

03-03-2025T13:30:47 - [TEST_STEP][PASSED] - page2 = getText(findTestObject("Object Repository/Выполнение бизнес-плана/spanFact" + filialNum)): Text of object 'Object Repository/Выполнение бизнес-плана/spanFact5' is: '17.62
|'

03-03-2025T13:30:47 - [MESSAGE][PASSED] - Text of object 'Object Repository/Выполнение бизнес-плана/spanFact5' is: '17.62
|'

03-03-2025T13:30:47 - [TEST_STEP][PASSED] - page2 = page2.replace("|", ""): null

03-03-2025T13:30:47 - [TEST_STEP][PASSED] - println("page1: " + page1): null

03-03-2025T13:30:47 - [TEST_STEP][PASSED] - println("page2: " + page2): null

03-03-2025T13:30:47 - [TEST_STEP][PASSED] - file = findTestData("PlanFact").getValue(4, a): null

03-03-2025T13:30:47 - [TEST_STEP][PASSED] - file = file.replace(",", "."): null

03-03-2025T13:30:47 - [TEST_STEP][PASSED] - println("file Plan: " + file): null

03-03-2025T13:30:47 - [TEST_STEP][PASSED] - typeOfData = "План в процентах": null

03-03-2025T13:30:47 - [TEST_STEP][PASSED] - fileDouble = file.toDouble(): null

03-03-2025T13:30:47 - [TEST_STEP][PASSED] - pageDouble = page1.toDouble(): null

03-03-2025T13:30:47 - [TEST_STEP][PASSED] - if (fileDouble != pageDouble): null

03-03-2025T13:30:47 - [TEST_STEP][PASSED] - numberOfErrors = numberOfErrors + 1: null

03-03-2025T13:30:47 - [TEST_STEP][PASSED] - Script1718980020443.WriteToExcel(a, typeOfData, todaysDate, pageInt, fileInt, pageDouble, fileDouble, dZO): null

03-03-2025T13:30:47 - [TEST_STEP][PASSED] - sheetName = "Sheet1": null

03-03-2025T13:30:47 - [TEST_STEP][PASSED] - data = findTestData("PlanFact"): null

03-03-2025T13:30:47 - [TEST_STEP][PASSED] - n = data.getRowNumbers() + 1: null

03-03-2025T13:30:47 - [TEST_STEP][PASSED] - day = ")).toInteger(): null

03-03-2025T13:30:47 - [TEST_STEP][PASSED] - println(day): null

03-03-2025T13:30:47 - [TEST_STEP][PASSED] - month = ")).toInteger(): null

03-03-2025T13:30:47 - [TEST_STEP][PASSED] - println(month): null

03-03-2025T13:30:47 - [TEST_STEP][PASSED] - y = <not implemented yet for class: org.codehaus.groovy.ast.expr.EmptyExpression>: null

03-03-2025T13:30:47 - [TEST_STEP][PASSED] - iy = <not implemented yet for class: org.codehaus.groovy.ast.expr.EmptyExpression>: null

03-03-2025T13:30:47 - [TEST_STEP][PASSED] - m = getText(findTestObject("Выполнение бизнес-плана/Период")): Text of object 'Object Repository/Выполнение бизнес-плана/Период' is: '2024 год'

03-03-2025T13:30:47 - [MESSAGE][PASSED] - Text of object 'Object Repository/Выполнение бизнес-плана/Период' is: '2024 год'

03-03-2025T13:30:47 - [TEST_STEP][PASSED] - iy = m.indexOf("20"): null

03-03-2025T13:30:47 - [TEST_STEP][PASSED] - if (iy > -1): null

03-03-2025T13:30:47 - [TEST_STEP][PASSED] - y = substring(iy, iy + 4).toInteger(): null

03-03-2025T13:30:47 - [TEST_STEP][PASSED] - println(y): null

03-03-2025T13:30:47 - [TEST_STEP][PASSED] - if (toString().length() == 4): null

03-03-2025T13:30:47 - [TEST_STEP][PASSED] - m = m.substring(0, m.indexOf(y.toString())): null

03-03-2025T13:30:47 - [TEST_STEP][PASSED] - m = m.trim(): null

03-03-2025T13:30:47 - [TEST_STEP][PASSED] - if (m == ""): null

03-03-2025T13:30:47 - [TEST_STEP][PASSED] - m = "весь год": null

03-03-2025T13:30:47 - [TEST_STEP][PASSED] - dashboardName = "Выполнение бизнес-плана": null

03-03-2025T13:30:47 - [TEST_STEP][PASSED] - workbook01 = getWorkbook(excelFilePath): null

03-03-2025T13:30:47 - [TEST_STEP][PASSED] - sheet01 = getExcelSheet(workbook01, sheetName): null

03-03-2025T13:30:47 - [TEST_STEP][PASSED] - setValueToCellByIndex(sheet01, n, 0, dashboardName): null

03-03-2025T13:30:47 - [TEST_STEP][PASSED] - setValueToCellByIndex(sheet01, n, 1, dZO): null

03-03-2025T13:30:47 - [TEST_STEP][PASSED] - setValueToCellByIndex(sheet01, n, 2, typeOfData): null

03-03-2025T13:30:47 - [TEST_STEP][PASSED] - if (typeOfData == "Факт в процентах" || typeOfData == "План в процентах"): null

03-03-2025T13:30:47 - [TEST_STEP][PASSED] - setValueToCellByIndex(sheet01, n, 3, fileDouble): null

03-03-2025T13:30:47 - [TEST_STEP][PASSED] - setValueToCellByIndex(sheet01, n, 4, pageDouble): null

03-03-2025T13:30:47 - [TEST_STEP][PASSED] - setValueToCellByIndex(sheet01, n, 5, m): null

03-03-2025T13:30:47 - [TEST_STEP][PASSED] - setValueToCellByIndex(sheet01, n, 6, y): null

03-03-2025T13:30:47 - [TEST_STEP][PASSED] - setValueToCellByIndex(sheet01, n, 7, todaysDate): null

03-03-2025T13:30:47 - [TEST_STEP][PASSED] - n = n + 1: null

03-03-2025T13:30:47 - [TEST_STEP][PASSED] - saveWorkbook(excelFilePath, workbook01): null

03-03-2025T13:30:48 - [TEST_STEP][PASSED] - file = findTestData("PlanFact").getValue(7, a): null

03-03-2025T13:30:48 - [TEST_STEP][PASSED] - file = file.replace(",", "."): null

03-03-2025T13:30:48 - [TEST_STEP][PASSED] - println("file Fact: " + file): null

03-03-2025T13:30:48 - [TEST_STEP][PASSED] - fileDouble = file.toDouble(): null

03-03-2025T13:30:48 - [TEST_STEP][PASSED] - typeOfData = "Факт в процентах": null

03-03-2025T13:30:48 - [TEST_STEP][PASSED] - fileDouble = file.toDouble(): null

03-03-2025T13:30:48 - [TEST_STEP][PASSED] - pageDouble = page2.toDouble(): null

03-03-2025T13:30:48 - [TEST_STEP][PASSED] - if (fileDouble != pageDouble): null

03-03-2025T13:30:48 - [TEST_STEP][PASSED] - numberOfErrors = numberOfErrors + 1: null

03-03-2025T13:30:48 - [TEST_STEP][PASSED] - Script1718980020443.WriteToExcel(a, typeOfData, todaysDate, pageInt, fileInt, pageDouble, fileDouble, dZO): null

03-03-2025T13:30:48 - [TEST_STEP][PASSED] - sheetName = "Sheet1": null

03-03-2025T13:30:48 - [TEST_STEP][PASSED] - data = findTestData("PlanFact"): null

03-03-2025T13:30:48 - [TEST_STEP][PASSED] - n = data.getRowNumbers() + 1: null

03-03-2025T13:30:48 - [TEST_STEP][PASSED] - day = ")).toInteger(): null

03-03-2025T13:30:48 - [TEST_STEP][PASSED] - println(day): null

03-03-2025T13:30:48 - [TEST_STEP][PASSED] - month = ")).toInteger(): null

03-03-2025T13:30:48 - [TEST_STEP][PASSED] - println(month): null

03-03-2025T13:30:48 - [TEST_STEP][PASSED] - y = <not implemented yet for class: org.codehaus.groovy.ast.expr.EmptyExpression>: null

03-03-2025T13:30:48 - [TEST_STEP][PASSED] - iy = <not implemented yet for class: org.codehaus.groovy.ast.expr.EmptyExpression>: null

03-03-2025T13:30:48 - [TEST_STEP][PASSED] - m = getText(findTestObject("Выполнение бизнес-плана/Период")): Text of object 'Object Repository/Выполнение бизнес-плана/Период' is: '2024 год'

03-03-2025T13:30:48 - [MESSAGE][PASSED] - Text of object 'Object Repository/Выполнение бизнес-плана/Период' is: '2024 год'

03-03-2025T13:30:48 - [TEST_STEP][PASSED] - iy = m.indexOf("20"): null

03-03-2025T13:30:48 - [TEST_STEP][PASSED] - if (iy > -1): null

03-03-2025T13:30:48 - [TEST_STEP][PASSED] - y = substring(iy, iy + 4).toInteger(): null

03-03-2025T13:30:48 - [TEST_STEP][PASSED] - println(y): null

03-03-2025T13:30:48 - [TEST_STEP][PASSED] - if (toString().length() == 4): null

03-03-2025T13:30:48 - [TEST_STEP][PASSED] - m = m.substring(0, m.indexOf(y.toString())): null

03-03-2025T13:30:48 - [TEST_STEP][PASSED] - m = m.trim(): null

03-03-2025T13:30:48 - [TEST_STEP][PASSED] - if (m == ""): null

03-03-2025T13:30:48 - [TEST_STEP][PASSED] - m = "весь год": null

03-03-2025T13:30:48 - [TEST_STEP][PASSED] - dashboardName = "Выполнение бизнес-плана": null

03-03-2025T13:30:48 - [TEST_STEP][PASSED] - workbook01 = getWorkbook(excelFilePath): null

03-03-2025T13:30:48 - [TEST_STEP][PASSED] - sheet01 = getExcelSheet(workbook01, sheetName): null

03-03-2025T13:30:48 - [TEST_STEP][PASSED] - setValueToCellByIndex(sheet01, n, 0, dashboardName): null

03-03-2025T13:30:48 - [TEST_STEP][PASSED] - setValueToCellByIndex(sheet01, n, 1, dZO): null

03-03-2025T13:30:48 - [TEST_STEP][PASSED] - setValueToCellByIndex(sheet01, n, 2, typeOfData): null

03-03-2025T13:30:48 - [TEST_STEP][PASSED] - if (typeOfData == "Факт в процентах" || typeOfData == "План в процентах"): null

03-03-2025T13:30:48 - [TEST_STEP][PASSED] - setValueToCellByIndex(sheet01, n, 3, fileDouble): null

03-03-2025T13:30:48 - [TEST_STEP][PASSED] - setValueToCellByIndex(sheet01, n, 4, pageDouble): null

03-03-2025T13:30:48 - [TEST_STEP][PASSED] - setValueToCellByIndex(sheet01, n, 5, m): null

03-03-2025T13:30:48 - [TEST_STEP][PASSED] - setValueToCellByIndex(sheet01, n, 6, y): null

03-03-2025T13:30:48 - [TEST_STEP][PASSED] - setValueToCellByIndex(sheet01, n, 7, todaysDate): null

03-03-2025T13:30:48 - [TEST_STEP][PASSED] - n = n + 1: null

03-03-2025T13:30:48 - [TEST_STEP][PASSED] - saveWorkbook(excelFilePath, workbook01): null

03-03-2025T13:30:48 - [TEST_STEP][FAILED] - if (verifyEqual(numberOfErrors, 0) == false): null

03-03-2025T13:30:48 - [MESSAGE][FAILED] - Unable to verify equal between actual object '6' and expected object '0' (Root cause: com.kms.katalon.core.exception.StepFailedException: Actual object '6' and expected object '0' are not equal
	at com.kms.katalon.core.keyword.builtin.VerifyEqualKeyword$_verifyEqual_closure1.doCall(VerifyEqualKeyword.groovy:58)
	at com.kms.katalon.core.keyword.builtin.VerifyEqualKeyword$_verifyEqual_closure1.call(VerifyEqualKeyword.groovy)
	at com.kms.katalon.core.keyword.internal.KeywordMain.runKeyword(KeywordMain.groovy:75)
	at com.kms.katalon.core.keyword.builtin.VerifyEqualKeyword.verifyEqual(VerifyEqualKeyword.groovy:63)
	at com.kms.katalon.core.keyword.builtin.VerifyEqualKeyword.execute(VerifyEqualKeyword.groovy:44)
	at com.kms.katalon.core.keyword.internal.KeywordExecutor.executeKeywordForPlatform(KeywordExecutor.groovy:74)
	at com.kms.katalon.core.keyword.BuiltinKeywords.verifyEqual(BuiltinKeywords.groovy:146)
	at jdk.internal.reflect.GeneratedMethodAccessor24.invoke(Unknown Source)
	at java.base/jdk.internal.reflect.DelegatingMethodAccessorImpl.invoke(DelegatingMethodAccessorImpl.java:43)
	at Выполнение бизнес-плана Сверка ПАО Россети все филиалы.Numbers(Выполнение бизнес-плана Сверка ПАО Россети все филиалы:736)
	at Выполнение бизнес-плана Сверка ПАО Россети все филиалы.Filials(Выполнение бизнес-плана Сверка ПАО Россети все филиалы:1127)
	at Выполнение бизнес-плана Сверка ПАО Россети все филиалы.Numbers(Выполнение бизнес-плана Сверка ПАО Россети все филиалы:743)
	at Выполнение бизнес-плана Сверка ПАО Россети все филиалы.run(Выполнение бизнес-плана Сверка ПАО Россети все филиалы:280)
	at com.kms.katalon.core.main.ScriptEngine.run(ScriptEngine.java:194)
	at com.kms.katalon.core.main.ScriptEngine.runScriptAsRawText(ScriptEngine.java:119)
	at com.kms.katalon.core.main.TestCaseExecutor.runScript(TestCaseExecutor.java:448)
	at com.kms.katalon.core.main.TestCaseExecutor.doExecute(TestCaseExecutor.java:439)
	at com.kms.katalon.core.main.TestCaseExecutor.processExecutionPhase(TestCaseExecutor.java:418)
	at com.kms.katalon.core.main.TestCaseExecutor.accessMainPhase(TestCaseExecutor.java:410)
	at com.kms.katalon.core.main.TestCaseExecutor.execute(TestCaseExecutor.java:285)
	at com.kms.katalon.core.common.CommonExecutor.accessTestCaseMainPhase(CommonExecutor.java:65)
	at com.kms.katalon.core.main.TestSuiteExecutor.accessTestSuiteMainPhase(TestSuiteExecutor.java:150)
	at com.kms.katalon.core.main.TestSuiteExecutor.execute(TestSuiteExecutor.java:106)
	at com.kms.katalon.core.main.TestCaseMain.startTestSuite(TestCaseMain.java:180)
	at TempTestSuite1740991900055.run(TempTestSuite1740991900055.groovy:35)
	at java.base/jdk.internal.reflect.NativeMethodAccessorImpl.invoke0(Native Method)
	at java.base/jdk.internal.reflect.NativeMethodAccessorImpl.invoke(NativeMethodAccessorImpl.java:77)
	at java.base/jdk.internal.reflect.DelegatingMethodAccessorImpl.invoke(DelegatingMethodAccessorImpl.java:43)
)

03-03-2025T13:30:48 - [TEST_STEP][PASSED] - println(numberOfErrors): null

03-03-2025T13:30:48 - [TEST_STEP][PASSED] - println("a=" + a): null

03-03-2025T13:30:48 - [TEST_STEP][PASSED] - if (a == 28 || a == 77 || a == 74 || a == 65 || a == 36 || a == 44 || a == 54 || a == 1 || a == 18 || a == 59): null

03-03-2025T13:30:48 - [TEST_STEP][PASSED] - if (a == 82): null

03-03-2025T13:30:48 - [TEST_STEP][PASSED] - dZO = "Ставропольэнерго": null

03-03-2025T13:30:48 - [TEST_STEP][PASSED] - a = 69: null

03-03-2025T13:30:48 - [TEST_STEP][PASSED] - if (x2.contains(dZO)): null

03-03-2025T13:30:48 - [TEST_STEP][PASSED] - filialNum = filialNum + 1: null

03-03-2025T13:30:48 - [TEST_STEP][PASSED] - Script1718980020443.Numbers(a, typeOfData, todaysDate, pageInt, fileInt, pageDouble, fileDouble, dZO, dzoNum, filialNum): null

03-03-2025T13:30:48 - [TEST_STEP][PASSED] - println(dzoNum): null

03-03-2025T13:30:48 - [TEST_STEP][PASSED] - planFact = <not implemented yet for class: org.codehaus.groovy.ast.expr.EmptyExpression>: null

03-03-2025T13:30:48 - [TEST_STEP][PASSED] - page = <not implemented yet for class: org.codehaus.groovy.ast.expr.EmptyExpression>: null

03-03-2025T13:30:48 - [TEST_STEP][PASSED] - page1 = <not implemented yet for class: org.codehaus.groovy.ast.expr.EmptyExpression>: null

03-03-2025T13:30:48 - [TEST_STEP][PASSED] - page2 = <not implemented yet for class: org.codehaus.groovy.ast.expr.EmptyExpression>: null

03-03-2025T13:30:48 - [TEST_STEP][PASSED] - filialNumberInRow = <not implemented yet for class: org.codehaus.groovy.ast.expr.EmptyExpression>: null

03-03-2025T13:30:48 - [TEST_STEP][PASSED] - filialsDzoNames = <not implemented yet for class: org.codehaus.groovy.ast.expr.EmptyExpression>: null

03-03-2025T13:30:48 - [TEST_STEP][PASSED] - numberOfFilials = <not implemented yet for class: org.codehaus.groovy.ast.expr.EmptyExpression>: null

03-03-2025T13:30:48 - [TEST_STEP][PASSED] - numberOfSpaces = <not implemented yet for class: org.codehaus.groovy.ast.expr.EmptyExpression>: null

03-03-2025T13:30:48 - [TEST_STEP][PASSED] - file = <not implemented yet for class: org.codehaus.groovy.ast.expr.EmptyExpression>: null

03-03-2025T13:30:48 - [TEST_STEP][PASSED] - otpusk = <not implemented yet for class: org.codehaus.groovy.ast.expr.EmptyExpression>: null

03-03-2025T13:30:48 - [TEST_STEP][PASSED] - poteri = <not implemented yet for class: org.codehaus.groovy.ast.expr.EmptyExpression>: null

03-03-2025T13:30:48 - [TEST_STEP][PASSED] - dataFolder = "Выполнение бизнес-плана/Значения со страницы Выполнение бизнес-плана/": null

03-03-2025T13:30:48 - [TEST_STEP][PASSED] - path = <not implemented yet for class: org.codehaus.groovy.ast.expr.EmptyExpression>: null

03-03-2025T13:30:48 - [TEST_STEP][PASSED] - typeOfDataMain = <not implemented yet for class: org.codehaus.groovy.ast.expr.EmptyExpression>: null

03-03-2025T13:30:48 - [TEST_STEP][PASSED] - fileOtpuskVSet = <not implemented yet for class: org.codehaus.groovy.ast.expr.EmptyExpression>: null

03-03-2025T13:30:48 - [TEST_STEP][PASSED] - pageOtpuskVSet = <not implemented yet for class: org.codehaus.groovy.ast.expr.EmptyExpression>: null

03-03-2025T13:30:48 - [TEST_STEP][PASSED] - filePoteri = <not implemented yet for class: org.codehaus.groovy.ast.expr.EmptyExpression>: null

03-03-2025T13:30:48 - [TEST_STEP][PASSED] - pagePoteri = <not implemented yet for class: org.codehaus.groovy.ast.expr.EmptyExpression>: null

03-03-2025T13:30:48 - [TEST_STEP][PASSED] - compare = <not implemented yet for class: org.codehaus.groovy.ast.expr.EmptyExpression>: null

03-03-2025T13:30:48 - [TEST_STEP][PASSED] - b = <not implemented yet for class: org.codehaus.groovy.ast.expr.EmptyExpression>: null

03-03-2025T13:30:48 - [TEST_STEP][PASSED] - i = <not implemented yet for class: org.codehaus.groovy.ast.expr.EmptyExpression>: null

03-03-2025T13:30:48 - [TEST_STEP][PASSED] - ii = <not implemented yet for class: org.codehaus.groovy.ast.expr.EmptyExpression>: null

03-03-2025T13:30:48 - [TEST_STEP][PASSED] - c = <not implemented yet for class: org.codehaus.groovy.ast.expr.EmptyExpression>: null

03-03-2025T13:30:48 - [TEST_STEP][PASSED] - numberOfErrors = 0: null

03-03-2025T13:30:48 - [TEST_STEP][PASSED] - if (a == 82): null

03-03-2025T13:30:48 - [TEST_STEP][PASSED] - b = findTestData("PlanFact").getValue(1, a): null

03-03-2025T13:30:48 - [TEST_STEP][PASSED] - i = b.indexOf(" (ГК)"): null

03-03-2025T13:30:48 - [TEST_STEP][PASSED] - if (i > -1): null

03-03-2025T13:30:48 - [TEST_STEP][PASSED] - i = b.indexOf("О ""): null

03-03-2025T13:30:48 - [TEST_STEP][PASSED] - if (i > -1): null

03-03-2025T13:30:48 - [TEST_STEP][PASSED] - i = b.indexOf("О «"): null

03-03-2025T13:30:48 - [TEST_STEP][PASSED] - if (i > -1): null

03-03-2025T13:30:48 - [TEST_STEP][PASSED] - i = b.indexOf("г. "): null

03-03-2025T13:30:48 - [TEST_STEP][PASSED] - if (i > -1): null

03-03-2025T13:30:48 - [TEST_STEP][PASSED] - b = b.trim(): null

03-03-2025T13:30:48 - [TEST_STEP][PASSED] - println(b): null

03-03-2025T13:30:48 - [TEST_STEP][PASSED] - for ([planFact = 1, planFact < 3, (planFact++)]): null

03-03-2025T13:30:48 - [TEST_STEP][PASSED] - if (planFact == 1): null

03-03-2025T13:30:48 - [TEST_STEP][PASSED] - typeOfDataMain = "Факт": null

03-03-2025T13:30:48 - [TEST_STEP][PASSED] - otpusk = findTestData("PlanFact").getValue(5, a): null

03-03-2025T13:30:49 - [TEST_STEP][PASSED] - poteri = findTestData("PlanFact").getValue(6, a): null

03-03-2025T13:30:49 - [TEST_STEP][PASSED] - otpusk = otpusk.replaceAll("\s+", ""): null

03-03-2025T13:30:49 - [TEST_STEP][PASSED] - poteri = poteri.replaceAll("\s+", ""): null

03-03-2025T13:30:49 - [TEST_STEP][PASSED] - typeOfData = typeOfDataMain + " Отпуск в сеть": null

03-03-2025T13:30:49 - [TEST_STEP][PASSED] - if (a == 82): null

03-03-2025T13:30:49 - [TEST_STEP][PASSED] - else if (a == 84): null

03-03-2025T13:30:49 - [TEST_STEP][PASSED] - else if (a == 83 || a == 52 || a == 72 || a == 28 || a == 73 || a == 77 || a == 74 || a == 65 || a == 36 || a == 44 || a == 53 || a == 80 || a == 54 || a == 1 || a == 18 || a == 59 || a == 81): null

03-03-2025T13:30:49 - [TEST_STEP][PASSED] - else: null

03-03-2025T13:30:49 - [TEST_STEP][PASSED] - path = dataFolder + typeOfData + " за отчётный период " + b: null

03-03-2025T13:30:49 - [TEST_STEP][PASSED] - println(path): null

03-03-2025T13:30:49 - [TEST_STEP][PASSED] - page = getText(findTestObject(path)): Text of object 'Object Repository/Выполнение бизнес-плана/Значения со страницы Выполнение бизнес-плана/Факт Отпуск в сеть за отчётный период Ставропольэнерго' is: '776 702'

03-03-2025T13:30:49 - [MESSAGE][PASSED] - Text of object 'Object Repository/Выполнение бизнес-плана/Значения со страницы Выполнение бизнес-плана/Факт Отпуск в сеть за отчётный период Ставропольэнерго' is: '776 702'

03-03-2025T13:30:49 - [TEST_STEP][PASSED] - if (page == "" || page == null): null

03-03-2025T13:30:49 - [TEST_STEP][PASSED] - else: null

03-03-2025T13:30:49 - [TEST_STEP][PASSED] - page = page.replaceAll("\s+", ""): null

03-03-2025T13:30:49 - [TEST_STEP][PASSED] - fileOtpuskVSet = otpusk.toInteger(): null

03-03-2025T13:30:49 - [TEST_STEP][PASSED] - pageOtpuskVSet = page.toInteger(): null

03-03-2025T13:30:49 - [TEST_STEP][PASSED] - typeOfData = typeOfDataMain + " Потери": null

03-03-2025T13:30:49 - [TEST_STEP][PASSED] - if (a == 82): null

03-03-2025T13:30:49 - [TEST_STEP][PASSED] - else if (a == 84): null

03-03-2025T13:30:49 - [TEST_STEP][PASSED] - else if (a == 83 || a == 52 || a == 72 || a == 28 || a == 73 || a == 77 || a == 74 || a == 65 || a == 44 || a == 53 || a == 80 || a == 54 || a == 1 || a == 18 || a == 59 || a == 81): null

03-03-2025T13:30:49 - [TEST_STEP][PASSED] - else: null

03-03-2025T13:30:49 - [TEST_STEP][PASSED] - path = dataFolder + typeOfData + " за отчётный период " + b: null

03-03-2025T13:30:49 - [TEST_STEP][PASSED] - page = getText(findTestObject(path)): Text of object 'Object Repository/Выполнение бизнес-плана/Значения со страницы Выполнение бизнес-плана/Факт Потери за отчётный период Ставропольэнерго' is: '90 061'

03-03-2025T13:30:49 - [MESSAGE][PASSED] - Text of object 'Object Repository/Выполнение бизнес-плана/Значения со страницы Выполнение бизнес-плана/Факт Потери за отчётный период Ставропольэнерго' is: '90 061'

03-03-2025T13:30:49 - [TEST_STEP][PASSED] - if (page == "" || page == null): null

03-03-2025T13:30:49 - [TEST_STEP][PASSED] - else: null

03-03-2025T13:30:49 - [TEST_STEP][PASSED] - page = page.replaceAll("\s+", ""): null

03-03-2025T13:30:49 - [TEST_STEP][PASSED] - filePoteri = poteri.toInteger(): null

03-03-2025T13:30:49 - [TEST_STEP][PASSED] - pagePoteri = page.toInteger(): null

03-03-2025T13:30:49 - [TEST_STEP][PASSED] - compare = pageOtpuskVSet: null

03-03-2025T13:30:49 - [TEST_STEP][PASSED] - if (pageOtpuskVSet != null): null

03-03-2025T13:30:49 - [TEST_STEP][PASSED] - if (compare == fileOtpuskVSet): null

03-03-2025T13:30:49 - [TEST_STEP][PASSED] - else if (compare > fileOtpuskVSet): null

03-03-2025T13:30:49 - [TEST_STEP][PASSED] - else if (compare < fileOtpuskVSet): null

03-03-2025T13:30:49 - [TEST_STEP][PASSED] - compare = compare + 1: null

03-03-2025T13:30:49 - [TEST_STEP][PASSED] - if (compare == fileOtpuskVSet): null

03-03-2025T13:30:49 - [TEST_STEP][PASSED] - else: null

03-03-2025T13:30:49 - [TEST_STEP][PASSED] - numberOfErrors = numberOfErrors + 1: null

03-03-2025T13:30:49 - [TEST_STEP][PASSED] - pageInt = pageOtpuskVSet: null

03-03-2025T13:30:49 - [TEST_STEP][PASSED] - fileInt = fileOtpuskVSet: null

03-03-2025T13:30:49 - [TEST_STEP][PASSED] - typeOfData = typeOfDataMain + " Отпуск в сеть": null

03-03-2025T13:30:49 - [TEST_STEP][PASSED] - Script1718980020443.WriteToExcel(a, typeOfData, todaysDate, pageInt, fileInt, pageDouble, fileDouble, dZO): null

03-03-2025T13:30:49 - [TEST_STEP][PASSED] - sheetName = "Sheet1": null

03-03-2025T13:30:49 - [TEST_STEP][PASSED] - data = findTestData("PlanFact"): null

03-03-2025T13:30:49 - [TEST_STEP][PASSED] - n = data.getRowNumbers() + 1: null

03-03-2025T13:30:49 - [TEST_STEP][PASSED] - day = ")).toInteger(): null

03-03-2025T13:30:49 - [TEST_STEP][PASSED] - println(day): null

03-03-2025T13:30:49 - [TEST_STEP][PASSED] - month = ")).toInteger(): null

03-03-2025T13:30:49 - [TEST_STEP][PASSED] - println(month): null

03-03-2025T13:30:49 - [TEST_STEP][PASSED] - y = <not implemented yet for class: org.codehaus.groovy.ast.expr.EmptyExpression>: null

03-03-2025T13:30:49 - [TEST_STEP][PASSED] - iy = <not implemented yet for class: org.codehaus.groovy.ast.expr.EmptyExpression>: null

03-03-2025T13:30:49 - [TEST_STEP][PASSED] - m = getText(findTestObject("Выполнение бизнес-плана/Период")): Text of object 'Object Repository/Выполнение бизнес-плана/Период' is: '2024 год'

03-03-2025T13:30:50 - [MESSAGE][PASSED] - Text of object 'Object Repository/Выполнение бизнес-плана/Период' is: '2024 год'

03-03-2025T13:30:50 - [TEST_STEP][PASSED] - iy = m.indexOf("20"): null

03-03-2025T13:30:50 - [TEST_STEP][PASSED] - if (iy > -1): null

03-03-2025T13:30:50 - [TEST_STEP][PASSED] - y = substring(iy, iy + 4).toInteger(): null

03-03-2025T13:30:50 - [TEST_STEP][PASSED] - println(y): null

03-03-2025T13:30:50 - [TEST_STEP][PASSED] - if (toString().length() == 4): null

03-03-2025T13:30:50 - [TEST_STEP][PASSED] - m = m.substring(0, m.indexOf(y.toString())): null

03-03-2025T13:30:50 - [TEST_STEP][PASSED] - m = m.trim(): null

03-03-2025T13:30:50 - [TEST_STEP][PASSED] - if (m == ""): null

03-03-2025T13:30:50 - [TEST_STEP][PASSED] - m = "весь год": null

03-03-2025T13:30:50 - [TEST_STEP][PASSED] - dashboardName = "Выполнение бизнес-плана": null

03-03-2025T13:30:50 - [TEST_STEP][PASSED] - workbook01 = getWorkbook(excelFilePath): null

03-03-2025T13:30:50 - [TEST_STEP][PASSED] - sheet01 = getExcelSheet(workbook01, sheetName): null

03-03-2025T13:30:50 - [TEST_STEP][PASSED] - setValueToCellByIndex(sheet01, n, 0, dashboardName): null

03-03-2025T13:30:50 - [TEST_STEP][PASSED] - setValueToCellByIndex(sheet01, n, 1, dZO): null

03-03-2025T13:30:50 - [TEST_STEP][PASSED] - setValueToCellByIndex(sheet01, n, 2, typeOfData): null

03-03-2025T13:30:50 - [TEST_STEP][PASSED] - if (typeOfData == "Факт в процентах" || typeOfData == "План в процентах"): null

03-03-2025T13:30:50 - [TEST_STEP][PASSED] - else: null

03-03-2025T13:30:50 - [TEST_STEP][PASSED] - setValueToCellByIndex(sheet01, n, 3, fileInt): null

03-03-2025T13:30:50 - [TEST_STEP][PASSED] - setValueToCellByIndex(sheet01, n, 4, pageInt): null

03-03-2025T13:30:50 - [TEST_STEP][PASSED] - setValueToCellByIndex(sheet01, n, 5, m): null

03-03-2025T13:30:50 - [TEST_STEP][PASSED] - setValueToCellByIndex(sheet01, n, 6, y): null

03-03-2025T13:30:50 - [TEST_STEP][PASSED] - setValueToCellByIndex(sheet01, n, 7, todaysDate): null

03-03-2025T13:30:50 - [TEST_STEP][PASSED] - n = n + 1: null

03-03-2025T13:30:50 - [TEST_STEP][PASSED] - saveWorkbook(excelFilePath, workbook01): null

03-03-2025T13:30:50 - [TEST_STEP][PASSED] - compare = pagePoteri: null

03-03-2025T13:30:50 - [TEST_STEP][PASSED] - if (pageOtpuskVSet != null): null

03-03-2025T13:30:50 - [TEST_STEP][PASSED] - if (compare == filePoteri): null

03-03-2025T13:30:50 - [TEST_STEP][PASSED] - else if (compare > filePoteri): null

03-03-2025T13:30:50 - [TEST_STEP][PASSED] - else if (compare < filePoteri): null

03-03-2025T13:30:50 - [TEST_STEP][PASSED] - compare = compare + 1: null

03-03-2025T13:30:50 - [TEST_STEP][PASSED] - if (compare == filePoteri): null

03-03-2025T13:30:50 - [TEST_STEP][PASSED] - else: null

03-03-2025T13:30:50 - [TEST_STEP][PASSED] - numberOfErrors = numberOfErrors + 1: null

03-03-2025T13:30:50 - [TEST_STEP][PASSED] - pageInt = pagePoteri: null

03-03-2025T13:30:50 - [TEST_STEP][PASSED] - fileInt = filePoteri: null

03-03-2025T13:30:50 - [TEST_STEP][PASSED] - typeOfData = typeOfDataMain + " Потери": null

03-03-2025T13:30:50 - [TEST_STEP][PASSED] - Script1718980020443.WriteToExcel(a, typeOfData, todaysDate, pageInt, fileInt, pageDouble, fileDouble, dZO): null

03-03-2025T13:30:50 - [TEST_STEP][PASSED] - sheetName = "Sheet1": null

03-03-2025T13:30:50 - [TEST_STEP][PASSED] - data = findTestData("PlanFact"): null

03-03-2025T13:30:50 - [TEST_STEP][PASSED] - n = data.getRowNumbers() + 1: null

03-03-2025T13:30:50 - [TEST_STEP][PASSED] - day = ")).toInteger(): null

03-03-2025T13:30:50 - [TEST_STEP][PASSED] - println(day): null

03-03-2025T13:30:50 - [TEST_STEP][PASSED] - month = ")).toInteger(): null

03-03-2025T13:30:50 - [TEST_STEP][PASSED] - println(month): null

03-03-2025T13:30:50 - [TEST_STEP][PASSED] - y = <not implemented yet for class: org.codehaus.groovy.ast.expr.EmptyExpression>: null

03-03-2025T13:30:50 - [TEST_STEP][PASSED] - iy = <not implemented yet for class: org.codehaus.groovy.ast.expr.EmptyExpression>: null

03-03-2025T13:30:50 - [TEST_STEP][PASSED] - m = getText(findTestObject("Выполнение бизнес-плана/Период")): Text of object 'Object Repository/Выполнение бизнес-плана/Период' is: '2024 год'

03-03-2025T13:30:50 - [MESSAGE][PASSED] - Text of object 'Object Repository/Выполнение бизнес-плана/Период' is: '2024 год'

03-03-2025T13:30:50 - [TEST_STEP][PASSED] - iy = m.indexOf("20"): null

03-03-2025T13:30:50 - [TEST_STEP][PASSED] - if (iy > -1): null

03-03-2025T13:30:50 - [TEST_STEP][PASSED] - y = substring(iy, iy + 4).toInteger(): null

03-03-2025T13:30:50 - [TEST_STEP][PASSED] - println(y): null

03-03-2025T13:30:50 - [TEST_STEP][PASSED] - if (toString().length() == 4): null

03-03-2025T13:30:50 - [TEST_STEP][PASSED] - m = m.substring(0, m.indexOf(y.toString())): null

03-03-2025T13:30:50 - [TEST_STEP][PASSED] - m = m.trim(): null

03-03-2025T13:30:50 - [TEST_STEP][PASSED] - if (m == ""): null

03-03-2025T13:30:50 - [TEST_STEP][PASSED] - m = "весь год": null

03-03-2025T13:30:50 - [TEST_STEP][PASSED] - dashboardName = "Выполнение бизнес-плана": null

03-03-2025T13:30:50 - [TEST_STEP][PASSED] - workbook01 = getWorkbook(excelFilePath): null

03-03-2025T13:30:50 - [TEST_STEP][PASSED] - sheet01 = getExcelSheet(workbook01, sheetName): null

03-03-2025T13:30:50 - [TEST_STEP][PASSED] - setValueToCellByIndex(sheet01, n, 0, dashboardName): null

03-03-2025T13:30:50 - [TEST_STEP][PASSED] - setValueToCellByIndex(sheet01, n, 1, dZO): null

03-03-2025T13:30:50 - [TEST_STEP][PASSED] - setValueToCellByIndex(sheet01, n, 2, typeOfData): null

03-03-2025T13:30:50 - [TEST_STEP][PASSED] - if (typeOfData == "Факт в процентах" || typeOfData == "План в процентах"): null

03-03-2025T13:30:50 - [TEST_STEP][PASSED] - else: null

03-03-2025T13:30:50 - [TEST_STEP][PASSED] - setValueToCellByIndex(sheet01, n, 3, fileInt): null

03-03-2025T13:30:50 - [TEST_STEP][PASSED] - setValueToCellByIndex(sheet01, n, 4, pageInt): null

03-03-2025T13:30:50 - [TEST_STEP][PASSED] - setValueToCellByIndex(sheet01, n, 5, m): null

03-03-2025T13:30:50 - [TEST_STEP][PASSED] - setValueToCellByIndex(sheet01, n, 6, y): null

03-03-2025T13:30:50 - [TEST_STEP][PASSED] - setValueToCellByIndex(sheet01, n, 7, todaysDate): null

03-03-2025T13:30:50 - [TEST_STEP][PASSED] - n = n + 1: null

03-03-2025T13:30:50 - [TEST_STEP][PASSED] - saveWorkbook(excelFilePath, workbook01): null

03-03-2025T13:30:51 - [TEST_STEP][PASSED] - if (planFact == 2): null

03-03-2025T13:30:51 - [TEST_STEP][PASSED] - if (planFact == 1): null

03-03-2025T13:30:51 - [TEST_STEP][PASSED] - else if (planFact == 2): null

03-03-2025T13:30:51 - [TEST_STEP][PASSED] - click(findTestObject("Выполнение бизнес-плана/Кнопка План")): Object: 'Object Repository/Выполнение бизнес-плана/Кнопка План' is clicked on

03-03-2025T13:30:51 - [MESSAGE][PASSED] - Object: 'Object Repository/Выполнение бизнес-плана/Кнопка План' is clicked on

03-03-2025T13:30:51 - [TEST_STEP][PASSED] - typeOfDataMain = "План": null

03-03-2025T13:30:51 - [TEST_STEP][PASSED] - otpusk = findTestData("PlanFact").getValue(2, a): null

03-03-2025T13:30:51 - [TEST_STEP][PASSED] - poteri = findTestData("PlanFact").getValue(3, a): null

03-03-2025T13:30:51 - [TEST_STEP][PASSED] - otpusk = otpusk.replaceAll("\s+", ""): null

03-03-2025T13:30:51 - [TEST_STEP][PASSED] - poteri = poteri.replaceAll("\s+", ""): null

03-03-2025T13:30:51 - [TEST_STEP][PASSED] - typeOfData = typeOfDataMain + " Отпуск в сеть": null

03-03-2025T13:30:51 - [TEST_STEP][PASSED] - if (a == 82): null

03-03-2025T13:30:51 - [TEST_STEP][PASSED] - else if (a == 84): null

03-03-2025T13:30:51 - [TEST_STEP][PASSED] - else if (a == 83 || a == 52 || a == 72 || a == 28 || a == 73 || a == 77 || a == 74 || a == 65 || a == 36 || a == 44 || a == 53 || a == 80 || a == 54 || a == 1 || a == 18 || a == 59 || a == 81): null

03-03-2025T13:30:51 - [TEST_STEP][PASSED] - else: null

03-03-2025T13:30:51 - [TEST_STEP][PASSED] - path = dataFolder + typeOfData + " за отчётный период " + b: null

03-03-2025T13:30:51 - [TEST_STEP][PASSED] - println(path): null

03-03-2025T13:30:51 - [TEST_STEP][PASSED] - page = getText(findTestObject(path)): Text of object 'Object Repository/Выполнение бизнес-плана/Значения со страницы Выполнение бизнес-плана/План Отпуск в сеть за отчётный период Ставропольэнерго' is: '750 965'

03-03-2025T13:30:51 - [MESSAGE][PASSED] - Text of object 'Object Repository/Выполнение бизнес-плана/Значения со страницы Выполнение бизнес-плана/План Отпуск в сеть за отчётный период Ставропольэнерго' is: '750 965'

03-03-2025T13:30:51 - [TEST_STEP][PASSED] - if (page == "" || page == null): null

03-03-2025T13:30:51 - [TEST_STEP][PASSED] - else: null

03-03-2025T13:30:51 - [TEST_STEP][PASSED] - page = page.replaceAll("\s+", ""): null

03-03-2025T13:30:51 - [TEST_STEP][PASSED] - fileOtpuskVSet = otpusk.toInteger(): null

03-03-2025T13:30:51 - [TEST_STEP][PASSED] - pageOtpuskVSet = page.toInteger(): null

03-03-2025T13:30:51 - [TEST_STEP][PASSED] - typeOfData = typeOfDataMain + " Потери": null

03-03-2025T13:30:51 - [TEST_STEP][PASSED] - if (a == 82): null

03-03-2025T13:30:51 - [TEST_STEP][PASSED] - else if (a == 84): null

03-03-2025T13:30:51 - [TEST_STEP][PASSED] - else if (a == 83 || a == 52 || a == 72 || a == 28 || a == 73 || a == 77 || a == 74 || a == 65 || a == 44 || a == 53 || a == 80 || a == 54 || a == 1 || a == 18 || a == 59 || a == 81): null

03-03-2025T13:30:51 - [TEST_STEP][PASSED] - else: null

03-03-2025T13:30:51 - [TEST_STEP][PASSED] - path = dataFolder + typeOfData + " за отчётный период " + b: null

03-03-2025T13:30:51 - [TEST_STEP][PASSED] - page = getText(findTestObject(path)): Text of object 'Object Repository/Выполнение бизнес-плана/Значения со страницы Выполнение бизнес-плана/План Потери за отчётный период Ставропольэнерго' is: '91 273'

03-03-2025T13:30:52 - [MESSAGE][PASSED] - Text of object 'Object Repository/Выполнение бизнес-плана/Значения со страницы Выполнение бизнес-плана/План Потери за отчётный период Ставропольэнерго' is: '91 273'

03-03-2025T13:30:52 - [TEST_STEP][PASSED] - if (page == "" || page == null): null

03-03-2025T13:30:52 - [TEST_STEP][PASSED] - else: null

03-03-2025T13:30:52 - [TEST_STEP][PASSED] - page = page.replaceAll("\s+", ""): null

03-03-2025T13:30:52 - [TEST_STEP][PASSED] - filePoteri = poteri.toInteger(): null

03-03-2025T13:30:52 - [TEST_STEP][PASSED] - pagePoteri = page.toInteger(): null

03-03-2025T13:30:52 - [TEST_STEP][PASSED] - compare = pageOtpuskVSet: null

03-03-2025T13:30:52 - [TEST_STEP][PASSED] - if (pageOtpuskVSet != null): null

03-03-2025T13:30:52 - [TEST_STEP][PASSED] - if (compare == fileOtpuskVSet): null

03-03-2025T13:30:52 - [TEST_STEP][PASSED] - else if (compare > fileOtpuskVSet): null

03-03-2025T13:30:52 - [TEST_STEP][PASSED] - else if (compare < fileOtpuskVSet): null

03-03-2025T13:30:52 - [TEST_STEP][PASSED] - compare = compare + 1: null

03-03-2025T13:30:52 - [TEST_STEP][PASSED] - if (compare == fileOtpuskVSet): null

03-03-2025T13:30:52 - [TEST_STEP][PASSED] - else: null

03-03-2025T13:30:52 - [TEST_STEP][PASSED] - numberOfErrors = numberOfErrors + 1: null

03-03-2025T13:30:52 - [TEST_STEP][PASSED] - pageInt = pageOtpuskVSet: null

03-03-2025T13:30:52 - [TEST_STEP][PASSED] - fileInt = fileOtpuskVSet: null

03-03-2025T13:30:52 - [TEST_STEP][PASSED] - typeOfData = typeOfDataMain + " Отпуск в сеть": null

03-03-2025T13:30:52 - [TEST_STEP][PASSED] - Script1718980020443.WriteToExcel(a, typeOfData, todaysDate, pageInt, fileInt, pageDouble, fileDouble, dZO): null

03-03-2025T13:30:52 - [TEST_STEP][PASSED] - sheetName = "Sheet1": null

03-03-2025T13:30:52 - [TEST_STEP][PASSED] - data = findTestData("PlanFact"): null

03-03-2025T13:30:52 - [TEST_STEP][PASSED] - n = data.getRowNumbers() + 1: null

03-03-2025T13:30:52 - [TEST_STEP][PASSED] - day = ")).toInteger(): null

03-03-2025T13:30:52 - [TEST_STEP][PASSED] - println(day): null

03-03-2025T13:30:52 - [TEST_STEP][PASSED] - month = ")).toInteger(): null

03-03-2025T13:30:52 - [TEST_STEP][PASSED] - println(month): null

03-03-2025T13:30:52 - [TEST_STEP][PASSED] - y = <not implemented yet for class: org.codehaus.groovy.ast.expr.EmptyExpression>: null

03-03-2025T13:30:52 - [TEST_STEP][PASSED] - iy = <not implemented yet for class: org.codehaus.groovy.ast.expr.EmptyExpression>: null

03-03-2025T13:30:52 - [TEST_STEP][PASSED] - m = getText(findTestObject("Выполнение бизнес-плана/Период")): Text of object 'Object Repository/Выполнение бизнес-плана/Период' is: '2024 год'

03-03-2025T13:30:52 - [MESSAGE][PASSED] - Text of object 'Object Repository/Выполнение бизнес-плана/Период' is: '2024 год'

03-03-2025T13:30:52 - [TEST_STEP][PASSED] - iy = m.indexOf("20"): null

03-03-2025T13:30:52 - [TEST_STEP][PASSED] - if (iy > -1): null

03-03-2025T13:30:52 - [TEST_STEP][PASSED] - y = substring(iy, iy + 4).toInteger(): null

03-03-2025T13:30:52 - [TEST_STEP][PASSED] - println(y): null

03-03-2025T13:30:52 - [TEST_STEP][PASSED] - if (toString().length() == 4): null

03-03-2025T13:30:52 - [TEST_STEP][PASSED] - m = m.substring(0, m.indexOf(y.toString())): null

03-03-2025T13:30:52 - [TEST_STEP][PASSED] - m = m.trim(): null

03-03-2025T13:30:52 - [TEST_STEP][PASSED] - if (m == ""): null

03-03-2025T13:30:52 - [TEST_STEP][PASSED] - m = "весь год": null

03-03-2025T13:30:52 - [TEST_STEP][PASSED] - dashboardName = "Выполнение бизнес-плана": null

03-03-2025T13:30:52 - [TEST_STEP][PASSED] - workbook01 = getWorkbook(excelFilePath): null

03-03-2025T13:30:52 - [TEST_STEP][PASSED] - sheet01 = getExcelSheet(workbook01, sheetName): null

03-03-2025T13:30:52 - [TEST_STEP][PASSED] - setValueToCellByIndex(sheet01, n, 0, dashboardName): null

03-03-2025T13:30:52 - [TEST_STEP][PASSED] - setValueToCellByIndex(sheet01, n, 1, dZO): null

03-03-2025T13:30:52 - [TEST_STEP][PASSED] - setValueToCellByIndex(sheet01, n, 2, typeOfData): null

03-03-2025T13:30:52 - [TEST_STEP][PASSED] - if (typeOfData == "Факт в процентах" || typeOfData == "План в процентах"): null

03-03-2025T13:30:52 - [TEST_STEP][PASSED] - else: null

03-03-2025T13:30:52 - [TEST_STEP][PASSED] - setValueToCellByIndex(sheet01, n, 3, fileInt): null

03-03-2025T13:30:52 - [TEST_STEP][PASSED] - setValueToCellByIndex(sheet01, n, 4, pageInt): null

03-03-2025T13:30:52 - [TEST_STEP][PASSED] - setValueToCellByIndex(sheet01, n, 5, m): null

03-03-2025T13:30:52 - [TEST_STEP][PASSED] - setValueToCellByIndex(sheet01, n, 6, y): null

03-03-2025T13:30:52 - [TEST_STEP][PASSED] - setValueToCellByIndex(sheet01, n, 7, todaysDate): null

03-03-2025T13:30:52 - [TEST_STEP][PASSED] - n = n + 1: null

03-03-2025T13:30:52 - [TEST_STEP][PASSED] - saveWorkbook(excelFilePath, workbook01): null

03-03-2025T13:30:52 - [TEST_STEP][PASSED] - compare = pagePoteri: null

03-03-2025T13:30:52 - [TEST_STEP][PASSED] - if (pageOtpuskVSet != null): null

03-03-2025T13:30:52 - [TEST_STEP][PASSED] - if (compare == filePoteri): null

03-03-2025T13:30:52 - [TEST_STEP][PASSED] - else if (compare > filePoteri): null

03-03-2025T13:30:52 - [TEST_STEP][PASSED] - else if (compare < filePoteri): null

03-03-2025T13:30:52 - [TEST_STEP][PASSED] - compare = compare + 1: null

03-03-2025T13:30:52 - [TEST_STEP][PASSED] - if (compare == filePoteri): null

03-03-2025T13:30:52 - [TEST_STEP][PASSED] - else: null

03-03-2025T13:30:52 - [TEST_STEP][PASSED] - numberOfErrors = numberOfErrors + 1: null

03-03-2025T13:30:52 - [TEST_STEP][PASSED] - pageInt = pagePoteri: null

03-03-2025T13:30:52 - [TEST_STEP][PASSED] - fileInt = filePoteri: null

03-03-2025T13:30:52 - [TEST_STEP][PASSED] - typeOfData = typeOfDataMain + " Потери": null

03-03-2025T13:30:52 - [TEST_STEP][PASSED] - Script1718980020443.WriteToExcel(a, typeOfData, todaysDate, pageInt, fileInt, pageDouble, fileDouble, dZO): null

03-03-2025T13:30:52 - [TEST_STEP][PASSED] - sheetName = "Sheet1": null

03-03-2025T13:30:52 - [TEST_STEP][PASSED] - data = findTestData("PlanFact"): null

03-03-2025T13:30:52 - [TEST_STEP][PASSED] - n = data.getRowNumbers() + 1: null

03-03-2025T13:30:52 - [TEST_STEP][PASSED] - day = ")).toInteger(): null

03-03-2025T13:30:52 - [TEST_STEP][PASSED] - println(day): null

03-03-2025T13:30:52 - [TEST_STEP][PASSED] - month = ")).toInteger(): null

03-03-2025T13:30:52 - [TEST_STEP][PASSED] - println(month): null

03-03-2025T13:30:52 - [TEST_STEP][PASSED] - y = <not implemented yet for class: org.codehaus.groovy.ast.expr.EmptyExpression>: null

03-03-2025T13:30:52 - [TEST_STEP][PASSED] - iy = <not implemented yet for class: org.codehaus.groovy.ast.expr.EmptyExpression>: null

03-03-2025T13:30:52 - [TEST_STEP][PASSED] - m = getText(findTestObject("Выполнение бизнес-плана/Период")): Text of object 'Object Repository/Выполнение бизнес-плана/Период' is: '2024 год'

03-03-2025T13:30:53 - [MESSAGE][PASSED] - Text of object 'Object Repository/Выполнение бизнес-плана/Период' is: '2024 год'

03-03-2025T13:30:53 - [TEST_STEP][PASSED] - iy = m.indexOf("20"): null

03-03-2025T13:30:53 - [TEST_STEP][PASSED] - if (iy > -1): null

03-03-2025T13:30:53 - [TEST_STEP][PASSED] - y = substring(iy, iy + 4).toInteger(): null

03-03-2025T13:30:53 - [TEST_STEP][PASSED] - println(y): null

03-03-2025T13:30:53 - [TEST_STEP][PASSED] - if (toString().length() == 4): null

03-03-2025T13:30:53 - [TEST_STEP][PASSED] - m = m.substring(0, m.indexOf(y.toString())): null

03-03-2025T13:30:53 - [TEST_STEP][PASSED] - m = m.trim(): null

03-03-2025T13:30:53 - [TEST_STEP][PASSED] - if (m == ""): null

03-03-2025T13:30:53 - [TEST_STEP][PASSED] - m = "весь год": null

03-03-2025T13:30:53 - [TEST_STEP][PASSED] - dashboardName = "Выполнение бизнес-плана": null

03-03-2025T13:30:53 - [TEST_STEP][PASSED] - workbook01 = getWorkbook(excelFilePath): null

03-03-2025T13:30:53 - [TEST_STEP][PASSED] - sheet01 = getExcelSheet(workbook01, sheetName): null

03-03-2025T13:30:53 - [TEST_STEP][PASSED] - setValueToCellByIndex(sheet01, n, 0, dashboardName): null

03-03-2025T13:30:53 - [TEST_STEP][PASSED] - setValueToCellByIndex(sheet01, n, 1, dZO): null

03-03-2025T13:30:53 - [TEST_STEP][PASSED] - setValueToCellByIndex(sheet01, n, 2, typeOfData): null

03-03-2025T13:30:53 - [TEST_STEP][PASSED] - if (typeOfData == "Факт в процентах" || typeOfData == "План в процентах"): null

03-03-2025T13:30:53 - [TEST_STEP][PASSED] - else: null

03-03-2025T13:30:53 - [TEST_STEP][PASSED] - setValueToCellByIndex(sheet01, n, 3, fileInt): null

03-03-2025T13:30:53 - [TEST_STEP][PASSED] - setValueToCellByIndex(sheet01, n, 4, pageInt): null

03-03-2025T13:30:53 - [TEST_STEP][PASSED] - setValueToCellByIndex(sheet01, n, 5, m): null

03-03-2025T13:30:53 - [TEST_STEP][PASSED] - setValueToCellByIndex(sheet01, n, 6, y): null

03-03-2025T13:30:53 - [TEST_STEP][PASSED] - setValueToCellByIndex(sheet01, n, 7, todaysDate): null

03-03-2025T13:30:53 - [TEST_STEP][PASSED] - n = n + 1: null

03-03-2025T13:30:53 - [TEST_STEP][PASSED] - saveWorkbook(excelFilePath, workbook01): Object: 'Object Repository/Выполнение бизнес-плана/Кнопка Факт' is clicked on

03-03-2025T13:30:53 - [TEST_STEP][PASSED] - if (planFact == 2): Object: 'Object Repository/Выполнение бизнес-плана/Кнопка Факт' is clicked on

03-03-2025T13:30:53 - [TEST_STEP][PASSED] - click(findTestObject("Выполнение бизнес-плана/Кнопка Факт")): Object: 'Object Repository/Выполнение бизнес-плана/Кнопка Факт' is clicked on

03-03-2025T13:30:53 - [MESSAGE][PASSED] - Object: 'Object Repository/Выполнение бизнес-плана/Кнопка Факт' is clicked on

03-03-2025T13:30:53 - [TEST_STEP][PASSED] - println("a=" + a): null

03-03-2025T13:30:53 - [TEST_STEP][PASSED] - if (a == 84 || a == 82): null

03-03-2025T13:30:53 - [TEST_STEP][PASSED] - else if (a == 83 || a == 52 || a == 72 || a == 28 || a == 73 || a == 77 || a == 74 || a == 65 || a == 36 || a == 44 || a == 53 || a == 80 || a == 54 || a == 1 || a == 18 || a == 59 || a == 81): null

03-03-2025T13:30:53 - [TEST_STEP][PASSED] - else: null

03-03-2025T13:30:53 - [TEST_STEP][PASSED] - page1 = getText(findTestObject("Object Repository/Выполнение бизнес-плана/spanPlan" + filialNum)): Text of object 'Object Repository/Выполнение бизнес-плана/spanPlan6' is: '9.11
|'

03-03-2025T13:30:54 - [MESSAGE][PASSED] - Text of object 'Object Repository/Выполнение бизнес-плана/spanPlan6' is: '9.11
|'

03-03-2025T13:30:54 - [TEST_STEP][PASSED] - page1 = page1.replace("|", ""): null

03-03-2025T13:30:54 - [TEST_STEP][PASSED] - page2 = getText(findTestObject("Object Repository/Выполнение бизнес-плана/spanFact" + filialNum)): Text of object 'Object Repository/Выполнение бизнес-плана/spanFact6' is: '8.99
|'

03-03-2025T13:30:54 - [MESSAGE][PASSED] - Text of object 'Object Repository/Выполнение бизнес-плана/spanFact6' is: '8.99
|'

03-03-2025T13:30:54 - [TEST_STEP][PASSED] - page2 = page2.replace("|", ""): null

03-03-2025T13:30:54 - [TEST_STEP][PASSED] - println("page1: " + page1): null

03-03-2025T13:30:54 - [TEST_STEP][PASSED] - println("page2: " + page2): null

03-03-2025T13:30:54 - [TEST_STEP][PASSED] - file = findTestData("PlanFact").getValue(4, a): null

03-03-2025T13:30:54 - [TEST_STEP][PASSED] - file = file.replace(",", "."): null

03-03-2025T13:30:54 - [TEST_STEP][PASSED] - println("file Plan: " + file): null

03-03-2025T13:30:54 - [TEST_STEP][PASSED] - typeOfData = "План в процентах": null

03-03-2025T13:30:54 - [TEST_STEP][PASSED] - fileDouble = file.toDouble(): null

03-03-2025T13:30:54 - [TEST_STEP][PASSED] - pageDouble = page1.toDouble(): null

03-03-2025T13:30:54 - [TEST_STEP][PASSED] - if (fileDouble != pageDouble): null

03-03-2025T13:30:54 - [TEST_STEP][PASSED] - numberOfErrors = numberOfErrors + 1: null

03-03-2025T13:30:54 - [TEST_STEP][PASSED] - Script1718980020443.WriteToExcel(a, typeOfData, todaysDate, pageInt, fileInt, pageDouble, fileDouble, dZO): null

03-03-2025T13:30:54 - [TEST_STEP][PASSED] - sheetName = "Sheet1": null

03-03-2025T13:30:54 - [TEST_STEP][PASSED] - data = findTestData("PlanFact"): null

03-03-2025T13:30:54 - [TEST_STEP][PASSED] - n = data.getRowNumbers() + 1: null

03-03-2025T13:30:54 - [TEST_STEP][PASSED] - day = ")).toInteger(): null

03-03-2025T13:30:54 - [TEST_STEP][PASSED] - println(day): null

03-03-2025T13:30:54 - [TEST_STEP][PASSED] - month = ")).toInteger(): null

03-03-2025T13:30:54 - [TEST_STEP][PASSED] - println(month): null

03-03-2025T13:30:54 - [TEST_STEP][PASSED] - y = <not implemented yet for class: org.codehaus.groovy.ast.expr.EmptyExpression>: null

03-03-2025T13:30:54 - [TEST_STEP][PASSED] - iy = <not implemented yet for class: org.codehaus.groovy.ast.expr.EmptyExpression>: null

03-03-2025T13:30:54 - [TEST_STEP][PASSED] - m = getText(findTestObject("Выполнение бизнес-плана/Период")): Text of object 'Object Repository/Выполнение бизнес-плана/Период' is: '2024 год'

03-03-2025T13:30:54 - [MESSAGE][PASSED] - Text of object 'Object Repository/Выполнение бизнес-плана/Период' is: '2024 год'

03-03-2025T13:30:54 - [TEST_STEP][PASSED] - iy = m.indexOf("20"): null

03-03-2025T13:30:54 - [TEST_STEP][PASSED] - if (iy > -1): null

03-03-2025T13:30:54 - [TEST_STEP][PASSED] - y = substring(iy, iy + 4).toInteger(): null

03-03-2025T13:30:54 - [TEST_STEP][PASSED] - println(y): null

03-03-2025T13:30:54 - [TEST_STEP][PASSED] - if (toString().length() == 4): null

03-03-2025T13:30:54 - [TEST_STEP][PASSED] - m = m.substring(0, m.indexOf(y.toString())): null

03-03-2025T13:30:54 - [TEST_STEP][PASSED] - m = m.trim(): null

03-03-2025T13:30:54 - [TEST_STEP][PASSED] - if (m == ""): null

03-03-2025T13:30:54 - [TEST_STEP][PASSED] - m = "весь год": null

03-03-2025T13:30:54 - [TEST_STEP][PASSED] - dashboardName = "Выполнение бизнес-плана": null

03-03-2025T13:30:54 - [TEST_STEP][PASSED] - workbook01 = getWorkbook(excelFilePath): null

03-03-2025T13:30:54 - [TEST_STEP][PASSED] - sheet01 = getExcelSheet(workbook01, sheetName): null

03-03-2025T13:30:54 - [TEST_STEP][PASSED] - setValueToCellByIndex(sheet01, n, 0, dashboardName): null

03-03-2025T13:30:54 - [TEST_STEP][PASSED] - setValueToCellByIndex(sheet01, n, 1, dZO): null

03-03-2025T13:30:54 - [TEST_STEP][PASSED] - setValueToCellByIndex(sheet01, n, 2, typeOfData): null

03-03-2025T13:30:54 - [TEST_STEP][PASSED] - if (typeOfData == "Факт в процентах" || typeOfData == "План в процентах"): null

03-03-2025T13:30:54 - [TEST_STEP][PASSED] - setValueToCellByIndex(sheet01, n, 3, fileDouble): null

03-03-2025T13:30:54 - [TEST_STEP][PASSED] - setValueToCellByIndex(sheet01, n, 4, pageDouble): null

03-03-2025T13:30:54 - [TEST_STEP][PASSED] - setValueToCellByIndex(sheet01, n, 5, m): null

03-03-2025T13:30:54 - [TEST_STEP][PASSED] - setValueToCellByIndex(sheet01, n, 6, y): null

03-03-2025T13:30:54 - [TEST_STEP][PASSED] - setValueToCellByIndex(sheet01, n, 7, todaysDate): null

03-03-2025T13:30:54 - [TEST_STEP][PASSED] - n = n + 1: null

03-03-2025T13:30:54 - [TEST_STEP][PASSED] - saveWorkbook(excelFilePath, workbook01): null

03-03-2025T13:30:55 - [TEST_STEP][PASSED] - file = findTestData("PlanFact").getValue(7, a): null

03-03-2025T13:30:55 - [TEST_STEP][PASSED] - file = file.replace(",", "."): null

03-03-2025T13:30:55 - [TEST_STEP][PASSED] - println("file Fact: " + file): null

03-03-2025T13:30:55 - [TEST_STEP][PASSED] - fileDouble = file.toDouble(): null

03-03-2025T13:30:55 - [TEST_STEP][PASSED] - typeOfData = "Факт в процентах": null

03-03-2025T13:30:55 - [TEST_STEP][PASSED] - fileDouble = file.toDouble(): null

03-03-2025T13:30:55 - [TEST_STEP][PASSED] - pageDouble = page2.toDouble(): null

03-03-2025T13:30:55 - [TEST_STEP][PASSED] - if (fileDouble != pageDouble): null

03-03-2025T13:30:55 - [TEST_STEP][PASSED] - numberOfErrors = numberOfErrors + 1: null

03-03-2025T13:30:55 - [TEST_STEP][PASSED] - Script1718980020443.WriteToExcel(a, typeOfData, todaysDate, pageInt, fileInt, pageDouble, fileDouble, dZO): null

03-03-2025T13:30:55 - [TEST_STEP][PASSED] - sheetName = "Sheet1": null

03-03-2025T13:30:55 - [TEST_STEP][PASSED] - data = findTestData("PlanFact"): null

03-03-2025T13:30:55 - [TEST_STEP][PASSED] - n = data.getRowNumbers() + 1: null

03-03-2025T13:30:55 - [TEST_STEP][PASSED] - day = ")).toInteger(): null

03-03-2025T13:30:55 - [TEST_STEP][PASSED] - println(day): null

03-03-2025T13:30:55 - [TEST_STEP][PASSED] - month = ")).toInteger(): null

03-03-2025T13:30:55 - [TEST_STEP][PASSED] - println(month): null

03-03-2025T13:30:55 - [TEST_STEP][PASSED] - y = <not implemented yet for class: org.codehaus.groovy.ast.expr.EmptyExpression>: null

03-03-2025T13:30:55 - [TEST_STEP][PASSED] - iy = <not implemented yet for class: org.codehaus.groovy.ast.expr.EmptyExpression>: null

03-03-2025T13:30:55 - [TEST_STEP][PASSED] - m = getText(findTestObject("Выполнение бизнес-плана/Период")): Text of object 'Object Repository/Выполнение бизнес-плана/Период' is: '2024 год'

03-03-2025T13:30:55 - [MESSAGE][PASSED] - Text of object 'Object Repository/Выполнение бизнес-плана/Период' is: '2024 год'

03-03-2025T13:30:55 - [TEST_STEP][PASSED] - iy = m.indexOf("20"): null

03-03-2025T13:30:55 - [TEST_STEP][PASSED] - if (iy > -1): null

03-03-2025T13:30:55 - [TEST_STEP][PASSED] - y = substring(iy, iy + 4).toInteger(): null

03-03-2025T13:30:55 - [TEST_STEP][PASSED] - println(y): null

03-03-2025T13:30:55 - [TEST_STEP][PASSED] - if (toString().length() == 4): null

03-03-2025T13:30:55 - [TEST_STEP][PASSED] - m = m.substring(0, m.indexOf(y.toString())): null

03-03-2025T13:30:55 - [TEST_STEP][PASSED] - m = m.trim(): null

03-03-2025T13:30:55 - [TEST_STEP][PASSED] - if (m == ""): null

03-03-2025T13:30:55 - [TEST_STEP][PASSED] - m = "весь год": null

03-03-2025T13:30:55 - [TEST_STEP][PASSED] - dashboardName = "Выполнение бизнес-плана": null

03-03-2025T13:30:55 - [TEST_STEP][PASSED] - workbook01 = getWorkbook(excelFilePath): null

03-03-2025T13:30:55 - [TEST_STEP][PASSED] - sheet01 = getExcelSheet(workbook01, sheetName): null

03-03-2025T13:30:55 - [TEST_STEP][PASSED] - setValueToCellByIndex(sheet01, n, 0, dashboardName): null

03-03-2025T13:30:55 - [TEST_STEP][PASSED] - setValueToCellByIndex(sheet01, n, 1, dZO): null

03-03-2025T13:30:55 - [TEST_STEP][PASSED] - setValueToCellByIndex(sheet01, n, 2, typeOfData): null

03-03-2025T13:30:55 - [TEST_STEP][PASSED] - if (typeOfData == "Факт в процентах" || typeOfData == "План в процентах"): null

03-03-2025T13:30:55 - [TEST_STEP][PASSED] - setValueToCellByIndex(sheet01, n, 3, fileDouble): null

03-03-2025T13:30:55 - [TEST_STEP][PASSED] - setValueToCellByIndex(sheet01, n, 4, pageDouble): null

03-03-2025T13:30:55 - [TEST_STEP][PASSED] - setValueToCellByIndex(sheet01, n, 5, m): null

03-03-2025T13:30:55 - [TEST_STEP][PASSED] - setValueToCellByIndex(sheet01, n, 6, y): null

03-03-2025T13:30:55 - [TEST_STEP][PASSED] - setValueToCellByIndex(sheet01, n, 7, todaysDate): null

03-03-2025T13:30:55 - [TEST_STEP][PASSED] - n = n + 1: null

03-03-2025T13:30:55 - [TEST_STEP][PASSED] - saveWorkbook(excelFilePath, workbook01): null

03-03-2025T13:30:55 - [TEST_STEP][FAILED] - if (verifyEqual(numberOfErrors, 0) == false): null

03-03-2025T13:30:55 - [MESSAGE][FAILED] - Unable to verify equal between actual object '6' and expected object '0' (Root cause: com.kms.katalon.core.exception.StepFailedException: Actual object '6' and expected object '0' are not equal
	at com.kms.katalon.core.keyword.builtin.VerifyEqualKeyword$_verifyEqual_closure1.doCall(VerifyEqualKeyword.groovy:58)
	at com.kms.katalon.core.keyword.builtin.VerifyEqualKeyword$_verifyEqual_closure1.call(VerifyEqualKeyword.groovy)
	at com.kms.katalon.core.keyword.internal.KeywordMain.runKeyword(KeywordMain.groovy:75)
	at com.kms.katalon.core.keyword.builtin.VerifyEqualKeyword.verifyEqual(VerifyEqualKeyword.groovy:63)
	at com.kms.katalon.core.keyword.builtin.VerifyEqualKeyword.execute(VerifyEqualKeyword.groovy:44)
	at com.kms.katalon.core.keyword.internal.KeywordExecutor.executeKeywordForPlatform(KeywordExecutor.groovy:74)
	at com.kms.katalon.core.keyword.BuiltinKeywords.verifyEqual(BuiltinKeywords.groovy:146)
	at jdk.internal.reflect.GeneratedMethodAccessor24.invoke(Unknown Source)
	at java.base/jdk.internal.reflect.DelegatingMethodAccessorImpl.invoke(DelegatingMethodAccessorImpl.java:43)
	at Выполнение бизнес-плана Сверка ПАО Россети все филиалы.Numbers(Выполнение бизнес-плана Сверка ПАО Россети все филиалы:736)
	at Выполнение бизнес-плана Сверка ПАО Россети все филиалы.Filials(Выполнение бизнес-плана Сверка ПАО Россети все филиалы:1139)
	at Выполнение бизнес-плана Сверка ПАО Россети все филиалы.Numbers(Выполнение бизнес-плана Сверка ПАО Россети все филиалы:743)
	at Выполнение бизнес-плана Сверка ПАО Россети все филиалы.run(Выполнение бизнес-плана Сверка ПАО Россети все филиалы:280)
	at com.kms.katalon.core.main.ScriptEngine.run(ScriptEngine.java:194)
	at com.kms.katalon.core.main.ScriptEngine.runScriptAsRawText(ScriptEngine.java:119)
	at com.kms.katalon.core.main.TestCaseExecutor.runScript(TestCaseExecutor.java:448)
	at com.kms.katalon.core.main.TestCaseExecutor.doExecute(TestCaseExecutor.java:439)
	at com.kms.katalon.core.main.TestCaseExecutor.processExecutionPhase(TestCaseExecutor.java:418)
	at com.kms.katalon.core.main.TestCaseExecutor.accessMainPhase(TestCaseExecutor.java:410)
	at com.kms.katalon.core.main.TestCaseExecutor.execute(TestCaseExecutor.java:285)
	at com.kms.katalon.core.common.CommonExecutor.accessTestCaseMainPhase(CommonExecutor.java:65)
	at com.kms.katalon.core.main.TestSuiteExecutor.accessTestSuiteMainPhase(TestSuiteExecutor.java:150)
	at com.kms.katalon.core.main.TestSuiteExecutor.execute(TestSuiteExecutor.java:106)
	at com.kms.katalon.core.main.TestCaseMain.startTestSuite(TestCaseMain.java:180)
	at TempTestSuite1740991900055.run(TempTestSuite1740991900055.groovy:35)
	at java.base/jdk.internal.reflect.NativeMethodAccessorImpl.invoke0(Native Method)
	at java.base/jdk.internal.reflect.NativeMethodAccessorImpl.invoke(NativeMethodAccessorImpl.java:77)
	at java.base/jdk.internal.reflect.DelegatingMethodAccessorImpl.invoke(DelegatingMethodAccessorImpl.java:43)
)

03-03-2025T13:30:55 - [TEST_STEP][PASSED] - println(numberOfErrors): null

03-03-2025T13:30:55 - [TEST_STEP][PASSED] - println("a=" + a): null

03-03-2025T13:30:55 - [TEST_STEP][PASSED] - if (a == 28 || a == 77 || a == 74 || a == 65 || a == 36 || a == 44 || a == 54 || a == 1 || a == 18 || a == 59): null

03-03-2025T13:30:55 - [TEST_STEP][PASSED] - if (a == 82): null

03-03-2025T13:30:55 - [TEST_STEP][PASSED] - filialNum = 0: null

03-03-2025T13:30:55 - [TEST_STEP][PASSED] - if (a == 1): null

03-03-2025T13:30:55 - [TEST_STEP][PASSED] - if (a == 18): null

03-03-2025T13:30:55 - [TEST_STEP][PASSED] - if (a == 36): null

03-03-2025T13:30:55 - [TEST_STEP][PASSED] - if (a == 44): null

03-03-2025T13:30:55 - [TEST_STEP][PASSED] - if (a == 54): null

03-03-2025T13:30:55 - [TEST_STEP][PASSED] - if (a == 59): null

03-03-2025T13:30:55 - [TEST_STEP][PASSED] - Script1718980020443.OpenFilter(): null

03-03-2025T13:30:55 - [TEST_STEP][PASSED] - click(findTestObject("Object Repository/Выполнение бизнес-плана/Фильтр ДЗО")): Object: 'Object Repository/Выполнение бизнес-плана/Фильтр ДЗО' is clicked on

03-03-2025T13:30:56 - [MESSAGE][PASSED] - Object: 'Object Repository/Выполнение бизнес-плана/Фильтр ДЗО' is clicked on

03-03-2025T13:30:56 - [TEST_STEP][PASSED] - click(findTestObject("Выполнение бизнес-плана/Снять выделение в фильтре ДЗО")): Object: 'Object Repository/Выполнение бизнес-плана/Снять выделение в фильтре ДЗО' is clicked on

03-03-2025T13:30:56 - [MESSAGE][PASSED] - Object: 'Object Repository/Выполнение бизнес-плана/Снять выделение в фильтре ДЗО' is clicked on

03-03-2025T13:30:56 - [TEST_STEP][PASSED] - Script1718980020443.CloseFilter(): null

03-03-2025T13:30:56 - [TEST_STEP][PASSED] - scrollToElement(findTestObject("Выполнение бизнес-плана/Заголовок дашборда"), 30): Scroll to object 'Object Repository/Выполнение бизнес-плана/Заголовок дашборда' successfully

03-03-2025T13:30:57 - [MESSAGE][PASSED] - Scroll to object 'Object Repository/Выполнение бизнес-плана/Заголовок дашборда' successfully

03-03-2025T13:30:57 - [TEST_STEP][PASSED] - click(findTestObject("Object Repository/Выполнение бизнес-плана/Применить в фильтре ДЗО")): Object: 'Object Repository/Выполнение бизнес-плана/Применить в фильтре ДЗО' is clicked on

03-03-2025T13:30:57 - [MESSAGE][PASSED] - Object: 'Object Repository/Выполнение бизнес-плана/Применить в фильтре ДЗО' is clicked on

03-03-2025T13:30:57 - [TEST_STEP][PASSED] - delay(60): Delayed 60 second(s)

03-03-2025T13:31:57 - [MESSAGE][PASSED] - Delayed 60 second(s)

03-03-2025T13:31:57 - [TEST_STEP][PASSED] - if (a == 82): null

03-03-2025T13:31:57 - [TEST_STEP][PASSED] - println(dzoNum): null

03-03-2025T13:31:57 - [TEST_STEP][PASSED] - dZO = "Россети Северо-Запад": null

03-03-2025T13:31:57 - [TEST_STEP][PASSED] - a = 36: null

03-03-2025T13:31:57 - [TEST_STEP][PASSED] - if (x1.contains("Северо-Запад")): null

03-03-2025T13:31:57 - [TEST_STEP][PASSED] - dzoNum = dzoNum + 1: null

03-03-2025T13:31:57 - [TEST_STEP][PASSED] - Script1718980020443.Numbers(a, typeOfData, todaysDate, pageInt, fileInt, pageDouble, fileDouble, dZO, dzoNum, filialNum): null

03-03-2025T13:31:57 - [TEST_STEP][PASSED] - println(dzoNum): null

03-03-2025T13:31:57 - [TEST_STEP][PASSED] - planFact = <not implemented yet for class: org.codehaus.groovy.ast.expr.EmptyExpression>: null

03-03-2025T13:31:57 - [TEST_STEP][PASSED] - page = <not implemented yet for class: org.codehaus.groovy.ast.expr.EmptyExpression>: null

03-03-2025T13:31:57 - [TEST_STEP][PASSED] - page1 = <not implemented yet for class: org.codehaus.groovy.ast.expr.EmptyExpression>: null

03-03-2025T13:31:57 - [TEST_STEP][PASSED] - page2 = <not implemented yet for class: org.codehaus.groovy.ast.expr.EmptyExpression>: null

03-03-2025T13:31:57 - [TEST_STEP][PASSED] - filialNumberInRow = <not implemented yet for class: org.codehaus.groovy.ast.expr.EmptyExpression>: null

03-03-2025T13:31:57 - [TEST_STEP][PASSED] - filialsDzoNames = <not implemented yet for class: org.codehaus.groovy.ast.expr.EmptyExpression>: null

03-03-2025T13:31:57 - [TEST_STEP][PASSED] - numberOfFilials = <not implemented yet for class: org.codehaus.groovy.ast.expr.EmptyExpression>: null

03-03-2025T13:31:57 - [TEST_STEP][PASSED] - numberOfSpaces = <not implemented yet for class: org.codehaus.groovy.ast.expr.EmptyExpression>: null

03-03-2025T13:31:57 - [TEST_STEP][PASSED] - file = <not implemented yet for class: org.codehaus.groovy.ast.expr.EmptyExpression>: null

03-03-2025T13:31:57 - [TEST_STEP][PASSED] - otpusk = <not implemented yet for class: org.codehaus.groovy.ast.expr.EmptyExpression>: null

03-03-2025T13:31:57 - [TEST_STEP][PASSED] - poteri = <not implemented yet for class: org.codehaus.groovy.ast.expr.EmptyExpression>: null

03-03-2025T13:31:57 - [TEST_STEP][PASSED] - dataFolder = "Выполнение бизнес-плана/Значения со страницы Выполнение бизнес-плана/": null

03-03-2025T13:31:57 - [TEST_STEP][PASSED] - path = <not implemented yet for class: org.codehaus.groovy.ast.expr.EmptyExpression>: null

03-03-2025T13:31:57 - [TEST_STEP][PASSED] - typeOfDataMain = <not implemented yet for class: org.codehaus.groovy.ast.expr.EmptyExpression>: null

03-03-2025T13:31:57 - [TEST_STEP][PASSED] - fileOtpuskVSet = <not implemented yet for class: org.codehaus.groovy.ast.expr.EmptyExpression>: null

03-03-2025T13:31:57 - [TEST_STEP][PASSED] - pageOtpuskVSet = <not implemented yet for class: org.codehaus.groovy.ast.expr.EmptyExpression>: null

03-03-2025T13:31:57 - [TEST_STEP][PASSED] - filePoteri = <not implemented yet for class: org.codehaus.groovy.ast.expr.EmptyExpression>: null

03-03-2025T13:31:57 - [TEST_STEP][PASSED] - pagePoteri = <not implemented yet for class: org.codehaus.groovy.ast.expr.EmptyExpression>: null

03-03-2025T13:31:57 - [TEST_STEP][PASSED] - compare = <not implemented yet for class: org.codehaus.groovy.ast.expr.EmptyExpression>: null

03-03-2025T13:31:57 - [TEST_STEP][PASSED] - b = <not implemented yet for class: org.codehaus.groovy.ast.expr.EmptyExpression>: null

03-03-2025T13:31:57 - [TEST_STEP][PASSED] - i = <not implemented yet for class: org.codehaus.groovy.ast.expr.EmptyExpression>: null

03-03-2025T13:31:57 - [TEST_STEP][PASSED] - ii = <not implemented yet for class: org.codehaus.groovy.ast.expr.EmptyExpression>: null

03-03-2025T13:31:57 - [TEST_STEP][PASSED] - c = <not implemented yet for class: org.codehaus.groovy.ast.expr.EmptyExpression>: null

03-03-2025T13:31:57 - [TEST_STEP][PASSED] - numberOfErrors = 0: null

03-03-2025T13:31:57 - [TEST_STEP][PASSED] - if (a == 82): null

03-03-2025T13:31:57 - [TEST_STEP][PASSED] - b = findTestData("PlanFact").getValue(1, a): null

03-03-2025T13:31:57 - [TEST_STEP][PASSED] - i = b.indexOf(" (ГК)"): null

03-03-2025T13:31:57 - [TEST_STEP][PASSED] - if (i > -1): null

03-03-2025T13:31:57 - [TEST_STEP][PASSED] - i = b.indexOf("О ""): null

03-03-2025T13:31:57 - [TEST_STEP][PASSED] - if (i > -1): null

03-03-2025T13:31:57 - [TEST_STEP][PASSED] - i = b.indexOf("О «"): null

03-03-2025T13:31:57 - [TEST_STEP][PASSED] - if (i > -1): null

03-03-2025T13:31:57 - [TEST_STEP][PASSED] - i = b.indexOf("г. "): null

03-03-2025T13:31:57 - [TEST_STEP][PASSED] - if (i > -1): null

03-03-2025T13:31:57 - [TEST_STEP][PASSED] - b = b.trim(): null

03-03-2025T13:31:57 - [TEST_STEP][PASSED] - println(b): null

03-03-2025T13:31:57 - [TEST_STEP][PASSED] - for ([planFact = 1, planFact < 3, (planFact++)]): null

03-03-2025T13:31:57 - [TEST_STEP][PASSED] - if (planFact == 1): null

03-03-2025T13:31:57 - [TEST_STEP][PASSED] - typeOfDataMain = "Факт": null

03-03-2025T13:31:57 - [TEST_STEP][PASSED] - otpusk = findTestData("PlanFact").getValue(5, a): null

03-03-2025T13:31:58 - [TEST_STEP][PASSED] - poteri = findTestData("PlanFact").getValue(6, a): null

03-03-2025T13:31:58 - [TEST_STEP][PASSED] - otpusk = otpusk.replaceAll("\s+", ""): null

03-03-2025T13:31:58 - [TEST_STEP][PASSED] - poteri = poteri.replaceAll("\s+", ""): null

03-03-2025T13:31:58 - [TEST_STEP][PASSED] - typeOfData = typeOfDataMain + " Отпуск в сеть": null

03-03-2025T13:31:58 - [TEST_STEP][PASSED] - if (a == 82): null

03-03-2025T13:31:58 - [TEST_STEP][PASSED] - else if (a == 84): null

03-03-2025T13:31:58 - [TEST_STEP][PASSED] - else if (a == 83 || a == 52 || a == 72 || a == 28 || a == 73 || a == 77 || a == 74 || a == 65 || a == 36 || a == 44 || a == 53 || a == 80 || a == 54 || a == 1 || a == 18 || a == 59 || a == 81): null

03-03-2025T13:31:58 - [TEST_STEP][PASSED] - path = dataFolder + "Table Data/" + typeOfData + " за отчётный период " + dzoNum: null

03-03-2025T13:31:58 - [TEST_STEP][PASSED] - println(path): null

03-03-2025T13:31:58 - [TEST_STEP][PASSED] - page = getText(findTestObject(path)): Text of object 'Object Repository/Выполнение бизнес-плана/Значения со страницы Выполнение бизнес-плана/Table Data/Факт Отпуск в сеть за отчётный период 9' is: '33 379 839'

03-03-2025T13:31:58 - [MESSAGE][PASSED] - Text of object 'Object Repository/Выполнение бизнес-плана/Значения со страницы Выполнение бизнес-плана/Table Data/Факт Отпуск в сеть за отчётный период 9' is: '33 379 839'

03-03-2025T13:31:58 - [TEST_STEP][PASSED] - if (page == "" || page == null): null

03-03-2025T13:31:58 - [TEST_STEP][PASSED] - else: null

03-03-2025T13:31:58 - [TEST_STEP][PASSED] - page = page.replaceAll("\s+", ""): null

03-03-2025T13:31:58 - [TEST_STEP][PASSED] - fileOtpuskVSet = otpusk.toInteger(): null

03-03-2025T13:31:58 - [TEST_STEP][PASSED] - pageOtpuskVSet = page.toInteger(): null

03-03-2025T13:31:58 - [TEST_STEP][PASSED] - typeOfData = typeOfDataMain + " Потери": null

03-03-2025T13:31:58 - [TEST_STEP][PASSED] - if (a == 82): null

03-03-2025T13:31:58 - [TEST_STEP][PASSED] - else if (a == 84): null

03-03-2025T13:31:58 - [TEST_STEP][PASSED] - else if (a == 83 || a == 52 || a == 72 || a == 28 || a == 73 || a == 77 || a == 74 || a == 65 || a == 44 || a == 53 || a == 80 || a == 54 || a == 1 || a == 18 || a == 59 || a == 81): null

03-03-2025T13:31:58 - [TEST_STEP][PASSED] - else: null

03-03-2025T13:31:58 - [TEST_STEP][PASSED] - path = dataFolder + typeOfData + " за отчётный период " + b: null

03-03-2025T13:31:58 - [TEST_STEP][PASSED] - page = getText(findTestObject(path)): Text of object 'Object Repository/Выполнение бизнес-плана/Значения со страницы Выполнение бизнес-плана/Факт Потери за отчётный период Россети Северо-Запад' is: '1 919 079'

03-03-2025T13:31:58 - [MESSAGE][PASSED] - Text of object 'Object Repository/Выполнение бизнес-плана/Значения со страницы Выполнение бизнес-плана/Факт Потери за отчётный период Россети Северо-Запад' is: '1 919 079'

03-03-2025T13:31:58 - [TEST_STEP][PASSED] - if (page == "" || page == null): null

03-03-2025T13:31:58 - [TEST_STEP][PASSED] - else: null

03-03-2025T13:31:58 - [TEST_STEP][PASSED] - page = page.replaceAll("\s+", ""): null

03-03-2025T13:31:58 - [TEST_STEP][PASSED] - filePoteri = poteri.toInteger(): null

03-03-2025T13:31:58 - [TEST_STEP][PASSED] - pagePoteri = page.toInteger(): null

03-03-2025T13:31:58 - [TEST_STEP][PASSED] - compare = pageOtpuskVSet: null

03-03-2025T13:31:58 - [TEST_STEP][PASSED] - if (pageOtpuskVSet != null): null

03-03-2025T13:31:58 - [TEST_STEP][PASSED] - if (compare == fileOtpuskVSet): null

03-03-2025T13:31:58 - [TEST_STEP][PASSED] - else if (compare > fileOtpuskVSet): null

03-03-2025T13:31:58 - [TEST_STEP][PASSED] - else if (compare < fileOtpuskVSet): null

03-03-2025T13:31:58 - [TEST_STEP][PASSED] - compare = compare + 1: null

03-03-2025T13:31:58 - [TEST_STEP][PASSED] - if (compare == fileOtpuskVSet): null

03-03-2025T13:31:58 - [TEST_STEP][PASSED] - else: null

03-03-2025T13:31:58 - [TEST_STEP][PASSED] - numberOfErrors = numberOfErrors + 1: null

03-03-2025T13:31:58 - [TEST_STEP][PASSED] - pageInt = pageOtpuskVSet: null

03-03-2025T13:31:58 - [TEST_STEP][PASSED] - fileInt = fileOtpuskVSet: null

03-03-2025T13:31:58 - [TEST_STEP][PASSED] - typeOfData = typeOfDataMain + " Отпуск в сеть": null

03-03-2025T13:31:58 - [TEST_STEP][PASSED] - Script1718980020443.WriteToExcel(a, typeOfData, todaysDate, pageInt, fileInt, pageDouble, fileDouble, dZO): null

03-03-2025T13:31:58 - [TEST_STEP][PASSED] - sheetName = "Sheet1": null

03-03-2025T13:31:58 - [TEST_STEP][PASSED] - data = findTestData("PlanFact"): null

03-03-2025T13:31:58 - [TEST_STEP][PASSED] - n = data.getRowNumbers() + 1: null

03-03-2025T13:31:58 - [TEST_STEP][PASSED] - day = ")).toInteger(): null

03-03-2025T13:31:58 - [TEST_STEP][PASSED] - println(day): null

03-03-2025T13:31:58 - [TEST_STEP][PASSED] - month = ")).toInteger(): null

03-03-2025T13:31:58 - [TEST_STEP][PASSED] - println(month): null

03-03-2025T13:31:58 - [TEST_STEP][PASSED] - y = <not implemented yet for class: org.codehaus.groovy.ast.expr.EmptyExpression>: null

03-03-2025T13:31:58 - [TEST_STEP][PASSED] - iy = <not implemented yet for class: org.codehaus.groovy.ast.expr.EmptyExpression>: null

03-03-2025T13:31:58 - [TEST_STEP][PASSED] - m = getText(findTestObject("Выполнение бизнес-плана/Период")): Text of object 'Object Repository/Выполнение бизнес-плана/Период' is: '2024 год'

03-03-2025T13:31:59 - [MESSAGE][PASSED] - Text of object 'Object Repository/Выполнение бизнес-плана/Период' is: '2024 год'

03-03-2025T13:31:59 - [TEST_STEP][PASSED] - iy = m.indexOf("20"): null

03-03-2025T13:31:59 - [TEST_STEP][PASSED] - if (iy > -1): null

03-03-2025T13:31:59 - [TEST_STEP][PASSED] - y = substring(iy, iy + 4).toInteger(): null

03-03-2025T13:31:59 - [TEST_STEP][PASSED] - println(y): null

03-03-2025T13:31:59 - [TEST_STEP][PASSED] - if (toString().length() == 4): null

03-03-2025T13:31:59 - [TEST_STEP][PASSED] - m = m.substring(0, m.indexOf(y.toString())): null

03-03-2025T13:31:59 - [TEST_STEP][PASSED] - m = m.trim(): null

03-03-2025T13:31:59 - [TEST_STEP][PASSED] - if (m == ""): null

03-03-2025T13:31:59 - [TEST_STEP][PASSED] - m = "весь год": null

03-03-2025T13:31:59 - [TEST_STEP][PASSED] - dashboardName = "Выполнение бизнес-плана": null

03-03-2025T13:31:59 - [TEST_STEP][PASSED] - workbook01 = getWorkbook(excelFilePath): null

03-03-2025T13:31:59 - [TEST_STEP][PASSED] - sheet01 = getExcelSheet(workbook01, sheetName): null

03-03-2025T13:31:59 - [TEST_STEP][PASSED] - setValueToCellByIndex(sheet01, n, 0, dashboardName): null

03-03-2025T13:31:59 - [TEST_STEP][PASSED] - setValueToCellByIndex(sheet01, n, 1, dZO): null

03-03-2025T13:31:59 - [TEST_STEP][PASSED] - setValueToCellByIndex(sheet01, n, 2, typeOfData): null

03-03-2025T13:31:59 - [TEST_STEP][PASSED] - if (typeOfData == "Факт в процентах" || typeOfData == "План в процентах"): null

03-03-2025T13:31:59 - [TEST_STEP][PASSED] - else: null

03-03-2025T13:31:59 - [TEST_STEP][PASSED] - setValueToCellByIndex(sheet01, n, 3, fileInt): null

03-03-2025T13:31:59 - [TEST_STEP][PASSED] - setValueToCellByIndex(sheet01, n, 4, pageInt): null

03-03-2025T13:31:59 - [TEST_STEP][PASSED] - setValueToCellByIndex(sheet01, n, 5, m): null

03-03-2025T13:31:59 - [TEST_STEP][PASSED] - setValueToCellByIndex(sheet01, n, 6, y): null

03-03-2025T13:31:59 - [TEST_STEP][PASSED] - setValueToCellByIndex(sheet01, n, 7, todaysDate): null

03-03-2025T13:31:59 - [TEST_STEP][PASSED] - n = n + 1: null

03-03-2025T13:31:59 - [TEST_STEP][PASSED] - saveWorkbook(excelFilePath, workbook01): null

03-03-2025T13:31:59 - [TEST_STEP][PASSED] - compare = pagePoteri: null

03-03-2025T13:31:59 - [TEST_STEP][PASSED] - if (pageOtpuskVSet != null): null

03-03-2025T13:31:59 - [TEST_STEP][PASSED] - if (compare == filePoteri): null

03-03-2025T13:31:59 - [TEST_STEP][PASSED] - else if (compare > filePoteri): null

03-03-2025T13:31:59 - [TEST_STEP][PASSED] - else if (compare < filePoteri): null

03-03-2025T13:31:59 - [TEST_STEP][PASSED] - compare = compare + 1: null

03-03-2025T13:31:59 - [TEST_STEP][PASSED] - if (compare == filePoteri): null

03-03-2025T13:31:59 - [TEST_STEP][PASSED] - else: null

03-03-2025T13:31:59 - [TEST_STEP][PASSED] - numberOfErrors = numberOfErrors + 1: null

03-03-2025T13:31:59 - [TEST_STEP][PASSED] - pageInt = pagePoteri: null

03-03-2025T13:31:59 - [TEST_STEP][PASSED] - fileInt = filePoteri: null

03-03-2025T13:31:59 - [TEST_STEP][PASSED] - typeOfData = typeOfDataMain + " Потери": null

03-03-2025T13:31:59 - [TEST_STEP][PASSED] - Script1718980020443.WriteToExcel(a, typeOfData, todaysDate, pageInt, fileInt, pageDouble, fileDouble, dZO): null

03-03-2025T13:31:59 - [TEST_STEP][PASSED] - sheetName = "Sheet1": null

03-03-2025T13:31:59 - [TEST_STEP][PASSED] - data = findTestData("PlanFact"): null

03-03-2025T13:31:59 - [TEST_STEP][PASSED] - n = data.getRowNumbers() + 1: null

03-03-2025T13:31:59 - [TEST_STEP][PASSED] - day = ")).toInteger(): null

03-03-2025T13:31:59 - [TEST_STEP][PASSED] - println(day): null

03-03-2025T13:31:59 - [TEST_STEP][PASSED] - month = ")).toInteger(): null

03-03-2025T13:31:59 - [TEST_STEP][PASSED] - println(month): null

03-03-2025T13:31:59 - [TEST_STEP][PASSED] - y = <not implemented yet for class: org.codehaus.groovy.ast.expr.EmptyExpression>: null

03-03-2025T13:31:59 - [TEST_STEP][PASSED] - iy = <not implemented yet for class: org.codehaus.groovy.ast.expr.EmptyExpression>: null

03-03-2025T13:31:59 - [TEST_STEP][PASSED] - m = getText(findTestObject("Выполнение бизнес-плана/Период")): Text of object 'Object Repository/Выполнение бизнес-плана/Период' is: '2024 год'

03-03-2025T13:31:59 - [MESSAGE][PASSED] - Text of object 'Object Repository/Выполнение бизнес-плана/Период' is: '2024 год'

03-03-2025T13:31:59 - [TEST_STEP][PASSED] - iy = m.indexOf("20"): null

03-03-2025T13:31:59 - [TEST_STEP][PASSED] - if (iy > -1): null

03-03-2025T13:31:59 - [TEST_STEP][PASSED] - y = substring(iy, iy + 4).toInteger(): null

03-03-2025T13:31:59 - [TEST_STEP][PASSED] - println(y): null

03-03-2025T13:31:59 - [TEST_STEP][PASSED] - if (toString().length() == 4): null

03-03-2025T13:31:59 - [TEST_STEP][PASSED] - m = m.substring(0, m.indexOf(y.toString())): null

03-03-2025T13:31:59 - [TEST_STEP][PASSED] - m = m.trim(): null

03-03-2025T13:31:59 - [TEST_STEP][PASSED] - if (m == ""): null

03-03-2025T13:31:59 - [TEST_STEP][PASSED] - m = "весь год": null

03-03-2025T13:31:59 - [TEST_STEP][PASSED] - dashboardName = "Выполнение бизнес-плана": null

03-03-2025T13:31:59 - [TEST_STEP][PASSED] - workbook01 = getWorkbook(excelFilePath): null

03-03-2025T13:31:59 - [TEST_STEP][PASSED] - sheet01 = getExcelSheet(workbook01, sheetName): null

03-03-2025T13:31:59 - [TEST_STEP][PASSED] - setValueToCellByIndex(sheet01, n, 0, dashboardName): null

03-03-2025T13:31:59 - [TEST_STEP][PASSED] - setValueToCellByIndex(sheet01, n, 1, dZO): null

03-03-2025T13:31:59 - [TEST_STEP][PASSED] - setValueToCellByIndex(sheet01, n, 2, typeOfData): null

03-03-2025T13:31:59 - [TEST_STEP][PASSED] - if (typeOfData == "Факт в процентах" || typeOfData == "План в процентах"): null

03-03-2025T13:31:59 - [TEST_STEP][PASSED] - else: null

03-03-2025T13:31:59 - [TEST_STEP][PASSED] - setValueToCellByIndex(sheet01, n, 3, fileInt): null

03-03-2025T13:31:59 - [TEST_STEP][PASSED] - setValueToCellByIndex(sheet01, n, 4, pageInt): null

03-03-2025T13:31:59 - [TEST_STEP][PASSED] - setValueToCellByIndex(sheet01, n, 5, m): null

03-03-2025T13:31:59 - [TEST_STEP][PASSED] - setValueToCellByIndex(sheet01, n, 6, y): null

03-03-2025T13:31:59 - [TEST_STEP][PASSED] - setValueToCellByIndex(sheet01, n, 7, todaysDate): null

03-03-2025T13:31:59 - [TEST_STEP][PASSED] - n = n + 1: null

03-03-2025T13:31:59 - [TEST_STEP][PASSED] - saveWorkbook(excelFilePath, workbook01): null

03-03-2025T13:31:59 - [TEST_STEP][PASSED] - if (planFact == 2): null

03-03-2025T13:31:59 - [TEST_STEP][PASSED] - if (planFact == 1): null

03-03-2025T13:31:59 - [TEST_STEP][PASSED] - else if (planFact == 2): null

03-03-2025T13:31:59 - [TEST_STEP][PASSED] - click(findTestObject("Выполнение бизнес-плана/Кнопка План")): Object: 'Object Repository/Выполнение бизнес-плана/Кнопка План' is clicked on

03-03-2025T13:32:00 - [MESSAGE][PASSED] - Object: 'Object Repository/Выполнение бизнес-плана/Кнопка План' is clicked on

03-03-2025T13:32:00 - [TEST_STEP][PASSED] - typeOfDataMain = "План": null

03-03-2025T13:32:00 - [TEST_STEP][PASSED] - otpusk = findTestData("PlanFact").getValue(2, a): null

03-03-2025T13:32:00 - [TEST_STEP][PASSED] - poteri = findTestData("PlanFact").getValue(3, a): null

03-03-2025T13:32:00 - [TEST_STEP][PASSED] - otpusk = otpusk.replaceAll("\s+", ""): null

03-03-2025T13:32:00 - [TEST_STEP][PASSED] - poteri = poteri.replaceAll("\s+", ""): null

03-03-2025T13:32:00 - [TEST_STEP][PASSED] - typeOfData = typeOfDataMain + " Отпуск в сеть": null

03-03-2025T13:32:00 - [TEST_STEP][PASSED] - if (a == 82): null

03-03-2025T13:32:00 - [TEST_STEP][PASSED] - else if (a == 84): null

03-03-2025T13:32:00 - [TEST_STEP][PASSED] - else if (a == 83 || a == 52 || a == 72 || a == 28 || a == 73 || a == 77 || a == 74 || a == 65 || a == 36 || a == 44 || a == 53 || a == 80 || a == 54 || a == 1 || a == 18 || a == 59 || a == 81): null

03-03-2025T13:32:00 - [TEST_STEP][PASSED] - path = dataFolder + "Table Data/" + typeOfData + " за отчётный период " + dzoNum: null

03-03-2025T13:32:00 - [TEST_STEP][PASSED] - println(path): null

03-03-2025T13:32:00 - [TEST_STEP][PASSED] - page = getText(findTestObject(path)): Text of object 'Object Repository/Выполнение бизнес-плана/Значения со страницы Выполнение бизнес-плана/Table Data/План Отпуск в сеть за отчётный период 9' is: '33 056 576'

03-03-2025T13:32:00 - [MESSAGE][PASSED] - Text of object 'Object Repository/Выполнение бизнес-плана/Значения со страницы Выполнение бизнес-плана/Table Data/План Отпуск в сеть за отчётный период 9' is: '33 056 576'

03-03-2025T13:32:00 - [TEST_STEP][PASSED] - if (page == "" || page == null): null

03-03-2025T13:32:00 - [TEST_STEP][PASSED] - else: null

03-03-2025T13:32:00 - [TEST_STEP][PASSED] - page = page.replaceAll("\s+", ""): null

03-03-2025T13:32:00 - [TEST_STEP][PASSED] - fileOtpuskVSet = otpusk.toInteger(): null

03-03-2025T13:32:00 - [TEST_STEP][PASSED] - pageOtpuskVSet = page.toInteger(): null

03-03-2025T13:32:00 - [TEST_STEP][PASSED] - typeOfData = typeOfDataMain + " Потери": null

03-03-2025T13:32:00 - [TEST_STEP][PASSED] - if (a == 82): null

03-03-2025T13:32:00 - [TEST_STEP][PASSED] - else if (a == 84): null

03-03-2025T13:32:00 - [TEST_STEP][PASSED] - else if (a == 83 || a == 52 || a == 72 || a == 28 || a == 73 || a == 77 || a == 74 || a == 65 || a == 44 || a == 53 || a == 80 || a == 54 || a == 1 || a == 18 || a == 59 || a == 81): null

03-03-2025T13:32:00 - [TEST_STEP][PASSED] - else: null

03-03-2025T13:32:00 - [TEST_STEP][PASSED] - path = dataFolder + typeOfData + " за отчётный период " + b: null

03-03-2025T13:32:00 - [TEST_STEP][PASSED] - page = getText(findTestObject(path)): Text of object 'Object Repository/Выполнение бизнес-плана/Значения со страницы Выполнение бизнес-плана/План Потери за отчётный период Россети Северо-Запад' is: '2 009 955'

03-03-2025T13:32:01 - [MESSAGE][PASSED] - Text of object 'Object Repository/Выполнение бизнес-плана/Значения со страницы Выполнение бизнес-плана/План Потери за отчётный период Россети Северо-Запад' is: '2 009 955'

03-03-2025T13:32:01 - [TEST_STEP][PASSED] - if (page == "" || page == null): null

03-03-2025T13:32:01 - [TEST_STEP][PASSED] - else: null

03-03-2025T13:32:01 - [TEST_STEP][PASSED] - page = page.replaceAll("\s+", ""): null

03-03-2025T13:32:01 - [TEST_STEP][PASSED] - filePoteri = poteri.toInteger(): null

03-03-2025T13:32:01 - [TEST_STEP][PASSED] - pagePoteri = page.toInteger(): null

03-03-2025T13:32:01 - [TEST_STEP][PASSED] - compare = pageOtpuskVSet: null

03-03-2025T13:32:01 - [TEST_STEP][PASSED] - if (pageOtpuskVSet != null): null

03-03-2025T13:32:01 - [TEST_STEP][PASSED] - if (compare == fileOtpuskVSet): null

03-03-2025T13:32:01 - [TEST_STEP][PASSED] - else if (compare > fileOtpuskVSet): null

03-03-2025T13:32:01 - [TEST_STEP][PASSED] - else if (compare < fileOtpuskVSet): null

03-03-2025T13:32:01 - [TEST_STEP][PASSED] - compare = compare + 1: null

03-03-2025T13:32:01 - [TEST_STEP][PASSED] - if (compare == fileOtpuskVSet): null

03-03-2025T13:32:01 - [TEST_STEP][PASSED] - else: null

03-03-2025T13:32:01 - [TEST_STEP][PASSED] - numberOfErrors = numberOfErrors + 1: null

03-03-2025T13:32:01 - [TEST_STEP][PASSED] - pageInt = pageOtpuskVSet: null

03-03-2025T13:32:01 - [TEST_STEP][PASSED] - fileInt = fileOtpuskVSet: null

03-03-2025T13:32:01 - [TEST_STEP][PASSED] - typeOfData = typeOfDataMain + " Отпуск в сеть": null

03-03-2025T13:32:01 - [TEST_STEP][PASSED] - Script1718980020443.WriteToExcel(a, typeOfData, todaysDate, pageInt, fileInt, pageDouble, fileDouble, dZO): null

03-03-2025T13:32:01 - [TEST_STEP][PASSED] - sheetName = "Sheet1": null

03-03-2025T13:32:01 - [TEST_STEP][PASSED] - data = findTestData("PlanFact"): null

03-03-2025T13:32:01 - [TEST_STEP][PASSED] - n = data.getRowNumbers() + 1: null

03-03-2025T13:32:01 - [TEST_STEP][PASSED] - day = ")).toInteger(): null

03-03-2025T13:32:01 - [TEST_STEP][PASSED] - println(day): null

03-03-2025T13:32:01 - [TEST_STEP][PASSED] - month = ")).toInteger(): null

03-03-2025T13:32:01 - [TEST_STEP][PASSED] - println(month): null

03-03-2025T13:32:01 - [TEST_STEP][PASSED] - y = <not implemented yet for class: org.codehaus.groovy.ast.expr.EmptyExpression>: null

03-03-2025T13:32:01 - [TEST_STEP][PASSED] - iy = <not implemented yet for class: org.codehaus.groovy.ast.expr.EmptyExpression>: null

03-03-2025T13:32:01 - [TEST_STEP][PASSED] - m = getText(findTestObject("Выполнение бизнес-плана/Период")): Text of object 'Object Repository/Выполнение бизнес-плана/Период' is: '2024 год'

03-03-2025T13:32:01 - [MESSAGE][PASSED] - Text of object 'Object Repository/Выполнение бизнес-плана/Период' is: '2024 год'

03-03-2025T13:32:01 - [TEST_STEP][PASSED] - iy = m.indexOf("20"): null

03-03-2025T13:32:01 - [TEST_STEP][PASSED] - if (iy > -1): null

03-03-2025T13:32:01 - [TEST_STEP][PASSED] - y = substring(iy, iy + 4).toInteger(): null

03-03-2025T13:32:01 - [TEST_STEP][PASSED] - println(y): null

03-03-2025T13:32:01 - [TEST_STEP][PASSED] - if (toString().length() == 4): null

03-03-2025T13:32:01 - [TEST_STEP][PASSED] - m = m.substring(0, m.indexOf(y.toString())): null

03-03-2025T13:32:01 - [TEST_STEP][PASSED] - m = m.trim(): null

03-03-2025T13:32:01 - [TEST_STEP][PASSED] - if (m == ""): null

03-03-2025T13:32:01 - [TEST_STEP][PASSED] - m = "весь год": null

03-03-2025T13:32:01 - [TEST_STEP][PASSED] - dashboardName = "Выполнение бизнес-плана": null

03-03-2025T13:32:01 - [TEST_STEP][PASSED] - workbook01 = getWorkbook(excelFilePath): null

03-03-2025T13:32:01 - [TEST_STEP][PASSED] - sheet01 = getExcelSheet(workbook01, sheetName): null

03-03-2025T13:32:01 - [TEST_STEP][PASSED] - setValueToCellByIndex(sheet01, n, 0, dashboardName): null

03-03-2025T13:32:01 - [TEST_STEP][PASSED] - setValueToCellByIndex(sheet01, n, 1, dZO): null

03-03-2025T13:32:01 - [TEST_STEP][PASSED] - setValueToCellByIndex(sheet01, n, 2, typeOfData): null

03-03-2025T13:32:01 - [TEST_STEP][PASSED] - if (typeOfData == "Факт в процентах" || typeOfData == "План в процентах"): null

03-03-2025T13:32:01 - [TEST_STEP][PASSED] - else: null

03-03-2025T13:32:01 - [TEST_STEP][PASSED] - setValueToCellByIndex(sheet01, n, 3, fileInt): null

03-03-2025T13:32:01 - [TEST_STEP][PASSED] - setValueToCellByIndex(sheet01, n, 4, pageInt): null

03-03-2025T13:32:01 - [TEST_STEP][PASSED] - setValueToCellByIndex(sheet01, n, 5, m): null

03-03-2025T13:32:01 - [TEST_STEP][PASSED] - setValueToCellByIndex(sheet01, n, 6, y): null

03-03-2025T13:32:01 - [TEST_STEP][PASSED] - setValueToCellByIndex(sheet01, n, 7, todaysDate): null

03-03-2025T13:32:01 - [TEST_STEP][PASSED] - n = n + 1: null

03-03-2025T13:32:01 - [TEST_STEP][PASSED] - saveWorkbook(excelFilePath, workbook01): null

03-03-2025T13:32:01 - [TEST_STEP][PASSED] - compare = pagePoteri: null

03-03-2025T13:32:01 - [TEST_STEP][PASSED] - if (pageOtpuskVSet != null): null

03-03-2025T13:32:01 - [TEST_STEP][PASSED] - if (compare == filePoteri): null

03-03-2025T13:32:01 - [TEST_STEP][PASSED] - else if (compare > filePoteri): null

03-03-2025T13:32:01 - [TEST_STEP][PASSED] - else if (compare < filePoteri): null

03-03-2025T13:32:01 - [TEST_STEP][PASSED] - compare = compare + 1: null

03-03-2025T13:32:01 - [TEST_STEP][PASSED] - if (compare == filePoteri): null

03-03-2025T13:32:01 - [TEST_STEP][PASSED] - else: null

03-03-2025T13:32:01 - [TEST_STEP][PASSED] - numberOfErrors = numberOfErrors + 1: null

03-03-2025T13:32:01 - [TEST_STEP][PASSED] - pageInt = pagePoteri: null

03-03-2025T13:32:01 - [TEST_STEP][PASSED] - fileInt = filePoteri: null

03-03-2025T13:32:01 - [TEST_STEP][PASSED] - typeOfData = typeOfDataMain + " Потери": null

03-03-2025T13:32:01 - [TEST_STEP][PASSED] - Script1718980020443.WriteToExcel(a, typeOfData, todaysDate, pageInt, fileInt, pageDouble, fileDouble, dZO): null

03-03-2025T13:32:01 - [TEST_STEP][PASSED] - sheetName = "Sheet1": null

03-03-2025T13:32:01 - [TEST_STEP][PASSED] - data = findTestData("PlanFact"): null

03-03-2025T13:32:01 - [TEST_STEP][PASSED] - n = data.getRowNumbers() + 1: null

03-03-2025T13:32:01 - [TEST_STEP][PASSED] - day = ")).toInteger(): null

03-03-2025T13:32:01 - [TEST_STEP][PASSED] - println(day): null

03-03-2025T13:32:01 - [TEST_STEP][PASSED] - month = ")).toInteger(): null

03-03-2025T13:32:01 - [TEST_STEP][PASSED] - println(month): null

03-03-2025T13:32:01 - [TEST_STEP][PASSED] - y = <not implemented yet for class: org.codehaus.groovy.ast.expr.EmptyExpression>: null

03-03-2025T13:32:01 - [TEST_STEP][PASSED] - iy = <not implemented yet for class: org.codehaus.groovy.ast.expr.EmptyExpression>: null

03-03-2025T13:32:01 - [TEST_STEP][PASSED] - m = getText(findTestObject("Выполнение бизнес-плана/Период")): Text of object 'Object Repository/Выполнение бизнес-плана/Период' is: '2024 год'

03-03-2025T13:32:01 - [MESSAGE][PASSED] - Text of object 'Object Repository/Выполнение бизнес-плана/Период' is: '2024 год'

03-03-2025T13:32:01 - [TEST_STEP][PASSED] - iy = m.indexOf("20"): null

03-03-2025T13:32:01 - [TEST_STEP][PASSED] - if (iy > -1): null

03-03-2025T13:32:01 - [TEST_STEP][PASSED] - y = substring(iy, iy + 4).toInteger(): null

03-03-2025T13:32:01 - [TEST_STEP][PASSED] - println(y): null

03-03-2025T13:32:01 - [TEST_STEP][PASSED] - if (toString().length() == 4): null

03-03-2025T13:32:01 - [TEST_STEP][PASSED] - m = m.substring(0, m.indexOf(y.toString())): null

03-03-2025T13:32:01 - [TEST_STEP][PASSED] - m = m.trim(): null

03-03-2025T13:32:01 - [TEST_STEP][PASSED] - if (m == ""): null

03-03-2025T13:32:01 - [TEST_STEP][PASSED] - m = "весь год": null

03-03-2025T13:32:01 - [TEST_STEP][PASSED] - dashboardName = "Выполнение бизнес-плана": null

03-03-2025T13:32:01 - [TEST_STEP][PASSED] - workbook01 = getWorkbook(excelFilePath): null

03-03-2025T13:32:02 - [TEST_STEP][PASSED] - sheet01 = getExcelSheet(workbook01, sheetName): null

03-03-2025T13:32:02 - [TEST_STEP][PASSED] - setValueToCellByIndex(sheet01, n, 0, dashboardName): null

03-03-2025T13:32:02 - [TEST_STEP][PASSED] - setValueToCellByIndex(sheet01, n, 1, dZO): null

03-03-2025T13:32:02 - [TEST_STEP][PASSED] - setValueToCellByIndex(sheet01, n, 2, typeOfData): null

03-03-2025T13:32:02 - [TEST_STEP][PASSED] - if (typeOfData == "Факт в процентах" || typeOfData == "План в процентах"): null

03-03-2025T13:32:02 - [TEST_STEP][PASSED] - else: null

03-03-2025T13:32:02 - [TEST_STEP][PASSED] - setValueToCellByIndex(sheet01, n, 3, fileInt): null

03-03-2025T13:32:02 - [TEST_STEP][PASSED] - setValueToCellByIndex(sheet01, n, 4, pageInt): null

03-03-2025T13:32:02 - [TEST_STEP][PASSED] - setValueToCellByIndex(sheet01, n, 5, m): null

03-03-2025T13:32:02 - [TEST_STEP][PASSED] - setValueToCellByIndex(sheet01, n, 6, y): null

03-03-2025T13:32:02 - [TEST_STEP][PASSED] - setValueToCellByIndex(sheet01, n, 7, todaysDate): null

03-03-2025T13:32:02 - [TEST_STEP][PASSED] - n = n + 1: null

03-03-2025T13:32:02 - [TEST_STEP][PASSED] - saveWorkbook(excelFilePath, workbook01): Object: 'Object Repository/Выполнение бизнес-плана/Кнопка Факт' is clicked on

03-03-2025T13:32:02 - [TEST_STEP][PASSED] - if (planFact == 2): Object: 'Object Repository/Выполнение бизнес-плана/Кнопка Факт' is clicked on

03-03-2025T13:32:02 - [TEST_STEP][PASSED] - click(findTestObject("Выполнение бизнес-плана/Кнопка Факт")): Object: 'Object Repository/Выполнение бизнес-плана/Кнопка Факт' is clicked on

03-03-2025T13:32:02 - [MESSAGE][PASSED] - Object: 'Object Repository/Выполнение бизнес-плана/Кнопка Факт' is clicked on

03-03-2025T13:32:02 - [TEST_STEP][PASSED] - println("a=" + a): null

03-03-2025T13:32:02 - [TEST_STEP][PASSED] - if (a == 84 || a == 82): null

03-03-2025T13:32:02 - [TEST_STEP][PASSED] - else if (a == 83 || a == 52 || a == 72 || a == 28 || a == 73 || a == 77 || a == 74 || a == 65 || a == 36 || a == 44 || a == 53 || a == 80 || a == 54 || a == 1 || a == 18 || a == 59 || a == 81): null

03-03-2025T13:32:02 - [TEST_STEP][PASSED] - page1 = getText(findTestObject("Object Repository/Выполнение бизнес-плана/spanPlan" + dzoNum)): Text of object 'Object Repository/Выполнение бизнес-плана/spanPlan9' is: '6.08
|'

03-03-2025T13:32:02 - [MESSAGE][PASSED] - Text of object 'Object Repository/Выполнение бизнес-плана/spanPlan9' is: '6.08
|'

03-03-2025T13:32:02 - [TEST_STEP][PASSED] - page1 = page1.replace("|", ""): null

03-03-2025T13:32:02 - [TEST_STEP][PASSED] - page2 = getText(findTestObject("Object Repository/Выполнение бизнес-плана/spanFact" + dzoNum)): Text of object 'Object Repository/Выполнение бизнес-плана/spanFact9' is: '5.75'

03-03-2025T13:32:03 - [MESSAGE][PASSED] - Text of object 'Object Repository/Выполнение бизнес-плана/spanFact9' is: '5.75'

03-03-2025T13:32:03 - [TEST_STEP][PASSED] - page2 = page2.replace("|", ""): null

03-03-2025T13:32:03 - [TEST_STEP][PASSED] - println("page1: " + page1): null

03-03-2025T13:32:03 - [TEST_STEP][PASSED] - println("page2: " + page2): null

03-03-2025T13:32:03 - [TEST_STEP][PASSED] - file = findTestData("PlanFact").getValue(4, a): null

03-03-2025T13:32:03 - [TEST_STEP][PASSED] - file = file.replace(",", "."): null

03-03-2025T13:32:03 - [TEST_STEP][PASSED] - println("file Plan: " + file): null

03-03-2025T13:32:03 - [TEST_STEP][PASSED] - typeOfData = "План в процентах": null

03-03-2025T13:32:03 - [TEST_STEP][PASSED] - fileDouble = file.toDouble(): null

03-03-2025T13:32:03 - [TEST_STEP][PASSED] - pageDouble = page1.toDouble(): null

03-03-2025T13:32:03 - [TEST_STEP][PASSED] - if (fileDouble != pageDouble): null

03-03-2025T13:32:03 - [TEST_STEP][PASSED] - numberOfErrors = numberOfErrors + 1: null

03-03-2025T13:32:03 - [TEST_STEP][PASSED] - Script1718980020443.WriteToExcel(a, typeOfData, todaysDate, pageInt, fileInt, pageDouble, fileDouble, dZO): null

03-03-2025T13:32:03 - [TEST_STEP][PASSED] - sheetName = "Sheet1": null

03-03-2025T13:32:03 - [TEST_STEP][PASSED] - data = findTestData("PlanFact"): null

03-03-2025T13:32:03 - [TEST_STEP][PASSED] - n = data.getRowNumbers() + 1: null

03-03-2025T13:32:03 - [TEST_STEP][PASSED] - day = ")).toInteger(): null

03-03-2025T13:32:03 - [TEST_STEP][PASSED] - println(day): null

03-03-2025T13:32:03 - [TEST_STEP][PASSED] - month = ")).toInteger(): null

03-03-2025T13:32:03 - [TEST_STEP][PASSED] - println(month): null

03-03-2025T13:32:03 - [TEST_STEP][PASSED] - y = <not implemented yet for class: org.codehaus.groovy.ast.expr.EmptyExpression>: null

03-03-2025T13:32:03 - [TEST_STEP][PASSED] - iy = <not implemented yet for class: org.codehaus.groovy.ast.expr.EmptyExpression>: null

03-03-2025T13:32:03 - [TEST_STEP][PASSED] - m = getText(findTestObject("Выполнение бизнес-плана/Период")): Text of object 'Object Repository/Выполнение бизнес-плана/Период' is: '2024 год'

03-03-2025T13:32:03 - [MESSAGE][PASSED] - Text of object 'Object Repository/Выполнение бизнес-плана/Период' is: '2024 год'

03-03-2025T13:32:03 - [TEST_STEP][PASSED] - iy = m.indexOf("20"): null

03-03-2025T13:32:03 - [TEST_STEP][PASSED] - if (iy > -1): null

03-03-2025T13:32:03 - [TEST_STEP][PASSED] - y = substring(iy, iy + 4).toInteger(): null

03-03-2025T13:32:03 - [TEST_STEP][PASSED] - println(y): null

03-03-2025T13:32:03 - [TEST_STEP][PASSED] - if (toString().length() == 4): null

03-03-2025T13:32:03 - [TEST_STEP][PASSED] - m = m.substring(0, m.indexOf(y.toString())): null

03-03-2025T13:32:03 - [TEST_STEP][PASSED] - m = m.trim(): null

03-03-2025T13:32:03 - [TEST_STEP][PASSED] - if (m == ""): null

03-03-2025T13:32:03 - [TEST_STEP][PASSED] - m = "весь год": null

03-03-2025T13:32:03 - [TEST_STEP][PASSED] - dashboardName = "Выполнение бизнес-плана": null

03-03-2025T13:32:03 - [TEST_STEP][PASSED] - workbook01 = getWorkbook(excelFilePath): null

03-03-2025T13:32:03 - [TEST_STEP][PASSED] - sheet01 = getExcelSheet(workbook01, sheetName): null

03-03-2025T13:32:03 - [TEST_STEP][PASSED] - setValueToCellByIndex(sheet01, n, 0, dashboardName): null

03-03-2025T13:32:03 - [TEST_STEP][PASSED] - setValueToCellByIndex(sheet01, n, 1, dZO): null

03-03-2025T13:32:03 - [TEST_STEP][PASSED] - setValueToCellByIndex(sheet01, n, 2, typeOfData): null

03-03-2025T13:32:03 - [TEST_STEP][PASSED] - if (typeOfData == "Факт в процентах" || typeOfData == "План в процентах"): null

03-03-2025T13:32:03 - [TEST_STEP][PASSED] - setValueToCellByIndex(sheet01, n, 3, fileDouble): null

03-03-2025T13:32:03 - [TEST_STEP][PASSED] - setValueToCellByIndex(sheet01, n, 4, pageDouble): null

03-03-2025T13:32:03 - [TEST_STEP][PASSED] - setValueToCellByIndex(sheet01, n, 5, m): null

03-03-2025T13:32:03 - [TEST_STEP][PASSED] - setValueToCellByIndex(sheet01, n, 6, y): null

03-03-2025T13:32:03 - [TEST_STEP][PASSED] - setValueToCellByIndex(sheet01, n, 7, todaysDate): null

03-03-2025T13:32:03 - [TEST_STEP][PASSED] - n = n + 1: null

03-03-2025T13:32:03 - [TEST_STEP][PASSED] - saveWorkbook(excelFilePath, workbook01): null

03-03-2025T13:32:03 - [TEST_STEP][PASSED] - file = findTestData("PlanFact").getValue(7, a): null

03-03-2025T13:32:03 - [TEST_STEP][PASSED] - file = file.replace(",", "."): null

03-03-2025T13:32:03 - [TEST_STEP][PASSED] - println("file Fact: " + file): null

03-03-2025T13:32:03 - [TEST_STEP][PASSED] - fileDouble = file.toDouble(): null

03-03-2025T13:32:03 - [TEST_STEP][PASSED] - typeOfData = "Факт в процентах": null

03-03-2025T13:32:03 - [TEST_STEP][PASSED] - fileDouble = file.toDouble(): null

03-03-2025T13:32:03 - [TEST_STEP][PASSED] - pageDouble = page2.toDouble(): null

03-03-2025T13:32:03 - [TEST_STEP][PASSED] - if (fileDouble != pageDouble): null

03-03-2025T13:32:03 - [TEST_STEP][PASSED] - numberOfErrors = numberOfErrors + 1: null

03-03-2025T13:32:03 - [TEST_STEP][PASSED] - Script1718980020443.WriteToExcel(a, typeOfData, todaysDate, pageInt, fileInt, pageDouble, fileDouble, dZO): null

03-03-2025T13:32:03 - [TEST_STEP][PASSED] - sheetName = "Sheet1": null

03-03-2025T13:32:03 - [TEST_STEP][PASSED] - data = findTestData("PlanFact"): null

03-03-2025T13:32:03 - [TEST_STEP][PASSED] - n = data.getRowNumbers() + 1: null

03-03-2025T13:32:03 - [TEST_STEP][PASSED] - day = ")).toInteger(): null

03-03-2025T13:32:03 - [TEST_STEP][PASSED] - println(day): null

03-03-2025T13:32:03 - [TEST_STEP][PASSED] - month = ")).toInteger(): null

03-03-2025T13:32:03 - [TEST_STEP][PASSED] - println(month): null

03-03-2025T13:32:03 - [TEST_STEP][PASSED] - y = <not implemented yet for class: org.codehaus.groovy.ast.expr.EmptyExpression>: null

03-03-2025T13:32:03 - [TEST_STEP][PASSED] - iy = <not implemented yet for class: org.codehaus.groovy.ast.expr.EmptyExpression>: null

03-03-2025T13:32:03 - [TEST_STEP][PASSED] - m = getText(findTestObject("Выполнение бизнес-плана/Период")): Text of object 'Object Repository/Выполнение бизнес-плана/Период' is: '2024 год'

03-03-2025T13:32:04 - [MESSAGE][PASSED] - Text of object 'Object Repository/Выполнение бизнес-плана/Период' is: '2024 год'

03-03-2025T13:32:04 - [TEST_STEP][PASSED] - iy = m.indexOf("20"): null

03-03-2025T13:32:04 - [TEST_STEP][PASSED] - if (iy > -1): null

03-03-2025T13:32:04 - [TEST_STEP][PASSED] - y = substring(iy, iy + 4).toInteger(): null

03-03-2025T13:32:04 - [TEST_STEP][PASSED] - println(y): null

03-03-2025T13:32:04 - [TEST_STEP][PASSED] - if (toString().length() == 4): null

03-03-2025T13:32:04 - [TEST_STEP][PASSED] - m = m.substring(0, m.indexOf(y.toString())): null

03-03-2025T13:32:04 - [TEST_STEP][PASSED] - m = m.trim(): null

03-03-2025T13:32:04 - [TEST_STEP][PASSED] - if (m == ""): null

03-03-2025T13:32:04 - [TEST_STEP][PASSED] - m = "весь год": null

03-03-2025T13:32:04 - [TEST_STEP][PASSED] - dashboardName = "Выполнение бизнес-плана": null

03-03-2025T13:32:04 - [TEST_STEP][PASSED] - workbook01 = getWorkbook(excelFilePath): null

03-03-2025T13:32:04 - [TEST_STEP][PASSED] - sheet01 = getExcelSheet(workbook01, sheetName): null

03-03-2025T13:32:04 - [TEST_STEP][PASSED] - setValueToCellByIndex(sheet01, n, 0, dashboardName): null

03-03-2025T13:32:04 - [TEST_STEP][PASSED] - setValueToCellByIndex(sheet01, n, 1, dZO): null

03-03-2025T13:32:04 - [TEST_STEP][PASSED] - setValueToCellByIndex(sheet01, n, 2, typeOfData): null

03-03-2025T13:32:04 - [TEST_STEP][PASSED] - if (typeOfData == "Факт в процентах" || typeOfData == "План в процентах"): null

03-03-2025T13:32:04 - [TEST_STEP][PASSED] - setValueToCellByIndex(sheet01, n, 3, fileDouble): null

03-03-2025T13:32:04 - [TEST_STEP][PASSED] - setValueToCellByIndex(sheet01, n, 4, pageDouble): null

03-03-2025T13:32:04 - [TEST_STEP][PASSED] - setValueToCellByIndex(sheet01, n, 5, m): null

03-03-2025T13:32:04 - [TEST_STEP][PASSED] - setValueToCellByIndex(sheet01, n, 6, y): null

03-03-2025T13:32:04 - [TEST_STEP][PASSED] - setValueToCellByIndex(sheet01, n, 7, todaysDate): null

03-03-2025T13:32:04 - [TEST_STEP][PASSED] - n = n + 1: null

03-03-2025T13:32:04 - [TEST_STEP][PASSED] - saveWorkbook(excelFilePath, workbook01): null

03-03-2025T13:32:04 - [TEST_STEP][FAILED] - if (verifyEqual(numberOfErrors, 0) == false): null

03-03-2025T13:32:04 - [MESSAGE][FAILED] - Unable to verify equal between actual object '6' and expected object '0' (Root cause: com.kms.katalon.core.exception.StepFailedException: Actual object '6' and expected object '0' are not equal
	at com.kms.katalon.core.keyword.builtin.VerifyEqualKeyword$_verifyEqual_closure1.doCall(VerifyEqualKeyword.groovy:58)
	at com.kms.katalon.core.keyword.builtin.VerifyEqualKeyword$_verifyEqual_closure1.call(VerifyEqualKeyword.groovy)
	at com.kms.katalon.core.keyword.internal.KeywordMain.runKeyword(KeywordMain.groovy:75)
	at com.kms.katalon.core.keyword.builtin.VerifyEqualKeyword.verifyEqual(VerifyEqualKeyword.groovy:63)
	at com.kms.katalon.core.keyword.builtin.VerifyEqualKeyword.execute(VerifyEqualKeyword.groovy:44)
	at com.kms.katalon.core.keyword.internal.KeywordExecutor.executeKeywordForPlatform(KeywordExecutor.groovy:74)
	at com.kms.katalon.core.keyword.BuiltinKeywords.verifyEqual(BuiltinKeywords.groovy:146)
	at jdk.internal.reflect.GeneratedMethodAccessor24.invoke(Unknown Source)
	at java.base/jdk.internal.reflect.DelegatingMethodAccessorImpl.invoke(DelegatingMethodAccessorImpl.java:43)
	at Выполнение бизнес-плана Сверка ПАО Россети все филиалы.Numbers(Выполнение бизнес-плана Сверка ПАО Россети все филиалы:736)
	at Выполнение бизнес-плана Сверка ПАО Россети все филиалы.run(Выполнение бизнес-плана Сверка ПАО Россети все филиалы:294)
	at com.kms.katalon.core.main.ScriptEngine.run(ScriptEngine.java:194)
	at com.kms.katalon.core.main.ScriptEngine.runScriptAsRawText(ScriptEngine.java:119)
	at com.kms.katalon.core.main.TestCaseExecutor.runScript(TestCaseExecutor.java:448)
	at com.kms.katalon.core.main.TestCaseExecutor.doExecute(TestCaseExecutor.java:439)
	at com.kms.katalon.core.main.TestCaseExecutor.processExecutionPhase(TestCaseExecutor.java:418)
	at com.kms.katalon.core.main.TestCaseExecutor.accessMainPhase(TestCaseExecutor.java:410)
	at com.kms.katalon.core.main.TestCaseExecutor.execute(TestCaseExecutor.java:285)
	at com.kms.katalon.core.common.CommonExecutor.accessTestCaseMainPhase(CommonExecutor.java:65)
	at com.kms.katalon.core.main.TestSuiteExecutor.accessTestSuiteMainPhase(TestSuiteExecutor.java:150)
	at com.kms.katalon.core.main.TestSuiteExecutor.execute(TestSuiteExecutor.java:106)
	at com.kms.katalon.core.main.TestCaseMain.startTestSuite(TestCaseMain.java:180)
	at TempTestSuite1740991900055.run(TempTestSuite1740991900055.groovy:35)
	at java.base/jdk.internal.reflect.NativeMethodAccessorImpl.invoke0(Native Method)
	at java.base/jdk.internal.reflect.NativeMethodAccessorImpl.invoke(NativeMethodAccessorImpl.java:77)
	at java.base/jdk.internal.reflect.DelegatingMethodAccessorImpl.invoke(DelegatingMethodAccessorImpl.java:43)
)

03-03-2025T13:32:04 - [TEST_STEP][PASSED] - println(numberOfErrors): null

03-03-2025T13:32:04 - [TEST_STEP][PASSED] - println("a=" + a): null

03-03-2025T13:32:04 - [TEST_STEP][PASSED] - if (a == 28 || a == 77 || a == 74 || a == 65 || a == 36 || a == 44 || a == 54 || a == 1 || a == 18 || a == 59): null

03-03-2025T13:32:04 - [TEST_STEP][PASSED] - Script1718980020443.Filials(a, typeOfData, todaysDate, pageInt, fileInt, pageDouble, fileDouble, dZO, dzoNum, filialNum): null

03-03-2025T13:32:04 - [TEST_STEP][PASSED] - i = <not implemented yet for class: org.codehaus.groovy.ast.expr.EmptyExpression>: null

03-03-2025T13:32:04 - [TEST_STEP][PASSED] - c = <not implemented yet for class: org.codehaus.groovy.ast.expr.EmptyExpression>: null

03-03-2025T13:32:04 - [TEST_STEP][PASSED] - page = <not implemented yet for class: org.codehaus.groovy.ast.expr.EmptyExpression>: null

03-03-2025T13:32:04 - [TEST_STEP][PASSED] - println(dZO): null

03-03-2025T13:32:04 - [TEST_STEP][PASSED] - reducedDZO = <not implemented yet for class: org.codehaus.groovy.ast.expr.EmptyExpression>: null

03-03-2025T13:32:04 - [TEST_STEP][PASSED] - reducedDZO = dZO.substring(dZO.indexOf(" ") + 1, dZO.length()): null

03-03-2025T13:32:04 - [TEST_STEP][PASSED] - if (reducedDZO.contains(" ")): null

03-03-2025T13:32:04 - [TEST_STEP][PASSED] - println(reducedDZO): null

03-03-2025T13:32:04 - [TEST_STEP][PASSED] - dzoCut = <not implemented yet for class: org.codehaus.groovy.ast.expr.EmptyExpression>: null

03-03-2025T13:32:04 - [TEST_STEP][PASSED] - Script1718980020443.DZO(a): null

03-03-2025T13:32:04 - [TEST_STEP][PASSED] - delay(20): Delayed 20 second(s)

03-03-2025T13:32:24 - [MESSAGE][PASSED] - Delayed 20 second(s)

03-03-2025T13:32:24 - [TEST_STEP][PASSED] - Script1718980020443.OpenFilter(): null

03-03-2025T13:32:24 - [TEST_STEP][PASSED] - click(findTestObject("Object Repository/Выполнение бизнес-плана/Фильтр ДЗО")): Object: 'Object Repository/Выполнение бизнес-плана/Фильтр ДЗО' is clicked on

03-03-2025T13:32:24 - [MESSAGE][PASSED] - Object: 'Object Repository/Выполнение бизнес-плана/Фильтр ДЗО' is clicked on

03-03-2025T13:32:24 - [TEST_STEP][PASSED] - click(findTestObject("Выполнение бизнес-плана/Снять выделение в фильтре ДЗО")): Object: 'Object Repository/Выполнение бизнес-плана/Снять выделение в фильтре ДЗО' is clicked on

03-03-2025T13:32:25 - [MESSAGE][PASSED] - Object: 'Object Repository/Выполнение бизнес-плана/Снять выделение в фильтре ДЗО' is clicked on

03-03-2025T13:32:25 - [TEST_STEP][PASSED] - Script1718980020443.OpenRSK(): null

03-03-2025T13:32:25 - [TEST_STEP][PASSED] - click(findTestObject("Выполнение бизнес-плана/Раскрыть список ПАО Россети в фильтре ДЗО")): Object: 'Object Repository/Выполнение бизнес-плана/Раскрыть список ПАО Россети в фильтре ДЗО' is clicked on

03-03-2025T13:32:25 - [MESSAGE][PASSED] - Object: 'Object Repository/Выполнение бизнес-плана/Раскрыть список ПАО Россети в фильтре ДЗО' is clicked on

03-03-2025T13:32:25 - [TEST_STEP][PASSED] - click(findTestObject("Выполнение бизнес-плана/Раскрыть список РаспредКомплекс в фильтре ДЗО")): Object: 'Object Repository/Выполнение бизнес-плана/Раскрыть список РаспредКомплекс в фильтре ДЗО' is clicked on

03-03-2025T13:32:26 - [MESSAGE][PASSED] - Object: 'Object Repository/Выполнение бизнес-плана/Раскрыть список РаспредКомплекс в фильтре ДЗО' is clicked on

03-03-2025T13:32:26 - [TEST_STEP][PASSED] - if (a == 28): null

03-03-2025T13:32:26 - [TEST_STEP][PASSED] - if (a == 77): null

03-03-2025T13:32:26 - [TEST_STEP][PASSED] - if (a == 74): null

03-03-2025T13:32:26 - [TEST_STEP][PASSED] - if (a == 65): null

03-03-2025T13:32:26 - [TEST_STEP][PASSED] - if (a == 36): Object: 'Object Repository/Выполнение бизнес-плана/Россети Северо-Запад' is clicked on

03-03-2025T13:32:26 - [TEST_STEP][PASSED] - scrollToElement(findTestObject("Общие объекты/Раскрыть список Россети Северо-Запад"), 30): Scroll to object 'Object Repository/Общие объекты/Раскрыть список Россети Северо-Запад' successfully

03-03-2025T13:32:26 - [MESSAGE][PASSED] - Scroll to object 'Object Repository/Общие объекты/Раскрыть список Россети Северо-Запад' successfully

03-03-2025T13:32:26 - [TEST_STEP][PASSED] - click(findTestObject("Выполнение бизнес-плана/Россети Северо-Запад")): Object: 'Object Repository/Выполнение бизнес-плана/Россети Северо-Запад' is clicked on

03-03-2025T13:32:26 - [MESSAGE][PASSED] - Object: 'Object Repository/Выполнение бизнес-плана/Россети Северо-Запад' is clicked on

03-03-2025T13:32:26 - [TEST_STEP][PASSED] - if (a == 44): null

03-03-2025T13:32:26 - [TEST_STEP][PASSED] - if (a == 54): null

03-03-2025T13:32:26 - [TEST_STEP][PASSED] - if (a == 1): null

03-03-2025T13:32:26 - [TEST_STEP][PASSED] - if (a == 18): null

03-03-2025T13:32:26 - [TEST_STEP][PASSED] - if (a == 59): null

03-03-2025T13:32:26 - [TEST_STEP][PASSED] - Script1718980020443.CloseFilter(): null

03-03-2025T13:32:26 - [TEST_STEP][PASSED] - scrollToElement(findTestObject("Выполнение бизнес-плана/Заголовок дашборда"), 30): Scroll to object 'Object Repository/Выполнение бизнес-плана/Заголовок дашборда' successfully

03-03-2025T13:32:27 - [MESSAGE][PASSED] - Scroll to object 'Object Repository/Выполнение бизнес-плана/Заголовок дашборда' successfully

03-03-2025T13:32:27 - [TEST_STEP][PASSED] - click(findTestObject("Object Repository/Выполнение бизнес-плана/Применить в фильтре ДЗО")): Object: 'Object Repository/Выполнение бизнес-плана/Применить в фильтре ДЗО' is clicked on

03-03-2025T13:32:28 - [MESSAGE][PASSED] - Object: 'Object Repository/Выполнение бизнес-плана/Применить в фильтре ДЗО' is clicked on

03-03-2025T13:32:28 - [TEST_STEP][PASSED] - delay(20): Delayed 20 second(s)

03-03-2025T13:32:48 - [MESSAGE][PASSED] - Delayed 20 second(s)

03-03-2025T13:32:48 - [TEST_STEP][PASSED] - Script1718980020443.ZakrytOpoveshenie(): null

03-03-2025T13:32:48 - [TEST_STEP][PASSED] - delay(10): Delayed 10 second(s)

03-03-2025T13:32:58 - [MESSAGE][PASSED] - Delayed 10 second(s)

03-03-2025T13:32:58 - [TEST_STEP][PASSED] - opoveshenie = getText(findTestObject("Выполнение бизнес-плана/Просьба обратить внимание")): Text of object 'Object Repository/Выполнение бизнес-плана/Просьба обратить внимание' is: ''

03-03-2025T13:32:58 - [MESSAGE][PASSED] - Text of object 'Object Repository/Выполнение бизнес-плана/Просьба обратить внимание' is: ''

03-03-2025T13:32:58 - [TEST_STEP][PASSED] - println(opoveshenie): null

03-03-2025T13:32:58 - [TEST_STEP][PASSED] - if (opoveshenie == "Просьба обратить внимание"): null

03-03-2025T13:32:58 - [TEST_STEP][PASSED] - page = getText(findTestObject("Object Repository/Выполнение бизнес-плана/Filials")): Text of object 'Object Repository/Выполнение бизнес-плана/Filials' is: 'Архангельский филиал
Вологодский филиал
Карельский филиал
Мурманский филиал
Новгородский филиал
Псковский филиал
филиал в Республике Коми
0
10
20
30
40
50
60
70'

03-03-2025T13:32:58 - [MESSAGE][PASSED] - Text of object 'Object Repository/Выполнение бизнес-плана/Filials' is: 'Архангельский филиал
Вологодский филиал
Карельский филиал
Мурманский филиал
Новгородский филиал
Псковский филиал
филиал в Республике Коми
0
10
20
30
40
50
60
70'

03-03-2025T13:32:58 - [TEST_STEP][PASSED] - println(page): null

03-03-2025T13:32:58 - [TEST_STEP][PASSED] - c = page.indexOf(reducedDZO): null

03-03-2025T13:32:58 - [TEST_STEP][PASSED] - if (c > -1): null

03-03-2025T13:32:58 - [TEST_STEP][PASSED] - x2 = getText(findTestObject("Выполнение бизнес-плана/Список ДЗО старый")): Text of object 'Object Repository/Выполнение бизнес-плана/Список ДЗО старый' is: 'Архангельский филиал
Вологодский филиал
Карельский филиал
Мурманский филиал
Новгородский филиал
Псковский филиал
филиал в Республике Коми
0
10
20
30
40
50
60
70'

03-03-2025T13:32:59 - [MESSAGE][PASSED] - Text of object 'Object Repository/Выполнение бизнес-плана/Список ДЗО старый' is: 'Архангельский филиал
Вологодский филиал
Карельский филиал
Мурманский филиал
Новгородский филиал
Псковский филиал
филиал в Республике Коми
0
10
20
30
40
50
60
70'

03-03-2025T13:32:59 - [TEST_STEP][PASSED] - if (a == 28): null

03-03-2025T13:32:59 - [TEST_STEP][PASSED] - if (a == 77): null

03-03-2025T13:32:59 - [TEST_STEP][PASSED] - if (a == 74): null

03-03-2025T13:32:59 - [TEST_STEP][PASSED] - if (a == 65): null

03-03-2025T13:32:59 - [TEST_STEP][PASSED] - if (a == 1): null

03-03-2025T13:32:59 - [TEST_STEP][PASSED] - if (a == 18): null

03-03-2025T13:32:59 - [TEST_STEP][PASSED] - if (a == 36): null

03-03-2025T13:32:59 - [TEST_STEP][PASSED] - dZO = "Архангельский филиал": null

03-03-2025T13:32:59 - [TEST_STEP][PASSED] - a = 37: null

03-03-2025T13:32:59 - [TEST_STEP][PASSED] - dzoCut = dZO.substring(0, 10): null

03-03-2025T13:32:59 - [TEST_STEP][PASSED] - if (x2.contains(dzoCut)): null

03-03-2025T13:32:59 - [TEST_STEP][PASSED] - filialNum = filialNum + 1: null

03-03-2025T13:32:59 - [TEST_STEP][PASSED] - Script1718980020443.Numbers(a, typeOfData, todaysDate, pageInt, fileInt, pageDouble, fileDouble, dZO, dzoNum, filialNum): null

03-03-2025T13:32:59 - [TEST_STEP][PASSED] - println(dzoNum): null

03-03-2025T13:32:59 - [TEST_STEP][PASSED] - planFact = <not implemented yet for class: org.codehaus.groovy.ast.expr.EmptyExpression>: null

03-03-2025T13:32:59 - [TEST_STEP][PASSED] - page = <not implemented yet for class: org.codehaus.groovy.ast.expr.EmptyExpression>: null

03-03-2025T13:32:59 - [TEST_STEP][PASSED] - page1 = <not implemented yet for class: org.codehaus.groovy.ast.expr.EmptyExpression>: null

03-03-2025T13:32:59 - [TEST_STEP][PASSED] - page2 = <not implemented yet for class: org.codehaus.groovy.ast.expr.EmptyExpression>: null

03-03-2025T13:32:59 - [TEST_STEP][PASSED] - filialNumberInRow = <not implemented yet for class: org.codehaus.groovy.ast.expr.EmptyExpression>: null

03-03-2025T13:32:59 - [TEST_STEP][PASSED] - filialsDzoNames = <not implemented yet for class: org.codehaus.groovy.ast.expr.EmptyExpression>: null

03-03-2025T13:32:59 - [TEST_STEP][PASSED] - numberOfFilials = <not implemented yet for class: org.codehaus.groovy.ast.expr.EmptyExpression>: null

03-03-2025T13:32:59 - [TEST_STEP][PASSED] - numberOfSpaces = <not implemented yet for class: org.codehaus.groovy.ast.expr.EmptyExpression>: null

03-03-2025T13:32:59 - [TEST_STEP][PASSED] - file = <not implemented yet for class: org.codehaus.groovy.ast.expr.EmptyExpression>: null

03-03-2025T13:32:59 - [TEST_STEP][PASSED] - otpusk = <not implemented yet for class: org.codehaus.groovy.ast.expr.EmptyExpression>: null

03-03-2025T13:32:59 - [TEST_STEP][PASSED] - poteri = <not implemented yet for class: org.codehaus.groovy.ast.expr.EmptyExpression>: null

03-03-2025T13:32:59 - [TEST_STEP][PASSED] - dataFolder = "Выполнение бизнес-плана/Значения со страницы Выполнение бизнес-плана/": null

03-03-2025T13:32:59 - [TEST_STEP][PASSED] - path = <not implemented yet for class: org.codehaus.groovy.ast.expr.EmptyExpression>: null

03-03-2025T13:32:59 - [TEST_STEP][PASSED] - typeOfDataMain = <not implemented yet for class: org.codehaus.groovy.ast.expr.EmptyExpression>: null

03-03-2025T13:32:59 - [TEST_STEP][PASSED] - fileOtpuskVSet = <not implemented yet for class: org.codehaus.groovy.ast.expr.EmptyExpression>: null

03-03-2025T13:32:59 - [TEST_STEP][PASSED] - pageOtpuskVSet = <not implemented yet for class: org.codehaus.groovy.ast.expr.EmptyExpression>: null

03-03-2025T13:32:59 - [TEST_STEP][PASSED] - filePoteri = <not implemented yet for class: org.codehaus.groovy.ast.expr.EmptyExpression>: null

03-03-2025T13:32:59 - [TEST_STEP][PASSED] - pagePoteri = <not implemented yet for class: org.codehaus.groovy.ast.expr.EmptyExpression>: null

03-03-2025T13:32:59 - [TEST_STEP][PASSED] - compare = <not implemented yet for class: org.codehaus.groovy.ast.expr.EmptyExpression>: null

03-03-2025T13:32:59 - [TEST_STEP][PASSED] - b = <not implemented yet for class: org.codehaus.groovy.ast.expr.EmptyExpression>: null

03-03-2025T13:32:59 - [TEST_STEP][PASSED] - i = <not implemented yet for class: org.codehaus.groovy.ast.expr.EmptyExpression>: null

03-03-2025T13:32:59 - [TEST_STEP][PASSED] - ii = <not implemented yet for class: org.codehaus.groovy.ast.expr.EmptyExpression>: null

03-03-2025T13:32:59 - [TEST_STEP][PASSED] - c = <not implemented yet for class: org.codehaus.groovy.ast.expr.EmptyExpression>: null

03-03-2025T13:32:59 - [TEST_STEP][PASSED] - numberOfErrors = 0: null

03-03-2025T13:32:59 - [TEST_STEP][PASSED] - if (a == 82): null

03-03-2025T13:32:59 - [TEST_STEP][PASSED] - b = findTestData("PlanFact").getValue(1, a): null

03-03-2025T13:32:59 - [TEST_STEP][PASSED] - i = b.indexOf(" (ГК)"): null

03-03-2025T13:32:59 - [TEST_STEP][PASSED] - if (i > -1): null

03-03-2025T13:32:59 - [TEST_STEP][PASSED] - i = b.indexOf("О ""): null

03-03-2025T13:32:59 - [TEST_STEP][PASSED] - if (i > -1): null

03-03-2025T13:32:59 - [TEST_STEP][PASSED] - i = b.indexOf("О «"): null

03-03-2025T13:32:59 - [TEST_STEP][PASSED] - if (i > -1): null

03-03-2025T13:32:59 - [TEST_STEP][PASSED] - i = b.indexOf("г. "): null

03-03-2025T13:32:59 - [TEST_STEP][PASSED] - if (i > -1): null

03-03-2025T13:32:59 - [TEST_STEP][PASSED] - b = b.trim(): null

03-03-2025T13:32:59 - [TEST_STEP][PASSED] - println(b): null

03-03-2025T13:32:59 - [TEST_STEP][PASSED] - for ([planFact = 1, planFact < 3, (planFact++)]): Object: 'Object Repository/Выполнение бизнес-плана/Кнопка Факт' is clicked on

03-03-2025T13:32:59 - [TEST_STEP][PASSED] - if (planFact == 1): null

03-03-2025T13:32:59 - [TEST_STEP][PASSED] - typeOfDataMain = "Факт": null

03-03-2025T13:32:59 - [TEST_STEP][PASSED] - otpusk = findTestData("PlanFact").getValue(5, a): null

03-03-2025T13:32:59 - [TEST_STEP][PASSED] - poteri = findTestData("PlanFact").getValue(6, a): null

03-03-2025T13:32:59 - [TEST_STEP][PASSED] - otpusk = otpusk.replaceAll("\s+", ""): null

03-03-2025T13:32:59 - [TEST_STEP][PASSED] - poteri = poteri.replaceAll("\s+", ""): null

03-03-2025T13:32:59 - [TEST_STEP][PASSED] - typeOfData = typeOfDataMain + " Отпуск в сеть": null

03-03-2025T13:32:59 - [TEST_STEP][PASSED] - if (a == 82): null

03-03-2025T13:32:59 - [TEST_STEP][PASSED] - else if (a == 84): null

03-03-2025T13:32:59 - [TEST_STEP][PASSED] - else if (a == 83 || a == 52 || a == 72 || a == 28 || a == 73 || a == 77 || a == 74 || a == 65 || a == 36 || a == 44 || a == 53 || a == 80 || a == 54 || a == 1 || a == 18 || a == 59 || a == 81): null

03-03-2025T13:32:59 - [TEST_STEP][PASSED] - else: null

03-03-2025T13:32:59 - [TEST_STEP][PASSED] - path = dataFolder + typeOfData + " за отчётный период " + b: null

03-03-2025T13:32:59 - [TEST_STEP][PASSED] - println(path): null

03-03-2025T13:32:59 - [TEST_STEP][PASSED] - page = getText(findTestObject(path)): Text of object 'Object Repository/Выполнение бизнес-плана/Значения со страницы Выполнение бизнес-плана/Факт Отпуск в сеть за отчётный период Архангельский филиал' is: '3 586 229'

03-03-2025T13:32:59 - [MESSAGE][PASSED] - Text of object 'Object Repository/Выполнение бизнес-плана/Значения со страницы Выполнение бизнес-плана/Факт Отпуск в сеть за отчётный период Архангельский филиал' is: '3 586 229'

03-03-2025T13:32:59 - [TEST_STEP][PASSED] - if (page == "" || page == null): null

03-03-2025T13:32:59 - [TEST_STEP][PASSED] - else: null

03-03-2025T13:32:59 - [TEST_STEP][PASSED] - page = page.replaceAll("\s+", ""): null

03-03-2025T13:32:59 - [TEST_STEP][PASSED] - fileOtpuskVSet = otpusk.toInteger(): null

03-03-2025T13:32:59 - [TEST_STEP][PASSED] - pageOtpuskVSet = page.toInteger(): null

03-03-2025T13:32:59 - [TEST_STEP][PASSED] - typeOfData = typeOfDataMain + " Потери": null

03-03-2025T13:32:59 - [TEST_STEP][PASSED] - if (a == 82): null

03-03-2025T13:32:59 - [TEST_STEP][PASSED] - else if (a == 84): null

03-03-2025T13:32:59 - [TEST_STEP][PASSED] - else if (a == 83 || a == 52 || a == 72 || a == 28 || a == 73 || a == 77 || a == 74 || a == 65 || a == 44 || a == 53 || a == 80 || a == 54 || a == 1 || a == 18 || a == 59 || a == 81): null

03-03-2025T13:32:59 - [TEST_STEP][PASSED] - else: null

03-03-2025T13:32:59 - [TEST_STEP][PASSED] - path = dataFolder + typeOfData + " за отчётный период " + b: null

03-03-2025T13:32:59 - [TEST_STEP][PASSED] - page = getText(findTestObject(path)): Text of object 'Object Repository/Выполнение бизнес-плана/Значения со страницы Выполнение бизнес-плана/Факт Потери за отчётный период Архангельский филиал' is: '269 656'

03-03-2025T13:33:00 - [MESSAGE][PASSED] - Text of object 'Object Repository/Выполнение бизнес-плана/Значения со страницы Выполнение бизнес-плана/Факт Потери за отчётный период Архангельский филиал' is: '269 656'

03-03-2025T13:33:00 - [TEST_STEP][PASSED] - if (page == "" || page == null): null

03-03-2025T13:33:00 - [TEST_STEP][PASSED] - else: null

03-03-2025T13:33:00 - [TEST_STEP][PASSED] - page = page.replaceAll("\s+", ""): null

03-03-2025T13:33:00 - [TEST_STEP][PASSED] - filePoteri = poteri.toInteger(): null

03-03-2025T13:33:00 - [TEST_STEP][PASSED] - pagePoteri = page.toInteger(): null

03-03-2025T13:33:00 - [TEST_STEP][PASSED] - compare = pageOtpuskVSet: null

03-03-2025T13:33:00 - [TEST_STEP][PASSED] - if (pageOtpuskVSet != null): null

03-03-2025T13:33:00 - [TEST_STEP][PASSED] - if (compare == fileOtpuskVSet): null

03-03-2025T13:33:00 - [TEST_STEP][PASSED] - if (compare == fileOtpuskVSet): null

03-03-2025T13:33:00 - [TEST_STEP][PASSED] - compare = pagePoteri: null

03-03-2025T13:33:00 - [TEST_STEP][PASSED] - if (pageOtpuskVSet != null): null

03-03-2025T13:33:00 - [TEST_STEP][PASSED] - if (compare == filePoteri): null

03-03-2025T13:33:00 - [TEST_STEP][PASSED] - if (compare == filePoteri): null

03-03-2025T13:33:00 - [TEST_STEP][PASSED] - if (planFact == 2): null

03-03-2025T13:33:00 - [TEST_STEP][PASSED] - if (planFact == 1): null

03-03-2025T13:33:00 - [TEST_STEP][PASSED] - else if (planFact == 2): null

03-03-2025T13:33:00 - [TEST_STEP][PASSED] - click(findTestObject("Выполнение бизнес-плана/Кнопка План")): Object: 'Object Repository/Выполнение бизнес-плана/Кнопка План' is clicked on

03-03-2025T13:33:00 - [MESSAGE][PASSED] - Object: 'Object Repository/Выполнение бизнес-плана/Кнопка План' is clicked on

03-03-2025T13:33:00 - [TEST_STEP][PASSED] - typeOfDataMain = "План": null

03-03-2025T13:33:00 - [TEST_STEP][PASSED] - otpusk = findTestData("PlanFact").getValue(2, a): null

03-03-2025T13:33:00 - [TEST_STEP][PASSED] - poteri = findTestData("PlanFact").getValue(3, a): null

03-03-2025T13:33:00 - [TEST_STEP][PASSED] - otpusk = otpusk.replaceAll("\s+", ""): null

03-03-2025T13:33:00 - [TEST_STEP][PASSED] - poteri = poteri.replaceAll("\s+", ""): null

03-03-2025T13:33:00 - [TEST_STEP][PASSED] - typeOfData = typeOfDataMain + " Отпуск в сеть": null

03-03-2025T13:33:00 - [TEST_STEP][PASSED] - if (a == 82): null

03-03-2025T13:33:00 - [TEST_STEP][PASSED] - else if (a == 84): null

03-03-2025T13:33:00 - [TEST_STEP][PASSED] - else if (a == 83 || a == 52 || a == 72 || a == 28 || a == 73 || a == 77 || a == 74 || a == 65 || a == 36 || a == 44 || a == 53 || a == 80 || a == 54 || a == 1 || a == 18 || a == 59 || a == 81): null

03-03-2025T13:33:00 - [TEST_STEP][PASSED] - else: null

03-03-2025T13:33:00 - [TEST_STEP][PASSED] - path = dataFolder + typeOfData + " за отчётный период " + b: null

03-03-2025T13:33:00 - [TEST_STEP][PASSED] - println(path): null

03-03-2025T13:33:00 - [TEST_STEP][PASSED] - page = getText(findTestObject(path)): Text of object 'Object Repository/Выполнение бизнес-плана/Значения со страницы Выполнение бизнес-плана/План Отпуск в сеть за отчётный период Архангельский филиал' is: '3 571 169'

03-03-2025T13:33:00 - [MESSAGE][PASSED] - Text of object 'Object Repository/Выполнение бизнес-плана/Значения со страницы Выполнение бизнес-плана/План Отпуск в сеть за отчётный период Архангельский филиал' is: '3 571 169'

03-03-2025T13:33:00 - [TEST_STEP][PASSED] - if (page == "" || page == null): null

03-03-2025T13:33:00 - [TEST_STEP][PASSED] - else: null

03-03-2025T13:33:00 - [TEST_STEP][PASSED] - page = page.replaceAll("\s+", ""): null

03-03-2025T13:33:00 - [TEST_STEP][PASSED] - fileOtpuskVSet = otpusk.toInteger(): null

03-03-2025T13:33:00 - [TEST_STEP][PASSED] - pageOtpuskVSet = page.toInteger(): null

03-03-2025T13:33:00 - [TEST_STEP][PASSED] - typeOfData = typeOfDataMain + " Потери": null

03-03-2025T13:33:00 - [TEST_STEP][PASSED] - if (a == 82): null

03-03-2025T13:33:00 - [TEST_STEP][PASSED] - else if (a == 84): null

03-03-2025T13:33:00 - [TEST_STEP][PASSED] - else if (a == 83 || a == 52 || a == 72 || a == 28 || a == 73 || a == 77 || a == 74 || a == 65 || a == 44 || a == 53 || a == 80 || a == 54 || a == 1 || a == 18 || a == 59 || a == 81): null

03-03-2025T13:33:00 - [TEST_STEP][PASSED] - else: null

03-03-2025T13:33:00 - [TEST_STEP][PASSED] - path = dataFolder + typeOfData + " за отчётный период " + b: null

03-03-2025T13:33:00 - [TEST_STEP][PASSED] - page = getText(findTestObject(path)): Text of object 'Object Repository/Выполнение бизнес-плана/Значения со страницы Выполнение бизнес-плана/План Потери за отчётный период Архангельский филиал' is: '271 202'

03-03-2025T13:33:01 - [MESSAGE][PASSED] - Text of object 'Object Repository/Выполнение бизнес-плана/Значения со страницы Выполнение бизнес-плана/План Потери за отчётный период Архангельский филиал' is: '271 202'

03-03-2025T13:33:01 - [TEST_STEP][PASSED] - if (page == "" || page == null): null

03-03-2025T13:33:01 - [TEST_STEP][PASSED] - else: null

03-03-2025T13:33:01 - [TEST_STEP][PASSED] - page = page.replaceAll("\s+", ""): null

03-03-2025T13:33:01 - [TEST_STEP][PASSED] - filePoteri = poteri.toInteger(): null

03-03-2025T13:33:01 - [TEST_STEP][PASSED] - pagePoteri = page.toInteger(): null

03-03-2025T13:33:01 - [TEST_STEP][PASSED] - compare = pageOtpuskVSet: null

03-03-2025T13:33:01 - [TEST_STEP][PASSED] - if (pageOtpuskVSet != null): null

03-03-2025T13:33:01 - [TEST_STEP][PASSED] - if (compare == fileOtpuskVSet): null

03-03-2025T13:33:01 - [TEST_STEP][PASSED] - if (compare == fileOtpuskVSet): null

03-03-2025T13:33:01 - [TEST_STEP][PASSED] - compare = pagePoteri: null

03-03-2025T13:33:01 - [TEST_STEP][PASSED] - if (pageOtpuskVSet != null): null

03-03-2025T13:33:01 - [TEST_STEP][PASSED] - if (compare == filePoteri): null

03-03-2025T13:33:01 - [TEST_STEP][PASSED] - if (compare == filePoteri): null

03-03-2025T13:33:01 - [TEST_STEP][PASSED] - if (planFact == 2): Object: 'Object Repository/Выполнение бизнес-плана/Кнопка Факт' is clicked on

03-03-2025T13:33:01 - [TEST_STEP][PASSED] - click(findTestObject("Выполнение бизнес-плана/Кнопка Факт")): Object: 'Object Repository/Выполнение бизнес-плана/Кнопка Факт' is clicked on

03-03-2025T13:33:01 - [MESSAGE][PASSED] - Object: 'Object Repository/Выполнение бизнес-плана/Кнопка Факт' is clicked on

03-03-2025T13:33:01 - [TEST_STEP][PASSED] - println("a=" + a): null

03-03-2025T13:33:01 - [TEST_STEP][PASSED] - if (a == 84 || a == 82): null

03-03-2025T13:33:01 - [TEST_STEP][PASSED] - else if (a == 83 || a == 52 || a == 72 || a == 28 || a == 73 || a == 77 || a == 74 || a == 65 || a == 36 || a == 44 || a == 53 || a == 80 || a == 54 || a == 1 || a == 18 || a == 59 || a == 81): null

03-03-2025T13:33:01 - [TEST_STEP][PASSED] - else: null

03-03-2025T13:33:01 - [TEST_STEP][PASSED] - page1 = getText(findTestObject("Object Repository/Выполнение бизнес-плана/spanPlan" + filialNum)): Text of object 'Object Repository/Выполнение бизнес-плана/spanPlan1' is: '7.59
|'

03-03-2025T13:33:01 - [MESSAGE][PASSED] - Text of object 'Object Repository/Выполнение бизнес-плана/spanPlan1' is: '7.59
|'

03-03-2025T13:33:01 - [TEST_STEP][PASSED] - page1 = page1.replace("|", ""): null

03-03-2025T13:33:01 - [TEST_STEP][PASSED] - page2 = getText(findTestObject("Object Repository/Выполнение бизнес-плана/spanFact" + filialNum)): Text of object 'Object Repository/Выполнение бизнес-плана/spanFact1' is: '7.52
|'

03-03-2025T13:33:02 - [MESSAGE][PASSED] - Text of object 'Object Repository/Выполнение бизнес-плана/spanFact1' is: '7.52
|'

03-03-2025T13:33:02 - [TEST_STEP][PASSED] - page2 = page2.replace("|", ""): null

03-03-2025T13:33:02 - [TEST_STEP][PASSED] - println("page1: " + page1): null

03-03-2025T13:33:02 - [TEST_STEP][PASSED] - println("page2: " + page2): null

03-03-2025T13:33:02 - [TEST_STEP][PASSED] - file = findTestData("PlanFact").getValue(4, a): null

03-03-2025T13:33:02 - [TEST_STEP][PASSED] - file = file.replace(",", "."): null

03-03-2025T13:33:02 - [TEST_STEP][PASSED] - println("file Plan: " + file): null

03-03-2025T13:33:02 - [TEST_STEP][PASSED] - typeOfData = "План в процентах": null

03-03-2025T13:33:02 - [TEST_STEP][PASSED] - fileDouble = file.toDouble(): null

03-03-2025T13:33:02 - [TEST_STEP][PASSED] - pageDouble = page1.toDouble(): null

03-03-2025T13:33:02 - [TEST_STEP][PASSED] - if (fileDouble != pageDouble): null

03-03-2025T13:33:02 - [TEST_STEP][PASSED] - file = findTestData("PlanFact").getValue(7, a): null

03-03-2025T13:33:02 - [TEST_STEP][PASSED] - file = file.replace(",", "."): null

03-03-2025T13:33:02 - [TEST_STEP][PASSED] - println("file Fact: " + file): null

03-03-2025T13:33:02 - [TEST_STEP][PASSED] - fileDouble = file.toDouble(): null

03-03-2025T13:33:02 - [TEST_STEP][PASSED] - typeOfData = "Факт в процентах": null

03-03-2025T13:33:02 - [TEST_STEP][PASSED] - fileDouble = file.toDouble(): null

03-03-2025T13:33:02 - [TEST_STEP][PASSED] - pageDouble = page2.toDouble(): null

03-03-2025T13:33:02 - [TEST_STEP][PASSED] - if (fileDouble != pageDouble): null

03-03-2025T13:33:02 - [TEST_STEP][PASSED] - if (verifyEqual(numberOfErrors, 0) == false): Actual object '0' and expected object '0' are equal

03-03-2025T13:33:02 - [MESSAGE][PASSED] - Actual object '0' and expected object '0' are equal

03-03-2025T13:33:02 - [TEST_STEP][PASSED] - if (a == 82): null

03-03-2025T13:33:02 - [TEST_STEP][PASSED] - dZO = "Вологодский филиал": null

03-03-2025T13:33:02 - [TEST_STEP][PASSED] - a = 38: null

03-03-2025T13:33:02 - [TEST_STEP][PASSED] - dzoCut = dZO.substring(0, 10): null

03-03-2025T13:33:02 - [TEST_STEP][PASSED] - if (x2.contains(dzoCut)): null

03-03-2025T13:33:02 - [TEST_STEP][PASSED] - filialNum = filialNum + 1: null

03-03-2025T13:33:02 - [TEST_STEP][PASSED] - Script1718980020443.Numbers(a, typeOfData, todaysDate, pageInt, fileInt, pageDouble, fileDouble, dZO, dzoNum, filialNum): null

03-03-2025T13:33:02 - [TEST_STEP][PASSED] - println(dzoNum): null

03-03-2025T13:33:02 - [TEST_STEP][PASSED] - planFact = <not implemented yet for class: org.codehaus.groovy.ast.expr.EmptyExpression>: null

03-03-2025T13:33:02 - [TEST_STEP][PASSED] - page = <not implemented yet for class: org.codehaus.groovy.ast.expr.EmptyExpression>: null

03-03-2025T13:33:02 - [TEST_STEP][PASSED] - page1 = <not implemented yet for class: org.codehaus.groovy.ast.expr.EmptyExpression>: null

03-03-2025T13:33:02 - [TEST_STEP][PASSED] - page2 = <not implemented yet for class: org.codehaus.groovy.ast.expr.EmptyExpression>: null

03-03-2025T13:33:02 - [TEST_STEP][PASSED] - filialNumberInRow = <not implemented yet for class: org.codehaus.groovy.ast.expr.EmptyExpression>: null

03-03-2025T13:33:02 - [TEST_STEP][PASSED] - filialsDzoNames = <not implemented yet for class: org.codehaus.groovy.ast.expr.EmptyExpression>: null

03-03-2025T13:33:02 - [TEST_STEP][PASSED] - numberOfFilials = <not implemented yet for class: org.codehaus.groovy.ast.expr.EmptyExpression>: null

03-03-2025T13:33:02 - [TEST_STEP][PASSED] - numberOfSpaces = <not implemented yet for class: org.codehaus.groovy.ast.expr.EmptyExpression>: null

03-03-2025T13:33:02 - [TEST_STEP][PASSED] - file = <not implemented yet for class: org.codehaus.groovy.ast.expr.EmptyExpression>: null

03-03-2025T13:33:02 - [TEST_STEP][PASSED] - otpusk = <not implemented yet for class: org.codehaus.groovy.ast.expr.EmptyExpression>: null

03-03-2025T13:33:02 - [TEST_STEP][PASSED] - poteri = <not implemented yet for class: org.codehaus.groovy.ast.expr.EmptyExpression>: null

03-03-2025T13:33:02 - [TEST_STEP][PASSED] - dataFolder = "Выполнение бизнес-плана/Значения со страницы Выполнение бизнес-плана/": null

03-03-2025T13:33:02 - [TEST_STEP][PASSED] - path = <not implemented yet for class: org.codehaus.groovy.ast.expr.EmptyExpression>: null

03-03-2025T13:33:02 - [TEST_STEP][PASSED] - typeOfDataMain = <not implemented yet for class: org.codehaus.groovy.ast.expr.EmptyExpression>: null

03-03-2025T13:33:02 - [TEST_STEP][PASSED] - fileOtpuskVSet = <not implemented yet for class: org.codehaus.groovy.ast.expr.EmptyExpression>: null

03-03-2025T13:33:02 - [TEST_STEP][PASSED] - pageOtpuskVSet = <not implemented yet for class: org.codehaus.groovy.ast.expr.EmptyExpression>: null

03-03-2025T13:33:02 - [TEST_STEP][PASSED] - filePoteri = <not implemented yet for class: org.codehaus.groovy.ast.expr.EmptyExpression>: null

03-03-2025T13:33:02 - [TEST_STEP][PASSED] - pagePoteri = <not implemented yet for class: org.codehaus.groovy.ast.expr.EmptyExpression>: null

03-03-2025T13:33:02 - [TEST_STEP][PASSED] - compare = <not implemented yet for class: org.codehaus.groovy.ast.expr.EmptyExpression>: null

03-03-2025T13:33:02 - [TEST_STEP][PASSED] - b = <not implemented yet for class: org.codehaus.groovy.ast.expr.EmptyExpression>: null

03-03-2025T13:33:02 - [TEST_STEP][PASSED] - i = <not implemented yet for class: org.codehaus.groovy.ast.expr.EmptyExpression>: null

03-03-2025T13:33:02 - [TEST_STEP][PASSED] - ii = <not implemented yet for class: org.codehaus.groovy.ast.expr.EmptyExpression>: null

03-03-2025T13:33:02 - [TEST_STEP][PASSED] - c = <not implemented yet for class: org.codehaus.groovy.ast.expr.EmptyExpression>: null

03-03-2025T13:33:02 - [TEST_STEP][PASSED] - numberOfErrors = 0: null

03-03-2025T13:33:02 - [TEST_STEP][PASSED] - if (a == 82): null

03-03-2025T13:33:02 - [TEST_STEP][PASSED] - b = findTestData("PlanFact").getValue(1, a): null

03-03-2025T13:33:02 - [TEST_STEP][PASSED] - i = b.indexOf(" (ГК)"): null

03-03-2025T13:33:02 - [TEST_STEP][PASSED] - if (i > -1): null

03-03-2025T13:33:02 - [TEST_STEP][PASSED] - i = b.indexOf("О ""): null

03-03-2025T13:33:02 - [TEST_STEP][PASSED] - if (i > -1): null

03-03-2025T13:33:02 - [TEST_STEP][PASSED] - i = b.indexOf("О «"): null

03-03-2025T13:33:02 - [TEST_STEP][PASSED] - if (i > -1): null

03-03-2025T13:33:02 - [TEST_STEP][PASSED] - i = b.indexOf("г. "): null

03-03-2025T13:33:02 - [TEST_STEP][PASSED] - if (i > -1): null

03-03-2025T13:33:02 - [TEST_STEP][PASSED] - b = b.trim(): null

03-03-2025T13:33:02 - [TEST_STEP][PASSED] - println(b): null

03-03-2025T13:33:02 - [TEST_STEP][PASSED] - for ([planFact = 1, planFact < 3, (planFact++)]): Object: 'Object Repository/Выполнение бизнес-плана/Кнопка Факт' is clicked on

03-03-2025T13:33:02 - [TEST_STEP][PASSED] - if (planFact == 1): null

03-03-2025T13:33:02 - [TEST_STEP][PASSED] - typeOfDataMain = "Факт": null

03-03-2025T13:33:02 - [TEST_STEP][PASSED] - otpusk = findTestData("PlanFact").getValue(5, a): null

03-03-2025T13:33:02 - [TEST_STEP][PASSED] - poteri = findTestData("PlanFact").getValue(6, a): null

03-03-2025T13:33:02 - [TEST_STEP][PASSED] - otpusk = otpusk.replaceAll("\s+", ""): null

03-03-2025T13:33:02 - [TEST_STEP][PASSED] - poteri = poteri.replaceAll("\s+", ""): null

03-03-2025T13:33:02 - [TEST_STEP][PASSED] - typeOfData = typeOfDataMain + " Отпуск в сеть": null

03-03-2025T13:33:02 - [TEST_STEP][PASSED] - if (a == 82): null

03-03-2025T13:33:02 - [TEST_STEP][PASSED] - else if (a == 84): null

03-03-2025T13:33:02 - [TEST_STEP][PASSED] - else if (a == 83 || a == 52 || a == 72 || a == 28 || a == 73 || a == 77 || a == 74 || a == 65 || a == 36 || a == 44 || a == 53 || a == 80 || a == 54 || a == 1 || a == 18 || a == 59 || a == 81): null

03-03-2025T13:33:02 - [TEST_STEP][PASSED] - else: null

03-03-2025T13:33:02 - [TEST_STEP][PASSED] - path = dataFolder + typeOfData + " за отчётный период " + b: null

03-03-2025T13:33:02 - [TEST_STEP][PASSED] - println(path): null

03-03-2025T13:33:02 - [TEST_STEP][PASSED] - page = getText(findTestObject(path)): Text of object 'Object Repository/Выполнение бизнес-плана/Значения со страницы Выполнение бизнес-плана/Факт Отпуск в сеть за отчётный период Вологодский филиал' is: '4 657 209'

03-03-2025T13:33:02 - [MESSAGE][PASSED] - Text of object 'Object Repository/Выполнение бизнес-плана/Значения со страницы Выполнение бизнес-плана/Факт Отпуск в сеть за отчётный период Вологодский филиал' is: '4 657 209'

03-03-2025T13:33:02 - [TEST_STEP][PASSED] - if (page == "" || page == null): null

03-03-2025T13:33:02 - [TEST_STEP][PASSED] - else: null

03-03-2025T13:33:02 - [TEST_STEP][PASSED] - page = page.replaceAll("\s+", ""): null

03-03-2025T13:33:02 - [TEST_STEP][PASSED] - fileOtpuskVSet = otpusk.toInteger(): null

03-03-2025T13:33:02 - [TEST_STEP][PASSED] - pageOtpuskVSet = page.toInteger(): null

03-03-2025T13:33:02 - [TEST_STEP][PASSED] - typeOfData = typeOfDataMain + " Потери": null

03-03-2025T13:33:02 - [TEST_STEP][PASSED] - if (a == 82): null

03-03-2025T13:33:02 - [TEST_STEP][PASSED] - else if (a == 84): null

03-03-2025T13:33:02 - [TEST_STEP][PASSED] - else if (a == 83 || a == 52 || a == 72 || a == 28 || a == 73 || a == 77 || a == 74 || a == 65 || a == 44 || a == 53 || a == 80 || a == 54 || a == 1 || a == 18 || a == 59 || a == 81): null

03-03-2025T13:33:02 - [TEST_STEP][PASSED] - else: null

03-03-2025T13:33:02 - [TEST_STEP][PASSED] - path = dataFolder + typeOfData + " за отчётный период " + b: null

03-03-2025T13:33:02 - [TEST_STEP][PASSED] - page = getText(findTestObject(path)): Text of object 'Object Repository/Выполнение бизнес-плана/Значения со страницы Выполнение бизнес-плана/Факт Потери за отчётный период Вологодский филиал' is: '288 457'

03-03-2025T13:33:02 - [MESSAGE][PASSED] - Text of object 'Object Repository/Выполнение бизнес-плана/Значения со страницы Выполнение бизнес-плана/Факт Потери за отчётный период Вологодский филиал' is: '288 457'

03-03-2025T13:33:02 - [TEST_STEP][PASSED] - if (page == "" || page == null): null

03-03-2025T13:33:02 - [TEST_STEP][PASSED] - else: null

03-03-2025T13:33:02 - [TEST_STEP][PASSED] - page = page.replaceAll("\s+", ""): null

03-03-2025T13:33:02 - [TEST_STEP][PASSED] - filePoteri = poteri.toInteger(): null

03-03-2025T13:33:02 - [TEST_STEP][PASSED] - pagePoteri = page.toInteger(): null

03-03-2025T13:33:02 - [TEST_STEP][PASSED] - compare = pageOtpuskVSet: null

03-03-2025T13:33:02 - [TEST_STEP][PASSED] - if (pageOtpuskVSet != null): null

03-03-2025T13:33:02 - [TEST_STEP][PASSED] - if (compare == fileOtpuskVSet): null

03-03-2025T13:33:02 - [TEST_STEP][PASSED] - if (compare == fileOtpuskVSet): null

03-03-2025T13:33:02 - [TEST_STEP][PASSED] - compare = pagePoteri: null

03-03-2025T13:33:02 - [TEST_STEP][PASSED] - if (pageOtpuskVSet != null): null

03-03-2025T13:33:02 - [TEST_STEP][PASSED] - if (compare == filePoteri): null

03-03-2025T13:33:02 - [TEST_STEP][PASSED] - if (compare == filePoteri): null

03-03-2025T13:33:02 - [TEST_STEP][PASSED] - if (planFact == 2): null

03-03-2025T13:33:02 - [TEST_STEP][PASSED] - if (planFact == 1): null

03-03-2025T13:33:02 - [TEST_STEP][PASSED] - else if (planFact == 2): null

03-03-2025T13:33:02 - [TEST_STEP][PASSED] - click(findTestObject("Выполнение бизнес-плана/Кнопка План")): Object: 'Object Repository/Выполнение бизнес-плана/Кнопка План' is clicked on

03-03-2025T13:33:03 - [MESSAGE][PASSED] - Object: 'Object Repository/Выполнение бизнес-плана/Кнопка План' is clicked on

03-03-2025T13:33:03 - [TEST_STEP][PASSED] - typeOfDataMain = "План": null

03-03-2025T13:33:03 - [TEST_STEP][PASSED] - otpusk = findTestData("PlanFact").getValue(2, a): null

03-03-2025T13:33:03 - [TEST_STEP][PASSED] - poteri = findTestData("PlanFact").getValue(3, a): null

03-03-2025T13:33:03 - [TEST_STEP][PASSED] - otpusk = otpusk.replaceAll("\s+", ""): null

03-03-2025T13:33:03 - [TEST_STEP][PASSED] - poteri = poteri.replaceAll("\s+", ""): null

03-03-2025T13:33:03 - [TEST_STEP][PASSED] - typeOfData = typeOfDataMain + " Отпуск в сеть": null

03-03-2025T13:33:03 - [TEST_STEP][PASSED] - if (a == 82): null

03-03-2025T13:33:03 - [TEST_STEP][PASSED] - else if (a == 84): null

03-03-2025T13:33:03 - [TEST_STEP][PASSED] - else if (a == 83 || a == 52 || a == 72 || a == 28 || a == 73 || a == 77 || a == 74 || a == 65 || a == 36 || a == 44 || a == 53 || a == 80 || a == 54 || a == 1 || a == 18 || a == 59 || a == 81): null

03-03-2025T13:33:03 - [TEST_STEP][PASSED] - else: null

03-03-2025T13:33:03 - [TEST_STEP][PASSED] - path = dataFolder + typeOfData + " за отчётный период " + b: null

03-03-2025T13:33:03 - [TEST_STEP][PASSED] - println(path): null

03-03-2025T13:33:03 - [TEST_STEP][PASSED] - page = getText(findTestObject(path)): Text of object 'Object Repository/Выполнение бизнес-плана/Значения со страницы Выполнение бизнес-плана/План Отпуск в сеть за отчётный период Вологодский филиал' is: '4 542 536'

03-03-2025T13:33:03 - [MESSAGE][PASSED] - Text of object 'Object Repository/Выполнение бизнес-плана/Значения со страницы Выполнение бизнес-плана/План Отпуск в сеть за отчётный период Вологодский филиал' is: '4 542 536'

03-03-2025T13:33:03 - [TEST_STEP][PASSED] - if (page == "" || page == null): null

03-03-2025T13:33:03 - [TEST_STEP][PASSED] - else: null

03-03-2025T13:33:03 - [TEST_STEP][PASSED] - page = page.replaceAll("\s+", ""): null

03-03-2025T13:33:03 - [TEST_STEP][PASSED] - fileOtpuskVSet = otpusk.toInteger(): null

03-03-2025T13:33:03 - [TEST_STEP][PASSED] - pageOtpuskVSet = page.toInteger(): null

03-03-2025T13:33:03 - [TEST_STEP][PASSED] - typeOfData = typeOfDataMain + " Потери": null

03-03-2025T13:33:03 - [TEST_STEP][PASSED] - if (a == 82): null

03-03-2025T13:33:03 - [TEST_STEP][PASSED] - else if (a == 84): null

03-03-2025T13:33:03 - [TEST_STEP][PASSED] - else if (a == 83 || a == 52 || a == 72 || a == 28 || a == 73 || a == 77 || a == 74 || a == 65 || a == 44 || a == 53 || a == 80 || a == 54 || a == 1 || a == 18 || a == 59 || a == 81): null

03-03-2025T13:33:03 - [TEST_STEP][PASSED] - else: null

03-03-2025T13:33:03 - [TEST_STEP][PASSED] - path = dataFolder + typeOfData + " за отчётный период " + b: null

03-03-2025T13:33:03 - [TEST_STEP][PASSED] - page = getText(findTestObject(path)): Text of object 'Object Repository/Выполнение бизнес-плана/Значения со страницы Выполнение бизнес-плана/План Потери за отчётный период Вологодский филиал' is: '317 937'

03-03-2025T13:33:03 - [MESSAGE][PASSED] - Text of object 'Object Repository/Выполнение бизнес-плана/Значения со страницы Выполнение бизнес-плана/План Потери за отчётный период Вологодский филиал' is: '317 937'

03-03-2025T13:33:03 - [TEST_STEP][PASSED] - if (page == "" || page == null): null

03-03-2025T13:33:03 - [TEST_STEP][PASSED] - else: null

03-03-2025T13:33:03 - [TEST_STEP][PASSED] - page = page.replaceAll("\s+", ""): null

03-03-2025T13:33:03 - [TEST_STEP][PASSED] - filePoteri = poteri.toInteger(): null

03-03-2025T13:33:03 - [TEST_STEP][PASSED] - pagePoteri = page.toInteger(): null

03-03-2025T13:33:03 - [TEST_STEP][PASSED] - compare = pageOtpuskVSet: null

03-03-2025T13:33:03 - [TEST_STEP][PASSED] - if (pageOtpuskVSet != null): null

03-03-2025T13:33:03 - [TEST_STEP][PASSED] - if (compare == fileOtpuskVSet): null

03-03-2025T13:33:03 - [TEST_STEP][PASSED] - if (compare == fileOtpuskVSet): null

03-03-2025T13:33:03 - [TEST_STEP][PASSED] - compare = pagePoteri: null

03-03-2025T13:33:03 - [TEST_STEP][PASSED] - if (pageOtpuskVSet != null): null

03-03-2025T13:33:03 - [TEST_STEP][PASSED] - if (compare == filePoteri): null

03-03-2025T13:33:03 - [TEST_STEP][PASSED] - if (compare == filePoteri): null

03-03-2025T13:33:03 - [TEST_STEP][PASSED] - if (planFact == 2): Object: 'Object Repository/Выполнение бизнес-плана/Кнопка Факт' is clicked on

03-03-2025T13:33:03 - [TEST_STEP][PASSED] - click(findTestObject("Выполнение бизнес-плана/Кнопка Факт")): Object: 'Object Repository/Выполнение бизнес-плана/Кнопка Факт' is clicked on

03-03-2025T13:33:04 - [MESSAGE][PASSED] - Object: 'Object Repository/Выполнение бизнес-плана/Кнопка Факт' is clicked on

03-03-2025T13:33:04 - [TEST_STEP][PASSED] - println("a=" + a): null

03-03-2025T13:33:04 - [TEST_STEP][PASSED] - if (a == 84 || a == 82): null

03-03-2025T13:33:04 - [TEST_STEP][PASSED] - else if (a == 83 || a == 52 || a == 72 || a == 28 || a == 73 || a == 77 || a == 74 || a == 65 || a == 36 || a == 44 || a == 53 || a == 80 || a == 54 || a == 1 || a == 18 || a == 59 || a == 81): null

03-03-2025T13:33:04 - [TEST_STEP][PASSED] - else: null

03-03-2025T13:33:04 - [TEST_STEP][PASSED] - page1 = getText(findTestObject("Object Repository/Выполнение бизнес-плана/spanPlan" + filialNum)): Text of object 'Object Repository/Выполнение бизнес-плана/spanPlan2' is: '7.00
|'

03-03-2025T13:33:04 - [MESSAGE][PASSED] - Text of object 'Object Repository/Выполнение бизнес-плана/spanPlan2' is: '7.00
|'

03-03-2025T13:33:04 - [TEST_STEP][PASSED] - page1 = page1.replace("|", ""): null

03-03-2025T13:33:04 - [TEST_STEP][PASSED] - page2 = getText(findTestObject("Object Repository/Выполнение бизнес-плана/spanFact" + filialNum)): Text of object 'Object Repository/Выполнение бизнес-плана/spanFact2' is: '6.19
|'

03-03-2025T13:33:04 - [MESSAGE][PASSED] - Text of object 'Object Repository/Выполнение бизнес-плана/spanFact2' is: '6.19
|'

03-03-2025T13:33:04 - [TEST_STEP][PASSED] - page2 = page2.replace("|", ""): null

03-03-2025T13:33:04 - [TEST_STEP][PASSED] - println("page1: " + page1): null

03-03-2025T13:33:04 - [TEST_STEP][PASSED] - println("page2: " + page2): null

03-03-2025T13:33:04 - [TEST_STEP][PASSED] - file = findTestData("PlanFact").getValue(4, a): null

03-03-2025T13:33:04 - [TEST_STEP][PASSED] - file = file.replace(",", "."): null

03-03-2025T13:33:04 - [TEST_STEP][PASSED] - println("file Plan: " + file): null

03-03-2025T13:33:04 - [TEST_STEP][PASSED] - typeOfData = "План в процентах": null

03-03-2025T13:33:04 - [TEST_STEP][PASSED] - fileDouble = file.toDouble(): null

03-03-2025T13:33:04 - [TEST_STEP][PASSED] - pageDouble = page1.toDouble(): null

03-03-2025T13:33:04 - [TEST_STEP][PASSED] - if (fileDouble != pageDouble): null

03-03-2025T13:33:04 - [TEST_STEP][PASSED] - file = findTestData("PlanFact").getValue(7, a): null

03-03-2025T13:33:04 - [TEST_STEP][PASSED] - file = file.replace(",", "."): null

03-03-2025T13:33:04 - [TEST_STEP][PASSED] - println("file Fact: " + file): null

03-03-2025T13:33:04 - [TEST_STEP][PASSED] - fileDouble = file.toDouble(): null

03-03-2025T13:33:04 - [TEST_STEP][PASSED] - typeOfData = "Факт в процентах": null

03-03-2025T13:33:04 - [TEST_STEP][PASSED] - fileDouble = file.toDouble(): null

03-03-2025T13:33:04 - [TEST_STEP][PASSED] - pageDouble = page2.toDouble(): null

03-03-2025T13:33:04 - [TEST_STEP][PASSED] - if (fileDouble != pageDouble): null

03-03-2025T13:33:04 - [TEST_STEP][PASSED] - if (verifyEqual(numberOfErrors, 0) == false): Actual object '0' and expected object '0' are equal

03-03-2025T13:33:05 - [MESSAGE][PASSED] - Actual object '0' and expected object '0' are equal

03-03-2025T13:33:05 - [TEST_STEP][PASSED] - if (a == 82): null

03-03-2025T13:33:05 - [TEST_STEP][PASSED] - dZO = "Карельский филиал": null

03-03-2025T13:33:05 - [TEST_STEP][PASSED] - a = 39: null

03-03-2025T13:33:05 - [TEST_STEP][PASSED] - dzoCut = dZO.substring(0, 10): null

03-03-2025T13:33:05 - [TEST_STEP][PASSED] - if (x2.contains(dzoCut)): null

03-03-2025T13:33:05 - [TEST_STEP][PASSED] - filialNum = filialNum + 1: null

03-03-2025T13:33:05 - [TEST_STEP][PASSED] - Script1718980020443.Numbers(a, typeOfData, todaysDate, pageInt, fileInt, pageDouble, fileDouble, dZO, dzoNum, filialNum): null

03-03-2025T13:33:05 - [TEST_STEP][PASSED] - println(dzoNum): null

03-03-2025T13:33:05 - [TEST_STEP][PASSED] - planFact = <not implemented yet for class: org.codehaus.groovy.ast.expr.EmptyExpression>: null

03-03-2025T13:33:05 - [TEST_STEP][PASSED] - page = <not implemented yet for class: org.codehaus.groovy.ast.expr.EmptyExpression>: null

03-03-2025T13:33:05 - [TEST_STEP][PASSED] - page1 = <not implemented yet for class: org.codehaus.groovy.ast.expr.EmptyExpression>: null

03-03-2025T13:33:05 - [TEST_STEP][PASSED] - page2 = <not implemented yet for class: org.codehaus.groovy.ast.expr.EmptyExpression>: null

03-03-2025T13:33:05 - [TEST_STEP][PASSED] - filialNumberInRow = <not implemented yet for class: org.codehaus.groovy.ast.expr.EmptyExpression>: null

03-03-2025T13:33:05 - [TEST_STEP][PASSED] - filialsDzoNames = <not implemented yet for class: org.codehaus.groovy.ast.expr.EmptyExpression>: null

03-03-2025T13:33:05 - [TEST_STEP][PASSED] - numberOfFilials = <not implemented yet for class: org.codehaus.groovy.ast.expr.EmptyExpression>: null

03-03-2025T13:33:05 - [TEST_STEP][PASSED] - numberOfSpaces = <not implemented yet for class: org.codehaus.groovy.ast.expr.EmptyExpression>: null

03-03-2025T13:33:05 - [TEST_STEP][PASSED] - file = <not implemented yet for class: org.codehaus.groovy.ast.expr.EmptyExpression>: null

03-03-2025T13:33:05 - [TEST_STEP][PASSED] - otpusk = <not implemented yet for class: org.codehaus.groovy.ast.expr.EmptyExpression>: null

03-03-2025T13:33:05 - [TEST_STEP][PASSED] - poteri = <not implemented yet for class: org.codehaus.groovy.ast.expr.EmptyExpression>: null

03-03-2025T13:33:05 - [TEST_STEP][PASSED] - dataFolder = "Выполнение бизнес-плана/Значения со страницы Выполнение бизнес-плана/": null

03-03-2025T13:33:05 - [TEST_STEP][PASSED] - path = <not implemented yet for class: org.codehaus.groovy.ast.expr.EmptyExpression>: null

03-03-2025T13:33:05 - [TEST_STEP][PASSED] - typeOfDataMain = <not implemented yet for class: org.codehaus.groovy.ast.expr.EmptyExpression>: null

03-03-2025T13:33:05 - [TEST_STEP][PASSED] - fileOtpuskVSet = <not implemented yet for class: org.codehaus.groovy.ast.expr.EmptyExpression>: null

03-03-2025T13:33:05 - [TEST_STEP][PASSED] - pageOtpuskVSet = <not implemented yet for class: org.codehaus.groovy.ast.expr.EmptyExpression>: null

03-03-2025T13:33:05 - [TEST_STEP][PASSED] - filePoteri = <not implemented yet for class: org.codehaus.groovy.ast.expr.EmptyExpression>: null

03-03-2025T13:33:05 - [TEST_STEP][PASSED] - pagePoteri = <not implemented yet for class: org.codehaus.groovy.ast.expr.EmptyExpression>: null

03-03-2025T13:33:05 - [TEST_STEP][PASSED] - compare = <not implemented yet for class: org.codehaus.groovy.ast.expr.EmptyExpression>: null

03-03-2025T13:33:05 - [TEST_STEP][PASSED] - b = <not implemented yet for class: org.codehaus.groovy.ast.expr.EmptyExpression>: null

03-03-2025T13:33:05 - [TEST_STEP][PASSED] - i = <not implemented yet for class: org.codehaus.groovy.ast.expr.EmptyExpression>: null

03-03-2025T13:33:05 - [TEST_STEP][PASSED] - ii = <not implemented yet for class: org.codehaus.groovy.ast.expr.EmptyExpression>: null

03-03-2025T13:33:05 - [TEST_STEP][PASSED] - c = <not implemented yet for class: org.codehaus.groovy.ast.expr.EmptyExpression>: null

03-03-2025T13:33:05 - [TEST_STEP][PASSED] - numberOfErrors = 0: null

03-03-2025T13:33:05 - [TEST_STEP][PASSED] - if (a == 82): null

03-03-2025T13:33:05 - [TEST_STEP][PASSED] - b = findTestData("PlanFact").getValue(1, a): null

03-03-2025T13:33:05 - [TEST_STEP][PASSED] - i = b.indexOf(" (ГК)"): null

03-03-2025T13:33:05 - [TEST_STEP][PASSED] - if (i > -1): null

03-03-2025T13:33:05 - [TEST_STEP][PASSED] - i = b.indexOf("О ""): null

03-03-2025T13:33:05 - [TEST_STEP][PASSED] - if (i > -1): null

03-03-2025T13:33:05 - [TEST_STEP][PASSED] - i = b.indexOf("О «"): null

03-03-2025T13:33:05 - [TEST_STEP][PASSED] - if (i > -1): null

03-03-2025T13:33:05 - [TEST_STEP][PASSED] - i = b.indexOf("г. "): null

03-03-2025T13:33:05 - [TEST_STEP][PASSED] - if (i > -1): null

03-03-2025T13:33:05 - [TEST_STEP][PASSED] - b = b.trim(): null

03-03-2025T13:33:05 - [TEST_STEP][PASSED] - println(b): null

03-03-2025T13:33:05 - [TEST_STEP][PASSED] - for ([planFact = 1, planFact < 3, (planFact++)]): Object: 'Object Repository/Выполнение бизнес-плана/Кнопка Факт' is clicked on

03-03-2025T13:33:05 - [TEST_STEP][PASSED] - if (planFact == 1): null

03-03-2025T13:33:05 - [TEST_STEP][PASSED] - typeOfDataMain = "Факт": null

03-03-2025T13:33:05 - [TEST_STEP][PASSED] - otpusk = findTestData("PlanFact").getValue(5, a): null

03-03-2025T13:33:05 - [TEST_STEP][PASSED] - poteri = findTestData("PlanFact").getValue(6, a): null

03-03-2025T13:33:05 - [TEST_STEP][PASSED] - otpusk = otpusk.replaceAll("\s+", ""): null

03-03-2025T13:33:05 - [TEST_STEP][PASSED] - poteri = poteri.replaceAll("\s+", ""): null

03-03-2025T13:33:05 - [TEST_STEP][PASSED] - typeOfData = typeOfDataMain + " Отпуск в сеть": null

03-03-2025T13:33:05 - [TEST_STEP][PASSED] - if (a == 82): null

03-03-2025T13:33:05 - [TEST_STEP][PASSED] - else if (a == 84): null

03-03-2025T13:33:05 - [TEST_STEP][PASSED] - else if (a == 83 || a == 52 || a == 72 || a == 28 || a == 73 || a == 77 || a == 74 || a == 65 || a == 36 || a == 44 || a == 53 || a == 80 || a == 54 || a == 1 || a == 18 || a == 59 || a == 81): null

03-03-2025T13:33:05 - [TEST_STEP][PASSED] - else: null

03-03-2025T13:33:05 - [TEST_STEP][PASSED] - path = dataFolder + typeOfData + " за отчётный период " + b: null

03-03-2025T13:33:05 - [TEST_STEP][PASSED] - println(path): null

03-03-2025T13:33:05 - [TEST_STEP][PASSED] - page = getText(findTestObject(path)): Text of object 'Object Repository/Выполнение бизнес-плана/Значения со страницы Выполнение бизнес-плана/Факт Отпуск в сеть за отчётный период Карельский филиал' is: '4 227 319'

03-03-2025T13:33:05 - [MESSAGE][PASSED] - Text of object 'Object Repository/Выполнение бизнес-плана/Значения со страницы Выполнение бизнес-плана/Факт Отпуск в сеть за отчётный период Карельский филиал' is: '4 227 319'

03-03-2025T13:33:05 - [TEST_STEP][PASSED] - if (page == "" || page == null): null

03-03-2025T13:33:05 - [TEST_STEP][PASSED] - else: null

03-03-2025T13:33:05 - [TEST_STEP][PASSED] - page = page.replaceAll("\s+", ""): null

03-03-2025T13:33:05 - [TEST_STEP][PASSED] - fileOtpuskVSet = otpusk.toInteger(): null

03-03-2025T13:33:05 - [TEST_STEP][PASSED] - pageOtpuskVSet = page.toInteger(): null

03-03-2025T13:33:05 - [TEST_STEP][PASSED] - typeOfData = typeOfDataMain + " Потери": null

03-03-2025T13:33:05 - [TEST_STEP][PASSED] - if (a == 82): null

03-03-2025T13:33:05 - [TEST_STEP][PASSED] - else if (a == 84): null

03-03-2025T13:33:05 - [TEST_STEP][PASSED] - else if (a == 83 || a == 52 || a == 72 || a == 28 || a == 73 || a == 77 || a == 74 || a == 65 || a == 44 || a == 53 || a == 80 || a == 54 || a == 1 || a == 18 || a == 59 || a == 81): null

03-03-2025T13:33:05 - [TEST_STEP][PASSED] - else: null

03-03-2025T13:33:05 - [TEST_STEP][PASSED] - path = dataFolder + typeOfData + " за отчётный период " + b: null

03-03-2025T13:33:05 - [TEST_STEP][PASSED] - page = getText(findTestObject(path)): Text of object 'Object Repository/Выполнение бизнес-плана/Значения со страницы Выполнение бизнес-плана/Факт Потери за отчётный период Карельский филиал' is: '214 085'

03-03-2025T13:33:05 - [MESSAGE][PASSED] - Text of object 'Object Repository/Выполнение бизнес-плана/Значения со страницы Выполнение бизнес-плана/Факт Потери за отчётный период Карельский филиал' is: '214 085'

03-03-2025T13:33:05 - [TEST_STEP][PASSED] - if (page == "" || page == null): null

03-03-2025T13:33:05 - [TEST_STEP][PASSED] - else: null

03-03-2025T13:33:05 - [TEST_STEP][PASSED] - page = page.replaceAll("\s+", ""): null

03-03-2025T13:33:05 - [TEST_STEP][PASSED] - filePoteri = poteri.toInteger(): null

03-03-2025T13:33:05 - [TEST_STEP][PASSED] - pagePoteri = page.toInteger(): null

03-03-2025T13:33:05 - [TEST_STEP][PASSED] - compare = pageOtpuskVSet: null

03-03-2025T13:33:05 - [TEST_STEP][PASSED] - if (pageOtpuskVSet != null): null

03-03-2025T13:33:05 - [TEST_STEP][PASSED] - if (compare == fileOtpuskVSet): null

03-03-2025T13:33:05 - [TEST_STEP][PASSED] - else if (compare > fileOtpuskVSet): null

03-03-2025T13:33:05 - [TEST_STEP][PASSED] - compare = compare - 1: null

03-03-2025T13:33:05 - [TEST_STEP][PASSED] - if (compare == fileOtpuskVSet): null

03-03-2025T13:33:05 - [TEST_STEP][PASSED] - compare = pagePoteri: null

03-03-2025T13:33:05 - [TEST_STEP][PASSED] - if (pageOtpuskVSet != null): null

03-03-2025T13:33:05 - [TEST_STEP][PASSED] - if (compare == filePoteri): null

03-03-2025T13:33:05 - [TEST_STEP][PASSED] - if (compare == filePoteri): null

03-03-2025T13:33:05 - [TEST_STEP][PASSED] - if (planFact == 2): null

03-03-2025T13:33:05 - [TEST_STEP][PASSED] - if (planFact == 1): null

03-03-2025T13:33:05 - [TEST_STEP][PASSED] - else if (planFact == 2): null

03-03-2025T13:33:05 - [TEST_STEP][PASSED] - click(findTestObject("Выполнение бизнес-плана/Кнопка План")): Object: 'Object Repository/Выполнение бизнес-плана/Кнопка План' is clicked on

03-03-2025T13:33:06 - [MESSAGE][PASSED] - Object: 'Object Repository/Выполнение бизнес-плана/Кнопка План' is clicked on

03-03-2025T13:33:06 - [TEST_STEP][PASSED] - typeOfDataMain = "План": null

03-03-2025T13:33:06 - [TEST_STEP][PASSED] - otpusk = findTestData("PlanFact").getValue(2, a): null

03-03-2025T13:33:06 - [TEST_STEP][PASSED] - poteri = findTestData("PlanFact").getValue(3, a): null

03-03-2025T13:33:06 - [TEST_STEP][PASSED] - otpusk = otpusk.replaceAll("\s+", ""): null

03-03-2025T13:33:06 - [TEST_STEP][PASSED] - poteri = poteri.replaceAll("\s+", ""): null

03-03-2025T13:33:06 - [TEST_STEP][PASSED] - typeOfData = typeOfDataMain + " Отпуск в сеть": null

03-03-2025T13:33:06 - [TEST_STEP][PASSED] - if (a == 82): null

03-03-2025T13:33:06 - [TEST_STEP][PASSED] - else if (a == 84): null

03-03-2025T13:33:06 - [TEST_STEP][PASSED] - else if (a == 83 || a == 52 || a == 72 || a == 28 || a == 73 || a == 77 || a == 74 || a == 65 || a == 36 || a == 44 || a == 53 || a == 80 || a == 54 || a == 1 || a == 18 || a == 59 || a == 81): null

03-03-2025T13:33:06 - [TEST_STEP][PASSED] - else: null

03-03-2025T13:33:06 - [TEST_STEP][PASSED] - path = dataFolder + typeOfData + " за отчётный период " + b: null

03-03-2025T13:33:06 - [TEST_STEP][PASSED] - println(path): null

03-03-2025T13:33:06 - [TEST_STEP][PASSED] - page = getText(findTestObject(path)): Text of object 'Object Repository/Выполнение бизнес-плана/Значения со страницы Выполнение бизнес-плана/План Отпуск в сеть за отчётный период Карельский филиал' is: '4 195 576'

03-03-2025T13:33:06 - [MESSAGE][PASSED] - Text of object 'Object Repository/Выполнение бизнес-плана/Значения со страницы Выполнение бизнес-плана/План Отпуск в сеть за отчётный период Карельский филиал' is: '4 195 576'

03-03-2025T13:33:06 - [TEST_STEP][PASSED] - if (page == "" || page == null): null

03-03-2025T13:33:06 - [TEST_STEP][PASSED] - else: null

03-03-2025T13:33:06 - [TEST_STEP][PASSED] - page = page.replaceAll("\s+", ""): null

03-03-2025T13:33:06 - [TEST_STEP][PASSED] - fileOtpuskVSet = otpusk.toInteger(): null

03-03-2025T13:33:06 - [TEST_STEP][PASSED] - pageOtpuskVSet = page.toInteger(): null

03-03-2025T13:33:06 - [TEST_STEP][PASSED] - typeOfData = typeOfDataMain + " Потери": null

03-03-2025T13:33:06 - [TEST_STEP][PASSED] - if (a == 82): null

03-03-2025T13:33:06 - [TEST_STEP][PASSED] - else if (a == 84): null

03-03-2025T13:33:06 - [TEST_STEP][PASSED] - else if (a == 83 || a == 52 || a == 72 || a == 28 || a == 73 || a == 77 || a == 74 || a == 65 || a == 44 || a == 53 || a == 80 || a == 54 || a == 1 || a == 18 || a == 59 || a == 81): null

03-03-2025T13:33:06 - [TEST_STEP][PASSED] - else: null

03-03-2025T13:33:06 - [TEST_STEP][PASSED] - path = dataFolder + typeOfData + " за отчётный период " + b: null

03-03-2025T13:33:06 - [TEST_STEP][PASSED] - page = getText(findTestObject(path)): Text of object 'Object Repository/Выполнение бизнес-плана/Значения со страницы Выполнение бизнес-плана/План Потери за отчётный период Карельский филиал' is: '212 927'

03-03-2025T13:33:06 - [MESSAGE][PASSED] - Text of object 'Object Repository/Выполнение бизнес-плана/Значения со страницы Выполнение бизнес-плана/План Потери за отчётный период Карельский филиал' is: '212 927'

03-03-2025T13:33:06 - [TEST_STEP][PASSED] - if (page == "" || page == null): null

03-03-2025T13:33:06 - [TEST_STEP][PASSED] - else: null

03-03-2025T13:33:06 - [TEST_STEP][PASSED] - page = page.replaceAll("\s+", ""): null

03-03-2025T13:33:06 - [TEST_STEP][PASSED] - filePoteri = poteri.toInteger(): null

03-03-2025T13:33:06 - [TEST_STEP][PASSED] - pagePoteri = page.toInteger(): null

03-03-2025T13:33:06 - [TEST_STEP][PASSED] - compare = pageOtpuskVSet: null

03-03-2025T13:33:06 - [TEST_STEP][PASSED] - if (pageOtpuskVSet != null): null

03-03-2025T13:33:06 - [TEST_STEP][PASSED] - if (compare == fileOtpuskVSet): null

03-03-2025T13:33:06 - [TEST_STEP][PASSED] - if (compare == fileOtpuskVSet): null

03-03-2025T13:33:06 - [TEST_STEP][PASSED] - compare = pagePoteri: null

03-03-2025T13:33:06 - [TEST_STEP][PASSED] - if (pageOtpuskVSet != null): null

03-03-2025T13:33:06 - [TEST_STEP][PASSED] - if (compare == filePoteri): null

03-03-2025T13:33:06 - [TEST_STEP][PASSED] - if (compare == filePoteri): null

03-03-2025T13:33:06 - [TEST_STEP][PASSED] - if (planFact == 2): Object: 'Object Repository/Выполнение бизнес-плана/Кнопка Факт' is clicked on

03-03-2025T13:33:06 - [TEST_STEP][PASSED] - click(findTestObject("Выполнение бизнес-плана/Кнопка Факт")): Object: 'Object Repository/Выполнение бизнес-плана/Кнопка Факт' is clicked on

03-03-2025T13:33:07 - [MESSAGE][PASSED] - Object: 'Object Repository/Выполнение бизнес-плана/Кнопка Факт' is clicked on

03-03-2025T13:33:07 - [TEST_STEP][PASSED] - println("a=" + a): null

03-03-2025T13:33:07 - [TEST_STEP][PASSED] - if (a == 84 || a == 82): null

03-03-2025T13:33:07 - [TEST_STEP][PASSED] - else if (a == 83 || a == 52 || a == 72 || a == 28 || a == 73 || a == 77 || a == 74 || a == 65 || a == 36 || a == 44 || a == 53 || a == 80 || a == 54 || a == 1 || a == 18 || a == 59 || a == 81): null

03-03-2025T13:33:07 - [TEST_STEP][PASSED] - else: null

03-03-2025T13:33:07 - [TEST_STEP][PASSED] - page1 = getText(findTestObject("Object Repository/Выполнение бизнес-плана/spanPlan" + filialNum)): Text of object 'Object Repository/Выполнение бизнес-плана/spanPlan3' is: '5.08
|'

03-03-2025T13:33:07 - [MESSAGE][PASSED] - Text of object 'Object Repository/Выполнение бизнес-плана/spanPlan3' is: '5.08
|'

03-03-2025T13:33:07 - [TEST_STEP][PASSED] - page1 = page1.replace("|", ""): null

03-03-2025T13:33:07 - [TEST_STEP][PASSED] - page2 = getText(findTestObject("Object Repository/Выполнение бизнес-плана/spanFact" + filialNum)): Text of object 'Object Repository/Выполнение бизнес-плана/spanFact3' is: '5.06
|'

03-03-2025T13:33:07 - [MESSAGE][PASSED] - Text of object 'Object Repository/Выполнение бизнес-плана/spanFact3' is: '5.06
|'

03-03-2025T13:33:07 - [TEST_STEP][PASSED] - page2 = page2.replace("|", ""): null

03-03-2025T13:33:07 - [TEST_STEP][PASSED] - println("page1: " + page1): null

03-03-2025T13:33:07 - [TEST_STEP][PASSED] - println("page2: " + page2): null

03-03-2025T13:33:07 - [TEST_STEP][PASSED] - file = findTestData("PlanFact").getValue(4, a): null

03-03-2025T13:33:07 - [TEST_STEP][PASSED] - file = file.replace(",", "."): null

03-03-2025T13:33:07 - [TEST_STEP][PASSED] - println("file Plan: " + file): null

03-03-2025T13:33:07 - [TEST_STEP][PASSED] - typeOfData = "План в процентах": null

03-03-2025T13:33:07 - [TEST_STEP][PASSED] - fileDouble = file.toDouble(): null

03-03-2025T13:33:07 - [TEST_STEP][PASSED] - pageDouble = page1.toDouble(): null

03-03-2025T13:33:07 - [TEST_STEP][PASSED] - if (fileDouble != pageDouble): null

03-03-2025T13:33:07 - [TEST_STEP][PASSED] - file = findTestData("PlanFact").getValue(7, a): null

03-03-2025T13:33:07 - [TEST_STEP][PASSED] - file = file.replace(",", "."): null

03-03-2025T13:33:07 - [TEST_STEP][PASSED] - println("file Fact: " + file): null

03-03-2025T13:33:07 - [TEST_STEP][PASSED] - fileDouble = file.toDouble(): null

03-03-2025T13:33:07 - [TEST_STEP][PASSED] - typeOfData = "Факт в процентах": null

03-03-2025T13:33:07 - [TEST_STEP][PASSED] - fileDouble = file.toDouble(): null

03-03-2025T13:33:07 - [TEST_STEP][PASSED] - pageDouble = page2.toDouble(): null

03-03-2025T13:33:07 - [TEST_STEP][PASSED] - if (fileDouble != pageDouble): null

03-03-2025T13:33:07 - [TEST_STEP][PASSED] - if (verifyEqual(numberOfErrors, 0) == false): Actual object '0' and expected object '0' are equal

03-03-2025T13:33:07 - [MESSAGE][PASSED] - Actual object '0' and expected object '0' are equal

03-03-2025T13:33:07 - [TEST_STEP][PASSED] - if (a == 82): null

03-03-2025T13:33:07 - [TEST_STEP][PASSED] - dZO = "Мурманский филиал": null

03-03-2025T13:33:07 - [TEST_STEP][PASSED] - a = 40: null

03-03-2025T13:33:07 - [TEST_STEP][PASSED] - dzoCut = dZO.substring(0, 10): null

03-03-2025T13:33:07 - [TEST_STEP][PASSED] - if (x2.contains(dzoCut)): null

03-03-2025T13:33:07 - [TEST_STEP][PASSED] - filialNum = filialNum + 1: null

03-03-2025T13:33:07 - [TEST_STEP][PASSED] - Script1718980020443.Numbers(a, typeOfData, todaysDate, pageInt, fileInt, pageDouble, fileDouble, dZO, dzoNum, filialNum): null

03-03-2025T13:33:07 - [TEST_STEP][PASSED] - println(dzoNum): null

03-03-2025T13:33:07 - [TEST_STEP][PASSED] - planFact = <not implemented yet for class: org.codehaus.groovy.ast.expr.EmptyExpression>: null

03-03-2025T13:33:07 - [TEST_STEP][PASSED] - page = <not implemented yet for class: org.codehaus.groovy.ast.expr.EmptyExpression>: null

03-03-2025T13:33:07 - [TEST_STEP][PASSED] - page1 = <not implemented yet for class: org.codehaus.groovy.ast.expr.EmptyExpression>: null

03-03-2025T13:33:07 - [TEST_STEP][PASSED] - page2 = <not implemented yet for class: org.codehaus.groovy.ast.expr.EmptyExpression>: null

03-03-2025T13:33:07 - [TEST_STEP][PASSED] - filialNumberInRow = <not implemented yet for class: org.codehaus.groovy.ast.expr.EmptyExpression>: null

03-03-2025T13:33:07 - [TEST_STEP][PASSED] - filialsDzoNames = <not implemented yet for class: org.codehaus.groovy.ast.expr.EmptyExpression>: null

03-03-2025T13:33:07 - [TEST_STEP][PASSED] - numberOfFilials = <not implemented yet for class: org.codehaus.groovy.ast.expr.EmptyExpression>: null

03-03-2025T13:33:07 - [TEST_STEP][PASSED] - numberOfSpaces = <not implemented yet for class: org.codehaus.groovy.ast.expr.EmptyExpression>: null

03-03-2025T13:33:07 - [TEST_STEP][PASSED] - file = <not implemented yet for class: org.codehaus.groovy.ast.expr.EmptyExpression>: null

03-03-2025T13:33:07 - [TEST_STEP][PASSED] - otpusk = <not implemented yet for class: org.codehaus.groovy.ast.expr.EmptyExpression>: null

03-03-2025T13:33:07 - [TEST_STEP][PASSED] - poteri = <not implemented yet for class: org.codehaus.groovy.ast.expr.EmptyExpression>: null

03-03-2025T13:33:07 - [TEST_STEP][PASSED] - dataFolder = "Выполнение бизнес-плана/Значения со страницы Выполнение бизнес-плана/": null

03-03-2025T13:33:07 - [TEST_STEP][PASSED] - path = <not implemented yet for class: org.codehaus.groovy.ast.expr.EmptyExpression>: null

03-03-2025T13:33:07 - [TEST_STEP][PASSED] - typeOfDataMain = <not implemented yet for class: org.codehaus.groovy.ast.expr.EmptyExpression>: null

03-03-2025T13:33:07 - [TEST_STEP][PASSED] - fileOtpuskVSet = <not implemented yet for class: org.codehaus.groovy.ast.expr.EmptyExpression>: null

03-03-2025T13:33:07 - [TEST_STEP][PASSED] - pageOtpuskVSet = <not implemented yet for class: org.codehaus.groovy.ast.expr.EmptyExpression>: null

03-03-2025T13:33:07 - [TEST_STEP][PASSED] - filePoteri = <not implemented yet for class: org.codehaus.groovy.ast.expr.EmptyExpression>: null

03-03-2025T13:33:07 - [TEST_STEP][PASSED] - pagePoteri = <not implemented yet for class: org.codehaus.groovy.ast.expr.EmptyExpression>: null

03-03-2025T13:33:07 - [TEST_STEP][PASSED] - compare = <not implemented yet for class: org.codehaus.groovy.ast.expr.EmptyExpression>: null

03-03-2025T13:33:07 - [TEST_STEP][PASSED] - b = <not implemented yet for class: org.codehaus.groovy.ast.expr.EmptyExpression>: null

03-03-2025T13:33:07 - [TEST_STEP][PASSED] - i = <not implemented yet for class: org.codehaus.groovy.ast.expr.EmptyExpression>: null

03-03-2025T13:33:07 - [TEST_STEP][PASSED] - ii = <not implemented yet for class: org.codehaus.groovy.ast.expr.EmptyExpression>: null

03-03-2025T13:33:07 - [TEST_STEP][PASSED] - c = <not implemented yet for class: org.codehaus.groovy.ast.expr.EmptyExpression>: null

03-03-2025T13:33:07 - [TEST_STEP][PASSED] - numberOfErrors = 0: null

03-03-2025T13:33:07 - [TEST_STEP][PASSED] - if (a == 82): null

03-03-2025T13:33:07 - [TEST_STEP][PASSED] - b = findTestData("PlanFact").getValue(1, a): null

03-03-2025T13:33:07 - [TEST_STEP][PASSED] - i = b.indexOf(" (ГК)"): null

03-03-2025T13:33:07 - [TEST_STEP][PASSED] - if (i > -1): null

03-03-2025T13:33:07 - [TEST_STEP][PASSED] - i = b.indexOf("О ""): null

03-03-2025T13:33:07 - [TEST_STEP][PASSED] - if (i > -1): null

03-03-2025T13:33:07 - [TEST_STEP][PASSED] - i = b.indexOf("О «"): null

03-03-2025T13:33:07 - [TEST_STEP][PASSED] - if (i > -1): null

03-03-2025T13:33:07 - [TEST_STEP][PASSED] - i = b.indexOf("г. "): null

03-03-2025T13:33:07 - [TEST_STEP][PASSED] - if (i > -1): null

03-03-2025T13:33:07 - [TEST_STEP][PASSED] - b = b.trim(): null

03-03-2025T13:33:07 - [TEST_STEP][PASSED] - println(b): null

03-03-2025T13:33:07 - [TEST_STEP][PASSED] - for ([planFact = 1, planFact < 3, (planFact++)]): Object: 'Object Repository/Выполнение бизнес-плана/Кнопка Факт' is clicked on

03-03-2025T13:33:07 - [TEST_STEP][PASSED] - if (planFact == 1): null

03-03-2025T13:33:07 - [TEST_STEP][PASSED] - typeOfDataMain = "Факт": null

03-03-2025T13:33:07 - [TEST_STEP][PASSED] - otpusk = findTestData("PlanFact").getValue(5, a): null

03-03-2025T13:33:07 - [TEST_STEP][PASSED] - poteri = findTestData("PlanFact").getValue(6, a): null

03-03-2025T13:33:07 - [TEST_STEP][PASSED] - otpusk = otpusk.replaceAll("\s+", ""): null

03-03-2025T13:33:07 - [TEST_STEP][PASSED] - poteri = poteri.replaceAll("\s+", ""): null

03-03-2025T13:33:07 - [TEST_STEP][PASSED] - typeOfData = typeOfDataMain + " Отпуск в сеть": null

03-03-2025T13:33:07 - [TEST_STEP][PASSED] - if (a == 82): null

03-03-2025T13:33:07 - [TEST_STEP][PASSED] - else if (a == 84): null

03-03-2025T13:33:07 - [TEST_STEP][PASSED] - else if (a == 83 || a == 52 || a == 72 || a == 28 || a == 73 || a == 77 || a == 74 || a == 65 || a == 36 || a == 44 || a == 53 || a == 80 || a == 54 || a == 1 || a == 18 || a == 59 || a == 81): null

03-03-2025T13:33:07 - [TEST_STEP][PASSED] - else: null

03-03-2025T13:33:07 - [TEST_STEP][PASSED] - path = dataFolder + typeOfData + " за отчётный период " + b: null

03-03-2025T13:33:07 - [TEST_STEP][PASSED] - println(path): null

03-03-2025T13:33:07 - [TEST_STEP][PASSED] - page = getText(findTestObject(path)): Text of object 'Object Repository/Выполнение бизнес-плана/Значения со страницы Выполнение бизнес-плана/Факт Отпуск в сеть за отчётный период Мурманский филиал' is: '10 511 171'

03-03-2025T13:33:08 - [MESSAGE][PASSED] - Text of object 'Object Repository/Выполнение бизнес-плана/Значения со страницы Выполнение бизнес-плана/Факт Отпуск в сеть за отчётный период Мурманский филиал' is: '10 511 171'

03-03-2025T13:33:08 - [TEST_STEP][PASSED] - if (page == "" || page == null): null

03-03-2025T13:33:08 - [TEST_STEP][PASSED] - else: null

03-03-2025T13:33:08 - [TEST_STEP][PASSED] - page = page.replaceAll("\s+", ""): null

03-03-2025T13:33:08 - [TEST_STEP][PASSED] - fileOtpuskVSet = otpusk.toInteger(): null

03-03-2025T13:33:08 - [TEST_STEP][PASSED] - pageOtpuskVSet = page.toInteger(): null

03-03-2025T13:33:08 - [TEST_STEP][PASSED] - typeOfData = typeOfDataMain + " Потери": null

03-03-2025T13:33:08 - [TEST_STEP][PASSED] - if (a == 82): null

03-03-2025T13:33:08 - [TEST_STEP][PASSED] - else if (a == 84): null

03-03-2025T13:33:08 - [TEST_STEP][PASSED] - else if (a == 83 || a == 52 || a == 72 || a == 28 || a == 73 || a == 77 || a == 74 || a == 65 || a == 44 || a == 53 || a == 80 || a == 54 || a == 1 || a == 18 || a == 59 || a == 81): null

03-03-2025T13:33:08 - [TEST_STEP][PASSED] - else: null

03-03-2025T13:33:08 - [TEST_STEP][PASSED] - path = dataFolder + typeOfData + " за отчётный период " + b: null

03-03-2025T13:33:08 - [TEST_STEP][PASSED] - page = getText(findTestObject(path)): Text of object 'Object Repository/Выполнение бизнес-плана/Значения со страницы Выполнение бизнес-плана/Факт Потери за отчётный период Мурманский филиал' is: '352 257'

03-03-2025T13:33:08 - [MESSAGE][PASSED] - Text of object 'Object Repository/Выполнение бизнес-плана/Значения со страницы Выполнение бизнес-плана/Факт Потери за отчётный период Мурманский филиал' is: '352 257'

03-03-2025T13:33:08 - [TEST_STEP][PASSED] - if (page == "" || page == null): null

03-03-2025T13:33:08 - [TEST_STEP][PASSED] - else: null

03-03-2025T13:33:08 - [TEST_STEP][PASSED] - page = page.replaceAll("\s+", ""): null

03-03-2025T13:33:08 - [TEST_STEP][PASSED] - filePoteri = poteri.toInteger(): null

03-03-2025T13:33:08 - [TEST_STEP][PASSED] - pagePoteri = page.toInteger(): null

03-03-2025T13:33:08 - [TEST_STEP][PASSED] - compare = pageOtpuskVSet: null

03-03-2025T13:33:08 - [TEST_STEP][PASSED] - if (pageOtpuskVSet != null): null

03-03-2025T13:33:08 - [TEST_STEP][PASSED] - if (compare == fileOtpuskVSet): null

03-03-2025T13:33:08 - [TEST_STEP][PASSED] - if (compare == fileOtpuskVSet): null

03-03-2025T13:33:08 - [TEST_STEP][PASSED] - compare = pagePoteri: null

03-03-2025T13:33:08 - [TEST_STEP][PASSED] - if (pageOtpuskVSet != null): null

03-03-2025T13:33:08 - [TEST_STEP][PASSED] - if (compare == filePoteri): null

03-03-2025T13:33:08 - [TEST_STEP][PASSED] - if (compare == filePoteri): null

03-03-2025T13:33:08 - [TEST_STEP][PASSED] - if (planFact == 2): null

03-03-2025T13:33:08 - [TEST_STEP][PASSED] - if (planFact == 1): null

03-03-2025T13:33:08 - [TEST_STEP][PASSED] - else if (planFact == 2): null

03-03-2025T13:33:08 - [TEST_STEP][PASSED] - click(findTestObject("Выполнение бизнес-плана/Кнопка План")): Object: 'Object Repository/Выполнение бизнес-плана/Кнопка План' is clicked on

03-03-2025T13:33:08 - [MESSAGE][PASSED] - Object: 'Object Repository/Выполнение бизнес-плана/Кнопка План' is clicked on

03-03-2025T13:33:08 - [TEST_STEP][PASSED] - typeOfDataMain = "План": null

03-03-2025T13:33:08 - [TEST_STEP][PASSED] - otpusk = findTestData("PlanFact").getValue(2, a): null

03-03-2025T13:33:09 - [TEST_STEP][PASSED] - poteri = findTestData("PlanFact").getValue(3, a): null

03-03-2025T13:33:09 - [TEST_STEP][PASSED] - otpusk = otpusk.replaceAll("\s+", ""): null

03-03-2025T13:33:09 - [TEST_STEP][PASSED] - poteri = poteri.replaceAll("\s+", ""): null

03-03-2025T13:33:09 - [TEST_STEP][PASSED] - typeOfData = typeOfDataMain + " Отпуск в сеть": null

03-03-2025T13:33:09 - [TEST_STEP][PASSED] - if (a == 82): null

03-03-2025T13:33:09 - [TEST_STEP][PASSED] - else if (a == 84): null

03-03-2025T13:33:09 - [TEST_STEP][PASSED] - else if (a == 83 || a == 52 || a == 72 || a == 28 || a == 73 || a == 77 || a == 74 || a == 65 || a == 36 || a == 44 || a == 53 || a == 80 || a == 54 || a == 1 || a == 18 || a == 59 || a == 81): null

03-03-2025T13:33:09 - [TEST_STEP][PASSED] - else: null

03-03-2025T13:33:09 - [TEST_STEP][PASSED] - path = dataFolder + typeOfData + " за отчётный период " + b: null

03-03-2025T13:33:09 - [TEST_STEP][PASSED] - println(path): null

03-03-2025T13:33:09 - [TEST_STEP][PASSED] - page = getText(findTestObject(path)): Text of object 'Object Repository/Выполнение бизнес-плана/Значения со страницы Выполнение бизнес-плана/План Отпуск в сеть за отчётный период Мурманский филиал' is: '10 427 186'

03-03-2025T13:33:09 - [MESSAGE][PASSED] - Text of object 'Object Repository/Выполнение бизнес-плана/Значения со страницы Выполнение бизнес-плана/План Отпуск в сеть за отчётный период Мурманский филиал' is: '10 427 186'

03-03-2025T13:33:09 - [TEST_STEP][PASSED] - if (page == "" || page == null): null

03-03-2025T13:33:09 - [TEST_STEP][PASSED] - else: null

03-03-2025T13:33:09 - [TEST_STEP][PASSED] - page = page.replaceAll("\s+", ""): null

03-03-2025T13:33:09 - [TEST_STEP][PASSED] - fileOtpuskVSet = otpusk.toInteger(): null

03-03-2025T13:33:09 - [TEST_STEP][PASSED] - pageOtpuskVSet = page.toInteger(): null

03-03-2025T13:33:09 - [TEST_STEP][PASSED] - typeOfData = typeOfDataMain + " Потери": null

03-03-2025T13:33:09 - [TEST_STEP][PASSED] - if (a == 82): null

03-03-2025T13:33:09 - [TEST_STEP][PASSED] - else if (a == 84): null

03-03-2025T13:33:09 - [TEST_STEP][PASSED] - else if (a == 83 || a == 52 || a == 72 || a == 28 || a == 73 || a == 77 || a == 74 || a == 65 || a == 44 || a == 53 || a == 80 || a == 54 || a == 1 || a == 18 || a == 59 || a == 81): null

03-03-2025T13:33:09 - [TEST_STEP][PASSED] - else: null

03-03-2025T13:33:09 - [TEST_STEP][PASSED] - path = dataFolder + typeOfData + " за отчётный период " + b: null

03-03-2025T13:33:09 - [TEST_STEP][PASSED] - page = getText(findTestObject(path)): Text of object 'Object Repository/Выполнение бизнес-плана/Значения со страницы Выполнение бизнес-плана/План Потери за отчётный период Мурманский филиал' is: '397 727'

03-03-2025T13:33:09 - [MESSAGE][PASSED] - Text of object 'Object Repository/Выполнение бизнес-плана/Значения со страницы Выполнение бизнес-плана/План Потери за отчётный период Мурманский филиал' is: '397 727'

03-03-2025T13:33:09 - [TEST_STEP][PASSED] - if (page == "" || page == null): null

03-03-2025T13:33:09 - [TEST_STEP][PASSED] - else: null

03-03-2025T13:33:09 - [TEST_STEP][PASSED] - page = page.replaceAll("\s+", ""): null

03-03-2025T13:33:09 - [TEST_STEP][PASSED] - filePoteri = poteri.toInteger(): null

03-03-2025T13:33:09 - [TEST_STEP][PASSED] - pagePoteri = page.toInteger(): null

03-03-2025T13:33:09 - [TEST_STEP][PASSED] - compare = pageOtpuskVSet: null

03-03-2025T13:33:09 - [TEST_STEP][PASSED] - if (pageOtpuskVSet != null): null

03-03-2025T13:33:09 - [TEST_STEP][PASSED] - if (compare == fileOtpuskVSet): null

03-03-2025T13:33:09 - [TEST_STEP][PASSED] - if (compare == fileOtpuskVSet): null

03-03-2025T13:33:09 - [TEST_STEP][PASSED] - compare = pagePoteri: null

03-03-2025T13:33:09 - [TEST_STEP][PASSED] - if (pageOtpuskVSet != null): null

03-03-2025T13:33:09 - [TEST_STEP][PASSED] - if (compare == filePoteri): null

03-03-2025T13:33:09 - [TEST_STEP][PASSED] - if (compare == filePoteri): null

03-03-2025T13:33:09 - [TEST_STEP][PASSED] - if (planFact == 2): Object: 'Object Repository/Выполнение бизнес-плана/Кнопка Факт' is clicked on

03-03-2025T13:33:09 - [TEST_STEP][PASSED] - click(findTestObject("Выполнение бизнес-плана/Кнопка Факт")): Object: 'Object Repository/Выполнение бизнес-плана/Кнопка Факт' is clicked on

03-03-2025T13:33:09 - [MESSAGE][PASSED] - Object: 'Object Repository/Выполнение бизнес-плана/Кнопка Факт' is clicked on

03-03-2025T13:33:09 - [TEST_STEP][PASSED] - println("a=" + a): null

03-03-2025T13:33:09 - [TEST_STEP][PASSED] - if (a == 84 || a == 82): null

03-03-2025T13:33:09 - [TEST_STEP][PASSED] - else if (a == 83 || a == 52 || a == 72 || a == 28 || a == 73 || a == 77 || a == 74 || a == 65 || a == 36 || a == 44 || a == 53 || a == 80 || a == 54 || a == 1 || a == 18 || a == 59 || a == 81): null

03-03-2025T13:33:09 - [TEST_STEP][PASSED] - else: null

03-03-2025T13:33:09 - [TEST_STEP][PASSED] - page1 = getText(findTestObject("Object Repository/Выполнение бизнес-плана/spanPlan" + filialNum)): Text of object 'Object Repository/Выполнение бизнес-плана/spanPlan4' is: '3.81
|'

03-03-2025T13:33:10 - [MESSAGE][PASSED] - Text of object 'Object Repository/Выполнение бизнес-плана/spanPlan4' is: '3.81
|'

03-03-2025T13:33:10 - [TEST_STEP][PASSED] - page1 = page1.replace("|", ""): null

03-03-2025T13:33:10 - [TEST_STEP][PASSED] - page2 = getText(findTestObject("Object Repository/Выполнение бизнес-плана/spanFact" + filialNum)): Text of object 'Object Repository/Выполнение бизнес-плана/spanFact4' is: '3.35
|'

03-03-2025T13:33:10 - [MESSAGE][PASSED] - Text of object 'Object Repository/Выполнение бизнес-плана/spanFact4' is: '3.35
|'

03-03-2025T13:33:10 - [TEST_STEP][PASSED] - page2 = page2.replace("|", ""): null

03-03-2025T13:33:10 - [TEST_STEP][PASSED] - println("page1: " + page1): null

03-03-2025T13:33:10 - [TEST_STEP][PASSED] - println("page2: " + page2): null

03-03-2025T13:33:10 - [TEST_STEP][PASSED] - file = findTestData("PlanFact").getValue(4, a): null

03-03-2025T13:33:10 - [TEST_STEP][PASSED] - file = file.replace(",", "."): null

03-03-2025T13:33:10 - [TEST_STEP][PASSED] - println("file Plan: " + file): null

03-03-2025T13:33:10 - [TEST_STEP][PASSED] - typeOfData = "План в процентах": null

03-03-2025T13:33:10 - [TEST_STEP][PASSED] - fileDouble = file.toDouble(): null

03-03-2025T13:33:10 - [TEST_STEP][PASSED] - pageDouble = page1.toDouble(): null

03-03-2025T13:33:10 - [TEST_STEP][PASSED] - if (fileDouble != pageDouble): null

03-03-2025T13:33:10 - [TEST_STEP][PASSED] - file = findTestData("PlanFact").getValue(7, a): null

03-03-2025T13:33:10 - [TEST_STEP][PASSED] - file = file.replace(",", "."): null

03-03-2025T13:33:10 - [TEST_STEP][PASSED] - println("file Fact: " + file): null

03-03-2025T13:33:10 - [TEST_STEP][PASSED] - fileDouble = file.toDouble(): null

03-03-2025T13:33:10 - [TEST_STEP][PASSED] - typeOfData = "Факт в процентах": null

03-03-2025T13:33:10 - [TEST_STEP][PASSED] - fileDouble = file.toDouble(): null

03-03-2025T13:33:10 - [TEST_STEP][PASSED] - pageDouble = page2.toDouble(): null

03-03-2025T13:33:10 - [TEST_STEP][PASSED] - if (fileDouble != pageDouble): null

03-03-2025T13:33:10 - [TEST_STEP][PASSED] - if (verifyEqual(numberOfErrors, 0) == false): Actual object '0' and expected object '0' are equal

03-03-2025T13:33:10 - [MESSAGE][PASSED] - Actual object '0' and expected object '0' are equal

03-03-2025T13:33:10 - [TEST_STEP][PASSED] - if (a == 82): null

03-03-2025T13:33:10 - [TEST_STEP][PASSED] - dZO = "Новгородский филиал": null

03-03-2025T13:33:10 - [TEST_STEP][PASSED] - a = 42: null

03-03-2025T13:33:10 - [TEST_STEP][PASSED] - dzoCut = dZO.substring(0, 10): null

03-03-2025T13:33:10 - [TEST_STEP][PASSED] - if (x2.contains(dzoCut)): null

03-03-2025T13:33:10 - [TEST_STEP][PASSED] - filialNum = filialNum + 1: null

03-03-2025T13:33:10 - [TEST_STEP][PASSED] - Script1718980020443.Numbers(a, typeOfData, todaysDate, pageInt, fileInt, pageDouble, fileDouble, dZO, dzoNum, filialNum): null

03-03-2025T13:33:10 - [TEST_STEP][PASSED] - println(dzoNum): null

03-03-2025T13:33:10 - [TEST_STEP][PASSED] - planFact = <not implemented yet for class: org.codehaus.groovy.ast.expr.EmptyExpression>: null

03-03-2025T13:33:10 - [TEST_STEP][PASSED] - page = <not implemented yet for class: org.codehaus.groovy.ast.expr.EmptyExpression>: null

03-03-2025T13:33:10 - [TEST_STEP][PASSED] - page1 = <not implemented yet for class: org.codehaus.groovy.ast.expr.EmptyExpression>: null

03-03-2025T13:33:10 - [TEST_STEP][PASSED] - page2 = <not implemented yet for class: org.codehaus.groovy.ast.expr.EmptyExpression>: null

03-03-2025T13:33:10 - [TEST_STEP][PASSED] - filialNumberInRow = <not implemented yet for class: org.codehaus.groovy.ast.expr.EmptyExpression>: null

03-03-2025T13:33:10 - [TEST_STEP][PASSED] - filialsDzoNames = <not implemented yet for class: org.codehaus.groovy.ast.expr.EmptyExpression>: null

03-03-2025T13:33:10 - [TEST_STEP][PASSED] - numberOfFilials = <not implemented yet for class: org.codehaus.groovy.ast.expr.EmptyExpression>: null

03-03-2025T13:33:10 - [TEST_STEP][PASSED] - numberOfSpaces = <not implemented yet for class: org.codehaus.groovy.ast.expr.EmptyExpression>: null

03-03-2025T13:33:10 - [TEST_STEP][PASSED] - file = <not implemented yet for class: org.codehaus.groovy.ast.expr.EmptyExpression>: null

03-03-2025T13:33:10 - [TEST_STEP][PASSED] - otpusk = <not implemented yet for class: org.codehaus.groovy.ast.expr.EmptyExpression>: null

03-03-2025T13:33:10 - [TEST_STEP][PASSED] - poteri = <not implemented yet for class: org.codehaus.groovy.ast.expr.EmptyExpression>: null

03-03-2025T13:33:10 - [TEST_STEP][PASSED] - dataFolder = "Выполнение бизнес-плана/Значения со страницы Выполнение бизнес-плана/": null

03-03-2025T13:33:10 - [TEST_STEP][PASSED] - path = <not implemented yet for class: org.codehaus.groovy.ast.expr.EmptyExpression>: null

03-03-2025T13:33:10 - [TEST_STEP][PASSED] - typeOfDataMain = <not implemented yet for class: org.codehaus.groovy.ast.expr.EmptyExpression>: null

03-03-2025T13:33:10 - [TEST_STEP][PASSED] - fileOtpuskVSet = <not implemented yet for class: org.codehaus.groovy.ast.expr.EmptyExpression>: null

03-03-2025T13:33:10 - [TEST_STEP][PASSED] - pageOtpuskVSet = <not implemented yet for class: org.codehaus.groovy.ast.expr.EmptyExpression>: null

03-03-2025T13:33:10 - [TEST_STEP][PASSED] - filePoteri = <not implemented yet for class: org.codehaus.groovy.ast.expr.EmptyExpression>: null

03-03-2025T13:33:10 - [TEST_STEP][PASSED] - pagePoteri = <not implemented yet for class: org.codehaus.groovy.ast.expr.EmptyExpression>: null

03-03-2025T13:33:10 - [TEST_STEP][PASSED] - compare = <not implemented yet for class: org.codehaus.groovy.ast.expr.EmptyExpression>: null

03-03-2025T13:33:10 - [TEST_STEP][PASSED] - b = <not implemented yet for class: org.codehaus.groovy.ast.expr.EmptyExpression>: null

03-03-2025T13:33:10 - [TEST_STEP][PASSED] - i = <not implemented yet for class: org.codehaus.groovy.ast.expr.EmptyExpression>: null

03-03-2025T13:33:10 - [TEST_STEP][PASSED] - ii = <not implemented yet for class: org.codehaus.groovy.ast.expr.EmptyExpression>: null

03-03-2025T13:33:10 - [TEST_STEP][PASSED] - c = <not implemented yet for class: org.codehaus.groovy.ast.expr.EmptyExpression>: null

03-03-2025T13:33:10 - [TEST_STEP][PASSED] - numberOfErrors = 0: null

03-03-2025T13:33:10 - [TEST_STEP][PASSED] - if (a == 82): null

03-03-2025T13:33:10 - [TEST_STEP][PASSED] - b = findTestData("PlanFact").getValue(1, a): null

03-03-2025T13:33:10 - [TEST_STEP][PASSED] - i = b.indexOf(" (ГК)"): null

03-03-2025T13:33:10 - [TEST_STEP][PASSED] - if (i > -1): null

03-03-2025T13:33:10 - [TEST_STEP][PASSED] - i = b.indexOf("О ""): null

03-03-2025T13:33:10 - [TEST_STEP][PASSED] - if (i > -1): null

03-03-2025T13:33:10 - [TEST_STEP][PASSED] - i = b.indexOf("О «"): null

03-03-2025T13:33:10 - [TEST_STEP][PASSED] - if (i > -1): null

03-03-2025T13:33:10 - [TEST_STEP][PASSED] - i = b.indexOf("г. "): null

03-03-2025T13:33:10 - [TEST_STEP][PASSED] - if (i > -1): null

03-03-2025T13:33:10 - [TEST_STEP][PASSED] - b = b.trim(): null

03-03-2025T13:33:10 - [TEST_STEP][PASSED] - println(b): null

03-03-2025T13:33:10 - [TEST_STEP][PASSED] - for ([planFact = 1, planFact < 3, (planFact++)]): null

03-03-2025T13:33:10 - [TEST_STEP][PASSED] - if (planFact == 1): null

03-03-2025T13:33:10 - [TEST_STEP][PASSED] - typeOfDataMain = "Факт": null

03-03-2025T13:33:10 - [TEST_STEP][PASSED] - otpusk = findTestData("PlanFact").getValue(5, a): null

03-03-2025T13:33:10 - [TEST_STEP][PASSED] - poteri = findTestData("PlanFact").getValue(6, a): null

03-03-2025T13:33:10 - [TEST_STEP][PASSED] - otpusk = otpusk.replaceAll("\s+", ""): null

03-03-2025T13:33:10 - [TEST_STEP][PASSED] - poteri = poteri.replaceAll("\s+", ""): null

03-03-2025T13:33:10 - [TEST_STEP][PASSED] - typeOfData = typeOfDataMain + " Отпуск в сеть": null

03-03-2025T13:33:10 - [TEST_STEP][PASSED] - if (a == 82): null

03-03-2025T13:33:10 - [TEST_STEP][PASSED] - else if (a == 84): null

03-03-2025T13:33:10 - [TEST_STEP][PASSED] - else if (a == 83 || a == 52 || a == 72 || a == 28 || a == 73 || a == 77 || a == 74 || a == 65 || a == 36 || a == 44 || a == 53 || a == 80 || a == 54 || a == 1 || a == 18 || a == 59 || a == 81): null

03-03-2025T13:33:10 - [TEST_STEP][PASSED] - else: null

03-03-2025T13:33:10 - [TEST_STEP][PASSED] - path = dataFolder + typeOfData + " за отчётный период " + b: null

03-03-2025T13:33:10 - [TEST_STEP][PASSED] - println(path): null

03-03-2025T13:33:10 - [TEST_STEP][PASSED] - page = getText(findTestObject(path)): Text of object 'Object Repository/Выполнение бизнес-плана/Значения со страницы Выполнение бизнес-плана/Факт Отпуск в сеть за отчётный период Новгородский филиал' is: '3 463 780'

03-03-2025T13:33:11 - [MESSAGE][PASSED] - Text of object 'Object Repository/Выполнение бизнес-плана/Значения со страницы Выполнение бизнес-плана/Факт Отпуск в сеть за отчётный период Новгородский филиал' is: '3 463 780'

03-03-2025T13:33:11 - [TEST_STEP][PASSED] - if (page == "" || page == null): null

03-03-2025T13:33:11 - [TEST_STEP][PASSED] - else: null

03-03-2025T13:33:11 - [TEST_STEP][PASSED] - page = page.replaceAll("\s+", ""): null

03-03-2025T13:33:11 - [TEST_STEP][PASSED] - fileOtpuskVSet = otpusk.toInteger(): null

03-03-2025T13:33:11 - [TEST_STEP][PASSED] - pageOtpuskVSet = page.toInteger(): null

03-03-2025T13:33:11 - [TEST_STEP][PASSED] - typeOfData = typeOfDataMain + " Потери": null

03-03-2025T13:33:11 - [TEST_STEP][PASSED] - if (a == 82): null

03-03-2025T13:33:11 - [TEST_STEP][PASSED] - else if (a == 84): null

03-03-2025T13:33:11 - [TEST_STEP][PASSED] - else if (a == 83 || a == 52 || a == 72 || a == 28 || a == 73 || a == 77 || a == 74 || a == 65 || a == 44 || a == 53 || a == 80 || a == 54 || a == 1 || a == 18 || a == 59 || a == 81): null

03-03-2025T13:33:11 - [TEST_STEP][PASSED] - else: null

03-03-2025T13:33:11 - [TEST_STEP][PASSED] - path = dataFolder + typeOfData + " за отчётный период " + b: null

03-03-2025T13:33:11 - [TEST_STEP][PASSED] - page = getText(findTestObject(path)): Text of object 'Object Repository/Выполнение бизнес-плана/Значения со страницы Выполнение бизнес-плана/Факт Потери за отчётный период Новгородский филиал' is: '271 434'

03-03-2025T13:33:11 - [MESSAGE][PASSED] - Text of object 'Object Repository/Выполнение бизнес-плана/Значения со страницы Выполнение бизнес-плана/Факт Потери за отчётный период Новгородский филиал' is: '271 434'

03-03-2025T13:33:11 - [TEST_STEP][PASSED] - if (page == "" || page == null): null

03-03-2025T13:33:11 - [TEST_STEP][PASSED] - else: null

03-03-2025T13:33:11 - [TEST_STEP][PASSED] - page = page.replaceAll("\s+", ""): null

03-03-2025T13:33:11 - [TEST_STEP][PASSED] - filePoteri = poteri.toInteger(): null

03-03-2025T13:33:11 - [TEST_STEP][PASSED] - pagePoteri = page.toInteger(): null

03-03-2025T13:33:11 - [TEST_STEP][PASSED] - compare = pageOtpuskVSet: null

03-03-2025T13:33:11 - [TEST_STEP][PASSED] - if (pageOtpuskVSet != null): null

03-03-2025T13:33:11 - [TEST_STEP][PASSED] - if (compare == fileOtpuskVSet): null

03-03-2025T13:33:11 - [TEST_STEP][PASSED] - else if (compare > fileOtpuskVSet): null

03-03-2025T13:33:11 - [TEST_STEP][PASSED] - else if (compare < fileOtpuskVSet): null

03-03-2025T13:33:11 - [TEST_STEP][PASSED] - compare = compare + 1: null

03-03-2025T13:33:11 - [TEST_STEP][PASSED] - if (compare == fileOtpuskVSet): null

03-03-2025T13:33:11 - [TEST_STEP][PASSED] - else: null

03-03-2025T13:33:11 - [TEST_STEP][PASSED] - numberOfErrors = numberOfErrors + 1: null

03-03-2025T13:33:11 - [TEST_STEP][PASSED] - pageInt = pageOtpuskVSet: null

03-03-2025T13:33:11 - [TEST_STEP][PASSED] - fileInt = fileOtpuskVSet: null

03-03-2025T13:33:11 - [TEST_STEP][PASSED] - typeOfData = typeOfDataMain + " Отпуск в сеть": null

03-03-2025T13:33:11 - [TEST_STEP][PASSED] - Script1718980020443.WriteToExcel(a, typeOfData, todaysDate, pageInt, fileInt, pageDouble, fileDouble, dZO): null

03-03-2025T13:33:11 - [TEST_STEP][PASSED] - sheetName = "Sheet1": null

03-03-2025T13:33:11 - [TEST_STEP][PASSED] - data = findTestData("PlanFact"): null

03-03-2025T13:33:11 - [TEST_STEP][PASSED] - n = data.getRowNumbers() + 1: null

03-03-2025T13:33:11 - [TEST_STEP][PASSED] - day = ")).toInteger(): null

03-03-2025T13:33:11 - [TEST_STEP][PASSED] - println(day): null

03-03-2025T13:33:11 - [TEST_STEP][PASSED] - month = ")).toInteger(): null

03-03-2025T13:33:11 - [TEST_STEP][PASSED] - println(month): null

03-03-2025T13:33:11 - [TEST_STEP][PASSED] - y = <not implemented yet for class: org.codehaus.groovy.ast.expr.EmptyExpression>: null

03-03-2025T13:33:11 - [TEST_STEP][PASSED] - iy = <not implemented yet for class: org.codehaus.groovy.ast.expr.EmptyExpression>: null

03-03-2025T13:33:11 - [TEST_STEP][PASSED] - m = getText(findTestObject("Выполнение бизнес-плана/Период")): Text of object 'Object Repository/Выполнение бизнес-плана/Период' is: '2024 год'

03-03-2025T13:33:11 - [MESSAGE][PASSED] - Text of object 'Object Repository/Выполнение бизнес-плана/Период' is: '2024 год'

03-03-2025T13:33:11 - [TEST_STEP][PASSED] - iy = m.indexOf("20"): null

03-03-2025T13:33:11 - [TEST_STEP][PASSED] - if (iy > -1): null

03-03-2025T13:33:11 - [TEST_STEP][PASSED] - y = substring(iy, iy + 4).toInteger(): null

03-03-2025T13:33:11 - [TEST_STEP][PASSED] - println(y): null

03-03-2025T13:33:11 - [TEST_STEP][PASSED] - if (toString().length() == 4): null

03-03-2025T13:33:11 - [TEST_STEP][PASSED] - m = m.substring(0, m.indexOf(y.toString())): null

03-03-2025T13:33:11 - [TEST_STEP][PASSED] - m = m.trim(): null

03-03-2025T13:33:11 - [TEST_STEP][PASSED] - if (m == ""): null

03-03-2025T13:33:11 - [TEST_STEP][PASSED] - m = "весь год": null

03-03-2025T13:33:11 - [TEST_STEP][PASSED] - dashboardName = "Выполнение бизнес-плана": null

03-03-2025T13:33:11 - [TEST_STEP][PASSED] - workbook01 = getWorkbook(excelFilePath): null

03-03-2025T13:33:11 - [TEST_STEP][PASSED] - sheet01 = getExcelSheet(workbook01, sheetName): null

03-03-2025T13:33:11 - [TEST_STEP][PASSED] - setValueToCellByIndex(sheet01, n, 0, dashboardName): null

03-03-2025T13:33:11 - [TEST_STEP][PASSED] - setValueToCellByIndex(sheet01, n, 1, dZO): null

03-03-2025T13:33:11 - [TEST_STEP][PASSED] - setValueToCellByIndex(sheet01, n, 2, typeOfData): null

03-03-2025T13:33:11 - [TEST_STEP][PASSED] - if (typeOfData == "Факт в процентах" || typeOfData == "План в процентах"): null

03-03-2025T13:33:11 - [TEST_STEP][PASSED] - else: null

03-03-2025T13:33:11 - [TEST_STEP][PASSED] - setValueToCellByIndex(sheet01, n, 3, fileInt): null

03-03-2025T13:33:11 - [TEST_STEP][PASSED] - setValueToCellByIndex(sheet01, n, 4, pageInt): null

03-03-2025T13:33:11 - [TEST_STEP][PASSED] - setValueToCellByIndex(sheet01, n, 5, m): null

03-03-2025T13:33:11 - [TEST_STEP][PASSED] - setValueToCellByIndex(sheet01, n, 6, y): null

03-03-2025T13:33:11 - [TEST_STEP][PASSED] - setValueToCellByIndex(sheet01, n, 7, todaysDate): null

03-03-2025T13:33:11 - [TEST_STEP][PASSED] - n = n + 1: null

03-03-2025T13:33:11 - [TEST_STEP][PASSED] - saveWorkbook(excelFilePath, workbook01): null

03-03-2025T13:33:12 - [TEST_STEP][PASSED] - compare = pagePoteri: null

03-03-2025T13:33:12 - [TEST_STEP][PASSED] - if (pageOtpuskVSet != null): null

03-03-2025T13:33:12 - [TEST_STEP][PASSED] - if (compare == filePoteri): null

03-03-2025T13:33:12 - [TEST_STEP][PASSED] - else if (compare > filePoteri): null

03-03-2025T13:33:12 - [TEST_STEP][PASSED] - else if (compare < filePoteri): null

03-03-2025T13:33:12 - [TEST_STEP][PASSED] - compare = compare + 1: null

03-03-2025T13:33:12 - [TEST_STEP][PASSED] - if (compare == filePoteri): null

03-03-2025T13:33:12 - [TEST_STEP][PASSED] - else: null

03-03-2025T13:33:12 - [TEST_STEP][PASSED] - numberOfErrors = numberOfErrors + 1: null

03-03-2025T13:33:12 - [TEST_STEP][PASSED] - pageInt = pagePoteri: null

03-03-2025T13:33:12 - [TEST_STEP][PASSED] - fileInt = filePoteri: null

03-03-2025T13:33:12 - [TEST_STEP][PASSED] - typeOfData = typeOfDataMain + " Потери": null

03-03-2025T13:33:12 - [TEST_STEP][PASSED] - Script1718980020443.WriteToExcel(a, typeOfData, todaysDate, pageInt, fileInt, pageDouble, fileDouble, dZO): null

03-03-2025T13:33:12 - [TEST_STEP][PASSED] - sheetName = "Sheet1": null

03-03-2025T13:33:12 - [TEST_STEP][PASSED] - data = findTestData("PlanFact"): null

03-03-2025T13:33:12 - [TEST_STEP][PASSED] - n = data.getRowNumbers() + 1: null

03-03-2025T13:33:12 - [TEST_STEP][PASSED] - day = ")).toInteger(): null

03-03-2025T13:33:12 - [TEST_STEP][PASSED] - println(day): null

03-03-2025T13:33:12 - [TEST_STEP][PASSED] - month = ")).toInteger(): null

03-03-2025T13:33:12 - [TEST_STEP][PASSED] - println(month): null

03-03-2025T13:33:12 - [TEST_STEP][PASSED] - y = <not implemented yet for class: org.codehaus.groovy.ast.expr.EmptyExpression>: null

03-03-2025T13:33:12 - [TEST_STEP][PASSED] - iy = <not implemented yet for class: org.codehaus.groovy.ast.expr.EmptyExpression>: null

03-03-2025T13:33:12 - [TEST_STEP][PASSED] - m = getText(findTestObject("Выполнение бизнес-плана/Период")): Text of object 'Object Repository/Выполнение бизнес-плана/Период' is: '2024 год'

03-03-2025T13:33:12 - [MESSAGE][PASSED] - Text of object 'Object Repository/Выполнение бизнес-плана/Период' is: '2024 год'

03-03-2025T13:33:12 - [TEST_STEP][PASSED] - iy = m.indexOf("20"): null

03-03-2025T13:33:12 - [TEST_STEP][PASSED] - if (iy > -1): null

03-03-2025T13:33:12 - [TEST_STEP][PASSED] - y = substring(iy, iy + 4).toInteger(): null

03-03-2025T13:33:12 - [TEST_STEP][PASSED] - println(y): null

03-03-2025T13:33:12 - [TEST_STEP][PASSED] - if (toString().length() == 4): null

03-03-2025T13:33:12 - [TEST_STEP][PASSED] - m = m.substring(0, m.indexOf(y.toString())): null

03-03-2025T13:33:12 - [TEST_STEP][PASSED] - m = m.trim(): null

03-03-2025T13:33:12 - [TEST_STEP][PASSED] - if (m == ""): null

03-03-2025T13:33:12 - [TEST_STEP][PASSED] - m = "весь год": null

03-03-2025T13:33:12 - [TEST_STEP][PASSED] - dashboardName = "Выполнение бизнес-плана": null

03-03-2025T13:33:12 - [TEST_STEP][PASSED] - workbook01 = getWorkbook(excelFilePath): null

03-03-2025T13:33:12 - [TEST_STEP][PASSED] - sheet01 = getExcelSheet(workbook01, sheetName): null

03-03-2025T13:33:12 - [TEST_STEP][PASSED] - setValueToCellByIndex(sheet01, n, 0, dashboardName): null

03-03-2025T13:33:12 - [TEST_STEP][PASSED] - setValueToCellByIndex(sheet01, n, 1, dZO): null

03-03-2025T13:33:12 - [TEST_STEP][PASSED] - setValueToCellByIndex(sheet01, n, 2, typeOfData): null

03-03-2025T13:33:12 - [TEST_STEP][PASSED] - if (typeOfData == "Факт в процентах" || typeOfData == "План в процентах"): null

03-03-2025T13:33:12 - [TEST_STEP][PASSED] - else: null

03-03-2025T13:33:12 - [TEST_STEP][PASSED] - setValueToCellByIndex(sheet01, n, 3, fileInt): null

03-03-2025T13:33:12 - [TEST_STEP][PASSED] - setValueToCellByIndex(sheet01, n, 4, pageInt): null

03-03-2025T13:33:12 - [TEST_STEP][PASSED] - setValueToCellByIndex(sheet01, n, 5, m): null

03-03-2025T13:33:12 - [TEST_STEP][PASSED] - setValueToCellByIndex(sheet01, n, 6, y): null

03-03-2025T13:33:12 - [TEST_STEP][PASSED] - setValueToCellByIndex(sheet01, n, 7, todaysDate): null

03-03-2025T13:33:12 - [TEST_STEP][PASSED] - n = n + 1: null

03-03-2025T13:33:12 - [TEST_STEP][PASSED] - saveWorkbook(excelFilePath, workbook01): null

03-03-2025T13:33:12 - [TEST_STEP][PASSED] - if (planFact == 2): null

03-03-2025T13:33:12 - [TEST_STEP][PASSED] - if (planFact == 1): null

03-03-2025T13:33:12 - [TEST_STEP][PASSED] - else if (planFact == 2): null

03-03-2025T13:33:12 - [TEST_STEP][PASSED] - click(findTestObject("Выполнение бизнес-плана/Кнопка План")): Object: 'Object Repository/Выполнение бизнес-плана/Кнопка План' is clicked on

03-03-2025T13:33:13 - [MESSAGE][PASSED] - Object: 'Object Repository/Выполнение бизнес-плана/Кнопка План' is clicked on

03-03-2025T13:33:13 - [TEST_STEP][PASSED] - typeOfDataMain = "План": null

03-03-2025T13:33:13 - [TEST_STEP][PASSED] - otpusk = findTestData("PlanFact").getValue(2, a): null

03-03-2025T13:33:13 - [TEST_STEP][PASSED] - poteri = findTestData("PlanFact").getValue(3, a): null

03-03-2025T13:33:13 - [TEST_STEP][PASSED] - otpusk = otpusk.replaceAll("\s+", ""): null

03-03-2025T13:33:13 - [TEST_STEP][PASSED] - poteri = poteri.replaceAll("\s+", ""): null

03-03-2025T13:33:13 - [TEST_STEP][PASSED] - typeOfData = typeOfDataMain + " Отпуск в сеть": null

03-03-2025T13:33:13 - [TEST_STEP][PASSED] - if (a == 82): null

03-03-2025T13:33:13 - [TEST_STEP][PASSED] - else if (a == 84): null

03-03-2025T13:33:13 - [TEST_STEP][PASSED] - else if (a == 83 || a == 52 || a == 72 || a == 28 || a == 73 || a == 77 || a == 74 || a == 65 || a == 36 || a == 44 || a == 53 || a == 80 || a == 54 || a == 1 || a == 18 || a == 59 || a == 81): null

03-03-2025T13:33:13 - [TEST_STEP][PASSED] - else: null

03-03-2025T13:33:13 - [TEST_STEP][PASSED] - path = dataFolder + typeOfData + " за отчётный период " + b: null

03-03-2025T13:33:13 - [TEST_STEP][PASSED] - println(path): null

03-03-2025T13:33:13 - [TEST_STEP][PASSED] - page = getText(findTestObject(path)): Text of object 'Object Repository/Выполнение бизнес-плана/Значения со страницы Выполнение бизнес-плана/План Отпуск в сеть за отчётный период Новгородский филиал' is: '3 338 208'

03-03-2025T13:33:13 - [MESSAGE][PASSED] - Text of object 'Object Repository/Выполнение бизнес-плана/Значения со страницы Выполнение бизнес-плана/План Отпуск в сеть за отчётный период Новгородский филиал' is: '3 338 208'

03-03-2025T13:33:13 - [TEST_STEP][PASSED] - if (page == "" || page == null): null

03-03-2025T13:33:13 - [TEST_STEP][PASSED] - else: null

03-03-2025T13:33:13 - [TEST_STEP][PASSED] - page = page.replaceAll("\s+", ""): null

03-03-2025T13:33:13 - [TEST_STEP][PASSED] - fileOtpuskVSet = otpusk.toInteger(): null

03-03-2025T13:33:13 - [TEST_STEP][PASSED] - pageOtpuskVSet = page.toInteger(): null

03-03-2025T13:33:13 - [TEST_STEP][PASSED] - typeOfData = typeOfDataMain + " Потери": null

03-03-2025T13:33:13 - [TEST_STEP][PASSED] - if (a == 82): null

03-03-2025T13:33:13 - [TEST_STEP][PASSED] - else if (a == 84): null

03-03-2025T13:33:13 - [TEST_STEP][PASSED] - else if (a == 83 || a == 52 || a == 72 || a == 28 || a == 73 || a == 77 || a == 74 || a == 65 || a == 44 || a == 53 || a == 80 || a == 54 || a == 1 || a == 18 || a == 59 || a == 81): null

03-03-2025T13:33:13 - [TEST_STEP][PASSED] - else: null

03-03-2025T13:33:13 - [TEST_STEP][PASSED] - path = dataFolder + typeOfData + " за отчётный период " + b: null

03-03-2025T13:33:13 - [TEST_STEP][PASSED] - page = getText(findTestObject(path)): Text of object 'Object Repository/Выполнение бизнес-плана/Значения со страницы Выполнение бизнес-плана/План Потери за отчётный период Новгородский филиал' is: '267 917'

03-03-2025T13:33:13 - [MESSAGE][PASSED] - Text of object 'Object Repository/Выполнение бизнес-плана/Значения со страницы Выполнение бизнес-плана/План Потери за отчётный период Новгородский филиал' is: '267 917'

03-03-2025T13:33:13 - [TEST_STEP][PASSED] - if (page == "" || page == null): null

03-03-2025T13:33:13 - [TEST_STEP][PASSED] - else: null

03-03-2025T13:33:13 - [TEST_STEP][PASSED] - page = page.replaceAll("\s+", ""): null

03-03-2025T13:33:13 - [TEST_STEP][PASSED] - filePoteri = poteri.toInteger(): null

03-03-2025T13:33:13 - [TEST_STEP][PASSED] - pagePoteri = page.toInteger(): null

03-03-2025T13:33:13 - [TEST_STEP][PASSED] - compare = pageOtpuskVSet: null

03-03-2025T13:33:13 - [TEST_STEP][PASSED] - if (pageOtpuskVSet != null): null

03-03-2025T13:33:13 - [TEST_STEP][PASSED] - if (compare == fileOtpuskVSet): null

03-03-2025T13:33:13 - [TEST_STEP][PASSED] - else if (compare > fileOtpuskVSet): null

03-03-2025T13:33:13 - [TEST_STEP][PASSED] - else if (compare < fileOtpuskVSet): null

03-03-2025T13:33:13 - [TEST_STEP][PASSED] - compare = compare + 1: null

03-03-2025T13:33:13 - [TEST_STEP][PASSED] - if (compare == fileOtpuskVSet): null

03-03-2025T13:33:13 - [TEST_STEP][PASSED] - else: null

03-03-2025T13:33:13 - [TEST_STEP][PASSED] - numberOfErrors = numberOfErrors + 1: null

03-03-2025T13:33:13 - [TEST_STEP][PASSED] - pageInt = pageOtpuskVSet: null

03-03-2025T13:33:13 - [TEST_STEP][PASSED] - fileInt = fileOtpuskVSet: null

03-03-2025T13:33:13 - [TEST_STEP][PASSED] - typeOfData = typeOfDataMain + " Отпуск в сеть": null

03-03-2025T13:33:13 - [TEST_STEP][PASSED] - Script1718980020443.WriteToExcel(a, typeOfData, todaysDate, pageInt, fileInt, pageDouble, fileDouble, dZO): null

03-03-2025T13:33:13 - [TEST_STEP][PASSED] - sheetName = "Sheet1": null

03-03-2025T13:33:13 - [TEST_STEP][PASSED] - data = findTestData("PlanFact"): null

03-03-2025T13:33:13 - [TEST_STEP][PASSED] - n = data.getRowNumbers() + 1: null

03-03-2025T13:33:13 - [TEST_STEP][PASSED] - day = ")).toInteger(): null

03-03-2025T13:33:13 - [TEST_STEP][PASSED] - println(day): null

03-03-2025T13:33:13 - [TEST_STEP][PASSED] - month = ")).toInteger(): null

03-03-2025T13:33:13 - [TEST_STEP][PASSED] - println(month): null

03-03-2025T13:33:13 - [TEST_STEP][PASSED] - y = <not implemented yet for class: org.codehaus.groovy.ast.expr.EmptyExpression>: null

03-03-2025T13:33:13 - [TEST_STEP][PASSED] - iy = <not implemented yet for class: org.codehaus.groovy.ast.expr.EmptyExpression>: null

03-03-2025T13:33:13 - [TEST_STEP][PASSED] - m = getText(findTestObject("Выполнение бизнес-плана/Период")): Text of object 'Object Repository/Выполнение бизнес-плана/Период' is: '2024 год'

03-03-2025T13:33:14 - [MESSAGE][PASSED] - Text of object 'Object Repository/Выполнение бизнес-плана/Период' is: '2024 год'

03-03-2025T13:33:14 - [TEST_STEP][PASSED] - iy = m.indexOf("20"): null

03-03-2025T13:33:14 - [TEST_STEP][PASSED] - if (iy > -1): null

03-03-2025T13:33:14 - [TEST_STEP][PASSED] - y = substring(iy, iy + 4).toInteger(): null

03-03-2025T13:33:14 - [TEST_STEP][PASSED] - println(y): null

03-03-2025T13:33:14 - [TEST_STEP][PASSED] - if (toString().length() == 4): null

03-03-2025T13:33:14 - [TEST_STEP][PASSED] - m = m.substring(0, m.indexOf(y.toString())): null

03-03-2025T13:33:14 - [TEST_STEP][PASSED] - m = m.trim(): null

03-03-2025T13:33:14 - [TEST_STEP][PASSED] - if (m == ""): null

03-03-2025T13:33:14 - [TEST_STEP][PASSED] - m = "весь год": null

03-03-2025T13:33:14 - [TEST_STEP][PASSED] - dashboardName = "Выполнение бизнес-плана": null

03-03-2025T13:33:14 - [TEST_STEP][PASSED] - workbook01 = getWorkbook(excelFilePath): null

03-03-2025T13:33:14 - [TEST_STEP][PASSED] - sheet01 = getExcelSheet(workbook01, sheetName): null

03-03-2025T13:33:14 - [TEST_STEP][PASSED] - setValueToCellByIndex(sheet01, n, 0, dashboardName): null

03-03-2025T13:33:14 - [TEST_STEP][PASSED] - setValueToCellByIndex(sheet01, n, 1, dZO): null

03-03-2025T13:33:14 - [TEST_STEP][PASSED] - setValueToCellByIndex(sheet01, n, 2, typeOfData): null

03-03-2025T13:33:14 - [TEST_STEP][PASSED] - if (typeOfData == "Факт в процентах" || typeOfData == "План в процентах"): null

03-03-2025T13:33:14 - [TEST_STEP][PASSED] - else: null

03-03-2025T13:33:14 - [TEST_STEP][PASSED] - setValueToCellByIndex(sheet01, n, 3, fileInt): null

03-03-2025T13:33:14 - [TEST_STEP][PASSED] - setValueToCellByIndex(sheet01, n, 4, pageInt): null

03-03-2025T13:33:14 - [TEST_STEP][PASSED] - setValueToCellByIndex(sheet01, n, 5, m): null

03-03-2025T13:33:14 - [TEST_STEP][PASSED] - setValueToCellByIndex(sheet01, n, 6, y): null

03-03-2025T13:33:14 - [TEST_STEP][PASSED] - setValueToCellByIndex(sheet01, n, 7, todaysDate): null

03-03-2025T13:33:14 - [TEST_STEP][PASSED] - n = n + 1: null

03-03-2025T13:33:14 - [TEST_STEP][PASSED] - saveWorkbook(excelFilePath, workbook01): null

03-03-2025T13:33:14 - [TEST_STEP][PASSED] - compare = pagePoteri: null

03-03-2025T13:33:14 - [TEST_STEP][PASSED] - if (pageOtpuskVSet != null): null

03-03-2025T13:33:14 - [TEST_STEP][PASSED] - if (compare == filePoteri): null

03-03-2025T13:33:14 - [TEST_STEP][PASSED] - else if (compare > filePoteri): null

03-03-2025T13:33:14 - [TEST_STEP][PASSED] - else if (compare < filePoteri): null

03-03-2025T13:33:14 - [TEST_STEP][PASSED] - compare = compare + 1: null

03-03-2025T13:33:14 - [TEST_STEP][PASSED] - if (compare == filePoteri): null

03-03-2025T13:33:14 - [TEST_STEP][PASSED] - else: null

03-03-2025T13:33:14 - [TEST_STEP][PASSED] - numberOfErrors = numberOfErrors + 1: null

03-03-2025T13:33:14 - [TEST_STEP][PASSED] - pageInt = pagePoteri: null

03-03-2025T13:33:14 - [TEST_STEP][PASSED] - fileInt = filePoteri: null

03-03-2025T13:33:14 - [TEST_STEP][PASSED] - typeOfData = typeOfDataMain + " Потери": null

03-03-2025T13:33:14 - [TEST_STEP][PASSED] - Script1718980020443.WriteToExcel(a, typeOfData, todaysDate, pageInt, fileInt, pageDouble, fileDouble, dZO): null

03-03-2025T13:33:14 - [TEST_STEP][PASSED] - sheetName = "Sheet1": null

03-03-2025T13:33:14 - [TEST_STEP][PASSED] - data = findTestData("PlanFact"): null

03-03-2025T13:33:14 - [TEST_STEP][PASSED] - n = data.getRowNumbers() + 1: null

03-03-2025T13:33:14 - [TEST_STEP][PASSED] - day = ")).toInteger(): null

03-03-2025T13:33:14 - [TEST_STEP][PASSED] - println(day): null

03-03-2025T13:33:14 - [TEST_STEP][PASSED] - month = ")).toInteger(): null

03-03-2025T13:33:14 - [TEST_STEP][PASSED] - println(month): null

03-03-2025T13:33:14 - [TEST_STEP][PASSED] - y = <not implemented yet for class: org.codehaus.groovy.ast.expr.EmptyExpression>: null

03-03-2025T13:33:14 - [TEST_STEP][PASSED] - iy = <not implemented yet for class: org.codehaus.groovy.ast.expr.EmptyExpression>: null

03-03-2025T13:33:14 - [TEST_STEP][PASSED] - m = getText(findTestObject("Выполнение бизнес-плана/Период")): Text of object 'Object Repository/Выполнение бизнес-плана/Период' is: '2024 год'

03-03-2025T13:33:14 - [MESSAGE][PASSED] - Text of object 'Object Repository/Выполнение бизнес-плана/Период' is: '2024 год'

03-03-2025T13:33:14 - [TEST_STEP][PASSED] - iy = m.indexOf("20"): null

03-03-2025T13:33:14 - [TEST_STEP][PASSED] - if (iy > -1): null

03-03-2025T13:33:14 - [TEST_STEP][PASSED] - y = substring(iy, iy + 4).toInteger(): null

03-03-2025T13:33:14 - [TEST_STEP][PASSED] - println(y): null

03-03-2025T13:33:14 - [TEST_STEP][PASSED] - if (toString().length() == 4): null

03-03-2025T13:33:14 - [TEST_STEP][PASSED] - m = m.substring(0, m.indexOf(y.toString())): null

03-03-2025T13:33:14 - [TEST_STEP][PASSED] - m = m.trim(): null

03-03-2025T13:33:14 - [TEST_STEP][PASSED] - if (m == ""): null

03-03-2025T13:33:14 - [TEST_STEP][PASSED] - m = "весь год": null

03-03-2025T13:33:14 - [TEST_STEP][PASSED] - dashboardName = "Выполнение бизнес-плана": null

03-03-2025T13:33:14 - [TEST_STEP][PASSED] - workbook01 = getWorkbook(excelFilePath): null

03-03-2025T13:33:14 - [TEST_STEP][PASSED] - sheet01 = getExcelSheet(workbook01, sheetName): null

03-03-2025T13:33:14 - [TEST_STEP][PASSED] - setValueToCellByIndex(sheet01, n, 0, dashboardName): null

03-03-2025T13:33:14 - [TEST_STEP][PASSED] - setValueToCellByIndex(sheet01, n, 1, dZO): null

03-03-2025T13:33:14 - [TEST_STEP][PASSED] - setValueToCellByIndex(sheet01, n, 2, typeOfData): null

03-03-2025T13:33:14 - [TEST_STEP][PASSED] - if (typeOfData == "Факт в процентах" || typeOfData == "План в процентах"): null

03-03-2025T13:33:14 - [TEST_STEP][PASSED] - else: null

03-03-2025T13:33:14 - [TEST_STEP][PASSED] - setValueToCellByIndex(sheet01, n, 3, fileInt): null

03-03-2025T13:33:14 - [TEST_STEP][PASSED] - setValueToCellByIndex(sheet01, n, 4, pageInt): null

03-03-2025T13:33:14 - [TEST_STEP][PASSED] - setValueToCellByIndex(sheet01, n, 5, m): null

03-03-2025T13:33:14 - [TEST_STEP][PASSED] - setValueToCellByIndex(sheet01, n, 6, y): null

03-03-2025T13:33:14 - [TEST_STEP][PASSED] - setValueToCellByIndex(sheet01, n, 7, todaysDate): null

03-03-2025T13:33:14 - [TEST_STEP][PASSED] - n = n + 1: null

03-03-2025T13:33:14 - [TEST_STEP][PASSED] - saveWorkbook(excelFilePath, workbook01): Object: 'Object Repository/Выполнение бизнес-плана/Кнопка Факт' is clicked on

03-03-2025T13:33:15 - [TEST_STEP][PASSED] - if (planFact == 2): Object: 'Object Repository/Выполнение бизнес-плана/Кнопка Факт' is clicked on

03-03-2025T13:33:15 - [TEST_STEP][PASSED] - click(findTestObject("Выполнение бизнес-плана/Кнопка Факт")): Object: 'Object Repository/Выполнение бизнес-плана/Кнопка Факт' is clicked on

03-03-2025T13:33:15 - [MESSAGE][PASSED] - Object: 'Object Repository/Выполнение бизнес-плана/Кнопка Факт' is clicked on

03-03-2025T13:33:15 - [TEST_STEP][PASSED] - println("a=" + a): null

03-03-2025T13:33:15 - [TEST_STEP][PASSED] - if (a == 84 || a == 82): null

03-03-2025T13:33:15 - [TEST_STEP][PASSED] - else if (a == 83 || a == 52 || a == 72 || a == 28 || a == 73 || a == 77 || a == 74 || a == 65 || a == 36 || a == 44 || a == 53 || a == 80 || a == 54 || a == 1 || a == 18 || a == 59 || a == 81): null

03-03-2025T13:33:15 - [TEST_STEP][PASSED] - else: null

03-03-2025T13:33:15 - [TEST_STEP][PASSED] - page1 = getText(findTestObject("Object Repository/Выполнение бизнес-плана/spanPlan" + filialNum)): Text of object 'Object Repository/Выполнение бизнес-плана/spanPlan5' is: '8.03
|'

03-03-2025T13:33:15 - [MESSAGE][PASSED] - Text of object 'Object Repository/Выполнение бизнес-плана/spanPlan5' is: '8.03
|'

03-03-2025T13:33:15 - [TEST_STEP][PASSED] - page1 = page1.replace("|", ""): null

03-03-2025T13:33:15 - [TEST_STEP][PASSED] - page2 = getText(findTestObject("Object Repository/Выполнение бизнес-плана/spanFact" + filialNum)): Text of object 'Object Repository/Выполнение бизнес-плана/spanFact5' is: '7.84
|'

03-03-2025T13:33:15 - [MESSAGE][PASSED] - Text of object 'Object Repository/Выполнение бизнес-плана/spanFact5' is: '7.84
|'

03-03-2025T13:33:15 - [TEST_STEP][PASSED] - page2 = page2.replace("|", ""): null

03-03-2025T13:33:15 - [TEST_STEP][PASSED] - println("page1: " + page1): null

03-03-2025T13:33:15 - [TEST_STEP][PASSED] - println("page2: " + page2): null

03-03-2025T13:33:15 - [TEST_STEP][PASSED] - file = findTestData("PlanFact").getValue(4, a): null

03-03-2025T13:33:16 - [TEST_STEP][PASSED] - file = file.replace(",", "."): null

03-03-2025T13:33:16 - [TEST_STEP][PASSED] - println("file Plan: " + file): null

03-03-2025T13:33:16 - [TEST_STEP][PASSED] - typeOfData = "План в процентах": null

03-03-2025T13:33:16 - [TEST_STEP][PASSED] - fileDouble = file.toDouble(): null

03-03-2025T13:33:16 - [TEST_STEP][PASSED] - pageDouble = page1.toDouble(): null

03-03-2025T13:33:16 - [TEST_STEP][PASSED] - if (fileDouble != pageDouble): null

03-03-2025T13:33:16 - [TEST_STEP][PASSED] - numberOfErrors = numberOfErrors + 1: null

03-03-2025T13:33:16 - [TEST_STEP][PASSED] - Script1718980020443.WriteToExcel(a, typeOfData, todaysDate, pageInt, fileInt, pageDouble, fileDouble, dZO): null

03-03-2025T13:33:16 - [TEST_STEP][PASSED] - sheetName = "Sheet1": null

03-03-2025T13:33:16 - [TEST_STEP][PASSED] - data = findTestData("PlanFact"): null

03-03-2025T13:33:16 - [TEST_STEP][PASSED] - n = data.getRowNumbers() + 1: null

03-03-2025T13:33:16 - [TEST_STEP][PASSED] - day = ")).toInteger(): null

03-03-2025T13:33:16 - [TEST_STEP][PASSED] - println(day): null

03-03-2025T13:33:16 - [TEST_STEP][PASSED] - month = ")).toInteger(): null

03-03-2025T13:33:16 - [TEST_STEP][PASSED] - println(month): null

03-03-2025T13:33:16 - [TEST_STEP][PASSED] - y = <not implemented yet for class: org.codehaus.groovy.ast.expr.EmptyExpression>: null

03-03-2025T13:33:16 - [TEST_STEP][PASSED] - iy = <not implemented yet for class: org.codehaus.groovy.ast.expr.EmptyExpression>: null

03-03-2025T13:33:16 - [TEST_STEP][PASSED] - m = getText(findTestObject("Выполнение бизнес-плана/Период")): Text of object 'Object Repository/Выполнение бизнес-плана/Период' is: '2024 год'

03-03-2025T13:33:16 - [MESSAGE][PASSED] - Text of object 'Object Repository/Выполнение бизнес-плана/Период' is: '2024 год'

03-03-2025T13:33:16 - [TEST_STEP][PASSED] - iy = m.indexOf("20"): null

03-03-2025T13:33:16 - [TEST_STEP][PASSED] - if (iy > -1): null

03-03-2025T13:33:16 - [TEST_STEP][PASSED] - y = substring(iy, iy + 4).toInteger(): null

03-03-2025T13:33:16 - [TEST_STEP][PASSED] - println(y): null

03-03-2025T13:33:16 - [TEST_STEP][PASSED] - if (toString().length() == 4): null

03-03-2025T13:33:16 - [TEST_STEP][PASSED] - m = m.substring(0, m.indexOf(y.toString())): null

03-03-2025T13:33:16 - [TEST_STEP][PASSED] - m = m.trim(): null

03-03-2025T13:33:16 - [TEST_STEP][PASSED] - if (m == ""): null

03-03-2025T13:33:16 - [TEST_STEP][PASSED] - m = "весь год": null

03-03-2025T13:33:16 - [TEST_STEP][PASSED] - dashboardName = "Выполнение бизнес-плана": null

03-03-2025T13:33:16 - [TEST_STEP][PASSED] - workbook01 = getWorkbook(excelFilePath): null

03-03-2025T13:33:16 - [TEST_STEP][PASSED] - sheet01 = getExcelSheet(workbook01, sheetName): null

03-03-2025T13:33:16 - [TEST_STEP][PASSED] - setValueToCellByIndex(sheet01, n, 0, dashboardName): null

03-03-2025T13:33:16 - [TEST_STEP][PASSED] - setValueToCellByIndex(sheet01, n, 1, dZO): null

03-03-2025T13:33:16 - [TEST_STEP][PASSED] - setValueToCellByIndex(sheet01, n, 2, typeOfData): null

03-03-2025T13:33:16 - [TEST_STEP][PASSED] - if (typeOfData == "Факт в процентах" || typeOfData == "План в процентах"): null

03-03-2025T13:33:16 - [TEST_STEP][PASSED] - setValueToCellByIndex(sheet01, n, 3, fileDouble): null

03-03-2025T13:33:16 - [TEST_STEP][PASSED] - setValueToCellByIndex(sheet01, n, 4, pageDouble): null

03-03-2025T13:33:16 - [TEST_STEP][PASSED] - setValueToCellByIndex(sheet01, n, 5, m): null

03-03-2025T13:33:16 - [TEST_STEP][PASSED] - setValueToCellByIndex(sheet01, n, 6, y): null

03-03-2025T13:33:16 - [TEST_STEP][PASSED] - setValueToCellByIndex(sheet01, n, 7, todaysDate): null

03-03-2025T13:33:16 - [TEST_STEP][PASSED] - n = n + 1: null

03-03-2025T13:33:16 - [TEST_STEP][PASSED] - saveWorkbook(excelFilePath, workbook01): null

03-03-2025T13:33:16 - [TEST_STEP][PASSED] - file = findTestData("PlanFact").getValue(7, a): null

03-03-2025T13:33:16 - [TEST_STEP][PASSED] - file = file.replace(",", "."): null

03-03-2025T13:33:16 - [TEST_STEP][PASSED] - println("file Fact: " + file): null

03-03-2025T13:33:16 - [TEST_STEP][PASSED] - fileDouble = file.toDouble(): null

03-03-2025T13:33:16 - [TEST_STEP][PASSED] - typeOfData = "Факт в процентах": null

03-03-2025T13:33:16 - [TEST_STEP][PASSED] - fileDouble = file.toDouble(): null

03-03-2025T13:33:16 - [TEST_STEP][PASSED] - pageDouble = page2.toDouble(): null

03-03-2025T13:33:16 - [TEST_STEP][PASSED] - if (fileDouble != pageDouble): null

03-03-2025T13:33:16 - [TEST_STEP][PASSED] - numberOfErrors = numberOfErrors + 1: null

03-03-2025T13:33:16 - [TEST_STEP][PASSED] - Script1718980020443.WriteToExcel(a, typeOfData, todaysDate, pageInt, fileInt, pageDouble, fileDouble, dZO): null

03-03-2025T13:33:16 - [TEST_STEP][PASSED] - sheetName = "Sheet1": null

03-03-2025T13:33:16 - [TEST_STEP][PASSED] - data = findTestData("PlanFact"): null

03-03-2025T13:33:16 - [TEST_STEP][PASSED] - n = data.getRowNumbers() + 1: null

03-03-2025T13:33:16 - [TEST_STEP][PASSED] - day = ")).toInteger(): null

03-03-2025T13:33:16 - [TEST_STEP][PASSED] - println(day): null

03-03-2025T13:33:16 - [TEST_STEP][PASSED] - month = ")).toInteger(): null

03-03-2025T13:33:16 - [TEST_STEP][PASSED] - println(month): null

03-03-2025T13:33:16 - [TEST_STEP][PASSED] - y = <not implemented yet for class: org.codehaus.groovy.ast.expr.EmptyExpression>: null

03-03-2025T13:33:16 - [TEST_STEP][PASSED] - iy = <not implemented yet for class: org.codehaus.groovy.ast.expr.EmptyExpression>: null

03-03-2025T13:33:16 - [TEST_STEP][PASSED] - m = getText(findTestObject("Выполнение бизнес-плана/Период")): Text of object 'Object Repository/Выполнение бизнес-плана/Период' is: '2024 год'

03-03-2025T13:33:17 - [MESSAGE][PASSED] - Text of object 'Object Repository/Выполнение бизнес-плана/Период' is: '2024 год'

03-03-2025T13:33:17 - [TEST_STEP][PASSED] - iy = m.indexOf("20"): null

03-03-2025T13:33:17 - [TEST_STEP][PASSED] - if (iy > -1): null

03-03-2025T13:33:17 - [TEST_STEP][PASSED] - y = substring(iy, iy + 4).toInteger(): null

03-03-2025T13:33:17 - [TEST_STEP][PASSED] - println(y): null

03-03-2025T13:33:17 - [TEST_STEP][PASSED] - if (toString().length() == 4): null

03-03-2025T13:33:17 - [TEST_STEP][PASSED] - m = m.substring(0, m.indexOf(y.toString())): null

03-03-2025T13:33:17 - [TEST_STEP][PASSED] - m = m.trim(): null

03-03-2025T13:33:17 - [TEST_STEP][PASSED] - if (m == ""): null

03-03-2025T13:33:17 - [TEST_STEP][PASSED] - m = "весь год": null

03-03-2025T13:33:17 - [TEST_STEP][PASSED] - dashboardName = "Выполнение бизнес-плана": null

03-03-2025T13:33:17 - [TEST_STEP][PASSED] - workbook01 = getWorkbook(excelFilePath): null

03-03-2025T13:33:17 - [TEST_STEP][PASSED] - sheet01 = getExcelSheet(workbook01, sheetName): null

03-03-2025T13:33:17 - [TEST_STEP][PASSED] - setValueToCellByIndex(sheet01, n, 0, dashboardName): null

03-03-2025T13:33:17 - [TEST_STEP][PASSED] - setValueToCellByIndex(sheet01, n, 1, dZO): null

03-03-2025T13:33:17 - [TEST_STEP][PASSED] - setValueToCellByIndex(sheet01, n, 2, typeOfData): null

03-03-2025T13:33:17 - [TEST_STEP][PASSED] - if (typeOfData == "Факт в процентах" || typeOfData == "План в процентах"): null

03-03-2025T13:33:17 - [TEST_STEP][PASSED] - setValueToCellByIndex(sheet01, n, 3, fileDouble): null

03-03-2025T13:33:17 - [TEST_STEP][PASSED] - setValueToCellByIndex(sheet01, n, 4, pageDouble): null

03-03-2025T13:33:17 - [TEST_STEP][PASSED] - setValueToCellByIndex(sheet01, n, 5, m): null

03-03-2025T13:33:17 - [TEST_STEP][PASSED] - setValueToCellByIndex(sheet01, n, 6, y): null

03-03-2025T13:33:17 - [TEST_STEP][PASSED] - setValueToCellByIndex(sheet01, n, 7, todaysDate): null

03-03-2025T13:33:17 - [TEST_STEP][PASSED] - n = n + 1: null

03-03-2025T13:33:17 - [TEST_STEP][PASSED] - saveWorkbook(excelFilePath, workbook01): null

03-03-2025T13:33:17 - [TEST_STEP][FAILED] - if (verifyEqual(numberOfErrors, 0) == false): null

03-03-2025T13:33:17 - [MESSAGE][FAILED] - Unable to verify equal between actual object '6' and expected object '0' (Root cause: com.kms.katalon.core.exception.StepFailedException: Actual object '6' and expected object '0' are not equal
	at com.kms.katalon.core.keyword.builtin.VerifyEqualKeyword$_verifyEqual_closure1.doCall(VerifyEqualKeyword.groovy:58)
	at com.kms.katalon.core.keyword.builtin.VerifyEqualKeyword$_verifyEqual_closure1.call(VerifyEqualKeyword.groovy)
	at com.kms.katalon.core.keyword.internal.KeywordMain.runKeyword(KeywordMain.groovy:75)
	at com.kms.katalon.core.keyword.builtin.VerifyEqualKeyword.verifyEqual(VerifyEqualKeyword.groovy:63)
	at com.kms.katalon.core.keyword.builtin.VerifyEqualKeyword.execute(VerifyEqualKeyword.groovy:44)
	at com.kms.katalon.core.keyword.internal.KeywordExecutor.executeKeywordForPlatform(KeywordExecutor.groovy:74)
	at com.kms.katalon.core.keyword.BuiltinKeywords.verifyEqual(BuiltinKeywords.groovy:146)
	at jdk.internal.reflect.GeneratedMethodAccessor24.invoke(Unknown Source)
	at java.base/jdk.internal.reflect.DelegatingMethodAccessorImpl.invoke(DelegatingMethodAccessorImpl.java:43)
	at Выполнение бизнес-плана Сверка ПАО Россети все филиалы.Numbers(Выполнение бизнес-плана Сверка ПАО Россети все филиалы:736)
	at Выполнение бизнес-плана Сверка ПАО Россети все филиалы.Filials(Выполнение бизнес-плана Сверка ПАО Россети все филиалы:1523)
	at Выполнение бизнес-плана Сверка ПАО Россети все филиалы.Numbers(Выполнение бизнес-плана Сверка ПАО Россети все филиалы:743)
	at Выполнение бизнес-плана Сверка ПАО Россети все филиалы.run(Выполнение бизнес-плана Сверка ПАО Россети все филиалы:294)
	at com.kms.katalon.core.main.ScriptEngine.run(ScriptEngine.java:194)
	at com.kms.katalon.core.main.ScriptEngine.runScriptAsRawText(ScriptEngine.java:119)
	at com.kms.katalon.core.main.TestCaseExecutor.runScript(TestCaseExecutor.java:448)
	at com.kms.katalon.core.main.TestCaseExecutor.doExecute(TestCaseExecutor.java:439)
	at com.kms.katalon.core.main.TestCaseExecutor.processExecutionPhase(TestCaseExecutor.java:418)
	at com.kms.katalon.core.main.TestCaseExecutor.accessMainPhase(TestCaseExecutor.java:410)
	at com.kms.katalon.core.main.TestCaseExecutor.execute(TestCaseExecutor.java:285)
	at com.kms.katalon.core.common.CommonExecutor.accessTestCaseMainPhase(CommonExecutor.java:65)
	at com.kms.katalon.core.main.TestSuiteExecutor.accessTestSuiteMainPhase(TestSuiteExecutor.java:150)
	at com.kms.katalon.core.main.TestSuiteExecutor.execute(TestSuiteExecutor.java:106)
	at com.kms.katalon.core.main.TestCaseMain.startTestSuite(TestCaseMain.java:180)
	at TempTestSuite1740991900055.run(TempTestSuite1740991900055.groovy:35)
	at java.base/jdk.internal.reflect.NativeMethodAccessorImpl.invoke0(Native Method)
	at java.base/jdk.internal.reflect.NativeMethodAccessorImpl.invoke(NativeMethodAccessorImpl.java:77)
	at java.base/jdk.internal.reflect.DelegatingMethodAccessorImpl.invoke(DelegatingMethodAccessorImpl.java:43)
)

03-03-2025T13:33:17 - [TEST_STEP][PASSED] - println(numberOfErrors): null

03-03-2025T13:33:17 - [TEST_STEP][PASSED] - println("a=" + a): null

03-03-2025T13:33:17 - [TEST_STEP][PASSED] - if (a == 28 || a == 77 || a == 74 || a == 65 || a == 36 || a == 44 || a == 54 || a == 1 || a == 18 || a == 59): null

03-03-2025T13:33:17 - [TEST_STEP][PASSED] - if (a == 82): null

03-03-2025T13:33:17 - [TEST_STEP][PASSED] - dZO = "Псковский филиал": null

03-03-2025T13:33:17 - [TEST_STEP][PASSED] - a = 43: null

03-03-2025T13:33:17 - [TEST_STEP][PASSED] - dzoCut = dZO.substring(0, 10): null

03-03-2025T13:33:17 - [TEST_STEP][PASSED] - if (x2.contains(dzoCut)): null

03-03-2025T13:33:17 - [TEST_STEP][PASSED] - filialNum = filialNum + 1: null

03-03-2025T13:33:17 - [TEST_STEP][PASSED] - Script1718980020443.Numbers(a, typeOfData, todaysDate, pageInt, fileInt, pageDouble, fileDouble, dZO, dzoNum, filialNum): null

03-03-2025T13:33:17 - [TEST_STEP][PASSED] - println(dzoNum): null

03-03-2025T13:33:17 - [TEST_STEP][PASSED] - planFact = <not implemented yet for class: org.codehaus.groovy.ast.expr.EmptyExpression>: null

03-03-2025T13:33:17 - [TEST_STEP][PASSED] - page = <not implemented yet for class: org.codehaus.groovy.ast.expr.EmptyExpression>: null

03-03-2025T13:33:17 - [TEST_STEP][PASSED] - page1 = <not implemented yet for class: org.codehaus.groovy.ast.expr.EmptyExpression>: null

03-03-2025T13:33:17 - [TEST_STEP][PASSED] - page2 = <not implemented yet for class: org.codehaus.groovy.ast.expr.EmptyExpression>: null

03-03-2025T13:33:17 - [TEST_STEP][PASSED] - filialNumberInRow = <not implemented yet for class: org.codehaus.groovy.ast.expr.EmptyExpression>: null

03-03-2025T13:33:17 - [TEST_STEP][PASSED] - filialsDzoNames = <not implemented yet for class: org.codehaus.groovy.ast.expr.EmptyExpression>: null

03-03-2025T13:33:17 - [TEST_STEP][PASSED] - numberOfFilials = <not implemented yet for class: org.codehaus.groovy.ast.expr.EmptyExpression>: null

03-03-2025T13:33:17 - [TEST_STEP][PASSED] - numberOfSpaces = <not implemented yet for class: org.codehaus.groovy.ast.expr.EmptyExpression>: null

03-03-2025T13:33:17 - [TEST_STEP][PASSED] - file = <not implemented yet for class: org.codehaus.groovy.ast.expr.EmptyExpression>: null

03-03-2025T13:33:17 - [TEST_STEP][PASSED] - otpusk = <not implemented yet for class: org.codehaus.groovy.ast.expr.EmptyExpression>: null

03-03-2025T13:33:17 - [TEST_STEP][PASSED] - poteri = <not implemented yet for class: org.codehaus.groovy.ast.expr.EmptyExpression>: null

03-03-2025T13:33:17 - [TEST_STEP][PASSED] - dataFolder = "Выполнение бизнес-плана/Значения со страницы Выполнение бизнес-плана/": null

03-03-2025T13:33:17 - [TEST_STEP][PASSED] - path = <not implemented yet for class: org.codehaus.groovy.ast.expr.EmptyExpression>: null

03-03-2025T13:33:17 - [TEST_STEP][PASSED] - typeOfDataMain = <not implemented yet for class: org.codehaus.groovy.ast.expr.EmptyExpression>: null

03-03-2025T13:33:17 - [TEST_STEP][PASSED] - fileOtpuskVSet = <not implemented yet for class: org.codehaus.groovy.ast.expr.EmptyExpression>: null

03-03-2025T13:33:17 - [TEST_STEP][PASSED] - pageOtpuskVSet = <not implemented yet for class: org.codehaus.groovy.ast.expr.EmptyExpression>: null

03-03-2025T13:33:17 - [TEST_STEP][PASSED] - filePoteri = <not implemented yet for class: org.codehaus.groovy.ast.expr.EmptyExpression>: null

03-03-2025T13:33:17 - [TEST_STEP][PASSED] - pagePoteri = <not implemented yet for class: org.codehaus.groovy.ast.expr.EmptyExpression>: null

03-03-2025T13:33:17 - [TEST_STEP][PASSED] - compare = <not implemented yet for class: org.codehaus.groovy.ast.expr.EmptyExpression>: null

03-03-2025T13:33:17 - [TEST_STEP][PASSED] - b = <not implemented yet for class: org.codehaus.groovy.ast.expr.EmptyExpression>: null

03-03-2025T13:33:17 - [TEST_STEP][PASSED] - i = <not implemented yet for class: org.codehaus.groovy.ast.expr.EmptyExpression>: null

03-03-2025T13:33:17 - [TEST_STEP][PASSED] - ii = <not implemented yet for class: org.codehaus.groovy.ast.expr.EmptyExpression>: null

03-03-2025T13:33:17 - [TEST_STEP][PASSED] - c = <not implemented yet for class: org.codehaus.groovy.ast.expr.EmptyExpression>: null

03-03-2025T13:33:17 - [TEST_STEP][PASSED] - numberOfErrors = 0: null

03-03-2025T13:33:17 - [TEST_STEP][PASSED] - if (a == 82): null

03-03-2025T13:33:17 - [TEST_STEP][PASSED] - b = findTestData("PlanFact").getValue(1, a): null

03-03-2025T13:33:17 - [TEST_STEP][PASSED] - i = b.indexOf(" (ГК)"): null

03-03-2025T13:33:17 - [TEST_STEP][PASSED] - if (i > -1): null

03-03-2025T13:33:17 - [TEST_STEP][PASSED] - i = b.indexOf("О ""): null

03-03-2025T13:33:17 - [TEST_STEP][PASSED] - if (i > -1): null

03-03-2025T13:33:17 - [TEST_STEP][PASSED] - i = b.indexOf("О «"): null

03-03-2025T13:33:17 - [TEST_STEP][PASSED] - if (i > -1): null

03-03-2025T13:33:17 - [TEST_STEP][PASSED] - i = b.indexOf("г. "): null

03-03-2025T13:33:17 - [TEST_STEP][PASSED] - if (i > -1): null

03-03-2025T13:33:17 - [TEST_STEP][PASSED] - b = b.trim(): null

03-03-2025T13:33:17 - [TEST_STEP][PASSED] - println(b): null

03-03-2025T13:33:17 - [TEST_STEP][PASSED] - for ([planFact = 1, planFact < 3, (planFact++)]): Object: 'Object Repository/Выполнение бизнес-плана/Кнопка Факт' is clicked on

03-03-2025T13:33:17 - [TEST_STEP][PASSED] - if (planFact == 1): null

03-03-2025T13:33:17 - [TEST_STEP][PASSED] - typeOfDataMain = "Факт": null

03-03-2025T13:33:17 - [TEST_STEP][PASSED] - otpusk = findTestData("PlanFact").getValue(5, a): null

03-03-2025T13:33:17 - [TEST_STEP][PASSED] - poteri = findTestData("PlanFact").getValue(6, a): null

03-03-2025T13:33:17 - [TEST_STEP][PASSED] - otpusk = otpusk.replaceAll("\s+", ""): null

03-03-2025T13:33:17 - [TEST_STEP][PASSED] - poteri = poteri.replaceAll("\s+", ""): null

03-03-2025T13:33:17 - [TEST_STEP][PASSED] - typeOfData = typeOfDataMain + " Отпуск в сеть": null

03-03-2025T13:33:17 - [TEST_STEP][PASSED] - if (a == 82): null

03-03-2025T13:33:17 - [TEST_STEP][PASSED] - else if (a == 84): null

03-03-2025T13:33:17 - [TEST_STEP][PASSED] - else if (a == 83 || a == 52 || a == 72 || a == 28 || a == 73 || a == 77 || a == 74 || a == 65 || a == 36 || a == 44 || a == 53 || a == 80 || a == 54 || a == 1 || a == 18 || a == 59 || a == 81): null

03-03-2025T13:33:17 - [TEST_STEP][PASSED] - else: null

03-03-2025T13:33:17 - [TEST_STEP][PASSED] - path = dataFolder + typeOfData + " за отчётный период " + b: null

03-03-2025T13:33:17 - [TEST_STEP][PASSED] - println(path): null

03-03-2025T13:33:17 - [TEST_STEP][PASSED] - page = getText(findTestObject(path)): Text of object 'Object Repository/Выполнение бизнес-плана/Значения со страницы Выполнение бизнес-плана/Факт Отпуск в сеть за отчётный период Псковский филиал' is: '2 357 718'

03-03-2025T13:33:17 - [MESSAGE][PASSED] - Text of object 'Object Repository/Выполнение бизнес-плана/Значения со страницы Выполнение бизнес-плана/Факт Отпуск в сеть за отчётный период Псковский филиал' is: '2 357 718'

03-03-2025T13:33:17 - [TEST_STEP][PASSED] - if (page == "" || page == null): null

03-03-2025T13:33:17 - [TEST_STEP][PASSED] - else: null

03-03-2025T13:33:17 - [TEST_STEP][PASSED] - page = page.replaceAll("\s+", ""): null

03-03-2025T13:33:17 - [TEST_STEP][PASSED] - fileOtpuskVSet = otpusk.toInteger(): null

03-03-2025T13:33:17 - [TEST_STEP][PASSED] - pageOtpuskVSet = page.toInteger(): null

03-03-2025T13:33:17 - [TEST_STEP][PASSED] - typeOfData = typeOfDataMain + " Потери": null

03-03-2025T13:33:17 - [TEST_STEP][PASSED] - if (a == 82): null

03-03-2025T13:33:17 - [TEST_STEP][PASSED] - else if (a == 84): null

03-03-2025T13:33:17 - [TEST_STEP][PASSED] - else if (a == 83 || a == 52 || a == 72 || a == 28 || a == 73 || a == 77 || a == 74 || a == 65 || a == 44 || a == 53 || a == 80 || a == 54 || a == 1 || a == 18 || a == 59 || a == 81): null

03-03-2025T13:33:17 - [TEST_STEP][PASSED] - else: null

03-03-2025T13:33:17 - [TEST_STEP][PASSED] - path = dataFolder + typeOfData + " за отчётный период " + b: null

03-03-2025T13:33:17 - [TEST_STEP][PASSED] - page = getText(findTestObject(path)): Text of object 'Object Repository/Выполнение бизнес-плана/Значения со страницы Выполнение бизнес-плана/Факт Потери за отчётный период Псковский филиал' is: '244 470'

03-03-2025T13:33:18 - [MESSAGE][PASSED] - Text of object 'Object Repository/Выполнение бизнес-плана/Значения со страницы Выполнение бизнес-плана/Факт Потери за отчётный период Псковский филиал' is: '244 470'

03-03-2025T13:33:18 - [TEST_STEP][PASSED] - if (page == "" || page == null): null

03-03-2025T13:33:18 - [TEST_STEP][PASSED] - else: null

03-03-2025T13:33:18 - [TEST_STEP][PASSED] - page = page.replaceAll("\s+", ""): null

03-03-2025T13:33:18 - [TEST_STEP][PASSED] - filePoteri = poteri.toInteger(): null

03-03-2025T13:33:18 - [TEST_STEP][PASSED] - pagePoteri = page.toInteger(): null

03-03-2025T13:33:18 - [TEST_STEP][PASSED] - compare = pageOtpuskVSet: null

03-03-2025T13:33:18 - [TEST_STEP][PASSED] - if (pageOtpuskVSet != null): null

03-03-2025T13:33:18 - [TEST_STEP][PASSED] - if (compare == fileOtpuskVSet): null

03-03-2025T13:33:18 - [TEST_STEP][PASSED] - if (compare == fileOtpuskVSet): null

03-03-2025T13:33:18 - [TEST_STEP][PASSED] - compare = pagePoteri: null

03-03-2025T13:33:18 - [TEST_STEP][PASSED] - if (pageOtpuskVSet != null): null

03-03-2025T13:33:18 - [TEST_STEP][PASSED] - if (compare == filePoteri): null

03-03-2025T13:33:18 - [TEST_STEP][PASSED] - if (compare == filePoteri): null

03-03-2025T13:33:18 - [TEST_STEP][PASSED] - if (planFact == 2): null

03-03-2025T13:33:18 - [TEST_STEP][PASSED] - if (planFact == 1): null

03-03-2025T13:33:18 - [TEST_STEP][PASSED] - else if (planFact == 2): null

03-03-2025T13:33:18 - [TEST_STEP][PASSED] - click(findTestObject("Выполнение бизнес-плана/Кнопка План")): Object: 'Object Repository/Выполнение бизнес-плана/Кнопка План' is clicked on

03-03-2025T13:33:18 - [MESSAGE][PASSED] - Object: 'Object Repository/Выполнение бизнес-плана/Кнопка План' is clicked on

03-03-2025T13:33:18 - [TEST_STEP][PASSED] - typeOfDataMain = "План": null

03-03-2025T13:33:18 - [TEST_STEP][PASSED] - otpusk = findTestData("PlanFact").getValue(2, a): null

03-03-2025T13:33:18 - [TEST_STEP][PASSED] - poteri = findTestData("PlanFact").getValue(3, a): null

03-03-2025T13:33:18 - [TEST_STEP][PASSED] - otpusk = otpusk.replaceAll("\s+", ""): null

03-03-2025T13:33:18 - [TEST_STEP][PASSED] - poteri = poteri.replaceAll("\s+", ""): null

03-03-2025T13:33:18 - [TEST_STEP][PASSED] - typeOfData = typeOfDataMain + " Отпуск в сеть": null

03-03-2025T13:33:18 - [TEST_STEP][PASSED] - if (a == 82): null

03-03-2025T13:33:18 - [TEST_STEP][PASSED] - else if (a == 84): null

03-03-2025T13:33:18 - [TEST_STEP][PASSED] - else if (a == 83 || a == 52 || a == 72 || a == 28 || a == 73 || a == 77 || a == 74 || a == 65 || a == 36 || a == 44 || a == 53 || a == 80 || a == 54 || a == 1 || a == 18 || a == 59 || a == 81): null

03-03-2025T13:33:18 - [TEST_STEP][PASSED] - else: null

03-03-2025T13:33:18 - [TEST_STEP][PASSED] - path = dataFolder + typeOfData + " за отчётный период " + b: null

03-03-2025T13:33:18 - [TEST_STEP][PASSED] - println(path): null

03-03-2025T13:33:18 - [TEST_STEP][PASSED] - page = getText(findTestObject(path)): Text of object 'Object Repository/Выполнение бизнес-плана/Значения со страницы Выполнение бизнес-плана/План Отпуск в сеть за отчётный период Псковский филиал' is: '2 307 603'

03-03-2025T13:33:19 - [MESSAGE][PASSED] - Text of object 'Object Repository/Выполнение бизнес-плана/Значения со страницы Выполнение бизнес-плана/План Отпуск в сеть за отчётный период Псковский филиал' is: '2 307 603'

03-03-2025T13:33:19 - [TEST_STEP][PASSED] - if (page == "" || page == null): null

03-03-2025T13:33:19 - [TEST_STEP][PASSED] - else: null

03-03-2025T13:33:19 - [TEST_STEP][PASSED] - page = page.replaceAll("\s+", ""): null

03-03-2025T13:33:19 - [TEST_STEP][PASSED] - fileOtpuskVSet = otpusk.toInteger(): null

03-03-2025T13:33:19 - [TEST_STEP][PASSED] - pageOtpuskVSet = page.toInteger(): null

03-03-2025T13:33:19 - [TEST_STEP][PASSED] - typeOfData = typeOfDataMain + " Потери": null

03-03-2025T13:33:19 - [TEST_STEP][PASSED] - if (a == 82): null

03-03-2025T13:33:19 - [TEST_STEP][PASSED] - else if (a == 84): null

03-03-2025T13:33:19 - [TEST_STEP][PASSED] - else if (a == 83 || a == 52 || a == 72 || a == 28 || a == 73 || a == 77 || a == 74 || a == 65 || a == 44 || a == 53 || a == 80 || a == 54 || a == 1 || a == 18 || a == 59 || a == 81): null

03-03-2025T13:33:19 - [TEST_STEP][PASSED] - else: null

03-03-2025T13:33:19 - [TEST_STEP][PASSED] - path = dataFolder + typeOfData + " за отчётный период " + b: null

03-03-2025T13:33:19 - [TEST_STEP][PASSED] - page = getText(findTestObject(path)): Text of object 'Object Repository/Выполнение бизнес-плана/Значения со страницы Выполнение бизнес-плана/План Потери за отчётный период Псковский филиал' is: '241 021'

03-03-2025T13:33:19 - [MESSAGE][PASSED] - Text of object 'Object Repository/Выполнение бизнес-плана/Значения со страницы Выполнение бизнес-плана/План Потери за отчётный период Псковский филиал' is: '241 021'

03-03-2025T13:33:19 - [TEST_STEP][PASSED] - if (page == "" || page == null): null

03-03-2025T13:33:19 - [TEST_STEP][PASSED] - else: null

03-03-2025T13:33:19 - [TEST_STEP][PASSED] - page = page.replaceAll("\s+", ""): null

03-03-2025T13:33:19 - [TEST_STEP][PASSED] - filePoteri = poteri.toInteger(): null

03-03-2025T13:33:19 - [TEST_STEP][PASSED] - pagePoteri = page.toInteger(): null

03-03-2025T13:33:19 - [TEST_STEP][PASSED] - compare = pageOtpuskVSet: null

03-03-2025T13:33:19 - [TEST_STEP][PASSED] - if (pageOtpuskVSet != null): null

03-03-2025T13:33:19 - [TEST_STEP][PASSED] - if (compare == fileOtpuskVSet): null

03-03-2025T13:33:19 - [TEST_STEP][PASSED] - if (compare == fileOtpuskVSet): null

03-03-2025T13:33:19 - [TEST_STEP][PASSED] - compare = pagePoteri: null

03-03-2025T13:33:19 - [TEST_STEP][PASSED] - if (pageOtpuskVSet != null): null

03-03-2025T13:33:19 - [TEST_STEP][PASSED] - if (compare == filePoteri): null

03-03-2025T13:33:19 - [TEST_STEP][PASSED] - if (compare == filePoteri): null

03-03-2025T13:33:19 - [TEST_STEP][PASSED] - if (planFact == 2): Object: 'Object Repository/Выполнение бизнес-плана/Кнопка Факт' is clicked on

03-03-2025T13:33:19 - [TEST_STEP][PASSED] - click(findTestObject("Выполнение бизнес-плана/Кнопка Факт")): Object: 'Object Repository/Выполнение бизнес-плана/Кнопка Факт' is clicked on

03-03-2025T13:33:19 - [MESSAGE][PASSED] - Object: 'Object Repository/Выполнение бизнес-плана/Кнопка Факт' is clicked on

03-03-2025T13:33:19 - [TEST_STEP][PASSED] - println("a=" + a): null

03-03-2025T13:33:19 - [TEST_STEP][PASSED] - if (a == 84 || a == 82): null

03-03-2025T13:33:19 - [TEST_STEP][PASSED] - else if (a == 83 || a == 52 || a == 72 || a == 28 || a == 73 || a == 77 || a == 74 || a == 65 || a == 36 || a == 44 || a == 53 || a == 80 || a == 54 || a == 1 || a == 18 || a == 59 || a == 81): null

03-03-2025T13:33:19 - [TEST_STEP][PASSED] - else: null

03-03-2025T13:33:19 - [TEST_STEP][PASSED] - page1 = getText(findTestObject("Object Repository/Выполнение бизнес-плана/spanPlan" + filialNum)): Text of object 'Object Repository/Выполнение бизнес-плана/spanPlan6' is: '10.44
|'

03-03-2025T13:33:19 - [MESSAGE][PASSED] - Text of object 'Object Repository/Выполнение бизнес-плана/spanPlan6' is: '10.44
|'

03-03-2025T13:33:19 - [TEST_STEP][PASSED] - page1 = page1.replace("|", ""): null

03-03-2025T13:33:19 - [TEST_STEP][PASSED] - page2 = getText(findTestObject("Object Repository/Выполнение бизнес-плана/spanFact" + filialNum)): Text of object 'Object Repository/Выполнение бизнес-плана/spanFact6' is: '10.37
|'

03-03-2025T13:33:20 - [MESSAGE][PASSED] - Text of object 'Object Repository/Выполнение бизнес-плана/spanFact6' is: '10.37
|'

03-03-2025T13:33:20 - [TEST_STEP][PASSED] - page2 = page2.replace("|", ""): null

03-03-2025T13:33:20 - [TEST_STEP][PASSED] - println("page1: " + page1): null

03-03-2025T13:33:20 - [TEST_STEP][PASSED] - println("page2: " + page2): null

03-03-2025T13:33:20 - [TEST_STEP][PASSED] - file = findTestData("PlanFact").getValue(4, a): null

03-03-2025T13:33:20 - [TEST_STEP][PASSED] - file = file.replace(",", "."): null

03-03-2025T13:33:20 - [TEST_STEP][PASSED] - println("file Plan: " + file): null

03-03-2025T13:33:20 - [TEST_STEP][PASSED] - typeOfData = "План в процентах": null

03-03-2025T13:33:20 - [TEST_STEP][PASSED] - fileDouble = file.toDouble(): null

03-03-2025T13:33:20 - [TEST_STEP][PASSED] - pageDouble = page1.toDouble(): null

03-03-2025T13:33:20 - [TEST_STEP][PASSED] - if (fileDouble != pageDouble): null

03-03-2025T13:33:20 - [TEST_STEP][PASSED] - file = findTestData("PlanFact").getValue(7, a): null

03-03-2025T13:33:20 - [TEST_STEP][PASSED] - file = file.replace(",", "."): null

03-03-2025T13:33:20 - [TEST_STEP][PASSED] - println("file Fact: " + file): null

03-03-2025T13:33:20 - [TEST_STEP][PASSED] - fileDouble = file.toDouble(): null

03-03-2025T13:33:20 - [TEST_STEP][PASSED] - typeOfData = "Факт в процентах": null

03-03-2025T13:33:20 - [TEST_STEP][PASSED] - fileDouble = file.toDouble(): null

03-03-2025T13:33:20 - [TEST_STEP][PASSED] - pageDouble = page2.toDouble(): null

03-03-2025T13:33:20 - [TEST_STEP][PASSED] - if (fileDouble != pageDouble): null

03-03-2025T13:33:20 - [TEST_STEP][PASSED] - if (verifyEqual(numberOfErrors, 0) == false): Actual object '0' and expected object '0' are equal

03-03-2025T13:33:20 - [MESSAGE][PASSED] - Actual object '0' and expected object '0' are equal

03-03-2025T13:33:20 - [TEST_STEP][PASSED] - if (a == 82): null

03-03-2025T13:33:20 - [TEST_STEP][PASSED] - dZO = "филиал в Республике Коми": null

03-03-2025T13:33:20 - [TEST_STEP][PASSED] - a = 41: null

03-03-2025T13:33:20 - [TEST_STEP][PASSED] - if (x2.contains("Коми")): null

03-03-2025T13:33:20 - [TEST_STEP][PASSED] - filialNum = filialNum + 1: null

03-03-2025T13:33:20 - [TEST_STEP][PASSED] - Script1718980020443.Numbers(a, typeOfData, todaysDate, pageInt, fileInt, pageDouble, fileDouble, dZO, dzoNum, filialNum): null

03-03-2025T13:33:20 - [TEST_STEP][PASSED] - println(dzoNum): null

03-03-2025T13:33:20 - [TEST_STEP][PASSED] - planFact = <not implemented yet for class: org.codehaus.groovy.ast.expr.EmptyExpression>: null

03-03-2025T13:33:20 - [TEST_STEP][PASSED] - page = <not implemented yet for class: org.codehaus.groovy.ast.expr.EmptyExpression>: null

03-03-2025T13:33:20 - [TEST_STEP][PASSED] - page1 = <not implemented yet for class: org.codehaus.groovy.ast.expr.EmptyExpression>: null

03-03-2025T13:33:20 - [TEST_STEP][PASSED] - page2 = <not implemented yet for class: org.codehaus.groovy.ast.expr.EmptyExpression>: null

03-03-2025T13:33:20 - [TEST_STEP][PASSED] - filialNumberInRow = <not implemented yet for class: org.codehaus.groovy.ast.expr.EmptyExpression>: null

03-03-2025T13:33:20 - [TEST_STEP][PASSED] - filialsDzoNames = <not implemented yet for class: org.codehaus.groovy.ast.expr.EmptyExpression>: null

03-03-2025T13:33:20 - [TEST_STEP][PASSED] - numberOfFilials = <not implemented yet for class: org.codehaus.groovy.ast.expr.EmptyExpression>: null

03-03-2025T13:33:20 - [TEST_STEP][PASSED] - numberOfSpaces = <not implemented yet for class: org.codehaus.groovy.ast.expr.EmptyExpression>: null

03-03-2025T13:33:20 - [TEST_STEP][PASSED] - file = <not implemented yet for class: org.codehaus.groovy.ast.expr.EmptyExpression>: null

03-03-2025T13:33:20 - [TEST_STEP][PASSED] - otpusk = <not implemented yet for class: org.codehaus.groovy.ast.expr.EmptyExpression>: null

03-03-2025T13:33:20 - [TEST_STEP][PASSED] - poteri = <not implemented yet for class: org.codehaus.groovy.ast.expr.EmptyExpression>: null

03-03-2025T13:33:20 - [TEST_STEP][PASSED] - dataFolder = "Выполнение бизнес-плана/Значения со страницы Выполнение бизнес-плана/": null

03-03-2025T13:33:20 - [TEST_STEP][PASSED] - path = <not implemented yet for class: org.codehaus.groovy.ast.expr.EmptyExpression>: null

03-03-2025T13:33:20 - [TEST_STEP][PASSED] - typeOfDataMain = <not implemented yet for class: org.codehaus.groovy.ast.expr.EmptyExpression>: null

03-03-2025T13:33:20 - [TEST_STEP][PASSED] - fileOtpuskVSet = <not implemented yet for class: org.codehaus.groovy.ast.expr.EmptyExpression>: null

03-03-2025T13:33:20 - [TEST_STEP][PASSED] - pageOtpuskVSet = <not implemented yet for class: org.codehaus.groovy.ast.expr.EmptyExpression>: null

03-03-2025T13:33:20 - [TEST_STEP][PASSED] - filePoteri = <not implemented yet for class: org.codehaus.groovy.ast.expr.EmptyExpression>: null

03-03-2025T13:33:20 - [TEST_STEP][PASSED] - pagePoteri = <not implemented yet for class: org.codehaus.groovy.ast.expr.EmptyExpression>: null

03-03-2025T13:33:20 - [TEST_STEP][PASSED] - compare = <not implemented yet for class: org.codehaus.groovy.ast.expr.EmptyExpression>: null

03-03-2025T13:33:20 - [TEST_STEP][PASSED] - b = <not implemented yet for class: org.codehaus.groovy.ast.expr.EmptyExpression>: null

03-03-2025T13:33:20 - [TEST_STEP][PASSED] - i = <not implemented yet for class: org.codehaus.groovy.ast.expr.EmptyExpression>: null

03-03-2025T13:33:20 - [TEST_STEP][PASSED] - ii = <not implemented yet for class: org.codehaus.groovy.ast.expr.EmptyExpression>: null

03-03-2025T13:33:20 - [TEST_STEP][PASSED] - c = <not implemented yet for class: org.codehaus.groovy.ast.expr.EmptyExpression>: null

03-03-2025T13:33:20 - [TEST_STEP][PASSED] - numberOfErrors = 0: null

03-03-2025T13:33:20 - [TEST_STEP][PASSED] - if (a == 82): null

03-03-2025T13:33:20 - [TEST_STEP][PASSED] - b = findTestData("PlanFact").getValue(1, a): null

03-03-2025T13:33:20 - [TEST_STEP][PASSED] - i = b.indexOf(" (ГК)"): null

03-03-2025T13:33:20 - [TEST_STEP][PASSED] - if (i > -1): null

03-03-2025T13:33:20 - [TEST_STEP][PASSED] - i = b.indexOf("О ""): null

03-03-2025T13:33:20 - [TEST_STEP][PASSED] - if (i > -1): null

03-03-2025T13:33:20 - [TEST_STEP][PASSED] - i = b.indexOf("О «"): null

03-03-2025T13:33:20 - [TEST_STEP][PASSED] - if (i > -1): null

03-03-2025T13:33:20 - [TEST_STEP][PASSED] - i = b.indexOf("г. "): null

03-03-2025T13:33:20 - [TEST_STEP][PASSED] - if (i > -1): null

03-03-2025T13:33:20 - [TEST_STEP][PASSED] - b = b.trim(): null

03-03-2025T13:33:20 - [TEST_STEP][PASSED] - println(b): null

03-03-2025T13:33:20 - [TEST_STEP][PASSED] - for ([planFact = 1, planFact < 3, (planFact++)]): Object: 'Object Repository/Выполнение бизнес-плана/Кнопка Факт' is clicked on

03-03-2025T13:33:20 - [TEST_STEP][PASSED] - if (planFact == 1): null

03-03-2025T13:33:20 - [TEST_STEP][PASSED] - typeOfDataMain = "Факт": null

03-03-2025T13:33:20 - [TEST_STEP][PASSED] - otpusk = findTestData("PlanFact").getValue(5, a): null

03-03-2025T13:33:20 - [TEST_STEP][PASSED] - poteri = findTestData("PlanFact").getValue(6, a): null

03-03-2025T13:33:20 - [TEST_STEP][PASSED] - otpusk = otpusk.replaceAll("\s+", ""): null

03-03-2025T13:33:20 - [TEST_STEP][PASSED] - poteri = poteri.replaceAll("\s+", ""): null

03-03-2025T13:33:20 - [TEST_STEP][PASSED] - typeOfData = typeOfDataMain + " Отпуск в сеть": null

03-03-2025T13:33:20 - [TEST_STEP][PASSED] - if (a == 82): null

03-03-2025T13:33:20 - [TEST_STEP][PASSED] - else if (a == 84): null

03-03-2025T13:33:20 - [TEST_STEP][PASSED] - else if (a == 83 || a == 52 || a == 72 || a == 28 || a == 73 || a == 77 || a == 74 || a == 65 || a == 36 || a == 44 || a == 53 || a == 80 || a == 54 || a == 1 || a == 18 || a == 59 || a == 81): null

03-03-2025T13:33:20 - [TEST_STEP][PASSED] - else: null

03-03-2025T13:33:20 - [TEST_STEP][PASSED] - path = dataFolder + typeOfData + " за отчётный период " + b: null

03-03-2025T13:33:20 - [TEST_STEP][PASSED] - println(path): null

03-03-2025T13:33:20 - [TEST_STEP][PASSED] - page = getText(findTestObject(path)): Text of object 'Object Repository/Выполнение бизнес-плана/Значения со страницы Выполнение бизнес-плана/Факт Отпуск в сеть за отчётный период филиал в Республике Коми' is: '4 576 413'

03-03-2025T13:33:20 - [MESSAGE][PASSED] - Text of object 'Object Repository/Выполнение бизнес-плана/Значения со страницы Выполнение бизнес-плана/Факт Отпуск в сеть за отчётный период филиал в Республике Коми' is: '4 576 413'

03-03-2025T13:33:20 - [TEST_STEP][PASSED] - if (page == "" || page == null): null

03-03-2025T13:33:20 - [TEST_STEP][PASSED] - else: null

03-03-2025T13:33:20 - [TEST_STEP][PASSED] - page = page.replaceAll("\s+", ""): null

03-03-2025T13:33:20 - [TEST_STEP][PASSED] - fileOtpuskVSet = otpusk.toInteger(): null

03-03-2025T13:33:20 - [TEST_STEP][PASSED] - pageOtpuskVSet = page.toInteger(): null

03-03-2025T13:33:20 - [TEST_STEP][PASSED] - typeOfData = typeOfDataMain + " Потери": null

03-03-2025T13:33:20 - [TEST_STEP][PASSED] - if (a == 82): null

03-03-2025T13:33:20 - [TEST_STEP][PASSED] - else if (a == 84): null

03-03-2025T13:33:20 - [TEST_STEP][PASSED] - else if (a == 83 || a == 52 || a == 72 || a == 28 || a == 73 || a == 77 || a == 74 || a == 65 || a == 44 || a == 53 || a == 80 || a == 54 || a == 1 || a == 18 || a == 59 || a == 81): null

03-03-2025T13:33:20 - [TEST_STEP][PASSED] - else: null

03-03-2025T13:33:20 - [TEST_STEP][PASSED] - path = dataFolder + typeOfData + " за отчётный период " + b: null

03-03-2025T13:33:20 - [TEST_STEP][PASSED] - page = getText(findTestObject(path)): Text of object 'Object Repository/Выполнение бизнес-плана/Значения со страницы Выполнение бизнес-плана/Факт Потери за отчётный период филиал в Республике Коми' is: '278 720'

03-03-2025T13:33:21 - [MESSAGE][PASSED] - Text of object 'Object Repository/Выполнение бизнес-плана/Значения со страницы Выполнение бизнес-плана/Факт Потери за отчётный период филиал в Республике Коми' is: '278 720'

03-03-2025T13:33:21 - [TEST_STEP][PASSED] - if (page == "" || page == null): null

03-03-2025T13:33:21 - [TEST_STEP][PASSED] - else: null

03-03-2025T13:33:21 - [TEST_STEP][PASSED] - page = page.replaceAll("\s+", ""): null

03-03-2025T13:33:21 - [TEST_STEP][PASSED] - filePoteri = poteri.toInteger(): null

03-03-2025T13:33:21 - [TEST_STEP][PASSED] - pagePoteri = page.toInteger(): null

03-03-2025T13:33:21 - [TEST_STEP][PASSED] - compare = pageOtpuskVSet: null

03-03-2025T13:33:21 - [TEST_STEP][PASSED] - if (pageOtpuskVSet != null): null

03-03-2025T13:33:21 - [TEST_STEP][PASSED] - if (compare == fileOtpuskVSet): null

03-03-2025T13:33:21 - [TEST_STEP][PASSED] - if (compare == fileOtpuskVSet): null

03-03-2025T13:33:21 - [TEST_STEP][PASSED] - compare = pagePoteri: null

03-03-2025T13:33:21 - [TEST_STEP][PASSED] - if (pageOtpuskVSet != null): null

03-03-2025T13:33:21 - [TEST_STEP][PASSED] - if (compare == filePoteri): null

03-03-2025T13:33:21 - [TEST_STEP][PASSED] - if (compare == filePoteri): null

03-03-2025T13:33:21 - [TEST_STEP][PASSED] - if (planFact == 2): null

03-03-2025T13:33:21 - [TEST_STEP][PASSED] - if (planFact == 1): null

03-03-2025T13:33:21 - [TEST_STEP][PASSED] - else if (planFact == 2): null

03-03-2025T13:33:21 - [TEST_STEP][PASSED] - click(findTestObject("Выполнение бизнес-плана/Кнопка План")): Object: 'Object Repository/Выполнение бизнес-плана/Кнопка План' is clicked on

03-03-2025T13:33:21 - [MESSAGE][PASSED] - Object: 'Object Repository/Выполнение бизнес-плана/Кнопка План' is clicked on

03-03-2025T13:33:21 - [TEST_STEP][PASSED] - typeOfDataMain = "План": null

03-03-2025T13:33:21 - [TEST_STEP][PASSED] - otpusk = findTestData("PlanFact").getValue(2, a): null

03-03-2025T13:33:21 - [TEST_STEP][PASSED] - poteri = findTestData("PlanFact").getValue(3, a): null

03-03-2025T13:33:21 - [TEST_STEP][PASSED] - otpusk = otpusk.replaceAll("\s+", ""): null

03-03-2025T13:33:21 - [TEST_STEP][PASSED] - poteri = poteri.replaceAll("\s+", ""): null

03-03-2025T13:33:21 - [TEST_STEP][PASSED] - typeOfData = typeOfDataMain + " Отпуск в сеть": null

03-03-2025T13:33:21 - [TEST_STEP][PASSED] - if (a == 82): null

03-03-2025T13:33:21 - [TEST_STEP][PASSED] - else if (a == 84): null

03-03-2025T13:33:21 - [TEST_STEP][PASSED] - else if (a == 83 || a == 52 || a == 72 || a == 28 || a == 73 || a == 77 || a == 74 || a == 65 || a == 36 || a == 44 || a == 53 || a == 80 || a == 54 || a == 1 || a == 18 || a == 59 || a == 81): null

03-03-2025T13:33:21 - [TEST_STEP][PASSED] - else: null

03-03-2025T13:33:21 - [TEST_STEP][PASSED] - path = dataFolder + typeOfData + " за отчётный период " + b: null

03-03-2025T13:33:21 - [TEST_STEP][PASSED] - println(path): null

03-03-2025T13:33:21 - [TEST_STEP][PASSED] - page = getText(findTestObject(path)): Text of object 'Object Repository/Выполнение бизнес-плана/Значения со страницы Выполнение бизнес-плана/План Отпуск в сеть за отчётный период филиал в Республике Коми' is: '4 674 298'

03-03-2025T13:33:21 - [MESSAGE][PASSED] - Text of object 'Object Repository/Выполнение бизнес-плана/Значения со страницы Выполнение бизнес-плана/План Отпуск в сеть за отчётный период филиал в Республике Коми' is: '4 674 298'

03-03-2025T13:33:21 - [TEST_STEP][PASSED] - if (page == "" || page == null): null

03-03-2025T13:33:21 - [TEST_STEP][PASSED] - else: null

03-03-2025T13:33:21 - [TEST_STEP][PASSED] - page = page.replaceAll("\s+", ""): null

03-03-2025T13:33:21 - [TEST_STEP][PASSED] - fileOtpuskVSet = otpusk.toInteger(): null

03-03-2025T13:33:21 - [TEST_STEP][PASSED] - pageOtpuskVSet = page.toInteger(): null

03-03-2025T13:33:21 - [TEST_STEP][PASSED] - typeOfData = typeOfDataMain + " Потери": null

03-03-2025T13:33:21 - [TEST_STEP][PASSED] - if (a == 82): null

03-03-2025T13:33:21 - [TEST_STEP][PASSED] - else if (a == 84): null

03-03-2025T13:33:21 - [TEST_STEP][PASSED] - else if (a == 83 || a == 52 || a == 72 || a == 28 || a == 73 || a == 77 || a == 74 || a == 65 || a == 44 || a == 53 || a == 80 || a == 54 || a == 1 || a == 18 || a == 59 || a == 81): null

03-03-2025T13:33:21 - [TEST_STEP][PASSED] - else: null

03-03-2025T13:33:21 - [TEST_STEP][PASSED] - path = dataFolder + typeOfData + " за отчётный период " + b: null

03-03-2025T13:33:21 - [TEST_STEP][PASSED] - page = getText(findTestObject(path)): Text of object 'Object Repository/Выполнение бизнес-плана/Значения со страницы Выполнение бизнес-плана/План Потери за отчётный период филиал в Республике Коми' is: '301 224'

03-03-2025T13:33:22 - [MESSAGE][PASSED] - Text of object 'Object Repository/Выполнение бизнес-плана/Значения со страницы Выполнение бизнес-плана/План Потери за отчётный период филиал в Республике Коми' is: '301 224'

03-03-2025T13:33:22 - [TEST_STEP][PASSED] - if (page == "" || page == null): null

03-03-2025T13:33:22 - [TEST_STEP][PASSED] - else: null

03-03-2025T13:33:22 - [TEST_STEP][PASSED] - page = page.replaceAll("\s+", ""): null

03-03-2025T13:33:22 - [TEST_STEP][PASSED] - filePoteri = poteri.toInteger(): null

03-03-2025T13:33:22 - [TEST_STEP][PASSED] - pagePoteri = page.toInteger(): null

03-03-2025T13:33:22 - [TEST_STEP][PASSED] - compare = pageOtpuskVSet: null

03-03-2025T13:33:22 - [TEST_STEP][PASSED] - if (pageOtpuskVSet != null): null

03-03-2025T13:33:22 - [TEST_STEP][PASSED] - if (compare == fileOtpuskVSet): null

03-03-2025T13:33:22 - [TEST_STEP][PASSED] - if (compare == fileOtpuskVSet): null

03-03-2025T13:33:22 - [TEST_STEP][PASSED] - compare = pagePoteri: null

03-03-2025T13:33:22 - [TEST_STEP][PASSED] - if (pageOtpuskVSet != null): null

03-03-2025T13:33:22 - [TEST_STEP][PASSED] - if (compare == filePoteri): null

03-03-2025T13:33:22 - [TEST_STEP][PASSED] - if (compare == filePoteri): null

03-03-2025T13:33:22 - [TEST_STEP][PASSED] - if (planFact == 2): Object: 'Object Repository/Выполнение бизнес-плана/Кнопка Факт' is clicked on

03-03-2025T13:33:22 - [TEST_STEP][PASSED] - click(findTestObject("Выполнение бизнес-плана/Кнопка Факт")): Object: 'Object Repository/Выполнение бизнес-плана/Кнопка Факт' is clicked on

03-03-2025T13:33:22 - [MESSAGE][PASSED] - Object: 'Object Repository/Выполнение бизнес-плана/Кнопка Факт' is clicked on

03-03-2025T13:33:22 - [TEST_STEP][PASSED] - println("a=" + a): null

03-03-2025T13:33:22 - [TEST_STEP][PASSED] - if (a == 84 || a == 82): null

03-03-2025T13:33:22 - [TEST_STEP][PASSED] - else if (a == 83 || a == 52 || a == 72 || a == 28 || a == 73 || a == 77 || a == 74 || a == 65 || a == 36 || a == 44 || a == 53 || a == 80 || a == 54 || a == 1 || a == 18 || a == 59 || a == 81): null

03-03-2025T13:33:22 - [TEST_STEP][PASSED] - else: null

03-03-2025T13:33:22 - [TEST_STEP][PASSED] - page1 = getText(findTestObject("Object Repository/Выполнение бизнес-плана/spanPlan" + filialNum)): Text of object 'Object Repository/Выполнение бизнес-плана/spanPlan7' is: '6.44
|'

03-03-2025T13:33:22 - [MESSAGE][PASSED] - Text of object 'Object Repository/Выполнение бизнес-плана/spanPlan7' is: '6.44
|'

03-03-2025T13:33:22 - [TEST_STEP][PASSED] - page1 = page1.replace("|", ""): null

03-03-2025T13:33:22 - [TEST_STEP][PASSED] - page2 = getText(findTestObject("Object Repository/Выполнение бизнес-плана/spanFact" + filialNum)): Text of object 'Object Repository/Выполнение бизнес-плана/spanFact7' is: '6.09
|'

03-03-2025T13:33:23 - [MESSAGE][PASSED] - Text of object 'Object Repository/Выполнение бизнес-плана/spanFact7' is: '6.09
|'

03-03-2025T13:33:23 - [TEST_STEP][PASSED] - page2 = page2.replace("|", ""): null

03-03-2025T13:33:23 - [TEST_STEP][PASSED] - println("page1: " + page1): null

03-03-2025T13:33:23 - [TEST_STEP][PASSED] - println("page2: " + page2): null

03-03-2025T13:33:23 - [TEST_STEP][PASSED] - file = findTestData("PlanFact").getValue(4, a): null

03-03-2025T13:33:23 - [TEST_STEP][PASSED] - file = file.replace(",", "."): null

03-03-2025T13:33:23 - [TEST_STEP][PASSED] - println("file Plan: " + file): null

03-03-2025T13:33:23 - [TEST_STEP][PASSED] - typeOfData = "План в процентах": null

03-03-2025T13:33:23 - [TEST_STEP][PASSED] - fileDouble = file.toDouble(): null

03-03-2025T13:33:23 - [TEST_STEP][PASSED] - pageDouble = page1.toDouble(): null

03-03-2025T13:33:23 - [TEST_STEP][PASSED] - if (fileDouble != pageDouble): null

03-03-2025T13:33:23 - [TEST_STEP][PASSED] - file = findTestData("PlanFact").getValue(7, a): null

03-03-2025T13:33:23 - [TEST_STEP][PASSED] - file = file.replace(",", "."): null

03-03-2025T13:33:23 - [TEST_STEP][PASSED] - println("file Fact: " + file): null

03-03-2025T13:33:23 - [TEST_STEP][PASSED] - fileDouble = file.toDouble(): null

03-03-2025T13:33:23 - [TEST_STEP][PASSED] - typeOfData = "Факт в процентах": null

03-03-2025T13:33:23 - [TEST_STEP][PASSED] - fileDouble = file.toDouble(): null

03-03-2025T13:33:23 - [TEST_STEP][PASSED] - pageDouble = page2.toDouble(): null

03-03-2025T13:33:23 - [TEST_STEP][PASSED] - if (fileDouble != pageDouble): null

03-03-2025T13:33:23 - [TEST_STEP][PASSED] - if (verifyEqual(numberOfErrors, 0) == false): Actual object '0' and expected object '0' are equal

03-03-2025T13:33:23 - [MESSAGE][PASSED] - Actual object '0' and expected object '0' are equal

03-03-2025T13:33:23 - [TEST_STEP][PASSED] - if (a == 82): null

03-03-2025T13:33:23 - [TEST_STEP][PASSED] - filialNum = 0: null

03-03-2025T13:33:23 - [TEST_STEP][PASSED] - if (a == 44): null

03-03-2025T13:33:23 - [TEST_STEP][PASSED] - if (a == 54): null

03-03-2025T13:33:23 - [TEST_STEP][PASSED] - if (a == 59): null

03-03-2025T13:33:23 - [TEST_STEP][PASSED] - Script1718980020443.OpenFilter(): null

03-03-2025T13:33:23 - [TEST_STEP][PASSED] - click(findTestObject("Object Repository/Выполнение бизнес-плана/Фильтр ДЗО")): Object: 'Object Repository/Выполнение бизнес-плана/Фильтр ДЗО' is clicked on

03-03-2025T13:33:23 - [MESSAGE][PASSED] - Object: 'Object Repository/Выполнение бизнес-плана/Фильтр ДЗО' is clicked on

03-03-2025T13:33:23 - [TEST_STEP][PASSED] - click(findTestObject("Выполнение бизнес-плана/Снять выделение в фильтре ДЗО")): Object: 'Object Repository/Выполнение бизнес-плана/Снять выделение в фильтре ДЗО' is clicked on

03-03-2025T13:33:24 - [MESSAGE][PASSED] - Object: 'Object Repository/Выполнение бизнес-плана/Снять выделение в фильтре ДЗО' is clicked on

03-03-2025T13:33:24 - [TEST_STEP][PASSED] - Script1718980020443.CloseFilter(): null

03-03-2025T13:33:24 - [TEST_STEP][PASSED] - scrollToElement(findTestObject("Выполнение бизнес-плана/Заголовок дашборда"), 30): Scroll to object 'Object Repository/Выполнение бизнес-плана/Заголовок дашборда' successfully

03-03-2025T13:33:24 - [MESSAGE][PASSED] - Scroll to object 'Object Repository/Выполнение бизнес-плана/Заголовок дашборда' successfully

03-03-2025T13:33:24 - [TEST_STEP][PASSED] - click(findTestObject("Object Repository/Выполнение бизнес-плана/Применить в фильтре ДЗО")): Object: 'Object Repository/Выполнение бизнес-плана/Применить в фильтре ДЗО' is clicked on

03-03-2025T13:33:25 - [MESSAGE][PASSED] - Object: 'Object Repository/Выполнение бизнес-плана/Применить в фильтре ДЗО' is clicked on

03-03-2025T13:33:25 - [TEST_STEP][PASSED] - delay(60): Delayed 60 second(s)

03-03-2025T13:34:25 - [MESSAGE][PASSED] - Delayed 60 second(s)

03-03-2025T13:34:25 - [TEST_STEP][PASSED] - if (a == 82): null

03-03-2025T13:34:25 - [TEST_STEP][PASSED] - println(dzoNum): null

03-03-2025T13:34:25 - [TEST_STEP][PASSED] - dZO = "Россети Сибирь": null

03-03-2025T13:34:25 - [TEST_STEP][PASSED] - a = 44: null

03-03-2025T13:34:25 - [TEST_STEP][PASSED] - if (x1.contains("Сибирь")): null

03-03-2025T13:34:25 - [TEST_STEP][PASSED] - dzoNum = dzoNum + 1: null

03-03-2025T13:34:25 - [TEST_STEP][PASSED] - Script1718980020443.Numbers(a, typeOfData, todaysDate, pageInt, fileInt, pageDouble, fileDouble, dZO, dzoNum, filialNum): null

03-03-2025T13:34:25 - [TEST_STEP][PASSED] - println(dzoNum): null

03-03-2025T13:34:25 - [TEST_STEP][PASSED] - planFact = <not implemented yet for class: org.codehaus.groovy.ast.expr.EmptyExpression>: null

03-03-2025T13:34:25 - [TEST_STEP][PASSED] - page = <not implemented yet for class: org.codehaus.groovy.ast.expr.EmptyExpression>: null

03-03-2025T13:34:25 - [TEST_STEP][PASSED] - page1 = <not implemented yet for class: org.codehaus.groovy.ast.expr.EmptyExpression>: null

03-03-2025T13:34:25 - [TEST_STEP][PASSED] - page2 = <not implemented yet for class: org.codehaus.groovy.ast.expr.EmptyExpression>: null

03-03-2025T13:34:25 - [TEST_STEP][PASSED] - filialNumberInRow = <not implemented yet for class: org.codehaus.groovy.ast.expr.EmptyExpression>: null

03-03-2025T13:34:25 - [TEST_STEP][PASSED] - filialsDzoNames = <not implemented yet for class: org.codehaus.groovy.ast.expr.EmptyExpression>: null

03-03-2025T13:34:25 - [TEST_STEP][PASSED] - numberOfFilials = <not implemented yet for class: org.codehaus.groovy.ast.expr.EmptyExpression>: null

03-03-2025T13:34:25 - [TEST_STEP][PASSED] - numberOfSpaces = <not implemented yet for class: org.codehaus.groovy.ast.expr.EmptyExpression>: null

03-03-2025T13:34:25 - [TEST_STEP][PASSED] - file = <not implemented yet for class: org.codehaus.groovy.ast.expr.EmptyExpression>: null

03-03-2025T13:34:25 - [TEST_STEP][PASSED] - otpusk = <not implemented yet for class: org.codehaus.groovy.ast.expr.EmptyExpression>: null

03-03-2025T13:34:25 - [TEST_STEP][PASSED] - poteri = <not implemented yet for class: org.codehaus.groovy.ast.expr.EmptyExpression>: null

03-03-2025T13:34:25 - [TEST_STEP][PASSED] - dataFolder = "Выполнение бизнес-плана/Значения со страницы Выполнение бизнес-плана/": null

03-03-2025T13:34:25 - [TEST_STEP][PASSED] - path = <not implemented yet for class: org.codehaus.groovy.ast.expr.EmptyExpression>: null

03-03-2025T13:34:25 - [TEST_STEP][PASSED] - typeOfDataMain = <not implemented yet for class: org.codehaus.groovy.ast.expr.EmptyExpression>: null

03-03-2025T13:34:25 - [TEST_STEP][PASSED] - fileOtpuskVSet = <not implemented yet for class: org.codehaus.groovy.ast.expr.EmptyExpression>: null

03-03-2025T13:34:25 - [TEST_STEP][PASSED] - pageOtpuskVSet = <not implemented yet for class: org.codehaus.groovy.ast.expr.EmptyExpression>: null

03-03-2025T13:34:25 - [TEST_STEP][PASSED] - filePoteri = <not implemented yet for class: org.codehaus.groovy.ast.expr.EmptyExpression>: null

03-03-2025T13:34:25 - [TEST_STEP][PASSED] - pagePoteri = <not implemented yet for class: org.codehaus.groovy.ast.expr.EmptyExpression>: null

03-03-2025T13:34:25 - [TEST_STEP][PASSED] - compare = <not implemented yet for class: org.codehaus.groovy.ast.expr.EmptyExpression>: null

03-03-2025T13:34:25 - [TEST_STEP][PASSED] - b = <not implemented yet for class: org.codehaus.groovy.ast.expr.EmptyExpression>: null

03-03-2025T13:34:25 - [TEST_STEP][PASSED] - i = <not implemented yet for class: org.codehaus.groovy.ast.expr.EmptyExpression>: null

03-03-2025T13:34:25 - [TEST_STEP][PASSED] - ii = <not implemented yet for class: org.codehaus.groovy.ast.expr.EmptyExpression>: null

03-03-2025T13:34:25 - [TEST_STEP][PASSED] - c = <not implemented yet for class: org.codehaus.groovy.ast.expr.EmptyExpression>: null

03-03-2025T13:34:25 - [TEST_STEP][PASSED] - numberOfErrors = 0: null

03-03-2025T13:34:25 - [TEST_STEP][PASSED] - if (a == 82): null

03-03-2025T13:34:25 - [TEST_STEP][PASSED] - b = findTestData("PlanFact").getValue(1, a): null

03-03-2025T13:34:25 - [TEST_STEP][PASSED] - i = b.indexOf(" (ГК)"): null

03-03-2025T13:34:25 - [TEST_STEP][PASSED] - if (i > -1): null

03-03-2025T13:34:25 - [TEST_STEP][PASSED] - i = b.indexOf("О ""): null

03-03-2025T13:34:25 - [TEST_STEP][PASSED] - if (i > -1): null

03-03-2025T13:34:25 - [TEST_STEP][PASSED] - i = b.indexOf("О «"): null

03-03-2025T13:34:25 - [TEST_STEP][PASSED] - if (i > -1): null

03-03-2025T13:34:25 - [TEST_STEP][PASSED] - i = b.indexOf("г. "): null

03-03-2025T13:34:25 - [TEST_STEP][PASSED] - if (i > -1): null

03-03-2025T13:34:25 - [TEST_STEP][PASSED] - b = b.trim(): null

03-03-2025T13:34:25 - [TEST_STEP][PASSED] - println(b): null

03-03-2025T13:34:25 - [TEST_STEP][PASSED] - for ([planFact = 1, planFact < 3, (planFact++)]): null

03-03-2025T13:34:25 - [TEST_STEP][PASSED] - if (planFact == 1): null

03-03-2025T13:34:25 - [TEST_STEP][PASSED] - typeOfDataMain = "Факт": null

03-03-2025T13:34:25 - [TEST_STEP][PASSED] - otpusk = findTestData("PlanFact").getValue(5, a): null

03-03-2025T13:34:25 - [TEST_STEP][PASSED] - poteri = findTestData("PlanFact").getValue(6, a): null

03-03-2025T13:34:25 - [TEST_STEP][PASSED] - otpusk = otpusk.replaceAll("\s+", ""): null

03-03-2025T13:34:25 - [TEST_STEP][PASSED] - poteri = poteri.replaceAll("\s+", ""): null

03-03-2025T13:34:25 - [TEST_STEP][PASSED] - typeOfData = typeOfDataMain + " Отпуск в сеть": null

03-03-2025T13:34:25 - [TEST_STEP][PASSED] - if (a == 82): null

03-03-2025T13:34:25 - [TEST_STEP][PASSED] - else if (a == 84): null

03-03-2025T13:34:25 - [TEST_STEP][PASSED] - else if (a == 83 || a == 52 || a == 72 || a == 28 || a == 73 || a == 77 || a == 74 || a == 65 || a == 36 || a == 44 || a == 53 || a == 80 || a == 54 || a == 1 || a == 18 || a == 59 || a == 81): null

03-03-2025T13:34:25 - [TEST_STEP][PASSED] - path = dataFolder + "Table Data/" + typeOfData + " за отчётный период " + dzoNum: null

03-03-2025T13:34:25 - [TEST_STEP][PASSED] - println(path): null

03-03-2025T13:34:25 - [TEST_STEP][PASSED] - page = getText(findTestObject(path)): Text of object 'Object Repository/Выполнение бизнес-плана/Значения со страницы Выполнение бизнес-плана/Table Data/Факт Отпуск в сеть за отчётный период 10' is: '59 489 262'

03-03-2025T13:34:25 - [MESSAGE][PASSED] - Text of object 'Object Repository/Выполнение бизнес-плана/Значения со страницы Выполнение бизнес-плана/Table Data/Факт Отпуск в сеть за отчётный период 10' is: '59 489 262'

03-03-2025T13:34:25 - [TEST_STEP][PASSED] - if (page == "" || page == null): null

03-03-2025T13:34:25 - [TEST_STEP][PASSED] - else: null

03-03-2025T13:34:25 - [TEST_STEP][PASSED] - page = page.replaceAll("\s+", ""): null

03-03-2025T13:34:25 - [TEST_STEP][PASSED] - fileOtpuskVSet = otpusk.toInteger(): null

03-03-2025T13:34:25 - [TEST_STEP][PASSED] - pageOtpuskVSet = page.toInteger(): null

03-03-2025T13:34:25 - [TEST_STEP][PASSED] - typeOfData = typeOfDataMain + " Потери": null

03-03-2025T13:34:25 - [TEST_STEP][PASSED] - if (a == 82): null

03-03-2025T13:34:25 - [TEST_STEP][PASSED] - else if (a == 84): null

03-03-2025T13:34:25 - [TEST_STEP][PASSED] - else if (a == 83 || a == 52 || a == 72 || a == 28 || a == 73 || a == 77 || a == 74 || a == 65 || a == 44 || a == 53 || a == 80 || a == 54 || a == 1 || a == 18 || a == 59 || a == 81): null

03-03-2025T13:34:25 - [TEST_STEP][PASSED] - path = dataFolder + "Table Data/" + typeOfData + " за отчётный период " + dzoNum: null

03-03-2025T13:34:25 - [TEST_STEP][PASSED] - page = getText(findTestObject(path)): Text of object 'Object Repository/Выполнение бизнес-плана/Значения со страницы Выполнение бизнес-плана/Table Data/Факт Потери за отчётный период 10' is: '4 407 873'

03-03-2025T13:34:26 - [MESSAGE][PASSED] - Text of object 'Object Repository/Выполнение бизнес-плана/Значения со страницы Выполнение бизнес-плана/Table Data/Факт Потери за отчётный период 10' is: '4 407 873'

03-03-2025T13:34:26 - [TEST_STEP][PASSED] - if (page == "" || page == null): null

03-03-2025T13:34:26 - [TEST_STEP][PASSED] - else: null

03-03-2025T13:34:26 - [TEST_STEP][PASSED] - page = page.replaceAll("\s+", ""): null

03-03-2025T13:34:26 - [TEST_STEP][PASSED] - filePoteri = poteri.toInteger(): null

03-03-2025T13:34:26 - [TEST_STEP][PASSED] - pagePoteri = page.toInteger(): null

03-03-2025T13:34:26 - [TEST_STEP][PASSED] - compare = pageOtpuskVSet: null

03-03-2025T13:34:26 - [TEST_STEP][PASSED] - if (pageOtpuskVSet != null): null

03-03-2025T13:34:26 - [TEST_STEP][PASSED] - if (compare == fileOtpuskVSet): null

03-03-2025T13:34:26 - [TEST_STEP][PASSED] - else if (compare > fileOtpuskVSet): null

03-03-2025T13:34:26 - [TEST_STEP][PASSED] - else if (compare < fileOtpuskVSet): null

03-03-2025T13:34:26 - [TEST_STEP][PASSED] - compare = compare + 1: null

03-03-2025T13:34:26 - [TEST_STEP][PASSED] - if (compare == fileOtpuskVSet): null

03-03-2025T13:34:26 - [TEST_STEP][PASSED] - else: null

03-03-2025T13:34:26 - [TEST_STEP][PASSED] - numberOfErrors = numberOfErrors + 1: null

03-03-2025T13:34:26 - [TEST_STEP][PASSED] - pageInt = pageOtpuskVSet: null

03-03-2025T13:34:26 - [TEST_STEP][PASSED] - fileInt = fileOtpuskVSet: null

03-03-2025T13:34:26 - [TEST_STEP][PASSED] - typeOfData = typeOfDataMain + " Отпуск в сеть": null

03-03-2025T13:34:26 - [TEST_STEP][PASSED] - Script1718980020443.WriteToExcel(a, typeOfData, todaysDate, pageInt, fileInt, pageDouble, fileDouble, dZO): null

03-03-2025T13:34:26 - [TEST_STEP][PASSED] - sheetName = "Sheet1": null

03-03-2025T13:34:26 - [TEST_STEP][PASSED] - data = findTestData("PlanFact"): null

03-03-2025T13:34:26 - [TEST_STEP][PASSED] - n = data.getRowNumbers() + 1: null

03-03-2025T13:34:26 - [TEST_STEP][PASSED] - day = ")).toInteger(): null

03-03-2025T13:34:26 - [TEST_STEP][PASSED] - println(day): null

03-03-2025T13:34:26 - [TEST_STEP][PASSED] - month = ")).toInteger(): null

03-03-2025T13:34:26 - [TEST_STEP][PASSED] - println(month): null

03-03-2025T13:34:26 - [TEST_STEP][PASSED] - y = <not implemented yet for class: org.codehaus.groovy.ast.expr.EmptyExpression>: null

03-03-2025T13:34:26 - [TEST_STEP][PASSED] - iy = <not implemented yet for class: org.codehaus.groovy.ast.expr.EmptyExpression>: null

03-03-2025T13:34:26 - [TEST_STEP][PASSED] - m = getText(findTestObject("Выполнение бизнес-плана/Период")): Text of object 'Object Repository/Выполнение бизнес-плана/Период' is: '2024 год'

03-03-2025T13:34:26 - [MESSAGE][PASSED] - Text of object 'Object Repository/Выполнение бизнес-плана/Период' is: '2024 год'

03-03-2025T13:34:26 - [TEST_STEP][PASSED] - iy = m.indexOf("20"): null

03-03-2025T13:34:26 - [TEST_STEP][PASSED] - if (iy > -1): null

03-03-2025T13:34:26 - [TEST_STEP][PASSED] - y = substring(iy, iy + 4).toInteger(): null

03-03-2025T13:34:26 - [TEST_STEP][PASSED] - println(y): null

03-03-2025T13:34:26 - [TEST_STEP][PASSED] - if (toString().length() == 4): null

03-03-2025T13:34:26 - [TEST_STEP][PASSED] - m = m.substring(0, m.indexOf(y.toString())): null

03-03-2025T13:34:26 - [TEST_STEP][PASSED] - m = m.trim(): null

03-03-2025T13:34:26 - [TEST_STEP][PASSED] - if (m == ""): null

03-03-2025T13:34:26 - [TEST_STEP][PASSED] - m = "весь год": null

03-03-2025T13:34:26 - [TEST_STEP][PASSED] - dashboardName = "Выполнение бизнес-плана": null

03-03-2025T13:34:26 - [TEST_STEP][PASSED] - workbook01 = getWorkbook(excelFilePath): null

03-03-2025T13:34:26 - [TEST_STEP][PASSED] - sheet01 = getExcelSheet(workbook01, sheetName): null

03-03-2025T13:34:26 - [TEST_STEP][PASSED] - setValueToCellByIndex(sheet01, n, 0, dashboardName): null

03-03-2025T13:34:26 - [TEST_STEP][PASSED] - setValueToCellByIndex(sheet01, n, 1, dZO): null

03-03-2025T13:34:26 - [TEST_STEP][PASSED] - setValueToCellByIndex(sheet01, n, 2, typeOfData): null

03-03-2025T13:34:26 - [TEST_STEP][PASSED] - if (typeOfData == "Факт в процентах" || typeOfData == "План в процентах"): null

03-03-2025T13:34:26 - [TEST_STEP][PASSED] - else: null

03-03-2025T13:34:26 - [TEST_STEP][PASSED] - setValueToCellByIndex(sheet01, n, 3, fileInt): null

03-03-2025T13:34:26 - [TEST_STEP][PASSED] - setValueToCellByIndex(sheet01, n, 4, pageInt): null

03-03-2025T13:34:26 - [TEST_STEP][PASSED] - setValueToCellByIndex(sheet01, n, 5, m): null

03-03-2025T13:34:26 - [TEST_STEP][PASSED] - setValueToCellByIndex(sheet01, n, 6, y): null

03-03-2025T13:34:26 - [TEST_STEP][PASSED] - setValueToCellByIndex(sheet01, n, 7, todaysDate): null

03-03-2025T13:34:26 - [TEST_STEP][PASSED] - n = n + 1: null

03-03-2025T13:34:26 - [TEST_STEP][PASSED] - saveWorkbook(excelFilePath, workbook01): null

03-03-2025T13:34:26 - [TEST_STEP][PASSED] - compare = pagePoteri: null

03-03-2025T13:34:26 - [TEST_STEP][PASSED] - if (pageOtpuskVSet != null): null

03-03-2025T13:34:26 - [TEST_STEP][PASSED] - if (compare == filePoteri): null

03-03-2025T13:34:26 - [TEST_STEP][PASSED] - else if (compare > filePoteri): null

03-03-2025T13:34:26 - [TEST_STEP][PASSED] - else if (compare < filePoteri): null

03-03-2025T13:34:26 - [TEST_STEP][PASSED] - compare = compare + 1: null

03-03-2025T13:34:26 - [TEST_STEP][PASSED] - if (compare == filePoteri): null

03-03-2025T13:34:26 - [TEST_STEP][PASSED] - else: null

03-03-2025T13:34:26 - [TEST_STEP][PASSED] - numberOfErrors = numberOfErrors + 1: null

03-03-2025T13:34:26 - [TEST_STEP][PASSED] - pageInt = pagePoteri: null

03-03-2025T13:34:26 - [TEST_STEP][PASSED] - fileInt = filePoteri: null

03-03-2025T13:34:26 - [TEST_STEP][PASSED] - typeOfData = typeOfDataMain + " Потери": null

03-03-2025T13:34:26 - [TEST_STEP][PASSED] - Script1718980020443.WriteToExcel(a, typeOfData, todaysDate, pageInt, fileInt, pageDouble, fileDouble, dZO): null

03-03-2025T13:34:26 - [TEST_STEP][PASSED] - sheetName = "Sheet1": null

03-03-2025T13:34:26 - [TEST_STEP][PASSED] - data = findTestData("PlanFact"): null

03-03-2025T13:34:26 - [TEST_STEP][PASSED] - n = data.getRowNumbers() + 1: null

03-03-2025T13:34:26 - [TEST_STEP][PASSED] - day = ")).toInteger(): null

03-03-2025T13:34:26 - [TEST_STEP][PASSED] - println(day): null

03-03-2025T13:34:26 - [TEST_STEP][PASSED] - month = ")).toInteger(): null

03-03-2025T13:34:26 - [TEST_STEP][PASSED] - println(month): null

03-03-2025T13:34:26 - [TEST_STEP][PASSED] - y = <not implemented yet for class: org.codehaus.groovy.ast.expr.EmptyExpression>: null

03-03-2025T13:34:26 - [TEST_STEP][PASSED] - iy = <not implemented yet for class: org.codehaus.groovy.ast.expr.EmptyExpression>: null

03-03-2025T13:34:26 - [TEST_STEP][PASSED] - m = getText(findTestObject("Выполнение бизнес-плана/Период")): Text of object 'Object Repository/Выполнение бизнес-плана/Период' is: '2024 год'

03-03-2025T13:34:27 - [MESSAGE][PASSED] - Text of object 'Object Repository/Выполнение бизнес-плана/Период' is: '2024 год'

03-03-2025T13:34:27 - [TEST_STEP][PASSED] - iy = m.indexOf("20"): null

03-03-2025T13:34:27 - [TEST_STEP][PASSED] - if (iy > -1): null

03-03-2025T13:34:27 - [TEST_STEP][PASSED] - y = substring(iy, iy + 4).toInteger(): null

03-03-2025T13:34:27 - [TEST_STEP][PASSED] - println(y): null

03-03-2025T13:34:27 - [TEST_STEP][PASSED] - if (toString().length() == 4): null

03-03-2025T13:34:27 - [TEST_STEP][PASSED] - m = m.substring(0, m.indexOf(y.toString())): null

03-03-2025T13:34:27 - [TEST_STEP][PASSED] - m = m.trim(): null

03-03-2025T13:34:27 - [TEST_STEP][PASSED] - if (m == ""): null

03-03-2025T13:34:27 - [TEST_STEP][PASSED] - m = "весь год": null

03-03-2025T13:34:27 - [TEST_STEP][PASSED] - dashboardName = "Выполнение бизнес-плана": null

03-03-2025T13:34:27 - [TEST_STEP][PASSED] - workbook01 = getWorkbook(excelFilePath): null

03-03-2025T13:34:27 - [TEST_STEP][PASSED] - sheet01 = getExcelSheet(workbook01, sheetName): null

03-03-2025T13:34:27 - [TEST_STEP][PASSED] - setValueToCellByIndex(sheet01, n, 0, dashboardName): null

03-03-2025T13:34:27 - [TEST_STEP][PASSED] - setValueToCellByIndex(sheet01, n, 1, dZO): null

03-03-2025T13:34:27 - [TEST_STEP][PASSED] - setValueToCellByIndex(sheet01, n, 2, typeOfData): null

03-03-2025T13:34:27 - [TEST_STEP][PASSED] - if (typeOfData == "Факт в процентах" || typeOfData == "План в процентах"): null

03-03-2025T13:34:27 - [TEST_STEP][PASSED] - else: null

03-03-2025T13:34:27 - [TEST_STEP][PASSED] - setValueToCellByIndex(sheet01, n, 3, fileInt): null

03-03-2025T13:34:27 - [TEST_STEP][PASSED] - setValueToCellByIndex(sheet01, n, 4, pageInt): null

03-03-2025T13:34:27 - [TEST_STEP][PASSED] - setValueToCellByIndex(sheet01, n, 5, m): null

03-03-2025T13:34:27 - [TEST_STEP][PASSED] - setValueToCellByIndex(sheet01, n, 6, y): null

03-03-2025T13:34:27 - [TEST_STEP][PASSED] - setValueToCellByIndex(sheet01, n, 7, todaysDate): null

03-03-2025T13:34:27 - [TEST_STEP][PASSED] - n = n + 1: null

03-03-2025T13:34:27 - [TEST_STEP][PASSED] - saveWorkbook(excelFilePath, workbook01): null

03-03-2025T13:34:27 - [TEST_STEP][PASSED] - if (planFact == 2): null

03-03-2025T13:34:27 - [TEST_STEP][PASSED] - if (planFact == 1): null

03-03-2025T13:34:27 - [TEST_STEP][PASSED] - else if (planFact == 2): null

03-03-2025T13:34:27 - [TEST_STEP][PASSED] - click(findTestObject("Выполнение бизнес-плана/Кнопка План")): Object: 'Object Repository/Выполнение бизнес-плана/Кнопка План' is clicked on

03-03-2025T13:34:27 - [MESSAGE][PASSED] - Object: 'Object Repository/Выполнение бизнес-плана/Кнопка План' is clicked on

03-03-2025T13:34:27 - [TEST_STEP][PASSED] - typeOfDataMain = "План": null

03-03-2025T13:34:27 - [TEST_STEP][PASSED] - otpusk = findTestData("PlanFact").getValue(2, a): null

03-03-2025T13:34:27 - [TEST_STEP][PASSED] - poteri = findTestData("PlanFact").getValue(3, a): null

03-03-2025T13:34:27 - [TEST_STEP][PASSED] - otpusk = otpusk.replaceAll("\s+", ""): null

03-03-2025T13:34:27 - [TEST_STEP][PASSED] - poteri = poteri.replaceAll("\s+", ""): null

03-03-2025T13:34:27 - [TEST_STEP][PASSED] - typeOfData = typeOfDataMain + " Отпуск в сеть": null

03-03-2025T13:34:27 - [TEST_STEP][PASSED] - if (a == 82): null

03-03-2025T13:34:27 - [TEST_STEP][PASSED] - else if (a == 84): null

03-03-2025T13:34:27 - [TEST_STEP][PASSED] - else if (a == 83 || a == 52 || a == 72 || a == 28 || a == 73 || a == 77 || a == 74 || a == 65 || a == 36 || a == 44 || a == 53 || a == 80 || a == 54 || a == 1 || a == 18 || a == 59 || a == 81): null

03-03-2025T13:34:27 - [TEST_STEP][PASSED] - path = dataFolder + "Table Data/" + typeOfData + " за отчётный период " + dzoNum: null

03-03-2025T13:34:27 - [TEST_STEP][PASSED] - println(path): null

03-03-2025T13:34:27 - [TEST_STEP][PASSED] - page = getText(findTestObject(path)): Text of object 'Object Repository/Выполнение бизнес-плана/Значения со страницы Выполнение бизнес-плана/Table Data/План Отпуск в сеть за отчётный период 10' is: '61 941 765'

03-03-2025T13:34:28 - [MESSAGE][PASSED] - Text of object 'Object Repository/Выполнение бизнес-плана/Значения со страницы Выполнение бизнес-плана/Table Data/План Отпуск в сеть за отчётный период 10' is: '61 941 765'

03-03-2025T13:34:28 - [TEST_STEP][PASSED] - if (page == "" || page == null): null

03-03-2025T13:34:28 - [TEST_STEP][PASSED] - else: null

03-03-2025T13:34:28 - [TEST_STEP][PASSED] - page = page.replaceAll("\s+", ""): null

03-03-2025T13:34:28 - [TEST_STEP][PASSED] - fileOtpuskVSet = otpusk.toInteger(): null

03-03-2025T13:34:28 - [TEST_STEP][PASSED] - pageOtpuskVSet = page.toInteger(): null

03-03-2025T13:34:28 - [TEST_STEP][PASSED] - typeOfData = typeOfDataMain + " Потери": null

03-03-2025T13:34:28 - [TEST_STEP][PASSED] - if (a == 82): null

03-03-2025T13:34:28 - [TEST_STEP][PASSED] - else if (a == 84): null

03-03-2025T13:34:28 - [TEST_STEP][PASSED] - else if (a == 83 || a == 52 || a == 72 || a == 28 || a == 73 || a == 77 || a == 74 || a == 65 || a == 44 || a == 53 || a == 80 || a == 54 || a == 1 || a == 18 || a == 59 || a == 81): null

03-03-2025T13:34:28 - [TEST_STEP][PASSED] - path = dataFolder + "Table Data/" + typeOfData + " за отчётный период " + dzoNum: null

03-03-2025T13:34:28 - [TEST_STEP][PASSED] - page = getText(findTestObject(path)): Text of object 'Object Repository/Выполнение бизнес-плана/Значения со страницы Выполнение бизнес-плана/Table Data/План Потери за отчётный период 10' is: '9 484 297'

03-03-2025T13:34:28 - [MESSAGE][PASSED] - Text of object 'Object Repository/Выполнение бизнес-плана/Значения со страницы Выполнение бизнес-плана/Table Data/План Потери за отчётный период 10' is: '9 484 297'

03-03-2025T13:34:28 - [TEST_STEP][PASSED] - if (page == "" || page == null): null

03-03-2025T13:34:28 - [TEST_STEP][PASSED] - else: null

03-03-2025T13:34:28 - [TEST_STEP][PASSED] - page = page.replaceAll("\s+", ""): null

03-03-2025T13:34:28 - [TEST_STEP][PASSED] - filePoteri = poteri.toInteger(): null

03-03-2025T13:34:28 - [TEST_STEP][PASSED] - pagePoteri = page.toInteger(): null

03-03-2025T13:34:28 - [TEST_STEP][PASSED] - compare = pageOtpuskVSet: null

03-03-2025T13:34:28 - [TEST_STEP][PASSED] - if (pageOtpuskVSet != null): null

03-03-2025T13:34:28 - [TEST_STEP][PASSED] - if (compare == fileOtpuskVSet): null

03-03-2025T13:34:28 - [TEST_STEP][PASSED] - else if (compare > fileOtpuskVSet): null

03-03-2025T13:34:28 - [TEST_STEP][PASSED] - compare = compare - 1: null

03-03-2025T13:34:28 - [TEST_STEP][PASSED] - if (compare == fileOtpuskVSet): null

03-03-2025T13:34:28 - [TEST_STEP][PASSED] - else: null

03-03-2025T13:34:28 - [TEST_STEP][PASSED] - numberOfErrors = numberOfErrors + 1: null

03-03-2025T13:34:28 - [TEST_STEP][PASSED] - pageInt = pageOtpuskVSet: null

03-03-2025T13:34:28 - [TEST_STEP][PASSED] - fileInt = fileOtpuskVSet: null

03-03-2025T13:34:28 - [TEST_STEP][PASSED] - typeOfData = typeOfDataMain + " Отпуск в сеть": null

03-03-2025T13:34:28 - [TEST_STEP][PASSED] - Script1718980020443.WriteToExcel(a, typeOfData, todaysDate, pageInt, fileInt, pageDouble, fileDouble, dZO): null

03-03-2025T13:34:28 - [TEST_STEP][PASSED] - sheetName = "Sheet1": null

03-03-2025T13:34:28 - [TEST_STEP][PASSED] - data = findTestData("PlanFact"): null

03-03-2025T13:34:28 - [TEST_STEP][PASSED] - n = data.getRowNumbers() + 1: null

03-03-2025T13:34:28 - [TEST_STEP][PASSED] - day = ")).toInteger(): null

03-03-2025T13:34:28 - [TEST_STEP][PASSED] - println(day): null

03-03-2025T13:34:28 - [TEST_STEP][PASSED] - month = ")).toInteger(): null

03-03-2025T13:34:28 - [TEST_STEP][PASSED] - println(month): null

03-03-2025T13:34:28 - [TEST_STEP][PASSED] - y = <not implemented yet for class: org.codehaus.groovy.ast.expr.EmptyExpression>: null

03-03-2025T13:34:28 - [TEST_STEP][PASSED] - iy = <not implemented yet for class: org.codehaus.groovy.ast.expr.EmptyExpression>: null

03-03-2025T13:34:28 - [TEST_STEP][PASSED] - m = getText(findTestObject("Выполнение бизнес-плана/Период")): Text of object 'Object Repository/Выполнение бизнес-плана/Период' is: '2024 год'

03-03-2025T13:34:28 - [MESSAGE][PASSED] - Text of object 'Object Repository/Выполнение бизнес-плана/Период' is: '2024 год'

03-03-2025T13:34:28 - [TEST_STEP][PASSED] - iy = m.indexOf("20"): null

03-03-2025T13:34:28 - [TEST_STEP][PASSED] - if (iy > -1): null

03-03-2025T13:34:28 - [TEST_STEP][PASSED] - y = substring(iy, iy + 4).toInteger(): null

03-03-2025T13:34:28 - [TEST_STEP][PASSED] - println(y): null

03-03-2025T13:34:28 - [TEST_STEP][PASSED] - if (toString().length() == 4): null

03-03-2025T13:34:28 - [TEST_STEP][PASSED] - m = m.substring(0, m.indexOf(y.toString())): null

03-03-2025T13:34:28 - [TEST_STEP][PASSED] - m = m.trim(): null

03-03-2025T13:34:28 - [TEST_STEP][PASSED] - if (m == ""): null

03-03-2025T13:34:28 - [TEST_STEP][PASSED] - m = "весь год": null

03-03-2025T13:34:28 - [TEST_STEP][PASSED] - dashboardName = "Выполнение бизнес-плана": null

03-03-2025T13:34:28 - [TEST_STEP][PASSED] - workbook01 = getWorkbook(excelFilePath): null

03-03-2025T13:34:28 - [TEST_STEP][PASSED] - sheet01 = getExcelSheet(workbook01, sheetName): null

03-03-2025T13:34:28 - [TEST_STEP][PASSED] - setValueToCellByIndex(sheet01, n, 0, dashboardName): null

03-03-2025T13:34:28 - [TEST_STEP][PASSED] - setValueToCellByIndex(sheet01, n, 1, dZO): null

03-03-2025T13:34:28 - [TEST_STEP][PASSED] - setValueToCellByIndex(sheet01, n, 2, typeOfData): null

03-03-2025T13:34:28 - [TEST_STEP][PASSED] - if (typeOfData == "Факт в процентах" || typeOfData == "План в процентах"): null

03-03-2025T13:34:28 - [TEST_STEP][PASSED] - else: null

03-03-2025T13:34:28 - [TEST_STEP][PASSED] - setValueToCellByIndex(sheet01, n, 3, fileInt): null

03-03-2025T13:34:28 - [TEST_STEP][PASSED] - setValueToCellByIndex(sheet01, n, 4, pageInt): null

03-03-2025T13:34:28 - [TEST_STEP][PASSED] - setValueToCellByIndex(sheet01, n, 5, m): null

03-03-2025T13:34:28 - [TEST_STEP][PASSED] - setValueToCellByIndex(sheet01, n, 6, y): null

03-03-2025T13:34:28 - [TEST_STEP][PASSED] - setValueToCellByIndex(sheet01, n, 7, todaysDate): null

03-03-2025T13:34:28 - [TEST_STEP][PASSED] - n = n + 1: null

03-03-2025T13:34:28 - [TEST_STEP][PASSED] - saveWorkbook(excelFilePath, workbook01): null

03-03-2025T13:34:29 - [TEST_STEP][PASSED] - compare = pagePoteri: null

03-03-2025T13:34:29 - [TEST_STEP][PASSED] - if (pageOtpuskVSet != null): null

03-03-2025T13:34:29 - [TEST_STEP][PASSED] - if (compare == filePoteri): null

03-03-2025T13:34:29 - [TEST_STEP][PASSED] - else if (compare > filePoteri): null

03-03-2025T13:34:29 - [TEST_STEP][PASSED] - compare = compare - 1: null

03-03-2025T13:34:29 - [TEST_STEP][PASSED] - if (compare == filePoteri): null

03-03-2025T13:34:29 - [TEST_STEP][PASSED] - else: null

03-03-2025T13:34:29 - [TEST_STEP][PASSED] - numberOfErrors = numberOfErrors + 1: null

03-03-2025T13:34:29 - [TEST_STEP][PASSED] - pageInt = pagePoteri: null

03-03-2025T13:34:29 - [TEST_STEP][PASSED] - fileInt = filePoteri: null

03-03-2025T13:34:29 - [TEST_STEP][PASSED] - typeOfData = typeOfDataMain + " Потери": null

03-03-2025T13:34:29 - [TEST_STEP][PASSED] - Script1718980020443.WriteToExcel(a, typeOfData, todaysDate, pageInt, fileInt, pageDouble, fileDouble, dZO): null

03-03-2025T13:34:29 - [TEST_STEP][PASSED] - sheetName = "Sheet1": null

03-03-2025T13:34:29 - [TEST_STEP][PASSED] - data = findTestData("PlanFact"): null

03-03-2025T13:34:29 - [TEST_STEP][PASSED] - n = data.getRowNumbers() + 1: null

03-03-2025T13:34:29 - [TEST_STEP][PASSED] - day = ")).toInteger(): null

03-03-2025T13:34:29 - [TEST_STEP][PASSED] - println(day): null

03-03-2025T13:34:29 - [TEST_STEP][PASSED] - month = ")).toInteger(): null

03-03-2025T13:34:29 - [TEST_STEP][PASSED] - println(month): null

03-03-2025T13:34:29 - [TEST_STEP][PASSED] - y = <not implemented yet for class: org.codehaus.groovy.ast.expr.EmptyExpression>: null

03-03-2025T13:34:29 - [TEST_STEP][PASSED] - iy = <not implemented yet for class: org.codehaus.groovy.ast.expr.EmptyExpression>: null

03-03-2025T13:34:29 - [TEST_STEP][PASSED] - m = getText(findTestObject("Выполнение бизнес-плана/Период")): Text of object 'Object Repository/Выполнение бизнес-плана/Период' is: '2024 год'

03-03-2025T13:34:29 - [MESSAGE][PASSED] - Text of object 'Object Repository/Выполнение бизнес-плана/Период' is: '2024 год'

03-03-2025T13:34:29 - [TEST_STEP][PASSED] - iy = m.indexOf("20"): null

03-03-2025T13:34:29 - [TEST_STEP][PASSED] - if (iy > -1): null

03-03-2025T13:34:29 - [TEST_STEP][PASSED] - y = substring(iy, iy + 4).toInteger(): null

03-03-2025T13:34:29 - [TEST_STEP][PASSED] - println(y): null

03-03-2025T13:34:29 - [TEST_STEP][PASSED] - if (toString().length() == 4): null

03-03-2025T13:34:29 - [TEST_STEP][PASSED] - m = m.substring(0, m.indexOf(y.toString())): null

03-03-2025T13:34:29 - [TEST_STEP][PASSED] - m = m.trim(): null

03-03-2025T13:34:29 - [TEST_STEP][PASSED] - if (m == ""): null

03-03-2025T13:34:29 - [TEST_STEP][PASSED] - m = "весь год": null

03-03-2025T13:34:29 - [TEST_STEP][PASSED] - dashboardName = "Выполнение бизнес-плана": null

03-03-2025T13:34:29 - [TEST_STEP][PASSED] - workbook01 = getWorkbook(excelFilePath): null

03-03-2025T13:34:29 - [TEST_STEP][PASSED] - sheet01 = getExcelSheet(workbook01, sheetName): null

03-03-2025T13:34:29 - [TEST_STEP][PASSED] - setValueToCellByIndex(sheet01, n, 0, dashboardName): null

03-03-2025T13:34:29 - [TEST_STEP][PASSED] - setValueToCellByIndex(sheet01, n, 1, dZO): null

03-03-2025T13:34:29 - [TEST_STEP][PASSED] - setValueToCellByIndex(sheet01, n, 2, typeOfData): null

03-03-2025T13:34:29 - [TEST_STEP][PASSED] - if (typeOfData == "Факт в процентах" || typeOfData == "План в процентах"): null

03-03-2025T13:34:29 - [TEST_STEP][PASSED] - else: null

03-03-2025T13:34:29 - [TEST_STEP][PASSED] - setValueToCellByIndex(sheet01, n, 3, fileInt): null

03-03-2025T13:34:29 - [TEST_STEP][PASSED] - setValueToCellByIndex(sheet01, n, 4, pageInt): null

03-03-2025T13:34:29 - [TEST_STEP][PASSED] - setValueToCellByIndex(sheet01, n, 5, m): null

03-03-2025T13:34:29 - [TEST_STEP][PASSED] - setValueToCellByIndex(sheet01, n, 6, y): null

03-03-2025T13:34:29 - [TEST_STEP][PASSED] - setValueToCellByIndex(sheet01, n, 7, todaysDate): null

03-03-2025T13:34:29 - [TEST_STEP][PASSED] - n = n + 1: null

03-03-2025T13:34:29 - [TEST_STEP][PASSED] - saveWorkbook(excelFilePath, workbook01): Object: 'Object Repository/Выполнение бизнес-плана/Кнопка Факт' is clicked on

03-03-2025T13:34:29 - [TEST_STEP][PASSED] - if (planFact == 2): Object: 'Object Repository/Выполнение бизнес-плана/Кнопка Факт' is clicked on

03-03-2025T13:34:29 - [TEST_STEP][PASSED] - click(findTestObject("Выполнение бизнес-плана/Кнопка Факт")): Object: 'Object Repository/Выполнение бизнес-плана/Кнопка Факт' is clicked on

03-03-2025T13:34:30 - [MESSAGE][PASSED] - Object: 'Object Repository/Выполнение бизнес-плана/Кнопка Факт' is clicked on

03-03-2025T13:34:30 - [TEST_STEP][PASSED] - println("a=" + a): null

03-03-2025T13:34:30 - [TEST_STEP][PASSED] - if (a == 84 || a == 82): null

03-03-2025T13:34:30 - [TEST_STEP][PASSED] - else if (a == 83 || a == 52 || a == 72 || a == 28 || a == 73 || a == 77 || a == 74 || a == 65 || a == 36 || a == 44 || a == 53 || a == 80 || a == 54 || a == 1 || a == 18 || a == 59 || a == 81): null

03-03-2025T13:34:30 - [TEST_STEP][PASSED] - page1 = getText(findTestObject("Object Repository/Выполнение бизнес-плана/spanPlan" + dzoNum)): Text of object 'Object Repository/Выполнение бизнес-плана/spanPlan10' is: '15.31
|'

03-03-2025T13:34:30 - [MESSAGE][PASSED] - Text of object 'Object Repository/Выполнение бизнес-плана/spanPlan10' is: '15.31
|'

03-03-2025T13:34:30 - [TEST_STEP][PASSED] - page1 = page1.replace("|", ""): null

03-03-2025T13:34:30 - [TEST_STEP][PASSED] - page2 = getText(findTestObject("Object Repository/Выполнение бизнес-плана/spanFact" + dzoNum)): Text of object 'Object Repository/Выполнение бизнес-плана/spanFact10' is: '7.41'

03-03-2025T13:34:30 - [MESSAGE][PASSED] - Text of object 'Object Repository/Выполнение бизнес-плана/spanFact10' is: '7.41'

03-03-2025T13:34:30 - [TEST_STEP][PASSED] - page2 = page2.replace("|", ""): null

03-03-2025T13:34:30 - [TEST_STEP][PASSED] - println("page1: " + page1): null

03-03-2025T13:34:30 - [TEST_STEP][PASSED] - println("page2: " + page2): null

03-03-2025T13:34:30 - [TEST_STEP][PASSED] - file = findTestData("PlanFact").getValue(4, a): null

03-03-2025T13:34:30 - [TEST_STEP][PASSED] - file = file.replace(",", "."): null

03-03-2025T13:34:30 - [TEST_STEP][PASSED] - println("file Plan: " + file): null

03-03-2025T13:34:30 - [TEST_STEP][PASSED] - typeOfData = "План в процентах": null

03-03-2025T13:34:30 - [TEST_STEP][PASSED] - fileDouble = file.toDouble(): null

03-03-2025T13:34:30 - [TEST_STEP][PASSED] - pageDouble = page1.toDouble(): null

03-03-2025T13:34:30 - [TEST_STEP][PASSED] - if (fileDouble != pageDouble): null

03-03-2025T13:34:30 - [TEST_STEP][PASSED] - numberOfErrors = numberOfErrors + 1: null

03-03-2025T13:34:30 - [TEST_STEP][PASSED] - Script1718980020443.WriteToExcel(a, typeOfData, todaysDate, pageInt, fileInt, pageDouble, fileDouble, dZO): null

03-03-2025T13:34:30 - [TEST_STEP][PASSED] - sheetName = "Sheet1": null

03-03-2025T13:34:30 - [TEST_STEP][PASSED] - data = findTestData("PlanFact"): null

03-03-2025T13:34:30 - [TEST_STEP][PASSED] - n = data.getRowNumbers() + 1: null

03-03-2025T13:34:30 - [TEST_STEP][PASSED] - day = ")).toInteger(): null

03-03-2025T13:34:30 - [TEST_STEP][PASSED] - println(day): null

03-03-2025T13:34:30 - [TEST_STEP][PASSED] - month = ")).toInteger(): null

03-03-2025T13:34:30 - [TEST_STEP][PASSED] - println(month): null

03-03-2025T13:34:30 - [TEST_STEP][PASSED] - y = <not implemented yet for class: org.codehaus.groovy.ast.expr.EmptyExpression>: null

03-03-2025T13:34:30 - [TEST_STEP][PASSED] - iy = <not implemented yet for class: org.codehaus.groovy.ast.expr.EmptyExpression>: null

03-03-2025T13:34:30 - [TEST_STEP][PASSED] - m = getText(findTestObject("Выполнение бизнес-плана/Период")): Text of object 'Object Repository/Выполнение бизнес-плана/Период' is: '2024 год'

03-03-2025T13:34:31 - [MESSAGE][PASSED] - Text of object 'Object Repository/Выполнение бизнес-плана/Период' is: '2024 год'

03-03-2025T13:34:31 - [TEST_STEP][PASSED] - iy = m.indexOf("20"): null

03-03-2025T13:34:31 - [TEST_STEP][PASSED] - if (iy > -1): null

03-03-2025T13:34:31 - [TEST_STEP][PASSED] - y = substring(iy, iy + 4).toInteger(): null

03-03-2025T13:34:31 - [TEST_STEP][PASSED] - println(y): null

03-03-2025T13:34:31 - [TEST_STEP][PASSED] - if (toString().length() == 4): null

03-03-2025T13:34:31 - [TEST_STEP][PASSED] - m = m.substring(0, m.indexOf(y.toString())): null

03-03-2025T13:34:31 - [TEST_STEP][PASSED] - m = m.trim(): null

03-03-2025T13:34:31 - [TEST_STEP][PASSED] - if (m == ""): null

03-03-2025T13:34:31 - [TEST_STEP][PASSED] - m = "весь год": null

03-03-2025T13:34:31 - [TEST_STEP][PASSED] - dashboardName = "Выполнение бизнес-плана": null

03-03-2025T13:34:31 - [TEST_STEP][PASSED] - workbook01 = getWorkbook(excelFilePath): null

03-03-2025T13:34:31 - [TEST_STEP][PASSED] - sheet01 = getExcelSheet(workbook01, sheetName): null

03-03-2025T13:34:31 - [TEST_STEP][PASSED] - setValueToCellByIndex(sheet01, n, 0, dashboardName): null

03-03-2025T13:34:31 - [TEST_STEP][PASSED] - setValueToCellByIndex(sheet01, n, 1, dZO): null

03-03-2025T13:34:31 - [TEST_STEP][PASSED] - setValueToCellByIndex(sheet01, n, 2, typeOfData): null

03-03-2025T13:34:31 - [TEST_STEP][PASSED] - if (typeOfData == "Факт в процентах" || typeOfData == "План в процентах"): null

03-03-2025T13:34:31 - [TEST_STEP][PASSED] - setValueToCellByIndex(sheet01, n, 3, fileDouble): null

03-03-2025T13:34:31 - [TEST_STEP][PASSED] - setValueToCellByIndex(sheet01, n, 4, pageDouble): null

03-03-2025T13:34:31 - [TEST_STEP][PASSED] - setValueToCellByIndex(sheet01, n, 5, m): null

03-03-2025T13:34:31 - [TEST_STEP][PASSED] - setValueToCellByIndex(sheet01, n, 6, y): null

03-03-2025T13:34:31 - [TEST_STEP][PASSED] - setValueToCellByIndex(sheet01, n, 7, todaysDate): null

03-03-2025T13:34:31 - [TEST_STEP][PASSED] - n = n + 1: null

03-03-2025T13:34:31 - [TEST_STEP][PASSED] - saveWorkbook(excelFilePath, workbook01): null

03-03-2025T13:34:31 - [TEST_STEP][PASSED] - file = findTestData("PlanFact").getValue(7, a): null

03-03-2025T13:34:31 - [TEST_STEP][PASSED] - file = file.replace(",", "."): null

03-03-2025T13:34:31 - [TEST_STEP][PASSED] - println("file Fact: " + file): null

03-03-2025T13:34:31 - [TEST_STEP][PASSED] - fileDouble = file.toDouble(): null

03-03-2025T13:34:31 - [TEST_STEP][PASSED] - typeOfData = "Факт в процентах": null

03-03-2025T13:34:31 - [TEST_STEP][PASSED] - fileDouble = file.toDouble(): null

03-03-2025T13:34:31 - [TEST_STEP][PASSED] - pageDouble = page2.toDouble(): null

03-03-2025T13:34:31 - [TEST_STEP][PASSED] - if (fileDouble != pageDouble): null

03-03-2025T13:34:31 - [TEST_STEP][PASSED] - numberOfErrors = numberOfErrors + 1: null

03-03-2025T13:34:31 - [TEST_STEP][PASSED] - Script1718980020443.WriteToExcel(a, typeOfData, todaysDate, pageInt, fileInt, pageDouble, fileDouble, dZO): null

03-03-2025T13:34:31 - [TEST_STEP][PASSED] - sheetName = "Sheet1": null

03-03-2025T13:34:31 - [TEST_STEP][PASSED] - data = findTestData("PlanFact"): null

03-03-2025T13:34:31 - [TEST_STEP][PASSED] - n = data.getRowNumbers() + 1: null

03-03-2025T13:34:31 - [TEST_STEP][PASSED] - day = ")).toInteger(): null

03-03-2025T13:34:31 - [TEST_STEP][PASSED] - println(day): null

03-03-2025T13:34:31 - [TEST_STEP][PASSED] - month = ")).toInteger(): null

03-03-2025T13:34:31 - [TEST_STEP][PASSED] - println(month): null

03-03-2025T13:34:31 - [TEST_STEP][PASSED] - y = <not implemented yet for class: org.codehaus.groovy.ast.expr.EmptyExpression>: null

03-03-2025T13:34:31 - [TEST_STEP][PASSED] - iy = <not implemented yet for class: org.codehaus.groovy.ast.expr.EmptyExpression>: null

03-03-2025T13:34:31 - [TEST_STEP][PASSED] - m = getText(findTestObject("Выполнение бизнес-плана/Период")): Text of object 'Object Repository/Выполнение бизнес-плана/Период' is: '2024 год'

03-03-2025T13:34:31 - [MESSAGE][PASSED] - Text of object 'Object Repository/Выполнение бизнес-плана/Период' is: '2024 год'

03-03-2025T13:34:31 - [TEST_STEP][PASSED] - iy = m.indexOf("20"): null

03-03-2025T13:34:31 - [TEST_STEP][PASSED] - if (iy > -1): null

03-03-2025T13:34:31 - [TEST_STEP][PASSED] - y = substring(iy, iy + 4).toInteger(): null

03-03-2025T13:34:31 - [TEST_STEP][PASSED] - println(y): null

03-03-2025T13:34:31 - [TEST_STEP][PASSED] - if (toString().length() == 4): null

03-03-2025T13:34:31 - [TEST_STEP][PASSED] - m = m.substring(0, m.indexOf(y.toString())): null

03-03-2025T13:34:31 - [TEST_STEP][PASSED] - m = m.trim(): null

03-03-2025T13:34:31 - [TEST_STEP][PASSED] - if (m == ""): null

03-03-2025T13:34:31 - [TEST_STEP][PASSED] - m = "весь год": null

03-03-2025T13:34:31 - [TEST_STEP][PASSED] - dashboardName = "Выполнение бизнес-плана": null

03-03-2025T13:34:31 - [TEST_STEP][PASSED] - workbook01 = getWorkbook(excelFilePath): null

03-03-2025T13:34:31 - [TEST_STEP][PASSED] - sheet01 = getExcelSheet(workbook01, sheetName): null

03-03-2025T13:34:31 - [TEST_STEP][PASSED] - setValueToCellByIndex(sheet01, n, 0, dashboardName): null

03-03-2025T13:34:31 - [TEST_STEP][PASSED] - setValueToCellByIndex(sheet01, n, 1, dZO): null

03-03-2025T13:34:31 - [TEST_STEP][PASSED] - setValueToCellByIndex(sheet01, n, 2, typeOfData): null

03-03-2025T13:34:31 - [TEST_STEP][PASSED] - if (typeOfData == "Факт в процентах" || typeOfData == "План в процентах"): null

03-03-2025T13:34:31 - [TEST_STEP][PASSED] - setValueToCellByIndex(sheet01, n, 3, fileDouble): null

03-03-2025T13:34:31 - [TEST_STEP][PASSED] - setValueToCellByIndex(sheet01, n, 4, pageDouble): null

03-03-2025T13:34:31 - [TEST_STEP][PASSED] - setValueToCellByIndex(sheet01, n, 5, m): null

03-03-2025T13:34:31 - [TEST_STEP][PASSED] - setValueToCellByIndex(sheet01, n, 6, y): null

03-03-2025T13:34:31 - [TEST_STEP][PASSED] - setValueToCellByIndex(sheet01, n, 7, todaysDate): null

03-03-2025T13:34:31 - [TEST_STEP][PASSED] - n = n + 1: null

03-03-2025T13:34:31 - [TEST_STEP][PASSED] - saveWorkbook(excelFilePath, workbook01): null

03-03-2025T13:34:32 - [TEST_STEP][FAILED] - if (verifyEqual(numberOfErrors, 0) == false): null

03-03-2025T13:34:32 - [MESSAGE][FAILED] - Unable to verify equal between actual object '6' and expected object '0' (Root cause: com.kms.katalon.core.exception.StepFailedException: Actual object '6' and expected object '0' are not equal
	at com.kms.katalon.core.keyword.builtin.VerifyEqualKeyword$_verifyEqual_closure1.doCall(VerifyEqualKeyword.groovy:58)
	at com.kms.katalon.core.keyword.builtin.VerifyEqualKeyword$_verifyEqual_closure1.call(VerifyEqualKeyword.groovy)
	at com.kms.katalon.core.keyword.internal.KeywordMain.runKeyword(KeywordMain.groovy:75)
	at com.kms.katalon.core.keyword.builtin.VerifyEqualKeyword.verifyEqual(VerifyEqualKeyword.groovy:63)
	at com.kms.katalon.core.keyword.builtin.VerifyEqualKeyword.execute(VerifyEqualKeyword.groovy:44)
	at com.kms.katalon.core.keyword.internal.KeywordExecutor.executeKeywordForPlatform(KeywordExecutor.groovy:74)
	at com.kms.katalon.core.keyword.BuiltinKeywords.verifyEqual(BuiltinKeywords.groovy:146)
	at jdk.internal.reflect.GeneratedMethodAccessor24.invoke(Unknown Source)
	at java.base/jdk.internal.reflect.DelegatingMethodAccessorImpl.invoke(DelegatingMethodAccessorImpl.java:43)
	at Выполнение бизнес-плана Сверка ПАО Россети все филиалы.Numbers(Выполнение бизнес-плана Сверка ПАО Россети все филиалы:736)
	at Выполнение бизнес-плана Сверка ПАО Россети все филиалы.run(Выполнение бизнес-плана Сверка ПАО Россети все филиалы:308)
	at com.kms.katalon.core.main.ScriptEngine.run(ScriptEngine.java:194)
	at com.kms.katalon.core.main.ScriptEngine.runScriptAsRawText(ScriptEngine.java:119)
	at com.kms.katalon.core.main.TestCaseExecutor.runScript(TestCaseExecutor.java:448)
	at com.kms.katalon.core.main.TestCaseExecutor.doExecute(TestCaseExecutor.java:439)
	at com.kms.katalon.core.main.TestCaseExecutor.processExecutionPhase(TestCaseExecutor.java:418)
	at com.kms.katalon.core.main.TestCaseExecutor.accessMainPhase(TestCaseExecutor.java:410)
	at com.kms.katalon.core.main.TestCaseExecutor.execute(TestCaseExecutor.java:285)
	at com.kms.katalon.core.common.CommonExecutor.accessTestCaseMainPhase(CommonExecutor.java:65)
	at com.kms.katalon.core.main.TestSuiteExecutor.accessTestSuiteMainPhase(TestSuiteExecutor.java:150)
	at com.kms.katalon.core.main.TestSuiteExecutor.execute(TestSuiteExecutor.java:106)
	at com.kms.katalon.core.main.TestCaseMain.startTestSuite(TestCaseMain.java:180)
	at TempTestSuite1740991900055.run(TempTestSuite1740991900055.groovy:35)
	at java.base/jdk.internal.reflect.NativeMethodAccessorImpl.invoke0(Native Method)
	at java.base/jdk.internal.reflect.NativeMethodAccessorImpl.invoke(NativeMethodAccessorImpl.java:77)
	at java.base/jdk.internal.reflect.DelegatingMethodAccessorImpl.invoke(DelegatingMethodAccessorImpl.java:43)
)

03-03-2025T13:34:32 - [TEST_STEP][PASSED] - println(numberOfErrors): null

03-03-2025T13:34:32 - [TEST_STEP][PASSED] - println("a=" + a): null

03-03-2025T13:34:32 - [TEST_STEP][PASSED] - if (a == 28 || a == 77 || a == 74 || a == 65 || a == 36 || a == 44 || a == 54 || a == 1 || a == 18 || a == 59): null

03-03-2025T13:34:32 - [TEST_STEP][PASSED] - Script1718980020443.Filials(a, typeOfData, todaysDate, pageInt, fileInt, pageDouble, fileDouble, dZO, dzoNum, filialNum): null

03-03-2025T13:34:32 - [TEST_STEP][PASSED] - i = <not implemented yet for class: org.codehaus.groovy.ast.expr.EmptyExpression>: null

03-03-2025T13:34:32 - [TEST_STEP][PASSED] - c = <not implemented yet for class: org.codehaus.groovy.ast.expr.EmptyExpression>: null

03-03-2025T13:34:32 - [TEST_STEP][PASSED] - page = <not implemented yet for class: org.codehaus.groovy.ast.expr.EmptyExpression>: null

03-03-2025T13:34:32 - [TEST_STEP][PASSED] - println(dZO): null

03-03-2025T13:34:32 - [TEST_STEP][PASSED] - reducedDZO = <not implemented yet for class: org.codehaus.groovy.ast.expr.EmptyExpression>: null

03-03-2025T13:34:32 - [TEST_STEP][PASSED] - reducedDZO = dZO.substring(dZO.indexOf(" ") + 1, dZO.length()): null

03-03-2025T13:34:32 - [TEST_STEP][PASSED] - if (reducedDZO.contains(" ")): null

03-03-2025T13:34:32 - [TEST_STEP][PASSED] - println(reducedDZO): null

03-03-2025T13:34:32 - [TEST_STEP][PASSED] - dzoCut = <not implemented yet for class: org.codehaus.groovy.ast.expr.EmptyExpression>: null

03-03-2025T13:34:32 - [TEST_STEP][PASSED] - Script1718980020443.DZO(a): null

03-03-2025T13:34:32 - [TEST_STEP][PASSED] - delay(20): Delayed 20 second(s)

03-03-2025T13:34:52 - [MESSAGE][PASSED] - Delayed 20 second(s)

03-03-2025T13:34:52 - [TEST_STEP][PASSED] - Script1718980020443.OpenFilter(): null

03-03-2025T13:34:52 - [TEST_STEP][PASSED] - click(findTestObject("Object Repository/Выполнение бизнес-плана/Фильтр ДЗО")): Object: 'Object Repository/Выполнение бизнес-плана/Фильтр ДЗО' is clicked on

03-03-2025T13:34:52 - [MESSAGE][PASSED] - Object: 'Object Repository/Выполнение бизнес-плана/Фильтр ДЗО' is clicked on

03-03-2025T13:34:52 - [TEST_STEP][PASSED] - click(findTestObject("Выполнение бизнес-плана/Снять выделение в фильтре ДЗО")): Object: 'Object Repository/Выполнение бизнес-плана/Снять выделение в фильтре ДЗО' is clicked on

03-03-2025T13:34:53 - [MESSAGE][PASSED] - Object: 'Object Repository/Выполнение бизнес-плана/Снять выделение в фильтре ДЗО' is clicked on

03-03-2025T13:34:53 - [TEST_STEP][PASSED] - Script1718980020443.OpenRSK(): null

03-03-2025T13:34:53 - [TEST_STEP][PASSED] - click(findTestObject("Выполнение бизнес-плана/Раскрыть список ПАО Россети в фильтре ДЗО")): Object: 'Object Repository/Выполнение бизнес-плана/Раскрыть список ПАО Россети в фильтре ДЗО' is clicked on

03-03-2025T13:34:53 - [MESSAGE][PASSED] - Object: 'Object Repository/Выполнение бизнес-плана/Раскрыть список ПАО Россети в фильтре ДЗО' is clicked on

03-03-2025T13:34:53 - [TEST_STEP][PASSED] - click(findTestObject("Выполнение бизнес-плана/Раскрыть список РаспредКомплекс в фильтре ДЗО")): Object: 'Object Repository/Выполнение бизнес-плана/Раскрыть список РаспредКомплекс в фильтре ДЗО' is clicked on

03-03-2025T13:34:53 - [MESSAGE][PASSED] - Object: 'Object Repository/Выполнение бизнес-плана/Раскрыть список РаспредКомплекс в фильтре ДЗО' is clicked on

03-03-2025T13:34:53 - [TEST_STEP][PASSED] - if (a == 28): null

03-03-2025T13:34:53 - [TEST_STEP][PASSED] - if (a == 77): null

03-03-2025T13:34:53 - [TEST_STEP][PASSED] - if (a == 74): null

03-03-2025T13:34:53 - [TEST_STEP][PASSED] - if (a == 65): null

03-03-2025T13:34:53 - [TEST_STEP][PASSED] - if (a == 36): null

03-03-2025T13:34:53 - [TEST_STEP][PASSED] - if (a == 44): Object: 'Object Repository/Выполнение бизнес-плана/Россети Сибирь' is clicked on

03-03-2025T13:34:53 - [TEST_STEP][PASSED] - scrollToElement(findTestObject("Общие объекты/Раскрыть список Россети Сибирь"), 30): Scroll to object 'Object Repository/Общие объекты/Раскрыть список Россети Сибирь' successfully

03-03-2025T13:34:53 - [MESSAGE][PASSED] - Scroll to object 'Object Repository/Общие объекты/Раскрыть список Россети Сибирь' successfully

03-03-2025T13:34:53 - [TEST_STEP][PASSED] - click(findTestObject("Выполнение бизнес-плана/Россети Сибирь")): Object: 'Object Repository/Выполнение бизнес-плана/Россети Сибирь' is clicked on

03-03-2025T13:34:54 - [MESSAGE][PASSED] - Object: 'Object Repository/Выполнение бизнес-плана/Россети Сибирь' is clicked on

03-03-2025T13:34:54 - [TEST_STEP][PASSED] - if (a == 54): null

03-03-2025T13:34:54 - [TEST_STEP][PASSED] - if (a == 1): null

03-03-2025T13:34:54 - [TEST_STEP][PASSED] - if (a == 18): null

03-03-2025T13:34:54 - [TEST_STEP][PASSED] - if (a == 59): null

03-03-2025T13:34:54 - [TEST_STEP][PASSED] - Script1718980020443.CloseFilter(): null

03-03-2025T13:34:54 - [TEST_STEP][PASSED] - scrollToElement(findTestObject("Выполнение бизнес-плана/Заголовок дашборда"), 30): Scroll to object 'Object Repository/Выполнение бизнес-плана/Заголовок дашборда' successfully

03-03-2025T13:34:54 - [MESSAGE][PASSED] - Scroll to object 'Object Repository/Выполнение бизнес-плана/Заголовок дашборда' successfully

03-03-2025T13:34:54 - [TEST_STEP][PASSED] - click(findTestObject("Object Repository/Выполнение бизнес-плана/Применить в фильтре ДЗО")): Object: 'Object Repository/Выполнение бизнес-плана/Применить в фильтре ДЗО' is clicked on

03-03-2025T13:34:55 - [MESSAGE][PASSED] - Object: 'Object Repository/Выполнение бизнес-плана/Применить в фильтре ДЗО' is clicked on

03-03-2025T13:34:55 - [TEST_STEP][PASSED] - delay(20): Delayed 20 second(s)

03-03-2025T13:35:15 - [MESSAGE][PASSED] - Delayed 20 second(s)

03-03-2025T13:35:15 - [TEST_STEP][PASSED] - Script1718980020443.ZakrytOpoveshenie(): null

03-03-2025T13:35:15 - [TEST_STEP][PASSED] - delay(10): Delayed 10 second(s)

03-03-2025T13:35:25 - [MESSAGE][PASSED] - Delayed 10 second(s)

03-03-2025T13:35:25 - [TEST_STEP][PASSED] - opoveshenie = getText(findTestObject("Выполнение бизнес-плана/Просьба обратить внимание")): Text of object 'Object Repository/Выполнение бизнес-плана/Просьба обратить внимание' is: ''

03-03-2025T13:35:26 - [MESSAGE][PASSED] - Text of object 'Object Repository/Выполнение бизнес-плана/Просьба обратить внимание' is: ''

03-03-2025T13:35:26 - [TEST_STEP][PASSED] - println(opoveshenie): null

03-03-2025T13:35:26 - [TEST_STEP][PASSED] - if (opoveshenie == "Просьба обратить внимание"): null

03-03-2025T13:35:26 - [TEST_STEP][PASSED] - page = getText(findTestObject("Object Repository/Выполнение бизнес-плана/Filials")): Text of object 'Object Repository/Выполнение бизнес-плана/Filials' is: 'Алтайэнерго
Бурятэнерго
Красноярскэнерго
Кузбассэнерго-РЭС
Омскэнерго
Хакасэнерго
Читаэнерго
0
10
20
30
40
50
60
70'

03-03-2025T13:35:26 - [MESSAGE][PASSED] - Text of object 'Object Repository/Выполнение бизнес-плана/Filials' is: 'Алтайэнерго
Бурятэнерго
Красноярскэнерго
Кузбассэнерго-РЭС
Омскэнерго
Хакасэнерго
Читаэнерго
0
10
20
30
40
50
60
70'

03-03-2025T13:35:26 - [TEST_STEP][PASSED] - println(page): null

03-03-2025T13:35:26 - [TEST_STEP][PASSED] - c = page.indexOf(reducedDZO): null

03-03-2025T13:35:26 - [TEST_STEP][PASSED] - if (c > -1): null

03-03-2025T13:35:26 - [TEST_STEP][PASSED] - x2 = getText(findTestObject("Выполнение бизнес-плана/Список ДЗО старый")): Text of object 'Object Repository/Выполнение бизнес-плана/Список ДЗО старый' is: 'Алтайэнерго
Бурятэнерго
Красноярскэнерго
Кузбассэнерго-РЭС
Омскэнерго
Хакасэнерго
Читаэнерго
0
10
20
30
40
50
60
70'

03-03-2025T13:35:26 - [MESSAGE][PASSED] - Text of object 'Object Repository/Выполнение бизнес-плана/Список ДЗО старый' is: 'Алтайэнерго
Бурятэнерго
Красноярскэнерго
Кузбассэнерго-РЭС
Омскэнерго
Хакасэнерго
Читаэнерго
0
10
20
30
40
50
60
70'

03-03-2025T13:35:26 - [TEST_STEP][PASSED] - if (a == 28): null

03-03-2025T13:35:26 - [TEST_STEP][PASSED] - if (a == 77): null

03-03-2025T13:35:26 - [TEST_STEP][PASSED] - if (a == 74): null

03-03-2025T13:35:26 - [TEST_STEP][PASSED] - if (a == 65): null

03-03-2025T13:35:26 - [TEST_STEP][PASSED] - if (a == 1): null

03-03-2025T13:35:26 - [TEST_STEP][PASSED] - if (a == 18): null

03-03-2025T13:35:26 - [TEST_STEP][PASSED] - if (a == 36): null

03-03-2025T13:35:26 - [TEST_STEP][PASSED] - if (a == 44): null

03-03-2025T13:35:26 - [TEST_STEP][PASSED] - dZO = "Алтайэнерго": null

03-03-2025T13:35:26 - [TEST_STEP][PASSED] - a = 45: null

03-03-2025T13:35:26 - [TEST_STEP][PASSED] - if (x2.contains(dZO)): null

03-03-2025T13:35:26 - [TEST_STEP][PASSED] - filialNum = filialNum + 1: null

03-03-2025T13:35:26 - [TEST_STEP][PASSED] - Script1718980020443.Numbers(a, typeOfData, todaysDate, pageInt, fileInt, pageDouble, fileDouble, dZO, dzoNum, filialNum): null

03-03-2025T13:35:26 - [TEST_STEP][PASSED] - println(dzoNum): null

03-03-2025T13:35:26 - [TEST_STEP][PASSED] - planFact = <not implemented yet for class: org.codehaus.groovy.ast.expr.EmptyExpression>: null

03-03-2025T13:35:26 - [TEST_STEP][PASSED] - page = <not implemented yet for class: org.codehaus.groovy.ast.expr.EmptyExpression>: null

03-03-2025T13:35:26 - [TEST_STEP][PASSED] - page1 = <not implemented yet for class: org.codehaus.groovy.ast.expr.EmptyExpression>: null

03-03-2025T13:35:26 - [TEST_STEP][PASSED] - page2 = <not implemented yet for class: org.codehaus.groovy.ast.expr.EmptyExpression>: null

03-03-2025T13:35:26 - [TEST_STEP][PASSED] - filialNumberInRow = <not implemented yet for class: org.codehaus.groovy.ast.expr.EmptyExpression>: null

03-03-2025T13:35:26 - [TEST_STEP][PASSED] - filialsDzoNames = <not implemented yet for class: org.codehaus.groovy.ast.expr.EmptyExpression>: null

03-03-2025T13:35:26 - [TEST_STEP][PASSED] - numberOfFilials = <not implemented yet for class: org.codehaus.groovy.ast.expr.EmptyExpression>: null

03-03-2025T13:35:26 - [TEST_STEP][PASSED] - numberOfSpaces = <not implemented yet for class: org.codehaus.groovy.ast.expr.EmptyExpression>: null

03-03-2025T13:35:26 - [TEST_STEP][PASSED] - file = <not implemented yet for class: org.codehaus.groovy.ast.expr.EmptyExpression>: null

03-03-2025T13:35:26 - [TEST_STEP][PASSED] - otpusk = <not implemented yet for class: org.codehaus.groovy.ast.expr.EmptyExpression>: null

03-03-2025T13:35:26 - [TEST_STEP][PASSED] - poteri = <not implemented yet for class: org.codehaus.groovy.ast.expr.EmptyExpression>: null

03-03-2025T13:35:26 - [TEST_STEP][PASSED] - dataFolder = "Выполнение бизнес-плана/Значения со страницы Выполнение бизнес-плана/": null

03-03-2025T13:35:26 - [TEST_STEP][PASSED] - path = <not implemented yet for class: org.codehaus.groovy.ast.expr.EmptyExpression>: null

03-03-2025T13:35:26 - [TEST_STEP][PASSED] - typeOfDataMain = <not implemented yet for class: org.codehaus.groovy.ast.expr.EmptyExpression>: null

03-03-2025T13:35:26 - [TEST_STEP][PASSED] - fileOtpuskVSet = <not implemented yet for class: org.codehaus.groovy.ast.expr.EmptyExpression>: null

03-03-2025T13:35:26 - [TEST_STEP][PASSED] - pageOtpuskVSet = <not implemented yet for class: org.codehaus.groovy.ast.expr.EmptyExpression>: null

03-03-2025T13:35:26 - [TEST_STEP][PASSED] - filePoteri = <not implemented yet for class: org.codehaus.groovy.ast.expr.EmptyExpression>: null

03-03-2025T13:35:26 - [TEST_STEP][PASSED] - pagePoteri = <not implemented yet for class: org.codehaus.groovy.ast.expr.EmptyExpression>: null

03-03-2025T13:35:26 - [TEST_STEP][PASSED] - compare = <not implemented yet for class: org.codehaus.groovy.ast.expr.EmptyExpression>: null

03-03-2025T13:35:26 - [TEST_STEP][PASSED] - b = <not implemented yet for class: org.codehaus.groovy.ast.expr.EmptyExpression>: null

03-03-2025T13:35:26 - [TEST_STEP][PASSED] - i = <not implemented yet for class: org.codehaus.groovy.ast.expr.EmptyExpression>: null

03-03-2025T13:35:26 - [TEST_STEP][PASSED] - ii = <not implemented yet for class: org.codehaus.groovy.ast.expr.EmptyExpression>: null

03-03-2025T13:35:26 - [TEST_STEP][PASSED] - c = <not implemented yet for class: org.codehaus.groovy.ast.expr.EmptyExpression>: null

03-03-2025T13:35:26 - [TEST_STEP][PASSED] - numberOfErrors = 0: null

03-03-2025T13:35:26 - [TEST_STEP][PASSED] - if (a == 82): null

03-03-2025T13:35:26 - [TEST_STEP][PASSED] - b = findTestData("PlanFact").getValue(1, a): null

03-03-2025T13:35:26 - [TEST_STEP][PASSED] - i = b.indexOf(" (ГК)"): null

03-03-2025T13:35:26 - [TEST_STEP][PASSED] - if (i > -1): null

03-03-2025T13:35:26 - [TEST_STEP][PASSED] - i = b.indexOf("О ""): null

03-03-2025T13:35:26 - [TEST_STEP][PASSED] - if (i > -1): null

03-03-2025T13:35:26 - [TEST_STEP][PASSED] - i = b.indexOf("О «"): null

03-03-2025T13:35:26 - [TEST_STEP][PASSED] - if (i > -1): null

03-03-2025T13:35:26 - [TEST_STEP][PASSED] - i = b.indexOf("г. "): null

03-03-2025T13:35:26 - [TEST_STEP][PASSED] - if (i > -1): null

03-03-2025T13:35:26 - [TEST_STEP][PASSED] - b = b.trim(): null

03-03-2025T13:35:26 - [TEST_STEP][PASSED] - println(b): null

03-03-2025T13:35:26 - [TEST_STEP][PASSED] - for ([planFact = 1, planFact < 3, (planFact++)]): null

03-03-2025T13:35:26 - [TEST_STEP][PASSED] - if (planFact == 1): null

03-03-2025T13:35:26 - [TEST_STEP][PASSED] - typeOfDataMain = "Факт": null

03-03-2025T13:35:26 - [TEST_STEP][PASSED] - otpusk = findTestData("PlanFact").getValue(5, a): null

03-03-2025T13:35:26 - [TEST_STEP][PASSED] - poteri = findTestData("PlanFact").getValue(6, a): null

03-03-2025T13:35:27 - [TEST_STEP][PASSED] - otpusk = otpusk.replaceAll("\s+", ""): null

03-03-2025T13:35:27 - [TEST_STEP][PASSED] - poteri = poteri.replaceAll("\s+", ""): null

03-03-2025T13:35:27 - [TEST_STEP][PASSED] - typeOfData = typeOfDataMain + " Отпуск в сеть": null

03-03-2025T13:35:27 - [TEST_STEP][PASSED] - if (a == 82): null

03-03-2025T13:35:27 - [TEST_STEP][PASSED] - else if (a == 84): null

03-03-2025T13:35:27 - [TEST_STEP][PASSED] - else if (a == 83 || a == 52 || a == 72 || a == 28 || a == 73 || a == 77 || a == 74 || a == 65 || a == 36 || a == 44 || a == 53 || a == 80 || a == 54 || a == 1 || a == 18 || a == 59 || a == 81): null

03-03-2025T13:35:27 - [TEST_STEP][PASSED] - else: null

03-03-2025T13:35:27 - [TEST_STEP][PASSED] - path = dataFolder + typeOfData + " за отчётный период " + b: null

03-03-2025T13:35:27 - [TEST_STEP][PASSED] - println(path): null

03-03-2025T13:35:27 - [TEST_STEP][PASSED] - page = getText(findTestObject(path)): Text of object 'Object Repository/Выполнение бизнес-плана/Значения со страницы Выполнение бизнес-плана/Факт Отпуск в сеть за отчётный период Алтайэнерго' is: '880 237'

03-03-2025T13:35:27 - [MESSAGE][PASSED] - Text of object 'Object Repository/Выполнение бизнес-плана/Значения со страницы Выполнение бизнес-плана/Факт Отпуск в сеть за отчётный период Алтайэнерго' is: '880 237'

03-03-2025T13:35:27 - [TEST_STEP][PASSED] - if (page == "" || page == null): null

03-03-2025T13:35:27 - [TEST_STEP][PASSED] - else: null

03-03-2025T13:35:27 - [TEST_STEP][PASSED] - page = page.replaceAll("\s+", ""): null

03-03-2025T13:35:27 - [TEST_STEP][PASSED] - fileOtpuskVSet = otpusk.toInteger(): null

03-03-2025T13:35:27 - [TEST_STEP][PASSED] - pageOtpuskVSet = page.toInteger(): null

03-03-2025T13:35:27 - [TEST_STEP][PASSED] - typeOfData = typeOfDataMain + " Потери": null

03-03-2025T13:35:27 - [TEST_STEP][PASSED] - if (a == 82): null

03-03-2025T13:35:27 - [TEST_STEP][PASSED] - else if (a == 84): null

03-03-2025T13:35:27 - [TEST_STEP][PASSED] - else if (a == 83 || a == 52 || a == 72 || a == 28 || a == 73 || a == 77 || a == 74 || a == 65 || a == 44 || a == 53 || a == 80 || a == 54 || a == 1 || a == 18 || a == 59 || a == 81): null

03-03-2025T13:35:27 - [TEST_STEP][PASSED] - else: null

03-03-2025T13:35:27 - [TEST_STEP][PASSED] - path = dataFolder + typeOfData + " за отчётный период " + b: null

03-03-2025T13:35:27 - [TEST_STEP][PASSED] - page = getText(findTestObject(path)): Text of object 'Object Repository/Выполнение бизнес-плана/Значения со страницы Выполнение бизнес-плана/Факт Потери за отчётный период Алтайэнерго' is: '80 442'

03-03-2025T13:35:27 - [MESSAGE][PASSED] - Text of object 'Object Repository/Выполнение бизнес-плана/Значения со страницы Выполнение бизнес-плана/Факт Потери за отчётный период Алтайэнерго' is: '80 442'

03-03-2025T13:35:27 - [TEST_STEP][PASSED] - if (page == "" || page == null): null

03-03-2025T13:35:27 - [TEST_STEP][PASSED] - else: null

03-03-2025T13:35:27 - [TEST_STEP][PASSED] - page = page.replaceAll("\s+", ""): null

03-03-2025T13:35:27 - [TEST_STEP][PASSED] - filePoteri = poteri.toInteger(): null

03-03-2025T13:35:27 - [TEST_STEP][PASSED] - pagePoteri = page.toInteger(): null

03-03-2025T13:35:27 - [TEST_STEP][PASSED] - compare = pageOtpuskVSet: null

03-03-2025T13:35:27 - [TEST_STEP][PASSED] - if (pageOtpuskVSet != null): null

03-03-2025T13:35:27 - [TEST_STEP][PASSED] - if (compare == fileOtpuskVSet): null

03-03-2025T13:35:27 - [TEST_STEP][PASSED] - else if (compare > fileOtpuskVSet): null

03-03-2025T13:35:27 - [TEST_STEP][PASSED] - else if (compare < fileOtpuskVSet): null

03-03-2025T13:35:27 - [TEST_STEP][PASSED] - compare = compare + 1: null

03-03-2025T13:35:27 - [TEST_STEP][PASSED] - if (compare == fileOtpuskVSet): null

03-03-2025T13:35:27 - [TEST_STEP][PASSED] - else: null

03-03-2025T13:35:27 - [TEST_STEP][PASSED] - numberOfErrors = numberOfErrors + 1: null

03-03-2025T13:35:27 - [TEST_STEP][PASSED] - pageInt = pageOtpuskVSet: null

03-03-2025T13:35:27 - [TEST_STEP][PASSED] - fileInt = fileOtpuskVSet: null

03-03-2025T13:35:27 - [TEST_STEP][PASSED] - typeOfData = typeOfDataMain + " Отпуск в сеть": null

03-03-2025T13:35:27 - [TEST_STEP][PASSED] - Script1718980020443.WriteToExcel(a, typeOfData, todaysDate, pageInt, fileInt, pageDouble, fileDouble, dZO): null

03-03-2025T13:35:27 - [TEST_STEP][PASSED] - sheetName = "Sheet1": null

03-03-2025T13:35:27 - [TEST_STEP][PASSED] - data = findTestData("PlanFact"): null

03-03-2025T13:35:27 - [TEST_STEP][PASSED] - n = data.getRowNumbers() + 1: null

03-03-2025T13:35:27 - [TEST_STEP][PASSED] - day = ")).toInteger(): null

03-03-2025T13:35:27 - [TEST_STEP][PASSED] - println(day): null

03-03-2025T13:35:27 - [TEST_STEP][PASSED] - month = ")).toInteger(): null

03-03-2025T13:35:27 - [TEST_STEP][PASSED] - println(month): null

03-03-2025T13:35:27 - [TEST_STEP][PASSED] - y = <not implemented yet for class: org.codehaus.groovy.ast.expr.EmptyExpression>: null

03-03-2025T13:35:27 - [TEST_STEP][PASSED] - iy = <not implemented yet for class: org.codehaus.groovy.ast.expr.EmptyExpression>: null

03-03-2025T13:35:27 - [TEST_STEP][PASSED] - m = getText(findTestObject("Выполнение бизнес-плана/Период")): Text of object 'Object Repository/Выполнение бизнес-плана/Период' is: '2024 год'

03-03-2025T13:35:27 - [MESSAGE][PASSED] - Text of object 'Object Repository/Выполнение бизнес-плана/Период' is: '2024 год'

03-03-2025T13:35:27 - [TEST_STEP][PASSED] - iy = m.indexOf("20"): null

03-03-2025T13:35:27 - [TEST_STEP][PASSED] - if (iy > -1): null

03-03-2025T13:35:27 - [TEST_STEP][PASSED] - y = substring(iy, iy + 4).toInteger(): null

03-03-2025T13:35:27 - [TEST_STEP][PASSED] - println(y): null

03-03-2025T13:35:27 - [TEST_STEP][PASSED] - if (toString().length() == 4): null

03-03-2025T13:35:27 - [TEST_STEP][PASSED] - m = m.substring(0, m.indexOf(y.toString())): null

03-03-2025T13:35:27 - [TEST_STEP][PASSED] - m = m.trim(): null

03-03-2025T13:35:27 - [TEST_STEP][PASSED] - if (m == ""): null

03-03-2025T13:35:27 - [TEST_STEP][PASSED] - m = "весь год": null

03-03-2025T13:35:27 - [TEST_STEP][PASSED] - dashboardName = "Выполнение бизнес-плана": null

03-03-2025T13:35:27 - [TEST_STEP][PASSED] - workbook01 = getWorkbook(excelFilePath): null

03-03-2025T13:35:28 - [TEST_STEP][PASSED] - sheet01 = getExcelSheet(workbook01, sheetName): null

03-03-2025T13:35:28 - [TEST_STEP][PASSED] - setValueToCellByIndex(sheet01, n, 0, dashboardName): null

03-03-2025T13:35:28 - [TEST_STEP][PASSED] - setValueToCellByIndex(sheet01, n, 1, dZO): null

03-03-2025T13:35:28 - [TEST_STEP][PASSED] - setValueToCellByIndex(sheet01, n, 2, typeOfData): null

03-03-2025T13:35:28 - [TEST_STEP][PASSED] - if (typeOfData == "Факт в процентах" || typeOfData == "План в процентах"): null

03-03-2025T13:35:28 - [TEST_STEP][PASSED] - else: null

03-03-2025T13:35:28 - [TEST_STEP][PASSED] - setValueToCellByIndex(sheet01, n, 3, fileInt): null

03-03-2025T13:35:28 - [TEST_STEP][PASSED] - setValueToCellByIndex(sheet01, n, 4, pageInt): null

03-03-2025T13:35:28 - [TEST_STEP][PASSED] - setValueToCellByIndex(sheet01, n, 5, m): null

03-03-2025T13:35:28 - [TEST_STEP][PASSED] - setValueToCellByIndex(sheet01, n, 6, y): null

03-03-2025T13:35:28 - [TEST_STEP][PASSED] - setValueToCellByIndex(sheet01, n, 7, todaysDate): null

03-03-2025T13:35:28 - [TEST_STEP][PASSED] - n = n + 1: null

03-03-2025T13:35:28 - [TEST_STEP][PASSED] - saveWorkbook(excelFilePath, workbook01): null

03-03-2025T13:35:28 - [TEST_STEP][PASSED] - compare = pagePoteri: null

03-03-2025T13:35:28 - [TEST_STEP][PASSED] - if (pageOtpuskVSet != null): null

03-03-2025T13:35:28 - [TEST_STEP][PASSED] - if (compare == filePoteri): null

03-03-2025T13:35:28 - [TEST_STEP][PASSED] - else if (compare > filePoteri): null

03-03-2025T13:35:28 - [TEST_STEP][PASSED] - else if (compare < filePoteri): null

03-03-2025T13:35:28 - [TEST_STEP][PASSED] - compare = compare + 1: null

03-03-2025T13:35:28 - [TEST_STEP][PASSED] - if (compare == filePoteri): null

03-03-2025T13:35:28 - [TEST_STEP][PASSED] - else: null

03-03-2025T13:35:28 - [TEST_STEP][PASSED] - numberOfErrors = numberOfErrors + 1: null

03-03-2025T13:35:28 - [TEST_STEP][PASSED] - pageInt = pagePoteri: null

03-03-2025T13:35:28 - [TEST_STEP][PASSED] - fileInt = filePoteri: null

03-03-2025T13:35:28 - [TEST_STEP][PASSED] - typeOfData = typeOfDataMain + " Потери": null

03-03-2025T13:35:28 - [TEST_STEP][PASSED] - Script1718980020443.WriteToExcel(a, typeOfData, todaysDate, pageInt, fileInt, pageDouble, fileDouble, dZO): null

03-03-2025T13:35:28 - [TEST_STEP][PASSED] - sheetName = "Sheet1": null

03-03-2025T13:35:28 - [TEST_STEP][PASSED] - data = findTestData("PlanFact"): null

03-03-2025T13:35:28 - [TEST_STEP][PASSED] - n = data.getRowNumbers() + 1: null

03-03-2025T13:35:28 - [TEST_STEP][PASSED] - day = ")).toInteger(): null

03-03-2025T13:35:28 - [TEST_STEP][PASSED] - println(day): null

03-03-2025T13:35:28 - [TEST_STEP][PASSED] - month = ")).toInteger(): null

03-03-2025T13:35:28 - [TEST_STEP][PASSED] - println(month): null

03-03-2025T13:35:28 - [TEST_STEP][PASSED] - y = <not implemented yet for class: org.codehaus.groovy.ast.expr.EmptyExpression>: null

03-03-2025T13:35:28 - [TEST_STEP][PASSED] - iy = <not implemented yet for class: org.codehaus.groovy.ast.expr.EmptyExpression>: null

03-03-2025T13:35:28 - [TEST_STEP][PASSED] - m = getText(findTestObject("Выполнение бизнес-плана/Период")): Text of object 'Object Repository/Выполнение бизнес-плана/Период' is: '2024 год'

03-03-2025T13:35:28 - [MESSAGE][PASSED] - Text of object 'Object Repository/Выполнение бизнес-плана/Период' is: '2024 год'

03-03-2025T13:35:28 - [TEST_STEP][PASSED] - iy = m.indexOf("20"): null

03-03-2025T13:35:28 - [TEST_STEP][PASSED] - if (iy > -1): null

03-03-2025T13:35:28 - [TEST_STEP][PASSED] - y = substring(iy, iy + 4).toInteger(): null

03-03-2025T13:35:28 - [TEST_STEP][PASSED] - println(y): null

03-03-2025T13:35:28 - [TEST_STEP][PASSED] - if (toString().length() == 4): null

03-03-2025T13:35:28 - [TEST_STEP][PASSED] - m = m.substring(0, m.indexOf(y.toString())): null

03-03-2025T13:35:28 - [TEST_STEP][PASSED] - m = m.trim(): null

03-03-2025T13:35:28 - [TEST_STEP][PASSED] - if (m == ""): null

03-03-2025T13:35:28 - [TEST_STEP][PASSED] - m = "весь год": null

03-03-2025T13:35:28 - [TEST_STEP][PASSED] - dashboardName = "Выполнение бизнес-плана": null

03-03-2025T13:35:28 - [TEST_STEP][PASSED] - workbook01 = getWorkbook(excelFilePath): null

03-03-2025T13:35:28 - [TEST_STEP][PASSED] - sheet01 = getExcelSheet(workbook01, sheetName): null

03-03-2025T13:35:28 - [TEST_STEP][PASSED] - setValueToCellByIndex(sheet01, n, 0, dashboardName): null

03-03-2025T13:35:28 - [TEST_STEP][PASSED] - setValueToCellByIndex(sheet01, n, 1, dZO): null

03-03-2025T13:35:28 - [TEST_STEP][PASSED] - setValueToCellByIndex(sheet01, n, 2, typeOfData): null

03-03-2025T13:35:28 - [TEST_STEP][PASSED] - if (typeOfData == "Факт в процентах" || typeOfData == "План в процентах"): null

03-03-2025T13:35:28 - [TEST_STEP][PASSED] - else: null

03-03-2025T13:35:28 - [TEST_STEP][PASSED] - setValueToCellByIndex(sheet01, n, 3, fileInt): null

03-03-2025T13:35:28 - [TEST_STEP][PASSED] - setValueToCellByIndex(sheet01, n, 4, pageInt): null

03-03-2025T13:35:28 - [TEST_STEP][PASSED] - setValueToCellByIndex(sheet01, n, 5, m): null

03-03-2025T13:35:28 - [TEST_STEP][PASSED] - setValueToCellByIndex(sheet01, n, 6, y): null

03-03-2025T13:35:28 - [TEST_STEP][PASSED] - setValueToCellByIndex(sheet01, n, 7, todaysDate): null

03-03-2025T13:35:28 - [TEST_STEP][PASSED] - n = n + 1: null

03-03-2025T13:35:28 - [TEST_STEP][PASSED] - saveWorkbook(excelFilePath, workbook01): null

03-03-2025T13:35:28 - [TEST_STEP][PASSED] - if (planFact == 2): null

03-03-2025T13:35:28 - [TEST_STEP][PASSED] - if (planFact == 1): null

03-03-2025T13:35:28 - [TEST_STEP][PASSED] - else if (planFact == 2): null

03-03-2025T13:35:28 - [TEST_STEP][PASSED] - click(findTestObject("Выполнение бизнес-плана/Кнопка План")): Object: 'Object Repository/Выполнение бизнес-плана/Кнопка План' is clicked on

03-03-2025T13:35:29 - [MESSAGE][PASSED] - Object: 'Object Repository/Выполнение бизнес-плана/Кнопка План' is clicked on

03-03-2025T13:35:29 - [TEST_STEP][PASSED] - typeOfDataMain = "План": null

03-03-2025T13:35:29 - [TEST_STEP][PASSED] - otpusk = findTestData("PlanFact").getValue(2, a): null

03-03-2025T13:35:29 - [TEST_STEP][PASSED] - poteri = findTestData("PlanFact").getValue(3, a): null

03-03-2025T13:35:29 - [TEST_STEP][PASSED] - otpusk = otpusk.replaceAll("\s+", ""): null

03-03-2025T13:35:29 - [TEST_STEP][PASSED] - poteri = poteri.replaceAll("\s+", ""): null

03-03-2025T13:35:29 - [TEST_STEP][PASSED] - typeOfData = typeOfDataMain + " Отпуск в сеть": null

03-03-2025T13:35:29 - [TEST_STEP][PASSED] - if (a == 82): null

03-03-2025T13:35:29 - [TEST_STEP][PASSED] - else if (a == 84): null

03-03-2025T13:35:29 - [TEST_STEP][PASSED] - else if (a == 83 || a == 52 || a == 72 || a == 28 || a == 73 || a == 77 || a == 74 || a == 65 || a == 36 || a == 44 || a == 53 || a == 80 || a == 54 || a == 1 || a == 18 || a == 59 || a == 81): null

03-03-2025T13:35:29 - [TEST_STEP][PASSED] - else: null

03-03-2025T13:35:29 - [TEST_STEP][PASSED] - path = dataFolder + typeOfData + " за отчётный период " + b: null

03-03-2025T13:35:29 - [TEST_STEP][PASSED] - println(path): null

03-03-2025T13:35:29 - [TEST_STEP][PASSED] - page = getText(findTestObject(path)): Text of object 'Object Repository/Выполнение бизнес-плана/Значения со страницы Выполнение бизнес-плана/План Отпуск в сеть за отчётный период Алтайэнерго' is: '856 014'

03-03-2025T13:35:29 - [MESSAGE][PASSED] - Text of object 'Object Repository/Выполнение бизнес-плана/Значения со страницы Выполнение бизнес-плана/План Отпуск в сеть за отчётный период Алтайэнерго' is: '856 014'

03-03-2025T13:35:29 - [TEST_STEP][PASSED] - if (page == "" || page == null): null

03-03-2025T13:35:29 - [TEST_STEP][PASSED] - else: null

03-03-2025T13:35:29 - [TEST_STEP][PASSED] - page = page.replaceAll("\s+", ""): null

03-03-2025T13:35:29 - [TEST_STEP][PASSED] - fileOtpuskVSet = otpusk.toInteger(): null

03-03-2025T13:35:29 - [TEST_STEP][PASSED] - pageOtpuskVSet = page.toInteger(): null

03-03-2025T13:35:29 - [TEST_STEP][PASSED] - typeOfData = typeOfDataMain + " Потери": null

03-03-2025T13:35:29 - [TEST_STEP][PASSED] - if (a == 82): null

03-03-2025T13:35:29 - [TEST_STEP][PASSED] - else if (a == 84): null

03-03-2025T13:35:29 - [TEST_STEP][PASSED] - else if (a == 83 || a == 52 || a == 72 || a == 28 || a == 73 || a == 77 || a == 74 || a == 65 || a == 44 || a == 53 || a == 80 || a == 54 || a == 1 || a == 18 || a == 59 || a == 81): null

03-03-2025T13:35:29 - [TEST_STEP][PASSED] - else: null

03-03-2025T13:35:29 - [TEST_STEP][PASSED] - path = dataFolder + typeOfData + " за отчётный период " + b: null

03-03-2025T13:35:29 - [TEST_STEP][PASSED] - page = getText(findTestObject(path)): Text of object 'Object Repository/Выполнение бизнес-плана/Значения со страницы Выполнение бизнес-плана/План Потери за отчётный период Алтайэнерго' is: '83 050'

03-03-2025T13:35:30 - [MESSAGE][PASSED] - Text of object 'Object Repository/Выполнение бизнес-плана/Значения со страницы Выполнение бизнес-плана/План Потери за отчётный период Алтайэнерго' is: '83 050'

03-03-2025T13:35:30 - [TEST_STEP][PASSED] - if (page == "" || page == null): null

03-03-2025T13:35:30 - [TEST_STEP][PASSED] - else: null

03-03-2025T13:35:30 - [TEST_STEP][PASSED] - page = page.replaceAll("\s+", ""): null

03-03-2025T13:35:30 - [TEST_STEP][PASSED] - filePoteri = poteri.toInteger(): null

03-03-2025T13:35:30 - [TEST_STEP][PASSED] - pagePoteri = page.toInteger(): null

03-03-2025T13:35:30 - [TEST_STEP][PASSED] - compare = pageOtpuskVSet: null

03-03-2025T13:35:30 - [TEST_STEP][PASSED] - if (pageOtpuskVSet != null): null

03-03-2025T13:35:30 - [TEST_STEP][PASSED] - if (compare == fileOtpuskVSet): null

03-03-2025T13:35:30 - [TEST_STEP][PASSED] - else if (compare > fileOtpuskVSet): null

03-03-2025T13:35:30 - [TEST_STEP][PASSED] - else if (compare < fileOtpuskVSet): null

03-03-2025T13:35:30 - [TEST_STEP][PASSED] - compare = compare + 1: null

03-03-2025T13:35:30 - [TEST_STEP][PASSED] - if (compare == fileOtpuskVSet): null

03-03-2025T13:35:30 - [TEST_STEP][PASSED] - else: null

03-03-2025T13:35:30 - [TEST_STEP][PASSED] - numberOfErrors = numberOfErrors + 1: null

03-03-2025T13:35:30 - [TEST_STEP][PASSED] - pageInt = pageOtpuskVSet: null

03-03-2025T13:35:30 - [TEST_STEP][PASSED] - fileInt = fileOtpuskVSet: null

03-03-2025T13:35:30 - [TEST_STEP][PASSED] - typeOfData = typeOfDataMain + " Отпуск в сеть": null

03-03-2025T13:35:30 - [TEST_STEP][PASSED] - Script1718980020443.WriteToExcel(a, typeOfData, todaysDate, pageInt, fileInt, pageDouble, fileDouble, dZO): null

03-03-2025T13:35:30 - [TEST_STEP][PASSED] - sheetName = "Sheet1": null

03-03-2025T13:35:30 - [TEST_STEP][PASSED] - data = findTestData("PlanFact"): null

03-03-2025T13:35:30 - [TEST_STEP][PASSED] - n = data.getRowNumbers() + 1: null

03-03-2025T13:35:30 - [TEST_STEP][PASSED] - day = ")).toInteger(): null

03-03-2025T13:35:30 - [TEST_STEP][PASSED] - println(day): null

03-03-2025T13:35:30 - [TEST_STEP][PASSED] - month = ")).toInteger(): null

03-03-2025T13:35:30 - [TEST_STEP][PASSED] - println(month): null

03-03-2025T13:35:30 - [TEST_STEP][PASSED] - y = <not implemented yet for class: org.codehaus.groovy.ast.expr.EmptyExpression>: null

03-03-2025T13:35:30 - [TEST_STEP][PASSED] - iy = <not implemented yet for class: org.codehaus.groovy.ast.expr.EmptyExpression>: null

03-03-2025T13:35:30 - [TEST_STEP][PASSED] - m = getText(findTestObject("Выполнение бизнес-плана/Период")): Text of object 'Object Repository/Выполнение бизнес-плана/Период' is: '2024 год'

03-03-2025T13:35:30 - [MESSAGE][PASSED] - Text of object 'Object Repository/Выполнение бизнес-плана/Период' is: '2024 год'

03-03-2025T13:35:30 - [TEST_STEP][PASSED] - iy = m.indexOf("20"): null

03-03-2025T13:35:30 - [TEST_STEP][PASSED] - if (iy > -1): null

03-03-2025T13:35:30 - [TEST_STEP][PASSED] - y = substring(iy, iy + 4).toInteger(): null

03-03-2025T13:35:30 - [TEST_STEP][PASSED] - println(y): null

03-03-2025T13:35:30 - [TEST_STEP][PASSED] - if (toString().length() == 4): null

03-03-2025T13:35:30 - [TEST_STEP][PASSED] - m = m.substring(0, m.indexOf(y.toString())): null

03-03-2025T13:35:30 - [TEST_STEP][PASSED] - m = m.trim(): null

03-03-2025T13:35:30 - [TEST_STEP][PASSED] - if (m == ""): null

03-03-2025T13:35:30 - [TEST_STEP][PASSED] - m = "весь год": null

03-03-2025T13:35:30 - [TEST_STEP][PASSED] - dashboardName = "Выполнение бизнес-плана": null

03-03-2025T13:35:30 - [TEST_STEP][PASSED] - workbook01 = getWorkbook(excelFilePath): null

03-03-2025T13:35:30 - [TEST_STEP][PASSED] - sheet01 = getExcelSheet(workbook01, sheetName): null

03-03-2025T13:35:30 - [TEST_STEP][PASSED] - setValueToCellByIndex(sheet01, n, 0, dashboardName): null

03-03-2025T13:35:30 - [TEST_STEP][PASSED] - setValueToCellByIndex(sheet01, n, 1, dZO): null

03-03-2025T13:35:30 - [TEST_STEP][PASSED] - setValueToCellByIndex(sheet01, n, 2, typeOfData): null

03-03-2025T13:35:30 - [TEST_STEP][PASSED] - if (typeOfData == "Факт в процентах" || typeOfData == "План в процентах"): null

03-03-2025T13:35:30 - [TEST_STEP][PASSED] - else: null

03-03-2025T13:35:30 - [TEST_STEP][PASSED] - setValueToCellByIndex(sheet01, n, 3, fileInt): null

03-03-2025T13:35:30 - [TEST_STEP][PASSED] - setValueToCellByIndex(sheet01, n, 4, pageInt): null

03-03-2025T13:35:30 - [TEST_STEP][PASSED] - setValueToCellByIndex(sheet01, n, 5, m): null

03-03-2025T13:35:30 - [TEST_STEP][PASSED] - setValueToCellByIndex(sheet01, n, 6, y): null

03-03-2025T13:35:30 - [TEST_STEP][PASSED] - setValueToCellByIndex(sheet01, n, 7, todaysDate): null

03-03-2025T13:35:30 - [TEST_STEP][PASSED] - n = n + 1: null

03-03-2025T13:35:30 - [TEST_STEP][PASSED] - saveWorkbook(excelFilePath, workbook01): null

03-03-2025T13:35:30 - [TEST_STEP][PASSED] - compare = pagePoteri: null

03-03-2025T13:35:30 - [TEST_STEP][PASSED] - if (pageOtpuskVSet != null): null

03-03-2025T13:35:30 - [TEST_STEP][PASSED] - if (compare == filePoteri): null

03-03-2025T13:35:30 - [TEST_STEP][PASSED] - else if (compare > filePoteri): null

03-03-2025T13:35:30 - [TEST_STEP][PASSED] - else if (compare < filePoteri): null

03-03-2025T13:35:30 - [TEST_STEP][PASSED] - compare = compare + 1: null

03-03-2025T13:35:30 - [TEST_STEP][PASSED] - if (compare == filePoteri): null

03-03-2025T13:35:30 - [TEST_STEP][PASSED] - else: null

03-03-2025T13:35:30 - [TEST_STEP][PASSED] - numberOfErrors = numberOfErrors + 1: null

03-03-2025T13:35:30 - [TEST_STEP][PASSED] - pageInt = pagePoteri: null

03-03-2025T13:35:30 - [TEST_STEP][PASSED] - fileInt = filePoteri: null

03-03-2025T13:35:30 - [TEST_STEP][PASSED] - typeOfData = typeOfDataMain + " Потери": null

03-03-2025T13:35:30 - [TEST_STEP][PASSED] - Script1718980020443.WriteToExcel(a, typeOfData, todaysDate, pageInt, fileInt, pageDouble, fileDouble, dZO): null

03-03-2025T13:35:30 - [TEST_STEP][PASSED] - sheetName = "Sheet1": null

03-03-2025T13:35:30 - [TEST_STEP][PASSED] - data = findTestData("PlanFact"): null

03-03-2025T13:35:30 - [TEST_STEP][PASSED] - n = data.getRowNumbers() + 1: null

03-03-2025T13:35:30 - [TEST_STEP][PASSED] - day = ")).toInteger(): null

03-03-2025T13:35:30 - [TEST_STEP][PASSED] - println(day): null

03-03-2025T13:35:30 - [TEST_STEP][PASSED] - month = ")).toInteger(): null

03-03-2025T13:35:30 - [TEST_STEP][PASSED] - println(month): null

03-03-2025T13:35:30 - [TEST_STEP][PASSED] - y = <not implemented yet for class: org.codehaus.groovy.ast.expr.EmptyExpression>: null

03-03-2025T13:35:30 - [TEST_STEP][PASSED] - iy = <not implemented yet for class: org.codehaus.groovy.ast.expr.EmptyExpression>: null

03-03-2025T13:35:30 - [TEST_STEP][PASSED] - m = getText(findTestObject("Выполнение бизнес-плана/Период")): Text of object 'Object Repository/Выполнение бизнес-плана/Период' is: '2024 год'

03-03-2025T13:35:31 - [MESSAGE][PASSED] - Text of object 'Object Repository/Выполнение бизнес-плана/Период' is: '2024 год'

03-03-2025T13:35:31 - [TEST_STEP][PASSED] - iy = m.indexOf("20"): null

03-03-2025T13:35:31 - [TEST_STEP][PASSED] - if (iy > -1): null

03-03-2025T13:35:31 - [TEST_STEP][PASSED] - y = substring(iy, iy + 4).toInteger(): null

03-03-2025T13:35:31 - [TEST_STEP][PASSED] - println(y): null

03-03-2025T13:35:31 - [TEST_STEP][PASSED] - if (toString().length() == 4): null

03-03-2025T13:35:31 - [TEST_STEP][PASSED] - m = m.substring(0, m.indexOf(y.toString())): null

03-03-2025T13:35:31 - [TEST_STEP][PASSED] - m = m.trim(): null

03-03-2025T13:35:31 - [TEST_STEP][PASSED] - if (m == ""): null

03-03-2025T13:35:31 - [TEST_STEP][PASSED] - m = "весь год": null

03-03-2025T13:35:31 - [TEST_STEP][PASSED] - dashboardName = "Выполнение бизнес-плана": null

03-03-2025T13:35:31 - [TEST_STEP][PASSED] - workbook01 = getWorkbook(excelFilePath): null

03-03-2025T13:35:31 - [TEST_STEP][PASSED] - sheet01 = getExcelSheet(workbook01, sheetName): null

03-03-2025T13:35:31 - [TEST_STEP][PASSED] - setValueToCellByIndex(sheet01, n, 0, dashboardName): null

03-03-2025T13:35:31 - [TEST_STEP][PASSED] - setValueToCellByIndex(sheet01, n, 1, dZO): null

03-03-2025T13:35:31 - [TEST_STEP][PASSED] - setValueToCellByIndex(sheet01, n, 2, typeOfData): null

03-03-2025T13:35:31 - [TEST_STEP][PASSED] - if (typeOfData == "Факт в процентах" || typeOfData == "План в процентах"): null

03-03-2025T13:35:31 - [TEST_STEP][PASSED] - else: null

03-03-2025T13:35:31 - [TEST_STEP][PASSED] - setValueToCellByIndex(sheet01, n, 3, fileInt): null

03-03-2025T13:35:31 - [TEST_STEP][PASSED] - setValueToCellByIndex(sheet01, n, 4, pageInt): null

03-03-2025T13:35:31 - [TEST_STEP][PASSED] - setValueToCellByIndex(sheet01, n, 5, m): null

03-03-2025T13:35:31 - [TEST_STEP][PASSED] - setValueToCellByIndex(sheet01, n, 6, y): null

03-03-2025T13:35:31 - [TEST_STEP][PASSED] - setValueToCellByIndex(sheet01, n, 7, todaysDate): null

03-03-2025T13:35:31 - [TEST_STEP][PASSED] - n = n + 1: null

03-03-2025T13:35:31 - [TEST_STEP][PASSED] - saveWorkbook(excelFilePath, workbook01): Object: 'Object Repository/Выполнение бизнес-плана/Кнопка Факт' is clicked on

03-03-2025T13:35:31 - [TEST_STEP][PASSED] - if (planFact == 2): Object: 'Object Repository/Выполнение бизнес-плана/Кнопка Факт' is clicked on

03-03-2025T13:35:31 - [TEST_STEP][PASSED] - click(findTestObject("Выполнение бизнес-плана/Кнопка Факт")): Object: 'Object Repository/Выполнение бизнес-плана/Кнопка Факт' is clicked on

03-03-2025T13:35:31 - [MESSAGE][PASSED] - Object: 'Object Repository/Выполнение бизнес-плана/Кнопка Факт' is clicked on

03-03-2025T13:35:31 - [TEST_STEP][PASSED] - println("a=" + a): null

03-03-2025T13:35:31 - [TEST_STEP][PASSED] - if (a == 84 || a == 82): null

03-03-2025T13:35:31 - [TEST_STEP][PASSED] - else if (a == 83 || a == 52 || a == 72 || a == 28 || a == 73 || a == 77 || a == 74 || a == 65 || a == 36 || a == 44 || a == 53 || a == 80 || a == 54 || a == 1 || a == 18 || a == 59 || a == 81): null

03-03-2025T13:35:31 - [TEST_STEP][PASSED] - else: null

03-03-2025T13:35:31 - [TEST_STEP][PASSED] - page1 = getText(findTestObject("Object Repository/Выполнение бизнес-плана/spanPlan" + filialNum)): Text of object 'Object Repository/Выполнение бизнес-плана/spanPlan1' is: '14.98
|'

03-03-2025T13:35:31 - [MESSAGE][PASSED] - Text of object 'Object Repository/Выполнение бизнес-плана/spanPlan1' is: '14.98
|'

03-03-2025T13:35:31 - [TEST_STEP][PASSED] - page1 = page1.replace("|", ""): null

03-03-2025T13:35:31 - [TEST_STEP][PASSED] - page2 = getText(findTestObject("Object Repository/Выполнение бизнес-плана/spanFact" + filialNum)): Text of object 'Object Repository/Выполнение бизнес-плана/spanFact1' is: '6.86
|'

03-03-2025T13:35:32 - [MESSAGE][PASSED] - Text of object 'Object Repository/Выполнение бизнес-плана/spanFact1' is: '6.86
|'

03-03-2025T13:35:32 - [TEST_STEP][PASSED] - page2 = page2.replace("|", ""): null

03-03-2025T13:35:32 - [TEST_STEP][PASSED] - println("page1: " + page1): null

03-03-2025T13:35:32 - [TEST_STEP][PASSED] - println("page2: " + page2): null

03-03-2025T13:35:32 - [TEST_STEP][PASSED] - file = findTestData("PlanFact").getValue(4, a): null

03-03-2025T13:35:32 - [TEST_STEP][PASSED] - file = file.replace(",", "."): null

03-03-2025T13:35:32 - [TEST_STEP][PASSED] - println("file Plan: " + file): null

03-03-2025T13:35:32 - [TEST_STEP][PASSED] - typeOfData = "План в процентах": null

03-03-2025T13:35:32 - [TEST_STEP][PASSED] - fileDouble = file.toDouble(): null

03-03-2025T13:35:32 - [TEST_STEP][PASSED] - pageDouble = page1.toDouble(): null

03-03-2025T13:35:32 - [TEST_STEP][PASSED] - if (fileDouble != pageDouble): null

03-03-2025T13:35:32 - [TEST_STEP][PASSED] - numberOfErrors = numberOfErrors + 1: null

03-03-2025T13:35:32 - [TEST_STEP][PASSED] - Script1718980020443.WriteToExcel(a, typeOfData, todaysDate, pageInt, fileInt, pageDouble, fileDouble, dZO): null

03-03-2025T13:35:32 - [TEST_STEP][PASSED] - sheetName = "Sheet1": null

03-03-2025T13:35:32 - [TEST_STEP][PASSED] - data = findTestData("PlanFact"): null

03-03-2025T13:35:32 - [TEST_STEP][PASSED] - n = data.getRowNumbers() + 1: null

03-03-2025T13:35:32 - [TEST_STEP][PASSED] - day = ")).toInteger(): null

03-03-2025T13:35:32 - [TEST_STEP][PASSED] - println(day): null

03-03-2025T13:35:32 - [TEST_STEP][PASSED] - month = ")).toInteger(): null

03-03-2025T13:35:32 - [TEST_STEP][PASSED] - println(month): null

03-03-2025T13:35:32 - [TEST_STEP][PASSED] - y = <not implemented yet for class: org.codehaus.groovy.ast.expr.EmptyExpression>: null

03-03-2025T13:35:32 - [TEST_STEP][PASSED] - iy = <not implemented yet for class: org.codehaus.groovy.ast.expr.EmptyExpression>: null

03-03-2025T13:35:32 - [TEST_STEP][PASSED] - m = getText(findTestObject("Выполнение бизнес-плана/Период")): Text of object 'Object Repository/Выполнение бизнес-плана/Период' is: '2024 год'

03-03-2025T13:35:32 - [MESSAGE][PASSED] - Text of object 'Object Repository/Выполнение бизнес-плана/Период' is: '2024 год'

03-03-2025T13:35:32 - [TEST_STEP][PASSED] - iy = m.indexOf("20"): null

03-03-2025T13:35:32 - [TEST_STEP][PASSED] - if (iy > -1): null

03-03-2025T13:35:32 - [TEST_STEP][PASSED] - y = substring(iy, iy + 4).toInteger(): null

03-03-2025T13:35:32 - [TEST_STEP][PASSED] - println(y): null

03-03-2025T13:35:32 - [TEST_STEP][PASSED] - if (toString().length() == 4): null

03-03-2025T13:35:32 - [TEST_STEP][PASSED] - m = m.substring(0, m.indexOf(y.toString())): null

03-03-2025T13:35:32 - [TEST_STEP][PASSED] - m = m.trim(): null

03-03-2025T13:35:32 - [TEST_STEP][PASSED] - if (m == ""): null

03-03-2025T13:35:32 - [TEST_STEP][PASSED] - m = "весь год": null

03-03-2025T13:35:32 - [TEST_STEP][PASSED] - dashboardName = "Выполнение бизнес-плана": null

03-03-2025T13:35:32 - [TEST_STEP][PASSED] - workbook01 = getWorkbook(excelFilePath): null

03-03-2025T13:35:32 - [TEST_STEP][PASSED] - sheet01 = getExcelSheet(workbook01, sheetName): null

03-03-2025T13:35:32 - [TEST_STEP][PASSED] - setValueToCellByIndex(sheet01, n, 0, dashboardName): null

03-03-2025T13:35:32 - [TEST_STEP][PASSED] - setValueToCellByIndex(sheet01, n, 1, dZO): null

03-03-2025T13:35:32 - [TEST_STEP][PASSED] - setValueToCellByIndex(sheet01, n, 2, typeOfData): null

03-03-2025T13:35:32 - [TEST_STEP][PASSED] - if (typeOfData == "Факт в процентах" || typeOfData == "План в процентах"): null

03-03-2025T13:35:32 - [TEST_STEP][PASSED] - setValueToCellByIndex(sheet01, n, 3, fileDouble): null

03-03-2025T13:35:32 - [TEST_STEP][PASSED] - setValueToCellByIndex(sheet01, n, 4, pageDouble): null

03-03-2025T13:35:32 - [TEST_STEP][PASSED] - setValueToCellByIndex(sheet01, n, 5, m): null

03-03-2025T13:35:32 - [TEST_STEP][PASSED] - setValueToCellByIndex(sheet01, n, 6, y): null

03-03-2025T13:35:32 - [TEST_STEP][PASSED] - setValueToCellByIndex(sheet01, n, 7, todaysDate): null

03-03-2025T13:35:32 - [TEST_STEP][PASSED] - n = n + 1: null

03-03-2025T13:35:32 - [TEST_STEP][PASSED] - saveWorkbook(excelFilePath, workbook01): null

03-03-2025T13:35:33 - [TEST_STEP][PASSED] - file = findTestData("PlanFact").getValue(7, a): null

03-03-2025T13:35:33 - [TEST_STEP][PASSED] - file = file.replace(",", "."): null

03-03-2025T13:35:33 - [TEST_STEP][PASSED] - println("file Fact: " + file): null

03-03-2025T13:35:33 - [TEST_STEP][PASSED] - fileDouble = file.toDouble(): null

03-03-2025T13:35:33 - [TEST_STEP][PASSED] - typeOfData = "Факт в процентах": null

03-03-2025T13:35:33 - [TEST_STEP][PASSED] - fileDouble = file.toDouble(): null

03-03-2025T13:35:33 - [TEST_STEP][PASSED] - pageDouble = page2.toDouble(): null

03-03-2025T13:35:33 - [TEST_STEP][PASSED] - if (fileDouble != pageDouble): null

03-03-2025T13:35:33 - [TEST_STEP][PASSED] - numberOfErrors = numberOfErrors + 1: null

03-03-2025T13:35:33 - [TEST_STEP][PASSED] - Script1718980020443.WriteToExcel(a, typeOfData, todaysDate, pageInt, fileInt, pageDouble, fileDouble, dZO): null

03-03-2025T13:35:33 - [TEST_STEP][PASSED] - sheetName = "Sheet1": null

03-03-2025T13:35:33 - [TEST_STEP][PASSED] - data = findTestData("PlanFact"): null

03-03-2025T13:35:33 - [TEST_STEP][PASSED] - n = data.getRowNumbers() + 1: null

03-03-2025T13:35:33 - [TEST_STEP][PASSED] - day = ")).toInteger(): null

03-03-2025T13:35:33 - [TEST_STEP][PASSED] - println(day): null

03-03-2025T13:35:33 - [TEST_STEP][PASSED] - month = ")).toInteger(): null

03-03-2025T13:35:33 - [TEST_STEP][PASSED] - println(month): null

03-03-2025T13:35:33 - [TEST_STEP][PASSED] - y = <not implemented yet for class: org.codehaus.groovy.ast.expr.EmptyExpression>: null

03-03-2025T13:35:33 - [TEST_STEP][PASSED] - iy = <not implemented yet for class: org.codehaus.groovy.ast.expr.EmptyExpression>: null

03-03-2025T13:35:33 - [TEST_STEP][PASSED] - m = getText(findTestObject("Выполнение бизнес-плана/Период")): Text of object 'Object Repository/Выполнение бизнес-плана/Период' is: '2024 год'

03-03-2025T13:35:33 - [MESSAGE][PASSED] - Text of object 'Object Repository/Выполнение бизнес-плана/Период' is: '2024 год'

03-03-2025T13:35:33 - [TEST_STEP][PASSED] - iy = m.indexOf("20"): null

03-03-2025T13:35:33 - [TEST_STEP][PASSED] - if (iy > -1): null

03-03-2025T13:35:33 - [TEST_STEP][PASSED] - y = substring(iy, iy + 4).toInteger(): null

03-03-2025T13:35:33 - [TEST_STEP][PASSED] - println(y): null

03-03-2025T13:35:33 - [TEST_STEP][PASSED] - if (toString().length() == 4): null

03-03-2025T13:35:33 - [TEST_STEP][PASSED] - m = m.substring(0, m.indexOf(y.toString())): null

03-03-2025T13:35:33 - [TEST_STEP][PASSED] - m = m.trim(): null

03-03-2025T13:35:33 - [TEST_STEP][PASSED] - if (m == ""): null

03-03-2025T13:35:33 - [TEST_STEP][PASSED] - m = "весь год": null

03-03-2025T13:35:33 - [TEST_STEP][PASSED] - dashboardName = "Выполнение бизнес-плана": null

03-03-2025T13:35:33 - [TEST_STEP][PASSED] - workbook01 = getWorkbook(excelFilePath): null

03-03-2025T13:35:33 - [TEST_STEP][PASSED] - sheet01 = getExcelSheet(workbook01, sheetName): null

03-03-2025T13:35:33 - [TEST_STEP][PASSED] - setValueToCellByIndex(sheet01, n, 0, dashboardName): null

03-03-2025T13:35:33 - [TEST_STEP][PASSED] - setValueToCellByIndex(sheet01, n, 1, dZO): null

03-03-2025T13:35:33 - [TEST_STEP][PASSED] - setValueToCellByIndex(sheet01, n, 2, typeOfData): null

03-03-2025T13:35:33 - [TEST_STEP][PASSED] - if (typeOfData == "Факт в процентах" || typeOfData == "План в процентах"): null

03-03-2025T13:35:33 - [TEST_STEP][PASSED] - setValueToCellByIndex(sheet01, n, 3, fileDouble): null

03-03-2025T13:35:33 - [TEST_STEP][PASSED] - setValueToCellByIndex(sheet01, n, 4, pageDouble): null

03-03-2025T13:35:33 - [TEST_STEP][PASSED] - setValueToCellByIndex(sheet01, n, 5, m): null

03-03-2025T13:35:33 - [TEST_STEP][PASSED] - setValueToCellByIndex(sheet01, n, 6, y): null

03-03-2025T13:35:33 - [TEST_STEP][PASSED] - setValueToCellByIndex(sheet01, n, 7, todaysDate): null

03-03-2025T13:35:33 - [TEST_STEP][PASSED] - n = n + 1: null

03-03-2025T13:35:33 - [TEST_STEP][PASSED] - saveWorkbook(excelFilePath, workbook01): null

03-03-2025T13:35:33 - [TEST_STEP][FAILED] - if (verifyEqual(numberOfErrors, 0) == false): null

03-03-2025T13:35:33 - [MESSAGE][FAILED] - Unable to verify equal between actual object '6' and expected object '0' (Root cause: com.kms.katalon.core.exception.StepFailedException: Actual object '6' and expected object '0' are not equal
	at com.kms.katalon.core.keyword.builtin.VerifyEqualKeyword$_verifyEqual_closure1.doCall(VerifyEqualKeyword.groovy:58)
	at com.kms.katalon.core.keyword.builtin.VerifyEqualKeyword$_verifyEqual_closure1.call(VerifyEqualKeyword.groovy)
	at com.kms.katalon.core.keyword.internal.KeywordMain.runKeyword(KeywordMain.groovy:75)
	at com.kms.katalon.core.keyword.builtin.VerifyEqualKeyword.verifyEqual(VerifyEqualKeyword.groovy:63)
	at com.kms.katalon.core.keyword.builtin.VerifyEqualKeyword.execute(VerifyEqualKeyword.groovy:44)
	at com.kms.katalon.core.keyword.internal.KeywordExecutor.executeKeywordForPlatform(KeywordExecutor.groovy:74)
	at com.kms.katalon.core.keyword.BuiltinKeywords.verifyEqual(BuiltinKeywords.groovy:146)
	at jdk.internal.reflect.GeneratedMethodAccessor24.invoke(Unknown Source)
	at java.base/jdk.internal.reflect.DelegatingMethodAccessorImpl.invoke(DelegatingMethodAccessorImpl.java:43)
	at Выполнение бизнес-плана Сверка ПАО Россети все филиалы.Numbers(Выполнение бизнес-плана Сверка ПАО Россети все филиалы:736)
	at Выполнение бизнес-плана Сверка ПАО Россети все филиалы.Filials(Выполнение бизнес-плана Сверка ПАО Россети все филиалы:1565)
	at Выполнение бизнес-плана Сверка ПАО Россети все филиалы.Numbers(Выполнение бизнес-плана Сверка ПАО Россети все филиалы:743)
	at Выполнение бизнес-плана Сверка ПАО Россети все филиалы.run(Выполнение бизнес-плана Сверка ПАО Россети все филиалы:308)
	at com.kms.katalon.core.main.ScriptEngine.run(ScriptEngine.java:194)
	at com.kms.katalon.core.main.ScriptEngine.runScriptAsRawText(ScriptEngine.java:119)
	at com.kms.katalon.core.main.TestCaseExecutor.runScript(TestCaseExecutor.java:448)
	at com.kms.katalon.core.main.TestCaseExecutor.doExecute(TestCaseExecutor.java:439)
	at com.kms.katalon.core.main.TestCaseExecutor.processExecutionPhase(TestCaseExecutor.java:418)
	at com.kms.katalon.core.main.TestCaseExecutor.accessMainPhase(TestCaseExecutor.java:410)
	at com.kms.katalon.core.main.TestCaseExecutor.execute(TestCaseExecutor.java:285)
	at com.kms.katalon.core.common.CommonExecutor.accessTestCaseMainPhase(CommonExecutor.java:65)
	at com.kms.katalon.core.main.TestSuiteExecutor.accessTestSuiteMainPhase(TestSuiteExecutor.java:150)
	at com.kms.katalon.core.main.TestSuiteExecutor.execute(TestSuiteExecutor.java:106)
	at com.kms.katalon.core.main.TestCaseMain.startTestSuite(TestCaseMain.java:180)
	at TempTestSuite1740991900055.run(TempTestSuite1740991900055.groovy:35)
	at java.base/jdk.internal.reflect.NativeMethodAccessorImpl.invoke0(Native Method)
	at java.base/jdk.internal.reflect.NativeMethodAccessorImpl.invoke(NativeMethodAccessorImpl.java:77)
	at java.base/jdk.internal.reflect.DelegatingMethodAccessorImpl.invoke(DelegatingMethodAccessorImpl.java:43)
)

03-03-2025T13:35:33 - [TEST_STEP][PASSED] - println(numberOfErrors): null

03-03-2025T13:35:33 - [TEST_STEP][PASSED] - println("a=" + a): null

03-03-2025T13:35:33 - [TEST_STEP][PASSED] - if (a == 28 || a == 77 || a == 74 || a == 65 || a == 36 || a == 44 || a == 54 || a == 1 || a == 18 || a == 59): null

03-03-2025T13:35:33 - [TEST_STEP][PASSED] - if (a == 82): null

03-03-2025T13:35:33 - [TEST_STEP][PASSED] - dZO = "Бурятэнерго": null

03-03-2025T13:35:33 - [TEST_STEP][PASSED] - a = 46: null

03-03-2025T13:35:33 - [TEST_STEP][PASSED] - if (x2.contains(dZO)): null

03-03-2025T13:35:33 - [TEST_STEP][PASSED] - filialNum = filialNum + 1: null

03-03-2025T13:35:33 - [TEST_STEP][PASSED] - Script1718980020443.Numbers(a, typeOfData, todaysDate, pageInt, fileInt, pageDouble, fileDouble, dZO, dzoNum, filialNum): null

03-03-2025T13:35:33 - [TEST_STEP][PASSED] - println(dzoNum): null

03-03-2025T13:35:33 - [TEST_STEP][PASSED] - planFact = <not implemented yet for class: org.codehaus.groovy.ast.expr.EmptyExpression>: null

03-03-2025T13:35:33 - [TEST_STEP][PASSED] - page = <not implemented yet for class: org.codehaus.groovy.ast.expr.EmptyExpression>: null

03-03-2025T13:35:33 - [TEST_STEP][PASSED] - page1 = <not implemented yet for class: org.codehaus.groovy.ast.expr.EmptyExpression>: null

03-03-2025T13:35:33 - [TEST_STEP][PASSED] - page2 = <not implemented yet for class: org.codehaus.groovy.ast.expr.EmptyExpression>: null

03-03-2025T13:35:33 - [TEST_STEP][PASSED] - filialNumberInRow = <not implemented yet for class: org.codehaus.groovy.ast.expr.EmptyExpression>: null

03-03-2025T13:35:33 - [TEST_STEP][PASSED] - filialsDzoNames = <not implemented yet for class: org.codehaus.groovy.ast.expr.EmptyExpression>: null

03-03-2025T13:35:33 - [TEST_STEP][PASSED] - numberOfFilials = <not implemented yet for class: org.codehaus.groovy.ast.expr.EmptyExpression>: null

03-03-2025T13:35:33 - [TEST_STEP][PASSED] - numberOfSpaces = <not implemented yet for class: org.codehaus.groovy.ast.expr.EmptyExpression>: null

03-03-2025T13:35:33 - [TEST_STEP][PASSED] - file = <not implemented yet for class: org.codehaus.groovy.ast.expr.EmptyExpression>: null

03-03-2025T13:35:33 - [TEST_STEP][PASSED] - otpusk = <not implemented yet for class: org.codehaus.groovy.ast.expr.EmptyExpression>: null

03-03-2025T13:35:33 - [TEST_STEP][PASSED] - poteri = <not implemented yet for class: org.codehaus.groovy.ast.expr.EmptyExpression>: null

03-03-2025T13:35:33 - [TEST_STEP][PASSED] - dataFolder = "Выполнение бизнес-плана/Значения со страницы Выполнение бизнес-плана/": null

03-03-2025T13:35:33 - [TEST_STEP][PASSED] - path = <not implemented yet for class: org.codehaus.groovy.ast.expr.EmptyExpression>: null

03-03-2025T13:35:33 - [TEST_STEP][PASSED] - typeOfDataMain = <not implemented yet for class: org.codehaus.groovy.ast.expr.EmptyExpression>: null

03-03-2025T13:35:33 - [TEST_STEP][PASSED] - fileOtpuskVSet = <not implemented yet for class: org.codehaus.groovy.ast.expr.EmptyExpression>: null

03-03-2025T13:35:33 - [TEST_STEP][PASSED] - pageOtpuskVSet = <not implemented yet for class: org.codehaus.groovy.ast.expr.EmptyExpression>: null

03-03-2025T13:35:33 - [TEST_STEP][PASSED] - filePoteri = <not implemented yet for class: org.codehaus.groovy.ast.expr.EmptyExpression>: null

03-03-2025T13:35:33 - [TEST_STEP][PASSED] - pagePoteri = <not implemented yet for class: org.codehaus.groovy.ast.expr.EmptyExpression>: null

03-03-2025T13:35:33 - [TEST_STEP][PASSED] - compare = <not implemented yet for class: org.codehaus.groovy.ast.expr.EmptyExpression>: null

03-03-2025T13:35:33 - [TEST_STEP][PASSED] - b = <not implemented yet for class: org.codehaus.groovy.ast.expr.EmptyExpression>: null

03-03-2025T13:35:33 - [TEST_STEP][PASSED] - i = <not implemented yet for class: org.codehaus.groovy.ast.expr.EmptyExpression>: null

03-03-2025T13:35:33 - [TEST_STEP][PASSED] - ii = <not implemented yet for class: org.codehaus.groovy.ast.expr.EmptyExpression>: null

03-03-2025T13:35:33 - [TEST_STEP][PASSED] - c = <not implemented yet for class: org.codehaus.groovy.ast.expr.EmptyExpression>: null

03-03-2025T13:35:33 - [TEST_STEP][PASSED] - numberOfErrors = 0: null

03-03-2025T13:35:33 - [TEST_STEP][PASSED] - if (a == 82): null

03-03-2025T13:35:33 - [TEST_STEP][PASSED] - b = findTestData("PlanFact").getValue(1, a): null

03-03-2025T13:35:33 - [TEST_STEP][PASSED] - i = b.indexOf(" (ГК)"): null

03-03-2025T13:35:33 - [TEST_STEP][PASSED] - if (i > -1): null

03-03-2025T13:35:33 - [TEST_STEP][PASSED] - i = b.indexOf("О ""): null

03-03-2025T13:35:33 - [TEST_STEP][PASSED] - if (i > -1): null

03-03-2025T13:35:33 - [TEST_STEP][PASSED] - i = b.indexOf("О «"): null

03-03-2025T13:35:33 - [TEST_STEP][PASSED] - if (i > -1): null

03-03-2025T13:35:33 - [TEST_STEP][PASSED] - i = b.indexOf("г. "): null

03-03-2025T13:35:33 - [TEST_STEP][PASSED] - if (i > -1): null

03-03-2025T13:35:33 - [TEST_STEP][PASSED] - b = b.trim(): null

03-03-2025T13:35:33 - [TEST_STEP][PASSED] - println(b): null

03-03-2025T13:35:33 - [TEST_STEP][PASSED] - for ([planFact = 1, planFact < 3, (planFact++)]): null

03-03-2025T13:35:33 - [TEST_STEP][PASSED] - if (planFact == 1): null

03-03-2025T13:35:33 - [TEST_STEP][PASSED] - typeOfDataMain = "Факт": null

03-03-2025T13:35:33 - [TEST_STEP][PASSED] - otpusk = findTestData("PlanFact").getValue(5, a): null

03-03-2025T13:35:33 - [TEST_STEP][PASSED] - poteri = findTestData("PlanFact").getValue(6, a): null

03-03-2025T13:35:33 - [TEST_STEP][PASSED] - otpusk = otpusk.replaceAll("\s+", ""): null

03-03-2025T13:35:33 - [TEST_STEP][PASSED] - poteri = poteri.replaceAll("\s+", ""): null

03-03-2025T13:35:33 - [TEST_STEP][PASSED] - typeOfData = typeOfDataMain + " Отпуск в сеть": null

03-03-2025T13:35:33 - [TEST_STEP][PASSED] - if (a == 82): null

03-03-2025T13:35:33 - [TEST_STEP][PASSED] - else if (a == 84): null

03-03-2025T13:35:33 - [TEST_STEP][PASSED] - else if (a == 83 || a == 52 || a == 72 || a == 28 || a == 73 || a == 77 || a == 74 || a == 65 || a == 36 || a == 44 || a == 53 || a == 80 || a == 54 || a == 1 || a == 18 || a == 59 || a == 81): null

03-03-2025T13:35:33 - [TEST_STEP][PASSED] - else: null

03-03-2025T13:35:33 - [TEST_STEP][PASSED] - path = dataFolder + typeOfData + " за отчётный период " + b: null

03-03-2025T13:35:33 - [TEST_STEP][PASSED] - println(path): null

03-03-2025T13:35:33 - [TEST_STEP][PASSED] - page = getText(findTestObject(path)): Text of object 'Object Repository/Выполнение бизнес-плана/Значения со страницы Выполнение бизнес-плана/Факт Отпуск в сеть за отчётный период Бурятэнерго' is: '573 270'

03-03-2025T13:35:34 - [MESSAGE][PASSED] - Text of object 'Object Repository/Выполнение бизнес-плана/Значения со страницы Выполнение бизнес-плана/Факт Отпуск в сеть за отчётный период Бурятэнерго' is: '573 270'

03-03-2025T13:35:34 - [TEST_STEP][PASSED] - if (page == "" || page == null): null

03-03-2025T13:35:34 - [TEST_STEP][PASSED] - else: null

03-03-2025T13:35:34 - [TEST_STEP][PASSED] - page = page.replaceAll("\s+", ""): null

03-03-2025T13:35:34 - [TEST_STEP][PASSED] - fileOtpuskVSet = otpusk.toInteger(): null

03-03-2025T13:35:34 - [TEST_STEP][PASSED] - pageOtpuskVSet = page.toInteger(): null

03-03-2025T13:35:34 - [TEST_STEP][PASSED] - typeOfData = typeOfDataMain + " Потери": null

03-03-2025T13:35:34 - [TEST_STEP][PASSED] - if (a == 82): null

03-03-2025T13:35:34 - [TEST_STEP][PASSED] - else if (a == 84): null

03-03-2025T13:35:34 - [TEST_STEP][PASSED] - else if (a == 83 || a == 52 || a == 72 || a == 28 || a == 73 || a == 77 || a == 74 || a == 65 || a == 44 || a == 53 || a == 80 || a == 54 || a == 1 || a == 18 || a == 59 || a == 81): null

03-03-2025T13:35:34 - [TEST_STEP][PASSED] - else: null

03-03-2025T13:35:34 - [TEST_STEP][PASSED] - path = dataFolder + typeOfData + " за отчётный период " + b: null

03-03-2025T13:35:34 - [TEST_STEP][PASSED] - page = getText(findTestObject(path)): Text of object 'Object Repository/Выполнение бизнес-плана/Значения со страницы Выполнение бизнес-плана/Факт Потери за отчётный период Бурятэнерго' is: '106 809'

03-03-2025T13:35:34 - [MESSAGE][PASSED] - Text of object 'Object Repository/Выполнение бизнес-плана/Значения со страницы Выполнение бизнес-плана/Факт Потери за отчётный период Бурятэнерго' is: '106 809'

03-03-2025T13:35:34 - [TEST_STEP][PASSED] - if (page == "" || page == null): null

03-03-2025T13:35:34 - [TEST_STEP][PASSED] - else: null

03-03-2025T13:35:34 - [TEST_STEP][PASSED] - page = page.replaceAll("\s+", ""): null

03-03-2025T13:35:34 - [TEST_STEP][PASSED] - filePoteri = poteri.toInteger(): null

03-03-2025T13:35:34 - [TEST_STEP][PASSED] - pagePoteri = page.toInteger(): null

03-03-2025T13:35:34 - [TEST_STEP][PASSED] - compare = pageOtpuskVSet: null

03-03-2025T13:35:34 - [TEST_STEP][PASSED] - if (pageOtpuskVSet != null): null

03-03-2025T13:35:34 - [TEST_STEP][PASSED] - if (compare == fileOtpuskVSet): null

03-03-2025T13:35:34 - [TEST_STEP][PASSED] - else if (compare > fileOtpuskVSet): null

03-03-2025T13:35:34 - [TEST_STEP][PASSED] - else if (compare < fileOtpuskVSet): null

03-03-2025T13:35:34 - [TEST_STEP][PASSED] - compare = compare + 1: null

03-03-2025T13:35:34 - [TEST_STEP][PASSED] - if (compare == fileOtpuskVSet): null

03-03-2025T13:35:34 - [TEST_STEP][PASSED] - else: null

03-03-2025T13:35:34 - [TEST_STEP][PASSED] - numberOfErrors = numberOfErrors + 1: null

03-03-2025T13:35:34 - [TEST_STEP][PASSED] - pageInt = pageOtpuskVSet: null

03-03-2025T13:35:34 - [TEST_STEP][PASSED] - fileInt = fileOtpuskVSet: null

03-03-2025T13:35:34 - [TEST_STEP][PASSED] - typeOfData = typeOfDataMain + " Отпуск в сеть": null

03-03-2025T13:35:34 - [TEST_STEP][PASSED] - Script1718980020443.WriteToExcel(a, typeOfData, todaysDate, pageInt, fileInt, pageDouble, fileDouble, dZO): null

03-03-2025T13:35:34 - [TEST_STEP][PASSED] - sheetName = "Sheet1": null

03-03-2025T13:35:34 - [TEST_STEP][PASSED] - data = findTestData("PlanFact"): null

03-03-2025T13:35:34 - [TEST_STEP][PASSED] - n = data.getRowNumbers() + 1: null

03-03-2025T13:35:34 - [TEST_STEP][PASSED] - day = ")).toInteger(): null

03-03-2025T13:35:34 - [TEST_STEP][PASSED] - println(day): null

03-03-2025T13:35:34 - [TEST_STEP][PASSED] - month = ")).toInteger(): null

03-03-2025T13:35:34 - [TEST_STEP][PASSED] - println(month): null

03-03-2025T13:35:34 - [TEST_STEP][PASSED] - y = <not implemented yet for class: org.codehaus.groovy.ast.expr.EmptyExpression>: null

03-03-2025T13:35:34 - [TEST_STEP][PASSED] - iy = <not implemented yet for class: org.codehaus.groovy.ast.expr.EmptyExpression>: null

03-03-2025T13:35:34 - [TEST_STEP][PASSED] - m = getText(findTestObject("Выполнение бизнес-плана/Период")): Text of object 'Object Repository/Выполнение бизнес-плана/Период' is: '2024 год'

03-03-2025T13:35:34 - [MESSAGE][PASSED] - Text of object 'Object Repository/Выполнение бизнес-плана/Период' is: '2024 год'

03-03-2025T13:35:34 - [TEST_STEP][PASSED] - iy = m.indexOf("20"): null

03-03-2025T13:35:34 - [TEST_STEP][PASSED] - if (iy > -1): null

03-03-2025T13:35:34 - [TEST_STEP][PASSED] - y = substring(iy, iy + 4).toInteger(): null

03-03-2025T13:35:34 - [TEST_STEP][PASSED] - println(y): null

03-03-2025T13:35:34 - [TEST_STEP][PASSED] - if (toString().length() == 4): null

03-03-2025T13:35:34 - [TEST_STEP][PASSED] - m = m.substring(0, m.indexOf(y.toString())): null

03-03-2025T13:35:34 - [TEST_STEP][PASSED] - m = m.trim(): null

03-03-2025T13:35:34 - [TEST_STEP][PASSED] - if (m == ""): null

03-03-2025T13:35:34 - [TEST_STEP][PASSED] - m = "весь год": null

03-03-2025T13:35:34 - [TEST_STEP][PASSED] - dashboardName = "Выполнение бизнес-плана": null

03-03-2025T13:35:34 - [TEST_STEP][PASSED] - workbook01 = getWorkbook(excelFilePath): null

03-03-2025T13:35:34 - [TEST_STEP][PASSED] - sheet01 = getExcelSheet(workbook01, sheetName): null

03-03-2025T13:35:34 - [TEST_STEP][PASSED] - setValueToCellByIndex(sheet01, n, 0, dashboardName): null

03-03-2025T13:35:34 - [TEST_STEP][PASSED] - setValueToCellByIndex(sheet01, n, 1, dZO): null

03-03-2025T13:35:34 - [TEST_STEP][PASSED] - setValueToCellByIndex(sheet01, n, 2, typeOfData): null

03-03-2025T13:35:34 - [TEST_STEP][PASSED] - if (typeOfData == "Факт в процентах" || typeOfData == "План в процентах"): null

03-03-2025T13:35:34 - [TEST_STEP][PASSED] - else: null

03-03-2025T13:35:34 - [TEST_STEP][PASSED] - setValueToCellByIndex(sheet01, n, 3, fileInt): null

03-03-2025T13:35:34 - [TEST_STEP][PASSED] - setValueToCellByIndex(sheet01, n, 4, pageInt): null

03-03-2025T13:35:34 - [TEST_STEP][PASSED] - setValueToCellByIndex(sheet01, n, 5, m): null

03-03-2025T13:35:34 - [TEST_STEP][PASSED] - setValueToCellByIndex(sheet01, n, 6, y): null

03-03-2025T13:35:34 - [TEST_STEP][PASSED] - setValueToCellByIndex(sheet01, n, 7, todaysDate): null

03-03-2025T13:35:34 - [TEST_STEP][PASSED] - n = n + 1: null

03-03-2025T13:35:34 - [TEST_STEP][PASSED] - saveWorkbook(excelFilePath, workbook01): null

03-03-2025T13:35:35 - [TEST_STEP][PASSED] - compare = pagePoteri: null

03-03-2025T13:35:35 - [TEST_STEP][PASSED] - if (pageOtpuskVSet != null): null

03-03-2025T13:35:35 - [TEST_STEP][PASSED] - if (compare == filePoteri): null

03-03-2025T13:35:35 - [TEST_STEP][PASSED] - else if (compare > filePoteri): null

03-03-2025T13:35:35 - [TEST_STEP][PASSED] - else if (compare < filePoteri): null

03-03-2025T13:35:35 - [TEST_STEP][PASSED] - compare = compare + 1: null

03-03-2025T13:35:35 - [TEST_STEP][PASSED] - if (compare == filePoteri): null

03-03-2025T13:35:35 - [TEST_STEP][PASSED] - else: null

03-03-2025T13:35:35 - [TEST_STEP][PASSED] - numberOfErrors = numberOfErrors + 1: null

03-03-2025T13:35:35 - [TEST_STEP][PASSED] - pageInt = pagePoteri: null

03-03-2025T13:35:35 - [TEST_STEP][PASSED] - fileInt = filePoteri: null

03-03-2025T13:35:35 - [TEST_STEP][PASSED] - typeOfData = typeOfDataMain + " Потери": null

03-03-2025T13:35:35 - [TEST_STEP][PASSED] - Script1718980020443.WriteToExcel(a, typeOfData, todaysDate, pageInt, fileInt, pageDouble, fileDouble, dZO): null

03-03-2025T13:35:35 - [TEST_STEP][PASSED] - sheetName = "Sheet1": null

03-03-2025T13:35:35 - [TEST_STEP][PASSED] - data = findTestData("PlanFact"): null

03-03-2025T13:35:35 - [TEST_STEP][PASSED] - n = data.getRowNumbers() + 1: null

03-03-2025T13:35:35 - [TEST_STEP][PASSED] - day = ")).toInteger(): null

03-03-2025T13:35:35 - [TEST_STEP][PASSED] - println(day): null

03-03-2025T13:35:35 - [TEST_STEP][PASSED] - month = ")).toInteger(): null

03-03-2025T13:35:35 - [TEST_STEP][PASSED] - println(month): null

03-03-2025T13:35:35 - [TEST_STEP][PASSED] - y = <not implemented yet for class: org.codehaus.groovy.ast.expr.EmptyExpression>: null

03-03-2025T13:35:35 - [TEST_STEP][PASSED] - iy = <not implemented yet for class: org.codehaus.groovy.ast.expr.EmptyExpression>: null

03-03-2025T13:35:35 - [TEST_STEP][PASSED] - m = getText(findTestObject("Выполнение бизнес-плана/Период")): Text of object 'Object Repository/Выполнение бизнес-плана/Период' is: '2024 год'

03-03-2025T13:35:35 - [MESSAGE][PASSED] - Text of object 'Object Repository/Выполнение бизнес-плана/Период' is: '2024 год'

03-03-2025T13:35:35 - [TEST_STEP][PASSED] - iy = m.indexOf("20"): null

03-03-2025T13:35:35 - [TEST_STEP][PASSED] - if (iy > -1): null

03-03-2025T13:35:35 - [TEST_STEP][PASSED] - y = substring(iy, iy + 4).toInteger(): null

03-03-2025T13:35:35 - [TEST_STEP][PASSED] - println(y): null

03-03-2025T13:35:35 - [TEST_STEP][PASSED] - if (toString().length() == 4): null

03-03-2025T13:35:35 - [TEST_STEP][PASSED] - m = m.substring(0, m.indexOf(y.toString())): null

03-03-2025T13:35:35 - [TEST_STEP][PASSED] - m = m.trim(): null

03-03-2025T13:35:35 - [TEST_STEP][PASSED] - if (m == ""): null

03-03-2025T13:35:35 - [TEST_STEP][PASSED] - m = "весь год": null

03-03-2025T13:35:35 - [TEST_STEP][PASSED] - dashboardName = "Выполнение бизнес-плана": null

03-03-2025T13:35:35 - [TEST_STEP][PASSED] - workbook01 = getWorkbook(excelFilePath): null

03-03-2025T13:35:35 - [TEST_STEP][PASSED] - sheet01 = getExcelSheet(workbook01, sheetName): null

03-03-2025T13:35:35 - [TEST_STEP][PASSED] - setValueToCellByIndex(sheet01, n, 0, dashboardName): null

03-03-2025T13:35:35 - [TEST_STEP][PASSED] - setValueToCellByIndex(sheet01, n, 1, dZO): null

03-03-2025T13:35:35 - [TEST_STEP][PASSED] - setValueToCellByIndex(sheet01, n, 2, typeOfData): null

03-03-2025T13:35:35 - [TEST_STEP][PASSED] - if (typeOfData == "Факт в процентах" || typeOfData == "План в процентах"): null

03-03-2025T13:35:35 - [TEST_STEP][PASSED] - else: null

03-03-2025T13:35:35 - [TEST_STEP][PASSED] - setValueToCellByIndex(sheet01, n, 3, fileInt): null

03-03-2025T13:35:35 - [TEST_STEP][PASSED] - setValueToCellByIndex(sheet01, n, 4, pageInt): null

03-03-2025T13:35:35 - [TEST_STEP][PASSED] - setValueToCellByIndex(sheet01, n, 5, m): null

03-03-2025T13:35:35 - [TEST_STEP][PASSED] - setValueToCellByIndex(sheet01, n, 6, y): null

03-03-2025T13:35:35 - [TEST_STEP][PASSED] - setValueToCellByIndex(sheet01, n, 7, todaysDate): null

03-03-2025T13:35:35 - [TEST_STEP][PASSED] - n = n + 1: null

03-03-2025T13:35:35 - [TEST_STEP][PASSED] - saveWorkbook(excelFilePath, workbook01): null

03-03-2025T13:35:35 - [TEST_STEP][PASSED] - if (planFact == 2): null

03-03-2025T13:35:35 - [TEST_STEP][PASSED] - if (planFact == 1): null

03-03-2025T13:35:35 - [TEST_STEP][PASSED] - else if (planFact == 2): null

03-03-2025T13:35:35 - [TEST_STEP][PASSED] - click(findTestObject("Выполнение бизнес-плана/Кнопка План")): Object: 'Object Repository/Выполнение бизнес-плана/Кнопка План' is clicked on

03-03-2025T13:35:36 - [MESSAGE][PASSED] - Object: 'Object Repository/Выполнение бизнес-плана/Кнопка План' is clicked on

03-03-2025T13:35:36 - [TEST_STEP][PASSED] - typeOfDataMain = "План": null

03-03-2025T13:35:36 - [TEST_STEP][PASSED] - otpusk = findTestData("PlanFact").getValue(2, a): null

03-03-2025T13:35:36 - [TEST_STEP][PASSED] - poteri = findTestData("PlanFact").getValue(3, a): null

03-03-2025T13:35:36 - [TEST_STEP][PASSED] - otpusk = otpusk.replaceAll("\s+", ""): null

03-03-2025T13:35:36 - [TEST_STEP][PASSED] - poteri = poteri.replaceAll("\s+", ""): null

03-03-2025T13:35:36 - [TEST_STEP][PASSED] - typeOfData = typeOfDataMain + " Отпуск в сеть": null

03-03-2025T13:35:36 - [TEST_STEP][PASSED] - if (a == 82): null

03-03-2025T13:35:36 - [TEST_STEP][PASSED] - else if (a == 84): null

03-03-2025T13:35:36 - [TEST_STEP][PASSED] - else if (a == 83 || a == 52 || a == 72 || a == 28 || a == 73 || a == 77 || a == 74 || a == 65 || a == 36 || a == 44 || a == 53 || a == 80 || a == 54 || a == 1 || a == 18 || a == 59 || a == 81): null

03-03-2025T13:35:36 - [TEST_STEP][PASSED] - else: null

03-03-2025T13:35:36 - [TEST_STEP][PASSED] - path = dataFolder + typeOfData + " за отчётный период " + b: null

03-03-2025T13:35:36 - [TEST_STEP][PASSED] - println(path): null

03-03-2025T13:35:36 - [TEST_STEP][PASSED] - page = getText(findTestObject(path)): Text of object 'Object Repository/Выполнение бизнес-плана/Значения со страницы Выполнение бизнес-плана/План Отпуск в сеть за отчётный период Бурятэнерго' is: '530 819'

03-03-2025T13:35:36 - [MESSAGE][PASSED] - Text of object 'Object Repository/Выполнение бизнес-плана/Значения со страницы Выполнение бизнес-плана/План Отпуск в сеть за отчётный период Бурятэнерго' is: '530 819'

03-03-2025T13:35:36 - [TEST_STEP][PASSED] - if (page == "" || page == null): null

03-03-2025T13:35:36 - [TEST_STEP][PASSED] - else: null

03-03-2025T13:35:36 - [TEST_STEP][PASSED] - page = page.replaceAll("\s+", ""): null

03-03-2025T13:35:36 - [TEST_STEP][PASSED] - fileOtpuskVSet = otpusk.toInteger(): null

03-03-2025T13:35:36 - [TEST_STEP][PASSED] - pageOtpuskVSet = page.toInteger(): null

03-03-2025T13:35:36 - [TEST_STEP][PASSED] - typeOfData = typeOfDataMain + " Потери": null

03-03-2025T13:35:36 - [TEST_STEP][PASSED] - if (a == 82): null

03-03-2025T13:35:36 - [TEST_STEP][PASSED] - else if (a == 84): null

03-03-2025T13:35:36 - [TEST_STEP][PASSED] - else if (a == 83 || a == 52 || a == 72 || a == 28 || a == 73 || a == 77 || a == 74 || a == 65 || a == 44 || a == 53 || a == 80 || a == 54 || a == 1 || a == 18 || a == 59 || a == 81): null

03-03-2025T13:35:36 - [TEST_STEP][PASSED] - else: null

03-03-2025T13:35:36 - [TEST_STEP][PASSED] - path = dataFolder + typeOfData + " за отчётный период " + b: null

03-03-2025T13:35:36 - [TEST_STEP][PASSED] - page = getText(findTestObject(path)): Text of object 'Object Repository/Выполнение бизнес-плана/Значения со страницы Выполнение бизнес-плана/План Потери за отчётный период Бурятэнерго' is: '94 022'

03-03-2025T13:35:36 - [MESSAGE][PASSED] - Text of object 'Object Repository/Выполнение бизнес-плана/Значения со страницы Выполнение бизнес-плана/План Потери за отчётный период Бурятэнерго' is: '94 022'

03-03-2025T13:35:36 - [TEST_STEP][PASSED] - if (page == "" || page == null): null

03-03-2025T13:35:36 - [TEST_STEP][PASSED] - else: null

03-03-2025T13:35:36 - [TEST_STEP][PASSED] - page = page.replaceAll("\s+", ""): null

03-03-2025T13:35:36 - [TEST_STEP][PASSED] - filePoteri = poteri.toInteger(): null

03-03-2025T13:35:36 - [TEST_STEP][PASSED] - pagePoteri = page.toInteger(): null

03-03-2025T13:35:36 - [TEST_STEP][PASSED] - compare = pageOtpuskVSet: null

03-03-2025T13:35:36 - [TEST_STEP][PASSED] - if (pageOtpuskVSet != null): null

03-03-2025T13:35:36 - [TEST_STEP][PASSED] - if (compare == fileOtpuskVSet): null

03-03-2025T13:35:36 - [TEST_STEP][PASSED] - else if (compare > fileOtpuskVSet): null

03-03-2025T13:35:36 - [TEST_STEP][PASSED] - else if (compare < fileOtpuskVSet): null

03-03-2025T13:35:36 - [TEST_STEP][PASSED] - compare = compare + 1: null

03-03-2025T13:35:36 - [TEST_STEP][PASSED] - if (compare == fileOtpuskVSet): null

03-03-2025T13:35:36 - [TEST_STEP][PASSED] - else: null

03-03-2025T13:35:36 - [TEST_STEP][PASSED] - numberOfErrors = numberOfErrors + 1: null

03-03-2025T13:35:36 - [TEST_STEP][PASSED] - pageInt = pageOtpuskVSet: null

03-03-2025T13:35:36 - [TEST_STEP][PASSED] - fileInt = fileOtpuskVSet: null

03-03-2025T13:35:36 - [TEST_STEP][PASSED] - typeOfData = typeOfDataMain + " Отпуск в сеть": null

03-03-2025T13:35:36 - [TEST_STEP][PASSED] - Script1718980020443.WriteToExcel(a, typeOfData, todaysDate, pageInt, fileInt, pageDouble, fileDouble, dZO): null

03-03-2025T13:35:36 - [TEST_STEP][PASSED] - sheetName = "Sheet1": null

03-03-2025T13:35:36 - [TEST_STEP][PASSED] - data = findTestData("PlanFact"): null

03-03-2025T13:35:37 - [TEST_STEP][PASSED] - n = data.getRowNumbers() + 1: null

03-03-2025T13:35:37 - [TEST_STEP][PASSED] - day = ")).toInteger(): null

03-03-2025T13:35:37 - [TEST_STEP][PASSED] - println(day): null

03-03-2025T13:35:37 - [TEST_STEP][PASSED] - month = ")).toInteger(): null

03-03-2025T13:35:37 - [TEST_STEP][PASSED] - println(month): null

03-03-2025T13:35:37 - [TEST_STEP][PASSED] - y = <not implemented yet for class: org.codehaus.groovy.ast.expr.EmptyExpression>: null

03-03-2025T13:35:37 - [TEST_STEP][PASSED] - iy = <not implemented yet for class: org.codehaus.groovy.ast.expr.EmptyExpression>: null

03-03-2025T13:35:37 - [TEST_STEP][PASSED] - m = getText(findTestObject("Выполнение бизнес-плана/Период")): Text of object 'Object Repository/Выполнение бизнес-плана/Период' is: '2024 год'

03-03-2025T13:35:37 - [MESSAGE][PASSED] - Text of object 'Object Repository/Выполнение бизнес-плана/Период' is: '2024 год'

03-03-2025T13:35:37 - [TEST_STEP][PASSED] - iy = m.indexOf("20"): null

03-03-2025T13:35:37 - [TEST_STEP][PASSED] - if (iy > -1): null

03-03-2025T13:35:37 - [TEST_STEP][PASSED] - y = substring(iy, iy + 4).toInteger(): null

03-03-2025T13:35:37 - [TEST_STEP][PASSED] - println(y): null

03-03-2025T13:35:37 - [TEST_STEP][PASSED] - if (toString().length() == 4): null

03-03-2025T13:35:37 - [TEST_STEP][PASSED] - m = m.substring(0, m.indexOf(y.toString())): null

03-03-2025T13:35:37 - [TEST_STEP][PASSED] - m = m.trim(): null

03-03-2025T13:35:37 - [TEST_STEP][PASSED] - if (m == ""): null

03-03-2025T13:35:37 - [TEST_STEP][PASSED] - m = "весь год": null

03-03-2025T13:35:37 - [TEST_STEP][PASSED] - dashboardName = "Выполнение бизнес-плана": null

03-03-2025T13:35:37 - [TEST_STEP][PASSED] - workbook01 = getWorkbook(excelFilePath): null

03-03-2025T13:35:37 - [TEST_STEP][PASSED] - sheet01 = getExcelSheet(workbook01, sheetName): null

03-03-2025T13:35:37 - [TEST_STEP][PASSED] - setValueToCellByIndex(sheet01, n, 0, dashboardName): null

03-03-2025T13:35:37 - [TEST_STEP][PASSED] - setValueToCellByIndex(sheet01, n, 1, dZO): null

03-03-2025T13:35:37 - [TEST_STEP][PASSED] - setValueToCellByIndex(sheet01, n, 2, typeOfData): null

03-03-2025T13:35:37 - [TEST_STEP][PASSED] - if (typeOfData == "Факт в процентах" || typeOfData == "План в процентах"): null

03-03-2025T13:35:37 - [TEST_STEP][PASSED] - else: null

03-03-2025T13:35:37 - [TEST_STEP][PASSED] - setValueToCellByIndex(sheet01, n, 3, fileInt): null

03-03-2025T13:35:37 - [TEST_STEP][PASSED] - setValueToCellByIndex(sheet01, n, 4, pageInt): null

03-03-2025T13:35:37 - [TEST_STEP][PASSED] - setValueToCellByIndex(sheet01, n, 5, m): null

03-03-2025T13:35:37 - [TEST_STEP][PASSED] - setValueToCellByIndex(sheet01, n, 6, y): null

03-03-2025T13:35:37 - [TEST_STEP][PASSED] - setValueToCellByIndex(sheet01, n, 7, todaysDate): null

03-03-2025T13:35:37 - [TEST_STEP][PASSED] - n = n + 1: null

03-03-2025T13:35:37 - [TEST_STEP][PASSED] - saveWorkbook(excelFilePath, workbook01): null

03-03-2025T13:35:37 - [TEST_STEP][PASSED] - compare = pagePoteri: null

03-03-2025T13:35:37 - [TEST_STEP][PASSED] - if (pageOtpuskVSet != null): null

03-03-2025T13:35:37 - [TEST_STEP][PASSED] - if (compare == filePoteri): null

03-03-2025T13:35:37 - [TEST_STEP][PASSED] - else if (compare > filePoteri): null

03-03-2025T13:35:37 - [TEST_STEP][PASSED] - else if (compare < filePoteri): null

03-03-2025T13:35:37 - [TEST_STEP][PASSED] - compare = compare + 1: null

03-03-2025T13:35:37 - [TEST_STEP][PASSED] - if (compare == filePoteri): null

03-03-2025T13:35:37 - [TEST_STEP][PASSED] - else: null

03-03-2025T13:35:37 - [TEST_STEP][PASSED] - numberOfErrors = numberOfErrors + 1: null

03-03-2025T13:35:37 - [TEST_STEP][PASSED] - pageInt = pagePoteri: null

03-03-2025T13:35:37 - [TEST_STEP][PASSED] - fileInt = filePoteri: null

03-03-2025T13:35:37 - [TEST_STEP][PASSED] - typeOfData = typeOfDataMain + " Потери": null

03-03-2025T13:35:37 - [TEST_STEP][PASSED] - Script1718980020443.WriteToExcel(a, typeOfData, todaysDate, pageInt, fileInt, pageDouble, fileDouble, dZO): null

03-03-2025T13:35:37 - [TEST_STEP][PASSED] - sheetName = "Sheet1": null

03-03-2025T13:35:37 - [TEST_STEP][PASSED] - data = findTestData("PlanFact"): null

03-03-2025T13:35:37 - [TEST_STEP][PASSED] - n = data.getRowNumbers() + 1: null

03-03-2025T13:35:37 - [TEST_STEP][PASSED] - day = ")).toInteger(): null

03-03-2025T13:35:37 - [TEST_STEP][PASSED] - println(day): null

03-03-2025T13:35:37 - [TEST_STEP][PASSED] - month = ")).toInteger(): null

03-03-2025T13:35:37 - [TEST_STEP][PASSED] - println(month): null

03-03-2025T13:35:37 - [TEST_STEP][PASSED] - y = <not implemented yet for class: org.codehaus.groovy.ast.expr.EmptyExpression>: null

03-03-2025T13:35:37 - [TEST_STEP][PASSED] - iy = <not implemented yet for class: org.codehaus.groovy.ast.expr.EmptyExpression>: null

03-03-2025T13:35:37 - [TEST_STEP][PASSED] - m = getText(findTestObject("Выполнение бизнес-плана/Период")): Text of object 'Object Repository/Выполнение бизнес-плана/Период' is: '2024 год'

03-03-2025T13:35:37 - [MESSAGE][PASSED] - Text of object 'Object Repository/Выполнение бизнес-плана/Период' is: '2024 год'

03-03-2025T13:35:37 - [TEST_STEP][PASSED] - iy = m.indexOf("20"): null

03-03-2025T13:35:37 - [TEST_STEP][PASSED] - if (iy > -1): null

03-03-2025T13:35:37 - [TEST_STEP][PASSED] - y = substring(iy, iy + 4).toInteger(): null

03-03-2025T13:35:37 - [TEST_STEP][PASSED] - println(y): null

03-03-2025T13:35:37 - [TEST_STEP][PASSED] - if (toString().length() == 4): null

03-03-2025T13:35:37 - [TEST_STEP][PASSED] - m = m.substring(0, m.indexOf(y.toString())): null

03-03-2025T13:35:37 - [TEST_STEP][PASSED] - m = m.trim(): null

03-03-2025T13:35:37 - [TEST_STEP][PASSED] - if (m == ""): null

03-03-2025T13:35:37 - [TEST_STEP][PASSED] - m = "весь год": null

03-03-2025T13:35:37 - [TEST_STEP][PASSED] - dashboardName = "Выполнение бизнес-плана": null

03-03-2025T13:35:37 - [TEST_STEP][PASSED] - workbook01 = getWorkbook(excelFilePath): null

03-03-2025T13:35:38 - [TEST_STEP][PASSED] - sheet01 = getExcelSheet(workbook01, sheetName): null

03-03-2025T13:35:38 - [TEST_STEP][PASSED] - setValueToCellByIndex(sheet01, n, 0, dashboardName): null

03-03-2025T13:35:38 - [TEST_STEP][PASSED] - setValueToCellByIndex(sheet01, n, 1, dZO): null

03-03-2025T13:35:38 - [TEST_STEP][PASSED] - setValueToCellByIndex(sheet01, n, 2, typeOfData): null

03-03-2025T13:35:38 - [TEST_STEP][PASSED] - if (typeOfData == "Факт в процентах" || typeOfData == "План в процентах"): null

03-03-2025T13:35:38 - [TEST_STEP][PASSED] - else: null

03-03-2025T13:35:38 - [TEST_STEP][PASSED] - setValueToCellByIndex(sheet01, n, 3, fileInt): null

03-03-2025T13:35:38 - [TEST_STEP][PASSED] - setValueToCellByIndex(sheet01, n, 4, pageInt): null

03-03-2025T13:35:38 - [TEST_STEP][PASSED] - setValueToCellByIndex(sheet01, n, 5, m): null

03-03-2025T13:35:38 - [TEST_STEP][PASSED] - setValueToCellByIndex(sheet01, n, 6, y): null

03-03-2025T13:35:38 - [TEST_STEP][PASSED] - setValueToCellByIndex(sheet01, n, 7, todaysDate): null

03-03-2025T13:35:38 - [TEST_STEP][PASSED] - n = n + 1: null

03-03-2025T13:35:38 - [TEST_STEP][PASSED] - saveWorkbook(excelFilePath, workbook01): Object: 'Object Repository/Выполнение бизнес-плана/Кнопка Факт' is clicked on

03-03-2025T13:35:38 - [TEST_STEP][PASSED] - if (planFact == 2): Object: 'Object Repository/Выполнение бизнес-плана/Кнопка Факт' is clicked on

03-03-2025T13:35:38 - [TEST_STEP][PASSED] - click(findTestObject("Выполнение бизнес-плана/Кнопка Факт")): Object: 'Object Repository/Выполнение бизнес-плана/Кнопка Факт' is clicked on

03-03-2025T13:35:38 - [MESSAGE][PASSED] - Object: 'Object Repository/Выполнение бизнес-плана/Кнопка Факт' is clicked on

03-03-2025T13:35:38 - [TEST_STEP][PASSED] - println("a=" + a): null

03-03-2025T13:35:38 - [TEST_STEP][PASSED] - if (a == 84 || a == 82): null

03-03-2025T13:35:38 - [TEST_STEP][PASSED] - else if (a == 83 || a == 52 || a == 72 || a == 28 || a == 73 || a == 77 || a == 74 || a == 65 || a == 36 || a == 44 || a == 53 || a == 80 || a == 54 || a == 1 || a == 18 || a == 59 || a == 81): null

03-03-2025T13:35:38 - [TEST_STEP][PASSED] - else: null

03-03-2025T13:35:38 - [TEST_STEP][PASSED] - page1 = getText(findTestObject("Object Repository/Выполнение бизнес-плана/spanPlan" + filialNum)): Text of object 'Object Repository/Выполнение бизнес-плана/spanPlan2' is: '18.50
|'

03-03-2025T13:35:38 - [MESSAGE][PASSED] - Text of object 'Object Repository/Выполнение бизнес-плана/spanPlan2' is: '18.50
|'

03-03-2025T13:35:38 - [TEST_STEP][PASSED] - page1 = page1.replace("|", ""): null

03-03-2025T13:35:38 - [TEST_STEP][PASSED] - page2 = getText(findTestObject("Object Repository/Выполнение бизнес-плана/spanFact" + filialNum)): Text of object 'Object Repository/Выполнение бизнес-плана/spanFact2' is: '11.65
|'

03-03-2025T13:35:39 - [MESSAGE][PASSED] - Text of object 'Object Repository/Выполнение бизнес-плана/spanFact2' is: '11.65
|'

03-03-2025T13:35:39 - [TEST_STEP][PASSED] - page2 = page2.replace("|", ""): null

03-03-2025T13:35:39 - [TEST_STEP][PASSED] - println("page1: " + page1): null

03-03-2025T13:35:39 - [TEST_STEP][PASSED] - println("page2: " + page2): null

03-03-2025T13:35:39 - [TEST_STEP][PASSED] - file = findTestData("PlanFact").getValue(4, a): null

03-03-2025T13:35:39 - [TEST_STEP][PASSED] - file = file.replace(",", "."): null

03-03-2025T13:35:39 - [TEST_STEP][PASSED] - println("file Plan: " + file): null

03-03-2025T13:35:39 - [TEST_STEP][PASSED] - typeOfData = "План в процентах": null

03-03-2025T13:35:39 - [TEST_STEP][PASSED] - fileDouble = file.toDouble(): null

03-03-2025T13:35:39 - [TEST_STEP][PASSED] - pageDouble = page1.toDouble(): null

03-03-2025T13:35:39 - [TEST_STEP][PASSED] - if (fileDouble != pageDouble): null

03-03-2025T13:35:39 - [TEST_STEP][PASSED] - numberOfErrors = numberOfErrors + 1: null

03-03-2025T13:35:39 - [TEST_STEP][PASSED] - Script1718980020443.WriteToExcel(a, typeOfData, todaysDate, pageInt, fileInt, pageDouble, fileDouble, dZO): null

03-03-2025T13:35:39 - [TEST_STEP][PASSED] - sheetName = "Sheet1": null

03-03-2025T13:35:39 - [TEST_STEP][PASSED] - data = findTestData("PlanFact"): null

03-03-2025T13:35:39 - [TEST_STEP][PASSED] - n = data.getRowNumbers() + 1: null

03-03-2025T13:35:39 - [TEST_STEP][PASSED] - day = ")).toInteger(): null

03-03-2025T13:35:39 - [TEST_STEP][PASSED] - println(day): null

03-03-2025T13:35:39 - [TEST_STEP][PASSED] - month = ")).toInteger(): null

03-03-2025T13:35:39 - [TEST_STEP][PASSED] - println(month): null

03-03-2025T13:35:39 - [TEST_STEP][PASSED] - y = <not implemented yet for class: org.codehaus.groovy.ast.expr.EmptyExpression>: null

03-03-2025T13:35:39 - [TEST_STEP][PASSED] - iy = <not implemented yet for class: org.codehaus.groovy.ast.expr.EmptyExpression>: null

03-03-2025T13:35:39 - [TEST_STEP][PASSED] - m = getText(findTestObject("Выполнение бизнес-плана/Период")): Text of object 'Object Repository/Выполнение бизнес-плана/Период' is: '2024 год'

03-03-2025T13:35:39 - [MESSAGE][PASSED] - Text of object 'Object Repository/Выполнение бизнес-плана/Период' is: '2024 год'

03-03-2025T13:35:39 - [TEST_STEP][PASSED] - iy = m.indexOf("20"): null

03-03-2025T13:35:39 - [TEST_STEP][PASSED] - if (iy > -1): null

03-03-2025T13:35:39 - [TEST_STEP][PASSED] - y = substring(iy, iy + 4).toInteger(): null

03-03-2025T13:35:39 - [TEST_STEP][PASSED] - println(y): null

03-03-2025T13:35:39 - [TEST_STEP][PASSED] - if (toString().length() == 4): null

03-03-2025T13:35:39 - [TEST_STEP][PASSED] - m = m.substring(0, m.indexOf(y.toString())): null

03-03-2025T13:35:39 - [TEST_STEP][PASSED] - m = m.trim(): null

03-03-2025T13:35:39 - [TEST_STEP][PASSED] - if (m == ""): null

03-03-2025T13:35:39 - [TEST_STEP][PASSED] - m = "весь год": null

03-03-2025T13:35:39 - [TEST_STEP][PASSED] - dashboardName = "Выполнение бизнес-плана": null

03-03-2025T13:35:39 - [TEST_STEP][PASSED] - workbook01 = getWorkbook(excelFilePath): null

03-03-2025T13:35:39 - [TEST_STEP][PASSED] - sheet01 = getExcelSheet(workbook01, sheetName): null

03-03-2025T13:35:39 - [TEST_STEP][PASSED] - setValueToCellByIndex(sheet01, n, 0, dashboardName): null

03-03-2025T13:35:39 - [TEST_STEP][PASSED] - setValueToCellByIndex(sheet01, n, 1, dZO): null

03-03-2025T13:35:39 - [TEST_STEP][PASSED] - setValueToCellByIndex(sheet01, n, 2, typeOfData): null

03-03-2025T13:35:39 - [TEST_STEP][PASSED] - if (typeOfData == "Факт в процентах" || typeOfData == "План в процентах"): null

03-03-2025T13:35:39 - [TEST_STEP][PASSED] - setValueToCellByIndex(sheet01, n, 3, fileDouble): null

03-03-2025T13:35:39 - [TEST_STEP][PASSED] - setValueToCellByIndex(sheet01, n, 4, pageDouble): null

03-03-2025T13:35:39 - [TEST_STEP][PASSED] - setValueToCellByIndex(sheet01, n, 5, m): null

03-03-2025T13:35:39 - [TEST_STEP][PASSED] - setValueToCellByIndex(sheet01, n, 6, y): null

03-03-2025T13:35:39 - [TEST_STEP][PASSED] - setValueToCellByIndex(sheet01, n, 7, todaysDate): null

03-03-2025T13:35:39 - [TEST_STEP][PASSED] - n = n + 1: null

03-03-2025T13:35:39 - [TEST_STEP][PASSED] - saveWorkbook(excelFilePath, workbook01): null

03-03-2025T13:35:39 - [TEST_STEP][PASSED] - file = findTestData("PlanFact").getValue(7, a): null

03-03-2025T13:35:39 - [TEST_STEP][PASSED] - file = file.replace(",", "."): null

03-03-2025T13:35:39 - [TEST_STEP][PASSED] - println("file Fact: " + file): null

03-03-2025T13:35:39 - [TEST_STEP][PASSED] - fileDouble = file.toDouble(): null

03-03-2025T13:35:39 - [TEST_STEP][PASSED] - typeOfData = "Факт в процентах": null

03-03-2025T13:35:39 - [TEST_STEP][PASSED] - fileDouble = file.toDouble(): null

03-03-2025T13:35:39 - [TEST_STEP][PASSED] - pageDouble = page2.toDouble(): null

03-03-2025T13:35:39 - [TEST_STEP][PASSED] - if (fileDouble != pageDouble): null

03-03-2025T13:35:39 - [TEST_STEP][PASSED] - numberOfErrors = numberOfErrors + 1: null

03-03-2025T13:35:39 - [TEST_STEP][PASSED] - Script1718980020443.WriteToExcel(a, typeOfData, todaysDate, pageInt, fileInt, pageDouble, fileDouble, dZO): null

03-03-2025T13:35:39 - [TEST_STEP][PASSED] - sheetName = "Sheet1": null

03-03-2025T13:35:39 - [TEST_STEP][PASSED] - data = findTestData("PlanFact"): null

03-03-2025T13:35:40 - [TEST_STEP][PASSED] - n = data.getRowNumbers() + 1: null

03-03-2025T13:35:40 - [TEST_STEP][PASSED] - day = ")).toInteger(): null

03-03-2025T13:35:40 - [TEST_STEP][PASSED] - println(day): null

03-03-2025T13:35:40 - [TEST_STEP][PASSED] - month = ")).toInteger(): null

03-03-2025T13:35:40 - [TEST_STEP][PASSED] - println(month): null

03-03-2025T13:35:40 - [TEST_STEP][PASSED] - y = <not implemented yet for class: org.codehaus.groovy.ast.expr.EmptyExpression>: null

03-03-2025T13:35:40 - [TEST_STEP][PASSED] - iy = <not implemented yet for class: org.codehaus.groovy.ast.expr.EmptyExpression>: null

03-03-2025T13:35:40 - [TEST_STEP][PASSED] - m = getText(findTestObject("Выполнение бизнес-плана/Период")): Text of object 'Object Repository/Выполнение бизнес-плана/Период' is: '2024 год'

03-03-2025T13:35:40 - [MESSAGE][PASSED] - Text of object 'Object Repository/Выполнение бизнес-плана/Период' is: '2024 год'

03-03-2025T13:35:40 - [TEST_STEP][PASSED] - iy = m.indexOf("20"): null

03-03-2025T13:35:40 - [TEST_STEP][PASSED] - if (iy > -1): null

03-03-2025T13:35:40 - [TEST_STEP][PASSED] - y = substring(iy, iy + 4).toInteger(): null

03-03-2025T13:35:40 - [TEST_STEP][PASSED] - println(y): null

03-03-2025T13:35:40 - [TEST_STEP][PASSED] - if (toString().length() == 4): null

03-03-2025T13:35:40 - [TEST_STEP][PASSED] - m = m.substring(0, m.indexOf(y.toString())): null

03-03-2025T13:35:40 - [TEST_STEP][PASSED] - m = m.trim(): null

03-03-2025T13:35:40 - [TEST_STEP][PASSED] - if (m == ""): null

03-03-2025T13:35:40 - [TEST_STEP][PASSED] - m = "весь год": null

03-03-2025T13:35:40 - [TEST_STEP][PASSED] - dashboardName = "Выполнение бизнес-плана": null

03-03-2025T13:35:40 - [TEST_STEP][PASSED] - workbook01 = getWorkbook(excelFilePath): null

03-03-2025T13:35:40 - [TEST_STEP][PASSED] - sheet01 = getExcelSheet(workbook01, sheetName): null

03-03-2025T13:35:40 - [TEST_STEP][PASSED] - setValueToCellByIndex(sheet01, n, 0, dashboardName): null

03-03-2025T13:35:40 - [TEST_STEP][PASSED] - setValueToCellByIndex(sheet01, n, 1, dZO): null

03-03-2025T13:35:40 - [TEST_STEP][PASSED] - setValueToCellByIndex(sheet01, n, 2, typeOfData): null

03-03-2025T13:35:40 - [TEST_STEP][PASSED] - if (typeOfData == "Факт в процентах" || typeOfData == "План в процентах"): null

03-03-2025T13:35:40 - [TEST_STEP][PASSED] - setValueToCellByIndex(sheet01, n, 3, fileDouble): null

03-03-2025T13:35:40 - [TEST_STEP][PASSED] - setValueToCellByIndex(sheet01, n, 4, pageDouble): null

03-03-2025T13:35:40 - [TEST_STEP][PASSED] - setValueToCellByIndex(sheet01, n, 5, m): null

03-03-2025T13:35:40 - [TEST_STEP][PASSED] - setValueToCellByIndex(sheet01, n, 6, y): null

03-03-2025T13:35:40 - [TEST_STEP][PASSED] - setValueToCellByIndex(sheet01, n, 7, todaysDate): null

03-03-2025T13:35:40 - [TEST_STEP][PASSED] - n = n + 1: null

03-03-2025T13:35:40 - [TEST_STEP][PASSED] - saveWorkbook(excelFilePath, workbook01): null

03-03-2025T13:35:40 - [TEST_STEP][FAILED] - if (verifyEqual(numberOfErrors, 0) == false): null

03-03-2025T13:35:40 - [MESSAGE][FAILED] - Unable to verify equal between actual object '6' and expected object '0' (Root cause: com.kms.katalon.core.exception.StepFailedException: Actual object '6' and expected object '0' are not equal
	at com.kms.katalon.core.keyword.builtin.VerifyEqualKeyword$_verifyEqual_closure1.doCall(VerifyEqualKeyword.groovy:58)
	at com.kms.katalon.core.keyword.builtin.VerifyEqualKeyword$_verifyEqual_closure1.call(VerifyEqualKeyword.groovy)
	at com.kms.katalon.core.keyword.internal.KeywordMain.runKeyword(KeywordMain.groovy:75)
	at com.kms.katalon.core.keyword.builtin.VerifyEqualKeyword.verifyEqual(VerifyEqualKeyword.groovy:63)
	at com.kms.katalon.core.keyword.builtin.VerifyEqualKeyword.execute(VerifyEqualKeyword.groovy:44)
	at com.kms.katalon.core.keyword.internal.KeywordExecutor.executeKeywordForPlatform(KeywordExecutor.groovy:74)
	at com.kms.katalon.core.keyword.BuiltinKeywords.verifyEqual(BuiltinKeywords.groovy:146)
	at jdk.internal.reflect.GeneratedMethodAccessor24.invoke(Unknown Source)
	at java.base/jdk.internal.reflect.DelegatingMethodAccessorImpl.invoke(DelegatingMethodAccessorImpl.java:43)
	at Выполнение бизнес-плана Сверка ПАО Россети все филиалы.Numbers(Выполнение бизнес-плана Сверка ПАО Россети все филиалы:736)
	at Выполнение бизнес-плана Сверка ПАО Россети все филиалы.Filials(Выполнение бизнес-плана Сверка ПАО Россети все филиалы:1577)
	at Выполнение бизнес-плана Сверка ПАО Россети все филиалы.Numbers(Выполнение бизнес-плана Сверка ПАО Россети все филиалы:743)
	at Выполнение бизнес-плана Сверка ПАО Россети все филиалы.run(Выполнение бизнес-плана Сверка ПАО Россети все филиалы:308)
	at com.kms.katalon.core.main.ScriptEngine.run(ScriptEngine.java:194)
	at com.kms.katalon.core.main.ScriptEngine.runScriptAsRawText(ScriptEngine.java:119)
	at com.kms.katalon.core.main.TestCaseExecutor.runScript(TestCaseExecutor.java:448)
	at com.kms.katalon.core.main.TestCaseExecutor.doExecute(TestCaseExecutor.java:439)
	at com.kms.katalon.core.main.TestCaseExecutor.processExecutionPhase(TestCaseExecutor.java:418)
	at com.kms.katalon.core.main.TestCaseExecutor.accessMainPhase(TestCaseExecutor.java:410)
	at com.kms.katalon.core.main.TestCaseExecutor.execute(TestCaseExecutor.java:285)
	at com.kms.katalon.core.common.CommonExecutor.accessTestCaseMainPhase(CommonExecutor.java:65)
	at com.kms.katalon.core.main.TestSuiteExecutor.accessTestSuiteMainPhase(TestSuiteExecutor.java:150)
	at com.kms.katalon.core.main.TestSuiteExecutor.execute(TestSuiteExecutor.java:106)
	at com.kms.katalon.core.main.TestCaseMain.startTestSuite(TestCaseMain.java:180)
	at TempTestSuite1740991900055.run(TempTestSuite1740991900055.groovy:35)
	at java.base/jdk.internal.reflect.NativeMethodAccessorImpl.invoke0(Native Method)
	at java.base/jdk.internal.reflect.NativeMethodAccessorImpl.invoke(NativeMethodAccessorImpl.java:77)
	at java.base/jdk.internal.reflect.DelegatingMethodAccessorImpl.invoke(DelegatingMethodAccessorImpl.java:43)
)

03-03-2025T13:35:40 - [TEST_STEP][PASSED] - println(numberOfErrors): null

03-03-2025T13:35:40 - [TEST_STEP][PASSED] - println("a=" + a): null

03-03-2025T13:35:40 - [TEST_STEP][PASSED] - if (a == 28 || a == 77 || a == 74 || a == 65 || a == 36 || a == 44 || a == 54 || a == 1 || a == 18 || a == 59): null

03-03-2025T13:35:40 - [TEST_STEP][PASSED] - if (a == 82): null

03-03-2025T13:35:40 - [TEST_STEP][PASSED] - dZO = "Красноярскэнерго": null

03-03-2025T13:35:40 - [TEST_STEP][PASSED] - a = 47: null

03-03-2025T13:35:40 - [TEST_STEP][PASSED] - if (x2.contains(dZO)): null

03-03-2025T13:35:40 - [TEST_STEP][PASSED] - filialNum = filialNum + 1: null

03-03-2025T13:35:40 - [TEST_STEP][PASSED] - Script1718980020443.Numbers(a, typeOfData, todaysDate, pageInt, fileInt, pageDouble, fileDouble, dZO, dzoNum, filialNum): null

03-03-2025T13:35:40 - [TEST_STEP][PASSED] - println(dzoNum): null

03-03-2025T13:35:40 - [TEST_STEP][PASSED] - planFact = <not implemented yet for class: org.codehaus.groovy.ast.expr.EmptyExpression>: null

03-03-2025T13:35:40 - [TEST_STEP][PASSED] - page = <not implemented yet for class: org.codehaus.groovy.ast.expr.EmptyExpression>: null

03-03-2025T13:35:40 - [TEST_STEP][PASSED] - page1 = <not implemented yet for class: org.codehaus.groovy.ast.expr.EmptyExpression>: null

03-03-2025T13:35:40 - [TEST_STEP][PASSED] - page2 = <not implemented yet for class: org.codehaus.groovy.ast.expr.EmptyExpression>: null

03-03-2025T13:35:40 - [TEST_STEP][PASSED] - filialNumberInRow = <not implemented yet for class: org.codehaus.groovy.ast.expr.EmptyExpression>: null

03-03-2025T13:35:40 - [TEST_STEP][PASSED] - filialsDzoNames = <not implemented yet for class: org.codehaus.groovy.ast.expr.EmptyExpression>: null

03-03-2025T13:35:40 - [TEST_STEP][PASSED] - numberOfFilials = <not implemented yet for class: org.codehaus.groovy.ast.expr.EmptyExpression>: null

03-03-2025T13:35:40 - [TEST_STEP][PASSED] - numberOfSpaces = <not implemented yet for class: org.codehaus.groovy.ast.expr.EmptyExpression>: null

03-03-2025T13:35:40 - [TEST_STEP][PASSED] - file = <not implemented yet for class: org.codehaus.groovy.ast.expr.EmptyExpression>: null

03-03-2025T13:35:40 - [TEST_STEP][PASSED] - otpusk = <not implemented yet for class: org.codehaus.groovy.ast.expr.EmptyExpression>: null

03-03-2025T13:35:40 - [TEST_STEP][PASSED] - poteri = <not implemented yet for class: org.codehaus.groovy.ast.expr.EmptyExpression>: null

03-03-2025T13:35:40 - [TEST_STEP][PASSED] - dataFolder = "Выполнение бизнес-плана/Значения со страницы Выполнение бизнес-плана/": null

03-03-2025T13:35:40 - [TEST_STEP][PASSED] - path = <not implemented yet for class: org.codehaus.groovy.ast.expr.EmptyExpression>: null

03-03-2025T13:35:40 - [TEST_STEP][PASSED] - typeOfDataMain = <not implemented yet for class: org.codehaus.groovy.ast.expr.EmptyExpression>: null

03-03-2025T13:35:40 - [TEST_STEP][PASSED] - fileOtpuskVSet = <not implemented yet for class: org.codehaus.groovy.ast.expr.EmptyExpression>: null

03-03-2025T13:35:40 - [TEST_STEP][PASSED] - pageOtpuskVSet = <not implemented yet for class: org.codehaus.groovy.ast.expr.EmptyExpression>: null

03-03-2025T13:35:40 - [TEST_STEP][PASSED] - filePoteri = <not implemented yet for class: org.codehaus.groovy.ast.expr.EmptyExpression>: null

03-03-2025T13:35:40 - [TEST_STEP][PASSED] - pagePoteri = <not implemented yet for class: org.codehaus.groovy.ast.expr.EmptyExpression>: null

03-03-2025T13:35:40 - [TEST_STEP][PASSED] - compare = <not implemented yet for class: org.codehaus.groovy.ast.expr.EmptyExpression>: null

03-03-2025T13:35:40 - [TEST_STEP][PASSED] - b = <not implemented yet for class: org.codehaus.groovy.ast.expr.EmptyExpression>: null

03-03-2025T13:35:40 - [TEST_STEP][PASSED] - i = <not implemented yet for class: org.codehaus.groovy.ast.expr.EmptyExpression>: null

03-03-2025T13:35:40 - [TEST_STEP][PASSED] - ii = <not implemented yet for class: org.codehaus.groovy.ast.expr.EmptyExpression>: null

03-03-2025T13:35:40 - [TEST_STEP][PASSED] - c = <not implemented yet for class: org.codehaus.groovy.ast.expr.EmptyExpression>: null

03-03-2025T13:35:40 - [TEST_STEP][PASSED] - numberOfErrors = 0: null

03-03-2025T13:35:40 - [TEST_STEP][PASSED] - if (a == 82): null

03-03-2025T13:35:40 - [TEST_STEP][PASSED] - b = findTestData("PlanFact").getValue(1, a): null

03-03-2025T13:35:40 - [TEST_STEP][PASSED] - i = b.indexOf(" (ГК)"): null

03-03-2025T13:35:40 - [TEST_STEP][PASSED] - if (i > -1): null

03-03-2025T13:35:40 - [TEST_STEP][PASSED] - i = b.indexOf("О ""): null

03-03-2025T13:35:40 - [TEST_STEP][PASSED] - if (i > -1): null

03-03-2025T13:35:40 - [TEST_STEP][PASSED] - i = b.indexOf("О «"): null

03-03-2025T13:35:40 - [TEST_STEP][PASSED] - if (i > -1): null

03-03-2025T13:35:40 - [TEST_STEP][PASSED] - i = b.indexOf("г. "): null

03-03-2025T13:35:40 - [TEST_STEP][PASSED] - if (i > -1): null

03-03-2025T13:35:40 - [TEST_STEP][PASSED] - b = b.trim(): null

03-03-2025T13:35:40 - [TEST_STEP][PASSED] - println(b): null

03-03-2025T13:35:40 - [TEST_STEP][PASSED] - for ([planFact = 1, planFact < 3, (planFact++)]): null

03-03-2025T13:35:40 - [TEST_STEP][PASSED] - if (planFact == 1): null

03-03-2025T13:35:40 - [TEST_STEP][PASSED] - typeOfDataMain = "Факт": null

03-03-2025T13:35:40 - [TEST_STEP][PASSED] - otpusk = findTestData("PlanFact").getValue(5, a): null

03-03-2025T13:35:40 - [TEST_STEP][PASSED] - poteri = findTestData("PlanFact").getValue(6, a): null

03-03-2025T13:35:40 - [TEST_STEP][PASSED] - otpusk = otpusk.replaceAll("\s+", ""): null

03-03-2025T13:35:40 - [TEST_STEP][PASSED] - poteri = poteri.replaceAll("\s+", ""): null

03-03-2025T13:35:40 - [TEST_STEP][PASSED] - typeOfData = typeOfDataMain + " Отпуск в сеть": null

03-03-2025T13:35:40 - [TEST_STEP][PASSED] - if (a == 82): null

03-03-2025T13:35:40 - [TEST_STEP][PASSED] - else if (a == 84): null

03-03-2025T13:35:40 - [TEST_STEP][PASSED] - else if (a == 83 || a == 52 || a == 72 || a == 28 || a == 73 || a == 77 || a == 74 || a == 65 || a == 36 || a == 44 || a == 53 || a == 80 || a == 54 || a == 1 || a == 18 || a == 59 || a == 81): null

03-03-2025T13:35:40 - [TEST_STEP][PASSED] - else: null

03-03-2025T13:35:40 - [TEST_STEP][PASSED] - path = dataFolder + typeOfData + " за отчётный период " + b: null

03-03-2025T13:35:40 - [TEST_STEP][PASSED] - println(path): null

03-03-2025T13:35:40 - [TEST_STEP][PASSED] - page = getText(findTestObject(path)): Text of object 'Object Repository/Выполнение бизнес-плана/Значения со страницы Выполнение бизнес-плана/Факт Отпуск в сеть за отчётный период Красноярскэнерго' is: '1 517 742'

03-03-2025T13:35:41 - [MESSAGE][PASSED] - Text of object 'Object Repository/Выполнение бизнес-плана/Значения со страницы Выполнение бизнес-плана/Факт Отпуск в сеть за отчётный период Красноярскэнерго' is: '1 517 742'

03-03-2025T13:35:41 - [TEST_STEP][PASSED] - if (page == "" || page == null): null

03-03-2025T13:35:41 - [TEST_STEP][PASSED] - else: null

03-03-2025T13:35:41 - [TEST_STEP][PASSED] - page = page.replaceAll("\s+", ""): null

03-03-2025T13:35:41 - [TEST_STEP][PASSED] - fileOtpuskVSet = otpusk.toInteger(): null

03-03-2025T13:35:41 - [TEST_STEP][PASSED] - pageOtpuskVSet = page.toInteger(): null

03-03-2025T13:35:41 - [TEST_STEP][PASSED] - typeOfData = typeOfDataMain + " Потери": null

03-03-2025T13:35:41 - [TEST_STEP][PASSED] - if (a == 82): null

03-03-2025T13:35:41 - [TEST_STEP][PASSED] - else if (a == 84): null

03-03-2025T13:35:41 - [TEST_STEP][PASSED] - else if (a == 83 || a == 52 || a == 72 || a == 28 || a == 73 || a == 77 || a == 74 || a == 65 || a == 44 || a == 53 || a == 80 || a == 54 || a == 1 || a == 18 || a == 59 || a == 81): null

03-03-2025T13:35:41 - [TEST_STEP][PASSED] - else: null

03-03-2025T13:35:41 - [TEST_STEP][PASSED] - path = dataFolder + typeOfData + " за отчётный период " + b: null

03-03-2025T13:35:41 - [TEST_STEP][PASSED] - page = getText(findTestObject(path)): Text of object 'Object Repository/Выполнение бизнес-плана/Значения со страницы Выполнение бизнес-плана/Факт Потери за отчётный период Красноярскэнерго' is: '223 768'

03-03-2025T13:35:41 - [MESSAGE][PASSED] - Text of object 'Object Repository/Выполнение бизнес-плана/Значения со страницы Выполнение бизнес-плана/Факт Потери за отчётный период Красноярскэнерго' is: '223 768'

03-03-2025T13:35:41 - [TEST_STEP][PASSED] - if (page == "" || page == null): null

03-03-2025T13:35:41 - [TEST_STEP][PASSED] - else: null

03-03-2025T13:35:41 - [TEST_STEP][PASSED] - page = page.replaceAll("\s+", ""): null

03-03-2025T13:35:41 - [TEST_STEP][PASSED] - filePoteri = poteri.toInteger(): null

03-03-2025T13:35:41 - [TEST_STEP][PASSED] - pagePoteri = page.toInteger(): null

03-03-2025T13:35:41 - [TEST_STEP][PASSED] - compare = pageOtpuskVSet: null

03-03-2025T13:35:41 - [TEST_STEP][PASSED] - if (pageOtpuskVSet != null): null

03-03-2025T13:35:41 - [TEST_STEP][PASSED] - if (compare == fileOtpuskVSet): null

03-03-2025T13:35:41 - [TEST_STEP][PASSED] - else if (compare > fileOtpuskVSet): null

03-03-2025T13:35:41 - [TEST_STEP][PASSED] - else if (compare < fileOtpuskVSet): null

03-03-2025T13:35:41 - [TEST_STEP][PASSED] - compare = compare + 1: null

03-03-2025T13:35:41 - [TEST_STEP][PASSED] - if (compare == fileOtpuskVSet): null

03-03-2025T13:35:41 - [TEST_STEP][PASSED] - else: null

03-03-2025T13:35:41 - [TEST_STEP][PASSED] - numberOfErrors = numberOfErrors + 1: null

03-03-2025T13:35:41 - [TEST_STEP][PASSED] - pageInt = pageOtpuskVSet: null

03-03-2025T13:35:41 - [TEST_STEP][PASSED] - fileInt = fileOtpuskVSet: null

03-03-2025T13:35:41 - [TEST_STEP][PASSED] - typeOfData = typeOfDataMain + " Отпуск в сеть": null

03-03-2025T13:35:41 - [TEST_STEP][PASSED] - Script1718980020443.WriteToExcel(a, typeOfData, todaysDate, pageInt, fileInt, pageDouble, fileDouble, dZO): null

03-03-2025T13:35:41 - [TEST_STEP][PASSED] - sheetName = "Sheet1": null

03-03-2025T13:35:41 - [TEST_STEP][PASSED] - data = findTestData("PlanFact"): null

03-03-2025T13:35:41 - [TEST_STEP][PASSED] - n = data.getRowNumbers() + 1: null

03-03-2025T13:35:41 - [TEST_STEP][PASSED] - day = ")).toInteger(): null

03-03-2025T13:35:41 - [TEST_STEP][PASSED] - println(day): null

03-03-2025T13:35:41 - [TEST_STEP][PASSED] - month = ")).toInteger(): null

03-03-2025T13:35:41 - [TEST_STEP][PASSED] - println(month): null

03-03-2025T13:35:41 - [TEST_STEP][PASSED] - y = <not implemented yet for class: org.codehaus.groovy.ast.expr.EmptyExpression>: null

03-03-2025T13:35:41 - [TEST_STEP][PASSED] - iy = <not implemented yet for class: org.codehaus.groovy.ast.expr.EmptyExpression>: null

03-03-2025T13:35:41 - [TEST_STEP][PASSED] - m = getText(findTestObject("Выполнение бизнес-плана/Период")): Text of object 'Object Repository/Выполнение бизнес-плана/Период' is: '2024 год'

03-03-2025T13:35:41 - [MESSAGE][PASSED] - Text of object 'Object Repository/Выполнение бизнес-плана/Период' is: '2024 год'

03-03-2025T13:35:41 - [TEST_STEP][PASSED] - iy = m.indexOf("20"): null

03-03-2025T13:35:41 - [TEST_STEP][PASSED] - if (iy > -1): null

03-03-2025T13:35:41 - [TEST_STEP][PASSED] - y = substring(iy, iy + 4).toInteger(): null

03-03-2025T13:35:41 - [TEST_STEP][PASSED] - println(y): null

03-03-2025T13:35:41 - [TEST_STEP][PASSED] - if (toString().length() == 4): null

03-03-2025T13:35:41 - [TEST_STEP][PASSED] - m = m.substring(0, m.indexOf(y.toString())): null

03-03-2025T13:35:41 - [TEST_STEP][PASSED] - m = m.trim(): null

03-03-2025T13:35:41 - [TEST_STEP][PASSED] - if (m == ""): null

03-03-2025T13:35:41 - [TEST_STEP][PASSED] - m = "весь год": null

03-03-2025T13:35:41 - [TEST_STEP][PASSED] - dashboardName = "Выполнение бизнес-плана": null

03-03-2025T13:35:41 - [TEST_STEP][PASSED] - workbook01 = getWorkbook(excelFilePath): null

03-03-2025T13:35:41 - [TEST_STEP][PASSED] - sheet01 = getExcelSheet(workbook01, sheetName): null

03-03-2025T13:35:41 - [TEST_STEP][PASSED] - setValueToCellByIndex(sheet01, n, 0, dashboardName): null

03-03-2025T13:35:41 - [TEST_STEP][PASSED] - setValueToCellByIndex(sheet01, n, 1, dZO): null

03-03-2025T13:35:41 - [TEST_STEP][PASSED] - setValueToCellByIndex(sheet01, n, 2, typeOfData): null

03-03-2025T13:35:41 - [TEST_STEP][PASSED] - if (typeOfData == "Факт в процентах" || typeOfData == "План в процентах"): null

03-03-2025T13:35:41 - [TEST_STEP][PASSED] - else: null

03-03-2025T13:35:41 - [TEST_STEP][PASSED] - setValueToCellByIndex(sheet01, n, 3, fileInt): null

03-03-2025T13:35:41 - [TEST_STEP][PASSED] - setValueToCellByIndex(sheet01, n, 4, pageInt): null

03-03-2025T13:35:41 - [TEST_STEP][PASSED] - setValueToCellByIndex(sheet01, n, 5, m): null

03-03-2025T13:35:41 - [TEST_STEP][PASSED] - setValueToCellByIndex(sheet01, n, 6, y): null

03-03-2025T13:35:41 - [TEST_STEP][PASSED] - setValueToCellByIndex(sheet01, n, 7, todaysDate): null

03-03-2025T13:35:41 - [TEST_STEP][PASSED] - n = n + 1: null

03-03-2025T13:35:41 - [TEST_STEP][PASSED] - saveWorkbook(excelFilePath, workbook01): null

03-03-2025T13:35:42 - [TEST_STEP][PASSED] - compare = pagePoteri: null

03-03-2025T13:35:42 - [TEST_STEP][PASSED] - if (pageOtpuskVSet != null): null

03-03-2025T13:35:42 - [TEST_STEP][PASSED] - if (compare == filePoteri): null

03-03-2025T13:35:42 - [TEST_STEP][PASSED] - else if (compare > filePoteri): null

03-03-2025T13:35:42 - [TEST_STEP][PASSED] - else if (compare < filePoteri): null

03-03-2025T13:35:42 - [TEST_STEP][PASSED] - compare = compare + 1: null

03-03-2025T13:35:42 - [TEST_STEP][PASSED] - if (compare == filePoteri): null

03-03-2025T13:35:42 - [TEST_STEP][PASSED] - else: null

03-03-2025T13:35:42 - [TEST_STEP][PASSED] - numberOfErrors = numberOfErrors + 1: null

03-03-2025T13:35:42 - [TEST_STEP][PASSED] - pageInt = pagePoteri: null

03-03-2025T13:35:42 - [TEST_STEP][PASSED] - fileInt = filePoteri: null

03-03-2025T13:35:42 - [TEST_STEP][PASSED] - typeOfData = typeOfDataMain + " Потери": null

03-03-2025T13:35:42 - [TEST_STEP][PASSED] - Script1718980020443.WriteToExcel(a, typeOfData, todaysDate, pageInt, fileInt, pageDouble, fileDouble, dZO): null

03-03-2025T13:35:42 - [TEST_STEP][PASSED] - sheetName = "Sheet1": null

03-03-2025T13:35:42 - [TEST_STEP][PASSED] - data = findTestData("PlanFact"): null

03-03-2025T13:35:42 - [TEST_STEP][PASSED] - n = data.getRowNumbers() + 1: null

03-03-2025T13:35:42 - [TEST_STEP][PASSED] - day = ")).toInteger(): null

03-03-2025T13:35:42 - [TEST_STEP][PASSED] - println(day): null

03-03-2025T13:35:42 - [TEST_STEP][PASSED] - month = ")).toInteger(): null

03-03-2025T13:35:42 - [TEST_STEP][PASSED] - println(month): null

03-03-2025T13:35:42 - [TEST_STEP][PASSED] - y = <not implemented yet for class: org.codehaus.groovy.ast.expr.EmptyExpression>: null

03-03-2025T13:35:42 - [TEST_STEP][PASSED] - iy = <not implemented yet for class: org.codehaus.groovy.ast.expr.EmptyExpression>: null

03-03-2025T13:35:42 - [TEST_STEP][PASSED] - m = getText(findTestObject("Выполнение бизнес-плана/Период")): Text of object 'Object Repository/Выполнение бизнес-плана/Период' is: '2024 год'

03-03-2025T13:35:42 - [MESSAGE][PASSED] - Text of object 'Object Repository/Выполнение бизнес-плана/Период' is: '2024 год'

03-03-2025T13:35:42 - [TEST_STEP][PASSED] - iy = m.indexOf("20"): null

03-03-2025T13:35:42 - [TEST_STEP][PASSED] - if (iy > -1): null

03-03-2025T13:35:42 - [TEST_STEP][PASSED] - y = substring(iy, iy + 4).toInteger(): null

03-03-2025T13:35:42 - [TEST_STEP][PASSED] - println(y): null

03-03-2025T13:35:42 - [TEST_STEP][PASSED] - if (toString().length() == 4): null

03-03-2025T13:35:42 - [TEST_STEP][PASSED] - m = m.substring(0, m.indexOf(y.toString())): null

03-03-2025T13:35:42 - [TEST_STEP][PASSED] - m = m.trim(): null

03-03-2025T13:35:42 - [TEST_STEP][PASSED] - if (m == ""): null

03-03-2025T13:35:42 - [TEST_STEP][PASSED] - m = "весь год": null

03-03-2025T13:35:42 - [TEST_STEP][PASSED] - dashboardName = "Выполнение бизнес-плана": null

03-03-2025T13:35:42 - [TEST_STEP][PASSED] - workbook01 = getWorkbook(excelFilePath): null

03-03-2025T13:35:42 - [TEST_STEP][PASSED] - sheet01 = getExcelSheet(workbook01, sheetName): null

03-03-2025T13:35:42 - [TEST_STEP][PASSED] - setValueToCellByIndex(sheet01, n, 0, dashboardName): null

03-03-2025T13:35:42 - [TEST_STEP][PASSED] - setValueToCellByIndex(sheet01, n, 1, dZO): null

03-03-2025T13:35:42 - [TEST_STEP][PASSED] - setValueToCellByIndex(sheet01, n, 2, typeOfData): null

03-03-2025T13:35:42 - [TEST_STEP][PASSED] - if (typeOfData == "Факт в процентах" || typeOfData == "План в процентах"): null

03-03-2025T13:35:42 - [TEST_STEP][PASSED] - else: null

03-03-2025T13:35:42 - [TEST_STEP][PASSED] - setValueToCellByIndex(sheet01, n, 3, fileInt): null

03-03-2025T13:35:42 - [TEST_STEP][PASSED] - setValueToCellByIndex(sheet01, n, 4, pageInt): null

03-03-2025T13:35:42 - [TEST_STEP][PASSED] - setValueToCellByIndex(sheet01, n, 5, m): null

03-03-2025T13:35:42 - [TEST_STEP][PASSED] - setValueToCellByIndex(sheet01, n, 6, y): null

03-03-2025T13:35:42 - [TEST_STEP][PASSED] - setValueToCellByIndex(sheet01, n, 7, todaysDate): null

03-03-2025T13:35:42 - [TEST_STEP][PASSED] - n = n + 1: null

03-03-2025T13:35:42 - [TEST_STEP][PASSED] - saveWorkbook(excelFilePath, workbook01): null

03-03-2025T13:35:42 - [TEST_STEP][PASSED] - if (planFact == 2): null

03-03-2025T13:35:42 - [TEST_STEP][PASSED] - if (planFact == 1): null

03-03-2025T13:35:42 - [TEST_STEP][PASSED] - else if (planFact == 2): null

03-03-2025T13:35:42 - [TEST_STEP][PASSED] - click(findTestObject("Выполнение бизнес-плана/Кнопка План")): Object: 'Object Repository/Выполнение бизнес-плана/Кнопка План' is clicked on

03-03-2025T13:35:43 - [MESSAGE][PASSED] - Object: 'Object Repository/Выполнение бизнес-плана/Кнопка План' is clicked on

03-03-2025T13:35:43 - [TEST_STEP][PASSED] - typeOfDataMain = "План": null

03-03-2025T13:35:43 - [TEST_STEP][PASSED] - otpusk = findTestData("PlanFact").getValue(2, a): null

03-03-2025T13:35:43 - [TEST_STEP][PASSED] - poteri = findTestData("PlanFact").getValue(3, a): null

03-03-2025T13:35:43 - [TEST_STEP][PASSED] - otpusk = otpusk.replaceAll("\s+", ""): null

03-03-2025T13:35:43 - [TEST_STEP][PASSED] - poteri = poteri.replaceAll("\s+", ""): null

03-03-2025T13:35:43 - [TEST_STEP][PASSED] - typeOfData = typeOfDataMain + " Отпуск в сеть": null

03-03-2025T13:35:43 - [TEST_STEP][PASSED] - if (a == 82): null

03-03-2025T13:35:43 - [TEST_STEP][PASSED] - else if (a == 84): null

03-03-2025T13:35:43 - [TEST_STEP][PASSED] - else if (a == 83 || a == 52 || a == 72 || a == 28 || a == 73 || a == 77 || a == 74 || a == 65 || a == 36 || a == 44 || a == 53 || a == 80 || a == 54 || a == 1 || a == 18 || a == 59 || a == 81): null

03-03-2025T13:35:43 - [TEST_STEP][PASSED] - else: null

03-03-2025T13:35:43 - [TEST_STEP][PASSED] - path = dataFolder + typeOfData + " за отчётный период " + b: null

03-03-2025T13:35:43 - [TEST_STEP][PASSED] - println(path): null

03-03-2025T13:35:43 - [TEST_STEP][PASSED] - page = getText(findTestObject(path)): Text of object 'Object Repository/Выполнение бизнес-плана/Значения со страницы Выполнение бизнес-плана/План Отпуск в сеть за отчётный период Красноярскэнерго' is: '1 454 644'

03-03-2025T13:35:43 - [MESSAGE][PASSED] - Text of object 'Object Repository/Выполнение бизнес-плана/Значения со страницы Выполнение бизнес-плана/План Отпуск в сеть за отчётный период Красноярскэнерго' is: '1 454 644'

03-03-2025T13:35:43 - [TEST_STEP][PASSED] - if (page == "" || page == null): null

03-03-2025T13:35:43 - [TEST_STEP][PASSED] - else: null

03-03-2025T13:35:43 - [TEST_STEP][PASSED] - page = page.replaceAll("\s+", ""): null

03-03-2025T13:35:43 - [TEST_STEP][PASSED] - fileOtpuskVSet = otpusk.toInteger(): null

03-03-2025T13:35:43 - [TEST_STEP][PASSED] - pageOtpuskVSet = page.toInteger(): null

03-03-2025T13:35:43 - [TEST_STEP][PASSED] - typeOfData = typeOfDataMain + " Потери": null

03-03-2025T13:35:43 - [TEST_STEP][PASSED] - if (a == 82): null

03-03-2025T13:35:43 - [TEST_STEP][PASSED] - else if (a == 84): null

03-03-2025T13:35:43 - [TEST_STEP][PASSED] - else if (a == 83 || a == 52 || a == 72 || a == 28 || a == 73 || a == 77 || a == 74 || a == 65 || a == 44 || a == 53 || a == 80 || a == 54 || a == 1 || a == 18 || a == 59 || a == 81): null

03-03-2025T13:35:43 - [TEST_STEP][PASSED] - else: null

03-03-2025T13:35:43 - [TEST_STEP][PASSED] - path = dataFolder + typeOfData + " за отчётный период " + b: null

03-03-2025T13:35:43 - [TEST_STEP][PASSED] - page = getText(findTestObject(path)): Text of object 'Object Repository/Выполнение бизнес-плана/Значения со страницы Выполнение бизнес-плана/План Потери за отчётный период Красноярскэнерго' is: '217 531'

03-03-2025T13:35:43 - [MESSAGE][PASSED] - Text of object 'Object Repository/Выполнение бизнес-плана/Значения со страницы Выполнение бизнес-плана/План Потери за отчётный период Красноярскэнерго' is: '217 531'

03-03-2025T13:35:43 - [TEST_STEP][PASSED] - if (page == "" || page == null): null

03-03-2025T13:35:43 - [TEST_STEP][PASSED] - else: null

03-03-2025T13:35:43 - [TEST_STEP][PASSED] - page = page.replaceAll("\s+", ""): null

03-03-2025T13:35:43 - [TEST_STEP][PASSED] - filePoteri = poteri.toInteger(): null

03-03-2025T13:35:43 - [TEST_STEP][PASSED] - pagePoteri = page.toInteger(): null

03-03-2025T13:35:43 - [TEST_STEP][PASSED] - compare = pageOtpuskVSet: null

03-03-2025T13:35:43 - [TEST_STEP][PASSED] - if (pageOtpuskVSet != null): null

03-03-2025T13:35:43 - [TEST_STEP][PASSED] - if (compare == fileOtpuskVSet): null

03-03-2025T13:35:43 - [TEST_STEP][PASSED] - else if (compare > fileOtpuskVSet): null

03-03-2025T13:35:43 - [TEST_STEP][PASSED] - else if (compare < fileOtpuskVSet): null

03-03-2025T13:35:43 - [TEST_STEP][PASSED] - compare = compare + 1: null

03-03-2025T13:35:43 - [TEST_STEP][PASSED] - if (compare == fileOtpuskVSet): null

03-03-2025T13:35:43 - [TEST_STEP][PASSED] - else: null

03-03-2025T13:35:43 - [TEST_STEP][PASSED] - numberOfErrors = numberOfErrors + 1: null

03-03-2025T13:35:43 - [TEST_STEP][PASSED] - pageInt = pageOtpuskVSet: null

03-03-2025T13:35:43 - [TEST_STEP][PASSED] - fileInt = fileOtpuskVSet: null

03-03-2025T13:35:43 - [TEST_STEP][PASSED] - typeOfData = typeOfDataMain + " Отпуск в сеть": null

03-03-2025T13:35:43 - [TEST_STEP][PASSED] - Script1718980020443.WriteToExcel(a, typeOfData, todaysDate, pageInt, fileInt, pageDouble, fileDouble, dZO): null

03-03-2025T13:35:43 - [TEST_STEP][PASSED] - sheetName = "Sheet1": null

03-03-2025T13:35:43 - [TEST_STEP][PASSED] - data = findTestData("PlanFact"): null

03-03-2025T13:35:43 - [TEST_STEP][PASSED] - n = data.getRowNumbers() + 1: null

03-03-2025T13:35:43 - [TEST_STEP][PASSED] - day = ")).toInteger(): null

03-03-2025T13:35:43 - [TEST_STEP][PASSED] - println(day): null

03-03-2025T13:35:43 - [TEST_STEP][PASSED] - month = ")).toInteger(): null

03-03-2025T13:35:43 - [TEST_STEP][PASSED] - println(month): null

03-03-2025T13:35:43 - [TEST_STEP][PASSED] - y = <not implemented yet for class: org.codehaus.groovy.ast.expr.EmptyExpression>: null

03-03-2025T13:35:43 - [TEST_STEP][PASSED] - iy = <not implemented yet for class: org.codehaus.groovy.ast.expr.EmptyExpression>: null

03-03-2025T13:35:43 - [TEST_STEP][PASSED] - m = getText(findTestObject("Выполнение бизнес-плана/Период")): Text of object 'Object Repository/Выполнение бизнес-плана/Период' is: '2024 год'

03-03-2025T13:35:44 - [MESSAGE][PASSED] - Text of object 'Object Repository/Выполнение бизнес-плана/Период' is: '2024 год'

03-03-2025T13:35:44 - [TEST_STEP][PASSED] - iy = m.indexOf("20"): null

03-03-2025T13:35:44 - [TEST_STEP][PASSED] - if (iy > -1): null

03-03-2025T13:35:44 - [TEST_STEP][PASSED] - y = substring(iy, iy + 4).toInteger(): null

03-03-2025T13:35:44 - [TEST_STEP][PASSED] - println(y): null

03-03-2025T13:35:44 - [TEST_STEP][PASSED] - if (toString().length() == 4): null

03-03-2025T13:35:44 - [TEST_STEP][PASSED] - m = m.substring(0, m.indexOf(y.toString())): null

03-03-2025T13:35:44 - [TEST_STEP][PASSED] - m = m.trim(): null

03-03-2025T13:35:44 - [TEST_STEP][PASSED] - if (m == ""): null

03-03-2025T13:35:44 - [TEST_STEP][PASSED] - m = "весь год": null

03-03-2025T13:35:44 - [TEST_STEP][PASSED] - dashboardName = "Выполнение бизнес-плана": null

03-03-2025T13:35:44 - [TEST_STEP][PASSED] - workbook01 = getWorkbook(excelFilePath): null

03-03-2025T13:35:44 - [TEST_STEP][PASSED] - sheet01 = getExcelSheet(workbook01, sheetName): null

03-03-2025T13:35:44 - [TEST_STEP][PASSED] - setValueToCellByIndex(sheet01, n, 0, dashboardName): null

03-03-2025T13:35:44 - [TEST_STEP][PASSED] - setValueToCellByIndex(sheet01, n, 1, dZO): null

03-03-2025T13:35:44 - [TEST_STEP][PASSED] - setValueToCellByIndex(sheet01, n, 2, typeOfData): null

03-03-2025T13:35:44 - [TEST_STEP][PASSED] - if (typeOfData == "Факт в процентах" || typeOfData == "План в процентах"): null

03-03-2025T13:35:44 - [TEST_STEP][PASSED] - else: null

03-03-2025T13:35:44 - [TEST_STEP][PASSED] - setValueToCellByIndex(sheet01, n, 3, fileInt): null

03-03-2025T13:35:44 - [TEST_STEP][PASSED] - setValueToCellByIndex(sheet01, n, 4, pageInt): null

03-03-2025T13:35:44 - [TEST_STEP][PASSED] - setValueToCellByIndex(sheet01, n, 5, m): null

03-03-2025T13:35:44 - [TEST_STEP][PASSED] - setValueToCellByIndex(sheet01, n, 6, y): null

03-03-2025T13:35:44 - [TEST_STEP][PASSED] - setValueToCellByIndex(sheet01, n, 7, todaysDate): null

03-03-2025T13:35:44 - [TEST_STEP][PASSED] - n = n + 1: null

03-03-2025T13:35:44 - [TEST_STEP][PASSED] - saveWorkbook(excelFilePath, workbook01): null

03-03-2025T13:35:44 - [TEST_STEP][PASSED] - compare = pagePoteri: null

03-03-2025T13:35:44 - [TEST_STEP][PASSED] - if (pageOtpuskVSet != null): null

03-03-2025T13:35:44 - [TEST_STEP][PASSED] - if (compare == filePoteri): null

03-03-2025T13:35:44 - [TEST_STEP][PASSED] - else if (compare > filePoteri): null

03-03-2025T13:35:44 - [TEST_STEP][PASSED] - else if (compare < filePoteri): null

03-03-2025T13:35:44 - [TEST_STEP][PASSED] - compare = compare + 1: null

03-03-2025T13:35:44 - [TEST_STEP][PASSED] - if (compare == filePoteri): null

03-03-2025T13:35:44 - [TEST_STEP][PASSED] - else: null

03-03-2025T13:35:44 - [TEST_STEP][PASSED] - numberOfErrors = numberOfErrors + 1: null

03-03-2025T13:35:44 - [TEST_STEP][PASSED] - pageInt = pagePoteri: null

03-03-2025T13:35:44 - [TEST_STEP][PASSED] - fileInt = filePoteri: null

03-03-2025T13:35:44 - [TEST_STEP][PASSED] - typeOfData = typeOfDataMain + " Потери": null

03-03-2025T13:35:44 - [TEST_STEP][PASSED] - Script1718980020443.WriteToExcel(a, typeOfData, todaysDate, pageInt, fileInt, pageDouble, fileDouble, dZO): null

03-03-2025T13:35:44 - [TEST_STEP][PASSED] - sheetName = "Sheet1": null

03-03-2025T13:35:44 - [TEST_STEP][PASSED] - data = findTestData("PlanFact"): null

03-03-2025T13:35:44 - [TEST_STEP][PASSED] - n = data.getRowNumbers() + 1: null

03-03-2025T13:35:44 - [TEST_STEP][PASSED] - day = ")).toInteger(): null

03-03-2025T13:35:44 - [TEST_STEP][PASSED] - println(day): null

03-03-2025T13:35:44 - [TEST_STEP][PASSED] - month = ")).toInteger(): null

03-03-2025T13:35:44 - [TEST_STEP][PASSED] - println(month): null

03-03-2025T13:35:44 - [TEST_STEP][PASSED] - y = <not implemented yet for class: org.codehaus.groovy.ast.expr.EmptyExpression>: null

03-03-2025T13:35:44 - [TEST_STEP][PASSED] - iy = <not implemented yet for class: org.codehaus.groovy.ast.expr.EmptyExpression>: null

03-03-2025T13:35:44 - [TEST_STEP][PASSED] - m = getText(findTestObject("Выполнение бизнес-плана/Период")): Text of object 'Object Repository/Выполнение бизнес-плана/Период' is: '2024 год'

03-03-2025T13:35:44 - [MESSAGE][PASSED] - Text of object 'Object Repository/Выполнение бизнес-плана/Период' is: '2024 год'

03-03-2025T13:35:44 - [TEST_STEP][PASSED] - iy = m.indexOf("20"): null

03-03-2025T13:35:44 - [TEST_STEP][PASSED] - if (iy > -1): null

03-03-2025T13:35:44 - [TEST_STEP][PASSED] - y = substring(iy, iy + 4).toInteger(): null

03-03-2025T13:35:44 - [TEST_STEP][PASSED] - println(y): null

03-03-2025T13:35:44 - [TEST_STEP][PASSED] - if (toString().length() == 4): null

03-03-2025T13:35:44 - [TEST_STEP][PASSED] - m = m.substring(0, m.indexOf(y.toString())): null

03-03-2025T13:35:44 - [TEST_STEP][PASSED] - m = m.trim(): null

03-03-2025T13:35:44 - [TEST_STEP][PASSED] - if (m == ""): null

03-03-2025T13:35:44 - [TEST_STEP][PASSED] - m = "весь год": null

03-03-2025T13:35:44 - [TEST_STEP][PASSED] - dashboardName = "Выполнение бизнес-плана": null

03-03-2025T13:35:44 - [TEST_STEP][PASSED] - workbook01 = getWorkbook(excelFilePath): null

03-03-2025T13:35:44 - [TEST_STEP][PASSED] - sheet01 = getExcelSheet(workbook01, sheetName): null

03-03-2025T13:35:44 - [TEST_STEP][PASSED] - setValueToCellByIndex(sheet01, n, 0, dashboardName): null

03-03-2025T13:35:44 - [TEST_STEP][PASSED] - setValueToCellByIndex(sheet01, n, 1, dZO): null

03-03-2025T13:35:44 - [TEST_STEP][PASSED] - setValueToCellByIndex(sheet01, n, 2, typeOfData): null

03-03-2025T13:35:44 - [TEST_STEP][PASSED] - if (typeOfData == "Факт в процентах" || typeOfData == "План в процентах"): null

03-03-2025T13:35:44 - [TEST_STEP][PASSED] - else: null

03-03-2025T13:35:44 - [TEST_STEP][PASSED] - setValueToCellByIndex(sheet01, n, 3, fileInt): null

03-03-2025T13:35:44 - [TEST_STEP][PASSED] - setValueToCellByIndex(sheet01, n, 4, pageInt): null

03-03-2025T13:35:44 - [TEST_STEP][PASSED] - setValueToCellByIndex(sheet01, n, 5, m): null

03-03-2025T13:35:44 - [TEST_STEP][PASSED] - setValueToCellByIndex(sheet01, n, 6, y): null

03-03-2025T13:35:44 - [TEST_STEP][PASSED] - setValueToCellByIndex(sheet01, n, 7, todaysDate): null

03-03-2025T13:35:44 - [TEST_STEP][PASSED] - n = n + 1: null

03-03-2025T13:35:44 - [TEST_STEP][PASSED] - saveWorkbook(excelFilePath, workbook01): Object: 'Object Repository/Выполнение бизнес-плана/Кнопка Факт' is clicked on

03-03-2025T13:35:45 - [TEST_STEP][PASSED] - if (planFact == 2): Object: 'Object Repository/Выполнение бизнес-плана/Кнопка Факт' is clicked on

03-03-2025T13:35:45 - [TEST_STEP][PASSED] - click(findTestObject("Выполнение бизнес-плана/Кнопка Факт")): Object: 'Object Repository/Выполнение бизнес-плана/Кнопка Факт' is clicked on

03-03-2025T13:35:45 - [MESSAGE][PASSED] - Object: 'Object Repository/Выполнение бизнес-плана/Кнопка Факт' is clicked on

03-03-2025T13:35:45 - [TEST_STEP][PASSED] - println("a=" + a): null

03-03-2025T13:35:45 - [TEST_STEP][PASSED] - if (a == 84 || a == 82): null

03-03-2025T13:35:45 - [TEST_STEP][PASSED] - else if (a == 83 || a == 52 || a == 72 || a == 28 || a == 73 || a == 77 || a == 74 || a == 65 || a == 36 || a == 44 || a == 53 || a == 80 || a == 54 || a == 1 || a == 18 || a == 59 || a == 81): null

03-03-2025T13:35:45 - [TEST_STEP][PASSED] - else: null

03-03-2025T13:35:45 - [TEST_STEP][PASSED] - page1 = getText(findTestObject("Object Repository/Выполнение бизнес-плана/spanPlan" + filialNum)): Text of object 'Object Repository/Выполнение бизнес-плана/spanPlan3' is: '17.70
|'

03-03-2025T13:35:45 - [MESSAGE][PASSED] - Text of object 'Object Repository/Выполнение бизнес-плана/spanPlan3' is: '17.70
|'

03-03-2025T13:35:45 - [TEST_STEP][PASSED] - page1 = page1.replace("|", ""): null

03-03-2025T13:35:45 - [TEST_STEP][PASSED] - page2 = getText(findTestObject("Object Repository/Выполнение бизнес-плана/spanFact" + filialNum)): Text of object 'Object Repository/Выполнение бизнес-плана/spanFact3' is: '9.89
|'

03-03-2025T13:35:46 - [MESSAGE][PASSED] - Text of object 'Object Repository/Выполнение бизнес-плана/spanFact3' is: '9.89
|'

03-03-2025T13:35:46 - [TEST_STEP][PASSED] - page2 = page2.replace("|", ""): null

03-03-2025T13:35:46 - [TEST_STEP][PASSED] - println("page1: " + page1): null

03-03-2025T13:35:46 - [TEST_STEP][PASSED] - println("page2: " + page2): null

03-03-2025T13:35:46 - [TEST_STEP][PASSED] - file = findTestData("PlanFact").getValue(4, a): null

03-03-2025T13:35:46 - [TEST_STEP][PASSED] - file = file.replace(",", "."): null

03-03-2025T13:35:46 - [TEST_STEP][PASSED] - println("file Plan: " + file): null

03-03-2025T13:35:46 - [TEST_STEP][PASSED] - typeOfData = "План в процентах": null

03-03-2025T13:35:46 - [TEST_STEP][PASSED] - fileDouble = file.toDouble(): null

03-03-2025T13:35:46 - [TEST_STEP][PASSED] - pageDouble = page1.toDouble(): null

03-03-2025T13:35:46 - [TEST_STEP][PASSED] - if (fileDouble != pageDouble): null

03-03-2025T13:35:46 - [TEST_STEP][PASSED] - numberOfErrors = numberOfErrors + 1: null

03-03-2025T13:35:46 - [TEST_STEP][PASSED] - Script1718980020443.WriteToExcel(a, typeOfData, todaysDate, pageInt, fileInt, pageDouble, fileDouble, dZO): null

03-03-2025T13:35:46 - [TEST_STEP][PASSED] - sheetName = "Sheet1": null

03-03-2025T13:35:46 - [TEST_STEP][PASSED] - data = findTestData("PlanFact"): null

03-03-2025T13:35:46 - [TEST_STEP][PASSED] - n = data.getRowNumbers() + 1: null

03-03-2025T13:35:46 - [TEST_STEP][PASSED] - day = ")).toInteger(): null

03-03-2025T13:35:46 - [TEST_STEP][PASSED] - println(day): null

03-03-2025T13:35:46 - [TEST_STEP][PASSED] - month = ")).toInteger(): null

03-03-2025T13:35:46 - [TEST_STEP][PASSED] - println(month): null

03-03-2025T13:35:46 - [TEST_STEP][PASSED] - y = <not implemented yet for class: org.codehaus.groovy.ast.expr.EmptyExpression>: null

03-03-2025T13:35:46 - [TEST_STEP][PASSED] - iy = <not implemented yet for class: org.codehaus.groovy.ast.expr.EmptyExpression>: null

03-03-2025T13:35:46 - [TEST_STEP][PASSED] - m = getText(findTestObject("Выполнение бизнес-плана/Период")): Text of object 'Object Repository/Выполнение бизнес-плана/Период' is: '2024 год'

03-03-2025T13:35:46 - [MESSAGE][PASSED] - Text of object 'Object Repository/Выполнение бизнес-плана/Период' is: '2024 год'

03-03-2025T13:35:46 - [TEST_STEP][PASSED] - iy = m.indexOf("20"): null

03-03-2025T13:35:46 - [TEST_STEP][PASSED] - if (iy > -1): null

03-03-2025T13:35:46 - [TEST_STEP][PASSED] - y = substring(iy, iy + 4).toInteger(): null

03-03-2025T13:35:46 - [TEST_STEP][PASSED] - println(y): null

03-03-2025T13:35:46 - [TEST_STEP][PASSED] - if (toString().length() == 4): null

03-03-2025T13:35:46 - [TEST_STEP][PASSED] - m = m.substring(0, m.indexOf(y.toString())): null

03-03-2025T13:35:46 - [TEST_STEP][PASSED] - m = m.trim(): null

03-03-2025T13:35:46 - [TEST_STEP][PASSED] - if (m == ""): null

03-03-2025T13:35:46 - [TEST_STEP][PASSED] - m = "весь год": null

03-03-2025T13:35:46 - [TEST_STEP][PASSED] - dashboardName = "Выполнение бизнес-плана": null

03-03-2025T13:35:46 - [TEST_STEP][PASSED] - workbook01 = getWorkbook(excelFilePath): null

03-03-2025T13:35:46 - [TEST_STEP][PASSED] - sheet01 = getExcelSheet(workbook01, sheetName): null

03-03-2025T13:35:46 - [TEST_STEP][PASSED] - setValueToCellByIndex(sheet01, n, 0, dashboardName): null

03-03-2025T13:35:46 - [TEST_STEP][PASSED] - setValueToCellByIndex(sheet01, n, 1, dZO): null

03-03-2025T13:35:46 - [TEST_STEP][PASSED] - setValueToCellByIndex(sheet01, n, 2, typeOfData): null

03-03-2025T13:35:46 - [TEST_STEP][PASSED] - if (typeOfData == "Факт в процентах" || typeOfData == "План в процентах"): null

03-03-2025T13:35:46 - [TEST_STEP][PASSED] - setValueToCellByIndex(sheet01, n, 3, fileDouble): null

03-03-2025T13:35:46 - [TEST_STEP][PASSED] - setValueToCellByIndex(sheet01, n, 4, pageDouble): null

03-03-2025T13:35:46 - [TEST_STEP][PASSED] - setValueToCellByIndex(sheet01, n, 5, m): null

03-03-2025T13:35:46 - [TEST_STEP][PASSED] - setValueToCellByIndex(sheet01, n, 6, y): null

03-03-2025T13:35:46 - [TEST_STEP][PASSED] - setValueToCellByIndex(sheet01, n, 7, todaysDate): null

03-03-2025T13:35:46 - [TEST_STEP][PASSED] - n = n + 1: null

03-03-2025T13:35:46 - [TEST_STEP][PASSED] - saveWorkbook(excelFilePath, workbook01): null

03-03-2025T13:35:46 - [TEST_STEP][PASSED] - file = findTestData("PlanFact").getValue(7, a): null

03-03-2025T13:35:46 - [TEST_STEP][PASSED] - file = file.replace(",", "."): null

03-03-2025T13:35:46 - [TEST_STEP][PASSED] - println("file Fact: " + file): null

03-03-2025T13:35:46 - [TEST_STEP][PASSED] - fileDouble = file.toDouble(): null

03-03-2025T13:35:46 - [TEST_STEP][PASSED] - typeOfData = "Факт в процентах": null

03-03-2025T13:35:46 - [TEST_STEP][PASSED] - fileDouble = file.toDouble(): null

03-03-2025T13:35:46 - [TEST_STEP][PASSED] - pageDouble = page2.toDouble(): null

03-03-2025T13:35:46 - [TEST_STEP][PASSED] - if (fileDouble != pageDouble): null

03-03-2025T13:35:46 - [TEST_STEP][PASSED] - numberOfErrors = numberOfErrors + 1: null

03-03-2025T13:35:46 - [TEST_STEP][PASSED] - Script1718980020443.WriteToExcel(a, typeOfData, todaysDate, pageInt, fileInt, pageDouble, fileDouble, dZO): null

03-03-2025T13:35:46 - [TEST_STEP][PASSED] - sheetName = "Sheet1": null

03-03-2025T13:35:46 - [TEST_STEP][PASSED] - data = findTestData("PlanFact"): null

03-03-2025T13:35:46 - [TEST_STEP][PASSED] - n = data.getRowNumbers() + 1: null

03-03-2025T13:35:46 - [TEST_STEP][PASSED] - day = ")).toInteger(): null

03-03-2025T13:35:46 - [TEST_STEP][PASSED] - println(day): null

03-03-2025T13:35:46 - [TEST_STEP][PASSED] - month = ")).toInteger(): null

03-03-2025T13:35:46 - [TEST_STEP][PASSED] - println(month): null

03-03-2025T13:35:46 - [TEST_STEP][PASSED] - y = <not implemented yet for class: org.codehaus.groovy.ast.expr.EmptyExpression>: null

03-03-2025T13:35:46 - [TEST_STEP][PASSED] - iy = <not implemented yet for class: org.codehaus.groovy.ast.expr.EmptyExpression>: null

03-03-2025T13:35:46 - [TEST_STEP][PASSED] - m = getText(findTestObject("Выполнение бизнес-плана/Период")): Text of object 'Object Repository/Выполнение бизнес-плана/Период' is: '2024 год'

03-03-2025T13:35:47 - [MESSAGE][PASSED] - Text of object 'Object Repository/Выполнение бизнес-плана/Период' is: '2024 год'

03-03-2025T13:35:47 - [TEST_STEP][PASSED] - iy = m.indexOf("20"): null

03-03-2025T13:35:47 - [TEST_STEP][PASSED] - if (iy > -1): null

03-03-2025T13:35:47 - [TEST_STEP][PASSED] - y = substring(iy, iy + 4).toInteger(): null

03-03-2025T13:35:47 - [TEST_STEP][PASSED] - println(y): null

03-03-2025T13:35:47 - [TEST_STEP][PASSED] - if (toString().length() == 4): null

03-03-2025T13:35:47 - [TEST_STEP][PASSED] - m = m.substring(0, m.indexOf(y.toString())): null

03-03-2025T13:35:47 - [TEST_STEP][PASSED] - m = m.trim(): null

03-03-2025T13:35:47 - [TEST_STEP][PASSED] - if (m == ""): null

03-03-2025T13:35:47 - [TEST_STEP][PASSED] - m = "весь год": null

03-03-2025T13:35:47 - [TEST_STEP][PASSED] - dashboardName = "Выполнение бизнес-плана": null

03-03-2025T13:35:47 - [TEST_STEP][PASSED] - workbook01 = getWorkbook(excelFilePath): null

03-03-2025T13:35:47 - [TEST_STEP][PASSED] - sheet01 = getExcelSheet(workbook01, sheetName): null

03-03-2025T13:35:47 - [TEST_STEP][PASSED] - setValueToCellByIndex(sheet01, n, 0, dashboardName): null

03-03-2025T13:35:47 - [TEST_STEP][PASSED] - setValueToCellByIndex(sheet01, n, 1, dZO): null

03-03-2025T13:35:47 - [TEST_STEP][PASSED] - setValueToCellByIndex(sheet01, n, 2, typeOfData): null

03-03-2025T13:35:47 - [TEST_STEP][PASSED] - if (typeOfData == "Факт в процентах" || typeOfData == "План в процентах"): null

03-03-2025T13:35:47 - [TEST_STEP][PASSED] - setValueToCellByIndex(sheet01, n, 3, fileDouble): null

03-03-2025T13:35:47 - [TEST_STEP][PASSED] - setValueToCellByIndex(sheet01, n, 4, pageDouble): null

03-03-2025T13:35:47 - [TEST_STEP][PASSED] - setValueToCellByIndex(sheet01, n, 5, m): null

03-03-2025T13:35:47 - [TEST_STEP][PASSED] - setValueToCellByIndex(sheet01, n, 6, y): null

03-03-2025T13:35:47 - [TEST_STEP][PASSED] - setValueToCellByIndex(sheet01, n, 7, todaysDate): null

03-03-2025T13:35:47 - [TEST_STEP][PASSED] - n = n + 1: null

03-03-2025T13:35:47 - [TEST_STEP][PASSED] - saveWorkbook(excelFilePath, workbook01): null

03-03-2025T13:35:47 - [TEST_STEP][FAILED] - if (verifyEqual(numberOfErrors, 0) == false): null

03-03-2025T13:35:47 - [MESSAGE][FAILED] - Unable to verify equal between actual object '6' and expected object '0' (Root cause: com.kms.katalon.core.exception.StepFailedException: Actual object '6' and expected object '0' are not equal
	at com.kms.katalon.core.keyword.builtin.VerifyEqualKeyword$_verifyEqual_closure1.doCall(VerifyEqualKeyword.groovy:58)
	at com.kms.katalon.core.keyword.builtin.VerifyEqualKeyword$_verifyEqual_closure1.call(VerifyEqualKeyword.groovy)
	at com.kms.katalon.core.keyword.internal.KeywordMain.runKeyword(KeywordMain.groovy:75)
	at com.kms.katalon.core.keyword.builtin.VerifyEqualKeyword.verifyEqual(VerifyEqualKeyword.groovy:63)
	at com.kms.katalon.core.keyword.builtin.VerifyEqualKeyword.execute(VerifyEqualKeyword.groovy:44)
	at com.kms.katalon.core.keyword.internal.KeywordExecutor.executeKeywordForPlatform(KeywordExecutor.groovy:74)
	at com.kms.katalon.core.keyword.BuiltinKeywords.verifyEqual(BuiltinKeywords.groovy:146)
	at jdk.internal.reflect.GeneratedMethodAccessor24.invoke(Unknown Source)
	at java.base/jdk.internal.reflect.DelegatingMethodAccessorImpl.invoke(DelegatingMethodAccessorImpl.java:43)
	at Выполнение бизнес-плана Сверка ПАО Россети все филиалы.Numbers(Выполнение бизнес-плана Сверка ПАО Россети все филиалы:736)
	at Выполнение бизнес-плана Сверка ПАО Россети все филиалы.Filials(Выполнение бизнес-плана Сверка ПАО Россети все филиалы:1589)
	at Выполнение бизнес-плана Сверка ПАО Россети все филиалы.Numbers(Выполнение бизнес-плана Сверка ПАО Россети все филиалы:743)
	at Выполнение бизнес-плана Сверка ПАО Россети все филиалы.run(Выполнение бизнес-плана Сверка ПАО Россети все филиалы:308)
	at com.kms.katalon.core.main.ScriptEngine.run(ScriptEngine.java:194)
	at com.kms.katalon.core.main.ScriptEngine.runScriptAsRawText(ScriptEngine.java:119)
	at com.kms.katalon.core.main.TestCaseExecutor.runScript(TestCaseExecutor.java:448)
	at com.kms.katalon.core.main.TestCaseExecutor.doExecute(TestCaseExecutor.java:439)
	at com.kms.katalon.core.main.TestCaseExecutor.processExecutionPhase(TestCaseExecutor.java:418)
	at com.kms.katalon.core.main.TestCaseExecutor.accessMainPhase(TestCaseExecutor.java:410)
	at com.kms.katalon.core.main.TestCaseExecutor.execute(TestCaseExecutor.java:285)
	at com.kms.katalon.core.common.CommonExecutor.accessTestCaseMainPhase(CommonExecutor.java:65)
	at com.kms.katalon.core.main.TestSuiteExecutor.accessTestSuiteMainPhase(TestSuiteExecutor.java:150)
	at com.kms.katalon.core.main.TestSuiteExecutor.execute(TestSuiteExecutor.java:106)
	at com.kms.katalon.core.main.TestCaseMain.startTestSuite(TestCaseMain.java:180)
	at TempTestSuite1740991900055.run(TempTestSuite1740991900055.groovy:35)
	at java.base/jdk.internal.reflect.NativeMethodAccessorImpl.invoke0(Native Method)
	at java.base/jdk.internal.reflect.NativeMethodAccessorImpl.invoke(NativeMethodAccessorImpl.java:77)
	at java.base/jdk.internal.reflect.DelegatingMethodAccessorImpl.invoke(DelegatingMethodAccessorImpl.java:43)
)

03-03-2025T13:35:47 - [TEST_STEP][PASSED] - println(numberOfErrors): null

03-03-2025T13:35:47 - [TEST_STEP][PASSED] - println("a=" + a): null

03-03-2025T13:35:47 - [TEST_STEP][PASSED] - if (a == 28 || a == 77 || a == 74 || a == 65 || a == 36 || a == 44 || a == 54 || a == 1 || a == 18 || a == 59): null

03-03-2025T13:35:47 - [TEST_STEP][PASSED] - if (a == 82): null

03-03-2025T13:35:47 - [TEST_STEP][PASSED] - dZO = "Кузбассэнерго-РЭС": null

03-03-2025T13:35:47 - [TEST_STEP][PASSED] - a = 48: null

03-03-2025T13:35:47 - [TEST_STEP][PASSED] - if (x2.contains(dZO)): null

03-03-2025T13:35:47 - [TEST_STEP][PASSED] - filialNum = filialNum + 1: null

03-03-2025T13:35:47 - [TEST_STEP][PASSED] - Script1718980020443.Numbers(a, typeOfData, todaysDate, pageInt, fileInt, pageDouble, fileDouble, dZO, dzoNum, filialNum): null

03-03-2025T13:35:47 - [TEST_STEP][PASSED] - println(dzoNum): null

03-03-2025T13:35:47 - [TEST_STEP][PASSED] - planFact = <not implemented yet for class: org.codehaus.groovy.ast.expr.EmptyExpression>: null

03-03-2025T13:35:47 - [TEST_STEP][PASSED] - page = <not implemented yet for class: org.codehaus.groovy.ast.expr.EmptyExpression>: null

03-03-2025T13:35:47 - [TEST_STEP][PASSED] - page1 = <not implemented yet for class: org.codehaus.groovy.ast.expr.EmptyExpression>: null

03-03-2025T13:35:47 - [TEST_STEP][PASSED] - page2 = <not implemented yet for class: org.codehaus.groovy.ast.expr.EmptyExpression>: null

03-03-2025T13:35:47 - [TEST_STEP][PASSED] - filialNumberInRow = <not implemented yet for class: org.codehaus.groovy.ast.expr.EmptyExpression>: null

03-03-2025T13:35:47 - [TEST_STEP][PASSED] - filialsDzoNames = <not implemented yet for class: org.codehaus.groovy.ast.expr.EmptyExpression>: null

03-03-2025T13:35:47 - [TEST_STEP][PASSED] - numberOfFilials = <not implemented yet for class: org.codehaus.groovy.ast.expr.EmptyExpression>: null

03-03-2025T13:35:47 - [TEST_STEP][PASSED] - numberOfSpaces = <not implemented yet for class: org.codehaus.groovy.ast.expr.EmptyExpression>: null

03-03-2025T13:35:47 - [TEST_STEP][PASSED] - file = <not implemented yet for class: org.codehaus.groovy.ast.expr.EmptyExpression>: null

03-03-2025T13:35:47 - [TEST_STEP][PASSED] - otpusk = <not implemented yet for class: org.codehaus.groovy.ast.expr.EmptyExpression>: null

03-03-2025T13:35:47 - [TEST_STEP][PASSED] - poteri = <not implemented yet for class: org.codehaus.groovy.ast.expr.EmptyExpression>: null

03-03-2025T13:35:47 - [TEST_STEP][PASSED] - dataFolder = "Выполнение бизнес-плана/Значения со страницы Выполнение бизнес-плана/": null

03-03-2025T13:35:47 - [TEST_STEP][PASSED] - path = <not implemented yet for class: org.codehaus.groovy.ast.expr.EmptyExpression>: null

03-03-2025T13:35:47 - [TEST_STEP][PASSED] - typeOfDataMain = <not implemented yet for class: org.codehaus.groovy.ast.expr.EmptyExpression>: null

03-03-2025T13:35:47 - [TEST_STEP][PASSED] - fileOtpuskVSet = <not implemented yet for class: org.codehaus.groovy.ast.expr.EmptyExpression>: null

03-03-2025T13:35:47 - [TEST_STEP][PASSED] - pageOtpuskVSet = <not implemented yet for class: org.codehaus.groovy.ast.expr.EmptyExpression>: null

03-03-2025T13:35:47 - [TEST_STEP][PASSED] - filePoteri = <not implemented yet for class: org.codehaus.groovy.ast.expr.EmptyExpression>: null

03-03-2025T13:35:47 - [TEST_STEP][PASSED] - pagePoteri = <not implemented yet for class: org.codehaus.groovy.ast.expr.EmptyExpression>: null

03-03-2025T13:35:47 - [TEST_STEP][PASSED] - compare = <not implemented yet for class: org.codehaus.groovy.ast.expr.EmptyExpression>: null

03-03-2025T13:35:47 - [TEST_STEP][PASSED] - b = <not implemented yet for class: org.codehaus.groovy.ast.expr.EmptyExpression>: null

03-03-2025T13:35:47 - [TEST_STEP][PASSED] - i = <not implemented yet for class: org.codehaus.groovy.ast.expr.EmptyExpression>: null

03-03-2025T13:35:47 - [TEST_STEP][PASSED] - ii = <not implemented yet for class: org.codehaus.groovy.ast.expr.EmptyExpression>: null

03-03-2025T13:35:47 - [TEST_STEP][PASSED] - c = <not implemented yet for class: org.codehaus.groovy.ast.expr.EmptyExpression>: null

03-03-2025T13:35:47 - [TEST_STEP][PASSED] - numberOfErrors = 0: null

03-03-2025T13:35:47 - [TEST_STEP][PASSED] - if (a == 82): null

03-03-2025T13:35:47 - [TEST_STEP][PASSED] - b = findTestData("PlanFact").getValue(1, a): null

03-03-2025T13:35:47 - [TEST_STEP][PASSED] - i = b.indexOf(" (ГК)"): null

03-03-2025T13:35:47 - [TEST_STEP][PASSED] - if (i > -1): null

03-03-2025T13:35:47 - [TEST_STEP][PASSED] - i = b.indexOf("О ""): null

03-03-2025T13:35:47 - [TEST_STEP][PASSED] - if (i > -1): null

03-03-2025T13:35:47 - [TEST_STEP][PASSED] - i = b.indexOf("О «"): null

03-03-2025T13:35:47 - [TEST_STEP][PASSED] - if (i > -1): null

03-03-2025T13:35:47 - [TEST_STEP][PASSED] - i = b.indexOf("г. "): null

03-03-2025T13:35:47 - [TEST_STEP][PASSED] - if (i > -1): null

03-03-2025T13:35:47 - [TEST_STEP][PASSED] - b = b.trim(): null

03-03-2025T13:35:47 - [TEST_STEP][PASSED] - println(b): null

03-03-2025T13:35:47 - [TEST_STEP][PASSED] - for ([planFact = 1, planFact < 3, (planFact++)]): null

03-03-2025T13:35:47 - [TEST_STEP][PASSED] - if (planFact == 1): null

03-03-2025T13:35:47 - [TEST_STEP][PASSED] - typeOfDataMain = "Факт": null

03-03-2025T13:35:47 - [TEST_STEP][PASSED] - otpusk = findTestData("PlanFact").getValue(5, a): null

03-03-2025T13:35:47 - [TEST_STEP][PASSED] - poteri = findTestData("PlanFact").getValue(6, a): null

03-03-2025T13:35:47 - [TEST_STEP][PASSED] - otpusk = otpusk.replaceAll("\s+", ""): null

03-03-2025T13:35:47 - [TEST_STEP][PASSED] - poteri = poteri.replaceAll("\s+", ""): null

03-03-2025T13:35:47 - [TEST_STEP][PASSED] - typeOfData = typeOfDataMain + " Отпуск в сеть": null

03-03-2025T13:35:47 - [TEST_STEP][PASSED] - if (a == 82): null

03-03-2025T13:35:47 - [TEST_STEP][PASSED] - else if (a == 84): null

03-03-2025T13:35:47 - [TEST_STEP][PASSED] - else if (a == 83 || a == 52 || a == 72 || a == 28 || a == 73 || a == 77 || a == 74 || a == 65 || a == 36 || a == 44 || a == 53 || a == 80 || a == 54 || a == 1 || a == 18 || a == 59 || a == 81): null

03-03-2025T13:35:47 - [TEST_STEP][PASSED] - else: null

03-03-2025T13:35:47 - [TEST_STEP][PASSED] - path = dataFolder + typeOfData + " за отчётный период " + b: null

03-03-2025T13:35:47 - [TEST_STEP][PASSED] - println(path): null

03-03-2025T13:35:47 - [TEST_STEP][PASSED] - page = getText(findTestObject(path)): Text of object 'Object Repository/Выполнение бизнес-плана/Значения со страницы Выполнение бизнес-плана/Факт Отпуск в сеть за отчётный период Кузбассэнерго-РЭС' is: '1 469 213'

03-03-2025T13:35:48 - [MESSAGE][PASSED] - Text of object 'Object Repository/Выполнение бизнес-плана/Значения со страницы Выполнение бизнес-плана/Факт Отпуск в сеть за отчётный период Кузбассэнерго-РЭС' is: '1 469 213'

03-03-2025T13:35:48 - [TEST_STEP][PASSED] - if (page == "" || page == null): null

03-03-2025T13:35:48 - [TEST_STEP][PASSED] - else: null

03-03-2025T13:35:48 - [TEST_STEP][PASSED] - page = page.replaceAll("\s+", ""): null

03-03-2025T13:35:48 - [TEST_STEP][PASSED] - fileOtpuskVSet = otpusk.toInteger(): null

03-03-2025T13:35:48 - [TEST_STEP][PASSED] - pageOtpuskVSet = page.toInteger(): null

03-03-2025T13:35:48 - [TEST_STEP][PASSED] - typeOfData = typeOfDataMain + " Потери": null

03-03-2025T13:35:48 - [TEST_STEP][PASSED] - if (a == 82): null

03-03-2025T13:35:48 - [TEST_STEP][PASSED] - else if (a == 84): null

03-03-2025T13:35:48 - [TEST_STEP][PASSED] - else if (a == 83 || a == 52 || a == 72 || a == 28 || a == 73 || a == 77 || a == 74 || a == 65 || a == 44 || a == 53 || a == 80 || a == 54 || a == 1 || a == 18 || a == 59 || a == 81): null

03-03-2025T13:35:48 - [TEST_STEP][PASSED] - else: null

03-03-2025T13:35:48 - [TEST_STEP][PASSED] - path = dataFolder + typeOfData + " за отчётный период " + b: null

03-03-2025T13:35:48 - [TEST_STEP][PASSED] - page = getText(findTestObject(path)): Text of object 'Object Repository/Выполнение бизнес-плана/Значения со страницы Выполнение бизнес-плана/Факт Потери за отчётный период Кузбассэнерго-РЭС' is: '79 124'

03-03-2025T13:35:48 - [MESSAGE][PASSED] - Text of object 'Object Repository/Выполнение бизнес-плана/Значения со страницы Выполнение бизнес-плана/Факт Потери за отчётный период Кузбассэнерго-РЭС' is: '79 124'

03-03-2025T13:35:48 - [TEST_STEP][PASSED] - if (page == "" || page == null): null

03-03-2025T13:35:48 - [TEST_STEP][PASSED] - else: null

03-03-2025T13:35:48 - [TEST_STEP][PASSED] - page = page.replaceAll("\s+", ""): null

03-03-2025T13:35:48 - [TEST_STEP][PASSED] - filePoteri = poteri.toInteger(): null

03-03-2025T13:35:48 - [TEST_STEP][PASSED] - pagePoteri = page.toInteger(): null

03-03-2025T13:35:48 - [TEST_STEP][PASSED] - compare = pageOtpuskVSet: null

03-03-2025T13:35:48 - [TEST_STEP][PASSED] - if (pageOtpuskVSet != null): null

03-03-2025T13:35:48 - [TEST_STEP][PASSED] - if (compare == fileOtpuskVSet): null

03-03-2025T13:35:48 - [TEST_STEP][PASSED] - else if (compare > fileOtpuskVSet): null

03-03-2025T13:35:48 - [TEST_STEP][PASSED] - else if (compare < fileOtpuskVSet): null

03-03-2025T13:35:48 - [TEST_STEP][PASSED] - compare = compare + 1: null

03-03-2025T13:35:48 - [TEST_STEP][PASSED] - if (compare == fileOtpuskVSet): null

03-03-2025T13:35:48 - [TEST_STEP][PASSED] - else: null

03-03-2025T13:35:48 - [TEST_STEP][PASSED] - numberOfErrors = numberOfErrors + 1: null

03-03-2025T13:35:48 - [TEST_STEP][PASSED] - pageInt = pageOtpuskVSet: null

03-03-2025T13:35:48 - [TEST_STEP][PASSED] - fileInt = fileOtpuskVSet: null

03-03-2025T13:35:48 - [TEST_STEP][PASSED] - typeOfData = typeOfDataMain + " Отпуск в сеть": null

03-03-2025T13:35:48 - [TEST_STEP][PASSED] - Script1718980020443.WriteToExcel(a, typeOfData, todaysDate, pageInt, fileInt, pageDouble, fileDouble, dZO): null

03-03-2025T13:35:48 - [TEST_STEP][PASSED] - sheetName = "Sheet1": null

03-03-2025T13:35:48 - [TEST_STEP][PASSED] - data = findTestData("PlanFact"): null

03-03-2025T13:35:48 - [TEST_STEP][PASSED] - n = data.getRowNumbers() + 1: null

03-03-2025T13:35:48 - [TEST_STEP][PASSED] - day = ")).toInteger(): null

03-03-2025T13:35:48 - [TEST_STEP][PASSED] - println(day): null

03-03-2025T13:35:48 - [TEST_STEP][PASSED] - month = ")).toInteger(): null

03-03-2025T13:35:48 - [TEST_STEP][PASSED] - println(month): null

03-03-2025T13:35:48 - [TEST_STEP][PASSED] - y = <not implemented yet for class: org.codehaus.groovy.ast.expr.EmptyExpression>: null

03-03-2025T13:35:48 - [TEST_STEP][PASSED] - iy = <not implemented yet for class: org.codehaus.groovy.ast.expr.EmptyExpression>: null

03-03-2025T13:35:48 - [TEST_STEP][PASSED] - m = getText(findTestObject("Выполнение бизнес-плана/Период")): Text of object 'Object Repository/Выполнение бизнес-плана/Период' is: '2024 год'

03-03-2025T13:35:48 - [MESSAGE][PASSED] - Text of object 'Object Repository/Выполнение бизнес-плана/Период' is: '2024 год'

03-03-2025T13:35:48 - [TEST_STEP][PASSED] - iy = m.indexOf("20"): null

03-03-2025T13:35:48 - [TEST_STEP][PASSED] - if (iy > -1): null

03-03-2025T13:35:48 - [TEST_STEP][PASSED] - y = substring(iy, iy + 4).toInteger(): null

03-03-2025T13:35:48 - [TEST_STEP][PASSED] - println(y): null

03-03-2025T13:35:48 - [TEST_STEP][PASSED] - if (toString().length() == 4): null

03-03-2025T13:35:48 - [TEST_STEP][PASSED] - m = m.substring(0, m.indexOf(y.toString())): null

03-03-2025T13:35:48 - [TEST_STEP][PASSED] - m = m.trim(): null

03-03-2025T13:35:48 - [TEST_STEP][PASSED] - if (m == ""): null

03-03-2025T13:35:48 - [TEST_STEP][PASSED] - m = "весь год": null

03-03-2025T13:35:48 - [TEST_STEP][PASSED] - dashboardName = "Выполнение бизнес-плана": null

03-03-2025T13:35:48 - [TEST_STEP][PASSED] - workbook01 = getWorkbook(excelFilePath): null

03-03-2025T13:35:48 - [TEST_STEP][PASSED] - sheet01 = getExcelSheet(workbook01, sheetName): null

03-03-2025T13:35:48 - [TEST_STEP][PASSED] - setValueToCellByIndex(sheet01, n, 0, dashboardName): null

03-03-2025T13:35:48 - [TEST_STEP][PASSED] - setValueToCellByIndex(sheet01, n, 1, dZO): null

03-03-2025T13:35:48 - [TEST_STEP][PASSED] - setValueToCellByIndex(sheet01, n, 2, typeOfData): null

03-03-2025T13:35:48 - [TEST_STEP][PASSED] - if (typeOfData == "Факт в процентах" || typeOfData == "План в процентах"): null

03-03-2025T13:35:48 - [TEST_STEP][PASSED] - else: null

03-03-2025T13:35:48 - [TEST_STEP][PASSED] - setValueToCellByIndex(sheet01, n, 3, fileInt): null

03-03-2025T13:35:48 - [TEST_STEP][PASSED] - setValueToCellByIndex(sheet01, n, 4, pageInt): null

03-03-2025T13:35:48 - [TEST_STEP][PASSED] - setValueToCellByIndex(sheet01, n, 5, m): null

03-03-2025T13:35:48 - [TEST_STEP][PASSED] - setValueToCellByIndex(sheet01, n, 6, y): null

03-03-2025T13:35:48 - [TEST_STEP][PASSED] - setValueToCellByIndex(sheet01, n, 7, todaysDate): null

03-03-2025T13:35:48 - [TEST_STEP][PASSED] - n = n + 1: null

03-03-2025T13:35:48 - [TEST_STEP][PASSED] - saveWorkbook(excelFilePath, workbook01): null

03-03-2025T13:35:48 - [TEST_STEP][PASSED] - compare = pagePoteri: null

03-03-2025T13:35:48 - [TEST_STEP][PASSED] - if (pageOtpuskVSet != null): null

03-03-2025T13:35:48 - [TEST_STEP][PASSED] - if (compare == filePoteri): null

03-03-2025T13:35:48 - [TEST_STEP][PASSED] - else if (compare > filePoteri): null

03-03-2025T13:35:48 - [TEST_STEP][PASSED] - else if (compare < filePoteri): null

03-03-2025T13:35:48 - [TEST_STEP][PASSED] - compare = compare + 1: null

03-03-2025T13:35:48 - [TEST_STEP][PASSED] - if (compare == filePoteri): null

03-03-2025T13:35:48 - [TEST_STEP][PASSED] - else: null

03-03-2025T13:35:48 - [TEST_STEP][PASSED] - numberOfErrors = numberOfErrors + 1: null

03-03-2025T13:35:48 - [TEST_STEP][PASSED] - pageInt = pagePoteri: null

03-03-2025T13:35:48 - [TEST_STEP][PASSED] - fileInt = filePoteri: null

03-03-2025T13:35:48 - [TEST_STEP][PASSED] - typeOfData = typeOfDataMain + " Потери": null

03-03-2025T13:35:48 - [TEST_STEP][PASSED] - Script1718980020443.WriteToExcel(a, typeOfData, todaysDate, pageInt, fileInt, pageDouble, fileDouble, dZO): null

03-03-2025T13:35:48 - [TEST_STEP][PASSED] - sheetName = "Sheet1": null

03-03-2025T13:35:48 - [TEST_STEP][PASSED] - data = findTestData("PlanFact"): null

03-03-2025T13:35:49 - [TEST_STEP][PASSED] - n = data.getRowNumbers() + 1: null

03-03-2025T13:35:49 - [TEST_STEP][PASSED] - day = ")).toInteger(): null

03-03-2025T13:35:49 - [TEST_STEP][PASSED] - println(day): null

03-03-2025T13:35:49 - [TEST_STEP][PASSED] - month = ")).toInteger(): null

03-03-2025T13:35:49 - [TEST_STEP][PASSED] - println(month): null

03-03-2025T13:35:49 - [TEST_STEP][PASSED] - y = <not implemented yet for class: org.codehaus.groovy.ast.expr.EmptyExpression>: null

03-03-2025T13:35:49 - [TEST_STEP][PASSED] - iy = <not implemented yet for class: org.codehaus.groovy.ast.expr.EmptyExpression>: null

03-03-2025T13:35:49 - [TEST_STEP][PASSED] - m = getText(findTestObject("Выполнение бизнес-плана/Период")): Text of object 'Object Repository/Выполнение бизнес-плана/Период' is: '2024 год'

03-03-2025T13:35:49 - [MESSAGE][PASSED] - Text of object 'Object Repository/Выполнение бизнес-плана/Период' is: '2024 год'

03-03-2025T13:35:49 - [TEST_STEP][PASSED] - iy = m.indexOf("20"): null

03-03-2025T13:35:49 - [TEST_STEP][PASSED] - if (iy > -1): null

03-03-2025T13:35:49 - [TEST_STEP][PASSED] - y = substring(iy, iy + 4).toInteger(): null

03-03-2025T13:35:49 - [TEST_STEP][PASSED] - println(y): null

03-03-2025T13:35:49 - [TEST_STEP][PASSED] - if (toString().length() == 4): null

03-03-2025T13:35:49 - [TEST_STEP][PASSED] - m = m.substring(0, m.indexOf(y.toString())): null

03-03-2025T13:35:49 - [TEST_STEP][PASSED] - m = m.trim(): null

03-03-2025T13:35:49 - [TEST_STEP][PASSED] - if (m == ""): null

03-03-2025T13:35:49 - [TEST_STEP][PASSED] - m = "весь год": null

03-03-2025T13:35:49 - [TEST_STEP][PASSED] - dashboardName = "Выполнение бизнес-плана": null

03-03-2025T13:35:49 - [TEST_STEP][PASSED] - workbook01 = getWorkbook(excelFilePath): null

03-03-2025T13:35:49 - [TEST_STEP][PASSED] - sheet01 = getExcelSheet(workbook01, sheetName): null

03-03-2025T13:35:49 - [TEST_STEP][PASSED] - setValueToCellByIndex(sheet01, n, 0, dashboardName): null

03-03-2025T13:35:49 - [TEST_STEP][PASSED] - setValueToCellByIndex(sheet01, n, 1, dZO): null

03-03-2025T13:35:49 - [TEST_STEP][PASSED] - setValueToCellByIndex(sheet01, n, 2, typeOfData): null

03-03-2025T13:35:49 - [TEST_STEP][PASSED] - if (typeOfData == "Факт в процентах" || typeOfData == "План в процентах"): null

03-03-2025T13:35:49 - [TEST_STEP][PASSED] - else: null

03-03-2025T13:35:49 - [TEST_STEP][PASSED] - setValueToCellByIndex(sheet01, n, 3, fileInt): null

03-03-2025T13:35:49 - [TEST_STEP][PASSED] - setValueToCellByIndex(sheet01, n, 4, pageInt): null

03-03-2025T13:35:49 - [TEST_STEP][PASSED] - setValueToCellByIndex(sheet01, n, 5, m): null

03-03-2025T13:35:49 - [TEST_STEP][PASSED] - setValueToCellByIndex(sheet01, n, 6, y): null

03-03-2025T13:35:49 - [TEST_STEP][PASSED] - setValueToCellByIndex(sheet01, n, 7, todaysDate): null

03-03-2025T13:35:49 - [TEST_STEP][PASSED] - n = n + 1: null

03-03-2025T13:35:49 - [TEST_STEP][PASSED] - saveWorkbook(excelFilePath, workbook01): null

03-03-2025T13:35:49 - [TEST_STEP][PASSED] - if (planFact == 2): null

03-03-2025T13:35:49 - [TEST_STEP][PASSED] - if (planFact == 1): null

03-03-2025T13:35:49 - [TEST_STEP][PASSED] - else if (planFact == 2): null

03-03-2025T13:35:49 - [TEST_STEP][PASSED] - click(findTestObject("Выполнение бизнес-плана/Кнопка План")): Object: 'Object Repository/Выполнение бизнес-плана/Кнопка План' is clicked on

03-03-2025T13:35:49 - [MESSAGE][PASSED] - Object: 'Object Repository/Выполнение бизнес-плана/Кнопка План' is clicked on

03-03-2025T13:35:49 - [TEST_STEP][PASSED] - typeOfDataMain = "План": null

03-03-2025T13:35:49 - [TEST_STEP][PASSED] - otpusk = findTestData("PlanFact").getValue(2, a): null

03-03-2025T13:35:50 - [TEST_STEP][PASSED] - poteri = findTestData("PlanFact").getValue(3, a): null

03-03-2025T13:35:50 - [TEST_STEP][PASSED] - otpusk = otpusk.replaceAll("\s+", ""): null

03-03-2025T13:35:50 - [TEST_STEP][PASSED] - poteri = poteri.replaceAll("\s+", ""): null

03-03-2025T13:35:50 - [TEST_STEP][PASSED] - typeOfData = typeOfDataMain + " Отпуск в сеть": null

03-03-2025T13:35:50 - [TEST_STEP][PASSED] - if (a == 82): null

03-03-2025T13:35:50 - [TEST_STEP][PASSED] - else if (a == 84): null

03-03-2025T13:35:50 - [TEST_STEP][PASSED] - else if (a == 83 || a == 52 || a == 72 || a == 28 || a == 73 || a == 77 || a == 74 || a == 65 || a == 36 || a == 44 || a == 53 || a == 80 || a == 54 || a == 1 || a == 18 || a == 59 || a == 81): null

03-03-2025T13:35:50 - [TEST_STEP][PASSED] - else: null

03-03-2025T13:35:50 - [TEST_STEP][PASSED] - path = dataFolder + typeOfData + " за отчётный период " + b: null

03-03-2025T13:35:50 - [TEST_STEP][PASSED] - println(path): null

03-03-2025T13:35:50 - [TEST_STEP][PASSED] - page = getText(findTestObject(path)): Text of object 'Object Repository/Выполнение бизнес-плана/Значения со страницы Выполнение бизнес-плана/План Отпуск в сеть за отчётный период Кузбассэнерго-РЭС' is: '2 735 860'

03-03-2025T13:35:50 - [MESSAGE][PASSED] - Text of object 'Object Repository/Выполнение бизнес-плана/Значения со страницы Выполнение бизнес-плана/План Отпуск в сеть за отчётный период Кузбассэнерго-РЭС' is: '2 735 860'

03-03-2025T13:35:50 - [TEST_STEP][PASSED] - if (page == "" || page == null): null

03-03-2025T13:35:50 - [TEST_STEP][PASSED] - else: null

03-03-2025T13:35:50 - [TEST_STEP][PASSED] - page = page.replaceAll("\s+", ""): null

03-03-2025T13:35:50 - [TEST_STEP][PASSED] - fileOtpuskVSet = otpusk.toInteger(): null

03-03-2025T13:35:50 - [TEST_STEP][PASSED] - pageOtpuskVSet = page.toInteger(): null

03-03-2025T13:35:50 - [TEST_STEP][PASSED] - typeOfData = typeOfDataMain + " Потери": null

03-03-2025T13:35:50 - [TEST_STEP][PASSED] - if (a == 82): null

03-03-2025T13:35:50 - [TEST_STEP][PASSED] - else if (a == 84): null

03-03-2025T13:35:50 - [TEST_STEP][PASSED] - else if (a == 83 || a == 52 || a == 72 || a == 28 || a == 73 || a == 77 || a == 74 || a == 65 || a == 44 || a == 53 || a == 80 || a == 54 || a == 1 || a == 18 || a == 59 || a == 81): null

03-03-2025T13:35:50 - [TEST_STEP][PASSED] - else: null

03-03-2025T13:35:50 - [TEST_STEP][PASSED] - path = dataFolder + typeOfData + " за отчётный период " + b: null

03-03-2025T13:35:50 - [TEST_STEP][PASSED] - page = getText(findTestObject(path)): Text of object 'Object Repository/Выполнение бизнес-плана/Значения со страницы Выполнение бизнес-плана/План Потери за отчётный период Кузбассэнерго-РЭС' is: '1 338 407'

03-03-2025T13:35:50 - [MESSAGE][PASSED] - Text of object 'Object Repository/Выполнение бизнес-плана/Значения со страницы Выполнение бизнес-плана/План Потери за отчётный период Кузбассэнерго-РЭС' is: '1 338 407'

03-03-2025T13:35:50 - [TEST_STEP][PASSED] - if (page == "" || page == null): null

03-03-2025T13:35:50 - [TEST_STEP][PASSED] - else: null

03-03-2025T13:35:50 - [TEST_STEP][PASSED] - page = page.replaceAll("\s+", ""): null

03-03-2025T13:35:50 - [TEST_STEP][PASSED] - filePoteri = poteri.toInteger(): null

03-03-2025T13:35:50 - [TEST_STEP][PASSED] - pagePoteri = page.toInteger(): null

03-03-2025T13:35:50 - [TEST_STEP][PASSED] - compare = pageOtpuskVSet: null

03-03-2025T13:35:50 - [TEST_STEP][PASSED] - if (pageOtpuskVSet != null): null

03-03-2025T13:35:50 - [TEST_STEP][PASSED] - if (compare == fileOtpuskVSet): null

03-03-2025T13:35:50 - [TEST_STEP][PASSED] - else if (compare > fileOtpuskVSet): null

03-03-2025T13:35:50 - [TEST_STEP][PASSED] - else if (compare < fileOtpuskVSet): null

03-03-2025T13:35:50 - [TEST_STEP][PASSED] - compare = compare + 1: null

03-03-2025T13:35:50 - [TEST_STEP][PASSED] - if (compare == fileOtpuskVSet): null

03-03-2025T13:35:50 - [TEST_STEP][PASSED] - else: null

03-03-2025T13:35:50 - [TEST_STEP][PASSED] - numberOfErrors = numberOfErrors + 1: null

03-03-2025T13:35:50 - [TEST_STEP][PASSED] - pageInt = pageOtpuskVSet: null

03-03-2025T13:35:50 - [TEST_STEP][PASSED] - fileInt = fileOtpuskVSet: null

03-03-2025T13:35:50 - [TEST_STEP][PASSED] - typeOfData = typeOfDataMain + " Отпуск в сеть": null

03-03-2025T13:35:50 - [TEST_STEP][PASSED] - Script1718980020443.WriteToExcel(a, typeOfData, todaysDate, pageInt, fileInt, pageDouble, fileDouble, dZO): null

03-03-2025T13:35:50 - [TEST_STEP][PASSED] - sheetName = "Sheet1": null

03-03-2025T13:35:50 - [TEST_STEP][PASSED] - data = findTestData("PlanFact"): null

03-03-2025T13:35:50 - [TEST_STEP][PASSED] - n = data.getRowNumbers() + 1: null

03-03-2025T13:35:50 - [TEST_STEP][PASSED] - day = ")).toInteger(): null

03-03-2025T13:35:50 - [TEST_STEP][PASSED] - println(day): null

03-03-2025T13:35:50 - [TEST_STEP][PASSED] - month = ")).toInteger(): null

03-03-2025T13:35:50 - [TEST_STEP][PASSED] - println(month): null

03-03-2025T13:35:50 - [TEST_STEP][PASSED] - y = <not implemented yet for class: org.codehaus.groovy.ast.expr.EmptyExpression>: null

03-03-2025T13:35:50 - [TEST_STEP][PASSED] - iy = <not implemented yet for class: org.codehaus.groovy.ast.expr.EmptyExpression>: null

03-03-2025T13:35:50 - [TEST_STEP][PASSED] - m = getText(findTestObject("Выполнение бизнес-плана/Период")): Text of object 'Object Repository/Выполнение бизнес-плана/Период' is: '2024 год'

03-03-2025T13:35:51 - [MESSAGE][PASSED] - Text of object 'Object Repository/Выполнение бизнес-плана/Период' is: '2024 год'

03-03-2025T13:35:51 - [TEST_STEP][PASSED] - iy = m.indexOf("20"): null

03-03-2025T13:35:51 - [TEST_STEP][PASSED] - if (iy > -1): null

03-03-2025T13:35:51 - [TEST_STEP][PASSED] - y = substring(iy, iy + 4).toInteger(): null

03-03-2025T13:35:51 - [TEST_STEP][PASSED] - println(y): null

03-03-2025T13:35:51 - [TEST_STEP][PASSED] - if (toString().length() == 4): null

03-03-2025T13:35:51 - [TEST_STEP][PASSED] - m = m.substring(0, m.indexOf(y.toString())): null

03-03-2025T13:35:51 - [TEST_STEP][PASSED] - m = m.trim(): null

03-03-2025T13:35:51 - [TEST_STEP][PASSED] - if (m == ""): null

03-03-2025T13:35:51 - [TEST_STEP][PASSED] - m = "весь год": null

03-03-2025T13:35:51 - [TEST_STEP][PASSED] - dashboardName = "Выполнение бизнес-плана": null

03-03-2025T13:35:51 - [TEST_STEP][PASSED] - workbook01 = getWorkbook(excelFilePath): null

03-03-2025T13:35:51 - [TEST_STEP][PASSED] - sheet01 = getExcelSheet(workbook01, sheetName): null

03-03-2025T13:35:51 - [TEST_STEP][PASSED] - setValueToCellByIndex(sheet01, n, 0, dashboardName): null

03-03-2025T13:35:51 - [TEST_STEP][PASSED] - setValueToCellByIndex(sheet01, n, 1, dZO): null

03-03-2025T13:35:51 - [TEST_STEP][PASSED] - setValueToCellByIndex(sheet01, n, 2, typeOfData): null

03-03-2025T13:35:51 - [TEST_STEP][PASSED] - if (typeOfData == "Факт в процентах" || typeOfData == "План в процентах"): null

03-03-2025T13:35:51 - [TEST_STEP][PASSED] - else: null

03-03-2025T13:35:51 - [TEST_STEP][PASSED] - setValueToCellByIndex(sheet01, n, 3, fileInt): null

03-03-2025T13:35:51 - [TEST_STEP][PASSED] - setValueToCellByIndex(sheet01, n, 4, pageInt): null

03-03-2025T13:35:51 - [TEST_STEP][PASSED] - setValueToCellByIndex(sheet01, n, 5, m): null

03-03-2025T13:35:51 - [TEST_STEP][PASSED] - setValueToCellByIndex(sheet01, n, 6, y): null

03-03-2025T13:35:51 - [TEST_STEP][PASSED] - setValueToCellByIndex(sheet01, n, 7, todaysDate): null

03-03-2025T13:35:51 - [TEST_STEP][PASSED] - n = n + 1: null

03-03-2025T13:35:51 - [TEST_STEP][PASSED] - saveWorkbook(excelFilePath, workbook01): null

03-03-2025T13:35:51 - [TEST_STEP][PASSED] - compare = pagePoteri: null

03-03-2025T13:35:51 - [TEST_STEP][PASSED] - if (pageOtpuskVSet != null): null

03-03-2025T13:35:51 - [TEST_STEP][PASSED] - if (compare == filePoteri): null

03-03-2025T13:35:51 - [TEST_STEP][PASSED] - else if (compare > filePoteri): null

03-03-2025T13:35:51 - [TEST_STEP][PASSED] - compare = compare - 1: null

03-03-2025T13:35:51 - [TEST_STEP][PASSED] - if (compare == filePoteri): null

03-03-2025T13:35:51 - [TEST_STEP][PASSED] - else: null

03-03-2025T13:35:51 - [TEST_STEP][PASSED] - numberOfErrors = numberOfErrors + 1: null

03-03-2025T13:35:51 - [TEST_STEP][PASSED] - pageInt = pagePoteri: null

03-03-2025T13:35:51 - [TEST_STEP][PASSED] - fileInt = filePoteri: null

03-03-2025T13:35:51 - [TEST_STEP][PASSED] - typeOfData = typeOfDataMain + " Потери": null

03-03-2025T13:35:51 - [TEST_STEP][PASSED] - Script1718980020443.WriteToExcel(a, typeOfData, todaysDate, pageInt, fileInt, pageDouble, fileDouble, dZO): null

03-03-2025T13:35:51 - [TEST_STEP][PASSED] - sheetName = "Sheet1": null

03-03-2025T13:35:51 - [TEST_STEP][PASSED] - data = findTestData("PlanFact"): null

03-03-2025T13:35:51 - [TEST_STEP][PASSED] - n = data.getRowNumbers() + 1: null

03-03-2025T13:35:51 - [TEST_STEP][PASSED] - day = ")).toInteger(): null

03-03-2025T13:35:51 - [TEST_STEP][PASSED] - println(day): null

03-03-2025T13:35:51 - [TEST_STEP][PASSED] - month = ")).toInteger(): null

03-03-2025T13:35:51 - [TEST_STEP][PASSED] - println(month): null

03-03-2025T13:35:51 - [TEST_STEP][PASSED] - y = <not implemented yet for class: org.codehaus.groovy.ast.expr.EmptyExpression>: null

03-03-2025T13:35:51 - [TEST_STEP][PASSED] - iy = <not implemented yet for class: org.codehaus.groovy.ast.expr.EmptyExpression>: null

03-03-2025T13:35:51 - [TEST_STEP][PASSED] - m = getText(findTestObject("Выполнение бизнес-плана/Период")): Text of object 'Object Repository/Выполнение бизнес-плана/Период' is: '2024 год'

03-03-2025T13:35:51 - [MESSAGE][PASSED] - Text of object 'Object Repository/Выполнение бизнес-плана/Период' is: '2024 год'

03-03-2025T13:35:51 - [TEST_STEP][PASSED] - iy = m.indexOf("20"): null

03-03-2025T13:35:51 - [TEST_STEP][PASSED] - if (iy > -1): null

03-03-2025T13:35:51 - [TEST_STEP][PASSED] - y = substring(iy, iy + 4).toInteger(): null

03-03-2025T13:35:51 - [TEST_STEP][PASSED] - println(y): null

03-03-2025T13:35:51 - [TEST_STEP][PASSED] - if (toString().length() == 4): null

03-03-2025T13:35:51 - [TEST_STEP][PASSED] - m = m.substring(0, m.indexOf(y.toString())): null

03-03-2025T13:35:51 - [TEST_STEP][PASSED] - m = m.trim(): null

03-03-2025T13:35:51 - [TEST_STEP][PASSED] - if (m == ""): null

03-03-2025T13:35:51 - [TEST_STEP][PASSED] - m = "весь год": null

03-03-2025T13:35:51 - [TEST_STEP][PASSED] - dashboardName = "Выполнение бизнес-плана": null

03-03-2025T13:35:51 - [TEST_STEP][PASSED] - workbook01 = getWorkbook(excelFilePath): null

03-03-2025T13:35:51 - [TEST_STEP][PASSED] - sheet01 = getExcelSheet(workbook01, sheetName): null

03-03-2025T13:35:51 - [TEST_STEP][PASSED] - setValueToCellByIndex(sheet01, n, 0, dashboardName): null

03-03-2025T13:35:51 - [TEST_STEP][PASSED] - setValueToCellByIndex(sheet01, n, 1, dZO): null

03-03-2025T13:35:51 - [TEST_STEP][PASSED] - setValueToCellByIndex(sheet01, n, 2, typeOfData): null

03-03-2025T13:35:51 - [TEST_STEP][PASSED] - if (typeOfData == "Факт в процентах" || typeOfData == "План в процентах"): null

03-03-2025T13:35:51 - [TEST_STEP][PASSED] - else: null

03-03-2025T13:35:51 - [TEST_STEP][PASSED] - setValueToCellByIndex(sheet01, n, 3, fileInt): null

03-03-2025T13:35:51 - [TEST_STEP][PASSED] - setValueToCellByIndex(sheet01, n, 4, pageInt): null

03-03-2025T13:35:51 - [TEST_STEP][PASSED] - setValueToCellByIndex(sheet01, n, 5, m): null

03-03-2025T13:35:51 - [TEST_STEP][PASSED] - setValueToCellByIndex(sheet01, n, 6, y): null

03-03-2025T13:35:51 - [TEST_STEP][PASSED] - setValueToCellByIndex(sheet01, n, 7, todaysDate): null

03-03-2025T13:35:51 - [TEST_STEP][PASSED] - n = n + 1: null

03-03-2025T13:35:51 - [TEST_STEP][PASSED] - saveWorkbook(excelFilePath, workbook01): Object: 'Object Repository/Выполнение бизнес-плана/Кнопка Факт' is clicked on

03-03-2025T13:35:52 - [TEST_STEP][PASSED] - if (planFact == 2): Object: 'Object Repository/Выполнение бизнес-плана/Кнопка Факт' is clicked on

03-03-2025T13:35:52 - [TEST_STEP][PASSED] - click(findTestObject("Выполнение бизнес-плана/Кнопка Факт")): Object: 'Object Repository/Выполнение бизнес-плана/Кнопка Факт' is clicked on

03-03-2025T13:35:52 - [MESSAGE][PASSED] - Object: 'Object Repository/Выполнение бизнес-плана/Кнопка Факт' is clicked on

03-03-2025T13:35:52 - [TEST_STEP][PASSED] - println("a=" + a): null

03-03-2025T13:35:52 - [TEST_STEP][PASSED] - if (a == 84 || a == 82): null

03-03-2025T13:35:52 - [TEST_STEP][PASSED] - else if (a == 83 || a == 52 || a == 72 || a == 28 || a == 73 || a == 77 || a == 74 || a == 65 || a == 36 || a == 44 || a == 53 || a == 80 || a == 54 || a == 1 || a == 18 || a == 59 || a == 81): null

03-03-2025T13:35:52 - [TEST_STEP][PASSED] - else: null

03-03-2025T13:35:52 - [TEST_STEP][PASSED] - page1 = getText(findTestObject("Object Repository/Выполнение бизнес-плана/spanPlan" + filialNum)): Text of object 'Object Repository/Выполнение бизнес-плана/spanPlan4' is: '12.33
|'

03-03-2025T13:35:52 - [MESSAGE][PASSED] - Text of object 'Object Repository/Выполнение бизнес-плана/spanPlan4' is: '12.33
|'

03-03-2025T13:35:52 - [TEST_STEP][PASSED] - page1 = page1.replace("|", ""): null

03-03-2025T13:35:52 - [TEST_STEP][PASSED] - page2 = getText(findTestObject("Object Repository/Выполнение бизнес-плана/spanFact" + filialNum)): Text of object 'Object Repository/Выполнение бизнес-плана/spanFact4' is: '3.83
|'

03-03-2025T13:35:52 - [MESSAGE][PASSED] - Text of object 'Object Repository/Выполнение бизнес-плана/spanFact4' is: '3.83
|'

03-03-2025T13:35:52 - [TEST_STEP][PASSED] - page2 = page2.replace("|", ""): null

03-03-2025T13:35:52 - [TEST_STEP][PASSED] - println("page1: " + page1): null

03-03-2025T13:35:52 - [TEST_STEP][PASSED] - println("page2: " + page2): null

03-03-2025T13:35:52 - [TEST_STEP][PASSED] - file = findTestData("PlanFact").getValue(4, a): null

03-03-2025T13:35:52 - [TEST_STEP][PASSED] - file = file.replace(",", "."): null

03-03-2025T13:35:52 - [TEST_STEP][PASSED] - println("file Plan: " + file): null

03-03-2025T13:35:52 - [TEST_STEP][PASSED] - typeOfData = "План в процентах": null

03-03-2025T13:35:52 - [TEST_STEP][PASSED] - fileDouble = file.toDouble(): null

03-03-2025T13:35:52 - [TEST_STEP][PASSED] - pageDouble = page1.toDouble(): null

03-03-2025T13:35:52 - [TEST_STEP][PASSED] - if (fileDouble != pageDouble): null

03-03-2025T13:35:52 - [TEST_STEP][PASSED] - numberOfErrors = numberOfErrors + 1: null

03-03-2025T13:35:52 - [TEST_STEP][PASSED] - Script1718980020443.WriteToExcel(a, typeOfData, todaysDate, pageInt, fileInt, pageDouble, fileDouble, dZO): null

03-03-2025T13:35:52 - [TEST_STEP][PASSED] - sheetName = "Sheet1": null

03-03-2025T13:35:52 - [TEST_STEP][PASSED] - data = findTestData("PlanFact"): null

03-03-2025T13:35:53 - [TEST_STEP][PASSED] - n = data.getRowNumbers() + 1: null

03-03-2025T13:35:53 - [TEST_STEP][PASSED] - day = ")).toInteger(): null

03-03-2025T13:35:53 - [TEST_STEP][PASSED] - println(day): null

03-03-2025T13:35:53 - [TEST_STEP][PASSED] - month = ")).toInteger(): null

03-03-2025T13:35:53 - [TEST_STEP][PASSED] - println(month): null

03-03-2025T13:35:53 - [TEST_STEP][PASSED] - y = <not implemented yet for class: org.codehaus.groovy.ast.expr.EmptyExpression>: null

03-03-2025T13:35:53 - [TEST_STEP][PASSED] - iy = <not implemented yet for class: org.codehaus.groovy.ast.expr.EmptyExpression>: null

03-03-2025T13:35:53 - [TEST_STEP][PASSED] - m = getText(findTestObject("Выполнение бизнес-плана/Период")): Text of object 'Object Repository/Выполнение бизнес-плана/Период' is: '2024 год'

03-03-2025T13:35:53 - [MESSAGE][PASSED] - Text of object 'Object Repository/Выполнение бизнес-плана/Период' is: '2024 год'

03-03-2025T13:35:53 - [TEST_STEP][PASSED] - iy = m.indexOf("20"): null

03-03-2025T13:35:53 - [TEST_STEP][PASSED] - if (iy > -1): null

03-03-2025T13:35:53 - [TEST_STEP][PASSED] - y = substring(iy, iy + 4).toInteger(): null

03-03-2025T13:35:53 - [TEST_STEP][PASSED] - println(y): null

03-03-2025T13:35:53 - [TEST_STEP][PASSED] - if (toString().length() == 4): null

03-03-2025T13:35:53 - [TEST_STEP][PASSED] - m = m.substring(0, m.indexOf(y.toString())): null

03-03-2025T13:35:53 - [TEST_STEP][PASSED] - m = m.trim(): null

03-03-2025T13:35:53 - [TEST_STEP][PASSED] - if (m == ""): null

03-03-2025T13:35:53 - [TEST_STEP][PASSED] - m = "весь год": null

03-03-2025T13:35:53 - [TEST_STEP][PASSED] - dashboardName = "Выполнение бизнес-плана": null

03-03-2025T13:35:53 - [TEST_STEP][PASSED] - workbook01 = getWorkbook(excelFilePath): null

03-03-2025T13:35:53 - [TEST_STEP][PASSED] - sheet01 = getExcelSheet(workbook01, sheetName): null

03-03-2025T13:35:53 - [TEST_STEP][PASSED] - setValueToCellByIndex(sheet01, n, 0, dashboardName): null

03-03-2025T13:35:53 - [TEST_STEP][PASSED] - setValueToCellByIndex(sheet01, n, 1, dZO): null

03-03-2025T13:35:53 - [TEST_STEP][PASSED] - setValueToCellByIndex(sheet01, n, 2, typeOfData): null

03-03-2025T13:35:53 - [TEST_STEP][PASSED] - if (typeOfData == "Факт в процентах" || typeOfData == "План в процентах"): null

03-03-2025T13:35:53 - [TEST_STEP][PASSED] - setValueToCellByIndex(sheet01, n, 3, fileDouble): null

03-03-2025T13:35:53 - [TEST_STEP][PASSED] - setValueToCellByIndex(sheet01, n, 4, pageDouble): null

03-03-2025T13:35:53 - [TEST_STEP][PASSED] - setValueToCellByIndex(sheet01, n, 5, m): null

03-03-2025T13:35:53 - [TEST_STEP][PASSED] - setValueToCellByIndex(sheet01, n, 6, y): null

03-03-2025T13:35:53 - [TEST_STEP][PASSED] - setValueToCellByIndex(sheet01, n, 7, todaysDate): null

03-03-2025T13:35:53 - [TEST_STEP][PASSED] - n = n + 1: null

03-03-2025T13:35:53 - [TEST_STEP][PASSED] - saveWorkbook(excelFilePath, workbook01): null

03-03-2025T13:35:53 - [TEST_STEP][PASSED] - file = findTestData("PlanFact").getValue(7, a): null

03-03-2025T13:35:53 - [TEST_STEP][PASSED] - file = file.replace(",", "."): null

03-03-2025T13:35:53 - [TEST_STEP][PASSED] - println("file Fact: " + file): null

03-03-2025T13:35:53 - [TEST_STEP][PASSED] - fileDouble = file.toDouble(): null

03-03-2025T13:35:53 - [TEST_STEP][PASSED] - typeOfData = "Факт в процентах": null

03-03-2025T13:35:53 - [TEST_STEP][PASSED] - fileDouble = file.toDouble(): null

03-03-2025T13:35:53 - [TEST_STEP][PASSED] - pageDouble = page2.toDouble(): null

03-03-2025T13:35:53 - [TEST_STEP][PASSED] - if (fileDouble != pageDouble): null

03-03-2025T13:35:53 - [TEST_STEP][PASSED] - numberOfErrors = numberOfErrors + 1: null

03-03-2025T13:35:53 - [TEST_STEP][PASSED] - Script1718980020443.WriteToExcel(a, typeOfData, todaysDate, pageInt, fileInt, pageDouble, fileDouble, dZO): null

03-03-2025T13:35:53 - [TEST_STEP][PASSED] - sheetName = "Sheet1": null

03-03-2025T13:35:53 - [TEST_STEP][PASSED] - data = findTestData("PlanFact"): null

03-03-2025T13:35:53 - [TEST_STEP][PASSED] - n = data.getRowNumbers() + 1: null

03-03-2025T13:35:53 - [TEST_STEP][PASSED] - day = ")).toInteger(): null

03-03-2025T13:35:53 - [TEST_STEP][PASSED] - println(day): null

03-03-2025T13:35:53 - [TEST_STEP][PASSED] - month = ")).toInteger(): null

03-03-2025T13:35:53 - [TEST_STEP][PASSED] - println(month): null

03-03-2025T13:35:53 - [TEST_STEP][PASSED] - y = <not implemented yet for class: org.codehaus.groovy.ast.expr.EmptyExpression>: null

03-03-2025T13:35:53 - [TEST_STEP][PASSED] - iy = <not implemented yet for class: org.codehaus.groovy.ast.expr.EmptyExpression>: null

03-03-2025T13:35:53 - [TEST_STEP][PASSED] - m = getText(findTestObject("Выполнение бизнес-плана/Период")): Text of object 'Object Repository/Выполнение бизнес-плана/Период' is: '2024 год'

03-03-2025T13:35:54 - [MESSAGE][PASSED] - Text of object 'Object Repository/Выполнение бизнес-плана/Период' is: '2024 год'

03-03-2025T13:35:54 - [TEST_STEP][PASSED] - iy = m.indexOf("20"): null

03-03-2025T13:35:54 - [TEST_STEP][PASSED] - if (iy > -1): null

03-03-2025T13:35:54 - [TEST_STEP][PASSED] - y = substring(iy, iy + 4).toInteger(): null

03-03-2025T13:35:54 - [TEST_STEP][PASSED] - println(y): null

03-03-2025T13:35:54 - [TEST_STEP][PASSED] - if (toString().length() == 4): null

03-03-2025T13:35:54 - [TEST_STEP][PASSED] - m = m.substring(0, m.indexOf(y.toString())): null

03-03-2025T13:35:54 - [TEST_STEP][PASSED] - m = m.trim(): null

03-03-2025T13:35:54 - [TEST_STEP][PASSED] - if (m == ""): null

03-03-2025T13:35:54 - [TEST_STEP][PASSED] - m = "весь год": null

03-03-2025T13:35:54 - [TEST_STEP][PASSED] - dashboardName = "Выполнение бизнес-плана": null

03-03-2025T13:35:54 - [TEST_STEP][PASSED] - workbook01 = getWorkbook(excelFilePath): null

03-03-2025T13:35:54 - [TEST_STEP][PASSED] - sheet01 = getExcelSheet(workbook01, sheetName): null

03-03-2025T13:35:54 - [TEST_STEP][PASSED] - setValueToCellByIndex(sheet01, n, 0, dashboardName): null

03-03-2025T13:35:54 - [TEST_STEP][PASSED] - setValueToCellByIndex(sheet01, n, 1, dZO): null

03-03-2025T13:35:54 - [TEST_STEP][PASSED] - setValueToCellByIndex(sheet01, n, 2, typeOfData): null

03-03-2025T13:35:54 - [TEST_STEP][PASSED] - if (typeOfData == "Факт в процентах" || typeOfData == "План в процентах"): null

03-03-2025T13:35:54 - [TEST_STEP][PASSED] - setValueToCellByIndex(sheet01, n, 3, fileDouble): null

03-03-2025T13:35:54 - [TEST_STEP][PASSED] - setValueToCellByIndex(sheet01, n, 4, pageDouble): null

03-03-2025T13:35:54 - [TEST_STEP][PASSED] - setValueToCellByIndex(sheet01, n, 5, m): null

03-03-2025T13:35:54 - [TEST_STEP][PASSED] - setValueToCellByIndex(sheet01, n, 6, y): null

03-03-2025T13:35:54 - [TEST_STEP][PASSED] - setValueToCellByIndex(sheet01, n, 7, todaysDate): null

03-03-2025T13:35:54 - [TEST_STEP][PASSED] - n = n + 1: null

03-03-2025T13:35:54 - [TEST_STEP][PASSED] - saveWorkbook(excelFilePath, workbook01): null

03-03-2025T13:35:54 - [TEST_STEP][FAILED] - if (verifyEqual(numberOfErrors, 0) == false): null

03-03-2025T13:35:54 - [MESSAGE][FAILED] - Unable to verify equal between actual object '6' and expected object '0' (Root cause: com.kms.katalon.core.exception.StepFailedException: Actual object '6' and expected object '0' are not equal
	at com.kms.katalon.core.keyword.builtin.VerifyEqualKeyword$_verifyEqual_closure1.doCall(VerifyEqualKeyword.groovy:58)
	at com.kms.katalon.core.keyword.builtin.VerifyEqualKeyword$_verifyEqual_closure1.call(VerifyEqualKeyword.groovy)
	at com.kms.katalon.core.keyword.internal.KeywordMain.runKeyword(KeywordMain.groovy:75)
	at com.kms.katalon.core.keyword.builtin.VerifyEqualKeyword.verifyEqual(VerifyEqualKeyword.groovy:63)
	at com.kms.katalon.core.keyword.builtin.VerifyEqualKeyword.execute(VerifyEqualKeyword.groovy:44)
	at com.kms.katalon.core.keyword.internal.KeywordExecutor.executeKeywordForPlatform(KeywordExecutor.groovy:74)
	at com.kms.katalon.core.keyword.BuiltinKeywords.verifyEqual(BuiltinKeywords.groovy:146)
	at jdk.internal.reflect.GeneratedMethodAccessor24.invoke(Unknown Source)
	at java.base/jdk.internal.reflect.DelegatingMethodAccessorImpl.invoke(DelegatingMethodAccessorImpl.java:43)
	at Выполнение бизнес-плана Сверка ПАО Россети все филиалы.Numbers(Выполнение бизнес-плана Сверка ПАО Россети все филиалы:736)
	at Выполнение бизнес-плана Сверка ПАО Россети все филиалы.Filials(Выполнение бизнес-плана Сверка ПАО Россети все филиалы:1601)
	at Выполнение бизнес-плана Сверка ПАО Россети все филиалы.Numbers(Выполнение бизнес-плана Сверка ПАО Россети все филиалы:743)
	at Выполнение бизнес-плана Сверка ПАО Россети все филиалы.run(Выполнение бизнес-плана Сверка ПАО Россети все филиалы:308)
	at com.kms.katalon.core.main.ScriptEngine.run(ScriptEngine.java:194)
	at com.kms.katalon.core.main.ScriptEngine.runScriptAsRawText(ScriptEngine.java:119)
	at com.kms.katalon.core.main.TestCaseExecutor.runScript(TestCaseExecutor.java:448)
	at com.kms.katalon.core.main.TestCaseExecutor.doExecute(TestCaseExecutor.java:439)
	at com.kms.katalon.core.main.TestCaseExecutor.processExecutionPhase(TestCaseExecutor.java:418)
	at com.kms.katalon.core.main.TestCaseExecutor.accessMainPhase(TestCaseExecutor.java:410)
	at com.kms.katalon.core.main.TestCaseExecutor.execute(TestCaseExecutor.java:285)
	at com.kms.katalon.core.common.CommonExecutor.accessTestCaseMainPhase(CommonExecutor.java:65)
	at com.kms.katalon.core.main.TestSuiteExecutor.accessTestSuiteMainPhase(TestSuiteExecutor.java:150)
	at com.kms.katalon.core.main.TestSuiteExecutor.execute(TestSuiteExecutor.java:106)
	at com.kms.katalon.core.main.TestCaseMain.startTestSuite(TestCaseMain.java:180)
	at TempTestSuite1740991900055.run(TempTestSuite1740991900055.groovy:35)
	at java.base/jdk.internal.reflect.NativeMethodAccessorImpl.invoke0(Native Method)
	at java.base/jdk.internal.reflect.NativeMethodAccessorImpl.invoke(NativeMethodAccessorImpl.java:77)
	at java.base/jdk.internal.reflect.DelegatingMethodAccessorImpl.invoke(DelegatingMethodAccessorImpl.java:43)
)

03-03-2025T13:35:54 - [TEST_STEP][PASSED] - println(numberOfErrors): null

03-03-2025T13:35:54 - [TEST_STEP][PASSED] - println("a=" + a): null

03-03-2025T13:35:54 - [TEST_STEP][PASSED] - if (a == 28 || a == 77 || a == 74 || a == 65 || a == 36 || a == 44 || a == 54 || a == 1 || a == 18 || a == 59): null

03-03-2025T13:35:54 - [TEST_STEP][PASSED] - if (a == 82): null

03-03-2025T13:35:54 - [TEST_STEP][PASSED] - dZO = "Омскэнерго": null

03-03-2025T13:35:54 - [TEST_STEP][PASSED] - a = 49: null

03-03-2025T13:35:54 - [TEST_STEP][PASSED] - if (x2.contains(dZO)): null

03-03-2025T13:35:54 - [TEST_STEP][PASSED] - filialNum = filialNum + 1: null

03-03-2025T13:35:54 - [TEST_STEP][PASSED] - Script1718980020443.Numbers(a, typeOfData, todaysDate, pageInt, fileInt, pageDouble, fileDouble, dZO, dzoNum, filialNum): null

03-03-2025T13:35:54 - [TEST_STEP][PASSED] - println(dzoNum): null

03-03-2025T13:35:54 - [TEST_STEP][PASSED] - planFact = <not implemented yet for class: org.codehaus.groovy.ast.expr.EmptyExpression>: null

03-03-2025T13:35:54 - [TEST_STEP][PASSED] - page = <not implemented yet for class: org.codehaus.groovy.ast.expr.EmptyExpression>: null

03-03-2025T13:35:54 - [TEST_STEP][PASSED] - page1 = <not implemented yet for class: org.codehaus.groovy.ast.expr.EmptyExpression>: null

03-03-2025T13:35:54 - [TEST_STEP][PASSED] - page2 = <not implemented yet for class: org.codehaus.groovy.ast.expr.EmptyExpression>: null

03-03-2025T13:35:54 - [TEST_STEP][PASSED] - filialNumberInRow = <not implemented yet for class: org.codehaus.groovy.ast.expr.EmptyExpression>: null

03-03-2025T13:35:54 - [TEST_STEP][PASSED] - filialsDzoNames = <not implemented yet for class: org.codehaus.groovy.ast.expr.EmptyExpression>: null

03-03-2025T13:35:54 - [TEST_STEP][PASSED] - numberOfFilials = <not implemented yet for class: org.codehaus.groovy.ast.expr.EmptyExpression>: null

03-03-2025T13:35:54 - [TEST_STEP][PASSED] - numberOfSpaces = <not implemented yet for class: org.codehaus.groovy.ast.expr.EmptyExpression>: null

03-03-2025T13:35:54 - [TEST_STEP][PASSED] - file = <not implemented yet for class: org.codehaus.groovy.ast.expr.EmptyExpression>: null

03-03-2025T13:35:54 - [TEST_STEP][PASSED] - otpusk = <not implemented yet for class: org.codehaus.groovy.ast.expr.EmptyExpression>: null

03-03-2025T13:35:54 - [TEST_STEP][PASSED] - poteri = <not implemented yet for class: org.codehaus.groovy.ast.expr.EmptyExpression>: null

03-03-2025T13:35:54 - [TEST_STEP][PASSED] - dataFolder = "Выполнение бизнес-плана/Значения со страницы Выполнение бизнес-плана/": null

03-03-2025T13:35:54 - [TEST_STEP][PASSED] - path = <not implemented yet for class: org.codehaus.groovy.ast.expr.EmptyExpression>: null

03-03-2025T13:35:54 - [TEST_STEP][PASSED] - typeOfDataMain = <not implemented yet for class: org.codehaus.groovy.ast.expr.EmptyExpression>: null

03-03-2025T13:35:54 - [TEST_STEP][PASSED] - fileOtpuskVSet = <not implemented yet for class: org.codehaus.groovy.ast.expr.EmptyExpression>: null

03-03-2025T13:35:54 - [TEST_STEP][PASSED] - pageOtpuskVSet = <not implemented yet for class: org.codehaus.groovy.ast.expr.EmptyExpression>: null

03-03-2025T13:35:54 - [TEST_STEP][PASSED] - filePoteri = <not implemented yet for class: org.codehaus.groovy.ast.expr.EmptyExpression>: null

03-03-2025T13:35:54 - [TEST_STEP][PASSED] - pagePoteri = <not implemented yet for class: org.codehaus.groovy.ast.expr.EmptyExpression>: null

03-03-2025T13:35:54 - [TEST_STEP][PASSED] - compare = <not implemented yet for class: org.codehaus.groovy.ast.expr.EmptyExpression>: null

03-03-2025T13:35:54 - [TEST_STEP][PASSED] - b = <not implemented yet for class: org.codehaus.groovy.ast.expr.EmptyExpression>: null

03-03-2025T13:35:54 - [TEST_STEP][PASSED] - i = <not implemented yet for class: org.codehaus.groovy.ast.expr.EmptyExpression>: null

03-03-2025T13:35:54 - [TEST_STEP][PASSED] - ii = <not implemented yet for class: org.codehaus.groovy.ast.expr.EmptyExpression>: null

03-03-2025T13:35:54 - [TEST_STEP][PASSED] - c = <not implemented yet for class: org.codehaus.groovy.ast.expr.EmptyExpression>: null

03-03-2025T13:35:54 - [TEST_STEP][PASSED] - numberOfErrors = 0: null

03-03-2025T13:35:54 - [TEST_STEP][PASSED] - if (a == 82): null

03-03-2025T13:35:54 - [TEST_STEP][PASSED] - b = findTestData("PlanFact").getValue(1, a): null

03-03-2025T13:35:54 - [TEST_STEP][PASSED] - i = b.indexOf(" (ГК)"): null

03-03-2025T13:35:54 - [TEST_STEP][PASSED] - if (i > -1): null

03-03-2025T13:35:54 - [TEST_STEP][PASSED] - i = b.indexOf("О ""): null

03-03-2025T13:35:54 - [TEST_STEP][PASSED] - if (i > -1): null

03-03-2025T13:35:54 - [TEST_STEP][PASSED] - i = b.indexOf("О «"): null

03-03-2025T13:35:54 - [TEST_STEP][PASSED] - if (i > -1): null

03-03-2025T13:35:54 - [TEST_STEP][PASSED] - i = b.indexOf("г. "): null

03-03-2025T13:35:54 - [TEST_STEP][PASSED] - if (i > -1): null

03-03-2025T13:35:54 - [TEST_STEP][PASSED] - b = b.trim(): null

03-03-2025T13:35:54 - [TEST_STEP][PASSED] - println(b): null

03-03-2025T13:35:54 - [TEST_STEP][PASSED] - for ([planFact = 1, planFact < 3, (planFact++)]): null

03-03-2025T13:35:54 - [TEST_STEP][PASSED] - if (planFact == 1): null

03-03-2025T13:35:54 - [TEST_STEP][PASSED] - typeOfDataMain = "Факт": null

03-03-2025T13:35:54 - [TEST_STEP][PASSED] - otpusk = findTestData("PlanFact").getValue(5, a): null

03-03-2025T13:35:54 - [TEST_STEP][PASSED] - poteri = findTestData("PlanFact").getValue(6, a): null

03-03-2025T13:35:54 - [TEST_STEP][PASSED] - otpusk = otpusk.replaceAll("\s+", ""): null

03-03-2025T13:35:54 - [TEST_STEP][PASSED] - poteri = poteri.replaceAll("\s+", ""): null

03-03-2025T13:35:54 - [TEST_STEP][PASSED] - typeOfData = typeOfDataMain + " Отпуск в сеть": null

03-03-2025T13:35:54 - [TEST_STEP][PASSED] - if (a == 82): null

03-03-2025T13:35:54 - [TEST_STEP][PASSED] - else if (a == 84): null

03-03-2025T13:35:54 - [TEST_STEP][PASSED] - else if (a == 83 || a == 52 || a == 72 || a == 28 || a == 73 || a == 77 || a == 74 || a == 65 || a == 36 || a == 44 || a == 53 || a == 80 || a == 54 || a == 1 || a == 18 || a == 59 || a == 81): null

03-03-2025T13:35:54 - [TEST_STEP][PASSED] - else: null

03-03-2025T13:35:54 - [TEST_STEP][PASSED] - path = dataFolder + typeOfData + " за отчётный период " + b: null

03-03-2025T13:35:54 - [TEST_STEP][PASSED] - println(path): null

03-03-2025T13:35:54 - [TEST_STEP][PASSED] - page = getText(findTestObject(path)): Text of object 'Object Repository/Выполнение бизнес-плана/Значения со страницы Выполнение бизнес-плана/Факт Отпуск в сеть за отчётный период Омскэнерго' is: '1 006 291'

03-03-2025T13:35:54 - [MESSAGE][PASSED] - Text of object 'Object Repository/Выполнение бизнес-плана/Значения со страницы Выполнение бизнес-плана/Факт Отпуск в сеть за отчётный период Омскэнерго' is: '1 006 291'

03-03-2025T13:35:54 - [TEST_STEP][PASSED] - if (page == "" || page == null): null

03-03-2025T13:35:54 - [TEST_STEP][PASSED] - else: null

03-03-2025T13:35:54 - [TEST_STEP][PASSED] - page = page.replaceAll("\s+", ""): null

03-03-2025T13:35:54 - [TEST_STEP][PASSED] - fileOtpuskVSet = otpusk.toInteger(): null

03-03-2025T13:35:54 - [TEST_STEP][PASSED] - pageOtpuskVSet = page.toInteger(): null

03-03-2025T13:35:54 - [TEST_STEP][PASSED] - typeOfData = typeOfDataMain + " Потери": null

03-03-2025T13:35:54 - [TEST_STEP][PASSED] - if (a == 82): null

03-03-2025T13:35:54 - [TEST_STEP][PASSED] - else if (a == 84): null

03-03-2025T13:35:54 - [TEST_STEP][PASSED] - else if (a == 83 || a == 52 || a == 72 || a == 28 || a == 73 || a == 77 || a == 74 || a == 65 || a == 44 || a == 53 || a == 80 || a == 54 || a == 1 || a == 18 || a == 59 || a == 81): null

03-03-2025T13:35:54 - [TEST_STEP][PASSED] - else: null

03-03-2025T13:35:54 - [TEST_STEP][PASSED] - path = dataFolder + typeOfData + " за отчётный период " + b: null

03-03-2025T13:35:54 - [TEST_STEP][PASSED] - page = getText(findTestObject(path)): Text of object 'Object Repository/Выполнение бизнес-плана/Значения со страницы Выполнение бизнес-плана/Факт Потери за отчётный период Омскэнерго' is: '83 232'

03-03-2025T13:35:55 - [MESSAGE][PASSED] - Text of object 'Object Repository/Выполнение бизнес-плана/Значения со страницы Выполнение бизнес-плана/Факт Потери за отчётный период Омскэнерго' is: '83 232'

03-03-2025T13:35:55 - [TEST_STEP][PASSED] - if (page == "" || page == null): null

03-03-2025T13:35:55 - [TEST_STEP][PASSED] - else: null

03-03-2025T13:35:55 - [TEST_STEP][PASSED] - page = page.replaceAll("\s+", ""): null

03-03-2025T13:35:55 - [TEST_STEP][PASSED] - filePoteri = poteri.toInteger(): null

03-03-2025T13:35:55 - [TEST_STEP][PASSED] - pagePoteri = page.toInteger(): null

03-03-2025T13:35:55 - [TEST_STEP][PASSED] - compare = pageOtpuskVSet: null

03-03-2025T13:35:55 - [TEST_STEP][PASSED] - if (pageOtpuskVSet != null): null

03-03-2025T13:35:55 - [TEST_STEP][PASSED] - if (compare == fileOtpuskVSet): null

03-03-2025T13:35:55 - [TEST_STEP][PASSED] - else if (compare > fileOtpuskVSet): null

03-03-2025T13:35:55 - [TEST_STEP][PASSED] - else if (compare < fileOtpuskVSet): null

03-03-2025T13:35:55 - [TEST_STEP][PASSED] - compare = compare + 1: null

03-03-2025T13:35:55 - [TEST_STEP][PASSED] - if (compare == fileOtpuskVSet): null

03-03-2025T13:35:55 - [TEST_STEP][PASSED] - else: null

03-03-2025T13:35:55 - [TEST_STEP][PASSED] - numberOfErrors = numberOfErrors + 1: null

03-03-2025T13:35:55 - [TEST_STEP][PASSED] - pageInt = pageOtpuskVSet: null

03-03-2025T13:35:55 - [TEST_STEP][PASSED] - fileInt = fileOtpuskVSet: null

03-03-2025T13:35:55 - [TEST_STEP][PASSED] - typeOfData = typeOfDataMain + " Отпуск в сеть": null

03-03-2025T13:35:55 - [TEST_STEP][PASSED] - Script1718980020443.WriteToExcel(a, typeOfData, todaysDate, pageInt, fileInt, pageDouble, fileDouble, dZO): null

03-03-2025T13:35:55 - [TEST_STEP][PASSED] - sheetName = "Sheet1": null

03-03-2025T13:35:55 - [TEST_STEP][PASSED] - data = findTestData("PlanFact"): null

03-03-2025T13:35:55 - [TEST_STEP][PASSED] - n = data.getRowNumbers() + 1: null

03-03-2025T13:35:55 - [TEST_STEP][PASSED] - day = ")).toInteger(): null

03-03-2025T13:35:55 - [TEST_STEP][PASSED] - println(day): null

03-03-2025T13:35:55 - [TEST_STEP][PASSED] - month = ")).toInteger(): null

03-03-2025T13:35:55 - [TEST_STEP][PASSED] - println(month): null

03-03-2025T13:35:55 - [TEST_STEP][PASSED] - y = <not implemented yet for class: org.codehaus.groovy.ast.expr.EmptyExpression>: null

03-03-2025T13:35:55 - [TEST_STEP][PASSED] - iy = <not implemented yet for class: org.codehaus.groovy.ast.expr.EmptyExpression>: null

03-03-2025T13:35:55 - [TEST_STEP][PASSED] - m = getText(findTestObject("Выполнение бизнес-плана/Период")): Text of object 'Object Repository/Выполнение бизнес-плана/Период' is: '2024 год'

03-03-2025T13:35:55 - [MESSAGE][PASSED] - Text of object 'Object Repository/Выполнение бизнес-плана/Период' is: '2024 год'

03-03-2025T13:35:55 - [TEST_STEP][PASSED] - iy = m.indexOf("20"): null

03-03-2025T13:35:55 - [TEST_STEP][PASSED] - if (iy > -1): null

03-03-2025T13:35:55 - [TEST_STEP][PASSED] - y = substring(iy, iy + 4).toInteger(): null

03-03-2025T13:35:55 - [TEST_STEP][PASSED] - println(y): null

03-03-2025T13:35:55 - [TEST_STEP][PASSED] - if (toString().length() == 4): null

03-03-2025T13:35:55 - [TEST_STEP][PASSED] - m = m.substring(0, m.indexOf(y.toString())): null

03-03-2025T13:35:55 - [TEST_STEP][PASSED] - m = m.trim(): null

03-03-2025T13:35:55 - [TEST_STEP][PASSED] - if (m == ""): null

03-03-2025T13:35:55 - [TEST_STEP][PASSED] - m = "весь год": null

03-03-2025T13:35:55 - [TEST_STEP][PASSED] - dashboardName = "Выполнение бизнес-плана": null

03-03-2025T13:35:55 - [TEST_STEP][PASSED] - workbook01 = getWorkbook(excelFilePath): null

03-03-2025T13:35:55 - [TEST_STEP][PASSED] - sheet01 = getExcelSheet(workbook01, sheetName): null

03-03-2025T13:35:55 - [TEST_STEP][PASSED] - setValueToCellByIndex(sheet01, n, 0, dashboardName): null

03-03-2025T13:35:55 - [TEST_STEP][PASSED] - setValueToCellByIndex(sheet01, n, 1, dZO): null

03-03-2025T13:35:55 - [TEST_STEP][PASSED] - setValueToCellByIndex(sheet01, n, 2, typeOfData): null

03-03-2025T13:35:55 - [TEST_STEP][PASSED] - if (typeOfData == "Факт в процентах" || typeOfData == "План в процентах"): null

03-03-2025T13:35:55 - [TEST_STEP][PASSED] - else: null

03-03-2025T13:35:55 - [TEST_STEP][PASSED] - setValueToCellByIndex(sheet01, n, 3, fileInt): null

03-03-2025T13:35:55 - [TEST_STEP][PASSED] - setValueToCellByIndex(sheet01, n, 4, pageInt): null

03-03-2025T13:35:55 - [TEST_STEP][PASSED] - setValueToCellByIndex(sheet01, n, 5, m): null

03-03-2025T13:35:55 - [TEST_STEP][PASSED] - setValueToCellByIndex(sheet01, n, 6, y): null

03-03-2025T13:35:55 - [TEST_STEP][PASSED] - setValueToCellByIndex(sheet01, n, 7, todaysDate): null

03-03-2025T13:35:55 - [TEST_STEP][PASSED] - n = n + 1: null

03-03-2025T13:35:55 - [TEST_STEP][PASSED] - saveWorkbook(excelFilePath, workbook01): null

03-03-2025T13:35:55 - [TEST_STEP][PASSED] - compare = pagePoteri: null

03-03-2025T13:35:55 - [TEST_STEP][PASSED] - if (pageOtpuskVSet != null): null

03-03-2025T13:35:55 - [TEST_STEP][PASSED] - if (compare == filePoteri): null

03-03-2025T13:35:55 - [TEST_STEP][PASSED] - else if (compare > filePoteri): null

03-03-2025T13:35:55 - [TEST_STEP][PASSED] - else if (compare < filePoteri): null

03-03-2025T13:35:55 - [TEST_STEP][PASSED] - compare = compare + 1: null

03-03-2025T13:35:55 - [TEST_STEP][PASSED] - if (compare == filePoteri): null

03-03-2025T13:35:55 - [TEST_STEP][PASSED] - else: null

03-03-2025T13:35:55 - [TEST_STEP][PASSED] - numberOfErrors = numberOfErrors + 1: null

03-03-2025T13:35:55 - [TEST_STEP][PASSED] - pageInt = pagePoteri: null

03-03-2025T13:35:55 - [TEST_STEP][PASSED] - fileInt = filePoteri: null

03-03-2025T13:35:55 - [TEST_STEP][PASSED] - typeOfData = typeOfDataMain + " Потери": null

03-03-2025T13:35:55 - [TEST_STEP][PASSED] - Script1718980020443.WriteToExcel(a, typeOfData, todaysDate, pageInt, fileInt, pageDouble, fileDouble, dZO): null

03-03-2025T13:35:55 - [TEST_STEP][PASSED] - sheetName = "Sheet1": null

03-03-2025T13:35:55 - [TEST_STEP][PASSED] - data = findTestData("PlanFact"): null

03-03-2025T13:35:55 - [TEST_STEP][PASSED] - n = data.getRowNumbers() + 1: null

03-03-2025T13:35:55 - [TEST_STEP][PASSED] - day = ")).toInteger(): null

03-03-2025T13:35:55 - [TEST_STEP][PASSED] - println(day): null

03-03-2025T13:35:55 - [TEST_STEP][PASSED] - month = ")).toInteger(): null

03-03-2025T13:35:55 - [TEST_STEP][PASSED] - println(month): null

03-03-2025T13:35:55 - [TEST_STEP][PASSED] - y = <not implemented yet for class: org.codehaus.groovy.ast.expr.EmptyExpression>: null

03-03-2025T13:35:55 - [TEST_STEP][PASSED] - iy = <not implemented yet for class: org.codehaus.groovy.ast.expr.EmptyExpression>: null

03-03-2025T13:35:55 - [TEST_STEP][PASSED] - m = getText(findTestObject("Выполнение бизнес-плана/Период")): Text of object 'Object Repository/Выполнение бизнес-плана/Период' is: '2024 год'

03-03-2025T13:35:56 - [MESSAGE][PASSED] - Text of object 'Object Repository/Выполнение бизнес-плана/Период' is: '2024 год'

03-03-2025T13:35:56 - [TEST_STEP][PASSED] - iy = m.indexOf("20"): null

03-03-2025T13:35:56 - [TEST_STEP][PASSED] - if (iy > -1): null

03-03-2025T13:35:56 - [TEST_STEP][PASSED] - y = substring(iy, iy + 4).toInteger(): null

03-03-2025T13:35:56 - [TEST_STEP][PASSED] - println(y): null

03-03-2025T13:35:56 - [TEST_STEP][PASSED] - if (toString().length() == 4): null

03-03-2025T13:35:56 - [TEST_STEP][PASSED] - m = m.substring(0, m.indexOf(y.toString())): null

03-03-2025T13:35:56 - [TEST_STEP][PASSED] - m = m.trim(): null

03-03-2025T13:35:56 - [TEST_STEP][PASSED] - if (m == ""): null

03-03-2025T13:35:56 - [TEST_STEP][PASSED] - m = "весь год": null

03-03-2025T13:35:56 - [TEST_STEP][PASSED] - dashboardName = "Выполнение бизнес-плана": null

03-03-2025T13:35:56 - [TEST_STEP][PASSED] - workbook01 = getWorkbook(excelFilePath): null

03-03-2025T13:35:56 - [TEST_STEP][PASSED] - sheet01 = getExcelSheet(workbook01, sheetName): null

03-03-2025T13:35:56 - [TEST_STEP][PASSED] - setValueToCellByIndex(sheet01, n, 0, dashboardName): null

03-03-2025T13:35:56 - [TEST_STEP][PASSED] - setValueToCellByIndex(sheet01, n, 1, dZO): null

03-03-2025T13:35:56 - [TEST_STEP][PASSED] - setValueToCellByIndex(sheet01, n, 2, typeOfData): null

03-03-2025T13:35:56 - [TEST_STEP][PASSED] - if (typeOfData == "Факт в процентах" || typeOfData == "План в процентах"): null

03-03-2025T13:35:56 - [TEST_STEP][PASSED] - else: null

03-03-2025T13:35:56 - [TEST_STEP][PASSED] - setValueToCellByIndex(sheet01, n, 3, fileInt): null

03-03-2025T13:35:56 - [TEST_STEP][PASSED] - setValueToCellByIndex(sheet01, n, 4, pageInt): null

03-03-2025T13:35:56 - [TEST_STEP][PASSED] - setValueToCellByIndex(sheet01, n, 5, m): null

03-03-2025T13:35:56 - [TEST_STEP][PASSED] - setValueToCellByIndex(sheet01, n, 6, y): null

03-03-2025T13:35:56 - [TEST_STEP][PASSED] - setValueToCellByIndex(sheet01, n, 7, todaysDate): null

03-03-2025T13:35:56 - [TEST_STEP][PASSED] - n = n + 1: null

03-03-2025T13:35:56 - [TEST_STEP][PASSED] - saveWorkbook(excelFilePath, workbook01): null

03-03-2025T13:35:56 - [TEST_STEP][PASSED] - if (planFact == 2): null

03-03-2025T13:35:56 - [TEST_STEP][PASSED] - if (planFact == 1): null

03-03-2025T13:35:56 - [TEST_STEP][PASSED] - else if (planFact == 2): null

03-03-2025T13:35:56 - [TEST_STEP][PASSED] - click(findTestObject("Выполнение бизнес-плана/Кнопка План")): Object: 'Object Repository/Выполнение бизнес-плана/Кнопка План' is clicked on

03-03-2025T13:35:56 - [MESSAGE][PASSED] - Object: 'Object Repository/Выполнение бизнес-плана/Кнопка План' is clicked on

03-03-2025T13:35:56 - [TEST_STEP][PASSED] - typeOfDataMain = "План": null

03-03-2025T13:35:56 - [TEST_STEP][PASSED] - otpusk = findTestData("PlanFact").getValue(2, a): null

03-03-2025T13:35:56 - [TEST_STEP][PASSED] - poteri = findTestData("PlanFact").getValue(3, a): null

03-03-2025T13:35:57 - [TEST_STEP][PASSED] - otpusk = otpusk.replaceAll("\s+", ""): null

03-03-2025T13:35:57 - [TEST_STEP][PASSED] - poteri = poteri.replaceAll("\s+", ""): null

03-03-2025T13:35:57 - [TEST_STEP][PASSED] - typeOfData = typeOfDataMain + " Отпуск в сеть": null

03-03-2025T13:35:57 - [TEST_STEP][PASSED] - if (a == 82): null

03-03-2025T13:35:57 - [TEST_STEP][PASSED] - else if (a == 84): null

03-03-2025T13:35:57 - [TEST_STEP][PASSED] - else if (a == 83 || a == 52 || a == 72 || a == 28 || a == 73 || a == 77 || a == 74 || a == 65 || a == 36 || a == 44 || a == 53 || a == 80 || a == 54 || a == 1 || a == 18 || a == 59 || a == 81): null

03-03-2025T13:35:57 - [TEST_STEP][PASSED] - else: null

03-03-2025T13:35:57 - [TEST_STEP][PASSED] - path = dataFolder + typeOfData + " за отчётный период " + b: null

03-03-2025T13:35:57 - [TEST_STEP][PASSED] - println(path): null

03-03-2025T13:35:57 - [TEST_STEP][PASSED] - page = getText(findTestObject(path)): Text of object 'Object Repository/Выполнение бизнес-плана/Значения со страницы Выполнение бизнес-плана/План Отпуск в сеть за отчётный период Омскэнерго' is: '1 737 691'

03-03-2025T13:35:57 - [MESSAGE][PASSED] - Text of object 'Object Repository/Выполнение бизнес-плана/Значения со страницы Выполнение бизнес-плана/План Отпуск в сеть за отчётный период Омскэнерго' is: '1 737 691'

03-03-2025T13:35:57 - [TEST_STEP][PASSED] - if (page == "" || page == null): null

03-03-2025T13:35:57 - [TEST_STEP][PASSED] - else: null

03-03-2025T13:35:57 - [TEST_STEP][PASSED] - page = page.replaceAll("\s+", ""): null

03-03-2025T13:35:57 - [TEST_STEP][PASSED] - fileOtpuskVSet = otpusk.toInteger(): null

03-03-2025T13:35:57 - [TEST_STEP][PASSED] - pageOtpuskVSet = page.toInteger(): null

03-03-2025T13:35:57 - [TEST_STEP][PASSED] - typeOfData = typeOfDataMain + " Потери": null

03-03-2025T13:35:57 - [TEST_STEP][PASSED] - if (a == 82): null

03-03-2025T13:35:57 - [TEST_STEP][PASSED] - else if (a == 84): null

03-03-2025T13:35:57 - [TEST_STEP][PASSED] - else if (a == 83 || a == 52 || a == 72 || a == 28 || a == 73 || a == 77 || a == 74 || a == 65 || a == 44 || a == 53 || a == 80 || a == 54 || a == 1 || a == 18 || a == 59 || a == 81): null

03-03-2025T13:35:57 - [TEST_STEP][PASSED] - else: null

03-03-2025T13:35:57 - [TEST_STEP][PASSED] - path = dataFolder + typeOfData + " за отчётный период " + b: null

03-03-2025T13:35:57 - [TEST_STEP][PASSED] - page = getText(findTestObject(path)): Text of object 'Object Repository/Выполнение бизнес-плана/Значения со страницы Выполнение бизнес-плана/План Потери за отчётный период Омскэнерго' is: '845 048'

03-03-2025T13:35:57 - [MESSAGE][PASSED] - Text of object 'Object Repository/Выполнение бизнес-плана/Значения со страницы Выполнение бизнес-плана/План Потери за отчётный период Омскэнерго' is: '845 048'

03-03-2025T13:35:57 - [TEST_STEP][PASSED] - if (page == "" || page == null): null

03-03-2025T13:35:57 - [TEST_STEP][PASSED] - else: null

03-03-2025T13:35:57 - [TEST_STEP][PASSED] - page = page.replaceAll("\s+", ""): null

03-03-2025T13:35:57 - [TEST_STEP][PASSED] - filePoteri = poteri.toInteger(): null

03-03-2025T13:35:57 - [TEST_STEP][PASSED] - pagePoteri = page.toInteger(): null

03-03-2025T13:35:57 - [TEST_STEP][PASSED] - compare = pageOtpuskVSet: null

03-03-2025T13:35:57 - [TEST_STEP][PASSED] - if (pageOtpuskVSet != null): null

03-03-2025T13:35:57 - [TEST_STEP][PASSED] - if (compare == fileOtpuskVSet): null

03-03-2025T13:35:57 - [TEST_STEP][PASSED] - else if (compare > fileOtpuskVSet): null

03-03-2025T13:35:57 - [TEST_STEP][PASSED] - else if (compare < fileOtpuskVSet): null

03-03-2025T13:35:57 - [TEST_STEP][PASSED] - compare = compare + 1: null

03-03-2025T13:35:57 - [TEST_STEP][PASSED] - if (compare == fileOtpuskVSet): null

03-03-2025T13:35:57 - [TEST_STEP][PASSED] - else: null

03-03-2025T13:35:57 - [TEST_STEP][PASSED] - numberOfErrors = numberOfErrors + 1: null

03-03-2025T13:35:57 - [TEST_STEP][PASSED] - pageInt = pageOtpuskVSet: null

03-03-2025T13:35:57 - [TEST_STEP][PASSED] - fileInt = fileOtpuskVSet: null

03-03-2025T13:35:57 - [TEST_STEP][PASSED] - typeOfData = typeOfDataMain + " Отпуск в сеть": null

03-03-2025T13:35:57 - [TEST_STEP][PASSED] - Script1718980020443.WriteToExcel(a, typeOfData, todaysDate, pageInt, fileInt, pageDouble, fileDouble, dZO): null

03-03-2025T13:35:57 - [TEST_STEP][PASSED] - sheetName = "Sheet1": null

03-03-2025T13:35:57 - [TEST_STEP][PASSED] - data = findTestData("PlanFact"): null

03-03-2025T13:35:57 - [TEST_STEP][PASSED] - n = data.getRowNumbers() + 1: null

03-03-2025T13:35:57 - [TEST_STEP][PASSED] - day = ")).toInteger(): null

03-03-2025T13:35:57 - [TEST_STEP][PASSED] - println(day): null

03-03-2025T13:35:57 - [TEST_STEP][PASSED] - month = ")).toInteger(): null

03-03-2025T13:35:57 - [TEST_STEP][PASSED] - println(month): null

03-03-2025T13:35:57 - [TEST_STEP][PASSED] - y = <not implemented yet for class: org.codehaus.groovy.ast.expr.EmptyExpression>: null

03-03-2025T13:35:57 - [TEST_STEP][PASSED] - iy = <not implemented yet for class: org.codehaus.groovy.ast.expr.EmptyExpression>: null

03-03-2025T13:35:57 - [TEST_STEP][PASSED] - m = getText(findTestObject("Выполнение бизнес-плана/Период")): Text of object 'Object Repository/Выполнение бизнес-плана/Период' is: '2024 год'

03-03-2025T13:35:57 - [MESSAGE][PASSED] - Text of object 'Object Repository/Выполнение бизнес-плана/Период' is: '2024 год'

03-03-2025T13:35:57 - [TEST_STEP][PASSED] - iy = m.indexOf("20"): null

03-03-2025T13:35:57 - [TEST_STEP][PASSED] - if (iy > -1): null

03-03-2025T13:35:57 - [TEST_STEP][PASSED] - y = substring(iy, iy + 4).toInteger(): null

03-03-2025T13:35:57 - [TEST_STEP][PASSED] - println(y): null

03-03-2025T13:35:57 - [TEST_STEP][PASSED] - if (toString().length() == 4): null

03-03-2025T13:35:57 - [TEST_STEP][PASSED] - m = m.substring(0, m.indexOf(y.toString())): null

03-03-2025T13:35:57 - [TEST_STEP][PASSED] - m = m.trim(): null

03-03-2025T13:35:57 - [TEST_STEP][PASSED] - if (m == ""): null

03-03-2025T13:35:57 - [TEST_STEP][PASSED] - m = "весь год": null

03-03-2025T13:35:57 - [TEST_STEP][PASSED] - dashboardName = "Выполнение бизнес-плана": null

03-03-2025T13:35:57 - [TEST_STEP][PASSED] - workbook01 = getWorkbook(excelFilePath): null

03-03-2025T13:35:58 - [TEST_STEP][PASSED] - sheet01 = getExcelSheet(workbook01, sheetName): null

03-03-2025T13:35:58 - [TEST_STEP][PASSED] - setValueToCellByIndex(sheet01, n, 0, dashboardName): null

03-03-2025T13:35:58 - [TEST_STEP][PASSED] - setValueToCellByIndex(sheet01, n, 1, dZO): null

03-03-2025T13:35:58 - [TEST_STEP][PASSED] - setValueToCellByIndex(sheet01, n, 2, typeOfData): null

03-03-2025T13:35:58 - [TEST_STEP][PASSED] - if (typeOfData == "Факт в процентах" || typeOfData == "План в процентах"): null

03-03-2025T13:35:58 - [TEST_STEP][PASSED] - else: null

03-03-2025T13:35:58 - [TEST_STEP][PASSED] - setValueToCellByIndex(sheet01, n, 3, fileInt): null

03-03-2025T13:35:58 - [TEST_STEP][PASSED] - setValueToCellByIndex(sheet01, n, 4, pageInt): null

03-03-2025T13:35:58 - [TEST_STEP][PASSED] - setValueToCellByIndex(sheet01, n, 5, m): null

03-03-2025T13:35:58 - [TEST_STEP][PASSED] - setValueToCellByIndex(sheet01, n, 6, y): null

03-03-2025T13:35:58 - [TEST_STEP][PASSED] - setValueToCellByIndex(sheet01, n, 7, todaysDate): null

03-03-2025T13:35:58 - [TEST_STEP][PASSED] - n = n + 1: null

03-03-2025T13:35:58 - [TEST_STEP][PASSED] - saveWorkbook(excelFilePath, workbook01): null

03-03-2025T13:35:58 - [TEST_STEP][PASSED] - compare = pagePoteri: null

03-03-2025T13:35:58 - [TEST_STEP][PASSED] - if (pageOtpuskVSet != null): null

03-03-2025T13:35:58 - [TEST_STEP][PASSED] - if (compare == filePoteri): null

03-03-2025T13:35:58 - [TEST_STEP][PASSED] - else if (compare > filePoteri): null

03-03-2025T13:35:58 - [TEST_STEP][PASSED] - compare = compare - 1: null

03-03-2025T13:35:58 - [TEST_STEP][PASSED] - if (compare == filePoteri): null

03-03-2025T13:35:58 - [TEST_STEP][PASSED] - else: null

03-03-2025T13:35:58 - [TEST_STEP][PASSED] - numberOfErrors = numberOfErrors + 1: null

03-03-2025T13:35:58 - [TEST_STEP][PASSED] - pageInt = pagePoteri: null

03-03-2025T13:35:58 - [TEST_STEP][PASSED] - fileInt = filePoteri: null

03-03-2025T13:35:58 - [TEST_STEP][PASSED] - typeOfData = typeOfDataMain + " Потери": null

03-03-2025T13:35:58 - [TEST_STEP][PASSED] - Script1718980020443.WriteToExcel(a, typeOfData, todaysDate, pageInt, fileInt, pageDouble, fileDouble, dZO): null

03-03-2025T13:35:58 - [TEST_STEP][PASSED] - sheetName = "Sheet1": null

03-03-2025T13:35:58 - [TEST_STEP][PASSED] - data = findTestData("PlanFact"): null

03-03-2025T13:35:58 - [TEST_STEP][PASSED] - n = data.getRowNumbers() + 1: null

03-03-2025T13:35:58 - [TEST_STEP][PASSED] - day = ")).toInteger(): null

03-03-2025T13:35:58 - [TEST_STEP][PASSED] - println(day): null

03-03-2025T13:35:58 - [TEST_STEP][PASSED] - month = ")).toInteger(): null

03-03-2025T13:35:58 - [TEST_STEP][PASSED] - println(month): null

03-03-2025T13:35:58 - [TEST_STEP][PASSED] - y = <not implemented yet for class: org.codehaus.groovy.ast.expr.EmptyExpression>: null

03-03-2025T13:35:58 - [TEST_STEP][PASSED] - iy = <not implemented yet for class: org.codehaus.groovy.ast.expr.EmptyExpression>: null

03-03-2025T13:35:58 - [TEST_STEP][PASSED] - m = getText(findTestObject("Выполнение бизнес-плана/Период")): Text of object 'Object Repository/Выполнение бизнес-плана/Период' is: '2024 год'

03-03-2025T13:35:58 - [MESSAGE][PASSED] - Text of object 'Object Repository/Выполнение бизнес-плана/Период' is: '2024 год'

03-03-2025T13:35:58 - [TEST_STEP][PASSED] - iy = m.indexOf("20"): null

03-03-2025T13:35:58 - [TEST_STEP][PASSED] - if (iy > -1): null

03-03-2025T13:35:58 - [TEST_STEP][PASSED] - y = substring(iy, iy + 4).toInteger(): null

03-03-2025T13:35:58 - [TEST_STEP][PASSED] - println(y): null

03-03-2025T13:35:58 - [TEST_STEP][PASSED] - if (toString().length() == 4): null

03-03-2025T13:35:58 - [TEST_STEP][PASSED] - m = m.substring(0, m.indexOf(y.toString())): null

03-03-2025T13:35:58 - [TEST_STEP][PASSED] - m = m.trim(): null

03-03-2025T13:35:58 - [TEST_STEP][PASSED] - if (m == ""): null

03-03-2025T13:35:58 - [TEST_STEP][PASSED] - m = "весь год": null

03-03-2025T13:35:58 - [TEST_STEP][PASSED] - dashboardName = "Выполнение бизнес-плана": null

03-03-2025T13:35:58 - [TEST_STEP][PASSED] - workbook01 = getWorkbook(excelFilePath): null

03-03-2025T13:35:58 - [TEST_STEP][PASSED] - sheet01 = getExcelSheet(workbook01, sheetName): null

03-03-2025T13:35:58 - [TEST_STEP][PASSED] - setValueToCellByIndex(sheet01, n, 0, dashboardName): null

03-03-2025T13:35:58 - [TEST_STEP][PASSED] - setValueToCellByIndex(sheet01, n, 1, dZO): null

03-03-2025T13:35:58 - [TEST_STEP][PASSED] - setValueToCellByIndex(sheet01, n, 2, typeOfData): null

03-03-2025T13:35:58 - [TEST_STEP][PASSED] - if (typeOfData == "Факт в процентах" || typeOfData == "План в процентах"): null

03-03-2025T13:35:58 - [TEST_STEP][PASSED] - else: null

03-03-2025T13:35:58 - [TEST_STEP][PASSED] - setValueToCellByIndex(sheet01, n, 3, fileInt): null

03-03-2025T13:35:58 - [TEST_STEP][PASSED] - setValueToCellByIndex(sheet01, n, 4, pageInt): null

03-03-2025T13:35:58 - [TEST_STEP][PASSED] - setValueToCellByIndex(sheet01, n, 5, m): null

03-03-2025T13:35:58 - [TEST_STEP][PASSED] - setValueToCellByIndex(sheet01, n, 6, y): null

03-03-2025T13:35:58 - [TEST_STEP][PASSED] - setValueToCellByIndex(sheet01, n, 7, todaysDate): null

03-03-2025T13:35:58 - [TEST_STEP][PASSED] - n = n + 1: null

03-03-2025T13:35:58 - [TEST_STEP][PASSED] - saveWorkbook(excelFilePath, workbook01): Object: 'Object Repository/Выполнение бизнес-плана/Кнопка Факт' is clicked on

03-03-2025T13:35:58 - [TEST_STEP][PASSED] - if (planFact == 2): Object: 'Object Repository/Выполнение бизнес-плана/Кнопка Факт' is clicked on

03-03-2025T13:35:58 - [TEST_STEP][PASSED] - click(findTestObject("Выполнение бизнес-плана/Кнопка Факт")): Object: 'Object Repository/Выполнение бизнес-плана/Кнопка Факт' is clicked on

03-03-2025T13:35:59 - [MESSAGE][PASSED] - Object: 'Object Repository/Выполнение бизнес-плана/Кнопка Факт' is clicked on

03-03-2025T13:35:59 - [TEST_STEP][PASSED] - println("a=" + a): null

03-03-2025T13:35:59 - [TEST_STEP][PASSED] - if (a == 84 || a == 82): null

03-03-2025T13:35:59 - [TEST_STEP][PASSED] - else if (a == 83 || a == 52 || a == 72 || a == 28 || a == 73 || a == 77 || a == 74 || a == 65 || a == 36 || a == 44 || a == 53 || a == 80 || a == 54 || a == 1 || a == 18 || a == 59 || a == 81): null

03-03-2025T13:35:59 - [TEST_STEP][PASSED] - else: null

03-03-2025T13:35:59 - [TEST_STEP][PASSED] - page1 = getText(findTestObject("Object Repository/Выполнение бизнес-плана/spanPlan" + filialNum)): Text of object 'Object Repository/Выполнение бизнес-плана/spanPlan5' is: '14.50
|'

03-03-2025T13:35:59 - [MESSAGE][PASSED] - Text of object 'Object Repository/Выполнение бизнес-плана/spanPlan5' is: '14.50
|'

03-03-2025T13:35:59 - [TEST_STEP][PASSED] - page1 = page1.replace("|", ""): null

03-03-2025T13:35:59 - [TEST_STEP][PASSED] - page2 = getText(findTestObject("Object Repository/Выполнение бизнес-плана/spanFact" + filialNum)): Text of object 'Object Repository/Выполнение бизнес-плана/spanFact5' is: '6.45
|'

03-03-2025T13:35:59 - [MESSAGE][PASSED] - Text of object 'Object Repository/Выполнение бизнес-плана/spanFact5' is: '6.45
|'

03-03-2025T13:35:59 - [TEST_STEP][PASSED] - page2 = page2.replace("|", ""): null

03-03-2025T13:35:59 - [TEST_STEP][PASSED] - println("page1: " + page1): null

03-03-2025T13:35:59 - [TEST_STEP][PASSED] - println("page2: " + page2): null

03-03-2025T13:35:59 - [TEST_STEP][PASSED] - file = findTestData("PlanFact").getValue(4, a): null

03-03-2025T13:35:59 - [TEST_STEP][PASSED] - file = file.replace(",", "."): null

03-03-2025T13:35:59 - [TEST_STEP][PASSED] - println("file Plan: " + file): null

03-03-2025T13:35:59 - [TEST_STEP][PASSED] - typeOfData = "План в процентах": null

03-03-2025T13:35:59 - [TEST_STEP][PASSED] - fileDouble = file.toDouble(): null

03-03-2025T13:35:59 - [TEST_STEP][PASSED] - pageDouble = page1.toDouble(): null

03-03-2025T13:35:59 - [TEST_STEP][PASSED] - if (fileDouble != pageDouble): null

03-03-2025T13:35:59 - [TEST_STEP][PASSED] - numberOfErrors = numberOfErrors + 1: null

03-03-2025T13:35:59 - [TEST_STEP][PASSED] - Script1718980020443.WriteToExcel(a, typeOfData, todaysDate, pageInt, fileInt, pageDouble, fileDouble, dZO): null

03-03-2025T13:35:59 - [TEST_STEP][PASSED] - sheetName = "Sheet1": null

03-03-2025T13:35:59 - [TEST_STEP][PASSED] - data = findTestData("PlanFact"): null

03-03-2025T13:35:59 - [TEST_STEP][PASSED] - n = data.getRowNumbers() + 1: null

03-03-2025T13:35:59 - [TEST_STEP][PASSED] - day = ")).toInteger(): null

03-03-2025T13:35:59 - [TEST_STEP][PASSED] - println(day): null

03-03-2025T13:35:59 - [TEST_STEP][PASSED] - month = ")).toInteger(): null

03-03-2025T13:35:59 - [TEST_STEP][PASSED] - println(month): null

03-03-2025T13:35:59 - [TEST_STEP][PASSED] - y = <not implemented yet for class: org.codehaus.groovy.ast.expr.EmptyExpression>: null

03-03-2025T13:35:59 - [TEST_STEP][PASSED] - iy = <not implemented yet for class: org.codehaus.groovy.ast.expr.EmptyExpression>: null

03-03-2025T13:35:59 - [TEST_STEP][PASSED] - m = getText(findTestObject("Выполнение бизнес-плана/Период")): Text of object 'Object Repository/Выполнение бизнес-плана/Период' is: '2024 год'

03-03-2025T13:36:00 - [MESSAGE][PASSED] - Text of object 'Object Repository/Выполнение бизнес-плана/Период' is: '2024 год'

03-03-2025T13:36:00 - [TEST_STEP][PASSED] - iy = m.indexOf("20"): null

03-03-2025T13:36:00 - [TEST_STEP][PASSED] - if (iy > -1): null

03-03-2025T13:36:00 - [TEST_STEP][PASSED] - y = substring(iy, iy + 4).toInteger(): null

03-03-2025T13:36:00 - [TEST_STEP][PASSED] - println(y): null

03-03-2025T13:36:00 - [TEST_STEP][PASSED] - if (toString().length() == 4): null

03-03-2025T13:36:00 - [TEST_STEP][PASSED] - m = m.substring(0, m.indexOf(y.toString())): null

03-03-2025T13:36:00 - [TEST_STEP][PASSED] - m = m.trim(): null

03-03-2025T13:36:00 - [TEST_STEP][PASSED] - if (m == ""): null

03-03-2025T13:36:00 - [TEST_STEP][PASSED] - m = "весь год": null

03-03-2025T13:36:00 - [TEST_STEP][PASSED] - dashboardName = "Выполнение бизнес-плана": null

03-03-2025T13:36:00 - [TEST_STEP][PASSED] - workbook01 = getWorkbook(excelFilePath): null

03-03-2025T13:36:00 - [TEST_STEP][PASSED] - sheet01 = getExcelSheet(workbook01, sheetName): null

03-03-2025T13:36:00 - [TEST_STEP][PASSED] - setValueToCellByIndex(sheet01, n, 0, dashboardName): null

03-03-2025T13:36:00 - [TEST_STEP][PASSED] - setValueToCellByIndex(sheet01, n, 1, dZO): null

03-03-2025T13:36:00 - [TEST_STEP][PASSED] - setValueToCellByIndex(sheet01, n, 2, typeOfData): null

03-03-2025T13:36:00 - [TEST_STEP][PASSED] - if (typeOfData == "Факт в процентах" || typeOfData == "План в процентах"): null

03-03-2025T13:36:00 - [TEST_STEP][PASSED] - setValueToCellByIndex(sheet01, n, 3, fileDouble): null

03-03-2025T13:36:00 - [TEST_STEP][PASSED] - setValueToCellByIndex(sheet01, n, 4, pageDouble): null

03-03-2025T13:36:00 - [TEST_STEP][PASSED] - setValueToCellByIndex(sheet01, n, 5, m): null

03-03-2025T13:36:00 - [TEST_STEP][PASSED] - setValueToCellByIndex(sheet01, n, 6, y): null

03-03-2025T13:36:00 - [TEST_STEP][PASSED] - setValueToCellByIndex(sheet01, n, 7, todaysDate): null

03-03-2025T13:36:00 - [TEST_STEP][PASSED] - n = n + 1: null

03-03-2025T13:36:00 - [TEST_STEP][PASSED] - saveWorkbook(excelFilePath, workbook01): null

03-03-2025T13:36:00 - [TEST_STEP][PASSED] - file = findTestData("PlanFact").getValue(7, a): null

03-03-2025T13:36:00 - [TEST_STEP][PASSED] - file = file.replace(",", "."): null

03-03-2025T13:36:00 - [TEST_STEP][PASSED] - println("file Fact: " + file): null

03-03-2025T13:36:00 - [TEST_STEP][PASSED] - fileDouble = file.toDouble(): null

03-03-2025T13:36:00 - [TEST_STEP][PASSED] - typeOfData = "Факт в процентах": null

03-03-2025T13:36:00 - [TEST_STEP][PASSED] - fileDouble = file.toDouble(): null

03-03-2025T13:36:00 - [TEST_STEP][PASSED] - pageDouble = page2.toDouble(): null

03-03-2025T13:36:00 - [TEST_STEP][PASSED] - if (fileDouble != pageDouble): null

03-03-2025T13:36:00 - [TEST_STEP][PASSED] - numberOfErrors = numberOfErrors + 1: null

03-03-2025T13:36:00 - [TEST_STEP][PASSED] - Script1718980020443.WriteToExcel(a, typeOfData, todaysDate, pageInt, fileInt, pageDouble, fileDouble, dZO): null

03-03-2025T13:36:00 - [TEST_STEP][PASSED] - sheetName = "Sheet1": null

03-03-2025T13:36:00 - [TEST_STEP][PASSED] - data = findTestData("PlanFact"): null

03-03-2025T13:36:00 - [TEST_STEP][PASSED] - n = data.getRowNumbers() + 1: null

03-03-2025T13:36:00 - [TEST_STEP][PASSED] - day = ")).toInteger(): null

03-03-2025T13:36:00 - [TEST_STEP][PASSED] - println(day): null

03-03-2025T13:36:00 - [TEST_STEP][PASSED] - month = ")).toInteger(): null

03-03-2025T13:36:00 - [TEST_STEP][PASSED] - println(month): null

03-03-2025T13:36:00 - [TEST_STEP][PASSED] - y = <not implemented yet for class: org.codehaus.groovy.ast.expr.EmptyExpression>: null

03-03-2025T13:36:00 - [TEST_STEP][PASSED] - iy = <not implemented yet for class: org.codehaus.groovy.ast.expr.EmptyExpression>: null

03-03-2025T13:36:00 - [TEST_STEP][PASSED] - m = getText(findTestObject("Выполнение бизнес-плана/Период")): Text of object 'Object Repository/Выполнение бизнес-плана/Период' is: '2024 год'

03-03-2025T13:36:00 - [MESSAGE][PASSED] - Text of object 'Object Repository/Выполнение бизнес-плана/Период' is: '2024 год'

03-03-2025T13:36:00 - [TEST_STEP][PASSED] - iy = m.indexOf("20"): null

03-03-2025T13:36:00 - [TEST_STEP][PASSED] - if (iy > -1): null

03-03-2025T13:36:00 - [TEST_STEP][PASSED] - y = substring(iy, iy + 4).toInteger(): null

03-03-2025T13:36:00 - [TEST_STEP][PASSED] - println(y): null

03-03-2025T13:36:00 - [TEST_STEP][PASSED] - if (toString().length() == 4): null

03-03-2025T13:36:00 - [TEST_STEP][PASSED] - m = m.substring(0, m.indexOf(y.toString())): null

03-03-2025T13:36:00 - [TEST_STEP][PASSED] - m = m.trim(): null

03-03-2025T13:36:00 - [TEST_STEP][PASSED] - if (m == ""): null

03-03-2025T13:36:00 - [TEST_STEP][PASSED] - m = "весь год": null

03-03-2025T13:36:00 - [TEST_STEP][PASSED] - dashboardName = "Выполнение бизнес-плана": null

03-03-2025T13:36:00 - [TEST_STEP][PASSED] - workbook01 = getWorkbook(excelFilePath): null

03-03-2025T13:36:00 - [TEST_STEP][PASSED] - sheet01 = getExcelSheet(workbook01, sheetName): null

03-03-2025T13:36:00 - [TEST_STEP][PASSED] - setValueToCellByIndex(sheet01, n, 0, dashboardName): null

03-03-2025T13:36:00 - [TEST_STEP][PASSED] - setValueToCellByIndex(sheet01, n, 1, dZO): null

03-03-2025T13:36:00 - [TEST_STEP][PASSED] - setValueToCellByIndex(sheet01, n, 2, typeOfData): null

03-03-2025T13:36:00 - [TEST_STEP][PASSED] - if (typeOfData == "Факт в процентах" || typeOfData == "План в процентах"): null

03-03-2025T13:36:00 - [TEST_STEP][PASSED] - setValueToCellByIndex(sheet01, n, 3, fileDouble): null

03-03-2025T13:36:00 - [TEST_STEP][PASSED] - setValueToCellByIndex(sheet01, n, 4, pageDouble): null

03-03-2025T13:36:00 - [TEST_STEP][PASSED] - setValueToCellByIndex(sheet01, n, 5, m): null

03-03-2025T13:36:00 - [TEST_STEP][PASSED] - setValueToCellByIndex(sheet01, n, 6, y): null

03-03-2025T13:36:00 - [TEST_STEP][PASSED] - setValueToCellByIndex(sheet01, n, 7, todaysDate): null

03-03-2025T13:36:00 - [TEST_STEP][PASSED] - n = n + 1: null

03-03-2025T13:36:00 - [TEST_STEP][PASSED] - saveWorkbook(excelFilePath, workbook01): null

03-03-2025T13:36:01 - [TEST_STEP][FAILED] - if (verifyEqual(numberOfErrors, 0) == false): null

03-03-2025T13:36:01 - [MESSAGE][FAILED] - Unable to verify equal between actual object '6' and expected object '0' (Root cause: com.kms.katalon.core.exception.StepFailedException: Actual object '6' and expected object '0' are not equal
	at com.kms.katalon.core.keyword.builtin.VerifyEqualKeyword$_verifyEqual_closure1.doCall(VerifyEqualKeyword.groovy:58)
	at com.kms.katalon.core.keyword.builtin.VerifyEqualKeyword$_verifyEqual_closure1.call(VerifyEqualKeyword.groovy)
	at com.kms.katalon.core.keyword.internal.KeywordMain.runKeyword(KeywordMain.groovy:75)
	at com.kms.katalon.core.keyword.builtin.VerifyEqualKeyword.verifyEqual(VerifyEqualKeyword.groovy:63)
	at com.kms.katalon.core.keyword.builtin.VerifyEqualKeyword.execute(VerifyEqualKeyword.groovy:44)
	at com.kms.katalon.core.keyword.internal.KeywordExecutor.executeKeywordForPlatform(KeywordExecutor.groovy:74)
	at com.kms.katalon.core.keyword.BuiltinKeywords.verifyEqual(BuiltinKeywords.groovy:146)
	at jdk.internal.reflect.GeneratedMethodAccessor24.invoke(Unknown Source)
	at java.base/jdk.internal.reflect.DelegatingMethodAccessorImpl.invoke(DelegatingMethodAccessorImpl.java:43)
	at Выполнение бизнес-плана Сверка ПАО Россети все филиалы.Numbers(Выполнение бизнес-плана Сверка ПАО Россети все филиалы:736)
	at Выполнение бизнес-плана Сверка ПАО Россети все филиалы.Filials(Выполнение бизнес-плана Сверка ПАО Россети все филиалы:1613)
	at Выполнение бизнес-плана Сверка ПАО Россети все филиалы.Numbers(Выполнение бизнес-плана Сверка ПАО Россети все филиалы:743)
	at Выполнение бизнес-плана Сверка ПАО Россети все филиалы.run(Выполнение бизнес-плана Сверка ПАО Россети все филиалы:308)
	at com.kms.katalon.core.main.ScriptEngine.run(ScriptEngine.java:194)
	at com.kms.katalon.core.main.ScriptEngine.runScriptAsRawText(ScriptEngine.java:119)
	at com.kms.katalon.core.main.TestCaseExecutor.runScript(TestCaseExecutor.java:448)
	at com.kms.katalon.core.main.TestCaseExecutor.doExecute(TestCaseExecutor.java:439)
	at com.kms.katalon.core.main.TestCaseExecutor.processExecutionPhase(TestCaseExecutor.java:418)
	at com.kms.katalon.core.main.TestCaseExecutor.accessMainPhase(TestCaseExecutor.java:410)
	at com.kms.katalon.core.main.TestCaseExecutor.execute(TestCaseExecutor.java:285)
	at com.kms.katalon.core.common.CommonExecutor.accessTestCaseMainPhase(CommonExecutor.java:65)
	at com.kms.katalon.core.main.TestSuiteExecutor.accessTestSuiteMainPhase(TestSuiteExecutor.java:150)
	at com.kms.katalon.core.main.TestSuiteExecutor.execute(TestSuiteExecutor.java:106)
	at com.kms.katalon.core.main.TestCaseMain.startTestSuite(TestCaseMain.java:180)
	at TempTestSuite1740991900055.run(TempTestSuite1740991900055.groovy:35)
	at java.base/jdk.internal.reflect.NativeMethodAccessorImpl.invoke0(Native Method)
	at java.base/jdk.internal.reflect.NativeMethodAccessorImpl.invoke(NativeMethodAccessorImpl.java:77)
	at java.base/jdk.internal.reflect.DelegatingMethodAccessorImpl.invoke(DelegatingMethodAccessorImpl.java:43)
)

03-03-2025T13:36:01 - [TEST_STEP][PASSED] - println(numberOfErrors): null

03-03-2025T13:36:01 - [TEST_STEP][PASSED] - println("a=" + a): null

03-03-2025T13:36:01 - [TEST_STEP][PASSED] - if (a == 28 || a == 77 || a == 74 || a == 65 || a == 36 || a == 44 || a == 54 || a == 1 || a == 18 || a == 59): null

03-03-2025T13:36:01 - [TEST_STEP][PASSED] - if (a == 82): null

03-03-2025T13:36:01 - [TEST_STEP][PASSED] - dZO = "Хакасэнерго": null

03-03-2025T13:36:01 - [TEST_STEP][PASSED] - a = 50: null

03-03-2025T13:36:01 - [TEST_STEP][PASSED] - if (x2.contains(dZO)): null

03-03-2025T13:36:01 - [TEST_STEP][PASSED] - filialNum = filialNum + 1: null

03-03-2025T13:36:01 - [TEST_STEP][PASSED] - Script1718980020443.Numbers(a, typeOfData, todaysDate, pageInt, fileInt, pageDouble, fileDouble, dZO, dzoNum, filialNum): null

03-03-2025T13:36:01 - [TEST_STEP][PASSED] - println(dzoNum): null

03-03-2025T13:36:01 - [TEST_STEP][PASSED] - planFact = <not implemented yet for class: org.codehaus.groovy.ast.expr.EmptyExpression>: null

03-03-2025T13:36:01 - [TEST_STEP][PASSED] - page = <not implemented yet for class: org.codehaus.groovy.ast.expr.EmptyExpression>: null

03-03-2025T13:36:01 - [TEST_STEP][PASSED] - page1 = <not implemented yet for class: org.codehaus.groovy.ast.expr.EmptyExpression>: null

03-03-2025T13:36:01 - [TEST_STEP][PASSED] - page2 = <not implemented yet for class: org.codehaus.groovy.ast.expr.EmptyExpression>: null

03-03-2025T13:36:01 - [TEST_STEP][PASSED] - filialNumberInRow = <not implemented yet for class: org.codehaus.groovy.ast.expr.EmptyExpression>: null

03-03-2025T13:36:01 - [TEST_STEP][PASSED] - filialsDzoNames = <not implemented yet for class: org.codehaus.groovy.ast.expr.EmptyExpression>: null

03-03-2025T13:36:01 - [TEST_STEP][PASSED] - numberOfFilials = <not implemented yet for class: org.codehaus.groovy.ast.expr.EmptyExpression>: null

03-03-2025T13:36:01 - [TEST_STEP][PASSED] - numberOfSpaces = <not implemented yet for class: org.codehaus.groovy.ast.expr.EmptyExpression>: null

03-03-2025T13:36:01 - [TEST_STEP][PASSED] - file = <not implemented yet for class: org.codehaus.groovy.ast.expr.EmptyExpression>: null

03-03-2025T13:36:01 - [TEST_STEP][PASSED] - otpusk = <not implemented yet for class: org.codehaus.groovy.ast.expr.EmptyExpression>: null

03-03-2025T13:36:01 - [TEST_STEP][PASSED] - poteri = <not implemented yet for class: org.codehaus.groovy.ast.expr.EmptyExpression>: null

03-03-2025T13:36:01 - [TEST_STEP][PASSED] - dataFolder = "Выполнение бизнес-плана/Значения со страницы Выполнение бизнес-плана/": null

03-03-2025T13:36:01 - [TEST_STEP][PASSED] - path = <not implemented yet for class: org.codehaus.groovy.ast.expr.EmptyExpression>: null

03-03-2025T13:36:01 - [TEST_STEP][PASSED] - typeOfDataMain = <not implemented yet for class: org.codehaus.groovy.ast.expr.EmptyExpression>: null

03-03-2025T13:36:01 - [TEST_STEP][PASSED] - fileOtpuskVSet = <not implemented yet for class: org.codehaus.groovy.ast.expr.EmptyExpression>: null

03-03-2025T13:36:01 - [TEST_STEP][PASSED] - pageOtpuskVSet = <not implemented yet for class: org.codehaus.groovy.ast.expr.EmptyExpression>: null

03-03-2025T13:36:01 - [TEST_STEP][PASSED] - filePoteri = <not implemented yet for class: org.codehaus.groovy.ast.expr.EmptyExpression>: null

03-03-2025T13:36:01 - [TEST_STEP][PASSED] - pagePoteri = <not implemented yet for class: org.codehaus.groovy.ast.expr.EmptyExpression>: null

03-03-2025T13:36:01 - [TEST_STEP][PASSED] - compare = <not implemented yet for class: org.codehaus.groovy.ast.expr.EmptyExpression>: null

03-03-2025T13:36:01 - [TEST_STEP][PASSED] - b = <not implemented yet for class: org.codehaus.groovy.ast.expr.EmptyExpression>: null

03-03-2025T13:36:01 - [TEST_STEP][PASSED] - i = <not implemented yet for class: org.codehaus.groovy.ast.expr.EmptyExpression>: null

03-03-2025T13:36:01 - [TEST_STEP][PASSED] - ii = <not implemented yet for class: org.codehaus.groovy.ast.expr.EmptyExpression>: null

03-03-2025T13:36:01 - [TEST_STEP][PASSED] - c = <not implemented yet for class: org.codehaus.groovy.ast.expr.EmptyExpression>: null

03-03-2025T13:36:01 - [TEST_STEP][PASSED] - numberOfErrors = 0: null

03-03-2025T13:36:01 - [TEST_STEP][PASSED] - if (a == 82): null

03-03-2025T13:36:01 - [TEST_STEP][PASSED] - b = findTestData("PlanFact").getValue(1, a): null

03-03-2025T13:36:01 - [TEST_STEP][PASSED] - i = b.indexOf(" (ГК)"): null

03-03-2025T13:36:01 - [TEST_STEP][PASSED] - if (i > -1): null

03-03-2025T13:36:01 - [TEST_STEP][PASSED] - i = b.indexOf("О ""): null

03-03-2025T13:36:01 - [TEST_STEP][PASSED] - if (i > -1): null

03-03-2025T13:36:01 - [TEST_STEP][PASSED] - i = b.indexOf("О «"): null

03-03-2025T13:36:01 - [TEST_STEP][PASSED] - if (i > -1): null

03-03-2025T13:36:01 - [TEST_STEP][PASSED] - i = b.indexOf("г. "): null

03-03-2025T13:36:01 - [TEST_STEP][PASSED] - if (i > -1): null

03-03-2025T13:36:01 - [TEST_STEP][PASSED] - b = b.trim(): null

03-03-2025T13:36:01 - [TEST_STEP][PASSED] - println(b): null

03-03-2025T13:36:01 - [TEST_STEP][PASSED] - for ([planFact = 1, planFact < 3, (planFact++)]): null

03-03-2025T13:36:01 - [TEST_STEP][PASSED] - if (planFact == 1): null

03-03-2025T13:36:01 - [TEST_STEP][PASSED] - typeOfDataMain = "Факт": null

03-03-2025T13:36:01 - [TEST_STEP][PASSED] - otpusk = findTestData("PlanFact").getValue(5, a): null

03-03-2025T13:36:01 - [TEST_STEP][PASSED] - poteri = findTestData("PlanFact").getValue(6, a): null

03-03-2025T13:36:01 - [TEST_STEP][PASSED] - otpusk = otpusk.replaceAll("\s+", ""): null

03-03-2025T13:36:01 - [TEST_STEP][PASSED] - poteri = poteri.replaceAll("\s+", ""): null

03-03-2025T13:36:01 - [TEST_STEP][PASSED] - typeOfData = typeOfDataMain + " Отпуск в сеть": null

03-03-2025T13:36:01 - [TEST_STEP][PASSED] - if (a == 82): null

03-03-2025T13:36:01 - [TEST_STEP][PASSED] - else if (a == 84): null

03-03-2025T13:36:01 - [TEST_STEP][PASSED] - else if (a == 83 || a == 52 || a == 72 || a == 28 || a == 73 || a == 77 || a == 74 || a == 65 || a == 36 || a == 44 || a == 53 || a == 80 || a == 54 || a == 1 || a == 18 || a == 59 || a == 81): null

03-03-2025T13:36:01 - [TEST_STEP][PASSED] - else: null

03-03-2025T13:36:01 - [TEST_STEP][PASSED] - path = dataFolder + typeOfData + " за отчётный период " + b: null

03-03-2025T13:36:01 - [TEST_STEP][PASSED] - println(path): null

03-03-2025T13:36:01 - [TEST_STEP][PASSED] - page = getText(findTestObject(path)): Text of object 'Object Repository/Выполнение бизнес-плана/Значения со страницы Выполнение бизнес-плана/Факт Отпуск в сеть за отчётный период Хакасэнерго' is: '477 056'

03-03-2025T13:36:01 - [MESSAGE][PASSED] - Text of object 'Object Repository/Выполнение бизнес-плана/Значения со страницы Выполнение бизнес-плана/Факт Отпуск в сеть за отчётный период Хакасэнерго' is: '477 056'

03-03-2025T13:36:01 - [TEST_STEP][PASSED] - if (page == "" || page == null): null

03-03-2025T13:36:01 - [TEST_STEP][PASSED] - else: null

03-03-2025T13:36:01 - [TEST_STEP][PASSED] - page = page.replaceAll("\s+", ""): null

03-03-2025T13:36:01 - [TEST_STEP][PASSED] - fileOtpuskVSet = otpusk.toInteger(): null

03-03-2025T13:36:01 - [TEST_STEP][PASSED] - pageOtpuskVSet = page.toInteger(): null

03-03-2025T13:36:01 - [TEST_STEP][PASSED] - typeOfData = typeOfDataMain + " Потери": null

03-03-2025T13:36:01 - [TEST_STEP][PASSED] - if (a == 82): null

03-03-2025T13:36:01 - [TEST_STEP][PASSED] - else if (a == 84): null

03-03-2025T13:36:01 - [TEST_STEP][PASSED] - else if (a == 83 || a == 52 || a == 72 || a == 28 || a == 73 || a == 77 || a == 74 || a == 65 || a == 44 || a == 53 || a == 80 || a == 54 || a == 1 || a == 18 || a == 59 || a == 81): null

03-03-2025T13:36:01 - [TEST_STEP][PASSED] - else: null

03-03-2025T13:36:01 - [TEST_STEP][PASSED] - path = dataFolder + typeOfData + " за отчётный период " + b: null

03-03-2025T13:36:01 - [TEST_STEP][PASSED] - page = getText(findTestObject(path)): Text of object 'Object Repository/Выполнение бизнес-плана/Значения со страницы Выполнение бизнес-плана/Факт Потери за отчётный период Хакасэнерго' is: '21 556'

03-03-2025T13:36:02 - [MESSAGE][PASSED] - Text of object 'Object Repository/Выполнение бизнес-плана/Значения со страницы Выполнение бизнес-плана/Факт Потери за отчётный период Хакасэнерго' is: '21 556'

03-03-2025T13:36:02 - [TEST_STEP][PASSED] - if (page == "" || page == null): null

03-03-2025T13:36:02 - [TEST_STEP][PASSED] - else: null

03-03-2025T13:36:02 - [TEST_STEP][PASSED] - page = page.replaceAll("\s+", ""): null

03-03-2025T13:36:02 - [TEST_STEP][PASSED] - filePoteri = poteri.toInteger(): null

03-03-2025T13:36:02 - [TEST_STEP][PASSED] - pagePoteri = page.toInteger(): null

03-03-2025T13:36:02 - [TEST_STEP][PASSED] - compare = pageOtpuskVSet: null

03-03-2025T13:36:02 - [TEST_STEP][PASSED] - if (pageOtpuskVSet != null): null

03-03-2025T13:36:02 - [TEST_STEP][PASSED] - if (compare == fileOtpuskVSet): null

03-03-2025T13:36:02 - [TEST_STEP][PASSED] - else if (compare > fileOtpuskVSet): null

03-03-2025T13:36:02 - [TEST_STEP][PASSED] - else if (compare < fileOtpuskVSet): null

03-03-2025T13:36:02 - [TEST_STEP][PASSED] - compare = compare + 1: null

03-03-2025T13:36:02 - [TEST_STEP][PASSED] - if (compare == fileOtpuskVSet): null

03-03-2025T13:36:02 - [TEST_STEP][PASSED] - else: null

03-03-2025T13:36:02 - [TEST_STEP][PASSED] - numberOfErrors = numberOfErrors + 1: null

03-03-2025T13:36:02 - [TEST_STEP][PASSED] - pageInt = pageOtpuskVSet: null

03-03-2025T13:36:02 - [TEST_STEP][PASSED] - fileInt = fileOtpuskVSet: null

03-03-2025T13:36:02 - [TEST_STEP][PASSED] - typeOfData = typeOfDataMain + " Отпуск в сеть": null

03-03-2025T13:36:02 - [TEST_STEP][PASSED] - Script1718980020443.WriteToExcel(a, typeOfData, todaysDate, pageInt, fileInt, pageDouble, fileDouble, dZO): null

03-03-2025T13:36:02 - [TEST_STEP][PASSED] - sheetName = "Sheet1": null

03-03-2025T13:36:02 - [TEST_STEP][PASSED] - data = findTestData("PlanFact"): null

03-03-2025T13:36:02 - [TEST_STEP][PASSED] - n = data.getRowNumbers() + 1: null

03-03-2025T13:36:02 - [TEST_STEP][PASSED] - day = ")).toInteger(): null

03-03-2025T13:36:02 - [TEST_STEP][PASSED] - println(day): null

03-03-2025T13:36:02 - [TEST_STEP][PASSED] - month = ")).toInteger(): null

03-03-2025T13:36:02 - [TEST_STEP][PASSED] - println(month): null

03-03-2025T13:36:02 - [TEST_STEP][PASSED] - y = <not implemented yet for class: org.codehaus.groovy.ast.expr.EmptyExpression>: null

03-03-2025T13:36:02 - [TEST_STEP][PASSED] - iy = <not implemented yet for class: org.codehaus.groovy.ast.expr.EmptyExpression>: null

03-03-2025T13:36:02 - [TEST_STEP][PASSED] - m = getText(findTestObject("Выполнение бизнес-плана/Период")): Text of object 'Object Repository/Выполнение бизнес-плана/Период' is: '2024 год'

03-03-2025T13:36:02 - [MESSAGE][PASSED] - Text of object 'Object Repository/Выполнение бизнес-плана/Период' is: '2024 год'

03-03-2025T13:36:02 - [TEST_STEP][PASSED] - iy = m.indexOf("20"): null

03-03-2025T13:36:02 - [TEST_STEP][PASSED] - if (iy > -1): null

03-03-2025T13:36:02 - [TEST_STEP][PASSED] - y = substring(iy, iy + 4).toInteger(): null

03-03-2025T13:36:02 - [TEST_STEP][PASSED] - println(y): null

03-03-2025T13:36:02 - [TEST_STEP][PASSED] - if (toString().length() == 4): null

03-03-2025T13:36:02 - [TEST_STEP][PASSED] - m = m.substring(0, m.indexOf(y.toString())): null

03-03-2025T13:36:02 - [TEST_STEP][PASSED] - m = m.trim(): null

03-03-2025T13:36:02 - [TEST_STEP][PASSED] - if (m == ""): null

03-03-2025T13:36:02 - [TEST_STEP][PASSED] - m = "весь год": null

03-03-2025T13:36:02 - [TEST_STEP][PASSED] - dashboardName = "Выполнение бизнес-плана": null

03-03-2025T13:36:02 - [TEST_STEP][PASSED] - workbook01 = getWorkbook(excelFilePath): null

03-03-2025T13:36:02 - [TEST_STEP][PASSED] - sheet01 = getExcelSheet(workbook01, sheetName): null

03-03-2025T13:36:02 - [TEST_STEP][PASSED] - setValueToCellByIndex(sheet01, n, 0, dashboardName): null

03-03-2025T13:36:02 - [TEST_STEP][PASSED] - setValueToCellByIndex(sheet01, n, 1, dZO): null

03-03-2025T13:36:02 - [TEST_STEP][PASSED] - setValueToCellByIndex(sheet01, n, 2, typeOfData): null

03-03-2025T13:36:02 - [TEST_STEP][PASSED] - if (typeOfData == "Факт в процентах" || typeOfData == "План в процентах"): null

03-03-2025T13:36:02 - [TEST_STEP][PASSED] - else: null

03-03-2025T13:36:02 - [TEST_STEP][PASSED] - setValueToCellByIndex(sheet01, n, 3, fileInt): null

03-03-2025T13:36:02 - [TEST_STEP][PASSED] - setValueToCellByIndex(sheet01, n, 4, pageInt): null

03-03-2025T13:36:02 - [TEST_STEP][PASSED] - setValueToCellByIndex(sheet01, n, 5, m): null

03-03-2025T13:36:02 - [TEST_STEP][PASSED] - setValueToCellByIndex(sheet01, n, 6, y): null

03-03-2025T13:36:02 - [TEST_STEP][PASSED] - setValueToCellByIndex(sheet01, n, 7, todaysDate): null

03-03-2025T13:36:02 - [TEST_STEP][PASSED] - n = n + 1: null

03-03-2025T13:36:02 - [TEST_STEP][PASSED] - saveWorkbook(excelFilePath, workbook01): null

03-03-2025T13:36:02 - [TEST_STEP][PASSED] - compare = pagePoteri: null

03-03-2025T13:36:02 - [TEST_STEP][PASSED] - if (pageOtpuskVSet != null): null

03-03-2025T13:36:02 - [TEST_STEP][PASSED] - if (compare == filePoteri): null

03-03-2025T13:36:02 - [TEST_STEP][PASSED] - else if (compare > filePoteri): null

03-03-2025T13:36:02 - [TEST_STEP][PASSED] - else if (compare < filePoteri): null

03-03-2025T13:36:02 - [TEST_STEP][PASSED] - compare = compare + 1: null

03-03-2025T13:36:02 - [TEST_STEP][PASSED] - if (compare == filePoteri): null

03-03-2025T13:36:02 - [TEST_STEP][PASSED] - else: null

03-03-2025T13:36:02 - [TEST_STEP][PASSED] - numberOfErrors = numberOfErrors + 1: null

03-03-2025T13:36:02 - [TEST_STEP][PASSED] - pageInt = pagePoteri: null

03-03-2025T13:36:02 - [TEST_STEP][PASSED] - fileInt = filePoteri: null

03-03-2025T13:36:02 - [TEST_STEP][PASSED] - typeOfData = typeOfDataMain + " Потери": null

03-03-2025T13:36:02 - [TEST_STEP][PASSED] - Script1718980020443.WriteToExcel(a, typeOfData, todaysDate, pageInt, fileInt, pageDouble, fileDouble, dZO): null

03-03-2025T13:36:02 - [TEST_STEP][PASSED] - sheetName = "Sheet1": null

03-03-2025T13:36:02 - [TEST_STEP][PASSED] - data = findTestData("PlanFact"): null

03-03-2025T13:36:02 - [TEST_STEP][PASSED] - n = data.getRowNumbers() + 1: null

03-03-2025T13:36:02 - [TEST_STEP][PASSED] - day = ")).toInteger(): null

03-03-2025T13:36:02 - [TEST_STEP][PASSED] - println(day): null

03-03-2025T13:36:02 - [TEST_STEP][PASSED] - month = ")).toInteger(): null

03-03-2025T13:36:02 - [TEST_STEP][PASSED] - println(month): null

03-03-2025T13:36:02 - [TEST_STEP][PASSED] - y = <not implemented yet for class: org.codehaus.groovy.ast.expr.EmptyExpression>: null

03-03-2025T13:36:02 - [TEST_STEP][PASSED] - iy = <not implemented yet for class: org.codehaus.groovy.ast.expr.EmptyExpression>: null

03-03-2025T13:36:02 - [TEST_STEP][PASSED] - m = getText(findTestObject("Выполнение бизнес-плана/Период")): Text of object 'Object Repository/Выполнение бизнес-плана/Период' is: '2024 год'

03-03-2025T13:36:03 - [MESSAGE][PASSED] - Text of object 'Object Repository/Выполнение бизнес-плана/Период' is: '2024 год'

03-03-2025T13:36:03 - [TEST_STEP][PASSED] - iy = m.indexOf("20"): null

03-03-2025T13:36:03 - [TEST_STEP][PASSED] - if (iy > -1): null

03-03-2025T13:36:03 - [TEST_STEP][PASSED] - y = substring(iy, iy + 4).toInteger(): null

03-03-2025T13:36:03 - [TEST_STEP][PASSED] - println(y): null

03-03-2025T13:36:03 - [TEST_STEP][PASSED] - if (toString().length() == 4): null

03-03-2025T13:36:03 - [TEST_STEP][PASSED] - m = m.substring(0, m.indexOf(y.toString())): null

03-03-2025T13:36:03 - [TEST_STEP][PASSED] - m = m.trim(): null

03-03-2025T13:36:03 - [TEST_STEP][PASSED] - if (m == ""): null

03-03-2025T13:36:03 - [TEST_STEP][PASSED] - m = "весь год": null

03-03-2025T13:36:03 - [TEST_STEP][PASSED] - dashboardName = "Выполнение бизнес-плана": null

03-03-2025T13:36:03 - [TEST_STEP][PASSED] - workbook01 = getWorkbook(excelFilePath): null

03-03-2025T13:36:03 - [TEST_STEP][PASSED] - sheet01 = getExcelSheet(workbook01, sheetName): null

03-03-2025T13:36:03 - [TEST_STEP][PASSED] - setValueToCellByIndex(sheet01, n, 0, dashboardName): null

03-03-2025T13:36:03 - [TEST_STEP][PASSED] - setValueToCellByIndex(sheet01, n, 1, dZO): null

03-03-2025T13:36:03 - [TEST_STEP][PASSED] - setValueToCellByIndex(sheet01, n, 2, typeOfData): null

03-03-2025T13:36:03 - [TEST_STEP][PASSED] - if (typeOfData == "Факт в процентах" || typeOfData == "План в процентах"): null

03-03-2025T13:36:03 - [TEST_STEP][PASSED] - else: null

03-03-2025T13:36:03 - [TEST_STEP][PASSED] - setValueToCellByIndex(sheet01, n, 3, fileInt): null

03-03-2025T13:36:03 - [TEST_STEP][PASSED] - setValueToCellByIndex(sheet01, n, 4, pageInt): null

03-03-2025T13:36:03 - [TEST_STEP][PASSED] - setValueToCellByIndex(sheet01, n, 5, m): null

03-03-2025T13:36:03 - [TEST_STEP][PASSED] - setValueToCellByIndex(sheet01, n, 6, y): null

03-03-2025T13:36:03 - [TEST_STEP][PASSED] - setValueToCellByIndex(sheet01, n, 7, todaysDate): null

03-03-2025T13:36:03 - [TEST_STEP][PASSED] - n = n + 1: null

03-03-2025T13:36:03 - [TEST_STEP][PASSED] - saveWorkbook(excelFilePath, workbook01): null

03-03-2025T13:36:03 - [TEST_STEP][PASSED] - if (planFact == 2): null

03-03-2025T13:36:03 - [TEST_STEP][PASSED] - if (planFact == 1): null

03-03-2025T13:36:03 - [TEST_STEP][PASSED] - else if (planFact == 2): null

03-03-2025T13:36:03 - [TEST_STEP][PASSED] - click(findTestObject("Выполнение бизнес-плана/Кнопка План")): Object: 'Object Repository/Выполнение бизнес-плана/Кнопка План' is clicked on

03-03-2025T13:36:03 - [MESSAGE][PASSED] - Object: 'Object Repository/Выполнение бизнес-плана/Кнопка План' is clicked on

03-03-2025T13:36:03 - [TEST_STEP][PASSED] - typeOfDataMain = "План": null

03-03-2025T13:36:03 - [TEST_STEP][PASSED] - otpusk = findTestData("PlanFact").getValue(2, a): null

03-03-2025T13:36:03 - [TEST_STEP][PASSED] - poteri = findTestData("PlanFact").getValue(3, a): null

03-03-2025T13:36:03 - [TEST_STEP][PASSED] - otpusk = otpusk.replaceAll("\s+", ""): null

03-03-2025T13:36:03 - [TEST_STEP][PASSED] - poteri = poteri.replaceAll("\s+", ""): null

03-03-2025T13:36:03 - [TEST_STEP][PASSED] - typeOfData = typeOfDataMain + " Отпуск в сеть": null

03-03-2025T13:36:03 - [TEST_STEP][PASSED] - if (a == 82): null

03-03-2025T13:36:03 - [TEST_STEP][PASSED] - else if (a == 84): null

03-03-2025T13:36:03 - [TEST_STEP][PASSED] - else if (a == 83 || a == 52 || a == 72 || a == 28 || a == 73 || a == 77 || a == 74 || a == 65 || a == 36 || a == 44 || a == 53 || a == 80 || a == 54 || a == 1 || a == 18 || a == 59 || a == 81): null

03-03-2025T13:36:03 - [TEST_STEP][PASSED] - else: null

03-03-2025T13:36:03 - [TEST_STEP][PASSED] - path = dataFolder + typeOfData + " за отчётный период " + b: null

03-03-2025T13:36:03 - [TEST_STEP][PASSED] - println(path): null

03-03-2025T13:36:03 - [TEST_STEP][PASSED] - page = getText(findTestObject(path)): Text of object 'Object Repository/Выполнение бизнес-плана/Значения со страницы Выполнение бизнес-плана/План Отпуск в сеть за отчётный период Хакасэнерго' is: '694 275'

03-03-2025T13:36:04 - [MESSAGE][PASSED] - Text of object 'Object Repository/Выполнение бизнес-плана/Значения со страницы Выполнение бизнес-плана/План Отпуск в сеть за отчётный период Хакасэнерго' is: '694 275'

03-03-2025T13:36:04 - [TEST_STEP][PASSED] - if (page == "" || page == null): null

03-03-2025T13:36:04 - [TEST_STEP][PASSED] - else: null

03-03-2025T13:36:04 - [TEST_STEP][PASSED] - page = page.replaceAll("\s+", ""): null

03-03-2025T13:36:04 - [TEST_STEP][PASSED] - fileOtpuskVSet = otpusk.toInteger(): null

03-03-2025T13:36:04 - [TEST_STEP][PASSED] - pageOtpuskVSet = page.toInteger(): null

03-03-2025T13:36:04 - [TEST_STEP][PASSED] - typeOfData = typeOfDataMain + " Потери": null

03-03-2025T13:36:04 - [TEST_STEP][PASSED] - if (a == 82): null

03-03-2025T13:36:04 - [TEST_STEP][PASSED] - else if (a == 84): null

03-03-2025T13:36:04 - [TEST_STEP][PASSED] - else if (a == 83 || a == 52 || a == 72 || a == 28 || a == 73 || a == 77 || a == 74 || a == 65 || a == 44 || a == 53 || a == 80 || a == 54 || a == 1 || a == 18 || a == 59 || a == 81): null

03-03-2025T13:36:04 - [TEST_STEP][PASSED] - else: null

03-03-2025T13:36:04 - [TEST_STEP][PASSED] - path = dataFolder + typeOfData + " за отчётный период " + b: null

03-03-2025T13:36:04 - [TEST_STEP][PASSED] - page = getText(findTestObject(path)): Text of object 'Object Repository/Выполнение бизнес-плана/Значения со страницы Выполнение бизнес-плана/План Потери за отчётный период Хакасэнерго' is: '341 815'

03-03-2025T13:36:04 - [MESSAGE][PASSED] - Text of object 'Object Repository/Выполнение бизнес-плана/Значения со страницы Выполнение бизнес-плана/План Потери за отчётный период Хакасэнерго' is: '341 815'

03-03-2025T13:36:04 - [TEST_STEP][PASSED] - if (page == "" || page == null): null

03-03-2025T13:36:04 - [TEST_STEP][PASSED] - else: null

03-03-2025T13:36:04 - [TEST_STEP][PASSED] - page = page.replaceAll("\s+", ""): null

03-03-2025T13:36:04 - [TEST_STEP][PASSED] - filePoteri = poteri.toInteger(): null

03-03-2025T13:36:04 - [TEST_STEP][PASSED] - pagePoteri = page.toInteger(): null

03-03-2025T13:36:04 - [TEST_STEP][PASSED] - compare = pageOtpuskVSet: null

03-03-2025T13:36:04 - [TEST_STEP][PASSED] - if (pageOtpuskVSet != null): null

03-03-2025T13:36:04 - [TEST_STEP][PASSED] - if (compare == fileOtpuskVSet): null

03-03-2025T13:36:04 - [TEST_STEP][PASSED] - else if (compare > fileOtpuskVSet): null

03-03-2025T13:36:04 - [TEST_STEP][PASSED] - else if (compare < fileOtpuskVSet): null

03-03-2025T13:36:04 - [TEST_STEP][PASSED] - compare = compare + 1: null

03-03-2025T13:36:04 - [TEST_STEP][PASSED] - if (compare == fileOtpuskVSet): null

03-03-2025T13:36:04 - [TEST_STEP][PASSED] - else: null

03-03-2025T13:36:04 - [TEST_STEP][PASSED] - numberOfErrors = numberOfErrors + 1: null

03-03-2025T13:36:04 - [TEST_STEP][PASSED] - pageInt = pageOtpuskVSet: null

03-03-2025T13:36:04 - [TEST_STEP][PASSED] - fileInt = fileOtpuskVSet: null

03-03-2025T13:36:04 - [TEST_STEP][PASSED] - typeOfData = typeOfDataMain + " Отпуск в сеть": null

03-03-2025T13:36:04 - [TEST_STEP][PASSED] - Script1718980020443.WriteToExcel(a, typeOfData, todaysDate, pageInt, fileInt, pageDouble, fileDouble, dZO): null

03-03-2025T13:36:04 - [TEST_STEP][PASSED] - sheetName = "Sheet1": null

03-03-2025T13:36:04 - [TEST_STEP][PASSED] - data = findTestData("PlanFact"): null

03-03-2025T13:36:04 - [TEST_STEP][PASSED] - n = data.getRowNumbers() + 1: null

03-03-2025T13:36:04 - [TEST_STEP][PASSED] - day = ")).toInteger(): null

03-03-2025T13:36:04 - [TEST_STEP][PASSED] - println(day): null

03-03-2025T13:36:04 - [TEST_STEP][PASSED] - month = ")).toInteger(): null

03-03-2025T13:36:04 - [TEST_STEP][PASSED] - println(month): null

03-03-2025T13:36:04 - [TEST_STEP][PASSED] - y = <not implemented yet for class: org.codehaus.groovy.ast.expr.EmptyExpression>: null

03-03-2025T13:36:04 - [TEST_STEP][PASSED] - iy = <not implemented yet for class: org.codehaus.groovy.ast.expr.EmptyExpression>: null

03-03-2025T13:36:04 - [TEST_STEP][PASSED] - m = getText(findTestObject("Выполнение бизнес-плана/Период")): Text of object 'Object Repository/Выполнение бизнес-плана/Период' is: '2024 год'

03-03-2025T13:36:04 - [MESSAGE][PASSED] - Text of object 'Object Repository/Выполнение бизнес-плана/Период' is: '2024 год'

03-03-2025T13:36:04 - [TEST_STEP][PASSED] - iy = m.indexOf("20"): null

03-03-2025T13:36:04 - [TEST_STEP][PASSED] - if (iy > -1): null

03-03-2025T13:36:04 - [TEST_STEP][PASSED] - y = substring(iy, iy + 4).toInteger(): null

03-03-2025T13:36:04 - [TEST_STEP][PASSED] - println(y): null

03-03-2025T13:36:04 - [TEST_STEP][PASSED] - if (toString().length() == 4): null

03-03-2025T13:36:04 - [TEST_STEP][PASSED] - m = m.substring(0, m.indexOf(y.toString())): null

03-03-2025T13:36:04 - [TEST_STEP][PASSED] - m = m.trim(): null

03-03-2025T13:36:04 - [TEST_STEP][PASSED] - if (m == ""): null

03-03-2025T13:36:04 - [TEST_STEP][PASSED] - m = "весь год": null

03-03-2025T13:36:04 - [TEST_STEP][PASSED] - dashboardName = "Выполнение бизнес-плана": null

03-03-2025T13:36:04 - [TEST_STEP][PASSED] - workbook01 = getWorkbook(excelFilePath): null

03-03-2025T13:36:04 - [TEST_STEP][PASSED] - sheet01 = getExcelSheet(workbook01, sheetName): null

03-03-2025T13:36:04 - [TEST_STEP][PASSED] - setValueToCellByIndex(sheet01, n, 0, dashboardName): null

03-03-2025T13:36:04 - [TEST_STEP][PASSED] - setValueToCellByIndex(sheet01, n, 1, dZO): null

03-03-2025T13:36:04 - [TEST_STEP][PASSED] - setValueToCellByIndex(sheet01, n, 2, typeOfData): null

03-03-2025T13:36:04 - [TEST_STEP][PASSED] - if (typeOfData == "Факт в процентах" || typeOfData == "План в процентах"): null

03-03-2025T13:36:04 - [TEST_STEP][PASSED] - else: null

03-03-2025T13:36:04 - [TEST_STEP][PASSED] - setValueToCellByIndex(sheet01, n, 3, fileInt): null

03-03-2025T13:36:04 - [TEST_STEP][PASSED] - setValueToCellByIndex(sheet01, n, 4, pageInt): null

03-03-2025T13:36:04 - [TEST_STEP][PASSED] - setValueToCellByIndex(sheet01, n, 5, m): null

03-03-2025T13:36:04 - [TEST_STEP][PASSED] - setValueToCellByIndex(sheet01, n, 6, y): null

03-03-2025T13:36:04 - [TEST_STEP][PASSED] - setValueToCellByIndex(sheet01, n, 7, todaysDate): null

03-03-2025T13:36:04 - [TEST_STEP][PASSED] - n = n + 1: null

03-03-2025T13:36:04 - [TEST_STEP][PASSED] - saveWorkbook(excelFilePath, workbook01): null

03-03-2025T13:36:05 - [TEST_STEP][PASSED] - compare = pagePoteri: null

03-03-2025T13:36:05 - [TEST_STEP][PASSED] - if (pageOtpuskVSet != null): null

03-03-2025T13:36:05 - [TEST_STEP][PASSED] - if (compare == filePoteri): null

03-03-2025T13:36:05 - [TEST_STEP][PASSED] - else if (compare > filePoteri): null

03-03-2025T13:36:05 - [TEST_STEP][PASSED] - compare = compare - 1: null

03-03-2025T13:36:05 - [TEST_STEP][PASSED] - if (compare == filePoteri): null

03-03-2025T13:36:05 - [TEST_STEP][PASSED] - else: null

03-03-2025T13:36:05 - [TEST_STEP][PASSED] - numberOfErrors = numberOfErrors + 1: null

03-03-2025T13:36:05 - [TEST_STEP][PASSED] - pageInt = pagePoteri: null

03-03-2025T13:36:05 - [TEST_STEP][PASSED] - fileInt = filePoteri: null

03-03-2025T13:36:05 - [TEST_STEP][PASSED] - typeOfData = typeOfDataMain + " Потери": null

03-03-2025T13:36:05 - [TEST_STEP][PASSED] - Script1718980020443.WriteToExcel(a, typeOfData, todaysDate, pageInt, fileInt, pageDouble, fileDouble, dZO): null

03-03-2025T13:36:05 - [TEST_STEP][PASSED] - sheetName = "Sheet1": null

03-03-2025T13:36:05 - [TEST_STEP][PASSED] - data = findTestData("PlanFact"): null

03-03-2025T13:36:05 - [TEST_STEP][PASSED] - n = data.getRowNumbers() + 1: null

03-03-2025T13:36:05 - [TEST_STEP][PASSED] - day = ")).toInteger(): null

03-03-2025T13:36:05 - [TEST_STEP][PASSED] - println(day): null

03-03-2025T13:36:05 - [TEST_STEP][PASSED] - month = ")).toInteger(): null

03-03-2025T13:36:05 - [TEST_STEP][PASSED] - println(month): null

03-03-2025T13:36:05 - [TEST_STEP][PASSED] - y = <not implemented yet for class: org.codehaus.groovy.ast.expr.EmptyExpression>: null

03-03-2025T13:36:05 - [TEST_STEP][PASSED] - iy = <not implemented yet for class: org.codehaus.groovy.ast.expr.EmptyExpression>: null

03-03-2025T13:36:05 - [TEST_STEP][PASSED] - m = getText(findTestObject("Выполнение бизнес-плана/Период")): Text of object 'Object Repository/Выполнение бизнес-плана/Период' is: '2024 год'

03-03-2025T13:36:05 - [MESSAGE][PASSED] - Text of object 'Object Repository/Выполнение бизнес-плана/Период' is: '2024 год'

03-03-2025T13:36:05 - [TEST_STEP][PASSED] - iy = m.indexOf("20"): null

03-03-2025T13:36:05 - [TEST_STEP][PASSED] - if (iy > -1): null

03-03-2025T13:36:05 - [TEST_STEP][PASSED] - y = substring(iy, iy + 4).toInteger(): null

03-03-2025T13:36:05 - [TEST_STEP][PASSED] - println(y): null

03-03-2025T13:36:05 - [TEST_STEP][PASSED] - if (toString().length() == 4): null

03-03-2025T13:36:05 - [TEST_STEP][PASSED] - m = m.substring(0, m.indexOf(y.toString())): null

03-03-2025T13:36:05 - [TEST_STEP][PASSED] - m = m.trim(): null

03-03-2025T13:36:05 - [TEST_STEP][PASSED] - if (m == ""): null

03-03-2025T13:36:05 - [TEST_STEP][PASSED] - m = "весь год": null

03-03-2025T13:36:05 - [TEST_STEP][PASSED] - dashboardName = "Выполнение бизнес-плана": null

03-03-2025T13:36:05 - [TEST_STEP][PASSED] - workbook01 = getWorkbook(excelFilePath): null

03-03-2025T13:36:05 - [TEST_STEP][PASSED] - sheet01 = getExcelSheet(workbook01, sheetName): null

03-03-2025T13:36:05 - [TEST_STEP][PASSED] - setValueToCellByIndex(sheet01, n, 0, dashboardName): null

03-03-2025T13:36:05 - [TEST_STEP][PASSED] - setValueToCellByIndex(sheet01, n, 1, dZO): null

03-03-2025T13:36:05 - [TEST_STEP][PASSED] - setValueToCellByIndex(sheet01, n, 2, typeOfData): null

03-03-2025T13:36:05 - [TEST_STEP][PASSED] - if (typeOfData == "Факт в процентах" || typeOfData == "План в процентах"): null

03-03-2025T13:36:05 - [TEST_STEP][PASSED] - else: null

03-03-2025T13:36:05 - [TEST_STEP][PASSED] - setValueToCellByIndex(sheet01, n, 3, fileInt): null

03-03-2025T13:36:05 - [TEST_STEP][PASSED] - setValueToCellByIndex(sheet01, n, 4, pageInt): null

03-03-2025T13:36:05 - [TEST_STEP][PASSED] - setValueToCellByIndex(sheet01, n, 5, m): null

03-03-2025T13:36:05 - [TEST_STEP][PASSED] - setValueToCellByIndex(sheet01, n, 6, y): null

03-03-2025T13:36:05 - [TEST_STEP][PASSED] - setValueToCellByIndex(sheet01, n, 7, todaysDate): null

03-03-2025T13:36:05 - [TEST_STEP][PASSED] - n = n + 1: null

03-03-2025T13:36:05 - [TEST_STEP][PASSED] - saveWorkbook(excelFilePath, workbook01): Object: 'Object Repository/Выполнение бизнес-плана/Кнопка Факт' is clicked on

03-03-2025T13:36:05 - [TEST_STEP][PASSED] - if (planFact == 2): Object: 'Object Repository/Выполнение бизнес-плана/Кнопка Факт' is clicked on

03-03-2025T13:36:05 - [TEST_STEP][PASSED] - click(findTestObject("Выполнение бизнес-плана/Кнопка Факт")): Object: 'Object Repository/Выполнение бизнес-плана/Кнопка Факт' is clicked on

03-03-2025T13:36:06 - [MESSAGE][PASSED] - Object: 'Object Repository/Выполнение бизнес-плана/Кнопка Факт' is clicked on

03-03-2025T13:36:06 - [TEST_STEP][PASSED] - println("a=" + a): null

03-03-2025T13:36:06 - [TEST_STEP][PASSED] - if (a == 84 || a == 82): null

03-03-2025T13:36:06 - [TEST_STEP][PASSED] - else if (a == 83 || a == 52 || a == 72 || a == 28 || a == 73 || a == 77 || a == 74 || a == 65 || a == 36 || a == 44 || a == 53 || a == 80 || a == 54 || a == 1 || a == 18 || a == 59 || a == 81): null

03-03-2025T13:36:06 - [TEST_STEP][PASSED] - else: null

03-03-2025T13:36:06 - [TEST_STEP][PASSED] - page1 = getText(findTestObject("Object Repository/Выполнение бизнес-плана/spanPlan" + filialNum)): Text of object 'Object Repository/Выполнение бизнес-плана/spanPlan6' is: '16.54
|'

03-03-2025T13:36:06 - [MESSAGE][PASSED] - Text of object 'Object Repository/Выполнение бизнес-плана/spanPlan6' is: '16.54
|'

03-03-2025T13:36:06 - [TEST_STEP][PASSED] - page1 = page1.replace("|", ""): null

03-03-2025T13:36:06 - [TEST_STEP][PASSED] - page2 = getText(findTestObject("Object Repository/Выполнение бизнес-плана/spanFact" + filialNum)): Text of object 'Object Repository/Выполнение бизнес-плана/spanFact6' is: '7.37
|'

03-03-2025T13:36:06 - [MESSAGE][PASSED] - Text of object 'Object Repository/Выполнение бизнес-плана/spanFact6' is: '7.37
|'

03-03-2025T13:36:06 - [TEST_STEP][PASSED] - page2 = page2.replace("|", ""): null

03-03-2025T13:36:06 - [TEST_STEP][PASSED] - println("page1: " + page1): null

03-03-2025T13:36:06 - [TEST_STEP][PASSED] - println("page2: " + page2): null

03-03-2025T13:36:06 - [TEST_STEP][PASSED] - file = findTestData("PlanFact").getValue(4, a): null

03-03-2025T13:36:06 - [TEST_STEP][PASSED] - file = file.replace(",", "."): null

03-03-2025T13:36:06 - [TEST_STEP][PASSED] - println("file Plan: " + file): null

03-03-2025T13:36:06 - [TEST_STEP][PASSED] - typeOfData = "План в процентах": null

03-03-2025T13:36:06 - [TEST_STEP][PASSED] - fileDouble = file.toDouble(): null

03-03-2025T13:36:06 - [TEST_STEP][PASSED] - pageDouble = page1.toDouble(): null

03-03-2025T13:36:06 - [TEST_STEP][PASSED] - if (fileDouble != pageDouble): null

03-03-2025T13:36:06 - [TEST_STEP][PASSED] - numberOfErrors = numberOfErrors + 1: null

03-03-2025T13:36:06 - [TEST_STEP][PASSED] - Script1718980020443.WriteToExcel(a, typeOfData, todaysDate, pageInt, fileInt, pageDouble, fileDouble, dZO): null

03-03-2025T13:36:06 - [TEST_STEP][PASSED] - sheetName = "Sheet1": null

03-03-2025T13:36:06 - [TEST_STEP][PASSED] - data = findTestData("PlanFact"): null

03-03-2025T13:36:06 - [TEST_STEP][PASSED] - n = data.getRowNumbers() + 1: null

03-03-2025T13:36:06 - [TEST_STEP][PASSED] - day = ")).toInteger(): null

03-03-2025T13:36:06 - [TEST_STEP][PASSED] - println(day): null

03-03-2025T13:36:06 - [TEST_STEP][PASSED] - month = ")).toInteger(): null

03-03-2025T13:36:06 - [TEST_STEP][PASSED] - println(month): null

03-03-2025T13:36:06 - [TEST_STEP][PASSED] - y = <not implemented yet for class: org.codehaus.groovy.ast.expr.EmptyExpression>: null

03-03-2025T13:36:06 - [TEST_STEP][PASSED] - iy = <not implemented yet for class: org.codehaus.groovy.ast.expr.EmptyExpression>: null

03-03-2025T13:36:06 - [TEST_STEP][PASSED] - m = getText(findTestObject("Выполнение бизнес-плана/Период")): Text of object 'Object Repository/Выполнение бизнес-плана/Период' is: '2024 год'

03-03-2025T13:36:07 - [MESSAGE][PASSED] - Text of object 'Object Repository/Выполнение бизнес-плана/Период' is: '2024 год'

03-03-2025T13:36:07 - [TEST_STEP][PASSED] - iy = m.indexOf("20"): null

03-03-2025T13:36:07 - [TEST_STEP][PASSED] - if (iy > -1): null

03-03-2025T13:36:07 - [TEST_STEP][PASSED] - y = substring(iy, iy + 4).toInteger(): null

03-03-2025T13:36:07 - [TEST_STEP][PASSED] - println(y): null

03-03-2025T13:36:07 - [TEST_STEP][PASSED] - if (toString().length() == 4): null

03-03-2025T13:36:07 - [TEST_STEP][PASSED] - m = m.substring(0, m.indexOf(y.toString())): null

03-03-2025T13:36:07 - [TEST_STEP][PASSED] - m = m.trim(): null

03-03-2025T13:36:07 - [TEST_STEP][PASSED] - if (m == ""): null

03-03-2025T13:36:07 - [TEST_STEP][PASSED] - m = "весь год": null

03-03-2025T13:36:07 - [TEST_STEP][PASSED] - dashboardName = "Выполнение бизнес-плана": null

03-03-2025T13:36:07 - [TEST_STEP][PASSED] - workbook01 = getWorkbook(excelFilePath): null

03-03-2025T13:36:07 - [TEST_STEP][PASSED] - sheet01 = getExcelSheet(workbook01, sheetName): null

03-03-2025T13:36:07 - [TEST_STEP][PASSED] - setValueToCellByIndex(sheet01, n, 0, dashboardName): null

03-03-2025T13:36:07 - [TEST_STEP][PASSED] - setValueToCellByIndex(sheet01, n, 1, dZO): null

03-03-2025T13:36:07 - [TEST_STEP][PASSED] - setValueToCellByIndex(sheet01, n, 2, typeOfData): null

03-03-2025T13:36:07 - [TEST_STEP][PASSED] - if (typeOfData == "Факт в процентах" || typeOfData == "План в процентах"): null

03-03-2025T13:36:07 - [TEST_STEP][PASSED] - setValueToCellByIndex(sheet01, n, 3, fileDouble): null

03-03-2025T13:36:07 - [TEST_STEP][PASSED] - setValueToCellByIndex(sheet01, n, 4, pageDouble): null

03-03-2025T13:36:07 - [TEST_STEP][PASSED] - setValueToCellByIndex(sheet01, n, 5, m): null

03-03-2025T13:36:07 - [TEST_STEP][PASSED] - setValueToCellByIndex(sheet01, n, 6, y): null

03-03-2025T13:36:07 - [TEST_STEP][PASSED] - setValueToCellByIndex(sheet01, n, 7, todaysDate): null

03-03-2025T13:36:07 - [TEST_STEP][PASSED] - n = n + 1: null

03-03-2025T13:36:07 - [TEST_STEP][PASSED] - saveWorkbook(excelFilePath, workbook01): null

03-03-2025T13:36:07 - [TEST_STEP][PASSED] - file = findTestData("PlanFact").getValue(7, a): null

03-03-2025T13:36:07 - [TEST_STEP][PASSED] - file = file.replace(",", "."): null

03-03-2025T13:36:07 - [TEST_STEP][PASSED] - println("file Fact: " + file): null

03-03-2025T13:36:07 - [TEST_STEP][PASSED] - fileDouble = file.toDouble(): null

03-03-2025T13:36:07 - [TEST_STEP][PASSED] - typeOfData = "Факт в процентах": null

03-03-2025T13:36:07 - [TEST_STEP][PASSED] - fileDouble = file.toDouble(): null

03-03-2025T13:36:07 - [TEST_STEP][PASSED] - pageDouble = page2.toDouble(): null

03-03-2025T13:36:07 - [TEST_STEP][PASSED] - if (fileDouble != pageDouble): null

03-03-2025T13:36:07 - [TEST_STEP][PASSED] - numberOfErrors = numberOfErrors + 1: null

03-03-2025T13:36:07 - [TEST_STEP][PASSED] - Script1718980020443.WriteToExcel(a, typeOfData, todaysDate, pageInt, fileInt, pageDouble, fileDouble, dZO): null

03-03-2025T13:36:07 - [TEST_STEP][PASSED] - sheetName = "Sheet1": null

03-03-2025T13:36:07 - [TEST_STEP][PASSED] - data = findTestData("PlanFact"): null

03-03-2025T13:36:07 - [TEST_STEP][PASSED] - n = data.getRowNumbers() + 1: null

03-03-2025T13:36:07 - [TEST_STEP][PASSED] - day = ")).toInteger(): null

03-03-2025T13:36:07 - [TEST_STEP][PASSED] - println(day): null

03-03-2025T13:36:07 - [TEST_STEP][PASSED] - month = ")).toInteger(): null

03-03-2025T13:36:07 - [TEST_STEP][PASSED] - println(month): null

03-03-2025T13:36:07 - [TEST_STEP][PASSED] - y = <not implemented yet for class: org.codehaus.groovy.ast.expr.EmptyExpression>: null

03-03-2025T13:36:07 - [TEST_STEP][PASSED] - iy = <not implemented yet for class: org.codehaus.groovy.ast.expr.EmptyExpression>: null

03-03-2025T13:36:07 - [TEST_STEP][PASSED] - m = getText(findTestObject("Выполнение бизнес-плана/Период")): Text of object 'Object Repository/Выполнение бизнес-плана/Период' is: '2024 год'

03-03-2025T13:36:07 - [MESSAGE][PASSED] - Text of object 'Object Repository/Выполнение бизнес-плана/Период' is: '2024 год'

03-03-2025T13:36:07 - [TEST_STEP][PASSED] - iy = m.indexOf("20"): null

03-03-2025T13:36:07 - [TEST_STEP][PASSED] - if (iy > -1): null

03-03-2025T13:36:07 - [TEST_STEP][PASSED] - y = substring(iy, iy + 4).toInteger(): null

03-03-2025T13:36:07 - [TEST_STEP][PASSED] - println(y): null

03-03-2025T13:36:07 - [TEST_STEP][PASSED] - if (toString().length() == 4): null

03-03-2025T13:36:07 - [TEST_STEP][PASSED] - m = m.substring(0, m.indexOf(y.toString())): null

03-03-2025T13:36:07 - [TEST_STEP][PASSED] - m = m.trim(): null

03-03-2025T13:36:07 - [TEST_STEP][PASSED] - if (m == ""): null

03-03-2025T13:36:07 - [TEST_STEP][PASSED] - m = "весь год": null

03-03-2025T13:36:07 - [TEST_STEP][PASSED] - dashboardName = "Выполнение бизнес-плана": null

03-03-2025T13:36:07 - [TEST_STEP][PASSED] - workbook01 = getWorkbook(excelFilePath): null

03-03-2025T13:36:07 - [TEST_STEP][PASSED] - sheet01 = getExcelSheet(workbook01, sheetName): null

03-03-2025T13:36:07 - [TEST_STEP][PASSED] - setValueToCellByIndex(sheet01, n, 0, dashboardName): null

03-03-2025T13:36:07 - [TEST_STEP][PASSED] - setValueToCellByIndex(sheet01, n, 1, dZO): null

03-03-2025T13:36:07 - [TEST_STEP][PASSED] - setValueToCellByIndex(sheet01, n, 2, typeOfData): null

03-03-2025T13:36:07 - [TEST_STEP][PASSED] - if (typeOfData == "Факт в процентах" || typeOfData == "План в процентах"): null

03-03-2025T13:36:07 - [TEST_STEP][PASSED] - setValueToCellByIndex(sheet01, n, 3, fileDouble): null

03-03-2025T13:36:07 - [TEST_STEP][PASSED] - setValueToCellByIndex(sheet01, n, 4, pageDouble): null

03-03-2025T13:36:07 - [TEST_STEP][PASSED] - setValueToCellByIndex(sheet01, n, 5, m): null

03-03-2025T13:36:07 - [TEST_STEP][PASSED] - setValueToCellByIndex(sheet01, n, 6, y): null

03-03-2025T13:36:07 - [TEST_STEP][PASSED] - setValueToCellByIndex(sheet01, n, 7, todaysDate): null

03-03-2025T13:36:07 - [TEST_STEP][PASSED] - n = n + 1: null

03-03-2025T13:36:07 - [TEST_STEP][PASSED] - saveWorkbook(excelFilePath, workbook01): null

03-03-2025T13:36:08 - [TEST_STEP][FAILED] - if (verifyEqual(numberOfErrors, 0) == false): null

03-03-2025T13:36:08 - [MESSAGE][FAILED] - Unable to verify equal between actual object '6' and expected object '0' (Root cause: com.kms.katalon.core.exception.StepFailedException: Actual object '6' and expected object '0' are not equal
	at com.kms.katalon.core.keyword.builtin.VerifyEqualKeyword$_verifyEqual_closure1.doCall(VerifyEqualKeyword.groovy:58)
	at com.kms.katalon.core.keyword.builtin.VerifyEqualKeyword$_verifyEqual_closure1.call(VerifyEqualKeyword.groovy)
	at com.kms.katalon.core.keyword.internal.KeywordMain.runKeyword(KeywordMain.groovy:75)
	at com.kms.katalon.core.keyword.builtin.VerifyEqualKeyword.verifyEqual(VerifyEqualKeyword.groovy:63)
	at com.kms.katalon.core.keyword.builtin.VerifyEqualKeyword.execute(VerifyEqualKeyword.groovy:44)
	at com.kms.katalon.core.keyword.internal.KeywordExecutor.executeKeywordForPlatform(KeywordExecutor.groovy:74)
	at com.kms.katalon.core.keyword.BuiltinKeywords.verifyEqual(BuiltinKeywords.groovy:146)
	at jdk.internal.reflect.GeneratedMethodAccessor24.invoke(Unknown Source)
	at java.base/jdk.internal.reflect.DelegatingMethodAccessorImpl.invoke(DelegatingMethodAccessorImpl.java:43)
	at Выполнение бизнес-плана Сверка ПАО Россети все филиалы.Numbers(Выполнение бизнес-плана Сверка ПАО Россети все филиалы:736)
	at Выполнение бизнес-плана Сверка ПАО Россети все филиалы.Filials(Выполнение бизнес-плана Сверка ПАО Россети все филиалы:1625)
	at Выполнение бизнес-плана Сверка ПАО Россети все филиалы.Numbers(Выполнение бизнес-плана Сверка ПАО Россети все филиалы:743)
	at Выполнение бизнес-плана Сверка ПАО Россети все филиалы.run(Выполнение бизнес-плана Сверка ПАО Россети все филиалы:308)
	at com.kms.katalon.core.main.ScriptEngine.run(ScriptEngine.java:194)
	at com.kms.katalon.core.main.ScriptEngine.runScriptAsRawText(ScriptEngine.java:119)
	at com.kms.katalon.core.main.TestCaseExecutor.runScript(TestCaseExecutor.java:448)
	at com.kms.katalon.core.main.TestCaseExecutor.doExecute(TestCaseExecutor.java:439)
	at com.kms.katalon.core.main.TestCaseExecutor.processExecutionPhase(TestCaseExecutor.java:418)
	at com.kms.katalon.core.main.TestCaseExecutor.accessMainPhase(TestCaseExecutor.java:410)
	at com.kms.katalon.core.main.TestCaseExecutor.execute(TestCaseExecutor.java:285)
	at com.kms.katalon.core.common.CommonExecutor.accessTestCaseMainPhase(CommonExecutor.java:65)
	at com.kms.katalon.core.main.TestSuiteExecutor.accessTestSuiteMainPhase(TestSuiteExecutor.java:150)
	at com.kms.katalon.core.main.TestSuiteExecutor.execute(TestSuiteExecutor.java:106)
	at com.kms.katalon.core.main.TestCaseMain.startTestSuite(TestCaseMain.java:180)
	at TempTestSuite1740991900055.run(TempTestSuite1740991900055.groovy:35)
	at java.base/jdk.internal.reflect.NativeMethodAccessorImpl.invoke0(Native Method)
	at java.base/jdk.internal.reflect.NativeMethodAccessorImpl.invoke(NativeMethodAccessorImpl.java:77)
	at java.base/jdk.internal.reflect.DelegatingMethodAccessorImpl.invoke(DelegatingMethodAccessorImpl.java:43)
)

03-03-2025T13:36:08 - [TEST_STEP][PASSED] - println(numberOfErrors): null

03-03-2025T13:36:08 - [TEST_STEP][PASSED] - println("a=" + a): null

03-03-2025T13:36:08 - [TEST_STEP][PASSED] - if (a == 28 || a == 77 || a == 74 || a == 65 || a == 36 || a == 44 || a == 54 || a == 1 || a == 18 || a == 59): null

03-03-2025T13:36:08 - [TEST_STEP][PASSED] - if (a == 82): null

03-03-2025T13:36:08 - [TEST_STEP][PASSED] - dZO = "Читаэнерго": null

03-03-2025T13:36:08 - [TEST_STEP][PASSED] - a = 51: null

03-03-2025T13:36:08 - [TEST_STEP][PASSED] - if (x2.contains(dZO)): null

03-03-2025T13:36:08 - [TEST_STEP][PASSED] - filialNum = filialNum + 1: null

03-03-2025T13:36:08 - [TEST_STEP][PASSED] - Script1718980020443.Numbers(a, typeOfData, todaysDate, pageInt, fileInt, pageDouble, fileDouble, dZO, dzoNum, filialNum): null

03-03-2025T13:36:08 - [TEST_STEP][PASSED] - println(dzoNum): null

03-03-2025T13:36:08 - [TEST_STEP][PASSED] - planFact = <not implemented yet for class: org.codehaus.groovy.ast.expr.EmptyExpression>: null

03-03-2025T13:36:08 - [TEST_STEP][PASSED] - page = <not implemented yet for class: org.codehaus.groovy.ast.expr.EmptyExpression>: null

03-03-2025T13:36:08 - [TEST_STEP][PASSED] - page1 = <not implemented yet for class: org.codehaus.groovy.ast.expr.EmptyExpression>: null

03-03-2025T13:36:08 - [TEST_STEP][PASSED] - page2 = <not implemented yet for class: org.codehaus.groovy.ast.expr.EmptyExpression>: null

03-03-2025T13:36:08 - [TEST_STEP][PASSED] - filialNumberInRow = <not implemented yet for class: org.codehaus.groovy.ast.expr.EmptyExpression>: null

03-03-2025T13:36:08 - [TEST_STEP][PASSED] - filialsDzoNames = <not implemented yet for class: org.codehaus.groovy.ast.expr.EmptyExpression>: null

03-03-2025T13:36:08 - [TEST_STEP][PASSED] - numberOfFilials = <not implemented yet for class: org.codehaus.groovy.ast.expr.EmptyExpression>: null

03-03-2025T13:36:08 - [TEST_STEP][PASSED] - numberOfSpaces = <not implemented yet for class: org.codehaus.groovy.ast.expr.EmptyExpression>: null

03-03-2025T13:36:08 - [TEST_STEP][PASSED] - file = <not implemented yet for class: org.codehaus.groovy.ast.expr.EmptyExpression>: null

03-03-2025T13:36:08 - [TEST_STEP][PASSED] - otpusk = <not implemented yet for class: org.codehaus.groovy.ast.expr.EmptyExpression>: null

03-03-2025T13:36:08 - [TEST_STEP][PASSED] - poteri = <not implemented yet for class: org.codehaus.groovy.ast.expr.EmptyExpression>: null

03-03-2025T13:36:08 - [TEST_STEP][PASSED] - dataFolder = "Выполнение бизнес-плана/Значения со страницы Выполнение бизнес-плана/": null

03-03-2025T13:36:08 - [TEST_STEP][PASSED] - path = <not implemented yet for class: org.codehaus.groovy.ast.expr.EmptyExpression>: null

03-03-2025T13:36:08 - [TEST_STEP][PASSED] - typeOfDataMain = <not implemented yet for class: org.codehaus.groovy.ast.expr.EmptyExpression>: null

03-03-2025T13:36:08 - [TEST_STEP][PASSED] - fileOtpuskVSet = <not implemented yet for class: org.codehaus.groovy.ast.expr.EmptyExpression>: null

03-03-2025T13:36:08 - [TEST_STEP][PASSED] - pageOtpuskVSet = <not implemented yet for class: org.codehaus.groovy.ast.expr.EmptyExpression>: null

03-03-2025T13:36:08 - [TEST_STEP][PASSED] - filePoteri = <not implemented yet for class: org.codehaus.groovy.ast.expr.EmptyExpression>: null

03-03-2025T13:36:08 - [TEST_STEP][PASSED] - pagePoteri = <not implemented yet for class: org.codehaus.groovy.ast.expr.EmptyExpression>: null

03-03-2025T13:36:08 - [TEST_STEP][PASSED] - compare = <not implemented yet for class: org.codehaus.groovy.ast.expr.EmptyExpression>: null

03-03-2025T13:36:08 - [TEST_STEP][PASSED] - b = <not implemented yet for class: org.codehaus.groovy.ast.expr.EmptyExpression>: null

03-03-2025T13:36:08 - [TEST_STEP][PASSED] - i = <not implemented yet for class: org.codehaus.groovy.ast.expr.EmptyExpression>: null

03-03-2025T13:36:08 - [TEST_STEP][PASSED] - ii = <not implemented yet for class: org.codehaus.groovy.ast.expr.EmptyExpression>: null

03-03-2025T13:36:08 - [TEST_STEP][PASSED] - c = <not implemented yet for class: org.codehaus.groovy.ast.expr.EmptyExpression>: null

03-03-2025T13:36:08 - [TEST_STEP][PASSED] - numberOfErrors = 0: null

03-03-2025T13:36:08 - [TEST_STEP][PASSED] - if (a == 82): null

03-03-2025T13:36:08 - [TEST_STEP][PASSED] - b = findTestData("PlanFact").getValue(1, a): null

03-03-2025T13:36:08 - [TEST_STEP][PASSED] - i = b.indexOf(" (ГК)"): null

03-03-2025T13:36:08 - [TEST_STEP][PASSED] - if (i > -1): null

03-03-2025T13:36:08 - [TEST_STEP][PASSED] - i = b.indexOf("О ""): null

03-03-2025T13:36:08 - [TEST_STEP][PASSED] - if (i > -1): null

03-03-2025T13:36:08 - [TEST_STEP][PASSED] - i = b.indexOf("О «"): null

03-03-2025T13:36:08 - [TEST_STEP][PASSED] - if (i > -1): null

03-03-2025T13:36:08 - [TEST_STEP][PASSED] - i = b.indexOf("г. "): null

03-03-2025T13:36:08 - [TEST_STEP][PASSED] - if (i > -1): null

03-03-2025T13:36:08 - [TEST_STEP][PASSED] - b = b.trim(): null

03-03-2025T13:36:08 - [TEST_STEP][PASSED] - println(b): null

03-03-2025T13:36:08 - [TEST_STEP][PASSED] - for ([planFact = 1, planFact < 3, (planFact++)]): null

03-03-2025T13:36:08 - [TEST_STEP][PASSED] - if (planFact == 1): null

03-03-2025T13:36:08 - [TEST_STEP][PASSED] - typeOfDataMain = "Факт": null

03-03-2025T13:36:08 - [TEST_STEP][PASSED] - otpusk = findTestData("PlanFact").getValue(5, a): null

03-03-2025T13:36:08 - [TEST_STEP][PASSED] - poteri = findTestData("PlanFact").getValue(6, a): null

03-03-2025T13:36:08 - [TEST_STEP][PASSED] - otpusk = otpusk.replaceAll("\s+", ""): null

03-03-2025T13:36:08 - [TEST_STEP][PASSED] - poteri = poteri.replaceAll("\s+", ""): null

03-03-2025T13:36:08 - [TEST_STEP][PASSED] - typeOfData = typeOfDataMain + " Отпуск в сеть": null

03-03-2025T13:36:08 - [TEST_STEP][PASSED] - if (a == 82): null

03-03-2025T13:36:08 - [TEST_STEP][PASSED] - else if (a == 84): null

03-03-2025T13:36:08 - [TEST_STEP][PASSED] - else if (a == 83 || a == 52 || a == 72 || a == 28 || a == 73 || a == 77 || a == 74 || a == 65 || a == 36 || a == 44 || a == 53 || a == 80 || a == 54 || a == 1 || a == 18 || a == 59 || a == 81): null

03-03-2025T13:36:08 - [TEST_STEP][PASSED] - else: null

03-03-2025T13:36:08 - [TEST_STEP][PASSED] - path = dataFolder + typeOfData + " за отчётный период " + b: null

03-03-2025T13:36:08 - [TEST_STEP][PASSED] - println(path): null

03-03-2025T13:36:08 - [TEST_STEP][PASSED] - page = getText(findTestObject(path)): Text of object 'Object Repository/Выполнение бизнес-плана/Значения со страницы Выполнение бизнес-плана/Факт Отпуск в сеть за отчётный период Читаэнерго' is: '755 441'

03-03-2025T13:36:08 - [MESSAGE][PASSED] - Text of object 'Object Repository/Выполнение бизнес-плана/Значения со страницы Выполнение бизнес-плана/Факт Отпуск в сеть за отчётный период Читаэнерго' is: '755 441'

03-03-2025T13:36:08 - [TEST_STEP][PASSED] - if (page == "" || page == null): null

03-03-2025T13:36:08 - [TEST_STEP][PASSED] - else: null

03-03-2025T13:36:08 - [TEST_STEP][PASSED] - page = page.replaceAll("\s+", ""): null

03-03-2025T13:36:08 - [TEST_STEP][PASSED] - fileOtpuskVSet = otpusk.toInteger(): null

03-03-2025T13:36:08 - [TEST_STEP][PASSED] - pageOtpuskVSet = page.toInteger(): null

03-03-2025T13:36:08 - [TEST_STEP][PASSED] - typeOfData = typeOfDataMain + " Потери": null

03-03-2025T13:36:08 - [TEST_STEP][PASSED] - if (a == 82): null

03-03-2025T13:36:08 - [TEST_STEP][PASSED] - else if (a == 84): null

03-03-2025T13:36:08 - [TEST_STEP][PASSED] - else if (a == 83 || a == 52 || a == 72 || a == 28 || a == 73 || a == 77 || a == 74 || a == 65 || a == 44 || a == 53 || a == 80 || a == 54 || a == 1 || a == 18 || a == 59 || a == 81): null

03-03-2025T13:36:08 - [TEST_STEP][PASSED] - else: null

03-03-2025T13:36:08 - [TEST_STEP][PASSED] - path = dataFolder + typeOfData + " за отчётный период " + b: null

03-03-2025T13:36:08 - [TEST_STEP][PASSED] - page = getText(findTestObject(path)): Text of object 'Object Repository/Выполнение бизнес-плана/Значения со страницы Выполнение бизнес-плана/Факт Потери за отчётный период Читаэнерго' is: '97 978'

03-03-2025T13:36:08 - [MESSAGE][PASSED] - Text of object 'Object Repository/Выполнение бизнес-плана/Значения со страницы Выполнение бизнес-плана/Факт Потери за отчётный период Читаэнерго' is: '97 978'

03-03-2025T13:36:08 - [TEST_STEP][PASSED] - if (page == "" || page == null): null

03-03-2025T13:36:08 - [TEST_STEP][PASSED] - else: null

03-03-2025T13:36:08 - [TEST_STEP][PASSED] - page = page.replaceAll("\s+", ""): null

03-03-2025T13:36:08 - [TEST_STEP][PASSED] - filePoteri = poteri.toInteger(): null

03-03-2025T13:36:08 - [TEST_STEP][PASSED] - pagePoteri = page.toInteger(): null

03-03-2025T13:36:08 - [TEST_STEP][PASSED] - compare = pageOtpuskVSet: null

03-03-2025T13:36:08 - [TEST_STEP][PASSED] - if (pageOtpuskVSet != null): null

03-03-2025T13:36:08 - [TEST_STEP][PASSED] - if (compare == fileOtpuskVSet): null

03-03-2025T13:36:08 - [TEST_STEP][PASSED] - else if (compare > fileOtpuskVSet): null

03-03-2025T13:36:08 - [TEST_STEP][PASSED] - else if (compare < fileOtpuskVSet): null

03-03-2025T13:36:08 - [TEST_STEP][PASSED] - compare = compare + 1: null

03-03-2025T13:36:08 - [TEST_STEP][PASSED] - if (compare == fileOtpuskVSet): null

03-03-2025T13:36:08 - [TEST_STEP][PASSED] - else: null

03-03-2025T13:36:08 - [TEST_STEP][PASSED] - numberOfErrors = numberOfErrors + 1: null

03-03-2025T13:36:08 - [TEST_STEP][PASSED] - pageInt = pageOtpuskVSet: null

03-03-2025T13:36:08 - [TEST_STEP][PASSED] - fileInt = fileOtpuskVSet: null

03-03-2025T13:36:08 - [TEST_STEP][PASSED] - typeOfData = typeOfDataMain + " Отпуск в сеть": null

03-03-2025T13:36:08 - [TEST_STEP][PASSED] - Script1718980020443.WriteToExcel(a, typeOfData, todaysDate, pageInt, fileInt, pageDouble, fileDouble, dZO): null

03-03-2025T13:36:08 - [TEST_STEP][PASSED] - sheetName = "Sheet1": null

03-03-2025T13:36:08 - [TEST_STEP][PASSED] - data = findTestData("PlanFact"): null

03-03-2025T13:36:08 - [TEST_STEP][PASSED] - n = data.getRowNumbers() + 1: null

03-03-2025T13:36:08 - [TEST_STEP][PASSED] - day = ")).toInteger(): null

03-03-2025T13:36:08 - [TEST_STEP][PASSED] - println(day): null

03-03-2025T13:36:08 - [TEST_STEP][PASSED] - month = ")).toInteger(): null

03-03-2025T13:36:08 - [TEST_STEP][PASSED] - println(month): null

03-03-2025T13:36:08 - [TEST_STEP][PASSED] - y = <not implemented yet for class: org.codehaus.groovy.ast.expr.EmptyExpression>: null

03-03-2025T13:36:08 - [TEST_STEP][PASSED] - iy = <not implemented yet for class: org.codehaus.groovy.ast.expr.EmptyExpression>: null

03-03-2025T13:36:08 - [TEST_STEP][PASSED] - m = getText(findTestObject("Выполнение бизнес-плана/Период")): Text of object 'Object Repository/Выполнение бизнес-плана/Период' is: '2024 год'

03-03-2025T13:36:09 - [MESSAGE][PASSED] - Text of object 'Object Repository/Выполнение бизнес-плана/Период' is: '2024 год'

03-03-2025T13:36:09 - [TEST_STEP][PASSED] - iy = m.indexOf("20"): null

03-03-2025T13:36:09 - [TEST_STEP][PASSED] - if (iy > -1): null

03-03-2025T13:36:09 - [TEST_STEP][PASSED] - y = substring(iy, iy + 4).toInteger(): null

03-03-2025T13:36:09 - [TEST_STEP][PASSED] - println(y): null

03-03-2025T13:36:09 - [TEST_STEP][PASSED] - if (toString().length() == 4): null

03-03-2025T13:36:09 - [TEST_STEP][PASSED] - m = m.substring(0, m.indexOf(y.toString())): null

03-03-2025T13:36:09 - [TEST_STEP][PASSED] - m = m.trim(): null

03-03-2025T13:36:09 - [TEST_STEP][PASSED] - if (m == ""): null

03-03-2025T13:36:09 - [TEST_STEP][PASSED] - m = "весь год": null

03-03-2025T13:36:09 - [TEST_STEP][PASSED] - dashboardName = "Выполнение бизнес-плана": null

03-03-2025T13:36:09 - [TEST_STEP][PASSED] - workbook01 = getWorkbook(excelFilePath): null

03-03-2025T13:36:09 - [TEST_STEP][PASSED] - sheet01 = getExcelSheet(workbook01, sheetName): null

03-03-2025T13:36:09 - [TEST_STEP][PASSED] - setValueToCellByIndex(sheet01, n, 0, dashboardName): null

03-03-2025T13:36:09 - [TEST_STEP][PASSED] - setValueToCellByIndex(sheet01, n, 1, dZO): null

03-03-2025T13:36:09 - [TEST_STEP][PASSED] - setValueToCellByIndex(sheet01, n, 2, typeOfData): null

03-03-2025T13:36:09 - [TEST_STEP][PASSED] - if (typeOfData == "Факт в процентах" || typeOfData == "План в процентах"): null

03-03-2025T13:36:09 - [TEST_STEP][PASSED] - else: null

03-03-2025T13:36:09 - [TEST_STEP][PASSED] - setValueToCellByIndex(sheet01, n, 3, fileInt): null

03-03-2025T13:36:09 - [TEST_STEP][PASSED] - setValueToCellByIndex(sheet01, n, 4, pageInt): null

03-03-2025T13:36:09 - [TEST_STEP][PASSED] - setValueToCellByIndex(sheet01, n, 5, m): null

03-03-2025T13:36:09 - [TEST_STEP][PASSED] - setValueToCellByIndex(sheet01, n, 6, y): null

03-03-2025T13:36:09 - [TEST_STEP][PASSED] - setValueToCellByIndex(sheet01, n, 7, todaysDate): null

03-03-2025T13:36:09 - [TEST_STEP][PASSED] - n = n + 1: null

03-03-2025T13:36:09 - [TEST_STEP][PASSED] - saveWorkbook(excelFilePath, workbook01): null

03-03-2025T13:36:09 - [TEST_STEP][PASSED] - compare = pagePoteri: null

03-03-2025T13:36:09 - [TEST_STEP][PASSED] - if (pageOtpuskVSet != null): null

03-03-2025T13:36:09 - [TEST_STEP][PASSED] - if (compare == filePoteri): null

03-03-2025T13:36:09 - [TEST_STEP][PASSED] - else if (compare > filePoteri): null

03-03-2025T13:36:09 - [TEST_STEP][PASSED] - else if (compare < filePoteri): null

03-03-2025T13:36:09 - [TEST_STEP][PASSED] - compare = compare + 1: null

03-03-2025T13:36:09 - [TEST_STEP][PASSED] - if (compare == filePoteri): null

03-03-2025T13:36:09 - [TEST_STEP][PASSED] - else: null

03-03-2025T13:36:09 - [TEST_STEP][PASSED] - numberOfErrors = numberOfErrors + 1: null

03-03-2025T13:36:09 - [TEST_STEP][PASSED] - pageInt = pagePoteri: null

03-03-2025T13:36:09 - [TEST_STEP][PASSED] - fileInt = filePoteri: null

03-03-2025T13:36:09 - [TEST_STEP][PASSED] - typeOfData = typeOfDataMain + " Потери": null

03-03-2025T13:36:09 - [TEST_STEP][PASSED] - Script1718980020443.WriteToExcel(a, typeOfData, todaysDate, pageInt, fileInt, pageDouble, fileDouble, dZO): null

03-03-2025T13:36:09 - [TEST_STEP][PASSED] - sheetName = "Sheet1": null

03-03-2025T13:36:09 - [TEST_STEP][PASSED] - data = findTestData("PlanFact"): null

03-03-2025T13:36:09 - [TEST_STEP][PASSED] - n = data.getRowNumbers() + 1: null

03-03-2025T13:36:09 - [TEST_STEP][PASSED] - day = ")).toInteger(): null

03-03-2025T13:36:09 - [TEST_STEP][PASSED] - println(day): null

03-03-2025T13:36:09 - [TEST_STEP][PASSED] - month = ")).toInteger(): null

03-03-2025T13:36:09 - [TEST_STEP][PASSED] - println(month): null

03-03-2025T13:36:09 - [TEST_STEP][PASSED] - y = <not implemented yet for class: org.codehaus.groovy.ast.expr.EmptyExpression>: null

03-03-2025T13:36:09 - [TEST_STEP][PASSED] - iy = <not implemented yet for class: org.codehaus.groovy.ast.expr.EmptyExpression>: null

03-03-2025T13:36:09 - [TEST_STEP][PASSED] - m = getText(findTestObject("Выполнение бизнес-плана/Период")): Text of object 'Object Repository/Выполнение бизнес-плана/Период' is: '2024 год'

03-03-2025T13:36:09 - [MESSAGE][PASSED] - Text of object 'Object Repository/Выполнение бизнес-плана/Период' is: '2024 год'

03-03-2025T13:36:09 - [TEST_STEP][PASSED] - iy = m.indexOf("20"): null

03-03-2025T13:36:09 - [TEST_STEP][PASSED] - if (iy > -1): null

03-03-2025T13:36:09 - [TEST_STEP][PASSED] - y = substring(iy, iy + 4).toInteger(): null

03-03-2025T13:36:09 - [TEST_STEP][PASSED] - println(y): null

03-03-2025T13:36:09 - [TEST_STEP][PASSED] - if (toString().length() == 4): null

03-03-2025T13:36:09 - [TEST_STEP][PASSED] - m = m.substring(0, m.indexOf(y.toString())): null

03-03-2025T13:36:09 - [TEST_STEP][PASSED] - m = m.trim(): null

03-03-2025T13:36:09 - [TEST_STEP][PASSED] - if (m == ""): null

03-03-2025T13:36:09 - [TEST_STEP][PASSED] - m = "весь год": null

03-03-2025T13:36:09 - [TEST_STEP][PASSED] - dashboardName = "Выполнение бизнес-плана": null

03-03-2025T13:36:09 - [TEST_STEP][PASSED] - workbook01 = getWorkbook(excelFilePath): null

03-03-2025T13:36:10 - [TEST_STEP][PASSED] - sheet01 = getExcelSheet(workbook01, sheetName): null

03-03-2025T13:36:10 - [TEST_STEP][PASSED] - setValueToCellByIndex(sheet01, n, 0, dashboardName): null

03-03-2025T13:36:10 - [TEST_STEP][PASSED] - setValueToCellByIndex(sheet01, n, 1, dZO): null

03-03-2025T13:36:10 - [TEST_STEP][PASSED] - setValueToCellByIndex(sheet01, n, 2, typeOfData): null

03-03-2025T13:36:10 - [TEST_STEP][PASSED] - if (typeOfData == "Факт в процентах" || typeOfData == "План в процентах"): null

03-03-2025T13:36:10 - [TEST_STEP][PASSED] - else: null

03-03-2025T13:36:10 - [TEST_STEP][PASSED] - setValueToCellByIndex(sheet01, n, 3, fileInt): null

03-03-2025T13:36:10 - [TEST_STEP][PASSED] - setValueToCellByIndex(sheet01, n, 4, pageInt): null

03-03-2025T13:36:10 - [TEST_STEP][PASSED] - setValueToCellByIndex(sheet01, n, 5, m): null

03-03-2025T13:36:10 - [TEST_STEP][PASSED] - setValueToCellByIndex(sheet01, n, 6, y): null

03-03-2025T13:36:10 - [TEST_STEP][PASSED] - setValueToCellByIndex(sheet01, n, 7, todaysDate): null

03-03-2025T13:36:10 - [TEST_STEP][PASSED] - n = n + 1: null

03-03-2025T13:36:10 - [TEST_STEP][PASSED] - saveWorkbook(excelFilePath, workbook01): null

03-03-2025T13:36:10 - [TEST_STEP][PASSED] - if (planFact == 2): null

03-03-2025T13:36:10 - [TEST_STEP][PASSED] - if (planFact == 1): null

03-03-2025T13:36:10 - [TEST_STEP][PASSED] - else if (planFact == 2): null

03-03-2025T13:36:10 - [TEST_STEP][PASSED] - click(findTestObject("Выполнение бизнес-плана/Кнопка План")): Object: 'Object Repository/Выполнение бизнес-плана/Кнопка План' is clicked on

03-03-2025T13:36:10 - [MESSAGE][PASSED] - Object: 'Object Repository/Выполнение бизнес-плана/Кнопка План' is clicked on

03-03-2025T13:36:10 - [TEST_STEP][PASSED] - typeOfDataMain = "План": null

03-03-2025T13:36:10 - [TEST_STEP][PASSED] - otpusk = findTestData("PlanFact").getValue(2, a): null

03-03-2025T13:36:10 - [TEST_STEP][PASSED] - poteri = findTestData("PlanFact").getValue(3, a): null

03-03-2025T13:36:10 - [TEST_STEP][PASSED] - otpusk = otpusk.replaceAll("\s+", ""): null

03-03-2025T13:36:10 - [TEST_STEP][PASSED] - poteri = poteri.replaceAll("\s+", ""): null

03-03-2025T13:36:10 - [TEST_STEP][PASSED] - typeOfData = typeOfDataMain + " Отпуск в сеть": null

03-03-2025T13:36:10 - [TEST_STEP][PASSED] - if (a == 82): null

03-03-2025T13:36:10 - [TEST_STEP][PASSED] - else if (a == 84): null

03-03-2025T13:36:10 - [TEST_STEP][PASSED] - else if (a == 83 || a == 52 || a == 72 || a == 28 || a == 73 || a == 77 || a == 74 || a == 65 || a == 36 || a == 44 || a == 53 || a == 80 || a == 54 || a == 1 || a == 18 || a == 59 || a == 81): null

03-03-2025T13:36:10 - [TEST_STEP][PASSED] - else: null

03-03-2025T13:36:10 - [TEST_STEP][PASSED] - path = dataFolder + typeOfData + " за отчётный период " + b: null

03-03-2025T13:36:10 - [TEST_STEP][PASSED] - println(path): null

03-03-2025T13:36:10 - [TEST_STEP][PASSED] - page = getText(findTestObject(path)): Text of object 'Object Repository/Выполнение бизнес-плана/Значения со страницы Выполнение бизнес-плана/План Отпуск в сеть за отчётный период Читаэнерго' is: '1 266 046'

03-03-2025T13:36:11 - [MESSAGE][PASSED] - Text of object 'Object Repository/Выполнение бизнес-плана/Значения со страницы Выполнение бизнес-плана/План Отпуск в сеть за отчётный период Читаэнерго' is: '1 266 046'

03-03-2025T13:36:11 - [TEST_STEP][PASSED] - if (page == "" || page == null): null

03-03-2025T13:36:11 - [TEST_STEP][PASSED] - else: null

03-03-2025T13:36:11 - [TEST_STEP][PASSED] - page = page.replaceAll("\s+", ""): null

03-03-2025T13:36:11 - [TEST_STEP][PASSED] - fileOtpuskVSet = otpusk.toInteger(): null

03-03-2025T13:36:11 - [TEST_STEP][PASSED] - pageOtpuskVSet = page.toInteger(): null

03-03-2025T13:36:11 - [TEST_STEP][PASSED] - typeOfData = typeOfDataMain + " Потери": null

03-03-2025T13:36:11 - [TEST_STEP][PASSED] - if (a == 82): null

03-03-2025T13:36:11 - [TEST_STEP][PASSED] - else if (a == 84): null

03-03-2025T13:36:11 - [TEST_STEP][PASSED] - else if (a == 83 || a == 52 || a == 72 || a == 28 || a == 73 || a == 77 || a == 74 || a == 65 || a == 44 || a == 53 || a == 80 || a == 54 || a == 1 || a == 18 || a == 59 || a == 81): null

03-03-2025T13:36:11 - [TEST_STEP][PASSED] - else: null

03-03-2025T13:36:11 - [TEST_STEP][PASSED] - path = dataFolder + typeOfData + " за отчётный период " + b: null

03-03-2025T13:36:11 - [TEST_STEP][PASSED] - page = getText(findTestObject(path)): Text of object 'Object Repository/Выполнение бизнес-плана/Значения со страницы Выполнение бизнес-плана/План Потери за отчётный период Читаэнерго' is: '635 875'

03-03-2025T13:36:11 - [MESSAGE][PASSED] - Text of object 'Object Repository/Выполнение бизнес-плана/Значения со страницы Выполнение бизнес-плана/План Потери за отчётный период Читаэнерго' is: '635 875'

03-03-2025T13:36:11 - [TEST_STEP][PASSED] - if (page == "" || page == null): null

03-03-2025T13:36:11 - [TEST_STEP][PASSED] - else: null

03-03-2025T13:36:11 - [TEST_STEP][PASSED] - page = page.replaceAll("\s+", ""): null

03-03-2025T13:36:11 - [TEST_STEP][PASSED] - filePoteri = poteri.toInteger(): null

03-03-2025T13:36:11 - [TEST_STEP][PASSED] - pagePoteri = page.toInteger(): null

03-03-2025T13:36:11 - [TEST_STEP][PASSED] - compare = pageOtpuskVSet: null

03-03-2025T13:36:11 - [TEST_STEP][PASSED] - if (pageOtpuskVSet != null): null

03-03-2025T13:36:11 - [TEST_STEP][PASSED] - if (compare == fileOtpuskVSet): null

03-03-2025T13:36:11 - [TEST_STEP][PASSED] - else if (compare > fileOtpuskVSet): null

03-03-2025T13:36:11 - [TEST_STEP][PASSED] - else if (compare < fileOtpuskVSet): null

03-03-2025T13:36:11 - [TEST_STEP][PASSED] - compare = compare + 1: null

03-03-2025T13:36:11 - [TEST_STEP][PASSED] - if (compare == fileOtpuskVSet): null

03-03-2025T13:36:11 - [TEST_STEP][PASSED] - else: null

03-03-2025T13:36:11 - [TEST_STEP][PASSED] - numberOfErrors = numberOfErrors + 1: null

03-03-2025T13:36:11 - [TEST_STEP][PASSED] - pageInt = pageOtpuskVSet: null

03-03-2025T13:36:11 - [TEST_STEP][PASSED] - fileInt = fileOtpuskVSet: null

03-03-2025T13:36:11 - [TEST_STEP][PASSED] - typeOfData = typeOfDataMain + " Отпуск в сеть": null

03-03-2025T13:36:11 - [TEST_STEP][PASSED] - Script1718980020443.WriteToExcel(a, typeOfData, todaysDate, pageInt, fileInt, pageDouble, fileDouble, dZO): null

03-03-2025T13:36:11 - [TEST_STEP][PASSED] - sheetName = "Sheet1": null

03-03-2025T13:36:11 - [TEST_STEP][PASSED] - data = findTestData("PlanFact"): null

03-03-2025T13:36:11 - [TEST_STEP][PASSED] - n = data.getRowNumbers() + 1: null

03-03-2025T13:36:11 - [TEST_STEP][PASSED] - day = ")).toInteger(): null

03-03-2025T13:36:11 - [TEST_STEP][PASSED] - println(day): null

03-03-2025T13:36:11 - [TEST_STEP][PASSED] - month = ")).toInteger(): null

03-03-2025T13:36:11 - [TEST_STEP][PASSED] - println(month): null

03-03-2025T13:36:11 - [TEST_STEP][PASSED] - y = <not implemented yet for class: org.codehaus.groovy.ast.expr.EmptyExpression>: null

03-03-2025T13:36:11 - [TEST_STEP][PASSED] - iy = <not implemented yet for class: org.codehaus.groovy.ast.expr.EmptyExpression>: null

03-03-2025T13:36:11 - [TEST_STEP][PASSED] - m = getText(findTestObject("Выполнение бизнес-плана/Период")): Text of object 'Object Repository/Выполнение бизнес-плана/Период' is: '2024 год'

03-03-2025T13:36:11 - [MESSAGE][PASSED] - Text of object 'Object Repository/Выполнение бизнес-плана/Период' is: '2024 год'

03-03-2025T13:36:11 - [TEST_STEP][PASSED] - iy = m.indexOf("20"): null

03-03-2025T13:36:11 - [TEST_STEP][PASSED] - if (iy > -1): null

03-03-2025T13:36:11 - [TEST_STEP][PASSED] - y = substring(iy, iy + 4).toInteger(): null

03-03-2025T13:36:11 - [TEST_STEP][PASSED] - println(y): null

03-03-2025T13:36:11 - [TEST_STEP][PASSED] - if (toString().length() == 4): null

03-03-2025T13:36:11 - [TEST_STEP][PASSED] - m = m.substring(0, m.indexOf(y.toString())): null

03-03-2025T13:36:11 - [TEST_STEP][PASSED] - m = m.trim(): null

03-03-2025T13:36:11 - [TEST_STEP][PASSED] - if (m == ""): null

03-03-2025T13:36:11 - [TEST_STEP][PASSED] - m = "весь год": null

03-03-2025T13:36:11 - [TEST_STEP][PASSED] - dashboardName = "Выполнение бизнес-плана": null

03-03-2025T13:36:11 - [TEST_STEP][PASSED] - workbook01 = getWorkbook(excelFilePath): null

03-03-2025T13:36:11 - [TEST_STEP][PASSED] - sheet01 = getExcelSheet(workbook01, sheetName): null

03-03-2025T13:36:11 - [TEST_STEP][PASSED] - setValueToCellByIndex(sheet01, n, 0, dashboardName): null

03-03-2025T13:36:11 - [TEST_STEP][PASSED] - setValueToCellByIndex(sheet01, n, 1, dZO): null

03-03-2025T13:36:11 - [TEST_STEP][PASSED] - setValueToCellByIndex(sheet01, n, 2, typeOfData): null

03-03-2025T13:36:11 - [TEST_STEP][PASSED] - if (typeOfData == "Факт в процентах" || typeOfData == "План в процентах"): null

03-03-2025T13:36:11 - [TEST_STEP][PASSED] - else: null

03-03-2025T13:36:11 - [TEST_STEP][PASSED] - setValueToCellByIndex(sheet01, n, 3, fileInt): null

03-03-2025T13:36:11 - [TEST_STEP][PASSED] - setValueToCellByIndex(sheet01, n, 4, pageInt): null

03-03-2025T13:36:11 - [TEST_STEP][PASSED] - setValueToCellByIndex(sheet01, n, 5, m): null

03-03-2025T13:36:11 - [TEST_STEP][PASSED] - setValueToCellByIndex(sheet01, n, 6, y): null

03-03-2025T13:36:11 - [TEST_STEP][PASSED] - setValueToCellByIndex(sheet01, n, 7, todaysDate): null

03-03-2025T13:36:11 - [TEST_STEP][PASSED] - n = n + 1: null

03-03-2025T13:36:11 - [TEST_STEP][PASSED] - saveWorkbook(excelFilePath, workbook01): null

03-03-2025T13:36:11 - [TEST_STEP][PASSED] - compare = pagePoteri: null

03-03-2025T13:36:11 - [TEST_STEP][PASSED] - if (pageOtpuskVSet != null): null

03-03-2025T13:36:11 - [TEST_STEP][PASSED] - if (compare == filePoteri): null

03-03-2025T13:36:11 - [TEST_STEP][PASSED] - else if (compare > filePoteri): null

03-03-2025T13:36:11 - [TEST_STEP][PASSED] - compare = compare - 1: null

03-03-2025T13:36:11 - [TEST_STEP][PASSED] - if (compare == filePoteri): null

03-03-2025T13:36:11 - [TEST_STEP][PASSED] - else: null

03-03-2025T13:36:11 - [TEST_STEP][PASSED] - numberOfErrors = numberOfErrors + 1: null

03-03-2025T13:36:11 - [TEST_STEP][PASSED] - pageInt = pagePoteri: null

03-03-2025T13:36:11 - [TEST_STEP][PASSED] - fileInt = filePoteri: null

03-03-2025T13:36:11 - [TEST_STEP][PASSED] - typeOfData = typeOfDataMain + " Потери": null

03-03-2025T13:36:11 - [TEST_STEP][PASSED] - Script1718980020443.WriteToExcel(a, typeOfData, todaysDate, pageInt, fileInt, pageDouble, fileDouble, dZO): null

03-03-2025T13:36:11 - [TEST_STEP][PASSED] - sheetName = "Sheet1": null

03-03-2025T13:36:11 - [TEST_STEP][PASSED] - data = findTestData("PlanFact"): null

03-03-2025T13:36:12 - [TEST_STEP][PASSED] - n = data.getRowNumbers() + 1: null

03-03-2025T13:36:12 - [TEST_STEP][PASSED] - day = ")).toInteger(): null

03-03-2025T13:36:12 - [TEST_STEP][PASSED] - println(day): null

03-03-2025T13:36:12 - [TEST_STEP][PASSED] - month = ")).toInteger(): null

03-03-2025T13:36:12 - [TEST_STEP][PASSED] - println(month): null

03-03-2025T13:36:12 - [TEST_STEP][PASSED] - y = <not implemented yet for class: org.codehaus.groovy.ast.expr.EmptyExpression>: null

03-03-2025T13:36:12 - [TEST_STEP][PASSED] - iy = <not implemented yet for class: org.codehaus.groovy.ast.expr.EmptyExpression>: null

03-03-2025T13:36:12 - [TEST_STEP][PASSED] - m = getText(findTestObject("Выполнение бизнес-плана/Период")): Text of object 'Object Repository/Выполнение бизнес-плана/Период' is: '2024 год'

03-03-2025T13:36:12 - [MESSAGE][PASSED] - Text of object 'Object Repository/Выполнение бизнес-плана/Период' is: '2024 год'

03-03-2025T13:36:12 - [TEST_STEP][PASSED] - iy = m.indexOf("20"): null

03-03-2025T13:36:12 - [TEST_STEP][PASSED] - if (iy > -1): null

03-03-2025T13:36:12 - [TEST_STEP][PASSED] - y = substring(iy, iy + 4).toInteger(): null

03-03-2025T13:36:12 - [TEST_STEP][PASSED] - println(y): null

03-03-2025T13:36:12 - [TEST_STEP][PASSED] - if (toString().length() == 4): null

03-03-2025T13:36:12 - [TEST_STEP][PASSED] - m = m.substring(0, m.indexOf(y.toString())): null

03-03-2025T13:36:12 - [TEST_STEP][PASSED] - m = m.trim(): null

03-03-2025T13:36:12 - [TEST_STEP][PASSED] - if (m == ""): null

03-03-2025T13:36:12 - [TEST_STEP][PASSED] - m = "весь год": null

03-03-2025T13:36:12 - [TEST_STEP][PASSED] - dashboardName = "Выполнение бизнес-плана": null

03-03-2025T13:36:12 - [TEST_STEP][PASSED] - workbook01 = getWorkbook(excelFilePath): null

03-03-2025T13:36:12 - [TEST_STEP][PASSED] - sheet01 = getExcelSheet(workbook01, sheetName): null

03-03-2025T13:36:12 - [TEST_STEP][PASSED] - setValueToCellByIndex(sheet01, n, 0, dashboardName): null

03-03-2025T13:36:12 - [TEST_STEP][PASSED] - setValueToCellByIndex(sheet01, n, 1, dZO): null

03-03-2025T13:36:12 - [TEST_STEP][PASSED] - setValueToCellByIndex(sheet01, n, 2, typeOfData): null

03-03-2025T13:36:12 - [TEST_STEP][PASSED] - if (typeOfData == "Факт в процентах" || typeOfData == "План в процентах"): null

03-03-2025T13:36:12 - [TEST_STEP][PASSED] - else: null

03-03-2025T13:36:12 - [TEST_STEP][PASSED] - setValueToCellByIndex(sheet01, n, 3, fileInt): null

03-03-2025T13:36:12 - [TEST_STEP][PASSED] - setValueToCellByIndex(sheet01, n, 4, pageInt): null

03-03-2025T13:36:12 - [TEST_STEP][PASSED] - setValueToCellByIndex(sheet01, n, 5, m): null

03-03-2025T13:36:12 - [TEST_STEP][PASSED] - setValueToCellByIndex(sheet01, n, 6, y): null

03-03-2025T13:36:12 - [TEST_STEP][PASSED] - setValueToCellByIndex(sheet01, n, 7, todaysDate): null

03-03-2025T13:36:12 - [TEST_STEP][PASSED] - n = n + 1: null

03-03-2025T13:36:12 - [TEST_STEP][PASSED] - saveWorkbook(excelFilePath, workbook01): Object: 'Object Repository/Выполнение бизнес-плана/Кнопка Факт' is clicked on

03-03-2025T13:36:12 - [TEST_STEP][PASSED] - if (planFact == 2): Object: 'Object Repository/Выполнение бизнес-плана/Кнопка Факт' is clicked on

03-03-2025T13:36:12 - [TEST_STEP][PASSED] - click(findTestObject("Выполнение бизнес-плана/Кнопка Факт")): Object: 'Object Repository/Выполнение бизнес-плана/Кнопка Факт' is clicked on

03-03-2025T13:36:12 - [MESSAGE][PASSED] - Object: 'Object Repository/Выполнение бизнес-плана/Кнопка Факт' is clicked on

03-03-2025T13:36:12 - [TEST_STEP][PASSED] - println("a=" + a): null

03-03-2025T13:36:12 - [TEST_STEP][PASSED] - if (a == 84 || a == 82): null

03-03-2025T13:36:12 - [TEST_STEP][PASSED] - else if (a == 83 || a == 52 || a == 72 || a == 28 || a == 73 || a == 77 || a == 74 || a == 65 || a == 36 || a == 44 || a == 53 || a == 80 || a == 54 || a == 1 || a == 18 || a == 59 || a == 81): null

03-03-2025T13:36:12 - [TEST_STEP][PASSED] - else: null

03-03-2025T13:36:12 - [TEST_STEP][PASSED] - page1 = getText(findTestObject("Object Repository/Выполнение бизнес-плана/spanPlan" + filialNum)): Text of object 'Object Repository/Выполнение бизнес-плана/spanPlan7' is: '15.22
|'

03-03-2025T13:36:13 - [MESSAGE][PASSED] - Text of object 'Object Repository/Выполнение бизнес-плана/spanPlan7' is: '15.22
|'

03-03-2025T13:36:13 - [TEST_STEP][PASSED] - page1 = page1.replace("|", ""): null

03-03-2025T13:36:13 - [TEST_STEP][PASSED] - page2 = getText(findTestObject("Object Repository/Выполнение бизнес-плана/spanFact" + filialNum)): Text of object 'Object Repository/Выполнение бизнес-плана/spanFact7' is: '8.43
|'

03-03-2025T13:36:13 - [MESSAGE][PASSED] - Text of object 'Object Repository/Выполнение бизнес-плана/spanFact7' is: '8.43
|'

03-03-2025T13:36:13 - [TEST_STEP][PASSED] - page2 = page2.replace("|", ""): null

03-03-2025T13:36:13 - [TEST_STEP][PASSED] - println("page1: " + page1): null

03-03-2025T13:36:13 - [TEST_STEP][PASSED] - println("page2: " + page2): null

03-03-2025T13:36:13 - [TEST_STEP][PASSED] - file = findTestData("PlanFact").getValue(4, a): null

03-03-2025T13:36:13 - [TEST_STEP][PASSED] - file = file.replace(",", "."): null

03-03-2025T13:36:13 - [TEST_STEP][PASSED] - println("file Plan: " + file): null

03-03-2025T13:36:13 - [TEST_STEP][PASSED] - typeOfData = "План в процентах": null

03-03-2025T13:36:13 - [TEST_STEP][PASSED] - fileDouble = file.toDouble(): null

03-03-2025T13:36:13 - [TEST_STEP][PASSED] - pageDouble = page1.toDouble(): null

03-03-2025T13:36:13 - [TEST_STEP][PASSED] - if (fileDouble != pageDouble): null

03-03-2025T13:36:13 - [TEST_STEP][PASSED] - numberOfErrors = numberOfErrors + 1: null

03-03-2025T13:36:13 - [TEST_STEP][PASSED] - Script1718980020443.WriteToExcel(a, typeOfData, todaysDate, pageInt, fileInt, pageDouble, fileDouble, dZO): null

03-03-2025T13:36:13 - [TEST_STEP][PASSED] - sheetName = "Sheet1": null

03-03-2025T13:36:13 - [TEST_STEP][PASSED] - data = findTestData("PlanFact"): null

03-03-2025T13:36:13 - [TEST_STEP][PASSED] - n = data.getRowNumbers() + 1: null

03-03-2025T13:36:13 - [TEST_STEP][PASSED] - day = ")).toInteger(): null

03-03-2025T13:36:13 - [TEST_STEP][PASSED] - println(day): null

03-03-2025T13:36:13 - [TEST_STEP][PASSED] - month = ")).toInteger(): null

03-03-2025T13:36:13 - [TEST_STEP][PASSED] - println(month): null

03-03-2025T13:36:13 - [TEST_STEP][PASSED] - y = <not implemented yet for class: org.codehaus.groovy.ast.expr.EmptyExpression>: null

03-03-2025T13:36:13 - [TEST_STEP][PASSED] - iy = <not implemented yet for class: org.codehaus.groovy.ast.expr.EmptyExpression>: null

03-03-2025T13:36:13 - [TEST_STEP][PASSED] - m = getText(findTestObject("Выполнение бизнес-плана/Период")): Text of object 'Object Repository/Выполнение бизнес-плана/Период' is: '2024 год'

03-03-2025T13:36:13 - [MESSAGE][PASSED] - Text of object 'Object Repository/Выполнение бизнес-плана/Период' is: '2024 год'

03-03-2025T13:36:13 - [TEST_STEP][PASSED] - iy = m.indexOf("20"): null

03-03-2025T13:36:13 - [TEST_STEP][PASSED] - if (iy > -1): null

03-03-2025T13:36:13 - [TEST_STEP][PASSED] - y = substring(iy, iy + 4).toInteger(): null

03-03-2025T13:36:13 - [TEST_STEP][PASSED] - println(y): null

03-03-2025T13:36:13 - [TEST_STEP][PASSED] - if (toString().length() == 4): null

03-03-2025T13:36:13 - [TEST_STEP][PASSED] - m = m.substring(0, m.indexOf(y.toString())): null

03-03-2025T13:36:13 - [TEST_STEP][PASSED] - m = m.trim(): null

03-03-2025T13:36:13 - [TEST_STEP][PASSED] - if (m == ""): null

03-03-2025T13:36:13 - [TEST_STEP][PASSED] - m = "весь год": null

03-03-2025T13:36:13 - [TEST_STEP][PASSED] - dashboardName = "Выполнение бизнес-плана": null

03-03-2025T13:36:13 - [TEST_STEP][PASSED] - workbook01 = getWorkbook(excelFilePath): null

03-03-2025T13:36:14 - [TEST_STEP][PASSED] - sheet01 = getExcelSheet(workbook01, sheetName): null

03-03-2025T13:36:14 - [TEST_STEP][PASSED] - setValueToCellByIndex(sheet01, n, 0, dashboardName): null

03-03-2025T13:36:14 - [TEST_STEP][PASSED] - setValueToCellByIndex(sheet01, n, 1, dZO): null

03-03-2025T13:36:14 - [TEST_STEP][PASSED] - setValueToCellByIndex(sheet01, n, 2, typeOfData): null

03-03-2025T13:36:14 - [TEST_STEP][PASSED] - if (typeOfData == "Факт в процентах" || typeOfData == "План в процентах"): null

03-03-2025T13:36:14 - [TEST_STEP][PASSED] - setValueToCellByIndex(sheet01, n, 3, fileDouble): null

03-03-2025T13:36:14 - [TEST_STEP][PASSED] - setValueToCellByIndex(sheet01, n, 4, pageDouble): null

03-03-2025T13:36:14 - [TEST_STEP][PASSED] - setValueToCellByIndex(sheet01, n, 5, m): null

03-03-2025T13:36:14 - [TEST_STEP][PASSED] - setValueToCellByIndex(sheet01, n, 6, y): null

03-03-2025T13:36:14 - [TEST_STEP][PASSED] - setValueToCellByIndex(sheet01, n, 7, todaysDate): null

03-03-2025T13:36:14 - [TEST_STEP][PASSED] - n = n + 1: null

03-03-2025T13:36:14 - [TEST_STEP][PASSED] - saveWorkbook(excelFilePath, workbook01): null

03-03-2025T13:36:14 - [TEST_STEP][PASSED] - file = findTestData("PlanFact").getValue(7, a): null

03-03-2025T13:36:14 - [TEST_STEP][PASSED] - file = file.replace(",", "."): null

03-03-2025T13:36:14 - [TEST_STEP][PASSED] - println("file Fact: " + file): null

03-03-2025T13:36:14 - [TEST_STEP][PASSED] - fileDouble = file.toDouble(): null

03-03-2025T13:36:14 - [TEST_STEP][PASSED] - typeOfData = "Факт в процентах": null

03-03-2025T13:36:14 - [TEST_STEP][PASSED] - fileDouble = file.toDouble(): null

03-03-2025T13:36:14 - [TEST_STEP][PASSED] - pageDouble = page2.toDouble(): null

03-03-2025T13:36:14 - [TEST_STEP][PASSED] - if (fileDouble != pageDouble): null

03-03-2025T13:36:14 - [TEST_STEP][PASSED] - numberOfErrors = numberOfErrors + 1: null

03-03-2025T13:36:14 - [TEST_STEP][PASSED] - Script1718980020443.WriteToExcel(a, typeOfData, todaysDate, pageInt, fileInt, pageDouble, fileDouble, dZO): null

03-03-2025T13:36:14 - [TEST_STEP][PASSED] - sheetName = "Sheet1": null

03-03-2025T13:36:14 - [TEST_STEP][PASSED] - data = findTestData("PlanFact"): null

03-03-2025T13:36:14 - [TEST_STEP][PASSED] - n = data.getRowNumbers() + 1: null

03-03-2025T13:36:14 - [TEST_STEP][PASSED] - day = ")).toInteger(): null

03-03-2025T13:36:14 - [TEST_STEP][PASSED] - println(day): null

03-03-2025T13:36:14 - [TEST_STEP][PASSED] - month = ")).toInteger(): null

03-03-2025T13:36:14 - [TEST_STEP][PASSED] - println(month): null

03-03-2025T13:36:14 - [TEST_STEP][PASSED] - y = <not implemented yet for class: org.codehaus.groovy.ast.expr.EmptyExpression>: null

03-03-2025T13:36:14 - [TEST_STEP][PASSED] - iy = <not implemented yet for class: org.codehaus.groovy.ast.expr.EmptyExpression>: null

03-03-2025T13:36:14 - [TEST_STEP][PASSED] - m = getText(findTestObject("Выполнение бизнес-плана/Период")): Text of object 'Object Repository/Выполнение бизнес-плана/Период' is: '2024 год'

03-03-2025T13:36:14 - [MESSAGE][PASSED] - Text of object 'Object Repository/Выполнение бизнес-плана/Период' is: '2024 год'

03-03-2025T13:36:14 - [TEST_STEP][PASSED] - iy = m.indexOf("20"): null

03-03-2025T13:36:14 - [TEST_STEP][PASSED] - if (iy > -1): null

03-03-2025T13:36:14 - [TEST_STEP][PASSED] - y = substring(iy, iy + 4).toInteger(): null

03-03-2025T13:36:14 - [TEST_STEP][PASSED] - println(y): null

03-03-2025T13:36:14 - [TEST_STEP][PASSED] - if (toString().length() == 4): null

03-03-2025T13:36:14 - [TEST_STEP][PASSED] - m = m.substring(0, m.indexOf(y.toString())): null

03-03-2025T13:36:14 - [TEST_STEP][PASSED] - m = m.trim(): null

03-03-2025T13:36:14 - [TEST_STEP][PASSED] - if (m == ""): null

03-03-2025T13:36:14 - [TEST_STEP][PASSED] - m = "весь год": null

03-03-2025T13:36:14 - [TEST_STEP][PASSED] - dashboardName = "Выполнение бизнес-плана": null

03-03-2025T13:36:14 - [TEST_STEP][PASSED] - workbook01 = getWorkbook(excelFilePath): null

03-03-2025T13:36:14 - [TEST_STEP][PASSED] - sheet01 = getExcelSheet(workbook01, sheetName): null

03-03-2025T13:36:14 - [TEST_STEP][PASSED] - setValueToCellByIndex(sheet01, n, 0, dashboardName): null

03-03-2025T13:36:14 - [TEST_STEP][PASSED] - setValueToCellByIndex(sheet01, n, 1, dZO): null

03-03-2025T13:36:14 - [TEST_STEP][PASSED] - setValueToCellByIndex(sheet01, n, 2, typeOfData): null

03-03-2025T13:36:14 - [TEST_STEP][PASSED] - if (typeOfData == "Факт в процентах" || typeOfData == "План в процентах"): null

03-03-2025T13:36:14 - [TEST_STEP][PASSED] - setValueToCellByIndex(sheet01, n, 3, fileDouble): null

03-03-2025T13:36:14 - [TEST_STEP][PASSED] - setValueToCellByIndex(sheet01, n, 4, pageDouble): null

03-03-2025T13:36:14 - [TEST_STEP][PASSED] - setValueToCellByIndex(sheet01, n, 5, m): null

03-03-2025T13:36:14 - [TEST_STEP][PASSED] - setValueToCellByIndex(sheet01, n, 6, y): null

03-03-2025T13:36:14 - [TEST_STEP][PASSED] - setValueToCellByIndex(sheet01, n, 7, todaysDate): null

03-03-2025T13:36:14 - [TEST_STEP][PASSED] - n = n + 1: null

03-03-2025T13:36:14 - [TEST_STEP][PASSED] - saveWorkbook(excelFilePath, workbook01): null

03-03-2025T13:36:14 - [TEST_STEP][FAILED] - if (verifyEqual(numberOfErrors, 0) == false): null

03-03-2025T13:36:14 - [MESSAGE][FAILED] - Unable to verify equal between actual object '6' and expected object '0' (Root cause: com.kms.katalon.core.exception.StepFailedException: Actual object '6' and expected object '0' are not equal
	at com.kms.katalon.core.keyword.builtin.VerifyEqualKeyword$_verifyEqual_closure1.doCall(VerifyEqualKeyword.groovy:58)
	at com.kms.katalon.core.keyword.builtin.VerifyEqualKeyword$_verifyEqual_closure1.call(VerifyEqualKeyword.groovy)
	at com.kms.katalon.core.keyword.internal.KeywordMain.runKeyword(KeywordMain.groovy:75)
	at com.kms.katalon.core.keyword.builtin.VerifyEqualKeyword.verifyEqual(VerifyEqualKeyword.groovy:63)
	at com.kms.katalon.core.keyword.builtin.VerifyEqualKeyword.execute(VerifyEqualKeyword.groovy:44)
	at com.kms.katalon.core.keyword.internal.KeywordExecutor.executeKeywordForPlatform(KeywordExecutor.groovy:74)
	at com.kms.katalon.core.keyword.BuiltinKeywords.verifyEqual(BuiltinKeywords.groovy:146)
	at jdk.internal.reflect.GeneratedMethodAccessor24.invoke(Unknown Source)
	at java.base/jdk.internal.reflect.DelegatingMethodAccessorImpl.invoke(DelegatingMethodAccessorImpl.java:43)
	at Выполнение бизнес-плана Сверка ПАО Россети все филиалы.Numbers(Выполнение бизнес-плана Сверка ПАО Россети все филиалы:736)
	at Выполнение бизнес-плана Сверка ПАО Россети все филиалы.Filials(Выполнение бизнес-плана Сверка ПАО Россети все филиалы:1637)
	at Выполнение бизнес-плана Сверка ПАО Россети все филиалы.Numbers(Выполнение бизнес-плана Сверка ПАО Россети все филиалы:743)
	at Выполнение бизнес-плана Сверка ПАО Россети все филиалы.run(Выполнение бизнес-плана Сверка ПАО Россети все филиалы:308)
	at com.kms.katalon.core.main.ScriptEngine.run(ScriptEngine.java:194)
	at com.kms.katalon.core.main.ScriptEngine.runScriptAsRawText(ScriptEngine.java:119)
	at com.kms.katalon.core.main.TestCaseExecutor.runScript(TestCaseExecutor.java:448)
	at com.kms.katalon.core.main.TestCaseExecutor.doExecute(TestCaseExecutor.java:439)
	at com.kms.katalon.core.main.TestCaseExecutor.processExecutionPhase(TestCaseExecutor.java:418)
	at com.kms.katalon.core.main.TestCaseExecutor.accessMainPhase(TestCaseExecutor.java:410)
	at com.kms.katalon.core.main.TestCaseExecutor.execute(TestCaseExecutor.java:285)
	at com.kms.katalon.core.common.CommonExecutor.accessTestCaseMainPhase(CommonExecutor.java:65)
	at com.kms.katalon.core.main.TestSuiteExecutor.accessTestSuiteMainPhase(TestSuiteExecutor.java:150)
	at com.kms.katalon.core.main.TestSuiteExecutor.execute(TestSuiteExecutor.java:106)
	at com.kms.katalon.core.main.TestCaseMain.startTestSuite(TestCaseMain.java:180)
	at TempTestSuite1740991900055.run(TempTestSuite1740991900055.groovy:35)
	at java.base/jdk.internal.reflect.NativeMethodAccessorImpl.invoke0(Native Method)
	at java.base/jdk.internal.reflect.NativeMethodAccessorImpl.invoke(NativeMethodAccessorImpl.java:77)
	at java.base/jdk.internal.reflect.DelegatingMethodAccessorImpl.invoke(DelegatingMethodAccessorImpl.java:43)
)

03-03-2025T13:36:14 - [TEST_STEP][PASSED] - println(numberOfErrors): null

03-03-2025T13:36:14 - [TEST_STEP][PASSED] - println("a=" + a): null

03-03-2025T13:36:14 - [TEST_STEP][PASSED] - if (a == 28 || a == 77 || a == 74 || a == 65 || a == 36 || a == 44 || a == 54 || a == 1 || a == 18 || a == 59): null

03-03-2025T13:36:14 - [TEST_STEP][PASSED] - if (a == 82): null

03-03-2025T13:36:14 - [TEST_STEP][PASSED] - filialNum = 0: null

03-03-2025T13:36:14 - [TEST_STEP][PASSED] - if (a == 54): null

03-03-2025T13:36:14 - [TEST_STEP][PASSED] - if (a == 59): null

03-03-2025T13:36:14 - [TEST_STEP][PASSED] - Script1718980020443.OpenFilter(): null

03-03-2025T13:36:14 - [TEST_STEP][PASSED] - click(findTestObject("Object Repository/Выполнение бизнес-плана/Фильтр ДЗО")): Object: 'Object Repository/Выполнение бизнес-плана/Фильтр ДЗО' is clicked on

03-03-2025T13:36:15 - [MESSAGE][PASSED] - Object: 'Object Repository/Выполнение бизнес-плана/Фильтр ДЗО' is clicked on

03-03-2025T13:36:15 - [TEST_STEP][PASSED] - click(findTestObject("Выполнение бизнес-плана/Снять выделение в фильтре ДЗО")): Object: 'Object Repository/Выполнение бизнес-плана/Снять выделение в фильтре ДЗО' is clicked on

03-03-2025T13:36:15 - [MESSAGE][PASSED] - Object: 'Object Repository/Выполнение бизнес-плана/Снять выделение в фильтре ДЗО' is clicked on

03-03-2025T13:36:15 - [TEST_STEP][PASSED] - Script1718980020443.CloseFilter(): null

03-03-2025T13:36:15 - [TEST_STEP][PASSED] - scrollToElement(findTestObject("Выполнение бизнес-плана/Заголовок дашборда"), 30): Scroll to object 'Object Repository/Выполнение бизнес-плана/Заголовок дашборда' successfully

03-03-2025T13:36:16 - [MESSAGE][PASSED] - Scroll to object 'Object Repository/Выполнение бизнес-плана/Заголовок дашборда' successfully

03-03-2025T13:36:16 - [TEST_STEP][PASSED] - click(findTestObject("Object Repository/Выполнение бизнес-плана/Применить в фильтре ДЗО")): Object: 'Object Repository/Выполнение бизнес-плана/Применить в фильтре ДЗО' is clicked on

03-03-2025T13:36:17 - [MESSAGE][PASSED] - Object: 'Object Repository/Выполнение бизнес-плана/Применить в фильтре ДЗО' is clicked on

03-03-2025T13:36:17 - [TEST_STEP][PASSED] - delay(60): Delayed 60 second(s)

03-03-2025T13:37:17 - [MESSAGE][PASSED] - Delayed 60 second(s)

03-03-2025T13:37:17 - [TEST_STEP][PASSED] - if (a == 82): null

03-03-2025T13:37:17 - [TEST_STEP][PASSED] - println(dzoNum): null

03-03-2025T13:37:17 - [TEST_STEP][PASSED] - dZO = "Россети Томск": null

03-03-2025T13:37:17 - [TEST_STEP][PASSED] - a = 53: null

03-03-2025T13:37:17 - [TEST_STEP][PASSED] - if (x1.contains("Томск")): null

03-03-2025T13:37:17 - [TEST_STEP][PASSED] - dzoNum = dzoNum + 1: null

03-03-2025T13:37:17 - [TEST_STEP][PASSED] - Script1718980020443.Numbers(a, typeOfData, todaysDate, pageInt, fileInt, pageDouble, fileDouble, dZO, dzoNum, filialNum): null

03-03-2025T13:37:17 - [TEST_STEP][PASSED] - println(dzoNum): null

03-03-2025T13:37:17 - [TEST_STEP][PASSED] - planFact = <not implemented yet for class: org.codehaus.groovy.ast.expr.EmptyExpression>: null

03-03-2025T13:37:17 - [TEST_STEP][PASSED] - page = <not implemented yet for class: org.codehaus.groovy.ast.expr.EmptyExpression>: null

03-03-2025T13:37:17 - [TEST_STEP][PASSED] - page1 = <not implemented yet for class: org.codehaus.groovy.ast.expr.EmptyExpression>: null

03-03-2025T13:37:17 - [TEST_STEP][PASSED] - page2 = <not implemented yet for class: org.codehaus.groovy.ast.expr.EmptyExpression>: null

03-03-2025T13:37:17 - [TEST_STEP][PASSED] - filialNumberInRow = <not implemented yet for class: org.codehaus.groovy.ast.expr.EmptyExpression>: null

03-03-2025T13:37:17 - [TEST_STEP][PASSED] - filialsDzoNames = <not implemented yet for class: org.codehaus.groovy.ast.expr.EmptyExpression>: null

03-03-2025T13:37:17 - [TEST_STEP][PASSED] - numberOfFilials = <not implemented yet for class: org.codehaus.groovy.ast.expr.EmptyExpression>: null

03-03-2025T13:37:17 - [TEST_STEP][PASSED] - numberOfSpaces = <not implemented yet for class: org.codehaus.groovy.ast.expr.EmptyExpression>: null

03-03-2025T13:37:17 - [TEST_STEP][PASSED] - file = <not implemented yet for class: org.codehaus.groovy.ast.expr.EmptyExpression>: null

03-03-2025T13:37:17 - [TEST_STEP][PASSED] - otpusk = <not implemented yet for class: org.codehaus.groovy.ast.expr.EmptyExpression>: null

03-03-2025T13:37:17 - [TEST_STEP][PASSED] - poteri = <not implemented yet for class: org.codehaus.groovy.ast.expr.EmptyExpression>: null

03-03-2025T13:37:17 - [TEST_STEP][PASSED] - dataFolder = "Выполнение бизнес-плана/Значения со страницы Выполнение бизнес-плана/": null

03-03-2025T13:37:17 - [TEST_STEP][PASSED] - path = <not implemented yet for class: org.codehaus.groovy.ast.expr.EmptyExpression>: null

03-03-2025T13:37:17 - [TEST_STEP][PASSED] - typeOfDataMain = <not implemented yet for class: org.codehaus.groovy.ast.expr.EmptyExpression>: null

03-03-2025T13:37:17 - [TEST_STEP][PASSED] - fileOtpuskVSet = <not implemented yet for class: org.codehaus.groovy.ast.expr.EmptyExpression>: null

03-03-2025T13:37:17 - [TEST_STEP][PASSED] - pageOtpuskVSet = <not implemented yet for class: org.codehaus.groovy.ast.expr.EmptyExpression>: null

03-03-2025T13:37:17 - [TEST_STEP][PASSED] - filePoteri = <not implemented yet for class: org.codehaus.groovy.ast.expr.EmptyExpression>: null

03-03-2025T13:37:17 - [TEST_STEP][PASSED] - pagePoteri = <not implemented yet for class: org.codehaus.groovy.ast.expr.EmptyExpression>: null

03-03-2025T13:37:17 - [TEST_STEP][PASSED] - compare = <not implemented yet for class: org.codehaus.groovy.ast.expr.EmptyExpression>: null

03-03-2025T13:37:17 - [TEST_STEP][PASSED] - b = <not implemented yet for class: org.codehaus.groovy.ast.expr.EmptyExpression>: null

03-03-2025T13:37:17 - [TEST_STEP][PASSED] - i = <not implemented yet for class: org.codehaus.groovy.ast.expr.EmptyExpression>: null

03-03-2025T13:37:17 - [TEST_STEP][PASSED] - ii = <not implemented yet for class: org.codehaus.groovy.ast.expr.EmptyExpression>: null

03-03-2025T13:37:17 - [TEST_STEP][PASSED] - c = <not implemented yet for class: org.codehaus.groovy.ast.expr.EmptyExpression>: null

03-03-2025T13:37:17 - [TEST_STEP][PASSED] - numberOfErrors = 0: null

03-03-2025T13:37:17 - [TEST_STEP][PASSED] - if (a == 82): null

03-03-2025T13:37:17 - [TEST_STEP][PASSED] - b = findTestData("PlanFact").getValue(1, a): null

03-03-2025T13:37:17 - [TEST_STEP][PASSED] - i = b.indexOf(" (ГК)"): null

03-03-2025T13:37:17 - [TEST_STEP][PASSED] - if (i > -1): null

03-03-2025T13:37:17 - [TEST_STEP][PASSED] - i = b.indexOf("О ""): null

03-03-2025T13:37:17 - [TEST_STEP][PASSED] - if (i > -1): null

03-03-2025T13:37:17 - [TEST_STEP][PASSED] - i = b.indexOf("О «"): null

03-03-2025T13:37:17 - [TEST_STEP][PASSED] - if (i > -1): null

03-03-2025T13:37:17 - [TEST_STEP][PASSED] - i = b.indexOf("г. "): null

03-03-2025T13:37:17 - [TEST_STEP][PASSED] - if (i > -1): null

03-03-2025T13:37:17 - [TEST_STEP][PASSED] - b = b.trim(): null

03-03-2025T13:37:17 - [TEST_STEP][PASSED] - println(b): null

03-03-2025T13:37:17 - [TEST_STEP][PASSED] - for ([planFact = 1, planFact < 3, (planFact++)]): Object: 'Object Repository/Выполнение бизнес-плана/Кнопка Факт' is clicked on

03-03-2025T13:37:17 - [TEST_STEP][PASSED] - if (planFact == 1): null

03-03-2025T13:37:17 - [TEST_STEP][PASSED] - typeOfDataMain = "Факт": null

03-03-2025T13:37:17 - [TEST_STEP][PASSED] - otpusk = findTestData("PlanFact").getValue(5, a): null

03-03-2025T13:37:17 - [TEST_STEP][PASSED] - poteri = findTestData("PlanFact").getValue(6, a): null

03-03-2025T13:37:17 - [TEST_STEP][PASSED] - otpusk = otpusk.replaceAll("\s+", ""): null

03-03-2025T13:37:17 - [TEST_STEP][PASSED] - poteri = poteri.replaceAll("\s+", ""): null

03-03-2025T13:37:17 - [TEST_STEP][PASSED] - typeOfData = typeOfDataMain + " Отпуск в сеть": null

03-03-2025T13:37:17 - [TEST_STEP][PASSED] - if (a == 82): null

03-03-2025T13:37:17 - [TEST_STEP][PASSED] - else if (a == 84): null

03-03-2025T13:37:17 - [TEST_STEP][PASSED] - else if (a == 83 || a == 52 || a == 72 || a == 28 || a == 73 || a == 77 || a == 74 || a == 65 || a == 36 || a == 44 || a == 53 || a == 80 || a == 54 || a == 1 || a == 18 || a == 59 || a == 81): null

03-03-2025T13:37:17 - [TEST_STEP][PASSED] - path = dataFolder + "Table Data/" + typeOfData + " за отчётный период " + dzoNum: null

03-03-2025T13:37:17 - [TEST_STEP][PASSED] - println(path): null

03-03-2025T13:37:17 - [TEST_STEP][PASSED] - page = getText(findTestObject(path)): Text of object 'Object Repository/Выполнение бизнес-плана/Значения со страницы Выполнение бизнес-плана/Table Data/Факт Отпуск в сеть за отчётный период 11' is: '5 175 776'

03-03-2025T13:37:17 - [MESSAGE][PASSED] - Text of object 'Object Repository/Выполнение бизнес-плана/Значения со страницы Выполнение бизнес-плана/Table Data/Факт Отпуск в сеть за отчётный период 11' is: '5 175 776'

03-03-2025T13:37:17 - [TEST_STEP][PASSED] - if (page == "" || page == null): null

03-03-2025T13:37:17 - [TEST_STEP][PASSED] - else: null

03-03-2025T13:37:17 - [TEST_STEP][PASSED] - page = page.replaceAll("\s+", ""): null

03-03-2025T13:37:17 - [TEST_STEP][PASSED] - fileOtpuskVSet = otpusk.toInteger(): null

03-03-2025T13:37:17 - [TEST_STEP][PASSED] - pageOtpuskVSet = page.toInteger(): null

03-03-2025T13:37:17 - [TEST_STEP][PASSED] - typeOfData = typeOfDataMain + " Потери": null

03-03-2025T13:37:17 - [TEST_STEP][PASSED] - if (a == 82): null

03-03-2025T13:37:17 - [TEST_STEP][PASSED] - else if (a == 84): null

03-03-2025T13:37:17 - [TEST_STEP][PASSED] - else if (a == 83 || a == 52 || a == 72 || a == 28 || a == 73 || a == 77 || a == 74 || a == 65 || a == 44 || a == 53 || a == 80 || a == 54 || a == 1 || a == 18 || a == 59 || a == 81): null

03-03-2025T13:37:17 - [TEST_STEP][PASSED] - path = dataFolder + "Table Data/" + typeOfData + " за отчётный период " + dzoNum: null

03-03-2025T13:37:17 - [TEST_STEP][PASSED] - page = getText(findTestObject(path)): Text of object 'Object Repository/Выполнение бизнес-плана/Значения со страницы Выполнение бизнес-плана/Table Data/Факт Потери за отчётный период 11' is: '465 166'

03-03-2025T13:37:17 - [MESSAGE][PASSED] - Text of object 'Object Repository/Выполнение бизнес-плана/Значения со страницы Выполнение бизнес-плана/Table Data/Факт Потери за отчётный период 11' is: '465 166'

03-03-2025T13:37:17 - [TEST_STEP][PASSED] - if (page == "" || page == null): null

03-03-2025T13:37:17 - [TEST_STEP][PASSED] - else: null

03-03-2025T13:37:17 - [TEST_STEP][PASSED] - page = page.replaceAll("\s+", ""): null

03-03-2025T13:37:17 - [TEST_STEP][PASSED] - filePoteri = poteri.toInteger(): null

03-03-2025T13:37:17 - [TEST_STEP][PASSED] - pagePoteri = page.toInteger(): null

03-03-2025T13:37:17 - [TEST_STEP][PASSED] - compare = pageOtpuskVSet: null

03-03-2025T13:37:17 - [TEST_STEP][PASSED] - if (pageOtpuskVSet != null): null

03-03-2025T13:37:17 - [TEST_STEP][PASSED] - if (compare == fileOtpuskVSet): null

03-03-2025T13:37:17 - [TEST_STEP][PASSED] - if (compare == fileOtpuskVSet): null

03-03-2025T13:37:17 - [TEST_STEP][PASSED] - compare = pagePoteri: null

03-03-2025T13:37:17 - [TEST_STEP][PASSED] - if (pageOtpuskVSet != null): null

03-03-2025T13:37:17 - [TEST_STEP][PASSED] - if (compare == filePoteri): null

03-03-2025T13:37:17 - [TEST_STEP][PASSED] - if (compare == filePoteri): null

03-03-2025T13:37:17 - [TEST_STEP][PASSED] - if (planFact == 2): null

03-03-2025T13:37:17 - [TEST_STEP][PASSED] - if (planFact == 1): null

03-03-2025T13:37:17 - [TEST_STEP][PASSED] - else if (planFact == 2): null

03-03-2025T13:37:17 - [TEST_STEP][PASSED] - click(findTestObject("Выполнение бизнес-плана/Кнопка План")): Object: 'Object Repository/Выполнение бизнес-плана/Кнопка План' is clicked on

03-03-2025T13:37:18 - [MESSAGE][PASSED] - Object: 'Object Repository/Выполнение бизнес-плана/Кнопка План' is clicked on

03-03-2025T13:37:18 - [TEST_STEP][PASSED] - typeOfDataMain = "План": null

03-03-2025T13:37:18 - [TEST_STEP][PASSED] - otpusk = findTestData("PlanFact").getValue(2, a): null

03-03-2025T13:37:18 - [TEST_STEP][PASSED] - poteri = findTestData("PlanFact").getValue(3, a): null

03-03-2025T13:37:18 - [TEST_STEP][PASSED] - otpusk = otpusk.replaceAll("\s+", ""): null

03-03-2025T13:37:18 - [TEST_STEP][PASSED] - poteri = poteri.replaceAll("\s+", ""): null

03-03-2025T13:37:18 - [TEST_STEP][PASSED] - typeOfData = typeOfDataMain + " Отпуск в сеть": null

03-03-2025T13:37:18 - [TEST_STEP][PASSED] - if (a == 82): null

03-03-2025T13:37:18 - [TEST_STEP][PASSED] - else if (a == 84): null

03-03-2025T13:37:18 - [TEST_STEP][PASSED] - else if (a == 83 || a == 52 || a == 72 || a == 28 || a == 73 || a == 77 || a == 74 || a == 65 || a == 36 || a == 44 || a == 53 || a == 80 || a == 54 || a == 1 || a == 18 || a == 59 || a == 81): null

03-03-2025T13:37:18 - [TEST_STEP][PASSED] - path = dataFolder + "Table Data/" + typeOfData + " за отчётный период " + dzoNum: null

03-03-2025T13:37:18 - [TEST_STEP][PASSED] - println(path): null

03-03-2025T13:37:18 - [TEST_STEP][PASSED] - page = getText(findTestObject(path)): Text of object 'Object Repository/Выполнение бизнес-плана/Значения со страницы Выполнение бизнес-плана/Table Data/План Отпуск в сеть за отчётный период 11' is: '5 006 761'

03-03-2025T13:37:18 - [MESSAGE][PASSED] - Text of object 'Object Repository/Выполнение бизнес-плана/Значения со страницы Выполнение бизнес-плана/Table Data/План Отпуск в сеть за отчётный период 11' is: '5 006 761'

03-03-2025T13:37:18 - [TEST_STEP][PASSED] - if (page == "" || page == null): null

03-03-2025T13:37:18 - [TEST_STEP][PASSED] - else: null

03-03-2025T13:37:18 - [TEST_STEP][PASSED] - page = page.replaceAll("\s+", ""): null

03-03-2025T13:37:18 - [TEST_STEP][PASSED] - fileOtpuskVSet = otpusk.toInteger(): null

03-03-2025T13:37:18 - [TEST_STEP][PASSED] - pageOtpuskVSet = page.toInteger(): null

03-03-2025T13:37:18 - [TEST_STEP][PASSED] - typeOfData = typeOfDataMain + " Потери": null

03-03-2025T13:37:18 - [TEST_STEP][PASSED] - if (a == 82): null

03-03-2025T13:37:18 - [TEST_STEP][PASSED] - else if (a == 84): null

03-03-2025T13:37:18 - [TEST_STEP][PASSED] - else if (a == 83 || a == 52 || a == 72 || a == 28 || a == 73 || a == 77 || a == 74 || a == 65 || a == 44 || a == 53 || a == 80 || a == 54 || a == 1 || a == 18 || a == 59 || a == 81): null

03-03-2025T13:37:18 - [TEST_STEP][PASSED] - path = dataFolder + "Table Data/" + typeOfData + " за отчётный период " + dzoNum: null

03-03-2025T13:37:18 - [TEST_STEP][PASSED] - page = getText(findTestObject(path)): Text of object 'Object Repository/Выполнение бизнес-плана/Значения со страницы Выполнение бизнес-плана/Table Data/План Потери за отчётный период 11' is: '451 132'

03-03-2025T13:37:18 - [MESSAGE][PASSED] - Text of object 'Object Repository/Выполнение бизнес-плана/Значения со страницы Выполнение бизнес-плана/Table Data/План Потери за отчётный период 11' is: '451 132'

03-03-2025T13:37:18 - [TEST_STEP][PASSED] - if (page == "" || page == null): null

03-03-2025T13:37:18 - [TEST_STEP][PASSED] - else: null

03-03-2025T13:37:18 - [TEST_STEP][PASSED] - page = page.replaceAll("\s+", ""): null

03-03-2025T13:37:18 - [TEST_STEP][PASSED] - filePoteri = poteri.toInteger(): null

03-03-2025T13:37:18 - [TEST_STEP][PASSED] - pagePoteri = page.toInteger(): null

03-03-2025T13:37:18 - [TEST_STEP][PASSED] - compare = pageOtpuskVSet: null

03-03-2025T13:37:18 - [TEST_STEP][PASSED] - if (pageOtpuskVSet != null): null

03-03-2025T13:37:18 - [TEST_STEP][PASSED] - if (compare == fileOtpuskVSet): null

03-03-2025T13:37:18 - [TEST_STEP][PASSED] - if (compare == fileOtpuskVSet): null

03-03-2025T13:37:18 - [TEST_STEP][PASSED] - compare = pagePoteri: null

03-03-2025T13:37:18 - [TEST_STEP][PASSED] - if (pageOtpuskVSet != null): null

03-03-2025T13:37:18 - [TEST_STEP][PASSED] - if (compare == filePoteri): null

03-03-2025T13:37:18 - [TEST_STEP][PASSED] - if (compare == filePoteri): null

03-03-2025T13:37:18 - [TEST_STEP][PASSED] - if (planFact == 2): Object: 'Object Repository/Выполнение бизнес-плана/Кнопка Факт' is clicked on

03-03-2025T13:37:18 - [TEST_STEP][PASSED] - click(findTestObject("Выполнение бизнес-плана/Кнопка Факт")): Object: 'Object Repository/Выполнение бизнес-плана/Кнопка Факт' is clicked on

03-03-2025T13:37:19 - [MESSAGE][PASSED] - Object: 'Object Repository/Выполнение бизнес-плана/Кнопка Факт' is clicked on

03-03-2025T13:37:19 - [TEST_STEP][PASSED] - println("a=" + a): null

03-03-2025T13:37:19 - [TEST_STEP][PASSED] - if (a == 84 || a == 82): null

03-03-2025T13:37:19 - [TEST_STEP][PASSED] - else if (a == 83 || a == 52 || a == 72 || a == 28 || a == 73 || a == 77 || a == 74 || a == 65 || a == 36 || a == 44 || a == 53 || a == 80 || a == 54 || a == 1 || a == 18 || a == 59 || a == 81): null

03-03-2025T13:37:19 - [TEST_STEP][PASSED] - page1 = getText(findTestObject("Object Repository/Выполнение бизнес-плана/spanPlan" + dzoNum)): Text of object 'Object Repository/Выполнение бизнес-плана/spanPlan11' is: '9.01
|'

03-03-2025T13:37:19 - [MESSAGE][PASSED] - Text of object 'Object Repository/Выполнение бизнес-плана/spanPlan11' is: '9.01
|'

03-03-2025T13:37:19 - [TEST_STEP][PASSED] - page1 = page1.replace("|", ""): null

03-03-2025T13:37:19 - [TEST_STEP][PASSED] - page2 = getText(findTestObject("Object Repository/Выполнение бизнес-плана/spanFact" + dzoNum)): Text of object 'Object Repository/Выполнение бизнес-плана/spanFact11' is: '8.99'

03-03-2025T13:37:19 - [MESSAGE][PASSED] - Text of object 'Object Repository/Выполнение бизнес-плана/spanFact11' is: '8.99'

03-03-2025T13:37:19 - [TEST_STEP][PASSED] - page2 = page2.replace("|", ""): null

03-03-2025T13:37:19 - [TEST_STEP][PASSED] - println("page1: " + page1): null

03-03-2025T13:37:19 - [TEST_STEP][PASSED] - println("page2: " + page2): null

03-03-2025T13:37:19 - [TEST_STEP][PASSED] - file = findTestData("PlanFact").getValue(4, a): null

03-03-2025T13:37:20 - [TEST_STEP][PASSED] - file = file.replace(",", "."): null

03-03-2025T13:37:20 - [TEST_STEP][PASSED] - println("file Plan: " + file): null

03-03-2025T13:37:20 - [TEST_STEP][PASSED] - typeOfData = "План в процентах": null

03-03-2025T13:37:20 - [TEST_STEP][PASSED] - fileDouble = file.toDouble(): null

03-03-2025T13:37:20 - [TEST_STEP][PASSED] - pageDouble = page1.toDouble(): null

03-03-2025T13:37:20 - [TEST_STEP][PASSED] - if (fileDouble != pageDouble): null

03-03-2025T13:37:20 - [TEST_STEP][PASSED] - file = findTestData("PlanFact").getValue(7, a): null

03-03-2025T13:37:20 - [TEST_STEP][PASSED] - file = file.replace(",", "."): null

03-03-2025T13:37:20 - [TEST_STEP][PASSED] - println("file Fact: " + file): null

03-03-2025T13:37:20 - [TEST_STEP][PASSED] - fileDouble = file.toDouble(): null

03-03-2025T13:37:20 - [TEST_STEP][PASSED] - typeOfData = "Факт в процентах": null

03-03-2025T13:37:20 - [TEST_STEP][PASSED] - fileDouble = file.toDouble(): null

03-03-2025T13:37:20 - [TEST_STEP][PASSED] - pageDouble = page2.toDouble(): null

03-03-2025T13:37:20 - [TEST_STEP][PASSED] - if (fileDouble != pageDouble): null

03-03-2025T13:37:20 - [TEST_STEP][PASSED] - if (verifyEqual(numberOfErrors, 0) == false): Actual object '0' and expected object '0' are equal

03-03-2025T13:37:20 - [MESSAGE][PASSED] - Actual object '0' and expected object '0' are equal

03-03-2025T13:37:20 - [TEST_STEP][PASSED] - if (a == 82): null

03-03-2025T13:37:20 - [TEST_STEP][PASSED] - println(dzoNum): null

03-03-2025T13:37:20 - [TEST_STEP][PASSED] - dZO = "Россети Тюмень": null

03-03-2025T13:37:20 - [TEST_STEP][PASSED] - a = 80: null

03-03-2025T13:37:20 - [TEST_STEP][PASSED] - if (x1.contains("Тюмень")): null

03-03-2025T13:37:20 - [TEST_STEP][PASSED] - dzoNum = dzoNum + 1: null

03-03-2025T13:37:20 - [TEST_STEP][PASSED] - Script1718980020443.Numbers(a, typeOfData, todaysDate, pageInt, fileInt, pageDouble, fileDouble, dZO, dzoNum, filialNum): null

03-03-2025T13:37:20 - [TEST_STEP][PASSED] - println(dzoNum): null

03-03-2025T13:37:20 - [TEST_STEP][PASSED] - planFact = <not implemented yet for class: org.codehaus.groovy.ast.expr.EmptyExpression>: null

03-03-2025T13:37:20 - [TEST_STEP][PASSED] - page = <not implemented yet for class: org.codehaus.groovy.ast.expr.EmptyExpression>: null

03-03-2025T13:37:20 - [TEST_STEP][PASSED] - page1 = <not implemented yet for class: org.codehaus.groovy.ast.expr.EmptyExpression>: null

03-03-2025T13:37:20 - [TEST_STEP][PASSED] - page2 = <not implemented yet for class: org.codehaus.groovy.ast.expr.EmptyExpression>: null

03-03-2025T13:37:20 - [TEST_STEP][PASSED] - filialNumberInRow = <not implemented yet for class: org.codehaus.groovy.ast.expr.EmptyExpression>: null

03-03-2025T13:37:20 - [TEST_STEP][PASSED] - filialsDzoNames = <not implemented yet for class: org.codehaus.groovy.ast.expr.EmptyExpression>: null

03-03-2025T13:37:20 - [TEST_STEP][PASSED] - numberOfFilials = <not implemented yet for class: org.codehaus.groovy.ast.expr.EmptyExpression>: null

03-03-2025T13:37:20 - [TEST_STEP][PASSED] - numberOfSpaces = <not implemented yet for class: org.codehaus.groovy.ast.expr.EmptyExpression>: null

03-03-2025T13:37:20 - [TEST_STEP][PASSED] - file = <not implemented yet for class: org.codehaus.groovy.ast.expr.EmptyExpression>: null

03-03-2025T13:37:20 - [TEST_STEP][PASSED] - otpusk = <not implemented yet for class: org.codehaus.groovy.ast.expr.EmptyExpression>: null

03-03-2025T13:37:20 - [TEST_STEP][PASSED] - poteri = <not implemented yet for class: org.codehaus.groovy.ast.expr.EmptyExpression>: null

03-03-2025T13:37:20 - [TEST_STEP][PASSED] - dataFolder = "Выполнение бизнес-плана/Значения со страницы Выполнение бизнес-плана/": null

03-03-2025T13:37:20 - [TEST_STEP][PASSED] - path = <not implemented yet for class: org.codehaus.groovy.ast.expr.EmptyExpression>: null

03-03-2025T13:37:20 - [TEST_STEP][PASSED] - typeOfDataMain = <not implemented yet for class: org.codehaus.groovy.ast.expr.EmptyExpression>: null

03-03-2025T13:37:20 - [TEST_STEP][PASSED] - fileOtpuskVSet = <not implemented yet for class: org.codehaus.groovy.ast.expr.EmptyExpression>: null

03-03-2025T13:37:20 - [TEST_STEP][PASSED] - pageOtpuskVSet = <not implemented yet for class: org.codehaus.groovy.ast.expr.EmptyExpression>: null

03-03-2025T13:37:20 - [TEST_STEP][PASSED] - filePoteri = <not implemented yet for class: org.codehaus.groovy.ast.expr.EmptyExpression>: null

03-03-2025T13:37:20 - [TEST_STEP][PASSED] - pagePoteri = <not implemented yet for class: org.codehaus.groovy.ast.expr.EmptyExpression>: null

03-03-2025T13:37:20 - [TEST_STEP][PASSED] - compare = <not implemented yet for class: org.codehaus.groovy.ast.expr.EmptyExpression>: null

03-03-2025T13:37:20 - [TEST_STEP][PASSED] - b = <not implemented yet for class: org.codehaus.groovy.ast.expr.EmptyExpression>: null

03-03-2025T13:37:20 - [TEST_STEP][PASSED] - i = <not implemented yet for class: org.codehaus.groovy.ast.expr.EmptyExpression>: null

03-03-2025T13:37:20 - [TEST_STEP][PASSED] - ii = <not implemented yet for class: org.codehaus.groovy.ast.expr.EmptyExpression>: null

03-03-2025T13:37:20 - [TEST_STEP][PASSED] - c = <not implemented yet for class: org.codehaus.groovy.ast.expr.EmptyExpression>: null

03-03-2025T13:37:20 - [TEST_STEP][PASSED] - numberOfErrors = 0: null

03-03-2025T13:37:20 - [TEST_STEP][PASSED] - if (a == 82): null

03-03-2025T13:37:20 - [TEST_STEP][PASSED] - b = findTestData("PlanFact").getValue(1, a): null

03-03-2025T13:37:20 - [TEST_STEP][PASSED] - i = b.indexOf(" (ГК)"): null

03-03-2025T13:37:20 - [TEST_STEP][PASSED] - if (i > -1): null

03-03-2025T13:37:20 - [TEST_STEP][PASSED] - i = b.indexOf("О ""): null

03-03-2025T13:37:20 - [TEST_STEP][PASSED] - if (i > -1): null

03-03-2025T13:37:20 - [TEST_STEP][PASSED] - i = b.indexOf("О «"): null

03-03-2025T13:37:20 - [TEST_STEP][PASSED] - if (i > -1): null

03-03-2025T13:37:20 - [TEST_STEP][PASSED] - i = b.indexOf("г. "): null

03-03-2025T13:37:20 - [TEST_STEP][PASSED] - if (i > -1): null

03-03-2025T13:37:20 - [TEST_STEP][PASSED] - b = b.trim(): null

03-03-2025T13:37:20 - [TEST_STEP][PASSED] - println(b): null

03-03-2025T13:37:20 - [TEST_STEP][PASSED] - for ([planFact = 1, planFact < 3, (planFact++)]): Object: 'Object Repository/Выполнение бизнес-плана/Кнопка Факт' is clicked on

03-03-2025T13:37:20 - [TEST_STEP][PASSED] - if (planFact == 1): null

03-03-2025T13:37:20 - [TEST_STEP][PASSED] - typeOfDataMain = "Факт": null

03-03-2025T13:37:20 - [TEST_STEP][PASSED] - otpusk = findTestData("PlanFact").getValue(5, a): null

03-03-2025T13:37:20 - [TEST_STEP][PASSED] - poteri = findTestData("PlanFact").getValue(6, a): null

03-03-2025T13:37:20 - [TEST_STEP][PASSED] - otpusk = otpusk.replaceAll("\s+", ""): null

03-03-2025T13:37:20 - [TEST_STEP][PASSED] - poteri = poteri.replaceAll("\s+", ""): null

03-03-2025T13:37:20 - [TEST_STEP][PASSED] - typeOfData = typeOfDataMain + " Отпуск в сеть": null

03-03-2025T13:37:20 - [TEST_STEP][PASSED] - if (a == 82): null

03-03-2025T13:37:20 - [TEST_STEP][PASSED] - else if (a == 84): null

03-03-2025T13:37:20 - [TEST_STEP][PASSED] - else if (a == 83 || a == 52 || a == 72 || a == 28 || a == 73 || a == 77 || a == 74 || a == 65 || a == 36 || a == 44 || a == 53 || a == 80 || a == 54 || a == 1 || a == 18 || a == 59 || a == 81): null

03-03-2025T13:37:20 - [TEST_STEP][PASSED] - path = dataFolder + "Table Data/" + typeOfData + " за отчётный период " + dzoNum: null

03-03-2025T13:37:20 - [TEST_STEP][PASSED] - println(path): null

03-03-2025T13:37:20 - [TEST_STEP][PASSED] - page = getText(findTestObject(path)): Text of object 'Object Repository/Выполнение бизнес-плана/Значения со страницы Выполнение бизнес-плана/Table Data/Факт Отпуск в сеть за отчётный период 12' is: '52 550 349'

03-03-2025T13:37:20 - [MESSAGE][PASSED] - Text of object 'Object Repository/Выполнение бизнес-плана/Значения со страницы Выполнение бизнес-плана/Table Data/Факт Отпуск в сеть за отчётный период 12' is: '52 550 349'

03-03-2025T13:37:20 - [TEST_STEP][PASSED] - if (page == "" || page == null): null

03-03-2025T13:37:20 - [TEST_STEP][PASSED] - else: null

03-03-2025T13:37:20 - [TEST_STEP][PASSED] - page = page.replaceAll("\s+", ""): null

03-03-2025T13:37:20 - [TEST_STEP][PASSED] - fileOtpuskVSet = otpusk.toInteger(): null

03-03-2025T13:37:20 - [TEST_STEP][PASSED] - pageOtpuskVSet = page.toInteger(): null

03-03-2025T13:37:20 - [TEST_STEP][PASSED] - typeOfData = typeOfDataMain + " Потери": null

03-03-2025T13:37:20 - [TEST_STEP][PASSED] - if (a == 82): null

03-03-2025T13:37:20 - [TEST_STEP][PASSED] - else if (a == 84): null

03-03-2025T13:37:20 - [TEST_STEP][PASSED] - else if (a == 83 || a == 52 || a == 72 || a == 28 || a == 73 || a == 77 || a == 74 || a == 65 || a == 44 || a == 53 || a == 80 || a == 54 || a == 1 || a == 18 || a == 59 || a == 81): null

03-03-2025T13:37:20 - [TEST_STEP][PASSED] - path = dataFolder + "Table Data/" + typeOfData + " за отчётный период " + dzoNum: null

03-03-2025T13:37:20 - [TEST_STEP][PASSED] - page = getText(findTestObject(path)): Text of object 'Object Repository/Выполнение бизнес-плана/Значения со страницы Выполнение бизнес-плана/Table Data/Факт Потери за отчётный период 12' is: '1 445 199'

03-03-2025T13:37:20 - [MESSAGE][PASSED] - Text of object 'Object Repository/Выполнение бизнес-плана/Значения со страницы Выполнение бизнес-плана/Table Data/Факт Потери за отчётный период 12' is: '1 445 199'

03-03-2025T13:37:20 - [TEST_STEP][PASSED] - if (page == "" || page == null): null

03-03-2025T13:37:20 - [TEST_STEP][PASSED] - else: null

03-03-2025T13:37:20 - [TEST_STEP][PASSED] - page = page.replaceAll("\s+", ""): null

03-03-2025T13:37:20 - [TEST_STEP][PASSED] - filePoteri = poteri.toInteger(): null

03-03-2025T13:37:20 - [TEST_STEP][PASSED] - pagePoteri = page.toInteger(): null

03-03-2025T13:37:20 - [TEST_STEP][PASSED] - compare = pageOtpuskVSet: null

03-03-2025T13:37:20 - [TEST_STEP][PASSED] - if (pageOtpuskVSet != null): null

03-03-2025T13:37:20 - [TEST_STEP][PASSED] - if (compare == fileOtpuskVSet): null

03-03-2025T13:37:20 - [TEST_STEP][PASSED] - if (compare == fileOtpuskVSet): null

03-03-2025T13:37:20 - [TEST_STEP][PASSED] - compare = pagePoteri: null

03-03-2025T13:37:20 - [TEST_STEP][PASSED] - if (pageOtpuskVSet != null): null

03-03-2025T13:37:20 - [TEST_STEP][PASSED] - if (compare == filePoteri): null

03-03-2025T13:37:20 - [TEST_STEP][PASSED] - if (compare == filePoteri): null

03-03-2025T13:37:20 - [TEST_STEP][PASSED] - if (planFact == 2): null

03-03-2025T13:37:20 - [TEST_STEP][PASSED] - if (planFact == 1): null

03-03-2025T13:37:20 - [TEST_STEP][PASSED] - else if (planFact == 2): null

03-03-2025T13:37:20 - [TEST_STEP][PASSED] - click(findTestObject("Выполнение бизнес-плана/Кнопка План")): Object: 'Object Repository/Выполнение бизнес-плана/Кнопка План' is clicked on

03-03-2025T13:37:21 - [MESSAGE][PASSED] - Object: 'Object Repository/Выполнение бизнес-плана/Кнопка План' is clicked on

03-03-2025T13:37:21 - [TEST_STEP][PASSED] - typeOfDataMain = "План": null

03-03-2025T13:37:21 - [TEST_STEP][PASSED] - otpusk = findTestData("PlanFact").getValue(2, a): null

03-03-2025T13:37:21 - [TEST_STEP][PASSED] - poteri = findTestData("PlanFact").getValue(3, a): null

03-03-2025T13:37:21 - [TEST_STEP][PASSED] - otpusk = otpusk.replaceAll("\s+", ""): null

03-03-2025T13:37:21 - [TEST_STEP][PASSED] - poteri = poteri.replaceAll("\s+", ""): null

03-03-2025T13:37:21 - [TEST_STEP][PASSED] - typeOfData = typeOfDataMain + " Отпуск в сеть": null

03-03-2025T13:37:21 - [TEST_STEP][PASSED] - if (a == 82): null

03-03-2025T13:37:21 - [TEST_STEP][PASSED] - else if (a == 84): null

03-03-2025T13:37:21 - [TEST_STEP][PASSED] - else if (a == 83 || a == 52 || a == 72 || a == 28 || a == 73 || a == 77 || a == 74 || a == 65 || a == 36 || a == 44 || a == 53 || a == 80 || a == 54 || a == 1 || a == 18 || a == 59 || a == 81): null

03-03-2025T13:37:21 - [TEST_STEP][PASSED] - path = dataFolder + "Table Data/" + typeOfData + " за отчётный период " + dzoNum: null

03-03-2025T13:37:21 - [TEST_STEP][PASSED] - println(path): null

03-03-2025T13:37:21 - [TEST_STEP][PASSED] - page = getText(findTestObject(path)): Text of object 'Object Repository/Выполнение бизнес-плана/Значения со страницы Выполнение бизнес-плана/Table Data/План Отпуск в сеть за отчётный период 12' is: '55 037 919'

03-03-2025T13:37:21 - [MESSAGE][PASSED] - Text of object 'Object Repository/Выполнение бизнес-плана/Значения со страницы Выполнение бизнес-плана/Table Data/План Отпуск в сеть за отчётный период 12' is: '55 037 919'

03-03-2025T13:37:21 - [TEST_STEP][PASSED] - if (page == "" || page == null): null

03-03-2025T13:37:21 - [TEST_STEP][PASSED] - else: null

03-03-2025T13:37:21 - [TEST_STEP][PASSED] - page = page.replaceAll("\s+", ""): null

03-03-2025T13:37:21 - [TEST_STEP][PASSED] - fileOtpuskVSet = otpusk.toInteger(): null

03-03-2025T13:37:21 - [TEST_STEP][PASSED] - pageOtpuskVSet = page.toInteger(): null

03-03-2025T13:37:21 - [TEST_STEP][PASSED] - typeOfData = typeOfDataMain + " Потери": null

03-03-2025T13:37:21 - [TEST_STEP][PASSED] - if (a == 82): null

03-03-2025T13:37:21 - [TEST_STEP][PASSED] - else if (a == 84): null

03-03-2025T13:37:21 - [TEST_STEP][PASSED] - else if (a == 83 || a == 52 || a == 72 || a == 28 || a == 73 || a == 77 || a == 74 || a == 65 || a == 44 || a == 53 || a == 80 || a == 54 || a == 1 || a == 18 || a == 59 || a == 81): null

03-03-2025T13:37:21 - [TEST_STEP][PASSED] - path = dataFolder + "Table Data/" + typeOfData + " за отчётный период " + dzoNum: null

03-03-2025T13:37:21 - [TEST_STEP][PASSED] - page = getText(findTestObject(path)): Text of object 'Object Repository/Выполнение бизнес-плана/Значения со страницы Выполнение бизнес-плана/Table Data/План Потери за отчётный период 12' is: '1 425 059'

03-03-2025T13:37:21 - [MESSAGE][PASSED] - Text of object 'Object Repository/Выполнение бизнес-плана/Значения со страницы Выполнение бизнес-плана/Table Data/План Потери за отчётный период 12' is: '1 425 059'

03-03-2025T13:37:21 - [TEST_STEP][PASSED] - if (page == "" || page == null): null

03-03-2025T13:37:21 - [TEST_STEP][PASSED] - else: null

03-03-2025T13:37:21 - [TEST_STEP][PASSED] - page = page.replaceAll("\s+", ""): null

03-03-2025T13:37:21 - [TEST_STEP][PASSED] - filePoteri = poteri.toInteger(): null

03-03-2025T13:37:21 - [TEST_STEP][PASSED] - pagePoteri = page.toInteger(): null

03-03-2025T13:37:21 - [TEST_STEP][PASSED] - compare = pageOtpuskVSet: null

03-03-2025T13:37:21 - [TEST_STEP][PASSED] - if (pageOtpuskVSet != null): null

03-03-2025T13:37:21 - [TEST_STEP][PASSED] - if (compare == fileOtpuskVSet): null

03-03-2025T13:37:21 - [TEST_STEP][PASSED] - if (compare == fileOtpuskVSet): null

03-03-2025T13:37:21 - [TEST_STEP][PASSED] - compare = pagePoteri: null

03-03-2025T13:37:21 - [TEST_STEP][PASSED] - if (pageOtpuskVSet != null): null

03-03-2025T13:37:21 - [TEST_STEP][PASSED] - if (compare == filePoteri): null

03-03-2025T13:37:21 - [TEST_STEP][PASSED] - if (compare == filePoteri): null

03-03-2025T13:37:21 - [TEST_STEP][PASSED] - if (planFact == 2): Object: 'Object Repository/Выполнение бизнес-плана/Кнопка Факт' is clicked on

03-03-2025T13:37:21 - [TEST_STEP][PASSED] - click(findTestObject("Выполнение бизнес-плана/Кнопка Факт")): Object: 'Object Repository/Выполнение бизнес-плана/Кнопка Факт' is clicked on

03-03-2025T13:37:22 - [MESSAGE][PASSED] - Object: 'Object Repository/Выполнение бизнес-плана/Кнопка Факт' is clicked on

03-03-2025T13:37:22 - [TEST_STEP][PASSED] - println("a=" + a): null

03-03-2025T13:37:22 - [TEST_STEP][PASSED] - if (a == 84 || a == 82): null

03-03-2025T13:37:22 - [TEST_STEP][PASSED] - else if (a == 83 || a == 52 || a == 72 || a == 28 || a == 73 || a == 77 || a == 74 || a == 65 || a == 36 || a == 44 || a == 53 || a == 80 || a == 54 || a == 1 || a == 18 || a == 59 || a == 81): null

03-03-2025T13:37:22 - [TEST_STEP][PASSED] - page1 = getText(findTestObject("Object Repository/Выполнение бизнес-плана/spanPlan" + dzoNum)): Text of object 'Object Repository/Выполнение бизнес-плана/spanPlan12' is: '2.59'

03-03-2025T13:37:22 - [MESSAGE][PASSED] - Text of object 'Object Repository/Выполнение бизнес-плана/spanPlan12' is: '2.59'

03-03-2025T13:37:22 - [TEST_STEP][PASSED] - page1 = page1.replace("|", ""): null

03-03-2025T13:37:22 - [TEST_STEP][PASSED] - page2 = getText(findTestObject("Object Repository/Выполнение бизнес-плана/spanFact" + dzoNum)): Text of object 'Object Repository/Выполнение бизнес-плана/spanFact12' is: '2.75
|'

03-03-2025T13:37:22 - [MESSAGE][PASSED] - Text of object 'Object Repository/Выполнение бизнес-плана/spanFact12' is: '2.75
|'

03-03-2025T13:37:22 - [TEST_STEP][PASSED] - page2 = page2.replace("|", ""): null

03-03-2025T13:37:22 - [TEST_STEP][PASSED] - println("page1: " + page1): null

03-03-2025T13:37:22 - [TEST_STEP][PASSED] - println("page2: " + page2): null

03-03-2025T13:37:22 - [TEST_STEP][PASSED] - file = findTestData("PlanFact").getValue(4, a): null

03-03-2025T13:37:22 - [TEST_STEP][PASSED] - file = file.replace(",", "."): null

03-03-2025T13:37:22 - [TEST_STEP][PASSED] - println("file Plan: " + file): null

03-03-2025T13:37:22 - [TEST_STEP][PASSED] - typeOfData = "План в процентах": null

03-03-2025T13:37:22 - [TEST_STEP][PASSED] - fileDouble = file.toDouble(): null

03-03-2025T13:37:22 - [TEST_STEP][PASSED] - pageDouble = page1.toDouble(): null

03-03-2025T13:37:22 - [TEST_STEP][PASSED] - if (fileDouble != pageDouble): null

03-03-2025T13:37:22 - [TEST_STEP][PASSED] - file = findTestData("PlanFact").getValue(7, a): null

03-03-2025T13:37:22 - [TEST_STEP][PASSED] - file = file.replace(",", "."): null

03-03-2025T13:37:22 - [TEST_STEP][PASSED] - println("file Fact: " + file): null

03-03-2025T13:37:22 - [TEST_STEP][PASSED] - fileDouble = file.toDouble(): null

03-03-2025T13:37:22 - [TEST_STEP][PASSED] - typeOfData = "Факт в процентах": null

03-03-2025T13:37:22 - [TEST_STEP][PASSED] - fileDouble = file.toDouble(): null

03-03-2025T13:37:22 - [TEST_STEP][PASSED] - pageDouble = page2.toDouble(): null

03-03-2025T13:37:22 - [TEST_STEP][PASSED] - if (fileDouble != pageDouble): null

03-03-2025T13:37:22 - [TEST_STEP][PASSED] - if (verifyEqual(numberOfErrors, 0) == false): Actual object '0' and expected object '0' are equal

03-03-2025T13:37:22 - [MESSAGE][PASSED] - Actual object '0' and expected object '0' are equal

03-03-2025T13:37:22 - [TEST_STEP][PASSED] - if (a == 82): null

03-03-2025T13:37:22 - [TEST_STEP][PASSED] - println(dzoNum): null

03-03-2025T13:37:22 - [TEST_STEP][PASSED] - dZO = "Россети Урал (ГК)": null

03-03-2025T13:37:22 - [TEST_STEP][PASSED] - a = 54: null

03-03-2025T13:37:22 - [TEST_STEP][PASSED] - if (x1.contains("Урал")): null

03-03-2025T13:37:22 - [TEST_STEP][PASSED] - dzoNum = dzoNum + 1: null

03-03-2025T13:37:22 - [TEST_STEP][PASSED] - Script1718980020443.Numbers(a, typeOfData, todaysDate, pageInt, fileInt, pageDouble, fileDouble, dZO, dzoNum, filialNum): null

03-03-2025T13:37:22 - [TEST_STEP][PASSED] - println(dzoNum): null

03-03-2025T13:37:22 - [TEST_STEP][PASSED] - planFact = <not implemented yet for class: org.codehaus.groovy.ast.expr.EmptyExpression>: null

03-03-2025T13:37:22 - [TEST_STEP][PASSED] - page = <not implemented yet for class: org.codehaus.groovy.ast.expr.EmptyExpression>: null

03-03-2025T13:37:22 - [TEST_STEP][PASSED] - page1 = <not implemented yet for class: org.codehaus.groovy.ast.expr.EmptyExpression>: null

03-03-2025T13:37:22 - [TEST_STEP][PASSED] - page2 = <not implemented yet for class: org.codehaus.groovy.ast.expr.EmptyExpression>: null

03-03-2025T13:37:22 - [TEST_STEP][PASSED] - filialNumberInRow = <not implemented yet for class: org.codehaus.groovy.ast.expr.EmptyExpression>: null

03-03-2025T13:37:22 - [TEST_STEP][PASSED] - filialsDzoNames = <not implemented yet for class: org.codehaus.groovy.ast.expr.EmptyExpression>: null

03-03-2025T13:37:22 - [TEST_STEP][PASSED] - numberOfFilials = <not implemented yet for class: org.codehaus.groovy.ast.expr.EmptyExpression>: null

03-03-2025T13:37:22 - [TEST_STEP][PASSED] - numberOfSpaces = <not implemented yet for class: org.codehaus.groovy.ast.expr.EmptyExpression>: null

03-03-2025T13:37:22 - [TEST_STEP][PASSED] - file = <not implemented yet for class: org.codehaus.groovy.ast.expr.EmptyExpression>: null

03-03-2025T13:37:22 - [TEST_STEP][PASSED] - otpusk = <not implemented yet for class: org.codehaus.groovy.ast.expr.EmptyExpression>: null

03-03-2025T13:37:22 - [TEST_STEP][PASSED] - poteri = <not implemented yet for class: org.codehaus.groovy.ast.expr.EmptyExpression>: null

03-03-2025T13:37:22 - [TEST_STEP][PASSED] - dataFolder = "Выполнение бизнес-плана/Значения со страницы Выполнение бизнес-плана/": null

03-03-2025T13:37:22 - [TEST_STEP][PASSED] - path = <not implemented yet for class: org.codehaus.groovy.ast.expr.EmptyExpression>: null

03-03-2025T13:37:22 - [TEST_STEP][PASSED] - typeOfDataMain = <not implemented yet for class: org.codehaus.groovy.ast.expr.EmptyExpression>: null

03-03-2025T13:37:22 - [TEST_STEP][PASSED] - fileOtpuskVSet = <not implemented yet for class: org.codehaus.groovy.ast.expr.EmptyExpression>: null

03-03-2025T13:37:22 - [TEST_STEP][PASSED] - pageOtpuskVSet = <not implemented yet for class: org.codehaus.groovy.ast.expr.EmptyExpression>: null

03-03-2025T13:37:22 - [TEST_STEP][PASSED] - filePoteri = <not implemented yet for class: org.codehaus.groovy.ast.expr.EmptyExpression>: null

03-03-2025T13:37:22 - [TEST_STEP][PASSED] - pagePoteri = <not implemented yet for class: org.codehaus.groovy.ast.expr.EmptyExpression>: null

03-03-2025T13:37:22 - [TEST_STEP][PASSED] - compare = <not implemented yet for class: org.codehaus.groovy.ast.expr.EmptyExpression>: null

03-03-2025T13:37:22 - [TEST_STEP][PASSED] - b = <not implemented yet for class: org.codehaus.groovy.ast.expr.EmptyExpression>: null

03-03-2025T13:37:22 - [TEST_STEP][PASSED] - i = <not implemented yet for class: org.codehaus.groovy.ast.expr.EmptyExpression>: null

03-03-2025T13:37:22 - [TEST_STEP][PASSED] - ii = <not implemented yet for class: org.codehaus.groovy.ast.expr.EmptyExpression>: null

03-03-2025T13:37:22 - [TEST_STEP][PASSED] - c = <not implemented yet for class: org.codehaus.groovy.ast.expr.EmptyExpression>: null

03-03-2025T13:37:22 - [TEST_STEP][PASSED] - numberOfErrors = 0: null

03-03-2025T13:37:22 - [TEST_STEP][PASSED] - if (a == 82): null

03-03-2025T13:37:22 - [TEST_STEP][PASSED] - b = findTestData("PlanFact").getValue(1, a): null

03-03-2025T13:37:23 - [TEST_STEP][PASSED] - i = b.indexOf(" (ГК)"): null

03-03-2025T13:37:23 - [TEST_STEP][PASSED] - if (i > -1): null

03-03-2025T13:37:23 - [TEST_STEP][PASSED] - b = b.substring(0, i): null

03-03-2025T13:37:23 - [TEST_STEP][PASSED] - i = b.indexOf("О ""): null

03-03-2025T13:37:23 - [TEST_STEP][PASSED] - if (i > -1): null

03-03-2025T13:37:23 - [TEST_STEP][PASSED] - i = b.indexOf("О «"): null

03-03-2025T13:37:23 - [TEST_STEP][PASSED] - if (i > -1): null

03-03-2025T13:37:23 - [TEST_STEP][PASSED] - i = b.indexOf("г. "): null

03-03-2025T13:37:23 - [TEST_STEP][PASSED] - if (i > -1): null

03-03-2025T13:37:23 - [TEST_STEP][PASSED] - b = b.trim(): null

03-03-2025T13:37:23 - [TEST_STEP][PASSED] - println(b): null

03-03-2025T13:37:23 - [TEST_STEP][PASSED] - for ([planFact = 1, planFact < 3, (planFact++)]): null

03-03-2025T13:37:23 - [TEST_STEP][PASSED] - if (planFact == 1): null

03-03-2025T13:37:23 - [TEST_STEP][PASSED] - typeOfDataMain = "Факт": null

03-03-2025T13:37:23 - [TEST_STEP][PASSED] - otpusk = findTestData("PlanFact").getValue(5, a): null

03-03-2025T13:37:23 - [TEST_STEP][PASSED] - poteri = findTestData("PlanFact").getValue(6, a): null

03-03-2025T13:37:23 - [TEST_STEP][PASSED] - otpusk = otpusk.replaceAll("\s+", ""): null

03-03-2025T13:37:23 - [TEST_STEP][PASSED] - poteri = poteri.replaceAll("\s+", ""): null

03-03-2025T13:37:23 - [TEST_STEP][PASSED] - typeOfData = typeOfDataMain + " Отпуск в сеть": null

03-03-2025T13:37:23 - [TEST_STEP][PASSED] - if (a == 82): null

03-03-2025T13:37:23 - [TEST_STEP][PASSED] - else if (a == 84): null

03-03-2025T13:37:23 - [TEST_STEP][PASSED] - else if (a == 83 || a == 52 || a == 72 || a == 28 || a == 73 || a == 77 || a == 74 || a == 65 || a == 36 || a == 44 || a == 53 || a == 80 || a == 54 || a == 1 || a == 18 || a == 59 || a == 81): null

03-03-2025T13:37:23 - [TEST_STEP][PASSED] - path = dataFolder + "Table Data/" + typeOfData + " за отчётный период " + dzoNum: null

03-03-2025T13:37:23 - [TEST_STEP][PASSED] - println(path): null

03-03-2025T13:37:23 - [TEST_STEP][PASSED] - page = getText(findTestObject(path)): Text of object 'Object Repository/Выполнение бизнес-плана/Значения со страницы Выполнение бизнес-плана/Table Data/Факт Отпуск в сеть за отчётный период 13' is: '85 075 137'

03-03-2025T13:37:23 - [MESSAGE][PASSED] - Text of object 'Object Repository/Выполнение бизнес-плана/Значения со страницы Выполнение бизнес-плана/Table Data/Факт Отпуск в сеть за отчётный период 13' is: '85 075 137'

03-03-2025T13:37:23 - [TEST_STEP][PASSED] - if (page == "" || page == null): null

03-03-2025T13:37:23 - [TEST_STEP][PASSED] - else: null

03-03-2025T13:37:23 - [TEST_STEP][PASSED] - page = page.replaceAll("\s+", ""): null

03-03-2025T13:37:23 - [TEST_STEP][PASSED] - fileOtpuskVSet = otpusk.toInteger(): null

03-03-2025T13:37:23 - [TEST_STEP][PASSED] - pageOtpuskVSet = page.toInteger(): null

03-03-2025T13:37:23 - [TEST_STEP][PASSED] - typeOfData = typeOfDataMain + " Потери": null

03-03-2025T13:37:23 - [TEST_STEP][PASSED] - if (a == 82): null

03-03-2025T13:37:23 - [TEST_STEP][PASSED] - else if (a == 84): null

03-03-2025T13:37:23 - [TEST_STEP][PASSED] - else if (a == 83 || a == 52 || a == 72 || a == 28 || a == 73 || a == 77 || a == 74 || a == 65 || a == 44 || a == 53 || a == 80 || a == 54 || a == 1 || a == 18 || a == 59 || a == 81): null

03-03-2025T13:37:23 - [TEST_STEP][PASSED] - path = dataFolder + "Table Data/" + typeOfData + " за отчётный период " + dzoNum: null

03-03-2025T13:37:23 - [TEST_STEP][PASSED] - page = getText(findTestObject(path)): Text of object 'Object Repository/Выполнение бизнес-плана/Значения со страницы Выполнение бизнес-плана/Table Data/Факт Потери за отчётный период 13' is: '5 287 746'

03-03-2025T13:37:23 - [MESSAGE][PASSED] - Text of object 'Object Repository/Выполнение бизнес-плана/Значения со страницы Выполнение бизнес-плана/Table Data/Факт Потери за отчётный период 13' is: '5 287 746'

03-03-2025T13:37:23 - [TEST_STEP][PASSED] - if (page == "" || page == null): null

03-03-2025T13:37:23 - [TEST_STEP][PASSED] - else: null

03-03-2025T13:37:23 - [TEST_STEP][PASSED] - page = page.replaceAll("\s+", ""): null

03-03-2025T13:37:23 - [TEST_STEP][PASSED] - filePoteri = poteri.toInteger(): null

03-03-2025T13:37:23 - [TEST_STEP][PASSED] - pagePoteri = page.toInteger(): null

03-03-2025T13:37:23 - [TEST_STEP][PASSED] - compare = pageOtpuskVSet: null

03-03-2025T13:37:23 - [TEST_STEP][PASSED] - if (pageOtpuskVSet != null): null

03-03-2025T13:37:23 - [TEST_STEP][PASSED] - if (compare == fileOtpuskVSet): null

03-03-2025T13:37:23 - [TEST_STEP][PASSED] - else if (compare > fileOtpuskVSet): null

03-03-2025T13:37:23 - [TEST_STEP][PASSED] - compare = compare - 1: null

03-03-2025T13:37:23 - [TEST_STEP][PASSED] - if (compare == fileOtpuskVSet): null

03-03-2025T13:37:23 - [TEST_STEP][PASSED] - else: null

03-03-2025T13:37:23 - [TEST_STEP][PASSED] - numberOfErrors = numberOfErrors + 1: null

03-03-2025T13:37:23 - [TEST_STEP][PASSED] - pageInt = pageOtpuskVSet: null

03-03-2025T13:37:23 - [TEST_STEP][PASSED] - fileInt = fileOtpuskVSet: null

03-03-2025T13:37:23 - [TEST_STEP][PASSED] - typeOfData = typeOfDataMain + " Отпуск в сеть": null

03-03-2025T13:37:23 - [TEST_STEP][PASSED] - Script1718980020443.WriteToExcel(a, typeOfData, todaysDate, pageInt, fileInt, pageDouble, fileDouble, dZO): null

03-03-2025T13:37:23 - [TEST_STEP][PASSED] - sheetName = "Sheet1": null

03-03-2025T13:37:23 - [TEST_STEP][PASSED] - data = findTestData("PlanFact"): null

03-03-2025T13:37:23 - [TEST_STEP][PASSED] - n = data.getRowNumbers() + 1: null

03-03-2025T13:37:23 - [TEST_STEP][PASSED] - day = ")).toInteger(): null

03-03-2025T13:37:23 - [TEST_STEP][PASSED] - println(day): null

03-03-2025T13:37:23 - [TEST_STEP][PASSED] - month = ")).toInteger(): null

03-03-2025T13:37:23 - [TEST_STEP][PASSED] - println(month): null

03-03-2025T13:37:23 - [TEST_STEP][PASSED] - y = <not implemented yet for class: org.codehaus.groovy.ast.expr.EmptyExpression>: null

03-03-2025T13:37:23 - [TEST_STEP][PASSED] - iy = <not implemented yet for class: org.codehaus.groovy.ast.expr.EmptyExpression>: null

03-03-2025T13:37:23 - [TEST_STEP][PASSED] - m = getText(findTestObject("Выполнение бизнес-плана/Период")): Text of object 'Object Repository/Выполнение бизнес-плана/Период' is: '2024 год'

03-03-2025T13:37:24 - [MESSAGE][PASSED] - Text of object 'Object Repository/Выполнение бизнес-плана/Период' is: '2024 год'

03-03-2025T13:37:24 - [TEST_STEP][PASSED] - iy = m.indexOf("20"): null

03-03-2025T13:37:24 - [TEST_STEP][PASSED] - if (iy > -1): null

03-03-2025T13:37:24 - [TEST_STEP][PASSED] - y = substring(iy, iy + 4).toInteger(): null

03-03-2025T13:37:24 - [TEST_STEP][PASSED] - println(y): null

03-03-2025T13:37:24 - [TEST_STEP][PASSED] - if (toString().length() == 4): null

03-03-2025T13:37:24 - [TEST_STEP][PASSED] - m = m.substring(0, m.indexOf(y.toString())): null

03-03-2025T13:37:24 - [TEST_STEP][PASSED] - m = m.trim(): null

03-03-2025T13:37:24 - [TEST_STEP][PASSED] - if (m == ""): null

03-03-2025T13:37:24 - [TEST_STEP][PASSED] - m = "весь год": null

03-03-2025T13:37:24 - [TEST_STEP][PASSED] - dashboardName = "Выполнение бизнес-плана": null

03-03-2025T13:37:24 - [TEST_STEP][PASSED] - workbook01 = getWorkbook(excelFilePath): null

03-03-2025T13:37:24 - [TEST_STEP][PASSED] - sheet01 = getExcelSheet(workbook01, sheetName): null

03-03-2025T13:37:24 - [TEST_STEP][PASSED] - setValueToCellByIndex(sheet01, n, 0, dashboardName): null

03-03-2025T13:37:24 - [TEST_STEP][PASSED] - setValueToCellByIndex(sheet01, n, 1, dZO): null

03-03-2025T13:37:24 - [TEST_STEP][PASSED] - setValueToCellByIndex(sheet01, n, 2, typeOfData): null

03-03-2025T13:37:24 - [TEST_STEP][PASSED] - if (typeOfData == "Факт в процентах" || typeOfData == "План в процентах"): null

03-03-2025T13:37:24 - [TEST_STEP][PASSED] - else: null

03-03-2025T13:37:24 - [TEST_STEP][PASSED] - setValueToCellByIndex(sheet01, n, 3, fileInt): null

03-03-2025T13:37:24 - [TEST_STEP][PASSED] - setValueToCellByIndex(sheet01, n, 4, pageInt): null

03-03-2025T13:37:24 - [TEST_STEP][PASSED] - setValueToCellByIndex(sheet01, n, 5, m): null

03-03-2025T13:37:24 - [TEST_STEP][PASSED] - setValueToCellByIndex(sheet01, n, 6, y): null

03-03-2025T13:37:24 - [TEST_STEP][PASSED] - setValueToCellByIndex(sheet01, n, 7, todaysDate): null

03-03-2025T13:37:24 - [TEST_STEP][PASSED] - n = n + 1: null

03-03-2025T13:37:24 - [TEST_STEP][PASSED] - saveWorkbook(excelFilePath, workbook01): null

03-03-2025T13:37:24 - [TEST_STEP][PASSED] - compare = pagePoteri: null

03-03-2025T13:37:24 - [TEST_STEP][PASSED] - if (pageOtpuskVSet != null): null

03-03-2025T13:37:24 - [TEST_STEP][PASSED] - if (compare == filePoteri): null

03-03-2025T13:37:24 - [TEST_STEP][PASSED] - else if (compare > filePoteri): null

03-03-2025T13:37:24 - [TEST_STEP][PASSED] - compare = compare - 1: null

03-03-2025T13:37:24 - [TEST_STEP][PASSED] - if (compare == filePoteri): null

03-03-2025T13:37:24 - [TEST_STEP][PASSED] - else: null

03-03-2025T13:37:24 - [TEST_STEP][PASSED] - numberOfErrors = numberOfErrors + 1: null

03-03-2025T13:37:24 - [TEST_STEP][PASSED] - pageInt = pagePoteri: null

03-03-2025T13:37:24 - [TEST_STEP][PASSED] - fileInt = filePoteri: null

03-03-2025T13:37:24 - [TEST_STEP][PASSED] - typeOfData = typeOfDataMain + " Потери": null

03-03-2025T13:37:24 - [TEST_STEP][PASSED] - Script1718980020443.WriteToExcel(a, typeOfData, todaysDate, pageInt, fileInt, pageDouble, fileDouble, dZO): null

03-03-2025T13:37:24 - [TEST_STEP][PASSED] - sheetName = "Sheet1": null

03-03-2025T13:37:24 - [TEST_STEP][PASSED] - data = findTestData("PlanFact"): null

03-03-2025T13:37:24 - [TEST_STEP][PASSED] - n = data.getRowNumbers() + 1: null

03-03-2025T13:37:24 - [TEST_STEP][PASSED] - day = ")).toInteger(): null

03-03-2025T13:37:24 - [TEST_STEP][PASSED] - println(day): null

03-03-2025T13:37:24 - [TEST_STEP][PASSED] - month = ")).toInteger(): null

03-03-2025T13:37:24 - [TEST_STEP][PASSED] - println(month): null

03-03-2025T13:37:24 - [TEST_STEP][PASSED] - y = <not implemented yet for class: org.codehaus.groovy.ast.expr.EmptyExpression>: null

03-03-2025T13:37:24 - [TEST_STEP][PASSED] - iy = <not implemented yet for class: org.codehaus.groovy.ast.expr.EmptyExpression>: null

03-03-2025T13:37:24 - [TEST_STEP][PASSED] - m = getText(findTestObject("Выполнение бизнес-плана/Период")): Text of object 'Object Repository/Выполнение бизнес-плана/Период' is: '2024 год'

03-03-2025T13:37:24 - [MESSAGE][PASSED] - Text of object 'Object Repository/Выполнение бизнес-плана/Период' is: '2024 год'

03-03-2025T13:37:24 - [TEST_STEP][PASSED] - iy = m.indexOf("20"): null

03-03-2025T13:37:24 - [TEST_STEP][PASSED] - if (iy > -1): null

03-03-2025T13:37:24 - [TEST_STEP][PASSED] - y = substring(iy, iy + 4).toInteger(): null

03-03-2025T13:37:24 - [TEST_STEP][PASSED] - println(y): null

03-03-2025T13:37:24 - [TEST_STEP][PASSED] - if (toString().length() == 4): null

03-03-2025T13:37:24 - [TEST_STEP][PASSED] - m = m.substring(0, m.indexOf(y.toString())): null

03-03-2025T13:37:24 - [TEST_STEP][PASSED] - m = m.trim(): null

03-03-2025T13:37:24 - [TEST_STEP][PASSED] - if (m == ""): null

03-03-2025T13:37:24 - [TEST_STEP][PASSED] - m = "весь год": null

03-03-2025T13:37:24 - [TEST_STEP][PASSED] - dashboardName = "Выполнение бизнес-плана": null

03-03-2025T13:37:24 - [TEST_STEP][PASSED] - workbook01 = getWorkbook(excelFilePath): null

03-03-2025T13:37:24 - [TEST_STEP][PASSED] - sheet01 = getExcelSheet(workbook01, sheetName): null

03-03-2025T13:37:24 - [TEST_STEP][PASSED] - setValueToCellByIndex(sheet01, n, 0, dashboardName): null

03-03-2025T13:37:24 - [TEST_STEP][PASSED] - setValueToCellByIndex(sheet01, n, 1, dZO): null

03-03-2025T13:37:24 - [TEST_STEP][PASSED] - setValueToCellByIndex(sheet01, n, 2, typeOfData): null

03-03-2025T13:37:24 - [TEST_STEP][PASSED] - if (typeOfData == "Факт в процентах" || typeOfData == "План в процентах"): null

03-03-2025T13:37:24 - [TEST_STEP][PASSED] - else: null

03-03-2025T13:37:24 - [TEST_STEP][PASSED] - setValueToCellByIndex(sheet01, n, 3, fileInt): null

03-03-2025T13:37:24 - [TEST_STEP][PASSED] - setValueToCellByIndex(sheet01, n, 4, pageInt): null

03-03-2025T13:37:24 - [TEST_STEP][PASSED] - setValueToCellByIndex(sheet01, n, 5, m): null

03-03-2025T13:37:24 - [TEST_STEP][PASSED] - setValueToCellByIndex(sheet01, n, 6, y): null

03-03-2025T13:37:24 - [TEST_STEP][PASSED] - setValueToCellByIndex(sheet01, n, 7, todaysDate): null

03-03-2025T13:37:24 - [TEST_STEP][PASSED] - n = n + 1: null

03-03-2025T13:37:24 - [TEST_STEP][PASSED] - saveWorkbook(excelFilePath, workbook01): null

03-03-2025T13:37:24 - [TEST_STEP][PASSED] - if (planFact == 2): null

03-03-2025T13:37:24 - [TEST_STEP][PASSED] - if (planFact == 1): null

03-03-2025T13:37:24 - [TEST_STEP][PASSED] - else if (planFact == 2): null

03-03-2025T13:37:24 - [TEST_STEP][PASSED] - click(findTestObject("Выполнение бизнес-плана/Кнопка План")): Object: 'Object Repository/Выполнение бизнес-плана/Кнопка План' is clicked on

03-03-2025T13:37:25 - [MESSAGE][PASSED] - Object: 'Object Repository/Выполнение бизнес-плана/Кнопка План' is clicked on

03-03-2025T13:37:25 - [TEST_STEP][PASSED] - typeOfDataMain = "План": null

03-03-2025T13:37:25 - [TEST_STEP][PASSED] - otpusk = findTestData("PlanFact").getValue(2, a): null

03-03-2025T13:37:25 - [TEST_STEP][PASSED] - poteri = findTestData("PlanFact").getValue(3, a): null

03-03-2025T13:37:25 - [TEST_STEP][PASSED] - otpusk = otpusk.replaceAll("\s+", ""): null

03-03-2025T13:37:25 - [TEST_STEP][PASSED] - poteri = poteri.replaceAll("\s+", ""): null

03-03-2025T13:37:25 - [TEST_STEP][PASSED] - typeOfData = typeOfDataMain + " Отпуск в сеть": null

03-03-2025T13:37:25 - [TEST_STEP][PASSED] - if (a == 82): null

03-03-2025T13:37:25 - [TEST_STEP][PASSED] - else if (a == 84): null

03-03-2025T13:37:25 - [TEST_STEP][PASSED] - else if (a == 83 || a == 52 || a == 72 || a == 28 || a == 73 || a == 77 || a == 74 || a == 65 || a == 36 || a == 44 || a == 53 || a == 80 || a == 54 || a == 1 || a == 18 || a == 59 || a == 81): null

03-03-2025T13:37:25 - [TEST_STEP][PASSED] - path = dataFolder + "Table Data/" + typeOfData + " за отчётный период " + dzoNum: null

03-03-2025T13:37:25 - [TEST_STEP][PASSED] - println(path): null

03-03-2025T13:37:25 - [TEST_STEP][PASSED] - page = getText(findTestObject(path)): Text of object 'Object Repository/Выполнение бизнес-плана/Значения со страницы Выполнение бизнес-плана/Table Data/План Отпуск в сеть за отчётный период 13' is: '82 305 365'

03-03-2025T13:37:25 - [MESSAGE][PASSED] - Text of object 'Object Repository/Выполнение бизнес-плана/Значения со страницы Выполнение бизнес-плана/Table Data/План Отпуск в сеть за отчётный период 13' is: '82 305 365'

03-03-2025T13:37:25 - [TEST_STEP][PASSED] - if (page == "" || page == null): null

03-03-2025T13:37:25 - [TEST_STEP][PASSED] - else: null

03-03-2025T13:37:25 - [TEST_STEP][PASSED] - page = page.replaceAll("\s+", ""): null

03-03-2025T13:37:25 - [TEST_STEP][PASSED] - fileOtpuskVSet = otpusk.toInteger(): null

03-03-2025T13:37:25 - [TEST_STEP][PASSED] - pageOtpuskVSet = page.toInteger(): null

03-03-2025T13:37:25 - [TEST_STEP][PASSED] - typeOfData = typeOfDataMain + " Потери": null

03-03-2025T13:37:25 - [TEST_STEP][PASSED] - if (a == 82): null

03-03-2025T13:37:25 - [TEST_STEP][PASSED] - else if (a == 84): null

03-03-2025T13:37:25 - [TEST_STEP][PASSED] - else if (a == 83 || a == 52 || a == 72 || a == 28 || a == 73 || a == 77 || a == 74 || a == 65 || a == 44 || a == 53 || a == 80 || a == 54 || a == 1 || a == 18 || a == 59 || a == 81): null

03-03-2025T13:37:25 - [TEST_STEP][PASSED] - path = dataFolder + "Table Data/" + typeOfData + " за отчётный период " + dzoNum: null

03-03-2025T13:37:25 - [TEST_STEP][PASSED] - page = getText(findTestObject(path)): Text of object 'Object Repository/Выполнение бизнес-плана/Значения со страницы Выполнение бизнес-плана/Table Data/План Потери за отчётный период 13' is: '5 242 817'

03-03-2025T13:37:26 - [MESSAGE][PASSED] - Text of object 'Object Repository/Выполнение бизнес-плана/Значения со страницы Выполнение бизнес-плана/Table Data/План Потери за отчётный период 13' is: '5 242 817'

03-03-2025T13:37:26 - [TEST_STEP][PASSED] - if (page == "" || page == null): null

03-03-2025T13:37:26 - [TEST_STEP][PASSED] - else: null

03-03-2025T13:37:26 - [TEST_STEP][PASSED] - page = page.replaceAll("\s+", ""): null

03-03-2025T13:37:26 - [TEST_STEP][PASSED] - filePoteri = poteri.toInteger(): null

03-03-2025T13:37:26 - [TEST_STEP][PASSED] - pagePoteri = page.toInteger(): null

03-03-2025T13:37:26 - [TEST_STEP][PASSED] - compare = pageOtpuskVSet: null

03-03-2025T13:37:26 - [TEST_STEP][PASSED] - if (pageOtpuskVSet != null): null

03-03-2025T13:37:26 - [TEST_STEP][PASSED] - if (compare == fileOtpuskVSet): null

03-03-2025T13:37:26 - [TEST_STEP][PASSED] - else if (compare > fileOtpuskVSet): null

03-03-2025T13:37:26 - [TEST_STEP][PASSED] - compare = compare - 1: null

03-03-2025T13:37:26 - [TEST_STEP][PASSED] - if (compare == fileOtpuskVSet): null

03-03-2025T13:37:26 - [TEST_STEP][PASSED] - else: null

03-03-2025T13:37:26 - [TEST_STEP][PASSED] - numberOfErrors = numberOfErrors + 1: null

03-03-2025T13:37:26 - [TEST_STEP][PASSED] - pageInt = pageOtpuskVSet: null

03-03-2025T13:37:26 - [TEST_STEP][PASSED] - fileInt = fileOtpuskVSet: null

03-03-2025T13:37:26 - [TEST_STEP][PASSED] - typeOfData = typeOfDataMain + " Отпуск в сеть": null

03-03-2025T13:37:26 - [TEST_STEP][PASSED] - Script1718980020443.WriteToExcel(a, typeOfData, todaysDate, pageInt, fileInt, pageDouble, fileDouble, dZO): null

03-03-2025T13:37:26 - [TEST_STEP][PASSED] - sheetName = "Sheet1": null

03-03-2025T13:37:26 - [TEST_STEP][PASSED] - data = findTestData("PlanFact"): null

03-03-2025T13:37:26 - [TEST_STEP][PASSED] - n = data.getRowNumbers() + 1: null

03-03-2025T13:37:26 - [TEST_STEP][PASSED] - day = ")).toInteger(): null

03-03-2025T13:37:26 - [TEST_STEP][PASSED] - println(day): null

03-03-2025T13:37:26 - [TEST_STEP][PASSED] - month = ")).toInteger(): null

03-03-2025T13:37:26 - [TEST_STEP][PASSED] - println(month): null

03-03-2025T13:37:26 - [TEST_STEP][PASSED] - y = <not implemented yet for class: org.codehaus.groovy.ast.expr.EmptyExpression>: null

03-03-2025T13:37:26 - [TEST_STEP][PASSED] - iy = <not implemented yet for class: org.codehaus.groovy.ast.expr.EmptyExpression>: null

03-03-2025T13:37:26 - [TEST_STEP][PASSED] - m = getText(findTestObject("Выполнение бизнес-плана/Период")): Text of object 'Object Repository/Выполнение бизнес-плана/Период' is: '2024 год'

03-03-2025T13:37:26 - [MESSAGE][PASSED] - Text of object 'Object Repository/Выполнение бизнес-плана/Период' is: '2024 год'

03-03-2025T13:37:26 - [TEST_STEP][PASSED] - iy = m.indexOf("20"): null

03-03-2025T13:37:26 - [TEST_STEP][PASSED] - if (iy > -1): null

03-03-2025T13:37:26 - [TEST_STEP][PASSED] - y = substring(iy, iy + 4).toInteger(): null

03-03-2025T13:37:26 - [TEST_STEP][PASSED] - println(y): null

03-03-2025T13:37:26 - [TEST_STEP][PASSED] - if (toString().length() == 4): null

03-03-2025T13:37:26 - [TEST_STEP][PASSED] - m = m.substring(0, m.indexOf(y.toString())): null

03-03-2025T13:37:26 - [TEST_STEP][PASSED] - m = m.trim(): null

03-03-2025T13:37:26 - [TEST_STEP][PASSED] - if (m == ""): null

03-03-2025T13:37:26 - [TEST_STEP][PASSED] - m = "весь год": null

03-03-2025T13:37:26 - [TEST_STEP][PASSED] - dashboardName = "Выполнение бизнес-плана": null

03-03-2025T13:37:26 - [TEST_STEP][PASSED] - workbook01 = getWorkbook(excelFilePath): null

03-03-2025T13:37:26 - [TEST_STEP][PASSED] - sheet01 = getExcelSheet(workbook01, sheetName): null

03-03-2025T13:37:26 - [TEST_STEP][PASSED] - setValueToCellByIndex(sheet01, n, 0, dashboardName): null

03-03-2025T13:37:26 - [TEST_STEP][PASSED] - setValueToCellByIndex(sheet01, n, 1, dZO): null

03-03-2025T13:37:26 - [TEST_STEP][PASSED] - setValueToCellByIndex(sheet01, n, 2, typeOfData): null

03-03-2025T13:37:26 - [TEST_STEP][PASSED] - if (typeOfData == "Факт в процентах" || typeOfData == "План в процентах"): null

03-03-2025T13:37:26 - [TEST_STEP][PASSED] - else: null

03-03-2025T13:37:26 - [TEST_STEP][PASSED] - setValueToCellByIndex(sheet01, n, 3, fileInt): null

03-03-2025T13:37:26 - [TEST_STEP][PASSED] - setValueToCellByIndex(sheet01, n, 4, pageInt): null

03-03-2025T13:37:26 - [TEST_STEP][PASSED] - setValueToCellByIndex(sheet01, n, 5, m): null

03-03-2025T13:37:26 - [TEST_STEP][PASSED] - setValueToCellByIndex(sheet01, n, 6, y): null

03-03-2025T13:37:26 - [TEST_STEP][PASSED] - setValueToCellByIndex(sheet01, n, 7, todaysDate): null

03-03-2025T13:37:26 - [TEST_STEP][PASSED] - n = n + 1: null

03-03-2025T13:37:26 - [TEST_STEP][PASSED] - saveWorkbook(excelFilePath, workbook01): null

03-03-2025T13:37:26 - [TEST_STEP][PASSED] - compare = pagePoteri: null

03-03-2025T13:37:26 - [TEST_STEP][PASSED] - if (pageOtpuskVSet != null): null

03-03-2025T13:37:26 - [TEST_STEP][PASSED] - if (compare == filePoteri): null

03-03-2025T13:37:26 - [TEST_STEP][PASSED] - else if (compare > filePoteri): null

03-03-2025T13:37:26 - [TEST_STEP][PASSED] - compare = compare - 1: null

03-03-2025T13:37:26 - [TEST_STEP][PASSED] - if (compare == filePoteri): null

03-03-2025T13:37:26 - [TEST_STEP][PASSED] - else: null

03-03-2025T13:37:26 - [TEST_STEP][PASSED] - numberOfErrors = numberOfErrors + 1: null

03-03-2025T13:37:26 - [TEST_STEP][PASSED] - pageInt = pagePoteri: null

03-03-2025T13:37:26 - [TEST_STEP][PASSED] - fileInt = filePoteri: null

03-03-2025T13:37:26 - [TEST_STEP][PASSED] - typeOfData = typeOfDataMain + " Потери": null

03-03-2025T13:37:26 - [TEST_STEP][PASSED] - Script1718980020443.WriteToExcel(a, typeOfData, todaysDate, pageInt, fileInt, pageDouble, fileDouble, dZO): null

03-03-2025T13:37:26 - [TEST_STEP][PASSED] - sheetName = "Sheet1": null

03-03-2025T13:37:26 - [TEST_STEP][PASSED] - data = findTestData("PlanFact"): null

03-03-2025T13:37:26 - [TEST_STEP][PASSED] - n = data.getRowNumbers() + 1: null

03-03-2025T13:37:26 - [TEST_STEP][PASSED] - day = ")).toInteger(): null

03-03-2025T13:37:26 - [TEST_STEP][PASSED] - println(day): null

03-03-2025T13:37:26 - [TEST_STEP][PASSED] - month = ")).toInteger(): null

03-03-2025T13:37:26 - [TEST_STEP][PASSED] - println(month): null

03-03-2025T13:37:26 - [TEST_STEP][PASSED] - y = <not implemented yet for class: org.codehaus.groovy.ast.expr.EmptyExpression>: null

03-03-2025T13:37:26 - [TEST_STEP][PASSED] - iy = <not implemented yet for class: org.codehaus.groovy.ast.expr.EmptyExpression>: null

03-03-2025T13:37:26 - [TEST_STEP][PASSED] - m = getText(findTestObject("Выполнение бизнес-плана/Период")): Text of object 'Object Repository/Выполнение бизнес-плана/Период' is: '2024 год'

03-03-2025T13:37:26 - [MESSAGE][PASSED] - Text of object 'Object Repository/Выполнение бизнес-плана/Период' is: '2024 год'

03-03-2025T13:37:26 - [TEST_STEP][PASSED] - iy = m.indexOf("20"): null

03-03-2025T13:37:26 - [TEST_STEP][PASSED] - if (iy > -1): null

03-03-2025T13:37:26 - [TEST_STEP][PASSED] - y = substring(iy, iy + 4).toInteger(): null

03-03-2025T13:37:26 - [TEST_STEP][PASSED] - println(y): null

03-03-2025T13:37:26 - [TEST_STEP][PASSED] - if (toString().length() == 4): null

03-03-2025T13:37:26 - [TEST_STEP][PASSED] - m = m.substring(0, m.indexOf(y.toString())): null

03-03-2025T13:37:26 - [TEST_STEP][PASSED] - m = m.trim(): null

03-03-2025T13:37:26 - [TEST_STEP][PASSED] - if (m == ""): null

03-03-2025T13:37:26 - [TEST_STEP][PASSED] - m = "весь год": null

03-03-2025T13:37:26 - [TEST_STEP][PASSED] - dashboardName = "Выполнение бизнес-плана": null

03-03-2025T13:37:26 - [TEST_STEP][PASSED] - workbook01 = getWorkbook(excelFilePath): null

03-03-2025T13:37:27 - [TEST_STEP][PASSED] - sheet01 = getExcelSheet(workbook01, sheetName): null

03-03-2025T13:37:27 - [TEST_STEP][PASSED] - setValueToCellByIndex(sheet01, n, 0, dashboardName): null

03-03-2025T13:37:27 - [TEST_STEP][PASSED] - setValueToCellByIndex(sheet01, n, 1, dZO): null

03-03-2025T13:37:27 - [TEST_STEP][PASSED] - setValueToCellByIndex(sheet01, n, 2, typeOfData): null

03-03-2025T13:37:27 - [TEST_STEP][PASSED] - if (typeOfData == "Факт в процентах" || typeOfData == "План в процентах"): null

03-03-2025T13:37:27 - [TEST_STEP][PASSED] - else: null

03-03-2025T13:37:27 - [TEST_STEP][PASSED] - setValueToCellByIndex(sheet01, n, 3, fileInt): null

03-03-2025T13:37:27 - [TEST_STEP][PASSED] - setValueToCellByIndex(sheet01, n, 4, pageInt): null

03-03-2025T13:37:27 - [TEST_STEP][PASSED] - setValueToCellByIndex(sheet01, n, 5, m): null

03-03-2025T13:37:27 - [TEST_STEP][PASSED] - setValueToCellByIndex(sheet01, n, 6, y): null

03-03-2025T13:37:27 - [TEST_STEP][PASSED] - setValueToCellByIndex(sheet01, n, 7, todaysDate): null

03-03-2025T13:37:27 - [TEST_STEP][PASSED] - n = n + 1: null

03-03-2025T13:37:27 - [TEST_STEP][PASSED] - saveWorkbook(excelFilePath, workbook01): Object: 'Object Repository/Выполнение бизнес-плана/Кнопка Факт' is clicked on

03-03-2025T13:37:27 - [TEST_STEP][PASSED] - if (planFact == 2): Object: 'Object Repository/Выполнение бизнес-плана/Кнопка Факт' is clicked on

03-03-2025T13:37:27 - [TEST_STEP][PASSED] - click(findTestObject("Выполнение бизнес-плана/Кнопка Факт")): Object: 'Object Repository/Выполнение бизнес-плана/Кнопка Факт' is clicked on

03-03-2025T13:37:27 - [MESSAGE][PASSED] - Object: 'Object Repository/Выполнение бизнес-плана/Кнопка Факт' is clicked on

03-03-2025T13:37:27 - [TEST_STEP][PASSED] - println("a=" + a): null

03-03-2025T13:37:27 - [TEST_STEP][PASSED] - if (a == 84 || a == 82): null

03-03-2025T13:37:27 - [TEST_STEP][PASSED] - else if (a == 83 || a == 52 || a == 72 || a == 28 || a == 73 || a == 77 || a == 74 || a == 65 || a == 36 || a == 44 || a == 53 || a == 80 || a == 54 || a == 1 || a == 18 || a == 59 || a == 81): null

03-03-2025T13:37:27 - [TEST_STEP][PASSED] - page1 = getText(findTestObject("Object Repository/Выполнение бизнес-плана/spanPlan" + dzoNum)): Text of object 'Object Repository/Выполнение бизнес-плана/spanPlan13' is: '6.40
|'

03-03-2025T13:37:27 - [MESSAGE][PASSED] - Text of object 'Object Repository/Выполнение бизнес-плана/spanPlan13' is: '6.40
|'

03-03-2025T13:37:27 - [TEST_STEP][PASSED] - page1 = page1.replace("|", ""): null

03-03-2025T13:37:27 - [TEST_STEP][PASSED] - page2 = getText(findTestObject("Object Repository/Выполнение бизнес-плана/spanFact" + dzoNum)): Text of object 'Object Repository/Выполнение бизнес-плана/spanFact13' is: '6.24'

03-03-2025T13:37:28 - [MESSAGE][PASSED] - Text of object 'Object Repository/Выполнение бизнес-плана/spanFact13' is: '6.24'

03-03-2025T13:37:28 - [TEST_STEP][PASSED] - page2 = page2.replace("|", ""): null

03-03-2025T13:37:28 - [TEST_STEP][PASSED] - println("page1: " + page1): null

03-03-2025T13:37:28 - [TEST_STEP][PASSED] - println("page2: " + page2): null

03-03-2025T13:37:28 - [TEST_STEP][PASSED] - file = findTestData("PlanFact").getValue(4, a): null

03-03-2025T13:37:28 - [TEST_STEP][PASSED] - file = file.replace(",", "."): null

03-03-2025T13:37:28 - [TEST_STEP][PASSED] - println("file Plan: " + file): null

03-03-2025T13:37:28 - [TEST_STEP][PASSED] - typeOfData = "План в процентах": null

03-03-2025T13:37:28 - [TEST_STEP][PASSED] - fileDouble = file.toDouble(): null

03-03-2025T13:37:28 - [TEST_STEP][PASSED] - pageDouble = page1.toDouble(): null

03-03-2025T13:37:28 - [TEST_STEP][PASSED] - if (fileDouble != pageDouble): null

03-03-2025T13:37:28 - [TEST_STEP][PASSED] - numberOfErrors = numberOfErrors + 1: null

03-03-2025T13:37:28 - [TEST_STEP][PASSED] - Script1718980020443.WriteToExcel(a, typeOfData, todaysDate, pageInt, fileInt, pageDouble, fileDouble, dZO): null

03-03-2025T13:37:28 - [TEST_STEP][PASSED] - sheetName = "Sheet1": null

03-03-2025T13:37:28 - [TEST_STEP][PASSED] - data = findTestData("PlanFact"): null

03-03-2025T13:37:28 - [TEST_STEP][PASSED] - n = data.getRowNumbers() + 1: null

03-03-2025T13:37:28 - [TEST_STEP][PASSED] - day = ")).toInteger(): null

03-03-2025T13:37:28 - [TEST_STEP][PASSED] - println(day): null

03-03-2025T13:37:28 - [TEST_STEP][PASSED] - month = ")).toInteger(): null

03-03-2025T13:37:28 - [TEST_STEP][PASSED] - println(month): null

03-03-2025T13:37:28 - [TEST_STEP][PASSED] - y = <not implemented yet for class: org.codehaus.groovy.ast.expr.EmptyExpression>: null

03-03-2025T13:37:28 - [TEST_STEP][PASSED] - iy = <not implemented yet for class: org.codehaus.groovy.ast.expr.EmptyExpression>: null

03-03-2025T13:37:28 - [TEST_STEP][PASSED] - m = getText(findTestObject("Выполнение бизнес-плана/Период")): Text of object 'Object Repository/Выполнение бизнес-плана/Период' is: '2024 год'

03-03-2025T13:37:28 - [MESSAGE][PASSED] - Text of object 'Object Repository/Выполнение бизнес-плана/Период' is: '2024 год'

03-03-2025T13:37:28 - [TEST_STEP][PASSED] - iy = m.indexOf("20"): null

03-03-2025T13:37:28 - [TEST_STEP][PASSED] - if (iy > -1): null

03-03-2025T13:37:28 - [TEST_STEP][PASSED] - y = substring(iy, iy + 4).toInteger(): null

03-03-2025T13:37:28 - [TEST_STEP][PASSED] - println(y): null

03-03-2025T13:37:28 - [TEST_STEP][PASSED] - if (toString().length() == 4): null

03-03-2025T13:37:28 - [TEST_STEP][PASSED] - m = m.substring(0, m.indexOf(y.toString())): null

03-03-2025T13:37:28 - [TEST_STEP][PASSED] - m = m.trim(): null

03-03-2025T13:37:28 - [TEST_STEP][PASSED] - if (m == ""): null

03-03-2025T13:37:28 - [TEST_STEP][PASSED] - m = "весь год": null

03-03-2025T13:37:28 - [TEST_STEP][PASSED] - dashboardName = "Выполнение бизнес-плана": null

03-03-2025T13:37:28 - [TEST_STEP][PASSED] - workbook01 = getWorkbook(excelFilePath): null

03-03-2025T13:37:28 - [TEST_STEP][PASSED] - sheet01 = getExcelSheet(workbook01, sheetName): null

03-03-2025T13:37:28 - [TEST_STEP][PASSED] - setValueToCellByIndex(sheet01, n, 0, dashboardName): null

03-03-2025T13:37:28 - [TEST_STEP][PASSED] - setValueToCellByIndex(sheet01, n, 1, dZO): null

03-03-2025T13:37:28 - [TEST_STEP][PASSED] - setValueToCellByIndex(sheet01, n, 2, typeOfData): null

03-03-2025T13:37:28 - [TEST_STEP][PASSED] - if (typeOfData == "Факт в процентах" || typeOfData == "План в процентах"): null

03-03-2025T13:37:28 - [TEST_STEP][PASSED] - setValueToCellByIndex(sheet01, n, 3, fileDouble): null

03-03-2025T13:37:28 - [TEST_STEP][PASSED] - setValueToCellByIndex(sheet01, n, 4, pageDouble): null

03-03-2025T13:37:28 - [TEST_STEP][PASSED] - setValueToCellByIndex(sheet01, n, 5, m): null

03-03-2025T13:37:28 - [TEST_STEP][PASSED] - setValueToCellByIndex(sheet01, n, 6, y): null

03-03-2025T13:37:28 - [TEST_STEP][PASSED] - setValueToCellByIndex(sheet01, n, 7, todaysDate): null

03-03-2025T13:37:28 - [TEST_STEP][PASSED] - n = n + 1: null

03-03-2025T13:37:28 - [TEST_STEP][PASSED] - saveWorkbook(excelFilePath, workbook01): null

03-03-2025T13:37:28 - [TEST_STEP][PASSED] - file = findTestData("PlanFact").getValue(7, a): null

03-03-2025T13:37:28 - [TEST_STEP][PASSED] - file = file.replace(",", "."): null

03-03-2025T13:37:28 - [TEST_STEP][PASSED] - println("file Fact: " + file): null

03-03-2025T13:37:28 - [TEST_STEP][PASSED] - fileDouble = file.toDouble(): null

03-03-2025T13:37:28 - [TEST_STEP][PASSED] - typeOfData = "Факт в процентах": null

03-03-2025T13:37:28 - [TEST_STEP][PASSED] - fileDouble = file.toDouble(): null

03-03-2025T13:37:28 - [TEST_STEP][PASSED] - pageDouble = page2.toDouble(): null

03-03-2025T13:37:28 - [TEST_STEP][PASSED] - if (fileDouble != pageDouble): null

03-03-2025T13:37:28 - [TEST_STEP][FAILED] - if (verifyEqual(numberOfErrors, 0) == false): null

03-03-2025T13:37:28 - [MESSAGE][FAILED] - Unable to verify equal between actual object '5' and expected object '0' (Root cause: com.kms.katalon.core.exception.StepFailedException: Actual object '5' and expected object '0' are not equal
	at com.kms.katalon.core.keyword.builtin.VerifyEqualKeyword$_verifyEqual_closure1.doCall(VerifyEqualKeyword.groovy:58)
	at com.kms.katalon.core.keyword.builtin.VerifyEqualKeyword$_verifyEqual_closure1.call(VerifyEqualKeyword.groovy)
	at com.kms.katalon.core.keyword.internal.KeywordMain.runKeyword(KeywordMain.groovy:75)
	at com.kms.katalon.core.keyword.builtin.VerifyEqualKeyword.verifyEqual(VerifyEqualKeyword.groovy:63)
	at com.kms.katalon.core.keyword.builtin.VerifyEqualKeyword.execute(VerifyEqualKeyword.groovy:44)
	at com.kms.katalon.core.keyword.internal.KeywordExecutor.executeKeywordForPlatform(KeywordExecutor.groovy:74)
	at com.kms.katalon.core.keyword.BuiltinKeywords.verifyEqual(BuiltinKeywords.groovy:146)
	at jdk.internal.reflect.GeneratedMethodAccessor24.invoke(Unknown Source)
	at java.base/jdk.internal.reflect.DelegatingMethodAccessorImpl.invoke(DelegatingMethodAccessorImpl.java:43)
	at Выполнение бизнес-плана Сверка ПАО Россети все филиалы.Numbers(Выполнение бизнес-плана Сверка ПАО Россети все филиалы:736)
	at Выполнение бизнес-плана Сверка ПАО Россети все филиалы.run(Выполнение бизнес-плана Сверка ПАО Россети все филиалы:350)
	at com.kms.katalon.core.main.ScriptEngine.run(ScriptEngine.java:194)
	at com.kms.katalon.core.main.ScriptEngine.runScriptAsRawText(ScriptEngine.java:119)
	at com.kms.katalon.core.main.TestCaseExecutor.runScript(TestCaseExecutor.java:448)
	at com.kms.katalon.core.main.TestCaseExecutor.doExecute(TestCaseExecutor.java:439)
	at com.kms.katalon.core.main.TestCaseExecutor.processExecutionPhase(TestCaseExecutor.java:418)
	at com.kms.katalon.core.main.TestCaseExecutor.accessMainPhase(TestCaseExecutor.java:410)
	at com.kms.katalon.core.main.TestCaseExecutor.execute(TestCaseExecutor.java:285)
	at com.kms.katalon.core.common.CommonExecutor.accessTestCaseMainPhase(CommonExecutor.java:65)
	at com.kms.katalon.core.main.TestSuiteExecutor.accessTestSuiteMainPhase(TestSuiteExecutor.java:150)
	at com.kms.katalon.core.main.TestSuiteExecutor.execute(TestSuiteExecutor.java:106)
	at com.kms.katalon.core.main.TestCaseMain.startTestSuite(TestCaseMain.java:180)
	at TempTestSuite1740991900055.run(TempTestSuite1740991900055.groovy:35)
	at java.base/jdk.internal.reflect.NativeMethodAccessorImpl.invoke0(Native Method)
	at java.base/jdk.internal.reflect.NativeMethodAccessorImpl.invoke(NativeMethodAccessorImpl.java:77)
	at java.base/jdk.internal.reflect.DelegatingMethodAccessorImpl.invoke(DelegatingMethodAccessorImpl.java:43)
)

03-03-2025T13:37:28 - [TEST_STEP][PASSED] - println(numberOfErrors): null

03-03-2025T13:37:28 - [TEST_STEP][PASSED] - println("a=" + a): null

03-03-2025T13:37:28 - [TEST_STEP][PASSED] - if (a == 28 || a == 77 || a == 74 || a == 65 || a == 36 || a == 44 || a == 54 || a == 1 || a == 18 || a == 59): null

03-03-2025T13:37:28 - [TEST_STEP][PASSED] - Script1718980020443.Filials(a, typeOfData, todaysDate, pageInt, fileInt, pageDouble, fileDouble, dZO, dzoNum, filialNum): null

03-03-2025T13:37:28 - [TEST_STEP][PASSED] - i = <not implemented yet for class: org.codehaus.groovy.ast.expr.EmptyExpression>: null

03-03-2025T13:37:28 - [TEST_STEP][PASSED] - c = <not implemented yet for class: org.codehaus.groovy.ast.expr.EmptyExpression>: null

03-03-2025T13:37:28 - [TEST_STEP][PASSED] - page = <not implemented yet for class: org.codehaus.groovy.ast.expr.EmptyExpression>: null

03-03-2025T13:37:28 - [TEST_STEP][PASSED] - println(dZO): null

03-03-2025T13:37:28 - [TEST_STEP][PASSED] - reducedDZO = <not implemented yet for class: org.codehaus.groovy.ast.expr.EmptyExpression>: null

03-03-2025T13:37:28 - [TEST_STEP][PASSED] - reducedDZO = dZO.substring(dZO.indexOf(" ") + 1, dZO.length()): null

03-03-2025T13:37:28 - [TEST_STEP][PASSED] - if (reducedDZO.contains(" ")): null

03-03-2025T13:37:28 - [TEST_STEP][PASSED] - reducedDZO = reducedDZO.substring(reducedDZO.indexOf(" ") + 1, reducedDZO.length()): null

03-03-2025T13:37:28 - [TEST_STEP][PASSED] - if (reducedDZO.contains(" ")): null

03-03-2025T13:37:28 - [TEST_STEP][PASSED] - println(reducedDZO): null

03-03-2025T13:37:28 - [TEST_STEP][PASSED] - dzoCut = <not implemented yet for class: org.codehaus.groovy.ast.expr.EmptyExpression>: null

03-03-2025T13:37:28 - [TEST_STEP][PASSED] - Script1718980020443.DZO(a): null

03-03-2025T13:37:28 - [TEST_STEP][PASSED] - delay(20): Delayed 20 second(s)

03-03-2025T13:37:49 - [MESSAGE][PASSED] - Delayed 20 second(s)

03-03-2025T13:37:49 - [TEST_STEP][PASSED] - Script1718980020443.OpenFilter(): null

03-03-2025T13:37:49 - [TEST_STEP][PASSED] - click(findTestObject("Object Repository/Выполнение бизнес-плана/Фильтр ДЗО")): Object: 'Object Repository/Выполнение бизнес-плана/Фильтр ДЗО' is clicked on

03-03-2025T13:37:49 - [MESSAGE][PASSED] - Object: 'Object Repository/Выполнение бизнес-плана/Фильтр ДЗО' is clicked on

03-03-2025T13:37:49 - [TEST_STEP][PASSED] - click(findTestObject("Выполнение бизнес-плана/Снять выделение в фильтре ДЗО")): Object: 'Object Repository/Выполнение бизнес-плана/Снять выделение в фильтре ДЗО' is clicked on

03-03-2025T13:37:49 - [MESSAGE][PASSED] - Object: 'Object Repository/Выполнение бизнес-плана/Снять выделение в фильтре ДЗО' is clicked on

03-03-2025T13:37:49 - [TEST_STEP][PASSED] - Script1718980020443.OpenRSK(): null

03-03-2025T13:37:49 - [TEST_STEP][PASSED] - click(findTestObject("Выполнение бизнес-плана/Раскрыть список ПАО Россети в фильтре ДЗО")): Object: 'Object Repository/Выполнение бизнес-плана/Раскрыть список ПАО Россети в фильтре ДЗО' is clicked on

03-03-2025T13:37:50 - [MESSAGE][PASSED] - Object: 'Object Repository/Выполнение бизнес-плана/Раскрыть список ПАО Россети в фильтре ДЗО' is clicked on

03-03-2025T13:37:50 - [TEST_STEP][PASSED] - click(findTestObject("Выполнение бизнес-плана/Раскрыть список РаспредКомплекс в фильтре ДЗО")): Object: 'Object Repository/Выполнение бизнес-плана/Раскрыть список РаспредКомплекс в фильтре ДЗО' is clicked on

03-03-2025T13:37:50 - [MESSAGE][PASSED] - Object: 'Object Repository/Выполнение бизнес-плана/Раскрыть список РаспредКомплекс в фильтре ДЗО' is clicked on

03-03-2025T13:37:50 - [TEST_STEP][PASSED] - if (a == 28): null

03-03-2025T13:37:50 - [TEST_STEP][PASSED] - if (a == 77): null

03-03-2025T13:37:50 - [TEST_STEP][PASSED] - if (a == 74): null

03-03-2025T13:37:50 - [TEST_STEP][PASSED] - if (a == 65): null

03-03-2025T13:37:50 - [TEST_STEP][PASSED] - if (a == 36): null

03-03-2025T13:37:50 - [TEST_STEP][PASSED] - if (a == 44): null

03-03-2025T13:37:50 - [TEST_STEP][PASSED] - if (a == 54): Object: 'Object Repository/Выполнение бизнес-плана/Россети Урал' is clicked on

03-03-2025T13:37:50 - [TEST_STEP][PASSED] - scrollToElement(findTestObject("Общие объекты/Раскрыть список Россети Урал"), 30): Scroll to object 'Object Repository/Общие объекты/Раскрыть список Россети Урал' successfully

03-03-2025T13:37:50 - [MESSAGE][PASSED] - Scroll to object 'Object Repository/Общие объекты/Раскрыть список Россети Урал' successfully

03-03-2025T13:37:50 - [TEST_STEP][PASSED] - click(findTestObject("Выполнение бизнес-плана/Россети Урал")): Object: 'Object Repository/Выполнение бизнес-плана/Россети Урал' is clicked on

03-03-2025T13:37:51 - [MESSAGE][PASSED] - Object: 'Object Repository/Выполнение бизнес-плана/Россети Урал' is clicked on

03-03-2025T13:37:51 - [TEST_STEP][PASSED] - if (a == 1): null

03-03-2025T13:37:51 - [TEST_STEP][PASSED] - if (a == 18): null

03-03-2025T13:37:51 - [TEST_STEP][PASSED] - if (a == 59): null

03-03-2025T13:37:51 - [TEST_STEP][PASSED] - Script1718980020443.CloseFilter(): null

03-03-2025T13:37:51 - [TEST_STEP][PASSED] - scrollToElement(findTestObject("Выполнение бизнес-плана/Заголовок дашборда"), 30): Scroll to object 'Object Repository/Выполнение бизнес-плана/Заголовок дашборда' successfully

03-03-2025T13:37:51 - [MESSAGE][PASSED] - Scroll to object 'Object Repository/Выполнение бизнес-плана/Заголовок дашборда' successfully

03-03-2025T13:37:51 - [TEST_STEP][PASSED] - click(findTestObject("Object Repository/Выполнение бизнес-плана/Применить в фильтре ДЗО")): Object: 'Object Repository/Выполнение бизнес-плана/Применить в фильтре ДЗО' is clicked on

03-03-2025T13:37:52 - [MESSAGE][PASSED] - Object: 'Object Repository/Выполнение бизнес-плана/Применить в фильтре ДЗО' is clicked on

03-03-2025T13:37:52 - [TEST_STEP][PASSED] - delay(20): Delayed 20 second(s)

03-03-2025T13:38:12 - [MESSAGE][PASSED] - Delayed 20 second(s)

03-03-2025T13:38:12 - [TEST_STEP][PASSED] - Script1718980020443.ZakrytOpoveshenie(): null

03-03-2025T13:38:12 - [TEST_STEP][PASSED] - delay(10): Delayed 10 second(s)

03-03-2025T13:38:22 - [MESSAGE][PASSED] - Delayed 10 second(s)

03-03-2025T13:38:22 - [TEST_STEP][PASSED] - opoveshenie = getText(findTestObject("Выполнение бизнес-плана/Просьба обратить внимание")): Text of object 'Object Repository/Выполнение бизнес-плана/Просьба обратить внимание' is: ''

03-03-2025T13:38:23 - [MESSAGE][PASSED] - Text of object 'Object Repository/Выполнение бизнес-плана/Просьба обратить внимание' is: ''

03-03-2025T13:38:23 - [TEST_STEP][PASSED] - println(opoveshenie): null

03-03-2025T13:38:23 - [TEST_STEP][PASSED] - if (opoveshenie == "Просьба обратить внимание"): null

03-03-2025T13:38:23 - [TEST_STEP][PASSED] - page = getText(findTestObject("Object Repository/Выполнение бизнес-плана/Filials")): Text of object 'Object Repository/Выполнение бизнес-плана/Filials' is: 'Россети Урал (ГК)
0
10
20
30
40
50
60
70'

03-03-2025T13:38:23 - [MESSAGE][PASSED] - Text of object 'Object Repository/Выполнение бизнес-плана/Filials' is: 'Россети Урал (ГК)
0
10
20
30
40
50
60
70'

03-03-2025T13:38:23 - [TEST_STEP][PASSED] - println(page): null

03-03-2025T13:38:23 - [TEST_STEP][PASSED] - c = page.indexOf(reducedDZO): null

03-03-2025T13:38:23 - [TEST_STEP][PASSED] - if (c > -1): null

03-03-2025T13:38:23 - [TEST_STEP][PASSED] - click(findTestObject("Выполнение бизнес-плана/список")): Object: 'Object Repository/Выполнение бизнес-плана/список' is clicked on

03-03-2025T13:38:23 - [MESSAGE][PASSED] - Object: 'Object Repository/Выполнение бизнес-плана/список' is clicked on

03-03-2025T13:38:23 - [TEST_STEP][PASSED] - delay(10): Delayed 10 second(s)

03-03-2025T13:38:33 - [MESSAGE][PASSED] - Delayed 10 second(s)

03-03-2025T13:38:33 - [TEST_STEP][PASSED] - click(findTestObject("Выполнение бизнес-плана/Раскрытие списка")): Object: 'Object Repository/Выполнение бизнес-плана/Раскрытие списка' is clicked on

03-03-2025T13:38:34 - [MESSAGE][PASSED] - Object: 'Object Repository/Выполнение бизнес-плана/Раскрытие списка' is clicked on

03-03-2025T13:38:34 - [TEST_STEP][PASSED] - delay(10): Delayed 10 second(s)

03-03-2025T13:38:44 - [MESSAGE][PASSED] - Delayed 10 second(s)

03-03-2025T13:38:44 - [TEST_STEP][PASSED] - page = getText(findTestObject("Object Repository/Выполнение бизнес-плана/Filials")): Text of object 'Object Repository/Выполнение бизнес-плана/Filials' is: 'АО ЕЭСК
Пермэнерго
Свердловэнерго
Челябэнерго
0
10
20
30
40
50
60
70'

03-03-2025T13:38:44 - [MESSAGE][PASSED] - Text of object 'Object Repository/Выполнение бизнес-плана/Filials' is: 'АО ЕЭСК
Пермэнерго
Свердловэнерго
Челябэнерго
0
10
20
30
40
50
60
70'

03-03-2025T13:38:44 - [TEST_STEP][PASSED] - println(page): null

03-03-2025T13:38:44 - [TEST_STEP][PASSED] - c = page.indexOf(reducedDZO): null

03-03-2025T13:38:44 - [TEST_STEP][PASSED] - x2 = getText(findTestObject("Выполнение бизнес-плана/Список ДЗО старый")): Text of object 'Object Repository/Выполнение бизнес-плана/Список ДЗО старый' is: 'АО ЕЭСК
Пермэнерго
Свердловэнерго
Челябэнерго
0
10
20
30
40
50
60
70'

03-03-2025T13:38:44 - [MESSAGE][PASSED] - Text of object 'Object Repository/Выполнение бизнес-плана/Список ДЗО старый' is: 'АО ЕЭСК
Пермэнерго
Свердловэнерго
Челябэнерго
0
10
20
30
40
50
60
70'

03-03-2025T13:38:44 - [TEST_STEP][PASSED] - if (a == 28): null

03-03-2025T13:38:44 - [TEST_STEP][PASSED] - if (a == 77): null

03-03-2025T13:38:44 - [TEST_STEP][PASSED] - if (a == 74): null

03-03-2025T13:38:44 - [TEST_STEP][PASSED] - if (a == 65): null

03-03-2025T13:38:44 - [TEST_STEP][PASSED] - if (a == 1): null

03-03-2025T13:38:44 - [TEST_STEP][PASSED] - if (a == 18): null

03-03-2025T13:38:44 - [TEST_STEP][PASSED] - if (a == 36): null

03-03-2025T13:38:44 - [TEST_STEP][PASSED] - if (a == 44): null

03-03-2025T13:38:44 - [TEST_STEP][PASSED] - if (a == 54): null

03-03-2025T13:38:44 - [TEST_STEP][PASSED] - dZO = "АО ЕЭСК": null

03-03-2025T13:38:44 - [TEST_STEP][PASSED] - a = 58: null

03-03-2025T13:38:44 - [TEST_STEP][PASSED] - dzoCut = dZO.substring(3, dZO.length()): null

03-03-2025T13:38:44 - [TEST_STEP][PASSED] - if (x2.contains(dzoCut)): null

03-03-2025T13:38:44 - [TEST_STEP][PASSED] - filialNum = filialNum + 1: null

03-03-2025T13:38:44 - [TEST_STEP][PASSED] - Script1718980020443.Numbers(a, typeOfData, todaysDate, pageInt, fileInt, pageDouble, fileDouble, dZO, dzoNum, filialNum): null

03-03-2025T13:38:44 - [TEST_STEP][PASSED] - println(dzoNum): null

03-03-2025T13:38:44 - [TEST_STEP][PASSED] - planFact = <not implemented yet for class: org.codehaus.groovy.ast.expr.EmptyExpression>: null

03-03-2025T13:38:44 - [TEST_STEP][PASSED] - page = <not implemented yet for class: org.codehaus.groovy.ast.expr.EmptyExpression>: null

03-03-2025T13:38:44 - [TEST_STEP][PASSED] - page1 = <not implemented yet for class: org.codehaus.groovy.ast.expr.EmptyExpression>: null

03-03-2025T13:38:44 - [TEST_STEP][PASSED] - page2 = <not implemented yet for class: org.codehaus.groovy.ast.expr.EmptyExpression>: null

03-03-2025T13:38:44 - [TEST_STEP][PASSED] - filialNumberInRow = <not implemented yet for class: org.codehaus.groovy.ast.expr.EmptyExpression>: null

03-03-2025T13:38:44 - [TEST_STEP][PASSED] - filialsDzoNames = <not implemented yet for class: org.codehaus.groovy.ast.expr.EmptyExpression>: null

03-03-2025T13:38:44 - [TEST_STEP][PASSED] - numberOfFilials = <not implemented yet for class: org.codehaus.groovy.ast.expr.EmptyExpression>: null

03-03-2025T13:38:44 - [TEST_STEP][PASSED] - numberOfSpaces = <not implemented yet for class: org.codehaus.groovy.ast.expr.EmptyExpression>: null

03-03-2025T13:38:44 - [TEST_STEP][PASSED] - file = <not implemented yet for class: org.codehaus.groovy.ast.expr.EmptyExpression>: null

03-03-2025T13:38:44 - [TEST_STEP][PASSED] - otpusk = <not implemented yet for class: org.codehaus.groovy.ast.expr.EmptyExpression>: null

03-03-2025T13:38:44 - [TEST_STEP][PASSED] - poteri = <not implemented yet for class: org.codehaus.groovy.ast.expr.EmptyExpression>: null

03-03-2025T13:38:44 - [TEST_STEP][PASSED] - dataFolder = "Выполнение бизнес-плана/Значения со страницы Выполнение бизнес-плана/": null

03-03-2025T13:38:44 - [TEST_STEP][PASSED] - path = <not implemented yet for class: org.codehaus.groovy.ast.expr.EmptyExpression>: null

03-03-2025T13:38:44 - [TEST_STEP][PASSED] - typeOfDataMain = <not implemented yet for class: org.codehaus.groovy.ast.expr.EmptyExpression>: null

03-03-2025T13:38:44 - [TEST_STEP][PASSED] - fileOtpuskVSet = <not implemented yet for class: org.codehaus.groovy.ast.expr.EmptyExpression>: null

03-03-2025T13:38:44 - [TEST_STEP][PASSED] - pageOtpuskVSet = <not implemented yet for class: org.codehaus.groovy.ast.expr.EmptyExpression>: null

03-03-2025T13:38:44 - [TEST_STEP][PASSED] - filePoteri = <not implemented yet for class: org.codehaus.groovy.ast.expr.EmptyExpression>: null

03-03-2025T13:38:44 - [TEST_STEP][PASSED] - pagePoteri = <not implemented yet for class: org.codehaus.groovy.ast.expr.EmptyExpression>: null

03-03-2025T13:38:44 - [TEST_STEP][PASSED] - compare = <not implemented yet for class: org.codehaus.groovy.ast.expr.EmptyExpression>: null

03-03-2025T13:38:44 - [TEST_STEP][PASSED] - b = <not implemented yet for class: org.codehaus.groovy.ast.expr.EmptyExpression>: null

03-03-2025T13:38:44 - [TEST_STEP][PASSED] - i = <not implemented yet for class: org.codehaus.groovy.ast.expr.EmptyExpression>: null

03-03-2025T13:38:44 - [TEST_STEP][PASSED] - ii = <not implemented yet for class: org.codehaus.groovy.ast.expr.EmptyExpression>: null

03-03-2025T13:38:44 - [TEST_STEP][PASSED] - c = <not implemented yet for class: org.codehaus.groovy.ast.expr.EmptyExpression>: null

03-03-2025T13:38:44 - [TEST_STEP][PASSED] - numberOfErrors = 0: null

03-03-2025T13:38:44 - [TEST_STEP][PASSED] - if (a == 82): null

03-03-2025T13:38:44 - [TEST_STEP][PASSED] - b = findTestData("PlanFact").getValue(1, a): null

03-03-2025T13:38:44 - [TEST_STEP][PASSED] - i = b.indexOf(" (ГК)"): null

03-03-2025T13:38:44 - [TEST_STEP][PASSED] - if (i > -1): null

03-03-2025T13:38:44 - [TEST_STEP][PASSED] - i = b.indexOf("О ""): null

03-03-2025T13:38:44 - [TEST_STEP][PASSED] - if (i > -1): null

03-03-2025T13:38:44 - [TEST_STEP][PASSED] - i = b.indexOf("О «"): null

03-03-2025T13:38:44 - [TEST_STEP][PASSED] - if (i > -1): null

03-03-2025T13:38:44 - [TEST_STEP][PASSED] - i = b.indexOf("г. "): null

03-03-2025T13:38:44 - [TEST_STEP][PASSED] - if (i > -1): null

03-03-2025T13:38:44 - [TEST_STEP][PASSED] - b = b.trim(): null

03-03-2025T13:38:44 - [TEST_STEP][PASSED] - println(b): null

03-03-2025T13:38:44 - [TEST_STEP][PASSED] - for ([planFact = 1, planFact < 3, (planFact++)]): Object: 'Object Repository/Выполнение бизнес-плана/Кнопка Факт' is clicked on

03-03-2025T13:38:44 - [TEST_STEP][PASSED] - if (planFact == 1): null

03-03-2025T13:38:44 - [TEST_STEP][PASSED] - typeOfDataMain = "Факт": null

03-03-2025T13:38:44 - [TEST_STEP][PASSED] - otpusk = findTestData("PlanFact").getValue(5, a): null

03-03-2025T13:38:45 - [TEST_STEP][PASSED] - poteri = findTestData("PlanFact").getValue(6, a): null

03-03-2025T13:38:45 - [TEST_STEP][PASSED] - otpusk = otpusk.replaceAll("\s+", ""): null

03-03-2025T13:38:45 - [TEST_STEP][PASSED] - poteri = poteri.replaceAll("\s+", ""): null

03-03-2025T13:38:45 - [TEST_STEP][PASSED] - typeOfData = typeOfDataMain + " Отпуск в сеть": null

03-03-2025T13:38:45 - [TEST_STEP][PASSED] - if (a == 82): null

03-03-2025T13:38:45 - [TEST_STEP][PASSED] - else if (a == 84): null

03-03-2025T13:38:45 - [TEST_STEP][PASSED] - else if (a == 83 || a == 52 || a == 72 || a == 28 || a == 73 || a == 77 || a == 74 || a == 65 || a == 36 || a == 44 || a == 53 || a == 80 || a == 54 || a == 1 || a == 18 || a == 59 || a == 81): null

03-03-2025T13:38:45 - [TEST_STEP][PASSED] - else: null

03-03-2025T13:38:45 - [TEST_STEP][PASSED] - path = dataFolder + typeOfData + " за отчётный период " + b: null

03-03-2025T13:38:45 - [TEST_STEP][PASSED] - println(path): null

03-03-2025T13:38:45 - [TEST_STEP][PASSED] - page = getText(findTestObject(path)): Text of object 'Object Repository/Выполнение бизнес-плана/Значения со страницы Выполнение бизнес-плана/Факт Отпуск в сеть за отчётный период АО ЕЭСК' is: '7 559 046'

03-03-2025T13:38:45 - [MESSAGE][PASSED] - Text of object 'Object Repository/Выполнение бизнес-плана/Значения со страницы Выполнение бизнес-плана/Факт Отпуск в сеть за отчётный период АО ЕЭСК' is: '7 559 046'

03-03-2025T13:38:45 - [TEST_STEP][PASSED] - if (page == "" || page == null): null

03-03-2025T13:38:45 - [TEST_STEP][PASSED] - else: null

03-03-2025T13:38:45 - [TEST_STEP][PASSED] - page = page.replaceAll("\s+", ""): null

03-03-2025T13:38:45 - [TEST_STEP][PASSED] - fileOtpuskVSet = otpusk.toInteger(): null

03-03-2025T13:38:45 - [TEST_STEP][PASSED] - pageOtpuskVSet = page.toInteger(): null

03-03-2025T13:38:45 - [TEST_STEP][PASSED] - typeOfData = typeOfDataMain + " Потери": null

03-03-2025T13:38:45 - [TEST_STEP][PASSED] - if (a == 82): null

03-03-2025T13:38:45 - [TEST_STEP][PASSED] - else if (a == 84): null

03-03-2025T13:38:45 - [TEST_STEP][PASSED] - else if (a == 83 || a == 52 || a == 72 || a == 28 || a == 73 || a == 77 || a == 74 || a == 65 || a == 44 || a == 53 || a == 80 || a == 54 || a == 1 || a == 18 || a == 59 || a == 81): null

03-03-2025T13:38:45 - [TEST_STEP][PASSED] - else: null

03-03-2025T13:38:45 - [TEST_STEP][PASSED] - path = dataFolder + typeOfData + " за отчётный период " + b: null

03-03-2025T13:38:45 - [TEST_STEP][PASSED] - page = getText(findTestObject(path)): Text of object 'Object Repository/Выполнение бизнес-плана/Значения со страницы Выполнение бизнес-плана/Факт Потери за отчётный период АО ЕЭСК' is: '539 998'

03-03-2025T13:38:45 - [MESSAGE][PASSED] - Text of object 'Object Repository/Выполнение бизнес-плана/Значения со страницы Выполнение бизнес-плана/Факт Потери за отчётный период АО ЕЭСК' is: '539 998'

03-03-2025T13:38:45 - [TEST_STEP][PASSED] - if (page == "" || page == null): null

03-03-2025T13:38:45 - [TEST_STEP][PASSED] - else: null

03-03-2025T13:38:45 - [TEST_STEP][PASSED] - page = page.replaceAll("\s+", ""): null

03-03-2025T13:38:45 - [TEST_STEP][PASSED] - filePoteri = poteri.toInteger(): null

03-03-2025T13:38:45 - [TEST_STEP][PASSED] - pagePoteri = page.toInteger(): null

03-03-2025T13:38:45 - [TEST_STEP][PASSED] - compare = pageOtpuskVSet: null

03-03-2025T13:38:45 - [TEST_STEP][PASSED] - if (pageOtpuskVSet != null): null

03-03-2025T13:38:45 - [TEST_STEP][PASSED] - if (compare == fileOtpuskVSet): null

03-03-2025T13:38:45 - [TEST_STEP][PASSED] - if (compare == fileOtpuskVSet): null

03-03-2025T13:38:45 - [TEST_STEP][PASSED] - compare = pagePoteri: null

03-03-2025T13:38:45 - [TEST_STEP][PASSED] - if (pageOtpuskVSet != null): null

03-03-2025T13:38:45 - [TEST_STEP][PASSED] - if (compare == filePoteri): null

03-03-2025T13:38:45 - [TEST_STEP][PASSED] - if (compare == filePoteri): null

03-03-2025T13:38:45 - [TEST_STEP][PASSED] - if (planFact == 2): null

03-03-2025T13:38:45 - [TEST_STEP][PASSED] - if (planFact == 1): null

03-03-2025T13:38:45 - [TEST_STEP][PASSED] - else if (planFact == 2): null

03-03-2025T13:38:45 - [TEST_STEP][PASSED] - click(findTestObject("Выполнение бизнес-плана/Кнопка План")): Object: 'Object Repository/Выполнение бизнес-плана/Кнопка План' is clicked on

03-03-2025T13:38:46 - [MESSAGE][PASSED] - Object: 'Object Repository/Выполнение бизнес-плана/Кнопка План' is clicked on

03-03-2025T13:38:46 - [TEST_STEP][PASSED] - typeOfDataMain = "План": null

03-03-2025T13:38:46 - [TEST_STEP][PASSED] - otpusk = findTestData("PlanFact").getValue(2, a): null

03-03-2025T13:38:46 - [TEST_STEP][PASSED] - poteri = findTestData("PlanFact").getValue(3, a): null

03-03-2025T13:38:46 - [TEST_STEP][PASSED] - otpusk = otpusk.replaceAll("\s+", ""): null

03-03-2025T13:38:46 - [TEST_STEP][PASSED] - poteri = poteri.replaceAll("\s+", ""): null

03-03-2025T13:38:46 - [TEST_STEP][PASSED] - typeOfData = typeOfDataMain + " Отпуск в сеть": null

03-03-2025T13:38:46 - [TEST_STEP][PASSED] - if (a == 82): null

03-03-2025T13:38:46 - [TEST_STEP][PASSED] - else if (a == 84): null

03-03-2025T13:38:46 - [TEST_STEP][PASSED] - else if (a == 83 || a == 52 || a == 72 || a == 28 || a == 73 || a == 77 || a == 74 || a == 65 || a == 36 || a == 44 || a == 53 || a == 80 || a == 54 || a == 1 || a == 18 || a == 59 || a == 81): null

03-03-2025T13:38:46 - [TEST_STEP][PASSED] - else: null

03-03-2025T13:38:46 - [TEST_STEP][PASSED] - path = dataFolder + typeOfData + " за отчётный период " + b: null

03-03-2025T13:38:46 - [TEST_STEP][PASSED] - println(path): null

03-03-2025T13:38:46 - [TEST_STEP][PASSED] - page = getText(findTestObject(path)): Text of object 'Object Repository/Выполнение бизнес-плана/Значения со страницы Выполнение бизнес-плана/План Отпуск в сеть за отчётный период АО ЕЭСК' is: '7 228 443'

03-03-2025T13:38:46 - [MESSAGE][PASSED] - Text of object 'Object Repository/Выполнение бизнес-плана/Значения со страницы Выполнение бизнес-плана/План Отпуск в сеть за отчётный период АО ЕЭСК' is: '7 228 443'

03-03-2025T13:38:46 - [TEST_STEP][PASSED] - if (page == "" || page == null): null

03-03-2025T13:38:46 - [TEST_STEP][PASSED] - else: null

03-03-2025T13:38:46 - [TEST_STEP][PASSED] - page = page.replaceAll("\s+", ""): null

03-03-2025T13:38:46 - [TEST_STEP][PASSED] - fileOtpuskVSet = otpusk.toInteger(): null

03-03-2025T13:38:46 - [TEST_STEP][PASSED] - pageOtpuskVSet = page.toInteger(): null

03-03-2025T13:38:46 - [TEST_STEP][PASSED] - typeOfData = typeOfDataMain + " Потери": null

03-03-2025T13:38:46 - [TEST_STEP][PASSED] - if (a == 82): null

03-03-2025T13:38:46 - [TEST_STEP][PASSED] - else if (a == 84): null

03-03-2025T13:38:46 - [TEST_STEP][PASSED] - else if (a == 83 || a == 52 || a == 72 || a == 28 || a == 73 || a == 77 || a == 74 || a == 65 || a == 44 || a == 53 || a == 80 || a == 54 || a == 1 || a == 18 || a == 59 || a == 81): null

03-03-2025T13:38:46 - [TEST_STEP][PASSED] - else: null

03-03-2025T13:38:46 - [TEST_STEP][PASSED] - path = dataFolder + typeOfData + " за отчётный период " + b: null

03-03-2025T13:38:46 - [TEST_STEP][PASSED] - page = getText(findTestObject(path)): Text of object 'Object Repository/Выполнение бизнес-плана/Значения со страницы Выполнение бизнес-плана/План Потери за отчётный период АО ЕЭСК' is: '548 538'

03-03-2025T13:38:46 - [MESSAGE][PASSED] - Text of object 'Object Repository/Выполнение бизнес-плана/Значения со страницы Выполнение бизнес-плана/План Потери за отчётный период АО ЕЭСК' is: '548 538'

03-03-2025T13:38:46 - [TEST_STEP][PASSED] - if (page == "" || page == null): null

03-03-2025T13:38:46 - [TEST_STEP][PASSED] - else: null

03-03-2025T13:38:46 - [TEST_STEP][PASSED] - page = page.replaceAll("\s+", ""): null

03-03-2025T13:38:46 - [TEST_STEP][PASSED] - filePoteri = poteri.toInteger(): null

03-03-2025T13:38:46 - [TEST_STEP][PASSED] - pagePoteri = page.toInteger(): null

03-03-2025T13:38:46 - [TEST_STEP][PASSED] - compare = pageOtpuskVSet: null

03-03-2025T13:38:46 - [TEST_STEP][PASSED] - if (pageOtpuskVSet != null): null

03-03-2025T13:38:46 - [TEST_STEP][PASSED] - if (compare == fileOtpuskVSet): null

03-03-2025T13:38:46 - [TEST_STEP][PASSED] - if (compare == fileOtpuskVSet): null

03-03-2025T13:38:46 - [TEST_STEP][PASSED] - compare = pagePoteri: null

03-03-2025T13:38:46 - [TEST_STEP][PASSED] - if (pageOtpuskVSet != null): null

03-03-2025T13:38:46 - [TEST_STEP][PASSED] - if (compare == filePoteri): null

03-03-2025T13:38:46 - [TEST_STEP][PASSED] - if (compare == filePoteri): null

03-03-2025T13:38:46 - [TEST_STEP][PASSED] - if (planFact == 2): Object: 'Object Repository/Выполнение бизнес-плана/Кнопка Факт' is clicked on

03-03-2025T13:38:46 - [TEST_STEP][PASSED] - click(findTestObject("Выполнение бизнес-плана/Кнопка Факт")): Object: 'Object Repository/Выполнение бизнес-плана/Кнопка Факт' is clicked on

03-03-2025T13:38:47 - [MESSAGE][PASSED] - Object: 'Object Repository/Выполнение бизнес-плана/Кнопка Факт' is clicked on

03-03-2025T13:38:47 - [TEST_STEP][PASSED] - println("a=" + a): null

03-03-2025T13:38:47 - [TEST_STEP][PASSED] - if (a == 84 || a == 82): null

03-03-2025T13:38:47 - [TEST_STEP][PASSED] - else if (a == 83 || a == 52 || a == 72 || a == 28 || a == 73 || a == 77 || a == 74 || a == 65 || a == 36 || a == 44 || a == 53 || a == 80 || a == 54 || a == 1 || a == 18 || a == 59 || a == 81): null

03-03-2025T13:38:47 - [TEST_STEP][PASSED] - else: null

03-03-2025T13:38:47 - [TEST_STEP][PASSED] - page1 = getText(findTestObject("Object Repository/Выполнение бизнес-плана/spanPlan" + filialNum)): Text of object 'Object Repository/Выполнение бизнес-плана/spanPlan1' is: '7.59
|'

03-03-2025T13:38:47 - [MESSAGE][PASSED] - Text of object 'Object Repository/Выполнение бизнес-плана/spanPlan1' is: '7.59
|'

03-03-2025T13:38:47 - [TEST_STEP][PASSED] - page1 = page1.replace("|", ""): null

03-03-2025T13:38:47 - [TEST_STEP][PASSED] - page2 = getText(findTestObject("Object Repository/Выполнение бизнес-плана/spanFact" + filialNum)): Text of object 'Object Repository/Выполнение бизнес-плана/spanFact1' is: '7.14
|'

03-03-2025T13:38:47 - [MESSAGE][PASSED] - Text of object 'Object Repository/Выполнение бизнес-плана/spanFact1' is: '7.14
|'

03-03-2025T13:38:47 - [TEST_STEP][PASSED] - page2 = page2.replace("|", ""): null

03-03-2025T13:38:47 - [TEST_STEP][PASSED] - println("page1: " + page1): null

03-03-2025T13:38:47 - [TEST_STEP][PASSED] - println("page2: " + page2): null

03-03-2025T13:38:47 - [TEST_STEP][PASSED] - file = findTestData("PlanFact").getValue(4, a): null

03-03-2025T13:38:47 - [TEST_STEP][PASSED] - file = file.replace(",", "."): null

03-03-2025T13:38:47 - [TEST_STEP][PASSED] - println("file Plan: " + file): null

03-03-2025T13:38:47 - [TEST_STEP][PASSED] - typeOfData = "План в процентах": null

03-03-2025T13:38:47 - [TEST_STEP][PASSED] - fileDouble = file.toDouble(): null

03-03-2025T13:38:47 - [TEST_STEP][PASSED] - pageDouble = page1.toDouble(): null

03-03-2025T13:38:47 - [TEST_STEP][PASSED] - if (fileDouble != pageDouble): null

03-03-2025T13:38:47 - [TEST_STEP][PASSED] - file = findTestData("PlanFact").getValue(7, a): null

03-03-2025T13:38:47 - [TEST_STEP][PASSED] - file = file.replace(",", "."): null

03-03-2025T13:38:47 - [TEST_STEP][PASSED] - println("file Fact: " + file): null

03-03-2025T13:38:47 - [TEST_STEP][PASSED] - fileDouble = file.toDouble(): null

03-03-2025T13:38:47 - [TEST_STEP][PASSED] - typeOfData = "Факт в процентах": null

03-03-2025T13:38:47 - [TEST_STEP][PASSED] - fileDouble = file.toDouble(): null

03-03-2025T13:38:47 - [TEST_STEP][PASSED] - pageDouble = page2.toDouble(): null

03-03-2025T13:38:47 - [TEST_STEP][PASSED] - if (fileDouble != pageDouble): null

03-03-2025T13:38:47 - [TEST_STEP][PASSED] - if (verifyEqual(numberOfErrors, 0) == false): Actual object '0' and expected object '0' are equal

03-03-2025T13:38:47 - [MESSAGE][PASSED] - Actual object '0' and expected object '0' are equal

03-03-2025T13:38:47 - [TEST_STEP][PASSED] - if (a == 82): null

03-03-2025T13:38:47 - [TEST_STEP][PASSED] - dZO = "Пермэнерго": null

03-03-2025T13:38:47 - [TEST_STEP][PASSED] - a = 55: null

03-03-2025T13:38:47 - [TEST_STEP][PASSED] - if (x2.contains(dZO)): null

03-03-2025T13:38:47 - [TEST_STEP][PASSED] - filialNum = filialNum + 1: null

03-03-2025T13:38:47 - [TEST_STEP][PASSED] - Script1718980020443.Numbers(a, typeOfData, todaysDate, pageInt, fileInt, pageDouble, fileDouble, dZO, dzoNum, filialNum): null

03-03-2025T13:38:47 - [TEST_STEP][PASSED] - println(dzoNum): null

03-03-2025T13:38:47 - [TEST_STEP][PASSED] - planFact = <not implemented yet for class: org.codehaus.groovy.ast.expr.EmptyExpression>: null

03-03-2025T13:38:47 - [TEST_STEP][PASSED] - page = <not implemented yet for class: org.codehaus.groovy.ast.expr.EmptyExpression>: null

03-03-2025T13:38:47 - [TEST_STEP][PASSED] - page1 = <not implemented yet for class: org.codehaus.groovy.ast.expr.EmptyExpression>: null

03-03-2025T13:38:47 - [TEST_STEP][PASSED] - page2 = <not implemented yet for class: org.codehaus.groovy.ast.expr.EmptyExpression>: null

03-03-2025T13:38:47 - [TEST_STEP][PASSED] - filialNumberInRow = <not implemented yet for class: org.codehaus.groovy.ast.expr.EmptyExpression>: null

03-03-2025T13:38:47 - [TEST_STEP][PASSED] - filialsDzoNames = <not implemented yet for class: org.codehaus.groovy.ast.expr.EmptyExpression>: null

03-03-2025T13:38:47 - [TEST_STEP][PASSED] - numberOfFilials = <not implemented yet for class: org.codehaus.groovy.ast.expr.EmptyExpression>: null

03-03-2025T13:38:47 - [TEST_STEP][PASSED] - numberOfSpaces = <not implemented yet for class: org.codehaus.groovy.ast.expr.EmptyExpression>: null

03-03-2025T13:38:47 - [TEST_STEP][PASSED] - file = <not implemented yet for class: org.codehaus.groovy.ast.expr.EmptyExpression>: null

03-03-2025T13:38:47 - [TEST_STEP][PASSED] - otpusk = <not implemented yet for class: org.codehaus.groovy.ast.expr.EmptyExpression>: null

03-03-2025T13:38:47 - [TEST_STEP][PASSED] - poteri = <not implemented yet for class: org.codehaus.groovy.ast.expr.EmptyExpression>: null

03-03-2025T13:38:47 - [TEST_STEP][PASSED] - dataFolder = "Выполнение бизнес-плана/Значения со страницы Выполнение бизнес-плана/": null

03-03-2025T13:38:47 - [TEST_STEP][PASSED] - path = <not implemented yet for class: org.codehaus.groovy.ast.expr.EmptyExpression>: null

03-03-2025T13:38:47 - [TEST_STEP][PASSED] - typeOfDataMain = <not implemented yet for class: org.codehaus.groovy.ast.expr.EmptyExpression>: null

03-03-2025T13:38:47 - [TEST_STEP][PASSED] - fileOtpuskVSet = <not implemented yet for class: org.codehaus.groovy.ast.expr.EmptyExpression>: null

03-03-2025T13:38:47 - [TEST_STEP][PASSED] - pageOtpuskVSet = <not implemented yet for class: org.codehaus.groovy.ast.expr.EmptyExpression>: null

03-03-2025T13:38:47 - [TEST_STEP][PASSED] - filePoteri = <not implemented yet for class: org.codehaus.groovy.ast.expr.EmptyExpression>: null

03-03-2025T13:38:47 - [TEST_STEP][PASSED] - pagePoteri = <not implemented yet for class: org.codehaus.groovy.ast.expr.EmptyExpression>: null

03-03-2025T13:38:47 - [TEST_STEP][PASSED] - compare = <not implemented yet for class: org.codehaus.groovy.ast.expr.EmptyExpression>: null

03-03-2025T13:38:47 - [TEST_STEP][PASSED] - b = <not implemented yet for class: org.codehaus.groovy.ast.expr.EmptyExpression>: null

03-03-2025T13:38:47 - [TEST_STEP][PASSED] - i = <not implemented yet for class: org.codehaus.groovy.ast.expr.EmptyExpression>: null

03-03-2025T13:38:47 - [TEST_STEP][PASSED] - ii = <not implemented yet for class: org.codehaus.groovy.ast.expr.EmptyExpression>: null

03-03-2025T13:38:47 - [TEST_STEP][PASSED] - c = <not implemented yet for class: org.codehaus.groovy.ast.expr.EmptyExpression>: null

03-03-2025T13:38:47 - [TEST_STEP][PASSED] - numberOfErrors = 0: null

03-03-2025T13:38:47 - [TEST_STEP][PASSED] - if (a == 82): null

03-03-2025T13:38:47 - [TEST_STEP][PASSED] - b = findTestData("PlanFact").getValue(1, a): null

03-03-2025T13:38:47 - [TEST_STEP][PASSED] - i = b.indexOf(" (ГК)"): null

03-03-2025T13:38:47 - [TEST_STEP][PASSED] - if (i > -1): null

03-03-2025T13:38:47 - [TEST_STEP][PASSED] - i = b.indexOf("О ""): null

03-03-2025T13:38:47 - [TEST_STEP][PASSED] - if (i > -1): null

03-03-2025T13:38:47 - [TEST_STEP][PASSED] - i = b.indexOf("О «"): null

03-03-2025T13:38:47 - [TEST_STEP][PASSED] - if (i > -1): null

03-03-2025T13:38:47 - [TEST_STEP][PASSED] - i = b.indexOf("г. "): null

03-03-2025T13:38:47 - [TEST_STEP][PASSED] - if (i > -1): null

03-03-2025T13:38:47 - [TEST_STEP][PASSED] - b = b.trim(): null

03-03-2025T13:38:47 - [TEST_STEP][PASSED] - println(b): null

03-03-2025T13:38:47 - [TEST_STEP][PASSED] - for ([planFact = 1, planFact < 3, (planFact++)]): Object: 'Object Repository/Выполнение бизнес-плана/Кнопка Факт' is clicked on

03-03-2025T13:38:47 - [TEST_STEP][PASSED] - if (planFact == 1): null

03-03-2025T13:38:47 - [TEST_STEP][PASSED] - typeOfDataMain = "Факт": null

03-03-2025T13:38:47 - [TEST_STEP][PASSED] - otpusk = findTestData("PlanFact").getValue(5, a): null

03-03-2025T13:38:47 - [TEST_STEP][PASSED] - poteri = findTestData("PlanFact").getValue(6, a): null

03-03-2025T13:38:47 - [TEST_STEP][PASSED] - otpusk = otpusk.replaceAll("\s+", ""): null

03-03-2025T13:38:47 - [TEST_STEP][PASSED] - poteri = poteri.replaceAll("\s+", ""): null

03-03-2025T13:38:47 - [TEST_STEP][PASSED] - typeOfData = typeOfDataMain + " Отпуск в сеть": null

03-03-2025T13:38:47 - [TEST_STEP][PASSED] - if (a == 82): null

03-03-2025T13:38:47 - [TEST_STEP][PASSED] - else if (a == 84): null

03-03-2025T13:38:47 - [TEST_STEP][PASSED] - else if (a == 83 || a == 52 || a == 72 || a == 28 || a == 73 || a == 77 || a == 74 || a == 65 || a == 36 || a == 44 || a == 53 || a == 80 || a == 54 || a == 1 || a == 18 || a == 59 || a == 81): null

03-03-2025T13:38:47 - [TEST_STEP][PASSED] - else: null

03-03-2025T13:38:47 - [TEST_STEP][PASSED] - path = dataFolder + typeOfData + " за отчётный период " + b: null

03-03-2025T13:38:47 - [TEST_STEP][PASSED] - println(path): null

03-03-2025T13:38:47 - [TEST_STEP][PASSED] - page = getText(findTestObject(path)): Text of object 'Object Repository/Выполнение бизнес-плана/Значения со страницы Выполнение бизнес-плана/Факт Отпуск в сеть за отчётный период Пермэнерго' is: '17 704 112'

03-03-2025T13:38:48 - [MESSAGE][PASSED] - Text of object 'Object Repository/Выполнение бизнес-плана/Значения со страницы Выполнение бизнес-плана/Факт Отпуск в сеть за отчётный период Пермэнерго' is: '17 704 112'

03-03-2025T13:38:48 - [TEST_STEP][PASSED] - if (page == "" || page == null): null

03-03-2025T13:38:48 - [TEST_STEP][PASSED] - else: null

03-03-2025T13:38:48 - [TEST_STEP][PASSED] - page = page.replaceAll("\s+", ""): null

03-03-2025T13:38:48 - [TEST_STEP][PASSED] - fileOtpuskVSet = otpusk.toInteger(): null

03-03-2025T13:38:48 - [TEST_STEP][PASSED] - pageOtpuskVSet = page.toInteger(): null

03-03-2025T13:38:48 - [TEST_STEP][PASSED] - typeOfData = typeOfDataMain + " Потери": null

03-03-2025T13:38:48 - [TEST_STEP][PASSED] - if (a == 82): null

03-03-2025T13:38:48 - [TEST_STEP][PASSED] - else if (a == 84): null

03-03-2025T13:38:48 - [TEST_STEP][PASSED] - else if (a == 83 || a == 52 || a == 72 || a == 28 || a == 73 || a == 77 || a == 74 || a == 65 || a == 44 || a == 53 || a == 80 || a == 54 || a == 1 || a == 18 || a == 59 || a == 81): null

03-03-2025T13:38:48 - [TEST_STEP][PASSED] - else: null

03-03-2025T13:38:48 - [TEST_STEP][PASSED] - path = dataFolder + typeOfData + " за отчётный период " + b: null

03-03-2025T13:38:48 - [TEST_STEP][PASSED] - page = getText(findTestObject(path)): Text of object 'Object Repository/Выполнение бизнес-плана/Значения со страницы Выполнение бизнес-плана/Факт Потери за отчётный период Пермэнерго' is: '1 279 376'

03-03-2025T13:38:48 - [MESSAGE][PASSED] - Text of object 'Object Repository/Выполнение бизнес-плана/Значения со страницы Выполнение бизнес-плана/Факт Потери за отчётный период Пермэнерго' is: '1 279 376'

03-03-2025T13:38:48 - [TEST_STEP][PASSED] - if (page == "" || page == null): null

03-03-2025T13:38:48 - [TEST_STEP][PASSED] - else: null

03-03-2025T13:38:48 - [TEST_STEP][PASSED] - page = page.replaceAll("\s+", ""): null

03-03-2025T13:38:48 - [TEST_STEP][PASSED] - filePoteri = poteri.toInteger(): null

03-03-2025T13:38:48 - [TEST_STEP][PASSED] - pagePoteri = page.toInteger(): null

03-03-2025T13:38:48 - [TEST_STEP][PASSED] - compare = pageOtpuskVSet: null

03-03-2025T13:38:48 - [TEST_STEP][PASSED] - if (pageOtpuskVSet != null): null

03-03-2025T13:38:48 - [TEST_STEP][PASSED] - if (compare == fileOtpuskVSet): null

03-03-2025T13:38:48 - [TEST_STEP][PASSED] - if (compare == fileOtpuskVSet): null

03-03-2025T13:38:48 - [TEST_STEP][PASSED] - compare = pagePoteri: null

03-03-2025T13:38:48 - [TEST_STEP][PASSED] - if (pageOtpuskVSet != null): null

03-03-2025T13:38:48 - [TEST_STEP][PASSED] - if (compare == filePoteri): null

03-03-2025T13:38:48 - [TEST_STEP][PASSED] - if (compare == filePoteri): null

03-03-2025T13:38:48 - [TEST_STEP][PASSED] - if (planFact == 2): null

03-03-2025T13:38:48 - [TEST_STEP][PASSED] - if (planFact == 1): null

03-03-2025T13:38:48 - [TEST_STEP][PASSED] - else if (planFact == 2): null

03-03-2025T13:38:48 - [TEST_STEP][PASSED] - click(findTestObject("Выполнение бизнес-плана/Кнопка План")): Object: 'Object Repository/Выполнение бизнес-плана/Кнопка План' is clicked on

03-03-2025T13:38:48 - [MESSAGE][PASSED] - Object: 'Object Repository/Выполнение бизнес-плана/Кнопка План' is clicked on

03-03-2025T13:38:48 - [TEST_STEP][PASSED] - typeOfDataMain = "План": null

03-03-2025T13:38:48 - [TEST_STEP][PASSED] - otpusk = findTestData("PlanFact").getValue(2, a): null

03-03-2025T13:38:48 - [TEST_STEP][PASSED] - poteri = findTestData("PlanFact").getValue(3, a): null

03-03-2025T13:38:48 - [TEST_STEP][PASSED] - otpusk = otpusk.replaceAll("\s+", ""): null

03-03-2025T13:38:48 - [TEST_STEP][PASSED] - poteri = poteri.replaceAll("\s+", ""): null

03-03-2025T13:38:48 - [TEST_STEP][PASSED] - typeOfData = typeOfDataMain + " Отпуск в сеть": null

03-03-2025T13:38:48 - [TEST_STEP][PASSED] - if (a == 82): null

03-03-2025T13:38:48 - [TEST_STEP][PASSED] - else if (a == 84): null

03-03-2025T13:38:48 - [TEST_STEP][PASSED] - else if (a == 83 || a == 52 || a == 72 || a == 28 || a == 73 || a == 77 || a == 74 || a == 65 || a == 36 || a == 44 || a == 53 || a == 80 || a == 54 || a == 1 || a == 18 || a == 59 || a == 81): null

03-03-2025T13:38:48 - [TEST_STEP][PASSED] - else: null

03-03-2025T13:38:48 - [TEST_STEP][PASSED] - path = dataFolder + typeOfData + " за отчётный период " + b: null

03-03-2025T13:38:48 - [TEST_STEP][PASSED] - println(path): null

03-03-2025T13:38:48 - [TEST_STEP][PASSED] - page = getText(findTestObject(path)): Text of object 'Object Repository/Выполнение бизнес-плана/Значения со страницы Выполнение бизнес-плана/План Отпуск в сеть за отчётный период Пермэнерго' is: '17 286 640'

03-03-2025T13:38:49 - [MESSAGE][PASSED] - Text of object 'Object Repository/Выполнение бизнес-плана/Значения со страницы Выполнение бизнес-плана/План Отпуск в сеть за отчётный период Пермэнерго' is: '17 286 640'

03-03-2025T13:38:49 - [TEST_STEP][PASSED] - if (page == "" || page == null): null

03-03-2025T13:38:49 - [TEST_STEP][PASSED] - else: null

03-03-2025T13:38:49 - [TEST_STEP][PASSED] - page = page.replaceAll("\s+", ""): null

03-03-2025T13:38:49 - [TEST_STEP][PASSED] - fileOtpuskVSet = otpusk.toInteger(): null

03-03-2025T13:38:49 - [TEST_STEP][PASSED] - pageOtpuskVSet = page.toInteger(): null

03-03-2025T13:38:49 - [TEST_STEP][PASSED] - typeOfData = typeOfDataMain + " Потери": null

03-03-2025T13:38:49 - [TEST_STEP][PASSED] - if (a == 82): null

03-03-2025T13:38:49 - [TEST_STEP][PASSED] - else if (a == 84): null

03-03-2025T13:38:49 - [TEST_STEP][PASSED] - else if (a == 83 || a == 52 || a == 72 || a == 28 || a == 73 || a == 77 || a == 74 || a == 65 || a == 44 || a == 53 || a == 80 || a == 54 || a == 1 || a == 18 || a == 59 || a == 81): null

03-03-2025T13:38:49 - [TEST_STEP][PASSED] - else: null

03-03-2025T13:38:49 - [TEST_STEP][PASSED] - path = dataFolder + typeOfData + " за отчётный период " + b: null

03-03-2025T13:38:49 - [TEST_STEP][PASSED] - page = getText(findTestObject(path)): Text of object 'Object Repository/Выполнение бизнес-плана/Значения со страницы Выполнение бизнес-плана/План Потери за отчётный период Пермэнерго' is: '1 249 743'

03-03-2025T13:38:49 - [MESSAGE][PASSED] - Text of object 'Object Repository/Выполнение бизнес-плана/Значения со страницы Выполнение бизнес-плана/План Потери за отчётный период Пермэнерго' is: '1 249 743'

03-03-2025T13:38:49 - [TEST_STEP][PASSED] - if (page == "" || page == null): null

03-03-2025T13:38:49 - [TEST_STEP][PASSED] - else: null

03-03-2025T13:38:49 - [TEST_STEP][PASSED] - page = page.replaceAll("\s+", ""): null

03-03-2025T13:38:49 - [TEST_STEP][PASSED] - filePoteri = poteri.toInteger(): null

03-03-2025T13:38:49 - [TEST_STEP][PASSED] - pagePoteri = page.toInteger(): null

03-03-2025T13:38:49 - [TEST_STEP][PASSED] - compare = pageOtpuskVSet: null

03-03-2025T13:38:49 - [TEST_STEP][PASSED] - if (pageOtpuskVSet != null): null

03-03-2025T13:38:49 - [TEST_STEP][PASSED] - if (compare == fileOtpuskVSet): null

03-03-2025T13:38:49 - [TEST_STEP][PASSED] - if (compare == fileOtpuskVSet): null

03-03-2025T13:38:49 - [TEST_STEP][PASSED] - compare = pagePoteri: null

03-03-2025T13:38:49 - [TEST_STEP][PASSED] - if (pageOtpuskVSet != null): null

03-03-2025T13:38:49 - [TEST_STEP][PASSED] - if (compare == filePoteri): null

03-03-2025T13:38:49 - [TEST_STEP][PASSED] - if (compare == filePoteri): null

03-03-2025T13:38:49 - [TEST_STEP][PASSED] - if (planFact == 2): Object: 'Object Repository/Выполнение бизнес-плана/Кнопка Факт' is clicked on

03-03-2025T13:38:49 - [TEST_STEP][PASSED] - click(findTestObject("Выполнение бизнес-плана/Кнопка Факт")): Object: 'Object Repository/Выполнение бизнес-плана/Кнопка Факт' is clicked on

03-03-2025T13:38:49 - [MESSAGE][PASSED] - Object: 'Object Repository/Выполнение бизнес-плана/Кнопка Факт' is clicked on

03-03-2025T13:38:49 - [TEST_STEP][PASSED] - println("a=" + a): null

03-03-2025T13:38:49 - [TEST_STEP][PASSED] - if (a == 84 || a == 82): null

03-03-2025T13:38:49 - [TEST_STEP][PASSED] - else if (a == 83 || a == 52 || a == 72 || a == 28 || a == 73 || a == 77 || a == 74 || a == 65 || a == 36 || a == 44 || a == 53 || a == 80 || a == 54 || a == 1 || a == 18 || a == 59 || a == 81): null

03-03-2025T13:38:49 - [TEST_STEP][PASSED] - else: null

03-03-2025T13:38:49 - [TEST_STEP][PASSED] - page1 = getText(findTestObject("Object Repository/Выполнение бизнес-плана/spanPlan" + filialNum)): Text of object 'Object Repository/Выполнение бизнес-плана/spanPlan2' is: '7.23
|'

03-03-2025T13:38:50 - [MESSAGE][PASSED] - Text of object 'Object Repository/Выполнение бизнес-плана/spanPlan2' is: '7.23
|'

03-03-2025T13:38:50 - [TEST_STEP][PASSED] - page1 = page1.replace("|", ""): null

03-03-2025T13:38:50 - [TEST_STEP][PASSED] - page2 = getText(findTestObject("Object Repository/Выполнение бизнес-плана/spanFact" + filialNum)): Text of object 'Object Repository/Выполнение бизнес-плана/spanFact2' is: '7.23
|'

03-03-2025T13:38:50 - [MESSAGE][PASSED] - Text of object 'Object Repository/Выполнение бизнес-плана/spanFact2' is: '7.23
|'

03-03-2025T13:38:50 - [TEST_STEP][PASSED] - page2 = page2.replace("|", ""): null

03-03-2025T13:38:50 - [TEST_STEP][PASSED] - println("page1: " + page1): null

03-03-2025T13:38:50 - [TEST_STEP][PASSED] - println("page2: " + page2): null

03-03-2025T13:38:50 - [TEST_STEP][PASSED] - file = findTestData("PlanFact").getValue(4, a): null

03-03-2025T13:38:50 - [TEST_STEP][PASSED] - file = file.replace(",", "."): null

03-03-2025T13:38:50 - [TEST_STEP][PASSED] - println("file Plan: " + file): null

03-03-2025T13:38:50 - [TEST_STEP][PASSED] - typeOfData = "План в процентах": null

03-03-2025T13:38:50 - [TEST_STEP][PASSED] - fileDouble = file.toDouble(): null

03-03-2025T13:38:50 - [TEST_STEP][PASSED] - pageDouble = page1.toDouble(): null

03-03-2025T13:38:50 - [TEST_STEP][PASSED] - if (fileDouble != pageDouble): null

03-03-2025T13:38:50 - [TEST_STEP][PASSED] - file = findTestData("PlanFact").getValue(7, a): null

03-03-2025T13:38:50 - [TEST_STEP][PASSED] - file = file.replace(",", "."): null

03-03-2025T13:38:50 - [TEST_STEP][PASSED] - println("file Fact: " + file): null

03-03-2025T13:38:50 - [TEST_STEP][PASSED] - fileDouble = file.toDouble(): null

03-03-2025T13:38:50 - [TEST_STEP][PASSED] - typeOfData = "Факт в процентах": null

03-03-2025T13:38:50 - [TEST_STEP][PASSED] - fileDouble = file.toDouble(): null

03-03-2025T13:38:50 - [TEST_STEP][PASSED] - pageDouble = page2.toDouble(): null

03-03-2025T13:38:50 - [TEST_STEP][PASSED] - if (fileDouble != pageDouble): null

03-03-2025T13:38:50 - [TEST_STEP][PASSED] - if (verifyEqual(numberOfErrors, 0) == false): Actual object '0' and expected object '0' are equal

03-03-2025T13:38:50 - [MESSAGE][PASSED] - Actual object '0' and expected object '0' are equal

03-03-2025T13:38:50 - [TEST_STEP][PASSED] - if (a == 82): null

03-03-2025T13:38:50 - [TEST_STEP][PASSED] - dZO = "Свердловэнерго": null

03-03-2025T13:38:50 - [TEST_STEP][PASSED] - a = 56: null

03-03-2025T13:38:50 - [TEST_STEP][PASSED] - if (x2.contains(dZO)): null

03-03-2025T13:38:50 - [TEST_STEP][PASSED] - filialNum = filialNum + 1: null

03-03-2025T13:38:50 - [TEST_STEP][PASSED] - Script1718980020443.Numbers(a, typeOfData, todaysDate, pageInt, fileInt, pageDouble, fileDouble, dZO, dzoNum, filialNum): null

03-03-2025T13:38:50 - [TEST_STEP][PASSED] - println(dzoNum): null

03-03-2025T13:38:50 - [TEST_STEP][PASSED] - planFact = <not implemented yet for class: org.codehaus.groovy.ast.expr.EmptyExpression>: null

03-03-2025T13:38:50 - [TEST_STEP][PASSED] - page = <not implemented yet for class: org.codehaus.groovy.ast.expr.EmptyExpression>: null

03-03-2025T13:38:50 - [TEST_STEP][PASSED] - page1 = <not implemented yet for class: org.codehaus.groovy.ast.expr.EmptyExpression>: null

03-03-2025T13:38:50 - [TEST_STEP][PASSED] - page2 = <not implemented yet for class: org.codehaus.groovy.ast.expr.EmptyExpression>: null

03-03-2025T13:38:50 - [TEST_STEP][PASSED] - filialNumberInRow = <not implemented yet for class: org.codehaus.groovy.ast.expr.EmptyExpression>: null

03-03-2025T13:38:50 - [TEST_STEP][PASSED] - filialsDzoNames = <not implemented yet for class: org.codehaus.groovy.ast.expr.EmptyExpression>: null

03-03-2025T13:38:50 - [TEST_STEP][PASSED] - numberOfFilials = <not implemented yet for class: org.codehaus.groovy.ast.expr.EmptyExpression>: null

03-03-2025T13:38:50 - [TEST_STEP][PASSED] - numberOfSpaces = <not implemented yet for class: org.codehaus.groovy.ast.expr.EmptyExpression>: null

03-03-2025T13:38:50 - [TEST_STEP][PASSED] - file = <not implemented yet for class: org.codehaus.groovy.ast.expr.EmptyExpression>: null

03-03-2025T13:38:50 - [TEST_STEP][PASSED] - otpusk = <not implemented yet for class: org.codehaus.groovy.ast.expr.EmptyExpression>: null

03-03-2025T13:38:50 - [TEST_STEP][PASSED] - poteri = <not implemented yet for class: org.codehaus.groovy.ast.expr.EmptyExpression>: null

03-03-2025T13:38:50 - [TEST_STEP][PASSED] - dataFolder = "Выполнение бизнес-плана/Значения со страницы Выполнение бизнес-плана/": null

03-03-2025T13:38:50 - [TEST_STEP][PASSED] - path = <not implemented yet for class: org.codehaus.groovy.ast.expr.EmptyExpression>: null

03-03-2025T13:38:50 - [TEST_STEP][PASSED] - typeOfDataMain = <not implemented yet for class: org.codehaus.groovy.ast.expr.EmptyExpression>: null

03-03-2025T13:38:50 - [TEST_STEP][PASSED] - fileOtpuskVSet = <not implemented yet for class: org.codehaus.groovy.ast.expr.EmptyExpression>: null

03-03-2025T13:38:50 - [TEST_STEP][PASSED] - pageOtpuskVSet = <not implemented yet for class: org.codehaus.groovy.ast.expr.EmptyExpression>: null

03-03-2025T13:38:50 - [TEST_STEP][PASSED] - filePoteri = <not implemented yet for class: org.codehaus.groovy.ast.expr.EmptyExpression>: null

03-03-2025T13:38:50 - [TEST_STEP][PASSED] - pagePoteri = <not implemented yet for class: org.codehaus.groovy.ast.expr.EmptyExpression>: null

03-03-2025T13:38:50 - [TEST_STEP][PASSED] - compare = <not implemented yet for class: org.codehaus.groovy.ast.expr.EmptyExpression>: null

03-03-2025T13:38:50 - [TEST_STEP][PASSED] - b = <not implemented yet for class: org.codehaus.groovy.ast.expr.EmptyExpression>: null

03-03-2025T13:38:50 - [TEST_STEP][PASSED] - i = <not implemented yet for class: org.codehaus.groovy.ast.expr.EmptyExpression>: null

03-03-2025T13:38:50 - [TEST_STEP][PASSED] - ii = <not implemented yet for class: org.codehaus.groovy.ast.expr.EmptyExpression>: null

03-03-2025T13:38:50 - [TEST_STEP][PASSED] - c = <not implemented yet for class: org.codehaus.groovy.ast.expr.EmptyExpression>: null

03-03-2025T13:38:50 - [TEST_STEP][PASSED] - numberOfErrors = 0: null

03-03-2025T13:38:50 - [TEST_STEP][PASSED] - if (a == 82): null

03-03-2025T13:38:50 - [TEST_STEP][PASSED] - b = findTestData("PlanFact").getValue(1, a): null

03-03-2025T13:38:50 - [TEST_STEP][PASSED] - i = b.indexOf(" (ГК)"): null

03-03-2025T13:38:50 - [TEST_STEP][PASSED] - if (i > -1): null

03-03-2025T13:38:50 - [TEST_STEP][PASSED] - i = b.indexOf("О ""): null

03-03-2025T13:38:50 - [TEST_STEP][PASSED] - if (i > -1): null

03-03-2025T13:38:50 - [TEST_STEP][PASSED] - i = b.indexOf("О «"): null

03-03-2025T13:38:50 - [TEST_STEP][PASSED] - if (i > -1): null

03-03-2025T13:38:50 - [TEST_STEP][PASSED] - i = b.indexOf("г. "): null

03-03-2025T13:38:50 - [TEST_STEP][PASSED] - if (i > -1): null

03-03-2025T13:38:50 - [TEST_STEP][PASSED] - b = b.trim(): null

03-03-2025T13:38:50 - [TEST_STEP][PASSED] - println(b): null

03-03-2025T13:38:50 - [TEST_STEP][PASSED] - for ([planFact = 1, planFact < 3, (planFact++)]): null

03-03-2025T13:38:50 - [TEST_STEP][PASSED] - if (planFact == 1): null

03-03-2025T13:38:50 - [TEST_STEP][PASSED] - typeOfDataMain = "Факт": null

03-03-2025T13:38:50 - [TEST_STEP][PASSED] - otpusk = findTestData("PlanFact").getValue(5, a): null

03-03-2025T13:38:50 - [TEST_STEP][PASSED] - poteri = findTestData("PlanFact").getValue(6, a): null

03-03-2025T13:38:50 - [TEST_STEP][PASSED] - otpusk = otpusk.replaceAll("\s+", ""): null

03-03-2025T13:38:50 - [TEST_STEP][PASSED] - poteri = poteri.replaceAll("\s+", ""): null

03-03-2025T13:38:50 - [TEST_STEP][PASSED] - typeOfData = typeOfDataMain + " Отпуск в сеть": null

03-03-2025T13:38:50 - [TEST_STEP][PASSED] - if (a == 82): null

03-03-2025T13:38:50 - [TEST_STEP][PASSED] - else if (a == 84): null

03-03-2025T13:38:50 - [TEST_STEP][PASSED] - else if (a == 83 || a == 52 || a == 72 || a == 28 || a == 73 || a == 77 || a == 74 || a == 65 || a == 36 || a == 44 || a == 53 || a == 80 || a == 54 || a == 1 || a == 18 || a == 59 || a == 81): null

03-03-2025T13:38:50 - [TEST_STEP][PASSED] - else: null

03-03-2025T13:38:50 - [TEST_STEP][PASSED] - path = dataFolder + typeOfData + " за отчётный период " + b: null

03-03-2025T13:38:50 - [TEST_STEP][PASSED] - println(path): null

03-03-2025T13:38:50 - [TEST_STEP][PASSED] - page = getText(findTestObject(path)): Text of object 'Object Repository/Выполнение бизнес-плана/Значения со страницы Выполнение бизнес-плана/Факт Отпуск в сеть за отчётный период Свердловэнерго' is: '30 270 348'

03-03-2025T13:38:51 - [MESSAGE][PASSED] - Text of object 'Object Repository/Выполнение бизнес-плана/Значения со страницы Выполнение бизнес-плана/Факт Отпуск в сеть за отчётный период Свердловэнерго' is: '30 270 348'

03-03-2025T13:38:51 - [TEST_STEP][PASSED] - if (page == "" || page == null): null

03-03-2025T13:38:51 - [TEST_STEP][PASSED] - else: null

03-03-2025T13:38:51 - [TEST_STEP][PASSED] - page = page.replaceAll("\s+", ""): null

03-03-2025T13:38:51 - [TEST_STEP][PASSED] - fileOtpuskVSet = otpusk.toInteger(): null

03-03-2025T13:38:51 - [TEST_STEP][PASSED] - pageOtpuskVSet = page.toInteger(): null

03-03-2025T13:38:51 - [TEST_STEP][PASSED] - typeOfData = typeOfDataMain + " Потери": null

03-03-2025T13:38:51 - [TEST_STEP][PASSED] - if (a == 82): null

03-03-2025T13:38:51 - [TEST_STEP][PASSED] - else if (a == 84): null

03-03-2025T13:38:51 - [TEST_STEP][PASSED] - else if (a == 83 || a == 52 || a == 72 || a == 28 || a == 73 || a == 77 || a == 74 || a == 65 || a == 44 || a == 53 || a == 80 || a == 54 || a == 1 || a == 18 || a == 59 || a == 81): null

03-03-2025T13:38:51 - [TEST_STEP][PASSED] - else: null

03-03-2025T13:38:51 - [TEST_STEP][PASSED] - path = dataFolder + typeOfData + " за отчётный период " + b: null

03-03-2025T13:38:51 - [TEST_STEP][PASSED] - page = getText(findTestObject(path)): Text of object 'Object Repository/Выполнение бизнес-плана/Значения со страницы Выполнение бизнес-плана/Факт Потери за отчётный период Свердловэнерго' is: '1 305 312'

03-03-2025T13:38:51 - [MESSAGE][PASSED] - Text of object 'Object Repository/Выполнение бизнес-плана/Значения со страницы Выполнение бизнес-плана/Факт Потери за отчётный период Свердловэнерго' is: '1 305 312'

03-03-2025T13:38:51 - [TEST_STEP][PASSED] - if (page == "" || page == null): null

03-03-2025T13:38:51 - [TEST_STEP][PASSED] - else: null

03-03-2025T13:38:51 - [TEST_STEP][PASSED] - page = page.replaceAll("\s+", ""): null

03-03-2025T13:38:51 - [TEST_STEP][PASSED] - filePoteri = poteri.toInteger(): null

03-03-2025T13:38:51 - [TEST_STEP][PASSED] - pagePoteri = page.toInteger(): null

03-03-2025T13:38:51 - [TEST_STEP][PASSED] - compare = pageOtpuskVSet: null

03-03-2025T13:38:51 - [TEST_STEP][PASSED] - if (pageOtpuskVSet != null): null

03-03-2025T13:38:51 - [TEST_STEP][PASSED] - if (compare == fileOtpuskVSet): null

03-03-2025T13:38:51 - [TEST_STEP][PASSED] - if (compare == fileOtpuskVSet): null

03-03-2025T13:38:51 - [TEST_STEP][PASSED] - compare = pagePoteri: null

03-03-2025T13:38:51 - [TEST_STEP][PASSED] - if (pageOtpuskVSet != null): null

03-03-2025T13:38:51 - [TEST_STEP][PASSED] - if (compare == filePoteri): null

03-03-2025T13:38:51 - [TEST_STEP][PASSED] - if (compare == filePoteri): null

03-03-2025T13:38:51 - [TEST_STEP][PASSED] - if (planFact == 2): null

03-03-2025T13:38:51 - [TEST_STEP][PASSED] - if (planFact == 1): null

03-03-2025T13:38:51 - [TEST_STEP][PASSED] - else if (planFact == 2): null

03-03-2025T13:38:51 - [TEST_STEP][PASSED] - click(findTestObject("Выполнение бизнес-плана/Кнопка План")): Object: 'Object Repository/Выполнение бизнес-плана/Кнопка План' is clicked on

03-03-2025T13:38:51 - [MESSAGE][PASSED] - Object: 'Object Repository/Выполнение бизнес-плана/Кнопка План' is clicked on

03-03-2025T13:38:51 - [TEST_STEP][PASSED] - typeOfDataMain = "План": null

03-03-2025T13:38:51 - [TEST_STEP][PASSED] - otpusk = findTestData("PlanFact").getValue(2, a): null

03-03-2025T13:38:51 - [TEST_STEP][PASSED] - poteri = findTestData("PlanFact").getValue(3, a): null

03-03-2025T13:38:51 - [TEST_STEP][PASSED] - otpusk = otpusk.replaceAll("\s+", ""): null

03-03-2025T13:38:51 - [TEST_STEP][PASSED] - poteri = poteri.replaceAll("\s+", ""): null

03-03-2025T13:38:51 - [TEST_STEP][PASSED] - typeOfData = typeOfDataMain + " Отпуск в сеть": null

03-03-2025T13:38:51 - [TEST_STEP][PASSED] - if (a == 82): null

03-03-2025T13:38:51 - [TEST_STEP][PASSED] - else if (a == 84): null

03-03-2025T13:38:51 - [TEST_STEP][PASSED] - else if (a == 83 || a == 52 || a == 72 || a == 28 || a == 73 || a == 77 || a == 74 || a == 65 || a == 36 || a == 44 || a == 53 || a == 80 || a == 54 || a == 1 || a == 18 || a == 59 || a == 81): null

03-03-2025T13:38:51 - [TEST_STEP][PASSED] - else: null

03-03-2025T13:38:51 - [TEST_STEP][PASSED] - path = dataFolder + typeOfData + " за отчётный период " + b: null

03-03-2025T13:38:51 - [TEST_STEP][PASSED] - println(path): null

03-03-2025T13:38:51 - [TEST_STEP][PASSED] - page = getText(findTestObject(path)): Text of object 'Object Repository/Выполнение бизнес-плана/Значения со страницы Выполнение бизнес-плана/План Отпуск в сеть за отчётный период Свердловэнерго' is: '29 652 636'

03-03-2025T13:38:52 - [MESSAGE][PASSED] - Text of object 'Object Repository/Выполнение бизнес-плана/Значения со страницы Выполнение бизнес-плана/План Отпуск в сеть за отчётный период Свердловэнерго' is: '29 652 636'

03-03-2025T13:38:52 - [TEST_STEP][PASSED] - if (page == "" || page == null): null

03-03-2025T13:38:52 - [TEST_STEP][PASSED] - else: null

03-03-2025T13:38:52 - [TEST_STEP][PASSED] - page = page.replaceAll("\s+", ""): null

03-03-2025T13:38:52 - [TEST_STEP][PASSED] - fileOtpuskVSet = otpusk.toInteger(): null

03-03-2025T13:38:52 - [TEST_STEP][PASSED] - pageOtpuskVSet = page.toInteger(): null

03-03-2025T13:38:52 - [TEST_STEP][PASSED] - typeOfData = typeOfDataMain + " Потери": null

03-03-2025T13:38:52 - [TEST_STEP][PASSED] - if (a == 82): null

03-03-2025T13:38:52 - [TEST_STEP][PASSED] - else if (a == 84): null

03-03-2025T13:38:52 - [TEST_STEP][PASSED] - else if (a == 83 || a == 52 || a == 72 || a == 28 || a == 73 || a == 77 || a == 74 || a == 65 || a == 44 || a == 53 || a == 80 || a == 54 || a == 1 || a == 18 || a == 59 || a == 81): null

03-03-2025T13:38:52 - [TEST_STEP][PASSED] - else: null

03-03-2025T13:38:52 - [TEST_STEP][PASSED] - path = dataFolder + typeOfData + " за отчётный период " + b: null

03-03-2025T13:38:52 - [TEST_STEP][PASSED] - page = getText(findTestObject(path)): Text of object 'Object Repository/Выполнение бизнес-плана/Значения со страницы Выполнение бизнес-плана/План Потери за отчётный период Свердловэнерго' is: '1 307 480'

03-03-2025T13:38:52 - [MESSAGE][PASSED] - Text of object 'Object Repository/Выполнение бизнес-плана/Значения со страницы Выполнение бизнес-плана/План Потери за отчётный период Свердловэнерго' is: '1 307 480'

03-03-2025T13:38:52 - [TEST_STEP][PASSED] - if (page == "" || page == null): null

03-03-2025T13:38:52 - [TEST_STEP][PASSED] - else: null

03-03-2025T13:38:52 - [TEST_STEP][PASSED] - page = page.replaceAll("\s+", ""): null

03-03-2025T13:38:52 - [TEST_STEP][PASSED] - filePoteri = poteri.toInteger(): null

03-03-2025T13:38:52 - [TEST_STEP][PASSED] - pagePoteri = page.toInteger(): null

03-03-2025T13:38:52 - [TEST_STEP][PASSED] - compare = pageOtpuskVSet: null

03-03-2025T13:38:52 - [TEST_STEP][PASSED] - if (pageOtpuskVSet != null): null

03-03-2025T13:38:52 - [TEST_STEP][PASSED] - if (compare == fileOtpuskVSet): null

03-03-2025T13:38:52 - [TEST_STEP][PASSED] - else if (compare > fileOtpuskVSet): null

03-03-2025T13:38:52 - [TEST_STEP][PASSED] - compare = compare - 1: null

03-03-2025T13:38:52 - [TEST_STEP][PASSED] - if (compare == fileOtpuskVSet): null

03-03-2025T13:38:52 - [TEST_STEP][PASSED] - else: null

03-03-2025T13:38:52 - [TEST_STEP][PASSED] - numberOfErrors = numberOfErrors + 1: null

03-03-2025T13:38:52 - [TEST_STEP][PASSED] - pageInt = pageOtpuskVSet: null

03-03-2025T13:38:52 - [TEST_STEP][PASSED] - fileInt = fileOtpuskVSet: null

03-03-2025T13:38:52 - [TEST_STEP][PASSED] - typeOfData = typeOfDataMain + " Отпуск в сеть": null

03-03-2025T13:38:52 - [TEST_STEP][PASSED] - Script1718980020443.WriteToExcel(a, typeOfData, todaysDate, pageInt, fileInt, pageDouble, fileDouble, dZO): null

03-03-2025T13:38:52 - [TEST_STEP][PASSED] - sheetName = "Sheet1": null

03-03-2025T13:38:52 - [TEST_STEP][PASSED] - data = findTestData("PlanFact"): null

03-03-2025T13:38:52 - [TEST_STEP][PASSED] - n = data.getRowNumbers() + 1: null

03-03-2025T13:38:52 - [TEST_STEP][PASSED] - day = ")).toInteger(): null

03-03-2025T13:38:52 - [TEST_STEP][PASSED] - println(day): null

03-03-2025T13:38:52 - [TEST_STEP][PASSED] - month = ")).toInteger(): null

03-03-2025T13:38:52 - [TEST_STEP][PASSED] - println(month): null

03-03-2025T13:38:52 - [TEST_STEP][PASSED] - y = <not implemented yet for class: org.codehaus.groovy.ast.expr.EmptyExpression>: null

03-03-2025T13:38:52 - [TEST_STEP][PASSED] - iy = <not implemented yet for class: org.codehaus.groovy.ast.expr.EmptyExpression>: null

03-03-2025T13:38:52 - [TEST_STEP][PASSED] - m = getText(findTestObject("Выполнение бизнес-плана/Период")): Text of object 'Object Repository/Выполнение бизнес-плана/Период' is: '2024 год'

03-03-2025T13:38:52 - [MESSAGE][PASSED] - Text of object 'Object Repository/Выполнение бизнес-плана/Период' is: '2024 год'

03-03-2025T13:38:52 - [TEST_STEP][PASSED] - iy = m.indexOf("20"): null

03-03-2025T13:38:52 - [TEST_STEP][PASSED] - if (iy > -1): null

03-03-2025T13:38:52 - [TEST_STEP][PASSED] - y = substring(iy, iy + 4).toInteger(): null

03-03-2025T13:38:52 - [TEST_STEP][PASSED] - println(y): null

03-03-2025T13:38:52 - [TEST_STEP][PASSED] - if (toString().length() == 4): null

03-03-2025T13:38:52 - [TEST_STEP][PASSED] - m = m.substring(0, m.indexOf(y.toString())): null

03-03-2025T13:38:52 - [TEST_STEP][PASSED] - m = m.trim(): null

03-03-2025T13:38:52 - [TEST_STEP][PASSED] - if (m == ""): null

03-03-2025T13:38:52 - [TEST_STEP][PASSED] - m = "весь год": null

03-03-2025T13:38:52 - [TEST_STEP][PASSED] - dashboardName = "Выполнение бизнес-плана": null

03-03-2025T13:38:52 - [TEST_STEP][PASSED] - workbook01 = getWorkbook(excelFilePath): null

03-03-2025T13:38:52 - [TEST_STEP][PASSED] - sheet01 = getExcelSheet(workbook01, sheetName): null

03-03-2025T13:38:52 - [TEST_STEP][PASSED] - setValueToCellByIndex(sheet01, n, 0, dashboardName): null

03-03-2025T13:38:52 - [TEST_STEP][PASSED] - setValueToCellByIndex(sheet01, n, 1, dZO): null

03-03-2025T13:38:52 - [TEST_STEP][PASSED] - setValueToCellByIndex(sheet01, n, 2, typeOfData): null

03-03-2025T13:38:52 - [TEST_STEP][PASSED] - if (typeOfData == "Факт в процентах" || typeOfData == "План в процентах"): null

03-03-2025T13:38:52 - [TEST_STEP][PASSED] - else: null

03-03-2025T13:38:52 - [TEST_STEP][PASSED] - setValueToCellByIndex(sheet01, n, 3, fileInt): null

03-03-2025T13:38:52 - [TEST_STEP][PASSED] - setValueToCellByIndex(sheet01, n, 4, pageInt): null

03-03-2025T13:38:52 - [TEST_STEP][PASSED] - setValueToCellByIndex(sheet01, n, 5, m): null

03-03-2025T13:38:52 - [TEST_STEP][PASSED] - setValueToCellByIndex(sheet01, n, 6, y): null

03-03-2025T13:38:52 - [TEST_STEP][PASSED] - setValueToCellByIndex(sheet01, n, 7, todaysDate): null

03-03-2025T13:38:52 - [TEST_STEP][PASSED] - n = n + 1: null

03-03-2025T13:38:52 - [TEST_STEP][PASSED] - saveWorkbook(excelFilePath, workbook01): null

03-03-2025T13:38:53 - [TEST_STEP][PASSED] - compare = pagePoteri: null

03-03-2025T13:38:53 - [TEST_STEP][PASSED] - if (pageOtpuskVSet != null): null

03-03-2025T13:38:53 - [TEST_STEP][PASSED] - if (compare == filePoteri): null

03-03-2025T13:38:53 - [TEST_STEP][PASSED] - else if (compare > filePoteri): null

03-03-2025T13:38:53 - [TEST_STEP][PASSED] - else if (compare < filePoteri): null

03-03-2025T13:38:53 - [TEST_STEP][PASSED] - compare = compare + 1: null

03-03-2025T13:38:53 - [TEST_STEP][PASSED] - if (compare == filePoteri): null

03-03-2025T13:38:53 - [TEST_STEP][PASSED] - else: null

03-03-2025T13:38:53 - [TEST_STEP][PASSED] - numberOfErrors = numberOfErrors + 1: null

03-03-2025T13:38:53 - [TEST_STEP][PASSED] - pageInt = pagePoteri: null

03-03-2025T13:38:53 - [TEST_STEP][PASSED] - fileInt = filePoteri: null

03-03-2025T13:38:53 - [TEST_STEP][PASSED] - typeOfData = typeOfDataMain + " Потери": null

03-03-2025T13:38:53 - [TEST_STEP][PASSED] - Script1718980020443.WriteToExcel(a, typeOfData, todaysDate, pageInt, fileInt, pageDouble, fileDouble, dZO): null

03-03-2025T13:38:53 - [TEST_STEP][PASSED] - sheetName = "Sheet1": null

03-03-2025T13:38:53 - [TEST_STEP][PASSED] - data = findTestData("PlanFact"): null

03-03-2025T13:38:53 - [TEST_STEP][PASSED] - n = data.getRowNumbers() + 1: null

03-03-2025T13:38:53 - [TEST_STEP][PASSED] - day = ")).toInteger(): null

03-03-2025T13:38:53 - [TEST_STEP][PASSED] - println(day): null

03-03-2025T13:38:53 - [TEST_STEP][PASSED] - month = ")).toInteger(): null

03-03-2025T13:38:53 - [TEST_STEP][PASSED] - println(month): null

03-03-2025T13:38:53 - [TEST_STEP][PASSED] - y = <not implemented yet for class: org.codehaus.groovy.ast.expr.EmptyExpression>: null

03-03-2025T13:38:53 - [TEST_STEP][PASSED] - iy = <not implemented yet for class: org.codehaus.groovy.ast.expr.EmptyExpression>: null

03-03-2025T13:38:53 - [TEST_STEP][PASSED] - m = getText(findTestObject("Выполнение бизнес-плана/Период")): Text of object 'Object Repository/Выполнение бизнес-плана/Период' is: '2024 год'

03-03-2025T13:38:53 - [MESSAGE][PASSED] - Text of object 'Object Repository/Выполнение бизнес-плана/Период' is: '2024 год'

03-03-2025T13:38:53 - [TEST_STEP][PASSED] - iy = m.indexOf("20"): null

03-03-2025T13:38:53 - [TEST_STEP][PASSED] - if (iy > -1): null

03-03-2025T13:38:53 - [TEST_STEP][PASSED] - y = substring(iy, iy + 4).toInteger(): null

03-03-2025T13:38:53 - [TEST_STEP][PASSED] - println(y): null

03-03-2025T13:38:53 - [TEST_STEP][PASSED] - if (toString().length() == 4): null

03-03-2025T13:38:53 - [TEST_STEP][PASSED] - m = m.substring(0, m.indexOf(y.toString())): null

03-03-2025T13:38:53 - [TEST_STEP][PASSED] - m = m.trim(): null

03-03-2025T13:38:53 - [TEST_STEP][PASSED] - if (m == ""): null

03-03-2025T13:38:53 - [TEST_STEP][PASSED] - m = "весь год": null

03-03-2025T13:38:53 - [TEST_STEP][PASSED] - dashboardName = "Выполнение бизнес-плана": null

03-03-2025T13:38:53 - [TEST_STEP][PASSED] - workbook01 = getWorkbook(excelFilePath): null

03-03-2025T13:38:53 - [TEST_STEP][PASSED] - sheet01 = getExcelSheet(workbook01, sheetName): null

03-03-2025T13:38:53 - [TEST_STEP][PASSED] - setValueToCellByIndex(sheet01, n, 0, dashboardName): null

03-03-2025T13:38:53 - [TEST_STEP][PASSED] - setValueToCellByIndex(sheet01, n, 1, dZO): null

03-03-2025T13:38:53 - [TEST_STEP][PASSED] - setValueToCellByIndex(sheet01, n, 2, typeOfData): null

03-03-2025T13:38:53 - [TEST_STEP][PASSED] - if (typeOfData == "Факт в процентах" || typeOfData == "План в процентах"): null

03-03-2025T13:38:53 - [TEST_STEP][PASSED] - else: null

03-03-2025T13:38:53 - [TEST_STEP][PASSED] - setValueToCellByIndex(sheet01, n, 3, fileInt): null

03-03-2025T13:38:53 - [TEST_STEP][PASSED] - setValueToCellByIndex(sheet01, n, 4, pageInt): null

03-03-2025T13:38:53 - [TEST_STEP][PASSED] - setValueToCellByIndex(sheet01, n, 5, m): null

03-03-2025T13:38:53 - [TEST_STEP][PASSED] - setValueToCellByIndex(sheet01, n, 6, y): null

03-03-2025T13:38:53 - [TEST_STEP][PASSED] - setValueToCellByIndex(sheet01, n, 7, todaysDate): null

03-03-2025T13:38:53 - [TEST_STEP][PASSED] - n = n + 1: null

03-03-2025T13:38:53 - [TEST_STEP][PASSED] - saveWorkbook(excelFilePath, workbook01): Object: 'Object Repository/Выполнение бизнес-плана/Кнопка Факт' is clicked on

03-03-2025T13:38:53 - [TEST_STEP][PASSED] - if (planFact == 2): Object: 'Object Repository/Выполнение бизнес-плана/Кнопка Факт' is clicked on

03-03-2025T13:38:53 - [TEST_STEP][PASSED] - click(findTestObject("Выполнение бизнес-плана/Кнопка Факт")): Object: 'Object Repository/Выполнение бизнес-плана/Кнопка Факт' is clicked on

03-03-2025T13:38:54 - [MESSAGE][PASSED] - Object: 'Object Repository/Выполнение бизнес-плана/Кнопка Факт' is clicked on

03-03-2025T13:38:54 - [TEST_STEP][PASSED] - println("a=" + a): null

03-03-2025T13:38:54 - [TEST_STEP][PASSED] - if (a == 84 || a == 82): null

03-03-2025T13:38:54 - [TEST_STEP][PASSED] - else if (a == 83 || a == 52 || a == 72 || a == 28 || a == 73 || a == 77 || a == 74 || a == 65 || a == 36 || a == 44 || a == 53 || a == 80 || a == 54 || a == 1 || a == 18 || a == 59 || a == 81): null

03-03-2025T13:38:54 - [TEST_STEP][PASSED] - else: null

03-03-2025T13:38:54 - [TEST_STEP][PASSED] - page1 = getText(findTestObject("Object Repository/Выполнение бизнес-плана/spanPlan" + filialNum)): Text of object 'Object Repository/Выполнение бизнес-плана/spanPlan3' is: '4.41
|'

03-03-2025T13:38:54 - [MESSAGE][PASSED] - Text of object 'Object Repository/Выполнение бизнес-плана/spanPlan3' is: '4.41
|'

03-03-2025T13:38:54 - [TEST_STEP][PASSED] - page1 = page1.replace("|", ""): null

03-03-2025T13:38:54 - [TEST_STEP][PASSED] - page2 = getText(findTestObject("Object Repository/Выполнение бизнес-плана/spanFact" + filialNum)): Text of object 'Object Repository/Выполнение бизнес-плана/spanFact3' is: '4.31
|'

03-03-2025T13:38:54 - [MESSAGE][PASSED] - Text of object 'Object Repository/Выполнение бизнес-плана/spanFact3' is: '4.31
|'

03-03-2025T13:38:54 - [TEST_STEP][PASSED] - page2 = page2.replace("|", ""): null

03-03-2025T13:38:54 - [TEST_STEP][PASSED] - println("page1: " + page1): null

03-03-2025T13:38:54 - [TEST_STEP][PASSED] - println("page2: " + page2): null

03-03-2025T13:38:54 - [TEST_STEP][PASSED] - file = findTestData("PlanFact").getValue(4, a): null

03-03-2025T13:38:54 - [TEST_STEP][PASSED] - file = file.replace(",", "."): null

03-03-2025T13:38:54 - [TEST_STEP][PASSED] - println("file Plan: " + file): null

03-03-2025T13:38:54 - [TEST_STEP][PASSED] - typeOfData = "План в процентах": null

03-03-2025T13:38:54 - [TEST_STEP][PASSED] - fileDouble = file.toDouble(): null

03-03-2025T13:38:54 - [TEST_STEP][PASSED] - pageDouble = page1.toDouble(): null

03-03-2025T13:38:54 - [TEST_STEP][PASSED] - if (fileDouble != pageDouble): null

03-03-2025T13:38:54 - [TEST_STEP][PASSED] - numberOfErrors = numberOfErrors + 1: null

03-03-2025T13:38:54 - [TEST_STEP][PASSED] - Script1718980020443.WriteToExcel(a, typeOfData, todaysDate, pageInt, fileInt, pageDouble, fileDouble, dZO): null

03-03-2025T13:38:54 - [TEST_STEP][PASSED] - sheetName = "Sheet1": null

03-03-2025T13:38:54 - [TEST_STEP][PASSED] - data = findTestData("PlanFact"): null

03-03-2025T13:38:54 - [TEST_STEP][PASSED] - n = data.getRowNumbers() + 1: null

03-03-2025T13:38:54 - [TEST_STEP][PASSED] - day = ")).toInteger(): null

03-03-2025T13:38:54 - [TEST_STEP][PASSED] - println(day): null

03-03-2025T13:38:54 - [TEST_STEP][PASSED] - month = ")).toInteger(): null

03-03-2025T13:38:54 - [TEST_STEP][PASSED] - println(month): null

03-03-2025T13:38:54 - [TEST_STEP][PASSED] - y = <not implemented yet for class: org.codehaus.groovy.ast.expr.EmptyExpression>: null

03-03-2025T13:38:54 - [TEST_STEP][PASSED] - iy = <not implemented yet for class: org.codehaus.groovy.ast.expr.EmptyExpression>: null

03-03-2025T13:38:54 - [TEST_STEP][PASSED] - m = getText(findTestObject("Выполнение бизнес-плана/Период")): Text of object 'Object Repository/Выполнение бизнес-плана/Период' is: '2024 год'

03-03-2025T13:38:55 - [MESSAGE][PASSED] - Text of object 'Object Repository/Выполнение бизнес-плана/Период' is: '2024 год'

03-03-2025T13:38:55 - [TEST_STEP][PASSED] - iy = m.indexOf("20"): null

03-03-2025T13:38:55 - [TEST_STEP][PASSED] - if (iy > -1): null

03-03-2025T13:38:55 - [TEST_STEP][PASSED] - y = substring(iy, iy + 4).toInteger(): null

03-03-2025T13:38:55 - [TEST_STEP][PASSED] - println(y): null

03-03-2025T13:38:55 - [TEST_STEP][PASSED] - if (toString().length() == 4): null

03-03-2025T13:38:55 - [TEST_STEP][PASSED] - m = m.substring(0, m.indexOf(y.toString())): null

03-03-2025T13:38:55 - [TEST_STEP][PASSED] - m = m.trim(): null

03-03-2025T13:38:55 - [TEST_STEP][PASSED] - if (m == ""): null

03-03-2025T13:38:55 - [TEST_STEP][PASSED] - m = "весь год": null

03-03-2025T13:38:55 - [TEST_STEP][PASSED] - dashboardName = "Выполнение бизнес-плана": null

03-03-2025T13:38:55 - [TEST_STEP][PASSED] - workbook01 = getWorkbook(excelFilePath): null

03-03-2025T13:38:55 - [TEST_STEP][PASSED] - sheet01 = getExcelSheet(workbook01, sheetName): null

03-03-2025T13:38:55 - [TEST_STEP][PASSED] - setValueToCellByIndex(sheet01, n, 0, dashboardName): null

03-03-2025T13:38:55 - [TEST_STEP][PASSED] - setValueToCellByIndex(sheet01, n, 1, dZO): null

03-03-2025T13:38:55 - [TEST_STEP][PASSED] - setValueToCellByIndex(sheet01, n, 2, typeOfData): null

03-03-2025T13:38:55 - [TEST_STEP][PASSED] - if (typeOfData == "Факт в процентах" || typeOfData == "План в процентах"): null

03-03-2025T13:38:55 - [TEST_STEP][PASSED] - setValueToCellByIndex(sheet01, n, 3, fileDouble): null

03-03-2025T13:38:55 - [TEST_STEP][PASSED] - setValueToCellByIndex(sheet01, n, 4, pageDouble): null

03-03-2025T13:38:55 - [TEST_STEP][PASSED] - setValueToCellByIndex(sheet01, n, 5, m): null

03-03-2025T13:38:55 - [TEST_STEP][PASSED] - setValueToCellByIndex(sheet01, n, 6, y): null

03-03-2025T13:38:55 - [TEST_STEP][PASSED] - setValueToCellByIndex(sheet01, n, 7, todaysDate): null

03-03-2025T13:38:55 - [TEST_STEP][PASSED] - n = n + 1: null

03-03-2025T13:38:55 - [TEST_STEP][PASSED] - saveWorkbook(excelFilePath, workbook01): null

03-03-2025T13:38:55 - [TEST_STEP][PASSED] - file = findTestData("PlanFact").getValue(7, a): null

03-03-2025T13:38:55 - [TEST_STEP][PASSED] - file = file.replace(",", "."): null

03-03-2025T13:38:55 - [TEST_STEP][PASSED] - println("file Fact: " + file): null

03-03-2025T13:38:55 - [TEST_STEP][PASSED] - fileDouble = file.toDouble(): null

03-03-2025T13:38:55 - [TEST_STEP][PASSED] - typeOfData = "Факт в процентах": null

03-03-2025T13:38:55 - [TEST_STEP][PASSED] - fileDouble = file.toDouble(): null

03-03-2025T13:38:55 - [TEST_STEP][PASSED] - pageDouble = page2.toDouble(): null

03-03-2025T13:38:55 - [TEST_STEP][PASSED] - if (fileDouble != pageDouble): null

03-03-2025T13:38:55 - [TEST_STEP][FAILED] - if (verifyEqual(numberOfErrors, 0) == false): null

03-03-2025T13:38:55 - [MESSAGE][FAILED] - Unable to verify equal between actual object '3' and expected object '0' (Root cause: com.kms.katalon.core.exception.StepFailedException: Actual object '3' and expected object '0' are not equal
	at com.kms.katalon.core.keyword.builtin.VerifyEqualKeyword$_verifyEqual_closure1.doCall(VerifyEqualKeyword.groovy:58)
	at com.kms.katalon.core.keyword.builtin.VerifyEqualKeyword$_verifyEqual_closure1.call(VerifyEqualKeyword.groovy)
	at com.kms.katalon.core.keyword.internal.KeywordMain.runKeyword(KeywordMain.groovy:75)
	at com.kms.katalon.core.keyword.builtin.VerifyEqualKeyword.verifyEqual(VerifyEqualKeyword.groovy:63)
	at com.kms.katalon.core.keyword.builtin.VerifyEqualKeyword.execute(VerifyEqualKeyword.groovy:44)
	at com.kms.katalon.core.keyword.internal.KeywordExecutor.executeKeywordForPlatform(KeywordExecutor.groovy:74)
	at com.kms.katalon.core.keyword.BuiltinKeywords.verifyEqual(BuiltinKeywords.groovy:146)
	at jdk.internal.reflect.GeneratedMethodAccessor24.invoke(Unknown Source)
	at java.base/jdk.internal.reflect.DelegatingMethodAccessorImpl.invoke(DelegatingMethodAccessorImpl.java:43)
	at Выполнение бизнес-плана Сверка ПАО Россети все филиалы.Numbers(Выполнение бизнес-плана Сверка ПАО Россети все филиалы:736)
	at Выполнение бизнес-плана Сверка ПАО Россети все филиалы.Filials(Выполнение бизнес-плана Сверка ПАО Россети все филиалы:1679)
	at Выполнение бизнес-плана Сверка ПАО Россети все филиалы.Numbers(Выполнение бизнес-плана Сверка ПАО Россети все филиалы:743)
	at Выполнение бизнес-плана Сверка ПАО Россети все филиалы.run(Выполнение бизнес-плана Сверка ПАО Россети все филиалы:350)
	at com.kms.katalon.core.main.ScriptEngine.run(ScriptEngine.java:194)
	at com.kms.katalon.core.main.ScriptEngine.runScriptAsRawText(ScriptEngine.java:119)
	at com.kms.katalon.core.main.TestCaseExecutor.runScript(TestCaseExecutor.java:448)
	at com.kms.katalon.core.main.TestCaseExecutor.doExecute(TestCaseExecutor.java:439)
	at com.kms.katalon.core.main.TestCaseExecutor.processExecutionPhase(TestCaseExecutor.java:418)
	at com.kms.katalon.core.main.TestCaseExecutor.accessMainPhase(TestCaseExecutor.java:410)
	at com.kms.katalon.core.main.TestCaseExecutor.execute(TestCaseExecutor.java:285)
	at com.kms.katalon.core.common.CommonExecutor.accessTestCaseMainPhase(CommonExecutor.java:65)
	at com.kms.katalon.core.main.TestSuiteExecutor.accessTestSuiteMainPhase(TestSuiteExecutor.java:150)
	at com.kms.katalon.core.main.TestSuiteExecutor.execute(TestSuiteExecutor.java:106)
	at com.kms.katalon.core.main.TestCaseMain.startTestSuite(TestCaseMain.java:180)
	at TempTestSuite1740991900055.run(TempTestSuite1740991900055.groovy:35)
	at java.base/jdk.internal.reflect.NativeMethodAccessorImpl.invoke0(Native Method)
	at java.base/jdk.internal.reflect.NativeMethodAccessorImpl.invoke(NativeMethodAccessorImpl.java:77)
	at java.base/jdk.internal.reflect.DelegatingMethodAccessorImpl.invoke(DelegatingMethodAccessorImpl.java:43)
)

03-03-2025T13:38:55 - [TEST_STEP][PASSED] - println(numberOfErrors): null

03-03-2025T13:38:55 - [TEST_STEP][PASSED] - println("a=" + a): null

03-03-2025T13:38:55 - [TEST_STEP][PASSED] - if (a == 28 || a == 77 || a == 74 || a == 65 || a == 36 || a == 44 || a == 54 || a == 1 || a == 18 || a == 59): null

03-03-2025T13:38:55 - [TEST_STEP][PASSED] - if (a == 82): null

03-03-2025T13:38:55 - [TEST_STEP][PASSED] - dZO = "Челябэнерго": null

03-03-2025T13:38:55 - [TEST_STEP][PASSED] - a = 57: null

03-03-2025T13:38:55 - [TEST_STEP][PASSED] - if (x2.contains(dZO)): null

03-03-2025T13:38:55 - [TEST_STEP][PASSED] - filialNum = filialNum + 1: null

03-03-2025T13:38:55 - [TEST_STEP][PASSED] - Script1718980020443.Numbers(a, typeOfData, todaysDate, pageInt, fileInt, pageDouble, fileDouble, dZO, dzoNum, filialNum): null

03-03-2025T13:38:55 - [TEST_STEP][PASSED] - println(dzoNum): null

03-03-2025T13:38:55 - [TEST_STEP][PASSED] - planFact = <not implemented yet for class: org.codehaus.groovy.ast.expr.EmptyExpression>: null

03-03-2025T13:38:55 - [TEST_STEP][PASSED] - page = <not implemented yet for class: org.codehaus.groovy.ast.expr.EmptyExpression>: null

03-03-2025T13:38:55 - [TEST_STEP][PASSED] - page1 = <not implemented yet for class: org.codehaus.groovy.ast.expr.EmptyExpression>: null

03-03-2025T13:38:55 - [TEST_STEP][PASSED] - page2 = <not implemented yet for class: org.codehaus.groovy.ast.expr.EmptyExpression>: null

03-03-2025T13:38:55 - [TEST_STEP][PASSED] - filialNumberInRow = <not implemented yet for class: org.codehaus.groovy.ast.expr.EmptyExpression>: null

03-03-2025T13:38:55 - [TEST_STEP][PASSED] - filialsDzoNames = <not implemented yet for class: org.codehaus.groovy.ast.expr.EmptyExpression>: null

03-03-2025T13:38:55 - [TEST_STEP][PASSED] - numberOfFilials = <not implemented yet for class: org.codehaus.groovy.ast.expr.EmptyExpression>: null

03-03-2025T13:38:55 - [TEST_STEP][PASSED] - numberOfSpaces = <not implemented yet for class: org.codehaus.groovy.ast.expr.EmptyExpression>: null

03-03-2025T13:38:55 - [TEST_STEP][PASSED] - file = <not implemented yet for class: org.codehaus.groovy.ast.expr.EmptyExpression>: null

03-03-2025T13:38:55 - [TEST_STEP][PASSED] - otpusk = <not implemented yet for class: org.codehaus.groovy.ast.expr.EmptyExpression>: null

03-03-2025T13:38:55 - [TEST_STEP][PASSED] - poteri = <not implemented yet for class: org.codehaus.groovy.ast.expr.EmptyExpression>: null

03-03-2025T13:38:55 - [TEST_STEP][PASSED] - dataFolder = "Выполнение бизнес-плана/Значения со страницы Выполнение бизнес-плана/": null

03-03-2025T13:38:55 - [TEST_STEP][PASSED] - path = <not implemented yet for class: org.codehaus.groovy.ast.expr.EmptyExpression>: null

03-03-2025T13:38:55 - [TEST_STEP][PASSED] - typeOfDataMain = <not implemented yet for class: org.codehaus.groovy.ast.expr.EmptyExpression>: null

03-03-2025T13:38:55 - [TEST_STEP][PASSED] - fileOtpuskVSet = <not implemented yet for class: org.codehaus.groovy.ast.expr.EmptyExpression>: null

03-03-2025T13:38:55 - [TEST_STEP][PASSED] - pageOtpuskVSet = <not implemented yet for class: org.codehaus.groovy.ast.expr.EmptyExpression>: null

03-03-2025T13:38:55 - [TEST_STEP][PASSED] - filePoteri = <not implemented yet for class: org.codehaus.groovy.ast.expr.EmptyExpression>: null

03-03-2025T13:38:55 - [TEST_STEP][PASSED] - pagePoteri = <not implemented yet for class: org.codehaus.groovy.ast.expr.EmptyExpression>: null

03-03-2025T13:38:55 - [TEST_STEP][PASSED] - compare = <not implemented yet for class: org.codehaus.groovy.ast.expr.EmptyExpression>: null

03-03-2025T13:38:55 - [TEST_STEP][PASSED] - b = <not implemented yet for class: org.codehaus.groovy.ast.expr.EmptyExpression>: null

03-03-2025T13:38:55 - [TEST_STEP][PASSED] - i = <not implemented yet for class: org.codehaus.groovy.ast.expr.EmptyExpression>: null

03-03-2025T13:38:55 - [TEST_STEP][PASSED] - ii = <not implemented yet for class: org.codehaus.groovy.ast.expr.EmptyExpression>: null

03-03-2025T13:38:55 - [TEST_STEP][PASSED] - c = <not implemented yet for class: org.codehaus.groovy.ast.expr.EmptyExpression>: null

03-03-2025T13:38:55 - [TEST_STEP][PASSED] - numberOfErrors = 0: null

03-03-2025T13:38:55 - [TEST_STEP][PASSED] - if (a == 82): null

03-03-2025T13:38:55 - [TEST_STEP][PASSED] - b = findTestData("PlanFact").getValue(1, a): null

03-03-2025T13:38:55 - [TEST_STEP][PASSED] - i = b.indexOf(" (ГК)"): null

03-03-2025T13:38:55 - [TEST_STEP][PASSED] - if (i > -1): null

03-03-2025T13:38:55 - [TEST_STEP][PASSED] - i = b.indexOf("О ""): null

03-03-2025T13:38:55 - [TEST_STEP][PASSED] - if (i > -1): null

03-03-2025T13:38:55 - [TEST_STEP][PASSED] - i = b.indexOf("О «"): null

03-03-2025T13:38:55 - [TEST_STEP][PASSED] - if (i > -1): null

03-03-2025T13:38:55 - [TEST_STEP][PASSED] - i = b.indexOf("г. "): null

03-03-2025T13:38:55 - [TEST_STEP][PASSED] - if (i > -1): null

03-03-2025T13:38:55 - [TEST_STEP][PASSED] - b = b.trim(): null

03-03-2025T13:38:55 - [TEST_STEP][PASSED] - println(b): null

03-03-2025T13:38:55 - [TEST_STEP][PASSED] - for ([planFact = 1, planFact < 3, (planFact++)]): Object: 'Object Repository/Выполнение бизнес-плана/Кнопка Факт' is clicked on

03-03-2025T13:38:55 - [TEST_STEP][PASSED] - if (planFact == 1): null

03-03-2025T13:38:55 - [TEST_STEP][PASSED] - typeOfDataMain = "Факт": null

03-03-2025T13:38:55 - [TEST_STEP][PASSED] - otpusk = findTestData("PlanFact").getValue(5, a): null

03-03-2025T13:38:55 - [TEST_STEP][PASSED] - poteri = findTestData("PlanFact").getValue(6, a): null

03-03-2025T13:38:55 - [TEST_STEP][PASSED] - otpusk = otpusk.replaceAll("\s+", ""): null

03-03-2025T13:38:55 - [TEST_STEP][PASSED] - poteri = poteri.replaceAll("\s+", ""): null

03-03-2025T13:38:55 - [TEST_STEP][PASSED] - typeOfData = typeOfDataMain + " Отпуск в сеть": null

03-03-2025T13:38:55 - [TEST_STEP][PASSED] - if (a == 82): null

03-03-2025T13:38:55 - [TEST_STEP][PASSED] - else if (a == 84): null

03-03-2025T13:38:55 - [TEST_STEP][PASSED] - else if (a == 83 || a == 52 || a == 72 || a == 28 || a == 73 || a == 77 || a == 74 || a == 65 || a == 36 || a == 44 || a == 53 || a == 80 || a == 54 || a == 1 || a == 18 || a == 59 || a == 81): null

03-03-2025T13:38:55 - [TEST_STEP][PASSED] - else: null

03-03-2025T13:38:55 - [TEST_STEP][PASSED] - path = dataFolder + typeOfData + " за отчётный период " + b: null

03-03-2025T13:38:55 - [TEST_STEP][PASSED] - println(path): null

03-03-2025T13:38:55 - [TEST_STEP][PASSED] - page = getText(findTestObject(path)): Text of object 'Object Repository/Выполнение бизнес-плана/Значения со страницы Выполнение бизнес-плана/Факт Отпуск в сеть за отчётный период Челябэнерго' is: '18 185 828'

03-03-2025T13:38:55 - [MESSAGE][PASSED] - Text of object 'Object Repository/Выполнение бизнес-плана/Значения со страницы Выполнение бизнес-плана/Факт Отпуск в сеть за отчётный период Челябэнерго' is: '18 185 828'

03-03-2025T13:38:55 - [TEST_STEP][PASSED] - if (page == "" || page == null): null

03-03-2025T13:38:55 - [TEST_STEP][PASSED] - else: null

03-03-2025T13:38:55 - [TEST_STEP][PASSED] - page = page.replaceAll("\s+", ""): null

03-03-2025T13:38:55 - [TEST_STEP][PASSED] - fileOtpuskVSet = otpusk.toInteger(): null

03-03-2025T13:38:55 - [TEST_STEP][PASSED] - pageOtpuskVSet = page.toInteger(): null

03-03-2025T13:38:55 - [TEST_STEP][PASSED] - typeOfData = typeOfDataMain + " Потери": null

03-03-2025T13:38:55 - [TEST_STEP][PASSED] - if (a == 82): null

03-03-2025T13:38:55 - [TEST_STEP][PASSED] - else if (a == 84): null

03-03-2025T13:38:55 - [TEST_STEP][PASSED] - else if (a == 83 || a == 52 || a == 72 || a == 28 || a == 73 || a == 77 || a == 74 || a == 65 || a == 44 || a == 53 || a == 80 || a == 54 || a == 1 || a == 18 || a == 59 || a == 81): null

03-03-2025T13:38:55 - [TEST_STEP][PASSED] - else: null

03-03-2025T13:38:55 - [TEST_STEP][PASSED] - path = dataFolder + typeOfData + " за отчётный период " + b: null

03-03-2025T13:38:55 - [TEST_STEP][PASSED] - page = getText(findTestObject(path)): Text of object 'Object Repository/Выполнение бизнес-плана/Значения со страницы Выполнение бизнес-плана/Факт Потери за отчётный период Челябэнерго' is: '1 475 135'

03-03-2025T13:38:56 - [MESSAGE][PASSED] - Text of object 'Object Repository/Выполнение бизнес-плана/Значения со страницы Выполнение бизнес-плана/Факт Потери за отчётный период Челябэнерго' is: '1 475 135'

03-03-2025T13:38:56 - [TEST_STEP][PASSED] - if (page == "" || page == null): null

03-03-2025T13:38:56 - [TEST_STEP][PASSED] - else: null

03-03-2025T13:38:56 - [TEST_STEP][PASSED] - page = page.replaceAll("\s+", ""): null

03-03-2025T13:38:56 - [TEST_STEP][PASSED] - filePoteri = poteri.toInteger(): null

03-03-2025T13:38:56 - [TEST_STEP][PASSED] - pagePoteri = page.toInteger(): null

03-03-2025T13:38:56 - [TEST_STEP][PASSED] - compare = pageOtpuskVSet: null

03-03-2025T13:38:56 - [TEST_STEP][PASSED] - if (pageOtpuskVSet != null): null

03-03-2025T13:38:56 - [TEST_STEP][PASSED] - if (compare == fileOtpuskVSet): null

03-03-2025T13:38:56 - [TEST_STEP][PASSED] - if (compare == fileOtpuskVSet): null

03-03-2025T13:38:56 - [TEST_STEP][PASSED] - compare = pagePoteri: null

03-03-2025T13:38:56 - [TEST_STEP][PASSED] - if (pageOtpuskVSet != null): null

03-03-2025T13:38:56 - [TEST_STEP][PASSED] - if (compare == filePoteri): null

03-03-2025T13:38:56 - [TEST_STEP][PASSED] - if (compare == filePoteri): null

03-03-2025T13:38:56 - [TEST_STEP][PASSED] - if (planFact == 2): null

03-03-2025T13:38:56 - [TEST_STEP][PASSED] - if (planFact == 1): null

03-03-2025T13:38:56 - [TEST_STEP][PASSED] - else if (planFact == 2): null

03-03-2025T13:38:56 - [TEST_STEP][PASSED] - click(findTestObject("Выполнение бизнес-плана/Кнопка План")): Object: 'Object Repository/Выполнение бизнес-плана/Кнопка План' is clicked on

03-03-2025T13:38:56 - [MESSAGE][PASSED] - Object: 'Object Repository/Выполнение бизнес-плана/Кнопка План' is clicked on

03-03-2025T13:38:56 - [TEST_STEP][PASSED] - typeOfDataMain = "План": null

03-03-2025T13:38:56 - [TEST_STEP][PASSED] - otpusk = findTestData("PlanFact").getValue(2, a): null

03-03-2025T13:38:56 - [TEST_STEP][PASSED] - poteri = findTestData("PlanFact").getValue(3, a): null

03-03-2025T13:38:56 - [TEST_STEP][PASSED] - otpusk = otpusk.replaceAll("\s+", ""): null

03-03-2025T13:38:56 - [TEST_STEP][PASSED] - poteri = poteri.replaceAll("\s+", ""): null

03-03-2025T13:38:56 - [TEST_STEP][PASSED] - typeOfData = typeOfDataMain + " Отпуск в сеть": null

03-03-2025T13:38:56 - [TEST_STEP][PASSED] - if (a == 82): null

03-03-2025T13:38:56 - [TEST_STEP][PASSED] - else if (a == 84): null

03-03-2025T13:38:56 - [TEST_STEP][PASSED] - else if (a == 83 || a == 52 || a == 72 || a == 28 || a == 73 || a == 77 || a == 74 || a == 65 || a == 36 || a == 44 || a == 53 || a == 80 || a == 54 || a == 1 || a == 18 || a == 59 || a == 81): null

03-03-2025T13:38:56 - [TEST_STEP][PASSED] - else: null

03-03-2025T13:38:56 - [TEST_STEP][PASSED] - path = dataFolder + typeOfData + " за отчётный период " + b: null

03-03-2025T13:38:56 - [TEST_STEP][PASSED] - println(path): null

03-03-2025T13:38:56 - [TEST_STEP][PASSED] - page = getText(findTestObject(path)): Text of object 'Object Repository/Выполнение бизнес-плана/Значения со страницы Выполнение бизнес-плана/План Отпуск в сеть за отчётный период Челябэнерго' is: '17 289 459'

03-03-2025T13:38:57 - [MESSAGE][PASSED] - Text of object 'Object Repository/Выполнение бизнес-плана/Значения со страницы Выполнение бизнес-плана/План Отпуск в сеть за отчётный период Челябэнерго' is: '17 289 459'

03-03-2025T13:38:57 - [TEST_STEP][PASSED] - if (page == "" || page == null): null

03-03-2025T13:38:57 - [TEST_STEP][PASSED] - else: null

03-03-2025T13:38:57 - [TEST_STEP][PASSED] - page = page.replaceAll("\s+", ""): null

03-03-2025T13:38:57 - [TEST_STEP][PASSED] - fileOtpuskVSet = otpusk.toInteger(): null

03-03-2025T13:38:57 - [TEST_STEP][PASSED] - pageOtpuskVSet = page.toInteger(): null

03-03-2025T13:38:57 - [TEST_STEP][PASSED] - typeOfData = typeOfDataMain + " Потери": null

03-03-2025T13:38:57 - [TEST_STEP][PASSED] - if (a == 82): null

03-03-2025T13:38:57 - [TEST_STEP][PASSED] - else if (a == 84): null

03-03-2025T13:38:57 - [TEST_STEP][PASSED] - else if (a == 83 || a == 52 || a == 72 || a == 28 || a == 73 || a == 77 || a == 74 || a == 65 || a == 44 || a == 53 || a == 80 || a == 54 || a == 1 || a == 18 || a == 59 || a == 81): null

03-03-2025T13:38:57 - [TEST_STEP][PASSED] - else: null

03-03-2025T13:38:57 - [TEST_STEP][PASSED] - path = dataFolder + typeOfData + " за отчётный период " + b: null

03-03-2025T13:38:57 - [TEST_STEP][PASSED] - page = getText(findTestObject(path)): Text of object 'Object Repository/Выполнение бизнес-плана/Значения со страницы Выполнение бизнес-плана/План Потери за отчётный период Челябэнерго' is: '1 470 456'

03-03-2025T13:38:57 - [MESSAGE][PASSED] - Text of object 'Object Repository/Выполнение бизнес-плана/Значения со страницы Выполнение бизнес-плана/План Потери за отчётный период Челябэнерго' is: '1 470 456'

03-03-2025T13:38:57 - [TEST_STEP][PASSED] - if (page == "" || page == null): null

03-03-2025T13:38:57 - [TEST_STEP][PASSED] - else: null

03-03-2025T13:38:57 - [TEST_STEP][PASSED] - page = page.replaceAll("\s+", ""): null

03-03-2025T13:38:57 - [TEST_STEP][PASSED] - filePoteri = poteri.toInteger(): null

03-03-2025T13:38:57 - [TEST_STEP][PASSED] - pagePoteri = page.toInteger(): null

03-03-2025T13:38:57 - [TEST_STEP][PASSED] - compare = pageOtpuskVSet: null

03-03-2025T13:38:57 - [TEST_STEP][PASSED] - if (pageOtpuskVSet != null): null

03-03-2025T13:38:57 - [TEST_STEP][PASSED] - if (compare == fileOtpuskVSet): null

03-03-2025T13:38:57 - [TEST_STEP][PASSED] - if (compare == fileOtpuskVSet): null

03-03-2025T13:38:57 - [TEST_STEP][PASSED] - compare = pagePoteri: null

03-03-2025T13:38:57 - [TEST_STEP][PASSED] - if (pageOtpuskVSet != null): null

03-03-2025T13:38:57 - [TEST_STEP][PASSED] - if (compare == filePoteri): null

03-03-2025T13:38:57 - [TEST_STEP][PASSED] - if (compare == filePoteri): null

03-03-2025T13:38:57 - [TEST_STEP][PASSED] - if (planFact == 2): Object: 'Object Repository/Выполнение бизнес-плана/Кнопка Факт' is clicked on

03-03-2025T13:38:57 - [TEST_STEP][PASSED] - click(findTestObject("Выполнение бизнес-плана/Кнопка Факт")): Object: 'Object Repository/Выполнение бизнес-плана/Кнопка Факт' is clicked on

03-03-2025T13:38:57 - [MESSAGE][PASSED] - Object: 'Object Repository/Выполнение бизнес-плана/Кнопка Факт' is clicked on

03-03-2025T13:38:57 - [TEST_STEP][PASSED] - println("a=" + a): null

03-03-2025T13:38:57 - [TEST_STEP][PASSED] - if (a == 84 || a == 82): null

03-03-2025T13:38:57 - [TEST_STEP][PASSED] - else if (a == 83 || a == 52 || a == 72 || a == 28 || a == 73 || a == 77 || a == 74 || a == 65 || a == 36 || a == 44 || a == 53 || a == 80 || a == 54 || a == 1 || a == 18 || a == 59 || a == 81): null

03-03-2025T13:38:57 - [TEST_STEP][PASSED] - else: null

03-03-2025T13:38:57 - [TEST_STEP][PASSED] - page1 = getText(findTestObject("Object Repository/Выполнение бизнес-плана/spanPlan" + filialNum)): Text of object 'Object Repository/Выполнение бизнес-плана/spanPlan4' is: '8.50
|'

03-03-2025T13:38:58 - [MESSAGE][PASSED] - Text of object 'Object Repository/Выполнение бизнес-плана/spanPlan4' is: '8.50
|'

03-03-2025T13:38:58 - [TEST_STEP][PASSED] - page1 = page1.replace("|", ""): null

03-03-2025T13:38:58 - [TEST_STEP][PASSED] - page2 = getText(findTestObject("Object Repository/Выполнение бизнес-плана/spanFact" + filialNum)): Text of object 'Object Repository/Выполнение бизнес-плана/spanFact4' is: '8.11
|'

03-03-2025T13:38:58 - [MESSAGE][PASSED] - Text of object 'Object Repository/Выполнение бизнес-плана/spanFact4' is: '8.11
|'

03-03-2025T13:38:58 - [TEST_STEP][PASSED] - page2 = page2.replace("|", ""): null

03-03-2025T13:38:58 - [TEST_STEP][PASSED] - println("page1: " + page1): null

03-03-2025T13:38:58 - [TEST_STEP][PASSED] - println("page2: " + page2): null

03-03-2025T13:38:58 - [TEST_STEP][PASSED] - file = findTestData("PlanFact").getValue(4, a): null

03-03-2025T13:38:58 - [TEST_STEP][PASSED] - file = file.replace(",", "."): null

03-03-2025T13:38:58 - [TEST_STEP][PASSED] - println("file Plan: " + file): null

03-03-2025T13:38:58 - [TEST_STEP][PASSED] - typeOfData = "План в процентах": null

03-03-2025T13:38:58 - [TEST_STEP][PASSED] - fileDouble = file.toDouble(): null

03-03-2025T13:38:58 - [TEST_STEP][PASSED] - pageDouble = page1.toDouble(): null

03-03-2025T13:38:58 - [TEST_STEP][PASSED] - if (fileDouble != pageDouble): null

03-03-2025T13:38:58 - [TEST_STEP][PASSED] - file = findTestData("PlanFact").getValue(7, a): null

03-03-2025T13:38:58 - [TEST_STEP][PASSED] - file = file.replace(",", "."): null

03-03-2025T13:38:58 - [TEST_STEP][PASSED] - println("file Fact: " + file): null

03-03-2025T13:38:58 - [TEST_STEP][PASSED] - fileDouble = file.toDouble(): null

03-03-2025T13:38:58 - [TEST_STEP][PASSED] - typeOfData = "Факт в процентах": null

03-03-2025T13:38:58 - [TEST_STEP][PASSED] - fileDouble = file.toDouble(): null

03-03-2025T13:38:58 - [TEST_STEP][PASSED] - pageDouble = page2.toDouble(): null

03-03-2025T13:38:58 - [TEST_STEP][PASSED] - if (fileDouble != pageDouble): null

03-03-2025T13:38:58 - [TEST_STEP][PASSED] - if (verifyEqual(numberOfErrors, 0) == false): Actual object '0' and expected object '0' are equal

03-03-2025T13:38:58 - [MESSAGE][PASSED] - Actual object '0' and expected object '0' are equal

03-03-2025T13:38:58 - [TEST_STEP][PASSED] - if (a == 82): null

03-03-2025T13:38:58 - [TEST_STEP][PASSED] - filialNum = 0: null

03-03-2025T13:38:58 - [TEST_STEP][PASSED] - if (a == 59): null

03-03-2025T13:38:58 - [TEST_STEP][PASSED] - Script1718980020443.OpenFilter(): null

03-03-2025T13:38:58 - [TEST_STEP][PASSED] - click(findTestObject("Object Repository/Выполнение бизнес-плана/Фильтр ДЗО")): Object: 'Object Repository/Выполнение бизнес-плана/Фильтр ДЗО' is clicked on

03-03-2025T13:38:59 - [MESSAGE][PASSED] - Object: 'Object Repository/Выполнение бизнес-плана/Фильтр ДЗО' is clicked on

03-03-2025T13:38:59 - [TEST_STEP][PASSED] - click(findTestObject("Выполнение бизнес-плана/Снять выделение в фильтре ДЗО")): Object: 'Object Repository/Выполнение бизнес-плана/Снять выделение в фильтре ДЗО' is clicked on

03-03-2025T13:38:59 - [MESSAGE][PASSED] - Object: 'Object Repository/Выполнение бизнес-плана/Снять выделение в фильтре ДЗО' is clicked on

03-03-2025T13:38:59 - [TEST_STEP][PASSED] - Script1718980020443.CloseFilter(): null

03-03-2025T13:38:59 - [TEST_STEP][PASSED] - scrollToElement(findTestObject("Выполнение бизнес-плана/Заголовок дашборда"), 30): Scroll to object 'Object Repository/Выполнение бизнес-плана/Заголовок дашборда' successfully

03-03-2025T13:39:00 - [MESSAGE][PASSED] - Scroll to object 'Object Repository/Выполнение бизнес-плана/Заголовок дашборда' successfully

03-03-2025T13:39:00 - [TEST_STEP][PASSED] - click(findTestObject("Object Repository/Выполнение бизнес-плана/Применить в фильтре ДЗО")): Object: 'Object Repository/Выполнение бизнес-плана/Применить в фильтре ДЗО' is clicked on

03-03-2025T13:39:00 - [MESSAGE][PASSED] - Object: 'Object Repository/Выполнение бизнес-плана/Применить в фильтре ДЗО' is clicked on

03-03-2025T13:39:00 - [TEST_STEP][PASSED] - delay(60): Delayed 60 second(s)

03-03-2025T13:40:00 - [MESSAGE][PASSED] - Delayed 60 second(s)

03-03-2025T13:40:00 - [TEST_STEP][PASSED] - if (a == 82): null

03-03-2025T13:40:00 - [TEST_STEP][PASSED] - println(dzoNum): null

03-03-2025T13:40:00 - [TEST_STEP][PASSED] - dZO = "Россети Центр (ГК)": null

03-03-2025T13:40:00 - [TEST_STEP][PASSED] - a = 1: null

03-03-2025T13:40:00 - [TEST_STEP][PASSED] - if (x1.contains("Центр (ГК)") || x1.contains("Центр(ГК)")): null

03-03-2025T13:40:00 - [TEST_STEP][PASSED] - dzoNum = dzoNum + 1: null

03-03-2025T13:40:00 - [TEST_STEP][PASSED] - Script1718980020443.Numbers(a, typeOfData, todaysDate, pageInt, fileInt, pageDouble, fileDouble, dZO, dzoNum, filialNum): null

03-03-2025T13:40:00 - [TEST_STEP][PASSED] - println(dzoNum): null

03-03-2025T13:40:00 - [TEST_STEP][PASSED] - planFact = <not implemented yet for class: org.codehaus.groovy.ast.expr.EmptyExpression>: null

03-03-2025T13:40:00 - [TEST_STEP][PASSED] - page = <not implemented yet for class: org.codehaus.groovy.ast.expr.EmptyExpression>: null

03-03-2025T13:40:00 - [TEST_STEP][PASSED] - page1 = <not implemented yet for class: org.codehaus.groovy.ast.expr.EmptyExpression>: null

03-03-2025T13:40:00 - [TEST_STEP][PASSED] - page2 = <not implemented yet for class: org.codehaus.groovy.ast.expr.EmptyExpression>: null

03-03-2025T13:40:00 - [TEST_STEP][PASSED] - filialNumberInRow = <not implemented yet for class: org.codehaus.groovy.ast.expr.EmptyExpression>: null

03-03-2025T13:40:00 - [TEST_STEP][PASSED] - filialsDzoNames = <not implemented yet for class: org.codehaus.groovy.ast.expr.EmptyExpression>: null

03-03-2025T13:40:00 - [TEST_STEP][PASSED] - numberOfFilials = <not implemented yet for class: org.codehaus.groovy.ast.expr.EmptyExpression>: null

03-03-2025T13:40:00 - [TEST_STEP][PASSED] - numberOfSpaces = <not implemented yet for class: org.codehaus.groovy.ast.expr.EmptyExpression>: null

03-03-2025T13:40:00 - [TEST_STEP][PASSED] - file = <not implemented yet for class: org.codehaus.groovy.ast.expr.EmptyExpression>: null

03-03-2025T13:40:00 - [TEST_STEP][PASSED] - otpusk = <not implemented yet for class: org.codehaus.groovy.ast.expr.EmptyExpression>: null

03-03-2025T13:40:00 - [TEST_STEP][PASSED] - poteri = <not implemented yet for class: org.codehaus.groovy.ast.expr.EmptyExpression>: null

03-03-2025T13:40:00 - [TEST_STEP][PASSED] - dataFolder = "Выполнение бизнес-плана/Значения со страницы Выполнение бизнес-плана/": null

03-03-2025T13:40:00 - [TEST_STEP][PASSED] - path = <not implemented yet for class: org.codehaus.groovy.ast.expr.EmptyExpression>: null

03-03-2025T13:40:00 - [TEST_STEP][PASSED] - typeOfDataMain = <not implemented yet for class: org.codehaus.groovy.ast.expr.EmptyExpression>: null

03-03-2025T13:40:00 - [TEST_STEP][PASSED] - fileOtpuskVSet = <not implemented yet for class: org.codehaus.groovy.ast.expr.EmptyExpression>: null

03-03-2025T13:40:00 - [TEST_STEP][PASSED] - pageOtpuskVSet = <not implemented yet for class: org.codehaus.groovy.ast.expr.EmptyExpression>: null

03-03-2025T13:40:00 - [TEST_STEP][PASSED] - filePoteri = <not implemented yet for class: org.codehaus.groovy.ast.expr.EmptyExpression>: null

03-03-2025T13:40:00 - [TEST_STEP][PASSED] - pagePoteri = <not implemented yet for class: org.codehaus.groovy.ast.expr.EmptyExpression>: null

03-03-2025T13:40:00 - [TEST_STEP][PASSED] - compare = <not implemented yet for class: org.codehaus.groovy.ast.expr.EmptyExpression>: null

03-03-2025T13:40:00 - [TEST_STEP][PASSED] - b = <not implemented yet for class: org.codehaus.groovy.ast.expr.EmptyExpression>: null

03-03-2025T13:40:00 - [TEST_STEP][PASSED] - i = <not implemented yet for class: org.codehaus.groovy.ast.expr.EmptyExpression>: null

03-03-2025T13:40:00 - [TEST_STEP][PASSED] - ii = <not implemented yet for class: org.codehaus.groovy.ast.expr.EmptyExpression>: null

03-03-2025T13:40:00 - [TEST_STEP][PASSED] - c = <not implemented yet for class: org.codehaus.groovy.ast.expr.EmptyExpression>: null

03-03-2025T13:40:00 - [TEST_STEP][PASSED] - numberOfErrors = 0: null

03-03-2025T13:40:00 - [TEST_STEP][PASSED] - if (a == 82): null

03-03-2025T13:40:00 - [TEST_STEP][PASSED] - b = findTestData("PlanFact").getValue(1, a): null

03-03-2025T13:40:01 - [TEST_STEP][PASSED] - i = b.indexOf(" (ГК)"): null

03-03-2025T13:40:01 - [TEST_STEP][PASSED] - if (i > -1): null

03-03-2025T13:40:01 - [TEST_STEP][PASSED] - b = b.substring(0, i): null

03-03-2025T13:40:01 - [TEST_STEP][PASSED] - i = b.indexOf("О ""): null

03-03-2025T13:40:01 - [TEST_STEP][PASSED] - if (i > -1): null

03-03-2025T13:40:01 - [TEST_STEP][PASSED] - i = b.indexOf("О «"): null

03-03-2025T13:40:01 - [TEST_STEP][PASSED] - if (i > -1): null

03-03-2025T13:40:01 - [TEST_STEP][PASSED] - i = b.indexOf("г. "): null

03-03-2025T13:40:01 - [TEST_STEP][PASSED] - if (i > -1): null

03-03-2025T13:40:01 - [TEST_STEP][PASSED] - b = b.trim(): null

03-03-2025T13:40:01 - [TEST_STEP][PASSED] - println(b): null

03-03-2025T13:40:01 - [TEST_STEP][PASSED] - for ([planFact = 1, planFact < 3, (planFact++)]): null

03-03-2025T13:40:01 - [TEST_STEP][PASSED] - if (planFact == 1): null

03-03-2025T13:40:01 - [TEST_STEP][PASSED] - typeOfDataMain = "Факт": null

03-03-2025T13:40:01 - [TEST_STEP][PASSED] - otpusk = findTestData("PlanFact").getValue(5, a): null

03-03-2025T13:40:01 - [TEST_STEP][PASSED] - poteri = findTestData("PlanFact").getValue(6, a): null

03-03-2025T13:40:01 - [TEST_STEP][PASSED] - otpusk = otpusk.replaceAll("\s+", ""): null

03-03-2025T13:40:01 - [TEST_STEP][PASSED] - poteri = poteri.replaceAll("\s+", ""): null

03-03-2025T13:40:01 - [TEST_STEP][PASSED] - typeOfData = typeOfDataMain + " Отпуск в сеть": null

03-03-2025T13:40:01 - [TEST_STEP][PASSED] - if (a == 82): null

03-03-2025T13:40:01 - [TEST_STEP][PASSED] - else if (a == 84): null

03-03-2025T13:40:01 - [TEST_STEP][PASSED] - else if (a == 83 || a == 52 || a == 72 || a == 28 || a == 73 || a == 77 || a == 74 || a == 65 || a == 36 || a == 44 || a == 53 || a == 80 || a == 54 || a == 1 || a == 18 || a == 59 || a == 81): null

03-03-2025T13:40:01 - [TEST_STEP][PASSED] - path = dataFolder + "Table Data/" + typeOfData + " за отчётный период " + dzoNum: null

03-03-2025T13:40:01 - [TEST_STEP][PASSED] - println(path): null

03-03-2025T13:40:01 - [TEST_STEP][PASSED] - page = getText(findTestObject(path)): Text of object 'Object Repository/Выполнение бизнес-плана/Значения со страницы Выполнение бизнес-плана/Table Data/Факт Отпуск в сеть за отчётный период 14' is: '61 308 908'

03-03-2025T13:40:01 - [MESSAGE][PASSED] - Text of object 'Object Repository/Выполнение бизнес-плана/Значения со страницы Выполнение бизнес-плана/Table Data/Факт Отпуск в сеть за отчётный период 14' is: '61 308 908'

03-03-2025T13:40:01 - [TEST_STEP][PASSED] - if (page == "" || page == null): null

03-03-2025T13:40:01 - [TEST_STEP][PASSED] - else: null

03-03-2025T13:40:01 - [TEST_STEP][PASSED] - page = page.replaceAll("\s+", ""): null

03-03-2025T13:40:01 - [TEST_STEP][PASSED] - fileOtpuskVSet = otpusk.toInteger(): null

03-03-2025T13:40:01 - [TEST_STEP][PASSED] - pageOtpuskVSet = page.toInteger(): null

03-03-2025T13:40:01 - [TEST_STEP][PASSED] - typeOfData = typeOfDataMain + " Потери": null

03-03-2025T13:40:01 - [TEST_STEP][PASSED] - if (a == 82): null

03-03-2025T13:40:01 - [TEST_STEP][PASSED] - else if (a == 84): null

03-03-2025T13:40:01 - [TEST_STEP][PASSED] - else if (a == 83 || a == 52 || a == 72 || a == 28 || a == 73 || a == 77 || a == 74 || a == 65 || a == 44 || a == 53 || a == 80 || a == 54 || a == 1 || a == 18 || a == 59 || a == 81): null

03-03-2025T13:40:01 - [TEST_STEP][PASSED] - path = dataFolder + "Table Data/" + typeOfData + " за отчётный период " + dzoNum: null

03-03-2025T13:40:01 - [TEST_STEP][PASSED] - page = getText(findTestObject(path)): Text of object 'Object Repository/Выполнение бизнес-плана/Значения со страницы Выполнение бизнес-плана/Table Data/Факт Потери за отчётный период 14' is: '6 239 354'

03-03-2025T13:40:01 - [MESSAGE][PASSED] - Text of object 'Object Repository/Выполнение бизнес-плана/Значения со страницы Выполнение бизнес-плана/Table Data/Факт Потери за отчётный период 14' is: '6 239 354'

03-03-2025T13:40:01 - [TEST_STEP][PASSED] - if (page == "" || page == null): null

03-03-2025T13:40:01 - [TEST_STEP][PASSED] - else: null

03-03-2025T13:40:01 - [TEST_STEP][PASSED] - page = page.replaceAll("\s+", ""): null

03-03-2025T13:40:01 - [TEST_STEP][PASSED] - filePoteri = poteri.toInteger(): null

03-03-2025T13:40:01 - [TEST_STEP][PASSED] - pagePoteri = page.toInteger(): null

03-03-2025T13:40:01 - [TEST_STEP][PASSED] - compare = pageOtpuskVSet: null

03-03-2025T13:40:01 - [TEST_STEP][PASSED] - if (pageOtpuskVSet != null): null

03-03-2025T13:40:01 - [TEST_STEP][PASSED] - if (compare == fileOtpuskVSet): null

03-03-2025T13:40:01 - [TEST_STEP][PASSED] - else if (compare > fileOtpuskVSet): null

03-03-2025T13:40:01 - [TEST_STEP][PASSED] - else if (compare < fileOtpuskVSet): null

03-03-2025T13:40:01 - [TEST_STEP][PASSED] - compare = compare + 1: null

03-03-2025T13:40:01 - [TEST_STEP][PASSED] - if (compare == fileOtpuskVSet): null

03-03-2025T13:40:01 - [TEST_STEP][PASSED] - else: null

03-03-2025T13:40:01 - [TEST_STEP][PASSED] - numberOfErrors = numberOfErrors + 1: null

03-03-2025T13:40:01 - [TEST_STEP][PASSED] - pageInt = pageOtpuskVSet: null

03-03-2025T13:40:01 - [TEST_STEP][PASSED] - fileInt = fileOtpuskVSet: null

03-03-2025T13:40:01 - [TEST_STEP][PASSED] - typeOfData = typeOfDataMain + " Отпуск в сеть": null

03-03-2025T13:40:01 - [TEST_STEP][PASSED] - Script1718980020443.WriteToExcel(a, typeOfData, todaysDate, pageInt, fileInt, pageDouble, fileDouble, dZO): null

03-03-2025T13:40:01 - [TEST_STEP][PASSED] - sheetName = "Sheet1": null

03-03-2025T13:40:01 - [TEST_STEP][PASSED] - data = findTestData("PlanFact"): null

03-03-2025T13:40:01 - [TEST_STEP][PASSED] - n = data.getRowNumbers() + 1: null

03-03-2025T13:40:01 - [TEST_STEP][PASSED] - day = ")).toInteger(): null

03-03-2025T13:40:01 - [TEST_STEP][PASSED] - println(day): null

03-03-2025T13:40:01 - [TEST_STEP][PASSED] - month = ")).toInteger(): null

03-03-2025T13:40:01 - [TEST_STEP][PASSED] - println(month): null

03-03-2025T13:40:01 - [TEST_STEP][PASSED] - y = <not implemented yet for class: org.codehaus.groovy.ast.expr.EmptyExpression>: null

03-03-2025T13:40:01 - [TEST_STEP][PASSED] - iy = <not implemented yet for class: org.codehaus.groovy.ast.expr.EmptyExpression>: null

03-03-2025T13:40:01 - [TEST_STEP][PASSED] - m = getText(findTestObject("Выполнение бизнес-плана/Период")): Text of object 'Object Repository/Выполнение бизнес-плана/Период' is: '2024 год'

03-03-2025T13:40:02 - [MESSAGE][PASSED] - Text of object 'Object Repository/Выполнение бизнес-плана/Период' is: '2024 год'

03-03-2025T13:40:02 - [TEST_STEP][PASSED] - iy = m.indexOf("20"): null

03-03-2025T13:40:02 - [TEST_STEP][PASSED] - if (iy > -1): null

03-03-2025T13:40:02 - [TEST_STEP][PASSED] - y = substring(iy, iy + 4).toInteger(): null

03-03-2025T13:40:02 - [TEST_STEP][PASSED] - println(y): null

03-03-2025T13:40:02 - [TEST_STEP][PASSED] - if (toString().length() == 4): null

03-03-2025T13:40:02 - [TEST_STEP][PASSED] - m = m.substring(0, m.indexOf(y.toString())): null

03-03-2025T13:40:02 - [TEST_STEP][PASSED] - m = m.trim(): null

03-03-2025T13:40:02 - [TEST_STEP][PASSED] - if (m == ""): null

03-03-2025T13:40:02 - [TEST_STEP][PASSED] - m = "весь год": null

03-03-2025T13:40:02 - [TEST_STEP][PASSED] - dashboardName = "Выполнение бизнес-плана": null

03-03-2025T13:40:02 - [TEST_STEP][PASSED] - workbook01 = getWorkbook(excelFilePath): null

03-03-2025T13:40:02 - [TEST_STEP][PASSED] - sheet01 = getExcelSheet(workbook01, sheetName): null

03-03-2025T13:40:02 - [TEST_STEP][PASSED] - setValueToCellByIndex(sheet01, n, 0, dashboardName): null

03-03-2025T13:40:02 - [TEST_STEP][PASSED] - setValueToCellByIndex(sheet01, n, 1, dZO): null

03-03-2025T13:40:02 - [TEST_STEP][PASSED] - setValueToCellByIndex(sheet01, n, 2, typeOfData): null

03-03-2025T13:40:02 - [TEST_STEP][PASSED] - if (typeOfData == "Факт в процентах" || typeOfData == "План в процентах"): null

03-03-2025T13:40:02 - [TEST_STEP][PASSED] - else: null

03-03-2025T13:40:02 - [TEST_STEP][PASSED] - setValueToCellByIndex(sheet01, n, 3, fileInt): null

03-03-2025T13:40:02 - [TEST_STEP][PASSED] - setValueToCellByIndex(sheet01, n, 4, pageInt): null

03-03-2025T13:40:02 - [TEST_STEP][PASSED] - setValueToCellByIndex(sheet01, n, 5, m): null

03-03-2025T13:40:02 - [TEST_STEP][PASSED] - setValueToCellByIndex(sheet01, n, 6, y): null

03-03-2025T13:40:02 - [TEST_STEP][PASSED] - setValueToCellByIndex(sheet01, n, 7, todaysDate): null

03-03-2025T13:40:02 - [TEST_STEP][PASSED] - n = n + 1: null

03-03-2025T13:40:02 - [TEST_STEP][PASSED] - saveWorkbook(excelFilePath, workbook01): null

03-03-2025T13:40:02 - [TEST_STEP][PASSED] - compare = pagePoteri: null

03-03-2025T13:40:02 - [TEST_STEP][PASSED] - if (pageOtpuskVSet != null): null

03-03-2025T13:40:02 - [TEST_STEP][PASSED] - if (compare == filePoteri): null

03-03-2025T13:40:02 - [TEST_STEP][PASSED] - else if (compare > filePoteri): null

03-03-2025T13:40:02 - [TEST_STEP][PASSED] - else if (compare < filePoteri): null

03-03-2025T13:40:02 - [TEST_STEP][PASSED] - compare = compare + 1: null

03-03-2025T13:40:02 - [TEST_STEP][PASSED] - if (compare == filePoteri): null

03-03-2025T13:40:02 - [TEST_STEP][PASSED] - else: null

03-03-2025T13:40:02 - [TEST_STEP][PASSED] - numberOfErrors = numberOfErrors + 1: null

03-03-2025T13:40:02 - [TEST_STEP][PASSED] - pageInt = pagePoteri: null

03-03-2025T13:40:02 - [TEST_STEP][PASSED] - fileInt = filePoteri: null

03-03-2025T13:40:02 - [TEST_STEP][PASSED] - typeOfData = typeOfDataMain + " Потери": null

03-03-2025T13:40:02 - [TEST_STEP][PASSED] - Script1718980020443.WriteToExcel(a, typeOfData, todaysDate, pageInt, fileInt, pageDouble, fileDouble, dZO): null

03-03-2025T13:40:02 - [TEST_STEP][PASSED] - sheetName = "Sheet1": null

03-03-2025T13:40:02 - [TEST_STEP][PASSED] - data = findTestData("PlanFact"): null

03-03-2025T13:40:02 - [TEST_STEP][PASSED] - n = data.getRowNumbers() + 1: null

03-03-2025T13:40:02 - [TEST_STEP][PASSED] - day = ")).toInteger(): null

03-03-2025T13:40:02 - [TEST_STEP][PASSED] - println(day): null

03-03-2025T13:40:02 - [TEST_STEP][PASSED] - month = ")).toInteger(): null

03-03-2025T13:40:02 - [TEST_STEP][PASSED] - println(month): null

03-03-2025T13:40:02 - [TEST_STEP][PASSED] - y = <not implemented yet for class: org.codehaus.groovy.ast.expr.EmptyExpression>: null

03-03-2025T13:40:02 - [TEST_STEP][PASSED] - iy = <not implemented yet for class: org.codehaus.groovy.ast.expr.EmptyExpression>: null

03-03-2025T13:40:02 - [TEST_STEP][PASSED] - m = getText(findTestObject("Выполнение бизнес-плана/Период")): Text of object 'Object Repository/Выполнение бизнес-плана/Период' is: '2024 год'

03-03-2025T13:40:02 - [MESSAGE][PASSED] - Text of object 'Object Repository/Выполнение бизнес-плана/Период' is: '2024 год'

03-03-2025T13:40:02 - [TEST_STEP][PASSED] - iy = m.indexOf("20"): null

03-03-2025T13:40:02 - [TEST_STEP][PASSED] - if (iy > -1): null

03-03-2025T13:40:02 - [TEST_STEP][PASSED] - y = substring(iy, iy + 4).toInteger(): null

03-03-2025T13:40:02 - [TEST_STEP][PASSED] - println(y): null

03-03-2025T13:40:02 - [TEST_STEP][PASSED] - if (toString().length() == 4): null

03-03-2025T13:40:02 - [TEST_STEP][PASSED] - m = m.substring(0, m.indexOf(y.toString())): null

03-03-2025T13:40:02 - [TEST_STEP][PASSED] - m = m.trim(): null

03-03-2025T13:40:02 - [TEST_STEP][PASSED] - if (m == ""): null

03-03-2025T13:40:02 - [TEST_STEP][PASSED] - m = "весь год": null

03-03-2025T13:40:02 - [TEST_STEP][PASSED] - dashboardName = "Выполнение бизнес-плана": null

03-03-2025T13:40:02 - [TEST_STEP][PASSED] - workbook01 = getWorkbook(excelFilePath): null

03-03-2025T13:40:02 - [TEST_STEP][PASSED] - sheet01 = getExcelSheet(workbook01, sheetName): null

03-03-2025T13:40:02 - [TEST_STEP][PASSED] - setValueToCellByIndex(sheet01, n, 0, dashboardName): null

03-03-2025T13:40:02 - [TEST_STEP][PASSED] - setValueToCellByIndex(sheet01, n, 1, dZO): null

03-03-2025T13:40:02 - [TEST_STEP][PASSED] - setValueToCellByIndex(sheet01, n, 2, typeOfData): null

03-03-2025T13:40:02 - [TEST_STEP][PASSED] - if (typeOfData == "Факт в процентах" || typeOfData == "План в процентах"): null

03-03-2025T13:40:02 - [TEST_STEP][PASSED] - else: null

03-03-2025T13:40:02 - [TEST_STEP][PASSED] - setValueToCellByIndex(sheet01, n, 3, fileInt): null

03-03-2025T13:40:02 - [TEST_STEP][PASSED] - setValueToCellByIndex(sheet01, n, 4, pageInt): null

03-03-2025T13:40:02 - [TEST_STEP][PASSED] - setValueToCellByIndex(sheet01, n, 5, m): null

03-03-2025T13:40:02 - [TEST_STEP][PASSED] - setValueToCellByIndex(sheet01, n, 6, y): null

03-03-2025T13:40:02 - [TEST_STEP][PASSED] - setValueToCellByIndex(sheet01, n, 7, todaysDate): null

03-03-2025T13:40:02 - [TEST_STEP][PASSED] - n = n + 1: null

03-03-2025T13:40:02 - [TEST_STEP][PASSED] - saveWorkbook(excelFilePath, workbook01): null

03-03-2025T13:40:03 - [TEST_STEP][PASSED] - if (planFact == 2): null

03-03-2025T13:40:03 - [TEST_STEP][PASSED] - if (planFact == 1): null

03-03-2025T13:40:03 - [TEST_STEP][PASSED] - else if (planFact == 2): null

03-03-2025T13:40:03 - [TEST_STEP][PASSED] - click(findTestObject("Выполнение бизнес-плана/Кнопка План")): Object: 'Object Repository/Выполнение бизнес-плана/Кнопка План' is clicked on

03-03-2025T13:40:03 - [MESSAGE][PASSED] - Object: 'Object Repository/Выполнение бизнес-плана/Кнопка План' is clicked on

03-03-2025T13:40:03 - [TEST_STEP][PASSED] - typeOfDataMain = "План": null

03-03-2025T13:40:03 - [TEST_STEP][PASSED] - otpusk = findTestData("PlanFact").getValue(2, a): null

03-03-2025T13:40:03 - [TEST_STEP][PASSED] - poteri = findTestData("PlanFact").getValue(3, a): null

03-03-2025T13:40:03 - [TEST_STEP][PASSED] - otpusk = otpusk.replaceAll("\s+", ""): null

03-03-2025T13:40:03 - [TEST_STEP][PASSED] - poteri = poteri.replaceAll("\s+", ""): null

03-03-2025T13:40:03 - [TEST_STEP][PASSED] - typeOfData = typeOfDataMain + " Отпуск в сеть": null

03-03-2025T13:40:03 - [TEST_STEP][PASSED] - if (a == 82): null

03-03-2025T13:40:03 - [TEST_STEP][PASSED] - else if (a == 84): null

03-03-2025T13:40:03 - [TEST_STEP][PASSED] - else if (a == 83 || a == 52 || a == 72 || a == 28 || a == 73 || a == 77 || a == 74 || a == 65 || a == 36 || a == 44 || a == 53 || a == 80 || a == 54 || a == 1 || a == 18 || a == 59 || a == 81): null

03-03-2025T13:40:03 - [TEST_STEP][PASSED] - path = dataFolder + "Table Data/" + typeOfData + " за отчётный период " + dzoNum: null

03-03-2025T13:40:03 - [TEST_STEP][PASSED] - println(path): null

03-03-2025T13:40:03 - [TEST_STEP][PASSED] - page = getText(findTestObject(path)): Text of object 'Object Repository/Выполнение бизнес-плана/Значения со страницы Выполнение бизнес-плана/Table Data/План Отпуск в сеть за отчётный период 14' is: '59 895 276'

03-03-2025T13:40:03 - [MESSAGE][PASSED] - Text of object 'Object Repository/Выполнение бизнес-плана/Значения со страницы Выполнение бизнес-плана/Table Data/План Отпуск в сеть за отчётный период 14' is: '59 895 276'

03-03-2025T13:40:03 - [TEST_STEP][PASSED] - if (page == "" || page == null): null

03-03-2025T13:40:03 - [TEST_STEP][PASSED] - else: null

03-03-2025T13:40:03 - [TEST_STEP][PASSED] - page = page.replaceAll("\s+", ""): null

03-03-2025T13:40:03 - [TEST_STEP][PASSED] - fileOtpuskVSet = otpusk.toInteger(): null

03-03-2025T13:40:03 - [TEST_STEP][PASSED] - pageOtpuskVSet = page.toInteger(): null

03-03-2025T13:40:03 - [TEST_STEP][PASSED] - typeOfData = typeOfDataMain + " Потери": null

03-03-2025T13:40:03 - [TEST_STEP][PASSED] - if (a == 82): null

03-03-2025T13:40:03 - [TEST_STEP][PASSED] - else if (a == 84): null

03-03-2025T13:40:03 - [TEST_STEP][PASSED] - else if (a == 83 || a == 52 || a == 72 || a == 28 || a == 73 || a == 77 || a == 74 || a == 65 || a == 44 || a == 53 || a == 80 || a == 54 || a == 1 || a == 18 || a == 59 || a == 81): null

03-03-2025T13:40:03 - [TEST_STEP][PASSED] - path = dataFolder + "Table Data/" + typeOfData + " за отчётный период " + dzoNum: null

03-03-2025T13:40:03 - [TEST_STEP][PASSED] - page = getText(findTestObject(path)): Text of object 'Object Repository/Выполнение бизнес-плана/Значения со страницы Выполнение бизнес-плана/Table Data/План Потери за отчётный период 14' is: '6 377 601'

03-03-2025T13:40:04 - [MESSAGE][PASSED] - Text of object 'Object Repository/Выполнение бизнес-плана/Значения со страницы Выполнение бизнес-плана/Table Data/План Потери за отчётный период 14' is: '6 377 601'

03-03-2025T13:40:04 - [TEST_STEP][PASSED] - if (page == "" || page == null): null

03-03-2025T13:40:04 - [TEST_STEP][PASSED] - else: null

03-03-2025T13:40:04 - [TEST_STEP][PASSED] - page = page.replaceAll("\s+", ""): null

03-03-2025T13:40:04 - [TEST_STEP][PASSED] - filePoteri = poteri.toInteger(): null

03-03-2025T13:40:04 - [TEST_STEP][PASSED] - pagePoteri = page.toInteger(): null

03-03-2025T13:40:04 - [TEST_STEP][PASSED] - compare = pageOtpuskVSet: null

03-03-2025T13:40:04 - [TEST_STEP][PASSED] - if (pageOtpuskVSet != null): null

03-03-2025T13:40:04 - [TEST_STEP][PASSED] - if (compare == fileOtpuskVSet): null

03-03-2025T13:40:04 - [TEST_STEP][PASSED] - else if (compare > fileOtpuskVSet): null

03-03-2025T13:40:04 - [TEST_STEP][PASSED] - compare = compare - 1: null

03-03-2025T13:40:04 - [TEST_STEP][PASSED] - if (compare == fileOtpuskVSet): null

03-03-2025T13:40:04 - [TEST_STEP][PASSED] - else: null

03-03-2025T13:40:04 - [TEST_STEP][PASSED] - numberOfErrors = numberOfErrors + 1: null

03-03-2025T13:40:04 - [TEST_STEP][PASSED] - pageInt = pageOtpuskVSet: null

03-03-2025T13:40:04 - [TEST_STEP][PASSED] - fileInt = fileOtpuskVSet: null

03-03-2025T13:40:04 - [TEST_STEP][PASSED] - typeOfData = typeOfDataMain + " Отпуск в сеть": null

03-03-2025T13:40:04 - [TEST_STEP][PASSED] - Script1718980020443.WriteToExcel(a, typeOfData, todaysDate, pageInt, fileInt, pageDouble, fileDouble, dZO): null

03-03-2025T13:40:04 - [TEST_STEP][PASSED] - sheetName = "Sheet1": null

03-03-2025T13:40:04 - [TEST_STEP][PASSED] - data = findTestData("PlanFact"): null

03-03-2025T13:40:04 - [TEST_STEP][PASSED] - n = data.getRowNumbers() + 1: null

03-03-2025T13:40:04 - [TEST_STEP][PASSED] - day = ")).toInteger(): null

03-03-2025T13:40:04 - [TEST_STEP][PASSED] - println(day): null

03-03-2025T13:40:04 - [TEST_STEP][PASSED] - month = ")).toInteger(): null

03-03-2025T13:40:04 - [TEST_STEP][PASSED] - println(month): null

03-03-2025T13:40:04 - [TEST_STEP][PASSED] - y = <not implemented yet for class: org.codehaus.groovy.ast.expr.EmptyExpression>: null

03-03-2025T13:40:04 - [TEST_STEP][PASSED] - iy = <not implemented yet for class: org.codehaus.groovy.ast.expr.EmptyExpression>: null

03-03-2025T13:40:04 - [TEST_STEP][PASSED] - m = getText(findTestObject("Выполнение бизнес-плана/Период")): Text of object 'Object Repository/Выполнение бизнес-плана/Период' is: '2024 год'

03-03-2025T13:40:04 - [MESSAGE][PASSED] - Text of object 'Object Repository/Выполнение бизнес-плана/Период' is: '2024 год'

03-03-2025T13:40:04 - [TEST_STEP][PASSED] - iy = m.indexOf("20"): null

03-03-2025T13:40:04 - [TEST_STEP][PASSED] - if (iy > -1): null

03-03-2025T13:40:04 - [TEST_STEP][PASSED] - y = substring(iy, iy + 4).toInteger(): null

03-03-2025T13:40:04 - [TEST_STEP][PASSED] - println(y): null

03-03-2025T13:40:04 - [TEST_STEP][PASSED] - if (toString().length() == 4): null

03-03-2025T13:40:04 - [TEST_STEP][PASSED] - m = m.substring(0, m.indexOf(y.toString())): null

03-03-2025T13:40:04 - [TEST_STEP][PASSED] - m = m.trim(): null

03-03-2025T13:40:04 - [TEST_STEP][PASSED] - if (m == ""): null

03-03-2025T13:40:04 - [TEST_STEP][PASSED] - m = "весь год": null

03-03-2025T13:40:04 - [TEST_STEP][PASSED] - dashboardName = "Выполнение бизнес-плана": null

03-03-2025T13:40:04 - [TEST_STEP][PASSED] - workbook01 = getWorkbook(excelFilePath): null

03-03-2025T13:40:04 - [TEST_STEP][PASSED] - sheet01 = getExcelSheet(workbook01, sheetName): null

03-03-2025T13:40:04 - [TEST_STEP][PASSED] - setValueToCellByIndex(sheet01, n, 0, dashboardName): null

03-03-2025T13:40:04 - [TEST_STEP][PASSED] - setValueToCellByIndex(sheet01, n, 1, dZO): null

03-03-2025T13:40:04 - [TEST_STEP][PASSED] - setValueToCellByIndex(sheet01, n, 2, typeOfData): null

03-03-2025T13:40:04 - [TEST_STEP][PASSED] - if (typeOfData == "Факт в процентах" || typeOfData == "План в процентах"): null

03-03-2025T13:40:04 - [TEST_STEP][PASSED] - else: null

03-03-2025T13:40:04 - [TEST_STEP][PASSED] - setValueToCellByIndex(sheet01, n, 3, fileInt): null

03-03-2025T13:40:04 - [TEST_STEP][PASSED] - setValueToCellByIndex(sheet01, n, 4, pageInt): null

03-03-2025T13:40:04 - [TEST_STEP][PASSED] - setValueToCellByIndex(sheet01, n, 5, m): null

03-03-2025T13:40:04 - [TEST_STEP][PASSED] - setValueToCellByIndex(sheet01, n, 6, y): null

03-03-2025T13:40:04 - [TEST_STEP][PASSED] - setValueToCellByIndex(sheet01, n, 7, todaysDate): null

03-03-2025T13:40:04 - [TEST_STEP][PASSED] - n = n + 1: null

03-03-2025T13:40:04 - [TEST_STEP][PASSED] - saveWorkbook(excelFilePath, workbook01): null

03-03-2025T13:40:04 - [TEST_STEP][PASSED] - compare = pagePoteri: null

03-03-2025T13:40:04 - [TEST_STEP][PASSED] - if (pageOtpuskVSet != null): null

03-03-2025T13:40:04 - [TEST_STEP][PASSED] - if (compare == filePoteri): null

03-03-2025T13:40:04 - [TEST_STEP][PASSED] - else if (compare > filePoteri): null

03-03-2025T13:40:04 - [TEST_STEP][PASSED] - compare = compare - 1: null

03-03-2025T13:40:04 - [TEST_STEP][PASSED] - if (compare == filePoteri): null

03-03-2025T13:40:04 - [TEST_STEP][PASSED] - else: null

03-03-2025T13:40:04 - [TEST_STEP][PASSED] - numberOfErrors = numberOfErrors + 1: null

03-03-2025T13:40:04 - [TEST_STEP][PASSED] - pageInt = pagePoteri: null

03-03-2025T13:40:04 - [TEST_STEP][PASSED] - fileInt = filePoteri: null

03-03-2025T13:40:04 - [TEST_STEP][PASSED] - typeOfData = typeOfDataMain + " Потери": null

03-03-2025T13:40:04 - [TEST_STEP][PASSED] - Script1718980020443.WriteToExcel(a, typeOfData, todaysDate, pageInt, fileInt, pageDouble, fileDouble, dZO): null

03-03-2025T13:40:04 - [TEST_STEP][PASSED] - sheetName = "Sheet1": null

03-03-2025T13:40:04 - [TEST_STEP][PASSED] - data = findTestData("PlanFact"): null

03-03-2025T13:40:04 - [TEST_STEP][PASSED] - n = data.getRowNumbers() + 1: null

03-03-2025T13:40:04 - [TEST_STEP][PASSED] - day = ")).toInteger(): null

03-03-2025T13:40:04 - [TEST_STEP][PASSED] - println(day): null

03-03-2025T13:40:04 - [TEST_STEP][PASSED] - month = ")).toInteger(): null

03-03-2025T13:40:04 - [TEST_STEP][PASSED] - println(month): null

03-03-2025T13:40:04 - [TEST_STEP][PASSED] - y = <not implemented yet for class: org.codehaus.groovy.ast.expr.EmptyExpression>: null

03-03-2025T13:40:04 - [TEST_STEP][PASSED] - iy = <not implemented yet for class: org.codehaus.groovy.ast.expr.EmptyExpression>: null

03-03-2025T13:40:04 - [TEST_STEP][PASSED] - m = getText(findTestObject("Выполнение бизнес-плана/Период")): Text of object 'Object Repository/Выполнение бизнес-плана/Период' is: '2024 год'

03-03-2025T13:40:05 - [MESSAGE][PASSED] - Text of object 'Object Repository/Выполнение бизнес-плана/Период' is: '2024 год'

03-03-2025T13:40:05 - [TEST_STEP][PASSED] - iy = m.indexOf("20"): null

03-03-2025T13:40:05 - [TEST_STEP][PASSED] - if (iy > -1): null

03-03-2025T13:40:05 - [TEST_STEP][PASSED] - y = substring(iy, iy + 4).toInteger(): null

03-03-2025T13:40:05 - [TEST_STEP][PASSED] - println(y): null

03-03-2025T13:40:05 - [TEST_STEP][PASSED] - if (toString().length() == 4): null

03-03-2025T13:40:05 - [TEST_STEP][PASSED] - m = m.substring(0, m.indexOf(y.toString())): null

03-03-2025T13:40:05 - [TEST_STEP][PASSED] - m = m.trim(): null

03-03-2025T13:40:05 - [TEST_STEP][PASSED] - if (m == ""): null

03-03-2025T13:40:05 - [TEST_STEP][PASSED] - m = "весь год": null

03-03-2025T13:40:05 - [TEST_STEP][PASSED] - dashboardName = "Выполнение бизнес-плана": null

03-03-2025T13:40:05 - [TEST_STEP][PASSED] - workbook01 = getWorkbook(excelFilePath): null

03-03-2025T13:40:05 - [TEST_STEP][PASSED] - sheet01 = getExcelSheet(workbook01, sheetName): null

03-03-2025T13:40:05 - [TEST_STEP][PASSED] - setValueToCellByIndex(sheet01, n, 0, dashboardName): null

03-03-2025T13:40:05 - [TEST_STEP][PASSED] - setValueToCellByIndex(sheet01, n, 1, dZO): null

03-03-2025T13:40:05 - [TEST_STEP][PASSED] - setValueToCellByIndex(sheet01, n, 2, typeOfData): null

03-03-2025T13:40:05 - [TEST_STEP][PASSED] - if (typeOfData == "Факт в процентах" || typeOfData == "План в процентах"): null

03-03-2025T13:40:05 - [TEST_STEP][PASSED] - else: null

03-03-2025T13:40:05 - [TEST_STEP][PASSED] - setValueToCellByIndex(sheet01, n, 3, fileInt): null

03-03-2025T13:40:05 - [TEST_STEP][PASSED] - setValueToCellByIndex(sheet01, n, 4, pageInt): null

03-03-2025T13:40:05 - [TEST_STEP][PASSED] - setValueToCellByIndex(sheet01, n, 5, m): null

03-03-2025T13:40:05 - [TEST_STEP][PASSED] - setValueToCellByIndex(sheet01, n, 6, y): null

03-03-2025T13:40:05 - [TEST_STEP][PASSED] - setValueToCellByIndex(sheet01, n, 7, todaysDate): null

03-03-2025T13:40:05 - [TEST_STEP][PASSED] - n = n + 1: null

03-03-2025T13:40:05 - [TEST_STEP][PASSED] - saveWorkbook(excelFilePath, workbook01): Object: 'Object Repository/Выполнение бизнес-плана/Кнопка Факт' is clicked on

03-03-2025T13:40:05 - [TEST_STEP][PASSED] - if (planFact == 2): Object: 'Object Repository/Выполнение бизнес-плана/Кнопка Факт' is clicked on

03-03-2025T13:40:05 - [TEST_STEP][PASSED] - click(findTestObject("Выполнение бизнес-плана/Кнопка Факт")): Object: 'Object Repository/Выполнение бизнес-плана/Кнопка Факт' is clicked on

03-03-2025T13:40:05 - [MESSAGE][PASSED] - Object: 'Object Repository/Выполнение бизнес-плана/Кнопка Факт' is clicked on

03-03-2025T13:40:05 - [TEST_STEP][PASSED] - println("a=" + a): null

03-03-2025T13:40:05 - [TEST_STEP][PASSED] - if (a == 84 || a == 82): null

03-03-2025T13:40:05 - [TEST_STEP][PASSED] - else if (a == 83 || a == 52 || a == 72 || a == 28 || a == 73 || a == 77 || a == 74 || a == 65 || a == 36 || a == 44 || a == 53 || a == 80 || a == 54 || a == 1 || a == 18 || a == 59 || a == 81): null

03-03-2025T13:40:05 - [TEST_STEP][PASSED] - page1 = getText(findTestObject("Object Repository/Выполнение бизнес-плана/spanPlan" + dzoNum)): Text of object 'Object Repository/Выполнение бизнес-плана/spanPlan14' is: '10.65
|'

03-03-2025T13:40:05 - [MESSAGE][PASSED] - Text of object 'Object Repository/Выполнение бизнес-плана/spanPlan14' is: '10.65
|'

03-03-2025T13:40:05 - [TEST_STEP][PASSED] - page1 = page1.replace("|", ""): null

03-03-2025T13:40:05 - [TEST_STEP][PASSED] - page2 = getText(findTestObject("Object Repository/Выполнение бизнес-плана/spanFact" + dzoNum)): Text of object 'Object Repository/Выполнение бизнес-плана/spanFact14' is: '10.18'

03-03-2025T13:40:06 - [MESSAGE][PASSED] - Text of object 'Object Repository/Выполнение бизнес-плана/spanFact14' is: '10.18'

03-03-2025T13:40:06 - [TEST_STEP][PASSED] - page2 = page2.replace("|", ""): null

03-03-2025T13:40:06 - [TEST_STEP][PASSED] - println("page1: " + page1): null

03-03-2025T13:40:06 - [TEST_STEP][PASSED] - println("page2: " + page2): null

03-03-2025T13:40:06 - [TEST_STEP][PASSED] - file = findTestData("PlanFact").getValue(4, a): null

03-03-2025T13:40:06 - [TEST_STEP][PASSED] - file = file.replace(",", "."): null

03-03-2025T13:40:06 - [TEST_STEP][PASSED] - println("file Plan: " + file): null

03-03-2025T13:40:06 - [TEST_STEP][PASSED] - typeOfData = "План в процентах": null

03-03-2025T13:40:06 - [TEST_STEP][PASSED] - fileDouble = file.toDouble(): null

03-03-2025T13:40:06 - [TEST_STEP][PASSED] - pageDouble = page1.toDouble(): null

03-03-2025T13:40:06 - [TEST_STEP][PASSED] - if (fileDouble != pageDouble): null

03-03-2025T13:40:06 - [TEST_STEP][PASSED] - numberOfErrors = numberOfErrors + 1: null

03-03-2025T13:40:06 - [TEST_STEP][PASSED] - Script1718980020443.WriteToExcel(a, typeOfData, todaysDate, pageInt, fileInt, pageDouble, fileDouble, dZO): null

03-03-2025T13:40:06 - [TEST_STEP][PASSED] - sheetName = "Sheet1": null

03-03-2025T13:40:06 - [TEST_STEP][PASSED] - data = findTestData("PlanFact"): null

03-03-2025T13:40:06 - [TEST_STEP][PASSED] - n = data.getRowNumbers() + 1: null

03-03-2025T13:40:06 - [TEST_STEP][PASSED] - day = ")).toInteger(): null

03-03-2025T13:40:06 - [TEST_STEP][PASSED] - println(day): null

03-03-2025T13:40:06 - [TEST_STEP][PASSED] - month = ")).toInteger(): null

03-03-2025T13:40:06 - [TEST_STEP][PASSED] - println(month): null

03-03-2025T13:40:06 - [TEST_STEP][PASSED] - y = <not implemented yet for class: org.codehaus.groovy.ast.expr.EmptyExpression>: null

03-03-2025T13:40:06 - [TEST_STEP][PASSED] - iy = <not implemented yet for class: org.codehaus.groovy.ast.expr.EmptyExpression>: null

03-03-2025T13:40:06 - [TEST_STEP][PASSED] - m = getText(findTestObject("Выполнение бизнес-плана/Период")): Text of object 'Object Repository/Выполнение бизнес-плана/Период' is: '2024 год'

03-03-2025T13:40:06 - [MESSAGE][PASSED] - Text of object 'Object Repository/Выполнение бизнес-плана/Период' is: '2024 год'

03-03-2025T13:40:06 - [TEST_STEP][PASSED] - iy = m.indexOf("20"): null

03-03-2025T13:40:06 - [TEST_STEP][PASSED] - if (iy > -1): null

03-03-2025T13:40:06 - [TEST_STEP][PASSED] - y = substring(iy, iy + 4).toInteger(): null

03-03-2025T13:40:06 - [TEST_STEP][PASSED] - println(y): null

03-03-2025T13:40:06 - [TEST_STEP][PASSED] - if (toString().length() == 4): null

03-03-2025T13:40:06 - [TEST_STEP][PASSED] - m = m.substring(0, m.indexOf(y.toString())): null

03-03-2025T13:40:06 - [TEST_STEP][PASSED] - m = m.trim(): null

03-03-2025T13:40:06 - [TEST_STEP][PASSED] - if (m == ""): null

03-03-2025T13:40:06 - [TEST_STEP][PASSED] - m = "весь год": null

03-03-2025T13:40:06 - [TEST_STEP][PASSED] - dashboardName = "Выполнение бизнес-плана": null

03-03-2025T13:40:06 - [TEST_STEP][PASSED] - workbook01 = getWorkbook(excelFilePath): null

03-03-2025T13:40:06 - [TEST_STEP][PASSED] - sheet01 = getExcelSheet(workbook01, sheetName): null

03-03-2025T13:40:06 - [TEST_STEP][PASSED] - setValueToCellByIndex(sheet01, n, 0, dashboardName): null

03-03-2025T13:40:06 - [TEST_STEP][PASSED] - setValueToCellByIndex(sheet01, n, 1, dZO): null

03-03-2025T13:40:06 - [TEST_STEP][PASSED] - setValueToCellByIndex(sheet01, n, 2, typeOfData): null

03-03-2025T13:40:06 - [TEST_STEP][PASSED] - if (typeOfData == "Факт в процентах" || typeOfData == "План в процентах"): null

03-03-2025T13:40:06 - [TEST_STEP][PASSED] - setValueToCellByIndex(sheet01, n, 3, fileDouble): null

03-03-2025T13:40:06 - [TEST_STEP][PASSED] - setValueToCellByIndex(sheet01, n, 4, pageDouble): null

03-03-2025T13:40:06 - [TEST_STEP][PASSED] - setValueToCellByIndex(sheet01, n, 5, m): null

03-03-2025T13:40:06 - [TEST_STEP][PASSED] - setValueToCellByIndex(sheet01, n, 6, y): null

03-03-2025T13:40:06 - [TEST_STEP][PASSED] - setValueToCellByIndex(sheet01, n, 7, todaysDate): null

03-03-2025T13:40:06 - [TEST_STEP][PASSED] - n = n + 1: null

03-03-2025T13:40:06 - [TEST_STEP][PASSED] - saveWorkbook(excelFilePath, workbook01): null

03-03-2025T13:40:06 - [TEST_STEP][PASSED] - file = findTestData("PlanFact").getValue(7, a): null

03-03-2025T13:40:06 - [TEST_STEP][PASSED] - file = file.replace(",", "."): null

03-03-2025T13:40:06 - [TEST_STEP][PASSED] - println("file Fact: " + file): null

03-03-2025T13:40:06 - [TEST_STEP][PASSED] - fileDouble = file.toDouble(): null

03-03-2025T13:40:06 - [TEST_STEP][PASSED] - typeOfData = "Факт в процентах": null

03-03-2025T13:40:06 - [TEST_STEP][PASSED] - fileDouble = file.toDouble(): null

03-03-2025T13:40:06 - [TEST_STEP][PASSED] - pageDouble = page2.toDouble(): null

03-03-2025T13:40:06 - [TEST_STEP][PASSED] - if (fileDouble != pageDouble): null

03-03-2025T13:40:06 - [TEST_STEP][PASSED] - numberOfErrors = numberOfErrors + 1: null

03-03-2025T13:40:06 - [TEST_STEP][PASSED] - Script1718980020443.WriteToExcel(a, typeOfData, todaysDate, pageInt, fileInt, pageDouble, fileDouble, dZO): null

03-03-2025T13:40:06 - [TEST_STEP][PASSED] - sheetName = "Sheet1": null

03-03-2025T13:40:06 - [TEST_STEP][PASSED] - data = findTestData("PlanFact"): null

03-03-2025T13:40:07 - [TEST_STEP][PASSED] - n = data.getRowNumbers() + 1: null

03-03-2025T13:40:07 - [TEST_STEP][PASSED] - day = ")).toInteger(): null

03-03-2025T13:40:07 - [TEST_STEP][PASSED] - println(day): null

03-03-2025T13:40:07 - [TEST_STEP][PASSED] - month = ")).toInteger(): null

03-03-2025T13:40:07 - [TEST_STEP][PASSED] - println(month): null

03-03-2025T13:40:07 - [TEST_STEP][PASSED] - y = <not implemented yet for class: org.codehaus.groovy.ast.expr.EmptyExpression>: null

03-03-2025T13:40:07 - [TEST_STEP][PASSED] - iy = <not implemented yet for class: org.codehaus.groovy.ast.expr.EmptyExpression>: null

03-03-2025T13:40:07 - [TEST_STEP][PASSED] - m = getText(findTestObject("Выполнение бизнес-плана/Период")): Text of object 'Object Repository/Выполнение бизнес-плана/Период' is: '2024 год'

03-03-2025T13:40:07 - [MESSAGE][PASSED] - Text of object 'Object Repository/Выполнение бизнес-плана/Период' is: '2024 год'

03-03-2025T13:40:07 - [TEST_STEP][PASSED] - iy = m.indexOf("20"): null

03-03-2025T13:40:07 - [TEST_STEP][PASSED] - if (iy > -1): null

03-03-2025T13:40:07 - [TEST_STEP][PASSED] - y = substring(iy, iy + 4).toInteger(): null

03-03-2025T13:40:07 - [TEST_STEP][PASSED] - println(y): null

03-03-2025T13:40:07 - [TEST_STEP][PASSED] - if (toString().length() == 4): null

03-03-2025T13:40:07 - [TEST_STEP][PASSED] - m = m.substring(0, m.indexOf(y.toString())): null

03-03-2025T13:40:07 - [TEST_STEP][PASSED] - m = m.trim(): null

03-03-2025T13:40:07 - [TEST_STEP][PASSED] - if (m == ""): null

03-03-2025T13:40:07 - [TEST_STEP][PASSED] - m = "весь год": null

03-03-2025T13:40:07 - [TEST_STEP][PASSED] - dashboardName = "Выполнение бизнес-плана": null

03-03-2025T13:40:07 - [TEST_STEP][PASSED] - workbook01 = getWorkbook(excelFilePath): null

03-03-2025T13:40:07 - [TEST_STEP][PASSED] - sheet01 = getExcelSheet(workbook01, sheetName): null

03-03-2025T13:40:07 - [TEST_STEP][PASSED] - setValueToCellByIndex(sheet01, n, 0, dashboardName): null

03-03-2025T13:40:07 - [TEST_STEP][PASSED] - setValueToCellByIndex(sheet01, n, 1, dZO): null

03-03-2025T13:40:07 - [TEST_STEP][PASSED] - setValueToCellByIndex(sheet01, n, 2, typeOfData): null

03-03-2025T13:40:07 - [TEST_STEP][PASSED] - if (typeOfData == "Факт в процентах" || typeOfData == "План в процентах"): null

03-03-2025T13:40:07 - [TEST_STEP][PASSED] - setValueToCellByIndex(sheet01, n, 3, fileDouble): null

03-03-2025T13:40:07 - [TEST_STEP][PASSED] - setValueToCellByIndex(sheet01, n, 4, pageDouble): null

03-03-2025T13:40:07 - [TEST_STEP][PASSED] - setValueToCellByIndex(sheet01, n, 5, m): null

03-03-2025T13:40:07 - [TEST_STEP][PASSED] - setValueToCellByIndex(sheet01, n, 6, y): null

03-03-2025T13:40:07 - [TEST_STEP][PASSED] - setValueToCellByIndex(sheet01, n, 7, todaysDate): null

03-03-2025T13:40:07 - [TEST_STEP][PASSED] - n = n + 1: null

03-03-2025T13:40:07 - [TEST_STEP][PASSED] - saveWorkbook(excelFilePath, workbook01): null

03-03-2025T13:40:07 - [TEST_STEP][FAILED] - if (verifyEqual(numberOfErrors, 0) == false): null

03-03-2025T13:40:07 - [MESSAGE][FAILED] - Unable to verify equal between actual object '6' and expected object '0' (Root cause: com.kms.katalon.core.exception.StepFailedException: Actual object '6' and expected object '0' are not equal
	at com.kms.katalon.core.keyword.builtin.VerifyEqualKeyword$_verifyEqual_closure1.doCall(VerifyEqualKeyword.groovy:58)
	at com.kms.katalon.core.keyword.builtin.VerifyEqualKeyword$_verifyEqual_closure1.call(VerifyEqualKeyword.groovy)
	at com.kms.katalon.core.keyword.internal.KeywordMain.runKeyword(KeywordMain.groovy:75)
	at com.kms.katalon.core.keyword.builtin.VerifyEqualKeyword.verifyEqual(VerifyEqualKeyword.groovy:63)
	at com.kms.katalon.core.keyword.builtin.VerifyEqualKeyword.execute(VerifyEqualKeyword.groovy:44)
	at com.kms.katalon.core.keyword.internal.KeywordExecutor.executeKeywordForPlatform(KeywordExecutor.groovy:74)
	at com.kms.katalon.core.keyword.BuiltinKeywords.verifyEqual(BuiltinKeywords.groovy:146)
	at jdk.internal.reflect.GeneratedMethodAccessor24.invoke(Unknown Source)
	at java.base/jdk.internal.reflect.DelegatingMethodAccessorImpl.invoke(DelegatingMethodAccessorImpl.java:43)
	at Выполнение бизнес-плана Сверка ПАО Россети все филиалы.Numbers(Выполнение бизнес-плана Сверка ПАО Россети все филиалы:736)
	at Выполнение бизнес-плана Сверка ПАО Россети все филиалы.run(Выполнение бизнес-плана Сверка ПАО Россети все филиалы:364)
	at com.kms.katalon.core.main.ScriptEngine.run(ScriptEngine.java:194)
	at com.kms.katalon.core.main.ScriptEngine.runScriptAsRawText(ScriptEngine.java:119)
	at com.kms.katalon.core.main.TestCaseExecutor.runScript(TestCaseExecutor.java:448)
	at com.kms.katalon.core.main.TestCaseExecutor.doExecute(TestCaseExecutor.java:439)
	at com.kms.katalon.core.main.TestCaseExecutor.processExecutionPhase(TestCaseExecutor.java:418)
	at com.kms.katalon.core.main.TestCaseExecutor.accessMainPhase(TestCaseExecutor.java:410)
	at com.kms.katalon.core.main.TestCaseExecutor.execute(TestCaseExecutor.java:285)
	at com.kms.katalon.core.common.CommonExecutor.accessTestCaseMainPhase(CommonExecutor.java:65)
	at com.kms.katalon.core.main.TestSuiteExecutor.accessTestSuiteMainPhase(TestSuiteExecutor.java:150)
	at com.kms.katalon.core.main.TestSuiteExecutor.execute(TestSuiteExecutor.java:106)
	at com.kms.katalon.core.main.TestCaseMain.startTestSuite(TestCaseMain.java:180)
	at TempTestSuite1740991900055.run(TempTestSuite1740991900055.groovy:35)
	at java.base/jdk.internal.reflect.NativeMethodAccessorImpl.invoke0(Native Method)
	at java.base/jdk.internal.reflect.NativeMethodAccessorImpl.invoke(NativeMethodAccessorImpl.java:77)
	at java.base/jdk.internal.reflect.DelegatingMethodAccessorImpl.invoke(DelegatingMethodAccessorImpl.java:43)
)

03-03-2025T13:40:07 - [TEST_STEP][PASSED] - println(numberOfErrors): null

03-03-2025T13:40:07 - [TEST_STEP][PASSED] - println("a=" + a): null

03-03-2025T13:40:07 - [TEST_STEP][PASSED] - if (a == 28 || a == 77 || a == 74 || a == 65 || a == 36 || a == 44 || a == 54 || a == 1 || a == 18 || a == 59): null

03-03-2025T13:40:07 - [TEST_STEP][PASSED] - Script1718980020443.Filials(a, typeOfData, todaysDate, pageInt, fileInt, pageDouble, fileDouble, dZO, dzoNum, filialNum): null

03-03-2025T13:40:07 - [TEST_STEP][PASSED] - i = <not implemented yet for class: org.codehaus.groovy.ast.expr.EmptyExpression>: null

03-03-2025T13:40:07 - [TEST_STEP][PASSED] - c = <not implemented yet for class: org.codehaus.groovy.ast.expr.EmptyExpression>: null

03-03-2025T13:40:07 - [TEST_STEP][PASSED] - page = <not implemented yet for class: org.codehaus.groovy.ast.expr.EmptyExpression>: null

03-03-2025T13:40:07 - [TEST_STEP][PASSED] - println(dZO): null

03-03-2025T13:40:07 - [TEST_STEP][PASSED] - reducedDZO = <not implemented yet for class: org.codehaus.groovy.ast.expr.EmptyExpression>: null

03-03-2025T13:40:07 - [TEST_STEP][PASSED] - reducedDZO = dZO.substring(dZO.indexOf(" ") + 1, dZO.length()): null

03-03-2025T13:40:07 - [TEST_STEP][PASSED] - if (reducedDZO.contains(" ")): null

03-03-2025T13:40:07 - [TEST_STEP][PASSED] - reducedDZO = reducedDZO.substring(reducedDZO.indexOf(" ") + 1, reducedDZO.length()): null

03-03-2025T13:40:07 - [TEST_STEP][PASSED] - if (reducedDZO.contains(" ")): null

03-03-2025T13:40:07 - [TEST_STEP][PASSED] - println(reducedDZO): null

03-03-2025T13:40:07 - [TEST_STEP][PASSED] - dzoCut = <not implemented yet for class: org.codehaus.groovy.ast.expr.EmptyExpression>: null

03-03-2025T13:40:07 - [TEST_STEP][PASSED] - Script1718980020443.DZO(a): null

03-03-2025T13:40:07 - [TEST_STEP][PASSED] - delay(20): Delayed 20 second(s)

03-03-2025T13:40:27 - [MESSAGE][PASSED] - Delayed 20 second(s)

03-03-2025T13:40:27 - [TEST_STEP][PASSED] - Script1718980020443.OpenFilter(): null

03-03-2025T13:40:27 - [TEST_STEP][PASSED] - click(findTestObject("Object Repository/Выполнение бизнес-плана/Фильтр ДЗО")): Object: 'Object Repository/Выполнение бизнес-плана/Фильтр ДЗО' is clicked on

03-03-2025T13:40:28 - [MESSAGE][PASSED] - Object: 'Object Repository/Выполнение бизнес-плана/Фильтр ДЗО' is clicked on

03-03-2025T13:40:28 - [TEST_STEP][PASSED] - click(findTestObject("Выполнение бизнес-плана/Снять выделение в фильтре ДЗО")): Object: 'Object Repository/Выполнение бизнес-плана/Снять выделение в фильтре ДЗО' is clicked on

03-03-2025T13:40:28 - [MESSAGE][PASSED] - Object: 'Object Repository/Выполнение бизнес-плана/Снять выделение в фильтре ДЗО' is clicked on

03-03-2025T13:40:28 - [TEST_STEP][PASSED] - Script1718980020443.OpenRSK(): null

03-03-2025T13:40:28 - [TEST_STEP][PASSED] - click(findTestObject("Выполнение бизнес-плана/Раскрыть список ПАО Россети в фильтре ДЗО")): Object: 'Object Repository/Выполнение бизнес-плана/Раскрыть список ПАО Россети в фильтре ДЗО' is clicked on

03-03-2025T13:40:28 - [MESSAGE][PASSED] - Object: 'Object Repository/Выполнение бизнес-плана/Раскрыть список ПАО Россети в фильтре ДЗО' is clicked on

03-03-2025T13:40:28 - [TEST_STEP][PASSED] - click(findTestObject("Выполнение бизнес-плана/Раскрыть список РаспредКомплекс в фильтре ДЗО")): Object: 'Object Repository/Выполнение бизнес-плана/Раскрыть список РаспредКомплекс в фильтре ДЗО' is clicked on

03-03-2025T13:40:29 - [MESSAGE][PASSED] - Object: 'Object Repository/Выполнение бизнес-плана/Раскрыть список РаспредКомплекс в фильтре ДЗО' is clicked on

03-03-2025T13:40:29 - [TEST_STEP][PASSED] - if (a == 28): null

03-03-2025T13:40:29 - [TEST_STEP][PASSED] - if (a == 77): null

03-03-2025T13:40:29 - [TEST_STEP][PASSED] - if (a == 74): null

03-03-2025T13:40:29 - [TEST_STEP][PASSED] - if (a == 65): null

03-03-2025T13:40:29 - [TEST_STEP][PASSED] - if (a == 36): null

03-03-2025T13:40:29 - [TEST_STEP][PASSED] - if (a == 44): null

03-03-2025T13:40:29 - [TEST_STEP][PASSED] - if (a == 54): null

03-03-2025T13:40:29 - [TEST_STEP][PASSED] - if (a == 1): Object: 'Object Repository/Выполнение бизнес-плана/Россети Центр' is clicked on

03-03-2025T13:40:29 - [TEST_STEP][PASSED] - scrollToElement(findTestObject("Общие объекты/Раскрыть список Россети Центр"), 30): Scroll to object 'Object Repository/Общие объекты/Раскрыть список Россети Центр' successfully

03-03-2025T13:40:29 - [MESSAGE][PASSED] - Scroll to object 'Object Repository/Общие объекты/Раскрыть список Россети Центр' successfully

03-03-2025T13:40:29 - [TEST_STEP][PASSED] - click(findTestObject("Выполнение бизнес-плана/Россети Центр")): Object: 'Object Repository/Выполнение бизнес-плана/Россети Центр' is clicked on

03-03-2025T13:40:29 - [MESSAGE][PASSED] - Object: 'Object Repository/Выполнение бизнес-плана/Россети Центр' is clicked on

03-03-2025T13:40:29 - [TEST_STEP][PASSED] - if (a == 18): null

03-03-2025T13:40:29 - [TEST_STEP][PASSED] - if (a == 59): null

03-03-2025T13:40:29 - [TEST_STEP][PASSED] - Script1718980020443.CloseFilter(): null

03-03-2025T13:40:29 - [TEST_STEP][PASSED] - scrollToElement(findTestObject("Выполнение бизнес-плана/Заголовок дашборда"), 30): Scroll to object 'Object Repository/Выполнение бизнес-плана/Заголовок дашборда' successfully

03-03-2025T13:40:30 - [MESSAGE][PASSED] - Scroll to object 'Object Repository/Выполнение бизнес-плана/Заголовок дашборда' successfully

03-03-2025T13:40:30 - [TEST_STEP][PASSED] - click(findTestObject("Object Repository/Выполнение бизнес-плана/Применить в фильтре ДЗО")): Object: 'Object Repository/Выполнение бизнес-плана/Применить в фильтре ДЗО' is clicked on

03-03-2025T13:40:31 - [MESSAGE][PASSED] - Object: 'Object Repository/Выполнение бизнес-плана/Применить в фильтре ДЗО' is clicked on

03-03-2025T13:40:31 - [TEST_STEP][PASSED] - delay(20): Delayed 20 second(s)

03-03-2025T13:40:51 - [MESSAGE][PASSED] - Delayed 20 second(s)

03-03-2025T13:40:51 - [TEST_STEP][PASSED] - Script1718980020443.ZakrytOpoveshenie(): null

03-03-2025T13:40:51 - [TEST_STEP][PASSED] - delay(10): Delayed 10 second(s)

03-03-2025T13:41:01 - [MESSAGE][PASSED] - Delayed 10 second(s)

03-03-2025T13:41:01 - [TEST_STEP][PASSED] - opoveshenie = getText(findTestObject("Выполнение бизнес-плана/Просьба обратить внимание")): Text of object 'Object Repository/Выполнение бизнес-плана/Просьба обратить внимание' is: ''

03-03-2025T13:41:01 - [MESSAGE][PASSED] - Text of object 'Object Repository/Выполнение бизнес-плана/Просьба обратить внимание' is: ''

03-03-2025T13:41:01 - [TEST_STEP][PASSED] - println(opoveshenie): null

03-03-2025T13:41:01 - [TEST_STEP][PASSED] - if (opoveshenie == "Просьба обратить внимание"): null

03-03-2025T13:41:01 - [TEST_STEP][PASSED] - page = getText(findTestObject("Object Repository/Выполнение бизнес-плана/Filials")): Text of object 'Object Repository/Выполнение бизнес-плана/Filials' is: 'АО«Воронежскаягорэлектросеть»
АО «Тульскиегородскиеэлектрическиесети»
АО«Ярославскаяэлектросетеваякомпания»
Белгородэнерго
Брянскэнерго
Воронежэнерго
Костромаэнерго
Курскэнерго
Липецкэнерго
ООО «БрянскЭ…
Орелэнерго
Смоленскэнерго
Тамбовэнерго
Тверьэнерго
Ярэнерго
0
10
20
30
40
50
60
70'

03-03-2025T13:41:02 - [MESSAGE][PASSED] - Text of object 'Object Repository/Выполнение бизнес-плана/Filials' is: 'АО«Воронежскаягорэлектросеть»
АО «Тульскиегородскиеэлектрическиесети»
АО«Ярославскаяэлектросетеваякомпания»
Белгородэнерго
Брянскэнерго
Воронежэнерго
Костромаэнерго
Курскэнерго
Липецкэнерго
ООО «БрянскЭ…
Орелэнерго
Смоленскэнерго
Тамбовэнерго
Тверьэнерго
Ярэнерго
0
10
20
30
40
50
60
70'

03-03-2025T13:41:02 - [TEST_STEP][PASSED] - println(page): null

03-03-2025T13:41:02 - [TEST_STEP][PASSED] - c = page.indexOf(reducedDZO): null

03-03-2025T13:41:02 - [TEST_STEP][PASSED] - if (c > -1): null

03-03-2025T13:41:02 - [TEST_STEP][PASSED] - x2 = getText(findTestObject("Выполнение бизнес-плана/Список ДЗО старый")): Text of object 'Object Repository/Выполнение бизнес-плана/Список ДЗО старый' is: 'АО«Воронежскаягорэлектросеть»
АО «Тульскиегородскиеэлектрическиесети»
АО«Ярославскаяэлектросетеваякомпания»
Белгородэнерго
Брянскэнерго
Воронежэнерго
Костромаэнерго
Курскэнерго
Липецкэнерго
ООО «БрянскЭ…
Орелэнерго
Смоленскэнерго
Тамбовэнерго
Тверьэнерго
Ярэнерго
0
10
20
30
40
50
60
70'

03-03-2025T13:41:02 - [MESSAGE][PASSED] - Text of object 'Object Repository/Выполнение бизнес-плана/Список ДЗО старый' is: 'АО«Воронежскаягорэлектросеть»
АО «Тульскиегородскиеэлектрическиесети»
АО«Ярославскаяэлектросетеваякомпания»
Белгородэнерго
Брянскэнерго
Воронежэнерго
Костромаэнерго
Курскэнерго
Липецкэнерго
ООО «БрянскЭ…
Орелэнерго
Смоленскэнерго
Тамбовэнерго
Тверьэнерго
Ярэнерго
0
10
20
30
40
50
60
70'

03-03-2025T13:41:02 - [TEST_STEP][PASSED] - if (a == 28): null

03-03-2025T13:41:02 - [TEST_STEP][PASSED] - if (a == 77): null

03-03-2025T13:41:02 - [TEST_STEP][PASSED] - if (a == 74): null

03-03-2025T13:41:02 - [TEST_STEP][PASSED] - if (a == 65): null

03-03-2025T13:41:02 - [TEST_STEP][PASSED] - if (a == 1): null

03-03-2025T13:41:02 - [TEST_STEP][PASSED] - dZO = "АО «Воронежская горэлектросеть»": null

03-03-2025T13:41:02 - [TEST_STEP][PASSED] - a = 14: null

03-03-2025T13:41:02 - [TEST_STEP][PASSED] - i = dZO.length() - 1: null

03-03-2025T13:41:02 - [TEST_STEP][PASSED] - dzoCut = substring(4, i).replaceAll("\s+", ""): null

03-03-2025T13:41:02 - [TEST_STEP][PASSED] - if (x2.contains(dzoCut)): null

03-03-2025T13:41:02 - [TEST_STEP][PASSED] - filialNum = filialNum + 1: null

03-03-2025T13:41:02 - [TEST_STEP][PASSED] - Script1718980020443.Numbers(a, typeOfData, todaysDate, pageInt, fileInt, pageDouble, fileDouble, dZO, dzoNum, filialNum): null

03-03-2025T13:41:02 - [TEST_STEP][PASSED] - println(dzoNum): null

03-03-2025T13:41:02 - [TEST_STEP][PASSED] - planFact = <not implemented yet for class: org.codehaus.groovy.ast.expr.EmptyExpression>: null

03-03-2025T13:41:02 - [TEST_STEP][PASSED] - page = <not implemented yet for class: org.codehaus.groovy.ast.expr.EmptyExpression>: null

03-03-2025T13:41:02 - [TEST_STEP][PASSED] - page1 = <not implemented yet for class: org.codehaus.groovy.ast.expr.EmptyExpression>: null

03-03-2025T13:41:02 - [TEST_STEP][PASSED] - page2 = <not implemented yet for class: org.codehaus.groovy.ast.expr.EmptyExpression>: null

03-03-2025T13:41:02 - [TEST_STEP][PASSED] - filialNumberInRow = <not implemented yet for class: org.codehaus.groovy.ast.expr.EmptyExpression>: null

03-03-2025T13:41:02 - [TEST_STEP][PASSED] - filialsDzoNames = <not implemented yet for class: org.codehaus.groovy.ast.expr.EmptyExpression>: null

03-03-2025T13:41:02 - [TEST_STEP][PASSED] - numberOfFilials = <not implemented yet for class: org.codehaus.groovy.ast.expr.EmptyExpression>: null

03-03-2025T13:41:02 - [TEST_STEP][PASSED] - numberOfSpaces = <not implemented yet for class: org.codehaus.groovy.ast.expr.EmptyExpression>: null

03-03-2025T13:41:02 - [TEST_STEP][PASSED] - file = <not implemented yet for class: org.codehaus.groovy.ast.expr.EmptyExpression>: null

03-03-2025T13:41:02 - [TEST_STEP][PASSED] - otpusk = <not implemented yet for class: org.codehaus.groovy.ast.expr.EmptyExpression>: null

03-03-2025T13:41:02 - [TEST_STEP][PASSED] - poteri = <not implemented yet for class: org.codehaus.groovy.ast.expr.EmptyExpression>: null

03-03-2025T13:41:02 - [TEST_STEP][PASSED] - dataFolder = "Выполнение бизнес-плана/Значения со страницы Выполнение бизнес-плана/": null

03-03-2025T13:41:02 - [TEST_STEP][PASSED] - path = <not implemented yet for class: org.codehaus.groovy.ast.expr.EmptyExpression>: null

03-03-2025T13:41:02 - [TEST_STEP][PASSED] - typeOfDataMain = <not implemented yet for class: org.codehaus.groovy.ast.expr.EmptyExpression>: null

03-03-2025T13:41:02 - [TEST_STEP][PASSED] - fileOtpuskVSet = <not implemented yet for class: org.codehaus.groovy.ast.expr.EmptyExpression>: null

03-03-2025T13:41:02 - [TEST_STEP][PASSED] - pageOtpuskVSet = <not implemented yet for class: org.codehaus.groovy.ast.expr.EmptyExpression>: null

03-03-2025T13:41:02 - [TEST_STEP][PASSED] - filePoteri = <not implemented yet for class: org.codehaus.groovy.ast.expr.EmptyExpression>: null

03-03-2025T13:41:02 - [TEST_STEP][PASSED] - pagePoteri = <not implemented yet for class: org.codehaus.groovy.ast.expr.EmptyExpression>: null

03-03-2025T13:41:02 - [TEST_STEP][PASSED] - compare = <not implemented yet for class: org.codehaus.groovy.ast.expr.EmptyExpression>: null

03-03-2025T13:41:02 - [TEST_STEP][PASSED] - b = <not implemented yet for class: org.codehaus.groovy.ast.expr.EmptyExpression>: null

03-03-2025T13:41:02 - [TEST_STEP][PASSED] - i = <not implemented yet for class: org.codehaus.groovy.ast.expr.EmptyExpression>: null

03-03-2025T13:41:02 - [TEST_STEP][PASSED] - ii = <not implemented yet for class: org.codehaus.groovy.ast.expr.EmptyExpression>: null

03-03-2025T13:41:02 - [TEST_STEP][PASSED] - c = <not implemented yet for class: org.codehaus.groovy.ast.expr.EmptyExpression>: null

03-03-2025T13:41:02 - [TEST_STEP][PASSED] - numberOfErrors = 0: null

03-03-2025T13:41:02 - [TEST_STEP][PASSED] - if (a == 82): null

03-03-2025T13:41:02 - [TEST_STEP][PASSED] - b = findTestData("PlanFact").getValue(1, a): null

03-03-2025T13:41:02 - [TEST_STEP][PASSED] - i = b.indexOf(" (ГК)"): null

03-03-2025T13:41:02 - [TEST_STEP][PASSED] - if (i > -1): null

03-03-2025T13:41:02 - [TEST_STEP][PASSED] - i = b.indexOf("О ""): null

03-03-2025T13:41:02 - [TEST_STEP][PASSED] - if (i > -1): null

03-03-2025T13:41:02 - [TEST_STEP][PASSED] - i = b.indexOf("О «"): null

03-03-2025T13:41:02 - [TEST_STEP][PASSED] - if (i > -1): null

03-03-2025T13:41:02 - [TEST_STEP][PASSED] - b = b.substring(i + 3, b.length()): null

03-03-2025T13:41:02 - [TEST_STEP][PASSED] - i = b.indexOf("»"): null

03-03-2025T13:41:02 - [TEST_STEP][PASSED] - b = b.substring(0, i): null

03-03-2025T13:41:02 - [TEST_STEP][PASSED] - i = b.indexOf("г. "): null

03-03-2025T13:41:02 - [TEST_STEP][PASSED] - if (i > -1): null

03-03-2025T13:41:02 - [TEST_STEP][PASSED] - b = b.trim(): null

03-03-2025T13:41:02 - [TEST_STEP][PASSED] - println(b): null

03-03-2025T13:41:02 - [TEST_STEP][PASSED] - for ([planFact = 1, planFact < 3, (planFact++)]): null

03-03-2025T13:41:02 - [TEST_STEP][PASSED] - if (planFact == 1): null

03-03-2025T13:41:02 - [TEST_STEP][PASSED] - typeOfDataMain = "Факт": null

03-03-2025T13:41:02 - [TEST_STEP][PASSED] - otpusk = findTestData("PlanFact").getValue(5, a): null

03-03-2025T13:41:02 - [TEST_STEP][PASSED] - poteri = findTestData("PlanFact").getValue(6, a): null

03-03-2025T13:41:02 - [TEST_STEP][PASSED] - otpusk = otpusk.replaceAll("\s+", ""): null

03-03-2025T13:41:02 - [TEST_STEP][PASSED] - poteri = poteri.replaceAll("\s+", ""): null

03-03-2025T13:41:02 - [TEST_STEP][PASSED] - typeOfData = typeOfDataMain + " Отпуск в сеть": null

03-03-2025T13:41:02 - [TEST_STEP][PASSED] - if (a == 82): null

03-03-2025T13:41:02 - [TEST_STEP][PASSED] - else if (a == 84): null

03-03-2025T13:41:02 - [TEST_STEP][PASSED] - else if (a == 83 || a == 52 || a == 72 || a == 28 || a == 73 || a == 77 || a == 74 || a == 65 || a == 36 || a == 44 || a == 53 || a == 80 || a == 54 || a == 1 || a == 18 || a == 59 || a == 81): null

03-03-2025T13:41:02 - [TEST_STEP][PASSED] - else: null

03-03-2025T13:41:02 - [TEST_STEP][PASSED] - path = dataFolder + typeOfData + " за отчётный период " + b: null

03-03-2025T13:41:02 - [TEST_STEP][PASSED] - println(path): null

03-03-2025T13:41:02 - [TEST_STEP][PASSED] - page = getText(findTestObject(path)): Text of object 'Object Repository/Выполнение бизнес-плана/Значения со страницы Выполнение бизнес-плана/Факт Отпуск в сеть за отчётный период Воронежская горэлектросеть' is: '195 679'

03-03-2025T13:41:02 - [MESSAGE][PASSED] - Text of object 'Object Repository/Выполнение бизнес-плана/Значения со страницы Выполнение бизнес-плана/Факт Отпуск в сеть за отчётный период Воронежская горэлектросеть' is: '195 679'

03-03-2025T13:41:02 - [TEST_STEP][PASSED] - if (page == "" || page == null): null

03-03-2025T13:41:02 - [TEST_STEP][PASSED] - else: null

03-03-2025T13:41:02 - [TEST_STEP][PASSED] - page = page.replaceAll("\s+", ""): null

03-03-2025T13:41:02 - [TEST_STEP][PASSED] - fileOtpuskVSet = otpusk.toInteger(): null

03-03-2025T13:41:02 - [TEST_STEP][PASSED] - pageOtpuskVSet = page.toInteger(): null

03-03-2025T13:41:02 - [TEST_STEP][PASSED] - typeOfData = typeOfDataMain + " Потери": null

03-03-2025T13:41:02 - [TEST_STEP][PASSED] - if (a == 82): null

03-03-2025T13:41:02 - [TEST_STEP][PASSED] - else if (a == 84): null

03-03-2025T13:41:02 - [TEST_STEP][PASSED] - else if (a == 83 || a == 52 || a == 72 || a == 28 || a == 73 || a == 77 || a == 74 || a == 65 || a == 44 || a == 53 || a == 80 || a == 54 || a == 1 || a == 18 || a == 59 || a == 81): null

03-03-2025T13:41:02 - [TEST_STEP][PASSED] - else: null

03-03-2025T13:41:02 - [TEST_STEP][PASSED] - path = dataFolder + typeOfData + " за отчётный период " + b: null

03-03-2025T13:41:02 - [TEST_STEP][PASSED] - page = getText(findTestObject(path)): Text of object 'Object Repository/Выполнение бизнес-плана/Значения со страницы Выполнение бизнес-плана/Факт Потери за отчётный период Воронежская горэлектросеть' is: '42 455'

03-03-2025T13:41:03 - [MESSAGE][PASSED] - Text of object 'Object Repository/Выполнение бизнес-плана/Значения со страницы Выполнение бизнес-плана/Факт Потери за отчётный период Воронежская горэлектросеть' is: '42 455'

03-03-2025T13:41:03 - [TEST_STEP][PASSED] - if (page == "" || page == null): null

03-03-2025T13:41:03 - [TEST_STEP][PASSED] - else: null

03-03-2025T13:41:03 - [TEST_STEP][PASSED] - page = page.replaceAll("\s+", ""): null

03-03-2025T13:41:03 - [TEST_STEP][PASSED] - filePoteri = poteri.toInteger(): null

03-03-2025T13:41:03 - [TEST_STEP][PASSED] - pagePoteri = page.toInteger(): null

03-03-2025T13:41:03 - [TEST_STEP][PASSED] - compare = pageOtpuskVSet: null

03-03-2025T13:41:03 - [TEST_STEP][PASSED] - if (pageOtpuskVSet != null): null

03-03-2025T13:41:03 - [TEST_STEP][PASSED] - if (compare == fileOtpuskVSet): null

03-03-2025T13:41:03 - [TEST_STEP][PASSED] - else if (compare > fileOtpuskVSet): null

03-03-2025T13:41:03 - [TEST_STEP][PASSED] - else if (compare < fileOtpuskVSet): null

03-03-2025T13:41:03 - [TEST_STEP][PASSED] - compare = compare + 1: null

03-03-2025T13:41:03 - [TEST_STEP][PASSED] - if (compare == fileOtpuskVSet): null

03-03-2025T13:41:03 - [TEST_STEP][PASSED] - else: null

03-03-2025T13:41:03 - [TEST_STEP][PASSED] - numberOfErrors = numberOfErrors + 1: null

03-03-2025T13:41:03 - [TEST_STEP][PASSED] - pageInt = pageOtpuskVSet: null

03-03-2025T13:41:03 - [TEST_STEP][PASSED] - fileInt = fileOtpuskVSet: null

03-03-2025T13:41:03 - [TEST_STEP][PASSED] - typeOfData = typeOfDataMain + " Отпуск в сеть": null

03-03-2025T13:41:03 - [TEST_STEP][PASSED] - Script1718980020443.WriteToExcel(a, typeOfData, todaysDate, pageInt, fileInt, pageDouble, fileDouble, dZO): null

03-03-2025T13:41:03 - [TEST_STEP][PASSED] - sheetName = "Sheet1": null

03-03-2025T13:41:03 - [TEST_STEP][PASSED] - data = findTestData("PlanFact"): null

03-03-2025T13:41:03 - [TEST_STEP][PASSED] - n = data.getRowNumbers() + 1: null

03-03-2025T13:41:03 - [TEST_STEP][PASSED] - day = ")).toInteger(): null

03-03-2025T13:41:03 - [TEST_STEP][PASSED] - println(day): null

03-03-2025T13:41:03 - [TEST_STEP][PASSED] - month = ")).toInteger(): null

03-03-2025T13:41:03 - [TEST_STEP][PASSED] - println(month): null

03-03-2025T13:41:03 - [TEST_STEP][PASSED] - y = <not implemented yet for class: org.codehaus.groovy.ast.expr.EmptyExpression>: null

03-03-2025T13:41:03 - [TEST_STEP][PASSED] - iy = <not implemented yet for class: org.codehaus.groovy.ast.expr.EmptyExpression>: null

03-03-2025T13:41:03 - [TEST_STEP][PASSED] - m = getText(findTestObject("Выполнение бизнес-плана/Период")): Text of object 'Object Repository/Выполнение бизнес-плана/Период' is: '2024 год'

03-03-2025T13:41:03 - [MESSAGE][PASSED] - Text of object 'Object Repository/Выполнение бизнес-плана/Период' is: '2024 год'

03-03-2025T13:41:03 - [TEST_STEP][PASSED] - iy = m.indexOf("20"): null

03-03-2025T13:41:03 - [TEST_STEP][PASSED] - if (iy > -1): null

03-03-2025T13:41:03 - [TEST_STEP][PASSED] - y = substring(iy, iy + 4).toInteger(): null

03-03-2025T13:41:03 - [TEST_STEP][PASSED] - println(y): null

03-03-2025T13:41:03 - [TEST_STEP][PASSED] - if (toString().length() == 4): null

03-03-2025T13:41:03 - [TEST_STEP][PASSED] - m = m.substring(0, m.indexOf(y.toString())): null

03-03-2025T13:41:03 - [TEST_STEP][PASSED] - m = m.trim(): null

03-03-2025T13:41:03 - [TEST_STEP][PASSED] - if (m == ""): null

03-03-2025T13:41:03 - [TEST_STEP][PASSED] - m = "весь год": null

03-03-2025T13:41:03 - [TEST_STEP][PASSED] - dashboardName = "Выполнение бизнес-плана": null

03-03-2025T13:41:03 - [TEST_STEP][PASSED] - workbook01 = getWorkbook(excelFilePath): null

03-03-2025T13:41:03 - [TEST_STEP][PASSED] - sheet01 = getExcelSheet(workbook01, sheetName): null

03-03-2025T13:41:03 - [TEST_STEP][PASSED] - setValueToCellByIndex(sheet01, n, 0, dashboardName): null

03-03-2025T13:41:03 - [TEST_STEP][PASSED] - setValueToCellByIndex(sheet01, n, 1, dZO): null

03-03-2025T13:41:03 - [TEST_STEP][PASSED] - setValueToCellByIndex(sheet01, n, 2, typeOfData): null

03-03-2025T13:41:03 - [TEST_STEP][PASSED] - if (typeOfData == "Факт в процентах" || typeOfData == "План в процентах"): null

03-03-2025T13:41:03 - [TEST_STEP][PASSED] - else: null

03-03-2025T13:41:03 - [TEST_STEP][PASSED] - setValueToCellByIndex(sheet01, n, 3, fileInt): null

03-03-2025T13:41:03 - [TEST_STEP][PASSED] - setValueToCellByIndex(sheet01, n, 4, pageInt): null

03-03-2025T13:41:03 - [TEST_STEP][PASSED] - setValueToCellByIndex(sheet01, n, 5, m): null

03-03-2025T13:41:03 - [TEST_STEP][PASSED] - setValueToCellByIndex(sheet01, n, 6, y): null

03-03-2025T13:41:03 - [TEST_STEP][PASSED] - setValueToCellByIndex(sheet01, n, 7, todaysDate): null

03-03-2025T13:41:03 - [TEST_STEP][PASSED] - n = n + 1: null

03-03-2025T13:41:03 - [TEST_STEP][PASSED] - saveWorkbook(excelFilePath, workbook01): null

03-03-2025T13:41:03 - [TEST_STEP][PASSED] - compare = pagePoteri: null

03-03-2025T13:41:03 - [TEST_STEP][PASSED] - if (pageOtpuskVSet != null): null

03-03-2025T13:41:03 - [TEST_STEP][PASSED] - if (compare == filePoteri): null

03-03-2025T13:41:03 - [TEST_STEP][PASSED] - else if (compare > filePoteri): null

03-03-2025T13:41:03 - [TEST_STEP][PASSED] - else if (compare < filePoteri): null

03-03-2025T13:41:03 - [TEST_STEP][PASSED] - compare = compare + 1: null

03-03-2025T13:41:03 - [TEST_STEP][PASSED] - if (compare == filePoteri): null

03-03-2025T13:41:03 - [TEST_STEP][PASSED] - else: null

03-03-2025T13:41:03 - [TEST_STEP][PASSED] - numberOfErrors = numberOfErrors + 1: null

03-03-2025T13:41:03 - [TEST_STEP][PASSED] - pageInt = pagePoteri: null

03-03-2025T13:41:03 - [TEST_STEP][PASSED] - fileInt = filePoteri: null

03-03-2025T13:41:03 - [TEST_STEP][PASSED] - typeOfData = typeOfDataMain + " Потери": null

03-03-2025T13:41:03 - [TEST_STEP][PASSED] - Script1718980020443.WriteToExcel(a, typeOfData, todaysDate, pageInt, fileInt, pageDouble, fileDouble, dZO): null

03-03-2025T13:41:03 - [TEST_STEP][PASSED] - sheetName = "Sheet1": null

03-03-2025T13:41:03 - [TEST_STEP][PASSED] - data = findTestData("PlanFact"): null

03-03-2025T13:41:03 - [TEST_STEP][PASSED] - n = data.getRowNumbers() + 1: null

03-03-2025T13:41:03 - [TEST_STEP][PASSED] - day = ")).toInteger(): null

03-03-2025T13:41:03 - [TEST_STEP][PASSED] - println(day): null

03-03-2025T13:41:03 - [TEST_STEP][PASSED] - month = ")).toInteger(): null

03-03-2025T13:41:03 - [TEST_STEP][PASSED] - println(month): null

03-03-2025T13:41:03 - [TEST_STEP][PASSED] - y = <not implemented yet for class: org.codehaus.groovy.ast.expr.EmptyExpression>: null

03-03-2025T13:41:03 - [TEST_STEP][PASSED] - iy = <not implemented yet for class: org.codehaus.groovy.ast.expr.EmptyExpression>: null

03-03-2025T13:41:03 - [TEST_STEP][PASSED] - m = getText(findTestObject("Выполнение бизнес-плана/Период")): Text of object 'Object Repository/Выполнение бизнес-плана/Период' is: '2024 год'

03-03-2025T13:41:04 - [MESSAGE][PASSED] - Text of object 'Object Repository/Выполнение бизнес-плана/Период' is: '2024 год'

03-03-2025T13:41:04 - [TEST_STEP][PASSED] - iy = m.indexOf("20"): null

03-03-2025T13:41:04 - [TEST_STEP][PASSED] - if (iy > -1): null

03-03-2025T13:41:04 - [TEST_STEP][PASSED] - y = substring(iy, iy + 4).toInteger(): null

03-03-2025T13:41:04 - [TEST_STEP][PASSED] - println(y): null

03-03-2025T13:41:04 - [TEST_STEP][PASSED] - if (toString().length() == 4): null

03-03-2025T13:41:04 - [TEST_STEP][PASSED] - m = m.substring(0, m.indexOf(y.toString())): null

03-03-2025T13:41:04 - [TEST_STEP][PASSED] - m = m.trim(): null

03-03-2025T13:41:04 - [TEST_STEP][PASSED] - if (m == ""): null

03-03-2025T13:41:04 - [TEST_STEP][PASSED] - m = "весь год": null

03-03-2025T13:41:04 - [TEST_STEP][PASSED] - dashboardName = "Выполнение бизнес-плана": null

03-03-2025T13:41:04 - [TEST_STEP][PASSED] - workbook01 = getWorkbook(excelFilePath): null

03-03-2025T13:41:04 - [TEST_STEP][PASSED] - sheet01 = getExcelSheet(workbook01, sheetName): null

03-03-2025T13:41:04 - [TEST_STEP][PASSED] - setValueToCellByIndex(sheet01, n, 0, dashboardName): null

03-03-2025T13:41:04 - [TEST_STEP][PASSED] - setValueToCellByIndex(sheet01, n, 1, dZO): null

03-03-2025T13:41:04 - [TEST_STEP][PASSED] - setValueToCellByIndex(sheet01, n, 2, typeOfData): null

03-03-2025T13:41:04 - [TEST_STEP][PASSED] - if (typeOfData == "Факт в процентах" || typeOfData == "План в процентах"): null

03-03-2025T13:41:04 - [TEST_STEP][PASSED] - else: null

03-03-2025T13:41:04 - [TEST_STEP][PASSED] - setValueToCellByIndex(sheet01, n, 3, fileInt): null

03-03-2025T13:41:04 - [TEST_STEP][PASSED] - setValueToCellByIndex(sheet01, n, 4, pageInt): null

03-03-2025T13:41:04 - [TEST_STEP][PASSED] - setValueToCellByIndex(sheet01, n, 5, m): null

03-03-2025T13:41:04 - [TEST_STEP][PASSED] - setValueToCellByIndex(sheet01, n, 6, y): null

03-03-2025T13:41:04 - [TEST_STEP][PASSED] - setValueToCellByIndex(sheet01, n, 7, todaysDate): null

03-03-2025T13:41:04 - [TEST_STEP][PASSED] - n = n + 1: null

03-03-2025T13:41:04 - [TEST_STEP][PASSED] - saveWorkbook(excelFilePath, workbook01): null

03-03-2025T13:41:04 - [TEST_STEP][PASSED] - if (planFact == 2): null

03-03-2025T13:41:04 - [TEST_STEP][PASSED] - if (planFact == 1): null

03-03-2025T13:41:04 - [TEST_STEP][PASSED] - else if (planFact == 2): null

03-03-2025T13:41:04 - [TEST_STEP][PASSED] - click(findTestObject("Выполнение бизнес-плана/Кнопка План")): Object: 'Object Repository/Выполнение бизнес-плана/Кнопка План' is clicked on

03-03-2025T13:41:04 - [MESSAGE][PASSED] - Object: 'Object Repository/Выполнение бизнес-плана/Кнопка План' is clicked on

03-03-2025T13:41:04 - [TEST_STEP][PASSED] - typeOfDataMain = "План": null

03-03-2025T13:41:04 - [TEST_STEP][PASSED] - otpusk = findTestData("PlanFact").getValue(2, a): null

03-03-2025T13:41:04 - [TEST_STEP][PASSED] - poteri = findTestData("PlanFact").getValue(3, a): null

03-03-2025T13:41:04 - [TEST_STEP][PASSED] - otpusk = otpusk.replaceAll("\s+", ""): null

03-03-2025T13:41:04 - [TEST_STEP][PASSED] - poteri = poteri.replaceAll("\s+", ""): null

03-03-2025T13:41:04 - [TEST_STEP][PASSED] - typeOfData = typeOfDataMain + " Отпуск в сеть": null

03-03-2025T13:41:04 - [TEST_STEP][PASSED] - if (a == 82): null

03-03-2025T13:41:04 - [TEST_STEP][PASSED] - else if (a == 84): null

03-03-2025T13:41:04 - [TEST_STEP][PASSED] - else if (a == 83 || a == 52 || a == 72 || a == 28 || a == 73 || a == 77 || a == 74 || a == 65 || a == 36 || a == 44 || a == 53 || a == 80 || a == 54 || a == 1 || a == 18 || a == 59 || a == 81): null

03-03-2025T13:41:04 - [TEST_STEP][PASSED] - else: null

03-03-2025T13:41:04 - [TEST_STEP][PASSED] - path = dataFolder + typeOfData + " за отчётный период " + b: null

03-03-2025T13:41:04 - [TEST_STEP][PASSED] - println(path): null

03-03-2025T13:41:04 - [TEST_STEP][PASSED] - page = getText(findTestObject(path)): Text of object 'Object Repository/Выполнение бизнес-плана/Значения со страницы Выполнение бизнес-плана/План Отпуск в сеть за отчётный период Воронежская горэлектросеть' is: '194 450'

03-03-2025T13:41:05 - [MESSAGE][PASSED] - Text of object 'Object Repository/Выполнение бизнес-плана/Значения со страницы Выполнение бизнес-плана/План Отпуск в сеть за отчётный период Воронежская горэлектросеть' is: '194 450'

03-03-2025T13:41:05 - [TEST_STEP][PASSED] - if (page == "" || page == null): null

03-03-2025T13:41:05 - [TEST_STEP][PASSED] - else: null

03-03-2025T13:41:05 - [TEST_STEP][PASSED] - page = page.replaceAll("\s+", ""): null

03-03-2025T13:41:05 - [TEST_STEP][PASSED] - fileOtpuskVSet = otpusk.toInteger(): null

03-03-2025T13:41:05 - [TEST_STEP][PASSED] - pageOtpuskVSet = page.toInteger(): null

03-03-2025T13:41:05 - [TEST_STEP][PASSED] - typeOfData = typeOfDataMain + " Потери": null

03-03-2025T13:41:05 - [TEST_STEP][PASSED] - if (a == 82): null

03-03-2025T13:41:05 - [TEST_STEP][PASSED] - else if (a == 84): null

03-03-2025T13:41:05 - [TEST_STEP][PASSED] - else if (a == 83 || a == 52 || a == 72 || a == 28 || a == 73 || a == 77 || a == 74 || a == 65 || a == 44 || a == 53 || a == 80 || a == 54 || a == 1 || a == 18 || a == 59 || a == 81): null

03-03-2025T13:41:05 - [TEST_STEP][PASSED] - else: null

03-03-2025T13:41:05 - [TEST_STEP][PASSED] - path = dataFolder + typeOfData + " за отчётный период " + b: null

03-03-2025T13:41:05 - [TEST_STEP][PASSED] - page = getText(findTestObject(path)): Text of object 'Object Repository/Выполнение бизнес-плана/Значения со страницы Выполнение бизнес-плана/План Потери за отчётный период Воронежская горэлектросеть' is: '38 558'

03-03-2025T13:41:05 - [MESSAGE][PASSED] - Text of object 'Object Repository/Выполнение бизнес-плана/Значения со страницы Выполнение бизнес-плана/План Потери за отчётный период Воронежская горэлектросеть' is: '38 558'

03-03-2025T13:41:05 - [TEST_STEP][PASSED] - if (page == "" || page == null): null

03-03-2025T13:41:05 - [TEST_STEP][PASSED] - else: null

03-03-2025T13:41:05 - [TEST_STEP][PASSED] - page = page.replaceAll("\s+", ""): null

03-03-2025T13:41:05 - [TEST_STEP][PASSED] - filePoteri = poteri.toInteger(): null

03-03-2025T13:41:05 - [TEST_STEP][PASSED] - pagePoteri = page.toInteger(): null

03-03-2025T13:41:05 - [TEST_STEP][PASSED] - compare = pageOtpuskVSet: null

03-03-2025T13:41:05 - [TEST_STEP][PASSED] - if (pageOtpuskVSet != null): null

03-03-2025T13:41:05 - [TEST_STEP][PASSED] - if (compare == fileOtpuskVSet): null

03-03-2025T13:41:05 - [TEST_STEP][PASSED] - else if (compare > fileOtpuskVSet): null

03-03-2025T13:41:05 - [TEST_STEP][PASSED] - else if (compare < fileOtpuskVSet): null

03-03-2025T13:41:05 - [TEST_STEP][PASSED] - compare = compare + 1: null

03-03-2025T13:41:05 - [TEST_STEP][PASSED] - if (compare == fileOtpuskVSet): null

03-03-2025T13:41:05 - [TEST_STEP][PASSED] - else: null

03-03-2025T13:41:05 - [TEST_STEP][PASSED] - numberOfErrors = numberOfErrors + 1: null

03-03-2025T13:41:05 - [TEST_STEP][PASSED] - pageInt = pageOtpuskVSet: null

03-03-2025T13:41:05 - [TEST_STEP][PASSED] - fileInt = fileOtpuskVSet: null

03-03-2025T13:41:05 - [TEST_STEP][PASSED] - typeOfData = typeOfDataMain + " Отпуск в сеть": null

03-03-2025T13:41:05 - [TEST_STEP][PASSED] - Script1718980020443.WriteToExcel(a, typeOfData, todaysDate, pageInt, fileInt, pageDouble, fileDouble, dZO): null

03-03-2025T13:41:05 - [TEST_STEP][PASSED] - sheetName = "Sheet1": null

03-03-2025T13:41:05 - [TEST_STEP][PASSED] - data = findTestData("PlanFact"): null

03-03-2025T13:41:05 - [TEST_STEP][PASSED] - n = data.getRowNumbers() + 1: null

03-03-2025T13:41:05 - [TEST_STEP][PASSED] - day = ")).toInteger(): null

03-03-2025T13:41:05 - [TEST_STEP][PASSED] - println(day): null

03-03-2025T13:41:05 - [TEST_STEP][PASSED] - month = ")).toInteger(): null

03-03-2025T13:41:05 - [TEST_STEP][PASSED] - println(month): null

03-03-2025T13:41:05 - [TEST_STEP][PASSED] - y = <not implemented yet for class: org.codehaus.groovy.ast.expr.EmptyExpression>: null

03-03-2025T13:41:05 - [TEST_STEP][PASSED] - iy = <not implemented yet for class: org.codehaus.groovy.ast.expr.EmptyExpression>: null

03-03-2025T13:41:05 - [TEST_STEP][PASSED] - m = getText(findTestObject("Выполнение бизнес-плана/Период")): Text of object 'Object Repository/Выполнение бизнес-плана/Период' is: '2024 год'

03-03-2025T13:41:05 - [MESSAGE][PASSED] - Text of object 'Object Repository/Выполнение бизнес-плана/Период' is: '2024 год'

03-03-2025T13:41:05 - [TEST_STEP][PASSED] - iy = m.indexOf("20"): null

03-03-2025T13:41:05 - [TEST_STEP][PASSED] - if (iy > -1): null

03-03-2025T13:41:05 - [TEST_STEP][PASSED] - y = substring(iy, iy + 4).toInteger(): null

03-03-2025T13:41:05 - [TEST_STEP][PASSED] - println(y): null

03-03-2025T13:41:05 - [TEST_STEP][PASSED] - if (toString().length() == 4): null

03-03-2025T13:41:05 - [TEST_STEP][PASSED] - m = m.substring(0, m.indexOf(y.toString())): null

03-03-2025T13:41:05 - [TEST_STEP][PASSED] - m = m.trim(): null

03-03-2025T13:41:05 - [TEST_STEP][PASSED] - if (m == ""): null

03-03-2025T13:41:05 - [TEST_STEP][PASSED] - m = "весь год": null

03-03-2025T13:41:05 - [TEST_STEP][PASSED] - dashboardName = "Выполнение бизнес-плана": null

03-03-2025T13:41:05 - [TEST_STEP][PASSED] - workbook01 = getWorkbook(excelFilePath): null

03-03-2025T13:41:05 - [TEST_STEP][PASSED] - sheet01 = getExcelSheet(workbook01, sheetName): null

03-03-2025T13:41:05 - [TEST_STEP][PASSED] - setValueToCellByIndex(sheet01, n, 0, dashboardName): null

03-03-2025T13:41:05 - [TEST_STEP][PASSED] - setValueToCellByIndex(sheet01, n, 1, dZO): null

03-03-2025T13:41:05 - [TEST_STEP][PASSED] - setValueToCellByIndex(sheet01, n, 2, typeOfData): null

03-03-2025T13:41:05 - [TEST_STEP][PASSED] - if (typeOfData == "Факт в процентах" || typeOfData == "План в процентах"): null

03-03-2025T13:41:05 - [TEST_STEP][PASSED] - else: null

03-03-2025T13:41:05 - [TEST_STEP][PASSED] - setValueToCellByIndex(sheet01, n, 3, fileInt): null

03-03-2025T13:41:05 - [TEST_STEP][PASSED] - setValueToCellByIndex(sheet01, n, 4, pageInt): null

03-03-2025T13:41:05 - [TEST_STEP][PASSED] - setValueToCellByIndex(sheet01, n, 5, m): null

03-03-2025T13:41:05 - [TEST_STEP][PASSED] - setValueToCellByIndex(sheet01, n, 6, y): null

03-03-2025T13:41:05 - [TEST_STEP][PASSED] - setValueToCellByIndex(sheet01, n, 7, todaysDate): null

03-03-2025T13:41:05 - [TEST_STEP][PASSED] - n = n + 1: null

03-03-2025T13:41:05 - [TEST_STEP][PASSED] - saveWorkbook(excelFilePath, workbook01): null

03-03-2025T13:41:06 - [TEST_STEP][PASSED] - compare = pagePoteri: null

03-03-2025T13:41:06 - [TEST_STEP][PASSED] - if (pageOtpuskVSet != null): null

03-03-2025T13:41:06 - [TEST_STEP][PASSED] - if (compare == filePoteri): null

03-03-2025T13:41:06 - [TEST_STEP][PASSED] - else if (compare > filePoteri): null

03-03-2025T13:41:06 - [TEST_STEP][PASSED] - else if (compare < filePoteri): null

03-03-2025T13:41:06 - [TEST_STEP][PASSED] - compare = compare + 1: null

03-03-2025T13:41:06 - [TEST_STEP][PASSED] - if (compare == filePoteri): null

03-03-2025T13:41:06 - [TEST_STEP][PASSED] - else: null

03-03-2025T13:41:06 - [TEST_STEP][PASSED] - numberOfErrors = numberOfErrors + 1: null

03-03-2025T13:41:06 - [TEST_STEP][PASSED] - pageInt = pagePoteri: null

03-03-2025T13:41:06 - [TEST_STEP][PASSED] - fileInt = filePoteri: null

03-03-2025T13:41:06 - [TEST_STEP][PASSED] - typeOfData = typeOfDataMain + " Потери": null

03-03-2025T13:41:06 - [TEST_STEP][PASSED] - Script1718980020443.WriteToExcel(a, typeOfData, todaysDate, pageInt, fileInt, pageDouble, fileDouble, dZO): null

03-03-2025T13:41:06 - [TEST_STEP][PASSED] - sheetName = "Sheet1": null

03-03-2025T13:41:06 - [TEST_STEP][PASSED] - data = findTestData("PlanFact"): null

03-03-2025T13:41:06 - [TEST_STEP][PASSED] - n = data.getRowNumbers() + 1: null

03-03-2025T13:41:06 - [TEST_STEP][PASSED] - day = ")).toInteger(): null

03-03-2025T13:41:06 - [TEST_STEP][PASSED] - println(day): null

03-03-2025T13:41:06 - [TEST_STEP][PASSED] - month = ")).toInteger(): null

03-03-2025T13:41:06 - [TEST_STEP][PASSED] - println(month): null

03-03-2025T13:41:06 - [TEST_STEP][PASSED] - y = <not implemented yet for class: org.codehaus.groovy.ast.expr.EmptyExpression>: null

03-03-2025T13:41:06 - [TEST_STEP][PASSED] - iy = <not implemented yet for class: org.codehaus.groovy.ast.expr.EmptyExpression>: null

03-03-2025T13:41:06 - [TEST_STEP][PASSED] - m = getText(findTestObject("Выполнение бизнес-плана/Период")): Text of object 'Object Repository/Выполнение бизнес-плана/Период' is: '2024 год'

03-03-2025T13:41:06 - [MESSAGE][PASSED] - Text of object 'Object Repository/Выполнение бизнес-плана/Период' is: '2024 год'

03-03-2025T13:41:06 - [TEST_STEP][PASSED] - iy = m.indexOf("20"): null

03-03-2025T13:41:06 - [TEST_STEP][PASSED] - if (iy > -1): null

03-03-2025T13:41:06 - [TEST_STEP][PASSED] - y = substring(iy, iy + 4).toInteger(): null

03-03-2025T13:41:06 - [TEST_STEP][PASSED] - println(y): null

03-03-2025T13:41:06 - [TEST_STEP][PASSED] - if (toString().length() == 4): null

03-03-2025T13:41:06 - [TEST_STEP][PASSED] - m = m.substring(0, m.indexOf(y.toString())): null

03-03-2025T13:41:06 - [TEST_STEP][PASSED] - m = m.trim(): null

03-03-2025T13:41:06 - [TEST_STEP][PASSED] - if (m == ""): null

03-03-2025T13:41:06 - [TEST_STEP][PASSED] - m = "весь год": null

03-03-2025T13:41:06 - [TEST_STEP][PASSED] - dashboardName = "Выполнение бизнес-плана": null

03-03-2025T13:41:06 - [TEST_STEP][PASSED] - workbook01 = getWorkbook(excelFilePath): null

03-03-2025T13:41:06 - [TEST_STEP][PASSED] - sheet01 = getExcelSheet(workbook01, sheetName): null

03-03-2025T13:41:06 - [TEST_STEP][PASSED] - setValueToCellByIndex(sheet01, n, 0, dashboardName): null

03-03-2025T13:41:06 - [TEST_STEP][PASSED] - setValueToCellByIndex(sheet01, n, 1, dZO): null

03-03-2025T13:41:06 - [TEST_STEP][PASSED] - setValueToCellByIndex(sheet01, n, 2, typeOfData): null

03-03-2025T13:41:06 - [TEST_STEP][PASSED] - if (typeOfData == "Факт в процентах" || typeOfData == "План в процентах"): null

03-03-2025T13:41:06 - [TEST_STEP][PASSED] - else: null

03-03-2025T13:41:06 - [TEST_STEP][PASSED] - setValueToCellByIndex(sheet01, n, 3, fileInt): null

03-03-2025T13:41:06 - [TEST_STEP][PASSED] - setValueToCellByIndex(sheet01, n, 4, pageInt): null

03-03-2025T13:41:06 - [TEST_STEP][PASSED] - setValueToCellByIndex(sheet01, n, 5, m): null

03-03-2025T13:41:06 - [TEST_STEP][PASSED] - setValueToCellByIndex(sheet01, n, 6, y): null

03-03-2025T13:41:06 - [TEST_STEP][PASSED] - setValueToCellByIndex(sheet01, n, 7, todaysDate): null

03-03-2025T13:41:06 - [TEST_STEP][PASSED] - n = n + 1: null

03-03-2025T13:41:06 - [TEST_STEP][PASSED] - saveWorkbook(excelFilePath, workbook01): Object: 'Object Repository/Выполнение бизнес-плана/Кнопка Факт' is clicked on

03-03-2025T13:41:06 - [TEST_STEP][PASSED] - if (planFact == 2): Object: 'Object Repository/Выполнение бизнес-плана/Кнопка Факт' is clicked on

03-03-2025T13:41:06 - [TEST_STEP][PASSED] - click(findTestObject("Выполнение бизнес-плана/Кнопка Факт")): Object: 'Object Repository/Выполнение бизнес-плана/Кнопка Факт' is clicked on

03-03-2025T13:41:07 - [MESSAGE][PASSED] - Object: 'Object Repository/Выполнение бизнес-плана/Кнопка Факт' is clicked on

03-03-2025T13:41:07 - [TEST_STEP][PASSED] - println("a=" + a): null

03-03-2025T13:41:07 - [TEST_STEP][PASSED] - if (a == 84 || a == 82): null

03-03-2025T13:41:07 - [TEST_STEP][PASSED] - else if (a == 83 || a == 52 || a == 72 || a == 28 || a == 73 || a == 77 || a == 74 || a == 65 || a == 36 || a == 44 || a == 53 || a == 80 || a == 54 || a == 1 || a == 18 || a == 59 || a == 81): null

03-03-2025T13:41:07 - [TEST_STEP][PASSED] - else: null

03-03-2025T13:41:07 - [TEST_STEP][PASSED] - page1 = getText(findTestObject("Object Repository/Выполнение бизнес-плана/spanPlan" + filialNum)): Text of object 'Object Repository/Выполнение бизнес-плана/spanPlan1' is: '13.81
|'

03-03-2025T13:41:07 - [MESSAGE][PASSED] - Text of object 'Object Repository/Выполнение бизнес-плана/spanPlan1' is: '13.81
|'

03-03-2025T13:41:07 - [TEST_STEP][PASSED] - page1 = page1.replace("|", ""): null

03-03-2025T13:41:07 - [TEST_STEP][PASSED] - page2 = getText(findTestObject("Object Repository/Выполнение бизнес-плана/spanFact" + filialNum)): Text of object 'Object Repository/Выполнение бизнес-плана/spanFact1' is: '13.79
|'

03-03-2025T13:41:07 - [MESSAGE][PASSED] - Text of object 'Object Repository/Выполнение бизнес-плана/spanFact1' is: '13.79
|'

03-03-2025T13:41:07 - [TEST_STEP][PASSED] - page2 = page2.replace("|", ""): null

03-03-2025T13:41:07 - [TEST_STEP][PASSED] - println("page1: " + page1): null

03-03-2025T13:41:07 - [TEST_STEP][PASSED] - println("page2: " + page2): null

03-03-2025T13:41:07 - [TEST_STEP][PASSED] - file = findTestData("PlanFact").getValue(4, a): null

03-03-2025T13:41:07 - [TEST_STEP][PASSED] - file = file.replace(",", "."): null

03-03-2025T13:41:07 - [TEST_STEP][PASSED] - println("file Plan: " + file): null

03-03-2025T13:41:07 - [TEST_STEP][PASSED] - typeOfData = "План в процентах": null

03-03-2025T13:41:07 - [TEST_STEP][PASSED] - fileDouble = file.toDouble(): null

03-03-2025T13:41:07 - [TEST_STEP][PASSED] - pageDouble = page1.toDouble(): null

03-03-2025T13:41:07 - [TEST_STEP][PASSED] - if (fileDouble != pageDouble): null

03-03-2025T13:41:07 - [TEST_STEP][PASSED] - file = findTestData("PlanFact").getValue(7, a): null

03-03-2025T13:41:07 - [TEST_STEP][PASSED] - file = file.replace(",", "."): null

03-03-2025T13:41:07 - [TEST_STEP][PASSED] - println("file Fact: " + file): null

03-03-2025T13:41:07 - [TEST_STEP][PASSED] - fileDouble = file.toDouble(): null

03-03-2025T13:41:07 - [TEST_STEP][PASSED] - typeOfData = "Факт в процентах": null

03-03-2025T13:41:07 - [TEST_STEP][PASSED] - fileDouble = file.toDouble(): null

03-03-2025T13:41:07 - [TEST_STEP][PASSED] - pageDouble = page2.toDouble(): null

03-03-2025T13:41:07 - [TEST_STEP][PASSED] - if (fileDouble != pageDouble): null

03-03-2025T13:41:07 - [TEST_STEP][FAILED] - if (verifyEqual(numberOfErrors, 0) == false): null

03-03-2025T13:41:07 - [MESSAGE][FAILED] - Unable to verify equal between actual object '4' and expected object '0' (Root cause: com.kms.katalon.core.exception.StepFailedException: Actual object '4' and expected object '0' are not equal
	at com.kms.katalon.core.keyword.builtin.VerifyEqualKeyword$_verifyEqual_closure1.doCall(VerifyEqualKeyword.groovy:58)
	at com.kms.katalon.core.keyword.builtin.VerifyEqualKeyword$_verifyEqual_closure1.call(VerifyEqualKeyword.groovy)
	at com.kms.katalon.core.keyword.internal.KeywordMain.runKeyword(KeywordMain.groovy:75)
	at com.kms.katalon.core.keyword.builtin.VerifyEqualKeyword.verifyEqual(VerifyEqualKeyword.groovy:63)
	at com.kms.katalon.core.keyword.builtin.VerifyEqualKeyword.execute(VerifyEqualKeyword.groovy:44)
	at com.kms.katalon.core.keyword.internal.KeywordExecutor.executeKeywordForPlatform(KeywordExecutor.groovy:74)
	at com.kms.katalon.core.keyword.BuiltinKeywords.verifyEqual(BuiltinKeywords.groovy:146)
	at jdk.internal.reflect.GeneratedMethodAccessor24.invoke(Unknown Source)
	at java.base/jdk.internal.reflect.DelegatingMethodAccessorImpl.invoke(DelegatingMethodAccessorImpl.java:43)
	at Выполнение бизнес-плана Сверка ПАО Россети все филиалы.Numbers(Выполнение бизнес-плана Сверка ПАО Россети все филиалы:736)
	at Выполнение бизнес-плана Сверка ПАО Россети все филиалы.Filials(Выполнение бизнес-плана Сверка ПАО Россети все филиалы:1159)
	at Выполнение бизнес-плана Сверка ПАО Россети все филиалы.Numbers(Выполнение бизнес-плана Сверка ПАО Россети все филиалы:743)
	at Выполнение бизнес-плана Сверка ПАО Россети все филиалы.run(Выполнение бизнес-плана Сверка ПАО Россети все филиалы:364)
	at com.kms.katalon.core.main.ScriptEngine.run(ScriptEngine.java:194)
	at com.kms.katalon.core.main.ScriptEngine.runScriptAsRawText(ScriptEngine.java:119)
	at com.kms.katalon.core.main.TestCaseExecutor.runScript(TestCaseExecutor.java:448)
	at com.kms.katalon.core.main.TestCaseExecutor.doExecute(TestCaseExecutor.java:439)
	at com.kms.katalon.core.main.TestCaseExecutor.processExecutionPhase(TestCaseExecutor.java:418)
	at com.kms.katalon.core.main.TestCaseExecutor.accessMainPhase(TestCaseExecutor.java:410)
	at com.kms.katalon.core.main.TestCaseExecutor.execute(TestCaseExecutor.java:285)
	at com.kms.katalon.core.common.CommonExecutor.accessTestCaseMainPhase(CommonExecutor.java:65)
	at com.kms.katalon.core.main.TestSuiteExecutor.accessTestSuiteMainPhase(TestSuiteExecutor.java:150)
	at com.kms.katalon.core.main.TestSuiteExecutor.execute(TestSuiteExecutor.java:106)
	at com.kms.katalon.core.main.TestCaseMain.startTestSuite(TestCaseMain.java:180)
	at TempTestSuite1740991900055.run(TempTestSuite1740991900055.groovy:35)
	at java.base/jdk.internal.reflect.NativeMethodAccessorImpl.invoke0(Native Method)
	at java.base/jdk.internal.reflect.NativeMethodAccessorImpl.invoke(NativeMethodAccessorImpl.java:77)
	at java.base/jdk.internal.reflect.DelegatingMethodAccessorImpl.invoke(DelegatingMethodAccessorImpl.java:43)
)

03-03-2025T13:41:07 - [TEST_STEP][PASSED] - println(numberOfErrors): null

03-03-2025T13:41:07 - [TEST_STEP][PASSED] - println("a=" + a): null

03-03-2025T13:41:07 - [TEST_STEP][PASSED] - if (a == 28 || a == 77 || a == 74 || a == 65 || a == 36 || a == 44 || a == 54 || a == 1 || a == 18 || a == 59): null

03-03-2025T13:41:07 - [TEST_STEP][PASSED] - if (a == 82): null

03-03-2025T13:41:07 - [TEST_STEP][PASSED] - dZO = "АО «Тульские городские электрические сети»": null

03-03-2025T13:41:07 - [TEST_STEP][PASSED] - a = 16: null

03-03-2025T13:41:07 - [TEST_STEP][PASSED] - i = dZO.length() - 1: null

03-03-2025T13:41:07 - [TEST_STEP][PASSED] - dzoCut = substring(4, i).replaceAll("\s+", ""): null

03-03-2025T13:41:07 - [TEST_STEP][PASSED] - if (x2.contains(dzoCut)): null

03-03-2025T13:41:07 - [TEST_STEP][PASSED] - filialNum = filialNum + 1: null

03-03-2025T13:41:07 - [TEST_STEP][PASSED] - Script1718980020443.Numbers(a, typeOfData, todaysDate, pageInt, fileInt, pageDouble, fileDouble, dZO, dzoNum, filialNum): null

03-03-2025T13:41:07 - [TEST_STEP][PASSED] - println(dzoNum): null

03-03-2025T13:41:07 - [TEST_STEP][PASSED] - planFact = <not implemented yet for class: org.codehaus.groovy.ast.expr.EmptyExpression>: null

03-03-2025T13:41:07 - [TEST_STEP][PASSED] - page = <not implemented yet for class: org.codehaus.groovy.ast.expr.EmptyExpression>: null

03-03-2025T13:41:07 - [TEST_STEP][PASSED] - page1 = <not implemented yet for class: org.codehaus.groovy.ast.expr.EmptyExpression>: null

03-03-2025T13:41:07 - [TEST_STEP][PASSED] - page2 = <not implemented yet for class: org.codehaus.groovy.ast.expr.EmptyExpression>: null

03-03-2025T13:41:07 - [TEST_STEP][PASSED] - filialNumberInRow = <not implemented yet for class: org.codehaus.groovy.ast.expr.EmptyExpression>: null

03-03-2025T13:41:07 - [TEST_STEP][PASSED] - filialsDzoNames = <not implemented yet for class: org.codehaus.groovy.ast.expr.EmptyExpression>: null

03-03-2025T13:41:07 - [TEST_STEP][PASSED] - numberOfFilials = <not implemented yet for class: org.codehaus.groovy.ast.expr.EmptyExpression>: null

03-03-2025T13:41:07 - [TEST_STEP][PASSED] - numberOfSpaces = <not implemented yet for class: org.codehaus.groovy.ast.expr.EmptyExpression>: null

03-03-2025T13:41:07 - [TEST_STEP][PASSED] - file = <not implemented yet for class: org.codehaus.groovy.ast.expr.EmptyExpression>: null

03-03-2025T13:41:07 - [TEST_STEP][PASSED] - otpusk = <not implemented yet for class: org.codehaus.groovy.ast.expr.EmptyExpression>: null

03-03-2025T13:41:07 - [TEST_STEP][PASSED] - poteri = <not implemented yet for class: org.codehaus.groovy.ast.expr.EmptyExpression>: null

03-03-2025T13:41:07 - [TEST_STEP][PASSED] - dataFolder = "Выполнение бизнес-плана/Значения со страницы Выполнение бизнес-плана/": null

03-03-2025T13:41:07 - [TEST_STEP][PASSED] - path = <not implemented yet for class: org.codehaus.groovy.ast.expr.EmptyExpression>: null

03-03-2025T13:41:07 - [TEST_STEP][PASSED] - typeOfDataMain = <not implemented yet for class: org.codehaus.groovy.ast.expr.EmptyExpression>: null

03-03-2025T13:41:07 - [TEST_STEP][PASSED] - fileOtpuskVSet = <not implemented yet for class: org.codehaus.groovy.ast.expr.EmptyExpression>: null

03-03-2025T13:41:07 - [TEST_STEP][PASSED] - pageOtpuskVSet = <not implemented yet for class: org.codehaus.groovy.ast.expr.EmptyExpression>: null

03-03-2025T13:41:07 - [TEST_STEP][PASSED] - filePoteri = <not implemented yet for class: org.codehaus.groovy.ast.expr.EmptyExpression>: null

03-03-2025T13:41:07 - [TEST_STEP][PASSED] - pagePoteri = <not implemented yet for class: org.codehaus.groovy.ast.expr.EmptyExpression>: null

03-03-2025T13:41:07 - [TEST_STEP][PASSED] - compare = <not implemented yet for class: org.codehaus.groovy.ast.expr.EmptyExpression>: null

03-03-2025T13:41:07 - [TEST_STEP][PASSED] - b = <not implemented yet for class: org.codehaus.groovy.ast.expr.EmptyExpression>: null

03-03-2025T13:41:07 - [TEST_STEP][PASSED] - i = <not implemented yet for class: org.codehaus.groovy.ast.expr.EmptyExpression>: null

03-03-2025T13:41:07 - [TEST_STEP][PASSED] - ii = <not implemented yet for class: org.codehaus.groovy.ast.expr.EmptyExpression>: null

03-03-2025T13:41:07 - [TEST_STEP][PASSED] - c = <not implemented yet for class: org.codehaus.groovy.ast.expr.EmptyExpression>: null

03-03-2025T13:41:07 - [TEST_STEP][PASSED] - numberOfErrors = 0: null

03-03-2025T13:41:07 - [TEST_STEP][PASSED] - if (a == 82): null

03-03-2025T13:41:07 - [TEST_STEP][PASSED] - b = findTestData("PlanFact").getValue(1, a): null

03-03-2025T13:41:07 - [TEST_STEP][PASSED] - i = b.indexOf(" (ГК)"): null

03-03-2025T13:41:07 - [TEST_STEP][PASSED] - if (i > -1): null

03-03-2025T13:41:07 - [TEST_STEP][PASSED] - i = b.indexOf("О ""): null

03-03-2025T13:41:07 - [TEST_STEP][PASSED] - if (i > -1): null

03-03-2025T13:41:07 - [TEST_STEP][PASSED] - i = b.indexOf("О «"): null

03-03-2025T13:41:07 - [TEST_STEP][PASSED] - if (i > -1): null

03-03-2025T13:41:07 - [TEST_STEP][PASSED] - b = b.substring(i + 3, b.length()): null

03-03-2025T13:41:07 - [TEST_STEP][PASSED] - i = b.indexOf("»"): null

03-03-2025T13:41:07 - [TEST_STEP][PASSED] - b = b.substring(0, i): null

03-03-2025T13:41:07 - [TEST_STEP][PASSED] - i = b.indexOf("г. "): null

03-03-2025T13:41:07 - [TEST_STEP][PASSED] - if (i > -1): null

03-03-2025T13:41:07 - [TEST_STEP][PASSED] - b = b.trim(): null

03-03-2025T13:41:07 - [TEST_STEP][PASSED] - println(b): null

03-03-2025T13:41:07 - [TEST_STEP][PASSED] - for ([planFact = 1, planFact < 3, (planFact++)]): null

03-03-2025T13:41:07 - [TEST_STEP][PASSED] - if (planFact == 1): null

03-03-2025T13:41:07 - [TEST_STEP][PASSED] - typeOfDataMain = "Факт": null

03-03-2025T13:41:07 - [TEST_STEP][PASSED] - otpusk = findTestData("PlanFact").getValue(5, a): null

03-03-2025T13:41:07 - [TEST_STEP][PASSED] - poteri = findTestData("PlanFact").getValue(6, a): null

03-03-2025T13:41:08 - [TEST_STEP][PASSED] - otpusk = otpusk.replaceAll("\s+", ""): null

03-03-2025T13:41:08 - [TEST_STEP][PASSED] - poteri = poteri.replaceAll("\s+", ""): null

03-03-2025T13:41:08 - [TEST_STEP][PASSED] - typeOfData = typeOfDataMain + " Отпуск в сеть": null

03-03-2025T13:41:08 - [TEST_STEP][PASSED] - if (a == 82): null

03-03-2025T13:41:08 - [TEST_STEP][PASSED] - else if (a == 84): null

03-03-2025T13:41:08 - [TEST_STEP][PASSED] - else if (a == 83 || a == 52 || a == 72 || a == 28 || a == 73 || a == 77 || a == 74 || a == 65 || a == 36 || a == 44 || a == 53 || a == 80 || a == 54 || a == 1 || a == 18 || a == 59 || a == 81): null

03-03-2025T13:41:08 - [TEST_STEP][PASSED] - else: null

03-03-2025T13:41:08 - [TEST_STEP][PASSED] - path = dataFolder + typeOfData + " за отчётный период " + b: null

03-03-2025T13:41:08 - [TEST_STEP][PASSED] - println(path): null

03-03-2025T13:41:08 - [TEST_STEP][PASSED] - page = getText(findTestObject(path)): Text of object 'Object Repository/Выполнение бизнес-плана/Значения со страницы Выполнение бизнес-плана/Факт Отпуск в сеть за отчётный период Тульские городские электрические сети' is: '118 224'

03-03-2025T13:41:08 - [MESSAGE][PASSED] - Text of object 'Object Repository/Выполнение бизнес-плана/Значения со страницы Выполнение бизнес-плана/Факт Отпуск в сеть за отчётный период Тульские городские электрические сети' is: '118 224'

03-03-2025T13:41:08 - [TEST_STEP][PASSED] - if (page == "" || page == null): null

03-03-2025T13:41:08 - [TEST_STEP][PASSED] - else: null

03-03-2025T13:41:08 - [TEST_STEP][PASSED] - page = page.replaceAll("\s+", ""): null

03-03-2025T13:41:08 - [TEST_STEP][PASSED] - fileOtpuskVSet = otpusk.toInteger(): null

03-03-2025T13:41:08 - [TEST_STEP][PASSED] - pageOtpuskVSet = page.toInteger(): null

03-03-2025T13:41:08 - [TEST_STEP][PASSED] - typeOfData = typeOfDataMain + " Потери": null

03-03-2025T13:41:08 - [TEST_STEP][PASSED] - if (a == 82): null

03-03-2025T13:41:08 - [TEST_STEP][PASSED] - else if (a == 84): null

03-03-2025T13:41:08 - [TEST_STEP][PASSED] - else if (a == 83 || a == 52 || a == 72 || a == 28 || a == 73 || a == 77 || a == 74 || a == 65 || a == 44 || a == 53 || a == 80 || a == 54 || a == 1 || a == 18 || a == 59 || a == 81): null

03-03-2025T13:41:08 - [TEST_STEP][PASSED] - else: null

03-03-2025T13:41:08 - [TEST_STEP][PASSED] - path = dataFolder + typeOfData + " за отчётный период " + b: null

03-03-2025T13:41:08 - [TEST_STEP][PASSED] - page = getText(findTestObject(path)): Text of object 'Object Repository/Выполнение бизнес-плана/Значения со страницы Выполнение бизнес-плана/Факт Потери за отчётный период Тульские городские электрические сети' is: '20 366'

03-03-2025T13:41:08 - [MESSAGE][PASSED] - Text of object 'Object Repository/Выполнение бизнес-плана/Значения со страницы Выполнение бизнес-плана/Факт Потери за отчётный период Тульские городские электрические сети' is: '20 366'

03-03-2025T13:41:08 - [TEST_STEP][PASSED] - if (page == "" || page == null): null

03-03-2025T13:41:08 - [TEST_STEP][PASSED] - else: null

03-03-2025T13:41:08 - [TEST_STEP][PASSED] - page = page.replaceAll("\s+", ""): null

03-03-2025T13:41:08 - [TEST_STEP][PASSED] - filePoteri = poteri.toInteger(): null

03-03-2025T13:41:08 - [TEST_STEP][PASSED] - pagePoteri = page.toInteger(): null

03-03-2025T13:41:08 - [TEST_STEP][PASSED] - compare = pageOtpuskVSet: null

03-03-2025T13:41:08 - [TEST_STEP][PASSED] - if (pageOtpuskVSet != null): null

03-03-2025T13:41:08 - [TEST_STEP][PASSED] - if (compare == fileOtpuskVSet): null

03-03-2025T13:41:08 - [TEST_STEP][PASSED] - else if (compare > fileOtpuskVSet): null

03-03-2025T13:41:08 - [TEST_STEP][PASSED] - else if (compare < fileOtpuskVSet): null

03-03-2025T13:41:08 - [TEST_STEP][PASSED] - compare = compare + 1: null

03-03-2025T13:41:08 - [TEST_STEP][PASSED] - if (compare == fileOtpuskVSet): null

03-03-2025T13:41:08 - [TEST_STEP][PASSED] - else: null

03-03-2025T13:41:08 - [TEST_STEP][PASSED] - numberOfErrors = numberOfErrors + 1: null

03-03-2025T13:41:08 - [TEST_STEP][PASSED] - pageInt = pageOtpuskVSet: null

03-03-2025T13:41:08 - [TEST_STEP][PASSED] - fileInt = fileOtpuskVSet: null

03-03-2025T13:41:08 - [TEST_STEP][PASSED] - typeOfData = typeOfDataMain + " Отпуск в сеть": null

03-03-2025T13:41:08 - [TEST_STEP][PASSED] - Script1718980020443.WriteToExcel(a, typeOfData, todaysDate, pageInt, fileInt, pageDouble, fileDouble, dZO): null

03-03-2025T13:41:08 - [TEST_STEP][PASSED] - sheetName = "Sheet1": null

03-03-2025T13:41:08 - [TEST_STEP][PASSED] - data = findTestData("PlanFact"): null

03-03-2025T13:41:08 - [TEST_STEP][PASSED] - n = data.getRowNumbers() + 1: null

03-03-2025T13:41:08 - [TEST_STEP][PASSED] - day = ")).toInteger(): null

03-03-2025T13:41:08 - [TEST_STEP][PASSED] - println(day): null

03-03-2025T13:41:08 - [TEST_STEP][PASSED] - month = ")).toInteger(): null

03-03-2025T13:41:08 - [TEST_STEP][PASSED] - println(month): null

03-03-2025T13:41:08 - [TEST_STEP][PASSED] - y = <not implemented yet for class: org.codehaus.groovy.ast.expr.EmptyExpression>: null

03-03-2025T13:41:08 - [TEST_STEP][PASSED] - iy = <not implemented yet for class: org.codehaus.groovy.ast.expr.EmptyExpression>: null

03-03-2025T13:41:08 - [TEST_STEP][PASSED] - m = getText(findTestObject("Выполнение бизнес-плана/Период")): Text of object 'Object Repository/Выполнение бизнес-плана/Период' is: '2024 год'

03-03-2025T13:41:08 - [MESSAGE][PASSED] - Text of object 'Object Repository/Выполнение бизнес-плана/Период' is: '2024 год'

03-03-2025T13:41:08 - [TEST_STEP][PASSED] - iy = m.indexOf("20"): null

03-03-2025T13:41:08 - [TEST_STEP][PASSED] - if (iy > -1): null

03-03-2025T13:41:08 - [TEST_STEP][PASSED] - y = substring(iy, iy + 4).toInteger(): null

03-03-2025T13:41:08 - [TEST_STEP][PASSED] - println(y): null

03-03-2025T13:41:08 - [TEST_STEP][PASSED] - if (toString().length() == 4): null

03-03-2025T13:41:08 - [TEST_STEP][PASSED] - m = m.substring(0, m.indexOf(y.toString())): null

03-03-2025T13:41:08 - [TEST_STEP][PASSED] - m = m.trim(): null

03-03-2025T13:41:08 - [TEST_STEP][PASSED] - if (m == ""): null

03-03-2025T13:41:08 - [TEST_STEP][PASSED] - m = "весь год": null

03-03-2025T13:41:08 - [TEST_STEP][PASSED] - dashboardName = "Выполнение бизнес-плана": null

03-03-2025T13:41:08 - [TEST_STEP][PASSED] - workbook01 = getWorkbook(excelFilePath): null

03-03-2025T13:41:09 - [TEST_STEP][PASSED] - sheet01 = getExcelSheet(workbook01, sheetName): null

03-03-2025T13:41:09 - [TEST_STEP][PASSED] - setValueToCellByIndex(sheet01, n, 0, dashboardName): null

03-03-2025T13:41:09 - [TEST_STEP][PASSED] - setValueToCellByIndex(sheet01, n, 1, dZO): null

03-03-2025T13:41:09 - [TEST_STEP][PASSED] - setValueToCellByIndex(sheet01, n, 2, typeOfData): null

03-03-2025T13:41:09 - [TEST_STEP][PASSED] - if (typeOfData == "Факт в процентах" || typeOfData == "План в процентах"): null

03-03-2025T13:41:09 - [TEST_STEP][PASSED] - else: null

03-03-2025T13:41:09 - [TEST_STEP][PASSED] - setValueToCellByIndex(sheet01, n, 3, fileInt): null

03-03-2025T13:41:09 - [TEST_STEP][PASSED] - setValueToCellByIndex(sheet01, n, 4, pageInt): null

03-03-2025T13:41:09 - [TEST_STEP][PASSED] - setValueToCellByIndex(sheet01, n, 5, m): null

03-03-2025T13:41:09 - [TEST_STEP][PASSED] - setValueToCellByIndex(sheet01, n, 6, y): null

03-03-2025T13:41:09 - [TEST_STEP][PASSED] - setValueToCellByIndex(sheet01, n, 7, todaysDate): null

03-03-2025T13:41:09 - [TEST_STEP][PASSED] - n = n + 1: null

03-03-2025T13:41:09 - [TEST_STEP][PASSED] - saveWorkbook(excelFilePath, workbook01): null

03-03-2025T13:41:09 - [TEST_STEP][PASSED] - compare = pagePoteri: null

03-03-2025T13:41:09 - [TEST_STEP][PASSED] - if (pageOtpuskVSet != null): null

03-03-2025T13:41:09 - [TEST_STEP][PASSED] - if (compare == filePoteri): null

03-03-2025T13:41:09 - [TEST_STEP][PASSED] - else if (compare > filePoteri): null

03-03-2025T13:41:09 - [TEST_STEP][PASSED] - else if (compare < filePoteri): null

03-03-2025T13:41:09 - [TEST_STEP][PASSED] - compare = compare + 1: null

03-03-2025T13:41:09 - [TEST_STEP][PASSED] - if (compare == filePoteri): null

03-03-2025T13:41:09 - [TEST_STEP][PASSED] - else: null

03-03-2025T13:41:09 - [TEST_STEP][PASSED] - numberOfErrors = numberOfErrors + 1: null

03-03-2025T13:41:09 - [TEST_STEP][PASSED] - pageInt = pagePoteri: null

03-03-2025T13:41:09 - [TEST_STEP][PASSED] - fileInt = filePoteri: null

03-03-2025T13:41:09 - [TEST_STEP][PASSED] - typeOfData = typeOfDataMain + " Потери": null

03-03-2025T13:41:09 - [TEST_STEP][PASSED] - Script1718980020443.WriteToExcel(a, typeOfData, todaysDate, pageInt, fileInt, pageDouble, fileDouble, dZO): null

03-03-2025T13:41:09 - [TEST_STEP][PASSED] - sheetName = "Sheet1": null

03-03-2025T13:41:09 - [TEST_STEP][PASSED] - data = findTestData("PlanFact"): null

03-03-2025T13:41:09 - [TEST_STEP][PASSED] - n = data.getRowNumbers() + 1: null

03-03-2025T13:41:09 - [TEST_STEP][PASSED] - day = ")).toInteger(): null

03-03-2025T13:41:09 - [TEST_STEP][PASSED] - println(day): null

03-03-2025T13:41:09 - [TEST_STEP][PASSED] - month = ")).toInteger(): null

03-03-2025T13:41:09 - [TEST_STEP][PASSED] - println(month): null

03-03-2025T13:41:09 - [TEST_STEP][PASSED] - y = <not implemented yet for class: org.codehaus.groovy.ast.expr.EmptyExpression>: null

03-03-2025T13:41:09 - [TEST_STEP][PASSED] - iy = <not implemented yet for class: org.codehaus.groovy.ast.expr.EmptyExpression>: null

03-03-2025T13:41:09 - [TEST_STEP][PASSED] - m = getText(findTestObject("Выполнение бизнес-плана/Период")): Text of object 'Object Repository/Выполнение бизнес-плана/Период' is: '2024 год'

03-03-2025T13:41:09 - [MESSAGE][PASSED] - Text of object 'Object Repository/Выполнение бизнес-плана/Период' is: '2024 год'

03-03-2025T13:41:09 - [TEST_STEP][PASSED] - iy = m.indexOf("20"): null

03-03-2025T13:41:09 - [TEST_STEP][PASSED] - if (iy > -1): null

03-03-2025T13:41:09 - [TEST_STEP][PASSED] - y = substring(iy, iy + 4).toInteger(): null

03-03-2025T13:41:09 - [TEST_STEP][PASSED] - println(y): null

03-03-2025T13:41:09 - [TEST_STEP][PASSED] - if (toString().length() == 4): null

03-03-2025T13:41:09 - [TEST_STEP][PASSED] - m = m.substring(0, m.indexOf(y.toString())): null

03-03-2025T13:41:09 - [TEST_STEP][PASSED] - m = m.trim(): null

03-03-2025T13:41:09 - [TEST_STEP][PASSED] - if (m == ""): null

03-03-2025T13:41:09 - [TEST_STEP][PASSED] - m = "весь год": null

03-03-2025T13:41:09 - [TEST_STEP][PASSED] - dashboardName = "Выполнение бизнес-плана": null

03-03-2025T13:41:09 - [TEST_STEP][PASSED] - workbook01 = getWorkbook(excelFilePath): null

03-03-2025T13:41:09 - [TEST_STEP][PASSED] - sheet01 = getExcelSheet(workbook01, sheetName): null

03-03-2025T13:41:09 - [TEST_STEP][PASSED] - setValueToCellByIndex(sheet01, n, 0, dashboardName): null

03-03-2025T13:41:09 - [TEST_STEP][PASSED] - setValueToCellByIndex(sheet01, n, 1, dZO): null

03-03-2025T13:41:09 - [TEST_STEP][PASSED] - setValueToCellByIndex(sheet01, n, 2, typeOfData): null

03-03-2025T13:41:09 - [TEST_STEP][PASSED] - if (typeOfData == "Факт в процентах" || typeOfData == "План в процентах"): null

03-03-2025T13:41:09 - [TEST_STEP][PASSED] - else: null

03-03-2025T13:41:09 - [TEST_STEP][PASSED] - setValueToCellByIndex(sheet01, n, 3, fileInt): null

03-03-2025T13:41:09 - [TEST_STEP][PASSED] - setValueToCellByIndex(sheet01, n, 4, pageInt): null

03-03-2025T13:41:09 - [TEST_STEP][PASSED] - setValueToCellByIndex(sheet01, n, 5, m): null

03-03-2025T13:41:09 - [TEST_STEP][PASSED] - setValueToCellByIndex(sheet01, n, 6, y): null

03-03-2025T13:41:09 - [TEST_STEP][PASSED] - setValueToCellByIndex(sheet01, n, 7, todaysDate): null

03-03-2025T13:41:09 - [TEST_STEP][PASSED] - n = n + 1: null

03-03-2025T13:41:09 - [TEST_STEP][PASSED] - saveWorkbook(excelFilePath, workbook01): null

03-03-2025T13:41:09 - [TEST_STEP][PASSED] - if (planFact == 2): null

03-03-2025T13:41:09 - [TEST_STEP][PASSED] - if (planFact == 1): null

03-03-2025T13:41:09 - [TEST_STEP][PASSED] - else if (planFact == 2): null

03-03-2025T13:41:09 - [TEST_STEP][PASSED] - click(findTestObject("Выполнение бизнес-плана/Кнопка План")): Object: 'Object Repository/Выполнение бизнес-плана/Кнопка План' is clicked on

03-03-2025T13:41:10 - [MESSAGE][PASSED] - Object: 'Object Repository/Выполнение бизнес-плана/Кнопка План' is clicked on

03-03-2025T13:41:10 - [TEST_STEP][PASSED] - typeOfDataMain = "План": null

03-03-2025T13:41:10 - [TEST_STEP][PASSED] - otpusk = findTestData("PlanFact").getValue(2, a): null

03-03-2025T13:41:10 - [TEST_STEP][PASSED] - poteri = findTestData("PlanFact").getValue(3, a): null

03-03-2025T13:41:10 - [TEST_STEP][PASSED] - otpusk = otpusk.replaceAll("\s+", ""): null

03-03-2025T13:41:10 - [TEST_STEP][PASSED] - poteri = poteri.replaceAll("\s+", ""): null

03-03-2025T13:41:10 - [TEST_STEP][PASSED] - typeOfData = typeOfDataMain + " Отпуск в сеть": null

03-03-2025T13:41:10 - [TEST_STEP][PASSED] - if (a == 82): null

03-03-2025T13:41:10 - [TEST_STEP][PASSED] - else if (a == 84): null

03-03-2025T13:41:10 - [TEST_STEP][PASSED] - else if (a == 83 || a == 52 || a == 72 || a == 28 || a == 73 || a == 77 || a == 74 || a == 65 || a == 36 || a == 44 || a == 53 || a == 80 || a == 54 || a == 1 || a == 18 || a == 59 || a == 81): null

03-03-2025T13:41:10 - [TEST_STEP][PASSED] - else: null

03-03-2025T13:41:10 - [TEST_STEP][PASSED] - path = dataFolder + typeOfData + " за отчётный период " + b: null

03-03-2025T13:41:10 - [TEST_STEP][PASSED] - println(path): null

03-03-2025T13:41:10 - [TEST_STEP][PASSED] - page = getText(findTestObject(path)): Text of object 'Object Repository/Выполнение бизнес-плана/Значения со страницы Выполнение бизнес-плана/План Отпуск в сеть за отчётный период Тульские городские электрические сети' is: '117 597'

03-03-2025T13:41:10 - [MESSAGE][PASSED] - Text of object 'Object Repository/Выполнение бизнес-плана/Значения со страницы Выполнение бизнес-плана/План Отпуск в сеть за отчётный период Тульские городские электрические сети' is: '117 597'

03-03-2025T13:41:10 - [TEST_STEP][PASSED] - if (page == "" || page == null): null

03-03-2025T13:41:10 - [TEST_STEP][PASSED] - else: null

03-03-2025T13:41:10 - [TEST_STEP][PASSED] - page = page.replaceAll("\s+", ""): null

03-03-2025T13:41:10 - [TEST_STEP][PASSED] - fileOtpuskVSet = otpusk.toInteger(): null

03-03-2025T13:41:10 - [TEST_STEP][PASSED] - pageOtpuskVSet = page.toInteger(): null

03-03-2025T13:41:10 - [TEST_STEP][PASSED] - typeOfData = typeOfDataMain + " Потери": null

03-03-2025T13:41:10 - [TEST_STEP][PASSED] - if (a == 82): null

03-03-2025T13:41:10 - [TEST_STEP][PASSED] - else if (a == 84): null

03-03-2025T13:41:10 - [TEST_STEP][PASSED] - else if (a == 83 || a == 52 || a == 72 || a == 28 || a == 73 || a == 77 || a == 74 || a == 65 || a == 44 || a == 53 || a == 80 || a == 54 || a == 1 || a == 18 || a == 59 || a == 81): null

03-03-2025T13:41:10 - [TEST_STEP][PASSED] - else: null

03-03-2025T13:41:10 - [TEST_STEP][PASSED] - path = dataFolder + typeOfData + " за отчётный период " + b: null

03-03-2025T13:41:10 - [TEST_STEP][PASSED] - page = getText(findTestObject(path)): Text of object 'Object Repository/Выполнение бизнес-плана/Значения со страницы Выполнение бизнес-плана/План Потери за отчётный период Тульские городские электрические сети' is: '18 774'

03-03-2025T13:41:11 - [MESSAGE][PASSED] - Text of object 'Object Repository/Выполнение бизнес-плана/Значения со страницы Выполнение бизнес-плана/План Потери за отчётный период Тульские городские электрические сети' is: '18 774'

03-03-2025T13:41:11 - [TEST_STEP][PASSED] - if (page == "" || page == null): null

03-03-2025T13:41:11 - [TEST_STEP][PASSED] - else: null

03-03-2025T13:41:11 - [TEST_STEP][PASSED] - page = page.replaceAll("\s+", ""): null

03-03-2025T13:41:11 - [TEST_STEP][PASSED] - filePoteri = poteri.toInteger(): null

03-03-2025T13:41:11 - [TEST_STEP][PASSED] - pagePoteri = page.toInteger(): null

03-03-2025T13:41:11 - [TEST_STEP][PASSED] - compare = pageOtpuskVSet: null

03-03-2025T13:41:11 - [TEST_STEP][PASSED] - if (pageOtpuskVSet != null): null

03-03-2025T13:41:11 - [TEST_STEP][PASSED] - if (compare == fileOtpuskVSet): null

03-03-2025T13:41:11 - [TEST_STEP][PASSED] - else if (compare > fileOtpuskVSet): null

03-03-2025T13:41:11 - [TEST_STEP][PASSED] - else if (compare < fileOtpuskVSet): null

03-03-2025T13:41:11 - [TEST_STEP][PASSED] - compare = compare + 1: null

03-03-2025T13:41:11 - [TEST_STEP][PASSED] - if (compare == fileOtpuskVSet): null

03-03-2025T13:41:11 - [TEST_STEP][PASSED] - else: null

03-03-2025T13:41:11 - [TEST_STEP][PASSED] - numberOfErrors = numberOfErrors + 1: null

03-03-2025T13:41:11 - [TEST_STEP][PASSED] - pageInt = pageOtpuskVSet: null

03-03-2025T13:41:11 - [TEST_STEP][PASSED] - fileInt = fileOtpuskVSet: null

03-03-2025T13:41:11 - [TEST_STEP][PASSED] - typeOfData = typeOfDataMain + " Отпуск в сеть": null

03-03-2025T13:41:11 - [TEST_STEP][PASSED] - Script1718980020443.WriteToExcel(a, typeOfData, todaysDate, pageInt, fileInt, pageDouble, fileDouble, dZO): null

03-03-2025T13:41:11 - [TEST_STEP][PASSED] - sheetName = "Sheet1": null

03-03-2025T13:41:11 - [TEST_STEP][PASSED] - data = findTestData("PlanFact"): null

03-03-2025T13:41:11 - [TEST_STEP][PASSED] - n = data.getRowNumbers() + 1: null

03-03-2025T13:41:11 - [TEST_STEP][PASSED] - day = ")).toInteger(): null

03-03-2025T13:41:11 - [TEST_STEP][PASSED] - println(day): null

03-03-2025T13:41:11 - [TEST_STEP][PASSED] - month = ")).toInteger(): null

03-03-2025T13:41:11 - [TEST_STEP][PASSED] - println(month): null

03-03-2025T13:41:11 - [TEST_STEP][PASSED] - y = <not implemented yet for class: org.codehaus.groovy.ast.expr.EmptyExpression>: null

03-03-2025T13:41:11 - [TEST_STEP][PASSED] - iy = <not implemented yet for class: org.codehaus.groovy.ast.expr.EmptyExpression>: null

03-03-2025T13:41:11 - [TEST_STEP][PASSED] - m = getText(findTestObject("Выполнение бизнес-плана/Период")): Text of object 'Object Repository/Выполнение бизнес-плана/Период' is: '2024 год'

03-03-2025T13:41:11 - [MESSAGE][PASSED] - Text of object 'Object Repository/Выполнение бизнес-плана/Период' is: '2024 год'

03-03-2025T13:41:11 - [TEST_STEP][PASSED] - iy = m.indexOf("20"): null

03-03-2025T13:41:11 - [TEST_STEP][PASSED] - if (iy > -1): null

03-03-2025T13:41:11 - [TEST_STEP][PASSED] - y = substring(iy, iy + 4).toInteger(): null

03-03-2025T13:41:11 - [TEST_STEP][PASSED] - println(y): null

03-03-2025T13:41:11 - [TEST_STEP][PASSED] - if (toString().length() == 4): null

03-03-2025T13:41:11 - [TEST_STEP][PASSED] - m = m.substring(0, m.indexOf(y.toString())): null

03-03-2025T13:41:11 - [TEST_STEP][PASSED] - m = m.trim(): null

03-03-2025T13:41:11 - [TEST_STEP][PASSED] - if (m == ""): null

03-03-2025T13:41:11 - [TEST_STEP][PASSED] - m = "весь год": null

03-03-2025T13:41:11 - [TEST_STEP][PASSED] - dashboardName = "Выполнение бизнес-плана": null

03-03-2025T13:41:11 - [TEST_STEP][PASSED] - workbook01 = getWorkbook(excelFilePath): null

03-03-2025T13:41:11 - [TEST_STEP][PASSED] - sheet01 = getExcelSheet(workbook01, sheetName): null

03-03-2025T13:41:11 - [TEST_STEP][PASSED] - setValueToCellByIndex(sheet01, n, 0, dashboardName): null

03-03-2025T13:41:11 - [TEST_STEP][PASSED] - setValueToCellByIndex(sheet01, n, 1, dZO): null

03-03-2025T13:41:11 - [TEST_STEP][PASSED] - setValueToCellByIndex(sheet01, n, 2, typeOfData): null

03-03-2025T13:41:11 - [TEST_STEP][PASSED] - if (typeOfData == "Факт в процентах" || typeOfData == "План в процентах"): null

03-03-2025T13:41:11 - [TEST_STEP][PASSED] - else: null

03-03-2025T13:41:11 - [TEST_STEP][PASSED] - setValueToCellByIndex(sheet01, n, 3, fileInt): null

03-03-2025T13:41:11 - [TEST_STEP][PASSED] - setValueToCellByIndex(sheet01, n, 4, pageInt): null

03-03-2025T13:41:11 - [TEST_STEP][PASSED] - setValueToCellByIndex(sheet01, n, 5, m): null

03-03-2025T13:41:11 - [TEST_STEP][PASSED] - setValueToCellByIndex(sheet01, n, 6, y): null

03-03-2025T13:41:11 - [TEST_STEP][PASSED] - setValueToCellByIndex(sheet01, n, 7, todaysDate): null

03-03-2025T13:41:11 - [TEST_STEP][PASSED] - n = n + 1: null

03-03-2025T13:41:11 - [TEST_STEP][PASSED] - saveWorkbook(excelFilePath, workbook01): null

03-03-2025T13:41:11 - [TEST_STEP][PASSED] - compare = pagePoteri: null

03-03-2025T13:41:11 - [TEST_STEP][PASSED] - if (pageOtpuskVSet != null): null

03-03-2025T13:41:11 - [TEST_STEP][PASSED] - if (compare == filePoteri): null

03-03-2025T13:41:11 - [TEST_STEP][PASSED] - else if (compare > filePoteri): null

03-03-2025T13:41:11 - [TEST_STEP][PASSED] - else if (compare < filePoteri): null

03-03-2025T13:41:11 - [TEST_STEP][PASSED] - compare = compare + 1: null

03-03-2025T13:41:11 - [TEST_STEP][PASSED] - if (compare == filePoteri): null

03-03-2025T13:41:11 - [TEST_STEP][PASSED] - else: null

03-03-2025T13:41:11 - [TEST_STEP][PASSED] - numberOfErrors = numberOfErrors + 1: null

03-03-2025T13:41:11 - [TEST_STEP][PASSED] - pageInt = pagePoteri: null

03-03-2025T13:41:11 - [TEST_STEP][PASSED] - fileInt = filePoteri: null

03-03-2025T13:41:11 - [TEST_STEP][PASSED] - typeOfData = typeOfDataMain + " Потери": null

03-03-2025T13:41:11 - [TEST_STEP][PASSED] - Script1718980020443.WriteToExcel(a, typeOfData, todaysDate, pageInt, fileInt, pageDouble, fileDouble, dZO): null

03-03-2025T13:41:11 - [TEST_STEP][PASSED] - sheetName = "Sheet1": null

03-03-2025T13:41:11 - [TEST_STEP][PASSED] - data = findTestData("PlanFact"): null

03-03-2025T13:41:11 - [TEST_STEP][PASSED] - n = data.getRowNumbers() + 1: null

03-03-2025T13:41:11 - [TEST_STEP][PASSED] - day = ")).toInteger(): null

03-03-2025T13:41:11 - [TEST_STEP][PASSED] - println(day): null

03-03-2025T13:41:11 - [TEST_STEP][PASSED] - month = ")).toInteger(): null

03-03-2025T13:41:11 - [TEST_STEP][PASSED] - println(month): null

03-03-2025T13:41:11 - [TEST_STEP][PASSED] - y = <not implemented yet for class: org.codehaus.groovy.ast.expr.EmptyExpression>: null

03-03-2025T13:41:11 - [TEST_STEP][PASSED] - iy = <not implemented yet for class: org.codehaus.groovy.ast.expr.EmptyExpression>: null

03-03-2025T13:41:11 - [TEST_STEP][PASSED] - m = getText(findTestObject("Выполнение бизнес-плана/Период")): Text of object 'Object Repository/Выполнение бизнес-плана/Период' is: '2024 год'

03-03-2025T13:41:12 - [MESSAGE][PASSED] - Text of object 'Object Repository/Выполнение бизнес-плана/Период' is: '2024 год'

03-03-2025T13:41:12 - [TEST_STEP][PASSED] - iy = m.indexOf("20"): null

03-03-2025T13:41:12 - [TEST_STEP][PASSED] - if (iy > -1): null

03-03-2025T13:41:12 - [TEST_STEP][PASSED] - y = substring(iy, iy + 4).toInteger(): null

03-03-2025T13:41:12 - [TEST_STEP][PASSED] - println(y): null

03-03-2025T13:41:12 - [TEST_STEP][PASSED] - if (toString().length() == 4): null

03-03-2025T13:41:12 - [TEST_STEP][PASSED] - m = m.substring(0, m.indexOf(y.toString())): null

03-03-2025T13:41:12 - [TEST_STEP][PASSED] - m = m.trim(): null

03-03-2025T13:41:12 - [TEST_STEP][PASSED] - if (m == ""): null

03-03-2025T13:41:12 - [TEST_STEP][PASSED] - m = "весь год": null

03-03-2025T13:41:12 - [TEST_STEP][PASSED] - dashboardName = "Выполнение бизнес-плана": null

03-03-2025T13:41:12 - [TEST_STEP][PASSED] - workbook01 = getWorkbook(excelFilePath): null

03-03-2025T13:41:12 - [TEST_STEP][PASSED] - sheet01 = getExcelSheet(workbook01, sheetName): null

03-03-2025T13:41:12 - [TEST_STEP][PASSED] - setValueToCellByIndex(sheet01, n, 0, dashboardName): null

03-03-2025T13:41:12 - [TEST_STEP][PASSED] - setValueToCellByIndex(sheet01, n, 1, dZO): null

03-03-2025T13:41:12 - [TEST_STEP][PASSED] - setValueToCellByIndex(sheet01, n, 2, typeOfData): null

03-03-2025T13:41:12 - [TEST_STEP][PASSED] - if (typeOfData == "Факт в процентах" || typeOfData == "План в процентах"): null

03-03-2025T13:41:12 - [TEST_STEP][PASSED] - else: null

03-03-2025T13:41:12 - [TEST_STEP][PASSED] - setValueToCellByIndex(sheet01, n, 3, fileInt): null

03-03-2025T13:41:12 - [TEST_STEP][PASSED] - setValueToCellByIndex(sheet01, n, 4, pageInt): null

03-03-2025T13:41:12 - [TEST_STEP][PASSED] - setValueToCellByIndex(sheet01, n, 5, m): null

03-03-2025T13:41:12 - [TEST_STEP][PASSED] - setValueToCellByIndex(sheet01, n, 6, y): null

03-03-2025T13:41:12 - [TEST_STEP][PASSED] - setValueToCellByIndex(sheet01, n, 7, todaysDate): null

03-03-2025T13:41:12 - [TEST_STEP][PASSED] - n = n + 1: null

03-03-2025T13:41:12 - [TEST_STEP][PASSED] - saveWorkbook(excelFilePath, workbook01): Object: 'Object Repository/Выполнение бизнес-плана/Кнопка Факт' is clicked on

03-03-2025T13:41:12 - [TEST_STEP][PASSED] - if (planFact == 2): Object: 'Object Repository/Выполнение бизнес-плана/Кнопка Факт' is clicked on

03-03-2025T13:41:12 - [TEST_STEP][PASSED] - click(findTestObject("Выполнение бизнес-плана/Кнопка Факт")): Object: 'Object Repository/Выполнение бизнес-плана/Кнопка Факт' is clicked on

03-03-2025T13:41:12 - [MESSAGE][PASSED] - Object: 'Object Repository/Выполнение бизнес-плана/Кнопка Факт' is clicked on

03-03-2025T13:41:12 - [TEST_STEP][PASSED] - println("a=" + a): null

03-03-2025T13:41:12 - [TEST_STEP][PASSED] - if (a == 84 || a == 82): null

03-03-2025T13:41:12 - [TEST_STEP][PASSED] - else if (a == 83 || a == 52 || a == 72 || a == 28 || a == 73 || a == 77 || a == 74 || a == 65 || a == 36 || a == 44 || a == 53 || a == 80 || a == 54 || a == 1 || a == 18 || a == 59 || a == 81): null

03-03-2025T13:41:12 - [TEST_STEP][PASSED] - else: null

03-03-2025T13:41:12 - [TEST_STEP][PASSED] - page1 = getText(findTestObject("Object Repository/Выполнение бизнес-плана/spanPlan" + filialNum)): Text of object 'Object Repository/Выполнение бизнес-плана/spanPlan2' is: '11.05
|'

03-03-2025T13:41:13 - [MESSAGE][PASSED] - Text of object 'Object Repository/Выполнение бизнес-плана/spanPlan2' is: '11.05
|'

03-03-2025T13:41:13 - [TEST_STEP][PASSED] - page1 = page1.replace("|", ""): null

03-03-2025T13:41:13 - [TEST_STEP][PASSED] - page2 = getText(findTestObject("Object Repository/Выполнение бизнес-плана/spanFact" + filialNum)): Text of object 'Object Repository/Выполнение бизнес-плана/spanFact2' is: '10.94
|'

03-03-2025T13:41:13 - [MESSAGE][PASSED] - Text of object 'Object Repository/Выполнение бизнес-плана/spanFact2' is: '10.94
|'

03-03-2025T13:41:13 - [TEST_STEP][PASSED] - page2 = page2.replace("|", ""): null

03-03-2025T13:41:13 - [TEST_STEP][PASSED] - println("page1: " + page1): null

03-03-2025T13:41:13 - [TEST_STEP][PASSED] - println("page2: " + page2): null

03-03-2025T13:41:13 - [TEST_STEP][PASSED] - file = findTestData("PlanFact").getValue(4, a): null

03-03-2025T13:41:13 - [TEST_STEP][PASSED] - file = file.replace(",", "."): null

03-03-2025T13:41:13 - [TEST_STEP][PASSED] - println("file Plan: " + file): null

03-03-2025T13:41:13 - [TEST_STEP][PASSED] - typeOfData = "План в процентах": null

03-03-2025T13:41:13 - [TEST_STEP][PASSED] - fileDouble = file.toDouble(): null

03-03-2025T13:41:13 - [TEST_STEP][PASSED] - pageDouble = page1.toDouble(): null

03-03-2025T13:41:13 - [TEST_STEP][PASSED] - if (fileDouble != pageDouble): null

03-03-2025T13:41:13 - [TEST_STEP][PASSED] - file = findTestData("PlanFact").getValue(7, a): null

03-03-2025T13:41:13 - [TEST_STEP][PASSED] - file = file.replace(",", "."): null

03-03-2025T13:41:13 - [TEST_STEP][PASSED] - println("file Fact: " + file): null

03-03-2025T13:41:13 - [TEST_STEP][PASSED] - fileDouble = file.toDouble(): null

03-03-2025T13:41:13 - [TEST_STEP][PASSED] - typeOfData = "Факт в процентах": null

03-03-2025T13:41:13 - [TEST_STEP][PASSED] - fileDouble = file.toDouble(): null

03-03-2025T13:41:13 - [TEST_STEP][PASSED] - pageDouble = page2.toDouble(): null

03-03-2025T13:41:13 - [TEST_STEP][PASSED] - if (fileDouble != pageDouble): null

03-03-2025T13:41:13 - [TEST_STEP][FAILED] - if (verifyEqual(numberOfErrors, 0) == false): null

03-03-2025T13:41:13 - [MESSAGE][FAILED] - Unable to verify equal between actual object '4' and expected object '0' (Root cause: com.kms.katalon.core.exception.StepFailedException: Actual object '4' and expected object '0' are not equal
	at com.kms.katalon.core.keyword.builtin.VerifyEqualKeyword$_verifyEqual_closure1.doCall(VerifyEqualKeyword.groovy:58)
	at com.kms.katalon.core.keyword.builtin.VerifyEqualKeyword$_verifyEqual_closure1.call(VerifyEqualKeyword.groovy)
	at com.kms.katalon.core.keyword.internal.KeywordMain.runKeyword(KeywordMain.groovy:75)
	at com.kms.katalon.core.keyword.builtin.VerifyEqualKeyword.verifyEqual(VerifyEqualKeyword.groovy:63)
	at com.kms.katalon.core.keyword.builtin.VerifyEqualKeyword.execute(VerifyEqualKeyword.groovy:44)
	at com.kms.katalon.core.keyword.internal.KeywordExecutor.executeKeywordForPlatform(KeywordExecutor.groovy:74)
	at com.kms.katalon.core.keyword.BuiltinKeywords.verifyEqual(BuiltinKeywords.groovy:146)
	at jdk.internal.reflect.GeneratedMethodAccessor24.invoke(Unknown Source)
	at java.base/jdk.internal.reflect.DelegatingMethodAccessorImpl.invoke(DelegatingMethodAccessorImpl.java:43)
	at Выполнение бизнес-плана Сверка ПАО Россети все филиалы.Numbers(Выполнение бизнес-плана Сверка ПАО Россети все филиалы:736)
	at Выполнение бизнес-плана Сверка ПАО Россети все филиалы.Filials(Выполнение бизнес-плана Сверка ПАО Россети все филиалы:1175)
	at Выполнение бизнес-плана Сверка ПАО Россети все филиалы.Numbers(Выполнение бизнес-плана Сверка ПАО Россети все филиалы:743)
	at Выполнение бизнес-плана Сверка ПАО Россети все филиалы.run(Выполнение бизнес-плана Сверка ПАО Россети все филиалы:364)
	at com.kms.katalon.core.main.ScriptEngine.run(ScriptEngine.java:194)
	at com.kms.katalon.core.main.ScriptEngine.runScriptAsRawText(ScriptEngine.java:119)
	at com.kms.katalon.core.main.TestCaseExecutor.runScript(TestCaseExecutor.java:448)
	at com.kms.katalon.core.main.TestCaseExecutor.doExecute(TestCaseExecutor.java:439)
	at com.kms.katalon.core.main.TestCaseExecutor.processExecutionPhase(TestCaseExecutor.java:418)
	at com.kms.katalon.core.main.TestCaseExecutor.accessMainPhase(TestCaseExecutor.java:410)
	at com.kms.katalon.core.main.TestCaseExecutor.execute(TestCaseExecutor.java:285)
	at com.kms.katalon.core.common.CommonExecutor.accessTestCaseMainPhase(CommonExecutor.java:65)
	at com.kms.katalon.core.main.TestSuiteExecutor.accessTestSuiteMainPhase(TestSuiteExecutor.java:150)
	at com.kms.katalon.core.main.TestSuiteExecutor.execute(TestSuiteExecutor.java:106)
	at com.kms.katalon.core.main.TestCaseMain.startTestSuite(TestCaseMain.java:180)
	at TempTestSuite1740991900055.run(TempTestSuite1740991900055.groovy:35)
	at java.base/jdk.internal.reflect.NativeMethodAccessorImpl.invoke0(Native Method)
	at java.base/jdk.internal.reflect.NativeMethodAccessorImpl.invoke(NativeMethodAccessorImpl.java:77)
	at java.base/jdk.internal.reflect.DelegatingMethodAccessorImpl.invoke(DelegatingMethodAccessorImpl.java:43)
)

03-03-2025T13:41:13 - [TEST_STEP][PASSED] - println(numberOfErrors): null

03-03-2025T13:41:13 - [TEST_STEP][PASSED] - println("a=" + a): null

03-03-2025T13:41:13 - [TEST_STEP][PASSED] - if (a == 28 || a == 77 || a == 74 || a == 65 || a == 36 || a == 44 || a == 54 || a == 1 || a == 18 || a == 59): null

03-03-2025T13:41:13 - [TEST_STEP][PASSED] - if (a == 82): null

03-03-2025T13:41:13 - [TEST_STEP][PASSED] - dZO = "АО «Ярославская электросетевая компания»": null

03-03-2025T13:41:13 - [TEST_STEP][PASSED] - a = 17: null

03-03-2025T13:41:13 - [TEST_STEP][PASSED] - i = dZO.length() - 1: null

03-03-2025T13:41:13 - [TEST_STEP][PASSED] - dzoCut = substring(4, i).replaceAll("\s+", ""): null

03-03-2025T13:41:13 - [TEST_STEP][PASSED] - if (x2.contains(dzoCut)): null

03-03-2025T13:41:13 - [TEST_STEP][PASSED] - filialNum = filialNum + 1: null

03-03-2025T13:41:13 - [TEST_STEP][PASSED] - Script1718980020443.Numbers(a, typeOfData, todaysDate, pageInt, fileInt, pageDouble, fileDouble, dZO, dzoNum, filialNum): null

03-03-2025T13:41:13 - [TEST_STEP][PASSED] - println(dzoNum): null

03-03-2025T13:41:13 - [TEST_STEP][PASSED] - planFact = <not implemented yet for class: org.codehaus.groovy.ast.expr.EmptyExpression>: null

03-03-2025T13:41:13 - [TEST_STEP][PASSED] - page = <not implemented yet for class: org.codehaus.groovy.ast.expr.EmptyExpression>: null

03-03-2025T13:41:13 - [TEST_STEP][PASSED] - page1 = <not implemented yet for class: org.codehaus.groovy.ast.expr.EmptyExpression>: null

03-03-2025T13:41:13 - [TEST_STEP][PASSED] - page2 = <not implemented yet for class: org.codehaus.groovy.ast.expr.EmptyExpression>: null

03-03-2025T13:41:13 - [TEST_STEP][PASSED] - filialNumberInRow = <not implemented yet for class: org.codehaus.groovy.ast.expr.EmptyExpression>: null

03-03-2025T13:41:13 - [TEST_STEP][PASSED] - filialsDzoNames = <not implemented yet for class: org.codehaus.groovy.ast.expr.EmptyExpression>: null

03-03-2025T13:41:13 - [TEST_STEP][PASSED] - numberOfFilials = <not implemented yet for class: org.codehaus.groovy.ast.expr.EmptyExpression>: null

03-03-2025T13:41:13 - [TEST_STEP][PASSED] - numberOfSpaces = <not implemented yet for class: org.codehaus.groovy.ast.expr.EmptyExpression>: null

03-03-2025T13:41:13 - [TEST_STEP][PASSED] - file = <not implemented yet for class: org.codehaus.groovy.ast.expr.EmptyExpression>: null

03-03-2025T13:41:13 - [TEST_STEP][PASSED] - otpusk = <not implemented yet for class: org.codehaus.groovy.ast.expr.EmptyExpression>: null

03-03-2025T13:41:13 - [TEST_STEP][PASSED] - poteri = <not implemented yet for class: org.codehaus.groovy.ast.expr.EmptyExpression>: null

03-03-2025T13:41:13 - [TEST_STEP][PASSED] - dataFolder = "Выполнение бизнес-плана/Значения со страницы Выполнение бизнес-плана/": null

03-03-2025T13:41:13 - [TEST_STEP][PASSED] - path = <not implemented yet for class: org.codehaus.groovy.ast.expr.EmptyExpression>: null

03-03-2025T13:41:13 - [TEST_STEP][PASSED] - typeOfDataMain = <not implemented yet for class: org.codehaus.groovy.ast.expr.EmptyExpression>: null

03-03-2025T13:41:13 - [TEST_STEP][PASSED] - fileOtpuskVSet = <not implemented yet for class: org.codehaus.groovy.ast.expr.EmptyExpression>: null

03-03-2025T13:41:13 - [TEST_STEP][PASSED] - pageOtpuskVSet = <not implemented yet for class: org.codehaus.groovy.ast.expr.EmptyExpression>: null

03-03-2025T13:41:13 - [TEST_STEP][PASSED] - filePoteri = <not implemented yet for class: org.codehaus.groovy.ast.expr.EmptyExpression>: null

03-03-2025T13:41:13 - [TEST_STEP][PASSED] - pagePoteri = <not implemented yet for class: org.codehaus.groovy.ast.expr.EmptyExpression>: null

03-03-2025T13:41:13 - [TEST_STEP][PASSED] - compare = <not implemented yet for class: org.codehaus.groovy.ast.expr.EmptyExpression>: null

03-03-2025T13:41:13 - [TEST_STEP][PASSED] - b = <not implemented yet for class: org.codehaus.groovy.ast.expr.EmptyExpression>: null

03-03-2025T13:41:13 - [TEST_STEP][PASSED] - i = <not implemented yet for class: org.codehaus.groovy.ast.expr.EmptyExpression>: null

03-03-2025T13:41:13 - [TEST_STEP][PASSED] - ii = <not implemented yet for class: org.codehaus.groovy.ast.expr.EmptyExpression>: null

03-03-2025T13:41:13 - [TEST_STEP][PASSED] - c = <not implemented yet for class: org.codehaus.groovy.ast.expr.EmptyExpression>: null

03-03-2025T13:41:13 - [TEST_STEP][PASSED] - numberOfErrors = 0: null

03-03-2025T13:41:13 - [TEST_STEP][PASSED] - if (a == 82): null

03-03-2025T13:41:13 - [TEST_STEP][PASSED] - b = findTestData("PlanFact").getValue(1, a): null

03-03-2025T13:41:13 - [TEST_STEP][PASSED] - i = b.indexOf(" (ГК)"): null

03-03-2025T13:41:13 - [TEST_STEP][PASSED] - if (i > -1): null

03-03-2025T13:41:13 - [TEST_STEP][PASSED] - i = b.indexOf("О ""): null

03-03-2025T13:41:13 - [TEST_STEP][PASSED] - if (i > -1): null

03-03-2025T13:41:13 - [TEST_STEP][PASSED] - i = b.indexOf("О «"): null

03-03-2025T13:41:13 - [TEST_STEP][PASSED] - if (i > -1): null

03-03-2025T13:41:13 - [TEST_STEP][PASSED] - b = b.substring(i + 3, b.length()): null

03-03-2025T13:41:13 - [TEST_STEP][PASSED] - i = b.indexOf("»"): null

03-03-2025T13:41:13 - [TEST_STEP][PASSED] - b = b.substring(0, i): null

03-03-2025T13:41:13 - [TEST_STEP][PASSED] - i = b.indexOf("г. "): null

03-03-2025T13:41:13 - [TEST_STEP][PASSED] - if (i > -1): null

03-03-2025T13:41:13 - [TEST_STEP][PASSED] - b = b.trim(): null

03-03-2025T13:41:13 - [TEST_STEP][PASSED] - println(b): null

03-03-2025T13:41:13 - [TEST_STEP][PASSED] - for ([planFact = 1, planFact < 3, (planFact++)]): null

03-03-2025T13:41:13 - [TEST_STEP][PASSED] - if (planFact == 1): null

03-03-2025T13:41:13 - [TEST_STEP][PASSED] - typeOfDataMain = "Факт": null

03-03-2025T13:41:13 - [TEST_STEP][PASSED] - otpusk = findTestData("PlanFact").getValue(5, a): null

03-03-2025T13:41:13 - [TEST_STEP][PASSED] - poteri = findTestData("PlanFact").getValue(6, a): null

03-03-2025T13:41:13 - [TEST_STEP][PASSED] - otpusk = otpusk.replaceAll("\s+", ""): null

03-03-2025T13:41:13 - [TEST_STEP][PASSED] - poteri = poteri.replaceAll("\s+", ""): null

03-03-2025T13:41:13 - [TEST_STEP][PASSED] - typeOfData = typeOfDataMain + " Отпуск в сеть": null

03-03-2025T13:41:13 - [TEST_STEP][PASSED] - if (a == 82): null

03-03-2025T13:41:13 - [TEST_STEP][PASSED] - else if (a == 84): null

03-03-2025T13:41:13 - [TEST_STEP][PASSED] - else if (a == 83 || a == 52 || a == 72 || a == 28 || a == 73 || a == 77 || a == 74 || a == 65 || a == 36 || a == 44 || a == 53 || a == 80 || a == 54 || a == 1 || a == 18 || a == 59 || a == 81): null

03-03-2025T13:41:13 - [TEST_STEP][PASSED] - else: null

03-03-2025T13:41:13 - [TEST_STEP][PASSED] - path = dataFolder + typeOfData + " за отчётный период " + b: null

03-03-2025T13:41:13 - [TEST_STEP][PASSED] - println(path): null

03-03-2025T13:41:13 - [TEST_STEP][PASSED] - page = getText(findTestObject(path)): Text of object 'Object Repository/Выполнение бизнес-плана/Значения со страницы Выполнение бизнес-плана/Факт Отпуск в сеть за отчётный период Ярославская электросетевая компания' is: '25 151'

03-03-2025T13:41:13 - [MESSAGE][PASSED] - Text of object 'Object Repository/Выполнение бизнес-плана/Значения со страницы Выполнение бизнес-плана/Факт Отпуск в сеть за отчётный период Ярославская электросетевая компания' is: '25 151'

03-03-2025T13:41:13 - [TEST_STEP][PASSED] - if (page == "" || page == null): null

03-03-2025T13:41:13 - [TEST_STEP][PASSED] - else: null

03-03-2025T13:41:13 - [TEST_STEP][PASSED] - page = page.replaceAll("\s+", ""): null

03-03-2025T13:41:13 - [TEST_STEP][PASSED] - fileOtpuskVSet = otpusk.toInteger(): null

03-03-2025T13:41:13 - [TEST_STEP][PASSED] - pageOtpuskVSet = page.toInteger(): null

03-03-2025T13:41:13 - [TEST_STEP][PASSED] - typeOfData = typeOfDataMain + " Потери": null

03-03-2025T13:41:13 - [TEST_STEP][PASSED] - if (a == 82): null

03-03-2025T13:41:13 - [TEST_STEP][PASSED] - else if (a == 84): null

03-03-2025T13:41:13 - [TEST_STEP][PASSED] - else if (a == 83 || a == 52 || a == 72 || a == 28 || a == 73 || a == 77 || a == 74 || a == 65 || a == 44 || a == 53 || a == 80 || a == 54 || a == 1 || a == 18 || a == 59 || a == 81): null

03-03-2025T13:41:13 - [TEST_STEP][PASSED] - else: null

03-03-2025T13:41:13 - [TEST_STEP][PASSED] - path = dataFolder + typeOfData + " за отчётный период " + b: null

03-03-2025T13:41:13 - [TEST_STEP][PASSED] - page = getText(findTestObject(path)): Text of object 'Object Repository/Выполнение бизнес-плана/Значения со страницы Выполнение бизнес-плана/Факт Потери за отчётный период Ярославская электросетевая компания' is: '4 205'

03-03-2025T13:41:14 - [MESSAGE][PASSED] - Text of object 'Object Repository/Выполнение бизнес-плана/Значения со страницы Выполнение бизнес-плана/Факт Потери за отчётный период Ярославская электросетевая компания' is: '4 205'

03-03-2025T13:41:14 - [TEST_STEP][PASSED] - if (page == "" || page == null): null

03-03-2025T13:41:14 - [TEST_STEP][PASSED] - else: null

03-03-2025T13:41:14 - [TEST_STEP][PASSED] - page = page.replaceAll("\s+", ""): null

03-03-2025T13:41:14 - [TEST_STEP][PASSED] - filePoteri = poteri.toInteger(): null

03-03-2025T13:41:14 - [TEST_STEP][PASSED] - pagePoteri = page.toInteger(): null

03-03-2025T13:41:14 - [TEST_STEP][PASSED] - compare = pageOtpuskVSet: null

03-03-2025T13:41:14 - [TEST_STEP][PASSED] - if (pageOtpuskVSet != null): null

03-03-2025T13:41:14 - [TEST_STEP][PASSED] - if (compare == fileOtpuskVSet): null

03-03-2025T13:41:14 - [TEST_STEP][PASSED] - else if (compare > fileOtpuskVSet): null

03-03-2025T13:41:14 - [TEST_STEP][PASSED] - else if (compare < fileOtpuskVSet): null

03-03-2025T13:41:14 - [TEST_STEP][PASSED] - compare = compare + 1: null

03-03-2025T13:41:14 - [TEST_STEP][PASSED] - if (compare == fileOtpuskVSet): null

03-03-2025T13:41:14 - [TEST_STEP][PASSED] - else: null

03-03-2025T13:41:14 - [TEST_STEP][PASSED] - numberOfErrors = numberOfErrors + 1: null

03-03-2025T13:41:14 - [TEST_STEP][PASSED] - pageInt = pageOtpuskVSet: null

03-03-2025T13:41:14 - [TEST_STEP][PASSED] - fileInt = fileOtpuskVSet: null

03-03-2025T13:41:14 - [TEST_STEP][PASSED] - typeOfData = typeOfDataMain + " Отпуск в сеть": null

03-03-2025T13:41:14 - [TEST_STEP][PASSED] - Script1718980020443.WriteToExcel(a, typeOfData, todaysDate, pageInt, fileInt, pageDouble, fileDouble, dZO): null

03-03-2025T13:41:14 - [TEST_STEP][PASSED] - sheetName = "Sheet1": null

03-03-2025T13:41:14 - [TEST_STEP][PASSED] - data = findTestData("PlanFact"): null

03-03-2025T13:41:14 - [TEST_STEP][PASSED] - n = data.getRowNumbers() + 1: null

03-03-2025T13:41:14 - [TEST_STEP][PASSED] - day = ")).toInteger(): null

03-03-2025T13:41:14 - [TEST_STEP][PASSED] - println(day): null

03-03-2025T13:41:14 - [TEST_STEP][PASSED] - month = ")).toInteger(): null

03-03-2025T13:41:14 - [TEST_STEP][PASSED] - println(month): null

03-03-2025T13:41:14 - [TEST_STEP][PASSED] - y = <not implemented yet for class: org.codehaus.groovy.ast.expr.EmptyExpression>: null

03-03-2025T13:41:14 - [TEST_STEP][PASSED] - iy = <not implemented yet for class: org.codehaus.groovy.ast.expr.EmptyExpression>: null

03-03-2025T13:41:14 - [TEST_STEP][PASSED] - m = getText(findTestObject("Выполнение бизнес-плана/Период")): Text of object 'Object Repository/Выполнение бизнес-плана/Период' is: '2024 год'

03-03-2025T13:41:14 - [MESSAGE][PASSED] - Text of object 'Object Repository/Выполнение бизнес-плана/Период' is: '2024 год'

03-03-2025T13:41:14 - [TEST_STEP][PASSED] - iy = m.indexOf("20"): null

03-03-2025T13:41:14 - [TEST_STEP][PASSED] - if (iy > -1): null

03-03-2025T13:41:14 - [TEST_STEP][PASSED] - y = substring(iy, iy + 4).toInteger(): null

03-03-2025T13:41:14 - [TEST_STEP][PASSED] - println(y): null

03-03-2025T13:41:14 - [TEST_STEP][PASSED] - if (toString().length() == 4): null

03-03-2025T13:41:14 - [TEST_STEP][PASSED] - m = m.substring(0, m.indexOf(y.toString())): null

03-03-2025T13:41:14 - [TEST_STEP][PASSED] - m = m.trim(): null

03-03-2025T13:41:14 - [TEST_STEP][PASSED] - if (m == ""): null

03-03-2025T13:41:14 - [TEST_STEP][PASSED] - m = "весь год": null

03-03-2025T13:41:14 - [TEST_STEP][PASSED] - dashboardName = "Выполнение бизнес-плана": null

03-03-2025T13:41:14 - [TEST_STEP][PASSED] - workbook01 = getWorkbook(excelFilePath): null

03-03-2025T13:41:14 - [TEST_STEP][PASSED] - sheet01 = getExcelSheet(workbook01, sheetName): null

03-03-2025T13:41:14 - [TEST_STEP][PASSED] - setValueToCellByIndex(sheet01, n, 0, dashboardName): null

03-03-2025T13:41:14 - [TEST_STEP][PASSED] - setValueToCellByIndex(sheet01, n, 1, dZO): null

03-03-2025T13:41:14 - [TEST_STEP][PASSED] - setValueToCellByIndex(sheet01, n, 2, typeOfData): null

03-03-2025T13:41:14 - [TEST_STEP][PASSED] - if (typeOfData == "Факт в процентах" || typeOfData == "План в процентах"): null

03-03-2025T13:41:14 - [TEST_STEP][PASSED] - else: null

03-03-2025T13:41:14 - [TEST_STEP][PASSED] - setValueToCellByIndex(sheet01, n, 3, fileInt): null

03-03-2025T13:41:14 - [TEST_STEP][PASSED] - setValueToCellByIndex(sheet01, n, 4, pageInt): null

03-03-2025T13:41:14 - [TEST_STEP][PASSED] - setValueToCellByIndex(sheet01, n, 5, m): null

03-03-2025T13:41:14 - [TEST_STEP][PASSED] - setValueToCellByIndex(sheet01, n, 6, y): null

03-03-2025T13:41:14 - [TEST_STEP][PASSED] - setValueToCellByIndex(sheet01, n, 7, todaysDate): null

03-03-2025T13:41:14 - [TEST_STEP][PASSED] - n = n + 1: null

03-03-2025T13:41:14 - [TEST_STEP][PASSED] - saveWorkbook(excelFilePath, workbook01): null

03-03-2025T13:41:14 - [TEST_STEP][PASSED] - compare = pagePoteri: null

03-03-2025T13:41:14 - [TEST_STEP][PASSED] - if (pageOtpuskVSet != null): null

03-03-2025T13:41:14 - [TEST_STEP][PASSED] - if (compare == filePoteri): null

03-03-2025T13:41:14 - [TEST_STEP][PASSED] - else if (compare > filePoteri): null

03-03-2025T13:41:14 - [TEST_STEP][PASSED] - else if (compare < filePoteri): null

03-03-2025T13:41:14 - [TEST_STEP][PASSED] - compare = compare + 1: null

03-03-2025T13:41:14 - [TEST_STEP][PASSED] - if (compare == filePoteri): null

03-03-2025T13:41:14 - [TEST_STEP][PASSED] - else: null

03-03-2025T13:41:14 - [TEST_STEP][PASSED] - numberOfErrors = numberOfErrors + 1: null

03-03-2025T13:41:14 - [TEST_STEP][PASSED] - pageInt = pagePoteri: null

03-03-2025T13:41:14 - [TEST_STEP][PASSED] - fileInt = filePoteri: null

03-03-2025T13:41:14 - [TEST_STEP][PASSED] - typeOfData = typeOfDataMain + " Потери": null

03-03-2025T13:41:14 - [TEST_STEP][PASSED] - Script1718980020443.WriteToExcel(a, typeOfData, todaysDate, pageInt, fileInt, pageDouble, fileDouble, dZO): null

03-03-2025T13:41:14 - [TEST_STEP][PASSED] - sheetName = "Sheet1": null

03-03-2025T13:41:14 - [TEST_STEP][PASSED] - data = findTestData("PlanFact"): null

03-03-2025T13:41:14 - [TEST_STEP][PASSED] - n = data.getRowNumbers() + 1: null

03-03-2025T13:41:14 - [TEST_STEP][PASSED] - day = ")).toInteger(): null

03-03-2025T13:41:14 - [TEST_STEP][PASSED] - println(day): null

03-03-2025T13:41:14 - [TEST_STEP][PASSED] - month = ")).toInteger(): null

03-03-2025T13:41:14 - [TEST_STEP][PASSED] - println(month): null

03-03-2025T13:41:14 - [TEST_STEP][PASSED] - y = <not implemented yet for class: org.codehaus.groovy.ast.expr.EmptyExpression>: null

03-03-2025T13:41:14 - [TEST_STEP][PASSED] - iy = <not implemented yet for class: org.codehaus.groovy.ast.expr.EmptyExpression>: null

03-03-2025T13:41:14 - [TEST_STEP][PASSED] - m = getText(findTestObject("Выполнение бизнес-плана/Период")): Text of object 'Object Repository/Выполнение бизнес-плана/Период' is: '2024 год'

03-03-2025T13:41:15 - [MESSAGE][PASSED] - Text of object 'Object Repository/Выполнение бизнес-плана/Период' is: '2024 год'

03-03-2025T13:41:15 - [TEST_STEP][PASSED] - iy = m.indexOf("20"): null

03-03-2025T13:41:15 - [TEST_STEP][PASSED] - if (iy > -1): null

03-03-2025T13:41:15 - [TEST_STEP][PASSED] - y = substring(iy, iy + 4).toInteger(): null

03-03-2025T13:41:15 - [TEST_STEP][PASSED] - println(y): null

03-03-2025T13:41:15 - [TEST_STEP][PASSED] - if (toString().length() == 4): null

03-03-2025T13:41:15 - [TEST_STEP][PASSED] - m = m.substring(0, m.indexOf(y.toString())): null

03-03-2025T13:41:15 - [TEST_STEP][PASSED] - m = m.trim(): null

03-03-2025T13:41:15 - [TEST_STEP][PASSED] - if (m == ""): null

03-03-2025T13:41:15 - [TEST_STEP][PASSED] - m = "весь год": null

03-03-2025T13:41:15 - [TEST_STEP][PASSED] - dashboardName = "Выполнение бизнес-плана": null

03-03-2025T13:41:15 - [TEST_STEP][PASSED] - workbook01 = getWorkbook(excelFilePath): null

03-03-2025T13:41:15 - [TEST_STEP][PASSED] - sheet01 = getExcelSheet(workbook01, sheetName): null

03-03-2025T13:41:15 - [TEST_STEP][PASSED] - setValueToCellByIndex(sheet01, n, 0, dashboardName): null

03-03-2025T13:41:15 - [TEST_STEP][PASSED] - setValueToCellByIndex(sheet01, n, 1, dZO): null

03-03-2025T13:41:15 - [TEST_STEP][PASSED] - setValueToCellByIndex(sheet01, n, 2, typeOfData): null

03-03-2025T13:41:15 - [TEST_STEP][PASSED] - if (typeOfData == "Факт в процентах" || typeOfData == "План в процентах"): null

03-03-2025T13:41:15 - [TEST_STEP][PASSED] - else: null

03-03-2025T13:41:15 - [TEST_STEP][PASSED] - setValueToCellByIndex(sheet01, n, 3, fileInt): null

03-03-2025T13:41:15 - [TEST_STEP][PASSED] - setValueToCellByIndex(sheet01, n, 4, pageInt): null

03-03-2025T13:41:15 - [TEST_STEP][PASSED] - setValueToCellByIndex(sheet01, n, 5, m): null

03-03-2025T13:41:15 - [TEST_STEP][PASSED] - setValueToCellByIndex(sheet01, n, 6, y): null

03-03-2025T13:41:15 - [TEST_STEP][PASSED] - setValueToCellByIndex(sheet01, n, 7, todaysDate): null

03-03-2025T13:41:15 - [TEST_STEP][PASSED] - n = n + 1: null

03-03-2025T13:41:15 - [TEST_STEP][PASSED] - saveWorkbook(excelFilePath, workbook01): null

03-03-2025T13:41:15 - [TEST_STEP][PASSED] - if (planFact == 2): null

03-03-2025T13:41:15 - [TEST_STEP][PASSED] - if (planFact == 1): null

03-03-2025T13:41:15 - [TEST_STEP][PASSED] - else if (planFact == 2): null

03-03-2025T13:41:15 - [TEST_STEP][PASSED] - click(findTestObject("Выполнение бизнес-плана/Кнопка План")): Object: 'Object Repository/Выполнение бизнес-плана/Кнопка План' is clicked on

03-03-2025T13:41:15 - [MESSAGE][PASSED] - Object: 'Object Repository/Выполнение бизнес-плана/Кнопка План' is clicked on

03-03-2025T13:41:15 - [TEST_STEP][PASSED] - typeOfDataMain = "План": null

03-03-2025T13:41:15 - [TEST_STEP][PASSED] - otpusk = findTestData("PlanFact").getValue(2, a): null

03-03-2025T13:41:15 - [TEST_STEP][PASSED] - poteri = findTestData("PlanFact").getValue(3, a): null

03-03-2025T13:41:15 - [TEST_STEP][PASSED] - otpusk = otpusk.replaceAll("\s+", ""): null

03-03-2025T13:41:15 - [TEST_STEP][PASSED] - poteri = poteri.replaceAll("\s+", ""): null

03-03-2025T13:41:15 - [TEST_STEP][PASSED] - typeOfData = typeOfDataMain + " Отпуск в сеть": null

03-03-2025T13:41:15 - [TEST_STEP][PASSED] - if (a == 82): null

03-03-2025T13:41:15 - [TEST_STEP][PASSED] - else if (a == 84): null

03-03-2025T13:41:15 - [TEST_STEP][PASSED] - else if (a == 83 || a == 52 || a == 72 || a == 28 || a == 73 || a == 77 || a == 74 || a == 65 || a == 36 || a == 44 || a == 53 || a == 80 || a == 54 || a == 1 || a == 18 || a == 59 || a == 81): null

03-03-2025T13:41:15 - [TEST_STEP][PASSED] - else: null

03-03-2025T13:41:15 - [TEST_STEP][PASSED] - path = dataFolder + typeOfData + " за отчётный период " + b: null

03-03-2025T13:41:15 - [TEST_STEP][PASSED] - println(path): null

03-03-2025T13:41:15 - [TEST_STEP][PASSED] - page = getText(findTestObject(path)): Text of object 'Object Repository/Выполнение бизнес-плана/Значения со страницы Выполнение бизнес-плана/План Отпуск в сеть за отчётный период Ярославская электросетевая компания' is: '24 831'

03-03-2025T13:41:16 - [MESSAGE][PASSED] - Text of object 'Object Repository/Выполнение бизнес-плана/Значения со страницы Выполнение бизнес-плана/План Отпуск в сеть за отчётный период Ярославская электросетевая компания' is: '24 831'

03-03-2025T13:41:16 - [TEST_STEP][PASSED] - if (page == "" || page == null): null

03-03-2025T13:41:16 - [TEST_STEP][PASSED] - else: null

03-03-2025T13:41:16 - [TEST_STEP][PASSED] - page = page.replaceAll("\s+", ""): null

03-03-2025T13:41:16 - [TEST_STEP][PASSED] - fileOtpuskVSet = otpusk.toInteger(): null

03-03-2025T13:41:16 - [TEST_STEP][PASSED] - pageOtpuskVSet = page.toInteger(): null

03-03-2025T13:41:16 - [TEST_STEP][PASSED] - typeOfData = typeOfDataMain + " Потери": null

03-03-2025T13:41:16 - [TEST_STEP][PASSED] - if (a == 82): null

03-03-2025T13:41:16 - [TEST_STEP][PASSED] - else if (a == 84): null

03-03-2025T13:41:16 - [TEST_STEP][PASSED] - else if (a == 83 || a == 52 || a == 72 || a == 28 || a == 73 || a == 77 || a == 74 || a == 65 || a == 44 || a == 53 || a == 80 || a == 54 || a == 1 || a == 18 || a == 59 || a == 81): null

03-03-2025T13:41:16 - [TEST_STEP][PASSED] - else: null

03-03-2025T13:41:16 - [TEST_STEP][PASSED] - path = dataFolder + typeOfData + " за отчётный период " + b: null

03-03-2025T13:41:16 - [TEST_STEP][PASSED] - page = getText(findTestObject(path)): Text of object 'Object Repository/Выполнение бизнес-плана/Значения со страницы Выполнение бизнес-плана/План Потери за отчётный период Ярославская электросетевая компания' is: '4 323'

03-03-2025T13:41:16 - [MESSAGE][PASSED] - Text of object 'Object Repository/Выполнение бизнес-плана/Значения со страницы Выполнение бизнес-плана/План Потери за отчётный период Ярославская электросетевая компания' is: '4 323'

03-03-2025T13:41:16 - [TEST_STEP][PASSED] - if (page == "" || page == null): null

03-03-2025T13:41:16 - [TEST_STEP][PASSED] - else: null

03-03-2025T13:41:16 - [TEST_STEP][PASSED] - page = page.replaceAll("\s+", ""): null

03-03-2025T13:41:16 - [TEST_STEP][PASSED] - filePoteri = poteri.toInteger(): null

03-03-2025T13:41:16 - [TEST_STEP][PASSED] - pagePoteri = page.toInteger(): null

03-03-2025T13:41:16 - [TEST_STEP][PASSED] - compare = pageOtpuskVSet: null

03-03-2025T13:41:16 - [TEST_STEP][PASSED] - if (pageOtpuskVSet != null): null

03-03-2025T13:41:16 - [TEST_STEP][PASSED] - if (compare == fileOtpuskVSet): null

03-03-2025T13:41:16 - [TEST_STEP][PASSED] - else if (compare > fileOtpuskVSet): null

03-03-2025T13:41:16 - [TEST_STEP][PASSED] - else if (compare < fileOtpuskVSet): null

03-03-2025T13:41:16 - [TEST_STEP][PASSED] - compare = compare + 1: null

03-03-2025T13:41:16 - [TEST_STEP][PASSED] - if (compare == fileOtpuskVSet): null

03-03-2025T13:41:16 - [TEST_STEP][PASSED] - else: null

03-03-2025T13:41:16 - [TEST_STEP][PASSED] - numberOfErrors = numberOfErrors + 1: null

03-03-2025T13:41:16 - [TEST_STEP][PASSED] - pageInt = pageOtpuskVSet: null

03-03-2025T13:41:16 - [TEST_STEP][PASSED] - fileInt = fileOtpuskVSet: null

03-03-2025T13:41:16 - [TEST_STEP][PASSED] - typeOfData = typeOfDataMain + " Отпуск в сеть": null

03-03-2025T13:41:16 - [TEST_STEP][PASSED] - Script1718980020443.WriteToExcel(a, typeOfData, todaysDate, pageInt, fileInt, pageDouble, fileDouble, dZO): null

03-03-2025T13:41:16 - [TEST_STEP][PASSED] - sheetName = "Sheet1": null

03-03-2025T13:41:16 - [TEST_STEP][PASSED] - data = findTestData("PlanFact"): null

03-03-2025T13:41:16 - [TEST_STEP][PASSED] - n = data.getRowNumbers() + 1: null

03-03-2025T13:41:16 - [TEST_STEP][PASSED] - day = ")).toInteger(): null

03-03-2025T13:41:16 - [TEST_STEP][PASSED] - println(day): null

03-03-2025T13:41:16 - [TEST_STEP][PASSED] - month = ")).toInteger(): null

03-03-2025T13:41:16 - [TEST_STEP][PASSED] - println(month): null

03-03-2025T13:41:16 - [TEST_STEP][PASSED] - y = <not implemented yet for class: org.codehaus.groovy.ast.expr.EmptyExpression>: null

03-03-2025T13:41:16 - [TEST_STEP][PASSED] - iy = <not implemented yet for class: org.codehaus.groovy.ast.expr.EmptyExpression>: null

03-03-2025T13:41:16 - [TEST_STEP][PASSED] - m = getText(findTestObject("Выполнение бизнес-плана/Период")): Text of object 'Object Repository/Выполнение бизнес-плана/Период' is: '2024 год'

03-03-2025T13:41:16 - [MESSAGE][PASSED] - Text of object 'Object Repository/Выполнение бизнес-плана/Период' is: '2024 год'

03-03-2025T13:41:16 - [TEST_STEP][PASSED] - iy = m.indexOf("20"): null

03-03-2025T13:41:16 - [TEST_STEP][PASSED] - if (iy > -1): null

03-03-2025T13:41:16 - [TEST_STEP][PASSED] - y = substring(iy, iy + 4).toInteger(): null

03-03-2025T13:41:16 - [TEST_STEP][PASSED] - println(y): null

03-03-2025T13:41:16 - [TEST_STEP][PASSED] - if (toString().length() == 4): null

03-03-2025T13:41:16 - [TEST_STEP][PASSED] - m = m.substring(0, m.indexOf(y.toString())): null

03-03-2025T13:41:16 - [TEST_STEP][PASSED] - m = m.trim(): null

03-03-2025T13:41:16 - [TEST_STEP][PASSED] - if (m == ""): null

03-03-2025T13:41:16 - [TEST_STEP][PASSED] - m = "весь год": null

03-03-2025T13:41:16 - [TEST_STEP][PASSED] - dashboardName = "Выполнение бизнес-плана": null

03-03-2025T13:41:16 - [TEST_STEP][PASSED] - workbook01 = getWorkbook(excelFilePath): null

03-03-2025T13:41:17 - [TEST_STEP][PASSED] - sheet01 = getExcelSheet(workbook01, sheetName): null

03-03-2025T13:41:17 - [TEST_STEP][PASSED] - setValueToCellByIndex(sheet01, n, 0, dashboardName): null

03-03-2025T13:41:17 - [TEST_STEP][PASSED] - setValueToCellByIndex(sheet01, n, 1, dZO): null

03-03-2025T13:41:17 - [TEST_STEP][PASSED] - setValueToCellByIndex(sheet01, n, 2, typeOfData): null

03-03-2025T13:41:17 - [TEST_STEP][PASSED] - if (typeOfData == "Факт в процентах" || typeOfData == "План в процентах"): null

03-03-2025T13:41:17 - [TEST_STEP][PASSED] - else: null

03-03-2025T13:41:17 - [TEST_STEP][PASSED] - setValueToCellByIndex(sheet01, n, 3, fileInt): null

03-03-2025T13:41:17 - [TEST_STEP][PASSED] - setValueToCellByIndex(sheet01, n, 4, pageInt): null

03-03-2025T13:41:17 - [TEST_STEP][PASSED] - setValueToCellByIndex(sheet01, n, 5, m): null

03-03-2025T13:41:17 - [TEST_STEP][PASSED] - setValueToCellByIndex(sheet01, n, 6, y): null

03-03-2025T13:41:17 - [TEST_STEP][PASSED] - setValueToCellByIndex(sheet01, n, 7, todaysDate): null

03-03-2025T13:41:17 - [TEST_STEP][PASSED] - n = n + 1: null

03-03-2025T13:41:17 - [TEST_STEP][PASSED] - saveWorkbook(excelFilePath, workbook01): null

03-03-2025T13:41:17 - [TEST_STEP][PASSED] - compare = pagePoteri: null

03-03-2025T13:41:17 - [TEST_STEP][PASSED] - if (pageOtpuskVSet != null): null

03-03-2025T13:41:17 - [TEST_STEP][PASSED] - if (compare == filePoteri): null

03-03-2025T13:41:17 - [TEST_STEP][PASSED] - else if (compare > filePoteri): null

03-03-2025T13:41:17 - [TEST_STEP][PASSED] - else if (compare < filePoteri): null

03-03-2025T13:41:17 - [TEST_STEP][PASSED] - compare = compare + 1: null

03-03-2025T13:41:17 - [TEST_STEP][PASSED] - if (compare == filePoteri): null

03-03-2025T13:41:17 - [TEST_STEP][PASSED] - else: null

03-03-2025T13:41:17 - [TEST_STEP][PASSED] - numberOfErrors = numberOfErrors + 1: null

03-03-2025T13:41:17 - [TEST_STEP][PASSED] - pageInt = pagePoteri: null

03-03-2025T13:41:17 - [TEST_STEP][PASSED] - fileInt = filePoteri: null

03-03-2025T13:41:17 - [TEST_STEP][PASSED] - typeOfData = typeOfDataMain + " Потери": null

03-03-2025T13:41:17 - [TEST_STEP][PASSED] - Script1718980020443.WriteToExcel(a, typeOfData, todaysDate, pageInt, fileInt, pageDouble, fileDouble, dZO): null

03-03-2025T13:41:17 - [TEST_STEP][PASSED] - sheetName = "Sheet1": null

03-03-2025T13:41:17 - [TEST_STEP][PASSED] - data = findTestData("PlanFact"): null

03-03-2025T13:41:17 - [TEST_STEP][PASSED] - n = data.getRowNumbers() + 1: null

03-03-2025T13:41:17 - [TEST_STEP][PASSED] - day = ")).toInteger(): null

03-03-2025T13:41:17 - [TEST_STEP][PASSED] - println(day): null

03-03-2025T13:41:17 - [TEST_STEP][PASSED] - month = ")).toInteger(): null

03-03-2025T13:41:17 - [TEST_STEP][PASSED] - println(month): null

03-03-2025T13:41:17 - [TEST_STEP][PASSED] - y = <not implemented yet for class: org.codehaus.groovy.ast.expr.EmptyExpression>: null

03-03-2025T13:41:17 - [TEST_STEP][PASSED] - iy = <not implemented yet for class: org.codehaus.groovy.ast.expr.EmptyExpression>: null

03-03-2025T13:41:17 - [TEST_STEP][PASSED] - m = getText(findTestObject("Выполнение бизнес-плана/Период")): Text of object 'Object Repository/Выполнение бизнес-плана/Период' is: '2024 год'

03-03-2025T13:41:17 - [MESSAGE][PASSED] - Text of object 'Object Repository/Выполнение бизнес-плана/Период' is: '2024 год'

03-03-2025T13:41:17 - [TEST_STEP][PASSED] - iy = m.indexOf("20"): null

03-03-2025T13:41:17 - [TEST_STEP][PASSED] - if (iy > -1): null

03-03-2025T13:41:17 - [TEST_STEP][PASSED] - y = substring(iy, iy + 4).toInteger(): null

03-03-2025T13:41:17 - [TEST_STEP][PASSED] - println(y): null

03-03-2025T13:41:17 - [TEST_STEP][PASSED] - if (toString().length() == 4): null

03-03-2025T13:41:17 - [TEST_STEP][PASSED] - m = m.substring(0, m.indexOf(y.toString())): null

03-03-2025T13:41:17 - [TEST_STEP][PASSED] - m = m.trim(): null

03-03-2025T13:41:17 - [TEST_STEP][PASSED] - if (m == ""): null

03-03-2025T13:41:17 - [TEST_STEP][PASSED] - m = "весь год": null

03-03-2025T13:41:17 - [TEST_STEP][PASSED] - dashboardName = "Выполнение бизнес-плана": null

03-03-2025T13:41:17 - [TEST_STEP][PASSED] - workbook01 = getWorkbook(excelFilePath): null

03-03-2025T13:41:17 - [TEST_STEP][PASSED] - sheet01 = getExcelSheet(workbook01, sheetName): null

03-03-2025T13:41:17 - [TEST_STEP][PASSED] - setValueToCellByIndex(sheet01, n, 0, dashboardName): null

03-03-2025T13:41:17 - [TEST_STEP][PASSED] - setValueToCellByIndex(sheet01, n, 1, dZO): null

03-03-2025T13:41:17 - [TEST_STEP][PASSED] - setValueToCellByIndex(sheet01, n, 2, typeOfData): null

03-03-2025T13:41:17 - [TEST_STEP][PASSED] - if (typeOfData == "Факт в процентах" || typeOfData == "План в процентах"): null

03-03-2025T13:41:17 - [TEST_STEP][PASSED] - else: null

03-03-2025T13:41:17 - [TEST_STEP][PASSED] - setValueToCellByIndex(sheet01, n, 3, fileInt): null

03-03-2025T13:41:17 - [TEST_STEP][PASSED] - setValueToCellByIndex(sheet01, n, 4, pageInt): null

03-03-2025T13:41:17 - [TEST_STEP][PASSED] - setValueToCellByIndex(sheet01, n, 5, m): null

03-03-2025T13:41:17 - [TEST_STEP][PASSED] - setValueToCellByIndex(sheet01, n, 6, y): null

03-03-2025T13:41:17 - [TEST_STEP][PASSED] - setValueToCellByIndex(sheet01, n, 7, todaysDate): null

03-03-2025T13:41:17 - [TEST_STEP][PASSED] - n = n + 1: null

03-03-2025T13:41:17 - [TEST_STEP][PASSED] - saveWorkbook(excelFilePath, workbook01): Object: 'Object Repository/Выполнение бизнес-плана/Кнопка Факт' is clicked on

03-03-2025T13:41:17 - [TEST_STEP][PASSED] - if (planFact == 2): Object: 'Object Repository/Выполнение бизнес-плана/Кнопка Факт' is clicked on

03-03-2025T13:41:17 - [TEST_STEP][PASSED] - click(findTestObject("Выполнение бизнес-плана/Кнопка Факт")): Object: 'Object Repository/Выполнение бизнес-плана/Кнопка Факт' is clicked on

03-03-2025T13:41:18 - [MESSAGE][PASSED] - Object: 'Object Repository/Выполнение бизнес-плана/Кнопка Факт' is clicked on

03-03-2025T13:41:18 - [TEST_STEP][PASSED] - println("a=" + a): null

03-03-2025T13:41:18 - [TEST_STEP][PASSED] - if (a == 84 || a == 82): null

03-03-2025T13:41:18 - [TEST_STEP][PASSED] - else if (a == 83 || a == 52 || a == 72 || a == 28 || a == 73 || a == 77 || a == 74 || a == 65 || a == 36 || a == 44 || a == 53 || a == 80 || a == 54 || a == 1 || a == 18 || a == 59 || a == 81): null

03-03-2025T13:41:18 - [TEST_STEP][PASSED] - else: null

03-03-2025T13:41:18 - [TEST_STEP][PASSED] - page1 = getText(findTestObject("Object Repository/Выполнение бизнес-плана/spanPlan" + filialNum)): Text of object 'Object Repository/Выполнение бизнес-плана/spanPlan3' is: '11.26
|'

03-03-2025T13:41:18 - [MESSAGE][PASSED] - Text of object 'Object Repository/Выполнение бизнес-плана/spanPlan3' is: '11.26
|'

03-03-2025T13:41:18 - [TEST_STEP][PASSED] - page1 = page1.replace("|", ""): null

03-03-2025T13:41:18 - [TEST_STEP][PASSED] - page2 = getText(findTestObject("Object Repository/Выполнение бизнес-плана/spanFact" + filialNum)): Text of object 'Object Repository/Выполнение бизнес-плана/spanFact3' is: '9.93
|'

03-03-2025T13:41:18 - [MESSAGE][PASSED] - Text of object 'Object Repository/Выполнение бизнес-плана/spanFact3' is: '9.93
|'

03-03-2025T13:41:18 - [TEST_STEP][PASSED] - page2 = page2.replace("|", ""): null

03-03-2025T13:41:18 - [TEST_STEP][PASSED] - println("page1: " + page1): null

03-03-2025T13:41:18 - [TEST_STEP][PASSED] - println("page2: " + page2): null

03-03-2025T13:41:18 - [TEST_STEP][PASSED] - file = findTestData("PlanFact").getValue(4, a): null

03-03-2025T13:41:18 - [TEST_STEP][PASSED] - file = file.replace(",", "."): null

03-03-2025T13:41:18 - [TEST_STEP][PASSED] - println("file Plan: " + file): null

03-03-2025T13:41:18 - [TEST_STEP][PASSED] - typeOfData = "План в процентах": null

03-03-2025T13:41:18 - [TEST_STEP][PASSED] - fileDouble = file.toDouble(): null

03-03-2025T13:41:18 - [TEST_STEP][PASSED] - pageDouble = page1.toDouble(): null

03-03-2025T13:41:18 - [TEST_STEP][PASSED] - if (fileDouble != pageDouble): null

03-03-2025T13:41:18 - [TEST_STEP][PASSED] - file = findTestData("PlanFact").getValue(7, a): null

03-03-2025T13:41:18 - [TEST_STEP][PASSED] - file = file.replace(",", "."): null

03-03-2025T13:41:18 - [TEST_STEP][PASSED] - println("file Fact: " + file): null

03-03-2025T13:41:18 - [TEST_STEP][PASSED] - fileDouble = file.toDouble(): null

03-03-2025T13:41:18 - [TEST_STEP][PASSED] - typeOfData = "Факт в процентах": null

03-03-2025T13:41:18 - [TEST_STEP][PASSED] - fileDouble = file.toDouble(): null

03-03-2025T13:41:18 - [TEST_STEP][PASSED] - pageDouble = page2.toDouble(): null

03-03-2025T13:41:18 - [TEST_STEP][PASSED] - if (fileDouble != pageDouble): null

03-03-2025T13:41:18 - [TEST_STEP][FAILED] - if (verifyEqual(numberOfErrors, 0) == false): null

03-03-2025T13:41:18 - [MESSAGE][FAILED] - Unable to verify equal between actual object '4' and expected object '0' (Root cause: com.kms.katalon.core.exception.StepFailedException: Actual object '4' and expected object '0' are not equal
	at com.kms.katalon.core.keyword.builtin.VerifyEqualKeyword$_verifyEqual_closure1.doCall(VerifyEqualKeyword.groovy:58)
	at com.kms.katalon.core.keyword.builtin.VerifyEqualKeyword$_verifyEqual_closure1.call(VerifyEqualKeyword.groovy)
	at com.kms.katalon.core.keyword.internal.KeywordMain.runKeyword(KeywordMain.groovy:75)
	at com.kms.katalon.core.keyword.builtin.VerifyEqualKeyword.verifyEqual(VerifyEqualKeyword.groovy:63)
	at com.kms.katalon.core.keyword.builtin.VerifyEqualKeyword.execute(VerifyEqualKeyword.groovy:44)
	at com.kms.katalon.core.keyword.internal.KeywordExecutor.executeKeywordForPlatform(KeywordExecutor.groovy:74)
	at com.kms.katalon.core.keyword.BuiltinKeywords.verifyEqual(BuiltinKeywords.groovy:146)
	at jdk.internal.reflect.GeneratedMethodAccessor24.invoke(Unknown Source)
	at java.base/jdk.internal.reflect.DelegatingMethodAccessorImpl.invoke(DelegatingMethodAccessorImpl.java:43)
	at Выполнение бизнес-плана Сверка ПАО Россети все филиалы.Numbers(Выполнение бизнес-плана Сверка ПАО Россети все филиалы:736)
	at Выполнение бизнес-плана Сверка ПАО Россети все филиалы.Filials(Выполнение бизнес-плана Сверка ПАО Россети все филиалы:1191)
	at Выполнение бизнес-плана Сверка ПАО Россети все филиалы.Numbers(Выполнение бизнес-плана Сверка ПАО Россети все филиалы:743)
	at Выполнение бизнес-плана Сверка ПАО Россети все филиалы.run(Выполнение бизнес-плана Сверка ПАО Россети все филиалы:364)
	at com.kms.katalon.core.main.ScriptEngine.run(ScriptEngine.java:194)
	at com.kms.katalon.core.main.ScriptEngine.runScriptAsRawText(ScriptEngine.java:119)
	at com.kms.katalon.core.main.TestCaseExecutor.runScript(TestCaseExecutor.java:448)
	at com.kms.katalon.core.main.TestCaseExecutor.doExecute(TestCaseExecutor.java:439)
	at com.kms.katalon.core.main.TestCaseExecutor.processExecutionPhase(TestCaseExecutor.java:418)
	at com.kms.katalon.core.main.TestCaseExecutor.accessMainPhase(TestCaseExecutor.java:410)
	at com.kms.katalon.core.main.TestCaseExecutor.execute(TestCaseExecutor.java:285)
	at com.kms.katalon.core.common.CommonExecutor.accessTestCaseMainPhase(CommonExecutor.java:65)
	at com.kms.katalon.core.main.TestSuiteExecutor.accessTestSuiteMainPhase(TestSuiteExecutor.java:150)
	at com.kms.katalon.core.main.TestSuiteExecutor.execute(TestSuiteExecutor.java:106)
	at com.kms.katalon.core.main.TestCaseMain.startTestSuite(TestCaseMain.java:180)
	at TempTestSuite1740991900055.run(TempTestSuite1740991900055.groovy:35)
	at java.base/jdk.internal.reflect.NativeMethodAccessorImpl.invoke0(Native Method)
	at java.base/jdk.internal.reflect.NativeMethodAccessorImpl.invoke(NativeMethodAccessorImpl.java:77)
	at java.base/jdk.internal.reflect.DelegatingMethodAccessorImpl.invoke(DelegatingMethodAccessorImpl.java:43)
)

03-03-2025T13:41:18 - [TEST_STEP][PASSED] - println(numberOfErrors): null

03-03-2025T13:41:18 - [TEST_STEP][PASSED] - println("a=" + a): null

03-03-2025T13:41:18 - [TEST_STEP][PASSED] - if (a == 28 || a == 77 || a == 74 || a == 65 || a == 36 || a == 44 || a == 54 || a == 1 || a == 18 || a == 59): null

03-03-2025T13:41:18 - [TEST_STEP][PASSED] - if (a == 82): null

03-03-2025T13:41:18 - [TEST_STEP][PASSED] - dZO = "Белгородэнерго": null

03-03-2025T13:41:18 - [TEST_STEP][PASSED] - a = 2: null

03-03-2025T13:41:18 - [TEST_STEP][PASSED] - if (x2.contains(dZO)): null

03-03-2025T13:41:18 - [TEST_STEP][PASSED] - filialNum = filialNum + 1: null

03-03-2025T13:41:18 - [TEST_STEP][PASSED] - Script1718980020443.Numbers(a, typeOfData, todaysDate, pageInt, fileInt, pageDouble, fileDouble, dZO, dzoNum, filialNum): null

03-03-2025T13:41:18 - [TEST_STEP][PASSED] - println(dzoNum): null

03-03-2025T13:41:18 - [TEST_STEP][PASSED] - planFact = <not implemented yet for class: org.codehaus.groovy.ast.expr.EmptyExpression>: null

03-03-2025T13:41:18 - [TEST_STEP][PASSED] - page = <not implemented yet for class: org.codehaus.groovy.ast.expr.EmptyExpression>: null

03-03-2025T13:41:18 - [TEST_STEP][PASSED] - page1 = <not implemented yet for class: org.codehaus.groovy.ast.expr.EmptyExpression>: null

03-03-2025T13:41:18 - [TEST_STEP][PASSED] - page2 = <not implemented yet for class: org.codehaus.groovy.ast.expr.EmptyExpression>: null

03-03-2025T13:41:18 - [TEST_STEP][PASSED] - filialNumberInRow = <not implemented yet for class: org.codehaus.groovy.ast.expr.EmptyExpression>: null

03-03-2025T13:41:18 - [TEST_STEP][PASSED] - filialsDzoNames = <not implemented yet for class: org.codehaus.groovy.ast.expr.EmptyExpression>: null

03-03-2025T13:41:18 - [TEST_STEP][PASSED] - numberOfFilials = <not implemented yet for class: org.codehaus.groovy.ast.expr.EmptyExpression>: null

03-03-2025T13:41:18 - [TEST_STEP][PASSED] - numberOfSpaces = <not implemented yet for class: org.codehaus.groovy.ast.expr.EmptyExpression>: null

03-03-2025T13:41:18 - [TEST_STEP][PASSED] - file = <not implemented yet for class: org.codehaus.groovy.ast.expr.EmptyExpression>: null

03-03-2025T13:41:18 - [TEST_STEP][PASSED] - otpusk = <not implemented yet for class: org.codehaus.groovy.ast.expr.EmptyExpression>: null

03-03-2025T13:41:18 - [TEST_STEP][PASSED] - poteri = <not implemented yet for class: org.codehaus.groovy.ast.expr.EmptyExpression>: null

03-03-2025T13:41:18 - [TEST_STEP][PASSED] - dataFolder = "Выполнение бизнес-плана/Значения со страницы Выполнение бизнес-плана/": null

03-03-2025T13:41:18 - [TEST_STEP][PASSED] - path = <not implemented yet for class: org.codehaus.groovy.ast.expr.EmptyExpression>: null

03-03-2025T13:41:18 - [TEST_STEP][PASSED] - typeOfDataMain = <not implemented yet for class: org.codehaus.groovy.ast.expr.EmptyExpression>: null

03-03-2025T13:41:18 - [TEST_STEP][PASSED] - fileOtpuskVSet = <not implemented yet for class: org.codehaus.groovy.ast.expr.EmptyExpression>: null

03-03-2025T13:41:18 - [TEST_STEP][PASSED] - pageOtpuskVSet = <not implemented yet for class: org.codehaus.groovy.ast.expr.EmptyExpression>: null

03-03-2025T13:41:18 - [TEST_STEP][PASSED] - filePoteri = <not implemented yet for class: org.codehaus.groovy.ast.expr.EmptyExpression>: null

03-03-2025T13:41:18 - [TEST_STEP][PASSED] - pagePoteri = <not implemented yet for class: org.codehaus.groovy.ast.expr.EmptyExpression>: null

03-03-2025T13:41:18 - [TEST_STEP][PASSED] - compare = <not implemented yet for class: org.codehaus.groovy.ast.expr.EmptyExpression>: null

03-03-2025T13:41:18 - [TEST_STEP][PASSED] - b = <not implemented yet for class: org.codehaus.groovy.ast.expr.EmptyExpression>: null

03-03-2025T13:41:18 - [TEST_STEP][PASSED] - i = <not implemented yet for class: org.codehaus.groovy.ast.expr.EmptyExpression>: null

03-03-2025T13:41:18 - [TEST_STEP][PASSED] - ii = <not implemented yet for class: org.codehaus.groovy.ast.expr.EmptyExpression>: null

03-03-2025T13:41:18 - [TEST_STEP][PASSED] - c = <not implemented yet for class: org.codehaus.groovy.ast.expr.EmptyExpression>: null

03-03-2025T13:41:18 - [TEST_STEP][PASSED] - numberOfErrors = 0: null

03-03-2025T13:41:18 - [TEST_STEP][PASSED] - if (a == 82): null

03-03-2025T13:41:18 - [TEST_STEP][PASSED] - b = findTestData("PlanFact").getValue(1, a): null

03-03-2025T13:41:18 - [TEST_STEP][PASSED] - i = b.indexOf(" (ГК)"): null

03-03-2025T13:41:18 - [TEST_STEP][PASSED] - if (i > -1): null

03-03-2025T13:41:18 - [TEST_STEP][PASSED] - i = b.indexOf("О ""): null

03-03-2025T13:41:18 - [TEST_STEP][PASSED] - if (i > -1): null

03-03-2025T13:41:18 - [TEST_STEP][PASSED] - i = b.indexOf("О «"): null

03-03-2025T13:41:18 - [TEST_STEP][PASSED] - if (i > -1): null

03-03-2025T13:41:18 - [TEST_STEP][PASSED] - i = b.indexOf("г. "): null

03-03-2025T13:41:18 - [TEST_STEP][PASSED] - if (i > -1): null

03-03-2025T13:41:18 - [TEST_STEP][PASSED] - b = b.trim(): null

03-03-2025T13:41:18 - [TEST_STEP][PASSED] - println(b): null

03-03-2025T13:41:18 - [TEST_STEP][PASSED] - for ([planFact = 1, planFact < 3, (planFact++)]): null

03-03-2025T13:41:18 - [TEST_STEP][PASSED] - if (planFact == 1): null

03-03-2025T13:41:18 - [TEST_STEP][PASSED] - typeOfDataMain = "Факт": null

03-03-2025T13:41:18 - [TEST_STEP][PASSED] - otpusk = findTestData("PlanFact").getValue(5, a): null

03-03-2025T13:41:19 - [TEST_STEP][PASSED] - poteri = findTestData("PlanFact").getValue(6, a): null

03-03-2025T13:41:19 - [TEST_STEP][PASSED] - otpusk = otpusk.replaceAll("\s+", ""): null

03-03-2025T13:41:19 - [TEST_STEP][PASSED] - poteri = poteri.replaceAll("\s+", ""): null

03-03-2025T13:41:19 - [TEST_STEP][PASSED] - typeOfData = typeOfDataMain + " Отпуск в сеть": null

03-03-2025T13:41:19 - [TEST_STEP][PASSED] - if (a == 82): null

03-03-2025T13:41:19 - [TEST_STEP][PASSED] - else if (a == 84): null

03-03-2025T13:41:19 - [TEST_STEP][PASSED] - else if (a == 83 || a == 52 || a == 72 || a == 28 || a == 73 || a == 77 || a == 74 || a == 65 || a == 36 || a == 44 || a == 53 || a == 80 || a == 54 || a == 1 || a == 18 || a == 59 || a == 81): null

03-03-2025T13:41:19 - [TEST_STEP][PASSED] - else: null

03-03-2025T13:41:19 - [TEST_STEP][PASSED] - path = dataFolder + typeOfData + " за отчётный период " + b: null

03-03-2025T13:41:19 - [TEST_STEP][PASSED] - println(path): null

03-03-2025T13:41:19 - [TEST_STEP][PASSED] - page = getText(findTestObject(path)): Text of object 'Object Repository/Выполнение бизнес-плана/Значения со страницы Выполнение бизнес-плана/Факт Отпуск в сеть за отчётный период Белгородэнерго' is: '651 058'

03-03-2025T13:41:19 - [MESSAGE][PASSED] - Text of object 'Object Repository/Выполнение бизнес-плана/Значения со страницы Выполнение бизнес-плана/Факт Отпуск в сеть за отчётный период Белгородэнерго' is: '651 058'

03-03-2025T13:41:19 - [TEST_STEP][PASSED] - if (page == "" || page == null): null

03-03-2025T13:41:19 - [TEST_STEP][PASSED] - else: null

03-03-2025T13:41:19 - [TEST_STEP][PASSED] - page = page.replaceAll("\s+", ""): null

03-03-2025T13:41:19 - [TEST_STEP][PASSED] - fileOtpuskVSet = otpusk.toInteger(): null

03-03-2025T13:41:19 - [TEST_STEP][PASSED] - pageOtpuskVSet = page.toInteger(): null

03-03-2025T13:41:19 - [TEST_STEP][PASSED] - typeOfData = typeOfDataMain + " Потери": null

03-03-2025T13:41:19 - [TEST_STEP][PASSED] - if (a == 82): null

03-03-2025T13:41:19 - [TEST_STEP][PASSED] - else if (a == 84): null

03-03-2025T13:41:19 - [TEST_STEP][PASSED] - else if (a == 83 || a == 52 || a == 72 || a == 28 || a == 73 || a == 77 || a == 74 || a == 65 || a == 44 || a == 53 || a == 80 || a == 54 || a == 1 || a == 18 || a == 59 || a == 81): null

03-03-2025T13:41:19 - [TEST_STEP][PASSED] - else: null

03-03-2025T13:41:19 - [TEST_STEP][PASSED] - path = dataFolder + typeOfData + " за отчётный период " + b: null

03-03-2025T13:41:19 - [TEST_STEP][PASSED] - page = getText(findTestObject(path)): Text of object 'Object Repository/Выполнение бизнес-плана/Значения со страницы Выполнение бизнес-плана/Факт Потери за отчётный период Белгородэнерго' is: '86 090'

03-03-2025T13:41:19 - [MESSAGE][PASSED] - Text of object 'Object Repository/Выполнение бизнес-плана/Значения со страницы Выполнение бизнес-плана/Факт Потери за отчётный период Белгородэнерго' is: '86 090'

03-03-2025T13:41:19 - [TEST_STEP][PASSED] - if (page == "" || page == null): null

03-03-2025T13:41:19 - [TEST_STEP][PASSED] - else: null

03-03-2025T13:41:19 - [TEST_STEP][PASSED] - page = page.replaceAll("\s+", ""): null

03-03-2025T13:41:19 - [TEST_STEP][PASSED] - filePoteri = poteri.toInteger(): null

03-03-2025T13:41:19 - [TEST_STEP][PASSED] - pagePoteri = page.toInteger(): null

03-03-2025T13:41:19 - [TEST_STEP][PASSED] - compare = pageOtpuskVSet: null

03-03-2025T13:41:19 - [TEST_STEP][PASSED] - if (pageOtpuskVSet != null): null

03-03-2025T13:41:19 - [TEST_STEP][PASSED] - if (compare == fileOtpuskVSet): null

03-03-2025T13:41:19 - [TEST_STEP][PASSED] - else if (compare > fileOtpuskVSet): null

03-03-2025T13:41:19 - [TEST_STEP][PASSED] - else if (compare < fileOtpuskVSet): null

03-03-2025T13:41:19 - [TEST_STEP][PASSED] - compare = compare + 1: null

03-03-2025T13:41:19 - [TEST_STEP][PASSED] - if (compare == fileOtpuskVSet): null

03-03-2025T13:41:19 - [TEST_STEP][PASSED] - else: null

03-03-2025T13:41:19 - [TEST_STEP][PASSED] - numberOfErrors = numberOfErrors + 1: null

03-03-2025T13:41:19 - [TEST_STEP][PASSED] - pageInt = pageOtpuskVSet: null

03-03-2025T13:41:19 - [TEST_STEP][PASSED] - fileInt = fileOtpuskVSet: null

03-03-2025T13:41:19 - [TEST_STEP][PASSED] - typeOfData = typeOfDataMain + " Отпуск в сеть": null

03-03-2025T13:41:19 - [TEST_STEP][PASSED] - Script1718980020443.WriteToExcel(a, typeOfData, todaysDate, pageInt, fileInt, pageDouble, fileDouble, dZO): null

03-03-2025T13:41:19 - [TEST_STEP][PASSED] - sheetName = "Sheet1": null

03-03-2025T13:41:19 - [TEST_STEP][PASSED] - data = findTestData("PlanFact"): null

03-03-2025T13:41:19 - [TEST_STEP][PASSED] - n = data.getRowNumbers() + 1: null

03-03-2025T13:41:19 - [TEST_STEP][PASSED] - day = ")).toInteger(): null

03-03-2025T13:41:19 - [TEST_STEP][PASSED] - println(day): null

03-03-2025T13:41:19 - [TEST_STEP][PASSED] - month = ")).toInteger(): null

03-03-2025T13:41:19 - [TEST_STEP][PASSED] - println(month): null

03-03-2025T13:41:19 - [TEST_STEP][PASSED] - y = <not implemented yet for class: org.codehaus.groovy.ast.expr.EmptyExpression>: null

03-03-2025T13:41:19 - [TEST_STEP][PASSED] - iy = <not implemented yet for class: org.codehaus.groovy.ast.expr.EmptyExpression>: null

03-03-2025T13:41:19 - [TEST_STEP][PASSED] - m = getText(findTestObject("Выполнение бизнес-плана/Период")): Text of object 'Object Repository/Выполнение бизнес-плана/Период' is: '2024 год'

03-03-2025T13:41:20 - [MESSAGE][PASSED] - Text of object 'Object Repository/Выполнение бизнес-плана/Период' is: '2024 год'

03-03-2025T13:41:20 - [TEST_STEP][PASSED] - iy = m.indexOf("20"): null

03-03-2025T13:41:20 - [TEST_STEP][PASSED] - if (iy > -1): null

03-03-2025T13:41:20 - [TEST_STEP][PASSED] - y = substring(iy, iy + 4).toInteger(): null

03-03-2025T13:41:20 - [TEST_STEP][PASSED] - println(y): null

03-03-2025T13:41:20 - [TEST_STEP][PASSED] - if (toString().length() == 4): null

03-03-2025T13:41:20 - [TEST_STEP][PASSED] - m = m.substring(0, m.indexOf(y.toString())): null

03-03-2025T13:41:20 - [TEST_STEP][PASSED] - m = m.trim(): null

03-03-2025T13:41:20 - [TEST_STEP][PASSED] - if (m == ""): null

03-03-2025T13:41:20 - [TEST_STEP][PASSED] - m = "весь год": null

03-03-2025T13:41:20 - [TEST_STEP][PASSED] - dashboardName = "Выполнение бизнес-плана": null

03-03-2025T13:41:20 - [TEST_STEP][PASSED] - workbook01 = getWorkbook(excelFilePath): null

03-03-2025T13:41:20 - [TEST_STEP][PASSED] - sheet01 = getExcelSheet(workbook01, sheetName): null

03-03-2025T13:41:20 - [TEST_STEP][PASSED] - setValueToCellByIndex(sheet01, n, 0, dashboardName): null

03-03-2025T13:41:20 - [TEST_STEP][PASSED] - setValueToCellByIndex(sheet01, n, 1, dZO): null

03-03-2025T13:41:20 - [TEST_STEP][PASSED] - setValueToCellByIndex(sheet01, n, 2, typeOfData): null

03-03-2025T13:41:20 - [TEST_STEP][PASSED] - if (typeOfData == "Факт в процентах" || typeOfData == "План в процентах"): null

03-03-2025T13:41:20 - [TEST_STEP][PASSED] - else: null

03-03-2025T13:41:20 - [TEST_STEP][PASSED] - setValueToCellByIndex(sheet01, n, 3, fileInt): null

03-03-2025T13:41:20 - [TEST_STEP][PASSED] - setValueToCellByIndex(sheet01, n, 4, pageInt): null

03-03-2025T13:41:20 - [TEST_STEP][PASSED] - setValueToCellByIndex(sheet01, n, 5, m): null

03-03-2025T13:41:20 - [TEST_STEP][PASSED] - setValueToCellByIndex(sheet01, n, 6, y): null

03-03-2025T13:41:20 - [TEST_STEP][PASSED] - setValueToCellByIndex(sheet01, n, 7, todaysDate): null

03-03-2025T13:41:20 - [TEST_STEP][PASSED] - n = n + 1: null

03-03-2025T13:41:20 - [TEST_STEP][PASSED] - saveWorkbook(excelFilePath, workbook01): null

03-03-2025T13:41:20 - [TEST_STEP][PASSED] - compare = pagePoteri: null

03-03-2025T13:41:20 - [TEST_STEP][PASSED] - if (pageOtpuskVSet != null): null

03-03-2025T13:41:20 - [TEST_STEP][PASSED] - if (compare == filePoteri): null

03-03-2025T13:41:20 - [TEST_STEP][PASSED] - else if (compare > filePoteri): null

03-03-2025T13:41:20 - [TEST_STEP][PASSED] - else if (compare < filePoteri): null

03-03-2025T13:41:20 - [TEST_STEP][PASSED] - compare = compare + 1: null

03-03-2025T13:41:20 - [TEST_STEP][PASSED] - if (compare == filePoteri): null

03-03-2025T13:41:20 - [TEST_STEP][PASSED] - else: null

03-03-2025T13:41:20 - [TEST_STEP][PASSED] - numberOfErrors = numberOfErrors + 1: null

03-03-2025T13:41:20 - [TEST_STEP][PASSED] - pageInt = pagePoteri: null

03-03-2025T13:41:20 - [TEST_STEP][PASSED] - fileInt = filePoteri: null

03-03-2025T13:41:20 - [TEST_STEP][PASSED] - typeOfData = typeOfDataMain + " Потери": null

03-03-2025T13:41:20 - [TEST_STEP][PASSED] - Script1718980020443.WriteToExcel(a, typeOfData, todaysDate, pageInt, fileInt, pageDouble, fileDouble, dZO): null

03-03-2025T13:41:20 - [TEST_STEP][PASSED] - sheetName = "Sheet1": null

03-03-2025T13:41:20 - [TEST_STEP][PASSED] - data = findTestData("PlanFact"): null

03-03-2025T13:41:20 - [TEST_STEP][PASSED] - n = data.getRowNumbers() + 1: null

03-03-2025T13:41:20 - [TEST_STEP][PASSED] - day = ")).toInteger(): null

03-03-2025T13:41:20 - [TEST_STEP][PASSED] - println(day): null

03-03-2025T13:41:20 - [TEST_STEP][PASSED] - month = ")).toInteger(): null

03-03-2025T13:41:20 - [TEST_STEP][PASSED] - println(month): null

03-03-2025T13:41:20 - [TEST_STEP][PASSED] - y = <not implemented yet for class: org.codehaus.groovy.ast.expr.EmptyExpression>: null

03-03-2025T13:41:20 - [TEST_STEP][PASSED] - iy = <not implemented yet for class: org.codehaus.groovy.ast.expr.EmptyExpression>: null

03-03-2025T13:41:20 - [TEST_STEP][PASSED] - m = getText(findTestObject("Выполнение бизнес-плана/Период")): Text of object 'Object Repository/Выполнение бизнес-плана/Период' is: '2024 год'

03-03-2025T13:41:20 - [MESSAGE][PASSED] - Text of object 'Object Repository/Выполнение бизнес-плана/Период' is: '2024 год'

03-03-2025T13:41:20 - [TEST_STEP][PASSED] - iy = m.indexOf("20"): null

03-03-2025T13:41:20 - [TEST_STEP][PASSED] - if (iy > -1): null

03-03-2025T13:41:20 - [TEST_STEP][PASSED] - y = substring(iy, iy + 4).toInteger(): null

03-03-2025T13:41:20 - [TEST_STEP][PASSED] - println(y): null

03-03-2025T13:41:20 - [TEST_STEP][PASSED] - if (toString().length() == 4): null

03-03-2025T13:41:20 - [TEST_STEP][PASSED] - m = m.substring(0, m.indexOf(y.toString())): null

03-03-2025T13:41:20 - [TEST_STEP][PASSED] - m = m.trim(): null

03-03-2025T13:41:20 - [TEST_STEP][PASSED] - if (m == ""): null

03-03-2025T13:41:20 - [TEST_STEP][PASSED] - m = "весь год": null

03-03-2025T13:41:20 - [TEST_STEP][PASSED] - dashboardName = "Выполнение бизнес-плана": null

03-03-2025T13:41:20 - [TEST_STEP][PASSED] - workbook01 = getWorkbook(excelFilePath): null

03-03-2025T13:41:20 - [TEST_STEP][PASSED] - sheet01 = getExcelSheet(workbook01, sheetName): null

03-03-2025T13:41:20 - [TEST_STEP][PASSED] - setValueToCellByIndex(sheet01, n, 0, dashboardName): null

03-03-2025T13:41:20 - [TEST_STEP][PASSED] - setValueToCellByIndex(sheet01, n, 1, dZO): null

03-03-2025T13:41:20 - [TEST_STEP][PASSED] - setValueToCellByIndex(sheet01, n, 2, typeOfData): null

03-03-2025T13:41:20 - [TEST_STEP][PASSED] - if (typeOfData == "Факт в процентах" || typeOfData == "План в процентах"): null

03-03-2025T13:41:20 - [TEST_STEP][PASSED] - else: null

03-03-2025T13:41:20 - [TEST_STEP][PASSED] - setValueToCellByIndex(sheet01, n, 3, fileInt): null

03-03-2025T13:41:20 - [TEST_STEP][PASSED] - setValueToCellByIndex(sheet01, n, 4, pageInt): null

03-03-2025T13:41:20 - [TEST_STEP][PASSED] - setValueToCellByIndex(sheet01, n, 5, m): null

03-03-2025T13:41:20 - [TEST_STEP][PASSED] - setValueToCellByIndex(sheet01, n, 6, y): null

03-03-2025T13:41:20 - [TEST_STEP][PASSED] - setValueToCellByIndex(sheet01, n, 7, todaysDate): null

03-03-2025T13:41:20 - [TEST_STEP][PASSED] - n = n + 1: null

03-03-2025T13:41:20 - [TEST_STEP][PASSED] - saveWorkbook(excelFilePath, workbook01): null

03-03-2025T13:41:21 - [TEST_STEP][PASSED] - if (planFact == 2): null

03-03-2025T13:41:21 - [TEST_STEP][PASSED] - if (planFact == 1): null

03-03-2025T13:41:21 - [TEST_STEP][PASSED] - else if (planFact == 2): null

03-03-2025T13:41:21 - [TEST_STEP][PASSED] - click(findTestObject("Выполнение бизнес-плана/Кнопка План")): Object: 'Object Repository/Выполнение бизнес-плана/Кнопка План' is clicked on

03-03-2025T13:41:21 - [MESSAGE][PASSED] - Object: 'Object Repository/Выполнение бизнес-плана/Кнопка План' is clicked on

03-03-2025T13:41:21 - [TEST_STEP][PASSED] - typeOfDataMain = "План": null

03-03-2025T13:41:21 - [TEST_STEP][PASSED] - otpusk = findTestData("PlanFact").getValue(2, a): null

03-03-2025T13:41:21 - [TEST_STEP][PASSED] - poteri = findTestData("PlanFact").getValue(3, a): null

03-03-2025T13:41:21 - [TEST_STEP][PASSED] - otpusk = otpusk.replaceAll("\s+", ""): null

03-03-2025T13:41:21 - [TEST_STEP][PASSED] - poteri = poteri.replaceAll("\s+", ""): null

03-03-2025T13:41:21 - [TEST_STEP][PASSED] - typeOfData = typeOfDataMain + " Отпуск в сеть": null

03-03-2025T13:41:21 - [TEST_STEP][PASSED] - if (a == 82): null

03-03-2025T13:41:21 - [TEST_STEP][PASSED] - else if (a == 84): null

03-03-2025T13:41:21 - [TEST_STEP][PASSED] - else if (a == 83 || a == 52 || a == 72 || a == 28 || a == 73 || a == 77 || a == 74 || a == 65 || a == 36 || a == 44 || a == 53 || a == 80 || a == 54 || a == 1 || a == 18 || a == 59 || a == 81): null

03-03-2025T13:41:21 - [TEST_STEP][PASSED] - else: null

03-03-2025T13:41:21 - [TEST_STEP][PASSED] - path = dataFolder + typeOfData + " за отчётный период " + b: null

03-03-2025T13:41:21 - [TEST_STEP][PASSED] - println(path): null

03-03-2025T13:41:21 - [TEST_STEP][PASSED] - page = getText(findTestObject(path)): Text of object 'Object Repository/Выполнение бизнес-плана/Значения со страницы Выполнение бизнес-плана/План Отпуск в сеть за отчётный период Белгородэнерго' is: '634 316'

03-03-2025T13:41:21 - [MESSAGE][PASSED] - Text of object 'Object Repository/Выполнение бизнес-плана/Значения со страницы Выполнение бизнес-плана/План Отпуск в сеть за отчётный период Белгородэнерго' is: '634 316'

03-03-2025T13:41:21 - [TEST_STEP][PASSED] - if (page == "" || page == null): null

03-03-2025T13:41:21 - [TEST_STEP][PASSED] - else: null

03-03-2025T13:41:21 - [TEST_STEP][PASSED] - page = page.replaceAll("\s+", ""): null

03-03-2025T13:41:21 - [TEST_STEP][PASSED] - fileOtpuskVSet = otpusk.toInteger(): null

03-03-2025T13:41:21 - [TEST_STEP][PASSED] - pageOtpuskVSet = page.toInteger(): null

03-03-2025T13:41:21 - [TEST_STEP][PASSED] - typeOfData = typeOfDataMain + " Потери": null

03-03-2025T13:41:21 - [TEST_STEP][PASSED] - if (a == 82): null

03-03-2025T13:41:21 - [TEST_STEP][PASSED] - else if (a == 84): null

03-03-2025T13:41:21 - [TEST_STEP][PASSED] - else if (a == 83 || a == 52 || a == 72 || a == 28 || a == 73 || a == 77 || a == 74 || a == 65 || a == 44 || a == 53 || a == 80 || a == 54 || a == 1 || a == 18 || a == 59 || a == 81): null

03-03-2025T13:41:21 - [TEST_STEP][PASSED] - else: null

03-03-2025T13:41:21 - [TEST_STEP][PASSED] - path = dataFolder + typeOfData + " за отчётный период " + b: null

03-03-2025T13:41:21 - [TEST_STEP][PASSED] - page = getText(findTestObject(path)): Text of object 'Object Repository/Выполнение бизнес-плана/Значения со страницы Выполнение бизнес-плана/План Потери за отчётный период Белгородэнерго' is: '92 227'

03-03-2025T13:41:22 - [MESSAGE][PASSED] - Text of object 'Object Repository/Выполнение бизнес-плана/Значения со страницы Выполнение бизнес-плана/План Потери за отчётный период Белгородэнерго' is: '92 227'

03-03-2025T13:41:22 - [TEST_STEP][PASSED] - if (page == "" || page == null): null

03-03-2025T13:41:22 - [TEST_STEP][PASSED] - else: null

03-03-2025T13:41:22 - [TEST_STEP][PASSED] - page = page.replaceAll("\s+", ""): null

03-03-2025T13:41:22 - [TEST_STEP][PASSED] - filePoteri = poteri.toInteger(): null

03-03-2025T13:41:22 - [TEST_STEP][PASSED] - pagePoteri = page.toInteger(): null

03-03-2025T13:41:22 - [TEST_STEP][PASSED] - compare = pageOtpuskVSet: null

03-03-2025T13:41:22 - [TEST_STEP][PASSED] - if (pageOtpuskVSet != null): null

03-03-2025T13:41:22 - [TEST_STEP][PASSED] - if (compare == fileOtpuskVSet): null

03-03-2025T13:41:22 - [TEST_STEP][PASSED] - else if (compare > fileOtpuskVSet): null

03-03-2025T13:41:22 - [TEST_STEP][PASSED] - else if (compare < fileOtpuskVSet): null

03-03-2025T13:41:22 - [TEST_STEP][PASSED] - compare = compare + 1: null

03-03-2025T13:41:22 - [TEST_STEP][PASSED] - if (compare == fileOtpuskVSet): null

03-03-2025T13:41:22 - [TEST_STEP][PASSED] - else: null

03-03-2025T13:41:22 - [TEST_STEP][PASSED] - numberOfErrors = numberOfErrors + 1: null

03-03-2025T13:41:22 - [TEST_STEP][PASSED] - pageInt = pageOtpuskVSet: null

03-03-2025T13:41:22 - [TEST_STEP][PASSED] - fileInt = fileOtpuskVSet: null

03-03-2025T13:41:22 - [TEST_STEP][PASSED] - typeOfData = typeOfDataMain + " Отпуск в сеть": null

03-03-2025T13:41:22 - [TEST_STEP][PASSED] - Script1718980020443.WriteToExcel(a, typeOfData, todaysDate, pageInt, fileInt, pageDouble, fileDouble, dZO): null

03-03-2025T13:41:22 - [TEST_STEP][PASSED] - sheetName = "Sheet1": null

03-03-2025T13:41:22 - [TEST_STEP][PASSED] - data = findTestData("PlanFact"): null

03-03-2025T13:41:22 - [TEST_STEP][PASSED] - n = data.getRowNumbers() + 1: null

03-03-2025T13:41:22 - [TEST_STEP][PASSED] - day = ")).toInteger(): null

03-03-2025T13:41:22 - [TEST_STEP][PASSED] - println(day): null

03-03-2025T13:41:22 - [TEST_STEP][PASSED] - month = ")).toInteger(): null

03-03-2025T13:41:22 - [TEST_STEP][PASSED] - println(month): null

03-03-2025T13:41:22 - [TEST_STEP][PASSED] - y = <not implemented yet for class: org.codehaus.groovy.ast.expr.EmptyExpression>: null

03-03-2025T13:41:22 - [TEST_STEP][PASSED] - iy = <not implemented yet for class: org.codehaus.groovy.ast.expr.EmptyExpression>: null

03-03-2025T13:41:22 - [TEST_STEP][PASSED] - m = getText(findTestObject("Выполнение бизнес-плана/Период")): Text of object 'Object Repository/Выполнение бизнес-плана/Период' is: '2024 год'

03-03-2025T13:41:22 - [MESSAGE][PASSED] - Text of object 'Object Repository/Выполнение бизнес-плана/Период' is: '2024 год'

03-03-2025T13:41:22 - [TEST_STEP][PASSED] - iy = m.indexOf("20"): null

03-03-2025T13:41:22 - [TEST_STEP][PASSED] - if (iy > -1): null

03-03-2025T13:41:22 - [TEST_STEP][PASSED] - y = substring(iy, iy + 4).toInteger(): null

03-03-2025T13:41:22 - [TEST_STEP][PASSED] - println(y): null

03-03-2025T13:41:22 - [TEST_STEP][PASSED] - if (toString().length() == 4): null

03-03-2025T13:41:22 - [TEST_STEP][PASSED] - m = m.substring(0, m.indexOf(y.toString())): null

03-03-2025T13:41:22 - [TEST_STEP][PASSED] - m = m.trim(): null

03-03-2025T13:41:22 - [TEST_STEP][PASSED] - if (m == ""): null

03-03-2025T13:41:22 - [TEST_STEP][PASSED] - m = "весь год": null

03-03-2025T13:41:22 - [TEST_STEP][PASSED] - dashboardName = "Выполнение бизнес-плана": null

03-03-2025T13:41:22 - [TEST_STEP][PASSED] - workbook01 = getWorkbook(excelFilePath): null

03-03-2025T13:41:22 - [TEST_STEP][PASSED] - sheet01 = getExcelSheet(workbook01, sheetName): null

03-03-2025T13:41:22 - [TEST_STEP][PASSED] - setValueToCellByIndex(sheet01, n, 0, dashboardName): null

03-03-2025T13:41:22 - [TEST_STEP][PASSED] - setValueToCellByIndex(sheet01, n, 1, dZO): null

03-03-2025T13:41:22 - [TEST_STEP][PASSED] - setValueToCellByIndex(sheet01, n, 2, typeOfData): null

03-03-2025T13:41:22 - [TEST_STEP][PASSED] - if (typeOfData == "Факт в процентах" || typeOfData == "План в процентах"): null

03-03-2025T13:41:22 - [TEST_STEP][PASSED] - else: null

03-03-2025T13:41:22 - [TEST_STEP][PASSED] - setValueToCellByIndex(sheet01, n, 3, fileInt): null

03-03-2025T13:41:22 - [TEST_STEP][PASSED] - setValueToCellByIndex(sheet01, n, 4, pageInt): null

03-03-2025T13:41:22 - [TEST_STEP][PASSED] - setValueToCellByIndex(sheet01, n, 5, m): null

03-03-2025T13:41:22 - [TEST_STEP][PASSED] - setValueToCellByIndex(sheet01, n, 6, y): null

03-03-2025T13:41:22 - [TEST_STEP][PASSED] - setValueToCellByIndex(sheet01, n, 7, todaysDate): null

03-03-2025T13:41:22 - [TEST_STEP][PASSED] - n = n + 1: null

03-03-2025T13:41:22 - [TEST_STEP][PASSED] - saveWorkbook(excelFilePath, workbook01): null

03-03-2025T13:41:22 - [TEST_STEP][PASSED] - compare = pagePoteri: null

03-03-2025T13:41:22 - [TEST_STEP][PASSED] - if (pageOtpuskVSet != null): null

03-03-2025T13:41:22 - [TEST_STEP][PASSED] - if (compare == filePoteri): null

03-03-2025T13:41:22 - [TEST_STEP][PASSED] - else if (compare > filePoteri): null

03-03-2025T13:41:22 - [TEST_STEP][PASSED] - else if (compare < filePoteri): null

03-03-2025T13:41:22 - [TEST_STEP][PASSED] - compare = compare + 1: null

03-03-2025T13:41:22 - [TEST_STEP][PASSED] - if (compare == filePoteri): null

03-03-2025T13:41:22 - [TEST_STEP][PASSED] - else: null

03-03-2025T13:41:22 - [TEST_STEP][PASSED] - numberOfErrors = numberOfErrors + 1: null

03-03-2025T13:41:22 - [TEST_STEP][PASSED] - pageInt = pagePoteri: null

03-03-2025T13:41:22 - [TEST_STEP][PASSED] - fileInt = filePoteri: null

03-03-2025T13:41:22 - [TEST_STEP][PASSED] - typeOfData = typeOfDataMain + " Потери": null

03-03-2025T13:41:22 - [TEST_STEP][PASSED] - Script1718980020443.WriteToExcel(a, typeOfData, todaysDate, pageInt, fileInt, pageDouble, fileDouble, dZO): null

03-03-2025T13:41:22 - [TEST_STEP][PASSED] - sheetName = "Sheet1": null

03-03-2025T13:41:22 - [TEST_STEP][PASSED] - data = findTestData("PlanFact"): null

03-03-2025T13:41:22 - [TEST_STEP][PASSED] - n = data.getRowNumbers() + 1: null

03-03-2025T13:41:22 - [TEST_STEP][PASSED] - day = ")).toInteger(): null

03-03-2025T13:41:22 - [TEST_STEP][PASSED] - println(day): null

03-03-2025T13:41:22 - [TEST_STEP][PASSED] - month = ")).toInteger(): null

03-03-2025T13:41:22 - [TEST_STEP][PASSED] - println(month): null

03-03-2025T13:41:22 - [TEST_STEP][PASSED] - y = <not implemented yet for class: org.codehaus.groovy.ast.expr.EmptyExpression>: null

03-03-2025T13:41:22 - [TEST_STEP][PASSED] - iy = <not implemented yet for class: org.codehaus.groovy.ast.expr.EmptyExpression>: null

03-03-2025T13:41:22 - [TEST_STEP][PASSED] - m = getText(findTestObject("Выполнение бизнес-плана/Период")): Text of object 'Object Repository/Выполнение бизнес-плана/Период' is: '2024 год'

03-03-2025T13:41:23 - [MESSAGE][PASSED] - Text of object 'Object Repository/Выполнение бизнес-плана/Период' is: '2024 год'

03-03-2025T13:41:23 - [TEST_STEP][PASSED] - iy = m.indexOf("20"): null

03-03-2025T13:41:23 - [TEST_STEP][PASSED] - if (iy > -1): null

03-03-2025T13:41:23 - [TEST_STEP][PASSED] - y = substring(iy, iy + 4).toInteger(): null

03-03-2025T13:41:23 - [TEST_STEP][PASSED] - println(y): null

03-03-2025T13:41:23 - [TEST_STEP][PASSED] - if (toString().length() == 4): null

03-03-2025T13:41:23 - [TEST_STEP][PASSED] - m = m.substring(0, m.indexOf(y.toString())): null

03-03-2025T13:41:23 - [TEST_STEP][PASSED] - m = m.trim(): null

03-03-2025T13:41:23 - [TEST_STEP][PASSED] - if (m == ""): null

03-03-2025T13:41:23 - [TEST_STEP][PASSED] - m = "весь год": null

03-03-2025T13:41:23 - [TEST_STEP][PASSED] - dashboardName = "Выполнение бизнес-плана": null

03-03-2025T13:41:23 - [TEST_STEP][PASSED] - workbook01 = getWorkbook(excelFilePath): null

03-03-2025T13:41:23 - [TEST_STEP][PASSED] - sheet01 = getExcelSheet(workbook01, sheetName): null

03-03-2025T13:41:23 - [TEST_STEP][PASSED] - setValueToCellByIndex(sheet01, n, 0, dashboardName): null

03-03-2025T13:41:23 - [TEST_STEP][PASSED] - setValueToCellByIndex(sheet01, n, 1, dZO): null

03-03-2025T13:41:23 - [TEST_STEP][PASSED] - setValueToCellByIndex(sheet01, n, 2, typeOfData): null

03-03-2025T13:41:23 - [TEST_STEP][PASSED] - if (typeOfData == "Факт в процентах" || typeOfData == "План в процентах"): null

03-03-2025T13:41:23 - [TEST_STEP][PASSED] - else: null

03-03-2025T13:41:23 - [TEST_STEP][PASSED] - setValueToCellByIndex(sheet01, n, 3, fileInt): null

03-03-2025T13:41:23 - [TEST_STEP][PASSED] - setValueToCellByIndex(sheet01, n, 4, pageInt): null

03-03-2025T13:41:23 - [TEST_STEP][PASSED] - setValueToCellByIndex(sheet01, n, 5, m): null

03-03-2025T13:41:23 - [TEST_STEP][PASSED] - setValueToCellByIndex(sheet01, n, 6, y): null

03-03-2025T13:41:23 - [TEST_STEP][PASSED] - setValueToCellByIndex(sheet01, n, 7, todaysDate): null

03-03-2025T13:41:23 - [TEST_STEP][PASSED] - n = n + 1: null

03-03-2025T13:41:23 - [TEST_STEP][PASSED] - saveWorkbook(excelFilePath, workbook01): Object: 'Object Repository/Выполнение бизнес-плана/Кнопка Факт' is clicked on

03-03-2025T13:41:23 - [TEST_STEP][PASSED] - if (planFact == 2): Object: 'Object Repository/Выполнение бизнес-плана/Кнопка Факт' is clicked on

03-03-2025T13:41:23 - [TEST_STEP][PASSED] - click(findTestObject("Выполнение бизнес-плана/Кнопка Факт")): Object: 'Object Repository/Выполнение бизнес-плана/Кнопка Факт' is clicked on

03-03-2025T13:41:23 - [MESSAGE][PASSED] - Object: 'Object Repository/Выполнение бизнес-плана/Кнопка Факт' is clicked on

03-03-2025T13:41:23 - [TEST_STEP][PASSED] - println("a=" + a): null

03-03-2025T13:41:23 - [TEST_STEP][PASSED] - if (a == 84 || a == 82): null

03-03-2025T13:41:23 - [TEST_STEP][PASSED] - else if (a == 83 || a == 52 || a == 72 || a == 28 || a == 73 || a == 77 || a == 74 || a == 65 || a == 36 || a == 44 || a == 53 || a == 80 || a == 54 || a == 1 || a == 18 || a == 59 || a == 81): null

03-03-2025T13:41:23 - [TEST_STEP][PASSED] - else: null

03-03-2025T13:41:23 - [TEST_STEP][PASSED] - page1 = getText(findTestObject("Object Repository/Выполнение бизнес-плана/spanPlan" + filialNum)): Text of object 'Object Repository/Выполнение бизнес-плана/spanPlan4' is: '10.45
|'

03-03-2025T13:41:24 - [MESSAGE][PASSED] - Text of object 'Object Repository/Выполнение бизнес-плана/spanPlan4' is: '10.45
|'

03-03-2025T13:41:24 - [TEST_STEP][PASSED] - page1 = page1.replace("|", ""): null

03-03-2025T13:41:24 - [TEST_STEP][PASSED] - page2 = getText(findTestObject("Object Repository/Выполнение бизнес-плана/spanFact" + filialNum)): Text of object 'Object Repository/Выполнение бизнес-плана/spanFact4' is: '10.03
|'

03-03-2025T13:41:24 - [MESSAGE][PASSED] - Text of object 'Object Repository/Выполнение бизнес-плана/spanFact4' is: '10.03
|'

03-03-2025T13:41:24 - [TEST_STEP][PASSED] - page2 = page2.replace("|", ""): null

03-03-2025T13:41:24 - [TEST_STEP][PASSED] - println("page1: " + page1): null

03-03-2025T13:41:24 - [TEST_STEP][PASSED] - println("page2: " + page2): null

03-03-2025T13:41:24 - [TEST_STEP][PASSED] - file = findTestData("PlanFact").getValue(4, a): null

03-03-2025T13:41:24 - [TEST_STEP][PASSED] - file = file.replace(",", "."): null

03-03-2025T13:41:24 - [TEST_STEP][PASSED] - println("file Plan: " + file): null

03-03-2025T13:41:24 - [TEST_STEP][PASSED] - typeOfData = "План в процентах": null

03-03-2025T13:41:24 - [TEST_STEP][PASSED] - fileDouble = file.toDouble(): null

03-03-2025T13:41:24 - [TEST_STEP][PASSED] - pageDouble = page1.toDouble(): null

03-03-2025T13:41:24 - [TEST_STEP][PASSED] - if (fileDouble != pageDouble): null

03-03-2025T13:41:24 - [TEST_STEP][PASSED] - file = findTestData("PlanFact").getValue(7, a): null

03-03-2025T13:41:24 - [TEST_STEP][PASSED] - file = file.replace(",", "."): null

03-03-2025T13:41:24 - [TEST_STEP][PASSED] - println("file Fact: " + file): null

03-03-2025T13:41:24 - [TEST_STEP][PASSED] - fileDouble = file.toDouble(): null

03-03-2025T13:41:24 - [TEST_STEP][PASSED] - typeOfData = "Факт в процентах": null

03-03-2025T13:41:24 - [TEST_STEP][PASSED] - fileDouble = file.toDouble(): null

03-03-2025T13:41:24 - [TEST_STEP][PASSED] - pageDouble = page2.toDouble(): null

03-03-2025T13:41:24 - [TEST_STEP][PASSED] - if (fileDouble != pageDouble): null

03-03-2025T13:41:24 - [TEST_STEP][FAILED] - if (verifyEqual(numberOfErrors, 0) == false): null

03-03-2025T13:41:24 - [MESSAGE][FAILED] - Unable to verify equal between actual object '4' and expected object '0' (Root cause: com.kms.katalon.core.exception.StepFailedException: Actual object '4' and expected object '0' are not equal
	at com.kms.katalon.core.keyword.builtin.VerifyEqualKeyword$_verifyEqual_closure1.doCall(VerifyEqualKeyword.groovy:58)
	at com.kms.katalon.core.keyword.builtin.VerifyEqualKeyword$_verifyEqual_closure1.call(VerifyEqualKeyword.groovy)
	at com.kms.katalon.core.keyword.internal.KeywordMain.runKeyword(KeywordMain.groovy:75)
	at com.kms.katalon.core.keyword.builtin.VerifyEqualKeyword.verifyEqual(VerifyEqualKeyword.groovy:63)
	at com.kms.katalon.core.keyword.builtin.VerifyEqualKeyword.execute(VerifyEqualKeyword.groovy:44)
	at com.kms.katalon.core.keyword.internal.KeywordExecutor.executeKeywordForPlatform(KeywordExecutor.groovy:74)
	at com.kms.katalon.core.keyword.BuiltinKeywords.verifyEqual(BuiltinKeywords.groovy:146)
	at jdk.internal.reflect.GeneratedMethodAccessor24.invoke(Unknown Source)
	at java.base/jdk.internal.reflect.DelegatingMethodAccessorImpl.invoke(DelegatingMethodAccessorImpl.java:43)
	at Выполнение бизнес-плана Сверка ПАО Россети все филиалы.Numbers(Выполнение бизнес-плана Сверка ПАО Россети все филиалы:736)
	at Выполнение бизнес-плана Сверка ПАО Россети все филиалы.Filials(Выполнение бизнес-плана Сверка ПАО Россети все филиалы:1203)
	at Выполнение бизнес-плана Сверка ПАО Россети все филиалы.Numbers(Выполнение бизнес-плана Сверка ПАО Россети все филиалы:743)
	at Выполнение бизнес-плана Сверка ПАО Россети все филиалы.run(Выполнение бизнес-плана Сверка ПАО Россети все филиалы:364)
	at com.kms.katalon.core.main.ScriptEngine.run(ScriptEngine.java:194)
	at com.kms.katalon.core.main.ScriptEngine.runScriptAsRawText(ScriptEngine.java:119)
	at com.kms.katalon.core.main.TestCaseExecutor.runScript(TestCaseExecutor.java:448)
	at com.kms.katalon.core.main.TestCaseExecutor.doExecute(TestCaseExecutor.java:439)
	at com.kms.katalon.core.main.TestCaseExecutor.processExecutionPhase(TestCaseExecutor.java:418)
	at com.kms.katalon.core.main.TestCaseExecutor.accessMainPhase(TestCaseExecutor.java:410)
	at com.kms.katalon.core.main.TestCaseExecutor.execute(TestCaseExecutor.java:285)
	at com.kms.katalon.core.common.CommonExecutor.accessTestCaseMainPhase(CommonExecutor.java:65)
	at com.kms.katalon.core.main.TestSuiteExecutor.accessTestSuiteMainPhase(TestSuiteExecutor.java:150)
	at com.kms.katalon.core.main.TestSuiteExecutor.execute(TestSuiteExecutor.java:106)
	at com.kms.katalon.core.main.TestCaseMain.startTestSuite(TestCaseMain.java:180)
	at TempTestSuite1740991900055.run(TempTestSuite1740991900055.groovy:35)
	at java.base/jdk.internal.reflect.NativeMethodAccessorImpl.invoke0(Native Method)
	at java.base/jdk.internal.reflect.NativeMethodAccessorImpl.invoke(NativeMethodAccessorImpl.java:77)
	at java.base/jdk.internal.reflect.DelegatingMethodAccessorImpl.invoke(DelegatingMethodAccessorImpl.java:43)
)

03-03-2025T13:41:24 - [TEST_STEP][PASSED] - println(numberOfErrors): null

03-03-2025T13:41:24 - [TEST_STEP][PASSED] - println("a=" + a): null

03-03-2025T13:41:24 - [TEST_STEP][PASSED] - if (a == 28 || a == 77 || a == 74 || a == 65 || a == 36 || a == 44 || a == 54 || a == 1 || a == 18 || a == 59): null

03-03-2025T13:41:24 - [TEST_STEP][PASSED] - if (a == 82): null

03-03-2025T13:41:24 - [TEST_STEP][PASSED] - dZO = "Брянскэнерго": null

03-03-2025T13:41:24 - [TEST_STEP][PASSED] - a = 3: null

03-03-2025T13:41:24 - [TEST_STEP][PASSED] - if (x2.contains(dZO)): null

03-03-2025T13:41:24 - [TEST_STEP][PASSED] - filialNum = filialNum + 1: null

03-03-2025T13:41:24 - [TEST_STEP][PASSED] - Script1718980020443.Numbers(a, typeOfData, todaysDate, pageInt, fileInt, pageDouble, fileDouble, dZO, dzoNum, filialNum): null

03-03-2025T13:41:24 - [TEST_STEP][PASSED] - println(dzoNum): null

03-03-2025T13:41:24 - [TEST_STEP][PASSED] - planFact = <not implemented yet for class: org.codehaus.groovy.ast.expr.EmptyExpression>: null

03-03-2025T13:41:24 - [TEST_STEP][PASSED] - page = <not implemented yet for class: org.codehaus.groovy.ast.expr.EmptyExpression>: null

03-03-2025T13:41:24 - [TEST_STEP][PASSED] - page1 = <not implemented yet for class: org.codehaus.groovy.ast.expr.EmptyExpression>: null

03-03-2025T13:41:24 - [TEST_STEP][PASSED] - page2 = <not implemented yet for class: org.codehaus.groovy.ast.expr.EmptyExpression>: null

03-03-2025T13:41:24 - [TEST_STEP][PASSED] - filialNumberInRow = <not implemented yet for class: org.codehaus.groovy.ast.expr.EmptyExpression>: null

03-03-2025T13:41:24 - [TEST_STEP][PASSED] - filialsDzoNames = <not implemented yet for class: org.codehaus.groovy.ast.expr.EmptyExpression>: null

03-03-2025T13:41:24 - [TEST_STEP][PASSED] - numberOfFilials = <not implemented yet for class: org.codehaus.groovy.ast.expr.EmptyExpression>: null

03-03-2025T13:41:24 - [TEST_STEP][PASSED] - numberOfSpaces = <not implemented yet for class: org.codehaus.groovy.ast.expr.EmptyExpression>: null

03-03-2025T13:41:24 - [TEST_STEP][PASSED] - file = <not implemented yet for class: org.codehaus.groovy.ast.expr.EmptyExpression>: null

03-03-2025T13:41:24 - [TEST_STEP][PASSED] - otpusk = <not implemented yet for class: org.codehaus.groovy.ast.expr.EmptyExpression>: null

03-03-2025T13:41:24 - [TEST_STEP][PASSED] - poteri = <not implemented yet for class: org.codehaus.groovy.ast.expr.EmptyExpression>: null

03-03-2025T13:41:24 - [TEST_STEP][PASSED] - dataFolder = "Выполнение бизнес-плана/Значения со страницы Выполнение бизнес-плана/": null

03-03-2025T13:41:24 - [TEST_STEP][PASSED] - path = <not implemented yet for class: org.codehaus.groovy.ast.expr.EmptyExpression>: null

03-03-2025T13:41:24 - [TEST_STEP][PASSED] - typeOfDataMain = <not implemented yet for class: org.codehaus.groovy.ast.expr.EmptyExpression>: null

03-03-2025T13:41:24 - [TEST_STEP][PASSED] - fileOtpuskVSet = <not implemented yet for class: org.codehaus.groovy.ast.expr.EmptyExpression>: null

03-03-2025T13:41:24 - [TEST_STEP][PASSED] - pageOtpuskVSet = <not implemented yet for class: org.codehaus.groovy.ast.expr.EmptyExpression>: null

03-03-2025T13:41:24 - [TEST_STEP][PASSED] - filePoteri = <not implemented yet for class: org.codehaus.groovy.ast.expr.EmptyExpression>: null

03-03-2025T13:41:24 - [TEST_STEP][PASSED] - pagePoteri = <not implemented yet for class: org.codehaus.groovy.ast.expr.EmptyExpression>: null

03-03-2025T13:41:24 - [TEST_STEP][PASSED] - compare = <not implemented yet for class: org.codehaus.groovy.ast.expr.EmptyExpression>: null

03-03-2025T13:41:24 - [TEST_STEP][PASSED] - b = <not implemented yet for class: org.codehaus.groovy.ast.expr.EmptyExpression>: null

03-03-2025T13:41:24 - [TEST_STEP][PASSED] - i = <not implemented yet for class: org.codehaus.groovy.ast.expr.EmptyExpression>: null

03-03-2025T13:41:24 - [TEST_STEP][PASSED] - ii = <not implemented yet for class: org.codehaus.groovy.ast.expr.EmptyExpression>: null

03-03-2025T13:41:24 - [TEST_STEP][PASSED] - c = <not implemented yet for class: org.codehaus.groovy.ast.expr.EmptyExpression>: null

03-03-2025T13:41:24 - [TEST_STEP][PASSED] - numberOfErrors = 0: null

03-03-2025T13:41:24 - [TEST_STEP][PASSED] - if (a == 82): null

03-03-2025T13:41:24 - [TEST_STEP][PASSED] - b = findTestData("PlanFact").getValue(1, a): null

03-03-2025T13:41:24 - [TEST_STEP][PASSED] - i = b.indexOf(" (ГК)"): null

03-03-2025T13:41:24 - [TEST_STEP][PASSED] - if (i > -1): null

03-03-2025T13:41:24 - [TEST_STEP][PASSED] - i = b.indexOf("О ""): null

03-03-2025T13:41:24 - [TEST_STEP][PASSED] - if (i > -1): null

03-03-2025T13:41:24 - [TEST_STEP][PASSED] - i = b.indexOf("О «"): null

03-03-2025T13:41:24 - [TEST_STEP][PASSED] - if (i > -1): null

03-03-2025T13:41:24 - [TEST_STEP][PASSED] - i = b.indexOf("г. "): null

03-03-2025T13:41:24 - [TEST_STEP][PASSED] - if (i > -1): null

03-03-2025T13:41:24 - [TEST_STEP][PASSED] - b = b.trim(): null

03-03-2025T13:41:24 - [TEST_STEP][PASSED] - println(b): null

03-03-2025T13:41:24 - [TEST_STEP][PASSED] - for ([planFact = 1, planFact < 3, (planFact++)]): null

03-03-2025T13:41:24 - [TEST_STEP][PASSED] - if (planFact == 1): null

03-03-2025T13:41:24 - [TEST_STEP][PASSED] - typeOfDataMain = "Факт": null

03-03-2025T13:41:24 - [TEST_STEP][PASSED] - otpusk = findTestData("PlanFact").getValue(5, a): null

03-03-2025T13:41:24 - [TEST_STEP][PASSED] - poteri = findTestData("PlanFact").getValue(6, a): null

03-03-2025T13:41:24 - [TEST_STEP][PASSED] - otpusk = otpusk.replaceAll("\s+", ""): null

03-03-2025T13:41:24 - [TEST_STEP][PASSED] - poteri = poteri.replaceAll("\s+", ""): null

03-03-2025T13:41:24 - [TEST_STEP][PASSED] - typeOfData = typeOfDataMain + " Отпуск в сеть": null

03-03-2025T13:41:24 - [TEST_STEP][PASSED] - if (a == 82): null

03-03-2025T13:41:24 - [TEST_STEP][PASSED] - else if (a == 84): null

03-03-2025T13:41:24 - [TEST_STEP][PASSED] - else if (a == 83 || a == 52 || a == 72 || a == 28 || a == 73 || a == 77 || a == 74 || a == 65 || a == 36 || a == 44 || a == 53 || a == 80 || a == 54 || a == 1 || a == 18 || a == 59 || a == 81): null

03-03-2025T13:41:24 - [TEST_STEP][PASSED] - else: null

03-03-2025T13:41:24 - [TEST_STEP][PASSED] - path = dataFolder + typeOfData + " за отчётный период " + b: null

03-03-2025T13:41:24 - [TEST_STEP][PASSED] - println(path): null

03-03-2025T13:41:24 - [TEST_STEP][PASSED] - page = getText(findTestObject(path)): Text of object 'Object Repository/Выполнение бизнес-плана/Значения со страницы Выполнение бизнес-плана/Факт Отпуск в сеть за отчётный период Брянскэнерго' is: '350 537'

03-03-2025T13:41:25 - [MESSAGE][PASSED] - Text of object 'Object Repository/Выполнение бизнес-плана/Значения со страницы Выполнение бизнес-плана/Факт Отпуск в сеть за отчётный период Брянскэнерго' is: '350 537'

03-03-2025T13:41:25 - [TEST_STEP][PASSED] - if (page == "" || page == null): null

03-03-2025T13:41:25 - [TEST_STEP][PASSED] - else: null

03-03-2025T13:41:25 - [TEST_STEP][PASSED] - page = page.replaceAll("\s+", ""): null

03-03-2025T13:41:25 - [TEST_STEP][PASSED] - fileOtpuskVSet = otpusk.toInteger(): null

03-03-2025T13:41:25 - [TEST_STEP][PASSED] - pageOtpuskVSet = page.toInteger(): null

03-03-2025T13:41:25 - [TEST_STEP][PASSED] - typeOfData = typeOfDataMain + " Потери": null

03-03-2025T13:41:25 - [TEST_STEP][PASSED] - if (a == 82): null

03-03-2025T13:41:25 - [TEST_STEP][PASSED] - else if (a == 84): null

03-03-2025T13:41:25 - [TEST_STEP][PASSED] - else if (a == 83 || a == 52 || a == 72 || a == 28 || a == 73 || a == 77 || a == 74 || a == 65 || a == 44 || a == 53 || a == 80 || a == 54 || a == 1 || a == 18 || a == 59 || a == 81): null

03-03-2025T13:41:25 - [TEST_STEP][PASSED] - else: null

03-03-2025T13:41:25 - [TEST_STEP][PASSED] - path = dataFolder + typeOfData + " за отчётный период " + b: null

03-03-2025T13:41:25 - [TEST_STEP][PASSED] - page = getText(findTestObject(path)): Text of object 'Object Repository/Выполнение бизнес-плана/Значения со страницы Выполнение бизнес-плана/Факт Потери за отчётный период Брянскэнерго' is: '21 835'

03-03-2025T13:41:25 - [MESSAGE][PASSED] - Text of object 'Object Repository/Выполнение бизнес-плана/Значения со страницы Выполнение бизнес-плана/Факт Потери за отчётный период Брянскэнерго' is: '21 835'

03-03-2025T13:41:25 - [TEST_STEP][PASSED] - if (page == "" || page == null): null

03-03-2025T13:41:25 - [TEST_STEP][PASSED] - else: null

03-03-2025T13:41:25 - [TEST_STEP][PASSED] - page = page.replaceAll("\s+", ""): null

03-03-2025T13:41:25 - [TEST_STEP][PASSED] - filePoteri = poteri.toInteger(): null

03-03-2025T13:41:25 - [TEST_STEP][PASSED] - pagePoteri = page.toInteger(): null

03-03-2025T13:41:25 - [TEST_STEP][PASSED] - compare = pageOtpuskVSet: null

03-03-2025T13:41:25 - [TEST_STEP][PASSED] - if (pageOtpuskVSet != null): null

03-03-2025T13:41:25 - [TEST_STEP][PASSED] - if (compare == fileOtpuskVSet): null

03-03-2025T13:41:25 - [TEST_STEP][PASSED] - else if (compare > fileOtpuskVSet): null

03-03-2025T13:41:25 - [TEST_STEP][PASSED] - else if (compare < fileOtpuskVSet): null

03-03-2025T13:41:25 - [TEST_STEP][PASSED] - compare = compare + 1: null

03-03-2025T13:41:25 - [TEST_STEP][PASSED] - if (compare == fileOtpuskVSet): null

03-03-2025T13:41:25 - [TEST_STEP][PASSED] - else: null

03-03-2025T13:41:25 - [TEST_STEP][PASSED] - numberOfErrors = numberOfErrors + 1: null

03-03-2025T13:41:25 - [TEST_STEP][PASSED] - pageInt = pageOtpuskVSet: null

03-03-2025T13:41:25 - [TEST_STEP][PASSED] - fileInt = fileOtpuskVSet: null

03-03-2025T13:41:25 - [TEST_STEP][PASSED] - typeOfData = typeOfDataMain + " Отпуск в сеть": null

03-03-2025T13:41:25 - [TEST_STEP][PASSED] - Script1718980020443.WriteToExcel(a, typeOfData, todaysDate, pageInt, fileInt, pageDouble, fileDouble, dZO): null

03-03-2025T13:41:25 - [TEST_STEP][PASSED] - sheetName = "Sheet1": null

03-03-2025T13:41:25 - [TEST_STEP][PASSED] - data = findTestData("PlanFact"): null

03-03-2025T13:41:25 - [TEST_STEP][PASSED] - n = data.getRowNumbers() + 1: null

03-03-2025T13:41:25 - [TEST_STEP][PASSED] - day = ")).toInteger(): null

03-03-2025T13:41:25 - [TEST_STEP][PASSED] - println(day): null

03-03-2025T13:41:25 - [TEST_STEP][PASSED] - month = ")).toInteger(): null

03-03-2025T13:41:25 - [TEST_STEP][PASSED] - println(month): null

03-03-2025T13:41:25 - [TEST_STEP][PASSED] - y = <not implemented yet for class: org.codehaus.groovy.ast.expr.EmptyExpression>: null

03-03-2025T13:41:25 - [TEST_STEP][PASSED] - iy = <not implemented yet for class: org.codehaus.groovy.ast.expr.EmptyExpression>: null

03-03-2025T13:41:25 - [TEST_STEP][PASSED] - m = getText(findTestObject("Выполнение бизнес-плана/Период")): Text of object 'Object Repository/Выполнение бизнес-плана/Период' is: '2024 год'

03-03-2025T13:41:25 - [MESSAGE][PASSED] - Text of object 'Object Repository/Выполнение бизнес-плана/Период' is: '2024 год'

03-03-2025T13:41:25 - [TEST_STEP][PASSED] - iy = m.indexOf("20"): null

03-03-2025T13:41:25 - [TEST_STEP][PASSED] - if (iy > -1): null

03-03-2025T13:41:25 - [TEST_STEP][PASSED] - y = substring(iy, iy + 4).toInteger(): null

03-03-2025T13:41:25 - [TEST_STEP][PASSED] - println(y): null

03-03-2025T13:41:25 - [TEST_STEP][PASSED] - if (toString().length() == 4): null

03-03-2025T13:41:25 - [TEST_STEP][PASSED] - m = m.substring(0, m.indexOf(y.toString())): null

03-03-2025T13:41:25 - [TEST_STEP][PASSED] - m = m.trim(): null

03-03-2025T13:41:25 - [TEST_STEP][PASSED] - if (m == ""): null

03-03-2025T13:41:25 - [TEST_STEP][PASSED] - m = "весь год": null

03-03-2025T13:41:25 - [TEST_STEP][PASSED] - dashboardName = "Выполнение бизнес-плана": null

03-03-2025T13:41:25 - [TEST_STEP][PASSED] - workbook01 = getWorkbook(excelFilePath): null

03-03-2025T13:41:25 - [TEST_STEP][PASSED] - sheet01 = getExcelSheet(workbook01, sheetName): null

03-03-2025T13:41:25 - [TEST_STEP][PASSED] - setValueToCellByIndex(sheet01, n, 0, dashboardName): null

03-03-2025T13:41:25 - [TEST_STEP][PASSED] - setValueToCellByIndex(sheet01, n, 1, dZO): null

03-03-2025T13:41:25 - [TEST_STEP][PASSED] - setValueToCellByIndex(sheet01, n, 2, typeOfData): null

03-03-2025T13:41:25 - [TEST_STEP][PASSED] - if (typeOfData == "Факт в процентах" || typeOfData == "План в процентах"): null

03-03-2025T13:41:25 - [TEST_STEP][PASSED] - else: null

03-03-2025T13:41:25 - [TEST_STEP][PASSED] - setValueToCellByIndex(sheet01, n, 3, fileInt): null

03-03-2025T13:41:25 - [TEST_STEP][PASSED] - setValueToCellByIndex(sheet01, n, 4, pageInt): null

03-03-2025T13:41:25 - [TEST_STEP][PASSED] - setValueToCellByIndex(sheet01, n, 5, m): null

03-03-2025T13:41:25 - [TEST_STEP][PASSED] - setValueToCellByIndex(sheet01, n, 6, y): null

03-03-2025T13:41:25 - [TEST_STEP][PASSED] - setValueToCellByIndex(sheet01, n, 7, todaysDate): null

03-03-2025T13:41:25 - [TEST_STEP][PASSED] - n = n + 1: null

03-03-2025T13:41:25 - [TEST_STEP][PASSED] - saveWorkbook(excelFilePath, workbook01): null

03-03-2025T13:41:25 - [TEST_STEP][PASSED] - compare = pagePoteri: null

03-03-2025T13:41:25 - [TEST_STEP][PASSED] - if (pageOtpuskVSet != null): null

03-03-2025T13:41:25 - [TEST_STEP][PASSED] - if (compare == filePoteri): null

03-03-2025T13:41:25 - [TEST_STEP][PASSED] - else if (compare > filePoteri): null

03-03-2025T13:41:25 - [TEST_STEP][PASSED] - else if (compare < filePoteri): null

03-03-2025T13:41:25 - [TEST_STEP][PASSED] - compare = compare + 1: null

03-03-2025T13:41:25 - [TEST_STEP][PASSED] - if (compare == filePoteri): null

03-03-2025T13:41:25 - [TEST_STEP][PASSED] - else: null

03-03-2025T13:41:25 - [TEST_STEP][PASSED] - numberOfErrors = numberOfErrors + 1: null

03-03-2025T13:41:25 - [TEST_STEP][PASSED] - pageInt = pagePoteri: null

03-03-2025T13:41:25 - [TEST_STEP][PASSED] - fileInt = filePoteri: null

03-03-2025T13:41:25 - [TEST_STEP][PASSED] - typeOfData = typeOfDataMain + " Потери": null

03-03-2025T13:41:25 - [TEST_STEP][PASSED] - Script1718980020443.WriteToExcel(a, typeOfData, todaysDate, pageInt, fileInt, pageDouble, fileDouble, dZO): null

03-03-2025T13:41:25 - [TEST_STEP][PASSED] - sheetName = "Sheet1": null

03-03-2025T13:41:25 - [TEST_STEP][PASSED] - data = findTestData("PlanFact"): null

03-03-2025T13:41:26 - [TEST_STEP][PASSED] - n = data.getRowNumbers() + 1: null

03-03-2025T13:41:26 - [TEST_STEP][PASSED] - day = ")).toInteger(): null

03-03-2025T13:41:26 - [TEST_STEP][PASSED] - println(day): null

03-03-2025T13:41:26 - [TEST_STEP][PASSED] - month = ")).toInteger(): null

03-03-2025T13:41:26 - [TEST_STEP][PASSED] - println(month): null

03-03-2025T13:41:26 - [TEST_STEP][PASSED] - y = <not implemented yet for class: org.codehaus.groovy.ast.expr.EmptyExpression>: null

03-03-2025T13:41:26 - [TEST_STEP][PASSED] - iy = <not implemented yet for class: org.codehaus.groovy.ast.expr.EmptyExpression>: null

03-03-2025T13:41:26 - [TEST_STEP][PASSED] - m = getText(findTestObject("Выполнение бизнес-плана/Период")): Text of object 'Object Repository/Выполнение бизнес-плана/Период' is: '2024 год'

03-03-2025T13:41:26 - [MESSAGE][PASSED] - Text of object 'Object Repository/Выполнение бизнес-плана/Период' is: '2024 год'

03-03-2025T13:41:26 - [TEST_STEP][PASSED] - iy = m.indexOf("20"): null

03-03-2025T13:41:26 - [TEST_STEP][PASSED] - if (iy > -1): null

03-03-2025T13:41:26 - [TEST_STEP][PASSED] - y = substring(iy, iy + 4).toInteger(): null

03-03-2025T13:41:26 - [TEST_STEP][PASSED] - println(y): null

03-03-2025T13:41:26 - [TEST_STEP][PASSED] - if (toString().length() == 4): null

03-03-2025T13:41:26 - [TEST_STEP][PASSED] - m = m.substring(0, m.indexOf(y.toString())): null

03-03-2025T13:41:26 - [TEST_STEP][PASSED] - m = m.trim(): null

03-03-2025T13:41:26 - [TEST_STEP][PASSED] - if (m == ""): null

03-03-2025T13:41:26 - [TEST_STEP][PASSED] - m = "весь год": null

03-03-2025T13:41:26 - [TEST_STEP][PASSED] - dashboardName = "Выполнение бизнес-плана": null

03-03-2025T13:41:26 - [TEST_STEP][PASSED] - workbook01 = getWorkbook(excelFilePath): null

03-03-2025T13:41:26 - [TEST_STEP][PASSED] - sheet01 = getExcelSheet(workbook01, sheetName): null

03-03-2025T13:41:26 - [TEST_STEP][PASSED] - setValueToCellByIndex(sheet01, n, 0, dashboardName): null

03-03-2025T13:41:26 - [TEST_STEP][PASSED] - setValueToCellByIndex(sheet01, n, 1, dZO): null

03-03-2025T13:41:26 - [TEST_STEP][PASSED] - setValueToCellByIndex(sheet01, n, 2, typeOfData): null

03-03-2025T13:41:26 - [TEST_STEP][PASSED] - if (typeOfData == "Факт в процентах" || typeOfData == "План в процентах"): null

03-03-2025T13:41:26 - [TEST_STEP][PASSED] - else: null

03-03-2025T13:41:26 - [TEST_STEP][PASSED] - setValueToCellByIndex(sheet01, n, 3, fileInt): null

03-03-2025T13:41:26 - [TEST_STEP][PASSED] - setValueToCellByIndex(sheet01, n, 4, pageInt): null

03-03-2025T13:41:26 - [TEST_STEP][PASSED] - setValueToCellByIndex(sheet01, n, 5, m): null

03-03-2025T13:41:26 - [TEST_STEP][PASSED] - setValueToCellByIndex(sheet01, n, 6, y): null

03-03-2025T13:41:26 - [TEST_STEP][PASSED] - setValueToCellByIndex(sheet01, n, 7, todaysDate): null

03-03-2025T13:41:26 - [TEST_STEP][PASSED] - n = n + 1: null

03-03-2025T13:41:26 - [TEST_STEP][PASSED] - saveWorkbook(excelFilePath, workbook01): null

03-03-2025T13:41:26 - [TEST_STEP][PASSED] - if (planFact == 2): null

03-03-2025T13:41:26 - [TEST_STEP][PASSED] - if (planFact == 1): null

03-03-2025T13:41:26 - [TEST_STEP][PASSED] - else if (planFact == 2): null

03-03-2025T13:41:26 - [TEST_STEP][PASSED] - click(findTestObject("Выполнение бизнес-плана/Кнопка План")): Object: 'Object Repository/Выполнение бизнес-плана/Кнопка План' is clicked on

03-03-2025T13:41:26 - [MESSAGE][PASSED] - Object: 'Object Repository/Выполнение бизнес-плана/Кнопка План' is clicked on

03-03-2025T13:41:26 - [TEST_STEP][PASSED] - typeOfDataMain = "План": null

03-03-2025T13:41:26 - [TEST_STEP][PASSED] - otpusk = findTestData("PlanFact").getValue(2, a): null

03-03-2025T13:41:27 - [TEST_STEP][PASSED] - poteri = findTestData("PlanFact").getValue(3, a): null

03-03-2025T13:41:27 - [TEST_STEP][PASSED] - otpusk = otpusk.replaceAll("\s+", ""): null

03-03-2025T13:41:27 - [TEST_STEP][PASSED] - poteri = poteri.replaceAll("\s+", ""): null

03-03-2025T13:41:27 - [TEST_STEP][PASSED] - typeOfData = typeOfDataMain + " Отпуск в сеть": null

03-03-2025T13:41:27 - [TEST_STEP][PASSED] - if (a == 82): null

03-03-2025T13:41:27 - [TEST_STEP][PASSED] - else if (a == 84): null

03-03-2025T13:41:27 - [TEST_STEP][PASSED] - else if (a == 83 || a == 52 || a == 72 || a == 28 || a == 73 || a == 77 || a == 74 || a == 65 || a == 36 || a == 44 || a == 53 || a == 80 || a == 54 || a == 1 || a == 18 || a == 59 || a == 81): null

03-03-2025T13:41:27 - [TEST_STEP][PASSED] - else: null

03-03-2025T13:41:27 - [TEST_STEP][PASSED] - path = dataFolder + typeOfData + " за отчётный период " + b: null

03-03-2025T13:41:27 - [TEST_STEP][PASSED] - println(path): null

03-03-2025T13:41:27 - [TEST_STEP][PASSED] - page = getText(findTestObject(path)): Text of object 'Object Repository/Выполнение бизнес-плана/Значения со страницы Выполнение бизнес-плана/План Отпуск в сеть за отчётный период Брянскэнерго' is: '352 125'

03-03-2025T13:41:27 - [MESSAGE][PASSED] - Text of object 'Object Repository/Выполнение бизнес-плана/Значения со страницы Выполнение бизнес-плана/План Отпуск в сеть за отчётный период Брянскэнерго' is: '352 125'

03-03-2025T13:41:27 - [TEST_STEP][PASSED] - if (page == "" || page == null): null

03-03-2025T13:41:27 - [TEST_STEP][PASSED] - else: null

03-03-2025T13:41:27 - [TEST_STEP][PASSED] - page = page.replaceAll("\s+", ""): null

03-03-2025T13:41:27 - [TEST_STEP][PASSED] - fileOtpuskVSet = otpusk.toInteger(): null

03-03-2025T13:41:27 - [TEST_STEP][PASSED] - pageOtpuskVSet = page.toInteger(): null

03-03-2025T13:41:27 - [TEST_STEP][PASSED] - typeOfData = typeOfDataMain + " Потери": null

03-03-2025T13:41:27 - [TEST_STEP][PASSED] - if (a == 82): null

03-03-2025T13:41:27 - [TEST_STEP][PASSED] - else if (a == 84): null

03-03-2025T13:41:27 - [TEST_STEP][PASSED] - else if (a == 83 || a == 52 || a == 72 || a == 28 || a == 73 || a == 77 || a == 74 || a == 65 || a == 44 || a == 53 || a == 80 || a == 54 || a == 1 || a == 18 || a == 59 || a == 81): null

03-03-2025T13:41:27 - [TEST_STEP][PASSED] - else: null

03-03-2025T13:41:27 - [TEST_STEP][PASSED] - path = dataFolder + typeOfData + " за отчётный период " + b: null

03-03-2025T13:41:27 - [TEST_STEP][PASSED] - page = getText(findTestObject(path)): Text of object 'Object Repository/Выполнение бизнес-плана/Значения со страницы Выполнение бизнес-плана/План Потери за отчётный период Брянскэнерго' is: '18 868'

03-03-2025T13:41:27 - [MESSAGE][PASSED] - Text of object 'Object Repository/Выполнение бизнес-плана/Значения со страницы Выполнение бизнес-плана/План Потери за отчётный период Брянскэнерго' is: '18 868'

03-03-2025T13:41:27 - [TEST_STEP][PASSED] - if (page == "" || page == null): null

03-03-2025T13:41:27 - [TEST_STEP][PASSED] - else: null

03-03-2025T13:41:27 - [TEST_STEP][PASSED] - page = page.replaceAll("\s+", ""): null

03-03-2025T13:41:27 - [TEST_STEP][PASSED] - filePoteri = poteri.toInteger(): null

03-03-2025T13:41:27 - [TEST_STEP][PASSED] - pagePoteri = page.toInteger(): null

03-03-2025T13:41:27 - [TEST_STEP][PASSED] - compare = pageOtpuskVSet: null

03-03-2025T13:41:27 - [TEST_STEP][PASSED] - if (pageOtpuskVSet != null): null

03-03-2025T13:41:27 - [TEST_STEP][PASSED] - if (compare == fileOtpuskVSet): null

03-03-2025T13:41:27 - [TEST_STEP][PASSED] - else if (compare > fileOtpuskVSet): null

03-03-2025T13:41:27 - [TEST_STEP][PASSED] - else if (compare < fileOtpuskVSet): null

03-03-2025T13:41:27 - [TEST_STEP][PASSED] - compare = compare + 1: null

03-03-2025T13:41:27 - [TEST_STEP][PASSED] - if (compare == fileOtpuskVSet): null

03-03-2025T13:41:27 - [TEST_STEP][PASSED] - else: null

03-03-2025T13:41:27 - [TEST_STEP][PASSED] - numberOfErrors = numberOfErrors + 1: null

03-03-2025T13:41:27 - [TEST_STEP][PASSED] - pageInt = pageOtpuskVSet: null

03-03-2025T13:41:27 - [TEST_STEP][PASSED] - fileInt = fileOtpuskVSet: null

03-03-2025T13:41:27 - [TEST_STEP][PASSED] - typeOfData = typeOfDataMain + " Отпуск в сеть": null

03-03-2025T13:41:27 - [TEST_STEP][PASSED] - Script1718980020443.WriteToExcel(a, typeOfData, todaysDate, pageInt, fileInt, pageDouble, fileDouble, dZO): null

03-03-2025T13:41:27 - [TEST_STEP][PASSED] - sheetName = "Sheet1": null

03-03-2025T13:41:27 - [TEST_STEP][PASSED] - data = findTestData("PlanFact"): null

03-03-2025T13:41:27 - [TEST_STEP][PASSED] - n = data.getRowNumbers() + 1: null

03-03-2025T13:41:27 - [TEST_STEP][PASSED] - day = ")).toInteger(): null

03-03-2025T13:41:27 - [TEST_STEP][PASSED] - println(day): null

03-03-2025T13:41:27 - [TEST_STEP][PASSED] - month = ")).toInteger(): null

03-03-2025T13:41:27 - [TEST_STEP][PASSED] - println(month): null

03-03-2025T13:41:27 - [TEST_STEP][PASSED] - y = <not implemented yet for class: org.codehaus.groovy.ast.expr.EmptyExpression>: null

03-03-2025T13:41:27 - [TEST_STEP][PASSED] - iy = <not implemented yet for class: org.codehaus.groovy.ast.expr.EmptyExpression>: null

03-03-2025T13:41:27 - [TEST_STEP][PASSED] - m = getText(findTestObject("Выполнение бизнес-плана/Период")): Text of object 'Object Repository/Выполнение бизнес-плана/Период' is: '2024 год'

03-03-2025T13:41:28 - [MESSAGE][PASSED] - Text of object 'Object Repository/Выполнение бизнес-плана/Период' is: '2024 год'

03-03-2025T13:41:28 - [TEST_STEP][PASSED] - iy = m.indexOf("20"): null

03-03-2025T13:41:28 - [TEST_STEP][PASSED] - if (iy > -1): null

03-03-2025T13:41:28 - [TEST_STEP][PASSED] - y = substring(iy, iy + 4).toInteger(): null

03-03-2025T13:41:28 - [TEST_STEP][PASSED] - println(y): null

03-03-2025T13:41:28 - [TEST_STEP][PASSED] - if (toString().length() == 4): null

03-03-2025T13:41:28 - [TEST_STEP][PASSED] - m = m.substring(0, m.indexOf(y.toString())): null

03-03-2025T13:41:28 - [TEST_STEP][PASSED] - m = m.trim(): null

03-03-2025T13:41:28 - [TEST_STEP][PASSED] - if (m == ""): null

03-03-2025T13:41:28 - [TEST_STEP][PASSED] - m = "весь год": null

03-03-2025T13:41:28 - [TEST_STEP][PASSED] - dashboardName = "Выполнение бизнес-плана": null

03-03-2025T13:41:28 - [TEST_STEP][PASSED] - workbook01 = getWorkbook(excelFilePath): null

03-03-2025T13:41:28 - [TEST_STEP][PASSED] - sheet01 = getExcelSheet(workbook01, sheetName): null

03-03-2025T13:41:28 - [TEST_STEP][PASSED] - setValueToCellByIndex(sheet01, n, 0, dashboardName): null

03-03-2025T13:41:28 - [TEST_STEP][PASSED] - setValueToCellByIndex(sheet01, n, 1, dZO): null

03-03-2025T13:41:28 - [TEST_STEP][PASSED] - setValueToCellByIndex(sheet01, n, 2, typeOfData): null

03-03-2025T13:41:28 - [TEST_STEP][PASSED] - if (typeOfData == "Факт в процентах" || typeOfData == "План в процентах"): null

03-03-2025T13:41:28 - [TEST_STEP][PASSED] - else: null

03-03-2025T13:41:28 - [TEST_STEP][PASSED] - setValueToCellByIndex(sheet01, n, 3, fileInt): null

03-03-2025T13:41:28 - [TEST_STEP][PASSED] - setValueToCellByIndex(sheet01, n, 4, pageInt): null

03-03-2025T13:41:28 - [TEST_STEP][PASSED] - setValueToCellByIndex(sheet01, n, 5, m): null

03-03-2025T13:41:28 - [TEST_STEP][PASSED] - setValueToCellByIndex(sheet01, n, 6, y): null

03-03-2025T13:41:28 - [TEST_STEP][PASSED] - setValueToCellByIndex(sheet01, n, 7, todaysDate): null

03-03-2025T13:41:28 - [TEST_STEP][PASSED] - n = n + 1: null

03-03-2025T13:41:28 - [TEST_STEP][PASSED] - saveWorkbook(excelFilePath, workbook01): null

03-03-2025T13:41:28 - [TEST_STEP][PASSED] - compare = pagePoteri: null

03-03-2025T13:41:28 - [TEST_STEP][PASSED] - if (pageOtpuskVSet != null): null

03-03-2025T13:41:28 - [TEST_STEP][PASSED] - if (compare == filePoteri): null

03-03-2025T13:41:28 - [TEST_STEP][PASSED] - else if (compare > filePoteri): null

03-03-2025T13:41:28 - [TEST_STEP][PASSED] - else if (compare < filePoteri): null

03-03-2025T13:41:28 - [TEST_STEP][PASSED] - compare = compare + 1: null

03-03-2025T13:41:28 - [TEST_STEP][PASSED] - if (compare == filePoteri): null

03-03-2025T13:41:28 - [TEST_STEP][PASSED] - else: null

03-03-2025T13:41:28 - [TEST_STEP][PASSED] - numberOfErrors = numberOfErrors + 1: null

03-03-2025T13:41:28 - [TEST_STEP][PASSED] - pageInt = pagePoteri: null

03-03-2025T13:41:28 - [TEST_STEP][PASSED] - fileInt = filePoteri: null

03-03-2025T13:41:28 - [TEST_STEP][PASSED] - typeOfData = typeOfDataMain + " Потери": null

03-03-2025T13:41:28 - [TEST_STEP][PASSED] - Script1718980020443.WriteToExcel(a, typeOfData, todaysDate, pageInt, fileInt, pageDouble, fileDouble, dZO): null

03-03-2025T13:41:28 - [TEST_STEP][PASSED] - sheetName = "Sheet1": null

03-03-2025T13:41:28 - [TEST_STEP][PASSED] - data = findTestData("PlanFact"): null

03-03-2025T13:41:28 - [TEST_STEP][PASSED] - n = data.getRowNumbers() + 1: null

03-03-2025T13:41:28 - [TEST_STEP][PASSED] - day = ")).toInteger(): null

03-03-2025T13:41:28 - [TEST_STEP][PASSED] - println(day): null

03-03-2025T13:41:28 - [TEST_STEP][PASSED] - month = ")).toInteger(): null

03-03-2025T13:41:28 - [TEST_STEP][PASSED] - println(month): null

03-03-2025T13:41:28 - [TEST_STEP][PASSED] - y = <not implemented yet for class: org.codehaus.groovy.ast.expr.EmptyExpression>: null

03-03-2025T13:41:28 - [TEST_STEP][PASSED] - iy = <not implemented yet for class: org.codehaus.groovy.ast.expr.EmptyExpression>: null

03-03-2025T13:41:28 - [TEST_STEP][PASSED] - m = getText(findTestObject("Выполнение бизнес-плана/Период")): Text of object 'Object Repository/Выполнение бизнес-плана/Период' is: '2024 год'

03-03-2025T13:41:28 - [MESSAGE][PASSED] - Text of object 'Object Repository/Выполнение бизнес-плана/Период' is: '2024 год'

03-03-2025T13:41:28 - [TEST_STEP][PASSED] - iy = m.indexOf("20"): null

03-03-2025T13:41:28 - [TEST_STEP][PASSED] - if (iy > -1): null

03-03-2025T13:41:28 - [TEST_STEP][PASSED] - y = substring(iy, iy + 4).toInteger(): null

03-03-2025T13:41:28 - [TEST_STEP][PASSED] - println(y): null

03-03-2025T13:41:28 - [TEST_STEP][PASSED] - if (toString().length() == 4): null

03-03-2025T13:41:28 - [TEST_STEP][PASSED] - m = m.substring(0, m.indexOf(y.toString())): null

03-03-2025T13:41:28 - [TEST_STEP][PASSED] - m = m.trim(): null

03-03-2025T13:41:28 - [TEST_STEP][PASSED] - if (m == ""): null

03-03-2025T13:41:28 - [TEST_STEP][PASSED] - m = "весь год": null

03-03-2025T13:41:28 - [TEST_STEP][PASSED] - dashboardName = "Выполнение бизнес-плана": null

03-03-2025T13:41:28 - [TEST_STEP][PASSED] - workbook01 = getWorkbook(excelFilePath): null

03-03-2025T13:41:28 - [TEST_STEP][PASSED] - sheet01 = getExcelSheet(workbook01, sheetName): null

03-03-2025T13:41:28 - [TEST_STEP][PASSED] - setValueToCellByIndex(sheet01, n, 0, dashboardName): null

03-03-2025T13:41:28 - [TEST_STEP][PASSED] - setValueToCellByIndex(sheet01, n, 1, dZO): null

03-03-2025T13:41:28 - [TEST_STEP][PASSED] - setValueToCellByIndex(sheet01, n, 2, typeOfData): null

03-03-2025T13:41:28 - [TEST_STEP][PASSED] - if (typeOfData == "Факт в процентах" || typeOfData == "План в процентах"): null

03-03-2025T13:41:28 - [TEST_STEP][PASSED] - else: null

03-03-2025T13:41:28 - [TEST_STEP][PASSED] - setValueToCellByIndex(sheet01, n, 3, fileInt): null

03-03-2025T13:41:28 - [TEST_STEP][PASSED] - setValueToCellByIndex(sheet01, n, 4, pageInt): null

03-03-2025T13:41:28 - [TEST_STEP][PASSED] - setValueToCellByIndex(sheet01, n, 5, m): null

03-03-2025T13:41:28 - [TEST_STEP][PASSED] - setValueToCellByIndex(sheet01, n, 6, y): null

03-03-2025T13:41:28 - [TEST_STEP][PASSED] - setValueToCellByIndex(sheet01, n, 7, todaysDate): null

03-03-2025T13:41:28 - [TEST_STEP][PASSED] - n = n + 1: null

03-03-2025T13:41:28 - [TEST_STEP][PASSED] - saveWorkbook(excelFilePath, workbook01): Object: 'Object Repository/Выполнение бизнес-плана/Кнопка Факт' is clicked on

03-03-2025T13:41:29 - [TEST_STEP][PASSED] - if (planFact == 2): Object: 'Object Repository/Выполнение бизнес-плана/Кнопка Факт' is clicked on

03-03-2025T13:41:29 - [TEST_STEP][PASSED] - click(findTestObject("Выполнение бизнес-плана/Кнопка Факт")): Object: 'Object Repository/Выполнение бизнес-плана/Кнопка Факт' is clicked on

03-03-2025T13:41:29 - [MESSAGE][PASSED] - Object: 'Object Repository/Выполнение бизнес-плана/Кнопка Факт' is clicked on

03-03-2025T13:41:29 - [TEST_STEP][PASSED] - println("a=" + a): null

03-03-2025T13:41:29 - [TEST_STEP][PASSED] - if (a == 84 || a == 82): null

03-03-2025T13:41:29 - [TEST_STEP][PASSED] - else if (a == 83 || a == 52 || a == 72 || a == 28 || a == 73 || a == 77 || a == 74 || a == 65 || a == 36 || a == 44 || a == 53 || a == 80 || a == 54 || a == 1 || a == 18 || a == 59 || a == 81): null

03-03-2025T13:41:29 - [TEST_STEP][PASSED] - else: null

03-03-2025T13:41:29 - [TEST_STEP][PASSED] - page1 = getText(findTestObject("Object Repository/Выполнение бизнес-плана/spanPlan" + filialNum)): Text of object 'Object Repository/Выполнение бизнес-плана/spanPlan5' is: '5.27
|'

03-03-2025T13:41:29 - [MESSAGE][PASSED] - Text of object 'Object Repository/Выполнение бизнес-плана/spanPlan5' is: '5.27
|'

03-03-2025T13:41:29 - [TEST_STEP][PASSED] - page1 = page1.replace("|", ""): null

03-03-2025T13:41:29 - [TEST_STEP][PASSED] - page2 = getText(findTestObject("Object Repository/Выполнение бизнес-плана/spanFact" + filialNum)): Text of object 'Object Repository/Выполнение бизнес-плана/spanFact5' is: '5.18
|'

03-03-2025T13:41:29 - [MESSAGE][PASSED] - Text of object 'Object Repository/Выполнение бизнес-плана/spanFact5' is: '5.18
|'

03-03-2025T13:41:29 - [TEST_STEP][PASSED] - page2 = page2.replace("|", ""): null

03-03-2025T13:41:29 - [TEST_STEP][PASSED] - println("page1: " + page1): null

03-03-2025T13:41:29 - [TEST_STEP][PASSED] - println("page2: " + page2): null

03-03-2025T13:41:29 - [TEST_STEP][PASSED] - file = findTestData("PlanFact").getValue(4, a): null

03-03-2025T13:41:29 - [TEST_STEP][PASSED] - file = file.replace(",", "."): null

03-03-2025T13:41:29 - [TEST_STEP][PASSED] - println("file Plan: " + file): null

03-03-2025T13:41:29 - [TEST_STEP][PASSED] - typeOfData = "План в процентах": null

03-03-2025T13:41:29 - [TEST_STEP][PASSED] - fileDouble = file.toDouble(): null

03-03-2025T13:41:29 - [TEST_STEP][PASSED] - pageDouble = page1.toDouble(): null

03-03-2025T13:41:29 - [TEST_STEP][PASSED] - if (fileDouble != pageDouble): null

03-03-2025T13:41:29 - [TEST_STEP][PASSED] - file = findTestData("PlanFact").getValue(7, a): null

03-03-2025T13:41:30 - [TEST_STEP][PASSED] - file = file.replace(",", "."): null

03-03-2025T13:41:30 - [TEST_STEP][PASSED] - println("file Fact: " + file): null

03-03-2025T13:41:30 - [TEST_STEP][PASSED] - fileDouble = file.toDouble(): null

03-03-2025T13:41:30 - [TEST_STEP][PASSED] - typeOfData = "Факт в процентах": null

03-03-2025T13:41:30 - [TEST_STEP][PASSED] - fileDouble = file.toDouble(): null

03-03-2025T13:41:30 - [TEST_STEP][PASSED] - pageDouble = page2.toDouble(): null

03-03-2025T13:41:30 - [TEST_STEP][PASSED] - if (fileDouble != pageDouble): null

03-03-2025T13:41:30 - [TEST_STEP][FAILED] - if (verifyEqual(numberOfErrors, 0) == false): null

03-03-2025T13:41:30 - [MESSAGE][FAILED] - Unable to verify equal between actual object '4' and expected object '0' (Root cause: com.kms.katalon.core.exception.StepFailedException: Actual object '4' and expected object '0' are not equal
	at com.kms.katalon.core.keyword.builtin.VerifyEqualKeyword$_verifyEqual_closure1.doCall(VerifyEqualKeyword.groovy:58)
	at com.kms.katalon.core.keyword.builtin.VerifyEqualKeyword$_verifyEqual_closure1.call(VerifyEqualKeyword.groovy)
	at com.kms.katalon.core.keyword.internal.KeywordMain.runKeyword(KeywordMain.groovy:75)
	at com.kms.katalon.core.keyword.builtin.VerifyEqualKeyword.verifyEqual(VerifyEqualKeyword.groovy:63)
	at com.kms.katalon.core.keyword.builtin.VerifyEqualKeyword.execute(VerifyEqualKeyword.groovy:44)
	at com.kms.katalon.core.keyword.internal.KeywordExecutor.executeKeywordForPlatform(KeywordExecutor.groovy:74)
	at com.kms.katalon.core.keyword.BuiltinKeywords.verifyEqual(BuiltinKeywords.groovy:146)
	at jdk.internal.reflect.GeneratedMethodAccessor24.invoke(Unknown Source)
	at java.base/jdk.internal.reflect.DelegatingMethodAccessorImpl.invoke(DelegatingMethodAccessorImpl.java:43)
	at Выполнение бизнес-плана Сверка ПАО Россети все филиалы.Numbers(Выполнение бизнес-плана Сверка ПАО Россети все филиалы:736)
	at Выполнение бизнес-плана Сверка ПАО Россети все филиалы.Filials(Выполнение бизнес-плана Сверка ПАО Россети все филиалы:1215)
	at Выполнение бизнес-плана Сверка ПАО Россети все филиалы.Numbers(Выполнение бизнес-плана Сверка ПАО Россети все филиалы:743)
	at Выполнение бизнес-плана Сверка ПАО Россети все филиалы.run(Выполнение бизнес-плана Сверка ПАО Россети все филиалы:364)
	at com.kms.katalon.core.main.ScriptEngine.run(ScriptEngine.java:194)
	at com.kms.katalon.core.main.ScriptEngine.runScriptAsRawText(ScriptEngine.java:119)
	at com.kms.katalon.core.main.TestCaseExecutor.runScript(TestCaseExecutor.java:448)
	at com.kms.katalon.core.main.TestCaseExecutor.doExecute(TestCaseExecutor.java:439)
	at com.kms.katalon.core.main.TestCaseExecutor.processExecutionPhase(TestCaseExecutor.java:418)
	at com.kms.katalon.core.main.TestCaseExecutor.accessMainPhase(TestCaseExecutor.java:410)
	at com.kms.katalon.core.main.TestCaseExecutor.execute(TestCaseExecutor.java:285)
	at com.kms.katalon.core.common.CommonExecutor.accessTestCaseMainPhase(CommonExecutor.java:65)
	at com.kms.katalon.core.main.TestSuiteExecutor.accessTestSuiteMainPhase(TestSuiteExecutor.java:150)
	at com.kms.katalon.core.main.TestSuiteExecutor.execute(TestSuiteExecutor.java:106)
	at com.kms.katalon.core.main.TestCaseMain.startTestSuite(TestCaseMain.java:180)
	at TempTestSuite1740991900055.run(TempTestSuite1740991900055.groovy:35)
	at java.base/jdk.internal.reflect.NativeMethodAccessorImpl.invoke0(Native Method)
	at java.base/jdk.internal.reflect.NativeMethodAccessorImpl.invoke(NativeMethodAccessorImpl.java:77)
	at java.base/jdk.internal.reflect.DelegatingMethodAccessorImpl.invoke(DelegatingMethodAccessorImpl.java:43)
)

03-03-2025T13:41:30 - [TEST_STEP][PASSED] - println(numberOfErrors): null

03-03-2025T13:41:30 - [TEST_STEP][PASSED] - println("a=" + a): null

03-03-2025T13:41:30 - [TEST_STEP][PASSED] - if (a == 28 || a == 77 || a == 74 || a == 65 || a == 36 || a == 44 || a == 54 || a == 1 || a == 18 || a == 59): null

03-03-2025T13:41:30 - [TEST_STEP][PASSED] - if (a == 82): null

03-03-2025T13:41:30 - [TEST_STEP][PASSED] - dZO = "Воронежэнерго": null

03-03-2025T13:41:30 - [TEST_STEP][PASSED] - a = 4: null

03-03-2025T13:41:30 - [TEST_STEP][PASSED] - if (x2.contains(dZO)): null

03-03-2025T13:41:30 - [TEST_STEP][PASSED] - filialNum = filialNum + 1: null

03-03-2025T13:41:30 - [TEST_STEP][PASSED] - Script1718980020443.Numbers(a, typeOfData, todaysDate, pageInt, fileInt, pageDouble, fileDouble, dZO, dzoNum, filialNum): null

03-03-2025T13:41:30 - [TEST_STEP][PASSED] - println(dzoNum): null

03-03-2025T13:41:30 - [TEST_STEP][PASSED] - planFact = <not implemented yet for class: org.codehaus.groovy.ast.expr.EmptyExpression>: null

03-03-2025T13:41:30 - [TEST_STEP][PASSED] - page = <not implemented yet for class: org.codehaus.groovy.ast.expr.EmptyExpression>: null

03-03-2025T13:41:30 - [TEST_STEP][PASSED] - page1 = <not implemented yet for class: org.codehaus.groovy.ast.expr.EmptyExpression>: null

03-03-2025T13:41:30 - [TEST_STEP][PASSED] - page2 = <not implemented yet for class: org.codehaus.groovy.ast.expr.EmptyExpression>: null

03-03-2025T13:41:30 - [TEST_STEP][PASSED] - filialNumberInRow = <not implemented yet for class: org.codehaus.groovy.ast.expr.EmptyExpression>: null

03-03-2025T13:41:30 - [TEST_STEP][PASSED] - filialsDzoNames = <not implemented yet for class: org.codehaus.groovy.ast.expr.EmptyExpression>: null

03-03-2025T13:41:30 - [TEST_STEP][PASSED] - numberOfFilials = <not implemented yet for class: org.codehaus.groovy.ast.expr.EmptyExpression>: null

03-03-2025T13:41:30 - [TEST_STEP][PASSED] - numberOfSpaces = <not implemented yet for class: org.codehaus.groovy.ast.expr.EmptyExpression>: null

03-03-2025T13:41:30 - [TEST_STEP][PASSED] - file = <not implemented yet for class: org.codehaus.groovy.ast.expr.EmptyExpression>: null

03-03-2025T13:41:30 - [TEST_STEP][PASSED] - otpusk = <not implemented yet for class: org.codehaus.groovy.ast.expr.EmptyExpression>: null

03-03-2025T13:41:30 - [TEST_STEP][PASSED] - poteri = <not implemented yet for class: org.codehaus.groovy.ast.expr.EmptyExpression>: null

03-03-2025T13:41:30 - [TEST_STEP][PASSED] - dataFolder = "Выполнение бизнес-плана/Значения со страницы Выполнение бизнес-плана/": null

03-03-2025T13:41:30 - [TEST_STEP][PASSED] - path = <not implemented yet for class: org.codehaus.groovy.ast.expr.EmptyExpression>: null

03-03-2025T13:41:30 - [TEST_STEP][PASSED] - typeOfDataMain = <not implemented yet for class: org.codehaus.groovy.ast.expr.EmptyExpression>: null

03-03-2025T13:41:30 - [TEST_STEP][PASSED] - fileOtpuskVSet = <not implemented yet for class: org.codehaus.groovy.ast.expr.EmptyExpression>: null

03-03-2025T13:41:30 - [TEST_STEP][PASSED] - pageOtpuskVSet = <not implemented yet for class: org.codehaus.groovy.ast.expr.EmptyExpression>: null

03-03-2025T13:41:30 - [TEST_STEP][PASSED] - filePoteri = <not implemented yet for class: org.codehaus.groovy.ast.expr.EmptyExpression>: null

03-03-2025T13:41:30 - [TEST_STEP][PASSED] - pagePoteri = <not implemented yet for class: org.codehaus.groovy.ast.expr.EmptyExpression>: null

03-03-2025T13:41:30 - [TEST_STEP][PASSED] - compare = <not implemented yet for class: org.codehaus.groovy.ast.expr.EmptyExpression>: null

03-03-2025T13:41:30 - [TEST_STEP][PASSED] - b = <not implemented yet for class: org.codehaus.groovy.ast.expr.EmptyExpression>: null

03-03-2025T13:41:30 - [TEST_STEP][PASSED] - i = <not implemented yet for class: org.codehaus.groovy.ast.expr.EmptyExpression>: null

03-03-2025T13:41:30 - [TEST_STEP][PASSED] - ii = <not implemented yet for class: org.codehaus.groovy.ast.expr.EmptyExpression>: null

03-03-2025T13:41:30 - [TEST_STEP][PASSED] - c = <not implemented yet for class: org.codehaus.groovy.ast.expr.EmptyExpression>: null

03-03-2025T13:41:30 - [TEST_STEP][PASSED] - numberOfErrors = 0: null

03-03-2025T13:41:30 - [TEST_STEP][PASSED] - if (a == 82): null

03-03-2025T13:41:30 - [TEST_STEP][PASSED] - b = findTestData("PlanFact").getValue(1, a): null

03-03-2025T13:41:30 - [TEST_STEP][PASSED] - i = b.indexOf(" (ГК)"): null

03-03-2025T13:41:30 - [TEST_STEP][PASSED] - if (i > -1): null

03-03-2025T13:41:30 - [TEST_STEP][PASSED] - i = b.indexOf("О ""): null

03-03-2025T13:41:30 - [TEST_STEP][PASSED] - if (i > -1): null

03-03-2025T13:41:30 - [TEST_STEP][PASSED] - i = b.indexOf("О «"): null

03-03-2025T13:41:30 - [TEST_STEP][PASSED] - if (i > -1): null

03-03-2025T13:41:30 - [TEST_STEP][PASSED] - i = b.indexOf("г. "): null

03-03-2025T13:41:30 - [TEST_STEP][PASSED] - if (i > -1): null

03-03-2025T13:41:30 - [TEST_STEP][PASSED] - b = b.trim(): null

03-03-2025T13:41:30 - [TEST_STEP][PASSED] - println(b): null

03-03-2025T13:41:30 - [TEST_STEP][PASSED] - for ([planFact = 1, planFact < 3, (planFact++)]): null

03-03-2025T13:41:30 - [TEST_STEP][PASSED] - if (planFact == 1): null

03-03-2025T13:41:30 - [TEST_STEP][PASSED] - typeOfDataMain = "Факт": null

03-03-2025T13:41:30 - [TEST_STEP][PASSED] - otpusk = findTestData("PlanFact").getValue(5, a): null

03-03-2025T13:41:30 - [TEST_STEP][PASSED] - poteri = findTestData("PlanFact").getValue(6, a): null

03-03-2025T13:41:30 - [TEST_STEP][PASSED] - otpusk = otpusk.replaceAll("\s+", ""): null

03-03-2025T13:41:30 - [TEST_STEP][PASSED] - poteri = poteri.replaceAll("\s+", ""): null

03-03-2025T13:41:30 - [TEST_STEP][PASSED] - typeOfData = typeOfDataMain + " Отпуск в сеть": null

03-03-2025T13:41:30 - [TEST_STEP][PASSED] - if (a == 82): null

03-03-2025T13:41:30 - [TEST_STEP][PASSED] - else if (a == 84): null

03-03-2025T13:41:30 - [TEST_STEP][PASSED] - else if (a == 83 || a == 52 || a == 72 || a == 28 || a == 73 || a == 77 || a == 74 || a == 65 || a == 36 || a == 44 || a == 53 || a == 80 || a == 54 || a == 1 || a == 18 || a == 59 || a == 81): null

03-03-2025T13:41:30 - [TEST_STEP][PASSED] - else: null

03-03-2025T13:41:30 - [TEST_STEP][PASSED] - path = dataFolder + typeOfData + " за отчётный период " + b: null

03-03-2025T13:41:30 - [TEST_STEP][PASSED] - println(path): null

03-03-2025T13:41:30 - [TEST_STEP][PASSED] - page = getText(findTestObject(path)): Text of object 'Object Repository/Выполнение бизнес-плана/Значения со страницы Выполнение бизнес-плана/Факт Отпуск в сеть за отчётный период Воронежэнерго' is: '959 119'

03-03-2025T13:41:30 - [MESSAGE][PASSED] - Text of object 'Object Repository/Выполнение бизнес-плана/Значения со страницы Выполнение бизнес-плана/Факт Отпуск в сеть за отчётный период Воронежэнерго' is: '959 119'

03-03-2025T13:41:30 - [TEST_STEP][PASSED] - if (page == "" || page == null): null

03-03-2025T13:41:30 - [TEST_STEP][PASSED] - else: null

03-03-2025T13:41:30 - [TEST_STEP][PASSED] - page = page.replaceAll("\s+", ""): null

03-03-2025T13:41:30 - [TEST_STEP][PASSED] - fileOtpuskVSet = otpusk.toInteger(): null

03-03-2025T13:41:30 - [TEST_STEP][PASSED] - pageOtpuskVSet = page.toInteger(): null

03-03-2025T13:41:30 - [TEST_STEP][PASSED] - typeOfData = typeOfDataMain + " Потери": null

03-03-2025T13:41:30 - [TEST_STEP][PASSED] - if (a == 82): null

03-03-2025T13:41:30 - [TEST_STEP][PASSED] - else if (a == 84): null

03-03-2025T13:41:30 - [TEST_STEP][PASSED] - else if (a == 83 || a == 52 || a == 72 || a == 28 || a == 73 || a == 77 || a == 74 || a == 65 || a == 44 || a == 53 || a == 80 || a == 54 || a == 1 || a == 18 || a == 59 || a == 81): null

03-03-2025T13:41:30 - [TEST_STEP][PASSED] - else: null

03-03-2025T13:41:30 - [TEST_STEP][PASSED] - path = dataFolder + typeOfData + " за отчётный период " + b: null

03-03-2025T13:41:30 - [TEST_STEP][PASSED] - page = getText(findTestObject(path)): Text of object 'Object Repository/Выполнение бизнес-плана/Значения со страницы Выполнение бизнес-плана/Факт Потери за отчётный период Воронежэнерго' is: '85 552'

03-03-2025T13:41:30 - [MESSAGE][PASSED] - Text of object 'Object Repository/Выполнение бизнес-плана/Значения со страницы Выполнение бизнес-плана/Факт Потери за отчётный период Воронежэнерго' is: '85 552'

03-03-2025T13:41:30 - [TEST_STEP][PASSED] - if (page == "" || page == null): null

03-03-2025T13:41:30 - [TEST_STEP][PASSED] - else: null

03-03-2025T13:41:30 - [TEST_STEP][PASSED] - page = page.replaceAll("\s+", ""): null

03-03-2025T13:41:30 - [TEST_STEP][PASSED] - filePoteri = poteri.toInteger(): null

03-03-2025T13:41:30 - [TEST_STEP][PASSED] - pagePoteri = page.toInteger(): null

03-03-2025T13:41:30 - [TEST_STEP][PASSED] - compare = pageOtpuskVSet: null

03-03-2025T13:41:30 - [TEST_STEP][PASSED] - if (pageOtpuskVSet != null): null

03-03-2025T13:41:30 - [TEST_STEP][PASSED] - if (compare == fileOtpuskVSet): null

03-03-2025T13:41:30 - [TEST_STEP][PASSED] - else if (compare > fileOtpuskVSet): null

03-03-2025T13:41:30 - [TEST_STEP][PASSED] - else if (compare < fileOtpuskVSet): null

03-03-2025T13:41:30 - [TEST_STEP][PASSED] - compare = compare + 1: null

03-03-2025T13:41:30 - [TEST_STEP][PASSED] - if (compare == fileOtpuskVSet): null

03-03-2025T13:41:30 - [TEST_STEP][PASSED] - else: null

03-03-2025T13:41:30 - [TEST_STEP][PASSED] - numberOfErrors = numberOfErrors + 1: null

03-03-2025T13:41:30 - [TEST_STEP][PASSED] - pageInt = pageOtpuskVSet: null

03-03-2025T13:41:30 - [TEST_STEP][PASSED] - fileInt = fileOtpuskVSet: null

03-03-2025T13:41:30 - [TEST_STEP][PASSED] - typeOfData = typeOfDataMain + " Отпуск в сеть": null

03-03-2025T13:41:30 - [TEST_STEP][PASSED] - Script1718980020443.WriteToExcel(a, typeOfData, todaysDate, pageInt, fileInt, pageDouble, fileDouble, dZO): null

03-03-2025T13:41:30 - [TEST_STEP][PASSED] - sheetName = "Sheet1": null

03-03-2025T13:41:30 - [TEST_STEP][PASSED] - data = findTestData("PlanFact"): null

03-03-2025T13:41:30 - [TEST_STEP][PASSED] - n = data.getRowNumbers() + 1: null

03-03-2025T13:41:30 - [TEST_STEP][PASSED] - day = ")).toInteger(): null

03-03-2025T13:41:30 - [TEST_STEP][PASSED] - println(day): null

03-03-2025T13:41:30 - [TEST_STEP][PASSED] - month = ")).toInteger(): null

03-03-2025T13:41:30 - [TEST_STEP][PASSED] - println(month): null

03-03-2025T13:41:30 - [TEST_STEP][PASSED] - y = <not implemented yet for class: org.codehaus.groovy.ast.expr.EmptyExpression>: null

03-03-2025T13:41:30 - [TEST_STEP][PASSED] - iy = <not implemented yet for class: org.codehaus.groovy.ast.expr.EmptyExpression>: null

03-03-2025T13:41:30 - [TEST_STEP][PASSED] - m = getText(findTestObject("Выполнение бизнес-плана/Период")): Text of object 'Object Repository/Выполнение бизнес-плана/Период' is: '2024 год'

03-03-2025T13:41:31 - [MESSAGE][PASSED] - Text of object 'Object Repository/Выполнение бизнес-плана/Период' is: '2024 год'

03-03-2025T13:41:31 - [TEST_STEP][PASSED] - iy = m.indexOf("20"): null

03-03-2025T13:41:31 - [TEST_STEP][PASSED] - if (iy > -1): null

03-03-2025T13:41:31 - [TEST_STEP][PASSED] - y = substring(iy, iy + 4).toInteger(): null

03-03-2025T13:41:31 - [TEST_STEP][PASSED] - println(y): null

03-03-2025T13:41:31 - [TEST_STEP][PASSED] - if (toString().length() == 4): null

03-03-2025T13:41:31 - [TEST_STEP][PASSED] - m = m.substring(0, m.indexOf(y.toString())): null

03-03-2025T13:41:31 - [TEST_STEP][PASSED] - m = m.trim(): null

03-03-2025T13:41:31 - [TEST_STEP][PASSED] - if (m == ""): null

03-03-2025T13:41:31 - [TEST_STEP][PASSED] - m = "весь год": null

03-03-2025T13:41:31 - [TEST_STEP][PASSED] - dashboardName = "Выполнение бизнес-плана": null

03-03-2025T13:41:31 - [TEST_STEP][PASSED] - workbook01 = getWorkbook(excelFilePath): null

03-03-2025T13:41:31 - [TEST_STEP][PASSED] - sheet01 = getExcelSheet(workbook01, sheetName): null

03-03-2025T13:41:31 - [TEST_STEP][PASSED] - setValueToCellByIndex(sheet01, n, 0, dashboardName): null

03-03-2025T13:41:31 - [TEST_STEP][PASSED] - setValueToCellByIndex(sheet01, n, 1, dZO): null

03-03-2025T13:41:31 - [TEST_STEP][PASSED] - setValueToCellByIndex(sheet01, n, 2, typeOfData): null

03-03-2025T13:41:31 - [TEST_STEP][PASSED] - if (typeOfData == "Факт в процентах" || typeOfData == "План в процентах"): null

03-03-2025T13:41:31 - [TEST_STEP][PASSED] - else: null

03-03-2025T13:41:31 - [TEST_STEP][PASSED] - setValueToCellByIndex(sheet01, n, 3, fileInt): null

03-03-2025T13:41:31 - [TEST_STEP][PASSED] - setValueToCellByIndex(sheet01, n, 4, pageInt): null

03-03-2025T13:41:31 - [TEST_STEP][PASSED] - setValueToCellByIndex(sheet01, n, 5, m): null

03-03-2025T13:41:31 - [TEST_STEP][PASSED] - setValueToCellByIndex(sheet01, n, 6, y): null

03-03-2025T13:41:31 - [TEST_STEP][PASSED] - setValueToCellByIndex(sheet01, n, 7, todaysDate): null

03-03-2025T13:41:31 - [TEST_STEP][PASSED] - n = n + 1: null

03-03-2025T13:41:31 - [TEST_STEP][PASSED] - saveWorkbook(excelFilePath, workbook01): null

03-03-2025T13:41:31 - [TEST_STEP][PASSED] - compare = pagePoteri: null

03-03-2025T13:41:31 - [TEST_STEP][PASSED] - if (pageOtpuskVSet != null): null

03-03-2025T13:41:31 - [TEST_STEP][PASSED] - if (compare == filePoteri): null

03-03-2025T13:41:31 - [TEST_STEP][PASSED] - else if (compare > filePoteri): null

03-03-2025T13:41:31 - [TEST_STEP][PASSED] - else if (compare < filePoteri): null

03-03-2025T13:41:31 - [TEST_STEP][PASSED] - compare = compare + 1: null

03-03-2025T13:41:31 - [TEST_STEP][PASSED] - if (compare == filePoteri): null

03-03-2025T13:41:31 - [TEST_STEP][PASSED] - else: null

03-03-2025T13:41:31 - [TEST_STEP][PASSED] - numberOfErrors = numberOfErrors + 1: null

03-03-2025T13:41:31 - [TEST_STEP][PASSED] - pageInt = pagePoteri: null

03-03-2025T13:41:31 - [TEST_STEP][PASSED] - fileInt = filePoteri: null

03-03-2025T13:41:31 - [TEST_STEP][PASSED] - typeOfData = typeOfDataMain + " Потери": null

03-03-2025T13:41:31 - [TEST_STEP][PASSED] - Script1718980020443.WriteToExcel(a, typeOfData, todaysDate, pageInt, fileInt, pageDouble, fileDouble, dZO): null

03-03-2025T13:41:31 - [TEST_STEP][PASSED] - sheetName = "Sheet1": null

03-03-2025T13:41:31 - [TEST_STEP][PASSED] - data = findTestData("PlanFact"): null

03-03-2025T13:41:31 - [TEST_STEP][PASSED] - n = data.getRowNumbers() + 1: null

03-03-2025T13:41:31 - [TEST_STEP][PASSED] - day = ")).toInteger(): null

03-03-2025T13:41:31 - [TEST_STEP][PASSED] - println(day): null

03-03-2025T13:41:31 - [TEST_STEP][PASSED] - month = ")).toInteger(): null

03-03-2025T13:41:31 - [TEST_STEP][PASSED] - println(month): null

03-03-2025T13:41:31 - [TEST_STEP][PASSED] - y = <not implemented yet for class: org.codehaus.groovy.ast.expr.EmptyExpression>: null

03-03-2025T13:41:31 - [TEST_STEP][PASSED] - iy = <not implemented yet for class: org.codehaus.groovy.ast.expr.EmptyExpression>: null

03-03-2025T13:41:31 - [TEST_STEP][PASSED] - m = getText(findTestObject("Выполнение бизнес-плана/Период")): Text of object 'Object Repository/Выполнение бизнес-плана/Период' is: '2024 год'

03-03-2025T13:41:31 - [MESSAGE][PASSED] - Text of object 'Object Repository/Выполнение бизнес-плана/Период' is: '2024 год'

03-03-2025T13:41:31 - [TEST_STEP][PASSED] - iy = m.indexOf("20"): null

03-03-2025T13:41:31 - [TEST_STEP][PASSED] - if (iy > -1): null

03-03-2025T13:41:31 - [TEST_STEP][PASSED] - y = substring(iy, iy + 4).toInteger(): null

03-03-2025T13:41:31 - [TEST_STEP][PASSED] - println(y): null

03-03-2025T13:41:31 - [TEST_STEP][PASSED] - if (toString().length() == 4): null

03-03-2025T13:41:31 - [TEST_STEP][PASSED] - m = m.substring(0, m.indexOf(y.toString())): null

03-03-2025T13:41:31 - [TEST_STEP][PASSED] - m = m.trim(): null

03-03-2025T13:41:31 - [TEST_STEP][PASSED] - if (m == ""): null

03-03-2025T13:41:31 - [TEST_STEP][PASSED] - m = "весь год": null

03-03-2025T13:41:31 - [TEST_STEP][PASSED] - dashboardName = "Выполнение бизнес-плана": null

03-03-2025T13:41:31 - [TEST_STEP][PASSED] - workbook01 = getWorkbook(excelFilePath): null

03-03-2025T13:41:31 - [TEST_STEP][PASSED] - sheet01 = getExcelSheet(workbook01, sheetName): null

03-03-2025T13:42:06 - [TEST_STEP][PASSED] - setValueToCellByIndex(sheet01, n, 0, dashboardName): null

03-03-2025T13:42:06 - [TEST_STEP][PASSED] - setValueToCellByIndex(sheet01, n, 1, dZO): null

03-03-2025T13:42:06 - [TEST_STEP][PASSED] - setValueToCellByIndex(sheet01, n, 2, typeOfData): null

03-03-2025T13:42:06 - [TEST_STEP][PASSED] - if (typeOfData == "Факт в процентах" || typeOfData == "План в процентах"): null

03-03-2025T13:42:06 - [TEST_STEP][PASSED] - else: null

03-03-2025T13:42:06 - [TEST_STEP][PASSED] - setValueToCellByIndex(sheet01, n, 3, fileInt): null

03-03-2025T13:42:06 - [TEST_STEP][PASSED] - setValueToCellByIndex(sheet01, n, 4, pageInt): null

03-03-2025T13:42:06 - [TEST_STEP][PASSED] - setValueToCellByIndex(sheet01, n, 5, m): null

03-03-2025T13:42:06 - [TEST_STEP][PASSED] - setValueToCellByIndex(sheet01, n, 6, y): null

03-03-2025T13:42:06 - [TEST_STEP][PASSED] - setValueToCellByIndex(sheet01, n, 7, todaysDate): null

03-03-2025T13:42:06 - [TEST_STEP][PASSED] - n = n + 1: null

03-03-2025T13:42:06 - [TEST_STEP][PASSED] - saveWorkbook(excelFilePath, workbook01): null

03-03-2025T13:42:06 - [TEST_STEP][PASSED] - if (planFact == 2): null

03-03-2025T13:42:06 - [TEST_STEP][PASSED] - if (planFact == 1): null

03-03-2025T13:42:06 - [TEST_STEP][PASSED] - else if (planFact == 2): null

03-03-2025T13:42:06 - [TEST_STEP][PASSED] - click(findTestObject("Выполнение бизнес-плана/Кнопка План")): Object: 'Object Repository/Выполнение бизнес-плана/Кнопка План' is clicked on

03-03-2025T13:42:07 - [MESSAGE][PASSED] - Object: 'Object Repository/Выполнение бизнес-плана/Кнопка План' is clicked on

03-03-2025T13:42:07 - [TEST_STEP][PASSED] - typeOfDataMain = "План": null

03-03-2025T13:42:07 - [TEST_STEP][PASSED] - otpusk = findTestData("PlanFact").getValue(2, a): null

03-03-2025T13:42:07 - [TEST_STEP][PASSED] - poteri = findTestData("PlanFact").getValue(3, a): null

03-03-2025T13:42:07 - [TEST_STEP][PASSED] - otpusk = otpusk.replaceAll("\s+", ""): null

03-03-2025T13:42:07 - [TEST_STEP][PASSED] - poteri = poteri.replaceAll("\s+", ""): null

03-03-2025T13:42:07 - [TEST_STEP][PASSED] - typeOfData = typeOfDataMain + " Отпуск в сеть": null

03-03-2025T13:42:07 - [TEST_STEP][PASSED] - if (a == 82): null

03-03-2025T13:42:07 - [TEST_STEP][PASSED] - else if (a == 84): null

03-03-2025T13:42:07 - [TEST_STEP][PASSED] - else if (a == 83 || a == 52 || a == 72 || a == 28 || a == 73 || a == 77 || a == 74 || a == 65 || a == 36 || a == 44 || a == 53 || a == 80 || a == 54 || a == 1 || a == 18 || a == 59 || a == 81): null

03-03-2025T13:42:07 - [TEST_STEP][PASSED] - else: null

03-03-2025T13:42:07 - [TEST_STEP][PASSED] - path = dataFolder + typeOfData + " за отчётный период " + b: null

03-03-2025T13:42:07 - [TEST_STEP][PASSED] - println(path): null

03-03-2025T13:42:07 - [TEST_STEP][PASSED] - page = getText(findTestObject(path)): Text of object 'Object Repository/Выполнение бизнес-плана/Значения со страницы Выполнение бизнес-плана/План Отпуск в сеть за отчётный период Воронежэнерго' is: '950 499'

03-03-2025T13:42:07 - [MESSAGE][PASSED] - Text of object 'Object Repository/Выполнение бизнес-плана/Значения со страницы Выполнение бизнес-плана/План Отпуск в сеть за отчётный период Воронежэнерго' is: '950 499'

03-03-2025T13:42:07 - [TEST_STEP][PASSED] - if (page == "" || page == null): null

03-03-2025T13:42:07 - [TEST_STEP][PASSED] - else: null

03-03-2025T13:42:07 - [TEST_STEP][PASSED] - page = page.replaceAll("\s+", ""): null

03-03-2025T13:42:07 - [TEST_STEP][PASSED] - fileOtpuskVSet = otpusk.toInteger(): null

03-03-2025T13:42:07 - [TEST_STEP][PASSED] - pageOtpuskVSet = page.toInteger(): null

03-03-2025T13:42:07 - [TEST_STEP][PASSED] - typeOfData = typeOfDataMain + " Потери": null

03-03-2025T13:42:07 - [TEST_STEP][PASSED] - if (a == 82): null

03-03-2025T13:42:07 - [TEST_STEP][PASSED] - else if (a == 84): null

03-03-2025T13:42:07 - [TEST_STEP][PASSED] - else if (a == 83 || a == 52 || a == 72 || a == 28 || a == 73 || a == 77 || a == 74 || a == 65 || a == 44 || a == 53 || a == 80 || a == 54 || a == 1 || a == 18 || a == 59 || a == 81): null

03-03-2025T13:42:07 - [TEST_STEP][PASSED] - else: null

03-03-2025T13:42:07 - [TEST_STEP][PASSED] - path = dataFolder + typeOfData + " за отчётный период " + b: null

03-03-2025T13:42:07 - [TEST_STEP][PASSED] - page = getText(findTestObject(path)): Text of object 'Object Repository/Выполнение бизнес-плана/Значения со страницы Выполнение бизнес-плана/План Потери за отчётный период Воронежэнерго' is: '87 399'

03-03-2025T13:42:07 - [MESSAGE][PASSED] - Text of object 'Object Repository/Выполнение бизнес-плана/Значения со страницы Выполнение бизнес-плана/План Потери за отчётный период Воронежэнерго' is: '87 399'

03-03-2025T13:42:07 - [TEST_STEP][PASSED] - if (page == "" || page == null): null

03-03-2025T13:42:07 - [TEST_STEP][PASSED] - else: null

03-03-2025T13:42:07 - [TEST_STEP][PASSED] - page = page.replaceAll("\s+", ""): null

03-03-2025T13:42:07 - [TEST_STEP][PASSED] - filePoteri = poteri.toInteger(): null

03-03-2025T13:42:07 - [TEST_STEP][PASSED] - pagePoteri = page.toInteger(): null

03-03-2025T13:42:07 - [TEST_STEP][PASSED] - compare = pageOtpuskVSet: null

03-03-2025T13:42:07 - [TEST_STEP][PASSED] - if (pageOtpuskVSet != null): null

03-03-2025T13:42:07 - [TEST_STEP][PASSED] - if (compare == fileOtpuskVSet): null

03-03-2025T13:42:07 - [TEST_STEP][PASSED] - else if (compare > fileOtpuskVSet): null

03-03-2025T13:42:07 - [TEST_STEP][PASSED] - else if (compare < fileOtpuskVSet): null

03-03-2025T13:42:07 - [TEST_STEP][PASSED] - compare = compare + 1: null

03-03-2025T13:42:07 - [TEST_STEP][PASSED] - if (compare == fileOtpuskVSet): null

03-03-2025T13:42:07 - [TEST_STEP][PASSED] - else: null

03-03-2025T13:42:07 - [TEST_STEP][PASSED] - numberOfErrors = numberOfErrors + 1: null

03-03-2025T13:42:07 - [TEST_STEP][PASSED] - pageInt = pageOtpuskVSet: null

03-03-2025T13:42:07 - [TEST_STEP][PASSED] - fileInt = fileOtpuskVSet: null

03-03-2025T13:42:07 - [TEST_STEP][PASSED] - typeOfData = typeOfDataMain + " Отпуск в сеть": null

03-03-2025T13:42:07 - [TEST_STEP][PASSED] - Script1718980020443.WriteToExcel(a, typeOfData, todaysDate, pageInt, fileInt, pageDouble, fileDouble, dZO): null

03-03-2025T13:42:07 - [TEST_STEP][PASSED] - sheetName = "Sheet1": null

03-03-2025T13:42:07 - [TEST_STEP][PASSED] - data = findTestData("PlanFact"): null

03-03-2025T13:42:07 - [TEST_STEP][PASSED] - n = data.getRowNumbers() + 1: null

03-03-2025T13:42:07 - [TEST_STEP][PASSED] - day = ")).toInteger(): null

03-03-2025T13:42:07 - [TEST_STEP][PASSED] - println(day): null

03-03-2025T13:42:07 - [TEST_STEP][PASSED] - month = ")).toInteger(): null

03-03-2025T13:42:07 - [TEST_STEP][PASSED] - println(month): null

03-03-2025T13:42:07 - [TEST_STEP][PASSED] - y = <not implemented yet for class: org.codehaus.groovy.ast.expr.EmptyExpression>: null

03-03-2025T13:42:07 - [TEST_STEP][PASSED] - iy = <not implemented yet for class: org.codehaus.groovy.ast.expr.EmptyExpression>: null

03-03-2025T13:42:07 - [TEST_STEP][PASSED] - m = getText(findTestObject("Выполнение бизнес-плана/Период")): Text of object 'Object Repository/Выполнение бизнес-плана/Период' is: '2024 год'

03-03-2025T13:42:08 - [MESSAGE][PASSED] - Text of object 'Object Repository/Выполнение бизнес-плана/Период' is: '2024 год'

03-03-2025T13:42:08 - [TEST_STEP][PASSED] - iy = m.indexOf("20"): null

03-03-2025T13:42:08 - [TEST_STEP][PASSED] - if (iy > -1): null

03-03-2025T13:42:08 - [TEST_STEP][PASSED] - y = substring(iy, iy + 4).toInteger(): null

03-03-2025T13:42:08 - [TEST_STEP][PASSED] - println(y): null

03-03-2025T13:42:08 - [TEST_STEP][PASSED] - if (toString().length() == 4): null

03-03-2025T13:42:08 - [TEST_STEP][PASSED] - m = m.substring(0, m.indexOf(y.toString())): null

03-03-2025T13:42:08 - [TEST_STEP][PASSED] - m = m.trim(): null

03-03-2025T13:42:08 - [TEST_STEP][PASSED] - if (m == ""): null

03-03-2025T13:42:08 - [TEST_STEP][PASSED] - m = "весь год": null

03-03-2025T13:42:08 - [TEST_STEP][PASSED] - dashboardName = "Выполнение бизнес-плана": null

03-03-2025T13:42:08 - [TEST_STEP][PASSED] - workbook01 = getWorkbook(excelFilePath): null

03-03-2025T13:42:08 - [TEST_STEP][PASSED] - sheet01 = getExcelSheet(workbook01, sheetName): null

03-03-2025T13:42:08 - [TEST_STEP][PASSED] - setValueToCellByIndex(sheet01, n, 0, dashboardName): null

03-03-2025T13:42:08 - [TEST_STEP][PASSED] - setValueToCellByIndex(sheet01, n, 1, dZO): null

03-03-2025T13:42:08 - [TEST_STEP][PASSED] - setValueToCellByIndex(sheet01, n, 2, typeOfData): null

03-03-2025T13:42:08 - [TEST_STEP][PASSED] - if (typeOfData == "Факт в процентах" || typeOfData == "План в процентах"): null

03-03-2025T13:42:08 - [TEST_STEP][PASSED] - else: null

03-03-2025T13:42:08 - [TEST_STEP][PASSED] - setValueToCellByIndex(sheet01, n, 3, fileInt): null

03-03-2025T13:42:08 - [TEST_STEP][PASSED] - setValueToCellByIndex(sheet01, n, 4, pageInt): null

03-03-2025T13:42:08 - [TEST_STEP][PASSED] - setValueToCellByIndex(sheet01, n, 5, m): null

03-03-2025T13:42:08 - [TEST_STEP][PASSED] - setValueToCellByIndex(sheet01, n, 6, y): null

03-03-2025T13:42:08 - [TEST_STEP][PASSED] - setValueToCellByIndex(sheet01, n, 7, todaysDate): null

03-03-2025T13:42:08 - [TEST_STEP][PASSED] - n = n + 1: null

03-03-2025T13:42:08 - [TEST_STEP][PASSED] - saveWorkbook(excelFilePath, workbook01): null

03-03-2025T13:42:08 - [TEST_STEP][PASSED] - compare = pagePoteri: null

03-03-2025T13:42:08 - [TEST_STEP][PASSED] - if (pageOtpuskVSet != null): null

03-03-2025T13:42:08 - [TEST_STEP][PASSED] - if (compare == filePoteri): null

03-03-2025T13:42:08 - [TEST_STEP][PASSED] - else if (compare > filePoteri): null

03-03-2025T13:42:08 - [TEST_STEP][PASSED] - else if (compare < filePoteri): null

03-03-2025T13:42:08 - [TEST_STEP][PASSED] - compare = compare + 1: null

03-03-2025T13:42:08 - [TEST_STEP][PASSED] - if (compare == filePoteri): null

03-03-2025T13:42:08 - [TEST_STEP][PASSED] - else: null

03-03-2025T13:42:08 - [TEST_STEP][PASSED] - numberOfErrors = numberOfErrors + 1: null

03-03-2025T13:42:08 - [TEST_STEP][PASSED] - pageInt = pagePoteri: null

03-03-2025T13:42:08 - [TEST_STEP][PASSED] - fileInt = filePoteri: null

03-03-2025T13:42:08 - [TEST_STEP][PASSED] - typeOfData = typeOfDataMain + " Потери": null

03-03-2025T13:42:08 - [TEST_STEP][PASSED] - Script1718980020443.WriteToExcel(a, typeOfData, todaysDate, pageInt, fileInt, pageDouble, fileDouble, dZO): null

03-03-2025T13:42:08 - [TEST_STEP][PASSED] - sheetName = "Sheet1": null

03-03-2025T13:42:08 - [TEST_STEP][PASSED] - data = findTestData("PlanFact"): null

03-03-2025T13:42:08 - [TEST_STEP][PASSED] - n = data.getRowNumbers() + 1: null

03-03-2025T13:42:08 - [TEST_STEP][PASSED] - day = ")).toInteger(): null

03-03-2025T13:42:08 - [TEST_STEP][PASSED] - println(day): null

03-03-2025T13:42:08 - [TEST_STEP][PASSED] - month = ")).toInteger(): null

03-03-2025T13:42:08 - [TEST_STEP][PASSED] - println(month): null

03-03-2025T13:42:08 - [TEST_STEP][PASSED] - y = <not implemented yet for class: org.codehaus.groovy.ast.expr.EmptyExpression>: null

03-03-2025T13:42:08 - [TEST_STEP][PASSED] - iy = <not implemented yet for class: org.codehaus.groovy.ast.expr.EmptyExpression>: null

03-03-2025T13:42:08 - [TEST_STEP][PASSED] - m = getText(findTestObject("Выполнение бизнес-плана/Период")): Text of object 'Object Repository/Выполнение бизнес-плана/Период' is: '2024 год'

03-03-2025T13:42:08 - [MESSAGE][PASSED] - Text of object 'Object Repository/Выполнение бизнес-плана/Период' is: '2024 год'

03-03-2025T13:42:08 - [TEST_STEP][PASSED] - iy = m.indexOf("20"): null

03-03-2025T13:42:08 - [TEST_STEP][PASSED] - if (iy > -1): null

03-03-2025T13:42:08 - [TEST_STEP][PASSED] - y = substring(iy, iy + 4).toInteger(): null

03-03-2025T13:42:08 - [TEST_STEP][PASSED] - println(y): null

03-03-2025T13:42:08 - [TEST_STEP][PASSED] - if (toString().length() == 4): null

03-03-2025T13:42:08 - [TEST_STEP][PASSED] - m = m.substring(0, m.indexOf(y.toString())): null

03-03-2025T13:42:08 - [TEST_STEP][PASSED] - m = m.trim(): null

03-03-2025T13:42:08 - [TEST_STEP][PASSED] - if (m == ""): null

03-03-2025T13:42:08 - [TEST_STEP][PASSED] - m = "весь год": null

03-03-2025T13:42:08 - [TEST_STEP][PASSED] - dashboardName = "Выполнение бизнес-плана": null

03-03-2025T13:42:08 - [TEST_STEP][PASSED] - workbook01 = getWorkbook(excelFilePath): null

03-03-2025T13:42:08 - [TEST_STEP][PASSED] - sheet01 = getExcelSheet(workbook01, sheetName): null

03-03-2025T13:42:08 - [TEST_STEP][PASSED] - setValueToCellByIndex(sheet01, n, 0, dashboardName): null

03-03-2025T13:42:08 - [TEST_STEP][PASSED] - setValueToCellByIndex(sheet01, n, 1, dZO): null

03-03-2025T13:42:08 - [TEST_STEP][PASSED] - setValueToCellByIndex(sheet01, n, 2, typeOfData): null

03-03-2025T13:42:08 - [TEST_STEP][PASSED] - if (typeOfData == "Факт в процентах" || typeOfData == "План в процентах"): null

03-03-2025T13:42:08 - [TEST_STEP][PASSED] - else: null

03-03-2025T13:42:08 - [TEST_STEP][PASSED] - setValueToCellByIndex(sheet01, n, 3, fileInt): null

03-03-2025T13:42:08 - [TEST_STEP][PASSED] - setValueToCellByIndex(sheet01, n, 4, pageInt): null

03-03-2025T13:42:08 - [TEST_STEP][PASSED] - setValueToCellByIndex(sheet01, n, 5, m): null

03-03-2025T13:42:08 - [TEST_STEP][PASSED] - setValueToCellByIndex(sheet01, n, 6, y): null

03-03-2025T13:42:08 - [TEST_STEP][PASSED] - setValueToCellByIndex(sheet01, n, 7, todaysDate): null

03-03-2025T13:42:08 - [TEST_STEP][PASSED] - n = n + 1: null

03-03-2025T13:42:08 - [TEST_STEP][PASSED] - saveWorkbook(excelFilePath, workbook01): Object: 'Object Repository/Выполнение бизнес-плана/Кнопка Факт' is clicked on

03-03-2025T13:42:09 - [TEST_STEP][PASSED] - if (planFact == 2): Object: 'Object Repository/Выполнение бизнес-плана/Кнопка Факт' is clicked on

03-03-2025T13:42:09 - [TEST_STEP][PASSED] - click(findTestObject("Выполнение бизнес-плана/Кнопка Факт")): Object: 'Object Repository/Выполнение бизнес-плана/Кнопка Факт' is clicked on

03-03-2025T13:42:09 - [MESSAGE][PASSED] - Object: 'Object Repository/Выполнение бизнес-плана/Кнопка Факт' is clicked on

03-03-2025T13:42:19 - [TEST_STEP][PASSED] - println("a=" + a): null

03-03-2025T13:42:19 - [TEST_STEP][PASSED] - if (a == 84 || a == 82): null

03-03-2025T13:42:19 - [TEST_STEP][PASSED] - else if (a == 83 || a == 52 || a == 72 || a == 28 || a == 73 || a == 77 || a == 74 || a == 65 || a == 36 || a == 44 || a == 53 || a == 80 || a == 54 || a == 1 || a == 18 || a == 59 || a == 81): null

03-03-2025T13:42:19 - [TEST_STEP][PASSED] - else: null

03-03-2025T13:42:19 - [TEST_STEP][PASSED] - page1 = getText(findTestObject("Object Repository/Выполнение бизнес-плана/spanPlan" + filialNum)): Text of object 'Object Repository/Выполнение бизнес-плана/spanPlan6' is: '8.01
|'

03-03-2025T13:42:20 - [MESSAGE][PASSED] - Text of object 'Object Repository/Выполнение бизнес-плана/spanPlan6' is: '8.01
|'

03-03-2025T13:42:20 - [TEST_STEP][PASSED] - page1 = page1.replace("|", ""): null

03-03-2025T13:42:20 - [TEST_STEP][PASSED] - page2 = getText(findTestObject("Object Repository/Выполнение бизнес-плана/spanFact" + filialNum)): Text of object 'Object Repository/Выполнение бизнес-плана/spanFact6' is: '7.59
|'

03-03-2025T13:42:20 - [MESSAGE][PASSED] - Text of object 'Object Repository/Выполнение бизнес-плана/spanFact6' is: '7.59
|'

03-03-2025T13:42:20 - [TEST_STEP][PASSED] - page2 = page2.replace("|", ""): null

03-03-2025T13:42:20 - [TEST_STEP][PASSED] - println("page1: " + page1): null

03-03-2025T13:42:20 - [TEST_STEP][PASSED] - println("page2: " + page2): null

03-03-2025T13:42:20 - [TEST_STEP][PASSED] - file = findTestData("PlanFact").getValue(4, a): null

03-03-2025T13:42:20 - [TEST_STEP][PASSED] - file = file.replace(",", "."): null

03-03-2025T13:42:20 - [TEST_STEP][PASSED] - println("file Plan: " + file): null

03-03-2025T13:42:20 - [TEST_STEP][PASSED] - typeOfData = "План в процентах": null

03-03-2025T13:42:20 - [TEST_STEP][PASSED] - fileDouble = file.toDouble(): null

03-03-2025T13:42:20 - [TEST_STEP][PASSED] - pageDouble = page1.toDouble(): null

03-03-2025T13:42:20 - [TEST_STEP][PASSED] - if (fileDouble != pageDouble): null

03-03-2025T13:42:20 - [TEST_STEP][PASSED] - file = findTestData("PlanFact").getValue(7, a): null

03-03-2025T13:42:20 - [TEST_STEP][PASSED] - file = file.replace(",", "."): null

03-03-2025T13:42:20 - [TEST_STEP][PASSED] - println("file Fact: " + file): null

03-03-2025T13:42:20 - [TEST_STEP][PASSED] - fileDouble = file.toDouble(): null

03-03-2025T13:42:20 - [TEST_STEP][PASSED] - typeOfData = "Факт в процентах": null

03-03-2025T13:42:20 - [TEST_STEP][PASSED] - fileDouble = file.toDouble(): null

03-03-2025T13:42:20 - [TEST_STEP][PASSED] - pageDouble = page2.toDouble(): null

03-03-2025T13:42:20 - [TEST_STEP][PASSED] - if (fileDouble != pageDouble): null

03-03-2025T13:42:20 - [TEST_STEP][FAILED] - if (verifyEqual(numberOfErrors, 0) == false): null

03-03-2025T13:42:20 - [MESSAGE][FAILED] - Unable to verify equal between actual object '4' and expected object '0' (Root cause: com.kms.katalon.core.exception.StepFailedException: Actual object '4' and expected object '0' are not equal
	at com.kms.katalon.core.keyword.builtin.VerifyEqualKeyword$_verifyEqual_closure1.doCall(VerifyEqualKeyword.groovy:58)
	at com.kms.katalon.core.keyword.builtin.VerifyEqualKeyword$_verifyEqual_closure1.call(VerifyEqualKeyword.groovy)
	at com.kms.katalon.core.keyword.internal.KeywordMain.runKeyword(KeywordMain.groovy:75)
	at com.kms.katalon.core.keyword.builtin.VerifyEqualKeyword.verifyEqual(VerifyEqualKeyword.groovy:63)
	at com.kms.katalon.core.keyword.builtin.VerifyEqualKeyword.execute(VerifyEqualKeyword.groovy:44)
	at com.kms.katalon.core.keyword.internal.KeywordExecutor.executeKeywordForPlatform(KeywordExecutor.groovy:74)
	at com.kms.katalon.core.keyword.BuiltinKeywords.verifyEqual(BuiltinKeywords.groovy:146)
	at jdk.internal.reflect.GeneratedMethodAccessor24.invoke(Unknown Source)
	at java.base/jdk.internal.reflect.DelegatingMethodAccessorImpl.invoke(DelegatingMethodAccessorImpl.java:43)
	at Выполнение бизнес-плана Сверка ПАО Россети все филиалы.Numbers(Выполнение бизнес-плана Сверка ПАО Россети все филиалы:736)
	at Выполнение бизнес-плана Сверка ПАО Россети все филиалы.Filials(Выполнение бизнес-плана Сверка ПАО Россети все филиалы:1227)
	at Выполнение бизнес-плана Сверка ПАО Россети все филиалы.Numbers(Выполнение бизнес-плана Сверка ПАО Россети все филиалы:743)
	at Выполнение бизнес-плана Сверка ПАО Россети все филиалы.run(Выполнение бизнес-плана Сверка ПАО Россети все филиалы:364)
	at com.kms.katalon.core.main.ScriptEngine.run(ScriptEngine.java:194)
	at com.kms.katalon.core.main.ScriptEngine.runScriptAsRawText(ScriptEngine.java:119)
	at com.kms.katalon.core.main.TestCaseExecutor.runScript(TestCaseExecutor.java:448)
	at com.kms.katalon.core.main.TestCaseExecutor.doExecute(TestCaseExecutor.java:439)
	at com.kms.katalon.core.main.TestCaseExecutor.processExecutionPhase(TestCaseExecutor.java:418)
	at com.kms.katalon.core.main.TestCaseExecutor.accessMainPhase(TestCaseExecutor.java:410)
	at com.kms.katalon.core.main.TestCaseExecutor.execute(TestCaseExecutor.java:285)
	at com.kms.katalon.core.common.CommonExecutor.accessTestCaseMainPhase(CommonExecutor.java:65)
	at com.kms.katalon.core.main.TestSuiteExecutor.accessTestSuiteMainPhase(TestSuiteExecutor.java:150)
	at com.kms.katalon.core.main.TestSuiteExecutor.execute(TestSuiteExecutor.java:106)
	at com.kms.katalon.core.main.TestCaseMain.startTestSuite(TestCaseMain.java:180)
	at TempTestSuite1740991900055.run(TempTestSuite1740991900055.groovy:35)
	at java.base/jdk.internal.reflect.NativeMethodAccessorImpl.invoke0(Native Method)
	at java.base/jdk.internal.reflect.NativeMethodAccessorImpl.invoke(NativeMethodAccessorImpl.java:77)
	at java.base/jdk.internal.reflect.DelegatingMethodAccessorImpl.invoke(DelegatingMethodAccessorImpl.java:43)
)

03-03-2025T13:42:20 - [TEST_STEP][PASSED] - println(numberOfErrors): null

03-03-2025T13:42:20 - [TEST_STEP][PASSED] - println("a=" + a): null

03-03-2025T13:42:20 - [TEST_STEP][PASSED] - if (a == 28 || a == 77 || a == 74 || a == 65 || a == 36 || a == 44 || a == 54 || a == 1 || a == 18 || a == 59): null

03-03-2025T13:42:20 - [TEST_STEP][PASSED] - if (a == 82): null

03-03-2025T13:42:20 - [TEST_STEP][PASSED] - dZO = "Костромаэнерго": null

03-03-2025T13:42:20 - [TEST_STEP][PASSED] - a = 5: null

03-03-2025T13:42:20 - [TEST_STEP][PASSED] - if (x2.contains(dZO)): null

03-03-2025T13:42:20 - [TEST_STEP][PASSED] - filialNum = filialNum + 1: null

03-03-2025T13:42:20 - [TEST_STEP][PASSED] - Script1718980020443.Numbers(a, typeOfData, todaysDate, pageInt, fileInt, pageDouble, fileDouble, dZO, dzoNum, filialNum): null

03-03-2025T13:42:20 - [TEST_STEP][PASSED] - println(dzoNum): null

03-03-2025T13:42:20 - [TEST_STEP][PASSED] - planFact = <not implemented yet for class: org.codehaus.groovy.ast.expr.EmptyExpression>: null

03-03-2025T13:42:20 - [TEST_STEP][PASSED] - page = <not implemented yet for class: org.codehaus.groovy.ast.expr.EmptyExpression>: null

03-03-2025T13:42:20 - [TEST_STEP][PASSED] - page1 = <not implemented yet for class: org.codehaus.groovy.ast.expr.EmptyExpression>: null

03-03-2025T13:42:20 - [TEST_STEP][PASSED] - page2 = <not implemented yet for class: org.codehaus.groovy.ast.expr.EmptyExpression>: null

03-03-2025T13:42:20 - [TEST_STEP][PASSED] - filialNumberInRow = <not implemented yet for class: org.codehaus.groovy.ast.expr.EmptyExpression>: null

03-03-2025T13:42:20 - [TEST_STEP][PASSED] - filialsDzoNames = <not implemented yet for class: org.codehaus.groovy.ast.expr.EmptyExpression>: null

03-03-2025T13:42:20 - [TEST_STEP][PASSED] - numberOfFilials = <not implemented yet for class: org.codehaus.groovy.ast.expr.EmptyExpression>: null

03-03-2025T13:42:20 - [TEST_STEP][PASSED] - numberOfSpaces = <not implemented yet for class: org.codehaus.groovy.ast.expr.EmptyExpression>: null

03-03-2025T13:42:20 - [TEST_STEP][PASSED] - file = <not implemented yet for class: org.codehaus.groovy.ast.expr.EmptyExpression>: null

03-03-2025T13:42:20 - [TEST_STEP][PASSED] - otpusk = <not implemented yet for class: org.codehaus.groovy.ast.expr.EmptyExpression>: null

03-03-2025T13:42:20 - [TEST_STEP][PASSED] - poteri = <not implemented yet for class: org.codehaus.groovy.ast.expr.EmptyExpression>: null

03-03-2025T13:42:20 - [TEST_STEP][PASSED] - dataFolder = "Выполнение бизнес-плана/Значения со страницы Выполнение бизнес-плана/": null

03-03-2025T13:42:20 - [TEST_STEP][PASSED] - path = <not implemented yet for class: org.codehaus.groovy.ast.expr.EmptyExpression>: null

03-03-2025T13:42:20 - [TEST_STEP][PASSED] - typeOfDataMain = <not implemented yet for class: org.codehaus.groovy.ast.expr.EmptyExpression>: null

03-03-2025T13:42:20 - [TEST_STEP][PASSED] - fileOtpuskVSet = <not implemented yet for class: org.codehaus.groovy.ast.expr.EmptyExpression>: null

03-03-2025T13:42:20 - [TEST_STEP][PASSED] - pageOtpuskVSet = <not implemented yet for class: org.codehaus.groovy.ast.expr.EmptyExpression>: null

03-03-2025T13:42:20 - [TEST_STEP][PASSED] - filePoteri = <not implemented yet for class: org.codehaus.groovy.ast.expr.EmptyExpression>: null

03-03-2025T13:42:20 - [TEST_STEP][PASSED] - pagePoteri = <not implemented yet for class: org.codehaus.groovy.ast.expr.EmptyExpression>: null

03-03-2025T13:42:20 - [TEST_STEP][PASSED] - compare = <not implemented yet for class: org.codehaus.groovy.ast.expr.EmptyExpression>: null

03-03-2025T13:42:20 - [TEST_STEP][PASSED] - b = <not implemented yet for class: org.codehaus.groovy.ast.expr.EmptyExpression>: null

03-03-2025T13:42:20 - [TEST_STEP][PASSED] - i = <not implemented yet for class: org.codehaus.groovy.ast.expr.EmptyExpression>: null

03-03-2025T13:42:20 - [TEST_STEP][PASSED] - ii = <not implemented yet for class: org.codehaus.groovy.ast.expr.EmptyExpression>: null

03-03-2025T13:42:20 - [TEST_STEP][PASSED] - c = <not implemented yet for class: org.codehaus.groovy.ast.expr.EmptyExpression>: null

03-03-2025T13:42:20 - [TEST_STEP][PASSED] - numberOfErrors = 0: null

03-03-2025T13:42:20 - [TEST_STEP][PASSED] - if (a == 82): null

03-03-2025T13:42:20 - [TEST_STEP][PASSED] - b = findTestData("PlanFact").getValue(1, a): null

03-03-2025T13:42:20 - [TEST_STEP][PASSED] - i = b.indexOf(" (ГК)"): null

03-03-2025T13:42:20 - [TEST_STEP][PASSED] - if (i > -1): null

03-03-2025T13:42:20 - [TEST_STEP][PASSED] - i = b.indexOf("О ""): null

03-03-2025T13:42:20 - [TEST_STEP][PASSED] - if (i > -1): null

03-03-2025T13:42:20 - [TEST_STEP][PASSED] - i = b.indexOf("О «"): null

03-03-2025T13:42:20 - [TEST_STEP][PASSED] - if (i > -1): null

03-03-2025T13:42:20 - [TEST_STEP][PASSED] - i = b.indexOf("г. "): null

03-03-2025T13:42:20 - [TEST_STEP][PASSED] - if (i > -1): null

03-03-2025T13:42:20 - [TEST_STEP][PASSED] - b = b.trim(): null

03-03-2025T13:42:20 - [TEST_STEP][PASSED] - println(b): null

03-03-2025T13:42:20 - [TEST_STEP][PASSED] - for ([planFact = 1, planFact < 3, (planFact++)]): null

03-03-2025T13:42:20 - [TEST_STEP][PASSED] - if (planFact == 1): null

03-03-2025T13:42:20 - [TEST_STEP][PASSED] - typeOfDataMain = "Факт": null

03-03-2025T13:42:20 - [TEST_STEP][PASSED] - otpusk = findTestData("PlanFact").getValue(5, a): null

03-03-2025T13:42:20 - [TEST_STEP][PASSED] - poteri = findTestData("PlanFact").getValue(6, a): null

03-03-2025T13:42:20 - [TEST_STEP][PASSED] - otpusk = otpusk.replaceAll("\s+", ""): null

03-03-2025T13:42:20 - [TEST_STEP][PASSED] - poteri = poteri.replaceAll("\s+", ""): null

03-03-2025T13:42:20 - [TEST_STEP][PASSED] - typeOfData = typeOfDataMain + " Отпуск в сеть": null

03-03-2025T13:42:20 - [TEST_STEP][PASSED] - if (a == 82): null

03-03-2025T13:42:20 - [TEST_STEP][PASSED] - else if (a == 84): null

03-03-2025T13:42:20 - [TEST_STEP][PASSED] - else if (a == 83 || a == 52 || a == 72 || a == 28 || a == 73 || a == 77 || a == 74 || a == 65 || a == 36 || a == 44 || a == 53 || a == 80 || a == 54 || a == 1 || a == 18 || a == 59 || a == 81): null

03-03-2025T13:42:20 - [TEST_STEP][PASSED] - else: null

03-03-2025T13:42:20 - [TEST_STEP][PASSED] - path = dataFolder + typeOfData + " за отчётный период " + b: null

03-03-2025T13:42:20 - [TEST_STEP][PASSED] - println(path): null

03-03-2025T13:42:20 - [TEST_STEP][PASSED] - page = getText(findTestObject(path)): Text of object 'Object Repository/Выполнение бизнес-плана/Значения со страницы Выполнение бизнес-плана/Факт Отпуск в сеть за отчётный период Костромаэнерго' is: '247 242'

03-03-2025T13:42:21 - [MESSAGE][PASSED] - Text of object 'Object Repository/Выполнение бизнес-плана/Значения со страницы Выполнение бизнес-плана/Факт Отпуск в сеть за отчётный период Костромаэнерго' is: '247 242'

03-03-2025T13:42:21 - [TEST_STEP][PASSED] - if (page == "" || page == null): null

03-03-2025T13:42:21 - [TEST_STEP][PASSED] - else: null

03-03-2025T13:42:21 - [TEST_STEP][PASSED] - page = page.replaceAll("\s+", ""): null

03-03-2025T13:42:21 - [TEST_STEP][PASSED] - fileOtpuskVSet = otpusk.toInteger(): null

03-03-2025T13:42:21 - [TEST_STEP][PASSED] - pageOtpuskVSet = page.toInteger(): null

03-03-2025T13:42:21 - [TEST_STEP][PASSED] - typeOfData = typeOfDataMain + " Потери": null

03-03-2025T13:42:21 - [TEST_STEP][PASSED] - if (a == 82): null

03-03-2025T13:42:21 - [TEST_STEP][PASSED] - else if (a == 84): null

03-03-2025T13:42:21 - [TEST_STEP][PASSED] - else if (a == 83 || a == 52 || a == 72 || a == 28 || a == 73 || a == 77 || a == 74 || a == 65 || a == 44 || a == 53 || a == 80 || a == 54 || a == 1 || a == 18 || a == 59 || a == 81): null

03-03-2025T13:42:21 - [TEST_STEP][PASSED] - else: null

03-03-2025T13:42:21 - [TEST_STEP][PASSED] - path = dataFolder + typeOfData + " за отчётный период " + b: null

03-03-2025T13:42:21 - [TEST_STEP][PASSED] - page = getText(findTestObject(path)): Text of object 'Object Repository/Выполнение бизнес-плана/Значения со страницы Выполнение бизнес-плана/Факт Потери за отчётный период Костромаэнерго' is: '33 316'

03-03-2025T13:42:21 - [MESSAGE][PASSED] - Text of object 'Object Repository/Выполнение бизнес-плана/Значения со страницы Выполнение бизнес-плана/Факт Потери за отчётный период Костромаэнерго' is: '33 316'

03-03-2025T13:42:21 - [TEST_STEP][PASSED] - if (page == "" || page == null): null

03-03-2025T13:42:21 - [TEST_STEP][PASSED] - else: null

03-03-2025T13:42:21 - [TEST_STEP][PASSED] - page = page.replaceAll("\s+", ""): null

03-03-2025T13:42:21 - [TEST_STEP][PASSED] - filePoteri = poteri.toInteger(): null

03-03-2025T13:42:21 - [TEST_STEP][PASSED] - pagePoteri = page.toInteger(): null

03-03-2025T13:42:21 - [TEST_STEP][PASSED] - compare = pageOtpuskVSet: null

03-03-2025T13:42:21 - [TEST_STEP][PASSED] - if (pageOtpuskVSet != null): null

03-03-2025T13:42:21 - [TEST_STEP][PASSED] - if (compare == fileOtpuskVSet): null

03-03-2025T13:42:21 - [TEST_STEP][PASSED] - else if (compare > fileOtpuskVSet): null

03-03-2025T13:42:21 - [TEST_STEP][PASSED] - else if (compare < fileOtpuskVSet): null

03-03-2025T13:42:21 - [TEST_STEP][PASSED] - compare = compare + 1: null

03-03-2025T13:42:21 - [TEST_STEP][PASSED] - if (compare == fileOtpuskVSet): null

03-03-2025T13:42:21 - [TEST_STEP][PASSED] - else: null

03-03-2025T13:42:21 - [TEST_STEP][PASSED] - numberOfErrors = numberOfErrors + 1: null

03-03-2025T13:42:21 - [TEST_STEP][PASSED] - pageInt = pageOtpuskVSet: null

03-03-2025T13:42:21 - [TEST_STEP][PASSED] - fileInt = fileOtpuskVSet: null

03-03-2025T13:42:21 - [TEST_STEP][PASSED] - typeOfData = typeOfDataMain + " Отпуск в сеть": null

03-03-2025T13:42:21 - [TEST_STEP][PASSED] - Script1718980020443.WriteToExcel(a, typeOfData, todaysDate, pageInt, fileInt, pageDouble, fileDouble, dZO): null

03-03-2025T13:42:21 - [TEST_STEP][PASSED] - sheetName = "Sheet1": null

03-03-2025T13:42:21 - [TEST_STEP][PASSED] - data = findTestData("PlanFact"): null

03-03-2025T13:42:21 - [TEST_STEP][PASSED] - n = data.getRowNumbers() + 1: null

03-03-2025T13:42:21 - [TEST_STEP][PASSED] - day = ")).toInteger(): null

03-03-2025T13:42:21 - [TEST_STEP][PASSED] - println(day): null

03-03-2025T13:42:21 - [TEST_STEP][PASSED] - month = ")).toInteger(): null

03-03-2025T13:42:21 - [TEST_STEP][PASSED] - println(month): null

03-03-2025T13:42:21 - [TEST_STEP][PASSED] - y = <not implemented yet for class: org.codehaus.groovy.ast.expr.EmptyExpression>: null

03-03-2025T13:42:21 - [TEST_STEP][PASSED] - iy = <not implemented yet for class: org.codehaus.groovy.ast.expr.EmptyExpression>: null

03-03-2025T13:42:21 - [TEST_STEP][PASSED] - m = getText(findTestObject("Выполнение бизнес-плана/Период")): Text of object 'Object Repository/Выполнение бизнес-плана/Период' is: '2024 год'

03-03-2025T13:42:21 - [MESSAGE][PASSED] - Text of object 'Object Repository/Выполнение бизнес-плана/Период' is: '2024 год'

03-03-2025T13:42:21 - [TEST_STEP][PASSED] - iy = m.indexOf("20"): null

03-03-2025T13:42:21 - [TEST_STEP][PASSED] - if (iy > -1): null

03-03-2025T13:42:21 - [TEST_STEP][PASSED] - y = substring(iy, iy + 4).toInteger(): null

03-03-2025T13:42:21 - [TEST_STEP][PASSED] - println(y): null

03-03-2025T13:42:21 - [TEST_STEP][PASSED] - if (toString().length() == 4): null

03-03-2025T13:42:21 - [TEST_STEP][PASSED] - m = m.substring(0, m.indexOf(y.toString())): null

03-03-2025T13:42:21 - [TEST_STEP][PASSED] - m = m.trim(): null

03-03-2025T13:42:21 - [TEST_STEP][PASSED] - if (m == ""): null

03-03-2025T13:42:21 - [TEST_STEP][PASSED] - m = "весь год": null

03-03-2025T13:42:21 - [TEST_STEP][PASSED] - dashboardName = "Выполнение бизнес-плана": null

03-03-2025T13:42:21 - [TEST_STEP][PASSED] - workbook01 = getWorkbook(excelFilePath): null

03-03-2025T13:42:21 - [TEST_STEP][PASSED] - sheet01 = getExcelSheet(workbook01, sheetName): null

03-03-2025T13:42:21 - [TEST_STEP][PASSED] - setValueToCellByIndex(sheet01, n, 0, dashboardName): null

03-03-2025T13:42:21 - [TEST_STEP][PASSED] - setValueToCellByIndex(sheet01, n, 1, dZO): null

03-03-2025T13:42:21 - [TEST_STEP][PASSED] - setValueToCellByIndex(sheet01, n, 2, typeOfData): null

03-03-2025T13:42:21 - [TEST_STEP][PASSED] - if (typeOfData == "Факт в процентах" || typeOfData == "План в процентах"): null

03-03-2025T13:42:21 - [TEST_STEP][PASSED] - else: null

03-03-2025T13:42:21 - [TEST_STEP][PASSED] - setValueToCellByIndex(sheet01, n, 3, fileInt): null

03-03-2025T13:42:21 - [TEST_STEP][PASSED] - setValueToCellByIndex(sheet01, n, 4, pageInt): null

03-03-2025T13:42:21 - [TEST_STEP][PASSED] - setValueToCellByIndex(sheet01, n, 5, m): null

03-03-2025T13:42:21 - [TEST_STEP][PASSED] - setValueToCellByIndex(sheet01, n, 6, y): null

03-03-2025T13:42:21 - [TEST_STEP][PASSED] - setValueToCellByIndex(sheet01, n, 7, todaysDate): null

03-03-2025T13:42:21 - [TEST_STEP][PASSED] - n = n + 1: null

03-03-2025T13:42:21 - [TEST_STEP][PASSED] - saveWorkbook(excelFilePath, workbook01): null

03-03-2025T13:42:22 - [TEST_STEP][PASSED] - compare = pagePoteri: null

03-03-2025T13:42:22 - [TEST_STEP][PASSED] - if (pageOtpuskVSet != null): null

03-03-2025T13:42:22 - [TEST_STEP][PASSED] - if (compare == filePoteri): null

03-03-2025T13:42:22 - [TEST_STEP][PASSED] - else if (compare > filePoteri): null

03-03-2025T13:42:22 - [TEST_STEP][PASSED] - else if (compare < filePoteri): null

03-03-2025T13:42:22 - [TEST_STEP][PASSED] - compare = compare + 1: null

03-03-2025T13:42:22 - [TEST_STEP][PASSED] - if (compare == filePoteri): null

03-03-2025T13:42:22 - [TEST_STEP][PASSED] - else: null

03-03-2025T13:42:22 - [TEST_STEP][PASSED] - numberOfErrors = numberOfErrors + 1: null

03-03-2025T13:42:22 - [TEST_STEP][PASSED] - pageInt = pagePoteri: null

03-03-2025T13:42:22 - [TEST_STEP][PASSED] - fileInt = filePoteri: null

03-03-2025T13:42:22 - [TEST_STEP][PASSED] - typeOfData = typeOfDataMain + " Потери": null

03-03-2025T13:42:22 - [TEST_STEP][PASSED] - Script1718980020443.WriteToExcel(a, typeOfData, todaysDate, pageInt, fileInt, pageDouble, fileDouble, dZO): null

03-03-2025T13:42:22 - [TEST_STEP][PASSED] - sheetName = "Sheet1": null

03-03-2025T13:42:22 - [TEST_STEP][PASSED] - data = findTestData("PlanFact"): null

03-03-2025T13:42:22 - [TEST_STEP][PASSED] - n = data.getRowNumbers() + 1: null

03-03-2025T13:42:22 - [TEST_STEP][PASSED] - day = ")).toInteger(): null

03-03-2025T13:42:22 - [TEST_STEP][PASSED] - println(day): null

03-03-2025T13:42:22 - [TEST_STEP][PASSED] - month = ")).toInteger(): null

03-03-2025T13:42:22 - [TEST_STEP][PASSED] - println(month): null

03-03-2025T13:42:22 - [TEST_STEP][PASSED] - y = <not implemented yet for class: org.codehaus.groovy.ast.expr.EmptyExpression>: null

03-03-2025T13:42:22 - [TEST_STEP][PASSED] - iy = <not implemented yet for class: org.codehaus.groovy.ast.expr.EmptyExpression>: null

03-03-2025T13:42:22 - [TEST_STEP][PASSED] - m = getText(findTestObject("Выполнение бизнес-плана/Период")): Text of object 'Object Repository/Выполнение бизнес-плана/Период' is: '2024 год'

03-03-2025T13:42:22 - [MESSAGE][PASSED] - Text of object 'Object Repository/Выполнение бизнес-плана/Период' is: '2024 год'

03-03-2025T13:42:22 - [TEST_STEP][PASSED] - iy = m.indexOf("20"): null

03-03-2025T13:42:22 - [TEST_STEP][PASSED] - if (iy > -1): null

03-03-2025T13:42:22 - [TEST_STEP][PASSED] - y = substring(iy, iy + 4).toInteger(): null

03-03-2025T13:42:22 - [TEST_STEP][PASSED] - println(y): null

03-03-2025T13:42:22 - [TEST_STEP][PASSED] - if (toString().length() == 4): null

03-03-2025T13:42:22 - [TEST_STEP][PASSED] - m = m.substring(0, m.indexOf(y.toString())): null

03-03-2025T13:42:22 - [TEST_STEP][PASSED] - m = m.trim(): null

03-03-2025T13:42:22 - [TEST_STEP][PASSED] - if (m == ""): null

03-03-2025T13:42:22 - [TEST_STEP][PASSED] - m = "весь год": null

03-03-2025T13:42:22 - [TEST_STEP][PASSED] - dashboardName = "Выполнение бизнес-плана": null

03-03-2025T13:42:22 - [TEST_STEP][PASSED] - workbook01 = getWorkbook(excelFilePath): null

03-03-2025T13:42:22 - [TEST_STEP][PASSED] - sheet01 = getExcelSheet(workbook01, sheetName): null

03-03-2025T13:42:22 - [TEST_STEP][PASSED] - setValueToCellByIndex(sheet01, n, 0, dashboardName): null

03-03-2025T13:42:22 - [TEST_STEP][PASSED] - setValueToCellByIndex(sheet01, n, 1, dZO): null

03-03-2025T13:42:22 - [TEST_STEP][PASSED] - setValueToCellByIndex(sheet01, n, 2, typeOfData): null

03-03-2025T13:42:22 - [TEST_STEP][PASSED] - if (typeOfData == "Факт в процентах" || typeOfData == "План в процентах"): null

03-03-2025T13:42:22 - [TEST_STEP][PASSED] - else: null

03-03-2025T13:42:22 - [TEST_STEP][PASSED] - setValueToCellByIndex(sheet01, n, 3, fileInt): null

03-03-2025T13:42:22 - [TEST_STEP][PASSED] - setValueToCellByIndex(sheet01, n, 4, pageInt): null

03-03-2025T13:42:22 - [TEST_STEP][PASSED] - setValueToCellByIndex(sheet01, n, 5, m): null

03-03-2025T13:42:22 - [TEST_STEP][PASSED] - setValueToCellByIndex(sheet01, n, 6, y): null

03-03-2025T13:42:22 - [TEST_STEP][PASSED] - setValueToCellByIndex(sheet01, n, 7, todaysDate): null

03-03-2025T13:42:22 - [TEST_STEP][PASSED] - n = n + 1: null

03-03-2025T13:42:22 - [TEST_STEP][PASSED] - saveWorkbook(excelFilePath, workbook01): null

03-03-2025T13:42:22 - [TEST_STEP][PASSED] - if (planFact == 2): null

03-03-2025T13:42:22 - [TEST_STEP][PASSED] - if (planFact == 1): null

03-03-2025T13:42:22 - [TEST_STEP][PASSED] - else if (planFact == 2): null

03-03-2025T13:42:22 - [TEST_STEP][PASSED] - click(findTestObject("Выполнение бизнес-плана/Кнопка План")): Object: 'Object Repository/Выполнение бизнес-плана/Кнопка План' is clicked on

03-03-2025T13:42:23 - [MESSAGE][PASSED] - Object: 'Object Repository/Выполнение бизнес-плана/Кнопка План' is clicked on

03-03-2025T13:42:23 - [TEST_STEP][PASSED] - typeOfDataMain = "План": null

03-03-2025T13:42:23 - [TEST_STEP][PASSED] - otpusk = findTestData("PlanFact").getValue(2, a): null

03-03-2025T13:42:23 - [TEST_STEP][PASSED] - poteri = findTestData("PlanFact").getValue(3, a): null

03-03-2025T13:42:23 - [TEST_STEP][PASSED] - otpusk = otpusk.replaceAll("\s+", ""): null

03-03-2025T13:42:23 - [TEST_STEP][PASSED] - poteri = poteri.replaceAll("\s+", ""): null

03-03-2025T13:42:23 - [TEST_STEP][PASSED] - typeOfData = typeOfDataMain + " Отпуск в сеть": null

03-03-2025T13:42:23 - [TEST_STEP][PASSED] - if (a == 82): null

03-03-2025T13:42:23 - [TEST_STEP][PASSED] - else if (a == 84): null

03-03-2025T13:42:23 - [TEST_STEP][PASSED] - else if (a == 83 || a == 52 || a == 72 || a == 28 || a == 73 || a == 77 || a == 74 || a == 65 || a == 36 || a == 44 || a == 53 || a == 80 || a == 54 || a == 1 || a == 18 || a == 59 || a == 81): null

03-03-2025T13:42:23 - [TEST_STEP][PASSED] - else: null

03-03-2025T13:42:23 - [TEST_STEP][PASSED] - path = dataFolder + typeOfData + " за отчётный период " + b: null

03-03-2025T13:42:23 - [TEST_STEP][PASSED] - println(path): null

03-03-2025T13:42:23 - [TEST_STEP][PASSED] - page = getText(findTestObject(path)): Text of object 'Object Repository/Выполнение бизнес-плана/Значения со страницы Выполнение бизнес-плана/План Отпуск в сеть за отчётный период Костромаэнерго' is: '243 569'

03-03-2025T13:42:23 - [MESSAGE][PASSED] - Text of object 'Object Repository/Выполнение бизнес-плана/Значения со страницы Выполнение бизнес-плана/План Отпуск в сеть за отчётный период Костромаэнерго' is: '243 569'

03-03-2025T13:42:23 - [TEST_STEP][PASSED] - if (page == "" || page == null): null

03-03-2025T13:42:23 - [TEST_STEP][PASSED] - else: null

03-03-2025T13:42:23 - [TEST_STEP][PASSED] - page = page.replaceAll("\s+", ""): null

03-03-2025T13:42:23 - [TEST_STEP][PASSED] - fileOtpuskVSet = otpusk.toInteger(): null

03-03-2025T13:42:23 - [TEST_STEP][PASSED] - pageOtpuskVSet = page.toInteger(): null

03-03-2025T13:42:23 - [TEST_STEP][PASSED] - typeOfData = typeOfDataMain + " Потери": null

03-03-2025T13:42:23 - [TEST_STEP][PASSED] - if (a == 82): null

03-03-2025T13:42:23 - [TEST_STEP][PASSED] - else if (a == 84): null

03-03-2025T13:42:23 - [TEST_STEP][PASSED] - else if (a == 83 || a == 52 || a == 72 || a == 28 || a == 73 || a == 77 || a == 74 || a == 65 || a == 44 || a == 53 || a == 80 || a == 54 || a == 1 || a == 18 || a == 59 || a == 81): null

03-03-2025T13:42:23 - [TEST_STEP][PASSED] - else: null

03-03-2025T13:42:23 - [TEST_STEP][PASSED] - path = dataFolder + typeOfData + " за отчётный период " + b: null

03-03-2025T13:42:23 - [TEST_STEP][PASSED] - page = getText(findTestObject(path)): Text of object 'Object Repository/Выполнение бизнес-плана/Значения со страницы Выполнение бизнес-плана/План Потери за отчётный период Костромаэнерго' is: '35 894'

03-03-2025T13:42:23 - [MESSAGE][PASSED] - Text of object 'Object Repository/Выполнение бизнес-плана/Значения со страницы Выполнение бизнес-плана/План Потери за отчётный период Костромаэнерго' is: '35 894'

03-03-2025T13:42:23 - [TEST_STEP][PASSED] - if (page == "" || page == null): null

03-03-2025T13:42:23 - [TEST_STEP][PASSED] - else: null

03-03-2025T13:42:23 - [TEST_STEP][PASSED] - page = page.replaceAll("\s+", ""): null

03-03-2025T13:42:23 - [TEST_STEP][PASSED] - filePoteri = poteri.toInteger(): null

03-03-2025T13:42:23 - [TEST_STEP][PASSED] - pagePoteri = page.toInteger(): null

03-03-2025T13:42:23 - [TEST_STEP][PASSED] - compare = pageOtpuskVSet: null

03-03-2025T13:42:23 - [TEST_STEP][PASSED] - if (pageOtpuskVSet != null): null

03-03-2025T13:42:23 - [TEST_STEP][PASSED] - if (compare == fileOtpuskVSet): null

03-03-2025T13:42:23 - [TEST_STEP][PASSED] - else if (compare > fileOtpuskVSet): null

03-03-2025T13:42:23 - [TEST_STEP][PASSED] - else if (compare < fileOtpuskVSet): null

03-03-2025T13:42:23 - [TEST_STEP][PASSED] - compare = compare + 1: null

03-03-2025T13:42:23 - [TEST_STEP][PASSED] - if (compare == fileOtpuskVSet): null

03-03-2025T13:42:23 - [TEST_STEP][PASSED] - else: null

03-03-2025T13:42:23 - [TEST_STEP][PASSED] - numberOfErrors = numberOfErrors + 1: null

03-03-2025T13:42:23 - [TEST_STEP][PASSED] - pageInt = pageOtpuskVSet: null

03-03-2025T13:42:23 - [TEST_STEP][PASSED] - fileInt = fileOtpuskVSet: null

03-03-2025T13:42:23 - [TEST_STEP][PASSED] - typeOfData = typeOfDataMain + " Отпуск в сеть": null

03-03-2025T13:42:23 - [TEST_STEP][PASSED] - Script1718980020443.WriteToExcel(a, typeOfData, todaysDate, pageInt, fileInt, pageDouble, fileDouble, dZO): null

03-03-2025T13:42:23 - [TEST_STEP][PASSED] - sheetName = "Sheet1": null

03-03-2025T13:42:23 - [TEST_STEP][PASSED] - data = findTestData("PlanFact"): null

03-03-2025T13:42:23 - [TEST_STEP][PASSED] - n = data.getRowNumbers() + 1: null

03-03-2025T13:42:23 - [TEST_STEP][PASSED] - day = ")).toInteger(): null

03-03-2025T13:42:23 - [TEST_STEP][PASSED] - println(day): null

03-03-2025T13:42:23 - [TEST_STEP][PASSED] - month = ")).toInteger(): null

03-03-2025T13:42:23 - [TEST_STEP][PASSED] - println(month): null

03-03-2025T13:42:23 - [TEST_STEP][PASSED] - y = <not implemented yet for class: org.codehaus.groovy.ast.expr.EmptyExpression>: null

03-03-2025T13:42:23 - [TEST_STEP][PASSED] - iy = <not implemented yet for class: org.codehaus.groovy.ast.expr.EmptyExpression>: null

03-03-2025T13:42:23 - [TEST_STEP][PASSED] - m = getText(findTestObject("Выполнение бизнес-плана/Период")): Text of object 'Object Repository/Выполнение бизнес-плана/Период' is: '2024 год'

03-03-2025T13:42:24 - [MESSAGE][PASSED] - Text of object 'Object Repository/Выполнение бизнес-плана/Период' is: '2024 год'

03-03-2025T13:42:24 - [TEST_STEP][PASSED] - iy = m.indexOf("20"): null

03-03-2025T13:42:24 - [TEST_STEP][PASSED] - if (iy > -1): null

03-03-2025T13:42:24 - [TEST_STEP][PASSED] - y = substring(iy, iy + 4).toInteger(): null

03-03-2025T13:42:24 - [TEST_STEP][PASSED] - println(y): null

03-03-2025T13:42:24 - [TEST_STEP][PASSED] - if (toString().length() == 4): null

03-03-2025T13:42:24 - [TEST_STEP][PASSED] - m = m.substring(0, m.indexOf(y.toString())): null

03-03-2025T13:42:24 - [TEST_STEP][PASSED] - m = m.trim(): null

03-03-2025T13:42:24 - [TEST_STEP][PASSED] - if (m == ""): null

03-03-2025T13:42:24 - [TEST_STEP][PASSED] - m = "весь год": null

03-03-2025T13:42:24 - [TEST_STEP][PASSED] - dashboardName = "Выполнение бизнес-плана": null

03-03-2025T13:42:24 - [TEST_STEP][PASSED] - workbook01 = getWorkbook(excelFilePath): null

03-03-2025T13:42:24 - [TEST_STEP][PASSED] - sheet01 = getExcelSheet(workbook01, sheetName): null

03-03-2025T13:42:24 - [TEST_STEP][PASSED] - setValueToCellByIndex(sheet01, n, 0, dashboardName): null

03-03-2025T13:42:24 - [TEST_STEP][PASSED] - setValueToCellByIndex(sheet01, n, 1, dZO): null

03-03-2025T13:42:24 - [TEST_STEP][PASSED] - setValueToCellByIndex(sheet01, n, 2, typeOfData): null

03-03-2025T13:42:24 - [TEST_STEP][PASSED] - if (typeOfData == "Факт в процентах" || typeOfData == "План в процентах"): null

03-03-2025T13:42:24 - [TEST_STEP][PASSED] - else: null

03-03-2025T13:42:24 - [TEST_STEP][PASSED] - setValueToCellByIndex(sheet01, n, 3, fileInt): null

03-03-2025T13:42:24 - [TEST_STEP][PASSED] - setValueToCellByIndex(sheet01, n, 4, pageInt): null

03-03-2025T13:42:24 - [TEST_STEP][PASSED] - setValueToCellByIndex(sheet01, n, 5, m): null

03-03-2025T13:42:24 - [TEST_STEP][PASSED] - setValueToCellByIndex(sheet01, n, 6, y): null

03-03-2025T13:42:24 - [TEST_STEP][PASSED] - setValueToCellByIndex(sheet01, n, 7, todaysDate): null

03-03-2025T13:42:24 - [TEST_STEP][PASSED] - n = n + 1: null

03-03-2025T13:42:24 - [TEST_STEP][PASSED] - saveWorkbook(excelFilePath, workbook01): null

03-03-2025T13:42:24 - [TEST_STEP][PASSED] - compare = pagePoteri: null

03-03-2025T13:42:24 - [TEST_STEP][PASSED] - if (pageOtpuskVSet != null): null

03-03-2025T13:42:24 - [TEST_STEP][PASSED] - if (compare == filePoteri): null

03-03-2025T13:42:24 - [TEST_STEP][PASSED] - else if (compare > filePoteri): null

03-03-2025T13:42:24 - [TEST_STEP][PASSED] - else if (compare < filePoteri): null

03-03-2025T13:42:24 - [TEST_STEP][PASSED] - compare = compare + 1: null

03-03-2025T13:42:24 - [TEST_STEP][PASSED] - if (compare == filePoteri): null

03-03-2025T13:42:24 - [TEST_STEP][PASSED] - else: null

03-03-2025T13:42:24 - [TEST_STEP][PASSED] - numberOfErrors = numberOfErrors + 1: null

03-03-2025T13:42:24 - [TEST_STEP][PASSED] - pageInt = pagePoteri: null

03-03-2025T13:42:24 - [TEST_STEP][PASSED] - fileInt = filePoteri: null

03-03-2025T13:42:24 - [TEST_STEP][PASSED] - typeOfData = typeOfDataMain + " Потери": null

03-03-2025T13:42:24 - [TEST_STEP][PASSED] - Script1718980020443.WriteToExcel(a, typeOfData, todaysDate, pageInt, fileInt, pageDouble, fileDouble, dZO): null

03-03-2025T13:42:24 - [TEST_STEP][PASSED] - sheetName = "Sheet1": null

03-03-2025T13:42:24 - [TEST_STEP][PASSED] - data = findTestData("PlanFact"): null

03-03-2025T13:42:24 - [TEST_STEP][PASSED] - n = data.getRowNumbers() + 1: null

03-03-2025T13:42:24 - [TEST_STEP][PASSED] - day = ")).toInteger(): null

03-03-2025T13:42:24 - [TEST_STEP][PASSED] - println(day): null

03-03-2025T13:42:24 - [TEST_STEP][PASSED] - month = ")).toInteger(): null

03-03-2025T13:42:24 - [TEST_STEP][PASSED] - println(month): null

03-03-2025T13:42:24 - [TEST_STEP][PASSED] - y = <not implemented yet for class: org.codehaus.groovy.ast.expr.EmptyExpression>: null

03-03-2025T13:42:24 - [TEST_STEP][PASSED] - iy = <not implemented yet for class: org.codehaus.groovy.ast.expr.EmptyExpression>: null

03-03-2025T13:42:24 - [TEST_STEP][PASSED] - m = getText(findTestObject("Выполнение бизнес-плана/Период")): Text of object 'Object Repository/Выполнение бизнес-плана/Период' is: '2024 год'

03-03-2025T13:42:24 - [MESSAGE][PASSED] - Text of object 'Object Repository/Выполнение бизнес-плана/Период' is: '2024 год'

03-03-2025T13:42:24 - [TEST_STEP][PASSED] - iy = m.indexOf("20"): null

03-03-2025T13:42:24 - [TEST_STEP][PASSED] - if (iy > -1): null

03-03-2025T13:42:24 - [TEST_STEP][PASSED] - y = substring(iy, iy + 4).toInteger(): null

03-03-2025T13:42:24 - [TEST_STEP][PASSED] - println(y): null

03-03-2025T13:42:24 - [TEST_STEP][PASSED] - if (toString().length() == 4): null

03-03-2025T13:42:24 - [TEST_STEP][PASSED] - m = m.substring(0, m.indexOf(y.toString())): null

03-03-2025T13:42:24 - [TEST_STEP][PASSED] - m = m.trim(): null

03-03-2025T13:42:24 - [TEST_STEP][PASSED] - if (m == ""): null

03-03-2025T13:42:24 - [TEST_STEP][PASSED] - m = "весь год": null

03-03-2025T13:42:24 - [TEST_STEP][PASSED] - dashboardName = "Выполнение бизнес-плана": null

03-03-2025T13:42:24 - [TEST_STEP][PASSED] - workbook01 = getWorkbook(excelFilePath): null

03-03-2025T13:42:24 - [TEST_STEP][PASSED] - sheet01 = getExcelSheet(workbook01, sheetName): null

03-03-2025T13:42:24 - [TEST_STEP][PASSED] - setValueToCellByIndex(sheet01, n, 0, dashboardName): null

03-03-2025T13:42:24 - [TEST_STEP][PASSED] - setValueToCellByIndex(sheet01, n, 1, dZO): null

03-03-2025T13:42:24 - [TEST_STEP][PASSED] - setValueToCellByIndex(sheet01, n, 2, typeOfData): null

03-03-2025T13:42:24 - [TEST_STEP][PASSED] - if (typeOfData == "Факт в процентах" || typeOfData == "План в процентах"): null

03-03-2025T13:42:24 - [TEST_STEP][PASSED] - else: null

03-03-2025T13:42:24 - [TEST_STEP][PASSED] - setValueToCellByIndex(sheet01, n, 3, fileInt): null

03-03-2025T13:42:24 - [TEST_STEP][PASSED] - setValueToCellByIndex(sheet01, n, 4, pageInt): null

03-03-2025T13:42:24 - [TEST_STEP][PASSED] - setValueToCellByIndex(sheet01, n, 5, m): null

03-03-2025T13:42:24 - [TEST_STEP][PASSED] - setValueToCellByIndex(sheet01, n, 6, y): null

03-03-2025T13:42:24 - [TEST_STEP][PASSED] - setValueToCellByIndex(sheet01, n, 7, todaysDate): null

03-03-2025T13:42:24 - [TEST_STEP][PASSED] - n = n + 1: null

03-03-2025T13:42:24 - [TEST_STEP][PASSED] - saveWorkbook(excelFilePath, workbook01): Object: 'Object Repository/Выполнение бизнес-плана/Кнопка Факт' is clicked on

03-03-2025T13:42:25 - [TEST_STEP][PASSED] - if (planFact == 2): Object: 'Object Repository/Выполнение бизнес-плана/Кнопка Факт' is clicked on

03-03-2025T13:42:25 - [TEST_STEP][PASSED] - click(findTestObject("Выполнение бизнес-плана/Кнопка Факт")): Object: 'Object Repository/Выполнение бизнес-плана/Кнопка Факт' is clicked on

03-03-2025T13:42:25 - [MESSAGE][PASSED] - Object: 'Object Repository/Выполнение бизнес-плана/Кнопка Факт' is clicked on

03-03-2025T13:42:25 - [TEST_STEP][PASSED] - println("a=" + a): null

03-03-2025T13:42:25 - [TEST_STEP][PASSED] - if (a == 84 || a == 82): null

03-03-2025T13:42:25 - [TEST_STEP][PASSED] - else if (a == 83 || a == 52 || a == 72 || a == 28 || a == 73 || a == 77 || a == 74 || a == 65 || a == 36 || a == 44 || a == 53 || a == 80 || a == 54 || a == 1 || a == 18 || a == 59 || a == 81): null

03-03-2025T13:42:25 - [TEST_STEP][PASSED] - else: null

03-03-2025T13:42:25 - [TEST_STEP][PASSED] - page1 = getText(findTestObject("Object Repository/Выполнение бизнес-плана/spanPlan" + filialNum)): Text of object 'Object Repository/Выполнение бизнес-плана/spanPlan7' is: '10.29
|'

03-03-2025T13:42:25 - [MESSAGE][PASSED] - Text of object 'Object Repository/Выполнение бизнес-плана/spanPlan7' is: '10.29
|'

03-03-2025T13:42:25 - [TEST_STEP][PASSED] - page1 = page1.replace("|", ""): null

03-03-2025T13:42:25 - [TEST_STEP][PASSED] - page2 = getText(findTestObject("Object Repository/Выполнение бизнес-плана/spanFact" + filialNum)): Text of object 'Object Repository/Выполнение бизнес-плана/spanFact7' is: '10.13
|'

03-03-2025T13:42:26 - [MESSAGE][PASSED] - Text of object 'Object Repository/Выполнение бизнес-плана/spanFact7' is: '10.13
|'

03-03-2025T13:42:26 - [TEST_STEP][PASSED] - page2 = page2.replace("|", ""): null

03-03-2025T13:42:26 - [TEST_STEP][PASSED] - println("page1: " + page1): null

03-03-2025T13:42:26 - [TEST_STEP][PASSED] - println("page2: " + page2): null

03-03-2025T13:42:26 - [TEST_STEP][PASSED] - file = findTestData("PlanFact").getValue(4, a): null

03-03-2025T13:42:26 - [TEST_STEP][PASSED] - file = file.replace(",", "."): null

03-03-2025T13:42:26 - [TEST_STEP][PASSED] - println("file Plan: " + file): null

03-03-2025T13:42:26 - [TEST_STEP][PASSED] - typeOfData = "План в процентах": null

03-03-2025T13:42:26 - [TEST_STEP][PASSED] - fileDouble = file.toDouble(): null

03-03-2025T13:42:26 - [TEST_STEP][PASSED] - pageDouble = page1.toDouble(): null

03-03-2025T13:42:26 - [TEST_STEP][PASSED] - if (fileDouble != pageDouble): null

03-03-2025T13:42:26 - [TEST_STEP][PASSED] - numberOfErrors = numberOfErrors + 1: null

03-03-2025T13:42:26 - [TEST_STEP][PASSED] - Script1718980020443.WriteToExcel(a, typeOfData, todaysDate, pageInt, fileInt, pageDouble, fileDouble, dZO): null

03-03-2025T13:42:26 - [TEST_STEP][PASSED] - sheetName = "Sheet1": null

03-03-2025T13:42:26 - [TEST_STEP][PASSED] - data = findTestData("PlanFact"): null

03-03-2025T13:42:26 - [TEST_STEP][PASSED] - n = data.getRowNumbers() + 1: null

03-03-2025T13:42:26 - [TEST_STEP][PASSED] - day = ")).toInteger(): null

03-03-2025T13:42:26 - [TEST_STEP][PASSED] - println(day): null

03-03-2025T13:42:26 - [TEST_STEP][PASSED] - month = ")).toInteger(): null

03-03-2025T13:42:26 - [TEST_STEP][PASSED] - println(month): null

03-03-2025T13:42:26 - [TEST_STEP][PASSED] - y = <not implemented yet for class: org.codehaus.groovy.ast.expr.EmptyExpression>: null

03-03-2025T13:42:26 - [TEST_STEP][PASSED] - iy = <not implemented yet for class: org.codehaus.groovy.ast.expr.EmptyExpression>: null

03-03-2025T13:42:26 - [TEST_STEP][PASSED] - m = getText(findTestObject("Выполнение бизнес-плана/Период")): Text of object 'Object Repository/Выполнение бизнес-плана/Период' is: '2024 год'

03-03-2025T13:42:26 - [MESSAGE][PASSED] - Text of object 'Object Repository/Выполнение бизнес-плана/Период' is: '2024 год'

03-03-2025T13:42:26 - [TEST_STEP][PASSED] - iy = m.indexOf("20"): null

03-03-2025T13:42:26 - [TEST_STEP][PASSED] - if (iy > -1): null

03-03-2025T13:42:26 - [TEST_STEP][PASSED] - y = substring(iy, iy + 4).toInteger(): null

03-03-2025T13:42:26 - [TEST_STEP][PASSED] - println(y): null

03-03-2025T13:42:26 - [TEST_STEP][PASSED] - if (toString().length() == 4): null

03-03-2025T13:42:26 - [TEST_STEP][PASSED] - m = m.substring(0, m.indexOf(y.toString())): null

03-03-2025T13:42:26 - [TEST_STEP][PASSED] - m = m.trim(): null

03-03-2025T13:42:26 - [TEST_STEP][PASSED] - if (m == ""): null

03-03-2025T13:42:26 - [TEST_STEP][PASSED] - m = "весь год": null

03-03-2025T13:42:26 - [TEST_STEP][PASSED] - dashboardName = "Выполнение бизнес-плана": null

03-03-2025T13:42:26 - [TEST_STEP][PASSED] - workbook01 = getWorkbook(excelFilePath): null

03-03-2025T13:42:26 - [TEST_STEP][PASSED] - sheet01 = getExcelSheet(workbook01, sheetName): null

03-03-2025T13:42:26 - [TEST_STEP][PASSED] - setValueToCellByIndex(sheet01, n, 0, dashboardName): null

03-03-2025T13:42:26 - [TEST_STEP][PASSED] - setValueToCellByIndex(sheet01, n, 1, dZO): null

03-03-2025T13:42:26 - [TEST_STEP][PASSED] - setValueToCellByIndex(sheet01, n, 2, typeOfData): null

03-03-2025T13:42:26 - [TEST_STEP][PASSED] - if (typeOfData == "Факт в процентах" || typeOfData == "План в процентах"): null

03-03-2025T13:42:26 - [TEST_STEP][PASSED] - setValueToCellByIndex(sheet01, n, 3, fileDouble): null

03-03-2025T13:42:26 - [TEST_STEP][PASSED] - setValueToCellByIndex(sheet01, n, 4, pageDouble): null

03-03-2025T13:42:26 - [TEST_STEP][PASSED] - setValueToCellByIndex(sheet01, n, 5, m): null

03-03-2025T13:42:26 - [TEST_STEP][PASSED] - setValueToCellByIndex(sheet01, n, 6, y): null

03-03-2025T13:42:26 - [TEST_STEP][PASSED] - setValueToCellByIndex(sheet01, n, 7, todaysDate): null

03-03-2025T13:42:26 - [TEST_STEP][PASSED] - n = n + 1: null

03-03-2025T13:42:26 - [TEST_STEP][PASSED] - saveWorkbook(excelFilePath, workbook01): null

03-03-2025T13:42:26 - [TEST_STEP][PASSED] - file = findTestData("PlanFact").getValue(7, a): null

03-03-2025T13:42:26 - [TEST_STEP][PASSED] - file = file.replace(",", "."): null

03-03-2025T13:42:26 - [TEST_STEP][PASSED] - println("file Fact: " + file): null

03-03-2025T13:42:26 - [TEST_STEP][PASSED] - fileDouble = file.toDouble(): null

03-03-2025T13:42:26 - [TEST_STEP][PASSED] - typeOfData = "Факт в процентах": null

03-03-2025T13:42:26 - [TEST_STEP][PASSED] - fileDouble = file.toDouble(): null

03-03-2025T13:42:26 - [TEST_STEP][PASSED] - pageDouble = page2.toDouble(): null

03-03-2025T13:42:26 - [TEST_STEP][PASSED] - if (fileDouble != pageDouble): null

03-03-2025T13:42:26 - [TEST_STEP][PASSED] - numberOfErrors = numberOfErrors + 1: null

03-03-2025T13:42:26 - [TEST_STEP][PASSED] - Script1718980020443.WriteToExcel(a, typeOfData, todaysDate, pageInt, fileInt, pageDouble, fileDouble, dZO): null

03-03-2025T13:42:26 - [TEST_STEP][PASSED] - sheetName = "Sheet1": null

03-03-2025T13:42:26 - [TEST_STEP][PASSED] - data = findTestData("PlanFact"): null

03-03-2025T13:42:26 - [TEST_STEP][PASSED] - n = data.getRowNumbers() + 1: null

03-03-2025T13:42:26 - [TEST_STEP][PASSED] - day = ")).toInteger(): null

03-03-2025T13:42:26 - [TEST_STEP][PASSED] - println(day): null

03-03-2025T13:42:26 - [TEST_STEP][PASSED] - month = ")).toInteger(): null

03-03-2025T13:42:26 - [TEST_STEP][PASSED] - println(month): null

03-03-2025T13:42:26 - [TEST_STEP][PASSED] - y = <not implemented yet for class: org.codehaus.groovy.ast.expr.EmptyExpression>: null

03-03-2025T13:42:26 - [TEST_STEP][PASSED] - iy = <not implemented yet for class: org.codehaus.groovy.ast.expr.EmptyExpression>: null

03-03-2025T13:42:26 - [TEST_STEP][PASSED] - m = getText(findTestObject("Выполнение бизнес-плана/Период")): Text of object 'Object Repository/Выполнение бизнес-плана/Период' is: '2024 год'

03-03-2025T13:42:27 - [MESSAGE][PASSED] - Text of object 'Object Repository/Выполнение бизнес-плана/Период' is: '2024 год'

03-03-2025T13:42:27 - [TEST_STEP][PASSED] - iy = m.indexOf("20"): null

03-03-2025T13:42:27 - [TEST_STEP][PASSED] - if (iy > -1): null

03-03-2025T13:42:27 - [TEST_STEP][PASSED] - y = substring(iy, iy + 4).toInteger(): null

03-03-2025T13:42:27 - [TEST_STEP][PASSED] - println(y): null

03-03-2025T13:42:27 - [TEST_STEP][PASSED] - if (toString().length() == 4): null

03-03-2025T13:42:27 - [TEST_STEP][PASSED] - m = m.substring(0, m.indexOf(y.toString())): null

03-03-2025T13:42:27 - [TEST_STEP][PASSED] - m = m.trim(): null

03-03-2025T13:42:27 - [TEST_STEP][PASSED] - if (m == ""): null

03-03-2025T13:42:27 - [TEST_STEP][PASSED] - m = "весь год": null

03-03-2025T13:42:27 - [TEST_STEP][PASSED] - dashboardName = "Выполнение бизнес-плана": null

03-03-2025T13:42:27 - [TEST_STEP][PASSED] - workbook01 = getWorkbook(excelFilePath): null

03-03-2025T13:42:27 - [TEST_STEP][PASSED] - sheet01 = getExcelSheet(workbook01, sheetName): null

03-03-2025T13:42:27 - [TEST_STEP][PASSED] - setValueToCellByIndex(sheet01, n, 0, dashboardName): null

03-03-2025T13:42:27 - [TEST_STEP][PASSED] - setValueToCellByIndex(sheet01, n, 1, dZO): null

03-03-2025T13:42:27 - [TEST_STEP][PASSED] - setValueToCellByIndex(sheet01, n, 2, typeOfData): null

03-03-2025T13:42:27 - [TEST_STEP][PASSED] - if (typeOfData == "Факт в процентах" || typeOfData == "План в процентах"): null

03-03-2025T13:42:27 - [TEST_STEP][PASSED] - setValueToCellByIndex(sheet01, n, 3, fileDouble): null

03-03-2025T13:42:27 - [TEST_STEP][PASSED] - setValueToCellByIndex(sheet01, n, 4, pageDouble): null

03-03-2025T13:42:27 - [TEST_STEP][PASSED] - setValueToCellByIndex(sheet01, n, 5, m): null

03-03-2025T13:42:27 - [TEST_STEP][PASSED] - setValueToCellByIndex(sheet01, n, 6, y): null

03-03-2025T13:42:27 - [TEST_STEP][PASSED] - setValueToCellByIndex(sheet01, n, 7, todaysDate): null

03-03-2025T13:42:27 - [TEST_STEP][PASSED] - n = n + 1: null

03-03-2025T13:42:27 - [TEST_STEP][PASSED] - saveWorkbook(excelFilePath, workbook01): null

03-03-2025T13:42:27 - [TEST_STEP][FAILED] - if (verifyEqual(numberOfErrors, 0) == false): null

03-03-2025T13:42:27 - [MESSAGE][FAILED] - Unable to verify equal between actual object '6' and expected object '0' (Root cause: com.kms.katalon.core.exception.StepFailedException: Actual object '6' and expected object '0' are not equal
	at com.kms.katalon.core.keyword.builtin.VerifyEqualKeyword$_verifyEqual_closure1.doCall(VerifyEqualKeyword.groovy:58)
	at com.kms.katalon.core.keyword.builtin.VerifyEqualKeyword$_verifyEqual_closure1.call(VerifyEqualKeyword.groovy)
	at com.kms.katalon.core.keyword.internal.KeywordMain.runKeyword(KeywordMain.groovy:75)
	at com.kms.katalon.core.keyword.builtin.VerifyEqualKeyword.verifyEqual(VerifyEqualKeyword.groovy:63)
	at com.kms.katalon.core.keyword.builtin.VerifyEqualKeyword.execute(VerifyEqualKeyword.groovy:44)
	at com.kms.katalon.core.keyword.internal.KeywordExecutor.executeKeywordForPlatform(KeywordExecutor.groovy:74)
	at com.kms.katalon.core.keyword.BuiltinKeywords.verifyEqual(BuiltinKeywords.groovy:146)
	at jdk.internal.reflect.GeneratedMethodAccessor24.invoke(Unknown Source)
	at java.base/jdk.internal.reflect.DelegatingMethodAccessorImpl.invoke(DelegatingMethodAccessorImpl.java:43)
	at Выполнение бизнес-плана Сверка ПАО Россети все филиалы.Numbers(Выполнение бизнес-плана Сверка ПАО Россети все филиалы:736)
	at Выполнение бизнес-плана Сверка ПАО Россети все филиалы.Filials(Выполнение бизнес-плана Сверка ПАО Россети все филиалы:1239)
	at Выполнение бизнес-плана Сверка ПАО Россети все филиалы.Numbers(Выполнение бизнес-плана Сверка ПАО Россети все филиалы:743)
	at Выполнение бизнес-плана Сверка ПАО Россети все филиалы.run(Выполнение бизнес-плана Сверка ПАО Россети все филиалы:364)
	at com.kms.katalon.core.main.ScriptEngine.run(ScriptEngine.java:194)
	at com.kms.katalon.core.main.ScriptEngine.runScriptAsRawText(ScriptEngine.java:119)
	at com.kms.katalon.core.main.TestCaseExecutor.runScript(TestCaseExecutor.java:448)
	at com.kms.katalon.core.main.TestCaseExecutor.doExecute(TestCaseExecutor.java:439)
	at com.kms.katalon.core.main.TestCaseExecutor.processExecutionPhase(TestCaseExecutor.java:418)
	at com.kms.katalon.core.main.TestCaseExecutor.accessMainPhase(TestCaseExecutor.java:410)
	at com.kms.katalon.core.main.TestCaseExecutor.execute(TestCaseExecutor.java:285)
	at com.kms.katalon.core.common.CommonExecutor.accessTestCaseMainPhase(CommonExecutor.java:65)
	at com.kms.katalon.core.main.TestSuiteExecutor.accessTestSuiteMainPhase(TestSuiteExecutor.java:150)
	at com.kms.katalon.core.main.TestSuiteExecutor.execute(TestSuiteExecutor.java:106)
	at com.kms.katalon.core.main.TestCaseMain.startTestSuite(TestCaseMain.java:180)
	at TempTestSuite1740991900055.run(TempTestSuite1740991900055.groovy:35)
	at java.base/jdk.internal.reflect.NativeMethodAccessorImpl.invoke0(Native Method)
	at java.base/jdk.internal.reflect.NativeMethodAccessorImpl.invoke(NativeMethodAccessorImpl.java:77)
	at java.base/jdk.internal.reflect.DelegatingMethodAccessorImpl.invoke(DelegatingMethodAccessorImpl.java:43)
)

03-03-2025T13:42:27 - [TEST_STEP][PASSED] - println(numberOfErrors): null

03-03-2025T13:42:27 - [TEST_STEP][PASSED] - println("a=" + a): null

03-03-2025T13:42:27 - [TEST_STEP][PASSED] - if (a == 28 || a == 77 || a == 74 || a == 65 || a == 36 || a == 44 || a == 54 || a == 1 || a == 18 || a == 59): null

03-03-2025T13:42:27 - [TEST_STEP][PASSED] - if (a == 82): null

03-03-2025T13:42:27 - [TEST_STEP][PASSED] - dZO = "Курскэнерго": null

03-03-2025T13:42:27 - [TEST_STEP][PASSED] - a = 6: null

03-03-2025T13:42:27 - [TEST_STEP][PASSED] - if (x2.contains(dZO)): null

03-03-2025T13:42:27 - [TEST_STEP][PASSED] - filialNum = filialNum + 1: null

03-03-2025T13:42:27 - [TEST_STEP][PASSED] - Script1718980020443.Numbers(a, typeOfData, todaysDate, pageInt, fileInt, pageDouble, fileDouble, dZO, dzoNum, filialNum): null

03-03-2025T13:42:27 - [TEST_STEP][PASSED] - println(dzoNum): null

03-03-2025T13:42:27 - [TEST_STEP][PASSED] - planFact = <not implemented yet for class: org.codehaus.groovy.ast.expr.EmptyExpression>: null

03-03-2025T13:42:27 - [TEST_STEP][PASSED] - page = <not implemented yet for class: org.codehaus.groovy.ast.expr.EmptyExpression>: null

03-03-2025T13:42:27 - [TEST_STEP][PASSED] - page1 = <not implemented yet for class: org.codehaus.groovy.ast.expr.EmptyExpression>: null

03-03-2025T13:42:27 - [TEST_STEP][PASSED] - page2 = <not implemented yet for class: org.codehaus.groovy.ast.expr.EmptyExpression>: null

03-03-2025T13:42:27 - [TEST_STEP][PASSED] - filialNumberInRow = <not implemented yet for class: org.codehaus.groovy.ast.expr.EmptyExpression>: null

03-03-2025T13:42:27 - [TEST_STEP][PASSED] - filialsDzoNames = <not implemented yet for class: org.codehaus.groovy.ast.expr.EmptyExpression>: null

03-03-2025T13:42:27 - [TEST_STEP][PASSED] - numberOfFilials = <not implemented yet for class: org.codehaus.groovy.ast.expr.EmptyExpression>: null

03-03-2025T13:42:27 - [TEST_STEP][PASSED] - numberOfSpaces = <not implemented yet for class: org.codehaus.groovy.ast.expr.EmptyExpression>: null

03-03-2025T13:42:27 - [TEST_STEP][PASSED] - file = <not implemented yet for class: org.codehaus.groovy.ast.expr.EmptyExpression>: null

03-03-2025T13:42:27 - [TEST_STEP][PASSED] - otpusk = <not implemented yet for class: org.codehaus.groovy.ast.expr.EmptyExpression>: null

03-03-2025T13:42:27 - [TEST_STEP][PASSED] - poteri = <not implemented yet for class: org.codehaus.groovy.ast.expr.EmptyExpression>: null

03-03-2025T13:42:27 - [TEST_STEP][PASSED] - dataFolder = "Выполнение бизнес-плана/Значения со страницы Выполнение бизнес-плана/": null

03-03-2025T13:42:27 - [TEST_STEP][PASSED] - path = <not implemented yet for class: org.codehaus.groovy.ast.expr.EmptyExpression>: null

03-03-2025T13:42:27 - [TEST_STEP][PASSED] - typeOfDataMain = <not implemented yet for class: org.codehaus.groovy.ast.expr.EmptyExpression>: null

03-03-2025T13:42:27 - [TEST_STEP][PASSED] - fileOtpuskVSet = <not implemented yet for class: org.codehaus.groovy.ast.expr.EmptyExpression>: null

03-03-2025T13:42:27 - [TEST_STEP][PASSED] - pageOtpuskVSet = <not implemented yet for class: org.codehaus.groovy.ast.expr.EmptyExpression>: null

03-03-2025T13:42:27 - [TEST_STEP][PASSED] - filePoteri = <not implemented yet for class: org.codehaus.groovy.ast.expr.EmptyExpression>: null

03-03-2025T13:42:27 - [TEST_STEP][PASSED] - pagePoteri = <not implemented yet for class: org.codehaus.groovy.ast.expr.EmptyExpression>: null

03-03-2025T13:42:27 - [TEST_STEP][PASSED] - compare = <not implemented yet for class: org.codehaus.groovy.ast.expr.EmptyExpression>: null

03-03-2025T13:42:27 - [TEST_STEP][PASSED] - b = <not implemented yet for class: org.codehaus.groovy.ast.expr.EmptyExpression>: null

03-03-2025T13:42:27 - [TEST_STEP][PASSED] - i = <not implemented yet for class: org.codehaus.groovy.ast.expr.EmptyExpression>: null

03-03-2025T13:42:27 - [TEST_STEP][PASSED] - ii = <not implemented yet for class: org.codehaus.groovy.ast.expr.EmptyExpression>: null

03-03-2025T13:42:27 - [TEST_STEP][PASSED] - c = <not implemented yet for class: org.codehaus.groovy.ast.expr.EmptyExpression>: null

03-03-2025T13:42:27 - [TEST_STEP][PASSED] - numberOfErrors = 0: null

03-03-2025T13:42:27 - [TEST_STEP][PASSED] - if (a == 82): null

03-03-2025T13:42:27 - [TEST_STEP][PASSED] - b = findTestData("PlanFact").getValue(1, a): null

03-03-2025T13:42:27 - [TEST_STEP][PASSED] - i = b.indexOf(" (ГК)"): null

03-03-2025T13:42:27 - [TEST_STEP][PASSED] - if (i > -1): null

03-03-2025T13:42:27 - [TEST_STEP][PASSED] - i = b.indexOf("О ""): null

03-03-2025T13:42:27 - [TEST_STEP][PASSED] - if (i > -1): null

03-03-2025T13:42:27 - [TEST_STEP][PASSED] - i = b.indexOf("О «"): null

03-03-2025T13:42:27 - [TEST_STEP][PASSED] - if (i > -1): null

03-03-2025T13:42:27 - [TEST_STEP][PASSED] - i = b.indexOf("г. "): null

03-03-2025T13:42:27 - [TEST_STEP][PASSED] - if (i > -1): null

03-03-2025T13:42:27 - [TEST_STEP][PASSED] - b = b.trim(): null

03-03-2025T13:42:27 - [TEST_STEP][PASSED] - println(b): null

03-03-2025T13:42:27 - [TEST_STEP][PASSED] - for ([planFact = 1, planFact < 3, (planFact++)]): null

03-03-2025T13:42:27 - [TEST_STEP][PASSED] - if (planFact == 1): null

03-03-2025T13:42:27 - [TEST_STEP][PASSED] - typeOfDataMain = "Факт": null

03-03-2025T13:42:27 - [TEST_STEP][PASSED] - otpusk = findTestData("PlanFact").getValue(5, a): null

03-03-2025T13:42:27 - [TEST_STEP][PASSED] - poteri = findTestData("PlanFact").getValue(6, a): null

03-03-2025T13:42:27 - [TEST_STEP][PASSED] - otpusk = otpusk.replaceAll("\s+", ""): null

03-03-2025T13:42:27 - [TEST_STEP][PASSED] - poteri = poteri.replaceAll("\s+", ""): null

03-03-2025T13:42:27 - [TEST_STEP][PASSED] - typeOfData = typeOfDataMain + " Отпуск в сеть": null

03-03-2025T13:42:27 - [TEST_STEP][PASSED] - if (a == 82): null

03-03-2025T13:42:27 - [TEST_STEP][PASSED] - else if (a == 84): null

03-03-2025T13:42:27 - [TEST_STEP][PASSED] - else if (a == 83 || a == 52 || a == 72 || a == 28 || a == 73 || a == 77 || a == 74 || a == 65 || a == 36 || a == 44 || a == 53 || a == 80 || a == 54 || a == 1 || a == 18 || a == 59 || a == 81): null

03-03-2025T13:42:27 - [TEST_STEP][PASSED] - else: null

03-03-2025T13:42:27 - [TEST_STEP][PASSED] - path = dataFolder + typeOfData + " за отчётный период " + b: null

03-03-2025T13:42:27 - [TEST_STEP][PASSED] - println(path): null

03-03-2025T13:42:27 - [TEST_STEP][PASSED] - page = getText(findTestObject(path)): Text of object 'Object Repository/Выполнение бизнес-плана/Значения со страницы Выполнение бизнес-плана/Факт Отпуск в сеть за отчётный период Курскэнерго' is: '339 644'

03-03-2025T13:42:27 - [MESSAGE][PASSED] - Text of object 'Object Repository/Выполнение бизнес-плана/Значения со страницы Выполнение бизнес-плана/Факт Отпуск в сеть за отчётный период Курскэнерго' is: '339 644'

03-03-2025T13:42:27 - [TEST_STEP][PASSED] - if (page == "" || page == null): null

03-03-2025T13:42:27 - [TEST_STEP][PASSED] - else: null

03-03-2025T13:42:27 - [TEST_STEP][PASSED] - page = page.replaceAll("\s+", ""): null

03-03-2025T13:42:27 - [TEST_STEP][PASSED] - fileOtpuskVSet = otpusk.toInteger(): null

03-03-2025T13:42:27 - [TEST_STEP][PASSED] - pageOtpuskVSet = page.toInteger(): null

03-03-2025T13:42:27 - [TEST_STEP][PASSED] - typeOfData = typeOfDataMain + " Потери": null

03-03-2025T13:42:27 - [TEST_STEP][PASSED] - if (a == 82): null

03-03-2025T13:42:27 - [TEST_STEP][PASSED] - else if (a == 84): null

03-03-2025T13:42:27 - [TEST_STEP][PASSED] - else if (a == 83 || a == 52 || a == 72 || a == 28 || a == 73 || a == 77 || a == 74 || a == 65 || a == 44 || a == 53 || a == 80 || a == 54 || a == 1 || a == 18 || a == 59 || a == 81): null

03-03-2025T13:42:27 - [TEST_STEP][PASSED] - else: null

03-03-2025T13:42:27 - [TEST_STEP][PASSED] - path = dataFolder + typeOfData + " за отчётный период " + b: null

03-03-2025T13:42:27 - [TEST_STEP][PASSED] - page = getText(findTestObject(path)): Text of object 'Object Repository/Выполнение бизнес-плана/Значения со страницы Выполнение бизнес-плана/Факт Потери за отчётный период Курскэнерго' is: '44 988'

03-03-2025T13:42:28 - [MESSAGE][PASSED] - Text of object 'Object Repository/Выполнение бизнес-плана/Значения со страницы Выполнение бизнес-плана/Факт Потери за отчётный период Курскэнерго' is: '44 988'

03-03-2025T13:42:28 - [TEST_STEP][PASSED] - if (page == "" || page == null): null

03-03-2025T13:42:28 - [TEST_STEP][PASSED] - else: null

03-03-2025T13:42:28 - [TEST_STEP][PASSED] - page = page.replaceAll("\s+", ""): null

03-03-2025T13:42:28 - [TEST_STEP][PASSED] - filePoteri = poteri.toInteger(): null

03-03-2025T13:42:28 - [TEST_STEP][PASSED] - pagePoteri = page.toInteger(): null

03-03-2025T13:42:28 - [TEST_STEP][PASSED] - compare = pageOtpuskVSet: null

03-03-2025T13:42:28 - [TEST_STEP][PASSED] - if (pageOtpuskVSet != null): null

03-03-2025T13:42:28 - [TEST_STEP][PASSED] - if (compare == fileOtpuskVSet): null

03-03-2025T13:42:28 - [TEST_STEP][PASSED] - else if (compare > fileOtpuskVSet): null

03-03-2025T13:42:28 - [TEST_STEP][PASSED] - else if (compare < fileOtpuskVSet): null

03-03-2025T13:42:28 - [TEST_STEP][PASSED] - compare = compare + 1: null

03-03-2025T13:42:28 - [TEST_STEP][PASSED] - if (compare == fileOtpuskVSet): null

03-03-2025T13:42:28 - [TEST_STEP][PASSED] - else: null

03-03-2025T13:42:28 - [TEST_STEP][PASSED] - numberOfErrors = numberOfErrors + 1: null

03-03-2025T13:42:28 - [TEST_STEP][PASSED] - pageInt = pageOtpuskVSet: null

03-03-2025T13:42:28 - [TEST_STEP][PASSED] - fileInt = fileOtpuskVSet: null

03-03-2025T13:42:28 - [TEST_STEP][PASSED] - typeOfData = typeOfDataMain + " Отпуск в сеть": null

03-03-2025T13:42:28 - [TEST_STEP][PASSED] - Script1718980020443.WriteToExcel(a, typeOfData, todaysDate, pageInt, fileInt, pageDouble, fileDouble, dZO): null

03-03-2025T13:42:28 - [TEST_STEP][PASSED] - sheetName = "Sheet1": null

03-03-2025T13:42:28 - [TEST_STEP][PASSED] - data = findTestData("PlanFact"): null

03-03-2025T13:42:28 - [TEST_STEP][PASSED] - n = data.getRowNumbers() + 1: null

03-03-2025T13:42:28 - [TEST_STEP][PASSED] - day = ")).toInteger(): null

03-03-2025T13:42:28 - [TEST_STEP][PASSED] - println(day): null

03-03-2025T13:42:28 - [TEST_STEP][PASSED] - month = ")).toInteger(): null

03-03-2025T13:42:28 - [TEST_STEP][PASSED] - println(month): null

03-03-2025T13:42:28 - [TEST_STEP][PASSED] - y = <not implemented yet for class: org.codehaus.groovy.ast.expr.EmptyExpression>: null

03-03-2025T13:42:28 - [TEST_STEP][PASSED] - iy = <not implemented yet for class: org.codehaus.groovy.ast.expr.EmptyExpression>: null

03-03-2025T13:42:28 - [TEST_STEP][PASSED] - m = getText(findTestObject("Выполнение бизнес-плана/Период")): Text of object 'Object Repository/Выполнение бизнес-плана/Период' is: '2024 год'

03-03-2025T13:42:28 - [MESSAGE][PASSED] - Text of object 'Object Repository/Выполнение бизнес-плана/Период' is: '2024 год'

03-03-2025T13:42:28 - [TEST_STEP][PASSED] - iy = m.indexOf("20"): null

03-03-2025T13:42:28 - [TEST_STEP][PASSED] - if (iy > -1): null

03-03-2025T13:42:28 - [TEST_STEP][PASSED] - y = substring(iy, iy + 4).toInteger(): null

03-03-2025T13:42:28 - [TEST_STEP][PASSED] - println(y): null

03-03-2025T13:42:28 - [TEST_STEP][PASSED] - if (toString().length() == 4): null

03-03-2025T13:42:28 - [TEST_STEP][PASSED] - m = m.substring(0, m.indexOf(y.toString())): null

03-03-2025T13:42:28 - [TEST_STEP][PASSED] - m = m.trim(): null

03-03-2025T13:42:28 - [TEST_STEP][PASSED] - if (m == ""): null

03-03-2025T13:42:28 - [TEST_STEP][PASSED] - m = "весь год": null

03-03-2025T13:42:28 - [TEST_STEP][PASSED] - dashboardName = "Выполнение бизнес-плана": null

03-03-2025T13:42:28 - [TEST_STEP][PASSED] - workbook01 = getWorkbook(excelFilePath): null

03-03-2025T13:42:28 - [TEST_STEP][PASSED] - sheet01 = getExcelSheet(workbook01, sheetName): null

03-03-2025T13:42:28 - [TEST_STEP][PASSED] - setValueToCellByIndex(sheet01, n, 0, dashboardName): null

03-03-2025T13:42:28 - [TEST_STEP][PASSED] - setValueToCellByIndex(sheet01, n, 1, dZO): null

03-03-2025T13:42:28 - [TEST_STEP][PASSED] - setValueToCellByIndex(sheet01, n, 2, typeOfData): null

03-03-2025T13:42:28 - [TEST_STEP][PASSED] - if (typeOfData == "Факт в процентах" || typeOfData == "План в процентах"): null

03-03-2025T13:42:28 - [TEST_STEP][PASSED] - else: null

03-03-2025T13:42:28 - [TEST_STEP][PASSED] - setValueToCellByIndex(sheet01, n, 3, fileInt): null

03-03-2025T13:42:28 - [TEST_STEP][PASSED] - setValueToCellByIndex(sheet01, n, 4, pageInt): null

03-03-2025T13:42:28 - [TEST_STEP][PASSED] - setValueToCellByIndex(sheet01, n, 5, m): null

03-03-2025T13:42:28 - [TEST_STEP][PASSED] - setValueToCellByIndex(sheet01, n, 6, y): null

03-03-2025T13:42:28 - [TEST_STEP][PASSED] - setValueToCellByIndex(sheet01, n, 7, todaysDate): null

03-03-2025T13:42:28 - [TEST_STEP][PASSED] - n = n + 1: null

03-03-2025T13:42:28 - [TEST_STEP][PASSED] - saveWorkbook(excelFilePath, workbook01): null

03-03-2025T13:42:28 - [TEST_STEP][PASSED] - compare = pagePoteri: null

03-03-2025T13:42:28 - [TEST_STEP][PASSED] - if (pageOtpuskVSet != null): null

03-03-2025T13:42:28 - [TEST_STEP][PASSED] - if (compare == filePoteri): null

03-03-2025T13:42:28 - [TEST_STEP][PASSED] - else if (compare > filePoteri): null

03-03-2025T13:42:28 - [TEST_STEP][PASSED] - else if (compare < filePoteri): null

03-03-2025T13:42:28 - [TEST_STEP][PASSED] - compare = compare + 1: null

03-03-2025T13:42:28 - [TEST_STEP][PASSED] - if (compare == filePoteri): null

03-03-2025T13:42:28 - [TEST_STEP][PASSED] - else: null

03-03-2025T13:42:28 - [TEST_STEP][PASSED] - numberOfErrors = numberOfErrors + 1: null

03-03-2025T13:42:28 - [TEST_STEP][PASSED] - pageInt = pagePoteri: null

03-03-2025T13:42:28 - [TEST_STEP][PASSED] - fileInt = filePoteri: null

03-03-2025T13:42:28 - [TEST_STEP][PASSED] - typeOfData = typeOfDataMain + " Потери": null

03-03-2025T13:42:28 - [TEST_STEP][PASSED] - Script1718980020443.WriteToExcel(a, typeOfData, todaysDate, pageInt, fileInt, pageDouble, fileDouble, dZO): null

03-03-2025T13:42:28 - [TEST_STEP][PASSED] - sheetName = "Sheet1": null

03-03-2025T13:42:28 - [TEST_STEP][PASSED] - data = findTestData("PlanFact"): null

03-03-2025T13:42:29 - [TEST_STEP][PASSED] - n = data.getRowNumbers() + 1: null

03-03-2025T13:42:29 - [TEST_STEP][PASSED] - day = ")).toInteger(): null

03-03-2025T13:42:29 - [TEST_STEP][PASSED] - println(day): null

03-03-2025T13:42:29 - [TEST_STEP][PASSED] - month = ")).toInteger(): null

03-03-2025T13:42:29 - [TEST_STEP][PASSED] - println(month): null

03-03-2025T13:42:29 - [TEST_STEP][PASSED] - y = <not implemented yet for class: org.codehaus.groovy.ast.expr.EmptyExpression>: null

03-03-2025T13:42:29 - [TEST_STEP][PASSED] - iy = <not implemented yet for class: org.codehaus.groovy.ast.expr.EmptyExpression>: null

03-03-2025T13:42:29 - [TEST_STEP][PASSED] - m = getText(findTestObject("Выполнение бизнес-плана/Период")): Text of object 'Object Repository/Выполнение бизнес-плана/Период' is: '2024 год'

03-03-2025T13:42:29 - [MESSAGE][PASSED] - Text of object 'Object Repository/Выполнение бизнес-плана/Период' is: '2024 год'

03-03-2025T13:42:29 - [TEST_STEP][PASSED] - iy = m.indexOf("20"): null

03-03-2025T13:42:29 - [TEST_STEP][PASSED] - if (iy > -1): null

03-03-2025T13:42:29 - [TEST_STEP][PASSED] - y = substring(iy, iy + 4).toInteger(): null

03-03-2025T13:42:29 - [TEST_STEP][PASSED] - println(y): null

03-03-2025T13:42:29 - [TEST_STEP][PASSED] - if (toString().length() == 4): null

03-03-2025T13:42:29 - [TEST_STEP][PASSED] - m = m.substring(0, m.indexOf(y.toString())): null

03-03-2025T13:42:29 - [TEST_STEP][PASSED] - m = m.trim(): null

03-03-2025T13:42:29 - [TEST_STEP][PASSED] - if (m == ""): null

03-03-2025T13:42:29 - [TEST_STEP][PASSED] - m = "весь год": null

03-03-2025T13:42:29 - [TEST_STEP][PASSED] - dashboardName = "Выполнение бизнес-плана": null

03-03-2025T13:42:29 - [TEST_STEP][PASSED] - workbook01 = getWorkbook(excelFilePath): null

03-03-2025T13:42:29 - [TEST_STEP][PASSED] - sheet01 = getExcelSheet(workbook01, sheetName): null

03-03-2025T13:42:29 - [TEST_STEP][PASSED] - setValueToCellByIndex(sheet01, n, 0, dashboardName): null

03-03-2025T13:42:29 - [TEST_STEP][PASSED] - setValueToCellByIndex(sheet01, n, 1, dZO): null

03-03-2025T13:42:29 - [TEST_STEP][PASSED] - setValueToCellByIndex(sheet01, n, 2, typeOfData): null

03-03-2025T13:42:29 - [TEST_STEP][PASSED] - if (typeOfData == "Факт в процентах" || typeOfData == "План в процентах"): null

03-03-2025T13:42:29 - [TEST_STEP][PASSED] - else: null

03-03-2025T13:42:29 - [TEST_STEP][PASSED] - setValueToCellByIndex(sheet01, n, 3, fileInt): null

03-03-2025T13:42:29 - [TEST_STEP][PASSED] - setValueToCellByIndex(sheet01, n, 4, pageInt): null

03-03-2025T13:42:29 - [TEST_STEP][PASSED] - setValueToCellByIndex(sheet01, n, 5, m): null

03-03-2025T13:42:29 - [TEST_STEP][PASSED] - setValueToCellByIndex(sheet01, n, 6, y): null

03-03-2025T13:42:29 - [TEST_STEP][PASSED] - setValueToCellByIndex(sheet01, n, 7, todaysDate): null

03-03-2025T13:42:29 - [TEST_STEP][PASSED] - n = n + 1: null

03-03-2025T13:42:29 - [TEST_STEP][PASSED] - saveWorkbook(excelFilePath, workbook01): null

03-03-2025T13:42:29 - [TEST_STEP][PASSED] - if (planFact == 2): null

03-03-2025T13:42:29 - [TEST_STEP][PASSED] - if (planFact == 1): null

03-03-2025T13:42:29 - [TEST_STEP][PASSED] - else if (planFact == 2): null

03-03-2025T13:42:29 - [TEST_STEP][PASSED] - click(findTestObject("Выполнение бизнес-плана/Кнопка План")): Object: 'Object Repository/Выполнение бизнес-плана/Кнопка План' is clicked on

03-03-2025T13:42:30 - [MESSAGE][PASSED] - Object: 'Object Repository/Выполнение бизнес-плана/Кнопка План' is clicked on

03-03-2025T13:42:30 - [TEST_STEP][PASSED] - typeOfDataMain = "План": null

03-03-2025T13:42:30 - [TEST_STEP][PASSED] - otpusk = findTestData("PlanFact").getValue(2, a): null

03-03-2025T13:42:30 - [TEST_STEP][PASSED] - poteri = findTestData("PlanFact").getValue(3, a): null

03-03-2025T13:42:30 - [TEST_STEP][PASSED] - otpusk = otpusk.replaceAll("\s+", ""): null

03-03-2025T13:42:30 - [TEST_STEP][PASSED] - poteri = poteri.replaceAll("\s+", ""): null

03-03-2025T13:42:30 - [TEST_STEP][PASSED] - typeOfData = typeOfDataMain + " Отпуск в сеть": null

03-03-2025T13:42:30 - [TEST_STEP][PASSED] - if (a == 82): null

03-03-2025T13:42:30 - [TEST_STEP][PASSED] - else if (a == 84): null

03-03-2025T13:42:30 - [TEST_STEP][PASSED] - else if (a == 83 || a == 52 || a == 72 || a == 28 || a == 73 || a == 77 || a == 74 || a == 65 || a == 36 || a == 44 || a == 53 || a == 80 || a == 54 || a == 1 || a == 18 || a == 59 || a == 81): null

03-03-2025T13:42:30 - [TEST_STEP][PASSED] - else: null

03-03-2025T13:42:30 - [TEST_STEP][PASSED] - path = dataFolder + typeOfData + " за отчётный период " + b: null

03-03-2025T13:42:30 - [TEST_STEP][PASSED] - println(path): null

03-03-2025T13:42:30 - [TEST_STEP][PASSED] - page = getText(findTestObject(path)): Text of object 'Object Repository/Выполнение бизнес-плана/Значения со страницы Выполнение бизнес-плана/План Отпуск в сеть за отчётный период Курскэнерго' is: '364 521'

03-03-2025T13:42:30 - [MESSAGE][PASSED] - Text of object 'Object Repository/Выполнение бизнес-плана/Значения со страницы Выполнение бизнес-плана/План Отпуск в сеть за отчётный период Курскэнерго' is: '364 521'

03-03-2025T13:42:30 - [TEST_STEP][PASSED] - if (page == "" || page == null): null

03-03-2025T13:42:30 - [TEST_STEP][PASSED] - else: null

03-03-2025T13:42:30 - [TEST_STEP][PASSED] - page = page.replaceAll("\s+", ""): null

03-03-2025T13:42:30 - [TEST_STEP][PASSED] - fileOtpuskVSet = otpusk.toInteger(): null

03-03-2025T13:42:30 - [TEST_STEP][PASSED] - pageOtpuskVSet = page.toInteger(): null

03-03-2025T13:42:30 - [TEST_STEP][PASSED] - typeOfData = typeOfDataMain + " Потери": null

03-03-2025T13:42:30 - [TEST_STEP][PASSED] - if (a == 82): null

03-03-2025T13:42:30 - [TEST_STEP][PASSED] - else if (a == 84): null

03-03-2025T13:42:30 - [TEST_STEP][PASSED] - else if (a == 83 || a == 52 || a == 72 || a == 28 || a == 73 || a == 77 || a == 74 || a == 65 || a == 44 || a == 53 || a == 80 || a == 54 || a == 1 || a == 18 || a == 59 || a == 81): null

03-03-2025T13:42:30 - [TEST_STEP][PASSED] - else: null

03-03-2025T13:42:30 - [TEST_STEP][PASSED] - path = dataFolder + typeOfData + " за отчётный период " + b: null

03-03-2025T13:42:30 - [TEST_STEP][PASSED] - page = getText(findTestObject(path)): Text of object 'Object Repository/Выполнение бизнес-плана/Значения со страницы Выполнение бизнес-плана/План Потери за отчётный период Курскэнерго' is: '52 041'

03-03-2025T13:42:30 - [MESSAGE][PASSED] - Text of object 'Object Repository/Выполнение бизнес-плана/Значения со страницы Выполнение бизнес-плана/План Потери за отчётный период Курскэнерго' is: '52 041'

03-03-2025T13:42:30 - [TEST_STEP][PASSED] - if (page == "" || page == null): null

03-03-2025T13:42:30 - [TEST_STEP][PASSED] - else: null

03-03-2025T13:42:30 - [TEST_STEP][PASSED] - page = page.replaceAll("\s+", ""): null

03-03-2025T13:42:30 - [TEST_STEP][PASSED] - filePoteri = poteri.toInteger(): null

03-03-2025T13:42:30 - [TEST_STEP][PASSED] - pagePoteri = page.toInteger(): null

03-03-2025T13:42:30 - [TEST_STEP][PASSED] - compare = pageOtpuskVSet: null

03-03-2025T13:42:30 - [TEST_STEP][PASSED] - if (pageOtpuskVSet != null): null

03-03-2025T13:42:30 - [TEST_STEP][PASSED] - if (compare == fileOtpuskVSet): null

03-03-2025T13:42:30 - [TEST_STEP][PASSED] - else if (compare > fileOtpuskVSet): null

03-03-2025T13:42:30 - [TEST_STEP][PASSED] - else if (compare < fileOtpuskVSet): null

03-03-2025T13:42:30 - [TEST_STEP][PASSED] - compare = compare + 1: null

03-03-2025T13:42:30 - [TEST_STEP][PASSED] - if (compare == fileOtpuskVSet): null

03-03-2025T13:42:30 - [TEST_STEP][PASSED] - else: null

03-03-2025T13:42:30 - [TEST_STEP][PASSED] - numberOfErrors = numberOfErrors + 1: null

03-03-2025T13:42:30 - [TEST_STEP][PASSED] - pageInt = pageOtpuskVSet: null

03-03-2025T13:42:30 - [TEST_STEP][PASSED] - fileInt = fileOtpuskVSet: null

03-03-2025T13:42:30 - [TEST_STEP][PASSED] - typeOfData = typeOfDataMain + " Отпуск в сеть": null

03-03-2025T13:42:30 - [TEST_STEP][PASSED] - Script1718980020443.WriteToExcel(a, typeOfData, todaysDate, pageInt, fileInt, pageDouble, fileDouble, dZO): null

03-03-2025T13:42:30 - [TEST_STEP][PASSED] - sheetName = "Sheet1": null

03-03-2025T13:42:30 - [TEST_STEP][PASSED] - data = findTestData("PlanFact"): null

03-03-2025T13:42:30 - [TEST_STEP][PASSED] - n = data.getRowNumbers() + 1: null

03-03-2025T13:42:30 - [TEST_STEP][PASSED] - day = ")).toInteger(): null

03-03-2025T13:42:30 - [TEST_STEP][PASSED] - println(day): null

03-03-2025T13:42:30 - [TEST_STEP][PASSED] - month = ")).toInteger(): null

03-03-2025T13:42:30 - [TEST_STEP][PASSED] - println(month): null

03-03-2025T13:42:30 - [TEST_STEP][PASSED] - y = <not implemented yet for class: org.codehaus.groovy.ast.expr.EmptyExpression>: null

03-03-2025T13:42:30 - [TEST_STEP][PASSED] - iy = <not implemented yet for class: org.codehaus.groovy.ast.expr.EmptyExpression>: null

03-03-2025T13:42:30 - [TEST_STEP][PASSED] - m = getText(findTestObject("Выполнение бизнес-плана/Период")): Text of object 'Object Repository/Выполнение бизнес-плана/Период' is: '2024 год'

03-03-2025T13:42:31 - [MESSAGE][PASSED] - Text of object 'Object Repository/Выполнение бизнес-плана/Период' is: '2024 год'

03-03-2025T13:42:31 - [TEST_STEP][PASSED] - iy = m.indexOf("20"): null

03-03-2025T13:42:31 - [TEST_STEP][PASSED] - if (iy > -1): null

03-03-2025T13:42:31 - [TEST_STEP][PASSED] - y = substring(iy, iy + 4).toInteger(): null

03-03-2025T13:42:31 - [TEST_STEP][PASSED] - println(y): null

03-03-2025T13:42:31 - [TEST_STEP][PASSED] - if (toString().length() == 4): null

03-03-2025T13:42:31 - [TEST_STEP][PASSED] - m = m.substring(0, m.indexOf(y.toString())): null

03-03-2025T13:42:31 - [TEST_STEP][PASSED] - m = m.trim(): null

03-03-2025T13:42:31 - [TEST_STEP][PASSED] - if (m == ""): null

03-03-2025T13:42:31 - [TEST_STEP][PASSED] - m = "весь год": null

03-03-2025T13:42:31 - [TEST_STEP][PASSED] - dashboardName = "Выполнение бизнес-плана": null

03-03-2025T13:42:31 - [TEST_STEP][PASSED] - workbook01 = getWorkbook(excelFilePath): null

03-03-2025T13:42:31 - [TEST_STEP][PASSED] - sheet01 = getExcelSheet(workbook01, sheetName): null

03-03-2025T13:42:31 - [TEST_STEP][PASSED] - setValueToCellByIndex(sheet01, n, 0, dashboardName): null

03-03-2025T13:42:31 - [TEST_STEP][PASSED] - setValueToCellByIndex(sheet01, n, 1, dZO): null

03-03-2025T13:42:31 - [TEST_STEP][PASSED] - setValueToCellByIndex(sheet01, n, 2, typeOfData): null

03-03-2025T13:42:31 - [TEST_STEP][PASSED] - if (typeOfData == "Факт в процентах" || typeOfData == "План в процентах"): null

03-03-2025T13:42:31 - [TEST_STEP][PASSED] - else: null

03-03-2025T13:42:31 - [TEST_STEP][PASSED] - setValueToCellByIndex(sheet01, n, 3, fileInt): null

03-03-2025T13:42:31 - [TEST_STEP][PASSED] - setValueToCellByIndex(sheet01, n, 4, pageInt): null

03-03-2025T13:42:31 - [TEST_STEP][PASSED] - setValueToCellByIndex(sheet01, n, 5, m): null

03-03-2025T13:42:31 - [TEST_STEP][PASSED] - setValueToCellByIndex(sheet01, n, 6, y): null

03-03-2025T13:42:31 - [TEST_STEP][PASSED] - setValueToCellByIndex(sheet01, n, 7, todaysDate): null

03-03-2025T13:42:31 - [TEST_STEP][PASSED] - n = n + 1: null

03-03-2025T13:42:31 - [TEST_STEP][PASSED] - saveWorkbook(excelFilePath, workbook01): null

03-03-2025T13:42:31 - [TEST_STEP][PASSED] - compare = pagePoteri: null

03-03-2025T13:42:31 - [TEST_STEP][PASSED] - if (pageOtpuskVSet != null): null

03-03-2025T13:42:31 - [TEST_STEP][PASSED] - if (compare == filePoteri): null

03-03-2025T13:42:31 - [TEST_STEP][PASSED] - else if (compare > filePoteri): null

03-03-2025T13:42:31 - [TEST_STEP][PASSED] - else if (compare < filePoteri): null

03-03-2025T13:42:31 - [TEST_STEP][PASSED] - compare = compare + 1: null

03-03-2025T13:42:31 - [TEST_STEP][PASSED] - if (compare == filePoteri): null

03-03-2025T13:42:31 - [TEST_STEP][PASSED] - else: null

03-03-2025T13:42:31 - [TEST_STEP][PASSED] - numberOfErrors = numberOfErrors + 1: null

03-03-2025T13:42:31 - [TEST_STEP][PASSED] - pageInt = pagePoteri: null

03-03-2025T13:42:31 - [TEST_STEP][PASSED] - fileInt = filePoteri: null

03-03-2025T13:42:31 - [TEST_STEP][PASSED] - typeOfData = typeOfDataMain + " Потери": null

03-03-2025T13:42:31 - [TEST_STEP][PASSED] - Script1718980020443.WriteToExcel(a, typeOfData, todaysDate, pageInt, fileInt, pageDouble, fileDouble, dZO): null

03-03-2025T13:42:31 - [TEST_STEP][PASSED] - sheetName = "Sheet1": null

03-03-2025T13:42:31 - [TEST_STEP][PASSED] - data = findTestData("PlanFact"): null

03-03-2025T13:42:31 - [TEST_STEP][PASSED] - n = data.getRowNumbers() + 1: null

03-03-2025T13:42:31 - [TEST_STEP][PASSED] - day = ")).toInteger(): null

03-03-2025T13:42:31 - [TEST_STEP][PASSED] - println(day): null

03-03-2025T13:42:31 - [TEST_STEP][PASSED] - month = ")).toInteger(): null

03-03-2025T13:42:31 - [TEST_STEP][PASSED] - println(month): null

03-03-2025T13:42:31 - [TEST_STEP][PASSED] - y = <not implemented yet for class: org.codehaus.groovy.ast.expr.EmptyExpression>: null

03-03-2025T13:42:31 - [TEST_STEP][PASSED] - iy = <not implemented yet for class: org.codehaus.groovy.ast.expr.EmptyExpression>: null

03-03-2025T13:42:31 - [TEST_STEP][PASSED] - m = getText(findTestObject("Выполнение бизнес-плана/Период")): Text of object 'Object Repository/Выполнение бизнес-плана/Период' is: '2024 год'

03-03-2025T13:42:31 - [MESSAGE][PASSED] - Text of object 'Object Repository/Выполнение бизнес-плана/Период' is: '2024 год'

03-03-2025T13:42:31 - [TEST_STEP][PASSED] - iy = m.indexOf("20"): null

03-03-2025T13:42:31 - [TEST_STEP][PASSED] - if (iy > -1): null

03-03-2025T13:42:31 - [TEST_STEP][PASSED] - y = substring(iy, iy + 4).toInteger(): null

03-03-2025T13:42:31 - [TEST_STEP][PASSED] - println(y): null

03-03-2025T13:42:31 - [TEST_STEP][PASSED] - if (toString().length() == 4): null

03-03-2025T13:42:31 - [TEST_STEP][PASSED] - m = m.substring(0, m.indexOf(y.toString())): null

03-03-2025T13:42:31 - [TEST_STEP][PASSED] - m = m.trim(): null

03-03-2025T13:42:31 - [TEST_STEP][PASSED] - if (m == ""): null

03-03-2025T13:42:31 - [TEST_STEP][PASSED] - m = "весь год": null

03-03-2025T13:42:31 - [TEST_STEP][PASSED] - dashboardName = "Выполнение бизнес-плана": null

03-03-2025T13:42:31 - [TEST_STEP][PASSED] - workbook01 = getWorkbook(excelFilePath): null

03-03-2025T13:42:31 - [TEST_STEP][PASSED] - sheet01 = getExcelSheet(workbook01, sheetName): null

03-03-2025T13:42:31 - [TEST_STEP][PASSED] - setValueToCellByIndex(sheet01, n, 0, dashboardName): null

03-03-2025T13:42:31 - [TEST_STEP][PASSED] - setValueToCellByIndex(sheet01, n, 1, dZO): null

03-03-2025T13:42:31 - [TEST_STEP][PASSED] - setValueToCellByIndex(sheet01, n, 2, typeOfData): null

03-03-2025T13:42:31 - [TEST_STEP][PASSED] - if (typeOfData == "Факт в процентах" || typeOfData == "План в процентах"): null

03-03-2025T13:42:31 - [TEST_STEP][PASSED] - else: null

03-03-2025T13:42:31 - [TEST_STEP][PASSED] - setValueToCellByIndex(sheet01, n, 3, fileInt): null

03-03-2025T13:42:31 - [TEST_STEP][PASSED] - setValueToCellByIndex(sheet01, n, 4, pageInt): null

03-03-2025T13:42:31 - [TEST_STEP][PASSED] - setValueToCellByIndex(sheet01, n, 5, m): null

03-03-2025T13:42:31 - [TEST_STEP][PASSED] - setValueToCellByIndex(sheet01, n, 6, y): null

03-03-2025T13:42:31 - [TEST_STEP][PASSED] - setValueToCellByIndex(sheet01, n, 7, todaysDate): null

03-03-2025T13:42:31 - [TEST_STEP][PASSED] - n = n + 1: null

03-03-2025T13:42:31 - [TEST_STEP][PASSED] - saveWorkbook(excelFilePath, workbook01): Object: 'Object Repository/Выполнение бизнес-плана/Кнопка Факт' is clicked on

03-03-2025T13:42:32 - [TEST_STEP][PASSED] - if (planFact == 2): Object: 'Object Repository/Выполнение бизнес-плана/Кнопка Факт' is clicked on

03-03-2025T13:42:32 - [TEST_STEP][PASSED] - click(findTestObject("Выполнение бизнес-плана/Кнопка Факт")): Object: 'Object Repository/Выполнение бизнес-плана/Кнопка Факт' is clicked on

03-03-2025T13:42:32 - [MESSAGE][PASSED] - Object: 'Object Repository/Выполнение бизнес-плана/Кнопка Факт' is clicked on

03-03-2025T13:42:32 - [TEST_STEP][PASSED] - println("a=" + a): null

03-03-2025T13:42:32 - [TEST_STEP][PASSED] - if (a == 84 || a == 82): null

03-03-2025T13:42:32 - [TEST_STEP][PASSED] - else if (a == 83 || a == 52 || a == 72 || a == 28 || a == 73 || a == 77 || a == 74 || a == 65 || a == 36 || a == 44 || a == 53 || a == 80 || a == 54 || a == 1 || a == 18 || a == 59 || a == 81): null

03-03-2025T13:42:32 - [TEST_STEP][PASSED] - else: null

03-03-2025T13:42:32 - [TEST_STEP][PASSED] - page1 = getText(findTestObject("Object Repository/Выполнение бизнес-плана/spanPlan" + filialNum)): Text of object 'Object Repository/Выполнение бизнес-плана/spanPlan8' is: '11.28
|'

03-03-2025T13:42:32 - [MESSAGE][PASSED] - Text of object 'Object Repository/Выполнение бизнес-плана/spanPlan8' is: '11.28
|'

03-03-2025T13:42:32 - [TEST_STEP][PASSED] - page1 = page1.replace("|", ""): null

03-03-2025T13:42:32 - [TEST_STEP][PASSED] - page2 = getText(findTestObject("Object Repository/Выполнение бизнес-плана/spanFact" + filialNum)): Text of object 'Object Repository/Выполнение бизнес-плана/spanFact8' is: '10.16
|'

03-03-2025T13:42:32 - [MESSAGE][PASSED] - Text of object 'Object Repository/Выполнение бизнес-плана/spanFact8' is: '10.16
|'

03-03-2025T13:42:32 - [TEST_STEP][PASSED] - page2 = page2.replace("|", ""): null

03-03-2025T13:42:32 - [TEST_STEP][PASSED] - println("page1: " + page1): null

03-03-2025T13:42:32 - [TEST_STEP][PASSED] - println("page2: " + page2): null

03-03-2025T13:42:32 - [TEST_STEP][PASSED] - file = findTestData("PlanFact").getValue(4, a): null

03-03-2025T13:42:32 - [TEST_STEP][PASSED] - file = file.replace(",", "."): null

03-03-2025T13:42:32 - [TEST_STEP][PASSED] - println("file Plan: " + file): null

03-03-2025T13:42:32 - [TEST_STEP][PASSED] - typeOfData = "План в процентах": null

03-03-2025T13:42:32 - [TEST_STEP][PASSED] - fileDouble = file.toDouble(): null

03-03-2025T13:42:32 - [TEST_STEP][PASSED] - pageDouble = page1.toDouble(): null

03-03-2025T13:42:32 - [TEST_STEP][PASSED] - if (fileDouble != pageDouble): null

03-03-2025T13:42:32 - [TEST_STEP][PASSED] - file = findTestData("PlanFact").getValue(7, a): null

03-03-2025T13:42:33 - [TEST_STEP][PASSED] - file = file.replace(",", "."): null

03-03-2025T13:42:33 - [TEST_STEP][PASSED] - println("file Fact: " + file): null

03-03-2025T13:42:33 - [TEST_STEP][PASSED] - fileDouble = file.toDouble(): null

03-03-2025T13:42:33 - [TEST_STEP][PASSED] - typeOfData = "Факт в процентах": null

03-03-2025T13:42:33 - [TEST_STEP][PASSED] - fileDouble = file.toDouble(): null

03-03-2025T13:42:33 - [TEST_STEP][PASSED] - pageDouble = page2.toDouble(): null

03-03-2025T13:42:33 - [TEST_STEP][PASSED] - if (fileDouble != pageDouble): null

03-03-2025T13:42:33 - [TEST_STEP][FAILED] - if (verifyEqual(numberOfErrors, 0) == false): null

03-03-2025T13:42:33 - [MESSAGE][FAILED] - Unable to verify equal between actual object '4' and expected object '0' (Root cause: com.kms.katalon.core.exception.StepFailedException: Actual object '4' and expected object '0' are not equal
	at com.kms.katalon.core.keyword.builtin.VerifyEqualKeyword$_verifyEqual_closure1.doCall(VerifyEqualKeyword.groovy:58)
	at com.kms.katalon.core.keyword.builtin.VerifyEqualKeyword$_verifyEqual_closure1.call(VerifyEqualKeyword.groovy)
	at com.kms.katalon.core.keyword.internal.KeywordMain.runKeyword(KeywordMain.groovy:75)
	at com.kms.katalon.core.keyword.builtin.VerifyEqualKeyword.verifyEqual(VerifyEqualKeyword.groovy:63)
	at com.kms.katalon.core.keyword.builtin.VerifyEqualKeyword.execute(VerifyEqualKeyword.groovy:44)
	at com.kms.katalon.core.keyword.internal.KeywordExecutor.executeKeywordForPlatform(KeywordExecutor.groovy:74)
	at com.kms.katalon.core.keyword.BuiltinKeywords.verifyEqual(BuiltinKeywords.groovy:146)
	at jdk.internal.reflect.GeneratedMethodAccessor24.invoke(Unknown Source)
	at java.base/jdk.internal.reflect.DelegatingMethodAccessorImpl.invoke(DelegatingMethodAccessorImpl.java:43)
	at Выполнение бизнес-плана Сверка ПАО Россети все филиалы.Numbers(Выполнение бизнес-плана Сверка ПАО Россети все филиалы:736)
	at Выполнение бизнес-плана Сверка ПАО Россети все филиалы.Filials(Выполнение бизнес-плана Сверка ПАО Россети все филиалы:1251)
	at Выполнение бизнес-плана Сверка ПАО Россети все филиалы.Numbers(Выполнение бизнес-плана Сверка ПАО Россети все филиалы:743)
	at Выполнение бизнес-плана Сверка ПАО Россети все филиалы.run(Выполнение бизнес-плана Сверка ПАО Россети все филиалы:364)
	at com.kms.katalon.core.main.ScriptEngine.run(ScriptEngine.java:194)
	at com.kms.katalon.core.main.ScriptEngine.runScriptAsRawText(ScriptEngine.java:119)
	at com.kms.katalon.core.main.TestCaseExecutor.runScript(TestCaseExecutor.java:448)
	at com.kms.katalon.core.main.TestCaseExecutor.doExecute(TestCaseExecutor.java:439)
	at com.kms.katalon.core.main.TestCaseExecutor.processExecutionPhase(TestCaseExecutor.java:418)
	at com.kms.katalon.core.main.TestCaseExecutor.accessMainPhase(TestCaseExecutor.java:410)
	at com.kms.katalon.core.main.TestCaseExecutor.execute(TestCaseExecutor.java:285)
	at com.kms.katalon.core.common.CommonExecutor.accessTestCaseMainPhase(CommonExecutor.java:65)
	at com.kms.katalon.core.main.TestSuiteExecutor.accessTestSuiteMainPhase(TestSuiteExecutor.java:150)
	at com.kms.katalon.core.main.TestSuiteExecutor.execute(TestSuiteExecutor.java:106)
	at com.kms.katalon.core.main.TestCaseMain.startTestSuite(TestCaseMain.java:180)
	at TempTestSuite1740991900055.run(TempTestSuite1740991900055.groovy:35)
	at java.base/jdk.internal.reflect.NativeMethodAccessorImpl.invoke0(Native Method)
	at java.base/jdk.internal.reflect.NativeMethodAccessorImpl.invoke(NativeMethodAccessorImpl.java:77)
	at java.base/jdk.internal.reflect.DelegatingMethodAccessorImpl.invoke(DelegatingMethodAccessorImpl.java:43)
)

03-03-2025T13:42:33 - [TEST_STEP][PASSED] - println(numberOfErrors): null

03-03-2025T13:42:33 - [TEST_STEP][PASSED] - println("a=" + a): null

03-03-2025T13:42:33 - [TEST_STEP][PASSED] - if (a == 28 || a == 77 || a == 74 || a == 65 || a == 36 || a == 44 || a == 54 || a == 1 || a == 18 || a == 59): null

03-03-2025T13:42:33 - [TEST_STEP][PASSED] - if (a == 82): null

03-03-2025T13:42:33 - [TEST_STEP][PASSED] - dZO = "Липецкэнерго": null

03-03-2025T13:42:33 - [TEST_STEP][PASSED] - a = 7: null

03-03-2025T13:42:33 - [TEST_STEP][PASSED] - if (x2.contains(dZO)): null

03-03-2025T13:42:33 - [TEST_STEP][PASSED] - filialNum = filialNum + 1: null

03-03-2025T13:42:33 - [TEST_STEP][PASSED] - Script1718980020443.Numbers(a, typeOfData, todaysDate, pageInt, fileInt, pageDouble, fileDouble, dZO, dzoNum, filialNum): null

03-03-2025T13:42:33 - [TEST_STEP][PASSED] - println(dzoNum): null

03-03-2025T13:42:33 - [TEST_STEP][PASSED] - planFact = <not implemented yet for class: org.codehaus.groovy.ast.expr.EmptyExpression>: null

03-03-2025T13:42:33 - [TEST_STEP][PASSED] - page = <not implemented yet for class: org.codehaus.groovy.ast.expr.EmptyExpression>: null

03-03-2025T13:42:33 - [TEST_STEP][PASSED] - page1 = <not implemented yet for class: org.codehaus.groovy.ast.expr.EmptyExpression>: null

03-03-2025T13:42:33 - [TEST_STEP][PASSED] - page2 = <not implemented yet for class: org.codehaus.groovy.ast.expr.EmptyExpression>: null

03-03-2025T13:42:33 - [TEST_STEP][PASSED] - filialNumberInRow = <not implemented yet for class: org.codehaus.groovy.ast.expr.EmptyExpression>: null

03-03-2025T13:42:33 - [TEST_STEP][PASSED] - filialsDzoNames = <not implemented yet for class: org.codehaus.groovy.ast.expr.EmptyExpression>: null

03-03-2025T13:42:33 - [TEST_STEP][PASSED] - numberOfFilials = <not implemented yet for class: org.codehaus.groovy.ast.expr.EmptyExpression>: null

03-03-2025T13:42:33 - [TEST_STEP][PASSED] - numberOfSpaces = <not implemented yet for class: org.codehaus.groovy.ast.expr.EmptyExpression>: null

03-03-2025T13:42:33 - [TEST_STEP][PASSED] - file = <not implemented yet for class: org.codehaus.groovy.ast.expr.EmptyExpression>: null

03-03-2025T13:42:33 - [TEST_STEP][PASSED] - otpusk = <not implemented yet for class: org.codehaus.groovy.ast.expr.EmptyExpression>: null

03-03-2025T13:42:33 - [TEST_STEP][PASSED] - poteri = <not implemented yet for class: org.codehaus.groovy.ast.expr.EmptyExpression>: null

03-03-2025T13:42:33 - [TEST_STEP][PASSED] - dataFolder = "Выполнение бизнес-плана/Значения со страницы Выполнение бизнес-плана/": null

03-03-2025T13:42:33 - [TEST_STEP][PASSED] - path = <not implemented yet for class: org.codehaus.groovy.ast.expr.EmptyExpression>: null

03-03-2025T13:42:33 - [TEST_STEP][PASSED] - typeOfDataMain = <not implemented yet for class: org.codehaus.groovy.ast.expr.EmptyExpression>: null

03-03-2025T13:42:33 - [TEST_STEP][PASSED] - fileOtpuskVSet = <not implemented yet for class: org.codehaus.groovy.ast.expr.EmptyExpression>: null

03-03-2025T13:42:33 - [TEST_STEP][PASSED] - pageOtpuskVSet = <not implemented yet for class: org.codehaus.groovy.ast.expr.EmptyExpression>: null

03-03-2025T13:42:33 - [TEST_STEP][PASSED] - filePoteri = <not implemented yet for class: org.codehaus.groovy.ast.expr.EmptyExpression>: null

03-03-2025T13:42:33 - [TEST_STEP][PASSED] - pagePoteri = <not implemented yet for class: org.codehaus.groovy.ast.expr.EmptyExpression>: null

03-03-2025T13:42:33 - [TEST_STEP][PASSED] - compare = <not implemented yet for class: org.codehaus.groovy.ast.expr.EmptyExpression>: null

03-03-2025T13:42:33 - [TEST_STEP][PASSED] - b = <not implemented yet for class: org.codehaus.groovy.ast.expr.EmptyExpression>: null

03-03-2025T13:42:33 - [TEST_STEP][PASSED] - i = <not implemented yet for class: org.codehaus.groovy.ast.expr.EmptyExpression>: null

03-03-2025T13:42:33 - [TEST_STEP][PASSED] - ii = <not implemented yet for class: org.codehaus.groovy.ast.expr.EmptyExpression>: null

03-03-2025T13:42:33 - [TEST_STEP][PASSED] - c = <not implemented yet for class: org.codehaus.groovy.ast.expr.EmptyExpression>: null

03-03-2025T13:42:33 - [TEST_STEP][PASSED] - numberOfErrors = 0: null

03-03-2025T13:42:33 - [TEST_STEP][PASSED] - if (a == 82): null

03-03-2025T13:42:33 - [TEST_STEP][PASSED] - b = findTestData("PlanFact").getValue(1, a): null

03-03-2025T13:42:33 - [TEST_STEP][PASSED] - i = b.indexOf(" (ГК)"): null

03-03-2025T13:42:33 - [TEST_STEP][PASSED] - if (i > -1): null

03-03-2025T13:42:33 - [TEST_STEP][PASSED] - i = b.indexOf("О ""): null

03-03-2025T13:42:33 - [TEST_STEP][PASSED] - if (i > -1): null

03-03-2025T13:42:33 - [TEST_STEP][PASSED] - i = b.indexOf("О «"): null

03-03-2025T13:42:33 - [TEST_STEP][PASSED] - if (i > -1): null

03-03-2025T13:42:33 - [TEST_STEP][PASSED] - i = b.indexOf("г. "): null

03-03-2025T13:42:33 - [TEST_STEP][PASSED] - if (i > -1): null

03-03-2025T13:42:33 - [TEST_STEP][PASSED] - b = b.trim(): null

03-03-2025T13:42:33 - [TEST_STEP][PASSED] - println(b): null

03-03-2025T13:42:33 - [TEST_STEP][PASSED] - for ([planFact = 1, planFact < 3, (planFact++)]): null

03-03-2025T13:42:33 - [TEST_STEP][PASSED] - if (planFact == 1): null

03-03-2025T13:42:33 - [TEST_STEP][PASSED] - typeOfDataMain = "Факт": null

03-03-2025T13:42:33 - [TEST_STEP][PASSED] - otpusk = findTestData("PlanFact").getValue(5, a): null

03-03-2025T13:42:33 - [TEST_STEP][PASSED] - poteri = findTestData("PlanFact").getValue(6, a): null

03-03-2025T13:42:33 - [TEST_STEP][PASSED] - otpusk = otpusk.replaceAll("\s+", ""): null

03-03-2025T13:42:33 - [TEST_STEP][PASSED] - poteri = poteri.replaceAll("\s+", ""): null

03-03-2025T13:42:33 - [TEST_STEP][PASSED] - typeOfData = typeOfDataMain + " Отпуск в сеть": null

03-03-2025T13:42:33 - [TEST_STEP][PASSED] - if (a == 82): null

03-03-2025T13:42:33 - [TEST_STEP][PASSED] - else if (a == 84): null

03-03-2025T13:42:33 - [TEST_STEP][PASSED] - else if (a == 83 || a == 52 || a == 72 || a == 28 || a == 73 || a == 77 || a == 74 || a == 65 || a == 36 || a == 44 || a == 53 || a == 80 || a == 54 || a == 1 || a == 18 || a == 59 || a == 81): null

03-03-2025T13:42:33 - [TEST_STEP][PASSED] - else: null

03-03-2025T13:42:33 - [TEST_STEP][PASSED] - path = dataFolder + typeOfData + " за отчётный период " + b: null

03-03-2025T13:42:33 - [TEST_STEP][PASSED] - println(path): null

03-03-2025T13:42:33 - [TEST_STEP][PASSED] - page = getText(findTestObject(path)): Text of object 'Object Repository/Выполнение бизнес-плана/Значения со страницы Выполнение бизнес-плана/Факт Отпуск в сеть за отчётный период Липецкэнерго' is: '493 858'

03-03-2025T13:42:33 - [MESSAGE][PASSED] - Text of object 'Object Repository/Выполнение бизнес-плана/Значения со страницы Выполнение бизнес-плана/Факт Отпуск в сеть за отчётный период Липецкэнерго' is: '493 858'

03-03-2025T13:42:33 - [TEST_STEP][PASSED] - if (page == "" || page == null): null

03-03-2025T13:42:33 - [TEST_STEP][PASSED] - else: null

03-03-2025T13:42:33 - [TEST_STEP][PASSED] - page = page.replaceAll("\s+", ""): null

03-03-2025T13:42:33 - [TEST_STEP][PASSED] - fileOtpuskVSet = otpusk.toInteger(): null

03-03-2025T13:42:33 - [TEST_STEP][PASSED] - pageOtpuskVSet = page.toInteger(): null

03-03-2025T13:42:33 - [TEST_STEP][PASSED] - typeOfData = typeOfDataMain + " Потери": null

03-03-2025T13:42:33 - [TEST_STEP][PASSED] - if (a == 82): null

03-03-2025T13:42:33 - [TEST_STEP][PASSED] - else if (a == 84): null

03-03-2025T13:42:33 - [TEST_STEP][PASSED] - else if (a == 83 || a == 52 || a == 72 || a == 28 || a == 73 || a == 77 || a == 74 || a == 65 || a == 44 || a == 53 || a == 80 || a == 54 || a == 1 || a == 18 || a == 59 || a == 81): null

03-03-2025T13:42:33 - [TEST_STEP][PASSED] - else: null

03-03-2025T13:42:33 - [TEST_STEP][PASSED] - path = dataFolder + typeOfData + " за отчётный период " + b: null

03-03-2025T13:42:33 - [TEST_STEP][PASSED] - page = getText(findTestObject(path)): Text of object 'Object Repository/Выполнение бизнес-плана/Значения со страницы Выполнение бизнес-плана/Факт Потери за отчётный период Липецкэнерго' is: '95 190'

03-03-2025T13:42:33 - [MESSAGE][PASSED] - Text of object 'Object Repository/Выполнение бизнес-плана/Значения со страницы Выполнение бизнес-плана/Факт Потери за отчётный период Липецкэнерго' is: '95 190'

03-03-2025T13:42:33 - [TEST_STEP][PASSED] - if (page == "" || page == null): null

03-03-2025T13:42:33 - [TEST_STEP][PASSED] - else: null

03-03-2025T13:42:33 - [TEST_STEP][PASSED] - page = page.replaceAll("\s+", ""): null

03-03-2025T13:42:33 - [TEST_STEP][PASSED] - filePoteri = poteri.toInteger(): null

03-03-2025T13:42:33 - [TEST_STEP][PASSED] - pagePoteri = page.toInteger(): null

03-03-2025T13:42:33 - [TEST_STEP][PASSED] - compare = pageOtpuskVSet: null

03-03-2025T13:42:33 - [TEST_STEP][PASSED] - if (pageOtpuskVSet != null): null

03-03-2025T13:42:33 - [TEST_STEP][PASSED] - if (compare == fileOtpuskVSet): null

03-03-2025T13:42:33 - [TEST_STEP][PASSED] - else if (compare > fileOtpuskVSet): null

03-03-2025T13:42:33 - [TEST_STEP][PASSED] - else if (compare < fileOtpuskVSet): null

03-03-2025T13:42:33 - [TEST_STEP][PASSED] - compare = compare + 1: null

03-03-2025T13:42:33 - [TEST_STEP][PASSED] - if (compare == fileOtpuskVSet): null

03-03-2025T13:42:33 - [TEST_STEP][PASSED] - else: null

03-03-2025T13:42:33 - [TEST_STEP][PASSED] - numberOfErrors = numberOfErrors + 1: null

03-03-2025T13:42:33 - [TEST_STEP][PASSED] - pageInt = pageOtpuskVSet: null

03-03-2025T13:42:33 - [TEST_STEP][PASSED] - fileInt = fileOtpuskVSet: null

03-03-2025T13:42:33 - [TEST_STEP][PASSED] - typeOfData = typeOfDataMain + " Отпуск в сеть": null

03-03-2025T13:42:33 - [TEST_STEP][PASSED] - Script1718980020443.WriteToExcel(a, typeOfData, todaysDate, pageInt, fileInt, pageDouble, fileDouble, dZO): null

03-03-2025T13:42:33 - [TEST_STEP][PASSED] - sheetName = "Sheet1": null

03-03-2025T13:42:33 - [TEST_STEP][PASSED] - data = findTestData("PlanFact"): null

03-03-2025T13:42:33 - [TEST_STEP][PASSED] - n = data.getRowNumbers() + 1: null

03-03-2025T13:42:33 - [TEST_STEP][PASSED] - day = ")).toInteger(): null

03-03-2025T13:42:33 - [TEST_STEP][PASSED] - println(day): null

03-03-2025T13:42:33 - [TEST_STEP][PASSED] - month = ")).toInteger(): null

03-03-2025T13:42:33 - [TEST_STEP][PASSED] - println(month): null

03-03-2025T13:42:33 - [TEST_STEP][PASSED] - y = <not implemented yet for class: org.codehaus.groovy.ast.expr.EmptyExpression>: null

03-03-2025T13:42:33 - [TEST_STEP][PASSED] - iy = <not implemented yet for class: org.codehaus.groovy.ast.expr.EmptyExpression>: null

03-03-2025T13:42:33 - [TEST_STEP][PASSED] - m = getText(findTestObject("Выполнение бизнес-плана/Период")): Text of object 'Object Repository/Выполнение бизнес-плана/Период' is: '2024 год'

03-03-2025T13:42:34 - [MESSAGE][PASSED] - Text of object 'Object Repository/Выполнение бизнес-плана/Период' is: '2024 год'

03-03-2025T13:42:34 - [TEST_STEP][PASSED] - iy = m.indexOf("20"): null

03-03-2025T13:42:34 - [TEST_STEP][PASSED] - if (iy > -1): null

03-03-2025T13:42:34 - [TEST_STEP][PASSED] - y = substring(iy, iy + 4).toInteger(): null

03-03-2025T13:42:34 - [TEST_STEP][PASSED] - println(y): null

03-03-2025T13:42:34 - [TEST_STEP][PASSED] - if (toString().length() == 4): null

03-03-2025T13:42:34 - [TEST_STEP][PASSED] - m = m.substring(0, m.indexOf(y.toString())): null

03-03-2025T13:42:34 - [TEST_STEP][PASSED] - m = m.trim(): null

03-03-2025T13:42:34 - [TEST_STEP][PASSED] - if (m == ""): null

03-03-2025T13:42:34 - [TEST_STEP][PASSED] - m = "весь год": null

03-03-2025T13:42:34 - [TEST_STEP][PASSED] - dashboardName = "Выполнение бизнес-плана": null

03-03-2025T13:42:34 - [TEST_STEP][PASSED] - workbook01 = getWorkbook(excelFilePath): null

03-03-2025T13:42:34 - [TEST_STEP][PASSED] - sheet01 = getExcelSheet(workbook01, sheetName): null

03-03-2025T13:42:34 - [TEST_STEP][PASSED] - setValueToCellByIndex(sheet01, n, 0, dashboardName): null

03-03-2025T13:42:34 - [TEST_STEP][PASSED] - setValueToCellByIndex(sheet01, n, 1, dZO): null

03-03-2025T13:42:34 - [TEST_STEP][PASSED] - setValueToCellByIndex(sheet01, n, 2, typeOfData): null

03-03-2025T13:42:34 - [TEST_STEP][PASSED] - if (typeOfData == "Факт в процентах" || typeOfData == "План в процентах"): null

03-03-2025T13:42:34 - [TEST_STEP][PASSED] - else: null

03-03-2025T13:42:34 - [TEST_STEP][PASSED] - setValueToCellByIndex(sheet01, n, 3, fileInt): null

03-03-2025T13:42:34 - [TEST_STEP][PASSED] - setValueToCellByIndex(sheet01, n, 4, pageInt): null

03-03-2025T13:42:34 - [TEST_STEP][PASSED] - setValueToCellByIndex(sheet01, n, 5, m): null

03-03-2025T13:42:34 - [TEST_STEP][PASSED] - setValueToCellByIndex(sheet01, n, 6, y): null

03-03-2025T13:42:34 - [TEST_STEP][PASSED] - setValueToCellByIndex(sheet01, n, 7, todaysDate): null

03-03-2025T13:42:34 - [TEST_STEP][PASSED] - n = n + 1: null

03-03-2025T13:42:34 - [TEST_STEP][PASSED] - saveWorkbook(excelFilePath, workbook01): null

03-03-2025T13:42:34 - [TEST_STEP][PASSED] - compare = pagePoteri: null

03-03-2025T13:42:34 - [TEST_STEP][PASSED] - if (pageOtpuskVSet != null): null

03-03-2025T13:42:34 - [TEST_STEP][PASSED] - if (compare == filePoteri): null

03-03-2025T13:42:34 - [TEST_STEP][PASSED] - else if (compare > filePoteri): null

03-03-2025T13:42:34 - [TEST_STEP][PASSED] - else if (compare < filePoteri): null

03-03-2025T13:42:34 - [TEST_STEP][PASSED] - compare = compare + 1: null

03-03-2025T13:42:34 - [TEST_STEP][PASSED] - if (compare == filePoteri): null

03-03-2025T13:42:34 - [TEST_STEP][PASSED] - else: null

03-03-2025T13:42:34 - [TEST_STEP][PASSED] - numberOfErrors = numberOfErrors + 1: null

03-03-2025T13:42:34 - [TEST_STEP][PASSED] - pageInt = pagePoteri: null

03-03-2025T13:42:34 - [TEST_STEP][PASSED] - fileInt = filePoteri: null

03-03-2025T13:42:34 - [TEST_STEP][PASSED] - typeOfData = typeOfDataMain + " Потери": null

03-03-2025T13:42:34 - [TEST_STEP][PASSED] - Script1718980020443.WriteToExcel(a, typeOfData, todaysDate, pageInt, fileInt, pageDouble, fileDouble, dZO): null

03-03-2025T13:42:34 - [TEST_STEP][PASSED] - sheetName = "Sheet1": null

03-03-2025T13:42:34 - [TEST_STEP][PASSED] - data = findTestData("PlanFact"): null

03-03-2025T13:42:34 - [TEST_STEP][PASSED] - n = data.getRowNumbers() + 1: null

03-03-2025T13:42:34 - [TEST_STEP][PASSED] - day = ")).toInteger(): null

03-03-2025T13:42:34 - [TEST_STEP][PASSED] - println(day): null

03-03-2025T13:42:34 - [TEST_STEP][PASSED] - month = ")).toInteger(): null

03-03-2025T13:42:34 - [TEST_STEP][PASSED] - println(month): null

03-03-2025T13:42:34 - [TEST_STEP][PASSED] - y = <not implemented yet for class: org.codehaus.groovy.ast.expr.EmptyExpression>: null

03-03-2025T13:42:34 - [TEST_STEP][PASSED] - iy = <not implemented yet for class: org.codehaus.groovy.ast.expr.EmptyExpression>: null

03-03-2025T13:42:34 - [TEST_STEP][PASSED] - m = getText(findTestObject("Выполнение бизнес-плана/Период")): Text of object 'Object Repository/Выполнение бизнес-плана/Период' is: '2024 год'

03-03-2025T13:42:34 - [MESSAGE][PASSED] - Text of object 'Object Repository/Выполнение бизнес-плана/Период' is: '2024 год'

03-03-2025T13:42:34 - [TEST_STEP][PASSED] - iy = m.indexOf("20"): null

03-03-2025T13:42:34 - [TEST_STEP][PASSED] - if (iy > -1): null

03-03-2025T13:42:34 - [TEST_STEP][PASSED] - y = substring(iy, iy + 4).toInteger(): null

03-03-2025T13:42:34 - [TEST_STEP][PASSED] - println(y): null

03-03-2025T13:42:34 - [TEST_STEP][PASSED] - if (toString().length() == 4): null

03-03-2025T13:42:34 - [TEST_STEP][PASSED] - m = m.substring(0, m.indexOf(y.toString())): null

03-03-2025T13:42:34 - [TEST_STEP][PASSED] - m = m.trim(): null

03-03-2025T13:42:34 - [TEST_STEP][PASSED] - if (m == ""): null

03-03-2025T13:42:34 - [TEST_STEP][PASSED] - m = "весь год": null

03-03-2025T13:42:34 - [TEST_STEP][PASSED] - dashboardName = "Выполнение бизнес-плана": null

03-03-2025T13:42:34 - [TEST_STEP][PASSED] - workbook01 = getWorkbook(excelFilePath): null

03-03-2025T13:42:34 - [TEST_STEP][PASSED] - sheet01 = getExcelSheet(workbook01, sheetName): null

03-03-2025T13:42:34 - [TEST_STEP][PASSED] - setValueToCellByIndex(sheet01, n, 0, dashboardName): null

03-03-2025T13:42:34 - [TEST_STEP][PASSED] - setValueToCellByIndex(sheet01, n, 1, dZO): null

03-03-2025T13:42:34 - [TEST_STEP][PASSED] - setValueToCellByIndex(sheet01, n, 2, typeOfData): null

03-03-2025T13:42:34 - [TEST_STEP][PASSED] - if (typeOfData == "Факт в процентах" || typeOfData == "План в процентах"): null

03-03-2025T13:42:34 - [TEST_STEP][PASSED] - else: null

03-03-2025T13:42:34 - [TEST_STEP][PASSED] - setValueToCellByIndex(sheet01, n, 3, fileInt): null

03-03-2025T13:42:34 - [TEST_STEP][PASSED] - setValueToCellByIndex(sheet01, n, 4, pageInt): null

03-03-2025T13:42:34 - [TEST_STEP][PASSED] - setValueToCellByIndex(sheet01, n, 5, m): null

03-03-2025T13:42:34 - [TEST_STEP][PASSED] - setValueToCellByIndex(sheet01, n, 6, y): null

03-03-2025T13:42:34 - [TEST_STEP][PASSED] - setValueToCellByIndex(sheet01, n, 7, todaysDate): null

03-03-2025T13:42:34 - [TEST_STEP][PASSED] - n = n + 1: null

03-03-2025T13:42:34 - [TEST_STEP][PASSED] - saveWorkbook(excelFilePath, workbook01): null

03-03-2025T13:42:35 - [TEST_STEP][PASSED] - if (planFact == 2): null

03-03-2025T13:42:35 - [TEST_STEP][PASSED] - if (planFact == 1): null

03-03-2025T13:42:35 - [TEST_STEP][PASSED] - else if (planFact == 2): null

03-03-2025T13:42:35 - [TEST_STEP][PASSED] - click(findTestObject("Выполнение бизнес-плана/Кнопка План")): Object: 'Object Repository/Выполнение бизнес-плана/Кнопка План' is clicked on

03-03-2025T13:42:35 - [MESSAGE][PASSED] - Object: 'Object Repository/Выполнение бизнес-плана/Кнопка План' is clicked on

03-03-2025T13:42:35 - [TEST_STEP][PASSED] - typeOfDataMain = "План": null

03-03-2025T13:42:35 - [TEST_STEP][PASSED] - otpusk = findTestData("PlanFact").getValue(2, a): null

03-03-2025T13:42:35 - [TEST_STEP][PASSED] - poteri = findTestData("PlanFact").getValue(3, a): null

03-03-2025T13:42:35 - [TEST_STEP][PASSED] - otpusk = otpusk.replaceAll("\s+", ""): null

03-03-2025T13:42:35 - [TEST_STEP][PASSED] - poteri = poteri.replaceAll("\s+", ""): null

03-03-2025T13:42:35 - [TEST_STEP][PASSED] - typeOfData = typeOfDataMain + " Отпуск в сеть": null

03-03-2025T13:42:35 - [TEST_STEP][PASSED] - if (a == 82): null

03-03-2025T13:42:35 - [TEST_STEP][PASSED] - else if (a == 84): null

03-03-2025T13:42:35 - [TEST_STEP][PASSED] - else if (a == 83 || a == 52 || a == 72 || a == 28 || a == 73 || a == 77 || a == 74 || a == 65 || a == 36 || a == 44 || a == 53 || a == 80 || a == 54 || a == 1 || a == 18 || a == 59 || a == 81): null

03-03-2025T13:42:35 - [TEST_STEP][PASSED] - else: null

03-03-2025T13:42:35 - [TEST_STEP][PASSED] - path = dataFolder + typeOfData + " за отчётный период " + b: null

03-03-2025T13:42:35 - [TEST_STEP][PASSED] - println(path): null

03-03-2025T13:42:35 - [TEST_STEP][PASSED] - page = getText(findTestObject(path)): Text of object 'Object Repository/Выполнение бизнес-плана/Значения со страницы Выполнение бизнес-плана/План Отпуск в сеть за отчётный период Липецкэнерго' is: '517 195'

03-03-2025T13:42:35 - [MESSAGE][PASSED] - Text of object 'Object Repository/Выполнение бизнес-плана/Значения со страницы Выполнение бизнес-плана/План Отпуск в сеть за отчётный период Липецкэнерго' is: '517 195'

03-03-2025T13:42:36 - [TEST_STEP][PASSED] - if (page == "" || page == null): null

03-03-2025T13:42:36 - [TEST_STEP][PASSED] - else: null

03-03-2025T13:42:36 - [TEST_STEP][PASSED] - page = page.replaceAll("\s+", ""): null

03-03-2025T13:42:36 - [TEST_STEP][PASSED] - fileOtpuskVSet = otpusk.toInteger(): null

03-03-2025T13:42:36 - [TEST_STEP][PASSED] - pageOtpuskVSet = page.toInteger(): null

03-03-2025T13:42:36 - [TEST_STEP][PASSED] - typeOfData = typeOfDataMain + " Потери": null

03-03-2025T13:42:36 - [TEST_STEP][PASSED] - if (a == 82): null

03-03-2025T13:42:36 - [TEST_STEP][PASSED] - else if (a == 84): null

03-03-2025T13:42:36 - [TEST_STEP][PASSED] - else if (a == 83 || a == 52 || a == 72 || a == 28 || a == 73 || a == 77 || a == 74 || a == 65 || a == 44 || a == 53 || a == 80 || a == 54 || a == 1 || a == 18 || a == 59 || a == 81): null

03-03-2025T13:42:36 - [TEST_STEP][PASSED] - else: null

03-03-2025T13:42:36 - [TEST_STEP][PASSED] - path = dataFolder + typeOfData + " за отчётный период " + b: null

03-03-2025T13:42:36 - [TEST_STEP][PASSED] - page = getText(findTestObject(path)): Text of object 'Object Repository/Выполнение бизнес-плана/Значения со страницы Выполнение бизнес-плана/План Потери за отчётный период Липецкэнерго' is: '93 310'

03-03-2025T13:42:36 - [MESSAGE][PASSED] - Text of object 'Object Repository/Выполнение бизнес-плана/Значения со страницы Выполнение бизнес-плана/План Потери за отчётный период Липецкэнерго' is: '93 310'

03-03-2025T13:42:36 - [TEST_STEP][PASSED] - if (page == "" || page == null): null

03-03-2025T13:42:36 - [TEST_STEP][PASSED] - else: null

03-03-2025T13:42:36 - [TEST_STEP][PASSED] - page = page.replaceAll("\s+", ""): null

03-03-2025T13:42:36 - [TEST_STEP][PASSED] - filePoteri = poteri.toInteger(): null

03-03-2025T13:42:36 - [TEST_STEP][PASSED] - pagePoteri = page.toInteger(): null

03-03-2025T13:42:36 - [TEST_STEP][PASSED] - compare = pageOtpuskVSet: null

03-03-2025T13:42:36 - [TEST_STEP][PASSED] - if (pageOtpuskVSet != null): null

03-03-2025T13:42:36 - [TEST_STEP][PASSED] - if (compare == fileOtpuskVSet): null

03-03-2025T13:42:36 - [TEST_STEP][PASSED] - else if (compare > fileOtpuskVSet): null

03-03-2025T13:42:36 - [TEST_STEP][PASSED] - else if (compare < fileOtpuskVSet): null

03-03-2025T13:42:36 - [TEST_STEP][PASSED] - compare = compare + 1: null

03-03-2025T13:42:36 - [TEST_STEP][PASSED] - if (compare == fileOtpuskVSet): null

03-03-2025T13:42:36 - [TEST_STEP][PASSED] - else: null

03-03-2025T13:42:36 - [TEST_STEP][PASSED] - numberOfErrors = numberOfErrors + 1: null

03-03-2025T13:42:36 - [TEST_STEP][PASSED] - pageInt = pageOtpuskVSet: null

03-03-2025T13:42:36 - [TEST_STEP][PASSED] - fileInt = fileOtpuskVSet: null

03-03-2025T13:42:36 - [TEST_STEP][PASSED] - typeOfData = typeOfDataMain + " Отпуск в сеть": null

03-03-2025T13:42:36 - [TEST_STEP][PASSED] - Script1718980020443.WriteToExcel(a, typeOfData, todaysDate, pageInt, fileInt, pageDouble, fileDouble, dZO): null

03-03-2025T13:42:36 - [TEST_STEP][PASSED] - sheetName = "Sheet1": null

03-03-2025T13:42:36 - [TEST_STEP][PASSED] - data = findTestData("PlanFact"): null

03-03-2025T13:42:36 - [TEST_STEP][PASSED] - n = data.getRowNumbers() + 1: null

03-03-2025T13:42:36 - [TEST_STEP][PASSED] - day = ")).toInteger(): null

03-03-2025T13:42:36 - [TEST_STEP][PASSED] - println(day): null

03-03-2025T13:42:36 - [TEST_STEP][PASSED] - month = ")).toInteger(): null

03-03-2025T13:42:36 - [TEST_STEP][PASSED] - println(month): null

03-03-2025T13:42:36 - [TEST_STEP][PASSED] - y = <not implemented yet for class: org.codehaus.groovy.ast.expr.EmptyExpression>: null

03-03-2025T13:42:36 - [TEST_STEP][PASSED] - iy = <not implemented yet for class: org.codehaus.groovy.ast.expr.EmptyExpression>: null

03-03-2025T13:42:36 - [TEST_STEP][PASSED] - m = getText(findTestObject("Выполнение бизнес-плана/Период")): Text of object 'Object Repository/Выполнение бизнес-плана/Период' is: '2024 год'

03-03-2025T13:42:36 - [MESSAGE][PASSED] - Text of object 'Object Repository/Выполнение бизнес-плана/Период' is: '2024 год'

03-03-2025T13:42:36 - [TEST_STEP][PASSED] - iy = m.indexOf("20"): null

03-03-2025T13:42:36 - [TEST_STEP][PASSED] - if (iy > -1): null

03-03-2025T13:42:36 - [TEST_STEP][PASSED] - y = substring(iy, iy + 4).toInteger(): null

03-03-2025T13:42:36 - [TEST_STEP][PASSED] - println(y): null

03-03-2025T13:42:36 - [TEST_STEP][PASSED] - if (toString().length() == 4): null

03-03-2025T13:42:36 - [TEST_STEP][PASSED] - m = m.substring(0, m.indexOf(y.toString())): null

03-03-2025T13:42:36 - [TEST_STEP][PASSED] - m = m.trim(): null

03-03-2025T13:42:36 - [TEST_STEP][PASSED] - if (m == ""): null

03-03-2025T13:42:36 - [TEST_STEP][PASSED] - m = "весь год": null

03-03-2025T13:42:36 - [TEST_STEP][PASSED] - dashboardName = "Выполнение бизнес-плана": null

03-03-2025T13:42:36 - [TEST_STEP][PASSED] - workbook01 = getWorkbook(excelFilePath): null

03-03-2025T13:42:36 - [TEST_STEP][PASSED] - sheet01 = getExcelSheet(workbook01, sheetName): null

03-03-2025T13:42:36 - [TEST_STEP][PASSED] - setValueToCellByIndex(sheet01, n, 0, dashboardName): null

03-03-2025T13:42:36 - [TEST_STEP][PASSED] - setValueToCellByIndex(sheet01, n, 1, dZO): null

03-03-2025T13:42:36 - [TEST_STEP][PASSED] - setValueToCellByIndex(sheet01, n, 2, typeOfData): null

03-03-2025T13:42:36 - [TEST_STEP][PASSED] - if (typeOfData == "Факт в процентах" || typeOfData == "План в процентах"): null

03-03-2025T13:42:36 - [TEST_STEP][PASSED] - else: null

03-03-2025T13:42:36 - [TEST_STEP][PASSED] - setValueToCellByIndex(sheet01, n, 3, fileInt): null

03-03-2025T13:42:36 - [TEST_STEP][PASSED] - setValueToCellByIndex(sheet01, n, 4, pageInt): null

03-03-2025T13:42:36 - [TEST_STEP][PASSED] - setValueToCellByIndex(sheet01, n, 5, m): null

03-03-2025T13:42:36 - [TEST_STEP][PASSED] - setValueToCellByIndex(sheet01, n, 6, y): null

03-03-2025T13:42:36 - [TEST_STEP][PASSED] - setValueToCellByIndex(sheet01, n, 7, todaysDate): null

03-03-2025T13:42:36 - [TEST_STEP][PASSED] - n = n + 1: null

03-03-2025T13:42:36 - [TEST_STEP][PASSED] - saveWorkbook(excelFilePath, workbook01): null

03-03-2025T13:42:37 - [TEST_STEP][PASSED] - compare = pagePoteri: null

03-03-2025T13:42:37 - [TEST_STEP][PASSED] - if (pageOtpuskVSet != null): null

03-03-2025T13:42:37 - [TEST_STEP][PASSED] - if (compare == filePoteri): null

03-03-2025T13:42:37 - [TEST_STEP][PASSED] - else if (compare > filePoteri): null

03-03-2025T13:42:37 - [TEST_STEP][PASSED] - else if (compare < filePoteri): null

03-03-2025T13:42:37 - [TEST_STEP][PASSED] - compare = compare + 1: null

03-03-2025T13:42:37 - [TEST_STEP][PASSED] - if (compare == filePoteri): null

03-03-2025T13:42:37 - [TEST_STEP][PASSED] - else: null

03-03-2025T13:42:37 - [TEST_STEP][PASSED] - numberOfErrors = numberOfErrors + 1: null

03-03-2025T13:42:37 - [TEST_STEP][PASSED] - pageInt = pagePoteri: null

03-03-2025T13:42:37 - [TEST_STEP][PASSED] - fileInt = filePoteri: null

03-03-2025T13:42:37 - [TEST_STEP][PASSED] - typeOfData = typeOfDataMain + " Потери": null

03-03-2025T13:42:37 - [TEST_STEP][PASSED] - Script1718980020443.WriteToExcel(a, typeOfData, todaysDate, pageInt, fileInt, pageDouble, fileDouble, dZO): null

03-03-2025T13:42:37 - [TEST_STEP][PASSED] - sheetName = "Sheet1": null

03-03-2025T13:42:37 - [TEST_STEP][PASSED] - data = findTestData("PlanFact"): null

03-03-2025T13:42:37 - [TEST_STEP][PASSED] - n = data.getRowNumbers() + 1: null

03-03-2025T13:42:37 - [TEST_STEP][PASSED] - day = ")).toInteger(): null

03-03-2025T13:42:37 - [TEST_STEP][PASSED] - println(day): null

03-03-2025T13:42:37 - [TEST_STEP][PASSED] - month = ")).toInteger(): null

03-03-2025T13:42:37 - [TEST_STEP][PASSED] - println(month): null

03-03-2025T13:42:37 - [TEST_STEP][PASSED] - y = <not implemented yet for class: org.codehaus.groovy.ast.expr.EmptyExpression>: null

03-03-2025T13:42:37 - [TEST_STEP][PASSED] - iy = <not implemented yet for class: org.codehaus.groovy.ast.expr.EmptyExpression>: null

03-03-2025T13:42:37 - [TEST_STEP][PASSED] - m = getText(findTestObject("Выполнение бизнес-плана/Период")): Text of object 'Object Repository/Выполнение бизнес-плана/Период' is: '2024 год'

03-03-2025T13:42:37 - [MESSAGE][PASSED] - Text of object 'Object Repository/Выполнение бизнес-плана/Период' is: '2024 год'

03-03-2025T13:42:37 - [TEST_STEP][PASSED] - iy = m.indexOf("20"): null

03-03-2025T13:42:37 - [TEST_STEP][PASSED] - if (iy > -1): null

03-03-2025T13:42:37 - [TEST_STEP][PASSED] - y = substring(iy, iy + 4).toInteger(): null

03-03-2025T13:42:37 - [TEST_STEP][PASSED] - println(y): null

03-03-2025T13:42:37 - [TEST_STEP][PASSED] - if (toString().length() == 4): null

03-03-2025T13:42:37 - [TEST_STEP][PASSED] - m = m.substring(0, m.indexOf(y.toString())): null

03-03-2025T13:42:37 - [TEST_STEP][PASSED] - m = m.trim(): null

03-03-2025T13:42:37 - [TEST_STEP][PASSED] - if (m == ""): null

03-03-2025T13:42:37 - [TEST_STEP][PASSED] - m = "весь год": null

03-03-2025T13:42:37 - [TEST_STEP][PASSED] - dashboardName = "Выполнение бизнес-плана": null

03-03-2025T13:42:37 - [TEST_STEP][PASSED] - workbook01 = getWorkbook(excelFilePath): null

03-03-2025T13:42:37 - [TEST_STEP][PASSED] - sheet01 = getExcelSheet(workbook01, sheetName): null

03-03-2025T13:42:37 - [TEST_STEP][PASSED] - setValueToCellByIndex(sheet01, n, 0, dashboardName): null

03-03-2025T13:42:37 - [TEST_STEP][PASSED] - setValueToCellByIndex(sheet01, n, 1, dZO): null

03-03-2025T13:42:37 - [TEST_STEP][PASSED] - setValueToCellByIndex(sheet01, n, 2, typeOfData): null

03-03-2025T13:42:37 - [TEST_STEP][PASSED] - if (typeOfData == "Факт в процентах" || typeOfData == "План в процентах"): null

03-03-2025T13:42:37 - [TEST_STEP][PASSED] - else: null

03-03-2025T13:42:37 - [TEST_STEP][PASSED] - setValueToCellByIndex(sheet01, n, 3, fileInt): null

03-03-2025T13:42:37 - [TEST_STEP][PASSED] - setValueToCellByIndex(sheet01, n, 4, pageInt): null

03-03-2025T13:42:37 - [TEST_STEP][PASSED] - setValueToCellByIndex(sheet01, n, 5, m): null

03-03-2025T13:42:37 - [TEST_STEP][PASSED] - setValueToCellByIndex(sheet01, n, 6, y): null

03-03-2025T13:42:37 - [TEST_STEP][PASSED] - setValueToCellByIndex(sheet01, n, 7, todaysDate): null

03-03-2025T13:42:37 - [TEST_STEP][PASSED] - n = n + 1: null

03-03-2025T13:42:37 - [TEST_STEP][PASSED] - saveWorkbook(excelFilePath, workbook01): Object: 'Object Repository/Выполнение бизнес-плана/Кнопка Факт' is clicked on

03-03-2025T13:42:37 - [TEST_STEP][PASSED] - if (planFact == 2): Object: 'Object Repository/Выполнение бизнес-плана/Кнопка Факт' is clicked on

03-03-2025T13:42:37 - [TEST_STEP][PASSED] - click(findTestObject("Выполнение бизнес-плана/Кнопка Факт")): Object: 'Object Repository/Выполнение бизнес-плана/Кнопка Факт' is clicked on

03-03-2025T13:42:38 - [MESSAGE][PASSED] - Object: 'Object Repository/Выполнение бизнес-плана/Кнопка Факт' is clicked on

03-03-2025T13:42:38 - [TEST_STEP][PASSED] - println("a=" + a): null

03-03-2025T13:42:38 - [TEST_STEP][PASSED] - if (a == 84 || a == 82): null

03-03-2025T13:42:38 - [TEST_STEP][PASSED] - else if (a == 83 || a == 52 || a == 72 || a == 28 || a == 73 || a == 77 || a == 74 || a == 65 || a == 36 || a == 44 || a == 53 || a == 80 || a == 54 || a == 1 || a == 18 || a == 59 || a == 81): null

03-03-2025T13:42:38 - [TEST_STEP][PASSED] - else: null

03-03-2025T13:42:38 - [TEST_STEP][PASSED] - page1 = getText(findTestObject("Object Repository/Выполнение бизнес-плана/spanPlan" + filialNum)): Text of object 'Object Repository/Выполнение бизнес-плана/spanPlan9' is: '15.99
|'

03-03-2025T13:42:38 - [MESSAGE][PASSED] - Text of object 'Object Repository/Выполнение бизнес-плана/spanPlan9' is: '15.99
|'

03-03-2025T13:42:38 - [TEST_STEP][PASSED] - page1 = page1.replace("|", ""): null

03-03-2025T13:42:38 - [TEST_STEP][PASSED] - page2 = getText(findTestObject("Object Repository/Выполнение бизнес-плана/spanFact" + filialNum)): Text of object 'Object Repository/Выполнение бизнес-плана/spanFact9' is: '14.30
|'

03-03-2025T13:42:38 - [MESSAGE][PASSED] - Text of object 'Object Repository/Выполнение бизнес-плана/spanFact9' is: '14.30
|'

03-03-2025T13:42:38 - [TEST_STEP][PASSED] - page2 = page2.replace("|", ""): null

03-03-2025T13:42:38 - [TEST_STEP][PASSED] - println("page1: " + page1): null

03-03-2025T13:42:38 - [TEST_STEP][PASSED] - println("page2: " + page2): null

03-03-2025T13:42:38 - [TEST_STEP][PASSED] - file = findTestData("PlanFact").getValue(4, a): null

03-03-2025T13:42:38 - [TEST_STEP][PASSED] - file = file.replace(",", "."): null

03-03-2025T13:42:38 - [TEST_STEP][PASSED] - println("file Plan: " + file): null

03-03-2025T13:42:38 - [TEST_STEP][PASSED] - typeOfData = "План в процентах": null

03-03-2025T13:42:38 - [TEST_STEP][PASSED] - fileDouble = file.toDouble(): null

03-03-2025T13:42:38 - [TEST_STEP][PASSED] - pageDouble = page1.toDouble(): null

03-03-2025T13:42:38 - [TEST_STEP][PASSED] - if (fileDouble != pageDouble): null

03-03-2025T13:42:38 - [TEST_STEP][PASSED] - file = findTestData("PlanFact").getValue(7, a): null

03-03-2025T13:42:38 - [TEST_STEP][PASSED] - file = file.replace(",", "."): null

03-03-2025T13:42:38 - [TEST_STEP][PASSED] - println("file Fact: " + file): null

03-03-2025T13:42:38 - [TEST_STEP][PASSED] - fileDouble = file.toDouble(): null

03-03-2025T13:42:38 - [TEST_STEP][PASSED] - typeOfData = "Факт в процентах": null

03-03-2025T13:42:38 - [TEST_STEP][PASSED] - fileDouble = file.toDouble(): null

03-03-2025T13:42:38 - [TEST_STEP][PASSED] - pageDouble = page2.toDouble(): null

03-03-2025T13:42:38 - [TEST_STEP][PASSED] - if (fileDouble != pageDouble): null

03-03-2025T13:42:38 - [TEST_STEP][FAILED] - if (verifyEqual(numberOfErrors, 0) == false): null

03-03-2025T13:42:38 - [MESSAGE][FAILED] - Unable to verify equal between actual object '4' and expected object '0' (Root cause: com.kms.katalon.core.exception.StepFailedException: Actual object '4' and expected object '0' are not equal
	at com.kms.katalon.core.keyword.builtin.VerifyEqualKeyword$_verifyEqual_closure1.doCall(VerifyEqualKeyword.groovy:58)
	at com.kms.katalon.core.keyword.builtin.VerifyEqualKeyword$_verifyEqual_closure1.call(VerifyEqualKeyword.groovy)
	at com.kms.katalon.core.keyword.internal.KeywordMain.runKeyword(KeywordMain.groovy:75)
	at com.kms.katalon.core.keyword.builtin.VerifyEqualKeyword.verifyEqual(VerifyEqualKeyword.groovy:63)
	at com.kms.katalon.core.keyword.builtin.VerifyEqualKeyword.execute(VerifyEqualKeyword.groovy:44)
	at com.kms.katalon.core.keyword.internal.KeywordExecutor.executeKeywordForPlatform(KeywordExecutor.groovy:74)
	at com.kms.katalon.core.keyword.BuiltinKeywords.verifyEqual(BuiltinKeywords.groovy:146)
	at jdk.internal.reflect.GeneratedMethodAccessor24.invoke(Unknown Source)
	at java.base/jdk.internal.reflect.DelegatingMethodAccessorImpl.invoke(DelegatingMethodAccessorImpl.java:43)
	at Выполнение бизнес-плана Сверка ПАО Россети все филиалы.Numbers(Выполнение бизнес-плана Сверка ПАО Россети все филиалы:736)
	at Выполнение бизнес-плана Сверка ПАО Россети все филиалы.Filials(Выполнение бизнес-плана Сверка ПАО Россети все филиалы:1263)
	at Выполнение бизнес-плана Сверка ПАО Россети все филиалы.Numbers(Выполнение бизнес-плана Сверка ПАО Россети все филиалы:743)
	at Выполнение бизнес-плана Сверка ПАО Россети все филиалы.run(Выполнение бизнес-плана Сверка ПАО Россети все филиалы:364)
	at com.kms.katalon.core.main.ScriptEngine.run(ScriptEngine.java:194)
	at com.kms.katalon.core.main.ScriptEngine.runScriptAsRawText(ScriptEngine.java:119)
	at com.kms.katalon.core.main.TestCaseExecutor.runScript(TestCaseExecutor.java:448)
	at com.kms.katalon.core.main.TestCaseExecutor.doExecute(TestCaseExecutor.java:439)
	at com.kms.katalon.core.main.TestCaseExecutor.processExecutionPhase(TestCaseExecutor.java:418)
	at com.kms.katalon.core.main.TestCaseExecutor.accessMainPhase(TestCaseExecutor.java:410)
	at com.kms.katalon.core.main.TestCaseExecutor.execute(TestCaseExecutor.java:285)
	at com.kms.katalon.core.common.CommonExecutor.accessTestCaseMainPhase(CommonExecutor.java:65)
	at com.kms.katalon.core.main.TestSuiteExecutor.accessTestSuiteMainPhase(TestSuiteExecutor.java:150)
	at com.kms.katalon.core.main.TestSuiteExecutor.execute(TestSuiteExecutor.java:106)
	at com.kms.katalon.core.main.TestCaseMain.startTestSuite(TestCaseMain.java:180)
	at TempTestSuite1740991900055.run(TempTestSuite1740991900055.groovy:35)
	at java.base/jdk.internal.reflect.NativeMethodAccessorImpl.invoke0(Native Method)
	at java.base/jdk.internal.reflect.NativeMethodAccessorImpl.invoke(NativeMethodAccessorImpl.java:77)
	at java.base/jdk.internal.reflect.DelegatingMethodAccessorImpl.invoke(DelegatingMethodAccessorImpl.java:43)
)

03-03-2025T13:42:38 - [TEST_STEP][PASSED] - println(numberOfErrors): null

03-03-2025T13:42:38 - [TEST_STEP][PASSED] - println("a=" + a): null

03-03-2025T13:42:38 - [TEST_STEP][PASSED] - if (a == 28 || a == 77 || a == 74 || a == 65 || a == 36 || a == 44 || a == 54 || a == 1 || a == 18 || a == 59): null

03-03-2025T13:42:38 - [TEST_STEP][PASSED] - if (a == 82): null

03-03-2025T13:42:38 - [TEST_STEP][PASSED] - dZO = "ООО «БрянскЭлектро»": null

03-03-2025T13:42:38 - [TEST_STEP][PASSED] - a = 13: null

03-03-2025T13:42:38 - [TEST_STEP][PASSED] - dzoCut = dZO.substring(5, 12): null

03-03-2025T13:42:38 - [TEST_STEP][PASSED] - if (x2.contains(dzoCut)): null

03-03-2025T13:42:38 - [TEST_STEP][PASSED] - filialNum = filialNum + 1: null

03-03-2025T13:42:38 - [TEST_STEP][PASSED] - Script1718980020443.Numbers(a, typeOfData, todaysDate, pageInt, fileInt, pageDouble, fileDouble, dZO, dzoNum, filialNum): null

03-03-2025T13:42:38 - [TEST_STEP][PASSED] - println(dzoNum): null

03-03-2025T13:42:38 - [TEST_STEP][PASSED] - planFact = <not implemented yet for class: org.codehaus.groovy.ast.expr.EmptyExpression>: null

03-03-2025T13:42:38 - [TEST_STEP][PASSED] - page = <not implemented yet for class: org.codehaus.groovy.ast.expr.EmptyExpression>: null

03-03-2025T13:42:38 - [TEST_STEP][PASSED] - page1 = <not implemented yet for class: org.codehaus.groovy.ast.expr.EmptyExpression>: null

03-03-2025T13:42:38 - [TEST_STEP][PASSED] - page2 = <not implemented yet for class: org.codehaus.groovy.ast.expr.EmptyExpression>: null

03-03-2025T13:42:38 - [TEST_STEP][PASSED] - filialNumberInRow = <not implemented yet for class: org.codehaus.groovy.ast.expr.EmptyExpression>: null

03-03-2025T13:42:38 - [TEST_STEP][PASSED] - filialsDzoNames = <not implemented yet for class: org.codehaus.groovy.ast.expr.EmptyExpression>: null

03-03-2025T13:42:38 - [TEST_STEP][PASSED] - numberOfFilials = <not implemented yet for class: org.codehaus.groovy.ast.expr.EmptyExpression>: null

03-03-2025T13:42:38 - [TEST_STEP][PASSED] - numberOfSpaces = <not implemented yet for class: org.codehaus.groovy.ast.expr.EmptyExpression>: null

03-03-2025T13:42:38 - [TEST_STEP][PASSED] - file = <not implemented yet for class: org.codehaus.groovy.ast.expr.EmptyExpression>: null

03-03-2025T13:42:38 - [TEST_STEP][PASSED] - otpusk = <not implemented yet for class: org.codehaus.groovy.ast.expr.EmptyExpression>: null

03-03-2025T13:42:38 - [TEST_STEP][PASSED] - poteri = <not implemented yet for class: org.codehaus.groovy.ast.expr.EmptyExpression>: null

03-03-2025T13:42:38 - [TEST_STEP][PASSED] - dataFolder = "Выполнение бизнес-плана/Значения со страницы Выполнение бизнес-плана/": null

03-03-2025T13:42:38 - [TEST_STEP][PASSED] - path = <not implemented yet for class: org.codehaus.groovy.ast.expr.EmptyExpression>: null

03-03-2025T13:42:38 - [TEST_STEP][PASSED] - typeOfDataMain = <not implemented yet for class: org.codehaus.groovy.ast.expr.EmptyExpression>: null

03-03-2025T13:42:38 - [TEST_STEP][PASSED] - fileOtpuskVSet = <not implemented yet for class: org.codehaus.groovy.ast.expr.EmptyExpression>: null

03-03-2025T13:42:38 - [TEST_STEP][PASSED] - pageOtpuskVSet = <not implemented yet for class: org.codehaus.groovy.ast.expr.EmptyExpression>: null

03-03-2025T13:42:38 - [TEST_STEP][PASSED] - filePoteri = <not implemented yet for class: org.codehaus.groovy.ast.expr.EmptyExpression>: null

03-03-2025T13:42:38 - [TEST_STEP][PASSED] - pagePoteri = <not implemented yet for class: org.codehaus.groovy.ast.expr.EmptyExpression>: null

03-03-2025T13:42:38 - [TEST_STEP][PASSED] - compare = <not implemented yet for class: org.codehaus.groovy.ast.expr.EmptyExpression>: null

03-03-2025T13:42:38 - [TEST_STEP][PASSED] - b = <not implemented yet for class: org.codehaus.groovy.ast.expr.EmptyExpression>: null

03-03-2025T13:42:38 - [TEST_STEP][PASSED] - i = <not implemented yet for class: org.codehaus.groovy.ast.expr.EmptyExpression>: null

03-03-2025T13:42:38 - [TEST_STEP][PASSED] - ii = <not implemented yet for class: org.codehaus.groovy.ast.expr.EmptyExpression>: null

03-03-2025T13:42:38 - [TEST_STEP][PASSED] - c = <not implemented yet for class: org.codehaus.groovy.ast.expr.EmptyExpression>: null

03-03-2025T13:42:38 - [TEST_STEP][PASSED] - numberOfErrors = 0: null

03-03-2025T13:42:38 - [TEST_STEP][PASSED] - if (a == 82): null

03-03-2025T13:42:38 - [TEST_STEP][PASSED] - b = findTestData("PlanFact").getValue(1, a): null

03-03-2025T13:42:38 - [TEST_STEP][PASSED] - i = b.indexOf(" (ГК)"): null

03-03-2025T13:42:38 - [TEST_STEP][PASSED] - if (i > -1): null

03-03-2025T13:42:38 - [TEST_STEP][PASSED] - i = b.indexOf("О ""): null

03-03-2025T13:42:38 - [TEST_STEP][PASSED] - if (i > -1): null

03-03-2025T13:42:38 - [TEST_STEP][PASSED] - i = b.indexOf("О «"): null

03-03-2025T13:42:38 - [TEST_STEP][PASSED] - if (i > -1): null

03-03-2025T13:42:38 - [TEST_STEP][PASSED] - b = b.substring(i + 3, b.length()): null

03-03-2025T13:42:38 - [TEST_STEP][PASSED] - i = b.indexOf("»"): null

03-03-2025T13:42:38 - [TEST_STEP][PASSED] - b = b.substring(0, i): null

03-03-2025T13:42:38 - [TEST_STEP][PASSED] - i = b.indexOf("г. "): null

03-03-2025T13:42:38 - [TEST_STEP][PASSED] - if (i > -1): null

03-03-2025T13:42:38 - [TEST_STEP][PASSED] - b = b.trim(): null

03-03-2025T13:42:38 - [TEST_STEP][PASSED] - println(b): null

03-03-2025T13:42:38 - [TEST_STEP][PASSED] - for ([planFact = 1, planFact < 3, (planFact++)]): null

03-03-2025T13:42:38 - [TEST_STEP][PASSED] - if (planFact == 1): null

03-03-2025T13:42:38 - [TEST_STEP][PASSED] - typeOfDataMain = "Факт": null

03-03-2025T13:42:38 - [TEST_STEP][PASSED] - otpusk = findTestData("PlanFact").getValue(5, a): null

03-03-2025T13:42:39 - [TEST_STEP][PASSED] - poteri = findTestData("PlanFact").getValue(6, a): null

03-03-2025T13:42:39 - [TEST_STEP][PASSED] - otpusk = otpusk.replaceAll("\s+", ""): null

03-03-2025T13:42:39 - [TEST_STEP][PASSED] - poteri = poteri.replaceAll("\s+", ""): null

03-03-2025T13:42:39 - [TEST_STEP][PASSED] - typeOfData = typeOfDataMain + " Отпуск в сеть": null

03-03-2025T13:42:39 - [TEST_STEP][PASSED] - if (a == 82): null

03-03-2025T13:42:39 - [TEST_STEP][PASSED] - else if (a == 84): null

03-03-2025T13:42:39 - [TEST_STEP][PASSED] - else if (a == 83 || a == 52 || a == 72 || a == 28 || a == 73 || a == 77 || a == 74 || a == 65 || a == 36 || a == 44 || a == 53 || a == 80 || a == 54 || a == 1 || a == 18 || a == 59 || a == 81): null

03-03-2025T13:42:39 - [TEST_STEP][PASSED] - else: null

03-03-2025T13:42:39 - [TEST_STEP][PASSED] - path = dataFolder + typeOfData + " за отчётный период " + b: null

03-03-2025T13:42:39 - [TEST_STEP][PASSED] - println(path): null

03-03-2025T13:42:39 - [TEST_STEP][PASSED] - page = getText(findTestObject(path)): Text of object 'Object Repository/Выполнение бизнес-плана/Значения со страницы Выполнение бизнес-плана/Факт Отпуск в сеть за отчётный период БрянскЭлектро' is: '223 510'

03-03-2025T13:42:39 - [MESSAGE][PASSED] - Text of object 'Object Repository/Выполнение бизнес-плана/Значения со страницы Выполнение бизнес-плана/Факт Отпуск в сеть за отчётный период БрянскЭлектро' is: '223 510'

03-03-2025T13:42:39 - [TEST_STEP][PASSED] - if (page == "" || page == null): null

03-03-2025T13:42:39 - [TEST_STEP][PASSED] - else: null

03-03-2025T13:42:39 - [TEST_STEP][PASSED] - page = page.replaceAll("\s+", ""): null

03-03-2025T13:42:39 - [TEST_STEP][PASSED] - fileOtpuskVSet = otpusk.toInteger(): null

03-03-2025T13:42:39 - [TEST_STEP][PASSED] - pageOtpuskVSet = page.toInteger(): null

03-03-2025T13:42:39 - [TEST_STEP][PASSED] - typeOfData = typeOfDataMain + " Потери": null

03-03-2025T13:42:39 - [TEST_STEP][PASSED] - if (a == 82): null

03-03-2025T13:42:39 - [TEST_STEP][PASSED] - else if (a == 84): null

03-03-2025T13:42:39 - [TEST_STEP][PASSED] - else if (a == 83 || a == 52 || a == 72 || a == 28 || a == 73 || a == 77 || a == 74 || a == 65 || a == 44 || a == 53 || a == 80 || a == 54 || a == 1 || a == 18 || a == 59 || a == 81): null

03-03-2025T13:42:39 - [TEST_STEP][PASSED] - else: null

03-03-2025T13:42:39 - [TEST_STEP][PASSED] - path = dataFolder + typeOfData + " за отчётный период " + b: null

03-03-2025T13:42:39 - [TEST_STEP][PASSED] - page = getText(findTestObject(path)): Text of object 'Object Repository/Выполнение бизнес-плана/Значения со страницы Выполнение бизнес-плана/Факт Потери за отчётный период БрянскЭлектро' is: '38 282'

03-03-2025T13:42:39 - [MESSAGE][PASSED] - Text of object 'Object Repository/Выполнение бизнес-плана/Значения со страницы Выполнение бизнес-плана/Факт Потери за отчётный период БрянскЭлектро' is: '38 282'

03-03-2025T13:42:39 - [TEST_STEP][PASSED] - if (page == "" || page == null): null

03-03-2025T13:42:39 - [TEST_STEP][PASSED] - else: null

03-03-2025T13:42:39 - [TEST_STEP][PASSED] - page = page.replaceAll("\s+", ""): null

03-03-2025T13:42:39 - [TEST_STEP][PASSED] - filePoteri = poteri.toInteger(): null

03-03-2025T13:42:39 - [TEST_STEP][PASSED] - pagePoteri = page.toInteger(): null

03-03-2025T13:42:39 - [TEST_STEP][PASSED] - compare = pageOtpuskVSet: null

03-03-2025T13:42:39 - [TEST_STEP][PASSED] - if (pageOtpuskVSet != null): null

03-03-2025T13:42:39 - [TEST_STEP][PASSED] - if (compare == fileOtpuskVSet): null

03-03-2025T13:42:39 - [TEST_STEP][PASSED] - else if (compare > fileOtpuskVSet): null

03-03-2025T13:42:39 - [TEST_STEP][PASSED] - else if (compare < fileOtpuskVSet): null

03-03-2025T13:42:39 - [TEST_STEP][PASSED] - compare = compare + 1: null

03-03-2025T13:42:39 - [TEST_STEP][PASSED] - if (compare == fileOtpuskVSet): null

03-03-2025T13:42:39 - [TEST_STEP][PASSED] - else: null

03-03-2025T13:42:39 - [TEST_STEP][PASSED] - numberOfErrors = numberOfErrors + 1: null

03-03-2025T13:42:39 - [TEST_STEP][PASSED] - pageInt = pageOtpuskVSet: null

03-03-2025T13:42:39 - [TEST_STEP][PASSED] - fileInt = fileOtpuskVSet: null

03-03-2025T13:42:39 - [TEST_STEP][PASSED] - typeOfData = typeOfDataMain + " Отпуск в сеть": null

03-03-2025T13:42:39 - [TEST_STEP][PASSED] - Script1718980020443.WriteToExcel(a, typeOfData, todaysDate, pageInt, fileInt, pageDouble, fileDouble, dZO): null

03-03-2025T13:42:39 - [TEST_STEP][PASSED] - sheetName = "Sheet1": null

03-03-2025T13:42:39 - [TEST_STEP][PASSED] - data = findTestData("PlanFact"): null

03-03-2025T13:42:39 - [TEST_STEP][PASSED] - n = data.getRowNumbers() + 1: null

03-03-2025T13:42:39 - [TEST_STEP][PASSED] - day = ")).toInteger(): null

03-03-2025T13:42:39 - [TEST_STEP][PASSED] - println(day): null

03-03-2025T13:42:39 - [TEST_STEP][PASSED] - month = ")).toInteger(): null

03-03-2025T13:42:39 - [TEST_STEP][PASSED] - println(month): null

03-03-2025T13:42:39 - [TEST_STEP][PASSED] - y = <not implemented yet for class: org.codehaus.groovy.ast.expr.EmptyExpression>: null

03-03-2025T13:42:39 - [TEST_STEP][PASSED] - iy = <not implemented yet for class: org.codehaus.groovy.ast.expr.EmptyExpression>: null

03-03-2025T13:42:39 - [TEST_STEP][PASSED] - m = getText(findTestObject("Выполнение бизнес-плана/Период")): Text of object 'Object Repository/Выполнение бизнес-плана/Период' is: '2024 год'

03-03-2025T13:42:39 - [MESSAGE][PASSED] - Text of object 'Object Repository/Выполнение бизнес-плана/Период' is: '2024 год'

03-03-2025T13:42:39 - [TEST_STEP][PASSED] - iy = m.indexOf("20"): null

03-03-2025T13:42:39 - [TEST_STEP][PASSED] - if (iy > -1): null

03-03-2025T13:42:39 - [TEST_STEP][PASSED] - y = substring(iy, iy + 4).toInteger(): null

03-03-2025T13:42:39 - [TEST_STEP][PASSED] - println(y): null

03-03-2025T13:42:39 - [TEST_STEP][PASSED] - if (toString().length() == 4): null

03-03-2025T13:42:39 - [TEST_STEP][PASSED] - m = m.substring(0, m.indexOf(y.toString())): null

03-03-2025T13:42:39 - [TEST_STEP][PASSED] - m = m.trim(): null

03-03-2025T13:42:39 - [TEST_STEP][PASSED] - if (m == ""): null

03-03-2025T13:42:39 - [TEST_STEP][PASSED] - m = "весь год": null

03-03-2025T13:42:39 - [TEST_STEP][PASSED] - dashboardName = "Выполнение бизнес-плана": null

03-03-2025T13:42:39 - [TEST_STEP][PASSED] - workbook01 = getWorkbook(excelFilePath): null

03-03-2025T13:42:40 - [TEST_STEP][PASSED] - sheet01 = getExcelSheet(workbook01, sheetName): null

03-03-2025T13:42:40 - [TEST_STEP][PASSED] - setValueToCellByIndex(sheet01, n, 0, dashboardName): null

03-03-2025T13:42:40 - [TEST_STEP][PASSED] - setValueToCellByIndex(sheet01, n, 1, dZO): null

03-03-2025T13:42:40 - [TEST_STEP][PASSED] - setValueToCellByIndex(sheet01, n, 2, typeOfData): null

03-03-2025T13:42:40 - [TEST_STEP][PASSED] - if (typeOfData == "Факт в процентах" || typeOfData == "План в процентах"): null

03-03-2025T13:42:40 - [TEST_STEP][PASSED] - else: null

03-03-2025T13:42:40 - [TEST_STEP][PASSED] - setValueToCellByIndex(sheet01, n, 3, fileInt): null

03-03-2025T13:42:40 - [TEST_STEP][PASSED] - setValueToCellByIndex(sheet01, n, 4, pageInt): null

03-03-2025T13:42:40 - [TEST_STEP][PASSED] - setValueToCellByIndex(sheet01, n, 5, m): null

03-03-2025T13:42:40 - [TEST_STEP][PASSED] - setValueToCellByIndex(sheet01, n, 6, y): null

03-03-2025T13:42:40 - [TEST_STEP][PASSED] - setValueToCellByIndex(sheet01, n, 7, todaysDate): null

03-03-2025T13:42:40 - [TEST_STEP][PASSED] - n = n + 1: null

03-03-2025T13:42:40 - [TEST_STEP][PASSED] - saveWorkbook(excelFilePath, workbook01): null

03-03-2025T13:42:40 - [TEST_STEP][PASSED] - compare = pagePoteri: null

03-03-2025T13:42:40 - [TEST_STEP][PASSED] - if (pageOtpuskVSet != null): null

03-03-2025T13:42:40 - [TEST_STEP][PASSED] - if (compare == filePoteri): null

03-03-2025T13:42:40 - [TEST_STEP][PASSED] - else if (compare > filePoteri): null

03-03-2025T13:42:40 - [TEST_STEP][PASSED] - else if (compare < filePoteri): null

03-03-2025T13:42:40 - [TEST_STEP][PASSED] - compare = compare + 1: null

03-03-2025T13:42:40 - [TEST_STEP][PASSED] - if (compare == filePoteri): null

03-03-2025T13:42:40 - [TEST_STEP][PASSED] - else: null

03-03-2025T13:42:40 - [TEST_STEP][PASSED] - numberOfErrors = numberOfErrors + 1: null

03-03-2025T13:42:40 - [TEST_STEP][PASSED] - pageInt = pagePoteri: null

03-03-2025T13:42:40 - [TEST_STEP][PASSED] - fileInt = filePoteri: null

03-03-2025T13:42:40 - [TEST_STEP][PASSED] - typeOfData = typeOfDataMain + " Потери": null

03-03-2025T13:42:40 - [TEST_STEP][PASSED] - Script1718980020443.WriteToExcel(a, typeOfData, todaysDate, pageInt, fileInt, pageDouble, fileDouble, dZO): null

03-03-2025T13:42:40 - [TEST_STEP][PASSED] - sheetName = "Sheet1": null

03-03-2025T13:42:40 - [TEST_STEP][PASSED] - data = findTestData("PlanFact"): null

03-03-2025T13:42:40 - [TEST_STEP][PASSED] - n = data.getRowNumbers() + 1: null

03-03-2025T13:42:40 - [TEST_STEP][PASSED] - day = ")).toInteger(): null

03-03-2025T13:42:40 - [TEST_STEP][PASSED] - println(day): null

03-03-2025T13:42:40 - [TEST_STEP][PASSED] - month = ")).toInteger(): null

03-03-2025T13:42:40 - [TEST_STEP][PASSED] - println(month): null

03-03-2025T13:42:40 - [TEST_STEP][PASSED] - y = <not implemented yet for class: org.codehaus.groovy.ast.expr.EmptyExpression>: null

03-03-2025T13:42:40 - [TEST_STEP][PASSED] - iy = <not implemented yet for class: org.codehaus.groovy.ast.expr.EmptyExpression>: null

03-03-2025T13:42:40 - [TEST_STEP][PASSED] - m = getText(findTestObject("Выполнение бизнес-плана/Период")): Text of object 'Object Repository/Выполнение бизнес-плана/Период' is: '2024 год'

03-03-2025T13:42:40 - [MESSAGE][PASSED] - Text of object 'Object Repository/Выполнение бизнес-плана/Период' is: '2024 год'

03-03-2025T13:42:40 - [TEST_STEP][PASSED] - iy = m.indexOf("20"): null

03-03-2025T13:42:40 - [TEST_STEP][PASSED] - if (iy > -1): null

03-03-2025T13:42:40 - [TEST_STEP][PASSED] - y = substring(iy, iy + 4).toInteger(): null

03-03-2025T13:42:40 - [TEST_STEP][PASSED] - println(y): null

03-03-2025T13:42:40 - [TEST_STEP][PASSED] - if (toString().length() == 4): null

03-03-2025T13:42:40 - [TEST_STEP][PASSED] - m = m.substring(0, m.indexOf(y.toString())): null

03-03-2025T13:42:40 - [TEST_STEP][PASSED] - m = m.trim(): null

03-03-2025T13:42:40 - [TEST_STEP][PASSED] - if (m == ""): null

03-03-2025T13:42:40 - [TEST_STEP][PASSED] - m = "весь год": null

03-03-2025T13:42:40 - [TEST_STEP][PASSED] - dashboardName = "Выполнение бизнес-плана": null

03-03-2025T13:42:40 - [TEST_STEP][PASSED] - workbook01 = getWorkbook(excelFilePath): null

03-03-2025T13:42:40 - [TEST_STEP][PASSED] - sheet01 = getExcelSheet(workbook01, sheetName): null

03-03-2025T13:42:40 - [TEST_STEP][PASSED] - setValueToCellByIndex(sheet01, n, 0, dashboardName): null

03-03-2025T13:42:40 - [TEST_STEP][PASSED] - setValueToCellByIndex(sheet01, n, 1, dZO): null

03-03-2025T13:42:40 - [TEST_STEP][PASSED] - setValueToCellByIndex(sheet01, n, 2, typeOfData): null

03-03-2025T13:42:40 - [TEST_STEP][PASSED] - if (typeOfData == "Факт в процентах" || typeOfData == "План в процентах"): null

03-03-2025T13:42:40 - [TEST_STEP][PASSED] - else: null

03-03-2025T13:42:40 - [TEST_STEP][PASSED] - setValueToCellByIndex(sheet01, n, 3, fileInt): null

03-03-2025T13:42:40 - [TEST_STEP][PASSED] - setValueToCellByIndex(sheet01, n, 4, pageInt): null

03-03-2025T13:42:40 - [TEST_STEP][PASSED] - setValueToCellByIndex(sheet01, n, 5, m): null

03-03-2025T13:42:40 - [TEST_STEP][PASSED] - setValueToCellByIndex(sheet01, n, 6, y): null

03-03-2025T13:42:40 - [TEST_STEP][PASSED] - setValueToCellByIndex(sheet01, n, 7, todaysDate): null

03-03-2025T13:42:40 - [TEST_STEP][PASSED] - n = n + 1: null

03-03-2025T13:42:40 - [TEST_STEP][PASSED] - saveWorkbook(excelFilePath, workbook01): null

03-03-2025T13:42:40 - [TEST_STEP][PASSED] - if (planFact == 2): null

03-03-2025T13:42:40 - [TEST_STEP][PASSED] - if (planFact == 1): null

03-03-2025T13:42:40 - [TEST_STEP][PASSED] - else if (planFact == 2): null

03-03-2025T13:42:40 - [TEST_STEP][PASSED] - click(findTestObject("Выполнение бизнес-плана/Кнопка План")): Object: 'Object Repository/Выполнение бизнес-плана/Кнопка План' is clicked on

03-03-2025T13:42:41 - [MESSAGE][PASSED] - Object: 'Object Repository/Выполнение бизнес-плана/Кнопка План' is clicked on

03-03-2025T13:42:41 - [TEST_STEP][PASSED] - typeOfDataMain = "План": null

03-03-2025T13:42:41 - [TEST_STEP][PASSED] - otpusk = findTestData("PlanFact").getValue(2, a): null

03-03-2025T13:42:41 - [TEST_STEP][PASSED] - poteri = findTestData("PlanFact").getValue(3, a): null

03-03-2025T13:42:41 - [TEST_STEP][PASSED] - otpusk = otpusk.replaceAll("\s+", ""): null

03-03-2025T13:42:41 - [TEST_STEP][PASSED] - poteri = poteri.replaceAll("\s+", ""): null

03-03-2025T13:42:41 - [TEST_STEP][PASSED] - typeOfData = typeOfDataMain + " Отпуск в сеть": null

03-03-2025T13:42:41 - [TEST_STEP][PASSED] - if (a == 82): null

03-03-2025T13:42:41 - [TEST_STEP][PASSED] - else if (a == 84): null

03-03-2025T13:42:41 - [TEST_STEP][PASSED] - else if (a == 83 || a == 52 || a == 72 || a == 28 || a == 73 || a == 77 || a == 74 || a == 65 || a == 36 || a == 44 || a == 53 || a == 80 || a == 54 || a == 1 || a == 18 || a == 59 || a == 81): null

03-03-2025T13:42:41 - [TEST_STEP][PASSED] - else: null

03-03-2025T13:42:41 - [TEST_STEP][PASSED] - path = dataFolder + typeOfData + " за отчётный период " + b: null

03-03-2025T13:42:41 - [TEST_STEP][PASSED] - println(path): null

03-03-2025T13:42:41 - [TEST_STEP][PASSED] - page = getText(findTestObject(path)): Text of object 'Object Repository/Выполнение бизнес-плана/Значения со страницы Выполнение бизнес-плана/План Отпуск в сеть за отчётный период БрянскЭлектро' is: '218 742'

03-03-2025T13:42:41 - [MESSAGE][PASSED] - Text of object 'Object Repository/Выполнение бизнес-плана/Значения со страницы Выполнение бизнес-плана/План Отпуск в сеть за отчётный период БрянскЭлектро' is: '218 742'

03-03-2025T13:42:41 - [TEST_STEP][PASSED] - if (page == "" || page == null): null

03-03-2025T13:42:41 - [TEST_STEP][PASSED] - else: null

03-03-2025T13:42:41 - [TEST_STEP][PASSED] - page = page.replaceAll("\s+", ""): null

03-03-2025T13:42:41 - [TEST_STEP][PASSED] - fileOtpuskVSet = otpusk.toInteger(): null

03-03-2025T13:42:41 - [TEST_STEP][PASSED] - pageOtpuskVSet = page.toInteger(): null

03-03-2025T13:42:41 - [TEST_STEP][PASSED] - typeOfData = typeOfDataMain + " Потери": null

03-03-2025T13:42:41 - [TEST_STEP][PASSED] - if (a == 82): null

03-03-2025T13:42:41 - [TEST_STEP][PASSED] - else if (a == 84): null

03-03-2025T13:42:41 - [TEST_STEP][PASSED] - else if (a == 83 || a == 52 || a == 72 || a == 28 || a == 73 || a == 77 || a == 74 || a == 65 || a == 44 || a == 53 || a == 80 || a == 54 || a == 1 || a == 18 || a == 59 || a == 81): null

03-03-2025T13:42:41 - [TEST_STEP][PASSED] - else: null

03-03-2025T13:42:41 - [TEST_STEP][PASSED] - path = dataFolder + typeOfData + " за отчётный период " + b: null

03-03-2025T13:42:41 - [TEST_STEP][PASSED] - page = getText(findTestObject(path)): Text of object 'Object Repository/Выполнение бизнес-плана/Значения со страницы Выполнение бизнес-плана/План Потери за отчётный период БрянскЭлектро' is: '37 311'

03-03-2025T13:42:42 - [MESSAGE][PASSED] - Text of object 'Object Repository/Выполнение бизнес-плана/Значения со страницы Выполнение бизнес-плана/План Потери за отчётный период БрянскЭлектро' is: '37 311'

03-03-2025T13:42:42 - [TEST_STEP][PASSED] - if (page == "" || page == null): null

03-03-2025T13:42:42 - [TEST_STEP][PASSED] - else: null

03-03-2025T13:42:42 - [TEST_STEP][PASSED] - page = page.replaceAll("\s+", ""): null

03-03-2025T13:42:42 - [TEST_STEP][PASSED] - filePoteri = poteri.toInteger(): null

03-03-2025T13:42:42 - [TEST_STEP][PASSED] - pagePoteri = page.toInteger(): null

03-03-2025T13:42:42 - [TEST_STEP][PASSED] - compare = pageOtpuskVSet: null

03-03-2025T13:42:42 - [TEST_STEP][PASSED] - if (pageOtpuskVSet != null): null

03-03-2025T13:42:42 - [TEST_STEP][PASSED] - if (compare == fileOtpuskVSet): null

03-03-2025T13:42:42 - [TEST_STEP][PASSED] - else if (compare > fileOtpuskVSet): null

03-03-2025T13:42:42 - [TEST_STEP][PASSED] - else if (compare < fileOtpuskVSet): null

03-03-2025T13:42:42 - [TEST_STEP][PASSED] - compare = compare + 1: null

03-03-2025T13:42:42 - [TEST_STEP][PASSED] - if (compare == fileOtpuskVSet): null

03-03-2025T13:42:42 - [TEST_STEP][PASSED] - else: null

03-03-2025T13:42:42 - [TEST_STEP][PASSED] - numberOfErrors = numberOfErrors + 1: null

03-03-2025T13:42:42 - [TEST_STEP][PASSED] - pageInt = pageOtpuskVSet: null

03-03-2025T13:42:42 - [TEST_STEP][PASSED] - fileInt = fileOtpuskVSet: null

03-03-2025T13:42:42 - [TEST_STEP][PASSED] - typeOfData = typeOfDataMain + " Отпуск в сеть": null

03-03-2025T13:42:42 - [TEST_STEP][PASSED] - Script1718980020443.WriteToExcel(a, typeOfData, todaysDate, pageInt, fileInt, pageDouble, fileDouble, dZO): null

03-03-2025T13:42:42 - [TEST_STEP][PASSED] - sheetName = "Sheet1": null

03-03-2025T13:42:42 - [TEST_STEP][PASSED] - data = findTestData("PlanFact"): null

03-03-2025T13:42:42 - [TEST_STEP][PASSED] - n = data.getRowNumbers() + 1: null

03-03-2025T13:42:42 - [TEST_STEP][PASSED] - day = ")).toInteger(): null

03-03-2025T13:42:42 - [TEST_STEP][PASSED] - println(day): null

03-03-2025T13:42:42 - [TEST_STEP][PASSED] - month = ")).toInteger(): null

03-03-2025T13:42:42 - [TEST_STEP][PASSED] - println(month): null

03-03-2025T13:42:42 - [TEST_STEP][PASSED] - y = <not implemented yet for class: org.codehaus.groovy.ast.expr.EmptyExpression>: null

03-03-2025T13:42:42 - [TEST_STEP][PASSED] - iy = <not implemented yet for class: org.codehaus.groovy.ast.expr.EmptyExpression>: null

03-03-2025T13:42:42 - [TEST_STEP][PASSED] - m = getText(findTestObject("Выполнение бизнес-плана/Период")): Text of object 'Object Repository/Выполнение бизнес-плана/Период' is: '2024 год'

03-03-2025T13:42:42 - [MESSAGE][PASSED] - Text of object 'Object Repository/Выполнение бизнес-плана/Период' is: '2024 год'

03-03-2025T13:42:42 - [TEST_STEP][PASSED] - iy = m.indexOf("20"): null

03-03-2025T13:42:42 - [TEST_STEP][PASSED] - if (iy > -1): null

03-03-2025T13:42:42 - [TEST_STEP][PASSED] - y = substring(iy, iy + 4).toInteger(): null

03-03-2025T13:42:42 - [TEST_STEP][PASSED] - println(y): null

03-03-2025T13:42:42 - [TEST_STEP][PASSED] - if (toString().length() == 4): null

03-03-2025T13:42:42 - [TEST_STEP][PASSED] - m = m.substring(0, m.indexOf(y.toString())): null

03-03-2025T13:42:42 - [TEST_STEP][PASSED] - m = m.trim(): null

03-03-2025T13:42:42 - [TEST_STEP][PASSED] - if (m == ""): null

03-03-2025T13:42:42 - [TEST_STEP][PASSED] - m = "весь год": null

03-03-2025T13:42:42 - [TEST_STEP][PASSED] - dashboardName = "Выполнение бизнес-плана": null

03-03-2025T13:42:42 - [TEST_STEP][PASSED] - workbook01 = getWorkbook(excelFilePath): null

03-03-2025T13:42:42 - [TEST_STEP][PASSED] - sheet01 = getExcelSheet(workbook01, sheetName): null

03-03-2025T13:42:42 - [TEST_STEP][PASSED] - setValueToCellByIndex(sheet01, n, 0, dashboardName): null

03-03-2025T13:42:42 - [TEST_STEP][PASSED] - setValueToCellByIndex(sheet01, n, 1, dZO): null

03-03-2025T13:42:42 - [TEST_STEP][PASSED] - setValueToCellByIndex(sheet01, n, 2, typeOfData): null

03-03-2025T13:42:42 - [TEST_STEP][PASSED] - if (typeOfData == "Факт в процентах" || typeOfData == "План в процентах"): null

03-03-2025T13:42:42 - [TEST_STEP][PASSED] - else: null

03-03-2025T13:42:42 - [TEST_STEP][PASSED] - setValueToCellByIndex(sheet01, n, 3, fileInt): null

03-03-2025T13:42:42 - [TEST_STEP][PASSED] - setValueToCellByIndex(sheet01, n, 4, pageInt): null

03-03-2025T13:42:42 - [TEST_STEP][PASSED] - setValueToCellByIndex(sheet01, n, 5, m): null

03-03-2025T13:42:42 - [TEST_STEP][PASSED] - setValueToCellByIndex(sheet01, n, 6, y): null

03-03-2025T13:42:42 - [TEST_STEP][PASSED] - setValueToCellByIndex(sheet01, n, 7, todaysDate): null

03-03-2025T13:42:42 - [TEST_STEP][PASSED] - n = n + 1: null

03-03-2025T13:42:42 - [TEST_STEP][PASSED] - saveWorkbook(excelFilePath, workbook01): null

03-03-2025T13:42:42 - [TEST_STEP][PASSED] - compare = pagePoteri: null

03-03-2025T13:42:42 - [TEST_STEP][PASSED] - if (pageOtpuskVSet != null): null

03-03-2025T13:42:42 - [TEST_STEP][PASSED] - if (compare == filePoteri): null

03-03-2025T13:42:42 - [TEST_STEP][PASSED] - else if (compare > filePoteri): null

03-03-2025T13:42:42 - [TEST_STEP][PASSED] - else if (compare < filePoteri): null

03-03-2025T13:42:42 - [TEST_STEP][PASSED] - compare = compare + 1: null

03-03-2025T13:42:42 - [TEST_STEP][PASSED] - if (compare == filePoteri): null

03-03-2025T13:42:42 - [TEST_STEP][PASSED] - else: null

03-03-2025T13:42:42 - [TEST_STEP][PASSED] - numberOfErrors = numberOfErrors + 1: null

03-03-2025T13:42:42 - [TEST_STEP][PASSED] - pageInt = pagePoteri: null

03-03-2025T13:42:42 - [TEST_STEP][PASSED] - fileInt = filePoteri: null

03-03-2025T13:42:42 - [TEST_STEP][PASSED] - typeOfData = typeOfDataMain + " Потери": null

03-03-2025T13:42:42 - [TEST_STEP][PASSED] - Script1718980020443.WriteToExcel(a, typeOfData, todaysDate, pageInt, fileInt, pageDouble, fileDouble, dZO): null

03-03-2025T13:42:42 - [TEST_STEP][PASSED] - sheetName = "Sheet1": null

03-03-2025T13:42:42 - [TEST_STEP][PASSED] - data = findTestData("PlanFact"): null

03-03-2025T13:42:42 - [TEST_STEP][PASSED] - n = data.getRowNumbers() + 1: null

03-03-2025T13:42:42 - [TEST_STEP][PASSED] - day = ")).toInteger(): null

03-03-2025T13:42:42 - [TEST_STEP][PASSED] - println(day): null

03-03-2025T13:42:42 - [TEST_STEP][PASSED] - month = ")).toInteger(): null

03-03-2025T13:42:42 - [TEST_STEP][PASSED] - println(month): null

03-03-2025T13:42:42 - [TEST_STEP][PASSED] - y = <not implemented yet for class: org.codehaus.groovy.ast.expr.EmptyExpression>: null

03-03-2025T13:42:42 - [TEST_STEP][PASSED] - iy = <not implemented yet for class: org.codehaus.groovy.ast.expr.EmptyExpression>: null

03-03-2025T13:42:42 - [TEST_STEP][PASSED] - m = getText(findTestObject("Выполнение бизнес-плана/Период")): Text of object 'Object Repository/Выполнение бизнес-плана/Период' is: '2024 год'

03-03-2025T13:42:43 - [MESSAGE][PASSED] - Text of object 'Object Repository/Выполнение бизнес-плана/Период' is: '2024 год'

03-03-2025T13:42:43 - [TEST_STEP][PASSED] - iy = m.indexOf("20"): null

03-03-2025T13:42:43 - [TEST_STEP][PASSED] - if (iy > -1): null

03-03-2025T13:42:43 - [TEST_STEP][PASSED] - y = substring(iy, iy + 4).toInteger(): null

03-03-2025T13:42:43 - [TEST_STEP][PASSED] - println(y): null

03-03-2025T13:42:43 - [TEST_STEP][PASSED] - if (toString().length() == 4): null

03-03-2025T13:42:43 - [TEST_STEP][PASSED] - m = m.substring(0, m.indexOf(y.toString())): null

03-03-2025T13:42:43 - [TEST_STEP][PASSED] - m = m.trim(): null

03-03-2025T13:42:43 - [TEST_STEP][PASSED] - if (m == ""): null

03-03-2025T13:42:43 - [TEST_STEP][PASSED] - m = "весь год": null

03-03-2025T13:42:43 - [TEST_STEP][PASSED] - dashboardName = "Выполнение бизнес-плана": null

03-03-2025T13:42:43 - [TEST_STEP][PASSED] - workbook01 = getWorkbook(excelFilePath): null

03-03-2025T13:42:43 - [TEST_STEP][PASSED] - sheet01 = getExcelSheet(workbook01, sheetName): null

03-03-2025T13:42:43 - [TEST_STEP][PASSED] - setValueToCellByIndex(sheet01, n, 0, dashboardName): null

03-03-2025T13:42:43 - [TEST_STEP][PASSED] - setValueToCellByIndex(sheet01, n, 1, dZO): null

03-03-2025T13:42:43 - [TEST_STEP][PASSED] - setValueToCellByIndex(sheet01, n, 2, typeOfData): null

03-03-2025T13:42:43 - [TEST_STEP][PASSED] - if (typeOfData == "Факт в процентах" || typeOfData == "План в процентах"): null

03-03-2025T13:42:43 - [TEST_STEP][PASSED] - else: null

03-03-2025T13:42:43 - [TEST_STEP][PASSED] - setValueToCellByIndex(sheet01, n, 3, fileInt): null

03-03-2025T13:42:43 - [TEST_STEP][PASSED] - setValueToCellByIndex(sheet01, n, 4, pageInt): null

03-03-2025T13:42:43 - [TEST_STEP][PASSED] - setValueToCellByIndex(sheet01, n, 5, m): null

03-03-2025T13:42:43 - [TEST_STEP][PASSED] - setValueToCellByIndex(sheet01, n, 6, y): null

03-03-2025T13:42:43 - [TEST_STEP][PASSED] - setValueToCellByIndex(sheet01, n, 7, todaysDate): null

03-03-2025T13:42:43 - [TEST_STEP][PASSED] - n = n + 1: null

03-03-2025T13:42:43 - [TEST_STEP][PASSED] - saveWorkbook(excelFilePath, workbook01): Object: 'Object Repository/Выполнение бизнес-плана/Кнопка Факт' is clicked on

03-03-2025T13:42:43 - [TEST_STEP][PASSED] - if (planFact == 2): Object: 'Object Repository/Выполнение бизнес-плана/Кнопка Факт' is clicked on

03-03-2025T13:42:43 - [TEST_STEP][PASSED] - click(findTestObject("Выполнение бизнес-плана/Кнопка Факт")): Object: 'Object Repository/Выполнение бизнес-плана/Кнопка Факт' is clicked on

03-03-2025T13:42:43 - [MESSAGE][PASSED] - Object: 'Object Repository/Выполнение бизнес-плана/Кнопка Факт' is clicked on

03-03-2025T13:42:43 - [TEST_STEP][PASSED] - println("a=" + a): null

03-03-2025T13:42:43 - [TEST_STEP][PASSED] - if (a == 84 || a == 82): null

03-03-2025T13:42:43 - [TEST_STEP][PASSED] - else if (a == 83 || a == 52 || a == 72 || a == 28 || a == 73 || a == 77 || a == 74 || a == 65 || a == 36 || a == 44 || a == 53 || a == 80 || a == 54 || a == 1 || a == 18 || a == 59 || a == 81): null

03-03-2025T13:42:43 - [TEST_STEP][PASSED] - else: null

03-03-2025T13:42:43 - [TEST_STEP][PASSED] - page1 = getText(findTestObject("Object Repository/Выполнение бизнес-плана/spanPlan" + filialNum)): Text of object 'Object Repository/Выполнение бизнес-плана/spanPlan10' is: '11.40
|'

03-03-2025T13:42:44 - [MESSAGE][PASSED] - Text of object 'Object Repository/Выполнение бизнес-плана/spanPlan10' is: '11.40
|'

03-03-2025T13:42:44 - [TEST_STEP][PASSED] - page1 = page1.replace("|", ""): null

03-03-2025T13:42:44 - [TEST_STEP][PASSED] - page2 = getText(findTestObject("Object Repository/Выполнение бизнес-плана/spanFact" + filialNum)): Text of object 'Object Repository/Выполнение бизнес-плана/spanFact10' is: '10.84
|'

03-03-2025T13:42:44 - [MESSAGE][PASSED] - Text of object 'Object Repository/Выполнение бизнес-плана/spanFact10' is: '10.84
|'

03-03-2025T13:42:44 - [TEST_STEP][PASSED] - page2 = page2.replace("|", ""): null

03-03-2025T13:42:44 - [TEST_STEP][PASSED] - println("page1: " + page1): null

03-03-2025T13:42:44 - [TEST_STEP][PASSED] - println("page2: " + page2): null

03-03-2025T13:42:44 - [TEST_STEP][PASSED] - file = findTestData("PlanFact").getValue(4, a): null

03-03-2025T13:42:44 - [TEST_STEP][PASSED] - file = file.replace(",", "."): null

03-03-2025T13:42:44 - [TEST_STEP][PASSED] - println("file Plan: " + file): null

03-03-2025T13:42:44 - [TEST_STEP][PASSED] - typeOfData = "План в процентах": null

03-03-2025T13:42:44 - [TEST_STEP][PASSED] - fileDouble = file.toDouble(): null

03-03-2025T13:42:44 - [TEST_STEP][PASSED] - pageDouble = page1.toDouble(): null

03-03-2025T13:42:44 - [TEST_STEP][PASSED] - if (fileDouble != pageDouble): null

03-03-2025T13:42:44 - [TEST_STEP][PASSED] - file = findTestData("PlanFact").getValue(7, a): null

03-03-2025T13:42:44 - [TEST_STEP][PASSED] - file = file.replace(",", "."): null

03-03-2025T13:42:44 - [TEST_STEP][PASSED] - println("file Fact: " + file): null

03-03-2025T13:42:44 - [TEST_STEP][PASSED] - fileDouble = file.toDouble(): null

03-03-2025T13:42:44 - [TEST_STEP][PASSED] - typeOfData = "Факт в процентах": null

03-03-2025T13:42:44 - [TEST_STEP][PASSED] - fileDouble = file.toDouble(): null

03-03-2025T13:42:44 - [TEST_STEP][PASSED] - pageDouble = page2.toDouble(): null

03-03-2025T13:42:44 - [TEST_STEP][PASSED] - if (fileDouble != pageDouble): null

03-03-2025T13:42:44 - [TEST_STEP][FAILED] - if (verifyEqual(numberOfErrors, 0) == false): null

03-03-2025T13:42:44 - [MESSAGE][FAILED] - Unable to verify equal between actual object '4' and expected object '0' (Root cause: com.kms.katalon.core.exception.StepFailedException: Actual object '4' and expected object '0' are not equal
	at com.kms.katalon.core.keyword.builtin.VerifyEqualKeyword$_verifyEqual_closure1.doCall(VerifyEqualKeyword.groovy:58)
	at com.kms.katalon.core.keyword.builtin.VerifyEqualKeyword$_verifyEqual_closure1.call(VerifyEqualKeyword.groovy)
	at com.kms.katalon.core.keyword.internal.KeywordMain.runKeyword(KeywordMain.groovy:75)
	at com.kms.katalon.core.keyword.builtin.VerifyEqualKeyword.verifyEqual(VerifyEqualKeyword.groovy:63)
	at com.kms.katalon.core.keyword.builtin.VerifyEqualKeyword.execute(VerifyEqualKeyword.groovy:44)
	at com.kms.katalon.core.keyword.internal.KeywordExecutor.executeKeywordForPlatform(KeywordExecutor.groovy:74)
	at com.kms.katalon.core.keyword.BuiltinKeywords.verifyEqual(BuiltinKeywords.groovy:146)
	at jdk.internal.reflect.GeneratedMethodAccessor24.invoke(Unknown Source)
	at java.base/jdk.internal.reflect.DelegatingMethodAccessorImpl.invoke(DelegatingMethodAccessorImpl.java:43)
	at Выполнение бизнес-плана Сверка ПАО Россети все филиалы.Numbers(Выполнение бизнес-плана Сверка ПАО Россети все филиалы:736)
	at Выполнение бизнес-плана Сверка ПАО Россети все филиалы.Filials(Выполнение бизнес-плана Сверка ПАО Россети все филиалы:1277)
	at Выполнение бизнес-плана Сверка ПАО Россети все филиалы.Numbers(Выполнение бизнес-плана Сверка ПАО Россети все филиалы:743)
	at Выполнение бизнес-плана Сверка ПАО Россети все филиалы.run(Выполнение бизнес-плана Сверка ПАО Россети все филиалы:364)
	at com.kms.katalon.core.main.ScriptEngine.run(ScriptEngine.java:194)
	at com.kms.katalon.core.main.ScriptEngine.runScriptAsRawText(ScriptEngine.java:119)
	at com.kms.katalon.core.main.TestCaseExecutor.runScript(TestCaseExecutor.java:448)
	at com.kms.katalon.core.main.TestCaseExecutor.doExecute(TestCaseExecutor.java:439)
	at com.kms.katalon.core.main.TestCaseExecutor.processExecutionPhase(TestCaseExecutor.java:418)
	at com.kms.katalon.core.main.TestCaseExecutor.accessMainPhase(TestCaseExecutor.java:410)
	at com.kms.katalon.core.main.TestCaseExecutor.execute(TestCaseExecutor.java:285)
	at com.kms.katalon.core.common.CommonExecutor.accessTestCaseMainPhase(CommonExecutor.java:65)
	at com.kms.katalon.core.main.TestSuiteExecutor.accessTestSuiteMainPhase(TestSuiteExecutor.java:150)
	at com.kms.katalon.core.main.TestSuiteExecutor.execute(TestSuiteExecutor.java:106)
	at com.kms.katalon.core.main.TestCaseMain.startTestSuite(TestCaseMain.java:180)
	at TempTestSuite1740991900055.run(TempTestSuite1740991900055.groovy:35)
	at java.base/jdk.internal.reflect.NativeMethodAccessorImpl.invoke0(Native Method)
	at java.base/jdk.internal.reflect.NativeMethodAccessorImpl.invoke(NativeMethodAccessorImpl.java:77)
	at java.base/jdk.internal.reflect.DelegatingMethodAccessorImpl.invoke(DelegatingMethodAccessorImpl.java:43)
)

03-03-2025T13:42:44 - [TEST_STEP][PASSED] - println(numberOfErrors): null

03-03-2025T13:42:44 - [TEST_STEP][PASSED] - println("a=" + a): null

03-03-2025T13:42:44 - [TEST_STEP][PASSED] - if (a == 28 || a == 77 || a == 74 || a == 65 || a == 36 || a == 44 || a == 54 || a == 1 || a == 18 || a == 59): null

03-03-2025T13:42:44 - [TEST_STEP][PASSED] - if (a == 82): null

03-03-2025T13:42:44 - [TEST_STEP][PASSED] - dZO = "Орелэнерго": null

03-03-2025T13:42:44 - [TEST_STEP][PASSED] - a = 8: null

03-03-2025T13:42:44 - [TEST_STEP][PASSED] - if (x2.contains(dZO)): null

03-03-2025T13:42:44 - [TEST_STEP][PASSED] - filialNum = filialNum + 1: null

03-03-2025T13:42:44 - [TEST_STEP][PASSED] - Script1718980020443.Numbers(a, typeOfData, todaysDate, pageInt, fileInt, pageDouble, fileDouble, dZO, dzoNum, filialNum): null

03-03-2025T13:42:44 - [TEST_STEP][PASSED] - println(dzoNum): null

03-03-2025T13:42:44 - [TEST_STEP][PASSED] - planFact = <not implemented yet for class: org.codehaus.groovy.ast.expr.EmptyExpression>: null

03-03-2025T13:42:44 - [TEST_STEP][PASSED] - page = <not implemented yet for class: org.codehaus.groovy.ast.expr.EmptyExpression>: null

03-03-2025T13:42:44 - [TEST_STEP][PASSED] - page1 = <not implemented yet for class: org.codehaus.groovy.ast.expr.EmptyExpression>: null

03-03-2025T13:42:44 - [TEST_STEP][PASSED] - page2 = <not implemented yet for class: org.codehaus.groovy.ast.expr.EmptyExpression>: null

03-03-2025T13:42:44 - [TEST_STEP][PASSED] - filialNumberInRow = <not implemented yet for class: org.codehaus.groovy.ast.expr.EmptyExpression>: null

03-03-2025T13:42:44 - [TEST_STEP][PASSED] - filialsDzoNames = <not implemented yet for class: org.codehaus.groovy.ast.expr.EmptyExpression>: null

03-03-2025T13:42:44 - [TEST_STEP][PASSED] - numberOfFilials = <not implemented yet for class: org.codehaus.groovy.ast.expr.EmptyExpression>: null

03-03-2025T13:42:44 - [TEST_STEP][PASSED] - numberOfSpaces = <not implemented yet for class: org.codehaus.groovy.ast.expr.EmptyExpression>: null

03-03-2025T13:42:44 - [TEST_STEP][PASSED] - file = <not implemented yet for class: org.codehaus.groovy.ast.expr.EmptyExpression>: null

03-03-2025T13:42:44 - [TEST_STEP][PASSED] - otpusk = <not implemented yet for class: org.codehaus.groovy.ast.expr.EmptyExpression>: null

03-03-2025T13:42:44 - [TEST_STEP][PASSED] - poteri = <not implemented yet for class: org.codehaus.groovy.ast.expr.EmptyExpression>: null

03-03-2025T13:42:44 - [TEST_STEP][PASSED] - dataFolder = "Выполнение бизнес-плана/Значения со страницы Выполнение бизнес-плана/": null

03-03-2025T13:42:44 - [TEST_STEP][PASSED] - path = <not implemented yet for class: org.codehaus.groovy.ast.expr.EmptyExpression>: null

03-03-2025T13:42:44 - [TEST_STEP][PASSED] - typeOfDataMain = <not implemented yet for class: org.codehaus.groovy.ast.expr.EmptyExpression>: null

03-03-2025T13:42:44 - [TEST_STEP][PASSED] - fileOtpuskVSet = <not implemented yet for class: org.codehaus.groovy.ast.expr.EmptyExpression>: null

03-03-2025T13:42:44 - [TEST_STEP][PASSED] - pageOtpuskVSet = <not implemented yet for class: org.codehaus.groovy.ast.expr.EmptyExpression>: null

03-03-2025T13:42:44 - [TEST_STEP][PASSED] - filePoteri = <not implemented yet for class: org.codehaus.groovy.ast.expr.EmptyExpression>: null

03-03-2025T13:42:44 - [TEST_STEP][PASSED] - pagePoteri = <not implemented yet for class: org.codehaus.groovy.ast.expr.EmptyExpression>: null

03-03-2025T13:42:44 - [TEST_STEP][PASSED] - compare = <not implemented yet for class: org.codehaus.groovy.ast.expr.EmptyExpression>: null

03-03-2025T13:42:44 - [TEST_STEP][PASSED] - b = <not implemented yet for class: org.codehaus.groovy.ast.expr.EmptyExpression>: null

03-03-2025T13:42:44 - [TEST_STEP][PASSED] - i = <not implemented yet for class: org.codehaus.groovy.ast.expr.EmptyExpression>: null

03-03-2025T13:42:44 - [TEST_STEP][PASSED] - ii = <not implemented yet for class: org.codehaus.groovy.ast.expr.EmptyExpression>: null

03-03-2025T13:42:44 - [TEST_STEP][PASSED] - c = <not implemented yet for class: org.codehaus.groovy.ast.expr.EmptyExpression>: null

03-03-2025T13:42:44 - [TEST_STEP][PASSED] - numberOfErrors = 0: null

03-03-2025T13:42:44 - [TEST_STEP][PASSED] - if (a == 82): null

03-03-2025T13:42:44 - [TEST_STEP][PASSED] - b = findTestData("PlanFact").getValue(1, a): null

03-03-2025T13:42:44 - [TEST_STEP][PASSED] - i = b.indexOf(" (ГК)"): null

03-03-2025T13:42:44 - [TEST_STEP][PASSED] - if (i > -1): null

03-03-2025T13:42:44 - [TEST_STEP][PASSED] - i = b.indexOf("О ""): null

03-03-2025T13:42:44 - [TEST_STEP][PASSED] - if (i > -1): null

03-03-2025T13:42:44 - [TEST_STEP][PASSED] - i = b.indexOf("О «"): null

03-03-2025T13:42:44 - [TEST_STEP][PASSED] - if (i > -1): null

03-03-2025T13:42:44 - [TEST_STEP][PASSED] - i = b.indexOf("г. "): null

03-03-2025T13:42:44 - [TEST_STEP][PASSED] - if (i > -1): null

03-03-2025T13:42:44 - [TEST_STEP][PASSED] - b = b.trim(): null

03-03-2025T13:42:44 - [TEST_STEP][PASSED] - println(b): null

03-03-2025T13:42:44 - [TEST_STEP][PASSED] - for ([planFact = 1, planFact < 3, (planFact++)]): null

03-03-2025T13:42:44 - [TEST_STEP][PASSED] - if (planFact == 1): null

03-03-2025T13:42:44 - [TEST_STEP][PASSED] - typeOfDataMain = "Факт": null

03-03-2025T13:42:44 - [TEST_STEP][PASSED] - otpusk = findTestData("PlanFact").getValue(5, a): null

03-03-2025T13:42:44 - [TEST_STEP][PASSED] - poteri = findTestData("PlanFact").getValue(6, a): null

03-03-2025T13:42:44 - [TEST_STEP][PASSED] - otpusk = otpusk.replaceAll("\s+", ""): null

03-03-2025T13:42:44 - [TEST_STEP][PASSED] - poteri = poteri.replaceAll("\s+", ""): null

03-03-2025T13:42:44 - [TEST_STEP][PASSED] - typeOfData = typeOfDataMain + " Отпуск в сеть": null

03-03-2025T13:42:44 - [TEST_STEP][PASSED] - if (a == 82): null

03-03-2025T13:42:44 - [TEST_STEP][PASSED] - else if (a == 84): null

03-03-2025T13:42:44 - [TEST_STEP][PASSED] - else if (a == 83 || a == 52 || a == 72 || a == 28 || a == 73 || a == 77 || a == 74 || a == 65 || a == 36 || a == 44 || a == 53 || a == 80 || a == 54 || a == 1 || a == 18 || a == 59 || a == 81): null

03-03-2025T13:42:44 - [TEST_STEP][PASSED] - else: null

03-03-2025T13:42:44 - [TEST_STEP][PASSED] - path = dataFolder + typeOfData + " за отчётный период " + b: null

03-03-2025T13:42:44 - [TEST_STEP][PASSED] - println(path): null

03-03-2025T13:42:44 - [TEST_STEP][PASSED] - page = getText(findTestObject(path)): Text of object 'Object Repository/Выполнение бизнес-плана/Значения со страницы Выполнение бизнес-плана/Факт Отпуск в сеть за отчётный период Орелэнерго' is: '228 044'

03-03-2025T13:42:44 - [MESSAGE][PASSED] - Text of object 'Object Repository/Выполнение бизнес-плана/Значения со страницы Выполнение бизнес-плана/Факт Отпуск в сеть за отчётный период Орелэнерго' is: '228 044'

03-03-2025T13:42:44 - [TEST_STEP][PASSED] - if (page == "" || page == null): null

03-03-2025T13:42:44 - [TEST_STEP][PASSED] - else: null

03-03-2025T13:42:44 - [TEST_STEP][PASSED] - page = page.replaceAll("\s+", ""): null

03-03-2025T13:42:44 - [TEST_STEP][PASSED] - fileOtpuskVSet = otpusk.toInteger(): null

03-03-2025T13:42:44 - [TEST_STEP][PASSED] - pageOtpuskVSet = page.toInteger(): null

03-03-2025T13:42:44 - [TEST_STEP][PASSED] - typeOfData = typeOfDataMain + " Потери": null

03-03-2025T13:42:44 - [TEST_STEP][PASSED] - if (a == 82): null

03-03-2025T13:42:44 - [TEST_STEP][PASSED] - else if (a == 84): null

03-03-2025T13:42:44 - [TEST_STEP][PASSED] - else if (a == 83 || a == 52 || a == 72 || a == 28 || a == 73 || a == 77 || a == 74 || a == 65 || a == 44 || a == 53 || a == 80 || a == 54 || a == 1 || a == 18 || a == 59 || a == 81): null

03-03-2025T13:42:44 - [TEST_STEP][PASSED] - else: null

03-03-2025T13:42:44 - [TEST_STEP][PASSED] - path = dataFolder + typeOfData + " за отчётный период " + b: null

03-03-2025T13:42:44 - [TEST_STEP][PASSED] - page = getText(findTestObject(path)): Text of object 'Object Repository/Выполнение бизнес-плана/Значения со страницы Выполнение бизнес-плана/Факт Потери за отчётный период Орелэнерго' is: '26 700'

03-03-2025T13:42:45 - [MESSAGE][PASSED] - Text of object 'Object Repository/Выполнение бизнес-плана/Значения со страницы Выполнение бизнес-плана/Факт Потери за отчётный период Орелэнерго' is: '26 700'

03-03-2025T13:42:45 - [TEST_STEP][PASSED] - if (page == "" || page == null): null

03-03-2025T13:42:45 - [TEST_STEP][PASSED] - else: null

03-03-2025T13:42:45 - [TEST_STEP][PASSED] - page = page.replaceAll("\s+", ""): null

03-03-2025T13:42:45 - [TEST_STEP][PASSED] - filePoteri = poteri.toInteger(): null

03-03-2025T13:42:45 - [TEST_STEP][PASSED] - pagePoteri = page.toInteger(): null

03-03-2025T13:42:45 - [TEST_STEP][PASSED] - compare = pageOtpuskVSet: null

03-03-2025T13:42:45 - [TEST_STEP][PASSED] - if (pageOtpuskVSet != null): null

03-03-2025T13:42:45 - [TEST_STEP][PASSED] - if (compare == fileOtpuskVSet): null

03-03-2025T13:42:45 - [TEST_STEP][PASSED] - else if (compare > fileOtpuskVSet): null

03-03-2025T13:42:45 - [TEST_STEP][PASSED] - else if (compare < fileOtpuskVSet): null

03-03-2025T13:42:45 - [TEST_STEP][PASSED] - compare = compare + 1: null

03-03-2025T13:42:45 - [TEST_STEP][PASSED] - if (compare == fileOtpuskVSet): null

03-03-2025T13:42:45 - [TEST_STEP][PASSED] - else: null

03-03-2025T13:42:45 - [TEST_STEP][PASSED] - numberOfErrors = numberOfErrors + 1: null

03-03-2025T13:42:45 - [TEST_STEP][PASSED] - pageInt = pageOtpuskVSet: null

03-03-2025T13:42:45 - [TEST_STEP][PASSED] - fileInt = fileOtpuskVSet: null

03-03-2025T13:42:45 - [TEST_STEP][PASSED] - typeOfData = typeOfDataMain + " Отпуск в сеть": null

03-03-2025T13:42:45 - [TEST_STEP][PASSED] - Script1718980020443.WriteToExcel(a, typeOfData, todaysDate, pageInt, fileInt, pageDouble, fileDouble, dZO): null

03-03-2025T13:42:45 - [TEST_STEP][PASSED] - sheetName = "Sheet1": null

03-03-2025T13:42:45 - [TEST_STEP][PASSED] - data = findTestData("PlanFact"): null

03-03-2025T13:42:45 - [TEST_STEP][PASSED] - n = data.getRowNumbers() + 1: null

03-03-2025T13:42:45 - [TEST_STEP][PASSED] - day = ")).toInteger(): null

03-03-2025T13:42:45 - [TEST_STEP][PASSED] - println(day): null

03-03-2025T13:42:45 - [TEST_STEP][PASSED] - month = ")).toInteger(): null

03-03-2025T13:42:45 - [TEST_STEP][PASSED] - println(month): null

03-03-2025T13:42:45 - [TEST_STEP][PASSED] - y = <not implemented yet for class: org.codehaus.groovy.ast.expr.EmptyExpression>: null

03-03-2025T13:42:45 - [TEST_STEP][PASSED] - iy = <not implemented yet for class: org.codehaus.groovy.ast.expr.EmptyExpression>: null

03-03-2025T13:42:45 - [TEST_STEP][PASSED] - m = getText(findTestObject("Выполнение бизнес-плана/Период")): Text of object 'Object Repository/Выполнение бизнес-плана/Период' is: '2024 год'

03-03-2025T13:42:45 - [MESSAGE][PASSED] - Text of object 'Object Repository/Выполнение бизнес-плана/Период' is: '2024 год'

03-03-2025T13:42:45 - [TEST_STEP][PASSED] - iy = m.indexOf("20"): null

03-03-2025T13:42:45 - [TEST_STEP][PASSED] - if (iy > -1): null

03-03-2025T13:42:45 - [TEST_STEP][PASSED] - y = substring(iy, iy + 4).toInteger(): null

03-03-2025T13:42:45 - [TEST_STEP][PASSED] - println(y): null

03-03-2025T13:42:45 - [TEST_STEP][PASSED] - if (toString().length() == 4): null

03-03-2025T13:42:45 - [TEST_STEP][PASSED] - m = m.substring(0, m.indexOf(y.toString())): null

03-03-2025T13:42:45 - [TEST_STEP][PASSED] - m = m.trim(): null

03-03-2025T13:42:45 - [TEST_STEP][PASSED] - if (m == ""): null

03-03-2025T13:42:45 - [TEST_STEP][PASSED] - m = "весь год": null

03-03-2025T13:42:45 - [TEST_STEP][PASSED] - dashboardName = "Выполнение бизнес-плана": null

03-03-2025T13:42:45 - [TEST_STEP][PASSED] - workbook01 = getWorkbook(excelFilePath): null

03-03-2025T13:42:45 - [TEST_STEP][PASSED] - sheet01 = getExcelSheet(workbook01, sheetName): null

03-03-2025T13:42:45 - [TEST_STEP][PASSED] - setValueToCellByIndex(sheet01, n, 0, dashboardName): null

03-03-2025T13:42:45 - [TEST_STEP][PASSED] - setValueToCellByIndex(sheet01, n, 1, dZO): null

03-03-2025T13:42:45 - [TEST_STEP][PASSED] - setValueToCellByIndex(sheet01, n, 2, typeOfData): null

03-03-2025T13:42:45 - [TEST_STEP][PASSED] - if (typeOfData == "Факт в процентах" || typeOfData == "План в процентах"): null

03-03-2025T13:42:45 - [TEST_STEP][PASSED] - else: null

03-03-2025T13:42:45 - [TEST_STEP][PASSED] - setValueToCellByIndex(sheet01, n, 3, fileInt): null

03-03-2025T13:42:45 - [TEST_STEP][PASSED] - setValueToCellByIndex(sheet01, n, 4, pageInt): null

03-03-2025T13:42:45 - [TEST_STEP][PASSED] - setValueToCellByIndex(sheet01, n, 5, m): null

03-03-2025T13:42:45 - [TEST_STEP][PASSED] - setValueToCellByIndex(sheet01, n, 6, y): null

03-03-2025T13:42:45 - [TEST_STEP][PASSED] - setValueToCellByIndex(sheet01, n, 7, todaysDate): null

03-03-2025T13:42:45 - [TEST_STEP][PASSED] - n = n + 1: null

03-03-2025T13:42:45 - [TEST_STEP][PASSED] - saveWorkbook(excelFilePath, workbook01): null

03-03-2025T13:42:45 - [TEST_STEP][PASSED] - compare = pagePoteri: null

03-03-2025T13:42:45 - [TEST_STEP][PASSED] - if (pageOtpuskVSet != null): null

03-03-2025T13:42:45 - [TEST_STEP][PASSED] - if (compare == filePoteri): null

03-03-2025T13:42:45 - [TEST_STEP][PASSED] - else if (compare > filePoteri): null

03-03-2025T13:42:45 - [TEST_STEP][PASSED] - else if (compare < filePoteri): null

03-03-2025T13:42:45 - [TEST_STEP][PASSED] - compare = compare + 1: null

03-03-2025T13:42:45 - [TEST_STEP][PASSED] - if (compare == filePoteri): null

03-03-2025T13:42:45 - [TEST_STEP][PASSED] - else: null

03-03-2025T13:42:45 - [TEST_STEP][PASSED] - numberOfErrors = numberOfErrors + 1: null

03-03-2025T13:42:45 - [TEST_STEP][PASSED] - pageInt = pagePoteri: null

03-03-2025T13:42:45 - [TEST_STEP][PASSED] - fileInt = filePoteri: null

03-03-2025T13:42:45 - [TEST_STEP][PASSED] - typeOfData = typeOfDataMain + " Потери": null

03-03-2025T13:42:45 - [TEST_STEP][PASSED] - Script1718980020443.WriteToExcel(a, typeOfData, todaysDate, pageInt, fileInt, pageDouble, fileDouble, dZO): null

03-03-2025T13:42:45 - [TEST_STEP][PASSED] - sheetName = "Sheet1": null

03-03-2025T13:42:45 - [TEST_STEP][PASSED] - data = findTestData("PlanFact"): null

03-03-2025T13:42:45 - [TEST_STEP][PASSED] - n = data.getRowNumbers() + 1: null

03-03-2025T13:42:45 - [TEST_STEP][PASSED] - day = ")).toInteger(): null

03-03-2025T13:42:45 - [TEST_STEP][PASSED] - println(day): null

03-03-2025T13:42:45 - [TEST_STEP][PASSED] - month = ")).toInteger(): null

03-03-2025T13:42:45 - [TEST_STEP][PASSED] - println(month): null

03-03-2025T13:42:45 - [TEST_STEP][PASSED] - y = <not implemented yet for class: org.codehaus.groovy.ast.expr.EmptyExpression>: null

03-03-2025T13:42:45 - [TEST_STEP][PASSED] - iy = <not implemented yet for class: org.codehaus.groovy.ast.expr.EmptyExpression>: null

03-03-2025T13:42:45 - [TEST_STEP][PASSED] - m = getText(findTestObject("Выполнение бизнес-плана/Период")): Text of object 'Object Repository/Выполнение бизнес-плана/Период' is: '2024 год'

03-03-2025T13:42:46 - [MESSAGE][PASSED] - Text of object 'Object Repository/Выполнение бизнес-плана/Период' is: '2024 год'

03-03-2025T13:42:46 - [TEST_STEP][PASSED] - iy = m.indexOf("20"): null

03-03-2025T13:42:46 - [TEST_STEP][PASSED] - if (iy > -1): null

03-03-2025T13:42:46 - [TEST_STEP][PASSED] - y = substring(iy, iy + 4).toInteger(): null

03-03-2025T13:42:46 - [TEST_STEP][PASSED] - println(y): null

03-03-2025T13:42:46 - [TEST_STEP][PASSED] - if (toString().length() == 4): null

03-03-2025T13:42:46 - [TEST_STEP][PASSED] - m = m.substring(0, m.indexOf(y.toString())): null

03-03-2025T13:42:46 - [TEST_STEP][PASSED] - m = m.trim(): null

03-03-2025T13:42:46 - [TEST_STEP][PASSED] - if (m == ""): null

03-03-2025T13:42:46 - [TEST_STEP][PASSED] - m = "весь год": null

03-03-2025T13:42:46 - [TEST_STEP][PASSED] - dashboardName = "Выполнение бизнес-плана": null

03-03-2025T13:42:46 - [TEST_STEP][PASSED] - workbook01 = getWorkbook(excelFilePath): null

03-03-2025T13:42:46 - [TEST_STEP][PASSED] - sheet01 = getExcelSheet(workbook01, sheetName): null

03-03-2025T13:42:46 - [TEST_STEP][PASSED] - setValueToCellByIndex(sheet01, n, 0, dashboardName): null

03-03-2025T13:42:46 - [TEST_STEP][PASSED] - setValueToCellByIndex(sheet01, n, 1, dZO): null

03-03-2025T13:42:46 - [TEST_STEP][PASSED] - setValueToCellByIndex(sheet01, n, 2, typeOfData): null

03-03-2025T13:42:46 - [TEST_STEP][PASSED] - if (typeOfData == "Факт в процентах" || typeOfData == "План в процентах"): null

03-03-2025T13:42:46 - [TEST_STEP][PASSED] - else: null

03-03-2025T13:42:46 - [TEST_STEP][PASSED] - setValueToCellByIndex(sheet01, n, 3, fileInt): null

03-03-2025T13:42:46 - [TEST_STEP][PASSED] - setValueToCellByIndex(sheet01, n, 4, pageInt): null

03-03-2025T13:42:46 - [TEST_STEP][PASSED] - setValueToCellByIndex(sheet01, n, 5, m): null

03-03-2025T13:42:46 - [TEST_STEP][PASSED] - setValueToCellByIndex(sheet01, n, 6, y): null

03-03-2025T13:42:46 - [TEST_STEP][PASSED] - setValueToCellByIndex(sheet01, n, 7, todaysDate): null

03-03-2025T13:42:46 - [TEST_STEP][PASSED] - n = n + 1: null

03-03-2025T13:42:46 - [TEST_STEP][PASSED] - saveWorkbook(excelFilePath, workbook01): null

03-03-2025T13:42:46 - [TEST_STEP][PASSED] - if (planFact == 2): null

03-03-2025T13:42:46 - [TEST_STEP][PASSED] - if (planFact == 1): null

03-03-2025T13:42:46 - [TEST_STEP][PASSED] - else if (planFact == 2): null

03-03-2025T13:42:46 - [TEST_STEP][PASSED] - click(findTestObject("Выполнение бизнес-плана/Кнопка План")): Object: 'Object Repository/Выполнение бизнес-плана/Кнопка План' is clicked on

03-03-2025T13:42:46 - [MESSAGE][PASSED] - Object: 'Object Repository/Выполнение бизнес-плана/Кнопка План' is clicked on

03-03-2025T13:42:46 - [TEST_STEP][PASSED] - typeOfDataMain = "План": null

03-03-2025T13:42:46 - [TEST_STEP][PASSED] - otpusk = findTestData("PlanFact").getValue(2, a): null

03-03-2025T13:42:46 - [TEST_STEP][PASSED] - poteri = findTestData("PlanFact").getValue(3, a): null

03-03-2025T13:42:46 - [TEST_STEP][PASSED] - otpusk = otpusk.replaceAll("\s+", ""): null

03-03-2025T13:42:46 - [TEST_STEP][PASSED] - poteri = poteri.replaceAll("\s+", ""): null

03-03-2025T13:42:46 - [TEST_STEP][PASSED] - typeOfData = typeOfDataMain + " Отпуск в сеть": null

03-03-2025T13:42:46 - [TEST_STEP][PASSED] - if (a == 82): null

03-03-2025T13:42:46 - [TEST_STEP][PASSED] - else if (a == 84): null

03-03-2025T13:42:46 - [TEST_STEP][PASSED] - else if (a == 83 || a == 52 || a == 72 || a == 28 || a == 73 || a == 77 || a == 74 || a == 65 || a == 36 || a == 44 || a == 53 || a == 80 || a == 54 || a == 1 || a == 18 || a == 59 || a == 81): null

03-03-2025T13:42:46 - [TEST_STEP][PASSED] - else: null

03-03-2025T13:42:46 - [TEST_STEP][PASSED] - path = dataFolder + typeOfData + " за отчётный период " + b: null

03-03-2025T13:42:46 - [TEST_STEP][PASSED] - println(path): null

03-03-2025T13:42:46 - [TEST_STEP][PASSED] - page = getText(findTestObject(path)): Text of object 'Object Repository/Выполнение бизнес-плана/Значения со страницы Выполнение бизнес-плана/План Отпуск в сеть за отчётный период Орелэнерго' is: '233 389'

03-03-2025T13:42:47 - [MESSAGE][PASSED] - Text of object 'Object Repository/Выполнение бизнес-плана/Значения со страницы Выполнение бизнес-плана/План Отпуск в сеть за отчётный период Орелэнерго' is: '233 389'

03-03-2025T13:42:47 - [TEST_STEP][PASSED] - if (page == "" || page == null): null

03-03-2025T13:42:47 - [TEST_STEP][PASSED] - else: null

03-03-2025T13:42:47 - [TEST_STEP][PASSED] - page = page.replaceAll("\s+", ""): null

03-03-2025T13:42:47 - [TEST_STEP][PASSED] - fileOtpuskVSet = otpusk.toInteger(): null

03-03-2025T13:42:47 - [TEST_STEP][PASSED] - pageOtpuskVSet = page.toInteger(): null

03-03-2025T13:42:47 - [TEST_STEP][PASSED] - typeOfData = typeOfDataMain + " Потери": null

03-03-2025T13:42:47 - [TEST_STEP][PASSED] - if (a == 82): null

03-03-2025T13:42:47 - [TEST_STEP][PASSED] - else if (a == 84): null

03-03-2025T13:42:47 - [TEST_STEP][PASSED] - else if (a == 83 || a == 52 || a == 72 || a == 28 || a == 73 || a == 77 || a == 74 || a == 65 || a == 44 || a == 53 || a == 80 || a == 54 || a == 1 || a == 18 || a == 59 || a == 81): null

03-03-2025T13:42:47 - [TEST_STEP][PASSED] - else: null

03-03-2025T13:42:47 - [TEST_STEP][PASSED] - path = dataFolder + typeOfData + " за отчётный период " + b: null

03-03-2025T13:42:47 - [TEST_STEP][PASSED] - page = getText(findTestObject(path)): Text of object 'Object Repository/Выполнение бизнес-плана/Значения со страницы Выполнение бизнес-плана/План Потери за отчётный период Орелэнерго' is: '25 643'

03-03-2025T13:42:47 - [MESSAGE][PASSED] - Text of object 'Object Repository/Выполнение бизнес-плана/Значения со страницы Выполнение бизнес-плана/План Потери за отчётный период Орелэнерго' is: '25 643'

03-03-2025T13:42:47 - [TEST_STEP][PASSED] - if (page == "" || page == null): null

03-03-2025T13:42:47 - [TEST_STEP][PASSED] - else: null

03-03-2025T13:42:47 - [TEST_STEP][PASSED] - page = page.replaceAll("\s+", ""): null

03-03-2025T13:42:47 - [TEST_STEP][PASSED] - filePoteri = poteri.toInteger(): null

03-03-2025T13:42:47 - [TEST_STEP][PASSED] - pagePoteri = page.toInteger(): null

03-03-2025T13:42:47 - [TEST_STEP][PASSED] - compare = pageOtpuskVSet: null

03-03-2025T13:42:47 - [TEST_STEP][PASSED] - if (pageOtpuskVSet != null): null

03-03-2025T13:42:47 - [TEST_STEP][PASSED] - if (compare == fileOtpuskVSet): null

03-03-2025T13:42:47 - [TEST_STEP][PASSED] - else if (compare > fileOtpuskVSet): null

03-03-2025T13:42:47 - [TEST_STEP][PASSED] - else if (compare < fileOtpuskVSet): null

03-03-2025T13:42:47 - [TEST_STEP][PASSED] - compare = compare + 1: null

03-03-2025T13:42:47 - [TEST_STEP][PASSED] - if (compare == fileOtpuskVSet): null

03-03-2025T13:42:47 - [TEST_STEP][PASSED] - else: null

03-03-2025T13:42:47 - [TEST_STEP][PASSED] - numberOfErrors = numberOfErrors + 1: null

03-03-2025T13:42:47 - [TEST_STEP][PASSED] - pageInt = pageOtpuskVSet: null

03-03-2025T13:42:47 - [TEST_STEP][PASSED] - fileInt = fileOtpuskVSet: null

03-03-2025T13:42:47 - [TEST_STEP][PASSED] - typeOfData = typeOfDataMain + " Отпуск в сеть": null

03-03-2025T13:42:47 - [TEST_STEP][PASSED] - Script1718980020443.WriteToExcel(a, typeOfData, todaysDate, pageInt, fileInt, pageDouble, fileDouble, dZO): null

03-03-2025T13:42:47 - [TEST_STEP][PASSED] - sheetName = "Sheet1": null

03-03-2025T13:42:47 - [TEST_STEP][PASSED] - data = findTestData("PlanFact"): null

03-03-2025T13:42:47 - [TEST_STEP][PASSED] - n = data.getRowNumbers() + 1: null

03-03-2025T13:42:47 - [TEST_STEP][PASSED] - day = ")).toInteger(): null

03-03-2025T13:42:47 - [TEST_STEP][PASSED] - println(day): null

03-03-2025T13:42:47 - [TEST_STEP][PASSED] - month = ")).toInteger(): null

03-03-2025T13:42:47 - [TEST_STEP][PASSED] - println(month): null

03-03-2025T13:42:47 - [TEST_STEP][PASSED] - y = <not implemented yet for class: org.codehaus.groovy.ast.expr.EmptyExpression>: null

03-03-2025T13:42:47 - [TEST_STEP][PASSED] - iy = <not implemented yet for class: org.codehaus.groovy.ast.expr.EmptyExpression>: null

03-03-2025T13:42:47 - [TEST_STEP][PASSED] - m = getText(findTestObject("Выполнение бизнес-плана/Период")): Text of object 'Object Repository/Выполнение бизнес-плана/Период' is: '2024 год'

03-03-2025T13:42:47 - [MESSAGE][PASSED] - Text of object 'Object Repository/Выполнение бизнес-плана/Период' is: '2024 год'

03-03-2025T13:42:47 - [TEST_STEP][PASSED] - iy = m.indexOf("20"): null

03-03-2025T13:42:47 - [TEST_STEP][PASSED] - if (iy > -1): null

03-03-2025T13:42:47 - [TEST_STEP][PASSED] - y = substring(iy, iy + 4).toInteger(): null

03-03-2025T13:42:47 - [TEST_STEP][PASSED] - println(y): null

03-03-2025T13:42:47 - [TEST_STEP][PASSED] - if (toString().length() == 4): null

03-03-2025T13:42:47 - [TEST_STEP][PASSED] - m = m.substring(0, m.indexOf(y.toString())): null

03-03-2025T13:42:47 - [TEST_STEP][PASSED] - m = m.trim(): null

03-03-2025T13:42:47 - [TEST_STEP][PASSED] - if (m == ""): null

03-03-2025T13:42:47 - [TEST_STEP][PASSED] - m = "весь год": null

03-03-2025T13:42:47 - [TEST_STEP][PASSED] - dashboardName = "Выполнение бизнес-плана": null

03-03-2025T13:42:47 - [TEST_STEP][PASSED] - workbook01 = getWorkbook(excelFilePath): null

03-03-2025T13:42:47 - [TEST_STEP][PASSED] - sheet01 = getExcelSheet(workbook01, sheetName): null

03-03-2025T13:42:47 - [TEST_STEP][PASSED] - setValueToCellByIndex(sheet01, n, 0, dashboardName): null

03-03-2025T13:42:47 - [TEST_STEP][PASSED] - setValueToCellByIndex(sheet01, n, 1, dZO): null

03-03-2025T13:42:47 - [TEST_STEP][PASSED] - setValueToCellByIndex(sheet01, n, 2, typeOfData): null

03-03-2025T13:42:47 - [TEST_STEP][PASSED] - if (typeOfData == "Факт в процентах" || typeOfData == "План в процентах"): null

03-03-2025T13:42:47 - [TEST_STEP][PASSED] - else: null

03-03-2025T13:42:47 - [TEST_STEP][PASSED] - setValueToCellByIndex(sheet01, n, 3, fileInt): null

03-03-2025T13:42:47 - [TEST_STEP][PASSED] - setValueToCellByIndex(sheet01, n, 4, pageInt): null

03-03-2025T13:42:47 - [TEST_STEP][PASSED] - setValueToCellByIndex(sheet01, n, 5, m): null

03-03-2025T13:42:47 - [TEST_STEP][PASSED] - setValueToCellByIndex(sheet01, n, 6, y): null

03-03-2025T13:42:47 - [TEST_STEP][PASSED] - setValueToCellByIndex(sheet01, n, 7, todaysDate): null

03-03-2025T13:42:47 - [TEST_STEP][PASSED] - n = n + 1: null

03-03-2025T13:42:47 - [TEST_STEP][PASSED] - saveWorkbook(excelFilePath, workbook01): null

03-03-2025T13:42:48 - [TEST_STEP][PASSED] - compare = pagePoteri: null

03-03-2025T13:42:48 - [TEST_STEP][PASSED] - if (pageOtpuskVSet != null): null

03-03-2025T13:42:48 - [TEST_STEP][PASSED] - if (compare == filePoteri): null

03-03-2025T13:42:48 - [TEST_STEP][PASSED] - else if (compare > filePoteri): null

03-03-2025T13:42:48 - [TEST_STEP][PASSED] - else if (compare < filePoteri): null

03-03-2025T13:42:48 - [TEST_STEP][PASSED] - compare = compare + 1: null

03-03-2025T13:42:48 - [TEST_STEP][PASSED] - if (compare == filePoteri): null

03-03-2025T13:42:48 - [TEST_STEP][PASSED] - else: null

03-03-2025T13:42:48 - [TEST_STEP][PASSED] - numberOfErrors = numberOfErrors + 1: null

03-03-2025T13:42:48 - [TEST_STEP][PASSED] - pageInt = pagePoteri: null

03-03-2025T13:42:48 - [TEST_STEP][PASSED] - fileInt = filePoteri: null

03-03-2025T13:42:48 - [TEST_STEP][PASSED] - typeOfData = typeOfDataMain + " Потери": null

03-03-2025T13:42:48 - [TEST_STEP][PASSED] - Script1718980020443.WriteToExcel(a, typeOfData, todaysDate, pageInt, fileInt, pageDouble, fileDouble, dZO): null

03-03-2025T13:42:48 - [TEST_STEP][PASSED] - sheetName = "Sheet1": null

03-03-2025T13:42:48 - [TEST_STEP][PASSED] - data = findTestData("PlanFact"): null

03-03-2025T13:42:48 - [TEST_STEP][PASSED] - n = data.getRowNumbers() + 1: null

03-03-2025T13:42:48 - [TEST_STEP][PASSED] - day = ")).toInteger(): null

03-03-2025T13:42:48 - [TEST_STEP][PASSED] - println(day): null

03-03-2025T13:42:48 - [TEST_STEP][PASSED] - month = ")).toInteger(): null

03-03-2025T13:42:48 - [TEST_STEP][PASSED] - println(month): null

03-03-2025T13:42:48 - [TEST_STEP][PASSED] - y = <not implemented yet for class: org.codehaus.groovy.ast.expr.EmptyExpression>: null

03-03-2025T13:42:48 - [TEST_STEP][PASSED] - iy = <not implemented yet for class: org.codehaus.groovy.ast.expr.EmptyExpression>: null

03-03-2025T13:42:48 - [TEST_STEP][PASSED] - m = getText(findTestObject("Выполнение бизнес-плана/Период")): Text of object 'Object Repository/Выполнение бизнес-плана/Период' is: '2024 год'

03-03-2025T13:42:48 - [MESSAGE][PASSED] - Text of object 'Object Repository/Выполнение бизнес-плана/Период' is: '2024 год'

03-03-2025T13:42:48 - [TEST_STEP][PASSED] - iy = m.indexOf("20"): null

03-03-2025T13:42:48 - [TEST_STEP][PASSED] - if (iy > -1): null

03-03-2025T13:42:48 - [TEST_STEP][PASSED] - y = substring(iy, iy + 4).toInteger(): null

03-03-2025T13:42:48 - [TEST_STEP][PASSED] - println(y): null

03-03-2025T13:42:48 - [TEST_STEP][PASSED] - if (toString().length() == 4): null

03-03-2025T13:42:48 - [TEST_STEP][PASSED] - m = m.substring(0, m.indexOf(y.toString())): null

03-03-2025T13:42:48 - [TEST_STEP][PASSED] - m = m.trim(): null

03-03-2025T13:42:48 - [TEST_STEP][PASSED] - if (m == ""): null

03-03-2025T13:42:48 - [TEST_STEP][PASSED] - m = "весь год": null

03-03-2025T13:42:48 - [TEST_STEP][PASSED] - dashboardName = "Выполнение бизнес-плана": null

03-03-2025T13:42:48 - [TEST_STEP][PASSED] - workbook01 = getWorkbook(excelFilePath): null

03-03-2025T13:42:48 - [TEST_STEP][PASSED] - sheet01 = getExcelSheet(workbook01, sheetName): null

03-03-2025T13:42:48 - [TEST_STEP][PASSED] - setValueToCellByIndex(sheet01, n, 0, dashboardName): null

03-03-2025T13:42:48 - [TEST_STEP][PASSED] - setValueToCellByIndex(sheet01, n, 1, dZO): null

03-03-2025T13:42:48 - [TEST_STEP][PASSED] - setValueToCellByIndex(sheet01, n, 2, typeOfData): null

03-03-2025T13:42:48 - [TEST_STEP][PASSED] - if (typeOfData == "Факт в процентах" || typeOfData == "План в процентах"): null

03-03-2025T13:42:48 - [TEST_STEP][PASSED] - else: null

03-03-2025T13:42:48 - [TEST_STEP][PASSED] - setValueToCellByIndex(sheet01, n, 3, fileInt): null

03-03-2025T13:42:48 - [TEST_STEP][PASSED] - setValueToCellByIndex(sheet01, n, 4, pageInt): null

03-03-2025T13:42:48 - [TEST_STEP][PASSED] - setValueToCellByIndex(sheet01, n, 5, m): null

03-03-2025T13:42:48 - [TEST_STEP][PASSED] - setValueToCellByIndex(sheet01, n, 6, y): null

03-03-2025T13:42:48 - [TEST_STEP][PASSED] - setValueToCellByIndex(sheet01, n, 7, todaysDate): null

03-03-2025T13:42:48 - [TEST_STEP][PASSED] - n = n + 1: null

03-03-2025T13:42:48 - [TEST_STEP][PASSED] - saveWorkbook(excelFilePath, workbook01): Object: 'Object Repository/Выполнение бизнес-плана/Кнопка Факт' is clicked on

03-03-2025T13:42:49 - [TEST_STEP][PASSED] - if (planFact == 2): Object: 'Object Repository/Выполнение бизнес-плана/Кнопка Факт' is clicked on

03-03-2025T13:42:49 - [TEST_STEP][PASSED] - click(findTestObject("Выполнение бизнес-плана/Кнопка Факт")): Object: 'Object Repository/Выполнение бизнес-плана/Кнопка Факт' is clicked on

03-03-2025T13:42:49 - [MESSAGE][PASSED] - Object: 'Object Repository/Выполнение бизнес-плана/Кнопка Факт' is clicked on

03-03-2025T13:42:49 - [TEST_STEP][PASSED] - println("a=" + a): null

03-03-2025T13:42:49 - [TEST_STEP][PASSED] - if (a == 84 || a == 82): null

03-03-2025T13:42:49 - [TEST_STEP][PASSED] - else if (a == 83 || a == 52 || a == 72 || a == 28 || a == 73 || a == 77 || a == 74 || a == 65 || a == 36 || a == 44 || a == 53 || a == 80 || a == 54 || a == 1 || a == 18 || a == 59 || a == 81): null

03-03-2025T13:42:49 - [TEST_STEP][PASSED] - else: null

03-03-2025T13:42:49 - [TEST_STEP][PASSED] - page1 = getText(findTestObject("Object Repository/Выполнение бизнес-плана/spanPlan" + filialNum)): Text of object 'Object Repository/Выполнение бизнес-плана/spanPlan11' is: '9.44
|'

03-03-2025T13:42:49 - [MESSAGE][PASSED] - Text of object 'Object Repository/Выполнение бизнес-плана/spanPlan11' is: '9.44
|'

03-03-2025T13:42:49 - [TEST_STEP][PASSED] - page1 = page1.replace("|", ""): null

03-03-2025T13:42:49 - [TEST_STEP][PASSED] - page2 = getText(findTestObject("Object Repository/Выполнение бизнес-плана/spanFact" + filialNum)): Text of object 'Object Repository/Выполнение бизнес-плана/spanFact11' is: '8.87
|'

03-03-2025T13:42:49 - [MESSAGE][PASSED] - Text of object 'Object Repository/Выполнение бизнес-плана/spanFact11' is: '8.87
|'

03-03-2025T13:42:49 - [TEST_STEP][PASSED] - page2 = page2.replace("|", ""): null

03-03-2025T13:42:49 - [TEST_STEP][PASSED] - println("page1: " + page1): null

03-03-2025T13:42:49 - [TEST_STEP][PASSED] - println("page2: " + page2): null

03-03-2025T13:42:49 - [TEST_STEP][PASSED] - file = findTestData("PlanFact").getValue(4, a): null

03-03-2025T13:42:49 - [TEST_STEP][PASSED] - file = file.replace(",", "."): null

03-03-2025T13:42:49 - [TEST_STEP][PASSED] - println("file Plan: " + file): null

03-03-2025T13:42:49 - [TEST_STEP][PASSED] - typeOfData = "План в процентах": null

03-03-2025T13:42:49 - [TEST_STEP][PASSED] - fileDouble = file.toDouble(): null

03-03-2025T13:42:49 - [TEST_STEP][PASSED] - pageDouble = page1.toDouble(): null

03-03-2025T13:42:49 - [TEST_STEP][PASSED] - if (fileDouble != pageDouble): null

03-03-2025T13:42:49 - [TEST_STEP][PASSED] - file = findTestData("PlanFact").getValue(7, a): null

03-03-2025T13:42:50 - [TEST_STEP][PASSED] - file = file.replace(",", "."): null

03-03-2025T13:42:50 - [TEST_STEP][PASSED] - println("file Fact: " + file): null

03-03-2025T13:42:50 - [TEST_STEP][PASSED] - fileDouble = file.toDouble(): null

03-03-2025T13:42:50 - [TEST_STEP][PASSED] - typeOfData = "Факт в процентах": null

03-03-2025T13:42:50 - [TEST_STEP][PASSED] - fileDouble = file.toDouble(): null

03-03-2025T13:42:50 - [TEST_STEP][PASSED] - pageDouble = page2.toDouble(): null

03-03-2025T13:42:50 - [TEST_STEP][PASSED] - if (fileDouble != pageDouble): null

03-03-2025T13:42:50 - [TEST_STEP][FAILED] - if (verifyEqual(numberOfErrors, 0) == false): null

03-03-2025T13:42:50 - [MESSAGE][FAILED] - Unable to verify equal between actual object '4' and expected object '0' (Root cause: com.kms.katalon.core.exception.StepFailedException: Actual object '4' and expected object '0' are not equal
	at com.kms.katalon.core.keyword.builtin.VerifyEqualKeyword$_verifyEqual_closure1.doCall(VerifyEqualKeyword.groovy:58)
	at com.kms.katalon.core.keyword.builtin.VerifyEqualKeyword$_verifyEqual_closure1.call(VerifyEqualKeyword.groovy)
	at com.kms.katalon.core.keyword.internal.KeywordMain.runKeyword(KeywordMain.groovy:75)
	at com.kms.katalon.core.keyword.builtin.VerifyEqualKeyword.verifyEqual(VerifyEqualKeyword.groovy:63)
	at com.kms.katalon.core.keyword.builtin.VerifyEqualKeyword.execute(VerifyEqualKeyword.groovy:44)
	at com.kms.katalon.core.keyword.internal.KeywordExecutor.executeKeywordForPlatform(KeywordExecutor.groovy:74)
	at com.kms.katalon.core.keyword.BuiltinKeywords.verifyEqual(BuiltinKeywords.groovy:146)
	at jdk.internal.reflect.GeneratedMethodAccessor24.invoke(Unknown Source)
	at java.base/jdk.internal.reflect.DelegatingMethodAccessorImpl.invoke(DelegatingMethodAccessorImpl.java:43)
	at Выполнение бизнес-плана Сверка ПАО Россети все филиалы.Numbers(Выполнение бизнес-плана Сверка ПАО Россети все филиалы:736)
	at Выполнение бизнес-плана Сверка ПАО Россети все филиалы.Filials(Выполнение бизнес-плана Сверка ПАО Россети все филиалы:1289)
	at Выполнение бизнес-плана Сверка ПАО Россети все филиалы.Numbers(Выполнение бизнес-плана Сверка ПАО Россети все филиалы:743)
	at Выполнение бизнес-плана Сверка ПАО Россети все филиалы.run(Выполнение бизнес-плана Сверка ПАО Россети все филиалы:364)
	at com.kms.katalon.core.main.ScriptEngine.run(ScriptEngine.java:194)
	at com.kms.katalon.core.main.ScriptEngine.runScriptAsRawText(ScriptEngine.java:119)
	at com.kms.katalon.core.main.TestCaseExecutor.runScript(TestCaseExecutor.java:448)
	at com.kms.katalon.core.main.TestCaseExecutor.doExecute(TestCaseExecutor.java:439)
	at com.kms.katalon.core.main.TestCaseExecutor.processExecutionPhase(TestCaseExecutor.java:418)
	at com.kms.katalon.core.main.TestCaseExecutor.accessMainPhase(TestCaseExecutor.java:410)
	at com.kms.katalon.core.main.TestCaseExecutor.execute(TestCaseExecutor.java:285)
	at com.kms.katalon.core.common.CommonExecutor.accessTestCaseMainPhase(CommonExecutor.java:65)
	at com.kms.katalon.core.main.TestSuiteExecutor.accessTestSuiteMainPhase(TestSuiteExecutor.java:150)
	at com.kms.katalon.core.main.TestSuiteExecutor.execute(TestSuiteExecutor.java:106)
	at com.kms.katalon.core.main.TestCaseMain.startTestSuite(TestCaseMain.java:180)
	at TempTestSuite1740991900055.run(TempTestSuite1740991900055.groovy:35)
	at java.base/jdk.internal.reflect.NativeMethodAccessorImpl.invoke0(Native Method)
	at java.base/jdk.internal.reflect.NativeMethodAccessorImpl.invoke(NativeMethodAccessorImpl.java:77)
	at java.base/jdk.internal.reflect.DelegatingMethodAccessorImpl.invoke(DelegatingMethodAccessorImpl.java:43)
)

03-03-2025T13:42:50 - [TEST_STEP][PASSED] - println(numberOfErrors): null

03-03-2025T13:42:50 - [TEST_STEP][PASSED] - println("a=" + a): null

03-03-2025T13:42:50 - [TEST_STEP][PASSED] - if (a == 28 || a == 77 || a == 74 || a == 65 || a == 36 || a == 44 || a == 54 || a == 1 || a == 18 || a == 59): null

03-03-2025T13:42:50 - [TEST_STEP][PASSED] - if (a == 82): null

03-03-2025T13:42:50 - [TEST_STEP][PASSED] - dZO = "Смоленскэнерго": null

03-03-2025T13:42:50 - [TEST_STEP][PASSED] - a = 9: null

03-03-2025T13:42:50 - [TEST_STEP][PASSED] - if (x2.contains(dZO)): null

03-03-2025T13:42:50 - [TEST_STEP][PASSED] - filialNum = filialNum + 1: null

03-03-2025T13:42:50 - [TEST_STEP][PASSED] - Script1718980020443.Numbers(a, typeOfData, todaysDate, pageInt, fileInt, pageDouble, fileDouble, dZO, dzoNum, filialNum): null

03-03-2025T13:42:50 - [TEST_STEP][PASSED] - println(dzoNum): null

03-03-2025T13:42:50 - [TEST_STEP][PASSED] - planFact = <not implemented yet for class: org.codehaus.groovy.ast.expr.EmptyExpression>: null

03-03-2025T13:42:50 - [TEST_STEP][PASSED] - page = <not implemented yet for class: org.codehaus.groovy.ast.expr.EmptyExpression>: null

03-03-2025T13:42:50 - [TEST_STEP][PASSED] - page1 = <not implemented yet for class: org.codehaus.groovy.ast.expr.EmptyExpression>: null

03-03-2025T13:42:50 - [TEST_STEP][PASSED] - page2 = <not implemented yet for class: org.codehaus.groovy.ast.expr.EmptyExpression>: null

03-03-2025T13:42:50 - [TEST_STEP][PASSED] - filialNumberInRow = <not implemented yet for class: org.codehaus.groovy.ast.expr.EmptyExpression>: null

03-03-2025T13:42:50 - [TEST_STEP][PASSED] - filialsDzoNames = <not implemented yet for class: org.codehaus.groovy.ast.expr.EmptyExpression>: null

03-03-2025T13:42:50 - [TEST_STEP][PASSED] - numberOfFilials = <not implemented yet for class: org.codehaus.groovy.ast.expr.EmptyExpression>: null

03-03-2025T13:42:50 - [TEST_STEP][PASSED] - numberOfSpaces = <not implemented yet for class: org.codehaus.groovy.ast.expr.EmptyExpression>: null

03-03-2025T13:42:50 - [TEST_STEP][PASSED] - file = <not implemented yet for class: org.codehaus.groovy.ast.expr.EmptyExpression>: null

03-03-2025T13:42:50 - [TEST_STEP][PASSED] - otpusk = <not implemented yet for class: org.codehaus.groovy.ast.expr.EmptyExpression>: null

03-03-2025T13:42:50 - [TEST_STEP][PASSED] - poteri = <not implemented yet for class: org.codehaus.groovy.ast.expr.EmptyExpression>: null

03-03-2025T13:42:50 - [TEST_STEP][PASSED] - dataFolder = "Выполнение бизнес-плана/Значения со страницы Выполнение бизнес-плана/": null

03-03-2025T13:42:50 - [TEST_STEP][PASSED] - path = <not implemented yet for class: org.codehaus.groovy.ast.expr.EmptyExpression>: null

03-03-2025T13:42:50 - [TEST_STEP][PASSED] - typeOfDataMain = <not implemented yet for class: org.codehaus.groovy.ast.expr.EmptyExpression>: null

03-03-2025T13:42:50 - [TEST_STEP][PASSED] - fileOtpuskVSet = <not implemented yet for class: org.codehaus.groovy.ast.expr.EmptyExpression>: null

03-03-2025T13:42:50 - [TEST_STEP][PASSED] - pageOtpuskVSet = <not implemented yet for class: org.codehaus.groovy.ast.expr.EmptyExpression>: null

03-03-2025T13:42:50 - [TEST_STEP][PASSED] - filePoteri = <not implemented yet for class: org.codehaus.groovy.ast.expr.EmptyExpression>: null

03-03-2025T13:42:50 - [TEST_STEP][PASSED] - pagePoteri = <not implemented yet for class: org.codehaus.groovy.ast.expr.EmptyExpression>: null

03-03-2025T13:42:50 - [TEST_STEP][PASSED] - compare = <not implemented yet for class: org.codehaus.groovy.ast.expr.EmptyExpression>: null

03-03-2025T13:42:50 - [TEST_STEP][PASSED] - b = <not implemented yet for class: org.codehaus.groovy.ast.expr.EmptyExpression>: null

03-03-2025T13:42:50 - [TEST_STEP][PASSED] - i = <not implemented yet for class: org.codehaus.groovy.ast.expr.EmptyExpression>: null

03-03-2025T13:42:50 - [TEST_STEP][PASSED] - ii = <not implemented yet for class: org.codehaus.groovy.ast.expr.EmptyExpression>: null

03-03-2025T13:42:50 - [TEST_STEP][PASSED] - c = <not implemented yet for class: org.codehaus.groovy.ast.expr.EmptyExpression>: null

03-03-2025T13:42:50 - [TEST_STEP][PASSED] - numberOfErrors = 0: null

03-03-2025T13:42:50 - [TEST_STEP][PASSED] - if (a == 82): null

03-03-2025T13:42:50 - [TEST_STEP][PASSED] - b = findTestData("PlanFact").getValue(1, a): null

03-03-2025T13:42:50 - [TEST_STEP][PASSED] - i = b.indexOf(" (ГК)"): null

03-03-2025T13:42:50 - [TEST_STEP][PASSED] - if (i > -1): null

03-03-2025T13:42:50 - [TEST_STEP][PASSED] - i = b.indexOf("О ""): null

03-03-2025T13:42:50 - [TEST_STEP][PASSED] - if (i > -1): null

03-03-2025T13:42:50 - [TEST_STEP][PASSED] - i = b.indexOf("О «"): null

03-03-2025T13:42:50 - [TEST_STEP][PASSED] - if (i > -1): null

03-03-2025T13:42:50 - [TEST_STEP][PASSED] - i = b.indexOf("г. "): null

03-03-2025T13:42:50 - [TEST_STEP][PASSED] - if (i > -1): null

03-03-2025T13:42:50 - [TEST_STEP][PASSED] - b = b.trim(): null

03-03-2025T13:42:50 - [TEST_STEP][PASSED] - println(b): null

03-03-2025T13:42:50 - [TEST_STEP][PASSED] - for ([planFact = 1, planFact < 3, (planFact++)]): null

03-03-2025T13:42:50 - [TEST_STEP][PASSED] - if (planFact == 1): null

03-03-2025T13:42:50 - [TEST_STEP][PASSED] - typeOfDataMain = "Факт": null

03-03-2025T13:42:50 - [TEST_STEP][PASSED] - otpusk = findTestData("PlanFact").getValue(5, a): null

03-03-2025T13:42:50 - [TEST_STEP][PASSED] - poteri = findTestData("PlanFact").getValue(6, a): null

03-03-2025T13:42:50 - [TEST_STEP][PASSED] - otpusk = otpusk.replaceAll("\s+", ""): null

03-03-2025T13:42:50 - [TEST_STEP][PASSED] - poteri = poteri.replaceAll("\s+", ""): null

03-03-2025T13:42:50 - [TEST_STEP][PASSED] - typeOfData = typeOfDataMain + " Отпуск в сеть": null

03-03-2025T13:42:50 - [TEST_STEP][PASSED] - if (a == 82): null

03-03-2025T13:42:50 - [TEST_STEP][PASSED] - else if (a == 84): null

03-03-2025T13:42:50 - [TEST_STEP][PASSED] - else if (a == 83 || a == 52 || a == 72 || a == 28 || a == 73 || a == 77 || a == 74 || a == 65 || a == 36 || a == 44 || a == 53 || a == 80 || a == 54 || a == 1 || a == 18 || a == 59 || a == 81): null

03-03-2025T13:42:50 - [TEST_STEP][PASSED] - else: null

03-03-2025T13:42:50 - [TEST_STEP][PASSED] - path = dataFolder + typeOfData + " за отчётный период " + b: null

03-03-2025T13:42:50 - [TEST_STEP][PASSED] - println(path): null

03-03-2025T13:42:50 - [TEST_STEP][PASSED] - page = getText(findTestObject(path)): Text of object 'Object Repository/Выполнение бизнес-плана/Значения со страницы Выполнение бизнес-плана/Факт Отпуск в сеть за отчётный период Смоленскэнерго' is: '382 890'

03-03-2025T13:42:50 - [MESSAGE][PASSED] - Text of object 'Object Repository/Выполнение бизнес-плана/Значения со страницы Выполнение бизнес-плана/Факт Отпуск в сеть за отчётный период Смоленскэнерго' is: '382 890'

03-03-2025T13:42:50 - [TEST_STEP][PASSED] - if (page == "" || page == null): null

03-03-2025T13:42:50 - [TEST_STEP][PASSED] - else: null

03-03-2025T13:42:50 - [TEST_STEP][PASSED] - page = page.replaceAll("\s+", ""): null

03-03-2025T13:42:50 - [TEST_STEP][PASSED] - fileOtpuskVSet = otpusk.toInteger(): null

03-03-2025T13:42:50 - [TEST_STEP][PASSED] - pageOtpuskVSet = page.toInteger(): null

03-03-2025T13:42:50 - [TEST_STEP][PASSED] - typeOfData = typeOfDataMain + " Потери": null

03-03-2025T13:42:50 - [TEST_STEP][PASSED] - if (a == 82): null

03-03-2025T13:42:50 - [TEST_STEP][PASSED] - else if (a == 84): null

03-03-2025T13:42:50 - [TEST_STEP][PASSED] - else if (a == 83 || a == 52 || a == 72 || a == 28 || a == 73 || a == 77 || a == 74 || a == 65 || a == 44 || a == 53 || a == 80 || a == 54 || a == 1 || a == 18 || a == 59 || a == 81): null

03-03-2025T13:42:50 - [TEST_STEP][PASSED] - else: null

03-03-2025T13:42:50 - [TEST_STEP][PASSED] - path = dataFolder + typeOfData + " за отчётный период " + b: null

03-03-2025T13:42:50 - [TEST_STEP][PASSED] - page = getText(findTestObject(path)): Text of object 'Object Repository/Выполнение бизнес-плана/Значения со страницы Выполнение бизнес-плана/Факт Потери за отчётный период Смоленскэнерго' is: '64 673'

03-03-2025T13:42:50 - [MESSAGE][PASSED] - Text of object 'Object Repository/Выполнение бизнес-плана/Значения со страницы Выполнение бизнес-плана/Факт Потери за отчётный период Смоленскэнерго' is: '64 673'

03-03-2025T13:42:50 - [TEST_STEP][PASSED] - if (page == "" || page == null): null

03-03-2025T13:42:50 - [TEST_STEP][PASSED] - else: null

03-03-2025T13:42:50 - [TEST_STEP][PASSED] - page = page.replaceAll("\s+", ""): null

03-03-2025T13:42:50 - [TEST_STEP][PASSED] - filePoteri = poteri.toInteger(): null

03-03-2025T13:42:50 - [TEST_STEP][PASSED] - pagePoteri = page.toInteger(): null

03-03-2025T13:42:50 - [TEST_STEP][PASSED] - compare = pageOtpuskVSet: null

03-03-2025T13:42:50 - [TEST_STEP][PASSED] - if (pageOtpuskVSet != null): null

03-03-2025T13:42:50 - [TEST_STEP][PASSED] - if (compare == fileOtpuskVSet): null

03-03-2025T13:42:50 - [TEST_STEP][PASSED] - else if (compare > fileOtpuskVSet): null

03-03-2025T13:42:50 - [TEST_STEP][PASSED] - else if (compare < fileOtpuskVSet): null

03-03-2025T13:42:50 - [TEST_STEP][PASSED] - compare = compare + 1: null

03-03-2025T13:42:50 - [TEST_STEP][PASSED] - if (compare == fileOtpuskVSet): null

03-03-2025T13:42:50 - [TEST_STEP][PASSED] - else: null

03-03-2025T13:42:50 - [TEST_STEP][PASSED] - numberOfErrors = numberOfErrors + 1: null

03-03-2025T13:42:50 - [TEST_STEP][PASSED] - pageInt = pageOtpuskVSet: null

03-03-2025T13:42:50 - [TEST_STEP][PASSED] - fileInt = fileOtpuskVSet: null

03-03-2025T13:42:50 - [TEST_STEP][PASSED] - typeOfData = typeOfDataMain + " Отпуск в сеть": null

03-03-2025T13:42:50 - [TEST_STEP][PASSED] - Script1718980020443.WriteToExcel(a, typeOfData, todaysDate, pageInt, fileInt, pageDouble, fileDouble, dZO): null

03-03-2025T13:42:50 - [TEST_STEP][PASSED] - sheetName = "Sheet1": null

03-03-2025T13:42:50 - [TEST_STEP][PASSED] - data = findTestData("PlanFact"): null

03-03-2025T13:42:50 - [TEST_STEP][PASSED] - n = data.getRowNumbers() + 1: null

03-03-2025T13:42:50 - [TEST_STEP][PASSED] - day = ")).toInteger(): null

03-03-2025T13:42:50 - [TEST_STEP][PASSED] - println(day): null

03-03-2025T13:42:50 - [TEST_STEP][PASSED] - month = ")).toInteger(): null

03-03-2025T13:42:50 - [TEST_STEP][PASSED] - println(month): null

03-03-2025T13:42:50 - [TEST_STEP][PASSED] - y = <not implemented yet for class: org.codehaus.groovy.ast.expr.EmptyExpression>: null

03-03-2025T13:42:50 - [TEST_STEP][PASSED] - iy = <not implemented yet for class: org.codehaus.groovy.ast.expr.EmptyExpression>: null

03-03-2025T13:42:50 - [TEST_STEP][PASSED] - m = getText(findTestObject("Выполнение бизнес-плана/Период")): Text of object 'Object Repository/Выполнение бизнес-плана/Период' is: '2024 год'

03-03-2025T13:42:51 - [MESSAGE][PASSED] - Text of object 'Object Repository/Выполнение бизнес-плана/Период' is: '2024 год'

03-03-2025T13:42:51 - [TEST_STEP][PASSED] - iy = m.indexOf("20"): null

03-03-2025T13:42:51 - [TEST_STEP][PASSED] - if (iy > -1): null

03-03-2025T13:42:51 - [TEST_STEP][PASSED] - y = substring(iy, iy + 4).toInteger(): null

03-03-2025T13:42:51 - [TEST_STEP][PASSED] - println(y): null

03-03-2025T13:42:51 - [TEST_STEP][PASSED] - if (toString().length() == 4): null

03-03-2025T13:42:51 - [TEST_STEP][PASSED] - m = m.substring(0, m.indexOf(y.toString())): null

03-03-2025T13:42:51 - [TEST_STEP][PASSED] - m = m.trim(): null

03-03-2025T13:42:51 - [TEST_STEP][PASSED] - if (m == ""): null

03-03-2025T13:42:51 - [TEST_STEP][PASSED] - m = "весь год": null

03-03-2025T13:42:51 - [TEST_STEP][PASSED] - dashboardName = "Выполнение бизнес-плана": null

03-03-2025T13:42:51 - [TEST_STEP][PASSED] - workbook01 = getWorkbook(excelFilePath): null

03-03-2025T13:42:51 - [TEST_STEP][PASSED] - sheet01 = getExcelSheet(workbook01, sheetName): null

03-03-2025T13:42:51 - [TEST_STEP][PASSED] - setValueToCellByIndex(sheet01, n, 0, dashboardName): null

03-03-2025T13:42:51 - [TEST_STEP][PASSED] - setValueToCellByIndex(sheet01, n, 1, dZO): null

03-03-2025T13:42:51 - [TEST_STEP][PASSED] - setValueToCellByIndex(sheet01, n, 2, typeOfData): null

03-03-2025T13:42:51 - [TEST_STEP][PASSED] - if (typeOfData == "Факт в процентах" || typeOfData == "План в процентах"): null

03-03-2025T13:42:51 - [TEST_STEP][PASSED] - else: null

03-03-2025T13:42:51 - [TEST_STEP][PASSED] - setValueToCellByIndex(sheet01, n, 3, fileInt): null

03-03-2025T13:42:51 - [TEST_STEP][PASSED] - setValueToCellByIndex(sheet01, n, 4, pageInt): null

03-03-2025T13:42:51 - [TEST_STEP][PASSED] - setValueToCellByIndex(sheet01, n, 5, m): null

03-03-2025T13:42:51 - [TEST_STEP][PASSED] - setValueToCellByIndex(sheet01, n, 6, y): null

03-03-2025T13:42:51 - [TEST_STEP][PASSED] - setValueToCellByIndex(sheet01, n, 7, todaysDate): null

03-03-2025T13:42:51 - [TEST_STEP][PASSED] - n = n + 1: null

03-03-2025T13:42:51 - [TEST_STEP][PASSED] - saveWorkbook(excelFilePath, workbook01): null

03-03-2025T13:42:51 - [TEST_STEP][PASSED] - compare = pagePoteri: null

03-03-2025T13:42:51 - [TEST_STEP][PASSED] - if (pageOtpuskVSet != null): null

03-03-2025T13:42:51 - [TEST_STEP][PASSED] - if (compare == filePoteri): null

03-03-2025T13:42:51 - [TEST_STEP][PASSED] - else if (compare > filePoteri): null

03-03-2025T13:42:51 - [TEST_STEP][PASSED] - else if (compare < filePoteri): null

03-03-2025T13:42:51 - [TEST_STEP][PASSED] - compare = compare + 1: null

03-03-2025T13:42:51 - [TEST_STEP][PASSED] - if (compare == filePoteri): null

03-03-2025T13:42:51 - [TEST_STEP][PASSED] - else: null

03-03-2025T13:42:51 - [TEST_STEP][PASSED] - numberOfErrors = numberOfErrors + 1: null

03-03-2025T13:42:51 - [TEST_STEP][PASSED] - pageInt = pagePoteri: null

03-03-2025T13:42:51 - [TEST_STEP][PASSED] - fileInt = filePoteri: null

03-03-2025T13:42:51 - [TEST_STEP][PASSED] - typeOfData = typeOfDataMain + " Потери": null

03-03-2025T13:42:51 - [TEST_STEP][PASSED] - Script1718980020443.WriteToExcel(a, typeOfData, todaysDate, pageInt, fileInt, pageDouble, fileDouble, dZO): null

03-03-2025T13:42:51 - [TEST_STEP][PASSED] - sheetName = "Sheet1": null

03-03-2025T13:42:51 - [TEST_STEP][PASSED] - data = findTestData("PlanFact"): null

03-03-2025T13:42:51 - [TEST_STEP][PASSED] - n = data.getRowNumbers() + 1: null

03-03-2025T13:42:51 - [TEST_STEP][PASSED] - day = ")).toInteger(): null

03-03-2025T13:42:51 - [TEST_STEP][PASSED] - println(day): null

03-03-2025T13:42:51 - [TEST_STEP][PASSED] - month = ")).toInteger(): null

03-03-2025T13:42:51 - [TEST_STEP][PASSED] - println(month): null

03-03-2025T13:42:51 - [TEST_STEP][PASSED] - y = <not implemented yet for class: org.codehaus.groovy.ast.expr.EmptyExpression>: null

03-03-2025T13:42:51 - [TEST_STEP][PASSED] - iy = <not implemented yet for class: org.codehaus.groovy.ast.expr.EmptyExpression>: null

03-03-2025T13:42:51 - [TEST_STEP][PASSED] - m = getText(findTestObject("Выполнение бизнес-плана/Период")): Text of object 'Object Repository/Выполнение бизнес-плана/Период' is: '2024 год'

03-03-2025T13:42:51 - [MESSAGE][PASSED] - Text of object 'Object Repository/Выполнение бизнес-плана/Период' is: '2024 год'

03-03-2025T13:42:51 - [TEST_STEP][PASSED] - iy = m.indexOf("20"): null

03-03-2025T13:42:51 - [TEST_STEP][PASSED] - if (iy > -1): null

03-03-2025T13:42:51 - [TEST_STEP][PASSED] - y = substring(iy, iy + 4).toInteger(): null

03-03-2025T13:42:51 - [TEST_STEP][PASSED] - println(y): null

03-03-2025T13:42:51 - [TEST_STEP][PASSED] - if (toString().length() == 4): null

03-03-2025T13:42:51 - [TEST_STEP][PASSED] - m = m.substring(0, m.indexOf(y.toString())): null

03-03-2025T13:42:51 - [TEST_STEP][PASSED] - m = m.trim(): null

03-03-2025T13:42:51 - [TEST_STEP][PASSED] - if (m == ""): null

03-03-2025T13:42:51 - [TEST_STEP][PASSED] - m = "весь год": null

03-03-2025T13:42:51 - [TEST_STEP][PASSED] - dashboardName = "Выполнение бизнес-плана": null

03-03-2025T13:42:51 - [TEST_STEP][PASSED] - workbook01 = getWorkbook(excelFilePath): null

03-03-2025T13:42:51 - [TEST_STEP][PASSED] - sheet01 = getExcelSheet(workbook01, sheetName): null

03-03-2025T13:42:51 - [TEST_STEP][PASSED] - setValueToCellByIndex(sheet01, n, 0, dashboardName): null

03-03-2025T13:42:51 - [TEST_STEP][PASSED] - setValueToCellByIndex(sheet01, n, 1, dZO): null

03-03-2025T13:42:51 - [TEST_STEP][PASSED] - setValueToCellByIndex(sheet01, n, 2, typeOfData): null

03-03-2025T13:42:51 - [TEST_STEP][PASSED] - if (typeOfData == "Факт в процентах" || typeOfData == "План в процентах"): null

03-03-2025T13:42:51 - [TEST_STEP][PASSED] - else: null

03-03-2025T13:42:51 - [TEST_STEP][PASSED] - setValueToCellByIndex(sheet01, n, 3, fileInt): null

03-03-2025T13:42:51 - [TEST_STEP][PASSED] - setValueToCellByIndex(sheet01, n, 4, pageInt): null

03-03-2025T13:42:51 - [TEST_STEP][PASSED] - setValueToCellByIndex(sheet01, n, 5, m): null

03-03-2025T13:42:51 - [TEST_STEP][PASSED] - setValueToCellByIndex(sheet01, n, 6, y): null

03-03-2025T13:42:51 - [TEST_STEP][PASSED] - setValueToCellByIndex(sheet01, n, 7, todaysDate): null

03-03-2025T13:42:51 - [TEST_STEP][PASSED] - n = n + 1: null

03-03-2025T13:42:51 - [TEST_STEP][PASSED] - saveWorkbook(excelFilePath, workbook01): null

03-03-2025T13:42:52 - [TEST_STEP][PASSED] - if (planFact == 2): null

03-03-2025T13:42:52 - [TEST_STEP][PASSED] - if (planFact == 1): null

03-03-2025T13:42:52 - [TEST_STEP][PASSED] - else if (planFact == 2): null

03-03-2025T13:42:52 - [TEST_STEP][PASSED] - click(findTestObject("Выполнение бизнес-плана/Кнопка План")): Object: 'Object Repository/Выполнение бизнес-плана/Кнопка План' is clicked on

03-03-2025T13:42:52 - [MESSAGE][PASSED] - Object: 'Object Repository/Выполнение бизнес-плана/Кнопка План' is clicked on

03-03-2025T13:42:52 - [TEST_STEP][PASSED] - typeOfDataMain = "План": null

03-03-2025T13:42:52 - [TEST_STEP][PASSED] - otpusk = findTestData("PlanFact").getValue(2, a): null

03-03-2025T13:42:52 - [TEST_STEP][PASSED] - poteri = findTestData("PlanFact").getValue(3, a): null

03-03-2025T13:42:52 - [TEST_STEP][PASSED] - otpusk = otpusk.replaceAll("\s+", ""): null

03-03-2025T13:42:52 - [TEST_STEP][PASSED] - poteri = poteri.replaceAll("\s+", ""): null

03-03-2025T13:42:52 - [TEST_STEP][PASSED] - typeOfData = typeOfDataMain + " Отпуск в сеть": null

03-03-2025T13:42:52 - [TEST_STEP][PASSED] - if (a == 82): null

03-03-2025T13:42:52 - [TEST_STEP][PASSED] - else if (a == 84): null

03-03-2025T13:42:52 - [TEST_STEP][PASSED] - else if (a == 83 || a == 52 || a == 72 || a == 28 || a == 73 || a == 77 || a == 74 || a == 65 || a == 36 || a == 44 || a == 53 || a == 80 || a == 54 || a == 1 || a == 18 || a == 59 || a == 81): null

03-03-2025T13:42:52 - [TEST_STEP][PASSED] - else: null

03-03-2025T13:42:52 - [TEST_STEP][PASSED] - path = dataFolder + typeOfData + " за отчётный период " + b: null

03-03-2025T13:42:52 - [TEST_STEP][PASSED] - println(path): null

03-03-2025T13:42:52 - [TEST_STEP][PASSED] - page = getText(findTestObject(path)): Text of object 'Object Repository/Выполнение бизнес-плана/Значения со страницы Выполнение бизнес-плана/План Отпуск в сеть за отчётный период Смоленскэнерго' is: '396 772'

03-03-2025T13:42:52 - [MESSAGE][PASSED] - Text of object 'Object Repository/Выполнение бизнес-плана/Значения со страницы Выполнение бизнес-плана/План Отпуск в сеть за отчётный период Смоленскэнерго' is: '396 772'

03-03-2025T13:42:52 - [TEST_STEP][PASSED] - if (page == "" || page == null): null

03-03-2025T13:42:52 - [TEST_STEP][PASSED] - else: null

03-03-2025T13:42:52 - [TEST_STEP][PASSED] - page = page.replaceAll("\s+", ""): null

03-03-2025T13:42:52 - [TEST_STEP][PASSED] - fileOtpuskVSet = otpusk.toInteger(): null

03-03-2025T13:42:52 - [TEST_STEP][PASSED] - pageOtpuskVSet = page.toInteger(): null

03-03-2025T13:42:52 - [TEST_STEP][PASSED] - typeOfData = typeOfDataMain + " Потери": null

03-03-2025T13:42:52 - [TEST_STEP][PASSED] - if (a == 82): null

03-03-2025T13:42:52 - [TEST_STEP][PASSED] - else if (a == 84): null

03-03-2025T13:42:52 - [TEST_STEP][PASSED] - else if (a == 83 || a == 52 || a == 72 || a == 28 || a == 73 || a == 77 || a == 74 || a == 65 || a == 44 || a == 53 || a == 80 || a == 54 || a == 1 || a == 18 || a == 59 || a == 81): null

03-03-2025T13:42:52 - [TEST_STEP][PASSED] - else: null

03-03-2025T13:42:52 - [TEST_STEP][PASSED] - path = dataFolder + typeOfData + " за отчётный период " + b: null

03-03-2025T13:42:52 - [TEST_STEP][PASSED] - page = getText(findTestObject(path)): Text of object 'Object Repository/Выполнение бизнес-плана/Значения со страницы Выполнение бизнес-плана/План Потери за отчётный период Смоленскэнерго' is: '66 897'

03-03-2025T13:42:53 - [MESSAGE][PASSED] - Text of object 'Object Repository/Выполнение бизнес-плана/Значения со страницы Выполнение бизнес-плана/План Потери за отчётный период Смоленскэнерго' is: '66 897'

03-03-2025T13:42:53 - [TEST_STEP][PASSED] - if (page == "" || page == null): null

03-03-2025T13:42:53 - [TEST_STEP][PASSED] - else: null

03-03-2025T13:42:53 - [TEST_STEP][PASSED] - page = page.replaceAll("\s+", ""): null

03-03-2025T13:42:53 - [TEST_STEP][PASSED] - filePoteri = poteri.toInteger(): null

03-03-2025T13:42:53 - [TEST_STEP][PASSED] - pagePoteri = page.toInteger(): null

03-03-2025T13:42:53 - [TEST_STEP][PASSED] - compare = pageOtpuskVSet: null

03-03-2025T13:42:53 - [TEST_STEP][PASSED] - if (pageOtpuskVSet != null): null

03-03-2025T13:42:53 - [TEST_STEP][PASSED] - if (compare == fileOtpuskVSet): null

03-03-2025T13:42:53 - [TEST_STEP][PASSED] - else if (compare > fileOtpuskVSet): null

03-03-2025T13:42:53 - [TEST_STEP][PASSED] - else if (compare < fileOtpuskVSet): null

03-03-2025T13:42:53 - [TEST_STEP][PASSED] - compare = compare + 1: null

03-03-2025T13:42:53 - [TEST_STEP][PASSED] - if (compare == fileOtpuskVSet): null

03-03-2025T13:42:53 - [TEST_STEP][PASSED] - else: null

03-03-2025T13:42:53 - [TEST_STEP][PASSED] - numberOfErrors = numberOfErrors + 1: null

03-03-2025T13:42:53 - [TEST_STEP][PASSED] - pageInt = pageOtpuskVSet: null

03-03-2025T13:42:53 - [TEST_STEP][PASSED] - fileInt = fileOtpuskVSet: null

03-03-2025T13:42:53 - [TEST_STEP][PASSED] - typeOfData = typeOfDataMain + " Отпуск в сеть": null

03-03-2025T13:42:53 - [TEST_STEP][PASSED] - Script1718980020443.WriteToExcel(a, typeOfData, todaysDate, pageInt, fileInt, pageDouble, fileDouble, dZO): null

03-03-2025T13:42:53 - [TEST_STEP][PASSED] - sheetName = "Sheet1": null

03-03-2025T13:42:53 - [TEST_STEP][PASSED] - data = findTestData("PlanFact"): null

03-03-2025T13:42:53 - [TEST_STEP][PASSED] - n = data.getRowNumbers() + 1: null

03-03-2025T13:42:53 - [TEST_STEP][PASSED] - day = ")).toInteger(): null

03-03-2025T13:42:53 - [TEST_STEP][PASSED] - println(day): null

03-03-2025T13:42:53 - [TEST_STEP][PASSED] - month = ")).toInteger(): null

03-03-2025T13:42:53 - [TEST_STEP][PASSED] - println(month): null

03-03-2025T13:42:53 - [TEST_STEP][PASSED] - y = <not implemented yet for class: org.codehaus.groovy.ast.expr.EmptyExpression>: null

03-03-2025T13:42:53 - [TEST_STEP][PASSED] - iy = <not implemented yet for class: org.codehaus.groovy.ast.expr.EmptyExpression>: null

03-03-2025T13:42:53 - [TEST_STEP][PASSED] - m = getText(findTestObject("Выполнение бизнес-плана/Период")): Text of object 'Object Repository/Выполнение бизнес-плана/Период' is: '2024 год'

03-03-2025T13:42:53 - [MESSAGE][PASSED] - Text of object 'Object Repository/Выполнение бизнес-плана/Период' is: '2024 год'

03-03-2025T13:42:53 - [TEST_STEP][PASSED] - iy = m.indexOf("20"): null

03-03-2025T13:42:53 - [TEST_STEP][PASSED] - if (iy > -1): null

03-03-2025T13:42:53 - [TEST_STEP][PASSED] - y = substring(iy, iy + 4).toInteger(): null

03-03-2025T13:42:53 - [TEST_STEP][PASSED] - println(y): null

03-03-2025T13:42:53 - [TEST_STEP][PASSED] - if (toString().length() == 4): null

03-03-2025T13:42:53 - [TEST_STEP][PASSED] - m = m.substring(0, m.indexOf(y.toString())): null

03-03-2025T13:42:53 - [TEST_STEP][PASSED] - m = m.trim(): null

03-03-2025T13:42:53 - [TEST_STEP][PASSED] - if (m == ""): null

03-03-2025T13:42:53 - [TEST_STEP][PASSED] - m = "весь год": null

03-03-2025T13:42:53 - [TEST_STEP][PASSED] - dashboardName = "Выполнение бизнес-плана": null

03-03-2025T13:42:53 - [TEST_STEP][PASSED] - workbook01 = getWorkbook(excelFilePath): null

03-03-2025T13:42:53 - [TEST_STEP][PASSED] - sheet01 = getExcelSheet(workbook01, sheetName): null

03-03-2025T13:42:53 - [TEST_STEP][PASSED] - setValueToCellByIndex(sheet01, n, 0, dashboardName): null

03-03-2025T13:42:53 - [TEST_STEP][PASSED] - setValueToCellByIndex(sheet01, n, 1, dZO): null

03-03-2025T13:42:53 - [TEST_STEP][PASSED] - setValueToCellByIndex(sheet01, n, 2, typeOfData): null

03-03-2025T13:42:53 - [TEST_STEP][PASSED] - if (typeOfData == "Факт в процентах" || typeOfData == "План в процентах"): null

03-03-2025T13:42:53 - [TEST_STEP][PASSED] - else: null

03-03-2025T13:42:53 - [TEST_STEP][PASSED] - setValueToCellByIndex(sheet01, n, 3, fileInt): null

03-03-2025T13:42:53 - [TEST_STEP][PASSED] - setValueToCellByIndex(sheet01, n, 4, pageInt): null

03-03-2025T13:42:53 - [TEST_STEP][PASSED] - setValueToCellByIndex(sheet01, n, 5, m): null

03-03-2025T13:42:53 - [TEST_STEP][PASSED] - setValueToCellByIndex(sheet01, n, 6, y): null

03-03-2025T13:42:53 - [TEST_STEP][PASSED] - setValueToCellByIndex(sheet01, n, 7, todaysDate): null

03-03-2025T13:42:53 - [TEST_STEP][PASSED] - n = n + 1: null

03-03-2025T13:42:53 - [TEST_STEP][PASSED] - saveWorkbook(excelFilePath, workbook01): null

03-03-2025T13:42:53 - [TEST_STEP][PASSED] - compare = pagePoteri: null

03-03-2025T13:42:53 - [TEST_STEP][PASSED] - if (pageOtpuskVSet != null): null

03-03-2025T13:42:53 - [TEST_STEP][PASSED] - if (compare == filePoteri): null

03-03-2025T13:42:53 - [TEST_STEP][PASSED] - else if (compare > filePoteri): null

03-03-2025T13:42:53 - [TEST_STEP][PASSED] - else if (compare < filePoteri): null

03-03-2025T13:42:53 - [TEST_STEP][PASSED] - compare = compare + 1: null

03-03-2025T13:42:53 - [TEST_STEP][PASSED] - if (compare == filePoteri): null

03-03-2025T13:42:53 - [TEST_STEP][PASSED] - else: null

03-03-2025T13:42:53 - [TEST_STEP][PASSED] - numberOfErrors = numberOfErrors + 1: null

03-03-2025T13:42:53 - [TEST_STEP][PASSED] - pageInt = pagePoteri: null

03-03-2025T13:42:53 - [TEST_STEP][PASSED] - fileInt = filePoteri: null

03-03-2025T13:42:53 - [TEST_STEP][PASSED] - typeOfData = typeOfDataMain + " Потери": null

03-03-2025T13:42:53 - [TEST_STEP][PASSED] - Script1718980020443.WriteToExcel(a, typeOfData, todaysDate, pageInt, fileInt, pageDouble, fileDouble, dZO): null

03-03-2025T13:42:53 - [TEST_STEP][PASSED] - sheetName = "Sheet1": null

03-03-2025T13:42:53 - [TEST_STEP][PASSED] - data = findTestData("PlanFact"): null

03-03-2025T13:42:53 - [TEST_STEP][PASSED] - n = data.getRowNumbers() + 1: null

03-03-2025T13:42:53 - [TEST_STEP][PASSED] - day = ")).toInteger(): null

03-03-2025T13:42:53 - [TEST_STEP][PASSED] - println(day): null

03-03-2025T13:42:53 - [TEST_STEP][PASSED] - month = ")).toInteger(): null

03-03-2025T13:42:53 - [TEST_STEP][PASSED] - println(month): null

03-03-2025T13:42:53 - [TEST_STEP][PASSED] - y = <not implemented yet for class: org.codehaus.groovy.ast.expr.EmptyExpression>: null

03-03-2025T13:42:53 - [TEST_STEP][PASSED] - iy = <not implemented yet for class: org.codehaus.groovy.ast.expr.EmptyExpression>: null

03-03-2025T13:42:53 - [TEST_STEP][PASSED] - m = getText(findTestObject("Выполнение бизнес-плана/Период")): Text of object 'Object Repository/Выполнение бизнес-плана/Период' is: '2024 год'

03-03-2025T13:42:54 - [MESSAGE][PASSED] - Text of object 'Object Repository/Выполнение бизнес-плана/Период' is: '2024 год'

03-03-2025T13:42:54 - [TEST_STEP][PASSED] - iy = m.indexOf("20"): null

03-03-2025T13:42:54 - [TEST_STEP][PASSED] - if (iy > -1): null

03-03-2025T13:42:54 - [TEST_STEP][PASSED] - y = substring(iy, iy + 4).toInteger(): null

03-03-2025T13:42:54 - [TEST_STEP][PASSED] - println(y): null

03-03-2025T13:42:54 - [TEST_STEP][PASSED] - if (toString().length() == 4): null

03-03-2025T13:42:54 - [TEST_STEP][PASSED] - m = m.substring(0, m.indexOf(y.toString())): null

03-03-2025T13:42:54 - [TEST_STEP][PASSED] - m = m.trim(): null

03-03-2025T13:42:54 - [TEST_STEP][PASSED] - if (m == ""): null

03-03-2025T13:42:54 - [TEST_STEP][PASSED] - m = "весь год": null

03-03-2025T13:42:54 - [TEST_STEP][PASSED] - dashboardName = "Выполнение бизнес-плана": null

03-03-2025T13:42:54 - [TEST_STEP][PASSED] - workbook01 = getWorkbook(excelFilePath): null

03-03-2025T13:42:54 - [TEST_STEP][PASSED] - sheet01 = getExcelSheet(workbook01, sheetName): null

03-03-2025T13:42:54 - [TEST_STEP][PASSED] - setValueToCellByIndex(sheet01, n, 0, dashboardName): null

03-03-2025T13:42:54 - [TEST_STEP][PASSED] - setValueToCellByIndex(sheet01, n, 1, dZO): null

03-03-2025T13:42:54 - [TEST_STEP][PASSED] - setValueToCellByIndex(sheet01, n, 2, typeOfData): null

03-03-2025T13:42:54 - [TEST_STEP][PASSED] - if (typeOfData == "Факт в процентах" || typeOfData == "План в процентах"): null

03-03-2025T13:42:54 - [TEST_STEP][PASSED] - else: null

03-03-2025T13:42:54 - [TEST_STEP][PASSED] - setValueToCellByIndex(sheet01, n, 3, fileInt): null

03-03-2025T13:42:54 - [TEST_STEP][PASSED] - setValueToCellByIndex(sheet01, n, 4, pageInt): null

03-03-2025T13:42:54 - [TEST_STEP][PASSED] - setValueToCellByIndex(sheet01, n, 5, m): null

03-03-2025T13:42:54 - [TEST_STEP][PASSED] - setValueToCellByIndex(sheet01, n, 6, y): null

03-03-2025T13:42:54 - [TEST_STEP][PASSED] - setValueToCellByIndex(sheet01, n, 7, todaysDate): null

03-03-2025T13:42:54 - [TEST_STEP][PASSED] - n = n + 1: null

03-03-2025T13:42:54 - [TEST_STEP][PASSED] - saveWorkbook(excelFilePath, workbook01): Object: 'Object Repository/Выполнение бизнес-плана/Кнопка Факт' is clicked on

03-03-2025T13:42:54 - [TEST_STEP][PASSED] - if (planFact == 2): Object: 'Object Repository/Выполнение бизнес-плана/Кнопка Факт' is clicked on

03-03-2025T13:42:54 - [TEST_STEP][PASSED] - click(findTestObject("Выполнение бизнес-плана/Кнопка Факт")): Object: 'Object Repository/Выполнение бизнес-плана/Кнопка Факт' is clicked on

03-03-2025T13:42:54 - [MESSAGE][PASSED] - Object: 'Object Repository/Выполнение бизнес-плана/Кнопка Факт' is clicked on

03-03-2025T13:42:54 - [TEST_STEP][PASSED] - println("a=" + a): null

03-03-2025T13:42:54 - [TEST_STEP][PASSED] - if (a == 84 || a == 82): null

03-03-2025T13:42:54 - [TEST_STEP][PASSED] - else if (a == 83 || a == 52 || a == 72 || a == 28 || a == 73 || a == 77 || a == 74 || a == 65 || a == 36 || a == 44 || a == 53 || a == 80 || a == 54 || a == 1 || a == 18 || a == 59 || a == 81): null

03-03-2025T13:42:54 - [TEST_STEP][PASSED] - else: null

03-03-2025T13:42:54 - [TEST_STEP][PASSED] - page1 = getText(findTestObject("Object Repository/Выполнение бизнес-плана/spanPlan" + filialNum)): Text of object 'Object Repository/Выполнение бизнес-плана/spanPlan12' is: '13.25
|'

03-03-2025T13:42:55 - [MESSAGE][PASSED] - Text of object 'Object Repository/Выполнение бизнес-плана/spanPlan12' is: '13.25
|'

03-03-2025T13:42:55 - [TEST_STEP][PASSED] - page1 = page1.replace("|", ""): null

03-03-2025T13:42:55 - [TEST_STEP][PASSED] - page2 = getText(findTestObject("Object Repository/Выполнение бизнес-плана/spanFact" + filialNum)): Text of object 'Object Repository/Выполнение бизнес-плана/spanFact12' is: '12.50
|'

03-03-2025T13:42:55 - [MESSAGE][PASSED] - Text of object 'Object Repository/Выполнение бизнес-плана/spanFact12' is: '12.50
|'

03-03-2025T13:42:55 - [TEST_STEP][PASSED] - page2 = page2.replace("|", ""): null

03-03-2025T13:42:55 - [TEST_STEP][PASSED] - println("page1: " + page1): null

03-03-2025T13:42:55 - [TEST_STEP][PASSED] - println("page2: " + page2): null

03-03-2025T13:42:55 - [TEST_STEP][PASSED] - file = findTestData("PlanFact").getValue(4, a): null

03-03-2025T13:42:55 - [TEST_STEP][PASSED] - file = file.replace(",", "."): null

03-03-2025T13:42:55 - [TEST_STEP][PASSED] - println("file Plan: " + file): null

03-03-2025T13:42:55 - [TEST_STEP][PASSED] - typeOfData = "План в процентах": null

03-03-2025T13:42:55 - [TEST_STEP][PASSED] - fileDouble = file.toDouble(): null

03-03-2025T13:42:55 - [TEST_STEP][PASSED] - pageDouble = page1.toDouble(): null

03-03-2025T13:42:55 - [TEST_STEP][PASSED] - if (fileDouble != pageDouble): null

03-03-2025T13:42:55 - [TEST_STEP][PASSED] - numberOfErrors = numberOfErrors + 1: null

03-03-2025T13:42:55 - [TEST_STEP][PASSED] - Script1718980020443.WriteToExcel(a, typeOfData, todaysDate, pageInt, fileInt, pageDouble, fileDouble, dZO): null

03-03-2025T13:42:55 - [TEST_STEP][PASSED] - sheetName = "Sheet1": null

03-03-2025T13:42:55 - [TEST_STEP][PASSED] - data = findTestData("PlanFact"): null

03-03-2025T13:42:55 - [TEST_STEP][PASSED] - n = data.getRowNumbers() + 1: null

03-03-2025T13:42:55 - [TEST_STEP][PASSED] - day = ")).toInteger(): null

03-03-2025T13:42:55 - [TEST_STEP][PASSED] - println(day): null

03-03-2025T13:42:55 - [TEST_STEP][PASSED] - month = ")).toInteger(): null

03-03-2025T13:42:55 - [TEST_STEP][PASSED] - println(month): null

03-03-2025T13:42:55 - [TEST_STEP][PASSED] - y = <not implemented yet for class: org.codehaus.groovy.ast.expr.EmptyExpression>: null

03-03-2025T13:42:55 - [TEST_STEP][PASSED] - iy = <not implemented yet for class: org.codehaus.groovy.ast.expr.EmptyExpression>: null

03-03-2025T13:42:55 - [TEST_STEP][PASSED] - m = getText(findTestObject("Выполнение бизнес-плана/Период")): Text of object 'Object Repository/Выполнение бизнес-плана/Период' is: '2024 год'

03-03-2025T13:42:55 - [MESSAGE][PASSED] - Text of object 'Object Repository/Выполнение бизнес-плана/Период' is: '2024 год'

03-03-2025T13:42:55 - [TEST_STEP][PASSED] - iy = m.indexOf("20"): null

03-03-2025T13:42:55 - [TEST_STEP][PASSED] - if (iy > -1): null

03-03-2025T13:42:55 - [TEST_STEP][PASSED] - y = substring(iy, iy + 4).toInteger(): null

03-03-2025T13:42:55 - [TEST_STEP][PASSED] - println(y): null

03-03-2025T13:42:55 - [TEST_STEP][PASSED] - if (toString().length() == 4): null

03-03-2025T13:42:55 - [TEST_STEP][PASSED] - m = m.substring(0, m.indexOf(y.toString())): null

03-03-2025T13:42:55 - [TEST_STEP][PASSED] - m = m.trim(): null

03-03-2025T13:42:55 - [TEST_STEP][PASSED] - if (m == ""): null

03-03-2025T13:42:55 - [TEST_STEP][PASSED] - m = "весь год": null

03-03-2025T13:42:55 - [TEST_STEP][PASSED] - dashboardName = "Выполнение бизнес-плана": null

03-03-2025T13:42:55 - [TEST_STEP][PASSED] - workbook01 = getWorkbook(excelFilePath): null

03-03-2025T13:42:55 - [TEST_STEP][PASSED] - sheet01 = getExcelSheet(workbook01, sheetName): null

03-03-2025T13:42:55 - [TEST_STEP][PASSED] - setValueToCellByIndex(sheet01, n, 0, dashboardName): null

03-03-2025T13:42:55 - [TEST_STEP][PASSED] - setValueToCellByIndex(sheet01, n, 1, dZO): null

03-03-2025T13:42:55 - [TEST_STEP][PASSED] - setValueToCellByIndex(sheet01, n, 2, typeOfData): null

03-03-2025T13:42:55 - [TEST_STEP][PASSED] - if (typeOfData == "Факт в процентах" || typeOfData == "План в процентах"): null

03-03-2025T13:42:55 - [TEST_STEP][PASSED] - setValueToCellByIndex(sheet01, n, 3, fileDouble): null

03-03-2025T13:42:55 - [TEST_STEP][PASSED] - setValueToCellByIndex(sheet01, n, 4, pageDouble): null

03-03-2025T13:42:55 - [TEST_STEP][PASSED] - setValueToCellByIndex(sheet01, n, 5, m): null

03-03-2025T13:42:55 - [TEST_STEP][PASSED] - setValueToCellByIndex(sheet01, n, 6, y): null

03-03-2025T13:42:55 - [TEST_STEP][PASSED] - setValueToCellByIndex(sheet01, n, 7, todaysDate): null

03-03-2025T13:42:55 - [TEST_STEP][PASSED] - n = n + 1: null

03-03-2025T13:42:55 - [TEST_STEP][PASSED] - saveWorkbook(excelFilePath, workbook01): null

03-03-2025T13:42:56 - [TEST_STEP][PASSED] - file = findTestData("PlanFact").getValue(7, a): null

03-03-2025T13:42:56 - [TEST_STEP][PASSED] - file = file.replace(",", "."): null

03-03-2025T13:42:56 - [TEST_STEP][PASSED] - println("file Fact: " + file): null

03-03-2025T13:42:56 - [TEST_STEP][PASSED] - fileDouble = file.toDouble(): null

03-03-2025T13:42:56 - [TEST_STEP][PASSED] - typeOfData = "Факт в процентах": null

03-03-2025T13:42:56 - [TEST_STEP][PASSED] - fileDouble = file.toDouble(): null

03-03-2025T13:42:56 - [TEST_STEP][PASSED] - pageDouble = page2.toDouble(): null

03-03-2025T13:42:56 - [TEST_STEP][PASSED] - if (fileDouble != pageDouble): null

03-03-2025T13:42:56 - [TEST_STEP][PASSED] - numberOfErrors = numberOfErrors + 1: null

03-03-2025T13:42:56 - [TEST_STEP][PASSED] - Script1718980020443.WriteToExcel(a, typeOfData, todaysDate, pageInt, fileInt, pageDouble, fileDouble, dZO): null

03-03-2025T13:42:56 - [TEST_STEP][PASSED] - sheetName = "Sheet1": null

03-03-2025T13:42:56 - [TEST_STEP][PASSED] - data = findTestData("PlanFact"): null

03-03-2025T13:42:56 - [TEST_STEP][PASSED] - n = data.getRowNumbers() + 1: null

03-03-2025T13:42:56 - [TEST_STEP][PASSED] - day = ")).toInteger(): null

03-03-2025T13:42:56 - [TEST_STEP][PASSED] - println(day): null

03-03-2025T13:42:56 - [TEST_STEP][PASSED] - month = ")).toInteger(): null

03-03-2025T13:42:56 - [TEST_STEP][PASSED] - println(month): null

03-03-2025T13:42:56 - [TEST_STEP][PASSED] - y = <not implemented yet for class: org.codehaus.groovy.ast.expr.EmptyExpression>: null

03-03-2025T13:42:56 - [TEST_STEP][PASSED] - iy = <not implemented yet for class: org.codehaus.groovy.ast.expr.EmptyExpression>: null

03-03-2025T13:42:56 - [TEST_STEP][PASSED] - m = getText(findTestObject("Выполнение бизнес-плана/Период")): Text of object 'Object Repository/Выполнение бизнес-плана/Период' is: '2024 год'

03-03-2025T13:42:56 - [MESSAGE][PASSED] - Text of object 'Object Repository/Выполнение бизнес-плана/Период' is: '2024 год'

03-03-2025T13:42:56 - [TEST_STEP][PASSED] - iy = m.indexOf("20"): null

03-03-2025T13:42:56 - [TEST_STEP][PASSED] - if (iy > -1): null

03-03-2025T13:42:56 - [TEST_STEP][PASSED] - y = substring(iy, iy + 4).toInteger(): null

03-03-2025T13:42:56 - [TEST_STEP][PASSED] - println(y): null

03-03-2025T13:42:56 - [TEST_STEP][PASSED] - if (toString().length() == 4): null

03-03-2025T13:42:56 - [TEST_STEP][PASSED] - m = m.substring(0, m.indexOf(y.toString())): null

03-03-2025T13:42:56 - [TEST_STEP][PASSED] - m = m.trim(): null

03-03-2025T13:42:56 - [TEST_STEP][PASSED] - if (m == ""): null

03-03-2025T13:42:56 - [TEST_STEP][PASSED] - m = "весь год": null

03-03-2025T13:42:56 - [TEST_STEP][PASSED] - dashboardName = "Выполнение бизнес-плана": null

03-03-2025T13:42:56 - [TEST_STEP][PASSED] - workbook01 = getWorkbook(excelFilePath): null

03-03-2025T13:42:56 - [TEST_STEP][PASSED] - sheet01 = getExcelSheet(workbook01, sheetName): null

03-03-2025T13:42:56 - [TEST_STEP][PASSED] - setValueToCellByIndex(sheet01, n, 0, dashboardName): null

03-03-2025T13:42:56 - [TEST_STEP][PASSED] - setValueToCellByIndex(sheet01, n, 1, dZO): null

03-03-2025T13:42:56 - [TEST_STEP][PASSED] - setValueToCellByIndex(sheet01, n, 2, typeOfData): null

03-03-2025T13:42:56 - [TEST_STEP][PASSED] - if (typeOfData == "Факт в процентах" || typeOfData == "План в процентах"): null

03-03-2025T13:42:56 - [TEST_STEP][PASSED] - setValueToCellByIndex(sheet01, n, 3, fileDouble): null

03-03-2025T13:42:56 - [TEST_STEP][PASSED] - setValueToCellByIndex(sheet01, n, 4, pageDouble): null

03-03-2025T13:42:56 - [TEST_STEP][PASSED] - setValueToCellByIndex(sheet01, n, 5, m): null

03-03-2025T13:42:56 - [TEST_STEP][PASSED] - setValueToCellByIndex(sheet01, n, 6, y): null

03-03-2025T13:42:56 - [TEST_STEP][PASSED] - setValueToCellByIndex(sheet01, n, 7, todaysDate): null

03-03-2025T13:42:56 - [TEST_STEP][PASSED] - n = n + 1: null

03-03-2025T13:42:56 - [TEST_STEP][PASSED] - saveWorkbook(excelFilePath, workbook01): null

03-03-2025T13:42:56 - [TEST_STEP][FAILED] - if (verifyEqual(numberOfErrors, 0) == false): null

03-03-2025T13:42:56 - [MESSAGE][FAILED] - Unable to verify equal between actual object '6' and expected object '0' (Root cause: com.kms.katalon.core.exception.StepFailedException: Actual object '6' and expected object '0' are not equal
	at com.kms.katalon.core.keyword.builtin.VerifyEqualKeyword$_verifyEqual_closure1.doCall(VerifyEqualKeyword.groovy:58)
	at com.kms.katalon.core.keyword.builtin.VerifyEqualKeyword$_verifyEqual_closure1.call(VerifyEqualKeyword.groovy)
	at com.kms.katalon.core.keyword.internal.KeywordMain.runKeyword(KeywordMain.groovy:75)
	at com.kms.katalon.core.keyword.builtin.VerifyEqualKeyword.verifyEqual(VerifyEqualKeyword.groovy:63)
	at com.kms.katalon.core.keyword.builtin.VerifyEqualKeyword.execute(VerifyEqualKeyword.groovy:44)
	at com.kms.katalon.core.keyword.internal.KeywordExecutor.executeKeywordForPlatform(KeywordExecutor.groovy:74)
	at com.kms.katalon.core.keyword.BuiltinKeywords.verifyEqual(BuiltinKeywords.groovy:146)
	at jdk.internal.reflect.GeneratedMethodAccessor24.invoke(Unknown Source)
	at java.base/jdk.internal.reflect.DelegatingMethodAccessorImpl.invoke(DelegatingMethodAccessorImpl.java:43)
	at Выполнение бизнес-плана Сверка ПАО Россети все филиалы.Numbers(Выполнение бизнес-плана Сверка ПАО Россети все филиалы:736)
	at Выполнение бизнес-плана Сверка ПАО Россети все филиалы.Filials(Выполнение бизнес-плана Сверка ПАО Россети все филиалы:1301)
	at Выполнение бизнес-плана Сверка ПАО Россети все филиалы.Numbers(Выполнение бизнес-плана Сверка ПАО Россети все филиалы:743)
	at Выполнение бизнес-плана Сверка ПАО Россети все филиалы.run(Выполнение бизнес-плана Сверка ПАО Россети все филиалы:364)
	at com.kms.katalon.core.main.ScriptEngine.run(ScriptEngine.java:194)
	at com.kms.katalon.core.main.ScriptEngine.runScriptAsRawText(ScriptEngine.java:119)
	at com.kms.katalon.core.main.TestCaseExecutor.runScript(TestCaseExecutor.java:448)
	at com.kms.katalon.core.main.TestCaseExecutor.doExecute(TestCaseExecutor.java:439)
	at com.kms.katalon.core.main.TestCaseExecutor.processExecutionPhase(TestCaseExecutor.java:418)
	at com.kms.katalon.core.main.TestCaseExecutor.accessMainPhase(TestCaseExecutor.java:410)
	at com.kms.katalon.core.main.TestCaseExecutor.execute(TestCaseExecutor.java:285)
	at com.kms.katalon.core.common.CommonExecutor.accessTestCaseMainPhase(CommonExecutor.java:65)
	at com.kms.katalon.core.main.TestSuiteExecutor.accessTestSuiteMainPhase(TestSuiteExecutor.java:150)
	at com.kms.katalon.core.main.TestSuiteExecutor.execute(TestSuiteExecutor.java:106)
	at com.kms.katalon.core.main.TestCaseMain.startTestSuite(TestCaseMain.java:180)
	at TempTestSuite1740991900055.run(TempTestSuite1740991900055.groovy:35)
	at java.base/jdk.internal.reflect.NativeMethodAccessorImpl.invoke0(Native Method)
	at java.base/jdk.internal.reflect.NativeMethodAccessorImpl.invoke(NativeMethodAccessorImpl.java:77)
	at java.base/jdk.internal.reflect.DelegatingMethodAccessorImpl.invoke(DelegatingMethodAccessorImpl.java:43)
)

03-03-2025T13:42:56 - [TEST_STEP][PASSED] - println(numberOfErrors): null

03-03-2025T13:42:56 - [TEST_STEP][PASSED] - println("a=" + a): null

03-03-2025T13:42:56 - [TEST_STEP][PASSED] - if (a == 28 || a == 77 || a == 74 || a == 65 || a == 36 || a == 44 || a == 54 || a == 1 || a == 18 || a == 59): null

03-03-2025T13:42:56 - [TEST_STEP][PASSED] - if (a == 82): null

03-03-2025T13:42:56 - [TEST_STEP][PASSED] - dZO = "Тамбовэнерго": null

03-03-2025T13:42:56 - [TEST_STEP][PASSED] - a = 10: null

03-03-2025T13:42:56 - [TEST_STEP][PASSED] - if (x2.contains(dZO)): null

03-03-2025T13:42:56 - [TEST_STEP][PASSED] - filialNum = filialNum + 1: null

03-03-2025T13:42:56 - [TEST_STEP][PASSED] - Script1718980020443.Numbers(a, typeOfData, todaysDate, pageInt, fileInt, pageDouble, fileDouble, dZO, dzoNum, filialNum): null

03-03-2025T13:42:56 - [TEST_STEP][PASSED] - println(dzoNum): null

03-03-2025T13:42:56 - [TEST_STEP][PASSED] - planFact = <not implemented yet for class: org.codehaus.groovy.ast.expr.EmptyExpression>: null

03-03-2025T13:42:56 - [TEST_STEP][PASSED] - page = <not implemented yet for class: org.codehaus.groovy.ast.expr.EmptyExpression>: null

03-03-2025T13:42:56 - [TEST_STEP][PASSED] - page1 = <not implemented yet for class: org.codehaus.groovy.ast.expr.EmptyExpression>: null

03-03-2025T13:42:56 - [TEST_STEP][PASSED] - page2 = <not implemented yet for class: org.codehaus.groovy.ast.expr.EmptyExpression>: null

03-03-2025T13:42:56 - [TEST_STEP][PASSED] - filialNumberInRow = <not implemented yet for class: org.codehaus.groovy.ast.expr.EmptyExpression>: null

03-03-2025T13:42:56 - [TEST_STEP][PASSED] - filialsDzoNames = <not implemented yet for class: org.codehaus.groovy.ast.expr.EmptyExpression>: null

03-03-2025T13:42:56 - [TEST_STEP][PASSED] - numberOfFilials = <not implemented yet for class: org.codehaus.groovy.ast.expr.EmptyExpression>: null

03-03-2025T13:42:56 - [TEST_STEP][PASSED] - numberOfSpaces = <not implemented yet for class: org.codehaus.groovy.ast.expr.EmptyExpression>: null

03-03-2025T13:42:56 - [TEST_STEP][PASSED] - file = <not implemented yet for class: org.codehaus.groovy.ast.expr.EmptyExpression>: null

03-03-2025T13:42:56 - [TEST_STEP][PASSED] - otpusk = <not implemented yet for class: org.codehaus.groovy.ast.expr.EmptyExpression>: null

03-03-2025T13:42:56 - [TEST_STEP][PASSED] - poteri = <not implemented yet for class: org.codehaus.groovy.ast.expr.EmptyExpression>: null

03-03-2025T13:42:56 - [TEST_STEP][PASSED] - dataFolder = "Выполнение бизнес-плана/Значения со страницы Выполнение бизнес-плана/": null

03-03-2025T13:42:56 - [TEST_STEP][PASSED] - path = <not implemented yet for class: org.codehaus.groovy.ast.expr.EmptyExpression>: null

03-03-2025T13:42:56 - [TEST_STEP][PASSED] - typeOfDataMain = <not implemented yet for class: org.codehaus.groovy.ast.expr.EmptyExpression>: null

03-03-2025T13:42:56 - [TEST_STEP][PASSED] - fileOtpuskVSet = <not implemented yet for class: org.codehaus.groovy.ast.expr.EmptyExpression>: null

03-03-2025T13:42:56 - [TEST_STEP][PASSED] - pageOtpuskVSet = <not implemented yet for class: org.codehaus.groovy.ast.expr.EmptyExpression>: null

03-03-2025T13:42:56 - [TEST_STEP][PASSED] - filePoteri = <not implemented yet for class: org.codehaus.groovy.ast.expr.EmptyExpression>: null

03-03-2025T13:42:56 - [TEST_STEP][PASSED] - pagePoteri = <not implemented yet for class: org.codehaus.groovy.ast.expr.EmptyExpression>: null

03-03-2025T13:42:56 - [TEST_STEP][PASSED] - compare = <not implemented yet for class: org.codehaus.groovy.ast.expr.EmptyExpression>: null

03-03-2025T13:42:56 - [TEST_STEP][PASSED] - b = <not implemented yet for class: org.codehaus.groovy.ast.expr.EmptyExpression>: null

03-03-2025T13:42:56 - [TEST_STEP][PASSED] - i = <not implemented yet for class: org.codehaus.groovy.ast.expr.EmptyExpression>: null

03-03-2025T13:42:56 - [TEST_STEP][PASSED] - ii = <not implemented yet for class: org.codehaus.groovy.ast.expr.EmptyExpression>: null

03-03-2025T13:42:56 - [TEST_STEP][PASSED] - c = <not implemented yet for class: org.codehaus.groovy.ast.expr.EmptyExpression>: null

03-03-2025T13:42:56 - [TEST_STEP][PASSED] - numberOfErrors = 0: null

03-03-2025T13:42:56 - [TEST_STEP][PASSED] - if (a == 82): null

03-03-2025T13:42:56 - [TEST_STEP][PASSED] - b = findTestData("PlanFact").getValue(1, a): null

03-03-2025T13:42:56 - [TEST_STEP][PASSED] - i = b.indexOf(" (ГК)"): null

03-03-2025T13:42:56 - [TEST_STEP][PASSED] - if (i > -1): null

03-03-2025T13:42:56 - [TEST_STEP][PASSED] - i = b.indexOf("О ""): null

03-03-2025T13:42:56 - [TEST_STEP][PASSED] - if (i > -1): null

03-03-2025T13:42:56 - [TEST_STEP][PASSED] - i = b.indexOf("О «"): null

03-03-2025T13:42:56 - [TEST_STEP][PASSED] - if (i > -1): null

03-03-2025T13:42:56 - [TEST_STEP][PASSED] - i = b.indexOf("г. "): null

03-03-2025T13:42:56 - [TEST_STEP][PASSED] - if (i > -1): null

03-03-2025T13:42:56 - [TEST_STEP][PASSED] - b = b.trim(): null

03-03-2025T13:42:56 - [TEST_STEP][PASSED] - println(b): null

03-03-2025T13:42:56 - [TEST_STEP][PASSED] - for ([planFact = 1, planFact < 3, (planFact++)]): null

03-03-2025T13:42:56 - [TEST_STEP][PASSED] - if (planFact == 1): null

03-03-2025T13:42:56 - [TEST_STEP][PASSED] - typeOfDataMain = "Факт": null

03-03-2025T13:42:56 - [TEST_STEP][PASSED] - otpusk = findTestData("PlanFact").getValue(5, a): null

03-03-2025T13:42:57 - [TEST_STEP][PASSED] - poteri = findTestData("PlanFact").getValue(6, a): null

03-03-2025T13:42:57 - [TEST_STEP][PASSED] - otpusk = otpusk.replaceAll("\s+", ""): null

03-03-2025T13:42:57 - [TEST_STEP][PASSED] - poteri = poteri.replaceAll("\s+", ""): null

03-03-2025T13:42:57 - [TEST_STEP][PASSED] - typeOfData = typeOfDataMain + " Отпуск в сеть": null

03-03-2025T13:42:57 - [TEST_STEP][PASSED] - if (a == 82): null

03-03-2025T13:42:57 - [TEST_STEP][PASSED] - else if (a == 84): null

03-03-2025T13:42:57 - [TEST_STEP][PASSED] - else if (a == 83 || a == 52 || a == 72 || a == 28 || a == 73 || a == 77 || a == 74 || a == 65 || a == 36 || a == 44 || a == 53 || a == 80 || a == 54 || a == 1 || a == 18 || a == 59 || a == 81): null

03-03-2025T13:42:57 - [TEST_STEP][PASSED] - else: null

03-03-2025T13:42:57 - [TEST_STEP][PASSED] - path = dataFolder + typeOfData + " за отчётный период " + b: null

03-03-2025T13:42:57 - [TEST_STEP][PASSED] - println(path): null

03-03-2025T13:42:57 - [TEST_STEP][PASSED] - page = getText(findTestObject(path)): Text of object 'Object Repository/Выполнение бизнес-плана/Значения со страницы Выполнение бизнес-плана/Факт Отпуск в сеть за отчётный период Тамбовэнерго' is: '292 952'

03-03-2025T13:42:57 - [MESSAGE][PASSED] - Text of object 'Object Repository/Выполнение бизнес-плана/Значения со страницы Выполнение бизнес-плана/Факт Отпуск в сеть за отчётный период Тамбовэнерго' is: '292 952'

03-03-2025T13:42:57 - [TEST_STEP][PASSED] - if (page == "" || page == null): null

03-03-2025T13:42:57 - [TEST_STEP][PASSED] - else: null

03-03-2025T13:42:57 - [TEST_STEP][PASSED] - page = page.replaceAll("\s+", ""): null

03-03-2025T13:42:57 - [TEST_STEP][PASSED] - fileOtpuskVSet = otpusk.toInteger(): null

03-03-2025T13:42:57 - [TEST_STEP][PASSED] - pageOtpuskVSet = page.toInteger(): null

03-03-2025T13:42:57 - [TEST_STEP][PASSED] - typeOfData = typeOfDataMain + " Потери": null

03-03-2025T13:42:57 - [TEST_STEP][PASSED] - if (a == 82): null

03-03-2025T13:42:57 - [TEST_STEP][PASSED] - else if (a == 84): null

03-03-2025T13:42:57 - [TEST_STEP][PASSED] - else if (a == 83 || a == 52 || a == 72 || a == 28 || a == 73 || a == 77 || a == 74 || a == 65 || a == 44 || a == 53 || a == 80 || a == 54 || a == 1 || a == 18 || a == 59 || a == 81): null

03-03-2025T13:42:57 - [TEST_STEP][PASSED] - else: null

03-03-2025T13:42:57 - [TEST_STEP][PASSED] - path = dataFolder + typeOfData + " за отчётный период " + b: null

03-03-2025T13:42:57 - [TEST_STEP][PASSED] - page = getText(findTestObject(path)): Text of object 'Object Repository/Выполнение бизнес-плана/Значения со страницы Выполнение бизнес-плана/Факт Потери за отчётный период Тамбовэнерго' is: '37 335'

03-03-2025T13:42:57 - [MESSAGE][PASSED] - Text of object 'Object Repository/Выполнение бизнес-плана/Значения со страницы Выполнение бизнес-плана/Факт Потери за отчётный период Тамбовэнерго' is: '37 335'

03-03-2025T13:42:57 - [TEST_STEP][PASSED] - if (page == "" || page == null): null

03-03-2025T13:42:57 - [TEST_STEP][PASSED] - else: null

03-03-2025T13:42:57 - [TEST_STEP][PASSED] - page = page.replaceAll("\s+", ""): null

03-03-2025T13:42:57 - [TEST_STEP][PASSED] - filePoteri = poteri.toInteger(): null

03-03-2025T13:42:57 - [TEST_STEP][PASSED] - pagePoteri = page.toInteger(): null

03-03-2025T13:42:57 - [TEST_STEP][PASSED] - compare = pageOtpuskVSet: null

03-03-2025T13:42:57 - [TEST_STEP][PASSED] - if (pageOtpuskVSet != null): null

03-03-2025T13:42:57 - [TEST_STEP][PASSED] - if (compare == fileOtpuskVSet): null

03-03-2025T13:42:57 - [TEST_STEP][PASSED] - else if (compare > fileOtpuskVSet): null

03-03-2025T13:42:57 - [TEST_STEP][PASSED] - else if (compare < fileOtpuskVSet): null

03-03-2025T13:42:57 - [TEST_STEP][PASSED] - compare = compare + 1: null

03-03-2025T13:42:57 - [TEST_STEP][PASSED] - if (compare == fileOtpuskVSet): null

03-03-2025T13:42:57 - [TEST_STEP][PASSED] - else: null

03-03-2025T13:42:57 - [TEST_STEP][PASSED] - numberOfErrors = numberOfErrors + 1: null

03-03-2025T13:42:57 - [TEST_STEP][PASSED] - pageInt = pageOtpuskVSet: null

03-03-2025T13:42:57 - [TEST_STEP][PASSED] - fileInt = fileOtpuskVSet: null

03-03-2025T13:42:57 - [TEST_STEP][PASSED] - typeOfData = typeOfDataMain + " Отпуск в сеть": null

03-03-2025T13:42:57 - [TEST_STEP][PASSED] - Script1718980020443.WriteToExcel(a, typeOfData, todaysDate, pageInt, fileInt, pageDouble, fileDouble, dZO): null

03-03-2025T13:42:57 - [TEST_STEP][PASSED] - sheetName = "Sheet1": null

03-03-2025T13:42:57 - [TEST_STEP][PASSED] - data = findTestData("PlanFact"): null

03-03-2025T13:42:57 - [TEST_STEP][PASSED] - n = data.getRowNumbers() + 1: null

03-03-2025T13:42:57 - [TEST_STEP][PASSED] - day = ")).toInteger(): null

03-03-2025T13:42:57 - [TEST_STEP][PASSED] - println(day): null

03-03-2025T13:42:57 - [TEST_STEP][PASSED] - month = ")).toInteger(): null

03-03-2025T13:42:57 - [TEST_STEP][PASSED] - println(month): null

03-03-2025T13:42:57 - [TEST_STEP][PASSED] - y = <not implemented yet for class: org.codehaus.groovy.ast.expr.EmptyExpression>: null

03-03-2025T13:42:57 - [TEST_STEP][PASSED] - iy = <not implemented yet for class: org.codehaus.groovy.ast.expr.EmptyExpression>: null

03-03-2025T13:42:57 - [TEST_STEP][PASSED] - m = getText(findTestObject("Выполнение бизнес-плана/Период")): Text of object 'Object Repository/Выполнение бизнес-плана/Период' is: '2024 год'

03-03-2025T13:42:58 - [MESSAGE][PASSED] - Text of object 'Object Repository/Выполнение бизнес-плана/Период' is: '2024 год'

03-03-2025T13:42:58 - [TEST_STEP][PASSED] - iy = m.indexOf("20"): null

03-03-2025T13:42:58 - [TEST_STEP][PASSED] - if (iy > -1): null

03-03-2025T13:42:58 - [TEST_STEP][PASSED] - y = substring(iy, iy + 4).toInteger(): null

03-03-2025T13:42:58 - [TEST_STEP][PASSED] - println(y): null

03-03-2025T13:42:58 - [TEST_STEP][PASSED] - if (toString().length() == 4): null

03-03-2025T13:42:58 - [TEST_STEP][PASSED] - m = m.substring(0, m.indexOf(y.toString())): null

03-03-2025T13:42:58 - [TEST_STEP][PASSED] - m = m.trim(): null

03-03-2025T13:42:58 - [TEST_STEP][PASSED] - if (m == ""): null

03-03-2025T13:42:58 - [TEST_STEP][PASSED] - m = "весь год": null

03-03-2025T13:42:58 - [TEST_STEP][PASSED] - dashboardName = "Выполнение бизнес-плана": null

03-03-2025T13:42:58 - [TEST_STEP][PASSED] - workbook01 = getWorkbook(excelFilePath): null

03-03-2025T13:42:58 - [TEST_STEP][PASSED] - sheet01 = getExcelSheet(workbook01, sheetName): null

03-03-2025T13:42:58 - [TEST_STEP][PASSED] - setValueToCellByIndex(sheet01, n, 0, dashboardName): null

03-03-2025T13:42:58 - [TEST_STEP][PASSED] - setValueToCellByIndex(sheet01, n, 1, dZO): null

03-03-2025T13:42:58 - [TEST_STEP][PASSED] - setValueToCellByIndex(sheet01, n, 2, typeOfData): null

03-03-2025T13:42:58 - [TEST_STEP][PASSED] - if (typeOfData == "Факт в процентах" || typeOfData == "План в процентах"): null

03-03-2025T13:42:58 - [TEST_STEP][PASSED] - else: null

03-03-2025T13:42:58 - [TEST_STEP][PASSED] - setValueToCellByIndex(sheet01, n, 3, fileInt): null

03-03-2025T13:42:58 - [TEST_STEP][PASSED] - setValueToCellByIndex(sheet01, n, 4, pageInt): null

03-03-2025T13:42:58 - [TEST_STEP][PASSED] - setValueToCellByIndex(sheet01, n, 5, m): null

03-03-2025T13:42:58 - [TEST_STEP][PASSED] - setValueToCellByIndex(sheet01, n, 6, y): null

03-03-2025T13:42:58 - [TEST_STEP][PASSED] - setValueToCellByIndex(sheet01, n, 7, todaysDate): null

03-03-2025T13:42:58 - [TEST_STEP][PASSED] - n = n + 1: null

03-03-2025T13:42:58 - [TEST_STEP][PASSED] - saveWorkbook(excelFilePath, workbook01): null

03-03-2025T13:42:58 - [TEST_STEP][PASSED] - compare = pagePoteri: null

03-03-2025T13:42:58 - [TEST_STEP][PASSED] - if (pageOtpuskVSet != null): null

03-03-2025T13:42:58 - [TEST_STEP][PASSED] - if (compare == filePoteri): null

03-03-2025T13:42:58 - [TEST_STEP][PASSED] - else if (compare > filePoteri): null

03-03-2025T13:42:58 - [TEST_STEP][PASSED] - else if (compare < filePoteri): null

03-03-2025T13:42:58 - [TEST_STEP][PASSED] - compare = compare + 1: null

03-03-2025T13:42:58 - [TEST_STEP][PASSED] - if (compare == filePoteri): null

03-03-2025T13:42:58 - [TEST_STEP][PASSED] - else: null

03-03-2025T13:42:58 - [TEST_STEP][PASSED] - numberOfErrors = numberOfErrors + 1: null

03-03-2025T13:42:58 - [TEST_STEP][PASSED] - pageInt = pagePoteri: null

03-03-2025T13:42:58 - [TEST_STEP][PASSED] - fileInt = filePoteri: null

03-03-2025T13:42:58 - [TEST_STEP][PASSED] - typeOfData = typeOfDataMain + " Потери": null

03-03-2025T13:42:58 - [TEST_STEP][PASSED] - Script1718980020443.WriteToExcel(a, typeOfData, todaysDate, pageInt, fileInt, pageDouble, fileDouble, dZO): null

03-03-2025T13:42:58 - [TEST_STEP][PASSED] - sheetName = "Sheet1": null

03-03-2025T13:42:58 - [TEST_STEP][PASSED] - data = findTestData("PlanFact"): null

03-03-2025T13:42:58 - [TEST_STEP][PASSED] - n = data.getRowNumbers() + 1: null

03-03-2025T13:42:58 - [TEST_STEP][PASSED] - day = ")).toInteger(): null

03-03-2025T13:42:58 - [TEST_STEP][PASSED] - println(day): null

03-03-2025T13:42:58 - [TEST_STEP][PASSED] - month = ")).toInteger(): null

03-03-2025T13:42:58 - [TEST_STEP][PASSED] - println(month): null

03-03-2025T13:42:58 - [TEST_STEP][PASSED] - y = <not implemented yet for class: org.codehaus.groovy.ast.expr.EmptyExpression>: null

03-03-2025T13:42:58 - [TEST_STEP][PASSED] - iy = <not implemented yet for class: org.codehaus.groovy.ast.expr.EmptyExpression>: null

03-03-2025T13:42:58 - [TEST_STEP][PASSED] - m = getText(findTestObject("Выполнение бизнес-плана/Период")): Text of object 'Object Repository/Выполнение бизнес-плана/Период' is: '2024 год'

03-03-2025T13:42:58 - [MESSAGE][PASSED] - Text of object 'Object Repository/Выполнение бизнес-плана/Период' is: '2024 год'

03-03-2025T13:42:58 - [TEST_STEP][PASSED] - iy = m.indexOf("20"): null

03-03-2025T13:42:58 - [TEST_STEP][PASSED] - if (iy > -1): null

03-03-2025T13:42:58 - [TEST_STEP][PASSED] - y = substring(iy, iy + 4).toInteger(): null

03-03-2025T13:42:58 - [TEST_STEP][PASSED] - println(y): null

03-03-2025T13:42:58 - [TEST_STEP][PASSED] - if (toString().length() == 4): null

03-03-2025T13:42:58 - [TEST_STEP][PASSED] - m = m.substring(0, m.indexOf(y.toString())): null

03-03-2025T13:42:58 - [TEST_STEP][PASSED] - m = m.trim(): null

03-03-2025T13:42:58 - [TEST_STEP][PASSED] - if (m == ""): null

03-03-2025T13:42:58 - [TEST_STEP][PASSED] - m = "весь год": null

03-03-2025T13:42:58 - [TEST_STEP][PASSED] - dashboardName = "Выполнение бизнес-плана": null

03-03-2025T13:42:58 - [TEST_STEP][PASSED] - workbook01 = getWorkbook(excelFilePath): null

03-03-2025T13:42:58 - [TEST_STEP][PASSED] - sheet01 = getExcelSheet(workbook01, sheetName): null

03-03-2025T13:42:58 - [TEST_STEP][PASSED] - setValueToCellByIndex(sheet01, n, 0, dashboardName): null

03-03-2025T13:42:58 - [TEST_STEP][PASSED] - setValueToCellByIndex(sheet01, n, 1, dZO): null

03-03-2025T13:42:58 - [TEST_STEP][PASSED] - setValueToCellByIndex(sheet01, n, 2, typeOfData): null

03-03-2025T13:42:58 - [TEST_STEP][PASSED] - if (typeOfData == "Факт в процентах" || typeOfData == "План в процентах"): null

03-03-2025T13:42:58 - [TEST_STEP][PASSED] - else: null

03-03-2025T13:42:58 - [TEST_STEP][PASSED] - setValueToCellByIndex(sheet01, n, 3, fileInt): null

03-03-2025T13:42:58 - [TEST_STEP][PASSED] - setValueToCellByIndex(sheet01, n, 4, pageInt): null

03-03-2025T13:42:58 - [TEST_STEP][PASSED] - setValueToCellByIndex(sheet01, n, 5, m): null

03-03-2025T13:42:58 - [TEST_STEP][PASSED] - setValueToCellByIndex(sheet01, n, 6, y): null

03-03-2025T13:42:58 - [TEST_STEP][PASSED] - setValueToCellByIndex(sheet01, n, 7, todaysDate): null

03-03-2025T13:42:58 - [TEST_STEP][PASSED] - n = n + 1: null

03-03-2025T13:42:58 - [TEST_STEP][PASSED] - saveWorkbook(excelFilePath, workbook01): null

03-03-2025T13:42:59 - [TEST_STEP][PASSED] - if (planFact == 2): null

03-03-2025T13:42:59 - [TEST_STEP][PASSED] - if (planFact == 1): null

03-03-2025T13:42:59 - [TEST_STEP][PASSED] - else if (planFact == 2): null

03-03-2025T13:42:59 - [TEST_STEP][PASSED] - click(findTestObject("Выполнение бизнес-плана/Кнопка План")): Object: 'Object Repository/Выполнение бизнес-плана/Кнопка План' is clicked on

03-03-2025T13:42:59 - [MESSAGE][PASSED] - Object: 'Object Repository/Выполнение бизнес-плана/Кнопка План' is clicked on

03-03-2025T13:42:59 - [TEST_STEP][PASSED] - typeOfDataMain = "План": null

03-03-2025T13:42:59 - [TEST_STEP][PASSED] - otpusk = findTestData("PlanFact").getValue(2, a): null

03-03-2025T13:42:59 - [TEST_STEP][PASSED] - poteri = findTestData("PlanFact").getValue(3, a): null

03-03-2025T13:42:59 - [TEST_STEP][PASSED] - otpusk = otpusk.replaceAll("\s+", ""): null

03-03-2025T13:42:59 - [TEST_STEP][PASSED] - poteri = poteri.replaceAll("\s+", ""): null

03-03-2025T13:42:59 - [TEST_STEP][PASSED] - typeOfData = typeOfDataMain + " Отпуск в сеть": null

03-03-2025T13:42:59 - [TEST_STEP][PASSED] - if (a == 82): null

03-03-2025T13:42:59 - [TEST_STEP][PASSED] - else if (a == 84): null

03-03-2025T13:42:59 - [TEST_STEP][PASSED] - else if (a == 83 || a == 52 || a == 72 || a == 28 || a == 73 || a == 77 || a == 74 || a == 65 || a == 36 || a == 44 || a == 53 || a == 80 || a == 54 || a == 1 || a == 18 || a == 59 || a == 81): null

03-03-2025T13:42:59 - [TEST_STEP][PASSED] - else: null

03-03-2025T13:42:59 - [TEST_STEP][PASSED] - path = dataFolder + typeOfData + " за отчётный период " + b: null

03-03-2025T13:42:59 - [TEST_STEP][PASSED] - println(path): null

03-03-2025T13:42:59 - [TEST_STEP][PASSED] - page = getText(findTestObject(path)): Text of object 'Object Repository/Выполнение бизнес-плана/Значения со страницы Выполнение бизнес-плана/План Отпуск в сеть за отчётный период Тамбовэнерго' is: '295 324'

03-03-2025T13:42:59 - [MESSAGE][PASSED] - Text of object 'Object Repository/Выполнение бизнес-плана/Значения со страницы Выполнение бизнес-плана/План Отпуск в сеть за отчётный период Тамбовэнерго' is: '295 324'

03-03-2025T13:42:59 - [TEST_STEP][PASSED] - if (page == "" || page == null): null

03-03-2025T13:42:59 - [TEST_STEP][PASSED] - else: null

03-03-2025T13:42:59 - [TEST_STEP][PASSED] - page = page.replaceAll("\s+", ""): null

03-03-2025T13:42:59 - [TEST_STEP][PASSED] - fileOtpuskVSet = otpusk.toInteger(): null

03-03-2025T13:42:59 - [TEST_STEP][PASSED] - pageOtpuskVSet = page.toInteger(): null

03-03-2025T13:42:59 - [TEST_STEP][PASSED] - typeOfData = typeOfDataMain + " Потери": null

03-03-2025T13:42:59 - [TEST_STEP][PASSED] - if (a == 82): null

03-03-2025T13:42:59 - [TEST_STEP][PASSED] - else if (a == 84): null

03-03-2025T13:42:59 - [TEST_STEP][PASSED] - else if (a == 83 || a == 52 || a == 72 || a == 28 || a == 73 || a == 77 || a == 74 || a == 65 || a == 44 || a == 53 || a == 80 || a == 54 || a == 1 || a == 18 || a == 59 || a == 81): null

03-03-2025T13:42:59 - [TEST_STEP][PASSED] - else: null

03-03-2025T13:42:59 - [TEST_STEP][PASSED] - path = dataFolder + typeOfData + " за отчётный период " + b: null

03-03-2025T13:42:59 - [TEST_STEP][PASSED] - page = getText(findTestObject(path)): Text of object 'Object Repository/Выполнение бизнес-плана/Значения со страницы Выполнение бизнес-плана/План Потери за отчётный период Тамбовэнерго' is: '34 197'

03-03-2025T13:43:00 - [MESSAGE][PASSED] - Text of object 'Object Repository/Выполнение бизнес-плана/Значения со страницы Выполнение бизнес-плана/План Потери за отчётный период Тамбовэнерго' is: '34 197'

03-03-2025T13:43:00 - [TEST_STEP][PASSED] - if (page == "" || page == null): null

03-03-2025T13:43:00 - [TEST_STEP][PASSED] - else: null

03-03-2025T13:43:00 - [TEST_STEP][PASSED] - page = page.replaceAll("\s+", ""): null

03-03-2025T13:43:00 - [TEST_STEP][PASSED] - filePoteri = poteri.toInteger(): null

03-03-2025T13:43:00 - [TEST_STEP][PASSED] - pagePoteri = page.toInteger(): null

03-03-2025T13:43:00 - [TEST_STEP][PASSED] - compare = pageOtpuskVSet: null

03-03-2025T13:43:00 - [TEST_STEP][PASSED] - if (pageOtpuskVSet != null): null

03-03-2025T13:43:00 - [TEST_STEP][PASSED] - if (compare == fileOtpuskVSet): null

03-03-2025T13:43:00 - [TEST_STEP][PASSED] - else if (compare > fileOtpuskVSet): null

03-03-2025T13:43:00 - [TEST_STEP][PASSED] - else if (compare < fileOtpuskVSet): null

03-03-2025T13:43:00 - [TEST_STEP][PASSED] - compare = compare + 1: null

03-03-2025T13:43:00 - [TEST_STEP][PASSED] - if (compare == fileOtpuskVSet): null

03-03-2025T13:43:00 - [TEST_STEP][PASSED] - else: null

03-03-2025T13:43:00 - [TEST_STEP][PASSED] - numberOfErrors = numberOfErrors + 1: null

03-03-2025T13:43:00 - [TEST_STEP][PASSED] - pageInt = pageOtpuskVSet: null

03-03-2025T13:43:00 - [TEST_STEP][PASSED] - fileInt = fileOtpuskVSet: null

03-03-2025T13:43:00 - [TEST_STEP][PASSED] - typeOfData = typeOfDataMain + " Отпуск в сеть": null

03-03-2025T13:43:00 - [TEST_STEP][PASSED] - Script1718980020443.WriteToExcel(a, typeOfData, todaysDate, pageInt, fileInt, pageDouble, fileDouble, dZO): null

03-03-2025T13:43:00 - [TEST_STEP][PASSED] - sheetName = "Sheet1": null

03-03-2025T13:43:00 - [TEST_STEP][PASSED] - data = findTestData("PlanFact"): null

03-03-2025T13:43:00 - [TEST_STEP][PASSED] - n = data.getRowNumbers() + 1: null

03-03-2025T13:43:00 - [TEST_STEP][PASSED] - day = ")).toInteger(): null

03-03-2025T13:43:00 - [TEST_STEP][PASSED] - println(day): null

03-03-2025T13:43:00 - [TEST_STEP][PASSED] - month = ")).toInteger(): null

03-03-2025T13:43:00 - [TEST_STEP][PASSED] - println(month): null

03-03-2025T13:43:00 - [TEST_STEP][PASSED] - y = <not implemented yet for class: org.codehaus.groovy.ast.expr.EmptyExpression>: null

03-03-2025T13:43:00 - [TEST_STEP][PASSED] - iy = <not implemented yet for class: org.codehaus.groovy.ast.expr.EmptyExpression>: null

03-03-2025T13:43:00 - [TEST_STEP][PASSED] - m = getText(findTestObject("Выполнение бизнес-плана/Период")): Text of object 'Object Repository/Выполнение бизнес-плана/Период' is: '2024 год'

03-03-2025T13:43:00 - [MESSAGE][PASSED] - Text of object 'Object Repository/Выполнение бизнес-плана/Период' is: '2024 год'

03-03-2025T13:43:00 - [TEST_STEP][PASSED] - iy = m.indexOf("20"): null

03-03-2025T13:43:00 - [TEST_STEP][PASSED] - if (iy > -1): null

03-03-2025T13:43:00 - [TEST_STEP][PASSED] - y = substring(iy, iy + 4).toInteger(): null

03-03-2025T13:43:00 - [TEST_STEP][PASSED] - println(y): null

03-03-2025T13:43:00 - [TEST_STEP][PASSED] - if (toString().length() == 4): null

03-03-2025T13:43:00 - [TEST_STEP][PASSED] - m = m.substring(0, m.indexOf(y.toString())): null

03-03-2025T13:43:00 - [TEST_STEP][PASSED] - m = m.trim(): null

03-03-2025T13:43:00 - [TEST_STEP][PASSED] - if (m == ""): null

03-03-2025T13:43:00 - [TEST_STEP][PASSED] - m = "весь год": null

03-03-2025T13:43:00 - [TEST_STEP][PASSED] - dashboardName = "Выполнение бизнес-плана": null

03-03-2025T13:43:00 - [TEST_STEP][PASSED] - workbook01 = getWorkbook(excelFilePath): null

03-03-2025T13:43:00 - [TEST_STEP][PASSED] - sheet01 = getExcelSheet(workbook01, sheetName): null

03-03-2025T13:43:00 - [TEST_STEP][PASSED] - setValueToCellByIndex(sheet01, n, 0, dashboardName): null

03-03-2025T13:43:00 - [TEST_STEP][PASSED] - setValueToCellByIndex(sheet01, n, 1, dZO): null

03-03-2025T13:43:00 - [TEST_STEP][PASSED] - setValueToCellByIndex(sheet01, n, 2, typeOfData): null

03-03-2025T13:43:00 - [TEST_STEP][PASSED] - if (typeOfData == "Факт в процентах" || typeOfData == "План в процентах"): null

03-03-2025T13:43:00 - [TEST_STEP][PASSED] - else: null

03-03-2025T13:43:00 - [TEST_STEP][PASSED] - setValueToCellByIndex(sheet01, n, 3, fileInt): null

03-03-2025T13:43:00 - [TEST_STEP][PASSED] - setValueToCellByIndex(sheet01, n, 4, pageInt): null

03-03-2025T13:43:00 - [TEST_STEP][PASSED] - setValueToCellByIndex(sheet01, n, 5, m): null

03-03-2025T13:43:00 - [TEST_STEP][PASSED] - setValueToCellByIndex(sheet01, n, 6, y): null

03-03-2025T13:43:00 - [TEST_STEP][PASSED] - setValueToCellByIndex(sheet01, n, 7, todaysDate): null

03-03-2025T13:43:00 - [TEST_STEP][PASSED] - n = n + 1: null

03-03-2025T13:43:00 - [TEST_STEP][PASSED] - saveWorkbook(excelFilePath, workbook01): null

03-03-2025T13:43:00 - [TEST_STEP][PASSED] - compare = pagePoteri: null

03-03-2025T13:43:00 - [TEST_STEP][PASSED] - if (pageOtpuskVSet != null): null

03-03-2025T13:43:00 - [TEST_STEP][PASSED] - if (compare == filePoteri): null

03-03-2025T13:43:00 - [TEST_STEP][PASSED] - else if (compare > filePoteri): null

03-03-2025T13:43:00 - [TEST_STEP][PASSED] - else if (compare < filePoteri): null

03-03-2025T13:43:00 - [TEST_STEP][PASSED] - compare = compare + 1: null

03-03-2025T13:43:00 - [TEST_STEP][PASSED] - if (compare == filePoteri): null

03-03-2025T13:43:00 - [TEST_STEP][PASSED] - else: null

03-03-2025T13:43:00 - [TEST_STEP][PASSED] - numberOfErrors = numberOfErrors + 1: null

03-03-2025T13:43:00 - [TEST_STEP][PASSED] - pageInt = pagePoteri: null

03-03-2025T13:43:00 - [TEST_STEP][PASSED] - fileInt = filePoteri: null

03-03-2025T13:43:00 - [TEST_STEP][PASSED] - typeOfData = typeOfDataMain + " Потери": null

03-03-2025T13:43:00 - [TEST_STEP][PASSED] - Script1718980020443.WriteToExcel(a, typeOfData, todaysDate, pageInt, fileInt, pageDouble, fileDouble, dZO): null

03-03-2025T13:43:00 - [TEST_STEP][PASSED] - sheetName = "Sheet1": null

03-03-2025T13:43:00 - [TEST_STEP][PASSED] - data = findTestData("PlanFact"): null

03-03-2025T13:43:00 - [TEST_STEP][PASSED] - n = data.getRowNumbers() + 1: null

03-03-2025T13:43:00 - [TEST_STEP][PASSED] - day = ")).toInteger(): null

03-03-2025T13:43:00 - [TEST_STEP][PASSED] - println(day): null

03-03-2025T13:43:00 - [TEST_STEP][PASSED] - month = ")).toInteger(): null

03-03-2025T13:43:00 - [TEST_STEP][PASSED] - println(month): null

03-03-2025T13:43:00 - [TEST_STEP][PASSED] - y = <not implemented yet for class: org.codehaus.groovy.ast.expr.EmptyExpression>: null

03-03-2025T13:43:00 - [TEST_STEP][PASSED] - iy = <not implemented yet for class: org.codehaus.groovy.ast.expr.EmptyExpression>: null

03-03-2025T13:43:00 - [TEST_STEP][PASSED] - m = getText(findTestObject("Выполнение бизнес-плана/Период")): Text of object 'Object Repository/Выполнение бизнес-плана/Период' is: '2024 год'

03-03-2025T13:43:01 - [MESSAGE][PASSED] - Text of object 'Object Repository/Выполнение бизнес-плана/Период' is: '2024 год'

03-03-2025T13:43:01 - [TEST_STEP][PASSED] - iy = m.indexOf("20"): null

03-03-2025T13:43:01 - [TEST_STEP][PASSED] - if (iy > -1): null

03-03-2025T13:43:01 - [TEST_STEP][PASSED] - y = substring(iy, iy + 4).toInteger(): null

03-03-2025T13:43:01 - [TEST_STEP][PASSED] - println(y): null

03-03-2025T13:43:01 - [TEST_STEP][PASSED] - if (toString().length() == 4): null

03-03-2025T13:43:01 - [TEST_STEP][PASSED] - m = m.substring(0, m.indexOf(y.toString())): null

03-03-2025T13:43:01 - [TEST_STEP][PASSED] - m = m.trim(): null

03-03-2025T13:43:01 - [TEST_STEP][PASSED] - if (m == ""): null

03-03-2025T13:43:01 - [TEST_STEP][PASSED] - m = "весь год": null

03-03-2025T13:43:01 - [TEST_STEP][PASSED] - dashboardName = "Выполнение бизнес-плана": null

03-03-2025T13:43:01 - [TEST_STEP][PASSED] - workbook01 = getWorkbook(excelFilePath): null

03-03-2025T13:43:01 - [TEST_STEP][PASSED] - sheet01 = getExcelSheet(workbook01, sheetName): null

03-03-2025T13:43:01 - [TEST_STEP][PASSED] - setValueToCellByIndex(sheet01, n, 0, dashboardName): null

03-03-2025T13:43:01 - [TEST_STEP][PASSED] - setValueToCellByIndex(sheet01, n, 1, dZO): null

03-03-2025T13:43:01 - [TEST_STEP][PASSED] - setValueToCellByIndex(sheet01, n, 2, typeOfData): null

03-03-2025T13:43:01 - [TEST_STEP][PASSED] - if (typeOfData == "Факт в процентах" || typeOfData == "План в процентах"): null

03-03-2025T13:43:01 - [TEST_STEP][PASSED] - else: null

03-03-2025T13:43:01 - [TEST_STEP][PASSED] - setValueToCellByIndex(sheet01, n, 3, fileInt): null

03-03-2025T13:43:01 - [TEST_STEP][PASSED] - setValueToCellByIndex(sheet01, n, 4, pageInt): null

03-03-2025T13:43:01 - [TEST_STEP][PASSED] - setValueToCellByIndex(sheet01, n, 5, m): null

03-03-2025T13:43:01 - [TEST_STEP][PASSED] - setValueToCellByIndex(sheet01, n, 6, y): null

03-03-2025T13:43:01 - [TEST_STEP][PASSED] - setValueToCellByIndex(sheet01, n, 7, todaysDate): null

03-03-2025T13:43:01 - [TEST_STEP][PASSED] - n = n + 1: null

03-03-2025T13:43:01 - [TEST_STEP][PASSED] - saveWorkbook(excelFilePath, workbook01): Object: 'Object Repository/Выполнение бизнес-плана/Кнопка Факт' is clicked on

03-03-2025T13:43:01 - [TEST_STEP][PASSED] - if (planFact == 2): Object: 'Object Repository/Выполнение бизнес-плана/Кнопка Факт' is clicked on

03-03-2025T13:43:01 - [TEST_STEP][PASSED] - click(findTestObject("Выполнение бизнес-плана/Кнопка Факт")): Object: 'Object Repository/Выполнение бизнес-плана/Кнопка Факт' is clicked on

03-03-2025T13:43:01 - [MESSAGE][PASSED] - Object: 'Object Repository/Выполнение бизнес-плана/Кнопка Факт' is clicked on

03-03-2025T13:46:42 - [TEST_STEP][PASSED] - println("a=" + a): null

03-03-2025T13:46:42 - [TEST_STEP][PASSED] - if (a == 84 || a == 82): null

03-03-2025T13:46:42 - [TEST_STEP][PASSED] - else if (a == 83 || a == 52 || a == 72 || a == 28 || a == 73 || a == 77 || a == 74 || a == 65 || a == 36 || a == 44 || a == 53 || a == 80 || a == 54 || a == 1 || a == 18 || a == 59 || a == 81): null

03-03-2025T13:46:42 - [TEST_STEP][PASSED] - else: null

03-03-2025T13:46:42 - [TEST_STEP][PASSED] - page1 = getText(findTestObject("Object Repository/Выполнение бизнес-плана/spanPlan" + filialNum)): Text of object 'Object Repository/Выполнение бизнес-плана/spanPlan13' is: '9.14
|'

03-03-2025T13:46:42 - [MESSAGE][PASSED] - Text of object 'Object Repository/Выполнение бизнес-плана/spanPlan13' is: '9.14
|'

03-03-2025T13:46:42 - [TEST_STEP][PASSED] - page1 = page1.replace("|", ""): null

03-03-2025T13:46:42 - [TEST_STEP][PASSED] - page2 = getText(findTestObject("Object Repository/Выполнение бизнес-плана/spanFact" + filialNum)): Text of object 'Object Repository/Выполнение бизнес-плана/spanFact13' is: '8.71
|'

03-03-2025T13:46:42 - [MESSAGE][PASSED] - Text of object 'Object Repository/Выполнение бизнес-плана/spanFact13' is: '8.71
|'

03-03-2025T13:46:42 - [TEST_STEP][PASSED] - page2 = page2.replace("|", ""): null

03-03-2025T13:46:42 - [TEST_STEP][PASSED] - println("page1: " + page1): null

03-03-2025T13:46:42 - [TEST_STEP][PASSED] - println("page2: " + page2): null

03-03-2025T13:46:42 - [TEST_STEP][PASSED] - file = findTestData("PlanFact").getValue(4, a): null

03-03-2025T13:46:42 - [TEST_STEP][PASSED] - file = file.replace(",", "."): null

03-03-2025T13:46:42 - [TEST_STEP][PASSED] - println("file Plan: " + file): null

03-03-2025T13:46:42 - [TEST_STEP][PASSED] - typeOfData = "План в процентах": null

03-03-2025T13:46:42 - [TEST_STEP][PASSED] - fileDouble = file.toDouble(): null

03-03-2025T13:46:42 - [TEST_STEP][PASSED] - pageDouble = page1.toDouble(): null

03-03-2025T13:46:42 - [TEST_STEP][PASSED] - if (fileDouble != pageDouble): null

03-03-2025T13:46:42 - [TEST_STEP][PASSED] - file = findTestData("PlanFact").getValue(7, a): null

03-03-2025T13:46:42 - [TEST_STEP][PASSED] - file = file.replace(",", "."): null

03-03-2025T13:46:42 - [TEST_STEP][PASSED] - println("file Fact: " + file): null

03-03-2025T13:46:42 - [TEST_STEP][PASSED] - fileDouble = file.toDouble(): null

03-03-2025T13:46:42 - [TEST_STEP][PASSED] - typeOfData = "Факт в процентах": null

03-03-2025T13:46:42 - [TEST_STEP][PASSED] - fileDouble = file.toDouble(): null

03-03-2025T13:46:42 - [TEST_STEP][PASSED] - pageDouble = page2.toDouble(): null

03-03-2025T13:46:42 - [TEST_STEP][PASSED] - if (fileDouble != pageDouble): null

03-03-2025T13:46:42 - [TEST_STEP][FAILED] - if (verifyEqual(numberOfErrors, 0) == false): null

03-03-2025T13:46:42 - [MESSAGE][FAILED] - Unable to verify equal between actual object '4' and expected object '0' (Root cause: com.kms.katalon.core.exception.StepFailedException: Actual object '4' and expected object '0' are not equal
	at com.kms.katalon.core.keyword.builtin.VerifyEqualKeyword$_verifyEqual_closure1.doCall(VerifyEqualKeyword.groovy:58)
	at com.kms.katalon.core.keyword.builtin.VerifyEqualKeyword$_verifyEqual_closure1.call(VerifyEqualKeyword.groovy)
	at com.kms.katalon.core.keyword.internal.KeywordMain.runKeyword(KeywordMain.groovy:75)
	at com.kms.katalon.core.keyword.builtin.VerifyEqualKeyword.verifyEqual(VerifyEqualKeyword.groovy:63)
	at com.kms.katalon.core.keyword.builtin.VerifyEqualKeyword.execute(VerifyEqualKeyword.groovy:44)
	at com.kms.katalon.core.keyword.internal.KeywordExecutor.executeKeywordForPlatform(KeywordExecutor.groovy:74)
	at com.kms.katalon.core.keyword.BuiltinKeywords.verifyEqual(BuiltinKeywords.groovy:146)
	at jdk.internal.reflect.GeneratedMethodAccessor24.invoke(Unknown Source)
	at java.base/jdk.internal.reflect.DelegatingMethodAccessorImpl.invoke(DelegatingMethodAccessorImpl.java:43)
	at Выполнение бизнес-плана Сверка ПАО Россети все филиалы.Numbers(Выполнение бизнес-плана Сверка ПАО Россети все филиалы:736)
	at Выполнение бизнес-плана Сверка ПАО Россети все филиалы.Filials(Выполнение бизнес-плана Сверка ПАО Россети все филиалы:1313)
	at Выполнение бизнес-плана Сверка ПАО Россети все филиалы.Numbers(Выполнение бизнес-плана Сверка ПАО Россети все филиалы:743)
	at Выполнение бизнес-плана Сверка ПАО Россети все филиалы.run(Выполнение бизнес-плана Сверка ПАО Россети все филиалы:364)
	at com.kms.katalon.core.main.ScriptEngine.run(ScriptEngine.java:194)
	at com.kms.katalon.core.main.ScriptEngine.runScriptAsRawText(ScriptEngine.java:119)
	at com.kms.katalon.core.main.TestCaseExecutor.runScript(TestCaseExecutor.java:448)
	at com.kms.katalon.core.main.TestCaseExecutor.doExecute(TestCaseExecutor.java:439)
	at com.kms.katalon.core.main.TestCaseExecutor.processExecutionPhase(TestCaseExecutor.java:418)
	at com.kms.katalon.core.main.TestCaseExecutor.accessMainPhase(TestCaseExecutor.java:410)
	at com.kms.katalon.core.main.TestCaseExecutor.execute(TestCaseExecutor.java:285)
	at com.kms.katalon.core.common.CommonExecutor.accessTestCaseMainPhase(CommonExecutor.java:65)
	at com.kms.katalon.core.main.TestSuiteExecutor.accessTestSuiteMainPhase(TestSuiteExecutor.java:150)
	at com.kms.katalon.core.main.TestSuiteExecutor.execute(TestSuiteExecutor.java:106)
	at com.kms.katalon.core.main.TestCaseMain.startTestSuite(TestCaseMain.java:180)
	at TempTestSuite1740991900055.run(TempTestSuite1740991900055.groovy:35)
	at java.base/jdk.internal.reflect.NativeMethodAccessorImpl.invoke0(Native Method)
	at java.base/jdk.internal.reflect.NativeMethodAccessorImpl.invoke(NativeMethodAccessorImpl.java:77)
	at java.base/jdk.internal.reflect.DelegatingMethodAccessorImpl.invoke(DelegatingMethodAccessorImpl.java:43)
)

03-03-2025T13:46:42 - [TEST_STEP][PASSED] - println(numberOfErrors): null

03-03-2025T13:46:42 - [TEST_STEP][PASSED] - println("a=" + a): null

03-03-2025T13:46:42 - [TEST_STEP][PASSED] - if (a == 28 || a == 77 || a == 74 || a == 65 || a == 36 || a == 44 || a == 54 || a == 1 || a == 18 || a == 59): null

03-03-2025T13:46:42 - [TEST_STEP][PASSED] - if (a == 82): null

03-03-2025T13:46:42 - [TEST_STEP][PASSED] - dZO = "Тверьэнерго": null

03-03-2025T13:46:42 - [TEST_STEP][PASSED] - a = 11: null

03-03-2025T13:46:42 - [TEST_STEP][PASSED] - if (x2.contains(dZO)): null

03-03-2025T13:46:42 - [TEST_STEP][PASSED] - filialNum = filialNum + 1: null

03-03-2025T13:46:42 - [TEST_STEP][PASSED] - Script1718980020443.Numbers(a, typeOfData, todaysDate, pageInt, fileInt, pageDouble, fileDouble, dZO, dzoNum, filialNum): null

03-03-2025T13:46:42 - [TEST_STEP][PASSED] - println(dzoNum): null

03-03-2025T13:46:42 - [TEST_STEP][PASSED] - planFact = <not implemented yet for class: org.codehaus.groovy.ast.expr.EmptyExpression>: null

03-03-2025T13:46:42 - [TEST_STEP][PASSED] - page = <not implemented yet for class: org.codehaus.groovy.ast.expr.EmptyExpression>: null

03-03-2025T13:46:42 - [TEST_STEP][PASSED] - page1 = <not implemented yet for class: org.codehaus.groovy.ast.expr.EmptyExpression>: null

03-03-2025T13:46:42 - [TEST_STEP][PASSED] - page2 = <not implemented yet for class: org.codehaus.groovy.ast.expr.EmptyExpression>: null

03-03-2025T13:46:42 - [TEST_STEP][PASSED] - filialNumberInRow = <not implemented yet for class: org.codehaus.groovy.ast.expr.EmptyExpression>: null

03-03-2025T13:46:42 - [TEST_STEP][PASSED] - filialsDzoNames = <not implemented yet for class: org.codehaus.groovy.ast.expr.EmptyExpression>: null

03-03-2025T13:46:42 - [TEST_STEP][PASSED] - numberOfFilials = <not implemented yet for class: org.codehaus.groovy.ast.expr.EmptyExpression>: null

03-03-2025T13:46:42 - [TEST_STEP][PASSED] - numberOfSpaces = <not implemented yet for class: org.codehaus.groovy.ast.expr.EmptyExpression>: null

03-03-2025T13:46:42 - [TEST_STEP][PASSED] - file = <not implemented yet for class: org.codehaus.groovy.ast.expr.EmptyExpression>: null

03-03-2025T13:46:42 - [TEST_STEP][PASSED] - otpusk = <not implemented yet for class: org.codehaus.groovy.ast.expr.EmptyExpression>: null

03-03-2025T13:46:42 - [TEST_STEP][PASSED] - poteri = <not implemented yet for class: org.codehaus.groovy.ast.expr.EmptyExpression>: null

03-03-2025T13:46:42 - [TEST_STEP][PASSED] - dataFolder = "Выполнение бизнес-плана/Значения со страницы Выполнение бизнес-плана/": null

03-03-2025T13:46:42 - [TEST_STEP][PASSED] - path = <not implemented yet for class: org.codehaus.groovy.ast.expr.EmptyExpression>: null

03-03-2025T13:46:42 - [TEST_STEP][PASSED] - typeOfDataMain = <not implemented yet for class: org.codehaus.groovy.ast.expr.EmptyExpression>: null

03-03-2025T13:46:42 - [TEST_STEP][PASSED] - fileOtpuskVSet = <not implemented yet for class: org.codehaus.groovy.ast.expr.EmptyExpression>: null

03-03-2025T13:46:42 - [TEST_STEP][PASSED] - pageOtpuskVSet = <not implemented yet for class: org.codehaus.groovy.ast.expr.EmptyExpression>: null

03-03-2025T13:46:42 - [TEST_STEP][PASSED] - filePoteri = <not implemented yet for class: org.codehaus.groovy.ast.expr.EmptyExpression>: null

03-03-2025T13:46:42 - [TEST_STEP][PASSED] - pagePoteri = <not implemented yet for class: org.codehaus.groovy.ast.expr.EmptyExpression>: null

03-03-2025T13:46:42 - [TEST_STEP][PASSED] - compare = <not implemented yet for class: org.codehaus.groovy.ast.expr.EmptyExpression>: null

03-03-2025T13:46:42 - [TEST_STEP][PASSED] - b = <not implemented yet for class: org.codehaus.groovy.ast.expr.EmptyExpression>: null

03-03-2025T13:46:42 - [TEST_STEP][PASSED] - i = <not implemented yet for class: org.codehaus.groovy.ast.expr.EmptyExpression>: null

03-03-2025T13:46:42 - [TEST_STEP][PASSED] - ii = <not implemented yet for class: org.codehaus.groovy.ast.expr.EmptyExpression>: null

03-03-2025T13:46:42 - [TEST_STEP][PASSED] - c = <not implemented yet for class: org.codehaus.groovy.ast.expr.EmptyExpression>: null

03-03-2025T13:46:42 - [TEST_STEP][PASSED] - numberOfErrors = 0: null

03-03-2025T13:46:42 - [TEST_STEP][PASSED] - if (a == 82): null

03-03-2025T13:46:42 - [TEST_STEP][PASSED] - b = findTestData("PlanFact").getValue(1, a): null

03-03-2025T13:46:42 - [TEST_STEP][PASSED] - i = b.indexOf(" (ГК)"): null

03-03-2025T13:46:42 - [TEST_STEP][PASSED] - if (i > -1): null

03-03-2025T13:46:42 - [TEST_STEP][PASSED] - i = b.indexOf("О ""): null

03-03-2025T13:46:42 - [TEST_STEP][PASSED] - if (i > -1): null

03-03-2025T13:46:42 - [TEST_STEP][PASSED] - i = b.indexOf("О «"): null

03-03-2025T13:46:42 - [TEST_STEP][PASSED] - if (i > -1): null

03-03-2025T13:46:42 - [TEST_STEP][PASSED] - i = b.indexOf("г. "): null

03-03-2025T13:46:42 - [TEST_STEP][PASSED] - if (i > -1): null

03-03-2025T13:46:42 - [TEST_STEP][PASSED] - b = b.trim(): null

03-03-2025T13:46:42 - [TEST_STEP][PASSED] - println(b): null

03-03-2025T13:46:42 - [TEST_STEP][PASSED] - for ([planFact = 1, planFact < 3, (planFact++)]): null

03-03-2025T13:46:42 - [TEST_STEP][PASSED] - if (planFact == 1): null

03-03-2025T13:46:42 - [TEST_STEP][PASSED] - typeOfDataMain = "Факт": null

03-03-2025T13:46:42 - [TEST_STEP][PASSED] - otpusk = findTestData("PlanFact").getValue(5, a): null

03-03-2025T13:46:42 - [TEST_STEP][PASSED] - poteri = findTestData("PlanFact").getValue(6, a): null

03-03-2025T13:46:43 - [TEST_STEP][PASSED] - otpusk = otpusk.replaceAll("\s+", ""): null

03-03-2025T13:46:43 - [TEST_STEP][PASSED] - poteri = poteri.replaceAll("\s+", ""): null

03-03-2025T13:46:43 - [TEST_STEP][PASSED] - typeOfData = typeOfDataMain + " Отпуск в сеть": null

03-03-2025T13:46:43 - [TEST_STEP][PASSED] - if (a == 82): null

03-03-2025T13:46:43 - [TEST_STEP][PASSED] - else if (a == 84): null

03-03-2025T13:46:43 - [TEST_STEP][PASSED] - else if (a == 83 || a == 52 || a == 72 || a == 28 || a == 73 || a == 77 || a == 74 || a == 65 || a == 36 || a == 44 || a == 53 || a == 80 || a == 54 || a == 1 || a == 18 || a == 59 || a == 81): null

03-03-2025T13:46:43 - [TEST_STEP][PASSED] - else: null

03-03-2025T13:46:43 - [TEST_STEP][PASSED] - path = dataFolder + typeOfData + " за отчётный период " + b: null

03-03-2025T13:46:43 - [TEST_STEP][PASSED] - println(path): null

03-03-2025T13:46:43 - [TEST_STEP][PASSED] - page = getText(findTestObject(path)): Text of object 'Object Repository/Выполнение бизнес-плана/Значения со страницы Выполнение бизнес-плана/Факт Отпуск в сеть за отчётный период Тверьэнерго' is: '1 659 744'

03-03-2025T13:46:43 - [MESSAGE][PASSED] - Text of object 'Object Repository/Выполнение бизнес-плана/Значения со страницы Выполнение бизнес-плана/Факт Отпуск в сеть за отчётный период Тверьэнерго' is: '1 659 744'

03-03-2025T13:46:43 - [TEST_STEP][PASSED] - if (page == "" || page == null): null

03-03-2025T13:46:43 - [TEST_STEP][PASSED] - else: null

03-03-2025T13:46:43 - [TEST_STEP][PASSED] - page = page.replaceAll("\s+", ""): null

03-03-2025T13:46:43 - [TEST_STEP][PASSED] - fileOtpuskVSet = otpusk.toInteger(): null

03-03-2025T13:46:43 - [TEST_STEP][PASSED] - pageOtpuskVSet = page.toInteger(): null

03-03-2025T13:46:43 - [TEST_STEP][PASSED] - typeOfData = typeOfDataMain + " Потери": null

03-03-2025T13:46:43 - [TEST_STEP][PASSED] - if (a == 82): null

03-03-2025T13:46:43 - [TEST_STEP][PASSED] - else if (a == 84): null

03-03-2025T13:46:43 - [TEST_STEP][PASSED] - else if (a == 83 || a == 52 || a == 72 || a == 28 || a == 73 || a == 77 || a == 74 || a == 65 || a == 44 || a == 53 || a == 80 || a == 54 || a == 1 || a == 18 || a == 59 || a == 81): null

03-03-2025T13:46:43 - [TEST_STEP][PASSED] - else: null

03-03-2025T13:46:43 - [TEST_STEP][PASSED] - path = dataFolder + typeOfData + " за отчётный период " + b: null

03-03-2025T13:46:43 - [TEST_STEP][PASSED] - page = getText(findTestObject(path)): Text of object 'Object Repository/Выполнение бизнес-плана/Значения со страницы Выполнение бизнес-плана/Факт Потери за отчётный период Тверьэнерго' is: '264 202'

03-03-2025T13:46:43 - [MESSAGE][PASSED] - Text of object 'Object Repository/Выполнение бизнес-плана/Значения со страницы Выполнение бизнес-плана/Факт Потери за отчётный период Тверьэнерго' is: '264 202'

03-03-2025T13:46:43 - [TEST_STEP][PASSED] - if (page == "" || page == null): null

03-03-2025T13:46:43 - [TEST_STEP][PASSED] - else: null

03-03-2025T13:46:43 - [TEST_STEP][PASSED] - page = page.replaceAll("\s+", ""): null

03-03-2025T13:46:43 - [TEST_STEP][PASSED] - filePoteri = poteri.toInteger(): null

03-03-2025T13:46:43 - [TEST_STEP][PASSED] - pagePoteri = page.toInteger(): null

03-03-2025T13:46:43 - [TEST_STEP][PASSED] - compare = pageOtpuskVSet: null

03-03-2025T13:46:43 - [TEST_STEP][PASSED] - if (pageOtpuskVSet != null): null

03-03-2025T13:46:43 - [TEST_STEP][PASSED] - if (compare == fileOtpuskVSet): null

03-03-2025T13:46:43 - [TEST_STEP][PASSED] - else if (compare > fileOtpuskVSet): null

03-03-2025T13:46:43 - [TEST_STEP][PASSED] - else if (compare < fileOtpuskVSet): null

03-03-2025T13:46:43 - [TEST_STEP][PASSED] - compare = compare + 1: null

03-03-2025T13:46:43 - [TEST_STEP][PASSED] - if (compare == fileOtpuskVSet): null

03-03-2025T13:46:43 - [TEST_STEP][PASSED] - else: null

03-03-2025T13:46:43 - [TEST_STEP][PASSED] - numberOfErrors = numberOfErrors + 1: null

03-03-2025T13:46:43 - [TEST_STEP][PASSED] - pageInt = pageOtpuskVSet: null

03-03-2025T13:46:43 - [TEST_STEP][PASSED] - fileInt = fileOtpuskVSet: null

03-03-2025T13:46:43 - [TEST_STEP][PASSED] - typeOfData = typeOfDataMain + " Отпуск в сеть": null

03-03-2025T13:46:43 - [TEST_STEP][PASSED] - Script1718980020443.WriteToExcel(a, typeOfData, todaysDate, pageInt, fileInt, pageDouble, fileDouble, dZO): null

03-03-2025T13:46:43 - [TEST_STEP][PASSED] - sheetName = "Sheet1": null

03-03-2025T13:46:43 - [TEST_STEP][PASSED] - data = findTestData("PlanFact"): null

03-03-2025T13:46:43 - [TEST_STEP][PASSED] - n = data.getRowNumbers() + 1: null

03-03-2025T13:46:43 - [TEST_STEP][PASSED] - day = ")).toInteger(): null

03-03-2025T13:46:43 - [TEST_STEP][PASSED] - println(day): null

03-03-2025T13:46:43 - [TEST_STEP][PASSED] - month = ")).toInteger(): null

03-03-2025T13:46:43 - [TEST_STEP][PASSED] - println(month): null

03-03-2025T13:46:43 - [TEST_STEP][PASSED] - y = <not implemented yet for class: org.codehaus.groovy.ast.expr.EmptyExpression>: null

03-03-2025T13:46:43 - [TEST_STEP][PASSED] - iy = <not implemented yet for class: org.codehaus.groovy.ast.expr.EmptyExpression>: null

03-03-2025T13:46:43 - [TEST_STEP][PASSED] - m = getText(findTestObject("Выполнение бизнес-плана/Период")): Text of object 'Object Repository/Выполнение бизнес-плана/Период' is: '2024 год'

03-03-2025T13:46:43 - [MESSAGE][PASSED] - Text of object 'Object Repository/Выполнение бизнес-плана/Период' is: '2024 год'

03-03-2025T13:46:43 - [TEST_STEP][PASSED] - iy = m.indexOf("20"): null

03-03-2025T13:46:58 - [TEST_STEP][PASSED] - if (iy > -1): null

03-03-2025T13:46:58 - [TEST_STEP][PASSED] - y = substring(iy, iy + 4).toInteger(): null

03-03-2025T13:46:58 - [TEST_STEP][PASSED] - println(y): null

03-03-2025T13:46:58 - [TEST_STEP][PASSED] - if (toString().length() == 4): null

03-03-2025T13:46:58 - [TEST_STEP][PASSED] - m = m.substring(0, m.indexOf(y.toString())): null

03-03-2025T13:46:58 - [TEST_STEP][PASSED] - m = m.trim(): null

03-03-2025T13:46:58 - [TEST_STEP][PASSED] - if (m == ""): null

03-03-2025T13:46:58 - [TEST_STEP][PASSED] - m = "весь год": null

03-03-2025T13:46:58 - [TEST_STEP][PASSED] - dashboardName = "Выполнение бизнес-плана": null

03-03-2025T13:46:58 - [TEST_STEP][PASSED] - workbook01 = getWorkbook(excelFilePath): null

03-03-2025T13:46:58 - [TEST_STEP][PASSED] - sheet01 = getExcelSheet(workbook01, sheetName): null

03-03-2025T13:46:58 - [TEST_STEP][PASSED] - setValueToCellByIndex(sheet01, n, 0, dashboardName): null

03-03-2025T13:46:58 - [TEST_STEP][PASSED] - setValueToCellByIndex(sheet01, n, 1, dZO): null

03-03-2025T13:46:58 - [TEST_STEP][PASSED] - setValueToCellByIndex(sheet01, n, 2, typeOfData): null

03-03-2025T13:46:58 - [TEST_STEP][PASSED] - if (typeOfData == "Факт в процентах" || typeOfData == "План в процентах"): null

03-03-2025T13:46:58 - [TEST_STEP][PASSED] - else: null

03-03-2025T13:46:58 - [TEST_STEP][PASSED] - setValueToCellByIndex(sheet01, n, 3, fileInt): null

03-03-2025T13:46:58 - [TEST_STEP][PASSED] - setValueToCellByIndex(sheet01, n, 4, pageInt): null

03-03-2025T13:46:58 - [TEST_STEP][PASSED] - setValueToCellByIndex(sheet01, n, 5, m): null

03-03-2025T13:46:58 - [TEST_STEP][PASSED] - setValueToCellByIndex(sheet01, n, 6, y): null

03-03-2025T13:46:58 - [TEST_STEP][PASSED] - setValueToCellByIndex(sheet01, n, 7, todaysDate): null

03-03-2025T13:46:58 - [TEST_STEP][PASSED] - n = n + 1: null

03-03-2025T13:46:58 - [TEST_STEP][PASSED] - saveWorkbook(excelFilePath, workbook01): null

03-03-2025T13:46:58 - [TEST_STEP][PASSED] - compare = pagePoteri: null

03-03-2025T13:46:58 - [TEST_STEP][PASSED] - if (pageOtpuskVSet != null): null

03-03-2025T13:46:58 - [TEST_STEP][PASSED] - if (compare == filePoteri): null

03-03-2025T13:46:58 - [TEST_STEP][PASSED] - else if (compare > filePoteri): null

03-03-2025T13:46:58 - [TEST_STEP][PASSED] - else if (compare < filePoteri): null

03-03-2025T13:46:58 - [TEST_STEP][PASSED] - compare = compare + 1: null

03-03-2025T13:46:58 - [TEST_STEP][PASSED] - if (compare == filePoteri): null

03-03-2025T13:46:58 - [TEST_STEP][PASSED] - else: null

03-03-2025T13:46:58 - [TEST_STEP][PASSED] - numberOfErrors = numberOfErrors + 1: null

03-03-2025T13:46:58 - [TEST_STEP][PASSED] - pageInt = pagePoteri: null

03-03-2025T13:46:58 - [TEST_STEP][PASSED] - fileInt = filePoteri: null

03-03-2025T13:46:58 - [TEST_STEP][PASSED] - typeOfData = typeOfDataMain + " Потери": null

03-03-2025T13:46:58 - [TEST_STEP][PASSED] - Script1718980020443.WriteToExcel(a, typeOfData, todaysDate, pageInt, fileInt, pageDouble, fileDouble, dZO): null

03-03-2025T13:46:58 - [TEST_STEP][PASSED] - sheetName = "Sheet1": null

03-03-2025T13:46:58 - [TEST_STEP][PASSED] - data = findTestData("PlanFact"): null

03-03-2025T13:46:58 - [TEST_STEP][PASSED] - n = data.getRowNumbers() + 1: null

03-03-2025T13:46:58 - [TEST_STEP][PASSED] - day = ")).toInteger(): null

03-03-2025T13:46:58 - [TEST_STEP][PASSED] - println(day): null

03-03-2025T13:46:58 - [TEST_STEP][PASSED] - month = ")).toInteger(): null

03-03-2025T13:46:58 - [TEST_STEP][PASSED] - println(month): null

03-03-2025T13:46:58 - [TEST_STEP][PASSED] - y = <not implemented yet for class: org.codehaus.groovy.ast.expr.EmptyExpression>: null

03-03-2025T13:46:58 - [TEST_STEP][PASSED] - iy = <not implemented yet for class: org.codehaus.groovy.ast.expr.EmptyExpression>: null

03-03-2025T13:46:58 - [TEST_STEP][PASSED] - m = getText(findTestObject("Выполнение бизнес-плана/Период")): Text of object 'Object Repository/Выполнение бизнес-плана/Период' is: '2024 год'

03-03-2025T13:46:59 - [MESSAGE][PASSED] - Text of object 'Object Repository/Выполнение бизнес-плана/Период' is: '2024 год'

03-03-2025T13:46:59 - [TEST_STEP][PASSED] - iy = m.indexOf("20"): null

03-03-2025T13:46:59 - [TEST_STEP][PASSED] - if (iy > -1): null

03-03-2025T13:46:59 - [TEST_STEP][PASSED] - y = substring(iy, iy + 4).toInteger(): null

03-03-2025T13:46:59 - [TEST_STEP][PASSED] - println(y): null

03-03-2025T13:46:59 - [TEST_STEP][PASSED] - if (toString().length() == 4): null

03-03-2025T13:46:59 - [TEST_STEP][PASSED] - m = m.substring(0, m.indexOf(y.toString())): null

03-03-2025T13:46:59 - [TEST_STEP][PASSED] - m = m.trim(): null

03-03-2025T13:46:59 - [TEST_STEP][PASSED] - if (m == ""): null

03-03-2025T13:46:59 - [TEST_STEP][PASSED] - m = "весь год": null

03-03-2025T13:46:59 - [TEST_STEP][PASSED] - dashboardName = "Выполнение бизнес-плана": null

03-03-2025T13:46:59 - [TEST_STEP][PASSED] - workbook01 = getWorkbook(excelFilePath): null

03-03-2025T13:46:59 - [TEST_STEP][PASSED] - sheet01 = getExcelSheet(workbook01, sheetName): null

03-03-2025T13:46:59 - [TEST_STEP][PASSED] - setValueToCellByIndex(sheet01, n, 0, dashboardName): null

03-03-2025T13:46:59 - [TEST_STEP][PASSED] - setValueToCellByIndex(sheet01, n, 1, dZO): null

03-03-2025T13:46:59 - [TEST_STEP][PASSED] - setValueToCellByIndex(sheet01, n, 2, typeOfData): null

03-03-2025T13:46:59 - [TEST_STEP][PASSED] - if (typeOfData == "Факт в процентах" || typeOfData == "План в процентах"): null

03-03-2025T13:46:59 - [TEST_STEP][PASSED] - else: null

03-03-2025T13:46:59 - [TEST_STEP][PASSED] - setValueToCellByIndex(sheet01, n, 3, fileInt): null

03-03-2025T13:46:59 - [TEST_STEP][PASSED] - setValueToCellByIndex(sheet01, n, 4, pageInt): null

03-03-2025T13:46:59 - [TEST_STEP][PASSED] - setValueToCellByIndex(sheet01, n, 5, m): null

03-03-2025T13:46:59 - [TEST_STEP][PASSED] - setValueToCellByIndex(sheet01, n, 6, y): null

03-03-2025T13:46:59 - [TEST_STEP][PASSED] - setValueToCellByIndex(sheet01, n, 7, todaysDate): null

03-03-2025T13:46:59 - [TEST_STEP][PASSED] - n = n + 1: null

03-03-2025T13:46:59 - [TEST_STEP][PASSED] - saveWorkbook(excelFilePath, workbook01): null

03-03-2025T13:46:59 - [TEST_STEP][PASSED] - if (planFact == 2): null

03-03-2025T13:46:59 - [TEST_STEP][PASSED] - if (planFact == 1): null

03-03-2025T13:46:59 - [TEST_STEP][PASSED] - else if (planFact == 2): null

03-03-2025T13:46:59 - [TEST_STEP][PASSED] - click(findTestObject("Выполнение бизнес-плана/Кнопка План")): Object: 'Object Repository/Выполнение бизнес-плана/Кнопка План' is clicked on

03-03-2025T13:46:59 - [MESSAGE][PASSED] - Object: 'Object Repository/Выполнение бизнес-плана/Кнопка План' is clicked on

03-03-2025T13:46:59 - [TEST_STEP][PASSED] - typeOfDataMain = "План": null

03-03-2025T13:46:59 - [TEST_STEP][PASSED] - otpusk = findTestData("PlanFact").getValue(2, a): null

03-03-2025T13:46:59 - [TEST_STEP][PASSED] - poteri = findTestData("PlanFact").getValue(3, a): null

03-03-2025T13:47:00 - [TEST_STEP][PASSED] - otpusk = otpusk.replaceAll("\s+", ""): null

03-03-2025T13:47:00 - [TEST_STEP][PASSED] - poteri = poteri.replaceAll("\s+", ""): null

03-03-2025T13:47:00 - [TEST_STEP][PASSED] - typeOfData = typeOfDataMain + " Отпуск в сеть": null

03-03-2025T13:47:00 - [TEST_STEP][PASSED] - if (a == 82): null

03-03-2025T13:47:00 - [TEST_STEP][PASSED] - else if (a == 84): null

03-03-2025T13:47:00 - [TEST_STEP][PASSED] - else if (a == 83 || a == 52 || a == 72 || a == 28 || a == 73 || a == 77 || a == 74 || a == 65 || a == 36 || a == 44 || a == 53 || a == 80 || a == 54 || a == 1 || a == 18 || a == 59 || a == 81): null

03-03-2025T13:47:00 - [TEST_STEP][PASSED] - else: null

03-03-2025T13:47:00 - [TEST_STEP][PASSED] - path = dataFolder + typeOfData + " за отчётный период " + b: null

03-03-2025T13:47:00 - [TEST_STEP][PASSED] - println(path): null

03-03-2025T13:47:00 - [TEST_STEP][PASSED] - page = getText(findTestObject(path)): Text of object 'Object Repository/Выполнение бизнес-плана/Значения со страницы Выполнение бизнес-плана/План Отпуск в сеть за отчётный период Тверьэнерго' is: '1 574 686'

03-03-2025T13:47:00 - [MESSAGE][PASSED] - Text of object 'Object Repository/Выполнение бизнес-плана/Значения со страницы Выполнение бизнес-плана/План Отпуск в сеть за отчётный период Тверьэнерго' is: '1 574 686'

03-03-2025T13:47:00 - [TEST_STEP][PASSED] - if (page == "" || page == null): null

03-03-2025T13:47:00 - [TEST_STEP][PASSED] - else: null

03-03-2025T13:47:00 - [TEST_STEP][PASSED] - page = page.replaceAll("\s+", ""): null

03-03-2025T13:47:00 - [TEST_STEP][PASSED] - fileOtpuskVSet = otpusk.toInteger(): null

03-03-2025T13:47:00 - [TEST_STEP][PASSED] - pageOtpuskVSet = page.toInteger(): null

03-03-2025T13:47:00 - [TEST_STEP][PASSED] - typeOfData = typeOfDataMain + " Потери": null

03-03-2025T13:47:00 - [TEST_STEP][PASSED] - if (a == 82): null

03-03-2025T13:47:00 - [TEST_STEP][PASSED] - else if (a == 84): null

03-03-2025T13:47:00 - [TEST_STEP][PASSED] - else if (a == 83 || a == 52 || a == 72 || a == 28 || a == 73 || a == 77 || a == 74 || a == 65 || a == 44 || a == 53 || a == 80 || a == 54 || a == 1 || a == 18 || a == 59 || a == 81): null

03-03-2025T13:47:00 - [TEST_STEP][PASSED] - else: null

03-03-2025T13:47:00 - [TEST_STEP][PASSED] - path = dataFolder + typeOfData + " за отчётный период " + b: null

03-03-2025T13:47:00 - [TEST_STEP][PASSED] - page = getText(findTestObject(path)): Text of object 'Object Repository/Выполнение бизнес-плана/Значения со страницы Выполнение бизнес-плана/План Потери за отчётный период Тверьэнерго' is: '239 698'

03-03-2025T13:47:00 - [MESSAGE][PASSED] - Text of object 'Object Repository/Выполнение бизнес-плана/Значения со страницы Выполнение бизнес-плана/План Потери за отчётный период Тверьэнерго' is: '239 698'

03-03-2025T13:47:00 - [TEST_STEP][PASSED] - if (page == "" || page == null): null

03-03-2025T13:47:00 - [TEST_STEP][PASSED] - else: null

03-03-2025T13:47:00 - [TEST_STEP][PASSED] - page = page.replaceAll("\s+", ""): null

03-03-2025T13:47:00 - [TEST_STEP][PASSED] - filePoteri = poteri.toInteger(): null

03-03-2025T13:47:00 - [TEST_STEP][PASSED] - pagePoteri = page.toInteger(): null

03-03-2025T13:47:00 - [TEST_STEP][PASSED] - compare = pageOtpuskVSet: null

03-03-2025T13:47:00 - [TEST_STEP][PASSED] - if (pageOtpuskVSet != null): null

03-03-2025T13:47:00 - [TEST_STEP][PASSED] - if (compare == fileOtpuskVSet): null

03-03-2025T13:47:00 - [TEST_STEP][PASSED] - else if (compare > fileOtpuskVSet): null

03-03-2025T13:47:00 - [TEST_STEP][PASSED] - else if (compare < fileOtpuskVSet): null

03-03-2025T13:47:00 - [TEST_STEP][PASSED] - compare = compare + 1: null

03-03-2025T13:47:00 - [TEST_STEP][PASSED] - if (compare == fileOtpuskVSet): null

03-03-2025T13:47:00 - [TEST_STEP][PASSED] - else: null

03-03-2025T13:47:00 - [TEST_STEP][PASSED] - numberOfErrors = numberOfErrors + 1: null

03-03-2025T13:47:00 - [TEST_STEP][PASSED] - pageInt = pageOtpuskVSet: null

03-03-2025T13:47:00 - [TEST_STEP][PASSED] - fileInt = fileOtpuskVSet: null

03-03-2025T13:47:00 - [TEST_STEP][PASSED] - typeOfData = typeOfDataMain + " Отпуск в сеть": null

03-03-2025T13:47:00 - [TEST_STEP][PASSED] - Script1718980020443.WriteToExcel(a, typeOfData, todaysDate, pageInt, fileInt, pageDouble, fileDouble, dZO): null

03-03-2025T13:47:00 - [TEST_STEP][PASSED] - sheetName = "Sheet1": null

03-03-2025T13:47:00 - [TEST_STEP][PASSED] - data = findTestData("PlanFact"): null

03-03-2025T13:47:00 - [TEST_STEP][PASSED] - n = data.getRowNumbers() + 1: null

03-03-2025T13:47:00 - [TEST_STEP][PASSED] - day = ")).toInteger(): null

03-03-2025T13:47:00 - [TEST_STEP][PASSED] - println(day): null

03-03-2025T13:47:00 - [TEST_STEP][PASSED] - month = ")).toInteger(): null

03-03-2025T13:47:00 - [TEST_STEP][PASSED] - println(month): null

03-03-2025T13:47:00 - [TEST_STEP][PASSED] - y = <not implemented yet for class: org.codehaus.groovy.ast.expr.EmptyExpression>: null

03-03-2025T13:47:00 - [TEST_STEP][PASSED] - iy = <not implemented yet for class: org.codehaus.groovy.ast.expr.EmptyExpression>: null

03-03-2025T13:47:00 - [TEST_STEP][PASSED] - m = getText(findTestObject("Выполнение бизнес-плана/Период")): Text of object 'Object Repository/Выполнение бизнес-плана/Период' is: '2024 год'

03-03-2025T13:47:00 - [MESSAGE][PASSED] - Text of object 'Object Repository/Выполнение бизнес-плана/Период' is: '2024 год'

03-03-2025T13:47:00 - [TEST_STEP][PASSED] - iy = m.indexOf("20"): null

03-03-2025T13:47:00 - [TEST_STEP][PASSED] - if (iy > -1): null

03-03-2025T13:47:00 - [TEST_STEP][PASSED] - y = substring(iy, iy + 4).toInteger(): null

03-03-2025T13:47:00 - [TEST_STEP][PASSED] - println(y): null

03-03-2025T13:47:00 - [TEST_STEP][PASSED] - if (toString().length() == 4): null

03-03-2025T13:47:00 - [TEST_STEP][PASSED] - m = m.substring(0, m.indexOf(y.toString())): null

03-03-2025T13:47:00 - [TEST_STEP][PASSED] - m = m.trim(): null

03-03-2025T13:47:00 - [TEST_STEP][PASSED] - if (m == ""): null

03-03-2025T13:47:00 - [TEST_STEP][PASSED] - m = "весь год": null

03-03-2025T13:47:00 - [TEST_STEP][PASSED] - dashboardName = "Выполнение бизнес-плана": null

03-03-2025T13:47:00 - [TEST_STEP][PASSED] - workbook01 = getWorkbook(excelFilePath): null

03-03-2025T13:47:01 - [TEST_STEP][PASSED] - sheet01 = getExcelSheet(workbook01, sheetName): null

03-03-2025T13:47:01 - [TEST_STEP][PASSED] - setValueToCellByIndex(sheet01, n, 0, dashboardName): null

03-03-2025T13:47:01 - [TEST_STEP][PASSED] - setValueToCellByIndex(sheet01, n, 1, dZO): null

03-03-2025T13:47:01 - [TEST_STEP][PASSED] - setValueToCellByIndex(sheet01, n, 2, typeOfData): null

03-03-2025T13:47:01 - [TEST_STEP][PASSED] - if (typeOfData == "Факт в процентах" || typeOfData == "План в процентах"): null

03-03-2025T13:47:01 - [TEST_STEP][PASSED] - else: null

03-03-2025T13:47:01 - [TEST_STEP][PASSED] - setValueToCellByIndex(sheet01, n, 3, fileInt): null

03-03-2025T13:47:01 - [TEST_STEP][PASSED] - setValueToCellByIndex(sheet01, n, 4, pageInt): null

03-03-2025T13:47:01 - [TEST_STEP][PASSED] - setValueToCellByIndex(sheet01, n, 5, m): null

03-03-2025T13:47:01 - [TEST_STEP][PASSED] - setValueToCellByIndex(sheet01, n, 6, y): null

03-03-2025T13:47:01 - [TEST_STEP][PASSED] - setValueToCellByIndex(sheet01, n, 7, todaysDate): null

03-03-2025T13:47:01 - [TEST_STEP][PASSED] - n = n + 1: null

03-03-2025T13:47:01 - [TEST_STEP][PASSED] - saveWorkbook(excelFilePath, workbook01): null

03-03-2025T13:47:01 - [TEST_STEP][PASSED] - compare = pagePoteri: null

03-03-2025T13:47:01 - [TEST_STEP][PASSED] - if (pageOtpuskVSet != null): null

03-03-2025T13:47:01 - [TEST_STEP][PASSED] - if (compare == filePoteri): null

03-03-2025T13:47:01 - [TEST_STEP][PASSED] - else if (compare > filePoteri): null

03-03-2025T13:47:01 - [TEST_STEP][PASSED] - else if (compare < filePoteri): null

03-03-2025T13:47:01 - [TEST_STEP][PASSED] - compare = compare + 1: null

03-03-2025T13:47:01 - [TEST_STEP][PASSED] - if (compare == filePoteri): null

03-03-2025T13:47:01 - [TEST_STEP][PASSED] - else: null

03-03-2025T13:47:01 - [TEST_STEP][PASSED] - numberOfErrors = numberOfErrors + 1: null

03-03-2025T13:47:01 - [TEST_STEP][PASSED] - pageInt = pagePoteri: null

03-03-2025T13:47:01 - [TEST_STEP][PASSED] - fileInt = filePoteri: null

03-03-2025T13:47:01 - [TEST_STEP][PASSED] - typeOfData = typeOfDataMain + " Потери": null

03-03-2025T13:47:01 - [TEST_STEP][PASSED] - Script1718980020443.WriteToExcel(a, typeOfData, todaysDate, pageInt, fileInt, pageDouble, fileDouble, dZO): null

03-03-2025T13:47:01 - [TEST_STEP][PASSED] - sheetName = "Sheet1": null

03-03-2025T13:47:01 - [TEST_STEP][PASSED] - data = findTestData("PlanFact"): null

03-03-2025T13:47:01 - [TEST_STEP][PASSED] - n = data.getRowNumbers() + 1: null

03-03-2025T13:47:01 - [TEST_STEP][PASSED] - day = ")).toInteger(): null

03-03-2025T13:47:01 - [TEST_STEP][PASSED] - println(day): null

03-03-2025T13:47:01 - [TEST_STEP][PASSED] - month = ")).toInteger(): null

03-03-2025T13:47:01 - [TEST_STEP][PASSED] - println(month): null

03-03-2025T13:47:01 - [TEST_STEP][PASSED] - y = <not implemented yet for class: org.codehaus.groovy.ast.expr.EmptyExpression>: null

03-03-2025T13:47:01 - [TEST_STEP][PASSED] - iy = <not implemented yet for class: org.codehaus.groovy.ast.expr.EmptyExpression>: null

03-03-2025T13:47:01 - [TEST_STEP][PASSED] - m = getText(findTestObject("Выполнение бизнес-плана/Период")): Text of object 'Object Repository/Выполнение бизнес-плана/Период' is: '2024 год'

03-03-2025T13:47:01 - [MESSAGE][PASSED] - Text of object 'Object Repository/Выполнение бизнес-плана/Период' is: '2024 год'

03-03-2025T13:47:01 - [TEST_STEP][PASSED] - iy = m.indexOf("20"): null

03-03-2025T13:47:01 - [TEST_STEP][PASSED] - if (iy > -1): null

03-03-2025T13:47:01 - [TEST_STEP][PASSED] - y = substring(iy, iy + 4).toInteger(): null

03-03-2025T13:47:01 - [TEST_STEP][PASSED] - println(y): null

03-03-2025T13:47:01 - [TEST_STEP][PASSED] - if (toString().length() == 4): null

03-03-2025T13:47:01 - [TEST_STEP][PASSED] - m = m.substring(0, m.indexOf(y.toString())): null

03-03-2025T13:47:01 - [TEST_STEP][PASSED] - m = m.trim(): null

03-03-2025T13:47:01 - [TEST_STEP][PASSED] - if (m == ""): null

03-03-2025T13:47:01 - [TEST_STEP][PASSED] - m = "весь год": null

03-03-2025T13:47:01 - [TEST_STEP][PASSED] - dashboardName = "Выполнение бизнес-плана": null

03-03-2025T13:47:01 - [TEST_STEP][PASSED] - workbook01 = getWorkbook(excelFilePath): null

03-03-2025T13:47:01 - [TEST_STEP][PASSED] - sheet01 = getExcelSheet(workbook01, sheetName): null

03-03-2025T13:47:01 - [TEST_STEP][PASSED] - setValueToCellByIndex(sheet01, n, 0, dashboardName): null

03-03-2025T13:47:01 - [TEST_STEP][PASSED] - setValueToCellByIndex(sheet01, n, 1, dZO): null

03-03-2025T13:47:01 - [TEST_STEP][PASSED] - setValueToCellByIndex(sheet01, n, 2, typeOfData): null

03-03-2025T13:47:01 - [TEST_STEP][PASSED] - if (typeOfData == "Факт в процентах" || typeOfData == "План в процентах"): null

03-03-2025T13:47:01 - [TEST_STEP][PASSED] - else: null

03-03-2025T13:47:01 - [TEST_STEP][PASSED] - setValueToCellByIndex(sheet01, n, 3, fileInt): null

03-03-2025T13:47:01 - [TEST_STEP][PASSED] - setValueToCellByIndex(sheet01, n, 4, pageInt): null

03-03-2025T13:47:01 - [TEST_STEP][PASSED] - setValueToCellByIndex(sheet01, n, 5, m): null

03-03-2025T13:47:01 - [TEST_STEP][PASSED] - setValueToCellByIndex(sheet01, n, 6, y): null

03-03-2025T13:47:01 - [TEST_STEP][PASSED] - setValueToCellByIndex(sheet01, n, 7, todaysDate): null

03-03-2025T13:47:01 - [TEST_STEP][PASSED] - n = n + 1: null

03-03-2025T13:47:01 - [TEST_STEP][PASSED] - saveWorkbook(excelFilePath, workbook01): Object: 'Object Repository/Выполнение бизнес-плана/Кнопка Факт' is clicked on

03-03-2025T13:47:01 - [TEST_STEP][PASSED] - if (planFact == 2): Object: 'Object Repository/Выполнение бизнес-плана/Кнопка Факт' is clicked on

03-03-2025T13:47:01 - [TEST_STEP][PASSED] - click(findTestObject("Выполнение бизнес-плана/Кнопка Факт")): Object: 'Object Repository/Выполнение бизнес-плана/Кнопка Факт' is clicked on

03-03-2025T13:47:02 - [MESSAGE][PASSED] - Object: 'Object Repository/Выполнение бизнес-плана/Кнопка Факт' is clicked on

03-03-2025T13:47:02 - [TEST_STEP][PASSED] - println("a=" + a): null

03-03-2025T13:47:02 - [TEST_STEP][PASSED] - if (a == 84 || a == 82): null

03-03-2025T13:47:02 - [TEST_STEP][PASSED] - else if (a == 83 || a == 52 || a == 72 || a == 28 || a == 73 || a == 77 || a == 74 || a == 65 || a == 36 || a == 44 || a == 53 || a == 80 || a == 54 || a == 1 || a == 18 || a == 59 || a == 81): null

03-03-2025T13:47:02 - [TEST_STEP][PASSED] - else: null

03-03-2025T13:47:02 - [TEST_STEP][PASSED] - page1 = getText(findTestObject("Object Repository/Выполнение бизнес-плана/spanPlan" + filialNum)): Text of object 'Object Repository/Выполнение бизнес-плана/spanPlan14' is: '13.68
|'

03-03-2025T13:47:02 - [MESSAGE][PASSED] - Text of object 'Object Repository/Выполнение бизнес-плана/spanPlan14' is: '13.68
|'

03-03-2025T13:47:02 - [TEST_STEP][PASSED] - page1 = page1.replace("|", ""): null

03-03-2025T13:47:02 - [TEST_STEP][PASSED] - page2 = getText(findTestObject("Object Repository/Выполнение бизнес-плана/spanFact" + filialNum)): Text of object 'Object Repository/Выполнение бизнес-плана/spanFact14' is: '13.66
|'

03-03-2025T13:47:02 - [MESSAGE][PASSED] - Text of object 'Object Repository/Выполнение бизнес-плана/spanFact14' is: '13.66
|'

03-03-2025T13:47:02 - [TEST_STEP][PASSED] - page2 = page2.replace("|", ""): null

03-03-2025T13:47:02 - [TEST_STEP][PASSED] - println("page1: " + page1): null

03-03-2025T13:47:02 - [TEST_STEP][PASSED] - println("page2: " + page2): null

03-03-2025T13:47:02 - [TEST_STEP][PASSED] - file = findTestData("PlanFact").getValue(4, a): null

03-03-2025T13:47:02 - [TEST_STEP][PASSED] - file = file.replace(",", "."): null

03-03-2025T13:47:02 - [TEST_STEP][PASSED] - println("file Plan: " + file): null

03-03-2025T13:47:02 - [TEST_STEP][PASSED] - typeOfData = "План в процентах": null

03-03-2025T13:47:02 - [TEST_STEP][PASSED] - fileDouble = file.toDouble(): null

03-03-2025T13:47:02 - [TEST_STEP][PASSED] - pageDouble = page1.toDouble(): null

03-03-2025T13:47:02 - [TEST_STEP][PASSED] - if (fileDouble != pageDouble): null

03-03-2025T13:47:02 - [TEST_STEP][PASSED] - file = findTestData("PlanFact").getValue(7, a): null

03-03-2025T13:47:02 - [TEST_STEP][PASSED] - file = file.replace(",", "."): null

03-03-2025T13:47:02 - [TEST_STEP][PASSED] - println("file Fact: " + file): null

03-03-2025T13:47:02 - [TEST_STEP][PASSED] - fileDouble = file.toDouble(): null

03-03-2025T13:47:02 - [TEST_STEP][PASSED] - typeOfData = "Факт в процентах": null

03-03-2025T13:47:02 - [TEST_STEP][PASSED] - fileDouble = file.toDouble(): null

03-03-2025T13:47:02 - [TEST_STEP][PASSED] - pageDouble = page2.toDouble(): null

03-03-2025T13:47:02 - [TEST_STEP][PASSED] - if (fileDouble != pageDouble): null

03-03-2025T13:47:02 - [TEST_STEP][FAILED] - if (verifyEqual(numberOfErrors, 0) == false): null

03-03-2025T13:47:02 - [MESSAGE][FAILED] - Unable to verify equal between actual object '4' and expected object '0' (Root cause: com.kms.katalon.core.exception.StepFailedException: Actual object '4' and expected object '0' are not equal
	at com.kms.katalon.core.keyword.builtin.VerifyEqualKeyword$_verifyEqual_closure1.doCall(VerifyEqualKeyword.groovy:58)
	at com.kms.katalon.core.keyword.builtin.VerifyEqualKeyword$_verifyEqual_closure1.call(VerifyEqualKeyword.groovy)
	at com.kms.katalon.core.keyword.internal.KeywordMain.runKeyword(KeywordMain.groovy:75)
	at com.kms.katalon.core.keyword.builtin.VerifyEqualKeyword.verifyEqual(VerifyEqualKeyword.groovy:63)
	at com.kms.katalon.core.keyword.builtin.VerifyEqualKeyword.execute(VerifyEqualKeyword.groovy:44)
	at com.kms.katalon.core.keyword.internal.KeywordExecutor.executeKeywordForPlatform(KeywordExecutor.groovy:74)
	at com.kms.katalon.core.keyword.BuiltinKeywords.verifyEqual(BuiltinKeywords.groovy:146)
	at jdk.internal.reflect.GeneratedMethodAccessor24.invoke(Unknown Source)
	at java.base/jdk.internal.reflect.DelegatingMethodAccessorImpl.invoke(DelegatingMethodAccessorImpl.java:43)
	at Выполнение бизнес-плана Сверка ПАО Россети все филиалы.Numbers(Выполнение бизнес-плана Сверка ПАО Россети все филиалы:736)
	at Выполнение бизнес-плана Сверка ПАО Россети все филиалы.Filials(Выполнение бизнес-плана Сверка ПАО Россети все филиалы:1325)
	at Выполнение бизнес-плана Сверка ПАО Россети все филиалы.Numbers(Выполнение бизнес-плана Сверка ПАО Россети все филиалы:743)
	at Выполнение бизнес-плана Сверка ПАО Россети все филиалы.run(Выполнение бизнес-плана Сверка ПАО Россети все филиалы:364)
	at com.kms.katalon.core.main.ScriptEngine.run(ScriptEngine.java:194)
	at com.kms.katalon.core.main.ScriptEngine.runScriptAsRawText(ScriptEngine.java:119)
	at com.kms.katalon.core.main.TestCaseExecutor.runScript(TestCaseExecutor.java:448)
	at com.kms.katalon.core.main.TestCaseExecutor.doExecute(TestCaseExecutor.java:439)
	at com.kms.katalon.core.main.TestCaseExecutor.processExecutionPhase(TestCaseExecutor.java:418)
	at com.kms.katalon.core.main.TestCaseExecutor.accessMainPhase(TestCaseExecutor.java:410)
	at com.kms.katalon.core.main.TestCaseExecutor.execute(TestCaseExecutor.java:285)
	at com.kms.katalon.core.common.CommonExecutor.accessTestCaseMainPhase(CommonExecutor.java:65)
	at com.kms.katalon.core.main.TestSuiteExecutor.accessTestSuiteMainPhase(TestSuiteExecutor.java:150)
	at com.kms.katalon.core.main.TestSuiteExecutor.execute(TestSuiteExecutor.java:106)
	at com.kms.katalon.core.main.TestCaseMain.startTestSuite(TestCaseMain.java:180)
	at TempTestSuite1740991900055.run(TempTestSuite1740991900055.groovy:35)
	at java.base/jdk.internal.reflect.NativeMethodAccessorImpl.invoke0(Native Method)
	at java.base/jdk.internal.reflect.NativeMethodAccessorImpl.invoke(NativeMethodAccessorImpl.java:77)
	at java.base/jdk.internal.reflect.DelegatingMethodAccessorImpl.invoke(DelegatingMethodAccessorImpl.java:43)
)

03-03-2025T13:47:02 - [TEST_STEP][PASSED] - println(numberOfErrors): null

03-03-2025T13:47:02 - [TEST_STEP][PASSED] - println("a=" + a): null

03-03-2025T13:47:02 - [TEST_STEP][PASSED] - if (a == 28 || a == 77 || a == 74 || a == 65 || a == 36 || a == 44 || a == 54 || a == 1 || a == 18 || a == 59): null

03-03-2025T13:47:02 - [TEST_STEP][PASSED] - if (a == 82): null

03-03-2025T13:47:02 - [TEST_STEP][PASSED] - dZO = "Ярэнерго": null

03-03-2025T13:47:02 - [TEST_STEP][PASSED] - a = 12: null

03-03-2025T13:47:02 - [TEST_STEP][PASSED] - if (x2.contains(dZO)): null

03-03-2025T13:47:02 - [TEST_STEP][PASSED] - filialNum = filialNum + 1: null

03-03-2025T13:47:02 - [TEST_STEP][PASSED] - Script1718980020443.Numbers(a, typeOfData, todaysDate, pageInt, fileInt, pageDouble, fileDouble, dZO, dzoNum, filialNum): null

03-03-2025T13:47:02 - [TEST_STEP][PASSED] - println(dzoNum): null

03-03-2025T13:47:02 - [TEST_STEP][PASSED] - planFact = <not implemented yet for class: org.codehaus.groovy.ast.expr.EmptyExpression>: null

03-03-2025T13:47:02 - [TEST_STEP][PASSED] - page = <not implemented yet for class: org.codehaus.groovy.ast.expr.EmptyExpression>: null

03-03-2025T13:47:02 - [TEST_STEP][PASSED] - page1 = <not implemented yet for class: org.codehaus.groovy.ast.expr.EmptyExpression>: null

03-03-2025T13:47:02 - [TEST_STEP][PASSED] - page2 = <not implemented yet for class: org.codehaus.groovy.ast.expr.EmptyExpression>: null

03-03-2025T13:47:02 - [TEST_STEP][PASSED] - filialNumberInRow = <not implemented yet for class: org.codehaus.groovy.ast.expr.EmptyExpression>: null

03-03-2025T13:47:02 - [TEST_STEP][PASSED] - filialsDzoNames = <not implemented yet for class: org.codehaus.groovy.ast.expr.EmptyExpression>: null

03-03-2025T13:47:02 - [TEST_STEP][PASSED] - numberOfFilials = <not implemented yet for class: org.codehaus.groovy.ast.expr.EmptyExpression>: null

03-03-2025T13:47:02 - [TEST_STEP][PASSED] - numberOfSpaces = <not implemented yet for class: org.codehaus.groovy.ast.expr.EmptyExpression>: null

03-03-2025T13:47:02 - [TEST_STEP][PASSED] - file = <not implemented yet for class: org.codehaus.groovy.ast.expr.EmptyExpression>: null

03-03-2025T13:47:02 - [TEST_STEP][PASSED] - otpusk = <not implemented yet for class: org.codehaus.groovy.ast.expr.EmptyExpression>: null

03-03-2025T13:47:02 - [TEST_STEP][PASSED] - poteri = <not implemented yet for class: org.codehaus.groovy.ast.expr.EmptyExpression>: null

03-03-2025T13:47:02 - [TEST_STEP][PASSED] - dataFolder = "Выполнение бизнес-плана/Значения со страницы Выполнение бизнес-плана/": null

03-03-2025T13:47:02 - [TEST_STEP][PASSED] - path = <not implemented yet for class: org.codehaus.groovy.ast.expr.EmptyExpression>: null

03-03-2025T13:47:02 - [TEST_STEP][PASSED] - typeOfDataMain = <not implemented yet for class: org.codehaus.groovy.ast.expr.EmptyExpression>: null

03-03-2025T13:47:02 - [TEST_STEP][PASSED] - fileOtpuskVSet = <not implemented yet for class: org.codehaus.groovy.ast.expr.EmptyExpression>: null

03-03-2025T13:47:02 - [TEST_STEP][PASSED] - pageOtpuskVSet = <not implemented yet for class: org.codehaus.groovy.ast.expr.EmptyExpression>: null

03-03-2025T13:47:02 - [TEST_STEP][PASSED] - filePoteri = <not implemented yet for class: org.codehaus.groovy.ast.expr.EmptyExpression>: null

03-03-2025T13:47:02 - [TEST_STEP][PASSED] - pagePoteri = <not implemented yet for class: org.codehaus.groovy.ast.expr.EmptyExpression>: null

03-03-2025T13:47:02 - [TEST_STEP][PASSED] - compare = <not implemented yet for class: org.codehaus.groovy.ast.expr.EmptyExpression>: null

03-03-2025T13:47:02 - [TEST_STEP][PASSED] - b = <not implemented yet for class: org.codehaus.groovy.ast.expr.EmptyExpression>: null

03-03-2025T13:47:02 - [TEST_STEP][PASSED] - i = <not implemented yet for class: org.codehaus.groovy.ast.expr.EmptyExpression>: null

03-03-2025T13:47:02 - [TEST_STEP][PASSED] - ii = <not implemented yet for class: org.codehaus.groovy.ast.expr.EmptyExpression>: null

03-03-2025T13:47:02 - [TEST_STEP][PASSED] - c = <not implemented yet for class: org.codehaus.groovy.ast.expr.EmptyExpression>: null

03-03-2025T13:47:02 - [TEST_STEP][PASSED] - numberOfErrors = 0: null

03-03-2025T13:47:02 - [TEST_STEP][PASSED] - if (a == 82): null

03-03-2025T13:47:02 - [TEST_STEP][PASSED] - b = findTestData("PlanFact").getValue(1, a): null

03-03-2025T13:47:03 - [TEST_STEP][PASSED] - i = b.indexOf(" (ГК)"): null

03-03-2025T13:47:03 - [TEST_STEP][PASSED] - if (i > -1): null

03-03-2025T13:47:03 - [TEST_STEP][PASSED] - i = b.indexOf("О ""): null

03-03-2025T13:47:03 - [TEST_STEP][PASSED] - if (i > -1): null

03-03-2025T13:47:03 - [TEST_STEP][PASSED] - i = b.indexOf("О «"): null

03-03-2025T13:47:03 - [TEST_STEP][PASSED] - if (i > -1): null

03-03-2025T13:47:03 - [TEST_STEP][PASSED] - i = b.indexOf("г. "): null

03-03-2025T13:47:03 - [TEST_STEP][PASSED] - if (i > -1): null

03-03-2025T13:47:03 - [TEST_STEP][PASSED] - b = b.trim(): null

03-03-2025T13:47:03 - [TEST_STEP][PASSED] - println(b): null

03-03-2025T13:47:03 - [TEST_STEP][PASSED] - for ([planFact = 1, planFact < 3, (planFact++)]): null

03-03-2025T13:47:03 - [TEST_STEP][PASSED] - if (planFact == 1): null

03-03-2025T13:47:03 - [TEST_STEP][PASSED] - typeOfDataMain = "Факт": null

03-03-2025T13:47:03 - [TEST_STEP][PASSED] - otpusk = findTestData("PlanFact").getValue(5, a): null

03-03-2025T13:47:03 - [TEST_STEP][PASSED] - poteri = findTestData("PlanFact").getValue(6, a): null

03-03-2025T13:47:03 - [TEST_STEP][PASSED] - otpusk = otpusk.replaceAll("\s+", ""): null

03-03-2025T13:47:03 - [TEST_STEP][PASSED] - poteri = poteri.replaceAll("\s+", ""): null

03-03-2025T13:47:03 - [TEST_STEP][PASSED] - typeOfData = typeOfDataMain + " Отпуск в сеть": null

03-03-2025T13:47:03 - [TEST_STEP][PASSED] - if (a == 82): null

03-03-2025T13:47:03 - [TEST_STEP][PASSED] - else if (a == 84): null

03-03-2025T13:47:03 - [TEST_STEP][PASSED] - else if (a == 83 || a == 52 || a == 72 || a == 28 || a == 73 || a == 77 || a == 74 || a == 65 || a == 36 || a == 44 || a == 53 || a == 80 || a == 54 || a == 1 || a == 18 || a == 59 || a == 81): null

03-03-2025T13:47:03 - [TEST_STEP][PASSED] - else: null

03-03-2025T13:47:03 - [TEST_STEP][PASSED] - path = dataFolder + typeOfData + " за отчётный период " + b: null

03-03-2025T13:47:03 - [TEST_STEP][PASSED] - println(path): null

03-03-2025T13:47:03 - [TEST_STEP][PASSED] - page = getText(findTestObject(path)): Text of object 'Object Repository/Выполнение бизнес-плана/Значения со страницы Выполнение бизнес-плана/Факт Отпуск в сеть за отчётный период Ярэнерго' is: '700 585'

03-03-2025T13:47:03 - [MESSAGE][PASSED] - Text of object 'Object Repository/Выполнение бизнес-плана/Значения со страницы Выполнение бизнес-плана/Факт Отпуск в сеть за отчётный период Ярэнерго' is: '700 585'

03-03-2025T13:47:03 - [TEST_STEP][PASSED] - if (page == "" || page == null): null

03-03-2025T13:47:03 - [TEST_STEP][PASSED] - else: null

03-03-2025T13:47:03 - [TEST_STEP][PASSED] - page = page.replaceAll("\s+", ""): null

03-03-2025T13:47:03 - [TEST_STEP][PASSED] - fileOtpuskVSet = otpusk.toInteger(): null

03-03-2025T13:47:03 - [TEST_STEP][PASSED] - pageOtpuskVSet = page.toInteger(): null

03-03-2025T13:47:03 - [TEST_STEP][PASSED] - typeOfData = typeOfDataMain + " Потери": null

03-03-2025T13:47:03 - [TEST_STEP][PASSED] - if (a == 82): null

03-03-2025T13:47:03 - [TEST_STEP][PASSED] - else if (a == 84): null

03-03-2025T13:47:03 - [TEST_STEP][PASSED] - else if (a == 83 || a == 52 || a == 72 || a == 28 || a == 73 || a == 77 || a == 74 || a == 65 || a == 44 || a == 53 || a == 80 || a == 54 || a == 1 || a == 18 || a == 59 || a == 81): null

03-03-2025T13:47:03 - [TEST_STEP][PASSED] - else: null

03-03-2025T13:47:03 - [TEST_STEP][PASSED] - path = dataFolder + typeOfData + " за отчётный период " + b: null

03-03-2025T13:47:03 - [TEST_STEP][PASSED] - page = getText(findTestObject(path)): Text of object 'Object Repository/Выполнение бизнес-плана/Значения со страницы Выполнение бизнес-плана/Факт Потери за отчётный период Ярэнерго' is: '85 254'

03-03-2025T13:47:03 - [MESSAGE][PASSED] - Text of object 'Object Repository/Выполнение бизнес-плана/Значения со страницы Выполнение бизнес-плана/Факт Потери за отчётный период Ярэнерго' is: '85 254'

03-03-2025T13:47:03 - [TEST_STEP][PASSED] - if (page == "" || page == null): null

03-03-2025T13:47:03 - [TEST_STEP][PASSED] - else: null

03-03-2025T13:47:03 - [TEST_STEP][PASSED] - page = page.replaceAll("\s+", ""): null

03-03-2025T13:47:03 - [TEST_STEP][PASSED] - filePoteri = poteri.toInteger(): null

03-03-2025T13:47:03 - [TEST_STEP][PASSED] - pagePoteri = page.toInteger(): null

03-03-2025T13:47:03 - [TEST_STEP][PASSED] - compare = pageOtpuskVSet: null

03-03-2025T13:47:03 - [TEST_STEP][PASSED] - if (pageOtpuskVSet != null): null

03-03-2025T13:47:03 - [TEST_STEP][PASSED] - if (compare == fileOtpuskVSet): null

03-03-2025T13:47:03 - [TEST_STEP][PASSED] - else if (compare > fileOtpuskVSet): null

03-03-2025T13:47:03 - [TEST_STEP][PASSED] - else if (compare < fileOtpuskVSet): null

03-03-2025T13:47:03 - [TEST_STEP][PASSED] - compare = compare + 1: null

03-03-2025T13:47:03 - [TEST_STEP][PASSED] - if (compare == fileOtpuskVSet): null

03-03-2025T13:47:03 - [TEST_STEP][PASSED] - else: null

03-03-2025T13:47:03 - [TEST_STEP][PASSED] - numberOfErrors = numberOfErrors + 1: null

03-03-2025T13:47:03 - [TEST_STEP][PASSED] - pageInt = pageOtpuskVSet: null

03-03-2025T13:47:03 - [TEST_STEP][PASSED] - fileInt = fileOtpuskVSet: null

03-03-2025T13:47:03 - [TEST_STEP][PASSED] - typeOfData = typeOfDataMain + " Отпуск в сеть": null

03-03-2025T13:47:03 - [TEST_STEP][PASSED] - Script1718980020443.WriteToExcel(a, typeOfData, todaysDate, pageInt, fileInt, pageDouble, fileDouble, dZO): null

03-03-2025T13:47:03 - [TEST_STEP][PASSED] - sheetName = "Sheet1": null

03-03-2025T13:47:03 - [TEST_STEP][PASSED] - data = findTestData("PlanFact"): null

03-03-2025T13:47:03 - [TEST_STEP][PASSED] - n = data.getRowNumbers() + 1: null

03-03-2025T13:47:03 - [TEST_STEP][PASSED] - day = ")).toInteger(): null

03-03-2025T13:47:03 - [TEST_STEP][PASSED] - println(day): null

03-03-2025T13:47:03 - [TEST_STEP][PASSED] - month = ")).toInteger(): null

03-03-2025T13:47:03 - [TEST_STEP][PASSED] - println(month): null

03-03-2025T13:47:03 - [TEST_STEP][PASSED] - y = <not implemented yet for class: org.codehaus.groovy.ast.expr.EmptyExpression>: null

03-03-2025T13:47:03 - [TEST_STEP][PASSED] - iy = <not implemented yet for class: org.codehaus.groovy.ast.expr.EmptyExpression>: null

03-03-2025T13:47:03 - [TEST_STEP][PASSED] - m = getText(findTestObject("Выполнение бизнес-плана/Период")): Text of object 'Object Repository/Выполнение бизнес-плана/Период' is: '2024 год'

03-03-2025T13:47:04 - [MESSAGE][PASSED] - Text of object 'Object Repository/Выполнение бизнес-плана/Период' is: '2024 год'

03-03-2025T13:47:04 - [TEST_STEP][PASSED] - iy = m.indexOf("20"): null

03-03-2025T13:47:04 - [TEST_STEP][PASSED] - if (iy > -1): null

03-03-2025T13:47:04 - [TEST_STEP][PASSED] - y = substring(iy, iy + 4).toInteger(): null

03-03-2025T13:47:04 - [TEST_STEP][PASSED] - println(y): null

03-03-2025T13:47:04 - [TEST_STEP][PASSED] - if (toString().length() == 4): null

03-03-2025T13:47:04 - [TEST_STEP][PASSED] - m = m.substring(0, m.indexOf(y.toString())): null

03-03-2025T13:47:04 - [TEST_STEP][PASSED] - m = m.trim(): null

03-03-2025T13:47:04 - [TEST_STEP][PASSED] - if (m == ""): null

03-03-2025T13:47:04 - [TEST_STEP][PASSED] - m = "весь год": null

03-03-2025T13:47:04 - [TEST_STEP][PASSED] - dashboardName = "Выполнение бизнес-плана": null

03-03-2025T13:47:04 - [TEST_STEP][PASSED] - workbook01 = getWorkbook(excelFilePath): null

03-03-2025T13:47:04 - [TEST_STEP][PASSED] - sheet01 = getExcelSheet(workbook01, sheetName): null

03-03-2025T13:47:04 - [TEST_STEP][PASSED] - setValueToCellByIndex(sheet01, n, 0, dashboardName): null

03-03-2025T13:47:04 - [TEST_STEP][PASSED] - setValueToCellByIndex(sheet01, n, 1, dZO): null

03-03-2025T13:47:04 - [TEST_STEP][PASSED] - setValueToCellByIndex(sheet01, n, 2, typeOfData): null

03-03-2025T13:47:04 - [TEST_STEP][PASSED] - if (typeOfData == "Факт в процентах" || typeOfData == "План в процентах"): null

03-03-2025T13:47:04 - [TEST_STEP][PASSED] - else: null

03-03-2025T13:47:04 - [TEST_STEP][PASSED] - setValueToCellByIndex(sheet01, n, 3, fileInt): null

03-03-2025T13:47:04 - [TEST_STEP][PASSED] - setValueToCellByIndex(sheet01, n, 4, pageInt): null

03-03-2025T13:47:04 - [TEST_STEP][PASSED] - setValueToCellByIndex(sheet01, n, 5, m): null

03-03-2025T13:47:04 - [TEST_STEP][PASSED] - setValueToCellByIndex(sheet01, n, 6, y): null

03-03-2025T13:47:04 - [TEST_STEP][PASSED] - setValueToCellByIndex(sheet01, n, 7, todaysDate): null

03-03-2025T13:47:04 - [TEST_STEP][PASSED] - n = n + 1: null

03-03-2025T13:47:04 - [TEST_STEP][PASSED] - saveWorkbook(excelFilePath, workbook01): null

03-03-2025T13:47:04 - [TEST_STEP][PASSED] - compare = pagePoteri: null

03-03-2025T13:47:04 - [TEST_STEP][PASSED] - if (pageOtpuskVSet != null): null

03-03-2025T13:47:04 - [TEST_STEP][PASSED] - if (compare == filePoteri): null

03-03-2025T13:47:04 - [TEST_STEP][PASSED] - else if (compare > filePoteri): null

03-03-2025T13:47:04 - [TEST_STEP][PASSED] - else if (compare < filePoteri): null

03-03-2025T13:47:04 - [TEST_STEP][PASSED] - compare = compare + 1: null

03-03-2025T13:47:04 - [TEST_STEP][PASSED] - if (compare == filePoteri): null

03-03-2025T13:47:04 - [TEST_STEP][PASSED] - else: null

03-03-2025T13:47:04 - [TEST_STEP][PASSED] - numberOfErrors = numberOfErrors + 1: null

03-03-2025T13:47:04 - [TEST_STEP][PASSED] - pageInt = pagePoteri: null

03-03-2025T13:47:04 - [TEST_STEP][PASSED] - fileInt = filePoteri: null

03-03-2025T13:47:04 - [TEST_STEP][PASSED] - typeOfData = typeOfDataMain + " Потери": null

03-03-2025T13:47:04 - [TEST_STEP][PASSED] - Script1718980020443.WriteToExcel(a, typeOfData, todaysDate, pageInt, fileInt, pageDouble, fileDouble, dZO): null

03-03-2025T13:47:04 - [TEST_STEP][PASSED] - sheetName = "Sheet1": null

03-03-2025T13:47:04 - [TEST_STEP][PASSED] - data = findTestData("PlanFact"): null

03-03-2025T13:47:04 - [TEST_STEP][PASSED] - n = data.getRowNumbers() + 1: null

03-03-2025T13:47:04 - [TEST_STEP][PASSED] - day = ")).toInteger(): null

03-03-2025T13:47:04 - [TEST_STEP][PASSED] - println(day): null

03-03-2025T13:47:04 - [TEST_STEP][PASSED] - month = ")).toInteger(): null

03-03-2025T13:47:04 - [TEST_STEP][PASSED] - println(month): null

03-03-2025T13:47:04 - [TEST_STEP][PASSED] - y = <not implemented yet for class: org.codehaus.groovy.ast.expr.EmptyExpression>: null

03-03-2025T13:47:04 - [TEST_STEP][PASSED] - iy = <not implemented yet for class: org.codehaus.groovy.ast.expr.EmptyExpression>: null

03-03-2025T13:47:04 - [TEST_STEP][PASSED] - m = getText(findTestObject("Выполнение бизнес-плана/Период")): Text of object 'Object Repository/Выполнение бизнес-плана/Период' is: '2024 год'

03-03-2025T13:47:04 - [MESSAGE][PASSED] - Text of object 'Object Repository/Выполнение бизнес-плана/Период' is: '2024 год'

03-03-2025T13:47:04 - [TEST_STEP][PASSED] - iy = m.indexOf("20"): null

03-03-2025T13:47:04 - [TEST_STEP][PASSED] - if (iy > -1): null

03-03-2025T13:47:04 - [TEST_STEP][PASSED] - y = substring(iy, iy + 4).toInteger(): null

03-03-2025T13:47:04 - [TEST_STEP][PASSED] - println(y): null

03-03-2025T13:47:04 - [TEST_STEP][PASSED] - if (toString().length() == 4): null

03-03-2025T13:47:04 - [TEST_STEP][PASSED] - m = m.substring(0, m.indexOf(y.toString())): null

03-03-2025T13:47:04 - [TEST_STEP][PASSED] - m = m.trim(): null

03-03-2025T13:47:04 - [TEST_STEP][PASSED] - if (m == ""): null

03-03-2025T13:47:04 - [TEST_STEP][PASSED] - m = "весь год": null

03-03-2025T13:47:04 - [TEST_STEP][PASSED] - dashboardName = "Выполнение бизнес-плана": null

03-03-2025T13:47:04 - [TEST_STEP][PASSED] - workbook01 = getWorkbook(excelFilePath): null

03-03-2025T13:47:04 - [TEST_STEP][PASSED] - sheet01 = getExcelSheet(workbook01, sheetName): null

03-03-2025T13:47:04 - [TEST_STEP][PASSED] - setValueToCellByIndex(sheet01, n, 0, dashboardName): null

03-03-2025T13:47:04 - [TEST_STEP][PASSED] - setValueToCellByIndex(sheet01, n, 1, dZO): null

03-03-2025T13:47:04 - [TEST_STEP][PASSED] - setValueToCellByIndex(sheet01, n, 2, typeOfData): null

03-03-2025T13:47:04 - [TEST_STEP][PASSED] - if (typeOfData == "Факт в процентах" || typeOfData == "План в процентах"): null

03-03-2025T13:47:04 - [TEST_STEP][PASSED] - else: null

03-03-2025T13:47:04 - [TEST_STEP][PASSED] - setValueToCellByIndex(sheet01, n, 3, fileInt): null

03-03-2025T13:47:04 - [TEST_STEP][PASSED] - setValueToCellByIndex(sheet01, n, 4, pageInt): null

03-03-2025T13:47:04 - [TEST_STEP][PASSED] - setValueToCellByIndex(sheet01, n, 5, m): null

03-03-2025T13:47:04 - [TEST_STEP][PASSED] - setValueToCellByIndex(sheet01, n, 6, y): null

03-03-2025T13:47:04 - [TEST_STEP][PASSED] - setValueToCellByIndex(sheet01, n, 7, todaysDate): null

03-03-2025T13:47:04 - [TEST_STEP][PASSED] - n = n + 1: null

03-03-2025T13:47:04 - [TEST_STEP][PASSED] - saveWorkbook(excelFilePath, workbook01): null

03-03-2025T13:47:05 - [TEST_STEP][PASSED] - if (planFact == 2): null

03-03-2025T13:47:05 - [TEST_STEP][PASSED] - if (planFact == 1): null

03-03-2025T13:47:05 - [TEST_STEP][PASSED] - else if (planFact == 2): null

03-03-2025T13:47:05 - [TEST_STEP][PASSED] - click(findTestObject("Выполнение бизнес-плана/Кнопка План")): Object: 'Object Repository/Выполнение бизнес-плана/Кнопка План' is clicked on

03-03-2025T13:47:05 - [MESSAGE][PASSED] - Object: 'Object Repository/Выполнение бизнес-плана/Кнопка План' is clicked on

03-03-2025T13:47:05 - [TEST_STEP][PASSED] - typeOfDataMain = "План": null

03-03-2025T13:47:05 - [TEST_STEP][PASSED] - otpusk = findTestData("PlanFact").getValue(2, a): null

03-03-2025T13:47:05 - [TEST_STEP][PASSED] - poteri = findTestData("PlanFact").getValue(3, a): null

03-03-2025T13:47:05 - [TEST_STEP][PASSED] - otpusk = otpusk.replaceAll("\s+", ""): null

03-03-2025T13:47:05 - [TEST_STEP][PASSED] - poteri = poteri.replaceAll("\s+", ""): null

03-03-2025T13:47:05 - [TEST_STEP][PASSED] - typeOfData = typeOfDataMain + " Отпуск в сеть": null

03-03-2025T13:47:05 - [TEST_STEP][PASSED] - if (a == 82): null

03-03-2025T13:47:05 - [TEST_STEP][PASSED] - else if (a == 84): null

03-03-2025T13:47:05 - [TEST_STEP][PASSED] - else if (a == 83 || a == 52 || a == 72 || a == 28 || a == 73 || a == 77 || a == 74 || a == 65 || a == 36 || a == 44 || a == 53 || a == 80 || a == 54 || a == 1 || a == 18 || a == 59 || a == 81): null

03-03-2025T13:47:05 - [TEST_STEP][PASSED] - else: null

03-03-2025T13:47:05 - [TEST_STEP][PASSED] - path = dataFolder + typeOfData + " за отчётный период " + b: null

03-03-2025T13:47:05 - [TEST_STEP][PASSED] - println(path): null

03-03-2025T13:47:05 - [TEST_STEP][PASSED] - page = getText(findTestObject(path)): Text of object 'Object Repository/Выполнение бизнес-плана/Значения со страницы Выполнение бизнес-плана/План Отпуск в сеть за отчётный период Ярэнерго' is: '647 445'

03-03-2025T13:47:05 - [MESSAGE][PASSED] - Text of object 'Object Repository/Выполнение бизнес-плана/Значения со страницы Выполнение бизнес-плана/План Отпуск в сеть за отчётный период Ярэнерго' is: '647 445'

03-03-2025T13:47:05 - [TEST_STEP][PASSED] - if (page == "" || page == null): null

03-03-2025T13:47:05 - [TEST_STEP][PASSED] - else: null

03-03-2025T13:47:05 - [TEST_STEP][PASSED] - page = page.replaceAll("\s+", ""): null

03-03-2025T13:47:05 - [TEST_STEP][PASSED] - fileOtpuskVSet = otpusk.toInteger(): null

03-03-2025T13:47:05 - [TEST_STEP][PASSED] - pageOtpuskVSet = page.toInteger(): null

03-03-2025T13:47:05 - [TEST_STEP][PASSED] - typeOfData = typeOfDataMain + " Потери": null

03-03-2025T13:47:05 - [TEST_STEP][PASSED] - if (a == 82): null

03-03-2025T13:47:05 - [TEST_STEP][PASSED] - else if (a == 84): null

03-03-2025T13:47:05 - [TEST_STEP][PASSED] - else if (a == 83 || a == 52 || a == 72 || a == 28 || a == 73 || a == 77 || a == 74 || a == 65 || a == 44 || a == 53 || a == 80 || a == 54 || a == 1 || a == 18 || a == 59 || a == 81): null

03-03-2025T13:47:05 - [TEST_STEP][PASSED] - else: null

03-03-2025T13:47:05 - [TEST_STEP][PASSED] - path = dataFolder + typeOfData + " за отчётный период " + b: null

03-03-2025T13:47:05 - [TEST_STEP][PASSED] - page = getText(findTestObject(path)): Text of object 'Object Repository/Выполнение бизнес-плана/Значения со страницы Выполнение бизнес-плана/План Потери за отчётный период Ярэнерго' is: '64 211'

03-03-2025T13:47:06 - [MESSAGE][PASSED] - Text of object 'Object Repository/Выполнение бизнес-плана/Значения со страницы Выполнение бизнес-плана/План Потери за отчётный период Ярэнерго' is: '64 211'

03-03-2025T13:47:06 - [TEST_STEP][PASSED] - if (page == "" || page == null): null

03-03-2025T13:47:06 - [TEST_STEP][PASSED] - else: null

03-03-2025T13:47:06 - [TEST_STEP][PASSED] - page = page.replaceAll("\s+", ""): null

03-03-2025T13:47:06 - [TEST_STEP][PASSED] - filePoteri = poteri.toInteger(): null

03-03-2025T13:47:06 - [TEST_STEP][PASSED] - pagePoteri = page.toInteger(): null

03-03-2025T13:47:06 - [TEST_STEP][PASSED] - compare = pageOtpuskVSet: null

03-03-2025T13:47:06 - [TEST_STEP][PASSED] - if (pageOtpuskVSet != null): null

03-03-2025T13:47:06 - [TEST_STEP][PASSED] - if (compare == fileOtpuskVSet): null

03-03-2025T13:47:06 - [TEST_STEP][PASSED] - else if (compare > fileOtpuskVSet): null

03-03-2025T13:47:06 - [TEST_STEP][PASSED] - else if (compare < fileOtpuskVSet): null

03-03-2025T13:47:06 - [TEST_STEP][PASSED] - compare = compare + 1: null

03-03-2025T13:47:06 - [TEST_STEP][PASSED] - if (compare == fileOtpuskVSet): null

03-03-2025T13:47:06 - [TEST_STEP][PASSED] - else: null

03-03-2025T13:47:06 - [TEST_STEP][PASSED] - numberOfErrors = numberOfErrors + 1: null

03-03-2025T13:47:06 - [TEST_STEP][PASSED] - pageInt = pageOtpuskVSet: null

03-03-2025T13:47:06 - [TEST_STEP][PASSED] - fileInt = fileOtpuskVSet: null

03-03-2025T13:47:06 - [TEST_STEP][PASSED] - typeOfData = typeOfDataMain + " Отпуск в сеть": null

03-03-2025T13:47:06 - [TEST_STEP][PASSED] - Script1718980020443.WriteToExcel(a, typeOfData, todaysDate, pageInt, fileInt, pageDouble, fileDouble, dZO): null

03-03-2025T13:47:06 - [TEST_STEP][PASSED] - sheetName = "Sheet1": null

03-03-2025T13:47:06 - [TEST_STEP][PASSED] - data = findTestData("PlanFact"): null

03-03-2025T13:47:06 - [TEST_STEP][PASSED] - n = data.getRowNumbers() + 1: null

03-03-2025T13:47:06 - [TEST_STEP][PASSED] - day = ")).toInteger(): null

03-03-2025T13:47:06 - [TEST_STEP][PASSED] - println(day): null

03-03-2025T13:47:06 - [TEST_STEP][PASSED] - month = ")).toInteger(): null

03-03-2025T13:47:06 - [TEST_STEP][PASSED] - println(month): null

03-03-2025T13:47:06 - [TEST_STEP][PASSED] - y = <not implemented yet for class: org.codehaus.groovy.ast.expr.EmptyExpression>: null

03-03-2025T13:47:06 - [TEST_STEP][PASSED] - iy = <not implemented yet for class: org.codehaus.groovy.ast.expr.EmptyExpression>: null

03-03-2025T13:47:06 - [TEST_STEP][PASSED] - m = getText(findTestObject("Выполнение бизнес-плана/Период")): Text of object 'Object Repository/Выполнение бизнес-плана/Период' is: '2024 год'

03-03-2025T13:47:06 - [MESSAGE][PASSED] - Text of object 'Object Repository/Выполнение бизнес-плана/Период' is: '2024 год'

03-03-2025T13:47:06 - [TEST_STEP][PASSED] - iy = m.indexOf("20"): null

03-03-2025T13:47:06 - [TEST_STEP][PASSED] - if (iy > -1): null

03-03-2025T13:47:06 - [TEST_STEP][PASSED] - y = substring(iy, iy + 4).toInteger(): null

03-03-2025T13:47:06 - [TEST_STEP][PASSED] - println(y): null

03-03-2025T13:47:06 - [TEST_STEP][PASSED] - if (toString().length() == 4): null

03-03-2025T13:47:06 - [TEST_STEP][PASSED] - m = m.substring(0, m.indexOf(y.toString())): null

03-03-2025T13:47:06 - [TEST_STEP][PASSED] - m = m.trim(): null

03-03-2025T13:47:06 - [TEST_STEP][PASSED] - if (m == ""): null

03-03-2025T13:47:06 - [TEST_STEP][PASSED] - m = "весь год": null

03-03-2025T13:47:06 - [TEST_STEP][PASSED] - dashboardName = "Выполнение бизнес-плана": null

03-03-2025T13:47:06 - [TEST_STEP][PASSED] - workbook01 = getWorkbook(excelFilePath): null

03-03-2025T13:47:06 - [TEST_STEP][PASSED] - sheet01 = getExcelSheet(workbook01, sheetName): null

03-03-2025T13:47:06 - [TEST_STEP][PASSED] - setValueToCellByIndex(sheet01, n, 0, dashboardName): null

03-03-2025T13:47:06 - [TEST_STEP][PASSED] - setValueToCellByIndex(sheet01, n, 1, dZO): null

03-03-2025T13:47:06 - [TEST_STEP][PASSED] - setValueToCellByIndex(sheet01, n, 2, typeOfData): null

03-03-2025T13:47:06 - [TEST_STEP][PASSED] - if (typeOfData == "Факт в процентах" || typeOfData == "План в процентах"): null

03-03-2025T13:47:06 - [TEST_STEP][PASSED] - else: null

03-03-2025T13:47:06 - [TEST_STEP][PASSED] - setValueToCellByIndex(sheet01, n, 3, fileInt): null

03-03-2025T13:47:06 - [TEST_STEP][PASSED] - setValueToCellByIndex(sheet01, n, 4, pageInt): null

03-03-2025T13:47:06 - [TEST_STEP][PASSED] - setValueToCellByIndex(sheet01, n, 5, m): null

03-03-2025T13:47:06 - [TEST_STEP][PASSED] - setValueToCellByIndex(sheet01, n, 6, y): null

03-03-2025T13:47:06 - [TEST_STEP][PASSED] - setValueToCellByIndex(sheet01, n, 7, todaysDate): null

03-03-2025T13:47:06 - [TEST_STEP][PASSED] - n = n + 1: null

03-03-2025T13:47:06 - [TEST_STEP][PASSED] - saveWorkbook(excelFilePath, workbook01): null

03-03-2025T13:47:06 - [TEST_STEP][PASSED] - compare = pagePoteri: null

03-03-2025T13:47:06 - [TEST_STEP][PASSED] - if (pageOtpuskVSet != null): null

03-03-2025T13:47:06 - [TEST_STEP][PASSED] - if (compare == filePoteri): null

03-03-2025T13:47:06 - [TEST_STEP][PASSED] - else if (compare > filePoteri): null

03-03-2025T13:47:06 - [TEST_STEP][PASSED] - else if (compare < filePoteri): null

03-03-2025T13:47:06 - [TEST_STEP][PASSED] - compare = compare + 1: null

03-03-2025T13:47:06 - [TEST_STEP][PASSED] - if (compare == filePoteri): null

03-03-2025T13:47:06 - [TEST_STEP][PASSED] - else: null

03-03-2025T13:47:06 - [TEST_STEP][PASSED] - numberOfErrors = numberOfErrors + 1: null

03-03-2025T13:47:06 - [TEST_STEP][PASSED] - pageInt = pagePoteri: null

03-03-2025T13:47:06 - [TEST_STEP][PASSED] - fileInt = filePoteri: null

03-03-2025T13:47:06 - [TEST_STEP][PASSED] - typeOfData = typeOfDataMain + " Потери": null

03-03-2025T13:47:06 - [TEST_STEP][PASSED] - Script1718980020443.WriteToExcel(a, typeOfData, todaysDate, pageInt, fileInt, pageDouble, fileDouble, dZO): null

03-03-2025T13:47:06 - [TEST_STEP][PASSED] - sheetName = "Sheet1": null

03-03-2025T13:47:06 - [TEST_STEP][PASSED] - data = findTestData("PlanFact"): null

03-03-2025T13:47:06 - [TEST_STEP][PASSED] - n = data.getRowNumbers() + 1: null

03-03-2025T13:47:06 - [TEST_STEP][PASSED] - day = ")).toInteger(): null

03-03-2025T13:47:06 - [TEST_STEP][PASSED] - println(day): null

03-03-2025T13:47:06 - [TEST_STEP][PASSED] - month = ")).toInteger(): null

03-03-2025T13:47:06 - [TEST_STEP][PASSED] - println(month): null

03-03-2025T13:47:06 - [TEST_STEP][PASSED] - y = <not implemented yet for class: org.codehaus.groovy.ast.expr.EmptyExpression>: null

03-03-2025T13:47:06 - [TEST_STEP][PASSED] - iy = <not implemented yet for class: org.codehaus.groovy.ast.expr.EmptyExpression>: null

03-03-2025T13:47:06 - [TEST_STEP][PASSED] - m = getText(findTestObject("Выполнение бизнес-плана/Период")): Text of object 'Object Repository/Выполнение бизнес-плана/Период' is: '2024 год'

03-03-2025T13:47:07 - [MESSAGE][PASSED] - Text of object 'Object Repository/Выполнение бизнес-плана/Период' is: '2024 год'

03-03-2025T13:47:07 - [TEST_STEP][PASSED] - iy = m.indexOf("20"): null

03-03-2025T13:47:07 - [TEST_STEP][PASSED] - if (iy > -1): null

03-03-2025T13:47:07 - [TEST_STEP][PASSED] - y = substring(iy, iy + 4).toInteger(): null

03-03-2025T13:47:07 - [TEST_STEP][PASSED] - println(y): null

03-03-2025T13:47:07 - [TEST_STEP][PASSED] - if (toString().length() == 4): null

03-03-2025T13:47:07 - [TEST_STEP][PASSED] - m = m.substring(0, m.indexOf(y.toString())): null

03-03-2025T13:47:07 - [TEST_STEP][PASSED] - m = m.trim(): null

03-03-2025T13:47:07 - [TEST_STEP][PASSED] - if (m == ""): null

03-03-2025T13:47:07 - [TEST_STEP][PASSED] - m = "весь год": null

03-03-2025T13:47:07 - [TEST_STEP][PASSED] - dashboardName = "Выполнение бизнес-плана": null

03-03-2025T13:47:07 - [TEST_STEP][PASSED] - workbook01 = getWorkbook(excelFilePath): null

03-03-2025T13:47:07 - [TEST_STEP][PASSED] - sheet01 = getExcelSheet(workbook01, sheetName): null

03-03-2025T13:47:07 - [TEST_STEP][PASSED] - setValueToCellByIndex(sheet01, n, 0, dashboardName): null

03-03-2025T13:47:07 - [TEST_STEP][PASSED] - setValueToCellByIndex(sheet01, n, 1, dZO): null

03-03-2025T13:47:07 - [TEST_STEP][PASSED] - setValueToCellByIndex(sheet01, n, 2, typeOfData): null

03-03-2025T13:47:07 - [TEST_STEP][PASSED] - if (typeOfData == "Факт в процентах" || typeOfData == "План в процентах"): null

03-03-2025T13:47:07 - [TEST_STEP][PASSED] - else: null

03-03-2025T13:47:07 - [TEST_STEP][PASSED] - setValueToCellByIndex(sheet01, n, 3, fileInt): null

03-03-2025T13:47:07 - [TEST_STEP][PASSED] - setValueToCellByIndex(sheet01, n, 4, pageInt): null

03-03-2025T13:47:07 - [TEST_STEP][PASSED] - setValueToCellByIndex(sheet01, n, 5, m): null

03-03-2025T13:47:07 - [TEST_STEP][PASSED] - setValueToCellByIndex(sheet01, n, 6, y): null

03-03-2025T13:47:07 - [TEST_STEP][PASSED] - setValueToCellByIndex(sheet01, n, 7, todaysDate): null

03-03-2025T13:47:07 - [TEST_STEP][PASSED] - n = n + 1: null

03-03-2025T13:47:07 - [TEST_STEP][PASSED] - saveWorkbook(excelFilePath, workbook01): Object: 'Object Repository/Выполнение бизнес-плана/Кнопка Факт' is clicked on

03-03-2025T13:47:07 - [TEST_STEP][PASSED] - if (planFact == 2): Object: 'Object Repository/Выполнение бизнес-плана/Кнопка Факт' is clicked on

03-03-2025T13:47:07 - [TEST_STEP][PASSED] - click(findTestObject("Выполнение бизнес-плана/Кнопка Факт")): Object: 'Object Repository/Выполнение бизнес-плана/Кнопка Факт' is clicked on

03-03-2025T13:47:07 - [MESSAGE][PASSED] - Object: 'Object Repository/Выполнение бизнес-плана/Кнопка Факт' is clicked on

03-03-2025T13:47:07 - [TEST_STEP][PASSED] - println("a=" + a): null

03-03-2025T13:47:07 - [TEST_STEP][PASSED] - if (a == 84 || a == 82): null

03-03-2025T13:47:07 - [TEST_STEP][PASSED] - else if (a == 83 || a == 52 || a == 72 || a == 28 || a == 73 || a == 77 || a == 74 || a == 65 || a == 36 || a == 44 || a == 53 || a == 80 || a == 54 || a == 1 || a == 18 || a == 59 || a == 81): null

03-03-2025T13:47:07 - [TEST_STEP][PASSED] - else: null

03-03-2025T13:47:07 - [TEST_STEP][PASSED] - page1 = getText(findTestObject("Object Repository/Выполнение бизнес-плана/spanPlan" + filialNum)): Text of object 'Object Repository/Выполнение бизнес-плана/spanPlan15' is: '8.94
|'

03-03-2025T13:47:07 - [MESSAGE][PASSED] - Text of object 'Object Repository/Выполнение бизнес-плана/spanPlan15' is: '8.94
|'

03-03-2025T13:47:07 - [TEST_STEP][PASSED] - page1 = page1.replace("|", ""): null

03-03-2025T13:47:07 - [TEST_STEP][PASSED] - page2 = getText(findTestObject("Object Repository/Выполнение бизнес-плана/spanFact" + filialNum)): Text of object 'Object Repository/Выполнение бизнес-плана/spanFact15' is: '8.91
|'

03-03-2025T13:47:08 - [MESSAGE][PASSED] - Text of object 'Object Repository/Выполнение бизнес-плана/spanFact15' is: '8.91
|'

03-03-2025T13:47:08 - [TEST_STEP][PASSED] - page2 = page2.replace("|", ""): null

03-03-2025T13:47:08 - [TEST_STEP][PASSED] - println("page1: " + page1): null

03-03-2025T13:47:08 - [TEST_STEP][PASSED] - println("page2: " + page2): null

03-03-2025T13:47:08 - [TEST_STEP][PASSED] - file = findTestData("PlanFact").getValue(4, a): null

03-03-2025T13:47:08 - [TEST_STEP][PASSED] - file = file.replace(",", "."): null

03-03-2025T13:47:08 - [TEST_STEP][PASSED] - println("file Plan: " + file): null

03-03-2025T13:47:08 - [TEST_STEP][PASSED] - typeOfData = "План в процентах": null

03-03-2025T13:47:08 - [TEST_STEP][PASSED] - fileDouble = file.toDouble(): null

03-03-2025T13:47:08 - [TEST_STEP][PASSED] - pageDouble = page1.toDouble(): null

03-03-2025T13:47:08 - [TEST_STEP][PASSED] - if (fileDouble != pageDouble): null

03-03-2025T13:47:08 - [TEST_STEP][PASSED] - file = findTestData("PlanFact").getValue(7, a): null

03-03-2025T13:47:08 - [TEST_STEP][PASSED] - file = file.replace(",", "."): null

03-03-2025T13:47:08 - [TEST_STEP][PASSED] - println("file Fact: " + file): null

03-03-2025T13:47:08 - [TEST_STEP][PASSED] - fileDouble = file.toDouble(): null

03-03-2025T13:47:08 - [TEST_STEP][PASSED] - typeOfData = "Факт в процентах": null

03-03-2025T13:47:08 - [TEST_STEP][PASSED] - fileDouble = file.toDouble(): null

03-03-2025T13:47:08 - [TEST_STEP][PASSED] - pageDouble = page2.toDouble(): null

03-03-2025T13:47:08 - [TEST_STEP][PASSED] - if (fileDouble != pageDouble): null

03-03-2025T13:47:08 - [TEST_STEP][FAILED] - if (verifyEqual(numberOfErrors, 0) == false): null

03-03-2025T13:47:08 - [MESSAGE][FAILED] - Unable to verify equal between actual object '4' and expected object '0' (Root cause: com.kms.katalon.core.exception.StepFailedException: Actual object '4' and expected object '0' are not equal
	at com.kms.katalon.core.keyword.builtin.VerifyEqualKeyword$_verifyEqual_closure1.doCall(VerifyEqualKeyword.groovy:58)
	at com.kms.katalon.core.keyword.builtin.VerifyEqualKeyword$_verifyEqual_closure1.call(VerifyEqualKeyword.groovy)
	at com.kms.katalon.core.keyword.internal.KeywordMain.runKeyword(KeywordMain.groovy:75)
	at com.kms.katalon.core.keyword.builtin.VerifyEqualKeyword.verifyEqual(VerifyEqualKeyword.groovy:63)
	at com.kms.katalon.core.keyword.builtin.VerifyEqualKeyword.execute(VerifyEqualKeyword.groovy:44)
	at com.kms.katalon.core.keyword.internal.KeywordExecutor.executeKeywordForPlatform(KeywordExecutor.groovy:74)
	at com.kms.katalon.core.keyword.BuiltinKeywords.verifyEqual(BuiltinKeywords.groovy:146)
	at jdk.internal.reflect.GeneratedMethodAccessor24.invoke(Unknown Source)
	at java.base/jdk.internal.reflect.DelegatingMethodAccessorImpl.invoke(DelegatingMethodAccessorImpl.java:43)
	at Выполнение бизнес-плана Сверка ПАО Россети все филиалы.Numbers(Выполнение бизнес-плана Сверка ПАО Россети все филиалы:736)
	at Выполнение бизнес-плана Сверка ПАО Россети все филиалы.Filials(Выполнение бизнес-плана Сверка ПАО Россети все филиалы:1337)
	at Выполнение бизнес-плана Сверка ПАО Россети все филиалы.Numbers(Выполнение бизнес-плана Сверка ПАО Россети все филиалы:743)
	at Выполнение бизнес-плана Сверка ПАО Россети все филиалы.run(Выполнение бизнес-плана Сверка ПАО Россети все филиалы:364)
	at com.kms.katalon.core.main.ScriptEngine.run(ScriptEngine.java:194)
	at com.kms.katalon.core.main.ScriptEngine.runScriptAsRawText(ScriptEngine.java:119)
	at com.kms.katalon.core.main.TestCaseExecutor.runScript(TestCaseExecutor.java:448)
	at com.kms.katalon.core.main.TestCaseExecutor.doExecute(TestCaseExecutor.java:439)
	at com.kms.katalon.core.main.TestCaseExecutor.processExecutionPhase(TestCaseExecutor.java:418)
	at com.kms.katalon.core.main.TestCaseExecutor.accessMainPhase(TestCaseExecutor.java:410)
	at com.kms.katalon.core.main.TestCaseExecutor.execute(TestCaseExecutor.java:285)
	at com.kms.katalon.core.common.CommonExecutor.accessTestCaseMainPhase(CommonExecutor.java:65)
	at com.kms.katalon.core.main.TestSuiteExecutor.accessTestSuiteMainPhase(TestSuiteExecutor.java:150)
	at com.kms.katalon.core.main.TestSuiteExecutor.execute(TestSuiteExecutor.java:106)
	at com.kms.katalon.core.main.TestCaseMain.startTestSuite(TestCaseMain.java:180)
	at TempTestSuite1740991900055.run(TempTestSuite1740991900055.groovy:35)
	at java.base/jdk.internal.reflect.NativeMethodAccessorImpl.invoke0(Native Method)
	at java.base/jdk.internal.reflect.NativeMethodAccessorImpl.invoke(NativeMethodAccessorImpl.java:77)
	at java.base/jdk.internal.reflect.DelegatingMethodAccessorImpl.invoke(DelegatingMethodAccessorImpl.java:43)
)

03-03-2025T13:47:08 - [TEST_STEP][PASSED] - println(numberOfErrors): null

03-03-2025T13:47:08 - [TEST_STEP][PASSED] - println("a=" + a): null

03-03-2025T13:47:08 - [TEST_STEP][PASSED] - if (a == 28 || a == 77 || a == 74 || a == 65 || a == 36 || a == 44 || a == 54 || a == 1 || a == 18 || a == 59): null

03-03-2025T13:47:08 - [TEST_STEP][PASSED] - if (a == 82): null

03-03-2025T13:47:08 - [TEST_STEP][PASSED] - filialNum = 0: null

03-03-2025T13:47:08 - [TEST_STEP][PASSED] - if (a == 18): null

03-03-2025T13:47:08 - [TEST_STEP][PASSED] - if (a == 36): null

03-03-2025T13:47:08 - [TEST_STEP][PASSED] - if (a == 44): null

03-03-2025T13:47:08 - [TEST_STEP][PASSED] - if (a == 54): null

03-03-2025T13:47:08 - [TEST_STEP][PASSED] - if (a == 59): null

03-03-2025T13:47:08 - [TEST_STEP][PASSED] - Script1718980020443.OpenFilter(): null

03-03-2025T13:47:08 - [TEST_STEP][PASSED] - click(findTestObject("Object Repository/Выполнение бизнес-плана/Фильтр ДЗО")): Object: 'Object Repository/Выполнение бизнес-плана/Фильтр ДЗО' is clicked on

03-03-2025T13:47:08 - [MESSAGE][PASSED] - Object: 'Object Repository/Выполнение бизнес-плана/Фильтр ДЗО' is clicked on

03-03-2025T13:47:08 - [TEST_STEP][PASSED] - click(findTestObject("Выполнение бизнес-плана/Снять выделение в фильтре ДЗО")): Object: 'Object Repository/Выполнение бизнес-плана/Снять выделение в фильтре ДЗО' is clicked on

03-03-2025T13:47:09 - [MESSAGE][PASSED] - Object: 'Object Repository/Выполнение бизнес-плана/Снять выделение в фильтре ДЗО' is clicked on

03-03-2025T13:47:09 - [TEST_STEP][PASSED] - Script1718980020443.CloseFilter(): null

03-03-2025T13:47:09 - [TEST_STEP][PASSED] - scrollToElement(findTestObject("Выполнение бизнес-плана/Заголовок дашборда"), 30): Scroll to object 'Object Repository/Выполнение бизнес-плана/Заголовок дашборда' successfully

03-03-2025T13:47:09 - [MESSAGE][PASSED] - Scroll to object 'Object Repository/Выполнение бизнес-плана/Заголовок дашборда' successfully

03-03-2025T13:47:09 - [TEST_STEP][PASSED] - click(findTestObject("Object Repository/Выполнение бизнес-плана/Применить в фильтре ДЗО")): Object: 'Object Repository/Выполнение бизнес-плана/Применить в фильтре ДЗО' is clicked on

03-03-2025T13:47:10 - [MESSAGE][PASSED] - Object: 'Object Repository/Выполнение бизнес-плана/Применить в фильтре ДЗО' is clicked on

03-03-2025T13:47:10 - [TEST_STEP][PASSED] - delay(60): Delayed 60 second(s)

03-03-2025T13:48:10 - [MESSAGE][PASSED] - Delayed 60 second(s)

03-03-2025T13:48:10 - [TEST_STEP][PASSED] - if (a == 82): null

03-03-2025T13:48:10 - [TEST_STEP][PASSED] - println(dzoNum): null

03-03-2025T13:48:10 - [TEST_STEP][PASSED] - dZO = "Россети Центр и Приволжье (ГК)": null

03-03-2025T13:48:10 - [TEST_STEP][PASSED] - a = 18: null

03-03-2025T13:48:10 - [TEST_STEP][PASSED] - if (x1.contains("Приволжье")): null

03-03-2025T13:48:10 - [TEST_STEP][PASSED] - dzoNum = dzoNum + 1: null

03-03-2025T13:48:10 - [TEST_STEP][PASSED] - Script1718980020443.Numbers(a, typeOfData, todaysDate, pageInt, fileInt, pageDouble, fileDouble, dZO, dzoNum, filialNum): null

03-03-2025T13:48:10 - [TEST_STEP][PASSED] - println(dzoNum): null

03-03-2025T13:48:10 - [TEST_STEP][PASSED] - planFact = <not implemented yet for class: org.codehaus.groovy.ast.expr.EmptyExpression>: null

03-03-2025T13:48:10 - [TEST_STEP][PASSED] - page = <not implemented yet for class: org.codehaus.groovy.ast.expr.EmptyExpression>: null

03-03-2025T13:48:10 - [TEST_STEP][PASSED] - page1 = <not implemented yet for class: org.codehaus.groovy.ast.expr.EmptyExpression>: null

03-03-2025T13:48:10 - [TEST_STEP][PASSED] - page2 = <not implemented yet for class: org.codehaus.groovy.ast.expr.EmptyExpression>: null

03-03-2025T13:48:10 - [TEST_STEP][PASSED] - filialNumberInRow = <not implemented yet for class: org.codehaus.groovy.ast.expr.EmptyExpression>: null

03-03-2025T13:48:10 - [TEST_STEP][PASSED] - filialsDzoNames = <not implemented yet for class: org.codehaus.groovy.ast.expr.EmptyExpression>: null

03-03-2025T13:48:10 - [TEST_STEP][PASSED] - numberOfFilials = <not implemented yet for class: org.codehaus.groovy.ast.expr.EmptyExpression>: null

03-03-2025T13:48:10 - [TEST_STEP][PASSED] - numberOfSpaces = <not implemented yet for class: org.codehaus.groovy.ast.expr.EmptyExpression>: null

03-03-2025T13:48:10 - [TEST_STEP][PASSED] - file = <not implemented yet for class: org.codehaus.groovy.ast.expr.EmptyExpression>: null

03-03-2025T13:48:10 - [TEST_STEP][PASSED] - otpusk = <not implemented yet for class: org.codehaus.groovy.ast.expr.EmptyExpression>: null

03-03-2025T13:48:10 - [TEST_STEP][PASSED] - poteri = <not implemented yet for class: org.codehaus.groovy.ast.expr.EmptyExpression>: null

03-03-2025T13:48:10 - [TEST_STEP][PASSED] - dataFolder = "Выполнение бизнес-плана/Значения со страницы Выполнение бизнес-плана/": null

03-03-2025T13:48:10 - [TEST_STEP][PASSED] - path = <not implemented yet for class: org.codehaus.groovy.ast.expr.EmptyExpression>: null

03-03-2025T13:48:10 - [TEST_STEP][PASSED] - typeOfDataMain = <not implemented yet for class: org.codehaus.groovy.ast.expr.EmptyExpression>: null

03-03-2025T13:48:10 - [TEST_STEP][PASSED] - fileOtpuskVSet = <not implemented yet for class: org.codehaus.groovy.ast.expr.EmptyExpression>: null

03-03-2025T13:48:10 - [TEST_STEP][PASSED] - pageOtpuskVSet = <not implemented yet for class: org.codehaus.groovy.ast.expr.EmptyExpression>: null

03-03-2025T13:48:10 - [TEST_STEP][PASSED] - filePoteri = <not implemented yet for class: org.codehaus.groovy.ast.expr.EmptyExpression>: null

03-03-2025T13:48:10 - [TEST_STEP][PASSED] - pagePoteri = <not implemented yet for class: org.codehaus.groovy.ast.expr.EmptyExpression>: null

03-03-2025T13:48:10 - [TEST_STEP][PASSED] - compare = <not implemented yet for class: org.codehaus.groovy.ast.expr.EmptyExpression>: null

03-03-2025T13:48:10 - [TEST_STEP][PASSED] - b = <not implemented yet for class: org.codehaus.groovy.ast.expr.EmptyExpression>: null

03-03-2025T13:48:10 - [TEST_STEP][PASSED] - i = <not implemented yet for class: org.codehaus.groovy.ast.expr.EmptyExpression>: null

03-03-2025T13:48:10 - [TEST_STEP][PASSED] - ii = <not implemented yet for class: org.codehaus.groovy.ast.expr.EmptyExpression>: null

03-03-2025T13:48:10 - [TEST_STEP][PASSED] - c = <not implemented yet for class: org.codehaus.groovy.ast.expr.EmptyExpression>: null

03-03-2025T13:48:10 - [TEST_STEP][PASSED] - numberOfErrors = 0: null

03-03-2025T13:48:10 - [TEST_STEP][PASSED] - if (a == 82): null

03-03-2025T13:48:10 - [TEST_STEP][PASSED] - b = findTestData("PlanFact").getValue(1, a): null

03-03-2025T13:48:10 - [TEST_STEP][PASSED] - i = b.indexOf(" (ГК)"): null

03-03-2025T13:48:10 - [TEST_STEP][PASSED] - if (i > -1): null

03-03-2025T13:48:10 - [TEST_STEP][PASSED] - b = b.substring(0, i): null

03-03-2025T13:48:10 - [TEST_STEP][PASSED] - i = b.indexOf("О ""): null

03-03-2025T13:48:10 - [TEST_STEP][PASSED] - if (i > -1): null

03-03-2025T13:48:10 - [TEST_STEP][PASSED] - i = b.indexOf("О «"): null

03-03-2025T13:48:10 - [TEST_STEP][PASSED] - if (i > -1): null

03-03-2025T13:48:10 - [TEST_STEP][PASSED] - i = b.indexOf("г. "): null

03-03-2025T13:48:10 - [TEST_STEP][PASSED] - if (i > -1): null

03-03-2025T13:48:10 - [TEST_STEP][PASSED] - b = b.trim(): null

03-03-2025T13:48:10 - [TEST_STEP][PASSED] - println(b): null

03-03-2025T13:48:10 - [TEST_STEP][PASSED] - for ([planFact = 1, planFact < 3, (planFact++)]): null

03-03-2025T13:48:10 - [TEST_STEP][PASSED] - if (planFact == 1): null

03-03-2025T13:48:10 - [TEST_STEP][PASSED] - typeOfDataMain = "Факт": null

03-03-2025T13:48:10 - [TEST_STEP][PASSED] - otpusk = findTestData("PlanFact").getValue(5, a): null

03-03-2025T13:48:10 - [TEST_STEP][PASSED] - poteri = findTestData("PlanFact").getValue(6, a): null

03-03-2025T13:48:10 - [TEST_STEP][PASSED] - otpusk = otpusk.replaceAll("\s+", ""): null

03-03-2025T13:48:10 - [TEST_STEP][PASSED] - poteri = poteri.replaceAll("\s+", ""): null

03-03-2025T13:48:10 - [TEST_STEP][PASSED] - typeOfData = typeOfDataMain + " Отпуск в сеть": null

03-03-2025T13:48:10 - [TEST_STEP][PASSED] - if (a == 82): null

03-03-2025T13:48:10 - [TEST_STEP][PASSED] - else if (a == 84): null

03-03-2025T13:48:10 - [TEST_STEP][PASSED] - else if (a == 83 || a == 52 || a == 72 || a == 28 || a == 73 || a == 77 || a == 74 || a == 65 || a == 36 || a == 44 || a == 53 || a == 80 || a == 54 || a == 1 || a == 18 || a == 59 || a == 81): null

03-03-2025T13:48:10 - [TEST_STEP][PASSED] - path = dataFolder + "Table Data/" + typeOfData + " за отчётный период " + dzoNum: null

03-03-2025T13:48:10 - [TEST_STEP][PASSED] - println(path): null

03-03-2025T13:48:10 - [TEST_STEP][PASSED] - page = getText(findTestObject(path)): Text of object 'Object Repository/Выполнение бизнес-плана/Значения со страницы Выполнение бизнес-плана/Table Data/Факт Отпуск в сеть за отчётный период 15' is: '55 815 923'

03-03-2025T13:48:11 - [MESSAGE][PASSED] - Text of object 'Object Repository/Выполнение бизнес-плана/Значения со страницы Выполнение бизнес-плана/Table Data/Факт Отпуск в сеть за отчётный период 15' is: '55 815 923'

03-03-2025T13:48:11 - [TEST_STEP][PASSED] - if (page == "" || page == null): null

03-03-2025T13:48:11 - [TEST_STEP][PASSED] - else: null

03-03-2025T13:48:11 - [TEST_STEP][PASSED] - page = page.replaceAll("\s+", ""): null

03-03-2025T13:48:11 - [TEST_STEP][PASSED] - fileOtpuskVSet = otpusk.toInteger(): null

03-03-2025T13:48:11 - [TEST_STEP][PASSED] - pageOtpuskVSet = page.toInteger(): null

03-03-2025T13:48:11 - [TEST_STEP][PASSED] - typeOfData = typeOfDataMain + " Потери": null

03-03-2025T13:48:11 - [TEST_STEP][PASSED] - if (a == 82): null

03-03-2025T13:48:11 - [TEST_STEP][PASSED] - else if (a == 84): null

03-03-2025T13:48:11 - [TEST_STEP][PASSED] - else if (a == 83 || a == 52 || a == 72 || a == 28 || a == 73 || a == 77 || a == 74 || a == 65 || a == 44 || a == 53 || a == 80 || a == 54 || a == 1 || a == 18 || a == 59 || a == 81): null

03-03-2025T13:48:11 - [TEST_STEP][PASSED] - path = dataFolder + "Table Data/" + typeOfData + " за отчётный период " + dzoNum: null

03-03-2025T13:48:11 - [TEST_STEP][PASSED] - page = getText(findTestObject(path)): Text of object 'Object Repository/Выполнение бизнес-плана/Значения со страницы Выполнение бизнес-плана/Table Data/Факт Потери за отчётный период 15' is: '4 023 609'

03-03-2025T13:48:11 - [MESSAGE][PASSED] - Text of object 'Object Repository/Выполнение бизнес-плана/Значения со страницы Выполнение бизнес-плана/Table Data/Факт Потери за отчётный период 15' is: '4 023 609'

03-03-2025T13:48:11 - [TEST_STEP][PASSED] - if (page == "" || page == null): null

03-03-2025T13:48:11 - [TEST_STEP][PASSED] - else: null

03-03-2025T13:48:11 - [TEST_STEP][PASSED] - page = page.replaceAll("\s+", ""): null

03-03-2025T13:48:11 - [TEST_STEP][PASSED] - filePoteri = poteri.toInteger(): null

03-03-2025T13:48:11 - [TEST_STEP][PASSED] - pagePoteri = page.toInteger(): null

03-03-2025T13:48:11 - [TEST_STEP][PASSED] - compare = pageOtpuskVSet: null

03-03-2025T13:48:11 - [TEST_STEP][PASSED] - if (pageOtpuskVSet != null): null

03-03-2025T13:48:11 - [TEST_STEP][PASSED] - if (compare == fileOtpuskVSet): null

03-03-2025T13:48:11 - [TEST_STEP][PASSED] - else if (compare > fileOtpuskVSet): null

03-03-2025T13:48:11 - [TEST_STEP][PASSED] - else if (compare < fileOtpuskVSet): null

03-03-2025T13:48:11 - [TEST_STEP][PASSED] - compare = compare + 1: null

03-03-2025T13:48:11 - [TEST_STEP][PASSED] - if (compare == fileOtpuskVSet): null

03-03-2025T13:48:11 - [TEST_STEP][PASSED] - else: null

03-03-2025T13:48:11 - [TEST_STEP][PASSED] - numberOfErrors = numberOfErrors + 1: null

03-03-2025T13:48:11 - [TEST_STEP][PASSED] - pageInt = pageOtpuskVSet: null

03-03-2025T13:48:11 - [TEST_STEP][PASSED] - fileInt = fileOtpuskVSet: null

03-03-2025T13:48:11 - [TEST_STEP][PASSED] - typeOfData = typeOfDataMain + " Отпуск в сеть": null

03-03-2025T13:48:11 - [TEST_STEP][PASSED] - Script1718980020443.WriteToExcel(a, typeOfData, todaysDate, pageInt, fileInt, pageDouble, fileDouble, dZO): null

03-03-2025T13:48:11 - [TEST_STEP][PASSED] - sheetName = "Sheet1": null

03-03-2025T13:48:11 - [TEST_STEP][PASSED] - data = findTestData("PlanFact"): null

03-03-2025T13:48:11 - [TEST_STEP][PASSED] - n = data.getRowNumbers() + 1: null

03-03-2025T13:48:11 - [TEST_STEP][PASSED] - day = ")).toInteger(): null

03-03-2025T13:48:11 - [TEST_STEP][PASSED] - println(day): null

03-03-2025T13:48:11 - [TEST_STEP][PASSED] - month = ")).toInteger(): null

03-03-2025T13:48:11 - [TEST_STEP][PASSED] - println(month): null

03-03-2025T13:48:11 - [TEST_STEP][PASSED] - y = <not implemented yet for class: org.codehaus.groovy.ast.expr.EmptyExpression>: null

03-03-2025T13:48:11 - [TEST_STEP][PASSED] - iy = <not implemented yet for class: org.codehaus.groovy.ast.expr.EmptyExpression>: null

03-03-2025T13:48:11 - [TEST_STEP][PASSED] - m = getText(findTestObject("Выполнение бизнес-плана/Период")): Text of object 'Object Repository/Выполнение бизнес-плана/Период' is: '2024 год'

03-03-2025T13:48:11 - [MESSAGE][PASSED] - Text of object 'Object Repository/Выполнение бизнес-плана/Период' is: '2024 год'

03-03-2025T13:48:11 - [TEST_STEP][PASSED] - iy = m.indexOf("20"): null

03-03-2025T13:48:11 - [TEST_STEP][PASSED] - if (iy > -1): null

03-03-2025T13:48:11 - [TEST_STEP][PASSED] - y = substring(iy, iy + 4).toInteger(): null

03-03-2025T13:48:11 - [TEST_STEP][PASSED] - println(y): null

03-03-2025T13:48:11 - [TEST_STEP][PASSED] - if (toString().length() == 4): null

03-03-2025T13:48:11 - [TEST_STEP][PASSED] - m = m.substring(0, m.indexOf(y.toString())): null

03-03-2025T13:48:11 - [TEST_STEP][PASSED] - m = m.trim(): null

03-03-2025T13:48:11 - [TEST_STEP][PASSED] - if (m == ""): null

03-03-2025T13:48:11 - [TEST_STEP][PASSED] - m = "весь год": null

03-03-2025T13:48:11 - [TEST_STEP][PASSED] - dashboardName = "Выполнение бизнес-плана": null

03-03-2025T13:48:11 - [TEST_STEP][PASSED] - workbook01 = getWorkbook(excelFilePath): null

03-03-2025T13:48:11 - [TEST_STEP][PASSED] - sheet01 = getExcelSheet(workbook01, sheetName): null

03-03-2025T13:48:11 - [TEST_STEP][PASSED] - setValueToCellByIndex(sheet01, n, 0, dashboardName): null

03-03-2025T13:48:11 - [TEST_STEP][PASSED] - setValueToCellByIndex(sheet01, n, 1, dZO): null

03-03-2025T13:48:11 - [TEST_STEP][PASSED] - setValueToCellByIndex(sheet01, n, 2, typeOfData): null

03-03-2025T13:48:11 - [TEST_STEP][PASSED] - if (typeOfData == "Факт в процентах" || typeOfData == "План в процентах"): null

03-03-2025T13:48:11 - [TEST_STEP][PASSED] - else: null

03-03-2025T13:48:11 - [TEST_STEP][PASSED] - setValueToCellByIndex(sheet01, n, 3, fileInt): null

03-03-2025T13:48:11 - [TEST_STEP][PASSED] - setValueToCellByIndex(sheet01, n, 4, pageInt): null

03-03-2025T13:48:11 - [TEST_STEP][PASSED] - setValueToCellByIndex(sheet01, n, 5, m): null

03-03-2025T13:48:11 - [TEST_STEP][PASSED] - setValueToCellByIndex(sheet01, n, 6, y): null

03-03-2025T13:48:11 - [TEST_STEP][PASSED] - setValueToCellByIndex(sheet01, n, 7, todaysDate): null

03-03-2025T13:48:11 - [TEST_STEP][PASSED] - n = n + 1: null

03-03-2025T13:48:11 - [TEST_STEP][PASSED] - saveWorkbook(excelFilePath, workbook01): null

03-03-2025T13:48:11 - [TEST_STEP][PASSED] - compare = pagePoteri: null

03-03-2025T13:48:11 - [TEST_STEP][PASSED] - if (pageOtpuskVSet != null): null

03-03-2025T13:48:11 - [TEST_STEP][PASSED] - if (compare == filePoteri): null

03-03-2025T13:48:11 - [TEST_STEP][PASSED] - else if (compare > filePoteri): null

03-03-2025T13:48:11 - [TEST_STEP][PASSED] - else if (compare < filePoteri): null

03-03-2025T13:48:11 - [TEST_STEP][PASSED] - compare = compare + 1: null

03-03-2025T13:48:11 - [TEST_STEP][PASSED] - if (compare == filePoteri): null

03-03-2025T13:48:11 - [TEST_STEP][PASSED] - else: null

03-03-2025T13:48:11 - [TEST_STEP][PASSED] - numberOfErrors = numberOfErrors + 1: null

03-03-2025T13:48:11 - [TEST_STEP][PASSED] - pageInt = pagePoteri: null

03-03-2025T13:48:11 - [TEST_STEP][PASSED] - fileInt = filePoteri: null

03-03-2025T13:48:11 - [TEST_STEP][PASSED] - typeOfData = typeOfDataMain + " Потери": null

03-03-2025T13:48:11 - [TEST_STEP][PASSED] - Script1718980020443.WriteToExcel(a, typeOfData, todaysDate, pageInt, fileInt, pageDouble, fileDouble, dZO): null

03-03-2025T13:48:11 - [TEST_STEP][PASSED] - sheetName = "Sheet1": null

03-03-2025T13:48:11 - [TEST_STEP][PASSED] - data = findTestData("PlanFact"): null

03-03-2025T13:48:12 - [TEST_STEP][PASSED] - n = data.getRowNumbers() + 1: null

03-03-2025T13:48:12 - [TEST_STEP][PASSED] - day = ")).toInteger(): null

03-03-2025T13:48:12 - [TEST_STEP][PASSED] - println(day): null

03-03-2025T13:48:12 - [TEST_STEP][PASSED] - month = ")).toInteger(): null

03-03-2025T13:48:12 - [TEST_STEP][PASSED] - println(month): null

03-03-2025T13:48:12 - [TEST_STEP][PASSED] - y = <not implemented yet for class: org.codehaus.groovy.ast.expr.EmptyExpression>: null

03-03-2025T13:48:12 - [TEST_STEP][PASSED] - iy = <not implemented yet for class: org.codehaus.groovy.ast.expr.EmptyExpression>: null

03-03-2025T13:48:12 - [TEST_STEP][PASSED] - m = getText(findTestObject("Выполнение бизнес-плана/Период")): Text of object 'Object Repository/Выполнение бизнес-плана/Период' is: '2024 год'

03-03-2025T13:48:12 - [MESSAGE][PASSED] - Text of object 'Object Repository/Выполнение бизнес-плана/Период' is: '2024 год'

03-03-2025T13:48:12 - [TEST_STEP][PASSED] - iy = m.indexOf("20"): null

03-03-2025T13:48:12 - [TEST_STEP][PASSED] - if (iy > -1): null

03-03-2025T13:48:12 - [TEST_STEP][PASSED] - y = substring(iy, iy + 4).toInteger(): null

03-03-2025T13:48:12 - [TEST_STEP][PASSED] - println(y): null

03-03-2025T13:48:12 - [TEST_STEP][PASSED] - if (toString().length() == 4): null

03-03-2025T13:48:12 - [TEST_STEP][PASSED] - m = m.substring(0, m.indexOf(y.toString())): null

03-03-2025T13:48:12 - [TEST_STEP][PASSED] - m = m.trim(): null

03-03-2025T13:48:12 - [TEST_STEP][PASSED] - if (m == ""): null

03-03-2025T13:48:12 - [TEST_STEP][PASSED] - m = "весь год": null

03-03-2025T13:48:12 - [TEST_STEP][PASSED] - dashboardName = "Выполнение бизнес-плана": null

03-03-2025T13:48:12 - [TEST_STEP][PASSED] - workbook01 = getWorkbook(excelFilePath): null

03-03-2025T13:48:12 - [TEST_STEP][PASSED] - sheet01 = getExcelSheet(workbook01, sheetName): null

03-03-2025T13:48:12 - [TEST_STEP][PASSED] - setValueToCellByIndex(sheet01, n, 0, dashboardName): null

03-03-2025T13:48:12 - [TEST_STEP][PASSED] - setValueToCellByIndex(sheet01, n, 1, dZO): null

03-03-2025T13:48:12 - [TEST_STEP][PASSED] - setValueToCellByIndex(sheet01, n, 2, typeOfData): null

03-03-2025T13:48:12 - [TEST_STEP][PASSED] - if (typeOfData == "Факт в процентах" || typeOfData == "План в процентах"): null

03-03-2025T13:48:12 - [TEST_STEP][PASSED] - else: null

03-03-2025T13:48:12 - [TEST_STEP][PASSED] - setValueToCellByIndex(sheet01, n, 3, fileInt): null

03-03-2025T13:48:12 - [TEST_STEP][PASSED] - setValueToCellByIndex(sheet01, n, 4, pageInt): null

03-03-2025T13:48:12 - [TEST_STEP][PASSED] - setValueToCellByIndex(sheet01, n, 5, m): null

03-03-2025T13:48:12 - [TEST_STEP][PASSED] - setValueToCellByIndex(sheet01, n, 6, y): null

03-03-2025T13:48:12 - [TEST_STEP][PASSED] - setValueToCellByIndex(sheet01, n, 7, todaysDate): null

03-03-2025T13:48:12 - [TEST_STEP][PASSED] - n = n + 1: null

03-03-2025T13:48:12 - [TEST_STEP][PASSED] - saveWorkbook(excelFilePath, workbook01): Object: 'Object Repository/Выполнение бизнес-плана/Кнопка Факт' is clicked on

03-03-2025T13:48:12 - [TEST_STEP][PASSED] - if (planFact == 2): null

03-03-2025T13:48:12 - [TEST_STEP][PASSED] - if (planFact == 1): null

03-03-2025T13:48:12 - [TEST_STEP][PASSED] - else if (planFact == 2): null

03-03-2025T13:48:12 - [TEST_STEP][PASSED] - click(findTestObject("Выполнение бизнес-плана/Кнопка План")): Object: 'Object Repository/Выполнение бизнес-плана/Кнопка План' is clicked on

03-03-2025T13:48:12 - [MESSAGE][PASSED] - Object: 'Object Repository/Выполнение бизнес-плана/Кнопка План' is clicked on

03-03-2025T13:48:12 - [TEST_STEP][PASSED] - typeOfDataMain = "План": null

03-03-2025T13:48:12 - [TEST_STEP][PASSED] - otpusk = findTestData("PlanFact").getValue(2, a): null

03-03-2025T13:48:12 - [TEST_STEP][PASSED] - poteri = findTestData("PlanFact").getValue(3, a): null

03-03-2025T13:48:12 - [TEST_STEP][PASSED] - otpusk = otpusk.replaceAll("\s+", ""): null

03-03-2025T13:48:12 - [TEST_STEP][PASSED] - poteri = poteri.replaceAll("\s+", ""): null

03-03-2025T13:48:12 - [TEST_STEP][PASSED] - typeOfData = typeOfDataMain + " Отпуск в сеть": null

03-03-2025T13:48:12 - [TEST_STEP][PASSED] - if (a == 82): null

03-03-2025T13:48:12 - [TEST_STEP][PASSED] - else if (a == 84): null

03-03-2025T13:48:12 - [TEST_STEP][PASSED] - else if (a == 83 || a == 52 || a == 72 || a == 28 || a == 73 || a == 77 || a == 74 || a == 65 || a == 36 || a == 44 || a == 53 || a == 80 || a == 54 || a == 1 || a == 18 || a == 59 || a == 81): null

03-03-2025T13:48:12 - [TEST_STEP][PASSED] - path = dataFolder + "Table Data/" + typeOfData + " за отчётный период " + dzoNum: null

03-03-2025T13:48:12 - [TEST_STEP][PASSED] - println(path): null

03-03-2025T13:48:12 - [TEST_STEP][PASSED] - page = getText(findTestObject(path)): Text of object 'Object Repository/Выполнение бизнес-плана/Значения со страницы Выполнение бизнес-плана/Table Data/План Отпуск в сеть за отчётный период 15' is: '54 005 476'

03-03-2025T13:48:13 - [MESSAGE][PASSED] - Text of object 'Object Repository/Выполнение бизнес-плана/Значения со страницы Выполнение бизнес-плана/Table Data/План Отпуск в сеть за отчётный период 15' is: '54 005 476'

03-03-2025T13:48:13 - [TEST_STEP][PASSED] - if (page == "" || page == null): null

03-03-2025T13:48:13 - [TEST_STEP][PASSED] - else: null

03-03-2025T13:48:13 - [TEST_STEP][PASSED] - page = page.replaceAll("\s+", ""): null

03-03-2025T13:48:13 - [TEST_STEP][PASSED] - fileOtpuskVSet = otpusk.toInteger(): null

03-03-2025T13:48:13 - [TEST_STEP][PASSED] - pageOtpuskVSet = page.toInteger(): null

03-03-2025T13:48:13 - [TEST_STEP][PASSED] - typeOfData = typeOfDataMain + " Потери": null

03-03-2025T13:48:13 - [TEST_STEP][PASSED] - if (a == 82): null

03-03-2025T13:48:13 - [TEST_STEP][PASSED] - else if (a == 84): null

03-03-2025T13:48:13 - [TEST_STEP][PASSED] - else if (a == 83 || a == 52 || a == 72 || a == 28 || a == 73 || a == 77 || a == 74 || a == 65 || a == 44 || a == 53 || a == 80 || a == 54 || a == 1 || a == 18 || a == 59 || a == 81): null

03-03-2025T13:48:13 - [TEST_STEP][PASSED] - path = dataFolder + "Table Data/" + typeOfData + " за отчётный период " + dzoNum: null

03-03-2025T13:48:13 - [TEST_STEP][PASSED] - page = getText(findTestObject(path)): Text of object 'Object Repository/Выполнение бизнес-плана/Значения со страницы Выполнение бизнес-плана/Table Data/План Потери за отчётный период 15' is: '3 988 040'

03-03-2025T13:48:13 - [MESSAGE][PASSED] - Text of object 'Object Repository/Выполнение бизнес-плана/Значения со страницы Выполнение бизнес-плана/Table Data/План Потери за отчётный период 15' is: '3 988 040'

03-03-2025T13:48:13 - [TEST_STEP][PASSED] - if (page == "" || page == null): null

03-03-2025T13:48:13 - [TEST_STEP][PASSED] - else: null

03-03-2025T13:48:13 - [TEST_STEP][PASSED] - page = page.replaceAll("\s+", ""): null

03-03-2025T13:48:13 - [TEST_STEP][PASSED] - filePoteri = poteri.toInteger(): null

03-03-2025T13:48:13 - [TEST_STEP][PASSED] - pagePoteri = page.toInteger(): null

03-03-2025T13:48:13 - [TEST_STEP][PASSED] - compare = pageOtpuskVSet: null

03-03-2025T13:48:13 - [TEST_STEP][PASSED] - if (pageOtpuskVSet != null): null

03-03-2025T13:48:13 - [TEST_STEP][PASSED] - if (compare == fileOtpuskVSet): null

03-03-2025T13:48:13 - [TEST_STEP][PASSED] - if (compare == fileOtpuskVSet): null

03-03-2025T13:48:13 - [TEST_STEP][PASSED] - compare = pagePoteri: null

03-03-2025T13:48:13 - [TEST_STEP][PASSED] - if (pageOtpuskVSet != null): null

03-03-2025T13:48:13 - [TEST_STEP][PASSED] - if (compare == filePoteri): null

03-03-2025T13:48:13 - [TEST_STEP][PASSED] - if (compare == filePoteri): null

03-03-2025T13:48:13 - [TEST_STEP][PASSED] - if (planFact == 2): Object: 'Object Repository/Выполнение бизнес-плана/Кнопка Факт' is clicked on

03-03-2025T13:48:13 - [TEST_STEP][PASSED] - click(findTestObject("Выполнение бизнес-плана/Кнопка Факт")): Object: 'Object Repository/Выполнение бизнес-плана/Кнопка Факт' is clicked on

03-03-2025T13:48:14 - [MESSAGE][PASSED] - Object: 'Object Repository/Выполнение бизнес-плана/Кнопка Факт' is clicked on

03-03-2025T13:48:14 - [TEST_STEP][PASSED] - println("a=" + a): null

03-03-2025T13:48:14 - [TEST_STEP][PASSED] - if (a == 84 || a == 82): null

03-03-2025T13:48:14 - [TEST_STEP][PASSED] - else if (a == 83 || a == 52 || a == 72 || a == 28 || a == 73 || a == 77 || a == 74 || a == 65 || a == 36 || a == 44 || a == 53 || a == 80 || a == 54 || a == 1 || a == 18 || a == 59 || a == 81): null

03-03-2025T13:48:14 - [TEST_STEP][PASSED] - page1 = getText(findTestObject("Object Repository/Выполнение бизнес-плана/spanPlan" + dzoNum)): Text of object 'Object Repository/Выполнение бизнес-плана/spanPlan15' is: '7.38
|'

03-03-2025T13:48:14 - [MESSAGE][PASSED] - Text of object 'Object Repository/Выполнение бизнес-плана/spanPlan15' is: '7.38
|'

03-03-2025T13:48:14 - [TEST_STEP][PASSED] - page1 = page1.replace("|", ""): null

03-03-2025T13:48:14 - [TEST_STEP][PASSED] - page2 = getText(findTestObject("Object Repository/Выполнение бизнес-плана/spanFact" + dzoNum)): Text of object 'Object Repository/Выполнение бизнес-плана/spanFact15' is: '7.21'

03-03-2025T13:48:14 - [MESSAGE][PASSED] - Text of object 'Object Repository/Выполнение бизнес-плана/spanFact15' is: '7.21'

03-03-2025T13:48:14 - [TEST_STEP][PASSED] - page2 = page2.replace("|", ""): null

03-03-2025T13:48:14 - [TEST_STEP][PASSED] - println("page1: " + page1): null

03-03-2025T13:48:14 - [TEST_STEP][PASSED] - println("page2: " + page2): null

03-03-2025T13:48:14 - [TEST_STEP][PASSED] - file = findTestData("PlanFact").getValue(4, a): null

03-03-2025T13:48:14 - [TEST_STEP][PASSED] - file = file.replace(",", "."): null

03-03-2025T13:48:14 - [TEST_STEP][PASSED] - println("file Plan: " + file): null

03-03-2025T13:48:14 - [TEST_STEP][PASSED] - typeOfData = "План в процентах": null

03-03-2025T13:48:14 - [TEST_STEP][PASSED] - fileDouble = file.toDouble(): null

03-03-2025T13:48:14 - [TEST_STEP][PASSED] - pageDouble = page1.toDouble(): null

03-03-2025T13:48:14 - [TEST_STEP][PASSED] - if (fileDouble != pageDouble): null

03-03-2025T13:48:14 - [TEST_STEP][PASSED] - file = findTestData("PlanFact").getValue(7, a): null

03-03-2025T13:48:14 - [TEST_STEP][PASSED] - file = file.replace(",", "."): null

03-03-2025T13:48:14 - [TEST_STEP][PASSED] - println("file Fact: " + file): null

03-03-2025T13:48:14 - [TEST_STEP][PASSED] - fileDouble = file.toDouble(): null

03-03-2025T13:48:14 - [TEST_STEP][PASSED] - typeOfData = "Факт в процентах": null

03-03-2025T13:48:14 - [TEST_STEP][PASSED] - fileDouble = file.toDouble(): null

03-03-2025T13:48:14 - [TEST_STEP][PASSED] - pageDouble = page2.toDouble(): null

03-03-2025T13:48:14 - [TEST_STEP][PASSED] - if (fileDouble != pageDouble): null

03-03-2025T13:48:14 - [TEST_STEP][PASSED] - numberOfErrors = numberOfErrors + 1: null

03-03-2025T13:48:14 - [TEST_STEP][PASSED] - Script1718980020443.WriteToExcel(a, typeOfData, todaysDate, pageInt, fileInt, pageDouble, fileDouble, dZO): null

03-03-2025T13:48:14 - [TEST_STEP][PASSED] - sheetName = "Sheet1": null

03-03-2025T13:48:14 - [TEST_STEP][PASSED] - data = findTestData("PlanFact"): null

03-03-2025T13:48:14 - [TEST_STEP][PASSED] - n = data.getRowNumbers() + 1: null

03-03-2025T13:48:14 - [TEST_STEP][PASSED] - day = ")).toInteger(): null

03-03-2025T13:48:14 - [TEST_STEP][PASSED] - println(day): null

03-03-2025T13:48:14 - [TEST_STEP][PASSED] - month = ")).toInteger(): null

03-03-2025T13:48:14 - [TEST_STEP][PASSED] - println(month): null

03-03-2025T13:48:14 - [TEST_STEP][PASSED] - y = <not implemented yet for class: org.codehaus.groovy.ast.expr.EmptyExpression>: null

03-03-2025T13:48:14 - [TEST_STEP][PASSED] - iy = <not implemented yet for class: org.codehaus.groovy.ast.expr.EmptyExpression>: null

03-03-2025T13:48:14 - [TEST_STEP][PASSED] - m = getText(findTestObject("Выполнение бизнес-плана/Период")): Text of object 'Object Repository/Выполнение бизнес-плана/Период' is: '2024 год'

03-03-2025T13:48:15 - [MESSAGE][PASSED] - Text of object 'Object Repository/Выполнение бизнес-плана/Период' is: '2024 год'

03-03-2025T13:48:15 - [TEST_STEP][PASSED] - iy = m.indexOf("20"): null

03-03-2025T13:48:15 - [TEST_STEP][PASSED] - if (iy > -1): null

03-03-2025T13:48:15 - [TEST_STEP][PASSED] - y = substring(iy, iy + 4).toInteger(): null

03-03-2025T13:48:15 - [TEST_STEP][PASSED] - println(y): null

03-03-2025T13:48:15 - [TEST_STEP][PASSED] - if (toString().length() == 4): null

03-03-2025T13:48:15 - [TEST_STEP][PASSED] - m = m.substring(0, m.indexOf(y.toString())): null

03-03-2025T13:48:15 - [TEST_STEP][PASSED] - m = m.trim(): null

03-03-2025T13:48:15 - [TEST_STEP][PASSED] - if (m == ""): null

03-03-2025T13:48:15 - [TEST_STEP][PASSED] - m = "весь год": null

03-03-2025T13:48:15 - [TEST_STEP][PASSED] - dashboardName = "Выполнение бизнес-плана": null

03-03-2025T13:48:15 - [TEST_STEP][PASSED] - workbook01 = getWorkbook(excelFilePath): null

03-03-2025T13:48:15 - [TEST_STEP][PASSED] - sheet01 = getExcelSheet(workbook01, sheetName): null

03-03-2025T13:48:15 - [TEST_STEP][PASSED] - setValueToCellByIndex(sheet01, n, 0, dashboardName): null

03-03-2025T13:48:15 - [TEST_STEP][PASSED] - setValueToCellByIndex(sheet01, n, 1, dZO): null

03-03-2025T13:48:15 - [TEST_STEP][PASSED] - setValueToCellByIndex(sheet01, n, 2, typeOfData): null

03-03-2025T13:48:15 - [TEST_STEP][PASSED] - if (typeOfData == "Факт в процентах" || typeOfData == "План в процентах"): null

03-03-2025T13:48:15 - [TEST_STEP][PASSED] - setValueToCellByIndex(sheet01, n, 3, fileDouble): null

03-03-2025T13:48:15 - [TEST_STEP][PASSED] - setValueToCellByIndex(sheet01, n, 4, pageDouble): null

03-03-2025T13:48:15 - [TEST_STEP][PASSED] - setValueToCellByIndex(sheet01, n, 5, m): null

03-03-2025T13:48:15 - [TEST_STEP][PASSED] - setValueToCellByIndex(sheet01, n, 6, y): null

03-03-2025T13:48:15 - [TEST_STEP][PASSED] - setValueToCellByIndex(sheet01, n, 7, todaysDate): null

03-03-2025T13:48:15 - [TEST_STEP][PASSED] - n = n + 1: null

03-03-2025T13:48:15 - [TEST_STEP][PASSED] - saveWorkbook(excelFilePath, workbook01): null

03-03-2025T13:48:15 - [TEST_STEP][FAILED] - if (verifyEqual(numberOfErrors, 0) == false): null

03-03-2025T13:48:15 - [MESSAGE][FAILED] - Unable to verify equal between actual object '3' and expected object '0' (Root cause: com.kms.katalon.core.exception.StepFailedException: Actual object '3' and expected object '0' are not equal
	at com.kms.katalon.core.keyword.builtin.VerifyEqualKeyword$_verifyEqual_closure1.doCall(VerifyEqualKeyword.groovy:58)
	at com.kms.katalon.core.keyword.builtin.VerifyEqualKeyword$_verifyEqual_closure1.call(VerifyEqualKeyword.groovy)
	at com.kms.katalon.core.keyword.internal.KeywordMain.runKeyword(KeywordMain.groovy:75)
	at com.kms.katalon.core.keyword.builtin.VerifyEqualKeyword.verifyEqual(VerifyEqualKeyword.groovy:63)
	at com.kms.katalon.core.keyword.builtin.VerifyEqualKeyword.execute(VerifyEqualKeyword.groovy:44)
	at com.kms.katalon.core.keyword.internal.KeywordExecutor.executeKeywordForPlatform(KeywordExecutor.groovy:74)
	at com.kms.katalon.core.keyword.BuiltinKeywords.verifyEqual(BuiltinKeywords.groovy:146)
	at jdk.internal.reflect.GeneratedMethodAccessor24.invoke(Unknown Source)
	at java.base/jdk.internal.reflect.DelegatingMethodAccessorImpl.invoke(DelegatingMethodAccessorImpl.java:43)
	at Выполнение бизнес-плана Сверка ПАО Россети все филиалы.Numbers(Выполнение бизнес-плана Сверка ПАО Россети все филиалы:736)
	at Выполнение бизнес-плана Сверка ПАО Россети все филиалы.run(Выполнение бизнес-плана Сверка ПАО Россети все филиалы:378)
	at com.kms.katalon.core.main.ScriptEngine.run(ScriptEngine.java:194)
	at com.kms.katalon.core.main.ScriptEngine.runScriptAsRawText(ScriptEngine.java:119)
	at com.kms.katalon.core.main.TestCaseExecutor.runScript(TestCaseExecutor.java:448)
	at com.kms.katalon.core.main.TestCaseExecutor.doExecute(TestCaseExecutor.java:439)
	at com.kms.katalon.core.main.TestCaseExecutor.processExecutionPhase(TestCaseExecutor.java:418)
	at com.kms.katalon.core.main.TestCaseExecutor.accessMainPhase(TestCaseExecutor.java:410)
	at com.kms.katalon.core.main.TestCaseExecutor.execute(TestCaseExecutor.java:285)
	at com.kms.katalon.core.common.CommonExecutor.accessTestCaseMainPhase(CommonExecutor.java:65)
	at com.kms.katalon.core.main.TestSuiteExecutor.accessTestSuiteMainPhase(TestSuiteExecutor.java:150)
	at com.kms.katalon.core.main.TestSuiteExecutor.execute(TestSuiteExecutor.java:106)
	at com.kms.katalon.core.main.TestCaseMain.startTestSuite(TestCaseMain.java:180)
	at TempTestSuite1740991900055.run(TempTestSuite1740991900055.groovy:35)
	at java.base/jdk.internal.reflect.NativeMethodAccessorImpl.invoke0(Native Method)
	at java.base/jdk.internal.reflect.NativeMethodAccessorImpl.invoke(NativeMethodAccessorImpl.java:77)
	at java.base/jdk.internal.reflect.DelegatingMethodAccessorImpl.invoke(DelegatingMethodAccessorImpl.java:43)
)

03-03-2025T13:48:15 - [TEST_STEP][PASSED] - println(numberOfErrors): null

03-03-2025T13:48:15 - [TEST_STEP][PASSED] - println("a=" + a): null

03-03-2025T13:48:15 - [TEST_STEP][PASSED] - if (a == 28 || a == 77 || a == 74 || a == 65 || a == 36 || a == 44 || a == 54 || a == 1 || a == 18 || a == 59): null

03-03-2025T13:48:15 - [TEST_STEP][PASSED] - Script1718980020443.Filials(a, typeOfData, todaysDate, pageInt, fileInt, pageDouble, fileDouble, dZO, dzoNum, filialNum): null

03-03-2025T13:48:15 - [TEST_STEP][PASSED] - i = <not implemented yet for class: org.codehaus.groovy.ast.expr.EmptyExpression>: null

03-03-2025T13:48:15 - [TEST_STEP][PASSED] - c = <not implemented yet for class: org.codehaus.groovy.ast.expr.EmptyExpression>: null

03-03-2025T13:48:15 - [TEST_STEP][PASSED] - page = <not implemented yet for class: org.codehaus.groovy.ast.expr.EmptyExpression>: null

03-03-2025T13:48:15 - [TEST_STEP][PASSED] - println(dZO): null

03-03-2025T13:48:15 - [TEST_STEP][PASSED] - reducedDZO = <not implemented yet for class: org.codehaus.groovy.ast.expr.EmptyExpression>: null

03-03-2025T13:48:15 - [TEST_STEP][PASSED] - reducedDZO = dZO.substring(dZO.indexOf(" ") + 1, dZO.length()): null

03-03-2025T13:48:15 - [TEST_STEP][PASSED] - if (reducedDZO.contains(" ")): null

03-03-2025T13:48:15 - [TEST_STEP][PASSED] - reducedDZO = reducedDZO.substring(reducedDZO.indexOf(" ") + 1, reducedDZO.length()): null

03-03-2025T13:48:15 - [TEST_STEP][PASSED] - if (reducedDZO.contains(" ")): null

03-03-2025T13:48:15 - [TEST_STEP][PASSED] - reducedDZO = reducedDZO.substring(reducedDZO.indexOf(" ") + 1, reducedDZO.length()): null

03-03-2025T13:48:15 - [TEST_STEP][PASSED] - println(reducedDZO): null

03-03-2025T13:48:15 - [TEST_STEP][PASSED] - dzoCut = <not implemented yet for class: org.codehaus.groovy.ast.expr.EmptyExpression>: null

03-03-2025T13:48:15 - [TEST_STEP][PASSED] - Script1718980020443.DZO(a): null

03-03-2025T13:48:15 - [TEST_STEP][PASSED] - delay(20): Delayed 20 second(s)

03-03-2025T13:48:35 - [MESSAGE][PASSED] - Delayed 20 second(s)

03-03-2025T13:48:35 - [TEST_STEP][PASSED] - Script1718980020443.OpenFilter(): null

03-03-2025T13:48:35 - [TEST_STEP][PASSED] - click(findTestObject("Object Repository/Выполнение бизнес-плана/Фильтр ДЗО")): Object: 'Object Repository/Выполнение бизнес-плана/Фильтр ДЗО' is clicked on

03-03-2025T13:48:35 - [MESSAGE][PASSED] - Object: 'Object Repository/Выполнение бизнес-плана/Фильтр ДЗО' is clicked on

03-03-2025T13:48:35 - [TEST_STEP][PASSED] - click(findTestObject("Выполнение бизнес-плана/Снять выделение в фильтре ДЗО")): Object: 'Object Repository/Выполнение бизнес-плана/Снять выделение в фильтре ДЗО' is clicked on

03-03-2025T13:48:36 - [MESSAGE][PASSED] - Object: 'Object Repository/Выполнение бизнес-плана/Снять выделение в фильтре ДЗО' is clicked on

03-03-2025T13:48:36 - [TEST_STEP][PASSED] - Script1718980020443.OpenRSK(): null

03-03-2025T13:48:36 - [TEST_STEP][PASSED] - click(findTestObject("Выполнение бизнес-плана/Раскрыть список ПАО Россети в фильтре ДЗО")): Object: 'Object Repository/Выполнение бизнес-плана/Раскрыть список ПАО Россети в фильтре ДЗО' is clicked on

03-03-2025T13:48:36 - [MESSAGE][PASSED] - Object: 'Object Repository/Выполнение бизнес-плана/Раскрыть список ПАО Россети в фильтре ДЗО' is clicked on

03-03-2025T13:48:36 - [TEST_STEP][PASSED] - click(findTestObject("Выполнение бизнес-плана/Раскрыть список РаспредКомплекс в фильтре ДЗО")): Object: 'Object Repository/Выполнение бизнес-плана/Раскрыть список РаспредКомплекс в фильтре ДЗО' is clicked on

03-03-2025T13:48:36 - [MESSAGE][PASSED] - Object: 'Object Repository/Выполнение бизнес-плана/Раскрыть список РаспредКомплекс в фильтре ДЗО' is clicked on

03-03-2025T13:48:36 - [TEST_STEP][PASSED] - if (a == 28): null

03-03-2025T13:48:36 - [TEST_STEP][PASSED] - if (a == 77): null

03-03-2025T13:48:36 - [TEST_STEP][PASSED] - if (a == 74): null

03-03-2025T13:48:36 - [TEST_STEP][PASSED] - if (a == 65): null

03-03-2025T13:48:36 - [TEST_STEP][PASSED] - if (a == 36): null

03-03-2025T13:48:36 - [TEST_STEP][PASSED] - if (a == 44): null

03-03-2025T13:48:36 - [TEST_STEP][PASSED] - if (a == 54): null

03-03-2025T13:48:36 - [TEST_STEP][PASSED] - if (a == 1): null

03-03-2025T13:48:36 - [TEST_STEP][PASSED] - if (a == 18): Object: 'Object Repository/Выполнение бизнес-плана/Россети Центр и Приволжье' is clicked on

03-03-2025T13:48:36 - [TEST_STEP][PASSED] - scrollToElement(findTestObject("Выполнение бизнес-плана/Россети Центр и Приволжье"), 30): Scroll to object 'Object Repository/Выполнение бизнес-плана/Россети Центр и Приволжье' successfully

03-03-2025T13:48:37 - [MESSAGE][PASSED] - Scroll to object 'Object Repository/Выполнение бизнес-плана/Россети Центр и Приволжье' successfully

03-03-2025T13:48:37 - [TEST_STEP][PASSED] - click(findTestObject("Выполнение бизнес-плана/Россети Центр и Приволжье")): Object: 'Object Repository/Выполнение бизнес-плана/Россети Центр и Приволжье' is clicked on

03-03-2025T13:48:37 - [MESSAGE][PASSED] - Object: 'Object Repository/Выполнение бизнес-плана/Россети Центр и Приволжье' is clicked on

03-03-2025T13:48:37 - [TEST_STEP][PASSED] - if (a == 59): null

03-03-2025T13:48:37 - [TEST_STEP][PASSED] - Script1718980020443.CloseFilter(): null

03-03-2025T13:48:37 - [TEST_STEP][PASSED] - scrollToElement(findTestObject("Выполнение бизнес-плана/Заголовок дашборда"), 30): Scroll to object 'Object Repository/Выполнение бизнес-плана/Заголовок дашборда' successfully

03-03-2025T13:48:38 - [MESSAGE][PASSED] - Scroll to object 'Object Repository/Выполнение бизнес-плана/Заголовок дашборда' successfully

03-03-2025T13:48:38 - [TEST_STEP][PASSED] - click(findTestObject("Object Repository/Выполнение бизнес-плана/Применить в фильтре ДЗО")): Object: 'Object Repository/Выполнение бизнес-плана/Применить в фильтре ДЗО' is clicked on

03-03-2025T13:48:39 - [MESSAGE][PASSED] - Object: 'Object Repository/Выполнение бизнес-плана/Применить в фильтре ДЗО' is clicked on

03-03-2025T13:48:39 - [TEST_STEP][PASSED] - delay(20): Delayed 20 second(s)

03-03-2025T13:48:59 - [MESSAGE][PASSED] - Delayed 20 second(s)

03-03-2025T13:48:59 - [TEST_STEP][PASSED] - Script1718980020443.ZakrytOpoveshenie(): null

03-03-2025T13:48:59 - [TEST_STEP][PASSED] - delay(10): Delayed 10 second(s)

03-03-2025T13:49:09 - [MESSAGE][PASSED] - Delayed 10 second(s)

03-03-2025T13:49:09 - [TEST_STEP][PASSED] - opoveshenie = getText(findTestObject("Выполнение бизнес-плана/Просьба обратить внимание")): Text of object 'Object Repository/Выполнение бизнес-плана/Просьба обратить внимание' is: ''

03-03-2025T13:49:09 - [MESSAGE][PASSED] - Text of object 'Object Repository/Выполнение бизнес-плана/Просьба обратить внимание' is: ''

03-03-2025T13:49:09 - [TEST_STEP][PASSED] - println(opoveshenie): null

03-03-2025T13:49:09 - [TEST_STEP][PASSED] - if (opoveshenie == "Просьба обратить внимание"): null

03-03-2025T13:49:09 - [TEST_STEP][PASSED] - page = getText(findTestObject("Object Repository/Выполнение бизнес-плана/Filials")): Text of object 'Object Repository/Выполнение бизнес-плана/Filials' is: 'Владимирэнерго
Ивэнерго
Калугаэнерго
Кировэнерго
Мариэнерго
Нижновэнерго
Рязаньэнерго
Тулэнерго
Удмуртэнерго
0
10
20
30
40
50
60
70'

03-03-2025T13:49:09 - [MESSAGE][PASSED] - Text of object 'Object Repository/Выполнение бизнес-плана/Filials' is: 'Владимирэнерго
Ивэнерго
Калугаэнерго
Кировэнерго
Мариэнерго
Нижновэнерго
Рязаньэнерго
Тулэнерго
Удмуртэнерго
0
10
20
30
40
50
60
70'

03-03-2025T13:49:09 - [TEST_STEP][PASSED] - println(page): null

03-03-2025T13:49:09 - [TEST_STEP][PASSED] - c = page.indexOf(reducedDZO): null

03-03-2025T13:49:09 - [TEST_STEP][PASSED] - if (c > -1): null

03-03-2025T13:49:09 - [TEST_STEP][PASSED] - x2 = getText(findTestObject("Выполнение бизнес-плана/Список ДЗО старый")): Text of object 'Object Repository/Выполнение бизнес-плана/Список ДЗО старый' is: 'Владимирэнерго
Ивэнерго
Калугаэнерго
Кировэнерго
Мариэнерго
Нижновэнерго
Рязаньэнерго
Тулэнерго
Удмуртэнерго
0
10
20
30
40
50
60
70'

03-03-2025T13:49:10 - [MESSAGE][PASSED] - Text of object 'Object Repository/Выполнение бизнес-плана/Список ДЗО старый' is: 'Владимирэнерго
Ивэнерго
Калугаэнерго
Кировэнерго
Мариэнерго
Нижновэнерго
Рязаньэнерго
Тулэнерго
Удмуртэнерго
0
10
20
30
40
50
60
70'

03-03-2025T13:49:10 - [TEST_STEP][PASSED] - if (a == 28): null

03-03-2025T13:49:10 - [TEST_STEP][PASSED] - if (a == 77): null

03-03-2025T13:49:10 - [TEST_STEP][PASSED] - if (a == 74): null

03-03-2025T13:49:10 - [TEST_STEP][PASSED] - if (a == 65): null

03-03-2025T13:49:10 - [TEST_STEP][PASSED] - if (a == 1): null

03-03-2025T13:49:10 - [TEST_STEP][PASSED] - if (a == 18): null

03-03-2025T13:49:10 - [TEST_STEP][PASSED] - dZO = "Владимирэнерго": null

03-03-2025T13:49:10 - [TEST_STEP][PASSED] - a = 19: null

03-03-2025T13:49:10 - [TEST_STEP][PASSED] - if (x2.contains(dZO)): null

03-03-2025T13:49:10 - [TEST_STEP][PASSED] - filialNum = filialNum + 1: null

03-03-2025T13:49:10 - [TEST_STEP][PASSED] - Script1718980020443.Numbers(a, typeOfData, todaysDate, pageInt, fileInt, pageDouble, fileDouble, dZO, dzoNum, filialNum): null

03-03-2025T13:49:10 - [TEST_STEP][PASSED] - println(dzoNum): null

03-03-2025T13:49:10 - [TEST_STEP][PASSED] - planFact = <not implemented yet for class: org.codehaus.groovy.ast.expr.EmptyExpression>: null

03-03-2025T13:49:10 - [TEST_STEP][PASSED] - page = <not implemented yet for class: org.codehaus.groovy.ast.expr.EmptyExpression>: null

03-03-2025T13:49:10 - [TEST_STEP][PASSED] - page1 = <not implemented yet for class: org.codehaus.groovy.ast.expr.EmptyExpression>: null

03-03-2025T13:49:10 - [TEST_STEP][PASSED] - page2 = <not implemented yet for class: org.codehaus.groovy.ast.expr.EmptyExpression>: null

03-03-2025T13:49:10 - [TEST_STEP][PASSED] - filialNumberInRow = <not implemented yet for class: org.codehaus.groovy.ast.expr.EmptyExpression>: null

03-03-2025T13:49:10 - [TEST_STEP][PASSED] - filialsDzoNames = <not implemented yet for class: org.codehaus.groovy.ast.expr.EmptyExpression>: null

03-03-2025T13:49:10 - [TEST_STEP][PASSED] - numberOfFilials = <not implemented yet for class: org.codehaus.groovy.ast.expr.EmptyExpression>: null

03-03-2025T13:49:10 - [TEST_STEP][PASSED] - numberOfSpaces = <not implemented yet for class: org.codehaus.groovy.ast.expr.EmptyExpression>: null

03-03-2025T13:49:10 - [TEST_STEP][PASSED] - file = <not implemented yet for class: org.codehaus.groovy.ast.expr.EmptyExpression>: null

03-03-2025T13:49:10 - [TEST_STEP][PASSED] - otpusk = <not implemented yet for class: org.codehaus.groovy.ast.expr.EmptyExpression>: null

03-03-2025T13:49:10 - [TEST_STEP][PASSED] - poteri = <not implemented yet for class: org.codehaus.groovy.ast.expr.EmptyExpression>: null

03-03-2025T13:49:10 - [TEST_STEP][PASSED] - dataFolder = "Выполнение бизнес-плана/Значения со страницы Выполнение бизнес-плана/": null

03-03-2025T13:49:10 - [TEST_STEP][PASSED] - path = <not implemented yet for class: org.codehaus.groovy.ast.expr.EmptyExpression>: null

03-03-2025T13:49:10 - [TEST_STEP][PASSED] - typeOfDataMain = <not implemented yet for class: org.codehaus.groovy.ast.expr.EmptyExpression>: null

03-03-2025T13:49:10 - [TEST_STEP][PASSED] - fileOtpuskVSet = <not implemented yet for class: org.codehaus.groovy.ast.expr.EmptyExpression>: null

03-03-2025T13:49:10 - [TEST_STEP][PASSED] - pageOtpuskVSet = <not implemented yet for class: org.codehaus.groovy.ast.expr.EmptyExpression>: null

03-03-2025T13:49:10 - [TEST_STEP][PASSED] - filePoteri = <not implemented yet for class: org.codehaus.groovy.ast.expr.EmptyExpression>: null

03-03-2025T13:49:10 - [TEST_STEP][PASSED] - pagePoteri = <not implemented yet for class: org.codehaus.groovy.ast.expr.EmptyExpression>: null

03-03-2025T13:49:10 - [TEST_STEP][PASSED] - compare = <not implemented yet for class: org.codehaus.groovy.ast.expr.EmptyExpression>: null

03-03-2025T13:49:10 - [TEST_STEP][PASSED] - b = <not implemented yet for class: org.codehaus.groovy.ast.expr.EmptyExpression>: null

03-03-2025T13:49:10 - [TEST_STEP][PASSED] - i = <not implemented yet for class: org.codehaus.groovy.ast.expr.EmptyExpression>: null

03-03-2025T13:49:10 - [TEST_STEP][PASSED] - ii = <not implemented yet for class: org.codehaus.groovy.ast.expr.EmptyExpression>: null

03-03-2025T13:49:10 - [TEST_STEP][PASSED] - c = <not implemented yet for class: org.codehaus.groovy.ast.expr.EmptyExpression>: null

03-03-2025T13:49:10 - [TEST_STEP][PASSED] - numberOfErrors = 0: null

03-03-2025T13:49:10 - [TEST_STEP][PASSED] - if (a == 82): null

03-03-2025T13:49:10 - [TEST_STEP][PASSED] - b = findTestData("PlanFact").getValue(1, a): null

03-03-2025T13:49:10 - [TEST_STEP][PASSED] - i = b.indexOf(" (ГК)"): null

03-03-2025T13:49:10 - [TEST_STEP][PASSED] - if (i > -1): null

03-03-2025T13:49:10 - [TEST_STEP][PASSED] - i = b.indexOf("О ""): null

03-03-2025T13:49:10 - [TEST_STEP][PASSED] - if (i > -1): null

03-03-2025T13:49:10 - [TEST_STEP][PASSED] - i = b.indexOf("О «"): null

03-03-2025T13:49:10 - [TEST_STEP][PASSED] - if (i > -1): null

03-03-2025T13:49:10 - [TEST_STEP][PASSED] - i = b.indexOf("г. "): null

03-03-2025T13:49:10 - [TEST_STEP][PASSED] - if (i > -1): null

03-03-2025T13:49:10 - [TEST_STEP][PASSED] - b = b.trim(): null

03-03-2025T13:49:10 - [TEST_STEP][PASSED] - println(b): null

03-03-2025T13:49:10 - [TEST_STEP][PASSED] - for ([planFact = 1, planFact < 3, (planFact++)]): null

03-03-2025T13:49:10 - [TEST_STEP][PASSED] - if (planFact == 1): null

03-03-2025T13:49:10 - [TEST_STEP][PASSED] - typeOfDataMain = "Факт": null

03-03-2025T13:49:10 - [TEST_STEP][PASSED] - otpusk = findTestData("PlanFact").getValue(5, a): null

03-03-2025T13:49:10 - [TEST_STEP][PASSED] - poteri = findTestData("PlanFact").getValue(6, a): null

03-03-2025T13:49:10 - [TEST_STEP][PASSED] - otpusk = otpusk.replaceAll("\s+", ""): null

03-03-2025T13:49:10 - [TEST_STEP][PASSED] - poteri = poteri.replaceAll("\s+", ""): null

03-03-2025T13:49:10 - [TEST_STEP][PASSED] - typeOfData = typeOfDataMain + " Отпуск в сеть": null

03-03-2025T13:49:10 - [TEST_STEP][PASSED] - if (a == 82): null

03-03-2025T13:49:10 - [TEST_STEP][PASSED] - else if (a == 84): null

03-03-2025T13:49:10 - [TEST_STEP][PASSED] - else if (a == 83 || a == 52 || a == 72 || a == 28 || a == 73 || a == 77 || a == 74 || a == 65 || a == 36 || a == 44 || a == 53 || a == 80 || a == 54 || a == 1 || a == 18 || a == 59 || a == 81): null

03-03-2025T13:49:10 - [TEST_STEP][PASSED] - else: null

03-03-2025T13:49:10 - [TEST_STEP][PASSED] - path = dataFolder + typeOfData + " за отчётный период " + b: null

03-03-2025T13:49:10 - [TEST_STEP][PASSED] - println(path): null

03-03-2025T13:49:10 - [TEST_STEP][PASSED] - page = getText(findTestObject(path)): Text of object 'Object Repository/Выполнение бизнес-плана/Значения со страницы Выполнение бизнес-плана/Факт Отпуск в сеть за отчётный период Владимирэнерго' is: '586 987'

03-03-2025T13:49:10 - [MESSAGE][PASSED] - Text of object 'Object Repository/Выполнение бизнес-плана/Значения со страницы Выполнение бизнес-плана/Факт Отпуск в сеть за отчётный период Владимирэнерго' is: '586 987'

03-03-2025T13:49:10 - [TEST_STEP][PASSED] - if (page == "" || page == null): null

03-03-2025T13:49:10 - [TEST_STEP][PASSED] - else: null

03-03-2025T13:49:10 - [TEST_STEP][PASSED] - page = page.replaceAll("\s+", ""): null

03-03-2025T13:49:10 - [TEST_STEP][PASSED] - fileOtpuskVSet = otpusk.toInteger(): null

03-03-2025T13:49:10 - [TEST_STEP][PASSED] - pageOtpuskVSet = page.toInteger(): null

03-03-2025T13:49:10 - [TEST_STEP][PASSED] - typeOfData = typeOfDataMain + " Потери": null

03-03-2025T13:49:10 - [TEST_STEP][PASSED] - if (a == 82): null

03-03-2025T13:49:10 - [TEST_STEP][PASSED] - else if (a == 84): null

03-03-2025T13:49:10 - [TEST_STEP][PASSED] - else if (a == 83 || a == 52 || a == 72 || a == 28 || a == 73 || a == 77 || a == 74 || a == 65 || a == 44 || a == 53 || a == 80 || a == 54 || a == 1 || a == 18 || a == 59 || a == 81): null

03-03-2025T13:49:10 - [TEST_STEP][PASSED] - else: null

03-03-2025T13:49:10 - [TEST_STEP][PASSED] - path = dataFolder + typeOfData + " за отчётный период " + b: null

03-03-2025T13:49:10 - [TEST_STEP][PASSED] - page = getText(findTestObject(path)): Text of object 'Object Repository/Выполнение бизнес-плана/Значения со страницы Выполнение бизнес-плана/Факт Потери за отчётный период Владимирэнерго' is: '52 886'

03-03-2025T13:49:10 - [MESSAGE][PASSED] - Text of object 'Object Repository/Выполнение бизнес-плана/Значения со страницы Выполнение бизнес-плана/Факт Потери за отчётный период Владимирэнерго' is: '52 886'

03-03-2025T13:49:10 - [TEST_STEP][PASSED] - if (page == "" || page == null): null

03-03-2025T13:49:10 - [TEST_STEP][PASSED] - else: null

03-03-2025T13:49:10 - [TEST_STEP][PASSED] - page = page.replaceAll("\s+", ""): null

03-03-2025T13:49:10 - [TEST_STEP][PASSED] - filePoteri = poteri.toInteger(): null

03-03-2025T13:49:10 - [TEST_STEP][PASSED] - pagePoteri = page.toInteger(): null

03-03-2025T13:49:10 - [TEST_STEP][PASSED] - compare = pageOtpuskVSet: null

03-03-2025T13:49:10 - [TEST_STEP][PASSED] - if (pageOtpuskVSet != null): null

03-03-2025T13:49:10 - [TEST_STEP][PASSED] - if (compare == fileOtpuskVSet): null

03-03-2025T13:49:10 - [TEST_STEP][PASSED] - else if (compare > fileOtpuskVSet): null

03-03-2025T13:49:10 - [TEST_STEP][PASSED] - else if (compare < fileOtpuskVSet): null

03-03-2025T13:49:10 - [TEST_STEP][PASSED] - compare = compare + 1: null

03-03-2025T13:49:10 - [TEST_STEP][PASSED] - if (compare == fileOtpuskVSet): null

03-03-2025T13:49:10 - [TEST_STEP][PASSED] - else: null

03-03-2025T13:49:10 - [TEST_STEP][PASSED] - numberOfErrors = numberOfErrors + 1: null

03-03-2025T13:49:10 - [TEST_STEP][PASSED] - pageInt = pageOtpuskVSet: null

03-03-2025T13:49:10 - [TEST_STEP][PASSED] - fileInt = fileOtpuskVSet: null

03-03-2025T13:49:10 - [TEST_STEP][PASSED] - typeOfData = typeOfDataMain + " Отпуск в сеть": null

03-03-2025T13:49:10 - [TEST_STEP][PASSED] - Script1718980020443.WriteToExcel(a, typeOfData, todaysDate, pageInt, fileInt, pageDouble, fileDouble, dZO): null

03-03-2025T13:49:10 - [TEST_STEP][PASSED] - sheetName = "Sheet1": null

03-03-2025T13:49:10 - [TEST_STEP][PASSED] - data = findTestData("PlanFact"): null

03-03-2025T13:49:10 - [TEST_STEP][PASSED] - n = data.getRowNumbers() + 1: null

03-03-2025T13:49:10 - [TEST_STEP][PASSED] - day = ")).toInteger(): null

03-03-2025T13:49:10 - [TEST_STEP][PASSED] - println(day): null

03-03-2025T13:49:10 - [TEST_STEP][PASSED] - month = ")).toInteger(): null

03-03-2025T13:49:10 - [TEST_STEP][PASSED] - println(month): null

03-03-2025T13:49:10 - [TEST_STEP][PASSED] - y = <not implemented yet for class: org.codehaus.groovy.ast.expr.EmptyExpression>: null

03-03-2025T13:49:10 - [TEST_STEP][PASSED] - iy = <not implemented yet for class: org.codehaus.groovy.ast.expr.EmptyExpression>: null

03-03-2025T13:49:10 - [TEST_STEP][PASSED] - m = getText(findTestObject("Выполнение бизнес-плана/Период")): Text of object 'Object Repository/Выполнение бизнес-плана/Период' is: '2024 год'

03-03-2025T13:49:11 - [MESSAGE][PASSED] - Text of object 'Object Repository/Выполнение бизнес-плана/Период' is: '2024 год'

03-03-2025T13:49:11 - [TEST_STEP][PASSED] - iy = m.indexOf("20"): null

03-03-2025T13:49:11 - [TEST_STEP][PASSED] - if (iy > -1): null

03-03-2025T13:49:11 - [TEST_STEP][PASSED] - y = substring(iy, iy + 4).toInteger(): null

03-03-2025T13:49:11 - [TEST_STEP][PASSED] - println(y): null

03-03-2025T13:49:11 - [TEST_STEP][PASSED] - if (toString().length() == 4): null

03-03-2025T13:49:11 - [TEST_STEP][PASSED] - m = m.substring(0, m.indexOf(y.toString())): null

03-03-2025T13:49:11 - [TEST_STEP][PASSED] - m = m.trim(): null

03-03-2025T13:49:11 - [TEST_STEP][PASSED] - if (m == ""): null

03-03-2025T13:49:11 - [TEST_STEP][PASSED] - m = "весь год": null

03-03-2025T13:49:11 - [TEST_STEP][PASSED] - dashboardName = "Выполнение бизнес-плана": null

03-03-2025T13:49:11 - [TEST_STEP][PASSED] - workbook01 = getWorkbook(excelFilePath): null

03-03-2025T13:49:11 - [TEST_STEP][PASSED] - sheet01 = getExcelSheet(workbook01, sheetName): null

03-03-2025T13:49:11 - [TEST_STEP][PASSED] - setValueToCellByIndex(sheet01, n, 0, dashboardName): null

03-03-2025T13:49:11 - [TEST_STEP][PASSED] - setValueToCellByIndex(sheet01, n, 1, dZO): null

03-03-2025T13:49:11 - [TEST_STEP][PASSED] - setValueToCellByIndex(sheet01, n, 2, typeOfData): null

03-03-2025T13:49:11 - [TEST_STEP][PASSED] - if (typeOfData == "Факт в процентах" || typeOfData == "План в процентах"): null

03-03-2025T13:49:11 - [TEST_STEP][PASSED] - else: null

03-03-2025T13:49:11 - [TEST_STEP][PASSED] - setValueToCellByIndex(sheet01, n, 3, fileInt): null

03-03-2025T13:49:11 - [TEST_STEP][PASSED] - setValueToCellByIndex(sheet01, n, 4, pageInt): null

03-03-2025T13:49:11 - [TEST_STEP][PASSED] - setValueToCellByIndex(sheet01, n, 5, m): null

03-03-2025T13:49:11 - [TEST_STEP][PASSED] - setValueToCellByIndex(sheet01, n, 6, y): null

03-03-2025T13:49:11 - [TEST_STEP][PASSED] - setValueToCellByIndex(sheet01, n, 7, todaysDate): null

03-03-2025T13:49:11 - [TEST_STEP][PASSED] - n = n + 1: null

03-03-2025T13:49:11 - [TEST_STEP][PASSED] - saveWorkbook(excelFilePath, workbook01): null

03-03-2025T13:49:11 - [TEST_STEP][PASSED] - compare = pagePoteri: null

03-03-2025T13:49:11 - [TEST_STEP][PASSED] - if (pageOtpuskVSet != null): null

03-03-2025T13:49:11 - [TEST_STEP][PASSED] - if (compare == filePoteri): null

03-03-2025T13:49:11 - [TEST_STEP][PASSED] - else if (compare > filePoteri): null

03-03-2025T13:49:11 - [TEST_STEP][PASSED] - else if (compare < filePoteri): null

03-03-2025T13:49:11 - [TEST_STEP][PASSED] - compare = compare + 1: null

03-03-2025T13:49:11 - [TEST_STEP][PASSED] - if (compare == filePoteri): null

03-03-2025T13:49:11 - [TEST_STEP][PASSED] - else: null

03-03-2025T13:49:11 - [TEST_STEP][PASSED] - numberOfErrors = numberOfErrors + 1: null

03-03-2025T13:49:11 - [TEST_STEP][PASSED] - pageInt = pagePoteri: null

03-03-2025T13:49:11 - [TEST_STEP][PASSED] - fileInt = filePoteri: null

03-03-2025T13:49:11 - [TEST_STEP][PASSED] - typeOfData = typeOfDataMain + " Потери": null

03-03-2025T13:49:11 - [TEST_STEP][PASSED] - Script1718980020443.WriteToExcel(a, typeOfData, todaysDate, pageInt, fileInt, pageDouble, fileDouble, dZO): null

03-03-2025T13:49:11 - [TEST_STEP][PASSED] - sheetName = "Sheet1": null

03-03-2025T13:49:11 - [TEST_STEP][PASSED] - data = findTestData("PlanFact"): null

03-03-2025T13:49:11 - [TEST_STEP][PASSED] - n = data.getRowNumbers() + 1: null

03-03-2025T13:49:11 - [TEST_STEP][PASSED] - day = ")).toInteger(): null

03-03-2025T13:49:11 - [TEST_STEP][PASSED] - println(day): null

03-03-2025T13:49:11 - [TEST_STEP][PASSED] - month = ")).toInteger(): null

03-03-2025T13:49:11 - [TEST_STEP][PASSED] - println(month): null

03-03-2025T13:49:11 - [TEST_STEP][PASSED] - y = <not implemented yet for class: org.codehaus.groovy.ast.expr.EmptyExpression>: null

03-03-2025T13:49:11 - [TEST_STEP][PASSED] - iy = <not implemented yet for class: org.codehaus.groovy.ast.expr.EmptyExpression>: null

03-03-2025T13:49:11 - [TEST_STEP][PASSED] - m = getText(findTestObject("Выполнение бизнес-плана/Период")): Text of object 'Object Repository/Выполнение бизнес-плана/Период' is: '2024 год'

03-03-2025T13:49:11 - [MESSAGE][PASSED] - Text of object 'Object Repository/Выполнение бизнес-плана/Период' is: '2024 год'

03-03-2025T13:49:11 - [TEST_STEP][PASSED] - iy = m.indexOf("20"): null

03-03-2025T13:49:11 - [TEST_STEP][PASSED] - if (iy > -1): null

03-03-2025T13:49:11 - [TEST_STEP][PASSED] - y = substring(iy, iy + 4).toInteger(): null

03-03-2025T13:49:11 - [TEST_STEP][PASSED] - println(y): null

03-03-2025T13:49:11 - [TEST_STEP][PASSED] - if (toString().length() == 4): null

03-03-2025T13:49:11 - [TEST_STEP][PASSED] - m = m.substring(0, m.indexOf(y.toString())): null

03-03-2025T13:49:11 - [TEST_STEP][PASSED] - m = m.trim(): null

03-03-2025T13:49:11 - [TEST_STEP][PASSED] - if (m == ""): null

03-03-2025T13:49:11 - [TEST_STEP][PASSED] - m = "весь год": null

03-03-2025T13:49:11 - [TEST_STEP][PASSED] - dashboardName = "Выполнение бизнес-плана": null

03-03-2025T13:49:11 - [TEST_STEP][PASSED] - workbook01 = getWorkbook(excelFilePath): null

03-03-2025T13:49:12 - [TEST_STEP][PASSED] - sheet01 = getExcelSheet(workbook01, sheetName): null

03-03-2025T13:49:12 - [TEST_STEP][PASSED] - setValueToCellByIndex(sheet01, n, 0, dashboardName): null

03-03-2025T13:49:12 - [TEST_STEP][PASSED] - setValueToCellByIndex(sheet01, n, 1, dZO): null

03-03-2025T13:49:12 - [TEST_STEP][PASSED] - setValueToCellByIndex(sheet01, n, 2, typeOfData): null

03-03-2025T13:49:12 - [TEST_STEP][PASSED] - if (typeOfData == "Факт в процентах" || typeOfData == "План в процентах"): null

03-03-2025T13:49:12 - [TEST_STEP][PASSED] - else: null

03-03-2025T13:49:12 - [TEST_STEP][PASSED] - setValueToCellByIndex(sheet01, n, 3, fileInt): null

03-03-2025T13:49:12 - [TEST_STEP][PASSED] - setValueToCellByIndex(sheet01, n, 4, pageInt): null

03-03-2025T13:49:12 - [TEST_STEP][PASSED] - setValueToCellByIndex(sheet01, n, 5, m): null

03-03-2025T13:49:12 - [TEST_STEP][PASSED] - setValueToCellByIndex(sheet01, n, 6, y): null

03-03-2025T13:49:12 - [TEST_STEP][PASSED] - setValueToCellByIndex(sheet01, n, 7, todaysDate): null

03-03-2025T13:49:12 - [TEST_STEP][PASSED] - n = n + 1: null

03-03-2025T13:49:12 - [TEST_STEP][PASSED] - saveWorkbook(excelFilePath, workbook01): null

03-03-2025T13:49:12 - [TEST_STEP][PASSED] - if (planFact == 2): null

03-03-2025T13:49:12 - [TEST_STEP][PASSED] - if (planFact == 1): null

03-03-2025T13:49:12 - [TEST_STEP][PASSED] - else if (planFact == 2): null

03-03-2025T13:49:12 - [TEST_STEP][PASSED] - click(findTestObject("Выполнение бизнес-плана/Кнопка План")): Object: 'Object Repository/Выполнение бизнес-плана/Кнопка План' is clicked on

03-03-2025T13:49:12 - [MESSAGE][PASSED] - Object: 'Object Repository/Выполнение бизнес-плана/Кнопка План' is clicked on

03-03-2025T13:49:12 - [TEST_STEP][PASSED] - typeOfDataMain = "План": null

03-03-2025T13:49:12 - [TEST_STEP][PASSED] - otpusk = findTestData("PlanFact").getValue(2, a): null

03-03-2025T13:49:12 - [TEST_STEP][PASSED] - poteri = findTestData("PlanFact").getValue(3, a): null

03-03-2025T13:49:12 - [TEST_STEP][PASSED] - otpusk = otpusk.replaceAll("\s+", ""): null

03-03-2025T13:49:12 - [TEST_STEP][PASSED] - poteri = poteri.replaceAll("\s+", ""): null

03-03-2025T13:49:12 - [TEST_STEP][PASSED] - typeOfData = typeOfDataMain + " Отпуск в сеть": null

03-03-2025T13:49:12 - [TEST_STEP][PASSED] - if (a == 82): null

03-03-2025T13:49:12 - [TEST_STEP][PASSED] - else if (a == 84): null

03-03-2025T13:49:12 - [TEST_STEP][PASSED] - else if (a == 83 || a == 52 || a == 72 || a == 28 || a == 73 || a == 77 || a == 74 || a == 65 || a == 36 || a == 44 || a == 53 || a == 80 || a == 54 || a == 1 || a == 18 || a == 59 || a == 81): null

03-03-2025T13:49:12 - [TEST_STEP][PASSED] - else: null

03-03-2025T13:49:12 - [TEST_STEP][PASSED] - path = dataFolder + typeOfData + " за отчётный период " + b: null

03-03-2025T13:49:12 - [TEST_STEP][PASSED] - println(path): null

03-03-2025T13:49:12 - [TEST_STEP][PASSED] - page = getText(findTestObject(path)): Text of object 'Object Repository/Выполнение бизнес-плана/Значения со страницы Выполнение бизнес-плана/План Отпуск в сеть за отчётный период Владимирэнерго' is: '574 113'

03-03-2025T13:49:12 - [MESSAGE][PASSED] - Text of object 'Object Repository/Выполнение бизнес-плана/Значения со страницы Выполнение бизнес-плана/План Отпуск в сеть за отчётный период Владимирэнерго' is: '574 113'

03-03-2025T13:49:12 - [TEST_STEP][PASSED] - if (page == "" || page == null): null

03-03-2025T13:49:12 - [TEST_STEP][PASSED] - else: null

03-03-2025T13:49:12 - [TEST_STEP][PASSED] - page = page.replaceAll("\s+", ""): null

03-03-2025T13:49:12 - [TEST_STEP][PASSED] - fileOtpuskVSet = otpusk.toInteger(): null

03-03-2025T13:49:12 - [TEST_STEP][PASSED] - pageOtpuskVSet = page.toInteger(): null

03-03-2025T13:49:12 - [TEST_STEP][PASSED] - typeOfData = typeOfDataMain + " Потери": null

03-03-2025T13:49:12 - [TEST_STEP][PASSED] - if (a == 82): null

03-03-2025T13:49:12 - [TEST_STEP][PASSED] - else if (a == 84): null

03-03-2025T13:49:12 - [TEST_STEP][PASSED] - else if (a == 83 || a == 52 || a == 72 || a == 28 || a == 73 || a == 77 || a == 74 || a == 65 || a == 44 || a == 53 || a == 80 || a == 54 || a == 1 || a == 18 || a == 59 || a == 81): null

03-03-2025T13:49:12 - [TEST_STEP][PASSED] - else: null

03-03-2025T13:49:12 - [TEST_STEP][PASSED] - path = dataFolder + typeOfData + " за отчётный период " + b: null

03-03-2025T13:49:12 - [TEST_STEP][PASSED] - page = getText(findTestObject(path)): Text of object 'Object Repository/Выполнение бизнес-плана/Значения со страницы Выполнение бизнес-плана/План Потери за отчётный период Владимирэнерго' is: '39 806'

03-03-2025T13:49:13 - [MESSAGE][PASSED] - Text of object 'Object Repository/Выполнение бизнес-плана/Значения со страницы Выполнение бизнес-плана/План Потери за отчётный период Владимирэнерго' is: '39 806'

03-03-2025T13:49:13 - [TEST_STEP][PASSED] - if (page == "" || page == null): null

03-03-2025T13:49:13 - [TEST_STEP][PASSED] - else: null

03-03-2025T13:49:13 - [TEST_STEP][PASSED] - page = page.replaceAll("\s+", ""): null

03-03-2025T13:49:13 - [TEST_STEP][PASSED] - filePoteri = poteri.toInteger(): null

03-03-2025T13:49:13 - [TEST_STEP][PASSED] - pagePoteri = page.toInteger(): null

03-03-2025T13:49:13 - [TEST_STEP][PASSED] - compare = pageOtpuskVSet: null

03-03-2025T13:49:13 - [TEST_STEP][PASSED] - if (pageOtpuskVSet != null): null

03-03-2025T13:49:13 - [TEST_STEP][PASSED] - if (compare == fileOtpuskVSet): null

03-03-2025T13:49:13 - [TEST_STEP][PASSED] - else if (compare > fileOtpuskVSet): null

03-03-2025T13:49:13 - [TEST_STEP][PASSED] - else if (compare < fileOtpuskVSet): null

03-03-2025T13:49:13 - [TEST_STEP][PASSED] - compare = compare + 1: null

03-03-2025T13:49:13 - [TEST_STEP][PASSED] - if (compare == fileOtpuskVSet): null

03-03-2025T13:49:13 - [TEST_STEP][PASSED] - else: null

03-03-2025T13:49:13 - [TEST_STEP][PASSED] - numberOfErrors = numberOfErrors + 1: null

03-03-2025T13:49:13 - [TEST_STEP][PASSED] - pageInt = pageOtpuskVSet: null

03-03-2025T13:49:13 - [TEST_STEP][PASSED] - fileInt = fileOtpuskVSet: null

03-03-2025T13:49:13 - [TEST_STEP][PASSED] - typeOfData = typeOfDataMain + " Отпуск в сеть": null

03-03-2025T13:49:13 - [TEST_STEP][PASSED] - Script1718980020443.WriteToExcel(a, typeOfData, todaysDate, pageInt, fileInt, pageDouble, fileDouble, dZO): null

03-03-2025T13:49:13 - [TEST_STEP][PASSED] - sheetName = "Sheet1": null

03-03-2025T13:49:13 - [TEST_STEP][PASSED] - data = findTestData("PlanFact"): null

03-03-2025T13:49:13 - [TEST_STEP][PASSED] - n = data.getRowNumbers() + 1: null

03-03-2025T13:49:13 - [TEST_STEP][PASSED] - day = ")).toInteger(): null

03-03-2025T13:49:13 - [TEST_STEP][PASSED] - println(day): null

03-03-2025T13:49:13 - [TEST_STEP][PASSED] - month = ")).toInteger(): null

03-03-2025T13:49:13 - [TEST_STEP][PASSED] - println(month): null

03-03-2025T13:49:13 - [TEST_STEP][PASSED] - y = <not implemented yet for class: org.codehaus.groovy.ast.expr.EmptyExpression>: null

03-03-2025T13:49:13 - [TEST_STEP][PASSED] - iy = <not implemented yet for class: org.codehaus.groovy.ast.expr.EmptyExpression>: null

03-03-2025T13:49:13 - [TEST_STEP][PASSED] - m = getText(findTestObject("Выполнение бизнес-плана/Период")): Text of object 'Object Repository/Выполнение бизнес-плана/Период' is: '2024 год'

03-03-2025T13:49:13 - [MESSAGE][PASSED] - Text of object 'Object Repository/Выполнение бизнес-плана/Период' is: '2024 год'

03-03-2025T13:49:13 - [TEST_STEP][PASSED] - iy = m.indexOf("20"): null

03-03-2025T13:49:13 - [TEST_STEP][PASSED] - if (iy > -1): null

03-03-2025T13:49:13 - [TEST_STEP][PASSED] - y = substring(iy, iy + 4).toInteger(): null

03-03-2025T13:49:13 - [TEST_STEP][PASSED] - println(y): null

03-03-2025T13:49:13 - [TEST_STEP][PASSED] - if (toString().length() == 4): null

03-03-2025T13:49:13 - [TEST_STEP][PASSED] - m = m.substring(0, m.indexOf(y.toString())): null

03-03-2025T13:49:13 - [TEST_STEP][PASSED] - m = m.trim(): null

03-03-2025T13:49:13 - [TEST_STEP][PASSED] - if (m == ""): null

03-03-2025T13:49:13 - [TEST_STEP][PASSED] - m = "весь год": null

03-03-2025T13:49:13 - [TEST_STEP][PASSED] - dashboardName = "Выполнение бизнес-плана": null

03-03-2025T13:49:13 - [TEST_STEP][PASSED] - workbook01 = getWorkbook(excelFilePath): null

03-03-2025T13:49:13 - [TEST_STEP][PASSED] - sheet01 = getExcelSheet(workbook01, sheetName): null

03-03-2025T13:49:13 - [TEST_STEP][PASSED] - setValueToCellByIndex(sheet01, n, 0, dashboardName): null

03-03-2025T13:49:13 - [TEST_STEP][PASSED] - setValueToCellByIndex(sheet01, n, 1, dZO): null

03-03-2025T13:49:13 - [TEST_STEP][PASSED] - setValueToCellByIndex(sheet01, n, 2, typeOfData): null

03-03-2025T13:49:13 - [TEST_STEP][PASSED] - if (typeOfData == "Факт в процентах" || typeOfData == "План в процентах"): null

03-03-2025T13:49:13 - [TEST_STEP][PASSED] - else: null

03-03-2025T13:49:13 - [TEST_STEP][PASSED] - setValueToCellByIndex(sheet01, n, 3, fileInt): null

03-03-2025T13:49:13 - [TEST_STEP][PASSED] - setValueToCellByIndex(sheet01, n, 4, pageInt): null

03-03-2025T13:49:13 - [TEST_STEP][PASSED] - setValueToCellByIndex(sheet01, n, 5, m): null

03-03-2025T13:49:13 - [TEST_STEP][PASSED] - setValueToCellByIndex(sheet01, n, 6, y): null

03-03-2025T13:49:13 - [TEST_STEP][PASSED] - setValueToCellByIndex(sheet01, n, 7, todaysDate): null

03-03-2025T13:49:13 - [TEST_STEP][PASSED] - n = n + 1: null

03-03-2025T13:49:13 - [TEST_STEP][PASSED] - saveWorkbook(excelFilePath, workbook01): null

03-03-2025T13:49:13 - [TEST_STEP][PASSED] - compare = pagePoteri: null

03-03-2025T13:49:13 - [TEST_STEP][PASSED] - if (pageOtpuskVSet != null): null

03-03-2025T13:49:13 - [TEST_STEP][PASSED] - if (compare == filePoteri): null

03-03-2025T13:49:13 - [TEST_STEP][PASSED] - else if (compare > filePoteri): null

03-03-2025T13:49:13 - [TEST_STEP][PASSED] - else if (compare < filePoteri): null

03-03-2025T13:49:13 - [TEST_STEP][PASSED] - compare = compare + 1: null

03-03-2025T13:49:13 - [TEST_STEP][PASSED] - if (compare == filePoteri): null

03-03-2025T13:49:13 - [TEST_STEP][PASSED] - else: null

03-03-2025T13:49:13 - [TEST_STEP][PASSED] - numberOfErrors = numberOfErrors + 1: null

03-03-2025T13:49:13 - [TEST_STEP][PASSED] - pageInt = pagePoteri: null

03-03-2025T13:49:13 - [TEST_STEP][PASSED] - fileInt = filePoteri: null

03-03-2025T13:49:13 - [TEST_STEP][PASSED] - typeOfData = typeOfDataMain + " Потери": null

03-03-2025T13:49:13 - [TEST_STEP][PASSED] - Script1718980020443.WriteToExcel(a, typeOfData, todaysDate, pageInt, fileInt, pageDouble, fileDouble, dZO): null

03-03-2025T13:49:13 - [TEST_STEP][PASSED] - sheetName = "Sheet1": null

03-03-2025T13:49:13 - [TEST_STEP][PASSED] - data = findTestData("PlanFact"): null

03-03-2025T13:49:14 - [TEST_STEP][PASSED] - n = data.getRowNumbers() + 1: null

03-03-2025T13:49:14 - [TEST_STEP][PASSED] - day = ")).toInteger(): null

03-03-2025T13:49:14 - [TEST_STEP][PASSED] - println(day): null

03-03-2025T13:49:14 - [TEST_STEP][PASSED] - month = ")).toInteger(): null

03-03-2025T13:49:14 - [TEST_STEP][PASSED] - println(month): null

03-03-2025T13:49:14 - [TEST_STEP][PASSED] - y = <not implemented yet for class: org.codehaus.groovy.ast.expr.EmptyExpression>: null

03-03-2025T13:49:14 - [TEST_STEP][PASSED] - iy = <not implemented yet for class: org.codehaus.groovy.ast.expr.EmptyExpression>: null

03-03-2025T13:49:14 - [TEST_STEP][PASSED] - m = getText(findTestObject("Выполнение бизнес-плана/Период")): Text of object 'Object Repository/Выполнение бизнес-плана/Период' is: '2024 год'

03-03-2025T13:49:14 - [MESSAGE][PASSED] - Text of object 'Object Repository/Выполнение бизнес-плана/Период' is: '2024 год'

03-03-2025T13:49:14 - [TEST_STEP][PASSED] - iy = m.indexOf("20"): null

03-03-2025T13:49:14 - [TEST_STEP][PASSED] - if (iy > -1): null

03-03-2025T13:49:14 - [TEST_STEP][PASSED] - y = substring(iy, iy + 4).toInteger(): null

03-03-2025T13:49:14 - [TEST_STEP][PASSED] - println(y): null

03-03-2025T13:49:14 - [TEST_STEP][PASSED] - if (toString().length() == 4): null

03-03-2025T13:49:14 - [TEST_STEP][PASSED] - m = m.substring(0, m.indexOf(y.toString())): null

03-03-2025T13:49:14 - [TEST_STEP][PASSED] - m = m.trim(): null

03-03-2025T13:49:14 - [TEST_STEP][PASSED] - if (m == ""): null

03-03-2025T13:49:14 - [TEST_STEP][PASSED] - m = "весь год": null

03-03-2025T13:49:14 - [TEST_STEP][PASSED] - dashboardName = "Выполнение бизнес-плана": null

03-03-2025T13:49:14 - [TEST_STEP][PASSED] - workbook01 = getWorkbook(excelFilePath): null

03-03-2025T13:49:14 - [TEST_STEP][PASSED] - sheet01 = getExcelSheet(workbook01, sheetName): null

03-03-2025T13:49:14 - [TEST_STEP][PASSED] - setValueToCellByIndex(sheet01, n, 0, dashboardName): null

03-03-2025T13:49:14 - [TEST_STEP][PASSED] - setValueToCellByIndex(sheet01, n, 1, dZO): null

03-03-2025T13:49:14 - [TEST_STEP][PASSED] - setValueToCellByIndex(sheet01, n, 2, typeOfData): null

03-03-2025T13:49:14 - [TEST_STEP][PASSED] - if (typeOfData == "Факт в процентах" || typeOfData == "План в процентах"): null

03-03-2025T13:49:14 - [TEST_STEP][PASSED] - else: null

03-03-2025T13:49:14 - [TEST_STEP][PASSED] - setValueToCellByIndex(sheet01, n, 3, fileInt): null

03-03-2025T13:49:14 - [TEST_STEP][PASSED] - setValueToCellByIndex(sheet01, n, 4, pageInt): null

03-03-2025T13:49:14 - [TEST_STEP][PASSED] - setValueToCellByIndex(sheet01, n, 5, m): null

03-03-2025T13:49:14 - [TEST_STEP][PASSED] - setValueToCellByIndex(sheet01, n, 6, y): null

03-03-2025T13:49:14 - [TEST_STEP][PASSED] - setValueToCellByIndex(sheet01, n, 7, todaysDate): null

03-03-2025T13:49:14 - [TEST_STEP][PASSED] - n = n + 1: null

03-03-2025T13:49:14 - [TEST_STEP][PASSED] - saveWorkbook(excelFilePath, workbook01): Object: 'Object Repository/Выполнение бизнес-плана/Кнопка Факт' is clicked on

03-03-2025T13:49:14 - [TEST_STEP][PASSED] - if (planFact == 2): Object: 'Object Repository/Выполнение бизнес-плана/Кнопка Факт' is clicked on

03-03-2025T13:49:14 - [TEST_STEP][PASSED] - click(findTestObject("Выполнение бизнес-плана/Кнопка Факт")): Object: 'Object Repository/Выполнение бизнес-плана/Кнопка Факт' is clicked on

03-03-2025T13:49:14 - [MESSAGE][PASSED] - Object: 'Object Repository/Выполнение бизнес-плана/Кнопка Факт' is clicked on

03-03-2025T13:49:14 - [TEST_STEP][PASSED] - println("a=" + a): null

03-03-2025T13:49:14 - [TEST_STEP][PASSED] - if (a == 84 || a == 82): null

03-03-2025T13:49:14 - [TEST_STEP][PASSED] - else if (a == 83 || a == 52 || a == 72 || a == 28 || a == 73 || a == 77 || a == 74 || a == 65 || a == 36 || a == 44 || a == 53 || a == 80 || a == 54 || a == 1 || a == 18 || a == 59 || a == 81): null

03-03-2025T13:49:14 - [TEST_STEP][PASSED] - else: null

03-03-2025T13:49:14 - [TEST_STEP][PASSED] - page1 = getText(findTestObject("Object Repository/Выполнение бизнес-плана/spanPlan" + filialNum)): Text of object 'Object Repository/Выполнение бизнес-плана/spanPlan1' is: '6.40
|'

03-03-2025T13:49:15 - [MESSAGE][PASSED] - Text of object 'Object Repository/Выполнение бизнес-плана/spanPlan1' is: '6.40
|'

03-03-2025T13:49:15 - [TEST_STEP][PASSED] - page1 = page1.replace("|", ""): null

03-03-2025T13:49:15 - [TEST_STEP][PASSED] - page2 = getText(findTestObject("Object Repository/Выполнение бизнес-плана/spanFact" + filialNum)): Text of object 'Object Repository/Выполнение бизнес-плана/spanFact1' is: '6.11
|'

03-03-2025T13:49:15 - [MESSAGE][PASSED] - Text of object 'Object Repository/Выполнение бизнес-плана/spanFact1' is: '6.11
|'

03-03-2025T13:49:15 - [TEST_STEP][PASSED] - page2 = page2.replace("|", ""): null

03-03-2025T13:49:15 - [TEST_STEP][PASSED] - println("page1: " + page1): null

03-03-2025T13:49:15 - [TEST_STEP][PASSED] - println("page2: " + page2): null

03-03-2025T13:49:15 - [TEST_STEP][PASSED] - file = findTestData("PlanFact").getValue(4, a): null

03-03-2025T13:49:15 - [TEST_STEP][PASSED] - file = file.replace(",", "."): null

03-03-2025T13:49:15 - [TEST_STEP][PASSED] - println("file Plan: " + file): null

03-03-2025T13:49:15 - [TEST_STEP][PASSED] - typeOfData = "План в процентах": null

03-03-2025T13:49:15 - [TEST_STEP][PASSED] - fileDouble = file.toDouble(): null

03-03-2025T13:49:15 - [TEST_STEP][PASSED] - pageDouble = page1.toDouble(): null

03-03-2025T13:49:15 - [TEST_STEP][PASSED] - if (fileDouble != pageDouble): null

03-03-2025T13:49:15 - [TEST_STEP][PASSED] - file = findTestData("PlanFact").getValue(7, a): null

03-03-2025T13:49:15 - [TEST_STEP][PASSED] - file = file.replace(",", "."): null

03-03-2025T13:49:15 - [TEST_STEP][PASSED] - println("file Fact: " + file): null

03-03-2025T13:49:15 - [TEST_STEP][PASSED] - fileDouble = file.toDouble(): null

03-03-2025T13:49:15 - [TEST_STEP][PASSED] - typeOfData = "Факт в процентах": null

03-03-2025T13:49:15 - [TEST_STEP][PASSED] - fileDouble = file.toDouble(): null

03-03-2025T13:49:15 - [TEST_STEP][PASSED] - pageDouble = page2.toDouble(): null

03-03-2025T13:49:15 - [TEST_STEP][PASSED] - if (fileDouble != pageDouble): null

03-03-2025T13:49:15 - [TEST_STEP][FAILED] - if (verifyEqual(numberOfErrors, 0) == false): null

03-03-2025T13:49:15 - [MESSAGE][FAILED] - Unable to verify equal between actual object '4' and expected object '0' (Root cause: com.kms.katalon.core.exception.StepFailedException: Actual object '4' and expected object '0' are not equal
	at com.kms.katalon.core.keyword.builtin.VerifyEqualKeyword$_verifyEqual_closure1.doCall(VerifyEqualKeyword.groovy:58)
	at com.kms.katalon.core.keyword.builtin.VerifyEqualKeyword$_verifyEqual_closure1.call(VerifyEqualKeyword.groovy)
	at com.kms.katalon.core.keyword.internal.KeywordMain.runKeyword(KeywordMain.groovy:75)
	at com.kms.katalon.core.keyword.builtin.VerifyEqualKeyword.verifyEqual(VerifyEqualKeyword.groovy:63)
	at com.kms.katalon.core.keyword.builtin.VerifyEqualKeyword.execute(VerifyEqualKeyword.groovy:44)
	at com.kms.katalon.core.keyword.internal.KeywordExecutor.executeKeywordForPlatform(KeywordExecutor.groovy:74)
	at com.kms.katalon.core.keyword.BuiltinKeywords.verifyEqual(BuiltinKeywords.groovy:146)
	at jdk.internal.reflect.GeneratedMethodAccessor24.invoke(Unknown Source)
	at java.base/jdk.internal.reflect.DelegatingMethodAccessorImpl.invoke(DelegatingMethodAccessorImpl.java:43)
	at Выполнение бизнес-плана Сверка ПАО Россети все филиалы.Numbers(Выполнение бизнес-плана Сверка ПАО Россети все филиалы:736)
	at Выполнение бизнес-плана Сверка ПАО Россети все филиалы.Filials(Выполнение бизнес-плана Сверка ПАО Россети все филиалы:1353)
	at Выполнение бизнес-плана Сверка ПАО Россети все филиалы.Numbers(Выполнение бизнес-плана Сверка ПАО Россети все филиалы:743)
	at Выполнение бизнес-плана Сверка ПАО Россети все филиалы.run(Выполнение бизнес-плана Сверка ПАО Россети все филиалы:378)
	at com.kms.katalon.core.main.ScriptEngine.run(ScriptEngine.java:194)
	at com.kms.katalon.core.main.ScriptEngine.runScriptAsRawText(ScriptEngine.java:119)
	at com.kms.katalon.core.main.TestCaseExecutor.runScript(TestCaseExecutor.java:448)
	at com.kms.katalon.core.main.TestCaseExecutor.doExecute(TestCaseExecutor.java:439)
	at com.kms.katalon.core.main.TestCaseExecutor.processExecutionPhase(TestCaseExecutor.java:418)
	at com.kms.katalon.core.main.TestCaseExecutor.accessMainPhase(TestCaseExecutor.java:410)
	at com.kms.katalon.core.main.TestCaseExecutor.execute(TestCaseExecutor.java:285)
	at com.kms.katalon.core.common.CommonExecutor.accessTestCaseMainPhase(CommonExecutor.java:65)
	at com.kms.katalon.core.main.TestSuiteExecutor.accessTestSuiteMainPhase(TestSuiteExecutor.java:150)
	at com.kms.katalon.core.main.TestSuiteExecutor.execute(TestSuiteExecutor.java:106)
	at com.kms.katalon.core.main.TestCaseMain.startTestSuite(TestCaseMain.java:180)
	at TempTestSuite1740991900055.run(TempTestSuite1740991900055.groovy:35)
	at java.base/jdk.internal.reflect.NativeMethodAccessorImpl.invoke0(Native Method)
	at java.base/jdk.internal.reflect.NativeMethodAccessorImpl.invoke(NativeMethodAccessorImpl.java:77)
	at java.base/jdk.internal.reflect.DelegatingMethodAccessorImpl.invoke(DelegatingMethodAccessorImpl.java:43)
)

03-03-2025T13:49:15 - [TEST_STEP][PASSED] - println(numberOfErrors): null

03-03-2025T13:49:15 - [TEST_STEP][PASSED] - println("a=" + a): null

03-03-2025T13:49:15 - [TEST_STEP][PASSED] - if (a == 28 || a == 77 || a == 74 || a == 65 || a == 36 || a == 44 || a == 54 || a == 1 || a == 18 || a == 59): null

03-03-2025T13:49:15 - [TEST_STEP][PASSED] - if (a == 82): null

03-03-2025T13:49:15 - [TEST_STEP][PASSED] - dZO = "Ивэнерго": null

03-03-2025T13:49:15 - [TEST_STEP][PASSED] - a = 20: null

03-03-2025T13:49:15 - [TEST_STEP][PASSED] - if (x2.contains(dZO)): null

03-03-2025T13:49:15 - [TEST_STEP][PASSED] - filialNum = filialNum + 1: null

03-03-2025T13:49:15 - [TEST_STEP][PASSED] - Script1718980020443.Numbers(a, typeOfData, todaysDate, pageInt, fileInt, pageDouble, fileDouble, dZO, dzoNum, filialNum): null

03-03-2025T13:49:15 - [TEST_STEP][PASSED] - println(dzoNum): null

03-03-2025T13:49:15 - [TEST_STEP][PASSED] - planFact = <not implemented yet for class: org.codehaus.groovy.ast.expr.EmptyExpression>: null

03-03-2025T13:49:15 - [TEST_STEP][PASSED] - page = <not implemented yet for class: org.codehaus.groovy.ast.expr.EmptyExpression>: null

03-03-2025T13:49:15 - [TEST_STEP][PASSED] - page1 = <not implemented yet for class: org.codehaus.groovy.ast.expr.EmptyExpression>: null

03-03-2025T13:49:15 - [TEST_STEP][PASSED] - page2 = <not implemented yet for class: org.codehaus.groovy.ast.expr.EmptyExpression>: null

03-03-2025T13:49:15 - [TEST_STEP][PASSED] - filialNumberInRow = <not implemented yet for class: org.codehaus.groovy.ast.expr.EmptyExpression>: null

03-03-2025T13:49:15 - [TEST_STEP][PASSED] - filialsDzoNames = <not implemented yet for class: org.codehaus.groovy.ast.expr.EmptyExpression>: null

03-03-2025T13:49:15 - [TEST_STEP][PASSED] - numberOfFilials = <not implemented yet for class: org.codehaus.groovy.ast.expr.EmptyExpression>: null

03-03-2025T13:49:15 - [TEST_STEP][PASSED] - numberOfSpaces = <not implemented yet for class: org.codehaus.groovy.ast.expr.EmptyExpression>: null

03-03-2025T13:49:15 - [TEST_STEP][PASSED] - file = <not implemented yet for class: org.codehaus.groovy.ast.expr.EmptyExpression>: null

03-03-2025T13:49:15 - [TEST_STEP][PASSED] - otpusk = <not implemented yet for class: org.codehaus.groovy.ast.expr.EmptyExpression>: null

03-03-2025T13:49:15 - [TEST_STEP][PASSED] - poteri = <not implemented yet for class: org.codehaus.groovy.ast.expr.EmptyExpression>: null

03-03-2025T13:49:15 - [TEST_STEP][PASSED] - dataFolder = "Выполнение бизнес-плана/Значения со страницы Выполнение бизнес-плана/": null

03-03-2025T13:49:15 - [TEST_STEP][PASSED] - path = <not implemented yet for class: org.codehaus.groovy.ast.expr.EmptyExpression>: null

03-03-2025T13:49:15 - [TEST_STEP][PASSED] - typeOfDataMain = <not implemented yet for class: org.codehaus.groovy.ast.expr.EmptyExpression>: null

03-03-2025T13:49:15 - [TEST_STEP][PASSED] - fileOtpuskVSet = <not implemented yet for class: org.codehaus.groovy.ast.expr.EmptyExpression>: null

03-03-2025T13:49:15 - [TEST_STEP][PASSED] - pageOtpuskVSet = <not implemented yet for class: org.codehaus.groovy.ast.expr.EmptyExpression>: null

03-03-2025T13:49:15 - [TEST_STEP][PASSED] - filePoteri = <not implemented yet for class: org.codehaus.groovy.ast.expr.EmptyExpression>: null

03-03-2025T13:49:15 - [TEST_STEP][PASSED] - pagePoteri = <not implemented yet for class: org.codehaus.groovy.ast.expr.EmptyExpression>: null

03-03-2025T13:49:15 - [TEST_STEP][PASSED] - compare = <not implemented yet for class: org.codehaus.groovy.ast.expr.EmptyExpression>: null

03-03-2025T13:49:15 - [TEST_STEP][PASSED] - b = <not implemented yet for class: org.codehaus.groovy.ast.expr.EmptyExpression>: null

03-03-2025T13:49:15 - [TEST_STEP][PASSED] - i = <not implemented yet for class: org.codehaus.groovy.ast.expr.EmptyExpression>: null

03-03-2025T13:49:15 - [TEST_STEP][PASSED] - ii = <not implemented yet for class: org.codehaus.groovy.ast.expr.EmptyExpression>: null

03-03-2025T13:49:15 - [TEST_STEP][PASSED] - c = <not implemented yet for class: org.codehaus.groovy.ast.expr.EmptyExpression>: null

03-03-2025T13:49:15 - [TEST_STEP][PASSED] - numberOfErrors = 0: null

03-03-2025T13:49:15 - [TEST_STEP][PASSED] - if (a == 82): null

03-03-2025T13:49:15 - [TEST_STEP][PASSED] - b = findTestData("PlanFact").getValue(1, a): null

03-03-2025T13:49:15 - [TEST_STEP][PASSED] - i = b.indexOf(" (ГК)"): null

03-03-2025T13:49:15 - [TEST_STEP][PASSED] - if (i > -1): null

03-03-2025T13:49:15 - [TEST_STEP][PASSED] - i = b.indexOf("О ""): null

03-03-2025T13:49:15 - [TEST_STEP][PASSED] - if (i > -1): null

03-03-2025T13:49:15 - [TEST_STEP][PASSED] - i = b.indexOf("О «"): null

03-03-2025T13:49:15 - [TEST_STEP][PASSED] - if (i > -1): null

03-03-2025T13:49:15 - [TEST_STEP][PASSED] - i = b.indexOf("г. "): null

03-03-2025T13:49:15 - [TEST_STEP][PASSED] - if (i > -1): null

03-03-2025T13:49:15 - [TEST_STEP][PASSED] - b = b.trim(): null

03-03-2025T13:49:15 - [TEST_STEP][PASSED] - println(b): null

03-03-2025T13:49:15 - [TEST_STEP][PASSED] - for ([planFact = 1, planFact < 3, (planFact++)]): null

03-03-2025T13:49:15 - [TEST_STEP][PASSED] - if (planFact == 1): null

03-03-2025T13:49:15 - [TEST_STEP][PASSED] - typeOfDataMain = "Факт": null

03-03-2025T13:49:15 - [TEST_STEP][PASSED] - otpusk = findTestData("PlanFact").getValue(5, a): null

03-03-2025T13:49:15 - [TEST_STEP][PASSED] - poteri = findTestData("PlanFact").getValue(6, a): null

03-03-2025T13:49:15 - [TEST_STEP][PASSED] - otpusk = otpusk.replaceAll("\s+", ""): null

03-03-2025T13:49:15 - [TEST_STEP][PASSED] - poteri = poteri.replaceAll("\s+", ""): null

03-03-2025T13:49:15 - [TEST_STEP][PASSED] - typeOfData = typeOfDataMain + " Отпуск в сеть": null

03-03-2025T13:49:15 - [TEST_STEP][PASSED] - if (a == 82): null

03-03-2025T13:49:15 - [TEST_STEP][PASSED] - else if (a == 84): null

03-03-2025T13:49:15 - [TEST_STEP][PASSED] - else if (a == 83 || a == 52 || a == 72 || a == 28 || a == 73 || a == 77 || a == 74 || a == 65 || a == 36 || a == 44 || a == 53 || a == 80 || a == 54 || a == 1 || a == 18 || a == 59 || a == 81): null

03-03-2025T13:49:15 - [TEST_STEP][PASSED] - else: null

03-03-2025T13:49:15 - [TEST_STEP][PASSED] - path = dataFolder + typeOfData + " за отчётный период " + b: null

03-03-2025T13:49:15 - [TEST_STEP][PASSED] - println(path): null

03-03-2025T13:49:15 - [TEST_STEP][PASSED] - page = getText(findTestObject(path)): Text of object 'Object Repository/Выполнение бизнес-плана/Значения со страницы Выполнение бизнес-плана/Факт Отпуск в сеть за отчётный период Ивэнерго' is: '300 028'

03-03-2025T13:49:16 - [MESSAGE][PASSED] - Text of object 'Object Repository/Выполнение бизнес-плана/Значения со страницы Выполнение бизнес-плана/Факт Отпуск в сеть за отчётный период Ивэнерго' is: '300 028'

03-03-2025T13:49:16 - [TEST_STEP][PASSED] - if (page == "" || page == null): null

03-03-2025T13:49:16 - [TEST_STEP][PASSED] - else: null

03-03-2025T13:49:16 - [TEST_STEP][PASSED] - page = page.replaceAll("\s+", ""): null

03-03-2025T13:49:16 - [TEST_STEP][PASSED] - fileOtpuskVSet = otpusk.toInteger(): null

03-03-2025T13:49:16 - [TEST_STEP][PASSED] - pageOtpuskVSet = page.toInteger(): null

03-03-2025T13:49:16 - [TEST_STEP][PASSED] - typeOfData = typeOfDataMain + " Потери": null

03-03-2025T13:49:16 - [TEST_STEP][PASSED] - if (a == 82): null

03-03-2025T13:49:16 - [TEST_STEP][PASSED] - else if (a == 84): null

03-03-2025T13:49:16 - [TEST_STEP][PASSED] - else if (a == 83 || a == 52 || a == 72 || a == 28 || a == 73 || a == 77 || a == 74 || a == 65 || a == 44 || a == 53 || a == 80 || a == 54 || a == 1 || a == 18 || a == 59 || a == 81): null

03-03-2025T13:49:16 - [TEST_STEP][PASSED] - else: null

03-03-2025T13:49:16 - [TEST_STEP][PASSED] - path = dataFolder + typeOfData + " за отчётный период " + b: null

03-03-2025T13:49:16 - [TEST_STEP][PASSED] - page = getText(findTestObject(path)): Text of object 'Object Repository/Выполнение бизнес-плана/Значения со страницы Выполнение бизнес-плана/Факт Потери за отчётный период Ивэнерго' is: '36 655'

03-03-2025T13:49:16 - [MESSAGE][PASSED] - Text of object 'Object Repository/Выполнение бизнес-плана/Значения со страницы Выполнение бизнес-плана/Факт Потери за отчётный период Ивэнерго' is: '36 655'

03-03-2025T13:49:16 - [TEST_STEP][PASSED] - if (page == "" || page == null): null

03-03-2025T13:49:16 - [TEST_STEP][PASSED] - else: null

03-03-2025T13:49:16 - [TEST_STEP][PASSED] - page = page.replaceAll("\s+", ""): null

03-03-2025T13:49:16 - [TEST_STEP][PASSED] - filePoteri = poteri.toInteger(): null

03-03-2025T13:49:16 - [TEST_STEP][PASSED] - pagePoteri = page.toInteger(): null

03-03-2025T13:49:16 - [TEST_STEP][PASSED] - compare = pageOtpuskVSet: null

03-03-2025T13:49:16 - [TEST_STEP][PASSED] - if (pageOtpuskVSet != null): null

03-03-2025T13:49:16 - [TEST_STEP][PASSED] - if (compare == fileOtpuskVSet): null

03-03-2025T13:49:16 - [TEST_STEP][PASSED] - else if (compare > fileOtpuskVSet): null

03-03-2025T13:49:16 - [TEST_STEP][PASSED] - else if (compare < fileOtpuskVSet): null

03-03-2025T13:49:16 - [TEST_STEP][PASSED] - compare = compare + 1: null

03-03-2025T13:49:16 - [TEST_STEP][PASSED] - if (compare == fileOtpuskVSet): null

03-03-2025T13:49:16 - [TEST_STEP][PASSED] - else: null

03-03-2025T13:49:16 - [TEST_STEP][PASSED] - numberOfErrors = numberOfErrors + 1: null

03-03-2025T13:49:16 - [TEST_STEP][PASSED] - pageInt = pageOtpuskVSet: null

03-03-2025T13:49:16 - [TEST_STEP][PASSED] - fileInt = fileOtpuskVSet: null

03-03-2025T13:49:16 - [TEST_STEP][PASSED] - typeOfData = typeOfDataMain + " Отпуск в сеть": null

03-03-2025T13:49:16 - [TEST_STEP][PASSED] - Script1718980020443.WriteToExcel(a, typeOfData, todaysDate, pageInt, fileInt, pageDouble, fileDouble, dZO): null

03-03-2025T13:49:16 - [TEST_STEP][PASSED] - sheetName = "Sheet1": null

03-03-2025T13:49:16 - [TEST_STEP][PASSED] - data = findTestData("PlanFact"): null

03-03-2025T13:49:16 - [TEST_STEP][PASSED] - n = data.getRowNumbers() + 1: null

03-03-2025T13:49:16 - [TEST_STEP][PASSED] - day = ")).toInteger(): null

03-03-2025T13:49:16 - [TEST_STEP][PASSED] - println(day): null

03-03-2025T13:49:16 - [TEST_STEP][PASSED] - month = ")).toInteger(): null

03-03-2025T13:49:16 - [TEST_STEP][PASSED] - println(month): null

03-03-2025T13:49:16 - [TEST_STEP][PASSED] - y = <not implemented yet for class: org.codehaus.groovy.ast.expr.EmptyExpression>: null

03-03-2025T13:49:16 - [TEST_STEP][PASSED] - iy = <not implemented yet for class: org.codehaus.groovy.ast.expr.EmptyExpression>: null

03-03-2025T13:49:16 - [TEST_STEP][PASSED] - m = getText(findTestObject("Выполнение бизнес-плана/Период")): Text of object 'Object Repository/Выполнение бизнес-плана/Период' is: '2024 год'

03-03-2025T13:49:16 - [MESSAGE][PASSED] - Text of object 'Object Repository/Выполнение бизнес-плана/Период' is: '2024 год'

03-03-2025T13:49:16 - [TEST_STEP][PASSED] - iy = m.indexOf("20"): null

03-03-2025T13:49:16 - [TEST_STEP][PASSED] - if (iy > -1): null

03-03-2025T13:49:16 - [TEST_STEP][PASSED] - y = substring(iy, iy + 4).toInteger(): null

03-03-2025T13:49:16 - [TEST_STEP][PASSED] - println(y): null

03-03-2025T13:49:16 - [TEST_STEP][PASSED] - if (toString().length() == 4): null

03-03-2025T13:49:16 - [TEST_STEP][PASSED] - m = m.substring(0, m.indexOf(y.toString())): null

03-03-2025T13:49:16 - [TEST_STEP][PASSED] - m = m.trim(): null

03-03-2025T13:49:16 - [TEST_STEP][PASSED] - if (m == ""): null

03-03-2025T13:49:16 - [TEST_STEP][PASSED] - m = "весь год": null

03-03-2025T13:49:16 - [TEST_STEP][PASSED] - dashboardName = "Выполнение бизнес-плана": null

03-03-2025T13:49:16 - [TEST_STEP][PASSED] - workbook01 = getWorkbook(excelFilePath): null

03-03-2025T13:49:16 - [TEST_STEP][PASSED] - sheet01 = getExcelSheet(workbook01, sheetName): null

03-03-2025T13:49:16 - [TEST_STEP][PASSED] - setValueToCellByIndex(sheet01, n, 0, dashboardName): null

03-03-2025T13:49:16 - [TEST_STEP][PASSED] - setValueToCellByIndex(sheet01, n, 1, dZO): null

03-03-2025T13:49:16 - [TEST_STEP][PASSED] - setValueToCellByIndex(sheet01, n, 2, typeOfData): null

03-03-2025T13:49:16 - [TEST_STEP][PASSED] - if (typeOfData == "Факт в процентах" || typeOfData == "План в процентах"): null

03-03-2025T13:49:16 - [TEST_STEP][PASSED] - else: null

03-03-2025T13:49:16 - [TEST_STEP][PASSED] - setValueToCellByIndex(sheet01, n, 3, fileInt): null

03-03-2025T13:49:16 - [TEST_STEP][PASSED] - setValueToCellByIndex(sheet01, n, 4, pageInt): null

03-03-2025T13:49:16 - [TEST_STEP][PASSED] - setValueToCellByIndex(sheet01, n, 5, m): null

03-03-2025T13:49:16 - [TEST_STEP][PASSED] - setValueToCellByIndex(sheet01, n, 6, y): null

03-03-2025T13:49:16 - [TEST_STEP][PASSED] - setValueToCellByIndex(sheet01, n, 7, todaysDate): null

03-03-2025T13:49:16 - [TEST_STEP][PASSED] - n = n + 1: null

03-03-2025T13:49:16 - [TEST_STEP][PASSED] - saveWorkbook(excelFilePath, workbook01): null

03-03-2025T13:49:17 - [TEST_STEP][PASSED] - compare = pagePoteri: null

03-03-2025T13:49:17 - [TEST_STEP][PASSED] - if (pageOtpuskVSet != null): null

03-03-2025T13:49:17 - [TEST_STEP][PASSED] - if (compare == filePoteri): null

03-03-2025T13:49:17 - [TEST_STEP][PASSED] - else if (compare > filePoteri): null

03-03-2025T13:49:17 - [TEST_STEP][PASSED] - else if (compare < filePoteri): null

03-03-2025T13:49:17 - [TEST_STEP][PASSED] - compare = compare + 1: null

03-03-2025T13:49:17 - [TEST_STEP][PASSED] - if (compare == filePoteri): null

03-03-2025T13:49:17 - [TEST_STEP][PASSED] - else: null

03-03-2025T13:49:17 - [TEST_STEP][PASSED] - numberOfErrors = numberOfErrors + 1: null

03-03-2025T13:49:17 - [TEST_STEP][PASSED] - pageInt = pagePoteri: null

03-03-2025T13:49:17 - [TEST_STEP][PASSED] - fileInt = filePoteri: null

03-03-2025T13:49:17 - [TEST_STEP][PASSED] - typeOfData = typeOfDataMain + " Потери": null

03-03-2025T13:49:17 - [TEST_STEP][PASSED] - Script1718980020443.WriteToExcel(a, typeOfData, todaysDate, pageInt, fileInt, pageDouble, fileDouble, dZO): null

03-03-2025T13:49:17 - [TEST_STEP][PASSED] - sheetName = "Sheet1": null

03-03-2025T13:49:17 - [TEST_STEP][PASSED] - data = findTestData("PlanFact"): null

03-03-2025T13:49:17 - [TEST_STEP][PASSED] - n = data.getRowNumbers() + 1: null

03-03-2025T13:49:17 - [TEST_STEP][PASSED] - day = ")).toInteger(): null

03-03-2025T13:49:17 - [TEST_STEP][PASSED] - println(day): null

03-03-2025T13:49:17 - [TEST_STEP][PASSED] - month = ")).toInteger(): null

03-03-2025T13:49:17 - [TEST_STEP][PASSED] - println(month): null

03-03-2025T13:49:17 - [TEST_STEP][PASSED] - y = <not implemented yet for class: org.codehaus.groovy.ast.expr.EmptyExpression>: null

03-03-2025T13:49:17 - [TEST_STEP][PASSED] - iy = <not implemented yet for class: org.codehaus.groovy.ast.expr.EmptyExpression>: null

03-03-2025T13:49:17 - [TEST_STEP][PASSED] - m = getText(findTestObject("Выполнение бизнес-плана/Период")): Text of object 'Object Repository/Выполнение бизнес-плана/Период' is: '2024 год'

03-03-2025T13:49:17 - [MESSAGE][PASSED] - Text of object 'Object Repository/Выполнение бизнес-плана/Период' is: '2024 год'

03-03-2025T13:49:17 - [TEST_STEP][PASSED] - iy = m.indexOf("20"): null

03-03-2025T13:49:17 - [TEST_STEP][PASSED] - if (iy > -1): null

03-03-2025T13:49:17 - [TEST_STEP][PASSED] - y = substring(iy, iy + 4).toInteger(): null

03-03-2025T13:49:17 - [TEST_STEP][PASSED] - println(y): null

03-03-2025T13:49:17 - [TEST_STEP][PASSED] - if (toString().length() == 4): null

03-03-2025T13:49:17 - [TEST_STEP][PASSED] - m = m.substring(0, m.indexOf(y.toString())): null

03-03-2025T13:49:17 - [TEST_STEP][PASSED] - m = m.trim(): null

03-03-2025T13:49:17 - [TEST_STEP][PASSED] - if (m == ""): null

03-03-2025T13:49:17 - [TEST_STEP][PASSED] - m = "весь год": null

03-03-2025T13:49:17 - [TEST_STEP][PASSED] - dashboardName = "Выполнение бизнес-плана": null

03-03-2025T13:49:17 - [TEST_STEP][PASSED] - workbook01 = getWorkbook(excelFilePath): null

03-03-2025T13:49:17 - [TEST_STEP][PASSED] - sheet01 = getExcelSheet(workbook01, sheetName): null

03-03-2025T13:49:17 - [TEST_STEP][PASSED] - setValueToCellByIndex(sheet01, n, 0, dashboardName): null

03-03-2025T13:49:17 - [TEST_STEP][PASSED] - setValueToCellByIndex(sheet01, n, 1, dZO): null

03-03-2025T13:49:17 - [TEST_STEP][PASSED] - setValueToCellByIndex(sheet01, n, 2, typeOfData): null

03-03-2025T13:49:17 - [TEST_STEP][PASSED] - if (typeOfData == "Факт в процентах" || typeOfData == "План в процентах"): null

03-03-2025T13:49:17 - [TEST_STEP][PASSED] - else: null

03-03-2025T13:49:17 - [TEST_STEP][PASSED] - setValueToCellByIndex(sheet01, n, 3, fileInt): null

03-03-2025T13:49:17 - [TEST_STEP][PASSED] - setValueToCellByIndex(sheet01, n, 4, pageInt): null

03-03-2025T13:49:17 - [TEST_STEP][PASSED] - setValueToCellByIndex(sheet01, n, 5, m): null

03-03-2025T13:49:17 - [TEST_STEP][PASSED] - setValueToCellByIndex(sheet01, n, 6, y): null

03-03-2025T13:49:17 - [TEST_STEP][PASSED] - setValueToCellByIndex(sheet01, n, 7, todaysDate): null

03-03-2025T13:49:17 - [TEST_STEP][PASSED] - n = n + 1: null

03-03-2025T13:49:17 - [TEST_STEP][PASSED] - saveWorkbook(excelFilePath, workbook01): null

03-03-2025T13:49:17 - [TEST_STEP][PASSED] - if (planFact == 2): null

03-03-2025T13:49:17 - [TEST_STEP][PASSED] - if (planFact == 1): null

03-03-2025T13:49:17 - [TEST_STEP][PASSED] - else if (planFact == 2): null

03-03-2025T13:49:17 - [TEST_STEP][PASSED] - click(findTestObject("Выполнение бизнес-плана/Кнопка План")): Object: 'Object Repository/Выполнение бизнес-плана/Кнопка План' is clicked on

03-03-2025T13:49:18 - [MESSAGE][PASSED] - Object: 'Object Repository/Выполнение бизнес-плана/Кнопка План' is clicked on

03-03-2025T13:49:18 - [TEST_STEP][PASSED] - typeOfDataMain = "План": null

03-03-2025T13:49:18 - [TEST_STEP][PASSED] - otpusk = findTestData("PlanFact").getValue(2, a): null

03-03-2025T13:49:18 - [TEST_STEP][PASSED] - poteri = findTestData("PlanFact").getValue(3, a): null

03-03-2025T13:49:18 - [TEST_STEP][PASSED] - otpusk = otpusk.replaceAll("\s+", ""): null

03-03-2025T13:49:18 - [TEST_STEP][PASSED] - poteri = poteri.replaceAll("\s+", ""): null

03-03-2025T13:49:18 - [TEST_STEP][PASSED] - typeOfData = typeOfDataMain + " Отпуск в сеть": null

03-03-2025T13:49:18 - [TEST_STEP][PASSED] - if (a == 82): null

03-03-2025T13:49:18 - [TEST_STEP][PASSED] - else if (a == 84): null

03-03-2025T13:49:18 - [TEST_STEP][PASSED] - else if (a == 83 || a == 52 || a == 72 || a == 28 || a == 73 || a == 77 || a == 74 || a == 65 || a == 36 || a == 44 || a == 53 || a == 80 || a == 54 || a == 1 || a == 18 || a == 59 || a == 81): null

03-03-2025T13:49:18 - [TEST_STEP][PASSED] - else: null

03-03-2025T13:49:18 - [TEST_STEP][PASSED] - path = dataFolder + typeOfData + " за отчётный период " + b: null

03-03-2025T13:49:18 - [TEST_STEP][PASSED] - println(path): null

03-03-2025T13:49:18 - [TEST_STEP][PASSED] - page = getText(findTestObject(path)): Text of object 'Object Repository/Выполнение бизнес-плана/Значения со страницы Выполнение бизнес-плана/План Отпуск в сеть за отчётный период Ивэнерго' is: '298 115'

03-03-2025T13:49:18 - [MESSAGE][PASSED] - Text of object 'Object Repository/Выполнение бизнес-плана/Значения со страницы Выполнение бизнес-плана/План Отпуск в сеть за отчётный период Ивэнерго' is: '298 115'

03-03-2025T13:49:18 - [TEST_STEP][PASSED] - if (page == "" || page == null): null

03-03-2025T13:49:18 - [TEST_STEP][PASSED] - else: null

03-03-2025T13:49:18 - [TEST_STEP][PASSED] - page = page.replaceAll("\s+", ""): null

03-03-2025T13:49:18 - [TEST_STEP][PASSED] - fileOtpuskVSet = otpusk.toInteger(): null

03-03-2025T13:49:18 - [TEST_STEP][PASSED] - pageOtpuskVSet = page.toInteger(): null

03-03-2025T13:49:18 - [TEST_STEP][PASSED] - typeOfData = typeOfDataMain + " Потери": null

03-03-2025T13:49:18 - [TEST_STEP][PASSED] - if (a == 82): null

03-03-2025T13:49:18 - [TEST_STEP][PASSED] - else if (a == 84): null

03-03-2025T13:49:18 - [TEST_STEP][PASSED] - else if (a == 83 || a == 52 || a == 72 || a == 28 || a == 73 || a == 77 || a == 74 || a == 65 || a == 44 || a == 53 || a == 80 || a == 54 || a == 1 || a == 18 || a == 59 || a == 81): null

03-03-2025T13:49:18 - [TEST_STEP][PASSED] - else: null

03-03-2025T13:49:18 - [TEST_STEP][PASSED] - path = dataFolder + typeOfData + " за отчётный период " + b: null

03-03-2025T13:49:18 - [TEST_STEP][PASSED] - page = getText(findTestObject(path)): Text of object 'Object Repository/Выполнение бизнес-плана/Значения со страницы Выполнение бизнес-плана/План Потери за отчётный период Ивэнерго' is: '35 033'

03-03-2025T13:49:18 - [MESSAGE][PASSED] - Text of object 'Object Repository/Выполнение бизнес-плана/Значения со страницы Выполнение бизнес-плана/План Потери за отчётный период Ивэнерго' is: '35 033'

03-03-2025T13:49:18 - [TEST_STEP][PASSED] - if (page == "" || page == null): null

03-03-2025T13:49:18 - [TEST_STEP][PASSED] - else: null

03-03-2025T13:49:18 - [TEST_STEP][PASSED] - page = page.replaceAll("\s+", ""): null

03-03-2025T13:49:18 - [TEST_STEP][PASSED] - filePoteri = poteri.toInteger(): null

03-03-2025T13:49:18 - [TEST_STEP][PASSED] - pagePoteri = page.toInteger(): null

03-03-2025T13:49:18 - [TEST_STEP][PASSED] - compare = pageOtpuskVSet: null

03-03-2025T13:49:18 - [TEST_STEP][PASSED] - if (pageOtpuskVSet != null): null

03-03-2025T13:49:18 - [TEST_STEP][PASSED] - if (compare == fileOtpuskVSet): null

03-03-2025T13:49:18 - [TEST_STEP][PASSED] - else if (compare > fileOtpuskVSet): null

03-03-2025T13:49:18 - [TEST_STEP][PASSED] - else if (compare < fileOtpuskVSet): null

03-03-2025T13:49:18 - [TEST_STEP][PASSED] - compare = compare + 1: null

03-03-2025T13:49:18 - [TEST_STEP][PASSED] - if (compare == fileOtpuskVSet): null

03-03-2025T13:49:18 - [TEST_STEP][PASSED] - else: null

03-03-2025T13:49:18 - [TEST_STEP][PASSED] - numberOfErrors = numberOfErrors + 1: null

03-03-2025T13:49:18 - [TEST_STEP][PASSED] - pageInt = pageOtpuskVSet: null

03-03-2025T13:49:18 - [TEST_STEP][PASSED] - fileInt = fileOtpuskVSet: null

03-03-2025T13:49:18 - [TEST_STEP][PASSED] - typeOfData = typeOfDataMain + " Отпуск в сеть": null

03-03-2025T13:49:18 - [TEST_STEP][PASSED] - Script1718980020443.WriteToExcel(a, typeOfData, todaysDate, pageInt, fileInt, pageDouble, fileDouble, dZO): null

03-03-2025T13:49:18 - [TEST_STEP][PASSED] - sheetName = "Sheet1": null

03-03-2025T13:49:18 - [TEST_STEP][PASSED] - data = findTestData("PlanFact"): null

03-03-2025T13:49:18 - [TEST_STEP][PASSED] - n = data.getRowNumbers() + 1: null

03-03-2025T13:49:18 - [TEST_STEP][PASSED] - day = ")).toInteger(): null

03-03-2025T13:49:18 - [TEST_STEP][PASSED] - println(day): null

03-03-2025T13:49:18 - [TEST_STEP][PASSED] - month = ")).toInteger(): null

03-03-2025T13:49:18 - [TEST_STEP][PASSED] - println(month): null

03-03-2025T13:49:18 - [TEST_STEP][PASSED] - y = <not implemented yet for class: org.codehaus.groovy.ast.expr.EmptyExpression>: null

03-03-2025T13:49:18 - [TEST_STEP][PASSED] - iy = <not implemented yet for class: org.codehaus.groovy.ast.expr.EmptyExpression>: null

03-03-2025T13:49:18 - [TEST_STEP][PASSED] - m = getText(findTestObject("Выполнение бизнес-плана/Период")): Text of object 'Object Repository/Выполнение бизнес-плана/Период' is: '2024 год'

03-03-2025T13:49:19 - [MESSAGE][PASSED] - Text of object 'Object Repository/Выполнение бизнес-плана/Период' is: '2024 год'

03-03-2025T13:49:19 - [TEST_STEP][PASSED] - iy = m.indexOf("20"): null

03-03-2025T13:49:19 - [TEST_STEP][PASSED] - if (iy > -1): null

03-03-2025T13:49:19 - [TEST_STEP][PASSED] - y = substring(iy, iy + 4).toInteger(): null

03-03-2025T13:49:19 - [TEST_STEP][PASSED] - println(y): null

03-03-2025T13:49:19 - [TEST_STEP][PASSED] - if (toString().length() == 4): null

03-03-2025T13:49:19 - [TEST_STEP][PASSED] - m = m.substring(0, m.indexOf(y.toString())): null

03-03-2025T13:49:19 - [TEST_STEP][PASSED] - m = m.trim(): null

03-03-2025T13:49:19 - [TEST_STEP][PASSED] - if (m == ""): null

03-03-2025T13:49:19 - [TEST_STEP][PASSED] - m = "весь год": null

03-03-2025T13:49:19 - [TEST_STEP][PASSED] - dashboardName = "Выполнение бизнес-плана": null

03-03-2025T13:49:19 - [TEST_STEP][PASSED] - workbook01 = getWorkbook(excelFilePath): null

03-03-2025T13:49:19 - [TEST_STEP][PASSED] - sheet01 = getExcelSheet(workbook01, sheetName): null

03-03-2025T13:49:19 - [TEST_STEP][PASSED] - setValueToCellByIndex(sheet01, n, 0, dashboardName): null

03-03-2025T13:49:19 - [TEST_STEP][PASSED] - setValueToCellByIndex(sheet01, n, 1, dZO): null

03-03-2025T13:49:19 - [TEST_STEP][PASSED] - setValueToCellByIndex(sheet01, n, 2, typeOfData): null

03-03-2025T13:49:19 - [TEST_STEP][PASSED] - if (typeOfData == "Факт в процентах" || typeOfData == "План в процентах"): null

03-03-2025T13:49:19 - [TEST_STEP][PASSED] - else: null

03-03-2025T13:49:19 - [TEST_STEP][PASSED] - setValueToCellByIndex(sheet01, n, 3, fileInt): null

03-03-2025T13:49:19 - [TEST_STEP][PASSED] - setValueToCellByIndex(sheet01, n, 4, pageInt): null

03-03-2025T13:49:19 - [TEST_STEP][PASSED] - setValueToCellByIndex(sheet01, n, 5, m): null

03-03-2025T13:49:19 - [TEST_STEP][PASSED] - setValueToCellByIndex(sheet01, n, 6, y): null

03-03-2025T13:49:19 - [TEST_STEP][PASSED] - setValueToCellByIndex(sheet01, n, 7, todaysDate): null

03-03-2025T13:49:19 - [TEST_STEP][PASSED] - n = n + 1: null

03-03-2025T13:49:19 - [TEST_STEP][PASSED] - saveWorkbook(excelFilePath, workbook01): null

03-03-2025T13:49:19 - [TEST_STEP][PASSED] - compare = pagePoteri: null

03-03-2025T13:49:19 - [TEST_STEP][PASSED] - if (pageOtpuskVSet != null): null

03-03-2025T13:49:19 - [TEST_STEP][PASSED] - if (compare == filePoteri): null

03-03-2025T13:49:19 - [TEST_STEP][PASSED] - else if (compare > filePoteri): null

03-03-2025T13:49:19 - [TEST_STEP][PASSED] - else if (compare < filePoteri): null

03-03-2025T13:49:19 - [TEST_STEP][PASSED] - compare = compare + 1: null

03-03-2025T13:49:19 - [TEST_STEP][PASSED] - if (compare == filePoteri): null

03-03-2025T13:49:19 - [TEST_STEP][PASSED] - else: null

03-03-2025T13:49:19 - [TEST_STEP][PASSED] - numberOfErrors = numberOfErrors + 1: null

03-03-2025T13:49:19 - [TEST_STEP][PASSED] - pageInt = pagePoteri: null

03-03-2025T13:49:19 - [TEST_STEP][PASSED] - fileInt = filePoteri: null

03-03-2025T13:49:19 - [TEST_STEP][PASSED] - typeOfData = typeOfDataMain + " Потери": null

03-03-2025T13:49:19 - [TEST_STEP][PASSED] - Script1718980020443.WriteToExcel(a, typeOfData, todaysDate, pageInt, fileInt, pageDouble, fileDouble, dZO): null

03-03-2025T13:49:19 - [TEST_STEP][PASSED] - sheetName = "Sheet1": null

03-03-2025T13:49:19 - [TEST_STEP][PASSED] - data = findTestData("PlanFact"): null

03-03-2025T13:49:19 - [TEST_STEP][PASSED] - n = data.getRowNumbers() + 1: null

03-03-2025T13:49:19 - [TEST_STEP][PASSED] - day = ")).toInteger(): null

03-03-2025T13:49:19 - [TEST_STEP][PASSED] - println(day): null

03-03-2025T13:49:19 - [TEST_STEP][PASSED] - month = ")).toInteger(): null

03-03-2025T13:49:19 - [TEST_STEP][PASSED] - println(month): null

03-03-2025T13:49:19 - [TEST_STEP][PASSED] - y = <not implemented yet for class: org.codehaus.groovy.ast.expr.EmptyExpression>: null

03-03-2025T13:49:19 - [TEST_STEP][PASSED] - iy = <not implemented yet for class: org.codehaus.groovy.ast.expr.EmptyExpression>: null

03-03-2025T13:49:19 - [TEST_STEP][PASSED] - m = getText(findTestObject("Выполнение бизнес-плана/Период")): Text of object 'Object Repository/Выполнение бизнес-плана/Период' is: '2024 год'

03-03-2025T13:49:19 - [MESSAGE][PASSED] - Text of object 'Object Repository/Выполнение бизнес-плана/Период' is: '2024 год'

03-03-2025T13:49:19 - [TEST_STEP][PASSED] - iy = m.indexOf("20"): null

03-03-2025T13:49:19 - [TEST_STEP][PASSED] - if (iy > -1): null

03-03-2025T13:49:19 - [TEST_STEP][PASSED] - y = substring(iy, iy + 4).toInteger(): null

03-03-2025T13:49:19 - [TEST_STEP][PASSED] - println(y): null

03-03-2025T13:49:19 - [TEST_STEP][PASSED] - if (toString().length() == 4): null

03-03-2025T13:49:19 - [TEST_STEP][PASSED] - m = m.substring(0, m.indexOf(y.toString())): null

03-03-2025T13:49:19 - [TEST_STEP][PASSED] - m = m.trim(): null

03-03-2025T13:49:19 - [TEST_STEP][PASSED] - if (m == ""): null

03-03-2025T13:49:19 - [TEST_STEP][PASSED] - m = "весь год": null

03-03-2025T13:49:19 - [TEST_STEP][PASSED] - dashboardName = "Выполнение бизнес-плана": null

03-03-2025T13:49:19 - [TEST_STEP][PASSED] - workbook01 = getWorkbook(excelFilePath): null

03-03-2025T13:49:19 - [TEST_STEP][PASSED] - sheet01 = getExcelSheet(workbook01, sheetName): null

03-03-2025T13:49:19 - [TEST_STEP][PASSED] - setValueToCellByIndex(sheet01, n, 0, dashboardName): null

03-03-2025T13:49:19 - [TEST_STEP][PASSED] - setValueToCellByIndex(sheet01, n, 1, dZO): null

03-03-2025T13:49:19 - [TEST_STEP][PASSED] - setValueToCellByIndex(sheet01, n, 2, typeOfData): null

03-03-2025T13:49:19 - [TEST_STEP][PASSED] - if (typeOfData == "Факт в процентах" || typeOfData == "План в процентах"): null

03-03-2025T13:49:19 - [TEST_STEP][PASSED] - else: null

03-03-2025T13:49:19 - [TEST_STEP][PASSED] - setValueToCellByIndex(sheet01, n, 3, fileInt): null

03-03-2025T13:49:19 - [TEST_STEP][PASSED] - setValueToCellByIndex(sheet01, n, 4, pageInt): null

03-03-2025T13:49:19 - [TEST_STEP][PASSED] - setValueToCellByIndex(sheet01, n, 5, m): null

03-03-2025T13:49:19 - [TEST_STEP][PASSED] - setValueToCellByIndex(sheet01, n, 6, y): null

03-03-2025T13:49:19 - [TEST_STEP][PASSED] - setValueToCellByIndex(sheet01, n, 7, todaysDate): null

03-03-2025T13:49:19 - [TEST_STEP][PASSED] - n = n + 1: null

03-03-2025T13:49:19 - [TEST_STEP][PASSED] - saveWorkbook(excelFilePath, workbook01): Object: 'Object Repository/Выполнение бизнес-плана/Кнопка Факт' is clicked on

03-03-2025T13:49:20 - [TEST_STEP][PASSED] - if (planFact == 2): Object: 'Object Repository/Выполнение бизнес-плана/Кнопка Факт' is clicked on

03-03-2025T13:49:20 - [TEST_STEP][PASSED] - click(findTestObject("Выполнение бизнес-плана/Кнопка Факт")): Object: 'Object Repository/Выполнение бизнес-плана/Кнопка Факт' is clicked on

03-03-2025T13:49:20 - [MESSAGE][PASSED] - Object: 'Object Repository/Выполнение бизнес-плана/Кнопка Факт' is clicked on

03-03-2025T13:49:20 - [TEST_STEP][PASSED] - println("a=" + a): null

03-03-2025T13:49:20 - [TEST_STEP][PASSED] - if (a == 84 || a == 82): null

03-03-2025T13:49:20 - [TEST_STEP][PASSED] - else if (a == 83 || a == 52 || a == 72 || a == 28 || a == 73 || a == 77 || a == 74 || a == 65 || a == 36 || a == 44 || a == 53 || a == 80 || a == 54 || a == 1 || a == 18 || a == 59 || a == 81): null

03-03-2025T13:49:20 - [TEST_STEP][PASSED] - else: null

03-03-2025T13:49:20 - [TEST_STEP][PASSED] - page1 = getText(findTestObject("Object Repository/Выполнение бизнес-плана/spanPlan" + filialNum)): Text of object 'Object Repository/Выполнение бизнес-плана/spanPlan2' is: '8.80
|'

03-03-2025T13:49:20 - [MESSAGE][PASSED] - Text of object 'Object Repository/Выполнение бизнес-плана/spanPlan2' is: '8.80
|'

03-03-2025T13:49:20 - [TEST_STEP][PASSED] - page1 = page1.replace("|", ""): null

03-03-2025T13:49:20 - [TEST_STEP][PASSED] - page2 = getText(findTestObject("Object Repository/Выполнение бизнес-плана/spanFact" + filialNum)): Text of object 'Object Repository/Выполнение бизнес-плана/spanFact2' is: '9.32
|'

03-03-2025T13:49:20 - [MESSAGE][PASSED] - Text of object 'Object Repository/Выполнение бизнес-плана/spanFact2' is: '9.32
|'

03-03-2025T13:49:20 - [TEST_STEP][PASSED] - page2 = page2.replace("|", ""): null

03-03-2025T13:49:20 - [TEST_STEP][PASSED] - println("page1: " + page1): null

03-03-2025T13:49:20 - [TEST_STEP][PASSED] - println("page2: " + page2): null

03-03-2025T13:49:20 - [TEST_STEP][PASSED] - file = findTestData("PlanFact").getValue(4, a): null

03-03-2025T13:49:21 - [TEST_STEP][PASSED] - file = file.replace(",", "."): null

03-03-2025T13:49:21 - [TEST_STEP][PASSED] - println("file Plan: " + file): null

03-03-2025T13:49:21 - [TEST_STEP][PASSED] - typeOfData = "План в процентах": null

03-03-2025T13:49:21 - [TEST_STEP][PASSED] - fileDouble = file.toDouble(): null

03-03-2025T13:49:21 - [TEST_STEP][PASSED] - pageDouble = page1.toDouble(): null

03-03-2025T13:49:21 - [TEST_STEP][PASSED] - if (fileDouble != pageDouble): null

03-03-2025T13:49:21 - [TEST_STEP][PASSED] - file = findTestData("PlanFact").getValue(7, a): null

03-03-2025T13:49:21 - [TEST_STEP][PASSED] - file = file.replace(",", "."): null

03-03-2025T13:49:21 - [TEST_STEP][PASSED] - println("file Fact: " + file): null

03-03-2025T13:49:21 - [TEST_STEP][PASSED] - fileDouble = file.toDouble(): null

03-03-2025T13:49:21 - [TEST_STEP][PASSED] - typeOfData = "Факт в процентах": null

03-03-2025T13:49:21 - [TEST_STEP][PASSED] - fileDouble = file.toDouble(): null

03-03-2025T13:49:21 - [TEST_STEP][PASSED] - pageDouble = page2.toDouble(): null

03-03-2025T13:49:21 - [TEST_STEP][PASSED] - if (fileDouble != pageDouble): null

03-03-2025T13:49:21 - [TEST_STEP][FAILED] - if (verifyEqual(numberOfErrors, 0) == false): null

03-03-2025T13:49:21 - [MESSAGE][FAILED] - Unable to verify equal between actual object '4' and expected object '0' (Root cause: com.kms.katalon.core.exception.StepFailedException: Actual object '4' and expected object '0' are not equal
	at com.kms.katalon.core.keyword.builtin.VerifyEqualKeyword$_verifyEqual_closure1.doCall(VerifyEqualKeyword.groovy:58)
	at com.kms.katalon.core.keyword.builtin.VerifyEqualKeyword$_verifyEqual_closure1.call(VerifyEqualKeyword.groovy)
	at com.kms.katalon.core.keyword.internal.KeywordMain.runKeyword(KeywordMain.groovy:75)
	at com.kms.katalon.core.keyword.builtin.VerifyEqualKeyword.verifyEqual(VerifyEqualKeyword.groovy:63)
	at com.kms.katalon.core.keyword.builtin.VerifyEqualKeyword.execute(VerifyEqualKeyword.groovy:44)
	at com.kms.katalon.core.keyword.internal.KeywordExecutor.executeKeywordForPlatform(KeywordExecutor.groovy:74)
	at com.kms.katalon.core.keyword.BuiltinKeywords.verifyEqual(BuiltinKeywords.groovy:146)
	at jdk.internal.reflect.GeneratedMethodAccessor24.invoke(Unknown Source)
	at java.base/jdk.internal.reflect.DelegatingMethodAccessorImpl.invoke(DelegatingMethodAccessorImpl.java:43)
	at Выполнение бизнес-плана Сверка ПАО Россети все филиалы.Numbers(Выполнение бизнес-плана Сверка ПАО Россети все филиалы:736)
	at Выполнение бизнес-плана Сверка ПАО Россети все филиалы.Filials(Выполнение бизнес-плана Сверка ПАО Россети все филиалы:1365)
	at Выполнение бизнес-плана Сверка ПАО Россети все филиалы.Numbers(Выполнение бизнес-плана Сверка ПАО Россети все филиалы:743)
	at Выполнение бизнес-плана Сверка ПАО Россети все филиалы.run(Выполнение бизнес-плана Сверка ПАО Россети все филиалы:378)
	at com.kms.katalon.core.main.ScriptEngine.run(ScriptEngine.java:194)
	at com.kms.katalon.core.main.ScriptEngine.runScriptAsRawText(ScriptEngine.java:119)
	at com.kms.katalon.core.main.TestCaseExecutor.runScript(TestCaseExecutor.java:448)
	at com.kms.katalon.core.main.TestCaseExecutor.doExecute(TestCaseExecutor.java:439)
	at com.kms.katalon.core.main.TestCaseExecutor.processExecutionPhase(TestCaseExecutor.java:418)
	at com.kms.katalon.core.main.TestCaseExecutor.accessMainPhase(TestCaseExecutor.java:410)
	at com.kms.katalon.core.main.TestCaseExecutor.execute(TestCaseExecutor.java:285)
	at com.kms.katalon.core.common.CommonExecutor.accessTestCaseMainPhase(CommonExecutor.java:65)
	at com.kms.katalon.core.main.TestSuiteExecutor.accessTestSuiteMainPhase(TestSuiteExecutor.java:150)
	at com.kms.katalon.core.main.TestSuiteExecutor.execute(TestSuiteExecutor.java:106)
	at com.kms.katalon.core.main.TestCaseMain.startTestSuite(TestCaseMain.java:180)
	at TempTestSuite1740991900055.run(TempTestSuite1740991900055.groovy:35)
	at java.base/jdk.internal.reflect.NativeMethodAccessorImpl.invoke0(Native Method)
	at java.base/jdk.internal.reflect.NativeMethodAccessorImpl.invoke(NativeMethodAccessorImpl.java:77)
	at java.base/jdk.internal.reflect.DelegatingMethodAccessorImpl.invoke(DelegatingMethodAccessorImpl.java:43)
)

03-03-2025T13:49:21 - [TEST_STEP][PASSED] - println(numberOfErrors): null

03-03-2025T13:49:21 - [TEST_STEP][PASSED] - println("a=" + a): null

03-03-2025T13:49:21 - [TEST_STEP][PASSED] - if (a == 28 || a == 77 || a == 74 || a == 65 || a == 36 || a == 44 || a == 54 || a == 1 || a == 18 || a == 59): null

03-03-2025T13:49:21 - [TEST_STEP][PASSED] - if (a == 82): null

03-03-2025T13:49:21 - [TEST_STEP][PASSED] - dZO = "Калугаэнерго": null

03-03-2025T13:49:21 - [TEST_STEP][PASSED] - a = 21: null

03-03-2025T13:49:21 - [TEST_STEP][PASSED] - if (x2.contains(dZO)): null

03-03-2025T13:49:21 - [TEST_STEP][PASSED] - filialNum = filialNum + 1: null

03-03-2025T13:49:21 - [TEST_STEP][PASSED] - Script1718980020443.Numbers(a, typeOfData, todaysDate, pageInt, fileInt, pageDouble, fileDouble, dZO, dzoNum, filialNum): null

03-03-2025T13:49:21 - [TEST_STEP][PASSED] - println(dzoNum): null

03-03-2025T13:49:21 - [TEST_STEP][PASSED] - planFact = <not implemented yet for class: org.codehaus.groovy.ast.expr.EmptyExpression>: null

03-03-2025T13:49:21 - [TEST_STEP][PASSED] - page = <not implemented yet for class: org.codehaus.groovy.ast.expr.EmptyExpression>: null

03-03-2025T13:49:21 - [TEST_STEP][PASSED] - page1 = <not implemented yet for class: org.codehaus.groovy.ast.expr.EmptyExpression>: null

03-03-2025T13:49:21 - [TEST_STEP][PASSED] - page2 = <not implemented yet for class: org.codehaus.groovy.ast.expr.EmptyExpression>: null

03-03-2025T13:49:21 - [TEST_STEP][PASSED] - filialNumberInRow = <not implemented yet for class: org.codehaus.groovy.ast.expr.EmptyExpression>: null

03-03-2025T13:49:21 - [TEST_STEP][PASSED] - filialsDzoNames = <not implemented yet for class: org.codehaus.groovy.ast.expr.EmptyExpression>: null

03-03-2025T13:49:21 - [TEST_STEP][PASSED] - numberOfFilials = <not implemented yet for class: org.codehaus.groovy.ast.expr.EmptyExpression>: null

03-03-2025T13:49:21 - [TEST_STEP][PASSED] - numberOfSpaces = <not implemented yet for class: org.codehaus.groovy.ast.expr.EmptyExpression>: null

03-03-2025T13:49:21 - [TEST_STEP][PASSED] - file = <not implemented yet for class: org.codehaus.groovy.ast.expr.EmptyExpression>: null

03-03-2025T13:49:21 - [TEST_STEP][PASSED] - otpusk = <not implemented yet for class: org.codehaus.groovy.ast.expr.EmptyExpression>: null

03-03-2025T13:49:21 - [TEST_STEP][PASSED] - poteri = <not implemented yet for class: org.codehaus.groovy.ast.expr.EmptyExpression>: null

03-03-2025T13:49:21 - [TEST_STEP][PASSED] - dataFolder = "Выполнение бизнес-плана/Значения со страницы Выполнение бизнес-плана/": null

03-03-2025T13:49:21 - [TEST_STEP][PASSED] - path = <not implemented yet for class: org.codehaus.groovy.ast.expr.EmptyExpression>: null

03-03-2025T13:49:21 - [TEST_STEP][PASSED] - typeOfDataMain = <not implemented yet for class: org.codehaus.groovy.ast.expr.EmptyExpression>: null

03-03-2025T13:49:21 - [TEST_STEP][PASSED] - fileOtpuskVSet = <not implemented yet for class: org.codehaus.groovy.ast.expr.EmptyExpression>: null

03-03-2025T13:49:21 - [TEST_STEP][PASSED] - pageOtpuskVSet = <not implemented yet for class: org.codehaus.groovy.ast.expr.EmptyExpression>: null

03-03-2025T13:49:21 - [TEST_STEP][PASSED] - filePoteri = <not implemented yet for class: org.codehaus.groovy.ast.expr.EmptyExpression>: null

03-03-2025T13:49:21 - [TEST_STEP][PASSED] - pagePoteri = <not implemented yet for class: org.codehaus.groovy.ast.expr.EmptyExpression>: null

03-03-2025T13:49:21 - [TEST_STEP][PASSED] - compare = <not implemented yet for class: org.codehaus.groovy.ast.expr.EmptyExpression>: null

03-03-2025T13:49:21 - [TEST_STEP][PASSED] - b = <not implemented yet for class: org.codehaus.groovy.ast.expr.EmptyExpression>: null

03-03-2025T13:49:21 - [TEST_STEP][PASSED] - i = <not implemented yet for class: org.codehaus.groovy.ast.expr.EmptyExpression>: null

03-03-2025T13:49:21 - [TEST_STEP][PASSED] - ii = <not implemented yet for class: org.codehaus.groovy.ast.expr.EmptyExpression>: null

03-03-2025T13:49:21 - [TEST_STEP][PASSED] - c = <not implemented yet for class: org.codehaus.groovy.ast.expr.EmptyExpression>: null

03-03-2025T13:49:21 - [TEST_STEP][PASSED] - numberOfErrors = 0: null

03-03-2025T13:49:21 - [TEST_STEP][PASSED] - if (a == 82): null

03-03-2025T13:49:21 - [TEST_STEP][PASSED] - b = findTestData("PlanFact").getValue(1, a): null

03-03-2025T13:49:21 - [TEST_STEP][PASSED] - i = b.indexOf(" (ГК)"): null

03-03-2025T13:49:21 - [TEST_STEP][PASSED] - if (i > -1): null

03-03-2025T13:49:21 - [TEST_STEP][PASSED] - i = b.indexOf("О ""): null

03-03-2025T13:49:21 - [TEST_STEP][PASSED] - if (i > -1): null

03-03-2025T13:49:21 - [TEST_STEP][PASSED] - i = b.indexOf("О «"): null

03-03-2025T13:49:21 - [TEST_STEP][PASSED] - if (i > -1): null

03-03-2025T13:49:21 - [TEST_STEP][PASSED] - i = b.indexOf("г. "): null

03-03-2025T13:49:21 - [TEST_STEP][PASSED] - if (i > -1): null

03-03-2025T13:49:21 - [TEST_STEP][PASSED] - b = b.trim(): null

03-03-2025T13:49:21 - [TEST_STEP][PASSED] - println(b): null

03-03-2025T13:49:21 - [TEST_STEP][PASSED] - for ([planFact = 1, planFact < 3, (planFact++)]): null

03-03-2025T13:49:21 - [TEST_STEP][PASSED] - if (planFact == 1): null

03-03-2025T13:49:21 - [TEST_STEP][PASSED] - typeOfDataMain = "Факт": null

03-03-2025T13:49:21 - [TEST_STEP][PASSED] - otpusk = findTestData("PlanFact").getValue(5, a): null

03-03-2025T13:49:21 - [TEST_STEP][PASSED] - poteri = findTestData("PlanFact").getValue(6, a): null

03-03-2025T13:49:21 - [TEST_STEP][PASSED] - otpusk = otpusk.replaceAll("\s+", ""): null

03-03-2025T13:49:21 - [TEST_STEP][PASSED] - poteri = poteri.replaceAll("\s+", ""): null

03-03-2025T13:49:21 - [TEST_STEP][PASSED] - typeOfData = typeOfDataMain + " Отпуск в сеть": null

03-03-2025T13:49:21 - [TEST_STEP][PASSED] - if (a == 82): null

03-03-2025T13:49:21 - [TEST_STEP][PASSED] - else if (a == 84): null

03-03-2025T13:49:21 - [TEST_STEP][PASSED] - else if (a == 83 || a == 52 || a == 72 || a == 28 || a == 73 || a == 77 || a == 74 || a == 65 || a == 36 || a == 44 || a == 53 || a == 80 || a == 54 || a == 1 || a == 18 || a == 59 || a == 81): null

03-03-2025T13:49:21 - [TEST_STEP][PASSED] - else: null

03-03-2025T13:49:21 - [TEST_STEP][PASSED] - path = dataFolder + typeOfData + " за отчётный период " + b: null

03-03-2025T13:49:21 - [TEST_STEP][PASSED] - println(path): null

03-03-2025T13:49:21 - [TEST_STEP][PASSED] - page = getText(findTestObject(path)): Text of object 'Object Repository/Выполнение бизнес-плана/Значения со страницы Выполнение бизнес-плана/Факт Отпуск в сеть за отчётный период Калугаэнерго' is: '557 778'

03-03-2025T13:49:21 - [MESSAGE][PASSED] - Text of object 'Object Repository/Выполнение бизнес-плана/Значения со страницы Выполнение бизнес-плана/Факт Отпуск в сеть за отчётный период Калугаэнерго' is: '557 778'

03-03-2025T13:49:21 - [TEST_STEP][PASSED] - if (page == "" || page == null): null

03-03-2025T13:49:21 - [TEST_STEP][PASSED] - else: null

03-03-2025T13:49:21 - [TEST_STEP][PASSED] - page = page.replaceAll("\s+", ""): null

03-03-2025T13:49:21 - [TEST_STEP][PASSED] - fileOtpuskVSet = otpusk.toInteger(): null

03-03-2025T13:49:21 - [TEST_STEP][PASSED] - pageOtpuskVSet = page.toInteger(): null

03-03-2025T13:49:21 - [TEST_STEP][PASSED] - typeOfData = typeOfDataMain + " Потери": null

03-03-2025T13:49:21 - [TEST_STEP][PASSED] - if (a == 82): null

03-03-2025T13:49:21 - [TEST_STEP][PASSED] - else if (a == 84): null

03-03-2025T13:49:21 - [TEST_STEP][PASSED] - else if (a == 83 || a == 52 || a == 72 || a == 28 || a == 73 || a == 77 || a == 74 || a == 65 || a == 44 || a == 53 || a == 80 || a == 54 || a == 1 || a == 18 || a == 59 || a == 81): null

03-03-2025T13:49:21 - [TEST_STEP][PASSED] - else: null

03-03-2025T13:49:21 - [TEST_STEP][PASSED] - path = dataFolder + typeOfData + " за отчётный период " + b: null

03-03-2025T13:49:21 - [TEST_STEP][PASSED] - page = getText(findTestObject(path)): Text of object 'Object Repository/Выполнение бизнес-плана/Значения со страницы Выполнение бизнес-плана/Факт Потери за отчётный период Калугаэнерго' is: '73 319'

03-03-2025T13:49:21 - [MESSAGE][PASSED] - Text of object 'Object Repository/Выполнение бизнес-плана/Значения со страницы Выполнение бизнес-плана/Факт Потери за отчётный период Калугаэнерго' is: '73 319'

03-03-2025T13:49:21 - [TEST_STEP][PASSED] - if (page == "" || page == null): null

03-03-2025T13:49:21 - [TEST_STEP][PASSED] - else: null

03-03-2025T13:49:21 - [TEST_STEP][PASSED] - page = page.replaceAll("\s+", ""): null

03-03-2025T13:49:21 - [TEST_STEP][PASSED] - filePoteri = poteri.toInteger(): null

03-03-2025T13:49:21 - [TEST_STEP][PASSED] - pagePoteri = page.toInteger(): null

03-03-2025T13:49:21 - [TEST_STEP][PASSED] - compare = pageOtpuskVSet: null

03-03-2025T13:49:21 - [TEST_STEP][PASSED] - if (pageOtpuskVSet != null): null

03-03-2025T13:49:21 - [TEST_STEP][PASSED] - if (compare == fileOtpuskVSet): null

03-03-2025T13:49:21 - [TEST_STEP][PASSED] - else if (compare > fileOtpuskVSet): null

03-03-2025T13:49:21 - [TEST_STEP][PASSED] - else if (compare < fileOtpuskVSet): null

03-03-2025T13:49:21 - [TEST_STEP][PASSED] - compare = compare + 1: null

03-03-2025T13:49:21 - [TEST_STEP][PASSED] - if (compare == fileOtpuskVSet): null

03-03-2025T13:49:21 - [TEST_STEP][PASSED] - else: null

03-03-2025T13:49:21 - [TEST_STEP][PASSED] - numberOfErrors = numberOfErrors + 1: null

03-03-2025T13:49:21 - [TEST_STEP][PASSED] - pageInt = pageOtpuskVSet: null

03-03-2025T13:49:21 - [TEST_STEP][PASSED] - fileInt = fileOtpuskVSet: null

03-03-2025T13:49:21 - [TEST_STEP][PASSED] - typeOfData = typeOfDataMain + " Отпуск в сеть": null

03-03-2025T13:49:21 - [TEST_STEP][PASSED] - Script1718980020443.WriteToExcel(a, typeOfData, todaysDate, pageInt, fileInt, pageDouble, fileDouble, dZO): null

03-03-2025T13:49:21 - [TEST_STEP][PASSED] - sheetName = "Sheet1": null

03-03-2025T13:49:21 - [TEST_STEP][PASSED] - data = findTestData("PlanFact"): null

03-03-2025T13:49:21 - [TEST_STEP][PASSED] - n = data.getRowNumbers() + 1: null

03-03-2025T13:49:21 - [TEST_STEP][PASSED] - day = ")).toInteger(): null

03-03-2025T13:49:21 - [TEST_STEP][PASSED] - println(day): null

03-03-2025T13:49:21 - [TEST_STEP][PASSED] - month = ")).toInteger(): null

03-03-2025T13:49:21 - [TEST_STEP][PASSED] - println(month): null

03-03-2025T13:49:21 - [TEST_STEP][PASSED] - y = <not implemented yet for class: org.codehaus.groovy.ast.expr.EmptyExpression>: null

03-03-2025T13:49:21 - [TEST_STEP][PASSED] - iy = <not implemented yet for class: org.codehaus.groovy.ast.expr.EmptyExpression>: null

03-03-2025T13:49:21 - [TEST_STEP][PASSED] - m = getText(findTestObject("Выполнение бизнес-плана/Период")): Text of object 'Object Repository/Выполнение бизнес-плана/Период' is: '2024 год'

03-03-2025T13:49:22 - [MESSAGE][PASSED] - Text of object 'Object Repository/Выполнение бизнес-плана/Период' is: '2024 год'

03-03-2025T13:49:22 - [TEST_STEP][PASSED] - iy = m.indexOf("20"): null

03-03-2025T13:49:22 - [TEST_STEP][PASSED] - if (iy > -1): null

03-03-2025T13:49:22 - [TEST_STEP][PASSED] - y = substring(iy, iy + 4).toInteger(): null

03-03-2025T13:49:22 - [TEST_STEP][PASSED] - println(y): null

03-03-2025T13:49:22 - [TEST_STEP][PASSED] - if (toString().length() == 4): null

03-03-2025T13:49:22 - [TEST_STEP][PASSED] - m = m.substring(0, m.indexOf(y.toString())): null

03-03-2025T13:49:22 - [TEST_STEP][PASSED] - m = m.trim(): null

03-03-2025T13:49:22 - [TEST_STEP][PASSED] - if (m == ""): null

03-03-2025T13:49:22 - [TEST_STEP][PASSED] - m = "весь год": null

03-03-2025T13:49:22 - [TEST_STEP][PASSED] - dashboardName = "Выполнение бизнес-плана": null

03-03-2025T13:49:22 - [TEST_STEP][PASSED] - workbook01 = getWorkbook(excelFilePath): null

03-03-2025T13:49:22 - [TEST_STEP][PASSED] - sheet01 = getExcelSheet(workbook01, sheetName): null

03-03-2025T13:49:22 - [TEST_STEP][PASSED] - setValueToCellByIndex(sheet01, n, 0, dashboardName): null

03-03-2025T13:49:22 - [TEST_STEP][PASSED] - setValueToCellByIndex(sheet01, n, 1, dZO): null

03-03-2025T13:49:22 - [TEST_STEP][PASSED] - setValueToCellByIndex(sheet01, n, 2, typeOfData): null

03-03-2025T13:49:22 - [TEST_STEP][PASSED] - if (typeOfData == "Факт в процентах" || typeOfData == "План в процентах"): null

03-03-2025T13:49:22 - [TEST_STEP][PASSED] - else: null

03-03-2025T13:49:22 - [TEST_STEP][PASSED] - setValueToCellByIndex(sheet01, n, 3, fileInt): null

03-03-2025T13:49:22 - [TEST_STEP][PASSED] - setValueToCellByIndex(sheet01, n, 4, pageInt): null

03-03-2025T13:49:22 - [TEST_STEP][PASSED] - setValueToCellByIndex(sheet01, n, 5, m): null

03-03-2025T13:49:22 - [TEST_STEP][PASSED] - setValueToCellByIndex(sheet01, n, 6, y): null

03-03-2025T13:49:22 - [TEST_STEP][PASSED] - setValueToCellByIndex(sheet01, n, 7, todaysDate): null

03-03-2025T13:49:22 - [TEST_STEP][PASSED] - n = n + 1: null

03-03-2025T13:49:22 - [TEST_STEP][PASSED] - saveWorkbook(excelFilePath, workbook01): null

03-03-2025T13:49:22 - [TEST_STEP][PASSED] - compare = pagePoteri: null

03-03-2025T13:49:22 - [TEST_STEP][PASSED] - if (pageOtpuskVSet != null): null

03-03-2025T13:49:22 - [TEST_STEP][PASSED] - if (compare == filePoteri): null

03-03-2025T13:49:22 - [TEST_STEP][PASSED] - else if (compare > filePoteri): null

03-03-2025T13:49:22 - [TEST_STEP][PASSED] - else if (compare < filePoteri): null

03-03-2025T13:49:22 - [TEST_STEP][PASSED] - compare = compare + 1: null

03-03-2025T13:49:22 - [TEST_STEP][PASSED] - if (compare == filePoteri): null

03-03-2025T13:49:22 - [TEST_STEP][PASSED] - else: null

03-03-2025T13:49:22 - [TEST_STEP][PASSED] - numberOfErrors = numberOfErrors + 1: null

03-03-2025T13:49:22 - [TEST_STEP][PASSED] - pageInt = pagePoteri: null

03-03-2025T13:49:22 - [TEST_STEP][PASSED] - fileInt = filePoteri: null

03-03-2025T13:49:22 - [TEST_STEP][PASSED] - typeOfData = typeOfDataMain + " Потери": null

03-03-2025T13:49:22 - [TEST_STEP][PASSED] - Script1718980020443.WriteToExcel(a, typeOfData, todaysDate, pageInt, fileInt, pageDouble, fileDouble, dZO): null

03-03-2025T13:49:22 - [TEST_STEP][PASSED] - sheetName = "Sheet1": null

03-03-2025T13:49:22 - [TEST_STEP][PASSED] - data = findTestData("PlanFact"): null

03-03-2025T13:49:22 - [TEST_STEP][PASSED] - n = data.getRowNumbers() + 1: null

03-03-2025T13:49:22 - [TEST_STEP][PASSED] - day = ")).toInteger(): null

03-03-2025T13:49:22 - [TEST_STEP][PASSED] - println(day): null

03-03-2025T13:49:22 - [TEST_STEP][PASSED] - month = ")).toInteger(): null

03-03-2025T13:49:22 - [TEST_STEP][PASSED] - println(month): null

03-03-2025T13:49:22 - [TEST_STEP][PASSED] - y = <not implemented yet for class: org.codehaus.groovy.ast.expr.EmptyExpression>: null

03-03-2025T13:49:22 - [TEST_STEP][PASSED] - iy = <not implemented yet for class: org.codehaus.groovy.ast.expr.EmptyExpression>: null

03-03-2025T13:49:22 - [TEST_STEP][PASSED] - m = getText(findTestObject("Выполнение бизнес-плана/Период")): Text of object 'Object Repository/Выполнение бизнес-плана/Период' is: '2024 год'

03-03-2025T13:49:22 - [MESSAGE][PASSED] - Text of object 'Object Repository/Выполнение бизнес-плана/Период' is: '2024 год'

03-03-2025T13:49:22 - [TEST_STEP][PASSED] - iy = m.indexOf("20"): null

03-03-2025T13:49:22 - [TEST_STEP][PASSED] - if (iy > -1): null

03-03-2025T13:49:22 - [TEST_STEP][PASSED] - y = substring(iy, iy + 4).toInteger(): null

03-03-2025T13:49:22 - [TEST_STEP][PASSED] - println(y): null

03-03-2025T13:49:22 - [TEST_STEP][PASSED] - if (toString().length() == 4): null

03-03-2025T13:49:22 - [TEST_STEP][PASSED] - m = m.substring(0, m.indexOf(y.toString())): null

03-03-2025T13:49:22 - [TEST_STEP][PASSED] - m = m.trim(): null

03-03-2025T13:49:22 - [TEST_STEP][PASSED] - if (m == ""): null

03-03-2025T13:49:22 - [TEST_STEP][PASSED] - m = "весь год": null

03-03-2025T13:49:22 - [TEST_STEP][PASSED] - dashboardName = "Выполнение бизнес-плана": null

03-03-2025T13:49:22 - [TEST_STEP][PASSED] - workbook01 = getWorkbook(excelFilePath): null

03-03-2025T13:49:22 - [TEST_STEP][PASSED] - sheet01 = getExcelSheet(workbook01, sheetName): null

03-03-2025T13:49:22 - [TEST_STEP][PASSED] - setValueToCellByIndex(sheet01, n, 0, dashboardName): null

03-03-2025T13:49:22 - [TEST_STEP][PASSED] - setValueToCellByIndex(sheet01, n, 1, dZO): null

03-03-2025T13:49:22 - [TEST_STEP][PASSED] - setValueToCellByIndex(sheet01, n, 2, typeOfData): null

03-03-2025T13:49:22 - [TEST_STEP][PASSED] - if (typeOfData == "Факт в процентах" || typeOfData == "План в процентах"): null

03-03-2025T13:49:22 - [TEST_STEP][PASSED] - else: null

03-03-2025T13:49:22 - [TEST_STEP][PASSED] - setValueToCellByIndex(sheet01, n, 3, fileInt): null

03-03-2025T13:49:22 - [TEST_STEP][PASSED] - setValueToCellByIndex(sheet01, n, 4, pageInt): null

03-03-2025T13:49:22 - [TEST_STEP][PASSED] - setValueToCellByIndex(sheet01, n, 5, m): null

03-03-2025T13:49:22 - [TEST_STEP][PASSED] - setValueToCellByIndex(sheet01, n, 6, y): null

03-03-2025T13:49:22 - [TEST_STEP][PASSED] - setValueToCellByIndex(sheet01, n, 7, todaysDate): null

03-03-2025T13:49:22 - [TEST_STEP][PASSED] - n = n + 1: null

03-03-2025T13:49:22 - [TEST_STEP][PASSED] - saveWorkbook(excelFilePath, workbook01): null

03-03-2025T13:49:23 - [TEST_STEP][PASSED] - if (planFact == 2): null

03-03-2025T13:49:23 - [TEST_STEP][PASSED] - if (planFact == 1): null

03-03-2025T13:49:23 - [TEST_STEP][PASSED] - else if (planFact == 2): null

03-03-2025T13:49:23 - [TEST_STEP][PASSED] - click(findTestObject("Выполнение бизнес-плана/Кнопка План")): Object: 'Object Repository/Выполнение бизнес-плана/Кнопка План' is clicked on

03-03-2025T13:49:23 - [MESSAGE][PASSED] - Object: 'Object Repository/Выполнение бизнес-плана/Кнопка План' is clicked on

03-03-2025T13:49:23 - [TEST_STEP][PASSED] - typeOfDataMain = "План": null

03-03-2025T13:49:23 - [TEST_STEP][PASSED] - otpusk = findTestData("PlanFact").getValue(2, a): null

03-03-2025T13:49:23 - [TEST_STEP][PASSED] - poteri = findTestData("PlanFact").getValue(3, a): null

03-03-2025T13:49:23 - [TEST_STEP][PASSED] - otpusk = otpusk.replaceAll("\s+", ""): null

03-03-2025T13:49:23 - [TEST_STEP][PASSED] - poteri = poteri.replaceAll("\s+", ""): null

03-03-2025T13:49:23 - [TEST_STEP][PASSED] - typeOfData = typeOfDataMain + " Отпуск в сеть": null

03-03-2025T13:49:23 - [TEST_STEP][PASSED] - if (a == 82): null

03-03-2025T13:49:23 - [TEST_STEP][PASSED] - else if (a == 84): null

03-03-2025T13:49:23 - [TEST_STEP][PASSED] - else if (a == 83 || a == 52 || a == 72 || a == 28 || a == 73 || a == 77 || a == 74 || a == 65 || a == 36 || a == 44 || a == 53 || a == 80 || a == 54 || a == 1 || a == 18 || a == 59 || a == 81): null

03-03-2025T13:49:23 - [TEST_STEP][PASSED] - else: null

03-03-2025T13:49:23 - [TEST_STEP][PASSED] - path = dataFolder + typeOfData + " за отчётный период " + b: null

03-03-2025T13:49:23 - [TEST_STEP][PASSED] - println(path): null

03-03-2025T13:49:23 - [TEST_STEP][PASSED] - page = getText(findTestObject(path)): Text of object 'Object Repository/Выполнение бизнес-плана/Значения со страницы Выполнение бизнес-плана/План Отпуск в сеть за отчётный период Калугаэнерго' is: '522 843'

03-03-2025T13:49:23 - [MESSAGE][PASSED] - Text of object 'Object Repository/Выполнение бизнес-плана/Значения со страницы Выполнение бизнес-плана/План Отпуск в сеть за отчётный период Калугаэнерго' is: '522 843'

03-03-2025T13:49:23 - [TEST_STEP][PASSED] - if (page == "" || page == null): null

03-03-2025T13:49:23 - [TEST_STEP][PASSED] - else: null

03-03-2025T13:49:23 - [TEST_STEP][PASSED] - page = page.replaceAll("\s+", ""): null

03-03-2025T13:49:23 - [TEST_STEP][PASSED] - fileOtpuskVSet = otpusk.toInteger(): null

03-03-2025T13:49:23 - [TEST_STEP][PASSED] - pageOtpuskVSet = page.toInteger(): null

03-03-2025T13:49:23 - [TEST_STEP][PASSED] - typeOfData = typeOfDataMain + " Потери": null

03-03-2025T13:49:23 - [TEST_STEP][PASSED] - if (a == 82): null

03-03-2025T13:49:23 - [TEST_STEP][PASSED] - else if (a == 84): null

03-03-2025T13:49:23 - [TEST_STEP][PASSED] - else if (a == 83 || a == 52 || a == 72 || a == 28 || a == 73 || a == 77 || a == 74 || a == 65 || a == 44 || a == 53 || a == 80 || a == 54 || a == 1 || a == 18 || a == 59 || a == 81): null

03-03-2025T13:49:23 - [TEST_STEP][PASSED] - else: null

03-03-2025T13:49:23 - [TEST_STEP][PASSED] - path = dataFolder + typeOfData + " за отчётный период " + b: null

03-03-2025T13:49:23 - [TEST_STEP][PASSED] - page = getText(findTestObject(path)): Text of object 'Object Repository/Выполнение бизнес-плана/Значения со страницы Выполнение бизнес-плана/План Потери за отчётный период Калугаэнерго' is: '68 714'

03-03-2025T13:49:24 - [MESSAGE][PASSED] - Text of object 'Object Repository/Выполнение бизнес-плана/Значения со страницы Выполнение бизнес-плана/План Потери за отчётный период Калугаэнерго' is: '68 714'

03-03-2025T13:49:24 - [TEST_STEP][PASSED] - if (page == "" || page == null): null

03-03-2025T13:49:24 - [TEST_STEP][PASSED] - else: null

03-03-2025T13:49:24 - [TEST_STEP][PASSED] - page = page.replaceAll("\s+", ""): null

03-03-2025T13:49:24 - [TEST_STEP][PASSED] - filePoteri = poteri.toInteger(): null

03-03-2025T13:49:24 - [TEST_STEP][PASSED] - pagePoteri = page.toInteger(): null

03-03-2025T13:49:24 - [TEST_STEP][PASSED] - compare = pageOtpuskVSet: null

03-03-2025T13:49:24 - [TEST_STEP][PASSED] - if (pageOtpuskVSet != null): null

03-03-2025T13:49:24 - [TEST_STEP][PASSED] - if (compare == fileOtpuskVSet): null

03-03-2025T13:49:24 - [TEST_STEP][PASSED] - else if (compare > fileOtpuskVSet): null

03-03-2025T13:49:24 - [TEST_STEP][PASSED] - else if (compare < fileOtpuskVSet): null

03-03-2025T13:49:24 - [TEST_STEP][PASSED] - compare = compare + 1: null

03-03-2025T13:49:24 - [TEST_STEP][PASSED] - if (compare == fileOtpuskVSet): null

03-03-2025T13:49:24 - [TEST_STEP][PASSED] - else: null

03-03-2025T13:49:24 - [TEST_STEP][PASSED] - numberOfErrors = numberOfErrors + 1: null

03-03-2025T13:49:24 - [TEST_STEP][PASSED] - pageInt = pageOtpuskVSet: null

03-03-2025T13:49:24 - [TEST_STEP][PASSED] - fileInt = fileOtpuskVSet: null

03-03-2025T13:49:24 - [TEST_STEP][PASSED] - typeOfData = typeOfDataMain + " Отпуск в сеть": null

03-03-2025T13:49:24 - [TEST_STEP][PASSED] - Script1718980020443.WriteToExcel(a, typeOfData, todaysDate, pageInt, fileInt, pageDouble, fileDouble, dZO): null

03-03-2025T13:49:24 - [TEST_STEP][PASSED] - sheetName = "Sheet1": null

03-03-2025T13:49:24 - [TEST_STEP][PASSED] - data = findTestData("PlanFact"): null

03-03-2025T13:49:24 - [TEST_STEP][PASSED] - n = data.getRowNumbers() + 1: null

03-03-2025T13:49:24 - [TEST_STEP][PASSED] - day = ")).toInteger(): null

03-03-2025T13:49:24 - [TEST_STEP][PASSED] - println(day): null

03-03-2025T13:49:24 - [TEST_STEP][PASSED] - month = ")).toInteger(): null

03-03-2025T13:49:24 - [TEST_STEP][PASSED] - println(month): null

03-03-2025T13:49:24 - [TEST_STEP][PASSED] - y = <not implemented yet for class: org.codehaus.groovy.ast.expr.EmptyExpression>: null

03-03-2025T13:49:24 - [TEST_STEP][PASSED] - iy = <not implemented yet for class: org.codehaus.groovy.ast.expr.EmptyExpression>: null

03-03-2025T13:49:24 - [TEST_STEP][PASSED] - m = getText(findTestObject("Выполнение бизнес-плана/Период")): Text of object 'Object Repository/Выполнение бизнес-плана/Период' is: '2024 год'

03-03-2025T13:49:24 - [MESSAGE][PASSED] - Text of object 'Object Repository/Выполнение бизнес-плана/Период' is: '2024 год'

03-03-2025T13:49:24 - [TEST_STEP][PASSED] - iy = m.indexOf("20"): null

03-03-2025T13:49:24 - [TEST_STEP][PASSED] - if (iy > -1): null

03-03-2025T13:49:24 - [TEST_STEP][PASSED] - y = substring(iy, iy + 4).toInteger(): null

03-03-2025T13:49:24 - [TEST_STEP][PASSED] - println(y): null

03-03-2025T13:49:24 - [TEST_STEP][PASSED] - if (toString().length() == 4): null

03-03-2025T13:49:24 - [TEST_STEP][PASSED] - m = m.substring(0, m.indexOf(y.toString())): null

03-03-2025T13:49:24 - [TEST_STEP][PASSED] - m = m.trim(): null

03-03-2025T13:49:24 - [TEST_STEP][PASSED] - if (m == ""): null

03-03-2025T13:49:24 - [TEST_STEP][PASSED] - m = "весь год": null

03-03-2025T13:49:24 - [TEST_STEP][PASSED] - dashboardName = "Выполнение бизнес-плана": null

03-03-2025T13:49:24 - [TEST_STEP][PASSED] - workbook01 = getWorkbook(excelFilePath): null

03-03-2025T13:49:24 - [TEST_STEP][PASSED] - sheet01 = getExcelSheet(workbook01, sheetName): null

03-03-2025T13:49:24 - [TEST_STEP][PASSED] - setValueToCellByIndex(sheet01, n, 0, dashboardName): null

03-03-2025T13:49:24 - [TEST_STEP][PASSED] - setValueToCellByIndex(sheet01, n, 1, dZO): null

03-03-2025T13:49:24 - [TEST_STEP][PASSED] - setValueToCellByIndex(sheet01, n, 2, typeOfData): null

03-03-2025T13:49:24 - [TEST_STEP][PASSED] - if (typeOfData == "Факт в процентах" || typeOfData == "План в процентах"): null

03-03-2025T13:49:24 - [TEST_STEP][PASSED] - else: null

03-03-2025T13:49:24 - [TEST_STEP][PASSED] - setValueToCellByIndex(sheet01, n, 3, fileInt): null

03-03-2025T13:49:24 - [TEST_STEP][PASSED] - setValueToCellByIndex(sheet01, n, 4, pageInt): null

03-03-2025T13:49:24 - [TEST_STEP][PASSED] - setValueToCellByIndex(sheet01, n, 5, m): null

03-03-2025T13:49:24 - [TEST_STEP][PASSED] - setValueToCellByIndex(sheet01, n, 6, y): null

03-03-2025T13:49:24 - [TEST_STEP][PASSED] - setValueToCellByIndex(sheet01, n, 7, todaysDate): null

03-03-2025T13:49:24 - [TEST_STEP][PASSED] - n = n + 1: null

03-03-2025T13:49:24 - [TEST_STEP][PASSED] - saveWorkbook(excelFilePath, workbook01): null

03-03-2025T13:49:24 - [TEST_STEP][PASSED] - compare = pagePoteri: null

03-03-2025T13:49:24 - [TEST_STEP][PASSED] - if (pageOtpuskVSet != null): null

03-03-2025T13:49:24 - [TEST_STEP][PASSED] - if (compare == filePoteri): null

03-03-2025T13:49:24 - [TEST_STEP][PASSED] - else if (compare > filePoteri): null

03-03-2025T13:49:24 - [TEST_STEP][PASSED] - else if (compare < filePoteri): null

03-03-2025T13:49:24 - [TEST_STEP][PASSED] - compare = compare + 1: null

03-03-2025T13:49:24 - [TEST_STEP][PASSED] - if (compare == filePoteri): null

03-03-2025T13:49:24 - [TEST_STEP][PASSED] - else: null

03-03-2025T13:49:24 - [TEST_STEP][PASSED] - numberOfErrors = numberOfErrors + 1: null

03-03-2025T13:49:24 - [TEST_STEP][PASSED] - pageInt = pagePoteri: null

03-03-2025T13:49:24 - [TEST_STEP][PASSED] - fileInt = filePoteri: null

03-03-2025T13:49:24 - [TEST_STEP][PASSED] - typeOfData = typeOfDataMain + " Потери": null

03-03-2025T13:49:24 - [TEST_STEP][PASSED] - Script1718980020443.WriteToExcel(a, typeOfData, todaysDate, pageInt, fileInt, pageDouble, fileDouble, dZO): null

03-03-2025T13:49:24 - [TEST_STEP][PASSED] - sheetName = "Sheet1": null

03-03-2025T13:49:24 - [TEST_STEP][PASSED] - data = findTestData("PlanFact"): null

03-03-2025T13:49:24 - [TEST_STEP][PASSED] - n = data.getRowNumbers() + 1: null

03-03-2025T13:49:24 - [TEST_STEP][PASSED] - day = ")).toInteger(): null

03-03-2025T13:49:24 - [TEST_STEP][PASSED] - println(day): null

03-03-2025T13:49:24 - [TEST_STEP][PASSED] - month = ")).toInteger(): null

03-03-2025T13:49:24 - [TEST_STEP][PASSED] - println(month): null

03-03-2025T13:49:24 - [TEST_STEP][PASSED] - y = <not implemented yet for class: org.codehaus.groovy.ast.expr.EmptyExpression>: null

03-03-2025T13:49:24 - [TEST_STEP][PASSED] - iy = <not implemented yet for class: org.codehaus.groovy.ast.expr.EmptyExpression>: null

03-03-2025T13:49:24 - [TEST_STEP][PASSED] - m = getText(findTestObject("Выполнение бизнес-плана/Период")): Text of object 'Object Repository/Выполнение бизнес-плана/Период' is: '2024 год'

03-03-2025T13:49:25 - [MESSAGE][PASSED] - Text of object 'Object Repository/Выполнение бизнес-плана/Период' is: '2024 год'

03-03-2025T13:49:25 - [TEST_STEP][PASSED] - iy = m.indexOf("20"): null

03-03-2025T13:49:25 - [TEST_STEP][PASSED] - if (iy > -1): null

03-03-2025T13:49:25 - [TEST_STEP][PASSED] - y = substring(iy, iy + 4).toInteger(): null

03-03-2025T13:49:25 - [TEST_STEP][PASSED] - println(y): null

03-03-2025T13:49:25 - [TEST_STEP][PASSED] - if (toString().length() == 4): null

03-03-2025T13:49:25 - [TEST_STEP][PASSED] - m = m.substring(0, m.indexOf(y.toString())): null

03-03-2025T13:49:25 - [TEST_STEP][PASSED] - m = m.trim(): null

03-03-2025T13:49:25 - [TEST_STEP][PASSED] - if (m == ""): null

03-03-2025T13:49:25 - [TEST_STEP][PASSED] - m = "весь год": null

03-03-2025T13:49:25 - [TEST_STEP][PASSED] - dashboardName = "Выполнение бизнес-плана": null

03-03-2025T13:49:25 - [TEST_STEP][PASSED] - workbook01 = getWorkbook(excelFilePath): null

03-03-2025T13:49:25 - [TEST_STEP][PASSED] - sheet01 = getExcelSheet(workbook01, sheetName): null

03-03-2025T13:49:25 - [TEST_STEP][PASSED] - setValueToCellByIndex(sheet01, n, 0, dashboardName): null

03-03-2025T13:49:25 - [TEST_STEP][PASSED] - setValueToCellByIndex(sheet01, n, 1, dZO): null

03-03-2025T13:49:25 - [TEST_STEP][PASSED] - setValueToCellByIndex(sheet01, n, 2, typeOfData): null

03-03-2025T13:49:25 - [TEST_STEP][PASSED] - if (typeOfData == "Факт в процентах" || typeOfData == "План в процентах"): null

03-03-2025T13:49:25 - [TEST_STEP][PASSED] - else: null

03-03-2025T13:49:25 - [TEST_STEP][PASSED] - setValueToCellByIndex(sheet01, n, 3, fileInt): null

03-03-2025T13:49:25 - [TEST_STEP][PASSED] - setValueToCellByIndex(sheet01, n, 4, pageInt): null

03-03-2025T13:49:25 - [TEST_STEP][PASSED] - setValueToCellByIndex(sheet01, n, 5, m): null

03-03-2025T13:49:25 - [TEST_STEP][PASSED] - setValueToCellByIndex(sheet01, n, 6, y): null

03-03-2025T13:49:25 - [TEST_STEP][PASSED] - setValueToCellByIndex(sheet01, n, 7, todaysDate): null

03-03-2025T13:49:25 - [TEST_STEP][PASSED] - n = n + 1: null

03-03-2025T13:49:25 - [TEST_STEP][PASSED] - saveWorkbook(excelFilePath, workbook01): Object: 'Object Repository/Выполнение бизнес-плана/Кнопка Факт' is clicked on

03-03-2025T13:49:25 - [TEST_STEP][PASSED] - if (planFact == 2): Object: 'Object Repository/Выполнение бизнес-плана/Кнопка Факт' is clicked on

03-03-2025T13:49:25 - [TEST_STEP][PASSED] - click(findTestObject("Выполнение бизнес-плана/Кнопка Факт")): Object: 'Object Repository/Выполнение бизнес-плана/Кнопка Факт' is clicked on

03-03-2025T13:49:25 - [MESSAGE][PASSED] - Object: 'Object Repository/Выполнение бизнес-плана/Кнопка Факт' is clicked on

03-03-2025T13:49:25 - [TEST_STEP][PASSED] - println("a=" + a): null

03-03-2025T13:49:25 - [TEST_STEP][PASSED] - if (a == 84 || a == 82): null

03-03-2025T13:49:25 - [TEST_STEP][PASSED] - else if (a == 83 || a == 52 || a == 72 || a == 28 || a == 73 || a == 77 || a == 74 || a == 65 || a == 36 || a == 44 || a == 53 || a == 80 || a == 54 || a == 1 || a == 18 || a == 59 || a == 81): null

03-03-2025T13:49:25 - [TEST_STEP][PASSED] - else: null

03-03-2025T13:49:25 - [TEST_STEP][PASSED] - page1 = getText(findTestObject("Object Repository/Выполнение бизнес-плана/spanPlan" + filialNum)): Text of object 'Object Repository/Выполнение бизнес-плана/spanPlan3' is: '9.23
|'

03-03-2025T13:49:26 - [MESSAGE][PASSED] - Text of object 'Object Repository/Выполнение бизнес-плана/spanPlan3' is: '9.23
|'

03-03-2025T13:49:26 - [TEST_STEP][PASSED] - page1 = page1.replace("|", ""): null

03-03-2025T13:49:26 - [TEST_STEP][PASSED] - page2 = getText(findTestObject("Object Repository/Выполнение бизнес-плана/spanFact" + filialNum)): Text of object 'Object Repository/Выполнение бизнес-плана/spanFact3' is: '8.91
|'

03-03-2025T13:49:26 - [MESSAGE][PASSED] - Text of object 'Object Repository/Выполнение бизнес-плана/spanFact3' is: '8.91
|'

03-03-2025T13:49:26 - [TEST_STEP][PASSED] - page2 = page2.replace("|", ""): null

03-03-2025T13:49:26 - [TEST_STEP][PASSED] - println("page1: " + page1): null

03-03-2025T13:49:26 - [TEST_STEP][PASSED] - println("page2: " + page2): null

03-03-2025T13:49:26 - [TEST_STEP][PASSED] - file = findTestData("PlanFact").getValue(4, a): null

03-03-2025T13:49:26 - [TEST_STEP][PASSED] - file = file.replace(",", "."): null

03-03-2025T13:49:26 - [TEST_STEP][PASSED] - println("file Plan: " + file): null

03-03-2025T13:49:26 - [TEST_STEP][PASSED] - typeOfData = "План в процентах": null

03-03-2025T13:49:26 - [TEST_STEP][PASSED] - fileDouble = file.toDouble(): null

03-03-2025T13:49:26 - [TEST_STEP][PASSED] - pageDouble = page1.toDouble(): null

03-03-2025T13:49:26 - [TEST_STEP][PASSED] - if (fileDouble != pageDouble): null

03-03-2025T13:49:26 - [TEST_STEP][PASSED] - file = findTestData("PlanFact").getValue(7, a): null

03-03-2025T13:49:26 - [TEST_STEP][PASSED] - file = file.replace(",", "."): null

03-03-2025T13:49:26 - [TEST_STEP][PASSED] - println("file Fact: " + file): null

03-03-2025T13:49:26 - [TEST_STEP][PASSED] - fileDouble = file.toDouble(): null

03-03-2025T13:49:26 - [TEST_STEP][PASSED] - typeOfData = "Факт в процентах": null

03-03-2025T13:49:26 - [TEST_STEP][PASSED] - fileDouble = file.toDouble(): null

03-03-2025T13:49:26 - [TEST_STEP][PASSED] - pageDouble = page2.toDouble(): null

03-03-2025T13:49:26 - [TEST_STEP][PASSED] - if (fileDouble != pageDouble): null

03-03-2025T13:49:26 - [TEST_STEP][FAILED] - if (verifyEqual(numberOfErrors, 0) == false): null

03-03-2025T13:49:26 - [MESSAGE][FAILED] - Unable to verify equal between actual object '4' and expected object '0' (Root cause: com.kms.katalon.core.exception.StepFailedException: Actual object '4' and expected object '0' are not equal
	at com.kms.katalon.core.keyword.builtin.VerifyEqualKeyword$_verifyEqual_closure1.doCall(VerifyEqualKeyword.groovy:58)
	at com.kms.katalon.core.keyword.builtin.VerifyEqualKeyword$_verifyEqual_closure1.call(VerifyEqualKeyword.groovy)
	at com.kms.katalon.core.keyword.internal.KeywordMain.runKeyword(KeywordMain.groovy:75)
	at com.kms.katalon.core.keyword.builtin.VerifyEqualKeyword.verifyEqual(VerifyEqualKeyword.groovy:63)
	at com.kms.katalon.core.keyword.builtin.VerifyEqualKeyword.execute(VerifyEqualKeyword.groovy:44)
	at com.kms.katalon.core.keyword.internal.KeywordExecutor.executeKeywordForPlatform(KeywordExecutor.groovy:74)
	at com.kms.katalon.core.keyword.BuiltinKeywords.verifyEqual(BuiltinKeywords.groovy:146)
	at jdk.internal.reflect.GeneratedMethodAccessor24.invoke(Unknown Source)
	at java.base/jdk.internal.reflect.DelegatingMethodAccessorImpl.invoke(DelegatingMethodAccessorImpl.java:43)
	at Выполнение бизнес-плана Сверка ПАО Россети все филиалы.Numbers(Выполнение бизнес-плана Сверка ПАО Россети все филиалы:736)
	at Выполнение бизнес-плана Сверка ПАО Россети все филиалы.Filials(Выполнение бизнес-плана Сверка ПАО Россети все филиалы:1377)
	at Выполнение бизнес-плана Сверка ПАО Россети все филиалы.Numbers(Выполнение бизнес-плана Сверка ПАО Россети все филиалы:743)
	at Выполнение бизнес-плана Сверка ПАО Россети все филиалы.run(Выполнение бизнес-плана Сверка ПАО Россети все филиалы:378)
	at com.kms.katalon.core.main.ScriptEngine.run(ScriptEngine.java:194)
	at com.kms.katalon.core.main.ScriptEngine.runScriptAsRawText(ScriptEngine.java:119)
	at com.kms.katalon.core.main.TestCaseExecutor.runScript(TestCaseExecutor.java:448)
	at com.kms.katalon.core.main.TestCaseExecutor.doExecute(TestCaseExecutor.java:439)
	at com.kms.katalon.core.main.TestCaseExecutor.processExecutionPhase(TestCaseExecutor.java:418)
	at com.kms.katalon.core.main.TestCaseExecutor.accessMainPhase(TestCaseExecutor.java:410)
	at com.kms.katalon.core.main.TestCaseExecutor.execute(TestCaseExecutor.java:285)
	at com.kms.katalon.core.common.CommonExecutor.accessTestCaseMainPhase(CommonExecutor.java:65)
	at com.kms.katalon.core.main.TestSuiteExecutor.accessTestSuiteMainPhase(TestSuiteExecutor.java:150)
	at com.kms.katalon.core.main.TestSuiteExecutor.execute(TestSuiteExecutor.java:106)
	at com.kms.katalon.core.main.TestCaseMain.startTestSuite(TestCaseMain.java:180)
	at TempTestSuite1740991900055.run(TempTestSuite1740991900055.groovy:35)
	at java.base/jdk.internal.reflect.NativeMethodAccessorImpl.invoke0(Native Method)
	at java.base/jdk.internal.reflect.NativeMethodAccessorImpl.invoke(NativeMethodAccessorImpl.java:77)
	at java.base/jdk.internal.reflect.DelegatingMethodAccessorImpl.invoke(DelegatingMethodAccessorImpl.java:43)
)

03-03-2025T13:49:26 - [TEST_STEP][PASSED] - println(numberOfErrors): null

03-03-2025T13:49:26 - [TEST_STEP][PASSED] - println("a=" + a): null

03-03-2025T13:49:26 - [TEST_STEP][PASSED] - if (a == 28 || a == 77 || a == 74 || a == 65 || a == 36 || a == 44 || a == 54 || a == 1 || a == 18 || a == 59): null

03-03-2025T13:49:26 - [TEST_STEP][PASSED] - if (a == 82): null

03-03-2025T13:49:26 - [TEST_STEP][PASSED] - dZO = "Кировэнерго": null

03-03-2025T13:49:26 - [TEST_STEP][PASSED] - a = 22: null

03-03-2025T13:49:26 - [TEST_STEP][PASSED] - if (x2.contains(dZO)): null

03-03-2025T13:49:26 - [TEST_STEP][PASSED] - filialNum = filialNum + 1: null

03-03-2025T13:49:26 - [TEST_STEP][PASSED] - Script1718980020443.Numbers(a, typeOfData, todaysDate, pageInt, fileInt, pageDouble, fileDouble, dZO, dzoNum, filialNum): null

03-03-2025T13:49:26 - [TEST_STEP][PASSED] - println(dzoNum): null

03-03-2025T13:49:26 - [TEST_STEP][PASSED] - planFact = <not implemented yet for class: org.codehaus.groovy.ast.expr.EmptyExpression>: null

03-03-2025T13:49:26 - [TEST_STEP][PASSED] - page = <not implemented yet for class: org.codehaus.groovy.ast.expr.EmptyExpression>: null

03-03-2025T13:49:26 - [TEST_STEP][PASSED] - page1 = <not implemented yet for class: org.codehaus.groovy.ast.expr.EmptyExpression>: null

03-03-2025T13:49:26 - [TEST_STEP][PASSED] - page2 = <not implemented yet for class: org.codehaus.groovy.ast.expr.EmptyExpression>: null

03-03-2025T13:49:26 - [TEST_STEP][PASSED] - filialNumberInRow = <not implemented yet for class: org.codehaus.groovy.ast.expr.EmptyExpression>: null

03-03-2025T13:49:26 - [TEST_STEP][PASSED] - filialsDzoNames = <not implemented yet for class: org.codehaus.groovy.ast.expr.EmptyExpression>: null

03-03-2025T13:49:26 - [TEST_STEP][PASSED] - numberOfFilials = <not implemented yet for class: org.codehaus.groovy.ast.expr.EmptyExpression>: null

03-03-2025T13:49:26 - [TEST_STEP][PASSED] - numberOfSpaces = <not implemented yet for class: org.codehaus.groovy.ast.expr.EmptyExpression>: null

03-03-2025T13:49:26 - [TEST_STEP][PASSED] - file = <not implemented yet for class: org.codehaus.groovy.ast.expr.EmptyExpression>: null

03-03-2025T13:49:26 - [TEST_STEP][PASSED] - otpusk = <not implemented yet for class: org.codehaus.groovy.ast.expr.EmptyExpression>: null

03-03-2025T13:49:26 - [TEST_STEP][PASSED] - poteri = <not implemented yet for class: org.codehaus.groovy.ast.expr.EmptyExpression>: null

03-03-2025T13:49:26 - [TEST_STEP][PASSED] - dataFolder = "Выполнение бизнес-плана/Значения со страницы Выполнение бизнес-плана/": null

03-03-2025T13:49:26 - [TEST_STEP][PASSED] - path = <not implemented yet for class: org.codehaus.groovy.ast.expr.EmptyExpression>: null

03-03-2025T13:49:26 - [TEST_STEP][PASSED] - typeOfDataMain = <not implemented yet for class: org.codehaus.groovy.ast.expr.EmptyExpression>: null

03-03-2025T13:49:26 - [TEST_STEP][PASSED] - fileOtpuskVSet = <not implemented yet for class: org.codehaus.groovy.ast.expr.EmptyExpression>: null

03-03-2025T13:49:26 - [TEST_STEP][PASSED] - pageOtpuskVSet = <not implemented yet for class: org.codehaus.groovy.ast.expr.EmptyExpression>: null

03-03-2025T13:49:26 - [TEST_STEP][PASSED] - filePoteri = <not implemented yet for class: org.codehaus.groovy.ast.expr.EmptyExpression>: null

03-03-2025T13:49:26 - [TEST_STEP][PASSED] - pagePoteri = <not implemented yet for class: org.codehaus.groovy.ast.expr.EmptyExpression>: null

03-03-2025T13:49:26 - [TEST_STEP][PASSED] - compare = <not implemented yet for class: org.codehaus.groovy.ast.expr.EmptyExpression>: null

03-03-2025T13:49:26 - [TEST_STEP][PASSED] - b = <not implemented yet for class: org.codehaus.groovy.ast.expr.EmptyExpression>: null

03-03-2025T13:49:26 - [TEST_STEP][PASSED] - i = <not implemented yet for class: org.codehaus.groovy.ast.expr.EmptyExpression>: null

03-03-2025T13:49:26 - [TEST_STEP][PASSED] - ii = <not implemented yet for class: org.codehaus.groovy.ast.expr.EmptyExpression>: null

03-03-2025T13:49:26 - [TEST_STEP][PASSED] - c = <not implemented yet for class: org.codehaus.groovy.ast.expr.EmptyExpression>: null

03-03-2025T13:49:26 - [TEST_STEP][PASSED] - numberOfErrors = 0: null

03-03-2025T13:49:26 - [TEST_STEP][PASSED] - if (a == 82): null

03-03-2025T13:49:26 - [TEST_STEP][PASSED] - b = findTestData("PlanFact").getValue(1, a): null

03-03-2025T13:49:26 - [TEST_STEP][PASSED] - i = b.indexOf(" (ГК)"): null

03-03-2025T13:49:26 - [TEST_STEP][PASSED] - if (i > -1): null

03-03-2025T13:49:26 - [TEST_STEP][PASSED] - i = b.indexOf("О ""): null

03-03-2025T13:49:26 - [TEST_STEP][PASSED] - if (i > -1): null

03-03-2025T13:49:26 - [TEST_STEP][PASSED] - i = b.indexOf("О «"): null

03-03-2025T13:49:26 - [TEST_STEP][PASSED] - if (i > -1): null

03-03-2025T13:49:26 - [TEST_STEP][PASSED] - i = b.indexOf("г. "): null

03-03-2025T13:49:26 - [TEST_STEP][PASSED] - if (i > -1): null

03-03-2025T13:49:26 - [TEST_STEP][PASSED] - b = b.trim(): null

03-03-2025T13:49:26 - [TEST_STEP][PASSED] - println(b): null

03-03-2025T13:49:26 - [TEST_STEP][PASSED] - for ([planFact = 1, planFact < 3, (planFact++)]): null

03-03-2025T13:49:26 - [TEST_STEP][PASSED] - if (planFact == 1): null

03-03-2025T13:49:26 - [TEST_STEP][PASSED] - typeOfDataMain = "Факт": null

03-03-2025T13:49:26 - [TEST_STEP][PASSED] - otpusk = findTestData("PlanFact").getValue(5, a): null

03-03-2025T13:49:26 - [TEST_STEP][PASSED] - poteri = findTestData("PlanFact").getValue(6, a): null

03-03-2025T13:49:26 - [TEST_STEP][PASSED] - otpusk = otpusk.replaceAll("\s+", ""): null

03-03-2025T13:49:26 - [TEST_STEP][PASSED] - poteri = poteri.replaceAll("\s+", ""): null

03-03-2025T13:49:26 - [TEST_STEP][PASSED] - typeOfData = typeOfDataMain + " Отпуск в сеть": null

03-03-2025T13:49:26 - [TEST_STEP][PASSED] - if (a == 82): null

03-03-2025T13:49:26 - [TEST_STEP][PASSED] - else if (a == 84): null

03-03-2025T13:49:26 - [TEST_STEP][PASSED] - else if (a == 83 || a == 52 || a == 72 || a == 28 || a == 73 || a == 77 || a == 74 || a == 65 || a == 36 || a == 44 || a == 53 || a == 80 || a == 54 || a == 1 || a == 18 || a == 59 || a == 81): null

03-03-2025T13:49:26 - [TEST_STEP][PASSED] - else: null

03-03-2025T13:49:26 - [TEST_STEP][PASSED] - path = dataFolder + typeOfData + " за отчётный период " + b: null

03-03-2025T13:49:26 - [TEST_STEP][PASSED] - println(path): null

03-03-2025T13:49:26 - [TEST_STEP][PASSED] - page = getText(findTestObject(path)): Text of object 'Object Repository/Выполнение бизнес-плана/Значения со страницы Выполнение бизнес-плана/Факт Отпуск в сеть за отчётный период Кировэнерго' is: '533 023'

03-03-2025T13:49:27 - [MESSAGE][PASSED] - Text of object 'Object Repository/Выполнение бизнес-плана/Значения со страницы Выполнение бизнес-плана/Факт Отпуск в сеть за отчётный период Кировэнерго' is: '533 023'

03-03-2025T13:49:27 - [TEST_STEP][PASSED] - if (page == "" || page == null): null

03-03-2025T13:49:27 - [TEST_STEP][PASSED] - else: null

03-03-2025T13:49:27 - [TEST_STEP][PASSED] - page = page.replaceAll("\s+", ""): null

03-03-2025T13:49:27 - [TEST_STEP][PASSED] - fileOtpuskVSet = otpusk.toInteger(): null

03-03-2025T13:49:27 - [TEST_STEP][PASSED] - pageOtpuskVSet = page.toInteger(): null

03-03-2025T13:49:27 - [TEST_STEP][PASSED] - typeOfData = typeOfDataMain + " Потери": null

03-03-2025T13:49:27 - [TEST_STEP][PASSED] - if (a == 82): null

03-03-2025T13:49:27 - [TEST_STEP][PASSED] - else if (a == 84): null

03-03-2025T13:49:27 - [TEST_STEP][PASSED] - else if (a == 83 || a == 52 || a == 72 || a == 28 || a == 73 || a == 77 || a == 74 || a == 65 || a == 44 || a == 53 || a == 80 || a == 54 || a == 1 || a == 18 || a == 59 || a == 81): null

03-03-2025T13:49:27 - [TEST_STEP][PASSED] - else: null

03-03-2025T13:49:27 - [TEST_STEP][PASSED] - path = dataFolder + typeOfData + " за отчётный период " + b: null

03-03-2025T13:49:27 - [TEST_STEP][PASSED] - page = getText(findTestObject(path)): Text of object 'Object Repository/Выполнение бизнес-плана/Значения со страницы Выполнение бизнес-плана/Факт Потери за отчётный период Кировэнерго' is: '34 551'

03-03-2025T13:49:27 - [MESSAGE][PASSED] - Text of object 'Object Repository/Выполнение бизнес-плана/Значения со страницы Выполнение бизнес-плана/Факт Потери за отчётный период Кировэнерго' is: '34 551'

03-03-2025T13:49:27 - [TEST_STEP][PASSED] - if (page == "" || page == null): null

03-03-2025T13:49:27 - [TEST_STEP][PASSED] - else: null

03-03-2025T13:49:27 - [TEST_STEP][PASSED] - page = page.replaceAll("\s+", ""): null

03-03-2025T13:49:27 - [TEST_STEP][PASSED] - filePoteri = poteri.toInteger(): null

03-03-2025T13:49:27 - [TEST_STEP][PASSED] - pagePoteri = page.toInteger(): null

03-03-2025T13:49:27 - [TEST_STEP][PASSED] - compare = pageOtpuskVSet: null

03-03-2025T13:49:27 - [TEST_STEP][PASSED] - if (pageOtpuskVSet != null): null

03-03-2025T13:49:27 - [TEST_STEP][PASSED] - if (compare == fileOtpuskVSet): null

03-03-2025T13:49:27 - [TEST_STEP][PASSED] - else if (compare > fileOtpuskVSet): null

03-03-2025T13:49:27 - [TEST_STEP][PASSED] - else if (compare < fileOtpuskVSet): null

03-03-2025T13:49:27 - [TEST_STEP][PASSED] - compare = compare + 1: null

03-03-2025T13:49:27 - [TEST_STEP][PASSED] - if (compare == fileOtpuskVSet): null

03-03-2025T13:49:27 - [TEST_STEP][PASSED] - else: null

03-03-2025T13:49:27 - [TEST_STEP][PASSED] - numberOfErrors = numberOfErrors + 1: null

03-03-2025T13:49:27 - [TEST_STEP][PASSED] - pageInt = pageOtpuskVSet: null

03-03-2025T13:49:27 - [TEST_STEP][PASSED] - fileInt = fileOtpuskVSet: null

03-03-2025T13:49:27 - [TEST_STEP][PASSED] - typeOfData = typeOfDataMain + " Отпуск в сеть": null

03-03-2025T13:49:27 - [TEST_STEP][PASSED] - Script1718980020443.WriteToExcel(a, typeOfData, todaysDate, pageInt, fileInt, pageDouble, fileDouble, dZO): null

03-03-2025T13:49:27 - [TEST_STEP][PASSED] - sheetName = "Sheet1": null

03-03-2025T13:49:27 - [TEST_STEP][PASSED] - data = findTestData("PlanFact"): null

03-03-2025T13:49:27 - [TEST_STEP][PASSED] - n = data.getRowNumbers() + 1: null

03-03-2025T13:49:27 - [TEST_STEP][PASSED] - day = ")).toInteger(): null

03-03-2025T13:49:27 - [TEST_STEP][PASSED] - println(day): null

03-03-2025T13:49:27 - [TEST_STEP][PASSED] - month = ")).toInteger(): null

03-03-2025T13:49:27 - [TEST_STEP][PASSED] - println(month): null

03-03-2025T13:49:27 - [TEST_STEP][PASSED] - y = <not implemented yet for class: org.codehaus.groovy.ast.expr.EmptyExpression>: null

03-03-2025T13:49:27 - [TEST_STEP][PASSED] - iy = <not implemented yet for class: org.codehaus.groovy.ast.expr.EmptyExpression>: null

03-03-2025T13:49:27 - [TEST_STEP][PASSED] - m = getText(findTestObject("Выполнение бизнес-плана/Период")): Text of object 'Object Repository/Выполнение бизнес-плана/Период' is: '2024 год'

03-03-2025T13:49:27 - [MESSAGE][PASSED] - Text of object 'Object Repository/Выполнение бизнес-плана/Период' is: '2024 год'

03-03-2025T13:49:27 - [TEST_STEP][PASSED] - iy = m.indexOf("20"): null

03-03-2025T13:49:27 - [TEST_STEP][PASSED] - if (iy > -1): null

03-03-2025T13:49:27 - [TEST_STEP][PASSED] - y = substring(iy, iy + 4).toInteger(): null

03-03-2025T13:49:27 - [TEST_STEP][PASSED] - println(y): null

03-03-2025T13:49:27 - [TEST_STEP][PASSED] - if (toString().length() == 4): null

03-03-2025T13:49:27 - [TEST_STEP][PASSED] - m = m.substring(0, m.indexOf(y.toString())): null

03-03-2025T13:49:27 - [TEST_STEP][PASSED] - m = m.trim(): null

03-03-2025T13:49:27 - [TEST_STEP][PASSED] - if (m == ""): null

03-03-2025T13:49:27 - [TEST_STEP][PASSED] - m = "весь год": null

03-03-2025T13:49:27 - [TEST_STEP][PASSED] - dashboardName = "Выполнение бизнес-плана": null

03-03-2025T13:49:27 - [TEST_STEP][PASSED] - workbook01 = getWorkbook(excelFilePath): null

03-03-2025T13:49:27 - [TEST_STEP][PASSED] - sheet01 = getExcelSheet(workbook01, sheetName): null

03-03-2025T13:49:27 - [TEST_STEP][PASSED] - setValueToCellByIndex(sheet01, n, 0, dashboardName): null

03-03-2025T13:49:27 - [TEST_STEP][PASSED] - setValueToCellByIndex(sheet01, n, 1, dZO): null

03-03-2025T13:49:27 - [TEST_STEP][PASSED] - setValueToCellByIndex(sheet01, n, 2, typeOfData): null

03-03-2025T13:49:27 - [TEST_STEP][PASSED] - if (typeOfData == "Факт в процентах" || typeOfData == "План в процентах"): null

03-03-2025T13:49:27 - [TEST_STEP][PASSED] - else: null

03-03-2025T13:49:27 - [TEST_STEP][PASSED] - setValueToCellByIndex(sheet01, n, 3, fileInt): null

03-03-2025T13:49:27 - [TEST_STEP][PASSED] - setValueToCellByIndex(sheet01, n, 4, pageInt): null

03-03-2025T13:49:27 - [TEST_STEP][PASSED] - setValueToCellByIndex(sheet01, n, 5, m): null

03-03-2025T13:49:27 - [TEST_STEP][PASSED] - setValueToCellByIndex(sheet01, n, 6, y): null

03-03-2025T13:49:27 - [TEST_STEP][PASSED] - setValueToCellByIndex(sheet01, n, 7, todaysDate): null

03-03-2025T13:49:27 - [TEST_STEP][PASSED] - n = n + 1: null

03-03-2025T13:49:27 - [TEST_STEP][PASSED] - saveWorkbook(excelFilePath, workbook01): null

03-03-2025T13:49:27 - [TEST_STEP][PASSED] - compare = pagePoteri: null

03-03-2025T13:49:27 - [TEST_STEP][PASSED] - if (pageOtpuskVSet != null): null

03-03-2025T13:49:27 - [TEST_STEP][PASSED] - if (compare == filePoteri): null

03-03-2025T13:49:27 - [TEST_STEP][PASSED] - else if (compare > filePoteri): null

03-03-2025T13:49:27 - [TEST_STEP][PASSED] - else if (compare < filePoteri): null

03-03-2025T13:49:27 - [TEST_STEP][PASSED] - compare = compare + 1: null

03-03-2025T13:49:27 - [TEST_STEP][PASSED] - if (compare == filePoteri): null

03-03-2025T13:49:27 - [TEST_STEP][PASSED] - else: null

03-03-2025T13:49:27 - [TEST_STEP][PASSED] - numberOfErrors = numberOfErrors + 1: null

03-03-2025T13:49:27 - [TEST_STEP][PASSED] - pageInt = pagePoteri: null

03-03-2025T13:49:27 - [TEST_STEP][PASSED] - fileInt = filePoteri: null

03-03-2025T13:49:27 - [TEST_STEP][PASSED] - typeOfData = typeOfDataMain + " Потери": null

03-03-2025T13:49:27 - [TEST_STEP][PASSED] - Script1718980020443.WriteToExcel(a, typeOfData, todaysDate, pageInt, fileInt, pageDouble, fileDouble, dZO): null

03-03-2025T13:49:27 - [TEST_STEP][PASSED] - sheetName = "Sheet1": null

03-03-2025T13:49:27 - [TEST_STEP][PASSED] - data = findTestData("PlanFact"): null

03-03-2025T13:49:28 - [TEST_STEP][PASSED] - n = data.getRowNumbers() + 1: null

03-03-2025T13:49:28 - [TEST_STEP][PASSED] - day = ")).toInteger(): null

03-03-2025T13:49:28 - [TEST_STEP][PASSED] - println(day): null

03-03-2025T13:49:28 - [TEST_STEP][PASSED] - month = ")).toInteger(): null

03-03-2025T13:49:28 - [TEST_STEP][PASSED] - println(month): null

03-03-2025T13:49:28 - [TEST_STEP][PASSED] - y = <not implemented yet for class: org.codehaus.groovy.ast.expr.EmptyExpression>: null

03-03-2025T13:49:28 - [TEST_STEP][PASSED] - iy = <not implemented yet for class: org.codehaus.groovy.ast.expr.EmptyExpression>: null

03-03-2025T13:49:28 - [TEST_STEP][PASSED] - m = getText(findTestObject("Выполнение бизнес-плана/Период")): Text of object 'Object Repository/Выполнение бизнес-плана/Период' is: '2024 год'

03-03-2025T13:49:28 - [MESSAGE][PASSED] - Text of object 'Object Repository/Выполнение бизнес-плана/Период' is: '2024 год'

03-03-2025T13:49:28 - [TEST_STEP][PASSED] - iy = m.indexOf("20"): null

03-03-2025T13:49:28 - [TEST_STEP][PASSED] - if (iy > -1): null

03-03-2025T13:49:28 - [TEST_STEP][PASSED] - y = substring(iy, iy + 4).toInteger(): null

03-03-2025T13:49:28 - [TEST_STEP][PASSED] - println(y): null

03-03-2025T13:49:28 - [TEST_STEP][PASSED] - if (toString().length() == 4): null

03-03-2025T13:49:28 - [TEST_STEP][PASSED] - m = m.substring(0, m.indexOf(y.toString())): null

03-03-2025T13:49:28 - [TEST_STEP][PASSED] - m = m.trim(): null

03-03-2025T13:49:28 - [TEST_STEP][PASSED] - if (m == ""): null

03-03-2025T13:49:28 - [TEST_STEP][PASSED] - m = "весь год": null

03-03-2025T13:49:28 - [TEST_STEP][PASSED] - dashboardName = "Выполнение бизнес-плана": null

03-03-2025T13:49:28 - [TEST_STEP][PASSED] - workbook01 = getWorkbook(excelFilePath): null

03-03-2025T13:49:28 - [TEST_STEP][PASSED] - sheet01 = getExcelSheet(workbook01, sheetName): null

03-03-2025T13:49:28 - [TEST_STEP][PASSED] - setValueToCellByIndex(sheet01, n, 0, dashboardName): null

03-03-2025T13:49:28 - [TEST_STEP][PASSED] - setValueToCellByIndex(sheet01, n, 1, dZO): null

03-03-2025T13:49:28 - [TEST_STEP][PASSED] - setValueToCellByIndex(sheet01, n, 2, typeOfData): null

03-03-2025T13:49:28 - [TEST_STEP][PASSED] - if (typeOfData == "Факт в процентах" || typeOfData == "План в процентах"): null

03-03-2025T13:49:28 - [TEST_STEP][PASSED] - else: null

03-03-2025T13:49:28 - [TEST_STEP][PASSED] - setValueToCellByIndex(sheet01, n, 3, fileInt): null

03-03-2025T13:49:28 - [TEST_STEP][PASSED] - setValueToCellByIndex(sheet01, n, 4, pageInt): null

03-03-2025T13:49:28 - [TEST_STEP][PASSED] - setValueToCellByIndex(sheet01, n, 5, m): null

03-03-2025T13:49:28 - [TEST_STEP][PASSED] - setValueToCellByIndex(sheet01, n, 6, y): null

03-03-2025T13:49:28 - [TEST_STEP][PASSED] - setValueToCellByIndex(sheet01, n, 7, todaysDate): null

03-03-2025T13:49:28 - [TEST_STEP][PASSED] - n = n + 1: null

03-03-2025T13:49:28 - [TEST_STEP][PASSED] - saveWorkbook(excelFilePath, workbook01): null

03-03-2025T13:49:28 - [TEST_STEP][PASSED] - if (planFact == 2): null

03-03-2025T13:49:28 - [TEST_STEP][PASSED] - if (planFact == 1): null

03-03-2025T13:49:28 - [TEST_STEP][PASSED] - else if (planFact == 2): null

03-03-2025T13:49:28 - [TEST_STEP][PASSED] - click(findTestObject("Выполнение бизнес-плана/Кнопка План")): Object: 'Object Repository/Выполнение бизнес-плана/Кнопка План' is clicked on

03-03-2025T13:49:28 - [MESSAGE][PASSED] - Object: 'Object Repository/Выполнение бизнес-плана/Кнопка План' is clicked on

03-03-2025T13:49:28 - [TEST_STEP][PASSED] - typeOfDataMain = "План": null

03-03-2025T13:49:28 - [TEST_STEP][PASSED] - otpusk = findTestData("PlanFact").getValue(2, a): null

03-03-2025T13:49:28 - [TEST_STEP][PASSED] - poteri = findTestData("PlanFact").getValue(3, a): null

03-03-2025T13:49:29 - [TEST_STEP][PASSED] - otpusk = otpusk.replaceAll("\s+", ""): null

03-03-2025T13:49:29 - [TEST_STEP][PASSED] - poteri = poteri.replaceAll("\s+", ""): null

03-03-2025T13:49:29 - [TEST_STEP][PASSED] - typeOfData = typeOfDataMain + " Отпуск в сеть": null

03-03-2025T13:49:29 - [TEST_STEP][PASSED] - if (a == 82): null

03-03-2025T13:49:29 - [TEST_STEP][PASSED] - else if (a == 84): null

03-03-2025T13:49:29 - [TEST_STEP][PASSED] - else if (a == 83 || a == 52 || a == 72 || a == 28 || a == 73 || a == 77 || a == 74 || a == 65 || a == 36 || a == 44 || a == 53 || a == 80 || a == 54 || a == 1 || a == 18 || a == 59 || a == 81): null

03-03-2025T13:49:29 - [TEST_STEP][PASSED] - else: null

03-03-2025T13:49:29 - [TEST_STEP][PASSED] - path = dataFolder + typeOfData + " за отчётный период " + b: null

03-03-2025T13:49:29 - [TEST_STEP][PASSED] - println(path): null

03-03-2025T13:49:29 - [TEST_STEP][PASSED] - page = getText(findTestObject(path)): Text of object 'Object Repository/Выполнение бизнес-плана/Значения со страницы Выполнение бизнес-плана/План Отпуск в сеть за отчётный период Кировэнерго' is: '531 864'

03-03-2025T13:49:29 - [MESSAGE][PASSED] - Text of object 'Object Repository/Выполнение бизнес-плана/Значения со страницы Выполнение бизнес-плана/План Отпуск в сеть за отчётный период Кировэнерго' is: '531 864'

03-03-2025T13:49:29 - [TEST_STEP][PASSED] - if (page == "" || page == null): null

03-03-2025T13:49:29 - [TEST_STEP][PASSED] - else: null

03-03-2025T13:49:29 - [TEST_STEP][PASSED] - page = page.replaceAll("\s+", ""): null

03-03-2025T13:49:29 - [TEST_STEP][PASSED] - fileOtpuskVSet = otpusk.toInteger(): null

03-03-2025T13:49:29 - [TEST_STEP][PASSED] - pageOtpuskVSet = page.toInteger(): null

03-03-2025T13:49:29 - [TEST_STEP][PASSED] - typeOfData = typeOfDataMain + " Потери": null

03-03-2025T13:49:29 - [TEST_STEP][PASSED] - if (a == 82): null

03-03-2025T13:49:29 - [TEST_STEP][PASSED] - else if (a == 84): null

03-03-2025T13:49:29 - [TEST_STEP][PASSED] - else if (a == 83 || a == 52 || a == 72 || a == 28 || a == 73 || a == 77 || a == 74 || a == 65 || a == 44 || a == 53 || a == 80 || a == 54 || a == 1 || a == 18 || a == 59 || a == 81): null

03-03-2025T13:49:29 - [TEST_STEP][PASSED] - else: null

03-03-2025T13:49:29 - [TEST_STEP][PASSED] - path = dataFolder + typeOfData + " за отчётный период " + b: null

03-03-2025T13:49:29 - [TEST_STEP][PASSED] - page = getText(findTestObject(path)): Text of object 'Object Repository/Выполнение бизнес-плана/Значения со страницы Выполнение бизнес-плана/План Потери за отчётный период Кировэнерго' is: '35 938'

03-03-2025T13:49:29 - [MESSAGE][PASSED] - Text of object 'Object Repository/Выполнение бизнес-плана/Значения со страницы Выполнение бизнес-плана/План Потери за отчётный период Кировэнерго' is: '35 938'

03-03-2025T13:49:29 - [TEST_STEP][PASSED] - if (page == "" || page == null): null

03-03-2025T13:49:29 - [TEST_STEP][PASSED] - else: null

03-03-2025T13:49:29 - [TEST_STEP][PASSED] - page = page.replaceAll("\s+", ""): null

03-03-2025T13:49:29 - [TEST_STEP][PASSED] - filePoteri = poteri.toInteger(): null

03-03-2025T13:49:29 - [TEST_STEP][PASSED] - pagePoteri = page.toInteger(): null

03-03-2025T13:49:29 - [TEST_STEP][PASSED] - compare = pageOtpuskVSet: null

03-03-2025T13:49:29 - [TEST_STEP][PASSED] - if (pageOtpuskVSet != null): null

03-03-2025T13:49:29 - [TEST_STEP][PASSED] - if (compare == fileOtpuskVSet): null

03-03-2025T13:49:29 - [TEST_STEP][PASSED] - else if (compare > fileOtpuskVSet): null

03-03-2025T13:49:29 - [TEST_STEP][PASSED] - else if (compare < fileOtpuskVSet): null

03-03-2025T13:49:29 - [TEST_STEP][PASSED] - compare = compare + 1: null

03-03-2025T13:49:29 - [TEST_STEP][PASSED] - if (compare == fileOtpuskVSet): null

03-03-2025T13:49:29 - [TEST_STEP][PASSED] - else: null

03-03-2025T13:49:29 - [TEST_STEP][PASSED] - numberOfErrors = numberOfErrors + 1: null

03-03-2025T13:49:29 - [TEST_STEP][PASSED] - pageInt = pageOtpuskVSet: null

03-03-2025T13:49:29 - [TEST_STEP][PASSED] - fileInt = fileOtpuskVSet: null

03-03-2025T13:49:29 - [TEST_STEP][PASSED] - typeOfData = typeOfDataMain + " Отпуск в сеть": null

03-03-2025T13:49:29 - [TEST_STEP][PASSED] - Script1718980020443.WriteToExcel(a, typeOfData, todaysDate, pageInt, fileInt, pageDouble, fileDouble, dZO): null

03-03-2025T13:49:29 - [TEST_STEP][PASSED] - sheetName = "Sheet1": null

03-03-2025T13:49:29 - [TEST_STEP][PASSED] - data = findTestData("PlanFact"): null

03-03-2025T13:49:29 - [TEST_STEP][PASSED] - n = data.getRowNumbers() + 1: null

03-03-2025T13:49:29 - [TEST_STEP][PASSED] - day = ")).toInteger(): null

03-03-2025T13:49:29 - [TEST_STEP][PASSED] - println(day): null

03-03-2025T13:49:29 - [TEST_STEP][PASSED] - month = ")).toInteger(): null

03-03-2025T13:49:29 - [TEST_STEP][PASSED] - println(month): null

03-03-2025T13:49:29 - [TEST_STEP][PASSED] - y = <not implemented yet for class: org.codehaus.groovy.ast.expr.EmptyExpression>: null

03-03-2025T13:49:29 - [TEST_STEP][PASSED] - iy = <not implemented yet for class: org.codehaus.groovy.ast.expr.EmptyExpression>: null

03-03-2025T13:49:29 - [TEST_STEP][PASSED] - m = getText(findTestObject("Выполнение бизнес-плана/Период")): Text of object 'Object Repository/Выполнение бизнес-плана/Период' is: '2024 год'

03-03-2025T13:49:30 - [MESSAGE][PASSED] - Text of object 'Object Repository/Выполнение бизнес-плана/Период' is: '2024 год'

03-03-2025T13:49:30 - [TEST_STEP][PASSED] - iy = m.indexOf("20"): null

03-03-2025T13:49:30 - [TEST_STEP][PASSED] - if (iy > -1): null

03-03-2025T13:49:30 - [TEST_STEP][PASSED] - y = substring(iy, iy + 4).toInteger(): null

03-03-2025T13:49:30 - [TEST_STEP][PASSED] - println(y): null

03-03-2025T13:49:30 - [TEST_STEP][PASSED] - if (toString().length() == 4): null

03-03-2025T13:49:30 - [TEST_STEP][PASSED] - m = m.substring(0, m.indexOf(y.toString())): null

03-03-2025T13:49:30 - [TEST_STEP][PASSED] - m = m.trim(): null

03-03-2025T13:49:30 - [TEST_STEP][PASSED] - if (m == ""): null

03-03-2025T13:49:30 - [TEST_STEP][PASSED] - m = "весь год": null

03-03-2025T13:49:30 - [TEST_STEP][PASSED] - dashboardName = "Выполнение бизнес-плана": null

03-03-2025T13:49:30 - [TEST_STEP][PASSED] - workbook01 = getWorkbook(excelFilePath): null

03-03-2025T13:49:30 - [TEST_STEP][PASSED] - sheet01 = getExcelSheet(workbook01, sheetName): null

03-03-2025T13:49:30 - [TEST_STEP][PASSED] - setValueToCellByIndex(sheet01, n, 0, dashboardName): null

03-03-2025T13:49:30 - [TEST_STEP][PASSED] - setValueToCellByIndex(sheet01, n, 1, dZO): null

03-03-2025T13:49:30 - [TEST_STEP][PASSED] - setValueToCellByIndex(sheet01, n, 2, typeOfData): null

03-03-2025T13:49:30 - [TEST_STEP][PASSED] - if (typeOfData == "Факт в процентах" || typeOfData == "План в процентах"): null

03-03-2025T13:49:30 - [TEST_STEP][PASSED] - else: null

03-03-2025T13:49:30 - [TEST_STEP][PASSED] - setValueToCellByIndex(sheet01, n, 3, fileInt): null

03-03-2025T13:49:30 - [TEST_STEP][PASSED] - setValueToCellByIndex(sheet01, n, 4, pageInt): null

03-03-2025T13:49:30 - [TEST_STEP][PASSED] - setValueToCellByIndex(sheet01, n, 5, m): null

03-03-2025T13:49:30 - [TEST_STEP][PASSED] - setValueToCellByIndex(sheet01, n, 6, y): null

03-03-2025T13:49:30 - [TEST_STEP][PASSED] - setValueToCellByIndex(sheet01, n, 7, todaysDate): null

03-03-2025T13:49:30 - [TEST_STEP][PASSED] - n = n + 1: null

03-03-2025T13:49:30 - [TEST_STEP][PASSED] - saveWorkbook(excelFilePath, workbook01): null

03-03-2025T13:49:30 - [TEST_STEP][PASSED] - compare = pagePoteri: null

03-03-2025T13:49:30 - [TEST_STEP][PASSED] - if (pageOtpuskVSet != null): null

03-03-2025T13:49:30 - [TEST_STEP][PASSED] - if (compare == filePoteri): null

03-03-2025T13:49:30 - [TEST_STEP][PASSED] - else if (compare > filePoteri): null

03-03-2025T13:49:30 - [TEST_STEP][PASSED] - else if (compare < filePoteri): null

03-03-2025T13:49:30 - [TEST_STEP][PASSED] - compare = compare + 1: null

03-03-2025T13:49:30 - [TEST_STEP][PASSED] - if (compare == filePoteri): null

03-03-2025T13:49:30 - [TEST_STEP][PASSED] - else: null

03-03-2025T13:49:30 - [TEST_STEP][PASSED] - numberOfErrors = numberOfErrors + 1: null

03-03-2025T13:49:30 - [TEST_STEP][PASSED] - pageInt = pagePoteri: null

03-03-2025T13:49:30 - [TEST_STEP][PASSED] - fileInt = filePoteri: null

03-03-2025T13:49:30 - [TEST_STEP][PASSED] - typeOfData = typeOfDataMain + " Потери": null

03-03-2025T13:49:30 - [TEST_STEP][PASSED] - Script1718980020443.WriteToExcel(a, typeOfData, todaysDate, pageInt, fileInt, pageDouble, fileDouble, dZO): null

03-03-2025T13:49:30 - [TEST_STEP][PASSED] - sheetName = "Sheet1": null

03-03-2025T13:49:30 - [TEST_STEP][PASSED] - data = findTestData("PlanFact"): null

03-03-2025T13:49:30 - [TEST_STEP][PASSED] - n = data.getRowNumbers() + 1: null

03-03-2025T13:49:30 - [TEST_STEP][PASSED] - day = ")).toInteger(): null

03-03-2025T13:49:30 - [TEST_STEP][PASSED] - println(day): null

03-03-2025T13:49:30 - [TEST_STEP][PASSED] - month = ")).toInteger(): null

03-03-2025T13:49:30 - [TEST_STEP][PASSED] - println(month): null

03-03-2025T13:49:30 - [TEST_STEP][PASSED] - y = <not implemented yet for class: org.codehaus.groovy.ast.expr.EmptyExpression>: null

03-03-2025T13:49:30 - [TEST_STEP][PASSED] - iy = <not implemented yet for class: org.codehaus.groovy.ast.expr.EmptyExpression>: null

03-03-2025T13:49:30 - [TEST_STEP][PASSED] - m = getText(findTestObject("Выполнение бизнес-плана/Период")): Text of object 'Object Repository/Выполнение бизнес-плана/Период' is: '2024 год'

03-03-2025T13:49:30 - [MESSAGE][PASSED] - Text of object 'Object Repository/Выполнение бизнес-плана/Период' is: '2024 год'

03-03-2025T13:49:30 - [TEST_STEP][PASSED] - iy = m.indexOf("20"): null

03-03-2025T13:49:30 - [TEST_STEP][PASSED] - if (iy > -1): null

03-03-2025T13:49:30 - [TEST_STEP][PASSED] - y = substring(iy, iy + 4).toInteger(): null

03-03-2025T13:49:30 - [TEST_STEP][PASSED] - println(y): null

03-03-2025T13:49:30 - [TEST_STEP][PASSED] - if (toString().length() == 4): null

03-03-2025T13:49:30 - [TEST_STEP][PASSED] - m = m.substring(0, m.indexOf(y.toString())): null

03-03-2025T13:49:30 - [TEST_STEP][PASSED] - m = m.trim(): null

03-03-2025T13:49:30 - [TEST_STEP][PASSED] - if (m == ""): null

03-03-2025T13:49:30 - [TEST_STEP][PASSED] - m = "весь год": null

03-03-2025T13:49:30 - [TEST_STEP][PASSED] - dashboardName = "Выполнение бизнес-плана": null

03-03-2025T13:49:30 - [TEST_STEP][PASSED] - workbook01 = getWorkbook(excelFilePath): null

03-03-2025T13:49:30 - [TEST_STEP][PASSED] - sheet01 = getExcelSheet(workbook01, sheetName): null

03-03-2025T13:49:30 - [TEST_STEP][PASSED] - setValueToCellByIndex(sheet01, n, 0, dashboardName): null

03-03-2025T13:49:30 - [TEST_STEP][PASSED] - setValueToCellByIndex(sheet01, n, 1, dZO): null

03-03-2025T13:49:30 - [TEST_STEP][PASSED] - setValueToCellByIndex(sheet01, n, 2, typeOfData): null

03-03-2025T13:49:30 - [TEST_STEP][PASSED] - if (typeOfData == "Факт в процентах" || typeOfData == "План в процентах"): null

03-03-2025T13:49:30 - [TEST_STEP][PASSED] - else: null

03-03-2025T13:49:30 - [TEST_STEP][PASSED] - setValueToCellByIndex(sheet01, n, 3, fileInt): null

03-03-2025T13:49:30 - [TEST_STEP][PASSED] - setValueToCellByIndex(sheet01, n, 4, pageInt): null

03-03-2025T13:49:30 - [TEST_STEP][PASSED] - setValueToCellByIndex(sheet01, n, 5, m): null

03-03-2025T13:49:30 - [TEST_STEP][PASSED] - setValueToCellByIndex(sheet01, n, 6, y): null

03-03-2025T13:49:30 - [TEST_STEP][PASSED] - setValueToCellByIndex(sheet01, n, 7, todaysDate): null

03-03-2025T13:49:30 - [TEST_STEP][PASSED] - n = n + 1: null

03-03-2025T13:49:30 - [TEST_STEP][PASSED] - saveWorkbook(excelFilePath, workbook01): Object: 'Object Repository/Выполнение бизнес-плана/Кнопка Факт' is clicked on

03-03-2025T13:49:31 - [TEST_STEP][PASSED] - if (planFact == 2): Object: 'Object Repository/Выполнение бизнес-плана/Кнопка Факт' is clicked on

03-03-2025T13:49:31 - [TEST_STEP][PASSED] - click(findTestObject("Выполнение бизнес-плана/Кнопка Факт")): Object: 'Object Repository/Выполнение бизнес-плана/Кнопка Факт' is clicked on

03-03-2025T13:49:31 - [MESSAGE][PASSED] - Object: 'Object Repository/Выполнение бизнес-плана/Кнопка Факт' is clicked on

03-03-2025T13:49:31 - [TEST_STEP][PASSED] - println("a=" + a): null

03-03-2025T13:49:31 - [TEST_STEP][PASSED] - if (a == 84 || a == 82): null

03-03-2025T13:49:31 - [TEST_STEP][PASSED] - else if (a == 83 || a == 52 || a == 72 || a == 28 || a == 73 || a == 77 || a == 74 || a == 65 || a == 36 || a == 44 || a == 53 || a == 80 || a == 54 || a == 1 || a == 18 || a == 59 || a == 81): null

03-03-2025T13:49:31 - [TEST_STEP][PASSED] - else: null

03-03-2025T13:49:31 - [TEST_STEP][PASSED] - page1 = getText(findTestObject("Object Repository/Выполнение бизнес-плана/spanPlan" + filialNum)): Text of object 'Object Repository/Выполнение бизнес-плана/spanPlan4' is: '4.67
|'

03-03-2025T13:49:31 - [MESSAGE][PASSED] - Text of object 'Object Repository/Выполнение бизнес-плана/spanPlan4' is: '4.67
|'

03-03-2025T13:49:31 - [TEST_STEP][PASSED] - page1 = page1.replace("|", ""): null

03-03-2025T13:49:31 - [TEST_STEP][PASSED] - page2 = getText(findTestObject("Object Repository/Выполнение бизнес-плана/spanFact" + filialNum)): Text of object 'Object Repository/Выполнение бизнес-плана/spanFact4' is: '3.99
|'

03-03-2025T13:49:32 - [MESSAGE][PASSED] - Text of object 'Object Repository/Выполнение бизнес-плана/spanFact4' is: '3.99
|'

03-03-2025T13:49:32 - [TEST_STEP][PASSED] - page2 = page2.replace("|", ""): null

03-03-2025T13:49:32 - [TEST_STEP][PASSED] - println("page1: " + page1): null

03-03-2025T13:49:32 - [TEST_STEP][PASSED] - println("page2: " + page2): null

03-03-2025T13:49:32 - [TEST_STEP][PASSED] - file = findTestData("PlanFact").getValue(4, a): null

03-03-2025T13:49:32 - [TEST_STEP][PASSED] - file = file.replace(",", "."): null

03-03-2025T13:49:32 - [TEST_STEP][PASSED] - println("file Plan: " + file): null

03-03-2025T13:49:32 - [TEST_STEP][PASSED] - typeOfData = "План в процентах": null

03-03-2025T13:49:32 - [TEST_STEP][PASSED] - fileDouble = file.toDouble(): null

03-03-2025T13:49:32 - [TEST_STEP][PASSED] - pageDouble = page1.toDouble(): null

03-03-2025T13:49:32 - [TEST_STEP][PASSED] - if (fileDouble != pageDouble): null

03-03-2025T13:49:32 - [TEST_STEP][PASSED] - file = findTestData("PlanFact").getValue(7, a): null

03-03-2025T13:49:32 - [TEST_STEP][PASSED] - file = file.replace(",", "."): null

03-03-2025T13:49:32 - [TEST_STEP][PASSED] - println("file Fact: " + file): null

03-03-2025T13:49:32 - [TEST_STEP][PASSED] - fileDouble = file.toDouble(): null

03-03-2025T13:49:32 - [TEST_STEP][PASSED] - typeOfData = "Факт в процентах": null

03-03-2025T13:49:32 - [TEST_STEP][PASSED] - fileDouble = file.toDouble(): null

03-03-2025T13:49:32 - [TEST_STEP][PASSED] - pageDouble = page2.toDouble(): null

03-03-2025T13:49:32 - [TEST_STEP][PASSED] - if (fileDouble != pageDouble): null

03-03-2025T13:49:32 - [TEST_STEP][FAILED] - if (verifyEqual(numberOfErrors, 0) == false): null

03-03-2025T13:49:32 - [MESSAGE][FAILED] - Unable to verify equal between actual object '4' and expected object '0' (Root cause: com.kms.katalon.core.exception.StepFailedException: Actual object '4' and expected object '0' are not equal
	at com.kms.katalon.core.keyword.builtin.VerifyEqualKeyword$_verifyEqual_closure1.doCall(VerifyEqualKeyword.groovy:58)
	at com.kms.katalon.core.keyword.builtin.VerifyEqualKeyword$_verifyEqual_closure1.call(VerifyEqualKeyword.groovy)
	at com.kms.katalon.core.keyword.internal.KeywordMain.runKeyword(KeywordMain.groovy:75)
	at com.kms.katalon.core.keyword.builtin.VerifyEqualKeyword.verifyEqual(VerifyEqualKeyword.groovy:63)
	at com.kms.katalon.core.keyword.builtin.VerifyEqualKeyword.execute(VerifyEqualKeyword.groovy:44)
	at com.kms.katalon.core.keyword.internal.KeywordExecutor.executeKeywordForPlatform(KeywordExecutor.groovy:74)
	at com.kms.katalon.core.keyword.BuiltinKeywords.verifyEqual(BuiltinKeywords.groovy:146)
	at jdk.internal.reflect.GeneratedMethodAccessor24.invoke(Unknown Source)
	at java.base/jdk.internal.reflect.DelegatingMethodAccessorImpl.invoke(DelegatingMethodAccessorImpl.java:43)
	at Выполнение бизнес-плана Сверка ПАО Россети все филиалы.Numbers(Выполнение бизнес-плана Сверка ПАО Россети все филиалы:736)
	at Выполнение бизнес-плана Сверка ПАО Россети все филиалы.Filials(Выполнение бизнес-плана Сверка ПАО Россети все филиалы:1389)
	at Выполнение бизнес-плана Сверка ПАО Россети все филиалы.Numbers(Выполнение бизнес-плана Сверка ПАО Россети все филиалы:743)
	at Выполнение бизнес-плана Сверка ПАО Россети все филиалы.run(Выполнение бизнес-плана Сверка ПАО Россети все филиалы:378)
	at com.kms.katalon.core.main.ScriptEngine.run(ScriptEngine.java:194)
	at com.kms.katalon.core.main.ScriptEngine.runScriptAsRawText(ScriptEngine.java:119)
	at com.kms.katalon.core.main.TestCaseExecutor.runScript(TestCaseExecutor.java:448)
	at com.kms.katalon.core.main.TestCaseExecutor.doExecute(TestCaseExecutor.java:439)
	at com.kms.katalon.core.main.TestCaseExecutor.processExecutionPhase(TestCaseExecutor.java:418)
	at com.kms.katalon.core.main.TestCaseExecutor.accessMainPhase(TestCaseExecutor.java:410)
	at com.kms.katalon.core.main.TestCaseExecutor.execute(TestCaseExecutor.java:285)
	at com.kms.katalon.core.common.CommonExecutor.accessTestCaseMainPhase(CommonExecutor.java:65)
	at com.kms.katalon.core.main.TestSuiteExecutor.accessTestSuiteMainPhase(TestSuiteExecutor.java:150)
	at com.kms.katalon.core.main.TestSuiteExecutor.execute(TestSuiteExecutor.java:106)
	at com.kms.katalon.core.main.TestCaseMain.startTestSuite(TestCaseMain.java:180)
	at TempTestSuite1740991900055.run(TempTestSuite1740991900055.groovy:35)
	at java.base/jdk.internal.reflect.NativeMethodAccessorImpl.invoke0(Native Method)
	at java.base/jdk.internal.reflect.NativeMethodAccessorImpl.invoke(NativeMethodAccessorImpl.java:77)
	at java.base/jdk.internal.reflect.DelegatingMethodAccessorImpl.invoke(DelegatingMethodAccessorImpl.java:43)
)

03-03-2025T13:49:32 - [TEST_STEP][PASSED] - println(numberOfErrors): null

03-03-2025T13:49:32 - [TEST_STEP][PASSED] - println("a=" + a): null

03-03-2025T13:49:32 - [TEST_STEP][PASSED] - if (a == 28 || a == 77 || a == 74 || a == 65 || a == 36 || a == 44 || a == 54 || a == 1 || a == 18 || a == 59): null

03-03-2025T13:49:32 - [TEST_STEP][PASSED] - if (a == 82): null

03-03-2025T13:49:32 - [TEST_STEP][PASSED] - dZO = "Мариэнерго": null

03-03-2025T13:49:32 - [TEST_STEP][PASSED] - a = 23: null

03-03-2025T13:49:32 - [TEST_STEP][PASSED] - if (x2.contains(dZO)): null

03-03-2025T13:49:32 - [TEST_STEP][PASSED] - filialNum = filialNum + 1: null

03-03-2025T13:49:32 - [TEST_STEP][PASSED] - Script1718980020443.Numbers(a, typeOfData, todaysDate, pageInt, fileInt, pageDouble, fileDouble, dZO, dzoNum, filialNum): null

03-03-2025T13:49:32 - [TEST_STEP][PASSED] - println(dzoNum): null

03-03-2025T13:49:32 - [TEST_STEP][PASSED] - planFact = <not implemented yet for class: org.codehaus.groovy.ast.expr.EmptyExpression>: null

03-03-2025T13:49:32 - [TEST_STEP][PASSED] - page = <not implemented yet for class: org.codehaus.groovy.ast.expr.EmptyExpression>: null

03-03-2025T13:49:32 - [TEST_STEP][PASSED] - page1 = <not implemented yet for class: org.codehaus.groovy.ast.expr.EmptyExpression>: null

03-03-2025T13:49:32 - [TEST_STEP][PASSED] - page2 = <not implemented yet for class: org.codehaus.groovy.ast.expr.EmptyExpression>: null

03-03-2025T13:49:32 - [TEST_STEP][PASSED] - filialNumberInRow = <not implemented yet for class: org.codehaus.groovy.ast.expr.EmptyExpression>: null

03-03-2025T13:49:32 - [TEST_STEP][PASSED] - filialsDzoNames = <not implemented yet for class: org.codehaus.groovy.ast.expr.EmptyExpression>: null

03-03-2025T13:49:32 - [TEST_STEP][PASSED] - numberOfFilials = <not implemented yet for class: org.codehaus.groovy.ast.expr.EmptyExpression>: null

03-03-2025T13:49:32 - [TEST_STEP][PASSED] - numberOfSpaces = <not implemented yet for class: org.codehaus.groovy.ast.expr.EmptyExpression>: null

03-03-2025T13:49:32 - [TEST_STEP][PASSED] - file = <not implemented yet for class: org.codehaus.groovy.ast.expr.EmptyExpression>: null

03-03-2025T13:49:32 - [TEST_STEP][PASSED] - otpusk = <not implemented yet for class: org.codehaus.groovy.ast.expr.EmptyExpression>: null

03-03-2025T13:49:32 - [TEST_STEP][PASSED] - poteri = <not implemented yet for class: org.codehaus.groovy.ast.expr.EmptyExpression>: null

03-03-2025T13:49:32 - [TEST_STEP][PASSED] - dataFolder = "Выполнение бизнес-плана/Значения со страницы Выполнение бизнес-плана/": null

03-03-2025T13:49:32 - [TEST_STEP][PASSED] - path = <not implemented yet for class: org.codehaus.groovy.ast.expr.EmptyExpression>: null

03-03-2025T13:49:32 - [TEST_STEP][PASSED] - typeOfDataMain = <not implemented yet for class: org.codehaus.groovy.ast.expr.EmptyExpression>: null

03-03-2025T13:49:32 - [TEST_STEP][PASSED] - fileOtpuskVSet = <not implemented yet for class: org.codehaus.groovy.ast.expr.EmptyExpression>: null

03-03-2025T13:49:32 - [TEST_STEP][PASSED] - pageOtpuskVSet = <not implemented yet for class: org.codehaus.groovy.ast.expr.EmptyExpression>: null

03-03-2025T13:49:32 - [TEST_STEP][PASSED] - filePoteri = <not implemented yet for class: org.codehaus.groovy.ast.expr.EmptyExpression>: null

03-03-2025T13:49:32 - [TEST_STEP][PASSED] - pagePoteri = <not implemented yet for class: org.codehaus.groovy.ast.expr.EmptyExpression>: null

03-03-2025T13:49:32 - [TEST_STEP][PASSED] - compare = <not implemented yet for class: org.codehaus.groovy.ast.expr.EmptyExpression>: null

03-03-2025T13:49:32 - [TEST_STEP][PASSED] - b = <not implemented yet for class: org.codehaus.groovy.ast.expr.EmptyExpression>: null

03-03-2025T13:49:32 - [TEST_STEP][PASSED] - i = <not implemented yet for class: org.codehaus.groovy.ast.expr.EmptyExpression>: null

03-03-2025T13:49:32 - [TEST_STEP][PASSED] - ii = <not implemented yet for class: org.codehaus.groovy.ast.expr.EmptyExpression>: null

03-03-2025T13:49:32 - [TEST_STEP][PASSED] - c = <not implemented yet for class: org.codehaus.groovy.ast.expr.EmptyExpression>: null

03-03-2025T13:49:32 - [TEST_STEP][PASSED] - numberOfErrors = 0: null

03-03-2025T13:49:32 - [TEST_STEP][PASSED] - if (a == 82): null

03-03-2025T13:49:32 - [TEST_STEP][PASSED] - b = findTestData("PlanFact").getValue(1, a): null

03-03-2025T13:49:32 - [TEST_STEP][PASSED] - i = b.indexOf(" (ГК)"): null

03-03-2025T13:49:32 - [TEST_STEP][PASSED] - if (i > -1): null

03-03-2025T13:49:32 - [TEST_STEP][PASSED] - i = b.indexOf("О ""): null

03-03-2025T13:49:32 - [TEST_STEP][PASSED] - if (i > -1): null

03-03-2025T13:49:32 - [TEST_STEP][PASSED] - i = b.indexOf("О «"): null

03-03-2025T13:49:32 - [TEST_STEP][PASSED] - if (i > -1): null

03-03-2025T13:49:32 - [TEST_STEP][PASSED] - i = b.indexOf("г. "): null

03-03-2025T13:49:32 - [TEST_STEP][PASSED] - if (i > -1): null

03-03-2025T13:49:32 - [TEST_STEP][PASSED] - b = b.trim(): null

03-03-2025T13:49:32 - [TEST_STEP][PASSED] - println(b): null

03-03-2025T13:49:32 - [TEST_STEP][PASSED] - for ([planFact = 1, planFact < 3, (planFact++)]): null

03-03-2025T13:49:32 - [TEST_STEP][PASSED] - if (planFact == 1): null

03-03-2025T13:49:32 - [TEST_STEP][PASSED] - typeOfDataMain = "Факт": null

03-03-2025T13:49:32 - [TEST_STEP][PASSED] - otpusk = findTestData("PlanFact").getValue(5, a): null

03-03-2025T13:49:32 - [TEST_STEP][PASSED] - poteri = findTestData("PlanFact").getValue(6, a): null

03-03-2025T13:49:32 - [TEST_STEP][PASSED] - otpusk = otpusk.replaceAll("\s+", ""): null

03-03-2025T13:49:32 - [TEST_STEP][PASSED] - poteri = poteri.replaceAll("\s+", ""): null

03-03-2025T13:49:32 - [TEST_STEP][PASSED] - typeOfData = typeOfDataMain + " Отпуск в сеть": null

03-03-2025T13:49:32 - [TEST_STEP][PASSED] - if (a == 82): null

03-03-2025T13:49:32 - [TEST_STEP][PASSED] - else if (a == 84): null

03-03-2025T13:49:32 - [TEST_STEP][PASSED] - else if (a == 83 || a == 52 || a == 72 || a == 28 || a == 73 || a == 77 || a == 74 || a == 65 || a == 36 || a == 44 || a == 53 || a == 80 || a == 54 || a == 1 || a == 18 || a == 59 || a == 81): null

03-03-2025T13:49:32 - [TEST_STEP][PASSED] - else: null

03-03-2025T13:49:32 - [TEST_STEP][PASSED] - path = dataFolder + typeOfData + " за отчётный период " + b: null

03-03-2025T13:49:32 - [TEST_STEP][PASSED] - println(path): null

03-03-2025T13:49:32 - [TEST_STEP][PASSED] - page = getText(findTestObject(path)): Text of object 'Object Repository/Выполнение бизнес-плана/Значения со страницы Выполнение бизнес-плана/Факт Отпуск в сеть за отчётный период Мариэнерго' is: '192 977'

03-03-2025T13:49:32 - [MESSAGE][PASSED] - Text of object 'Object Repository/Выполнение бизнес-плана/Значения со страницы Выполнение бизнес-плана/Факт Отпуск в сеть за отчётный период Мариэнерго' is: '192 977'

03-03-2025T13:49:32 - [TEST_STEP][PASSED] - if (page == "" || page == null): null

03-03-2025T13:49:32 - [TEST_STEP][PASSED] - else: null

03-03-2025T13:49:32 - [TEST_STEP][PASSED] - page = page.replaceAll("\s+", ""): null

03-03-2025T13:49:32 - [TEST_STEP][PASSED] - fileOtpuskVSet = otpusk.toInteger(): null

03-03-2025T13:49:32 - [TEST_STEP][PASSED] - pageOtpuskVSet = page.toInteger(): null

03-03-2025T13:49:32 - [TEST_STEP][PASSED] - typeOfData = typeOfDataMain + " Потери": null

03-03-2025T13:49:32 - [TEST_STEP][PASSED] - if (a == 82): null

03-03-2025T13:49:32 - [TEST_STEP][PASSED] - else if (a == 84): null

03-03-2025T13:49:32 - [TEST_STEP][PASSED] - else if (a == 83 || a == 52 || a == 72 || a == 28 || a == 73 || a == 77 || a == 74 || a == 65 || a == 44 || a == 53 || a == 80 || a == 54 || a == 1 || a == 18 || a == 59 || a == 81): null

03-03-2025T13:49:32 - [TEST_STEP][PASSED] - else: null

03-03-2025T13:49:32 - [TEST_STEP][PASSED] - path = dataFolder + typeOfData + " за отчётный период " + b: null

03-03-2025T13:49:32 - [TEST_STEP][PASSED] - page = getText(findTestObject(path)): Text of object 'Object Repository/Выполнение бизнес-плана/Значения со страницы Выполнение бизнес-плана/Факт Потери за отчётный период Мариэнерго' is: '21 253'

03-03-2025T13:49:32 - [MESSAGE][PASSED] - Text of object 'Object Repository/Выполнение бизнес-плана/Значения со страницы Выполнение бизнес-плана/Факт Потери за отчётный период Мариэнерго' is: '21 253'

03-03-2025T13:49:32 - [TEST_STEP][PASSED] - if (page == "" || page == null): null

03-03-2025T13:49:32 - [TEST_STEP][PASSED] - else: null

03-03-2025T13:49:32 - [TEST_STEP][PASSED] - page = page.replaceAll("\s+", ""): null

03-03-2025T13:49:32 - [TEST_STEP][PASSED] - filePoteri = poteri.toInteger(): null

03-03-2025T13:49:32 - [TEST_STEP][PASSED] - pagePoteri = page.toInteger(): null

03-03-2025T13:49:32 - [TEST_STEP][PASSED] - compare = pageOtpuskVSet: null

03-03-2025T13:49:32 - [TEST_STEP][PASSED] - if (pageOtpuskVSet != null): null

03-03-2025T13:49:32 - [TEST_STEP][PASSED] - if (compare == fileOtpuskVSet): null

03-03-2025T13:49:32 - [TEST_STEP][PASSED] - else if (compare > fileOtpuskVSet): null

03-03-2025T13:49:32 - [TEST_STEP][PASSED] - else if (compare < fileOtpuskVSet): null

03-03-2025T13:49:32 - [TEST_STEP][PASSED] - compare = compare + 1: null

03-03-2025T13:49:32 - [TEST_STEP][PASSED] - if (compare == fileOtpuskVSet): null

03-03-2025T13:49:32 - [TEST_STEP][PASSED] - else: null

03-03-2025T13:49:32 - [TEST_STEP][PASSED] - numberOfErrors = numberOfErrors + 1: null

03-03-2025T13:49:32 - [TEST_STEP][PASSED] - pageInt = pageOtpuskVSet: null

03-03-2025T13:49:32 - [TEST_STEP][PASSED] - fileInt = fileOtpuskVSet: null

03-03-2025T13:49:32 - [TEST_STEP][PASSED] - typeOfData = typeOfDataMain + " Отпуск в сеть": null

03-03-2025T13:49:32 - [TEST_STEP][PASSED] - Script1718980020443.WriteToExcel(a, typeOfData, todaysDate, pageInt, fileInt, pageDouble, fileDouble, dZO): null

03-03-2025T13:49:32 - [TEST_STEP][PASSED] - sheetName = "Sheet1": null

03-03-2025T13:49:32 - [TEST_STEP][PASSED] - data = findTestData("PlanFact"): null

03-03-2025T13:49:32 - [TEST_STEP][PASSED] - n = data.getRowNumbers() + 1: null

03-03-2025T13:49:32 - [TEST_STEP][PASSED] - day = ")).toInteger(): null

03-03-2025T13:49:32 - [TEST_STEP][PASSED] - println(day): null

03-03-2025T13:49:32 - [TEST_STEP][PASSED] - month = ")).toInteger(): null

03-03-2025T13:49:32 - [TEST_STEP][PASSED] - println(month): null

03-03-2025T13:49:32 - [TEST_STEP][PASSED] - y = <not implemented yet for class: org.codehaus.groovy.ast.expr.EmptyExpression>: null

03-03-2025T13:49:32 - [TEST_STEP][PASSED] - iy = <not implemented yet for class: org.codehaus.groovy.ast.expr.EmptyExpression>: null

03-03-2025T13:49:32 - [TEST_STEP][PASSED] - m = getText(findTestObject("Выполнение бизнес-плана/Период")): Text of object 'Object Repository/Выполнение бизнес-плана/Период' is: '2024 год'

03-03-2025T13:49:33 - [MESSAGE][PASSED] - Text of object 'Object Repository/Выполнение бизнес-плана/Период' is: '2024 год'

03-03-2025T13:49:33 - [TEST_STEP][PASSED] - iy = m.indexOf("20"): null

03-03-2025T13:49:33 - [TEST_STEP][PASSED] - if (iy > -1): null

03-03-2025T13:49:33 - [TEST_STEP][PASSED] - y = substring(iy, iy + 4).toInteger(): null

03-03-2025T13:49:33 - [TEST_STEP][PASSED] - println(y): null

03-03-2025T13:49:33 - [TEST_STEP][PASSED] - if (toString().length() == 4): null

03-03-2025T13:49:33 - [TEST_STEP][PASSED] - m = m.substring(0, m.indexOf(y.toString())): null

03-03-2025T13:49:33 - [TEST_STEP][PASSED] - m = m.trim(): null

03-03-2025T13:49:33 - [TEST_STEP][PASSED] - if (m == ""): null

03-03-2025T13:49:33 - [TEST_STEP][PASSED] - m = "весь год": null

03-03-2025T13:49:33 - [TEST_STEP][PASSED] - dashboardName = "Выполнение бизнес-плана": null

03-03-2025T13:49:33 - [TEST_STEP][PASSED] - workbook01 = getWorkbook(excelFilePath): null

03-03-2025T13:49:33 - [TEST_STEP][PASSED] - sheet01 = getExcelSheet(workbook01, sheetName): null

03-03-2025T13:49:33 - [TEST_STEP][PASSED] - setValueToCellByIndex(sheet01, n, 0, dashboardName): null

03-03-2025T13:49:33 - [TEST_STEP][PASSED] - setValueToCellByIndex(sheet01, n, 1, dZO): null

03-03-2025T13:49:33 - [TEST_STEP][PASSED] - setValueToCellByIndex(sheet01, n, 2, typeOfData): null

03-03-2025T13:49:33 - [TEST_STEP][PASSED] - if (typeOfData == "Факт в процентах" || typeOfData == "План в процентах"): null

03-03-2025T13:49:33 - [TEST_STEP][PASSED] - else: null

03-03-2025T13:49:33 - [TEST_STEP][PASSED] - setValueToCellByIndex(sheet01, n, 3, fileInt): null

03-03-2025T13:49:33 - [TEST_STEP][PASSED] - setValueToCellByIndex(sheet01, n, 4, pageInt): null

03-03-2025T13:49:33 - [TEST_STEP][PASSED] - setValueToCellByIndex(sheet01, n, 5, m): null

03-03-2025T13:49:33 - [TEST_STEP][PASSED] - setValueToCellByIndex(sheet01, n, 6, y): null

03-03-2025T13:49:33 - [TEST_STEP][PASSED] - setValueToCellByIndex(sheet01, n, 7, todaysDate): null

03-03-2025T13:49:33 - [TEST_STEP][PASSED] - n = n + 1: null

03-03-2025T13:49:33 - [TEST_STEP][PASSED] - saveWorkbook(excelFilePath, workbook01): null

03-03-2025T13:49:33 - [TEST_STEP][PASSED] - compare = pagePoteri: null

03-03-2025T13:49:33 - [TEST_STEP][PASSED] - if (pageOtpuskVSet != null): null

03-03-2025T13:49:33 - [TEST_STEP][PASSED] - if (compare == filePoteri): null

03-03-2025T13:49:33 - [TEST_STEP][PASSED] - else if (compare > filePoteri): null

03-03-2025T13:49:33 - [TEST_STEP][PASSED] - else if (compare < filePoteri): null

03-03-2025T13:49:33 - [TEST_STEP][PASSED] - compare = compare + 1: null

03-03-2025T13:49:33 - [TEST_STEP][PASSED] - if (compare == filePoteri): null

03-03-2025T13:49:33 - [TEST_STEP][PASSED] - else: null

03-03-2025T13:49:33 - [TEST_STEP][PASSED] - numberOfErrors = numberOfErrors + 1: null

03-03-2025T13:49:33 - [TEST_STEP][PASSED] - pageInt = pagePoteri: null

03-03-2025T13:49:33 - [TEST_STEP][PASSED] - fileInt = filePoteri: null

03-03-2025T13:49:33 - [TEST_STEP][PASSED] - typeOfData = typeOfDataMain + " Потери": null

03-03-2025T13:49:33 - [TEST_STEP][PASSED] - Script1718980020443.WriteToExcel(a, typeOfData, todaysDate, pageInt, fileInt, pageDouble, fileDouble, dZO): null

03-03-2025T13:49:33 - [TEST_STEP][PASSED] - sheetName = "Sheet1": null

03-03-2025T13:49:33 - [TEST_STEP][PASSED] - data = findTestData("PlanFact"): null

03-03-2025T13:49:33 - [TEST_STEP][PASSED] - n = data.getRowNumbers() + 1: null

03-03-2025T13:49:33 - [TEST_STEP][PASSED] - day = ")).toInteger(): null

03-03-2025T13:49:33 - [TEST_STEP][PASSED] - println(day): null

03-03-2025T13:49:33 - [TEST_STEP][PASSED] - month = ")).toInteger(): null

03-03-2025T13:49:33 - [TEST_STEP][PASSED] - println(month): null

03-03-2025T13:49:33 - [TEST_STEP][PASSED] - y = <not implemented yet for class: org.codehaus.groovy.ast.expr.EmptyExpression>: null

03-03-2025T13:49:33 - [TEST_STEP][PASSED] - iy = <not implemented yet for class: org.codehaus.groovy.ast.expr.EmptyExpression>: null

03-03-2025T13:49:33 - [TEST_STEP][PASSED] - m = getText(findTestObject("Выполнение бизнес-плана/Период")): Text of object 'Object Repository/Выполнение бизнес-плана/Период' is: '2024 год'

03-03-2025T13:49:33 - [MESSAGE][PASSED] - Text of object 'Object Repository/Выполнение бизнес-плана/Период' is: '2024 год'

03-03-2025T13:49:33 - [TEST_STEP][PASSED] - iy = m.indexOf("20"): null

03-03-2025T13:49:33 - [TEST_STEP][PASSED] - if (iy > -1): null

03-03-2025T13:49:33 - [TEST_STEP][PASSED] - y = substring(iy, iy + 4).toInteger(): null

03-03-2025T13:49:33 - [TEST_STEP][PASSED] - println(y): null

03-03-2025T13:49:33 - [TEST_STEP][PASSED] - if (toString().length() == 4): null

03-03-2025T13:49:33 - [TEST_STEP][PASSED] - m = m.substring(0, m.indexOf(y.toString())): null

03-03-2025T13:49:33 - [TEST_STEP][PASSED] - m = m.trim(): null

03-03-2025T13:49:33 - [TEST_STEP][PASSED] - if (m == ""): null

03-03-2025T13:49:33 - [TEST_STEP][PASSED] - m = "весь год": null

03-03-2025T13:49:33 - [TEST_STEP][PASSED] - dashboardName = "Выполнение бизнес-плана": null

03-03-2025T13:49:33 - [TEST_STEP][PASSED] - workbook01 = getWorkbook(excelFilePath): null

03-03-2025T13:49:33 - [TEST_STEP][PASSED] - sheet01 = getExcelSheet(workbook01, sheetName): null

03-03-2025T13:49:33 - [TEST_STEP][PASSED] - setValueToCellByIndex(sheet01, n, 0, dashboardName): null

03-03-2025T13:49:33 - [TEST_STEP][PASSED] - setValueToCellByIndex(sheet01, n, 1, dZO): null

03-03-2025T13:49:33 - [TEST_STEP][PASSED] - setValueToCellByIndex(sheet01, n, 2, typeOfData): null

03-03-2025T13:49:33 - [TEST_STEP][PASSED] - if (typeOfData == "Факт в процентах" || typeOfData == "План в процентах"): null

03-03-2025T13:49:33 - [TEST_STEP][PASSED] - else: null

03-03-2025T13:49:33 - [TEST_STEP][PASSED] - setValueToCellByIndex(sheet01, n, 3, fileInt): null

03-03-2025T13:49:33 - [TEST_STEP][PASSED] - setValueToCellByIndex(sheet01, n, 4, pageInt): null

03-03-2025T13:49:33 - [TEST_STEP][PASSED] - setValueToCellByIndex(sheet01, n, 5, m): null

03-03-2025T13:49:33 - [TEST_STEP][PASSED] - setValueToCellByIndex(sheet01, n, 6, y): null

03-03-2025T13:49:33 - [TEST_STEP][PASSED] - setValueToCellByIndex(sheet01, n, 7, todaysDate): null

03-03-2025T13:49:33 - [TEST_STEP][PASSED] - n = n + 1: null

03-03-2025T13:49:33 - [TEST_STEP][PASSED] - saveWorkbook(excelFilePath, workbook01): null

03-03-2025T13:49:34 - [TEST_STEP][PASSED] - if (planFact == 2): null

03-03-2025T13:49:34 - [TEST_STEP][PASSED] - if (planFact == 1): null

03-03-2025T13:49:34 - [TEST_STEP][PASSED] - else if (planFact == 2): null

03-03-2025T13:49:34 - [TEST_STEP][PASSED] - click(findTestObject("Выполнение бизнес-плана/Кнопка План")): Object: 'Object Repository/Выполнение бизнес-плана/Кнопка План' is clicked on

03-03-2025T13:49:34 - [MESSAGE][PASSED] - Object: 'Object Repository/Выполнение бизнес-плана/Кнопка План' is clicked on

03-03-2025T13:49:34 - [TEST_STEP][PASSED] - typeOfDataMain = "План": null

03-03-2025T13:49:34 - [TEST_STEP][PASSED] - otpusk = findTestData("PlanFact").getValue(2, a): null

03-03-2025T13:49:34 - [TEST_STEP][PASSED] - poteri = findTestData("PlanFact").getValue(3, a): null

03-03-2025T13:49:34 - [TEST_STEP][PASSED] - otpusk = otpusk.replaceAll("\s+", ""): null

03-03-2025T13:49:34 - [TEST_STEP][PASSED] - poteri = poteri.replaceAll("\s+", ""): null

03-03-2025T13:49:34 - [TEST_STEP][PASSED] - typeOfData = typeOfDataMain + " Отпуск в сеть": null

03-03-2025T13:49:34 - [TEST_STEP][PASSED] - if (a == 82): null

03-03-2025T13:49:34 - [TEST_STEP][PASSED] - else if (a == 84): null

03-03-2025T13:49:34 - [TEST_STEP][PASSED] - else if (a == 83 || a == 52 || a == 72 || a == 28 || a == 73 || a == 77 || a == 74 || a == 65 || a == 36 || a == 44 || a == 53 || a == 80 || a == 54 || a == 1 || a == 18 || a == 59 || a == 81): null

03-03-2025T13:49:34 - [TEST_STEP][PASSED] - else: null

03-03-2025T13:49:34 - [TEST_STEP][PASSED] - path = dataFolder + typeOfData + " за отчётный период " + b: null

03-03-2025T13:49:34 - [TEST_STEP][PASSED] - println(path): null

03-03-2025T13:49:34 - [TEST_STEP][PASSED] - page = getText(findTestObject(path)): Text of object 'Object Repository/Выполнение бизнес-плана/Значения со страницы Выполнение бизнес-плана/План Отпуск в сеть за отчётный период Мариэнерго' is: '196 864'

03-03-2025T13:49:34 - [MESSAGE][PASSED] - Text of object 'Object Repository/Выполнение бизнес-плана/Значения со страницы Выполнение бизнес-плана/План Отпуск в сеть за отчётный период Мариэнерго' is: '196 864'

03-03-2025T13:49:34 - [TEST_STEP][PASSED] - if (page == "" || page == null): null

03-03-2025T13:49:34 - [TEST_STEP][PASSED] - else: null

03-03-2025T13:49:34 - [TEST_STEP][PASSED] - page = page.replaceAll("\s+", ""): null

03-03-2025T13:49:34 - [TEST_STEP][PASSED] - fileOtpuskVSet = otpusk.toInteger(): null

03-03-2025T13:49:34 - [TEST_STEP][PASSED] - pageOtpuskVSet = page.toInteger(): null

03-03-2025T13:49:34 - [TEST_STEP][PASSED] - typeOfData = typeOfDataMain + " Потери": null

03-03-2025T13:49:34 - [TEST_STEP][PASSED] - if (a == 82): null

03-03-2025T13:49:34 - [TEST_STEP][PASSED] - else if (a == 84): null

03-03-2025T13:49:34 - [TEST_STEP][PASSED] - else if (a == 83 || a == 52 || a == 72 || a == 28 || a == 73 || a == 77 || a == 74 || a == 65 || a == 44 || a == 53 || a == 80 || a == 54 || a == 1 || a == 18 || a == 59 || a == 81): null

03-03-2025T13:49:34 - [TEST_STEP][PASSED] - else: null

03-03-2025T13:49:34 - [TEST_STEP][PASSED] - path = dataFolder + typeOfData + " за отчётный период " + b: null

03-03-2025T13:49:34 - [TEST_STEP][PASSED] - page = getText(findTestObject(path)): Text of object 'Object Repository/Выполнение бизнес-плана/Значения со страницы Выполнение бизнес-плана/План Потери за отчётный период Мариэнерго' is: '18 635'

03-03-2025T13:49:35 - [MESSAGE][PASSED] - Text of object 'Object Repository/Выполнение бизнес-плана/Значения со страницы Выполнение бизнес-плана/План Потери за отчётный период Мариэнерго' is: '18 635'

03-03-2025T13:49:35 - [TEST_STEP][PASSED] - if (page == "" || page == null): null

03-03-2025T13:49:35 - [TEST_STEP][PASSED] - else: null

03-03-2025T13:49:35 - [TEST_STEP][PASSED] - page = page.replaceAll("\s+", ""): null

03-03-2025T13:49:35 - [TEST_STEP][PASSED] - filePoteri = poteri.toInteger(): null

03-03-2025T13:49:35 - [TEST_STEP][PASSED] - pagePoteri = page.toInteger(): null

03-03-2025T13:49:35 - [TEST_STEP][PASSED] - compare = pageOtpuskVSet: null

03-03-2025T13:49:35 - [TEST_STEP][PASSED] - if (pageOtpuskVSet != null): null

03-03-2025T13:49:35 - [TEST_STEP][PASSED] - if (compare == fileOtpuskVSet): null

03-03-2025T13:49:35 - [TEST_STEP][PASSED] - else if (compare > fileOtpuskVSet): null

03-03-2025T13:49:35 - [TEST_STEP][PASSED] - else if (compare < fileOtpuskVSet): null

03-03-2025T13:49:35 - [TEST_STEP][PASSED] - compare = compare + 1: null

03-03-2025T13:49:35 - [TEST_STEP][PASSED] - if (compare == fileOtpuskVSet): null

03-03-2025T13:49:35 - [TEST_STEP][PASSED] - else: null

03-03-2025T13:49:35 - [TEST_STEP][PASSED] - numberOfErrors = numberOfErrors + 1: null

03-03-2025T13:49:35 - [TEST_STEP][PASSED] - pageInt = pageOtpuskVSet: null

03-03-2025T13:49:35 - [TEST_STEP][PASSED] - fileInt = fileOtpuskVSet: null

03-03-2025T13:49:35 - [TEST_STEP][PASSED] - typeOfData = typeOfDataMain + " Отпуск в сеть": null

03-03-2025T13:49:35 - [TEST_STEP][PASSED] - Script1718980020443.WriteToExcel(a, typeOfData, todaysDate, pageInt, fileInt, pageDouble, fileDouble, dZO): null

03-03-2025T13:49:35 - [TEST_STEP][PASSED] - sheetName = "Sheet1": null

03-03-2025T13:49:35 - [TEST_STEP][PASSED] - data = findTestData("PlanFact"): null

03-03-2025T13:49:35 - [TEST_STEP][PASSED] - n = data.getRowNumbers() + 1: null

03-03-2025T13:49:35 - [TEST_STEP][PASSED] - day = ")).toInteger(): null

03-03-2025T13:49:35 - [TEST_STEP][PASSED] - println(day): null

03-03-2025T13:49:35 - [TEST_STEP][PASSED] - month = ")).toInteger(): null

03-03-2025T13:49:35 - [TEST_STEP][PASSED] - println(month): null

03-03-2025T13:49:35 - [TEST_STEP][PASSED] - y = <not implemented yet for class: org.codehaus.groovy.ast.expr.EmptyExpression>: null

03-03-2025T13:49:35 - [TEST_STEP][PASSED] - iy = <not implemented yet for class: org.codehaus.groovy.ast.expr.EmptyExpression>: null

03-03-2025T13:49:35 - [TEST_STEP][PASSED] - m = getText(findTestObject("Выполнение бизнес-плана/Период")): Text of object 'Object Repository/Выполнение бизнес-плана/Период' is: '2024 год'

03-03-2025T13:49:35 - [MESSAGE][PASSED] - Text of object 'Object Repository/Выполнение бизнес-плана/Период' is: '2024 год'

03-03-2025T13:49:35 - [TEST_STEP][PASSED] - iy = m.indexOf("20"): null

03-03-2025T13:49:35 - [TEST_STEP][PASSED] - if (iy > -1): null

03-03-2025T13:49:35 - [TEST_STEP][PASSED] - y = substring(iy, iy + 4).toInteger(): null

03-03-2025T13:49:35 - [TEST_STEP][PASSED] - println(y): null

03-03-2025T13:49:35 - [TEST_STEP][PASSED] - if (toString().length() == 4): null

03-03-2025T13:49:35 - [TEST_STEP][PASSED] - m = m.substring(0, m.indexOf(y.toString())): null

03-03-2025T13:49:35 - [TEST_STEP][PASSED] - m = m.trim(): null

03-03-2025T13:49:35 - [TEST_STEP][PASSED] - if (m == ""): null

03-03-2025T13:49:35 - [TEST_STEP][PASSED] - m = "весь год": null

03-03-2025T13:49:35 - [TEST_STEP][PASSED] - dashboardName = "Выполнение бизнес-плана": null

03-03-2025T13:49:35 - [TEST_STEP][PASSED] - workbook01 = getWorkbook(excelFilePath): null

03-03-2025T13:49:35 - [TEST_STEP][PASSED] - sheet01 = getExcelSheet(workbook01, sheetName): null

03-03-2025T13:49:35 - [TEST_STEP][PASSED] - setValueToCellByIndex(sheet01, n, 0, dashboardName): null

03-03-2025T13:49:35 - [TEST_STEP][PASSED] - setValueToCellByIndex(sheet01, n, 1, dZO): null

03-03-2025T13:49:35 - [TEST_STEP][PASSED] - setValueToCellByIndex(sheet01, n, 2, typeOfData): null

03-03-2025T13:49:35 - [TEST_STEP][PASSED] - if (typeOfData == "Факт в процентах" || typeOfData == "План в процентах"): null

03-03-2025T13:49:35 - [TEST_STEP][PASSED] - else: null

03-03-2025T13:49:35 - [TEST_STEP][PASSED] - setValueToCellByIndex(sheet01, n, 3, fileInt): null

03-03-2025T13:49:35 - [TEST_STEP][PASSED] - setValueToCellByIndex(sheet01, n, 4, pageInt): null

03-03-2025T13:49:35 - [TEST_STEP][PASSED] - setValueToCellByIndex(sheet01, n, 5, m): null

03-03-2025T13:49:35 - [TEST_STEP][PASSED] - setValueToCellByIndex(sheet01, n, 6, y): null

03-03-2025T13:49:35 - [TEST_STEP][PASSED] - setValueToCellByIndex(sheet01, n, 7, todaysDate): null

03-03-2025T13:49:35 - [TEST_STEP][PASSED] - n = n + 1: null

03-03-2025T13:49:35 - [TEST_STEP][PASSED] - saveWorkbook(excelFilePath, workbook01): null

03-03-2025T13:49:35 - [TEST_STEP][PASSED] - compare = pagePoteri: null

03-03-2025T13:49:35 - [TEST_STEP][PASSED] - if (pageOtpuskVSet != null): null

03-03-2025T13:49:35 - [TEST_STEP][PASSED] - if (compare == filePoteri): null

03-03-2025T13:49:35 - [TEST_STEP][PASSED] - else if (compare > filePoteri): null

03-03-2025T13:49:35 - [TEST_STEP][PASSED] - else if (compare < filePoteri): null

03-03-2025T13:49:35 - [TEST_STEP][PASSED] - compare = compare + 1: null

03-03-2025T13:49:35 - [TEST_STEP][PASSED] - if (compare == filePoteri): null

03-03-2025T13:49:35 - [TEST_STEP][PASSED] - else: null

03-03-2025T13:49:35 - [TEST_STEP][PASSED] - numberOfErrors = numberOfErrors + 1: null

03-03-2025T13:49:35 - [TEST_STEP][PASSED] - pageInt = pagePoteri: null

03-03-2025T13:49:35 - [TEST_STEP][PASSED] - fileInt = filePoteri: null

03-03-2025T13:49:35 - [TEST_STEP][PASSED] - typeOfData = typeOfDataMain + " Потери": null

03-03-2025T13:49:35 - [TEST_STEP][PASSED] - Script1718980020443.WriteToExcel(a, typeOfData, todaysDate, pageInt, fileInt, pageDouble, fileDouble, dZO): null

03-03-2025T13:49:35 - [TEST_STEP][PASSED] - sheetName = "Sheet1": null

03-03-2025T13:49:35 - [TEST_STEP][PASSED] - data = findTestData("PlanFact"): null

03-03-2025T13:49:36 - [TEST_STEP][PASSED] - n = data.getRowNumbers() + 1: null

03-03-2025T13:49:36 - [TEST_STEP][PASSED] - day = ")).toInteger(): null

03-03-2025T13:49:36 - [TEST_STEP][PASSED] - println(day): null

03-03-2025T13:49:36 - [TEST_STEP][PASSED] - month = ")).toInteger(): null

03-03-2025T13:49:36 - [TEST_STEP][PASSED] - println(month): null

03-03-2025T13:49:36 - [TEST_STEP][PASSED] - y = <not implemented yet for class: org.codehaus.groovy.ast.expr.EmptyExpression>: null

03-03-2025T13:49:36 - [TEST_STEP][PASSED] - iy = <not implemented yet for class: org.codehaus.groovy.ast.expr.EmptyExpression>: null

03-03-2025T13:49:36 - [TEST_STEP][PASSED] - m = getText(findTestObject("Выполнение бизнес-плана/Период")): Text of object 'Object Repository/Выполнение бизнес-плана/Период' is: '2024 год'

03-03-2025T13:49:36 - [MESSAGE][PASSED] - Text of object 'Object Repository/Выполнение бизнес-плана/Период' is: '2024 год'

03-03-2025T13:49:36 - [TEST_STEP][PASSED] - iy = m.indexOf("20"): null

03-03-2025T13:49:36 - [TEST_STEP][PASSED] - if (iy > -1): null

03-03-2025T13:49:36 - [TEST_STEP][PASSED] - y = substring(iy, iy + 4).toInteger(): null

03-03-2025T13:49:36 - [TEST_STEP][PASSED] - println(y): null

03-03-2025T13:49:36 - [TEST_STEP][PASSED] - if (toString().length() == 4): null

03-03-2025T13:49:36 - [TEST_STEP][PASSED] - m = m.substring(0, m.indexOf(y.toString())): null

03-03-2025T13:49:36 - [TEST_STEP][PASSED] - m = m.trim(): null

03-03-2025T13:49:36 - [TEST_STEP][PASSED] - if (m == ""): null

03-03-2025T13:49:36 - [TEST_STEP][PASSED] - m = "весь год": null

03-03-2025T13:49:36 - [TEST_STEP][PASSED] - dashboardName = "Выполнение бизнес-плана": null

03-03-2025T13:49:36 - [TEST_STEP][PASSED] - workbook01 = getWorkbook(excelFilePath): null

03-03-2025T13:49:36 - [TEST_STEP][PASSED] - sheet01 = getExcelSheet(workbook01, sheetName): null

03-03-2025T13:49:36 - [TEST_STEP][PASSED] - setValueToCellByIndex(sheet01, n, 0, dashboardName): null

03-03-2025T13:49:36 - [TEST_STEP][PASSED] - setValueToCellByIndex(sheet01, n, 1, dZO): null

03-03-2025T13:49:36 - [TEST_STEP][PASSED] - setValueToCellByIndex(sheet01, n, 2, typeOfData): null

03-03-2025T13:49:36 - [TEST_STEP][PASSED] - if (typeOfData == "Факт в процентах" || typeOfData == "План в процентах"): null

03-03-2025T13:49:36 - [TEST_STEP][PASSED] - else: null

03-03-2025T13:49:36 - [TEST_STEP][PASSED] - setValueToCellByIndex(sheet01, n, 3, fileInt): null

03-03-2025T13:49:36 - [TEST_STEP][PASSED] - setValueToCellByIndex(sheet01, n, 4, pageInt): null

03-03-2025T13:49:36 - [TEST_STEP][PASSED] - setValueToCellByIndex(sheet01, n, 5, m): null

03-03-2025T13:49:36 - [TEST_STEP][PASSED] - setValueToCellByIndex(sheet01, n, 6, y): null

03-03-2025T13:49:36 - [TEST_STEP][PASSED] - setValueToCellByIndex(sheet01, n, 7, todaysDate): null

03-03-2025T13:49:36 - [TEST_STEP][PASSED] - n = n + 1: null

03-03-2025T13:49:36 - [TEST_STEP][PASSED] - saveWorkbook(excelFilePath, workbook01): Object: 'Object Repository/Выполнение бизнес-плана/Кнопка Факт' is clicked on

03-03-2025T13:49:36 - [TEST_STEP][PASSED] - if (planFact == 2): Object: 'Object Repository/Выполнение бизнес-плана/Кнопка Факт' is clicked on

03-03-2025T13:49:36 - [TEST_STEP][PASSED] - click(findTestObject("Выполнение бизнес-плана/Кнопка Факт")): Object: 'Object Repository/Выполнение бизнес-плана/Кнопка Факт' is clicked on

03-03-2025T13:49:36 - [MESSAGE][PASSED] - Object: 'Object Repository/Выполнение бизнес-плана/Кнопка Факт' is clicked on

03-03-2025T13:49:36 - [TEST_STEP][PASSED] - println("a=" + a): null

03-03-2025T13:49:36 - [TEST_STEP][PASSED] - if (a == 84 || a == 82): null

03-03-2025T13:49:36 - [TEST_STEP][PASSED] - else if (a == 83 || a == 52 || a == 72 || a == 28 || a == 73 || a == 77 || a == 74 || a == 65 || a == 36 || a == 44 || a == 53 || a == 80 || a == 54 || a == 1 || a == 18 || a == 59 || a == 81): null

03-03-2025T13:49:36 - [TEST_STEP][PASSED] - else: null

03-03-2025T13:49:36 - [TEST_STEP][PASSED] - page1 = getText(findTestObject("Object Repository/Выполнение бизнес-плана/spanPlan" + filialNum)): Text of object 'Object Repository/Выполнение бизнес-плана/spanPlan5' is: '8.50
|'

03-03-2025T13:49:37 - [MESSAGE][PASSED] - Text of object 'Object Repository/Выполнение бизнес-плана/spanPlan5' is: '8.50
|'

03-03-2025T13:49:37 - [TEST_STEP][PASSED] - page1 = page1.replace("|", ""): null

03-03-2025T13:49:37 - [TEST_STEP][PASSED] - page2 = getText(findTestObject("Object Repository/Выполнение бизнес-плана/spanFact" + filialNum)): Text of object 'Object Repository/Выполнение бизнес-плана/spanFact5' is: '8.41
|'

03-03-2025T13:49:37 - [MESSAGE][PASSED] - Text of object 'Object Repository/Выполнение бизнес-плана/spanFact5' is: '8.41
|'

03-03-2025T13:49:37 - [TEST_STEP][PASSED] - page2 = page2.replace("|", ""): null

03-03-2025T13:49:37 - [TEST_STEP][PASSED] - println("page1: " + page1): null

03-03-2025T13:49:37 - [TEST_STEP][PASSED] - println("page2: " + page2): null

03-03-2025T13:49:37 - [TEST_STEP][PASSED] - file = findTestData("PlanFact").getValue(4, a): null

03-03-2025T13:49:37 - [TEST_STEP][PASSED] - file = file.replace(",", "."): null

03-03-2025T13:49:37 - [TEST_STEP][PASSED] - println("file Plan: " + file): null

03-03-2025T13:49:37 - [TEST_STEP][PASSED] - typeOfData = "План в процентах": null

03-03-2025T13:49:37 - [TEST_STEP][PASSED] - fileDouble = file.toDouble(): null

03-03-2025T13:49:37 - [TEST_STEP][PASSED] - pageDouble = page1.toDouble(): null

03-03-2025T13:49:37 - [TEST_STEP][PASSED] - if (fileDouble != pageDouble): null

03-03-2025T13:49:37 - [TEST_STEP][PASSED] - file = findTestData("PlanFact").getValue(7, a): null

03-03-2025T13:49:37 - [TEST_STEP][PASSED] - file = file.replace(",", "."): null

03-03-2025T13:49:37 - [TEST_STEP][PASSED] - println("file Fact: " + file): null

03-03-2025T13:49:37 - [TEST_STEP][PASSED] - fileDouble = file.toDouble(): null

03-03-2025T13:49:37 - [TEST_STEP][PASSED] - typeOfData = "Факт в процентах": null

03-03-2025T13:49:37 - [TEST_STEP][PASSED] - fileDouble = file.toDouble(): null

03-03-2025T13:49:37 - [TEST_STEP][PASSED] - pageDouble = page2.toDouble(): null

03-03-2025T13:49:37 - [TEST_STEP][PASSED] - if (fileDouble != pageDouble): null

03-03-2025T13:49:37 - [TEST_STEP][FAILED] - if (verifyEqual(numberOfErrors, 0) == false): null

03-03-2025T13:49:37 - [MESSAGE][FAILED] - Unable to verify equal between actual object '4' and expected object '0' (Root cause: com.kms.katalon.core.exception.StepFailedException: Actual object '4' and expected object '0' are not equal
	at com.kms.katalon.core.keyword.builtin.VerifyEqualKeyword$_verifyEqual_closure1.doCall(VerifyEqualKeyword.groovy:58)
	at com.kms.katalon.core.keyword.builtin.VerifyEqualKeyword$_verifyEqual_closure1.call(VerifyEqualKeyword.groovy)
	at com.kms.katalon.core.keyword.internal.KeywordMain.runKeyword(KeywordMain.groovy:75)
	at com.kms.katalon.core.keyword.builtin.VerifyEqualKeyword.verifyEqual(VerifyEqualKeyword.groovy:63)
	at com.kms.katalon.core.keyword.builtin.VerifyEqualKeyword.execute(VerifyEqualKeyword.groovy:44)
	at com.kms.katalon.core.keyword.internal.KeywordExecutor.executeKeywordForPlatform(KeywordExecutor.groovy:74)
	at com.kms.katalon.core.keyword.BuiltinKeywords.verifyEqual(BuiltinKeywords.groovy:146)
	at jdk.internal.reflect.GeneratedMethodAccessor24.invoke(Unknown Source)
	at java.base/jdk.internal.reflect.DelegatingMethodAccessorImpl.invoke(DelegatingMethodAccessorImpl.java:43)
	at Выполнение бизнес-плана Сверка ПАО Россети все филиалы.Numbers(Выполнение бизнес-плана Сверка ПАО Россети все филиалы:736)
	at Выполнение бизнес-плана Сверка ПАО Россети все филиалы.Filials(Выполнение бизнес-плана Сверка ПАО Россети все филиалы:1401)
	at Выполнение бизнес-плана Сверка ПАО Россети все филиалы.Numbers(Выполнение бизнес-плана Сверка ПАО Россети все филиалы:743)
	at Выполнение бизнес-плана Сверка ПАО Россети все филиалы.run(Выполнение бизнес-плана Сверка ПАО Россети все филиалы:378)
	at com.kms.katalon.core.main.ScriptEngine.run(ScriptEngine.java:194)
	at com.kms.katalon.core.main.ScriptEngine.runScriptAsRawText(ScriptEngine.java:119)
	at com.kms.katalon.core.main.TestCaseExecutor.runScript(TestCaseExecutor.java:448)
	at com.kms.katalon.core.main.TestCaseExecutor.doExecute(TestCaseExecutor.java:439)
	at com.kms.katalon.core.main.TestCaseExecutor.processExecutionPhase(TestCaseExecutor.java:418)
	at com.kms.katalon.core.main.TestCaseExecutor.accessMainPhase(TestCaseExecutor.java:410)
	at com.kms.katalon.core.main.TestCaseExecutor.execute(TestCaseExecutor.java:285)
	at com.kms.katalon.core.common.CommonExecutor.accessTestCaseMainPhase(CommonExecutor.java:65)
	at com.kms.katalon.core.main.TestSuiteExecutor.accessTestSuiteMainPhase(TestSuiteExecutor.java:150)
	at com.kms.katalon.core.main.TestSuiteExecutor.execute(TestSuiteExecutor.java:106)
	at com.kms.katalon.core.main.TestCaseMain.startTestSuite(TestCaseMain.java:180)
	at TempTestSuite1740991900055.run(TempTestSuite1740991900055.groovy:35)
	at java.base/jdk.internal.reflect.NativeMethodAccessorImpl.invoke0(Native Method)
	at java.base/jdk.internal.reflect.NativeMethodAccessorImpl.invoke(NativeMethodAccessorImpl.java:77)
	at java.base/jdk.internal.reflect.DelegatingMethodAccessorImpl.invoke(DelegatingMethodAccessorImpl.java:43)
)

03-03-2025T13:49:37 - [TEST_STEP][PASSED] - println(numberOfErrors): null

03-03-2025T13:49:37 - [TEST_STEP][PASSED] - println("a=" + a): null

03-03-2025T13:49:37 - [TEST_STEP][PASSED] - if (a == 28 || a == 77 || a == 74 || a == 65 || a == 36 || a == 44 || a == 54 || a == 1 || a == 18 || a == 59): null

03-03-2025T13:49:37 - [TEST_STEP][PASSED] - if (a == 82): null

03-03-2025T13:49:37 - [TEST_STEP][PASSED] - dZO = "Нижновэнерго": null

03-03-2025T13:49:37 - [TEST_STEP][PASSED] - a = 24: null

03-03-2025T13:49:37 - [TEST_STEP][PASSED] - if (x2.contains(dZO)): null

03-03-2025T13:49:37 - [TEST_STEP][PASSED] - filialNum = filialNum + 1: null

03-03-2025T13:49:37 - [TEST_STEP][PASSED] - Script1718980020443.Numbers(a, typeOfData, todaysDate, pageInt, fileInt, pageDouble, fileDouble, dZO, dzoNum, filialNum): null

03-03-2025T13:49:37 - [TEST_STEP][PASSED] - println(dzoNum): null

03-03-2025T13:49:37 - [TEST_STEP][PASSED] - planFact = <not implemented yet for class: org.codehaus.groovy.ast.expr.EmptyExpression>: null

03-03-2025T13:49:37 - [TEST_STEP][PASSED] - page = <not implemented yet for class: org.codehaus.groovy.ast.expr.EmptyExpression>: null

03-03-2025T13:49:37 - [TEST_STEP][PASSED] - page1 = <not implemented yet for class: org.codehaus.groovy.ast.expr.EmptyExpression>: null

03-03-2025T13:49:37 - [TEST_STEP][PASSED] - page2 = <not implemented yet for class: org.codehaus.groovy.ast.expr.EmptyExpression>: null

03-03-2025T13:49:37 - [TEST_STEP][PASSED] - filialNumberInRow = <not implemented yet for class: org.codehaus.groovy.ast.expr.EmptyExpression>: null

03-03-2025T13:49:37 - [TEST_STEP][PASSED] - filialsDzoNames = <not implemented yet for class: org.codehaus.groovy.ast.expr.EmptyExpression>: null

03-03-2025T13:49:37 - [TEST_STEP][PASSED] - numberOfFilials = <not implemented yet for class: org.codehaus.groovy.ast.expr.EmptyExpression>: null

03-03-2025T13:49:37 - [TEST_STEP][PASSED] - numberOfSpaces = <not implemented yet for class: org.codehaus.groovy.ast.expr.EmptyExpression>: null

03-03-2025T13:49:37 - [TEST_STEP][PASSED] - file = <not implemented yet for class: org.codehaus.groovy.ast.expr.EmptyExpression>: null

03-03-2025T13:49:37 - [TEST_STEP][PASSED] - otpusk = <not implemented yet for class: org.codehaus.groovy.ast.expr.EmptyExpression>: null

03-03-2025T13:49:37 - [TEST_STEP][PASSED] - poteri = <not implemented yet for class: org.codehaus.groovy.ast.expr.EmptyExpression>: null

03-03-2025T13:49:37 - [TEST_STEP][PASSED] - dataFolder = "Выполнение бизнес-плана/Значения со страницы Выполнение бизнес-плана/": null

03-03-2025T13:49:37 - [TEST_STEP][PASSED] - path = <not implemented yet for class: org.codehaus.groovy.ast.expr.EmptyExpression>: null

03-03-2025T13:49:37 - [TEST_STEP][PASSED] - typeOfDataMain = <not implemented yet for class: org.codehaus.groovy.ast.expr.EmptyExpression>: null

03-03-2025T13:49:37 - [TEST_STEP][PASSED] - fileOtpuskVSet = <not implemented yet for class: org.codehaus.groovy.ast.expr.EmptyExpression>: null

03-03-2025T13:49:37 - [TEST_STEP][PASSED] - pageOtpuskVSet = <not implemented yet for class: org.codehaus.groovy.ast.expr.EmptyExpression>: null

03-03-2025T13:49:37 - [TEST_STEP][PASSED] - filePoteri = <not implemented yet for class: org.codehaus.groovy.ast.expr.EmptyExpression>: null

03-03-2025T13:49:37 - [TEST_STEP][PASSED] - pagePoteri = <not implemented yet for class: org.codehaus.groovy.ast.expr.EmptyExpression>: null

03-03-2025T13:49:37 - [TEST_STEP][PASSED] - compare = <not implemented yet for class: org.codehaus.groovy.ast.expr.EmptyExpression>: null

03-03-2025T13:49:37 - [TEST_STEP][PASSED] - b = <not implemented yet for class: org.codehaus.groovy.ast.expr.EmptyExpression>: null

03-03-2025T13:49:37 - [TEST_STEP][PASSED] - i = <not implemented yet for class: org.codehaus.groovy.ast.expr.EmptyExpression>: null

03-03-2025T13:49:37 - [TEST_STEP][PASSED] - ii = <not implemented yet for class: org.codehaus.groovy.ast.expr.EmptyExpression>: null

03-03-2025T13:49:37 - [TEST_STEP][PASSED] - c = <not implemented yet for class: org.codehaus.groovy.ast.expr.EmptyExpression>: null

03-03-2025T13:49:37 - [TEST_STEP][PASSED] - numberOfErrors = 0: null

03-03-2025T13:49:37 - [TEST_STEP][PASSED] - if (a == 82): null

03-03-2025T13:49:37 - [TEST_STEP][PASSED] - b = findTestData("PlanFact").getValue(1, a): null

03-03-2025T13:49:37 - [TEST_STEP][PASSED] - i = b.indexOf(" (ГК)"): null

03-03-2025T13:49:37 - [TEST_STEP][PASSED] - if (i > -1): null

03-03-2025T13:49:37 - [TEST_STEP][PASSED] - i = b.indexOf("О ""): null

03-03-2025T13:49:37 - [TEST_STEP][PASSED] - if (i > -1): null

03-03-2025T13:49:37 - [TEST_STEP][PASSED] - i = b.indexOf("О «"): null

03-03-2025T13:49:37 - [TEST_STEP][PASSED] - if (i > -1): null

03-03-2025T13:49:37 - [TEST_STEP][PASSED] - i = b.indexOf("г. "): null

03-03-2025T13:49:37 - [TEST_STEP][PASSED] - if (i > -1): null

03-03-2025T13:49:37 - [TEST_STEP][PASSED] - b = b.trim(): null

03-03-2025T13:49:37 - [TEST_STEP][PASSED] - println(b): null

03-03-2025T13:49:37 - [TEST_STEP][PASSED] - for ([planFact = 1, planFact < 3, (planFact++)]): null

03-03-2025T13:49:37 - [TEST_STEP][PASSED] - if (planFact == 1): null

03-03-2025T13:49:37 - [TEST_STEP][PASSED] - typeOfDataMain = "Факт": null

03-03-2025T13:49:37 - [TEST_STEP][PASSED] - otpusk = findTestData("PlanFact").getValue(5, a): null

03-03-2025T13:49:37 - [TEST_STEP][PASSED] - poteri = findTestData("PlanFact").getValue(6, a): null

03-03-2025T13:49:37 - [TEST_STEP][PASSED] - otpusk = otpusk.replaceAll("\s+", ""): null

03-03-2025T13:49:37 - [TEST_STEP][PASSED] - poteri = poteri.replaceAll("\s+", ""): null

03-03-2025T13:49:37 - [TEST_STEP][PASSED] - typeOfData = typeOfDataMain + " Отпуск в сеть": null

03-03-2025T13:49:37 - [TEST_STEP][PASSED] - if (a == 82): null

03-03-2025T13:49:37 - [TEST_STEP][PASSED] - else if (a == 84): null

03-03-2025T13:49:37 - [TEST_STEP][PASSED] - else if (a == 83 || a == 52 || a == 72 || a == 28 || a == 73 || a == 77 || a == 74 || a == 65 || a == 36 || a == 44 || a == 53 || a == 80 || a == 54 || a == 1 || a == 18 || a == 59 || a == 81): null

03-03-2025T13:49:37 - [TEST_STEP][PASSED] - else: null

03-03-2025T13:49:37 - [TEST_STEP][PASSED] - path = dataFolder + typeOfData + " за отчётный период " + b: null

03-03-2025T13:49:37 - [TEST_STEP][PASSED] - println(path): null

03-03-2025T13:49:37 - [TEST_STEP][PASSED] - page = getText(findTestObject(path)): Text of object 'Object Repository/Выполнение бизнес-плана/Значения со страницы Выполнение бизнес-плана/Факт Отпуск в сеть за отчётный период Нижновэнерго' is: '1 228 445'

03-03-2025T13:49:38 - [MESSAGE][PASSED] - Text of object 'Object Repository/Выполнение бизнес-плана/Значения со страницы Выполнение бизнес-плана/Факт Отпуск в сеть за отчётный период Нижновэнерго' is: '1 228 445'

03-03-2025T13:49:38 - [TEST_STEP][PASSED] - if (page == "" || page == null): null

03-03-2025T13:49:38 - [TEST_STEP][PASSED] - else: null

03-03-2025T13:49:38 - [TEST_STEP][PASSED] - page = page.replaceAll("\s+", ""): null

03-03-2025T13:49:38 - [TEST_STEP][PASSED] - fileOtpuskVSet = otpusk.toInteger(): null

03-03-2025T13:49:38 - [TEST_STEP][PASSED] - pageOtpuskVSet = page.toInteger(): null

03-03-2025T13:49:38 - [TEST_STEP][PASSED] - typeOfData = typeOfDataMain + " Потери": null

03-03-2025T13:49:38 - [TEST_STEP][PASSED] - if (a == 82): null

03-03-2025T13:49:38 - [TEST_STEP][PASSED] - else if (a == 84): null

03-03-2025T13:49:38 - [TEST_STEP][PASSED] - else if (a == 83 || a == 52 || a == 72 || a == 28 || a == 73 || a == 77 || a == 74 || a == 65 || a == 44 || a == 53 || a == 80 || a == 54 || a == 1 || a == 18 || a == 59 || a == 81): null

03-03-2025T13:49:38 - [TEST_STEP][PASSED] - else: null

03-03-2025T13:49:38 - [TEST_STEP][PASSED] - path = dataFolder + typeOfData + " за отчётный период " + b: null

03-03-2025T13:49:38 - [TEST_STEP][PASSED] - page = getText(findTestObject(path)): Text of object 'Object Repository/Выполнение бизнес-плана/Значения со страницы Выполнение бизнес-плана/Факт Потери за отчётный период Нижновэнерго' is: '138 061'

03-03-2025T13:49:38 - [MESSAGE][PASSED] - Text of object 'Object Repository/Выполнение бизнес-плана/Значения со страницы Выполнение бизнес-плана/Факт Потери за отчётный период Нижновэнерго' is: '138 061'

03-03-2025T13:49:38 - [TEST_STEP][PASSED] - if (page == "" || page == null): null

03-03-2025T13:49:38 - [TEST_STEP][PASSED] - else: null

03-03-2025T13:49:38 - [TEST_STEP][PASSED] - page = page.replaceAll("\s+", ""): null

03-03-2025T13:49:38 - [TEST_STEP][PASSED] - filePoteri = poteri.toInteger(): null

03-03-2025T13:49:38 - [TEST_STEP][PASSED] - pagePoteri = page.toInteger(): null

03-03-2025T13:49:38 - [TEST_STEP][PASSED] - compare = pageOtpuskVSet: null

03-03-2025T13:49:38 - [TEST_STEP][PASSED] - if (pageOtpuskVSet != null): null

03-03-2025T13:49:38 - [TEST_STEP][PASSED] - if (compare == fileOtpuskVSet): null

03-03-2025T13:49:38 - [TEST_STEP][PASSED] - else if (compare > fileOtpuskVSet): null

03-03-2025T13:49:38 - [TEST_STEP][PASSED] - else if (compare < fileOtpuskVSet): null

03-03-2025T13:49:38 - [TEST_STEP][PASSED] - compare = compare + 1: null

03-03-2025T13:49:38 - [TEST_STEP][PASSED] - if (compare == fileOtpuskVSet): null

03-03-2025T13:49:38 - [TEST_STEP][PASSED] - else: null

03-03-2025T13:49:38 - [TEST_STEP][PASSED] - numberOfErrors = numberOfErrors + 1: null

03-03-2025T13:49:38 - [TEST_STEP][PASSED] - pageInt = pageOtpuskVSet: null

03-03-2025T13:49:38 - [TEST_STEP][PASSED] - fileInt = fileOtpuskVSet: null

03-03-2025T13:49:38 - [TEST_STEP][PASSED] - typeOfData = typeOfDataMain + " Отпуск в сеть": null

03-03-2025T13:49:38 - [TEST_STEP][PASSED] - Script1718980020443.WriteToExcel(a, typeOfData, todaysDate, pageInt, fileInt, pageDouble, fileDouble, dZO): null

03-03-2025T13:49:38 - [TEST_STEP][PASSED] - sheetName = "Sheet1": null

03-03-2025T13:49:38 - [TEST_STEP][PASSED] - data = findTestData("PlanFact"): null

03-03-2025T13:49:38 - [TEST_STEP][PASSED] - n = data.getRowNumbers() + 1: null

03-03-2025T13:49:38 - [TEST_STEP][PASSED] - day = ")).toInteger(): null

03-03-2025T13:49:38 - [TEST_STEP][PASSED] - println(day): null

03-03-2025T13:49:38 - [TEST_STEP][PASSED] - month = ")).toInteger(): null

03-03-2025T13:49:38 - [TEST_STEP][PASSED] - println(month): null

03-03-2025T13:49:38 - [TEST_STEP][PASSED] - y = <not implemented yet for class: org.codehaus.groovy.ast.expr.EmptyExpression>: null

03-03-2025T13:49:38 - [TEST_STEP][PASSED] - iy = <not implemented yet for class: org.codehaus.groovy.ast.expr.EmptyExpression>: null

03-03-2025T13:49:38 - [TEST_STEP][PASSED] - m = getText(findTestObject("Выполнение бизнес-плана/Период")): Text of object 'Object Repository/Выполнение бизнес-плана/Период' is: '2024 год'

03-03-2025T13:49:38 - [MESSAGE][PASSED] - Text of object 'Object Repository/Выполнение бизнес-плана/Период' is: '2024 год'

03-03-2025T13:49:38 - [TEST_STEP][PASSED] - iy = m.indexOf("20"): null

03-03-2025T13:49:38 - [TEST_STEP][PASSED] - if (iy > -1): null

03-03-2025T13:49:38 - [TEST_STEP][PASSED] - y = substring(iy, iy + 4).toInteger(): null

03-03-2025T13:49:38 - [TEST_STEP][PASSED] - println(y): null

03-03-2025T13:49:38 - [TEST_STEP][PASSED] - if (toString().length() == 4): null

03-03-2025T13:49:38 - [TEST_STEP][PASSED] - m = m.substring(0, m.indexOf(y.toString())): null

03-03-2025T13:49:38 - [TEST_STEP][PASSED] - m = m.trim(): null

03-03-2025T13:49:38 - [TEST_STEP][PASSED] - if (m == ""): null

03-03-2025T13:49:38 - [TEST_STEP][PASSED] - m = "весь год": null

03-03-2025T13:49:38 - [TEST_STEP][PASSED] - dashboardName = "Выполнение бизнес-плана": null

03-03-2025T13:49:38 - [TEST_STEP][PASSED] - workbook01 = getWorkbook(excelFilePath): null

03-03-2025T13:49:38 - [TEST_STEP][PASSED] - sheet01 = getExcelSheet(workbook01, sheetName): null

03-03-2025T13:49:38 - [TEST_STEP][PASSED] - setValueToCellByIndex(sheet01, n, 0, dashboardName): null

03-03-2025T13:49:38 - [TEST_STEP][PASSED] - setValueToCellByIndex(sheet01, n, 1, dZO): null

03-03-2025T13:49:38 - [TEST_STEP][PASSED] - setValueToCellByIndex(sheet01, n, 2, typeOfData): null

03-03-2025T13:49:38 - [TEST_STEP][PASSED] - if (typeOfData == "Факт в процентах" || typeOfData == "План в процентах"): null

03-03-2025T13:49:38 - [TEST_STEP][PASSED] - else: null

03-03-2025T13:49:38 - [TEST_STEP][PASSED] - setValueToCellByIndex(sheet01, n, 3, fileInt): null

03-03-2025T13:49:38 - [TEST_STEP][PASSED] - setValueToCellByIndex(sheet01, n, 4, pageInt): null

03-03-2025T13:49:38 - [TEST_STEP][PASSED] - setValueToCellByIndex(sheet01, n, 5, m): null

03-03-2025T13:49:38 - [TEST_STEP][PASSED] - setValueToCellByIndex(sheet01, n, 6, y): null

03-03-2025T13:49:38 - [TEST_STEP][PASSED] - setValueToCellByIndex(sheet01, n, 7, todaysDate): null

03-03-2025T13:49:38 - [TEST_STEP][PASSED] - n = n + 1: null

03-03-2025T13:49:38 - [TEST_STEP][PASSED] - saveWorkbook(excelFilePath, workbook01): null

03-03-2025T13:49:39 - [TEST_STEP][PASSED] - compare = pagePoteri: null

03-03-2025T13:49:39 - [TEST_STEP][PASSED] - if (pageOtpuskVSet != null): null

03-03-2025T13:49:39 - [TEST_STEP][PASSED] - if (compare == filePoteri): null

03-03-2025T13:49:39 - [TEST_STEP][PASSED] - else if (compare > filePoteri): null

03-03-2025T13:49:39 - [TEST_STEP][PASSED] - else if (compare < filePoteri): null

03-03-2025T13:49:39 - [TEST_STEP][PASSED] - compare = compare + 1: null

03-03-2025T13:49:39 - [TEST_STEP][PASSED] - if (compare == filePoteri): null

03-03-2025T13:49:39 - [TEST_STEP][PASSED] - else: null

03-03-2025T13:49:39 - [TEST_STEP][PASSED] - numberOfErrors = numberOfErrors + 1: null

03-03-2025T13:49:39 - [TEST_STEP][PASSED] - pageInt = pagePoteri: null

03-03-2025T13:49:39 - [TEST_STEP][PASSED] - fileInt = filePoteri: null

03-03-2025T13:49:39 - [TEST_STEP][PASSED] - typeOfData = typeOfDataMain + " Потери": null

03-03-2025T13:49:39 - [TEST_STEP][PASSED] - Script1718980020443.WriteToExcel(a, typeOfData, todaysDate, pageInt, fileInt, pageDouble, fileDouble, dZO): null

03-03-2025T13:49:39 - [TEST_STEP][PASSED] - sheetName = "Sheet1": null

03-03-2025T13:49:39 - [TEST_STEP][PASSED] - data = findTestData("PlanFact"): null

03-03-2025T13:49:39 - [TEST_STEP][PASSED] - n = data.getRowNumbers() + 1: null

03-03-2025T13:49:39 - [TEST_STEP][PASSED] - day = ")).toInteger(): null

03-03-2025T13:49:39 - [TEST_STEP][PASSED] - println(day): null

03-03-2025T13:49:39 - [TEST_STEP][PASSED] - month = ")).toInteger(): null

03-03-2025T13:49:39 - [TEST_STEP][PASSED] - println(month): null

03-03-2025T13:49:39 - [TEST_STEP][PASSED] - y = <not implemented yet for class: org.codehaus.groovy.ast.expr.EmptyExpression>: null

03-03-2025T13:49:39 - [TEST_STEP][PASSED] - iy = <not implemented yet for class: org.codehaus.groovy.ast.expr.EmptyExpression>: null

03-03-2025T13:49:39 - [TEST_STEP][PASSED] - m = getText(findTestObject("Выполнение бизнес-плана/Период")): Text of object 'Object Repository/Выполнение бизнес-плана/Период' is: '2024 год'

03-03-2025T13:49:39 - [MESSAGE][PASSED] - Text of object 'Object Repository/Выполнение бизнес-плана/Период' is: '2024 год'

03-03-2025T13:49:39 - [TEST_STEP][PASSED] - iy = m.indexOf("20"): null

03-03-2025T13:49:39 - [TEST_STEP][PASSED] - if (iy > -1): null

03-03-2025T13:49:39 - [TEST_STEP][PASSED] - y = substring(iy, iy + 4).toInteger(): null

03-03-2025T13:49:39 - [TEST_STEP][PASSED] - println(y): null

03-03-2025T13:49:39 - [TEST_STEP][PASSED] - if (toString().length() == 4): null

03-03-2025T13:49:39 - [TEST_STEP][PASSED] - m = m.substring(0, m.indexOf(y.toString())): null

03-03-2025T13:49:39 - [TEST_STEP][PASSED] - m = m.trim(): null

03-03-2025T13:49:39 - [TEST_STEP][PASSED] - if (m == ""): null

03-03-2025T13:49:39 - [TEST_STEP][PASSED] - m = "весь год": null

03-03-2025T13:49:39 - [TEST_STEP][PASSED] - dashboardName = "Выполнение бизнес-плана": null

03-03-2025T13:49:39 - [TEST_STEP][PASSED] - workbook01 = getWorkbook(excelFilePath): null

03-03-2025T13:49:39 - [TEST_STEP][PASSED] - sheet01 = getExcelSheet(workbook01, sheetName): null

03-03-2025T13:49:39 - [TEST_STEP][PASSED] - setValueToCellByIndex(sheet01, n, 0, dashboardName): null

03-03-2025T13:49:39 - [TEST_STEP][PASSED] - setValueToCellByIndex(sheet01, n, 1, dZO): null

03-03-2025T13:49:39 - [TEST_STEP][PASSED] - setValueToCellByIndex(sheet01, n, 2, typeOfData): null

03-03-2025T13:49:39 - [TEST_STEP][PASSED] - if (typeOfData == "Факт в процентах" || typeOfData == "План в процентах"): null

03-03-2025T13:49:39 - [TEST_STEP][PASSED] - else: null

03-03-2025T13:49:39 - [TEST_STEP][PASSED] - setValueToCellByIndex(sheet01, n, 3, fileInt): null

03-03-2025T13:49:39 - [TEST_STEP][PASSED] - setValueToCellByIndex(sheet01, n, 4, pageInt): null

03-03-2025T13:49:39 - [TEST_STEP][PASSED] - setValueToCellByIndex(sheet01, n, 5, m): null

03-03-2025T13:49:39 - [TEST_STEP][PASSED] - setValueToCellByIndex(sheet01, n, 6, y): null

03-03-2025T13:49:39 - [TEST_STEP][PASSED] - setValueToCellByIndex(sheet01, n, 7, todaysDate): null

03-03-2025T13:49:39 - [TEST_STEP][PASSED] - n = n + 1: null

03-03-2025T13:49:39 - [TEST_STEP][PASSED] - saveWorkbook(excelFilePath, workbook01): null

03-03-2025T13:49:39 - [TEST_STEP][PASSED] - if (planFact == 2): null

03-03-2025T13:49:39 - [TEST_STEP][PASSED] - if (planFact == 1): null

03-03-2025T13:49:39 - [TEST_STEP][PASSED] - else if (planFact == 2): null

03-03-2025T13:49:39 - [TEST_STEP][PASSED] - click(findTestObject("Выполнение бизнес-плана/Кнопка План")): Object: 'Object Repository/Выполнение бизнес-плана/Кнопка План' is clicked on

03-03-2025T13:49:40 - [MESSAGE][PASSED] - Object: 'Object Repository/Выполнение бизнес-плана/Кнопка План' is clicked on

03-03-2025T13:49:40 - [TEST_STEP][PASSED] - typeOfDataMain = "План": null

03-03-2025T13:49:40 - [TEST_STEP][PASSED] - otpusk = findTestData("PlanFact").getValue(2, a): null

03-03-2025T13:49:40 - [TEST_STEP][PASSED] - poteri = findTestData("PlanFact").getValue(3, a): null

03-03-2025T13:49:40 - [TEST_STEP][PASSED] - otpusk = otpusk.replaceAll("\s+", ""): null

03-03-2025T13:49:40 - [TEST_STEP][PASSED] - poteri = poteri.replaceAll("\s+", ""): null

03-03-2025T13:49:40 - [TEST_STEP][PASSED] - typeOfData = typeOfDataMain + " Отпуск в сеть": null

03-03-2025T13:49:40 - [TEST_STEP][PASSED] - if (a == 82): null

03-03-2025T13:49:40 - [TEST_STEP][PASSED] - else if (a == 84): null

03-03-2025T13:49:40 - [TEST_STEP][PASSED] - else if (a == 83 || a == 52 || a == 72 || a == 28 || a == 73 || a == 77 || a == 74 || a == 65 || a == 36 || a == 44 || a == 53 || a == 80 || a == 54 || a == 1 || a == 18 || a == 59 || a == 81): null

03-03-2025T13:49:40 - [TEST_STEP][PASSED] - else: null

03-03-2025T13:49:40 - [TEST_STEP][PASSED] - path = dataFolder + typeOfData + " за отчётный период " + b: null

03-03-2025T13:49:40 - [TEST_STEP][PASSED] - println(path): null

03-03-2025T13:49:40 - [TEST_STEP][PASSED] - page = getText(findTestObject(path)): Text of object 'Object Repository/Выполнение бизнес-плана/Значения со страницы Выполнение бизнес-плана/План Отпуск в сеть за отчётный период Нижновэнерго' is: '1 187 760'

03-03-2025T13:49:40 - [MESSAGE][PASSED] - Text of object 'Object Repository/Выполнение бизнес-плана/Значения со страницы Выполнение бизнес-плана/План Отпуск в сеть за отчётный период Нижновэнерго' is: '1 187 760'

03-03-2025T13:49:40 - [TEST_STEP][PASSED] - if (page == "" || page == null): null

03-03-2025T13:49:40 - [TEST_STEP][PASSED] - else: null

03-03-2025T13:49:40 - [TEST_STEP][PASSED] - page = page.replaceAll("\s+", ""): null

03-03-2025T13:49:40 - [TEST_STEP][PASSED] - fileOtpuskVSet = otpusk.toInteger(): null

03-03-2025T13:49:40 - [TEST_STEP][PASSED] - pageOtpuskVSet = page.toInteger(): null

03-03-2025T13:49:40 - [TEST_STEP][PASSED] - typeOfData = typeOfDataMain + " Потери": null

03-03-2025T13:49:40 - [TEST_STEP][PASSED] - if (a == 82): null

03-03-2025T13:49:40 - [TEST_STEP][PASSED] - else if (a == 84): null

03-03-2025T13:49:40 - [TEST_STEP][PASSED] - else if (a == 83 || a == 52 || a == 72 || a == 28 || a == 73 || a == 77 || a == 74 || a == 65 || a == 44 || a == 53 || a == 80 || a == 54 || a == 1 || a == 18 || a == 59 || a == 81): null

03-03-2025T13:49:40 - [TEST_STEP][PASSED] - else: null

03-03-2025T13:49:40 - [TEST_STEP][PASSED] - path = dataFolder + typeOfData + " за отчётный период " + b: null

03-03-2025T13:49:40 - [TEST_STEP][PASSED] - page = getText(findTestObject(path)): Text of object 'Object Repository/Выполнение бизнес-плана/Значения со страницы Выполнение бизнес-плана/План Потери за отчётный период Нижновэнерго' is: '127 628'

03-03-2025T13:49:40 - [MESSAGE][PASSED] - Text of object 'Object Repository/Выполнение бизнес-плана/Значения со страницы Выполнение бизнес-плана/План Потери за отчётный период Нижновэнерго' is: '127 628'

03-03-2025T13:49:40 - [TEST_STEP][PASSED] - if (page == "" || page == null): null

03-03-2025T13:49:40 - [TEST_STEP][PASSED] - else: null

03-03-2025T13:49:40 - [TEST_STEP][PASSED] - page = page.replaceAll("\s+", ""): null

03-03-2025T13:49:40 - [TEST_STEP][PASSED] - filePoteri = poteri.toInteger(): null

03-03-2025T13:49:40 - [TEST_STEP][PASSED] - pagePoteri = page.toInteger(): null

03-03-2025T13:49:40 - [TEST_STEP][PASSED] - compare = pageOtpuskVSet: null

03-03-2025T13:49:40 - [TEST_STEP][PASSED] - if (pageOtpuskVSet != null): null

03-03-2025T13:49:40 - [TEST_STEP][PASSED] - if (compare == fileOtpuskVSet): null

03-03-2025T13:49:40 - [TEST_STEP][PASSED] - else if (compare > fileOtpuskVSet): null

03-03-2025T13:49:40 - [TEST_STEP][PASSED] - else if (compare < fileOtpuskVSet): null

03-03-2025T13:49:40 - [TEST_STEP][PASSED] - compare = compare + 1: null

03-03-2025T13:49:40 - [TEST_STEP][PASSED] - if (compare == fileOtpuskVSet): null

03-03-2025T13:49:40 - [TEST_STEP][PASSED] - else: null

03-03-2025T13:49:40 - [TEST_STEP][PASSED] - numberOfErrors = numberOfErrors + 1: null

03-03-2025T13:49:40 - [TEST_STEP][PASSED] - pageInt = pageOtpuskVSet: null

03-03-2025T13:49:40 - [TEST_STEP][PASSED] - fileInt = fileOtpuskVSet: null

03-03-2025T13:49:40 - [TEST_STEP][PASSED] - typeOfData = typeOfDataMain + " Отпуск в сеть": null

03-03-2025T13:49:40 - [TEST_STEP][PASSED] - Script1718980020443.WriteToExcel(a, typeOfData, todaysDate, pageInt, fileInt, pageDouble, fileDouble, dZO): null

03-03-2025T13:49:40 - [TEST_STEP][PASSED] - sheetName = "Sheet1": null

03-03-2025T13:49:40 - [TEST_STEP][PASSED] - data = findTestData("PlanFact"): null

03-03-2025T13:49:40 - [TEST_STEP][PASSED] - n = data.getRowNumbers() + 1: null

03-03-2025T13:49:40 - [TEST_STEP][PASSED] - day = ")).toInteger(): null

03-03-2025T13:49:40 - [TEST_STEP][PASSED] - println(day): null

03-03-2025T13:49:40 - [TEST_STEP][PASSED] - month = ")).toInteger(): null

03-03-2025T13:49:40 - [TEST_STEP][PASSED] - println(month): null

03-03-2025T13:49:40 - [TEST_STEP][PASSED] - y = <not implemented yet for class: org.codehaus.groovy.ast.expr.EmptyExpression>: null

03-03-2025T13:49:40 - [TEST_STEP][PASSED] - iy = <not implemented yet for class: org.codehaus.groovy.ast.expr.EmptyExpression>: null

03-03-2025T13:49:40 - [TEST_STEP][PASSED] - m = getText(findTestObject("Выполнение бизнес-плана/Период")): Text of object 'Object Repository/Выполнение бизнес-плана/Период' is: '2024 год'

03-03-2025T13:49:41 - [MESSAGE][PASSED] - Text of object 'Object Repository/Выполнение бизнес-плана/Период' is: '2024 год'

03-03-2025T13:49:41 - [TEST_STEP][PASSED] - iy = m.indexOf("20"): null

03-03-2025T13:49:41 - [TEST_STEP][PASSED] - if (iy > -1): null

03-03-2025T13:49:41 - [TEST_STEP][PASSED] - y = substring(iy, iy + 4).toInteger(): null

03-03-2025T13:49:41 - [TEST_STEP][PASSED] - println(y): null

03-03-2025T13:49:41 - [TEST_STEP][PASSED] - if (toString().length() == 4): null

03-03-2025T13:49:41 - [TEST_STEP][PASSED] - m = m.substring(0, m.indexOf(y.toString())): null

03-03-2025T13:49:41 - [TEST_STEP][PASSED] - m = m.trim(): null

03-03-2025T13:49:41 - [TEST_STEP][PASSED] - if (m == ""): null

03-03-2025T13:49:41 - [TEST_STEP][PASSED] - m = "весь год": null

03-03-2025T13:49:41 - [TEST_STEP][PASSED] - dashboardName = "Выполнение бизнес-плана": null

03-03-2025T13:49:41 - [TEST_STEP][PASSED] - workbook01 = getWorkbook(excelFilePath): null

03-03-2025T13:49:41 - [TEST_STEP][PASSED] - sheet01 = getExcelSheet(workbook01, sheetName): null

03-03-2025T13:49:41 - [TEST_STEP][PASSED] - setValueToCellByIndex(sheet01, n, 0, dashboardName): null

03-03-2025T13:49:41 - [TEST_STEP][PASSED] - setValueToCellByIndex(sheet01, n, 1, dZO): null

03-03-2025T13:49:41 - [TEST_STEP][PASSED] - setValueToCellByIndex(sheet01, n, 2, typeOfData): null

03-03-2025T13:49:41 - [TEST_STEP][PASSED] - if (typeOfData == "Факт в процентах" || typeOfData == "План в процентах"): null

03-03-2025T13:49:41 - [TEST_STEP][PASSED] - else: null

03-03-2025T13:49:41 - [TEST_STEP][PASSED] - setValueToCellByIndex(sheet01, n, 3, fileInt): null

03-03-2025T13:49:41 - [TEST_STEP][PASSED] - setValueToCellByIndex(sheet01, n, 4, pageInt): null

03-03-2025T13:49:41 - [TEST_STEP][PASSED] - setValueToCellByIndex(sheet01, n, 5, m): null

03-03-2025T13:49:41 - [TEST_STEP][PASSED] - setValueToCellByIndex(sheet01, n, 6, y): null

03-03-2025T13:49:41 - [TEST_STEP][PASSED] - setValueToCellByIndex(sheet01, n, 7, todaysDate): null

03-03-2025T13:49:41 - [TEST_STEP][PASSED] - n = n + 1: null

03-03-2025T13:49:41 - [TEST_STEP][PASSED] - saveWorkbook(excelFilePath, workbook01): null

03-03-2025T13:49:41 - [TEST_STEP][PASSED] - compare = pagePoteri: null

03-03-2025T13:49:41 - [TEST_STEP][PASSED] - if (pageOtpuskVSet != null): null

03-03-2025T13:49:41 - [TEST_STEP][PASSED] - if (compare == filePoteri): null

03-03-2025T13:49:41 - [TEST_STEP][PASSED] - else if (compare > filePoteri): null

03-03-2025T13:49:41 - [TEST_STEP][PASSED] - else if (compare < filePoteri): null

03-03-2025T13:49:41 - [TEST_STEP][PASSED] - compare = compare + 1: null

03-03-2025T13:49:41 - [TEST_STEP][PASSED] - if (compare == filePoteri): null

03-03-2025T13:49:41 - [TEST_STEP][PASSED] - else: null

03-03-2025T13:49:41 - [TEST_STEP][PASSED] - numberOfErrors = numberOfErrors + 1: null

03-03-2025T13:49:41 - [TEST_STEP][PASSED] - pageInt = pagePoteri: null

03-03-2025T13:49:41 - [TEST_STEP][PASSED] - fileInt = filePoteri: null

03-03-2025T13:49:41 - [TEST_STEP][PASSED] - typeOfData = typeOfDataMain + " Потери": null

03-03-2025T13:49:41 - [TEST_STEP][PASSED] - Script1718980020443.WriteToExcel(a, typeOfData, todaysDate, pageInt, fileInt, pageDouble, fileDouble, dZO): null

03-03-2025T13:49:41 - [TEST_STEP][PASSED] - sheetName = "Sheet1": null

03-03-2025T13:49:41 - [TEST_STEP][PASSED] - data = findTestData("PlanFact"): null

03-03-2025T13:49:41 - [TEST_STEP][PASSED] - n = data.getRowNumbers() + 1: null

03-03-2025T13:49:41 - [TEST_STEP][PASSED] - day = ")).toInteger(): null

03-03-2025T13:49:41 - [TEST_STEP][PASSED] - println(day): null

03-03-2025T13:49:41 - [TEST_STEP][PASSED] - month = ")).toInteger(): null

03-03-2025T13:49:41 - [TEST_STEP][PASSED] - println(month): null

03-03-2025T13:49:41 - [TEST_STEP][PASSED] - y = <not implemented yet for class: org.codehaus.groovy.ast.expr.EmptyExpression>: null

03-03-2025T13:49:41 - [TEST_STEP][PASSED] - iy = <not implemented yet for class: org.codehaus.groovy.ast.expr.EmptyExpression>: null

03-03-2025T13:49:41 - [TEST_STEP][PASSED] - m = getText(findTestObject("Выполнение бизнес-плана/Период")): Text of object 'Object Repository/Выполнение бизнес-плана/Период' is: '2024 год'

03-03-2025T13:49:41 - [MESSAGE][PASSED] - Text of object 'Object Repository/Выполнение бизнес-плана/Период' is: '2024 год'

03-03-2025T13:49:41 - [TEST_STEP][PASSED] - iy = m.indexOf("20"): null

03-03-2025T13:49:41 - [TEST_STEP][PASSED] - if (iy > -1): null

03-03-2025T13:49:41 - [TEST_STEP][PASSED] - y = substring(iy, iy + 4).toInteger(): null

03-03-2025T13:49:41 - [TEST_STEP][PASSED] - println(y): null

03-03-2025T13:49:41 - [TEST_STEP][PASSED] - if (toString().length() == 4): null

03-03-2025T13:49:41 - [TEST_STEP][PASSED] - m = m.substring(0, m.indexOf(y.toString())): null

03-03-2025T13:49:41 - [TEST_STEP][PASSED] - m = m.trim(): null

03-03-2025T13:49:41 - [TEST_STEP][PASSED] - if (m == ""): null

03-03-2025T13:49:41 - [TEST_STEP][PASSED] - m = "весь год": null

03-03-2025T13:49:41 - [TEST_STEP][PASSED] - dashboardName = "Выполнение бизнес-плана": null

03-03-2025T13:49:41 - [TEST_STEP][PASSED] - workbook01 = getWorkbook(excelFilePath): null

03-03-2025T13:49:41 - [TEST_STEP][PASSED] - sheet01 = getExcelSheet(workbook01, sheetName): null

03-03-2025T13:49:41 - [TEST_STEP][PASSED] - setValueToCellByIndex(sheet01, n, 0, dashboardName): null

03-03-2025T13:49:41 - [TEST_STEP][PASSED] - setValueToCellByIndex(sheet01, n, 1, dZO): null

03-03-2025T13:49:41 - [TEST_STEP][PASSED] - setValueToCellByIndex(sheet01, n, 2, typeOfData): null

03-03-2025T13:49:41 - [TEST_STEP][PASSED] - if (typeOfData == "Факт в процентах" || typeOfData == "План в процентах"): null

03-03-2025T13:49:41 - [TEST_STEP][PASSED] - else: null

03-03-2025T13:49:41 - [TEST_STEP][PASSED] - setValueToCellByIndex(sheet01, n, 3, fileInt): null

03-03-2025T13:49:41 - [TEST_STEP][PASSED] - setValueToCellByIndex(sheet01, n, 4, pageInt): null

03-03-2025T13:49:41 - [TEST_STEP][PASSED] - setValueToCellByIndex(sheet01, n, 5, m): null

03-03-2025T13:49:41 - [TEST_STEP][PASSED] - setValueToCellByIndex(sheet01, n, 6, y): null

03-03-2025T13:49:41 - [TEST_STEP][PASSED] - setValueToCellByIndex(sheet01, n, 7, todaysDate): null

03-03-2025T13:49:41 - [TEST_STEP][PASSED] - n = n + 1: null

03-03-2025T13:49:41 - [TEST_STEP][PASSED] - saveWorkbook(excelFilePath, workbook01): Object: 'Object Repository/Выполнение бизнес-плана/Кнопка Факт' is clicked on

03-03-2025T13:49:42 - [TEST_STEP][PASSED] - if (planFact == 2): Object: 'Object Repository/Выполнение бизнес-плана/Кнопка Факт' is clicked on

03-03-2025T13:49:42 - [TEST_STEP][PASSED] - click(findTestObject("Выполнение бизнес-плана/Кнопка Факт")): Object: 'Object Repository/Выполнение бизнес-плана/Кнопка Факт' is clicked on

03-03-2025T13:49:42 - [MESSAGE][PASSED] - Object: 'Object Repository/Выполнение бизнес-плана/Кнопка Факт' is clicked on

03-03-2025T13:49:42 - [TEST_STEP][PASSED] - println("a=" + a): null

03-03-2025T13:49:42 - [TEST_STEP][PASSED] - if (a == 84 || a == 82): null

03-03-2025T13:49:42 - [TEST_STEP][PASSED] - else if (a == 83 || a == 52 || a == 72 || a == 28 || a == 73 || a == 77 || a == 74 || a == 65 || a == 36 || a == 44 || a == 53 || a == 80 || a == 54 || a == 1 || a == 18 || a == 59 || a == 81): null

03-03-2025T13:49:42 - [TEST_STEP][PASSED] - else: null

03-03-2025T13:49:42 - [TEST_STEP][PASSED] - page1 = getText(findTestObject("Object Repository/Выполнение бизнес-плана/spanPlan" + filialNum)): Text of object 'Object Repository/Выполнение бизнес-плана/spanPlan6' is: '8.95
|'

03-03-2025T13:49:42 - [MESSAGE][PASSED] - Text of object 'Object Repository/Выполнение бизнес-плана/spanPlan6' is: '8.95
|'

03-03-2025T13:49:42 - [TEST_STEP][PASSED] - page1 = page1.replace("|", ""): null

03-03-2025T13:49:42 - [TEST_STEP][PASSED] - page2 = getText(findTestObject("Object Repository/Выполнение бизнес-плана/spanFact" + filialNum)): Text of object 'Object Repository/Выполнение бизнес-плана/spanFact6' is: '8.84
|'

03-03-2025T13:49:42 - [MESSAGE][PASSED] - Text of object 'Object Repository/Выполнение бизнес-плана/spanFact6' is: '8.84
|'

03-03-2025T13:49:42 - [TEST_STEP][PASSED] - page2 = page2.replace("|", ""): null

03-03-2025T13:49:42 - [TEST_STEP][PASSED] - println("page1: " + page1): null

03-03-2025T13:49:42 - [TEST_STEP][PASSED] - println("page2: " + page2): null

03-03-2025T13:49:42 - [TEST_STEP][PASSED] - file = findTestData("PlanFact").getValue(4, a): null

03-03-2025T13:49:43 - [TEST_STEP][PASSED] - file = file.replace(",", "."): null

03-03-2025T13:49:43 - [TEST_STEP][PASSED] - println("file Plan: " + file): null

03-03-2025T13:49:43 - [TEST_STEP][PASSED] - typeOfData = "План в процентах": null

03-03-2025T13:49:43 - [TEST_STEP][PASSED] - fileDouble = file.toDouble(): null

03-03-2025T13:49:43 - [TEST_STEP][PASSED] - pageDouble = page1.toDouble(): null

03-03-2025T13:49:43 - [TEST_STEP][PASSED] - if (fileDouble != pageDouble): null

03-03-2025T13:49:43 - [TEST_STEP][PASSED] - file = findTestData("PlanFact").getValue(7, a): null

03-03-2025T13:49:43 - [TEST_STEP][PASSED] - file = file.replace(",", "."): null

03-03-2025T13:49:43 - [TEST_STEP][PASSED] - println("file Fact: " + file): null

03-03-2025T13:49:43 - [TEST_STEP][PASSED] - fileDouble = file.toDouble(): null

03-03-2025T13:49:43 - [TEST_STEP][PASSED] - typeOfData = "Факт в процентах": null

03-03-2025T13:49:43 - [TEST_STEP][PASSED] - fileDouble = file.toDouble(): null

03-03-2025T13:49:43 - [TEST_STEP][PASSED] - pageDouble = page2.toDouble(): null

03-03-2025T13:49:43 - [TEST_STEP][PASSED] - if (fileDouble != pageDouble): null

03-03-2025T13:49:43 - [TEST_STEP][FAILED] - if (verifyEqual(numberOfErrors, 0) == false): null

03-03-2025T13:49:43 - [MESSAGE][FAILED] - Unable to verify equal between actual object '4' and expected object '0' (Root cause: com.kms.katalon.core.exception.StepFailedException: Actual object '4' and expected object '0' are not equal
	at com.kms.katalon.core.keyword.builtin.VerifyEqualKeyword$_verifyEqual_closure1.doCall(VerifyEqualKeyword.groovy:58)
	at com.kms.katalon.core.keyword.builtin.VerifyEqualKeyword$_verifyEqual_closure1.call(VerifyEqualKeyword.groovy)
	at com.kms.katalon.core.keyword.internal.KeywordMain.runKeyword(KeywordMain.groovy:75)
	at com.kms.katalon.core.keyword.builtin.VerifyEqualKeyword.verifyEqual(VerifyEqualKeyword.groovy:63)
	at com.kms.katalon.core.keyword.builtin.VerifyEqualKeyword.execute(VerifyEqualKeyword.groovy:44)
	at com.kms.katalon.core.keyword.internal.KeywordExecutor.executeKeywordForPlatform(KeywordExecutor.groovy:74)
	at com.kms.katalon.core.keyword.BuiltinKeywords.verifyEqual(BuiltinKeywords.groovy:146)
	at jdk.internal.reflect.GeneratedMethodAccessor24.invoke(Unknown Source)
	at java.base/jdk.internal.reflect.DelegatingMethodAccessorImpl.invoke(DelegatingMethodAccessorImpl.java:43)
	at Выполнение бизнес-плана Сверка ПАО Россети все филиалы.Numbers(Выполнение бизнес-плана Сверка ПАО Россети все филиалы:736)
	at Выполнение бизнес-плана Сверка ПАО Россети все филиалы.Filials(Выполнение бизнес-плана Сверка ПАО Россети все филиалы:1413)
	at Выполнение бизнес-плана Сверка ПАО Россети все филиалы.Numbers(Выполнение бизнес-плана Сверка ПАО Россети все филиалы:743)
	at Выполнение бизнес-плана Сверка ПАО Россети все филиалы.run(Выполнение бизнес-плана Сверка ПАО Россети все филиалы:378)
	at com.kms.katalon.core.main.ScriptEngine.run(ScriptEngine.java:194)
	at com.kms.katalon.core.main.ScriptEngine.runScriptAsRawText(ScriptEngine.java:119)
	at com.kms.katalon.core.main.TestCaseExecutor.runScript(TestCaseExecutor.java:448)
	at com.kms.katalon.core.main.TestCaseExecutor.doExecute(TestCaseExecutor.java:439)
	at com.kms.katalon.core.main.TestCaseExecutor.processExecutionPhase(TestCaseExecutor.java:418)
	at com.kms.katalon.core.main.TestCaseExecutor.accessMainPhase(TestCaseExecutor.java:410)
	at com.kms.katalon.core.main.TestCaseExecutor.execute(TestCaseExecutor.java:285)
	at com.kms.katalon.core.common.CommonExecutor.accessTestCaseMainPhase(CommonExecutor.java:65)
	at com.kms.katalon.core.main.TestSuiteExecutor.accessTestSuiteMainPhase(TestSuiteExecutor.java:150)
	at com.kms.katalon.core.main.TestSuiteExecutor.execute(TestSuiteExecutor.java:106)
	at com.kms.katalon.core.main.TestCaseMain.startTestSuite(TestCaseMain.java:180)
	at TempTestSuite1740991900055.run(TempTestSuite1740991900055.groovy:35)
	at java.base/jdk.internal.reflect.NativeMethodAccessorImpl.invoke0(Native Method)
	at java.base/jdk.internal.reflect.NativeMethodAccessorImpl.invoke(NativeMethodAccessorImpl.java:77)
	at java.base/jdk.internal.reflect.DelegatingMethodAccessorImpl.invoke(DelegatingMethodAccessorImpl.java:43)
)

03-03-2025T13:49:43 - [TEST_STEP][PASSED] - println(numberOfErrors): null

03-03-2025T13:49:43 - [TEST_STEP][PASSED] - println("a=" + a): null

03-03-2025T13:49:43 - [TEST_STEP][PASSED] - if (a == 28 || a == 77 || a == 74 || a == 65 || a == 36 || a == 44 || a == 54 || a == 1 || a == 18 || a == 59): null

03-03-2025T13:49:43 - [TEST_STEP][PASSED] - if (a == 82): null

03-03-2025T13:49:43 - [TEST_STEP][PASSED] - dZO = "Рязаньэнерго": null

03-03-2025T13:49:43 - [TEST_STEP][PASSED] - a = 25: null

03-03-2025T13:49:43 - [TEST_STEP][PASSED] - if (x2.contains(dZO)): null

03-03-2025T13:49:43 - [TEST_STEP][PASSED] - filialNum = filialNum + 1: null

03-03-2025T13:49:43 - [TEST_STEP][PASSED] - Script1718980020443.Numbers(a, typeOfData, todaysDate, pageInt, fileInt, pageDouble, fileDouble, dZO, dzoNum, filialNum): null

03-03-2025T13:49:43 - [TEST_STEP][PASSED] - println(dzoNum): null

03-03-2025T13:49:43 - [TEST_STEP][PASSED] - planFact = <not implemented yet for class: org.codehaus.groovy.ast.expr.EmptyExpression>: null

03-03-2025T13:49:43 - [TEST_STEP][PASSED] - page = <not implemented yet for class: org.codehaus.groovy.ast.expr.EmptyExpression>: null

03-03-2025T13:49:43 - [TEST_STEP][PASSED] - page1 = <not implemented yet for class: org.codehaus.groovy.ast.expr.EmptyExpression>: null

03-03-2025T13:49:43 - [TEST_STEP][PASSED] - page2 = <not implemented yet for class: org.codehaus.groovy.ast.expr.EmptyExpression>: null

03-03-2025T13:49:43 - [TEST_STEP][PASSED] - filialNumberInRow = <not implemented yet for class: org.codehaus.groovy.ast.expr.EmptyExpression>: null

03-03-2025T13:49:43 - [TEST_STEP][PASSED] - filialsDzoNames = <not implemented yet for class: org.codehaus.groovy.ast.expr.EmptyExpression>: null

03-03-2025T13:49:43 - [TEST_STEP][PASSED] - numberOfFilials = <not implemented yet for class: org.codehaus.groovy.ast.expr.EmptyExpression>: null

03-03-2025T13:49:43 - [TEST_STEP][PASSED] - numberOfSpaces = <not implemented yet for class: org.codehaus.groovy.ast.expr.EmptyExpression>: null

03-03-2025T13:49:43 - [TEST_STEP][PASSED] - file = <not implemented yet for class: org.codehaus.groovy.ast.expr.EmptyExpression>: null

03-03-2025T13:49:43 - [TEST_STEP][PASSED] - otpusk = <not implemented yet for class: org.codehaus.groovy.ast.expr.EmptyExpression>: null

03-03-2025T13:49:43 - [TEST_STEP][PASSED] - poteri = <not implemented yet for class: org.codehaus.groovy.ast.expr.EmptyExpression>: null

03-03-2025T13:49:43 - [TEST_STEP][PASSED] - dataFolder = "Выполнение бизнес-плана/Значения со страницы Выполнение бизнес-плана/": null

03-03-2025T13:49:43 - [TEST_STEP][PASSED] - path = <not implemented yet for class: org.codehaus.groovy.ast.expr.EmptyExpression>: null

03-03-2025T13:49:43 - [TEST_STEP][PASSED] - typeOfDataMain = <not implemented yet for class: org.codehaus.groovy.ast.expr.EmptyExpression>: null

03-03-2025T13:49:43 - [TEST_STEP][PASSED] - fileOtpuskVSet = <not implemented yet for class: org.codehaus.groovy.ast.expr.EmptyExpression>: null

03-03-2025T13:49:43 - [TEST_STEP][PASSED] - pageOtpuskVSet = <not implemented yet for class: org.codehaus.groovy.ast.expr.EmptyExpression>: null

03-03-2025T13:49:43 - [TEST_STEP][PASSED] - filePoteri = <not implemented yet for class: org.codehaus.groovy.ast.expr.EmptyExpression>: null

03-03-2025T13:49:43 - [TEST_STEP][PASSED] - pagePoteri = <not implemented yet for class: org.codehaus.groovy.ast.expr.EmptyExpression>: null

03-03-2025T13:49:43 - [TEST_STEP][PASSED] - compare = <not implemented yet for class: org.codehaus.groovy.ast.expr.EmptyExpression>: null

03-03-2025T13:49:43 - [TEST_STEP][PASSED] - b = <not implemented yet for class: org.codehaus.groovy.ast.expr.EmptyExpression>: null

03-03-2025T13:49:43 - [TEST_STEP][PASSED] - i = <not implemented yet for class: org.codehaus.groovy.ast.expr.EmptyExpression>: null

03-03-2025T13:49:43 - [TEST_STEP][PASSED] - ii = <not implemented yet for class: org.codehaus.groovy.ast.expr.EmptyExpression>: null

03-03-2025T13:49:43 - [TEST_STEP][PASSED] - c = <not implemented yet for class: org.codehaus.groovy.ast.expr.EmptyExpression>: null

03-03-2025T13:49:43 - [TEST_STEP][PASSED] - numberOfErrors = 0: null

03-03-2025T13:49:43 - [TEST_STEP][PASSED] - if (a == 82): null

03-03-2025T13:49:43 - [TEST_STEP][PASSED] - b = findTestData("PlanFact").getValue(1, a): null

03-03-2025T13:49:43 - [TEST_STEP][PASSED] - i = b.indexOf(" (ГК)"): null

03-03-2025T13:49:43 - [TEST_STEP][PASSED] - if (i > -1): null

03-03-2025T13:49:43 - [TEST_STEP][PASSED] - i = b.indexOf("О ""): null

03-03-2025T13:49:43 - [TEST_STEP][PASSED] - if (i > -1): null

03-03-2025T13:49:43 - [TEST_STEP][PASSED] - i = b.indexOf("О «"): null

03-03-2025T13:49:43 - [TEST_STEP][PASSED] - if (i > -1): null

03-03-2025T13:49:43 - [TEST_STEP][PASSED] - i = b.indexOf("г. "): null

03-03-2025T13:49:43 - [TEST_STEP][PASSED] - if (i > -1): null

03-03-2025T13:49:43 - [TEST_STEP][PASSED] - b = b.trim(): null

03-03-2025T13:49:43 - [TEST_STEP][PASSED] - println(b): null

03-03-2025T13:49:43 - [TEST_STEP][PASSED] - for ([planFact = 1, planFact < 3, (planFact++)]): null

03-03-2025T13:49:43 - [TEST_STEP][PASSED] - if (planFact == 1): null

03-03-2025T13:49:43 - [TEST_STEP][PASSED] - typeOfDataMain = "Факт": null

03-03-2025T13:49:43 - [TEST_STEP][PASSED] - otpusk = findTestData("PlanFact").getValue(5, a): null

03-03-2025T13:49:43 - [TEST_STEP][PASSED] - poteri = findTestData("PlanFact").getValue(6, a): null

03-03-2025T13:49:43 - [TEST_STEP][PASSED] - otpusk = otpusk.replaceAll("\s+", ""): null

03-03-2025T13:49:43 - [TEST_STEP][PASSED] - poteri = poteri.replaceAll("\s+", ""): null

03-03-2025T13:49:43 - [TEST_STEP][PASSED] - typeOfData = typeOfDataMain + " Отпуск в сеть": null

03-03-2025T13:49:43 - [TEST_STEP][PASSED] - if (a == 82): null

03-03-2025T13:49:43 - [TEST_STEP][PASSED] - else if (a == 84): null

03-03-2025T13:49:43 - [TEST_STEP][PASSED] - else if (a == 83 || a == 52 || a == 72 || a == 28 || a == 73 || a == 77 || a == 74 || a == 65 || a == 36 || a == 44 || a == 53 || a == 80 || a == 54 || a == 1 || a == 18 || a == 59 || a == 81): null

03-03-2025T13:49:43 - [TEST_STEP][PASSED] - else: null

03-03-2025T13:49:43 - [TEST_STEP][PASSED] - path = dataFolder + typeOfData + " за отчётный период " + b: null

03-03-2025T13:49:43 - [TEST_STEP][PASSED] - println(path): null

03-03-2025T13:49:43 - [TEST_STEP][PASSED] - page = getText(findTestObject(path)): Text of object 'Object Repository/Выполнение бизнес-плана/Значения со страницы Выполнение бизнес-плана/Факт Отпуск в сеть за отчётный период Рязаньэнерго' is: '520 728'

03-03-2025T13:49:43 - [MESSAGE][PASSED] - Text of object 'Object Repository/Выполнение бизнес-плана/Значения со страницы Выполнение бизнес-плана/Факт Отпуск в сеть за отчётный период Рязаньэнерго' is: '520 728'

03-03-2025T13:49:43 - [TEST_STEP][PASSED] - if (page == "" || page == null): null

03-03-2025T13:49:43 - [TEST_STEP][PASSED] - else: null

03-03-2025T13:49:43 - [TEST_STEP][PASSED] - page = page.replaceAll("\s+", ""): null

03-03-2025T13:49:43 - [TEST_STEP][PASSED] - fileOtpuskVSet = otpusk.toInteger(): null

03-03-2025T13:49:43 - [TEST_STEP][PASSED] - pageOtpuskVSet = page.toInteger(): null

03-03-2025T13:49:43 - [TEST_STEP][PASSED] - typeOfData = typeOfDataMain + " Потери": null

03-03-2025T13:49:43 - [TEST_STEP][PASSED] - if (a == 82): null

03-03-2025T13:49:43 - [TEST_STEP][PASSED] - else if (a == 84): null

03-03-2025T13:49:43 - [TEST_STEP][PASSED] - else if (a == 83 || a == 52 || a == 72 || a == 28 || a == 73 || a == 77 || a == 74 || a == 65 || a == 44 || a == 53 || a == 80 || a == 54 || a == 1 || a == 18 || a == 59 || a == 81): null

03-03-2025T13:49:43 - [TEST_STEP][PASSED] - else: null

03-03-2025T13:49:43 - [TEST_STEP][PASSED] - path = dataFolder + typeOfData + " за отчётный период " + b: null

03-03-2025T13:49:43 - [TEST_STEP][PASSED] - page = getText(findTestObject(path)): Text of object 'Object Repository/Выполнение бизнес-плана/Значения со страницы Выполнение бизнес-плана/Факт Потери за отчётный период Рязаньэнерго' is: '27 828'

03-03-2025T13:49:43 - [MESSAGE][PASSED] - Text of object 'Object Repository/Выполнение бизнес-плана/Значения со страницы Выполнение бизнес-плана/Факт Потери за отчётный период Рязаньэнерго' is: '27 828'

03-03-2025T13:49:43 - [TEST_STEP][PASSED] - if (page == "" || page == null): null

03-03-2025T13:49:43 - [TEST_STEP][PASSED] - else: null

03-03-2025T13:49:43 - [TEST_STEP][PASSED] - page = page.replaceAll("\s+", ""): null

03-03-2025T13:49:43 - [TEST_STEP][PASSED] - filePoteri = poteri.toInteger(): null

03-03-2025T13:49:43 - [TEST_STEP][PASSED] - pagePoteri = page.toInteger(): null

03-03-2025T13:49:43 - [TEST_STEP][PASSED] - compare = pageOtpuskVSet: null

03-03-2025T13:49:43 - [TEST_STEP][PASSED] - if (pageOtpuskVSet != null): null

03-03-2025T13:49:43 - [TEST_STEP][PASSED] - if (compare == fileOtpuskVSet): null

03-03-2025T13:49:43 - [TEST_STEP][PASSED] - else if (compare > fileOtpuskVSet): null

03-03-2025T13:49:43 - [TEST_STEP][PASSED] - else if (compare < fileOtpuskVSet): null

03-03-2025T13:49:43 - [TEST_STEP][PASSED] - compare = compare + 1: null

03-03-2025T13:49:43 - [TEST_STEP][PASSED] - if (compare == fileOtpuskVSet): null

03-03-2025T13:49:43 - [TEST_STEP][PASSED] - else: null

03-03-2025T13:49:43 - [TEST_STEP][PASSED] - numberOfErrors = numberOfErrors + 1: null

03-03-2025T13:49:43 - [TEST_STEP][PASSED] - pageInt = pageOtpuskVSet: null

03-03-2025T13:49:43 - [TEST_STEP][PASSED] - fileInt = fileOtpuskVSet: null

03-03-2025T13:49:43 - [TEST_STEP][PASSED] - typeOfData = typeOfDataMain + " Отпуск в сеть": null

03-03-2025T13:49:43 - [TEST_STEP][PASSED] - Script1718980020443.WriteToExcel(a, typeOfData, todaysDate, pageInt, fileInt, pageDouble, fileDouble, dZO): null

03-03-2025T13:49:43 - [TEST_STEP][PASSED] - sheetName = "Sheet1": null

03-03-2025T13:49:43 - [TEST_STEP][PASSED] - data = findTestData("PlanFact"): null

03-03-2025T13:49:43 - [TEST_STEP][PASSED] - n = data.getRowNumbers() + 1: null

03-03-2025T13:49:43 - [TEST_STEP][PASSED] - day = ")).toInteger(): null

03-03-2025T13:49:43 - [TEST_STEP][PASSED] - println(day): null

03-03-2025T13:49:43 - [TEST_STEP][PASSED] - month = ")).toInteger(): null

03-03-2025T13:49:43 - [TEST_STEP][PASSED] - println(month): null

03-03-2025T13:49:43 - [TEST_STEP][PASSED] - y = <not implemented yet for class: org.codehaus.groovy.ast.expr.EmptyExpression>: null

03-03-2025T13:49:43 - [TEST_STEP][PASSED] - iy = <not implemented yet for class: org.codehaus.groovy.ast.expr.EmptyExpression>: null

03-03-2025T13:49:43 - [TEST_STEP][PASSED] - m = getText(findTestObject("Выполнение бизнес-плана/Период")): Text of object 'Object Repository/Выполнение бизнес-плана/Период' is: '2024 год'

03-03-2025T13:49:44 - [MESSAGE][PASSED] - Text of object 'Object Repository/Выполнение бизнес-плана/Период' is: '2024 год'

03-03-2025T13:49:44 - [TEST_STEP][PASSED] - iy = m.indexOf("20"): null

03-03-2025T13:49:44 - [TEST_STEP][PASSED] - if (iy > -1): null

03-03-2025T13:49:44 - [TEST_STEP][PASSED] - y = substring(iy, iy + 4).toInteger(): null

03-03-2025T13:49:44 - [TEST_STEP][PASSED] - println(y): null

03-03-2025T13:49:44 - [TEST_STEP][PASSED] - if (toString().length() == 4): null

03-03-2025T13:49:44 - [TEST_STEP][PASSED] - m = m.substring(0, m.indexOf(y.toString())): null

03-03-2025T13:49:44 - [TEST_STEP][PASSED] - m = m.trim(): null

03-03-2025T13:49:44 - [TEST_STEP][PASSED] - if (m == ""): null

03-03-2025T13:49:44 - [TEST_STEP][PASSED] - m = "весь год": null

03-03-2025T13:49:44 - [TEST_STEP][PASSED] - dashboardName = "Выполнение бизнес-плана": null

03-03-2025T13:49:44 - [TEST_STEP][PASSED] - workbook01 = getWorkbook(excelFilePath): null

03-03-2025T13:49:44 - [TEST_STEP][PASSED] - sheet01 = getExcelSheet(workbook01, sheetName): null

03-03-2025T13:49:44 - [TEST_STEP][PASSED] - setValueToCellByIndex(sheet01, n, 0, dashboardName): null

03-03-2025T13:49:44 - [TEST_STEP][PASSED] - setValueToCellByIndex(sheet01, n, 1, dZO): null

03-03-2025T13:49:44 - [TEST_STEP][PASSED] - setValueToCellByIndex(sheet01, n, 2, typeOfData): null

03-03-2025T13:49:44 - [TEST_STEP][PASSED] - if (typeOfData == "Факт в процентах" || typeOfData == "План в процентах"): null

03-03-2025T13:49:44 - [TEST_STEP][PASSED] - else: null

03-03-2025T13:49:44 - [TEST_STEP][PASSED] - setValueToCellByIndex(sheet01, n, 3, fileInt): null

03-03-2025T13:49:44 - [TEST_STEP][PASSED] - setValueToCellByIndex(sheet01, n, 4, pageInt): null

03-03-2025T13:49:44 - [TEST_STEP][PASSED] - setValueToCellByIndex(sheet01, n, 5, m): null

03-03-2025T13:49:44 - [TEST_STEP][PASSED] - setValueToCellByIndex(sheet01, n, 6, y): null

03-03-2025T13:49:44 - [TEST_STEP][PASSED] - setValueToCellByIndex(sheet01, n, 7, todaysDate): null

03-03-2025T13:49:44 - [TEST_STEP][PASSED] - n = n + 1: null

03-03-2025T13:49:44 - [TEST_STEP][PASSED] - saveWorkbook(excelFilePath, workbook01): null

03-03-2025T13:49:44 - [TEST_STEP][PASSED] - compare = pagePoteri: null

03-03-2025T13:49:44 - [TEST_STEP][PASSED] - if (pageOtpuskVSet != null): null

03-03-2025T13:49:44 - [TEST_STEP][PASSED] - if (compare == filePoteri): null

03-03-2025T13:49:44 - [TEST_STEP][PASSED] - else if (compare > filePoteri): null

03-03-2025T13:49:44 - [TEST_STEP][PASSED] - else if (compare < filePoteri): null

03-03-2025T13:49:44 - [TEST_STEP][PASSED] - compare = compare + 1: null

03-03-2025T13:49:44 - [TEST_STEP][PASSED] - if (compare == filePoteri): null

03-03-2025T13:49:44 - [TEST_STEP][PASSED] - else: null

03-03-2025T13:49:44 - [TEST_STEP][PASSED] - numberOfErrors = numberOfErrors + 1: null

03-03-2025T13:49:44 - [TEST_STEP][PASSED] - pageInt = pagePoteri: null

03-03-2025T13:49:44 - [TEST_STEP][PASSED] - fileInt = filePoteri: null

03-03-2025T13:49:44 - [TEST_STEP][PASSED] - typeOfData = typeOfDataMain + " Потери": null

03-03-2025T13:49:44 - [TEST_STEP][PASSED] - Script1718980020443.WriteToExcel(a, typeOfData, todaysDate, pageInt, fileInt, pageDouble, fileDouble, dZO): null

03-03-2025T13:49:44 - [TEST_STEP][PASSED] - sheetName = "Sheet1": null

03-03-2025T13:49:44 - [TEST_STEP][PASSED] - data = findTestData("PlanFact"): null

03-03-2025T13:49:44 - [TEST_STEP][PASSED] - n = data.getRowNumbers() + 1: null

03-03-2025T13:49:44 - [TEST_STEP][PASSED] - day = ")).toInteger(): null

03-03-2025T13:49:44 - [TEST_STEP][PASSED] - println(day): null

03-03-2025T13:49:44 - [TEST_STEP][PASSED] - month = ")).toInteger(): null

03-03-2025T13:49:44 - [TEST_STEP][PASSED] - println(month): null

03-03-2025T13:49:44 - [TEST_STEP][PASSED] - y = <not implemented yet for class: org.codehaus.groovy.ast.expr.EmptyExpression>: null

03-03-2025T13:49:44 - [TEST_STEP][PASSED] - iy = <not implemented yet for class: org.codehaus.groovy.ast.expr.EmptyExpression>: null

03-03-2025T13:49:44 - [TEST_STEP][PASSED] - m = getText(findTestObject("Выполнение бизнес-плана/Период")): Text of object 'Object Repository/Выполнение бизнес-плана/Период' is: '2024 год'

03-03-2025T13:49:44 - [MESSAGE][PASSED] - Text of object 'Object Repository/Выполнение бизнес-плана/Период' is: '2024 год'

03-03-2025T13:49:44 - [TEST_STEP][PASSED] - iy = m.indexOf("20"): null

03-03-2025T13:49:44 - [TEST_STEP][PASSED] - if (iy > -1): null

03-03-2025T13:49:44 - [TEST_STEP][PASSED] - y = substring(iy, iy + 4).toInteger(): null

03-03-2025T13:49:44 - [TEST_STEP][PASSED] - println(y): null

03-03-2025T13:49:44 - [TEST_STEP][PASSED] - if (toString().length() == 4): null

03-03-2025T13:49:44 - [TEST_STEP][PASSED] - m = m.substring(0, m.indexOf(y.toString())): null

03-03-2025T13:49:44 - [TEST_STEP][PASSED] - m = m.trim(): null

03-03-2025T13:49:44 - [TEST_STEP][PASSED] - if (m == ""): null

03-03-2025T13:49:44 - [TEST_STEP][PASSED] - m = "весь год": null

03-03-2025T13:49:44 - [TEST_STEP][PASSED] - dashboardName = "Выполнение бизнес-плана": null

03-03-2025T13:49:44 - [TEST_STEP][PASSED] - workbook01 = getWorkbook(excelFilePath): null

03-03-2025T13:49:44 - [TEST_STEP][PASSED] - sheet01 = getExcelSheet(workbook01, sheetName): null

03-03-2025T13:49:44 - [TEST_STEP][PASSED] - setValueToCellByIndex(sheet01, n, 0, dashboardName): null

03-03-2025T13:49:44 - [TEST_STEP][PASSED] - setValueToCellByIndex(sheet01, n, 1, dZO): null

03-03-2025T13:49:44 - [TEST_STEP][PASSED] - setValueToCellByIndex(sheet01, n, 2, typeOfData): null

03-03-2025T13:49:44 - [TEST_STEP][PASSED] - if (typeOfData == "Факт в процентах" || typeOfData == "План в процентах"): null

03-03-2025T13:49:44 - [TEST_STEP][PASSED] - else: null

03-03-2025T13:49:44 - [TEST_STEP][PASSED] - setValueToCellByIndex(sheet01, n, 3, fileInt): null

03-03-2025T13:49:44 - [TEST_STEP][PASSED] - setValueToCellByIndex(sheet01, n, 4, pageInt): null

03-03-2025T13:49:44 - [TEST_STEP][PASSED] - setValueToCellByIndex(sheet01, n, 5, m): null

03-03-2025T13:49:44 - [TEST_STEP][PASSED] - setValueToCellByIndex(sheet01, n, 6, y): null

03-03-2025T13:49:44 - [TEST_STEP][PASSED] - setValueToCellByIndex(sheet01, n, 7, todaysDate): null

03-03-2025T13:49:44 - [TEST_STEP][PASSED] - n = n + 1: null

03-03-2025T13:49:44 - [TEST_STEP][PASSED] - saveWorkbook(excelFilePath, workbook01): null

03-03-2025T13:49:45 - [TEST_STEP][PASSED] - if (planFact == 2): null

03-03-2025T13:49:45 - [TEST_STEP][PASSED] - if (planFact == 1): null

03-03-2025T13:49:45 - [TEST_STEP][PASSED] - else if (planFact == 2): null

03-03-2025T13:49:45 - [TEST_STEP][PASSED] - click(findTestObject("Выполнение бизнес-плана/Кнопка План")): Object: 'Object Repository/Выполнение бизнес-плана/Кнопка План' is clicked on

03-03-2025T13:49:45 - [MESSAGE][PASSED] - Object: 'Object Repository/Выполнение бизнес-плана/Кнопка План' is clicked on

03-03-2025T13:49:45 - [TEST_STEP][PASSED] - typeOfDataMain = "План": null

03-03-2025T13:49:45 - [TEST_STEP][PASSED] - otpusk = findTestData("PlanFact").getValue(2, a): null

03-03-2025T13:49:45 - [TEST_STEP][PASSED] - poteri = findTestData("PlanFact").getValue(3, a): null

03-03-2025T13:49:45 - [TEST_STEP][PASSED] - otpusk = otpusk.replaceAll("\s+", ""): null

03-03-2025T13:49:45 - [TEST_STEP][PASSED] - poteri = poteri.replaceAll("\s+", ""): null

03-03-2025T13:49:45 - [TEST_STEP][PASSED] - typeOfData = typeOfDataMain + " Отпуск в сеть": null

03-03-2025T13:49:45 - [TEST_STEP][PASSED] - if (a == 82): null

03-03-2025T13:49:45 - [TEST_STEP][PASSED] - else if (a == 84): null

03-03-2025T13:49:45 - [TEST_STEP][PASSED] - else if (a == 83 || a == 52 || a == 72 || a == 28 || a == 73 || a == 77 || a == 74 || a == 65 || a == 36 || a == 44 || a == 53 || a == 80 || a == 54 || a == 1 || a == 18 || a == 59 || a == 81): null

03-03-2025T13:49:45 - [TEST_STEP][PASSED] - else: null

03-03-2025T13:49:45 - [TEST_STEP][PASSED] - path = dataFolder + typeOfData + " за отчётный период " + b: null

03-03-2025T13:49:45 - [TEST_STEP][PASSED] - println(path): null

03-03-2025T13:49:45 - [TEST_STEP][PASSED] - page = getText(findTestObject(path)): Text of object 'Object Repository/Выполнение бизнес-плана/Значения со страницы Выполнение бизнес-плана/План Отпуск в сеть за отчётный период Рязаньэнерго' is: '531 982'

03-03-2025T13:49:45 - [MESSAGE][PASSED] - Text of object 'Object Repository/Выполнение бизнес-плана/Значения со страницы Выполнение бизнес-плана/План Отпуск в сеть за отчётный период Рязаньэнерго' is: '531 982'

03-03-2025T13:49:45 - [TEST_STEP][PASSED] - if (page == "" || page == null): null

03-03-2025T13:49:45 - [TEST_STEP][PASSED] - else: null

03-03-2025T13:49:45 - [TEST_STEP][PASSED] - page = page.replaceAll("\s+", ""): null

03-03-2025T13:49:45 - [TEST_STEP][PASSED] - fileOtpuskVSet = otpusk.toInteger(): null

03-03-2025T13:49:45 - [TEST_STEP][PASSED] - pageOtpuskVSet = page.toInteger(): null

03-03-2025T13:49:45 - [TEST_STEP][PASSED] - typeOfData = typeOfDataMain + " Потери": null

03-03-2025T13:49:45 - [TEST_STEP][PASSED] - if (a == 82): null

03-03-2025T13:49:45 - [TEST_STEP][PASSED] - else if (a == 84): null

03-03-2025T13:49:45 - [TEST_STEP][PASSED] - else if (a == 83 || a == 52 || a == 72 || a == 28 || a == 73 || a == 77 || a == 74 || a == 65 || a == 44 || a == 53 || a == 80 || a == 54 || a == 1 || a == 18 || a == 59 || a == 81): null

03-03-2025T13:49:45 - [TEST_STEP][PASSED] - else: null

03-03-2025T13:49:45 - [TEST_STEP][PASSED] - path = dataFolder + typeOfData + " за отчётный период " + b: null

03-03-2025T13:49:45 - [TEST_STEP][PASSED] - page = getText(findTestObject(path)): Text of object 'Object Repository/Выполнение бизнес-плана/Значения со страницы Выполнение бизнес-плана/План Потери за отчётный период Рязаньэнерго' is: '30 699'

03-03-2025T13:49:46 - [MESSAGE][PASSED] - Text of object 'Object Repository/Выполнение бизнес-плана/Значения со страницы Выполнение бизнес-плана/План Потери за отчётный период Рязаньэнерго' is: '30 699'

03-03-2025T13:49:46 - [TEST_STEP][PASSED] - if (page == "" || page == null): null

03-03-2025T13:49:46 - [TEST_STEP][PASSED] - else: null

03-03-2025T13:49:46 - [TEST_STEP][PASSED] - page = page.replaceAll("\s+", ""): null

03-03-2025T13:49:46 - [TEST_STEP][PASSED] - filePoteri = poteri.toInteger(): null

03-03-2025T13:49:46 - [TEST_STEP][PASSED] - pagePoteri = page.toInteger(): null

03-03-2025T13:49:46 - [TEST_STEP][PASSED] - compare = pageOtpuskVSet: null

03-03-2025T13:49:46 - [TEST_STEP][PASSED] - if (pageOtpuskVSet != null): null

03-03-2025T13:49:46 - [TEST_STEP][PASSED] - if (compare == fileOtpuskVSet): null

03-03-2025T13:49:46 - [TEST_STEP][PASSED] - else if (compare > fileOtpuskVSet): null

03-03-2025T13:49:46 - [TEST_STEP][PASSED] - else if (compare < fileOtpuskVSet): null

03-03-2025T13:49:46 - [TEST_STEP][PASSED] - compare = compare + 1: null

03-03-2025T13:49:46 - [TEST_STEP][PASSED] - if (compare == fileOtpuskVSet): null

03-03-2025T13:49:46 - [TEST_STEP][PASSED] - else: null

03-03-2025T13:49:46 - [TEST_STEP][PASSED] - numberOfErrors = numberOfErrors + 1: null

03-03-2025T13:49:46 - [TEST_STEP][PASSED] - pageInt = pageOtpuskVSet: null

03-03-2025T13:49:46 - [TEST_STEP][PASSED] - fileInt = fileOtpuskVSet: null

03-03-2025T13:49:46 - [TEST_STEP][PASSED] - typeOfData = typeOfDataMain + " Отпуск в сеть": null

03-03-2025T13:49:46 - [TEST_STEP][PASSED] - Script1718980020443.WriteToExcel(a, typeOfData, todaysDate, pageInt, fileInt, pageDouble, fileDouble, dZO): null

03-03-2025T13:49:46 - [TEST_STEP][PASSED] - sheetName = "Sheet1": null

03-03-2025T13:49:46 - [TEST_STEP][PASSED] - data = findTestData("PlanFact"): null

03-03-2025T13:49:46 - [TEST_STEP][PASSED] - n = data.getRowNumbers() + 1: null

03-03-2025T13:49:46 - [TEST_STEP][PASSED] - day = ")).toInteger(): null

03-03-2025T13:49:46 - [TEST_STEP][PASSED] - println(day): null

03-03-2025T13:49:46 - [TEST_STEP][PASSED] - month = ")).toInteger(): null

03-03-2025T13:49:46 - [TEST_STEP][PASSED] - println(month): null

03-03-2025T13:49:46 - [TEST_STEP][PASSED] - y = <not implemented yet for class: org.codehaus.groovy.ast.expr.EmptyExpression>: null

03-03-2025T13:49:46 - [TEST_STEP][PASSED] - iy = <not implemented yet for class: org.codehaus.groovy.ast.expr.EmptyExpression>: null

03-03-2025T13:49:46 - [TEST_STEP][PASSED] - m = getText(findTestObject("Выполнение бизнес-плана/Период")): Text of object 'Object Repository/Выполнение бизнес-плана/Период' is: '2024 год'

03-03-2025T13:49:46 - [MESSAGE][PASSED] - Text of object 'Object Repository/Выполнение бизнес-плана/Период' is: '2024 год'

03-03-2025T13:49:46 - [TEST_STEP][PASSED] - iy = m.indexOf("20"): null

03-03-2025T13:49:46 - [TEST_STEP][PASSED] - if (iy > -1): null

03-03-2025T13:49:46 - [TEST_STEP][PASSED] - y = substring(iy, iy + 4).toInteger(): null

03-03-2025T13:49:46 - [TEST_STEP][PASSED] - println(y): null

03-03-2025T13:49:46 - [TEST_STEP][PASSED] - if (toString().length() == 4): null

03-03-2025T13:49:46 - [TEST_STEP][PASSED] - m = m.substring(0, m.indexOf(y.toString())): null

03-03-2025T13:49:46 - [TEST_STEP][PASSED] - m = m.trim(): null

03-03-2025T13:49:46 - [TEST_STEP][PASSED] - if (m == ""): null

03-03-2025T13:49:46 - [TEST_STEP][PASSED] - m = "весь год": null

03-03-2025T13:49:46 - [TEST_STEP][PASSED] - dashboardName = "Выполнение бизнес-плана": null

03-03-2025T13:49:46 - [TEST_STEP][PASSED] - workbook01 = getWorkbook(excelFilePath): null

03-03-2025T13:49:46 - [TEST_STEP][PASSED] - sheet01 = getExcelSheet(workbook01, sheetName): null

03-03-2025T13:49:46 - [TEST_STEP][PASSED] - setValueToCellByIndex(sheet01, n, 0, dashboardName): null

03-03-2025T13:49:46 - [TEST_STEP][PASSED] - setValueToCellByIndex(sheet01, n, 1, dZO): null

03-03-2025T13:49:46 - [TEST_STEP][PASSED] - setValueToCellByIndex(sheet01, n, 2, typeOfData): null

03-03-2025T13:49:46 - [TEST_STEP][PASSED] - if (typeOfData == "Факт в процентах" || typeOfData == "План в процентах"): null

03-03-2025T13:49:46 - [TEST_STEP][PASSED] - else: null

03-03-2025T13:49:46 - [TEST_STEP][PASSED] - setValueToCellByIndex(sheet01, n, 3, fileInt): null

03-03-2025T13:49:46 - [TEST_STEP][PASSED] - setValueToCellByIndex(sheet01, n, 4, pageInt): null

03-03-2025T13:49:46 - [TEST_STEP][PASSED] - setValueToCellByIndex(sheet01, n, 5, m): null

03-03-2025T13:49:46 - [TEST_STEP][PASSED] - setValueToCellByIndex(sheet01, n, 6, y): null

03-03-2025T13:49:46 - [TEST_STEP][PASSED] - setValueToCellByIndex(sheet01, n, 7, todaysDate): null

03-03-2025T13:49:46 - [TEST_STEP][PASSED] - n = n + 1: null

03-03-2025T13:49:46 - [TEST_STEP][PASSED] - saveWorkbook(excelFilePath, workbook01): null

03-03-2025T13:49:46 - [TEST_STEP][PASSED] - compare = pagePoteri: null

03-03-2025T13:49:46 - [TEST_STEP][PASSED] - if (pageOtpuskVSet != null): null

03-03-2025T13:49:46 - [TEST_STEP][PASSED] - if (compare == filePoteri): null

03-03-2025T13:49:46 - [TEST_STEP][PASSED] - else if (compare > filePoteri): null

03-03-2025T13:49:46 - [TEST_STEP][PASSED] - else if (compare < filePoteri): null

03-03-2025T13:49:46 - [TEST_STEP][PASSED] - compare = compare + 1: null

03-03-2025T13:49:46 - [TEST_STEP][PASSED] - if (compare == filePoteri): null

03-03-2025T13:49:46 - [TEST_STEP][PASSED] - else: null

03-03-2025T13:49:46 - [TEST_STEP][PASSED] - numberOfErrors = numberOfErrors + 1: null

03-03-2025T13:49:46 - [TEST_STEP][PASSED] - pageInt = pagePoteri: null

03-03-2025T13:49:46 - [TEST_STEP][PASSED] - fileInt = filePoteri: null

03-03-2025T13:49:46 - [TEST_STEP][PASSED] - typeOfData = typeOfDataMain + " Потери": null

03-03-2025T13:49:46 - [TEST_STEP][PASSED] - Script1718980020443.WriteToExcel(a, typeOfData, todaysDate, pageInt, fileInt, pageDouble, fileDouble, dZO): null

03-03-2025T13:49:46 - [TEST_STEP][PASSED] - sheetName = "Sheet1": null

03-03-2025T13:49:46 - [TEST_STEP][PASSED] - data = findTestData("PlanFact"): null

03-03-2025T13:49:46 - [TEST_STEP][PASSED] - n = data.getRowNumbers() + 1: null

03-03-2025T13:49:46 - [TEST_STEP][PASSED] - day = ")).toInteger(): null

03-03-2025T13:49:46 - [TEST_STEP][PASSED] - println(day): null

03-03-2025T13:49:46 - [TEST_STEP][PASSED] - month = ")).toInteger(): null

03-03-2025T13:49:46 - [TEST_STEP][PASSED] - println(month): null

03-03-2025T13:49:46 - [TEST_STEP][PASSED] - y = <not implemented yet for class: org.codehaus.groovy.ast.expr.EmptyExpression>: null

03-03-2025T13:49:46 - [TEST_STEP][PASSED] - iy = <not implemented yet for class: org.codehaus.groovy.ast.expr.EmptyExpression>: null

03-03-2025T13:49:46 - [TEST_STEP][PASSED] - m = getText(findTestObject("Выполнение бизнес-плана/Период")): Text of object 'Object Repository/Выполнение бизнес-плана/Период' is: '2024 год'

03-03-2025T13:49:47 - [MESSAGE][PASSED] - Text of object 'Object Repository/Выполнение бизнес-плана/Период' is: '2024 год'

03-03-2025T13:49:47 - [TEST_STEP][PASSED] - iy = m.indexOf("20"): null

03-03-2025T13:49:47 - [TEST_STEP][PASSED] - if (iy > -1): null

03-03-2025T13:49:47 - [TEST_STEP][PASSED] - y = substring(iy, iy + 4).toInteger(): null

03-03-2025T13:49:47 - [TEST_STEP][PASSED] - println(y): null

03-03-2025T13:49:47 - [TEST_STEP][PASSED] - if (toString().length() == 4): null

03-03-2025T13:49:47 - [TEST_STEP][PASSED] - m = m.substring(0, m.indexOf(y.toString())): null

03-03-2025T13:49:47 - [TEST_STEP][PASSED] - m = m.trim(): null

03-03-2025T13:49:47 - [TEST_STEP][PASSED] - if (m == ""): null

03-03-2025T13:49:47 - [TEST_STEP][PASSED] - m = "весь год": null

03-03-2025T13:49:47 - [TEST_STEP][PASSED] - dashboardName = "Выполнение бизнес-плана": null

03-03-2025T13:49:47 - [TEST_STEP][PASSED] - workbook01 = getWorkbook(excelFilePath): null

03-03-2025T13:49:47 - [TEST_STEP][PASSED] - sheet01 = getExcelSheet(workbook01, sheetName): null

03-03-2025T13:49:47 - [TEST_STEP][PASSED] - setValueToCellByIndex(sheet01, n, 0, dashboardName): null

03-03-2025T13:49:47 - [TEST_STEP][PASSED] - setValueToCellByIndex(sheet01, n, 1, dZO): null

03-03-2025T13:49:47 - [TEST_STEP][PASSED] - setValueToCellByIndex(sheet01, n, 2, typeOfData): null

03-03-2025T13:49:47 - [TEST_STEP][PASSED] - if (typeOfData == "Факт в процентах" || typeOfData == "План в процентах"): null

03-03-2025T13:49:47 - [TEST_STEP][PASSED] - else: null

03-03-2025T13:49:47 - [TEST_STEP][PASSED] - setValueToCellByIndex(sheet01, n, 3, fileInt): null

03-03-2025T13:49:47 - [TEST_STEP][PASSED] - setValueToCellByIndex(sheet01, n, 4, pageInt): null

03-03-2025T13:49:47 - [TEST_STEP][PASSED] - setValueToCellByIndex(sheet01, n, 5, m): null

03-03-2025T13:49:47 - [TEST_STEP][PASSED] - setValueToCellByIndex(sheet01, n, 6, y): null

03-03-2025T13:49:47 - [TEST_STEP][PASSED] - setValueToCellByIndex(sheet01, n, 7, todaysDate): null

03-03-2025T13:49:47 - [TEST_STEP][PASSED] - n = n + 1: null

03-03-2025T13:49:47 - [TEST_STEP][PASSED] - saveWorkbook(excelFilePath, workbook01): Object: 'Object Repository/Выполнение бизнес-плана/Кнопка Факт' is clicked on

03-03-2025T13:49:47 - [TEST_STEP][PASSED] - if (planFact == 2): Object: 'Object Repository/Выполнение бизнес-плана/Кнопка Факт' is clicked on

03-03-2025T13:49:47 - [TEST_STEP][PASSED] - click(findTestObject("Выполнение бизнес-плана/Кнопка Факт")): Object: 'Object Repository/Выполнение бизнес-плана/Кнопка Факт' is clicked on

03-03-2025T13:49:47 - [MESSAGE][PASSED] - Object: 'Object Repository/Выполнение бизнес-плана/Кнопка Факт' is clicked on

03-03-2025T13:49:47 - [TEST_STEP][PASSED] - println("a=" + a): null

03-03-2025T13:49:47 - [TEST_STEP][PASSED] - if (a == 84 || a == 82): null

03-03-2025T13:49:47 - [TEST_STEP][PASSED] - else if (a == 83 || a == 52 || a == 72 || a == 28 || a == 73 || a == 77 || a == 74 || a == 65 || a == 36 || a == 44 || a == 53 || a == 80 || a == 54 || a == 1 || a == 18 || a == 59 || a == 81): null

03-03-2025T13:49:47 - [TEST_STEP][PASSED] - else: null

03-03-2025T13:49:47 - [TEST_STEP][PASSED] - page1 = getText(findTestObject("Object Repository/Выполнение бизнес-плана/spanPlan" + filialNum)): Text of object 'Object Repository/Выполнение бизнес-плана/spanPlan7' is: '4.61
|'

03-03-2025T13:49:48 - [MESSAGE][PASSED] - Text of object 'Object Repository/Выполнение бизнес-плана/spanPlan7' is: '4.61
|'

03-03-2025T13:49:48 - [TEST_STEP][PASSED] - page1 = page1.replace("|", ""): null

03-03-2025T13:49:48 - [TEST_STEP][PASSED] - page2 = getText(findTestObject("Object Repository/Выполнение бизнес-плана/spanFact" + filialNum)): Text of object 'Object Repository/Выполнение бизнес-плана/spanFact7' is: '4.55
|'

03-03-2025T13:49:48 - [MESSAGE][PASSED] - Text of object 'Object Repository/Выполнение бизнес-плана/spanFact7' is: '4.55
|'

03-03-2025T13:49:48 - [TEST_STEP][PASSED] - page2 = page2.replace("|", ""): null

03-03-2025T13:49:48 - [TEST_STEP][PASSED] - println("page1: " + page1): null

03-03-2025T13:49:48 - [TEST_STEP][PASSED] - println("page2: " + page2): null

03-03-2025T13:49:48 - [TEST_STEP][PASSED] - file = findTestData("PlanFact").getValue(4, a): null

03-03-2025T13:49:48 - [TEST_STEP][PASSED] - file = file.replace(",", "."): null

03-03-2025T13:49:48 - [TEST_STEP][PASSED] - println("file Plan: " + file): null

03-03-2025T13:49:48 - [TEST_STEP][PASSED] - typeOfData = "План в процентах": null

03-03-2025T13:49:48 - [TEST_STEP][PASSED] - fileDouble = file.toDouble(): null

03-03-2025T13:49:48 - [TEST_STEP][PASSED] - pageDouble = page1.toDouble(): null

03-03-2025T13:49:48 - [TEST_STEP][PASSED] - if (fileDouble != pageDouble): null

03-03-2025T13:49:48 - [TEST_STEP][PASSED] - file = findTestData("PlanFact").getValue(7, a): null

03-03-2025T13:49:48 - [TEST_STEP][PASSED] - file = file.replace(",", "."): null

03-03-2025T13:49:48 - [TEST_STEP][PASSED] - println("file Fact: " + file): null

03-03-2025T13:49:48 - [TEST_STEP][PASSED] - fileDouble = file.toDouble(): null

03-03-2025T13:49:48 - [TEST_STEP][PASSED] - typeOfData = "Факт в процентах": null

03-03-2025T13:49:48 - [TEST_STEP][PASSED] - fileDouble = file.toDouble(): null

03-03-2025T13:49:48 - [TEST_STEP][PASSED] - pageDouble = page2.toDouble(): null

03-03-2025T13:49:48 - [TEST_STEP][PASSED] - if (fileDouble != pageDouble): null

03-03-2025T13:49:48 - [TEST_STEP][FAILED] - if (verifyEqual(numberOfErrors, 0) == false): null

03-03-2025T13:49:48 - [MESSAGE][FAILED] - Unable to verify equal between actual object '4' and expected object '0' (Root cause: com.kms.katalon.core.exception.StepFailedException: Actual object '4' and expected object '0' are not equal
	at com.kms.katalon.core.keyword.builtin.VerifyEqualKeyword$_verifyEqual_closure1.doCall(VerifyEqualKeyword.groovy:58)
	at com.kms.katalon.core.keyword.builtin.VerifyEqualKeyword$_verifyEqual_closure1.call(VerifyEqualKeyword.groovy)
	at com.kms.katalon.core.keyword.internal.KeywordMain.runKeyword(KeywordMain.groovy:75)
	at com.kms.katalon.core.keyword.builtin.VerifyEqualKeyword.verifyEqual(VerifyEqualKeyword.groovy:63)
	at com.kms.katalon.core.keyword.builtin.VerifyEqualKeyword.execute(VerifyEqualKeyword.groovy:44)
	at com.kms.katalon.core.keyword.internal.KeywordExecutor.executeKeywordForPlatform(KeywordExecutor.groovy:74)
	at com.kms.katalon.core.keyword.BuiltinKeywords.verifyEqual(BuiltinKeywords.groovy:146)
	at jdk.internal.reflect.GeneratedMethodAccessor24.invoke(Unknown Source)
	at java.base/jdk.internal.reflect.DelegatingMethodAccessorImpl.invoke(DelegatingMethodAccessorImpl.java:43)
	at Выполнение бизнес-плана Сверка ПАО Россети все филиалы.Numbers(Выполнение бизнес-плана Сверка ПАО Россети все филиалы:736)
	at Выполнение бизнес-плана Сверка ПАО Россети все филиалы.Filials(Выполнение бизнес-плана Сверка ПАО Россети все филиалы:1425)
	at Выполнение бизнес-плана Сверка ПАО Россети все филиалы.Numbers(Выполнение бизнес-плана Сверка ПАО Россети все филиалы:743)
	at Выполнение бизнес-плана Сверка ПАО Россети все филиалы.run(Выполнение бизнес-плана Сверка ПАО Россети все филиалы:378)
	at com.kms.katalon.core.main.ScriptEngine.run(ScriptEngine.java:194)
	at com.kms.katalon.core.main.ScriptEngine.runScriptAsRawText(ScriptEngine.java:119)
	at com.kms.katalon.core.main.TestCaseExecutor.runScript(TestCaseExecutor.java:448)
	at com.kms.katalon.core.main.TestCaseExecutor.doExecute(TestCaseExecutor.java:439)
	at com.kms.katalon.core.main.TestCaseExecutor.processExecutionPhase(TestCaseExecutor.java:418)
	at com.kms.katalon.core.main.TestCaseExecutor.accessMainPhase(TestCaseExecutor.java:410)
	at com.kms.katalon.core.main.TestCaseExecutor.execute(TestCaseExecutor.java:285)
	at com.kms.katalon.core.common.CommonExecutor.accessTestCaseMainPhase(CommonExecutor.java:65)
	at com.kms.katalon.core.main.TestSuiteExecutor.accessTestSuiteMainPhase(TestSuiteExecutor.java:150)
	at com.kms.katalon.core.main.TestSuiteExecutor.execute(TestSuiteExecutor.java:106)
	at com.kms.katalon.core.main.TestCaseMain.startTestSuite(TestCaseMain.java:180)
	at TempTestSuite1740991900055.run(TempTestSuite1740991900055.groovy:35)
	at java.base/jdk.internal.reflect.NativeMethodAccessorImpl.invoke0(Native Method)
	at java.base/jdk.internal.reflect.NativeMethodAccessorImpl.invoke(NativeMethodAccessorImpl.java:77)
	at java.base/jdk.internal.reflect.DelegatingMethodAccessorImpl.invoke(DelegatingMethodAccessorImpl.java:43)
)

03-03-2025T13:49:48 - [TEST_STEP][PASSED] - println(numberOfErrors): null

03-03-2025T13:49:48 - [TEST_STEP][PASSED] - println("a=" + a): null

03-03-2025T13:49:48 - [TEST_STEP][PASSED] - if (a == 28 || a == 77 || a == 74 || a == 65 || a == 36 || a == 44 || a == 54 || a == 1 || a == 18 || a == 59): null

03-03-2025T13:49:48 - [TEST_STEP][PASSED] - if (a == 82): null

03-03-2025T13:49:48 - [TEST_STEP][PASSED] - dZO = "Тулэнерго": null

03-03-2025T13:49:48 - [TEST_STEP][PASSED] - a = 26: null

03-03-2025T13:49:48 - [TEST_STEP][PASSED] - if (x2.contains(dZO)): null

03-03-2025T13:49:48 - [TEST_STEP][PASSED] - filialNum = filialNum + 1: null

03-03-2025T13:49:48 - [TEST_STEP][PASSED] - Script1718980020443.Numbers(a, typeOfData, todaysDate, pageInt, fileInt, pageDouble, fileDouble, dZO, dzoNum, filialNum): null

03-03-2025T13:49:48 - [TEST_STEP][PASSED] - println(dzoNum): null

03-03-2025T13:49:48 - [TEST_STEP][PASSED] - planFact = <not implemented yet for class: org.codehaus.groovy.ast.expr.EmptyExpression>: null

03-03-2025T13:49:48 - [TEST_STEP][PASSED] - page = <not implemented yet for class: org.codehaus.groovy.ast.expr.EmptyExpression>: null

03-03-2025T13:49:48 - [TEST_STEP][PASSED] - page1 = <not implemented yet for class: org.codehaus.groovy.ast.expr.EmptyExpression>: null

03-03-2025T13:49:48 - [TEST_STEP][PASSED] - page2 = <not implemented yet for class: org.codehaus.groovy.ast.expr.EmptyExpression>: null

03-03-2025T13:49:48 - [TEST_STEP][PASSED] - filialNumberInRow = <not implemented yet for class: org.codehaus.groovy.ast.expr.EmptyExpression>: null

03-03-2025T13:49:48 - [TEST_STEP][PASSED] - filialsDzoNames = <not implemented yet for class: org.codehaus.groovy.ast.expr.EmptyExpression>: null

03-03-2025T13:49:48 - [TEST_STEP][PASSED] - numberOfFilials = <not implemented yet for class: org.codehaus.groovy.ast.expr.EmptyExpression>: null

03-03-2025T13:49:48 - [TEST_STEP][PASSED] - numberOfSpaces = <not implemented yet for class: org.codehaus.groovy.ast.expr.EmptyExpression>: null

03-03-2025T13:49:48 - [TEST_STEP][PASSED] - file = <not implemented yet for class: org.codehaus.groovy.ast.expr.EmptyExpression>: null

03-03-2025T13:49:48 - [TEST_STEP][PASSED] - otpusk = <not implemented yet for class: org.codehaus.groovy.ast.expr.EmptyExpression>: null

03-03-2025T13:49:48 - [TEST_STEP][PASSED] - poteri = <not implemented yet for class: org.codehaus.groovy.ast.expr.EmptyExpression>: null

03-03-2025T13:49:48 - [TEST_STEP][PASSED] - dataFolder = "Выполнение бизнес-плана/Значения со страницы Выполнение бизнес-плана/": null

03-03-2025T13:49:48 - [TEST_STEP][PASSED] - path = <not implemented yet for class: org.codehaus.groovy.ast.expr.EmptyExpression>: null

03-03-2025T13:49:48 - [TEST_STEP][PASSED] - typeOfDataMain = <not implemented yet for class: org.codehaus.groovy.ast.expr.EmptyExpression>: null

03-03-2025T13:49:48 - [TEST_STEP][PASSED] - fileOtpuskVSet = <not implemented yet for class: org.codehaus.groovy.ast.expr.EmptyExpression>: null

03-03-2025T13:49:48 - [TEST_STEP][PASSED] - pageOtpuskVSet = <not implemented yet for class: org.codehaus.groovy.ast.expr.EmptyExpression>: null

03-03-2025T13:49:48 - [TEST_STEP][PASSED] - filePoteri = <not implemented yet for class: org.codehaus.groovy.ast.expr.EmptyExpression>: null

03-03-2025T13:49:48 - [TEST_STEP][PASSED] - pagePoteri = <not implemented yet for class: org.codehaus.groovy.ast.expr.EmptyExpression>: null

03-03-2025T13:49:48 - [TEST_STEP][PASSED] - compare = <not implemented yet for class: org.codehaus.groovy.ast.expr.EmptyExpression>: null

03-03-2025T13:49:48 - [TEST_STEP][PASSED] - b = <not implemented yet for class: org.codehaus.groovy.ast.expr.EmptyExpression>: null

03-03-2025T13:49:48 - [TEST_STEP][PASSED] - i = <not implemented yet for class: org.codehaus.groovy.ast.expr.EmptyExpression>: null

03-03-2025T13:49:48 - [TEST_STEP][PASSED] - ii = <not implemented yet for class: org.codehaus.groovy.ast.expr.EmptyExpression>: null

03-03-2025T13:49:48 - [TEST_STEP][PASSED] - c = <not implemented yet for class: org.codehaus.groovy.ast.expr.EmptyExpression>: null

03-03-2025T13:49:48 - [TEST_STEP][PASSED] - numberOfErrors = 0: null

03-03-2025T13:49:48 - [TEST_STEP][PASSED] - if (a == 82): null

03-03-2025T13:49:48 - [TEST_STEP][PASSED] - b = findTestData("PlanFact").getValue(1, a): null

03-03-2025T13:49:48 - [TEST_STEP][PASSED] - i = b.indexOf(" (ГК)"): null

03-03-2025T13:49:48 - [TEST_STEP][PASSED] - if (i > -1): null

03-03-2025T13:49:48 - [TEST_STEP][PASSED] - i = b.indexOf("О ""): null

03-03-2025T13:49:48 - [TEST_STEP][PASSED] - if (i > -1): null

03-03-2025T13:49:48 - [TEST_STEP][PASSED] - i = b.indexOf("О «"): null

03-03-2025T13:49:48 - [TEST_STEP][PASSED] - if (i > -1): null

03-03-2025T13:49:48 - [TEST_STEP][PASSED] - i = b.indexOf("г. "): null

03-03-2025T13:49:48 - [TEST_STEP][PASSED] - if (i > -1): null

03-03-2025T13:49:48 - [TEST_STEP][PASSED] - b = b.trim(): null

03-03-2025T13:49:48 - [TEST_STEP][PASSED] - println(b): null

03-03-2025T13:49:48 - [TEST_STEP][PASSED] - for ([planFact = 1, planFact < 3, (planFact++)]): null

03-03-2025T13:49:48 - [TEST_STEP][PASSED] - if (planFact == 1): null

03-03-2025T13:49:48 - [TEST_STEP][PASSED] - typeOfDataMain = "Факт": null

03-03-2025T13:49:48 - [TEST_STEP][PASSED] - otpusk = findTestData("PlanFact").getValue(5, a): null

03-03-2025T13:49:48 - [TEST_STEP][PASSED] - poteri = findTestData("PlanFact").getValue(6, a): null

03-03-2025T13:49:48 - [TEST_STEP][PASSED] - otpusk = otpusk.replaceAll("\s+", ""): null

03-03-2025T13:49:48 - [TEST_STEP][PASSED] - poteri = poteri.replaceAll("\s+", ""): null

03-03-2025T13:49:48 - [TEST_STEP][PASSED] - typeOfData = typeOfDataMain + " Отпуск в сеть": null

03-03-2025T13:49:48 - [TEST_STEP][PASSED] - if (a == 82): null

03-03-2025T13:49:48 - [TEST_STEP][PASSED] - else if (a == 84): null

03-03-2025T13:49:48 - [TEST_STEP][PASSED] - else if (a == 83 || a == 52 || a == 72 || a == 28 || a == 73 || a == 77 || a == 74 || a == 65 || a == 36 || a == 44 || a == 53 || a == 80 || a == 54 || a == 1 || a == 18 || a == 59 || a == 81): null

03-03-2025T13:49:48 - [TEST_STEP][PASSED] - else: null

03-03-2025T13:49:48 - [TEST_STEP][PASSED] - path = dataFolder + typeOfData + " за отчётный период " + b: null

03-03-2025T13:49:48 - [TEST_STEP][PASSED] - println(path): null

03-03-2025T13:49:48 - [TEST_STEP][PASSED] - page = getText(findTestObject(path)): Text of object 'Object Repository/Выполнение бизнес-плана/Значения со страницы Выполнение бизнес-плана/Факт Отпуск в сеть за отчётный период Тулэнерго' is: '635 982'

03-03-2025T13:49:49 - [MESSAGE][PASSED] - Text of object 'Object Repository/Выполнение бизнес-плана/Значения со страницы Выполнение бизнес-плана/Факт Отпуск в сеть за отчётный период Тулэнерго' is: '635 982'

03-03-2025T13:49:49 - [TEST_STEP][PASSED] - if (page == "" || page == null): null

03-03-2025T13:49:49 - [TEST_STEP][PASSED] - else: null

03-03-2025T13:49:49 - [TEST_STEP][PASSED] - page = page.replaceAll("\s+", ""): null

03-03-2025T13:49:49 - [TEST_STEP][PASSED] - fileOtpuskVSet = otpusk.toInteger(): null

03-03-2025T13:49:49 - [TEST_STEP][PASSED] - pageOtpuskVSet = page.toInteger(): null

03-03-2025T13:49:49 - [TEST_STEP][PASSED] - typeOfData = typeOfDataMain + " Потери": null

03-03-2025T13:49:49 - [TEST_STEP][PASSED] - if (a == 82): null

03-03-2025T13:49:49 - [TEST_STEP][PASSED] - else if (a == 84): null

03-03-2025T13:49:49 - [TEST_STEP][PASSED] - else if (a == 83 || a == 52 || a == 72 || a == 28 || a == 73 || a == 77 || a == 74 || a == 65 || a == 44 || a == 53 || a == 80 || a == 54 || a == 1 || a == 18 || a == 59 || a == 81): null

03-03-2025T13:49:49 - [TEST_STEP][PASSED] - else: null

03-03-2025T13:49:49 - [TEST_STEP][PASSED] - path = dataFolder + typeOfData + " за отчётный период " + b: null

03-03-2025T13:49:49 - [TEST_STEP][PASSED] - page = getText(findTestObject(path)): Text of object 'Object Repository/Выполнение бизнес-плана/Значения со страницы Выполнение бизнес-плана/Факт Потери за отчётный период Тулэнерго' is: '73 021'

03-03-2025T13:49:49 - [MESSAGE][PASSED] - Text of object 'Object Repository/Выполнение бизнес-плана/Значения со страницы Выполнение бизнес-плана/Факт Потери за отчётный период Тулэнерго' is: '73 021'

03-03-2025T13:49:49 - [TEST_STEP][PASSED] - if (page == "" || page == null): null

03-03-2025T13:49:49 - [TEST_STEP][PASSED] - else: null

03-03-2025T13:49:49 - [TEST_STEP][PASSED] - page = page.replaceAll("\s+", ""): null

03-03-2025T13:49:49 - [TEST_STEP][PASSED] - filePoteri = poteri.toInteger(): null

03-03-2025T13:49:49 - [TEST_STEP][PASSED] - pagePoteri = page.toInteger(): null

03-03-2025T13:49:49 - [TEST_STEP][PASSED] - compare = pageOtpuskVSet: null

03-03-2025T13:49:49 - [TEST_STEP][PASSED] - if (pageOtpuskVSet != null): null

03-03-2025T13:49:49 - [TEST_STEP][PASSED] - if (compare == fileOtpuskVSet): null

03-03-2025T13:49:49 - [TEST_STEP][PASSED] - else if (compare > fileOtpuskVSet): null

03-03-2025T13:49:49 - [TEST_STEP][PASSED] - else if (compare < fileOtpuskVSet): null

03-03-2025T13:49:49 - [TEST_STEP][PASSED] - compare = compare + 1: null

03-03-2025T13:49:49 - [TEST_STEP][PASSED] - if (compare == fileOtpuskVSet): null

03-03-2025T13:49:49 - [TEST_STEP][PASSED] - else: null

03-03-2025T13:49:49 - [TEST_STEP][PASSED] - numberOfErrors = numberOfErrors + 1: null

03-03-2025T13:49:49 - [TEST_STEP][PASSED] - pageInt = pageOtpuskVSet: null

03-03-2025T13:49:49 - [TEST_STEP][PASSED] - fileInt = fileOtpuskVSet: null

03-03-2025T13:49:49 - [TEST_STEP][PASSED] - typeOfData = typeOfDataMain + " Отпуск в сеть": null

03-03-2025T13:49:49 - [TEST_STEP][PASSED] - Script1718980020443.WriteToExcel(a, typeOfData, todaysDate, pageInt, fileInt, pageDouble, fileDouble, dZO): null

03-03-2025T13:49:49 - [TEST_STEP][PASSED] - sheetName = "Sheet1": null

03-03-2025T13:49:49 - [TEST_STEP][PASSED] - data = findTestData("PlanFact"): null

03-03-2025T13:49:49 - [TEST_STEP][PASSED] - n = data.getRowNumbers() + 1: null

03-03-2025T13:49:49 - [TEST_STEP][PASSED] - day = ")).toInteger(): null

03-03-2025T13:49:49 - [TEST_STEP][PASSED] - println(day): null

03-03-2025T13:49:49 - [TEST_STEP][PASSED] - month = ")).toInteger(): null

03-03-2025T13:49:49 - [TEST_STEP][PASSED] - println(month): null

03-03-2025T13:49:49 - [TEST_STEP][PASSED] - y = <not implemented yet for class: org.codehaus.groovy.ast.expr.EmptyExpression>: null

03-03-2025T13:49:49 - [TEST_STEP][PASSED] - iy = <not implemented yet for class: org.codehaus.groovy.ast.expr.EmptyExpression>: null

03-03-2025T13:49:49 - [TEST_STEP][PASSED] - m = getText(findTestObject("Выполнение бизнес-плана/Период")): Text of object 'Object Repository/Выполнение бизнес-плана/Период' is: '2024 год'

03-03-2025T13:49:49 - [MESSAGE][PASSED] - Text of object 'Object Repository/Выполнение бизнес-плана/Период' is: '2024 год'

03-03-2025T13:49:49 - [TEST_STEP][PASSED] - iy = m.indexOf("20"): null

03-03-2025T13:49:49 - [TEST_STEP][PASSED] - if (iy > -1): null

03-03-2025T13:49:49 - [TEST_STEP][PASSED] - y = substring(iy, iy + 4).toInteger(): null

03-03-2025T13:49:49 - [TEST_STEP][PASSED] - println(y): null

03-03-2025T13:49:49 - [TEST_STEP][PASSED] - if (toString().length() == 4): null

03-03-2025T13:49:49 - [TEST_STEP][PASSED] - m = m.substring(0, m.indexOf(y.toString())): null

03-03-2025T13:49:49 - [TEST_STEP][PASSED] - m = m.trim(): null

03-03-2025T13:49:49 - [TEST_STEP][PASSED] - if (m == ""): null

03-03-2025T13:49:49 - [TEST_STEP][PASSED] - m = "весь год": null

03-03-2025T13:49:49 - [TEST_STEP][PASSED] - dashboardName = "Выполнение бизнес-плана": null

03-03-2025T13:49:49 - [TEST_STEP][PASSED] - workbook01 = getWorkbook(excelFilePath): null

03-03-2025T13:49:49 - [TEST_STEP][PASSED] - sheet01 = getExcelSheet(workbook01, sheetName): null

03-03-2025T13:49:49 - [TEST_STEP][PASSED] - setValueToCellByIndex(sheet01, n, 0, dashboardName): null

03-03-2025T13:49:49 - [TEST_STEP][PASSED] - setValueToCellByIndex(sheet01, n, 1, dZO): null

03-03-2025T13:49:49 - [TEST_STEP][PASSED] - setValueToCellByIndex(sheet01, n, 2, typeOfData): null

03-03-2025T13:49:49 - [TEST_STEP][PASSED] - if (typeOfData == "Факт в процентах" || typeOfData == "План в процентах"): null

03-03-2025T13:49:49 - [TEST_STEP][PASSED] - else: null

03-03-2025T13:49:49 - [TEST_STEP][PASSED] - setValueToCellByIndex(sheet01, n, 3, fileInt): null

03-03-2025T13:49:49 - [TEST_STEP][PASSED] - setValueToCellByIndex(sheet01, n, 4, pageInt): null

03-03-2025T13:49:49 - [TEST_STEP][PASSED] - setValueToCellByIndex(sheet01, n, 5, m): null

03-03-2025T13:49:49 - [TEST_STEP][PASSED] - setValueToCellByIndex(sheet01, n, 6, y): null

03-03-2025T13:49:49 - [TEST_STEP][PASSED] - setValueToCellByIndex(sheet01, n, 7, todaysDate): null

03-03-2025T13:49:49 - [TEST_STEP][PASSED] - n = n + 1: null

03-03-2025T13:49:49 - [TEST_STEP][PASSED] - saveWorkbook(excelFilePath, workbook01): null

03-03-2025T13:49:49 - [TEST_STEP][PASSED] - compare = pagePoteri: null

03-03-2025T13:49:49 - [TEST_STEP][PASSED] - if (pageOtpuskVSet != null): null

03-03-2025T13:49:49 - [TEST_STEP][PASSED] - if (compare == filePoteri): null

03-03-2025T13:49:49 - [TEST_STEP][PASSED] - else if (compare > filePoteri): null

03-03-2025T13:49:49 - [TEST_STEP][PASSED] - else if (compare < filePoteri): null

03-03-2025T13:49:49 - [TEST_STEP][PASSED] - compare = compare + 1: null

03-03-2025T13:49:49 - [TEST_STEP][PASSED] - if (compare == filePoteri): null

03-03-2025T13:49:49 - [TEST_STEP][PASSED] - else: null

03-03-2025T13:49:49 - [TEST_STEP][PASSED] - numberOfErrors = numberOfErrors + 1: null

03-03-2025T13:49:49 - [TEST_STEP][PASSED] - pageInt = pagePoteri: null

03-03-2025T13:49:49 - [TEST_STEP][PASSED] - fileInt = filePoteri: null

03-03-2025T13:49:49 - [TEST_STEP][PASSED] - typeOfData = typeOfDataMain + " Потери": null

03-03-2025T13:49:49 - [TEST_STEP][PASSED] - Script1718980020443.WriteToExcel(a, typeOfData, todaysDate, pageInt, fileInt, pageDouble, fileDouble, dZO): null

03-03-2025T13:49:49 - [TEST_STEP][PASSED] - sheetName = "Sheet1": null

03-03-2025T13:49:49 - [TEST_STEP][PASSED] - data = findTestData("PlanFact"): null

03-03-2025T13:49:50 - [TEST_STEP][PASSED] - n = data.getRowNumbers() + 1: null

03-03-2025T13:49:50 - [TEST_STEP][PASSED] - day = ")).toInteger(): null

03-03-2025T13:49:50 - [TEST_STEP][PASSED] - println(day): null

03-03-2025T13:49:50 - [TEST_STEP][PASSED] - month = ")).toInteger(): null

03-03-2025T13:49:50 - [TEST_STEP][PASSED] - println(month): null

03-03-2025T13:49:50 - [TEST_STEP][PASSED] - y = <not implemented yet for class: org.codehaus.groovy.ast.expr.EmptyExpression>: null

03-03-2025T13:49:50 - [TEST_STEP][PASSED] - iy = <not implemented yet for class: org.codehaus.groovy.ast.expr.EmptyExpression>: null

03-03-2025T13:49:50 - [TEST_STEP][PASSED] - m = getText(findTestObject("Выполнение бизнес-плана/Период")): Text of object 'Object Repository/Выполнение бизнес-плана/Период' is: '2024 год'

03-03-2025T13:49:50 - [MESSAGE][PASSED] - Text of object 'Object Repository/Выполнение бизнес-плана/Период' is: '2024 год'

03-03-2025T13:49:50 - [TEST_STEP][PASSED] - iy = m.indexOf("20"): null

03-03-2025T13:49:50 - [TEST_STEP][PASSED] - if (iy > -1): null

03-03-2025T13:49:50 - [TEST_STEP][PASSED] - y = substring(iy, iy + 4).toInteger(): null

03-03-2025T13:49:50 - [TEST_STEP][PASSED] - println(y): null

03-03-2025T13:49:50 - [TEST_STEP][PASSED] - if (toString().length() == 4): null

03-03-2025T13:49:50 - [TEST_STEP][PASSED] - m = m.substring(0, m.indexOf(y.toString())): null

03-03-2025T13:49:50 - [TEST_STEP][PASSED] - m = m.trim(): null

03-03-2025T13:49:50 - [TEST_STEP][PASSED] - if (m == ""): null

03-03-2025T13:49:50 - [TEST_STEP][PASSED] - m = "весь год": null

03-03-2025T13:49:50 - [TEST_STEP][PASSED] - dashboardName = "Выполнение бизнес-плана": null

03-03-2025T13:49:50 - [TEST_STEP][PASSED] - workbook01 = getWorkbook(excelFilePath): null

03-03-2025T13:49:50 - [TEST_STEP][PASSED] - sheet01 = getExcelSheet(workbook01, sheetName): null

03-03-2025T13:49:50 - [TEST_STEP][PASSED] - setValueToCellByIndex(sheet01, n, 0, dashboardName): null

03-03-2025T13:49:50 - [TEST_STEP][PASSED] - setValueToCellByIndex(sheet01, n, 1, dZO): null

03-03-2025T13:49:50 - [TEST_STEP][PASSED] - setValueToCellByIndex(sheet01, n, 2, typeOfData): null

03-03-2025T13:49:50 - [TEST_STEP][PASSED] - if (typeOfData == "Факт в процентах" || typeOfData == "План в процентах"): null

03-03-2025T13:49:50 - [TEST_STEP][PASSED] - else: null

03-03-2025T13:49:50 - [TEST_STEP][PASSED] - setValueToCellByIndex(sheet01, n, 3, fileInt): null

03-03-2025T13:49:50 - [TEST_STEP][PASSED] - setValueToCellByIndex(sheet01, n, 4, pageInt): null

03-03-2025T13:49:50 - [TEST_STEP][PASSED] - setValueToCellByIndex(sheet01, n, 5, m): null

03-03-2025T13:49:50 - [TEST_STEP][PASSED] - setValueToCellByIndex(sheet01, n, 6, y): null

03-03-2025T13:49:50 - [TEST_STEP][PASSED] - setValueToCellByIndex(sheet01, n, 7, todaysDate): null

03-03-2025T13:49:50 - [TEST_STEP][PASSED] - n = n + 1: null

03-03-2025T13:49:50 - [TEST_STEP][PASSED] - saveWorkbook(excelFilePath, workbook01): null

03-03-2025T13:49:50 - [TEST_STEP][PASSED] - if (planFact == 2): null

03-03-2025T13:49:50 - [TEST_STEP][PASSED] - if (planFact == 1): null

03-03-2025T13:49:50 - [TEST_STEP][PASSED] - else if (planFact == 2): null

03-03-2025T13:49:50 - [TEST_STEP][PASSED] - click(findTestObject("Выполнение бизнес-плана/Кнопка План")): Object: 'Object Repository/Выполнение бизнес-плана/Кнопка План' is clicked on

03-03-2025T13:49:50 - [MESSAGE][PASSED] - Object: 'Object Repository/Выполнение бизнес-плана/Кнопка План' is clicked on

03-03-2025T13:49:50 - [TEST_STEP][PASSED] - typeOfDataMain = "План": null

03-03-2025T13:49:50 - [TEST_STEP][PASSED] - otpusk = findTestData("PlanFact").getValue(2, a): null

03-03-2025T13:49:51 - [TEST_STEP][PASSED] - poteri = findTestData("PlanFact").getValue(3, a): null

03-03-2025T13:49:51 - [TEST_STEP][PASSED] - otpusk = otpusk.replaceAll("\s+", ""): null

03-03-2025T13:49:51 - [TEST_STEP][PASSED] - poteri = poteri.replaceAll("\s+", ""): null

03-03-2025T13:49:51 - [TEST_STEP][PASSED] - typeOfData = typeOfDataMain + " Отпуск в сеть": null

03-03-2025T13:49:51 - [TEST_STEP][PASSED] - if (a == 82): null

03-03-2025T13:49:51 - [TEST_STEP][PASSED] - else if (a == 84): null

03-03-2025T13:49:51 - [TEST_STEP][PASSED] - else if (a == 83 || a == 52 || a == 72 || a == 28 || a == 73 || a == 77 || a == 74 || a == 65 || a == 36 || a == 44 || a == 53 || a == 80 || a == 54 || a == 1 || a == 18 || a == 59 || a == 81): null

03-03-2025T13:49:51 - [TEST_STEP][PASSED] - else: null

03-03-2025T13:49:51 - [TEST_STEP][PASSED] - path = dataFolder + typeOfData + " за отчётный период " + b: null

03-03-2025T13:49:51 - [TEST_STEP][PASSED] - println(path): null

03-03-2025T13:49:51 - [TEST_STEP][PASSED] - page = getText(findTestObject(path)): Text of object 'Object Repository/Выполнение бизнес-плана/Значения со страницы Выполнение бизнес-плана/План Отпуск в сеть за отчётный период Тулэнерго' is: '605 381'

03-03-2025T13:49:51 - [MESSAGE][PASSED] - Text of object 'Object Repository/Выполнение бизнес-плана/Значения со страницы Выполнение бизнес-плана/План Отпуск в сеть за отчётный период Тулэнерго' is: '605 381'

03-03-2025T13:49:51 - [TEST_STEP][PASSED] - if (page == "" || page == null): null

03-03-2025T13:49:51 - [TEST_STEP][PASSED] - else: null

03-03-2025T13:49:51 - [TEST_STEP][PASSED] - page = page.replaceAll("\s+", ""): null

03-03-2025T13:49:51 - [TEST_STEP][PASSED] - fileOtpuskVSet = otpusk.toInteger(): null

03-03-2025T13:49:51 - [TEST_STEP][PASSED] - pageOtpuskVSet = page.toInteger(): null

03-03-2025T13:49:51 - [TEST_STEP][PASSED] - typeOfData = typeOfDataMain + " Потери": null

03-03-2025T13:49:51 - [TEST_STEP][PASSED] - if (a == 82): null

03-03-2025T13:49:51 - [TEST_STEP][PASSED] - else if (a == 84): null

03-03-2025T13:49:51 - [TEST_STEP][PASSED] - else if (a == 83 || a == 52 || a == 72 || a == 28 || a == 73 || a == 77 || a == 74 || a == 65 || a == 44 || a == 53 || a == 80 || a == 54 || a == 1 || a == 18 || a == 59 || a == 81): null

03-03-2025T13:49:51 - [TEST_STEP][PASSED] - else: null

03-03-2025T13:49:51 - [TEST_STEP][PASSED] - path = dataFolder + typeOfData + " за отчётный период " + b: null

03-03-2025T13:49:51 - [TEST_STEP][PASSED] - page = getText(findTestObject(path)): Text of object 'Object Repository/Выполнение бизнес-плана/Значения со страницы Выполнение бизнес-плана/План Потери за отчётный период Тулэнерго' is: '53 329'

03-03-2025T13:49:51 - [MESSAGE][PASSED] - Text of object 'Object Repository/Выполнение бизнес-плана/Значения со страницы Выполнение бизнес-плана/План Потери за отчётный период Тулэнерго' is: '53 329'

03-03-2025T13:49:51 - [TEST_STEP][PASSED] - if (page == "" || page == null): null

03-03-2025T13:49:51 - [TEST_STEP][PASSED] - else: null

03-03-2025T13:49:51 - [TEST_STEP][PASSED] - page = page.replaceAll("\s+", ""): null

03-03-2025T13:49:51 - [TEST_STEP][PASSED] - filePoteri = poteri.toInteger(): null

03-03-2025T13:49:51 - [TEST_STEP][PASSED] - pagePoteri = page.toInteger(): null

03-03-2025T13:49:51 - [TEST_STEP][PASSED] - compare = pageOtpuskVSet: null

03-03-2025T13:49:51 - [TEST_STEP][PASSED] - if (pageOtpuskVSet != null): null

03-03-2025T13:49:51 - [TEST_STEP][PASSED] - if (compare == fileOtpuskVSet): null

03-03-2025T13:49:51 - [TEST_STEP][PASSED] - else if (compare > fileOtpuskVSet): null

03-03-2025T13:49:51 - [TEST_STEP][PASSED] - else if (compare < fileOtpuskVSet): null

03-03-2025T13:49:51 - [TEST_STEP][PASSED] - compare = compare + 1: null

03-03-2025T13:49:51 - [TEST_STEP][PASSED] - if (compare == fileOtpuskVSet): null

03-03-2025T13:49:51 - [TEST_STEP][PASSED] - else: null

03-03-2025T13:49:51 - [TEST_STEP][PASSED] - numberOfErrors = numberOfErrors + 1: null

03-03-2025T13:49:51 - [TEST_STEP][PASSED] - pageInt = pageOtpuskVSet: null

03-03-2025T13:49:51 - [TEST_STEP][PASSED] - fileInt = fileOtpuskVSet: null

03-03-2025T13:49:51 - [TEST_STEP][PASSED] - typeOfData = typeOfDataMain + " Отпуск в сеть": null

03-03-2025T13:49:51 - [TEST_STEP][PASSED] - Script1718980020443.WriteToExcel(a, typeOfData, todaysDate, pageInt, fileInt, pageDouble, fileDouble, dZO): null

03-03-2025T13:49:51 - [TEST_STEP][PASSED] - sheetName = "Sheet1": null

03-03-2025T13:49:51 - [TEST_STEP][PASSED] - data = findTestData("PlanFact"): null

03-03-2025T13:49:51 - [TEST_STEP][PASSED] - n = data.getRowNumbers() + 1: null

03-03-2025T13:49:51 - [TEST_STEP][PASSED] - day = ")).toInteger(): null

03-03-2025T13:49:51 - [TEST_STEP][PASSED] - println(day): null

03-03-2025T13:49:51 - [TEST_STEP][PASSED] - month = ")).toInteger(): null

03-03-2025T13:49:51 - [TEST_STEP][PASSED] - println(month): null

03-03-2025T13:49:51 - [TEST_STEP][PASSED] - y = <not implemented yet for class: org.codehaus.groovy.ast.expr.EmptyExpression>: null

03-03-2025T13:49:51 - [TEST_STEP][PASSED] - iy = <not implemented yet for class: org.codehaus.groovy.ast.expr.EmptyExpression>: null

03-03-2025T13:49:51 - [TEST_STEP][PASSED] - m = getText(findTestObject("Выполнение бизнес-плана/Период")): Text of object 'Object Repository/Выполнение бизнес-плана/Период' is: '2024 год'

03-03-2025T13:49:52 - [MESSAGE][PASSED] - Text of object 'Object Repository/Выполнение бизнес-плана/Период' is: '2024 год'

03-03-2025T13:49:52 - [TEST_STEP][PASSED] - iy = m.indexOf("20"): null

03-03-2025T13:49:52 - [TEST_STEP][PASSED] - if (iy > -1): null

03-03-2025T13:49:52 - [TEST_STEP][PASSED] - y = substring(iy, iy + 4).toInteger(): null

03-03-2025T13:49:52 - [TEST_STEP][PASSED] - println(y): null

03-03-2025T13:49:52 - [TEST_STEP][PASSED] - if (toString().length() == 4): null

03-03-2025T13:49:52 - [TEST_STEP][PASSED] - m = m.substring(0, m.indexOf(y.toString())): null

03-03-2025T13:49:52 - [TEST_STEP][PASSED] - m = m.trim(): null

03-03-2025T13:49:52 - [TEST_STEP][PASSED] - if (m == ""): null

03-03-2025T13:49:52 - [TEST_STEP][PASSED] - m = "весь год": null

03-03-2025T13:49:52 - [TEST_STEP][PASSED] - dashboardName = "Выполнение бизнес-плана": null

03-03-2025T13:49:52 - [TEST_STEP][PASSED] - workbook01 = getWorkbook(excelFilePath): null

03-03-2025T13:49:52 - [TEST_STEP][PASSED] - sheet01 = getExcelSheet(workbook01, sheetName): null

03-03-2025T13:49:52 - [TEST_STEP][PASSED] - setValueToCellByIndex(sheet01, n, 0, dashboardName): null

03-03-2025T13:49:52 - [TEST_STEP][PASSED] - setValueToCellByIndex(sheet01, n, 1, dZO): null

03-03-2025T13:49:52 - [TEST_STEP][PASSED] - setValueToCellByIndex(sheet01, n, 2, typeOfData): null

03-03-2025T13:49:52 - [TEST_STEP][PASSED] - if (typeOfData == "Факт в процентах" || typeOfData == "План в процентах"): null

03-03-2025T13:49:52 - [TEST_STEP][PASSED] - else: null

03-03-2025T13:49:52 - [TEST_STEP][PASSED] - setValueToCellByIndex(sheet01, n, 3, fileInt): null

03-03-2025T13:49:52 - [TEST_STEP][PASSED] - setValueToCellByIndex(sheet01, n, 4, pageInt): null

03-03-2025T13:49:52 - [TEST_STEP][PASSED] - setValueToCellByIndex(sheet01, n, 5, m): null

03-03-2025T13:49:52 - [TEST_STEP][PASSED] - setValueToCellByIndex(sheet01, n, 6, y): null

03-03-2025T13:49:52 - [TEST_STEP][PASSED] - setValueToCellByIndex(sheet01, n, 7, todaysDate): null

03-03-2025T13:49:52 - [TEST_STEP][PASSED] - n = n + 1: null

03-03-2025T13:49:52 - [TEST_STEP][PASSED] - saveWorkbook(excelFilePath, workbook01): null

03-03-2025T13:49:52 - [TEST_STEP][PASSED] - compare = pagePoteri: null

03-03-2025T13:49:52 - [TEST_STEP][PASSED] - if (pageOtpuskVSet != null): null

03-03-2025T13:49:52 - [TEST_STEP][PASSED] - if (compare == filePoteri): null

03-03-2025T13:49:52 - [TEST_STEP][PASSED] - else if (compare > filePoteri): null

03-03-2025T13:49:52 - [TEST_STEP][PASSED] - else if (compare < filePoteri): null

03-03-2025T13:49:52 - [TEST_STEP][PASSED] - compare = compare + 1: null

03-03-2025T13:49:52 - [TEST_STEP][PASSED] - if (compare == filePoteri): null

03-03-2025T13:49:52 - [TEST_STEP][PASSED] - else: null

03-03-2025T13:49:52 - [TEST_STEP][PASSED] - numberOfErrors = numberOfErrors + 1: null

03-03-2025T13:49:52 - [TEST_STEP][PASSED] - pageInt = pagePoteri: null

03-03-2025T13:49:52 - [TEST_STEP][PASSED] - fileInt = filePoteri: null

03-03-2025T13:49:52 - [TEST_STEP][PASSED] - typeOfData = typeOfDataMain + " Потери": null

03-03-2025T13:49:52 - [TEST_STEP][PASSED] - Script1718980020443.WriteToExcel(a, typeOfData, todaysDate, pageInt, fileInt, pageDouble, fileDouble, dZO): null

03-03-2025T13:49:52 - [TEST_STEP][PASSED] - sheetName = "Sheet1": null

03-03-2025T13:49:52 - [TEST_STEP][PASSED] - data = findTestData("PlanFact"): null

03-03-2025T13:49:52 - [TEST_STEP][PASSED] - n = data.getRowNumbers() + 1: null

03-03-2025T13:49:52 - [TEST_STEP][PASSED] - day = ")).toInteger(): null

03-03-2025T13:49:52 - [TEST_STEP][PASSED] - println(day): null

03-03-2025T13:49:52 - [TEST_STEP][PASSED] - month = ")).toInteger(): null

03-03-2025T13:49:52 - [TEST_STEP][PASSED] - println(month): null

03-03-2025T13:49:52 - [TEST_STEP][PASSED] - y = <not implemented yet for class: org.codehaus.groovy.ast.expr.EmptyExpression>: null

03-03-2025T13:49:52 - [TEST_STEP][PASSED] - iy = <not implemented yet for class: org.codehaus.groovy.ast.expr.EmptyExpression>: null

03-03-2025T13:49:52 - [TEST_STEP][PASSED] - m = getText(findTestObject("Выполнение бизнес-плана/Период")): Text of object 'Object Repository/Выполнение бизнес-плана/Период' is: '2024 год'

03-03-2025T13:49:52 - [MESSAGE][PASSED] - Text of object 'Object Repository/Выполнение бизнес-плана/Период' is: '2024 год'

03-03-2025T13:49:52 - [TEST_STEP][PASSED] - iy = m.indexOf("20"): null

03-03-2025T13:49:52 - [TEST_STEP][PASSED] - if (iy > -1): null

03-03-2025T13:49:52 - [TEST_STEP][PASSED] - y = substring(iy, iy + 4).toInteger(): null

03-03-2025T13:49:52 - [TEST_STEP][PASSED] - println(y): null

03-03-2025T13:49:52 - [TEST_STEP][PASSED] - if (toString().length() == 4): null

03-03-2025T13:49:52 - [TEST_STEP][PASSED] - m = m.substring(0, m.indexOf(y.toString())): null

03-03-2025T13:49:52 - [TEST_STEP][PASSED] - m = m.trim(): null

03-03-2025T13:49:52 - [TEST_STEP][PASSED] - if (m == ""): null

03-03-2025T13:49:52 - [TEST_STEP][PASSED] - m = "весь год": null

03-03-2025T13:49:52 - [TEST_STEP][PASSED] - dashboardName = "Выполнение бизнес-плана": null

03-03-2025T13:49:52 - [TEST_STEP][PASSED] - workbook01 = getWorkbook(excelFilePath): null

03-03-2025T13:49:52 - [TEST_STEP][PASSED] - sheet01 = getExcelSheet(workbook01, sheetName): null

03-03-2025T13:49:52 - [TEST_STEP][PASSED] - setValueToCellByIndex(sheet01, n, 0, dashboardName): null

03-03-2025T13:49:52 - [TEST_STEP][PASSED] - setValueToCellByIndex(sheet01, n, 1, dZO): null

03-03-2025T13:49:52 - [TEST_STEP][PASSED] - setValueToCellByIndex(sheet01, n, 2, typeOfData): null

03-03-2025T13:49:52 - [TEST_STEP][PASSED] - if (typeOfData == "Факт в процентах" || typeOfData == "План в процентах"): null

03-03-2025T13:49:52 - [TEST_STEP][PASSED] - else: null

03-03-2025T13:49:52 - [TEST_STEP][PASSED] - setValueToCellByIndex(sheet01, n, 3, fileInt): null

03-03-2025T13:49:52 - [TEST_STEP][PASSED] - setValueToCellByIndex(sheet01, n, 4, pageInt): null

03-03-2025T13:49:52 - [TEST_STEP][PASSED] - setValueToCellByIndex(sheet01, n, 5, m): null

03-03-2025T13:49:52 - [TEST_STEP][PASSED] - setValueToCellByIndex(sheet01, n, 6, y): null

03-03-2025T13:49:52 - [TEST_STEP][PASSED] - setValueToCellByIndex(sheet01, n, 7, todaysDate): null

03-03-2025T13:49:52 - [TEST_STEP][PASSED] - n = n + 1: null

03-03-2025T13:49:52 - [TEST_STEP][PASSED] - saveWorkbook(excelFilePath, workbook01): Object: 'Object Repository/Выполнение бизнес-плана/Кнопка Факт' is clicked on

03-03-2025T13:49:53 - [TEST_STEP][PASSED] - if (planFact == 2): Object: 'Object Repository/Выполнение бизнес-плана/Кнопка Факт' is clicked on

03-03-2025T13:49:53 - [TEST_STEP][PASSED] - click(findTestObject("Выполнение бизнес-плана/Кнопка Факт")): Object: 'Object Repository/Выполнение бизнес-плана/Кнопка Факт' is clicked on

03-03-2025T13:49:53 - [MESSAGE][PASSED] - Object: 'Object Repository/Выполнение бизнес-плана/Кнопка Факт' is clicked on

03-03-2025T13:49:53 - [TEST_STEP][PASSED] - println("a=" + a): null

03-03-2025T13:49:53 - [TEST_STEP][PASSED] - if (a == 84 || a == 82): null

03-03-2025T13:49:53 - [TEST_STEP][PASSED] - else if (a == 83 || a == 52 || a == 72 || a == 28 || a == 73 || a == 77 || a == 74 || a == 65 || a == 36 || a == 44 || a == 53 || a == 80 || a == 54 || a == 1 || a == 18 || a == 59 || a == 81): null

03-03-2025T13:49:53 - [TEST_STEP][PASSED] - else: null

03-03-2025T13:49:53 - [TEST_STEP][PASSED] - page1 = getText(findTestObject("Object Repository/Выполнение бизнес-плана/spanPlan" + filialNum)): Text of object 'Object Repository/Выполнение бизнес-плана/spanPlan8' is: '8.02
|'

03-03-2025T13:49:53 - [MESSAGE][PASSED] - Text of object 'Object Repository/Выполнение бизнес-плана/spanPlan8' is: '8.02
|'

03-03-2025T13:49:53 - [TEST_STEP][PASSED] - page1 = page1.replace("|", ""): null

03-03-2025T13:49:53 - [TEST_STEP][PASSED] - page2 = getText(findTestObject("Object Repository/Выполнение бизнес-плана/spanFact" + filialNum)): Text of object 'Object Repository/Выполнение бизнес-плана/spanFact8' is: '7.85
|'

03-03-2025T13:49:53 - [MESSAGE][PASSED] - Text of object 'Object Repository/Выполнение бизнес-плана/spanFact8' is: '7.85
|'

03-03-2025T13:49:53 - [TEST_STEP][PASSED] - page2 = page2.replace("|", ""): null

03-03-2025T13:49:53 - [TEST_STEP][PASSED] - println("page1: " + page1): null

03-03-2025T13:49:53 - [TEST_STEP][PASSED] - println("page2: " + page2): null

03-03-2025T13:49:53 - [TEST_STEP][PASSED] - file = findTestData("PlanFact").getValue(4, a): null

03-03-2025T13:49:53 - [TEST_STEP][PASSED] - file = file.replace(",", "."): null

03-03-2025T13:49:53 - [TEST_STEP][PASSED] - println("file Plan: " + file): null

03-03-2025T13:49:53 - [TEST_STEP][PASSED] - typeOfData = "План в процентах": null

03-03-2025T13:49:53 - [TEST_STEP][PASSED] - fileDouble = file.toDouble(): null

03-03-2025T13:49:53 - [TEST_STEP][PASSED] - pageDouble = page1.toDouble(): null

03-03-2025T13:49:53 - [TEST_STEP][PASSED] - if (fileDouble != pageDouble): null

03-03-2025T13:49:53 - [TEST_STEP][PASSED] - file = findTestData("PlanFact").getValue(7, a): null

03-03-2025T13:49:54 - [TEST_STEP][PASSED] - file = file.replace(",", "."): null

03-03-2025T13:49:54 - [TEST_STEP][PASSED] - println("file Fact: " + file): null

03-03-2025T13:49:54 - [TEST_STEP][PASSED] - fileDouble = file.toDouble(): null

03-03-2025T13:49:54 - [TEST_STEP][PASSED] - typeOfData = "Факт в процентах": null

03-03-2025T13:49:54 - [TEST_STEP][PASSED] - fileDouble = file.toDouble(): null

03-03-2025T13:49:54 - [TEST_STEP][PASSED] - pageDouble = page2.toDouble(): null

03-03-2025T13:49:54 - [TEST_STEP][PASSED] - if (fileDouble != pageDouble): null

03-03-2025T13:49:54 - [TEST_STEP][FAILED] - if (verifyEqual(numberOfErrors, 0) == false): null

03-03-2025T13:49:54 - [MESSAGE][FAILED] - Unable to verify equal between actual object '4' and expected object '0' (Root cause: com.kms.katalon.core.exception.StepFailedException: Actual object '4' and expected object '0' are not equal
	at com.kms.katalon.core.keyword.builtin.VerifyEqualKeyword$_verifyEqual_closure1.doCall(VerifyEqualKeyword.groovy:58)
	at com.kms.katalon.core.keyword.builtin.VerifyEqualKeyword$_verifyEqual_closure1.call(VerifyEqualKeyword.groovy)
	at com.kms.katalon.core.keyword.internal.KeywordMain.runKeyword(KeywordMain.groovy:75)
	at com.kms.katalon.core.keyword.builtin.VerifyEqualKeyword.verifyEqual(VerifyEqualKeyword.groovy:63)
	at com.kms.katalon.core.keyword.builtin.VerifyEqualKeyword.execute(VerifyEqualKeyword.groovy:44)
	at com.kms.katalon.core.keyword.internal.KeywordExecutor.executeKeywordForPlatform(KeywordExecutor.groovy:74)
	at com.kms.katalon.core.keyword.BuiltinKeywords.verifyEqual(BuiltinKeywords.groovy:146)
	at jdk.internal.reflect.GeneratedMethodAccessor24.invoke(Unknown Source)
	at java.base/jdk.internal.reflect.DelegatingMethodAccessorImpl.invoke(DelegatingMethodAccessorImpl.java:43)
	at Выполнение бизнес-плана Сверка ПАО Россети все филиалы.Numbers(Выполнение бизнес-плана Сверка ПАО Россети все филиалы:736)
	at Выполнение бизнес-плана Сверка ПАО Россети все филиалы.Filials(Выполнение бизнес-плана Сверка ПАО Россети все филиалы:1437)
	at Выполнение бизнес-плана Сверка ПАО Россети все филиалы.Numbers(Выполнение бизнес-плана Сверка ПАО Россети все филиалы:743)
	at Выполнение бизнес-плана Сверка ПАО Россети все филиалы.run(Выполнение бизнес-плана Сверка ПАО Россети все филиалы:378)
	at com.kms.katalon.core.main.ScriptEngine.run(ScriptEngine.java:194)
	at com.kms.katalon.core.main.ScriptEngine.runScriptAsRawText(ScriptEngine.java:119)
	at com.kms.katalon.core.main.TestCaseExecutor.runScript(TestCaseExecutor.java:448)
	at com.kms.katalon.core.main.TestCaseExecutor.doExecute(TestCaseExecutor.java:439)
	at com.kms.katalon.core.main.TestCaseExecutor.processExecutionPhase(TestCaseExecutor.java:418)
	at com.kms.katalon.core.main.TestCaseExecutor.accessMainPhase(TestCaseExecutor.java:410)
	at com.kms.katalon.core.main.TestCaseExecutor.execute(TestCaseExecutor.java:285)
	at com.kms.katalon.core.common.CommonExecutor.accessTestCaseMainPhase(CommonExecutor.java:65)
	at com.kms.katalon.core.main.TestSuiteExecutor.accessTestSuiteMainPhase(TestSuiteExecutor.java:150)
	at com.kms.katalon.core.main.TestSuiteExecutor.execute(TestSuiteExecutor.java:106)
	at com.kms.katalon.core.main.TestCaseMain.startTestSuite(TestCaseMain.java:180)
	at TempTestSuite1740991900055.run(TempTestSuite1740991900055.groovy:35)
	at java.base/jdk.internal.reflect.NativeMethodAccessorImpl.invoke0(Native Method)
	at java.base/jdk.internal.reflect.NativeMethodAccessorImpl.invoke(NativeMethodAccessorImpl.java:77)
	at java.base/jdk.internal.reflect.DelegatingMethodAccessorImpl.invoke(DelegatingMethodAccessorImpl.java:43)
)

03-03-2025T13:49:54 - [TEST_STEP][PASSED] - println(numberOfErrors): null

03-03-2025T13:49:54 - [TEST_STEP][PASSED] - println("a=" + a): null

03-03-2025T13:49:54 - [TEST_STEP][PASSED] - if (a == 28 || a == 77 || a == 74 || a == 65 || a == 36 || a == 44 || a == 54 || a == 1 || a == 18 || a == 59): null

03-03-2025T13:49:54 - [TEST_STEP][PASSED] - if (a == 82): null

03-03-2025T13:49:54 - [TEST_STEP][PASSED] - dZO = "Удмуртэнерго": null

03-03-2025T13:49:54 - [TEST_STEP][PASSED] - a = 27: null

03-03-2025T13:49:54 - [TEST_STEP][PASSED] - if (x2.contains(dZO)): null

03-03-2025T13:49:54 - [TEST_STEP][PASSED] - filialNum = filialNum + 1: null

03-03-2025T13:49:54 - [TEST_STEP][PASSED] - Script1718980020443.Numbers(a, typeOfData, todaysDate, pageInt, fileInt, pageDouble, fileDouble, dZO, dzoNum, filialNum): null

03-03-2025T13:49:54 - [TEST_STEP][PASSED] - println(dzoNum): null

03-03-2025T13:49:54 - [TEST_STEP][PASSED] - planFact = <not implemented yet for class: org.codehaus.groovy.ast.expr.EmptyExpression>: null

03-03-2025T13:49:54 - [TEST_STEP][PASSED] - page = <not implemented yet for class: org.codehaus.groovy.ast.expr.EmptyExpression>: null

03-03-2025T13:49:54 - [TEST_STEP][PASSED] - page1 = <not implemented yet for class: org.codehaus.groovy.ast.expr.EmptyExpression>: null

03-03-2025T13:49:54 - [TEST_STEP][PASSED] - page2 = <not implemented yet for class: org.codehaus.groovy.ast.expr.EmptyExpression>: null

03-03-2025T13:49:54 - [TEST_STEP][PASSED] - filialNumberInRow = <not implemented yet for class: org.codehaus.groovy.ast.expr.EmptyExpression>: null

03-03-2025T13:49:54 - [TEST_STEP][PASSED] - filialsDzoNames = <not implemented yet for class: org.codehaus.groovy.ast.expr.EmptyExpression>: null

03-03-2025T13:49:54 - [TEST_STEP][PASSED] - numberOfFilials = <not implemented yet for class: org.codehaus.groovy.ast.expr.EmptyExpression>: null

03-03-2025T13:49:54 - [TEST_STEP][PASSED] - numberOfSpaces = <not implemented yet for class: org.codehaus.groovy.ast.expr.EmptyExpression>: null

03-03-2025T13:49:54 - [TEST_STEP][PASSED] - file = <not implemented yet for class: org.codehaus.groovy.ast.expr.EmptyExpression>: null

03-03-2025T13:49:54 - [TEST_STEP][PASSED] - otpusk = <not implemented yet for class: org.codehaus.groovy.ast.expr.EmptyExpression>: null

03-03-2025T13:49:54 - [TEST_STEP][PASSED] - poteri = <not implemented yet for class: org.codehaus.groovy.ast.expr.EmptyExpression>: null

03-03-2025T13:49:54 - [TEST_STEP][PASSED] - dataFolder = "Выполнение бизнес-плана/Значения со страницы Выполнение бизнес-плана/": null

03-03-2025T13:49:54 - [TEST_STEP][PASSED] - path = <not implemented yet for class: org.codehaus.groovy.ast.expr.EmptyExpression>: null

03-03-2025T13:49:54 - [TEST_STEP][PASSED] - typeOfDataMain = <not implemented yet for class: org.codehaus.groovy.ast.expr.EmptyExpression>: null

03-03-2025T13:49:54 - [TEST_STEP][PASSED] - fileOtpuskVSet = <not implemented yet for class: org.codehaus.groovy.ast.expr.EmptyExpression>: null

03-03-2025T13:49:54 - [TEST_STEP][PASSED] - pageOtpuskVSet = <not implemented yet for class: org.codehaus.groovy.ast.expr.EmptyExpression>: null

03-03-2025T13:49:54 - [TEST_STEP][PASSED] - filePoteri = <not implemented yet for class: org.codehaus.groovy.ast.expr.EmptyExpression>: null

03-03-2025T13:49:54 - [TEST_STEP][PASSED] - pagePoteri = <not implemented yet for class: org.codehaus.groovy.ast.expr.EmptyExpression>: null

03-03-2025T13:49:54 - [TEST_STEP][PASSED] - compare = <not implemented yet for class: org.codehaus.groovy.ast.expr.EmptyExpression>: null

03-03-2025T13:49:54 - [TEST_STEP][PASSED] - b = <not implemented yet for class: org.codehaus.groovy.ast.expr.EmptyExpression>: null

03-03-2025T13:49:54 - [TEST_STEP][PASSED] - i = <not implemented yet for class: org.codehaus.groovy.ast.expr.EmptyExpression>: null

03-03-2025T13:49:54 - [TEST_STEP][PASSED] - ii = <not implemented yet for class: org.codehaus.groovy.ast.expr.EmptyExpression>: null

03-03-2025T13:49:54 - [TEST_STEP][PASSED] - c = <not implemented yet for class: org.codehaus.groovy.ast.expr.EmptyExpression>: null

03-03-2025T13:49:54 - [TEST_STEP][PASSED] - numberOfErrors = 0: null

03-03-2025T13:49:54 - [TEST_STEP][PASSED] - if (a == 82): null

03-03-2025T13:49:54 - [TEST_STEP][PASSED] - b = findTestData("PlanFact").getValue(1, a): null

03-03-2025T13:49:54 - [TEST_STEP][PASSED] - i = b.indexOf(" (ГК)"): null

03-03-2025T13:49:54 - [TEST_STEP][PASSED] - if (i > -1): null

03-03-2025T13:49:54 - [TEST_STEP][PASSED] - i = b.indexOf("О ""): null

03-03-2025T13:49:54 - [TEST_STEP][PASSED] - if (i > -1): null

03-03-2025T13:49:54 - [TEST_STEP][PASSED] - i = b.indexOf("О «"): null

03-03-2025T13:49:54 - [TEST_STEP][PASSED] - if (i > -1): null

03-03-2025T13:49:54 - [TEST_STEP][PASSED] - i = b.indexOf("г. "): null

03-03-2025T13:49:54 - [TEST_STEP][PASSED] - if (i > -1): null

03-03-2025T13:49:54 - [TEST_STEP][PASSED] - b = b.trim(): null

03-03-2025T13:49:54 - [TEST_STEP][PASSED] - println(b): null

03-03-2025T13:49:54 - [TEST_STEP][PASSED] - for ([planFact = 1, planFact < 3, (planFact++)]): null

03-03-2025T13:49:54 - [TEST_STEP][PASSED] - if (planFact == 1): null

03-03-2025T13:49:54 - [TEST_STEP][PASSED] - typeOfDataMain = "Факт": null

03-03-2025T13:49:54 - [TEST_STEP][PASSED] - otpusk = findTestData("PlanFact").getValue(5, a): null

03-03-2025T13:49:54 - [TEST_STEP][PASSED] - poteri = findTestData("PlanFact").getValue(6, a): null

03-03-2025T13:49:54 - [TEST_STEP][PASSED] - otpusk = otpusk.replaceAll("\s+", ""): null

03-03-2025T13:49:54 - [TEST_STEP][PASSED] - poteri = poteri.replaceAll("\s+", ""): null

03-03-2025T13:49:54 - [TEST_STEP][PASSED] - typeOfData = typeOfDataMain + " Отпуск в сеть": null

03-03-2025T13:49:54 - [TEST_STEP][PASSED] - if (a == 82): null

03-03-2025T13:49:54 - [TEST_STEP][PASSED] - else if (a == 84): null

03-03-2025T13:49:54 - [TEST_STEP][PASSED] - else if (a == 83 || a == 52 || a == 72 || a == 28 || a == 73 || a == 77 || a == 74 || a == 65 || a == 36 || a == 44 || a == 53 || a == 80 || a == 54 || a == 1 || a == 18 || a == 59 || a == 81): null

03-03-2025T13:49:54 - [TEST_STEP][PASSED] - else: null

03-03-2025T13:49:54 - [TEST_STEP][PASSED] - path = dataFolder + typeOfData + " за отчётный период " + b: null

03-03-2025T13:49:54 - [TEST_STEP][PASSED] - println(path): null

03-03-2025T13:49:54 - [TEST_STEP][PASSED] - page = getText(findTestObject(path)): Text of object 'Object Repository/Выполнение бизнес-плана/Значения со страницы Выполнение бизнес-плана/Факт Отпуск в сеть за отчётный период Удмуртэнерго' is: '738 489'

03-03-2025T13:49:54 - [MESSAGE][PASSED] - Text of object 'Object Repository/Выполнение бизнес-плана/Значения со страницы Выполнение бизнес-плана/Факт Отпуск в сеть за отчётный период Удмуртэнерго' is: '738 489'

03-03-2025T13:49:54 - [TEST_STEP][PASSED] - if (page == "" || page == null): null

03-03-2025T13:49:54 - [TEST_STEP][PASSED] - else: null

03-03-2025T13:49:54 - [TEST_STEP][PASSED] - page = page.replaceAll("\s+", ""): null

03-03-2025T13:49:54 - [TEST_STEP][PASSED] - fileOtpuskVSet = otpusk.toInteger(): null

03-03-2025T13:49:54 - [TEST_STEP][PASSED] - pageOtpuskVSet = page.toInteger(): null

03-03-2025T13:49:54 - [TEST_STEP][PASSED] - typeOfData = typeOfDataMain + " Потери": null

03-03-2025T13:49:54 - [TEST_STEP][PASSED] - if (a == 82): null

03-03-2025T13:49:54 - [TEST_STEP][PASSED] - else if (a == 84): null

03-03-2025T13:49:54 - [TEST_STEP][PASSED] - else if (a == 83 || a == 52 || a == 72 || a == 28 || a == 73 || a == 77 || a == 74 || a == 65 || a == 44 || a == 53 || a == 80 || a == 54 || a == 1 || a == 18 || a == 59 || a == 81): null

03-03-2025T13:49:54 - [TEST_STEP][PASSED] - else: null

03-03-2025T13:49:54 - [TEST_STEP][PASSED] - path = dataFolder + typeOfData + " за отчётный период " + b: null

03-03-2025T13:49:54 - [TEST_STEP][PASSED] - page = getText(findTestObject(path)): Text of object 'Object Repository/Выполнение бизнес-плана/Значения со страницы Выполнение бизнес-плана/Факт Потери за отчётный период Удмуртэнерго' is: '75 887'

03-03-2025T13:49:54 - [MESSAGE][PASSED] - Text of object 'Object Repository/Выполнение бизнес-плана/Значения со страницы Выполнение бизнес-плана/Факт Потери за отчётный период Удмуртэнерго' is: '75 887'

03-03-2025T13:49:54 - [TEST_STEP][PASSED] - if (page == "" || page == null): null

03-03-2025T13:49:54 - [TEST_STEP][PASSED] - else: null

03-03-2025T13:49:54 - [TEST_STEP][PASSED] - page = page.replaceAll("\s+", ""): null

03-03-2025T13:49:54 - [TEST_STEP][PASSED] - filePoteri = poteri.toInteger(): null

03-03-2025T13:49:54 - [TEST_STEP][PASSED] - pagePoteri = page.toInteger(): null

03-03-2025T13:49:54 - [TEST_STEP][PASSED] - compare = pageOtpuskVSet: null

03-03-2025T13:49:54 - [TEST_STEP][PASSED] - if (pageOtpuskVSet != null): null

03-03-2025T13:49:54 - [TEST_STEP][PASSED] - if (compare == fileOtpuskVSet): null

03-03-2025T13:49:54 - [TEST_STEP][PASSED] - else if (compare > fileOtpuskVSet): null

03-03-2025T13:49:54 - [TEST_STEP][PASSED] - else if (compare < fileOtpuskVSet): null

03-03-2025T13:49:54 - [TEST_STEP][PASSED] - compare = compare + 1: null

03-03-2025T13:49:54 - [TEST_STEP][PASSED] - if (compare == fileOtpuskVSet): null

03-03-2025T13:49:54 - [TEST_STEP][PASSED] - else: null

03-03-2025T13:49:54 - [TEST_STEP][PASSED] - numberOfErrors = numberOfErrors + 1: null

03-03-2025T13:49:54 - [TEST_STEP][PASSED] - pageInt = pageOtpuskVSet: null

03-03-2025T13:49:54 - [TEST_STEP][PASSED] - fileInt = fileOtpuskVSet: null

03-03-2025T13:49:54 - [TEST_STEP][PASSED] - typeOfData = typeOfDataMain + " Отпуск в сеть": null

03-03-2025T13:49:54 - [TEST_STEP][PASSED] - Script1718980020443.WriteToExcel(a, typeOfData, todaysDate, pageInt, fileInt, pageDouble, fileDouble, dZO): null

03-03-2025T13:49:54 - [TEST_STEP][PASSED] - sheetName = "Sheet1": null

03-03-2025T13:49:54 - [TEST_STEP][PASSED] - data = findTestData("PlanFact"): null

03-03-2025T13:49:54 - [TEST_STEP][PASSED] - n = data.getRowNumbers() + 1: null

03-03-2025T13:49:54 - [TEST_STEP][PASSED] - day = ")).toInteger(): null

03-03-2025T13:49:54 - [TEST_STEP][PASSED] - println(day): null

03-03-2025T13:49:54 - [TEST_STEP][PASSED] - month = ")).toInteger(): null

03-03-2025T13:49:54 - [TEST_STEP][PASSED] - println(month): null

03-03-2025T13:49:54 - [TEST_STEP][PASSED] - y = <not implemented yet for class: org.codehaus.groovy.ast.expr.EmptyExpression>: null

03-03-2025T13:49:54 - [TEST_STEP][PASSED] - iy = <not implemented yet for class: org.codehaus.groovy.ast.expr.EmptyExpression>: null

03-03-2025T13:49:54 - [TEST_STEP][PASSED] - m = getText(findTestObject("Выполнение бизнес-плана/Период")): Text of object 'Object Repository/Выполнение бизнес-плана/Период' is: '2024 год'

03-03-2025T13:49:55 - [MESSAGE][PASSED] - Text of object 'Object Repository/Выполнение бизнес-плана/Период' is: '2024 год'

03-03-2025T13:49:55 - [TEST_STEP][PASSED] - iy = m.indexOf("20"): null

03-03-2025T13:49:55 - [TEST_STEP][PASSED] - if (iy > -1): null

03-03-2025T13:49:55 - [TEST_STEP][PASSED] - y = substring(iy, iy + 4).toInteger(): null

03-03-2025T13:49:55 - [TEST_STEP][PASSED] - println(y): null

03-03-2025T13:49:55 - [TEST_STEP][PASSED] - if (toString().length() == 4): null

03-03-2025T13:49:55 - [TEST_STEP][PASSED] - m = m.substring(0, m.indexOf(y.toString())): null

03-03-2025T13:49:55 - [TEST_STEP][PASSED] - m = m.trim(): null

03-03-2025T13:49:55 - [TEST_STEP][PASSED] - if (m == ""): null

03-03-2025T13:49:55 - [TEST_STEP][PASSED] - m = "весь год": null

03-03-2025T13:49:55 - [TEST_STEP][PASSED] - dashboardName = "Выполнение бизнес-плана": null

03-03-2025T13:49:55 - [TEST_STEP][PASSED] - workbook01 = getWorkbook(excelFilePath): null

03-03-2025T13:49:55 - [TEST_STEP][PASSED] - sheet01 = getExcelSheet(workbook01, sheetName): null

03-03-2025T13:49:55 - [TEST_STEP][PASSED] - setValueToCellByIndex(sheet01, n, 0, dashboardName): null

03-03-2025T13:49:55 - [TEST_STEP][PASSED] - setValueToCellByIndex(sheet01, n, 1, dZO): null

03-03-2025T13:49:55 - [TEST_STEP][PASSED] - setValueToCellByIndex(sheet01, n, 2, typeOfData): null

03-03-2025T13:49:55 - [TEST_STEP][PASSED] - if (typeOfData == "Факт в процентах" || typeOfData == "План в процентах"): null

03-03-2025T13:49:55 - [TEST_STEP][PASSED] - else: null

03-03-2025T13:49:55 - [TEST_STEP][PASSED] - setValueToCellByIndex(sheet01, n, 3, fileInt): null

03-03-2025T13:49:55 - [TEST_STEP][PASSED] - setValueToCellByIndex(sheet01, n, 4, pageInt): null

03-03-2025T13:49:55 - [TEST_STEP][PASSED] - setValueToCellByIndex(sheet01, n, 5, m): null

03-03-2025T13:49:55 - [TEST_STEP][PASSED] - setValueToCellByIndex(sheet01, n, 6, y): null

03-03-2025T13:49:55 - [TEST_STEP][PASSED] - setValueToCellByIndex(sheet01, n, 7, todaysDate): null

03-03-2025T13:49:55 - [TEST_STEP][PASSED] - n = n + 1: null

03-03-2025T13:49:55 - [TEST_STEP][PASSED] - saveWorkbook(excelFilePath, workbook01): null

03-03-2025T13:49:55 - [TEST_STEP][PASSED] - compare = pagePoteri: null

03-03-2025T13:49:55 - [TEST_STEP][PASSED] - if (pageOtpuskVSet != null): null

03-03-2025T13:49:55 - [TEST_STEP][PASSED] - if (compare == filePoteri): null

03-03-2025T13:49:55 - [TEST_STEP][PASSED] - else if (compare > filePoteri): null

03-03-2025T13:49:55 - [TEST_STEP][PASSED] - else if (compare < filePoteri): null

03-03-2025T13:49:55 - [TEST_STEP][PASSED] - compare = compare + 1: null

03-03-2025T13:49:55 - [TEST_STEP][PASSED] - if (compare == filePoteri): null

03-03-2025T13:49:55 - [TEST_STEP][PASSED] - else: null

03-03-2025T13:49:55 - [TEST_STEP][PASSED] - numberOfErrors = numberOfErrors + 1: null

03-03-2025T13:49:55 - [TEST_STEP][PASSED] - pageInt = pagePoteri: null

03-03-2025T13:49:55 - [TEST_STEP][PASSED] - fileInt = filePoteri: null

03-03-2025T13:49:55 - [TEST_STEP][PASSED] - typeOfData = typeOfDataMain + " Потери": null

03-03-2025T13:49:55 - [TEST_STEP][PASSED] - Script1718980020443.WriteToExcel(a, typeOfData, todaysDate, pageInt, fileInt, pageDouble, fileDouble, dZO): null

03-03-2025T13:49:55 - [TEST_STEP][PASSED] - sheetName = "Sheet1": null

03-03-2025T13:49:55 - [TEST_STEP][PASSED] - data = findTestData("PlanFact"): null

03-03-2025T13:49:55 - [TEST_STEP][PASSED] - n = data.getRowNumbers() + 1: null

03-03-2025T13:49:55 - [TEST_STEP][PASSED] - day = ")).toInteger(): null

03-03-2025T13:49:55 - [TEST_STEP][PASSED] - println(day): null

03-03-2025T13:49:55 - [TEST_STEP][PASSED] - month = ")).toInteger(): null

03-03-2025T13:49:55 - [TEST_STEP][PASSED] - println(month): null

03-03-2025T13:49:55 - [TEST_STEP][PASSED] - y = <not implemented yet for class: org.codehaus.groovy.ast.expr.EmptyExpression>: null

03-03-2025T13:49:55 - [TEST_STEP][PASSED] - iy = <not implemented yet for class: org.codehaus.groovy.ast.expr.EmptyExpression>: null

03-03-2025T13:49:55 - [TEST_STEP][PASSED] - m = getText(findTestObject("Выполнение бизнес-плана/Период")): Text of object 'Object Repository/Выполнение бизнес-плана/Период' is: '2024 год'

03-03-2025T13:49:55 - [MESSAGE][PASSED] - Text of object 'Object Repository/Выполнение бизнес-плана/Период' is: '2024 год'

03-03-2025T13:49:55 - [TEST_STEP][PASSED] - iy = m.indexOf("20"): null

03-03-2025T13:49:55 - [TEST_STEP][PASSED] - if (iy > -1): null

03-03-2025T13:49:55 - [TEST_STEP][PASSED] - y = substring(iy, iy + 4).toInteger(): null

03-03-2025T13:49:55 - [TEST_STEP][PASSED] - println(y): null

03-03-2025T13:49:55 - [TEST_STEP][PASSED] - if (toString().length() == 4): null

03-03-2025T13:49:55 - [TEST_STEP][PASSED] - m = m.substring(0, m.indexOf(y.toString())): null

03-03-2025T13:49:55 - [TEST_STEP][PASSED] - m = m.trim(): null

03-03-2025T13:49:55 - [TEST_STEP][PASSED] - if (m == ""): null

03-03-2025T13:49:55 - [TEST_STEP][PASSED] - m = "весь год": null

03-03-2025T13:49:55 - [TEST_STEP][PASSED] - dashboardName = "Выполнение бизнес-плана": null

03-03-2025T13:49:55 - [TEST_STEP][PASSED] - workbook01 = getWorkbook(excelFilePath): null

03-03-2025T13:49:55 - [TEST_STEP][PASSED] - sheet01 = getExcelSheet(workbook01, sheetName): null

03-03-2025T13:49:55 - [TEST_STEP][PASSED] - setValueToCellByIndex(sheet01, n, 0, dashboardName): null

03-03-2025T13:49:55 - [TEST_STEP][PASSED] - setValueToCellByIndex(sheet01, n, 1, dZO): null

03-03-2025T13:49:55 - [TEST_STEP][PASSED] - setValueToCellByIndex(sheet01, n, 2, typeOfData): null

03-03-2025T13:49:55 - [TEST_STEP][PASSED] - if (typeOfData == "Факт в процентах" || typeOfData == "План в процентах"): null

03-03-2025T13:49:55 - [TEST_STEP][PASSED] - else: null

03-03-2025T13:49:55 - [TEST_STEP][PASSED] - setValueToCellByIndex(sheet01, n, 3, fileInt): null

03-03-2025T13:49:55 - [TEST_STEP][PASSED] - setValueToCellByIndex(sheet01, n, 4, pageInt): null

03-03-2025T13:49:55 - [TEST_STEP][PASSED] - setValueToCellByIndex(sheet01, n, 5, m): null

03-03-2025T13:49:55 - [TEST_STEP][PASSED] - setValueToCellByIndex(sheet01, n, 6, y): null

03-03-2025T13:49:55 - [TEST_STEP][PASSED] - setValueToCellByIndex(sheet01, n, 7, todaysDate): null

03-03-2025T13:49:55 - [TEST_STEP][PASSED] - n = n + 1: null

03-03-2025T13:49:55 - [TEST_STEP][PASSED] - saveWorkbook(excelFilePath, workbook01): null

03-03-2025T13:49:56 - [TEST_STEP][PASSED] - if (planFact == 2): null

03-03-2025T13:49:56 - [TEST_STEP][PASSED] - if (planFact == 1): null

03-03-2025T13:49:56 - [TEST_STEP][PASSED] - else if (planFact == 2): null

03-03-2025T13:49:56 - [TEST_STEP][PASSED] - click(findTestObject("Выполнение бизнес-плана/Кнопка План")): Object: 'Object Repository/Выполнение бизнес-плана/Кнопка План' is clicked on

03-03-2025T13:49:56 - [MESSAGE][PASSED] - Object: 'Object Repository/Выполнение бизнес-плана/Кнопка План' is clicked on

03-03-2025T13:49:56 - [TEST_STEP][PASSED] - typeOfDataMain = "План": null

03-03-2025T13:49:56 - [TEST_STEP][PASSED] - otpusk = findTestData("PlanFact").getValue(2, a): null

03-03-2025T13:49:56 - [TEST_STEP][PASSED] - poteri = findTestData("PlanFact").getValue(3, a): null

03-03-2025T13:49:56 - [TEST_STEP][PASSED] - otpusk = otpusk.replaceAll("\s+", ""): null

03-03-2025T13:49:56 - [TEST_STEP][PASSED] - poteri = poteri.replaceAll("\s+", ""): null

03-03-2025T13:49:56 - [TEST_STEP][PASSED] - typeOfData = typeOfDataMain + " Отпуск в сеть": null

03-03-2025T13:49:56 - [TEST_STEP][PASSED] - if (a == 82): null

03-03-2025T13:49:56 - [TEST_STEP][PASSED] - else if (a == 84): null

03-03-2025T13:49:56 - [TEST_STEP][PASSED] - else if (a == 83 || a == 52 || a == 72 || a == 28 || a == 73 || a == 77 || a == 74 || a == 65 || a == 36 || a == 44 || a == 53 || a == 80 || a == 54 || a == 1 || a == 18 || a == 59 || a == 81): null

03-03-2025T13:49:56 - [TEST_STEP][PASSED] - else: null

03-03-2025T13:49:56 - [TEST_STEP][PASSED] - path = dataFolder + typeOfData + " за отчётный период " + b: null

03-03-2025T13:49:56 - [TEST_STEP][PASSED] - println(path): null

03-03-2025T13:49:56 - [TEST_STEP][PASSED] - page = getText(findTestObject(path)): Text of object 'Object Repository/Выполнение бизнес-плана/Значения со страницы Выполнение бизнес-плана/План Отпуск в сеть за отчётный период Удмуртэнерго' is: '737 437'

03-03-2025T13:49:57 - [MESSAGE][PASSED] - Text of object 'Object Repository/Выполнение бизнес-плана/Значения со страницы Выполнение бизнес-плана/План Отпуск в сеть за отчётный период Удмуртэнерго' is: '737 437'

03-03-2025T13:49:57 - [TEST_STEP][PASSED] - if (page == "" || page == null): null

03-03-2025T13:49:57 - [TEST_STEP][PASSED] - else: null

03-03-2025T13:49:57 - [TEST_STEP][PASSED] - page = page.replaceAll("\s+", ""): null

03-03-2025T13:49:57 - [TEST_STEP][PASSED] - fileOtpuskVSet = otpusk.toInteger(): null

03-03-2025T13:49:57 - [TEST_STEP][PASSED] - pageOtpuskVSet = page.toInteger(): null

03-03-2025T13:49:57 - [TEST_STEP][PASSED] - typeOfData = typeOfDataMain + " Потери": null

03-03-2025T13:49:57 - [TEST_STEP][PASSED] - if (a == 82): null

03-03-2025T13:49:57 - [TEST_STEP][PASSED] - else if (a == 84): null

03-03-2025T13:49:57 - [TEST_STEP][PASSED] - else if (a == 83 || a == 52 || a == 72 || a == 28 || a == 73 || a == 77 || a == 74 || a == 65 || a == 44 || a == 53 || a == 80 || a == 54 || a == 1 || a == 18 || a == 59 || a == 81): null

03-03-2025T13:49:57 - [TEST_STEP][PASSED] - else: null

03-03-2025T13:49:57 - [TEST_STEP][PASSED] - path = dataFolder + typeOfData + " за отчётный период " + b: null

03-03-2025T13:49:57 - [TEST_STEP][PASSED] - page = getText(findTestObject(path)): Text of object 'Object Repository/Выполнение бизнес-плана/Значения со страницы Выполнение бизнес-плана/План Потери за отчётный период Удмуртэнерго' is: '72 762'

03-03-2025T13:49:57 - [MESSAGE][PASSED] - Text of object 'Object Repository/Выполнение бизнес-плана/Значения со страницы Выполнение бизнес-плана/План Потери за отчётный период Удмуртэнерго' is: '72 762'

03-03-2025T13:49:57 - [TEST_STEP][PASSED] - if (page == "" || page == null): null

03-03-2025T13:49:57 - [TEST_STEP][PASSED] - else: null

03-03-2025T13:49:57 - [TEST_STEP][PASSED] - page = page.replaceAll("\s+", ""): null

03-03-2025T13:49:57 - [TEST_STEP][PASSED] - filePoteri = poteri.toInteger(): null

03-03-2025T13:49:57 - [TEST_STEP][PASSED] - pagePoteri = page.toInteger(): null

03-03-2025T13:49:57 - [TEST_STEP][PASSED] - compare = pageOtpuskVSet: null

03-03-2025T13:49:57 - [TEST_STEP][PASSED] - if (pageOtpuskVSet != null): null

03-03-2025T13:49:57 - [TEST_STEP][PASSED] - if (compare == fileOtpuskVSet): null

03-03-2025T13:49:57 - [TEST_STEP][PASSED] - else if (compare > fileOtpuskVSet): null

03-03-2025T13:49:57 - [TEST_STEP][PASSED] - else if (compare < fileOtpuskVSet): null

03-03-2025T13:49:57 - [TEST_STEP][PASSED] - compare = compare + 1: null

03-03-2025T13:49:57 - [TEST_STEP][PASSED] - if (compare == fileOtpuskVSet): null

03-03-2025T13:49:57 - [TEST_STEP][PASSED] - else: null

03-03-2025T13:49:57 - [TEST_STEP][PASSED] - numberOfErrors = numberOfErrors + 1: null

03-03-2025T13:49:57 - [TEST_STEP][PASSED] - pageInt = pageOtpuskVSet: null

03-03-2025T13:49:57 - [TEST_STEP][PASSED] - fileInt = fileOtpuskVSet: null

03-03-2025T13:49:57 - [TEST_STEP][PASSED] - typeOfData = typeOfDataMain + " Отпуск в сеть": null

03-03-2025T13:49:57 - [TEST_STEP][PASSED] - Script1718980020443.WriteToExcel(a, typeOfData, todaysDate, pageInt, fileInt, pageDouble, fileDouble, dZO): null

03-03-2025T13:49:57 - [TEST_STEP][PASSED] - sheetName = "Sheet1": null

03-03-2025T13:49:57 - [TEST_STEP][PASSED] - data = findTestData("PlanFact"): null

03-03-2025T13:49:57 - [TEST_STEP][PASSED] - n = data.getRowNumbers() + 1: null

03-03-2025T13:49:57 - [TEST_STEP][PASSED] - day = ")).toInteger(): null

03-03-2025T13:49:57 - [TEST_STEP][PASSED] - println(day): null

03-03-2025T13:49:57 - [TEST_STEP][PASSED] - month = ")).toInteger(): null

03-03-2025T13:49:57 - [TEST_STEP][PASSED] - println(month): null

03-03-2025T13:49:57 - [TEST_STEP][PASSED] - y = <not implemented yet for class: org.codehaus.groovy.ast.expr.EmptyExpression>: null

03-03-2025T13:49:57 - [TEST_STEP][PASSED] - iy = <not implemented yet for class: org.codehaus.groovy.ast.expr.EmptyExpression>: null

03-03-2025T13:49:57 - [TEST_STEP][PASSED] - m = getText(findTestObject("Выполнение бизнес-плана/Период")): Text of object 'Object Repository/Выполнение бизнес-плана/Период' is: '2024 год'

03-03-2025T13:49:57 - [MESSAGE][PASSED] - Text of object 'Object Repository/Выполнение бизнес-плана/Период' is: '2024 год'

03-03-2025T13:49:57 - [TEST_STEP][PASSED] - iy = m.indexOf("20"): null

03-03-2025T13:49:57 - [TEST_STEP][PASSED] - if (iy > -1): null

03-03-2025T13:49:57 - [TEST_STEP][PASSED] - y = substring(iy, iy + 4).toInteger(): null

03-03-2025T13:49:57 - [TEST_STEP][PASSED] - println(y): null

03-03-2025T13:49:57 - [TEST_STEP][PASSED] - if (toString().length() == 4): null

03-03-2025T13:49:57 - [TEST_STEP][PASSED] - m = m.substring(0, m.indexOf(y.toString())): null

03-03-2025T13:49:57 - [TEST_STEP][PASSED] - m = m.trim(): null

03-03-2025T13:49:57 - [TEST_STEP][PASSED] - if (m == ""): null

03-03-2025T13:49:57 - [TEST_STEP][PASSED] - m = "весь год": null

03-03-2025T13:49:57 - [TEST_STEP][PASSED] - dashboardName = "Выполнение бизнес-плана": null

03-03-2025T13:49:57 - [TEST_STEP][PASSED] - workbook01 = getWorkbook(excelFilePath): null

03-03-2025T13:49:57 - [TEST_STEP][PASSED] - sheet01 = getExcelSheet(workbook01, sheetName): null

03-03-2025T13:49:57 - [TEST_STEP][PASSED] - setValueToCellByIndex(sheet01, n, 0, dashboardName): null

03-03-2025T13:49:57 - [TEST_STEP][PASSED] - setValueToCellByIndex(sheet01, n, 1, dZO): null

03-03-2025T13:49:57 - [TEST_STEP][PASSED] - setValueToCellByIndex(sheet01, n, 2, typeOfData): null

03-03-2025T13:49:57 - [TEST_STEP][PASSED] - if (typeOfData == "Факт в процентах" || typeOfData == "План в процентах"): null

03-03-2025T13:49:57 - [TEST_STEP][PASSED] - else: null

03-03-2025T13:49:57 - [TEST_STEP][PASSED] - setValueToCellByIndex(sheet01, n, 3, fileInt): null

03-03-2025T13:49:57 - [TEST_STEP][PASSED] - setValueToCellByIndex(sheet01, n, 4, pageInt): null

03-03-2025T13:49:57 - [TEST_STEP][PASSED] - setValueToCellByIndex(sheet01, n, 5, m): null

03-03-2025T13:49:57 - [TEST_STEP][PASSED] - setValueToCellByIndex(sheet01, n, 6, y): null

03-03-2025T13:49:57 - [TEST_STEP][PASSED] - setValueToCellByIndex(sheet01, n, 7, todaysDate): null

03-03-2025T13:49:57 - [TEST_STEP][PASSED] - n = n + 1: null

03-03-2025T13:49:57 - [TEST_STEP][PASSED] - saveWorkbook(excelFilePath, workbook01): null

03-03-2025T13:49:57 - [TEST_STEP][PASSED] - compare = pagePoteri: null

03-03-2025T13:49:57 - [TEST_STEP][PASSED] - if (pageOtpuskVSet != null): null

03-03-2025T13:49:57 - [TEST_STEP][PASSED] - if (compare == filePoteri): null

03-03-2025T13:49:57 - [TEST_STEP][PASSED] - else if (compare > filePoteri): null

03-03-2025T13:49:57 - [TEST_STEP][PASSED] - else if (compare < filePoteri): null

03-03-2025T13:49:57 - [TEST_STEP][PASSED] - compare = compare + 1: null

03-03-2025T13:49:57 - [TEST_STEP][PASSED] - if (compare == filePoteri): null

03-03-2025T13:49:57 - [TEST_STEP][PASSED] - else: null

03-03-2025T13:49:57 - [TEST_STEP][PASSED] - numberOfErrors = numberOfErrors + 1: null

03-03-2025T13:49:57 - [TEST_STEP][PASSED] - pageInt = pagePoteri: null

03-03-2025T13:49:57 - [TEST_STEP][PASSED] - fileInt = filePoteri: null

03-03-2025T13:49:57 - [TEST_STEP][PASSED] - typeOfData = typeOfDataMain + " Потери": null

03-03-2025T13:49:57 - [TEST_STEP][PASSED] - Script1718980020443.WriteToExcel(a, typeOfData, todaysDate, pageInt, fileInt, pageDouble, fileDouble, dZO): null

03-03-2025T13:49:57 - [TEST_STEP][PASSED] - sheetName = "Sheet1": null

03-03-2025T13:49:57 - [TEST_STEP][PASSED] - data = findTestData("PlanFact"): null

03-03-2025T13:49:58 - [TEST_STEP][PASSED] - n = data.getRowNumbers() + 1: null

03-03-2025T13:49:58 - [TEST_STEP][PASSED] - day = ")).toInteger(): null

03-03-2025T13:49:58 - [TEST_STEP][PASSED] - println(day): null

03-03-2025T13:49:58 - [TEST_STEP][PASSED] - month = ")).toInteger(): null

03-03-2025T13:49:58 - [TEST_STEP][PASSED] - println(month): null

03-03-2025T13:49:58 - [TEST_STEP][PASSED] - y = <not implemented yet for class: org.codehaus.groovy.ast.expr.EmptyExpression>: null

03-03-2025T13:49:58 - [TEST_STEP][PASSED] - iy = <not implemented yet for class: org.codehaus.groovy.ast.expr.EmptyExpression>: null

03-03-2025T13:49:58 - [TEST_STEP][PASSED] - m = getText(findTestObject("Выполнение бизнес-плана/Период")): Text of object 'Object Repository/Выполнение бизнес-плана/Период' is: '2024 год'

03-03-2025T13:49:58 - [MESSAGE][PASSED] - Text of object 'Object Repository/Выполнение бизнес-плана/Период' is: '2024 год'

03-03-2025T13:49:58 - [TEST_STEP][PASSED] - iy = m.indexOf("20"): null

03-03-2025T13:49:58 - [TEST_STEP][PASSED] - if (iy > -1): null

03-03-2025T13:49:58 - [TEST_STEP][PASSED] - y = substring(iy, iy + 4).toInteger(): null

03-03-2025T13:49:58 - [TEST_STEP][PASSED] - println(y): null

03-03-2025T13:49:58 - [TEST_STEP][PASSED] - if (toString().length() == 4): null

03-03-2025T13:49:58 - [TEST_STEP][PASSED] - m = m.substring(0, m.indexOf(y.toString())): null

03-03-2025T13:49:58 - [TEST_STEP][PASSED] - m = m.trim(): null

03-03-2025T13:49:58 - [TEST_STEP][PASSED] - if (m == ""): null

03-03-2025T13:49:58 - [TEST_STEP][PASSED] - m = "весь год": null

03-03-2025T13:49:58 - [TEST_STEP][PASSED] - dashboardName = "Выполнение бизнес-плана": null

03-03-2025T13:49:58 - [TEST_STEP][PASSED] - workbook01 = getWorkbook(excelFilePath): null

03-03-2025T13:49:58 - [TEST_STEP][PASSED] - sheet01 = getExcelSheet(workbook01, sheetName): null

03-03-2025T13:49:58 - [TEST_STEP][PASSED] - setValueToCellByIndex(sheet01, n, 0, dashboardName): null

03-03-2025T13:49:58 - [TEST_STEP][PASSED] - setValueToCellByIndex(sheet01, n, 1, dZO): null

03-03-2025T13:49:58 - [TEST_STEP][PASSED] - setValueToCellByIndex(sheet01, n, 2, typeOfData): null

03-03-2025T13:49:58 - [TEST_STEP][PASSED] - if (typeOfData == "Факт в процентах" || typeOfData == "План в процентах"): null

03-03-2025T13:49:58 - [TEST_STEP][PASSED] - else: null

03-03-2025T13:49:58 - [TEST_STEP][PASSED] - setValueToCellByIndex(sheet01, n, 3, fileInt): null

03-03-2025T13:49:58 - [TEST_STEP][PASSED] - setValueToCellByIndex(sheet01, n, 4, pageInt): null

03-03-2025T13:49:58 - [TEST_STEP][PASSED] - setValueToCellByIndex(sheet01, n, 5, m): null

03-03-2025T13:49:58 - [TEST_STEP][PASSED] - setValueToCellByIndex(sheet01, n, 6, y): null

03-03-2025T13:49:58 - [TEST_STEP][PASSED] - setValueToCellByIndex(sheet01, n, 7, todaysDate): null

03-03-2025T13:49:58 - [TEST_STEP][PASSED] - n = n + 1: null

03-03-2025T13:49:58 - [TEST_STEP][PASSED] - saveWorkbook(excelFilePath, workbook01): Object: 'Object Repository/Выполнение бизнес-плана/Кнопка Факт' is clicked on

03-03-2025T13:49:58 - [TEST_STEP][PASSED] - if (planFact == 2): Object: 'Object Repository/Выполнение бизнес-плана/Кнопка Факт' is clicked on

03-03-2025T13:49:58 - [TEST_STEP][PASSED] - click(findTestObject("Выполнение бизнес-плана/Кнопка Факт")): Object: 'Object Repository/Выполнение бизнес-плана/Кнопка Факт' is clicked on

03-03-2025T13:49:58 - [MESSAGE][PASSED] - Object: 'Object Repository/Выполнение бизнес-плана/Кнопка Факт' is clicked on

03-03-2025T13:49:58 - [TEST_STEP][PASSED] - println("a=" + a): null

03-03-2025T13:49:58 - [TEST_STEP][PASSED] - if (a == 84 || a == 82): null

03-03-2025T13:49:58 - [TEST_STEP][PASSED] - else if (a == 83 || a == 52 || a == 72 || a == 28 || a == 73 || a == 77 || a == 74 || a == 65 || a == 36 || a == 44 || a == 53 || a == 80 || a == 54 || a == 1 || a == 18 || a == 59 || a == 81): null

03-03-2025T13:49:58 - [TEST_STEP][PASSED] - else: null

03-03-2025T13:49:58 - [TEST_STEP][PASSED] - page1 = getText(findTestObject("Object Repository/Выполнение бизнес-плана/spanPlan" + filialNum)): Text of object 'Object Repository/Выполнение бизнес-плана/spanPlan9' is: '6.87
|'

03-03-2025T13:49:59 - [MESSAGE][PASSED] - Text of object 'Object Repository/Выполнение бизнес-плана/spanPlan9' is: '6.87
|'

03-03-2025T13:49:59 - [TEST_STEP][PASSED] - page1 = page1.replace("|", ""): null

03-03-2025T13:49:59 - [TEST_STEP][PASSED] - page2 = getText(findTestObject("Object Repository/Выполнение бизнес-плана/spanFact" + filialNum)): Text of object 'Object Repository/Выполнение бизнес-плана/spanFact9' is: '6.73
|'

03-03-2025T13:49:59 - [MESSAGE][PASSED] - Text of object 'Object Repository/Выполнение бизнес-плана/spanFact9' is: '6.73
|'

03-03-2025T13:49:59 - [TEST_STEP][PASSED] - page2 = page2.replace("|", ""): null

03-03-2025T13:49:59 - [TEST_STEP][PASSED] - println("page1: " + page1): null

03-03-2025T13:49:59 - [TEST_STEP][PASSED] - println("page2: " + page2): null

03-03-2025T13:49:59 - [TEST_STEP][PASSED] - file = findTestData("PlanFact").getValue(4, a): null

03-03-2025T13:49:59 - [TEST_STEP][PASSED] - file = file.replace(",", "."): null

03-03-2025T13:49:59 - [TEST_STEP][PASSED] - println("file Plan: " + file): null

03-03-2025T13:49:59 - [TEST_STEP][PASSED] - typeOfData = "План в процентах": null

03-03-2025T13:49:59 - [TEST_STEP][PASSED] - fileDouble = file.toDouble(): null

03-03-2025T13:49:59 - [TEST_STEP][PASSED] - pageDouble = page1.toDouble(): null

03-03-2025T13:49:59 - [TEST_STEP][PASSED] - if (fileDouble != pageDouble): null

03-03-2025T13:49:59 - [TEST_STEP][PASSED] - file = findTestData("PlanFact").getValue(7, a): null

03-03-2025T13:49:59 - [TEST_STEP][PASSED] - file = file.replace(",", "."): null

03-03-2025T13:49:59 - [TEST_STEP][PASSED] - println("file Fact: " + file): null

03-03-2025T13:49:59 - [TEST_STEP][PASSED] - fileDouble = file.toDouble(): null

03-03-2025T13:49:59 - [TEST_STEP][PASSED] - typeOfData = "Факт в процентах": null

03-03-2025T13:49:59 - [TEST_STEP][PASSED] - fileDouble = file.toDouble(): null

03-03-2025T13:49:59 - [TEST_STEP][PASSED] - pageDouble = page2.toDouble(): null

03-03-2025T13:49:59 - [TEST_STEP][PASSED] - if (fileDouble != pageDouble): null

03-03-2025T13:49:59 - [TEST_STEP][FAILED] - if (verifyEqual(numberOfErrors, 0) == false): null

03-03-2025T13:49:59 - [MESSAGE][FAILED] - Unable to verify equal between actual object '4' and expected object '0' (Root cause: com.kms.katalon.core.exception.StepFailedException: Actual object '4' and expected object '0' are not equal
	at com.kms.katalon.core.keyword.builtin.VerifyEqualKeyword$_verifyEqual_closure1.doCall(VerifyEqualKeyword.groovy:58)
	at com.kms.katalon.core.keyword.builtin.VerifyEqualKeyword$_verifyEqual_closure1.call(VerifyEqualKeyword.groovy)
	at com.kms.katalon.core.keyword.internal.KeywordMain.runKeyword(KeywordMain.groovy:75)
	at com.kms.katalon.core.keyword.builtin.VerifyEqualKeyword.verifyEqual(VerifyEqualKeyword.groovy:63)
	at com.kms.katalon.core.keyword.builtin.VerifyEqualKeyword.execute(VerifyEqualKeyword.groovy:44)
	at com.kms.katalon.core.keyword.internal.KeywordExecutor.executeKeywordForPlatform(KeywordExecutor.groovy:74)
	at com.kms.katalon.core.keyword.BuiltinKeywords.verifyEqual(BuiltinKeywords.groovy:146)
	at jdk.internal.reflect.GeneratedMethodAccessor24.invoke(Unknown Source)
	at java.base/jdk.internal.reflect.DelegatingMethodAccessorImpl.invoke(DelegatingMethodAccessorImpl.java:43)
	at Выполнение бизнес-плана Сверка ПАО Россети все филиалы.Numbers(Выполнение бизнес-плана Сверка ПАО Россети все филиалы:736)
	at Выполнение бизнес-плана Сверка ПАО Россети все филиалы.Filials(Выполнение бизнес-плана Сверка ПАО Россети все филиалы:1449)
	at Выполнение бизнес-плана Сверка ПАО Россети все филиалы.Numbers(Выполнение бизнес-плана Сверка ПАО Россети все филиалы:743)
	at Выполнение бизнес-плана Сверка ПАО Россети все филиалы.run(Выполнение бизнес-плана Сверка ПАО Россети все филиалы:378)
	at com.kms.katalon.core.main.ScriptEngine.run(ScriptEngine.java:194)
	at com.kms.katalon.core.main.ScriptEngine.runScriptAsRawText(ScriptEngine.java:119)
	at com.kms.katalon.core.main.TestCaseExecutor.runScript(TestCaseExecutor.java:448)
	at com.kms.katalon.core.main.TestCaseExecutor.doExecute(TestCaseExecutor.java:439)
	at com.kms.katalon.core.main.TestCaseExecutor.processExecutionPhase(TestCaseExecutor.java:418)
	at com.kms.katalon.core.main.TestCaseExecutor.accessMainPhase(TestCaseExecutor.java:410)
	at com.kms.katalon.core.main.TestCaseExecutor.execute(TestCaseExecutor.java:285)
	at com.kms.katalon.core.common.CommonExecutor.accessTestCaseMainPhase(CommonExecutor.java:65)
	at com.kms.katalon.core.main.TestSuiteExecutor.accessTestSuiteMainPhase(TestSuiteExecutor.java:150)
	at com.kms.katalon.core.main.TestSuiteExecutor.execute(TestSuiteExecutor.java:106)
	at com.kms.katalon.core.main.TestCaseMain.startTestSuite(TestCaseMain.java:180)
	at TempTestSuite1740991900055.run(TempTestSuite1740991900055.groovy:35)
	at java.base/jdk.internal.reflect.NativeMethodAccessorImpl.invoke0(Native Method)
	at java.base/jdk.internal.reflect.NativeMethodAccessorImpl.invoke(NativeMethodAccessorImpl.java:77)
	at java.base/jdk.internal.reflect.DelegatingMethodAccessorImpl.invoke(DelegatingMethodAccessorImpl.java:43)
)

03-03-2025T13:49:59 - [TEST_STEP][PASSED] - println(numberOfErrors): null

03-03-2025T13:49:59 - [TEST_STEP][PASSED] - println("a=" + a): null

03-03-2025T13:49:59 - [TEST_STEP][PASSED] - if (a == 28 || a == 77 || a == 74 || a == 65 || a == 36 || a == 44 || a == 54 || a == 1 || a == 18 || a == 59): null

03-03-2025T13:49:59 - [TEST_STEP][PASSED] - if (a == 82): null

03-03-2025T13:49:59 - [TEST_STEP][PASSED] - filialNum = 0: null

03-03-2025T13:49:59 - [TEST_STEP][PASSED] - if (a == 36): null

03-03-2025T13:49:59 - [TEST_STEP][PASSED] - if (a == 44): null

03-03-2025T13:49:59 - [TEST_STEP][PASSED] - if (a == 54): null

03-03-2025T13:49:59 - [TEST_STEP][PASSED] - if (a == 59): null

03-03-2025T13:49:59 - [TEST_STEP][PASSED] - Script1718980020443.OpenFilter(): null

03-03-2025T13:49:59 - [TEST_STEP][PASSED] - click(findTestObject("Object Repository/Выполнение бизнес-плана/Фильтр ДЗО")): Object: 'Object Repository/Выполнение бизнес-плана/Фильтр ДЗО' is clicked on

03-03-2025T13:50:00 - [MESSAGE][PASSED] - Object: 'Object Repository/Выполнение бизнес-плана/Фильтр ДЗО' is clicked on

03-03-2025T13:50:00 - [TEST_STEP][PASSED] - click(findTestObject("Выполнение бизнес-плана/Снять выделение в фильтре ДЗО")): Object: 'Object Repository/Выполнение бизнес-плана/Снять выделение в фильтре ДЗО' is clicked on

03-03-2025T13:50:00 - [MESSAGE][PASSED] - Object: 'Object Repository/Выполнение бизнес-плана/Снять выделение в фильтре ДЗО' is clicked on

03-03-2025T13:50:00 - [TEST_STEP][PASSED] - Script1718980020443.CloseFilter(): null

03-03-2025T13:50:00 - [TEST_STEP][PASSED] - scrollToElement(findTestObject("Выполнение бизнес-плана/Заголовок дашборда"), 30): Scroll to object 'Object Repository/Выполнение бизнес-плана/Заголовок дашборда' successfully

03-03-2025T13:50:00 - [MESSAGE][PASSED] - Scroll to object 'Object Repository/Выполнение бизнес-плана/Заголовок дашборда' successfully

03-03-2025T13:50:00 - [TEST_STEP][PASSED] - click(findTestObject("Object Repository/Выполнение бизнес-плана/Применить в фильтре ДЗО")): Object: 'Object Repository/Выполнение бизнес-плана/Применить в фильтре ДЗО' is clicked on

03-03-2025T13:50:01 - [MESSAGE][PASSED] - Object: 'Object Repository/Выполнение бизнес-плана/Применить в фильтре ДЗО' is clicked on

03-03-2025T13:50:01 - [TEST_STEP][PASSED] - delay(60): Delayed 60 second(s)

03-03-2025T13:51:01 - [MESSAGE][PASSED] - Delayed 60 second(s)

03-03-2025T13:51:01 - [TEST_STEP][PASSED] - if (a == 82): null

03-03-2025T13:51:01 - [TEST_STEP][PASSED] - println(dzoNum): null

03-03-2025T13:51:01 - [TEST_STEP][PASSED] - dZO = "Россети Юг": null

03-03-2025T13:51:01 - [TEST_STEP][PASSED] - a = 59: null

03-03-2025T13:51:01 - [TEST_STEP][PASSED] - if (x1.contains("Юг")): null

03-03-2025T13:51:01 - [TEST_STEP][PASSED] - dzoNum = dzoNum + 1: null

03-03-2025T13:51:01 - [TEST_STEP][PASSED] - Script1718980020443.Numbers(a, typeOfData, todaysDate, pageInt, fileInt, pageDouble, fileDouble, dZO, dzoNum, filialNum): null

03-03-2025T13:51:01 - [TEST_STEP][PASSED] - println(dzoNum): null

03-03-2025T13:51:01 - [TEST_STEP][PASSED] - planFact = <not implemented yet for class: org.codehaus.groovy.ast.expr.EmptyExpression>: null

03-03-2025T13:51:01 - [TEST_STEP][PASSED] - page = <not implemented yet for class: org.codehaus.groovy.ast.expr.EmptyExpression>: null

03-03-2025T13:51:01 - [TEST_STEP][PASSED] - page1 = <not implemented yet for class: org.codehaus.groovy.ast.expr.EmptyExpression>: null

03-03-2025T13:51:01 - [TEST_STEP][PASSED] - page2 = <not implemented yet for class: org.codehaus.groovy.ast.expr.EmptyExpression>: null

03-03-2025T13:51:01 - [TEST_STEP][PASSED] - filialNumberInRow = <not implemented yet for class: org.codehaus.groovy.ast.expr.EmptyExpression>: null

03-03-2025T13:51:01 - [TEST_STEP][PASSED] - filialsDzoNames = <not implemented yet for class: org.codehaus.groovy.ast.expr.EmptyExpression>: null

03-03-2025T13:51:01 - [TEST_STEP][PASSED] - numberOfFilials = <not implemented yet for class: org.codehaus.groovy.ast.expr.EmptyExpression>: null

03-03-2025T13:51:01 - [TEST_STEP][PASSED] - numberOfSpaces = <not implemented yet for class: org.codehaus.groovy.ast.expr.EmptyExpression>: null

03-03-2025T13:51:01 - [TEST_STEP][PASSED] - file = <not implemented yet for class: org.codehaus.groovy.ast.expr.EmptyExpression>: null

03-03-2025T13:51:01 - [TEST_STEP][PASSED] - otpusk = <not implemented yet for class: org.codehaus.groovy.ast.expr.EmptyExpression>: null

03-03-2025T13:51:01 - [TEST_STEP][PASSED] - poteri = <not implemented yet for class: org.codehaus.groovy.ast.expr.EmptyExpression>: null

03-03-2025T13:51:01 - [TEST_STEP][PASSED] - dataFolder = "Выполнение бизнес-плана/Значения со страницы Выполнение бизнес-плана/": null

03-03-2025T13:51:01 - [TEST_STEP][PASSED] - path = <not implemented yet for class: org.codehaus.groovy.ast.expr.EmptyExpression>: null

03-03-2025T13:51:01 - [TEST_STEP][PASSED] - typeOfDataMain = <not implemented yet for class: org.codehaus.groovy.ast.expr.EmptyExpression>: null

03-03-2025T13:51:01 - [TEST_STEP][PASSED] - fileOtpuskVSet = <not implemented yet for class: org.codehaus.groovy.ast.expr.EmptyExpression>: null

03-03-2025T13:51:01 - [TEST_STEP][PASSED] - pageOtpuskVSet = <not implemented yet for class: org.codehaus.groovy.ast.expr.EmptyExpression>: null

03-03-2025T13:51:01 - [TEST_STEP][PASSED] - filePoteri = <not implemented yet for class: org.codehaus.groovy.ast.expr.EmptyExpression>: null

03-03-2025T13:51:01 - [TEST_STEP][PASSED] - pagePoteri = <not implemented yet for class: org.codehaus.groovy.ast.expr.EmptyExpression>: null

03-03-2025T13:51:01 - [TEST_STEP][PASSED] - compare = <not implemented yet for class: org.codehaus.groovy.ast.expr.EmptyExpression>: null

03-03-2025T13:51:01 - [TEST_STEP][PASSED] - b = <not implemented yet for class: org.codehaus.groovy.ast.expr.EmptyExpression>: null

03-03-2025T13:51:01 - [TEST_STEP][PASSED] - i = <not implemented yet for class: org.codehaus.groovy.ast.expr.EmptyExpression>: null

03-03-2025T13:51:01 - [TEST_STEP][PASSED] - ii = <not implemented yet for class: org.codehaus.groovy.ast.expr.EmptyExpression>: null

03-03-2025T13:51:01 - [TEST_STEP][PASSED] - c = <not implemented yet for class: org.codehaus.groovy.ast.expr.EmptyExpression>: null

03-03-2025T13:51:01 - [TEST_STEP][PASSED] - numberOfErrors = 0: null

03-03-2025T13:51:01 - [TEST_STEP][PASSED] - if (a == 82): null

03-03-2025T13:51:01 - [TEST_STEP][PASSED] - b = findTestData("PlanFact").getValue(1, a): null

03-03-2025T13:51:01 - [TEST_STEP][PASSED] - i = b.indexOf(" (ГК)"): null

03-03-2025T13:51:01 - [TEST_STEP][PASSED] - if (i > -1): null

03-03-2025T13:51:01 - [TEST_STEP][PASSED] - b = b.substring(0, i): null

03-03-2025T13:51:01 - [TEST_STEP][PASSED] - i = b.indexOf("О ""): null

03-03-2025T13:51:01 - [TEST_STEP][PASSED] - if (i > -1): null

03-03-2025T13:51:01 - [TEST_STEP][PASSED] - i = b.indexOf("О «"): null

03-03-2025T13:51:01 - [TEST_STEP][PASSED] - if (i > -1): null

03-03-2025T13:51:01 - [TEST_STEP][PASSED] - i = b.indexOf("г. "): null

03-03-2025T13:51:01 - [TEST_STEP][PASSED] - if (i > -1): null

03-03-2025T13:51:01 - [TEST_STEP][PASSED] - b = b.trim(): null

03-03-2025T13:51:01 - [TEST_STEP][PASSED] - println(b): null

03-03-2025T13:51:01 - [TEST_STEP][PASSED] - for ([planFact = 1, planFact < 3, (planFact++)]): null

03-03-2025T13:51:01 - [TEST_STEP][PASSED] - if (planFact == 1): null

03-03-2025T13:51:01 - [TEST_STEP][PASSED] - typeOfDataMain = "Факт": null

03-03-2025T13:51:01 - [TEST_STEP][PASSED] - otpusk = findTestData("PlanFact").getValue(5, a): null

03-03-2025T13:51:01 - [TEST_STEP][PASSED] - poteri = findTestData("PlanFact").getValue(6, a): null

03-03-2025T13:51:02 - [TEST_STEP][PASSED] - otpusk = otpusk.replaceAll("\s+", ""): null

03-03-2025T13:51:02 - [TEST_STEP][PASSED] - poteri = poteri.replaceAll("\s+", ""): null

03-03-2025T13:51:02 - [TEST_STEP][PASSED] - typeOfData = typeOfDataMain + " Отпуск в сеть": null

03-03-2025T13:51:02 - [TEST_STEP][PASSED] - if (a == 82): null

03-03-2025T13:51:02 - [TEST_STEP][PASSED] - else if (a == 84): null

03-03-2025T13:51:02 - [TEST_STEP][PASSED] - else if (a == 83 || a == 52 || a == 72 || a == 28 || a == 73 || a == 77 || a == 74 || a == 65 || a == 36 || a == 44 || a == 53 || a == 80 || a == 54 || a == 1 || a == 18 || a == 59 || a == 81): null

03-03-2025T13:51:02 - [TEST_STEP][PASSED] - path = dataFolder + "Table Data/" + typeOfData + " за отчётный период " + dzoNum: null

03-03-2025T13:51:02 - [TEST_STEP][PASSED] - println(path): null

03-03-2025T13:51:02 - [TEST_STEP][PASSED] - page = getText(findTestObject(path)): Text of object 'Object Repository/Выполнение бизнес-плана/Значения со страницы Выполнение бизнес-плана/Table Data/Факт Отпуск в сеть за отчётный период 16' is: '31 469 131'

03-03-2025T13:51:02 - [MESSAGE][PASSED] - Text of object 'Object Repository/Выполнение бизнес-плана/Значения со страницы Выполнение бизнес-плана/Table Data/Факт Отпуск в сеть за отчётный период 16' is: '31 469 131'

03-03-2025T13:51:02 - [TEST_STEP][PASSED] - if (page == "" || page == null): null

03-03-2025T13:51:02 - [TEST_STEP][PASSED] - else: null

03-03-2025T13:51:02 - [TEST_STEP][PASSED] - page = page.replaceAll("\s+", ""): null

03-03-2025T13:51:02 - [TEST_STEP][PASSED] - fileOtpuskVSet = otpusk.toInteger(): null

03-03-2025T13:51:02 - [TEST_STEP][PASSED] - pageOtpuskVSet = page.toInteger(): null

03-03-2025T13:51:02 - [TEST_STEP][PASSED] - typeOfData = typeOfDataMain + " Потери": null

03-03-2025T13:51:02 - [TEST_STEP][PASSED] - if (a == 82): null

03-03-2025T13:51:02 - [TEST_STEP][PASSED] - else if (a == 84): null

03-03-2025T13:51:02 - [TEST_STEP][PASSED] - else if (a == 83 || a == 52 || a == 72 || a == 28 || a == 73 || a == 77 || a == 74 || a == 65 || a == 44 || a == 53 || a == 80 || a == 54 || a == 1 || a == 18 || a == 59 || a == 81): null

03-03-2025T13:51:02 - [TEST_STEP][PASSED] - path = dataFolder + "Table Data/" + typeOfData + " за отчётный период " + dzoNum: null

03-03-2025T13:51:02 - [TEST_STEP][PASSED] - page = getText(findTestObject(path)): Text of object 'Object Repository/Выполнение бизнес-плана/Значения со страницы Выполнение бизнес-плана/Table Data/Факт Потери за отчётный период 16' is: '2 905 588'

03-03-2025T13:51:02 - [MESSAGE][PASSED] - Text of object 'Object Repository/Выполнение бизнес-плана/Значения со страницы Выполнение бизнес-плана/Table Data/Факт Потери за отчётный период 16' is: '2 905 588'

03-03-2025T13:51:02 - [TEST_STEP][PASSED] - if (page == "" || page == null): null

03-03-2025T13:51:02 - [TEST_STEP][PASSED] - else: null

03-03-2025T13:51:02 - [TEST_STEP][PASSED] - page = page.replaceAll("\s+", ""): null

03-03-2025T13:51:02 - [TEST_STEP][PASSED] - filePoteri = poteri.toInteger(): null

03-03-2025T13:51:02 - [TEST_STEP][PASSED] - pagePoteri = page.toInteger(): null

03-03-2025T13:51:02 - [TEST_STEP][PASSED] - compare = pageOtpuskVSet: null

03-03-2025T13:51:02 - [TEST_STEP][PASSED] - if (pageOtpuskVSet != null): null

03-03-2025T13:51:02 - [TEST_STEP][PASSED] - if (compare == fileOtpuskVSet): null

03-03-2025T13:51:02 - [TEST_STEP][PASSED] - else if (compare > fileOtpuskVSet): null

03-03-2025T13:51:02 - [TEST_STEP][PASSED] - compare = compare - 1: null

03-03-2025T13:51:02 - [TEST_STEP][PASSED] - if (compare == fileOtpuskVSet): null

03-03-2025T13:51:02 - [TEST_STEP][PASSED] - else: null

03-03-2025T13:51:02 - [TEST_STEP][PASSED] - numberOfErrors = numberOfErrors + 1: null

03-03-2025T13:51:02 - [TEST_STEP][PASSED] - pageInt = pageOtpuskVSet: null

03-03-2025T13:51:02 - [TEST_STEP][PASSED] - fileInt = fileOtpuskVSet: null

03-03-2025T13:51:02 - [TEST_STEP][PASSED] - typeOfData = typeOfDataMain + " Отпуск в сеть": null

03-03-2025T13:51:02 - [TEST_STEP][PASSED] - Script1718980020443.WriteToExcel(a, typeOfData, todaysDate, pageInt, fileInt, pageDouble, fileDouble, dZO): null

03-03-2025T13:51:02 - [TEST_STEP][PASSED] - sheetName = "Sheet1": null

03-03-2025T13:51:02 - [TEST_STEP][PASSED] - data = findTestData("PlanFact"): null

03-03-2025T13:51:02 - [TEST_STEP][PASSED] - n = data.getRowNumbers() + 1: null

03-03-2025T13:51:02 - [TEST_STEP][PASSED] - day = ")).toInteger(): null

03-03-2025T13:51:02 - [TEST_STEP][PASSED] - println(day): null

03-03-2025T13:51:02 - [TEST_STEP][PASSED] - month = ")).toInteger(): null

03-03-2025T13:51:02 - [TEST_STEP][PASSED] - println(month): null

03-03-2025T13:51:02 - [TEST_STEP][PASSED] - y = <not implemented yet for class: org.codehaus.groovy.ast.expr.EmptyExpression>: null

03-03-2025T13:51:02 - [TEST_STEP][PASSED] - iy = <not implemented yet for class: org.codehaus.groovy.ast.expr.EmptyExpression>: null

03-03-2025T13:51:02 - [TEST_STEP][PASSED] - m = getText(findTestObject("Выполнение бизнес-плана/Период")): Text of object 'Object Repository/Выполнение бизнес-плана/Период' is: '2024 год'

03-03-2025T13:51:02 - [MESSAGE][PASSED] - Text of object 'Object Repository/Выполнение бизнес-плана/Период' is: '2024 год'

03-03-2025T13:51:02 - [TEST_STEP][PASSED] - iy = m.indexOf("20"): null

03-03-2025T13:51:02 - [TEST_STEP][PASSED] - if (iy > -1): null

03-03-2025T13:51:02 - [TEST_STEP][PASSED] - y = substring(iy, iy + 4).toInteger(): null

03-03-2025T13:51:02 - [TEST_STEP][PASSED] - println(y): null

03-03-2025T13:51:02 - [TEST_STEP][PASSED] - if (toString().length() == 4): null

03-03-2025T13:51:02 - [TEST_STEP][PASSED] - m = m.substring(0, m.indexOf(y.toString())): null

03-03-2025T13:51:02 - [TEST_STEP][PASSED] - m = m.trim(): null

03-03-2025T13:51:02 - [TEST_STEP][PASSED] - if (m == ""): null

03-03-2025T13:51:02 - [TEST_STEP][PASSED] - m = "весь год": null

03-03-2025T13:51:02 - [TEST_STEP][PASSED] - dashboardName = "Выполнение бизнес-плана": null

03-03-2025T13:51:02 - [TEST_STEP][PASSED] - workbook01 = getWorkbook(excelFilePath): null

03-03-2025T13:51:03 - [TEST_STEP][PASSED] - sheet01 = getExcelSheet(workbook01, sheetName): null

03-03-2025T13:51:03 - [TEST_STEP][PASSED] - setValueToCellByIndex(sheet01, n, 0, dashboardName): null

03-03-2025T13:51:03 - [TEST_STEP][PASSED] - setValueToCellByIndex(sheet01, n, 1, dZO): null

03-03-2025T13:51:03 - [TEST_STEP][PASSED] - setValueToCellByIndex(sheet01, n, 2, typeOfData): null

03-03-2025T13:51:03 - [TEST_STEP][PASSED] - if (typeOfData == "Факт в процентах" || typeOfData == "План в процентах"): null

03-03-2025T13:51:03 - [TEST_STEP][PASSED] - else: null

03-03-2025T13:51:03 - [TEST_STEP][PASSED] - setValueToCellByIndex(sheet01, n, 3, fileInt): null

03-03-2025T13:51:03 - [TEST_STEP][PASSED] - setValueToCellByIndex(sheet01, n, 4, pageInt): null

03-03-2025T13:51:03 - [TEST_STEP][PASSED] - setValueToCellByIndex(sheet01, n, 5, m): null

03-03-2025T13:51:03 - [TEST_STEP][PASSED] - setValueToCellByIndex(sheet01, n, 6, y): null

03-03-2025T13:51:03 - [TEST_STEP][PASSED] - setValueToCellByIndex(sheet01, n, 7, todaysDate): null

03-03-2025T13:51:03 - [TEST_STEP][PASSED] - n = n + 1: null

03-03-2025T13:51:03 - [TEST_STEP][PASSED] - saveWorkbook(excelFilePath, workbook01): null

03-03-2025T13:51:03 - [TEST_STEP][PASSED] - compare = pagePoteri: null

03-03-2025T13:51:03 - [TEST_STEP][PASSED] - if (pageOtpuskVSet != null): null

03-03-2025T13:51:03 - [TEST_STEP][PASSED] - if (compare == filePoteri): null

03-03-2025T13:51:03 - [TEST_STEP][PASSED] - else if (compare > filePoteri): null

03-03-2025T13:51:03 - [TEST_STEP][PASSED] - compare = compare - 1: null

03-03-2025T13:51:03 - [TEST_STEP][PASSED] - if (compare == filePoteri): null

03-03-2025T13:51:03 - [TEST_STEP][PASSED] - else: null

03-03-2025T13:51:03 - [TEST_STEP][PASSED] - numberOfErrors = numberOfErrors + 1: null

03-03-2025T13:51:03 - [TEST_STEP][PASSED] - pageInt = pagePoteri: null

03-03-2025T13:51:03 - [TEST_STEP][PASSED] - fileInt = filePoteri: null

03-03-2025T13:51:03 - [TEST_STEP][PASSED] - typeOfData = typeOfDataMain + " Потери": null

03-03-2025T13:51:03 - [TEST_STEP][PASSED] - Script1718980020443.WriteToExcel(a, typeOfData, todaysDate, pageInt, fileInt, pageDouble, fileDouble, dZO): null

03-03-2025T13:51:03 - [TEST_STEP][PASSED] - sheetName = "Sheet1": null

03-03-2025T13:51:03 - [TEST_STEP][PASSED] - data = findTestData("PlanFact"): null

03-03-2025T13:51:03 - [TEST_STEP][PASSED] - n = data.getRowNumbers() + 1: null

03-03-2025T13:51:03 - [TEST_STEP][PASSED] - day = ")).toInteger(): null

03-03-2025T13:51:03 - [TEST_STEP][PASSED] - println(day): null

03-03-2025T13:51:03 - [TEST_STEP][PASSED] - month = ")).toInteger(): null

03-03-2025T13:51:03 - [TEST_STEP][PASSED] - println(month): null

03-03-2025T13:51:03 - [TEST_STEP][PASSED] - y = <not implemented yet for class: org.codehaus.groovy.ast.expr.EmptyExpression>: null

03-03-2025T13:51:03 - [TEST_STEP][PASSED] - iy = <not implemented yet for class: org.codehaus.groovy.ast.expr.EmptyExpression>: null

03-03-2025T13:51:03 - [TEST_STEP][PASSED] - m = getText(findTestObject("Выполнение бизнес-плана/Период")): Text of object 'Object Repository/Выполнение бизнес-плана/Период' is: '2024 год'

03-03-2025T13:51:03 - [MESSAGE][PASSED] - Text of object 'Object Repository/Выполнение бизнес-плана/Период' is: '2024 год'

03-03-2025T13:51:03 - [TEST_STEP][PASSED] - iy = m.indexOf("20"): null

03-03-2025T13:51:03 - [TEST_STEP][PASSED] - if (iy > -1): null

03-03-2025T13:51:03 - [TEST_STEP][PASSED] - y = substring(iy, iy + 4).toInteger(): null

03-03-2025T13:51:03 - [TEST_STEP][PASSED] - println(y): null

03-03-2025T13:51:03 - [TEST_STEP][PASSED] - if (toString().length() == 4): null

03-03-2025T13:51:03 - [TEST_STEP][PASSED] - m = m.substring(0, m.indexOf(y.toString())): null

03-03-2025T13:51:03 - [TEST_STEP][PASSED] - m = m.trim(): null

03-03-2025T13:51:03 - [TEST_STEP][PASSED] - if (m == ""): null

03-03-2025T13:51:03 - [TEST_STEP][PASSED] - m = "весь год": null

03-03-2025T13:51:03 - [TEST_STEP][PASSED] - dashboardName = "Выполнение бизнес-плана": null

03-03-2025T13:51:03 - [TEST_STEP][PASSED] - workbook01 = getWorkbook(excelFilePath): null

03-03-2025T13:51:03 - [TEST_STEP][PASSED] - sheet01 = getExcelSheet(workbook01, sheetName): null

03-03-2025T13:51:03 - [TEST_STEP][PASSED] - setValueToCellByIndex(sheet01, n, 0, dashboardName): null

03-03-2025T13:51:03 - [TEST_STEP][PASSED] - setValueToCellByIndex(sheet01, n, 1, dZO): null

03-03-2025T13:51:03 - [TEST_STEP][PASSED] - setValueToCellByIndex(sheet01, n, 2, typeOfData): null

03-03-2025T13:51:03 - [TEST_STEP][PASSED] - if (typeOfData == "Факт в процентах" || typeOfData == "План в процентах"): null

03-03-2025T13:51:03 - [TEST_STEP][PASSED] - else: null

03-03-2025T13:51:03 - [TEST_STEP][PASSED] - setValueToCellByIndex(sheet01, n, 3, fileInt): null

03-03-2025T13:51:03 - [TEST_STEP][PASSED] - setValueToCellByIndex(sheet01, n, 4, pageInt): null

03-03-2025T13:51:03 - [TEST_STEP][PASSED] - setValueToCellByIndex(sheet01, n, 5, m): null

03-03-2025T13:51:03 - [TEST_STEP][PASSED] - setValueToCellByIndex(sheet01, n, 6, y): null

03-03-2025T13:51:03 - [TEST_STEP][PASSED] - setValueToCellByIndex(sheet01, n, 7, todaysDate): null

03-03-2025T13:51:03 - [TEST_STEP][PASSED] - n = n + 1: null

03-03-2025T13:51:03 - [TEST_STEP][PASSED] - saveWorkbook(excelFilePath, workbook01): null

03-03-2025T13:51:03 - [TEST_STEP][PASSED] - if (planFact == 2): null

03-03-2025T13:51:03 - [TEST_STEP][PASSED] - if (planFact == 1): null

03-03-2025T13:51:03 - [TEST_STEP][PASSED] - else if (planFact == 2): null

03-03-2025T13:51:03 - [TEST_STEP][PASSED] - click(findTestObject("Выполнение бизнес-плана/Кнопка План")): Object: 'Object Repository/Выполнение бизнес-плана/Кнопка План' is clicked on

03-03-2025T13:51:04 - [MESSAGE][PASSED] - Object: 'Object Repository/Выполнение бизнес-плана/Кнопка План' is clicked on

03-03-2025T13:51:04 - [TEST_STEP][PASSED] - typeOfDataMain = "План": null

03-03-2025T13:51:04 - [TEST_STEP][PASSED] - otpusk = findTestData("PlanFact").getValue(2, a): null

03-03-2025T13:51:04 - [TEST_STEP][PASSED] - poteri = findTestData("PlanFact").getValue(3, a): null

03-03-2025T13:51:04 - [TEST_STEP][PASSED] - otpusk = otpusk.replaceAll("\s+", ""): null

03-03-2025T13:51:04 - [TEST_STEP][PASSED] - poteri = poteri.replaceAll("\s+", ""): null

03-03-2025T13:51:04 - [TEST_STEP][PASSED] - typeOfData = typeOfDataMain + " Отпуск в сеть": null

03-03-2025T13:51:04 - [TEST_STEP][PASSED] - if (a == 82): null

03-03-2025T13:51:04 - [TEST_STEP][PASSED] - else if (a == 84): null

03-03-2025T13:51:04 - [TEST_STEP][PASSED] - else if (a == 83 || a == 52 || a == 72 || a == 28 || a == 73 || a == 77 || a == 74 || a == 65 || a == 36 || a == 44 || a == 53 || a == 80 || a == 54 || a == 1 || a == 18 || a == 59 || a == 81): null

03-03-2025T13:51:04 - [TEST_STEP][PASSED] - path = dataFolder + "Table Data/" + typeOfData + " за отчётный период " + dzoNum: null

03-03-2025T13:51:04 - [TEST_STEP][PASSED] - println(path): null

03-03-2025T13:51:04 - [TEST_STEP][PASSED] - page = getText(findTestObject(path)): Text of object 'Object Repository/Выполнение бизнес-плана/Значения со страницы Выполнение бизнес-плана/Table Data/План Отпуск в сеть за отчётный период 16' is: '30 664 423'

03-03-2025T13:51:04 - [MESSAGE][PASSED] - Text of object 'Object Repository/Выполнение бизнес-плана/Значения со страницы Выполнение бизнес-плана/Table Data/План Отпуск в сеть за отчётный период 16' is: '30 664 423'

03-03-2025T13:51:04 - [TEST_STEP][PASSED] - if (page == "" || page == null): null

03-03-2025T13:51:04 - [TEST_STEP][PASSED] - else: null

03-03-2025T13:51:04 - [TEST_STEP][PASSED] - page = page.replaceAll("\s+", ""): null

03-03-2025T13:51:04 - [TEST_STEP][PASSED] - fileOtpuskVSet = otpusk.toInteger(): null

03-03-2025T13:51:04 - [TEST_STEP][PASSED] - pageOtpuskVSet = page.toInteger(): null

03-03-2025T13:51:04 - [TEST_STEP][PASSED] - typeOfData = typeOfDataMain + " Потери": null

03-03-2025T13:51:04 - [TEST_STEP][PASSED] - if (a == 82): null

03-03-2025T13:51:04 - [TEST_STEP][PASSED] - else if (a == 84): null

03-03-2025T13:51:04 - [TEST_STEP][PASSED] - else if (a == 83 || a == 52 || a == 72 || a == 28 || a == 73 || a == 77 || a == 74 || a == 65 || a == 44 || a == 53 || a == 80 || a == 54 || a == 1 || a == 18 || a == 59 || a == 81): null

03-03-2025T13:51:04 - [TEST_STEP][PASSED] - path = dataFolder + "Table Data/" + typeOfData + " за отчётный период " + dzoNum: null

03-03-2025T13:51:04 - [TEST_STEP][PASSED] - page = getText(findTestObject(path)): Text of object 'Object Repository/Выполнение бизнес-плана/Значения со страницы Выполнение бизнес-плана/Table Data/План Потери за отчётный период 16' is: '2 935 542'

03-03-2025T13:51:04 - [MESSAGE][PASSED] - Text of object 'Object Repository/Выполнение бизнес-плана/Значения со страницы Выполнение бизнес-плана/Table Data/План Потери за отчётный период 16' is: '2 935 542'

03-03-2025T13:51:04 - [TEST_STEP][PASSED] - if (page == "" || page == null): null

03-03-2025T13:51:04 - [TEST_STEP][PASSED] - else: null

03-03-2025T13:51:04 - [TEST_STEP][PASSED] - page = page.replaceAll("\s+", ""): null

03-03-2025T13:51:04 - [TEST_STEP][PASSED] - filePoteri = poteri.toInteger(): null

03-03-2025T13:51:04 - [TEST_STEP][PASSED] - pagePoteri = page.toInteger(): null

03-03-2025T13:51:04 - [TEST_STEP][PASSED] - compare = pageOtpuskVSet: null

03-03-2025T13:51:04 - [TEST_STEP][PASSED] - if (pageOtpuskVSet != null): null

03-03-2025T13:51:04 - [TEST_STEP][PASSED] - if (compare == fileOtpuskVSet): null

03-03-2025T13:51:04 - [TEST_STEP][PASSED] - else if (compare > fileOtpuskVSet): null

03-03-2025T13:51:04 - [TEST_STEP][PASSED] - compare = compare - 1: null

03-03-2025T13:51:04 - [TEST_STEP][PASSED] - if (compare == fileOtpuskVSet): null

03-03-2025T13:51:04 - [TEST_STEP][PASSED] - else: null

03-03-2025T13:51:04 - [TEST_STEP][PASSED] - numberOfErrors = numberOfErrors + 1: null

03-03-2025T13:51:04 - [TEST_STEP][PASSED] - pageInt = pageOtpuskVSet: null

03-03-2025T13:51:04 - [TEST_STEP][PASSED] - fileInt = fileOtpuskVSet: null

03-03-2025T13:51:04 - [TEST_STEP][PASSED] - typeOfData = typeOfDataMain + " Отпуск в сеть": null

03-03-2025T13:51:04 - [TEST_STEP][PASSED] - Script1718980020443.WriteToExcel(a, typeOfData, todaysDate, pageInt, fileInt, pageDouble, fileDouble, dZO): null

03-03-2025T13:51:04 - [TEST_STEP][PASSED] - sheetName = "Sheet1": null

03-03-2025T13:51:04 - [TEST_STEP][PASSED] - data = findTestData("PlanFact"): null

03-03-2025T13:51:04 - [TEST_STEP][PASSED] - n = data.getRowNumbers() + 1: null

03-03-2025T13:51:04 - [TEST_STEP][PASSED] - day = ")).toInteger(): null

03-03-2025T13:51:04 - [TEST_STEP][PASSED] - println(day): null

03-03-2025T13:51:04 - [TEST_STEP][PASSED] - month = ")).toInteger(): null

03-03-2025T13:51:04 - [TEST_STEP][PASSED] - println(month): null

03-03-2025T13:51:04 - [TEST_STEP][PASSED] - y = <not implemented yet for class: org.codehaus.groovy.ast.expr.EmptyExpression>: null

03-03-2025T13:51:04 - [TEST_STEP][PASSED] - iy = <not implemented yet for class: org.codehaus.groovy.ast.expr.EmptyExpression>: null

03-03-2025T13:51:04 - [TEST_STEP][PASSED] - m = getText(findTestObject("Выполнение бизнес-плана/Период")): Text of object 'Object Repository/Выполнение бизнес-плана/Период' is: '2024 год'

03-03-2025T13:51:05 - [MESSAGE][PASSED] - Text of object 'Object Repository/Выполнение бизнес-плана/Период' is: '2024 год'

03-03-2025T13:51:05 - [TEST_STEP][PASSED] - iy = m.indexOf("20"): null

03-03-2025T13:51:05 - [TEST_STEP][PASSED] - if (iy > -1): null

03-03-2025T13:51:05 - [TEST_STEP][PASSED] - y = substring(iy, iy + 4).toInteger(): null

03-03-2025T13:51:05 - [TEST_STEP][PASSED] - println(y): null

03-03-2025T13:51:05 - [TEST_STEP][PASSED] - if (toString().length() == 4): null

03-03-2025T13:51:05 - [TEST_STEP][PASSED] - m = m.substring(0, m.indexOf(y.toString())): null

03-03-2025T13:51:05 - [TEST_STEP][PASSED] - m = m.trim(): null

03-03-2025T13:51:05 - [TEST_STEP][PASSED] - if (m == ""): null

03-03-2025T13:51:05 - [TEST_STEP][PASSED] - m = "весь год": null

03-03-2025T13:51:05 - [TEST_STEP][PASSED] - dashboardName = "Выполнение бизнес-плана": null

03-03-2025T13:51:05 - [TEST_STEP][PASSED] - workbook01 = getWorkbook(excelFilePath): null

03-03-2025T13:51:05 - [TEST_STEP][PASSED] - sheet01 = getExcelSheet(workbook01, sheetName): null

03-03-2025T13:51:05 - [TEST_STEP][PASSED] - setValueToCellByIndex(sheet01, n, 0, dashboardName): null

03-03-2025T13:51:05 - [TEST_STEP][PASSED] - setValueToCellByIndex(sheet01, n, 1, dZO): null

03-03-2025T13:51:05 - [TEST_STEP][PASSED] - setValueToCellByIndex(sheet01, n, 2, typeOfData): null

03-03-2025T13:51:05 - [TEST_STEP][PASSED] - if (typeOfData == "Факт в процентах" || typeOfData == "План в процентах"): null

03-03-2025T13:51:05 - [TEST_STEP][PASSED] - else: null

03-03-2025T13:51:05 - [TEST_STEP][PASSED] - setValueToCellByIndex(sheet01, n, 3, fileInt): null

03-03-2025T13:51:05 - [TEST_STEP][PASSED] - setValueToCellByIndex(sheet01, n, 4, pageInt): null

03-03-2025T13:51:05 - [TEST_STEP][PASSED] - setValueToCellByIndex(sheet01, n, 5, m): null

03-03-2025T13:51:05 - [TEST_STEP][PASSED] - setValueToCellByIndex(sheet01, n, 6, y): null

03-03-2025T13:51:05 - [TEST_STEP][PASSED] - setValueToCellByIndex(sheet01, n, 7, todaysDate): null

03-03-2025T13:51:05 - [TEST_STEP][PASSED] - n = n + 1: null

03-03-2025T13:51:05 - [TEST_STEP][PASSED] - saveWorkbook(excelFilePath, workbook01): null

03-03-2025T13:51:05 - [TEST_STEP][PASSED] - compare = pagePoteri: null

03-03-2025T13:51:05 - [TEST_STEP][PASSED] - if (pageOtpuskVSet != null): null

03-03-2025T13:51:05 - [TEST_STEP][PASSED] - if (compare == filePoteri): null

03-03-2025T13:51:05 - [TEST_STEP][PASSED] - else if (compare > filePoteri): null

03-03-2025T13:51:05 - [TEST_STEP][PASSED] - compare = compare - 1: null

03-03-2025T13:51:05 - [TEST_STEP][PASSED] - if (compare == filePoteri): null

03-03-2025T13:51:05 - [TEST_STEP][PASSED] - else: null

03-03-2025T13:51:05 - [TEST_STEP][PASSED] - numberOfErrors = numberOfErrors + 1: null

03-03-2025T13:51:05 - [TEST_STEP][PASSED] - pageInt = pagePoteri: null

03-03-2025T13:51:05 - [TEST_STEP][PASSED] - fileInt = filePoteri: null

03-03-2025T13:51:05 - [TEST_STEP][PASSED] - typeOfData = typeOfDataMain + " Потери": null

03-03-2025T13:51:05 - [TEST_STEP][PASSED] - Script1718980020443.WriteToExcel(a, typeOfData, todaysDate, pageInt, fileInt, pageDouble, fileDouble, dZO): null

03-03-2025T13:51:05 - [TEST_STEP][PASSED] - sheetName = "Sheet1": null

03-03-2025T13:51:05 - [TEST_STEP][PASSED] - data = findTestData("PlanFact"): null

03-03-2025T13:51:05 - [TEST_STEP][PASSED] - n = data.getRowNumbers() + 1: null

03-03-2025T13:51:05 - [TEST_STEP][PASSED] - day = ")).toInteger(): null

03-03-2025T13:51:05 - [TEST_STEP][PASSED] - println(day): null

03-03-2025T13:51:05 - [TEST_STEP][PASSED] - month = ")).toInteger(): null

03-03-2025T13:51:05 - [TEST_STEP][PASSED] - println(month): null

03-03-2025T13:51:05 - [TEST_STEP][PASSED] - y = <not implemented yet for class: org.codehaus.groovy.ast.expr.EmptyExpression>: null

03-03-2025T13:51:05 - [TEST_STEP][PASSED] - iy = <not implemented yet for class: org.codehaus.groovy.ast.expr.EmptyExpression>: null

03-03-2025T13:51:05 - [TEST_STEP][PASSED] - m = getText(findTestObject("Выполнение бизнес-плана/Период")): Text of object 'Object Repository/Выполнение бизнес-плана/Период' is: '2024 год'

03-03-2025T13:51:05 - [MESSAGE][PASSED] - Text of object 'Object Repository/Выполнение бизнес-плана/Период' is: '2024 год'

03-03-2025T13:51:05 - [TEST_STEP][PASSED] - iy = m.indexOf("20"): null

03-03-2025T13:51:05 - [TEST_STEP][PASSED] - if (iy > -1): null

03-03-2025T13:51:05 - [TEST_STEP][PASSED] - y = substring(iy, iy + 4).toInteger(): null

03-03-2025T13:51:05 - [TEST_STEP][PASSED] - println(y): null

03-03-2025T13:51:05 - [TEST_STEP][PASSED] - if (toString().length() == 4): null

03-03-2025T13:51:05 - [TEST_STEP][PASSED] - m = m.substring(0, m.indexOf(y.toString())): null

03-03-2025T13:51:05 - [TEST_STEP][PASSED] - m = m.trim(): null

03-03-2025T13:51:05 - [TEST_STEP][PASSED] - if (m == ""): null

03-03-2025T13:51:05 - [TEST_STEP][PASSED] - m = "весь год": null

03-03-2025T13:51:05 - [TEST_STEP][PASSED] - dashboardName = "Выполнение бизнес-плана": null

03-03-2025T13:51:05 - [TEST_STEP][PASSED] - workbook01 = getWorkbook(excelFilePath): null

03-03-2025T13:51:06 - [TEST_STEP][PASSED] - sheet01 = getExcelSheet(workbook01, sheetName): null

03-03-2025T13:51:06 - [TEST_STEP][PASSED] - setValueToCellByIndex(sheet01, n, 0, dashboardName): null

03-03-2025T13:51:06 - [TEST_STEP][PASSED] - setValueToCellByIndex(sheet01, n, 1, dZO): null

03-03-2025T13:51:06 - [TEST_STEP][PASSED] - setValueToCellByIndex(sheet01, n, 2, typeOfData): null

03-03-2025T13:51:06 - [TEST_STEP][PASSED] - if (typeOfData == "Факт в процентах" || typeOfData == "План в процентах"): null

03-03-2025T13:51:06 - [TEST_STEP][PASSED] - else: null

03-03-2025T13:51:06 - [TEST_STEP][PASSED] - setValueToCellByIndex(sheet01, n, 3, fileInt): null

03-03-2025T13:51:06 - [TEST_STEP][PASSED] - setValueToCellByIndex(sheet01, n, 4, pageInt): null

03-03-2025T13:51:06 - [TEST_STEP][PASSED] - setValueToCellByIndex(sheet01, n, 5, m): null

03-03-2025T13:51:06 - [TEST_STEP][PASSED] - setValueToCellByIndex(sheet01, n, 6, y): null

03-03-2025T13:51:06 - [TEST_STEP][PASSED] - setValueToCellByIndex(sheet01, n, 7, todaysDate): null

03-03-2025T13:51:06 - [TEST_STEP][PASSED] - n = n + 1: null

03-03-2025T13:51:06 - [TEST_STEP][PASSED] - saveWorkbook(excelFilePath, workbook01): Object: 'Object Repository/Выполнение бизнес-плана/Кнопка Факт' is clicked on

03-03-2025T13:51:06 - [TEST_STEP][PASSED] - if (planFact == 2): Object: 'Object Repository/Выполнение бизнес-плана/Кнопка Факт' is clicked on

03-03-2025T13:51:06 - [TEST_STEP][PASSED] - click(findTestObject("Выполнение бизнес-плана/Кнопка Факт")): Object: 'Object Repository/Выполнение бизнес-плана/Кнопка Факт' is clicked on

03-03-2025T13:51:06 - [MESSAGE][PASSED] - Object: 'Object Repository/Выполнение бизнес-плана/Кнопка Факт' is clicked on

03-03-2025T13:51:06 - [TEST_STEP][PASSED] - println("a=" + a): null

03-03-2025T13:51:06 - [TEST_STEP][PASSED] - if (a == 84 || a == 82): null

03-03-2025T13:51:06 - [TEST_STEP][PASSED] - else if (a == 83 || a == 52 || a == 72 || a == 28 || a == 73 || a == 77 || a == 74 || a == 65 || a == 36 || a == 44 || a == 53 || a == 80 || a == 54 || a == 1 || a == 18 || a == 59 || a == 81): null

03-03-2025T13:51:06 - [TEST_STEP][PASSED] - page1 = getText(findTestObject("Object Repository/Выполнение бизнес-плана/spanPlan" + dzoNum)): Text of object 'Object Repository/Выполнение бизнес-плана/spanPlan16' is: '9.59
|'

03-03-2025T13:51:06 - [MESSAGE][PASSED] - Text of object 'Object Repository/Выполнение бизнес-плана/spanPlan16' is: '9.59
|'

03-03-2025T13:51:06 - [TEST_STEP][PASSED] - page1 = page1.replace("|", ""): null

03-03-2025T13:51:06 - [TEST_STEP][PASSED] - page2 = getText(findTestObject("Object Repository/Выполнение бизнес-плана/spanFact" + dzoNum)): Text of object 'Object Repository/Выполнение бизнес-плана/spanFact16' is: '9.24'

03-03-2025T13:51:07 - [MESSAGE][PASSED] - Text of object 'Object Repository/Выполнение бизнес-плана/spanFact16' is: '9.24'

03-03-2025T13:51:07 - [TEST_STEP][PASSED] - page2 = page2.replace("|", ""): null

03-03-2025T13:51:07 - [TEST_STEP][PASSED] - println("page1: " + page1): null

03-03-2025T13:51:07 - [TEST_STEP][PASSED] - println("page2: " + page2): null

03-03-2025T13:51:07 - [TEST_STEP][PASSED] - file = findTestData("PlanFact").getValue(4, a): null

03-03-2025T13:51:07 - [TEST_STEP][PASSED] - file = file.replace(",", "."): null

03-03-2025T13:51:07 - [TEST_STEP][PASSED] - println("file Plan: " + file): null

03-03-2025T13:51:07 - [TEST_STEP][PASSED] - typeOfData = "План в процентах": null

03-03-2025T13:51:07 - [TEST_STEP][PASSED] - fileDouble = file.toDouble(): null

03-03-2025T13:51:07 - [TEST_STEP][PASSED] - pageDouble = page1.toDouble(): null

03-03-2025T13:51:07 - [TEST_STEP][PASSED] - if (fileDouble != pageDouble): null

03-03-2025T13:51:07 - [TEST_STEP][PASSED] - file = findTestData("PlanFact").getValue(7, a): null

03-03-2025T13:51:07 - [TEST_STEP][PASSED] - file = file.replace(",", "."): null

03-03-2025T13:51:07 - [TEST_STEP][PASSED] - println("file Fact: " + file): null

03-03-2025T13:51:07 - [TEST_STEP][PASSED] - fileDouble = file.toDouble(): null

03-03-2025T13:51:07 - [TEST_STEP][PASSED] - typeOfData = "Факт в процентах": null

03-03-2025T13:51:07 - [TEST_STEP][PASSED] - fileDouble = file.toDouble(): null

03-03-2025T13:51:07 - [TEST_STEP][PASSED] - pageDouble = page2.toDouble(): null

03-03-2025T13:51:07 - [TEST_STEP][PASSED] - if (fileDouble != pageDouble): null

03-03-2025T13:51:07 - [TEST_STEP][FAILED] - if (verifyEqual(numberOfErrors, 0) == false): null

03-03-2025T13:51:07 - [MESSAGE][FAILED] - Unable to verify equal between actual object '4' and expected object '0' (Root cause: com.kms.katalon.core.exception.StepFailedException: Actual object '4' and expected object '0' are not equal
	at com.kms.katalon.core.keyword.builtin.VerifyEqualKeyword$_verifyEqual_closure1.doCall(VerifyEqualKeyword.groovy:58)
	at com.kms.katalon.core.keyword.builtin.VerifyEqualKeyword$_verifyEqual_closure1.call(VerifyEqualKeyword.groovy)
	at com.kms.katalon.core.keyword.internal.KeywordMain.runKeyword(KeywordMain.groovy:75)
	at com.kms.katalon.core.keyword.builtin.VerifyEqualKeyword.verifyEqual(VerifyEqualKeyword.groovy:63)
	at com.kms.katalon.core.keyword.builtin.VerifyEqualKeyword.execute(VerifyEqualKeyword.groovy:44)
	at com.kms.katalon.core.keyword.internal.KeywordExecutor.executeKeywordForPlatform(KeywordExecutor.groovy:74)
	at com.kms.katalon.core.keyword.BuiltinKeywords.verifyEqual(BuiltinKeywords.groovy:146)
	at jdk.internal.reflect.GeneratedMethodAccessor24.invoke(Unknown Source)
	at java.base/jdk.internal.reflect.DelegatingMethodAccessorImpl.invoke(DelegatingMethodAccessorImpl.java:43)
	at Выполнение бизнес-плана Сверка ПАО Россети все филиалы.Numbers(Выполнение бизнес-плана Сверка ПАО Россети все филиалы:736)
	at Выполнение бизнес-плана Сверка ПАО Россети все филиалы.run(Выполнение бизнес-плана Сверка ПАО Россети все филиалы:392)
	at com.kms.katalon.core.main.ScriptEngine.run(ScriptEngine.java:194)
	at com.kms.katalon.core.main.ScriptEngine.runScriptAsRawText(ScriptEngine.java:119)
	at com.kms.katalon.core.main.TestCaseExecutor.runScript(TestCaseExecutor.java:448)
	at com.kms.katalon.core.main.TestCaseExecutor.doExecute(TestCaseExecutor.java:439)
	at com.kms.katalon.core.main.TestCaseExecutor.processExecutionPhase(TestCaseExecutor.java:418)
	at com.kms.katalon.core.main.TestCaseExecutor.accessMainPhase(TestCaseExecutor.java:410)
	at com.kms.katalon.core.main.TestCaseExecutor.execute(TestCaseExecutor.java:285)
	at com.kms.katalon.core.common.CommonExecutor.accessTestCaseMainPhase(CommonExecutor.java:65)
	at com.kms.katalon.core.main.TestSuiteExecutor.accessTestSuiteMainPhase(TestSuiteExecutor.java:150)
	at com.kms.katalon.core.main.TestSuiteExecutor.execute(TestSuiteExecutor.java:106)
	at com.kms.katalon.core.main.TestCaseMain.startTestSuite(TestCaseMain.java:180)
	at TempTestSuite1740991900055.run(TempTestSuite1740991900055.groovy:35)
	at java.base/jdk.internal.reflect.NativeMethodAccessorImpl.invoke0(Native Method)
	at java.base/jdk.internal.reflect.NativeMethodAccessorImpl.invoke(NativeMethodAccessorImpl.java:77)
	at java.base/jdk.internal.reflect.DelegatingMethodAccessorImpl.invoke(DelegatingMethodAccessorImpl.java:43)
)

03-03-2025T13:51:07 - [TEST_STEP][PASSED] - println(numberOfErrors): null

03-03-2025T13:51:07 - [TEST_STEP][PASSED] - println("a=" + a): null

03-03-2025T13:51:07 - [TEST_STEP][PASSED] - if (a == 28 || a == 77 || a == 74 || a == 65 || a == 36 || a == 44 || a == 54 || a == 1 || a == 18 || a == 59): null

03-03-2025T13:51:07 - [TEST_STEP][PASSED] - Script1718980020443.Filials(a, typeOfData, todaysDate, pageInt, fileInt, pageDouble, fileDouble, dZO, dzoNum, filialNum): null

03-03-2025T13:51:07 - [TEST_STEP][PASSED] - i = <not implemented yet for class: org.codehaus.groovy.ast.expr.EmptyExpression>: null

03-03-2025T13:51:07 - [TEST_STEP][PASSED] - c = <not implemented yet for class: org.codehaus.groovy.ast.expr.EmptyExpression>: null

03-03-2025T13:51:07 - [TEST_STEP][PASSED] - page = <not implemented yet for class: org.codehaus.groovy.ast.expr.EmptyExpression>: null

03-03-2025T13:51:07 - [TEST_STEP][PASSED] - println(dZO): null

03-03-2025T13:51:07 - [TEST_STEP][PASSED] - reducedDZO = <not implemented yet for class: org.codehaus.groovy.ast.expr.EmptyExpression>: null

03-03-2025T13:51:07 - [TEST_STEP][PASSED] - reducedDZO = dZO.substring(dZO.indexOf(" ") + 1, dZO.length()): null

03-03-2025T13:51:07 - [TEST_STEP][PASSED] - if (reducedDZO.contains(" ")): null

03-03-2025T13:51:07 - [TEST_STEP][PASSED] - println(reducedDZO): null

03-03-2025T13:51:07 - [TEST_STEP][PASSED] - dzoCut = <not implemented yet for class: org.codehaus.groovy.ast.expr.EmptyExpression>: null

03-03-2025T13:51:07 - [TEST_STEP][PASSED] - Script1718980020443.DZO(a): null

03-03-2025T13:51:07 - [TEST_STEP][PASSED] - delay(20): Delayed 20 second(s)

03-03-2025T13:51:27 - [MESSAGE][PASSED] - Delayed 20 second(s)

03-03-2025T13:51:27 - [TEST_STEP][PASSED] - Script1718980020443.OpenFilter(): null

03-03-2025T13:51:27 - [TEST_STEP][PASSED] - click(findTestObject("Object Repository/Выполнение бизнес-плана/Фильтр ДЗО")): Object: 'Object Repository/Выполнение бизнес-плана/Фильтр ДЗО' is clicked on

03-03-2025T13:51:27 - [MESSAGE][PASSED] - Object: 'Object Repository/Выполнение бизнес-плана/Фильтр ДЗО' is clicked on

03-03-2025T13:51:27 - [TEST_STEP][PASSED] - click(findTestObject("Выполнение бизнес-плана/Снять выделение в фильтре ДЗО")): Object: 'Object Repository/Выполнение бизнес-плана/Снять выделение в фильтре ДЗО' is clicked on

03-03-2025T13:51:28 - [MESSAGE][PASSED] - Object: 'Object Repository/Выполнение бизнес-плана/Снять выделение в фильтре ДЗО' is clicked on

03-03-2025T13:51:28 - [TEST_STEP][PASSED] - Script1718980020443.OpenRSK(): null

03-03-2025T13:51:28 - [TEST_STEP][PASSED] - click(findTestObject("Выполнение бизнес-плана/Раскрыть список ПАО Россети в фильтре ДЗО")): Object: 'Object Repository/Выполнение бизнес-плана/Раскрыть список ПАО Россети в фильтре ДЗО' is clicked on

03-03-2025T13:51:28 - [MESSAGE][PASSED] - Object: 'Object Repository/Выполнение бизнес-плана/Раскрыть список ПАО Россети в фильтре ДЗО' is clicked on

03-03-2025T13:51:28 - [TEST_STEP][PASSED] - click(findTestObject("Выполнение бизнес-плана/Раскрыть список РаспредКомплекс в фильтре ДЗО")): Object: 'Object Repository/Выполнение бизнес-плана/Раскрыть список РаспредКомплекс в фильтре ДЗО' is clicked on

03-03-2025T13:51:28 - [MESSAGE][PASSED] - Object: 'Object Repository/Выполнение бизнес-плана/Раскрыть список РаспредКомплекс в фильтре ДЗО' is clicked on

03-03-2025T13:51:28 - [TEST_STEP][PASSED] - if (a == 28): null

03-03-2025T13:51:28 - [TEST_STEP][PASSED] - if (a == 77): null

03-03-2025T13:51:28 - [TEST_STEP][PASSED] - if (a == 74): null

03-03-2025T13:51:28 - [TEST_STEP][PASSED] - if (a == 65): null

03-03-2025T13:51:28 - [TEST_STEP][PASSED] - if (a == 36): null

03-03-2025T13:51:28 - [TEST_STEP][PASSED] - if (a == 44): null

03-03-2025T13:51:28 - [TEST_STEP][PASSED] - if (a == 54): null

03-03-2025T13:51:28 - [TEST_STEP][PASSED] - if (a == 1): null

03-03-2025T13:51:28 - [TEST_STEP][PASSED] - if (a == 18): null

03-03-2025T13:51:28 - [TEST_STEP][PASSED] - if (a == 59): Object: 'Object Repository/Выполнение бизнес-плана/Россети Юг' is clicked on

03-03-2025T13:51:28 - [TEST_STEP][PASSED] - scrollToElement(findTestObject("Общие объекты/Раскрыть список Россети Юг"), 30): Scroll to object 'Object Repository/Общие объекты/Раскрыть список Россети Юг' successfully

03-03-2025T13:51:29 - [MESSAGE][PASSED] - Scroll to object 'Object Repository/Общие объекты/Раскрыть список Россети Юг' successfully

03-03-2025T13:51:29 - [TEST_STEP][PASSED] - click(findTestObject("Выполнение бизнес-плана/Россети Юг")): Object: 'Object Repository/Выполнение бизнес-плана/Россети Юг' is clicked on

03-03-2025T13:51:29 - [MESSAGE][PASSED] - Object: 'Object Repository/Выполнение бизнес-плана/Россети Юг' is clicked on

03-03-2025T13:51:29 - [TEST_STEP][PASSED] - Script1718980020443.CloseFilter(): null

03-03-2025T13:51:29 - [TEST_STEP][PASSED] - scrollToElement(findTestObject("Выполнение бизнес-плана/Заголовок дашборда"), 30): Scroll to object 'Object Repository/Выполнение бизнес-плана/Заголовок дашборда' successfully

03-03-2025T13:51:30 - [MESSAGE][PASSED] - Scroll to object 'Object Repository/Выполнение бизнес-плана/Заголовок дашборда' successfully

03-03-2025T13:51:30 - [TEST_STEP][PASSED] - click(findTestObject("Object Repository/Выполнение бизнес-плана/Применить в фильтре ДЗО")): Object: 'Object Repository/Выполнение бизнес-плана/Применить в фильтре ДЗО' is clicked on

03-03-2025T13:51:31 - [MESSAGE][PASSED] - Object: 'Object Repository/Выполнение бизнес-плана/Применить в фильтре ДЗО' is clicked on

03-03-2025T13:51:31 - [TEST_STEP][PASSED] - delay(20): Delayed 20 second(s)

03-03-2025T13:51:51 - [MESSAGE][PASSED] - Delayed 20 second(s)

03-03-2025T13:51:51 - [TEST_STEP][PASSED] - Script1718980020443.ZakrytOpoveshenie(): null

03-03-2025T13:51:51 - [TEST_STEP][PASSED] - delay(10): Delayed 10 second(s)

03-03-2025T13:52:01 - [MESSAGE][PASSED] - Delayed 10 second(s)

03-03-2025T13:52:01 - [TEST_STEP][PASSED] - opoveshenie = getText(findTestObject("Выполнение бизнес-плана/Просьба обратить внимание")): Text of object 'Object Repository/Выполнение бизнес-плана/Просьба обратить внимание' is: ''

03-03-2025T13:52:01 - [MESSAGE][PASSED] - Text of object 'Object Repository/Выполнение бизнес-плана/Просьба обратить внимание' is: ''

03-03-2025T13:52:01 - [TEST_STEP][PASSED] - println(opoveshenie): null

03-03-2025T13:52:01 - [TEST_STEP][PASSED] - if (opoveshenie == "Просьба обратить внимание"): null

03-03-2025T13:52:01 - [TEST_STEP][PASSED] - page = getText(findTestObject("Object Repository/Выполнение бизнес-плана/Filials")): Text of object 'Object Repository/Выполнение бизнес-плана/Filials' is: 'АО «ВМЭС»
Астраханьэнерго
Волгоградэнерго
Калмэнерго
Ростовэнерго
0
10
20
30
40
50
60
70'

03-03-2025T13:52:01 - [MESSAGE][PASSED] - Text of object 'Object Repository/Выполнение бизнес-плана/Filials' is: 'АО «ВМЭС»
Астраханьэнерго
Волгоградэнерго
Калмэнерго
Ростовэнерго
0
10
20
30
40
50
60
70'

03-03-2025T13:52:01 - [TEST_STEP][PASSED] - println(page): null

03-03-2025T13:52:01 - [TEST_STEP][PASSED] - c = page.indexOf(reducedDZO): null

03-03-2025T13:52:01 - [TEST_STEP][PASSED] - if (c > -1): null

03-03-2025T13:52:01 - [TEST_STEP][PASSED] - x2 = getText(findTestObject("Выполнение бизнес-плана/Список ДЗО старый")): Text of object 'Object Repository/Выполнение бизнес-плана/Список ДЗО старый' is: 'АО «ВМЭС»
Астраханьэнерго
Волгоградэнерго
Калмэнерго
Ростовэнерго
0
10
20
30
40
50
60
70'

03-03-2025T13:52:01 - [MESSAGE][PASSED] - Text of object 'Object Repository/Выполнение бизнес-плана/Список ДЗО старый' is: 'АО «ВМЭС»
Астраханьэнерго
Волгоградэнерго
Калмэнерго
Ростовэнерго
0
10
20
30
40
50
60
70'

03-03-2025T13:52:01 - [TEST_STEP][PASSED] - if (a == 28): null

03-03-2025T13:52:01 - [TEST_STEP][PASSED] - if (a == 77): null

03-03-2025T13:52:01 - [TEST_STEP][PASSED] - if (a == 74): null

03-03-2025T13:52:01 - [TEST_STEP][PASSED] - if (a == 65): null

03-03-2025T13:52:01 - [TEST_STEP][PASSED] - if (a == 1): null

03-03-2025T13:52:01 - [TEST_STEP][PASSED] - if (a == 18): null

03-03-2025T13:52:01 - [TEST_STEP][PASSED] - if (a == 36): null

03-03-2025T13:52:01 - [TEST_STEP][PASSED] - if (a == 44): null

03-03-2025T13:52:01 - [TEST_STEP][PASSED] - if (a == 54): null

03-03-2025T13:52:01 - [TEST_STEP][PASSED] - if (a == 59): null

03-03-2025T13:52:01 - [TEST_STEP][PASSED] - dZO = "АО "ВМЭС"": null

03-03-2025T13:52:01 - [TEST_STEP][PASSED] - a = 64: null

03-03-2025T13:52:01 - [TEST_STEP][PASSED] - i = dZO.length() - 1: null

03-03-2025T13:52:01 - [TEST_STEP][PASSED] - dzoCut = dZO.substring(4, i): null

03-03-2025T13:52:01 - [TEST_STEP][PASSED] - if (x2.contains(dzoCut)): null

03-03-2025T13:52:01 - [TEST_STEP][PASSED] - filialNum = filialNum + 1: null

03-03-2025T13:52:01 - [TEST_STEP][PASSED] - Script1718980020443.Numbers(a, typeOfData, todaysDate, pageInt, fileInt, pageDouble, fileDouble, dZO, dzoNum, filialNum): null

03-03-2025T13:52:01 - [TEST_STEP][PASSED] - println(dzoNum): null

03-03-2025T13:52:01 - [TEST_STEP][PASSED] - planFact = <not implemented yet for class: org.codehaus.groovy.ast.expr.EmptyExpression>: null

03-03-2025T13:52:01 - [TEST_STEP][PASSED] - page = <not implemented yet for class: org.codehaus.groovy.ast.expr.EmptyExpression>: null

03-03-2025T13:52:01 - [TEST_STEP][PASSED] - page1 = <not implemented yet for class: org.codehaus.groovy.ast.expr.EmptyExpression>: null

03-03-2025T13:52:01 - [TEST_STEP][PASSED] - page2 = <not implemented yet for class: org.codehaus.groovy.ast.expr.EmptyExpression>: null

03-03-2025T13:52:01 - [TEST_STEP][PASSED] - filialNumberInRow = <not implemented yet for class: org.codehaus.groovy.ast.expr.EmptyExpression>: null

03-03-2025T13:52:01 - [TEST_STEP][PASSED] - filialsDzoNames = <not implemented yet for class: org.codehaus.groovy.ast.expr.EmptyExpression>: null

03-03-2025T13:52:01 - [TEST_STEP][PASSED] - numberOfFilials = <not implemented yet for class: org.codehaus.groovy.ast.expr.EmptyExpression>: null

03-03-2025T13:52:01 - [TEST_STEP][PASSED] - numberOfSpaces = <not implemented yet for class: org.codehaus.groovy.ast.expr.EmptyExpression>: null

03-03-2025T13:52:01 - [TEST_STEP][PASSED] - file = <not implemented yet for class: org.codehaus.groovy.ast.expr.EmptyExpression>: null

03-03-2025T13:52:01 - [TEST_STEP][PASSED] - otpusk = <not implemented yet for class: org.codehaus.groovy.ast.expr.EmptyExpression>: null

03-03-2025T13:52:01 - [TEST_STEP][PASSED] - poteri = <not implemented yet for class: org.codehaus.groovy.ast.expr.EmptyExpression>: null

03-03-2025T13:52:01 - [TEST_STEP][PASSED] - dataFolder = "Выполнение бизнес-плана/Значения со страницы Выполнение бизнес-плана/": null

03-03-2025T13:52:01 - [TEST_STEP][PASSED] - path = <not implemented yet for class: org.codehaus.groovy.ast.expr.EmptyExpression>: null

03-03-2025T13:52:01 - [TEST_STEP][PASSED] - typeOfDataMain = <not implemented yet for class: org.codehaus.groovy.ast.expr.EmptyExpression>: null

03-03-2025T13:52:01 - [TEST_STEP][PASSED] - fileOtpuskVSet = <not implemented yet for class: org.codehaus.groovy.ast.expr.EmptyExpression>: null

03-03-2025T13:52:01 - [TEST_STEP][PASSED] - pageOtpuskVSet = <not implemented yet for class: org.codehaus.groovy.ast.expr.EmptyExpression>: null

03-03-2025T13:52:01 - [TEST_STEP][PASSED] - filePoteri = <not implemented yet for class: org.codehaus.groovy.ast.expr.EmptyExpression>: null

03-03-2025T13:52:01 - [TEST_STEP][PASSED] - pagePoteri = <not implemented yet for class: org.codehaus.groovy.ast.expr.EmptyExpression>: null

03-03-2025T13:52:01 - [TEST_STEP][PASSED] - compare = <not implemented yet for class: org.codehaus.groovy.ast.expr.EmptyExpression>: null

03-03-2025T13:52:01 - [TEST_STEP][PASSED] - b = <not implemented yet for class: org.codehaus.groovy.ast.expr.EmptyExpression>: null

03-03-2025T13:52:01 - [TEST_STEP][PASSED] - i = <not implemented yet for class: org.codehaus.groovy.ast.expr.EmptyExpression>: null

03-03-2025T13:52:01 - [TEST_STEP][PASSED] - ii = <not implemented yet for class: org.codehaus.groovy.ast.expr.EmptyExpression>: null

03-03-2025T13:52:01 - [TEST_STEP][PASSED] - c = <not implemented yet for class: org.codehaus.groovy.ast.expr.EmptyExpression>: null

03-03-2025T13:52:01 - [TEST_STEP][PASSED] - numberOfErrors = 0: null

03-03-2025T13:52:01 - [TEST_STEP][PASSED] - if (a == 82): null

03-03-2025T13:52:01 - [TEST_STEP][PASSED] - b = findTestData("PlanFact").getValue(1, a): null

03-03-2025T13:52:02 - [TEST_STEP][PASSED] - i = b.indexOf(" (ГК)"): null

03-03-2025T13:52:02 - [TEST_STEP][PASSED] - if (i > -1): null

03-03-2025T13:52:02 - [TEST_STEP][PASSED] - i = b.indexOf("О ""): null

03-03-2025T13:52:02 - [TEST_STEP][PASSED] - if (i > -1): null

03-03-2025T13:52:02 - [TEST_STEP][PASSED] - b = b.substring(i + 3, b.length()): null

03-03-2025T13:52:02 - [TEST_STEP][PASSED] - i = b.indexOf("""): null

03-03-2025T13:52:02 - [TEST_STEP][PASSED] - b = b.substring(0, i): null

03-03-2025T13:52:02 - [TEST_STEP][PASSED] - i = b.indexOf("О «"): null

03-03-2025T13:52:02 - [TEST_STEP][PASSED] - if (i > -1): null

03-03-2025T13:52:02 - [TEST_STEP][PASSED] - i = b.indexOf("г. "): null

03-03-2025T13:52:02 - [TEST_STEP][PASSED] - if (i > -1): null

03-03-2025T13:52:02 - [TEST_STEP][PASSED] - b = b.trim(): null

03-03-2025T13:52:02 - [TEST_STEP][PASSED] - println(b): null

03-03-2025T13:52:02 - [TEST_STEP][PASSED] - for ([planFact = 1, planFact < 3, (planFact++)]): Object: 'Object Repository/Выполнение бизнес-плана/Кнопка Факт' is clicked on

03-03-2025T13:52:02 - [TEST_STEP][PASSED] - if (planFact == 1): null

03-03-2025T13:52:02 - [TEST_STEP][PASSED] - typeOfDataMain = "Факт": null

03-03-2025T13:52:02 - [TEST_STEP][PASSED] - otpusk = findTestData("PlanFact").getValue(5, a): null

03-03-2025T13:52:02 - [TEST_STEP][PASSED] - poteri = findTestData("PlanFact").getValue(6, a): null

03-03-2025T13:52:02 - [TEST_STEP][PASSED] - otpusk = otpusk.replaceAll("\s+", ""): null

03-03-2025T13:52:02 - [TEST_STEP][PASSED] - poteri = poteri.replaceAll("\s+", ""): null

03-03-2025T13:52:02 - [TEST_STEP][PASSED] - typeOfData = typeOfDataMain + " Отпуск в сеть": null

03-03-2025T13:52:02 - [TEST_STEP][PASSED] - if (a == 82): null

03-03-2025T13:52:02 - [TEST_STEP][PASSED] - else if (a == 84): null

03-03-2025T13:52:02 - [TEST_STEP][PASSED] - else if (a == 83 || a == 52 || a == 72 || a == 28 || a == 73 || a == 77 || a == 74 || a == 65 || a == 36 || a == 44 || a == 53 || a == 80 || a == 54 || a == 1 || a == 18 || a == 59 || a == 81): null

03-03-2025T13:52:02 - [TEST_STEP][PASSED] - else: null

03-03-2025T13:52:02 - [TEST_STEP][PASSED] - path = dataFolder + typeOfData + " за отчётный период " + b: null

03-03-2025T13:52:02 - [TEST_STEP][PASSED] - println(path): null

03-03-2025T13:52:02 - [TEST_STEP][PASSED] - page = getText(findTestObject(path)): Text of object 'Object Repository/Выполнение бизнес-плана/Значения со страницы Выполнение бизнес-плана/Факт Отпуск в сеть за отчётный период ВМЭС' is: '2 222 404'

03-03-2025T13:52:02 - [MESSAGE][PASSED] - Text of object 'Object Repository/Выполнение бизнес-плана/Значения со страницы Выполнение бизнес-плана/Факт Отпуск в сеть за отчётный период ВМЭС' is: '2 222 404'

03-03-2025T13:52:02 - [TEST_STEP][PASSED] - if (page == "" || page == null): null

03-03-2025T13:52:02 - [TEST_STEP][PASSED] - else: null

03-03-2025T13:52:02 - [TEST_STEP][PASSED] - page = page.replaceAll("\s+", ""): null

03-03-2025T13:52:02 - [TEST_STEP][PASSED] - fileOtpuskVSet = otpusk.toInteger(): null

03-03-2025T13:52:02 - [TEST_STEP][PASSED] - pageOtpuskVSet = page.toInteger(): null

03-03-2025T13:52:02 - [TEST_STEP][PASSED] - typeOfData = typeOfDataMain + " Потери": null

03-03-2025T13:52:02 - [TEST_STEP][PASSED] - if (a == 82): null

03-03-2025T13:52:02 - [TEST_STEP][PASSED] - else if (a == 84): null

03-03-2025T13:52:02 - [TEST_STEP][PASSED] - else if (a == 83 || a == 52 || a == 72 || a == 28 || a == 73 || a == 77 || a == 74 || a == 65 || a == 44 || a == 53 || a == 80 || a == 54 || a == 1 || a == 18 || a == 59 || a == 81): null

03-03-2025T13:52:02 - [TEST_STEP][PASSED] - else: null

03-03-2025T13:52:02 - [TEST_STEP][PASSED] - path = dataFolder + typeOfData + " за отчётный период " + b: null

03-03-2025T13:52:02 - [TEST_STEP][PASSED] - page = getText(findTestObject(path)): Text of object 'Object Repository/Выполнение бизнес-плана/Значения со страницы Выполнение бизнес-плана/Факт Потери за отчётный период ВМЭС' is: '288 162'

03-03-2025T13:52:02 - [MESSAGE][PASSED] - Text of object 'Object Repository/Выполнение бизнес-плана/Значения со страницы Выполнение бизнес-плана/Факт Потери за отчётный период ВМЭС' is: '288 162'

03-03-2025T13:52:02 - [TEST_STEP][PASSED] - if (page == "" || page == null): null

03-03-2025T13:52:02 - [TEST_STEP][PASSED] - else: null

03-03-2025T13:52:02 - [TEST_STEP][PASSED] - page = page.replaceAll("\s+", ""): null

03-03-2025T13:52:02 - [TEST_STEP][PASSED] - filePoteri = poteri.toInteger(): null

03-03-2025T13:52:02 - [TEST_STEP][PASSED] - pagePoteri = page.toInteger(): null

03-03-2025T13:52:02 - [TEST_STEP][PASSED] - compare = pageOtpuskVSet: null

03-03-2025T13:52:02 - [TEST_STEP][PASSED] - if (pageOtpuskVSet != null): null

03-03-2025T13:52:02 - [TEST_STEP][PASSED] - if (compare == fileOtpuskVSet): null

03-03-2025T13:52:02 - [TEST_STEP][PASSED] - if (compare == fileOtpuskVSet): null

03-03-2025T13:52:02 - [TEST_STEP][PASSED] - compare = pagePoteri: null

03-03-2025T13:52:02 - [TEST_STEP][PASSED] - if (pageOtpuskVSet != null): null

03-03-2025T13:52:02 - [TEST_STEP][PASSED] - if (compare == filePoteri): null

03-03-2025T13:52:02 - [TEST_STEP][PASSED] - if (compare == filePoteri): null

03-03-2025T13:52:02 - [TEST_STEP][PASSED] - if (planFact == 2): null

03-03-2025T13:52:02 - [TEST_STEP][PASSED] - if (planFact == 1): null

03-03-2025T13:52:02 - [TEST_STEP][PASSED] - else if (planFact == 2): null

03-03-2025T13:52:02 - [TEST_STEP][PASSED] - click(findTestObject("Выполнение бизнес-плана/Кнопка План")): Object: 'Object Repository/Выполнение бизнес-плана/Кнопка План' is clicked on

03-03-2025T13:52:03 - [MESSAGE][PASSED] - Object: 'Object Repository/Выполнение бизнес-плана/Кнопка План' is clicked on

03-03-2025T13:52:03 - [TEST_STEP][PASSED] - typeOfDataMain = "План": null

03-03-2025T13:52:03 - [TEST_STEP][PASSED] - otpusk = findTestData("PlanFact").getValue(2, a): null

03-03-2025T13:52:03 - [TEST_STEP][PASSED] - poteri = findTestData("PlanFact").getValue(3, a): null

03-03-2025T13:52:03 - [TEST_STEP][PASSED] - otpusk = otpusk.replaceAll("\s+", ""): null

03-03-2025T13:52:03 - [TEST_STEP][PASSED] - poteri = poteri.replaceAll("\s+", ""): null

03-03-2025T13:52:03 - [TEST_STEP][PASSED] - typeOfData = typeOfDataMain + " Отпуск в сеть": null

03-03-2025T13:52:03 - [TEST_STEP][PASSED] - if (a == 82): null

03-03-2025T13:52:03 - [TEST_STEP][PASSED] - else if (a == 84): null

03-03-2025T13:52:03 - [TEST_STEP][PASSED] - else if (a == 83 || a == 52 || a == 72 || a == 28 || a == 73 || a == 77 || a == 74 || a == 65 || a == 36 || a == 44 || a == 53 || a == 80 || a == 54 || a == 1 || a == 18 || a == 59 || a == 81): null

03-03-2025T13:52:03 - [TEST_STEP][PASSED] - else: null

03-03-2025T13:52:03 - [TEST_STEP][PASSED] - path = dataFolder + typeOfData + " за отчётный период " + b: null

03-03-2025T13:52:03 - [TEST_STEP][PASSED] - println(path): null

03-03-2025T13:52:03 - [TEST_STEP][PASSED] - page = getText(findTestObject(path)): Text of object 'Object Repository/Выполнение бизнес-плана/Значения со страницы Выполнение бизнес-плана/План Отпуск в сеть за отчётный период ВМЭС' is: '2 168 176'

03-03-2025T13:52:03 - [MESSAGE][PASSED] - Text of object 'Object Repository/Выполнение бизнес-плана/Значения со страницы Выполнение бизнес-плана/План Отпуск в сеть за отчётный период ВМЭС' is: '2 168 176'

03-03-2025T13:52:03 - [TEST_STEP][PASSED] - if (page == "" || page == null): null

03-03-2025T13:52:03 - [TEST_STEP][PASSED] - else: null

03-03-2025T13:52:03 - [TEST_STEP][PASSED] - page = page.replaceAll("\s+", ""): null

03-03-2025T13:52:03 - [TEST_STEP][PASSED] - fileOtpuskVSet = otpusk.toInteger(): null

03-03-2025T13:52:03 - [TEST_STEP][PASSED] - pageOtpuskVSet = page.toInteger(): null

03-03-2025T13:52:03 - [TEST_STEP][PASSED] - typeOfData = typeOfDataMain + " Потери": null

03-03-2025T13:52:03 - [TEST_STEP][PASSED] - if (a == 82): null

03-03-2025T13:52:03 - [TEST_STEP][PASSED] - else if (a == 84): null

03-03-2025T13:52:03 - [TEST_STEP][PASSED] - else if (a == 83 || a == 52 || a == 72 || a == 28 || a == 73 || a == 77 || a == 74 || a == 65 || a == 44 || a == 53 || a == 80 || a == 54 || a == 1 || a == 18 || a == 59 || a == 81): null

03-03-2025T13:52:03 - [TEST_STEP][PASSED] - else: null

03-03-2025T13:52:03 - [TEST_STEP][PASSED] - path = dataFolder + typeOfData + " за отчётный период " + b: null

03-03-2025T13:52:03 - [TEST_STEP][PASSED] - page = getText(findTestObject(path)): Text of object 'Object Repository/Выполнение бизнес-плана/Значения со страницы Выполнение бизнес-плана/План Потери за отчётный период ВМЭС' is: '289 885'

03-03-2025T13:52:03 - [MESSAGE][PASSED] - Text of object 'Object Repository/Выполнение бизнес-плана/Значения со страницы Выполнение бизнес-плана/План Потери за отчётный период ВМЭС' is: '289 885'

03-03-2025T13:52:03 - [TEST_STEP][PASSED] - if (page == "" || page == null): null

03-03-2025T13:52:03 - [TEST_STEP][PASSED] - else: null

03-03-2025T13:52:03 - [TEST_STEP][PASSED] - page = page.replaceAll("\s+", ""): null

03-03-2025T13:52:03 - [TEST_STEP][PASSED] - filePoteri = poteri.toInteger(): null

03-03-2025T13:52:03 - [TEST_STEP][PASSED] - pagePoteri = page.toInteger(): null

03-03-2025T13:52:03 - [TEST_STEP][PASSED] - compare = pageOtpuskVSet: null

03-03-2025T13:52:03 - [TEST_STEP][PASSED] - if (pageOtpuskVSet != null): null

03-03-2025T13:52:03 - [TEST_STEP][PASSED] - if (compare == fileOtpuskVSet): null

03-03-2025T13:52:03 - [TEST_STEP][PASSED] - if (compare == fileOtpuskVSet): null

03-03-2025T13:52:03 - [TEST_STEP][PASSED] - compare = pagePoteri: null

03-03-2025T13:52:03 - [TEST_STEP][PASSED] - if (pageOtpuskVSet != null): null

03-03-2025T13:52:03 - [TEST_STEP][PASSED] - if (compare == filePoteri): null

03-03-2025T13:52:03 - [TEST_STEP][PASSED] - if (compare == filePoteri): null

03-03-2025T13:52:03 - [TEST_STEP][PASSED] - if (planFact == 2): Object: 'Object Repository/Выполнение бизнес-плана/Кнопка Факт' is clicked on

03-03-2025T13:52:03 - [TEST_STEP][PASSED] - click(findTestObject("Выполнение бизнес-плана/Кнопка Факт")): Object: 'Object Repository/Выполнение бизнес-плана/Кнопка Факт' is clicked on

03-03-2025T13:52:04 - [MESSAGE][PASSED] - Object: 'Object Repository/Выполнение бизнес-плана/Кнопка Факт' is clicked on

03-03-2025T13:52:04 - [TEST_STEP][PASSED] - println("a=" + a): null

03-03-2025T13:52:04 - [TEST_STEP][PASSED] - if (a == 84 || a == 82): null

03-03-2025T13:52:04 - [TEST_STEP][PASSED] - else if (a == 83 || a == 52 || a == 72 || a == 28 || a == 73 || a == 77 || a == 74 || a == 65 || a == 36 || a == 44 || a == 53 || a == 80 || a == 54 || a == 1 || a == 18 || a == 59 || a == 81): null

03-03-2025T13:52:04 - [TEST_STEP][PASSED] - else: null

03-03-2025T13:52:04 - [TEST_STEP][PASSED] - page1 = getText(findTestObject("Object Repository/Выполнение бизнес-плана/spanPlan" + filialNum)): Text of object 'Object Repository/Выполнение бизнес-плана/spanPlan1' is: '13.37
|'

03-03-2025T13:52:04 - [MESSAGE][PASSED] - Text of object 'Object Repository/Выполнение бизнес-плана/spanPlan1' is: '13.37
|'

03-03-2025T13:52:04 - [TEST_STEP][PASSED] - page1 = page1.replace("|", ""): null

03-03-2025T13:52:04 - [TEST_STEP][PASSED] - page2 = getText(findTestObject("Object Repository/Выполнение бизнес-плана/spanFact" + filialNum)): Text of object 'Object Repository/Выполнение бизнес-плана/spanFact1' is: '12.97
|'

03-03-2025T13:52:04 - [MESSAGE][PASSED] - Text of object 'Object Repository/Выполнение бизнес-плана/spanFact1' is: '12.97
|'

03-03-2025T13:52:04 - [TEST_STEP][PASSED] - page2 = page2.replace("|", ""): null

03-03-2025T13:52:04 - [TEST_STEP][PASSED] - println("page1: " + page1): null

03-03-2025T13:52:04 - [TEST_STEP][PASSED] - println("page2: " + page2): null

03-03-2025T13:52:04 - [TEST_STEP][PASSED] - file = findTestData("PlanFact").getValue(4, a): null

03-03-2025T13:52:04 - [TEST_STEP][PASSED] - file = file.replace(",", "."): null

03-03-2025T13:52:04 - [TEST_STEP][PASSED] - println("file Plan: " + file): null

03-03-2025T13:52:04 - [TEST_STEP][PASSED] - typeOfData = "План в процентах": null

03-03-2025T13:52:04 - [TEST_STEP][PASSED] - fileDouble = file.toDouble(): null

03-03-2025T13:52:04 - [TEST_STEP][PASSED] - pageDouble = page1.toDouble(): null

03-03-2025T13:52:04 - [TEST_STEP][PASSED] - if (fileDouble != pageDouble): null

03-03-2025T13:52:04 - [TEST_STEP][PASSED] - file = findTestData("PlanFact").getValue(7, a): null

03-03-2025T13:52:04 - [TEST_STEP][PASSED] - file = file.replace(",", "."): null

03-03-2025T13:52:04 - [TEST_STEP][PASSED] - println("file Fact: " + file): null

03-03-2025T13:52:04 - [TEST_STEP][PASSED] - fileDouble = file.toDouble(): null

03-03-2025T13:52:04 - [TEST_STEP][PASSED] - typeOfData = "Факт в процентах": null

03-03-2025T13:52:04 - [TEST_STEP][PASSED] - fileDouble = file.toDouble(): null

03-03-2025T13:52:04 - [TEST_STEP][PASSED] - pageDouble = page2.toDouble(): null

03-03-2025T13:52:04 - [TEST_STEP][PASSED] - if (fileDouble != pageDouble): null

03-03-2025T13:52:04 - [TEST_STEP][PASSED] - if (verifyEqual(numberOfErrors, 0) == false): Actual object '0' and expected object '0' are equal

03-03-2025T13:52:04 - [MESSAGE][PASSED] - Actual object '0' and expected object '0' are equal

03-03-2025T13:52:04 - [TEST_STEP][PASSED] - if (a == 82): null

03-03-2025T13:52:04 - [TEST_STEP][PASSED] - dZO = "Астраханьэнерго": null

03-03-2025T13:52:04 - [TEST_STEP][PASSED] - a = 60: null

03-03-2025T13:52:04 - [TEST_STEP][PASSED] - if (x2.contains(dZO)): null

03-03-2025T13:52:04 - [TEST_STEP][PASSED] - filialNum = filialNum + 1: null

03-03-2025T13:52:04 - [TEST_STEP][PASSED] - Script1718980020443.Numbers(a, typeOfData, todaysDate, pageInt, fileInt, pageDouble, fileDouble, dZO, dzoNum, filialNum): null

03-03-2025T13:52:04 - [TEST_STEP][PASSED] - println(dzoNum): null

03-03-2025T13:52:04 - [TEST_STEP][PASSED] - planFact = <not implemented yet for class: org.codehaus.groovy.ast.expr.EmptyExpression>: null

03-03-2025T13:52:04 - [TEST_STEP][PASSED] - page = <not implemented yet for class: org.codehaus.groovy.ast.expr.EmptyExpression>: null

03-03-2025T13:52:04 - [TEST_STEP][PASSED] - page1 = <not implemented yet for class: org.codehaus.groovy.ast.expr.EmptyExpression>: null

03-03-2025T13:52:04 - [TEST_STEP][PASSED] - page2 = <not implemented yet for class: org.codehaus.groovy.ast.expr.EmptyExpression>: null

03-03-2025T13:52:04 - [TEST_STEP][PASSED] - filialNumberInRow = <not implemented yet for class: org.codehaus.groovy.ast.expr.EmptyExpression>: null

03-03-2025T13:52:04 - [TEST_STEP][PASSED] - filialsDzoNames = <not implemented yet for class: org.codehaus.groovy.ast.expr.EmptyExpression>: null

03-03-2025T13:52:04 - [TEST_STEP][PASSED] - numberOfFilials = <not implemented yet for class: org.codehaus.groovy.ast.expr.EmptyExpression>: null

03-03-2025T13:52:04 - [TEST_STEP][PASSED] - numberOfSpaces = <not implemented yet for class: org.codehaus.groovy.ast.expr.EmptyExpression>: null

03-03-2025T13:52:04 - [TEST_STEP][PASSED] - file = <not implemented yet for class: org.codehaus.groovy.ast.expr.EmptyExpression>: null

03-03-2025T13:52:04 - [TEST_STEP][PASSED] - otpusk = <not implemented yet for class: org.codehaus.groovy.ast.expr.EmptyExpression>: null

03-03-2025T13:52:04 - [TEST_STEP][PASSED] - poteri = <not implemented yet for class: org.codehaus.groovy.ast.expr.EmptyExpression>: null

03-03-2025T13:52:04 - [TEST_STEP][PASSED] - dataFolder = "Выполнение бизнес-плана/Значения со страницы Выполнение бизнес-плана/": null

03-03-2025T13:52:04 - [TEST_STEP][PASSED] - path = <not implemented yet for class: org.codehaus.groovy.ast.expr.EmptyExpression>: null

03-03-2025T13:52:04 - [TEST_STEP][PASSED] - typeOfDataMain = <not implemented yet for class: org.codehaus.groovy.ast.expr.EmptyExpression>: null

03-03-2025T13:52:04 - [TEST_STEP][PASSED] - fileOtpuskVSet = <not implemented yet for class: org.codehaus.groovy.ast.expr.EmptyExpression>: null

03-03-2025T13:52:04 - [TEST_STEP][PASSED] - pageOtpuskVSet = <not implemented yet for class: org.codehaus.groovy.ast.expr.EmptyExpression>: null

03-03-2025T13:52:04 - [TEST_STEP][PASSED] - filePoteri = <not implemented yet for class: org.codehaus.groovy.ast.expr.EmptyExpression>: null

03-03-2025T13:52:04 - [TEST_STEP][PASSED] - pagePoteri = <not implemented yet for class: org.codehaus.groovy.ast.expr.EmptyExpression>: null

03-03-2025T13:52:04 - [TEST_STEP][PASSED] - compare = <not implemented yet for class: org.codehaus.groovy.ast.expr.EmptyExpression>: null

03-03-2025T13:52:04 - [TEST_STEP][PASSED] - b = <not implemented yet for class: org.codehaus.groovy.ast.expr.EmptyExpression>: null

03-03-2025T13:52:04 - [TEST_STEP][PASSED] - i = <not implemented yet for class: org.codehaus.groovy.ast.expr.EmptyExpression>: null

03-03-2025T13:52:04 - [TEST_STEP][PASSED] - ii = <not implemented yet for class: org.codehaus.groovy.ast.expr.EmptyExpression>: null

03-03-2025T13:52:04 - [TEST_STEP][PASSED] - c = <not implemented yet for class: org.codehaus.groovy.ast.expr.EmptyExpression>: null

03-03-2025T13:52:04 - [TEST_STEP][PASSED] - numberOfErrors = 0: null

03-03-2025T13:52:04 - [TEST_STEP][PASSED] - if (a == 82): null

03-03-2025T13:52:04 - [TEST_STEP][PASSED] - b = findTestData("PlanFact").getValue(1, a): null

03-03-2025T13:52:04 - [TEST_STEP][PASSED] - i = b.indexOf(" (ГК)"): null

03-03-2025T13:52:04 - [TEST_STEP][PASSED] - if (i > -1): null

03-03-2025T13:52:04 - [TEST_STEP][PASSED] - i = b.indexOf("О ""): null

03-03-2025T13:52:04 - [TEST_STEP][PASSED] - if (i > -1): null

03-03-2025T13:52:04 - [TEST_STEP][PASSED] - i = b.indexOf("О «"): null

03-03-2025T13:52:04 - [TEST_STEP][PASSED] - if (i > -1): null

03-03-2025T13:52:04 - [TEST_STEP][PASSED] - i = b.indexOf("г. "): null

03-03-2025T13:52:04 - [TEST_STEP][PASSED] - if (i > -1): null

03-03-2025T13:52:04 - [TEST_STEP][PASSED] - b = b.trim(): null

03-03-2025T13:52:04 - [TEST_STEP][PASSED] - println(b): null

03-03-2025T13:52:04 - [TEST_STEP][PASSED] - for ([planFact = 1, planFact < 3, (planFact++)]): Object: 'Object Repository/Выполнение бизнес-плана/Кнопка Факт' is clicked on

03-03-2025T13:52:04 - [TEST_STEP][PASSED] - if (planFact == 1): null

03-03-2025T13:52:04 - [TEST_STEP][PASSED] - typeOfDataMain = "Факт": null

03-03-2025T13:52:04 - [TEST_STEP][PASSED] - otpusk = findTestData("PlanFact").getValue(5, a): null

03-03-2025T13:52:04 - [TEST_STEP][PASSED] - poteri = findTestData("PlanFact").getValue(6, a): null

03-03-2025T13:52:05 - [TEST_STEP][PASSED] - otpusk = otpusk.replaceAll("\s+", ""): null

03-03-2025T13:52:05 - [TEST_STEP][PASSED] - poteri = poteri.replaceAll("\s+", ""): null

03-03-2025T13:52:05 - [TEST_STEP][PASSED] - typeOfData = typeOfDataMain + " Отпуск в сеть": null

03-03-2025T13:52:05 - [TEST_STEP][PASSED] - if (a == 82): null

03-03-2025T13:52:05 - [TEST_STEP][PASSED] - else if (a == 84): null

03-03-2025T13:52:05 - [TEST_STEP][PASSED] - else if (a == 83 || a == 52 || a == 72 || a == 28 || a == 73 || a == 77 || a == 74 || a == 65 || a == 36 || a == 44 || a == 53 || a == 80 || a == 54 || a == 1 || a == 18 || a == 59 || a == 81): null

03-03-2025T13:52:05 - [TEST_STEP][PASSED] - else: null

03-03-2025T13:52:05 - [TEST_STEP][PASSED] - path = dataFolder + typeOfData + " за отчётный период " + b: null

03-03-2025T13:52:05 - [TEST_STEP][PASSED] - println(path): null

03-03-2025T13:52:05 - [TEST_STEP][PASSED] - page = getText(findTestObject(path)): Text of object 'Object Repository/Выполнение бизнес-плана/Значения со страницы Выполнение бизнес-плана/Факт Отпуск в сеть за отчётный период Астраханьэнерго' is: '3 361 395'

03-03-2025T13:52:05 - [MESSAGE][PASSED] - Text of object 'Object Repository/Выполнение бизнес-плана/Значения со страницы Выполнение бизнес-плана/Факт Отпуск в сеть за отчётный период Астраханьэнерго' is: '3 361 395'

03-03-2025T13:52:05 - [TEST_STEP][PASSED] - if (page == "" || page == null): null

03-03-2025T13:52:05 - [TEST_STEP][PASSED] - else: null

03-03-2025T13:52:05 - [TEST_STEP][PASSED] - page = page.replaceAll("\s+", ""): null

03-03-2025T13:52:05 - [TEST_STEP][PASSED] - fileOtpuskVSet = otpusk.toInteger(): null

03-03-2025T13:52:05 - [TEST_STEP][PASSED] - pageOtpuskVSet = page.toInteger(): null

03-03-2025T13:52:05 - [TEST_STEP][PASSED] - typeOfData = typeOfDataMain + " Потери": null

03-03-2025T13:52:05 - [TEST_STEP][PASSED] - if (a == 82): null

03-03-2025T13:52:05 - [TEST_STEP][PASSED] - else if (a == 84): null

03-03-2025T13:52:05 - [TEST_STEP][PASSED] - else if (a == 83 || a == 52 || a == 72 || a == 28 || a == 73 || a == 77 || a == 74 || a == 65 || a == 44 || a == 53 || a == 80 || a == 54 || a == 1 || a == 18 || a == 59 || a == 81): null

03-03-2025T13:52:05 - [TEST_STEP][PASSED] - else: null

03-03-2025T13:52:05 - [TEST_STEP][PASSED] - path = dataFolder + typeOfData + " за отчётный период " + b: null

03-03-2025T13:52:05 - [TEST_STEP][PASSED] - page = getText(findTestObject(path)): Text of object 'Object Repository/Выполнение бизнес-плана/Значения со страницы Выполнение бизнес-плана/Факт Потери за отчётный период Астраханьэнерго' is: '515 661'

03-03-2025T13:52:05 - [MESSAGE][PASSED] - Text of object 'Object Repository/Выполнение бизнес-плана/Значения со страницы Выполнение бизнес-плана/Факт Потери за отчётный период Астраханьэнерго' is: '515 661'

03-03-2025T13:52:05 - [TEST_STEP][PASSED] - if (page == "" || page == null): null

03-03-2025T13:52:05 - [TEST_STEP][PASSED] - else: null

03-03-2025T13:52:05 - [TEST_STEP][PASSED] - page = page.replaceAll("\s+", ""): null

03-03-2025T13:52:05 - [TEST_STEP][PASSED] - filePoteri = poteri.toInteger(): null

03-03-2025T13:52:05 - [TEST_STEP][PASSED] - pagePoteri = page.toInteger(): null

03-03-2025T13:52:05 - [TEST_STEP][PASSED] - compare = pageOtpuskVSet: null

03-03-2025T13:52:05 - [TEST_STEP][PASSED] - if (pageOtpuskVSet != null): null

03-03-2025T13:52:05 - [TEST_STEP][PASSED] - if (compare == fileOtpuskVSet): null

03-03-2025T13:52:05 - [TEST_STEP][PASSED] - if (compare == fileOtpuskVSet): null

03-03-2025T13:52:05 - [TEST_STEP][PASSED] - compare = pagePoteri: null

03-03-2025T13:52:05 - [TEST_STEP][PASSED] - if (pageOtpuskVSet != null): null

03-03-2025T13:52:05 - [TEST_STEP][PASSED] - if (compare == filePoteri): null

03-03-2025T13:52:05 - [TEST_STEP][PASSED] - if (compare == filePoteri): null

03-03-2025T13:52:05 - [TEST_STEP][PASSED] - if (planFact == 2): null

03-03-2025T13:52:05 - [TEST_STEP][PASSED] - if (planFact == 1): null

03-03-2025T13:52:05 - [TEST_STEP][PASSED] - else if (planFact == 2): null

03-03-2025T13:52:05 - [TEST_STEP][PASSED] - click(findTestObject("Выполнение бизнес-плана/Кнопка План")): Object: 'Object Repository/Выполнение бизнес-плана/Кнопка План' is clicked on

03-03-2025T13:52:05 - [MESSAGE][PASSED] - Object: 'Object Repository/Выполнение бизнес-плана/Кнопка План' is clicked on

03-03-2025T13:52:05 - [TEST_STEP][PASSED] - typeOfDataMain = "План": null

03-03-2025T13:52:05 - [TEST_STEP][PASSED] - otpusk = findTestData("PlanFact").getValue(2, a): null

03-03-2025T13:52:05 - [TEST_STEP][PASSED] - poteri = findTestData("PlanFact").getValue(3, a): null

03-03-2025T13:52:06 - [TEST_STEP][PASSED] - otpusk = otpusk.replaceAll("\s+", ""): null

03-03-2025T13:52:06 - [TEST_STEP][PASSED] - poteri = poteri.replaceAll("\s+", ""): null

03-03-2025T13:52:06 - [TEST_STEP][PASSED] - typeOfData = typeOfDataMain + " Отпуск в сеть": null

03-03-2025T13:52:06 - [TEST_STEP][PASSED] - if (a == 82): null

03-03-2025T13:52:06 - [TEST_STEP][PASSED] - else if (a == 84): null

03-03-2025T13:52:06 - [TEST_STEP][PASSED] - else if (a == 83 || a == 52 || a == 72 || a == 28 || a == 73 || a == 77 || a == 74 || a == 65 || a == 36 || a == 44 || a == 53 || a == 80 || a == 54 || a == 1 || a == 18 || a == 59 || a == 81): null

03-03-2025T13:52:06 - [TEST_STEP][PASSED] - else: null

03-03-2025T13:52:06 - [TEST_STEP][PASSED] - path = dataFolder + typeOfData + " за отчётный период " + b: null

03-03-2025T13:52:06 - [TEST_STEP][PASSED] - println(path): null

03-03-2025T13:52:06 - [TEST_STEP][PASSED] - page = getText(findTestObject(path)): Text of object 'Object Repository/Выполнение бизнес-плана/Значения со страницы Выполнение бизнес-плана/План Отпуск в сеть за отчётный период Астраханьэнерго' is: '3 333 361'

03-03-2025T13:52:06 - [MESSAGE][PASSED] - Text of object 'Object Repository/Выполнение бизнес-плана/Значения со страницы Выполнение бизнес-плана/План Отпуск в сеть за отчётный период Астраханьэнерго' is: '3 333 361'

03-03-2025T13:52:06 - [TEST_STEP][PASSED] - if (page == "" || page == null): null

03-03-2025T13:52:06 - [TEST_STEP][PASSED] - else: null

03-03-2025T13:52:06 - [TEST_STEP][PASSED] - page = page.replaceAll("\s+", ""): null

03-03-2025T13:52:06 - [TEST_STEP][PASSED] - fileOtpuskVSet = otpusk.toInteger(): null

03-03-2025T13:52:06 - [TEST_STEP][PASSED] - pageOtpuskVSet = page.toInteger(): null

03-03-2025T13:52:06 - [TEST_STEP][PASSED] - typeOfData = typeOfDataMain + " Потери": null

03-03-2025T13:52:06 - [TEST_STEP][PASSED] - if (a == 82): null

03-03-2025T13:52:06 - [TEST_STEP][PASSED] - else if (a == 84): null

03-03-2025T13:52:06 - [TEST_STEP][PASSED] - else if (a == 83 || a == 52 || a == 72 || a == 28 || a == 73 || a == 77 || a == 74 || a == 65 || a == 44 || a == 53 || a == 80 || a == 54 || a == 1 || a == 18 || a == 59 || a == 81): null

03-03-2025T13:52:06 - [TEST_STEP][PASSED] - else: null

03-03-2025T13:52:06 - [TEST_STEP][PASSED] - path = dataFolder + typeOfData + " за отчётный период " + b: null

03-03-2025T13:52:06 - [TEST_STEP][PASSED] - page = getText(findTestObject(path)): Text of object 'Object Repository/Выполнение бизнес-плана/Значения со страницы Выполнение бизнес-плана/План Потери за отчётный период Астраханьэнерго' is: '508 208'

03-03-2025T13:52:06 - [MESSAGE][PASSED] - Text of object 'Object Repository/Выполнение бизнес-плана/Значения со страницы Выполнение бизнес-плана/План Потери за отчётный период Астраханьэнерго' is: '508 208'

03-03-2025T13:52:06 - [TEST_STEP][PASSED] - if (page == "" || page == null): null

03-03-2025T13:52:06 - [TEST_STEP][PASSED] - else: null

03-03-2025T13:52:06 - [TEST_STEP][PASSED] - page = page.replaceAll("\s+", ""): null

03-03-2025T13:52:06 - [TEST_STEP][PASSED] - filePoteri = poteri.toInteger(): null

03-03-2025T13:52:06 - [TEST_STEP][PASSED] - pagePoteri = page.toInteger(): null

03-03-2025T13:52:06 - [TEST_STEP][PASSED] - compare = pageOtpuskVSet: null

03-03-2025T13:52:06 - [TEST_STEP][PASSED] - if (pageOtpuskVSet != null): null

03-03-2025T13:52:06 - [TEST_STEP][PASSED] - if (compare == fileOtpuskVSet): null

03-03-2025T13:52:06 - [TEST_STEP][PASSED] - if (compare == fileOtpuskVSet): null

03-03-2025T13:52:06 - [TEST_STEP][PASSED] - compare = pagePoteri: null

03-03-2025T13:52:06 - [TEST_STEP][PASSED] - if (pageOtpuskVSet != null): null

03-03-2025T13:52:06 - [TEST_STEP][PASSED] - if (compare == filePoteri): null

03-03-2025T13:52:06 - [TEST_STEP][PASSED] - if (compare == filePoteri): null

03-03-2025T13:52:06 - [TEST_STEP][PASSED] - if (planFact == 2): Object: 'Object Repository/Выполнение бизнес-плана/Кнопка Факт' is clicked on

03-03-2025T13:52:06 - [TEST_STEP][PASSED] - click(findTestObject("Выполнение бизнес-плана/Кнопка Факт")): Object: 'Object Repository/Выполнение бизнес-плана/Кнопка Факт' is clicked on

03-03-2025T13:52:06 - [MESSAGE][PASSED] - Object: 'Object Repository/Выполнение бизнес-плана/Кнопка Факт' is clicked on

03-03-2025T13:52:06 - [TEST_STEP][PASSED] - println("a=" + a): null

03-03-2025T13:52:06 - [TEST_STEP][PASSED] - if (a == 84 || a == 82): null

03-03-2025T13:52:06 - [TEST_STEP][PASSED] - else if (a == 83 || a == 52 || a == 72 || a == 28 || a == 73 || a == 77 || a == 74 || a == 65 || a == 36 || a == 44 || a == 53 || a == 80 || a == 54 || a == 1 || a == 18 || a == 59 || a == 81): null

03-03-2025T13:52:06 - [TEST_STEP][PASSED] - else: null

03-03-2025T13:52:06 - [TEST_STEP][PASSED] - page1 = getText(findTestObject("Object Repository/Выполнение бизнес-плана/spanPlan" + filialNum)): Text of object 'Object Repository/Выполнение бизнес-плана/spanPlan2' is: '15.25
|'

03-03-2025T13:52:07 - [MESSAGE][PASSED] - Text of object 'Object Repository/Выполнение бизнес-плана/spanPlan2' is: '15.25
|'

03-03-2025T13:52:07 - [TEST_STEP][PASSED] - page1 = page1.replace("|", ""): null

03-03-2025T13:52:07 - [TEST_STEP][PASSED] - page2 = getText(findTestObject("Object Repository/Выполнение бизнес-плана/spanFact" + filialNum)): Text of object 'Object Repository/Выполнение бизнес-плана/spanFact2' is: '15.34
|'

03-03-2025T13:52:07 - [MESSAGE][PASSED] - Text of object 'Object Repository/Выполнение бизнес-плана/spanFact2' is: '15.34
|'

03-03-2025T13:52:07 - [TEST_STEP][PASSED] - page2 = page2.replace("|", ""): null

03-03-2025T13:52:07 - [TEST_STEP][PASSED] - println("page1: " + page1): null

03-03-2025T13:52:07 - [TEST_STEP][PASSED] - println("page2: " + page2): null

03-03-2025T13:52:07 - [TEST_STEP][PASSED] - file = findTestData("PlanFact").getValue(4, a): null

03-03-2025T13:52:07 - [TEST_STEP][PASSED] - file = file.replace(",", "."): null

03-03-2025T13:52:07 - [TEST_STEP][PASSED] - println("file Plan: " + file): null

03-03-2025T13:52:07 - [TEST_STEP][PASSED] - typeOfData = "План в процентах": null

03-03-2025T13:52:07 - [TEST_STEP][PASSED] - fileDouble = file.toDouble(): null

03-03-2025T13:52:07 - [TEST_STEP][PASSED] - pageDouble = page1.toDouble(): null

03-03-2025T13:52:07 - [TEST_STEP][PASSED] - if (fileDouble != pageDouble): null

03-03-2025T13:52:07 - [TEST_STEP][PASSED] - file = findTestData("PlanFact").getValue(7, a): null

03-03-2025T13:52:07 - [TEST_STEP][PASSED] - file = file.replace(",", "."): null

03-03-2025T13:52:07 - [TEST_STEP][PASSED] - println("file Fact: " + file): null

03-03-2025T13:52:07 - [TEST_STEP][PASSED] - fileDouble = file.toDouble(): null

03-03-2025T13:52:07 - [TEST_STEP][PASSED] - typeOfData = "Факт в процентах": null

03-03-2025T13:52:07 - [TEST_STEP][PASSED] - fileDouble = file.toDouble(): null

03-03-2025T13:52:07 - [TEST_STEP][PASSED] - pageDouble = page2.toDouble(): null

03-03-2025T13:52:07 - [TEST_STEP][PASSED] - if (fileDouble != pageDouble): null

03-03-2025T13:52:07 - [TEST_STEP][PASSED] - if (verifyEqual(numberOfErrors, 0) == false): Actual object '0' and expected object '0' are equal

03-03-2025T13:52:07 - [MESSAGE][PASSED] - Actual object '0' and expected object '0' are equal

03-03-2025T13:52:07 - [TEST_STEP][PASSED] - if (a == 82): null

03-03-2025T13:52:07 - [TEST_STEP][PASSED] - dZO = "Волгоградэнерго": null

03-03-2025T13:52:07 - [TEST_STEP][PASSED] - a = 61: null

03-03-2025T13:52:07 - [TEST_STEP][PASSED] - if (x2.contains(dZO)): null

03-03-2025T13:52:07 - [TEST_STEP][PASSED] - filialNum = filialNum + 1: null

03-03-2025T13:52:07 - [TEST_STEP][PASSED] - Script1718980020443.Numbers(a, typeOfData, todaysDate, pageInt, fileInt, pageDouble, fileDouble, dZO, dzoNum, filialNum): null

03-03-2025T13:52:07 - [TEST_STEP][PASSED] - println(dzoNum): null

03-03-2025T13:52:07 - [TEST_STEP][PASSED] - planFact = <not implemented yet for class: org.codehaus.groovy.ast.expr.EmptyExpression>: null

03-03-2025T13:52:07 - [TEST_STEP][PASSED] - page = <not implemented yet for class: org.codehaus.groovy.ast.expr.EmptyExpression>: null

03-03-2025T13:52:07 - [TEST_STEP][PASSED] - page1 = <not implemented yet for class: org.codehaus.groovy.ast.expr.EmptyExpression>: null

03-03-2025T13:52:07 - [TEST_STEP][PASSED] - page2 = <not implemented yet for class: org.codehaus.groovy.ast.expr.EmptyExpression>: null

03-03-2025T13:52:07 - [TEST_STEP][PASSED] - filialNumberInRow = <not implemented yet for class: org.codehaus.groovy.ast.expr.EmptyExpression>: null

03-03-2025T13:52:07 - [TEST_STEP][PASSED] - filialsDzoNames = <not implemented yet for class: org.codehaus.groovy.ast.expr.EmptyExpression>: null

03-03-2025T13:52:07 - [TEST_STEP][PASSED] - numberOfFilials = <not implemented yet for class: org.codehaus.groovy.ast.expr.EmptyExpression>: null

03-03-2025T13:52:07 - [TEST_STEP][PASSED] - numberOfSpaces = <not implemented yet for class: org.codehaus.groovy.ast.expr.EmptyExpression>: null

03-03-2025T13:52:07 - [TEST_STEP][PASSED] - file = <not implemented yet for class: org.codehaus.groovy.ast.expr.EmptyExpression>: null

03-03-2025T13:52:07 - [TEST_STEP][PASSED] - otpusk = <not implemented yet for class: org.codehaus.groovy.ast.expr.EmptyExpression>: null

03-03-2025T13:52:07 - [TEST_STEP][PASSED] - poteri = <not implemented yet for class: org.codehaus.groovy.ast.expr.EmptyExpression>: null

03-03-2025T13:52:07 - [TEST_STEP][PASSED] - dataFolder = "Выполнение бизнес-плана/Значения со страницы Выполнение бизнес-плана/": null

03-03-2025T13:52:07 - [TEST_STEP][PASSED] - path = <not implemented yet for class: org.codehaus.groovy.ast.expr.EmptyExpression>: null

03-03-2025T13:52:07 - [TEST_STEP][PASSED] - typeOfDataMain = <not implemented yet for class: org.codehaus.groovy.ast.expr.EmptyExpression>: null

03-03-2025T13:52:07 - [TEST_STEP][PASSED] - fileOtpuskVSet = <not implemented yet for class: org.codehaus.groovy.ast.expr.EmptyExpression>: null

03-03-2025T13:52:07 - [TEST_STEP][PASSED] - pageOtpuskVSet = <not implemented yet for class: org.codehaus.groovy.ast.expr.EmptyExpression>: null

03-03-2025T13:52:07 - [TEST_STEP][PASSED] - filePoteri = <not implemented yet for class: org.codehaus.groovy.ast.expr.EmptyExpression>: null

03-03-2025T13:52:07 - [TEST_STEP][PASSED] - pagePoteri = <not implemented yet for class: org.codehaus.groovy.ast.expr.EmptyExpression>: null

03-03-2025T13:52:07 - [TEST_STEP][PASSED] - compare = <not implemented yet for class: org.codehaus.groovy.ast.expr.EmptyExpression>: null

03-03-2025T13:52:07 - [TEST_STEP][PASSED] - b = <not implemented yet for class: org.codehaus.groovy.ast.expr.EmptyExpression>: null

03-03-2025T13:52:07 - [TEST_STEP][PASSED] - i = <not implemented yet for class: org.codehaus.groovy.ast.expr.EmptyExpression>: null

03-03-2025T13:52:07 - [TEST_STEP][PASSED] - ii = <not implemented yet for class: org.codehaus.groovy.ast.expr.EmptyExpression>: null

03-03-2025T13:52:07 - [TEST_STEP][PASSED] - c = <not implemented yet for class: org.codehaus.groovy.ast.expr.EmptyExpression>: null

03-03-2025T13:52:07 - [TEST_STEP][PASSED] - numberOfErrors = 0: null

03-03-2025T13:52:07 - [TEST_STEP][PASSED] - if (a == 82): null

03-03-2025T13:52:07 - [TEST_STEP][PASSED] - b = findTestData("PlanFact").getValue(1, a): null

03-03-2025T13:52:07 - [TEST_STEP][PASSED] - i = b.indexOf(" (ГК)"): null

03-03-2025T13:52:07 - [TEST_STEP][PASSED] - if (i > -1): null

03-03-2025T13:52:07 - [TEST_STEP][PASSED] - i = b.indexOf("О ""): null

03-03-2025T13:52:07 - [TEST_STEP][PASSED] - if (i > -1): null

03-03-2025T13:52:07 - [TEST_STEP][PASSED] - i = b.indexOf("О «"): null

03-03-2025T13:52:07 - [TEST_STEP][PASSED] - if (i > -1): null

03-03-2025T13:52:07 - [TEST_STEP][PASSED] - i = b.indexOf("г. "): null

03-03-2025T13:52:07 - [TEST_STEP][PASSED] - if (i > -1): null

03-03-2025T13:52:07 - [TEST_STEP][PASSED] - b = b.trim(): null

03-03-2025T13:52:07 - [TEST_STEP][PASSED] - println(b): null

03-03-2025T13:52:07 - [TEST_STEP][PASSED] - for ([planFact = 1, planFact < 3, (planFact++)]): Object: 'Object Repository/Выполнение бизнес-плана/Кнопка Факт' is clicked on

03-03-2025T13:52:07 - [TEST_STEP][PASSED] - if (planFact == 1): null

03-03-2025T13:52:07 - [TEST_STEP][PASSED] - typeOfDataMain = "Факт": null

03-03-2025T13:52:07 - [TEST_STEP][PASSED] - otpusk = findTestData("PlanFact").getValue(5, a): null

03-03-2025T13:52:07 - [TEST_STEP][PASSED] - poteri = findTestData("PlanFact").getValue(6, a): null

03-03-2025T13:52:07 - [TEST_STEP][PASSED] - otpusk = otpusk.replaceAll("\s+", ""): null

03-03-2025T13:52:07 - [TEST_STEP][PASSED] - poteri = poteri.replaceAll("\s+", ""): null

03-03-2025T13:52:07 - [TEST_STEP][PASSED] - typeOfData = typeOfDataMain + " Отпуск в сеть": null

03-03-2025T13:52:07 - [TEST_STEP][PASSED] - if (a == 82): null

03-03-2025T13:52:07 - [TEST_STEP][PASSED] - else if (a == 84): null

03-03-2025T13:52:07 - [TEST_STEP][PASSED] - else if (a == 83 || a == 52 || a == 72 || a == 28 || a == 73 || a == 77 || a == 74 || a == 65 || a == 36 || a == 44 || a == 53 || a == 80 || a == 54 || a == 1 || a == 18 || a == 59 || a == 81): null

03-03-2025T13:52:07 - [TEST_STEP][PASSED] - else: null

03-03-2025T13:52:07 - [TEST_STEP][PASSED] - path = dataFolder + typeOfData + " за отчётный период " + b: null

03-03-2025T13:52:07 - [TEST_STEP][PASSED] - println(path): null

03-03-2025T13:52:07 - [TEST_STEP][PASSED] - page = getText(findTestObject(path)): Text of object 'Object Repository/Выполнение бизнес-плана/Значения со страницы Выполнение бизнес-плана/Факт Отпуск в сеть за отчётный период Волгоградэнерго' is: '8 923 831'

03-03-2025T13:52:08 - [MESSAGE][PASSED] - Text of object 'Object Repository/Выполнение бизнес-плана/Значения со страницы Выполнение бизнес-плана/Факт Отпуск в сеть за отчётный период Волгоградэнерго' is: '8 923 831'

03-03-2025T13:52:08 - [TEST_STEP][PASSED] - if (page == "" || page == null): null

03-03-2025T13:52:08 - [TEST_STEP][PASSED] - else: null

03-03-2025T13:52:08 - [TEST_STEP][PASSED] - page = page.replaceAll("\s+", ""): null

03-03-2025T13:52:08 - [TEST_STEP][PASSED] - fileOtpuskVSet = otpusk.toInteger(): null

03-03-2025T13:52:08 - [TEST_STEP][PASSED] - pageOtpuskVSet = page.toInteger(): null

03-03-2025T13:52:08 - [TEST_STEP][PASSED] - typeOfData = typeOfDataMain + " Потери": null

03-03-2025T13:52:08 - [TEST_STEP][PASSED] - if (a == 82): null

03-03-2025T13:52:08 - [TEST_STEP][PASSED] - else if (a == 84): null

03-03-2025T13:52:08 - [TEST_STEP][PASSED] - else if (a == 83 || a == 52 || a == 72 || a == 28 || a == 73 || a == 77 || a == 74 || a == 65 || a == 44 || a == 53 || a == 80 || a == 54 || a == 1 || a == 18 || a == 59 || a == 81): null

03-03-2025T13:52:08 - [TEST_STEP][PASSED] - else: null

03-03-2025T13:52:08 - [TEST_STEP][PASSED] - path = dataFolder + typeOfData + " за отчётный период " + b: null

03-03-2025T13:52:08 - [TEST_STEP][PASSED] - page = getText(findTestObject(path)): Text of object 'Object Repository/Выполнение бизнес-плана/Значения со страницы Выполнение бизнес-плана/Факт Потери за отчётный период Волгоградэнерго' is: '596 773'

03-03-2025T13:52:08 - [MESSAGE][PASSED] - Text of object 'Object Repository/Выполнение бизнес-плана/Значения со страницы Выполнение бизнес-плана/Факт Потери за отчётный период Волгоградэнерго' is: '596 773'

03-03-2025T13:52:08 - [TEST_STEP][PASSED] - if (page == "" || page == null): null

03-03-2025T13:52:08 - [TEST_STEP][PASSED] - else: null

03-03-2025T13:52:08 - [TEST_STEP][PASSED] - page = page.replaceAll("\s+", ""): null

03-03-2025T13:52:08 - [TEST_STEP][PASSED] - filePoteri = poteri.toInteger(): null

03-03-2025T13:52:08 - [TEST_STEP][PASSED] - pagePoteri = page.toInteger(): null

03-03-2025T13:52:08 - [TEST_STEP][PASSED] - compare = pageOtpuskVSet: null

03-03-2025T13:52:08 - [TEST_STEP][PASSED] - if (pageOtpuskVSet != null): null

03-03-2025T13:52:08 - [TEST_STEP][PASSED] - if (compare == fileOtpuskVSet): null

03-03-2025T13:52:08 - [TEST_STEP][PASSED] - if (compare == fileOtpuskVSet): null

03-03-2025T13:52:08 - [TEST_STEP][PASSED] - compare = pagePoteri: null

03-03-2025T13:52:08 - [TEST_STEP][PASSED] - if (pageOtpuskVSet != null): null

03-03-2025T13:52:08 - [TEST_STEP][PASSED] - if (compare == filePoteri): null

03-03-2025T13:52:08 - [TEST_STEP][PASSED] - if (compare == filePoteri): null

03-03-2025T13:52:08 - [TEST_STEP][PASSED] - if (planFact == 2): null

03-03-2025T13:52:08 - [TEST_STEP][PASSED] - if (planFact == 1): null

03-03-2025T13:52:08 - [TEST_STEP][PASSED] - else if (planFact == 2): null

03-03-2025T13:52:08 - [TEST_STEP][PASSED] - click(findTestObject("Выполнение бизнес-плана/Кнопка План")): Object: 'Object Repository/Выполнение бизнес-плана/Кнопка План' is clicked on

03-03-2025T13:52:08 - [MESSAGE][PASSED] - Object: 'Object Repository/Выполнение бизнес-плана/Кнопка План' is clicked on

03-03-2025T13:52:08 - [TEST_STEP][PASSED] - typeOfDataMain = "План": null

03-03-2025T13:52:08 - [TEST_STEP][PASSED] - otpusk = findTestData("PlanFact").getValue(2, a): null

03-03-2025T13:52:08 - [TEST_STEP][PASSED] - poteri = findTestData("PlanFact").getValue(3, a): null

03-03-2025T13:52:08 - [TEST_STEP][PASSED] - otpusk = otpusk.replaceAll("\s+", ""): null

03-03-2025T13:52:08 - [TEST_STEP][PASSED] - poteri = poteri.replaceAll("\s+", ""): null

03-03-2025T13:52:08 - [TEST_STEP][PASSED] - typeOfData = typeOfDataMain + " Отпуск в сеть": null

03-03-2025T13:52:08 - [TEST_STEP][PASSED] - if (a == 82): null

03-03-2025T13:52:08 - [TEST_STEP][PASSED] - else if (a == 84): null

03-03-2025T13:52:08 - [TEST_STEP][PASSED] - else if (a == 83 || a == 52 || a == 72 || a == 28 || a == 73 || a == 77 || a == 74 || a == 65 || a == 36 || a == 44 || a == 53 || a == 80 || a == 54 || a == 1 || a == 18 || a == 59 || a == 81): null

03-03-2025T13:52:08 - [TEST_STEP][PASSED] - else: null

03-03-2025T13:52:08 - [TEST_STEP][PASSED] - path = dataFolder + typeOfData + " за отчётный период " + b: null

03-03-2025T13:52:08 - [TEST_STEP][PASSED] - println(path): null

03-03-2025T13:52:08 - [TEST_STEP][PASSED] - page = getText(findTestObject(path)): Text of object 'Object Repository/Выполнение бизнес-плана/Значения со страницы Выполнение бизнес-плана/План Отпуск в сеть за отчётный период Волгоградэнерго' is: '8 707 117'

03-03-2025T13:52:09 - [MESSAGE][PASSED] - Text of object 'Object Repository/Выполнение бизнес-плана/Значения со страницы Выполнение бизнес-плана/План Отпуск в сеть за отчётный период Волгоградэнерго' is: '8 707 117'

03-03-2025T13:52:09 - [TEST_STEP][PASSED] - if (page == "" || page == null): null

03-03-2025T13:52:09 - [TEST_STEP][PASSED] - else: null

03-03-2025T13:52:09 - [TEST_STEP][PASSED] - page = page.replaceAll("\s+", ""): null

03-03-2025T13:52:09 - [TEST_STEP][PASSED] - fileOtpuskVSet = otpusk.toInteger(): null

03-03-2025T13:52:09 - [TEST_STEP][PASSED] - pageOtpuskVSet = page.toInteger(): null

03-03-2025T13:52:09 - [TEST_STEP][PASSED] - typeOfData = typeOfDataMain + " Потери": null

03-03-2025T13:52:09 - [TEST_STEP][PASSED] - if (a == 82): null

03-03-2025T13:52:09 - [TEST_STEP][PASSED] - else if (a == 84): null

03-03-2025T13:52:09 - [TEST_STEP][PASSED] - else if (a == 83 || a == 52 || a == 72 || a == 28 || a == 73 || a == 77 || a == 74 || a == 65 || a == 44 || a == 53 || a == 80 || a == 54 || a == 1 || a == 18 || a == 59 || a == 81): null

03-03-2025T13:52:09 - [TEST_STEP][PASSED] - else: null

03-03-2025T13:52:09 - [TEST_STEP][PASSED] - path = dataFolder + typeOfData + " за отчётный период " + b: null

03-03-2025T13:52:09 - [TEST_STEP][PASSED] - page = getText(findTestObject(path)): Text of object 'Object Repository/Выполнение бизнес-плана/Значения со страницы Выполнение бизнес-плана/План Потери за отчётный период Волгоградэнерго' is: '650 852'

03-03-2025T13:52:09 - [MESSAGE][PASSED] - Text of object 'Object Repository/Выполнение бизнес-плана/Значения со страницы Выполнение бизнес-плана/План Потери за отчётный период Волгоградэнерго' is: '650 852'

03-03-2025T13:52:09 - [TEST_STEP][PASSED] - if (page == "" || page == null): null

03-03-2025T13:52:09 - [TEST_STEP][PASSED] - else: null

03-03-2025T13:52:09 - [TEST_STEP][PASSED] - page = page.replaceAll("\s+", ""): null

03-03-2025T13:52:09 - [TEST_STEP][PASSED] - filePoteri = poteri.toInteger(): null

03-03-2025T13:52:09 - [TEST_STEP][PASSED] - pagePoteri = page.toInteger(): null

03-03-2025T13:52:09 - [TEST_STEP][PASSED] - compare = pageOtpuskVSet: null

03-03-2025T13:52:09 - [TEST_STEP][PASSED] - if (pageOtpuskVSet != null): null

03-03-2025T13:52:09 - [TEST_STEP][PASSED] - if (compare == fileOtpuskVSet): null

03-03-2025T13:52:09 - [TEST_STEP][PASSED] - if (compare == fileOtpuskVSet): null

03-03-2025T13:52:09 - [TEST_STEP][PASSED] - compare = pagePoteri: null

03-03-2025T13:52:09 - [TEST_STEP][PASSED] - if (pageOtpuskVSet != null): null

03-03-2025T13:52:09 - [TEST_STEP][PASSED] - if (compare == filePoteri): null

03-03-2025T13:52:09 - [TEST_STEP][PASSED] - if (compare == filePoteri): null

03-03-2025T13:52:09 - [TEST_STEP][PASSED] - if (planFact == 2): Object: 'Object Repository/Выполнение бизнес-плана/Кнопка Факт' is clicked on

03-03-2025T13:52:09 - [TEST_STEP][PASSED] - click(findTestObject("Выполнение бизнес-плана/Кнопка Факт")): Object: 'Object Repository/Выполнение бизнес-плана/Кнопка Факт' is clicked on

03-03-2025T13:52:09 - [MESSAGE][PASSED] - Object: 'Object Repository/Выполнение бизнес-плана/Кнопка Факт' is clicked on

03-03-2025T13:52:09 - [TEST_STEP][PASSED] - println("a=" + a): null

03-03-2025T13:52:09 - [TEST_STEP][PASSED] - if (a == 84 || a == 82): null

03-03-2025T13:52:09 - [TEST_STEP][PASSED] - else if (a == 83 || a == 52 || a == 72 || a == 28 || a == 73 || a == 77 || a == 74 || a == 65 || a == 36 || a == 44 || a == 53 || a == 80 || a == 54 || a == 1 || a == 18 || a == 59 || a == 81): null

03-03-2025T13:52:09 - [TEST_STEP][PASSED] - else: null

03-03-2025T13:52:09 - [TEST_STEP][PASSED] - page1 = getText(findTestObject("Object Repository/Выполнение бизнес-плана/spanPlan" + filialNum)): Text of object 'Object Repository/Выполнение бизнес-плана/spanPlan3' is: '7.47
|'

03-03-2025T13:52:10 - [MESSAGE][PASSED] - Text of object 'Object Repository/Выполнение бизнес-плана/spanPlan3' is: '7.47
|'

03-03-2025T13:52:10 - [TEST_STEP][PASSED] - page1 = page1.replace("|", ""): null

03-03-2025T13:52:10 - [TEST_STEP][PASSED] - page2 = getText(findTestObject("Object Repository/Выполнение бизнес-плана/spanFact" + filialNum)): Text of object 'Object Repository/Выполнение бизнес-плана/spanFact3' is: '6.69
|'

03-03-2025T13:52:10 - [MESSAGE][PASSED] - Text of object 'Object Repository/Выполнение бизнес-плана/spanFact3' is: '6.69
|'

03-03-2025T13:52:10 - [TEST_STEP][PASSED] - page2 = page2.replace("|", ""): null

03-03-2025T13:52:10 - [TEST_STEP][PASSED] - println("page1: " + page1): null

03-03-2025T13:52:10 - [TEST_STEP][PASSED] - println("page2: " + page2): null

03-03-2025T13:52:10 - [TEST_STEP][PASSED] - file = findTestData("PlanFact").getValue(4, a): null

03-03-2025T13:52:10 - [TEST_STEP][PASSED] - file = file.replace(",", "."): null

03-03-2025T13:52:10 - [TEST_STEP][PASSED] - println("file Plan: " + file): null

03-03-2025T13:52:10 - [TEST_STEP][PASSED] - typeOfData = "План в процентах": null

03-03-2025T13:52:10 - [TEST_STEP][PASSED] - fileDouble = file.toDouble(): null

03-03-2025T13:52:10 - [TEST_STEP][PASSED] - pageDouble = page1.toDouble(): null

03-03-2025T13:52:10 - [TEST_STEP][PASSED] - if (fileDouble != pageDouble): null

03-03-2025T13:52:10 - [TEST_STEP][PASSED] - file = findTestData("PlanFact").getValue(7, a): null

03-03-2025T13:52:10 - [TEST_STEP][PASSED] - file = file.replace(",", "."): null

03-03-2025T13:52:10 - [TEST_STEP][PASSED] - println("file Fact: " + file): null

03-03-2025T13:52:10 - [TEST_STEP][PASSED] - fileDouble = file.toDouble(): null

03-03-2025T13:52:10 - [TEST_STEP][PASSED] - typeOfData = "Факт в процентах": null

03-03-2025T13:52:10 - [TEST_STEP][PASSED] - fileDouble = file.toDouble(): null

03-03-2025T13:52:10 - [TEST_STEP][PASSED] - pageDouble = page2.toDouble(): null

03-03-2025T13:52:10 - [TEST_STEP][PASSED] - if (fileDouble != pageDouble): null

03-03-2025T13:52:10 - [TEST_STEP][PASSED] - if (verifyEqual(numberOfErrors, 0) == false): Actual object '0' and expected object '0' are equal

03-03-2025T13:52:10 - [MESSAGE][PASSED] - Actual object '0' and expected object '0' are equal

03-03-2025T13:52:10 - [TEST_STEP][PASSED] - if (a == 82): null

03-03-2025T13:52:10 - [TEST_STEP][PASSED] - dZO = "Калмэнерго": null

03-03-2025T13:52:10 - [TEST_STEP][PASSED] - a = 62: null

03-03-2025T13:52:10 - [TEST_STEP][PASSED] - if (x2.contains(dZO)): null

03-03-2025T13:52:10 - [TEST_STEP][PASSED] - filialNum = filialNum + 1: null

03-03-2025T13:52:10 - [TEST_STEP][PASSED] - Script1718980020443.Numbers(a, typeOfData, todaysDate, pageInt, fileInt, pageDouble, fileDouble, dZO, dzoNum, filialNum): null

03-03-2025T13:52:10 - [TEST_STEP][PASSED] - println(dzoNum): null

03-03-2025T13:52:10 - [TEST_STEP][PASSED] - planFact = <not implemented yet for class: org.codehaus.groovy.ast.expr.EmptyExpression>: null

03-03-2025T13:52:10 - [TEST_STEP][PASSED] - page = <not implemented yet for class: org.codehaus.groovy.ast.expr.EmptyExpression>: null

03-03-2025T13:52:10 - [TEST_STEP][PASSED] - page1 = <not implemented yet for class: org.codehaus.groovy.ast.expr.EmptyExpression>: null

03-03-2025T13:52:10 - [TEST_STEP][PASSED] - page2 = <not implemented yet for class: org.codehaus.groovy.ast.expr.EmptyExpression>: null

03-03-2025T13:52:10 - [TEST_STEP][PASSED] - filialNumberInRow = <not implemented yet for class: org.codehaus.groovy.ast.expr.EmptyExpression>: null

03-03-2025T13:52:10 - [TEST_STEP][PASSED] - filialsDzoNames = <not implemented yet for class: org.codehaus.groovy.ast.expr.EmptyExpression>: null

03-03-2025T13:52:10 - [TEST_STEP][PASSED] - numberOfFilials = <not implemented yet for class: org.codehaus.groovy.ast.expr.EmptyExpression>: null

03-03-2025T13:52:10 - [TEST_STEP][PASSED] - numberOfSpaces = <not implemented yet for class: org.codehaus.groovy.ast.expr.EmptyExpression>: null

03-03-2025T13:52:10 - [TEST_STEP][PASSED] - file = <not implemented yet for class: org.codehaus.groovy.ast.expr.EmptyExpression>: null

03-03-2025T13:52:10 - [TEST_STEP][PASSED] - otpusk = <not implemented yet for class: org.codehaus.groovy.ast.expr.EmptyExpression>: null

03-03-2025T13:52:10 - [TEST_STEP][PASSED] - poteri = <not implemented yet for class: org.codehaus.groovy.ast.expr.EmptyExpression>: null

03-03-2025T13:52:10 - [TEST_STEP][PASSED] - dataFolder = "Выполнение бизнес-плана/Значения со страницы Выполнение бизнес-плана/": null

03-03-2025T13:52:10 - [TEST_STEP][PASSED] - path = <not implemented yet for class: org.codehaus.groovy.ast.expr.EmptyExpression>: null

03-03-2025T13:52:10 - [TEST_STEP][PASSED] - typeOfDataMain = <not implemented yet for class: org.codehaus.groovy.ast.expr.EmptyExpression>: null

03-03-2025T13:52:10 - [TEST_STEP][PASSED] - fileOtpuskVSet = <not implemented yet for class: org.codehaus.groovy.ast.expr.EmptyExpression>: null

03-03-2025T13:52:10 - [TEST_STEP][PASSED] - pageOtpuskVSet = <not implemented yet for class: org.codehaus.groovy.ast.expr.EmptyExpression>: null

03-03-2025T13:52:10 - [TEST_STEP][PASSED] - filePoteri = <not implemented yet for class: org.codehaus.groovy.ast.expr.EmptyExpression>: null

03-03-2025T13:52:10 - [TEST_STEP][PASSED] - pagePoteri = <not implemented yet for class: org.codehaus.groovy.ast.expr.EmptyExpression>: null

03-03-2025T13:52:10 - [TEST_STEP][PASSED] - compare = <not implemented yet for class: org.codehaus.groovy.ast.expr.EmptyExpression>: null

03-03-2025T13:52:10 - [TEST_STEP][PASSED] - b = <not implemented yet for class: org.codehaus.groovy.ast.expr.EmptyExpression>: null

03-03-2025T13:52:10 - [TEST_STEP][PASSED] - i = <not implemented yet for class: org.codehaus.groovy.ast.expr.EmptyExpression>: null

03-03-2025T13:52:10 - [TEST_STEP][PASSED] - ii = <not implemented yet for class: org.codehaus.groovy.ast.expr.EmptyExpression>: null

03-03-2025T13:52:10 - [TEST_STEP][PASSED] - c = <not implemented yet for class: org.codehaus.groovy.ast.expr.EmptyExpression>: null

03-03-2025T13:52:10 - [TEST_STEP][PASSED] - numberOfErrors = 0: null

03-03-2025T13:52:10 - [TEST_STEP][PASSED] - if (a == 82): null

03-03-2025T13:52:10 - [TEST_STEP][PASSED] - b = findTestData("PlanFact").getValue(1, a): null

03-03-2025T13:52:10 - [TEST_STEP][PASSED] - i = b.indexOf(" (ГК)"): null

03-03-2025T13:52:10 - [TEST_STEP][PASSED] - if (i > -1): null

03-03-2025T13:52:10 - [TEST_STEP][PASSED] - i = b.indexOf("О ""): null

03-03-2025T13:52:10 - [TEST_STEP][PASSED] - if (i > -1): null

03-03-2025T13:52:10 - [TEST_STEP][PASSED] - i = b.indexOf("О «"): null

03-03-2025T13:52:10 - [TEST_STEP][PASSED] - if (i > -1): null

03-03-2025T13:52:10 - [TEST_STEP][PASSED] - i = b.indexOf("г. "): null

03-03-2025T13:52:10 - [TEST_STEP][PASSED] - if (i > -1): null

03-03-2025T13:52:10 - [TEST_STEP][PASSED] - b = b.trim(): null

03-03-2025T13:52:10 - [TEST_STEP][PASSED] - println(b): null

03-03-2025T13:52:10 - [TEST_STEP][PASSED] - for ([planFact = 1, planFact < 3, (planFact++)]): Object: 'Object Repository/Выполнение бизнес-плана/Кнопка Факт' is clicked on

03-03-2025T13:52:10 - [TEST_STEP][PASSED] - if (planFact == 1): null

03-03-2025T13:52:10 - [TEST_STEP][PASSED] - typeOfDataMain = "Факт": null

03-03-2025T13:52:10 - [TEST_STEP][PASSED] - otpusk = findTestData("PlanFact").getValue(5, a): null

03-03-2025T13:52:10 - [TEST_STEP][PASSED] - poteri = findTestData("PlanFact").getValue(6, a): null

03-03-2025T13:52:10 - [TEST_STEP][PASSED] - otpusk = otpusk.replaceAll("\s+", ""): null

03-03-2025T13:52:10 - [TEST_STEP][PASSED] - poteri = poteri.replaceAll("\s+", ""): null

03-03-2025T13:52:10 - [TEST_STEP][PASSED] - typeOfData = typeOfDataMain + " Отпуск в сеть": null

03-03-2025T13:52:10 - [TEST_STEP][PASSED] - if (a == 82): null

03-03-2025T13:52:10 - [TEST_STEP][PASSED] - else if (a == 84): null

03-03-2025T13:52:10 - [TEST_STEP][PASSED] - else if (a == 83 || a == 52 || a == 72 || a == 28 || a == 73 || a == 77 || a == 74 || a == 65 || a == 36 || a == 44 || a == 53 || a == 80 || a == 54 || a == 1 || a == 18 || a == 59 || a == 81): null

03-03-2025T13:52:10 - [TEST_STEP][PASSED] - else: null

03-03-2025T13:52:10 - [TEST_STEP][PASSED] - path = dataFolder + typeOfData + " за отчётный период " + b: null

03-03-2025T13:52:10 - [TEST_STEP][PASSED] - println(path): null

03-03-2025T13:52:10 - [TEST_STEP][PASSED] - page = getText(findTestObject(path)): Text of object 'Object Repository/Выполнение бизнес-плана/Значения со страницы Выполнение бизнес-плана/Факт Отпуск в сеть за отчётный период Калмэнерго' is: '884 325'

03-03-2025T13:52:10 - [MESSAGE][PASSED] - Text of object 'Object Repository/Выполнение бизнес-плана/Значения со страницы Выполнение бизнес-плана/Факт Отпуск в сеть за отчётный период Калмэнерго' is: '884 325'

03-03-2025T13:52:10 - [TEST_STEP][PASSED] - if (page == "" || page == null): null

03-03-2025T13:52:10 - [TEST_STEP][PASSED] - else: null

03-03-2025T13:52:10 - [TEST_STEP][PASSED] - page = page.replaceAll("\s+", ""): null

03-03-2025T13:52:10 - [TEST_STEP][PASSED] - fileOtpuskVSet = otpusk.toInteger(): null

03-03-2025T13:52:10 - [TEST_STEP][PASSED] - pageOtpuskVSet = page.toInteger(): null

03-03-2025T13:52:10 - [TEST_STEP][PASSED] - typeOfData = typeOfDataMain + " Потери": null

03-03-2025T13:52:10 - [TEST_STEP][PASSED] - if (a == 82): null

03-03-2025T13:52:10 - [TEST_STEP][PASSED] - else if (a == 84): null

03-03-2025T13:52:10 - [TEST_STEP][PASSED] - else if (a == 83 || a == 52 || a == 72 || a == 28 || a == 73 || a == 77 || a == 74 || a == 65 || a == 44 || a == 53 || a == 80 || a == 54 || a == 1 || a == 18 || a == 59 || a == 81): null

03-03-2025T13:52:10 - [TEST_STEP][PASSED] - else: null

03-03-2025T13:52:10 - [TEST_STEP][PASSED] - path = dataFolder + typeOfData + " за отчётный период " + b: null

03-03-2025T13:52:10 - [TEST_STEP][PASSED] - page = getText(findTestObject(path)): Text of object 'Object Repository/Выполнение бизнес-плана/Значения со страницы Выполнение бизнес-плана/Факт Потери за отчётный период Калмэнерго' is: '206 920'

03-03-2025T13:52:11 - [MESSAGE][PASSED] - Text of object 'Object Repository/Выполнение бизнес-плана/Значения со страницы Выполнение бизнес-плана/Факт Потери за отчётный период Калмэнерго' is: '206 920'

03-03-2025T13:52:11 - [TEST_STEP][PASSED] - if (page == "" || page == null): null

03-03-2025T13:52:11 - [TEST_STEP][PASSED] - else: null

03-03-2025T13:52:11 - [TEST_STEP][PASSED] - page = page.replaceAll("\s+", ""): null

03-03-2025T13:52:11 - [TEST_STEP][PASSED] - filePoteri = poteri.toInteger(): null

03-03-2025T13:52:11 - [TEST_STEP][PASSED] - pagePoteri = page.toInteger(): null

03-03-2025T13:52:11 - [TEST_STEP][PASSED] - compare = pageOtpuskVSet: null

03-03-2025T13:52:11 - [TEST_STEP][PASSED] - if (pageOtpuskVSet != null): null

03-03-2025T13:52:11 - [TEST_STEP][PASSED] - if (compare == fileOtpuskVSet): null

03-03-2025T13:52:11 - [TEST_STEP][PASSED] - if (compare == fileOtpuskVSet): null

03-03-2025T13:52:11 - [TEST_STEP][PASSED] - compare = pagePoteri: null

03-03-2025T13:52:11 - [TEST_STEP][PASSED] - if (pageOtpuskVSet != null): null

03-03-2025T13:52:11 - [TEST_STEP][PASSED] - if (compare == filePoteri): null

03-03-2025T13:52:11 - [TEST_STEP][PASSED] - if (compare == filePoteri): null

03-03-2025T13:52:11 - [TEST_STEP][PASSED] - if (planFact == 2): null

03-03-2025T13:52:11 - [TEST_STEP][PASSED] - if (planFact == 1): null

03-03-2025T13:52:11 - [TEST_STEP][PASSED] - else if (planFact == 2): null

03-03-2025T13:52:11 - [TEST_STEP][PASSED] - click(findTestObject("Выполнение бизнес-плана/Кнопка План")): Object: 'Object Repository/Выполнение бизнес-плана/Кнопка План' is clicked on

03-03-2025T13:52:11 - [MESSAGE][PASSED] - Object: 'Object Repository/Выполнение бизнес-плана/Кнопка План' is clicked on

03-03-2025T13:52:11 - [TEST_STEP][PASSED] - typeOfDataMain = "План": null

03-03-2025T13:52:11 - [TEST_STEP][PASSED] - otpusk = findTestData("PlanFact").getValue(2, a): null

03-03-2025T13:52:11 - [TEST_STEP][PASSED] - poteri = findTestData("PlanFact").getValue(3, a): null

03-03-2025T13:52:11 - [TEST_STEP][PASSED] - otpusk = otpusk.replaceAll("\s+", ""): null

03-03-2025T13:52:11 - [TEST_STEP][PASSED] - poteri = poteri.replaceAll("\s+", ""): null

03-03-2025T13:52:11 - [TEST_STEP][PASSED] - typeOfData = typeOfDataMain + " Отпуск в сеть": null

03-03-2025T13:52:11 - [TEST_STEP][PASSED] - if (a == 82): null

03-03-2025T13:52:11 - [TEST_STEP][PASSED] - else if (a == 84): null

03-03-2025T13:52:11 - [TEST_STEP][PASSED] - else if (a == 83 || a == 52 || a == 72 || a == 28 || a == 73 || a == 77 || a == 74 || a == 65 || a == 36 || a == 44 || a == 53 || a == 80 || a == 54 || a == 1 || a == 18 || a == 59 || a == 81): null

03-03-2025T13:52:11 - [TEST_STEP][PASSED] - else: null

03-03-2025T13:52:11 - [TEST_STEP][PASSED] - path = dataFolder + typeOfData + " за отчётный период " + b: null

03-03-2025T13:52:11 - [TEST_STEP][PASSED] - println(path): null

03-03-2025T13:52:11 - [TEST_STEP][PASSED] - page = getText(findTestObject(path)): Text of object 'Object Repository/Выполнение бизнес-плана/Значения со страницы Выполнение бизнес-плана/План Отпуск в сеть за отчётный период Калмэнерго' is: '894 759'

03-03-2025T13:52:11 - [MESSAGE][PASSED] - Text of object 'Object Repository/Выполнение бизнес-плана/Значения со страницы Выполнение бизнес-плана/План Отпуск в сеть за отчётный период Калмэнерго' is: '894 759'

03-03-2025T13:52:11 - [TEST_STEP][PASSED] - if (page == "" || page == null): null

03-03-2025T13:52:11 - [TEST_STEP][PASSED] - else: null

03-03-2025T13:52:11 - [TEST_STEP][PASSED] - page = page.replaceAll("\s+", ""): null

03-03-2025T13:52:11 - [TEST_STEP][PASSED] - fileOtpuskVSet = otpusk.toInteger(): null

03-03-2025T13:52:11 - [TEST_STEP][PASSED] - pageOtpuskVSet = page.toInteger(): null

03-03-2025T13:52:11 - [TEST_STEP][PASSED] - typeOfData = typeOfDataMain + " Потери": null

03-03-2025T13:52:11 - [TEST_STEP][PASSED] - if (a == 82): null

03-03-2025T13:52:11 - [TEST_STEP][PASSED] - else if (a == 84): null

03-03-2025T13:52:11 - [TEST_STEP][PASSED] - else if (a == 83 || a == 52 || a == 72 || a == 28 || a == 73 || a == 77 || a == 74 || a == 65 || a == 44 || a == 53 || a == 80 || a == 54 || a == 1 || a == 18 || a == 59 || a == 81): null

03-03-2025T13:52:11 - [TEST_STEP][PASSED] - else: null

03-03-2025T13:52:11 - [TEST_STEP][PASSED] - path = dataFolder + typeOfData + " за отчётный период " + b: null

03-03-2025T13:52:11 - [TEST_STEP][PASSED] - page = getText(findTestObject(path)): Text of object 'Object Repository/Выполнение бизнес-плана/Значения со страницы Выполнение бизнес-плана/План Потери за отчётный период Калмэнерго' is: '219 938'

03-03-2025T13:52:12 - [MESSAGE][PASSED] - Text of object 'Object Repository/Выполнение бизнес-плана/Значения со страницы Выполнение бизнес-плана/План Потери за отчётный период Калмэнерго' is: '219 938'

03-03-2025T13:52:12 - [TEST_STEP][PASSED] - if (page == "" || page == null): null

03-03-2025T13:52:12 - [TEST_STEP][PASSED] - else: null

03-03-2025T13:52:12 - [TEST_STEP][PASSED] - page = page.replaceAll("\s+", ""): null

03-03-2025T13:52:12 - [TEST_STEP][PASSED] - filePoteri = poteri.toInteger(): null

03-03-2025T13:52:12 - [TEST_STEP][PASSED] - pagePoteri = page.toInteger(): null

03-03-2025T13:52:12 - [TEST_STEP][PASSED] - compare = pageOtpuskVSet: null

03-03-2025T13:52:12 - [TEST_STEP][PASSED] - if (pageOtpuskVSet != null): null

03-03-2025T13:52:12 - [TEST_STEP][PASSED] - if (compare == fileOtpuskVSet): null

03-03-2025T13:52:12 - [TEST_STEP][PASSED] - if (compare == fileOtpuskVSet): null

03-03-2025T13:52:12 - [TEST_STEP][PASSED] - compare = pagePoteri: null

03-03-2025T13:52:12 - [TEST_STEP][PASSED] - if (pageOtpuskVSet != null): null

03-03-2025T13:52:12 - [TEST_STEP][PASSED] - if (compare == filePoteri): null

03-03-2025T13:52:12 - [TEST_STEP][PASSED] - if (compare == filePoteri): null

03-03-2025T13:52:12 - [TEST_STEP][PASSED] - if (planFact == 2): Object: 'Object Repository/Выполнение бизнес-плана/Кнопка Факт' is clicked on

03-03-2025T13:52:12 - [TEST_STEP][PASSED] - click(findTestObject("Выполнение бизнес-плана/Кнопка Факт")): Object: 'Object Repository/Выполнение бизнес-плана/Кнопка Факт' is clicked on

03-03-2025T13:52:12 - [MESSAGE][PASSED] - Object: 'Object Repository/Выполнение бизнес-плана/Кнопка Факт' is clicked on

03-03-2025T13:52:12 - [TEST_STEP][PASSED] - println("a=" + a): null

03-03-2025T13:52:12 - [TEST_STEP][PASSED] - if (a == 84 || a == 82): null

03-03-2025T13:52:12 - [TEST_STEP][PASSED] - else if (a == 83 || a == 52 || a == 72 || a == 28 || a == 73 || a == 77 || a == 74 || a == 65 || a == 36 || a == 44 || a == 53 || a == 80 || a == 54 || a == 1 || a == 18 || a == 59 || a == 81): null

03-03-2025T13:52:12 - [TEST_STEP][PASSED] - else: null

03-03-2025T13:52:12 - [TEST_STEP][PASSED] - page1 = getText(findTestObject("Object Repository/Выполнение бизнес-плана/spanPlan" + filialNum)): Text of object 'Object Repository/Выполнение бизнес-плана/spanPlan4' is: '24.58
|'

03-03-2025T13:52:12 - [MESSAGE][PASSED] - Text of object 'Object Repository/Выполнение бизнес-плана/spanPlan4' is: '24.58
|'

03-03-2025T13:52:12 - [TEST_STEP][PASSED] - page1 = page1.replace("|", ""): null

03-03-2025T13:52:12 - [TEST_STEP][PASSED] - page2 = getText(findTestObject("Object Repository/Выполнение бизнес-плана/spanFact" + filialNum)): Text of object 'Object Repository/Выполнение бизнес-плана/spanFact4' is: '23.40
|'

03-03-2025T13:52:13 - [MESSAGE][PASSED] - Text of object 'Object Repository/Выполнение бизнес-плана/spanFact4' is: '23.40
|'

03-03-2025T13:52:13 - [TEST_STEP][PASSED] - page2 = page2.replace("|", ""): null

03-03-2025T13:52:13 - [TEST_STEP][PASSED] - println("page1: " + page1): null

03-03-2025T13:52:13 - [TEST_STEP][PASSED] - println("page2: " + page2): null

03-03-2025T13:52:13 - [TEST_STEP][PASSED] - file = findTestData("PlanFact").getValue(4, a): null

03-03-2025T13:52:13 - [TEST_STEP][PASSED] - file = file.replace(",", "."): null

03-03-2025T13:52:13 - [TEST_STEP][PASSED] - println("file Plan: " + file): null

03-03-2025T13:52:13 - [TEST_STEP][PASSED] - typeOfData = "План в процентах": null

03-03-2025T13:52:13 - [TEST_STEP][PASSED] - fileDouble = file.toDouble(): null

03-03-2025T13:52:13 - [TEST_STEP][PASSED] - pageDouble = page1.toDouble(): null

03-03-2025T13:52:13 - [TEST_STEP][PASSED] - if (fileDouble != pageDouble): null

03-03-2025T13:52:13 - [TEST_STEP][PASSED] - file = findTestData("PlanFact").getValue(7, a): null

03-03-2025T13:52:13 - [TEST_STEP][PASSED] - file = file.replace(",", "."): null

03-03-2025T13:52:13 - [TEST_STEP][PASSED] - println("file Fact: " + file): null

03-03-2025T13:52:13 - [TEST_STEP][PASSED] - fileDouble = file.toDouble(): null

03-03-2025T13:52:13 - [TEST_STEP][PASSED] - typeOfData = "Факт в процентах": null

03-03-2025T13:52:13 - [TEST_STEP][PASSED] - fileDouble = file.toDouble(): null

03-03-2025T13:52:13 - [TEST_STEP][PASSED] - pageDouble = page2.toDouble(): null

03-03-2025T13:52:13 - [TEST_STEP][PASSED] - if (fileDouble != pageDouble): null

03-03-2025T13:52:13 - [TEST_STEP][PASSED] - if (verifyEqual(numberOfErrors, 0) == false): Actual object '0' and expected object '0' are equal

03-03-2025T13:52:13 - [MESSAGE][PASSED] - Actual object '0' and expected object '0' are equal

03-03-2025T13:52:13 - [TEST_STEP][PASSED] - if (a == 82): null

03-03-2025T13:52:13 - [TEST_STEP][PASSED] - dZO = "Ростовэнерго": null

03-03-2025T13:52:13 - [TEST_STEP][PASSED] - a = 63: null

03-03-2025T13:52:13 - [TEST_STEP][PASSED] - if (x2.contains(dZO)): null

03-03-2025T13:52:13 - [TEST_STEP][PASSED] - filialNum = filialNum + 1: null

03-03-2025T13:52:13 - [TEST_STEP][PASSED] - Script1718980020443.Numbers(a, typeOfData, todaysDate, pageInt, fileInt, pageDouble, fileDouble, dZO, dzoNum, filialNum): null

03-03-2025T13:52:13 - [TEST_STEP][PASSED] - println(dzoNum): null

03-03-2025T13:52:13 - [TEST_STEP][PASSED] - planFact = <not implemented yet for class: org.codehaus.groovy.ast.expr.EmptyExpression>: null

03-03-2025T13:52:13 - [TEST_STEP][PASSED] - page = <not implemented yet for class: org.codehaus.groovy.ast.expr.EmptyExpression>: null

03-03-2025T13:52:13 - [TEST_STEP][PASSED] - page1 = <not implemented yet for class: org.codehaus.groovy.ast.expr.EmptyExpression>: null

03-03-2025T13:52:13 - [TEST_STEP][PASSED] - page2 = <not implemented yet for class: org.codehaus.groovy.ast.expr.EmptyExpression>: null

03-03-2025T13:52:13 - [TEST_STEP][PASSED] - filialNumberInRow = <not implemented yet for class: org.codehaus.groovy.ast.expr.EmptyExpression>: null

03-03-2025T13:52:13 - [TEST_STEP][PASSED] - filialsDzoNames = <not implemented yet for class: org.codehaus.groovy.ast.expr.EmptyExpression>: null

03-03-2025T13:52:13 - [TEST_STEP][PASSED] - numberOfFilials = <not implemented yet for class: org.codehaus.groovy.ast.expr.EmptyExpression>: null

03-03-2025T13:52:13 - [TEST_STEP][PASSED] - numberOfSpaces = <not implemented yet for class: org.codehaus.groovy.ast.expr.EmptyExpression>: null

03-03-2025T13:52:13 - [TEST_STEP][PASSED] - file = <not implemented yet for class: org.codehaus.groovy.ast.expr.EmptyExpression>: null

03-03-2025T13:52:13 - [TEST_STEP][PASSED] - otpusk = <not implemented yet for class: org.codehaus.groovy.ast.expr.EmptyExpression>: null

03-03-2025T13:52:13 - [TEST_STEP][PASSED] - poteri = <not implemented yet for class: org.codehaus.groovy.ast.expr.EmptyExpression>: null

03-03-2025T13:52:13 - [TEST_STEP][PASSED] - dataFolder = "Выполнение бизнес-плана/Значения со страницы Выполнение бизнес-плана/": null

03-03-2025T13:52:13 - [TEST_STEP][PASSED] - path = <not implemented yet for class: org.codehaus.groovy.ast.expr.EmptyExpression>: null

03-03-2025T13:52:13 - [TEST_STEP][PASSED] - typeOfDataMain = <not implemented yet for class: org.codehaus.groovy.ast.expr.EmptyExpression>: null

03-03-2025T13:52:13 - [TEST_STEP][PASSED] - fileOtpuskVSet = <not implemented yet for class: org.codehaus.groovy.ast.expr.EmptyExpression>: null

03-03-2025T13:52:13 - [TEST_STEP][PASSED] - pageOtpuskVSet = <not implemented yet for class: org.codehaus.groovy.ast.expr.EmptyExpression>: null

03-03-2025T13:52:13 - [TEST_STEP][PASSED] - filePoteri = <not implemented yet for class: org.codehaus.groovy.ast.expr.EmptyExpression>: null

03-03-2025T13:52:13 - [TEST_STEP][PASSED] - pagePoteri = <not implemented yet for class: org.codehaus.groovy.ast.expr.EmptyExpression>: null

03-03-2025T13:52:13 - [TEST_STEP][PASSED] - compare = <not implemented yet for class: org.codehaus.groovy.ast.expr.EmptyExpression>: null

03-03-2025T13:52:13 - [TEST_STEP][PASSED] - b = <not implemented yet for class: org.codehaus.groovy.ast.expr.EmptyExpression>: null

03-03-2025T13:52:13 - [TEST_STEP][PASSED] - i = <not implemented yet for class: org.codehaus.groovy.ast.expr.EmptyExpression>: null

03-03-2025T13:52:13 - [TEST_STEP][PASSED] - ii = <not implemented yet for class: org.codehaus.groovy.ast.expr.EmptyExpression>: null

03-03-2025T13:52:13 - [TEST_STEP][PASSED] - c = <not implemented yet for class: org.codehaus.groovy.ast.expr.EmptyExpression>: null

03-03-2025T13:52:13 - [TEST_STEP][PASSED] - numberOfErrors = 0: null

03-03-2025T13:52:13 - [TEST_STEP][PASSED] - if (a == 82): null

03-03-2025T13:52:13 - [TEST_STEP][PASSED] - b = findTestData("PlanFact").getValue(1, a): null

03-03-2025T13:52:13 - [TEST_STEP][PASSED] - i = b.indexOf(" (ГК)"): null

03-03-2025T13:52:13 - [TEST_STEP][PASSED] - if (i > -1): null

03-03-2025T13:52:13 - [TEST_STEP][PASSED] - i = b.indexOf("О ""): null

03-03-2025T13:52:13 - [TEST_STEP][PASSED] - if (i > -1): null

03-03-2025T13:52:13 - [TEST_STEP][PASSED] - i = b.indexOf("О «"): null

03-03-2025T13:52:13 - [TEST_STEP][PASSED] - if (i > -1): null

03-03-2025T13:52:13 - [TEST_STEP][PASSED] - i = b.indexOf("г. "): null

03-03-2025T13:52:13 - [TEST_STEP][PASSED] - if (i > -1): null

03-03-2025T13:52:13 - [TEST_STEP][PASSED] - b = b.trim(): null

03-03-2025T13:52:13 - [TEST_STEP][PASSED] - println(b): null

03-03-2025T13:52:13 - [TEST_STEP][PASSED] - for ([planFact = 1, planFact < 3, (planFact++)]): Object: 'Object Repository/Выполнение бизнес-плана/Кнопка Факт' is clicked on

03-03-2025T13:52:13 - [TEST_STEP][PASSED] - if (planFact == 1): null

03-03-2025T13:52:13 - [TEST_STEP][PASSED] - typeOfDataMain = "Факт": null

03-03-2025T13:52:13 - [TEST_STEP][PASSED] - otpusk = findTestData("PlanFact").getValue(5, a): null

03-03-2025T13:52:13 - [TEST_STEP][PASSED] - poteri = findTestData("PlanFact").getValue(6, a): null

03-03-2025T13:52:13 - [TEST_STEP][PASSED] - otpusk = otpusk.replaceAll("\s+", ""): null

03-03-2025T13:52:13 - [TEST_STEP][PASSED] - poteri = poteri.replaceAll("\s+", ""): null

03-03-2025T13:52:13 - [TEST_STEP][PASSED] - typeOfData = typeOfDataMain + " Отпуск в сеть": null

03-03-2025T13:52:13 - [TEST_STEP][PASSED] - if (a == 82): null

03-03-2025T13:52:13 - [TEST_STEP][PASSED] - else if (a == 84): null

03-03-2025T13:52:13 - [TEST_STEP][PASSED] - else if (a == 83 || a == 52 || a == 72 || a == 28 || a == 73 || a == 77 || a == 74 || a == 65 || a == 36 || a == 44 || a == 53 || a == 80 || a == 54 || a == 1 || a == 18 || a == 59 || a == 81): null

03-03-2025T13:52:13 - [TEST_STEP][PASSED] - else: null

03-03-2025T13:52:13 - [TEST_STEP][PASSED] - path = dataFolder + typeOfData + " за отчётный период " + b: null

03-03-2025T13:52:13 - [TEST_STEP][PASSED] - println(path): null

03-03-2025T13:52:13 - [TEST_STEP][PASSED] - page = getText(findTestObject(path)): Text of object 'Object Repository/Выполнение бизнес-плана/Значения со страницы Выполнение бизнес-плана/Факт Отпуск в сеть за отчётный период Ростовэнерго' is: '14 819 514'

03-03-2025T13:52:13 - [MESSAGE][PASSED] - Text of object 'Object Repository/Выполнение бизнес-плана/Значения со страницы Выполнение бизнес-плана/Факт Отпуск в сеть за отчётный период Ростовэнерго' is: '14 819 514'

03-03-2025T13:52:13 - [TEST_STEP][PASSED] - if (page == "" || page == null): null

03-03-2025T13:52:13 - [TEST_STEP][PASSED] - else: null

03-03-2025T13:52:13 - [TEST_STEP][PASSED] - page = page.replaceAll("\s+", ""): null

03-03-2025T13:52:13 - [TEST_STEP][PASSED] - fileOtpuskVSet = otpusk.toInteger(): null

03-03-2025T13:52:13 - [TEST_STEP][PASSED] - pageOtpuskVSet = page.toInteger(): null

03-03-2025T13:52:13 - [TEST_STEP][PASSED] - typeOfData = typeOfDataMain + " Потери": null

03-03-2025T13:52:13 - [TEST_STEP][PASSED] - if (a == 82): null

03-03-2025T13:52:13 - [TEST_STEP][PASSED] - else if (a == 84): null

03-03-2025T13:52:13 - [TEST_STEP][PASSED] - else if (a == 83 || a == 52 || a == 72 || a == 28 || a == 73 || a == 77 || a == 74 || a == 65 || a == 44 || a == 53 || a == 80 || a == 54 || a == 1 || a == 18 || a == 59 || a == 81): null

03-03-2025T13:52:13 - [TEST_STEP][PASSED] - else: null

03-03-2025T13:52:13 - [TEST_STEP][PASSED] - path = dataFolder + typeOfData + " за отчётный период " + b: null

03-03-2025T13:52:13 - [TEST_STEP][PASSED] - page = getText(findTestObject(path)): Text of object 'Object Repository/Выполнение бизнес-плана/Значения со страницы Выполнение бизнес-плана/Факт Потери за отчётный период Ростовэнерго' is: '1 184 502'

03-03-2025T13:52:14 - [MESSAGE][PASSED] - Text of object 'Object Repository/Выполнение бизнес-плана/Значения со страницы Выполнение бизнес-плана/Факт Потери за отчётный период Ростовэнерго' is: '1 184 502'

03-03-2025T13:52:14 - [TEST_STEP][PASSED] - if (page == "" || page == null): null

03-03-2025T13:52:14 - [TEST_STEP][PASSED] - else: null

03-03-2025T13:52:14 - [TEST_STEP][PASSED] - page = page.replaceAll("\s+", ""): null

03-03-2025T13:52:14 - [TEST_STEP][PASSED] - filePoteri = poteri.toInteger(): null

03-03-2025T13:52:14 - [TEST_STEP][PASSED] - pagePoteri = page.toInteger(): null

03-03-2025T13:52:14 - [TEST_STEP][PASSED] - compare = pageOtpuskVSet: null

03-03-2025T13:52:14 - [TEST_STEP][PASSED] - if (pageOtpuskVSet != null): null

03-03-2025T13:52:14 - [TEST_STEP][PASSED] - if (compare == fileOtpuskVSet): null

03-03-2025T13:52:14 - [TEST_STEP][PASSED] - if (compare == fileOtpuskVSet): null

03-03-2025T13:52:14 - [TEST_STEP][PASSED] - compare = pagePoteri: null

03-03-2025T13:52:14 - [TEST_STEP][PASSED] - if (pageOtpuskVSet != null): null

03-03-2025T13:52:14 - [TEST_STEP][PASSED] - if (compare == filePoteri): null

03-03-2025T13:52:14 - [TEST_STEP][PASSED] - if (compare == filePoteri): null

03-03-2025T13:52:14 - [TEST_STEP][PASSED] - if (planFact == 2): null

03-03-2025T13:52:14 - [TEST_STEP][PASSED] - if (planFact == 1): null

03-03-2025T13:52:14 - [TEST_STEP][PASSED] - else if (planFact == 2): null

03-03-2025T13:52:14 - [TEST_STEP][PASSED] - click(findTestObject("Выполнение бизнес-плана/Кнопка План")): Object: 'Object Repository/Выполнение бизнес-плана/Кнопка План' is clicked on

03-03-2025T13:52:14 - [MESSAGE][PASSED] - Object: 'Object Repository/Выполнение бизнес-плана/Кнопка План' is clicked on

03-03-2025T13:52:14 - [TEST_STEP][PASSED] - typeOfDataMain = "План": null

03-03-2025T13:52:14 - [TEST_STEP][PASSED] - otpusk = findTestData("PlanFact").getValue(2, a): null

03-03-2025T13:52:14 - [TEST_STEP][PASSED] - poteri = findTestData("PlanFact").getValue(3, a): null

03-03-2025T13:52:14 - [TEST_STEP][PASSED] - otpusk = otpusk.replaceAll("\s+", ""): null

03-03-2025T13:52:14 - [TEST_STEP][PASSED] - poteri = poteri.replaceAll("\s+", ""): null

03-03-2025T13:52:14 - [TEST_STEP][PASSED] - typeOfData = typeOfDataMain + " Отпуск в сеть": null

03-03-2025T13:52:14 - [TEST_STEP][PASSED] - if (a == 82): null

03-03-2025T13:52:14 - [TEST_STEP][PASSED] - else if (a == 84): null

03-03-2025T13:52:14 - [TEST_STEP][PASSED] - else if (a == 83 || a == 52 || a == 72 || a == 28 || a == 73 || a == 77 || a == 74 || a == 65 || a == 36 || a == 44 || a == 53 || a == 80 || a == 54 || a == 1 || a == 18 || a == 59 || a == 81): null

03-03-2025T13:52:14 - [TEST_STEP][PASSED] - else: null

03-03-2025T13:52:14 - [TEST_STEP][PASSED] - path = dataFolder + typeOfData + " за отчётный период " + b: null

03-03-2025T13:52:14 - [TEST_STEP][PASSED] - println(path): null

03-03-2025T13:52:14 - [TEST_STEP][PASSED] - page = getText(findTestObject(path)): Text of object 'Object Repository/Выполнение бизнес-плана/Значения со страницы Выполнение бизнес-плана/План Отпуск в сеть за отчётный период Ростовэнерго' is: '14 330 734'

03-03-2025T13:52:14 - [MESSAGE][PASSED] - Text of object 'Object Repository/Выполнение бизнес-плана/Значения со страницы Выполнение бизнес-плана/План Отпуск в сеть за отчётный период Ростовэнерго' is: '14 330 734'

03-03-2025T13:52:14 - [TEST_STEP][PASSED] - if (page == "" || page == null): null

03-03-2025T13:52:14 - [TEST_STEP][PASSED] - else: null

03-03-2025T13:52:14 - [TEST_STEP][PASSED] - page = page.replaceAll("\s+", ""): null

03-03-2025T13:52:14 - [TEST_STEP][PASSED] - fileOtpuskVSet = otpusk.toInteger(): null

03-03-2025T13:52:14 - [TEST_STEP][PASSED] - pageOtpuskVSet = page.toInteger(): null

03-03-2025T13:52:14 - [TEST_STEP][PASSED] - typeOfData = typeOfDataMain + " Потери": null

03-03-2025T13:52:14 - [TEST_STEP][PASSED] - if (a == 82): null

03-03-2025T13:52:14 - [TEST_STEP][PASSED] - else if (a == 84): null

03-03-2025T13:52:14 - [TEST_STEP][PASSED] - else if (a == 83 || a == 52 || a == 72 || a == 28 || a == 73 || a == 77 || a == 74 || a == 65 || a == 44 || a == 53 || a == 80 || a == 54 || a == 1 || a == 18 || a == 59 || a == 81): null

03-03-2025T13:52:14 - [TEST_STEP][PASSED] - else: null

03-03-2025T13:52:14 - [TEST_STEP][PASSED] - path = dataFolder + typeOfData + " за отчётный период " + b: null

03-03-2025T13:52:14 - [TEST_STEP][PASSED] - page = getText(findTestObject(path)): Text of object 'Object Repository/Выполнение бизнес-плана/Значения со страницы Выполнение бизнес-плана/План Потери за отчётный период Ростовэнерго' is: '1 152 858'

03-03-2025T13:52:15 - [MESSAGE][PASSED] - Text of object 'Object Repository/Выполнение бизнес-плана/Значения со страницы Выполнение бизнес-плана/План Потери за отчётный период Ростовэнерго' is: '1 152 858'

03-03-2025T13:52:15 - [TEST_STEP][PASSED] - if (page == "" || page == null): null

03-03-2025T13:52:15 - [TEST_STEP][PASSED] - else: null

03-03-2025T13:52:15 - [TEST_STEP][PASSED] - page = page.replaceAll("\s+", ""): null

03-03-2025T13:52:15 - [TEST_STEP][PASSED] - filePoteri = poteri.toInteger(): null

03-03-2025T13:52:15 - [TEST_STEP][PASSED] - pagePoteri = page.toInteger(): null

03-03-2025T13:52:15 - [TEST_STEP][PASSED] - compare = pageOtpuskVSet: null

03-03-2025T13:52:15 - [TEST_STEP][PASSED] - if (pageOtpuskVSet != null): null

03-03-2025T13:52:15 - [TEST_STEP][PASSED] - if (compare == fileOtpuskVSet): null

03-03-2025T13:52:15 - [TEST_STEP][PASSED] - if (compare == fileOtpuskVSet): null

03-03-2025T13:52:15 - [TEST_STEP][PASSED] - compare = pagePoteri: null

03-03-2025T13:52:15 - [TEST_STEP][PASSED] - if (pageOtpuskVSet != null): null

03-03-2025T13:52:15 - [TEST_STEP][PASSED] - if (compare == filePoteri): null

03-03-2025T13:52:15 - [TEST_STEP][PASSED] - if (compare == filePoteri): null

03-03-2025T13:52:15 - [TEST_STEP][PASSED] - if (planFact == 2): Object: 'Object Repository/Выполнение бизнес-плана/Кнопка Факт' is clicked on

03-03-2025T13:52:15 - [TEST_STEP][PASSED] - click(findTestObject("Выполнение бизнес-плана/Кнопка Факт")): Object: 'Object Repository/Выполнение бизнес-плана/Кнопка Факт' is clicked on

03-03-2025T13:52:15 - [MESSAGE][PASSED] - Object: 'Object Repository/Выполнение бизнес-плана/Кнопка Факт' is clicked on

03-03-2025T13:52:15 - [TEST_STEP][PASSED] - println("a=" + a): null

03-03-2025T13:52:15 - [TEST_STEP][PASSED] - if (a == 84 || a == 82): null

03-03-2025T13:52:15 - [TEST_STEP][PASSED] - else if (a == 83 || a == 52 || a == 72 || a == 28 || a == 73 || a == 77 || a == 74 || a == 65 || a == 36 || a == 44 || a == 53 || a == 80 || a == 54 || a == 1 || a == 18 || a == 59 || a == 81): null

03-03-2025T13:52:15 - [TEST_STEP][PASSED] - else: null

03-03-2025T13:52:15 - [TEST_STEP][PASSED] - page1 = getText(findTestObject("Object Repository/Выполнение бизнес-плана/spanPlan" + filialNum)): Text of object 'Object Repository/Выполнение бизнес-плана/spanPlan5' is: '8.04
|'

03-03-2025T13:52:15 - [MESSAGE][PASSED] - Text of object 'Object Repository/Выполнение бизнес-плана/spanPlan5' is: '8.04
|'

03-03-2025T13:52:15 - [TEST_STEP][PASSED] - page1 = page1.replace("|", ""): null

03-03-2025T13:52:15 - [TEST_STEP][PASSED] - page2 = getText(findTestObject("Object Repository/Выполнение бизнес-плана/spanFact" + filialNum)): Text of object 'Object Repository/Выполнение бизнес-плана/spanFact5' is: '7.99
|'

03-03-2025T13:52:16 - [MESSAGE][PASSED] - Text of object 'Object Repository/Выполнение бизнес-плана/spanFact5' is: '7.99
|'

03-03-2025T13:52:16 - [TEST_STEP][PASSED] - page2 = page2.replace("|", ""): null

03-03-2025T13:52:16 - [TEST_STEP][PASSED] - println("page1: " + page1): null

03-03-2025T13:52:16 - [TEST_STEP][PASSED] - println("page2: " + page2): null

03-03-2025T13:52:16 - [TEST_STEP][PASSED] - file = findTestData("PlanFact").getValue(4, a): null

03-03-2025T13:52:16 - [TEST_STEP][PASSED] - file = file.replace(",", "."): null

03-03-2025T13:52:16 - [TEST_STEP][PASSED] - println("file Plan: " + file): null

03-03-2025T13:52:16 - [TEST_STEP][PASSED] - typeOfData = "План в процентах": null

03-03-2025T13:52:16 - [TEST_STEP][PASSED] - fileDouble = file.toDouble(): null

03-03-2025T13:52:16 - [TEST_STEP][PASSED] - pageDouble = page1.toDouble(): null

03-03-2025T13:52:16 - [TEST_STEP][PASSED] - if (fileDouble != pageDouble): null

03-03-2025T13:52:16 - [TEST_STEP][PASSED] - file = findTestData("PlanFact").getValue(7, a): null

03-03-2025T13:52:16 - [TEST_STEP][PASSED] - file = file.replace(",", "."): null

03-03-2025T13:52:16 - [TEST_STEP][PASSED] - println("file Fact: " + file): null

03-03-2025T13:52:16 - [TEST_STEP][PASSED] - fileDouble = file.toDouble(): null

03-03-2025T13:52:16 - [TEST_STEP][PASSED] - typeOfData = "Факт в процентах": null

03-03-2025T13:52:16 - [TEST_STEP][PASSED] - fileDouble = file.toDouble(): null

03-03-2025T13:52:16 - [TEST_STEP][PASSED] - pageDouble = page2.toDouble(): null

03-03-2025T13:52:16 - [TEST_STEP][PASSED] - if (fileDouble != pageDouble): null

03-03-2025T13:52:16 - [TEST_STEP][PASSED] - if (verifyEqual(numberOfErrors, 0) == false): Actual object '0' and expected object '0' are equal

03-03-2025T13:52:16 - [MESSAGE][PASSED] - Actual object '0' and expected object '0' are equal

03-03-2025T13:52:16 - [TEST_STEP][PASSED] - if (a == 82): null

03-03-2025T13:52:16 - [TEST_STEP][PASSED] - filialNum = 0: null

03-03-2025T13:52:16 - [TEST_STEP][PASSED] - Script1718980020443.OpenFilter(): null

03-03-2025T13:52:16 - [TEST_STEP][PASSED] - click(findTestObject("Object Repository/Выполнение бизнес-плана/Фильтр ДЗО")): Object: 'Object Repository/Выполнение бизнес-плана/Фильтр ДЗО' is clicked on

03-03-2025T13:52:16 - [MESSAGE][PASSED] - Object: 'Object Repository/Выполнение бизнес-плана/Фильтр ДЗО' is clicked on

03-03-2025T13:52:16 - [TEST_STEP][PASSED] - click(findTestObject("Выполнение бизнес-плана/Снять выделение в фильтре ДЗО")): Object: 'Object Repository/Выполнение бизнес-плана/Снять выделение в фильтре ДЗО' is clicked on

03-03-2025T13:52:17 - [MESSAGE][PASSED] - Object: 'Object Repository/Выполнение бизнес-плана/Снять выделение в фильтре ДЗО' is clicked on

03-03-2025T13:52:17 - [TEST_STEP][PASSED] - Script1718980020443.CloseFilter(): null

03-03-2025T13:52:17 - [TEST_STEP][PASSED] - scrollToElement(findTestObject("Выполнение бизнес-плана/Заголовок дашборда"), 30): Scroll to object 'Object Repository/Выполнение бизнес-плана/Заголовок дашборда' successfully

03-03-2025T13:52:17 - [MESSAGE][PASSED] - Scroll to object 'Object Repository/Выполнение бизнес-плана/Заголовок дашборда' successfully

03-03-2025T13:52:17 - [TEST_STEP][PASSED] - click(findTestObject("Object Repository/Выполнение бизнес-плана/Применить в фильтре ДЗО")): Object: 'Object Repository/Выполнение бизнес-плана/Применить в фильтре ДЗО' is clicked on

03-03-2025T13:52:18 - [MESSAGE][PASSED] - Object: 'Object Repository/Выполнение бизнес-плана/Применить в фильтре ДЗО' is clicked on

03-03-2025T13:52:18 - [TEST_STEP][PASSED] - delay(60): Delayed 60 second(s)

03-03-2025T13:53:18 - [MESSAGE][PASSED] - Delayed 60 second(s)

03-03-2025T13:53:18 - [TEST_STEP][PASSED] - if (a == 82): null

03-03-2025T13:53:18 - [TEST_STEP][PASSED] - println(dzoNum): null

03-03-2025T13:53:18 - [TEST_STEP][PASSED] - dZO = "Россети Янтарь": null

03-03-2025T13:53:18 - [TEST_STEP][PASSED] - a = 81: null

03-03-2025T13:53:18 - [TEST_STEP][PASSED] - if (x1.contains("Янтарь")): null

03-03-2025T13:53:18 - [TEST_STEP][PASSED] - dzoNum = dzoNum + 1: null

03-03-2025T13:53:18 - [TEST_STEP][PASSED] - Script1718980020443.Numbers(a, typeOfData, todaysDate, pageInt, fileInt, pageDouble, fileDouble, dZO, dzoNum, filialNum): null

03-03-2025T13:53:18 - [TEST_STEP][PASSED] - println(dzoNum): null

03-03-2025T13:53:18 - [TEST_STEP][PASSED] - planFact = <not implemented yet for class: org.codehaus.groovy.ast.expr.EmptyExpression>: null

03-03-2025T13:53:18 - [TEST_STEP][PASSED] - page = <not implemented yet for class: org.codehaus.groovy.ast.expr.EmptyExpression>: null

03-03-2025T13:53:18 - [TEST_STEP][PASSED] - page1 = <not implemented yet for class: org.codehaus.groovy.ast.expr.EmptyExpression>: null

03-03-2025T13:53:18 - [TEST_STEP][PASSED] - page2 = <not implemented yet for class: org.codehaus.groovy.ast.expr.EmptyExpression>: null

03-03-2025T13:53:18 - [TEST_STEP][PASSED] - filialNumberInRow = <not implemented yet for class: org.codehaus.groovy.ast.expr.EmptyExpression>: null

03-03-2025T13:53:18 - [TEST_STEP][PASSED] - filialsDzoNames = <not implemented yet for class: org.codehaus.groovy.ast.expr.EmptyExpression>: null

03-03-2025T13:53:18 - [TEST_STEP][PASSED] - numberOfFilials = <not implemented yet for class: org.codehaus.groovy.ast.expr.EmptyExpression>: null

03-03-2025T13:53:18 - [TEST_STEP][PASSED] - numberOfSpaces = <not implemented yet for class: org.codehaus.groovy.ast.expr.EmptyExpression>: null

03-03-2025T13:53:18 - [TEST_STEP][PASSED] - file = <not implemented yet for class: org.codehaus.groovy.ast.expr.EmptyExpression>: null

03-03-2025T13:53:18 - [TEST_STEP][PASSED] - otpusk = <not implemented yet for class: org.codehaus.groovy.ast.expr.EmptyExpression>: null

03-03-2025T13:53:18 - [TEST_STEP][PASSED] - poteri = <not implemented yet for class: org.codehaus.groovy.ast.expr.EmptyExpression>: null

03-03-2025T13:53:18 - [TEST_STEP][PASSED] - dataFolder = "Выполнение бизнес-плана/Значения со страницы Выполнение бизнес-плана/": null

03-03-2025T13:53:18 - [TEST_STEP][PASSED] - path = <not implemented yet for class: org.codehaus.groovy.ast.expr.EmptyExpression>: null

03-03-2025T13:53:18 - [TEST_STEP][PASSED] - typeOfDataMain = <not implemented yet for class: org.codehaus.groovy.ast.expr.EmptyExpression>: null

03-03-2025T13:53:18 - [TEST_STEP][PASSED] - fileOtpuskVSet = <not implemented yet for class: org.codehaus.groovy.ast.expr.EmptyExpression>: null

03-03-2025T13:53:18 - [TEST_STEP][PASSED] - pageOtpuskVSet = <not implemented yet for class: org.codehaus.groovy.ast.expr.EmptyExpression>: null

03-03-2025T13:53:18 - [TEST_STEP][PASSED] - filePoteri = <not implemented yet for class: org.codehaus.groovy.ast.expr.EmptyExpression>: null

03-03-2025T13:53:18 - [TEST_STEP][PASSED] - pagePoteri = <not implemented yet for class: org.codehaus.groovy.ast.expr.EmptyExpression>: null

03-03-2025T13:53:18 - [TEST_STEP][PASSED] - compare = <not implemented yet for class: org.codehaus.groovy.ast.expr.EmptyExpression>: null

03-03-2025T13:53:18 - [TEST_STEP][PASSED] - b = <not implemented yet for class: org.codehaus.groovy.ast.expr.EmptyExpression>: null

03-03-2025T13:53:18 - [TEST_STEP][PASSED] - i = <not implemented yet for class: org.codehaus.groovy.ast.expr.EmptyExpression>: null

03-03-2025T13:53:18 - [TEST_STEP][PASSED] - ii = <not implemented yet for class: org.codehaus.groovy.ast.expr.EmptyExpression>: null

03-03-2025T13:53:18 - [TEST_STEP][PASSED] - c = <not implemented yet for class: org.codehaus.groovy.ast.expr.EmptyExpression>: null

03-03-2025T13:53:18 - [TEST_STEP][PASSED] - numberOfErrors = 0: null

03-03-2025T13:53:18 - [TEST_STEP][PASSED] - if (a == 82): null

03-03-2025T13:53:18 - [TEST_STEP][PASSED] - b = findTestData("PlanFact").getValue(1, a): null

03-03-2025T13:53:18 - [TEST_STEP][PASSED] - i = b.indexOf(" (ГК)"): null

03-03-2025T13:53:18 - [TEST_STEP][PASSED] - if (i > -1): null

03-03-2025T13:53:18 - [TEST_STEP][PASSED] - i = b.indexOf("О ""): null

03-03-2025T13:53:18 - [TEST_STEP][PASSED] - if (i > -1): null

03-03-2025T13:53:18 - [TEST_STEP][PASSED] - i = b.indexOf("О «"): null

03-03-2025T13:53:18 - [TEST_STEP][PASSED] - if (i > -1): null

03-03-2025T13:53:18 - [TEST_STEP][PASSED] - i = b.indexOf("г. "): null

03-03-2025T13:53:18 - [TEST_STEP][PASSED] - if (i > -1): null

03-03-2025T13:53:18 - [TEST_STEP][PASSED] - b = b.trim(): null

03-03-2025T13:53:18 - [TEST_STEP][PASSED] - println(b): null

03-03-2025T13:53:18 - [TEST_STEP][PASSED] - for ([planFact = 1, planFact < 3, (planFact++)]): Object: 'Object Repository/Выполнение бизнес-плана/Кнопка Факт' is clicked on

03-03-2025T13:53:18 - [TEST_STEP][PASSED] - if (planFact == 1): null

03-03-2025T13:53:18 - [TEST_STEP][PASSED] - typeOfDataMain = "Факт": null

03-03-2025T13:53:18 - [TEST_STEP][PASSED] - otpusk = findTestData("PlanFact").getValue(5, a): null

03-03-2025T13:53:18 - [TEST_STEP][PASSED] - poteri = findTestData("PlanFact").getValue(6, a): null

03-03-2025T13:53:18 - [TEST_STEP][PASSED] - otpusk = otpusk.replaceAll("\s+", ""): null

03-03-2025T13:53:18 - [TEST_STEP][PASSED] - poteri = poteri.replaceAll("\s+", ""): null

03-03-2025T13:53:18 - [TEST_STEP][PASSED] - typeOfData = typeOfDataMain + " Отпуск в сеть": null

03-03-2025T13:53:18 - [TEST_STEP][PASSED] - if (a == 82): null

03-03-2025T13:53:18 - [TEST_STEP][PASSED] - else if (a == 84): null

03-03-2025T13:53:18 - [TEST_STEP][PASSED] - else if (a == 83 || a == 52 || a == 72 || a == 28 || a == 73 || a == 77 || a == 74 || a == 65 || a == 36 || a == 44 || a == 53 || a == 80 || a == 54 || a == 1 || a == 18 || a == 59 || a == 81): null

03-03-2025T13:53:18 - [TEST_STEP][PASSED] - path = dataFolder + "Table Data/" + typeOfData + " за отчётный период " + dzoNum: null

03-03-2025T13:53:18 - [TEST_STEP][PASSED] - println(path): null

03-03-2025T13:53:18 - [TEST_STEP][PASSED] - page = getText(findTestObject(path)): Text of object 'Object Repository/Выполнение бизнес-плана/Значения со страницы Выполнение бизнес-плана/Table Data/Факт Отпуск в сеть за отчётный период 17' is: '4 647 452'

03-03-2025T13:53:18 - [MESSAGE][PASSED] - Text of object 'Object Repository/Выполнение бизнес-плана/Значения со страницы Выполнение бизнес-плана/Table Data/Факт Отпуск в сеть за отчётный период 17' is: '4 647 452'

03-03-2025T13:53:18 - [TEST_STEP][PASSED] - if (page == "" || page == null): null

03-03-2025T13:53:18 - [TEST_STEP][PASSED] - else: null

03-03-2025T13:53:18 - [TEST_STEP][PASSED] - page = page.replaceAll("\s+", ""): null

03-03-2025T13:53:18 - [TEST_STEP][PASSED] - fileOtpuskVSet = otpusk.toInteger(): null

03-03-2025T13:53:18 - [TEST_STEP][PASSED] - pageOtpuskVSet = page.toInteger(): null

03-03-2025T13:53:18 - [TEST_STEP][PASSED] - typeOfData = typeOfDataMain + " Потери": null

03-03-2025T13:53:18 - [TEST_STEP][PASSED] - if (a == 82): null

03-03-2025T13:53:18 - [TEST_STEP][PASSED] - else if (a == 84): null

03-03-2025T13:53:18 - [TEST_STEP][PASSED] - else if (a == 83 || a == 52 || a == 72 || a == 28 || a == 73 || a == 77 || a == 74 || a == 65 || a == 44 || a == 53 || a == 80 || a == 54 || a == 1 || a == 18 || a == 59 || a == 81): null

03-03-2025T13:53:18 - [TEST_STEP][PASSED] - path = dataFolder + "Table Data/" + typeOfData + " за отчётный период " + dzoNum: null

03-03-2025T13:53:18 - [TEST_STEP][PASSED] - page = getText(findTestObject(path)): Text of object 'Object Repository/Выполнение бизнес-плана/Значения со страницы Выполнение бизнес-плана/Table Data/Факт Потери за отчётный период 17' is: '427 863'

03-03-2025T13:53:18 - [MESSAGE][PASSED] - Text of object 'Object Repository/Выполнение бизнес-плана/Значения со страницы Выполнение бизнес-плана/Table Data/Факт Потери за отчётный период 17' is: '427 863'

03-03-2025T13:53:18 - [TEST_STEP][PASSED] - if (page == "" || page == null): null

03-03-2025T13:53:18 - [TEST_STEP][PASSED] - else: null

03-03-2025T13:53:18 - [TEST_STEP][PASSED] - page = page.replaceAll("\s+", ""): null

03-03-2025T13:53:18 - [TEST_STEP][PASSED] - filePoteri = poteri.toInteger(): null

03-03-2025T13:53:18 - [TEST_STEP][PASSED] - pagePoteri = page.toInteger(): null

03-03-2025T13:53:18 - [TEST_STEP][PASSED] - compare = pageOtpuskVSet: null

03-03-2025T13:53:18 - [TEST_STEP][PASSED] - if (pageOtpuskVSet != null): null

03-03-2025T13:53:18 - [TEST_STEP][PASSED] - if (compare == fileOtpuskVSet): null

03-03-2025T13:53:18 - [TEST_STEP][PASSED] - if (compare == fileOtpuskVSet): null

03-03-2025T13:53:18 - [TEST_STEP][PASSED] - compare = pagePoteri: null

03-03-2025T13:53:18 - [TEST_STEP][PASSED] - if (pageOtpuskVSet != null): null

03-03-2025T13:53:18 - [TEST_STEP][PASSED] - if (compare == filePoteri): null

03-03-2025T13:53:18 - [TEST_STEP][PASSED] - if (compare == filePoteri): null

03-03-2025T13:53:18 - [TEST_STEP][PASSED] - if (planFact == 2): null

03-03-2025T13:53:18 - [TEST_STEP][PASSED] - if (planFact == 1): null

03-03-2025T13:53:18 - [TEST_STEP][PASSED] - else if (planFact == 2): null

03-03-2025T13:53:18 - [TEST_STEP][PASSED] - click(findTestObject("Выполнение бизнес-плана/Кнопка План")): Object: 'Object Repository/Выполнение бизнес-плана/Кнопка План' is clicked on

03-03-2025T13:53:19 - [MESSAGE][PASSED] - Object: 'Object Repository/Выполнение бизнес-плана/Кнопка План' is clicked on

03-03-2025T13:53:19 - [TEST_STEP][PASSED] - typeOfDataMain = "План": null

03-03-2025T13:53:19 - [TEST_STEP][PASSED] - otpusk = findTestData("PlanFact").getValue(2, a): null

03-03-2025T13:53:19 - [TEST_STEP][PASSED] - poteri = findTestData("PlanFact").getValue(3, a): null

03-03-2025T13:53:19 - [TEST_STEP][PASSED] - otpusk = otpusk.replaceAll("\s+", ""): null

03-03-2025T13:53:19 - [TEST_STEP][PASSED] - poteri = poteri.replaceAll("\s+", ""): null

03-03-2025T13:53:19 - [TEST_STEP][PASSED] - typeOfData = typeOfDataMain + " Отпуск в сеть": null

03-03-2025T13:53:19 - [TEST_STEP][PASSED] - if (a == 82): null

03-03-2025T13:53:19 - [TEST_STEP][PASSED] - else if (a == 84): null

03-03-2025T13:53:19 - [TEST_STEP][PASSED] - else if (a == 83 || a == 52 || a == 72 || a == 28 || a == 73 || a == 77 || a == 74 || a == 65 || a == 36 || a == 44 || a == 53 || a == 80 || a == 54 || a == 1 || a == 18 || a == 59 || a == 81): null

03-03-2025T13:53:19 - [TEST_STEP][PASSED] - path = dataFolder + "Table Data/" + typeOfData + " за отчётный период " + dzoNum: null

03-03-2025T13:53:19 - [TEST_STEP][PASSED] - println(path): null

03-03-2025T13:53:19 - [TEST_STEP][PASSED] - page = getText(findTestObject(path)): Text of object 'Object Repository/Выполнение бизнес-плана/Значения со страницы Выполнение бизнес-плана/Table Data/План Отпуск в сеть за отчётный период 17' is: '4 470 333'

03-03-2025T13:53:19 - [MESSAGE][PASSED] - Text of object 'Object Repository/Выполнение бизнес-плана/Значения со страницы Выполнение бизнес-плана/Table Data/План Отпуск в сеть за отчётный период 17' is: '4 470 333'

03-03-2025T13:53:19 - [TEST_STEP][PASSED] - if (page == "" || page == null): null

03-03-2025T13:53:19 - [TEST_STEP][PASSED] - else: null

03-03-2025T13:53:19 - [TEST_STEP][PASSED] - page = page.replaceAll("\s+", ""): null

03-03-2025T13:53:19 - [TEST_STEP][PASSED] - fileOtpuskVSet = otpusk.toInteger(): null

03-03-2025T13:53:19 - [TEST_STEP][PASSED] - pageOtpuskVSet = page.toInteger(): null

03-03-2025T13:53:19 - [TEST_STEP][PASSED] - typeOfData = typeOfDataMain + " Потери": null

03-03-2025T13:53:19 - [TEST_STEP][PASSED] - if (a == 82): null

03-03-2025T13:53:19 - [TEST_STEP][PASSED] - else if (a == 84): null

03-03-2025T13:53:19 - [TEST_STEP][PASSED] - else if (a == 83 || a == 52 || a == 72 || a == 28 || a == 73 || a == 77 || a == 74 || a == 65 || a == 44 || a == 53 || a == 80 || a == 54 || a == 1 || a == 18 || a == 59 || a == 81): null

03-03-2025T13:53:19 - [TEST_STEP][PASSED] - path = dataFolder + "Table Data/" + typeOfData + " за отчётный период " + dzoNum: null

03-03-2025T13:53:19 - [TEST_STEP][PASSED] - page = getText(findTestObject(path)): Text of object 'Object Repository/Выполнение бизнес-плана/Значения со страницы Выполнение бизнес-плана/Table Data/План Потери за отчётный период 17' is: '416 637'

03-03-2025T13:53:20 - [MESSAGE][PASSED] - Text of object 'Object Repository/Выполнение бизнес-плана/Значения со страницы Выполнение бизнес-плана/Table Data/План Потери за отчётный период 17' is: '416 637'

03-03-2025T13:53:20 - [TEST_STEP][PASSED] - if (page == "" || page == null): null

03-03-2025T13:53:20 - [TEST_STEP][PASSED] - else: null

03-03-2025T13:53:20 - [TEST_STEP][PASSED] - page = page.replaceAll("\s+", ""): null

03-03-2025T13:53:20 - [TEST_STEP][PASSED] - filePoteri = poteri.toInteger(): null

03-03-2025T13:53:20 - [TEST_STEP][PASSED] - pagePoteri = page.toInteger(): null

03-03-2025T13:53:20 - [TEST_STEP][PASSED] - compare = pageOtpuskVSet: null

03-03-2025T13:53:20 - [TEST_STEP][PASSED] - if (pageOtpuskVSet != null): null

03-03-2025T13:53:20 - [TEST_STEP][PASSED] - if (compare == fileOtpuskVSet): null

03-03-2025T13:53:20 - [TEST_STEP][PASSED] - if (compare == fileOtpuskVSet): null

03-03-2025T13:53:20 - [TEST_STEP][PASSED] - compare = pagePoteri: null

03-03-2025T13:53:20 - [TEST_STEP][PASSED] - if (pageOtpuskVSet != null): null

03-03-2025T13:53:20 - [TEST_STEP][PASSED] - if (compare == filePoteri): null

03-03-2025T13:53:20 - [TEST_STEP][PASSED] - if (compare == filePoteri): null

03-03-2025T13:53:20 - [TEST_STEP][PASSED] - if (planFact == 2): Object: 'Object Repository/Выполнение бизнес-плана/Кнопка Факт' is clicked on

03-03-2025T13:53:20 - [TEST_STEP][PASSED] - click(findTestObject("Выполнение бизнес-плана/Кнопка Факт")): Object: 'Object Repository/Выполнение бизнес-плана/Кнопка Факт' is clicked on

03-03-2025T13:53:20 - [MESSAGE][PASSED] - Object: 'Object Repository/Выполнение бизнес-плана/Кнопка Факт' is clicked on

03-03-2025T13:53:20 - [TEST_STEP][PASSED] - println("a=" + a): null

03-03-2025T13:53:20 - [TEST_STEP][PASSED] - if (a == 84 || a == 82): null

03-03-2025T13:53:20 - [TEST_STEP][PASSED] - else if (a == 83 || a == 52 || a == 72 || a == 28 || a == 73 || a == 77 || a == 74 || a == 65 || a == 36 || a == 44 || a == 53 || a == 80 || a == 54 || a == 1 || a == 18 || a == 59 || a == 81): null

03-03-2025T13:53:20 - [TEST_STEP][PASSED] - page1 = getText(findTestObject("Object Repository/Выполнение бизнес-плана/spanPlan" + dzoNum)): Text of object 'Object Repository/Выполнение бизнес-плана/spanPlan17' is: '9.32
|'

03-03-2025T13:53:20 - [MESSAGE][PASSED] - Text of object 'Object Repository/Выполнение бизнес-плана/spanPlan17' is: '9.32
|'

03-03-2025T13:53:20 - [TEST_STEP][PASSED] - page1 = page1.replace("|", ""): null

03-03-2025T13:53:20 - [TEST_STEP][PASSED] - page2 = getText(findTestObject("Object Repository/Выполнение бизнес-плана/spanFact" + dzoNum)): Text of object 'Object Repository/Выполнение бизнес-плана/spanFact17' is: '9.21'

03-03-2025T13:53:20 - [MESSAGE][PASSED] - Text of object 'Object Repository/Выполнение бизнес-плана/spanFact17' is: '9.21'

03-03-2025T13:53:20 - [TEST_STEP][PASSED] - page2 = page2.replace("|", ""): null

03-03-2025T13:53:20 - [TEST_STEP][PASSED] - println("page1: " + page1): null

03-03-2025T13:53:20 - [TEST_STEP][PASSED] - println("page2: " + page2): null

03-03-2025T13:53:20 - [TEST_STEP][PASSED] - file = findTestData("PlanFact").getValue(4, a): null

03-03-2025T13:53:20 - [TEST_STEP][PASSED] - file = file.replace(",", "."): null

03-03-2025T13:53:20 - [TEST_STEP][PASSED] - println("file Plan: " + file): null

03-03-2025T13:53:20 - [TEST_STEP][PASSED] - typeOfData = "План в процентах": null

03-03-2025T13:53:20 - [TEST_STEP][PASSED] - fileDouble = file.toDouble(): null

03-03-2025T13:53:20 - [TEST_STEP][PASSED] - pageDouble = page1.toDouble(): null

03-03-2025T13:53:20 - [TEST_STEP][PASSED] - if (fileDouble != pageDouble): null

03-03-2025T13:53:20 - [TEST_STEP][PASSED] - file = findTestData("PlanFact").getValue(7, a): null

03-03-2025T13:53:21 - [TEST_STEP][PASSED] - file = file.replace(",", "."): null

03-03-2025T13:53:21 - [TEST_STEP][PASSED] - println("file Fact: " + file): null

03-03-2025T13:53:21 - [TEST_STEP][PASSED] - fileDouble = file.toDouble(): null

03-03-2025T13:53:21 - [TEST_STEP][PASSED] - typeOfData = "Факт в процентах": null

03-03-2025T13:53:21 - [TEST_STEP][PASSED] - fileDouble = file.toDouble(): null

03-03-2025T13:53:21 - [TEST_STEP][PASSED] - pageDouble = page2.toDouble(): null

03-03-2025T13:53:21 - [TEST_STEP][PASSED] - if (fileDouble != pageDouble): null

03-03-2025T13:53:21 - [TEST_STEP][PASSED] - if (verifyEqual(numberOfErrors, 0) == false): Actual object '0' and expected object '0' are equal

03-03-2025T13:53:21 - [MESSAGE][PASSED] - Actual object '0' and expected object '0' are equal

03-03-2025T13:53:21 - [TEST_STEP][PASSED] - if (a == 82): null

03-03-2025T13:53:21 - [TEST_STEP][PASSED] - println(dzoNum): null

03-03-2025T13:53:21 - [TEST_STEP][PASSED] - closeBrowser(): Browser is closed

03-03-2025T13:53:21 - [MESSAGE][PASSED] - Browser is closed]]></system-out>
         <system-err><![CDATA[03-03-2025T13:20:16 - [TEST_CASE][FAILED] - Test Cases/Выполнение бизнес-плана/Выполнение бизнес-плана Сверка ПАО Россети все филиалы: Test Cases/Выполнение бизнес-плана/Выполнение бизнес-плана Сверка ПАО Россети все филиалы FAILED.
Reason:
com.kms.katalon.core.exception.StepFailedException: Unable to verify equal between actual object '6' and expected object '0' (Root cause: com.kms.katalon.core.exception.StepFailedException: Actual object '6' and expected object '0' are not equal
	at com.kms.katalon.core.keyword.builtin.VerifyEqualKeyword$_verifyEqual_closure1.doCall(VerifyEqualKeyword.groovy:58)
	at com.kms.katalon.core.keyword.builtin.VerifyEqualKeyword$_verifyEqual_closure1.call(VerifyEqualKeyword.groovy)
	at com.kms.katalon.core.keyword.internal.KeywordMain.runKeyword(KeywordMain.groovy:75)
	at com.kms.katalon.core.keyword.builtin.VerifyEqualKeyword.verifyEqual(VerifyEqualKeyword.groovy:63)
	at com.kms.katalon.core.keyword.builtin.VerifyEqualKeyword.execute(VerifyEqualKeyword.groovy:44)
	at com.kms.katalon.core.keyword.internal.KeywordExecutor.executeKeywordForPlatform(KeywordExecutor.groovy:74)
	at com.kms.katalon.core.keyword.BuiltinKeywords.verifyEqual(BuiltinKeywords.groovy:146)
	at jdk.internal.reflect.GeneratedMethodAccessor24.invoke(Unknown Source)
	at java.base/jdk.internal.reflect.DelegatingMethodAccessorImpl.invoke(DelegatingMethodAccessorImpl.java:43)
	at Выполнение бизнес-плана Сверка ПАО Россети все филиалы.Numbers(Выполнение бизнес-плана Сверка ПАО Россети все филиалы:736)
	at Выполнение бизнес-плана Сверка ПАО Россети все филиалы.run(Выполнение бизнес-плана Сверка ПАО Россети все филиалы:165)
	at com.kms.katalon.core.main.ScriptEngine.run(ScriptEngine.java:194)
	at com.kms.katalon.core.main.ScriptEngine.runScriptAsRawText(ScriptEngine.java:119)
	at com.kms.katalon.core.main.TestCaseExecutor.runScript(TestCaseExecutor.java:448)
	at com.kms.katalon.core.main.TestCaseExecutor.doExecute(TestCaseExecutor.java:439)
	at com.kms.katalon.core.main.TestCaseExecutor.processExecutionPhase(TestCaseExecutor.java:418)
	at com.kms.katalon.core.main.TestCaseExecutor.accessMainPhase(TestCaseExecutor.java:410)
	at com.kms.katalon.core.main.TestCaseExecutor.execute(TestCaseExecutor.java:285)
	at com.kms.katalon.core.common.CommonExecutor.accessTestCaseMainPhase(CommonExecutor.java:65)
	at com.kms.katalon.core.main.TestSuiteExecutor.accessTestSuiteMainPhase(TestSuiteExecutor.java:150)
	at com.kms.katalon.core.main.TestSuiteExecutor.execute(TestSuiteExecutor.java:106)
	at com.kms.katalon.core.main.TestCaseMain.startTestSuite(TestCaseMain.java:180)
	at TempTestSuite1740991900055.run(TempTestSuite1740991900055.groovy:35)
	at java.base/jdk.internal.reflect.NativeMethodAccessorImpl.invoke0(Native Method)
	at java.base/jdk.internal.reflect.NativeMethodAccessorImpl.invoke(NativeMethodAccessorImpl.java:77)
	at java.base/jdk.internal.reflect.DelegatingMethodAccessorImpl.invoke(DelegatingMethodAccessorImpl.java:43)
)
	at com.kms.katalon.core.keyword.internal.KeywordMain.stepFailed(KeywordMain.groovy:39)
	at com.kms.katalon.core.keyword.internal.KeywordMain.stepFailed(KeywordMain.groovy)
	at com.kms.katalon.core.keyword.internal.KeywordMain.runKeyword(KeywordMain.groovy:77)
	at com.kms.katalon.core.keyword.builtin.VerifyEqualKeyword.verifyEqual(VerifyEqualKeyword.groovy:63)
	at com.kms.katalon.core.keyword.builtin.VerifyEqualKeyword.execute(VerifyEqualKeyword.groovy:44)
	at com.kms.katalon.core.keyword.internal.KeywordExecutor.executeKeywordForPlatform(KeywordExecutor.groovy:74)
	at com.kms.katalon.core.keyword.BuiltinKeywords.verifyEqual(BuiltinKeywords.groovy:146)
	at jdk.internal.reflect.GeneratedMethodAccessor24.invoke(Unknown Source)
	at java.base/jdk.internal.reflect.DelegatingMethodAccessorImpl.invoke(DelegatingMethodAccessorImpl.java:43)
	at Выполнение бизнес-плана Сверка ПАО Россети все филиалы.Numbers(Выполнение бизнес-плана Сверка ПАО Россети все филиалы:736)
	at Выполнение бизнес-плана Сверка ПАО Россети все филиалы.run(Выполнение бизнес-плана Сверка ПАО Россети все филиалы:165)
	at com.kms.katalon.core.main.ScriptEngine.run(ScriptEngine.java:194)
	at com.kms.katalon.core.main.ScriptEngine.runScriptAsRawText(ScriptEngine.java:119)
	at com.kms.katalon.core.main.TestCaseExecutor.runScript(TestCaseExecutor.java:448)
	at com.kms.katalon.core.main.TestCaseExecutor.doExecute(TestCaseExecutor.java:439)
	at com.kms.katalon.core.main.TestCaseExecutor.processExecutionPhase(TestCaseExecutor.java:418)
	at com.kms.katalon.core.main.TestCaseExecutor.accessMainPhase(TestCaseExecutor.java:410)
	at com.kms.katalon.core.main.TestCaseExecutor.execute(TestCaseExecutor.java:285)
	at com.kms.katalon.core.common.CommonExecutor.accessTestCaseMainPhase(CommonExecutor.java:65)
	at com.kms.katalon.core.main.TestSuiteExecutor.accessTestSuiteMainPhase(TestSuiteExecutor.java:150)
	at com.kms.katalon.core.main.TestSuiteExecutor.execute(TestSuiteExecutor.java:106)
	at com.kms.katalon.core.main.TestCaseMain.startTestSuite(TestCaseMain.java:180)
	at TempTestSuite1740991900055.run(TempTestSuite1740991900055.groovy:35)
	at java.base/jdk.internal.reflect.NativeMethodAccessorImpl.invoke0(Native Method)
	at java.base/jdk.internal.reflect.NativeMethodAccessorImpl.invoke(NativeMethodAccessorImpl.java:77)
	at java.base/jdk.internal.reflect.DelegatingMethodAccessorImpl.invoke(DelegatingMethodAccessorImpl.java:43)
Caused by: com.kms.katalon.core.exception.StepFailedException: Actual object '6' and expected object '0' are not equal
	at com.kms.katalon.core.keyword.builtin.VerifyEqualKeyword$_verifyEqual_closure1.doCall(VerifyEqualKeyword.groovy:58)
	at com.kms.katalon.core.keyword.builtin.VerifyEqualKeyword$_verifyEqual_closure1.call(VerifyEqualKeyword.groovy)
	at com.kms.katalon.core.keyword.internal.KeywordMain.runKeyword(KeywordMain.groovy:75)
	... 23 more]]></system-err>
      </testcase>
      <system-out><![CDATA[03-03-2025T11:51:44 - [TEST_SUITE][FAILED] - Сверка дашбордов из разных блоков: Test Cases/Сверки дашбордов/Выполнение бизнес-плана сверка дашбордов FAILED.
Reason:
com.kms.katalon.core.exception.StepFailedException: Unable to get text of object 'Object Repository/Выполнение бизнес-плана/Значения со страницы Выполнение бизнес-плана/Table Data/Факт Потери за отчётный период 1' (Root cause: com.kms.katalon.core.exception.StepFailedException: Unable to get text of object 'Object Repository/Выполнение бизнес-плана/Значения со страницы Выполнение бизнес-плана/Table Data/Факт Потери за отчётный период 1'
	at com.kms.katalon.core.webui.keyword.internal.WebUIKeywordMain.stepFailed(WebUIKeywordMain.groovy:64)
	at com.kms.katalon.core.webui.keyword.internal.WebUIKeywordMain.runKeyword(WebUIKeywordMain.groovy:26)
	at com.kms.katalon.core.webui.keyword.builtin.GetTextKeyword.getText(GetTextKeyword.groovy:88)
	at com.kms.katalon.core.webui.keyword.builtin.GetTextKeyword.execute(GetTextKeyword.groovy:67)
	at com.kms.katalon.core.keyword.internal.KeywordExecutor.executeKeywordForPlatform(KeywordExecutor.groovy:74)
	at com.kms.katalon.core.webui.keyword.WebUiBuiltInKeywords.getText(WebUiBuiltInKeywords.groovy:957)
	at Выполнение бизнес-плана сверка дашбордов.GetAllData(Выполнение бизнес-плана сверка дашбордов:970)
	at Выполнение бизнес-плана сверка дашбордов.run(Выполнение бизнес-плана сверка дашбордов:156)
	at com.kms.katalon.core.main.ScriptEngine.run(ScriptEngine.java:194)
	at com.kms.katalon.core.main.ScriptEngine.runScriptAsRawText(ScriptEngine.java:119)
	at com.kms.katalon.core.main.TestCaseExecutor.runScript(TestCaseExecutor.java:448)
	at com.kms.katalon.core.main.TestCaseExecutor.doExecute(TestCaseExecutor.java:439)
	at com.kms.katalon.core.main.TestCaseExecutor.processExecutionPhase(TestCaseExecutor.java:418)
	at com.kms.katalon.core.main.TestCaseExecutor.accessMainPhase(TestCaseExecutor.java:410)
	at com.kms.katalon.core.main.TestCaseExecutor.execute(TestCaseExecutor.java:285)
	at com.kms.katalon.core.common.CommonExecutor.accessTestCaseMainPhase(CommonExecutor.java:65)
	at com.kms.katalon.core.main.TestSuiteExecutor.accessTestSuiteMainPhase(TestSuiteExecutor.java:150)
	at com.kms.katalon.core.main.TestSuiteExecutor.execute(TestSuiteExecutor.java:106)
	at com.kms.katalon.core.main.TestCaseMain.startTestSuite(TestCaseMain.java:180)
	at TempTestSuite1740991900055.run(TempTestSuite1740991900055.groovy:35)
	at java.base/jdk.internal.reflect.NativeMethodAccessorImpl.invoke0(Native Method)
	at java.base/jdk.internal.reflect.NativeMethodAccessorImpl.invoke(NativeMethodAccessorImpl.java:77)
	at java.base/jdk.internal.reflect.DelegatingMethodAccessorImpl.invoke(DelegatingMethodAccessorImpl.java:43)
Caused by: com.kms.katalon.core.webui.exception.WebElementNotFoundException: Web element with id: 'Object Repository/Выполнение бизнес-плана/Значения со страницы Выполнение бизнес-плана/Table Data/Факт Потери за отчётный период 1' located by '(.//*[normalize-space(text()) and normalize-space(.)='Показатели баланса электроэнергии по ДЗО – Факт'])[2]/following::td[35]' not found
	at com.kms.katalon.core.webui.common.WebUiCommonHelper.findWebElement(WebUiCommonHelper.java:1426)
	at com.kms.katalon.core.webui.keyword.internal.WebUIAbstractKeyword.findWebElement(WebUIAbstractKeyword.groovy:27)
	at com.kms.katalon.core.webui.keyword.internal.WebUIAbstractKeyword.findWebElement(WebUIAbstractKeyword.groovy:26)
	at com.kms.katalon.core.webui.keyword.builtin.GetTextKeyword$_getText_closure1.doCall(GetTextKeyword.groovy:78)
	at com.kms.katalon.core.webui.keyword.builtin.GetTextKeyword$_getText_closure1.call(GetTextKeyword.groovy)
	at com.kms.katalon.core.webui.keyword.internal.WebUIKeywordMain.runKeyword(WebUIKeywordMain.groovy:20)
	at com.kms.katalon.core.webui.keyword.builtin.GetTextKeyword.getText(GetTextKeyword.groovy:88)
	at com.kms.katalon.core.webui.keyword.builtin.GetTextKeyword.execute(GetTextKeyword.groovy:67)
	at com.kms.katalon.core.keyword.internal.KeywordExecutor.executeKeywordForPlatform(KeywordExecutor.groovy:74)
	at com.kms.katalon.core.webui.keyword.WebUiBuiltInKeywords.getText(WebUiBuiltInKeywords.groovy:957)
	at Script1719299571342.GetAllData(Script1719299571342.groovy:970)
	at Script1719299571342.run(Script1719299571342.groovy:156)
	... 15 more
)
	at com.kms.katalon.core.keyword.internal.KeywordMain.stepFailed(KeywordMain.groovy:39)
	at com.kms.katalon.core.webui.keyword.internal.WebUIKeywordMain.stepFailed(WebUIKeywordMain.groovy:64)
	at com.kms.katalon.core.webui.keyword.internal.WebUIKeywordMain.runKeyword(WebUIKeywordMain.groovy:26)
	at com.kms.katalon.core.webui.keyword.builtin.GetTextKeyword.getText(GetTextKeyword.groovy:88)
	at com.kms.katalon.core.webui.keyword.builtin.GetTextKeyword.execute(GetTextKeyword.groovy:67)
	at com.kms.katalon.core.keyword.internal.KeywordExecutor.executeKeywordForPlatform(KeywordExecutor.groovy:74)
	at com.kms.katalon.core.webui.keyword.WebUiBuiltInKeywords.getText(WebUiBuiltInKeywords.groovy:957)
	at Выполнение бизнес-плана сверка дашбордов.GetAllData(Выполнение бизнес-плана сверка дашбордов:970)
	at Выполнение бизнес-плана сверка дашбордов.run(Выполнение бизнес-плана сверка дашбордов:156)
	at com.kms.katalon.core.main.ScriptEngine.run(ScriptEngine.java:194)
	at com.kms.katalon.core.main.ScriptEngine.runScriptAsRawText(ScriptEngine.java:119)
	at com.kms.katalon.core.main.TestCaseExecutor.runScript(TestCaseExecutor.java:448)
	at com.kms.katalon.core.main.TestCaseExecutor.doExecute(TestCaseExecutor.java:439)
	at com.kms.katalon.core.main.TestCaseExecutor.processExecutionPhase(TestCaseExecutor.java:418)
	at com.kms.katalon.core.main.TestCaseExecutor.accessMainPhase(TestCaseExecutor.java:410)
	at com.kms.katalon.core.main.TestCaseExecutor.execute(TestCaseExecutor.java:285)
	at com.kms.katalon.core.common.CommonExecutor.accessTestCaseMainPhase(CommonExecutor.java:65)
	at com.kms.katalon.core.main.TestSuiteExecutor.accessTestSuiteMainPhase(TestSuiteExecutor.java:150)
	at com.kms.katalon.core.main.TestSuiteExecutor.execute(TestSuiteExecutor.java:106)
	at com.kms.katalon.core.main.TestCaseMain.startTestSuite(TestCaseMain.java:180)
	at TempTestSuite1740991900055.run(TempTestSuite1740991900055.groovy:35)
	at java.base/jdk.internal.reflect.NativeMethodAccessorImpl.invoke0(Native Method)
	at java.base/jdk.internal.reflect.NativeMethodAccessorImpl.invoke(NativeMethodAccessorImpl.java:77)
	at java.base/jdk.internal.reflect.DelegatingMethodAccessorImpl.invoke(DelegatingMethodAccessorImpl.java:43)
Caused by: com.kms.katalon.core.exception.StepFailedException: Unable to get text of object 'Object Repository/Выполнение бизнес-плана/Значения со страницы Выполнение бизнес-плана/Table Data/Факт Потери за отчётный период 1'
	... 23 more
Caused by: com.kms.katalon.core.webui.exception.WebElementNotFoundException: Web element with id: 'Object Repository/Выполнение бизнес-плана/Значения со страницы Выполнение бизнес-плана/Table Data/Факт Потери за отчётный период 1' located by '(.//*[normalize-space(text()) and normalize-space(.)='Показатели баланса электроэнергии по ДЗО – Факт'])[2]/following::td[35]' not found
	at com.kms.katalon.core.webui.common.WebUiCommonHelper.findWebElement(WebUiCommonHelper.java:1426)
	at com.kms.katalon.core.webui.keyword.internal.WebUIAbstractKeyword.findWebElement(WebUIAbstractKeyword.groovy:27)
	at com.kms.katalon.core.webui.keyword.internal.WebUIAbstractKeyword.findWebElement(WebUIAbstractKeyword.groovy:26)
	at com.kms.katalon.core.webui.keyword.builtin.GetTextKeyword$_getText_closure1.doCall(GetTextKeyword.groovy:78)
	at com.kms.katalon.core.webui.keyword.builtin.GetTextKeyword$_getText_closure1.call(GetTextKeyword.groovy)
	at com.kms.katalon.core.webui.keyword.internal.WebUIKeywordMain.runKeyword(WebUIKeywordMain.groovy:20)
	... 21 more]]></system-out>
      <system-err><![CDATA[03-03-2025T11:51:44 - [TEST_SUITE][FAILED] - Сверка дашбордов из разных блоков: Test Cases/Сверки дашбордов/Выполнение бизнес-плана сверка дашбордов FAILED.
Reason:
com.kms.katalon.core.exception.StepFailedException: Unable to get text of object 'Object Repository/Выполнение бизнес-плана/Значения со страницы Выполнение бизнес-плана/Table Data/Факт Потери за отчётный период 1' (Root cause: com.kms.katalon.core.exception.StepFailedException: Unable to get text of object 'Object Repository/Выполнение бизнес-плана/Значения со страницы Выполнение бизнес-плана/Table Data/Факт Потери за отчётный период 1'
	at com.kms.katalon.core.webui.keyword.internal.WebUIKeywordMain.stepFailed(WebUIKeywordMain.groovy:64)
	at com.kms.katalon.core.webui.keyword.internal.WebUIKeywordMain.runKeyword(WebUIKeywordMain.groovy:26)
	at com.kms.katalon.core.webui.keyword.builtin.GetTextKeyword.getText(GetTextKeyword.groovy:88)
	at com.kms.katalon.core.webui.keyword.builtin.GetTextKeyword.execute(GetTextKeyword.groovy:67)
	at com.kms.katalon.core.keyword.internal.KeywordExecutor.executeKeywordForPlatform(KeywordExecutor.groovy:74)
	at com.kms.katalon.core.webui.keyword.WebUiBuiltInKeywords.getText(WebUiBuiltInKeywords.groovy:957)
	at Выполнение бизнес-плана сверка дашбордов.GetAllData(Выполнение бизнес-плана сверка дашбордов:970)
	at Выполнение бизнес-плана сверка дашбордов.run(Выполнение бизнес-плана сверка дашбордов:156)
	at com.kms.katalon.core.main.ScriptEngine.run(ScriptEngine.java:194)
	at com.kms.katalon.core.main.ScriptEngine.runScriptAsRawText(ScriptEngine.java:119)
	at com.kms.katalon.core.main.TestCaseExecutor.runScript(TestCaseExecutor.java:448)
	at com.kms.katalon.core.main.TestCaseExecutor.doExecute(TestCaseExecutor.java:439)
	at com.kms.katalon.core.main.TestCaseExecutor.processExecutionPhase(TestCaseExecutor.java:418)
	at com.kms.katalon.core.main.TestCaseExecutor.accessMainPhase(TestCaseExecutor.java:410)
	at com.kms.katalon.core.main.TestCaseExecutor.execute(TestCaseExecutor.java:285)
	at com.kms.katalon.core.common.CommonExecutor.accessTestCaseMainPhase(CommonExecutor.java:65)
	at com.kms.katalon.core.main.TestSuiteExecutor.accessTestSuiteMainPhase(TestSuiteExecutor.java:150)
	at com.kms.katalon.core.main.TestSuiteExecutor.execute(TestSuiteExecutor.java:106)
	at com.kms.katalon.core.main.TestCaseMain.startTestSuite(TestCaseMain.java:180)
	at TempTestSuite1740991900055.run(TempTestSuite1740991900055.groovy:35)
	at java.base/jdk.internal.reflect.NativeMethodAccessorImpl.invoke0(Native Method)
	at java.base/jdk.internal.reflect.NativeMethodAccessorImpl.invoke(NativeMethodAccessorImpl.java:77)
	at java.base/jdk.internal.reflect.DelegatingMethodAccessorImpl.invoke(DelegatingMethodAccessorImpl.java:43)
Caused by: com.kms.katalon.core.webui.exception.WebElementNotFoundException: Web element with id: 'Object Repository/Выполнение бизнес-плана/Значения со страницы Выполнение бизнес-плана/Table Data/Факт Потери за отчётный период 1' located by '(.//*[normalize-space(text()) and normalize-space(.)='Показатели баланса электроэнергии по ДЗО – Факт'])[2]/following::td[35]' not found
	at com.kms.katalon.core.webui.common.WebUiCommonHelper.findWebElement(WebUiCommonHelper.java:1426)
	at com.kms.katalon.core.webui.keyword.internal.WebUIAbstractKeyword.findWebElement(WebUIAbstractKeyword.groovy:27)
	at com.kms.katalon.core.webui.keyword.internal.WebUIAbstractKeyword.findWebElement(WebUIAbstractKeyword.groovy:26)
	at com.kms.katalon.core.webui.keyword.builtin.GetTextKeyword$_getText_closure1.doCall(GetTextKeyword.groovy:78)
	at com.kms.katalon.core.webui.keyword.builtin.GetTextKeyword$_getText_closure1.call(GetTextKeyword.groovy)
	at com.kms.katalon.core.webui.keyword.internal.WebUIKeywordMain.runKeyword(WebUIKeywordMain.groovy:20)
	at com.kms.katalon.core.webui.keyword.builtin.GetTextKeyword.getText(GetTextKeyword.groovy:88)
	at com.kms.katalon.core.webui.keyword.builtin.GetTextKeyword.execute(GetTextKeyword.groovy:67)
	at com.kms.katalon.core.keyword.internal.KeywordExecutor.executeKeywordForPlatform(KeywordExecutor.groovy:74)
	at com.kms.katalon.core.webui.keyword.WebUiBuiltInKeywords.getText(WebUiBuiltInKeywords.groovy:957)
	at Script1719299571342.GetAllData(Script1719299571342.groovy:970)
	at Script1719299571342.run(Script1719299571342.groovy:156)
	... 15 more
)
	at com.kms.katalon.core.keyword.internal.KeywordMain.stepFailed(KeywordMain.groovy:39)
	at com.kms.katalon.core.webui.keyword.internal.WebUIKeywordMain.stepFailed(WebUIKeywordMain.groovy:64)
	at com.kms.katalon.core.webui.keyword.internal.WebUIKeywordMain.runKeyword(WebUIKeywordMain.groovy:26)
	at com.kms.katalon.core.webui.keyword.builtin.GetTextKeyword.getText(GetTextKeyword.groovy:88)
	at com.kms.katalon.core.webui.keyword.builtin.GetTextKeyword.execute(GetTextKeyword.groovy:67)
	at com.kms.katalon.core.keyword.internal.KeywordExecutor.executeKeywordForPlatform(KeywordExecutor.groovy:74)
	at com.kms.katalon.core.webui.keyword.WebUiBuiltInKeywords.getText(WebUiBuiltInKeywords.groovy:957)
	at Выполнение бизнес-плана сверка дашбордов.GetAllData(Выполнение бизнес-плана сверка дашбордов:970)
	at Выполнение бизнес-плана сверка дашбордов.run(Выполнение бизнес-плана сверка дашбордов:156)
	at com.kms.katalon.core.main.ScriptEngine.run(ScriptEngine.java:194)
	at com.kms.katalon.core.main.ScriptEngine.runScriptAsRawText(ScriptEngine.java:119)
	at com.kms.katalon.core.main.TestCaseExecutor.runScript(TestCaseExecutor.java:448)
	at com.kms.katalon.core.main.TestCaseExecutor.doExecute(TestCaseExecutor.java:439)
	at com.kms.katalon.core.main.TestCaseExecutor.processExecutionPhase(TestCaseExecutor.java:418)
	at com.kms.katalon.core.main.TestCaseExecutor.accessMainPhase(TestCaseExecutor.java:410)
	at com.kms.katalon.core.main.TestCaseExecutor.execute(TestCaseExecutor.java:285)
	at com.kms.katalon.core.common.CommonExecutor.accessTestCaseMainPhase(CommonExecutor.java:65)
	at com.kms.katalon.core.main.TestSuiteExecutor.accessTestSuiteMainPhase(TestSuiteExecutor.java:150)
	at com.kms.katalon.core.main.TestSuiteExecutor.execute(TestSuiteExecutor.java:106)
	at com.kms.katalon.core.main.TestCaseMain.startTestSuite(TestCaseMain.java:180)
	at TempTestSuite1740991900055.run(TempTestSuite1740991900055.groovy:35)
	at java.base/jdk.internal.reflect.NativeMethodAccessorImpl.invoke0(Native Method)
	at java.base/jdk.internal.reflect.NativeMethodAccessorImpl.invoke(NativeMethodAccessorImpl.java:77)
	at java.base/jdk.internal.reflect.DelegatingMethodAccessorImpl.invoke(DelegatingMethodAccessorImpl.java:43)
Caused by: com.kms.katalon.core.exception.StepFailedException: Unable to get text of object 'Object Repository/Выполнение бизнес-плана/Значения со страницы Выполнение бизнес-плана/Table Data/Факт Потери за отчётный период 1'
	... 23 more
Caused by: com.kms.katalon.core.webui.exception.WebElementNotFoundException: Web element with id: 'Object Repository/Выполнение бизнес-плана/Значения со страницы Выполнение бизнес-плана/Table Data/Факт Потери за отчётный период 1' located by '(.//*[normalize-space(text()) and normalize-space(.)='Показатели баланса электроэнергии по ДЗО – Факт'])[2]/following::td[35]' not found
	at com.kms.katalon.core.webui.common.WebUiCommonHelper.findWebElement(WebUiCommonHelper.java:1426)
	at com.kms.katalon.core.webui.keyword.internal.WebUIAbstractKeyword.findWebElement(WebUIAbstractKeyword.groovy:27)
	at com.kms.katalon.core.webui.keyword.internal.WebUIAbstractKeyword.findWebElement(WebUIAbstractKeyword.groovy:26)
	at com.kms.katalon.core.webui.keyword.builtin.GetTextKeyword$_getText_closure1.doCall(GetTextKeyword.groovy:78)
	at com.kms.katalon.core.webui.keyword.builtin.GetTextKeyword$_getText_closure1.call(GetTextKeyword.groovy)
	at com.kms.katalon.core.webui.keyword.internal.WebUIKeywordMain.runKeyword(WebUIKeywordMain.groovy:20)
	... 21 more]]></system-err>
   </testsuite>
</testsuites>
