<?xml version="1.0" encoding="UTF-8"?>
<testsuites name="Сверка с ПБЭ" time="1024.27" tests="1" failures="1" errors="0">
   <testsuite name="Сверка с ПБЭ" tests="1" failures="1" errors="0" time="1024.27" skipped="0" timestamp="09-12-2024T07:40:34" hostname="liazgina-di - UVV-WS904-D.ot.ru" id="Test Suites/Пн-Ср-Пт/Сверка с ПБЭ">
      <properties>
         <property name="deviceName" value=""/>
         <property name="devicePlatform"/>
         <property name="logFolder" value="C:\\Users\\LIAZGINA-DI\\git\\SPORU\\Reports\\20241209_074028\\\u041F\u043D-\u0421\u0440-\u041F\u0442\\\u0421\u0432\u0435\u0440\u043A\u0430 \u0441 \u041F\u0411\u042D\\20241209_074029"/>
         <property name="logFiles" value="C:\\Users\\LIAZGINA-DI\\git\\SPORU\\Reports\\20241209_074028\\\u041F\u043D-\u0421\u0440-\u041F\u0442\\\u0421\u0432\u0435\u0440\u043A\u0430 \u0441 \u041F\u0411\u042D\\20241209_074029\\execution0.log, C:\\Users\\LIAZGINA-DI\\git\\SPORU\\Reports\\20241209_074028\\\u041F\u043D-\u0421\u0440-\u041F\u0442\\\u0421\u0432\u0435\u0440\u043A\u0430 \u0441 \u041F\u0411\u042D\\20241209_074029\\execution1.log"/>
         <property name="attachments" value=""/>
         <property name="hostName" value="liazgina-di - UVV-WS904-D.ot.ru"/>
         <property name="os" value="Windows 10 64bit"/>
         <property name="katalonVersion" value="9.5.0.217"/>
         <property name="browser" value="Chrome 131.0.0.0"/>
         <property name="hostAddress" value="192.168.0.19"/>
         <property name="sessionId" value="561ebb3d5cb5de16ba900ed4c4623065"/>
         <property name="seleniumVersion" value="3.141.59"/>
         <property name="proxyInformation" value="ProxyInformation { proxyOption=NO_PROXY, proxyServerType=HTTP, username=, password=********, proxyServerAddress=, proxyServerPort=0, executionList=&quot;&quot;, isApplyToDesiredCapabilities=true }"/>
         <property name="platform" value="Windows 10"/>
      </properties>
      <testcase name="Test Cases/Выполнение бизнес-плана/Выполнение бизнес-плана Сверка ПАО Россети все филиалы" time="1024.063" classname="Test Cases/Выполнение бизнес-плана/Выполнение бизнес-плана Сверка ПАО Россети все филиалы" status="FAILED">
         <failure type="FAILED" message="Test Cases/Выполнение бизнес-плана/Выполнение бизнес-плана Сверка ПАО Россети все филиалы FAILED.&#xa;Reason:&#xa;com.kms.katalon.core.exception.StepFailedException: Unable to verify equal between actual object '6' and expected object '0' (Root cause: com.kms.katalon.core.exception.StepFailedException: Actual object '6' and expected object '0' are not equal&#xa;	at com.kms.katalon.core.keyword.builtin.VerifyEqualKeyword$_verifyEqual_closure1.doCall(VerifyEqualKeyword.groovy:58)&#xa;	at com.kms.katalon.core.keyword.builtin.VerifyEqualKeyword$_verifyEqual_closure1.call(VerifyEqualKeyword.groovy)&#xa;	at com.kms.katalon.core.keyword.internal.KeywordMain.runKeyword(KeywordMain.groovy:75)&#xa;	at com.kms.katalon.core.keyword.builtin.VerifyEqualKeyword.verifyEqual(VerifyEqualKeyword.groovy:63)&#xa;	at com.kms.katalon.core.keyword.builtin.VerifyEqualKeyword.execute(VerifyEqualKeyword.groovy:44)&#xa;	at com.kms.katalon.core.keyword.internal.KeywordExecutor.executeKeywordForPlatform(KeywordExecutor.groovy:74)&#xa;	at com.kms.katalon.core.keyword.BuiltinKeywords.verifyEqual(BuiltinKeywords.groovy:146)&#xa;	at java.base/jdk.internal.reflect.NativeMethodAccessorImpl.invoke0(Native Method)&#xa;	at java.base/jdk.internal.reflect.NativeMethodAccessorImpl.invoke(NativeMethodAccessorImpl.java:77)&#xa;	at java.base/jdk.internal.reflect.DelegatingMethodAccessorImpl.invoke(DelegatingMethodAccessorImpl.java:43)&#xa;	at Выполнение бизнес-плана Сверка ПАО Россети все филиалы.Numbers(Выполнение бизнес-плана Сверка ПАО Россети все филиалы:752)&#xa;	at Выполнение бизнес-плана Сверка ПАО Россети все филиалы.run(Выполнение бизнес-плана Сверка ПАО Россети все филиалы:201)&#xa;	at com.kms.katalon.core.main.ScriptEngine.run(ScriptEngine.java:194)&#xa;	at com.kms.katalon.core.main.ScriptEngine.runScriptAsRawText(ScriptEngine.java:119)&#xa;	at com.kms.katalon.core.main.TestCaseExecutor.runScript(TestCaseExecutor.java:448)&#xa;	at com.kms.katalon.core.main.TestCaseExecutor.doExecute(TestCaseExecutor.java:439)&#xa;	at com.kms.katalon.core.main.TestCaseExecutor.processExecutionPhase(TestCaseExecutor.java:418)&#xa;	at com.kms.katalon.core.main.TestCaseExecutor.accessMainPhase(TestCaseExecutor.java:410)&#xa;	at com.kms.katalon.core.main.TestCaseExecutor.execute(TestCaseExecutor.java:285)&#xa;	at com.kms.katalon.core.common.CommonExecutor.accessTestCaseMainPhase(CommonExecutor.java:65)&#xa;	at com.kms.katalon.core.main.TestSuiteExecutor.accessTestSuiteMainPhase(TestSuiteExecutor.java:150)&#xa;	at com.kms.katalon.core.main.TestSuiteExecutor.execute(TestSuiteExecutor.java:106)&#xa;	at com.kms.katalon.core.main.TestCaseMain.startTestSuite(TestCaseMain.java:180)&#xa;	at TempTestSuite1733719229947.run(TempTestSuite1733719229947.groovy:35)&#xa;	at java.base/jdk.internal.reflect.NativeMethodAccessorImpl.invoke0(Native Method)&#xa;	at java.base/jdk.internal.reflect.NativeMethodAccessorImpl.invoke(NativeMethodAccessorImpl.java:77)&#xa;	at java.base/jdk.internal.reflect.DelegatingMethodAccessorImpl.invoke(DelegatingMethodAccessorImpl.java:43)&#xa;)&#xa;	at com.kms.katalon.core.keyword.internal.KeywordMain.stepFailed(KeywordMain.groovy:39)&#xa;	at com.kms.katalon.core.keyword.internal.KeywordMain.stepFailed(KeywordMain.groovy)&#xa;	at com.kms.katalon.core.keyword.internal.KeywordMain.runKeyword(KeywordMain.groovy:77)&#xa;	at com.kms.katalon.core.keyword.builtin.VerifyEqualKeyword.verifyEqual(VerifyEqualKeyword.groovy:63)&#xa;	at com.kms.katalon.core.keyword.builtin.VerifyEqualKeyword.execute(VerifyEqualKeyword.groovy:44)&#xa;	at com.kms.katalon.core.keyword.internal.KeywordExecutor.executeKeywordForPlatform(KeywordExecutor.groovy:74)&#xa;	at com.kms.katalon.core.keyword.BuiltinKeywords.verifyEqual(BuiltinKeywords.groovy:146)&#xa;	at java.base/jdk.internal.reflect.NativeMethodAccessorImpl.invoke0(Native Method)&#xa;	at java.base/jdk.internal.reflect.NativeMethodAccessorImpl.invoke(NativeMethodAccessorImpl.java:77)&#xa;	at java.base/jdk.internal.reflect.DelegatingMethodAccessorImpl.invoke(DelegatingMethodAccessorImpl.java:43)&#xa;	at Выполнение бизнес-плана Сверка ПАО Россети все филиалы.Numbers(Выполнение бизнес-плана Сверка ПАО Россети все филиалы:752)&#xa;	at Выполнение бизнес-плана Сверка ПАО Россети все филиалы.run(Выполнение бизнес-плана Сверка ПАО Россети все филиалы:201)&#xa;	at com.kms.katalon.core.main.ScriptEngine.run(ScriptEngine.java:194)&#xa;	at com.kms.katalon.core.main.ScriptEngine.runScriptAsRawText(ScriptEngine.java:119)&#xa;	at com.kms.katalon.core.main.TestCaseExecutor.runScript(TestCaseExecutor.java:448)&#xa;	at com.kms.katalon.core.main.TestCaseExecutor.doExecute(TestCaseExecutor.java:439)&#xa;	at com.kms.katalon.core.main.TestCaseExecutor.processExecutionPhase(TestCaseExecutor.java:418)&#xa;	at com.kms.katalon.core.main.TestCaseExecutor.accessMainPhase(TestCaseExecutor.java:410)&#xa;	at com.kms.katalon.core.main.TestCaseExecutor.execute(TestCaseExecutor.java:285)&#xa;	at com.kms.katalon.core.common.CommonExecutor.accessTestCaseMainPhase(CommonExecutor.java:65)&#xa;	at com.kms.katalon.core.main.TestSuiteExecutor.accessTestSuiteMainPhase(TestSuiteExecutor.java:150)&#xa;	at com.kms.katalon.core.main.TestSuiteExecutor.execute(TestSuiteExecutor.java:106)&#xa;	at com.kms.katalon.core.main.TestCaseMain.startTestSuite(TestCaseMain.java:180)&#xa;	at TempTestSuite1733719229947.run(TempTestSuite1733719229947.groovy:35)&#xa;	at java.base/jdk.internal.reflect.NativeMethodAccessorImpl.invoke0(Native Method)&#xa;	at java.base/jdk.internal.reflect.NativeMethodAccessorImpl.invoke(NativeMethodAccessorImpl.java:77)&#xa;	at java.base/jdk.internal.reflect.DelegatingMethodAccessorImpl.invoke(DelegatingMethodAccessorImpl.java:43)&#xa;Caused by: com.kms.katalon.core.exception.StepFailedException: Actual object '6' and expected object '0' are not equal&#xa;	at com.kms.katalon.core.keyword.builtin.VerifyEqualKeyword$_verifyEqual_closure1.doCall(VerifyEqualKeyword.groovy:58)&#xa;	at com.kms.katalon.core.keyword.builtin.VerifyEqualKeyword$_verifyEqual_closure1.call(VerifyEqualKeyword.groovy)&#xa;	at com.kms.katalon.core.keyword.internal.KeywordMain.runKeyword(KeywordMain.groovy:75)&#xa;	... 24 more&#xa;"/>
         <system-out><![CDATA[09-12-2024T07:40:34 - [TEST_CASE][FAILED] - Test Cases/Выполнение бизнес-плана/Выполнение бизнес-плана Сверка ПАО Россети все филиалы: Test Cases/Выполнение бизнес-плана/Выполнение бизнес-плана Сверка ПАО Россети все филиалы FAILED.
Reason:
com.kms.katalon.core.exception.StepFailedException: Unable to verify equal between actual object '6' and expected object '0' (Root cause: com.kms.katalon.core.exception.StepFailedException: Actual object '6' and expected object '0' are not equal
	at com.kms.katalon.core.keyword.builtin.VerifyEqualKeyword$_verifyEqual_closure1.doCall(VerifyEqualKeyword.groovy:58)
	at com.kms.katalon.core.keyword.builtin.VerifyEqualKeyword$_verifyEqual_closure1.call(VerifyEqualKeyword.groovy)
	at com.kms.katalon.core.keyword.internal.KeywordMain.runKeyword(KeywordMain.groovy:75)
	at com.kms.katalon.core.keyword.builtin.VerifyEqualKeyword.verifyEqual(VerifyEqualKeyword.groovy:63)
	at com.kms.katalon.core.keyword.builtin.VerifyEqualKeyword.execute(VerifyEqualKeyword.groovy:44)
	at com.kms.katalon.core.keyword.internal.KeywordExecutor.executeKeywordForPlatform(KeywordExecutor.groovy:74)
	at com.kms.katalon.core.keyword.BuiltinKeywords.verifyEqual(BuiltinKeywords.groovy:146)
	at java.base/jdk.internal.reflect.NativeMethodAccessorImpl.invoke0(Native Method)
	at java.base/jdk.internal.reflect.NativeMethodAccessorImpl.invoke(NativeMethodAccessorImpl.java:77)
	at java.base/jdk.internal.reflect.DelegatingMethodAccessorImpl.invoke(DelegatingMethodAccessorImpl.java:43)
	at Выполнение бизнес-плана Сверка ПАО Россети все филиалы.Numbers(Выполнение бизнес-плана Сверка ПАО Россети все филиалы:752)
	at Выполнение бизнес-плана Сверка ПАО Россети все филиалы.run(Выполнение бизнес-плана Сверка ПАО Россети все филиалы:201)
	at com.kms.katalon.core.main.ScriptEngine.run(ScriptEngine.java:194)
	at com.kms.katalon.core.main.ScriptEngine.runScriptAsRawText(ScriptEngine.java:119)
	at com.kms.katalon.core.main.TestCaseExecutor.runScript(TestCaseExecutor.java:448)
	at com.kms.katalon.core.main.TestCaseExecutor.doExecute(TestCaseExecutor.java:439)
	at com.kms.katalon.core.main.TestCaseExecutor.processExecutionPhase(TestCaseExecutor.java:418)
	at com.kms.katalon.core.main.TestCaseExecutor.accessMainPhase(TestCaseExecutor.java:410)
	at com.kms.katalon.core.main.TestCaseExecutor.execute(TestCaseExecutor.java:285)
	at com.kms.katalon.core.common.CommonExecutor.accessTestCaseMainPhase(CommonExecutor.java:65)
	at com.kms.katalon.core.main.TestSuiteExecutor.accessTestSuiteMainPhase(TestSuiteExecutor.java:150)
	at com.kms.katalon.core.main.TestSuiteExecutor.execute(TestSuiteExecutor.java:106)
	at com.kms.katalon.core.main.TestCaseMain.startTestSuite(TestCaseMain.java:180)
	at TempTestSuite1733719229947.run(TempTestSuite1733719229947.groovy:35)
	at java.base/jdk.internal.reflect.NativeMethodAccessorImpl.invoke0(Native Method)
	at java.base/jdk.internal.reflect.NativeMethodAccessorImpl.invoke(NativeMethodAccessorImpl.java:77)
	at java.base/jdk.internal.reflect.DelegatingMethodAccessorImpl.invoke(DelegatingMethodAccessorImpl.java:43)
)
	at com.kms.katalon.core.keyword.internal.KeywordMain.stepFailed(KeywordMain.groovy:39)
	at com.kms.katalon.core.keyword.internal.KeywordMain.stepFailed(KeywordMain.groovy)
	at com.kms.katalon.core.keyword.internal.KeywordMain.runKeyword(KeywordMain.groovy:77)
	at com.kms.katalon.core.keyword.builtin.VerifyEqualKeyword.verifyEqual(VerifyEqualKeyword.groovy:63)
	at com.kms.katalon.core.keyword.builtin.VerifyEqualKeyword.execute(VerifyEqualKeyword.groovy:44)
	at com.kms.katalon.core.keyword.internal.KeywordExecutor.executeKeywordForPlatform(KeywordExecutor.groovy:74)
	at com.kms.katalon.core.keyword.BuiltinKeywords.verifyEqual(BuiltinKeywords.groovy:146)
	at java.base/jdk.internal.reflect.NativeMethodAccessorImpl.invoke0(Native Method)
	at java.base/jdk.internal.reflect.NativeMethodAccessorImpl.invoke(NativeMethodAccessorImpl.java:77)
	at java.base/jdk.internal.reflect.DelegatingMethodAccessorImpl.invoke(DelegatingMethodAccessorImpl.java:43)
	at Выполнение бизнес-плана Сверка ПАО Россети все филиалы.Numbers(Выполнение бизнес-плана Сверка ПАО Россети все филиалы:752)
	at Выполнение бизнес-плана Сверка ПАО Россети все филиалы.run(Выполнение бизнес-плана Сверка ПАО Россети все филиалы:201)
	at com.kms.katalon.core.main.ScriptEngine.run(ScriptEngine.java:194)
	at com.kms.katalon.core.main.ScriptEngine.runScriptAsRawText(ScriptEngine.java:119)
	at com.kms.katalon.core.main.TestCaseExecutor.runScript(TestCaseExecutor.java:448)
	at com.kms.katalon.core.main.TestCaseExecutor.doExecute(TestCaseExecutor.java:439)
	at com.kms.katalon.core.main.TestCaseExecutor.processExecutionPhase(TestCaseExecutor.java:418)
	at com.kms.katalon.core.main.TestCaseExecutor.accessMainPhase(TestCaseExecutor.java:410)
	at com.kms.katalon.core.main.TestCaseExecutor.execute(TestCaseExecutor.java:285)
	at com.kms.katalon.core.common.CommonExecutor.accessTestCaseMainPhase(CommonExecutor.java:65)
	at com.kms.katalon.core.main.TestSuiteExecutor.accessTestSuiteMainPhase(TestSuiteExecutor.java:150)
	at com.kms.katalon.core.main.TestSuiteExecutor.execute(TestSuiteExecutor.java:106)
	at com.kms.katalon.core.main.TestCaseMain.startTestSuite(TestCaseMain.java:180)
	at TempTestSuite1733719229947.run(TempTestSuite1733719229947.groovy:35)
	at java.base/jdk.internal.reflect.NativeMethodAccessorImpl.invoke0(Native Method)
	at java.base/jdk.internal.reflect.NativeMethodAccessorImpl.invoke(NativeMethodAccessorImpl.java:77)
	at java.base/jdk.internal.reflect.DelegatingMethodAccessorImpl.invoke(DelegatingMethodAccessorImpl.java:43)
Caused by: com.kms.katalon.core.exception.StepFailedException: Actual object '6' and expected object '0' are not equal
	at com.kms.katalon.core.keyword.builtin.VerifyEqualKeyword$_verifyEqual_closure1.doCall(VerifyEqualKeyword.groovy:58)
	at com.kms.katalon.core.keyword.builtin.VerifyEqualKeyword$_verifyEqual_closure1.call(VerifyEqualKeyword.groovy)
	at com.kms.katalon.core.keyword.internal.KeywordMain.runKeyword(KeywordMain.groovy:75)
	... 24 more


09-12-2024T07:40:35 - [TEST_STEP][PASSED] - openBrowser(""): Browser is opened with url: ''

09-12-2024T07:40:36 - [MESSAGE][INFO] - Starting 'Chrome' driver

09-12-2024T07:40:36 - [MESSAGE][INFO] - Action delay is set to 0 milliseconds

09-12-2024T07:40:38 - [MESSAGE][PASSED] - Browser is opened with url: ''

09-12-2024T07:40:38 - [TEST_STEP][PASSED] - date = new java.util.Date(): null

09-12-2024T07:40:38 - [TEST_STEP][PASSED] - todaysDate = date.format("dd.MM.yyyy"): null

09-12-2024T07:40:38 - [TEST_STEP][PASSED] - dZO = <not implemented yet for class: org.codehaus.groovy.ast.expr.EmptyExpression>: null

09-12-2024T07:40:38 - [TEST_STEP][PASSED] - a = <not implemented yet for class: org.codehaus.groovy.ast.expr.EmptyExpression>: null

09-12-2024T07:40:38 - [TEST_STEP][PASSED] - fileperc = <not implemented yet for class: org.codehaus.groovy.ast.expr.EmptyExpression>: null

09-12-2024T07:40:38 - [TEST_STEP][PASSED] - pageperc = <not implemented yet for class: org.codehaus.groovy.ast.expr.EmptyExpression>: null

09-12-2024T07:40:38 - [TEST_STEP][PASSED] - pageInt = <not implemented yet for class: org.codehaus.groovy.ast.expr.EmptyExpression>: null

09-12-2024T07:40:38 - [TEST_STEP][PASSED] - fileInt = <not implemented yet for class: org.codehaus.groovy.ast.expr.EmptyExpression>: null

09-12-2024T07:40:38 - [TEST_STEP][PASSED] - pageDouble = <not implemented yet for class: org.codehaus.groovy.ast.expr.EmptyExpression>: null

09-12-2024T07:40:38 - [TEST_STEP][PASSED] - fileDouble = <not implemented yet for class: org.codehaus.groovy.ast.expr.EmptyExpression>: null

09-12-2024T07:40:38 - [TEST_STEP][PASSED] - typeOfData = <not implemented yet for class: org.codehaus.groovy.ast.expr.EmptyExpression>: null

09-12-2024T07:40:38 - [TEST_STEP][PASSED] - dzoNum = 0: null

09-12-2024T07:40:38 - [TEST_STEP][PASSED] - filialNum = 0: null

09-12-2024T07:40:38 - [TEST_STEP][PASSED] - urlText = <not implemented yet for class: org.codehaus.groovy.ast.expr.EmptyExpression>: null

09-12-2024T07:40:38 - [TEST_STEP][PASSED] - searchWord = <not implemented yet for class: org.codehaus.groovy.ast.expr.EmptyExpression>: null

09-12-2024T07:40:38 - [TEST_STEP][PASSED] - i = <not implemented yet for class: org.codehaus.groovy.ast.expr.EmptyExpression>: null

09-12-2024T07:40:38 - [TEST_STEP][PASSED] - ii = <not implemented yet for class: org.codehaus.groovy.ast.expr.EmptyExpression>: null

09-12-2024T07:40:38 - [TEST_STEP][PASSED] - navigateToUrl(findTestData("PlanFact").getValue(10, 1)): Navigate to 'https://bi.rosseti.digital/viewer?dashboardGuid=d154a8eaf6824e2b9de1bb04dd061c18&sheetGuid=1305e8ce744049e1abdacea1ea397a26&fit=true' successfully

09-12-2024T07:40:46 - [MESSAGE][PASSED] - Navigate to 'https://bi.rosseti.digital/viewer?dashboardGuid=d154a8eaf6824e2b9de1bb04dd061c18&sheetGuid=1305e8ce744049e1abdacea1ea397a26&fit=true' successfully

09-12-2024T07:40:46 - [TEST_STEP][PASSED] - urlText = getText(findTestObject("Страница авторизации/Text")): Text of object 'Object Repository/Страница авторизации/Text' is: 'Вход'

09-12-2024T07:40:46 - [MESSAGE][PASSED] - Text of object 'Object Repository/Страница авторизации/Text' is: 'Вход'

09-12-2024T07:40:46 - [TEST_STEP][PASSED] - delay(20): Delayed 20 second(s)

09-12-2024T07:41:06 - [MESSAGE][PASSED] - Delayed 20 second(s)

09-12-2024T07:41:06 - [TEST_STEP][PASSED] - searchWord = "Вход": null

09-12-2024T07:41:06 - [TEST_STEP][PASSED] - if (urlText.contains(searchWord) == false): null

09-12-2024T07:41:06 - [TEST_STEP][PASSED] - setText(findTestObject("Страница авторизации/input__username"), findTestData("PlanFact").getValue(8, 1)): Text 'liazgina-di' is set on object 'Object Repository/Страница авторизации/input__username'

09-12-2024T07:41:07 - [MESSAGE][PASSED] - Text 'liazgina-di' is set on object 'Object Repository/Страница авторизации/input__username'

09-12-2024T07:41:07 - [TEST_STEP][PASSED] - setText(findTestObject("Страница авторизации/input__password"), findTestData("PlanFact").getValue(9, 1)): Text ')$%5srZ8o688Dm#q' is set on object 'Object Repository/Страница авторизации/input__password'

09-12-2024T07:41:08 - [MESSAGE][PASSED] - Text ')$%5srZ8o688Dm#q' is set on object 'Object Repository/Страница авторизации/input__password'

09-12-2024T07:41:08 - [TEST_STEP][PASSED] - click(findTestObject("Страница авторизации/button_")): Object: 'Object Repository/Страница авторизации/button_' is clicked on

09-12-2024T07:41:11 - [MESSAGE][PASSED] - Object: 'Object Repository/Страница авторизации/button_' is clicked on

09-12-2024T07:41:11 - [TEST_STEP][PASSED] - delay(50): Delayed 50 second(s)

09-12-2024T07:42:01 - [MESSAGE][PASSED] - Delayed 50 second(s)

09-12-2024T07:42:01 - [TEST_STEP][PASSED] - searchWord = "ДЗО": null

09-12-2024T07:42:01 - [TEST_STEP][PASSED] - urlText = getText(findTestObject("Страница авторизации/Text")): Text of object 'Object Repository/Страница авторизации/Text' is: 'ДЗО 
Все
Период
1, 2, 3 кв., Октябрь 2024 года
Отклонения фактического уровня потерь от бизнес-плана, п.п.
-0.07
3.72
3.84
-0.05
0.15
-0.50
-0.27
АО «Тываэнерго»
АО «Чеченэнерго»
Россети Северный Кавказ
Россети Сибирь
Россети Тюмень
Россети Центр (ГК)
Россети Центр и Приволжье (ГК)
-1
0
1
2
3
4
5
6
7

Уровень потерь электроэнергии
АО «Тываэнерго»
АО «Чеченэнерго»
Россети Северный Кавказ
Россети Сибирь
Россети Тюмень
Россети Центр (ГК)
Россети Центр и Приволжье (ГК)
0
10
20
30
40
50
60
70
21.24
|
32.87
23.70
7.14
|
2.50
10.14
|
7.04
|
21.17
36.59
|
27.54
|
7.09
2.65
|
9.64
6.77
п.п.
0.04
Итого
0
0.02
0.04
0.06
%
5.39 5.39
5.35 5.35
План
Факт
1
100


Статус данных
Просьба обратить внимание
— все данные не занесены
Факт
План
Итого – Факт
Отпуск в сеть 211 719 944
Отпуск из сети 192 987 366
Потери 18 732 578
Итого – План
Отпуск в сеть 206 707 707
Отпуск из сети 189 135 798
Потери 17 571 909
Выполнение бизнес-плана в части показателя «Уровень потерь электроэнергии»
Показатели баланса электроэнергии по ДЗО – Факт 
642 168 3 034 612 17 367 779 52 412 668 43 413 766 49 425 284 45 596 339
506 218 1 924 288 12 584 601 48 697 705 42 264 622 44 662 142 42 504 429
135 950 1 110 325 4 783 177 3 714 964 1 149 143 4 763 141 3 091 910
Показатели баланса электроэнергии по ДЗО – План
608 287 2 822 152 16 300 204 50 003 068 45 056 130 48 037 333 44 041 851
479 095 1 894 447 12 437 092 46 434 624 43 930 370 43 167 677 40 938 806
129 192 927 705 3 863 112 3 568 444 1 125 760 4 869 656 3 103 045'

09-12-2024T07:42:32 - [MESSAGE][PASSED] - Text of object 'Object Repository/Страница авторизации/Text' is: 'ДЗО 
Все
Период
1, 2, 3 кв., Октябрь 2024 года
Отклонения фактического уровня потерь от бизнес-плана, п.п.
-0.07
3.72
3.84
-0.05
0.15
-0.50
-0.27
АО «Тываэнерго»
АО «Чеченэнерго»
Россети Северный Кавказ
Россети Сибирь
Россети Тюмень
Россети Центр (ГК)
Россети Центр и Приволжье (ГК)
-1
0
1
2
3
4
5
6
7

Уровень потерь электроэнергии
АО «Тываэнерго»
АО «Чеченэнерго»
Россети Северный Кавказ
Россети Сибирь
Россети Тюмень
Россети Центр (ГК)
Россети Центр и Приволжье (ГК)
0
10
20
30
40
50
60
70
21.24
|
32.87
23.70
7.14
|
2.50
10.14
|
7.04
|
21.17
36.59
|
27.54
|
7.09
2.65
|
9.64
6.77
п.п.
0.04
Итого
0
0.02
0.04
0.06
%
5.39 5.39
5.35 5.35
План
Факт
1
100


Статус данных
Просьба обратить внимание
— все данные не занесены
Факт
План
Итого – Факт
Отпуск в сеть 211 719 944
Отпуск из сети 192 987 366
Потери 18 732 578
Итого – План
Отпуск в сеть 206 707 707
Отпуск из сети 189 135 798
Потери 17 571 909
Выполнение бизнес-плана в части показателя «Уровень потерь электроэнергии»
Показатели баланса электроэнергии по ДЗО – Факт 
642 168 3 034 612 17 367 779 52 412 668 43 413 766 49 425 284 45 596 339
506 218 1 924 288 12 584 601 48 697 705 42 264 622 44 662 142 42 504 429
135 950 1 110 325 4 783 177 3 714 964 1 149 143 4 763 141 3 091 910
Показатели баланса электроэнергии по ДЗО – План
608 287 2 822 152 16 300 204 50 003 068 45 056 130 48 037 333 44 041 851
479 095 1 894 447 12 437 092 46 434 624 43 930 370 43 167 677 40 938 806
129 192 927 705 3 863 112 3 568 444 1 125 760 4 869 656 3 103 045'

09-12-2024T07:42:32 - [TEST_STEP][PASSED] - if (urlText.contains("ошибка") || urlText.contains(searchWord) == false): null

09-12-2024T07:42:32 - [TEST_STEP][PASSED] - Script1718980020443.ZakrytOpoveshenie(): null

09-12-2024T07:42:32 - [TEST_STEP][PASSED] - delay(10): Delayed 10 second(s)

09-12-2024T07:42:42 - [MESSAGE][PASSED] - Delayed 10 second(s)

09-12-2024T07:42:42 - [TEST_STEP][PASSED] - opoveshenie = getText(findTestObject("Выполнение бизнес-плана/Просьба обратить внимание")): Text of object 'Object Repository/Выполнение бизнес-плана/Просьба обратить внимание' is: 'Просьба обратить внимание'

09-12-2024T07:42:50 - [MESSAGE][PASSED] - Text of object 'Object Repository/Выполнение бизнес-плана/Просьба обратить внимание' is: 'Просьба обратить внимание'

09-12-2024T07:42:50 - [TEST_STEP][PASSED] - println(opoveshenie): null

09-12-2024T07:42:50 - [TEST_STEP][PASSED] - if (opoveshenie == "Просьба обратить внимание"): Object: 'Object Repository/Выполнение бизнес-плана/Закрыть оповещение' is clicked on

09-12-2024T07:42:50 - [TEST_STEP][PASSED] - click(findTestObject("Выполнение бизнес-плана/Закрыть оповещение")): Object: 'Object Repository/Выполнение бизнес-плана/Закрыть оповещение' is clicked on

09-12-2024T07:42:51 - [MESSAGE][PASSED] - Object: 'Object Repository/Выполнение бизнес-плана/Закрыть оповещение' is clicked on

09-12-2024T07:42:51 - [TEST_STEP][PASSED] - click(findTestObject("Object Repository/Выполнение бизнес-плана/Фильтр Дата")): Object: 'Object Repository/Выполнение бизнес-плана/Фильтр Дата' is clicked on

09-12-2024T07:42:51 - [MESSAGE][PASSED] - Object: 'Object Repository/Выполнение бизнес-плана/Фильтр Дата' is clicked on

09-12-2024T07:42:51 - [TEST_STEP][PASSED] - click(findTestObject("Выполнение бизнес-плана/Снять выделение в фильтре Дата")): Object: 'Object Repository/Выполнение бизнес-плана/Снять выделение в фильтре Дата' is clicked on

09-12-2024T07:42:52 - [MESSAGE][PASSED] - Object: 'Object Repository/Выполнение бизнес-плана/Снять выделение в фильтре Дата' is clicked on

09-12-2024T07:42:52 - [TEST_STEP][PASSED] - click(findTestObject("Object Repository/Выполнение бизнес-плана/Применить в фильтре Дата")): Object: 'Object Repository/Выполнение бизнес-плана/Применить в фильтре Дата' is clicked on

09-12-2024T07:42:53 - [MESSAGE][PASSED] - Object: 'Object Repository/Выполнение бизнес-плана/Применить в фильтре Дата' is clicked on

09-12-2024T07:42:53 - [TEST_STEP][PASSED] - delay(50): Delayed 50 second(s)

09-12-2024T07:43:43 - [MESSAGE][PASSED] - Delayed 50 second(s)

09-12-2024T07:43:43 - [TEST_STEP][PASSED] - Script1718980020443.ZakrytOpoveshenie(): null

09-12-2024T07:43:43 - [TEST_STEP][PASSED] - delay(10): Delayed 10 second(s)

09-12-2024T07:43:53 - [MESSAGE][PASSED] - Delayed 10 second(s)

09-12-2024T07:43:53 - [TEST_STEP][PASSED] - opoveshenie = getText(findTestObject("Выполнение бизнес-плана/Просьба обратить внимание")): Text of object 'Object Repository/Выполнение бизнес-плана/Просьба обратить внимание' is: 'Просьба обратить внимание'

09-12-2024T07:43:53 - [MESSAGE][PASSED] - Text of object 'Object Repository/Выполнение бизнес-плана/Просьба обратить внимание' is: 'Просьба обратить внимание'

09-12-2024T07:43:53 - [TEST_STEP][PASSED] - println(opoveshenie): null

09-12-2024T07:43:53 - [TEST_STEP][PASSED] - if (opoveshenie == "Просьба обратить внимание"): Object: 'Object Repository/Выполнение бизнес-плана/Закрыть оповещение' is clicked on

09-12-2024T07:43:53 - [TEST_STEP][PASSED] - click(findTestObject("Выполнение бизнес-плана/Закрыть оповещение")): Object: 'Object Repository/Выполнение бизнес-плана/Закрыть оповещение' is clicked on

09-12-2024T07:43:53 - [MESSAGE][PASSED] - Object: 'Object Repository/Выполнение бизнес-плана/Закрыть оповещение' is clicked on

09-12-2024T07:43:53 - [TEST_STEP][PASSED] - click(findTestObject("Object Repository/Выполнение бизнес-плана/Фильтр Дата")): Object: 'Object Repository/Выполнение бизнес-плана/Фильтр Дата' is clicked on

09-12-2024T07:43:54 - [MESSAGE][PASSED] - Object: 'Object Repository/Выполнение бизнес-плана/Фильтр Дата' is clicked on

09-12-2024T07:43:54 - [TEST_STEP][PASSED] - scrollToElement(findTestObject("Выполнение бизнес-плана/2024 список"), 30): Scroll to object 'Object Repository/Выполнение бизнес-плана/2024 список' successfully

09-12-2024T07:43:54 - [MESSAGE][PASSED] - Scroll to object 'Object Repository/Выполнение бизнес-плана/2024 список' successfully

09-12-2024T07:43:54 - [TEST_STEP][PASSED] - click(findTestObject("Выполнение бизнес-плана/2024 список")): Object: 'Object Repository/Выполнение бизнес-плана/2024 список' is clicked on

09-12-2024T07:43:55 - [MESSAGE][PASSED] - Object: 'Object Repository/Выполнение бизнес-плана/2024 список' is clicked on

09-12-2024T07:43:55 - [TEST_STEP][PASSED] - scrollToElement(findTestObject("Выполнение бизнес-плана/1 квартал 2024 список"), 30): Scroll to object 'Object Repository/Выполнение бизнес-плана/1 квартал 2024 список' successfully

09-12-2024T07:43:55 - [MESSAGE][PASSED] - Scroll to object 'Object Repository/Выполнение бизнес-плана/1 квартал 2024 список' successfully

09-12-2024T07:43:55 - [TEST_STEP][PASSED] - click(findTestObject("Выполнение бизнес-плана/1 квартал 2024 список")): Object: 'Object Repository/Выполнение бизнес-плана/1 квартал 2024 список' is clicked on

09-12-2024T07:43:55 - [MESSAGE][PASSED] - Object: 'Object Repository/Выполнение бизнес-плана/1 квартал 2024 список' is clicked on

09-12-2024T07:43:55 - [TEST_STEP][PASSED] - click(findTestObject("Выполнение бизнес-плана/Январь 2024")): Object: 'Object Repository/Выполнение бизнес-плана/Январь 2024' is clicked on

09-12-2024T07:43:56 - [MESSAGE][PASSED] - Object: 'Object Repository/Выполнение бизнес-плана/Январь 2024' is clicked on

09-12-2024T07:43:56 - [TEST_STEP][PASSED] - click(findTestObject("Выполнение бизнес-плана/Февраль 2024")): Object: 'Object Repository/Выполнение бизнес-плана/Февраль 2024' is clicked on

09-12-2024T07:43:56 - [MESSAGE][PASSED] - Object: 'Object Repository/Выполнение бизнес-плана/Февраль 2024' is clicked on

09-12-2024T07:43:56 - [TEST_STEP][PASSED] - click(findTestObject("Выполнение бизнес-плана/Март 2024")): Object: 'Object Repository/Выполнение бизнес-плана/Март 2024' is clicked on

09-12-2024T07:43:57 - [MESSAGE][PASSED] - Object: 'Object Repository/Выполнение бизнес-плана/Март 2024' is clicked on

09-12-2024T07:43:57 - [TEST_STEP][PASSED] - scrollToElement(findTestObject("Выполнение бизнес-плана/2 квартал 2024"), 30): Scroll to object 'Object Repository/Выполнение бизнес-плана/2 квартал 2024' successfully

09-12-2024T07:43:57 - [MESSAGE][PASSED] - Scroll to object 'Object Repository/Выполнение бизнес-плана/2 квартал 2024' successfully

09-12-2024T07:43:57 - [TEST_STEP][PASSED] - click(findTestObject("Выполнение бизнес-плана/2 квартал 2024")): Object: 'Object Repository/Выполнение бизнес-плана/2 квартал 2024' is clicked on

09-12-2024T07:43:58 - [MESSAGE][PASSED] - Object: 'Object Repository/Выполнение бизнес-плана/2 квартал 2024' is clicked on

09-12-2024T07:43:58 - [TEST_STEP][PASSED] - scrollToElement(findTestObject("Выполнение бизнес-плана/3 квартал 2024 список"), 30): Scroll to object 'Object Repository/Выполнение бизнес-плана/3 квартал 2024 список' successfully

09-12-2024T07:43:58 - [MESSAGE][PASSED] - Scroll to object 'Object Repository/Выполнение бизнес-плана/3 квартал 2024 список' successfully

09-12-2024T07:43:58 - [TEST_STEP][PASSED] - click(findTestObject("Выполнение бизнес-плана/3 квартал 2024"), CONTINUE_ON_FAILURE): Object: 'Object Repository/Выполнение бизнес-плана/3 квартал 2024' is clicked on

09-12-2024T07:43:59 - [MESSAGE][PASSED] - Object: 'Object Repository/Выполнение бизнес-плана/3 квартал 2024' is clicked on

09-12-2024T07:43:59 - [TEST_STEP][PASSED] - scrollToElement(findTestObject("Выполнение бизнес-плана/4 квартал 2024 список"), 30): Scroll to object 'Object Repository/Выполнение бизнес-плана/4 квартал 2024 список' successfully

09-12-2024T07:43:59 - [MESSAGE][PASSED] - Scroll to object 'Object Repository/Выполнение бизнес-плана/4 квартал 2024 список' successfully

09-12-2024T07:43:59 - [TEST_STEP][PASSED] - click(findTestObject("Выполнение бизнес-плана/4 квартал 2024 список"), CONTINUE_ON_FAILURE): Object: 'Object Repository/Выполнение бизнес-плана/4 квартал 2024 список' is clicked on

09-12-2024T07:44:00 - [MESSAGE][PASSED] - Object: 'Object Repository/Выполнение бизнес-плана/4 квартал 2024 список' is clicked on

09-12-2024T07:44:00 - [TEST_STEP][PASSED] - scrollToElement(findTestObject("Выполнение бизнес-плана/Октябрь 2024"), 30): Scroll to object 'Object Repository/Выполнение бизнес-плана/Октябрь 2024' successfully

09-12-2024T07:44:00 - [MESSAGE][PASSED] - Scroll to object 'Object Repository/Выполнение бизнес-плана/Октябрь 2024' successfully

09-12-2024T07:44:00 - [TEST_STEP][PASSED] - click(findTestObject("Выполнение бизнес-плана/Октябрь 2024"), CONTINUE_ON_FAILURE): Object: 'Object Repository/Выполнение бизнес-плана/Октябрь 2024' is clicked on

09-12-2024T07:44:00 - [MESSAGE][PASSED] - Object: 'Object Repository/Выполнение бизнес-плана/Октябрь 2024' is clicked on

09-12-2024T07:44:00 - [TEST_STEP][PASSED] - scrollToElement(findTestObject("Выполнение бизнес-плана/Заголовок дашборда"), 30): Scroll to object 'Object Repository/Выполнение бизнес-плана/Заголовок дашборда' successfully

09-12-2024T07:44:01 - [MESSAGE][PASSED] - Scroll to object 'Object Repository/Выполнение бизнес-плана/Заголовок дашборда' successfully

09-12-2024T07:44:01 - [TEST_STEP][PASSED] - click(findTestObject("Object Repository/Выполнение бизнес-плана/Применить в фильтре Дата")): Object: 'Object Repository/Выполнение бизнес-плана/Применить в фильтре Дата' is clicked on

09-12-2024T07:44:02 - [MESSAGE][PASSED] - Object: 'Object Repository/Выполнение бизнес-плана/Применить в фильтре Дата' is clicked on

09-12-2024T07:44:02 - [TEST_STEP][PASSED] - delay(50): Delayed 50 second(s)

09-12-2024T07:44:52 - [MESSAGE][PASSED] - Delayed 50 second(s)

09-12-2024T07:44:52 - [TEST_STEP][PASSED] - Script1718980020443.ZakrytOpoveshenie(): null

09-12-2024T07:44:52 - [TEST_STEP][PASSED] - delay(10): Delayed 10 second(s)

09-12-2024T07:45:02 - [MESSAGE][PASSED] - Delayed 10 second(s)

09-12-2024T07:45:02 - [TEST_STEP][PASSED] - opoveshenie = getText(findTestObject("Выполнение бизнес-плана/Просьба обратить внимание")): Text of object 'Object Repository/Выполнение бизнес-плана/Просьба обратить внимание' is: 'Просьба обратить внимание'

09-12-2024T07:45:02 - [MESSAGE][PASSED] - Text of object 'Object Repository/Выполнение бизнес-плана/Просьба обратить внимание' is: 'Просьба обратить внимание'

09-12-2024T07:45:02 - [TEST_STEP][PASSED] - println(opoveshenie): null

09-12-2024T07:45:02 - [TEST_STEP][PASSED] - if (opoveshenie == "Просьба обратить внимание"): Object: 'Object Repository/Выполнение бизнес-плана/Закрыть оповещение' is clicked on

09-12-2024T07:45:02 - [TEST_STEP][PASSED] - click(findTestObject("Выполнение бизнес-плана/Закрыть оповещение")): Object: 'Object Repository/Выполнение бизнес-плана/Закрыть оповещение' is clicked on

09-12-2024T07:45:02 - [MESSAGE][PASSED] - Object: 'Object Repository/Выполнение бизнес-плана/Закрыть оповещение' is clicked on

09-12-2024T07:45:02 - [TEST_STEP][PASSED] - delay(30): Delayed 30 second(s)

09-12-2024T07:45:32 - [MESSAGE][PASSED] - Delayed 30 second(s)

09-12-2024T07:45:32 - [TEST_STEP][PASSED] - Script1718980020443.OpenFilter(): null

09-12-2024T07:45:32 - [TEST_STEP][PASSED] - click(findTestObject("Object Repository/Выполнение бизнес-плана/Фильтр ДЗО")): Object: 'Object Repository/Выполнение бизнес-плана/Фильтр ДЗО' is clicked on

09-12-2024T07:45:33 - [MESSAGE][PASSED] - Object: 'Object Repository/Выполнение бизнес-плана/Фильтр ДЗО' is clicked on

09-12-2024T07:45:33 - [TEST_STEP][PASSED] - click(findTestObject("Выполнение бизнес-плана/Снять выделение в фильтре ДЗО")): Object: 'Object Repository/Выполнение бизнес-плана/Снять выделение в фильтре ДЗО' is clicked on

09-12-2024T07:45:33 - [MESSAGE][PASSED] - Object: 'Object Repository/Выполнение бизнес-плана/Снять выделение в фильтре ДЗО' is clicked on

09-12-2024T07:45:33 - [TEST_STEP][PASSED] - click(findTestObject("Выполнение бизнес-плана/ПАО Россети")): Object: 'Object Repository/Выполнение бизнес-плана/ПАО Россети' is clicked on

09-12-2024T07:45:33 - [MESSAGE][PASSED] - Object: 'Object Repository/Выполнение бизнес-плана/ПАО Россети' is clicked on

09-12-2024T07:45:33 - [TEST_STEP][PASSED] - click(findTestObject("Object Repository/Выполнение бизнес-плана/Применить в фильтре ДЗО")): Object: 'Object Repository/Выполнение бизнес-плана/Применить в фильтре ДЗО' is clicked on

09-12-2024T07:45:35 - [MESSAGE][PASSED] - Object: 'Object Repository/Выполнение бизнес-плана/Применить в фильтре ДЗО' is clicked on

09-12-2024T07:45:35 - [TEST_STEP][PASSED] - delay(30): Delayed 30 second(s)

09-12-2024T07:46:05 - [MESSAGE][PASSED] - Delayed 30 second(s)

09-12-2024T07:46:05 - [TEST_STEP][PASSED] - x1 = getText(findTestObject("Выполнение бизнес-плана/Список ДЗО старый")): Text of object 'Object Repository/Выполнение бизнес-плана/Список ДЗО старый' is: 'АО «Тываэнерго»
АО «Чеченэнерго»
Россети Северный Кавказ
Россети Сибирь
Россети Тюмень
Россети Центр (ГК)
Россети Центр и Приволжье (ГК)
0
10
20
30
40
50
60
70'

09-12-2024T07:46:06 - [MESSAGE][PASSED] - Text of object 'Object Repository/Выполнение бизнес-плана/Список ДЗО старый' is: 'АО «Тываэнерго»
АО «Чеченэнерго»
Россети Северный Кавказ
Россети Сибирь
Россети Тюмень
Россети Центр (ГК)
Россети Центр и Приволжье (ГК)
0
10
20
30
40
50
60
70'

09-12-2024T07:46:06 - [TEST_STEP][PASSED] - dZO = "ПАО Россети": null

09-12-2024T07:46:06 - [TEST_STEP][PASSED] - a = 84: null

09-12-2024T07:46:06 - [TEST_STEP][PASSED] - Script1718980020443.Numbers(a, typeOfData, todaysDate, pageInt, fileInt, pageDouble, fileDouble, dZO, dzoNum, filialNum): null

09-12-2024T07:46:06 - [TEST_STEP][PASSED] - println(dzoNum): null

09-12-2024T07:46:06 - [TEST_STEP][PASSED] - planFact = <not implemented yet for class: org.codehaus.groovy.ast.expr.EmptyExpression>: null

09-12-2024T07:46:06 - [TEST_STEP][PASSED] - page = <not implemented yet for class: org.codehaus.groovy.ast.expr.EmptyExpression>: null

09-12-2024T07:46:06 - [TEST_STEP][PASSED] - page1 = <not implemented yet for class: org.codehaus.groovy.ast.expr.EmptyExpression>: null

09-12-2024T07:46:06 - [TEST_STEP][PASSED] - page2 = <not implemented yet for class: org.codehaus.groovy.ast.expr.EmptyExpression>: null

09-12-2024T07:46:06 - [TEST_STEP][PASSED] - filialNumberInRow = <not implemented yet for class: org.codehaus.groovy.ast.expr.EmptyExpression>: null

09-12-2024T07:46:06 - [TEST_STEP][PASSED] - filialsDzoNames = <not implemented yet for class: org.codehaus.groovy.ast.expr.EmptyExpression>: null

09-12-2024T07:46:06 - [TEST_STEP][PASSED] - numberOfFilials = <not implemented yet for class: org.codehaus.groovy.ast.expr.EmptyExpression>: null

09-12-2024T07:46:06 - [TEST_STEP][PASSED] - numberOfSpaces = <not implemented yet for class: org.codehaus.groovy.ast.expr.EmptyExpression>: null

09-12-2024T07:46:06 - [TEST_STEP][PASSED] - file = <not implemented yet for class: org.codehaus.groovy.ast.expr.EmptyExpression>: null

09-12-2024T07:46:06 - [TEST_STEP][PASSED] - otpusk = <not implemented yet for class: org.codehaus.groovy.ast.expr.EmptyExpression>: null

09-12-2024T07:46:06 - [TEST_STEP][PASSED] - poteri = <not implemented yet for class: org.codehaus.groovy.ast.expr.EmptyExpression>: null

09-12-2024T07:46:06 - [TEST_STEP][PASSED] - dataFolder = "Выполнение бизнес-плана/Значения со страницы Выполнение бизнес-плана/": null

09-12-2024T07:46:06 - [TEST_STEP][PASSED] - path = <not implemented yet for class: org.codehaus.groovy.ast.expr.EmptyExpression>: null

09-12-2024T07:46:06 - [TEST_STEP][PASSED] - typeOfDataMain = <not implemented yet for class: org.codehaus.groovy.ast.expr.EmptyExpression>: null

09-12-2024T07:46:06 - [TEST_STEP][PASSED] - fileOtpuskVSet = <not implemented yet for class: org.codehaus.groovy.ast.expr.EmptyExpression>: null

09-12-2024T07:46:06 - [TEST_STEP][PASSED] - pageOtpuskVSet = <not implemented yet for class: org.codehaus.groovy.ast.expr.EmptyExpression>: null

09-12-2024T07:46:06 - [TEST_STEP][PASSED] - filePoteri = <not implemented yet for class: org.codehaus.groovy.ast.expr.EmptyExpression>: null

09-12-2024T07:46:06 - [TEST_STEP][PASSED] - pagePoteri = <not implemented yet for class: org.codehaus.groovy.ast.expr.EmptyExpression>: null

09-12-2024T07:46:06 - [TEST_STEP][PASSED] - compare = <not implemented yet for class: org.codehaus.groovy.ast.expr.EmptyExpression>: null

09-12-2024T07:46:06 - [TEST_STEP][PASSED] - b = <not implemented yet for class: org.codehaus.groovy.ast.expr.EmptyExpression>: null

09-12-2024T07:46:06 - [TEST_STEP][PASSED] - i = <not implemented yet for class: org.codehaus.groovy.ast.expr.EmptyExpression>: null

09-12-2024T07:46:06 - [TEST_STEP][PASSED] - ii = <not implemented yet for class: org.codehaus.groovy.ast.expr.EmptyExpression>: null

09-12-2024T07:46:06 - [TEST_STEP][PASSED] - c = <not implemented yet for class: org.codehaus.groovy.ast.expr.EmptyExpression>: null

09-12-2024T07:46:06 - [TEST_STEP][PASSED] - numberOfErrors = 0: null

09-12-2024T07:46:06 - [TEST_STEP][PASSED] - if (a == 82): null

09-12-2024T07:46:06 - [TEST_STEP][PASSED] - b = findTestData("PlanFact").getValue(1, a): null

09-12-2024T07:46:06 - [TEST_STEP][PASSED] - i = b.indexOf(" (ГК)"): null

09-12-2024T07:46:06 - [TEST_STEP][PASSED] - if (i > -1): null

09-12-2024T07:46:06 - [TEST_STEP][PASSED] - i = b.indexOf("О ""): null

09-12-2024T07:46:06 - [TEST_STEP][PASSED] - if (i > -1): null

09-12-2024T07:46:06 - [TEST_STEP][PASSED] - i = b.indexOf("О «"): null

09-12-2024T07:46:06 - [TEST_STEP][PASSED] - if (i > -1): null

09-12-2024T07:46:06 - [TEST_STEP][PASSED] - i = b.indexOf("г. "): null

09-12-2024T07:46:06 - [TEST_STEP][PASSED] - if (i > -1): null

09-12-2024T07:46:06 - [TEST_STEP][PASSED] - println(b): null

09-12-2024T07:46:06 - [TEST_STEP][PASSED] - for ([planFact = 1, planFact < 3, (planFact++)]): null

09-12-2024T07:46:06 - [TEST_STEP][PASSED] - if (planFact == 1): null

09-12-2024T07:46:06 - [TEST_STEP][PASSED] - typeOfDataMain = "Факт": null

09-12-2024T07:46:06 - [TEST_STEP][PASSED] - otpusk = findTestData("PlanFact").getValue(5, a): null

09-12-2024T07:46:07 - [TEST_STEP][PASSED] - poteri = findTestData("PlanFact").getValue(6, a): null

09-12-2024T07:46:07 - [TEST_STEP][PASSED] - otpusk = otpusk.replaceAll("\s+", ""): null

09-12-2024T07:46:07 - [TEST_STEP][PASSED] - poteri = poteri.replaceAll("\s+", ""): null

09-12-2024T07:46:07 - [TEST_STEP][PASSED] - typeOfData = typeOfDataMain + " Отпуск в сеть": null

09-12-2024T07:46:07 - [TEST_STEP][PASSED] - if (a == 82): null

09-12-2024T07:46:07 - [TEST_STEP][PASSED] - else if (a == 84): null

09-12-2024T07:46:07 - [TEST_STEP][PASSED] - path = dataFolder + typeOfData + " за отчётный период " + "ПАО Россети": null

09-12-2024T07:46:07 - [TEST_STEP][PASSED] - println(path): null

09-12-2024T07:46:07 - [TEST_STEP][PASSED] - page = getText(findTestObject(path)): Text of object 'Object Repository/Выполнение бизнес-плана/Значения со страницы Выполнение бизнес-плана/Факт Отпуск в сеть за отчётный период ПАО Россети' is: '211 719 944'

09-12-2024T07:46:07 - [MESSAGE][PASSED] - Text of object 'Object Repository/Выполнение бизнес-плана/Значения со страницы Выполнение бизнес-плана/Факт Отпуск в сеть за отчётный период ПАО Россети' is: '211 719 944'

09-12-2024T07:46:07 - [TEST_STEP][PASSED] - page = page.replaceAll("\s+", ""): null

09-12-2024T07:46:07 - [TEST_STEP][PASSED] - fileOtpuskVSet = otpusk.toInteger(): null

09-12-2024T07:46:07 - [TEST_STEP][PASSED] - pageOtpuskVSet = page.toInteger(): null

09-12-2024T07:46:07 - [TEST_STEP][PASSED] - typeOfData = typeOfDataMain + " Потери": null

09-12-2024T07:46:07 - [TEST_STEP][PASSED] - if (a == 82): null

09-12-2024T07:46:07 - [TEST_STEP][PASSED] - else if (a == 84): null

09-12-2024T07:46:07 - [TEST_STEP][PASSED] - path = dataFolder + typeOfData + " за отчётный период " + "ПАО Россети": null

09-12-2024T07:46:07 - [TEST_STEP][PASSED] - page = getText(findTestObject(path)): Text of object 'Object Repository/Выполнение бизнес-плана/Значения со страницы Выполнение бизнес-плана/Факт Потери за отчётный период ПАО Россети' is: '18 732 578'

09-12-2024T07:46:07 - [MESSAGE][PASSED] - Text of object 'Object Repository/Выполнение бизнес-плана/Значения со страницы Выполнение бизнес-плана/Факт Потери за отчётный период ПАО Россети' is: '18 732 578'

09-12-2024T07:46:07 - [TEST_STEP][PASSED] - page = page.replaceAll("\s+", ""): null

09-12-2024T07:46:07 - [TEST_STEP][PASSED] - filePoteri = poteri.toInteger(): null

09-12-2024T07:46:07 - [TEST_STEP][PASSED] - pagePoteri = page.toInteger(): null

09-12-2024T07:46:07 - [TEST_STEP][PASSED] - compare = pageOtpuskVSet: null

09-12-2024T07:46:07 - [TEST_STEP][PASSED] - if (compare == fileOtpuskVSet): null

09-12-2024T07:46:07 - [TEST_STEP][PASSED] - else if (compare > fileOtpuskVSet): null

09-12-2024T07:46:07 - [TEST_STEP][PASSED] - else if (compare < fileOtpuskVSet): null

09-12-2024T07:46:07 - [TEST_STEP][PASSED] - compare = compare + 1: null

09-12-2024T07:46:07 - [TEST_STEP][PASSED] - if (compare == fileOtpuskVSet): null

09-12-2024T07:46:07 - [TEST_STEP][PASSED] - else: null

09-12-2024T07:46:07 - [TEST_STEP][PASSED] - numberOfErrors = numberOfErrors + 1: null

09-12-2024T07:46:07 - [TEST_STEP][PASSED] - pageInt = pageOtpuskVSet: null

09-12-2024T07:46:07 - [TEST_STEP][PASSED] - fileInt = fileOtpuskVSet: null

09-12-2024T07:46:07 - [TEST_STEP][PASSED] - typeOfData = typeOfDataMain + " Отпуск в сеть": null

09-12-2024T07:46:07 - [TEST_STEP][PASSED] - Script1718980020443.WriteToExcel(a, typeOfData, todaysDate, pageInt, fileInt, pageDouble, fileDouble, dZO): null

09-12-2024T07:46:07 - [TEST_STEP][PASSED] - sheetName = "Sheet1": null

09-12-2024T07:46:07 - [TEST_STEP][PASSED] - data = findTestData("PlanFact"): null

09-12-2024T07:46:07 - [TEST_STEP][PASSED] - n = data.getRowNumbers() + 1: null

09-12-2024T07:46:07 - [TEST_STEP][PASSED] - year = todaysDate.substring(todaysDate.length() - 4, todaysDate.length()): null

09-12-2024T07:46:07 - [TEST_STEP][PASSED] - y = year.toInteger(): null

09-12-2024T07:46:07 - [TEST_STEP][PASSED] - m = getText(findTestObject("Выполнение бизнес-плана/Период")): Text of object 'Object Repository/Выполнение бизнес-плана/Период' is: '1, 2, 3 кв., Октябрь 2024 года'

09-12-2024T07:46:08 - [MESSAGE][PASSED] - Text of object 'Object Repository/Выполнение бизнес-плана/Период' is: '1, 2, 3 кв., Октябрь 2024 года'

09-12-2024T07:46:08 - [TEST_STEP][PASSED] - m = m.substring(0, m.indexOf("2024")): null

09-12-2024T07:46:08 - [TEST_STEP][PASSED] - m = m.trim(): null

09-12-2024T07:46:08 - [TEST_STEP][PASSED] - dashboardName = "Выполнение бизнес-плана": null

09-12-2024T07:46:08 - [TEST_STEP][PASSED] - workbook01 = getWorkbook(excelFilePath): null

09-12-2024T07:46:08 - [TEST_STEP][PASSED] - sheet01 = getExcelSheet(workbook01, sheetName): null

09-12-2024T07:46:08 - [TEST_STEP][PASSED] - setValueToCellByIndex(sheet01, n, 0, dashboardName): null

09-12-2024T07:46:08 - [TEST_STEP][PASSED] - setValueToCellByIndex(sheet01, n, 1, dZO): null

09-12-2024T07:46:08 - [TEST_STEP][PASSED] - setValueToCellByIndex(sheet01, n, 2, typeOfData): null

09-12-2024T07:46:08 - [TEST_STEP][PASSED] - if (typeOfData == "Факт в процентах" || typeOfData == "План в процентах"): null

09-12-2024T07:46:08 - [TEST_STEP][PASSED] - else: null

09-12-2024T07:46:08 - [TEST_STEP][PASSED] - setValueToCellByIndex(sheet01, n, 3, fileInt): null

09-12-2024T07:46:08 - [TEST_STEP][PASSED] - setValueToCellByIndex(sheet01, n, 4, pageInt): null

09-12-2024T07:46:08 - [TEST_STEP][PASSED] - setValueToCellByIndex(sheet01, n, 5, m): null

09-12-2024T07:46:08 - [TEST_STEP][PASSED] - setValueToCellByIndex(sheet01, n, 6, y): null

09-12-2024T07:46:08 - [TEST_STEP][PASSED] - setValueToCellByIndex(sheet01, n, 7, todaysDate): null

09-12-2024T07:46:08 - [TEST_STEP][PASSED] - n = n + 1: null

09-12-2024T07:46:08 - [TEST_STEP][PASSED] - saveWorkbook(excelFilePath, workbook01): null

09-12-2024T07:46:08 - [TEST_STEP][PASSED] - compare = pagePoteri: null

09-12-2024T07:46:08 - [TEST_STEP][PASSED] - if (compare == filePoteri): null

09-12-2024T07:46:08 - [TEST_STEP][PASSED] - else if (compare > filePoteri): null

09-12-2024T07:46:08 - [TEST_STEP][PASSED] - else if (compare < filePoteri): null

09-12-2024T07:46:08 - [TEST_STEP][PASSED] - compare = compare + 1: null

09-12-2024T07:46:08 - [TEST_STEP][PASSED] - if (compare == filePoteri): null

09-12-2024T07:46:08 - [TEST_STEP][PASSED] - else: null

09-12-2024T07:46:08 - [TEST_STEP][PASSED] - numberOfErrors = numberOfErrors + 1: null

09-12-2024T07:46:08 - [TEST_STEP][PASSED] - pageInt = pagePoteri: null

09-12-2024T07:46:08 - [TEST_STEP][PASSED] - fileInt = filePoteri: null

09-12-2024T07:46:08 - [TEST_STEP][PASSED] - typeOfData = typeOfDataMain + " Потери": null

09-12-2024T07:46:08 - [TEST_STEP][PASSED] - Script1718980020443.WriteToExcel(a, typeOfData, todaysDate, pageInt, fileInt, pageDouble, fileDouble, dZO): null

09-12-2024T07:46:08 - [TEST_STEP][PASSED] - sheetName = "Sheet1": null

09-12-2024T07:46:08 - [TEST_STEP][PASSED] - data = findTestData("PlanFact"): null

09-12-2024T07:46:08 - [TEST_STEP][PASSED] - n = data.getRowNumbers() + 1: null

09-12-2024T07:46:08 - [TEST_STEP][PASSED] - year = todaysDate.substring(todaysDate.length() - 4, todaysDate.length()): null

09-12-2024T07:46:08 - [TEST_STEP][PASSED] - y = year.toInteger(): null

09-12-2024T07:46:08 - [TEST_STEP][PASSED] - m = getText(findTestObject("Выполнение бизнес-плана/Период")): Text of object 'Object Repository/Выполнение бизнес-плана/Период' is: '1, 2, 3 кв., Октябрь 2024 года'

09-12-2024T07:46:09 - [MESSAGE][PASSED] - Text of object 'Object Repository/Выполнение бизнес-плана/Период' is: '1, 2, 3 кв., Октябрь 2024 года'

09-12-2024T07:46:09 - [TEST_STEP][PASSED] - m = m.substring(0, m.indexOf("2024")): null

09-12-2024T07:46:09 - [TEST_STEP][PASSED] - m = m.trim(): null

09-12-2024T07:46:09 - [TEST_STEP][PASSED] - dashboardName = "Выполнение бизнес-плана": null

09-12-2024T07:46:09 - [TEST_STEP][PASSED] - workbook01 = getWorkbook(excelFilePath): null

09-12-2024T07:46:09 - [TEST_STEP][PASSED] - sheet01 = getExcelSheet(workbook01, sheetName): null

09-12-2024T07:46:09 - [TEST_STEP][PASSED] - setValueToCellByIndex(sheet01, n, 0, dashboardName): null

09-12-2024T07:46:09 - [TEST_STEP][PASSED] - setValueToCellByIndex(sheet01, n, 1, dZO): null

09-12-2024T07:46:09 - [TEST_STEP][PASSED] - setValueToCellByIndex(sheet01, n, 2, typeOfData): null

09-12-2024T07:46:09 - [TEST_STEP][PASSED] - if (typeOfData == "Факт в процентах" || typeOfData == "План в процентах"): null

09-12-2024T07:46:09 - [TEST_STEP][PASSED] - else: null

09-12-2024T07:46:09 - [TEST_STEP][PASSED] - setValueToCellByIndex(sheet01, n, 3, fileInt): null

09-12-2024T07:46:09 - [TEST_STEP][PASSED] - setValueToCellByIndex(sheet01, n, 4, pageInt): null

09-12-2024T07:46:09 - [TEST_STEP][PASSED] - setValueToCellByIndex(sheet01, n, 5, m): null

09-12-2024T07:46:09 - [TEST_STEP][PASSED] - setValueToCellByIndex(sheet01, n, 6, y): null

09-12-2024T07:46:09 - [TEST_STEP][PASSED] - setValueToCellByIndex(sheet01, n, 7, todaysDate): null

09-12-2024T07:46:09 - [TEST_STEP][PASSED] - n = n + 1: null

09-12-2024T07:46:09 - [TEST_STEP][PASSED] - saveWorkbook(excelFilePath, workbook01): null

09-12-2024T07:46:09 - [TEST_STEP][PASSED] - if (planFact == 2): null

09-12-2024T07:46:09 - [TEST_STEP][PASSED] - if (planFact == 1): null

09-12-2024T07:46:09 - [TEST_STEP][PASSED] - else if (planFact == 2): null

09-12-2024T07:46:09 - [TEST_STEP][PASSED] - click(findTestObject("Выполнение бизнес-плана/Кнопка План")): Object: 'Object Repository/Выполнение бизнес-плана/Кнопка План' is clicked on

09-12-2024T07:46:10 - [MESSAGE][PASSED] - Object: 'Object Repository/Выполнение бизнес-плана/Кнопка План' is clicked on

09-12-2024T07:46:10 - [TEST_STEP][PASSED] - typeOfDataMain = "План": null

09-12-2024T07:46:10 - [TEST_STEP][PASSED] - otpusk = findTestData("PlanFact").getValue(2, a): null

09-12-2024T07:46:10 - [TEST_STEP][PASSED] - poteri = findTestData("PlanFact").getValue(3, a): null

09-12-2024T07:46:10 - [TEST_STEP][PASSED] - otpusk = otpusk.replaceAll("\s+", ""): null

09-12-2024T07:46:10 - [TEST_STEP][PASSED] - poteri = poteri.replaceAll("\s+", ""): null

09-12-2024T07:46:10 - [TEST_STEP][PASSED] - typeOfData = typeOfDataMain + " Отпуск в сеть": null

09-12-2024T07:46:10 - [TEST_STEP][PASSED] - if (a == 82): null

09-12-2024T07:46:10 - [TEST_STEP][PASSED] - else if (a == 84): null

09-12-2024T07:46:10 - [TEST_STEP][PASSED] - path = dataFolder + typeOfData + " за отчётный период " + "ПАО Россети": null

09-12-2024T07:46:10 - [TEST_STEP][PASSED] - println(path): null

09-12-2024T07:46:10 - [TEST_STEP][PASSED] - page = getText(findTestObject(path)): Text of object 'Object Repository/Выполнение бизнес-плана/Значения со страницы Выполнение бизнес-плана/План Отпуск в сеть за отчётный период ПАО Россети' is: '206 707 707'

09-12-2024T07:46:10 - [MESSAGE][PASSED] - Text of object 'Object Repository/Выполнение бизнес-плана/Значения со страницы Выполнение бизнес-плана/План Отпуск в сеть за отчётный период ПАО Россети' is: '206 707 707'

09-12-2024T07:46:10 - [TEST_STEP][PASSED] - page = page.replaceAll("\s+", ""): null

09-12-2024T07:46:10 - [TEST_STEP][PASSED] - fileOtpuskVSet = otpusk.toInteger(): null

09-12-2024T07:46:10 - [TEST_STEP][PASSED] - pageOtpuskVSet = page.toInteger(): null

09-12-2024T07:46:10 - [TEST_STEP][PASSED] - typeOfData = typeOfDataMain + " Потери": null

09-12-2024T07:46:10 - [TEST_STEP][PASSED] - if (a == 82): null

09-12-2024T07:46:10 - [TEST_STEP][PASSED] - else if (a == 84): null

09-12-2024T07:46:10 - [TEST_STEP][PASSED] - path = dataFolder + typeOfData + " за отчётный период " + "ПАО Россети": null

09-12-2024T07:46:10 - [TEST_STEP][PASSED] - page = getText(findTestObject(path)): Text of object 'Object Repository/Выполнение бизнес-плана/Значения со страницы Выполнение бизнес-плана/План Потери за отчётный период ПАО Россети' is: '17 571 909'

09-12-2024T07:46:10 - [MESSAGE][PASSED] - Text of object 'Object Repository/Выполнение бизнес-плана/Значения со страницы Выполнение бизнес-плана/План Потери за отчётный период ПАО Россети' is: '17 571 909'

09-12-2024T07:46:10 - [TEST_STEP][PASSED] - page = page.replaceAll("\s+", ""): null

09-12-2024T07:46:10 - [TEST_STEP][PASSED] - filePoteri = poteri.toInteger(): null

09-12-2024T07:46:10 - [TEST_STEP][PASSED] - pagePoteri = page.toInteger(): null

09-12-2024T07:46:10 - [TEST_STEP][PASSED] - compare = pageOtpuskVSet: null

09-12-2024T07:46:10 - [TEST_STEP][PASSED] - if (compare == fileOtpuskVSet): null

09-12-2024T07:46:10 - [TEST_STEP][PASSED] - else if (compare > fileOtpuskVSet): null

09-12-2024T07:46:10 - [TEST_STEP][PASSED] - else if (compare < fileOtpuskVSet): null

09-12-2024T07:46:10 - [TEST_STEP][PASSED] - compare = compare + 1: null

09-12-2024T07:46:10 - [TEST_STEP][PASSED] - if (compare == fileOtpuskVSet): null

09-12-2024T07:46:10 - [TEST_STEP][PASSED] - else: null

09-12-2024T07:46:10 - [TEST_STEP][PASSED] - numberOfErrors = numberOfErrors + 1: null

09-12-2024T07:46:10 - [TEST_STEP][PASSED] - pageInt = pageOtpuskVSet: null

09-12-2024T07:46:10 - [TEST_STEP][PASSED] - fileInt = fileOtpuskVSet: null

09-12-2024T07:46:10 - [TEST_STEP][PASSED] - typeOfData = typeOfDataMain + " Отпуск в сеть": null

09-12-2024T07:46:10 - [TEST_STEP][PASSED] - Script1718980020443.WriteToExcel(a, typeOfData, todaysDate, pageInt, fileInt, pageDouble, fileDouble, dZO): null

09-12-2024T07:46:10 - [TEST_STEP][PASSED] - sheetName = "Sheet1": null

09-12-2024T07:46:10 - [TEST_STEP][PASSED] - data = findTestData("PlanFact"): null

09-12-2024T07:46:10 - [TEST_STEP][PASSED] - n = data.getRowNumbers() + 1: null

09-12-2024T07:46:10 - [TEST_STEP][PASSED] - year = todaysDate.substring(todaysDate.length() - 4, todaysDate.length()): null

09-12-2024T07:46:10 - [TEST_STEP][PASSED] - y = year.toInteger(): null

09-12-2024T07:46:10 - [TEST_STEP][PASSED] - m = getText(findTestObject("Выполнение бизнес-плана/Период")): Text of object 'Object Repository/Выполнение бизнес-плана/Период' is: '1, 2, 3 кв., Октябрь 2024 года'

09-12-2024T07:46:11 - [MESSAGE][PASSED] - Text of object 'Object Repository/Выполнение бизнес-плана/Период' is: '1, 2, 3 кв., Октябрь 2024 года'

09-12-2024T07:46:11 - [TEST_STEP][PASSED] - m = m.substring(0, m.indexOf("2024")): null

09-12-2024T07:46:11 - [TEST_STEP][PASSED] - m = m.trim(): null

09-12-2024T07:46:11 - [TEST_STEP][PASSED] - dashboardName = "Выполнение бизнес-плана": null

09-12-2024T07:46:11 - [TEST_STEP][PASSED] - workbook01 = getWorkbook(excelFilePath): null

09-12-2024T07:46:11 - [TEST_STEP][PASSED] - sheet01 = getExcelSheet(workbook01, sheetName): null

09-12-2024T07:46:11 - [TEST_STEP][PASSED] - setValueToCellByIndex(sheet01, n, 0, dashboardName): null

09-12-2024T07:46:11 - [TEST_STEP][PASSED] - setValueToCellByIndex(sheet01, n, 1, dZO): null

09-12-2024T07:46:11 - [TEST_STEP][PASSED] - setValueToCellByIndex(sheet01, n, 2, typeOfData): null

09-12-2024T07:46:11 - [TEST_STEP][PASSED] - if (typeOfData == "Факт в процентах" || typeOfData == "План в процентах"): null

09-12-2024T07:46:11 - [TEST_STEP][PASSED] - else: null

09-12-2024T07:46:11 - [TEST_STEP][PASSED] - setValueToCellByIndex(sheet01, n, 3, fileInt): null

09-12-2024T07:46:11 - [TEST_STEP][PASSED] - setValueToCellByIndex(sheet01, n, 4, pageInt): null

09-12-2024T07:46:11 - [TEST_STEP][PASSED] - setValueToCellByIndex(sheet01, n, 5, m): null

09-12-2024T07:46:11 - [TEST_STEP][PASSED] - setValueToCellByIndex(sheet01, n, 6, y): null

09-12-2024T07:46:11 - [TEST_STEP][PASSED] - setValueToCellByIndex(sheet01, n, 7, todaysDate): null

09-12-2024T07:46:11 - [TEST_STEP][PASSED] - n = n + 1: null

09-12-2024T07:46:11 - [TEST_STEP][PASSED] - saveWorkbook(excelFilePath, workbook01): null

09-12-2024T07:46:11 - [TEST_STEP][PASSED] - compare = pagePoteri: null

09-12-2024T07:46:11 - [TEST_STEP][PASSED] - if (compare == filePoteri): null

09-12-2024T07:46:11 - [TEST_STEP][PASSED] - else if (compare > filePoteri): null

09-12-2024T07:46:11 - [TEST_STEP][PASSED] - else if (compare < filePoteri): null

09-12-2024T07:46:11 - [TEST_STEP][PASSED] - compare = compare + 1: null

09-12-2024T07:46:11 - [TEST_STEP][PASSED] - if (compare == filePoteri): null

09-12-2024T07:46:11 - [TEST_STEP][PASSED] - else: null

09-12-2024T07:46:11 - [TEST_STEP][PASSED] - numberOfErrors = numberOfErrors + 1: null

09-12-2024T07:46:11 - [TEST_STEP][PASSED] - pageInt = pagePoteri: null

09-12-2024T07:46:11 - [TEST_STEP][PASSED] - fileInt = filePoteri: null

09-12-2024T07:46:11 - [TEST_STEP][PASSED] - typeOfData = typeOfDataMain + " Потери": null

09-12-2024T07:46:11 - [TEST_STEP][PASSED] - Script1718980020443.WriteToExcel(a, typeOfData, todaysDate, pageInt, fileInt, pageDouble, fileDouble, dZO): null

09-12-2024T07:46:11 - [TEST_STEP][PASSED] - sheetName = "Sheet1": null

09-12-2024T07:46:11 - [TEST_STEP][PASSED] - data = findTestData("PlanFact"): null

09-12-2024T07:46:11 - [TEST_STEP][PASSED] - n = data.getRowNumbers() + 1: null

09-12-2024T07:46:11 - [TEST_STEP][PASSED] - year = todaysDate.substring(todaysDate.length() - 4, todaysDate.length()): null

09-12-2024T07:46:11 - [TEST_STEP][PASSED] - y = year.toInteger(): null

09-12-2024T07:46:11 - [TEST_STEP][PASSED] - m = getText(findTestObject("Выполнение бизнес-плана/Период")): Text of object 'Object Repository/Выполнение бизнес-плана/Период' is: '1, 2, 3 кв., Октябрь 2024 года'

09-12-2024T07:46:11 - [MESSAGE][PASSED] - Text of object 'Object Repository/Выполнение бизнес-плана/Период' is: '1, 2, 3 кв., Октябрь 2024 года'

09-12-2024T07:46:11 - [TEST_STEP][PASSED] - m = m.substring(0, m.indexOf("2024")): null

09-12-2024T07:46:11 - [TEST_STEP][PASSED] - m = m.trim(): null

09-12-2024T07:46:11 - [TEST_STEP][PASSED] - dashboardName = "Выполнение бизнес-плана": null

09-12-2024T07:46:11 - [TEST_STEP][PASSED] - workbook01 = getWorkbook(excelFilePath): null

09-12-2024T07:46:11 - [TEST_STEP][PASSED] - sheet01 = getExcelSheet(workbook01, sheetName): null

09-12-2024T07:46:11 - [TEST_STEP][PASSED] - setValueToCellByIndex(sheet01, n, 0, dashboardName): null

09-12-2024T07:46:11 - [TEST_STEP][PASSED] - setValueToCellByIndex(sheet01, n, 1, dZO): null

09-12-2024T07:46:11 - [TEST_STEP][PASSED] - setValueToCellByIndex(sheet01, n, 2, typeOfData): null

09-12-2024T07:46:11 - [TEST_STEP][PASSED] - if (typeOfData == "Факт в процентах" || typeOfData == "План в процентах"): null

09-12-2024T07:46:11 - [TEST_STEP][PASSED] - else: null

09-12-2024T07:46:11 - [TEST_STEP][PASSED] - setValueToCellByIndex(sheet01, n, 3, fileInt): null

09-12-2024T07:46:11 - [TEST_STEP][PASSED] - setValueToCellByIndex(sheet01, n, 4, pageInt): null

09-12-2024T07:46:11 - [TEST_STEP][PASSED] - setValueToCellByIndex(sheet01, n, 5, m): null

09-12-2024T07:46:11 - [TEST_STEP][PASSED] - setValueToCellByIndex(sheet01, n, 6, y): null

09-12-2024T07:46:11 - [TEST_STEP][PASSED] - setValueToCellByIndex(sheet01, n, 7, todaysDate): null

09-12-2024T07:46:11 - [TEST_STEP][PASSED] - n = n + 1: null

09-12-2024T07:46:11 - [TEST_STEP][PASSED] - saveWorkbook(excelFilePath, workbook01): Object: 'Object Repository/Выполнение бизнес-плана/Кнопка Факт' is clicked on

09-12-2024T07:46:12 - [TEST_STEP][PASSED] - if (planFact == 2): Object: 'Object Repository/Выполнение бизнес-плана/Кнопка Факт' is clicked on

09-12-2024T07:46:12 - [TEST_STEP][PASSED] - click(findTestObject("Выполнение бизнес-плана/Кнопка Факт")): Object: 'Object Repository/Выполнение бизнес-плана/Кнопка Факт' is clicked on

09-12-2024T07:46:12 - [MESSAGE][PASSED] - Object: 'Object Repository/Выполнение бизнес-плана/Кнопка Факт' is clicked on

09-12-2024T07:46:12 - [TEST_STEP][PASSED] - if (a == 84 || a == 82): null

09-12-2024T07:46:12 - [TEST_STEP][PASSED] - page = getText(findTestObject("Выполнение бизнес-плана/textPlanFact")): Text of object 'Object Repository/Выполнение бизнес-плана/textPlanFact' is: '%
5.39 5.39
5.35 5.35
План
Факт
1
100'

09-12-2024T07:46:12 - [MESSAGE][PASSED] - Text of object 'Object Repository/Выполнение бизнес-плана/textPlanFact' is: '%
5.39 5.39
5.35 5.35
План
Факт
1
100'

09-12-2024T07:46:12 - [TEST_STEP][PASSED] - page = page.replaceAll("\n", "_"): null

09-12-2024T07:46:12 - [TEST_STEP][PASSED] - page = page.substring(page.indexOf("_") + 1, page.length()): null

09-12-2024T07:46:12 - [TEST_STEP][PASSED] - page1 = page.substring(0, page.indexOf("_")): null

09-12-2024T07:46:12 - [TEST_STEP][PASSED] - page1 = page.substring(0, page.indexOf(" ")): null

09-12-2024T07:46:12 - [TEST_STEP][PASSED] - page2 = page.substring(page.indexOf("_") + 1, page.length()): null

09-12-2024T07:46:12 - [TEST_STEP][PASSED] - page2 = page2.substring(0, page.indexOf("_")): null

09-12-2024T07:46:12 - [TEST_STEP][PASSED] - page2 = page2.substring(0, page.indexOf(" ")): null

09-12-2024T07:46:12 - [TEST_STEP][PASSED] - println("page1: " + page1): null

09-12-2024T07:46:12 - [TEST_STEP][PASSED] - println("page2: " + page2): null

09-12-2024T07:46:12 - [TEST_STEP][PASSED] - file = findTestData("PlanFact").getValue(4, a): null

09-12-2024T07:46:12 - [TEST_STEP][PASSED] - file = file.replace(",", "."): null

09-12-2024T07:46:12 - [TEST_STEP][PASSED] - println("file Plan: " + file): null

09-12-2024T07:46:12 - [TEST_STEP][PASSED] - typeOfData = "План в процентах": null

09-12-2024T07:46:12 - [TEST_STEP][PASSED] - fileDouble = file.toDouble(): null

09-12-2024T07:46:12 - [TEST_STEP][PASSED] - pageDouble = page1.toDouble(): null

09-12-2024T07:46:12 - [TEST_STEP][PASSED] - if (fileDouble != pageDouble): null

09-12-2024T07:46:12 - [TEST_STEP][PASSED] - numberOfErrors = numberOfErrors + 1: null

09-12-2024T07:46:12 - [TEST_STEP][PASSED] - Script1718980020443.WriteToExcel(a, typeOfData, todaysDate, pageInt, fileInt, pageDouble, fileDouble, dZO): null

09-12-2024T07:46:12 - [TEST_STEP][PASSED] - sheetName = "Sheet1": null

09-12-2024T07:46:12 - [TEST_STEP][PASSED] - data = findTestData("PlanFact"): null

09-12-2024T07:46:12 - [TEST_STEP][PASSED] - n = data.getRowNumbers() + 1: null

09-12-2024T07:46:12 - [TEST_STEP][PASSED] - year = todaysDate.substring(todaysDate.length() - 4, todaysDate.length()): null

09-12-2024T07:46:12 - [TEST_STEP][PASSED] - y = year.toInteger(): null

09-12-2024T07:46:12 - [TEST_STEP][PASSED] - m = getText(findTestObject("Выполнение бизнес-плана/Период")): Text of object 'Object Repository/Выполнение бизнес-плана/Период' is: '1, 2, 3 кв., Октябрь 2024 года'

09-12-2024T07:46:13 - [MESSAGE][PASSED] - Text of object 'Object Repository/Выполнение бизнес-плана/Период' is: '1, 2, 3 кв., Октябрь 2024 года'

09-12-2024T07:46:13 - [TEST_STEP][PASSED] - m = m.substring(0, m.indexOf("2024")): null

09-12-2024T07:46:13 - [TEST_STEP][PASSED] - m = m.trim(): null

09-12-2024T07:46:13 - [TEST_STEP][PASSED] - dashboardName = "Выполнение бизнес-плана": null

09-12-2024T07:46:13 - [TEST_STEP][PASSED] - workbook01 = getWorkbook(excelFilePath): null

09-12-2024T07:46:13 - [TEST_STEP][PASSED] - sheet01 = getExcelSheet(workbook01, sheetName): null

09-12-2024T07:46:13 - [TEST_STEP][PASSED] - setValueToCellByIndex(sheet01, n, 0, dashboardName): null

09-12-2024T07:46:13 - [TEST_STEP][PASSED] - setValueToCellByIndex(sheet01, n, 1, dZO): null

09-12-2024T07:46:13 - [TEST_STEP][PASSED] - setValueToCellByIndex(sheet01, n, 2, typeOfData): null

09-12-2024T07:46:13 - [TEST_STEP][PASSED] - if (typeOfData == "Факт в процентах" || typeOfData == "План в процентах"): null

09-12-2024T07:46:13 - [TEST_STEP][PASSED] - setValueToCellByIndex(sheet01, n, 3, fileDouble): null

09-12-2024T07:46:13 - [TEST_STEP][PASSED] - setValueToCellByIndex(sheet01, n, 4, pageDouble): null

09-12-2024T07:46:13 - [TEST_STEP][PASSED] - setValueToCellByIndex(sheet01, n, 5, m): null

09-12-2024T07:46:13 - [TEST_STEP][PASSED] - setValueToCellByIndex(sheet01, n, 6, y): null

09-12-2024T07:46:13 - [TEST_STEP][PASSED] - setValueToCellByIndex(sheet01, n, 7, todaysDate): null

09-12-2024T07:46:13 - [TEST_STEP][PASSED] - n = n + 1: null

09-12-2024T07:46:13 - [TEST_STEP][PASSED] - saveWorkbook(excelFilePath, workbook01): null

09-12-2024T07:46:13 - [TEST_STEP][PASSED] - file = findTestData("PlanFact").getValue(7, a): null

09-12-2024T07:46:13 - [TEST_STEP][PASSED] - file = file.replace(",", "."): null

09-12-2024T07:46:13 - [TEST_STEP][PASSED] - println("file Fact: " + file): null

09-12-2024T07:46:13 - [TEST_STEP][PASSED] - fileDouble = file.toDouble(): null

09-12-2024T07:46:13 - [TEST_STEP][PASSED] - typeOfData = "Факт в процентах": null

09-12-2024T07:46:13 - [TEST_STEP][PASSED] - fileDouble = file.toDouble(): null

09-12-2024T07:46:13 - [TEST_STEP][PASSED] - pageDouble = page2.toDouble(): null

09-12-2024T07:46:13 - [TEST_STEP][PASSED] - if (fileDouble != pageDouble): null

09-12-2024T07:46:13 - [TEST_STEP][PASSED] - numberOfErrors = numberOfErrors + 1: null

09-12-2024T07:46:13 - [TEST_STEP][PASSED] - Script1718980020443.WriteToExcel(a, typeOfData, todaysDate, pageInt, fileInt, pageDouble, fileDouble, dZO): null

09-12-2024T07:46:13 - [TEST_STEP][PASSED] - sheetName = "Sheet1": null

09-12-2024T07:46:13 - [TEST_STEP][PASSED] - data = findTestData("PlanFact"): null

09-12-2024T07:46:13 - [TEST_STEP][PASSED] - n = data.getRowNumbers() + 1: null

09-12-2024T07:46:13 - [TEST_STEP][PASSED] - year = todaysDate.substring(todaysDate.length() - 4, todaysDate.length()): null

09-12-2024T07:46:13 - [TEST_STEP][PASSED] - y = year.toInteger(): null

09-12-2024T07:46:13 - [TEST_STEP][PASSED] - m = getText(findTestObject("Выполнение бизнес-плана/Период")): Text of object 'Object Repository/Выполнение бизнес-плана/Период' is: '1, 2, 3 кв., Октябрь 2024 года'

09-12-2024T07:46:14 - [MESSAGE][PASSED] - Text of object 'Object Repository/Выполнение бизнес-плана/Период' is: '1, 2, 3 кв., Октябрь 2024 года'

09-12-2024T07:46:14 - [TEST_STEP][PASSED] - m = m.substring(0, m.indexOf("2024")): null

09-12-2024T07:46:14 - [TEST_STEP][PASSED] - m = m.trim(): null

09-12-2024T07:46:14 - [TEST_STEP][PASSED] - dashboardName = "Выполнение бизнес-плана": null

09-12-2024T07:46:14 - [TEST_STEP][PASSED] - workbook01 = getWorkbook(excelFilePath): null

09-12-2024T07:46:14 - [TEST_STEP][PASSED] - sheet01 = getExcelSheet(workbook01, sheetName): null

09-12-2024T07:46:14 - [TEST_STEP][PASSED] - setValueToCellByIndex(sheet01, n, 0, dashboardName): null

09-12-2024T07:46:14 - [TEST_STEP][PASSED] - setValueToCellByIndex(sheet01, n, 1, dZO): null

09-12-2024T07:46:14 - [TEST_STEP][PASSED] - setValueToCellByIndex(sheet01, n, 2, typeOfData): null

09-12-2024T07:46:14 - [TEST_STEP][PASSED] - if (typeOfData == "Факт в процентах" || typeOfData == "План в процентах"): null

09-12-2024T07:46:14 - [TEST_STEP][PASSED] - setValueToCellByIndex(sheet01, n, 3, fileDouble): null

09-12-2024T07:46:14 - [TEST_STEP][PASSED] - setValueToCellByIndex(sheet01, n, 4, pageDouble): null

09-12-2024T07:46:14 - [TEST_STEP][PASSED] - setValueToCellByIndex(sheet01, n, 5, m): null

09-12-2024T07:46:14 - [TEST_STEP][PASSED] - setValueToCellByIndex(sheet01, n, 6, y): null

09-12-2024T07:46:14 - [TEST_STEP][PASSED] - setValueToCellByIndex(sheet01, n, 7, todaysDate): null

09-12-2024T07:46:14 - [TEST_STEP][PASSED] - n = n + 1: null

09-12-2024T07:46:14 - [TEST_STEP][PASSED] - saveWorkbook(excelFilePath, workbook01): null

09-12-2024T07:46:14 - [TEST_STEP][FAILED] - if (verifyEqual(numberOfErrors, 0) == false): null

09-12-2024T07:46:14 - [MESSAGE][FAILED] - Unable to verify equal between actual object '6' and expected object '0' (Root cause: com.kms.katalon.core.exception.StepFailedException: Actual object '6' and expected object '0' are not equal
	at com.kms.katalon.core.keyword.builtin.VerifyEqualKeyword$_verifyEqual_closure1.doCall(VerifyEqualKeyword.groovy:58)
	at com.kms.katalon.core.keyword.builtin.VerifyEqualKeyword$_verifyEqual_closure1.call(VerifyEqualKeyword.groovy)
	at com.kms.katalon.core.keyword.internal.KeywordMain.runKeyword(KeywordMain.groovy:75)
	at com.kms.katalon.core.keyword.builtin.VerifyEqualKeyword.verifyEqual(VerifyEqualKeyword.groovy:63)
	at com.kms.katalon.core.keyword.builtin.VerifyEqualKeyword.execute(VerifyEqualKeyword.groovy:44)
	at com.kms.katalon.core.keyword.internal.KeywordExecutor.executeKeywordForPlatform(KeywordExecutor.groovy:74)
	at com.kms.katalon.core.keyword.BuiltinKeywords.verifyEqual(BuiltinKeywords.groovy:146)
	at java.base/jdk.internal.reflect.NativeMethodAccessorImpl.invoke0(Native Method)
	at java.base/jdk.internal.reflect.NativeMethodAccessorImpl.invoke(NativeMethodAccessorImpl.java:77)
	at java.base/jdk.internal.reflect.DelegatingMethodAccessorImpl.invoke(DelegatingMethodAccessorImpl.java:43)
	at Выполнение бизнес-плана Сверка ПАО Россети все филиалы.Numbers(Выполнение бизнес-плана Сверка ПАО Россети все филиалы:752)
	at Выполнение бизнес-плана Сверка ПАО Россети все филиалы.run(Выполнение бизнес-плана Сверка ПАО Россети все филиалы:201)
	at com.kms.katalon.core.main.ScriptEngine.run(ScriptEngine.java:194)
	at com.kms.katalon.core.main.ScriptEngine.runScriptAsRawText(ScriptEngine.java:119)
	at com.kms.katalon.core.main.TestCaseExecutor.runScript(TestCaseExecutor.java:448)
	at com.kms.katalon.core.main.TestCaseExecutor.doExecute(TestCaseExecutor.java:439)
	at com.kms.katalon.core.main.TestCaseExecutor.processExecutionPhase(TestCaseExecutor.java:418)
	at com.kms.katalon.core.main.TestCaseExecutor.accessMainPhase(TestCaseExecutor.java:410)
	at com.kms.katalon.core.main.TestCaseExecutor.execute(TestCaseExecutor.java:285)
	at com.kms.katalon.core.common.CommonExecutor.accessTestCaseMainPhase(CommonExecutor.java:65)
	at com.kms.katalon.core.main.TestSuiteExecutor.accessTestSuiteMainPhase(TestSuiteExecutor.java:150)
	at com.kms.katalon.core.main.TestSuiteExecutor.execute(TestSuiteExecutor.java:106)
	at com.kms.katalon.core.main.TestCaseMain.startTestSuite(TestCaseMain.java:180)
	at TempTestSuite1733719229947.run(TempTestSuite1733719229947.groovy:35)
	at java.base/jdk.internal.reflect.NativeMethodAccessorImpl.invoke0(Native Method)
	at java.base/jdk.internal.reflect.NativeMethodAccessorImpl.invoke(NativeMethodAccessorImpl.java:77)
	at java.base/jdk.internal.reflect.DelegatingMethodAccessorImpl.invoke(DelegatingMethodAccessorImpl.java:43)
)

09-12-2024T07:46:14 - [TEST_STEP][PASSED] - println(numberOfErrors): null

09-12-2024T07:46:14 - [TEST_STEP][PASSED] - if (a == 28 || a == 77 || a == 74 || a == 65 || a == 36 || a == 44 || a == 54 || a == 1 || a == 18 || a == 59): null

09-12-2024T07:46:14 - [TEST_STEP][PASSED] - if (a == 82): null

09-12-2024T07:46:14 - [TEST_STEP][PASSED] - dZO = "Россети ФСК ЕЭС": null

09-12-2024T07:46:14 - [TEST_STEP][PASSED] - a = 83: null

09-12-2024T07:46:14 - [TEST_STEP][PASSED] - if (x1.contains(dZO)): null

09-12-2024T07:46:14 - [TEST_STEP][PASSED] - else: null

09-12-2024T07:46:14 - [TEST_STEP][PASSED] - Script1718980020443.NoData(a, typeOfData, todaysDate, fileInt, fileDouble, dZO): null

09-12-2024T07:46:14 - [TEST_STEP][PASSED] - println(a): null

09-12-2024T07:46:14 - [TEST_STEP][PASSED] - println(todaysDate): null

09-12-2024T07:46:14 - [TEST_STEP][PASSED] - println(fileInt): null

09-12-2024T07:46:14 - [TEST_STEP][PASSED] - println(fileDouble): null

09-12-2024T07:46:14 - [TEST_STEP][PASSED] - println(dZO): null

09-12-2024T07:46:14 - [TEST_STEP][PASSED] - typeOfData = "Факт Отпуск в сеть": null

09-12-2024T07:46:14 - [TEST_STEP][PASSED] - fileInt = replaceAll("\s+", "").toInteger(): null

09-12-2024T07:46:14 - [TEST_STEP][PASSED] - Script1718980020443.WriteToExcelNoData(a, typeOfData, todaysDate, fileInt, fileDouble, dZO): null

09-12-2024T07:46:14 - [TEST_STEP][PASSED] - sheetName = "Sheet1": null

09-12-2024T07:46:14 - [TEST_STEP][PASSED] - data = findTestData("PlanFact"): null

09-12-2024T07:46:14 - [TEST_STEP][PASSED] - n = data.getRowNumbers() + 1: null

09-12-2024T07:46:14 - [TEST_STEP][PASSED] - year = todaysDate.substring(todaysDate.length() - 4, todaysDate.length()): null

09-12-2024T07:46:14 - [TEST_STEP][PASSED] - y = year.toInteger(): null

09-12-2024T07:46:14 - [TEST_STEP][PASSED] - m = getText(findTestObject("Выполнение бизнес-плана/Период")): Text of object 'Object Repository/Выполнение бизнес-плана/Период' is: '1, 2, 3 кв., Октябрь 2024 года'

09-12-2024T07:46:14 - [MESSAGE][PASSED] - Text of object 'Object Repository/Выполнение бизнес-плана/Период' is: '1, 2, 3 кв., Октябрь 2024 года'

09-12-2024T07:46:14 - [TEST_STEP][PASSED] - m = m.substring(0, m.indexOf("2024")): null

09-12-2024T07:46:14 - [TEST_STEP][PASSED] - m = m.trim(): null

09-12-2024T07:46:14 - [TEST_STEP][PASSED] - dashboardName = "Выполнение бизнес-плана": null

09-12-2024T07:46:14 - [TEST_STEP][PASSED] - workbook01 = getWorkbook(excelFilePath): null

09-12-2024T07:46:14 - [TEST_STEP][PASSED] - sheet01 = getExcelSheet(workbook01, sheetName): null

09-12-2024T07:46:14 - [TEST_STEP][PASSED] - setValueToCellByIndex(sheet01, n, 0, dashboardName): null

09-12-2024T07:46:14 - [TEST_STEP][PASSED] - setValueToCellByIndex(sheet01, n, 1, dZO): null

09-12-2024T07:46:14 - [TEST_STEP][PASSED] - setValueToCellByIndex(sheet01, n, 2, typeOfData): null

09-12-2024T07:46:14 - [TEST_STEP][PASSED] - if (typeOfData == "Факт в процентах" || typeOfData == "План в процентах"): null

09-12-2024T07:46:14 - [TEST_STEP][PASSED] - else: null

09-12-2024T07:46:14 - [TEST_STEP][PASSED] - setValueToCellByIndex(sheet01, n, 3, fileInt): null

09-12-2024T07:46:14 - [TEST_STEP][PASSED] - setValueToCellByIndex(sheet01, n, 4, "нет данных"): null

09-12-2024T07:46:14 - [TEST_STEP][PASSED] - setValueToCellByIndex(sheet01, n, 5, m): null

09-12-2024T07:46:14 - [TEST_STEP][PASSED] - setValueToCellByIndex(sheet01, n, 6, y): null

09-12-2024T07:46:14 - [TEST_STEP][PASSED] - setValueToCellByIndex(sheet01, n, 7, todaysDate): null

09-12-2024T07:46:14 - [TEST_STEP][PASSED] - n = n + 1: null

09-12-2024T07:46:14 - [TEST_STEP][PASSED] - saveWorkbook(excelFilePath, workbook01): null

09-12-2024T07:46:15 - [TEST_STEP][PASSED] - typeOfData = "Факт Потери": null

09-12-2024T07:46:15 - [TEST_STEP][PASSED] - fileInt = replaceAll("\s+", "").toInteger(): null

09-12-2024T07:46:15 - [TEST_STEP][PASSED] - Script1718980020443.WriteToExcelNoData(a, typeOfData, todaysDate, fileInt, fileDouble, dZO): null

09-12-2024T07:46:15 - [TEST_STEP][PASSED] - sheetName = "Sheet1": null

09-12-2024T07:46:15 - [TEST_STEP][PASSED] - data = findTestData("PlanFact"): null

09-12-2024T07:46:15 - [TEST_STEP][PASSED] - n = data.getRowNumbers() + 1: null

09-12-2024T07:46:15 - [TEST_STEP][PASSED] - year = todaysDate.substring(todaysDate.length() - 4, todaysDate.length()): null

09-12-2024T07:46:15 - [TEST_STEP][PASSED] - y = year.toInteger(): null

09-12-2024T07:46:15 - [TEST_STEP][PASSED] - m = getText(findTestObject("Выполнение бизнес-плана/Период")): Text of object 'Object Repository/Выполнение бизнес-плана/Период' is: '1, 2, 3 кв., Октябрь 2024 года'

09-12-2024T07:46:15 - [MESSAGE][PASSED] - Text of object 'Object Repository/Выполнение бизнес-плана/Период' is: '1, 2, 3 кв., Октябрь 2024 года'

09-12-2024T07:46:15 - [TEST_STEP][PASSED] - m = m.substring(0, m.indexOf("2024")): null

09-12-2024T07:46:15 - [TEST_STEP][PASSED] - m = m.trim(): null

09-12-2024T07:46:15 - [TEST_STEP][PASSED] - dashboardName = "Выполнение бизнес-плана": null

09-12-2024T07:46:15 - [TEST_STEP][PASSED] - workbook01 = getWorkbook(excelFilePath): null

09-12-2024T07:46:15 - [TEST_STEP][PASSED] - sheet01 = getExcelSheet(workbook01, sheetName): null

09-12-2024T07:46:15 - [TEST_STEP][PASSED] - setValueToCellByIndex(sheet01, n, 0, dashboardName): null

09-12-2024T07:46:15 - [TEST_STEP][PASSED] - setValueToCellByIndex(sheet01, n, 1, dZO): null

09-12-2024T07:46:15 - [TEST_STEP][PASSED] - setValueToCellByIndex(sheet01, n, 2, typeOfData): null

09-12-2024T07:46:15 - [TEST_STEP][PASSED] - if (typeOfData == "Факт в процентах" || typeOfData == "План в процентах"): null

09-12-2024T07:46:15 - [TEST_STEP][PASSED] - else: null

09-12-2024T07:46:15 - [TEST_STEP][PASSED] - setValueToCellByIndex(sheet01, n, 3, fileInt): null

09-12-2024T07:46:15 - [TEST_STEP][PASSED] - setValueToCellByIndex(sheet01, n, 4, "нет данных"): null

09-12-2024T07:46:15 - [TEST_STEP][PASSED] - setValueToCellByIndex(sheet01, n, 5, m): null

09-12-2024T07:46:15 - [TEST_STEP][PASSED] - setValueToCellByIndex(sheet01, n, 6, y): null

09-12-2024T07:46:15 - [TEST_STEP][PASSED] - setValueToCellByIndex(sheet01, n, 7, todaysDate): null

09-12-2024T07:46:15 - [TEST_STEP][PASSED] - n = n + 1: null

09-12-2024T07:46:15 - [TEST_STEP][PASSED] - saveWorkbook(excelFilePath, workbook01): null

09-12-2024T07:46:15 - [TEST_STEP][PASSED] - typeOfData = "План Отпуск в сеть": null

09-12-2024T07:46:15 - [TEST_STEP][PASSED] - fileInt = replaceAll("\s+", "").toInteger(): null

09-12-2024T07:46:15 - [TEST_STEP][PASSED] - Script1718980020443.WriteToExcelNoData(a, typeOfData, todaysDate, fileInt, fileDouble, dZO): null

09-12-2024T07:46:15 - [TEST_STEP][PASSED] - sheetName = "Sheet1": null

09-12-2024T07:46:15 - [TEST_STEP][PASSED] - data = findTestData("PlanFact"): null

09-12-2024T07:46:15 - [TEST_STEP][PASSED] - n = data.getRowNumbers() + 1: null

09-12-2024T07:46:15 - [TEST_STEP][PASSED] - year = todaysDate.substring(todaysDate.length() - 4, todaysDate.length()): null

09-12-2024T07:46:15 - [TEST_STEP][PASSED] - y = year.toInteger(): null

09-12-2024T07:46:15 - [TEST_STEP][PASSED] - m = getText(findTestObject("Выполнение бизнес-плана/Период")): Text of object 'Object Repository/Выполнение бизнес-плана/Период' is: '1, 2, 3 кв., Октябрь 2024 года'

09-12-2024T07:46:16 - [MESSAGE][PASSED] - Text of object 'Object Repository/Выполнение бизнес-плана/Период' is: '1, 2, 3 кв., Октябрь 2024 года'

09-12-2024T07:46:16 - [TEST_STEP][PASSED] - m = m.substring(0, m.indexOf("2024")): null

09-12-2024T07:46:16 - [TEST_STEP][PASSED] - m = m.trim(): null

09-12-2024T07:46:16 - [TEST_STEP][PASSED] - dashboardName = "Выполнение бизнес-плана": null

09-12-2024T07:46:16 - [TEST_STEP][PASSED] - workbook01 = getWorkbook(excelFilePath): null

09-12-2024T07:46:16 - [TEST_STEP][PASSED] - sheet01 = getExcelSheet(workbook01, sheetName): null

09-12-2024T07:46:16 - [TEST_STEP][PASSED] - setValueToCellByIndex(sheet01, n, 0, dashboardName): null

09-12-2024T07:46:16 - [TEST_STEP][PASSED] - setValueToCellByIndex(sheet01, n, 1, dZO): null

09-12-2024T07:46:16 - [TEST_STEP][PASSED] - setValueToCellByIndex(sheet01, n, 2, typeOfData): null

09-12-2024T07:46:16 - [TEST_STEP][PASSED] - if (typeOfData == "Факт в процентах" || typeOfData == "План в процентах"): null

09-12-2024T07:46:16 - [TEST_STEP][PASSED] - else: null

09-12-2024T07:46:16 - [TEST_STEP][PASSED] - setValueToCellByIndex(sheet01, n, 3, fileInt): null

09-12-2024T07:46:16 - [TEST_STEP][PASSED] - setValueToCellByIndex(sheet01, n, 4, "нет данных"): null

09-12-2024T07:46:16 - [TEST_STEP][PASSED] - setValueToCellByIndex(sheet01, n, 5, m): null

09-12-2024T07:46:16 - [TEST_STEP][PASSED] - setValueToCellByIndex(sheet01, n, 6, y): null

09-12-2024T07:46:16 - [TEST_STEP][PASSED] - setValueToCellByIndex(sheet01, n, 7, todaysDate): null

09-12-2024T07:46:16 - [TEST_STEP][PASSED] - n = n + 1: null

09-12-2024T07:46:16 - [TEST_STEP][PASSED] - saveWorkbook(excelFilePath, workbook01): null

09-12-2024T07:46:16 - [TEST_STEP][PASSED] - typeOfData = "План Потери": null

09-12-2024T07:46:16 - [TEST_STEP][PASSED] - fileInt = replaceAll("\s+", "").toInteger(): null

09-12-2024T07:46:16 - [TEST_STEP][PASSED] - Script1718980020443.WriteToExcelNoData(a, typeOfData, todaysDate, fileInt, fileDouble, dZO): null

09-12-2024T07:46:16 - [TEST_STEP][PASSED] - sheetName = "Sheet1": null

09-12-2024T07:46:16 - [TEST_STEP][PASSED] - data = findTestData("PlanFact"): null

09-12-2024T07:46:16 - [TEST_STEP][PASSED] - n = data.getRowNumbers() + 1: null

09-12-2024T07:46:16 - [TEST_STEP][PASSED] - year = todaysDate.substring(todaysDate.length() - 4, todaysDate.length()): null

09-12-2024T07:46:16 - [TEST_STEP][PASSED] - y = year.toInteger(): null

09-12-2024T07:46:16 - [TEST_STEP][PASSED] - m = getText(findTestObject("Выполнение бизнес-плана/Период")): Text of object 'Object Repository/Выполнение бизнес-плана/Период' is: '1, 2, 3 кв., Октябрь 2024 года'

09-12-2024T07:46:16 - [MESSAGE][PASSED] - Text of object 'Object Repository/Выполнение бизнес-плана/Период' is: '1, 2, 3 кв., Октябрь 2024 года'

09-12-2024T07:46:16 - [TEST_STEP][PASSED] - m = m.substring(0, m.indexOf("2024")): null

09-12-2024T07:46:16 - [TEST_STEP][PASSED] - m = m.trim(): null

09-12-2024T07:46:16 - [TEST_STEP][PASSED] - dashboardName = "Выполнение бизнес-плана": null

09-12-2024T07:46:16 - [TEST_STEP][PASSED] - workbook01 = getWorkbook(excelFilePath): null

09-12-2024T07:46:16 - [TEST_STEP][PASSED] - sheet01 = getExcelSheet(workbook01, sheetName): null

09-12-2024T07:46:16 - [TEST_STEP][PASSED] - setValueToCellByIndex(sheet01, n, 0, dashboardName): null

09-12-2024T07:46:16 - [TEST_STEP][PASSED] - setValueToCellByIndex(sheet01, n, 1, dZO): null

09-12-2024T07:46:16 - [TEST_STEP][PASSED] - setValueToCellByIndex(sheet01, n, 2, typeOfData): null

09-12-2024T07:46:16 - [TEST_STEP][PASSED] - if (typeOfData == "Факт в процентах" || typeOfData == "План в процентах"): null

09-12-2024T07:46:16 - [TEST_STEP][PASSED] - else: null

09-12-2024T07:46:16 - [TEST_STEP][PASSED] - setValueToCellByIndex(sheet01, n, 3, fileInt): null

09-12-2024T07:46:16 - [TEST_STEP][PASSED] - setValueToCellByIndex(sheet01, n, 4, "нет данных"): null

09-12-2024T07:46:16 - [TEST_STEP][PASSED] - setValueToCellByIndex(sheet01, n, 5, m): null

09-12-2024T07:46:16 - [TEST_STEP][PASSED] - setValueToCellByIndex(sheet01, n, 6, y): null

09-12-2024T07:46:16 - [TEST_STEP][PASSED] - setValueToCellByIndex(sheet01, n, 7, todaysDate): null

09-12-2024T07:46:16 - [TEST_STEP][PASSED] - n = n + 1: null

09-12-2024T07:46:16 - [TEST_STEP][PASSED] - saveWorkbook(excelFilePath, workbook01): null

09-12-2024T07:46:17 - [TEST_STEP][PASSED] - typeOfData = "План в процентах": null

09-12-2024T07:46:17 - [TEST_STEP][PASSED] - fileDouble = ").toDouble(): null

09-12-2024T07:46:17 - [TEST_STEP][PASSED] - Script1718980020443.WriteToExcelNoData(a, typeOfData, todaysDate, fileInt, fileDouble, dZO): null

09-12-2024T07:46:17 - [TEST_STEP][PASSED] - sheetName = "Sheet1": null

09-12-2024T07:46:17 - [TEST_STEP][PASSED] - data = findTestData("PlanFact"): null

09-12-2024T07:46:17 - [TEST_STEP][PASSED] - n = data.getRowNumbers() + 1: null

09-12-2024T07:46:17 - [TEST_STEP][PASSED] - year = todaysDate.substring(todaysDate.length() - 4, todaysDate.length()): null

09-12-2024T07:46:17 - [TEST_STEP][PASSED] - y = year.toInteger(): null

09-12-2024T07:46:17 - [TEST_STEP][PASSED] - m = getText(findTestObject("Выполнение бизнес-плана/Период")): Text of object 'Object Repository/Выполнение бизнес-плана/Период' is: '1, 2, 3 кв., Октябрь 2024 года'

09-12-2024T07:46:17 - [MESSAGE][PASSED] - Text of object 'Object Repository/Выполнение бизнес-плана/Период' is: '1, 2, 3 кв., Октябрь 2024 года'

09-12-2024T07:46:17 - [TEST_STEP][PASSED] - m = m.substring(0, m.indexOf("2024")): null

09-12-2024T07:46:17 - [TEST_STEP][PASSED] - m = m.trim(): null

09-12-2024T07:46:17 - [TEST_STEP][PASSED] - dashboardName = "Выполнение бизнес-плана": null

09-12-2024T07:46:17 - [TEST_STEP][PASSED] - workbook01 = getWorkbook(excelFilePath): null

09-12-2024T07:46:17 - [TEST_STEP][PASSED] - sheet01 = getExcelSheet(workbook01, sheetName): null

09-12-2024T07:46:17 - [TEST_STEP][PASSED] - setValueToCellByIndex(sheet01, n, 0, dashboardName): null

09-12-2024T07:46:17 - [TEST_STEP][PASSED] - setValueToCellByIndex(sheet01, n, 1, dZO): null

09-12-2024T07:46:17 - [TEST_STEP][PASSED] - setValueToCellByIndex(sheet01, n, 2, typeOfData): null

09-12-2024T07:46:17 - [TEST_STEP][PASSED] - if (typeOfData == "Факт в процентах" || typeOfData == "План в процентах"): null

09-12-2024T07:46:17 - [TEST_STEP][PASSED] - setValueToCellByIndex(sheet01, n, 3, fileDouble): null

09-12-2024T07:46:17 - [TEST_STEP][PASSED] - setValueToCellByIndex(sheet01, n, 4, "нет данных"): null

09-12-2024T07:46:17 - [TEST_STEP][PASSED] - setValueToCellByIndex(sheet01, n, 5, m): null

09-12-2024T07:46:17 - [TEST_STEP][PASSED] - setValueToCellByIndex(sheet01, n, 6, y): null

09-12-2024T07:46:17 - [TEST_STEP][PASSED] - setValueToCellByIndex(sheet01, n, 7, todaysDate): null

09-12-2024T07:46:17 - [TEST_STEP][PASSED] - n = n + 1: null

09-12-2024T07:46:17 - [TEST_STEP][PASSED] - saveWorkbook(excelFilePath, workbook01): null

09-12-2024T07:46:17 - [TEST_STEP][PASSED] - typeOfData = "Факт в процентах": null

09-12-2024T07:46:17 - [TEST_STEP][PASSED] - fileDouble = ").toDouble(): null

09-12-2024T07:46:17 - [TEST_STEP][PASSED] - Script1718980020443.WriteToExcelNoData(a, typeOfData, todaysDate, fileInt, fileDouble, dZO): null

09-12-2024T07:46:17 - [TEST_STEP][PASSED] - sheetName = "Sheet1": null

09-12-2024T07:46:17 - [TEST_STEP][PASSED] - data = findTestData("PlanFact"): null

09-12-2024T07:46:18 - [TEST_STEP][PASSED] - n = data.getRowNumbers() + 1: null

09-12-2024T07:46:18 - [TEST_STEP][PASSED] - year = todaysDate.substring(todaysDate.length() - 4, todaysDate.length()): null

09-12-2024T07:46:18 - [TEST_STEP][PASSED] - y = year.toInteger(): null

09-12-2024T07:46:18 - [TEST_STEP][PASSED] - m = getText(findTestObject("Выполнение бизнес-плана/Период")): Text of object 'Object Repository/Выполнение бизнес-плана/Период' is: '1, 2, 3 кв., Октябрь 2024 года'

09-12-2024T07:46:18 - [MESSAGE][PASSED] - Text of object 'Object Repository/Выполнение бизнес-плана/Период' is: '1, 2, 3 кв., Октябрь 2024 года'

09-12-2024T07:46:18 - [TEST_STEP][PASSED] - m = m.substring(0, m.indexOf("2024")): null

09-12-2024T07:46:18 - [TEST_STEP][PASSED] - m = m.trim(): null

09-12-2024T07:46:18 - [TEST_STEP][PASSED] - dashboardName = "Выполнение бизнес-плана": null

09-12-2024T07:46:18 - [TEST_STEP][PASSED] - workbook01 = getWorkbook(excelFilePath): null

09-12-2024T07:46:18 - [TEST_STEP][PASSED] - sheet01 = getExcelSheet(workbook01, sheetName): null

09-12-2024T07:46:18 - [TEST_STEP][PASSED] - setValueToCellByIndex(sheet01, n, 0, dashboardName): null

09-12-2024T07:46:18 - [TEST_STEP][PASSED] - setValueToCellByIndex(sheet01, n, 1, dZO): null

09-12-2024T07:46:18 - [TEST_STEP][PASSED] - setValueToCellByIndex(sheet01, n, 2, typeOfData): null

09-12-2024T07:46:18 - [TEST_STEP][PASSED] - if (typeOfData == "Факт в процентах" || typeOfData == "План в процентах"): null

09-12-2024T07:46:18 - [TEST_STEP][PASSED] - setValueToCellByIndex(sheet01, n, 3, fileDouble): null

09-12-2024T07:46:18 - [TEST_STEP][PASSED] - setValueToCellByIndex(sheet01, n, 4, "нет данных"): null

09-12-2024T07:46:18 - [TEST_STEP][PASSED] - setValueToCellByIndex(sheet01, n, 5, m): null

09-12-2024T07:46:18 - [TEST_STEP][PASSED] - setValueToCellByIndex(sheet01, n, 6, y): null

09-12-2024T07:46:18 - [TEST_STEP][PASSED] - setValueToCellByIndex(sheet01, n, 7, todaysDate): null

09-12-2024T07:46:18 - [TEST_STEP][PASSED] - n = n + 1: null

09-12-2024T07:46:18 - [TEST_STEP][PASSED] - saveWorkbook(excelFilePath, workbook01): null

09-12-2024T07:46:18 - [TEST_STEP][PASSED] - println(dzoNum): null

09-12-2024T07:46:18 - [TEST_STEP][PASSED] - dZO = "РаспредКомплекс": null

09-12-2024T07:46:18 - [TEST_STEP][PASSED] - a = 82: null

09-12-2024T07:46:18 - [TEST_STEP][PASSED] - Script1718980020443.Numbers(a, typeOfData, todaysDate, pageInt, fileInt, pageDouble, fileDouble, dZO, dzoNum, filialNum): null

09-12-2024T07:46:18 - [TEST_STEP][PASSED] - println(dzoNum): null

09-12-2024T07:46:18 - [TEST_STEP][PASSED] - planFact = <not implemented yet for class: org.codehaus.groovy.ast.expr.EmptyExpression>: null

09-12-2024T07:46:18 - [TEST_STEP][PASSED] - page = <not implemented yet for class: org.codehaus.groovy.ast.expr.EmptyExpression>: null

09-12-2024T07:46:18 - [TEST_STEP][PASSED] - page1 = <not implemented yet for class: org.codehaus.groovy.ast.expr.EmptyExpression>: null

09-12-2024T07:46:18 - [TEST_STEP][PASSED] - page2 = <not implemented yet for class: org.codehaus.groovy.ast.expr.EmptyExpression>: null

09-12-2024T07:46:18 - [TEST_STEP][PASSED] - filialNumberInRow = <not implemented yet for class: org.codehaus.groovy.ast.expr.EmptyExpression>: null

09-12-2024T07:46:18 - [TEST_STEP][PASSED] - filialsDzoNames = <not implemented yet for class: org.codehaus.groovy.ast.expr.EmptyExpression>: null

09-12-2024T07:46:18 - [TEST_STEP][PASSED] - numberOfFilials = <not implemented yet for class: org.codehaus.groovy.ast.expr.EmptyExpression>: null

09-12-2024T07:46:18 - [TEST_STEP][PASSED] - numberOfSpaces = <not implemented yet for class: org.codehaus.groovy.ast.expr.EmptyExpression>: null

09-12-2024T07:46:18 - [TEST_STEP][PASSED] - file = <not implemented yet for class: org.codehaus.groovy.ast.expr.EmptyExpression>: null

09-12-2024T07:46:18 - [TEST_STEP][PASSED] - otpusk = <not implemented yet for class: org.codehaus.groovy.ast.expr.EmptyExpression>: null

09-12-2024T07:46:18 - [TEST_STEP][PASSED] - poteri = <not implemented yet for class: org.codehaus.groovy.ast.expr.EmptyExpression>: null

09-12-2024T07:46:18 - [TEST_STEP][PASSED] - dataFolder = "Выполнение бизнес-плана/Значения со страницы Выполнение бизнес-плана/": null

09-12-2024T07:46:18 - [TEST_STEP][PASSED] - path = <not implemented yet for class: org.codehaus.groovy.ast.expr.EmptyExpression>: null

09-12-2024T07:46:18 - [TEST_STEP][PASSED] - typeOfDataMain = <not implemented yet for class: org.codehaus.groovy.ast.expr.EmptyExpression>: null

09-12-2024T07:46:18 - [TEST_STEP][PASSED] - fileOtpuskVSet = <not implemented yet for class: org.codehaus.groovy.ast.expr.EmptyExpression>: null

09-12-2024T07:46:18 - [TEST_STEP][PASSED] - pageOtpuskVSet = <not implemented yet for class: org.codehaus.groovy.ast.expr.EmptyExpression>: null

09-12-2024T07:46:18 - [TEST_STEP][PASSED] - filePoteri = <not implemented yet for class: org.codehaus.groovy.ast.expr.EmptyExpression>: null

09-12-2024T07:46:18 - [TEST_STEP][PASSED] - pagePoteri = <not implemented yet for class: org.codehaus.groovy.ast.expr.EmptyExpression>: null

09-12-2024T07:46:18 - [TEST_STEP][PASSED] - compare = <not implemented yet for class: org.codehaus.groovy.ast.expr.EmptyExpression>: null

09-12-2024T07:46:18 - [TEST_STEP][PASSED] - b = <not implemented yet for class: org.codehaus.groovy.ast.expr.EmptyExpression>: null

09-12-2024T07:46:18 - [TEST_STEP][PASSED] - i = <not implemented yet for class: org.codehaus.groovy.ast.expr.EmptyExpression>: null

09-12-2024T07:46:18 - [TEST_STEP][PASSED] - ii = <not implemented yet for class: org.codehaus.groovy.ast.expr.EmptyExpression>: null

09-12-2024T07:46:18 - [TEST_STEP][PASSED] - c = <not implemented yet for class: org.codehaus.groovy.ast.expr.EmptyExpression>: null

09-12-2024T07:46:18 - [TEST_STEP][PASSED] - numberOfErrors = 0: null

09-12-2024T07:46:18 - [TEST_STEP][PASSED] - if (a == 82): null

09-12-2024T07:46:18 - [TEST_STEP][PASSED] - Script1718980020443.OpenFilter(): null

09-12-2024T07:46:18 - [TEST_STEP][PASSED] - click(findTestObject("Object Repository/Выполнение бизнес-плана/Фильтр ДЗО")): Object: 'Object Repository/Выполнение бизнес-плана/Фильтр ДЗО' is clicked on

09-12-2024T07:46:18 - [MESSAGE][PASSED] - Object: 'Object Repository/Выполнение бизнес-плана/Фильтр ДЗО' is clicked on

09-12-2024T07:46:18 - [TEST_STEP][PASSED] - click(findTestObject("Выполнение бизнес-плана/Снять выделение в фильтре ДЗО")): null

09-12-2024T07:46:19 - [MESSAGE][PASSED] - Object: 'Object Repository/Выполнение бизнес-плана/Снять выделение в фильтре ДЗО' is clicked on

09-12-2024T07:46:19 - [TEST_STEP][PASSED] - click(findTestObject("Выполнение бизнес-плана/Раскрыть список ПАО Россети в фильтре ДЗО")): Object: 'Object Repository/Выполнение бизнес-плана/Раскрыть список ПАО Россети в фильтре ДЗО' is clicked on

09-12-2024T07:46:19 - [MESSAGE][PASSED] - Object: 'Object Repository/Выполнение бизнес-плана/Раскрыть список ПАО Россети в фильтре ДЗО' is clicked on

09-12-2024T07:46:19 - [TEST_STEP][PASSED] - click(findTestObject("Выполнение бизнес-плана/РаспредКомплекс")): Object: 'Object Repository/Выполнение бизнес-плана/РаспредКомплекс' is clicked on

09-12-2024T07:46:20 - [MESSAGE][PASSED] - Object: 'Object Repository/Выполнение бизнес-плана/РаспредКомплекс' is clicked on

09-12-2024T07:46:20 - [TEST_STEP][PASSED] - Script1718980020443.CloseFilter(): null

09-12-2024T07:46:20 - [TEST_STEP][PASSED] - scrollToElement(findTestObject("Выполнение бизнес-плана/Заголовок дашборда"), 30): Scroll to object 'Object Repository/Выполнение бизнес-плана/Заголовок дашборда' successfully

09-12-2024T07:46:20 - [MESSAGE][PASSED] - Scroll to object 'Object Repository/Выполнение бизнес-плана/Заголовок дашборда' successfully

09-12-2024T07:46:20 - [TEST_STEP][PASSED] - click(findTestObject("Object Repository/Выполнение бизнес-плана/Применить в фильтре ДЗО")): null

09-12-2024T07:46:21 - [MESSAGE][PASSED] - Object: 'Object Repository/Выполнение бизнес-плана/Применить в фильтре ДЗО' is clicked on

09-12-2024T07:46:21 - [TEST_STEP][PASSED] - delay(5): Delayed 5 second(s)

09-12-2024T07:46:26 - [MESSAGE][PASSED] - Delayed 5 second(s)

09-12-2024T07:46:26 - [TEST_STEP][PASSED] - b = findTestData("PlanFact").getValue(1, a): null

09-12-2024T07:46:26 - [TEST_STEP][PASSED] - i = b.indexOf(" (ГК)"): null

09-12-2024T07:46:26 - [TEST_STEP][PASSED] - if (i > -1): null

09-12-2024T07:46:26 - [TEST_STEP][PASSED] - i = b.indexOf("О ""): null

09-12-2024T07:46:26 - [TEST_STEP][PASSED] - if (i > -1): null

09-12-2024T07:46:26 - [TEST_STEP][PASSED] - i = b.indexOf("О «"): null

09-12-2024T07:46:26 - [TEST_STEP][PASSED] - if (i > -1): null

09-12-2024T07:46:26 - [TEST_STEP][PASSED] - i = b.indexOf("г. "): null

09-12-2024T07:46:26 - [TEST_STEP][PASSED] - if (i > -1): null

09-12-2024T07:46:26 - [TEST_STEP][PASSED] - println(b): null

09-12-2024T07:46:26 - [TEST_STEP][PASSED] - for ([planFact = 1, planFact < 3, (planFact++)]): null

09-12-2024T07:46:26 - [TEST_STEP][PASSED] - if (planFact == 1): null

09-12-2024T07:46:26 - [TEST_STEP][PASSED] - typeOfDataMain = "Факт": null

09-12-2024T07:46:26 - [TEST_STEP][PASSED] - otpusk = findTestData("PlanFact").getValue(5, a): null

09-12-2024T07:46:26 - [TEST_STEP][PASSED] - poteri = findTestData("PlanFact").getValue(6, a): null

09-12-2024T07:46:27 - [TEST_STEP][PASSED] - otpusk = otpusk.replaceAll("\s+", ""): null

09-12-2024T07:46:27 - [TEST_STEP][PASSED] - poteri = poteri.replaceAll("\s+", ""): null

09-12-2024T07:46:27 - [TEST_STEP][PASSED] - typeOfData = typeOfDataMain + " Отпуск в сеть": null

09-12-2024T07:46:27 - [TEST_STEP][PASSED] - if (a == 82): null

09-12-2024T07:46:27 - [TEST_STEP][PASSED] - path = dataFolder + typeOfData + " за отчётный период " + "РаспредКомплекс": null

09-12-2024T07:46:27 - [TEST_STEP][PASSED] - println(path): null

09-12-2024T07:46:27 - [TEST_STEP][PASSED] - page = getText(findTestObject(path)): Text of object 'Object Repository/Выполнение бизнес-плана/Значения со страницы Выполнение бизнес-плана/Факт Отпуск в сеть за отчётный период РаспредКомплекс' is: '211 719 944'

09-12-2024T07:46:47 - [MESSAGE][PASSED] - Text of object 'Object Repository/Выполнение бизнес-плана/Значения со страницы Выполнение бизнес-плана/Факт Отпуск в сеть за отчётный период РаспредКомплекс' is: '211 719 944'

09-12-2024T07:46:47 - [TEST_STEP][PASSED] - page = page.replaceAll("\s+", ""): null

09-12-2024T07:46:47 - [TEST_STEP][PASSED] - fileOtpuskVSet = otpusk.toInteger(): null

09-12-2024T07:46:47 - [TEST_STEP][PASSED] - pageOtpuskVSet = page.toInteger(): null

09-12-2024T07:46:47 - [TEST_STEP][PASSED] - typeOfData = typeOfDataMain + " Потери": null

09-12-2024T07:46:47 - [TEST_STEP][PASSED] - if (a == 82): null

09-12-2024T07:46:47 - [TEST_STEP][PASSED] - path = dataFolder + typeOfData + " за отчётный период " + "РаспредКомплекс": null

09-12-2024T07:46:47 - [TEST_STEP][PASSED] - page = getText(findTestObject(path)): Text of object 'Object Repository/Выполнение бизнес-плана/Значения со страницы Выполнение бизнес-плана/Факт Потери за отчётный период РаспредКомплекс' is: '18 732 578'

09-12-2024T07:46:48 - [MESSAGE][PASSED] - Text of object 'Object Repository/Выполнение бизнес-плана/Значения со страницы Выполнение бизнес-плана/Факт Потери за отчётный период РаспредКомплекс' is: '18 732 578'

09-12-2024T07:46:48 - [TEST_STEP][PASSED] - page = page.replaceAll("\s+", ""): null

09-12-2024T07:46:48 - [TEST_STEP][PASSED] - filePoteri = poteri.toInteger(): null

09-12-2024T07:46:48 - [TEST_STEP][PASSED] - pagePoteri = page.toInteger(): null

09-12-2024T07:46:48 - [TEST_STEP][PASSED] - compare = pageOtpuskVSet: null

09-12-2024T07:46:48 - [TEST_STEP][PASSED] - if (compare == fileOtpuskVSet): null

09-12-2024T07:46:48 - [TEST_STEP][PASSED] - else if (compare > fileOtpuskVSet): null

09-12-2024T07:46:48 - [TEST_STEP][PASSED] - else if (compare < fileOtpuskVSet): null

09-12-2024T07:46:48 - [TEST_STEP][PASSED] - compare = compare + 1: null

09-12-2024T07:46:48 - [TEST_STEP][PASSED] - if (compare == fileOtpuskVSet): null

09-12-2024T07:46:48 - [TEST_STEP][PASSED] - else: null

09-12-2024T07:46:48 - [TEST_STEP][PASSED] - numberOfErrors = numberOfErrors + 1: null

09-12-2024T07:46:48 - [TEST_STEP][PASSED] - pageInt = pageOtpuskVSet: null

09-12-2024T07:46:48 - [TEST_STEP][PASSED] - fileInt = fileOtpuskVSet: null

09-12-2024T07:46:48 - [TEST_STEP][PASSED] - typeOfData = typeOfDataMain + " Отпуск в сеть": null

09-12-2024T07:46:48 - [TEST_STEP][PASSED] - Script1718980020443.WriteToExcel(a, typeOfData, todaysDate, pageInt, fileInt, pageDouble, fileDouble, dZO): null

09-12-2024T07:46:48 - [TEST_STEP][PASSED] - sheetName = "Sheet1": null

09-12-2024T07:46:48 - [TEST_STEP][PASSED] - data = findTestData("PlanFact"): null

09-12-2024T07:46:48 - [TEST_STEP][PASSED] - n = data.getRowNumbers() + 1: null

09-12-2024T07:46:48 - [TEST_STEP][PASSED] - year = todaysDate.substring(todaysDate.length() - 4, todaysDate.length()): null

09-12-2024T07:46:48 - [TEST_STEP][PASSED] - y = year.toInteger(): null

09-12-2024T07:46:48 - [TEST_STEP][PASSED] - m = getText(findTestObject("Выполнение бизнес-плана/Период")): Text of object 'Object Repository/Выполнение бизнес-плана/Период' is: '1, 2, 3 кв., Октябрь 2024 года'

09-12-2024T07:46:48 - [MESSAGE][PASSED] - Text of object 'Object Repository/Выполнение бизнес-плана/Период' is: '1, 2, 3 кв., Октябрь 2024 года'

09-12-2024T07:46:48 - [TEST_STEP][PASSED] - m = m.substring(0, m.indexOf("2024")): null

09-12-2024T07:46:48 - [TEST_STEP][PASSED] - m = m.trim(): null

09-12-2024T07:46:48 - [TEST_STEP][PASSED] - dashboardName = "Выполнение бизнес-плана": null

09-12-2024T07:46:48 - [TEST_STEP][PASSED] - workbook01 = getWorkbook(excelFilePath): null

09-12-2024T07:46:48 - [TEST_STEP][PASSED] - sheet01 = getExcelSheet(workbook01, sheetName): null

09-12-2024T07:46:48 - [TEST_STEP][PASSED] - setValueToCellByIndex(sheet01, n, 0, dashboardName): null

09-12-2024T07:46:48 - [TEST_STEP][PASSED] - setValueToCellByIndex(sheet01, n, 1, dZO): null

09-12-2024T07:46:48 - [TEST_STEP][PASSED] - setValueToCellByIndex(sheet01, n, 2, typeOfData): null

09-12-2024T07:46:48 - [TEST_STEP][PASSED] - if (typeOfData == "Факт в процентах" || typeOfData == "План в процентах"): null

09-12-2024T07:46:48 - [TEST_STEP][PASSED] - else: null

09-12-2024T07:46:48 - [TEST_STEP][PASSED] - setValueToCellByIndex(sheet01, n, 3, fileInt): null

09-12-2024T07:46:48 - [TEST_STEP][PASSED] - setValueToCellByIndex(sheet01, n, 4, pageInt): null

09-12-2024T07:46:48 - [TEST_STEP][PASSED] - setValueToCellByIndex(sheet01, n, 5, m): null

09-12-2024T07:46:48 - [TEST_STEP][PASSED] - setValueToCellByIndex(sheet01, n, 6, y): null

09-12-2024T07:46:48 - [TEST_STEP][PASSED] - setValueToCellByIndex(sheet01, n, 7, todaysDate): null

09-12-2024T07:46:48 - [TEST_STEP][PASSED] - n = n + 1: null

09-12-2024T07:46:48 - [TEST_STEP][PASSED] - saveWorkbook(excelFilePath, workbook01): null

09-12-2024T07:46:48 - [TEST_STEP][PASSED] - compare = pagePoteri: null

09-12-2024T07:46:48 - [TEST_STEP][PASSED] - if (compare == filePoteri): null

09-12-2024T07:46:48 - [TEST_STEP][PASSED] - else if (compare > filePoteri): null

09-12-2024T07:46:48 - [TEST_STEP][PASSED] - else if (compare < filePoteri): null

09-12-2024T07:46:48 - [TEST_STEP][PASSED] - compare = compare + 1: null

09-12-2024T07:46:48 - [TEST_STEP][PASSED] - if (compare == filePoteri): null

09-12-2024T07:46:48 - [TEST_STEP][PASSED] - else: null

09-12-2024T07:46:48 - [TEST_STEP][PASSED] - numberOfErrors = numberOfErrors + 1: null

09-12-2024T07:46:48 - [TEST_STEP][PASSED] - pageInt = pagePoteri: null

09-12-2024T07:46:48 - [TEST_STEP][PASSED] - fileInt = filePoteri: null

09-12-2024T07:46:48 - [TEST_STEP][PASSED] - typeOfData = typeOfDataMain + " Потери": null

09-12-2024T07:46:48 - [TEST_STEP][PASSED] - Script1718980020443.WriteToExcel(a, typeOfData, todaysDate, pageInt, fileInt, pageDouble, fileDouble, dZO): null

09-12-2024T07:46:48 - [TEST_STEP][PASSED] - sheetName = "Sheet1": null

09-12-2024T07:46:48 - [TEST_STEP][PASSED] - data = findTestData("PlanFact"): null

09-12-2024T07:46:48 - [TEST_STEP][PASSED] - n = data.getRowNumbers() + 1: null

09-12-2024T07:46:48 - [TEST_STEP][PASSED] - year = todaysDate.substring(todaysDate.length() - 4, todaysDate.length()): null

09-12-2024T07:46:48 - [TEST_STEP][PASSED] - y = year.toInteger(): null

09-12-2024T07:46:48 - [TEST_STEP][PASSED] - m = getText(findTestObject("Выполнение бизнес-плана/Период")): Text of object 'Object Repository/Выполнение бизнес-плана/Период' is: '1, 2, 3 кв., Октябрь 2024 года'

09-12-2024T07:46:49 - [MESSAGE][PASSED] - Text of object 'Object Repository/Выполнение бизнес-плана/Период' is: '1, 2, 3 кв., Октябрь 2024 года'

09-12-2024T07:46:49 - [TEST_STEP][PASSED] - m = m.substring(0, m.indexOf("2024")): null

09-12-2024T07:46:49 - [TEST_STEP][PASSED] - m = m.trim(): null

09-12-2024T07:46:49 - [TEST_STEP][PASSED] - dashboardName = "Выполнение бизнес-плана": null

09-12-2024T07:46:49 - [TEST_STEP][PASSED] - workbook01 = getWorkbook(excelFilePath): null

09-12-2024T07:46:49 - [TEST_STEP][PASSED] - sheet01 = getExcelSheet(workbook01, sheetName): null

09-12-2024T07:46:49 - [TEST_STEP][PASSED] - setValueToCellByIndex(sheet01, n, 0, dashboardName): null

09-12-2024T07:46:49 - [TEST_STEP][PASSED] - setValueToCellByIndex(sheet01, n, 1, dZO): null

09-12-2024T07:46:49 - [TEST_STEP][PASSED] - setValueToCellByIndex(sheet01, n, 2, typeOfData): null

09-12-2024T07:46:49 - [TEST_STEP][PASSED] - if (typeOfData == "Факт в процентах" || typeOfData == "План в процентах"): null

09-12-2024T07:46:49 - [TEST_STEP][PASSED] - else: null

09-12-2024T07:46:49 - [TEST_STEP][PASSED] - setValueToCellByIndex(sheet01, n, 3, fileInt): null

09-12-2024T07:46:49 - [TEST_STEP][PASSED] - setValueToCellByIndex(sheet01, n, 4, pageInt): null

09-12-2024T07:46:49 - [TEST_STEP][PASSED] - setValueToCellByIndex(sheet01, n, 5, m): null

09-12-2024T07:46:49 - [TEST_STEP][PASSED] - setValueToCellByIndex(sheet01, n, 6, y): null

09-12-2024T07:46:49 - [TEST_STEP][PASSED] - setValueToCellByIndex(sheet01, n, 7, todaysDate): null

09-12-2024T07:46:49 - [TEST_STEP][PASSED] - n = n + 1: null

09-12-2024T07:46:49 - [TEST_STEP][PASSED] - saveWorkbook(excelFilePath, workbook01): null

09-12-2024T07:46:49 - [TEST_STEP][PASSED] - if (planFact == 2): null

09-12-2024T07:46:49 - [TEST_STEP][PASSED] - if (planFact == 1): null

09-12-2024T07:46:49 - [TEST_STEP][PASSED] - else if (planFact == 2): null

09-12-2024T07:46:49 - [TEST_STEP][PASSED] - click(findTestObject("Выполнение бизнес-плана/Кнопка План")): Object: 'Object Repository/Выполнение бизнес-плана/Кнопка План' is clicked on

09-12-2024T07:46:49 - [MESSAGE][PASSED] - Object: 'Object Repository/Выполнение бизнес-плана/Кнопка План' is clicked on

09-12-2024T07:46:49 - [TEST_STEP][PASSED] - typeOfDataMain = "План": null

09-12-2024T07:46:49 - [TEST_STEP][PASSED] - otpusk = findTestData("PlanFact").getValue(2, a): null

09-12-2024T07:46:50 - [TEST_STEP][PASSED] - poteri = findTestData("PlanFact").getValue(3, a): null

09-12-2024T07:46:50 - [TEST_STEP][PASSED] - otpusk = otpusk.replaceAll("\s+", ""): null

09-12-2024T07:46:50 - [TEST_STEP][PASSED] - poteri = poteri.replaceAll("\s+", ""): null

09-12-2024T07:46:50 - [TEST_STEP][PASSED] - typeOfData = typeOfDataMain + " Отпуск в сеть": null

09-12-2024T07:46:50 - [TEST_STEP][PASSED] - if (a == 82): null

09-12-2024T07:46:50 - [TEST_STEP][PASSED] - path = dataFolder + typeOfData + " за отчётный период " + "РаспредКомплекс": null

09-12-2024T07:46:50 - [TEST_STEP][PASSED] - println(path): null

09-12-2024T07:46:50 - [TEST_STEP][PASSED] - page = getText(findTestObject(path)): Text of object 'Object Repository/Выполнение бизнес-плана/Значения со страницы Выполнение бизнес-плана/План Отпуск в сеть за отчётный период РаспредКомплекс' is: '206 707 707'

09-12-2024T07:46:50 - [MESSAGE][PASSED] - Text of object 'Object Repository/Выполнение бизнес-плана/Значения со страницы Выполнение бизнес-плана/План Отпуск в сеть за отчётный период РаспредКомплекс' is: '206 707 707'

09-12-2024T07:46:50 - [TEST_STEP][PASSED] - page = page.replaceAll("\s+", ""): null

09-12-2024T07:46:50 - [TEST_STEP][PASSED] - fileOtpuskVSet = otpusk.toInteger(): null

09-12-2024T07:46:50 - [TEST_STEP][PASSED] - pageOtpuskVSet = page.toInteger(): null

09-12-2024T07:46:50 - [TEST_STEP][PASSED] - typeOfData = typeOfDataMain + " Потери": null

09-12-2024T07:46:50 - [TEST_STEP][PASSED] - if (a == 82): null

09-12-2024T07:46:50 - [TEST_STEP][PASSED] - path = dataFolder + typeOfData + " за отчётный период " + "РаспредКомплекс": null

09-12-2024T07:46:50 - [TEST_STEP][PASSED] - page = getText(findTestObject(path)): Text of object 'Object Repository/Выполнение бизнес-плана/Значения со страницы Выполнение бизнес-плана/План Потери за отчётный период РаспредКомплекс' is: '17 571 909'

09-12-2024T07:46:50 - [MESSAGE][PASSED] - Text of object 'Object Repository/Выполнение бизнес-плана/Значения со страницы Выполнение бизнес-плана/План Потери за отчётный период РаспредКомплекс' is: '17 571 909'

09-12-2024T07:46:50 - [TEST_STEP][PASSED] - page = page.replaceAll("\s+", ""): null

09-12-2024T07:46:50 - [TEST_STEP][PASSED] - filePoteri = poteri.toInteger(): null

09-12-2024T07:46:50 - [TEST_STEP][PASSED] - pagePoteri = page.toInteger(): null

09-12-2024T07:46:50 - [TEST_STEP][PASSED] - compare = pageOtpuskVSet: null

09-12-2024T07:46:50 - [TEST_STEP][PASSED] - if (compare == fileOtpuskVSet): null

09-12-2024T07:46:50 - [TEST_STEP][PASSED] - else if (compare > fileOtpuskVSet): null

09-12-2024T07:46:50 - [TEST_STEP][PASSED] - else if (compare < fileOtpuskVSet): null

09-12-2024T07:46:50 - [TEST_STEP][PASSED] - compare = compare + 1: null

09-12-2024T07:46:50 - [TEST_STEP][PASSED] - if (compare == fileOtpuskVSet): null

09-12-2024T07:46:50 - [TEST_STEP][PASSED] - else: null

09-12-2024T07:46:50 - [TEST_STEP][PASSED] - numberOfErrors = numberOfErrors + 1: null

09-12-2024T07:46:50 - [TEST_STEP][PASSED] - pageInt = pageOtpuskVSet: null

09-12-2024T07:46:50 - [TEST_STEP][PASSED] - fileInt = fileOtpuskVSet: null

09-12-2024T07:46:50 - [TEST_STEP][PASSED] - typeOfData = typeOfDataMain + " Отпуск в сеть": null

09-12-2024T07:46:50 - [TEST_STEP][PASSED] - Script1718980020443.WriteToExcel(a, typeOfData, todaysDate, pageInt, fileInt, pageDouble, fileDouble, dZO): null

09-12-2024T07:46:50 - [TEST_STEP][PASSED] - sheetName = "Sheet1": null

09-12-2024T07:46:50 - [TEST_STEP][PASSED] - data = findTestData("PlanFact"): null

09-12-2024T07:46:50 - [TEST_STEP][PASSED] - n = data.getRowNumbers() + 1: null

09-12-2024T07:46:50 - [TEST_STEP][PASSED] - year = todaysDate.substring(todaysDate.length() - 4, todaysDate.length()): null

09-12-2024T07:46:50 - [TEST_STEP][PASSED] - y = year.toInteger(): null

09-12-2024T07:46:50 - [TEST_STEP][PASSED] - m = getText(findTestObject("Выполнение бизнес-плана/Период")): Text of object 'Object Repository/Выполнение бизнес-плана/Период' is: '1, 2, 3 кв., Октябрь 2024 года'

09-12-2024T07:46:51 - [MESSAGE][PASSED] - Text of object 'Object Repository/Выполнение бизнес-плана/Период' is: '1, 2, 3 кв., Октябрь 2024 года'

09-12-2024T07:46:51 - [TEST_STEP][PASSED] - m = m.substring(0, m.indexOf("2024")): null

09-12-2024T07:46:51 - [TEST_STEP][PASSED] - m = m.trim(): null

09-12-2024T07:46:51 - [TEST_STEP][PASSED] - dashboardName = "Выполнение бизнес-плана": null

09-12-2024T07:46:51 - [TEST_STEP][PASSED] - workbook01 = getWorkbook(excelFilePath): null

09-12-2024T07:46:51 - [TEST_STEP][PASSED] - sheet01 = getExcelSheet(workbook01, sheetName): null

09-12-2024T07:46:51 - [TEST_STEP][PASSED] - setValueToCellByIndex(sheet01, n, 0, dashboardName): null

09-12-2024T07:46:51 - [TEST_STEP][PASSED] - setValueToCellByIndex(sheet01, n, 1, dZO): null

09-12-2024T07:46:51 - [TEST_STEP][PASSED] - setValueToCellByIndex(sheet01, n, 2, typeOfData): null

09-12-2024T07:46:51 - [TEST_STEP][PASSED] - if (typeOfData == "Факт в процентах" || typeOfData == "План в процентах"): null

09-12-2024T07:46:51 - [TEST_STEP][PASSED] - else: null

09-12-2024T07:46:51 - [TEST_STEP][PASSED] - setValueToCellByIndex(sheet01, n, 3, fileInt): null

09-12-2024T07:46:51 - [TEST_STEP][PASSED] - setValueToCellByIndex(sheet01, n, 4, pageInt): null

09-12-2024T07:46:51 - [TEST_STEP][PASSED] - setValueToCellByIndex(sheet01, n, 5, m): null

09-12-2024T07:46:51 - [TEST_STEP][PASSED] - setValueToCellByIndex(sheet01, n, 6, y): null

09-12-2024T07:46:51 - [TEST_STEP][PASSED] - setValueToCellByIndex(sheet01, n, 7, todaysDate): null

09-12-2024T07:46:51 - [TEST_STEP][PASSED] - n = n + 1: null

09-12-2024T07:46:51 - [TEST_STEP][PASSED] - saveWorkbook(excelFilePath, workbook01): null

09-12-2024T07:46:51 - [TEST_STEP][PASSED] - compare = pagePoteri: null

09-12-2024T07:46:51 - [TEST_STEP][PASSED] - if (compare == filePoteri): null

09-12-2024T07:46:51 - [TEST_STEP][PASSED] - else if (compare > filePoteri): null

09-12-2024T07:46:51 - [TEST_STEP][PASSED] - else if (compare < filePoteri): null

09-12-2024T07:46:51 - [TEST_STEP][PASSED] - compare = compare + 1: null

09-12-2024T07:46:51 - [TEST_STEP][PASSED] - if (compare == filePoteri): null

09-12-2024T07:46:51 - [TEST_STEP][PASSED] - else: null

09-12-2024T07:46:51 - [TEST_STEP][PASSED] - numberOfErrors = numberOfErrors + 1: null

09-12-2024T07:46:51 - [TEST_STEP][PASSED] - pageInt = pagePoteri: null

09-12-2024T07:46:51 - [TEST_STEP][PASSED] - fileInt = filePoteri: null

09-12-2024T07:46:51 - [TEST_STEP][PASSED] - typeOfData = typeOfDataMain + " Потери": null

09-12-2024T07:46:51 - [TEST_STEP][PASSED] - Script1718980020443.WriteToExcel(a, typeOfData, todaysDate, pageInt, fileInt, pageDouble, fileDouble, dZO): null

09-12-2024T07:46:51 - [TEST_STEP][PASSED] - sheetName = "Sheet1": null

09-12-2024T07:46:51 - [TEST_STEP][PASSED] - data = findTestData("PlanFact"): null

09-12-2024T07:46:51 - [TEST_STEP][PASSED] - n = data.getRowNumbers() + 1: null

09-12-2024T07:46:51 - [TEST_STEP][PASSED] - year = todaysDate.substring(todaysDate.length() - 4, todaysDate.length()): null

09-12-2024T07:46:51 - [TEST_STEP][PASSED] - y = year.toInteger(): null

09-12-2024T07:46:51 - [TEST_STEP][PASSED] - m = getText(findTestObject("Выполнение бизнес-плана/Период")): Text of object 'Object Repository/Выполнение бизнес-плана/Период' is: '1, 2, 3 кв., Октябрь 2024 года'

09-12-2024T07:46:51 - [MESSAGE][PASSED] - Text of object 'Object Repository/Выполнение бизнес-плана/Период' is: '1, 2, 3 кв., Октябрь 2024 года'

09-12-2024T07:46:51 - [TEST_STEP][PASSED] - m = m.substring(0, m.indexOf("2024")): null

09-12-2024T07:46:51 - [TEST_STEP][PASSED] - m = m.trim(): null

09-12-2024T07:46:51 - [TEST_STEP][PASSED] - dashboardName = "Выполнение бизнес-плана": null

09-12-2024T07:46:51 - [TEST_STEP][PASSED] - workbook01 = getWorkbook(excelFilePath): null

09-12-2024T07:46:51 - [TEST_STEP][PASSED] - sheet01 = getExcelSheet(workbook01, sheetName): null

09-12-2024T07:46:51 - [TEST_STEP][PASSED] - setValueToCellByIndex(sheet01, n, 0, dashboardName): null

09-12-2024T07:46:51 - [TEST_STEP][PASSED] - setValueToCellByIndex(sheet01, n, 1, dZO): null

09-12-2024T07:46:51 - [TEST_STEP][PASSED] - setValueToCellByIndex(sheet01, n, 2, typeOfData): null

09-12-2024T07:46:51 - [TEST_STEP][PASSED] - if (typeOfData == "Факт в процентах" || typeOfData == "План в процентах"): null

09-12-2024T07:46:51 - [TEST_STEP][PASSED] - else: null

09-12-2024T07:46:51 - [TEST_STEP][PASSED] - setValueToCellByIndex(sheet01, n, 3, fileInt): null

09-12-2024T07:46:51 - [TEST_STEP][PASSED] - setValueToCellByIndex(sheet01, n, 4, pageInt): null

09-12-2024T07:46:51 - [TEST_STEP][PASSED] - setValueToCellByIndex(sheet01, n, 5, m): null

09-12-2024T07:46:51 - [TEST_STEP][PASSED] - setValueToCellByIndex(sheet01, n, 6, y): null

09-12-2024T07:46:51 - [TEST_STEP][PASSED] - setValueToCellByIndex(sheet01, n, 7, todaysDate): null

09-12-2024T07:46:51 - [TEST_STEP][PASSED] - n = n + 1: null

09-12-2024T07:46:51 - [TEST_STEP][PASSED] - saveWorkbook(excelFilePath, workbook01): Object: 'Object Repository/Выполнение бизнес-плана/Кнопка Факт' is clicked on

09-12-2024T07:46:51 - [TEST_STEP][PASSED] - if (planFact == 2): Object: 'Object Repository/Выполнение бизнес-плана/Кнопка Факт' is clicked on

09-12-2024T07:46:51 - [TEST_STEP][PASSED] - click(findTestObject("Выполнение бизнес-плана/Кнопка Факт")): Object: 'Object Repository/Выполнение бизнес-плана/Кнопка Факт' is clicked on

09-12-2024T07:46:52 - [MESSAGE][PASSED] - Object: 'Object Repository/Выполнение бизнес-плана/Кнопка Факт' is clicked on

09-12-2024T07:46:52 - [TEST_STEP][PASSED] - if (a == 84 || a == 82): null

09-12-2024T07:46:52 - [TEST_STEP][PASSED] - page = getText(findTestObject("Выполнение бизнес-плана/textPlanFact")): Text of object 'Object Repository/Выполнение бизнес-плана/textPlanFact' is: '%
8.50 8.50
8.84 8.84
План
Факт
1
100'

09-12-2024T07:46:52 - [MESSAGE][PASSED] - Text of object 'Object Repository/Выполнение бизнес-плана/textPlanFact' is: '%
8.50 8.50
8.84 8.84
План
Факт
1
100'

09-12-2024T07:46:52 - [TEST_STEP][PASSED] - page = page.replaceAll("\n", "_"): null

09-12-2024T07:46:52 - [TEST_STEP][PASSED] - page = page.substring(page.indexOf("_") + 1, page.length()): null

09-12-2024T07:46:52 - [TEST_STEP][PASSED] - page1 = page.substring(0, page.indexOf("_")): null

09-12-2024T07:46:52 - [TEST_STEP][PASSED] - page1 = page.substring(0, page.indexOf(" ")): null

09-12-2024T07:46:52 - [TEST_STEP][PASSED] - page2 = page.substring(page.indexOf("_") + 1, page.length()): null

09-12-2024T07:46:52 - [TEST_STEP][PASSED] - page2 = page2.substring(0, page.indexOf("_")): null

09-12-2024T07:46:52 - [TEST_STEP][PASSED] - page2 = page2.substring(0, page.indexOf(" ")): null

09-12-2024T07:46:52 - [TEST_STEP][PASSED] - println("page1: " + page1): null

09-12-2024T07:46:52 - [TEST_STEP][PASSED] - println("page2: " + page2): null

09-12-2024T07:46:52 - [TEST_STEP][PASSED] - file = findTestData("PlanFact").getValue(4, a): null

09-12-2024T07:46:52 - [TEST_STEP][PASSED] - file = file.replace(",", "."): null

09-12-2024T07:46:52 - [TEST_STEP][PASSED] - println("file Plan: " + file): null

09-12-2024T07:46:52 - [TEST_STEP][PASSED] - typeOfData = "План в процентах": null

09-12-2024T07:46:52 - [TEST_STEP][PASSED] - fileDouble = file.toDouble(): null

09-12-2024T07:46:52 - [TEST_STEP][PASSED] - pageDouble = page1.toDouble(): null

09-12-2024T07:46:52 - [TEST_STEP][PASSED] - if (fileDouble != pageDouble): null

09-12-2024T07:46:52 - [TEST_STEP][PASSED] - numberOfErrors = numberOfErrors + 1: null

09-12-2024T07:46:52 - [TEST_STEP][PASSED] - Script1718980020443.WriteToExcel(a, typeOfData, todaysDate, pageInt, fileInt, pageDouble, fileDouble, dZO): null

09-12-2024T07:46:52 - [TEST_STEP][PASSED] - sheetName = "Sheet1": null

09-12-2024T07:46:52 - [TEST_STEP][PASSED] - data = findTestData("PlanFact"): null

09-12-2024T07:46:52 - [TEST_STEP][PASSED] - n = data.getRowNumbers() + 1: null

09-12-2024T07:46:52 - [TEST_STEP][PASSED] - year = todaysDate.substring(todaysDate.length() - 4, todaysDate.length()): null

09-12-2024T07:46:52 - [TEST_STEP][PASSED] - y = year.toInteger(): null

09-12-2024T07:46:52 - [TEST_STEP][PASSED] - m = getText(findTestObject("Выполнение бизнес-плана/Период")): Text of object 'Object Repository/Выполнение бизнес-плана/Период' is: '1, 2, 3 кв., Октябрь 2024 года'

09-12-2024T07:46:53 - [MESSAGE][PASSED] - Text of object 'Object Repository/Выполнение бизнес-плана/Период' is: '1, 2, 3 кв., Октябрь 2024 года'

09-12-2024T07:46:53 - [TEST_STEP][PASSED] - m = m.substring(0, m.indexOf("2024")): null

09-12-2024T07:46:53 - [TEST_STEP][PASSED] - m = m.trim(): null

09-12-2024T07:46:53 - [TEST_STEP][PASSED] - dashboardName = "Выполнение бизнес-плана": null

09-12-2024T07:46:53 - [TEST_STEP][PASSED] - workbook01 = getWorkbook(excelFilePath): null

09-12-2024T07:46:53 - [TEST_STEP][PASSED] - sheet01 = getExcelSheet(workbook01, sheetName): null

09-12-2024T07:46:53 - [TEST_STEP][PASSED] - setValueToCellByIndex(sheet01, n, 0, dashboardName): null

09-12-2024T07:46:53 - [TEST_STEP][PASSED] - setValueToCellByIndex(sheet01, n, 1, dZO): null

09-12-2024T07:46:53 - [TEST_STEP][PASSED] - setValueToCellByIndex(sheet01, n, 2, typeOfData): null

09-12-2024T07:46:53 - [TEST_STEP][PASSED] - if (typeOfData == "Факт в процентах" || typeOfData == "План в процентах"): null

09-12-2024T07:46:53 - [TEST_STEP][PASSED] - setValueToCellByIndex(sheet01, n, 3, fileDouble): null

09-12-2024T07:46:53 - [TEST_STEP][PASSED] - setValueToCellByIndex(sheet01, n, 4, pageDouble): null

09-12-2024T07:46:53 - [TEST_STEP][PASSED] - setValueToCellByIndex(sheet01, n, 5, m): null

09-12-2024T07:46:53 - [TEST_STEP][PASSED] - setValueToCellByIndex(sheet01, n, 6, y): null

09-12-2024T07:46:53 - [TEST_STEP][PASSED] - setValueToCellByIndex(sheet01, n, 7, todaysDate): null

09-12-2024T07:46:53 - [TEST_STEP][PASSED] - n = n + 1: null

09-12-2024T07:46:53 - [TEST_STEP][PASSED] - saveWorkbook(excelFilePath, workbook01): null

09-12-2024T07:46:53 - [TEST_STEP][PASSED] - file = findTestData("PlanFact").getValue(7, a): null

09-12-2024T07:46:53 - [TEST_STEP][PASSED] - file = file.replace(",", "."): null

09-12-2024T07:46:53 - [TEST_STEP][PASSED] - println("file Fact: " + file): null

09-12-2024T07:46:53 - [TEST_STEP][PASSED] - fileDouble = file.toDouble(): null

09-12-2024T07:46:53 - [TEST_STEP][PASSED] - typeOfData = "Факт в процентах": null

09-12-2024T07:46:53 - [TEST_STEP][PASSED] - fileDouble = file.toDouble(): null

09-12-2024T07:46:53 - [TEST_STEP][PASSED] - pageDouble = page2.toDouble(): null

09-12-2024T07:46:53 - [TEST_STEP][PASSED] - if (fileDouble != pageDouble): null

09-12-2024T07:46:53 - [TEST_STEP][PASSED] - numberOfErrors = numberOfErrors + 1: null

09-12-2024T07:46:53 - [TEST_STEP][PASSED] - Script1718980020443.WriteToExcel(a, typeOfData, todaysDate, pageInt, fileInt, pageDouble, fileDouble, dZO): null

09-12-2024T07:46:53 - [TEST_STEP][PASSED] - sheetName = "Sheet1": null

09-12-2024T07:46:53 - [TEST_STEP][PASSED] - data = findTestData("PlanFact"): null

09-12-2024T07:46:53 - [TEST_STEP][PASSED] - n = data.getRowNumbers() + 1: null

09-12-2024T07:46:53 - [TEST_STEP][PASSED] - year = todaysDate.substring(todaysDate.length() - 4, todaysDate.length()): null

09-12-2024T07:46:53 - [TEST_STEP][PASSED] - y = year.toInteger(): null

09-12-2024T07:46:53 - [TEST_STEP][PASSED] - m = getText(findTestObject("Выполнение бизнес-плана/Период")): Text of object 'Object Repository/Выполнение бизнес-плана/Период' is: '1, 2, 3 кв., Октябрь 2024 года'

09-12-2024T07:46:53 - [MESSAGE][PASSED] - Text of object 'Object Repository/Выполнение бизнес-плана/Период' is: '1, 2, 3 кв., Октябрь 2024 года'

09-12-2024T07:46:53 - [TEST_STEP][PASSED] - m = m.substring(0, m.indexOf("2024")): null

09-12-2024T07:46:53 - [TEST_STEP][PASSED] - m = m.trim(): null

09-12-2024T07:46:53 - [TEST_STEP][PASSED] - dashboardName = "Выполнение бизнес-плана": null

09-12-2024T07:46:53 - [TEST_STEP][PASSED] - workbook01 = getWorkbook(excelFilePath): null

09-12-2024T07:46:53 - [TEST_STEP][PASSED] - sheet01 = getExcelSheet(workbook01, sheetName): null

09-12-2024T07:46:53 - [TEST_STEP][PASSED] - setValueToCellByIndex(sheet01, n, 0, dashboardName): null

09-12-2024T07:46:53 - [TEST_STEP][PASSED] - setValueToCellByIndex(sheet01, n, 1, dZO): null

09-12-2024T07:46:53 - [TEST_STEP][PASSED] - setValueToCellByIndex(sheet01, n, 2, typeOfData): null

09-12-2024T07:46:53 - [TEST_STEP][PASSED] - if (typeOfData == "Факт в процентах" || typeOfData == "План в процентах"): null

09-12-2024T07:46:53 - [TEST_STEP][PASSED] - setValueToCellByIndex(sheet01, n, 3, fileDouble): null

09-12-2024T07:46:53 - [TEST_STEP][PASSED] - setValueToCellByIndex(sheet01, n, 4, pageDouble): null

09-12-2024T07:46:53 - [TEST_STEP][PASSED] - setValueToCellByIndex(sheet01, n, 5, m): null

09-12-2024T07:46:53 - [TEST_STEP][PASSED] - setValueToCellByIndex(sheet01, n, 6, y): null

09-12-2024T07:46:53 - [TEST_STEP][PASSED] - setValueToCellByIndex(sheet01, n, 7, todaysDate): null

09-12-2024T07:46:53 - [TEST_STEP][PASSED] - n = n + 1: null

09-12-2024T07:46:53 - [TEST_STEP][PASSED] - saveWorkbook(excelFilePath, workbook01): null

09-12-2024T07:46:54 - [TEST_STEP][FAILED] - if (verifyEqual(numberOfErrors, 0) == false): null

09-12-2024T07:46:54 - [MESSAGE][FAILED] - Unable to verify equal between actual object '6' and expected object '0' (Root cause: com.kms.katalon.core.exception.StepFailedException: Actual object '6' and expected object '0' are not equal
	at com.kms.katalon.core.keyword.builtin.VerifyEqualKeyword$_verifyEqual_closure1.doCall(VerifyEqualKeyword.groovy:58)
	at com.kms.katalon.core.keyword.builtin.VerifyEqualKeyword$_verifyEqual_closure1.call(VerifyEqualKeyword.groovy)
	at com.kms.katalon.core.keyword.internal.KeywordMain.runKeyword(KeywordMain.groovy:75)
	at com.kms.katalon.core.keyword.builtin.VerifyEqualKeyword.verifyEqual(VerifyEqualKeyword.groovy:63)
	at com.kms.katalon.core.keyword.builtin.VerifyEqualKeyword.execute(VerifyEqualKeyword.groovy:44)
	at com.kms.katalon.core.keyword.internal.KeywordExecutor.executeKeywordForPlatform(KeywordExecutor.groovy:74)
	at com.kms.katalon.core.keyword.BuiltinKeywords.verifyEqual(BuiltinKeywords.groovy:146)
	at java.base/jdk.internal.reflect.NativeMethodAccessorImpl.invoke0(Native Method)
	at java.base/jdk.internal.reflect.NativeMethodAccessorImpl.invoke(NativeMethodAccessorImpl.java:77)
	at java.base/jdk.internal.reflect.DelegatingMethodAccessorImpl.invoke(DelegatingMethodAccessorImpl.java:43)
	at Выполнение бизнес-плана Сверка ПАО Россети все филиалы.Numbers(Выполнение бизнес-плана Сверка ПАО Россети все филиалы:752)
	at Выполнение бизнес-плана Сверка ПАО Россети все филиалы.run(Выполнение бизнес-плана Сверка ПАО Россети все филиалы:223)
	at com.kms.katalon.core.main.ScriptEngine.run(ScriptEngine.java:194)
	at com.kms.katalon.core.main.ScriptEngine.runScriptAsRawText(ScriptEngine.java:119)
	at com.kms.katalon.core.main.TestCaseExecutor.runScript(TestCaseExecutor.java:448)
	at com.kms.katalon.core.main.TestCaseExecutor.doExecute(TestCaseExecutor.java:439)
	at com.kms.katalon.core.main.TestCaseExecutor.processExecutionPhase(TestCaseExecutor.java:418)
	at com.kms.katalon.core.main.TestCaseExecutor.accessMainPhase(TestCaseExecutor.java:410)
	at com.kms.katalon.core.main.TestCaseExecutor.execute(TestCaseExecutor.java:285)
	at com.kms.katalon.core.common.CommonExecutor.accessTestCaseMainPhase(CommonExecutor.java:65)
	at com.kms.katalon.core.main.TestSuiteExecutor.accessTestSuiteMainPhase(TestSuiteExecutor.java:150)
	at com.kms.katalon.core.main.TestSuiteExecutor.execute(TestSuiteExecutor.java:106)
	at com.kms.katalon.core.main.TestCaseMain.startTestSuite(TestCaseMain.java:180)
	at TempTestSuite1733719229947.run(TempTestSuite1733719229947.groovy:35)
	at java.base/jdk.internal.reflect.NativeMethodAccessorImpl.invoke0(Native Method)
	at java.base/jdk.internal.reflect.NativeMethodAccessorImpl.invoke(NativeMethodAccessorImpl.java:77)
	at java.base/jdk.internal.reflect.DelegatingMethodAccessorImpl.invoke(DelegatingMethodAccessorImpl.java:43)
)

09-12-2024T07:46:54 - [TEST_STEP][PASSED] - println(numberOfErrors): null

09-12-2024T07:46:54 - [TEST_STEP][PASSED] - if (a == 28 || a == 77 || a == 74 || a == 65 || a == 36 || a == 44 || a == 54 || a == 1 || a == 18 || a == 59): null

09-12-2024T07:46:54 - [TEST_STEP][PASSED] - if (a == 82): null

09-12-2024T07:46:54 - [TEST_STEP][PASSED] - Script1718980020443.OpenFilter(): null

09-12-2024T07:46:54 - [TEST_STEP][PASSED] - click(findTestObject("Object Repository/Выполнение бизнес-плана/Фильтр ДЗО")): Object: 'Object Repository/Выполнение бизнес-плана/Фильтр ДЗО' is clicked on

09-12-2024T07:46:54 - [MESSAGE][PASSED] - Object: 'Object Repository/Выполнение бизнес-плана/Фильтр ДЗО' is clicked on

09-12-2024T07:46:54 - [TEST_STEP][PASSED] - click(findTestObject("Выполнение бизнес-плана/Снять выделение в фильтре ДЗО")): null

09-12-2024T07:46:55 - [MESSAGE][PASSED] - Object: 'Object Repository/Выполнение бизнес-плана/Снять выделение в фильтре ДЗО' is clicked on

09-12-2024T07:46:55 - [TEST_STEP][PASSED] - Script1718980020443.CloseFilter(): null

09-12-2024T07:46:55 - [TEST_STEP][PASSED] - scrollToElement(findTestObject("Выполнение бизнес-плана/Заголовок дашборда"), 30): Scroll to object 'Object Repository/Выполнение бизнес-плана/Заголовок дашборда' successfully

09-12-2024T07:46:55 - [MESSAGE][PASSED] - Scroll to object 'Object Repository/Выполнение бизнес-плана/Заголовок дашборда' successfully

09-12-2024T07:46:55 - [TEST_STEP][PASSED] - click(findTestObject("Object Repository/Выполнение бизнес-плана/Применить в фильтре ДЗО")): null

09-12-2024T07:46:56 - [MESSAGE][PASSED] - Object: 'Object Repository/Выполнение бизнес-плана/Применить в фильтре ДЗО' is clicked on

09-12-2024T07:46:56 - [TEST_STEP][PASSED] - delay(20): Delayed 20 second(s)

09-12-2024T07:47:16 - [MESSAGE][PASSED] - Delayed 20 second(s)

09-12-2024T07:47:16 - [TEST_STEP][PASSED] - dZO = "АО «Тываэнерго»": null

09-12-2024T07:47:16 - [TEST_STEP][PASSED] - a = 52: null

09-12-2024T07:47:16 - [TEST_STEP][PASSED] - if (x1.contains(dZO)): null

09-12-2024T07:47:16 - [TEST_STEP][PASSED] - dzoNum = dzoNum + 1: null

09-12-2024T07:47:16 - [TEST_STEP][PASSED] - Script1718980020443.Numbers(a, typeOfData, todaysDate, pageInt, fileInt, pageDouble, fileDouble, dZO, dzoNum, filialNum): null

09-12-2024T07:47:16 - [TEST_STEP][PASSED] - println(dzoNum): null

09-12-2024T07:47:16 - [TEST_STEP][PASSED] - planFact = <not implemented yet for class: org.codehaus.groovy.ast.expr.EmptyExpression>: null

09-12-2024T07:47:16 - [TEST_STEP][PASSED] - page = <not implemented yet for class: org.codehaus.groovy.ast.expr.EmptyExpression>: null

09-12-2024T07:47:16 - [TEST_STEP][PASSED] - page1 = <not implemented yet for class: org.codehaus.groovy.ast.expr.EmptyExpression>: null

09-12-2024T07:47:16 - [TEST_STEP][PASSED] - page2 = <not implemented yet for class: org.codehaus.groovy.ast.expr.EmptyExpression>: null

09-12-2024T07:47:16 - [TEST_STEP][PASSED] - filialNumberInRow = <not implemented yet for class: org.codehaus.groovy.ast.expr.EmptyExpression>: null

09-12-2024T07:47:16 - [TEST_STEP][PASSED] - filialsDzoNames = <not implemented yet for class: org.codehaus.groovy.ast.expr.EmptyExpression>: null

09-12-2024T07:47:16 - [TEST_STEP][PASSED] - numberOfFilials = <not implemented yet for class: org.codehaus.groovy.ast.expr.EmptyExpression>: null

09-12-2024T07:47:16 - [TEST_STEP][PASSED] - numberOfSpaces = <not implemented yet for class: org.codehaus.groovy.ast.expr.EmptyExpression>: null

09-12-2024T07:47:16 - [TEST_STEP][PASSED] - file = <not implemented yet for class: org.codehaus.groovy.ast.expr.EmptyExpression>: null

09-12-2024T07:47:16 - [TEST_STEP][PASSED] - otpusk = <not implemented yet for class: org.codehaus.groovy.ast.expr.EmptyExpression>: null

09-12-2024T07:47:16 - [TEST_STEP][PASSED] - poteri = <not implemented yet for class: org.codehaus.groovy.ast.expr.EmptyExpression>: null

09-12-2024T07:47:16 - [TEST_STEP][PASSED] - dataFolder = "Выполнение бизнес-плана/Значения со страницы Выполнение бизнес-плана/": null

09-12-2024T07:47:16 - [TEST_STEP][PASSED] - path = <not implemented yet for class: org.codehaus.groovy.ast.expr.EmptyExpression>: null

09-12-2024T07:47:16 - [TEST_STEP][PASSED] - typeOfDataMain = <not implemented yet for class: org.codehaus.groovy.ast.expr.EmptyExpression>: null

09-12-2024T07:47:16 - [TEST_STEP][PASSED] - fileOtpuskVSet = <not implemented yet for class: org.codehaus.groovy.ast.expr.EmptyExpression>: null

09-12-2024T07:47:16 - [TEST_STEP][PASSED] - pageOtpuskVSet = <not implemented yet for class: org.codehaus.groovy.ast.expr.EmptyExpression>: null

09-12-2024T07:47:16 - [TEST_STEP][PASSED] - filePoteri = <not implemented yet for class: org.codehaus.groovy.ast.expr.EmptyExpression>: null

09-12-2024T07:47:16 - [TEST_STEP][PASSED] - pagePoteri = <not implemented yet for class: org.codehaus.groovy.ast.expr.EmptyExpression>: null

09-12-2024T07:47:16 - [TEST_STEP][PASSED] - compare = <not implemented yet for class: org.codehaus.groovy.ast.expr.EmptyExpression>: null

09-12-2024T07:47:16 - [TEST_STEP][PASSED] - b = <not implemented yet for class: org.codehaus.groovy.ast.expr.EmptyExpression>: null

09-12-2024T07:47:16 - [TEST_STEP][PASSED] - i = <not implemented yet for class: org.codehaus.groovy.ast.expr.EmptyExpression>: null

09-12-2024T07:47:16 - [TEST_STEP][PASSED] - ii = <not implemented yet for class: org.codehaus.groovy.ast.expr.EmptyExpression>: null

09-12-2024T07:47:16 - [TEST_STEP][PASSED] - c = <not implemented yet for class: org.codehaus.groovy.ast.expr.EmptyExpression>: null

09-12-2024T07:47:16 - [TEST_STEP][PASSED] - numberOfErrors = 0: null

09-12-2024T07:47:16 - [TEST_STEP][PASSED] - if (a == 82): null

09-12-2024T07:47:16 - [TEST_STEP][PASSED] - b = findTestData("PlanFact").getValue(1, a): null

09-12-2024T07:47:16 - [TEST_STEP][PASSED] - i = b.indexOf(" (ГК)"): null

09-12-2024T07:47:16 - [TEST_STEP][PASSED] - if (i > -1): null

09-12-2024T07:47:16 - [TEST_STEP][PASSED] - i = b.indexOf("О ""): null

09-12-2024T07:47:16 - [TEST_STEP][PASSED] - if (i > -1): null

09-12-2024T07:47:16 - [TEST_STEP][PASSED] - b = b.substring(i + 3, b.length()): null

09-12-2024T07:47:16 - [TEST_STEP][PASSED] - i = b.indexOf("""): null

09-12-2024T07:47:16 - [TEST_STEP][PASSED] - b = b.substring(0, i): null

09-12-2024T07:47:16 - [TEST_STEP][PASSED] - b = b.trim(): null

09-12-2024T07:47:16 - [TEST_STEP][PASSED] - i = b.indexOf("О «"): null

09-12-2024T07:47:16 - [TEST_STEP][PASSED] - if (i > -1): null

09-12-2024T07:47:16 - [TEST_STEP][PASSED] - i = b.indexOf("г. "): null

09-12-2024T07:47:16 - [TEST_STEP][PASSED] - if (i > -1): null

09-12-2024T07:47:16 - [TEST_STEP][PASSED] - println(b): null

09-12-2024T07:47:16 - [TEST_STEP][PASSED] - for ([planFact = 1, planFact < 3, (planFact++)]): Object: 'Object Repository/Выполнение бизнес-плана/Кнопка Факт' is clicked on

09-12-2024T07:47:16 - [TEST_STEP][PASSED] - if (planFact == 1): null

09-12-2024T07:47:16 - [TEST_STEP][PASSED] - typeOfDataMain = "Факт": null

09-12-2024T07:47:16 - [TEST_STEP][PASSED] - otpusk = findTestData("PlanFact").getValue(5, a): null

09-12-2024T07:47:16 - [TEST_STEP][PASSED] - poteri = findTestData("PlanFact").getValue(6, a): null

09-12-2024T07:47:16 - [TEST_STEP][PASSED] - otpusk = otpusk.replaceAll("\s+", ""): null

09-12-2024T07:47:16 - [TEST_STEP][PASSED] - poteri = poteri.replaceAll("\s+", ""): null

09-12-2024T07:47:16 - [TEST_STEP][PASSED] - typeOfData = typeOfDataMain + " Отпуск в сеть": null

09-12-2024T07:47:16 - [TEST_STEP][PASSED] - if (a == 82): null

09-12-2024T07:47:16 - [TEST_STEP][PASSED] - else if (a == 84): null

09-12-2024T07:47:16 - [TEST_STEP][PASSED] - else if (a == 52 || a == 72 || a == 28 || a == 73 || a == 77 || a == 74 || a == 65 || a == 36 || a == 44 || a == 53 || a == 80 || a == 54 || a == 1 || a == 18 || a == 59 || a == 81): null

09-12-2024T07:47:16 - [TEST_STEP][PASSED] - path = dataFolder + "Table Data/" + typeOfData + " за отчётный период " + dzoNum: null

09-12-2024T07:47:16 - [TEST_STEP][PASSED] - println(path): null

09-12-2024T07:47:16 - [TEST_STEP][PASSED] - page = getText(findTestObject(path)): Text of object 'Object Repository/Выполнение бизнес-плана/Значения со страницы Выполнение бизнес-плана/Table Data/Факт Отпуск в сеть за отчётный период 1' is: '642 168'

09-12-2024T07:47:24 - [MESSAGE][PASSED] - Text of object 'Object Repository/Выполнение бизнес-плана/Значения со страницы Выполнение бизнес-плана/Table Data/Факт Отпуск в сеть за отчётный период 1' is: '642 168'

09-12-2024T07:47:24 - [TEST_STEP][PASSED] - page = page.replaceAll("\s+", ""): null

09-12-2024T07:47:24 - [TEST_STEP][PASSED] - fileOtpuskVSet = otpusk.toInteger(): null

09-12-2024T07:47:24 - [TEST_STEP][PASSED] - pageOtpuskVSet = page.toInteger(): null

09-12-2024T07:47:24 - [TEST_STEP][PASSED] - typeOfData = typeOfDataMain + " Потери": null

09-12-2024T07:47:24 - [TEST_STEP][PASSED] - if (a == 82): null

09-12-2024T07:47:24 - [TEST_STEP][PASSED] - else if (a == 84): null

09-12-2024T07:47:24 - [TEST_STEP][PASSED] - else if (a == 52 || a == 72 || a == 28 || a == 73 || a == 77 || a == 74 || a == 65 || a == 36 || a == 44 || a == 53 || a == 80 || a == 54 || a == 1 || a == 18 || a == 59 || a == 81): null

09-12-2024T07:47:24 - [TEST_STEP][PASSED] - path = dataFolder + "Table Data/" + typeOfData + " за отчётный период " + dzoNum: null

09-12-2024T07:47:24 - [TEST_STEP][PASSED] - page = getText(findTestObject(path)): Text of object 'Object Repository/Выполнение бизнес-плана/Значения со страницы Выполнение бизнес-плана/Table Data/Факт Потери за отчётный период 1' is: '135 950'

09-12-2024T07:47:24 - [MESSAGE][PASSED] - Text of object 'Object Repository/Выполнение бизнес-плана/Значения со страницы Выполнение бизнес-плана/Table Data/Факт Потери за отчётный период 1' is: '135 950'

09-12-2024T07:47:24 - [TEST_STEP][PASSED] - page = page.replaceAll("\s+", ""): null

09-12-2024T07:47:24 - [TEST_STEP][PASSED] - filePoteri = poteri.toInteger(): null

09-12-2024T07:47:24 - [TEST_STEP][PASSED] - pagePoteri = page.toInteger(): null

09-12-2024T07:47:24 - [TEST_STEP][PASSED] - compare = pageOtpuskVSet: null

09-12-2024T07:47:24 - [TEST_STEP][PASSED] - if (compare == fileOtpuskVSet): null

09-12-2024T07:47:24 - [TEST_STEP][PASSED] - if (compare == fileOtpuskVSet): null

09-12-2024T07:47:24 - [TEST_STEP][PASSED] - compare = pagePoteri: null

09-12-2024T07:47:24 - [TEST_STEP][PASSED] - if (compare == filePoteri): null

09-12-2024T07:47:24 - [TEST_STEP][PASSED] - if (compare == filePoteri): null

09-12-2024T07:47:24 - [TEST_STEP][PASSED] - if (planFact == 2): null

09-12-2024T07:47:24 - [TEST_STEP][PASSED] - if (planFact == 1): null

09-12-2024T07:47:24 - [TEST_STEP][PASSED] - else if (planFact == 2): null

09-12-2024T07:47:24 - [TEST_STEP][PASSED] - click(findTestObject("Выполнение бизнес-плана/Кнопка План")): Object: 'Object Repository/Выполнение бизнес-плана/Кнопка План' is clicked on

09-12-2024T07:47:25 - [MESSAGE][PASSED] - Object: 'Object Repository/Выполнение бизнес-плана/Кнопка План' is clicked on

09-12-2024T07:47:25 - [TEST_STEP][PASSED] - typeOfDataMain = "План": null

09-12-2024T07:47:25 - [TEST_STEP][PASSED] - otpusk = findTestData("PlanFact").getValue(2, a): null

09-12-2024T07:47:25 - [TEST_STEP][PASSED] - poteri = findTestData("PlanFact").getValue(3, a): null

09-12-2024T07:47:25 - [TEST_STEP][PASSED] - otpusk = otpusk.replaceAll("\s+", ""): null

09-12-2024T07:47:25 - [TEST_STEP][PASSED] - poteri = poteri.replaceAll("\s+", ""): null

09-12-2024T07:47:25 - [TEST_STEP][PASSED] - typeOfData = typeOfDataMain + " Отпуск в сеть": null

09-12-2024T07:47:25 - [TEST_STEP][PASSED] - if (a == 82): null

09-12-2024T07:47:25 - [TEST_STEP][PASSED] - else if (a == 84): null

09-12-2024T07:47:25 - [TEST_STEP][PASSED] - else if (a == 52 || a == 72 || a == 28 || a == 73 || a == 77 || a == 74 || a == 65 || a == 36 || a == 44 || a == 53 || a == 80 || a == 54 || a == 1 || a == 18 || a == 59 || a == 81): null

09-12-2024T07:47:25 - [TEST_STEP][PASSED] - path = dataFolder + "Table Data/" + typeOfData + " за отчётный период " + dzoNum: null

09-12-2024T07:47:25 - [TEST_STEP][PASSED] - println(path): null

09-12-2024T07:47:25 - [TEST_STEP][PASSED] - page = getText(findTestObject(path)): Text of object 'Object Repository/Выполнение бизнес-плана/Значения со страницы Выполнение бизнес-плана/Table Data/План Отпуск в сеть за отчётный период 1' is: '608 287'

09-12-2024T07:47:25 - [MESSAGE][PASSED] - Text of object 'Object Repository/Выполнение бизнес-плана/Значения со страницы Выполнение бизнес-плана/Table Data/План Отпуск в сеть за отчётный период 1' is: '608 287'

09-12-2024T07:47:25 - [TEST_STEP][PASSED] - page = page.replaceAll("\s+", ""): null

09-12-2024T07:47:25 - [TEST_STEP][PASSED] - fileOtpuskVSet = otpusk.toInteger(): null

09-12-2024T07:47:25 - [TEST_STEP][PASSED] - pageOtpuskVSet = page.toInteger(): null

09-12-2024T07:47:25 - [TEST_STEP][PASSED] - typeOfData = typeOfDataMain + " Потери": null

09-12-2024T07:47:25 - [TEST_STEP][PASSED] - if (a == 82): null

09-12-2024T07:47:25 - [TEST_STEP][PASSED] - else if (a == 84): null

09-12-2024T07:47:25 - [TEST_STEP][PASSED] - else if (a == 52 || a == 72 || a == 28 || a == 73 || a == 77 || a == 74 || a == 65 || a == 36 || a == 44 || a == 53 || a == 80 || a == 54 || a == 1 || a == 18 || a == 59 || a == 81): null

09-12-2024T07:47:25 - [TEST_STEP][PASSED] - path = dataFolder + "Table Data/" + typeOfData + " за отчётный период " + dzoNum: null

09-12-2024T07:47:25 - [TEST_STEP][PASSED] - page = getText(findTestObject(path)): Text of object 'Object Repository/Выполнение бизнес-плана/Значения со страницы Выполнение бизнес-плана/Table Data/План Потери за отчётный период 1' is: '129 192'

09-12-2024T07:47:26 - [MESSAGE][PASSED] - Text of object 'Object Repository/Выполнение бизнес-плана/Значения со страницы Выполнение бизнес-плана/Table Data/План Потери за отчётный период 1' is: '129 192'

09-12-2024T07:47:26 - [TEST_STEP][PASSED] - page = page.replaceAll("\s+", ""): null

09-12-2024T07:47:26 - [TEST_STEP][PASSED] - filePoteri = poteri.toInteger(): null

09-12-2024T07:47:26 - [TEST_STEP][PASSED] - pagePoteri = page.toInteger(): null

09-12-2024T07:47:26 - [TEST_STEP][PASSED] - compare = pageOtpuskVSet: null

09-12-2024T07:47:26 - [TEST_STEP][PASSED] - if (compare == fileOtpuskVSet): null

09-12-2024T07:47:26 - [TEST_STEP][PASSED] - if (compare == fileOtpuskVSet): null

09-12-2024T07:47:26 - [TEST_STEP][PASSED] - compare = pagePoteri: null

09-12-2024T07:47:26 - [TEST_STEP][PASSED] - if (compare == filePoteri): null

09-12-2024T07:47:26 - [TEST_STEP][PASSED] - if (compare == filePoteri): null

09-12-2024T07:47:26 - [TEST_STEP][PASSED] - if (planFact == 2): Object: 'Object Repository/Выполнение бизнес-плана/Кнопка Факт' is clicked on

09-12-2024T07:47:26 - [TEST_STEP][PASSED] - click(findTestObject("Выполнение бизнес-плана/Кнопка Факт")): Object: 'Object Repository/Выполнение бизнес-плана/Кнопка Факт' is clicked on

09-12-2024T07:47:26 - [MESSAGE][PASSED] - Object: 'Object Repository/Выполнение бизнес-плана/Кнопка Факт' is clicked on

09-12-2024T07:47:26 - [TEST_STEP][PASSED] - if (a == 84 || a == 82): null

09-12-2024T07:47:26 - [TEST_STEP][PASSED] - else if (a == 52 || a == 72 || a == 28 || a == 73 || a == 77 || a == 74 || a == 65 || a == 36 || a == 44 || a == 53 || a == 80 || a == 54 || a == 1 || a == 18 || a == 59 || a == 81): null

09-12-2024T07:47:26 - [TEST_STEP][PASSED] - page1 = getText(findTestObject("Object Repository/Выполнение бизнес-плана/spanPlan" + dzoNum)): Text of object 'Object Repository/Выполнение бизнес-плана/spanPlan1' is: '21.24
|'

09-12-2024T07:47:26 - [MESSAGE][PASSED] - Text of object 'Object Repository/Выполнение бизнес-плана/spanPlan1' is: '21.24
|'

09-12-2024T07:47:26 - [TEST_STEP][PASSED] - page1 = page1.replace("|", ""): null

09-12-2024T07:47:26 - [TEST_STEP][PASSED] - page2 = getText(findTestObject("Object Repository/Выполнение бизнес-плана/spanFact" + dzoNum)): Text of object 'Object Repository/Выполнение бизнес-плана/spanFact1' is: '21.17'

09-12-2024T07:47:27 - [MESSAGE][PASSED] - Text of object 'Object Repository/Выполнение бизнес-плана/spanFact1' is: '21.17'

09-12-2024T07:47:27 - [TEST_STEP][PASSED] - page2 = page2.replace("|", ""): null

09-12-2024T07:47:27 - [TEST_STEP][PASSED] - println("page1: " + page1): null

09-12-2024T07:47:27 - [TEST_STEP][PASSED] - println("page2: " + page2): null

09-12-2024T07:47:27 - [TEST_STEP][PASSED] - file = findTestData("PlanFact").getValue(4, a): null

09-12-2024T07:47:27 - [TEST_STEP][PASSED] - file = file.replace(",", "."): null

09-12-2024T07:47:27 - [TEST_STEP][PASSED] - println("file Plan: " + file): null

09-12-2024T07:47:27 - [TEST_STEP][PASSED] - typeOfData = "План в процентах": null

09-12-2024T07:47:27 - [TEST_STEP][PASSED] - fileDouble = file.toDouble(): null

09-12-2024T07:47:27 - [TEST_STEP][PASSED] - pageDouble = page1.toDouble(): null

09-12-2024T07:47:27 - [TEST_STEP][PASSED] - if (fileDouble != pageDouble): null

09-12-2024T07:47:27 - [TEST_STEP][PASSED] - file = findTestData("PlanFact").getValue(7, a): null

09-12-2024T07:47:27 - [TEST_STEP][PASSED] - file = file.replace(",", "."): null

09-12-2024T07:47:27 - [TEST_STEP][PASSED] - println("file Fact: " + file): null

09-12-2024T07:47:27 - [TEST_STEP][PASSED] - fileDouble = file.toDouble(): null

09-12-2024T07:47:27 - [TEST_STEP][PASSED] - typeOfData = "Факт в процентах": null

09-12-2024T07:47:27 - [TEST_STEP][PASSED] - fileDouble = file.toDouble(): null

09-12-2024T07:47:27 - [TEST_STEP][PASSED] - pageDouble = page2.toDouble(): null

09-12-2024T07:47:27 - [TEST_STEP][PASSED] - if (fileDouble != pageDouble): null

09-12-2024T07:47:27 - [TEST_STEP][PASSED] - if (verifyEqual(numberOfErrors, 0) == false): Actual object '0' and expected object '0' are equal

09-12-2024T07:47:27 - [MESSAGE][PASSED] - Actual object '0' and expected object '0' are equal

09-12-2024T07:47:27 - [TEST_STEP][PASSED] - if (a == 82): null

09-12-2024T07:47:27 - [TEST_STEP][PASSED] - println(dzoNum): null

09-12-2024T07:47:27 - [TEST_STEP][PASSED] - dZO = "АО «Чеченэнерго»": null

09-12-2024T07:47:27 - [TEST_STEP][PASSED] - a = 72: null

09-12-2024T07:47:27 - [TEST_STEP][PASSED] - if (x1.contains(dZO)): null

09-12-2024T07:47:27 - [TEST_STEP][PASSED] - dzoNum = dzoNum + 1: null

09-12-2024T07:47:27 - [TEST_STEP][PASSED] - Script1718980020443.Numbers(a, typeOfData, todaysDate, pageInt, fileInt, pageDouble, fileDouble, dZO, dzoNum, filialNum): null

09-12-2024T07:47:27 - [TEST_STEP][PASSED] - println(dzoNum): null

09-12-2024T07:47:27 - [TEST_STEP][PASSED] - planFact = <not implemented yet for class: org.codehaus.groovy.ast.expr.EmptyExpression>: null

09-12-2024T07:47:27 - [TEST_STEP][PASSED] - page = <not implemented yet for class: org.codehaus.groovy.ast.expr.EmptyExpression>: null

09-12-2024T07:47:27 - [TEST_STEP][PASSED] - page1 = <not implemented yet for class: org.codehaus.groovy.ast.expr.EmptyExpression>: null

09-12-2024T07:47:27 - [TEST_STEP][PASSED] - page2 = <not implemented yet for class: org.codehaus.groovy.ast.expr.EmptyExpression>: null

09-12-2024T07:47:27 - [TEST_STEP][PASSED] - filialNumberInRow = <not implemented yet for class: org.codehaus.groovy.ast.expr.EmptyExpression>: null

09-12-2024T07:47:27 - [TEST_STEP][PASSED] - filialsDzoNames = <not implemented yet for class: org.codehaus.groovy.ast.expr.EmptyExpression>: null

09-12-2024T07:47:27 - [TEST_STEP][PASSED] - numberOfFilials = <not implemented yet for class: org.codehaus.groovy.ast.expr.EmptyExpression>: null

09-12-2024T07:47:27 - [TEST_STEP][PASSED] - numberOfSpaces = <not implemented yet for class: org.codehaus.groovy.ast.expr.EmptyExpression>: null

09-12-2024T07:47:27 - [TEST_STEP][PASSED] - file = <not implemented yet for class: org.codehaus.groovy.ast.expr.EmptyExpression>: null

09-12-2024T07:47:27 - [TEST_STEP][PASSED] - otpusk = <not implemented yet for class: org.codehaus.groovy.ast.expr.EmptyExpression>: null

09-12-2024T07:47:27 - [TEST_STEP][PASSED] - poteri = <not implemented yet for class: org.codehaus.groovy.ast.expr.EmptyExpression>: null

09-12-2024T07:47:27 - [TEST_STEP][PASSED] - dataFolder = "Выполнение бизнес-плана/Значения со страницы Выполнение бизнес-плана/": null

09-12-2024T07:47:27 - [TEST_STEP][PASSED] - path = <not implemented yet for class: org.codehaus.groovy.ast.expr.EmptyExpression>: null

09-12-2024T07:47:27 - [TEST_STEP][PASSED] - typeOfDataMain = <not implemented yet for class: org.codehaus.groovy.ast.expr.EmptyExpression>: null

09-12-2024T07:47:27 - [TEST_STEP][PASSED] - fileOtpuskVSet = <not implemented yet for class: org.codehaus.groovy.ast.expr.EmptyExpression>: null

09-12-2024T07:47:27 - [TEST_STEP][PASSED] - pageOtpuskVSet = <not implemented yet for class: org.codehaus.groovy.ast.expr.EmptyExpression>: null

09-12-2024T07:47:27 - [TEST_STEP][PASSED] - filePoteri = <not implemented yet for class: org.codehaus.groovy.ast.expr.EmptyExpression>: null

09-12-2024T07:47:27 - [TEST_STEP][PASSED] - pagePoteri = <not implemented yet for class: org.codehaus.groovy.ast.expr.EmptyExpression>: null

09-12-2024T07:47:27 - [TEST_STEP][PASSED] - compare = <not implemented yet for class: org.codehaus.groovy.ast.expr.EmptyExpression>: null

09-12-2024T07:47:27 - [TEST_STEP][PASSED] - b = <not implemented yet for class: org.codehaus.groovy.ast.expr.EmptyExpression>: null

09-12-2024T07:47:27 - [TEST_STEP][PASSED] - i = <not implemented yet for class: org.codehaus.groovy.ast.expr.EmptyExpression>: null

09-12-2024T07:47:27 - [TEST_STEP][PASSED] - ii = <not implemented yet for class: org.codehaus.groovy.ast.expr.EmptyExpression>: null

09-12-2024T07:47:27 - [TEST_STEP][PASSED] - c = <not implemented yet for class: org.codehaus.groovy.ast.expr.EmptyExpression>: null

09-12-2024T07:47:27 - [TEST_STEP][PASSED] - numberOfErrors = 0: null

09-12-2024T07:47:27 - [TEST_STEP][PASSED] - if (a == 82): null

09-12-2024T07:47:27 - [TEST_STEP][PASSED] - b = findTestData("PlanFact").getValue(1, a): null

09-12-2024T07:47:27 - [TEST_STEP][PASSED] - i = b.indexOf(" (ГК)"): null

09-12-2024T07:47:27 - [TEST_STEP][PASSED] - if (i > -1): null

09-12-2024T07:47:27 - [TEST_STEP][PASSED] - i = b.indexOf("О ""): null

09-12-2024T07:47:27 - [TEST_STEP][PASSED] - if (i > -1): null

09-12-2024T07:47:27 - [TEST_STEP][PASSED] - b = b.substring(i + 3, b.length()): null

09-12-2024T07:47:27 - [TEST_STEP][PASSED] - i = b.indexOf("""): null

09-12-2024T07:47:27 - [TEST_STEP][PASSED] - b = b.substring(0, i): null

09-12-2024T07:47:27 - [TEST_STEP][PASSED] - b = b.trim(): null

09-12-2024T07:47:27 - [TEST_STEP][PASSED] - i = b.indexOf("О «"): null

09-12-2024T07:47:27 - [TEST_STEP][PASSED] - if (i > -1): null

09-12-2024T07:47:27 - [TEST_STEP][PASSED] - i = b.indexOf("г. "): null

09-12-2024T07:47:27 - [TEST_STEP][PASSED] - if (i > -1): null

09-12-2024T07:47:27 - [TEST_STEP][PASSED] - println(b): null

09-12-2024T07:47:27 - [TEST_STEP][PASSED] - for ([planFact = 1, planFact < 3, (planFact++)]): null

09-12-2024T07:47:27 - [TEST_STEP][PASSED] - if (planFact == 1): null

09-12-2024T07:47:27 - [TEST_STEP][PASSED] - typeOfDataMain = "Факт": null

09-12-2024T07:47:27 - [TEST_STEP][PASSED] - otpusk = findTestData("PlanFact").getValue(5, a): null

09-12-2024T07:47:27 - [TEST_STEP][PASSED] - poteri = findTestData("PlanFact").getValue(6, a): null

09-12-2024T07:47:27 - [TEST_STEP][PASSED] - otpusk = otpusk.replaceAll("\s+", ""): null

09-12-2024T07:47:27 - [TEST_STEP][PASSED] - poteri = poteri.replaceAll("\s+", ""): null

09-12-2024T07:47:27 - [TEST_STEP][PASSED] - typeOfData = typeOfDataMain + " Отпуск в сеть": null

09-12-2024T07:47:27 - [TEST_STEP][PASSED] - if (a == 82): null

09-12-2024T07:47:27 - [TEST_STEP][PASSED] - else if (a == 84): null

09-12-2024T07:47:27 - [TEST_STEP][PASSED] - else if (a == 52 || a == 72 || a == 28 || a == 73 || a == 77 || a == 74 || a == 65 || a == 36 || a == 44 || a == 53 || a == 80 || a == 54 || a == 1 || a == 18 || a == 59 || a == 81): null

09-12-2024T07:47:27 - [TEST_STEP][PASSED] - path = dataFolder + "Table Data/" + typeOfData + " за отчётный период " + dzoNum: null

09-12-2024T07:47:27 - [TEST_STEP][PASSED] - println(path): null

09-12-2024T07:47:27 - [TEST_STEP][PASSED] - page = getText(findTestObject(path)): Text of object 'Object Repository/Выполнение бизнес-плана/Значения со страницы Выполнение бизнес-плана/Table Data/Факт Отпуск в сеть за отчётный период 2' is: '3 034 612'

09-12-2024T07:47:27 - [MESSAGE][PASSED] - Text of object 'Object Repository/Выполнение бизнес-плана/Значения со страницы Выполнение бизнес-плана/Table Data/Факт Отпуск в сеть за отчётный период 2' is: '3 034 612'

09-12-2024T07:47:27 - [TEST_STEP][PASSED] - page = page.replaceAll("\s+", ""): null

09-12-2024T07:47:27 - [TEST_STEP][PASSED] - fileOtpuskVSet = otpusk.toInteger(): null

09-12-2024T07:47:27 - [TEST_STEP][PASSED] - pageOtpuskVSet = page.toInteger(): null

09-12-2024T07:47:27 - [TEST_STEP][PASSED] - typeOfData = typeOfDataMain + " Потери": null

09-12-2024T07:47:27 - [TEST_STEP][PASSED] - if (a == 82): null

09-12-2024T07:47:27 - [TEST_STEP][PASSED] - else if (a == 84): null

09-12-2024T07:47:27 - [TEST_STEP][PASSED] - else if (a == 52 || a == 72 || a == 28 || a == 73 || a == 77 || a == 74 || a == 65 || a == 36 || a == 44 || a == 53 || a == 80 || a == 54 || a == 1 || a == 18 || a == 59 || a == 81): null

09-12-2024T07:47:27 - [TEST_STEP][PASSED] - path = dataFolder + "Table Data/" + typeOfData + " за отчётный период " + dzoNum: null

09-12-2024T07:47:27 - [TEST_STEP][PASSED] - page = getText(findTestObject(path)): Text of object 'Object Repository/Выполнение бизнес-плана/Значения со страницы Выполнение бизнес-плана/Table Data/Факт Потери за отчётный период 2' is: '1 110 325'

09-12-2024T07:47:28 - [MESSAGE][PASSED] - Text of object 'Object Repository/Выполнение бизнес-плана/Значения со страницы Выполнение бизнес-плана/Table Data/Факт Потери за отчётный период 2' is: '1 110 325'

09-12-2024T07:47:28 - [TEST_STEP][PASSED] - page = page.replaceAll("\s+", ""): null

09-12-2024T07:47:28 - [TEST_STEP][PASSED] - filePoteri = poteri.toInteger(): null

09-12-2024T07:47:28 - [TEST_STEP][PASSED] - pagePoteri = page.toInteger(): null

09-12-2024T07:47:28 - [TEST_STEP][PASSED] - compare = pageOtpuskVSet: null

09-12-2024T07:47:28 - [TEST_STEP][PASSED] - if (compare == fileOtpuskVSet): null

09-12-2024T07:47:28 - [TEST_STEP][PASSED] - else if (compare > fileOtpuskVSet): null

09-12-2024T07:47:28 - [TEST_STEP][PASSED] - compare = compare - 1: null

09-12-2024T07:47:28 - [TEST_STEP][PASSED] - if (compare == fileOtpuskVSet): null

09-12-2024T07:47:28 - [TEST_STEP][PASSED] - else: null

09-12-2024T07:47:28 - [TEST_STEP][PASSED] - numberOfErrors = numberOfErrors + 1: null

09-12-2024T07:47:28 - [TEST_STEP][PASSED] - pageInt = pageOtpuskVSet: null

09-12-2024T07:47:28 - [TEST_STEP][PASSED] - fileInt = fileOtpuskVSet: null

09-12-2024T07:47:28 - [TEST_STEP][PASSED] - typeOfData = typeOfDataMain + " Отпуск в сеть": null

09-12-2024T07:47:28 - [TEST_STEP][PASSED] - Script1718980020443.WriteToExcel(a, typeOfData, todaysDate, pageInt, fileInt, pageDouble, fileDouble, dZO): null

09-12-2024T07:47:28 - [TEST_STEP][PASSED] - sheetName = "Sheet1": null

09-12-2024T07:47:28 - [TEST_STEP][PASSED] - data = findTestData("PlanFact"): null

09-12-2024T07:47:28 - [TEST_STEP][PASSED] - n = data.getRowNumbers() + 1: null

09-12-2024T07:47:28 - [TEST_STEP][PASSED] - year = todaysDate.substring(todaysDate.length() - 4, todaysDate.length()): null

09-12-2024T07:47:28 - [TEST_STEP][PASSED] - y = year.toInteger(): null

09-12-2024T07:47:28 - [TEST_STEP][PASSED] - m = getText(findTestObject("Выполнение бизнес-плана/Период")): Text of object 'Object Repository/Выполнение бизнес-плана/Период' is: '1, 2, 3 кв., Октябрь 2024 года'

09-12-2024T07:47:28 - [MESSAGE][PASSED] - Text of object 'Object Repository/Выполнение бизнес-плана/Период' is: '1, 2, 3 кв., Октябрь 2024 года'

09-12-2024T07:47:28 - [TEST_STEP][PASSED] - m = m.substring(0, m.indexOf("2024")): null

09-12-2024T07:47:28 - [TEST_STEP][PASSED] - m = m.trim(): null

09-12-2024T07:47:28 - [TEST_STEP][PASSED] - dashboardName = "Выполнение бизнес-плана": null

09-12-2024T07:47:28 - [TEST_STEP][PASSED] - workbook01 = getWorkbook(excelFilePath): null

09-12-2024T07:47:28 - [TEST_STEP][PASSED] - sheet01 = getExcelSheet(workbook01, sheetName): null

09-12-2024T07:47:28 - [TEST_STEP][PASSED] - setValueToCellByIndex(sheet01, n, 0, dashboardName): null

09-12-2024T07:47:28 - [TEST_STEP][PASSED] - setValueToCellByIndex(sheet01, n, 1, dZO): null

09-12-2024T07:47:28 - [TEST_STEP][PASSED] - setValueToCellByIndex(sheet01, n, 2, typeOfData): null

09-12-2024T07:47:28 - [TEST_STEP][PASSED] - if (typeOfData == "Факт в процентах" || typeOfData == "План в процентах"): null

09-12-2024T07:47:28 - [TEST_STEP][PASSED] - else: null

09-12-2024T07:47:28 - [TEST_STEP][PASSED] - setValueToCellByIndex(sheet01, n, 3, fileInt): null

09-12-2024T07:47:28 - [TEST_STEP][PASSED] - setValueToCellByIndex(sheet01, n, 4, pageInt): null

09-12-2024T07:47:28 - [TEST_STEP][PASSED] - setValueToCellByIndex(sheet01, n, 5, m): null

09-12-2024T07:47:28 - [TEST_STEP][PASSED] - setValueToCellByIndex(sheet01, n, 6, y): null

09-12-2024T07:47:28 - [TEST_STEP][PASSED] - setValueToCellByIndex(sheet01, n, 7, todaysDate): null

09-12-2024T07:47:28 - [TEST_STEP][PASSED] - n = n + 1: null

09-12-2024T07:47:28 - [TEST_STEP][PASSED] - saveWorkbook(excelFilePath, workbook01): null

09-12-2024T07:47:28 - [TEST_STEP][PASSED] - compare = pagePoteri: null

09-12-2024T07:47:28 - [TEST_STEP][PASSED] - if (compare == filePoteri): null

09-12-2024T07:47:28 - [TEST_STEP][PASSED] - else if (compare > filePoteri): null

09-12-2024T07:47:28 - [TEST_STEP][PASSED] - compare = compare - 1: null

09-12-2024T07:47:28 - [TEST_STEP][PASSED] - if (compare == filePoteri): null

09-12-2024T07:47:28 - [TEST_STEP][PASSED] - else: null

09-12-2024T07:47:28 - [TEST_STEP][PASSED] - numberOfErrors = numberOfErrors + 1: null

09-12-2024T07:47:28 - [TEST_STEP][PASSED] - pageInt = pagePoteri: null

09-12-2024T07:47:28 - [TEST_STEP][PASSED] - fileInt = filePoteri: null

09-12-2024T07:47:28 - [TEST_STEP][PASSED] - typeOfData = typeOfDataMain + " Потери": null

09-12-2024T07:47:28 - [TEST_STEP][PASSED] - Script1718980020443.WriteToExcel(a, typeOfData, todaysDate, pageInt, fileInt, pageDouble, fileDouble, dZO): null

09-12-2024T07:47:28 - [TEST_STEP][PASSED] - sheetName = "Sheet1": null

09-12-2024T07:47:28 - [TEST_STEP][PASSED] - data = findTestData("PlanFact"): null

09-12-2024T07:47:28 - [TEST_STEP][PASSED] - n = data.getRowNumbers() + 1: null

09-12-2024T07:47:28 - [TEST_STEP][PASSED] - year = todaysDate.substring(todaysDate.length() - 4, todaysDate.length()): null

09-12-2024T07:47:28 - [TEST_STEP][PASSED] - y = year.toInteger(): null

09-12-2024T07:47:28 - [TEST_STEP][PASSED] - m = getText(findTestObject("Выполнение бизнес-плана/Период")): Text of object 'Object Repository/Выполнение бизнес-плана/Период' is: '1, 2, 3 кв., Октябрь 2024 года'

09-12-2024T07:47:29 - [MESSAGE][PASSED] - Text of object 'Object Repository/Выполнение бизнес-плана/Период' is: '1, 2, 3 кв., Октябрь 2024 года'

09-12-2024T07:47:29 - [TEST_STEP][PASSED] - m = m.substring(0, m.indexOf("2024")): null

09-12-2024T07:47:29 - [TEST_STEP][PASSED] - m = m.trim(): null

09-12-2024T07:47:29 - [TEST_STEP][PASSED] - dashboardName = "Выполнение бизнес-плана": null

09-12-2024T07:47:29 - [TEST_STEP][PASSED] - workbook01 = getWorkbook(excelFilePath): null

09-12-2024T07:47:29 - [TEST_STEP][PASSED] - sheet01 = getExcelSheet(workbook01, sheetName): null

09-12-2024T07:47:29 - [TEST_STEP][PASSED] - setValueToCellByIndex(sheet01, n, 0, dashboardName): null

09-12-2024T07:47:29 - [TEST_STEP][PASSED] - setValueToCellByIndex(sheet01, n, 1, dZO): null

09-12-2024T07:47:29 - [TEST_STEP][PASSED] - setValueToCellByIndex(sheet01, n, 2, typeOfData): null

09-12-2024T07:47:29 - [TEST_STEP][PASSED] - if (typeOfData == "Факт в процентах" || typeOfData == "План в процентах"): null

09-12-2024T07:47:29 - [TEST_STEP][PASSED] - else: null

09-12-2024T07:47:29 - [TEST_STEP][PASSED] - setValueToCellByIndex(sheet01, n, 3, fileInt): null

09-12-2024T07:47:29 - [TEST_STEP][PASSED] - setValueToCellByIndex(sheet01, n, 4, pageInt): null

09-12-2024T07:47:29 - [TEST_STEP][PASSED] - setValueToCellByIndex(sheet01, n, 5, m): null

09-12-2024T07:47:29 - [TEST_STEP][PASSED] - setValueToCellByIndex(sheet01, n, 6, y): null

09-12-2024T07:47:29 - [TEST_STEP][PASSED] - setValueToCellByIndex(sheet01, n, 7, todaysDate): null

09-12-2024T07:47:29 - [TEST_STEP][PASSED] - n = n + 1: null

09-12-2024T07:47:29 - [TEST_STEP][PASSED] - saveWorkbook(excelFilePath, workbook01): null

09-12-2024T07:47:29 - [TEST_STEP][PASSED] - if (planFact == 2): null

09-12-2024T07:47:29 - [TEST_STEP][PASSED] - if (planFact == 1): null

09-12-2024T07:47:29 - [TEST_STEP][PASSED] - else if (planFact == 2): null

09-12-2024T07:47:29 - [TEST_STEP][PASSED] - click(findTestObject("Выполнение бизнес-плана/Кнопка План")): Object: 'Object Repository/Выполнение бизнес-плана/Кнопка План' is clicked on

09-12-2024T07:47:29 - [MESSAGE][PASSED] - Object: 'Object Repository/Выполнение бизнес-плана/Кнопка План' is clicked on

09-12-2024T07:47:29 - [TEST_STEP][PASSED] - typeOfDataMain = "План": null

09-12-2024T07:47:29 - [TEST_STEP][PASSED] - otpusk = findTestData("PlanFact").getValue(2, a): null

09-12-2024T07:47:29 - [TEST_STEP][PASSED] - poteri = findTestData("PlanFact").getValue(3, a): null

09-12-2024T07:47:29 - [TEST_STEP][PASSED] - otpusk = otpusk.replaceAll("\s+", ""): null

09-12-2024T07:47:29 - [TEST_STEP][PASSED] - poteri = poteri.replaceAll("\s+", ""): null

09-12-2024T07:47:29 - [TEST_STEP][PASSED] - typeOfData = typeOfDataMain + " Отпуск в сеть": null

09-12-2024T07:47:29 - [TEST_STEP][PASSED] - if (a == 82): null

09-12-2024T07:47:29 - [TEST_STEP][PASSED] - else if (a == 84): null

09-12-2024T07:47:29 - [TEST_STEP][PASSED] - else if (a == 52 || a == 72 || a == 28 || a == 73 || a == 77 || a == 74 || a == 65 || a == 36 || a == 44 || a == 53 || a == 80 || a == 54 || a == 1 || a == 18 || a == 59 || a == 81): null

09-12-2024T07:47:29 - [TEST_STEP][PASSED] - path = dataFolder + "Table Data/" + typeOfData + " за отчётный период " + dzoNum: null

09-12-2024T07:47:29 - [TEST_STEP][PASSED] - println(path): null

09-12-2024T07:47:29 - [TEST_STEP][PASSED] - page = getText(findTestObject(path)): Text of object 'Object Repository/Выполнение бизнес-плана/Значения со страницы Выполнение бизнес-плана/Table Data/План Отпуск в сеть за отчётный период 2' is: '2 822 152'

09-12-2024T07:47:30 - [MESSAGE][PASSED] - Text of object 'Object Repository/Выполнение бизнес-плана/Значения со страницы Выполнение бизнес-плана/Table Data/План Отпуск в сеть за отчётный период 2' is: '2 822 152'

09-12-2024T07:47:30 - [TEST_STEP][PASSED] - page = page.replaceAll("\s+", ""): null

09-12-2024T07:47:30 - [TEST_STEP][PASSED] - fileOtpuskVSet = otpusk.toInteger(): null

09-12-2024T07:47:30 - [TEST_STEP][PASSED] - pageOtpuskVSet = page.toInteger(): null

09-12-2024T07:47:30 - [TEST_STEP][PASSED] - typeOfData = typeOfDataMain + " Потери": null

09-12-2024T07:47:30 - [TEST_STEP][PASSED] - if (a == 82): null

09-12-2024T07:47:30 - [TEST_STEP][PASSED] - else if (a == 84): null

09-12-2024T07:47:30 - [TEST_STEP][PASSED] - else if (a == 52 || a == 72 || a == 28 || a == 73 || a == 77 || a == 74 || a == 65 || a == 36 || a == 44 || a == 53 || a == 80 || a == 54 || a == 1 || a == 18 || a == 59 || a == 81): null

09-12-2024T07:47:30 - [TEST_STEP][PASSED] - path = dataFolder + "Table Data/" + typeOfData + " за отчётный период " + dzoNum: null

09-12-2024T07:47:30 - [TEST_STEP][PASSED] - page = getText(findTestObject(path)): Text of object 'Object Repository/Выполнение бизнес-плана/Значения со страницы Выполнение бизнес-плана/Table Data/План Потери за отчётный период 2' is: '927 705'

09-12-2024T07:47:30 - [MESSAGE][PASSED] - Text of object 'Object Repository/Выполнение бизнес-плана/Значения со страницы Выполнение бизнес-плана/Table Data/План Потери за отчётный период 2' is: '927 705'

09-12-2024T07:47:30 - [TEST_STEP][PASSED] - page = page.replaceAll("\s+", ""): null

09-12-2024T07:47:30 - [TEST_STEP][PASSED] - filePoteri = poteri.toInteger(): null

09-12-2024T07:47:30 - [TEST_STEP][PASSED] - pagePoteri = page.toInteger(): null

09-12-2024T07:47:30 - [TEST_STEP][PASSED] - compare = pageOtpuskVSet: null

09-12-2024T07:47:30 - [TEST_STEP][PASSED] - if (compare == fileOtpuskVSet): null

09-12-2024T07:47:30 - [TEST_STEP][PASSED] - else if (compare > fileOtpuskVSet): null

09-12-2024T07:47:30 - [TEST_STEP][PASSED] - compare = compare - 1: null

09-12-2024T07:47:30 - [TEST_STEP][PASSED] - if (compare == fileOtpuskVSet): null

09-12-2024T07:47:30 - [TEST_STEP][PASSED] - else: null

09-12-2024T07:47:30 - [TEST_STEP][PASSED] - numberOfErrors = numberOfErrors + 1: null

09-12-2024T07:47:30 - [TEST_STEP][PASSED] - pageInt = pageOtpuskVSet: null

09-12-2024T07:47:30 - [TEST_STEP][PASSED] - fileInt = fileOtpuskVSet: null

09-12-2024T07:47:30 - [TEST_STEP][PASSED] - typeOfData = typeOfDataMain + " Отпуск в сеть": null

09-12-2024T07:47:30 - [TEST_STEP][PASSED] - Script1718980020443.WriteToExcel(a, typeOfData, todaysDate, pageInt, fileInt, pageDouble, fileDouble, dZO): null

09-12-2024T07:47:30 - [TEST_STEP][PASSED] - sheetName = "Sheet1": null

09-12-2024T07:47:30 - [TEST_STEP][PASSED] - data = findTestData("PlanFact"): null

09-12-2024T07:47:30 - [TEST_STEP][PASSED] - n = data.getRowNumbers() + 1: null

09-12-2024T07:47:30 - [TEST_STEP][PASSED] - year = todaysDate.substring(todaysDate.length() - 4, todaysDate.length()): null

09-12-2024T07:47:30 - [TEST_STEP][PASSED] - y = year.toInteger(): null

09-12-2024T07:47:30 - [TEST_STEP][PASSED] - m = getText(findTestObject("Выполнение бизнес-плана/Период")): Text of object 'Object Repository/Выполнение бизнес-плана/Период' is: '1, 2, 3 кв., Октябрь 2024 года'

09-12-2024T07:47:31 - [MESSAGE][PASSED] - Text of object 'Object Repository/Выполнение бизнес-плана/Период' is: '1, 2, 3 кв., Октябрь 2024 года'

09-12-2024T07:47:31 - [TEST_STEP][PASSED] - m = m.substring(0, m.indexOf("2024")): null

09-12-2024T07:47:31 - [TEST_STEP][PASSED] - m = m.trim(): null

09-12-2024T07:47:31 - [TEST_STEP][PASSED] - dashboardName = "Выполнение бизнес-плана": null

09-12-2024T07:47:31 - [TEST_STEP][PASSED] - workbook01 = getWorkbook(excelFilePath): null

09-12-2024T07:47:31 - [TEST_STEP][PASSED] - sheet01 = getExcelSheet(workbook01, sheetName): null

09-12-2024T07:47:31 - [TEST_STEP][PASSED] - setValueToCellByIndex(sheet01, n, 0, dashboardName): null

09-12-2024T07:47:31 - [TEST_STEP][PASSED] - setValueToCellByIndex(sheet01, n, 1, dZO): null

09-12-2024T07:47:31 - [TEST_STEP][PASSED] - setValueToCellByIndex(sheet01, n, 2, typeOfData): null

09-12-2024T07:47:31 - [TEST_STEP][PASSED] - if (typeOfData == "Факт в процентах" || typeOfData == "План в процентах"): null

09-12-2024T07:47:31 - [TEST_STEP][PASSED] - else: null

09-12-2024T07:47:31 - [TEST_STEP][PASSED] - setValueToCellByIndex(sheet01, n, 3, fileInt): null

09-12-2024T07:47:31 - [TEST_STEP][PASSED] - setValueToCellByIndex(sheet01, n, 4, pageInt): null

09-12-2024T07:47:31 - [TEST_STEP][PASSED] - setValueToCellByIndex(sheet01, n, 5, m): null

09-12-2024T07:47:31 - [TEST_STEP][PASSED] - setValueToCellByIndex(sheet01, n, 6, y): null

09-12-2024T07:47:31 - [TEST_STEP][PASSED] - setValueToCellByIndex(sheet01, n, 7, todaysDate): null

09-12-2024T07:47:31 - [TEST_STEP][PASSED] - n = n + 1: null

09-12-2024T07:47:31 - [TEST_STEP][PASSED] - saveWorkbook(excelFilePath, workbook01): null

09-12-2024T07:47:31 - [TEST_STEP][PASSED] - compare = pagePoteri: null

09-12-2024T07:47:31 - [TEST_STEP][PASSED] - if (compare == filePoteri): null

09-12-2024T07:47:31 - [TEST_STEP][PASSED] - else if (compare > filePoteri): null

09-12-2024T07:47:31 - [TEST_STEP][PASSED] - compare = compare - 1: null

09-12-2024T07:47:31 - [TEST_STEP][PASSED] - if (compare == filePoteri): null

09-12-2024T07:47:31 - [TEST_STEP][PASSED] - else: null

09-12-2024T07:47:31 - [TEST_STEP][PASSED] - numberOfErrors = numberOfErrors + 1: null

09-12-2024T07:47:31 - [TEST_STEP][PASSED] - pageInt = pagePoteri: null

09-12-2024T07:47:31 - [TEST_STEP][PASSED] - fileInt = filePoteri: null

09-12-2024T07:47:31 - [TEST_STEP][PASSED] - typeOfData = typeOfDataMain + " Потери": null

09-12-2024T07:47:31 - [TEST_STEP][PASSED] - Script1718980020443.WriteToExcel(a, typeOfData, todaysDate, pageInt, fileInt, pageDouble, fileDouble, dZO): null

09-12-2024T07:47:31 - [TEST_STEP][PASSED] - sheetName = "Sheet1": null

09-12-2024T07:47:31 - [TEST_STEP][PASSED] - data = findTestData("PlanFact"): null

09-12-2024T07:47:31 - [TEST_STEP][PASSED] - n = data.getRowNumbers() + 1: null

09-12-2024T07:47:31 - [TEST_STEP][PASSED] - year = todaysDate.substring(todaysDate.length() - 4, todaysDate.length()): null

09-12-2024T07:47:31 - [TEST_STEP][PASSED] - y = year.toInteger(): null

09-12-2024T07:47:31 - [TEST_STEP][PASSED] - m = getText(findTestObject("Выполнение бизнес-плана/Период")): Text of object 'Object Repository/Выполнение бизнес-плана/Период' is: '1, 2, 3 кв., Октябрь 2024 года'

09-12-2024T07:47:31 - [MESSAGE][PASSED] - Text of object 'Object Repository/Выполнение бизнес-плана/Период' is: '1, 2, 3 кв., Октябрь 2024 года'

09-12-2024T07:47:31 - [TEST_STEP][PASSED] - m = m.substring(0, m.indexOf("2024")): null

09-12-2024T07:47:31 - [TEST_STEP][PASSED] - m = m.trim(): null

09-12-2024T07:47:31 - [TEST_STEP][PASSED] - dashboardName = "Выполнение бизнес-плана": null

09-12-2024T07:47:31 - [TEST_STEP][PASSED] - workbook01 = getWorkbook(excelFilePath): null

09-12-2024T07:47:31 - [TEST_STEP][PASSED] - sheet01 = getExcelSheet(workbook01, sheetName): null

09-12-2024T07:47:31 - [TEST_STEP][PASSED] - setValueToCellByIndex(sheet01, n, 0, dashboardName): null

09-12-2024T07:47:31 - [TEST_STEP][PASSED] - setValueToCellByIndex(sheet01, n, 1, dZO): null

09-12-2024T07:47:31 - [TEST_STEP][PASSED] - setValueToCellByIndex(sheet01, n, 2, typeOfData): null

09-12-2024T07:47:31 - [TEST_STEP][PASSED] - if (typeOfData == "Факт в процентах" || typeOfData == "План в процентах"): null

09-12-2024T07:47:31 - [TEST_STEP][PASSED] - else: null

09-12-2024T07:47:31 - [TEST_STEP][PASSED] - setValueToCellByIndex(sheet01, n, 3, fileInt): null

09-12-2024T07:47:31 - [TEST_STEP][PASSED] - setValueToCellByIndex(sheet01, n, 4, pageInt): null

09-12-2024T07:47:31 - [TEST_STEP][PASSED] - setValueToCellByIndex(sheet01, n, 5, m): null

09-12-2024T07:47:31 - [TEST_STEP][PASSED] - setValueToCellByIndex(sheet01, n, 6, y): null

09-12-2024T07:47:31 - [TEST_STEP][PASSED] - setValueToCellByIndex(sheet01, n, 7, todaysDate): null

09-12-2024T07:47:31 - [TEST_STEP][PASSED] - n = n + 1: null

09-12-2024T07:47:31 - [TEST_STEP][PASSED] - saveWorkbook(excelFilePath, workbook01): Object: 'Object Repository/Выполнение бизнес-плана/Кнопка Факт' is clicked on

09-12-2024T07:47:31 - [TEST_STEP][PASSED] - if (planFact == 2): Object: 'Object Repository/Выполнение бизнес-плана/Кнопка Факт' is clicked on

09-12-2024T07:47:31 - [TEST_STEP][PASSED] - click(findTestObject("Выполнение бизнес-плана/Кнопка Факт")): Object: 'Object Repository/Выполнение бизнес-плана/Кнопка Факт' is clicked on

09-12-2024T07:47:32 - [MESSAGE][PASSED] - Object: 'Object Repository/Выполнение бизнес-плана/Кнопка Факт' is clicked on

09-12-2024T07:47:32 - [TEST_STEP][PASSED] - if (a == 84 || a == 82): null

09-12-2024T07:47:32 - [TEST_STEP][PASSED] - else if (a == 52 || a == 72 || a == 28 || a == 73 || a == 77 || a == 74 || a == 65 || a == 36 || a == 44 || a == 53 || a == 80 || a == 54 || a == 1 || a == 18 || a == 59 || a == 81): null

09-12-2024T07:47:32 - [TEST_STEP][PASSED] - page1 = getText(findTestObject("Object Repository/Выполнение бизнес-плана/spanPlan" + dzoNum)): Text of object 'Object Repository/Выполнение бизнес-плана/spanPlan2' is: '32.87'

09-12-2024T07:47:32 - [MESSAGE][PASSED] - Text of object 'Object Repository/Выполнение бизнес-плана/spanPlan2' is: '32.87'

09-12-2024T07:47:32 - [TEST_STEP][PASSED] - page1 = page1.replace("|", ""): null

09-12-2024T07:47:32 - [TEST_STEP][PASSED] - page2 = getText(findTestObject("Object Repository/Выполнение бизнес-плана/spanFact" + dzoNum)): Text of object 'Object Repository/Выполнение бизнес-плана/spanFact2' is: '36.59
|'

09-12-2024T07:47:32 - [MESSAGE][PASSED] - Text of object 'Object Repository/Выполнение бизнес-плана/spanFact2' is: '36.59
|'

09-12-2024T07:47:32 - [TEST_STEP][PASSED] - page2 = page2.replace("|", ""): null

09-12-2024T07:47:32 - [TEST_STEP][PASSED] - println("page1: " + page1): null

09-12-2024T07:47:32 - [TEST_STEP][PASSED] - println("page2: " + page2): null

09-12-2024T07:47:32 - [TEST_STEP][PASSED] - file = findTestData("PlanFact").getValue(4, a): null

09-12-2024T07:47:33 - [TEST_STEP][PASSED] - file = file.replace(",", "."): null

09-12-2024T07:47:33 - [TEST_STEP][PASSED] - println("file Plan: " + file): null

09-12-2024T07:47:33 - [TEST_STEP][PASSED] - typeOfData = "План в процентах": null

09-12-2024T07:47:33 - [TEST_STEP][PASSED] - fileDouble = file.toDouble(): null

09-12-2024T07:47:33 - [TEST_STEP][PASSED] - pageDouble = page1.toDouble(): null

09-12-2024T07:47:33 - [TEST_STEP][PASSED] - if (fileDouble != pageDouble): null

09-12-2024T07:47:33 - [TEST_STEP][PASSED] - numberOfErrors = numberOfErrors + 1: null

09-12-2024T07:47:33 - [TEST_STEP][PASSED] - Script1718980020443.WriteToExcel(a, typeOfData, todaysDate, pageInt, fileInt, pageDouble, fileDouble, dZO): null

09-12-2024T07:47:33 - [TEST_STEP][PASSED] - sheetName = "Sheet1": null

09-12-2024T07:47:33 - [TEST_STEP][PASSED] - data = findTestData("PlanFact"): null

09-12-2024T07:47:33 - [TEST_STEP][PASSED] - n = data.getRowNumbers() + 1: null

09-12-2024T07:47:33 - [TEST_STEP][PASSED] - year = todaysDate.substring(todaysDate.length() - 4, todaysDate.length()): null

09-12-2024T07:47:33 - [TEST_STEP][PASSED] - y = year.toInteger(): null

09-12-2024T07:47:33 - [TEST_STEP][PASSED] - m = getText(findTestObject("Выполнение бизнес-плана/Период")): Text of object 'Object Repository/Выполнение бизнес-плана/Период' is: '1, 2, 3 кв., Октябрь 2024 года'

09-12-2024T07:47:33 - [MESSAGE][PASSED] - Text of object 'Object Repository/Выполнение бизнес-плана/Период' is: '1, 2, 3 кв., Октябрь 2024 года'

09-12-2024T07:47:33 - [TEST_STEP][PASSED] - m = m.substring(0, m.indexOf("2024")): null

09-12-2024T07:47:33 - [TEST_STEP][PASSED] - m = m.trim(): null

09-12-2024T07:47:33 - [TEST_STEP][PASSED] - dashboardName = "Выполнение бизнес-плана": null

09-12-2024T07:47:33 - [TEST_STEP][PASSED] - workbook01 = getWorkbook(excelFilePath): null

09-12-2024T07:47:33 - [TEST_STEP][PASSED] - sheet01 = getExcelSheet(workbook01, sheetName): null

09-12-2024T07:47:33 - [TEST_STEP][PASSED] - setValueToCellByIndex(sheet01, n, 0, dashboardName): null

09-12-2024T07:47:33 - [TEST_STEP][PASSED] - setValueToCellByIndex(sheet01, n, 1, dZO): null

09-12-2024T07:47:33 - [TEST_STEP][PASSED] - setValueToCellByIndex(sheet01, n, 2, typeOfData): null

09-12-2024T07:47:33 - [TEST_STEP][PASSED] - if (typeOfData == "Факт в процентах" || typeOfData == "План в процентах"): null

09-12-2024T07:47:33 - [TEST_STEP][PASSED] - setValueToCellByIndex(sheet01, n, 3, fileDouble): null

09-12-2024T07:47:33 - [TEST_STEP][PASSED] - setValueToCellByIndex(sheet01, n, 4, pageDouble): null

09-12-2024T07:47:33 - [TEST_STEP][PASSED] - setValueToCellByIndex(sheet01, n, 5, m): null

09-12-2024T07:47:33 - [TEST_STEP][PASSED] - setValueToCellByIndex(sheet01, n, 6, y): null

09-12-2024T07:47:33 - [TEST_STEP][PASSED] - setValueToCellByIndex(sheet01, n, 7, todaysDate): null

09-12-2024T07:47:33 - [TEST_STEP][PASSED] - n = n + 1: null

09-12-2024T07:47:33 - [TEST_STEP][PASSED] - saveWorkbook(excelFilePath, workbook01): null

09-12-2024T07:47:33 - [TEST_STEP][PASSED] - file = findTestData("PlanFact").getValue(7, a): null

09-12-2024T07:47:33 - [TEST_STEP][PASSED] - file = file.replace(",", "."): null

09-12-2024T07:47:33 - [TEST_STEP][PASSED] - println("file Fact: " + file): null

09-12-2024T07:47:33 - [TEST_STEP][PASSED] - fileDouble = file.toDouble(): null

09-12-2024T07:47:33 - [TEST_STEP][PASSED] - typeOfData = "Факт в процентах": null

09-12-2024T07:47:33 - [TEST_STEP][PASSED] - fileDouble = file.toDouble(): null

09-12-2024T07:47:33 - [TEST_STEP][PASSED] - pageDouble = page2.toDouble(): null

09-12-2024T07:47:33 - [TEST_STEP][PASSED] - if (fileDouble != pageDouble): null

09-12-2024T07:47:33 - [TEST_STEP][PASSED] - numberOfErrors = numberOfErrors + 1: null

09-12-2024T07:47:33 - [TEST_STEP][PASSED] - Script1718980020443.WriteToExcel(a, typeOfData, todaysDate, pageInt, fileInt, pageDouble, fileDouble, dZO): null

09-12-2024T07:47:33 - [TEST_STEP][PASSED] - sheetName = "Sheet1": null

09-12-2024T07:47:33 - [TEST_STEP][PASSED] - data = findTestData("PlanFact"): null

09-12-2024T07:47:33 - [TEST_STEP][PASSED] - n = data.getRowNumbers() + 1: null

09-12-2024T07:47:33 - [TEST_STEP][PASSED] - year = todaysDate.substring(todaysDate.length() - 4, todaysDate.length()): null

09-12-2024T07:47:33 - [TEST_STEP][PASSED] - y = year.toInteger(): null

09-12-2024T07:47:33 - [TEST_STEP][PASSED] - m = getText(findTestObject("Выполнение бизнес-плана/Период")): Text of object 'Object Repository/Выполнение бизнес-плана/Период' is: '1, 2, 3 кв., Октябрь 2024 года'

09-12-2024T07:47:34 - [MESSAGE][PASSED] - Text of object 'Object Repository/Выполнение бизнес-плана/Период' is: '1, 2, 3 кв., Октябрь 2024 года'

09-12-2024T07:47:34 - [TEST_STEP][PASSED] - m = m.substring(0, m.indexOf("2024")): null

09-12-2024T07:47:34 - [TEST_STEP][PASSED] - m = m.trim(): null

09-12-2024T07:47:34 - [TEST_STEP][PASSED] - dashboardName = "Выполнение бизнес-плана": null

09-12-2024T07:47:34 - [TEST_STEP][PASSED] - workbook01 = getWorkbook(excelFilePath): null

09-12-2024T07:47:34 - [TEST_STEP][PASSED] - sheet01 = getExcelSheet(workbook01, sheetName): null

09-12-2024T07:47:34 - [TEST_STEP][PASSED] - setValueToCellByIndex(sheet01, n, 0, dashboardName): null

09-12-2024T07:47:34 - [TEST_STEP][PASSED] - setValueToCellByIndex(sheet01, n, 1, dZO): null

09-12-2024T07:47:34 - [TEST_STEP][PASSED] - setValueToCellByIndex(sheet01, n, 2, typeOfData): null

09-12-2024T07:47:34 - [TEST_STEP][PASSED] - if (typeOfData == "Факт в процентах" || typeOfData == "План в процентах"): null

09-12-2024T07:47:34 - [TEST_STEP][PASSED] - setValueToCellByIndex(sheet01, n, 3, fileDouble): null

09-12-2024T07:47:34 - [TEST_STEP][PASSED] - setValueToCellByIndex(sheet01, n, 4, pageDouble): null

09-12-2024T07:47:34 - [TEST_STEP][PASSED] - setValueToCellByIndex(sheet01, n, 5, m): null

09-12-2024T07:47:34 - [TEST_STEP][PASSED] - setValueToCellByIndex(sheet01, n, 6, y): null

09-12-2024T07:47:34 - [TEST_STEP][PASSED] - setValueToCellByIndex(sheet01, n, 7, todaysDate): null

09-12-2024T07:47:34 - [TEST_STEP][PASSED] - n = n + 1: null

09-12-2024T07:47:34 - [TEST_STEP][PASSED] - saveWorkbook(excelFilePath, workbook01): null

09-12-2024T07:47:34 - [TEST_STEP][FAILED] - if (verifyEqual(numberOfErrors, 0) == false): null

09-12-2024T07:47:34 - [MESSAGE][FAILED] - Unable to verify equal between actual object '6' and expected object '0' (Root cause: com.kms.katalon.core.exception.StepFailedException: Actual object '6' and expected object '0' are not equal
	at com.kms.katalon.core.keyword.builtin.VerifyEqualKeyword$_verifyEqual_closure1.doCall(VerifyEqualKeyword.groovy:58)
	at com.kms.katalon.core.keyword.builtin.VerifyEqualKeyword$_verifyEqual_closure1.call(VerifyEqualKeyword.groovy)
	at com.kms.katalon.core.keyword.internal.KeywordMain.runKeyword(KeywordMain.groovy:75)
	at com.kms.katalon.core.keyword.builtin.VerifyEqualKeyword.verifyEqual(VerifyEqualKeyword.groovy:63)
	at com.kms.katalon.core.keyword.builtin.VerifyEqualKeyword.execute(VerifyEqualKeyword.groovy:44)
	at com.kms.katalon.core.keyword.internal.KeywordExecutor.executeKeywordForPlatform(KeywordExecutor.groovy:74)
	at com.kms.katalon.core.keyword.BuiltinKeywords.verifyEqual(BuiltinKeywords.groovy:146)
	at java.base/jdk.internal.reflect.NativeMethodAccessorImpl.invoke0(Native Method)
	at java.base/jdk.internal.reflect.NativeMethodAccessorImpl.invoke(NativeMethodAccessorImpl.java:77)
	at java.base/jdk.internal.reflect.DelegatingMethodAccessorImpl.invoke(DelegatingMethodAccessorImpl.java:43)
	at Выполнение бизнес-плана Сверка ПАО Россети все филиалы.Numbers(Выполнение бизнес-плана Сверка ПАО Россети все филиалы:752)
	at Выполнение бизнес-плана Сверка ПАО Россети все филиалы.run(Выполнение бизнес-плана Сверка ПАО Россети все филиалы:246)
	at com.kms.katalon.core.main.ScriptEngine.run(ScriptEngine.java:194)
	at com.kms.katalon.core.main.ScriptEngine.runScriptAsRawText(ScriptEngine.java:119)
	at com.kms.katalon.core.main.TestCaseExecutor.runScript(TestCaseExecutor.java:448)
	at com.kms.katalon.core.main.TestCaseExecutor.doExecute(TestCaseExecutor.java:439)
	at com.kms.katalon.core.main.TestCaseExecutor.processExecutionPhase(TestCaseExecutor.java:418)
	at com.kms.katalon.core.main.TestCaseExecutor.accessMainPhase(TestCaseExecutor.java:410)
	at com.kms.katalon.core.main.TestCaseExecutor.execute(TestCaseExecutor.java:285)
	at com.kms.katalon.core.common.CommonExecutor.accessTestCaseMainPhase(CommonExecutor.java:65)
	at com.kms.katalon.core.main.TestSuiteExecutor.accessTestSuiteMainPhase(TestSuiteExecutor.java:150)
	at com.kms.katalon.core.main.TestSuiteExecutor.execute(TestSuiteExecutor.java:106)
	at com.kms.katalon.core.main.TestCaseMain.startTestSuite(TestCaseMain.java:180)
	at TempTestSuite1733719229947.run(TempTestSuite1733719229947.groovy:35)
	at java.base/jdk.internal.reflect.NativeMethodAccessorImpl.invoke0(Native Method)
	at java.base/jdk.internal.reflect.NativeMethodAccessorImpl.invoke(NativeMethodAccessorImpl.java:77)
	at java.base/jdk.internal.reflect.DelegatingMethodAccessorImpl.invoke(DelegatingMethodAccessorImpl.java:43)
)

09-12-2024T07:47:34 - [TEST_STEP][PASSED] - println(numberOfErrors): null

09-12-2024T07:47:34 - [TEST_STEP][PASSED] - if (a == 28 || a == 77 || a == 74 || a == 65 || a == 36 || a == 44 || a == 54 || a == 1 || a == 18 || a == 59): null

09-12-2024T07:47:34 - [TEST_STEP][PASSED] - if (a == 82): null

09-12-2024T07:47:34 - [TEST_STEP][PASSED] - println(dzoNum): null

09-12-2024T07:47:34 - [TEST_STEP][PASSED] - a = 28: null

09-12-2024T07:47:34 - [TEST_STEP][PASSED] - dZO = "Россети Волга": null

09-12-2024T07:47:34 - [TEST_STEP][PASSED] - if (x1.contains(dZO)): null

09-12-2024T07:47:34 - [TEST_STEP][PASSED] - else: null

09-12-2024T07:47:34 - [TEST_STEP][PASSED] - Script1718980020443.NoData(a, typeOfData, todaysDate, fileInt, fileDouble, dZO): null

09-12-2024T07:47:34 - [TEST_STEP][PASSED] - println(a): null

09-12-2024T07:47:34 - [TEST_STEP][PASSED] - println(todaysDate): null

09-12-2024T07:47:34 - [TEST_STEP][PASSED] - println(fileInt): null

09-12-2024T07:47:34 - [TEST_STEP][PASSED] - println(fileDouble): null

09-12-2024T07:47:34 - [TEST_STEP][PASSED] - println(dZO): null

09-12-2024T07:47:34 - [TEST_STEP][PASSED] - typeOfData = "Факт Отпуск в сеть": null

09-12-2024T07:47:34 - [TEST_STEP][PASSED] - fileInt = replaceAll("\s+", "").toInteger(): null

09-12-2024T07:47:34 - [TEST_STEP][PASSED] - Script1718980020443.WriteToExcelNoData(a, typeOfData, todaysDate, fileInt, fileDouble, dZO): null

09-12-2024T07:47:34 - [TEST_STEP][PASSED] - sheetName = "Sheet1": null

09-12-2024T07:47:34 - [TEST_STEP][PASSED] - data = findTestData("PlanFact"): null

09-12-2024T07:47:34 - [TEST_STEP][PASSED] - n = data.getRowNumbers() + 1: null

09-12-2024T07:47:34 - [TEST_STEP][PASSED] - year = todaysDate.substring(todaysDate.length() - 4, todaysDate.length()): null

09-12-2024T07:47:34 - [TEST_STEP][PASSED] - y = year.toInteger(): null

09-12-2024T07:47:34 - [TEST_STEP][PASSED] - m = getText(findTestObject("Выполнение бизнес-плана/Период")): Text of object 'Object Repository/Выполнение бизнес-плана/Период' is: '1, 2, 3 кв., Октябрь 2024 года'

09-12-2024T07:47:34 - [MESSAGE][PASSED] - Text of object 'Object Repository/Выполнение бизнес-плана/Период' is: '1, 2, 3 кв., Октябрь 2024 года'

09-12-2024T07:47:34 - [TEST_STEP][PASSED] - m = m.substring(0, m.indexOf("2024")): null

09-12-2024T07:47:34 - [TEST_STEP][PASSED] - m = m.trim(): null

09-12-2024T07:47:34 - [TEST_STEP][PASSED] - dashboardName = "Выполнение бизнес-плана": null

09-12-2024T07:47:34 - [TEST_STEP][PASSED] - workbook01 = getWorkbook(excelFilePath): null

09-12-2024T07:47:34 - [TEST_STEP][PASSED] - sheet01 = getExcelSheet(workbook01, sheetName): null

09-12-2024T07:47:34 - [TEST_STEP][PASSED] - setValueToCellByIndex(sheet01, n, 0, dashboardName): null

09-12-2024T07:47:34 - [TEST_STEP][PASSED] - setValueToCellByIndex(sheet01, n, 1, dZO): null

09-12-2024T07:47:34 - [TEST_STEP][PASSED] - setValueToCellByIndex(sheet01, n, 2, typeOfData): null

09-12-2024T07:47:34 - [TEST_STEP][PASSED] - if (typeOfData == "Факт в процентах" || typeOfData == "План в процентах"): null

09-12-2024T07:47:34 - [TEST_STEP][PASSED] - else: null

09-12-2024T07:47:34 - [TEST_STEP][PASSED] - setValueToCellByIndex(sheet01, n, 3, fileInt): null

09-12-2024T07:47:34 - [TEST_STEP][PASSED] - setValueToCellByIndex(sheet01, n, 4, "нет данных"): null

09-12-2024T07:47:34 - [TEST_STEP][PASSED] - setValueToCellByIndex(sheet01, n, 5, m): null

09-12-2024T07:47:34 - [TEST_STEP][PASSED] - setValueToCellByIndex(sheet01, n, 6, y): null

09-12-2024T07:47:34 - [TEST_STEP][PASSED] - setValueToCellByIndex(sheet01, n, 7, todaysDate): null

09-12-2024T07:47:34 - [TEST_STEP][PASSED] - n = n + 1: null

09-12-2024T07:47:34 - [TEST_STEP][PASSED] - saveWorkbook(excelFilePath, workbook01): null

09-12-2024T07:47:35 - [TEST_STEP][PASSED] - typeOfData = "Факт Потери": null

09-12-2024T07:47:35 - [TEST_STEP][PASSED] - fileInt = replaceAll("\s+", "").toInteger(): null

09-12-2024T07:47:35 - [TEST_STEP][PASSED] - Script1718980020443.WriteToExcelNoData(a, typeOfData, todaysDate, fileInt, fileDouble, dZO): null

09-12-2024T07:47:35 - [TEST_STEP][PASSED] - sheetName = "Sheet1": null

09-12-2024T07:47:35 - [TEST_STEP][PASSED] - data = findTestData("PlanFact"): null

09-12-2024T07:47:35 - [TEST_STEP][PASSED] - n = data.getRowNumbers() + 1: null

09-12-2024T07:47:35 - [TEST_STEP][PASSED] - year = todaysDate.substring(todaysDate.length() - 4, todaysDate.length()): null

09-12-2024T07:47:35 - [TEST_STEP][PASSED] - y = year.toInteger(): null

09-12-2024T07:47:35 - [TEST_STEP][PASSED] - m = getText(findTestObject("Выполнение бизнес-плана/Период")): Text of object 'Object Repository/Выполнение бизнес-плана/Период' is: '1, 2, 3 кв., Октябрь 2024 года'

09-12-2024T07:47:35 - [MESSAGE][PASSED] - Text of object 'Object Repository/Выполнение бизнес-плана/Период' is: '1, 2, 3 кв., Октябрь 2024 года'

09-12-2024T07:47:35 - [TEST_STEP][PASSED] - m = m.substring(0, m.indexOf("2024")): null

09-12-2024T07:47:35 - [TEST_STEP][PASSED] - m = m.trim(): null

09-12-2024T07:47:35 - [TEST_STEP][PASSED] - dashboardName = "Выполнение бизнес-плана": null

09-12-2024T07:47:35 - [TEST_STEP][PASSED] - workbook01 = getWorkbook(excelFilePath): null

09-12-2024T07:47:35 - [TEST_STEP][PASSED] - sheet01 = getExcelSheet(workbook01, sheetName): null

09-12-2024T07:47:35 - [TEST_STEP][PASSED] - setValueToCellByIndex(sheet01, n, 0, dashboardName): null

09-12-2024T07:47:35 - [TEST_STEP][PASSED] - setValueToCellByIndex(sheet01, n, 1, dZO): null

09-12-2024T07:47:35 - [TEST_STEP][PASSED] - setValueToCellByIndex(sheet01, n, 2, typeOfData): null

09-12-2024T07:47:35 - [TEST_STEP][PASSED] - if (typeOfData == "Факт в процентах" || typeOfData == "План в процентах"): null

09-12-2024T07:47:35 - [TEST_STEP][PASSED] - else: null

09-12-2024T07:47:35 - [TEST_STEP][PASSED] - setValueToCellByIndex(sheet01, n, 3, fileInt): null

09-12-2024T07:47:35 - [TEST_STEP][PASSED] - setValueToCellByIndex(sheet01, n, 4, "нет данных"): null

09-12-2024T07:47:35 - [TEST_STEP][PASSED] - setValueToCellByIndex(sheet01, n, 5, m): null

09-12-2024T07:47:35 - [TEST_STEP][PASSED] - setValueToCellByIndex(sheet01, n, 6, y): null

09-12-2024T07:47:35 - [TEST_STEP][PASSED] - setValueToCellByIndex(sheet01, n, 7, todaysDate): null

09-12-2024T07:47:35 - [TEST_STEP][PASSED] - n = n + 1: null

09-12-2024T07:47:35 - [TEST_STEP][PASSED] - saveWorkbook(excelFilePath, workbook01): null

09-12-2024T07:47:35 - [TEST_STEP][PASSED] - typeOfData = "План Отпуск в сеть": null

09-12-2024T07:47:35 - [TEST_STEP][PASSED] - fileInt = replaceAll("\s+", "").toInteger(): null

09-12-2024T07:47:35 - [TEST_STEP][PASSED] - Script1718980020443.WriteToExcelNoData(a, typeOfData, todaysDate, fileInt, fileDouble, dZO): null

09-12-2024T07:47:35 - [TEST_STEP][PASSED] - sheetName = "Sheet1": null

09-12-2024T07:47:35 - [TEST_STEP][PASSED] - data = findTestData("PlanFact"): null

09-12-2024T07:47:36 - [TEST_STEP][PASSED] - n = data.getRowNumbers() + 1: null

09-12-2024T07:47:36 - [TEST_STEP][PASSED] - year = todaysDate.substring(todaysDate.length() - 4, todaysDate.length()): null

09-12-2024T07:47:36 - [TEST_STEP][PASSED] - y = year.toInteger(): null

09-12-2024T07:47:36 - [TEST_STEP][PASSED] - m = getText(findTestObject("Выполнение бизнес-плана/Период")): Text of object 'Object Repository/Выполнение бизнес-плана/Период' is: '1, 2, 3 кв., Октябрь 2024 года'

09-12-2024T07:47:36 - [MESSAGE][PASSED] - Text of object 'Object Repository/Выполнение бизнес-плана/Период' is: '1, 2, 3 кв., Октябрь 2024 года'

09-12-2024T07:47:36 - [TEST_STEP][PASSED] - m = m.substring(0, m.indexOf("2024")): null

09-12-2024T07:47:36 - [TEST_STEP][PASSED] - m = m.trim(): null

09-12-2024T07:47:36 - [TEST_STEP][PASSED] - dashboardName = "Выполнение бизнес-плана": null

09-12-2024T07:47:36 - [TEST_STEP][PASSED] - workbook01 = getWorkbook(excelFilePath): null

09-12-2024T07:47:36 - [TEST_STEP][PASSED] - sheet01 = getExcelSheet(workbook01, sheetName): null

09-12-2024T07:47:36 - [TEST_STEP][PASSED] - setValueToCellByIndex(sheet01, n, 0, dashboardName): null

09-12-2024T07:47:36 - [TEST_STEP][PASSED] - setValueToCellByIndex(sheet01, n, 1, dZO): null

09-12-2024T07:47:36 - [TEST_STEP][PASSED] - setValueToCellByIndex(sheet01, n, 2, typeOfData): null

09-12-2024T07:47:36 - [TEST_STEP][PASSED] - if (typeOfData == "Факт в процентах" || typeOfData == "План в процентах"): null

09-12-2024T07:47:36 - [TEST_STEP][PASSED] - else: null

09-12-2024T07:47:36 - [TEST_STEP][PASSED] - setValueToCellByIndex(sheet01, n, 3, fileInt): null

09-12-2024T07:47:36 - [TEST_STEP][PASSED] - setValueToCellByIndex(sheet01, n, 4, "нет данных"): null

09-12-2024T07:47:36 - [TEST_STEP][PASSED] - setValueToCellByIndex(sheet01, n, 5, m): null

09-12-2024T07:47:36 - [TEST_STEP][PASSED] - setValueToCellByIndex(sheet01, n, 6, y): null

09-12-2024T07:47:36 - [TEST_STEP][PASSED] - setValueToCellByIndex(sheet01, n, 7, todaysDate): null

09-12-2024T07:47:36 - [TEST_STEP][PASSED] - n = n + 1: null

09-12-2024T07:47:36 - [TEST_STEP][PASSED] - saveWorkbook(excelFilePath, workbook01): null

09-12-2024T07:47:36 - [TEST_STEP][PASSED] - typeOfData = "План Потери": null

09-12-2024T07:47:36 - [TEST_STEP][PASSED] - fileInt = replaceAll("\s+", "").toInteger(): null

09-12-2024T07:47:36 - [TEST_STEP][PASSED] - Script1718980020443.WriteToExcelNoData(a, typeOfData, todaysDate, fileInt, fileDouble, dZO): null

09-12-2024T07:47:36 - [TEST_STEP][PASSED] - sheetName = "Sheet1": null

09-12-2024T07:47:36 - [TEST_STEP][PASSED] - data = findTestData("PlanFact"): null

09-12-2024T07:47:36 - [TEST_STEP][PASSED] - n = data.getRowNumbers() + 1: null

09-12-2024T07:47:36 - [TEST_STEP][PASSED] - year = todaysDate.substring(todaysDate.length() - 4, todaysDate.length()): null

09-12-2024T07:47:36 - [TEST_STEP][PASSED] - y = year.toInteger(): null

09-12-2024T07:47:36 - [TEST_STEP][PASSED] - m = getText(findTestObject("Выполнение бизнес-плана/Период")): Text of object 'Object Repository/Выполнение бизнес-плана/Период' is: '1, 2, 3 кв., Октябрь 2024 года'

09-12-2024T07:47:37 - [MESSAGE][PASSED] - Text of object 'Object Repository/Выполнение бизнес-плана/Период' is: '1, 2, 3 кв., Октябрь 2024 года'

09-12-2024T07:47:37 - [TEST_STEP][PASSED] - m = m.substring(0, m.indexOf("2024")): null

09-12-2024T07:47:37 - [TEST_STEP][PASSED] - m = m.trim(): null

09-12-2024T07:47:37 - [TEST_STEP][PASSED] - dashboardName = "Выполнение бизнес-плана": null

09-12-2024T07:47:37 - [TEST_STEP][PASSED] - workbook01 = getWorkbook(excelFilePath): null

09-12-2024T07:47:37 - [TEST_STEP][PASSED] - sheet01 = getExcelSheet(workbook01, sheetName): null

09-12-2024T07:47:37 - [TEST_STEP][PASSED] - setValueToCellByIndex(sheet01, n, 0, dashboardName): null

09-12-2024T07:47:37 - [TEST_STEP][PASSED] - setValueToCellByIndex(sheet01, n, 1, dZO): null

09-12-2024T07:47:37 - [TEST_STEP][PASSED] - setValueToCellByIndex(sheet01, n, 2, typeOfData): null

09-12-2024T07:47:37 - [TEST_STEP][PASSED] - if (typeOfData == "Факт в процентах" || typeOfData == "План в процентах"): null

09-12-2024T07:47:37 - [TEST_STEP][PASSED] - else: null

09-12-2024T07:47:37 - [TEST_STEP][PASSED] - setValueToCellByIndex(sheet01, n, 3, fileInt): null

09-12-2024T07:47:37 - [TEST_STEP][PASSED] - setValueToCellByIndex(sheet01, n, 4, "нет данных"): null

09-12-2024T07:47:37 - [TEST_STEP][PASSED] - setValueToCellByIndex(sheet01, n, 5, m): null

09-12-2024T07:47:37 - [TEST_STEP][PASSED] - setValueToCellByIndex(sheet01, n, 6, y): null

09-12-2024T07:47:37 - [TEST_STEP][PASSED] - setValueToCellByIndex(sheet01, n, 7, todaysDate): null

09-12-2024T07:47:37 - [TEST_STEP][PASSED] - n = n + 1: null

09-12-2024T07:47:37 - [TEST_STEP][PASSED] - saveWorkbook(excelFilePath, workbook01): null

09-12-2024T07:47:37 - [TEST_STEP][PASSED] - typeOfData = "План в процентах": null

09-12-2024T07:47:37 - [TEST_STEP][PASSED] - fileDouble = ").toDouble(): null

09-12-2024T07:47:37 - [TEST_STEP][PASSED] - Script1718980020443.WriteToExcelNoData(a, typeOfData, todaysDate, fileInt, fileDouble, dZO): null

09-12-2024T07:47:37 - [TEST_STEP][PASSED] - sheetName = "Sheet1": null

09-12-2024T07:47:37 - [TEST_STEP][PASSED] - data = findTestData("PlanFact"): null

09-12-2024T07:47:37 - [TEST_STEP][PASSED] - n = data.getRowNumbers() + 1: null

09-12-2024T07:47:37 - [TEST_STEP][PASSED] - year = todaysDate.substring(todaysDate.length() - 4, todaysDate.length()): null

09-12-2024T07:47:37 - [TEST_STEP][PASSED] - y = year.toInteger(): null

09-12-2024T07:47:37 - [TEST_STEP][PASSED] - m = getText(findTestObject("Выполнение бизнес-плана/Период")): Text of object 'Object Repository/Выполнение бизнес-плана/Период' is: '1, 2, 3 кв., Октябрь 2024 года'

09-12-2024T07:47:37 - [MESSAGE][PASSED] - Text of object 'Object Repository/Выполнение бизнес-плана/Период' is: '1, 2, 3 кв., Октябрь 2024 года'

09-12-2024T07:47:37 - [TEST_STEP][PASSED] - m = m.substring(0, m.indexOf("2024")): null

09-12-2024T07:47:37 - [TEST_STEP][PASSED] - m = m.trim(): null

09-12-2024T07:47:37 - [TEST_STEP][PASSED] - dashboardName = "Выполнение бизнес-плана": null

09-12-2024T07:47:37 - [TEST_STEP][PASSED] - workbook01 = getWorkbook(excelFilePath): null

09-12-2024T07:47:37 - [TEST_STEP][PASSED] - sheet01 = getExcelSheet(workbook01, sheetName): null

09-12-2024T07:47:37 - [TEST_STEP][PASSED] - setValueToCellByIndex(sheet01, n, 0, dashboardName): null

09-12-2024T07:47:37 - [TEST_STEP][PASSED] - setValueToCellByIndex(sheet01, n, 1, dZO): null

09-12-2024T07:47:37 - [TEST_STEP][PASSED] - setValueToCellByIndex(sheet01, n, 2, typeOfData): null

09-12-2024T07:47:37 - [TEST_STEP][PASSED] - if (typeOfData == "Факт в процентах" || typeOfData == "План в процентах"): null

09-12-2024T07:47:37 - [TEST_STEP][PASSED] - setValueToCellByIndex(sheet01, n, 3, fileDouble): null

09-12-2024T07:47:37 - [TEST_STEP][PASSED] - setValueToCellByIndex(sheet01, n, 4, "нет данных"): null

09-12-2024T07:47:37 - [TEST_STEP][PASSED] - setValueToCellByIndex(sheet01, n, 5, m): null

09-12-2024T07:47:37 - [TEST_STEP][PASSED] - setValueToCellByIndex(sheet01, n, 6, y): null

09-12-2024T07:47:37 - [TEST_STEP][PASSED] - setValueToCellByIndex(sheet01, n, 7, todaysDate): null

09-12-2024T07:47:37 - [TEST_STEP][PASSED] - n = n + 1: null

09-12-2024T07:47:37 - [TEST_STEP][PASSED] - saveWorkbook(excelFilePath, workbook01): null

09-12-2024T07:47:38 - [TEST_STEP][PASSED] - typeOfData = "Факт в процентах": null

09-12-2024T07:47:38 - [TEST_STEP][PASSED] - fileDouble = ").toDouble(): null

09-12-2024T07:47:38 - [TEST_STEP][PASSED] - Script1718980020443.WriteToExcelNoData(a, typeOfData, todaysDate, fileInt, fileDouble, dZO): null

09-12-2024T07:47:38 - [TEST_STEP][PASSED] - sheetName = "Sheet1": null

09-12-2024T07:47:38 - [TEST_STEP][PASSED] - data = findTestData("PlanFact"): null

09-12-2024T07:47:38 - [TEST_STEP][PASSED] - n = data.getRowNumbers() + 1: null

09-12-2024T07:47:38 - [TEST_STEP][PASSED] - year = todaysDate.substring(todaysDate.length() - 4, todaysDate.length()): null

09-12-2024T07:47:38 - [TEST_STEP][PASSED] - y = year.toInteger(): null

09-12-2024T07:47:38 - [TEST_STEP][PASSED] - m = getText(findTestObject("Выполнение бизнес-плана/Период")): Text of object 'Object Repository/Выполнение бизнес-плана/Период' is: '1, 2, 3 кв., Октябрь 2024 года'

09-12-2024T07:47:38 - [MESSAGE][PASSED] - Text of object 'Object Repository/Выполнение бизнес-плана/Период' is: '1, 2, 3 кв., Октябрь 2024 года'

09-12-2024T07:47:38 - [TEST_STEP][PASSED] - m = m.substring(0, m.indexOf("2024")): null

09-12-2024T07:47:38 - [TEST_STEP][PASSED] - m = m.trim(): null

09-12-2024T07:47:38 - [TEST_STEP][PASSED] - dashboardName = "Выполнение бизнес-плана": null

09-12-2024T07:47:38 - [TEST_STEP][PASSED] - workbook01 = getWorkbook(excelFilePath): null

09-12-2024T07:47:38 - [TEST_STEP][PASSED] - sheet01 = getExcelSheet(workbook01, sheetName): null

09-12-2024T07:47:38 - [TEST_STEP][PASSED] - setValueToCellByIndex(sheet01, n, 0, dashboardName): null

09-12-2024T07:47:38 - [TEST_STEP][PASSED] - setValueToCellByIndex(sheet01, n, 1, dZO): null

09-12-2024T07:47:38 - [TEST_STEP][PASSED] - setValueToCellByIndex(sheet01, n, 2, typeOfData): null

09-12-2024T07:47:38 - [TEST_STEP][PASSED] - if (typeOfData == "Факт в процентах" || typeOfData == "План в процентах"): null

09-12-2024T07:47:38 - [TEST_STEP][PASSED] - setValueToCellByIndex(sheet01, n, 3, fileDouble): null

09-12-2024T07:47:38 - [TEST_STEP][PASSED] - setValueToCellByIndex(sheet01, n, 4, "нет данных"): null

09-12-2024T07:47:38 - [TEST_STEP][PASSED] - setValueToCellByIndex(sheet01, n, 5, m): null

09-12-2024T07:47:38 - [TEST_STEP][PASSED] - setValueToCellByIndex(sheet01, n, 6, y): null

09-12-2024T07:47:38 - [TEST_STEP][PASSED] - setValueToCellByIndex(sheet01, n, 7, todaysDate): null

09-12-2024T07:47:38 - [TEST_STEP][PASSED] - n = n + 1: null

09-12-2024T07:47:38 - [TEST_STEP][PASSED] - saveWorkbook(excelFilePath, workbook01): null

09-12-2024T07:47:38 - [TEST_STEP][PASSED] - println(dzoNum): null

09-12-2024T07:47:38 - [TEST_STEP][PASSED] - dZO = "Россети Кубань": null

09-12-2024T07:47:38 - [TEST_STEP][PASSED] - a = 73: null

09-12-2024T07:47:38 - [TEST_STEP][PASSED] - if (x1.contains(dZO)): null

09-12-2024T07:47:38 - [TEST_STEP][PASSED] - else: null

09-12-2024T07:47:38 - [TEST_STEP][PASSED] - Script1718980020443.NoData(a, typeOfData, todaysDate, fileInt, fileDouble, dZO): null

09-12-2024T07:47:38 - [TEST_STEP][PASSED] - println(a): null

09-12-2024T07:47:38 - [TEST_STEP][PASSED] - println(todaysDate): null

09-12-2024T07:47:38 - [TEST_STEP][PASSED] - println(fileInt): null

09-12-2024T07:47:38 - [TEST_STEP][PASSED] - println(fileDouble): null

09-12-2024T07:47:38 - [TEST_STEP][PASSED] - println(dZO): null

09-12-2024T07:47:38 - [TEST_STEP][PASSED] - typeOfData = "Факт Отпуск в сеть": null

09-12-2024T07:47:38 - [TEST_STEP][PASSED] - fileInt = replaceAll("\s+", "").toInteger(): null

09-12-2024T07:47:39 - [TEST_STEP][PASSED] - Script1718980020443.WriteToExcelNoData(a, typeOfData, todaysDate, fileInt, fileDouble, dZO): null

09-12-2024T07:47:39 - [TEST_STEP][PASSED] - sheetName = "Sheet1": null

09-12-2024T07:47:39 - [TEST_STEP][PASSED] - data = findTestData("PlanFact"): null

09-12-2024T07:47:39 - [TEST_STEP][PASSED] - n = data.getRowNumbers() + 1: null

09-12-2024T07:47:39 - [TEST_STEP][PASSED] - year = todaysDate.substring(todaysDate.length() - 4, todaysDate.length()): null

09-12-2024T07:47:39 - [TEST_STEP][PASSED] - y = year.toInteger(): null

09-12-2024T07:47:39 - [TEST_STEP][PASSED] - m = getText(findTestObject("Выполнение бизнес-плана/Период")): Text of object 'Object Repository/Выполнение бизнес-плана/Период' is: '1, 2, 3 кв., Октябрь 2024 года'

09-12-2024T07:47:39 - [MESSAGE][PASSED] - Text of object 'Object Repository/Выполнение бизнес-плана/Период' is: '1, 2, 3 кв., Октябрь 2024 года'

09-12-2024T07:47:39 - [TEST_STEP][PASSED] - m = m.substring(0, m.indexOf("2024")): null

09-12-2024T07:47:39 - [TEST_STEP][PASSED] - m = m.trim(): null

09-12-2024T07:47:39 - [TEST_STEP][PASSED] - dashboardName = "Выполнение бизнес-плана": null

09-12-2024T07:47:39 - [TEST_STEP][PASSED] - workbook01 = getWorkbook(excelFilePath): null

09-12-2024T07:47:39 - [TEST_STEP][PASSED] - sheet01 = getExcelSheet(workbook01, sheetName): null

09-12-2024T07:47:39 - [TEST_STEP][PASSED] - setValueToCellByIndex(sheet01, n, 0, dashboardName): null

09-12-2024T07:47:39 - [TEST_STEP][PASSED] - setValueToCellByIndex(sheet01, n, 1, dZO): null

09-12-2024T07:47:39 - [TEST_STEP][PASSED] - setValueToCellByIndex(sheet01, n, 2, typeOfData): null

09-12-2024T07:47:39 - [TEST_STEP][PASSED] - if (typeOfData == "Факт в процентах" || typeOfData == "План в процентах"): null

09-12-2024T07:47:39 - [TEST_STEP][PASSED] - else: null

09-12-2024T07:47:39 - [TEST_STEP][PASSED] - setValueToCellByIndex(sheet01, n, 3, fileInt): null

09-12-2024T07:47:39 - [TEST_STEP][PASSED] - setValueToCellByIndex(sheet01, n, 4, "нет данных"): null

09-12-2024T07:47:39 - [TEST_STEP][PASSED] - setValueToCellByIndex(sheet01, n, 5, m): null

09-12-2024T07:47:39 - [TEST_STEP][PASSED] - setValueToCellByIndex(sheet01, n, 6, y): null

09-12-2024T07:47:39 - [TEST_STEP][PASSED] - setValueToCellByIndex(sheet01, n, 7, todaysDate): null

09-12-2024T07:47:39 - [TEST_STEP][PASSED] - n = n + 1: null

09-12-2024T07:47:39 - [TEST_STEP][PASSED] - saveWorkbook(excelFilePath, workbook01): null

09-12-2024T07:47:39 - [TEST_STEP][PASSED] - typeOfData = "Факт Потери": null

09-12-2024T07:47:39 - [TEST_STEP][PASSED] - fileInt = replaceAll("\s+", "").toInteger(): null

09-12-2024T07:47:39 - [TEST_STEP][PASSED] - Script1718980020443.WriteToExcelNoData(a, typeOfData, todaysDate, fileInt, fileDouble, dZO): null

09-12-2024T07:47:39 - [TEST_STEP][PASSED] - sheetName = "Sheet1": null

09-12-2024T07:47:39 - [TEST_STEP][PASSED] - data = findTestData("PlanFact"): null

09-12-2024T07:47:39 - [TEST_STEP][PASSED] - n = data.getRowNumbers() + 1: null

09-12-2024T07:47:39 - [TEST_STEP][PASSED] - year = todaysDate.substring(todaysDate.length() - 4, todaysDate.length()): null

09-12-2024T07:47:39 - [TEST_STEP][PASSED] - y = year.toInteger(): null

09-12-2024T07:47:39 - [TEST_STEP][PASSED] - m = getText(findTestObject("Выполнение бизнес-плана/Период")): Text of object 'Object Repository/Выполнение бизнес-плана/Период' is: '1, 2, 3 кв., Октябрь 2024 года'

09-12-2024T07:47:40 - [MESSAGE][PASSED] - Text of object 'Object Repository/Выполнение бизнес-плана/Период' is: '1, 2, 3 кв., Октябрь 2024 года'

09-12-2024T07:47:40 - [TEST_STEP][PASSED] - m = m.substring(0, m.indexOf("2024")): null

09-12-2024T07:47:40 - [TEST_STEP][PASSED] - m = m.trim(): null

09-12-2024T07:47:40 - [TEST_STEP][PASSED] - dashboardName = "Выполнение бизнес-плана": null

09-12-2024T07:47:40 - [TEST_STEP][PASSED] - workbook01 = getWorkbook(excelFilePath): null

09-12-2024T07:47:40 - [TEST_STEP][PASSED] - sheet01 = getExcelSheet(workbook01, sheetName): null

09-12-2024T07:47:40 - [TEST_STEP][PASSED] - setValueToCellByIndex(sheet01, n, 0, dashboardName): null

09-12-2024T07:47:40 - [TEST_STEP][PASSED] - setValueToCellByIndex(sheet01, n, 1, dZO): null

09-12-2024T07:47:40 - [TEST_STEP][PASSED] - setValueToCellByIndex(sheet01, n, 2, typeOfData): null

09-12-2024T07:47:40 - [TEST_STEP][PASSED] - if (typeOfData == "Факт в процентах" || typeOfData == "План в процентах"): null

09-12-2024T07:47:40 - [TEST_STEP][PASSED] - else: null

09-12-2024T07:47:40 - [TEST_STEP][PASSED] - setValueToCellByIndex(sheet01, n, 3, fileInt): null

09-12-2024T07:47:40 - [TEST_STEP][PASSED] - setValueToCellByIndex(sheet01, n, 4, "нет данных"): null

09-12-2024T07:47:40 - [TEST_STEP][PASSED] - setValueToCellByIndex(sheet01, n, 5, m): null

09-12-2024T07:47:40 - [TEST_STEP][PASSED] - setValueToCellByIndex(sheet01, n, 6, y): null

09-12-2024T07:47:40 - [TEST_STEP][PASSED] - setValueToCellByIndex(sheet01, n, 7, todaysDate): null

09-12-2024T07:47:40 - [TEST_STEP][PASSED] - n = n + 1: null

09-12-2024T07:47:40 - [TEST_STEP][PASSED] - saveWorkbook(excelFilePath, workbook01): null

09-12-2024T07:47:40 - [TEST_STEP][PASSED] - typeOfData = "План Отпуск в сеть": null

09-12-2024T07:47:40 - [TEST_STEP][PASSED] - fileInt = replaceAll("\s+", "").toInteger(): null

09-12-2024T07:47:40 - [TEST_STEP][PASSED] - Script1718980020443.WriteToExcelNoData(a, typeOfData, todaysDate, fileInt, fileDouble, dZO): null

09-12-2024T07:47:40 - [TEST_STEP][PASSED] - sheetName = "Sheet1": null

09-12-2024T07:47:40 - [TEST_STEP][PASSED] - data = findTestData("PlanFact"): null

09-12-2024T07:47:40 - [TEST_STEP][PASSED] - n = data.getRowNumbers() + 1: null

09-12-2024T07:47:40 - [TEST_STEP][PASSED] - year = todaysDate.substring(todaysDate.length() - 4, todaysDate.length()): null

09-12-2024T07:47:40 - [TEST_STEP][PASSED] - y = year.toInteger(): null

09-12-2024T07:47:40 - [TEST_STEP][PASSED] - m = getText(findTestObject("Выполнение бизнес-плана/Период")): Text of object 'Object Repository/Выполнение бизнес-плана/Период' is: '1, 2, 3 кв., Октябрь 2024 года'

09-12-2024T07:47:40 - [MESSAGE][PASSED] - Text of object 'Object Repository/Выполнение бизнес-плана/Период' is: '1, 2, 3 кв., Октябрь 2024 года'

09-12-2024T07:47:40 - [TEST_STEP][PASSED] - m = m.substring(0, m.indexOf("2024")): null

09-12-2024T07:47:40 - [TEST_STEP][PASSED] - m = m.trim(): null

09-12-2024T07:47:40 - [TEST_STEP][PASSED] - dashboardName = "Выполнение бизнес-плана": null

09-12-2024T07:47:40 - [TEST_STEP][PASSED] - workbook01 = getWorkbook(excelFilePath): null

09-12-2024T07:47:40 - [TEST_STEP][PASSED] - sheet01 = getExcelSheet(workbook01, sheetName): null

09-12-2024T07:47:40 - [TEST_STEP][PASSED] - setValueToCellByIndex(sheet01, n, 0, dashboardName): null

09-12-2024T07:47:40 - [TEST_STEP][PASSED] - setValueToCellByIndex(sheet01, n, 1, dZO): null

09-12-2024T07:47:40 - [TEST_STEP][PASSED] - setValueToCellByIndex(sheet01, n, 2, typeOfData): null

09-12-2024T07:47:40 - [TEST_STEP][PASSED] - if (typeOfData == "Факт в процентах" || typeOfData == "План в процентах"): null

09-12-2024T07:47:40 - [TEST_STEP][PASSED] - else: null

09-12-2024T07:47:40 - [TEST_STEP][PASSED] - setValueToCellByIndex(sheet01, n, 3, fileInt): null

09-12-2024T07:47:40 - [TEST_STEP][PASSED] - setValueToCellByIndex(sheet01, n, 4, "нет данных"): null

09-12-2024T07:47:40 - [TEST_STEP][PASSED] - setValueToCellByIndex(sheet01, n, 5, m): null

09-12-2024T07:47:40 - [TEST_STEP][PASSED] - setValueToCellByIndex(sheet01, n, 6, y): null

09-12-2024T07:47:40 - [TEST_STEP][PASSED] - setValueToCellByIndex(sheet01, n, 7, todaysDate): null

09-12-2024T07:47:40 - [TEST_STEP][PASSED] - n = n + 1: null

09-12-2024T07:47:40 - [TEST_STEP][PASSED] - saveWorkbook(excelFilePath, workbook01): null

09-12-2024T07:47:41 - [TEST_STEP][PASSED] - typeOfData = "План Потери": null

09-12-2024T07:47:41 - [TEST_STEP][PASSED] - fileInt = replaceAll("\s+", "").toInteger(): null

09-12-2024T07:47:41 - [TEST_STEP][PASSED] - Script1718980020443.WriteToExcelNoData(a, typeOfData, todaysDate, fileInt, fileDouble, dZO): null

09-12-2024T07:47:41 - [TEST_STEP][PASSED] - sheetName = "Sheet1": null

09-12-2024T07:47:41 - [TEST_STEP][PASSED] - data = findTestData("PlanFact"): null

09-12-2024T07:47:41 - [TEST_STEP][PASSED] - n = data.getRowNumbers() + 1: null

09-12-2024T07:47:41 - [TEST_STEP][PASSED] - year = todaysDate.substring(todaysDate.length() - 4, todaysDate.length()): null

09-12-2024T07:47:41 - [TEST_STEP][PASSED] - y = year.toInteger(): null

09-12-2024T07:47:41 - [TEST_STEP][PASSED] - m = getText(findTestObject("Выполнение бизнес-плана/Период")): Text of object 'Object Repository/Выполнение бизнес-плана/Период' is: '1, 2, 3 кв., Октябрь 2024 года'

09-12-2024T07:47:41 - [MESSAGE][PASSED] - Text of object 'Object Repository/Выполнение бизнес-плана/Период' is: '1, 2, 3 кв., Октябрь 2024 года'

09-12-2024T07:47:41 - [TEST_STEP][PASSED] - m = m.substring(0, m.indexOf("2024")): null

09-12-2024T07:47:41 - [TEST_STEP][PASSED] - m = m.trim(): null

09-12-2024T07:47:41 - [TEST_STEP][PASSED] - dashboardName = "Выполнение бизнес-плана": null

09-12-2024T07:47:41 - [TEST_STEP][PASSED] - workbook01 = getWorkbook(excelFilePath): null

09-12-2024T07:47:41 - [TEST_STEP][PASSED] - sheet01 = getExcelSheet(workbook01, sheetName): null

09-12-2024T07:47:41 - [TEST_STEP][PASSED] - setValueToCellByIndex(sheet01, n, 0, dashboardName): null

09-12-2024T07:47:41 - [TEST_STEP][PASSED] - setValueToCellByIndex(sheet01, n, 1, dZO): null

09-12-2024T07:47:41 - [TEST_STEP][PASSED] - setValueToCellByIndex(sheet01, n, 2, typeOfData): null

09-12-2024T07:47:41 - [TEST_STEP][PASSED] - if (typeOfData == "Факт в процентах" || typeOfData == "План в процентах"): null

09-12-2024T07:47:41 - [TEST_STEP][PASSED] - else: null

09-12-2024T07:47:41 - [TEST_STEP][PASSED] - setValueToCellByIndex(sheet01, n, 3, fileInt): null

09-12-2024T07:47:41 - [TEST_STEP][PASSED] - setValueToCellByIndex(sheet01, n, 4, "нет данных"): null

09-12-2024T07:47:41 - [TEST_STEP][PASSED] - setValueToCellByIndex(sheet01, n, 5, m): null

09-12-2024T07:47:41 - [TEST_STEP][PASSED] - setValueToCellByIndex(sheet01, n, 6, y): null

09-12-2024T07:47:41 - [TEST_STEP][PASSED] - setValueToCellByIndex(sheet01, n, 7, todaysDate): null

09-12-2024T07:47:41 - [TEST_STEP][PASSED] - n = n + 1: null

09-12-2024T07:47:41 - [TEST_STEP][PASSED] - saveWorkbook(excelFilePath, workbook01): null

09-12-2024T07:47:41 - [TEST_STEP][PASSED] - typeOfData = "План в процентах": null

09-12-2024T07:47:41 - [TEST_STEP][PASSED] - fileDouble = ").toDouble(): null

09-12-2024T07:47:41 - [TEST_STEP][PASSED] - Script1718980020443.WriteToExcelNoData(a, typeOfData, todaysDate, fileInt, fileDouble, dZO): null

09-12-2024T07:47:41 - [TEST_STEP][PASSED] - sheetName = "Sheet1": null

09-12-2024T07:47:41 - [TEST_STEP][PASSED] - data = findTestData("PlanFact"): null

09-12-2024T07:47:41 - [TEST_STEP][PASSED] - n = data.getRowNumbers() + 1: null

09-12-2024T07:47:41 - [TEST_STEP][PASSED] - year = todaysDate.substring(todaysDate.length() - 4, todaysDate.length()): null

09-12-2024T07:47:41 - [TEST_STEP][PASSED] - y = year.toInteger(): null

09-12-2024T07:47:41 - [TEST_STEP][PASSED] - m = getText(findTestObject("Выполнение бизнес-плана/Период")): Text of object 'Object Repository/Выполнение бизнес-плана/Период' is: '1, 2, 3 кв., Октябрь 2024 года'

09-12-2024T07:47:42 - [MESSAGE][PASSED] - Text of object 'Object Repository/Выполнение бизнес-плана/Период' is: '1, 2, 3 кв., Октябрь 2024 года'

09-12-2024T07:47:42 - [TEST_STEP][PASSED] - m = m.substring(0, m.indexOf("2024")): null

09-12-2024T07:47:42 - [TEST_STEP][PASSED] - m = m.trim(): null

09-12-2024T07:47:42 - [TEST_STEP][PASSED] - dashboardName = "Выполнение бизнес-плана": null

09-12-2024T07:47:42 - [TEST_STEP][PASSED] - workbook01 = getWorkbook(excelFilePath): null

09-12-2024T07:47:42 - [TEST_STEP][PASSED] - sheet01 = getExcelSheet(workbook01, sheetName): null

09-12-2024T07:47:42 - [TEST_STEP][PASSED] - setValueToCellByIndex(sheet01, n, 0, dashboardName): null

09-12-2024T07:47:42 - [TEST_STEP][PASSED] - setValueToCellByIndex(sheet01, n, 1, dZO): null

09-12-2024T07:47:42 - [TEST_STEP][PASSED] - setValueToCellByIndex(sheet01, n, 2, typeOfData): null

09-12-2024T07:47:42 - [TEST_STEP][PASSED] - if (typeOfData == "Факт в процентах" || typeOfData == "План в процентах"): null

09-12-2024T07:47:42 - [TEST_STEP][PASSED] - setValueToCellByIndex(sheet01, n, 3, fileDouble): null

09-12-2024T07:47:42 - [TEST_STEP][PASSED] - setValueToCellByIndex(sheet01, n, 4, "нет данных"): null

09-12-2024T07:47:42 - [TEST_STEP][PASSED] - setValueToCellByIndex(sheet01, n, 5, m): null

09-12-2024T07:47:42 - [TEST_STEP][PASSED] - setValueToCellByIndex(sheet01, n, 6, y): null

09-12-2024T07:47:42 - [TEST_STEP][PASSED] - setValueToCellByIndex(sheet01, n, 7, todaysDate): null

09-12-2024T07:47:42 - [TEST_STEP][PASSED] - n = n + 1: null

09-12-2024T07:47:42 - [TEST_STEP][PASSED] - saveWorkbook(excelFilePath, workbook01): null

09-12-2024T07:47:42 - [TEST_STEP][PASSED] - typeOfData = "Факт в процентах": null

09-12-2024T07:47:42 - [TEST_STEP][PASSED] - fileDouble = ").toDouble(): null

09-12-2024T07:47:42 - [TEST_STEP][PASSED] - Script1718980020443.WriteToExcelNoData(a, typeOfData, todaysDate, fileInt, fileDouble, dZO): null

09-12-2024T07:47:42 - [TEST_STEP][PASSED] - sheetName = "Sheet1": null

09-12-2024T07:47:42 - [TEST_STEP][PASSED] - data = findTestData("PlanFact"): null

09-12-2024T07:47:42 - [TEST_STEP][PASSED] - n = data.getRowNumbers() + 1: null

09-12-2024T07:47:42 - [TEST_STEP][PASSED] - year = todaysDate.substring(todaysDate.length() - 4, todaysDate.length()): null

09-12-2024T07:47:42 - [TEST_STEP][PASSED] - y = year.toInteger(): null

09-12-2024T07:47:42 - [TEST_STEP][PASSED] - m = getText(findTestObject("Выполнение бизнес-плана/Период")): Text of object 'Object Repository/Выполнение бизнес-плана/Период' is: '1, 2, 3 кв., Октябрь 2024 года'

09-12-2024T07:47:42 - [MESSAGE][PASSED] - Text of object 'Object Repository/Выполнение бизнес-плана/Период' is: '1, 2, 3 кв., Октябрь 2024 года'

09-12-2024T07:47:42 - [TEST_STEP][PASSED] - m = m.substring(0, m.indexOf("2024")): null

09-12-2024T07:47:42 - [TEST_STEP][PASSED] - m = m.trim(): null

09-12-2024T07:47:42 - [TEST_STEP][PASSED] - dashboardName = "Выполнение бизнес-плана": null

09-12-2024T07:47:42 - [TEST_STEP][PASSED] - workbook01 = getWorkbook(excelFilePath): null

09-12-2024T07:47:43 - [TEST_STEP][PASSED] - sheet01 = getExcelSheet(workbook01, sheetName): null

09-12-2024T07:47:43 - [TEST_STEP][PASSED] - setValueToCellByIndex(sheet01, n, 0, dashboardName): null

09-12-2024T07:47:43 - [TEST_STEP][PASSED] - setValueToCellByIndex(sheet01, n, 1, dZO): null

09-12-2024T07:47:43 - [TEST_STEP][PASSED] - setValueToCellByIndex(sheet01, n, 2, typeOfData): null

09-12-2024T07:47:43 - [TEST_STEP][PASSED] - if (typeOfData == "Факт в процентах" || typeOfData == "План в процентах"): null

09-12-2024T07:47:43 - [TEST_STEP][PASSED] - setValueToCellByIndex(sheet01, n, 3, fileDouble): null

09-12-2024T07:47:43 - [TEST_STEP][PASSED] - setValueToCellByIndex(sheet01, n, 4, "нет данных"): null

09-12-2024T07:47:43 - [TEST_STEP][PASSED] - setValueToCellByIndex(sheet01, n, 5, m): null

09-12-2024T07:47:43 - [TEST_STEP][PASSED] - setValueToCellByIndex(sheet01, n, 6, y): null

09-12-2024T07:47:43 - [TEST_STEP][PASSED] - setValueToCellByIndex(sheet01, n, 7, todaysDate): null

09-12-2024T07:47:43 - [TEST_STEP][PASSED] - n = n + 1: null

09-12-2024T07:47:43 - [TEST_STEP][PASSED] - saveWorkbook(excelFilePath, workbook01): null

09-12-2024T07:47:43 - [TEST_STEP][PASSED] - println(dzoNum): null

09-12-2024T07:47:43 - [TEST_STEP][PASSED] - dZO = "Россети Ленэнерго": null

09-12-2024T07:47:43 - [TEST_STEP][PASSED] - a = 77: null

09-12-2024T07:47:43 - [TEST_STEP][PASSED] - if (x1.contains(dZO)): null

09-12-2024T07:47:43 - [TEST_STEP][PASSED] - else: null

09-12-2024T07:47:43 - [TEST_STEP][PASSED] - Script1718980020443.NoData(a, typeOfData, todaysDate, fileInt, fileDouble, dZO): null

09-12-2024T07:47:43 - [TEST_STEP][PASSED] - println(a): null

09-12-2024T07:47:43 - [TEST_STEP][PASSED] - println(todaysDate): null

09-12-2024T07:47:43 - [TEST_STEP][PASSED] - println(fileInt): null

09-12-2024T07:47:43 - [TEST_STEP][PASSED] - println(fileDouble): null

09-12-2024T07:47:43 - [TEST_STEP][PASSED] - println(dZO): null

09-12-2024T07:47:43 - [TEST_STEP][PASSED] - typeOfData = "Факт Отпуск в сеть": null

09-12-2024T07:47:43 - [TEST_STEP][PASSED] - fileInt = replaceAll("\s+", "").toInteger(): null

09-12-2024T07:47:43 - [TEST_STEP][PASSED] - Script1718980020443.WriteToExcelNoData(a, typeOfData, todaysDate, fileInt, fileDouble, dZO): null

09-12-2024T07:47:43 - [TEST_STEP][PASSED] - sheetName = "Sheet1": null

09-12-2024T07:47:43 - [TEST_STEP][PASSED] - data = findTestData("PlanFact"): null

09-12-2024T07:47:43 - [TEST_STEP][PASSED] - n = data.getRowNumbers() + 1: null

09-12-2024T07:47:43 - [TEST_STEP][PASSED] - year = todaysDate.substring(todaysDate.length() - 4, todaysDate.length()): null

09-12-2024T07:47:43 - [TEST_STEP][PASSED] - y = year.toInteger(): null

09-12-2024T07:47:43 - [TEST_STEP][PASSED] - m = getText(findTestObject("Выполнение бизнес-плана/Период")): Text of object 'Object Repository/Выполнение бизнес-плана/Период' is: '1, 2, 3 кв., Октябрь 2024 года'

09-12-2024T07:47:43 - [MESSAGE][PASSED] - Text of object 'Object Repository/Выполнение бизнес-плана/Период' is: '1, 2, 3 кв., Октябрь 2024 года'

09-12-2024T07:47:43 - [TEST_STEP][PASSED] - m = m.substring(0, m.indexOf("2024")): null

09-12-2024T07:47:43 - [TEST_STEP][PASSED] - m = m.trim(): null

09-12-2024T07:47:43 - [TEST_STEP][PASSED] - dashboardName = "Выполнение бизнес-плана": null

09-12-2024T07:47:43 - [TEST_STEP][PASSED] - workbook01 = getWorkbook(excelFilePath): null

09-12-2024T07:47:43 - [TEST_STEP][PASSED] - sheet01 = getExcelSheet(workbook01, sheetName): null

09-12-2024T07:47:43 - [TEST_STEP][PASSED] - setValueToCellByIndex(sheet01, n, 0, dashboardName): null

09-12-2024T07:47:43 - [TEST_STEP][PASSED] - setValueToCellByIndex(sheet01, n, 1, dZO): null

09-12-2024T07:47:43 - [TEST_STEP][PASSED] - setValueToCellByIndex(sheet01, n, 2, typeOfData): null

09-12-2024T07:47:43 - [TEST_STEP][PASSED] - if (typeOfData == "Факт в процентах" || typeOfData == "План в процентах"): null

09-12-2024T07:47:43 - [TEST_STEP][PASSED] - else: null

09-12-2024T07:47:43 - [TEST_STEP][PASSED] - setValueToCellByIndex(sheet01, n, 3, fileInt): null

09-12-2024T07:47:43 - [TEST_STEP][PASSED] - setValueToCellByIndex(sheet01, n, 4, "нет данных"): null

09-12-2024T07:47:43 - [TEST_STEP][PASSED] - setValueToCellByIndex(sheet01, n, 5, m): null

09-12-2024T07:47:43 - [TEST_STEP][PASSED] - setValueToCellByIndex(sheet01, n, 6, y): null

09-12-2024T07:47:43 - [TEST_STEP][PASSED] - setValueToCellByIndex(sheet01, n, 7, todaysDate): null

09-12-2024T07:47:43 - [TEST_STEP][PASSED] - n = n + 1: null

09-12-2024T07:47:43 - [TEST_STEP][PASSED] - saveWorkbook(excelFilePath, workbook01): null

09-12-2024T07:47:43 - [TEST_STEP][PASSED] - typeOfData = "Факт Потери": null

09-12-2024T07:47:43 - [TEST_STEP][PASSED] - fileInt = replaceAll("\s+", "").toInteger(): null

09-12-2024T07:47:43 - [TEST_STEP][PASSED] - Script1718980020443.WriteToExcelNoData(a, typeOfData, todaysDate, fileInt, fileDouble, dZO): null

09-12-2024T07:47:43 - [TEST_STEP][PASSED] - sheetName = "Sheet1": null

09-12-2024T07:47:43 - [TEST_STEP][PASSED] - data = findTestData("PlanFact"): null

09-12-2024T07:47:44 - [TEST_STEP][PASSED] - n = data.getRowNumbers() + 1: null

09-12-2024T07:47:44 - [TEST_STEP][PASSED] - year = todaysDate.substring(todaysDate.length() - 4, todaysDate.length()): null

09-12-2024T07:47:44 - [TEST_STEP][PASSED] - y = year.toInteger(): null

09-12-2024T07:47:44 - [TEST_STEP][PASSED] - m = getText(findTestObject("Выполнение бизнес-плана/Период")): Text of object 'Object Repository/Выполнение бизнес-плана/Период' is: '1, 2, 3 кв., Октябрь 2024 года'

09-12-2024T07:47:44 - [MESSAGE][PASSED] - Text of object 'Object Repository/Выполнение бизнес-плана/Период' is: '1, 2, 3 кв., Октябрь 2024 года'

09-12-2024T07:47:44 - [TEST_STEP][PASSED] - m = m.substring(0, m.indexOf("2024")): null

09-12-2024T07:47:44 - [TEST_STEP][PASSED] - m = m.trim(): null

09-12-2024T07:47:44 - [TEST_STEP][PASSED] - dashboardName = "Выполнение бизнес-плана": null

09-12-2024T07:47:44 - [TEST_STEP][PASSED] - workbook01 = getWorkbook(excelFilePath): null

09-12-2024T07:47:44 - [TEST_STEP][PASSED] - sheet01 = getExcelSheet(workbook01, sheetName): null

09-12-2024T07:47:44 - [TEST_STEP][PASSED] - setValueToCellByIndex(sheet01, n, 0, dashboardName): null

09-12-2024T07:47:44 - [TEST_STEP][PASSED] - setValueToCellByIndex(sheet01, n, 1, dZO): null

09-12-2024T07:47:44 - [TEST_STEP][PASSED] - setValueToCellByIndex(sheet01, n, 2, typeOfData): null

09-12-2024T07:47:44 - [TEST_STEP][PASSED] - if (typeOfData == "Факт в процентах" || typeOfData == "План в процентах"): null

09-12-2024T07:47:44 - [TEST_STEP][PASSED] - else: null

09-12-2024T07:47:44 - [TEST_STEP][PASSED] - setValueToCellByIndex(sheet01, n, 3, fileInt): null

09-12-2024T07:47:44 - [TEST_STEP][PASSED] - setValueToCellByIndex(sheet01, n, 4, "нет данных"): null

09-12-2024T07:47:44 - [TEST_STEP][PASSED] - setValueToCellByIndex(sheet01, n, 5, m): null

09-12-2024T07:47:44 - [TEST_STEP][PASSED] - setValueToCellByIndex(sheet01, n, 6, y): null

09-12-2024T07:47:44 - [TEST_STEP][PASSED] - setValueToCellByIndex(sheet01, n, 7, todaysDate): null

09-12-2024T07:47:44 - [TEST_STEP][PASSED] - n = n + 1: null

09-12-2024T07:47:44 - [TEST_STEP][PASSED] - saveWorkbook(excelFilePath, workbook01): null

09-12-2024T07:47:44 - [TEST_STEP][PASSED] - typeOfData = "План Отпуск в сеть": null

09-12-2024T07:47:44 - [TEST_STEP][PASSED] - fileInt = replaceAll("\s+", "").toInteger(): null

09-12-2024T07:47:44 - [TEST_STEP][PASSED] - Script1718980020443.WriteToExcelNoData(a, typeOfData, todaysDate, fileInt, fileDouble, dZO): null

09-12-2024T07:47:44 - [TEST_STEP][PASSED] - sheetName = "Sheet1": null

09-12-2024T07:47:44 - [TEST_STEP][PASSED] - data = findTestData("PlanFact"): null

09-12-2024T07:47:44 - [TEST_STEP][PASSED] - n = data.getRowNumbers() + 1: null

09-12-2024T07:47:44 - [TEST_STEP][PASSED] - year = todaysDate.substring(todaysDate.length() - 4, todaysDate.length()): null

09-12-2024T07:47:44 - [TEST_STEP][PASSED] - y = year.toInteger(): null

09-12-2024T07:47:44 - [TEST_STEP][PASSED] - m = getText(findTestObject("Выполнение бизнес-плана/Период")): Text of object 'Object Repository/Выполнение бизнес-плана/Период' is: '1, 2, 3 кв., Октябрь 2024 года'

09-12-2024T07:47:44 - [MESSAGE][PASSED] - Text of object 'Object Repository/Выполнение бизнес-плана/Период' is: '1, 2, 3 кв., Октябрь 2024 года'

09-12-2024T07:47:44 - [TEST_STEP][PASSED] - m = m.substring(0, m.indexOf("2024")): null

09-12-2024T07:47:44 - [TEST_STEP][PASSED] - m = m.trim(): null

09-12-2024T07:47:44 - [TEST_STEP][PASSED] - dashboardName = "Выполнение бизнес-плана": null

09-12-2024T07:47:44 - [TEST_STEP][PASSED] - workbook01 = getWorkbook(excelFilePath): null

09-12-2024T07:47:45 - [TEST_STEP][PASSED] - sheet01 = getExcelSheet(workbook01, sheetName): null

09-12-2024T07:47:45 - [TEST_STEP][PASSED] - setValueToCellByIndex(sheet01, n, 0, dashboardName): null

09-12-2024T07:47:45 - [TEST_STEP][PASSED] - setValueToCellByIndex(sheet01, n, 1, dZO): null

09-12-2024T07:47:45 - [TEST_STEP][PASSED] - setValueToCellByIndex(sheet01, n, 2, typeOfData): null

09-12-2024T07:47:45 - [TEST_STEP][PASSED] - if (typeOfData == "Факт в процентах" || typeOfData == "План в процентах"): null

09-12-2024T07:47:45 - [TEST_STEP][PASSED] - else: null

09-12-2024T07:47:45 - [TEST_STEP][PASSED] - setValueToCellByIndex(sheet01, n, 3, fileInt): null

09-12-2024T07:47:45 - [TEST_STEP][PASSED] - setValueToCellByIndex(sheet01, n, 4, "нет данных"): null

09-12-2024T07:47:45 - [TEST_STEP][PASSED] - setValueToCellByIndex(sheet01, n, 5, m): null

09-12-2024T07:47:45 - [TEST_STEP][PASSED] - setValueToCellByIndex(sheet01, n, 6, y): null

09-12-2024T07:47:45 - [TEST_STEP][PASSED] - setValueToCellByIndex(sheet01, n, 7, todaysDate): null

09-12-2024T07:47:45 - [TEST_STEP][PASSED] - n = n + 1: null

09-12-2024T07:47:45 - [TEST_STEP][PASSED] - saveWorkbook(excelFilePath, workbook01): null

09-12-2024T07:47:45 - [TEST_STEP][PASSED] - typeOfData = "План Потери": null

09-12-2024T07:47:45 - [TEST_STEP][PASSED] - fileInt = replaceAll("\s+", "").toInteger(): null

09-12-2024T07:47:45 - [TEST_STEP][PASSED] - Script1718980020443.WriteToExcelNoData(a, typeOfData, todaysDate, fileInt, fileDouble, dZO): null

09-12-2024T07:47:45 - [TEST_STEP][PASSED] - sheetName = "Sheet1": null

09-12-2024T07:47:45 - [TEST_STEP][PASSED] - data = findTestData("PlanFact"): null

09-12-2024T07:47:45 - [TEST_STEP][PASSED] - n = data.getRowNumbers() + 1: null

09-12-2024T07:47:45 - [TEST_STEP][PASSED] - year = todaysDate.substring(todaysDate.length() - 4, todaysDate.length()): null

09-12-2024T07:47:45 - [TEST_STEP][PASSED] - y = year.toInteger(): null

09-12-2024T07:47:45 - [TEST_STEP][PASSED] - m = getText(findTestObject("Выполнение бизнес-плана/Период")): Text of object 'Object Repository/Выполнение бизнес-плана/Период' is: '1, 2, 3 кв., Октябрь 2024 года'

09-12-2024T07:47:45 - [MESSAGE][PASSED] - Text of object 'Object Repository/Выполнение бизнес-плана/Период' is: '1, 2, 3 кв., Октябрь 2024 года'

09-12-2024T07:47:45 - [TEST_STEP][PASSED] - m = m.substring(0, m.indexOf("2024")): null

09-12-2024T07:47:45 - [TEST_STEP][PASSED] - m = m.trim(): null

09-12-2024T07:47:45 - [TEST_STEP][PASSED] - dashboardName = "Выполнение бизнес-плана": null

09-12-2024T07:47:45 - [TEST_STEP][PASSED] - workbook01 = getWorkbook(excelFilePath): null

09-12-2024T07:47:45 - [TEST_STEP][PASSED] - sheet01 = getExcelSheet(workbook01, sheetName): null

09-12-2024T07:47:45 - [TEST_STEP][PASSED] - setValueToCellByIndex(sheet01, n, 0, dashboardName): null

09-12-2024T07:47:45 - [TEST_STEP][PASSED] - setValueToCellByIndex(sheet01, n, 1, dZO): null

09-12-2024T07:47:45 - [TEST_STEP][PASSED] - setValueToCellByIndex(sheet01, n, 2, typeOfData): null

09-12-2024T07:47:45 - [TEST_STEP][PASSED] - if (typeOfData == "Факт в процентах" || typeOfData == "План в процентах"): null

09-12-2024T07:47:45 - [TEST_STEP][PASSED] - else: null

09-12-2024T07:47:45 - [TEST_STEP][PASSED] - setValueToCellByIndex(sheet01, n, 3, fileInt): null

09-12-2024T07:47:45 - [TEST_STEP][PASSED] - setValueToCellByIndex(sheet01, n, 4, "нет данных"): null

09-12-2024T07:47:45 - [TEST_STEP][PASSED] - setValueToCellByIndex(sheet01, n, 5, m): null

09-12-2024T07:47:45 - [TEST_STEP][PASSED] - setValueToCellByIndex(sheet01, n, 6, y): null

09-12-2024T07:47:45 - [TEST_STEP][PASSED] - setValueToCellByIndex(sheet01, n, 7, todaysDate): null

09-12-2024T07:47:45 - [TEST_STEP][PASSED] - n = n + 1: null

09-12-2024T07:47:45 - [TEST_STEP][PASSED] - saveWorkbook(excelFilePath, workbook01): null

09-12-2024T07:47:46 - [TEST_STEP][PASSED] - typeOfData = "План в процентах": null

09-12-2024T07:47:46 - [TEST_STEP][PASSED] - fileDouble = ").toDouble(): null

09-12-2024T07:47:46 - [TEST_STEP][PASSED] - Script1718980020443.WriteToExcelNoData(a, typeOfData, todaysDate, fileInt, fileDouble, dZO): null

09-12-2024T07:47:46 - [TEST_STEP][PASSED] - sheetName = "Sheet1": null

09-12-2024T07:47:46 - [TEST_STEP][PASSED] - data = findTestData("PlanFact"): null

09-12-2024T07:47:46 - [TEST_STEP][PASSED] - n = data.getRowNumbers() + 1: null

09-12-2024T07:47:46 - [TEST_STEP][PASSED] - year = todaysDate.substring(todaysDate.length() - 4, todaysDate.length()): null

09-12-2024T07:47:46 - [TEST_STEP][PASSED] - y = year.toInteger(): null

09-12-2024T07:47:46 - [TEST_STEP][PASSED] - m = getText(findTestObject("Выполнение бизнес-плана/Период")): Text of object 'Object Repository/Выполнение бизнес-плана/Период' is: '1, 2, 3 кв., Октябрь 2024 года'

09-12-2024T07:47:46 - [MESSAGE][PASSED] - Text of object 'Object Repository/Выполнение бизнес-плана/Период' is: '1, 2, 3 кв., Октябрь 2024 года'

09-12-2024T07:47:46 - [TEST_STEP][PASSED] - m = m.substring(0, m.indexOf("2024")): null

09-12-2024T07:47:46 - [TEST_STEP][PASSED] - m = m.trim(): null

09-12-2024T07:47:46 - [TEST_STEP][PASSED] - dashboardName = "Выполнение бизнес-плана": null

09-12-2024T07:47:46 - [TEST_STEP][PASSED] - workbook01 = getWorkbook(excelFilePath): null

09-12-2024T07:47:46 - [TEST_STEP][PASSED] - sheet01 = getExcelSheet(workbook01, sheetName): null

09-12-2024T07:47:46 - [TEST_STEP][PASSED] - setValueToCellByIndex(sheet01, n, 0, dashboardName): null

09-12-2024T07:47:46 - [TEST_STEP][PASSED] - setValueToCellByIndex(sheet01, n, 1, dZO): null

09-12-2024T07:47:46 - [TEST_STEP][PASSED] - setValueToCellByIndex(sheet01, n, 2, typeOfData): null

09-12-2024T07:47:46 - [TEST_STEP][PASSED] - if (typeOfData == "Факт в процентах" || typeOfData == "План в процентах"): null

09-12-2024T07:47:46 - [TEST_STEP][PASSED] - setValueToCellByIndex(sheet01, n, 3, fileDouble): null

09-12-2024T07:47:46 - [TEST_STEP][PASSED] - setValueToCellByIndex(sheet01, n, 4, "нет данных"): null

09-12-2024T07:47:46 - [TEST_STEP][PASSED] - setValueToCellByIndex(sheet01, n, 5, m): null

09-12-2024T07:47:46 - [TEST_STEP][PASSED] - setValueToCellByIndex(sheet01, n, 6, y): null

09-12-2024T07:47:46 - [TEST_STEP][PASSED] - setValueToCellByIndex(sheet01, n, 7, todaysDate): null

09-12-2024T07:47:46 - [TEST_STEP][PASSED] - n = n + 1: null

09-12-2024T07:47:46 - [TEST_STEP][PASSED] - saveWorkbook(excelFilePath, workbook01): null

09-12-2024T07:47:46 - [TEST_STEP][PASSED] - typeOfData = "Факт в процентах": null

09-12-2024T07:47:46 - [TEST_STEP][PASSED] - fileDouble = ").toDouble(): null

09-12-2024T07:47:46 - [TEST_STEP][PASSED] - Script1718980020443.WriteToExcelNoData(a, typeOfData, todaysDate, fileInt, fileDouble, dZO): null

09-12-2024T07:47:46 - [TEST_STEP][PASSED] - sheetName = "Sheet1": null

09-12-2024T07:47:46 - [TEST_STEP][PASSED] - data = findTestData("PlanFact"): null

09-12-2024T07:47:46 - [TEST_STEP][PASSED] - n = data.getRowNumbers() + 1: null

09-12-2024T07:47:46 - [TEST_STEP][PASSED] - year = todaysDate.substring(todaysDate.length() - 4, todaysDate.length()): null

09-12-2024T07:47:46 - [TEST_STEP][PASSED] - y = year.toInteger(): null

09-12-2024T07:47:46 - [TEST_STEP][PASSED] - m = getText(findTestObject("Выполнение бизнес-плана/Период")): Text of object 'Object Repository/Выполнение бизнес-плана/Период' is: '1, 2, 3 кв., Октябрь 2024 года'

09-12-2024T07:47:47 - [MESSAGE][PASSED] - Text of object 'Object Repository/Выполнение бизнес-плана/Период' is: '1, 2, 3 кв., Октябрь 2024 года'

09-12-2024T07:47:47 - [TEST_STEP][PASSED] - m = m.substring(0, m.indexOf("2024")): null

09-12-2024T07:47:47 - [TEST_STEP][PASSED] - m = m.trim(): null

09-12-2024T07:47:47 - [TEST_STEP][PASSED] - dashboardName = "Выполнение бизнес-плана": null

09-12-2024T07:47:47 - [TEST_STEP][PASSED] - workbook01 = getWorkbook(excelFilePath): null

09-12-2024T07:47:47 - [TEST_STEP][PASSED] - sheet01 = getExcelSheet(workbook01, sheetName): null

09-12-2024T07:47:47 - [TEST_STEP][PASSED] - setValueToCellByIndex(sheet01, n, 0, dashboardName): null

09-12-2024T07:47:47 - [TEST_STEP][PASSED] - setValueToCellByIndex(sheet01, n, 1, dZO): null

09-12-2024T07:47:47 - [TEST_STEP][PASSED] - setValueToCellByIndex(sheet01, n, 2, typeOfData): null

09-12-2024T07:47:47 - [TEST_STEP][PASSED] - if (typeOfData == "Факт в процентах" || typeOfData == "План в процентах"): null

09-12-2024T07:47:47 - [TEST_STEP][PASSED] - setValueToCellByIndex(sheet01, n, 3, fileDouble): null

09-12-2024T07:47:47 - [TEST_STEP][PASSED] - setValueToCellByIndex(sheet01, n, 4, "нет данных"): null

09-12-2024T07:47:47 - [TEST_STEP][PASSED] - setValueToCellByIndex(sheet01, n, 5, m): null

09-12-2024T07:47:47 - [TEST_STEP][PASSED] - setValueToCellByIndex(sheet01, n, 6, y): null

09-12-2024T07:47:47 - [TEST_STEP][PASSED] - setValueToCellByIndex(sheet01, n, 7, todaysDate): null

09-12-2024T07:47:47 - [TEST_STEP][PASSED] - n = n + 1: null

09-12-2024T07:47:47 - [TEST_STEP][PASSED] - saveWorkbook(excelFilePath, workbook01): null

09-12-2024T07:47:47 - [TEST_STEP][PASSED] - println(dzoNum): null

09-12-2024T07:47:47 - [TEST_STEP][PASSED] - dZO = "Россети Московский регион": null

09-12-2024T07:47:47 - [TEST_STEP][PASSED] - a = 74: null

09-12-2024T07:47:47 - [TEST_STEP][PASSED] - if (x1.contains(dZO)): null

09-12-2024T07:47:47 - [TEST_STEP][PASSED] - else: null

09-12-2024T07:47:47 - [TEST_STEP][PASSED] - Script1718980020443.NoData(a, typeOfData, todaysDate, fileInt, fileDouble, dZO): null

09-12-2024T07:47:47 - [TEST_STEP][PASSED] - println(a): null

09-12-2024T07:47:47 - [TEST_STEP][PASSED] - println(todaysDate): null

09-12-2024T07:47:47 - [TEST_STEP][PASSED] - println(fileInt): null

09-12-2024T07:47:47 - [TEST_STEP][PASSED] - println(fileDouble): null

09-12-2024T07:47:47 - [TEST_STEP][PASSED] - println(dZO): null

09-12-2024T07:47:47 - [TEST_STEP][PASSED] - typeOfData = "Факт Отпуск в сеть": null

09-12-2024T07:47:47 - [TEST_STEP][PASSED] - fileInt = replaceAll("\s+", "").toInteger(): null

09-12-2024T07:47:47 - [TEST_STEP][PASSED] - Script1718980020443.WriteToExcelNoData(a, typeOfData, todaysDate, fileInt, fileDouble, dZO): null

09-12-2024T07:47:47 - [TEST_STEP][PASSED] - sheetName = "Sheet1": null

09-12-2024T07:47:47 - [TEST_STEP][PASSED] - data = findTestData("PlanFact"): null

09-12-2024T07:47:47 - [TEST_STEP][PASSED] - n = data.getRowNumbers() + 1: null

09-12-2024T07:47:47 - [TEST_STEP][PASSED] - year = todaysDate.substring(todaysDate.length() - 4, todaysDate.length()): null

09-12-2024T07:47:47 - [TEST_STEP][PASSED] - y = year.toInteger(): null

09-12-2024T07:47:47 - [TEST_STEP][PASSED] - m = getText(findTestObject("Выполнение бизнес-плана/Период")): Text of object 'Object Repository/Выполнение бизнес-плана/Период' is: '1, 2, 3 кв., Октябрь 2024 года'

09-12-2024T07:47:47 - [MESSAGE][PASSED] - Text of object 'Object Repository/Выполнение бизнес-плана/Период' is: '1, 2, 3 кв., Октябрь 2024 года'

09-12-2024T07:47:47 - [TEST_STEP][PASSED] - m = m.substring(0, m.indexOf("2024")): null

09-12-2024T07:47:47 - [TEST_STEP][PASSED] - m = m.trim(): null

09-12-2024T07:47:47 - [TEST_STEP][PASSED] - dashboardName = "Выполнение бизнес-плана": null

09-12-2024T07:47:47 - [TEST_STEP][PASSED] - workbook01 = getWorkbook(excelFilePath): null

09-12-2024T07:47:47 - [TEST_STEP][PASSED] - sheet01 = getExcelSheet(workbook01, sheetName): null

09-12-2024T07:47:47 - [TEST_STEP][PASSED] - setValueToCellByIndex(sheet01, n, 0, dashboardName): null

09-12-2024T07:47:47 - [TEST_STEP][PASSED] - setValueToCellByIndex(sheet01, n, 1, dZO): null

09-12-2024T07:47:47 - [TEST_STEP][PASSED] - setValueToCellByIndex(sheet01, n, 2, typeOfData): null

09-12-2024T07:47:47 - [TEST_STEP][PASSED] - if (typeOfData == "Факт в процентах" || typeOfData == "План в процентах"): null

09-12-2024T07:47:47 - [TEST_STEP][PASSED] - else: null

09-12-2024T07:47:47 - [TEST_STEP][PASSED] - setValueToCellByIndex(sheet01, n, 3, fileInt): null

09-12-2024T07:47:47 - [TEST_STEP][PASSED] - setValueToCellByIndex(sheet01, n, 4, "нет данных"): null

09-12-2024T07:47:47 - [TEST_STEP][PASSED] - setValueToCellByIndex(sheet01, n, 5, m): null

09-12-2024T07:47:47 - [TEST_STEP][PASSED] - setValueToCellByIndex(sheet01, n, 6, y): null

09-12-2024T07:47:47 - [TEST_STEP][PASSED] - setValueToCellByIndex(sheet01, n, 7, todaysDate): null

09-12-2024T07:47:47 - [TEST_STEP][PASSED] - n = n + 1: null

09-12-2024T07:47:47 - [TEST_STEP][PASSED] - saveWorkbook(excelFilePath, workbook01): null

09-12-2024T07:47:48 - [TEST_STEP][PASSED] - typeOfData = "Факт Потери": null

09-12-2024T07:47:48 - [TEST_STEP][PASSED] - fileInt = replaceAll("\s+", "").toInteger(): null

09-12-2024T07:47:48 - [TEST_STEP][PASSED] - Script1718980020443.WriteToExcelNoData(a, typeOfData, todaysDate, fileInt, fileDouble, dZO): null

09-12-2024T07:47:48 - [TEST_STEP][PASSED] - sheetName = "Sheet1": null

09-12-2024T07:47:48 - [TEST_STEP][PASSED] - data = findTestData("PlanFact"): null

09-12-2024T07:47:48 - [TEST_STEP][PASSED] - n = data.getRowNumbers() + 1: null

09-12-2024T07:47:48 - [TEST_STEP][PASSED] - year = todaysDate.substring(todaysDate.length() - 4, todaysDate.length()): null

09-12-2024T07:47:48 - [TEST_STEP][PASSED] - y = year.toInteger(): null

09-12-2024T07:47:48 - [TEST_STEP][PASSED] - m = getText(findTestObject("Выполнение бизнес-плана/Период")): Text of object 'Object Repository/Выполнение бизнес-плана/Период' is: '1, 2, 3 кв., Октябрь 2024 года'

09-12-2024T07:47:48 - [MESSAGE][PASSED] - Text of object 'Object Repository/Выполнение бизнес-плана/Период' is: '1, 2, 3 кв., Октябрь 2024 года'

09-12-2024T07:47:48 - [TEST_STEP][PASSED] - m = m.substring(0, m.indexOf("2024")): null

09-12-2024T07:47:48 - [TEST_STEP][PASSED] - m = m.trim(): null

09-12-2024T07:47:48 - [TEST_STEP][PASSED] - dashboardName = "Выполнение бизнес-плана": null

09-12-2024T07:47:48 - [TEST_STEP][PASSED] - workbook01 = getWorkbook(excelFilePath): null

09-12-2024T07:47:48 - [TEST_STEP][PASSED] - sheet01 = getExcelSheet(workbook01, sheetName): null

09-12-2024T07:47:48 - [TEST_STEP][PASSED] - setValueToCellByIndex(sheet01, n, 0, dashboardName): null

09-12-2024T07:47:48 - [TEST_STEP][PASSED] - setValueToCellByIndex(sheet01, n, 1, dZO): null

09-12-2024T07:47:48 - [TEST_STEP][PASSED] - setValueToCellByIndex(sheet01, n, 2, typeOfData): null

09-12-2024T07:47:48 - [TEST_STEP][PASSED] - if (typeOfData == "Факт в процентах" || typeOfData == "План в процентах"): null

09-12-2024T07:47:48 - [TEST_STEP][PASSED] - else: null

09-12-2024T07:47:48 - [TEST_STEP][PASSED] - setValueToCellByIndex(sheet01, n, 3, fileInt): null

09-12-2024T07:47:48 - [TEST_STEP][PASSED] - setValueToCellByIndex(sheet01, n, 4, "нет данных"): null

09-12-2024T07:47:48 - [TEST_STEP][PASSED] - setValueToCellByIndex(sheet01, n, 5, m): null

09-12-2024T07:47:48 - [TEST_STEP][PASSED] - setValueToCellByIndex(sheet01, n, 6, y): null

09-12-2024T07:47:48 - [TEST_STEP][PASSED] - setValueToCellByIndex(sheet01, n, 7, todaysDate): null

09-12-2024T07:47:48 - [TEST_STEP][PASSED] - n = n + 1: null

09-12-2024T07:47:48 - [TEST_STEP][PASSED] - saveWorkbook(excelFilePath, workbook01): null

09-12-2024T07:47:48 - [TEST_STEP][PASSED] - typeOfData = "План Отпуск в сеть": null

09-12-2024T07:47:48 - [TEST_STEP][PASSED] - fileInt = replaceAll("\s+", "").toInteger(): null

09-12-2024T07:47:48 - [TEST_STEP][PASSED] - Script1718980020443.WriteToExcelNoData(a, typeOfData, todaysDate, fileInt, fileDouble, dZO): null

09-12-2024T07:47:48 - [TEST_STEP][PASSED] - sheetName = "Sheet1": null

09-12-2024T07:47:48 - [TEST_STEP][PASSED] - data = findTestData("PlanFact"): null

09-12-2024T07:47:48 - [TEST_STEP][PASSED] - n = data.getRowNumbers() + 1: null

09-12-2024T07:47:48 - [TEST_STEP][PASSED] - year = todaysDate.substring(todaysDate.length() - 4, todaysDate.length()): null

09-12-2024T07:47:48 - [TEST_STEP][PASSED] - y = year.toInteger(): null

09-12-2024T07:47:48 - [TEST_STEP][PASSED] - m = getText(findTestObject("Выполнение бизнес-плана/Период")): Text of object 'Object Repository/Выполнение бизнес-плана/Период' is: '1, 2, 3 кв., Октябрь 2024 года'

09-12-2024T07:47:49 - [MESSAGE][PASSED] - Text of object 'Object Repository/Выполнение бизнес-плана/Период' is: '1, 2, 3 кв., Октябрь 2024 года'

09-12-2024T07:47:49 - [TEST_STEP][PASSED] - m = m.substring(0, m.indexOf("2024")): null

09-12-2024T07:47:49 - [TEST_STEP][PASSED] - m = m.trim(): null

09-12-2024T07:47:49 - [TEST_STEP][PASSED] - dashboardName = "Выполнение бизнес-плана": null

09-12-2024T07:47:49 - [TEST_STEP][PASSED] - workbook01 = getWorkbook(excelFilePath): null

09-12-2024T07:47:49 - [TEST_STEP][PASSED] - sheet01 = getExcelSheet(workbook01, sheetName): null

09-12-2024T07:47:49 - [TEST_STEP][PASSED] - setValueToCellByIndex(sheet01, n, 0, dashboardName): null

09-12-2024T07:47:49 - [TEST_STEP][PASSED] - setValueToCellByIndex(sheet01, n, 1, dZO): null

09-12-2024T07:47:49 - [TEST_STEP][PASSED] - setValueToCellByIndex(sheet01, n, 2, typeOfData): null

09-12-2024T07:47:49 - [TEST_STEP][PASSED] - if (typeOfData == "Факт в процентах" || typeOfData == "План в процентах"): null

09-12-2024T07:47:49 - [TEST_STEP][PASSED] - else: null

09-12-2024T07:47:49 - [TEST_STEP][PASSED] - setValueToCellByIndex(sheet01, n, 3, fileInt): null

09-12-2024T07:47:49 - [TEST_STEP][PASSED] - setValueToCellByIndex(sheet01, n, 4, "нет данных"): null

09-12-2024T07:47:49 - [TEST_STEP][PASSED] - setValueToCellByIndex(sheet01, n, 5, m): null

09-12-2024T07:47:49 - [TEST_STEP][PASSED] - setValueToCellByIndex(sheet01, n, 6, y): null

09-12-2024T07:47:49 - [TEST_STEP][PASSED] - setValueToCellByIndex(sheet01, n, 7, todaysDate): null

09-12-2024T07:47:49 - [TEST_STEP][PASSED] - n = n + 1: null

09-12-2024T07:47:49 - [TEST_STEP][PASSED] - saveWorkbook(excelFilePath, workbook01): null

09-12-2024T07:47:49 - [TEST_STEP][PASSED] - typeOfData = "План Потери": null

09-12-2024T07:47:49 - [TEST_STEP][PASSED] - fileInt = replaceAll("\s+", "").toInteger(): null

09-12-2024T07:47:49 - [TEST_STEP][PASSED] - Script1718980020443.WriteToExcelNoData(a, typeOfData, todaysDate, fileInt, fileDouble, dZO): null

09-12-2024T07:47:49 - [TEST_STEP][PASSED] - sheetName = "Sheet1": null

09-12-2024T07:47:49 - [TEST_STEP][PASSED] - data = findTestData("PlanFact"): null

09-12-2024T07:47:49 - [TEST_STEP][PASSED] - n = data.getRowNumbers() + 1: null

09-12-2024T07:47:49 - [TEST_STEP][PASSED] - year = todaysDate.substring(todaysDate.length() - 4, todaysDate.length()): null

09-12-2024T07:47:49 - [TEST_STEP][PASSED] - y = year.toInteger(): null

09-12-2024T07:47:49 - [TEST_STEP][PASSED] - m = getText(findTestObject("Выполнение бизнес-плана/Период")): Text of object 'Object Repository/Выполнение бизнес-плана/Период' is: '1, 2, 3 кв., Октябрь 2024 года'

09-12-2024T07:47:49 - [MESSAGE][PASSED] - Text of object 'Object Repository/Выполнение бизнес-плана/Период' is: '1, 2, 3 кв., Октябрь 2024 года'

09-12-2024T07:47:49 - [TEST_STEP][PASSED] - m = m.substring(0, m.indexOf("2024")): null

09-12-2024T07:47:49 - [TEST_STEP][PASSED] - m = m.trim(): null

09-12-2024T07:47:49 - [TEST_STEP][PASSED] - dashboardName = "Выполнение бизнес-плана": null

09-12-2024T07:47:49 - [TEST_STEP][PASSED] - workbook01 = getWorkbook(excelFilePath): null

09-12-2024T07:47:50 - [TEST_STEP][PASSED] - sheet01 = getExcelSheet(workbook01, sheetName): null

09-12-2024T07:47:50 - [TEST_STEP][PASSED] - setValueToCellByIndex(sheet01, n, 0, dashboardName): null

09-12-2024T07:47:50 - [TEST_STEP][PASSED] - setValueToCellByIndex(sheet01, n, 1, dZO): null

09-12-2024T07:47:50 - [TEST_STEP][PASSED] - setValueToCellByIndex(sheet01, n, 2, typeOfData): null

09-12-2024T07:47:50 - [TEST_STEP][PASSED] - if (typeOfData == "Факт в процентах" || typeOfData == "План в процентах"): null

09-12-2024T07:47:50 - [TEST_STEP][PASSED] - else: null

09-12-2024T07:47:50 - [TEST_STEP][PASSED] - setValueToCellByIndex(sheet01, n, 3, fileInt): null

09-12-2024T07:47:50 - [TEST_STEP][PASSED] - setValueToCellByIndex(sheet01, n, 4, "нет данных"): null

09-12-2024T07:47:50 - [TEST_STEP][PASSED] - setValueToCellByIndex(sheet01, n, 5, m): null

09-12-2024T07:47:50 - [TEST_STEP][PASSED] - setValueToCellByIndex(sheet01, n, 6, y): null

09-12-2024T07:47:50 - [TEST_STEP][PASSED] - setValueToCellByIndex(sheet01, n, 7, todaysDate): null

09-12-2024T07:47:50 - [TEST_STEP][PASSED] - n = n + 1: null

09-12-2024T07:47:50 - [TEST_STEP][PASSED] - saveWorkbook(excelFilePath, workbook01): null

09-12-2024T07:47:50 - [TEST_STEP][PASSED] - typeOfData = "План в процентах": null

09-12-2024T07:47:50 - [TEST_STEP][PASSED] - fileDouble = ").toDouble(): null

09-12-2024T07:47:50 - [TEST_STEP][PASSED] - Script1718980020443.WriteToExcelNoData(a, typeOfData, todaysDate, fileInt, fileDouble, dZO): null

09-12-2024T07:47:50 - [TEST_STEP][PASSED] - sheetName = "Sheet1": null

09-12-2024T07:47:50 - [TEST_STEP][PASSED] - data = findTestData("PlanFact"): null

09-12-2024T07:47:50 - [TEST_STEP][PASSED] - n = data.getRowNumbers() + 1: null

09-12-2024T07:47:50 - [TEST_STEP][PASSED] - year = todaysDate.substring(todaysDate.length() - 4, todaysDate.length()): null

09-12-2024T07:47:50 - [TEST_STEP][PASSED] - y = year.toInteger(): null

09-12-2024T07:47:50 - [TEST_STEP][PASSED] - m = getText(findTestObject("Выполнение бизнес-плана/Период")): Text of object 'Object Repository/Выполнение бизнес-плана/Период' is: '1, 2, 3 кв., Октябрь 2024 года'

09-12-2024T07:47:50 - [MESSAGE][PASSED] - Text of object 'Object Repository/Выполнение бизнес-плана/Период' is: '1, 2, 3 кв., Октябрь 2024 года'

09-12-2024T07:47:50 - [TEST_STEP][PASSED] - m = m.substring(0, m.indexOf("2024")): null

09-12-2024T07:47:50 - [TEST_STEP][PASSED] - m = m.trim(): null

09-12-2024T07:47:50 - [TEST_STEP][PASSED] - dashboardName = "Выполнение бизнес-плана": null

09-12-2024T07:47:50 - [TEST_STEP][PASSED] - workbook01 = getWorkbook(excelFilePath): null

09-12-2024T07:47:50 - [TEST_STEP][PASSED] - sheet01 = getExcelSheet(workbook01, sheetName): null

09-12-2024T07:47:50 - [TEST_STEP][PASSED] - setValueToCellByIndex(sheet01, n, 0, dashboardName): null

09-12-2024T07:47:50 - [TEST_STEP][PASSED] - setValueToCellByIndex(sheet01, n, 1, dZO): null

09-12-2024T07:47:50 - [TEST_STEP][PASSED] - setValueToCellByIndex(sheet01, n, 2, typeOfData): null

09-12-2024T07:47:50 - [TEST_STEP][PASSED] - if (typeOfData == "Факт в процентах" || typeOfData == "План в процентах"): null

09-12-2024T07:47:50 - [TEST_STEP][PASSED] - setValueToCellByIndex(sheet01, n, 3, fileDouble): null

09-12-2024T07:47:50 - [TEST_STEP][PASSED] - setValueToCellByIndex(sheet01, n, 4, "нет данных"): null

09-12-2024T07:47:50 - [TEST_STEP][PASSED] - setValueToCellByIndex(sheet01, n, 5, m): null

09-12-2024T07:47:50 - [TEST_STEP][PASSED] - setValueToCellByIndex(sheet01, n, 6, y): null

09-12-2024T07:47:50 - [TEST_STEP][PASSED] - setValueToCellByIndex(sheet01, n, 7, todaysDate): null

09-12-2024T07:47:50 - [TEST_STEP][PASSED] - n = n + 1: null

09-12-2024T07:47:50 - [TEST_STEP][PASSED] - saveWorkbook(excelFilePath, workbook01): null

09-12-2024T07:47:50 - [TEST_STEP][PASSED] - typeOfData = "Факт в процентах": null

09-12-2024T07:47:50 - [TEST_STEP][PASSED] - fileDouble = ").toDouble(): null

09-12-2024T07:47:51 - [TEST_STEP][PASSED] - Script1718980020443.WriteToExcelNoData(a, typeOfData, todaysDate, fileInt, fileDouble, dZO): null

09-12-2024T07:47:51 - [TEST_STEP][PASSED] - sheetName = "Sheet1": null

09-12-2024T07:47:51 - [TEST_STEP][PASSED] - data = findTestData("PlanFact"): null

09-12-2024T07:47:51 - [TEST_STEP][PASSED] - n = data.getRowNumbers() + 1: null

09-12-2024T07:47:51 - [TEST_STEP][PASSED] - year = todaysDate.substring(todaysDate.length() - 4, todaysDate.length()): null

09-12-2024T07:47:51 - [TEST_STEP][PASSED] - y = year.toInteger(): null

09-12-2024T07:47:51 - [TEST_STEP][PASSED] - m = getText(findTestObject("Выполнение бизнес-плана/Период")): Text of object 'Object Repository/Выполнение бизнес-плана/Период' is: '1, 2, 3 кв., Октябрь 2024 года'

09-12-2024T07:47:51 - [MESSAGE][PASSED] - Text of object 'Object Repository/Выполнение бизнес-плана/Период' is: '1, 2, 3 кв., Октябрь 2024 года'

09-12-2024T07:47:51 - [TEST_STEP][PASSED] - m = m.substring(0, m.indexOf("2024")): null

09-12-2024T07:47:51 - [TEST_STEP][PASSED] - m = m.trim(): null

09-12-2024T07:47:51 - [TEST_STEP][PASSED] - dashboardName = "Выполнение бизнес-плана": null

09-12-2024T07:47:51 - [TEST_STEP][PASSED] - workbook01 = getWorkbook(excelFilePath): null

09-12-2024T07:47:51 - [TEST_STEP][PASSED] - sheet01 = getExcelSheet(workbook01, sheetName): null

09-12-2024T07:47:51 - [TEST_STEP][PASSED] - setValueToCellByIndex(sheet01, n, 0, dashboardName): null

09-12-2024T07:47:51 - [TEST_STEP][PASSED] - setValueToCellByIndex(sheet01, n, 1, dZO): null

09-12-2024T07:47:51 - [TEST_STEP][PASSED] - setValueToCellByIndex(sheet01, n, 2, typeOfData): null

09-12-2024T07:47:51 - [TEST_STEP][PASSED] - if (typeOfData == "Факт в процентах" || typeOfData == "План в процентах"): null

09-12-2024T07:47:51 - [TEST_STEP][PASSED] - setValueToCellByIndex(sheet01, n, 3, fileDouble): null

09-12-2024T07:47:51 - [TEST_STEP][PASSED] - setValueToCellByIndex(sheet01, n, 4, "нет данных"): null

09-12-2024T07:47:51 - [TEST_STEP][PASSED] - setValueToCellByIndex(sheet01, n, 5, m): null

09-12-2024T07:47:51 - [TEST_STEP][PASSED] - setValueToCellByIndex(sheet01, n, 6, y): null

09-12-2024T07:47:51 - [TEST_STEP][PASSED] - setValueToCellByIndex(sheet01, n, 7, todaysDate): null

09-12-2024T07:47:51 - [TEST_STEP][PASSED] - n = n + 1: null

09-12-2024T07:47:51 - [TEST_STEP][PASSED] - saveWorkbook(excelFilePath, workbook01): null

09-12-2024T07:47:51 - [TEST_STEP][PASSED] - println(dzoNum): null

09-12-2024T07:47:51 - [TEST_STEP][PASSED] - dZO = "Россети Северный Кавказ": null

09-12-2024T07:47:51 - [TEST_STEP][PASSED] - a = 65: null

09-12-2024T07:47:51 - [TEST_STEP][PASSED] - if (x1.contains(dZO)): null

09-12-2024T07:47:51 - [TEST_STEP][PASSED] - dzoNum = dzoNum + 1: null

09-12-2024T07:47:51 - [TEST_STEP][PASSED] - Script1718980020443.Numbers(a, typeOfData, todaysDate, pageInt, fileInt, pageDouble, fileDouble, dZO, dzoNum, filialNum): null

09-12-2024T07:47:51 - [TEST_STEP][PASSED] - println(dzoNum): null

09-12-2024T07:47:51 - [TEST_STEP][PASSED] - planFact = <not implemented yet for class: org.codehaus.groovy.ast.expr.EmptyExpression>: null

09-12-2024T07:47:51 - [TEST_STEP][PASSED] - page = <not implemented yet for class: org.codehaus.groovy.ast.expr.EmptyExpression>: null

09-12-2024T07:47:51 - [TEST_STEP][PASSED] - page1 = <not implemented yet for class: org.codehaus.groovy.ast.expr.EmptyExpression>: null

09-12-2024T07:47:51 - [TEST_STEP][PASSED] - page2 = <not implemented yet for class: org.codehaus.groovy.ast.expr.EmptyExpression>: null

09-12-2024T07:47:51 - [TEST_STEP][PASSED] - filialNumberInRow = <not implemented yet for class: org.codehaus.groovy.ast.expr.EmptyExpression>: null

09-12-2024T07:47:51 - [TEST_STEP][PASSED] - filialsDzoNames = <not implemented yet for class: org.codehaus.groovy.ast.expr.EmptyExpression>: null

09-12-2024T07:47:51 - [TEST_STEP][PASSED] - numberOfFilials = <not implemented yet for class: org.codehaus.groovy.ast.expr.EmptyExpression>: null

09-12-2024T07:47:51 - [TEST_STEP][PASSED] - numberOfSpaces = <not implemented yet for class: org.codehaus.groovy.ast.expr.EmptyExpression>: null

09-12-2024T07:47:51 - [TEST_STEP][PASSED] - file = <not implemented yet for class: org.codehaus.groovy.ast.expr.EmptyExpression>: null

09-12-2024T07:47:51 - [TEST_STEP][PASSED] - otpusk = <not implemented yet for class: org.codehaus.groovy.ast.expr.EmptyExpression>: null

09-12-2024T07:47:51 - [TEST_STEP][PASSED] - poteri = <not implemented yet for class: org.codehaus.groovy.ast.expr.EmptyExpression>: null

09-12-2024T07:47:51 - [TEST_STEP][PASSED] - dataFolder = "Выполнение бизнес-плана/Значения со страницы Выполнение бизнес-плана/": null

09-12-2024T07:47:51 - [TEST_STEP][PASSED] - path = <not implemented yet for class: org.codehaus.groovy.ast.expr.EmptyExpression>: null

09-12-2024T07:47:51 - [TEST_STEP][PASSED] - typeOfDataMain = <not implemented yet for class: org.codehaus.groovy.ast.expr.EmptyExpression>: null

09-12-2024T07:47:51 - [TEST_STEP][PASSED] - fileOtpuskVSet = <not implemented yet for class: org.codehaus.groovy.ast.expr.EmptyExpression>: null

09-12-2024T07:47:51 - [TEST_STEP][PASSED] - pageOtpuskVSet = <not implemented yet for class: org.codehaus.groovy.ast.expr.EmptyExpression>: null

09-12-2024T07:47:51 - [TEST_STEP][PASSED] - filePoteri = <not implemented yet for class: org.codehaus.groovy.ast.expr.EmptyExpression>: null

09-12-2024T07:47:51 - [TEST_STEP][PASSED] - pagePoteri = <not implemented yet for class: org.codehaus.groovy.ast.expr.EmptyExpression>: null

09-12-2024T07:47:51 - [TEST_STEP][PASSED] - compare = <not implemented yet for class: org.codehaus.groovy.ast.expr.EmptyExpression>: null

09-12-2024T07:47:51 - [TEST_STEP][PASSED] - b = <not implemented yet for class: org.codehaus.groovy.ast.expr.EmptyExpression>: null

09-12-2024T07:47:51 - [TEST_STEP][PASSED] - i = <not implemented yet for class: org.codehaus.groovy.ast.expr.EmptyExpression>: null

09-12-2024T07:47:51 - [TEST_STEP][PASSED] - ii = <not implemented yet for class: org.codehaus.groovy.ast.expr.EmptyExpression>: null

09-12-2024T07:47:51 - [TEST_STEP][PASSED] - c = <not implemented yet for class: org.codehaus.groovy.ast.expr.EmptyExpression>: null

09-12-2024T07:47:51 - [TEST_STEP][PASSED] - numberOfErrors = 0: null

09-12-2024T07:47:51 - [TEST_STEP][PASSED] - if (a == 82): null

09-12-2024T07:47:51 - [TEST_STEP][PASSED] - b = findTestData("PlanFact").getValue(1, a): null

09-12-2024T07:47:51 - [TEST_STEP][PASSED] - i = b.indexOf(" (ГК)"): null

09-12-2024T07:47:51 - [TEST_STEP][PASSED] - if (i > -1): null

09-12-2024T07:47:51 - [TEST_STEP][PASSED] - i = b.indexOf("О ""): null

09-12-2024T07:47:51 - [TEST_STEP][PASSED] - if (i > -1): null

09-12-2024T07:47:51 - [TEST_STEP][PASSED] - i = b.indexOf("О «"): null

09-12-2024T07:47:51 - [TEST_STEP][PASSED] - if (i > -1): null

09-12-2024T07:47:51 - [TEST_STEP][PASSED] - i = b.indexOf("г. "): null

09-12-2024T07:47:51 - [TEST_STEP][PASSED] - if (i > -1): null

09-12-2024T07:47:51 - [TEST_STEP][PASSED] - println(b): null

09-12-2024T07:47:51 - [TEST_STEP][PASSED] - for ([planFact = 1, planFact < 3, (planFact++)]): null

09-12-2024T07:47:51 - [TEST_STEP][PASSED] - if (planFact == 1): null

09-12-2024T07:47:51 - [TEST_STEP][PASSED] - typeOfDataMain = "Факт": null

09-12-2024T07:47:51 - [TEST_STEP][PASSED] - otpusk = findTestData("PlanFact").getValue(5, a): null

09-12-2024T07:47:51 - [TEST_STEP][PASSED] - poteri = findTestData("PlanFact").getValue(6, a): null

09-12-2024T07:47:51 - [TEST_STEP][PASSED] - otpusk = otpusk.replaceAll("\s+", ""): null

09-12-2024T07:47:51 - [TEST_STEP][PASSED] - poteri = poteri.replaceAll("\s+", ""): null

09-12-2024T07:47:51 - [TEST_STEP][PASSED] - typeOfData = typeOfDataMain + " Отпуск в сеть": null

09-12-2024T07:47:51 - [TEST_STEP][PASSED] - if (a == 82): null

09-12-2024T07:47:51 - [TEST_STEP][PASSED] - else if (a == 84): null

09-12-2024T07:47:51 - [TEST_STEP][PASSED] - else if (a == 52 || a == 72 || a == 28 || a == 73 || a == 77 || a == 74 || a == 65 || a == 36 || a == 44 || a == 53 || a == 80 || a == 54 || a == 1 || a == 18 || a == 59 || a == 81): null

09-12-2024T07:47:51 - [TEST_STEP][PASSED] - path = dataFolder + "Table Data/" + typeOfData + " за отчётный период " + dzoNum: null

09-12-2024T07:47:51 - [TEST_STEP][PASSED] - println(path): null

09-12-2024T07:47:51 - [TEST_STEP][PASSED] - page = getText(findTestObject(path)): Text of object 'Object Repository/Выполнение бизнес-плана/Значения со страницы Выполнение бизнес-плана/Table Data/Факт Отпуск в сеть за отчётный период 3' is: '17 367 779'

09-12-2024T07:47:52 - [MESSAGE][PASSED] - Text of object 'Object Repository/Выполнение бизнес-плана/Значения со страницы Выполнение бизнес-плана/Table Data/Факт Отпуск в сеть за отчётный период 3' is: '17 367 779'

09-12-2024T07:47:52 - [TEST_STEP][PASSED] - page = page.replaceAll("\s+", ""): null

09-12-2024T07:47:52 - [TEST_STEP][PASSED] - fileOtpuskVSet = otpusk.toInteger(): null

09-12-2024T07:47:52 - [TEST_STEP][PASSED] - pageOtpuskVSet = page.toInteger(): null

09-12-2024T07:47:52 - [TEST_STEP][PASSED] - typeOfData = typeOfDataMain + " Потери": null

09-12-2024T07:47:52 - [TEST_STEP][PASSED] - if (a == 82): null

09-12-2024T07:47:52 - [TEST_STEP][PASSED] - else if (a == 84): null

09-12-2024T07:47:52 - [TEST_STEP][PASSED] - else if (a == 52 || a == 72 || a == 28 || a == 73 || a == 77 || a == 74 || a == 65 || a == 36 || a == 44 || a == 53 || a == 80 || a == 54 || a == 1 || a == 18 || a == 59 || a == 81): null

09-12-2024T07:47:52 - [TEST_STEP][PASSED] - path = dataFolder + "Table Data/" + typeOfData + " за отчётный период " + dzoNum: null

09-12-2024T07:47:52 - [TEST_STEP][PASSED] - page = getText(findTestObject(path)): Text of object 'Object Repository/Выполнение бизнес-плана/Значения со страницы Выполнение бизнес-плана/Table Data/Факт Потери за отчётный период 3' is: '4 783 177'

09-12-2024T07:47:52 - [MESSAGE][PASSED] - Text of object 'Object Repository/Выполнение бизнес-плана/Значения со страницы Выполнение бизнес-плана/Table Data/Факт Потери за отчётный период 3' is: '4 783 177'

09-12-2024T07:47:52 - [TEST_STEP][PASSED] - page = page.replaceAll("\s+", ""): null

09-12-2024T07:47:52 - [TEST_STEP][PASSED] - filePoteri = poteri.toInteger(): null

09-12-2024T07:47:52 - [TEST_STEP][PASSED] - pagePoteri = page.toInteger(): null

09-12-2024T07:47:52 - [TEST_STEP][PASSED] - compare = pageOtpuskVSet: null

09-12-2024T07:47:52 - [TEST_STEP][PASSED] - if (compare == fileOtpuskVSet): null

09-12-2024T07:47:52 - [TEST_STEP][PASSED] - else if (compare > fileOtpuskVSet): null

09-12-2024T07:47:52 - [TEST_STEP][PASSED] - else if (compare < fileOtpuskVSet): null

09-12-2024T07:47:52 - [TEST_STEP][PASSED] - compare = compare + 1: null

09-12-2024T07:47:52 - [TEST_STEP][PASSED] - if (compare == fileOtpuskVSet): null

09-12-2024T07:47:52 - [TEST_STEP][PASSED] - else: null

09-12-2024T07:47:52 - [TEST_STEP][PASSED] - numberOfErrors = numberOfErrors + 1: null

09-12-2024T07:47:52 - [TEST_STEP][PASSED] - pageInt = pageOtpuskVSet: null

09-12-2024T07:47:52 - [TEST_STEP][PASSED] - fileInt = fileOtpuskVSet: null

09-12-2024T07:47:52 - [TEST_STEP][PASSED] - typeOfData = typeOfDataMain + " Отпуск в сеть": null

09-12-2024T07:47:52 - [TEST_STEP][PASSED] - Script1718980020443.WriteToExcel(a, typeOfData, todaysDate, pageInt, fileInt, pageDouble, fileDouble, dZO): null

09-12-2024T07:47:52 - [TEST_STEP][PASSED] - sheetName = "Sheet1": null

09-12-2024T07:47:52 - [TEST_STEP][PASSED] - data = findTestData("PlanFact"): null

09-12-2024T07:47:52 - [TEST_STEP][PASSED] - n = data.getRowNumbers() + 1: null

09-12-2024T07:47:52 - [TEST_STEP][PASSED] - year = todaysDate.substring(todaysDate.length() - 4, todaysDate.length()): null

09-12-2024T07:47:52 - [TEST_STEP][PASSED] - y = year.toInteger(): null

09-12-2024T07:47:52 - [TEST_STEP][PASSED] - m = getText(findTestObject("Выполнение бизнес-плана/Период")): Text of object 'Object Repository/Выполнение бизнес-плана/Период' is: '1, 2, 3 кв., Октябрь 2024 года'

09-12-2024T07:47:52 - [MESSAGE][PASSED] - Text of object 'Object Repository/Выполнение бизнес-плана/Период' is: '1, 2, 3 кв., Октябрь 2024 года'

09-12-2024T07:47:52 - [TEST_STEP][PASSED] - m = m.substring(0, m.indexOf("2024")): null

09-12-2024T07:47:52 - [TEST_STEP][PASSED] - m = m.trim(): null

09-12-2024T07:47:52 - [TEST_STEP][PASSED] - dashboardName = "Выполнение бизнес-плана": null

09-12-2024T07:47:52 - [TEST_STEP][PASSED] - workbook01 = getWorkbook(excelFilePath): null

09-12-2024T07:47:52 - [TEST_STEP][PASSED] - sheet01 = getExcelSheet(workbook01, sheetName): null

09-12-2024T07:47:52 - [TEST_STEP][PASSED] - setValueToCellByIndex(sheet01, n, 0, dashboardName): null

09-12-2024T07:47:52 - [TEST_STEP][PASSED] - setValueToCellByIndex(sheet01, n, 1, dZO): null

09-12-2024T07:47:52 - [TEST_STEP][PASSED] - setValueToCellByIndex(sheet01, n, 2, typeOfData): null

09-12-2024T07:47:52 - [TEST_STEP][PASSED] - if (typeOfData == "Факт в процентах" || typeOfData == "План в процентах"): null

09-12-2024T07:47:52 - [TEST_STEP][PASSED] - else: null

09-12-2024T07:47:52 - [TEST_STEP][PASSED] - setValueToCellByIndex(sheet01, n, 3, fileInt): null

09-12-2024T07:47:52 - [TEST_STEP][PASSED] - setValueToCellByIndex(sheet01, n, 4, pageInt): null

09-12-2024T07:47:52 - [TEST_STEP][PASSED] - setValueToCellByIndex(sheet01, n, 5, m): null

09-12-2024T07:47:52 - [TEST_STEP][PASSED] - setValueToCellByIndex(sheet01, n, 6, y): null

09-12-2024T07:47:52 - [TEST_STEP][PASSED] - setValueToCellByIndex(sheet01, n, 7, todaysDate): null

09-12-2024T07:47:52 - [TEST_STEP][PASSED] - n = n + 1: null

09-12-2024T07:47:52 - [TEST_STEP][PASSED] - saveWorkbook(excelFilePath, workbook01): null

09-12-2024T07:47:53 - [TEST_STEP][PASSED] - compare = pagePoteri: null

09-12-2024T07:47:53 - [TEST_STEP][PASSED] - if (compare == filePoteri): null

09-12-2024T07:47:53 - [TEST_STEP][PASSED] - else if (compare > filePoteri): null

09-12-2024T07:47:53 - [TEST_STEP][PASSED] - else if (compare < filePoteri): null

09-12-2024T07:47:53 - [TEST_STEP][PASSED] - compare = compare + 1: null

09-12-2024T07:47:53 - [TEST_STEP][PASSED] - if (compare == filePoteri): null

09-12-2024T07:47:53 - [TEST_STEP][PASSED] - else: null

09-12-2024T07:47:53 - [TEST_STEP][PASSED] - numberOfErrors = numberOfErrors + 1: null

09-12-2024T07:47:53 - [TEST_STEP][PASSED] - pageInt = pagePoteri: null

09-12-2024T07:47:53 - [TEST_STEP][PASSED] - fileInt = filePoteri: null

09-12-2024T07:47:53 - [TEST_STEP][PASSED] - typeOfData = typeOfDataMain + " Потери": null

09-12-2024T07:47:53 - [TEST_STEP][PASSED] - Script1718980020443.WriteToExcel(a, typeOfData, todaysDate, pageInt, fileInt, pageDouble, fileDouble, dZO): null

09-12-2024T07:47:53 - [TEST_STEP][PASSED] - sheetName = "Sheet1": null

09-12-2024T07:47:53 - [TEST_STEP][PASSED] - data = findTestData("PlanFact"): null

09-12-2024T07:47:53 - [TEST_STEP][PASSED] - n = data.getRowNumbers() + 1: null

09-12-2024T07:47:53 - [TEST_STEP][PASSED] - year = todaysDate.substring(todaysDate.length() - 4, todaysDate.length()): null

09-12-2024T07:47:53 - [TEST_STEP][PASSED] - y = year.toInteger(): null

09-12-2024T07:47:53 - [TEST_STEP][PASSED] - m = getText(findTestObject("Выполнение бизнес-плана/Период")): Text of object 'Object Repository/Выполнение бизнес-плана/Период' is: '1, 2, 3 кв., Октябрь 2024 года'

09-12-2024T07:47:53 - [MESSAGE][PASSED] - Text of object 'Object Repository/Выполнение бизнес-плана/Период' is: '1, 2, 3 кв., Октябрь 2024 года'

09-12-2024T07:47:53 - [TEST_STEP][PASSED] - m = m.substring(0, m.indexOf("2024")): null

09-12-2024T07:47:53 - [TEST_STEP][PASSED] - m = m.trim(): null

09-12-2024T07:47:53 - [TEST_STEP][PASSED] - dashboardName = "Выполнение бизнес-плана": null

09-12-2024T07:47:53 - [TEST_STEP][PASSED] - workbook01 = getWorkbook(excelFilePath): null

09-12-2024T07:47:53 - [TEST_STEP][PASSED] - sheet01 = getExcelSheet(workbook01, sheetName): null

09-12-2024T07:47:53 - [TEST_STEP][PASSED] - setValueToCellByIndex(sheet01, n, 0, dashboardName): null

09-12-2024T07:47:53 - [TEST_STEP][PASSED] - setValueToCellByIndex(sheet01, n, 1, dZO): null

09-12-2024T07:47:53 - [TEST_STEP][PASSED] - setValueToCellByIndex(sheet01, n, 2, typeOfData): null

09-12-2024T07:47:53 - [TEST_STEP][PASSED] - if (typeOfData == "Факт в процентах" || typeOfData == "План в процентах"): null

09-12-2024T07:47:53 - [TEST_STEP][PASSED] - else: null

09-12-2024T07:47:53 - [TEST_STEP][PASSED] - setValueToCellByIndex(sheet01, n, 3, fileInt): null

09-12-2024T07:47:53 - [TEST_STEP][PASSED] - setValueToCellByIndex(sheet01, n, 4, pageInt): null

09-12-2024T07:47:53 - [TEST_STEP][PASSED] - setValueToCellByIndex(sheet01, n, 5, m): null

09-12-2024T07:47:53 - [TEST_STEP][PASSED] - setValueToCellByIndex(sheet01, n, 6, y): null

09-12-2024T07:47:53 - [TEST_STEP][PASSED] - setValueToCellByIndex(sheet01, n, 7, todaysDate): null

09-12-2024T07:47:53 - [TEST_STEP][PASSED] - n = n + 1: null

09-12-2024T07:47:53 - [TEST_STEP][PASSED] - saveWorkbook(excelFilePath, workbook01): null

09-12-2024T07:47:53 - [TEST_STEP][PASSED] - if (planFact == 2): null

09-12-2024T07:47:53 - [TEST_STEP][PASSED] - if (planFact == 1): null

09-12-2024T07:47:53 - [TEST_STEP][PASSED] - else if (planFact == 2): null

09-12-2024T07:47:53 - [TEST_STEP][PASSED] - click(findTestObject("Выполнение бизнес-плана/Кнопка План")): Object: 'Object Repository/Выполнение бизнес-плана/Кнопка План' is clicked on

09-12-2024T07:47:54 - [MESSAGE][PASSED] - Object: 'Object Repository/Выполнение бизнес-плана/Кнопка План' is clicked on

09-12-2024T07:47:54 - [TEST_STEP][PASSED] - typeOfDataMain = "План": null

09-12-2024T07:47:54 - [TEST_STEP][PASSED] - otpusk = findTestData("PlanFact").getValue(2, a): null

09-12-2024T07:47:54 - [TEST_STEP][PASSED] - poteri = findTestData("PlanFact").getValue(3, a): null

09-12-2024T07:47:54 - [TEST_STEP][PASSED] - otpusk = otpusk.replaceAll("\s+", ""): null

09-12-2024T07:47:54 - [TEST_STEP][PASSED] - poteri = poteri.replaceAll("\s+", ""): null

09-12-2024T07:47:54 - [TEST_STEP][PASSED] - typeOfData = typeOfDataMain + " Отпуск в сеть": null

09-12-2024T07:47:54 - [TEST_STEP][PASSED] - if (a == 82): null

09-12-2024T07:47:54 - [TEST_STEP][PASSED] - else if (a == 84): null

09-12-2024T07:47:54 - [TEST_STEP][PASSED] - else if (a == 52 || a == 72 || a == 28 || a == 73 || a == 77 || a == 74 || a == 65 || a == 36 || a == 44 || a == 53 || a == 80 || a == 54 || a == 1 || a == 18 || a == 59 || a == 81): null

09-12-2024T07:47:54 - [TEST_STEP][PASSED] - path = dataFolder + "Table Data/" + typeOfData + " за отчётный период " + dzoNum: null

09-12-2024T07:47:54 - [TEST_STEP][PASSED] - println(path): null

09-12-2024T07:47:54 - [TEST_STEP][PASSED] - page = getText(findTestObject(path)): Text of object 'Object Repository/Выполнение бизнес-плана/Значения со страницы Выполнение бизнес-плана/Table Data/План Отпуск в сеть за отчётный период 3' is: '16 300 204'

09-12-2024T07:47:54 - [MESSAGE][PASSED] - Text of object 'Object Repository/Выполнение бизнес-плана/Значения со страницы Выполнение бизнес-плана/Table Data/План Отпуск в сеть за отчётный период 3' is: '16 300 204'

09-12-2024T07:47:54 - [TEST_STEP][PASSED] - page = page.replaceAll("\s+", ""): null

09-12-2024T07:47:54 - [TEST_STEP][PASSED] - fileOtpuskVSet = otpusk.toInteger(): null

09-12-2024T07:47:54 - [TEST_STEP][PASSED] - pageOtpuskVSet = page.toInteger(): null

09-12-2024T07:47:54 - [TEST_STEP][PASSED] - typeOfData = typeOfDataMain + " Потери": null

09-12-2024T07:47:54 - [TEST_STEP][PASSED] - if (a == 82): null

09-12-2024T07:47:54 - [TEST_STEP][PASSED] - else if (a == 84): null

09-12-2024T07:47:54 - [TEST_STEP][PASSED] - else if (a == 52 || a == 72 || a == 28 || a == 73 || a == 77 || a == 74 || a == 65 || a == 36 || a == 44 || a == 53 || a == 80 || a == 54 || a == 1 || a == 18 || a == 59 || a == 81): null

09-12-2024T07:47:54 - [TEST_STEP][PASSED] - path = dataFolder + "Table Data/" + typeOfData + " за отчётный период " + dzoNum: null

09-12-2024T07:47:54 - [TEST_STEP][PASSED] - page = getText(findTestObject(path)): Text of object 'Object Repository/Выполнение бизнес-плана/Значения со страницы Выполнение бизнес-плана/Table Data/План Потери за отчётный период 3' is: '3 863 112'

09-12-2024T07:47:54 - [MESSAGE][PASSED] - Text of object 'Object Repository/Выполнение бизнес-плана/Значения со страницы Выполнение бизнес-плана/Table Data/План Потери за отчётный период 3' is: '3 863 112'

09-12-2024T07:47:54 - [TEST_STEP][PASSED] - page = page.replaceAll("\s+", ""): null

09-12-2024T07:47:54 - [TEST_STEP][PASSED] - filePoteri = poteri.toInteger(): null

09-12-2024T07:47:54 - [TEST_STEP][PASSED] - pagePoteri = page.toInteger(): null

09-12-2024T07:47:54 - [TEST_STEP][PASSED] - compare = pageOtpuskVSet: null

09-12-2024T07:47:54 - [TEST_STEP][PASSED] - if (compare == fileOtpuskVSet): null

09-12-2024T07:47:54 - [TEST_STEP][PASSED] - else if (compare > fileOtpuskVSet): null

09-12-2024T07:47:54 - [TEST_STEP][PASSED] - else if (compare < fileOtpuskVSet): null

09-12-2024T07:47:54 - [TEST_STEP][PASSED] - compare = compare + 1: null

09-12-2024T07:47:54 - [TEST_STEP][PASSED] - if (compare == fileOtpuskVSet): null

09-12-2024T07:47:54 - [TEST_STEP][PASSED] - else: null

09-12-2024T07:47:54 - [TEST_STEP][PASSED] - numberOfErrors = numberOfErrors + 1: null

09-12-2024T07:47:54 - [TEST_STEP][PASSED] - pageInt = pageOtpuskVSet: null

09-12-2024T07:47:54 - [TEST_STEP][PASSED] - fileInt = fileOtpuskVSet: null

09-12-2024T07:47:54 - [TEST_STEP][PASSED] - typeOfData = typeOfDataMain + " Отпуск в сеть": null

09-12-2024T07:47:54 - [TEST_STEP][PASSED] - Script1718980020443.WriteToExcel(a, typeOfData, todaysDate, pageInt, fileInt, pageDouble, fileDouble, dZO): null

09-12-2024T07:47:54 - [TEST_STEP][PASSED] - sheetName = "Sheet1": null

09-12-2024T07:47:54 - [TEST_STEP][PASSED] - data = findTestData("PlanFact"): null

09-12-2024T07:47:55 - [TEST_STEP][PASSED] - n = data.getRowNumbers() + 1: null

09-12-2024T07:47:55 - [TEST_STEP][PASSED] - year = todaysDate.substring(todaysDate.length() - 4, todaysDate.length()): null

09-12-2024T07:47:55 - [TEST_STEP][PASSED] - y = year.toInteger(): null

09-12-2024T07:47:55 - [TEST_STEP][PASSED] - m = getText(findTestObject("Выполнение бизнес-плана/Период")): Text of object 'Object Repository/Выполнение бизнес-плана/Период' is: '1, 2, 3 кв., Октябрь 2024 года'

09-12-2024T07:47:55 - [MESSAGE][PASSED] - Text of object 'Object Repository/Выполнение бизнес-плана/Период' is: '1, 2, 3 кв., Октябрь 2024 года'

09-12-2024T07:47:55 - [TEST_STEP][PASSED] - m = m.substring(0, m.indexOf("2024")): null

09-12-2024T07:47:55 - [TEST_STEP][PASSED] - m = m.trim(): null

09-12-2024T07:47:55 - [TEST_STEP][PASSED] - dashboardName = "Выполнение бизнес-плана": null

09-12-2024T07:47:55 - [TEST_STEP][PASSED] - workbook01 = getWorkbook(excelFilePath): null

09-12-2024T07:47:55 - [TEST_STEP][PASSED] - sheet01 = getExcelSheet(workbook01, sheetName): null

09-12-2024T07:47:55 - [TEST_STEP][PASSED] - setValueToCellByIndex(sheet01, n, 0, dashboardName): null

09-12-2024T07:47:55 - [TEST_STEP][PASSED] - setValueToCellByIndex(sheet01, n, 1, dZO): null

09-12-2024T07:47:55 - [TEST_STEP][PASSED] - setValueToCellByIndex(sheet01, n, 2, typeOfData): null

09-12-2024T07:47:55 - [TEST_STEP][PASSED] - if (typeOfData == "Факт в процентах" || typeOfData == "План в процентах"): null

09-12-2024T07:47:55 - [TEST_STEP][PASSED] - else: null

09-12-2024T07:47:55 - [TEST_STEP][PASSED] - setValueToCellByIndex(sheet01, n, 3, fileInt): null

09-12-2024T07:47:55 - [TEST_STEP][PASSED] - setValueToCellByIndex(sheet01, n, 4, pageInt): null

09-12-2024T07:47:55 - [TEST_STEP][PASSED] - setValueToCellByIndex(sheet01, n, 5, m): null

09-12-2024T07:47:55 - [TEST_STEP][PASSED] - setValueToCellByIndex(sheet01, n, 6, y): null

09-12-2024T07:47:55 - [TEST_STEP][PASSED] - setValueToCellByIndex(sheet01, n, 7, todaysDate): null

09-12-2024T07:47:55 - [TEST_STEP][PASSED] - n = n + 1: null

09-12-2024T07:47:55 - [TEST_STEP][PASSED] - saveWorkbook(excelFilePath, workbook01): null

09-12-2024T07:47:55 - [TEST_STEP][PASSED] - compare = pagePoteri: null

09-12-2024T07:47:55 - [TEST_STEP][PASSED] - if (compare == filePoteri): null

09-12-2024T07:47:55 - [TEST_STEP][PASSED] - else if (compare > filePoteri): null

09-12-2024T07:47:55 - [TEST_STEP][PASSED] - else if (compare < filePoteri): null

09-12-2024T07:47:55 - [TEST_STEP][PASSED] - compare = compare + 1: null

09-12-2024T07:47:55 - [TEST_STEP][PASSED] - if (compare == filePoteri): null

09-12-2024T07:47:55 - [TEST_STEP][PASSED] - else: null

09-12-2024T07:47:55 - [TEST_STEP][PASSED] - numberOfErrors = numberOfErrors + 1: null

09-12-2024T07:47:55 - [TEST_STEP][PASSED] - pageInt = pagePoteri: null

09-12-2024T07:47:55 - [TEST_STEP][PASSED] - fileInt = filePoteri: null

09-12-2024T07:47:55 - [TEST_STEP][PASSED] - typeOfData = typeOfDataMain + " Потери": null

09-12-2024T07:47:55 - [TEST_STEP][PASSED] - Script1718980020443.WriteToExcel(a, typeOfData, todaysDate, pageInt, fileInt, pageDouble, fileDouble, dZO): null

09-12-2024T07:47:55 - [TEST_STEP][PASSED] - sheetName = "Sheet1": null

09-12-2024T07:47:55 - [TEST_STEP][PASSED] - data = findTestData("PlanFact"): null

09-12-2024T07:47:55 - [TEST_STEP][PASSED] - n = data.getRowNumbers() + 1: null

09-12-2024T07:47:55 - [TEST_STEP][PASSED] - year = todaysDate.substring(todaysDate.length() - 4, todaysDate.length()): null

09-12-2024T07:47:55 - [TEST_STEP][PASSED] - y = year.toInteger(): null

09-12-2024T07:47:55 - [TEST_STEP][PASSED] - m = getText(findTestObject("Выполнение бизнес-плана/Период")): Text of object 'Object Repository/Выполнение бизнес-плана/Период' is: '1, 2, 3 кв., Октябрь 2024 года'

09-12-2024T07:47:55 - [MESSAGE][PASSED] - Text of object 'Object Repository/Выполнение бизнес-плана/Период' is: '1, 2, 3 кв., Октябрь 2024 года'

09-12-2024T07:47:55 - [TEST_STEP][PASSED] - m = m.substring(0, m.indexOf("2024")): null

09-12-2024T07:47:55 - [TEST_STEP][PASSED] - m = m.trim(): null

09-12-2024T07:47:55 - [TEST_STEP][PASSED] - dashboardName = "Выполнение бизнес-плана": null

09-12-2024T07:47:55 - [TEST_STEP][PASSED] - workbook01 = getWorkbook(excelFilePath): null

09-12-2024T07:47:56 - [TEST_STEP][PASSED] - sheet01 = getExcelSheet(workbook01, sheetName): null

09-12-2024T07:47:56 - [TEST_STEP][PASSED] - setValueToCellByIndex(sheet01, n, 0, dashboardName): null

09-12-2024T07:47:56 - [TEST_STEP][PASSED] - setValueToCellByIndex(sheet01, n, 1, dZO): null

09-12-2024T07:47:56 - [TEST_STEP][PASSED] - setValueToCellByIndex(sheet01, n, 2, typeOfData): null

09-12-2024T07:47:56 - [TEST_STEP][PASSED] - if (typeOfData == "Факт в процентах" || typeOfData == "План в процентах"): null

09-12-2024T07:47:56 - [TEST_STEP][PASSED] - else: null

09-12-2024T07:47:56 - [TEST_STEP][PASSED] - setValueToCellByIndex(sheet01, n, 3, fileInt): null

09-12-2024T07:47:56 - [TEST_STEP][PASSED] - setValueToCellByIndex(sheet01, n, 4, pageInt): null

09-12-2024T07:47:56 - [TEST_STEP][PASSED] - setValueToCellByIndex(sheet01, n, 5, m): null

09-12-2024T07:47:56 - [TEST_STEP][PASSED] - setValueToCellByIndex(sheet01, n, 6, y): null

09-12-2024T07:47:56 - [TEST_STEP][PASSED] - setValueToCellByIndex(sheet01, n, 7, todaysDate): null

09-12-2024T07:47:56 - [TEST_STEP][PASSED] - n = n + 1: null

09-12-2024T07:47:56 - [TEST_STEP][PASSED] - saveWorkbook(excelFilePath, workbook01): Object: 'Object Repository/Выполнение бизнес-плана/Кнопка Факт' is clicked on

09-12-2024T07:47:56 - [TEST_STEP][PASSED] - if (planFact == 2): Object: 'Object Repository/Выполнение бизнес-плана/Кнопка Факт' is clicked on

09-12-2024T07:47:56 - [TEST_STEP][PASSED] - click(findTestObject("Выполнение бизнес-плана/Кнопка Факт")): Object: 'Object Repository/Выполнение бизнес-плана/Кнопка Факт' is clicked on

09-12-2024T07:47:56 - [MESSAGE][PASSED] - Object: 'Object Repository/Выполнение бизнес-плана/Кнопка Факт' is clicked on

09-12-2024T07:47:56 - [TEST_STEP][PASSED] - if (a == 84 || a == 82): null

09-12-2024T07:47:56 - [TEST_STEP][PASSED] - else if (a == 52 || a == 72 || a == 28 || a == 73 || a == 77 || a == 74 || a == 65 || a == 36 || a == 44 || a == 53 || a == 80 || a == 54 || a == 1 || a == 18 || a == 59 || a == 81): null

09-12-2024T07:47:56 - [TEST_STEP][PASSED] - page1 = getText(findTestObject("Object Repository/Выполнение бизнес-плана/spanPlan" + dzoNum)): Text of object 'Object Repository/Выполнение бизнес-плана/spanPlan3' is: '23.70'

09-12-2024T07:47:56 - [MESSAGE][PASSED] - Text of object 'Object Repository/Выполнение бизнес-плана/spanPlan3' is: '23.70'

09-12-2024T07:47:56 - [TEST_STEP][PASSED] - page1 = page1.replace("|", ""): null

09-12-2024T07:47:56 - [TEST_STEP][PASSED] - page2 = getText(findTestObject("Object Repository/Выполнение бизнес-плана/spanFact" + dzoNum)): Text of object 'Object Repository/Выполнение бизнес-плана/spanFact3' is: '27.54
|'

09-12-2024T07:47:57 - [MESSAGE][PASSED] - Text of object 'Object Repository/Выполнение бизнес-плана/spanFact3' is: '27.54
|'

09-12-2024T07:47:57 - [TEST_STEP][PASSED] - page2 = page2.replace("|", ""): null

09-12-2024T07:47:57 - [TEST_STEP][PASSED] - println("page1: " + page1): null

09-12-2024T07:47:57 - [TEST_STEP][PASSED] - println("page2: " + page2): null

09-12-2024T07:47:57 - [TEST_STEP][PASSED] - file = findTestData("PlanFact").getValue(4, a): null

09-12-2024T07:47:57 - [TEST_STEP][PASSED] - file = file.replace(",", "."): null

09-12-2024T07:47:57 - [TEST_STEP][PASSED] - println("file Plan: " + file): null

09-12-2024T07:47:57 - [TEST_STEP][PASSED] - typeOfData = "План в процентах": null

09-12-2024T07:47:57 - [TEST_STEP][PASSED] - fileDouble = file.toDouble(): null

09-12-2024T07:47:57 - [TEST_STEP][PASSED] - pageDouble = page1.toDouble(): null

09-12-2024T07:47:57 - [TEST_STEP][PASSED] - if (fileDouble != pageDouble): null

09-12-2024T07:47:57 - [TEST_STEP][PASSED] - numberOfErrors = numberOfErrors + 1: null

09-12-2024T07:47:57 - [TEST_STEP][PASSED] - Script1718980020443.WriteToExcel(a, typeOfData, todaysDate, pageInt, fileInt, pageDouble, fileDouble, dZO): null

09-12-2024T07:47:57 - [TEST_STEP][PASSED] - sheetName = "Sheet1": null

09-12-2024T07:47:57 - [TEST_STEP][PASSED] - data = findTestData("PlanFact"): null

09-12-2024T07:47:57 - [TEST_STEP][PASSED] - n = data.getRowNumbers() + 1: null

09-12-2024T07:47:57 - [TEST_STEP][PASSED] - year = todaysDate.substring(todaysDate.length() - 4, todaysDate.length()): null

09-12-2024T07:47:57 - [TEST_STEP][PASSED] - y = year.toInteger(): null

09-12-2024T07:47:57 - [TEST_STEP][PASSED] - m = getText(findTestObject("Выполнение бизнес-плана/Период")): Text of object 'Object Repository/Выполнение бизнес-плана/Период' is: '1, 2, 3 кв., Октябрь 2024 года'

09-12-2024T07:47:57 - [MESSAGE][PASSED] - Text of object 'Object Repository/Выполнение бизнес-плана/Период' is: '1, 2, 3 кв., Октябрь 2024 года'

09-12-2024T07:47:57 - [TEST_STEP][PASSED] - m = m.substring(0, m.indexOf("2024")): null

09-12-2024T07:47:57 - [TEST_STEP][PASSED] - m = m.trim(): null

09-12-2024T07:47:57 - [TEST_STEP][PASSED] - dashboardName = "Выполнение бизнес-плана": null

09-12-2024T07:47:57 - [TEST_STEP][PASSED] - workbook01 = getWorkbook(excelFilePath): null

09-12-2024T07:47:57 - [TEST_STEP][PASSED] - sheet01 = getExcelSheet(workbook01, sheetName): null

09-12-2024T07:47:57 - [TEST_STEP][PASSED] - setValueToCellByIndex(sheet01, n, 0, dashboardName): null

09-12-2024T07:47:57 - [TEST_STEP][PASSED] - setValueToCellByIndex(sheet01, n, 1, dZO): null

09-12-2024T07:47:57 - [TEST_STEP][PASSED] - setValueToCellByIndex(sheet01, n, 2, typeOfData): null

09-12-2024T07:47:57 - [TEST_STEP][PASSED] - if (typeOfData == "Факт в процентах" || typeOfData == "План в процентах"): null

09-12-2024T07:47:57 - [TEST_STEP][PASSED] - setValueToCellByIndex(sheet01, n, 3, fileDouble): null

09-12-2024T07:47:57 - [TEST_STEP][PASSED] - setValueToCellByIndex(sheet01, n, 4, pageDouble): null

09-12-2024T07:47:57 - [TEST_STEP][PASSED] - setValueToCellByIndex(sheet01, n, 5, m): null

09-12-2024T07:47:57 - [TEST_STEP][PASSED] - setValueToCellByIndex(sheet01, n, 6, y): null

09-12-2024T07:47:57 - [TEST_STEP][PASSED] - setValueToCellByIndex(sheet01, n, 7, todaysDate): null

09-12-2024T07:47:57 - [TEST_STEP][PASSED] - n = n + 1: null

09-12-2024T07:47:57 - [TEST_STEP][PASSED] - saveWorkbook(excelFilePath, workbook01): null

09-12-2024T07:47:57 - [TEST_STEP][PASSED] - file = findTestData("PlanFact").getValue(7, a): null

09-12-2024T07:47:58 - [TEST_STEP][PASSED] - file = file.replace(",", "."): null

09-12-2024T07:47:58 - [TEST_STEP][PASSED] - println("file Fact: " + file): null

09-12-2024T07:47:58 - [TEST_STEP][PASSED] - fileDouble = file.toDouble(): null

09-12-2024T07:47:58 - [TEST_STEP][PASSED] - typeOfData = "Факт в процентах": null

09-12-2024T07:47:58 - [TEST_STEP][PASSED] - fileDouble = file.toDouble(): null

09-12-2024T07:47:58 - [TEST_STEP][PASSED] - pageDouble = page2.toDouble(): null

09-12-2024T07:47:58 - [TEST_STEP][PASSED] - if (fileDouble != pageDouble): null

09-12-2024T07:47:58 - [TEST_STEP][PASSED] - numberOfErrors = numberOfErrors + 1: null

09-12-2024T07:47:58 - [TEST_STEP][PASSED] - Script1718980020443.WriteToExcel(a, typeOfData, todaysDate, pageInt, fileInt, pageDouble, fileDouble, dZO): null

09-12-2024T07:47:58 - [TEST_STEP][PASSED] - sheetName = "Sheet1": null

09-12-2024T07:47:58 - [TEST_STEP][PASSED] - data = findTestData("PlanFact"): null

09-12-2024T07:47:58 - [TEST_STEP][PASSED] - n = data.getRowNumbers() + 1: null

09-12-2024T07:47:58 - [TEST_STEP][PASSED] - year = todaysDate.substring(todaysDate.length() - 4, todaysDate.length()): null

09-12-2024T07:47:58 - [TEST_STEP][PASSED] - y = year.toInteger(): null

09-12-2024T07:47:58 - [TEST_STEP][PASSED] - m = getText(findTestObject("Выполнение бизнес-плана/Период")): Text of object 'Object Repository/Выполнение бизнес-плана/Период' is: '1, 2, 3 кв., Октябрь 2024 года'

09-12-2024T07:47:58 - [MESSAGE][PASSED] - Text of object 'Object Repository/Выполнение бизнес-плана/Период' is: '1, 2, 3 кв., Октябрь 2024 года'

09-12-2024T07:47:58 - [TEST_STEP][PASSED] - m = m.substring(0, m.indexOf("2024")): null

09-12-2024T07:47:58 - [TEST_STEP][PASSED] - m = m.trim(): null

09-12-2024T07:47:58 - [TEST_STEP][PASSED] - dashboardName = "Выполнение бизнес-плана": null

09-12-2024T07:47:58 - [TEST_STEP][PASSED] - workbook01 = getWorkbook(excelFilePath): null

09-12-2024T07:47:58 - [TEST_STEP][PASSED] - sheet01 = getExcelSheet(workbook01, sheetName): null

09-12-2024T07:47:58 - [TEST_STEP][PASSED] - setValueToCellByIndex(sheet01, n, 0, dashboardName): null

09-12-2024T07:47:58 - [TEST_STEP][PASSED] - setValueToCellByIndex(sheet01, n, 1, dZO): null

09-12-2024T07:47:58 - [TEST_STEP][PASSED] - setValueToCellByIndex(sheet01, n, 2, typeOfData): null

09-12-2024T07:47:58 - [TEST_STEP][PASSED] - if (typeOfData == "Факт в процентах" || typeOfData == "План в процентах"): null

09-12-2024T07:47:58 - [TEST_STEP][PASSED] - setValueToCellByIndex(sheet01, n, 3, fileDouble): null

09-12-2024T07:47:58 - [TEST_STEP][PASSED] - setValueToCellByIndex(sheet01, n, 4, pageDouble): null

09-12-2024T07:47:58 - [TEST_STEP][PASSED] - setValueToCellByIndex(sheet01, n, 5, m): null

09-12-2024T07:47:58 - [TEST_STEP][PASSED] - setValueToCellByIndex(sheet01, n, 6, y): null

09-12-2024T07:47:58 - [TEST_STEP][PASSED] - setValueToCellByIndex(sheet01, n, 7, todaysDate): null

09-12-2024T07:47:58 - [TEST_STEP][PASSED] - n = n + 1: null

09-12-2024T07:47:58 - [TEST_STEP][PASSED] - saveWorkbook(excelFilePath, workbook01): null

09-12-2024T07:47:58 - [TEST_STEP][FAILED] - if (verifyEqual(numberOfErrors, 0) == false): null

09-12-2024T07:47:58 - [MESSAGE][FAILED] - Unable to verify equal between actual object '6' and expected object '0' (Root cause: com.kms.katalon.core.exception.StepFailedException: Actual object '6' and expected object '0' are not equal
	at com.kms.katalon.core.keyword.builtin.VerifyEqualKeyword$_verifyEqual_closure1.doCall(VerifyEqualKeyword.groovy:58)
	at com.kms.katalon.core.keyword.builtin.VerifyEqualKeyword$_verifyEqual_closure1.call(VerifyEqualKeyword.groovy)
	at com.kms.katalon.core.keyword.internal.KeywordMain.runKeyword(KeywordMain.groovy:75)
	at com.kms.katalon.core.keyword.builtin.VerifyEqualKeyword.verifyEqual(VerifyEqualKeyword.groovy:63)
	at com.kms.katalon.core.keyword.builtin.VerifyEqualKeyword.execute(VerifyEqualKeyword.groovy:44)
	at com.kms.katalon.core.keyword.internal.KeywordExecutor.executeKeywordForPlatform(KeywordExecutor.groovy:74)
	at com.kms.katalon.core.keyword.BuiltinKeywords.verifyEqual(BuiltinKeywords.groovy:146)
	at java.base/jdk.internal.reflect.NativeMethodAccessorImpl.invoke0(Native Method)
	at java.base/jdk.internal.reflect.NativeMethodAccessorImpl.invoke(NativeMethodAccessorImpl.java:77)
	at java.base/jdk.internal.reflect.DelegatingMethodAccessorImpl.invoke(DelegatingMethodAccessorImpl.java:43)
	at Выполнение бизнес-плана Сверка ПАО Россети все филиалы.Numbers(Выполнение бизнес-плана Сверка ПАО Россети все филиалы:752)
	at Выполнение бизнес-плана Сверка ПАО Россети все филиалы.run(Выполнение бизнес-плана Сверка ПАО Россети все филиалы:316)
	at com.kms.katalon.core.main.ScriptEngine.run(ScriptEngine.java:194)
	at com.kms.katalon.core.main.ScriptEngine.runScriptAsRawText(ScriptEngine.java:119)
	at com.kms.katalon.core.main.TestCaseExecutor.runScript(TestCaseExecutor.java:448)
	at com.kms.katalon.core.main.TestCaseExecutor.doExecute(TestCaseExecutor.java:439)
	at com.kms.katalon.core.main.TestCaseExecutor.processExecutionPhase(TestCaseExecutor.java:418)
	at com.kms.katalon.core.main.TestCaseExecutor.accessMainPhase(TestCaseExecutor.java:410)
	at com.kms.katalon.core.main.TestCaseExecutor.execute(TestCaseExecutor.java:285)
	at com.kms.katalon.core.common.CommonExecutor.accessTestCaseMainPhase(CommonExecutor.java:65)
	at com.kms.katalon.core.main.TestSuiteExecutor.accessTestSuiteMainPhase(TestSuiteExecutor.java:150)
	at com.kms.katalon.core.main.TestSuiteExecutor.execute(TestSuiteExecutor.java:106)
	at com.kms.katalon.core.main.TestCaseMain.startTestSuite(TestCaseMain.java:180)
	at TempTestSuite1733719229947.run(TempTestSuite1733719229947.groovy:35)
	at java.base/jdk.internal.reflect.NativeMethodAccessorImpl.invoke0(Native Method)
	at java.base/jdk.internal.reflect.NativeMethodAccessorImpl.invoke(NativeMethodAccessorImpl.java:77)
	at java.base/jdk.internal.reflect.DelegatingMethodAccessorImpl.invoke(DelegatingMethodAccessorImpl.java:43)
)

09-12-2024T07:47:58 - [TEST_STEP][PASSED] - println(numberOfErrors): null

09-12-2024T07:47:58 - [TEST_STEP][PASSED] - if (a == 28 || a == 77 || a == 74 || a == 65 || a == 36 || a == 44 || a == 54 || a == 1 || a == 18 || a == 59): null

09-12-2024T07:47:58 - [TEST_STEP][PASSED] - Script1718980020443.Filials(a, typeOfData, todaysDate, pageInt, fileInt, pageDouble, fileDouble, dZO, dzoNum, filialNum): null

09-12-2024T07:47:58 - [TEST_STEP][PASSED] - i = <not implemented yet for class: org.codehaus.groovy.ast.expr.EmptyExpression>: null

09-12-2024T07:47:58 - [TEST_STEP][PASSED] - c = <not implemented yet for class: org.codehaus.groovy.ast.expr.EmptyExpression>: null

09-12-2024T07:47:58 - [TEST_STEP][PASSED] - page = <not implemented yet for class: org.codehaus.groovy.ast.expr.EmptyExpression>: null

09-12-2024T07:47:58 - [TEST_STEP][PASSED] - println(dZO): null

09-12-2024T07:47:58 - [TEST_STEP][PASSED] - reducedDZO = <not implemented yet for class: org.codehaus.groovy.ast.expr.EmptyExpression>: null

09-12-2024T07:47:58 - [TEST_STEP][PASSED] - reducedDZO = dZO.substring(dZO.indexOf(" ") + 1, dZO.length()): null

09-12-2024T07:47:58 - [TEST_STEP][PASSED] - if (reducedDZO.contains(" ")): null

09-12-2024T07:47:58 - [TEST_STEP][PASSED] - reducedDZO = reducedDZO.substring(reducedDZO.indexOf(" ") + 1, reducedDZO.length()): null

09-12-2024T07:47:58 - [TEST_STEP][PASSED] - if (reducedDZO.contains(" ")): null

09-12-2024T07:47:58 - [TEST_STEP][PASSED] - println(reducedDZO): null

09-12-2024T07:47:58 - [TEST_STEP][PASSED] - dzoCut = <not implemented yet for class: org.codehaus.groovy.ast.expr.EmptyExpression>: null

09-12-2024T07:47:58 - [TEST_STEP][PASSED] - Script1718980020443.DZO(a): null

09-12-2024T07:47:58 - [TEST_STEP][PASSED] - Script1718980020443.OpenFilter(): null

09-12-2024T07:47:58 - [TEST_STEP][PASSED] - click(findTestObject("Object Repository/Выполнение бизнес-плана/Фильтр ДЗО")): Object: 'Object Repository/Выполнение бизнес-плана/Фильтр ДЗО' is clicked on

09-12-2024T07:47:59 - [MESSAGE][PASSED] - Object: 'Object Repository/Выполнение бизнес-плана/Фильтр ДЗО' is clicked on

09-12-2024T07:47:59 - [TEST_STEP][PASSED] - click(findTestObject("Выполнение бизнес-плана/Снять выделение в фильтре ДЗО")): Object: 'Object Repository/Выполнение бизнес-плана/Снять выделение в фильтре ДЗО' is clicked on

09-12-2024T07:47:59 - [MESSAGE][PASSED] - Object: 'Object Repository/Выполнение бизнес-плана/Снять выделение в фильтре ДЗО' is clicked on

09-12-2024T07:47:59 - [TEST_STEP][PASSED] - Script1718980020443.OpenRSK(): null

09-12-2024T07:47:59 - [TEST_STEP][PASSED] - click(findTestObject("Выполнение бизнес-плана/Раскрыть список ПАО Россети в фильтре ДЗО")): Object: 'Object Repository/Выполнение бизнес-плана/Раскрыть список ПАО Россети в фильтре ДЗО' is clicked on

09-12-2024T07:48:00 - [MESSAGE][PASSED] - Object: 'Object Repository/Выполнение бизнес-плана/Раскрыть список ПАО Россети в фильтре ДЗО' is clicked on

09-12-2024T07:48:00 - [TEST_STEP][PASSED] - click(findTestObject("Выполнение бизнес-плана/Раскрыть список РаспредКомплекс в фильтре ДЗО")): Object: 'Object Repository/Выполнение бизнес-плана/Раскрыть список РаспредКомплекс в фильтре ДЗО' is clicked on

09-12-2024T07:48:00 - [MESSAGE][PASSED] - Object: 'Object Repository/Выполнение бизнес-плана/Раскрыть список РаспредКомплекс в фильтре ДЗО' is clicked on

09-12-2024T07:48:00 - [TEST_STEP][PASSED] - if (a == 28): null

09-12-2024T07:48:00 - [TEST_STEP][PASSED] - if (a == 77): null

09-12-2024T07:48:00 - [TEST_STEP][PASSED] - if (a == 74): null

09-12-2024T07:48:00 - [TEST_STEP][PASSED] - if (a == 65): Object: 'Object Repository/Выполнение бизнес-плана/Россети Северный Кавказ' is clicked on

09-12-2024T07:48:00 - [TEST_STEP][PASSED] - scrollToElement(findTestObject("Общие объекты/Раскрыть список Россети Северный кавказ"), 30): Scroll to object 'Object Repository/Общие объекты/Раскрыть список Россети Северный кавказ' successfully

09-12-2024T07:48:00 - [MESSAGE][PASSED] - Scroll to object 'Object Repository/Общие объекты/Раскрыть список Россети Северный кавказ' successfully

09-12-2024T07:48:00 - [TEST_STEP][PASSED] - click(findTestObject("Выполнение бизнес-плана/Россети Северный Кавказ")): Object: 'Object Repository/Выполнение бизнес-плана/Россети Северный Кавказ' is clicked on

09-12-2024T07:48:01 - [MESSAGE][PASSED] - Object: 'Object Repository/Выполнение бизнес-плана/Россети Северный Кавказ' is clicked on

09-12-2024T07:48:01 - [TEST_STEP][PASSED] - if (a == 36): null

09-12-2024T07:48:01 - [TEST_STEP][PASSED] - if (a == 44): null

09-12-2024T07:48:01 - [TEST_STEP][PASSED] - if (a == 54): null

09-12-2024T07:48:01 - [TEST_STEP][PASSED] - if (a == 1): null

09-12-2024T07:48:01 - [TEST_STEP][PASSED] - if (a == 18): null

09-12-2024T07:48:01 - [TEST_STEP][PASSED] - if (a == 59): null

09-12-2024T07:48:01 - [TEST_STEP][PASSED] - Script1718980020443.CloseFilter(): null

09-12-2024T07:48:01 - [TEST_STEP][PASSED] - scrollToElement(findTestObject("Выполнение бизнес-плана/Заголовок дашборда"), 30): Scroll to object 'Object Repository/Выполнение бизнес-плана/Заголовок дашборда' successfully

09-12-2024T07:48:01 - [MESSAGE][PASSED] - Scroll to object 'Object Repository/Выполнение бизнес-плана/Заголовок дашборда' successfully

09-12-2024T07:48:01 - [TEST_STEP][PASSED] - click(findTestObject("Object Repository/Выполнение бизнес-плана/Применить в фильтре ДЗО")): Object: 'Object Repository/Выполнение бизнес-плана/Применить в фильтре ДЗО' is clicked on

09-12-2024T07:48:02 - [MESSAGE][PASSED] - Object: 'Object Repository/Выполнение бизнес-плана/Применить в фильтре ДЗО' is clicked on

09-12-2024T07:48:02 - [TEST_STEP][PASSED] - Script1718980020443.ZakrytOpoveshenie(): null

09-12-2024T07:48:02 - [TEST_STEP][PASSED] - delay(10): Delayed 10 second(s)

09-12-2024T07:48:12 - [MESSAGE][PASSED] - Delayed 10 second(s)

09-12-2024T07:48:12 - [TEST_STEP][PASSED] - opoveshenie = getText(findTestObject("Выполнение бизнес-плана/Просьба обратить внимание")): Text of object 'Object Repository/Выполнение бизнес-плана/Просьба обратить внимание' is: ''

09-12-2024T07:48:28 - [MESSAGE][PASSED] - Text of object 'Object Repository/Выполнение бизнес-плана/Просьба обратить внимание' is: ''

09-12-2024T07:48:28 - [TEST_STEP][PASSED] - println(opoveshenie): null

09-12-2024T07:48:28 - [TEST_STEP][PASSED] - if (opoveshenie == "Просьба обратить внимание"): null

09-12-2024T07:48:28 - [TEST_STEP][PASSED] - page = getText(findTestObject("Object Repository/Выполнение бизнес-плана/Filials")): Text of object 'Object Repository/Выполнение бизнес-плана/Filials' is: 'Россети Северный Кавказ
0
10
20
30
40
50
60
70'

09-12-2024T07:48:28 - [MESSAGE][PASSED] - Text of object 'Object Repository/Выполнение бизнес-плана/Filials' is: 'Россети Северный Кавказ
0
10
20
30
40
50
60
70'

09-12-2024T07:48:28 - [TEST_STEP][PASSED] - println(page): null

09-12-2024T07:48:28 - [TEST_STEP][PASSED] - c = page.indexOf(reducedDZO): null

09-12-2024T07:48:28 - [TEST_STEP][PASSED] - if (c > -1): null

09-12-2024T07:48:28 - [TEST_STEP][PASSED] - click(findTestObject("Выполнение бизнес-плана/список")): Object: 'Object Repository/Выполнение бизнес-плана/список' is clicked on

09-12-2024T07:48:29 - [MESSAGE][PASSED] - Object: 'Object Repository/Выполнение бизнес-плана/список' is clicked on

09-12-2024T07:48:29 - [TEST_STEP][PASSED] - delay(10): Delayed 10 second(s)

09-12-2024T07:48:39 - [MESSAGE][PASSED] - Delayed 10 second(s)

09-12-2024T07:48:39 - [TEST_STEP][PASSED] - click(findTestObject("Выполнение бизнес-плана/Раскрытие списка")): Object: 'Object Repository/Выполнение бизнес-плана/Раскрытие списка' is clicked on

09-12-2024T07:48:39 - [MESSAGE][PASSED] - Object: 'Object Repository/Выполнение бизнес-плана/Раскрытие списка' is clicked on

09-12-2024T07:48:39 - [TEST_STEP][PASSED] - delay(10): Delayed 10 second(s)

09-12-2024T07:48:49 - [MESSAGE][PASSED] - Delayed 10 second(s)

09-12-2024T07:48:49 - [TEST_STEP][PASSED] - page = getText(findTestObject("Object Repository/Выполнение бизнес-плана/Filials")): Text of object 'Object Repository/Выполнение бизнес-плана/Filials' is: 'Дагэнерго
Ингушэнерго
Каббалкэнерго
Карачаево-Черкесскэнерго
Севкавказэнерго
Ставропольэнерго
0
10
20
30
40
50
60
70'

09-12-2024T07:48:50 - [MESSAGE][PASSED] - Text of object 'Object Repository/Выполнение бизнес-плана/Filials' is: 'Дагэнерго
Ингушэнерго
Каббалкэнерго
Карачаево-Черкесскэнерго
Севкавказэнерго
Ставропольэнерго
0
10
20
30
40
50
60
70'

09-12-2024T07:48:50 - [TEST_STEP][PASSED] - println(page): null

09-12-2024T07:48:50 - [TEST_STEP][PASSED] - c = page.indexOf(reducedDZO): null

09-12-2024T07:48:50 - [TEST_STEP][PASSED] - x2 = getText(findTestObject("Выполнение бизнес-плана/Список ДЗО старый")): Text of object 'Object Repository/Выполнение бизнес-плана/Список ДЗО старый' is: 'Дагэнерго
Ингушэнерго
Каббалкэнерго
Карачаево-Черкесскэнерго
Севкавказэнерго
Ставропольэнерго
0
10
20
30
40
50
60
70'

09-12-2024T07:48:50 - [MESSAGE][PASSED] - Text of object 'Object Repository/Выполнение бизнес-плана/Список ДЗО старый' is: 'Дагэнерго
Ингушэнерго
Каббалкэнерго
Карачаево-Черкесскэнерго
Севкавказэнерго
Ставропольэнерго
0
10
20
30
40
50
60
70'

09-12-2024T07:48:50 - [TEST_STEP][PASSED] - if (a == 28): null

09-12-2024T07:48:50 - [TEST_STEP][PASSED] - if (a == 77): null

09-12-2024T07:48:50 - [TEST_STEP][PASSED] - if (a == 74): null

09-12-2024T07:48:50 - [TEST_STEP][PASSED] - if (a == 65): null

09-12-2024T07:48:50 - [TEST_STEP][PASSED] - dZO = "Дагэнерго": null

09-12-2024T07:48:50 - [TEST_STEP][PASSED] - a = 71: null

09-12-2024T07:48:50 - [TEST_STEP][PASSED] - if (x2.contains(dZO)): null

09-12-2024T07:48:50 - [TEST_STEP][PASSED] - filialNum = filialNum + 1: null

09-12-2024T07:48:50 - [TEST_STEP][PASSED] - Script1718980020443.Numbers(a, typeOfData, todaysDate, pageInt, fileInt, pageDouble, fileDouble, dZO, dzoNum, filialNum): null

09-12-2024T07:48:50 - [TEST_STEP][PASSED] - println(dzoNum): null

09-12-2024T07:48:50 - [TEST_STEP][PASSED] - planFact = <not implemented yet for class: org.codehaus.groovy.ast.expr.EmptyExpression>: null

09-12-2024T07:48:50 - [TEST_STEP][PASSED] - page = <not implemented yet for class: org.codehaus.groovy.ast.expr.EmptyExpression>: null

09-12-2024T07:48:50 - [TEST_STEP][PASSED] - page1 = <not implemented yet for class: org.codehaus.groovy.ast.expr.EmptyExpression>: null

09-12-2024T07:48:50 - [TEST_STEP][PASSED] - page2 = <not implemented yet for class: org.codehaus.groovy.ast.expr.EmptyExpression>: null

09-12-2024T07:48:50 - [TEST_STEP][PASSED] - filialNumberInRow = <not implemented yet for class: org.codehaus.groovy.ast.expr.EmptyExpression>: null

09-12-2024T07:48:50 - [TEST_STEP][PASSED] - filialsDzoNames = <not implemented yet for class: org.codehaus.groovy.ast.expr.EmptyExpression>: null

09-12-2024T07:48:50 - [TEST_STEP][PASSED] - numberOfFilials = <not implemented yet for class: org.codehaus.groovy.ast.expr.EmptyExpression>: null

09-12-2024T07:48:50 - [TEST_STEP][PASSED] - numberOfSpaces = <not implemented yet for class: org.codehaus.groovy.ast.expr.EmptyExpression>: null

09-12-2024T07:48:50 - [TEST_STEP][PASSED] - file = <not implemented yet for class: org.codehaus.groovy.ast.expr.EmptyExpression>: null

09-12-2024T07:48:50 - [TEST_STEP][PASSED] - otpusk = <not implemented yet for class: org.codehaus.groovy.ast.expr.EmptyExpression>: null

09-12-2024T07:48:50 - [TEST_STEP][PASSED] - poteri = <not implemented yet for class: org.codehaus.groovy.ast.expr.EmptyExpression>: null

09-12-2024T07:48:50 - [TEST_STEP][PASSED] - dataFolder = "Выполнение бизнес-плана/Значения со страницы Выполнение бизнес-плана/": null

09-12-2024T07:48:50 - [TEST_STEP][PASSED] - path = <not implemented yet for class: org.codehaus.groovy.ast.expr.EmptyExpression>: null

09-12-2024T07:48:50 - [TEST_STEP][PASSED] - typeOfDataMain = <not implemented yet for class: org.codehaus.groovy.ast.expr.EmptyExpression>: null

09-12-2024T07:48:50 - [TEST_STEP][PASSED] - fileOtpuskVSet = <not implemented yet for class: org.codehaus.groovy.ast.expr.EmptyExpression>: null

09-12-2024T07:48:50 - [TEST_STEP][PASSED] - pageOtpuskVSet = <not implemented yet for class: org.codehaus.groovy.ast.expr.EmptyExpression>: null

09-12-2024T07:48:50 - [TEST_STEP][PASSED] - filePoteri = <not implemented yet for class: org.codehaus.groovy.ast.expr.EmptyExpression>: null

09-12-2024T07:48:50 - [TEST_STEP][PASSED] - pagePoteri = <not implemented yet for class: org.codehaus.groovy.ast.expr.EmptyExpression>: null

09-12-2024T07:48:50 - [TEST_STEP][PASSED] - compare = <not implemented yet for class: org.codehaus.groovy.ast.expr.EmptyExpression>: null

09-12-2024T07:48:50 - [TEST_STEP][PASSED] - b = <not implemented yet for class: org.codehaus.groovy.ast.expr.EmptyExpression>: null

09-12-2024T07:48:50 - [TEST_STEP][PASSED] - i = <not implemented yet for class: org.codehaus.groovy.ast.expr.EmptyExpression>: null

09-12-2024T07:48:50 - [TEST_STEP][PASSED] - ii = <not implemented yet for class: org.codehaus.groovy.ast.expr.EmptyExpression>: null

09-12-2024T07:48:50 - [TEST_STEP][PASSED] - c = <not implemented yet for class: org.codehaus.groovy.ast.expr.EmptyExpression>: null

09-12-2024T07:48:50 - [TEST_STEP][PASSED] - numberOfErrors = 0: null

09-12-2024T07:48:50 - [TEST_STEP][PASSED] - if (a == 82): null

09-12-2024T07:48:50 - [TEST_STEP][PASSED] - b = findTestData("PlanFact").getValue(1, a): null

09-12-2024T07:48:50 - [TEST_STEP][PASSED] - i = b.indexOf(" (ГК)"): null

09-12-2024T07:48:50 - [TEST_STEP][PASSED] - if (i > -1): null

09-12-2024T07:48:50 - [TEST_STEP][PASSED] - i = b.indexOf("О ""): null

09-12-2024T07:48:50 - [TEST_STEP][PASSED] - if (i > -1): null

09-12-2024T07:48:50 - [TEST_STEP][PASSED] - i = b.indexOf("О «"): null

09-12-2024T07:48:50 - [TEST_STEP][PASSED] - if (i > -1): null

09-12-2024T07:48:50 - [TEST_STEP][PASSED] - i = b.indexOf("г. "): null

09-12-2024T07:48:50 - [TEST_STEP][PASSED] - if (i > -1): null

09-12-2024T07:48:50 - [TEST_STEP][PASSED] - println(b): null

09-12-2024T07:48:50 - [TEST_STEP][PASSED] - for ([planFact = 1, planFact < 3, (planFact++)]): null

09-12-2024T07:48:50 - [TEST_STEP][PASSED] - if (planFact == 1): null

09-12-2024T07:48:50 - [TEST_STEP][PASSED] - typeOfDataMain = "Факт": null

09-12-2024T07:48:50 - [TEST_STEP][PASSED] - otpusk = findTestData("PlanFact").getValue(5, a): null

09-12-2024T07:48:50 - [TEST_STEP][PASSED] - poteri = findTestData("PlanFact").getValue(6, a): null

09-12-2024T07:48:50 - [TEST_STEP][PASSED] - otpusk = otpusk.replaceAll("\s+", ""): null

09-12-2024T07:48:50 - [TEST_STEP][PASSED] - poteri = poteri.replaceAll("\s+", ""): null

09-12-2024T07:48:50 - [TEST_STEP][PASSED] - typeOfData = typeOfDataMain + " Отпуск в сеть": null

09-12-2024T07:48:50 - [TEST_STEP][PASSED] - if (a == 82): null

09-12-2024T07:48:50 - [TEST_STEP][PASSED] - else if (a == 84): null

09-12-2024T07:48:50 - [TEST_STEP][PASSED] - else if (a == 52 || a == 72 || a == 28 || a == 73 || a == 77 || a == 74 || a == 65 || a == 36 || a == 44 || a == 53 || a == 80 || a == 54 || a == 1 || a == 18 || a == 59 || a == 81): null

09-12-2024T07:48:50 - [TEST_STEP][PASSED] - else: null

09-12-2024T07:48:50 - [TEST_STEP][PASSED] - path = dataFolder + typeOfData + " за отчётный период " + b: null

09-12-2024T07:48:50 - [TEST_STEP][PASSED] - println(path): null

09-12-2024T07:48:50 - [TEST_STEP][PASSED] - page = getText(findTestObject(path)): Text of object 'Object Repository/Выполнение бизнес-плана/Значения со страницы Выполнение бизнес-плана/Факт Отпуск в сеть за отчётный период Дагэнерго' is: '6 610 196'

09-12-2024T07:48:50 - [MESSAGE][PASSED] - Text of object 'Object Repository/Выполнение бизнес-плана/Значения со страницы Выполнение бизнес-плана/Факт Отпуск в сеть за отчётный период Дагэнерго' is: '6 610 196'

09-12-2024T07:48:50 - [TEST_STEP][PASSED] - page = page.replaceAll("\s+", ""): null

09-12-2024T07:48:50 - [TEST_STEP][PASSED] - fileOtpuskVSet = otpusk.toInteger(): null

09-12-2024T07:48:50 - [TEST_STEP][PASSED] - pageOtpuskVSet = page.toInteger(): null

09-12-2024T07:48:50 - [TEST_STEP][PASSED] - typeOfData = typeOfDataMain + " Потери": null

09-12-2024T07:48:50 - [TEST_STEP][PASSED] - if (a == 82): null

09-12-2024T07:48:50 - [TEST_STEP][PASSED] - else if (a == 84): null

09-12-2024T07:48:50 - [TEST_STEP][PASSED] - else if (a == 52 || a == 72 || a == 28 || a == 73 || a == 77 || a == 74 || a == 65 || a == 36 || a == 44 || a == 53 || a == 80 || a == 54 || a == 1 || a == 18 || a == 59 || a == 81): null

09-12-2024T07:48:50 - [TEST_STEP][PASSED] - else: null

09-12-2024T07:48:50 - [TEST_STEP][PASSED] - path = dataFolder + typeOfData + " за отчётный период " + b: null

09-12-2024T07:48:50 - [TEST_STEP][PASSED] - page = getText(findTestObject(path)): Text of object 'Object Repository/Выполнение бизнес-плана/Значения со страницы Выполнение бизнес-плана/Факт Потери за отчётный период Дагэнерго' is: '3 159 035'

09-12-2024T07:48:51 - [MESSAGE][PASSED] - Text of object 'Object Repository/Выполнение бизнес-плана/Значения со страницы Выполнение бизнес-плана/Факт Потери за отчётный период Дагэнерго' is: '3 159 035'

09-12-2024T07:48:51 - [TEST_STEP][PASSED] - page = page.replaceAll("\s+", ""): null

09-12-2024T07:48:51 - [TEST_STEP][PASSED] - filePoteri = poteri.toInteger(): null

09-12-2024T07:48:51 - [TEST_STEP][PASSED] - pagePoteri = page.toInteger(): null

09-12-2024T07:48:51 - [TEST_STEP][PASSED] - compare = pageOtpuskVSet: null

09-12-2024T07:48:51 - [TEST_STEP][PASSED] - if (compare == fileOtpuskVSet): null

09-12-2024T07:48:51 - [TEST_STEP][PASSED] - else if (compare > fileOtpuskVSet): null

09-12-2024T07:48:51 - [TEST_STEP][PASSED] - else if (compare < fileOtpuskVSet): null

09-12-2024T07:48:51 - [TEST_STEP][PASSED] - compare = compare + 1: null

09-12-2024T07:48:51 - [TEST_STEP][PASSED] - if (compare == fileOtpuskVSet): null

09-12-2024T07:48:51 - [TEST_STEP][PASSED] - else: null

09-12-2024T07:48:51 - [TEST_STEP][PASSED] - numberOfErrors = numberOfErrors + 1: null

09-12-2024T07:48:51 - [TEST_STEP][PASSED] - pageInt = pageOtpuskVSet: null

09-12-2024T07:48:51 - [TEST_STEP][PASSED] - fileInt = fileOtpuskVSet: null

09-12-2024T07:48:51 - [TEST_STEP][PASSED] - typeOfData = typeOfDataMain + " Отпуск в сеть": null

09-12-2024T07:48:51 - [TEST_STEP][PASSED] - Script1718980020443.WriteToExcel(a, typeOfData, todaysDate, pageInt, fileInt, pageDouble, fileDouble, dZO): null

09-12-2024T07:48:51 - [TEST_STEP][PASSED] - sheetName = "Sheet1": null

09-12-2024T07:48:51 - [TEST_STEP][PASSED] - data = findTestData("PlanFact"): null

09-12-2024T07:48:51 - [TEST_STEP][PASSED] - n = data.getRowNumbers() + 1: null

09-12-2024T07:48:51 - [TEST_STEP][PASSED] - year = todaysDate.substring(todaysDate.length() - 4, todaysDate.length()): null

09-12-2024T07:48:51 - [TEST_STEP][PASSED] - y = year.toInteger(): null

09-12-2024T07:48:51 - [TEST_STEP][PASSED] - m = getText(findTestObject("Выполнение бизнес-плана/Период")): Text of object 'Object Repository/Выполнение бизнес-плана/Период' is: '1, 2, 3 кв., Октябрь 2024 года'

09-12-2024T07:48:51 - [MESSAGE][PASSED] - Text of object 'Object Repository/Выполнение бизнес-плана/Период' is: '1, 2, 3 кв., Октябрь 2024 года'

09-12-2024T07:48:51 - [TEST_STEP][PASSED] - m = m.substring(0, m.indexOf("2024")): null

09-12-2024T07:48:51 - [TEST_STEP][PASSED] - m = m.trim(): null

09-12-2024T07:48:51 - [TEST_STEP][PASSED] - dashboardName = "Выполнение бизнес-плана": null

09-12-2024T07:48:51 - [TEST_STEP][PASSED] - workbook01 = getWorkbook(excelFilePath): null

09-12-2024T07:48:51 - [TEST_STEP][PASSED] - sheet01 = getExcelSheet(workbook01, sheetName): null

09-12-2024T07:48:51 - [TEST_STEP][PASSED] - setValueToCellByIndex(sheet01, n, 0, dashboardName): null

09-12-2024T07:48:51 - [TEST_STEP][PASSED] - setValueToCellByIndex(sheet01, n, 1, dZO): null

09-12-2024T07:48:51 - [TEST_STEP][PASSED] - setValueToCellByIndex(sheet01, n, 2, typeOfData): null

09-12-2024T07:48:51 - [TEST_STEP][PASSED] - if (typeOfData == "Факт в процентах" || typeOfData == "План в процентах"): null

09-12-2024T07:48:51 - [TEST_STEP][PASSED] - else: null

09-12-2024T07:48:51 - [TEST_STEP][PASSED] - setValueToCellByIndex(sheet01, n, 3, fileInt): null

09-12-2024T07:48:51 - [TEST_STEP][PASSED] - setValueToCellByIndex(sheet01, n, 4, pageInt): null

09-12-2024T07:48:51 - [TEST_STEP][PASSED] - setValueToCellByIndex(sheet01, n, 5, m): null

09-12-2024T07:48:51 - [TEST_STEP][PASSED] - setValueToCellByIndex(sheet01, n, 6, y): null

09-12-2024T07:48:51 - [TEST_STEP][PASSED] - setValueToCellByIndex(sheet01, n, 7, todaysDate): null

09-12-2024T07:48:51 - [TEST_STEP][PASSED] - n = n + 1: null

09-12-2024T07:48:51 - [TEST_STEP][PASSED] - saveWorkbook(excelFilePath, workbook01): null

09-12-2024T07:48:51 - [TEST_STEP][PASSED] - compare = pagePoteri: null

09-12-2024T07:48:51 - [TEST_STEP][PASSED] - if (compare == filePoteri): null

09-12-2024T07:48:51 - [TEST_STEP][PASSED] - else if (compare > filePoteri): null

09-12-2024T07:48:51 - [TEST_STEP][PASSED] - else if (compare < filePoteri): null

09-12-2024T07:48:51 - [TEST_STEP][PASSED] - compare = compare + 1: null

09-12-2024T07:48:51 - [TEST_STEP][PASSED] - if (compare == filePoteri): null

09-12-2024T07:48:51 - [TEST_STEP][PASSED] - else: null

09-12-2024T07:48:51 - [TEST_STEP][PASSED] - numberOfErrors = numberOfErrors + 1: null

09-12-2024T07:48:51 - [TEST_STEP][PASSED] - pageInt = pagePoteri: null

09-12-2024T07:48:51 - [TEST_STEP][PASSED] - fileInt = filePoteri: null

09-12-2024T07:48:51 - [TEST_STEP][PASSED] - typeOfData = typeOfDataMain + " Потери": null

09-12-2024T07:48:51 - [TEST_STEP][PASSED] - Script1718980020443.WriteToExcel(a, typeOfData, todaysDate, pageInt, fileInt, pageDouble, fileDouble, dZO): null

09-12-2024T07:48:51 - [TEST_STEP][PASSED] - sheetName = "Sheet1": null

09-12-2024T07:48:51 - [TEST_STEP][PASSED] - data = findTestData("PlanFact"): null

09-12-2024T07:48:51 - [TEST_STEP][PASSED] - n = data.getRowNumbers() + 1: null

09-12-2024T07:48:51 - [TEST_STEP][PASSED] - year = todaysDate.substring(todaysDate.length() - 4, todaysDate.length()): null

09-12-2024T07:48:51 - [TEST_STEP][PASSED] - y = year.toInteger(): null

09-12-2024T07:48:51 - [TEST_STEP][PASSED] - m = getText(findTestObject("Выполнение бизнес-плана/Период")): Text of object 'Object Repository/Выполнение бизнес-плана/Период' is: '1, 2, 3 кв., Октябрь 2024 года'

09-12-2024T07:48:52 - [MESSAGE][PASSED] - Text of object 'Object Repository/Выполнение бизнес-плана/Период' is: '1, 2, 3 кв., Октябрь 2024 года'

09-12-2024T07:48:52 - [TEST_STEP][PASSED] - m = m.substring(0, m.indexOf("2024")): null

09-12-2024T07:48:52 - [TEST_STEP][PASSED] - m = m.trim(): null

09-12-2024T07:48:52 - [TEST_STEP][PASSED] - dashboardName = "Выполнение бизнес-плана": null

09-12-2024T07:48:52 - [TEST_STEP][PASSED] - workbook01 = getWorkbook(excelFilePath): null

09-12-2024T07:48:52 - [TEST_STEP][PASSED] - sheet01 = getExcelSheet(workbook01, sheetName): null

09-12-2024T07:48:52 - [TEST_STEP][PASSED] - setValueToCellByIndex(sheet01, n, 0, dashboardName): null

09-12-2024T07:48:52 - [TEST_STEP][PASSED] - setValueToCellByIndex(sheet01, n, 1, dZO): null

09-12-2024T07:48:52 - [TEST_STEP][PASSED] - setValueToCellByIndex(sheet01, n, 2, typeOfData): null

09-12-2024T07:48:52 - [TEST_STEP][PASSED] - if (typeOfData == "Факт в процентах" || typeOfData == "План в процентах"): null

09-12-2024T07:48:52 - [TEST_STEP][PASSED] - else: null

09-12-2024T07:48:52 - [TEST_STEP][PASSED] - setValueToCellByIndex(sheet01, n, 3, fileInt): null

09-12-2024T07:48:52 - [TEST_STEP][PASSED] - setValueToCellByIndex(sheet01, n, 4, pageInt): null

09-12-2024T07:48:52 - [TEST_STEP][PASSED] - setValueToCellByIndex(sheet01, n, 5, m): null

09-12-2024T07:48:52 - [TEST_STEP][PASSED] - setValueToCellByIndex(sheet01, n, 6, y): null

09-12-2024T07:48:52 - [TEST_STEP][PASSED] - setValueToCellByIndex(sheet01, n, 7, todaysDate): null

09-12-2024T07:48:52 - [TEST_STEP][PASSED] - n = n + 1: null

09-12-2024T07:48:52 - [TEST_STEP][PASSED] - saveWorkbook(excelFilePath, workbook01): null

09-12-2024T07:48:52 - [TEST_STEP][PASSED] - if (planFact == 2): null

09-12-2024T07:48:52 - [TEST_STEP][PASSED] - if (planFact == 1): null

09-12-2024T07:48:52 - [TEST_STEP][PASSED] - else if (planFact == 2): null

09-12-2024T07:48:52 - [TEST_STEP][PASSED] - click(findTestObject("Выполнение бизнес-плана/Кнопка План")): Object: 'Object Repository/Выполнение бизнес-плана/Кнопка План' is clicked on

09-12-2024T07:48:52 - [MESSAGE][PASSED] - Object: 'Object Repository/Выполнение бизнес-плана/Кнопка План' is clicked on

09-12-2024T07:48:52 - [TEST_STEP][PASSED] - typeOfDataMain = "План": null

09-12-2024T07:48:52 - [TEST_STEP][PASSED] - otpusk = findTestData("PlanFact").getValue(2, a): null

09-12-2024T07:48:53 - [TEST_STEP][PASSED] - poteri = findTestData("PlanFact").getValue(3, a): null

09-12-2024T07:48:53 - [TEST_STEP][PASSED] - otpusk = otpusk.replaceAll("\s+", ""): null

09-12-2024T07:48:53 - [TEST_STEP][PASSED] - poteri = poteri.replaceAll("\s+", ""): null

09-12-2024T07:48:53 - [TEST_STEP][PASSED] - typeOfData = typeOfDataMain + " Отпуск в сеть": null

09-12-2024T07:48:53 - [TEST_STEP][PASSED] - if (a == 82): null

09-12-2024T07:48:53 - [TEST_STEP][PASSED] - else if (a == 84): null

09-12-2024T07:48:53 - [TEST_STEP][PASSED] - else if (a == 52 || a == 72 || a == 28 || a == 73 || a == 77 || a == 74 || a == 65 || a == 36 || a == 44 || a == 53 || a == 80 || a == 54 || a == 1 || a == 18 || a == 59 || a == 81): null

09-12-2024T07:48:53 - [TEST_STEP][PASSED] - else: null

09-12-2024T07:48:53 - [TEST_STEP][PASSED] - path = dataFolder + typeOfData + " за отчётный период " + b: null

09-12-2024T07:48:53 - [TEST_STEP][PASSED] - println(path): null

09-12-2024T07:48:53 - [TEST_STEP][PASSED] - page = getText(findTestObject(path)): Text of object 'Object Repository/Выполнение бизнес-плана/Значения со страницы Выполнение бизнес-плана/План Отпуск в сеть за отчётный период Дагэнерго' is: '6 186 218'

09-12-2024T07:48:53 - [MESSAGE][PASSED] - Text of object 'Object Repository/Выполнение бизнес-плана/Значения со страницы Выполнение бизнес-плана/План Отпуск в сеть за отчётный период Дагэнерго' is: '6 186 218'

09-12-2024T07:48:53 - [TEST_STEP][PASSED] - page = page.replaceAll("\s+", ""): null

09-12-2024T07:48:53 - [TEST_STEP][PASSED] - fileOtpuskVSet = otpusk.toInteger(): null

09-12-2024T07:48:53 - [TEST_STEP][PASSED] - pageOtpuskVSet = page.toInteger(): null

09-12-2024T07:48:53 - [TEST_STEP][PASSED] - typeOfData = typeOfDataMain + " Потери": null

09-12-2024T07:48:53 - [TEST_STEP][PASSED] - if (a == 82): null

09-12-2024T07:48:53 - [TEST_STEP][PASSED] - else if (a == 84): null

09-12-2024T07:48:53 - [TEST_STEP][PASSED] - else if (a == 52 || a == 72 || a == 28 || a == 73 || a == 77 || a == 74 || a == 65 || a == 36 || a == 44 || a == 53 || a == 80 || a == 54 || a == 1 || a == 18 || a == 59 || a == 81): null

09-12-2024T07:48:53 - [TEST_STEP][PASSED] - else: null

09-12-2024T07:48:53 - [TEST_STEP][PASSED] - path = dataFolder + typeOfData + " за отчётный период " + b: null

09-12-2024T07:48:53 - [TEST_STEP][PASSED] - page = getText(findTestObject(path)): Text of object 'Object Repository/Выполнение бизнес-плана/Значения со страницы Выполнение бизнес-плана/План Потери за отчётный период Дагэнерго' is: '2 458 608'

09-12-2024T07:48:53 - [MESSAGE][PASSED] - Text of object 'Object Repository/Выполнение бизнес-плана/Значения со страницы Выполнение бизнес-плана/План Потери за отчётный период Дагэнерго' is: '2 458 608'

09-12-2024T07:48:53 - [TEST_STEP][PASSED] - page = page.replaceAll("\s+", ""): null

09-12-2024T07:48:53 - [TEST_STEP][PASSED] - filePoteri = poteri.toInteger(): null

09-12-2024T07:48:53 - [TEST_STEP][PASSED] - pagePoteri = page.toInteger(): null

09-12-2024T07:48:53 - [TEST_STEP][PASSED] - compare = pageOtpuskVSet: null

09-12-2024T07:48:53 - [TEST_STEP][PASSED] - if (compare == fileOtpuskVSet): null

09-12-2024T07:48:53 - [TEST_STEP][PASSED] - else if (compare > fileOtpuskVSet): null

09-12-2024T07:48:53 - [TEST_STEP][PASSED] - else if (compare < fileOtpuskVSet): null

09-12-2024T07:48:53 - [TEST_STEP][PASSED] - compare = compare + 1: null

09-12-2024T07:48:53 - [TEST_STEP][PASSED] - if (compare == fileOtpuskVSet): null

09-12-2024T07:48:53 - [TEST_STEP][PASSED] - else: null

09-12-2024T07:48:53 - [TEST_STEP][PASSED] - numberOfErrors = numberOfErrors + 1: null

09-12-2024T07:48:53 - [TEST_STEP][PASSED] - pageInt = pageOtpuskVSet: null

09-12-2024T07:48:53 - [TEST_STEP][PASSED] - fileInt = fileOtpuskVSet: null

09-12-2024T07:48:53 - [TEST_STEP][PASSED] - typeOfData = typeOfDataMain + " Отпуск в сеть": null

09-12-2024T07:48:53 - [TEST_STEP][PASSED] - Script1718980020443.WriteToExcel(a, typeOfData, todaysDate, pageInt, fileInt, pageDouble, fileDouble, dZO): null

09-12-2024T07:48:53 - [TEST_STEP][PASSED] - sheetName = "Sheet1": null

09-12-2024T07:48:53 - [TEST_STEP][PASSED] - data = findTestData("PlanFact"): null

09-12-2024T07:48:53 - [TEST_STEP][PASSED] - n = data.getRowNumbers() + 1: null

09-12-2024T07:48:53 - [TEST_STEP][PASSED] - year = todaysDate.substring(todaysDate.length() - 4, todaysDate.length()): null

09-12-2024T07:48:53 - [TEST_STEP][PASSED] - y = year.toInteger(): null

09-12-2024T07:48:53 - [TEST_STEP][PASSED] - m = getText(findTestObject("Выполнение бизнес-плана/Период")): Text of object 'Object Repository/Выполнение бизнес-плана/Период' is: '1, 2, 3 кв., Октябрь 2024 года'

09-12-2024T07:48:54 - [MESSAGE][PASSED] - Text of object 'Object Repository/Выполнение бизнес-плана/Период' is: '1, 2, 3 кв., Октябрь 2024 года'

09-12-2024T07:48:54 - [TEST_STEP][PASSED] - m = m.substring(0, m.indexOf("2024")): null

09-12-2024T07:48:54 - [TEST_STEP][PASSED] - m = m.trim(): null

09-12-2024T07:48:54 - [TEST_STEP][PASSED] - dashboardName = "Выполнение бизнес-плана": null

09-12-2024T07:48:54 - [TEST_STEP][PASSED] - workbook01 = getWorkbook(excelFilePath): null

09-12-2024T07:48:54 - [TEST_STEP][PASSED] - sheet01 = getExcelSheet(workbook01, sheetName): null

09-12-2024T07:48:54 - [TEST_STEP][PASSED] - setValueToCellByIndex(sheet01, n, 0, dashboardName): null

09-12-2024T07:48:54 - [TEST_STEP][PASSED] - setValueToCellByIndex(sheet01, n, 1, dZO): null

09-12-2024T07:48:54 - [TEST_STEP][PASSED] - setValueToCellByIndex(sheet01, n, 2, typeOfData): null

09-12-2024T07:48:54 - [TEST_STEP][PASSED] - if (typeOfData == "Факт в процентах" || typeOfData == "План в процентах"): null

09-12-2024T07:48:54 - [TEST_STEP][PASSED] - else: null

09-12-2024T07:48:54 - [TEST_STEP][PASSED] - setValueToCellByIndex(sheet01, n, 3, fileInt): null

09-12-2024T07:48:54 - [TEST_STEP][PASSED] - setValueToCellByIndex(sheet01, n, 4, pageInt): null

09-12-2024T07:48:54 - [TEST_STEP][PASSED] - setValueToCellByIndex(sheet01, n, 5, m): null

09-12-2024T07:48:54 - [TEST_STEP][PASSED] - setValueToCellByIndex(sheet01, n, 6, y): null

09-12-2024T07:48:54 - [TEST_STEP][PASSED] - setValueToCellByIndex(sheet01, n, 7, todaysDate): null

09-12-2024T07:48:54 - [TEST_STEP][PASSED] - n = n + 1: null

09-12-2024T07:48:54 - [TEST_STEP][PASSED] - saveWorkbook(excelFilePath, workbook01): null

09-12-2024T07:48:54 - [TEST_STEP][PASSED] - compare = pagePoteri: null

09-12-2024T07:48:54 - [TEST_STEP][PASSED] - if (compare == filePoteri): null

09-12-2024T07:48:54 - [TEST_STEP][PASSED] - else if (compare > filePoteri): null

09-12-2024T07:48:54 - [TEST_STEP][PASSED] - else if (compare < filePoteri): null

09-12-2024T07:48:54 - [TEST_STEP][PASSED] - compare = compare + 1: null

09-12-2024T07:48:54 - [TEST_STEP][PASSED] - if (compare == filePoteri): null

09-12-2024T07:48:54 - [TEST_STEP][PASSED] - else: null

09-12-2024T07:48:54 - [TEST_STEP][PASSED] - numberOfErrors = numberOfErrors + 1: null

09-12-2024T07:48:54 - [TEST_STEP][PASSED] - pageInt = pagePoteri: null

09-12-2024T07:48:54 - [TEST_STEP][PASSED] - fileInt = filePoteri: null

09-12-2024T07:48:54 - [TEST_STEP][PASSED] - typeOfData = typeOfDataMain + " Потери": null

09-12-2024T07:48:54 - [TEST_STEP][PASSED] - Script1718980020443.WriteToExcel(a, typeOfData, todaysDate, pageInt, fileInt, pageDouble, fileDouble, dZO): null

09-12-2024T07:48:54 - [TEST_STEP][PASSED] - sheetName = "Sheet1": null

09-12-2024T07:48:54 - [TEST_STEP][PASSED] - data = findTestData("PlanFact"): null

09-12-2024T07:48:54 - [TEST_STEP][PASSED] - n = data.getRowNumbers() + 1: null

09-12-2024T07:48:54 - [TEST_STEP][PASSED] - year = todaysDate.substring(todaysDate.length() - 4, todaysDate.length()): null

09-12-2024T07:48:54 - [TEST_STEP][PASSED] - y = year.toInteger(): null

09-12-2024T07:48:54 - [TEST_STEP][PASSED] - m = getText(findTestObject("Выполнение бизнес-плана/Период")): Text of object 'Object Repository/Выполнение бизнес-плана/Период' is: '1, 2, 3 кв., Октябрь 2024 года'

09-12-2024T07:48:54 - [MESSAGE][PASSED] - Text of object 'Object Repository/Выполнение бизнес-плана/Период' is: '1, 2, 3 кв., Октябрь 2024 года'

09-12-2024T07:48:54 - [TEST_STEP][PASSED] - m = m.substring(0, m.indexOf("2024")): null

09-12-2024T07:48:54 - [TEST_STEP][PASSED] - m = m.trim(): null

09-12-2024T07:48:54 - [TEST_STEP][PASSED] - dashboardName = "Выполнение бизнес-плана": null

09-12-2024T07:48:54 - [TEST_STEP][PASSED] - workbook01 = getWorkbook(excelFilePath): null

09-12-2024T07:48:54 - [TEST_STEP][PASSED] - sheet01 = getExcelSheet(workbook01, sheetName): null

09-12-2024T07:48:54 - [TEST_STEP][PASSED] - setValueToCellByIndex(sheet01, n, 0, dashboardName): null

09-12-2024T07:48:54 - [TEST_STEP][PASSED] - setValueToCellByIndex(sheet01, n, 1, dZO): null

09-12-2024T07:48:54 - [TEST_STEP][PASSED] - setValueToCellByIndex(sheet01, n, 2, typeOfData): null

09-12-2024T07:48:54 - [TEST_STEP][PASSED] - if (typeOfData == "Факт в процентах" || typeOfData == "План в процентах"): null

09-12-2024T07:48:54 - [TEST_STEP][PASSED] - else: null

09-12-2024T07:48:54 - [TEST_STEP][PASSED] - setValueToCellByIndex(sheet01, n, 3, fileInt): null

09-12-2024T07:48:54 - [TEST_STEP][PASSED] - setValueToCellByIndex(sheet01, n, 4, pageInt): null

09-12-2024T07:48:54 - [TEST_STEP][PASSED] - setValueToCellByIndex(sheet01, n, 5, m): null

09-12-2024T07:48:54 - [TEST_STEP][PASSED] - setValueToCellByIndex(sheet01, n, 6, y): null

09-12-2024T07:48:54 - [TEST_STEP][PASSED] - setValueToCellByIndex(sheet01, n, 7, todaysDate): null

09-12-2024T07:48:54 - [TEST_STEP][PASSED] - n = n + 1: null

09-12-2024T07:48:54 - [TEST_STEP][PASSED] - saveWorkbook(excelFilePath, workbook01): Object: 'Object Repository/Выполнение бизнес-плана/Кнопка Факт' is clicked on

09-12-2024T07:48:55 - [TEST_STEP][PASSED] - if (planFact == 2): Object: 'Object Repository/Выполнение бизнес-плана/Кнопка Факт' is clicked on

09-12-2024T07:48:55 - [TEST_STEP][PASSED] - click(findTestObject("Выполнение бизнес-плана/Кнопка Факт")): Object: 'Object Repository/Выполнение бизнес-плана/Кнопка Факт' is clicked on

09-12-2024T07:48:55 - [MESSAGE][PASSED] - Object: 'Object Repository/Выполнение бизнес-плана/Кнопка Факт' is clicked on

09-12-2024T07:48:55 - [TEST_STEP][PASSED] - if (a == 84 || a == 82): null

09-12-2024T07:48:55 - [TEST_STEP][PASSED] - else if (a == 52 || a == 72 || a == 28 || a == 73 || a == 77 || a == 74 || a == 65 || a == 36 || a == 44 || a == 53 || a == 80 || a == 54 || a == 1 || a == 18 || a == 59 || a == 81): null

09-12-2024T07:48:55 - [TEST_STEP][PASSED] - else: null

09-12-2024T07:48:55 - [TEST_STEP][PASSED] - page1 = getText(findTestObject("Object Repository/Выполнение бизнес-плана/spanPlan" + filialNum)): Text of object 'Object Repository/Выполнение бизнес-плана/spanPlan1' is: '39.74
|'

09-12-2024T07:48:55 - [MESSAGE][PASSED] - Text of object 'Object Repository/Выполнение бизнес-плана/spanPlan1' is: '39.74
|'

09-12-2024T07:48:55 - [TEST_STEP][PASSED] - page1 = page1.replace("|", ""): null

09-12-2024T07:48:55 - [TEST_STEP][PASSED] - page2 = getText(findTestObject("Object Repository/Выполнение бизнес-плана/spanFact" + filialNum)): Text of object 'Object Repository/Выполнение бизнес-плана/spanFact1' is: '47.79
|'

09-12-2024T07:48:56 - [MESSAGE][PASSED] - Text of object 'Object Repository/Выполнение бизнес-плана/spanFact1' is: '47.79
|'

09-12-2024T07:48:56 - [TEST_STEP][PASSED] - page2 = page2.replace("|", ""): null

09-12-2024T07:48:56 - [TEST_STEP][PASSED] - println("page1: " + page1): null

09-12-2024T07:48:56 - [TEST_STEP][PASSED] - println("page2: " + page2): null

09-12-2024T07:48:56 - [TEST_STEP][PASSED] - file = findTestData("PlanFact").getValue(4, a): null

09-12-2024T07:48:56 - [TEST_STEP][PASSED] - file = file.replace(",", "."): null

09-12-2024T07:48:56 - [TEST_STEP][PASSED] - println("file Plan: " + file): null

09-12-2024T07:48:56 - [TEST_STEP][PASSED] - typeOfData = "План в процентах": null

09-12-2024T07:48:56 - [TEST_STEP][PASSED] - fileDouble = file.toDouble(): null

09-12-2024T07:48:56 - [TEST_STEP][PASSED] - pageDouble = page1.toDouble(): null

09-12-2024T07:48:56 - [TEST_STEP][PASSED] - if (fileDouble != pageDouble): null

09-12-2024T07:48:56 - [TEST_STEP][PASSED] - numberOfErrors = numberOfErrors + 1: null

09-12-2024T07:48:56 - [TEST_STEP][PASSED] - Script1718980020443.WriteToExcel(a, typeOfData, todaysDate, pageInt, fileInt, pageDouble, fileDouble, dZO): null

09-12-2024T07:48:56 - [TEST_STEP][PASSED] - sheetName = "Sheet1": null

09-12-2024T07:48:56 - [TEST_STEP][PASSED] - data = findTestData("PlanFact"): null

09-12-2024T07:48:56 - [TEST_STEP][PASSED] - n = data.getRowNumbers() + 1: null

09-12-2024T07:48:56 - [TEST_STEP][PASSED] - year = todaysDate.substring(todaysDate.length() - 4, todaysDate.length()): null

09-12-2024T07:48:56 - [TEST_STEP][PASSED] - y = year.toInteger(): null

09-12-2024T07:48:56 - [TEST_STEP][PASSED] - m = getText(findTestObject("Выполнение бизнес-плана/Период")): Text of object 'Object Repository/Выполнение бизнес-плана/Период' is: '1, 2, 3 кв., Октябрь 2024 года'

09-12-2024T07:48:56 - [MESSAGE][PASSED] - Text of object 'Object Repository/Выполнение бизнес-плана/Период' is: '1, 2, 3 кв., Октябрь 2024 года'

09-12-2024T07:48:56 - [TEST_STEP][PASSED] - m = m.substring(0, m.indexOf("2024")): null

09-12-2024T07:48:56 - [TEST_STEP][PASSED] - m = m.trim(): null

09-12-2024T07:48:56 - [TEST_STEP][PASSED] - dashboardName = "Выполнение бизнес-плана": null

09-12-2024T07:48:56 - [TEST_STEP][PASSED] - workbook01 = getWorkbook(excelFilePath): null

09-12-2024T07:48:56 - [TEST_STEP][PASSED] - sheet01 = getExcelSheet(workbook01, sheetName): null

09-12-2024T07:48:56 - [TEST_STEP][PASSED] - setValueToCellByIndex(sheet01, n, 0, dashboardName): null

09-12-2024T07:48:56 - [TEST_STEP][PASSED] - setValueToCellByIndex(sheet01, n, 1, dZO): null

09-12-2024T07:48:56 - [TEST_STEP][PASSED] - setValueToCellByIndex(sheet01, n, 2, typeOfData): null

09-12-2024T07:48:56 - [TEST_STEP][PASSED] - if (typeOfData == "Факт в процентах" || typeOfData == "План в процентах"): null

09-12-2024T07:48:56 - [TEST_STEP][PASSED] - setValueToCellByIndex(sheet01, n, 3, fileDouble): null

09-12-2024T07:48:56 - [TEST_STEP][PASSED] - setValueToCellByIndex(sheet01, n, 4, pageDouble): null

09-12-2024T07:48:56 - [TEST_STEP][PASSED] - setValueToCellByIndex(sheet01, n, 5, m): null

09-12-2024T07:48:56 - [TEST_STEP][PASSED] - setValueToCellByIndex(sheet01, n, 6, y): null

09-12-2024T07:48:56 - [TEST_STEP][PASSED] - setValueToCellByIndex(sheet01, n, 7, todaysDate): null

09-12-2024T07:48:56 - [TEST_STEP][PASSED] - n = n + 1: null

09-12-2024T07:48:56 - [TEST_STEP][PASSED] - saveWorkbook(excelFilePath, workbook01): null

09-12-2024T07:48:57 - [TEST_STEP][PASSED] - file = findTestData("PlanFact").getValue(7, a): null

09-12-2024T07:48:57 - [TEST_STEP][PASSED] - file = file.replace(",", "."): null

09-12-2024T07:48:57 - [TEST_STEP][PASSED] - println("file Fact: " + file): null

09-12-2024T07:48:57 - [TEST_STEP][PASSED] - fileDouble = file.toDouble(): null

09-12-2024T07:48:57 - [TEST_STEP][PASSED] - typeOfData = "Факт в процентах": null

09-12-2024T07:48:57 - [TEST_STEP][PASSED] - fileDouble = file.toDouble(): null

09-12-2024T07:48:57 - [TEST_STEP][PASSED] - pageDouble = page2.toDouble(): null

09-12-2024T07:48:57 - [TEST_STEP][PASSED] - if (fileDouble != pageDouble): null

09-12-2024T07:48:57 - [TEST_STEP][PASSED] - numberOfErrors = numberOfErrors + 1: null

09-12-2024T07:48:57 - [TEST_STEP][PASSED] - Script1718980020443.WriteToExcel(a, typeOfData, todaysDate, pageInt, fileInt, pageDouble, fileDouble, dZO): null

09-12-2024T07:48:57 - [TEST_STEP][PASSED] - sheetName = "Sheet1": null

09-12-2024T07:48:57 - [TEST_STEP][PASSED] - data = findTestData("PlanFact"): null

09-12-2024T07:48:57 - [TEST_STEP][PASSED] - n = data.getRowNumbers() + 1: null

09-12-2024T07:48:57 - [TEST_STEP][PASSED] - year = todaysDate.substring(todaysDate.length() - 4, todaysDate.length()): null

09-12-2024T07:48:57 - [TEST_STEP][PASSED] - y = year.toInteger(): null

09-12-2024T07:48:57 - [TEST_STEP][PASSED] - m = getText(findTestObject("Выполнение бизнес-плана/Период")): Text of object 'Object Repository/Выполнение бизнес-плана/Период' is: '1, 2, 3 кв., Октябрь 2024 года'

09-12-2024T07:48:57 - [MESSAGE][PASSED] - Text of object 'Object Repository/Выполнение бизнес-плана/Период' is: '1, 2, 3 кв., Октябрь 2024 года'

09-12-2024T07:48:57 - [TEST_STEP][PASSED] - m = m.substring(0, m.indexOf("2024")): null

09-12-2024T07:48:57 - [TEST_STEP][PASSED] - m = m.trim(): null

09-12-2024T07:48:57 - [TEST_STEP][PASSED] - dashboardName = "Выполнение бизнес-плана": null

09-12-2024T07:48:57 - [TEST_STEP][PASSED] - workbook01 = getWorkbook(excelFilePath): null

09-12-2024T07:48:57 - [TEST_STEP][PASSED] - sheet01 = getExcelSheet(workbook01, sheetName): null

09-12-2024T07:48:57 - [TEST_STEP][PASSED] - setValueToCellByIndex(sheet01, n, 0, dashboardName): null

09-12-2024T07:48:57 - [TEST_STEP][PASSED] - setValueToCellByIndex(sheet01, n, 1, dZO): null

09-12-2024T07:48:57 - [TEST_STEP][PASSED] - setValueToCellByIndex(sheet01, n, 2, typeOfData): null

09-12-2024T07:48:57 - [TEST_STEP][PASSED] - if (typeOfData == "Факт в процентах" || typeOfData == "План в процентах"): null

09-12-2024T07:48:57 - [TEST_STEP][PASSED] - setValueToCellByIndex(sheet01, n, 3, fileDouble): null

09-12-2024T07:48:57 - [TEST_STEP][PASSED] - setValueToCellByIndex(sheet01, n, 4, pageDouble): null

09-12-2024T07:48:57 - [TEST_STEP][PASSED] - setValueToCellByIndex(sheet01, n, 5, m): null

09-12-2024T07:48:57 - [TEST_STEP][PASSED] - setValueToCellByIndex(sheet01, n, 6, y): null

09-12-2024T07:48:57 - [TEST_STEP][PASSED] - setValueToCellByIndex(sheet01, n, 7, todaysDate): null

09-12-2024T07:48:57 - [TEST_STEP][PASSED] - n = n + 1: null

09-12-2024T07:48:57 - [TEST_STEP][PASSED] - saveWorkbook(excelFilePath, workbook01): null

09-12-2024T07:48:57 - [TEST_STEP][FAILED] - if (verifyEqual(numberOfErrors, 0) == false): null

09-12-2024T07:48:57 - [MESSAGE][FAILED] - Unable to verify equal between actual object '6' and expected object '0' (Root cause: com.kms.katalon.core.exception.StepFailedException: Actual object '6' and expected object '0' are not equal
	at com.kms.katalon.core.keyword.builtin.VerifyEqualKeyword$_verifyEqual_closure1.doCall(VerifyEqualKeyword.groovy:58)
	at com.kms.katalon.core.keyword.builtin.VerifyEqualKeyword$_verifyEqual_closure1.call(VerifyEqualKeyword.groovy)
	at com.kms.katalon.core.keyword.internal.KeywordMain.runKeyword(KeywordMain.groovy:75)
	at com.kms.katalon.core.keyword.builtin.VerifyEqualKeyword.verifyEqual(VerifyEqualKeyword.groovy:63)
	at com.kms.katalon.core.keyword.builtin.VerifyEqualKeyword.execute(VerifyEqualKeyword.groovy:44)
	at com.kms.katalon.core.keyword.internal.KeywordExecutor.executeKeywordForPlatform(KeywordExecutor.groovy:74)
	at com.kms.katalon.core.keyword.BuiltinKeywords.verifyEqual(BuiltinKeywords.groovy:146)
	at java.base/jdk.internal.reflect.NativeMethodAccessorImpl.invoke0(Native Method)
	at java.base/jdk.internal.reflect.NativeMethodAccessorImpl.invoke(NativeMethodAccessorImpl.java:77)
	at java.base/jdk.internal.reflect.DelegatingMethodAccessorImpl.invoke(DelegatingMethodAccessorImpl.java:43)
	at Выполнение бизнес-плана Сверка ПАО Россети все филиалы.Numbers(Выполнение бизнес-плана Сверка ПАО Россети все филиалы:752)
	at Выполнение бизнес-плана Сверка ПАО Россети все филиалы.Filials(Выполнение бизнес-плана Сверка ПАО Россети все филиалы:1087)
	at Выполнение бизнес-плана Сверка ПАО Россети все филиалы.Numbers(Выполнение бизнес-плана Сверка ПАО Россети все филиалы:757)
	at Выполнение бизнес-плана Сверка ПАО Россети все филиалы.run(Выполнение бизнес-плана Сверка ПАО Россети все филиалы:316)
	at com.kms.katalon.core.main.ScriptEngine.run(ScriptEngine.java:194)
	at com.kms.katalon.core.main.ScriptEngine.runScriptAsRawText(ScriptEngine.java:119)
	at com.kms.katalon.core.main.TestCaseExecutor.runScript(TestCaseExecutor.java:448)
	at com.kms.katalon.core.main.TestCaseExecutor.doExecute(TestCaseExecutor.java:439)
	at com.kms.katalon.core.main.TestCaseExecutor.processExecutionPhase(TestCaseExecutor.java:418)
	at com.kms.katalon.core.main.TestCaseExecutor.accessMainPhase(TestCaseExecutor.java:410)
	at com.kms.katalon.core.main.TestCaseExecutor.execute(TestCaseExecutor.java:285)
	at com.kms.katalon.core.common.CommonExecutor.accessTestCaseMainPhase(CommonExecutor.java:65)
	at com.kms.katalon.core.main.TestSuiteExecutor.accessTestSuiteMainPhase(TestSuiteExecutor.java:150)
	at com.kms.katalon.core.main.TestSuiteExecutor.execute(TestSuiteExecutor.java:106)
	at com.kms.katalon.core.main.TestCaseMain.startTestSuite(TestCaseMain.java:180)
	at TempTestSuite1733719229947.run(TempTestSuite1733719229947.groovy:35)
	at java.base/jdk.internal.reflect.NativeMethodAccessorImpl.invoke0(Native Method)
	at java.base/jdk.internal.reflect.NativeMethodAccessorImpl.invoke(NativeMethodAccessorImpl.java:77)
	at java.base/jdk.internal.reflect.DelegatingMethodAccessorImpl.invoke(DelegatingMethodAccessorImpl.java:43)
)

09-12-2024T07:48:57 - [TEST_STEP][PASSED] - println(numberOfErrors): null

09-12-2024T07:48:57 - [TEST_STEP][PASSED] - if (a == 28 || a == 77 || a == 74 || a == 65 || a == 36 || a == 44 || a == 54 || a == 1 || a == 18 || a == 59): null

09-12-2024T07:48:57 - [TEST_STEP][PASSED] - if (a == 82): null

09-12-2024T07:48:57 - [TEST_STEP][PASSED] - dZO = "Ингушэнерго": null

09-12-2024T07:48:57 - [TEST_STEP][PASSED] - a = 70: null

09-12-2024T07:48:57 - [TEST_STEP][PASSED] - if (x2.contains(dZO)): null

09-12-2024T07:48:57 - [TEST_STEP][PASSED] - filialNum = filialNum + 1: null

09-12-2024T07:48:57 - [TEST_STEP][PASSED] - Script1718980020443.Numbers(a, typeOfData, todaysDate, pageInt, fileInt, pageDouble, fileDouble, dZO, dzoNum, filialNum): null

09-12-2024T07:48:57 - [TEST_STEP][PASSED] - println(dzoNum): null

09-12-2024T07:48:57 - [TEST_STEP][PASSED] - planFact = <not implemented yet for class: org.codehaus.groovy.ast.expr.EmptyExpression>: null

09-12-2024T07:48:57 - [TEST_STEP][PASSED] - page = <not implemented yet for class: org.codehaus.groovy.ast.expr.EmptyExpression>: null

09-12-2024T07:48:57 - [TEST_STEP][PASSED] - page1 = <not implemented yet for class: org.codehaus.groovy.ast.expr.EmptyExpression>: null

09-12-2024T07:48:57 - [TEST_STEP][PASSED] - page2 = <not implemented yet for class: org.codehaus.groovy.ast.expr.EmptyExpression>: null

09-12-2024T07:48:57 - [TEST_STEP][PASSED] - filialNumberInRow = <not implemented yet for class: org.codehaus.groovy.ast.expr.EmptyExpression>: null

09-12-2024T07:48:57 - [TEST_STEP][PASSED] - filialsDzoNames = <not implemented yet for class: org.codehaus.groovy.ast.expr.EmptyExpression>: null

09-12-2024T07:48:57 - [TEST_STEP][PASSED] - numberOfFilials = <not implemented yet for class: org.codehaus.groovy.ast.expr.EmptyExpression>: null

09-12-2024T07:48:57 - [TEST_STEP][PASSED] - numberOfSpaces = <not implemented yet for class: org.codehaus.groovy.ast.expr.EmptyExpression>: null

09-12-2024T07:48:57 - [TEST_STEP][PASSED] - file = <not implemented yet for class: org.codehaus.groovy.ast.expr.EmptyExpression>: null

09-12-2024T07:48:57 - [TEST_STEP][PASSED] - otpusk = <not implemented yet for class: org.codehaus.groovy.ast.expr.EmptyExpression>: null

09-12-2024T07:48:57 - [TEST_STEP][PASSED] - poteri = <not implemented yet for class: org.codehaus.groovy.ast.expr.EmptyExpression>: null

09-12-2024T07:48:57 - [TEST_STEP][PASSED] - dataFolder = "Выполнение бизнес-плана/Значения со страницы Выполнение бизнес-плана/": null

09-12-2024T07:48:57 - [TEST_STEP][PASSED] - path = <not implemented yet for class: org.codehaus.groovy.ast.expr.EmptyExpression>: null

09-12-2024T07:48:57 - [TEST_STEP][PASSED] - typeOfDataMain = <not implemented yet for class: org.codehaus.groovy.ast.expr.EmptyExpression>: null

09-12-2024T07:48:57 - [TEST_STEP][PASSED] - fileOtpuskVSet = <not implemented yet for class: org.codehaus.groovy.ast.expr.EmptyExpression>: null

09-12-2024T07:48:57 - [TEST_STEP][PASSED] - pageOtpuskVSet = <not implemented yet for class: org.codehaus.groovy.ast.expr.EmptyExpression>: null

09-12-2024T07:48:57 - [TEST_STEP][PASSED] - filePoteri = <not implemented yet for class: org.codehaus.groovy.ast.expr.EmptyExpression>: null

09-12-2024T07:48:57 - [TEST_STEP][PASSED] - pagePoteri = <not implemented yet for class: org.codehaus.groovy.ast.expr.EmptyExpression>: null

09-12-2024T07:48:57 - [TEST_STEP][PASSED] - compare = <not implemented yet for class: org.codehaus.groovy.ast.expr.EmptyExpression>: null

09-12-2024T07:48:57 - [TEST_STEP][PASSED] - b = <not implemented yet for class: org.codehaus.groovy.ast.expr.EmptyExpression>: null

09-12-2024T07:48:57 - [TEST_STEP][PASSED] - i = <not implemented yet for class: org.codehaus.groovy.ast.expr.EmptyExpression>: null

09-12-2024T07:48:57 - [TEST_STEP][PASSED] - ii = <not implemented yet for class: org.codehaus.groovy.ast.expr.EmptyExpression>: null

09-12-2024T07:48:57 - [TEST_STEP][PASSED] - c = <not implemented yet for class: org.codehaus.groovy.ast.expr.EmptyExpression>: null

09-12-2024T07:48:57 - [TEST_STEP][PASSED] - numberOfErrors = 0: null

09-12-2024T07:48:57 - [TEST_STEP][PASSED] - if (a == 82): null

09-12-2024T07:48:57 - [TEST_STEP][PASSED] - b = findTestData("PlanFact").getValue(1, a): null

09-12-2024T07:48:57 - [TEST_STEP][PASSED] - i = b.indexOf(" (ГК)"): null

09-12-2024T07:48:57 - [TEST_STEP][PASSED] - if (i > -1): null

09-12-2024T07:48:57 - [TEST_STEP][PASSED] - i = b.indexOf("О ""): null

09-12-2024T07:48:57 - [TEST_STEP][PASSED] - if (i > -1): null

09-12-2024T07:48:57 - [TEST_STEP][PASSED] - i = b.indexOf("О «"): null

09-12-2024T07:48:57 - [TEST_STEP][PASSED] - if (i > -1): null

09-12-2024T07:48:57 - [TEST_STEP][PASSED] - i = b.indexOf("г. "): null

09-12-2024T07:48:57 - [TEST_STEP][PASSED] - if (i > -1): null

09-12-2024T07:48:57 - [TEST_STEP][PASSED] - println(b): null

09-12-2024T07:48:57 - [TEST_STEP][PASSED] - for ([planFact = 1, planFact < 3, (planFact++)]): null

09-12-2024T07:48:57 - [TEST_STEP][PASSED] - if (planFact == 1): null

09-12-2024T07:48:57 - [TEST_STEP][PASSED] - typeOfDataMain = "Факт": null

09-12-2024T07:48:57 - [TEST_STEP][PASSED] - otpusk = findTestData("PlanFact").getValue(5, a): null

09-12-2024T07:48:57 - [TEST_STEP][PASSED] - poteri = findTestData("PlanFact").getValue(6, a): null

09-12-2024T07:48:57 - [TEST_STEP][PASSED] - otpusk = otpusk.replaceAll("\s+", ""): null

09-12-2024T07:48:57 - [TEST_STEP][PASSED] - poteri = poteri.replaceAll("\s+", ""): null

09-12-2024T07:48:57 - [TEST_STEP][PASSED] - typeOfData = typeOfDataMain + " Отпуск в сеть": null

09-12-2024T07:48:57 - [TEST_STEP][PASSED] - if (a == 82): null

09-12-2024T07:48:57 - [TEST_STEP][PASSED] - else if (a == 84): null

09-12-2024T07:48:57 - [TEST_STEP][PASSED] - else if (a == 52 || a == 72 || a == 28 || a == 73 || a == 77 || a == 74 || a == 65 || a == 36 || a == 44 || a == 53 || a == 80 || a == 54 || a == 1 || a == 18 || a == 59 || a == 81): null

09-12-2024T07:48:57 - [TEST_STEP][PASSED] - else: null

09-12-2024T07:48:57 - [TEST_STEP][PASSED] - path = dataFolder + typeOfData + " за отчётный период " + b: null

09-12-2024T07:48:57 - [TEST_STEP][PASSED] - println(path): null

09-12-2024T07:48:57 - [TEST_STEP][PASSED] - page = getText(findTestObject(path)): Text of object 'Object Repository/Выполнение бизнес-плана/Значения со страницы Выполнение бизнес-плана/Факт Отпуск в сеть за отчётный период Ингушэнерго' is: '810 515'

09-12-2024T07:48:58 - [MESSAGE][PASSED] - Text of object 'Object Repository/Выполнение бизнес-плана/Значения со страницы Выполнение бизнес-плана/Факт Отпуск в сеть за отчётный период Ингушэнерго' is: '810 515'

09-12-2024T07:48:58 - [TEST_STEP][PASSED] - page = page.replaceAll("\s+", ""): null

09-12-2024T07:48:58 - [TEST_STEP][PASSED] - fileOtpuskVSet = otpusk.toInteger(): null

09-12-2024T07:48:58 - [TEST_STEP][PASSED] - pageOtpuskVSet = page.toInteger(): null

09-12-2024T07:48:58 - [TEST_STEP][PASSED] - typeOfData = typeOfDataMain + " Потери": null

09-12-2024T07:48:58 - [TEST_STEP][PASSED] - if (a == 82): null

09-12-2024T07:48:58 - [TEST_STEP][PASSED] - else if (a == 84): null

09-12-2024T07:48:58 - [TEST_STEP][PASSED] - else if (a == 52 || a == 72 || a == 28 || a == 73 || a == 77 || a == 74 || a == 65 || a == 36 || a == 44 || a == 53 || a == 80 || a == 54 || a == 1 || a == 18 || a == 59 || a == 81): null

09-12-2024T07:48:58 - [TEST_STEP][PASSED] - else: null

09-12-2024T07:48:58 - [TEST_STEP][PASSED] - path = dataFolder + typeOfData + " за отчётный период " + b: null

09-12-2024T07:48:58 - [TEST_STEP][PASSED] - page = getText(findTestObject(path)): Text of object 'Object Repository/Выполнение бизнес-плана/Значения со страницы Выполнение бизнес-плана/Факт Потери за отчётный период Ингушэнерго' is: '458 410'

09-12-2024T07:48:58 - [MESSAGE][PASSED] - Text of object 'Object Repository/Выполнение бизнес-плана/Значения со страницы Выполнение бизнес-плана/Факт Потери за отчётный период Ингушэнерго' is: '458 410'

09-12-2024T07:48:58 - [TEST_STEP][PASSED] - page = page.replaceAll("\s+", ""): null

09-12-2024T07:48:58 - [TEST_STEP][PASSED] - filePoteri = poteri.toInteger(): null

09-12-2024T07:48:58 - [TEST_STEP][PASSED] - pagePoteri = page.toInteger(): null

09-12-2024T07:48:58 - [TEST_STEP][PASSED] - compare = pageOtpuskVSet: null

09-12-2024T07:48:58 - [TEST_STEP][PASSED] - if (compare == fileOtpuskVSet): null

09-12-2024T07:48:58 - [TEST_STEP][PASSED] - else if (compare > fileOtpuskVSet): null

09-12-2024T07:48:58 - [TEST_STEP][PASSED] - else if (compare < fileOtpuskVSet): null

09-12-2024T07:48:58 - [TEST_STEP][PASSED] - compare = compare + 1: null

09-12-2024T07:48:58 - [TEST_STEP][PASSED] - if (compare == fileOtpuskVSet): null

09-12-2024T07:48:58 - [TEST_STEP][PASSED] - else: null

09-12-2024T07:48:58 - [TEST_STEP][PASSED] - numberOfErrors = numberOfErrors + 1: null

09-12-2024T07:48:58 - [TEST_STEP][PASSED] - pageInt = pageOtpuskVSet: null

09-12-2024T07:48:58 - [TEST_STEP][PASSED] - fileInt = fileOtpuskVSet: null

09-12-2024T07:48:58 - [TEST_STEP][PASSED] - typeOfData = typeOfDataMain + " Отпуск в сеть": null

09-12-2024T07:48:58 - [TEST_STEP][PASSED] - Script1718980020443.WriteToExcel(a, typeOfData, todaysDate, pageInt, fileInt, pageDouble, fileDouble, dZO): null

09-12-2024T07:48:58 - [TEST_STEP][PASSED] - sheetName = "Sheet1": null

09-12-2024T07:48:58 - [TEST_STEP][PASSED] - data = findTestData("PlanFact"): null

09-12-2024T07:48:58 - [TEST_STEP][PASSED] - n = data.getRowNumbers() + 1: null

09-12-2024T07:48:58 - [TEST_STEP][PASSED] - year = todaysDate.substring(todaysDate.length() - 4, todaysDate.length()): null

09-12-2024T07:48:58 - [TEST_STEP][PASSED] - y = year.toInteger(): null

09-12-2024T07:48:58 - [TEST_STEP][PASSED] - m = getText(findTestObject("Выполнение бизнес-плана/Период")): Text of object 'Object Repository/Выполнение бизнес-плана/Период' is: '1, 2, 3 кв., Октябрь 2024 года'

09-12-2024T07:48:59 - [MESSAGE][PASSED] - Text of object 'Object Repository/Выполнение бизнес-плана/Период' is: '1, 2, 3 кв., Октябрь 2024 года'

09-12-2024T07:48:59 - [TEST_STEP][PASSED] - m = m.substring(0, m.indexOf("2024")): null

09-12-2024T07:48:59 - [TEST_STEP][PASSED] - m = m.trim(): null

09-12-2024T07:48:59 - [TEST_STEP][PASSED] - dashboardName = "Выполнение бизнес-плана": null

09-12-2024T07:48:59 - [TEST_STEP][PASSED] - workbook01 = getWorkbook(excelFilePath): null

09-12-2024T07:48:59 - [TEST_STEP][PASSED] - sheet01 = getExcelSheet(workbook01, sheetName): null

09-12-2024T07:48:59 - [TEST_STEP][PASSED] - setValueToCellByIndex(sheet01, n, 0, dashboardName): null

09-12-2024T07:48:59 - [TEST_STEP][PASSED] - setValueToCellByIndex(sheet01, n, 1, dZO): null

09-12-2024T07:48:59 - [TEST_STEP][PASSED] - setValueToCellByIndex(sheet01, n, 2, typeOfData): null

09-12-2024T07:48:59 - [TEST_STEP][PASSED] - if (typeOfData == "Факт в процентах" || typeOfData == "План в процентах"): null

09-12-2024T07:48:59 - [TEST_STEP][PASSED] - else: null

09-12-2024T07:48:59 - [TEST_STEP][PASSED] - setValueToCellByIndex(sheet01, n, 3, fileInt): null

09-12-2024T07:48:59 - [TEST_STEP][PASSED] - setValueToCellByIndex(sheet01, n, 4, pageInt): null

09-12-2024T07:48:59 - [TEST_STEP][PASSED] - setValueToCellByIndex(sheet01, n, 5, m): null

09-12-2024T07:48:59 - [TEST_STEP][PASSED] - setValueToCellByIndex(sheet01, n, 6, y): null

09-12-2024T07:48:59 - [TEST_STEP][PASSED] - setValueToCellByIndex(sheet01, n, 7, todaysDate): null

09-12-2024T07:48:59 - [TEST_STEP][PASSED] - n = n + 1: null

09-12-2024T07:48:59 - [TEST_STEP][PASSED] - saveWorkbook(excelFilePath, workbook01): null

09-12-2024T07:48:59 - [TEST_STEP][PASSED] - compare = pagePoteri: null

09-12-2024T07:48:59 - [TEST_STEP][PASSED] - if (compare == filePoteri): null

09-12-2024T07:48:59 - [TEST_STEP][PASSED] - else if (compare > filePoteri): null

09-12-2024T07:48:59 - [TEST_STEP][PASSED] - else if (compare < filePoteri): null

09-12-2024T07:48:59 - [TEST_STEP][PASSED] - compare = compare + 1: null

09-12-2024T07:48:59 - [TEST_STEP][PASSED] - if (compare == filePoteri): null

09-12-2024T07:48:59 - [TEST_STEP][PASSED] - else: null

09-12-2024T07:48:59 - [TEST_STEP][PASSED] - numberOfErrors = numberOfErrors + 1: null

09-12-2024T07:48:59 - [TEST_STEP][PASSED] - pageInt = pagePoteri: null

09-12-2024T07:48:59 - [TEST_STEP][PASSED] - fileInt = filePoteri: null

09-12-2024T07:48:59 - [TEST_STEP][PASSED] - typeOfData = typeOfDataMain + " Потери": null

09-12-2024T07:48:59 - [TEST_STEP][PASSED] - Script1718980020443.WriteToExcel(a, typeOfData, todaysDate, pageInt, fileInt, pageDouble, fileDouble, dZO): null

09-12-2024T07:48:59 - [TEST_STEP][PASSED] - sheetName = "Sheet1": null

09-12-2024T07:48:59 - [TEST_STEP][PASSED] - data = findTestData("PlanFact"): null

09-12-2024T07:48:59 - [TEST_STEP][PASSED] - n = data.getRowNumbers() + 1: null

09-12-2024T07:48:59 - [TEST_STEP][PASSED] - year = todaysDate.substring(todaysDate.length() - 4, todaysDate.length()): null

09-12-2024T07:48:59 - [TEST_STEP][PASSED] - y = year.toInteger(): null

09-12-2024T07:48:59 - [TEST_STEP][PASSED] - m = getText(findTestObject("Выполнение бизнес-плана/Период")): Text of object 'Object Repository/Выполнение бизнес-плана/Период' is: '1, 2, 3 кв., Октябрь 2024 года'

09-12-2024T07:48:59 - [MESSAGE][PASSED] - Text of object 'Object Repository/Выполнение бизнес-плана/Период' is: '1, 2, 3 кв., Октябрь 2024 года'

09-12-2024T07:48:59 - [TEST_STEP][PASSED] - m = m.substring(0, m.indexOf("2024")): null

09-12-2024T07:48:59 - [TEST_STEP][PASSED] - m = m.trim(): null

09-12-2024T07:48:59 - [TEST_STEP][PASSED] - dashboardName = "Выполнение бизнес-плана": null

09-12-2024T07:48:59 - [TEST_STEP][PASSED] - workbook01 = getWorkbook(excelFilePath): null

09-12-2024T07:48:59 - [TEST_STEP][PASSED] - sheet01 = getExcelSheet(workbook01, sheetName): null

09-12-2024T07:48:59 - [TEST_STEP][PASSED] - setValueToCellByIndex(sheet01, n, 0, dashboardName): null

09-12-2024T07:48:59 - [TEST_STEP][PASSED] - setValueToCellByIndex(sheet01, n, 1, dZO): null

09-12-2024T07:48:59 - [TEST_STEP][PASSED] - setValueToCellByIndex(sheet01, n, 2, typeOfData): null

09-12-2024T07:48:59 - [TEST_STEP][PASSED] - if (typeOfData == "Факт в процентах" || typeOfData == "План в процентах"): null

09-12-2024T07:48:59 - [TEST_STEP][PASSED] - else: null

09-12-2024T07:48:59 - [TEST_STEP][PASSED] - setValueToCellByIndex(sheet01, n, 3, fileInt): null

09-12-2024T07:48:59 - [TEST_STEP][PASSED] - setValueToCellByIndex(sheet01, n, 4, pageInt): null

09-12-2024T07:48:59 - [TEST_STEP][PASSED] - setValueToCellByIndex(sheet01, n, 5, m): null

09-12-2024T07:48:59 - [TEST_STEP][PASSED] - setValueToCellByIndex(sheet01, n, 6, y): null

09-12-2024T07:48:59 - [TEST_STEP][PASSED] - setValueToCellByIndex(sheet01, n, 7, todaysDate): null

09-12-2024T07:48:59 - [TEST_STEP][PASSED] - n = n + 1: null

09-12-2024T07:48:59 - [TEST_STEP][PASSED] - saveWorkbook(excelFilePath, workbook01): null

09-12-2024T07:49:00 - [TEST_STEP][PASSED] - if (planFact == 2): null

09-12-2024T07:49:00 - [TEST_STEP][PASSED] - if (planFact == 1): null

09-12-2024T07:49:00 - [TEST_STEP][PASSED] - else if (planFact == 2): null

09-12-2024T07:49:00 - [TEST_STEP][PASSED] - click(findTestObject("Выполнение бизнес-плана/Кнопка План")): Object: 'Object Repository/Выполнение бизнес-плана/Кнопка План' is clicked on

09-12-2024T07:49:00 - [MESSAGE][PASSED] - Object: 'Object Repository/Выполнение бизнес-плана/Кнопка План' is clicked on

09-12-2024T07:49:00 - [TEST_STEP][PASSED] - typeOfDataMain = "План": null

09-12-2024T07:49:00 - [TEST_STEP][PASSED] - otpusk = findTestData("PlanFact").getValue(2, a): null

09-12-2024T07:49:00 - [TEST_STEP][PASSED] - poteri = findTestData("PlanFact").getValue(3, a): null

09-12-2024T07:49:00 - [TEST_STEP][PASSED] - otpusk = otpusk.replaceAll("\s+", ""): null

09-12-2024T07:49:00 - [TEST_STEP][PASSED] - poteri = poteri.replaceAll("\s+", ""): null

09-12-2024T07:49:00 - [TEST_STEP][PASSED] - typeOfData = typeOfDataMain + " Отпуск в сеть": null

09-12-2024T07:49:00 - [TEST_STEP][PASSED] - if (a == 82): null

09-12-2024T07:49:00 - [TEST_STEP][PASSED] - else if (a == 84): null

09-12-2024T07:49:00 - [TEST_STEP][PASSED] - else if (a == 52 || a == 72 || a == 28 || a == 73 || a == 77 || a == 74 || a == 65 || a == 36 || a == 44 || a == 53 || a == 80 || a == 54 || a == 1 || a == 18 || a == 59 || a == 81): null

09-12-2024T07:49:00 - [TEST_STEP][PASSED] - else: null

09-12-2024T07:49:00 - [TEST_STEP][PASSED] - path = dataFolder + typeOfData + " за отчётный период " + b: null

09-12-2024T07:49:00 - [TEST_STEP][PASSED] - println(path): null

09-12-2024T07:49:00 - [TEST_STEP][PASSED] - page = getText(findTestObject(path)): Text of object 'Object Repository/Выполнение бизнес-плана/Значения со страницы Выполнение бизнес-плана/План Отпуск в сеть за отчётный период Ингушэнерго' is: '723 798'

09-12-2024T07:49:00 - [MESSAGE][PASSED] - Text of object 'Object Repository/Выполнение бизнес-плана/Значения со страницы Выполнение бизнес-плана/План Отпуск в сеть за отчётный период Ингушэнерго' is: '723 798'

09-12-2024T07:49:00 - [TEST_STEP][PASSED] - page = page.replaceAll("\s+", ""): null

09-12-2024T07:49:00 - [TEST_STEP][PASSED] - fileOtpuskVSet = otpusk.toInteger(): null

09-12-2024T07:49:00 - [TEST_STEP][PASSED] - pageOtpuskVSet = page.toInteger(): null

09-12-2024T07:49:00 - [TEST_STEP][PASSED] - typeOfData = typeOfDataMain + " Потери": null

09-12-2024T07:49:00 - [TEST_STEP][PASSED] - if (a == 82): null

09-12-2024T07:49:00 - [TEST_STEP][PASSED] - else if (a == 84): null

09-12-2024T07:49:00 - [TEST_STEP][PASSED] - else if (a == 52 || a == 72 || a == 28 || a == 73 || a == 77 || a == 74 || a == 65 || a == 36 || a == 44 || a == 53 || a == 80 || a == 54 || a == 1 || a == 18 || a == 59 || a == 81): null

09-12-2024T07:49:00 - [TEST_STEP][PASSED] - else: null

09-12-2024T07:49:00 - [TEST_STEP][PASSED] - path = dataFolder + typeOfData + " за отчётный период " + b: null

09-12-2024T07:49:00 - [TEST_STEP][PASSED] - page = getText(findTestObject(path)): Text of object 'Object Repository/Выполнение бизнес-плана/Значения со страницы Выполнение бизнес-плана/План Потери за отчётный период Ингушэнерго' is: '314 075'

09-12-2024T07:49:01 - [MESSAGE][PASSED] - Text of object 'Object Repository/Выполнение бизнес-плана/Значения со страницы Выполнение бизнес-плана/План Потери за отчётный период Ингушэнерго' is: '314 075'

09-12-2024T07:49:01 - [TEST_STEP][PASSED] - page = page.replaceAll("\s+", ""): null

09-12-2024T07:49:01 - [TEST_STEP][PASSED] - filePoteri = poteri.toInteger(): null

09-12-2024T07:49:01 - [TEST_STEP][PASSED] - pagePoteri = page.toInteger(): null

09-12-2024T07:49:01 - [TEST_STEP][PASSED] - compare = pageOtpuskVSet: null

09-12-2024T07:49:01 - [TEST_STEP][PASSED] - if (compare == fileOtpuskVSet): null

09-12-2024T07:49:01 - [TEST_STEP][PASSED] - else if (compare > fileOtpuskVSet): null

09-12-2024T07:49:01 - [TEST_STEP][PASSED] - else if (compare < fileOtpuskVSet): null

09-12-2024T07:49:01 - [TEST_STEP][PASSED] - compare = compare + 1: null

09-12-2024T07:49:01 - [TEST_STEP][PASSED] - if (compare == fileOtpuskVSet): null

09-12-2024T07:49:01 - [TEST_STEP][PASSED] - else: null

09-12-2024T07:49:01 - [TEST_STEP][PASSED] - numberOfErrors = numberOfErrors + 1: null

09-12-2024T07:49:01 - [TEST_STEP][PASSED] - pageInt = pageOtpuskVSet: null

09-12-2024T07:49:01 - [TEST_STEP][PASSED] - fileInt = fileOtpuskVSet: null

09-12-2024T07:49:01 - [TEST_STEP][PASSED] - typeOfData = typeOfDataMain + " Отпуск в сеть": null

09-12-2024T07:49:01 - [TEST_STEP][PASSED] - Script1718980020443.WriteToExcel(a, typeOfData, todaysDate, pageInt, fileInt, pageDouble, fileDouble, dZO): null

09-12-2024T07:49:01 - [TEST_STEP][PASSED] - sheetName = "Sheet1": null

09-12-2024T07:49:01 - [TEST_STEP][PASSED] - data = findTestData("PlanFact"): null

09-12-2024T07:49:01 - [TEST_STEP][PASSED] - n = data.getRowNumbers() + 1: null

09-12-2024T07:49:01 - [TEST_STEP][PASSED] - year = todaysDate.substring(todaysDate.length() - 4, todaysDate.length()): null

09-12-2024T07:49:01 - [TEST_STEP][PASSED] - y = year.toInteger(): null

09-12-2024T07:49:01 - [TEST_STEP][PASSED] - m = getText(findTestObject("Выполнение бизнес-плана/Период")): Text of object 'Object Repository/Выполнение бизнес-плана/Период' is: '1, 2, 3 кв., Октябрь 2024 года'

09-12-2024T07:49:01 - [MESSAGE][PASSED] - Text of object 'Object Repository/Выполнение бизнес-плана/Период' is: '1, 2, 3 кв., Октябрь 2024 года'

09-12-2024T07:49:01 - [TEST_STEP][PASSED] - m = m.substring(0, m.indexOf("2024")): null

09-12-2024T07:49:01 - [TEST_STEP][PASSED] - m = m.trim(): null

09-12-2024T07:49:01 - [TEST_STEP][PASSED] - dashboardName = "Выполнение бизнес-плана": null

09-12-2024T07:49:01 - [TEST_STEP][PASSED] - workbook01 = getWorkbook(excelFilePath): null

09-12-2024T07:49:01 - [TEST_STEP][PASSED] - sheet01 = getExcelSheet(workbook01, sheetName): null

09-12-2024T07:49:01 - [TEST_STEP][PASSED] - setValueToCellByIndex(sheet01, n, 0, dashboardName): null

09-12-2024T07:49:01 - [TEST_STEP][PASSED] - setValueToCellByIndex(sheet01, n, 1, dZO): null

09-12-2024T07:49:01 - [TEST_STEP][PASSED] - setValueToCellByIndex(sheet01, n, 2, typeOfData): null

09-12-2024T07:49:01 - [TEST_STEP][PASSED] - if (typeOfData == "Факт в процентах" || typeOfData == "План в процентах"): null

09-12-2024T07:49:01 - [TEST_STEP][PASSED] - else: null

09-12-2024T07:49:01 - [TEST_STEP][PASSED] - setValueToCellByIndex(sheet01, n, 3, fileInt): null

09-12-2024T07:49:01 - [TEST_STEP][PASSED] - setValueToCellByIndex(sheet01, n, 4, pageInt): null

09-12-2024T07:49:01 - [TEST_STEP][PASSED] - setValueToCellByIndex(sheet01, n, 5, m): null

09-12-2024T07:49:01 - [TEST_STEP][PASSED] - setValueToCellByIndex(sheet01, n, 6, y): null

09-12-2024T07:49:01 - [TEST_STEP][PASSED] - setValueToCellByIndex(sheet01, n, 7, todaysDate): null

09-12-2024T07:49:01 - [TEST_STEP][PASSED] - n = n + 1: null

09-12-2024T07:49:01 - [TEST_STEP][PASSED] - saveWorkbook(excelFilePath, workbook01): null

09-12-2024T07:49:01 - [TEST_STEP][PASSED] - compare = pagePoteri: null

09-12-2024T07:49:01 - [TEST_STEP][PASSED] - if (compare == filePoteri): null

09-12-2024T07:49:01 - [TEST_STEP][PASSED] - else if (compare > filePoteri): null

09-12-2024T07:49:01 - [TEST_STEP][PASSED] - else if (compare < filePoteri): null

09-12-2024T07:49:01 - [TEST_STEP][PASSED] - compare = compare + 1: null

09-12-2024T07:49:01 - [TEST_STEP][PASSED] - if (compare == filePoteri): null

09-12-2024T07:49:01 - [TEST_STEP][PASSED] - else: null

09-12-2024T07:49:01 - [TEST_STEP][PASSED] - numberOfErrors = numberOfErrors + 1: null

09-12-2024T07:49:01 - [TEST_STEP][PASSED] - pageInt = pagePoteri: null

09-12-2024T07:49:01 - [TEST_STEP][PASSED] - fileInt = filePoteri: null

09-12-2024T07:49:01 - [TEST_STEP][PASSED] - typeOfData = typeOfDataMain + " Потери": null

09-12-2024T07:49:01 - [TEST_STEP][PASSED] - Script1718980020443.WriteToExcel(a, typeOfData, todaysDate, pageInt, fileInt, pageDouble, fileDouble, dZO): null

09-12-2024T07:49:01 - [TEST_STEP][PASSED] - sheetName = "Sheet1": null

09-12-2024T07:49:01 - [TEST_STEP][PASSED] - data = findTestData("PlanFact"): null

09-12-2024T07:49:01 - [TEST_STEP][PASSED] - n = data.getRowNumbers() + 1: null

09-12-2024T07:49:01 - [TEST_STEP][PASSED] - year = todaysDate.substring(todaysDate.length() - 4, todaysDate.length()): null

09-12-2024T07:49:01 - [TEST_STEP][PASSED] - y = year.toInteger(): null

09-12-2024T07:49:01 - [TEST_STEP][PASSED] - m = getText(findTestObject("Выполнение бизнес-плана/Период")): Text of object 'Object Repository/Выполнение бизнес-плана/Период' is: '1, 2, 3 кв., Октябрь 2024 года'

09-12-2024T07:49:02 - [MESSAGE][PASSED] - Text of object 'Object Repository/Выполнение бизнес-плана/Период' is: '1, 2, 3 кв., Октябрь 2024 года'

09-12-2024T07:49:02 - [TEST_STEP][PASSED] - m = m.substring(0, m.indexOf("2024")): null

09-12-2024T07:49:02 - [TEST_STEP][PASSED] - m = m.trim(): null

09-12-2024T07:49:02 - [TEST_STEP][PASSED] - dashboardName = "Выполнение бизнес-плана": null

09-12-2024T07:49:02 - [TEST_STEP][PASSED] - workbook01 = getWorkbook(excelFilePath): null

09-12-2024T07:49:02 - [TEST_STEP][PASSED] - sheet01 = getExcelSheet(workbook01, sheetName): null

09-12-2024T07:49:02 - [TEST_STEP][PASSED] - setValueToCellByIndex(sheet01, n, 0, dashboardName): null

09-12-2024T07:49:02 - [TEST_STEP][PASSED] - setValueToCellByIndex(sheet01, n, 1, dZO): null

09-12-2024T07:49:02 - [TEST_STEP][PASSED] - setValueToCellByIndex(sheet01, n, 2, typeOfData): null

09-12-2024T07:49:02 - [TEST_STEP][PASSED] - if (typeOfData == "Факт в процентах" || typeOfData == "План в процентах"): null

09-12-2024T07:49:02 - [TEST_STEP][PASSED] - else: null

09-12-2024T07:49:02 - [TEST_STEP][PASSED] - setValueToCellByIndex(sheet01, n, 3, fileInt): null

09-12-2024T07:49:02 - [TEST_STEP][PASSED] - setValueToCellByIndex(sheet01, n, 4, pageInt): null

09-12-2024T07:49:02 - [TEST_STEP][PASSED] - setValueToCellByIndex(sheet01, n, 5, m): null

09-12-2024T07:49:02 - [TEST_STEP][PASSED] - setValueToCellByIndex(sheet01, n, 6, y): null

09-12-2024T07:49:02 - [TEST_STEP][PASSED] - setValueToCellByIndex(sheet01, n, 7, todaysDate): null

09-12-2024T07:49:02 - [TEST_STEP][PASSED] - n = n + 1: null

09-12-2024T07:49:02 - [TEST_STEP][PASSED] - saveWorkbook(excelFilePath, workbook01): Object: 'Object Repository/Выполнение бизнес-плана/Кнопка Факт' is clicked on

09-12-2024T07:49:02 - [TEST_STEP][PASSED] - if (planFact == 2): Object: 'Object Repository/Выполнение бизнес-плана/Кнопка Факт' is clicked on

09-12-2024T07:49:02 - [TEST_STEP][PASSED] - click(findTestObject("Выполнение бизнес-плана/Кнопка Факт")): Object: 'Object Repository/Выполнение бизнес-плана/Кнопка Факт' is clicked on

09-12-2024T07:49:02 - [MESSAGE][PASSED] - Object: 'Object Repository/Выполнение бизнес-плана/Кнопка Факт' is clicked on

09-12-2024T07:49:02 - [TEST_STEP][PASSED] - if (a == 84 || a == 82): null

09-12-2024T07:49:02 - [TEST_STEP][PASSED] - else if (a == 52 || a == 72 || a == 28 || a == 73 || a == 77 || a == 74 || a == 65 || a == 36 || a == 44 || a == 53 || a == 80 || a == 54 || a == 1 || a == 18 || a == 59 || a == 81): null

09-12-2024T07:49:02 - [TEST_STEP][PASSED] - else: null

09-12-2024T07:49:02 - [TEST_STEP][PASSED] - page1 = getText(findTestObject("Object Repository/Выполнение бизнес-плана/spanPlan" + filialNum)): Text of object 'Object Repository/Выполнение бизнес-плана/spanPlan2' is: '43.39
|'

09-12-2024T07:49:03 - [MESSAGE][PASSED] - Text of object 'Object Repository/Выполнение бизнес-плана/spanPlan2' is: '43.39
|'

09-12-2024T07:49:03 - [TEST_STEP][PASSED] - page1 = page1.replace("|", ""): null

09-12-2024T07:49:03 - [TEST_STEP][PASSED] - page2 = getText(findTestObject("Object Repository/Выполнение бизнес-плана/spanFact" + filialNum)): Text of object 'Object Repository/Выполнение бизнес-плана/spanFact2' is: '56.56
|'

09-12-2024T07:49:03 - [MESSAGE][PASSED] - Text of object 'Object Repository/Выполнение бизнес-плана/spanFact2' is: '56.56
|'

09-12-2024T07:49:03 - [TEST_STEP][PASSED] - page2 = page2.replace("|", ""): null

09-12-2024T07:49:03 - [TEST_STEP][PASSED] - println("page1: " + page1): null

09-12-2024T07:49:03 - [TEST_STEP][PASSED] - println("page2: " + page2): null

09-12-2024T07:49:03 - [TEST_STEP][PASSED] - file = findTestData("PlanFact").getValue(4, a): null

09-12-2024T07:49:03 - [TEST_STEP][PASSED] - file = file.replace(",", "."): null

09-12-2024T07:49:03 - [TEST_STEP][PASSED] - println("file Plan: " + file): null

09-12-2024T07:49:03 - [TEST_STEP][PASSED] - typeOfData = "План в процентах": null

09-12-2024T07:49:03 - [TEST_STEP][PASSED] - fileDouble = file.toDouble(): null

09-12-2024T07:49:03 - [TEST_STEP][PASSED] - pageDouble = page1.toDouble(): null

09-12-2024T07:49:03 - [TEST_STEP][PASSED] - if (fileDouble != pageDouble): null

09-12-2024T07:49:03 - [TEST_STEP][PASSED] - numberOfErrors = numberOfErrors + 1: null

09-12-2024T07:49:03 - [TEST_STEP][PASSED] - Script1718980020443.WriteToExcel(a, typeOfData, todaysDate, pageInt, fileInt, pageDouble, fileDouble, dZO): null

09-12-2024T07:49:03 - [TEST_STEP][PASSED] - sheetName = "Sheet1": null

09-12-2024T07:49:03 - [TEST_STEP][PASSED] - data = findTestData("PlanFact"): null

09-12-2024T07:49:03 - [TEST_STEP][PASSED] - n = data.getRowNumbers() + 1: null

09-12-2024T07:49:03 - [TEST_STEP][PASSED] - year = todaysDate.substring(todaysDate.length() - 4, todaysDate.length()): null

09-12-2024T07:49:03 - [TEST_STEP][PASSED] - y = year.toInteger(): null

09-12-2024T07:49:03 - [TEST_STEP][PASSED] - m = getText(findTestObject("Выполнение бизнес-плана/Период")): Text of object 'Object Repository/Выполнение бизнес-плана/Период' is: '1, 2, 3 кв., Октябрь 2024 года'

09-12-2024T07:49:03 - [MESSAGE][PASSED] - Text of object 'Object Repository/Выполнение бизнес-плана/Период' is: '1, 2, 3 кв., Октябрь 2024 года'

09-12-2024T07:49:03 - [TEST_STEP][PASSED] - m = m.substring(0, m.indexOf("2024")): null

09-12-2024T07:49:03 - [TEST_STEP][PASSED] - m = m.trim(): null

09-12-2024T07:49:03 - [TEST_STEP][PASSED] - dashboardName = "Выполнение бизнес-плана": null

09-12-2024T07:49:03 - [TEST_STEP][PASSED] - workbook01 = getWorkbook(excelFilePath): null

09-12-2024T07:49:03 - [TEST_STEP][PASSED] - sheet01 = getExcelSheet(workbook01, sheetName): null

09-12-2024T07:49:03 - [TEST_STEP][PASSED] - setValueToCellByIndex(sheet01, n, 0, dashboardName): null

09-12-2024T07:49:03 - [TEST_STEP][PASSED] - setValueToCellByIndex(sheet01, n, 1, dZO): null

09-12-2024T07:49:03 - [TEST_STEP][PASSED] - setValueToCellByIndex(sheet01, n, 2, typeOfData): null

09-12-2024T07:49:03 - [TEST_STEP][PASSED] - if (typeOfData == "Факт в процентах" || typeOfData == "План в процентах"): null

09-12-2024T07:49:03 - [TEST_STEP][PASSED] - setValueToCellByIndex(sheet01, n, 3, fileDouble): null

09-12-2024T07:49:03 - [TEST_STEP][PASSED] - setValueToCellByIndex(sheet01, n, 4, pageDouble): null

09-12-2024T07:49:03 - [TEST_STEP][PASSED] - setValueToCellByIndex(sheet01, n, 5, m): null

09-12-2024T07:49:03 - [TEST_STEP][PASSED] - setValueToCellByIndex(sheet01, n, 6, y): null

09-12-2024T07:49:03 - [TEST_STEP][PASSED] - setValueToCellByIndex(sheet01, n, 7, todaysDate): null

09-12-2024T07:49:03 - [TEST_STEP][PASSED] - n = n + 1: null

09-12-2024T07:49:03 - [TEST_STEP][PASSED] - saveWorkbook(excelFilePath, workbook01): null

09-12-2024T07:49:04 - [TEST_STEP][PASSED] - file = findTestData("PlanFact").getValue(7, a): null

09-12-2024T07:49:04 - [TEST_STEP][PASSED] - file = file.replace(",", "."): null

09-12-2024T07:49:04 - [TEST_STEP][PASSED] - println("file Fact: " + file): null

09-12-2024T07:49:04 - [TEST_STEP][PASSED] - fileDouble = file.toDouble(): null

09-12-2024T07:49:04 - [TEST_STEP][PASSED] - typeOfData = "Факт в процентах": null

09-12-2024T07:49:04 - [TEST_STEP][PASSED] - fileDouble = file.toDouble(): null

09-12-2024T07:49:04 - [TEST_STEP][PASSED] - pageDouble = page2.toDouble(): null

09-12-2024T07:49:04 - [TEST_STEP][PASSED] - if (fileDouble != pageDouble): null

09-12-2024T07:49:04 - [TEST_STEP][PASSED] - numberOfErrors = numberOfErrors + 1: null

09-12-2024T07:49:04 - [TEST_STEP][PASSED] - Script1718980020443.WriteToExcel(a, typeOfData, todaysDate, pageInt, fileInt, pageDouble, fileDouble, dZO): null

09-12-2024T07:49:04 - [TEST_STEP][PASSED] - sheetName = "Sheet1": null

09-12-2024T07:49:04 - [TEST_STEP][PASSED] - data = findTestData("PlanFact"): null

09-12-2024T07:49:04 - [TEST_STEP][PASSED] - n = data.getRowNumbers() + 1: null

09-12-2024T07:49:04 - [TEST_STEP][PASSED] - year = todaysDate.substring(todaysDate.length() - 4, todaysDate.length()): null

09-12-2024T07:49:04 - [TEST_STEP][PASSED] - y = year.toInteger(): null

09-12-2024T07:49:04 - [TEST_STEP][PASSED] - m = getText(findTestObject("Выполнение бизнес-плана/Период")): Text of object 'Object Repository/Выполнение бизнес-плана/Период' is: '1, 2, 3 кв., Октябрь 2024 года'

09-12-2024T07:49:04 - [MESSAGE][PASSED] - Text of object 'Object Repository/Выполнение бизнес-плана/Период' is: '1, 2, 3 кв., Октябрь 2024 года'

09-12-2024T07:49:04 - [TEST_STEP][PASSED] - m = m.substring(0, m.indexOf("2024")): null

09-12-2024T07:49:04 - [TEST_STEP][PASSED] - m = m.trim(): null

09-12-2024T07:49:04 - [TEST_STEP][PASSED] - dashboardName = "Выполнение бизнес-плана": null

09-12-2024T07:49:04 - [TEST_STEP][PASSED] - workbook01 = getWorkbook(excelFilePath): null

09-12-2024T07:49:04 - [TEST_STEP][PASSED] - sheet01 = getExcelSheet(workbook01, sheetName): null

09-12-2024T07:49:04 - [TEST_STEP][PASSED] - setValueToCellByIndex(sheet01, n, 0, dashboardName): null

09-12-2024T07:49:04 - [TEST_STEP][PASSED] - setValueToCellByIndex(sheet01, n, 1, dZO): null

09-12-2024T07:49:04 - [TEST_STEP][PASSED] - setValueToCellByIndex(sheet01, n, 2, typeOfData): null

09-12-2024T07:49:04 - [TEST_STEP][PASSED] - if (typeOfData == "Факт в процентах" || typeOfData == "План в процентах"): null

09-12-2024T07:49:04 - [TEST_STEP][PASSED] - setValueToCellByIndex(sheet01, n, 3, fileDouble): null

09-12-2024T07:49:04 - [TEST_STEP][PASSED] - setValueToCellByIndex(sheet01, n, 4, pageDouble): null

09-12-2024T07:49:04 - [TEST_STEP][PASSED] - setValueToCellByIndex(sheet01, n, 5, m): null

09-12-2024T07:49:04 - [TEST_STEP][PASSED] - setValueToCellByIndex(sheet01, n, 6, y): null

09-12-2024T07:49:04 - [TEST_STEP][PASSED] - setValueToCellByIndex(sheet01, n, 7, todaysDate): null

09-12-2024T07:49:04 - [TEST_STEP][PASSED] - n = n + 1: null

09-12-2024T07:49:04 - [TEST_STEP][PASSED] - saveWorkbook(excelFilePath, workbook01): null

09-12-2024T07:49:05 - [TEST_STEP][FAILED] - if (verifyEqual(numberOfErrors, 0) == false): null

09-12-2024T07:49:05 - [MESSAGE][FAILED] - Unable to verify equal between actual object '6' and expected object '0' (Root cause: com.kms.katalon.core.exception.StepFailedException: Actual object '6' and expected object '0' are not equal
	at com.kms.katalon.core.keyword.builtin.VerifyEqualKeyword$_verifyEqual_closure1.doCall(VerifyEqualKeyword.groovy:58)
	at com.kms.katalon.core.keyword.builtin.VerifyEqualKeyword$_verifyEqual_closure1.call(VerifyEqualKeyword.groovy)
	at com.kms.katalon.core.keyword.internal.KeywordMain.runKeyword(KeywordMain.groovy:75)
	at com.kms.katalon.core.keyword.builtin.VerifyEqualKeyword.verifyEqual(VerifyEqualKeyword.groovy:63)
	at com.kms.katalon.core.keyword.builtin.VerifyEqualKeyword.execute(VerifyEqualKeyword.groovy:44)
	at com.kms.katalon.core.keyword.internal.KeywordExecutor.executeKeywordForPlatform(KeywordExecutor.groovy:74)
	at com.kms.katalon.core.keyword.BuiltinKeywords.verifyEqual(BuiltinKeywords.groovy:146)
	at java.base/jdk.internal.reflect.NativeMethodAccessorImpl.invoke0(Native Method)
	at java.base/jdk.internal.reflect.NativeMethodAccessorImpl.invoke(NativeMethodAccessorImpl.java:77)
	at java.base/jdk.internal.reflect.DelegatingMethodAccessorImpl.invoke(DelegatingMethodAccessorImpl.java:43)
	at Выполнение бизнес-плана Сверка ПАО Россети все филиалы.Numbers(Выполнение бизнес-плана Сверка ПАО Россети все филиалы:752)
	at Выполнение бизнес-плана Сверка ПАО Россети все филиалы.Filials(Выполнение бизнес-плана Сверка ПАО Россети все филиалы:1099)
	at Выполнение бизнес-плана Сверка ПАО Россети все филиалы.Numbers(Выполнение бизнес-плана Сверка ПАО Россети все филиалы:757)
	at Выполнение бизнес-плана Сверка ПАО Россети все филиалы.run(Выполнение бизнес-плана Сверка ПАО Россети все филиалы:316)
	at com.kms.katalon.core.main.ScriptEngine.run(ScriptEngine.java:194)
	at com.kms.katalon.core.main.ScriptEngine.runScriptAsRawText(ScriptEngine.java:119)
	at com.kms.katalon.core.main.TestCaseExecutor.runScript(TestCaseExecutor.java:448)
	at com.kms.katalon.core.main.TestCaseExecutor.doExecute(TestCaseExecutor.java:439)
	at com.kms.katalon.core.main.TestCaseExecutor.processExecutionPhase(TestCaseExecutor.java:418)
	at com.kms.katalon.core.main.TestCaseExecutor.accessMainPhase(TestCaseExecutor.java:410)
	at com.kms.katalon.core.main.TestCaseExecutor.execute(TestCaseExecutor.java:285)
	at com.kms.katalon.core.common.CommonExecutor.accessTestCaseMainPhase(CommonExecutor.java:65)
	at com.kms.katalon.core.main.TestSuiteExecutor.accessTestSuiteMainPhase(TestSuiteExecutor.java:150)
	at com.kms.katalon.core.main.TestSuiteExecutor.execute(TestSuiteExecutor.java:106)
	at com.kms.katalon.core.main.TestCaseMain.startTestSuite(TestCaseMain.java:180)
	at TempTestSuite1733719229947.run(TempTestSuite1733719229947.groovy:35)
	at java.base/jdk.internal.reflect.NativeMethodAccessorImpl.invoke0(Native Method)
	at java.base/jdk.internal.reflect.NativeMethodAccessorImpl.invoke(NativeMethodAccessorImpl.java:77)
	at java.base/jdk.internal.reflect.DelegatingMethodAccessorImpl.invoke(DelegatingMethodAccessorImpl.java:43)
)

09-12-2024T07:49:05 - [TEST_STEP][PASSED] - println(numberOfErrors): null

09-12-2024T07:49:05 - [TEST_STEP][PASSED] - if (a == 28 || a == 77 || a == 74 || a == 65 || a == 36 || a == 44 || a == 54 || a == 1 || a == 18 || a == 59): null

09-12-2024T07:49:05 - [TEST_STEP][PASSED] - if (a == 82): null

09-12-2024T07:49:05 - [TEST_STEP][PASSED] - dZO = "Каббалкэнерго": null

09-12-2024T07:49:05 - [TEST_STEP][PASSED] - a = 66: null

09-12-2024T07:49:05 - [TEST_STEP][PASSED] - if (x2.contains(dZO)): null

09-12-2024T07:49:05 - [TEST_STEP][PASSED] - filialNum = filialNum + 1: null

09-12-2024T07:49:05 - [TEST_STEP][PASSED] - Script1718980020443.Numbers(a, typeOfData, todaysDate, pageInt, fileInt, pageDouble, fileDouble, dZO, dzoNum, filialNum): null

09-12-2024T07:49:05 - [TEST_STEP][PASSED] - println(dzoNum): null

09-12-2024T07:49:05 - [TEST_STEP][PASSED] - planFact = <not implemented yet for class: org.codehaus.groovy.ast.expr.EmptyExpression>: null

09-12-2024T07:49:05 - [TEST_STEP][PASSED] - page = <not implemented yet for class: org.codehaus.groovy.ast.expr.EmptyExpression>: null

09-12-2024T07:49:05 - [TEST_STEP][PASSED] - page1 = <not implemented yet for class: org.codehaus.groovy.ast.expr.EmptyExpression>: null

09-12-2024T07:49:05 - [TEST_STEP][PASSED] - page2 = <not implemented yet for class: org.codehaus.groovy.ast.expr.EmptyExpression>: null

09-12-2024T07:49:05 - [TEST_STEP][PASSED] - filialNumberInRow = <not implemented yet for class: org.codehaus.groovy.ast.expr.EmptyExpression>: null

09-12-2024T07:49:05 - [TEST_STEP][PASSED] - filialsDzoNames = <not implemented yet for class: org.codehaus.groovy.ast.expr.EmptyExpression>: null

09-12-2024T07:49:05 - [TEST_STEP][PASSED] - numberOfFilials = <not implemented yet for class: org.codehaus.groovy.ast.expr.EmptyExpression>: null

09-12-2024T07:49:05 - [TEST_STEP][PASSED] - numberOfSpaces = <not implemented yet for class: org.codehaus.groovy.ast.expr.EmptyExpression>: null

09-12-2024T07:49:05 - [TEST_STEP][PASSED] - file = <not implemented yet for class: org.codehaus.groovy.ast.expr.EmptyExpression>: null

09-12-2024T07:49:05 - [TEST_STEP][PASSED] - otpusk = <not implemented yet for class: org.codehaus.groovy.ast.expr.EmptyExpression>: null

09-12-2024T07:49:05 - [TEST_STEP][PASSED] - poteri = <not implemented yet for class: org.codehaus.groovy.ast.expr.EmptyExpression>: null

09-12-2024T07:49:05 - [TEST_STEP][PASSED] - dataFolder = "Выполнение бизнес-плана/Значения со страницы Выполнение бизнес-плана/": null

09-12-2024T07:49:05 - [TEST_STEP][PASSED] - path = <not implemented yet for class: org.codehaus.groovy.ast.expr.EmptyExpression>: null

09-12-2024T07:49:05 - [TEST_STEP][PASSED] - typeOfDataMain = <not implemented yet for class: org.codehaus.groovy.ast.expr.EmptyExpression>: null

09-12-2024T07:49:05 - [TEST_STEP][PASSED] - fileOtpuskVSet = <not implemented yet for class: org.codehaus.groovy.ast.expr.EmptyExpression>: null

09-12-2024T07:49:05 - [TEST_STEP][PASSED] - pageOtpuskVSet = <not implemented yet for class: org.codehaus.groovy.ast.expr.EmptyExpression>: null

09-12-2024T07:49:05 - [TEST_STEP][PASSED] - filePoteri = <not implemented yet for class: org.codehaus.groovy.ast.expr.EmptyExpression>: null

09-12-2024T07:49:05 - [TEST_STEP][PASSED] - pagePoteri = <not implemented yet for class: org.codehaus.groovy.ast.expr.EmptyExpression>: null

09-12-2024T07:49:05 - [TEST_STEP][PASSED] - compare = <not implemented yet for class: org.codehaus.groovy.ast.expr.EmptyExpression>: null

09-12-2024T07:49:05 - [TEST_STEP][PASSED] - b = <not implemented yet for class: org.codehaus.groovy.ast.expr.EmptyExpression>: null

09-12-2024T07:49:05 - [TEST_STEP][PASSED] - i = <not implemented yet for class: org.codehaus.groovy.ast.expr.EmptyExpression>: null

09-12-2024T07:49:05 - [TEST_STEP][PASSED] - ii = <not implemented yet for class: org.codehaus.groovy.ast.expr.EmptyExpression>: null

09-12-2024T07:49:05 - [TEST_STEP][PASSED] - c = <not implemented yet for class: org.codehaus.groovy.ast.expr.EmptyExpression>: null

09-12-2024T07:49:05 - [TEST_STEP][PASSED] - numberOfErrors = 0: null

09-12-2024T07:49:05 - [TEST_STEP][PASSED] - if (a == 82): null

09-12-2024T07:49:05 - [TEST_STEP][PASSED] - b = findTestData("PlanFact").getValue(1, a): null

09-12-2024T07:49:05 - [TEST_STEP][PASSED] - i = b.indexOf(" (ГК)"): null

09-12-2024T07:49:05 - [TEST_STEP][PASSED] - if (i > -1): null

09-12-2024T07:49:05 - [TEST_STEP][PASSED] - i = b.indexOf("О ""): null

09-12-2024T07:49:05 - [TEST_STEP][PASSED] - if (i > -1): null

09-12-2024T07:49:05 - [TEST_STEP][PASSED] - i = b.indexOf("О «"): null

09-12-2024T07:49:05 - [TEST_STEP][PASSED] - if (i > -1): null

09-12-2024T07:49:05 - [TEST_STEP][PASSED] - i = b.indexOf("г. "): null

09-12-2024T07:49:05 - [TEST_STEP][PASSED] - if (i > -1): null

09-12-2024T07:49:05 - [TEST_STEP][PASSED] - println(b): null

09-12-2024T07:49:05 - [TEST_STEP][PASSED] - for ([planFact = 1, planFact < 3, (planFact++)]): null

09-12-2024T07:49:05 - [TEST_STEP][PASSED] - if (planFact == 1): null

09-12-2024T07:49:05 - [TEST_STEP][PASSED] - typeOfDataMain = "Факт": null

09-12-2024T07:49:05 - [TEST_STEP][PASSED] - otpusk = findTestData("PlanFact").getValue(5, a): null

09-12-2024T07:49:05 - [TEST_STEP][PASSED] - poteri = findTestData("PlanFact").getValue(6, a): null

09-12-2024T07:49:05 - [TEST_STEP][PASSED] - otpusk = otpusk.replaceAll("\s+", ""): null

09-12-2024T07:49:05 - [TEST_STEP][PASSED] - poteri = poteri.replaceAll("\s+", ""): null

09-12-2024T07:49:05 - [TEST_STEP][PASSED] - typeOfData = typeOfDataMain + " Отпуск в сеть": null

09-12-2024T07:49:05 - [TEST_STEP][PASSED] - if (a == 82): null

09-12-2024T07:49:05 - [TEST_STEP][PASSED] - else if (a == 84): null

09-12-2024T07:49:05 - [TEST_STEP][PASSED] - else if (a == 52 || a == 72 || a == 28 || a == 73 || a == 77 || a == 74 || a == 65 || a == 36 || a == 44 || a == 53 || a == 80 || a == 54 || a == 1 || a == 18 || a == 59 || a == 81): null

09-12-2024T07:49:05 - [TEST_STEP][PASSED] - else: null

09-12-2024T07:49:05 - [TEST_STEP][PASSED] - path = dataFolder + typeOfData + " за отчётный период " + b: null

09-12-2024T07:49:05 - [TEST_STEP][PASSED] - println(path): null

09-12-2024T07:49:05 - [TEST_STEP][PASSED] - page = getText(findTestObject(path)): Text of object 'Object Repository/Выполнение бизнес-плана/Значения со страницы Выполнение бизнес-плана/Факт Отпуск в сеть за отчётный период Каббалкэнерго' is: '1 413 519'

09-12-2024T07:49:05 - [MESSAGE][PASSED] - Text of object 'Object Repository/Выполнение бизнес-плана/Значения со страницы Выполнение бизнес-плана/Факт Отпуск в сеть за отчётный период Каббалкэнерго' is: '1 413 519'

09-12-2024T07:49:05 - [TEST_STEP][PASSED] - page = page.replaceAll("\s+", ""): null

09-12-2024T07:49:05 - [TEST_STEP][PASSED] - fileOtpuskVSet = otpusk.toInteger(): null

09-12-2024T07:49:05 - [TEST_STEP][PASSED] - pageOtpuskVSet = page.toInteger(): null

09-12-2024T07:49:05 - [TEST_STEP][PASSED] - typeOfData = typeOfDataMain + " Потери": null

09-12-2024T07:49:05 - [TEST_STEP][PASSED] - if (a == 82): null

09-12-2024T07:49:05 - [TEST_STEP][PASSED] - else if (a == 84): null

09-12-2024T07:49:05 - [TEST_STEP][PASSED] - else if (a == 52 || a == 72 || a == 28 || a == 73 || a == 77 || a == 74 || a == 65 || a == 36 || a == 44 || a == 53 || a == 80 || a == 54 || a == 1 || a == 18 || a == 59 || a == 81): null

09-12-2024T07:49:05 - [TEST_STEP][PASSED] - else: null

09-12-2024T07:49:05 - [TEST_STEP][PASSED] - path = dataFolder + typeOfData + " за отчётный период " + b: null

09-12-2024T07:49:05 - [TEST_STEP][PASSED] - page = getText(findTestObject(path)): Text of object 'Object Repository/Выполнение бизнес-плана/Значения со страницы Выполнение бизнес-плана/Факт Потери за отчётный период Каббалкэнерго' is: '276 509'

09-12-2024T07:49:05 - [MESSAGE][PASSED] - Text of object 'Object Repository/Выполнение бизнес-плана/Значения со страницы Выполнение бизнес-плана/Факт Потери за отчётный период Каббалкэнерго' is: '276 509'

09-12-2024T07:49:05 - [TEST_STEP][PASSED] - page = page.replaceAll("\s+", ""): null

09-12-2024T07:49:05 - [TEST_STEP][PASSED] - filePoteri = poteri.toInteger(): null

09-12-2024T07:49:05 - [TEST_STEP][PASSED] - pagePoteri = page.toInteger(): null

09-12-2024T07:49:05 - [TEST_STEP][PASSED] - compare = pageOtpuskVSet: null

09-12-2024T07:49:05 - [TEST_STEP][PASSED] - if (compare == fileOtpuskVSet): null

09-12-2024T07:49:05 - [TEST_STEP][PASSED] - else if (compare > fileOtpuskVSet): null

09-12-2024T07:49:05 - [TEST_STEP][PASSED] - else if (compare < fileOtpuskVSet): null

09-12-2024T07:49:05 - [TEST_STEP][PASSED] - compare = compare + 1: null

09-12-2024T07:49:05 - [TEST_STEP][PASSED] - if (compare == fileOtpuskVSet): null

09-12-2024T07:49:05 - [TEST_STEP][PASSED] - else: null

09-12-2024T07:49:05 - [TEST_STEP][PASSED] - numberOfErrors = numberOfErrors + 1: null

09-12-2024T07:49:05 - [TEST_STEP][PASSED] - pageInt = pageOtpuskVSet: null

09-12-2024T07:49:05 - [TEST_STEP][PASSED] - fileInt = fileOtpuskVSet: null

09-12-2024T07:49:05 - [TEST_STEP][PASSED] - typeOfData = typeOfDataMain + " Отпуск в сеть": null

09-12-2024T07:49:05 - [TEST_STEP][PASSED] - Script1718980020443.WriteToExcel(a, typeOfData, todaysDate, pageInt, fileInt, pageDouble, fileDouble, dZO): null

09-12-2024T07:49:05 - [TEST_STEP][PASSED] - sheetName = "Sheet1": null

09-12-2024T07:49:05 - [TEST_STEP][PASSED] - data = findTestData("PlanFact"): null

09-12-2024T07:49:05 - [TEST_STEP][PASSED] - n = data.getRowNumbers() + 1: null

09-12-2024T07:49:05 - [TEST_STEP][PASSED] - year = todaysDate.substring(todaysDate.length() - 4, todaysDate.length()): null

09-12-2024T07:49:05 - [TEST_STEP][PASSED] - y = year.toInteger(): null

09-12-2024T07:49:05 - [TEST_STEP][PASSED] - m = getText(findTestObject("Выполнение бизнес-плана/Период")): Text of object 'Object Repository/Выполнение бизнес-плана/Период' is: '1, 2, 3 кв., Октябрь 2024 года'

09-12-2024T07:49:06 - [MESSAGE][PASSED] - Text of object 'Object Repository/Выполнение бизнес-плана/Период' is: '1, 2, 3 кв., Октябрь 2024 года'

09-12-2024T07:49:06 - [TEST_STEP][PASSED] - m = m.substring(0, m.indexOf("2024")): null

09-12-2024T07:49:06 - [TEST_STEP][PASSED] - m = m.trim(): null

09-12-2024T07:49:06 - [TEST_STEP][PASSED] - dashboardName = "Выполнение бизнес-плана": null

09-12-2024T07:49:06 - [TEST_STEP][PASSED] - workbook01 = getWorkbook(excelFilePath): null

09-12-2024T07:49:06 - [TEST_STEP][PASSED] - sheet01 = getExcelSheet(workbook01, sheetName): null

09-12-2024T07:49:06 - [TEST_STEP][PASSED] - setValueToCellByIndex(sheet01, n, 0, dashboardName): null

09-12-2024T07:49:06 - [TEST_STEP][PASSED] - setValueToCellByIndex(sheet01, n, 1, dZO): null

09-12-2024T07:49:06 - [TEST_STEP][PASSED] - setValueToCellByIndex(sheet01, n, 2, typeOfData): null

09-12-2024T07:49:06 - [TEST_STEP][PASSED] - if (typeOfData == "Факт в процентах" || typeOfData == "План в процентах"): null

09-12-2024T07:49:06 - [TEST_STEP][PASSED] - else: null

09-12-2024T07:49:06 - [TEST_STEP][PASSED] - setValueToCellByIndex(sheet01, n, 3, fileInt): null

09-12-2024T07:49:06 - [TEST_STEP][PASSED] - setValueToCellByIndex(sheet01, n, 4, pageInt): null

09-12-2024T07:49:06 - [TEST_STEP][PASSED] - setValueToCellByIndex(sheet01, n, 5, m): null

09-12-2024T07:49:06 - [TEST_STEP][PASSED] - setValueToCellByIndex(sheet01, n, 6, y): null

09-12-2024T07:49:06 - [TEST_STEP][PASSED] - setValueToCellByIndex(sheet01, n, 7, todaysDate): null

09-12-2024T07:49:06 - [TEST_STEP][PASSED] - n = n + 1: null

09-12-2024T07:49:06 - [TEST_STEP][PASSED] - saveWorkbook(excelFilePath, workbook01): null

09-12-2024T07:49:06 - [TEST_STEP][PASSED] - compare = pagePoteri: null

09-12-2024T07:49:06 - [TEST_STEP][PASSED] - if (compare == filePoteri): null

09-12-2024T07:49:06 - [TEST_STEP][PASSED] - else if (compare > filePoteri): null

09-12-2024T07:49:06 - [TEST_STEP][PASSED] - else if (compare < filePoteri): null

09-12-2024T07:49:06 - [TEST_STEP][PASSED] - compare = compare + 1: null

09-12-2024T07:49:06 - [TEST_STEP][PASSED] - if (compare == filePoteri): null

09-12-2024T07:49:06 - [TEST_STEP][PASSED] - else: null

09-12-2024T07:49:06 - [TEST_STEP][PASSED] - numberOfErrors = numberOfErrors + 1: null

09-12-2024T07:49:06 - [TEST_STEP][PASSED] - pageInt = pagePoteri: null

09-12-2024T07:49:06 - [TEST_STEP][PASSED] - fileInt = filePoteri: null

09-12-2024T07:49:06 - [TEST_STEP][PASSED] - typeOfData = typeOfDataMain + " Потери": null

09-12-2024T07:49:06 - [TEST_STEP][PASSED] - Script1718980020443.WriteToExcel(a, typeOfData, todaysDate, pageInt, fileInt, pageDouble, fileDouble, dZO): null

09-12-2024T07:49:06 - [TEST_STEP][PASSED] - sheetName = "Sheet1": null

09-12-2024T07:49:06 - [TEST_STEP][PASSED] - data = findTestData("PlanFact"): null

09-12-2024T07:49:06 - [TEST_STEP][PASSED] - n = data.getRowNumbers() + 1: null

09-12-2024T07:49:06 - [TEST_STEP][PASSED] - year = todaysDate.substring(todaysDate.length() - 4, todaysDate.length()): null

09-12-2024T07:49:06 - [TEST_STEP][PASSED] - y = year.toInteger(): null

09-12-2024T07:49:06 - [TEST_STEP][PASSED] - m = getText(findTestObject("Выполнение бизнес-плана/Период")): Text of object 'Object Repository/Выполнение бизнес-плана/Период' is: '1, 2, 3 кв., Октябрь 2024 года'

09-12-2024T07:49:07 - [MESSAGE][PASSED] - Text of object 'Object Repository/Выполнение бизнес-плана/Период' is: '1, 2, 3 кв., Октябрь 2024 года'

09-12-2024T07:49:07 - [TEST_STEP][PASSED] - m = m.substring(0, m.indexOf("2024")): null

09-12-2024T07:49:07 - [TEST_STEP][PASSED] - m = m.trim(): null

09-12-2024T07:49:07 - [TEST_STEP][PASSED] - dashboardName = "Выполнение бизнес-плана": null

09-12-2024T07:49:07 - [TEST_STEP][PASSED] - workbook01 = getWorkbook(excelFilePath): null

09-12-2024T07:49:07 - [TEST_STEP][PASSED] - sheet01 = getExcelSheet(workbook01, sheetName): null

09-12-2024T07:49:07 - [TEST_STEP][PASSED] - setValueToCellByIndex(sheet01, n, 0, dashboardName): null

09-12-2024T07:49:07 - [TEST_STEP][PASSED] - setValueToCellByIndex(sheet01, n, 1, dZO): null

09-12-2024T07:49:07 - [TEST_STEP][PASSED] - setValueToCellByIndex(sheet01, n, 2, typeOfData): null

09-12-2024T07:49:07 - [TEST_STEP][PASSED] - if (typeOfData == "Факт в процентах" || typeOfData == "План в процентах"): null

09-12-2024T07:49:07 - [TEST_STEP][PASSED] - else: null

09-12-2024T07:49:07 - [TEST_STEP][PASSED] - setValueToCellByIndex(sheet01, n, 3, fileInt): null

09-12-2024T07:49:07 - [TEST_STEP][PASSED] - setValueToCellByIndex(sheet01, n, 4, pageInt): null

09-12-2024T07:49:07 - [TEST_STEP][PASSED] - setValueToCellByIndex(sheet01, n, 5, m): null

09-12-2024T07:49:07 - [TEST_STEP][PASSED] - setValueToCellByIndex(sheet01, n, 6, y): null

09-12-2024T07:49:07 - [TEST_STEP][PASSED] - setValueToCellByIndex(sheet01, n, 7, todaysDate): null

09-12-2024T07:49:07 - [TEST_STEP][PASSED] - n = n + 1: null

09-12-2024T07:49:07 - [TEST_STEP][PASSED] - saveWorkbook(excelFilePath, workbook01): null

09-12-2024T07:49:07 - [TEST_STEP][PASSED] - if (planFact == 2): null

09-12-2024T07:49:07 - [TEST_STEP][PASSED] - if (planFact == 1): null

09-12-2024T07:49:07 - [TEST_STEP][PASSED] - else if (planFact == 2): null

09-12-2024T07:49:07 - [TEST_STEP][PASSED] - click(findTestObject("Выполнение бизнес-плана/Кнопка План")): Object: 'Object Repository/Выполнение бизнес-плана/Кнопка План' is clicked on

09-12-2024T07:49:07 - [MESSAGE][PASSED] - Object: 'Object Repository/Выполнение бизнес-плана/Кнопка План' is clicked on

09-12-2024T07:49:07 - [TEST_STEP][PASSED] - typeOfDataMain = "План": null

09-12-2024T07:49:07 - [TEST_STEP][PASSED] - otpusk = findTestData("PlanFact").getValue(2, a): null

09-12-2024T07:49:07 - [TEST_STEP][PASSED] - poteri = findTestData("PlanFact").getValue(3, a): null

09-12-2024T07:49:07 - [TEST_STEP][PASSED] - otpusk = otpusk.replaceAll("\s+", ""): null

09-12-2024T07:49:07 - [TEST_STEP][PASSED] - poteri = poteri.replaceAll("\s+", ""): null

09-12-2024T07:49:07 - [TEST_STEP][PASSED] - typeOfData = typeOfDataMain + " Отпуск в сеть": null

09-12-2024T07:49:07 - [TEST_STEP][PASSED] - if (a == 82): null

09-12-2024T07:49:07 - [TEST_STEP][PASSED] - else if (a == 84): null

09-12-2024T07:49:07 - [TEST_STEP][PASSED] - else if (a == 52 || a == 72 || a == 28 || a == 73 || a == 77 || a == 74 || a == 65 || a == 36 || a == 44 || a == 53 || a == 80 || a == 54 || a == 1 || a == 18 || a == 59 || a == 81): null

09-12-2024T07:49:07 - [TEST_STEP][PASSED] - else: null

09-12-2024T07:49:07 - [TEST_STEP][PASSED] - path = dataFolder + typeOfData + " за отчётный период " + b: null

09-12-2024T07:49:07 - [TEST_STEP][PASSED] - println(path): null

09-12-2024T07:49:07 - [TEST_STEP][PASSED] - page = getText(findTestObject(path)): Text of object 'Object Repository/Выполнение бизнес-плана/Значения со страницы Выполнение бизнес-плана/План Отпуск в сеть за отчётный период Каббалкэнерго' is: '1 299 774'

09-12-2024T07:49:08 - [MESSAGE][PASSED] - Text of object 'Object Repository/Выполнение бизнес-плана/Значения со страницы Выполнение бизнес-плана/План Отпуск в сеть за отчётный период Каббалкэнерго' is: '1 299 774'

09-12-2024T07:49:08 - [TEST_STEP][PASSED] - page = page.replaceAll("\s+", ""): null

09-12-2024T07:49:08 - [TEST_STEP][PASSED] - fileOtpuskVSet = otpusk.toInteger(): null

09-12-2024T07:49:08 - [TEST_STEP][PASSED] - pageOtpuskVSet = page.toInteger(): null

09-12-2024T07:49:08 - [TEST_STEP][PASSED] - typeOfData = typeOfDataMain + " Потери": null

09-12-2024T07:49:08 - [TEST_STEP][PASSED] - if (a == 82): null

09-12-2024T07:49:08 - [TEST_STEP][PASSED] - else if (a == 84): null

09-12-2024T07:49:08 - [TEST_STEP][PASSED] - else if (a == 52 || a == 72 || a == 28 || a == 73 || a == 77 || a == 74 || a == 65 || a == 36 || a == 44 || a == 53 || a == 80 || a == 54 || a == 1 || a == 18 || a == 59 || a == 81): null

09-12-2024T07:49:08 - [TEST_STEP][PASSED] - else: null

09-12-2024T07:49:08 - [TEST_STEP][PASSED] - path = dataFolder + typeOfData + " за отчётный период " + b: null

09-12-2024T07:49:08 - [TEST_STEP][PASSED] - page = getText(findTestObject(path)): Text of object 'Object Repository/Выполнение бизнес-плана/Значения со страницы Выполнение бизнес-плана/План Потери за отчётный период Каббалкэнерго' is: '257 408'

09-12-2024T07:49:08 - [MESSAGE][PASSED] - Text of object 'Object Repository/Выполнение бизнес-плана/Значения со страницы Выполнение бизнес-плана/План Потери за отчётный период Каббалкэнерго' is: '257 408'

09-12-2024T07:49:08 - [TEST_STEP][PASSED] - page = page.replaceAll("\s+", ""): null

09-12-2024T07:49:08 - [TEST_STEP][PASSED] - filePoteri = poteri.toInteger(): null

09-12-2024T07:49:08 - [TEST_STEP][PASSED] - pagePoteri = page.toInteger(): null

09-12-2024T07:49:08 - [TEST_STEP][PASSED] - compare = pageOtpuskVSet: null

09-12-2024T07:49:08 - [TEST_STEP][PASSED] - if (compare == fileOtpuskVSet): null

09-12-2024T07:49:08 - [TEST_STEP][PASSED] - else if (compare > fileOtpuskVSet): null

09-12-2024T07:49:08 - [TEST_STEP][PASSED] - else if (compare < fileOtpuskVSet): null

09-12-2024T07:49:08 - [TEST_STEP][PASSED] - compare = compare + 1: null

09-12-2024T07:49:08 - [TEST_STEP][PASSED] - if (compare == fileOtpuskVSet): null

09-12-2024T07:49:08 - [TEST_STEP][PASSED] - else: null

09-12-2024T07:49:08 - [TEST_STEP][PASSED] - numberOfErrors = numberOfErrors + 1: null

09-12-2024T07:49:08 - [TEST_STEP][PASSED] - pageInt = pageOtpuskVSet: null

09-12-2024T07:49:08 - [TEST_STEP][PASSED] - fileInt = fileOtpuskVSet: null

09-12-2024T07:49:08 - [TEST_STEP][PASSED] - typeOfData = typeOfDataMain + " Отпуск в сеть": null

09-12-2024T07:49:08 - [TEST_STEP][PASSED] - Script1718980020443.WriteToExcel(a, typeOfData, todaysDate, pageInt, fileInt, pageDouble, fileDouble, dZO): null

09-12-2024T07:49:08 - [TEST_STEP][PASSED] - sheetName = "Sheet1": null

09-12-2024T07:49:08 - [TEST_STEP][PASSED] - data = findTestData("PlanFact"): null

09-12-2024T07:49:08 - [TEST_STEP][PASSED] - n = data.getRowNumbers() + 1: null

09-12-2024T07:49:08 - [TEST_STEP][PASSED] - year = todaysDate.substring(todaysDate.length() - 4, todaysDate.length()): null

09-12-2024T07:49:08 - [TEST_STEP][PASSED] - y = year.toInteger(): null

09-12-2024T07:49:08 - [TEST_STEP][PASSED] - m = getText(findTestObject("Выполнение бизнес-плана/Период")): Text of object 'Object Repository/Выполнение бизнес-плана/Период' is: '1, 2, 3 кв., Октябрь 2024 года'

09-12-2024T07:49:08 - [MESSAGE][PASSED] - Text of object 'Object Repository/Выполнение бизнес-плана/Период' is: '1, 2, 3 кв., Октябрь 2024 года'

09-12-2024T07:49:08 - [TEST_STEP][PASSED] - m = m.substring(0, m.indexOf("2024")): null

09-12-2024T07:49:08 - [TEST_STEP][PASSED] - m = m.trim(): null

09-12-2024T07:49:08 - [TEST_STEP][PASSED] - dashboardName = "Выполнение бизнес-плана": null

09-12-2024T07:49:08 - [TEST_STEP][PASSED] - workbook01 = getWorkbook(excelFilePath): null

09-12-2024T07:49:09 - [TEST_STEP][PASSED] - sheet01 = getExcelSheet(workbook01, sheetName): null

09-12-2024T07:49:09 - [TEST_STEP][PASSED] - setValueToCellByIndex(sheet01, n, 0, dashboardName): null

09-12-2024T07:49:09 - [TEST_STEP][PASSED] - setValueToCellByIndex(sheet01, n, 1, dZO): null

09-12-2024T07:49:09 - [TEST_STEP][PASSED] - setValueToCellByIndex(sheet01, n, 2, typeOfData): null

09-12-2024T07:49:09 - [TEST_STEP][PASSED] - if (typeOfData == "Факт в процентах" || typeOfData == "План в процентах"): null

09-12-2024T07:49:09 - [TEST_STEP][PASSED] - else: null

09-12-2024T07:49:09 - [TEST_STEP][PASSED] - setValueToCellByIndex(sheet01, n, 3, fileInt): null

09-12-2024T07:49:09 - [TEST_STEP][PASSED] - setValueToCellByIndex(sheet01, n, 4, pageInt): null

09-12-2024T07:49:09 - [TEST_STEP][PASSED] - setValueToCellByIndex(sheet01, n, 5, m): null

09-12-2024T07:49:09 - [TEST_STEP][PASSED] - setValueToCellByIndex(sheet01, n, 6, y): null

09-12-2024T07:49:09 - [TEST_STEP][PASSED] - setValueToCellByIndex(sheet01, n, 7, todaysDate): null

09-12-2024T07:49:09 - [TEST_STEP][PASSED] - n = n + 1: null

09-12-2024T07:49:09 - [TEST_STEP][PASSED] - saveWorkbook(excelFilePath, workbook01): null

09-12-2024T07:49:09 - [TEST_STEP][PASSED] - compare = pagePoteri: null

09-12-2024T07:49:09 - [TEST_STEP][PASSED] - if (compare == filePoteri): null

09-12-2024T07:49:09 - [TEST_STEP][PASSED] - else if (compare > filePoteri): null

09-12-2024T07:49:09 - [TEST_STEP][PASSED] - else if (compare < filePoteri): null

09-12-2024T07:49:09 - [TEST_STEP][PASSED] - compare = compare + 1: null

09-12-2024T07:49:09 - [TEST_STEP][PASSED] - if (compare == filePoteri): null

09-12-2024T07:49:09 - [TEST_STEP][PASSED] - else: null

09-12-2024T07:49:09 - [TEST_STEP][PASSED] - numberOfErrors = numberOfErrors + 1: null

09-12-2024T07:49:09 - [TEST_STEP][PASSED] - pageInt = pagePoteri: null

09-12-2024T07:49:09 - [TEST_STEP][PASSED] - fileInt = filePoteri: null

09-12-2024T07:49:09 - [TEST_STEP][PASSED] - typeOfData = typeOfDataMain + " Потери": null

09-12-2024T07:49:09 - [TEST_STEP][PASSED] - Script1718980020443.WriteToExcel(a, typeOfData, todaysDate, pageInt, fileInt, pageDouble, fileDouble, dZO): null

09-12-2024T07:49:09 - [TEST_STEP][PASSED] - sheetName = "Sheet1": null

09-12-2024T07:49:09 - [TEST_STEP][PASSED] - data = findTestData("PlanFact"): null

09-12-2024T07:49:09 - [TEST_STEP][PASSED] - n = data.getRowNumbers() + 1: null

09-12-2024T07:49:09 - [TEST_STEP][PASSED] - year = todaysDate.substring(todaysDate.length() - 4, todaysDate.length()): null

09-12-2024T07:49:09 - [TEST_STEP][PASSED] - y = year.toInteger(): null

09-12-2024T07:49:09 - [TEST_STEP][PASSED] - m = getText(findTestObject("Выполнение бизнес-плана/Период")): Text of object 'Object Repository/Выполнение бизнес-плана/Период' is: '1, 2, 3 кв., Октябрь 2024 года'

09-12-2024T07:49:09 - [MESSAGE][PASSED] - Text of object 'Object Repository/Выполнение бизнес-плана/Период' is: '1, 2, 3 кв., Октябрь 2024 года'

09-12-2024T07:49:09 - [TEST_STEP][PASSED] - m = m.substring(0, m.indexOf("2024")): null

09-12-2024T07:49:09 - [TEST_STEP][PASSED] - m = m.trim(): null

09-12-2024T07:49:09 - [TEST_STEP][PASSED] - dashboardName = "Выполнение бизнес-плана": null

09-12-2024T07:49:09 - [TEST_STEP][PASSED] - workbook01 = getWorkbook(excelFilePath): null

09-12-2024T07:49:09 - [TEST_STEP][PASSED] - sheet01 = getExcelSheet(workbook01, sheetName): null

09-12-2024T07:49:09 - [TEST_STEP][PASSED] - setValueToCellByIndex(sheet01, n, 0, dashboardName): null

09-12-2024T07:49:09 - [TEST_STEP][PASSED] - setValueToCellByIndex(sheet01, n, 1, dZO): null

09-12-2024T07:49:09 - [TEST_STEP][PASSED] - setValueToCellByIndex(sheet01, n, 2, typeOfData): null

09-12-2024T07:49:09 - [TEST_STEP][PASSED] - if (typeOfData == "Факт в процентах" || typeOfData == "План в процентах"): null

09-12-2024T07:49:09 - [TEST_STEP][PASSED] - else: null

09-12-2024T07:49:09 - [TEST_STEP][PASSED] - setValueToCellByIndex(sheet01, n, 3, fileInt): null

09-12-2024T07:49:09 - [TEST_STEP][PASSED] - setValueToCellByIndex(sheet01, n, 4, pageInt): null

09-12-2024T07:49:09 - [TEST_STEP][PASSED] - setValueToCellByIndex(sheet01, n, 5, m): null

09-12-2024T07:49:09 - [TEST_STEP][PASSED] - setValueToCellByIndex(sheet01, n, 6, y): null

09-12-2024T07:49:09 - [TEST_STEP][PASSED] - setValueToCellByIndex(sheet01, n, 7, todaysDate): null

09-12-2024T07:49:09 - [TEST_STEP][PASSED] - n = n + 1: null

09-12-2024T07:49:09 - [TEST_STEP][PASSED] - saveWorkbook(excelFilePath, workbook01): Object: 'Object Repository/Выполнение бизнес-плана/Кнопка Факт' is clicked on

09-12-2024T07:49:10 - [TEST_STEP][PASSED] - if (planFact == 2): Object: 'Object Repository/Выполнение бизнес-плана/Кнопка Факт' is clicked on

09-12-2024T07:49:10 - [TEST_STEP][PASSED] - click(findTestObject("Выполнение бизнес-плана/Кнопка Факт")): Object: 'Object Repository/Выполнение бизнес-плана/Кнопка Факт' is clicked on

09-12-2024T07:49:10 - [MESSAGE][PASSED] - Object: 'Object Repository/Выполнение бизнес-плана/Кнопка Факт' is clicked on

09-12-2024T07:49:10 - [TEST_STEP][PASSED] - if (a == 84 || a == 82): null

09-12-2024T07:49:10 - [TEST_STEP][PASSED] - else if (a == 52 || a == 72 || a == 28 || a == 73 || a == 77 || a == 74 || a == 65 || a == 36 || a == 44 || a == 53 || a == 80 || a == 54 || a == 1 || a == 18 || a == 59 || a == 81): null

09-12-2024T07:49:10 - [TEST_STEP][PASSED] - else: null

09-12-2024T07:49:10 - [TEST_STEP][PASSED] - page1 = getText(findTestObject("Object Repository/Выполнение бизнес-плана/spanPlan" + filialNum)): Text of object 'Object Repository/Выполнение бизнес-плана/spanPlan3' is: '19.80
|'

09-12-2024T07:49:10 - [MESSAGE][PASSED] - Text of object 'Object Repository/Выполнение бизнес-плана/spanPlan3' is: '19.80
|'

09-12-2024T07:49:10 - [TEST_STEP][PASSED] - page1 = page1.replace("|", ""): null

09-12-2024T07:49:10 - [TEST_STEP][PASSED] - page2 = getText(findTestObject("Object Repository/Выполнение бизнес-плана/spanFact" + filialNum)): Text of object 'Object Repository/Выполнение бизнес-плана/spanFact3' is: '19.56
|'

09-12-2024T07:49:11 - [MESSAGE][PASSED] - Text of object 'Object Repository/Выполнение бизнес-плана/spanFact3' is: '19.56
|'

09-12-2024T07:49:11 - [TEST_STEP][PASSED] - page2 = page2.replace("|", ""): null

09-12-2024T07:49:11 - [TEST_STEP][PASSED] - println("page1: " + page1): null

09-12-2024T07:49:11 - [TEST_STEP][PASSED] - println("page2: " + page2): null

09-12-2024T07:49:11 - [TEST_STEP][PASSED] - file = findTestData("PlanFact").getValue(4, a): null

09-12-2024T07:49:11 - [TEST_STEP][PASSED] - file = file.replace(",", "."): null

09-12-2024T07:49:11 - [TEST_STEP][PASSED] - println("file Plan: " + file): null

09-12-2024T07:49:11 - [TEST_STEP][PASSED] - typeOfData = "План в процентах": null

09-12-2024T07:49:11 - [TEST_STEP][PASSED] - fileDouble = file.toDouble(): null

09-12-2024T07:49:11 - [TEST_STEP][PASSED] - pageDouble = page1.toDouble(): null

09-12-2024T07:49:11 - [TEST_STEP][PASSED] - if (fileDouble != pageDouble): null

09-12-2024T07:49:11 - [TEST_STEP][PASSED] - numberOfErrors = numberOfErrors + 1: null

09-12-2024T07:49:11 - [TEST_STEP][PASSED] - Script1718980020443.WriteToExcel(a, typeOfData, todaysDate, pageInt, fileInt, pageDouble, fileDouble, dZO): null

09-12-2024T07:49:11 - [TEST_STEP][PASSED] - sheetName = "Sheet1": null

09-12-2024T07:49:11 - [TEST_STEP][PASSED] - data = findTestData("PlanFact"): null

09-12-2024T07:49:11 - [TEST_STEP][PASSED] - n = data.getRowNumbers() + 1: null

09-12-2024T07:49:11 - [TEST_STEP][PASSED] - year = todaysDate.substring(todaysDate.length() - 4, todaysDate.length()): null

09-12-2024T07:49:11 - [TEST_STEP][PASSED] - y = year.toInteger(): null

09-12-2024T07:49:11 - [TEST_STEP][PASSED] - m = getText(findTestObject("Выполнение бизнес-плана/Период")): Text of object 'Object Repository/Выполнение бизнес-плана/Период' is: '1, 2, 3 кв., Октябрь 2024 года'

09-12-2024T07:49:11 - [MESSAGE][PASSED] - Text of object 'Object Repository/Выполнение бизнес-плана/Период' is: '1, 2, 3 кв., Октябрь 2024 года'

09-12-2024T07:49:11 - [TEST_STEP][PASSED] - m = m.substring(0, m.indexOf("2024")): null

09-12-2024T07:49:11 - [TEST_STEP][PASSED] - m = m.trim(): null

09-12-2024T07:49:11 - [TEST_STEP][PASSED] - dashboardName = "Выполнение бизнес-плана": null

09-12-2024T07:49:11 - [TEST_STEP][PASSED] - workbook01 = getWorkbook(excelFilePath): null

09-12-2024T07:49:11 - [TEST_STEP][PASSED] - sheet01 = getExcelSheet(workbook01, sheetName): null

09-12-2024T07:49:11 - [TEST_STEP][PASSED] - setValueToCellByIndex(sheet01, n, 0, dashboardName): null

09-12-2024T07:49:11 - [TEST_STEP][PASSED] - setValueToCellByIndex(sheet01, n, 1, dZO): null

09-12-2024T07:49:11 - [TEST_STEP][PASSED] - setValueToCellByIndex(sheet01, n, 2, typeOfData): null

09-12-2024T07:49:11 - [TEST_STEP][PASSED] - if (typeOfData == "Факт в процентах" || typeOfData == "План в процентах"): null

09-12-2024T07:49:11 - [TEST_STEP][PASSED] - setValueToCellByIndex(sheet01, n, 3, fileDouble): null

09-12-2024T07:49:11 - [TEST_STEP][PASSED] - setValueToCellByIndex(sheet01, n, 4, pageDouble): null

09-12-2024T07:49:11 - [TEST_STEP][PASSED] - setValueToCellByIndex(sheet01, n, 5, m): null

09-12-2024T07:49:11 - [TEST_STEP][PASSED] - setValueToCellByIndex(sheet01, n, 6, y): null

09-12-2024T07:49:11 - [TEST_STEP][PASSED] - setValueToCellByIndex(sheet01, n, 7, todaysDate): null

09-12-2024T07:49:11 - [TEST_STEP][PASSED] - n = n + 1: null

09-12-2024T07:49:11 - [TEST_STEP][PASSED] - saveWorkbook(excelFilePath, workbook01): null

09-12-2024T07:49:11 - [TEST_STEP][PASSED] - file = findTestData("PlanFact").getValue(7, a): null

09-12-2024T07:49:11 - [TEST_STEP][PASSED] - file = file.replace(",", "."): null

09-12-2024T07:49:11 - [TEST_STEP][PASSED] - println("file Fact: " + file): null

09-12-2024T07:49:11 - [TEST_STEP][PASSED] - fileDouble = file.toDouble(): null

09-12-2024T07:49:11 - [TEST_STEP][PASSED] - typeOfData = "Факт в процентах": null

09-12-2024T07:49:11 - [TEST_STEP][PASSED] - fileDouble = file.toDouble(): null

09-12-2024T07:49:11 - [TEST_STEP][PASSED] - pageDouble = page2.toDouble(): null

09-12-2024T07:49:11 - [TEST_STEP][PASSED] - if (fileDouble != pageDouble): null

09-12-2024T07:49:11 - [TEST_STEP][PASSED] - numberOfErrors = numberOfErrors + 1: null

09-12-2024T07:49:11 - [TEST_STEP][PASSED] - Script1718980020443.WriteToExcel(a, typeOfData, todaysDate, pageInt, fileInt, pageDouble, fileDouble, dZO): null

09-12-2024T07:49:11 - [TEST_STEP][PASSED] - sheetName = "Sheet1": null

09-12-2024T07:49:11 - [TEST_STEP][PASSED] - data = findTestData("PlanFact"): null

09-12-2024T07:49:11 - [TEST_STEP][PASSED] - n = data.getRowNumbers() + 1: null

09-12-2024T07:49:11 - [TEST_STEP][PASSED] - year = todaysDate.substring(todaysDate.length() - 4, todaysDate.length()): null

09-12-2024T07:49:11 - [TEST_STEP][PASSED] - y = year.toInteger(): null

09-12-2024T07:49:11 - [TEST_STEP][PASSED] - m = getText(findTestObject("Выполнение бизнес-плана/Период")): Text of object 'Object Repository/Выполнение бизнес-плана/Период' is: '1, 2, 3 кв., Октябрь 2024 года'

09-12-2024T07:49:12 - [MESSAGE][PASSED] - Text of object 'Object Repository/Выполнение бизнес-плана/Период' is: '1, 2, 3 кв., Октябрь 2024 года'

09-12-2024T07:49:12 - [TEST_STEP][PASSED] - m = m.substring(0, m.indexOf("2024")): null

09-12-2024T07:49:12 - [TEST_STEP][PASSED] - m = m.trim(): null

09-12-2024T07:49:12 - [TEST_STEP][PASSED] - dashboardName = "Выполнение бизнес-плана": null

09-12-2024T07:49:12 - [TEST_STEP][PASSED] - workbook01 = getWorkbook(excelFilePath): null

09-12-2024T07:49:12 - [TEST_STEP][PASSED] - sheet01 = getExcelSheet(workbook01, sheetName): null

09-12-2024T07:49:12 - [TEST_STEP][PASSED] - setValueToCellByIndex(sheet01, n, 0, dashboardName): null

09-12-2024T07:49:12 - [TEST_STEP][PASSED] - setValueToCellByIndex(sheet01, n, 1, dZO): null

09-12-2024T07:49:12 - [TEST_STEP][PASSED] - setValueToCellByIndex(sheet01, n, 2, typeOfData): null

09-12-2024T07:49:12 - [TEST_STEP][PASSED] - if (typeOfData == "Факт в процентах" || typeOfData == "План в процентах"): null

09-12-2024T07:49:12 - [TEST_STEP][PASSED] - setValueToCellByIndex(sheet01, n, 3, fileDouble): null

09-12-2024T07:49:12 - [TEST_STEP][PASSED] - setValueToCellByIndex(sheet01, n, 4, pageDouble): null

09-12-2024T07:49:12 - [TEST_STEP][PASSED] - setValueToCellByIndex(sheet01, n, 5, m): null

09-12-2024T07:49:12 - [TEST_STEP][PASSED] - setValueToCellByIndex(sheet01, n, 6, y): null

09-12-2024T07:49:12 - [TEST_STEP][PASSED] - setValueToCellByIndex(sheet01, n, 7, todaysDate): null

09-12-2024T07:49:12 - [TEST_STEP][PASSED] - n = n + 1: null

09-12-2024T07:49:12 - [TEST_STEP][PASSED] - saveWorkbook(excelFilePath, workbook01): null

09-12-2024T07:49:12 - [TEST_STEP][FAILED] - if (verifyEqual(numberOfErrors, 0) == false): null

09-12-2024T07:49:12 - [MESSAGE][FAILED] - Unable to verify equal between actual object '6' and expected object '0' (Root cause: com.kms.katalon.core.exception.StepFailedException: Actual object '6' and expected object '0' are not equal
	at com.kms.katalon.core.keyword.builtin.VerifyEqualKeyword$_verifyEqual_closure1.doCall(VerifyEqualKeyword.groovy:58)
	at com.kms.katalon.core.keyword.builtin.VerifyEqualKeyword$_verifyEqual_closure1.call(VerifyEqualKeyword.groovy)
	at com.kms.katalon.core.keyword.internal.KeywordMain.runKeyword(KeywordMain.groovy:75)
	at com.kms.katalon.core.keyword.builtin.VerifyEqualKeyword.verifyEqual(VerifyEqualKeyword.groovy:63)
	at com.kms.katalon.core.keyword.builtin.VerifyEqualKeyword.execute(VerifyEqualKeyword.groovy:44)
	at com.kms.katalon.core.keyword.internal.KeywordExecutor.executeKeywordForPlatform(KeywordExecutor.groovy:74)
	at com.kms.katalon.core.keyword.BuiltinKeywords.verifyEqual(BuiltinKeywords.groovy:146)
	at java.base/jdk.internal.reflect.NativeMethodAccessorImpl.invoke0(Native Method)
	at java.base/jdk.internal.reflect.NativeMethodAccessorImpl.invoke(NativeMethodAccessorImpl.java:77)
	at java.base/jdk.internal.reflect.DelegatingMethodAccessorImpl.invoke(DelegatingMethodAccessorImpl.java:43)
	at Выполнение бизнес-плана Сверка ПАО Россети все филиалы.Numbers(Выполнение бизнес-плана Сверка ПАО Россети все филиалы:752)
	at Выполнение бизнес-плана Сверка ПАО Россети все филиалы.Filials(Выполнение бизнес-плана Сверка ПАО Россети все филиалы:1111)
	at Выполнение бизнес-плана Сверка ПАО Россети все филиалы.Numbers(Выполнение бизнес-плана Сверка ПАО Россети все филиалы:757)
	at Выполнение бизнес-плана Сверка ПАО Россети все филиалы.run(Выполнение бизнес-плана Сверка ПАО Россети все филиалы:316)
	at com.kms.katalon.core.main.ScriptEngine.run(ScriptEngine.java:194)
	at com.kms.katalon.core.main.ScriptEngine.runScriptAsRawText(ScriptEngine.java:119)
	at com.kms.katalon.core.main.TestCaseExecutor.runScript(TestCaseExecutor.java:448)
	at com.kms.katalon.core.main.TestCaseExecutor.doExecute(TestCaseExecutor.java:439)
	at com.kms.katalon.core.main.TestCaseExecutor.processExecutionPhase(TestCaseExecutor.java:418)
	at com.kms.katalon.core.main.TestCaseExecutor.accessMainPhase(TestCaseExecutor.java:410)
	at com.kms.katalon.core.main.TestCaseExecutor.execute(TestCaseExecutor.java:285)
	at com.kms.katalon.core.common.CommonExecutor.accessTestCaseMainPhase(CommonExecutor.java:65)
	at com.kms.katalon.core.main.TestSuiteExecutor.accessTestSuiteMainPhase(TestSuiteExecutor.java:150)
	at com.kms.katalon.core.main.TestSuiteExecutor.execute(TestSuiteExecutor.java:106)
	at com.kms.katalon.core.main.TestCaseMain.startTestSuite(TestCaseMain.java:180)
	at TempTestSuite1733719229947.run(TempTestSuite1733719229947.groovy:35)
	at java.base/jdk.internal.reflect.NativeMethodAccessorImpl.invoke0(Native Method)
	at java.base/jdk.internal.reflect.NativeMethodAccessorImpl.invoke(NativeMethodAccessorImpl.java:77)
	at java.base/jdk.internal.reflect.DelegatingMethodAccessorImpl.invoke(DelegatingMethodAccessorImpl.java:43)
)

09-12-2024T07:49:12 - [TEST_STEP][PASSED] - println(numberOfErrors): null

09-12-2024T07:49:12 - [TEST_STEP][PASSED] - if (a == 28 || a == 77 || a == 74 || a == 65 || a == 36 || a == 44 || a == 54 || a == 1 || a == 18 || a == 59): null

09-12-2024T07:49:12 - [TEST_STEP][PASSED] - if (a == 82): null

09-12-2024T07:49:12 - [TEST_STEP][PASSED] - dZO = "Карачаево-Черкесскэнерго": null

09-12-2024T07:49:12 - [TEST_STEP][PASSED] - a = 67: null

09-12-2024T07:49:12 - [TEST_STEP][PASSED] - if (x2.contains(dZO)): null

09-12-2024T07:49:12 - [TEST_STEP][PASSED] - filialNum = filialNum + 1: null

09-12-2024T07:49:12 - [TEST_STEP][PASSED] - Script1718980020443.Numbers(a, typeOfData, todaysDate, pageInt, fileInt, pageDouble, fileDouble, dZO, dzoNum, filialNum): null

09-12-2024T07:49:12 - [TEST_STEP][PASSED] - println(dzoNum): null

09-12-2024T07:49:12 - [TEST_STEP][PASSED] - planFact = <not implemented yet for class: org.codehaus.groovy.ast.expr.EmptyExpression>: null

09-12-2024T07:49:12 - [TEST_STEP][PASSED] - page = <not implemented yet for class: org.codehaus.groovy.ast.expr.EmptyExpression>: null

09-12-2024T07:49:12 - [TEST_STEP][PASSED] - page1 = <not implemented yet for class: org.codehaus.groovy.ast.expr.EmptyExpression>: null

09-12-2024T07:49:12 - [TEST_STEP][PASSED] - page2 = <not implemented yet for class: org.codehaus.groovy.ast.expr.EmptyExpression>: null

09-12-2024T07:49:12 - [TEST_STEP][PASSED] - filialNumberInRow = <not implemented yet for class: org.codehaus.groovy.ast.expr.EmptyExpression>: null

09-12-2024T07:49:12 - [TEST_STEP][PASSED] - filialsDzoNames = <not implemented yet for class: org.codehaus.groovy.ast.expr.EmptyExpression>: null

09-12-2024T07:49:12 - [TEST_STEP][PASSED] - numberOfFilials = <not implemented yet for class: org.codehaus.groovy.ast.expr.EmptyExpression>: null

09-12-2024T07:49:12 - [TEST_STEP][PASSED] - numberOfSpaces = <not implemented yet for class: org.codehaus.groovy.ast.expr.EmptyExpression>: null

09-12-2024T07:49:12 - [TEST_STEP][PASSED] - file = <not implemented yet for class: org.codehaus.groovy.ast.expr.EmptyExpression>: null

09-12-2024T07:49:12 - [TEST_STEP][PASSED] - otpusk = <not implemented yet for class: org.codehaus.groovy.ast.expr.EmptyExpression>: null

09-12-2024T07:49:12 - [TEST_STEP][PASSED] - poteri = <not implemented yet for class: org.codehaus.groovy.ast.expr.EmptyExpression>: null

09-12-2024T07:49:12 - [TEST_STEP][PASSED] - dataFolder = "Выполнение бизнес-плана/Значения со страницы Выполнение бизнес-плана/": null

09-12-2024T07:49:12 - [TEST_STEP][PASSED] - path = <not implemented yet for class: org.codehaus.groovy.ast.expr.EmptyExpression>: null

09-12-2024T07:49:12 - [TEST_STEP][PASSED] - typeOfDataMain = <not implemented yet for class: org.codehaus.groovy.ast.expr.EmptyExpression>: null

09-12-2024T07:49:12 - [TEST_STEP][PASSED] - fileOtpuskVSet = <not implemented yet for class: org.codehaus.groovy.ast.expr.EmptyExpression>: null

09-12-2024T07:49:12 - [TEST_STEP][PASSED] - pageOtpuskVSet = <not implemented yet for class: org.codehaus.groovy.ast.expr.EmptyExpression>: null

09-12-2024T07:49:12 - [TEST_STEP][PASSED] - filePoteri = <not implemented yet for class: org.codehaus.groovy.ast.expr.EmptyExpression>: null

09-12-2024T07:49:12 - [TEST_STEP][PASSED] - pagePoteri = <not implemented yet for class: org.codehaus.groovy.ast.expr.EmptyExpression>: null

09-12-2024T07:49:12 - [TEST_STEP][PASSED] - compare = <not implemented yet for class: org.codehaus.groovy.ast.expr.EmptyExpression>: null

09-12-2024T07:49:12 - [TEST_STEP][PASSED] - b = <not implemented yet for class: org.codehaus.groovy.ast.expr.EmptyExpression>: null

09-12-2024T07:49:12 - [TEST_STEP][PASSED] - i = <not implemented yet for class: org.codehaus.groovy.ast.expr.EmptyExpression>: null

09-12-2024T07:49:12 - [TEST_STEP][PASSED] - ii = <not implemented yet for class: org.codehaus.groovy.ast.expr.EmptyExpression>: null

09-12-2024T07:49:12 - [TEST_STEP][PASSED] - c = <not implemented yet for class: org.codehaus.groovy.ast.expr.EmptyExpression>: null

09-12-2024T07:49:12 - [TEST_STEP][PASSED] - numberOfErrors = 0: null

09-12-2024T07:49:12 - [TEST_STEP][PASSED] - if (a == 82): null

09-12-2024T07:49:12 - [TEST_STEP][PASSED] - b = findTestData("PlanFact").getValue(1, a): null

09-12-2024T07:49:12 - [TEST_STEP][PASSED] - i = b.indexOf(" (ГК)"): null

09-12-2024T07:49:12 - [TEST_STEP][PASSED] - if (i > -1): null

09-12-2024T07:49:12 - [TEST_STEP][PASSED] - i = b.indexOf("О ""): null

09-12-2024T07:49:12 - [TEST_STEP][PASSED] - if (i > -1): null

09-12-2024T07:49:12 - [TEST_STEP][PASSED] - i = b.indexOf("О «"): null

09-12-2024T07:49:12 - [TEST_STEP][PASSED] - if (i > -1): null

09-12-2024T07:49:12 - [TEST_STEP][PASSED] - i = b.indexOf("г. "): null

09-12-2024T07:49:12 - [TEST_STEP][PASSED] - if (i > -1): null

09-12-2024T07:49:12 - [TEST_STEP][PASSED] - println(b): null

09-12-2024T07:49:12 - [TEST_STEP][PASSED] - for ([planFact = 1, planFact < 3, (planFact++)]): null

09-12-2024T07:49:12 - [TEST_STEP][PASSED] - if (planFact == 1): null

09-12-2024T07:49:12 - [TEST_STEP][PASSED] - typeOfDataMain = "Факт": null

09-12-2024T07:49:12 - [TEST_STEP][PASSED] - otpusk = findTestData("PlanFact").getValue(5, a): null

09-12-2024T07:49:12 - [TEST_STEP][PASSED] - poteri = findTestData("PlanFact").getValue(6, a): null

09-12-2024T07:49:12 - [TEST_STEP][PASSED] - otpusk = otpusk.replaceAll("\s+", ""): null

09-12-2024T07:49:12 - [TEST_STEP][PASSED] - poteri = poteri.replaceAll("\s+", ""): null

09-12-2024T07:49:12 - [TEST_STEP][PASSED] - typeOfData = typeOfDataMain + " Отпуск в сеть": null

09-12-2024T07:49:12 - [TEST_STEP][PASSED] - if (a == 82): null

09-12-2024T07:49:12 - [TEST_STEP][PASSED] - else if (a == 84): null

09-12-2024T07:49:12 - [TEST_STEP][PASSED] - else if (a == 52 || a == 72 || a == 28 || a == 73 || a == 77 || a == 74 || a == 65 || a == 36 || a == 44 || a == 53 || a == 80 || a == 54 || a == 1 || a == 18 || a == 59 || a == 81): null

09-12-2024T07:49:12 - [TEST_STEP][PASSED] - else: null

09-12-2024T07:49:12 - [TEST_STEP][PASSED] - path = dataFolder + typeOfData + " за отчётный период " + b: null

09-12-2024T07:49:12 - [TEST_STEP][PASSED] - println(path): null

09-12-2024T07:49:12 - [TEST_STEP][PASSED] - page = getText(findTestObject(path)): Text of object 'Object Repository/Выполнение бизнес-плана/Значения со страницы Выполнение бизнес-плана/Факт Отпуск в сеть за отчётный период Карачаево-Черкесскэнерго' is: '1 013 182'

09-12-2024T07:49:13 - [MESSAGE][PASSED] - Text of object 'Object Repository/Выполнение бизнес-плана/Значения со страницы Выполнение бизнес-плана/Факт Отпуск в сеть за отчётный период Карачаево-Черкесскэнерго' is: '1 013 182'

09-12-2024T07:49:13 - [TEST_STEP][PASSED] - page = page.replaceAll("\s+", ""): null

09-12-2024T07:49:13 - [TEST_STEP][PASSED] - fileOtpuskVSet = otpusk.toInteger(): null

09-12-2024T07:49:13 - [TEST_STEP][PASSED] - pageOtpuskVSet = page.toInteger(): null

09-12-2024T07:49:13 - [TEST_STEP][PASSED] - typeOfData = typeOfDataMain + " Потери": null

09-12-2024T07:49:13 - [TEST_STEP][PASSED] - if (a == 82): null

09-12-2024T07:49:13 - [TEST_STEP][PASSED] - else if (a == 84): null

09-12-2024T07:49:13 - [TEST_STEP][PASSED] - else if (a == 52 || a == 72 || a == 28 || a == 73 || a == 77 || a == 74 || a == 65 || a == 36 || a == 44 || a == 53 || a == 80 || a == 54 || a == 1 || a == 18 || a == 59 || a == 81): null

09-12-2024T07:49:13 - [TEST_STEP][PASSED] - else: null

09-12-2024T07:49:13 - [TEST_STEP][PASSED] - path = dataFolder + typeOfData + " за отчётный период " + b: null

09-12-2024T07:49:13 - [TEST_STEP][PASSED] - page = getText(findTestObject(path)): Text of object 'Object Repository/Выполнение бизнес-плана/Значения со страницы Выполнение бизнес-плана/Факт Потери за отчётный период Карачаево-Черкесскэнерго' is: '146 000'

09-12-2024T07:49:13 - [MESSAGE][PASSED] - Text of object 'Object Repository/Выполнение бизнес-плана/Значения со страницы Выполнение бизнес-плана/Факт Потери за отчётный период Карачаево-Черкесскэнерго' is: '146 000'

09-12-2024T07:49:13 - [TEST_STEP][PASSED] - page = page.replaceAll("\s+", ""): null

09-12-2024T07:49:13 - [TEST_STEP][PASSED] - filePoteri = poteri.toInteger(): null

09-12-2024T07:49:13 - [TEST_STEP][PASSED] - pagePoteri = page.toInteger(): null

09-12-2024T07:49:13 - [TEST_STEP][PASSED] - compare = pageOtpuskVSet: null

09-12-2024T07:49:13 - [TEST_STEP][PASSED] - if (compare == fileOtpuskVSet): null

09-12-2024T07:49:13 - [TEST_STEP][PASSED] - else if (compare > fileOtpuskVSet): null

09-12-2024T07:49:13 - [TEST_STEP][PASSED] - else if (compare < fileOtpuskVSet): null

09-12-2024T07:49:13 - [TEST_STEP][PASSED] - compare = compare + 1: null

09-12-2024T07:49:13 - [TEST_STEP][PASSED] - if (compare == fileOtpuskVSet): null

09-12-2024T07:49:13 - [TEST_STEP][PASSED] - else: null

09-12-2024T07:49:13 - [TEST_STEP][PASSED] - numberOfErrors = numberOfErrors + 1: null

09-12-2024T07:49:13 - [TEST_STEP][PASSED] - pageInt = pageOtpuskVSet: null

09-12-2024T07:49:13 - [TEST_STEP][PASSED] - fileInt = fileOtpuskVSet: null

09-12-2024T07:49:13 - [TEST_STEP][PASSED] - typeOfData = typeOfDataMain + " Отпуск в сеть": null

09-12-2024T07:49:13 - [TEST_STEP][PASSED] - Script1718980020443.WriteToExcel(a, typeOfData, todaysDate, pageInt, fileInt, pageDouble, fileDouble, dZO): null

09-12-2024T07:49:13 - [TEST_STEP][PASSED] - sheetName = "Sheet1": null

09-12-2024T07:49:13 - [TEST_STEP][PASSED] - data = findTestData("PlanFact"): null

09-12-2024T07:49:13 - [TEST_STEP][PASSED] - n = data.getRowNumbers() + 1: null

09-12-2024T07:49:13 - [TEST_STEP][PASSED] - year = todaysDate.substring(todaysDate.length() - 4, todaysDate.length()): null

09-12-2024T07:49:13 - [TEST_STEP][PASSED] - y = year.toInteger(): null

09-12-2024T07:49:13 - [TEST_STEP][PASSED] - m = getText(findTestObject("Выполнение бизнес-плана/Период")): Text of object 'Object Repository/Выполнение бизнес-плана/Период' is: '1, 2, 3 кв., Октябрь 2024 года'

09-12-2024T07:49:13 - [MESSAGE][PASSED] - Text of object 'Object Repository/Выполнение бизнес-плана/Период' is: '1, 2, 3 кв., Октябрь 2024 года'

09-12-2024T07:49:13 - [TEST_STEP][PASSED] - m = m.substring(0, m.indexOf("2024")): null

09-12-2024T07:49:13 - [TEST_STEP][PASSED] - m = m.trim(): null

09-12-2024T07:49:13 - [TEST_STEP][PASSED] - dashboardName = "Выполнение бизнес-плана": null

09-12-2024T07:49:13 - [TEST_STEP][PASSED] - workbook01 = getWorkbook(excelFilePath): null

09-12-2024T07:49:13 - [TEST_STEP][PASSED] - sheet01 = getExcelSheet(workbook01, sheetName): null

09-12-2024T07:49:13 - [TEST_STEP][PASSED] - setValueToCellByIndex(sheet01, n, 0, dashboardName): null

09-12-2024T07:49:13 - [TEST_STEP][PASSED] - setValueToCellByIndex(sheet01, n, 1, dZO): null

09-12-2024T07:49:13 - [TEST_STEP][PASSED] - setValueToCellByIndex(sheet01, n, 2, typeOfData): null

09-12-2024T07:49:13 - [TEST_STEP][PASSED] - if (typeOfData == "Факт в процентах" || typeOfData == "План в процентах"): null

09-12-2024T07:49:13 - [TEST_STEP][PASSED] - else: null

09-12-2024T07:49:13 - [TEST_STEP][PASSED] - setValueToCellByIndex(sheet01, n, 3, fileInt): null

09-12-2024T07:49:13 - [TEST_STEP][PASSED] - setValueToCellByIndex(sheet01, n, 4, pageInt): null

09-12-2024T07:49:13 - [TEST_STEP][PASSED] - setValueToCellByIndex(sheet01, n, 5, m): null

09-12-2024T07:49:13 - [TEST_STEP][PASSED] - setValueToCellByIndex(sheet01, n, 6, y): null

09-12-2024T07:49:13 - [TEST_STEP][PASSED] - setValueToCellByIndex(sheet01, n, 7, todaysDate): null

09-12-2024T07:49:13 - [TEST_STEP][PASSED] - n = n + 1: null

09-12-2024T07:49:13 - [TEST_STEP][PASSED] - saveWorkbook(excelFilePath, workbook01): null

09-12-2024T07:49:14 - [TEST_STEP][PASSED] - compare = pagePoteri: null

09-12-2024T07:49:14 - [TEST_STEP][PASSED] - if (compare == filePoteri): null

09-12-2024T07:49:14 - [TEST_STEP][PASSED] - else if (compare > filePoteri): null

09-12-2024T07:49:14 - [TEST_STEP][PASSED] - else if (compare < filePoteri): null

09-12-2024T07:49:14 - [TEST_STEP][PASSED] - compare = compare + 1: null

09-12-2024T07:49:14 - [TEST_STEP][PASSED] - if (compare == filePoteri): null

09-12-2024T07:49:14 - [TEST_STEP][PASSED] - else: null

09-12-2024T07:49:14 - [TEST_STEP][PASSED] - numberOfErrors = numberOfErrors + 1: null

09-12-2024T07:49:14 - [TEST_STEP][PASSED] - pageInt = pagePoteri: null

09-12-2024T07:49:14 - [TEST_STEP][PASSED] - fileInt = filePoteri: null

09-12-2024T07:49:14 - [TEST_STEP][PASSED] - typeOfData = typeOfDataMain + " Потери": null

09-12-2024T07:49:14 - [TEST_STEP][PASSED] - Script1718980020443.WriteToExcel(a, typeOfData, todaysDate, pageInt, fileInt, pageDouble, fileDouble, dZO): null

09-12-2024T07:49:14 - [TEST_STEP][PASSED] - sheetName = "Sheet1": null

09-12-2024T07:49:14 - [TEST_STEP][PASSED] - data = findTestData("PlanFact"): null

09-12-2024T07:49:14 - [TEST_STEP][PASSED] - n = data.getRowNumbers() + 1: null

09-12-2024T07:49:14 - [TEST_STEP][PASSED] - year = todaysDate.substring(todaysDate.length() - 4, todaysDate.length()): null

09-12-2024T07:49:14 - [TEST_STEP][PASSED] - y = year.toInteger(): null

09-12-2024T07:49:14 - [TEST_STEP][PASSED] - m = getText(findTestObject("Выполнение бизнес-плана/Период")): Text of object 'Object Repository/Выполнение бизнес-плана/Период' is: '1, 2, 3 кв., Октябрь 2024 года'

09-12-2024T07:49:14 - [MESSAGE][PASSED] - Text of object 'Object Repository/Выполнение бизнес-плана/Период' is: '1, 2, 3 кв., Октябрь 2024 года'

09-12-2024T07:49:14 - [TEST_STEP][PASSED] - m = m.substring(0, m.indexOf("2024")): null

09-12-2024T07:49:14 - [TEST_STEP][PASSED] - m = m.trim(): null

09-12-2024T07:49:14 - [TEST_STEP][PASSED] - dashboardName = "Выполнение бизнес-плана": null

09-12-2024T07:49:14 - [TEST_STEP][PASSED] - workbook01 = getWorkbook(excelFilePath): null

09-12-2024T07:49:14 - [TEST_STEP][PASSED] - sheet01 = getExcelSheet(workbook01, sheetName): null

09-12-2024T07:49:14 - [TEST_STEP][PASSED] - setValueToCellByIndex(sheet01, n, 0, dashboardName): null

09-12-2024T07:49:14 - [TEST_STEP][PASSED] - setValueToCellByIndex(sheet01, n, 1, dZO): null

09-12-2024T07:49:14 - [TEST_STEP][PASSED] - setValueToCellByIndex(sheet01, n, 2, typeOfData): null

09-12-2024T07:49:14 - [TEST_STEP][PASSED] - if (typeOfData == "Факт в процентах" || typeOfData == "План в процентах"): null

09-12-2024T07:49:14 - [TEST_STEP][PASSED] - else: null

09-12-2024T07:49:14 - [TEST_STEP][PASSED] - setValueToCellByIndex(sheet01, n, 3, fileInt): null

09-12-2024T07:49:14 - [TEST_STEP][PASSED] - setValueToCellByIndex(sheet01, n, 4, pageInt): null

09-12-2024T07:49:14 - [TEST_STEP][PASSED] - setValueToCellByIndex(sheet01, n, 5, m): null

09-12-2024T07:49:14 - [TEST_STEP][PASSED] - setValueToCellByIndex(sheet01, n, 6, y): null

09-12-2024T07:49:14 - [TEST_STEP][PASSED] - setValueToCellByIndex(sheet01, n, 7, todaysDate): null

09-12-2024T07:49:14 - [TEST_STEP][PASSED] - n = n + 1: null

09-12-2024T07:49:14 - [TEST_STEP][PASSED] - saveWorkbook(excelFilePath, workbook01): null

09-12-2024T07:49:14 - [TEST_STEP][PASSED] - if (planFact == 2): null

09-12-2024T07:49:14 - [TEST_STEP][PASSED] - if (planFact == 1): null

09-12-2024T07:49:14 - [TEST_STEP][PASSED] - else if (planFact == 2): null

09-12-2024T07:49:14 - [TEST_STEP][PASSED] - click(findTestObject("Выполнение бизнес-плана/Кнопка План")): Object: 'Object Repository/Выполнение бизнес-плана/Кнопка План' is clicked on

09-12-2024T07:49:15 - [MESSAGE][PASSED] - Object: 'Object Repository/Выполнение бизнес-плана/Кнопка План' is clicked on

09-12-2024T07:49:15 - [TEST_STEP][PASSED] - typeOfDataMain = "План": null

09-12-2024T07:49:15 - [TEST_STEP][PASSED] - otpusk = findTestData("PlanFact").getValue(2, a): null

09-12-2024T07:49:15 - [TEST_STEP][PASSED] - poteri = findTestData("PlanFact").getValue(3, a): null

09-12-2024T07:49:15 - [TEST_STEP][PASSED] - otpusk = otpusk.replaceAll("\s+", ""): null

09-12-2024T07:49:15 - [TEST_STEP][PASSED] - poteri = poteri.replaceAll("\s+", ""): null

09-12-2024T07:49:15 - [TEST_STEP][PASSED] - typeOfData = typeOfDataMain + " Отпуск в сеть": null

09-12-2024T07:49:15 - [TEST_STEP][PASSED] - if (a == 82): null

09-12-2024T07:49:15 - [TEST_STEP][PASSED] - else if (a == 84): null

09-12-2024T07:49:15 - [TEST_STEP][PASSED] - else if (a == 52 || a == 72 || a == 28 || a == 73 || a == 77 || a == 74 || a == 65 || a == 36 || a == 44 || a == 53 || a == 80 || a == 54 || a == 1 || a == 18 || a == 59 || a == 81): null

09-12-2024T07:49:15 - [TEST_STEP][PASSED] - else: null

09-12-2024T07:49:15 - [TEST_STEP][PASSED] - path = dataFolder + typeOfData + " за отчётный период " + b: null

09-12-2024T07:49:15 - [TEST_STEP][PASSED] - println(path): null

09-12-2024T07:49:15 - [TEST_STEP][PASSED] - page = getText(findTestObject(path)): Text of object 'Object Repository/Выполнение бизнес-плана/Значения со страницы Выполнение бизнес-плана/План Отпуск в сеть за отчётный период Карачаево-Черкесскэнерго' is: '938 915'

09-12-2024T07:49:15 - [MESSAGE][PASSED] - Text of object 'Object Repository/Выполнение бизнес-плана/Значения со страницы Выполнение бизнес-плана/План Отпуск в сеть за отчётный период Карачаево-Черкесскэнерго' is: '938 915'

09-12-2024T07:49:15 - [TEST_STEP][PASSED] - page = page.replaceAll("\s+", ""): null

09-12-2024T07:49:15 - [TEST_STEP][PASSED] - fileOtpuskVSet = otpusk.toInteger(): null

09-12-2024T07:49:15 - [TEST_STEP][PASSED] - pageOtpuskVSet = page.toInteger(): null

09-12-2024T07:49:15 - [TEST_STEP][PASSED] - typeOfData = typeOfDataMain + " Потери": null

09-12-2024T07:49:15 - [TEST_STEP][PASSED] - if (a == 82): null

09-12-2024T07:49:15 - [TEST_STEP][PASSED] - else if (a == 84): null

09-12-2024T07:49:15 - [TEST_STEP][PASSED] - else if (a == 52 || a == 72 || a == 28 || a == 73 || a == 77 || a == 74 || a == 65 || a == 36 || a == 44 || a == 53 || a == 80 || a == 54 || a == 1 || a == 18 || a == 59 || a == 81): null

09-12-2024T07:49:15 - [TEST_STEP][PASSED] - else: null

09-12-2024T07:49:15 - [TEST_STEP][PASSED] - path = dataFolder + typeOfData + " за отчётный период " + b: null

09-12-2024T07:49:15 - [TEST_STEP][PASSED] - page = getText(findTestObject(path)): Text of object 'Object Repository/Выполнение бизнес-плана/Значения со страницы Выполнение бизнес-плана/План Потери за отчётный период Карачаево-Черкесскэнерго' is: '126 591'

09-12-2024T07:49:15 - [MESSAGE][PASSED] - Text of object 'Object Repository/Выполнение бизнес-плана/Значения со страницы Выполнение бизнес-плана/План Потери за отчётный период Карачаево-Черкесскэнерго' is: '126 591'

09-12-2024T07:49:15 - [TEST_STEP][PASSED] - page = page.replaceAll("\s+", ""): null

09-12-2024T07:49:15 - [TEST_STEP][PASSED] - filePoteri = poteri.toInteger(): null

09-12-2024T07:49:15 - [TEST_STEP][PASSED] - pagePoteri = page.toInteger(): null

09-12-2024T07:49:15 - [TEST_STEP][PASSED] - compare = pageOtpuskVSet: null

09-12-2024T07:49:15 - [TEST_STEP][PASSED] - if (compare == fileOtpuskVSet): null

09-12-2024T07:49:15 - [TEST_STEP][PASSED] - else if (compare > fileOtpuskVSet): null

09-12-2024T07:49:15 - [TEST_STEP][PASSED] - else if (compare < fileOtpuskVSet): null

09-12-2024T07:49:15 - [TEST_STEP][PASSED] - compare = compare + 1: null

09-12-2024T07:49:15 - [TEST_STEP][PASSED] - if (compare == fileOtpuskVSet): null

09-12-2024T07:49:15 - [TEST_STEP][PASSED] - else: null

09-12-2024T07:49:15 - [TEST_STEP][PASSED] - numberOfErrors = numberOfErrors + 1: null

09-12-2024T07:49:15 - [TEST_STEP][PASSED] - pageInt = pageOtpuskVSet: null

09-12-2024T07:49:15 - [TEST_STEP][PASSED] - fileInt = fileOtpuskVSet: null

09-12-2024T07:49:15 - [TEST_STEP][PASSED] - typeOfData = typeOfDataMain + " Отпуск в сеть": null

09-12-2024T07:49:15 - [TEST_STEP][PASSED] - Script1718980020443.WriteToExcel(a, typeOfData, todaysDate, pageInt, fileInt, pageDouble, fileDouble, dZO): null

09-12-2024T07:49:15 - [TEST_STEP][PASSED] - sheetName = "Sheet1": null

09-12-2024T07:49:15 - [TEST_STEP][PASSED] - data = findTestData("PlanFact"): null

09-12-2024T07:49:16 - [TEST_STEP][PASSED] - n = data.getRowNumbers() + 1: null

09-12-2024T07:49:16 - [TEST_STEP][PASSED] - year = todaysDate.substring(todaysDate.length() - 4, todaysDate.length()): null

09-12-2024T07:49:16 - [TEST_STEP][PASSED] - y = year.toInteger(): null

09-12-2024T07:49:16 - [TEST_STEP][PASSED] - m = getText(findTestObject("Выполнение бизнес-плана/Период")): Text of object 'Object Repository/Выполнение бизнес-плана/Период' is: '1, 2, 3 кв., Октябрь 2024 года'

09-12-2024T07:49:16 - [MESSAGE][PASSED] - Text of object 'Object Repository/Выполнение бизнес-плана/Период' is: '1, 2, 3 кв., Октябрь 2024 года'

09-12-2024T07:49:16 - [TEST_STEP][PASSED] - m = m.substring(0, m.indexOf("2024")): null

09-12-2024T07:49:16 - [TEST_STEP][PASSED] - m = m.trim(): null

09-12-2024T07:49:16 - [TEST_STEP][PASSED] - dashboardName = "Выполнение бизнес-плана": null

09-12-2024T07:49:16 - [TEST_STEP][PASSED] - workbook01 = getWorkbook(excelFilePath): null

09-12-2024T07:49:16 - [TEST_STEP][PASSED] - sheet01 = getExcelSheet(workbook01, sheetName): null

09-12-2024T07:49:16 - [TEST_STEP][PASSED] - setValueToCellByIndex(sheet01, n, 0, dashboardName): null

09-12-2024T07:49:16 - [TEST_STEP][PASSED] - setValueToCellByIndex(sheet01, n, 1, dZO): null

09-12-2024T07:49:16 - [TEST_STEP][PASSED] - setValueToCellByIndex(sheet01, n, 2, typeOfData): null

09-12-2024T07:49:16 - [TEST_STEP][PASSED] - if (typeOfData == "Факт в процентах" || typeOfData == "План в процентах"): null

09-12-2024T07:49:16 - [TEST_STEP][PASSED] - else: null

09-12-2024T07:49:16 - [TEST_STEP][PASSED] - setValueToCellByIndex(sheet01, n, 3, fileInt): null

09-12-2024T07:49:16 - [TEST_STEP][PASSED] - setValueToCellByIndex(sheet01, n, 4, pageInt): null

09-12-2024T07:49:16 - [TEST_STEP][PASSED] - setValueToCellByIndex(sheet01, n, 5, m): null

09-12-2024T07:49:16 - [TEST_STEP][PASSED] - setValueToCellByIndex(sheet01, n, 6, y): null

09-12-2024T07:49:16 - [TEST_STEP][PASSED] - setValueToCellByIndex(sheet01, n, 7, todaysDate): null

09-12-2024T07:49:16 - [TEST_STEP][PASSED] - n = n + 1: null

09-12-2024T07:49:16 - [TEST_STEP][PASSED] - saveWorkbook(excelFilePath, workbook01): null

09-12-2024T07:49:16 - [TEST_STEP][PASSED] - compare = pagePoteri: null

09-12-2024T07:49:16 - [TEST_STEP][PASSED] - if (compare == filePoteri): null

09-12-2024T07:49:16 - [TEST_STEP][PASSED] - else if (compare > filePoteri): null

09-12-2024T07:49:16 - [TEST_STEP][PASSED] - else if (compare < filePoteri): null

09-12-2024T07:49:16 - [TEST_STEP][PASSED] - compare = compare + 1: null

09-12-2024T07:49:16 - [TEST_STEP][PASSED] - if (compare == filePoteri): null

09-12-2024T07:49:16 - [TEST_STEP][PASSED] - else: null

09-12-2024T07:49:16 - [TEST_STEP][PASSED] - numberOfErrors = numberOfErrors + 1: null

09-12-2024T07:49:16 - [TEST_STEP][PASSED] - pageInt = pagePoteri: null

09-12-2024T07:49:16 - [TEST_STEP][PASSED] - fileInt = filePoteri: null

09-12-2024T07:49:16 - [TEST_STEP][PASSED] - typeOfData = typeOfDataMain + " Потери": null

09-12-2024T07:49:16 - [TEST_STEP][PASSED] - Script1718980020443.WriteToExcel(a, typeOfData, todaysDate, pageInt, fileInt, pageDouble, fileDouble, dZO): null

09-12-2024T07:49:16 - [TEST_STEP][PASSED] - sheetName = "Sheet1": null

09-12-2024T07:49:16 - [TEST_STEP][PASSED] - data = findTestData("PlanFact"): null

09-12-2024T07:49:16 - [TEST_STEP][PASSED] - n = data.getRowNumbers() + 1: null

09-12-2024T07:49:16 - [TEST_STEP][PASSED] - year = todaysDate.substring(todaysDate.length() - 4, todaysDate.length()): null

09-12-2024T07:49:16 - [TEST_STEP][PASSED] - y = year.toInteger(): null

09-12-2024T07:49:16 - [TEST_STEP][PASSED] - m = getText(findTestObject("Выполнение бизнес-плана/Период")): Text of object 'Object Repository/Выполнение бизнес-плана/Период' is: '1, 2, 3 кв., Октябрь 2024 года'

09-12-2024T07:49:17 - [MESSAGE][PASSED] - Text of object 'Object Repository/Выполнение бизнес-плана/Период' is: '1, 2, 3 кв., Октябрь 2024 года'

09-12-2024T07:49:17 - [TEST_STEP][PASSED] - m = m.substring(0, m.indexOf("2024")): null

09-12-2024T07:49:17 - [TEST_STEP][PASSED] - m = m.trim(): null

09-12-2024T07:49:17 - [TEST_STEP][PASSED] - dashboardName = "Выполнение бизнес-плана": null

09-12-2024T07:49:17 - [TEST_STEP][PASSED] - workbook01 = getWorkbook(excelFilePath): null

09-12-2024T07:49:17 - [TEST_STEP][PASSED] - sheet01 = getExcelSheet(workbook01, sheetName): null

09-12-2024T07:49:17 - [TEST_STEP][PASSED] - setValueToCellByIndex(sheet01, n, 0, dashboardName): null

09-12-2024T07:49:17 - [TEST_STEP][PASSED] - setValueToCellByIndex(sheet01, n, 1, dZO): null

09-12-2024T07:49:17 - [TEST_STEP][PASSED] - setValueToCellByIndex(sheet01, n, 2, typeOfData): null

09-12-2024T07:49:17 - [TEST_STEP][PASSED] - if (typeOfData == "Факт в процентах" || typeOfData == "План в процентах"): null

09-12-2024T07:49:17 - [TEST_STEP][PASSED] - else: null

09-12-2024T07:49:17 - [TEST_STEP][PASSED] - setValueToCellByIndex(sheet01, n, 3, fileInt): null

09-12-2024T07:49:17 - [TEST_STEP][PASSED] - setValueToCellByIndex(sheet01, n, 4, pageInt): null

09-12-2024T07:49:17 - [TEST_STEP][PASSED] - setValueToCellByIndex(sheet01, n, 5, m): null

09-12-2024T07:49:17 - [TEST_STEP][PASSED] - setValueToCellByIndex(sheet01, n, 6, y): null

09-12-2024T07:49:17 - [TEST_STEP][PASSED] - setValueToCellByIndex(sheet01, n, 7, todaysDate): null

09-12-2024T07:49:17 - [TEST_STEP][PASSED] - n = n + 1: null

09-12-2024T07:49:17 - [TEST_STEP][PASSED] - saveWorkbook(excelFilePath, workbook01): Object: 'Object Repository/Выполнение бизнес-плана/Кнопка Факт' is clicked on

09-12-2024T07:49:17 - [TEST_STEP][PASSED] - if (planFact == 2): Object: 'Object Repository/Выполнение бизнес-плана/Кнопка Факт' is clicked on

09-12-2024T07:49:17 - [TEST_STEP][PASSED] - click(findTestObject("Выполнение бизнес-плана/Кнопка Факт")): Object: 'Object Repository/Выполнение бизнес-плана/Кнопка Факт' is clicked on

09-12-2024T07:49:17 - [MESSAGE][PASSED] - Object: 'Object Repository/Выполнение бизнес-плана/Кнопка Факт' is clicked on

09-12-2024T07:49:17 - [TEST_STEP][PASSED] - if (a == 84 || a == 82): null

09-12-2024T07:49:17 - [TEST_STEP][PASSED] - else if (a == 52 || a == 72 || a == 28 || a == 73 || a == 77 || a == 74 || a == 65 || a == 36 || a == 44 || a == 53 || a == 80 || a == 54 || a == 1 || a == 18 || a == 59 || a == 81): null

09-12-2024T07:49:17 - [TEST_STEP][PASSED] - else: null

09-12-2024T07:49:17 - [TEST_STEP][PASSED] - page1 = getText(findTestObject("Object Repository/Выполнение бизнес-плана/spanPlan" + filialNum)): Text of object 'Object Repository/Выполнение бизнес-плана/spanPlan4' is: '13.48
|'

09-12-2024T07:49:18 - [MESSAGE][PASSED] - Text of object 'Object Repository/Выполнение бизнес-плана/spanPlan4' is: '13.48
|'

09-12-2024T07:49:18 - [TEST_STEP][PASSED] - page1 = page1.replace("|", ""): null

09-12-2024T07:49:18 - [TEST_STEP][PASSED] - page2 = getText(findTestObject("Object Repository/Выполнение бизнес-плана/spanFact" + filialNum)): Text of object 'Object Repository/Выполнение бизнес-плана/spanFact4' is: '14.41
|'

09-12-2024T07:49:18 - [MESSAGE][PASSED] - Text of object 'Object Repository/Выполнение бизнес-плана/spanFact4' is: '14.41
|'

09-12-2024T07:49:18 - [TEST_STEP][PASSED] - page2 = page2.replace("|", ""): null

09-12-2024T07:49:18 - [TEST_STEP][PASSED] - println("page1: " + page1): null

09-12-2024T07:49:18 - [TEST_STEP][PASSED] - println("page2: " + page2): null

09-12-2024T07:49:18 - [TEST_STEP][PASSED] - file = findTestData("PlanFact").getValue(4, a): null

09-12-2024T07:49:18 - [TEST_STEP][PASSED] - file = file.replace(",", "."): null

09-12-2024T07:49:18 - [TEST_STEP][PASSED] - println("file Plan: " + file): null

09-12-2024T07:49:18 - [TEST_STEP][PASSED] - typeOfData = "План в процентах": null

09-12-2024T07:49:18 - [TEST_STEP][PASSED] - fileDouble = file.toDouble(): null

09-12-2024T07:49:18 - [TEST_STEP][PASSED] - pageDouble = page1.toDouble(): null

09-12-2024T07:49:18 - [TEST_STEP][PASSED] - if (fileDouble != pageDouble): null

09-12-2024T07:49:18 - [TEST_STEP][PASSED] - numberOfErrors = numberOfErrors + 1: null

09-12-2024T07:49:18 - [TEST_STEP][PASSED] - Script1718980020443.WriteToExcel(a, typeOfData, todaysDate, pageInt, fileInt, pageDouble, fileDouble, dZO): null

09-12-2024T07:49:18 - [TEST_STEP][PASSED] - sheetName = "Sheet1": null

09-12-2024T07:49:18 - [TEST_STEP][PASSED] - data = findTestData("PlanFact"): null

09-12-2024T07:49:18 - [TEST_STEP][PASSED] - n = data.getRowNumbers() + 1: null

09-12-2024T07:49:18 - [TEST_STEP][PASSED] - year = todaysDate.substring(todaysDate.length() - 4, todaysDate.length()): null

09-12-2024T07:49:18 - [TEST_STEP][PASSED] - y = year.toInteger(): null

09-12-2024T07:49:18 - [TEST_STEP][PASSED] - m = getText(findTestObject("Выполнение бизнес-плана/Период")): Text of object 'Object Repository/Выполнение бизнес-плана/Период' is: '1, 2, 3 кв., Октябрь 2024 года'

09-12-2024T07:49:18 - [MESSAGE][PASSED] - Text of object 'Object Repository/Выполнение бизнес-плана/Период' is: '1, 2, 3 кв., Октябрь 2024 года'

09-12-2024T07:49:18 - [TEST_STEP][PASSED] - m = m.substring(0, m.indexOf("2024")): null

09-12-2024T07:49:18 - [TEST_STEP][PASSED] - m = m.trim(): null

09-12-2024T07:49:18 - [TEST_STEP][PASSED] - dashboardName = "Выполнение бизнес-плана": null

09-12-2024T07:49:18 - [TEST_STEP][PASSED] - workbook01 = getWorkbook(excelFilePath): null

09-12-2024T07:49:18 - [TEST_STEP][PASSED] - sheet01 = getExcelSheet(workbook01, sheetName): null

09-12-2024T07:49:18 - [TEST_STEP][PASSED] - setValueToCellByIndex(sheet01, n, 0, dashboardName): null

09-12-2024T07:49:18 - [TEST_STEP][PASSED] - setValueToCellByIndex(sheet01, n, 1, dZO): null

09-12-2024T07:49:18 - [TEST_STEP][PASSED] - setValueToCellByIndex(sheet01, n, 2, typeOfData): null

09-12-2024T07:49:18 - [TEST_STEP][PASSED] - if (typeOfData == "Факт в процентах" || typeOfData == "План в процентах"): null

09-12-2024T07:49:18 - [TEST_STEP][PASSED] - setValueToCellByIndex(sheet01, n, 3, fileDouble): null

09-12-2024T07:49:18 - [TEST_STEP][PASSED] - setValueToCellByIndex(sheet01, n, 4, pageDouble): null

09-12-2024T07:49:18 - [TEST_STEP][PASSED] - setValueToCellByIndex(sheet01, n, 5, m): null

09-12-2024T07:49:18 - [TEST_STEP][PASSED] - setValueToCellByIndex(sheet01, n, 6, y): null

09-12-2024T07:49:18 - [TEST_STEP][PASSED] - setValueToCellByIndex(sheet01, n, 7, todaysDate): null

09-12-2024T07:49:18 - [TEST_STEP][PASSED] - n = n + 1: null

09-12-2024T07:49:18 - [TEST_STEP][PASSED] - saveWorkbook(excelFilePath, workbook01): null

09-12-2024T07:49:19 - [TEST_STEP][PASSED] - file = findTestData("PlanFact").getValue(7, a): null

09-12-2024T07:49:19 - [TEST_STEP][PASSED] - file = file.replace(",", "."): null

09-12-2024T07:49:19 - [TEST_STEP][PASSED] - println("file Fact: " + file): null

09-12-2024T07:49:19 - [TEST_STEP][PASSED] - fileDouble = file.toDouble(): null

09-12-2024T07:49:19 - [TEST_STEP][PASSED] - typeOfData = "Факт в процентах": null

09-12-2024T07:49:19 - [TEST_STEP][PASSED] - fileDouble = file.toDouble(): null

09-12-2024T07:49:19 - [TEST_STEP][PASSED] - pageDouble = page2.toDouble(): null

09-12-2024T07:49:19 - [TEST_STEP][PASSED] - if (fileDouble != pageDouble): null

09-12-2024T07:49:19 - [TEST_STEP][PASSED] - numberOfErrors = numberOfErrors + 1: null

09-12-2024T07:49:19 - [TEST_STEP][PASSED] - Script1718980020443.WriteToExcel(a, typeOfData, todaysDate, pageInt, fileInt, pageDouble, fileDouble, dZO): null

09-12-2024T07:49:19 - [TEST_STEP][PASSED] - sheetName = "Sheet1": null

09-12-2024T07:49:19 - [TEST_STEP][PASSED] - data = findTestData("PlanFact"): null

09-12-2024T07:49:19 - [TEST_STEP][PASSED] - n = data.getRowNumbers() + 1: null

09-12-2024T07:49:19 - [TEST_STEP][PASSED] - year = todaysDate.substring(todaysDate.length() - 4, todaysDate.length()): null

09-12-2024T07:49:19 - [TEST_STEP][PASSED] - y = year.toInteger(): null

09-12-2024T07:49:19 - [TEST_STEP][PASSED] - m = getText(findTestObject("Выполнение бизнес-плана/Период")): Text of object 'Object Repository/Выполнение бизнес-плана/Период' is: '1, 2, 3 кв., Октябрь 2024 года'

09-12-2024T07:49:19 - [MESSAGE][PASSED] - Text of object 'Object Repository/Выполнение бизнес-плана/Период' is: '1, 2, 3 кв., Октябрь 2024 года'

09-12-2024T07:49:19 - [TEST_STEP][PASSED] - m = m.substring(0, m.indexOf("2024")): null

09-12-2024T07:49:19 - [TEST_STEP][PASSED] - m = m.trim(): null

09-12-2024T07:49:19 - [TEST_STEP][PASSED] - dashboardName = "Выполнение бизнес-плана": null

09-12-2024T07:49:19 - [TEST_STEP][PASSED] - workbook01 = getWorkbook(excelFilePath): null

09-12-2024T07:49:19 - [TEST_STEP][PASSED] - sheet01 = getExcelSheet(workbook01, sheetName): null

09-12-2024T07:49:19 - [TEST_STEP][PASSED] - setValueToCellByIndex(sheet01, n, 0, dashboardName): null

09-12-2024T07:49:19 - [TEST_STEP][PASSED] - setValueToCellByIndex(sheet01, n, 1, dZO): null

09-12-2024T07:49:19 - [TEST_STEP][PASSED] - setValueToCellByIndex(sheet01, n, 2, typeOfData): null

09-12-2024T07:49:19 - [TEST_STEP][PASSED] - if (typeOfData == "Факт в процентах" || typeOfData == "План в процентах"): null

09-12-2024T07:49:19 - [TEST_STEP][PASSED] - setValueToCellByIndex(sheet01, n, 3, fileDouble): null

09-12-2024T07:49:19 - [TEST_STEP][PASSED] - setValueToCellByIndex(sheet01, n, 4, pageDouble): null

09-12-2024T07:49:19 - [TEST_STEP][PASSED] - setValueToCellByIndex(sheet01, n, 5, m): null

09-12-2024T07:49:19 - [TEST_STEP][PASSED] - setValueToCellByIndex(sheet01, n, 6, y): null

09-12-2024T07:49:19 - [TEST_STEP][PASSED] - setValueToCellByIndex(sheet01, n, 7, todaysDate): null

09-12-2024T07:49:19 - [TEST_STEP][PASSED] - n = n + 1: null

09-12-2024T07:49:19 - [TEST_STEP][PASSED] - saveWorkbook(excelFilePath, workbook01): null

09-12-2024T07:49:19 - [TEST_STEP][FAILED] - if (verifyEqual(numberOfErrors, 0) == false): null

09-12-2024T07:49:19 - [MESSAGE][FAILED] - Unable to verify equal between actual object '6' and expected object '0' (Root cause: com.kms.katalon.core.exception.StepFailedException: Actual object '6' and expected object '0' are not equal
	at com.kms.katalon.core.keyword.builtin.VerifyEqualKeyword$_verifyEqual_closure1.doCall(VerifyEqualKeyword.groovy:58)
	at com.kms.katalon.core.keyword.builtin.VerifyEqualKeyword$_verifyEqual_closure1.call(VerifyEqualKeyword.groovy)
	at com.kms.katalon.core.keyword.internal.KeywordMain.runKeyword(KeywordMain.groovy:75)
	at com.kms.katalon.core.keyword.builtin.VerifyEqualKeyword.verifyEqual(VerifyEqualKeyword.groovy:63)
	at com.kms.katalon.core.keyword.builtin.VerifyEqualKeyword.execute(VerifyEqualKeyword.groovy:44)
	at com.kms.katalon.core.keyword.internal.KeywordExecutor.executeKeywordForPlatform(KeywordExecutor.groovy:74)
	at com.kms.katalon.core.keyword.BuiltinKeywords.verifyEqual(BuiltinKeywords.groovy:146)
	at java.base/jdk.internal.reflect.NativeMethodAccessorImpl.invoke0(Native Method)
	at java.base/jdk.internal.reflect.NativeMethodAccessorImpl.invoke(NativeMethodAccessorImpl.java:77)
	at java.base/jdk.internal.reflect.DelegatingMethodAccessorImpl.invoke(DelegatingMethodAccessorImpl.java:43)
	at Выполнение бизнес-плана Сверка ПАО Россети все филиалы.Numbers(Выполнение бизнес-плана Сверка ПАО Россети все филиалы:752)
	at Выполнение бизнес-плана Сверка ПАО Россети все филиалы.Filials(Выполнение бизнес-плана Сверка ПАО Россети все филиалы:1123)
	at Выполнение бизнес-плана Сверка ПАО Россети все филиалы.Numbers(Выполнение бизнес-плана Сверка ПАО Россети все филиалы:757)
	at Выполнение бизнес-плана Сверка ПАО Россети все филиалы.run(Выполнение бизнес-плана Сверка ПАО Россети все филиалы:316)
	at com.kms.katalon.core.main.ScriptEngine.run(ScriptEngine.java:194)
	at com.kms.katalon.core.main.ScriptEngine.runScriptAsRawText(ScriptEngine.java:119)
	at com.kms.katalon.core.main.TestCaseExecutor.runScript(TestCaseExecutor.java:448)
	at com.kms.katalon.core.main.TestCaseExecutor.doExecute(TestCaseExecutor.java:439)
	at com.kms.katalon.core.main.TestCaseExecutor.processExecutionPhase(TestCaseExecutor.java:418)
	at com.kms.katalon.core.main.TestCaseExecutor.accessMainPhase(TestCaseExecutor.java:410)
	at com.kms.katalon.core.main.TestCaseExecutor.execute(TestCaseExecutor.java:285)
	at com.kms.katalon.core.common.CommonExecutor.accessTestCaseMainPhase(CommonExecutor.java:65)
	at com.kms.katalon.core.main.TestSuiteExecutor.accessTestSuiteMainPhase(TestSuiteExecutor.java:150)
	at com.kms.katalon.core.main.TestSuiteExecutor.execute(TestSuiteExecutor.java:106)
	at com.kms.katalon.core.main.TestCaseMain.startTestSuite(TestCaseMain.java:180)
	at TempTestSuite1733719229947.run(TempTestSuite1733719229947.groovy:35)
	at java.base/jdk.internal.reflect.NativeMethodAccessorImpl.invoke0(Native Method)
	at java.base/jdk.internal.reflect.NativeMethodAccessorImpl.invoke(NativeMethodAccessorImpl.java:77)
	at java.base/jdk.internal.reflect.DelegatingMethodAccessorImpl.invoke(DelegatingMethodAccessorImpl.java:43)
)

09-12-2024T07:49:19 - [TEST_STEP][PASSED] - println(numberOfErrors): null

09-12-2024T07:49:19 - [TEST_STEP][PASSED] - if (a == 28 || a == 77 || a == 74 || a == 65 || a == 36 || a == 44 || a == 54 || a == 1 || a == 18 || a == 59): null

09-12-2024T07:49:19 - [TEST_STEP][PASSED] - if (a == 82): null

09-12-2024T07:49:19 - [TEST_STEP][PASSED] - dZO = "Севкавказэнерго": null

09-12-2024T07:49:19 - [TEST_STEP][PASSED] - a = 68: null

09-12-2024T07:49:19 - [TEST_STEP][PASSED] - if (x2.contains(dZO)): null

09-12-2024T07:49:19 - [TEST_STEP][PASSED] - filialNum = filialNum + 1: null

09-12-2024T07:49:19 - [TEST_STEP][PASSED] - Script1718980020443.Numbers(a, typeOfData, todaysDate, pageInt, fileInt, pageDouble, fileDouble, dZO, dzoNum, filialNum): null

09-12-2024T07:49:19 - [TEST_STEP][PASSED] - println(dzoNum): null

09-12-2024T07:49:19 - [TEST_STEP][PASSED] - planFact = <not implemented yet for class: org.codehaus.groovy.ast.expr.EmptyExpression>: null

09-12-2024T07:49:19 - [TEST_STEP][PASSED] - page = <not implemented yet for class: org.codehaus.groovy.ast.expr.EmptyExpression>: null

09-12-2024T07:49:19 - [TEST_STEP][PASSED] - page1 = <not implemented yet for class: org.codehaus.groovy.ast.expr.EmptyExpression>: null

09-12-2024T07:49:19 - [TEST_STEP][PASSED] - page2 = <not implemented yet for class: org.codehaus.groovy.ast.expr.EmptyExpression>: null

09-12-2024T07:49:19 - [TEST_STEP][PASSED] - filialNumberInRow = <not implemented yet for class: org.codehaus.groovy.ast.expr.EmptyExpression>: null

09-12-2024T07:49:19 - [TEST_STEP][PASSED] - filialsDzoNames = <not implemented yet for class: org.codehaus.groovy.ast.expr.EmptyExpression>: null

09-12-2024T07:49:19 - [TEST_STEP][PASSED] - numberOfFilials = <not implemented yet for class: org.codehaus.groovy.ast.expr.EmptyExpression>: null

09-12-2024T07:49:19 - [TEST_STEP][PASSED] - numberOfSpaces = <not implemented yet for class: org.codehaus.groovy.ast.expr.EmptyExpression>: null

09-12-2024T07:49:19 - [TEST_STEP][PASSED] - file = <not implemented yet for class: org.codehaus.groovy.ast.expr.EmptyExpression>: null

09-12-2024T07:49:19 - [TEST_STEP][PASSED] - otpusk = <not implemented yet for class: org.codehaus.groovy.ast.expr.EmptyExpression>: null

09-12-2024T07:49:19 - [TEST_STEP][PASSED] - poteri = <not implemented yet for class: org.codehaus.groovy.ast.expr.EmptyExpression>: null

09-12-2024T07:49:19 - [TEST_STEP][PASSED] - dataFolder = "Выполнение бизнес-плана/Значения со страницы Выполнение бизнес-плана/": null

09-12-2024T07:49:19 - [TEST_STEP][PASSED] - path = <not implemented yet for class: org.codehaus.groovy.ast.expr.EmptyExpression>: null

09-12-2024T07:49:19 - [TEST_STEP][PASSED] - typeOfDataMain = <not implemented yet for class: org.codehaus.groovy.ast.expr.EmptyExpression>: null

09-12-2024T07:49:19 - [TEST_STEP][PASSED] - fileOtpuskVSet = <not implemented yet for class: org.codehaus.groovy.ast.expr.EmptyExpression>: null

09-12-2024T07:49:19 - [TEST_STEP][PASSED] - pageOtpuskVSet = <not implemented yet for class: org.codehaus.groovy.ast.expr.EmptyExpression>: null

09-12-2024T07:49:19 - [TEST_STEP][PASSED] - filePoteri = <not implemented yet for class: org.codehaus.groovy.ast.expr.EmptyExpression>: null

09-12-2024T07:49:19 - [TEST_STEP][PASSED] - pagePoteri = <not implemented yet for class: org.codehaus.groovy.ast.expr.EmptyExpression>: null

09-12-2024T07:49:19 - [TEST_STEP][PASSED] - compare = <not implemented yet for class: org.codehaus.groovy.ast.expr.EmptyExpression>: null

09-12-2024T07:49:19 - [TEST_STEP][PASSED] - b = <not implemented yet for class: org.codehaus.groovy.ast.expr.EmptyExpression>: null

09-12-2024T07:49:19 - [TEST_STEP][PASSED] - i = <not implemented yet for class: org.codehaus.groovy.ast.expr.EmptyExpression>: null

09-12-2024T07:49:19 - [TEST_STEP][PASSED] - ii = <not implemented yet for class: org.codehaus.groovy.ast.expr.EmptyExpression>: null

09-12-2024T07:49:19 - [TEST_STEP][PASSED] - c = <not implemented yet for class: org.codehaus.groovy.ast.expr.EmptyExpression>: null

09-12-2024T07:49:19 - [TEST_STEP][PASSED] - numberOfErrors = 0: null

09-12-2024T07:49:19 - [TEST_STEP][PASSED] - if (a == 82): null

09-12-2024T07:49:19 - [TEST_STEP][PASSED] - b = findTestData("PlanFact").getValue(1, a): null

09-12-2024T07:49:19 - [TEST_STEP][PASSED] - i = b.indexOf(" (ГК)"): null

09-12-2024T07:49:19 - [TEST_STEP][PASSED] - if (i > -1): null

09-12-2024T07:49:19 - [TEST_STEP][PASSED] - i = b.indexOf("О ""): null

09-12-2024T07:49:19 - [TEST_STEP][PASSED] - if (i > -1): null

09-12-2024T07:49:19 - [TEST_STEP][PASSED] - i = b.indexOf("О «"): null

09-12-2024T07:49:19 - [TEST_STEP][PASSED] - if (i > -1): null

09-12-2024T07:49:19 - [TEST_STEP][PASSED] - i = b.indexOf("г. "): null

09-12-2024T07:49:19 - [TEST_STEP][PASSED] - if (i > -1): null

09-12-2024T07:49:19 - [TEST_STEP][PASSED] - println(b): null

09-12-2024T07:49:19 - [TEST_STEP][PASSED] - for ([planFact = 1, planFact < 3, (planFact++)]): null

09-12-2024T07:49:19 - [TEST_STEP][PASSED] - if (planFact == 1): null

09-12-2024T07:49:19 - [TEST_STEP][PASSED] - typeOfDataMain = "Факт": null

09-12-2024T07:49:19 - [TEST_STEP][PASSED] - otpusk = findTestData("PlanFact").getValue(5, a): null

09-12-2024T07:49:19 - [TEST_STEP][PASSED] - poteri = findTestData("PlanFact").getValue(6, a): null

09-12-2024T07:49:20 - [TEST_STEP][PASSED] - otpusk = otpusk.replaceAll("\s+", ""): null

09-12-2024T07:49:20 - [TEST_STEP][PASSED] - poteri = poteri.replaceAll("\s+", ""): null

09-12-2024T07:49:20 - [TEST_STEP][PASSED] - typeOfData = typeOfDataMain + " Отпуск в сеть": null

09-12-2024T07:49:20 - [TEST_STEP][PASSED] - if (a == 82): null

09-12-2024T07:49:20 - [TEST_STEP][PASSED] - else if (a == 84): null

09-12-2024T07:49:20 - [TEST_STEP][PASSED] - else if (a == 52 || a == 72 || a == 28 || a == 73 || a == 77 || a == 74 || a == 65 || a == 36 || a == 44 || a == 53 || a == 80 || a == 54 || a == 1 || a == 18 || a == 59 || a == 81): null

09-12-2024T07:49:20 - [TEST_STEP][PASSED] - else: null

09-12-2024T07:49:20 - [TEST_STEP][PASSED] - path = dataFolder + typeOfData + " за отчётный период " + b: null

09-12-2024T07:49:20 - [TEST_STEP][PASSED] - println(path): null

09-12-2024T07:49:20 - [TEST_STEP][PASSED] - page = getText(findTestObject(path)): Text of object 'Object Repository/Выполнение бизнес-плана/Значения со страницы Выполнение бизнес-плана/Факт Отпуск в сеть за отчётный период Севкавказэнерго' is: '1 263 745'

09-12-2024T07:49:20 - [MESSAGE][PASSED] - Text of object 'Object Repository/Выполнение бизнес-плана/Значения со страницы Выполнение бизнес-плана/Факт Отпуск в сеть за отчётный период Севкавказэнерго' is: '1 263 745'

09-12-2024T07:49:20 - [TEST_STEP][PASSED] - page = page.replaceAll("\s+", ""): null

09-12-2024T07:49:20 - [TEST_STEP][PASSED] - fileOtpuskVSet = otpusk.toInteger(): null

09-12-2024T07:49:20 - [TEST_STEP][PASSED] - pageOtpuskVSet = page.toInteger(): null

09-12-2024T07:49:20 - [TEST_STEP][PASSED] - typeOfData = typeOfDataMain + " Потери": null

09-12-2024T07:49:20 - [TEST_STEP][PASSED] - if (a == 82): null

09-12-2024T07:49:20 - [TEST_STEP][PASSED] - else if (a == 84): null

09-12-2024T07:49:20 - [TEST_STEP][PASSED] - else if (a == 52 || a == 72 || a == 28 || a == 73 || a == 77 || a == 74 || a == 65 || a == 36 || a == 44 || a == 53 || a == 80 || a == 54 || a == 1 || a == 18 || a == 59 || a == 81): null

09-12-2024T07:49:20 - [TEST_STEP][PASSED] - else: null

09-12-2024T07:49:20 - [TEST_STEP][PASSED] - path = dataFolder + typeOfData + " за отчётный период " + b: null

09-12-2024T07:49:20 - [TEST_STEP][PASSED] - page = getText(findTestObject(path)): Text of object 'Object Repository/Выполнение бизнес-плана/Значения со страницы Выполнение бизнес-плана/Факт Потери за отчётный период Севкавказэнерго' is: '216 844'

09-12-2024T07:49:20 - [MESSAGE][PASSED] - Text of object 'Object Repository/Выполнение бизнес-плана/Значения со страницы Выполнение бизнес-плана/Факт Потери за отчётный период Севкавказэнерго' is: '216 844'

09-12-2024T07:49:20 - [TEST_STEP][PASSED] - page = page.replaceAll("\s+", ""): null

09-12-2024T07:49:20 - [TEST_STEP][PASSED] - filePoteri = poteri.toInteger(): null

09-12-2024T07:49:20 - [TEST_STEP][PASSED] - pagePoteri = page.toInteger(): null

09-12-2024T07:49:20 - [TEST_STEP][PASSED] - compare = pageOtpuskVSet: null

09-12-2024T07:49:20 - [TEST_STEP][PASSED] - if (compare == fileOtpuskVSet): null

09-12-2024T07:49:20 - [TEST_STEP][PASSED] - else if (compare > fileOtpuskVSet): null

09-12-2024T07:49:20 - [TEST_STEP][PASSED] - else if (compare < fileOtpuskVSet): null

09-12-2024T07:49:20 - [TEST_STEP][PASSED] - compare = compare + 1: null

09-12-2024T07:49:20 - [TEST_STEP][PASSED] - if (compare == fileOtpuskVSet): null

09-12-2024T07:49:20 - [TEST_STEP][PASSED] - else: null

09-12-2024T07:49:20 - [TEST_STEP][PASSED] - numberOfErrors = numberOfErrors + 1: null

09-12-2024T07:49:20 - [TEST_STEP][PASSED] - pageInt = pageOtpuskVSet: null

09-12-2024T07:49:20 - [TEST_STEP][PASSED] - fileInt = fileOtpuskVSet: null

09-12-2024T07:49:20 - [TEST_STEP][PASSED] - typeOfData = typeOfDataMain + " Отпуск в сеть": null

09-12-2024T07:49:20 - [TEST_STEP][PASSED] - Script1718980020443.WriteToExcel(a, typeOfData, todaysDate, pageInt, fileInt, pageDouble, fileDouble, dZO): null

09-12-2024T07:49:20 - [TEST_STEP][PASSED] - sheetName = "Sheet1": null

09-12-2024T07:49:20 - [TEST_STEP][PASSED] - data = findTestData("PlanFact"): null

09-12-2024T07:49:20 - [TEST_STEP][PASSED] - n = data.getRowNumbers() + 1: null

09-12-2024T07:49:20 - [TEST_STEP][PASSED] - year = todaysDate.substring(todaysDate.length() - 4, todaysDate.length()): null

09-12-2024T07:49:20 - [TEST_STEP][PASSED] - y = year.toInteger(): null

09-12-2024T07:49:20 - [TEST_STEP][PASSED] - m = getText(findTestObject("Выполнение бизнес-плана/Период")): Text of object 'Object Repository/Выполнение бизнес-плана/Период' is: '1, 2, 3 кв., Октябрь 2024 года'

09-12-2024T07:49:21 - [MESSAGE][PASSED] - Text of object 'Object Repository/Выполнение бизнес-плана/Период' is: '1, 2, 3 кв., Октябрь 2024 года'

09-12-2024T07:49:21 - [TEST_STEP][PASSED] - m = m.substring(0, m.indexOf("2024")): null

09-12-2024T07:49:21 - [TEST_STEP][PASSED] - m = m.trim(): null

09-12-2024T07:49:21 - [TEST_STEP][PASSED] - dashboardName = "Выполнение бизнес-плана": null

09-12-2024T07:49:21 - [TEST_STEP][PASSED] - workbook01 = getWorkbook(excelFilePath): null

09-12-2024T07:49:21 - [TEST_STEP][PASSED] - sheet01 = getExcelSheet(workbook01, sheetName): null

09-12-2024T07:49:21 - [TEST_STEP][PASSED] - setValueToCellByIndex(sheet01, n, 0, dashboardName): null

09-12-2024T07:49:21 - [TEST_STEP][PASSED] - setValueToCellByIndex(sheet01, n, 1, dZO): null

09-12-2024T07:49:21 - [TEST_STEP][PASSED] - setValueToCellByIndex(sheet01, n, 2, typeOfData): null

09-12-2024T07:49:21 - [TEST_STEP][PASSED] - if (typeOfData == "Факт в процентах" || typeOfData == "План в процентах"): null

09-12-2024T07:49:21 - [TEST_STEP][PASSED] - else: null

09-12-2024T07:49:21 - [TEST_STEP][PASSED] - setValueToCellByIndex(sheet01, n, 3, fileInt): null

09-12-2024T07:49:21 - [TEST_STEP][PASSED] - setValueToCellByIndex(sheet01, n, 4, pageInt): null

09-12-2024T07:49:21 - [TEST_STEP][PASSED] - setValueToCellByIndex(sheet01, n, 5, m): null

09-12-2024T07:49:21 - [TEST_STEP][PASSED] - setValueToCellByIndex(sheet01, n, 6, y): null

09-12-2024T07:49:21 - [TEST_STEP][PASSED] - setValueToCellByIndex(sheet01, n, 7, todaysDate): null

09-12-2024T07:49:21 - [TEST_STEP][PASSED] - n = n + 1: null

09-12-2024T07:49:21 - [TEST_STEP][PASSED] - saveWorkbook(excelFilePath, workbook01): null

09-12-2024T07:49:21 - [TEST_STEP][PASSED] - compare = pagePoteri: null

09-12-2024T07:49:21 - [TEST_STEP][PASSED] - if (compare == filePoteri): null

09-12-2024T07:49:21 - [TEST_STEP][PASSED] - else if (compare > filePoteri): null

09-12-2024T07:49:21 - [TEST_STEP][PASSED] - else if (compare < filePoteri): null

09-12-2024T07:49:21 - [TEST_STEP][PASSED] - compare = compare + 1: null

09-12-2024T07:49:21 - [TEST_STEP][PASSED] - if (compare == filePoteri): null

09-12-2024T07:49:21 - [TEST_STEP][PASSED] - else: null

09-12-2024T07:49:21 - [TEST_STEP][PASSED] - numberOfErrors = numberOfErrors + 1: null

09-12-2024T07:49:21 - [TEST_STEP][PASSED] - pageInt = pagePoteri: null

09-12-2024T07:49:21 - [TEST_STEP][PASSED] - fileInt = filePoteri: null

09-12-2024T07:49:21 - [TEST_STEP][PASSED] - typeOfData = typeOfDataMain + " Потери": null

09-12-2024T07:49:21 - [TEST_STEP][PASSED] - Script1718980020443.WriteToExcel(a, typeOfData, todaysDate, pageInt, fileInt, pageDouble, fileDouble, dZO): null

09-12-2024T07:49:21 - [TEST_STEP][PASSED] - sheetName = "Sheet1": null

09-12-2024T07:49:21 - [TEST_STEP][PASSED] - data = findTestData("PlanFact"): null

09-12-2024T07:49:21 - [TEST_STEP][PASSED] - n = data.getRowNumbers() + 1: null

09-12-2024T07:49:21 - [TEST_STEP][PASSED] - year = todaysDate.substring(todaysDate.length() - 4, todaysDate.length()): null

09-12-2024T07:49:21 - [TEST_STEP][PASSED] - y = year.toInteger(): null

09-12-2024T07:49:21 - [TEST_STEP][PASSED] - m = getText(findTestObject("Выполнение бизнес-плана/Период")): Text of object 'Object Repository/Выполнение бизнес-плана/Период' is: '1, 2, 3 кв., Октябрь 2024 года'

09-12-2024T07:49:21 - [MESSAGE][PASSED] - Text of object 'Object Repository/Выполнение бизнес-плана/Период' is: '1, 2, 3 кв., Октябрь 2024 года'

09-12-2024T07:49:21 - [TEST_STEP][PASSED] - m = m.substring(0, m.indexOf("2024")): null

09-12-2024T07:49:21 - [TEST_STEP][PASSED] - m = m.trim(): null

09-12-2024T07:49:21 - [TEST_STEP][PASSED] - dashboardName = "Выполнение бизнес-плана": null

09-12-2024T07:49:21 - [TEST_STEP][PASSED] - workbook01 = getWorkbook(excelFilePath): null

09-12-2024T07:49:21 - [TEST_STEP][PASSED] - sheet01 = getExcelSheet(workbook01, sheetName): null

09-12-2024T07:49:21 - [TEST_STEP][PASSED] - setValueToCellByIndex(sheet01, n, 0, dashboardName): null

09-12-2024T07:49:21 - [TEST_STEP][PASSED] - setValueToCellByIndex(sheet01, n, 1, dZO): null

09-12-2024T07:49:21 - [TEST_STEP][PASSED] - setValueToCellByIndex(sheet01, n, 2, typeOfData): null

09-12-2024T07:49:21 - [TEST_STEP][PASSED] - if (typeOfData == "Факт в процентах" || typeOfData == "План в процентах"): null

09-12-2024T07:49:21 - [TEST_STEP][PASSED] - else: null

09-12-2024T07:49:21 - [TEST_STEP][PASSED] - setValueToCellByIndex(sheet01, n, 3, fileInt): null

09-12-2024T07:49:21 - [TEST_STEP][PASSED] - setValueToCellByIndex(sheet01, n, 4, pageInt): null

09-12-2024T07:49:21 - [TEST_STEP][PASSED] - setValueToCellByIndex(sheet01, n, 5, m): null

09-12-2024T07:49:21 - [TEST_STEP][PASSED] - setValueToCellByIndex(sheet01, n, 6, y): null

09-12-2024T07:49:21 - [TEST_STEP][PASSED] - setValueToCellByIndex(sheet01, n, 7, todaysDate): null

09-12-2024T07:49:21 - [TEST_STEP][PASSED] - n = n + 1: null

09-12-2024T07:49:21 - [TEST_STEP][PASSED] - saveWorkbook(excelFilePath, workbook01): null

09-12-2024T07:49:22 - [TEST_STEP][PASSED] - if (planFact == 2): null

09-12-2024T07:49:22 - [TEST_STEP][PASSED] - if (planFact == 1): null

09-12-2024T07:49:22 - [TEST_STEP][PASSED] - else if (planFact == 2): null

09-12-2024T07:49:22 - [TEST_STEP][PASSED] - click(findTestObject("Выполнение бизнес-плана/Кнопка План")): Object: 'Object Repository/Выполнение бизнес-плана/Кнопка План' is clicked on

09-12-2024T07:49:22 - [MESSAGE][PASSED] - Object: 'Object Repository/Выполнение бизнес-плана/Кнопка План' is clicked on

09-12-2024T07:49:22 - [TEST_STEP][PASSED] - typeOfDataMain = "План": null

09-12-2024T07:49:22 - [TEST_STEP][PASSED] - otpusk = findTestData("PlanFact").getValue(2, a): null

09-12-2024T07:49:22 - [TEST_STEP][PASSED] - poteri = findTestData("PlanFact").getValue(3, a): null

09-12-2024T07:49:22 - [TEST_STEP][PASSED] - otpusk = otpusk.replaceAll("\s+", ""): null

09-12-2024T07:49:22 - [TEST_STEP][PASSED] - poteri = poteri.replaceAll("\s+", ""): null

09-12-2024T07:49:22 - [TEST_STEP][PASSED] - typeOfData = typeOfDataMain + " Отпуск в сеть": null

09-12-2024T07:49:22 - [TEST_STEP][PASSED] - if (a == 82): null

09-12-2024T07:49:22 - [TEST_STEP][PASSED] - else if (a == 84): null

09-12-2024T07:49:22 - [TEST_STEP][PASSED] - else if (a == 52 || a == 72 || a == 28 || a == 73 || a == 77 || a == 74 || a == 65 || a == 36 || a == 44 || a == 53 || a == 80 || a == 54 || a == 1 || a == 18 || a == 59 || a == 81): null

09-12-2024T07:49:22 - [TEST_STEP][PASSED] - else: null

09-12-2024T07:49:22 - [TEST_STEP][PASSED] - path = dataFolder + typeOfData + " за отчётный период " + b: null

09-12-2024T07:49:22 - [TEST_STEP][PASSED] - println(path): null

09-12-2024T07:49:22 - [TEST_STEP][PASSED] - page = getText(findTestObject(path)): Text of object 'Object Repository/Выполнение бизнес-плана/Значения со страницы Выполнение бизнес-плана/План Отпуск в сеть за отчётный период Севкавказэнерго' is: '1 225 365'

09-12-2024T07:49:23 - [MESSAGE][PASSED] - Text of object 'Object Repository/Выполнение бизнес-плана/Значения со страницы Выполнение бизнес-плана/План Отпуск в сеть за отчётный период Севкавказэнерго' is: '1 225 365'

09-12-2024T07:49:23 - [TEST_STEP][PASSED] - page = page.replaceAll("\s+", ""): null

09-12-2024T07:49:23 - [TEST_STEP][PASSED] - fileOtpuskVSet = otpusk.toInteger(): null

09-12-2024T07:49:23 - [TEST_STEP][PASSED] - pageOtpuskVSet = page.toInteger(): null

09-12-2024T07:49:23 - [TEST_STEP][PASSED] - typeOfData = typeOfDataMain + " Потери": null

09-12-2024T07:49:23 - [TEST_STEP][PASSED] - if (a == 82): null

09-12-2024T07:49:23 - [TEST_STEP][PASSED] - else if (a == 84): null

09-12-2024T07:49:23 - [TEST_STEP][PASSED] - else if (a == 52 || a == 72 || a == 28 || a == 73 || a == 77 || a == 74 || a == 65 || a == 36 || a == 44 || a == 53 || a == 80 || a == 54 || a == 1 || a == 18 || a == 59 || a == 81): null

09-12-2024T07:49:23 - [TEST_STEP][PASSED] - else: null

09-12-2024T07:49:23 - [TEST_STEP][PASSED] - path = dataFolder + typeOfData + " за отчётный период " + b: null

09-12-2024T07:49:23 - [TEST_STEP][PASSED] - page = getText(findTestObject(path)): Text of object 'Object Repository/Выполнение бизнес-плана/Значения со страницы Выполнение бизнес-плана/План Потери за отчётный период Севкавказэнерго' is: '208 743'

09-12-2024T07:49:23 - [MESSAGE][PASSED] - Text of object 'Object Repository/Выполнение бизнес-плана/Значения со страницы Выполнение бизнес-плана/План Потери за отчётный период Севкавказэнерго' is: '208 743'

09-12-2024T07:49:23 - [TEST_STEP][PASSED] - page = page.replaceAll("\s+", ""): null

09-12-2024T07:49:23 - [TEST_STEP][PASSED] - filePoteri = poteri.toInteger(): null

09-12-2024T07:49:23 - [TEST_STEP][PASSED] - pagePoteri = page.toInteger(): null

09-12-2024T07:49:23 - [TEST_STEP][PASSED] - compare = pageOtpuskVSet: null

09-12-2024T07:49:23 - [TEST_STEP][PASSED] - if (compare == fileOtpuskVSet): null

09-12-2024T07:49:23 - [TEST_STEP][PASSED] - else if (compare > fileOtpuskVSet): null

09-12-2024T07:49:23 - [TEST_STEP][PASSED] - else if (compare < fileOtpuskVSet): null

09-12-2024T07:49:23 - [TEST_STEP][PASSED] - compare = compare + 1: null

09-12-2024T07:49:23 - [TEST_STEP][PASSED] - if (compare == fileOtpuskVSet): null

09-12-2024T07:49:23 - [TEST_STEP][PASSED] - else: null

09-12-2024T07:49:23 - [TEST_STEP][PASSED] - numberOfErrors = numberOfErrors + 1: null

09-12-2024T07:49:23 - [TEST_STEP][PASSED] - pageInt = pageOtpuskVSet: null

09-12-2024T07:49:23 - [TEST_STEP][PASSED] - fileInt = fileOtpuskVSet: null

09-12-2024T07:49:23 - [TEST_STEP][PASSED] - typeOfData = typeOfDataMain + " Отпуск в сеть": null

09-12-2024T07:49:23 - [TEST_STEP][PASSED] - Script1718980020443.WriteToExcel(a, typeOfData, todaysDate, pageInt, fileInt, pageDouble, fileDouble, dZO): null

09-12-2024T07:49:23 - [TEST_STEP][PASSED] - sheetName = "Sheet1": null

09-12-2024T07:49:23 - [TEST_STEP][PASSED] - data = findTestData("PlanFact"): null

09-12-2024T07:49:23 - [TEST_STEP][PASSED] - n = data.getRowNumbers() + 1: null

09-12-2024T07:49:23 - [TEST_STEP][PASSED] - year = todaysDate.substring(todaysDate.length() - 4, todaysDate.length()): null

09-12-2024T07:49:23 - [TEST_STEP][PASSED] - y = year.toInteger(): null

09-12-2024T07:49:23 - [TEST_STEP][PASSED] - m = getText(findTestObject("Выполнение бизнес-плана/Период")): Text of object 'Object Repository/Выполнение бизнес-плана/Период' is: '1, 2, 3 кв., Октябрь 2024 года'

09-12-2024T07:49:23 - [MESSAGE][PASSED] - Text of object 'Object Repository/Выполнение бизнес-плана/Период' is: '1, 2, 3 кв., Октябрь 2024 года'

09-12-2024T07:49:23 - [TEST_STEP][PASSED] - m = m.substring(0, m.indexOf("2024")): null

09-12-2024T07:49:23 - [TEST_STEP][PASSED] - m = m.trim(): null

09-12-2024T07:49:23 - [TEST_STEP][PASSED] - dashboardName = "Выполнение бизнес-плана": null

09-12-2024T07:49:23 - [TEST_STEP][PASSED] - workbook01 = getWorkbook(excelFilePath): null

09-12-2024T07:49:23 - [TEST_STEP][PASSED] - sheet01 = getExcelSheet(workbook01, sheetName): null

09-12-2024T07:49:23 - [TEST_STEP][PASSED] - setValueToCellByIndex(sheet01, n, 0, dashboardName): null

09-12-2024T07:49:23 - [TEST_STEP][PASSED] - setValueToCellByIndex(sheet01, n, 1, dZO): null

09-12-2024T07:49:23 - [TEST_STEP][PASSED] - setValueToCellByIndex(sheet01, n, 2, typeOfData): null

09-12-2024T07:49:23 - [TEST_STEP][PASSED] - if (typeOfData == "Факт в процентах" || typeOfData == "План в процентах"): null

09-12-2024T07:49:23 - [TEST_STEP][PASSED] - else: null

09-12-2024T07:49:23 - [TEST_STEP][PASSED] - setValueToCellByIndex(sheet01, n, 3, fileInt): null

09-12-2024T07:49:23 - [TEST_STEP][PASSED] - setValueToCellByIndex(sheet01, n, 4, pageInt): null

09-12-2024T07:49:23 - [TEST_STEP][PASSED] - setValueToCellByIndex(sheet01, n, 5, m): null

09-12-2024T07:49:23 - [TEST_STEP][PASSED] - setValueToCellByIndex(sheet01, n, 6, y): null

09-12-2024T07:49:23 - [TEST_STEP][PASSED] - setValueToCellByIndex(sheet01, n, 7, todaysDate): null

09-12-2024T07:49:23 - [TEST_STEP][PASSED] - n = n + 1: null

09-12-2024T07:49:23 - [TEST_STEP][PASSED] - saveWorkbook(excelFilePath, workbook01): null

09-12-2024T07:49:24 - [TEST_STEP][PASSED] - compare = pagePoteri: null

09-12-2024T07:49:24 - [TEST_STEP][PASSED] - if (compare == filePoteri): null

09-12-2024T07:49:24 - [TEST_STEP][PASSED] - else if (compare > filePoteri): null

09-12-2024T07:49:24 - [TEST_STEP][PASSED] - else if (compare < filePoteri): null

09-12-2024T07:49:24 - [TEST_STEP][PASSED] - compare = compare + 1: null

09-12-2024T07:49:24 - [TEST_STEP][PASSED] - if (compare == filePoteri): null

09-12-2024T07:49:24 - [TEST_STEP][PASSED] - else: null

09-12-2024T07:49:24 - [TEST_STEP][PASSED] - numberOfErrors = numberOfErrors + 1: null

09-12-2024T07:49:24 - [TEST_STEP][PASSED] - pageInt = pagePoteri: null

09-12-2024T07:49:24 - [TEST_STEP][PASSED] - fileInt = filePoteri: null

09-12-2024T07:49:24 - [TEST_STEP][PASSED] - typeOfData = typeOfDataMain + " Потери": null

09-12-2024T07:49:24 - [TEST_STEP][PASSED] - Script1718980020443.WriteToExcel(a, typeOfData, todaysDate, pageInt, fileInt, pageDouble, fileDouble, dZO): null

09-12-2024T07:49:24 - [TEST_STEP][PASSED] - sheetName = "Sheet1": null

09-12-2024T07:49:24 - [TEST_STEP][PASSED] - data = findTestData("PlanFact"): null

09-12-2024T07:49:24 - [TEST_STEP][PASSED] - n = data.getRowNumbers() + 1: null

09-12-2024T07:49:24 - [TEST_STEP][PASSED] - year = todaysDate.substring(todaysDate.length() - 4, todaysDate.length()): null

09-12-2024T07:49:24 - [TEST_STEP][PASSED] - y = year.toInteger(): null

09-12-2024T07:49:24 - [TEST_STEP][PASSED] - m = getText(findTestObject("Выполнение бизнес-плана/Период")): Text of object 'Object Repository/Выполнение бизнес-плана/Период' is: '1, 2, 3 кв., Октябрь 2024 года'

09-12-2024T07:49:24 - [MESSAGE][PASSED] - Text of object 'Object Repository/Выполнение бизнес-плана/Период' is: '1, 2, 3 кв., Октябрь 2024 года'

09-12-2024T07:49:24 - [TEST_STEP][PASSED] - m = m.substring(0, m.indexOf("2024")): null

09-12-2024T07:49:24 - [TEST_STEP][PASSED] - m = m.trim(): null

09-12-2024T07:49:24 - [TEST_STEP][PASSED] - dashboardName = "Выполнение бизнес-плана": null

09-12-2024T07:49:24 - [TEST_STEP][PASSED] - workbook01 = getWorkbook(excelFilePath): null

09-12-2024T07:49:24 - [TEST_STEP][PASSED] - sheet01 = getExcelSheet(workbook01, sheetName): null

09-12-2024T07:49:24 - [TEST_STEP][PASSED] - setValueToCellByIndex(sheet01, n, 0, dashboardName): null

09-12-2024T07:49:24 - [TEST_STEP][PASSED] - setValueToCellByIndex(sheet01, n, 1, dZO): null

09-12-2024T07:49:24 - [TEST_STEP][PASSED] - setValueToCellByIndex(sheet01, n, 2, typeOfData): null

09-12-2024T07:49:24 - [TEST_STEP][PASSED] - if (typeOfData == "Факт в процентах" || typeOfData == "План в процентах"): null

09-12-2024T07:49:24 - [TEST_STEP][PASSED] - else: null

09-12-2024T07:49:24 - [TEST_STEP][PASSED] - setValueToCellByIndex(sheet01, n, 3, fileInt): null

09-12-2024T07:49:24 - [TEST_STEP][PASSED] - setValueToCellByIndex(sheet01, n, 4, pageInt): null

09-12-2024T07:49:24 - [TEST_STEP][PASSED] - setValueToCellByIndex(sheet01, n, 5, m): null

09-12-2024T07:49:24 - [TEST_STEP][PASSED] - setValueToCellByIndex(sheet01, n, 6, y): null

09-12-2024T07:49:24 - [TEST_STEP][PASSED] - setValueToCellByIndex(sheet01, n, 7, todaysDate): null

09-12-2024T07:49:24 - [TEST_STEP][PASSED] - n = n + 1: null

09-12-2024T07:49:24 - [TEST_STEP][PASSED] - saveWorkbook(excelFilePath, workbook01): Object: 'Object Repository/Выполнение бизнес-плана/Кнопка Факт' is clicked on

09-12-2024T07:49:24 - [TEST_STEP][PASSED] - if (planFact == 2): Object: 'Object Repository/Выполнение бизнес-плана/Кнопка Факт' is clicked on

09-12-2024T07:49:24 - [TEST_STEP][PASSED] - click(findTestObject("Выполнение бизнес-плана/Кнопка Факт")): Object: 'Object Repository/Выполнение бизнес-плана/Кнопка Факт' is clicked on

09-12-2024T07:49:25 - [MESSAGE][PASSED] - Object: 'Object Repository/Выполнение бизнес-плана/Кнопка Факт' is clicked on

09-12-2024T07:49:25 - [TEST_STEP][PASSED] - if (a == 84 || a == 82): null

09-12-2024T07:49:25 - [TEST_STEP][PASSED] - else if (a == 52 || a == 72 || a == 28 || a == 73 || a == 77 || a == 74 || a == 65 || a == 36 || a == 44 || a == 53 || a == 80 || a == 54 || a == 1 || a == 18 || a == 59 || a == 81): null

09-12-2024T07:49:25 - [TEST_STEP][PASSED] - else: null

09-12-2024T07:49:25 - [TEST_STEP][PASSED] - page1 = getText(findTestObject("Object Repository/Выполнение бизнес-плана/spanPlan" + filialNum)): Text of object 'Object Repository/Выполнение бизнес-плана/spanPlan5' is: '17.04
|'

09-12-2024T07:49:25 - [MESSAGE][PASSED] - Text of object 'Object Repository/Выполнение бизнес-плана/spanPlan5' is: '17.04
|'

09-12-2024T07:49:25 - [TEST_STEP][PASSED] - page1 = page1.replace("|", ""): null

09-12-2024T07:49:25 - [TEST_STEP][PASSED] - page2 = getText(findTestObject("Object Repository/Выполнение бизнес-плана/spanFact" + filialNum)): Text of object 'Object Repository/Выполнение бизнес-плана/spanFact5' is: '17.16
|'

09-12-2024T07:49:25 - [MESSAGE][PASSED] - Text of object 'Object Repository/Выполнение бизнес-плана/spanFact5' is: '17.16
|'

09-12-2024T07:49:25 - [TEST_STEP][PASSED] - page2 = page2.replace("|", ""): null

09-12-2024T07:49:25 - [TEST_STEP][PASSED] - println("page1: " + page1): null

09-12-2024T07:49:25 - [TEST_STEP][PASSED] - println("page2: " + page2): null

09-12-2024T07:49:25 - [TEST_STEP][PASSED] - file = findTestData("PlanFact").getValue(4, a): null

09-12-2024T07:49:25 - [TEST_STEP][PASSED] - file = file.replace(",", "."): null

09-12-2024T07:49:25 - [TEST_STEP][PASSED] - println("file Plan: " + file): null

09-12-2024T07:49:25 - [TEST_STEP][PASSED] - typeOfData = "План в процентах": null

09-12-2024T07:49:25 - [TEST_STEP][PASSED] - fileDouble = file.toDouble(): null

09-12-2024T07:49:25 - [TEST_STEP][PASSED] - pageDouble = page1.toDouble(): null

09-12-2024T07:49:25 - [TEST_STEP][PASSED] - if (fileDouble != pageDouble): null

09-12-2024T07:49:25 - [TEST_STEP][PASSED] - numberOfErrors = numberOfErrors + 1: null

09-12-2024T07:49:25 - [TEST_STEP][PASSED] - Script1718980020443.WriteToExcel(a, typeOfData, todaysDate, pageInt, fileInt, pageDouble, fileDouble, dZO): null

09-12-2024T07:49:25 - [TEST_STEP][PASSED] - sheetName = "Sheet1": null

09-12-2024T07:49:25 - [TEST_STEP][PASSED] - data = findTestData("PlanFact"): null

09-12-2024T07:49:26 - [TEST_STEP][PASSED] - n = data.getRowNumbers() + 1: null

09-12-2024T07:49:26 - [TEST_STEP][PASSED] - year = todaysDate.substring(todaysDate.length() - 4, todaysDate.length()): null

09-12-2024T07:49:26 - [TEST_STEP][PASSED] - y = year.toInteger(): null

09-12-2024T07:49:26 - [TEST_STEP][PASSED] - m = getText(findTestObject("Выполнение бизнес-плана/Период")): Text of object 'Object Repository/Выполнение бизнес-плана/Период' is: '1, 2, 3 кв., Октябрь 2024 года'

09-12-2024T07:49:26 - [MESSAGE][PASSED] - Text of object 'Object Repository/Выполнение бизнес-плана/Период' is: '1, 2, 3 кв., Октябрь 2024 года'

09-12-2024T07:49:26 - [TEST_STEP][PASSED] - m = m.substring(0, m.indexOf("2024")): null

09-12-2024T07:49:26 - [TEST_STEP][PASSED] - m = m.trim(): null

09-12-2024T07:49:26 - [TEST_STEP][PASSED] - dashboardName = "Выполнение бизнес-плана": null

09-12-2024T07:49:26 - [TEST_STEP][PASSED] - workbook01 = getWorkbook(excelFilePath): null

09-12-2024T07:49:26 - [TEST_STEP][PASSED] - sheet01 = getExcelSheet(workbook01, sheetName): null

09-12-2024T07:49:26 - [TEST_STEP][PASSED] - setValueToCellByIndex(sheet01, n, 0, dashboardName): null

09-12-2024T07:49:26 - [TEST_STEP][PASSED] - setValueToCellByIndex(sheet01, n, 1, dZO): null

09-12-2024T07:49:26 - [TEST_STEP][PASSED] - setValueToCellByIndex(sheet01, n, 2, typeOfData): null

09-12-2024T07:49:26 - [TEST_STEP][PASSED] - if (typeOfData == "Факт в процентах" || typeOfData == "План в процентах"): null

09-12-2024T07:49:26 - [TEST_STEP][PASSED] - setValueToCellByIndex(sheet01, n, 3, fileDouble): null

09-12-2024T07:49:26 - [TEST_STEP][PASSED] - setValueToCellByIndex(sheet01, n, 4, pageDouble): null

09-12-2024T07:49:26 - [TEST_STEP][PASSED] - setValueToCellByIndex(sheet01, n, 5, m): null

09-12-2024T07:49:26 - [TEST_STEP][PASSED] - setValueToCellByIndex(sheet01, n, 6, y): null

09-12-2024T07:49:26 - [TEST_STEP][PASSED] - setValueToCellByIndex(sheet01, n, 7, todaysDate): null

09-12-2024T07:49:26 - [TEST_STEP][PASSED] - n = n + 1: null

09-12-2024T07:49:26 - [TEST_STEP][PASSED] - saveWorkbook(excelFilePath, workbook01): null

09-12-2024T07:49:26 - [TEST_STEP][PASSED] - file = findTestData("PlanFact").getValue(7, a): null

09-12-2024T07:49:26 - [TEST_STEP][PASSED] - file = file.replace(",", "."): null

09-12-2024T07:49:26 - [TEST_STEP][PASSED] - println("file Fact: " + file): null

09-12-2024T07:49:26 - [TEST_STEP][PASSED] - fileDouble = file.toDouble(): null

09-12-2024T07:49:26 - [TEST_STEP][PASSED] - typeOfData = "Факт в процентах": null

09-12-2024T07:49:26 - [TEST_STEP][PASSED] - fileDouble = file.toDouble(): null

09-12-2024T07:49:26 - [TEST_STEP][PASSED] - pageDouble = page2.toDouble(): null

09-12-2024T07:49:26 - [TEST_STEP][PASSED] - if (fileDouble != pageDouble): null

09-12-2024T07:49:26 - [TEST_STEP][PASSED] - numberOfErrors = numberOfErrors + 1: null

09-12-2024T07:49:26 - [TEST_STEP][PASSED] - Script1718980020443.WriteToExcel(a, typeOfData, todaysDate, pageInt, fileInt, pageDouble, fileDouble, dZO): null

09-12-2024T07:49:26 - [TEST_STEP][PASSED] - sheetName = "Sheet1": null

09-12-2024T07:49:26 - [TEST_STEP][PASSED] - data = findTestData("PlanFact"): null

09-12-2024T07:49:26 - [TEST_STEP][PASSED] - n = data.getRowNumbers() + 1: null

09-12-2024T07:49:26 - [TEST_STEP][PASSED] - year = todaysDate.substring(todaysDate.length() - 4, todaysDate.length()): null

09-12-2024T07:49:26 - [TEST_STEP][PASSED] - y = year.toInteger(): null

09-12-2024T07:49:26 - [TEST_STEP][PASSED] - m = getText(findTestObject("Выполнение бизнес-плана/Период")): Text of object 'Object Repository/Выполнение бизнес-плана/Период' is: '1, 2, 3 кв., Октябрь 2024 года'

09-12-2024T07:49:27 - [MESSAGE][PASSED] - Text of object 'Object Repository/Выполнение бизнес-плана/Период' is: '1, 2, 3 кв., Октябрь 2024 года'

09-12-2024T07:49:27 - [TEST_STEP][PASSED] - m = m.substring(0, m.indexOf("2024")): null

09-12-2024T07:49:27 - [TEST_STEP][PASSED] - m = m.trim(): null

09-12-2024T07:49:27 - [TEST_STEP][PASSED] - dashboardName = "Выполнение бизнес-плана": null

09-12-2024T07:49:27 - [TEST_STEP][PASSED] - workbook01 = getWorkbook(excelFilePath): null

09-12-2024T07:49:27 - [TEST_STEP][PASSED] - sheet01 = getExcelSheet(workbook01, sheetName): null

09-12-2024T07:49:27 - [TEST_STEP][PASSED] - setValueToCellByIndex(sheet01, n, 0, dashboardName): null

09-12-2024T07:49:27 - [TEST_STEP][PASSED] - setValueToCellByIndex(sheet01, n, 1, dZO): null

09-12-2024T07:49:27 - [TEST_STEP][PASSED] - setValueToCellByIndex(sheet01, n, 2, typeOfData): null

09-12-2024T07:49:27 - [TEST_STEP][PASSED] - if (typeOfData == "Факт в процентах" || typeOfData == "План в процентах"): null

09-12-2024T07:49:27 - [TEST_STEP][PASSED] - setValueToCellByIndex(sheet01, n, 3, fileDouble): null

09-12-2024T07:49:27 - [TEST_STEP][PASSED] - setValueToCellByIndex(sheet01, n, 4, pageDouble): null

09-12-2024T07:49:27 - [TEST_STEP][PASSED] - setValueToCellByIndex(sheet01, n, 5, m): null

09-12-2024T07:49:27 - [TEST_STEP][PASSED] - setValueToCellByIndex(sheet01, n, 6, y): null

09-12-2024T07:49:27 - [TEST_STEP][PASSED] - setValueToCellByIndex(sheet01, n, 7, todaysDate): null

09-12-2024T07:49:27 - [TEST_STEP][PASSED] - n = n + 1: null

09-12-2024T07:49:27 - [TEST_STEP][PASSED] - saveWorkbook(excelFilePath, workbook01): null

09-12-2024T07:49:27 - [TEST_STEP][FAILED] - if (verifyEqual(numberOfErrors, 0) == false): null

09-12-2024T07:49:27 - [MESSAGE][FAILED] - Unable to verify equal between actual object '6' and expected object '0' (Root cause: com.kms.katalon.core.exception.StepFailedException: Actual object '6' and expected object '0' are not equal
	at com.kms.katalon.core.keyword.builtin.VerifyEqualKeyword$_verifyEqual_closure1.doCall(VerifyEqualKeyword.groovy:58)
	at com.kms.katalon.core.keyword.builtin.VerifyEqualKeyword$_verifyEqual_closure1.call(VerifyEqualKeyword.groovy)
	at com.kms.katalon.core.keyword.internal.KeywordMain.runKeyword(KeywordMain.groovy:75)
	at com.kms.katalon.core.keyword.builtin.VerifyEqualKeyword.verifyEqual(VerifyEqualKeyword.groovy:63)
	at com.kms.katalon.core.keyword.builtin.VerifyEqualKeyword.execute(VerifyEqualKeyword.groovy:44)
	at com.kms.katalon.core.keyword.internal.KeywordExecutor.executeKeywordForPlatform(KeywordExecutor.groovy:74)
	at com.kms.katalon.core.keyword.BuiltinKeywords.verifyEqual(BuiltinKeywords.groovy:146)
	at java.base/jdk.internal.reflect.NativeMethodAccessorImpl.invoke0(Native Method)
	at java.base/jdk.internal.reflect.NativeMethodAccessorImpl.invoke(NativeMethodAccessorImpl.java:77)
	at java.base/jdk.internal.reflect.DelegatingMethodAccessorImpl.invoke(DelegatingMethodAccessorImpl.java:43)
	at Выполнение бизнес-плана Сверка ПАО Россети все филиалы.Numbers(Выполнение бизнес-плана Сверка ПАО Россети все филиалы:752)
	at Выполнение бизнес-плана Сверка ПАО Россети все филиалы.Filials(Выполнение бизнес-плана Сверка ПАО Россети все филиалы:1135)
	at Выполнение бизнес-плана Сверка ПАО Россети все филиалы.Numbers(Выполнение бизнес-плана Сверка ПАО Россети все филиалы:757)
	at Выполнение бизнес-плана Сверка ПАО Россети все филиалы.run(Выполнение бизнес-плана Сверка ПАО Россети все филиалы:316)
	at com.kms.katalon.core.main.ScriptEngine.run(ScriptEngine.java:194)
	at com.kms.katalon.core.main.ScriptEngine.runScriptAsRawText(ScriptEngine.java:119)
	at com.kms.katalon.core.main.TestCaseExecutor.runScript(TestCaseExecutor.java:448)
	at com.kms.katalon.core.main.TestCaseExecutor.doExecute(TestCaseExecutor.java:439)
	at com.kms.katalon.core.main.TestCaseExecutor.processExecutionPhase(TestCaseExecutor.java:418)
	at com.kms.katalon.core.main.TestCaseExecutor.accessMainPhase(TestCaseExecutor.java:410)
	at com.kms.katalon.core.main.TestCaseExecutor.execute(TestCaseExecutor.java:285)
	at com.kms.katalon.core.common.CommonExecutor.accessTestCaseMainPhase(CommonExecutor.java:65)
	at com.kms.katalon.core.main.TestSuiteExecutor.accessTestSuiteMainPhase(TestSuiteExecutor.java:150)
	at com.kms.katalon.core.main.TestSuiteExecutor.execute(TestSuiteExecutor.java:106)
	at com.kms.katalon.core.main.TestCaseMain.startTestSuite(TestCaseMain.java:180)
	at TempTestSuite1733719229947.run(TempTestSuite1733719229947.groovy:35)
	at java.base/jdk.internal.reflect.NativeMethodAccessorImpl.invoke0(Native Method)
	at java.base/jdk.internal.reflect.NativeMethodAccessorImpl.invoke(NativeMethodAccessorImpl.java:77)
	at java.base/jdk.internal.reflect.DelegatingMethodAccessorImpl.invoke(DelegatingMethodAccessorImpl.java:43)
)

09-12-2024T07:49:27 - [TEST_STEP][PASSED] - println(numberOfErrors): null

09-12-2024T07:49:27 - [TEST_STEP][PASSED] - if (a == 28 || a == 77 || a == 74 || a == 65 || a == 36 || a == 44 || a == 54 || a == 1 || a == 18 || a == 59): null

09-12-2024T07:49:27 - [TEST_STEP][PASSED] - if (a == 82): null

09-12-2024T07:49:27 - [TEST_STEP][PASSED] - dZO = "Ставропольэнерго": null

09-12-2024T07:49:27 - [TEST_STEP][PASSED] - a = 69: null

09-12-2024T07:49:27 - [TEST_STEP][PASSED] - if (x2.contains(dZO)): null

09-12-2024T07:49:27 - [TEST_STEP][PASSED] - filialNum = filialNum + 1: null

09-12-2024T07:49:27 - [TEST_STEP][PASSED] - Script1718980020443.Numbers(a, typeOfData, todaysDate, pageInt, fileInt, pageDouble, fileDouble, dZO, dzoNum, filialNum): null

09-12-2024T07:49:27 - [TEST_STEP][PASSED] - println(dzoNum): null

09-12-2024T07:49:27 - [TEST_STEP][PASSED] - planFact = <not implemented yet for class: org.codehaus.groovy.ast.expr.EmptyExpression>: null

09-12-2024T07:49:27 - [TEST_STEP][PASSED] - page = <not implemented yet for class: org.codehaus.groovy.ast.expr.EmptyExpression>: null

09-12-2024T07:49:27 - [TEST_STEP][PASSED] - page1 = <not implemented yet for class: org.codehaus.groovy.ast.expr.EmptyExpression>: null

09-12-2024T07:49:27 - [TEST_STEP][PASSED] - page2 = <not implemented yet for class: org.codehaus.groovy.ast.expr.EmptyExpression>: null

09-12-2024T07:49:27 - [TEST_STEP][PASSED] - filialNumberInRow = <not implemented yet for class: org.codehaus.groovy.ast.expr.EmptyExpression>: null

09-12-2024T07:49:27 - [TEST_STEP][PASSED] - filialsDzoNames = <not implemented yet for class: org.codehaus.groovy.ast.expr.EmptyExpression>: null

09-12-2024T07:49:27 - [TEST_STEP][PASSED] - numberOfFilials = <not implemented yet for class: org.codehaus.groovy.ast.expr.EmptyExpression>: null

09-12-2024T07:49:27 - [TEST_STEP][PASSED] - numberOfSpaces = <not implemented yet for class: org.codehaus.groovy.ast.expr.EmptyExpression>: null

09-12-2024T07:49:27 - [TEST_STEP][PASSED] - file = <not implemented yet for class: org.codehaus.groovy.ast.expr.EmptyExpression>: null

09-12-2024T07:49:27 - [TEST_STEP][PASSED] - otpusk = <not implemented yet for class: org.codehaus.groovy.ast.expr.EmptyExpression>: null

09-12-2024T07:49:27 - [TEST_STEP][PASSED] - poteri = <not implemented yet for class: org.codehaus.groovy.ast.expr.EmptyExpression>: null

09-12-2024T07:49:27 - [TEST_STEP][PASSED] - dataFolder = "Выполнение бизнес-плана/Значения со страницы Выполнение бизнес-плана/": null

09-12-2024T07:49:27 - [TEST_STEP][PASSED] - path = <not implemented yet for class: org.codehaus.groovy.ast.expr.EmptyExpression>: null

09-12-2024T07:49:27 - [TEST_STEP][PASSED] - typeOfDataMain = <not implemented yet for class: org.codehaus.groovy.ast.expr.EmptyExpression>: null

09-12-2024T07:49:27 - [TEST_STEP][PASSED] - fileOtpuskVSet = <not implemented yet for class: org.codehaus.groovy.ast.expr.EmptyExpression>: null

09-12-2024T07:49:27 - [TEST_STEP][PASSED] - pageOtpuskVSet = <not implemented yet for class: org.codehaus.groovy.ast.expr.EmptyExpression>: null

09-12-2024T07:49:27 - [TEST_STEP][PASSED] - filePoteri = <not implemented yet for class: org.codehaus.groovy.ast.expr.EmptyExpression>: null

09-12-2024T07:49:27 - [TEST_STEP][PASSED] - pagePoteri = <not implemented yet for class: org.codehaus.groovy.ast.expr.EmptyExpression>: null

09-12-2024T07:49:27 - [TEST_STEP][PASSED] - compare = <not implemented yet for class: org.codehaus.groovy.ast.expr.EmptyExpression>: null

09-12-2024T07:49:27 - [TEST_STEP][PASSED] - b = <not implemented yet for class: org.codehaus.groovy.ast.expr.EmptyExpression>: null

09-12-2024T07:49:27 - [TEST_STEP][PASSED] - i = <not implemented yet for class: org.codehaus.groovy.ast.expr.EmptyExpression>: null

09-12-2024T07:49:27 - [TEST_STEP][PASSED] - ii = <not implemented yet for class: org.codehaus.groovy.ast.expr.EmptyExpression>: null

09-12-2024T07:49:27 - [TEST_STEP][PASSED] - c = <not implemented yet for class: org.codehaus.groovy.ast.expr.EmptyExpression>: null

09-12-2024T07:49:27 - [TEST_STEP][PASSED] - numberOfErrors = 0: null

09-12-2024T07:49:27 - [TEST_STEP][PASSED] - if (a == 82): null

09-12-2024T07:49:27 - [TEST_STEP][PASSED] - b = findTestData("PlanFact").getValue(1, a): null

09-12-2024T07:49:27 - [TEST_STEP][PASSED] - i = b.indexOf(" (ГК)"): null

09-12-2024T07:49:27 - [TEST_STEP][PASSED] - if (i > -1): null

09-12-2024T07:49:27 - [TEST_STEP][PASSED] - i = b.indexOf("О ""): null

09-12-2024T07:49:27 - [TEST_STEP][PASSED] - if (i > -1): null

09-12-2024T07:49:27 - [TEST_STEP][PASSED] - i = b.indexOf("О «"): null

09-12-2024T07:49:27 - [TEST_STEP][PASSED] - if (i > -1): null

09-12-2024T07:49:27 - [TEST_STEP][PASSED] - i = b.indexOf("г. "): null

09-12-2024T07:49:27 - [TEST_STEP][PASSED] - if (i > -1): null

09-12-2024T07:49:27 - [TEST_STEP][PASSED] - println(b): null

09-12-2024T07:49:27 - [TEST_STEP][PASSED] - for ([planFact = 1, planFact < 3, (planFact++)]): null

09-12-2024T07:49:27 - [TEST_STEP][PASSED] - if (planFact == 1): null

09-12-2024T07:49:27 - [TEST_STEP][PASSED] - typeOfDataMain = "Факт": null

09-12-2024T07:49:27 - [TEST_STEP][PASSED] - otpusk = findTestData("PlanFact").getValue(5, a): null

09-12-2024T07:49:27 - [TEST_STEP][PASSED] - poteri = findTestData("PlanFact").getValue(6, a): null

09-12-2024T07:49:27 - [TEST_STEP][PASSED] - otpusk = otpusk.replaceAll("\s+", ""): null

09-12-2024T07:49:27 - [TEST_STEP][PASSED] - poteri = poteri.replaceAll("\s+", ""): null

09-12-2024T07:49:27 - [TEST_STEP][PASSED] - typeOfData = typeOfDataMain + " Отпуск в сеть": null

09-12-2024T07:49:27 - [TEST_STEP][PASSED] - if (a == 82): null

09-12-2024T07:49:27 - [TEST_STEP][PASSED] - else if (a == 84): null

09-12-2024T07:49:27 - [TEST_STEP][PASSED] - else if (a == 52 || a == 72 || a == 28 || a == 73 || a == 77 || a == 74 || a == 65 || a == 36 || a == 44 || a == 53 || a == 80 || a == 54 || a == 1 || a == 18 || a == 59 || a == 81): null

09-12-2024T07:49:27 - [TEST_STEP][PASSED] - else: null

09-12-2024T07:49:27 - [TEST_STEP][PASSED] - path = dataFolder + typeOfData + " за отчётный период " + b: null

09-12-2024T07:49:27 - [TEST_STEP][PASSED] - println(path): null

09-12-2024T07:49:27 - [TEST_STEP][PASSED] - page = getText(findTestObject(path)): Text of object 'Object Repository/Выполнение бизнес-плана/Значения со страницы Выполнение бизнес-плана/Факт Отпуск в сеть за отчётный период Ставропольэнерго' is: '6 256 622'

09-12-2024T07:49:28 - [MESSAGE][PASSED] - Text of object 'Object Repository/Выполнение бизнес-плана/Значения со страницы Выполнение бизнес-плана/Факт Отпуск в сеть за отчётный период Ставропольэнерго' is: '6 256 622'

09-12-2024T07:49:28 - [TEST_STEP][PASSED] - page = page.replaceAll("\s+", ""): null

09-12-2024T07:49:28 - [TEST_STEP][PASSED] - fileOtpuskVSet = otpusk.toInteger(): null

09-12-2024T07:49:28 - [TEST_STEP][PASSED] - pageOtpuskVSet = page.toInteger(): null

09-12-2024T07:49:28 - [TEST_STEP][PASSED] - typeOfData = typeOfDataMain + " Потери": null

09-12-2024T07:49:28 - [TEST_STEP][PASSED] - if (a == 82): null

09-12-2024T07:49:28 - [TEST_STEP][PASSED] - else if (a == 84): null

09-12-2024T07:49:28 - [TEST_STEP][PASSED] - else if (a == 52 || a == 72 || a == 28 || a == 73 || a == 77 || a == 74 || a == 65 || a == 36 || a == 44 || a == 53 || a == 80 || a == 54 || a == 1 || a == 18 || a == 59 || a == 81): null

09-12-2024T07:49:28 - [TEST_STEP][PASSED] - else: null

09-12-2024T07:49:28 - [TEST_STEP][PASSED] - path = dataFolder + typeOfData + " за отчётный период " + b: null

09-12-2024T07:49:28 - [TEST_STEP][PASSED] - page = getText(findTestObject(path)): Text of object 'Object Repository/Выполнение бизнес-плана/Значения со страницы Выполнение бизнес-плана/Факт Потери за отчётный период Ставропольэнерго' is: '526 379'

09-12-2024T07:49:28 - [MESSAGE][PASSED] - Text of object 'Object Repository/Выполнение бизнес-плана/Значения со страницы Выполнение бизнес-плана/Факт Потери за отчётный период Ставропольэнерго' is: '526 379'

09-12-2024T07:49:28 - [TEST_STEP][PASSED] - page = page.replaceAll("\s+", ""): null

09-12-2024T07:49:28 - [TEST_STEP][PASSED] - filePoteri = poteri.toInteger(): null

09-12-2024T07:49:28 - [TEST_STEP][PASSED] - pagePoteri = page.toInteger(): null

09-12-2024T07:49:28 - [TEST_STEP][PASSED] - compare = pageOtpuskVSet: null

09-12-2024T07:49:28 - [TEST_STEP][PASSED] - if (compare == fileOtpuskVSet): null

09-12-2024T07:49:28 - [TEST_STEP][PASSED] - else if (compare > fileOtpuskVSet): null

09-12-2024T07:49:28 - [TEST_STEP][PASSED] - else if (compare < fileOtpuskVSet): null

09-12-2024T07:49:28 - [TEST_STEP][PASSED] - compare = compare + 1: null

09-12-2024T07:49:28 - [TEST_STEP][PASSED] - if (compare == fileOtpuskVSet): null

09-12-2024T07:49:28 - [TEST_STEP][PASSED] - else: null

09-12-2024T07:49:28 - [TEST_STEP][PASSED] - numberOfErrors = numberOfErrors + 1: null

09-12-2024T07:49:28 - [TEST_STEP][PASSED] - pageInt = pageOtpuskVSet: null

09-12-2024T07:49:28 - [TEST_STEP][PASSED] - fileInt = fileOtpuskVSet: null

09-12-2024T07:49:28 - [TEST_STEP][PASSED] - typeOfData = typeOfDataMain + " Отпуск в сеть": null

09-12-2024T07:49:28 - [TEST_STEP][PASSED] - Script1718980020443.WriteToExcel(a, typeOfData, todaysDate, pageInt, fileInt, pageDouble, fileDouble, dZO): null

09-12-2024T07:49:28 - [TEST_STEP][PASSED] - sheetName = "Sheet1": null

09-12-2024T07:49:28 - [TEST_STEP][PASSED] - data = findTestData("PlanFact"): null

09-12-2024T07:49:28 - [TEST_STEP][PASSED] - n = data.getRowNumbers() + 1: null

09-12-2024T07:49:28 - [TEST_STEP][PASSED] - year = todaysDate.substring(todaysDate.length() - 4, todaysDate.length()): null

09-12-2024T07:49:28 - [TEST_STEP][PASSED] - y = year.toInteger(): null

09-12-2024T07:49:28 - [TEST_STEP][PASSED] - m = getText(findTestObject("Выполнение бизнес-плана/Период")): Text of object 'Object Repository/Выполнение бизнес-плана/Период' is: '1, 2, 3 кв., Октябрь 2024 года'

09-12-2024T07:49:28 - [MESSAGE][PASSED] - Text of object 'Object Repository/Выполнение бизнес-плана/Период' is: '1, 2, 3 кв., Октябрь 2024 года'

09-12-2024T07:49:28 - [TEST_STEP][PASSED] - m = m.substring(0, m.indexOf("2024")): null

09-12-2024T07:49:28 - [TEST_STEP][PASSED] - m = m.trim(): null

09-12-2024T07:49:28 - [TEST_STEP][PASSED] - dashboardName = "Выполнение бизнес-плана": null

09-12-2024T07:49:28 - [TEST_STEP][PASSED] - workbook01 = getWorkbook(excelFilePath): null

09-12-2024T07:49:28 - [TEST_STEP][PASSED] - sheet01 = getExcelSheet(workbook01, sheetName): null

09-12-2024T07:49:28 - [TEST_STEP][PASSED] - setValueToCellByIndex(sheet01, n, 0, dashboardName): null

09-12-2024T07:49:28 - [TEST_STEP][PASSED] - setValueToCellByIndex(sheet01, n, 1, dZO): null

09-12-2024T07:49:28 - [TEST_STEP][PASSED] - setValueToCellByIndex(sheet01, n, 2, typeOfData): null

09-12-2024T07:49:28 - [TEST_STEP][PASSED] - if (typeOfData == "Факт в процентах" || typeOfData == "План в процентах"): null

09-12-2024T07:49:28 - [TEST_STEP][PASSED] - else: null

09-12-2024T07:49:28 - [TEST_STEP][PASSED] - setValueToCellByIndex(sheet01, n, 3, fileInt): null

09-12-2024T07:49:28 - [TEST_STEP][PASSED] - setValueToCellByIndex(sheet01, n, 4, pageInt): null

09-12-2024T07:49:28 - [TEST_STEP][PASSED] - setValueToCellByIndex(sheet01, n, 5, m): null

09-12-2024T07:49:28 - [TEST_STEP][PASSED] - setValueToCellByIndex(sheet01, n, 6, y): null

09-12-2024T07:49:28 - [TEST_STEP][PASSED] - setValueToCellByIndex(sheet01, n, 7, todaysDate): null

09-12-2024T07:49:28 - [TEST_STEP][PASSED] - n = n + 1: null

09-12-2024T07:49:28 - [TEST_STEP][PASSED] - saveWorkbook(excelFilePath, workbook01): null

09-12-2024T07:49:29 - [TEST_STEP][PASSED] - compare = pagePoteri: null

09-12-2024T07:49:29 - [TEST_STEP][PASSED] - if (compare == filePoteri): null

09-12-2024T07:49:29 - [TEST_STEP][PASSED] - else if (compare > filePoteri): null

09-12-2024T07:49:29 - [TEST_STEP][PASSED] - else if (compare < filePoteri): null

09-12-2024T07:49:29 - [TEST_STEP][PASSED] - compare = compare + 1: null

09-12-2024T07:49:29 - [TEST_STEP][PASSED] - if (compare == filePoteri): null

09-12-2024T07:49:29 - [TEST_STEP][PASSED] - else: null

09-12-2024T07:49:29 - [TEST_STEP][PASSED] - numberOfErrors = numberOfErrors + 1: null

09-12-2024T07:49:29 - [TEST_STEP][PASSED] - pageInt = pagePoteri: null

09-12-2024T07:49:29 - [TEST_STEP][PASSED] - fileInt = filePoteri: null

09-12-2024T07:49:29 - [TEST_STEP][PASSED] - typeOfData = typeOfDataMain + " Потери": null

09-12-2024T07:49:29 - [TEST_STEP][PASSED] - Script1718980020443.WriteToExcel(a, typeOfData, todaysDate, pageInt, fileInt, pageDouble, fileDouble, dZO): null

09-12-2024T07:49:29 - [TEST_STEP][PASSED] - sheetName = "Sheet1": null

09-12-2024T07:49:29 - [TEST_STEP][PASSED] - data = findTestData("PlanFact"): null

09-12-2024T07:49:29 - [TEST_STEP][PASSED] - n = data.getRowNumbers() + 1: null

09-12-2024T07:49:29 - [TEST_STEP][PASSED] - year = todaysDate.substring(todaysDate.length() - 4, todaysDate.length()): null

09-12-2024T07:49:29 - [TEST_STEP][PASSED] - y = year.toInteger(): null

09-12-2024T07:49:29 - [TEST_STEP][PASSED] - m = getText(findTestObject("Выполнение бизнес-плана/Период")): Text of object 'Object Repository/Выполнение бизнес-плана/Период' is: '1, 2, 3 кв., Октябрь 2024 года'

09-12-2024T07:49:29 - [MESSAGE][PASSED] - Text of object 'Object Repository/Выполнение бизнес-плана/Период' is: '1, 2, 3 кв., Октябрь 2024 года'

09-12-2024T07:49:29 - [TEST_STEP][PASSED] - m = m.substring(0, m.indexOf("2024")): null

09-12-2024T07:49:29 - [TEST_STEP][PASSED] - m = m.trim(): null

09-12-2024T07:49:29 - [TEST_STEP][PASSED] - dashboardName = "Выполнение бизнес-плана": null

09-12-2024T07:49:29 - [TEST_STEP][PASSED] - workbook01 = getWorkbook(excelFilePath): null

09-12-2024T07:49:29 - [TEST_STEP][PASSED] - sheet01 = getExcelSheet(workbook01, sheetName): null

09-12-2024T07:49:29 - [TEST_STEP][PASSED] - setValueToCellByIndex(sheet01, n, 0, dashboardName): null

09-12-2024T07:49:29 - [TEST_STEP][PASSED] - setValueToCellByIndex(sheet01, n, 1, dZO): null

09-12-2024T07:49:29 - [TEST_STEP][PASSED] - setValueToCellByIndex(sheet01, n, 2, typeOfData): null

09-12-2024T07:49:29 - [TEST_STEP][PASSED] - if (typeOfData == "Факт в процентах" || typeOfData == "План в процентах"): null

09-12-2024T07:49:29 - [TEST_STEP][PASSED] - else: null

09-12-2024T07:49:29 - [TEST_STEP][PASSED] - setValueToCellByIndex(sheet01, n, 3, fileInt): null

09-12-2024T07:49:29 - [TEST_STEP][PASSED] - setValueToCellByIndex(sheet01, n, 4, pageInt): null

09-12-2024T07:49:29 - [TEST_STEP][PASSED] - setValueToCellByIndex(sheet01, n, 5, m): null

09-12-2024T07:49:29 - [TEST_STEP][PASSED] - setValueToCellByIndex(sheet01, n, 6, y): null

09-12-2024T07:49:29 - [TEST_STEP][PASSED] - setValueToCellByIndex(sheet01, n, 7, todaysDate): null

09-12-2024T07:49:29 - [TEST_STEP][PASSED] - n = n + 1: null

09-12-2024T07:49:29 - [TEST_STEP][PASSED] - saveWorkbook(excelFilePath, workbook01): null

09-12-2024T07:49:29 - [TEST_STEP][PASSED] - if (planFact == 2): null

09-12-2024T07:49:29 - [TEST_STEP][PASSED] - if (planFact == 1): null

09-12-2024T07:49:29 - [TEST_STEP][PASSED] - else if (planFact == 2): null

09-12-2024T07:49:29 - [TEST_STEP][PASSED] - click(findTestObject("Выполнение бизнес-плана/Кнопка План")): Object: 'Object Repository/Выполнение бизнес-плана/Кнопка План' is clicked on

09-12-2024T07:49:30 - [MESSAGE][PASSED] - Object: 'Object Repository/Выполнение бизнес-плана/Кнопка План' is clicked on

09-12-2024T07:49:30 - [TEST_STEP][PASSED] - typeOfDataMain = "План": null

09-12-2024T07:49:30 - [TEST_STEP][PASSED] - otpusk = findTestData("PlanFact").getValue(2, a): null

09-12-2024T07:49:30 - [TEST_STEP][PASSED] - poteri = findTestData("PlanFact").getValue(3, a): null

09-12-2024T07:49:30 - [TEST_STEP][PASSED] - otpusk = otpusk.replaceAll("\s+", ""): null

09-12-2024T07:49:30 - [TEST_STEP][PASSED] - poteri = poteri.replaceAll("\s+", ""): null

09-12-2024T07:49:30 - [TEST_STEP][PASSED] - typeOfData = typeOfDataMain + " Отпуск в сеть": null

09-12-2024T07:49:30 - [TEST_STEP][PASSED] - if (a == 82): null

09-12-2024T07:49:30 - [TEST_STEP][PASSED] - else if (a == 84): null

09-12-2024T07:49:30 - [TEST_STEP][PASSED] - else if (a == 52 || a == 72 || a == 28 || a == 73 || a == 77 || a == 74 || a == 65 || a == 36 || a == 44 || a == 53 || a == 80 || a == 54 || a == 1 || a == 18 || a == 59 || a == 81): null

09-12-2024T07:49:30 - [TEST_STEP][PASSED] - else: null

09-12-2024T07:49:30 - [TEST_STEP][PASSED] - path = dataFolder + typeOfData + " за отчётный период " + b: null

09-12-2024T07:49:30 - [TEST_STEP][PASSED] - println(path): null

09-12-2024T07:49:30 - [TEST_STEP][PASSED] - page = getText(findTestObject(path)): Text of object 'Object Repository/Выполнение бизнес-плана/Значения со страницы Выполнение бизнес-плана/План Отпуск в сеть за отчётный период Ставропольэнерго' is: '5 926 135'

09-12-2024T07:49:30 - [MESSAGE][PASSED] - Text of object 'Object Repository/Выполнение бизнес-плана/Значения со страницы Выполнение бизнес-плана/План Отпуск в сеть за отчётный период Ставропольэнерго' is: '5 926 135'

09-12-2024T07:49:30 - [TEST_STEP][PASSED] - page = page.replaceAll("\s+", ""): null

09-12-2024T07:49:30 - [TEST_STEP][PASSED] - fileOtpuskVSet = otpusk.toInteger(): null

09-12-2024T07:49:30 - [TEST_STEP][PASSED] - pageOtpuskVSet = page.toInteger(): null

09-12-2024T07:49:30 - [TEST_STEP][PASSED] - typeOfData = typeOfDataMain + " Потери": null

09-12-2024T07:49:30 - [TEST_STEP][PASSED] - if (a == 82): null

09-12-2024T07:49:30 - [TEST_STEP][PASSED] - else if (a == 84): null

09-12-2024T07:49:30 - [TEST_STEP][PASSED] - else if (a == 52 || a == 72 || a == 28 || a == 73 || a == 77 || a == 74 || a == 65 || a == 36 || a == 44 || a == 53 || a == 80 || a == 54 || a == 1 || a == 18 || a == 59 || a == 81): null

09-12-2024T07:49:30 - [TEST_STEP][PASSED] - else: null

09-12-2024T07:49:30 - [TEST_STEP][PASSED] - path = dataFolder + typeOfData + " за отчётный период " + b: null

09-12-2024T07:49:30 - [TEST_STEP][PASSED] - page = getText(findTestObject(path)): Text of object 'Object Repository/Выполнение бизнес-плана/Значения со страницы Выполнение бизнес-плана/План Потери за отчётный период Ставропольэнерго' is: '497 688'

09-12-2024T07:49:30 - [MESSAGE][PASSED] - Text of object 'Object Repository/Выполнение бизнес-плана/Значения со страницы Выполнение бизнес-плана/План Потери за отчётный период Ставропольэнерго' is: '497 688'

09-12-2024T07:49:30 - [TEST_STEP][PASSED] - page = page.replaceAll("\s+", ""): null

09-12-2024T07:49:30 - [TEST_STEP][PASSED] - filePoteri = poteri.toInteger(): null

09-12-2024T07:49:30 - [TEST_STEP][PASSED] - pagePoteri = page.toInteger(): null

09-12-2024T07:49:30 - [TEST_STEP][PASSED] - compare = pageOtpuskVSet: null

09-12-2024T07:49:30 - [TEST_STEP][PASSED] - if (compare == fileOtpuskVSet): null

09-12-2024T07:49:30 - [TEST_STEP][PASSED] - else if (compare > fileOtpuskVSet): null

09-12-2024T07:49:30 - [TEST_STEP][PASSED] - else if (compare < fileOtpuskVSet): null

09-12-2024T07:49:30 - [TEST_STEP][PASSED] - compare = compare + 1: null

09-12-2024T07:49:30 - [TEST_STEP][PASSED] - if (compare == fileOtpuskVSet): null

09-12-2024T07:49:30 - [TEST_STEP][PASSED] - else: null

09-12-2024T07:49:30 - [TEST_STEP][PASSED] - numberOfErrors = numberOfErrors + 1: null

09-12-2024T07:49:30 - [TEST_STEP][PASSED] - pageInt = pageOtpuskVSet: null

09-12-2024T07:49:30 - [TEST_STEP][PASSED] - fileInt = fileOtpuskVSet: null

09-12-2024T07:49:30 - [TEST_STEP][PASSED] - typeOfData = typeOfDataMain + " Отпуск в сеть": null

09-12-2024T07:49:30 - [TEST_STEP][PASSED] - Script1718980020443.WriteToExcel(a, typeOfData, todaysDate, pageInt, fileInt, pageDouble, fileDouble, dZO): null

09-12-2024T07:49:30 - [TEST_STEP][PASSED] - sheetName = "Sheet1": null

09-12-2024T07:49:30 - [TEST_STEP][PASSED] - data = findTestData("PlanFact"): null

09-12-2024T07:49:30 - [TEST_STEP][PASSED] - n = data.getRowNumbers() + 1: null

09-12-2024T07:49:30 - [TEST_STEP][PASSED] - year = todaysDate.substring(todaysDate.length() - 4, todaysDate.length()): null

09-12-2024T07:49:30 - [TEST_STEP][PASSED] - y = year.toInteger(): null

09-12-2024T07:49:30 - [TEST_STEP][PASSED] - m = getText(findTestObject("Выполнение бизнес-плана/Период")): Text of object 'Object Repository/Выполнение бизнес-плана/Период' is: '1, 2, 3 кв., Октябрь 2024 года'

09-12-2024T07:49:31 - [MESSAGE][PASSED] - Text of object 'Object Repository/Выполнение бизнес-плана/Период' is: '1, 2, 3 кв., Октябрь 2024 года'

09-12-2024T07:49:31 - [TEST_STEP][PASSED] - m = m.substring(0, m.indexOf("2024")): null

09-12-2024T07:49:31 - [TEST_STEP][PASSED] - m = m.trim(): null

09-12-2024T07:49:31 - [TEST_STEP][PASSED] - dashboardName = "Выполнение бизнес-плана": null

09-12-2024T07:49:31 - [TEST_STEP][PASSED] - workbook01 = getWorkbook(excelFilePath): null

09-12-2024T07:49:31 - [TEST_STEP][PASSED] - sheet01 = getExcelSheet(workbook01, sheetName): null

09-12-2024T07:49:31 - [TEST_STEP][PASSED] - setValueToCellByIndex(sheet01, n, 0, dashboardName): null

09-12-2024T07:49:31 - [TEST_STEP][PASSED] - setValueToCellByIndex(sheet01, n, 1, dZO): null

09-12-2024T07:49:31 - [TEST_STEP][PASSED] - setValueToCellByIndex(sheet01, n, 2, typeOfData): null

09-12-2024T07:49:31 - [TEST_STEP][PASSED] - if (typeOfData == "Факт в процентах" || typeOfData == "План в процентах"): null

09-12-2024T07:49:31 - [TEST_STEP][PASSED] - else: null

09-12-2024T07:49:31 - [TEST_STEP][PASSED] - setValueToCellByIndex(sheet01, n, 3, fileInt): null

09-12-2024T07:49:31 - [TEST_STEP][PASSED] - setValueToCellByIndex(sheet01, n, 4, pageInt): null

09-12-2024T07:49:31 - [TEST_STEP][PASSED] - setValueToCellByIndex(sheet01, n, 5, m): null

09-12-2024T07:49:31 - [TEST_STEP][PASSED] - setValueToCellByIndex(sheet01, n, 6, y): null

09-12-2024T07:49:31 - [TEST_STEP][PASSED] - setValueToCellByIndex(sheet01, n, 7, todaysDate): null

09-12-2024T07:49:31 - [TEST_STEP][PASSED] - n = n + 1: null

09-12-2024T07:49:31 - [TEST_STEP][PASSED] - saveWorkbook(excelFilePath, workbook01): null

09-12-2024T07:49:31 - [TEST_STEP][PASSED] - compare = pagePoteri: null

09-12-2024T07:49:31 - [TEST_STEP][PASSED] - if (compare == filePoteri): null

09-12-2024T07:49:31 - [TEST_STEP][PASSED] - else if (compare > filePoteri): null

09-12-2024T07:49:31 - [TEST_STEP][PASSED] - else if (compare < filePoteri): null

09-12-2024T07:49:31 - [TEST_STEP][PASSED] - compare = compare + 1: null

09-12-2024T07:49:31 - [TEST_STEP][PASSED] - if (compare == filePoteri): null

09-12-2024T07:49:31 - [TEST_STEP][PASSED] - else: null

09-12-2024T07:49:31 - [TEST_STEP][PASSED] - numberOfErrors = numberOfErrors + 1: null

09-12-2024T07:49:31 - [TEST_STEP][PASSED] - pageInt = pagePoteri: null

09-12-2024T07:49:31 - [TEST_STEP][PASSED] - fileInt = filePoteri: null

09-12-2024T07:49:31 - [TEST_STEP][PASSED] - typeOfData = typeOfDataMain + " Потери": null

09-12-2024T07:49:31 - [TEST_STEP][PASSED] - Script1718980020443.WriteToExcel(a, typeOfData, todaysDate, pageInt, fileInt, pageDouble, fileDouble, dZO): null

09-12-2024T07:49:31 - [TEST_STEP][PASSED] - sheetName = "Sheet1": null

09-12-2024T07:49:31 - [TEST_STEP][PASSED] - data = findTestData("PlanFact"): null

09-12-2024T07:49:31 - [TEST_STEP][PASSED] - n = data.getRowNumbers() + 1: null

09-12-2024T07:49:31 - [TEST_STEP][PASSED] - year = todaysDate.substring(todaysDate.length() - 4, todaysDate.length()): null

09-12-2024T07:49:31 - [TEST_STEP][PASSED] - y = year.toInteger(): null

09-12-2024T07:49:31 - [TEST_STEP][PASSED] - m = getText(findTestObject("Выполнение бизнес-плана/Период")): Text of object 'Object Repository/Выполнение бизнес-плана/Период' is: '1, 2, 3 кв., Октябрь 2024 года'

09-12-2024T07:49:31 - [MESSAGE][PASSED] - Text of object 'Object Repository/Выполнение бизнес-плана/Период' is: '1, 2, 3 кв., Октябрь 2024 года'

09-12-2024T07:49:31 - [TEST_STEP][PASSED] - m = m.substring(0, m.indexOf("2024")): null

09-12-2024T07:49:31 - [TEST_STEP][PASSED] - m = m.trim(): null

09-12-2024T07:49:31 - [TEST_STEP][PASSED] - dashboardName = "Выполнение бизнес-плана": null

09-12-2024T07:49:31 - [TEST_STEP][PASSED] - workbook01 = getWorkbook(excelFilePath): null

09-12-2024T07:49:32 - [TEST_STEP][PASSED] - sheet01 = getExcelSheet(workbook01, sheetName): null

09-12-2024T07:49:32 - [TEST_STEP][PASSED] - setValueToCellByIndex(sheet01, n, 0, dashboardName): null

09-12-2024T07:49:32 - [TEST_STEP][PASSED] - setValueToCellByIndex(sheet01, n, 1, dZO): null

09-12-2024T07:49:32 - [TEST_STEP][PASSED] - setValueToCellByIndex(sheet01, n, 2, typeOfData): null

09-12-2024T07:49:32 - [TEST_STEP][PASSED] - if (typeOfData == "Факт в процентах" || typeOfData == "План в процентах"): null

09-12-2024T07:49:32 - [TEST_STEP][PASSED] - else: null

09-12-2024T07:49:32 - [TEST_STEP][PASSED] - setValueToCellByIndex(sheet01, n, 3, fileInt): null

09-12-2024T07:49:32 - [TEST_STEP][PASSED] - setValueToCellByIndex(sheet01, n, 4, pageInt): null

09-12-2024T07:49:32 - [TEST_STEP][PASSED] - setValueToCellByIndex(sheet01, n, 5, m): null

09-12-2024T07:49:32 - [TEST_STEP][PASSED] - setValueToCellByIndex(sheet01, n, 6, y): null

09-12-2024T07:49:32 - [TEST_STEP][PASSED] - setValueToCellByIndex(sheet01, n, 7, todaysDate): null

09-12-2024T07:49:32 - [TEST_STEP][PASSED] - n = n + 1: null

09-12-2024T07:49:32 - [TEST_STEP][PASSED] - saveWorkbook(excelFilePath, workbook01): Object: 'Object Repository/Выполнение бизнес-плана/Кнопка Факт' is clicked on

09-12-2024T07:49:32 - [TEST_STEP][PASSED] - if (planFact == 2): Object: 'Object Repository/Выполнение бизнес-плана/Кнопка Факт' is clicked on

09-12-2024T07:49:32 - [TEST_STEP][PASSED] - click(findTestObject("Выполнение бизнес-плана/Кнопка Факт")): Object: 'Object Repository/Выполнение бизнес-плана/Кнопка Факт' is clicked on

09-12-2024T07:49:32 - [MESSAGE][PASSED] - Object: 'Object Repository/Выполнение бизнес-плана/Кнопка Факт' is clicked on

09-12-2024T07:49:32 - [TEST_STEP][PASSED] - if (a == 84 || a == 82): null

09-12-2024T07:49:32 - [TEST_STEP][PASSED] - else if (a == 52 || a == 72 || a == 28 || a == 73 || a == 77 || a == 74 || a == 65 || a == 36 || a == 44 || a == 53 || a == 80 || a == 54 || a == 1 || a == 18 || a == 59 || a == 81): null

09-12-2024T07:49:32 - [TEST_STEP][PASSED] - else: null

09-12-2024T07:49:32 - [TEST_STEP][PASSED] - page1 = getText(findTestObject("Object Repository/Выполнение бизнес-плана/spanPlan" + filialNum)): Text of object 'Object Repository/Выполнение бизнес-плана/spanPlan6' is: '8.40
|'

09-12-2024T07:49:32 - [MESSAGE][PASSED] - Text of object 'Object Repository/Выполнение бизнес-плана/spanPlan6' is: '8.40
|'

09-12-2024T07:49:32 - [TEST_STEP][PASSED] - page1 = page1.replace("|", ""): null

09-12-2024T07:49:32 - [TEST_STEP][PASSED] - page2 = getText(findTestObject("Object Repository/Выполнение бизнес-плана/spanFact" + filialNum)): Text of object 'Object Repository/Выполнение бизнес-плана/spanFact6' is: '8.41
|'

09-12-2024T07:49:33 - [MESSAGE][PASSED] - Text of object 'Object Repository/Выполнение бизнес-плана/spanFact6' is: '8.41
|'

09-12-2024T07:49:33 - [TEST_STEP][PASSED] - page2 = page2.replace("|", ""): null

09-12-2024T07:49:33 - [TEST_STEP][PASSED] - println("page1: " + page1): null

09-12-2024T07:49:33 - [TEST_STEP][PASSED] - println("page2: " + page2): null

09-12-2024T07:49:33 - [TEST_STEP][PASSED] - file = findTestData("PlanFact").getValue(4, a): null

09-12-2024T07:49:33 - [TEST_STEP][PASSED] - file = file.replace(",", "."): null

09-12-2024T07:49:33 - [TEST_STEP][PASSED] - println("file Plan: " + file): null

09-12-2024T07:49:33 - [TEST_STEP][PASSED] - typeOfData = "План в процентах": null

09-12-2024T07:49:33 - [TEST_STEP][PASSED] - fileDouble = file.toDouble(): null

09-12-2024T07:49:33 - [TEST_STEP][PASSED] - pageDouble = page1.toDouble(): null

09-12-2024T07:49:33 - [TEST_STEP][PASSED] - if (fileDouble != pageDouble): null

09-12-2024T07:49:33 - [TEST_STEP][PASSED] - numberOfErrors = numberOfErrors + 1: null

09-12-2024T07:49:33 - [TEST_STEP][PASSED] - Script1718980020443.WriteToExcel(a, typeOfData, todaysDate, pageInt, fileInt, pageDouble, fileDouble, dZO): null

09-12-2024T07:49:33 - [TEST_STEP][PASSED] - sheetName = "Sheet1": null

09-12-2024T07:49:33 - [TEST_STEP][PASSED] - data = findTestData("PlanFact"): null

09-12-2024T07:49:33 - [TEST_STEP][PASSED] - n = data.getRowNumbers() + 1: null

09-12-2024T07:49:33 - [TEST_STEP][PASSED] - year = todaysDate.substring(todaysDate.length() - 4, todaysDate.length()): null

09-12-2024T07:49:33 - [TEST_STEP][PASSED] - y = year.toInteger(): null

09-12-2024T07:49:33 - [TEST_STEP][PASSED] - m = getText(findTestObject("Выполнение бизнес-плана/Период")): Text of object 'Object Repository/Выполнение бизнес-плана/Период' is: '1, 2, 3 кв., Октябрь 2024 года'

09-12-2024T07:49:33 - [MESSAGE][PASSED] - Text of object 'Object Repository/Выполнение бизнес-плана/Период' is: '1, 2, 3 кв., Октябрь 2024 года'

09-12-2024T07:49:33 - [TEST_STEP][PASSED] - m = m.substring(0, m.indexOf("2024")): null

09-12-2024T07:49:33 - [TEST_STEP][PASSED] - m = m.trim(): null

09-12-2024T07:49:33 - [TEST_STEP][PASSED] - dashboardName = "Выполнение бизнес-плана": null

09-12-2024T07:49:33 - [TEST_STEP][PASSED] - workbook01 = getWorkbook(excelFilePath): null

09-12-2024T07:49:33 - [TEST_STEP][PASSED] - sheet01 = getExcelSheet(workbook01, sheetName): null

09-12-2024T07:49:33 - [TEST_STEP][PASSED] - setValueToCellByIndex(sheet01, n, 0, dashboardName): null

09-12-2024T07:49:33 - [TEST_STEP][PASSED] - setValueToCellByIndex(sheet01, n, 1, dZO): null

09-12-2024T07:49:33 - [TEST_STEP][PASSED] - setValueToCellByIndex(sheet01, n, 2, typeOfData): null

09-12-2024T07:49:33 - [TEST_STEP][PASSED] - if (typeOfData == "Факт в процентах" || typeOfData == "План в процентах"): null

09-12-2024T07:49:33 - [TEST_STEP][PASSED] - setValueToCellByIndex(sheet01, n, 3, fileDouble): null

09-12-2024T07:49:33 - [TEST_STEP][PASSED] - setValueToCellByIndex(sheet01, n, 4, pageDouble): null

09-12-2024T07:49:33 - [TEST_STEP][PASSED] - setValueToCellByIndex(sheet01, n, 5, m): null

09-12-2024T07:49:33 - [TEST_STEP][PASSED] - setValueToCellByIndex(sheet01, n, 6, y): null

09-12-2024T07:49:33 - [TEST_STEP][PASSED] - setValueToCellByIndex(sheet01, n, 7, todaysDate): null

09-12-2024T07:49:33 - [TEST_STEP][PASSED] - n = n + 1: null

09-12-2024T07:49:33 - [TEST_STEP][PASSED] - saveWorkbook(excelFilePath, workbook01): null

09-12-2024T07:49:34 - [TEST_STEP][PASSED] - file = findTestData("PlanFact").getValue(7, a): null

09-12-2024T07:49:34 - [TEST_STEP][PASSED] - file = file.replace(",", "."): null

09-12-2024T07:49:34 - [TEST_STEP][PASSED] - println("file Fact: " + file): null

09-12-2024T07:49:34 - [TEST_STEP][PASSED] - fileDouble = file.toDouble(): null

09-12-2024T07:49:34 - [TEST_STEP][PASSED] - typeOfData = "Факт в процентах": null

09-12-2024T07:49:34 - [TEST_STEP][PASSED] - fileDouble = file.toDouble(): null

09-12-2024T07:49:34 - [TEST_STEP][PASSED] - pageDouble = page2.toDouble(): null

09-12-2024T07:49:34 - [TEST_STEP][PASSED] - if (fileDouble != pageDouble): null

09-12-2024T07:49:34 - [TEST_STEP][PASSED] - numberOfErrors = numberOfErrors + 1: null

09-12-2024T07:49:34 - [TEST_STEP][PASSED] - Script1718980020443.WriteToExcel(a, typeOfData, todaysDate, pageInt, fileInt, pageDouble, fileDouble, dZO): null

09-12-2024T07:49:34 - [TEST_STEP][PASSED] - sheetName = "Sheet1": null

09-12-2024T07:49:34 - [TEST_STEP][PASSED] - data = findTestData("PlanFact"): null

09-12-2024T07:49:34 - [TEST_STEP][PASSED] - n = data.getRowNumbers() + 1: null

09-12-2024T07:49:34 - [TEST_STEP][PASSED] - year = todaysDate.substring(todaysDate.length() - 4, todaysDate.length()): null

09-12-2024T07:49:34 - [TEST_STEP][PASSED] - y = year.toInteger(): null

09-12-2024T07:49:34 - [TEST_STEP][PASSED] - m = getText(findTestObject("Выполнение бизнес-плана/Период")): Text of object 'Object Repository/Выполнение бизнес-плана/Период' is: '1, 2, 3 кв., Октябрь 2024 года'

09-12-2024T07:49:34 - [MESSAGE][PASSED] - Text of object 'Object Repository/Выполнение бизнес-плана/Период' is: '1, 2, 3 кв., Октябрь 2024 года'

09-12-2024T07:49:34 - [TEST_STEP][PASSED] - m = m.substring(0, m.indexOf("2024")): null

09-12-2024T07:49:34 - [TEST_STEP][PASSED] - m = m.trim(): null

09-12-2024T07:49:34 - [TEST_STEP][PASSED] - dashboardName = "Выполнение бизнес-плана": null

09-12-2024T07:49:34 - [TEST_STEP][PASSED] - workbook01 = getWorkbook(excelFilePath): null

09-12-2024T07:49:34 - [TEST_STEP][PASSED] - sheet01 = getExcelSheet(workbook01, sheetName): null

09-12-2024T07:49:34 - [TEST_STEP][PASSED] - setValueToCellByIndex(sheet01, n, 0, dashboardName): null

09-12-2024T07:49:34 - [TEST_STEP][PASSED] - setValueToCellByIndex(sheet01, n, 1, dZO): null

09-12-2024T07:49:34 - [TEST_STEP][PASSED] - setValueToCellByIndex(sheet01, n, 2, typeOfData): null

09-12-2024T07:49:34 - [TEST_STEP][PASSED] - if (typeOfData == "Факт в процентах" || typeOfData == "План в процентах"): null

09-12-2024T07:49:34 - [TEST_STEP][PASSED] - setValueToCellByIndex(sheet01, n, 3, fileDouble): null

09-12-2024T07:49:34 - [TEST_STEP][PASSED] - setValueToCellByIndex(sheet01, n, 4, pageDouble): null

09-12-2024T07:49:34 - [TEST_STEP][PASSED] - setValueToCellByIndex(sheet01, n, 5, m): null

09-12-2024T07:49:34 - [TEST_STEP][PASSED] - setValueToCellByIndex(sheet01, n, 6, y): null

09-12-2024T07:49:34 - [TEST_STEP][PASSED] - setValueToCellByIndex(sheet01, n, 7, todaysDate): null

09-12-2024T07:49:34 - [TEST_STEP][PASSED] - n = n + 1: null

09-12-2024T07:49:34 - [TEST_STEP][PASSED] - saveWorkbook(excelFilePath, workbook01): null

09-12-2024T07:49:34 - [TEST_STEP][FAILED] - if (verifyEqual(numberOfErrors, 0) == false): null

09-12-2024T07:49:34 - [MESSAGE][FAILED] - Unable to verify equal between actual object '6' and expected object '0' (Root cause: com.kms.katalon.core.exception.StepFailedException: Actual object '6' and expected object '0' are not equal
	at com.kms.katalon.core.keyword.builtin.VerifyEqualKeyword$_verifyEqual_closure1.doCall(VerifyEqualKeyword.groovy:58)
	at com.kms.katalon.core.keyword.builtin.VerifyEqualKeyword$_verifyEqual_closure1.call(VerifyEqualKeyword.groovy)
	at com.kms.katalon.core.keyword.internal.KeywordMain.runKeyword(KeywordMain.groovy:75)
	at com.kms.katalon.core.keyword.builtin.VerifyEqualKeyword.verifyEqual(VerifyEqualKeyword.groovy:63)
	at com.kms.katalon.core.keyword.builtin.VerifyEqualKeyword.execute(VerifyEqualKeyword.groovy:44)
	at com.kms.katalon.core.keyword.internal.KeywordExecutor.executeKeywordForPlatform(KeywordExecutor.groovy:74)
	at com.kms.katalon.core.keyword.BuiltinKeywords.verifyEqual(BuiltinKeywords.groovy:146)
	at java.base/jdk.internal.reflect.NativeMethodAccessorImpl.invoke0(Native Method)
	at java.base/jdk.internal.reflect.NativeMethodAccessorImpl.invoke(NativeMethodAccessorImpl.java:77)
	at java.base/jdk.internal.reflect.DelegatingMethodAccessorImpl.invoke(DelegatingMethodAccessorImpl.java:43)
	at Выполнение бизнес-плана Сверка ПАО Россети все филиалы.Numbers(Выполнение бизнес-плана Сверка ПАО Россети все филиалы:752)
	at Выполнение бизнес-плана Сверка ПАО Россети все филиалы.Filials(Выполнение бизнес-плана Сверка ПАО Россети все филиалы:1147)
	at Выполнение бизнес-плана Сверка ПАО Россети все филиалы.Numbers(Выполнение бизнес-плана Сверка ПАО Россети все филиалы:757)
	at Выполнение бизнес-плана Сверка ПАО Россети все филиалы.run(Выполнение бизнес-плана Сверка ПАО Россети все филиалы:316)
	at com.kms.katalon.core.main.ScriptEngine.run(ScriptEngine.java:194)
	at com.kms.katalon.core.main.ScriptEngine.runScriptAsRawText(ScriptEngine.java:119)
	at com.kms.katalon.core.main.TestCaseExecutor.runScript(TestCaseExecutor.java:448)
	at com.kms.katalon.core.main.TestCaseExecutor.doExecute(TestCaseExecutor.java:439)
	at com.kms.katalon.core.main.TestCaseExecutor.processExecutionPhase(TestCaseExecutor.java:418)
	at com.kms.katalon.core.main.TestCaseExecutor.accessMainPhase(TestCaseExecutor.java:410)
	at com.kms.katalon.core.main.TestCaseExecutor.execute(TestCaseExecutor.java:285)
	at com.kms.katalon.core.common.CommonExecutor.accessTestCaseMainPhase(CommonExecutor.java:65)
	at com.kms.katalon.core.main.TestSuiteExecutor.accessTestSuiteMainPhase(TestSuiteExecutor.java:150)
	at com.kms.katalon.core.main.TestSuiteExecutor.execute(TestSuiteExecutor.java:106)
	at com.kms.katalon.core.main.TestCaseMain.startTestSuite(TestCaseMain.java:180)
	at TempTestSuite1733719229947.run(TempTestSuite1733719229947.groovy:35)
	at java.base/jdk.internal.reflect.NativeMethodAccessorImpl.invoke0(Native Method)
	at java.base/jdk.internal.reflect.NativeMethodAccessorImpl.invoke(NativeMethodAccessorImpl.java:77)
	at java.base/jdk.internal.reflect.DelegatingMethodAccessorImpl.invoke(DelegatingMethodAccessorImpl.java:43)
)

09-12-2024T07:49:34 - [TEST_STEP][PASSED] - println(numberOfErrors): null

09-12-2024T07:49:34 - [TEST_STEP][PASSED] - if (a == 28 || a == 77 || a == 74 || a == 65 || a == 36 || a == 44 || a == 54 || a == 1 || a == 18 || a == 59): null

09-12-2024T07:49:34 - [TEST_STEP][PASSED] - if (a == 82): null

09-12-2024T07:49:34 - [TEST_STEP][PASSED] - filialNum = 0: null

09-12-2024T07:49:34 - [TEST_STEP][PASSED] - if (a == 1): null

09-12-2024T07:49:34 - [TEST_STEP][PASSED] - if (a == 18): null

09-12-2024T07:49:34 - [TEST_STEP][PASSED] - if (a == 36): null

09-12-2024T07:49:34 - [TEST_STEP][PASSED] - if (a == 44): null

09-12-2024T07:49:34 - [TEST_STEP][PASSED] - if (a == 54): null

09-12-2024T07:49:34 - [TEST_STEP][PASSED] - if (a == 59): null

09-12-2024T07:49:34 - [TEST_STEP][PASSED] - Script1718980020443.OpenFilter(): null

09-12-2024T07:49:34 - [TEST_STEP][PASSED] - click(findTestObject("Object Repository/Выполнение бизнес-плана/Фильтр ДЗО")): Object: 'Object Repository/Выполнение бизнес-плана/Фильтр ДЗО' is clicked on

09-12-2024T07:49:35 - [MESSAGE][PASSED] - Object: 'Object Repository/Выполнение бизнес-плана/Фильтр ДЗО' is clicked on

09-12-2024T07:49:35 - [TEST_STEP][PASSED] - click(findTestObject("Выполнение бизнес-плана/Снять выделение в фильтре ДЗО")): Object: 'Object Repository/Выполнение бизнес-плана/Снять выделение в фильтре ДЗО' is clicked on

09-12-2024T07:49:35 - [MESSAGE][PASSED] - Object: 'Object Repository/Выполнение бизнес-плана/Снять выделение в фильтре ДЗО' is clicked on

09-12-2024T07:49:35 - [TEST_STEP][PASSED] - Script1718980020443.CloseFilter(): null

09-12-2024T07:49:35 - [TEST_STEP][PASSED] - scrollToElement(findTestObject("Выполнение бизнес-плана/Заголовок дашборда"), 30): Scroll to object 'Object Repository/Выполнение бизнес-плана/Заголовок дашборда' successfully

09-12-2024T07:49:36 - [MESSAGE][PASSED] - Scroll to object 'Object Repository/Выполнение бизнес-плана/Заголовок дашборда' successfully

09-12-2024T07:49:36 - [TEST_STEP][PASSED] - click(findTestObject("Object Repository/Выполнение бизнес-плана/Применить в фильтре ДЗО")): Object: 'Object Repository/Выполнение бизнес-плана/Применить в фильтре ДЗО' is clicked on

09-12-2024T07:49:37 - [MESSAGE][PASSED] - Object: 'Object Repository/Выполнение бизнес-плана/Применить в фильтре ДЗО' is clicked on

09-12-2024T07:49:37 - [TEST_STEP][PASSED] - if (a == 82): null

09-12-2024T07:49:37 - [TEST_STEP][PASSED] - println(dzoNum): null

09-12-2024T07:49:37 - [TEST_STEP][PASSED] - dZO = "Россети Северо-Запад": null

09-12-2024T07:49:37 - [TEST_STEP][PASSED] - a = 36: null

09-12-2024T07:49:37 - [TEST_STEP][PASSED] - if (x1.contains(dZO)): null

09-12-2024T07:49:37 - [TEST_STEP][PASSED] - else: null

09-12-2024T07:49:37 - [TEST_STEP][PASSED] - Script1718980020443.NoData(a, typeOfData, todaysDate, fileInt, fileDouble, dZO): null

09-12-2024T07:49:37 - [TEST_STEP][PASSED] - println(a): null

09-12-2024T07:49:37 - [TEST_STEP][PASSED] - println(todaysDate): null

09-12-2024T07:49:37 - [TEST_STEP][PASSED] - println(fileInt): null

09-12-2024T07:49:37 - [TEST_STEP][PASSED] - println(fileDouble): null

09-12-2024T07:49:37 - [TEST_STEP][PASSED] - println(dZO): null

09-12-2024T07:49:37 - [TEST_STEP][PASSED] - typeOfData = "Факт Отпуск в сеть": null

09-12-2024T07:49:37 - [TEST_STEP][PASSED] - fileInt = replaceAll("\s+", "").toInteger(): null

09-12-2024T07:49:37 - [TEST_STEP][PASSED] - Script1718980020443.WriteToExcelNoData(a, typeOfData, todaysDate, fileInt, fileDouble, dZO): null

09-12-2024T07:49:37 - [TEST_STEP][PASSED] - sheetName = "Sheet1": null

09-12-2024T07:49:37 - [TEST_STEP][PASSED] - data = findTestData("PlanFact"): null

09-12-2024T07:49:37 - [TEST_STEP][PASSED] - n = data.getRowNumbers() + 1: null

09-12-2024T07:49:37 - [TEST_STEP][PASSED] - year = todaysDate.substring(todaysDate.length() - 4, todaysDate.length()): null

09-12-2024T07:49:37 - [TEST_STEP][PASSED] - y = year.toInteger(): null

09-12-2024T07:49:37 - [TEST_STEP][PASSED] - m = getText(findTestObject("Выполнение бизнес-плана/Период")): Text of object 'Object Repository/Выполнение бизнес-плана/Период' is: '1, 2, 3 кв., Октябрь 2024 года'

09-12-2024T07:50:07 - [MESSAGE][PASSED] - Text of object 'Object Repository/Выполнение бизнес-плана/Период' is: '1, 2, 3 кв., Октябрь 2024 года'

09-12-2024T07:50:07 - [TEST_STEP][PASSED] - m = m.substring(0, m.indexOf("2024")): null

09-12-2024T07:50:07 - [TEST_STEP][PASSED] - m = m.trim(): null

09-12-2024T07:50:07 - [TEST_STEP][PASSED] - dashboardName = "Выполнение бизнес-плана": null

09-12-2024T07:50:07 - [TEST_STEP][PASSED] - workbook01 = getWorkbook(excelFilePath): null

09-12-2024T07:50:07 - [TEST_STEP][PASSED] - sheet01 = getExcelSheet(workbook01, sheetName): null

09-12-2024T07:50:07 - [TEST_STEP][PASSED] - setValueToCellByIndex(sheet01, n, 0, dashboardName): null

09-12-2024T07:50:07 - [TEST_STEP][PASSED] - setValueToCellByIndex(sheet01, n, 1, dZO): null

09-12-2024T07:50:07 - [TEST_STEP][PASSED] - setValueToCellByIndex(sheet01, n, 2, typeOfData): null

09-12-2024T07:50:07 - [TEST_STEP][PASSED] - if (typeOfData == "Факт в процентах" || typeOfData == "План в процентах"): null

09-12-2024T07:50:07 - [TEST_STEP][PASSED] - else: null

09-12-2024T07:50:07 - [TEST_STEP][PASSED] - setValueToCellByIndex(sheet01, n, 3, fileInt): null

09-12-2024T07:50:07 - [TEST_STEP][PASSED] - setValueToCellByIndex(sheet01, n, 4, "нет данных"): null

09-12-2024T07:50:07 - [TEST_STEP][PASSED] - setValueToCellByIndex(sheet01, n, 5, m): null

09-12-2024T07:50:07 - [TEST_STEP][PASSED] - setValueToCellByIndex(sheet01, n, 6, y): null

09-12-2024T07:50:07 - [TEST_STEP][PASSED] - setValueToCellByIndex(sheet01, n, 7, todaysDate): null

09-12-2024T07:50:07 - [TEST_STEP][PASSED] - n = n + 1: null

09-12-2024T07:50:07 - [TEST_STEP][PASSED] - saveWorkbook(excelFilePath, workbook01): null

09-12-2024T07:50:07 - [TEST_STEP][PASSED] - typeOfData = "Факт Потери": null

09-12-2024T07:50:07 - [TEST_STEP][PASSED] - fileInt = replaceAll("\s+", "").toInteger(): null

09-12-2024T07:50:07 - [TEST_STEP][PASSED] - Script1718980020443.WriteToExcelNoData(a, typeOfData, todaysDate, fileInt, fileDouble, dZO): null

09-12-2024T07:50:07 - [TEST_STEP][PASSED] - sheetName = "Sheet1": null

09-12-2024T07:50:07 - [TEST_STEP][PASSED] - data = findTestData("PlanFact"): null

09-12-2024T07:50:07 - [TEST_STEP][PASSED] - n = data.getRowNumbers() + 1: null

09-12-2024T07:50:07 - [TEST_STEP][PASSED] - year = todaysDate.substring(todaysDate.length() - 4, todaysDate.length()): null

09-12-2024T07:50:07 - [TEST_STEP][PASSED] - y = year.toInteger(): null

09-12-2024T07:50:07 - [TEST_STEP][PASSED] - m = getText(findTestObject("Выполнение бизнес-плана/Период")): Text of object 'Object Repository/Выполнение бизнес-плана/Период' is: '1, 2, 3 кв., Октябрь 2024 года'

09-12-2024T07:50:09 - [MESSAGE][PASSED] - Text of object 'Object Repository/Выполнение бизнес-плана/Период' is: '1, 2, 3 кв., Октябрь 2024 года'

09-12-2024T07:50:09 - [TEST_STEP][PASSED] - m = m.substring(0, m.indexOf("2024")): null

09-12-2024T07:50:09 - [TEST_STEP][PASSED] - m = m.trim(): null

09-12-2024T07:50:09 - [TEST_STEP][PASSED] - dashboardName = "Выполнение бизнес-плана": null

09-12-2024T07:50:09 - [TEST_STEP][PASSED] - workbook01 = getWorkbook(excelFilePath): null

09-12-2024T07:50:09 - [TEST_STEP][PASSED] - sheet01 = getExcelSheet(workbook01, sheetName): null

09-12-2024T07:50:09 - [TEST_STEP][PASSED] - setValueToCellByIndex(sheet01, n, 0, dashboardName): null

09-12-2024T07:50:09 - [TEST_STEP][PASSED] - setValueToCellByIndex(sheet01, n, 1, dZO): null

09-12-2024T07:50:09 - [TEST_STEP][PASSED] - setValueToCellByIndex(sheet01, n, 2, typeOfData): null

09-12-2024T07:50:09 - [TEST_STEP][PASSED] - if (typeOfData == "Факт в процентах" || typeOfData == "План в процентах"): null

09-12-2024T07:50:09 - [TEST_STEP][PASSED] - else: null

09-12-2024T07:50:09 - [TEST_STEP][PASSED] - setValueToCellByIndex(sheet01, n, 3, fileInt): null

09-12-2024T07:50:09 - [TEST_STEP][PASSED] - setValueToCellByIndex(sheet01, n, 4, "нет данных"): null

09-12-2024T07:50:09 - [TEST_STEP][PASSED] - setValueToCellByIndex(sheet01, n, 5, m): null

09-12-2024T07:50:09 - [TEST_STEP][PASSED] - setValueToCellByIndex(sheet01, n, 6, y): null

09-12-2024T07:50:09 - [TEST_STEP][PASSED] - setValueToCellByIndex(sheet01, n, 7, todaysDate): null

09-12-2024T07:50:09 - [TEST_STEP][PASSED] - n = n + 1: null

09-12-2024T07:50:09 - [TEST_STEP][PASSED] - saveWorkbook(excelFilePath, workbook01): null

09-12-2024T07:50:09 - [TEST_STEP][PASSED] - typeOfData = "План Отпуск в сеть": null

09-12-2024T07:50:09 - [TEST_STEP][PASSED] - fileInt = replaceAll("\s+", "").toInteger(): null

09-12-2024T07:50:09 - [TEST_STEP][PASSED] - Script1718980020443.WriteToExcelNoData(a, typeOfData, todaysDate, fileInt, fileDouble, dZO): null

09-12-2024T07:50:09 - [TEST_STEP][PASSED] - sheetName = "Sheet1": null

09-12-2024T07:50:09 - [TEST_STEP][PASSED] - data = findTestData("PlanFact"): null

09-12-2024T07:50:09 - [TEST_STEP][PASSED] - n = data.getRowNumbers() + 1: null

09-12-2024T07:50:09 - [TEST_STEP][PASSED] - year = todaysDate.substring(todaysDate.length() - 4, todaysDate.length()): null

09-12-2024T07:50:09 - [TEST_STEP][PASSED] - y = year.toInteger(): null

09-12-2024T07:50:09 - [TEST_STEP][PASSED] - m = getText(findTestObject("Выполнение бизнес-плана/Период")): Text of object 'Object Repository/Выполнение бизнес-плана/Период' is: '1, 2, 3 кв., Октябрь 2024 года'

09-12-2024T07:50:09 - [MESSAGE][PASSED] - Text of object 'Object Repository/Выполнение бизнес-плана/Период' is: '1, 2, 3 кв., Октябрь 2024 года'

09-12-2024T07:50:09 - [TEST_STEP][PASSED] - m = m.substring(0, m.indexOf("2024")): null

09-12-2024T07:50:09 - [TEST_STEP][PASSED] - m = m.trim(): null

09-12-2024T07:50:09 - [TEST_STEP][PASSED] - dashboardName = "Выполнение бизнес-плана": null

09-12-2024T07:50:09 - [TEST_STEP][PASSED] - workbook01 = getWorkbook(excelFilePath): null

09-12-2024T07:50:09 - [TEST_STEP][PASSED] - sheet01 = getExcelSheet(workbook01, sheetName): null

09-12-2024T07:50:09 - [TEST_STEP][PASSED] - setValueToCellByIndex(sheet01, n, 0, dashboardName): null

09-12-2024T07:50:09 - [TEST_STEP][PASSED] - setValueToCellByIndex(sheet01, n, 1, dZO): null

09-12-2024T07:50:09 - [TEST_STEP][PASSED] - setValueToCellByIndex(sheet01, n, 2, typeOfData): null

09-12-2024T07:50:09 - [TEST_STEP][PASSED] - if (typeOfData == "Факт в процентах" || typeOfData == "План в процентах"): null

09-12-2024T07:50:09 - [TEST_STEP][PASSED] - else: null

09-12-2024T07:50:09 - [TEST_STEP][PASSED] - setValueToCellByIndex(sheet01, n, 3, fileInt): null

09-12-2024T07:50:09 - [TEST_STEP][PASSED] - setValueToCellByIndex(sheet01, n, 4, "нет данных"): null

09-12-2024T07:50:09 - [TEST_STEP][PASSED] - setValueToCellByIndex(sheet01, n, 5, m): null

09-12-2024T07:50:09 - [TEST_STEP][PASSED] - setValueToCellByIndex(sheet01, n, 6, y): null

09-12-2024T07:50:09 - [TEST_STEP][PASSED] - setValueToCellByIndex(sheet01, n, 7, todaysDate): null

09-12-2024T07:50:09 - [TEST_STEP][PASSED] - n = n + 1: null

09-12-2024T07:50:09 - [TEST_STEP][PASSED] - saveWorkbook(excelFilePath, workbook01): null

09-12-2024T07:50:10 - [TEST_STEP][PASSED] - typeOfData = "План Потери": null

09-12-2024T07:50:10 - [TEST_STEP][PASSED] - fileInt = replaceAll("\s+", "").toInteger(): null

09-12-2024T07:50:10 - [TEST_STEP][PASSED] - Script1718980020443.WriteToExcelNoData(a, typeOfData, todaysDate, fileInt, fileDouble, dZO): null

09-12-2024T07:50:10 - [TEST_STEP][PASSED] - sheetName = "Sheet1": null

09-12-2024T07:50:10 - [TEST_STEP][PASSED] - data = findTestData("PlanFact"): null

09-12-2024T07:50:10 - [TEST_STEP][PASSED] - n = data.getRowNumbers() + 1: null

09-12-2024T07:50:10 - [TEST_STEP][PASSED] - year = todaysDate.substring(todaysDate.length() - 4, todaysDate.length()): null

09-12-2024T07:50:10 - [TEST_STEP][PASSED] - y = year.toInteger(): null

09-12-2024T07:50:10 - [TEST_STEP][PASSED] - m = getText(findTestObject("Выполнение бизнес-плана/Период")): Text of object 'Object Repository/Выполнение бизнес-плана/Период' is: '1, 2, 3 кв., Октябрь 2024 года'

09-12-2024T07:50:10 - [MESSAGE][PASSED] - Text of object 'Object Repository/Выполнение бизнес-плана/Период' is: '1, 2, 3 кв., Октябрь 2024 года'

09-12-2024T07:50:10 - [TEST_STEP][PASSED] - m = m.substring(0, m.indexOf("2024")): null

09-12-2024T07:50:10 - [TEST_STEP][PASSED] - m = m.trim(): null

09-12-2024T07:50:10 - [TEST_STEP][PASSED] - dashboardName = "Выполнение бизнес-плана": null

09-12-2024T07:50:10 - [TEST_STEP][PASSED] - workbook01 = getWorkbook(excelFilePath): null

09-12-2024T07:50:10 - [TEST_STEP][PASSED] - sheet01 = getExcelSheet(workbook01, sheetName): null

09-12-2024T07:50:10 - [TEST_STEP][PASSED] - setValueToCellByIndex(sheet01, n, 0, dashboardName): null

09-12-2024T07:50:10 - [TEST_STEP][PASSED] - setValueToCellByIndex(sheet01, n, 1, dZO): null

09-12-2024T07:50:10 - [TEST_STEP][PASSED] - setValueToCellByIndex(sheet01, n, 2, typeOfData): null

09-12-2024T07:50:10 - [TEST_STEP][PASSED] - if (typeOfData == "Факт в процентах" || typeOfData == "План в процентах"): null

09-12-2024T07:50:10 - [TEST_STEP][PASSED] - else: null

09-12-2024T07:50:10 - [TEST_STEP][PASSED] - setValueToCellByIndex(sheet01, n, 3, fileInt): null

09-12-2024T07:50:10 - [TEST_STEP][PASSED] - setValueToCellByIndex(sheet01, n, 4, "нет данных"): null

09-12-2024T07:50:10 - [TEST_STEP][PASSED] - setValueToCellByIndex(sheet01, n, 5, m): null

09-12-2024T07:50:10 - [TEST_STEP][PASSED] - setValueToCellByIndex(sheet01, n, 6, y): null

09-12-2024T07:50:10 - [TEST_STEP][PASSED] - setValueToCellByIndex(sheet01, n, 7, todaysDate): null

09-12-2024T07:50:10 - [TEST_STEP][PASSED] - n = n + 1: null

09-12-2024T07:50:10 - [TEST_STEP][PASSED] - saveWorkbook(excelFilePath, workbook01): null

09-12-2024T07:50:10 - [TEST_STEP][PASSED] - typeOfData = "План в процентах": null

09-12-2024T07:50:10 - [TEST_STEP][PASSED] - fileDouble = ").toDouble(): null

09-12-2024T07:50:10 - [TEST_STEP][PASSED] - Script1718980020443.WriteToExcelNoData(a, typeOfData, todaysDate, fileInt, fileDouble, dZO): null

09-12-2024T07:50:10 - [TEST_STEP][PASSED] - sheetName = "Sheet1": null

09-12-2024T07:50:10 - [TEST_STEP][PASSED] - data = findTestData("PlanFact"): null

09-12-2024T07:50:10 - [TEST_STEP][PASSED] - n = data.getRowNumbers() + 1: null

09-12-2024T07:50:10 - [TEST_STEP][PASSED] - year = todaysDate.substring(todaysDate.length() - 4, todaysDate.length()): null

09-12-2024T07:50:10 - [TEST_STEP][PASSED] - y = year.toInteger(): null

09-12-2024T07:50:10 - [TEST_STEP][PASSED] - m = getText(findTestObject("Выполнение бизнес-плана/Период")): Text of object 'Object Repository/Выполнение бизнес-плана/Период' is: '1, 2, 3 кв., Октябрь 2024 года'

09-12-2024T07:50:11 - [MESSAGE][PASSED] - Text of object 'Object Repository/Выполнение бизнес-плана/Период' is: '1, 2, 3 кв., Октябрь 2024 года'

09-12-2024T07:50:11 - [TEST_STEP][PASSED] - m = m.substring(0, m.indexOf("2024")): null

09-12-2024T07:50:11 - [TEST_STEP][PASSED] - m = m.trim(): null

09-12-2024T07:50:11 - [TEST_STEP][PASSED] - dashboardName = "Выполнение бизнес-плана": null

09-12-2024T07:50:11 - [TEST_STEP][PASSED] - workbook01 = getWorkbook(excelFilePath): null

09-12-2024T07:50:11 - [TEST_STEP][PASSED] - sheet01 = getExcelSheet(workbook01, sheetName): null

09-12-2024T07:50:11 - [TEST_STEP][PASSED] - setValueToCellByIndex(sheet01, n, 0, dashboardName): null

09-12-2024T07:50:11 - [TEST_STEP][PASSED] - setValueToCellByIndex(sheet01, n, 1, dZO): null

09-12-2024T07:50:11 - [TEST_STEP][PASSED] - setValueToCellByIndex(sheet01, n, 2, typeOfData): null

09-12-2024T07:50:11 - [TEST_STEP][PASSED] - if (typeOfData == "Факт в процентах" || typeOfData == "План в процентах"): null

09-12-2024T07:50:11 - [TEST_STEP][PASSED] - setValueToCellByIndex(sheet01, n, 3, fileDouble): null

09-12-2024T07:50:11 - [TEST_STEP][PASSED] - setValueToCellByIndex(sheet01, n, 4, "нет данных"): null

09-12-2024T07:50:11 - [TEST_STEP][PASSED] - setValueToCellByIndex(sheet01, n, 5, m): null

09-12-2024T07:50:11 - [TEST_STEP][PASSED] - setValueToCellByIndex(sheet01, n, 6, y): null

09-12-2024T07:50:11 - [TEST_STEP][PASSED] - setValueToCellByIndex(sheet01, n, 7, todaysDate): null

09-12-2024T07:50:11 - [TEST_STEP][PASSED] - n = n + 1: null

09-12-2024T07:50:11 - [TEST_STEP][PASSED] - saveWorkbook(excelFilePath, workbook01): null

09-12-2024T07:50:11 - [TEST_STEP][PASSED] - typeOfData = "Факт в процентах": null

09-12-2024T07:50:11 - [TEST_STEP][PASSED] - fileDouble = ").toDouble(): null

09-12-2024T07:50:11 - [TEST_STEP][PASSED] - Script1718980020443.WriteToExcelNoData(a, typeOfData, todaysDate, fileInt, fileDouble, dZO): null

09-12-2024T07:50:11 - [TEST_STEP][PASSED] - sheetName = "Sheet1": null

09-12-2024T07:50:11 - [TEST_STEP][PASSED] - data = findTestData("PlanFact"): null

09-12-2024T07:50:11 - [TEST_STEP][PASSED] - n = data.getRowNumbers() + 1: null

09-12-2024T07:50:11 - [TEST_STEP][PASSED] - year = todaysDate.substring(todaysDate.length() - 4, todaysDate.length()): null

09-12-2024T07:50:11 - [TEST_STEP][PASSED] - y = year.toInteger(): null

09-12-2024T07:50:11 - [TEST_STEP][PASSED] - m = getText(findTestObject("Выполнение бизнес-плана/Период")): Text of object 'Object Repository/Выполнение бизнес-плана/Период' is: '1, 2, 3 кв., Октябрь 2024 года'

09-12-2024T07:50:11 - [MESSAGE][PASSED] - Text of object 'Object Repository/Выполнение бизнес-плана/Период' is: '1, 2, 3 кв., Октябрь 2024 года'

09-12-2024T07:50:11 - [TEST_STEP][PASSED] - m = m.substring(0, m.indexOf("2024")): null

09-12-2024T07:50:11 - [TEST_STEP][PASSED] - m = m.trim(): null

09-12-2024T07:50:11 - [TEST_STEP][PASSED] - dashboardName = "Выполнение бизнес-плана": null

09-12-2024T07:50:11 - [TEST_STEP][PASSED] - workbook01 = getWorkbook(excelFilePath): null

09-12-2024T07:50:12 - [TEST_STEP][PASSED] - sheet01 = getExcelSheet(workbook01, sheetName): null

09-12-2024T07:50:12 - [TEST_STEP][PASSED] - setValueToCellByIndex(sheet01, n, 0, dashboardName): null

09-12-2024T07:50:12 - [TEST_STEP][PASSED] - setValueToCellByIndex(sheet01, n, 1, dZO): null

09-12-2024T07:50:12 - [TEST_STEP][PASSED] - setValueToCellByIndex(sheet01, n, 2, typeOfData): null

09-12-2024T07:50:12 - [TEST_STEP][PASSED] - if (typeOfData == "Факт в процентах" || typeOfData == "План в процентах"): null

09-12-2024T07:50:12 - [TEST_STEP][PASSED] - setValueToCellByIndex(sheet01, n, 3, fileDouble): null

09-12-2024T07:50:12 - [TEST_STEP][PASSED] - setValueToCellByIndex(sheet01, n, 4, "нет данных"): null

09-12-2024T07:50:12 - [TEST_STEP][PASSED] - setValueToCellByIndex(sheet01, n, 5, m): null

09-12-2024T07:50:12 - [TEST_STEP][PASSED] - setValueToCellByIndex(sheet01, n, 6, y): null

09-12-2024T07:50:12 - [TEST_STEP][PASSED] - setValueToCellByIndex(sheet01, n, 7, todaysDate): null

09-12-2024T07:50:12 - [TEST_STEP][PASSED] - n = n + 1: null

09-12-2024T07:50:12 - [TEST_STEP][PASSED] - saveWorkbook(excelFilePath, workbook01): null

09-12-2024T07:50:12 - [TEST_STEP][PASSED] - println(dzoNum): null

09-12-2024T07:50:12 - [TEST_STEP][PASSED] - dZO = "Россети Сибирь": null

09-12-2024T07:50:12 - [TEST_STEP][PASSED] - a = 44: null

09-12-2024T07:50:12 - [TEST_STEP][PASSED] - if (x1.contains(dZO)): null

09-12-2024T07:50:12 - [TEST_STEP][PASSED] - dzoNum = dzoNum + 1: null

09-12-2024T07:50:12 - [TEST_STEP][PASSED] - Script1718980020443.Numbers(a, typeOfData, todaysDate, pageInt, fileInt, pageDouble, fileDouble, dZO, dzoNum, filialNum): null

09-12-2024T07:50:12 - [TEST_STEP][PASSED] - println(dzoNum): null

09-12-2024T07:50:12 - [TEST_STEP][PASSED] - planFact = <not implemented yet for class: org.codehaus.groovy.ast.expr.EmptyExpression>: null

09-12-2024T07:50:12 - [TEST_STEP][PASSED] - page = <not implemented yet for class: org.codehaus.groovy.ast.expr.EmptyExpression>: null

09-12-2024T07:50:12 - [TEST_STEP][PASSED] - page1 = <not implemented yet for class: org.codehaus.groovy.ast.expr.EmptyExpression>: null

09-12-2024T07:50:12 - [TEST_STEP][PASSED] - page2 = <not implemented yet for class: org.codehaus.groovy.ast.expr.EmptyExpression>: null

09-12-2024T07:50:12 - [TEST_STEP][PASSED] - filialNumberInRow = <not implemented yet for class: org.codehaus.groovy.ast.expr.EmptyExpression>: null

09-12-2024T07:50:12 - [TEST_STEP][PASSED] - filialsDzoNames = <not implemented yet for class: org.codehaus.groovy.ast.expr.EmptyExpression>: null

09-12-2024T07:50:12 - [TEST_STEP][PASSED] - numberOfFilials = <not implemented yet for class: org.codehaus.groovy.ast.expr.EmptyExpression>: null

09-12-2024T07:50:12 - [TEST_STEP][PASSED] - numberOfSpaces = <not implemented yet for class: org.codehaus.groovy.ast.expr.EmptyExpression>: null

09-12-2024T07:50:12 - [TEST_STEP][PASSED] - file = <not implemented yet for class: org.codehaus.groovy.ast.expr.EmptyExpression>: null

09-12-2024T07:50:12 - [TEST_STEP][PASSED] - otpusk = <not implemented yet for class: org.codehaus.groovy.ast.expr.EmptyExpression>: null

09-12-2024T07:50:12 - [TEST_STEP][PASSED] - poteri = <not implemented yet for class: org.codehaus.groovy.ast.expr.EmptyExpression>: null

09-12-2024T07:50:12 - [TEST_STEP][PASSED] - dataFolder = "Выполнение бизнес-плана/Значения со страницы Выполнение бизнес-плана/": null

09-12-2024T07:50:12 - [TEST_STEP][PASSED] - path = <not implemented yet for class: org.codehaus.groovy.ast.expr.EmptyExpression>: null

09-12-2024T07:50:12 - [TEST_STEP][PASSED] - typeOfDataMain = <not implemented yet for class: org.codehaus.groovy.ast.expr.EmptyExpression>: null

09-12-2024T07:50:12 - [TEST_STEP][PASSED] - fileOtpuskVSet = <not implemented yet for class: org.codehaus.groovy.ast.expr.EmptyExpression>: null

09-12-2024T07:50:12 - [TEST_STEP][PASSED] - pageOtpuskVSet = <not implemented yet for class: org.codehaus.groovy.ast.expr.EmptyExpression>: null

09-12-2024T07:50:12 - [TEST_STEP][PASSED] - filePoteri = <not implemented yet for class: org.codehaus.groovy.ast.expr.EmptyExpression>: null

09-12-2024T07:50:12 - [TEST_STEP][PASSED] - pagePoteri = <not implemented yet for class: org.codehaus.groovy.ast.expr.EmptyExpression>: null

09-12-2024T07:50:12 - [TEST_STEP][PASSED] - compare = <not implemented yet for class: org.codehaus.groovy.ast.expr.EmptyExpression>: null

09-12-2024T07:50:12 - [TEST_STEP][PASSED] - b = <not implemented yet for class: org.codehaus.groovy.ast.expr.EmptyExpression>: null

09-12-2024T07:50:12 - [TEST_STEP][PASSED] - i = <not implemented yet for class: org.codehaus.groovy.ast.expr.EmptyExpression>: null

09-12-2024T07:50:12 - [TEST_STEP][PASSED] - ii = <not implemented yet for class: org.codehaus.groovy.ast.expr.EmptyExpression>: null

09-12-2024T07:50:12 - [TEST_STEP][PASSED] - c = <not implemented yet for class: org.codehaus.groovy.ast.expr.EmptyExpression>: null

09-12-2024T07:50:12 - [TEST_STEP][PASSED] - numberOfErrors = 0: null

09-12-2024T07:50:12 - [TEST_STEP][PASSED] - if (a == 82): null

09-12-2024T07:50:12 - [TEST_STEP][PASSED] - b = findTestData("PlanFact").getValue(1, a): null

09-12-2024T07:50:12 - [TEST_STEP][PASSED] - i = b.indexOf(" (ГК)"): null

09-12-2024T07:50:12 - [TEST_STEP][PASSED] - if (i > -1): null

09-12-2024T07:50:12 - [TEST_STEP][PASSED] - i = b.indexOf("О ""): null

09-12-2024T07:50:12 - [TEST_STEP][PASSED] - if (i > -1): null

09-12-2024T07:50:12 - [TEST_STEP][PASSED] - i = b.indexOf("О «"): null

09-12-2024T07:50:12 - [TEST_STEP][PASSED] - if (i > -1): null

09-12-2024T07:50:12 - [TEST_STEP][PASSED] - i = b.indexOf("г. "): null

09-12-2024T07:50:12 - [TEST_STEP][PASSED] - if (i > -1): null

09-12-2024T07:50:12 - [TEST_STEP][PASSED] - println(b): null

09-12-2024T07:50:12 - [TEST_STEP][PASSED] - for ([planFact = 1, planFact < 3, (planFact++)]): null

09-12-2024T07:50:12 - [TEST_STEP][PASSED] - if (planFact == 1): null

09-12-2024T07:50:12 - [TEST_STEP][PASSED] - typeOfDataMain = "Факт": null

09-12-2024T07:50:12 - [TEST_STEP][PASSED] - otpusk = findTestData("PlanFact").getValue(5, a): null

09-12-2024T07:50:12 - [TEST_STEP][PASSED] - poteri = findTestData("PlanFact").getValue(6, a): null

09-12-2024T07:50:12 - [TEST_STEP][PASSED] - otpusk = otpusk.replaceAll("\s+", ""): null

09-12-2024T07:50:12 - [TEST_STEP][PASSED] - poteri = poteri.replaceAll("\s+", ""): null

09-12-2024T07:50:12 - [TEST_STEP][PASSED] - typeOfData = typeOfDataMain + " Отпуск в сеть": null

09-12-2024T07:50:12 - [TEST_STEP][PASSED] - if (a == 82): null

09-12-2024T07:50:12 - [TEST_STEP][PASSED] - else if (a == 84): null

09-12-2024T07:50:12 - [TEST_STEP][PASSED] - else if (a == 52 || a == 72 || a == 28 || a == 73 || a == 77 || a == 74 || a == 65 || a == 36 || a == 44 || a == 53 || a == 80 || a == 54 || a == 1 || a == 18 || a == 59 || a == 81): null

09-12-2024T07:50:12 - [TEST_STEP][PASSED] - path = dataFolder + "Table Data/" + typeOfData + " за отчётный период " + dzoNum: null

09-12-2024T07:50:12 - [TEST_STEP][PASSED] - println(path): null

09-12-2024T07:50:12 - [TEST_STEP][PASSED] - page = getText(findTestObject(path)): Text of object 'Object Repository/Выполнение бизнес-плана/Значения со страницы Выполнение бизнес-плана/Table Data/Факт Отпуск в сеть за отчётный период 4' is: '52 412 668'

09-12-2024T07:50:12 - [MESSAGE][PASSED] - Text of object 'Object Repository/Выполнение бизнес-плана/Значения со страницы Выполнение бизнес-плана/Table Data/Факт Отпуск в сеть за отчётный период 4' is: '52 412 668'

09-12-2024T07:50:12 - [TEST_STEP][PASSED] - page = page.replaceAll("\s+", ""): null

09-12-2024T07:50:12 - [TEST_STEP][PASSED] - fileOtpuskVSet = otpusk.toInteger(): null

09-12-2024T07:50:12 - [TEST_STEP][PASSED] - pageOtpuskVSet = page.toInteger(): null

09-12-2024T07:50:12 - [TEST_STEP][PASSED] - typeOfData = typeOfDataMain + " Потери": null

09-12-2024T07:50:12 - [TEST_STEP][PASSED] - if (a == 82): null

09-12-2024T07:50:12 - [TEST_STEP][PASSED] - else if (a == 84): null

09-12-2024T07:50:12 - [TEST_STEP][PASSED] - else if (a == 52 || a == 72 || a == 28 || a == 73 || a == 77 || a == 74 || a == 65 || a == 36 || a == 44 || a == 53 || a == 80 || a == 54 || a == 1 || a == 18 || a == 59 || a == 81): null

09-12-2024T07:50:12 - [TEST_STEP][PASSED] - path = dataFolder + "Table Data/" + typeOfData + " за отчётный период " + dzoNum: null

09-12-2024T07:50:12 - [TEST_STEP][PASSED] - page = getText(findTestObject(path)): Text of object 'Object Repository/Выполнение бизнес-плана/Значения со страницы Выполнение бизнес-плана/Table Data/Факт Потери за отчётный период 4' is: '3 714 964'

09-12-2024T07:50:13 - [MESSAGE][PASSED] - Text of object 'Object Repository/Выполнение бизнес-плана/Значения со страницы Выполнение бизнес-плана/Table Data/Факт Потери за отчётный период 4' is: '3 714 964'

09-12-2024T07:50:13 - [TEST_STEP][PASSED] - page = page.replaceAll("\s+", ""): null

09-12-2024T07:50:13 - [TEST_STEP][PASSED] - filePoteri = poteri.toInteger(): null

09-12-2024T07:50:13 - [TEST_STEP][PASSED] - pagePoteri = page.toInteger(): null

09-12-2024T07:50:13 - [TEST_STEP][PASSED] - compare = pageOtpuskVSet: null

09-12-2024T07:50:13 - [TEST_STEP][PASSED] - if (compare == fileOtpuskVSet): null

09-12-2024T07:50:13 - [TEST_STEP][PASSED] - else if (compare > fileOtpuskVSet): null

09-12-2024T07:50:13 - [TEST_STEP][PASSED] - compare = compare - 1: null

09-12-2024T07:50:13 - [TEST_STEP][PASSED] - if (compare == fileOtpuskVSet): null

09-12-2024T07:50:13 - [TEST_STEP][PASSED] - else: null

09-12-2024T07:50:13 - [TEST_STEP][PASSED] - numberOfErrors = numberOfErrors + 1: null

09-12-2024T07:50:13 - [TEST_STEP][PASSED] - pageInt = pageOtpuskVSet: null

09-12-2024T07:50:13 - [TEST_STEP][PASSED] - fileInt = fileOtpuskVSet: null

09-12-2024T07:50:13 - [TEST_STEP][PASSED] - typeOfData = typeOfDataMain + " Отпуск в сеть": null

09-12-2024T07:50:13 - [TEST_STEP][PASSED] - Script1718980020443.WriteToExcel(a, typeOfData, todaysDate, pageInt, fileInt, pageDouble, fileDouble, dZO): null

09-12-2024T07:50:13 - [TEST_STEP][PASSED] - sheetName = "Sheet1": null

09-12-2024T07:50:13 - [TEST_STEP][PASSED] - data = findTestData("PlanFact"): null

09-12-2024T07:50:13 - [TEST_STEP][PASSED] - n = data.getRowNumbers() + 1: null

09-12-2024T07:50:13 - [TEST_STEP][PASSED] - year = todaysDate.substring(todaysDate.length() - 4, todaysDate.length()): null

09-12-2024T07:50:13 - [TEST_STEP][PASSED] - y = year.toInteger(): null

09-12-2024T07:50:13 - [TEST_STEP][PASSED] - m = getText(findTestObject("Выполнение бизнес-плана/Период")): Text of object 'Object Repository/Выполнение бизнес-плана/Период' is: '1, 2, 3 кв., Октябрь 2024 года'

09-12-2024T07:50:13 - [MESSAGE][PASSED] - Text of object 'Object Repository/Выполнение бизнес-плана/Период' is: '1, 2, 3 кв., Октябрь 2024 года'

09-12-2024T07:50:13 - [TEST_STEP][PASSED] - m = m.substring(0, m.indexOf("2024")): null

09-12-2024T07:50:13 - [TEST_STEP][PASSED] - m = m.trim(): null

09-12-2024T07:50:13 - [TEST_STEP][PASSED] - dashboardName = "Выполнение бизнес-плана": null

09-12-2024T07:50:13 - [TEST_STEP][PASSED] - workbook01 = getWorkbook(excelFilePath): null

09-12-2024T07:50:13 - [TEST_STEP][PASSED] - sheet01 = getExcelSheet(workbook01, sheetName): null

09-12-2024T07:50:13 - [TEST_STEP][PASSED] - setValueToCellByIndex(sheet01, n, 0, dashboardName): null

09-12-2024T07:50:13 - [TEST_STEP][PASSED] - setValueToCellByIndex(sheet01, n, 1, dZO): null

09-12-2024T07:50:13 - [TEST_STEP][PASSED] - setValueToCellByIndex(sheet01, n, 2, typeOfData): null

09-12-2024T07:50:13 - [TEST_STEP][PASSED] - if (typeOfData == "Факт в процентах" || typeOfData == "План в процентах"): null

09-12-2024T07:50:13 - [TEST_STEP][PASSED] - else: null

09-12-2024T07:50:13 - [TEST_STEP][PASSED] - setValueToCellByIndex(sheet01, n, 3, fileInt): null

09-12-2024T07:50:13 - [TEST_STEP][PASSED] - setValueToCellByIndex(sheet01, n, 4, pageInt): null

09-12-2024T07:50:13 - [TEST_STEP][PASSED] - setValueToCellByIndex(sheet01, n, 5, m): null

09-12-2024T07:50:13 - [TEST_STEP][PASSED] - setValueToCellByIndex(sheet01, n, 6, y): null

09-12-2024T07:50:13 - [TEST_STEP][PASSED] - setValueToCellByIndex(sheet01, n, 7, todaysDate): null

09-12-2024T07:50:13 - [TEST_STEP][PASSED] - n = n + 1: null

09-12-2024T07:50:13 - [TEST_STEP][PASSED] - saveWorkbook(excelFilePath, workbook01): null

09-12-2024T07:50:13 - [TEST_STEP][PASSED] - compare = pagePoteri: null

09-12-2024T07:50:13 - [TEST_STEP][PASSED] - if (compare == filePoteri): null

09-12-2024T07:50:13 - [TEST_STEP][PASSED] - else if (compare > filePoteri): null

09-12-2024T07:50:13 - [TEST_STEP][PASSED] - compare = compare - 1: null

09-12-2024T07:50:13 - [TEST_STEP][PASSED] - if (compare == filePoteri): null

09-12-2024T07:50:13 - [TEST_STEP][PASSED] - else: null

09-12-2024T07:50:13 - [TEST_STEP][PASSED] - numberOfErrors = numberOfErrors + 1: null

09-12-2024T07:50:13 - [TEST_STEP][PASSED] - pageInt = pagePoteri: null

09-12-2024T07:50:13 - [TEST_STEP][PASSED] - fileInt = filePoteri: null

09-12-2024T07:50:13 - [TEST_STEP][PASSED] - typeOfData = typeOfDataMain + " Потери": null

09-12-2024T07:50:13 - [TEST_STEP][PASSED] - Script1718980020443.WriteToExcel(a, typeOfData, todaysDate, pageInt, fileInt, pageDouble, fileDouble, dZO): null

09-12-2024T07:50:13 - [TEST_STEP][PASSED] - sheetName = "Sheet1": null

09-12-2024T07:50:13 - [TEST_STEP][PASSED] - data = findTestData("PlanFact"): null

09-12-2024T07:50:13 - [TEST_STEP][PASSED] - n = data.getRowNumbers() + 1: null

09-12-2024T07:50:13 - [TEST_STEP][PASSED] - year = todaysDate.substring(todaysDate.length() - 4, todaysDate.length()): null

09-12-2024T07:50:13 - [TEST_STEP][PASSED] - y = year.toInteger(): null

09-12-2024T07:50:13 - [TEST_STEP][PASSED] - m = getText(findTestObject("Выполнение бизнес-плана/Период")): Text of object 'Object Repository/Выполнение бизнес-плана/Период' is: '1, 2, 3 кв., Октябрь 2024 года'

09-12-2024T07:50:14 - [MESSAGE][PASSED] - Text of object 'Object Repository/Выполнение бизнес-плана/Период' is: '1, 2, 3 кв., Октябрь 2024 года'

09-12-2024T07:50:14 - [TEST_STEP][PASSED] - m = m.substring(0, m.indexOf("2024")): null

09-12-2024T07:50:14 - [TEST_STEP][PASSED] - m = m.trim(): null

09-12-2024T07:50:14 - [TEST_STEP][PASSED] - dashboardName = "Выполнение бизнес-плана": null

09-12-2024T07:50:14 - [TEST_STEP][PASSED] - workbook01 = getWorkbook(excelFilePath): null

09-12-2024T07:50:14 - [TEST_STEP][PASSED] - sheet01 = getExcelSheet(workbook01, sheetName): null

09-12-2024T07:50:14 - [TEST_STEP][PASSED] - setValueToCellByIndex(sheet01, n, 0, dashboardName): null

09-12-2024T07:50:14 - [TEST_STEP][PASSED] - setValueToCellByIndex(sheet01, n, 1, dZO): null

09-12-2024T07:50:14 - [TEST_STEP][PASSED] - setValueToCellByIndex(sheet01, n, 2, typeOfData): null

09-12-2024T07:50:14 - [TEST_STEP][PASSED] - if (typeOfData == "Факт в процентах" || typeOfData == "План в процентах"): null

09-12-2024T07:50:14 - [TEST_STEP][PASSED] - else: null

09-12-2024T07:50:14 - [TEST_STEP][PASSED] - setValueToCellByIndex(sheet01, n, 3, fileInt): null

09-12-2024T07:50:14 - [TEST_STEP][PASSED] - setValueToCellByIndex(sheet01, n, 4, pageInt): null

09-12-2024T07:50:14 - [TEST_STEP][PASSED] - setValueToCellByIndex(sheet01, n, 5, m): null

09-12-2024T07:50:14 - [TEST_STEP][PASSED] - setValueToCellByIndex(sheet01, n, 6, y): null

09-12-2024T07:50:14 - [TEST_STEP][PASSED] - setValueToCellByIndex(sheet01, n, 7, todaysDate): null

09-12-2024T07:50:14 - [TEST_STEP][PASSED] - n = n + 1: null

09-12-2024T07:50:14 - [TEST_STEP][PASSED] - saveWorkbook(excelFilePath, workbook01): null

09-12-2024T07:50:14 - [TEST_STEP][PASSED] - if (planFact == 2): null

09-12-2024T07:50:14 - [TEST_STEP][PASSED] - if (planFact == 1): null

09-12-2024T07:50:14 - [TEST_STEP][PASSED] - else if (planFact == 2): null

09-12-2024T07:50:14 - [TEST_STEP][PASSED] - click(findTestObject("Выполнение бизнес-плана/Кнопка План")): Object: 'Object Repository/Выполнение бизнес-плана/Кнопка План' is clicked on

09-12-2024T07:50:14 - [MESSAGE][PASSED] - Object: 'Object Repository/Выполнение бизнес-плана/Кнопка План' is clicked on

09-12-2024T07:50:14 - [TEST_STEP][PASSED] - typeOfDataMain = "План": null

09-12-2024T07:50:14 - [TEST_STEP][PASSED] - otpusk = findTestData("PlanFact").getValue(2, a): null

09-12-2024T07:50:15 - [TEST_STEP][PASSED] - poteri = findTestData("PlanFact").getValue(3, a): null

09-12-2024T07:50:15 - [TEST_STEP][PASSED] - otpusk = otpusk.replaceAll("\s+", ""): null

09-12-2024T07:50:15 - [TEST_STEP][PASSED] - poteri = poteri.replaceAll("\s+", ""): null

09-12-2024T07:50:15 - [TEST_STEP][PASSED] - typeOfData = typeOfDataMain + " Отпуск в сеть": null

09-12-2024T07:50:15 - [TEST_STEP][PASSED] - if (a == 82): null

09-12-2024T07:50:15 - [TEST_STEP][PASSED] - else if (a == 84): null

09-12-2024T07:50:15 - [TEST_STEP][PASSED] - else if (a == 52 || a == 72 || a == 28 || a == 73 || a == 77 || a == 74 || a == 65 || a == 36 || a == 44 || a == 53 || a == 80 || a == 54 || a == 1 || a == 18 || a == 59 || a == 81): null

09-12-2024T07:50:15 - [TEST_STEP][PASSED] - path = dataFolder + "Table Data/" + typeOfData + " за отчётный период " + dzoNum: null

09-12-2024T07:50:15 - [TEST_STEP][PASSED] - println(path): null

09-12-2024T07:50:15 - [TEST_STEP][PASSED] - page = getText(findTestObject(path)): Text of object 'Object Repository/Выполнение бизнес-плана/Значения со страницы Выполнение бизнес-плана/Table Data/План Отпуск в сеть за отчётный период 4' is: '50 003 068'

09-12-2024T07:50:15 - [MESSAGE][PASSED] - Text of object 'Object Repository/Выполнение бизнес-плана/Значения со страницы Выполнение бизнес-плана/Table Data/План Отпуск в сеть за отчётный период 4' is: '50 003 068'

09-12-2024T07:50:15 - [TEST_STEP][PASSED] - page = page.replaceAll("\s+", ""): null

09-12-2024T07:50:15 - [TEST_STEP][PASSED] - fileOtpuskVSet = otpusk.toInteger(): null

09-12-2024T07:50:15 - [TEST_STEP][PASSED] - pageOtpuskVSet = page.toInteger(): null

09-12-2024T07:50:15 - [TEST_STEP][PASSED] - typeOfData = typeOfDataMain + " Потери": null

09-12-2024T07:50:15 - [TEST_STEP][PASSED] - if (a == 82): null

09-12-2024T07:50:15 - [TEST_STEP][PASSED] - else if (a == 84): null

09-12-2024T07:50:15 - [TEST_STEP][PASSED] - else if (a == 52 || a == 72 || a == 28 || a == 73 || a == 77 || a == 74 || a == 65 || a == 36 || a == 44 || a == 53 || a == 80 || a == 54 || a == 1 || a == 18 || a == 59 || a == 81): null

09-12-2024T07:50:15 - [TEST_STEP][PASSED] - path = dataFolder + "Table Data/" + typeOfData + " за отчётный период " + dzoNum: null

09-12-2024T07:50:15 - [TEST_STEP][PASSED] - page = getText(findTestObject(path)): Text of object 'Object Repository/Выполнение бизнес-плана/Значения со страницы Выполнение бизнес-плана/Table Data/План Потери за отчётный период 4' is: '3 568 444'

09-12-2024T07:50:16 - [MESSAGE][PASSED] - Text of object 'Object Repository/Выполнение бизнес-плана/Значения со страницы Выполнение бизнес-плана/Table Data/План Потери за отчётный период 4' is: '3 568 444'

09-12-2024T07:50:16 - [TEST_STEP][PASSED] - page = page.replaceAll("\s+", ""): null

09-12-2024T07:50:16 - [TEST_STEP][PASSED] - filePoteri = poteri.toInteger(): null

09-12-2024T07:50:16 - [TEST_STEP][PASSED] - pagePoteri = page.toInteger(): null

09-12-2024T07:50:16 - [TEST_STEP][PASSED] - compare = pageOtpuskVSet: null

09-12-2024T07:50:16 - [TEST_STEP][PASSED] - if (compare == fileOtpuskVSet): null

09-12-2024T07:50:16 - [TEST_STEP][PASSED] - else if (compare > fileOtpuskVSet): null

09-12-2024T07:50:16 - [TEST_STEP][PASSED] - compare = compare - 1: null

09-12-2024T07:50:16 - [TEST_STEP][PASSED] - if (compare == fileOtpuskVSet): null

09-12-2024T07:50:16 - [TEST_STEP][PASSED] - else: null

09-12-2024T07:50:16 - [TEST_STEP][PASSED] - numberOfErrors = numberOfErrors + 1: null

09-12-2024T07:50:16 - [TEST_STEP][PASSED] - pageInt = pageOtpuskVSet: null

09-12-2024T07:50:16 - [TEST_STEP][PASSED] - fileInt = fileOtpuskVSet: null

09-12-2024T07:50:16 - [TEST_STEP][PASSED] - typeOfData = typeOfDataMain + " Отпуск в сеть": null

09-12-2024T07:50:16 - [TEST_STEP][PASSED] - Script1718980020443.WriteToExcel(a, typeOfData, todaysDate, pageInt, fileInt, pageDouble, fileDouble, dZO): null

09-12-2024T07:50:16 - [TEST_STEP][PASSED] - sheetName = "Sheet1": null

09-12-2024T07:50:16 - [TEST_STEP][PASSED] - data = findTestData("PlanFact"): null

09-12-2024T07:50:16 - [TEST_STEP][PASSED] - n = data.getRowNumbers() + 1: null

09-12-2024T07:50:16 - [TEST_STEP][PASSED] - year = todaysDate.substring(todaysDate.length() - 4, todaysDate.length()): null

09-12-2024T07:50:16 - [TEST_STEP][PASSED] - y = year.toInteger(): null

09-12-2024T07:50:16 - [TEST_STEP][PASSED] - m = getText(findTestObject("Выполнение бизнес-плана/Период")): Text of object 'Object Repository/Выполнение бизнес-плана/Период' is: '1, 2, 3 кв., Октябрь 2024 года'

09-12-2024T07:50:17 - [MESSAGE][PASSED] - Text of object 'Object Repository/Выполнение бизнес-плана/Период' is: '1, 2, 3 кв., Октябрь 2024 года'

09-12-2024T07:50:17 - [TEST_STEP][PASSED] - m = m.substring(0, m.indexOf("2024")): null

09-12-2024T07:50:17 - [TEST_STEP][PASSED] - m = m.trim(): null

09-12-2024T07:50:17 - [TEST_STEP][PASSED] - dashboardName = "Выполнение бизнес-плана": null

09-12-2024T07:50:17 - [TEST_STEP][PASSED] - workbook01 = getWorkbook(excelFilePath): null

09-12-2024T07:50:17 - [TEST_STEP][PASSED] - sheet01 = getExcelSheet(workbook01, sheetName): null

09-12-2024T07:50:17 - [TEST_STEP][PASSED] - setValueToCellByIndex(sheet01, n, 0, dashboardName): null

09-12-2024T07:50:17 - [TEST_STEP][PASSED] - setValueToCellByIndex(sheet01, n, 1, dZO): null

09-12-2024T07:50:17 - [TEST_STEP][PASSED] - setValueToCellByIndex(sheet01, n, 2, typeOfData): null

09-12-2024T07:50:17 - [TEST_STEP][PASSED] - if (typeOfData == "Факт в процентах" || typeOfData == "План в процентах"): null

09-12-2024T07:50:17 - [TEST_STEP][PASSED] - else: null

09-12-2024T07:50:17 - [TEST_STEP][PASSED] - setValueToCellByIndex(sheet01, n, 3, fileInt): null

09-12-2024T07:50:17 - [TEST_STEP][PASSED] - setValueToCellByIndex(sheet01, n, 4, pageInt): null

09-12-2024T07:50:17 - [TEST_STEP][PASSED] - setValueToCellByIndex(sheet01, n, 5, m): null

09-12-2024T07:50:17 - [TEST_STEP][PASSED] - setValueToCellByIndex(sheet01, n, 6, y): null

09-12-2024T07:50:17 - [TEST_STEP][PASSED] - setValueToCellByIndex(sheet01, n, 7, todaysDate): null

09-12-2024T07:50:17 - [TEST_STEP][PASSED] - n = n + 1: null

09-12-2024T07:50:17 - [TEST_STEP][PASSED] - saveWorkbook(excelFilePath, workbook01): null

09-12-2024T07:50:17 - [TEST_STEP][PASSED] - compare = pagePoteri: null

09-12-2024T07:50:17 - [TEST_STEP][PASSED] - if (compare == filePoteri): null

09-12-2024T07:50:17 - [TEST_STEP][PASSED] - else if (compare > filePoteri): null

09-12-2024T07:50:17 - [TEST_STEP][PASSED] - compare = compare - 1: null

09-12-2024T07:50:17 - [TEST_STEP][PASSED] - if (compare == filePoteri): null

09-12-2024T07:50:17 - [TEST_STEP][PASSED] - else: null

09-12-2024T07:50:17 - [TEST_STEP][PASSED] - numberOfErrors = numberOfErrors + 1: null

09-12-2024T07:50:17 - [TEST_STEP][PASSED] - pageInt = pagePoteri: null

09-12-2024T07:50:17 - [TEST_STEP][PASSED] - fileInt = filePoteri: null

09-12-2024T07:50:17 - [TEST_STEP][PASSED] - typeOfData = typeOfDataMain + " Потери": null

09-12-2024T07:50:17 - [TEST_STEP][PASSED] - Script1718980020443.WriteToExcel(a, typeOfData, todaysDate, pageInt, fileInt, pageDouble, fileDouble, dZO): null

09-12-2024T07:50:17 - [TEST_STEP][PASSED] - sheetName = "Sheet1": null

09-12-2024T07:50:17 - [TEST_STEP][PASSED] - data = findTestData("PlanFact"): null

09-12-2024T07:50:17 - [TEST_STEP][PASSED] - n = data.getRowNumbers() + 1: null

09-12-2024T07:50:17 - [TEST_STEP][PASSED] - year = todaysDate.substring(todaysDate.length() - 4, todaysDate.length()): null

09-12-2024T07:50:17 - [TEST_STEP][PASSED] - y = year.toInteger(): null

09-12-2024T07:50:17 - [TEST_STEP][PASSED] - m = getText(findTestObject("Выполнение бизнес-плана/Период")): Text of object 'Object Repository/Выполнение бизнес-плана/Период' is: '1, 2, 3 кв., Октябрь 2024 года'

09-12-2024T07:50:17 - [MESSAGE][PASSED] - Text of object 'Object Repository/Выполнение бизнес-плана/Период' is: '1, 2, 3 кв., Октябрь 2024 года'

09-12-2024T07:50:17 - [TEST_STEP][PASSED] - m = m.substring(0, m.indexOf("2024")): null

09-12-2024T07:50:17 - [TEST_STEP][PASSED] - m = m.trim(): null

09-12-2024T07:50:17 - [TEST_STEP][PASSED] - dashboardName = "Выполнение бизнес-плана": null

09-12-2024T07:50:17 - [TEST_STEP][PASSED] - workbook01 = getWorkbook(excelFilePath): null

09-12-2024T07:50:17 - [TEST_STEP][PASSED] - sheet01 = getExcelSheet(workbook01, sheetName): null

09-12-2024T07:50:17 - [TEST_STEP][PASSED] - setValueToCellByIndex(sheet01, n, 0, dashboardName): null

09-12-2024T07:50:17 - [TEST_STEP][PASSED] - setValueToCellByIndex(sheet01, n, 1, dZO): null

09-12-2024T07:50:17 - [TEST_STEP][PASSED] - setValueToCellByIndex(sheet01, n, 2, typeOfData): null

09-12-2024T07:50:17 - [TEST_STEP][PASSED] - if (typeOfData == "Факт в процентах" || typeOfData == "План в процентах"): null

09-12-2024T07:50:17 - [TEST_STEP][PASSED] - else: null

09-12-2024T07:50:17 - [TEST_STEP][PASSED] - setValueToCellByIndex(sheet01, n, 3, fileInt): null

09-12-2024T07:50:17 - [TEST_STEP][PASSED] - setValueToCellByIndex(sheet01, n, 4, pageInt): null

09-12-2024T07:50:17 - [TEST_STEP][PASSED] - setValueToCellByIndex(sheet01, n, 5, m): null

09-12-2024T07:50:17 - [TEST_STEP][PASSED] - setValueToCellByIndex(sheet01, n, 6, y): null

09-12-2024T07:50:17 - [TEST_STEP][PASSED] - setValueToCellByIndex(sheet01, n, 7, todaysDate): null

09-12-2024T07:50:17 - [TEST_STEP][PASSED] - n = n + 1: null

09-12-2024T07:50:17 - [TEST_STEP][PASSED] - saveWorkbook(excelFilePath, workbook01): Object: 'Object Repository/Выполнение бизнес-плана/Кнопка Факт' is clicked on

09-12-2024T07:50:18 - [TEST_STEP][PASSED] - if (planFact == 2): Object: 'Object Repository/Выполнение бизнес-плана/Кнопка Факт' is clicked on

09-12-2024T07:50:18 - [TEST_STEP][PASSED] - click(findTestObject("Выполнение бизнес-плана/Кнопка Факт")): Object: 'Object Repository/Выполнение бизнес-плана/Кнопка Факт' is clicked on

09-12-2024T07:50:18 - [MESSAGE][PASSED] - Object: 'Object Repository/Выполнение бизнес-плана/Кнопка Факт' is clicked on

09-12-2024T07:50:18 - [TEST_STEP][PASSED] - if (a == 84 || a == 82): null

09-12-2024T07:50:18 - [TEST_STEP][PASSED] - else if (a == 52 || a == 72 || a == 28 || a == 73 || a == 77 || a == 74 || a == 65 || a == 36 || a == 44 || a == 53 || a == 80 || a == 54 || a == 1 || a == 18 || a == 59 || a == 81): null

09-12-2024T07:50:18 - [TEST_STEP][PASSED] - page1 = getText(findTestObject("Object Repository/Выполнение бизнес-плана/spanPlan" + dzoNum)): Text of object 'Object Repository/Выполнение бизнес-плана/spanPlan4' is: '7.14
|'

09-12-2024T07:50:18 - [MESSAGE][PASSED] - Text of object 'Object Repository/Выполнение бизнес-плана/spanPlan4' is: '7.14
|'

09-12-2024T07:50:18 - [TEST_STEP][PASSED] - page1 = page1.replace("|", ""): null

09-12-2024T07:50:18 - [TEST_STEP][PASSED] - page2 = getText(findTestObject("Object Repository/Выполнение бизнес-плана/spanFact" + dzoNum)): Text of object 'Object Repository/Выполнение бизнес-плана/spanFact4' is: '7.09'

09-12-2024T07:50:19 - [MESSAGE][PASSED] - Text of object 'Object Repository/Выполнение бизнес-плана/spanFact4' is: '7.09'

09-12-2024T07:50:19 - [TEST_STEP][PASSED] - page2 = page2.replace("|", ""): null

09-12-2024T07:50:19 - [TEST_STEP][PASSED] - println("page1: " + page1): null

09-12-2024T07:50:19 - [TEST_STEP][PASSED] - println("page2: " + page2): null

09-12-2024T07:50:19 - [TEST_STEP][PASSED] - file = findTestData("PlanFact").getValue(4, a): null

09-12-2024T07:50:19 - [TEST_STEP][PASSED] - file = file.replace(",", "."): null

09-12-2024T07:50:19 - [TEST_STEP][PASSED] - println("file Plan: " + file): null

09-12-2024T07:50:19 - [TEST_STEP][PASSED] - typeOfData = "План в процентах": null

09-12-2024T07:50:19 - [TEST_STEP][PASSED] - fileDouble = file.toDouble(): null

09-12-2024T07:50:19 - [TEST_STEP][PASSED] - pageDouble = page1.toDouble(): null

09-12-2024T07:50:19 - [TEST_STEP][PASSED] - if (fileDouble != pageDouble): null

09-12-2024T07:50:19 - [TEST_STEP][PASSED] - numberOfErrors = numberOfErrors + 1: null

09-12-2024T07:50:19 - [TEST_STEP][PASSED] - Script1718980020443.WriteToExcel(a, typeOfData, todaysDate, pageInt, fileInt, pageDouble, fileDouble, dZO): null

09-12-2024T07:50:19 - [TEST_STEP][PASSED] - sheetName = "Sheet1": null

09-12-2024T07:50:19 - [TEST_STEP][PASSED] - data = findTestData("PlanFact"): null

09-12-2024T07:50:19 - [TEST_STEP][PASSED] - n = data.getRowNumbers() + 1: null

09-12-2024T07:50:19 - [TEST_STEP][PASSED] - year = todaysDate.substring(todaysDate.length() - 4, todaysDate.length()): null

09-12-2024T07:50:19 - [TEST_STEP][PASSED] - y = year.toInteger(): null

09-12-2024T07:50:19 - [TEST_STEP][PASSED] - m = getText(findTestObject("Выполнение бизнес-плана/Период")): Text of object 'Object Repository/Выполнение бизнес-плана/Период' is: '1, 2, 3 кв., Октябрь 2024 года'

09-12-2024T07:50:19 - [MESSAGE][PASSED] - Text of object 'Object Repository/Выполнение бизнес-плана/Период' is: '1, 2, 3 кв., Октябрь 2024 года'

09-12-2024T07:50:19 - [TEST_STEP][PASSED] - m = m.substring(0, m.indexOf("2024")): null

09-12-2024T07:50:19 - [TEST_STEP][PASSED] - m = m.trim(): null

09-12-2024T07:50:19 - [TEST_STEP][PASSED] - dashboardName = "Выполнение бизнес-плана": null

09-12-2024T07:50:19 - [TEST_STEP][PASSED] - workbook01 = getWorkbook(excelFilePath): null

09-12-2024T07:50:19 - [TEST_STEP][PASSED] - sheet01 = getExcelSheet(workbook01, sheetName): null

09-12-2024T07:50:19 - [TEST_STEP][PASSED] - setValueToCellByIndex(sheet01, n, 0, dashboardName): null

09-12-2024T07:50:19 - [TEST_STEP][PASSED] - setValueToCellByIndex(sheet01, n, 1, dZO): null

09-12-2024T07:50:19 - [TEST_STEP][PASSED] - setValueToCellByIndex(sheet01, n, 2, typeOfData): null

09-12-2024T07:50:19 - [TEST_STEP][PASSED] - if (typeOfData == "Факт в процентах" || typeOfData == "План в процентах"): null

09-12-2024T07:50:19 - [TEST_STEP][PASSED] - setValueToCellByIndex(sheet01, n, 3, fileDouble): null

09-12-2024T07:50:19 - [TEST_STEP][PASSED] - setValueToCellByIndex(sheet01, n, 4, pageDouble): null

09-12-2024T07:50:19 - [TEST_STEP][PASSED] - setValueToCellByIndex(sheet01, n, 5, m): null

09-12-2024T07:50:19 - [TEST_STEP][PASSED] - setValueToCellByIndex(sheet01, n, 6, y): null

09-12-2024T07:50:19 - [TEST_STEP][PASSED] - setValueToCellByIndex(sheet01, n, 7, todaysDate): null

09-12-2024T07:50:19 - [TEST_STEP][PASSED] - n = n + 1: null

09-12-2024T07:50:19 - [TEST_STEP][PASSED] - saveWorkbook(excelFilePath, workbook01): null

09-12-2024T07:50:19 - [TEST_STEP][PASSED] - file = findTestData("PlanFact").getValue(7, a): null

09-12-2024T07:50:19 - [TEST_STEP][PASSED] - file = file.replace(",", "."): null

09-12-2024T07:50:19 - [TEST_STEP][PASSED] - println("file Fact: " + file): null

09-12-2024T07:50:19 - [TEST_STEP][PASSED] - fileDouble = file.toDouble(): null

09-12-2024T07:50:19 - [TEST_STEP][PASSED] - typeOfData = "Факт в процентах": null

09-12-2024T07:50:19 - [TEST_STEP][PASSED] - fileDouble = file.toDouble(): null

09-12-2024T07:50:19 - [TEST_STEP][PASSED] - pageDouble = page2.toDouble(): null

09-12-2024T07:50:19 - [TEST_STEP][PASSED] - if (fileDouble != pageDouble): null

09-12-2024T07:50:19 - [TEST_STEP][PASSED] - numberOfErrors = numberOfErrors + 1: null

09-12-2024T07:50:19 - [TEST_STEP][PASSED] - Script1718980020443.WriteToExcel(a, typeOfData, todaysDate, pageInt, fileInt, pageDouble, fileDouble, dZO): null

09-12-2024T07:50:19 - [TEST_STEP][PASSED] - sheetName = "Sheet1": null

09-12-2024T07:50:19 - [TEST_STEP][PASSED] - data = findTestData("PlanFact"): null

09-12-2024T07:50:19 - [TEST_STEP][PASSED] - n = data.getRowNumbers() + 1: null

09-12-2024T07:50:19 - [TEST_STEP][PASSED] - year = todaysDate.substring(todaysDate.length() - 4, todaysDate.length()): null

09-12-2024T07:50:19 - [TEST_STEP][PASSED] - y = year.toInteger(): null

09-12-2024T07:50:19 - [TEST_STEP][PASSED] - m = getText(findTestObject("Выполнение бизнес-плана/Период")): Text of object 'Object Repository/Выполнение бизнес-плана/Период' is: '1, 2, 3 кв., Октябрь 2024 года'

09-12-2024T07:50:20 - [MESSAGE][PASSED] - Text of object 'Object Repository/Выполнение бизнес-плана/Период' is: '1, 2, 3 кв., Октябрь 2024 года'

09-12-2024T07:50:20 - [TEST_STEP][PASSED] - m = m.substring(0, m.indexOf("2024")): null

09-12-2024T07:50:20 - [TEST_STEP][PASSED] - m = m.trim(): null

09-12-2024T07:50:20 - [TEST_STEP][PASSED] - dashboardName = "Выполнение бизнес-плана": null

09-12-2024T07:50:20 - [TEST_STEP][PASSED] - workbook01 = getWorkbook(excelFilePath): null

09-12-2024T07:50:20 - [TEST_STEP][PASSED] - sheet01 = getExcelSheet(workbook01, sheetName): null

09-12-2024T07:50:20 - [TEST_STEP][PASSED] - setValueToCellByIndex(sheet01, n, 0, dashboardName): null

09-12-2024T07:50:20 - [TEST_STEP][PASSED] - setValueToCellByIndex(sheet01, n, 1, dZO): null

09-12-2024T07:50:20 - [TEST_STEP][PASSED] - setValueToCellByIndex(sheet01, n, 2, typeOfData): null

09-12-2024T07:50:20 - [TEST_STEP][PASSED] - if (typeOfData == "Факт в процентах" || typeOfData == "План в процентах"): null

09-12-2024T07:50:20 - [TEST_STEP][PASSED] - setValueToCellByIndex(sheet01, n, 3, fileDouble): null

09-12-2024T07:50:20 - [TEST_STEP][PASSED] - setValueToCellByIndex(sheet01, n, 4, pageDouble): null

09-12-2024T07:50:20 - [TEST_STEP][PASSED] - setValueToCellByIndex(sheet01, n, 5, m): null

09-12-2024T07:50:20 - [TEST_STEP][PASSED] - setValueToCellByIndex(sheet01, n, 6, y): null

09-12-2024T07:50:20 - [TEST_STEP][PASSED] - setValueToCellByIndex(sheet01, n, 7, todaysDate): null

09-12-2024T07:50:20 - [TEST_STEP][PASSED] - n = n + 1: null

09-12-2024T07:50:20 - [TEST_STEP][PASSED] - saveWorkbook(excelFilePath, workbook01): null

09-12-2024T07:50:20 - [TEST_STEP][FAILED] - if (verifyEqual(numberOfErrors, 0) == false): null

09-12-2024T07:50:20 - [MESSAGE][FAILED] - Unable to verify equal between actual object '6' and expected object '0' (Root cause: com.kms.katalon.core.exception.StepFailedException: Actual object '6' and expected object '0' are not equal
	at com.kms.katalon.core.keyword.builtin.VerifyEqualKeyword$_verifyEqual_closure1.doCall(VerifyEqualKeyword.groovy:58)
	at com.kms.katalon.core.keyword.builtin.VerifyEqualKeyword$_verifyEqual_closure1.call(VerifyEqualKeyword.groovy)
	at com.kms.katalon.core.keyword.internal.KeywordMain.runKeyword(KeywordMain.groovy:75)
	at com.kms.katalon.core.keyword.builtin.VerifyEqualKeyword.verifyEqual(VerifyEqualKeyword.groovy:63)
	at com.kms.katalon.core.keyword.builtin.VerifyEqualKeyword.execute(VerifyEqualKeyword.groovy:44)
	at com.kms.katalon.core.keyword.internal.KeywordExecutor.executeKeywordForPlatform(KeywordExecutor.groovy:74)
	at com.kms.katalon.core.keyword.BuiltinKeywords.verifyEqual(BuiltinKeywords.groovy:146)
	at java.base/jdk.internal.reflect.NativeMethodAccessorImpl.invoke0(Native Method)
	at java.base/jdk.internal.reflect.NativeMethodAccessorImpl.invoke(NativeMethodAccessorImpl.java:77)
	at java.base/jdk.internal.reflect.DelegatingMethodAccessorImpl.invoke(DelegatingMethodAccessorImpl.java:43)
	at Выполнение бизнес-плана Сверка ПАО Россети все филиалы.Numbers(Выполнение бизнес-плана Сверка ПАО Россети все филиалы:752)
	at Выполнение бизнес-плана Сверка ПАО Россети все филиалы.run(Выполнение бизнес-плана Сверка ПАО Россети все филиалы:344)
	at com.kms.katalon.core.main.ScriptEngine.run(ScriptEngine.java:194)
	at com.kms.katalon.core.main.ScriptEngine.runScriptAsRawText(ScriptEngine.java:119)
	at com.kms.katalon.core.main.TestCaseExecutor.runScript(TestCaseExecutor.java:448)
	at com.kms.katalon.core.main.TestCaseExecutor.doExecute(TestCaseExecutor.java:439)
	at com.kms.katalon.core.main.TestCaseExecutor.processExecutionPhase(TestCaseExecutor.java:418)
	at com.kms.katalon.core.main.TestCaseExecutor.accessMainPhase(TestCaseExecutor.java:410)
	at com.kms.katalon.core.main.TestCaseExecutor.execute(TestCaseExecutor.java:285)
	at com.kms.katalon.core.common.CommonExecutor.accessTestCaseMainPhase(CommonExecutor.java:65)
	at com.kms.katalon.core.main.TestSuiteExecutor.accessTestSuiteMainPhase(TestSuiteExecutor.java:150)
	at com.kms.katalon.core.main.TestSuiteExecutor.execute(TestSuiteExecutor.java:106)
	at com.kms.katalon.core.main.TestCaseMain.startTestSuite(TestCaseMain.java:180)
	at TempTestSuite1733719229947.run(TempTestSuite1733719229947.groovy:35)
	at java.base/jdk.internal.reflect.NativeMethodAccessorImpl.invoke0(Native Method)
	at java.base/jdk.internal.reflect.NativeMethodAccessorImpl.invoke(NativeMethodAccessorImpl.java:77)
	at java.base/jdk.internal.reflect.DelegatingMethodAccessorImpl.invoke(DelegatingMethodAccessorImpl.java:43)
)

09-12-2024T07:50:20 - [TEST_STEP][PASSED] - println(numberOfErrors): null

09-12-2024T07:50:20 - [TEST_STEP][PASSED] - if (a == 28 || a == 77 || a == 74 || a == 65 || a == 36 || a == 44 || a == 54 || a == 1 || a == 18 || a == 59): null

09-12-2024T07:50:20 - [TEST_STEP][PASSED] - Script1718980020443.Filials(a, typeOfData, todaysDate, pageInt, fileInt, pageDouble, fileDouble, dZO, dzoNum, filialNum): null

09-12-2024T07:50:20 - [TEST_STEP][PASSED] - i = <not implemented yet for class: org.codehaus.groovy.ast.expr.EmptyExpression>: null

09-12-2024T07:50:20 - [TEST_STEP][PASSED] - c = <not implemented yet for class: org.codehaus.groovy.ast.expr.EmptyExpression>: null

09-12-2024T07:50:20 - [TEST_STEP][PASSED] - page = <not implemented yet for class: org.codehaus.groovy.ast.expr.EmptyExpression>: null

09-12-2024T07:50:20 - [TEST_STEP][PASSED] - println(dZO): null

09-12-2024T07:50:20 - [TEST_STEP][PASSED] - reducedDZO = <not implemented yet for class: org.codehaus.groovy.ast.expr.EmptyExpression>: null

09-12-2024T07:50:20 - [TEST_STEP][PASSED] - reducedDZO = dZO.substring(dZO.indexOf(" ") + 1, dZO.length()): null

09-12-2024T07:50:20 - [TEST_STEP][PASSED] - if (reducedDZO.contains(" ")): null

09-12-2024T07:50:20 - [TEST_STEP][PASSED] - println(reducedDZO): null

09-12-2024T07:50:20 - [TEST_STEP][PASSED] - dzoCut = <not implemented yet for class: org.codehaus.groovy.ast.expr.EmptyExpression>: null

09-12-2024T07:50:20 - [TEST_STEP][PASSED] - Script1718980020443.DZO(a): null

09-12-2024T07:50:20 - [TEST_STEP][PASSED] - Script1718980020443.OpenFilter(): null

09-12-2024T07:50:20 - [TEST_STEP][PASSED] - click(findTestObject("Object Repository/Выполнение бизнес-плана/Фильтр ДЗО")): Object: 'Object Repository/Выполнение бизнес-плана/Фильтр ДЗО' is clicked on

09-12-2024T07:50:20 - [MESSAGE][PASSED] - Object: 'Object Repository/Выполнение бизнес-плана/Фильтр ДЗО' is clicked on

09-12-2024T07:50:20 - [TEST_STEP][PASSED] - click(findTestObject("Выполнение бизнес-плана/Снять выделение в фильтре ДЗО")): Object: 'Object Repository/Выполнение бизнес-плана/Снять выделение в фильтре ДЗО' is clicked on

09-12-2024T07:50:21 - [MESSAGE][PASSED] - Object: 'Object Repository/Выполнение бизнес-плана/Снять выделение в фильтре ДЗО' is clicked on

09-12-2024T07:50:21 - [TEST_STEP][PASSED] - Script1718980020443.OpenRSK(): null

09-12-2024T07:50:21 - [TEST_STEP][PASSED] - click(findTestObject("Выполнение бизнес-плана/Раскрыть список ПАО Россети в фильтре ДЗО")): Object: 'Object Repository/Выполнение бизнес-плана/Раскрыть список ПАО Россети в фильтре ДЗО' is clicked on

09-12-2024T07:50:21 - [MESSAGE][PASSED] - Object: 'Object Repository/Выполнение бизнес-плана/Раскрыть список ПАО Россети в фильтре ДЗО' is clicked on

09-12-2024T07:50:21 - [TEST_STEP][PASSED] - click(findTestObject("Выполнение бизнес-плана/Раскрыть список РаспредКомплекс в фильтре ДЗО")): Object: 'Object Repository/Выполнение бизнес-плана/Раскрыть список РаспредКомплекс в фильтре ДЗО' is clicked on

09-12-2024T07:50:22 - [MESSAGE][PASSED] - Object: 'Object Repository/Выполнение бизнес-плана/Раскрыть список РаспредКомплекс в фильтре ДЗО' is clicked on

09-12-2024T07:50:22 - [TEST_STEP][PASSED] - if (a == 28): null

09-12-2024T07:50:22 - [TEST_STEP][PASSED] - if (a == 77): null

09-12-2024T07:50:22 - [TEST_STEP][PASSED] - if (a == 74): null

09-12-2024T07:50:22 - [TEST_STEP][PASSED] - if (a == 65): null

09-12-2024T07:50:22 - [TEST_STEP][PASSED] - if (a == 36): null

09-12-2024T07:50:22 - [TEST_STEP][PASSED] - if (a == 44): Object: 'Object Repository/Выполнение бизнес-плана/Россети Сибирь' is clicked on

09-12-2024T07:50:22 - [TEST_STEP][PASSED] - scrollToElement(findTestObject("Общие объекты/Раскрыть список Россети Сибирь"), 30): Scroll to object 'Object Repository/Общие объекты/Раскрыть список Россети Сибирь' successfully

09-12-2024T07:50:22 - [MESSAGE][PASSED] - Scroll to object 'Object Repository/Общие объекты/Раскрыть список Россети Сибирь' successfully

09-12-2024T07:50:22 - [TEST_STEP][PASSED] - click(findTestObject("Выполнение бизнес-плана/Россети Сибирь")): Object: 'Object Repository/Выполнение бизнес-плана/Россети Сибирь' is clicked on

09-12-2024T07:50:22 - [MESSAGE][PASSED] - Object: 'Object Repository/Выполнение бизнес-плана/Россети Сибирь' is clicked on

09-12-2024T07:50:22 - [TEST_STEP][PASSED] - if (a == 54): null

09-12-2024T07:50:22 - [TEST_STEP][PASSED] - if (a == 1): null

09-12-2024T07:50:22 - [TEST_STEP][PASSED] - if (a == 18): null

09-12-2024T07:50:22 - [TEST_STEP][PASSED] - if (a == 59): null

09-12-2024T07:50:22 - [TEST_STEP][PASSED] - Script1718980020443.CloseFilter(): null

09-12-2024T07:50:22 - [TEST_STEP][PASSED] - scrollToElement(findTestObject("Выполнение бизнес-плана/Заголовок дашборда"), 30): Scroll to object 'Object Repository/Выполнение бизнес-плана/Заголовок дашборда' successfully

09-12-2024T07:50:23 - [MESSAGE][PASSED] - Scroll to object 'Object Repository/Выполнение бизнес-плана/Заголовок дашборда' successfully

09-12-2024T07:50:23 - [TEST_STEP][PASSED] - click(findTestObject("Object Repository/Выполнение бизнес-плана/Применить в фильтре ДЗО")): Object: 'Object Repository/Выполнение бизнес-плана/Применить в фильтре ДЗО' is clicked on

09-12-2024T07:50:24 - [MESSAGE][PASSED] - Object: 'Object Repository/Выполнение бизнес-плана/Применить в фильтре ДЗО' is clicked on

09-12-2024T07:50:24 - [TEST_STEP][PASSED] - Script1718980020443.ZakrytOpoveshenie(): null

09-12-2024T07:50:24 - [TEST_STEP][PASSED] - delay(10): Delayed 10 second(s)

09-12-2024T07:50:34 - [MESSAGE][PASSED] - Delayed 10 second(s)

09-12-2024T07:50:34 - [TEST_STEP][PASSED] - opoveshenie = getText(findTestObject("Выполнение бизнес-плана/Просьба обратить внимание")): Text of object 'Object Repository/Выполнение бизнес-плана/Просьба обратить внимание' is: ''

09-12-2024T07:50:49 - [MESSAGE][PASSED] - Text of object 'Object Repository/Выполнение бизнес-плана/Просьба обратить внимание' is: ''

09-12-2024T07:50:49 - [TEST_STEP][PASSED] - println(opoveshenie): null

09-12-2024T07:50:49 - [TEST_STEP][PASSED] - if (opoveshenie == "Просьба обратить внимание"): null

09-12-2024T07:50:49 - [TEST_STEP][PASSED] - page = getText(findTestObject("Object Repository/Выполнение бизнес-плана/Filials")): Text of object 'Object Repository/Выполнение бизнес-плана/Filials' is: 'Россети Сибирь
0
10
20
30
40
50
60
70'

09-12-2024T07:50:50 - [MESSAGE][PASSED] - Text of object 'Object Repository/Выполнение бизнес-плана/Filials' is: 'Россети Сибирь
0
10
20
30
40
50
60
70'

09-12-2024T07:50:50 - [TEST_STEP][PASSED] - println(page): null

09-12-2024T07:50:50 - [TEST_STEP][PASSED] - c = page.indexOf(reducedDZO): null

09-12-2024T07:50:50 - [TEST_STEP][PASSED] - if (c > -1): null

09-12-2024T07:50:50 - [TEST_STEP][PASSED] - click(findTestObject("Выполнение бизнес-плана/список")): Object: 'Object Repository/Выполнение бизнес-плана/список' is clicked on

09-12-2024T07:50:50 - [MESSAGE][PASSED] - Object: 'Object Repository/Выполнение бизнес-плана/список' is clicked on

09-12-2024T07:50:50 - [TEST_STEP][PASSED] - delay(10): Delayed 10 second(s)

09-12-2024T07:51:00 - [MESSAGE][PASSED] - Delayed 10 second(s)

09-12-2024T07:51:00 - [TEST_STEP][PASSED] - click(findTestObject("Выполнение бизнес-плана/Раскрытие списка")): Object: 'Object Repository/Выполнение бизнес-плана/Раскрытие списка' is clicked on

09-12-2024T07:51:01 - [MESSAGE][PASSED] - Object: 'Object Repository/Выполнение бизнес-плана/Раскрытие списка' is clicked on

09-12-2024T07:51:01 - [TEST_STEP][PASSED] - delay(10): Delayed 10 second(s)

09-12-2024T07:51:11 - [MESSAGE][PASSED] - Delayed 10 second(s)

09-12-2024T07:51:11 - [TEST_STEP][PASSED] - page = getText(findTestObject("Object Repository/Выполнение бизнес-плана/Filials")): Text of object 'Object Repository/Выполнение бизнес-плана/Filials' is: 'Алтайэнерго
Бурятэнерго
Красноярскэнерго
Кузбассэнерго-РЭС
Омскэнерго
Хакасэнерго
Читаэнерго
0
10
20
30
40
50
60
70'

09-12-2024T07:51:11 - [MESSAGE][PASSED] - Text of object 'Object Repository/Выполнение бизнес-плана/Filials' is: 'Алтайэнерго
Бурятэнерго
Красноярскэнерго
Кузбассэнерго-РЭС
Омскэнерго
Хакасэнерго
Читаэнерго
0
10
20
30
40
50
60
70'

09-12-2024T07:51:11 - [TEST_STEP][PASSED] - println(page): null

09-12-2024T07:51:11 - [TEST_STEP][PASSED] - c = page.indexOf(reducedDZO): null

09-12-2024T07:51:11 - [TEST_STEP][PASSED] - x2 = getText(findTestObject("Выполнение бизнес-плана/Список ДЗО старый")): Text of object 'Object Repository/Выполнение бизнес-плана/Список ДЗО старый' is: 'Алтайэнерго
Бурятэнерго
Красноярскэнерго
Кузбассэнерго-РЭС
Омскэнерго
Хакасэнерго
Читаэнерго
0
10
20
30
40
50
60
70'

09-12-2024T07:51:11 - [MESSAGE][PASSED] - Text of object 'Object Repository/Выполнение бизнес-плана/Список ДЗО старый' is: 'Алтайэнерго
Бурятэнерго
Красноярскэнерго
Кузбассэнерго-РЭС
Омскэнерго
Хакасэнерго
Читаэнерго
0
10
20
30
40
50
60
70'

09-12-2024T07:51:11 - [TEST_STEP][PASSED] - if (a == 28): null

09-12-2024T07:51:11 - [TEST_STEP][PASSED] - if (a == 77): null

09-12-2024T07:51:11 - [TEST_STEP][PASSED] - if (a == 74): null

09-12-2024T07:51:11 - [TEST_STEP][PASSED] - if (a == 65): null

09-12-2024T07:51:11 - [TEST_STEP][PASSED] - if (a == 1): null

09-12-2024T07:51:11 - [TEST_STEP][PASSED] - if (a == 18): null

09-12-2024T07:51:11 - [TEST_STEP][PASSED] - if (a == 36): null

09-12-2024T07:51:11 - [TEST_STEP][PASSED] - if (a == 44): null

09-12-2024T07:51:11 - [TEST_STEP][PASSED] - dZO = "Алтайэнерго": null

09-12-2024T07:51:11 - [TEST_STEP][PASSED] - a = 45: null

09-12-2024T07:51:11 - [TEST_STEP][PASSED] - if (x2.contains(dZO)): null

09-12-2024T07:51:11 - [TEST_STEP][PASSED] - filialNum = filialNum + 1: null

09-12-2024T07:51:11 - [TEST_STEP][PASSED] - Script1718980020443.Numbers(a, typeOfData, todaysDate, pageInt, fileInt, pageDouble, fileDouble, dZO, dzoNum, filialNum): null

09-12-2024T07:51:11 - [TEST_STEP][PASSED] - println(dzoNum): null

09-12-2024T07:51:11 - [TEST_STEP][PASSED] - planFact = <not implemented yet for class: org.codehaus.groovy.ast.expr.EmptyExpression>: null

09-12-2024T07:51:11 - [TEST_STEP][PASSED] - page = <not implemented yet for class: org.codehaus.groovy.ast.expr.EmptyExpression>: null

09-12-2024T07:51:11 - [TEST_STEP][PASSED] - page1 = <not implemented yet for class: org.codehaus.groovy.ast.expr.EmptyExpression>: null

09-12-2024T07:51:11 - [TEST_STEP][PASSED] - page2 = <not implemented yet for class: org.codehaus.groovy.ast.expr.EmptyExpression>: null

09-12-2024T07:51:11 - [TEST_STEP][PASSED] - filialNumberInRow = <not implemented yet for class: org.codehaus.groovy.ast.expr.EmptyExpression>: null

09-12-2024T07:51:11 - [TEST_STEP][PASSED] - filialsDzoNames = <not implemented yet for class: org.codehaus.groovy.ast.expr.EmptyExpression>: null

09-12-2024T07:51:11 - [TEST_STEP][PASSED] - numberOfFilials = <not implemented yet for class: org.codehaus.groovy.ast.expr.EmptyExpression>: null

09-12-2024T07:51:11 - [TEST_STEP][PASSED] - numberOfSpaces = <not implemented yet for class: org.codehaus.groovy.ast.expr.EmptyExpression>: null

09-12-2024T07:51:11 - [TEST_STEP][PASSED] - file = <not implemented yet for class: org.codehaus.groovy.ast.expr.EmptyExpression>: null

09-12-2024T07:51:11 - [TEST_STEP][PASSED] - otpusk = <not implemented yet for class: org.codehaus.groovy.ast.expr.EmptyExpression>: null

09-12-2024T07:51:11 - [TEST_STEP][PASSED] - poteri = <not implemented yet for class: org.codehaus.groovy.ast.expr.EmptyExpression>: null

09-12-2024T07:51:11 - [TEST_STEP][PASSED] - dataFolder = "Выполнение бизнес-плана/Значения со страницы Выполнение бизнес-плана/": null

09-12-2024T07:51:11 - [TEST_STEP][PASSED] - path = <not implemented yet for class: org.codehaus.groovy.ast.expr.EmptyExpression>: null

09-12-2024T07:51:11 - [TEST_STEP][PASSED] - typeOfDataMain = <not implemented yet for class: org.codehaus.groovy.ast.expr.EmptyExpression>: null

09-12-2024T07:51:11 - [TEST_STEP][PASSED] - fileOtpuskVSet = <not implemented yet for class: org.codehaus.groovy.ast.expr.EmptyExpression>: null

09-12-2024T07:51:11 - [TEST_STEP][PASSED] - pageOtpuskVSet = <not implemented yet for class: org.codehaus.groovy.ast.expr.EmptyExpression>: null

09-12-2024T07:51:11 - [TEST_STEP][PASSED] - filePoteri = <not implemented yet for class: org.codehaus.groovy.ast.expr.EmptyExpression>: null

09-12-2024T07:51:11 - [TEST_STEP][PASSED] - pagePoteri = <not implemented yet for class: org.codehaus.groovy.ast.expr.EmptyExpression>: null

09-12-2024T07:51:11 - [TEST_STEP][PASSED] - compare = <not implemented yet for class: org.codehaus.groovy.ast.expr.EmptyExpression>: null

09-12-2024T07:51:11 - [TEST_STEP][PASSED] - b = <not implemented yet for class: org.codehaus.groovy.ast.expr.EmptyExpression>: null

09-12-2024T07:51:11 - [TEST_STEP][PASSED] - i = <not implemented yet for class: org.codehaus.groovy.ast.expr.EmptyExpression>: null

09-12-2024T07:51:11 - [TEST_STEP][PASSED] - ii = <not implemented yet for class: org.codehaus.groovy.ast.expr.EmptyExpression>: null

09-12-2024T07:51:11 - [TEST_STEP][PASSED] - c = <not implemented yet for class: org.codehaus.groovy.ast.expr.EmptyExpression>: null

09-12-2024T07:51:11 - [TEST_STEP][PASSED] - numberOfErrors = 0: null

09-12-2024T07:51:11 - [TEST_STEP][PASSED] - if (a == 82): null

09-12-2024T07:51:11 - [TEST_STEP][PASSED] - b = findTestData("PlanFact").getValue(1, a): null

09-12-2024T07:51:11 - [TEST_STEP][PASSED] - i = b.indexOf(" (ГК)"): null

09-12-2024T07:51:11 - [TEST_STEP][PASSED] - if (i > -1): null

09-12-2024T07:51:11 - [TEST_STEP][PASSED] - i = b.indexOf("О ""): null

09-12-2024T07:51:11 - [TEST_STEP][PASSED] - if (i > -1): null

09-12-2024T07:51:11 - [TEST_STEP][PASSED] - i = b.indexOf("О «"): null

09-12-2024T07:51:11 - [TEST_STEP][PASSED] - if (i > -1): null

09-12-2024T07:51:11 - [TEST_STEP][PASSED] - i = b.indexOf("г. "): null

09-12-2024T07:51:11 - [TEST_STEP][PASSED] - if (i > -1): null

09-12-2024T07:51:11 - [TEST_STEP][PASSED] - println(b): null

09-12-2024T07:51:11 - [TEST_STEP][PASSED] - for ([planFact = 1, planFact < 3, (planFact++)]): Object: 'Object Repository/Выполнение бизнес-плана/Кнопка Факт' is clicked on

09-12-2024T07:51:11 - [TEST_STEP][PASSED] - if (planFact == 1): null

09-12-2024T07:51:11 - [TEST_STEP][PASSED] - typeOfDataMain = "Факт": null

09-12-2024T07:51:11 - [TEST_STEP][PASSED] - otpusk = findTestData("PlanFact").getValue(5, a): null

09-12-2024T07:51:11 - [TEST_STEP][PASSED] - poteri = findTestData("PlanFact").getValue(6, a): null

09-12-2024T07:51:11 - [TEST_STEP][PASSED] - otpusk = otpusk.replaceAll("\s+", ""): null

09-12-2024T07:51:11 - [TEST_STEP][PASSED] - poteri = poteri.replaceAll("\s+", ""): null

09-12-2024T07:51:11 - [TEST_STEP][PASSED] - typeOfData = typeOfDataMain + " Отпуск в сеть": null

09-12-2024T07:51:11 - [TEST_STEP][PASSED] - if (a == 82): null

09-12-2024T07:51:11 - [TEST_STEP][PASSED] - else if (a == 84): null

09-12-2024T07:51:11 - [TEST_STEP][PASSED] - else if (a == 52 || a == 72 || a == 28 || a == 73 || a == 77 || a == 74 || a == 65 || a == 36 || a == 44 || a == 53 || a == 80 || a == 54 || a == 1 || a == 18 || a == 59 || a == 81): null

09-12-2024T07:51:11 - [TEST_STEP][PASSED] - else: null

09-12-2024T07:51:11 - [TEST_STEP][PASSED] - path = dataFolder + typeOfData + " за отчётный период " + b: null

09-12-2024T07:51:11 - [TEST_STEP][PASSED] - println(path): null

09-12-2024T07:51:11 - [TEST_STEP][PASSED] - page = getText(findTestObject(path)): Text of object 'Object Repository/Выполнение бизнес-плана/Значения со страницы Выполнение бизнес-плана/Факт Отпуск в сеть за отчётный период Алтайэнерго' is: '7 241 014'

09-12-2024T07:51:12 - [MESSAGE][PASSED] - Text of object 'Object Repository/Выполнение бизнес-плана/Значения со страницы Выполнение бизнес-плана/Факт Отпуск в сеть за отчётный период Алтайэнерго' is: '7 241 014'

09-12-2024T07:51:12 - [TEST_STEP][PASSED] - page = page.replaceAll("\s+", ""): null

09-12-2024T07:51:12 - [TEST_STEP][PASSED] - fileOtpuskVSet = otpusk.toInteger(): null

09-12-2024T07:51:12 - [TEST_STEP][PASSED] - pageOtpuskVSet = page.toInteger(): null

09-12-2024T07:51:12 - [TEST_STEP][PASSED] - typeOfData = typeOfDataMain + " Потери": null

09-12-2024T07:51:12 - [TEST_STEP][PASSED] - if (a == 82): null

09-12-2024T07:51:12 - [TEST_STEP][PASSED] - else if (a == 84): null

09-12-2024T07:51:12 - [TEST_STEP][PASSED] - else if (a == 52 || a == 72 || a == 28 || a == 73 || a == 77 || a == 74 || a == 65 || a == 36 || a == 44 || a == 53 || a == 80 || a == 54 || a == 1 || a == 18 || a == 59 || a == 81): null

09-12-2024T07:51:12 - [TEST_STEP][PASSED] - else: null

09-12-2024T07:51:12 - [TEST_STEP][PASSED] - path = dataFolder + typeOfData + " за отчётный период " + b: null

09-12-2024T07:51:12 - [TEST_STEP][PASSED] - page = getText(findTestObject(path)): Text of object 'Object Repository/Выполнение бизнес-плана/Значения со страницы Выполнение бизнес-плана/Факт Потери за отчётный период Алтайэнерго' is: '482 290'

09-12-2024T07:51:12 - [MESSAGE][PASSED] - Text of object 'Object Repository/Выполнение бизнес-плана/Значения со страницы Выполнение бизнес-плана/Факт Потери за отчётный период Алтайэнерго' is: '482 290'

09-12-2024T07:51:12 - [TEST_STEP][PASSED] - page = page.replaceAll("\s+", ""): null

09-12-2024T07:51:12 - [TEST_STEP][PASSED] - filePoteri = poteri.toInteger(): null

09-12-2024T07:51:12 - [TEST_STEP][PASSED] - pagePoteri = page.toInteger(): null

09-12-2024T07:51:12 - [TEST_STEP][PASSED] - compare = pageOtpuskVSet: null

09-12-2024T07:51:12 - [TEST_STEP][PASSED] - if (compare == fileOtpuskVSet): null

09-12-2024T07:51:12 - [TEST_STEP][PASSED] - if (compare == fileOtpuskVSet): null

09-12-2024T07:51:12 - [TEST_STEP][PASSED] - compare = pagePoteri: null

09-12-2024T07:51:12 - [TEST_STEP][PASSED] - if (compare == filePoteri): null

09-12-2024T07:51:12 - [TEST_STEP][PASSED] - if (compare == filePoteri): null

09-12-2024T07:51:12 - [TEST_STEP][PASSED] - if (planFact == 2): null

09-12-2024T07:51:12 - [TEST_STEP][PASSED] - if (planFact == 1): null

09-12-2024T07:51:12 - [TEST_STEP][PASSED] - else if (planFact == 2): null

09-12-2024T07:51:12 - [TEST_STEP][PASSED] - click(findTestObject("Выполнение бизнес-плана/Кнопка План")): Object: 'Object Repository/Выполнение бизнес-плана/Кнопка План' is clicked on

09-12-2024T07:51:12 - [MESSAGE][PASSED] - Object: 'Object Repository/Выполнение бизнес-плана/Кнопка План' is clicked on

09-12-2024T07:51:12 - [TEST_STEP][PASSED] - typeOfDataMain = "План": null

09-12-2024T07:51:12 - [TEST_STEP][PASSED] - otpusk = findTestData("PlanFact").getValue(2, a): null

09-12-2024T07:51:12 - [TEST_STEP][PASSED] - poteri = findTestData("PlanFact").getValue(3, a): null

09-12-2024T07:51:12 - [TEST_STEP][PASSED] - otpusk = otpusk.replaceAll("\s+", ""): null

09-12-2024T07:51:12 - [TEST_STEP][PASSED] - poteri = poteri.replaceAll("\s+", ""): null

09-12-2024T07:51:12 - [TEST_STEP][PASSED] - typeOfData = typeOfDataMain + " Отпуск в сеть": null

09-12-2024T07:51:12 - [TEST_STEP][PASSED] - if (a == 82): null

09-12-2024T07:51:12 - [TEST_STEP][PASSED] - else if (a == 84): null

09-12-2024T07:51:12 - [TEST_STEP][PASSED] - else if (a == 52 || a == 72 || a == 28 || a == 73 || a == 77 || a == 74 || a == 65 || a == 36 || a == 44 || a == 53 || a == 80 || a == 54 || a == 1 || a == 18 || a == 59 || a == 81): null

09-12-2024T07:51:12 - [TEST_STEP][PASSED] - else: null

09-12-2024T07:51:12 - [TEST_STEP][PASSED] - path = dataFolder + typeOfData + " за отчётный период " + b: null

09-12-2024T07:51:12 - [TEST_STEP][PASSED] - println(path): null

09-12-2024T07:51:12 - [TEST_STEP][PASSED] - page = getText(findTestObject(path)): Text of object 'Object Repository/Выполнение бизнес-плана/Значения со страницы Выполнение бизнес-плана/План Отпуск в сеть за отчётный период Алтайэнерго' is: '6 902 046'

09-12-2024T07:51:13 - [MESSAGE][PASSED] - Text of object 'Object Repository/Выполнение бизнес-плана/Значения со страницы Выполнение бизнес-плана/План Отпуск в сеть за отчётный период Алтайэнерго' is: '6 902 046'

09-12-2024T07:51:13 - [TEST_STEP][PASSED] - page = page.replaceAll("\s+", ""): null

09-12-2024T07:51:13 - [TEST_STEP][PASSED] - fileOtpuskVSet = otpusk.toInteger(): null

09-12-2024T07:51:13 - [TEST_STEP][PASSED] - pageOtpuskVSet = page.toInteger(): null

09-12-2024T07:51:13 - [TEST_STEP][PASSED] - typeOfData = typeOfDataMain + " Потери": null

09-12-2024T07:51:13 - [TEST_STEP][PASSED] - if (a == 82): null

09-12-2024T07:51:13 - [TEST_STEP][PASSED] - else if (a == 84): null

09-12-2024T07:51:13 - [TEST_STEP][PASSED] - else if (a == 52 || a == 72 || a == 28 || a == 73 || a == 77 || a == 74 || a == 65 || a == 36 || a == 44 || a == 53 || a == 80 || a == 54 || a == 1 || a == 18 || a == 59 || a == 81): null

09-12-2024T07:51:13 - [TEST_STEP][PASSED] - else: null

09-12-2024T07:51:13 - [TEST_STEP][PASSED] - path = dataFolder + typeOfData + " за отчётный период " + b: null

09-12-2024T07:51:13 - [TEST_STEP][PASSED] - page = getText(findTestObject(path)): Text of object 'Object Repository/Выполнение бизнес-плана/Значения со страницы Выполнение бизнес-плана/План Потери за отчётный период Алтайэнерго' is: '463 510'

09-12-2024T07:51:13 - [MESSAGE][PASSED] - Text of object 'Object Repository/Выполнение бизнес-плана/Значения со страницы Выполнение бизнес-плана/План Потери за отчётный период Алтайэнерго' is: '463 510'

09-12-2024T07:51:13 - [TEST_STEP][PASSED] - page = page.replaceAll("\s+", ""): null

09-12-2024T07:51:13 - [TEST_STEP][PASSED] - filePoteri = poteri.toInteger(): null

09-12-2024T07:51:13 - [TEST_STEP][PASSED] - pagePoteri = page.toInteger(): null

09-12-2024T07:51:13 - [TEST_STEP][PASSED] - compare = pageOtpuskVSet: null

09-12-2024T07:51:13 - [TEST_STEP][PASSED] - if (compare == fileOtpuskVSet): null

09-12-2024T07:51:13 - [TEST_STEP][PASSED] - if (compare == fileOtpuskVSet): null

09-12-2024T07:51:13 - [TEST_STEP][PASSED] - compare = pagePoteri: null

09-12-2024T07:51:13 - [TEST_STEP][PASSED] - if (compare == filePoteri): null

09-12-2024T07:51:13 - [TEST_STEP][PASSED] - if (compare == filePoteri): null

09-12-2024T07:51:13 - [TEST_STEP][PASSED] - if (planFact == 2): Object: 'Object Repository/Выполнение бизнес-плана/Кнопка Факт' is clicked on

09-12-2024T07:51:13 - [TEST_STEP][PASSED] - click(findTestObject("Выполнение бизнес-плана/Кнопка Факт")): Object: 'Object Repository/Выполнение бизнес-плана/Кнопка Факт' is clicked on

09-12-2024T07:51:13 - [MESSAGE][PASSED] - Object: 'Object Repository/Выполнение бизнес-плана/Кнопка Факт' is clicked on

09-12-2024T07:51:13 - [TEST_STEP][PASSED] - if (a == 84 || a == 82): null

09-12-2024T07:51:13 - [TEST_STEP][PASSED] - else if (a == 52 || a == 72 || a == 28 || a == 73 || a == 77 || a == 74 || a == 65 || a == 36 || a == 44 || a == 53 || a == 80 || a == 54 || a == 1 || a == 18 || a == 59 || a == 81): null

09-12-2024T07:51:13 - [TEST_STEP][PASSED] - else: null

09-12-2024T07:51:13 - [TEST_STEP][PASSED] - page1 = getText(findTestObject("Object Repository/Выполнение бизнес-плана/spanPlan" + filialNum)): Text of object 'Object Repository/Выполнение бизнес-плана/spanPlan1' is: '6.72
|'

09-12-2024T07:51:14 - [MESSAGE][PASSED] - Text of object 'Object Repository/Выполнение бизнес-плана/spanPlan1' is: '6.72
|'

09-12-2024T07:51:14 - [TEST_STEP][PASSED] - page1 = page1.replace("|", ""): null

09-12-2024T07:51:14 - [TEST_STEP][PASSED] - page2 = getText(findTestObject("Object Repository/Выполнение бизнес-плана/spanFact" + filialNum)): Text of object 'Object Repository/Выполнение бизнес-плана/spanFact1' is: '6.66
|'

09-12-2024T07:51:14 - [MESSAGE][PASSED] - Text of object 'Object Repository/Выполнение бизнес-плана/spanFact1' is: '6.66
|'

09-12-2024T07:51:14 - [TEST_STEP][PASSED] - page2 = page2.replace("|", ""): null

09-12-2024T07:51:14 - [TEST_STEP][PASSED] - println("page1: " + page1): null

09-12-2024T07:51:14 - [TEST_STEP][PASSED] - println("page2: " + page2): null

09-12-2024T07:51:14 - [TEST_STEP][PASSED] - file = findTestData("PlanFact").getValue(4, a): null

09-12-2024T07:51:14 - [TEST_STEP][PASSED] - file = file.replace(",", "."): null

09-12-2024T07:51:14 - [TEST_STEP][PASSED] - println("file Plan: " + file): null

09-12-2024T07:51:14 - [TEST_STEP][PASSED] - typeOfData = "План в процентах": null

09-12-2024T07:51:14 - [TEST_STEP][PASSED] - fileDouble = file.toDouble(): null

09-12-2024T07:51:14 - [TEST_STEP][PASSED] - pageDouble = page1.toDouble(): null

09-12-2024T07:51:14 - [TEST_STEP][PASSED] - if (fileDouble != pageDouble): null

09-12-2024T07:51:14 - [TEST_STEP][PASSED] - file = findTestData("PlanFact").getValue(7, a): null

09-12-2024T07:51:14 - [TEST_STEP][PASSED] - file = file.replace(",", "."): null

09-12-2024T07:51:14 - [TEST_STEP][PASSED] - println("file Fact: " + file): null

09-12-2024T07:51:14 - [TEST_STEP][PASSED] - fileDouble = file.toDouble(): null

09-12-2024T07:51:14 - [TEST_STEP][PASSED] - typeOfData = "Факт в процентах": null

09-12-2024T07:51:14 - [TEST_STEP][PASSED] - fileDouble = file.toDouble(): null

09-12-2024T07:51:14 - [TEST_STEP][PASSED] - pageDouble = page2.toDouble(): null

09-12-2024T07:51:14 - [TEST_STEP][PASSED] - if (fileDouble != pageDouble): null

09-12-2024T07:51:14 - [TEST_STEP][PASSED] - if (verifyEqual(numberOfErrors, 0) == false): Actual object '0' and expected object '0' are equal

09-12-2024T07:51:14 - [MESSAGE][PASSED] - Actual object '0' and expected object '0' are equal

09-12-2024T07:51:14 - [TEST_STEP][PASSED] - if (a == 82): null

09-12-2024T07:51:14 - [TEST_STEP][PASSED] - dZO = "Бурятэнерго": null

09-12-2024T07:51:14 - [TEST_STEP][PASSED] - a = 46: null

09-12-2024T07:51:14 - [TEST_STEP][PASSED] - if (x2.contains(dZO)): null

09-12-2024T07:51:14 - [TEST_STEP][PASSED] - filialNum = filialNum + 1: null

09-12-2024T07:51:14 - [TEST_STEP][PASSED] - Script1718980020443.Numbers(a, typeOfData, todaysDate, pageInt, fileInt, pageDouble, fileDouble, dZO, dzoNum, filialNum): null

09-12-2024T07:51:14 - [TEST_STEP][PASSED] - println(dzoNum): null

09-12-2024T07:51:14 - [TEST_STEP][PASSED] - planFact = <not implemented yet for class: org.codehaus.groovy.ast.expr.EmptyExpression>: null

09-12-2024T07:51:14 - [TEST_STEP][PASSED] - page = <not implemented yet for class: org.codehaus.groovy.ast.expr.EmptyExpression>: null

09-12-2024T07:51:14 - [TEST_STEP][PASSED] - page1 = <not implemented yet for class: org.codehaus.groovy.ast.expr.EmptyExpression>: null

09-12-2024T07:51:14 - [TEST_STEP][PASSED] - page2 = <not implemented yet for class: org.codehaus.groovy.ast.expr.EmptyExpression>: null

09-12-2024T07:51:14 - [TEST_STEP][PASSED] - filialNumberInRow = <not implemented yet for class: org.codehaus.groovy.ast.expr.EmptyExpression>: null

09-12-2024T07:51:14 - [TEST_STEP][PASSED] - filialsDzoNames = <not implemented yet for class: org.codehaus.groovy.ast.expr.EmptyExpression>: null

09-12-2024T07:51:14 - [TEST_STEP][PASSED] - numberOfFilials = <not implemented yet for class: org.codehaus.groovy.ast.expr.EmptyExpression>: null

09-12-2024T07:51:14 - [TEST_STEP][PASSED] - numberOfSpaces = <not implemented yet for class: org.codehaus.groovy.ast.expr.EmptyExpression>: null

09-12-2024T07:51:14 - [TEST_STEP][PASSED] - file = <not implemented yet for class: org.codehaus.groovy.ast.expr.EmptyExpression>: null

09-12-2024T07:51:14 - [TEST_STEP][PASSED] - otpusk = <not implemented yet for class: org.codehaus.groovy.ast.expr.EmptyExpression>: null

09-12-2024T07:51:14 - [TEST_STEP][PASSED] - poteri = <not implemented yet for class: org.codehaus.groovy.ast.expr.EmptyExpression>: null

09-12-2024T07:51:14 - [TEST_STEP][PASSED] - dataFolder = "Выполнение бизнес-плана/Значения со страницы Выполнение бизнес-плана/": null

09-12-2024T07:51:14 - [TEST_STEP][PASSED] - path = <not implemented yet for class: org.codehaus.groovy.ast.expr.EmptyExpression>: null

09-12-2024T07:51:14 - [TEST_STEP][PASSED] - typeOfDataMain = <not implemented yet for class: org.codehaus.groovy.ast.expr.EmptyExpression>: null

09-12-2024T07:51:14 - [TEST_STEP][PASSED] - fileOtpuskVSet = <not implemented yet for class: org.codehaus.groovy.ast.expr.EmptyExpression>: null

09-12-2024T07:51:14 - [TEST_STEP][PASSED] - pageOtpuskVSet = <not implemented yet for class: org.codehaus.groovy.ast.expr.EmptyExpression>: null

09-12-2024T07:51:14 - [TEST_STEP][PASSED] - filePoteri = <not implemented yet for class: org.codehaus.groovy.ast.expr.EmptyExpression>: null

09-12-2024T07:51:14 - [TEST_STEP][PASSED] - pagePoteri = <not implemented yet for class: org.codehaus.groovy.ast.expr.EmptyExpression>: null

09-12-2024T07:51:14 - [TEST_STEP][PASSED] - compare = <not implemented yet for class: org.codehaus.groovy.ast.expr.EmptyExpression>: null

09-12-2024T07:51:14 - [TEST_STEP][PASSED] - b = <not implemented yet for class: org.codehaus.groovy.ast.expr.EmptyExpression>: null

09-12-2024T07:51:14 - [TEST_STEP][PASSED] - i = <not implemented yet for class: org.codehaus.groovy.ast.expr.EmptyExpression>: null

09-12-2024T07:51:14 - [TEST_STEP][PASSED] - ii = <not implemented yet for class: org.codehaus.groovy.ast.expr.EmptyExpression>: null

09-12-2024T07:51:14 - [TEST_STEP][PASSED] - c = <not implemented yet for class: org.codehaus.groovy.ast.expr.EmptyExpression>: null

09-12-2024T07:51:14 - [TEST_STEP][PASSED] - numberOfErrors = 0: null

09-12-2024T07:51:14 - [TEST_STEP][PASSED] - if (a == 82): null

09-12-2024T07:51:14 - [TEST_STEP][PASSED] - b = findTestData("PlanFact").getValue(1, a): null

09-12-2024T07:51:14 - [TEST_STEP][PASSED] - i = b.indexOf(" (ГК)"): null

09-12-2024T07:51:14 - [TEST_STEP][PASSED] - if (i > -1): null

09-12-2024T07:51:14 - [TEST_STEP][PASSED] - i = b.indexOf("О ""): null

09-12-2024T07:51:14 - [TEST_STEP][PASSED] - if (i > -1): null

09-12-2024T07:51:14 - [TEST_STEP][PASSED] - i = b.indexOf("О «"): null

09-12-2024T07:51:14 - [TEST_STEP][PASSED] - if (i > -1): null

09-12-2024T07:51:14 - [TEST_STEP][PASSED] - i = b.indexOf("г. "): null

09-12-2024T07:51:14 - [TEST_STEP][PASSED] - if (i > -1): null

09-12-2024T07:51:14 - [TEST_STEP][PASSED] - println(b): null

09-12-2024T07:51:14 - [TEST_STEP][PASSED] - for ([planFact = 1, planFact < 3, (planFact++)]): Object: 'Object Repository/Выполнение бизнес-плана/Кнопка Факт' is clicked on

09-12-2024T07:51:14 - [TEST_STEP][PASSED] - if (planFact == 1): null

09-12-2024T07:51:14 - [TEST_STEP][PASSED] - typeOfDataMain = "Факт": null

09-12-2024T07:51:14 - [TEST_STEP][PASSED] - otpusk = findTestData("PlanFact").getValue(5, a): null

09-12-2024T07:51:14 - [TEST_STEP][PASSED] - poteri = findTestData("PlanFact").getValue(6, a): null

09-12-2024T07:51:14 - [TEST_STEP][PASSED] - otpusk = otpusk.replaceAll("\s+", ""): null

09-12-2024T07:51:14 - [TEST_STEP][PASSED] - poteri = poteri.replaceAll("\s+", ""): null

09-12-2024T07:51:14 - [TEST_STEP][PASSED] - typeOfData = typeOfDataMain + " Отпуск в сеть": null

09-12-2024T07:51:14 - [TEST_STEP][PASSED] - if (a == 82): null

09-12-2024T07:51:14 - [TEST_STEP][PASSED] - else if (a == 84): null

09-12-2024T07:51:14 - [TEST_STEP][PASSED] - else if (a == 52 || a == 72 || a == 28 || a == 73 || a == 77 || a == 74 || a == 65 || a == 36 || a == 44 || a == 53 || a == 80 || a == 54 || a == 1 || a == 18 || a == 59 || a == 81): null

09-12-2024T07:51:14 - [TEST_STEP][PASSED] - else: null

09-12-2024T07:51:14 - [TEST_STEP][PASSED] - path = dataFolder + typeOfData + " за отчётный период " + b: null

09-12-2024T07:51:14 - [TEST_STEP][PASSED] - println(path): null

09-12-2024T07:51:14 - [TEST_STEP][PASSED] - page = getText(findTestObject(path)): Text of object 'Object Repository/Выполнение бизнес-плана/Значения со страницы Выполнение бизнес-плана/Факт Отпуск в сеть за отчётный период Бурятэнерго' is: '4 219 624'

09-12-2024T07:51:15 - [MESSAGE][PASSED] - Text of object 'Object Repository/Выполнение бизнес-плана/Значения со страницы Выполнение бизнес-плана/Факт Отпуск в сеть за отчётный период Бурятэнерго' is: '4 219 624'

09-12-2024T07:51:15 - [TEST_STEP][PASSED] - page = page.replaceAll("\s+", ""): null

09-12-2024T07:51:15 - [TEST_STEP][PASSED] - fileOtpuskVSet = otpusk.toInteger(): null

09-12-2024T07:51:15 - [TEST_STEP][PASSED] - pageOtpuskVSet = page.toInteger(): null

09-12-2024T07:51:15 - [TEST_STEP][PASSED] - typeOfData = typeOfDataMain + " Потери": null

09-12-2024T07:51:15 - [TEST_STEP][PASSED] - if (a == 82): null

09-12-2024T07:51:15 - [TEST_STEP][PASSED] - else if (a == 84): null

09-12-2024T07:51:15 - [TEST_STEP][PASSED] - else if (a == 52 || a == 72 || a == 28 || a == 73 || a == 77 || a == 74 || a == 65 || a == 36 || a == 44 || a == 53 || a == 80 || a == 54 || a == 1 || a == 18 || a == 59 || a == 81): null

09-12-2024T07:51:15 - [TEST_STEP][PASSED] - else: null

09-12-2024T07:51:15 - [TEST_STEP][PASSED] - path = dataFolder + typeOfData + " за отчётный период " + b: null

09-12-2024T07:51:15 - [TEST_STEP][PASSED] - page = getText(findTestObject(path)): Text of object 'Object Repository/Выполнение бизнес-плана/Значения со страницы Выполнение бизнес-плана/Факт Потери за отчётный период Бурятэнерго' is: '465 713'

09-12-2024T07:51:15 - [MESSAGE][PASSED] - Text of object 'Object Repository/Выполнение бизнес-плана/Значения со страницы Выполнение бизнес-плана/Факт Потери за отчётный период Бурятэнерго' is: '465 713'

09-12-2024T07:51:15 - [TEST_STEP][PASSED] - page = page.replaceAll("\s+", ""): null

09-12-2024T07:51:15 - [TEST_STEP][PASSED] - filePoteri = poteri.toInteger(): null

09-12-2024T07:51:15 - [TEST_STEP][PASSED] - pagePoteri = page.toInteger(): null

09-12-2024T07:51:15 - [TEST_STEP][PASSED] - compare = pageOtpuskVSet: null

09-12-2024T07:51:15 - [TEST_STEP][PASSED] - if (compare == fileOtpuskVSet): null

09-12-2024T07:51:15 - [TEST_STEP][PASSED] - if (compare == fileOtpuskVSet): null

09-12-2024T07:51:15 - [TEST_STEP][PASSED] - compare = pagePoteri: null

09-12-2024T07:51:15 - [TEST_STEP][PASSED] - if (compare == filePoteri): null

09-12-2024T07:51:15 - [TEST_STEP][PASSED] - if (compare == filePoteri): null

09-12-2024T07:51:15 - [TEST_STEP][PASSED] - if (planFact == 2): null

09-12-2024T07:51:15 - [TEST_STEP][PASSED] - if (planFact == 1): null

09-12-2024T07:51:15 - [TEST_STEP][PASSED] - else if (planFact == 2): null

09-12-2024T07:51:15 - [TEST_STEP][PASSED] - click(findTestObject("Выполнение бизнес-плана/Кнопка План")): Object: 'Object Repository/Выполнение бизнес-плана/Кнопка План' is clicked on

09-12-2024T07:51:15 - [MESSAGE][PASSED] - Object: 'Object Repository/Выполнение бизнес-плана/Кнопка План' is clicked on

09-12-2024T07:51:15 - [TEST_STEP][PASSED] - typeOfDataMain = "План": null

09-12-2024T07:51:15 - [TEST_STEP][PASSED] - otpusk = findTestData("PlanFact").getValue(2, a): null

09-12-2024T07:51:15 - [TEST_STEP][PASSED] - poteri = findTestData("PlanFact").getValue(3, a): null

09-12-2024T07:51:15 - [TEST_STEP][PASSED] - otpusk = otpusk.replaceAll("\s+", ""): null

09-12-2024T07:51:15 - [TEST_STEP][PASSED] - poteri = poteri.replaceAll("\s+", ""): null

09-12-2024T07:51:15 - [TEST_STEP][PASSED] - typeOfData = typeOfDataMain + " Отпуск в сеть": null

09-12-2024T07:51:15 - [TEST_STEP][PASSED] - if (a == 82): null

09-12-2024T07:51:15 - [TEST_STEP][PASSED] - else if (a == 84): null

09-12-2024T07:51:15 - [TEST_STEP][PASSED] - else if (a == 52 || a == 72 || a == 28 || a == 73 || a == 77 || a == 74 || a == 65 || a == 36 || a == 44 || a == 53 || a == 80 || a == 54 || a == 1 || a == 18 || a == 59 || a == 81): null

09-12-2024T07:51:15 - [TEST_STEP][PASSED] - else: null

09-12-2024T07:51:15 - [TEST_STEP][PASSED] - path = dataFolder + typeOfData + " за отчётный период " + b: null

09-12-2024T07:51:15 - [TEST_STEP][PASSED] - println(path): null

09-12-2024T07:51:15 - [TEST_STEP][PASSED] - page = getText(findTestObject(path)): Text of object 'Object Repository/Выполнение бизнес-плана/Значения со страницы Выполнение бизнес-плана/План Отпуск в сеть за отчётный период Бурятэнерго' is: '4 043 901'

09-12-2024T07:51:16 - [MESSAGE][PASSED] - Text of object 'Object Repository/Выполнение бизнес-плана/Значения со страницы Выполнение бизнес-плана/План Отпуск в сеть за отчётный период Бурятэнерго' is: '4 043 901'

09-12-2024T07:51:16 - [TEST_STEP][PASSED] - page = page.replaceAll("\s+", ""): null

09-12-2024T07:51:16 - [TEST_STEP][PASSED] - fileOtpuskVSet = otpusk.toInteger(): null

09-12-2024T07:51:16 - [TEST_STEP][PASSED] - pageOtpuskVSet = page.toInteger(): null

09-12-2024T07:51:16 - [TEST_STEP][PASSED] - typeOfData = typeOfDataMain + " Потери": null

09-12-2024T07:51:16 - [TEST_STEP][PASSED] - if (a == 82): null

09-12-2024T07:51:16 - [TEST_STEP][PASSED] - else if (a == 84): null

09-12-2024T07:51:16 - [TEST_STEP][PASSED] - else if (a == 52 || a == 72 || a == 28 || a == 73 || a == 77 || a == 74 || a == 65 || a == 36 || a == 44 || a == 53 || a == 80 || a == 54 || a == 1 || a == 18 || a == 59 || a == 81): null

09-12-2024T07:51:16 - [TEST_STEP][PASSED] - else: null

09-12-2024T07:51:16 - [TEST_STEP][PASSED] - path = dataFolder + typeOfData + " за отчётный период " + b: null

09-12-2024T07:51:16 - [TEST_STEP][PASSED] - page = getText(findTestObject(path)): Text of object 'Object Repository/Выполнение бизнес-плана/Значения со страницы Выполнение бизнес-плана/План Потери за отчётный период Бурятэнерго' is: '428 176'

09-12-2024T07:51:16 - [MESSAGE][PASSED] - Text of object 'Object Repository/Выполнение бизнес-плана/Значения со страницы Выполнение бизнес-плана/План Потери за отчётный период Бурятэнерго' is: '428 176'

09-12-2024T07:51:16 - [TEST_STEP][PASSED] - page = page.replaceAll("\s+", ""): null

09-12-2024T07:51:16 - [TEST_STEP][PASSED] - filePoteri = poteri.toInteger(): null

09-12-2024T07:51:16 - [TEST_STEP][PASSED] - pagePoteri = page.toInteger(): null

09-12-2024T07:51:16 - [TEST_STEP][PASSED] - compare = pageOtpuskVSet: null

09-12-2024T07:51:16 - [TEST_STEP][PASSED] - if (compare == fileOtpuskVSet): null

09-12-2024T07:51:16 - [TEST_STEP][PASSED] - if (compare == fileOtpuskVSet): null

09-12-2024T07:51:16 - [TEST_STEP][PASSED] - compare = pagePoteri: null

09-12-2024T07:51:16 - [TEST_STEP][PASSED] - if (compare == filePoteri): null

09-12-2024T07:51:16 - [TEST_STEP][PASSED] - if (compare == filePoteri): null

09-12-2024T07:51:16 - [TEST_STEP][PASSED] - if (planFact == 2): Object: 'Object Repository/Выполнение бизнес-плана/Кнопка Факт' is clicked on

09-12-2024T07:51:16 - [TEST_STEP][PASSED] - click(findTestObject("Выполнение бизнес-плана/Кнопка Факт")): Object: 'Object Repository/Выполнение бизнес-плана/Кнопка Факт' is clicked on

09-12-2024T07:51:16 - [MESSAGE][PASSED] - Object: 'Object Repository/Выполнение бизнес-плана/Кнопка Факт' is clicked on

09-12-2024T07:51:16 - [TEST_STEP][PASSED] - if (a == 84 || a == 82): null

09-12-2024T07:51:16 - [TEST_STEP][PASSED] - else if (a == 52 || a == 72 || a == 28 || a == 73 || a == 77 || a == 74 || a == 65 || a == 36 || a == 44 || a == 53 || a == 80 || a == 54 || a == 1 || a == 18 || a == 59 || a == 81): null

09-12-2024T07:51:16 - [TEST_STEP][PASSED] - else: null

09-12-2024T07:51:16 - [TEST_STEP][PASSED] - page1 = getText(findTestObject("Object Repository/Выполнение бизнес-плана/spanPlan" + filialNum)): Text of object 'Object Repository/Выполнение бизнес-плана/spanPlan2' is: '10.59
|'

09-12-2024T07:51:17 - [MESSAGE][PASSED] - Text of object 'Object Repository/Выполнение бизнес-плана/spanPlan2' is: '10.59
|'

09-12-2024T07:51:17 - [TEST_STEP][PASSED] - page1 = page1.replace("|", ""): null

09-12-2024T07:51:17 - [TEST_STEP][PASSED] - page2 = getText(findTestObject("Object Repository/Выполнение бизнес-плана/spanFact" + filialNum)): Text of object 'Object Repository/Выполнение бизнес-плана/spanFact2' is: '11.04
|'

09-12-2024T07:51:17 - [MESSAGE][PASSED] - Text of object 'Object Repository/Выполнение бизнес-плана/spanFact2' is: '11.04
|'

09-12-2024T07:51:17 - [TEST_STEP][PASSED] - page2 = page2.replace("|", ""): null

09-12-2024T07:51:17 - [TEST_STEP][PASSED] - println("page1: " + page1): null

09-12-2024T07:51:17 - [TEST_STEP][PASSED] - println("page2: " + page2): null

09-12-2024T07:51:17 - [TEST_STEP][PASSED] - file = findTestData("PlanFact").getValue(4, a): null

09-12-2024T07:51:17 - [TEST_STEP][PASSED] - file = file.replace(",", "."): null

09-12-2024T07:51:17 - [TEST_STEP][PASSED] - println("file Plan: " + file): null

09-12-2024T07:51:17 - [TEST_STEP][PASSED] - typeOfData = "План в процентах": null

09-12-2024T07:51:17 - [TEST_STEP][PASSED] - fileDouble = file.toDouble(): null

09-12-2024T07:51:17 - [TEST_STEP][PASSED] - pageDouble = page1.toDouble(): null

09-12-2024T07:51:17 - [TEST_STEP][PASSED] - if (fileDouble != pageDouble): null

09-12-2024T07:51:17 - [TEST_STEP][PASSED] - file = findTestData("PlanFact").getValue(7, a): null

09-12-2024T07:51:17 - [TEST_STEP][PASSED] - file = file.replace(",", "."): null

09-12-2024T07:51:17 - [TEST_STEP][PASSED] - println("file Fact: " + file): null

09-12-2024T07:51:17 - [TEST_STEP][PASSED] - fileDouble = file.toDouble(): null

09-12-2024T07:51:17 - [TEST_STEP][PASSED] - typeOfData = "Факт в процентах": null

09-12-2024T07:51:17 - [TEST_STEP][PASSED] - fileDouble = file.toDouble(): null

09-12-2024T07:51:17 - [TEST_STEP][PASSED] - pageDouble = page2.toDouble(): null

09-12-2024T07:51:17 - [TEST_STEP][PASSED] - if (fileDouble != pageDouble): null

09-12-2024T07:51:17 - [TEST_STEP][PASSED] - if (verifyEqual(numberOfErrors, 0) == false): Actual object '0' and expected object '0' are equal

09-12-2024T07:51:17 - [MESSAGE][PASSED] - Actual object '0' and expected object '0' are equal

09-12-2024T07:51:17 - [TEST_STEP][PASSED] - if (a == 82): null

09-12-2024T07:51:17 - [TEST_STEP][PASSED] - dZO = "Красноярскэнерго": null

09-12-2024T07:51:17 - [TEST_STEP][PASSED] - a = 47: null

09-12-2024T07:51:17 - [TEST_STEP][PASSED] - if (x2.contains(dZO)): null

09-12-2024T07:51:17 - [TEST_STEP][PASSED] - filialNum = filialNum + 1: null

09-12-2024T07:51:17 - [TEST_STEP][PASSED] - Script1718980020443.Numbers(a, typeOfData, todaysDate, pageInt, fileInt, pageDouble, fileDouble, dZO, dzoNum, filialNum): null

09-12-2024T07:51:17 - [TEST_STEP][PASSED] - println(dzoNum): null

09-12-2024T07:51:17 - [TEST_STEP][PASSED] - planFact = <not implemented yet for class: org.codehaus.groovy.ast.expr.EmptyExpression>: null

09-12-2024T07:51:17 - [TEST_STEP][PASSED] - page = <not implemented yet for class: org.codehaus.groovy.ast.expr.EmptyExpression>: null

09-12-2024T07:51:17 - [TEST_STEP][PASSED] - page1 = <not implemented yet for class: org.codehaus.groovy.ast.expr.EmptyExpression>: null

09-12-2024T07:51:17 - [TEST_STEP][PASSED] - page2 = <not implemented yet for class: org.codehaus.groovy.ast.expr.EmptyExpression>: null

09-12-2024T07:51:17 - [TEST_STEP][PASSED] - filialNumberInRow = <not implemented yet for class: org.codehaus.groovy.ast.expr.EmptyExpression>: null

09-12-2024T07:51:17 - [TEST_STEP][PASSED] - filialsDzoNames = <not implemented yet for class: org.codehaus.groovy.ast.expr.EmptyExpression>: null

09-12-2024T07:51:17 - [TEST_STEP][PASSED] - numberOfFilials = <not implemented yet for class: org.codehaus.groovy.ast.expr.EmptyExpression>: null

09-12-2024T07:51:17 - [TEST_STEP][PASSED] - numberOfSpaces = <not implemented yet for class: org.codehaus.groovy.ast.expr.EmptyExpression>: null

09-12-2024T07:51:17 - [TEST_STEP][PASSED] - file = <not implemented yet for class: org.codehaus.groovy.ast.expr.EmptyExpression>: null

09-12-2024T07:51:17 - [TEST_STEP][PASSED] - otpusk = <not implemented yet for class: org.codehaus.groovy.ast.expr.EmptyExpression>: null

09-12-2024T07:51:17 - [TEST_STEP][PASSED] - poteri = <not implemented yet for class: org.codehaus.groovy.ast.expr.EmptyExpression>: null

09-12-2024T07:51:17 - [TEST_STEP][PASSED] - dataFolder = "Выполнение бизнес-плана/Значения со страницы Выполнение бизнес-плана/": null

09-12-2024T07:51:17 - [TEST_STEP][PASSED] - path = <not implemented yet for class: org.codehaus.groovy.ast.expr.EmptyExpression>: null

09-12-2024T07:51:17 - [TEST_STEP][PASSED] - typeOfDataMain = <not implemented yet for class: org.codehaus.groovy.ast.expr.EmptyExpression>: null

09-12-2024T07:51:17 - [TEST_STEP][PASSED] - fileOtpuskVSet = <not implemented yet for class: org.codehaus.groovy.ast.expr.EmptyExpression>: null

09-12-2024T07:51:17 - [TEST_STEP][PASSED] - pageOtpuskVSet = <not implemented yet for class: org.codehaus.groovy.ast.expr.EmptyExpression>: null

09-12-2024T07:51:17 - [TEST_STEP][PASSED] - filePoteri = <not implemented yet for class: org.codehaus.groovy.ast.expr.EmptyExpression>: null

09-12-2024T07:51:17 - [TEST_STEP][PASSED] - pagePoteri = <not implemented yet for class: org.codehaus.groovy.ast.expr.EmptyExpression>: null

09-12-2024T07:51:17 - [TEST_STEP][PASSED] - compare = <not implemented yet for class: org.codehaus.groovy.ast.expr.EmptyExpression>: null

09-12-2024T07:51:17 - [TEST_STEP][PASSED] - b = <not implemented yet for class: org.codehaus.groovy.ast.expr.EmptyExpression>: null

09-12-2024T07:51:17 - [TEST_STEP][PASSED] - i = <not implemented yet for class: org.codehaus.groovy.ast.expr.EmptyExpression>: null

09-12-2024T07:51:17 - [TEST_STEP][PASSED] - ii = <not implemented yet for class: org.codehaus.groovy.ast.expr.EmptyExpression>: null

09-12-2024T07:51:17 - [TEST_STEP][PASSED] - c = <not implemented yet for class: org.codehaus.groovy.ast.expr.EmptyExpression>: null

09-12-2024T07:51:17 - [TEST_STEP][PASSED] - numberOfErrors = 0: null

09-12-2024T07:51:17 - [TEST_STEP][PASSED] - if (a == 82): null

09-12-2024T07:51:17 - [TEST_STEP][PASSED] - b = findTestData("PlanFact").getValue(1, a): null

09-12-2024T07:51:17 - [TEST_STEP][PASSED] - i = b.indexOf(" (ГК)"): null

09-12-2024T07:51:17 - [TEST_STEP][PASSED] - if (i > -1): null

09-12-2024T07:51:17 - [TEST_STEP][PASSED] - i = b.indexOf("О ""): null

09-12-2024T07:51:17 - [TEST_STEP][PASSED] - if (i > -1): null

09-12-2024T07:51:17 - [TEST_STEP][PASSED] - i = b.indexOf("О «"): null

09-12-2024T07:51:17 - [TEST_STEP][PASSED] - if (i > -1): null

09-12-2024T07:51:17 - [TEST_STEP][PASSED] - i = b.indexOf("г. "): null

09-12-2024T07:51:17 - [TEST_STEP][PASSED] - if (i > -1): null

09-12-2024T07:51:17 - [TEST_STEP][PASSED] - println(b): null

09-12-2024T07:51:17 - [TEST_STEP][PASSED] - for ([planFact = 1, planFact < 3, (planFact++)]): Object: 'Object Repository/Выполнение бизнес-плана/Кнопка Факт' is clicked on

09-12-2024T07:51:17 - [TEST_STEP][PASSED] - if (planFact == 1): null

09-12-2024T07:51:17 - [TEST_STEP][PASSED] - typeOfDataMain = "Факт": null

09-12-2024T07:51:17 - [TEST_STEP][PASSED] - otpusk = findTestData("PlanFact").getValue(5, a): null

09-12-2024T07:51:17 - [TEST_STEP][PASSED] - poteri = findTestData("PlanFact").getValue(6, a): null

09-12-2024T07:51:17 - [TEST_STEP][PASSED] - otpusk = otpusk.replaceAll("\s+", ""): null

09-12-2024T07:51:17 - [TEST_STEP][PASSED] - poteri = poteri.replaceAll("\s+", ""): null

09-12-2024T07:51:17 - [TEST_STEP][PASSED] - typeOfData = typeOfDataMain + " Отпуск в сеть": null

09-12-2024T07:51:17 - [TEST_STEP][PASSED] - if (a == 82): null

09-12-2024T07:51:17 - [TEST_STEP][PASSED] - else if (a == 84): null

09-12-2024T07:51:17 - [TEST_STEP][PASSED] - else if (a == 52 || a == 72 || a == 28 || a == 73 || a == 77 || a == 74 || a == 65 || a == 36 || a == 44 || a == 53 || a == 80 || a == 54 || a == 1 || a == 18 || a == 59 || a == 81): null

09-12-2024T07:51:17 - [TEST_STEP][PASSED] - else: null

09-12-2024T07:51:17 - [TEST_STEP][PASSED] - path = dataFolder + typeOfData + " за отчётный период " + b: null

09-12-2024T07:51:17 - [TEST_STEP][PASSED] - println(path): null

09-12-2024T07:51:17 - [TEST_STEP][PASSED] - page = getText(findTestObject(path)): Text of object 'Object Repository/Выполнение бизнес-плана/Значения со страницы Выполнение бизнес-плана/Факт Отпуск в сеть за отчётный период Красноярскэнерго' is: '12 214 897'

09-12-2024T07:51:17 - [MESSAGE][PASSED] - Text of object 'Object Repository/Выполнение бизнес-плана/Значения со страницы Выполнение бизнес-плана/Факт Отпуск в сеть за отчётный период Красноярскэнерго' is: '12 214 897'

09-12-2024T07:51:17 - [TEST_STEP][PASSED] - page = page.replaceAll("\s+", ""): null

09-12-2024T07:51:17 - [TEST_STEP][PASSED] - fileOtpuskVSet = otpusk.toInteger(): null

09-12-2024T07:51:17 - [TEST_STEP][PASSED] - pageOtpuskVSet = page.toInteger(): null

09-12-2024T07:51:17 - [TEST_STEP][PASSED] - typeOfData = typeOfDataMain + " Потери": null

09-12-2024T07:51:17 - [TEST_STEP][PASSED] - if (a == 82): null

09-12-2024T07:51:17 - [TEST_STEP][PASSED] - else if (a == 84): null

09-12-2024T07:51:17 - [TEST_STEP][PASSED] - else if (a == 52 || a == 72 || a == 28 || a == 73 || a == 77 || a == 74 || a == 65 || a == 36 || a == 44 || a == 53 || a == 80 || a == 54 || a == 1 || a == 18 || a == 59 || a == 81): null

09-12-2024T07:51:17 - [TEST_STEP][PASSED] - else: null

09-12-2024T07:51:17 - [TEST_STEP][PASSED] - path = dataFolder + typeOfData + " за отчётный период " + b: null

09-12-2024T07:51:17 - [TEST_STEP][PASSED] - page = getText(findTestObject(path)): Text of object 'Object Repository/Выполнение бизнес-плана/Значения со страницы Выполнение бизнес-плана/Факт Потери за отчётный период Красноярскэнерго' is: '1 153 246'

09-12-2024T07:51:18 - [MESSAGE][PASSED] - Text of object 'Object Repository/Выполнение бизнес-плана/Значения со страницы Выполнение бизнес-плана/Факт Потери за отчётный период Красноярскэнерго' is: '1 153 246'

09-12-2024T07:51:18 - [TEST_STEP][PASSED] - page = page.replaceAll("\s+", ""): null

09-12-2024T07:51:18 - [TEST_STEP][PASSED] - filePoteri = poteri.toInteger(): null

09-12-2024T07:51:18 - [TEST_STEP][PASSED] - pagePoteri = page.toInteger(): null

09-12-2024T07:51:18 - [TEST_STEP][PASSED] - compare = pageOtpuskVSet: null

09-12-2024T07:51:18 - [TEST_STEP][PASSED] - if (compare == fileOtpuskVSet): null

09-12-2024T07:51:18 - [TEST_STEP][PASSED] - if (compare == fileOtpuskVSet): null

09-12-2024T07:51:18 - [TEST_STEP][PASSED] - compare = pagePoteri: null

09-12-2024T07:51:18 - [TEST_STEP][PASSED] - if (compare == filePoteri): null

09-12-2024T07:51:18 - [TEST_STEP][PASSED] - if (compare == filePoteri): null

09-12-2024T07:51:18 - [TEST_STEP][PASSED] - if (planFact == 2): null

09-12-2024T07:51:18 - [TEST_STEP][PASSED] - if (planFact == 1): null

09-12-2024T07:51:18 - [TEST_STEP][PASSED] - else if (planFact == 2): null

09-12-2024T07:51:18 - [TEST_STEP][PASSED] - click(findTestObject("Выполнение бизнес-плана/Кнопка План")): Object: 'Object Repository/Выполнение бизнес-плана/Кнопка План' is clicked on

09-12-2024T07:51:18 - [MESSAGE][PASSED] - Object: 'Object Repository/Выполнение бизнес-плана/Кнопка План' is clicked on

09-12-2024T07:51:18 - [TEST_STEP][PASSED] - typeOfDataMain = "План": null

09-12-2024T07:51:18 - [TEST_STEP][PASSED] - otpusk = findTestData("PlanFact").getValue(2, a): null

09-12-2024T07:51:18 - [TEST_STEP][PASSED] - poteri = findTestData("PlanFact").getValue(3, a): null

09-12-2024T07:51:18 - [TEST_STEP][PASSED] - otpusk = otpusk.replaceAll("\s+", ""): null

09-12-2024T07:51:18 - [TEST_STEP][PASSED] - poteri = poteri.replaceAll("\s+", ""): null

09-12-2024T07:51:18 - [TEST_STEP][PASSED] - typeOfData = typeOfDataMain + " Отпуск в сеть": null

09-12-2024T07:51:18 - [TEST_STEP][PASSED] - if (a == 82): null

09-12-2024T07:51:18 - [TEST_STEP][PASSED] - else if (a == 84): null

09-12-2024T07:51:18 - [TEST_STEP][PASSED] - else if (a == 52 || a == 72 || a == 28 || a == 73 || a == 77 || a == 74 || a == 65 || a == 36 || a == 44 || a == 53 || a == 80 || a == 54 || a == 1 || a == 18 || a == 59 || a == 81): null

09-12-2024T07:51:18 - [TEST_STEP][PASSED] - else: null

09-12-2024T07:51:18 - [TEST_STEP][PASSED] - path = dataFolder + typeOfData + " за отчётный период " + b: null

09-12-2024T07:51:18 - [TEST_STEP][PASSED] - println(path): null

09-12-2024T07:51:18 - [TEST_STEP][PASSED] - page = getText(findTestObject(path)): Text of object 'Object Repository/Выполнение бизнес-плана/Значения со страницы Выполнение бизнес-плана/План Отпуск в сеть за отчётный период Красноярскэнерго' is: '11 443 034'

09-12-2024T07:51:19 - [MESSAGE][PASSED] - Text of object 'Object Repository/Выполнение бизнес-плана/Значения со страницы Выполнение бизнес-плана/План Отпуск в сеть за отчётный период Красноярскэнерго' is: '11 443 034'

09-12-2024T07:51:19 - [TEST_STEP][PASSED] - page = page.replaceAll("\s+", ""): null

09-12-2024T07:51:19 - [TEST_STEP][PASSED] - fileOtpuskVSet = otpusk.toInteger(): null

09-12-2024T07:51:19 - [TEST_STEP][PASSED] - pageOtpuskVSet = page.toInteger(): null

09-12-2024T07:51:19 - [TEST_STEP][PASSED] - typeOfData = typeOfDataMain + " Потери": null

09-12-2024T07:51:19 - [TEST_STEP][PASSED] - if (a == 82): null

09-12-2024T07:51:19 - [TEST_STEP][PASSED] - else if (a == 84): null

09-12-2024T07:51:19 - [TEST_STEP][PASSED] - else if (a == 52 || a == 72 || a == 28 || a == 73 || a == 77 || a == 74 || a == 65 || a == 36 || a == 44 || a == 53 || a == 80 || a == 54 || a == 1 || a == 18 || a == 59 || a == 81): null

09-12-2024T07:51:19 - [TEST_STEP][PASSED] - else: null

09-12-2024T07:51:19 - [TEST_STEP][PASSED] - path = dataFolder + typeOfData + " за отчётный период " + b: null

09-12-2024T07:51:19 - [TEST_STEP][PASSED] - page = getText(findTestObject(path)): Text of object 'Object Repository/Выполнение бизнес-плана/Значения со страницы Выполнение бизнес-плана/План Потери за отчётный период Красноярскэнерго' is: '1 098 076'

09-12-2024T07:51:19 - [MESSAGE][PASSED] - Text of object 'Object Repository/Выполнение бизнес-плана/Значения со страницы Выполнение бизнес-плана/План Потери за отчётный период Красноярскэнерго' is: '1 098 076'

09-12-2024T07:51:19 - [TEST_STEP][PASSED] - page = page.replaceAll("\s+", ""): null

09-12-2024T07:51:19 - [TEST_STEP][PASSED] - filePoteri = poteri.toInteger(): null

09-12-2024T07:51:19 - [TEST_STEP][PASSED] - pagePoteri = page.toInteger(): null

09-12-2024T07:51:19 - [TEST_STEP][PASSED] - compare = pageOtpuskVSet: null

09-12-2024T07:51:19 - [TEST_STEP][PASSED] - if (compare == fileOtpuskVSet): null

09-12-2024T07:51:19 - [TEST_STEP][PASSED] - if (compare == fileOtpuskVSet): null

09-12-2024T07:51:19 - [TEST_STEP][PASSED] - compare = pagePoteri: null

09-12-2024T07:51:19 - [TEST_STEP][PASSED] - if (compare == filePoteri): null

09-12-2024T07:51:19 - [TEST_STEP][PASSED] - if (compare == filePoteri): null

09-12-2024T07:51:19 - [TEST_STEP][PASSED] - if (planFact == 2): Object: 'Object Repository/Выполнение бизнес-плана/Кнопка Факт' is clicked on

09-12-2024T07:51:19 - [TEST_STEP][PASSED] - click(findTestObject("Выполнение бизнес-плана/Кнопка Факт")): Object: 'Object Repository/Выполнение бизнес-плана/Кнопка Факт' is clicked on

09-12-2024T07:51:19 - [MESSAGE][PASSED] - Object: 'Object Repository/Выполнение бизнес-плана/Кнопка Факт' is clicked on

09-12-2024T07:51:19 - [TEST_STEP][PASSED] - if (a == 84 || a == 82): null

09-12-2024T07:51:19 - [TEST_STEP][PASSED] - else if (a == 52 || a == 72 || a == 28 || a == 73 || a == 77 || a == 74 || a == 65 || a == 36 || a == 44 || a == 53 || a == 80 || a == 54 || a == 1 || a == 18 || a == 59 || a == 81): null

09-12-2024T07:51:19 - [TEST_STEP][PASSED] - else: null

09-12-2024T07:51:19 - [TEST_STEP][PASSED] - page1 = getText(findTestObject("Object Repository/Выполнение бизнес-плана/spanPlan" + filialNum)): Text of object 'Object Repository/Выполнение бизнес-плана/spanPlan3' is: '9.60
|'

09-12-2024T07:51:20 - [MESSAGE][PASSED] - Text of object 'Object Repository/Выполнение бизнес-плана/spanPlan3' is: '9.60
|'

09-12-2024T07:51:20 - [TEST_STEP][PASSED] - page1 = page1.replace("|", ""): null

09-12-2024T07:51:20 - [TEST_STEP][PASSED] - page2 = getText(findTestObject("Object Repository/Выполнение бизнес-плана/spanFact" + filialNum)): Text of object 'Object Repository/Выполнение бизнес-плана/spanFact3' is: '9.44
|'

09-12-2024T07:51:20 - [MESSAGE][PASSED] - Text of object 'Object Repository/Выполнение бизнес-плана/spanFact3' is: '9.44
|'

09-12-2024T07:51:20 - [TEST_STEP][PASSED] - page2 = page2.replace("|", ""): null

09-12-2024T07:51:20 - [TEST_STEP][PASSED] - println("page1: " + page1): null

09-12-2024T07:51:20 - [TEST_STEP][PASSED] - println("page2: " + page2): null

09-12-2024T07:51:20 - [TEST_STEP][PASSED] - file = findTestData("PlanFact").getValue(4, a): null

09-12-2024T07:51:20 - [TEST_STEP][PASSED] - file = file.replace(",", "."): null

09-12-2024T07:51:20 - [TEST_STEP][PASSED] - println("file Plan: " + file): null

09-12-2024T07:51:20 - [TEST_STEP][PASSED] - typeOfData = "План в процентах": null

09-12-2024T07:51:20 - [TEST_STEP][PASSED] - fileDouble = file.toDouble(): null

09-12-2024T07:51:20 - [TEST_STEP][PASSED] - pageDouble = page1.toDouble(): null

09-12-2024T07:51:20 - [TEST_STEP][PASSED] - if (fileDouble != pageDouble): null

09-12-2024T07:51:20 - [TEST_STEP][PASSED] - file = findTestData("PlanFact").getValue(7, a): null

09-12-2024T07:51:20 - [TEST_STEP][PASSED] - file = file.replace(",", "."): null

09-12-2024T07:51:20 - [TEST_STEP][PASSED] - println("file Fact: " + file): null

09-12-2024T07:51:20 - [TEST_STEP][PASSED] - fileDouble = file.toDouble(): null

09-12-2024T07:51:20 - [TEST_STEP][PASSED] - typeOfData = "Факт в процентах": null

09-12-2024T07:51:20 - [TEST_STEP][PASSED] - fileDouble = file.toDouble(): null

09-12-2024T07:51:20 - [TEST_STEP][PASSED] - pageDouble = page2.toDouble(): null

09-12-2024T07:51:20 - [TEST_STEP][PASSED] - if (fileDouble != pageDouble): null

09-12-2024T07:51:20 - [TEST_STEP][PASSED] - if (verifyEqual(numberOfErrors, 0) == false): Actual object '0' and expected object '0' are equal

09-12-2024T07:51:20 - [MESSAGE][PASSED] - Actual object '0' and expected object '0' are equal

09-12-2024T07:51:20 - [TEST_STEP][PASSED] - if (a == 82): null

09-12-2024T07:51:20 - [TEST_STEP][PASSED] - dZO = "Кузбассэнерго-РЭС": null

09-12-2024T07:51:20 - [TEST_STEP][PASSED] - a = 48: null

09-12-2024T07:51:20 - [TEST_STEP][PASSED] - if (x2.contains(dZO)): null

09-12-2024T07:51:20 - [TEST_STEP][PASSED] - filialNum = filialNum + 1: null

09-12-2024T07:51:20 - [TEST_STEP][PASSED] - Script1718980020443.Numbers(a, typeOfData, todaysDate, pageInt, fileInt, pageDouble, fileDouble, dZO, dzoNum, filialNum): null

09-12-2024T07:51:20 - [TEST_STEP][PASSED] - println(dzoNum): null

09-12-2024T07:51:20 - [TEST_STEP][PASSED] - planFact = <not implemented yet for class: org.codehaus.groovy.ast.expr.EmptyExpression>: null

09-12-2024T07:51:20 - [TEST_STEP][PASSED] - page = <not implemented yet for class: org.codehaus.groovy.ast.expr.EmptyExpression>: null

09-12-2024T07:51:20 - [TEST_STEP][PASSED] - page1 = <not implemented yet for class: org.codehaus.groovy.ast.expr.EmptyExpression>: null

09-12-2024T07:51:20 - [TEST_STEP][PASSED] - page2 = <not implemented yet for class: org.codehaus.groovy.ast.expr.EmptyExpression>: null

09-12-2024T07:51:20 - [TEST_STEP][PASSED] - filialNumberInRow = <not implemented yet for class: org.codehaus.groovy.ast.expr.EmptyExpression>: null

09-12-2024T07:51:20 - [TEST_STEP][PASSED] - filialsDzoNames = <not implemented yet for class: org.codehaus.groovy.ast.expr.EmptyExpression>: null

09-12-2024T07:51:20 - [TEST_STEP][PASSED] - numberOfFilials = <not implemented yet for class: org.codehaus.groovy.ast.expr.EmptyExpression>: null

09-12-2024T07:51:20 - [TEST_STEP][PASSED] - numberOfSpaces = <not implemented yet for class: org.codehaus.groovy.ast.expr.EmptyExpression>: null

09-12-2024T07:51:20 - [TEST_STEP][PASSED] - file = <not implemented yet for class: org.codehaus.groovy.ast.expr.EmptyExpression>: null

09-12-2024T07:51:20 - [TEST_STEP][PASSED] - otpusk = <not implemented yet for class: org.codehaus.groovy.ast.expr.EmptyExpression>: null

09-12-2024T07:51:20 - [TEST_STEP][PASSED] - poteri = <not implemented yet for class: org.codehaus.groovy.ast.expr.EmptyExpression>: null

09-12-2024T07:51:20 - [TEST_STEP][PASSED] - dataFolder = "Выполнение бизнес-плана/Значения со страницы Выполнение бизнес-плана/": null

09-12-2024T07:51:20 - [TEST_STEP][PASSED] - path = <not implemented yet for class: org.codehaus.groovy.ast.expr.EmptyExpression>: null

09-12-2024T07:51:20 - [TEST_STEP][PASSED] - typeOfDataMain = <not implemented yet for class: org.codehaus.groovy.ast.expr.EmptyExpression>: null

09-12-2024T07:51:20 - [TEST_STEP][PASSED] - fileOtpuskVSet = <not implemented yet for class: org.codehaus.groovy.ast.expr.EmptyExpression>: null

09-12-2024T07:51:20 - [TEST_STEP][PASSED] - pageOtpuskVSet = <not implemented yet for class: org.codehaus.groovy.ast.expr.EmptyExpression>: null

09-12-2024T07:51:20 - [TEST_STEP][PASSED] - filePoteri = <not implemented yet for class: org.codehaus.groovy.ast.expr.EmptyExpression>: null

09-12-2024T07:51:20 - [TEST_STEP][PASSED] - pagePoteri = <not implemented yet for class: org.codehaus.groovy.ast.expr.EmptyExpression>: null

09-12-2024T07:51:20 - [TEST_STEP][PASSED] - compare = <not implemented yet for class: org.codehaus.groovy.ast.expr.EmptyExpression>: null

09-12-2024T07:51:20 - [TEST_STEP][PASSED] - b = <not implemented yet for class: org.codehaus.groovy.ast.expr.EmptyExpression>: null

09-12-2024T07:51:20 - [TEST_STEP][PASSED] - i = <not implemented yet for class: org.codehaus.groovy.ast.expr.EmptyExpression>: null

09-12-2024T07:51:20 - [TEST_STEP][PASSED] - ii = <not implemented yet for class: org.codehaus.groovy.ast.expr.EmptyExpression>: null

09-12-2024T07:51:20 - [TEST_STEP][PASSED] - c = <not implemented yet for class: org.codehaus.groovy.ast.expr.EmptyExpression>: null

09-12-2024T07:51:20 - [TEST_STEP][PASSED] - numberOfErrors = 0: null

09-12-2024T07:51:20 - [TEST_STEP][PASSED] - if (a == 82): null

09-12-2024T07:51:20 - [TEST_STEP][PASSED] - b = findTestData("PlanFact").getValue(1, a): null

09-12-2024T07:51:20 - [TEST_STEP][PASSED] - i = b.indexOf(" (ГК)"): null

09-12-2024T07:51:20 - [TEST_STEP][PASSED] - if (i > -1): null

09-12-2024T07:51:20 - [TEST_STEP][PASSED] - i = b.indexOf("О ""): null

09-12-2024T07:51:20 - [TEST_STEP][PASSED] - if (i > -1): null

09-12-2024T07:51:20 - [TEST_STEP][PASSED] - i = b.indexOf("О «"): null

09-12-2024T07:51:20 - [TEST_STEP][PASSED] - if (i > -1): null

09-12-2024T07:51:20 - [TEST_STEP][PASSED] - i = b.indexOf("г. "): null

09-12-2024T07:51:20 - [TEST_STEP][PASSED] - if (i > -1): null

09-12-2024T07:51:20 - [TEST_STEP][PASSED] - println(b): null

09-12-2024T07:51:20 - [TEST_STEP][PASSED] - for ([planFact = 1, planFact < 3, (planFact++)]): Object: 'Object Repository/Выполнение бизнес-плана/Кнопка Факт' is clicked on

09-12-2024T07:51:20 - [TEST_STEP][PASSED] - if (planFact == 1): null

09-12-2024T07:51:20 - [TEST_STEP][PASSED] - typeOfDataMain = "Факт": null

09-12-2024T07:51:20 - [TEST_STEP][PASSED] - otpusk = findTestData("PlanFact").getValue(5, a): null

09-12-2024T07:51:20 - [TEST_STEP][PASSED] - poteri = findTestData("PlanFact").getValue(6, a): null

09-12-2024T07:51:20 - [TEST_STEP][PASSED] - otpusk = otpusk.replaceAll("\s+", ""): null

09-12-2024T07:51:20 - [TEST_STEP][PASSED] - poteri = poteri.replaceAll("\s+", ""): null

09-12-2024T07:51:20 - [TEST_STEP][PASSED] - typeOfData = typeOfDataMain + " Отпуск в сеть": null

09-12-2024T07:51:20 - [TEST_STEP][PASSED] - if (a == 82): null

09-12-2024T07:51:20 - [TEST_STEP][PASSED] - else if (a == 84): null

09-12-2024T07:51:20 - [TEST_STEP][PASSED] - else if (a == 52 || a == 72 || a == 28 || a == 73 || a == 77 || a == 74 || a == 65 || a == 36 || a == 44 || a == 53 || a == 80 || a == 54 || a == 1 || a == 18 || a == 59 || a == 81): null

09-12-2024T07:51:20 - [TEST_STEP][PASSED] - else: null

09-12-2024T07:51:20 - [TEST_STEP][PASSED] - path = dataFolder + typeOfData + " за отчётный период " + b: null

09-12-2024T07:51:20 - [TEST_STEP][PASSED] - println(path): null

09-12-2024T07:51:20 - [TEST_STEP][PASSED] - page = getText(findTestObject(path)): Text of object 'Object Repository/Выполнение бизнес-плана/Значения со страницы Выполнение бизнес-плана/Факт Отпуск в сеть за отчётный период Кузбассэнерго-РЭС' is: '12 364 247'

09-12-2024T07:51:20 - [MESSAGE][PASSED] - Text of object 'Object Repository/Выполнение бизнес-плана/Значения со страницы Выполнение бизнес-плана/Факт Отпуск в сеть за отчётный период Кузбассэнерго-РЭС' is: '12 364 247'

09-12-2024T07:51:20 - [TEST_STEP][PASSED] - page = page.replaceAll("\s+", ""): null

09-12-2024T07:51:20 - [TEST_STEP][PASSED] - fileOtpuskVSet = otpusk.toInteger(): null

09-12-2024T07:51:20 - [TEST_STEP][PASSED] - pageOtpuskVSet = page.toInteger(): null

09-12-2024T07:51:20 - [TEST_STEP][PASSED] - typeOfData = typeOfDataMain + " Потери": null

09-12-2024T07:51:20 - [TEST_STEP][PASSED] - if (a == 82): null

09-12-2024T07:51:20 - [TEST_STEP][PASSED] - else if (a == 84): null

09-12-2024T07:51:20 - [TEST_STEP][PASSED] - else if (a == 52 || a == 72 || a == 28 || a == 73 || a == 77 || a == 74 || a == 65 || a == 36 || a == 44 || a == 53 || a == 80 || a == 54 || a == 1 || a == 18 || a == 59 || a == 81): null

09-12-2024T07:51:20 - [TEST_STEP][PASSED] - else: null

09-12-2024T07:51:20 - [TEST_STEP][PASSED] - path = dataFolder + typeOfData + " за отчётный период " + b: null

09-12-2024T07:51:20 - [TEST_STEP][PASSED] - page = getText(findTestObject(path)): Text of object 'Object Repository/Выполнение бизнес-плана/Значения со страницы Выполнение бизнес-плана/Факт Потери за отчётный период Кузбассэнерго-РЭС' is: '450 851'

09-12-2024T07:51:21 - [MESSAGE][PASSED] - Text of object 'Object Repository/Выполнение бизнес-плана/Значения со страницы Выполнение бизнес-плана/Факт Потери за отчётный период Кузбассэнерго-РЭС' is: '450 851'

09-12-2024T07:51:21 - [TEST_STEP][PASSED] - page = page.replaceAll("\s+", ""): null

09-12-2024T07:51:21 - [TEST_STEP][PASSED] - filePoteri = poteri.toInteger(): null

09-12-2024T07:51:21 - [TEST_STEP][PASSED] - pagePoteri = page.toInteger(): null

09-12-2024T07:51:21 - [TEST_STEP][PASSED] - compare = pageOtpuskVSet: null

09-12-2024T07:51:21 - [TEST_STEP][PASSED] - if (compare == fileOtpuskVSet): null

09-12-2024T07:51:21 - [TEST_STEP][PASSED] - if (compare == fileOtpuskVSet): null

09-12-2024T07:51:21 - [TEST_STEP][PASSED] - compare = pagePoteri: null

09-12-2024T07:51:21 - [TEST_STEP][PASSED] - if (compare == filePoteri): null

09-12-2024T07:51:21 - [TEST_STEP][PASSED] - if (compare == filePoteri): null

09-12-2024T07:51:21 - [TEST_STEP][PASSED] - if (planFact == 2): null

09-12-2024T07:51:21 - [TEST_STEP][PASSED] - if (planFact == 1): null

09-12-2024T07:51:21 - [TEST_STEP][PASSED] - else if (planFact == 2): null

09-12-2024T07:51:21 - [TEST_STEP][PASSED] - click(findTestObject("Выполнение бизнес-плана/Кнопка План")): Object: 'Object Repository/Выполнение бизнес-плана/Кнопка План' is clicked on

09-12-2024T07:51:21 - [MESSAGE][PASSED] - Object: 'Object Repository/Выполнение бизнес-плана/Кнопка План' is clicked on

09-12-2024T07:51:21 - [TEST_STEP][PASSED] - typeOfDataMain = "План": null

09-12-2024T07:51:21 - [TEST_STEP][PASSED] - otpusk = findTestData("PlanFact").getValue(2, a): null

09-12-2024T07:51:21 - [TEST_STEP][PASSED] - poteri = findTestData("PlanFact").getValue(3, a): null

09-12-2024T07:51:21 - [TEST_STEP][PASSED] - otpusk = otpusk.replaceAll("\s+", ""): null

09-12-2024T07:51:21 - [TEST_STEP][PASSED] - poteri = poteri.replaceAll("\s+", ""): null

09-12-2024T07:51:21 - [TEST_STEP][PASSED] - typeOfData = typeOfDataMain + " Отпуск в сеть": null

09-12-2024T07:51:21 - [TEST_STEP][PASSED] - if (a == 82): null

09-12-2024T07:51:21 - [TEST_STEP][PASSED] - else if (a == 84): null

09-12-2024T07:51:21 - [TEST_STEP][PASSED] - else if (a == 52 || a == 72 || a == 28 || a == 73 || a == 77 || a == 74 || a == 65 || a == 36 || a == 44 || a == 53 || a == 80 || a == 54 || a == 1 || a == 18 || a == 59 || a == 81): null

09-12-2024T07:51:21 - [TEST_STEP][PASSED] - else: null

09-12-2024T07:51:21 - [TEST_STEP][PASSED] - path = dataFolder + typeOfData + " за отчётный период " + b: null

09-12-2024T07:51:21 - [TEST_STEP][PASSED] - println(path): null

09-12-2024T07:51:21 - [TEST_STEP][PASSED] - page = getText(findTestObject(path)): Text of object 'Object Repository/Выполнение бизнес-плана/Значения со страницы Выполнение бизнес-плана/План Отпуск в сеть за отчётный период Кузбассэнерго-РЭС' is: '11 835 481'

09-12-2024T07:51:22 - [MESSAGE][PASSED] - Text of object 'Object Repository/Выполнение бизнес-плана/Значения со страницы Выполнение бизнес-плана/План Отпуск в сеть за отчётный период Кузбассэнерго-РЭС' is: '11 835 481'

09-12-2024T07:51:22 - [TEST_STEP][PASSED] - page = page.replaceAll("\s+", ""): null

09-12-2024T07:51:22 - [TEST_STEP][PASSED] - fileOtpuskVSet = otpusk.toInteger(): null

09-12-2024T07:51:22 - [TEST_STEP][PASSED] - pageOtpuskVSet = page.toInteger(): null

09-12-2024T07:51:22 - [TEST_STEP][PASSED] - typeOfData = typeOfDataMain + " Потери": null

09-12-2024T07:51:22 - [TEST_STEP][PASSED] - if (a == 82): null

09-12-2024T07:51:22 - [TEST_STEP][PASSED] - else if (a == 84): null

09-12-2024T07:51:22 - [TEST_STEP][PASSED] - else if (a == 52 || a == 72 || a == 28 || a == 73 || a == 77 || a == 74 || a == 65 || a == 36 || a == 44 || a == 53 || a == 80 || a == 54 || a == 1 || a == 18 || a == 59 || a == 81): null

09-12-2024T07:51:22 - [TEST_STEP][PASSED] - else: null

09-12-2024T07:51:22 - [TEST_STEP][PASSED] - path = dataFolder + typeOfData + " за отчётный период " + b: null

09-12-2024T07:51:22 - [TEST_STEP][PASSED] - page = getText(findTestObject(path)): Text of object 'Object Repository/Выполнение бизнес-плана/Значения со страницы Выполнение бизнес-плана/План Потери за отчётный период Кузбассэнерго-РЭС' is: '458 838'

09-12-2024T07:51:22 - [MESSAGE][PASSED] - Text of object 'Object Repository/Выполнение бизнес-плана/Значения со страницы Выполнение бизнес-плана/План Потери за отчётный период Кузбассэнерго-РЭС' is: '458 838'

09-12-2024T07:51:22 - [TEST_STEP][PASSED] - page = page.replaceAll("\s+", ""): null

09-12-2024T07:51:22 - [TEST_STEP][PASSED] - filePoteri = poteri.toInteger(): null

09-12-2024T07:51:22 - [TEST_STEP][PASSED] - pagePoteri = page.toInteger(): null

09-12-2024T07:51:22 - [TEST_STEP][PASSED] - compare = pageOtpuskVSet: null

09-12-2024T07:51:22 - [TEST_STEP][PASSED] - if (compare == fileOtpuskVSet): null

09-12-2024T07:51:22 - [TEST_STEP][PASSED] - if (compare == fileOtpuskVSet): null

09-12-2024T07:51:22 - [TEST_STEP][PASSED] - compare = pagePoteri: null

09-12-2024T07:51:22 - [TEST_STEP][PASSED] - if (compare == filePoteri): null

09-12-2024T07:51:22 - [TEST_STEP][PASSED] - if (compare == filePoteri): null

09-12-2024T07:51:22 - [TEST_STEP][PASSED] - if (planFact == 2): Object: 'Object Repository/Выполнение бизнес-плана/Кнопка Факт' is clicked on

09-12-2024T07:51:22 - [TEST_STEP][PASSED] - click(findTestObject("Выполнение бизнес-плана/Кнопка Факт")): Object: 'Object Repository/Выполнение бизнес-плана/Кнопка Факт' is clicked on

09-12-2024T07:51:22 - [MESSAGE][PASSED] - Object: 'Object Repository/Выполнение бизнес-плана/Кнопка Факт' is clicked on

09-12-2024T07:51:22 - [TEST_STEP][PASSED] - if (a == 84 || a == 82): null

09-12-2024T07:51:22 - [TEST_STEP][PASSED] - else if (a == 52 || a == 72 || a == 28 || a == 73 || a == 77 || a == 74 || a == 65 || a == 36 || a == 44 || a == 53 || a == 80 || a == 54 || a == 1 || a == 18 || a == 59 || a == 81): null

09-12-2024T07:51:22 - [TEST_STEP][PASSED] - else: null

09-12-2024T07:51:22 - [TEST_STEP][PASSED] - page1 = getText(findTestObject("Object Repository/Выполнение бизнес-плана/spanPlan" + filialNum)): Text of object 'Object Repository/Выполнение бизнес-плана/spanPlan4' is: '3.88
|'

09-12-2024T07:51:22 - [MESSAGE][PASSED] - Text of object 'Object Repository/Выполнение бизнес-плана/spanPlan4' is: '3.88
|'

09-12-2024T07:51:22 - [TEST_STEP][PASSED] - page1 = page1.replace("|", ""): null

09-12-2024T07:51:22 - [TEST_STEP][PASSED] - page2 = getText(findTestObject("Object Repository/Выполнение бизнес-плана/spanFact" + filialNum)): Text of object 'Object Repository/Выполнение бизнес-плана/spanFact4' is: '3.65
|'

09-12-2024T07:51:23 - [MESSAGE][PASSED] - Text of object 'Object Repository/Выполнение бизнес-плана/spanFact4' is: '3.65
|'

09-12-2024T07:51:23 - [TEST_STEP][PASSED] - page2 = page2.replace("|", ""): null

09-12-2024T07:51:23 - [TEST_STEP][PASSED] - println("page1: " + page1): null

09-12-2024T07:51:23 - [TEST_STEP][PASSED] - println("page2: " + page2): null

09-12-2024T07:51:23 - [TEST_STEP][PASSED] - file = findTestData("PlanFact").getValue(4, a): null

09-12-2024T07:51:23 - [TEST_STEP][PASSED] - file = file.replace(",", "."): null

09-12-2024T07:51:23 - [TEST_STEP][PASSED] - println("file Plan: " + file): null

09-12-2024T07:51:23 - [TEST_STEP][PASSED] - typeOfData = "План в процентах": null

09-12-2024T07:51:23 - [TEST_STEP][PASSED] - fileDouble = file.toDouble(): null

09-12-2024T07:51:23 - [TEST_STEP][PASSED] - pageDouble = page1.toDouble(): null

09-12-2024T07:51:23 - [TEST_STEP][PASSED] - if (fileDouble != pageDouble): null

09-12-2024T07:51:23 - [TEST_STEP][PASSED] - file = findTestData("PlanFact").getValue(7, a): null

09-12-2024T07:51:23 - [TEST_STEP][PASSED] - file = file.replace(",", "."): null

09-12-2024T07:51:23 - [TEST_STEP][PASSED] - println("file Fact: " + file): null

09-12-2024T07:51:23 - [TEST_STEP][PASSED] - fileDouble = file.toDouble(): null

09-12-2024T07:51:23 - [TEST_STEP][PASSED] - typeOfData = "Факт в процентах": null

09-12-2024T07:51:23 - [TEST_STEP][PASSED] - fileDouble = file.toDouble(): null

09-12-2024T07:51:23 - [TEST_STEP][PASSED] - pageDouble = page2.toDouble(): null

09-12-2024T07:51:23 - [TEST_STEP][PASSED] - if (fileDouble != pageDouble): null

09-12-2024T07:51:23 - [TEST_STEP][PASSED] - if (verifyEqual(numberOfErrors, 0) == false): Actual object '0' and expected object '0' are equal

09-12-2024T07:51:23 - [MESSAGE][PASSED] - Actual object '0' and expected object '0' are equal

09-12-2024T07:51:23 - [TEST_STEP][PASSED] - if (a == 82): null

09-12-2024T07:51:23 - [TEST_STEP][PASSED] - dZO = "Омскэнерго": null

09-12-2024T07:51:23 - [TEST_STEP][PASSED] - a = 49: null

09-12-2024T07:51:23 - [TEST_STEP][PASSED] - if (x2.contains(dZO)): null

09-12-2024T07:51:23 - [TEST_STEP][PASSED] - filialNum = filialNum + 1: null

09-12-2024T07:51:23 - [TEST_STEP][PASSED] - Script1718980020443.Numbers(a, typeOfData, todaysDate, pageInt, fileInt, pageDouble, fileDouble, dZO, dzoNum, filialNum): null

09-12-2024T07:51:23 - [TEST_STEP][PASSED] - println(dzoNum): null

09-12-2024T07:51:23 - [TEST_STEP][PASSED] - planFact = <not implemented yet for class: org.codehaus.groovy.ast.expr.EmptyExpression>: null

09-12-2024T07:51:23 - [TEST_STEP][PASSED] - page = <not implemented yet for class: org.codehaus.groovy.ast.expr.EmptyExpression>: null

09-12-2024T07:51:23 - [TEST_STEP][PASSED] - page1 = <not implemented yet for class: org.codehaus.groovy.ast.expr.EmptyExpression>: null

09-12-2024T07:51:23 - [TEST_STEP][PASSED] - page2 = <not implemented yet for class: org.codehaus.groovy.ast.expr.EmptyExpression>: null

09-12-2024T07:51:23 - [TEST_STEP][PASSED] - filialNumberInRow = <not implemented yet for class: org.codehaus.groovy.ast.expr.EmptyExpression>: null

09-12-2024T07:51:23 - [TEST_STEP][PASSED] - filialsDzoNames = <not implemented yet for class: org.codehaus.groovy.ast.expr.EmptyExpression>: null

09-12-2024T07:51:23 - [TEST_STEP][PASSED] - numberOfFilials = <not implemented yet for class: org.codehaus.groovy.ast.expr.EmptyExpression>: null

09-12-2024T07:51:23 - [TEST_STEP][PASSED] - numberOfSpaces = <not implemented yet for class: org.codehaus.groovy.ast.expr.EmptyExpression>: null

09-12-2024T07:51:23 - [TEST_STEP][PASSED] - file = <not implemented yet for class: org.codehaus.groovy.ast.expr.EmptyExpression>: null

09-12-2024T07:51:23 - [TEST_STEP][PASSED] - otpusk = <not implemented yet for class: org.codehaus.groovy.ast.expr.EmptyExpression>: null

09-12-2024T07:51:23 - [TEST_STEP][PASSED] - poteri = <not implemented yet for class: org.codehaus.groovy.ast.expr.EmptyExpression>: null

09-12-2024T07:51:23 - [TEST_STEP][PASSED] - dataFolder = "Выполнение бизнес-плана/Значения со страницы Выполнение бизнес-плана/": null

09-12-2024T07:51:23 - [TEST_STEP][PASSED] - path = <not implemented yet for class: org.codehaus.groovy.ast.expr.EmptyExpression>: null

09-12-2024T07:51:23 - [TEST_STEP][PASSED] - typeOfDataMain = <not implemented yet for class: org.codehaus.groovy.ast.expr.EmptyExpression>: null

09-12-2024T07:51:23 - [TEST_STEP][PASSED] - fileOtpuskVSet = <not implemented yet for class: org.codehaus.groovy.ast.expr.EmptyExpression>: null

09-12-2024T07:51:23 - [TEST_STEP][PASSED] - pageOtpuskVSet = <not implemented yet for class: org.codehaus.groovy.ast.expr.EmptyExpression>: null

09-12-2024T07:51:23 - [TEST_STEP][PASSED] - filePoteri = <not implemented yet for class: org.codehaus.groovy.ast.expr.EmptyExpression>: null

09-12-2024T07:51:23 - [TEST_STEP][PASSED] - pagePoteri = <not implemented yet for class: org.codehaus.groovy.ast.expr.EmptyExpression>: null

09-12-2024T07:51:23 - [TEST_STEP][PASSED] - compare = <not implemented yet for class: org.codehaus.groovy.ast.expr.EmptyExpression>: null

09-12-2024T07:51:23 - [TEST_STEP][PASSED] - b = <not implemented yet for class: org.codehaus.groovy.ast.expr.EmptyExpression>: null

09-12-2024T07:51:23 - [TEST_STEP][PASSED] - i = <not implemented yet for class: org.codehaus.groovy.ast.expr.EmptyExpression>: null

09-12-2024T07:51:23 - [TEST_STEP][PASSED] - ii = <not implemented yet for class: org.codehaus.groovy.ast.expr.EmptyExpression>: null

09-12-2024T07:51:23 - [TEST_STEP][PASSED] - c = <not implemented yet for class: org.codehaus.groovy.ast.expr.EmptyExpression>: null

09-12-2024T07:51:23 - [TEST_STEP][PASSED] - numberOfErrors = 0: null

09-12-2024T07:51:23 - [TEST_STEP][PASSED] - if (a == 82): null

09-12-2024T07:51:23 - [TEST_STEP][PASSED] - b = findTestData("PlanFact").getValue(1, a): null

09-12-2024T07:51:23 - [TEST_STEP][PASSED] - i = b.indexOf(" (ГК)"): null

09-12-2024T07:51:23 - [TEST_STEP][PASSED] - if (i > -1): null

09-12-2024T07:51:23 - [TEST_STEP][PASSED] - i = b.indexOf("О ""): null

09-12-2024T07:51:23 - [TEST_STEP][PASSED] - if (i > -1): null

09-12-2024T07:51:23 - [TEST_STEP][PASSED] - i = b.indexOf("О «"): null

09-12-2024T07:51:23 - [TEST_STEP][PASSED] - if (i > -1): null

09-12-2024T07:51:23 - [TEST_STEP][PASSED] - i = b.indexOf("г. "): null

09-12-2024T07:51:23 - [TEST_STEP][PASSED] - if (i > -1): null

09-12-2024T07:51:23 - [TEST_STEP][PASSED] - println(b): null

09-12-2024T07:51:23 - [TEST_STEP][PASSED] - for ([planFact = 1, planFact < 3, (planFact++)]): Object: 'Object Repository/Выполнение бизнес-плана/Кнопка Факт' is clicked on

09-12-2024T07:51:23 - [TEST_STEP][PASSED] - if (planFact == 1): null

09-12-2024T07:51:23 - [TEST_STEP][PASSED] - typeOfDataMain = "Факт": null

09-12-2024T07:51:23 - [TEST_STEP][PASSED] - otpusk = findTestData("PlanFact").getValue(5, a): null

09-12-2024T07:51:23 - [TEST_STEP][PASSED] - poteri = findTestData("PlanFact").getValue(6, a): null

09-12-2024T07:51:23 - [TEST_STEP][PASSED] - otpusk = otpusk.replaceAll("\s+", ""): null

09-12-2024T07:51:23 - [TEST_STEP][PASSED] - poteri = poteri.replaceAll("\s+", ""): null

09-12-2024T07:51:23 - [TEST_STEP][PASSED] - typeOfData = typeOfDataMain + " Отпуск в сеть": null

09-12-2024T07:51:23 - [TEST_STEP][PASSED] - if (a == 82): null

09-12-2024T07:51:23 - [TEST_STEP][PASSED] - else if (a == 84): null

09-12-2024T07:51:23 - [TEST_STEP][PASSED] - else if (a == 52 || a == 72 || a == 28 || a == 73 || a == 77 || a == 74 || a == 65 || a == 36 || a == 44 || a == 53 || a == 80 || a == 54 || a == 1 || a == 18 || a == 59 || a == 81): null

09-12-2024T07:51:23 - [TEST_STEP][PASSED] - else: null

09-12-2024T07:51:23 - [TEST_STEP][PASSED] - path = dataFolder + typeOfData + " за отчётный период " + b: null

09-12-2024T07:51:23 - [TEST_STEP][PASSED] - println(path): null

09-12-2024T07:51:23 - [TEST_STEP][PASSED] - page = getText(findTestObject(path)): Text of object 'Object Repository/Выполнение бизнес-плана/Значения со страницы Выполнение бизнес-плана/Факт Отпуск в сеть за отчётный период Омскэнерго' is: '7 487 946'

09-12-2024T07:51:23 - [MESSAGE][PASSED] - Text of object 'Object Repository/Выполнение бизнес-плана/Значения со страницы Выполнение бизнес-плана/Факт Отпуск в сеть за отчётный период Омскэнерго' is: '7 487 946'

09-12-2024T07:51:23 - [TEST_STEP][PASSED] - page = page.replaceAll("\s+", ""): null

09-12-2024T07:51:23 - [TEST_STEP][PASSED] - fileOtpuskVSet = otpusk.toInteger(): null

09-12-2024T07:51:23 - [TEST_STEP][PASSED] - pageOtpuskVSet = page.toInteger(): null

09-12-2024T07:51:23 - [TEST_STEP][PASSED] - typeOfData = typeOfDataMain + " Потери": null

09-12-2024T07:51:23 - [TEST_STEP][PASSED] - if (a == 82): null

09-12-2024T07:51:23 - [TEST_STEP][PASSED] - else if (a == 84): null

09-12-2024T07:51:23 - [TEST_STEP][PASSED] - else if (a == 52 || a == 72 || a == 28 || a == 73 || a == 77 || a == 74 || a == 65 || a == 36 || a == 44 || a == 53 || a == 80 || a == 54 || a == 1 || a == 18 || a == 59 || a == 81): null

09-12-2024T07:51:23 - [TEST_STEP][PASSED] - else: null

09-12-2024T07:51:23 - [TEST_STEP][PASSED] - path = dataFolder + typeOfData + " за отчётный период " + b: null

09-12-2024T07:51:23 - [TEST_STEP][PASSED] - page = getText(findTestObject(path)): Text of object 'Object Repository/Выполнение бизнес-плана/Значения со страницы Выполнение бизнес-плана/Факт Потери за отчётный период Омскэнерго' is: '464 964'

09-12-2024T07:51:24 - [MESSAGE][PASSED] - Text of object 'Object Repository/Выполнение бизнес-плана/Значения со страницы Выполнение бизнес-плана/Факт Потери за отчётный период Омскэнерго' is: '464 964'

09-12-2024T07:51:24 - [TEST_STEP][PASSED] - page = page.replaceAll("\s+", ""): null

09-12-2024T07:51:24 - [TEST_STEP][PASSED] - filePoteri = poteri.toInteger(): null

09-12-2024T07:51:24 - [TEST_STEP][PASSED] - pagePoteri = page.toInteger(): null

09-12-2024T07:51:24 - [TEST_STEP][PASSED] - compare = pageOtpuskVSet: null

09-12-2024T07:51:24 - [TEST_STEP][PASSED] - if (compare == fileOtpuskVSet): null

09-12-2024T07:51:24 - [TEST_STEP][PASSED] - if (compare == fileOtpuskVSet): null

09-12-2024T07:51:24 - [TEST_STEP][PASSED] - compare = pagePoteri: null

09-12-2024T07:51:24 - [TEST_STEP][PASSED] - if (compare == filePoteri): null

09-12-2024T07:51:24 - [TEST_STEP][PASSED] - if (compare == filePoteri): null

09-12-2024T07:51:24 - [TEST_STEP][PASSED] - if (planFact == 2): null

09-12-2024T07:51:24 - [TEST_STEP][PASSED] - if (planFact == 1): null

09-12-2024T07:51:24 - [TEST_STEP][PASSED] - else if (planFact == 2): null

09-12-2024T07:51:24 - [TEST_STEP][PASSED] - click(findTestObject("Выполнение бизнес-плана/Кнопка План")): Object: 'Object Repository/Выполнение бизнес-плана/Кнопка План' is clicked on

09-12-2024T07:51:24 - [MESSAGE][PASSED] - Object: 'Object Repository/Выполнение бизнес-плана/Кнопка План' is clicked on

09-12-2024T07:51:24 - [TEST_STEP][PASSED] - typeOfDataMain = "План": null

09-12-2024T07:51:24 - [TEST_STEP][PASSED] - otpusk = findTestData("PlanFact").getValue(2, a): null

09-12-2024T07:51:24 - [TEST_STEP][PASSED] - poteri = findTestData("PlanFact").getValue(3, a): null

09-12-2024T07:51:24 - [TEST_STEP][PASSED] - otpusk = otpusk.replaceAll("\s+", ""): null

09-12-2024T07:51:24 - [TEST_STEP][PASSED] - poteri = poteri.replaceAll("\s+", ""): null

09-12-2024T07:51:24 - [TEST_STEP][PASSED] - typeOfData = typeOfDataMain + " Отпуск в сеть": null

09-12-2024T07:51:24 - [TEST_STEP][PASSED] - if (a == 82): null

09-12-2024T07:51:24 - [TEST_STEP][PASSED] - else if (a == 84): null

09-12-2024T07:51:24 - [TEST_STEP][PASSED] - else if (a == 52 || a == 72 || a == 28 || a == 73 || a == 77 || a == 74 || a == 65 || a == 36 || a == 44 || a == 53 || a == 80 || a == 54 || a == 1 || a == 18 || a == 59 || a == 81): null

09-12-2024T07:51:24 - [TEST_STEP][PASSED] - else: null

09-12-2024T07:51:24 - [TEST_STEP][PASSED] - path = dataFolder + typeOfData + " за отчётный период " + b: null

09-12-2024T07:51:24 - [TEST_STEP][PASSED] - println(path): null

09-12-2024T07:51:24 - [TEST_STEP][PASSED] - page = getText(findTestObject(path)): Text of object 'Object Repository/Выполнение бизнес-плана/Значения со страницы Выполнение бизнес-плана/План Отпуск в сеть за отчётный период Омскэнерго' is: '7 210 930'

09-12-2024T07:51:24 - [MESSAGE][PASSED] - Text of object 'Object Repository/Выполнение бизнес-плана/Значения со страницы Выполнение бизнес-плана/План Отпуск в сеть за отчётный период Омскэнерго' is: '7 210 930'

09-12-2024T07:51:24 - [TEST_STEP][PASSED] - page = page.replaceAll("\s+", ""): null

09-12-2024T07:51:24 - [TEST_STEP][PASSED] - fileOtpuskVSet = otpusk.toInteger(): null

09-12-2024T07:51:24 - [TEST_STEP][PASSED] - pageOtpuskVSet = page.toInteger(): null

09-12-2024T07:51:24 - [TEST_STEP][PASSED] - typeOfData = typeOfDataMain + " Потери": null

09-12-2024T07:51:24 - [TEST_STEP][PASSED] - if (a == 82): null

09-12-2024T07:51:24 - [TEST_STEP][PASSED] - else if (a == 84): null

09-12-2024T07:51:24 - [TEST_STEP][PASSED] - else if (a == 52 || a == 72 || a == 28 || a == 73 || a == 77 || a == 74 || a == 65 || a == 36 || a == 44 || a == 53 || a == 80 || a == 54 || a == 1 || a == 18 || a == 59 || a == 81): null

09-12-2024T07:51:24 - [TEST_STEP][PASSED] - else: null

09-12-2024T07:51:24 - [TEST_STEP][PASSED] - path = dataFolder + typeOfData + " за отчётный период " + b: null

09-12-2024T07:51:24 - [TEST_STEP][PASSED] - page = getText(findTestObject(path)): Text of object 'Object Repository/Выполнение бизнес-плана/Значения со страницы Выполнение бизнес-плана/План Потери за отчётный период Омскэнерго' is: '452 907'

09-12-2024T07:51:25 - [MESSAGE][PASSED] - Text of object 'Object Repository/Выполнение бизнес-плана/Значения со страницы Выполнение бизнес-плана/План Потери за отчётный период Омскэнерго' is: '452 907'

09-12-2024T07:51:25 - [TEST_STEP][PASSED] - page = page.replaceAll("\s+", ""): null

09-12-2024T07:51:25 - [TEST_STEP][PASSED] - filePoteri = poteri.toInteger(): null

09-12-2024T07:51:25 - [TEST_STEP][PASSED] - pagePoteri = page.toInteger(): null

09-12-2024T07:51:25 - [TEST_STEP][PASSED] - compare = pageOtpuskVSet: null

09-12-2024T07:51:25 - [TEST_STEP][PASSED] - if (compare == fileOtpuskVSet): null

09-12-2024T07:51:25 - [TEST_STEP][PASSED] - if (compare == fileOtpuskVSet): null

09-12-2024T07:51:25 - [TEST_STEP][PASSED] - compare = pagePoteri: null

09-12-2024T07:51:25 - [TEST_STEP][PASSED] - if (compare == filePoteri): null

09-12-2024T07:51:25 - [TEST_STEP][PASSED] - if (compare == filePoteri): null

09-12-2024T07:51:25 - [TEST_STEP][PASSED] - if (planFact == 2): Object: 'Object Repository/Выполнение бизнес-плана/Кнопка Факт' is clicked on

09-12-2024T07:51:25 - [TEST_STEP][PASSED] - click(findTestObject("Выполнение бизнес-плана/Кнопка Факт")): Object: 'Object Repository/Выполнение бизнес-плана/Кнопка Факт' is clicked on

09-12-2024T07:51:25 - [MESSAGE][PASSED] - Object: 'Object Repository/Выполнение бизнес-плана/Кнопка Факт' is clicked on

09-12-2024T07:51:25 - [TEST_STEP][PASSED] - if (a == 84 || a == 82): null

09-12-2024T07:51:25 - [TEST_STEP][PASSED] - else if (a == 52 || a == 72 || a == 28 || a == 73 || a == 77 || a == 74 || a == 65 || a == 36 || a == 44 || a == 53 || a == 80 || a == 54 || a == 1 || a == 18 || a == 59 || a == 81): null

09-12-2024T07:51:25 - [TEST_STEP][PASSED] - else: null

09-12-2024T07:51:25 - [TEST_STEP][PASSED] - page1 = getText(findTestObject("Object Repository/Выполнение бизнес-плана/spanPlan" + filialNum)): Text of object 'Object Repository/Выполнение бизнес-плана/spanPlan5' is: '6.28
|'

09-12-2024T07:51:25 - [MESSAGE][PASSED] - Text of object 'Object Repository/Выполнение бизнес-плана/spanPlan5' is: '6.28
|'

09-12-2024T07:51:25 - [TEST_STEP][PASSED] - page1 = page1.replace("|", ""): null

09-12-2024T07:51:25 - [TEST_STEP][PASSED] - page2 = getText(findTestObject("Object Repository/Выполнение бизнес-плана/spanFact" + filialNum)): Text of object 'Object Repository/Выполнение бизнес-плана/spanFact5' is: '6.21
|'

09-12-2024T07:51:26 - [MESSAGE][PASSED] - Text of object 'Object Repository/Выполнение бизнес-плана/spanFact5' is: '6.21
|'

09-12-2024T07:51:26 - [TEST_STEP][PASSED] - page2 = page2.replace("|", ""): null

09-12-2024T07:51:26 - [TEST_STEP][PASSED] - println("page1: " + page1): null

09-12-2024T07:51:26 - [TEST_STEP][PASSED] - println("page2: " + page2): null

09-12-2024T07:51:26 - [TEST_STEP][PASSED] - file = findTestData("PlanFact").getValue(4, a): null

09-12-2024T07:51:26 - [TEST_STEP][PASSED] - file = file.replace(",", "."): null

09-12-2024T07:51:26 - [TEST_STEP][PASSED] - println("file Plan: " + file): null

09-12-2024T07:51:26 - [TEST_STEP][PASSED] - typeOfData = "План в процентах": null

09-12-2024T07:51:26 - [TEST_STEP][PASSED] - fileDouble = file.toDouble(): null

09-12-2024T07:51:26 - [TEST_STEP][PASSED] - pageDouble = page1.toDouble(): null

09-12-2024T07:51:26 - [TEST_STEP][PASSED] - if (fileDouble != pageDouble): null

09-12-2024T07:51:26 - [TEST_STEP][PASSED] - file = findTestData("PlanFact").getValue(7, a): null

09-12-2024T07:51:26 - [TEST_STEP][PASSED] - file = file.replace(",", "."): null

09-12-2024T07:51:26 - [TEST_STEP][PASSED] - println("file Fact: " + file): null

09-12-2024T07:51:26 - [TEST_STEP][PASSED] - fileDouble = file.toDouble(): null

09-12-2024T07:51:26 - [TEST_STEP][PASSED] - typeOfData = "Факт в процентах": null

09-12-2024T07:51:26 - [TEST_STEP][PASSED] - fileDouble = file.toDouble(): null

09-12-2024T07:51:26 - [TEST_STEP][PASSED] - pageDouble = page2.toDouble(): null

09-12-2024T07:51:26 - [TEST_STEP][PASSED] - if (fileDouble != pageDouble): null

09-12-2024T07:51:26 - [TEST_STEP][PASSED] - if (verifyEqual(numberOfErrors, 0) == false): Actual object '0' and expected object '0' are equal

09-12-2024T07:51:26 - [MESSAGE][PASSED] - Actual object '0' and expected object '0' are equal

09-12-2024T07:51:26 - [TEST_STEP][PASSED] - if (a == 82): null

09-12-2024T07:51:26 - [TEST_STEP][PASSED] - dZO = "Хакасэнерго": null

09-12-2024T07:51:26 - [TEST_STEP][PASSED] - a = 50: null

09-12-2024T07:51:26 - [TEST_STEP][PASSED] - if (x2.contains(dZO)): null

09-12-2024T07:51:26 - [TEST_STEP][PASSED] - filialNum = filialNum + 1: null

09-12-2024T07:51:26 - [TEST_STEP][PASSED] - Script1718980020443.Numbers(a, typeOfData, todaysDate, pageInt, fileInt, pageDouble, fileDouble, dZO, dzoNum, filialNum): null

09-12-2024T07:51:26 - [TEST_STEP][PASSED] - println(dzoNum): null

09-12-2024T07:51:26 - [TEST_STEP][PASSED] - planFact = <not implemented yet for class: org.codehaus.groovy.ast.expr.EmptyExpression>: null

09-12-2024T07:51:26 - [TEST_STEP][PASSED] - page = <not implemented yet for class: org.codehaus.groovy.ast.expr.EmptyExpression>: null

09-12-2024T07:51:26 - [TEST_STEP][PASSED] - page1 = <not implemented yet for class: org.codehaus.groovy.ast.expr.EmptyExpression>: null

09-12-2024T07:51:26 - [TEST_STEP][PASSED] - page2 = <not implemented yet for class: org.codehaus.groovy.ast.expr.EmptyExpression>: null

09-12-2024T07:51:26 - [TEST_STEP][PASSED] - filialNumberInRow = <not implemented yet for class: org.codehaus.groovy.ast.expr.EmptyExpression>: null

09-12-2024T07:51:26 - [TEST_STEP][PASSED] - filialsDzoNames = <not implemented yet for class: org.codehaus.groovy.ast.expr.EmptyExpression>: null

09-12-2024T07:51:26 - [TEST_STEP][PASSED] - numberOfFilials = <not implemented yet for class: org.codehaus.groovy.ast.expr.EmptyExpression>: null

09-12-2024T07:51:26 - [TEST_STEP][PASSED] - numberOfSpaces = <not implemented yet for class: org.codehaus.groovy.ast.expr.EmptyExpression>: null

09-12-2024T07:51:26 - [TEST_STEP][PASSED] - file = <not implemented yet for class: org.codehaus.groovy.ast.expr.EmptyExpression>: null

09-12-2024T07:51:26 - [TEST_STEP][PASSED] - otpusk = <not implemented yet for class: org.codehaus.groovy.ast.expr.EmptyExpression>: null

09-12-2024T07:51:26 - [TEST_STEP][PASSED] - poteri = <not implemented yet for class: org.codehaus.groovy.ast.expr.EmptyExpression>: null

09-12-2024T07:51:26 - [TEST_STEP][PASSED] - dataFolder = "Выполнение бизнес-плана/Значения со страницы Выполнение бизнес-плана/": null

09-12-2024T07:51:26 - [TEST_STEP][PASSED] - path = <not implemented yet for class: org.codehaus.groovy.ast.expr.EmptyExpression>: null

09-12-2024T07:51:26 - [TEST_STEP][PASSED] - typeOfDataMain = <not implemented yet for class: org.codehaus.groovy.ast.expr.EmptyExpression>: null

09-12-2024T07:51:26 - [TEST_STEP][PASSED] - fileOtpuskVSet = <not implemented yet for class: org.codehaus.groovy.ast.expr.EmptyExpression>: null

09-12-2024T07:51:26 - [TEST_STEP][PASSED] - pageOtpuskVSet = <not implemented yet for class: org.codehaus.groovy.ast.expr.EmptyExpression>: null

09-12-2024T07:51:26 - [TEST_STEP][PASSED] - filePoteri = <not implemented yet for class: org.codehaus.groovy.ast.expr.EmptyExpression>: null

09-12-2024T07:51:26 - [TEST_STEP][PASSED] - pagePoteri = <not implemented yet for class: org.codehaus.groovy.ast.expr.EmptyExpression>: null

09-12-2024T07:51:26 - [TEST_STEP][PASSED] - compare = <not implemented yet for class: org.codehaus.groovy.ast.expr.EmptyExpression>: null

09-12-2024T07:51:26 - [TEST_STEP][PASSED] - b = <not implemented yet for class: org.codehaus.groovy.ast.expr.EmptyExpression>: null

09-12-2024T07:51:26 - [TEST_STEP][PASSED] - i = <not implemented yet for class: org.codehaus.groovy.ast.expr.EmptyExpression>: null

09-12-2024T07:51:26 - [TEST_STEP][PASSED] - ii = <not implemented yet for class: org.codehaus.groovy.ast.expr.EmptyExpression>: null

09-12-2024T07:51:26 - [TEST_STEP][PASSED] - c = <not implemented yet for class: org.codehaus.groovy.ast.expr.EmptyExpression>: null

09-12-2024T07:51:26 - [TEST_STEP][PASSED] - numberOfErrors = 0: null

09-12-2024T07:51:26 - [TEST_STEP][PASSED] - if (a == 82): null

09-12-2024T07:51:26 - [TEST_STEP][PASSED] - b = findTestData("PlanFact").getValue(1, a): null

09-12-2024T07:51:26 - [TEST_STEP][PASSED] - i = b.indexOf(" (ГК)"): null

09-12-2024T07:51:26 - [TEST_STEP][PASSED] - if (i > -1): null

09-12-2024T07:51:26 - [TEST_STEP][PASSED] - i = b.indexOf("О ""): null

09-12-2024T07:51:26 - [TEST_STEP][PASSED] - if (i > -1): null

09-12-2024T07:51:26 - [TEST_STEP][PASSED] - i = b.indexOf("О «"): null

09-12-2024T07:51:26 - [TEST_STEP][PASSED] - if (i > -1): null

09-12-2024T07:51:26 - [TEST_STEP][PASSED] - i = b.indexOf("г. "): null

09-12-2024T07:51:26 - [TEST_STEP][PASSED] - if (i > -1): null

09-12-2024T07:51:26 - [TEST_STEP][PASSED] - println(b): null

09-12-2024T07:51:26 - [TEST_STEP][PASSED] - for ([planFact = 1, planFact < 3, (planFact++)]): Object: 'Object Repository/Выполнение бизнес-плана/Кнопка Факт' is clicked on

09-12-2024T07:51:26 - [TEST_STEP][PASSED] - if (planFact == 1): null

09-12-2024T07:51:26 - [TEST_STEP][PASSED] - typeOfDataMain = "Факт": null

09-12-2024T07:51:26 - [TEST_STEP][PASSED] - otpusk = findTestData("PlanFact").getValue(5, a): null

09-12-2024T07:51:26 - [TEST_STEP][PASSED] - poteri = findTestData("PlanFact").getValue(6, a): null

09-12-2024T07:51:26 - [TEST_STEP][PASSED] - otpusk = otpusk.replaceAll("\s+", ""): null

09-12-2024T07:51:26 - [TEST_STEP][PASSED] - poteri = poteri.replaceAll("\s+", ""): null

09-12-2024T07:51:26 - [TEST_STEP][PASSED] - typeOfData = typeOfDataMain + " Отпуск в сеть": null

09-12-2024T07:51:26 - [TEST_STEP][PASSED] - if (a == 82): null

09-12-2024T07:51:26 - [TEST_STEP][PASSED] - else if (a == 84): null

09-12-2024T07:51:26 - [TEST_STEP][PASSED] - else if (a == 52 || a == 72 || a == 28 || a == 73 || a == 77 || a == 74 || a == 65 || a == 36 || a == 44 || a == 53 || a == 80 || a == 54 || a == 1 || a == 18 || a == 59 || a == 81): null

09-12-2024T07:51:26 - [TEST_STEP][PASSED] - else: null

09-12-2024T07:51:26 - [TEST_STEP][PASSED] - path = dataFolder + typeOfData + " за отчётный период " + b: null

09-12-2024T07:51:26 - [TEST_STEP][PASSED] - println(path): null

09-12-2024T07:51:26 - [TEST_STEP][PASSED] - page = getText(findTestObject(path)): Text of object 'Object Repository/Выполнение бизнес-плана/Значения со страницы Выполнение бизнес-плана/Факт Отпуск в сеть за отчётный период Хакасэнерго' is: '2 883 972'

09-12-2024T07:51:26 - [MESSAGE][PASSED] - Text of object 'Object Repository/Выполнение бизнес-плана/Значения со страницы Выполнение бизнес-плана/Факт Отпуск в сеть за отчётный период Хакасэнерго' is: '2 883 972'

09-12-2024T07:51:26 - [TEST_STEP][PASSED] - page = page.replaceAll("\s+", ""): null

09-12-2024T07:51:26 - [TEST_STEP][PASSED] - fileOtpuskVSet = otpusk.toInteger(): null

09-12-2024T07:51:26 - [TEST_STEP][PASSED] - pageOtpuskVSet = page.toInteger(): null

09-12-2024T07:51:26 - [TEST_STEP][PASSED] - typeOfData = typeOfDataMain + " Потери": null

09-12-2024T07:51:26 - [TEST_STEP][PASSED] - if (a == 82): null

09-12-2024T07:51:26 - [TEST_STEP][PASSED] - else if (a == 84): null

09-12-2024T07:51:26 - [TEST_STEP][PASSED] - else if (a == 52 || a == 72 || a == 28 || a == 73 || a == 77 || a == 74 || a == 65 || a == 36 || a == 44 || a == 53 || a == 80 || a == 54 || a == 1 || a == 18 || a == 59 || a == 81): null

09-12-2024T07:51:26 - [TEST_STEP][PASSED] - else: null

09-12-2024T07:51:26 - [TEST_STEP][PASSED] - path = dataFolder + typeOfData + " за отчётный период " + b: null

09-12-2024T07:51:26 - [TEST_STEP][PASSED] - page = getText(findTestObject(path)): Text of object 'Object Repository/Выполнение бизнес-плана/Значения со страницы Выполнение бизнес-плана/Факт Потери за отчётный период Хакасэнерго' is: '226 274'

09-12-2024T07:51:27 - [MESSAGE][PASSED] - Text of object 'Object Repository/Выполнение бизнес-плана/Значения со страницы Выполнение бизнес-плана/Факт Потери за отчётный период Хакасэнерго' is: '226 274'

09-12-2024T07:51:27 - [TEST_STEP][PASSED] - page = page.replaceAll("\s+", ""): null

09-12-2024T07:51:27 - [TEST_STEP][PASSED] - filePoteri = poteri.toInteger(): null

09-12-2024T07:51:27 - [TEST_STEP][PASSED] - pagePoteri = page.toInteger(): null

09-12-2024T07:51:27 - [TEST_STEP][PASSED] - compare = pageOtpuskVSet: null

09-12-2024T07:51:27 - [TEST_STEP][PASSED] - if (compare == fileOtpuskVSet): null

09-12-2024T07:51:27 - [TEST_STEP][PASSED] - if (compare == fileOtpuskVSet): null

09-12-2024T07:51:27 - [TEST_STEP][PASSED] - compare = pagePoteri: null

09-12-2024T07:51:27 - [TEST_STEP][PASSED] - if (compare == filePoteri): null

09-12-2024T07:51:27 - [TEST_STEP][PASSED] - if (compare == filePoteri): null

09-12-2024T07:51:27 - [TEST_STEP][PASSED] - if (planFact == 2): null

09-12-2024T07:51:27 - [TEST_STEP][PASSED] - if (planFact == 1): null

09-12-2024T07:51:27 - [TEST_STEP][PASSED] - else if (planFact == 2): null

09-12-2024T07:51:27 - [TEST_STEP][PASSED] - click(findTestObject("Выполнение бизнес-плана/Кнопка План")): Object: 'Object Repository/Выполнение бизнес-плана/Кнопка План' is clicked on

09-12-2024T07:51:27 - [MESSAGE][PASSED] - Object: 'Object Repository/Выполнение бизнес-плана/Кнопка План' is clicked on

09-12-2024T07:51:27 - [TEST_STEP][PASSED] - typeOfDataMain = "План": null

09-12-2024T07:51:27 - [TEST_STEP][PASSED] - otpusk = findTestData("PlanFact").getValue(2, a): null

09-12-2024T07:51:27 - [TEST_STEP][PASSED] - poteri = findTestData("PlanFact").getValue(3, a): null

09-12-2024T07:51:27 - [TEST_STEP][PASSED] - otpusk = otpusk.replaceAll("\s+", ""): null

09-12-2024T07:51:27 - [TEST_STEP][PASSED] - poteri = poteri.replaceAll("\s+", ""): null

09-12-2024T07:51:27 - [TEST_STEP][PASSED] - typeOfData = typeOfDataMain + " Отпуск в сеть": null

09-12-2024T07:51:27 - [TEST_STEP][PASSED] - if (a == 82): null

09-12-2024T07:51:27 - [TEST_STEP][PASSED] - else if (a == 84): null

09-12-2024T07:51:27 - [TEST_STEP][PASSED] - else if (a == 52 || a == 72 || a == 28 || a == 73 || a == 77 || a == 74 || a == 65 || a == 36 || a == 44 || a == 53 || a == 80 || a == 54 || a == 1 || a == 18 || a == 59 || a == 81): null

09-12-2024T07:51:27 - [TEST_STEP][PASSED] - else: null

09-12-2024T07:51:27 - [TEST_STEP][PASSED] - path = dataFolder + typeOfData + " за отчётный период " + b: null

09-12-2024T07:51:27 - [TEST_STEP][PASSED] - println(path): null

09-12-2024T07:51:27 - [TEST_STEP][PASSED] - page = getText(findTestObject(path)): Text of object 'Object Repository/Выполнение бизнес-плана/Значения со страницы Выполнение бизнес-плана/План Отпуск в сеть за отчётный период Хакасэнерго' is: '2 535 807'

09-12-2024T07:51:27 - [MESSAGE][PASSED] - Text of object 'Object Repository/Выполнение бизнес-плана/Значения со страницы Выполнение бизнес-плана/План Отпуск в сеть за отчётный период Хакасэнерго' is: '2 535 807'

09-12-2024T07:51:27 - [TEST_STEP][PASSED] - page = page.replaceAll("\s+", ""): null

09-12-2024T07:51:27 - [TEST_STEP][PASSED] - fileOtpuskVSet = otpusk.toInteger(): null

09-12-2024T07:51:27 - [TEST_STEP][PASSED] - pageOtpuskVSet = page.toInteger(): null

09-12-2024T07:51:27 - [TEST_STEP][PASSED] - typeOfData = typeOfDataMain + " Потери": null

09-12-2024T07:51:27 - [TEST_STEP][PASSED] - if (a == 82): null

09-12-2024T07:51:27 - [TEST_STEP][PASSED] - else if (a == 84): null

09-12-2024T07:51:27 - [TEST_STEP][PASSED] - else if (a == 52 || a == 72 || a == 28 || a == 73 || a == 77 || a == 74 || a == 65 || a == 36 || a == 44 || a == 53 || a == 80 || a == 54 || a == 1 || a == 18 || a == 59 || a == 81): null

09-12-2024T07:51:27 - [TEST_STEP][PASSED] - else: null

09-12-2024T07:51:27 - [TEST_STEP][PASSED] - path = dataFolder + typeOfData + " за отчётный период " + b: null

09-12-2024T07:51:27 - [TEST_STEP][PASSED] - page = getText(findTestObject(path)): Text of object 'Object Repository/Выполнение бизнес-плана/Значения со страницы Выполнение бизнес-плана/План Потери за отчётный период Хакасэнерго' is: '192 360'

09-12-2024T07:51:28 - [MESSAGE][PASSED] - Text of object 'Object Repository/Выполнение бизнес-плана/Значения со страницы Выполнение бизнес-плана/План Потери за отчётный период Хакасэнерго' is: '192 360'

09-12-2024T07:51:28 - [TEST_STEP][PASSED] - page = page.replaceAll("\s+", ""): null

09-12-2024T07:51:28 - [TEST_STEP][PASSED] - filePoteri = poteri.toInteger(): null

09-12-2024T07:51:28 - [TEST_STEP][PASSED] - pagePoteri = page.toInteger(): null

09-12-2024T07:51:28 - [TEST_STEP][PASSED] - compare = pageOtpuskVSet: null

09-12-2024T07:51:28 - [TEST_STEP][PASSED] - if (compare == fileOtpuskVSet): null

09-12-2024T07:51:28 - [TEST_STEP][PASSED] - if (compare == fileOtpuskVSet): null

09-12-2024T07:51:28 - [TEST_STEP][PASSED] - compare = pagePoteri: null

09-12-2024T07:51:28 - [TEST_STEP][PASSED] - if (compare == filePoteri): null

09-12-2024T07:51:28 - [TEST_STEP][PASSED] - if (compare == filePoteri): null

09-12-2024T07:51:28 - [TEST_STEP][PASSED] - if (planFact == 2): Object: 'Object Repository/Выполнение бизнес-плана/Кнопка Факт' is clicked on

09-12-2024T07:51:28 - [TEST_STEP][PASSED] - click(findTestObject("Выполнение бизнес-плана/Кнопка Факт")): Object: 'Object Repository/Выполнение бизнес-плана/Кнопка Факт' is clicked on

09-12-2024T07:51:28 - [MESSAGE][PASSED] - Object: 'Object Repository/Выполнение бизнес-плана/Кнопка Факт' is clicked on

09-12-2024T07:51:28 - [TEST_STEP][PASSED] - if (a == 84 || a == 82): null

09-12-2024T07:51:28 - [TEST_STEP][PASSED] - else if (a == 52 || a == 72 || a == 28 || a == 73 || a == 77 || a == 74 || a == 65 || a == 36 || a == 44 || a == 53 || a == 80 || a == 54 || a == 1 || a == 18 || a == 59 || a == 81): null

09-12-2024T07:51:28 - [TEST_STEP][PASSED] - else: null

09-12-2024T07:51:28 - [TEST_STEP][PASSED] - page1 = getText(findTestObject("Object Repository/Выполнение бизнес-плана/spanPlan" + filialNum)): Text of object 'Object Repository/Выполнение бизнес-плана/spanPlan6' is: '7.59
|'

09-12-2024T07:51:28 - [MESSAGE][PASSED] - Text of object 'Object Repository/Выполнение бизнес-плана/spanPlan6' is: '7.59
|'

09-12-2024T07:51:28 - [TEST_STEP][PASSED] - page1 = page1.replace("|", ""): null

09-12-2024T07:51:28 - [TEST_STEP][PASSED] - page2 = getText(findTestObject("Object Repository/Выполнение бизнес-плана/spanFact" + filialNum)): Text of object 'Object Repository/Выполнение бизнес-плана/spanFact6' is: '7.85
|'

09-12-2024T07:51:29 - [MESSAGE][PASSED] - Text of object 'Object Repository/Выполнение бизнес-плана/spanFact6' is: '7.85
|'

09-12-2024T07:51:29 - [TEST_STEP][PASSED] - page2 = page2.replace("|", ""): null

09-12-2024T07:51:29 - [TEST_STEP][PASSED] - println("page1: " + page1): null

09-12-2024T07:51:29 - [TEST_STEP][PASSED] - println("page2: " + page2): null

09-12-2024T07:51:29 - [TEST_STEP][PASSED] - file = findTestData("PlanFact").getValue(4, a): null

09-12-2024T07:51:29 - [TEST_STEP][PASSED] - file = file.replace(",", "."): null

09-12-2024T07:51:29 - [TEST_STEP][PASSED] - println("file Plan: " + file): null

09-12-2024T07:51:29 - [TEST_STEP][PASSED] - typeOfData = "План в процентах": null

09-12-2024T07:51:29 - [TEST_STEP][PASSED] - fileDouble = file.toDouble(): null

09-12-2024T07:51:29 - [TEST_STEP][PASSED] - pageDouble = page1.toDouble(): null

09-12-2024T07:51:29 - [TEST_STEP][PASSED] - if (fileDouble != pageDouble): null

09-12-2024T07:51:29 - [TEST_STEP][PASSED] - file = findTestData("PlanFact").getValue(7, a): null

09-12-2024T07:51:29 - [TEST_STEP][PASSED] - file = file.replace(",", "."): null

09-12-2024T07:51:29 - [TEST_STEP][PASSED] - println("file Fact: " + file): null

09-12-2024T07:51:29 - [TEST_STEP][PASSED] - fileDouble = file.toDouble(): null

09-12-2024T07:51:29 - [TEST_STEP][PASSED] - typeOfData = "Факт в процентах": null

09-12-2024T07:51:29 - [TEST_STEP][PASSED] - fileDouble = file.toDouble(): null

09-12-2024T07:51:29 - [TEST_STEP][PASSED] - pageDouble = page2.toDouble(): null

09-12-2024T07:51:29 - [TEST_STEP][PASSED] - if (fileDouble != pageDouble): null

09-12-2024T07:51:29 - [TEST_STEP][PASSED] - if (verifyEqual(numberOfErrors, 0) == false): Actual object '0' and expected object '0' are equal

09-12-2024T07:51:29 - [MESSAGE][PASSED] - Actual object '0' and expected object '0' are equal

09-12-2024T07:51:29 - [TEST_STEP][PASSED] - if (a == 82): null

09-12-2024T07:51:29 - [TEST_STEP][PASSED] - dZO = "Читаэнерго": null

09-12-2024T07:51:29 - [TEST_STEP][PASSED] - a = 51: null

09-12-2024T07:51:29 - [TEST_STEP][PASSED] - if (x2.contains(dZO)): null

09-12-2024T07:51:29 - [TEST_STEP][PASSED] - filialNum = filialNum + 1: null

09-12-2024T07:51:29 - [TEST_STEP][PASSED] - Script1718980020443.Numbers(a, typeOfData, todaysDate, pageInt, fileInt, pageDouble, fileDouble, dZO, dzoNum, filialNum): null

09-12-2024T07:51:29 - [TEST_STEP][PASSED] - println(dzoNum): null

09-12-2024T07:51:29 - [TEST_STEP][PASSED] - planFact = <not implemented yet for class: org.codehaus.groovy.ast.expr.EmptyExpression>: null

09-12-2024T07:51:29 - [TEST_STEP][PASSED] - page = <not implemented yet for class: org.codehaus.groovy.ast.expr.EmptyExpression>: null

09-12-2024T07:51:29 - [TEST_STEP][PASSED] - page1 = <not implemented yet for class: org.codehaus.groovy.ast.expr.EmptyExpression>: null

09-12-2024T07:51:29 - [TEST_STEP][PASSED] - page2 = <not implemented yet for class: org.codehaus.groovy.ast.expr.EmptyExpression>: null

09-12-2024T07:51:29 - [TEST_STEP][PASSED] - filialNumberInRow = <not implemented yet for class: org.codehaus.groovy.ast.expr.EmptyExpression>: null

09-12-2024T07:51:29 - [TEST_STEP][PASSED] - filialsDzoNames = <not implemented yet for class: org.codehaus.groovy.ast.expr.EmptyExpression>: null

09-12-2024T07:51:29 - [TEST_STEP][PASSED] - numberOfFilials = <not implemented yet for class: org.codehaus.groovy.ast.expr.EmptyExpression>: null

09-12-2024T07:51:29 - [TEST_STEP][PASSED] - numberOfSpaces = <not implemented yet for class: org.codehaus.groovy.ast.expr.EmptyExpression>: null

09-12-2024T07:51:29 - [TEST_STEP][PASSED] - file = <not implemented yet for class: org.codehaus.groovy.ast.expr.EmptyExpression>: null

09-12-2024T07:51:29 - [TEST_STEP][PASSED] - otpusk = <not implemented yet for class: org.codehaus.groovy.ast.expr.EmptyExpression>: null

09-12-2024T07:51:29 - [TEST_STEP][PASSED] - poteri = <not implemented yet for class: org.codehaus.groovy.ast.expr.EmptyExpression>: null

09-12-2024T07:51:29 - [TEST_STEP][PASSED] - dataFolder = "Выполнение бизнес-плана/Значения со страницы Выполнение бизнес-плана/": null

09-12-2024T07:51:29 - [TEST_STEP][PASSED] - path = <not implemented yet for class: org.codehaus.groovy.ast.expr.EmptyExpression>: null

09-12-2024T07:51:29 - [TEST_STEP][PASSED] - typeOfDataMain = <not implemented yet for class: org.codehaus.groovy.ast.expr.EmptyExpression>: null

09-12-2024T07:51:29 - [TEST_STEP][PASSED] - fileOtpuskVSet = <not implemented yet for class: org.codehaus.groovy.ast.expr.EmptyExpression>: null

09-12-2024T07:51:29 - [TEST_STEP][PASSED] - pageOtpuskVSet = <not implemented yet for class: org.codehaus.groovy.ast.expr.EmptyExpression>: null

09-12-2024T07:51:29 - [TEST_STEP][PASSED] - filePoteri = <not implemented yet for class: org.codehaus.groovy.ast.expr.EmptyExpression>: null

09-12-2024T07:51:29 - [TEST_STEP][PASSED] - pagePoteri = <not implemented yet for class: org.codehaus.groovy.ast.expr.EmptyExpression>: null

09-12-2024T07:51:29 - [TEST_STEP][PASSED] - compare = <not implemented yet for class: org.codehaus.groovy.ast.expr.EmptyExpression>: null

09-12-2024T07:51:29 - [TEST_STEP][PASSED] - b = <not implemented yet for class: org.codehaus.groovy.ast.expr.EmptyExpression>: null

09-12-2024T07:51:29 - [TEST_STEP][PASSED] - i = <not implemented yet for class: org.codehaus.groovy.ast.expr.EmptyExpression>: null

09-12-2024T07:51:29 - [TEST_STEP][PASSED] - ii = <not implemented yet for class: org.codehaus.groovy.ast.expr.EmptyExpression>: null

09-12-2024T07:51:29 - [TEST_STEP][PASSED] - c = <not implemented yet for class: org.codehaus.groovy.ast.expr.EmptyExpression>: null

09-12-2024T07:51:29 - [TEST_STEP][PASSED] - numberOfErrors = 0: null

09-12-2024T07:51:29 - [TEST_STEP][PASSED] - if (a == 82): null

09-12-2024T07:51:29 - [TEST_STEP][PASSED] - b = findTestData("PlanFact").getValue(1, a): null

09-12-2024T07:51:29 - [TEST_STEP][PASSED] - i = b.indexOf(" (ГК)"): null

09-12-2024T07:51:29 - [TEST_STEP][PASSED] - if (i > -1): null

09-12-2024T07:51:29 - [TEST_STEP][PASSED] - i = b.indexOf("О ""): null

09-12-2024T07:51:29 - [TEST_STEP][PASSED] - if (i > -1): null

09-12-2024T07:51:29 - [TEST_STEP][PASSED] - i = b.indexOf("О «"): null

09-12-2024T07:51:29 - [TEST_STEP][PASSED] - if (i > -1): null

09-12-2024T07:51:29 - [TEST_STEP][PASSED] - i = b.indexOf("г. "): null

09-12-2024T07:51:29 - [TEST_STEP][PASSED] - if (i > -1): null

09-12-2024T07:51:29 - [TEST_STEP][PASSED] - println(b): null

09-12-2024T07:51:29 - [TEST_STEP][PASSED] - for ([planFact = 1, planFact < 3, (planFact++)]): null

09-12-2024T07:51:29 - [TEST_STEP][PASSED] - if (planFact == 1): null

09-12-2024T07:51:29 - [TEST_STEP][PASSED] - typeOfDataMain = "Факт": null

09-12-2024T07:51:29 - [TEST_STEP][PASSED] - otpusk = findTestData("PlanFact").getValue(5, a): null

09-12-2024T07:51:29 - [TEST_STEP][PASSED] - poteri = findTestData("PlanFact").getValue(6, a): null

09-12-2024T07:51:29 - [TEST_STEP][PASSED] - otpusk = otpusk.replaceAll("\s+", ""): null

09-12-2024T07:51:29 - [TEST_STEP][PASSED] - poteri = poteri.replaceAll("\s+", ""): null

09-12-2024T07:51:29 - [TEST_STEP][PASSED] - typeOfData = typeOfDataMain + " Отпуск в сеть": null

09-12-2024T07:51:29 - [TEST_STEP][PASSED] - if (a == 82): null

09-12-2024T07:51:29 - [TEST_STEP][PASSED] - else if (a == 84): null

09-12-2024T07:51:29 - [TEST_STEP][PASSED] - else if (a == 52 || a == 72 || a == 28 || a == 73 || a == 77 || a == 74 || a == 65 || a == 36 || a == 44 || a == 53 || a == 80 || a == 54 || a == 1 || a == 18 || a == 59 || a == 81): null

09-12-2024T07:51:29 - [TEST_STEP][PASSED] - else: null

09-12-2024T07:51:29 - [TEST_STEP][PASSED] - path = dataFolder + typeOfData + " за отчётный период " + b: null

09-12-2024T07:51:29 - [TEST_STEP][PASSED] - println(path): null

09-12-2024T07:51:29 - [TEST_STEP][PASSED] - page = getText(findTestObject(path)): Text of object 'Object Repository/Выполнение бизнес-плана/Значения со страницы Выполнение бизнес-плана/Факт Отпуск в сеть за отчётный период Читаэнерго' is: '6 000 968'

09-12-2024T07:51:29 - [MESSAGE][PASSED] - Text of object 'Object Repository/Выполнение бизнес-плана/Значения со страницы Выполнение бизнес-плана/Факт Отпуск в сеть за отчётный период Читаэнерго' is: '6 000 968'

09-12-2024T07:51:29 - [TEST_STEP][PASSED] - page = page.replaceAll("\s+", ""): null

09-12-2024T07:51:29 - [TEST_STEP][PASSED] - fileOtpuskVSet = otpusk.toInteger(): null

09-12-2024T07:51:29 - [TEST_STEP][PASSED] - pageOtpuskVSet = page.toInteger(): null

09-12-2024T07:51:29 - [TEST_STEP][PASSED] - typeOfData = typeOfDataMain + " Потери": null

09-12-2024T07:51:29 - [TEST_STEP][PASSED] - if (a == 82): null

09-12-2024T07:51:29 - [TEST_STEP][PASSED] - else if (a == 84): null

09-12-2024T07:51:29 - [TEST_STEP][PASSED] - else if (a == 52 || a == 72 || a == 28 || a == 73 || a == 77 || a == 74 || a == 65 || a == 36 || a == 44 || a == 53 || a == 80 || a == 54 || a == 1 || a == 18 || a == 59 || a == 81): null

09-12-2024T07:51:29 - [TEST_STEP][PASSED] - else: null

09-12-2024T07:51:29 - [TEST_STEP][PASSED] - path = dataFolder + typeOfData + " за отчётный период " + b: null

09-12-2024T07:51:29 - [TEST_STEP][PASSED] - page = getText(findTestObject(path)): Text of object 'Object Repository/Выполнение бизнес-плана/Значения со страницы Выполнение бизнес-плана/Факт Потери за отчётный период Читаэнерго' is: '471 626'

09-12-2024T07:51:29 - [MESSAGE][PASSED] - Text of object 'Object Repository/Выполнение бизнес-плана/Значения со страницы Выполнение бизнес-плана/Факт Потери за отчётный период Читаэнерго' is: '471 626'

09-12-2024T07:51:29 - [TEST_STEP][PASSED] - page = page.replaceAll("\s+", ""): null

09-12-2024T07:51:29 - [TEST_STEP][PASSED] - filePoteri = poteri.toInteger(): null

09-12-2024T07:51:29 - [TEST_STEP][PASSED] - pagePoteri = page.toInteger(): null

09-12-2024T07:51:29 - [TEST_STEP][PASSED] - compare = pageOtpuskVSet: null

09-12-2024T07:51:29 - [TEST_STEP][PASSED] - if (compare == fileOtpuskVSet): null

09-12-2024T07:51:29 - [TEST_STEP][PASSED] - else if (compare > fileOtpuskVSet): null

09-12-2024T07:51:29 - [TEST_STEP][PASSED] - compare = compare - 1: null

09-12-2024T07:51:29 - [TEST_STEP][PASSED] - if (compare == fileOtpuskVSet): null

09-12-2024T07:51:29 - [TEST_STEP][PASSED] - else: null

09-12-2024T07:51:29 - [TEST_STEP][PASSED] - numberOfErrors = numberOfErrors + 1: null

09-12-2024T07:51:29 - [TEST_STEP][PASSED] - pageInt = pageOtpuskVSet: null

09-12-2024T07:51:29 - [TEST_STEP][PASSED] - fileInt = fileOtpuskVSet: null

09-12-2024T07:51:29 - [TEST_STEP][PASSED] - typeOfData = typeOfDataMain + " Отпуск в сеть": null

09-12-2024T07:51:29 - [TEST_STEP][PASSED] - Script1718980020443.WriteToExcel(a, typeOfData, todaysDate, pageInt, fileInt, pageDouble, fileDouble, dZO): null

09-12-2024T07:51:29 - [TEST_STEP][PASSED] - sheetName = "Sheet1": null

09-12-2024T07:51:29 - [TEST_STEP][PASSED] - data = findTestData("PlanFact"): null

09-12-2024T07:51:29 - [TEST_STEP][PASSED] - n = data.getRowNumbers() + 1: null

09-12-2024T07:51:29 - [TEST_STEP][PASSED] - year = todaysDate.substring(todaysDate.length() - 4, todaysDate.length()): null

09-12-2024T07:51:29 - [TEST_STEP][PASSED] - y = year.toInteger(): null

09-12-2024T07:51:29 - [TEST_STEP][PASSED] - m = getText(findTestObject("Выполнение бизнес-плана/Период")): Text of object 'Object Repository/Выполнение бизнес-плана/Период' is: '1, 2, 3 кв., Октябрь 2024 года'

09-12-2024T07:51:30 - [MESSAGE][PASSED] - Text of object 'Object Repository/Выполнение бизнес-плана/Период' is: '1, 2, 3 кв., Октябрь 2024 года'

09-12-2024T07:51:30 - [TEST_STEP][PASSED] - m = m.substring(0, m.indexOf("2024")): null

09-12-2024T07:51:30 - [TEST_STEP][PASSED] - m = m.trim(): null

09-12-2024T07:51:30 - [TEST_STEP][PASSED] - dashboardName = "Выполнение бизнес-плана": null

09-12-2024T07:51:30 - [TEST_STEP][PASSED] - workbook01 = getWorkbook(excelFilePath): null

09-12-2024T07:51:30 - [TEST_STEP][PASSED] - sheet01 = getExcelSheet(workbook01, sheetName): null

09-12-2024T07:51:30 - [TEST_STEP][PASSED] - setValueToCellByIndex(sheet01, n, 0, dashboardName): null

09-12-2024T07:51:30 - [TEST_STEP][PASSED] - setValueToCellByIndex(sheet01, n, 1, dZO): null

09-12-2024T07:51:30 - [TEST_STEP][PASSED] - setValueToCellByIndex(sheet01, n, 2, typeOfData): null

09-12-2024T07:51:30 - [TEST_STEP][PASSED] - if (typeOfData == "Факт в процентах" || typeOfData == "План в процентах"): null

09-12-2024T07:51:30 - [TEST_STEP][PASSED] - else: null

09-12-2024T07:51:30 - [TEST_STEP][PASSED] - setValueToCellByIndex(sheet01, n, 3, fileInt): null

09-12-2024T07:51:30 - [TEST_STEP][PASSED] - setValueToCellByIndex(sheet01, n, 4, pageInt): null

09-12-2024T07:51:30 - [TEST_STEP][PASSED] - setValueToCellByIndex(sheet01, n, 5, m): null

09-12-2024T07:51:30 - [TEST_STEP][PASSED] - setValueToCellByIndex(sheet01, n, 6, y): null

09-12-2024T07:51:30 - [TEST_STEP][PASSED] - setValueToCellByIndex(sheet01, n, 7, todaysDate): null

09-12-2024T07:51:30 - [TEST_STEP][PASSED] - n = n + 1: null

09-12-2024T07:51:30 - [TEST_STEP][PASSED] - saveWorkbook(excelFilePath, workbook01): null

09-12-2024T07:51:30 - [TEST_STEP][PASSED] - compare = pagePoteri: null

09-12-2024T07:51:30 - [TEST_STEP][PASSED] - if (compare == filePoteri): null

09-12-2024T07:51:30 - [TEST_STEP][PASSED] - else if (compare > filePoteri): null

09-12-2024T07:51:30 - [TEST_STEP][PASSED] - compare = compare - 1: null

09-12-2024T07:51:30 - [TEST_STEP][PASSED] - if (compare == filePoteri): null

09-12-2024T07:51:30 - [TEST_STEP][PASSED] - else: null

09-12-2024T07:51:30 - [TEST_STEP][PASSED] - numberOfErrors = numberOfErrors + 1: null

09-12-2024T07:51:30 - [TEST_STEP][PASSED] - pageInt = pagePoteri: null

09-12-2024T07:51:30 - [TEST_STEP][PASSED] - fileInt = filePoteri: null

09-12-2024T07:51:30 - [TEST_STEP][PASSED] - typeOfData = typeOfDataMain + " Потери": null

09-12-2024T07:51:30 - [TEST_STEP][PASSED] - Script1718980020443.WriteToExcel(a, typeOfData, todaysDate, pageInt, fileInt, pageDouble, fileDouble, dZO): null

09-12-2024T07:51:30 - [TEST_STEP][PASSED] - sheetName = "Sheet1": null

09-12-2024T07:51:30 - [TEST_STEP][PASSED] - data = findTestData("PlanFact"): null

09-12-2024T07:51:30 - [TEST_STEP][PASSED] - n = data.getRowNumbers() + 1: null

09-12-2024T07:51:30 - [TEST_STEP][PASSED] - year = todaysDate.substring(todaysDate.length() - 4, todaysDate.length()): null

09-12-2024T07:51:30 - [TEST_STEP][PASSED] - y = year.toInteger(): null

09-12-2024T07:51:30 - [TEST_STEP][PASSED] - m = getText(findTestObject("Выполнение бизнес-плана/Период")): Text of object 'Object Repository/Выполнение бизнес-плана/Период' is: '1, 2, 3 кв., Октябрь 2024 года'

09-12-2024T07:51:30 - [MESSAGE][PASSED] - Text of object 'Object Repository/Выполнение бизнес-плана/Период' is: '1, 2, 3 кв., Октябрь 2024 года'

09-12-2024T07:51:30 - [TEST_STEP][PASSED] - m = m.substring(0, m.indexOf("2024")): null

09-12-2024T07:51:30 - [TEST_STEP][PASSED] - m = m.trim(): null

09-12-2024T07:51:30 - [TEST_STEP][PASSED] - dashboardName = "Выполнение бизнес-плана": null

09-12-2024T07:51:30 - [TEST_STEP][PASSED] - workbook01 = getWorkbook(excelFilePath): null

09-12-2024T07:51:30 - [TEST_STEP][PASSED] - sheet01 = getExcelSheet(workbook01, sheetName): null

09-12-2024T07:51:30 - [TEST_STEP][PASSED] - setValueToCellByIndex(sheet01, n, 0, dashboardName): null

09-12-2024T07:51:30 - [TEST_STEP][PASSED] - setValueToCellByIndex(sheet01, n, 1, dZO): null

09-12-2024T07:51:30 - [TEST_STEP][PASSED] - setValueToCellByIndex(sheet01, n, 2, typeOfData): null

09-12-2024T07:51:30 - [TEST_STEP][PASSED] - if (typeOfData == "Факт в процентах" || typeOfData == "План в процентах"): null

09-12-2024T07:51:30 - [TEST_STEP][PASSED] - else: null

09-12-2024T07:51:30 - [TEST_STEP][PASSED] - setValueToCellByIndex(sheet01, n, 3, fileInt): null

09-12-2024T07:51:30 - [TEST_STEP][PASSED] - setValueToCellByIndex(sheet01, n, 4, pageInt): null

09-12-2024T07:51:30 - [TEST_STEP][PASSED] - setValueToCellByIndex(sheet01, n, 5, m): null

09-12-2024T07:51:30 - [TEST_STEP][PASSED] - setValueToCellByIndex(sheet01, n, 6, y): null

09-12-2024T07:51:30 - [TEST_STEP][PASSED] - setValueToCellByIndex(sheet01, n, 7, todaysDate): null

09-12-2024T07:51:30 - [TEST_STEP][PASSED] - n = n + 1: null

09-12-2024T07:51:30 - [TEST_STEP][PASSED] - saveWorkbook(excelFilePath, workbook01): null

09-12-2024T07:51:31 - [TEST_STEP][PASSED] - if (planFact == 2): null

09-12-2024T07:51:31 - [TEST_STEP][PASSED] - if (planFact == 1): null

09-12-2024T07:51:31 - [TEST_STEP][PASSED] - else if (planFact == 2): null

09-12-2024T07:51:31 - [TEST_STEP][PASSED] - click(findTestObject("Выполнение бизнес-плана/Кнопка План")): Object: 'Object Repository/Выполнение бизнес-плана/Кнопка План' is clicked on

09-12-2024T07:51:31 - [MESSAGE][PASSED] - Object: 'Object Repository/Выполнение бизнес-плана/Кнопка План' is clicked on

09-12-2024T07:51:31 - [TEST_STEP][PASSED] - typeOfDataMain = "План": null

09-12-2024T07:51:31 - [TEST_STEP][PASSED] - otpusk = findTestData("PlanFact").getValue(2, a): null

09-12-2024T07:51:31 - [TEST_STEP][PASSED] - poteri = findTestData("PlanFact").getValue(3, a): null

09-12-2024T07:51:31 - [TEST_STEP][PASSED] - otpusk = otpusk.replaceAll("\s+", ""): null

09-12-2024T07:51:31 - [TEST_STEP][PASSED] - poteri = poteri.replaceAll("\s+", ""): null

09-12-2024T07:51:31 - [TEST_STEP][PASSED] - typeOfData = typeOfDataMain + " Отпуск в сеть": null

09-12-2024T07:51:31 - [TEST_STEP][PASSED] - if (a == 82): null

09-12-2024T07:51:31 - [TEST_STEP][PASSED] - else if (a == 84): null

09-12-2024T07:51:31 - [TEST_STEP][PASSED] - else if (a == 52 || a == 72 || a == 28 || a == 73 || a == 77 || a == 74 || a == 65 || a == 36 || a == 44 || a == 53 || a == 80 || a == 54 || a == 1 || a == 18 || a == 59 || a == 81): null

09-12-2024T07:51:31 - [TEST_STEP][PASSED] - else: null

09-12-2024T07:51:31 - [TEST_STEP][PASSED] - path = dataFolder + typeOfData + " за отчётный период " + b: null

09-12-2024T07:51:31 - [TEST_STEP][PASSED] - println(path): null

09-12-2024T07:51:31 - [TEST_STEP][PASSED] - page = getText(findTestObject(path)): Text of object 'Object Repository/Выполнение бизнес-плана/Значения со страницы Выполнение бизнес-плана/План Отпуск в сеть за отчётный период Читаэнерго' is: '6 031 870'

09-12-2024T07:51:32 - [MESSAGE][PASSED] - Text of object 'Object Repository/Выполнение бизнес-плана/Значения со страницы Выполнение бизнес-плана/План Отпуск в сеть за отчётный период Читаэнерго' is: '6 031 870'

09-12-2024T07:51:32 - [TEST_STEP][PASSED] - page = page.replaceAll("\s+", ""): null

09-12-2024T07:51:32 - [TEST_STEP][PASSED] - fileOtpuskVSet = otpusk.toInteger(): null

09-12-2024T07:51:32 - [TEST_STEP][PASSED] - pageOtpuskVSet = page.toInteger(): null

09-12-2024T07:51:32 - [TEST_STEP][PASSED] - typeOfData = typeOfDataMain + " Потери": null

09-12-2024T07:51:32 - [TEST_STEP][PASSED] - if (a == 82): null

09-12-2024T07:51:32 - [TEST_STEP][PASSED] - else if (a == 84): null

09-12-2024T07:51:32 - [TEST_STEP][PASSED] - else if (a == 52 || a == 72 || a == 28 || a == 73 || a == 77 || a == 74 || a == 65 || a == 36 || a == 44 || a == 53 || a == 80 || a == 54 || a == 1 || a == 18 || a == 59 || a == 81): null

09-12-2024T07:51:32 - [TEST_STEP][PASSED] - else: null

09-12-2024T07:51:32 - [TEST_STEP][PASSED] - path = dataFolder + typeOfData + " за отчётный период " + b: null

09-12-2024T07:51:32 - [TEST_STEP][PASSED] - page = getText(findTestObject(path)): Text of object 'Object Repository/Выполнение бизнес-плана/Значения со страницы Выполнение бизнес-плана/План Потери за отчётный период Читаэнерго' is: '474 576'

09-12-2024T07:51:32 - [MESSAGE][PASSED] - Text of object 'Object Repository/Выполнение бизнес-плана/Значения со страницы Выполнение бизнес-плана/План Потери за отчётный период Читаэнерго' is: '474 576'

09-12-2024T07:51:32 - [TEST_STEP][PASSED] - page = page.replaceAll("\s+", ""): null

09-12-2024T07:51:32 - [TEST_STEP][PASSED] - filePoteri = poteri.toInteger(): null

09-12-2024T07:51:32 - [TEST_STEP][PASSED] - pagePoteri = page.toInteger(): null

09-12-2024T07:51:32 - [TEST_STEP][PASSED] - compare = pageOtpuskVSet: null

09-12-2024T07:51:32 - [TEST_STEP][PASSED] - if (compare == fileOtpuskVSet): null

09-12-2024T07:51:32 - [TEST_STEP][PASSED] - else if (compare > fileOtpuskVSet): null

09-12-2024T07:51:32 - [TEST_STEP][PASSED] - compare = compare - 1: null

09-12-2024T07:51:32 - [TEST_STEP][PASSED] - if (compare == fileOtpuskVSet): null

09-12-2024T07:51:32 - [TEST_STEP][PASSED] - else: null

09-12-2024T07:51:32 - [TEST_STEP][PASSED] - numberOfErrors = numberOfErrors + 1: null

09-12-2024T07:51:32 - [TEST_STEP][PASSED] - pageInt = pageOtpuskVSet: null

09-12-2024T07:51:32 - [TEST_STEP][PASSED] - fileInt = fileOtpuskVSet: null

09-12-2024T07:51:32 - [TEST_STEP][PASSED] - typeOfData = typeOfDataMain + " Отпуск в сеть": null

09-12-2024T07:51:32 - [TEST_STEP][PASSED] - Script1718980020443.WriteToExcel(a, typeOfData, todaysDate, pageInt, fileInt, pageDouble, fileDouble, dZO): null

09-12-2024T07:51:32 - [TEST_STEP][PASSED] - sheetName = "Sheet1": null

09-12-2024T07:51:32 - [TEST_STEP][PASSED] - data = findTestData("PlanFact"): null

09-12-2024T07:51:32 - [TEST_STEP][PASSED] - n = data.getRowNumbers() + 1: null

09-12-2024T07:51:32 - [TEST_STEP][PASSED] - year = todaysDate.substring(todaysDate.length() - 4, todaysDate.length()): null

09-12-2024T07:51:32 - [TEST_STEP][PASSED] - y = year.toInteger(): null

09-12-2024T07:51:32 - [TEST_STEP][PASSED] - m = getText(findTestObject("Выполнение бизнес-плана/Период")): Text of object 'Object Repository/Выполнение бизнес-плана/Период' is: '1, 2, 3 кв., Октябрь 2024 года'

09-12-2024T07:51:32 - [MESSAGE][PASSED] - Text of object 'Object Repository/Выполнение бизнес-плана/Период' is: '1, 2, 3 кв., Октябрь 2024 года'

09-12-2024T07:51:32 - [TEST_STEP][PASSED] - m = m.substring(0, m.indexOf("2024")): null

09-12-2024T07:51:32 - [TEST_STEP][PASSED] - m = m.trim(): null

09-12-2024T07:51:32 - [TEST_STEP][PASSED] - dashboardName = "Выполнение бизнес-плана": null

09-12-2024T07:51:32 - [TEST_STEP][PASSED] - workbook01 = getWorkbook(excelFilePath): null

09-12-2024T07:51:32 - [TEST_STEP][PASSED] - sheet01 = getExcelSheet(workbook01, sheetName): null

09-12-2024T07:51:32 - [TEST_STEP][PASSED] - setValueToCellByIndex(sheet01, n, 0, dashboardName): null

09-12-2024T07:51:32 - [TEST_STEP][PASSED] - setValueToCellByIndex(sheet01, n, 1, dZO): null

09-12-2024T07:51:32 - [TEST_STEP][PASSED] - setValueToCellByIndex(sheet01, n, 2, typeOfData): null

09-12-2024T07:51:32 - [TEST_STEP][PASSED] - if (typeOfData == "Факт в процентах" || typeOfData == "План в процентах"): null

09-12-2024T07:51:32 - [TEST_STEP][PASSED] - else: null

09-12-2024T07:51:32 - [TEST_STEP][PASSED] - setValueToCellByIndex(sheet01, n, 3, fileInt): null

09-12-2024T07:51:32 - [TEST_STEP][PASSED] - setValueToCellByIndex(sheet01, n, 4, pageInt): null

09-12-2024T07:51:32 - [TEST_STEP][PASSED] - setValueToCellByIndex(sheet01, n, 5, m): null

09-12-2024T07:51:32 - [TEST_STEP][PASSED] - setValueToCellByIndex(sheet01, n, 6, y): null

09-12-2024T07:51:32 - [TEST_STEP][PASSED] - setValueToCellByIndex(sheet01, n, 7, todaysDate): null

09-12-2024T07:51:32 - [TEST_STEP][PASSED] - n = n + 1: null

09-12-2024T07:51:32 - [TEST_STEP][PASSED] - saveWorkbook(excelFilePath, workbook01): null

09-12-2024T07:51:33 - [TEST_STEP][PASSED] - compare = pagePoteri: null

09-12-2024T07:51:33 - [TEST_STEP][PASSED] - if (compare == filePoteri): null

09-12-2024T07:51:33 - [TEST_STEP][PASSED] - else if (compare > filePoteri): null

09-12-2024T07:51:33 - [TEST_STEP][PASSED] - compare = compare - 1: null

09-12-2024T07:51:33 - [TEST_STEP][PASSED] - if (compare == filePoteri): null

09-12-2024T07:51:33 - [TEST_STEP][PASSED] - else: null

09-12-2024T07:51:33 - [TEST_STEP][PASSED] - numberOfErrors = numberOfErrors + 1: null

09-12-2024T07:51:33 - [TEST_STEP][PASSED] - pageInt = pagePoteri: null

09-12-2024T07:51:33 - [TEST_STEP][PASSED] - fileInt = filePoteri: null

09-12-2024T07:51:33 - [TEST_STEP][PASSED] - typeOfData = typeOfDataMain + " Потери": null

09-12-2024T07:51:33 - [TEST_STEP][PASSED] - Script1718980020443.WriteToExcel(a, typeOfData, todaysDate, pageInt, fileInt, pageDouble, fileDouble, dZO): null

09-12-2024T07:51:33 - [TEST_STEP][PASSED] - sheetName = "Sheet1": null

09-12-2024T07:51:33 - [TEST_STEP][PASSED] - data = findTestData("PlanFact"): null

09-12-2024T07:51:33 - [TEST_STEP][PASSED] - n = data.getRowNumbers() + 1: null

09-12-2024T07:51:33 - [TEST_STEP][PASSED] - year = todaysDate.substring(todaysDate.length() - 4, todaysDate.length()): null

09-12-2024T07:51:33 - [TEST_STEP][PASSED] - y = year.toInteger(): null

09-12-2024T07:51:33 - [TEST_STEP][PASSED] - m = getText(findTestObject("Выполнение бизнес-плана/Период")): Text of object 'Object Repository/Выполнение бизнес-плана/Период' is: '1, 2, 3 кв., Октябрь 2024 года'

09-12-2024T07:51:33 - [MESSAGE][PASSED] - Text of object 'Object Repository/Выполнение бизнес-плана/Период' is: '1, 2, 3 кв., Октябрь 2024 года'

09-12-2024T07:51:33 - [TEST_STEP][PASSED] - m = m.substring(0, m.indexOf("2024")): null

09-12-2024T07:51:33 - [TEST_STEP][PASSED] - m = m.trim(): null

09-12-2024T07:51:33 - [TEST_STEP][PASSED] - dashboardName = "Выполнение бизнес-плана": null

09-12-2024T07:51:33 - [TEST_STEP][PASSED] - workbook01 = getWorkbook(excelFilePath): null

09-12-2024T07:51:33 - [TEST_STEP][PASSED] - sheet01 = getExcelSheet(workbook01, sheetName): null

09-12-2024T07:51:33 - [TEST_STEP][PASSED] - setValueToCellByIndex(sheet01, n, 0, dashboardName): null

09-12-2024T07:51:33 - [TEST_STEP][PASSED] - setValueToCellByIndex(sheet01, n, 1, dZO): null

09-12-2024T07:51:33 - [TEST_STEP][PASSED] - setValueToCellByIndex(sheet01, n, 2, typeOfData): null

09-12-2024T07:51:33 - [TEST_STEP][PASSED] - if (typeOfData == "Факт в процентах" || typeOfData == "План в процентах"): null

09-12-2024T07:51:33 - [TEST_STEP][PASSED] - else: null

09-12-2024T07:51:33 - [TEST_STEP][PASSED] - setValueToCellByIndex(sheet01, n, 3, fileInt): null

09-12-2024T07:51:33 - [TEST_STEP][PASSED] - setValueToCellByIndex(sheet01, n, 4, pageInt): null

09-12-2024T07:51:33 - [TEST_STEP][PASSED] - setValueToCellByIndex(sheet01, n, 5, m): null

09-12-2024T07:51:33 - [TEST_STEP][PASSED] - setValueToCellByIndex(sheet01, n, 6, y): null

09-12-2024T07:51:33 - [TEST_STEP][PASSED] - setValueToCellByIndex(sheet01, n, 7, todaysDate): null

09-12-2024T07:51:33 - [TEST_STEP][PASSED] - n = n + 1: null

09-12-2024T07:51:33 - [TEST_STEP][PASSED] - saveWorkbook(excelFilePath, workbook01): Object: 'Object Repository/Выполнение бизнес-плана/Кнопка Факт' is clicked on

09-12-2024T07:51:33 - [TEST_STEP][PASSED] - if (planFact == 2): Object: 'Object Repository/Выполнение бизнес-плана/Кнопка Факт' is clicked on

09-12-2024T07:51:33 - [TEST_STEP][PASSED] - click(findTestObject("Выполнение бизнес-плана/Кнопка Факт")): Object: 'Object Repository/Выполнение бизнес-плана/Кнопка Факт' is clicked on

09-12-2024T07:51:34 - [MESSAGE][PASSED] - Object: 'Object Repository/Выполнение бизнес-плана/Кнопка Факт' is clicked on

09-12-2024T07:51:34 - [TEST_STEP][PASSED] - if (a == 84 || a == 82): null

09-12-2024T07:51:34 - [TEST_STEP][PASSED] - else if (a == 52 || a == 72 || a == 28 || a == 73 || a == 77 || a == 74 || a == 65 || a == 36 || a == 44 || a == 53 || a == 80 || a == 54 || a == 1 || a == 18 || a == 59 || a == 81): null

09-12-2024T07:51:34 - [TEST_STEP][PASSED] - else: null

09-12-2024T07:51:34 - [TEST_STEP][PASSED] - page1 = getText(findTestObject("Object Repository/Выполнение бизнес-плана/spanPlan" + filialNum)): Text of object 'Object Repository/Выполнение бизнес-плана/spanPlan7' is: '7.87
|'

09-12-2024T07:51:34 - [MESSAGE][PASSED] - Text of object 'Object Repository/Выполнение бизнес-плана/spanPlan7' is: '7.87
|'

09-12-2024T07:51:34 - [TEST_STEP][PASSED] - page1 = page1.replace("|", ""): null

09-12-2024T07:51:34 - [TEST_STEP][PASSED] - page2 = getText(findTestObject("Object Repository/Выполнение бизнес-плана/spanFact" + filialNum)): Text of object 'Object Repository/Выполнение бизнес-плана/spanFact7' is: '7.86
|'

09-12-2024T07:51:34 - [MESSAGE][PASSED] - Text of object 'Object Repository/Выполнение бизнес-плана/spanFact7' is: '7.86
|'

09-12-2024T07:51:34 - [TEST_STEP][PASSED] - page2 = page2.replace("|", ""): null

09-12-2024T07:51:34 - [TEST_STEP][PASSED] - println("page1: " + page1): null

09-12-2024T07:51:34 - [TEST_STEP][PASSED] - println("page2: " + page2): null

09-12-2024T07:51:34 - [TEST_STEP][PASSED] - file = findTestData("PlanFact").getValue(4, a): null

09-12-2024T07:51:34 - [TEST_STEP][PASSED] - file = file.replace(",", "."): null

09-12-2024T07:51:34 - [TEST_STEP][PASSED] - println("file Plan: " + file): null

09-12-2024T07:51:34 - [TEST_STEP][PASSED] - typeOfData = "План в процентах": null

09-12-2024T07:51:34 - [TEST_STEP][PASSED] - fileDouble = file.toDouble(): null

09-12-2024T07:51:34 - [TEST_STEP][PASSED] - pageDouble = page1.toDouble(): null

09-12-2024T07:51:34 - [TEST_STEP][PASSED] - if (fileDouble != pageDouble): null

09-12-2024T07:51:34 - [TEST_STEP][PASSED] - numberOfErrors = numberOfErrors + 1: null

09-12-2024T07:51:34 - [TEST_STEP][PASSED] - Script1718980020443.WriteToExcel(a, typeOfData, todaysDate, pageInt, fileInt, pageDouble, fileDouble, dZO): null

09-12-2024T07:51:34 - [TEST_STEP][PASSED] - sheetName = "Sheet1": null

09-12-2024T07:51:34 - [TEST_STEP][PASSED] - data = findTestData("PlanFact"): null

09-12-2024T07:51:34 - [TEST_STEP][PASSED] - n = data.getRowNumbers() + 1: null

09-12-2024T07:51:34 - [TEST_STEP][PASSED] - year = todaysDate.substring(todaysDate.length() - 4, todaysDate.length()): null

09-12-2024T07:51:34 - [TEST_STEP][PASSED] - y = year.toInteger(): null

09-12-2024T07:51:34 - [TEST_STEP][PASSED] - m = getText(findTestObject("Выполнение бизнес-плана/Период")): Text of object 'Object Repository/Выполнение бизнес-плана/Период' is: '1, 2, 3 кв., Октябрь 2024 года'

09-12-2024T07:51:35 - [MESSAGE][PASSED] - Text of object 'Object Repository/Выполнение бизнес-плана/Период' is: '1, 2, 3 кв., Октябрь 2024 года'

09-12-2024T07:51:35 - [TEST_STEP][PASSED] - m = m.substring(0, m.indexOf("2024")): null

09-12-2024T07:51:35 - [TEST_STEP][PASSED] - m = m.trim(): null

09-12-2024T07:51:35 - [TEST_STEP][PASSED] - dashboardName = "Выполнение бизнес-плана": null

09-12-2024T07:51:35 - [TEST_STEP][PASSED] - workbook01 = getWorkbook(excelFilePath): null

09-12-2024T07:51:35 - [TEST_STEP][PASSED] - sheet01 = getExcelSheet(workbook01, sheetName): null

09-12-2024T07:51:35 - [TEST_STEP][PASSED] - setValueToCellByIndex(sheet01, n, 0, dashboardName): null

09-12-2024T07:51:35 - [TEST_STEP][PASSED] - setValueToCellByIndex(sheet01, n, 1, dZO): null

09-12-2024T07:51:35 - [TEST_STEP][PASSED] - setValueToCellByIndex(sheet01, n, 2, typeOfData): null

09-12-2024T07:51:35 - [TEST_STEP][PASSED] - if (typeOfData == "Факт в процентах" || typeOfData == "План в процентах"): null

09-12-2024T07:51:35 - [TEST_STEP][PASSED] - setValueToCellByIndex(sheet01, n, 3, fileDouble): null

09-12-2024T07:51:35 - [TEST_STEP][PASSED] - setValueToCellByIndex(sheet01, n, 4, pageDouble): null

09-12-2024T07:51:35 - [TEST_STEP][PASSED] - setValueToCellByIndex(sheet01, n, 5, m): null

09-12-2024T07:51:35 - [TEST_STEP][PASSED] - setValueToCellByIndex(sheet01, n, 6, y): null

09-12-2024T07:51:35 - [TEST_STEP][PASSED] - setValueToCellByIndex(sheet01, n, 7, todaysDate): null

09-12-2024T07:51:35 - [TEST_STEP][PASSED] - n = n + 1: null

09-12-2024T07:51:35 - [TEST_STEP][PASSED] - saveWorkbook(excelFilePath, workbook01): null

09-12-2024T07:51:35 - [TEST_STEP][PASSED] - file = findTestData("PlanFact").getValue(7, a): null

09-12-2024T07:51:35 - [TEST_STEP][PASSED] - file = file.replace(",", "."): null

09-12-2024T07:51:35 - [TEST_STEP][PASSED] - println("file Fact: " + file): null

09-12-2024T07:51:35 - [TEST_STEP][PASSED] - fileDouble = file.toDouble(): null

09-12-2024T07:51:35 - [TEST_STEP][PASSED] - typeOfData = "Факт в процентах": null

09-12-2024T07:51:35 - [TEST_STEP][PASSED] - fileDouble = file.toDouble(): null

09-12-2024T07:51:35 - [TEST_STEP][PASSED] - pageDouble = page2.toDouble(): null

09-12-2024T07:51:35 - [TEST_STEP][PASSED] - if (fileDouble != pageDouble): null

09-12-2024T07:51:35 - [TEST_STEP][PASSED] - numberOfErrors = numberOfErrors + 1: null

09-12-2024T07:51:35 - [TEST_STEP][PASSED] - Script1718980020443.WriteToExcel(a, typeOfData, todaysDate, pageInt, fileInt, pageDouble, fileDouble, dZO): null

09-12-2024T07:51:35 - [TEST_STEP][PASSED] - sheetName = "Sheet1": null

09-12-2024T07:51:35 - [TEST_STEP][PASSED] - data = findTestData("PlanFact"): null

09-12-2024T07:51:35 - [TEST_STEP][PASSED] - n = data.getRowNumbers() + 1: null

09-12-2024T07:51:35 - [TEST_STEP][PASSED] - year = todaysDate.substring(todaysDate.length() - 4, todaysDate.length()): null

09-12-2024T07:51:35 - [TEST_STEP][PASSED] - y = year.toInteger(): null

09-12-2024T07:51:35 - [TEST_STEP][PASSED] - m = getText(findTestObject("Выполнение бизнес-плана/Период")): Text of object 'Object Repository/Выполнение бизнес-плана/Период' is: '1, 2, 3 кв., Октябрь 2024 года'

09-12-2024T07:51:35 - [MESSAGE][PASSED] - Text of object 'Object Repository/Выполнение бизнес-плана/Период' is: '1, 2, 3 кв., Октябрь 2024 года'

09-12-2024T07:51:35 - [TEST_STEP][PASSED] - m = m.substring(0, m.indexOf("2024")): null

09-12-2024T07:51:35 - [TEST_STEP][PASSED] - m = m.trim(): null

09-12-2024T07:51:35 - [TEST_STEP][PASSED] - dashboardName = "Выполнение бизнес-плана": null

09-12-2024T07:51:35 - [TEST_STEP][PASSED] - workbook01 = getWorkbook(excelFilePath): null

09-12-2024T07:51:35 - [TEST_STEP][PASSED] - sheet01 = getExcelSheet(workbook01, sheetName): null

09-12-2024T07:51:35 - [TEST_STEP][PASSED] - setValueToCellByIndex(sheet01, n, 0, dashboardName): null

09-12-2024T07:51:35 - [TEST_STEP][PASSED] - setValueToCellByIndex(sheet01, n, 1, dZO): null

09-12-2024T07:51:35 - [TEST_STEP][PASSED] - setValueToCellByIndex(sheet01, n, 2, typeOfData): null

09-12-2024T07:51:35 - [TEST_STEP][PASSED] - if (typeOfData == "Факт в процентах" || typeOfData == "План в процентах"): null

09-12-2024T07:51:35 - [TEST_STEP][PASSED] - setValueToCellByIndex(sheet01, n, 3, fileDouble): null

09-12-2024T07:51:35 - [TEST_STEP][PASSED] - setValueToCellByIndex(sheet01, n, 4, pageDouble): null

09-12-2024T07:51:35 - [TEST_STEP][PASSED] - setValueToCellByIndex(sheet01, n, 5, m): null

09-12-2024T07:51:35 - [TEST_STEP][PASSED] - setValueToCellByIndex(sheet01, n, 6, y): null

09-12-2024T07:51:35 - [TEST_STEP][PASSED] - setValueToCellByIndex(sheet01, n, 7, todaysDate): null

09-12-2024T07:51:35 - [TEST_STEP][PASSED] - n = n + 1: null

09-12-2024T07:51:35 - [TEST_STEP][PASSED] - saveWorkbook(excelFilePath, workbook01): null

09-12-2024T07:51:36 - [TEST_STEP][FAILED] - if (verifyEqual(numberOfErrors, 0) == false): null

09-12-2024T07:51:36 - [MESSAGE][FAILED] - Unable to verify equal between actual object '6' and expected object '0' (Root cause: com.kms.katalon.core.exception.StepFailedException: Actual object '6' and expected object '0' are not equal
	at com.kms.katalon.core.keyword.builtin.VerifyEqualKeyword$_verifyEqual_closure1.doCall(VerifyEqualKeyword.groovy:58)
	at com.kms.katalon.core.keyword.builtin.VerifyEqualKeyword$_verifyEqual_closure1.call(VerifyEqualKeyword.groovy)
	at com.kms.katalon.core.keyword.internal.KeywordMain.runKeyword(KeywordMain.groovy:75)
	at com.kms.katalon.core.keyword.builtin.VerifyEqualKeyword.verifyEqual(VerifyEqualKeyword.groovy:63)
	at com.kms.katalon.core.keyword.builtin.VerifyEqualKeyword.execute(VerifyEqualKeyword.groovy:44)
	at com.kms.katalon.core.keyword.internal.KeywordExecutor.executeKeywordForPlatform(KeywordExecutor.groovy:74)
	at com.kms.katalon.core.keyword.BuiltinKeywords.verifyEqual(BuiltinKeywords.groovy:146)
	at jdk.internal.reflect.GeneratedMethodAccessor24.invoke(Unknown Source)
	at java.base/jdk.internal.reflect.DelegatingMethodAccessorImpl.invoke(DelegatingMethodAccessorImpl.java:43)
	at Выполнение бизнес-плана Сверка ПАО Россети все филиалы.Numbers(Выполнение бизнес-плана Сверка ПАО Россети все филиалы:752)
	at Выполнение бизнес-плана Сверка ПАО Россети все филиалы.Filials(Выполнение бизнес-плана Сверка ПАО Россети все филиалы:1645)
	at Выполнение бизнес-плана Сверка ПАО Россети все филиалы.Numbers(Выполнение бизнес-плана Сверка ПАО Россети все филиалы:757)
	at Выполнение бизнес-плана Сверка ПАО Россети все филиалы.run(Выполнение бизнес-плана Сверка ПАО Россети все филиалы:344)
	at com.kms.katalon.core.main.ScriptEngine.run(ScriptEngine.java:194)
	at com.kms.katalon.core.main.ScriptEngine.runScriptAsRawText(ScriptEngine.java:119)
	at com.kms.katalon.core.main.TestCaseExecutor.runScript(TestCaseExecutor.java:448)
	at com.kms.katalon.core.main.TestCaseExecutor.doExecute(TestCaseExecutor.java:439)
	at com.kms.katalon.core.main.TestCaseExecutor.processExecutionPhase(TestCaseExecutor.java:418)
	at com.kms.katalon.core.main.TestCaseExecutor.accessMainPhase(TestCaseExecutor.java:410)
	at com.kms.katalon.core.main.TestCaseExecutor.execute(TestCaseExecutor.java:285)
	at com.kms.katalon.core.common.CommonExecutor.accessTestCaseMainPhase(CommonExecutor.java:65)
	at com.kms.katalon.core.main.TestSuiteExecutor.accessTestSuiteMainPhase(TestSuiteExecutor.java:150)
	at com.kms.katalon.core.main.TestSuiteExecutor.execute(TestSuiteExecutor.java:106)
	at com.kms.katalon.core.main.TestCaseMain.startTestSuite(TestCaseMain.java:180)
	at TempTestSuite1733719229947.run(TempTestSuite1733719229947.groovy:35)
	at java.base/jdk.internal.reflect.NativeMethodAccessorImpl.invoke0(Native Method)
	at java.base/jdk.internal.reflect.NativeMethodAccessorImpl.invoke(NativeMethodAccessorImpl.java:77)
	at java.base/jdk.internal.reflect.DelegatingMethodAccessorImpl.invoke(DelegatingMethodAccessorImpl.java:43)
)

09-12-2024T07:51:36 - [TEST_STEP][PASSED] - println(numberOfErrors): null

09-12-2024T07:51:36 - [TEST_STEP][PASSED] - if (a == 28 || a == 77 || a == 74 || a == 65 || a == 36 || a == 44 || a == 54 || a == 1 || a == 18 || a == 59): null

09-12-2024T07:51:36 - [TEST_STEP][PASSED] - if (a == 82): null

09-12-2024T07:51:36 - [TEST_STEP][PASSED] - filialNum = 0: null

09-12-2024T07:51:36 - [TEST_STEP][PASSED] - if (a == 54): null

09-12-2024T07:51:36 - [TEST_STEP][PASSED] - if (a == 59): null

09-12-2024T07:51:36 - [TEST_STEP][PASSED] - Script1718980020443.OpenFilter(): null

09-12-2024T07:51:36 - [TEST_STEP][PASSED] - click(findTestObject("Object Repository/Выполнение бизнес-плана/Фильтр ДЗО")): Object: 'Object Repository/Выполнение бизнес-плана/Фильтр ДЗО' is clicked on

09-12-2024T07:51:36 - [MESSAGE][PASSED] - Object: 'Object Repository/Выполнение бизнес-плана/Фильтр ДЗО' is clicked on

09-12-2024T07:51:36 - [TEST_STEP][PASSED] - click(findTestObject("Выполнение бизнес-плана/Снять выделение в фильтре ДЗО")): Object: 'Object Repository/Выполнение бизнес-плана/Снять выделение в фильтре ДЗО' is clicked on

09-12-2024T07:51:36 - [MESSAGE][PASSED] - Object: 'Object Repository/Выполнение бизнес-плана/Снять выделение в фильтре ДЗО' is clicked on

09-12-2024T07:51:36 - [TEST_STEP][PASSED] - Script1718980020443.CloseFilter(): null

09-12-2024T07:51:36 - [TEST_STEP][PASSED] - scrollToElement(findTestObject("Выполнение бизнес-плана/Заголовок дашборда"), 30): Scroll to object 'Object Repository/Выполнение бизнес-плана/Заголовок дашборда' successfully

09-12-2024T07:51:37 - [MESSAGE][PASSED] - Scroll to object 'Object Repository/Выполнение бизнес-плана/Заголовок дашборда' successfully

09-12-2024T07:51:37 - [TEST_STEP][PASSED] - click(findTestObject("Object Repository/Выполнение бизнес-плана/Применить в фильтре ДЗО")): Object: 'Object Repository/Выполнение бизнес-плана/Применить в фильтре ДЗО' is clicked on

09-12-2024T07:51:38 - [MESSAGE][PASSED] - Object: 'Object Repository/Выполнение бизнес-плана/Применить в фильтре ДЗО' is clicked on

09-12-2024T07:51:38 - [TEST_STEP][PASSED] - if (a == 82): null

09-12-2024T07:51:38 - [TEST_STEP][PASSED] - println(dzoNum): null

09-12-2024T07:51:38 - [TEST_STEP][PASSED] - dZO = "Россети Томск": null

09-12-2024T07:51:38 - [TEST_STEP][PASSED] - a = 53: null

09-12-2024T07:51:38 - [TEST_STEP][PASSED] - if (x1.contains(dZO)): null

09-12-2024T07:51:38 - [TEST_STEP][PASSED] - else: null

09-12-2024T07:51:38 - [TEST_STEP][PASSED] - Script1718980020443.NoData(a, typeOfData, todaysDate, fileInt, fileDouble, dZO): null

09-12-2024T07:51:38 - [TEST_STEP][PASSED] - println(a): null

09-12-2024T07:51:38 - [TEST_STEP][PASSED] - println(todaysDate): null

09-12-2024T07:51:38 - [TEST_STEP][PASSED] - println(fileInt): null

09-12-2024T07:51:38 - [TEST_STEP][PASSED] - println(fileDouble): null

09-12-2024T07:51:38 - [TEST_STEP][PASSED] - println(dZO): null

09-12-2024T07:51:38 - [TEST_STEP][PASSED] - typeOfData = "Факт Отпуск в сеть": null

09-12-2024T07:51:38 - [TEST_STEP][PASSED] - fileInt = replaceAll("\s+", "").toInteger(): null

09-12-2024T07:51:38 - [TEST_STEP][PASSED] - Script1718980020443.WriteToExcelNoData(a, typeOfData, todaysDate, fileInt, fileDouble, dZO): null

09-12-2024T07:51:38 - [TEST_STEP][PASSED] - sheetName = "Sheet1": null

09-12-2024T07:51:38 - [TEST_STEP][PASSED] - data = findTestData("PlanFact"): null

09-12-2024T07:51:38 - [TEST_STEP][PASSED] - n = data.getRowNumbers() + 1: null

09-12-2024T07:51:38 - [TEST_STEP][PASSED] - year = todaysDate.substring(todaysDate.length() - 4, todaysDate.length()): null

09-12-2024T07:51:38 - [TEST_STEP][PASSED] - y = year.toInteger(): null

09-12-2024T07:51:38 - [TEST_STEP][PASSED] - m = getText(findTestObject("Выполнение бизнес-плана/Период")): Text of object 'Object Repository/Выполнение бизнес-плана/Период' is: '1, 2, 3 кв., Октябрь 2024 года'

09-12-2024T07:52:03 - [MESSAGE][PASSED] - Text of object 'Object Repository/Выполнение бизнес-плана/Период' is: '1, 2, 3 кв., Октябрь 2024 года'

09-12-2024T07:52:03 - [TEST_STEP][PASSED] - m = m.substring(0, m.indexOf("2024")): null

09-12-2024T07:52:03 - [TEST_STEP][PASSED] - m = m.trim(): null

09-12-2024T07:52:03 - [TEST_STEP][PASSED] - dashboardName = "Выполнение бизнес-плана": null

09-12-2024T07:52:03 - [TEST_STEP][PASSED] - workbook01 = getWorkbook(excelFilePath): null

09-12-2024T07:52:03 - [TEST_STEP][PASSED] - sheet01 = getExcelSheet(workbook01, sheetName): null

09-12-2024T07:52:03 - [TEST_STEP][PASSED] - setValueToCellByIndex(sheet01, n, 0, dashboardName): null

09-12-2024T07:52:03 - [TEST_STEP][PASSED] - setValueToCellByIndex(sheet01, n, 1, dZO): null

09-12-2024T07:52:03 - [TEST_STEP][PASSED] - setValueToCellByIndex(sheet01, n, 2, typeOfData): null

09-12-2024T07:52:03 - [TEST_STEP][PASSED] - if (typeOfData == "Факт в процентах" || typeOfData == "План в процентах"): null

09-12-2024T07:52:03 - [TEST_STEP][PASSED] - else: null

09-12-2024T07:52:03 - [TEST_STEP][PASSED] - setValueToCellByIndex(sheet01, n, 3, fileInt): null

09-12-2024T07:52:03 - [TEST_STEP][PASSED] - setValueToCellByIndex(sheet01, n, 4, "нет данных"): null

09-12-2024T07:52:03 - [TEST_STEP][PASSED] - setValueToCellByIndex(sheet01, n, 5, m): null

09-12-2024T07:52:03 - [TEST_STEP][PASSED] - setValueToCellByIndex(sheet01, n, 6, y): null

09-12-2024T07:52:03 - [TEST_STEP][PASSED] - setValueToCellByIndex(sheet01, n, 7, todaysDate): null

09-12-2024T07:52:03 - [TEST_STEP][PASSED] - n = n + 1: null

09-12-2024T07:52:03 - [TEST_STEP][PASSED] - saveWorkbook(excelFilePath, workbook01): null

09-12-2024T07:52:04 - [TEST_STEP][PASSED] - typeOfData = "Факт Потери": null

09-12-2024T07:52:04 - [TEST_STEP][PASSED] - fileInt = replaceAll("\s+", "").toInteger(): null

09-12-2024T07:52:04 - [TEST_STEP][PASSED] - Script1718980020443.WriteToExcelNoData(a, typeOfData, todaysDate, fileInt, fileDouble, dZO): null

09-12-2024T07:52:04 - [TEST_STEP][PASSED] - sheetName = "Sheet1": null

09-12-2024T07:52:04 - [TEST_STEP][PASSED] - data = findTestData("PlanFact"): null

09-12-2024T07:52:04 - [TEST_STEP][PASSED] - n = data.getRowNumbers() + 1: null

09-12-2024T07:52:04 - [TEST_STEP][PASSED] - year = todaysDate.substring(todaysDate.length() - 4, todaysDate.length()): null

09-12-2024T07:52:04 - [TEST_STEP][PASSED] - y = year.toInteger(): null

09-12-2024T07:52:04 - [TEST_STEP][PASSED] - m = getText(findTestObject("Выполнение бизнес-плана/Период")): Text of object 'Object Repository/Выполнение бизнес-плана/Период' is: '1, 2, 3 кв., Октябрь 2024 года'

09-12-2024T07:52:04 - [MESSAGE][PASSED] - Text of object 'Object Repository/Выполнение бизнес-плана/Период' is: '1, 2, 3 кв., Октябрь 2024 года'

09-12-2024T07:52:04 - [TEST_STEP][PASSED] - m = m.substring(0, m.indexOf("2024")): null

09-12-2024T07:52:04 - [TEST_STEP][PASSED] - m = m.trim(): null

09-12-2024T07:52:04 - [TEST_STEP][PASSED] - dashboardName = "Выполнение бизнес-плана": null

09-12-2024T07:52:04 - [TEST_STEP][PASSED] - workbook01 = getWorkbook(excelFilePath): null

09-12-2024T07:52:04 - [TEST_STEP][PASSED] - sheet01 = getExcelSheet(workbook01, sheetName): null

09-12-2024T07:52:04 - [TEST_STEP][PASSED] - setValueToCellByIndex(sheet01, n, 0, dashboardName): null

09-12-2024T07:52:04 - [TEST_STEP][PASSED] - setValueToCellByIndex(sheet01, n, 1, dZO): null

09-12-2024T07:52:04 - [TEST_STEP][PASSED] - setValueToCellByIndex(sheet01, n, 2, typeOfData): null

09-12-2024T07:52:04 - [TEST_STEP][PASSED] - if (typeOfData == "Факт в процентах" || typeOfData == "План в процентах"): null

09-12-2024T07:52:04 - [TEST_STEP][PASSED] - else: null

09-12-2024T07:52:04 - [TEST_STEP][PASSED] - setValueToCellByIndex(sheet01, n, 3, fileInt): null

09-12-2024T07:52:04 - [TEST_STEP][PASSED] - setValueToCellByIndex(sheet01, n, 4, "нет данных"): null

09-12-2024T07:52:04 - [TEST_STEP][PASSED] - setValueToCellByIndex(sheet01, n, 5, m): null

09-12-2024T07:52:04 - [TEST_STEP][PASSED] - setValueToCellByIndex(sheet01, n, 6, y): null

09-12-2024T07:52:04 - [TEST_STEP][PASSED] - setValueToCellByIndex(sheet01, n, 7, todaysDate): null

09-12-2024T07:52:04 - [TEST_STEP][PASSED] - n = n + 1: null

09-12-2024T07:52:04 - [TEST_STEP][PASSED] - saveWorkbook(excelFilePath, workbook01): null

09-12-2024T07:52:04 - [TEST_STEP][PASSED] - typeOfData = "План Отпуск в сеть": null

09-12-2024T07:52:04 - [TEST_STEP][PASSED] - fileInt = replaceAll("\s+", "").toInteger(): null

09-12-2024T07:52:04 - [TEST_STEP][PASSED] - Script1718980020443.WriteToExcelNoData(a, typeOfData, todaysDate, fileInt, fileDouble, dZO): null

09-12-2024T07:52:04 - [TEST_STEP][PASSED] - sheetName = "Sheet1": null

09-12-2024T07:52:04 - [TEST_STEP][PASSED] - data = findTestData("PlanFact"): null

09-12-2024T07:52:04 - [TEST_STEP][PASSED] - n = data.getRowNumbers() + 1: null

09-12-2024T07:52:04 - [TEST_STEP][PASSED] - year = todaysDate.substring(todaysDate.length() - 4, todaysDate.length()): null

09-12-2024T07:52:04 - [TEST_STEP][PASSED] - y = year.toInteger(): null

09-12-2024T07:52:04 - [TEST_STEP][PASSED] - m = getText(findTestObject("Выполнение бизнес-плана/Период")): Text of object 'Object Repository/Выполнение бизнес-плана/Период' is: '1, 2, 3 кв., Октябрь 2024 года'

09-12-2024T07:52:05 - [MESSAGE][PASSED] - Text of object 'Object Repository/Выполнение бизнес-плана/Период' is: '1, 2, 3 кв., Октябрь 2024 года'

09-12-2024T07:52:05 - [TEST_STEP][PASSED] - m = m.substring(0, m.indexOf("2024")): null

09-12-2024T07:52:05 - [TEST_STEP][PASSED] - m = m.trim(): null

09-12-2024T07:52:05 - [TEST_STEP][PASSED] - dashboardName = "Выполнение бизнес-плана": null

09-12-2024T07:52:05 - [TEST_STEP][PASSED] - workbook01 = getWorkbook(excelFilePath): null

09-12-2024T07:52:05 - [TEST_STEP][PASSED] - sheet01 = getExcelSheet(workbook01, sheetName): null

09-12-2024T07:52:05 - [TEST_STEP][PASSED] - setValueToCellByIndex(sheet01, n, 0, dashboardName): null

09-12-2024T07:52:05 - [TEST_STEP][PASSED] - setValueToCellByIndex(sheet01, n, 1, dZO): null

09-12-2024T07:52:05 - [TEST_STEP][PASSED] - setValueToCellByIndex(sheet01, n, 2, typeOfData): null

09-12-2024T07:52:05 - [TEST_STEP][PASSED] - if (typeOfData == "Факт в процентах" || typeOfData == "План в процентах"): null

09-12-2024T07:52:05 - [TEST_STEP][PASSED] - else: null

09-12-2024T07:52:05 - [TEST_STEP][PASSED] - setValueToCellByIndex(sheet01, n, 3, fileInt): null

09-12-2024T07:52:05 - [TEST_STEP][PASSED] - setValueToCellByIndex(sheet01, n, 4, "нет данных"): null

09-12-2024T07:52:05 - [TEST_STEP][PASSED] - setValueToCellByIndex(sheet01, n, 5, m): null

09-12-2024T07:52:05 - [TEST_STEP][PASSED] - setValueToCellByIndex(sheet01, n, 6, y): null

09-12-2024T07:52:05 - [TEST_STEP][PASSED] - setValueToCellByIndex(sheet01, n, 7, todaysDate): null

09-12-2024T07:52:05 - [TEST_STEP][PASSED] - n = n + 1: null

09-12-2024T07:52:05 - [TEST_STEP][PASSED] - saveWorkbook(excelFilePath, workbook01): null

09-12-2024T07:52:05 - [TEST_STEP][PASSED] - typeOfData = "План Потери": null

09-12-2024T07:52:05 - [TEST_STEP][PASSED] - fileInt = replaceAll("\s+", "").toInteger(): null

09-12-2024T07:52:05 - [TEST_STEP][PASSED] - Script1718980020443.WriteToExcelNoData(a, typeOfData, todaysDate, fileInt, fileDouble, dZO): null

09-12-2024T07:52:05 - [TEST_STEP][PASSED] - sheetName = "Sheet1": null

09-12-2024T07:52:05 - [TEST_STEP][PASSED] - data = findTestData("PlanFact"): null

09-12-2024T07:52:05 - [TEST_STEP][PASSED] - n = data.getRowNumbers() + 1: null

09-12-2024T07:52:05 - [TEST_STEP][PASSED] - year = todaysDate.substring(todaysDate.length() - 4, todaysDate.length()): null

09-12-2024T07:52:05 - [TEST_STEP][PASSED] - y = year.toInteger(): null

09-12-2024T07:52:05 - [TEST_STEP][PASSED] - m = getText(findTestObject("Выполнение бизнес-плана/Период")): Text of object 'Object Repository/Выполнение бизнес-плана/Период' is: '1, 2, 3 кв., Октябрь 2024 года'

09-12-2024T07:52:05 - [MESSAGE][PASSED] - Text of object 'Object Repository/Выполнение бизнес-плана/Период' is: '1, 2, 3 кв., Октябрь 2024 года'

09-12-2024T07:52:05 - [TEST_STEP][PASSED] - m = m.substring(0, m.indexOf("2024")): null

09-12-2024T07:52:05 - [TEST_STEP][PASSED] - m = m.trim(): null

09-12-2024T07:52:05 - [TEST_STEP][PASSED] - dashboardName = "Выполнение бизнес-плана": null

09-12-2024T07:52:05 - [TEST_STEP][PASSED] - workbook01 = getWorkbook(excelFilePath): null

09-12-2024T07:52:05 - [TEST_STEP][PASSED] - sheet01 = getExcelSheet(workbook01, sheetName): null

09-12-2024T07:52:05 - [TEST_STEP][PASSED] - setValueToCellByIndex(sheet01, n, 0, dashboardName): null

09-12-2024T07:52:05 - [TEST_STEP][PASSED] - setValueToCellByIndex(sheet01, n, 1, dZO): null

09-12-2024T07:52:05 - [TEST_STEP][PASSED] - setValueToCellByIndex(sheet01, n, 2, typeOfData): null

09-12-2024T07:52:05 - [TEST_STEP][PASSED] - if (typeOfData == "Факт в процентах" || typeOfData == "План в процентах"): null

09-12-2024T07:52:05 - [TEST_STEP][PASSED] - else: null

09-12-2024T07:52:05 - [TEST_STEP][PASSED] - setValueToCellByIndex(sheet01, n, 3, fileInt): null

09-12-2024T07:52:05 - [TEST_STEP][PASSED] - setValueToCellByIndex(sheet01, n, 4, "нет данных"): null

09-12-2024T07:52:05 - [TEST_STEP][PASSED] - setValueToCellByIndex(sheet01, n, 5, m): null

09-12-2024T07:52:05 - [TEST_STEP][PASSED] - setValueToCellByIndex(sheet01, n, 6, y): null

09-12-2024T07:52:05 - [TEST_STEP][PASSED] - setValueToCellByIndex(sheet01, n, 7, todaysDate): null

09-12-2024T07:52:05 - [TEST_STEP][PASSED] - n = n + 1: null

09-12-2024T07:52:05 - [TEST_STEP][PASSED] - saveWorkbook(excelFilePath, workbook01): null

09-12-2024T07:52:05 - [TEST_STEP][PASSED] - typeOfData = "План в процентах": null

09-12-2024T07:52:05 - [TEST_STEP][PASSED] - fileDouble = ").toDouble(): null

09-12-2024T07:52:05 - [TEST_STEP][PASSED] - Script1718980020443.WriteToExcelNoData(a, typeOfData, todaysDate, fileInt, fileDouble, dZO): null

09-12-2024T07:52:05 - [TEST_STEP][PASSED] - sheetName = "Sheet1": null

09-12-2024T07:52:05 - [TEST_STEP][PASSED] - data = findTestData("PlanFact"): null

09-12-2024T07:52:06 - [TEST_STEP][PASSED] - n = data.getRowNumbers() + 1: null

09-12-2024T07:52:06 - [TEST_STEP][PASSED] - year = todaysDate.substring(todaysDate.length() - 4, todaysDate.length()): null

09-12-2024T07:52:06 - [TEST_STEP][PASSED] - y = year.toInteger(): null

09-12-2024T07:52:06 - [TEST_STEP][PASSED] - m = getText(findTestObject("Выполнение бизнес-плана/Период")): Text of object 'Object Repository/Выполнение бизнес-плана/Период' is: '1, 2, 3 кв., Октябрь 2024 года'

09-12-2024T07:52:06 - [MESSAGE][PASSED] - Text of object 'Object Repository/Выполнение бизнес-плана/Период' is: '1, 2, 3 кв., Октябрь 2024 года'

09-12-2024T07:52:06 - [TEST_STEP][PASSED] - m = m.substring(0, m.indexOf("2024")): null

09-12-2024T07:52:06 - [TEST_STEP][PASSED] - m = m.trim(): null

09-12-2024T07:52:06 - [TEST_STEP][PASSED] - dashboardName = "Выполнение бизнес-плана": null

09-12-2024T07:52:06 - [TEST_STEP][PASSED] - workbook01 = getWorkbook(excelFilePath): null

09-12-2024T07:52:06 - [TEST_STEP][PASSED] - sheet01 = getExcelSheet(workbook01, sheetName): null

09-12-2024T07:52:06 - [TEST_STEP][PASSED] - setValueToCellByIndex(sheet01, n, 0, dashboardName): null

09-12-2024T07:52:06 - [TEST_STEP][PASSED] - setValueToCellByIndex(sheet01, n, 1, dZO): null

09-12-2024T07:52:06 - [TEST_STEP][PASSED] - setValueToCellByIndex(sheet01, n, 2, typeOfData): null

09-12-2024T07:52:06 - [TEST_STEP][PASSED] - if (typeOfData == "Факт в процентах" || typeOfData == "План в процентах"): null

09-12-2024T07:52:06 - [TEST_STEP][PASSED] - setValueToCellByIndex(sheet01, n, 3, fileDouble): null

09-12-2024T07:52:06 - [TEST_STEP][PASSED] - setValueToCellByIndex(sheet01, n, 4, "нет данных"): null

09-12-2024T07:52:06 - [TEST_STEP][PASSED] - setValueToCellByIndex(sheet01, n, 5, m): null

09-12-2024T07:52:06 - [TEST_STEP][PASSED] - setValueToCellByIndex(sheet01, n, 6, y): null

09-12-2024T07:52:06 - [TEST_STEP][PASSED] - setValueToCellByIndex(sheet01, n, 7, todaysDate): null

09-12-2024T07:52:06 - [TEST_STEP][PASSED] - n = n + 1: null

09-12-2024T07:52:06 - [TEST_STEP][PASSED] - saveWorkbook(excelFilePath, workbook01): null

09-12-2024T07:52:06 - [TEST_STEP][PASSED] - typeOfData = "Факт в процентах": null

09-12-2024T07:52:06 - [TEST_STEP][PASSED] - fileDouble = ").toDouble(): null

09-12-2024T07:52:06 - [TEST_STEP][PASSED] - Script1718980020443.WriteToExcelNoData(a, typeOfData, todaysDate, fileInt, fileDouble, dZO): null

09-12-2024T07:52:06 - [TEST_STEP][PASSED] - sheetName = "Sheet1": null

09-12-2024T07:52:06 - [TEST_STEP][PASSED] - data = findTestData("PlanFact"): null

09-12-2024T07:52:06 - [TEST_STEP][PASSED] - n = data.getRowNumbers() + 1: null

09-12-2024T07:52:06 - [TEST_STEP][PASSED] - year = todaysDate.substring(todaysDate.length() - 4, todaysDate.length()): null

09-12-2024T07:52:06 - [TEST_STEP][PASSED] - y = year.toInteger(): null

09-12-2024T07:52:06 - [TEST_STEP][PASSED] - m = getText(findTestObject("Выполнение бизнес-плана/Период")): Text of object 'Object Repository/Выполнение бизнес-плана/Период' is: '1, 2, 3 кв., Октябрь 2024 года'

09-12-2024T07:52:06 - [MESSAGE][PASSED] - Text of object 'Object Repository/Выполнение бизнес-плана/Период' is: '1, 2, 3 кв., Октябрь 2024 года'

09-12-2024T07:52:06 - [TEST_STEP][PASSED] - m = m.substring(0, m.indexOf("2024")): null

09-12-2024T07:52:06 - [TEST_STEP][PASSED] - m = m.trim(): null

09-12-2024T07:52:06 - [TEST_STEP][PASSED] - dashboardName = "Выполнение бизнес-плана": null

09-12-2024T07:52:06 - [TEST_STEP][PASSED] - workbook01 = getWorkbook(excelFilePath): null

09-12-2024T07:52:07 - [TEST_STEP][PASSED] - sheet01 = getExcelSheet(workbook01, sheetName): null

09-12-2024T07:52:07 - [TEST_STEP][PASSED] - setValueToCellByIndex(sheet01, n, 0, dashboardName): null

09-12-2024T07:52:07 - [TEST_STEP][PASSED] - setValueToCellByIndex(sheet01, n, 1, dZO): null

09-12-2024T07:52:07 - [TEST_STEP][PASSED] - setValueToCellByIndex(sheet01, n, 2, typeOfData): null

09-12-2024T07:52:07 - [TEST_STEP][PASSED] - if (typeOfData == "Факт в процентах" || typeOfData == "План в процентах"): null

09-12-2024T07:52:07 - [TEST_STEP][PASSED] - setValueToCellByIndex(sheet01, n, 3, fileDouble): null

09-12-2024T07:52:07 - [TEST_STEP][PASSED] - setValueToCellByIndex(sheet01, n, 4, "нет данных"): null

09-12-2024T07:52:07 - [TEST_STEP][PASSED] - setValueToCellByIndex(sheet01, n, 5, m): null

09-12-2024T07:52:07 - [TEST_STEP][PASSED] - setValueToCellByIndex(sheet01, n, 6, y): null

09-12-2024T07:52:07 - [TEST_STEP][PASSED] - setValueToCellByIndex(sheet01, n, 7, todaysDate): null

09-12-2024T07:52:07 - [TEST_STEP][PASSED] - n = n + 1: null

09-12-2024T07:52:07 - [TEST_STEP][PASSED] - saveWorkbook(excelFilePath, workbook01): null

09-12-2024T07:52:07 - [TEST_STEP][PASSED] - println(dzoNum): null

09-12-2024T07:52:07 - [TEST_STEP][PASSED] - dZO = "Россети Тюмень": null

09-12-2024T07:52:07 - [TEST_STEP][PASSED] - a = 80: null

09-12-2024T07:52:07 - [TEST_STEP][PASSED] - if (x1.contains(dZO)): null

09-12-2024T07:52:07 - [TEST_STEP][PASSED] - dzoNum = dzoNum + 1: null

09-12-2024T07:52:07 - [TEST_STEP][PASSED] - Script1718980020443.Numbers(a, typeOfData, todaysDate, pageInt, fileInt, pageDouble, fileDouble, dZO, dzoNum, filialNum): null

09-12-2024T07:52:07 - [TEST_STEP][PASSED] - println(dzoNum): null

09-12-2024T07:52:07 - [TEST_STEP][PASSED] - planFact = <not implemented yet for class: org.codehaus.groovy.ast.expr.EmptyExpression>: null

09-12-2024T07:52:07 - [TEST_STEP][PASSED] - page = <not implemented yet for class: org.codehaus.groovy.ast.expr.EmptyExpression>: null

09-12-2024T07:52:07 - [TEST_STEP][PASSED] - page1 = <not implemented yet for class: org.codehaus.groovy.ast.expr.EmptyExpression>: null

09-12-2024T07:52:07 - [TEST_STEP][PASSED] - page2 = <not implemented yet for class: org.codehaus.groovy.ast.expr.EmptyExpression>: null

09-12-2024T07:52:07 - [TEST_STEP][PASSED] - filialNumberInRow = <not implemented yet for class: org.codehaus.groovy.ast.expr.EmptyExpression>: null

09-12-2024T07:52:07 - [TEST_STEP][PASSED] - filialsDzoNames = <not implemented yet for class: org.codehaus.groovy.ast.expr.EmptyExpression>: null

09-12-2024T07:52:07 - [TEST_STEP][PASSED] - numberOfFilials = <not implemented yet for class: org.codehaus.groovy.ast.expr.EmptyExpression>: null

09-12-2024T07:52:07 - [TEST_STEP][PASSED] - numberOfSpaces = <not implemented yet for class: org.codehaus.groovy.ast.expr.EmptyExpression>: null

09-12-2024T07:52:07 - [TEST_STEP][PASSED] - file = <not implemented yet for class: org.codehaus.groovy.ast.expr.EmptyExpression>: null

09-12-2024T07:52:07 - [TEST_STEP][PASSED] - otpusk = <not implemented yet for class: org.codehaus.groovy.ast.expr.EmptyExpression>: null

09-12-2024T07:52:07 - [TEST_STEP][PASSED] - poteri = <not implemented yet for class: org.codehaus.groovy.ast.expr.EmptyExpression>: null

09-12-2024T07:52:07 - [TEST_STEP][PASSED] - dataFolder = "Выполнение бизнес-плана/Значения со страницы Выполнение бизнес-плана/": null

09-12-2024T07:52:07 - [TEST_STEP][PASSED] - path = <not implemented yet for class: org.codehaus.groovy.ast.expr.EmptyExpression>: null

09-12-2024T07:52:07 - [TEST_STEP][PASSED] - typeOfDataMain = <not implemented yet for class: org.codehaus.groovy.ast.expr.EmptyExpression>: null

09-12-2024T07:52:07 - [TEST_STEP][PASSED] - fileOtpuskVSet = <not implemented yet for class: org.codehaus.groovy.ast.expr.EmptyExpression>: null

09-12-2024T07:52:07 - [TEST_STEP][PASSED] - pageOtpuskVSet = <not implemented yet for class: org.codehaus.groovy.ast.expr.EmptyExpression>: null

09-12-2024T07:52:07 - [TEST_STEP][PASSED] - filePoteri = <not implemented yet for class: org.codehaus.groovy.ast.expr.EmptyExpression>: null

09-12-2024T07:52:07 - [TEST_STEP][PASSED] - pagePoteri = <not implemented yet for class: org.codehaus.groovy.ast.expr.EmptyExpression>: null

09-12-2024T07:52:07 - [TEST_STEP][PASSED] - compare = <not implemented yet for class: org.codehaus.groovy.ast.expr.EmptyExpression>: null

09-12-2024T07:52:07 - [TEST_STEP][PASSED] - b = <not implemented yet for class: org.codehaus.groovy.ast.expr.EmptyExpression>: null

09-12-2024T07:52:07 - [TEST_STEP][PASSED] - i = <not implemented yet for class: org.codehaus.groovy.ast.expr.EmptyExpression>: null

09-12-2024T07:52:07 - [TEST_STEP][PASSED] - ii = <not implemented yet for class: org.codehaus.groovy.ast.expr.EmptyExpression>: null

09-12-2024T07:52:07 - [TEST_STEP][PASSED] - c = <not implemented yet for class: org.codehaus.groovy.ast.expr.EmptyExpression>: null

09-12-2024T07:52:07 - [TEST_STEP][PASSED] - numberOfErrors = 0: null

09-12-2024T07:52:07 - [TEST_STEP][PASSED] - if (a == 82): null

09-12-2024T07:52:07 - [TEST_STEP][PASSED] - b = findTestData("PlanFact").getValue(1, a): null

09-12-2024T07:52:07 - [TEST_STEP][PASSED] - i = b.indexOf(" (ГК)"): null

09-12-2024T07:52:07 - [TEST_STEP][PASSED] - if (i > -1): null

09-12-2024T07:52:07 - [TEST_STEP][PASSED] - i = b.indexOf("О ""): null

09-12-2024T07:52:07 - [TEST_STEP][PASSED] - if (i > -1): null

09-12-2024T07:52:07 - [TEST_STEP][PASSED] - i = b.indexOf("О «"): null

09-12-2024T07:52:07 - [TEST_STEP][PASSED] - if (i > -1): null

09-12-2024T07:52:07 - [TEST_STEP][PASSED] - i = b.indexOf("г. "): null

09-12-2024T07:52:07 - [TEST_STEP][PASSED] - if (i > -1): null

09-12-2024T07:52:07 - [TEST_STEP][PASSED] - println(b): null

09-12-2024T07:52:07 - [TEST_STEP][PASSED] - for ([planFact = 1, planFact < 3, (planFact++)]): Object: 'Object Repository/Выполнение бизнес-плана/Кнопка Факт' is clicked on

09-12-2024T07:52:07 - [TEST_STEP][PASSED] - if (planFact == 1): null

09-12-2024T07:52:07 - [TEST_STEP][PASSED] - typeOfDataMain = "Факт": null

09-12-2024T07:52:07 - [TEST_STEP][PASSED] - otpusk = findTestData("PlanFact").getValue(5, a): null

09-12-2024T07:52:07 - [TEST_STEP][PASSED] - poteri = findTestData("PlanFact").getValue(6, a): null

09-12-2024T07:52:07 - [TEST_STEP][PASSED] - otpusk = otpusk.replaceAll("\s+", ""): null

09-12-2024T07:52:07 - [TEST_STEP][PASSED] - poteri = poteri.replaceAll("\s+", ""): null

09-12-2024T07:52:07 - [TEST_STEP][PASSED] - typeOfData = typeOfDataMain + " Отпуск в сеть": null

09-12-2024T07:52:07 - [TEST_STEP][PASSED] - if (a == 82): null

09-12-2024T07:52:07 - [TEST_STEP][PASSED] - else if (a == 84): null

09-12-2024T07:52:07 - [TEST_STEP][PASSED] - else if (a == 52 || a == 72 || a == 28 || a == 73 || a == 77 || a == 74 || a == 65 || a == 36 || a == 44 || a == 53 || a == 80 || a == 54 || a == 1 || a == 18 || a == 59 || a == 81): null

09-12-2024T07:52:07 - [TEST_STEP][PASSED] - path = dataFolder + "Table Data/" + typeOfData + " за отчётный период " + dzoNum: null

09-12-2024T07:52:07 - [TEST_STEP][PASSED] - println(path): null

09-12-2024T07:52:07 - [TEST_STEP][PASSED] - page = getText(findTestObject(path)): Text of object 'Object Repository/Выполнение бизнес-плана/Значения со страницы Выполнение бизнес-плана/Table Data/Факт Отпуск в сеть за отчётный период 5' is: '43 413 766'

09-12-2024T07:52:07 - [MESSAGE][PASSED] - Text of object 'Object Repository/Выполнение бизнес-плана/Значения со страницы Выполнение бизнес-плана/Table Data/Факт Отпуск в сеть за отчётный период 5' is: '43 413 766'

09-12-2024T07:52:07 - [TEST_STEP][PASSED] - page = page.replaceAll("\s+", ""): null

09-12-2024T07:52:07 - [TEST_STEP][PASSED] - fileOtpuskVSet = otpusk.toInteger(): null

09-12-2024T07:52:07 - [TEST_STEP][PASSED] - pageOtpuskVSet = page.toInteger(): null

09-12-2024T07:52:07 - [TEST_STEP][PASSED] - typeOfData = typeOfDataMain + " Потери": null

09-12-2024T07:52:07 - [TEST_STEP][PASSED] - if (a == 82): null

09-12-2024T07:52:07 - [TEST_STEP][PASSED] - else if (a == 84): null

09-12-2024T07:52:07 - [TEST_STEP][PASSED] - else if (a == 52 || a == 72 || a == 28 || a == 73 || a == 77 || a == 74 || a == 65 || a == 36 || a == 44 || a == 53 || a == 80 || a == 54 || a == 1 || a == 18 || a == 59 || a == 81): null

09-12-2024T07:52:07 - [TEST_STEP][PASSED] - path = dataFolder + "Table Data/" + typeOfData + " за отчётный период " + dzoNum: null

09-12-2024T07:52:07 - [TEST_STEP][PASSED] - page = getText(findTestObject(path)): Text of object 'Object Repository/Выполнение бизнес-плана/Значения со страницы Выполнение бизнес-плана/Table Data/Факт Потери за отчётный период 5' is: '1 149 143'

09-12-2024T07:52:07 - [MESSAGE][PASSED] - Text of object 'Object Repository/Выполнение бизнес-плана/Значения со страницы Выполнение бизнес-плана/Table Data/Факт Потери за отчётный период 5' is: '1 149 143'

09-12-2024T07:52:07 - [TEST_STEP][PASSED] - page = page.replaceAll("\s+", ""): null

09-12-2024T07:52:07 - [TEST_STEP][PASSED] - filePoteri = poteri.toInteger(): null

09-12-2024T07:52:07 - [TEST_STEP][PASSED] - pagePoteri = page.toInteger(): null

09-12-2024T07:52:07 - [TEST_STEP][PASSED] - compare = pageOtpuskVSet: null

09-12-2024T07:52:07 - [TEST_STEP][PASSED] - if (compare == fileOtpuskVSet): null

09-12-2024T07:52:07 - [TEST_STEP][PASSED] - if (compare == fileOtpuskVSet): null

09-12-2024T07:52:07 - [TEST_STEP][PASSED] - compare = pagePoteri: null

09-12-2024T07:52:07 - [TEST_STEP][PASSED] - if (compare == filePoteri): null

09-12-2024T07:52:07 - [TEST_STEP][PASSED] - if (compare == filePoteri): null

09-12-2024T07:52:07 - [TEST_STEP][PASSED] - if (planFact == 2): null

09-12-2024T07:52:07 - [TEST_STEP][PASSED] - if (planFact == 1): null

09-12-2024T07:52:07 - [TEST_STEP][PASSED] - else if (planFact == 2): null

09-12-2024T07:52:07 - [TEST_STEP][PASSED] - click(findTestObject("Выполнение бизнес-плана/Кнопка План")): Object: 'Object Repository/Выполнение бизнес-плана/Кнопка План' is clicked on

09-12-2024T07:52:08 - [MESSAGE][PASSED] - Object: 'Object Repository/Выполнение бизнес-плана/Кнопка План' is clicked on

09-12-2024T07:52:08 - [TEST_STEP][PASSED] - typeOfDataMain = "План": null

09-12-2024T07:52:08 - [TEST_STEP][PASSED] - otpusk = findTestData("PlanFact").getValue(2, a): null

09-12-2024T07:52:08 - [TEST_STEP][PASSED] - poteri = findTestData("PlanFact").getValue(3, a): null

09-12-2024T07:52:08 - [TEST_STEP][PASSED] - otpusk = otpusk.replaceAll("\s+", ""): null

09-12-2024T07:52:08 - [TEST_STEP][PASSED] - poteri = poteri.replaceAll("\s+", ""): null

09-12-2024T07:52:08 - [TEST_STEP][PASSED] - typeOfData = typeOfDataMain + " Отпуск в сеть": null

09-12-2024T07:52:08 - [TEST_STEP][PASSED] - if (a == 82): null

09-12-2024T07:52:08 - [TEST_STEP][PASSED] - else if (a == 84): null

09-12-2024T07:52:08 - [TEST_STEP][PASSED] - else if (a == 52 || a == 72 || a == 28 || a == 73 || a == 77 || a == 74 || a == 65 || a == 36 || a == 44 || a == 53 || a == 80 || a == 54 || a == 1 || a == 18 || a == 59 || a == 81): null

09-12-2024T07:52:08 - [TEST_STEP][PASSED] - path = dataFolder + "Table Data/" + typeOfData + " за отчётный период " + dzoNum: null

09-12-2024T07:52:08 - [TEST_STEP][PASSED] - println(path): null

09-12-2024T07:52:08 - [TEST_STEP][PASSED] - page = getText(findTestObject(path)): Text of object 'Object Repository/Выполнение бизнес-плана/Значения со страницы Выполнение бизнес-плана/Table Data/План Отпуск в сеть за отчётный период 5' is: '45 056 130'

09-12-2024T07:52:08 - [MESSAGE][PASSED] - Text of object 'Object Repository/Выполнение бизнес-плана/Значения со страницы Выполнение бизнес-плана/Table Data/План Отпуск в сеть за отчётный период 5' is: '45 056 130'

09-12-2024T07:52:08 - [TEST_STEP][PASSED] - page = page.replaceAll("\s+", ""): null

09-12-2024T07:52:08 - [TEST_STEP][PASSED] - fileOtpuskVSet = otpusk.toInteger(): null

09-12-2024T07:52:08 - [TEST_STEP][PASSED] - pageOtpuskVSet = page.toInteger(): null

09-12-2024T07:52:08 - [TEST_STEP][PASSED] - typeOfData = typeOfDataMain + " Потери": null

09-12-2024T07:52:08 - [TEST_STEP][PASSED] - if (a == 82): null

09-12-2024T07:52:08 - [TEST_STEP][PASSED] - else if (a == 84): null

09-12-2024T07:52:08 - [TEST_STEP][PASSED] - else if (a == 52 || a == 72 || a == 28 || a == 73 || a == 77 || a == 74 || a == 65 || a == 36 || a == 44 || a == 53 || a == 80 || a == 54 || a == 1 || a == 18 || a == 59 || a == 81): null

09-12-2024T07:52:08 - [TEST_STEP][PASSED] - path = dataFolder + "Table Data/" + typeOfData + " за отчётный период " + dzoNum: null

09-12-2024T07:52:08 - [TEST_STEP][PASSED] - page = getText(findTestObject(path)): Text of object 'Object Repository/Выполнение бизнес-плана/Значения со страницы Выполнение бизнес-плана/Table Data/План Потери за отчётный период 5' is: '1 125 760'

09-12-2024T07:52:09 - [MESSAGE][PASSED] - Text of object 'Object Repository/Выполнение бизнес-плана/Значения со страницы Выполнение бизнес-плана/Table Data/План Потери за отчётный период 5' is: '1 125 760'

09-12-2024T07:52:09 - [TEST_STEP][PASSED] - page = page.replaceAll("\s+", ""): null

09-12-2024T07:52:09 - [TEST_STEP][PASSED] - filePoteri = poteri.toInteger(): null

09-12-2024T07:52:09 - [TEST_STEP][PASSED] - pagePoteri = page.toInteger(): null

09-12-2024T07:52:09 - [TEST_STEP][PASSED] - compare = pageOtpuskVSet: null

09-12-2024T07:52:09 - [TEST_STEP][PASSED] - if (compare == fileOtpuskVSet): null

09-12-2024T07:52:09 - [TEST_STEP][PASSED] - if (compare == fileOtpuskVSet): null

09-12-2024T07:52:09 - [TEST_STEP][PASSED] - compare = pagePoteri: null

09-12-2024T07:52:09 - [TEST_STEP][PASSED] - if (compare == filePoteri): null

09-12-2024T07:52:09 - [TEST_STEP][PASSED] - if (compare == filePoteri): null

09-12-2024T07:52:09 - [TEST_STEP][PASSED] - if (planFact == 2): Object: 'Object Repository/Выполнение бизнес-плана/Кнопка Факт' is clicked on

09-12-2024T07:52:09 - [TEST_STEP][PASSED] - click(findTestObject("Выполнение бизнес-плана/Кнопка Факт")): Object: 'Object Repository/Выполнение бизнес-плана/Кнопка Факт' is clicked on

09-12-2024T07:52:09 - [MESSAGE][PASSED] - Object: 'Object Repository/Выполнение бизнес-плана/Кнопка Факт' is clicked on

09-12-2024T07:52:09 - [TEST_STEP][PASSED] - if (a == 84 || a == 82): null

09-12-2024T07:52:09 - [TEST_STEP][PASSED] - else if (a == 52 || a == 72 || a == 28 || a == 73 || a == 77 || a == 74 || a == 65 || a == 36 || a == 44 || a == 53 || a == 80 || a == 54 || a == 1 || a == 18 || a == 59 || a == 81): null

09-12-2024T07:52:09 - [TEST_STEP][PASSED] - page1 = getText(findTestObject("Object Repository/Выполнение бизнес-плана/spanPlan" + dzoNum)): Text of object 'Object Repository/Выполнение бизнес-плана/spanPlan5' is: '2.50'

09-12-2024T07:52:09 - [MESSAGE][PASSED] - Text of object 'Object Repository/Выполнение бизнес-плана/spanPlan5' is: '2.50'

09-12-2024T07:52:09 - [TEST_STEP][PASSED] - page1 = page1.replace("|", ""): null

09-12-2024T07:52:09 - [TEST_STEP][PASSED] - page2 = getText(findTestObject("Object Repository/Выполнение бизнес-плана/spanFact" + dzoNum)): Text of object 'Object Repository/Выполнение бизнес-плана/spanFact5' is: '2.65
|'

09-12-2024T07:52:10 - [MESSAGE][PASSED] - Text of object 'Object Repository/Выполнение бизнес-плана/spanFact5' is: '2.65
|'

09-12-2024T07:52:10 - [TEST_STEP][PASSED] - page2 = page2.replace("|", ""): null

09-12-2024T07:52:10 - [TEST_STEP][PASSED] - println("page1: " + page1): null

09-12-2024T07:52:10 - [TEST_STEP][PASSED] - println("page2: " + page2): null

09-12-2024T07:52:10 - [TEST_STEP][PASSED] - file = findTestData("PlanFact").getValue(4, a): null

09-12-2024T07:52:10 - [TEST_STEP][PASSED] - file = file.replace(",", "."): null

09-12-2024T07:52:10 - [TEST_STEP][PASSED] - println("file Plan: " + file): null

09-12-2024T07:52:10 - [TEST_STEP][PASSED] - typeOfData = "План в процентах": null

09-12-2024T07:52:10 - [TEST_STEP][PASSED] - fileDouble = file.toDouble(): null

09-12-2024T07:52:10 - [TEST_STEP][PASSED] - pageDouble = page1.toDouble(): null

09-12-2024T07:52:10 - [TEST_STEP][PASSED] - if (fileDouble != pageDouble): null

09-12-2024T07:52:10 - [TEST_STEP][PASSED] - file = findTestData("PlanFact").getValue(7, a): null

09-12-2024T07:52:10 - [TEST_STEP][PASSED] - file = file.replace(",", "."): null

09-12-2024T07:52:10 - [TEST_STEP][PASSED] - println("file Fact: " + file): null

09-12-2024T07:52:10 - [TEST_STEP][PASSED] - fileDouble = file.toDouble(): null

09-12-2024T07:52:10 - [TEST_STEP][PASSED] - typeOfData = "Факт в процентах": null

09-12-2024T07:52:10 - [TEST_STEP][PASSED] - fileDouble = file.toDouble(): null

09-12-2024T07:52:10 - [TEST_STEP][PASSED] - pageDouble = page2.toDouble(): null

09-12-2024T07:52:10 - [TEST_STEP][PASSED] - if (fileDouble != pageDouble): null

09-12-2024T07:52:10 - [TEST_STEP][PASSED] - if (verifyEqual(numberOfErrors, 0) == false): Actual object '0' and expected object '0' are equal

09-12-2024T07:52:10 - [MESSAGE][PASSED] - Actual object '0' and expected object '0' are equal

09-12-2024T07:52:10 - [TEST_STEP][PASSED] - if (a == 82): null

09-12-2024T07:52:10 - [TEST_STEP][PASSED] - println(dzoNum): null

09-12-2024T07:52:10 - [TEST_STEP][PASSED] - dZO = "Россети Урал (ГК)": null

09-12-2024T07:52:10 - [TEST_STEP][PASSED] - a = 54: null

09-12-2024T07:52:10 - [TEST_STEP][PASSED] - if (x1.contains(dZO)): null

09-12-2024T07:52:10 - [TEST_STEP][PASSED] - else: null

09-12-2024T07:52:10 - [TEST_STEP][PASSED] - Script1718980020443.NoData(a, typeOfData, todaysDate, fileInt, fileDouble, dZO): null

09-12-2024T07:52:10 - [TEST_STEP][PASSED] - println(a): null

09-12-2024T07:52:10 - [TEST_STEP][PASSED] - println(todaysDate): null

09-12-2024T07:52:10 - [TEST_STEP][PASSED] - println(fileInt): null

09-12-2024T07:52:10 - [TEST_STEP][PASSED] - println(fileDouble): null

09-12-2024T07:52:10 - [TEST_STEP][PASSED] - println(dZO): null

09-12-2024T07:52:10 - [TEST_STEP][PASSED] - typeOfData = "Факт Отпуск в сеть": null

09-12-2024T07:52:10 - [TEST_STEP][PASSED] - fileInt = replaceAll("\s+", "").toInteger(): null

09-12-2024T07:52:10 - [TEST_STEP][PASSED] - Script1718980020443.WriteToExcelNoData(a, typeOfData, todaysDate, fileInt, fileDouble, dZO): null

09-12-2024T07:52:10 - [TEST_STEP][PASSED] - sheetName = "Sheet1": null

09-12-2024T07:52:10 - [TEST_STEP][PASSED] - data = findTestData("PlanFact"): null

09-12-2024T07:52:10 - [TEST_STEP][PASSED] - n = data.getRowNumbers() + 1: null

09-12-2024T07:52:10 - [TEST_STEP][PASSED] - year = todaysDate.substring(todaysDate.length() - 4, todaysDate.length()): null

09-12-2024T07:52:10 - [TEST_STEP][PASSED] - y = year.toInteger(): null

09-12-2024T07:52:10 - [TEST_STEP][PASSED] - m = getText(findTestObject("Выполнение бизнес-плана/Период")): Text of object 'Object Repository/Выполнение бизнес-плана/Период' is: '1, 2, 3 кв., Октябрь 2024 года'

09-12-2024T07:52:10 - [MESSAGE][PASSED] - Text of object 'Object Repository/Выполнение бизнес-плана/Период' is: '1, 2, 3 кв., Октябрь 2024 года'

09-12-2024T07:52:10 - [TEST_STEP][PASSED] - m = m.substring(0, m.indexOf("2024")): null

09-12-2024T07:52:10 - [TEST_STEP][PASSED] - m = m.trim(): null

09-12-2024T07:52:10 - [TEST_STEP][PASSED] - dashboardName = "Выполнение бизнес-плана": null

09-12-2024T07:52:10 - [TEST_STEP][PASSED] - workbook01 = getWorkbook(excelFilePath): null

09-12-2024T07:52:10 - [TEST_STEP][PASSED] - sheet01 = getExcelSheet(workbook01, sheetName): null

09-12-2024T07:52:10 - [TEST_STEP][PASSED] - setValueToCellByIndex(sheet01, n, 0, dashboardName): null

09-12-2024T07:52:10 - [TEST_STEP][PASSED] - setValueToCellByIndex(sheet01, n, 1, dZO): null

09-12-2024T07:52:10 - [TEST_STEP][PASSED] - setValueToCellByIndex(sheet01, n, 2, typeOfData): null

09-12-2024T07:52:10 - [TEST_STEP][PASSED] - if (typeOfData == "Факт в процентах" || typeOfData == "План в процентах"): null

09-12-2024T07:52:10 - [TEST_STEP][PASSED] - else: null

09-12-2024T07:52:10 - [TEST_STEP][PASSED] - setValueToCellByIndex(sheet01, n, 3, fileInt): null

09-12-2024T07:52:10 - [TEST_STEP][PASSED] - setValueToCellByIndex(sheet01, n, 4, "нет данных"): null

09-12-2024T07:52:10 - [TEST_STEP][PASSED] - setValueToCellByIndex(sheet01, n, 5, m): null

09-12-2024T07:52:10 - [TEST_STEP][PASSED] - setValueToCellByIndex(sheet01, n, 6, y): null

09-12-2024T07:52:10 - [TEST_STEP][PASSED] - setValueToCellByIndex(sheet01, n, 7, todaysDate): null

09-12-2024T07:52:10 - [TEST_STEP][PASSED] - n = n + 1: null

09-12-2024T07:52:10 - [TEST_STEP][PASSED] - saveWorkbook(excelFilePath, workbook01): null

09-12-2024T07:52:10 - [TEST_STEP][PASSED] - typeOfData = "Факт Потери": null

09-12-2024T07:52:10 - [TEST_STEP][PASSED] - fileInt = replaceAll("\s+", "").toInteger(): null

09-12-2024T07:52:10 - [TEST_STEP][PASSED] - Script1718980020443.WriteToExcelNoData(a, typeOfData, todaysDate, fileInt, fileDouble, dZO): null

09-12-2024T07:52:10 - [TEST_STEP][PASSED] - sheetName = "Sheet1": null

09-12-2024T07:52:10 - [TEST_STEP][PASSED] - data = findTestData("PlanFact"): null

09-12-2024T07:52:10 - [TEST_STEP][PASSED] - n = data.getRowNumbers() + 1: null

09-12-2024T07:52:10 - [TEST_STEP][PASSED] - year = todaysDate.substring(todaysDate.length() - 4, todaysDate.length()): null

09-12-2024T07:52:10 - [TEST_STEP][PASSED] - y = year.toInteger(): null

09-12-2024T07:52:10 - [TEST_STEP][PASSED] - m = getText(findTestObject("Выполнение бизнес-плана/Период")): Text of object 'Object Repository/Выполнение бизнес-плана/Период' is: '1, 2, 3 кв., Октябрь 2024 года'

09-12-2024T07:52:11 - [MESSAGE][PASSED] - Text of object 'Object Repository/Выполнение бизнес-плана/Период' is: '1, 2, 3 кв., Октябрь 2024 года'

09-12-2024T07:52:11 - [TEST_STEP][PASSED] - m = m.substring(0, m.indexOf("2024")): null

09-12-2024T07:52:11 - [TEST_STEP][PASSED] - m = m.trim(): null

09-12-2024T07:52:11 - [TEST_STEP][PASSED] - dashboardName = "Выполнение бизнес-плана": null

09-12-2024T07:52:11 - [TEST_STEP][PASSED] - workbook01 = getWorkbook(excelFilePath): null

09-12-2024T07:52:11 - [TEST_STEP][PASSED] - sheet01 = getExcelSheet(workbook01, sheetName): null

09-12-2024T07:52:11 - [TEST_STEP][PASSED] - setValueToCellByIndex(sheet01, n, 0, dashboardName): null

09-12-2024T07:52:11 - [TEST_STEP][PASSED] - setValueToCellByIndex(sheet01, n, 1, dZO): null

09-12-2024T07:52:11 - [TEST_STEP][PASSED] - setValueToCellByIndex(sheet01, n, 2, typeOfData): null

09-12-2024T07:52:11 - [TEST_STEP][PASSED] - if (typeOfData == "Факт в процентах" || typeOfData == "План в процентах"): null

09-12-2024T07:52:11 - [TEST_STEP][PASSED] - else: null

09-12-2024T07:52:11 - [TEST_STEP][PASSED] - setValueToCellByIndex(sheet01, n, 3, fileInt): null

09-12-2024T07:52:11 - [TEST_STEP][PASSED] - setValueToCellByIndex(sheet01, n, 4, "нет данных"): null

09-12-2024T07:52:11 - [TEST_STEP][PASSED] - setValueToCellByIndex(sheet01, n, 5, m): null

09-12-2024T07:52:11 - [TEST_STEP][PASSED] - setValueToCellByIndex(sheet01, n, 6, y): null

09-12-2024T07:52:11 - [TEST_STEP][PASSED] - setValueToCellByIndex(sheet01, n, 7, todaysDate): null

09-12-2024T07:52:11 - [TEST_STEP][PASSED] - n = n + 1: null

09-12-2024T07:52:11 - [TEST_STEP][PASSED] - saveWorkbook(excelFilePath, workbook01): null

09-12-2024T07:52:11 - [TEST_STEP][PASSED] - typeOfData = "План Отпуск в сеть": null

09-12-2024T07:52:11 - [TEST_STEP][PASSED] - fileInt = replaceAll("\s+", "").toInteger(): null

09-12-2024T07:52:11 - [TEST_STEP][PASSED] - Script1718980020443.WriteToExcelNoData(a, typeOfData, todaysDate, fileInt, fileDouble, dZO): null

09-12-2024T07:52:11 - [TEST_STEP][PASSED] - sheetName = "Sheet1": null

09-12-2024T07:52:11 - [TEST_STEP][PASSED] - data = findTestData("PlanFact"): null

09-12-2024T07:52:11 - [TEST_STEP][PASSED] - n = data.getRowNumbers() + 1: null

09-12-2024T07:52:11 - [TEST_STEP][PASSED] - year = todaysDate.substring(todaysDate.length() - 4, todaysDate.length()): null

09-12-2024T07:52:11 - [TEST_STEP][PASSED] - y = year.toInteger(): null

09-12-2024T07:52:11 - [TEST_STEP][PASSED] - m = getText(findTestObject("Выполнение бизнес-плана/Период")): Text of object 'Object Repository/Выполнение бизнес-плана/Период' is: '1, 2, 3 кв., Октябрь 2024 года'

09-12-2024T07:52:11 - [MESSAGE][PASSED] - Text of object 'Object Repository/Выполнение бизнес-плана/Период' is: '1, 2, 3 кв., Октябрь 2024 года'

09-12-2024T07:52:11 - [TEST_STEP][PASSED] - m = m.substring(0, m.indexOf("2024")): null

09-12-2024T07:52:11 - [TEST_STEP][PASSED] - m = m.trim(): null

09-12-2024T07:52:11 - [TEST_STEP][PASSED] - dashboardName = "Выполнение бизнес-плана": null

09-12-2024T07:52:11 - [TEST_STEP][PASSED] - workbook01 = getWorkbook(excelFilePath): null

09-12-2024T07:52:11 - [TEST_STEP][PASSED] - sheet01 = getExcelSheet(workbook01, sheetName): null

09-12-2024T07:52:11 - [TEST_STEP][PASSED] - setValueToCellByIndex(sheet01, n, 0, dashboardName): null

09-12-2024T07:52:11 - [TEST_STEP][PASSED] - setValueToCellByIndex(sheet01, n, 1, dZO): null

09-12-2024T07:52:11 - [TEST_STEP][PASSED] - setValueToCellByIndex(sheet01, n, 2, typeOfData): null

09-12-2024T07:52:11 - [TEST_STEP][PASSED] - if (typeOfData == "Факт в процентах" || typeOfData == "План в процентах"): null

09-12-2024T07:52:11 - [TEST_STEP][PASSED] - else: null

09-12-2024T07:52:11 - [TEST_STEP][PASSED] - setValueToCellByIndex(sheet01, n, 3, fileInt): null

09-12-2024T07:52:11 - [TEST_STEP][PASSED] - setValueToCellByIndex(sheet01, n, 4, "нет данных"): null

09-12-2024T07:52:11 - [TEST_STEP][PASSED] - setValueToCellByIndex(sheet01, n, 5, m): null

09-12-2024T07:52:11 - [TEST_STEP][PASSED] - setValueToCellByIndex(sheet01, n, 6, y): null

09-12-2024T07:52:11 - [TEST_STEP][PASSED] - setValueToCellByIndex(sheet01, n, 7, todaysDate): null

09-12-2024T07:52:11 - [TEST_STEP][PASSED] - n = n + 1: null

09-12-2024T07:52:11 - [TEST_STEP][PASSED] - saveWorkbook(excelFilePath, workbook01): null

09-12-2024T07:52:12 - [TEST_STEP][PASSED] - typeOfData = "План Потери": null

09-12-2024T07:52:12 - [TEST_STEP][PASSED] - fileInt = replaceAll("\s+", "").toInteger(): null

09-12-2024T07:52:12 - [TEST_STEP][PASSED] - Script1718980020443.WriteToExcelNoData(a, typeOfData, todaysDate, fileInt, fileDouble, dZO): null

09-12-2024T07:52:12 - [TEST_STEP][PASSED] - sheetName = "Sheet1": null

09-12-2024T07:52:12 - [TEST_STEP][PASSED] - data = findTestData("PlanFact"): null

09-12-2024T07:52:12 - [TEST_STEP][PASSED] - n = data.getRowNumbers() + 1: null

09-12-2024T07:52:12 - [TEST_STEP][PASSED] - year = todaysDate.substring(todaysDate.length() - 4, todaysDate.length()): null

09-12-2024T07:52:12 - [TEST_STEP][PASSED] - y = year.toInteger(): null

09-12-2024T07:52:12 - [TEST_STEP][PASSED] - m = getText(findTestObject("Выполнение бизнес-плана/Период")): Text of object 'Object Repository/Выполнение бизнес-плана/Период' is: '1, 2, 3 кв., Октябрь 2024 года'

09-12-2024T07:52:12 - [MESSAGE][PASSED] - Text of object 'Object Repository/Выполнение бизнес-плана/Период' is: '1, 2, 3 кв., Октябрь 2024 года'

09-12-2024T07:52:12 - [TEST_STEP][PASSED] - m = m.substring(0, m.indexOf("2024")): null

09-12-2024T07:52:12 - [TEST_STEP][PASSED] - m = m.trim(): null

09-12-2024T07:52:12 - [TEST_STEP][PASSED] - dashboardName = "Выполнение бизнес-плана": null

09-12-2024T07:52:12 - [TEST_STEP][PASSED] - workbook01 = getWorkbook(excelFilePath): null

09-12-2024T07:52:12 - [TEST_STEP][PASSED] - sheet01 = getExcelSheet(workbook01, sheetName): null

09-12-2024T07:52:12 - [TEST_STEP][PASSED] - setValueToCellByIndex(sheet01, n, 0, dashboardName): null

09-12-2024T07:52:12 - [TEST_STEP][PASSED] - setValueToCellByIndex(sheet01, n, 1, dZO): null

09-12-2024T07:52:12 - [TEST_STEP][PASSED] - setValueToCellByIndex(sheet01, n, 2, typeOfData): null

09-12-2024T07:52:12 - [TEST_STEP][PASSED] - if (typeOfData == "Факт в процентах" || typeOfData == "План в процентах"): null

09-12-2024T07:52:12 - [TEST_STEP][PASSED] - else: null

09-12-2024T07:52:12 - [TEST_STEP][PASSED] - setValueToCellByIndex(sheet01, n, 3, fileInt): null

09-12-2024T07:52:12 - [TEST_STEP][PASSED] - setValueToCellByIndex(sheet01, n, 4, "нет данных"): null

09-12-2024T07:52:12 - [TEST_STEP][PASSED] - setValueToCellByIndex(sheet01, n, 5, m): null

09-12-2024T07:52:12 - [TEST_STEP][PASSED] - setValueToCellByIndex(sheet01, n, 6, y): null

09-12-2024T07:52:12 - [TEST_STEP][PASSED] - setValueToCellByIndex(sheet01, n, 7, todaysDate): null

09-12-2024T07:52:12 - [TEST_STEP][PASSED] - n = n + 1: null

09-12-2024T07:52:12 - [TEST_STEP][PASSED] - saveWorkbook(excelFilePath, workbook01): null

09-12-2024T07:52:12 - [TEST_STEP][PASSED] - typeOfData = "План в процентах": null

09-12-2024T07:52:12 - [TEST_STEP][PASSED] - fileDouble = ").toDouble(): null

09-12-2024T07:52:12 - [TEST_STEP][PASSED] - Script1718980020443.WriteToExcelNoData(a, typeOfData, todaysDate, fileInt, fileDouble, dZO): null

09-12-2024T07:52:12 - [TEST_STEP][PASSED] - sheetName = "Sheet1": null

09-12-2024T07:52:12 - [TEST_STEP][PASSED] - data = findTestData("PlanFact"): null

09-12-2024T07:52:12 - [TEST_STEP][PASSED] - n = data.getRowNumbers() + 1: null

09-12-2024T07:52:12 - [TEST_STEP][PASSED] - year = todaysDate.substring(todaysDate.length() - 4, todaysDate.length()): null

09-12-2024T07:52:12 - [TEST_STEP][PASSED] - y = year.toInteger(): null

09-12-2024T07:52:12 - [TEST_STEP][PASSED] - m = getText(findTestObject("Выполнение бизнес-плана/Период")): Text of object 'Object Repository/Выполнение бизнес-плана/Период' is: '1, 2, 3 кв., Октябрь 2024 года'

09-12-2024T07:52:13 - [MESSAGE][PASSED] - Text of object 'Object Repository/Выполнение бизнес-плана/Период' is: '1, 2, 3 кв., Октябрь 2024 года'

09-12-2024T07:52:13 - [TEST_STEP][PASSED] - m = m.substring(0, m.indexOf("2024")): null

09-12-2024T07:52:13 - [TEST_STEP][PASSED] - m = m.trim(): null

09-12-2024T07:52:13 - [TEST_STEP][PASSED] - dashboardName = "Выполнение бизнес-плана": null

09-12-2024T07:52:13 - [TEST_STEP][PASSED] - workbook01 = getWorkbook(excelFilePath): null

09-12-2024T07:52:13 - [TEST_STEP][PASSED] - sheet01 = getExcelSheet(workbook01, sheetName): null

09-12-2024T07:52:13 - [TEST_STEP][PASSED] - setValueToCellByIndex(sheet01, n, 0, dashboardName): null

09-12-2024T07:52:13 - [TEST_STEP][PASSED] - setValueToCellByIndex(sheet01, n, 1, dZO): null

09-12-2024T07:52:13 - [TEST_STEP][PASSED] - setValueToCellByIndex(sheet01, n, 2, typeOfData): null

09-12-2024T07:52:13 - [TEST_STEP][PASSED] - if (typeOfData == "Факт в процентах" || typeOfData == "План в процентах"): null

09-12-2024T07:52:13 - [TEST_STEP][PASSED] - setValueToCellByIndex(sheet01, n, 3, fileDouble): null

09-12-2024T07:52:13 - [TEST_STEP][PASSED] - setValueToCellByIndex(sheet01, n, 4, "нет данных"): null

09-12-2024T07:52:13 - [TEST_STEP][PASSED] - setValueToCellByIndex(sheet01, n, 5, m): null

09-12-2024T07:52:13 - [TEST_STEP][PASSED] - setValueToCellByIndex(sheet01, n, 6, y): null

09-12-2024T07:52:13 - [TEST_STEP][PASSED] - setValueToCellByIndex(sheet01, n, 7, todaysDate): null

09-12-2024T07:52:13 - [TEST_STEP][PASSED] - n = n + 1: null

09-12-2024T07:52:13 - [TEST_STEP][PASSED] - saveWorkbook(excelFilePath, workbook01): null

09-12-2024T07:52:13 - [TEST_STEP][PASSED] - typeOfData = "Факт в процентах": null

09-12-2024T07:52:13 - [TEST_STEP][PASSED] - fileDouble = ").toDouble(): null

09-12-2024T07:52:13 - [TEST_STEP][PASSED] - Script1718980020443.WriteToExcelNoData(a, typeOfData, todaysDate, fileInt, fileDouble, dZO): null

09-12-2024T07:52:13 - [TEST_STEP][PASSED] - sheetName = "Sheet1": null

09-12-2024T07:52:13 - [TEST_STEP][PASSED] - data = findTestData("PlanFact"): null

09-12-2024T07:52:13 - [TEST_STEP][PASSED] - n = data.getRowNumbers() + 1: null

09-12-2024T07:52:13 - [TEST_STEP][PASSED] - year = todaysDate.substring(todaysDate.length() - 4, todaysDate.length()): null

09-12-2024T07:52:13 - [TEST_STEP][PASSED] - y = year.toInteger(): null

09-12-2024T07:52:13 - [TEST_STEP][PASSED] - m = getText(findTestObject("Выполнение бизнес-плана/Период")): Text of object 'Object Repository/Выполнение бизнес-плана/Период' is: '1, 2, 3 кв., Октябрь 2024 года'

09-12-2024T07:52:13 - [MESSAGE][PASSED] - Text of object 'Object Repository/Выполнение бизнес-плана/Период' is: '1, 2, 3 кв., Октябрь 2024 года'

09-12-2024T07:52:13 - [TEST_STEP][PASSED] - m = m.substring(0, m.indexOf("2024")): null

09-12-2024T07:52:13 - [TEST_STEP][PASSED] - m = m.trim(): null

09-12-2024T07:52:13 - [TEST_STEP][PASSED] - dashboardName = "Выполнение бизнес-плана": null

09-12-2024T07:52:13 - [TEST_STEP][PASSED] - workbook01 = getWorkbook(excelFilePath): null

09-12-2024T07:52:14 - [TEST_STEP][PASSED] - sheet01 = getExcelSheet(workbook01, sheetName): null

09-12-2024T07:52:14 - [TEST_STEP][PASSED] - setValueToCellByIndex(sheet01, n, 0, dashboardName): null

09-12-2024T07:52:14 - [TEST_STEP][PASSED] - setValueToCellByIndex(sheet01, n, 1, dZO): null

09-12-2024T07:52:14 - [TEST_STEP][PASSED] - setValueToCellByIndex(sheet01, n, 2, typeOfData): null

09-12-2024T07:52:14 - [TEST_STEP][PASSED] - if (typeOfData == "Факт в процентах" || typeOfData == "План в процентах"): null

09-12-2024T07:52:14 - [TEST_STEP][PASSED] - setValueToCellByIndex(sheet01, n, 3, fileDouble): null

09-12-2024T07:52:14 - [TEST_STEP][PASSED] - setValueToCellByIndex(sheet01, n, 4, "нет данных"): null

09-12-2024T07:52:14 - [TEST_STEP][PASSED] - setValueToCellByIndex(sheet01, n, 5, m): null

09-12-2024T07:52:14 - [TEST_STEP][PASSED] - setValueToCellByIndex(sheet01, n, 6, y): null

09-12-2024T07:52:14 - [TEST_STEP][PASSED] - setValueToCellByIndex(sheet01, n, 7, todaysDate): null

09-12-2024T07:52:14 - [TEST_STEP][PASSED] - n = n + 1: null

09-12-2024T07:52:14 - [TEST_STEP][PASSED] - saveWorkbook(excelFilePath, workbook01): null

09-12-2024T07:52:14 - [TEST_STEP][PASSED] - println(dzoNum): null

09-12-2024T07:52:14 - [TEST_STEP][PASSED] - dZO = "Россети Центр (ГК)": null

09-12-2024T07:52:14 - [TEST_STEP][PASSED] - a = 1: null

09-12-2024T07:52:14 - [TEST_STEP][PASSED] - if (x1.contains(dZO)): null

09-12-2024T07:52:14 - [TEST_STEP][PASSED] - dzoNum = dzoNum + 1: null

09-12-2024T07:52:14 - [TEST_STEP][PASSED] - Script1718980020443.Numbers(a, typeOfData, todaysDate, pageInt, fileInt, pageDouble, fileDouble, dZO, dzoNum, filialNum): null

09-12-2024T07:52:14 - [TEST_STEP][PASSED] - println(dzoNum): null

09-12-2024T07:52:14 - [TEST_STEP][PASSED] - planFact = <not implemented yet for class: org.codehaus.groovy.ast.expr.EmptyExpression>: null

09-12-2024T07:52:14 - [TEST_STEP][PASSED] - page = <not implemented yet for class: org.codehaus.groovy.ast.expr.EmptyExpression>: null

09-12-2024T07:52:14 - [TEST_STEP][PASSED] - page1 = <not implemented yet for class: org.codehaus.groovy.ast.expr.EmptyExpression>: null

09-12-2024T07:52:14 - [TEST_STEP][PASSED] - page2 = <not implemented yet for class: org.codehaus.groovy.ast.expr.EmptyExpression>: null

09-12-2024T07:52:14 - [TEST_STEP][PASSED] - filialNumberInRow = <not implemented yet for class: org.codehaus.groovy.ast.expr.EmptyExpression>: null

09-12-2024T07:52:14 - [TEST_STEP][PASSED] - filialsDzoNames = <not implemented yet for class: org.codehaus.groovy.ast.expr.EmptyExpression>: null

09-12-2024T07:52:14 - [TEST_STEP][PASSED] - numberOfFilials = <not implemented yet for class: org.codehaus.groovy.ast.expr.EmptyExpression>: null

09-12-2024T07:52:14 - [TEST_STEP][PASSED] - numberOfSpaces = <not implemented yet for class: org.codehaus.groovy.ast.expr.EmptyExpression>: null

09-12-2024T07:52:14 - [TEST_STEP][PASSED] - file = <not implemented yet for class: org.codehaus.groovy.ast.expr.EmptyExpression>: null

09-12-2024T07:52:14 - [TEST_STEP][PASSED] - otpusk = <not implemented yet for class: org.codehaus.groovy.ast.expr.EmptyExpression>: null

09-12-2024T07:52:14 - [TEST_STEP][PASSED] - poteri = <not implemented yet for class: org.codehaus.groovy.ast.expr.EmptyExpression>: null

09-12-2024T07:52:14 - [TEST_STEP][PASSED] - dataFolder = "Выполнение бизнес-плана/Значения со страницы Выполнение бизнес-плана/": null

09-12-2024T07:52:14 - [TEST_STEP][PASSED] - path = <not implemented yet for class: org.codehaus.groovy.ast.expr.EmptyExpression>: null

09-12-2024T07:52:14 - [TEST_STEP][PASSED] - typeOfDataMain = <not implemented yet for class: org.codehaus.groovy.ast.expr.EmptyExpression>: null

09-12-2024T07:52:14 - [TEST_STEP][PASSED] - fileOtpuskVSet = <not implemented yet for class: org.codehaus.groovy.ast.expr.EmptyExpression>: null

09-12-2024T07:52:14 - [TEST_STEP][PASSED] - pageOtpuskVSet = <not implemented yet for class: org.codehaus.groovy.ast.expr.EmptyExpression>: null

09-12-2024T07:52:14 - [TEST_STEP][PASSED] - filePoteri = <not implemented yet for class: org.codehaus.groovy.ast.expr.EmptyExpression>: null

09-12-2024T07:52:14 - [TEST_STEP][PASSED] - pagePoteri = <not implemented yet for class: org.codehaus.groovy.ast.expr.EmptyExpression>: null

09-12-2024T07:52:14 - [TEST_STEP][PASSED] - compare = <not implemented yet for class: org.codehaus.groovy.ast.expr.EmptyExpression>: null

09-12-2024T07:52:14 - [TEST_STEP][PASSED] - b = <not implemented yet for class: org.codehaus.groovy.ast.expr.EmptyExpression>: null

09-12-2024T07:52:14 - [TEST_STEP][PASSED] - i = <not implemented yet for class: org.codehaus.groovy.ast.expr.EmptyExpression>: null

09-12-2024T07:52:14 - [TEST_STEP][PASSED] - ii = <not implemented yet for class: org.codehaus.groovy.ast.expr.EmptyExpression>: null

09-12-2024T07:52:14 - [TEST_STEP][PASSED] - c = <not implemented yet for class: org.codehaus.groovy.ast.expr.EmptyExpression>: null

09-12-2024T07:52:14 - [TEST_STEP][PASSED] - numberOfErrors = 0: null

09-12-2024T07:52:14 - [TEST_STEP][PASSED] - if (a == 82): null

09-12-2024T07:52:14 - [TEST_STEP][PASSED] - b = findTestData("PlanFact").getValue(1, a): null

09-12-2024T07:52:14 - [TEST_STEP][PASSED] - i = b.indexOf(" (ГК)"): null

09-12-2024T07:52:14 - [TEST_STEP][PASSED] - if (i > -1): null

09-12-2024T07:52:14 - [TEST_STEP][PASSED] - b = b.substring(0, i): null

09-12-2024T07:52:14 - [TEST_STEP][PASSED] - b = b.trim(): null

09-12-2024T07:52:14 - [TEST_STEP][PASSED] - i = b.indexOf("О ""): null

09-12-2024T07:52:14 - [TEST_STEP][PASSED] - if (i > -1): null

09-12-2024T07:52:14 - [TEST_STEP][PASSED] - i = b.indexOf("О «"): null

09-12-2024T07:52:14 - [TEST_STEP][PASSED] - if (i > -1): null

09-12-2024T07:52:14 - [TEST_STEP][PASSED] - i = b.indexOf("г. "): null

09-12-2024T07:52:14 - [TEST_STEP][PASSED] - if (i > -1): null

09-12-2024T07:52:14 - [TEST_STEP][PASSED] - println(b): null

09-12-2024T07:52:14 - [TEST_STEP][PASSED] - for ([planFact = 1, planFact < 3, (planFact++)]): null

09-12-2024T07:52:14 - [TEST_STEP][PASSED] - if (planFact == 1): null

09-12-2024T07:52:14 - [TEST_STEP][PASSED] - typeOfDataMain = "Факт": null

09-12-2024T07:52:14 - [TEST_STEP][PASSED] - otpusk = findTestData("PlanFact").getValue(5, a): null

09-12-2024T07:52:14 - [TEST_STEP][PASSED] - poteri = findTestData("PlanFact").getValue(6, a): null

09-12-2024T07:52:14 - [TEST_STEP][PASSED] - otpusk = otpusk.replaceAll("\s+", ""): null

09-12-2024T07:52:14 - [TEST_STEP][PASSED] - poteri = poteri.replaceAll("\s+", ""): null

09-12-2024T07:52:14 - [TEST_STEP][PASSED] - typeOfData = typeOfDataMain + " Отпуск в сеть": null

09-12-2024T07:52:14 - [TEST_STEP][PASSED] - if (a == 82): null

09-12-2024T07:52:14 - [TEST_STEP][PASSED] - else if (a == 84): null

09-12-2024T07:52:14 - [TEST_STEP][PASSED] - else if (a == 52 || a == 72 || a == 28 || a == 73 || a == 77 || a == 74 || a == 65 || a == 36 || a == 44 || a == 53 || a == 80 || a == 54 || a == 1 || a == 18 || a == 59 || a == 81): null

09-12-2024T07:52:14 - [TEST_STEP][PASSED] - path = dataFolder + "Table Data/" + typeOfData + " за отчётный период " + dzoNum: null

09-12-2024T07:52:14 - [TEST_STEP][PASSED] - println(path): null

09-12-2024T07:52:14 - [TEST_STEP][PASSED] - page = getText(findTestObject(path)): Text of object 'Object Repository/Выполнение бизнес-плана/Значения со страницы Выполнение бизнес-плана/Table Data/Факт Отпуск в сеть за отчётный период 6' is: '49 425 284'

09-12-2024T07:52:14 - [MESSAGE][PASSED] - Text of object 'Object Repository/Выполнение бизнес-плана/Значения со страницы Выполнение бизнес-плана/Table Data/Факт Отпуск в сеть за отчётный период 6' is: '49 425 284'

09-12-2024T07:52:14 - [TEST_STEP][PASSED] - page = page.replaceAll("\s+", ""): null

09-12-2024T07:52:14 - [TEST_STEP][PASSED] - fileOtpuskVSet = otpusk.toInteger(): null

09-12-2024T07:52:14 - [TEST_STEP][PASSED] - pageOtpuskVSet = page.toInteger(): null

09-12-2024T07:52:14 - [TEST_STEP][PASSED] - typeOfData = typeOfDataMain + " Потери": null

09-12-2024T07:52:14 - [TEST_STEP][PASSED] - if (a == 82): null

09-12-2024T07:52:14 - [TEST_STEP][PASSED] - else if (a == 84): null

09-12-2024T07:52:14 - [TEST_STEP][PASSED] - else if (a == 52 || a == 72 || a == 28 || a == 73 || a == 77 || a == 74 || a == 65 || a == 36 || a == 44 || a == 53 || a == 80 || a == 54 || a == 1 || a == 18 || a == 59 || a == 81): null

09-12-2024T07:52:14 - [TEST_STEP][PASSED] - path = dataFolder + "Table Data/" + typeOfData + " за отчётный период " + dzoNum: null

09-12-2024T07:52:14 - [TEST_STEP][PASSED] - page = getText(findTestObject(path)): Text of object 'Object Repository/Выполнение бизнес-плана/Значения со страницы Выполнение бизнес-плана/Table Data/Факт Потери за отчётный период 6' is: '4 763 141'

09-12-2024T07:52:14 - [MESSAGE][PASSED] - Text of object 'Object Repository/Выполнение бизнес-плана/Значения со страницы Выполнение бизнес-плана/Table Data/Факт Потери за отчётный период 6' is: '4 763 141'

09-12-2024T07:52:14 - [TEST_STEP][PASSED] - page = page.replaceAll("\s+", ""): null

09-12-2024T07:52:14 - [TEST_STEP][PASSED] - filePoteri = poteri.toInteger(): null

09-12-2024T07:52:14 - [TEST_STEP][PASSED] - pagePoteri = page.toInteger(): null

09-12-2024T07:52:14 - [TEST_STEP][PASSED] - compare = pageOtpuskVSet: null

09-12-2024T07:52:14 - [TEST_STEP][PASSED] - if (compare == fileOtpuskVSet): null

09-12-2024T07:52:14 - [TEST_STEP][PASSED] - else if (compare > fileOtpuskVSet): null

09-12-2024T07:52:14 - [TEST_STEP][PASSED] - else if (compare < fileOtpuskVSet): null

09-12-2024T07:52:14 - [TEST_STEP][PASSED] - compare = compare + 1: null

09-12-2024T07:52:14 - [TEST_STEP][PASSED] - if (compare == fileOtpuskVSet): null

09-12-2024T07:52:14 - [TEST_STEP][PASSED] - else: null

09-12-2024T07:52:14 - [TEST_STEP][PASSED] - numberOfErrors = numberOfErrors + 1: null

09-12-2024T07:52:14 - [TEST_STEP][PASSED] - pageInt = pageOtpuskVSet: null

09-12-2024T07:52:14 - [TEST_STEP][PASSED] - fileInt = fileOtpuskVSet: null

09-12-2024T07:52:14 - [TEST_STEP][PASSED] - typeOfData = typeOfDataMain + " Отпуск в сеть": null

09-12-2024T07:52:14 - [TEST_STEP][PASSED] - Script1718980020443.WriteToExcel(a, typeOfData, todaysDate, pageInt, fileInt, pageDouble, fileDouble, dZO): null

09-12-2024T07:52:14 - [TEST_STEP][PASSED] - sheetName = "Sheet1": null

09-12-2024T07:52:14 - [TEST_STEP][PASSED] - data = findTestData("PlanFact"): null

09-12-2024T07:52:15 - [TEST_STEP][PASSED] - n = data.getRowNumbers() + 1: null

09-12-2024T07:52:15 - [TEST_STEP][PASSED] - year = todaysDate.substring(todaysDate.length() - 4, todaysDate.length()): null

09-12-2024T07:52:15 - [TEST_STEP][PASSED] - y = year.toInteger(): null

09-12-2024T07:52:15 - [TEST_STEP][PASSED] - m = getText(findTestObject("Выполнение бизнес-плана/Период")): Text of object 'Object Repository/Выполнение бизнес-плана/Период' is: '1, 2, 3 кв., Октябрь 2024 года'

09-12-2024T07:52:15 - [MESSAGE][PASSED] - Text of object 'Object Repository/Выполнение бизнес-плана/Период' is: '1, 2, 3 кв., Октябрь 2024 года'

09-12-2024T07:52:15 - [TEST_STEP][PASSED] - m = m.substring(0, m.indexOf("2024")): null

09-12-2024T07:52:15 - [TEST_STEP][PASSED] - m = m.trim(): null

09-12-2024T07:52:15 - [TEST_STEP][PASSED] - dashboardName = "Выполнение бизнес-плана": null

09-12-2024T07:52:15 - [TEST_STEP][PASSED] - workbook01 = getWorkbook(excelFilePath): null

09-12-2024T07:52:15 - [TEST_STEP][PASSED] - sheet01 = getExcelSheet(workbook01, sheetName): null

09-12-2024T07:52:15 - [TEST_STEP][PASSED] - setValueToCellByIndex(sheet01, n, 0, dashboardName): null

09-12-2024T07:52:15 - [TEST_STEP][PASSED] - setValueToCellByIndex(sheet01, n, 1, dZO): null

09-12-2024T07:52:15 - [TEST_STEP][PASSED] - setValueToCellByIndex(sheet01, n, 2, typeOfData): null

09-12-2024T07:52:15 - [TEST_STEP][PASSED] - if (typeOfData == "Факт в процентах" || typeOfData == "План в процентах"): null

09-12-2024T07:52:15 - [TEST_STEP][PASSED] - else: null

09-12-2024T07:52:15 - [TEST_STEP][PASSED] - setValueToCellByIndex(sheet01, n, 3, fileInt): null

09-12-2024T07:52:15 - [TEST_STEP][PASSED] - setValueToCellByIndex(sheet01, n, 4, pageInt): null

09-12-2024T07:52:15 - [TEST_STEP][PASSED] - setValueToCellByIndex(sheet01, n, 5, m): null

09-12-2024T07:52:15 - [TEST_STEP][PASSED] - setValueToCellByIndex(sheet01, n, 6, y): null

09-12-2024T07:52:15 - [TEST_STEP][PASSED] - setValueToCellByIndex(sheet01, n, 7, todaysDate): null

09-12-2024T07:52:15 - [TEST_STEP][PASSED] - n = n + 1: null

09-12-2024T07:52:15 - [TEST_STEP][PASSED] - saveWorkbook(excelFilePath, workbook01): null

09-12-2024T07:52:15 - [TEST_STEP][PASSED] - compare = pagePoteri: null

09-12-2024T07:52:15 - [TEST_STEP][PASSED] - if (compare == filePoteri): null

09-12-2024T07:52:15 - [TEST_STEP][PASSED] - else if (compare > filePoteri): null

09-12-2024T07:52:15 - [TEST_STEP][PASSED] - else if (compare < filePoteri): null

09-12-2024T07:52:15 - [TEST_STEP][PASSED] - compare = compare + 1: null

09-12-2024T07:52:15 - [TEST_STEP][PASSED] - if (compare == filePoteri): null

09-12-2024T07:52:15 - [TEST_STEP][PASSED] - else: null

09-12-2024T07:52:15 - [TEST_STEP][PASSED] - numberOfErrors = numberOfErrors + 1: null

09-12-2024T07:52:15 - [TEST_STEP][PASSED] - pageInt = pagePoteri: null

09-12-2024T07:52:15 - [TEST_STEP][PASSED] - fileInt = filePoteri: null

09-12-2024T07:52:15 - [TEST_STEP][PASSED] - typeOfData = typeOfDataMain + " Потери": null

09-12-2024T07:52:15 - [TEST_STEP][PASSED] - Script1718980020443.WriteToExcel(a, typeOfData, todaysDate, pageInt, fileInt, pageDouble, fileDouble, dZO): null

09-12-2024T07:52:15 - [TEST_STEP][PASSED] - sheetName = "Sheet1": null

09-12-2024T07:52:15 - [TEST_STEP][PASSED] - data = findTestData("PlanFact"): null

09-12-2024T07:52:15 - [TEST_STEP][PASSED] - n = data.getRowNumbers() + 1: null

09-12-2024T07:52:15 - [TEST_STEP][PASSED] - year = todaysDate.substring(todaysDate.length() - 4, todaysDate.length()): null

09-12-2024T07:52:15 - [TEST_STEP][PASSED] - y = year.toInteger(): null

09-12-2024T07:52:15 - [TEST_STEP][PASSED] - m = getText(findTestObject("Выполнение бизнес-плана/Период")): Text of object 'Object Repository/Выполнение бизнес-плана/Период' is: '1, 2, 3 кв., Октябрь 2024 года'

09-12-2024T07:52:15 - [MESSAGE][PASSED] - Text of object 'Object Repository/Выполнение бизнес-плана/Период' is: '1, 2, 3 кв., Октябрь 2024 года'

09-12-2024T07:52:15 - [TEST_STEP][PASSED] - m = m.substring(0, m.indexOf("2024")): null

09-12-2024T07:52:15 - [TEST_STEP][PASSED] - m = m.trim(): null

09-12-2024T07:52:15 - [TEST_STEP][PASSED] - dashboardName = "Выполнение бизнес-плана": null

09-12-2024T07:52:15 - [TEST_STEP][PASSED] - workbook01 = getWorkbook(excelFilePath): null

09-12-2024T07:52:15 - [TEST_STEP][PASSED] - sheet01 = getExcelSheet(workbook01, sheetName): null

09-12-2024T07:52:15 - [TEST_STEP][PASSED] - setValueToCellByIndex(sheet01, n, 0, dashboardName): null

09-12-2024T07:52:15 - [TEST_STEP][PASSED] - setValueToCellByIndex(sheet01, n, 1, dZO): null

09-12-2024T07:52:15 - [TEST_STEP][PASSED] - setValueToCellByIndex(sheet01, n, 2, typeOfData): null

09-12-2024T07:52:15 - [TEST_STEP][PASSED] - if (typeOfData == "Факт в процентах" || typeOfData == "План в процентах"): null

09-12-2024T07:52:15 - [TEST_STEP][PASSED] - else: null

09-12-2024T07:52:15 - [TEST_STEP][PASSED] - setValueToCellByIndex(sheet01, n, 3, fileInt): null

09-12-2024T07:52:15 - [TEST_STEP][PASSED] - setValueToCellByIndex(sheet01, n, 4, pageInt): null

09-12-2024T07:52:15 - [TEST_STEP][PASSED] - setValueToCellByIndex(sheet01, n, 5, m): null

09-12-2024T07:52:15 - [TEST_STEP][PASSED] - setValueToCellByIndex(sheet01, n, 6, y): null

09-12-2024T07:52:15 - [TEST_STEP][PASSED] - setValueToCellByIndex(sheet01, n, 7, todaysDate): null

09-12-2024T07:52:15 - [TEST_STEP][PASSED] - n = n + 1: null

09-12-2024T07:52:15 - [TEST_STEP][PASSED] - saveWorkbook(excelFilePath, workbook01): null

09-12-2024T07:52:16 - [TEST_STEP][PASSED] - if (planFact == 2): null

09-12-2024T07:52:16 - [TEST_STEP][PASSED] - if (planFact == 1): null

09-12-2024T07:52:16 - [TEST_STEP][PASSED] - else if (planFact == 2): null

09-12-2024T07:52:16 - [TEST_STEP][PASSED] - click(findTestObject("Выполнение бизнес-плана/Кнопка План")): Object: 'Object Repository/Выполнение бизнес-плана/Кнопка План' is clicked on

09-12-2024T07:52:16 - [MESSAGE][PASSED] - Object: 'Object Repository/Выполнение бизнес-плана/Кнопка План' is clicked on

09-12-2024T07:52:16 - [TEST_STEP][PASSED] - typeOfDataMain = "План": null

09-12-2024T07:52:16 - [TEST_STEP][PASSED] - otpusk = findTestData("PlanFact").getValue(2, a): null

09-12-2024T07:52:16 - [TEST_STEP][PASSED] - poteri = findTestData("PlanFact").getValue(3, a): null

09-12-2024T07:52:16 - [TEST_STEP][PASSED] - otpusk = otpusk.replaceAll("\s+", ""): null

09-12-2024T07:52:16 - [TEST_STEP][PASSED] - poteri = poteri.replaceAll("\s+", ""): null

09-12-2024T07:52:16 - [TEST_STEP][PASSED] - typeOfData = typeOfDataMain + " Отпуск в сеть": null

09-12-2024T07:52:16 - [TEST_STEP][PASSED] - if (a == 82): null

09-12-2024T07:52:16 - [TEST_STEP][PASSED] - else if (a == 84): null

09-12-2024T07:52:16 - [TEST_STEP][PASSED] - else if (a == 52 || a == 72 || a == 28 || a == 73 || a == 77 || a == 74 || a == 65 || a == 36 || a == 44 || a == 53 || a == 80 || a == 54 || a == 1 || a == 18 || a == 59 || a == 81): null

09-12-2024T07:52:16 - [TEST_STEP][PASSED] - path = dataFolder + "Table Data/" + typeOfData + " за отчётный период " + dzoNum: null

09-12-2024T07:52:16 - [TEST_STEP][PASSED] - println(path): null

09-12-2024T07:52:16 - [TEST_STEP][PASSED] - page = getText(findTestObject(path)): Text of object 'Object Repository/Выполнение бизнес-плана/Значения со страницы Выполнение бизнес-плана/Table Data/План Отпуск в сеть за отчётный период 6' is: '48 037 333'

09-12-2024T07:52:16 - [MESSAGE][PASSED] - Text of object 'Object Repository/Выполнение бизнес-плана/Значения со страницы Выполнение бизнес-плана/Table Data/План Отпуск в сеть за отчётный период 6' is: '48 037 333'

09-12-2024T07:52:16 - [TEST_STEP][PASSED] - page = page.replaceAll("\s+", ""): null

09-12-2024T07:52:16 - [TEST_STEP][PASSED] - fileOtpuskVSet = otpusk.toInteger(): null

09-12-2024T07:52:16 - [TEST_STEP][PASSED] - pageOtpuskVSet = page.toInteger(): null

09-12-2024T07:52:16 - [TEST_STEP][PASSED] - typeOfData = typeOfDataMain + " Потери": null

09-12-2024T07:52:16 - [TEST_STEP][PASSED] - if (a == 82): null

09-12-2024T07:52:16 - [TEST_STEP][PASSED] - else if (a == 84): null

09-12-2024T07:52:16 - [TEST_STEP][PASSED] - else if (a == 52 || a == 72 || a == 28 || a == 73 || a == 77 || a == 74 || a == 65 || a == 36 || a == 44 || a == 53 || a == 80 || a == 54 || a == 1 || a == 18 || a == 59 || a == 81): null

09-12-2024T07:52:16 - [TEST_STEP][PASSED] - path = dataFolder + "Table Data/" + typeOfData + " за отчётный период " + dzoNum: null

09-12-2024T07:52:16 - [TEST_STEP][PASSED] - page = getText(findTestObject(path)): Text of object 'Object Repository/Выполнение бизнес-плана/Значения со страницы Выполнение бизнес-плана/Table Data/План Потери за отчётный период 6' is: '4 869 656'

09-12-2024T07:52:17 - [MESSAGE][PASSED] - Text of object 'Object Repository/Выполнение бизнес-плана/Значения со страницы Выполнение бизнес-плана/Table Data/План Потери за отчётный период 6' is: '4 869 656'

09-12-2024T07:52:17 - [TEST_STEP][PASSED] - page = page.replaceAll("\s+", ""): null

09-12-2024T07:52:17 - [TEST_STEP][PASSED] - filePoteri = poteri.toInteger(): null

09-12-2024T07:52:17 - [TEST_STEP][PASSED] - pagePoteri = page.toInteger(): null

09-12-2024T07:52:17 - [TEST_STEP][PASSED] - compare = pageOtpuskVSet: null

09-12-2024T07:52:17 - [TEST_STEP][PASSED] - if (compare == fileOtpuskVSet): null

09-12-2024T07:52:17 - [TEST_STEP][PASSED] - else if (compare > fileOtpuskVSet): null

09-12-2024T07:52:17 - [TEST_STEP][PASSED] - else if (compare < fileOtpuskVSet): null

09-12-2024T07:52:17 - [TEST_STEP][PASSED] - compare = compare + 1: null

09-12-2024T07:52:17 - [TEST_STEP][PASSED] - if (compare == fileOtpuskVSet): null

09-12-2024T07:52:17 - [TEST_STEP][PASSED] - else: null

09-12-2024T07:52:17 - [TEST_STEP][PASSED] - numberOfErrors = numberOfErrors + 1: null

09-12-2024T07:52:17 - [TEST_STEP][PASSED] - pageInt = pageOtpuskVSet: null

09-12-2024T07:52:17 - [TEST_STEP][PASSED] - fileInt = fileOtpuskVSet: null

09-12-2024T07:52:17 - [TEST_STEP][PASSED] - typeOfData = typeOfDataMain + " Отпуск в сеть": null

09-12-2024T07:52:17 - [TEST_STEP][PASSED] - Script1718980020443.WriteToExcel(a, typeOfData, todaysDate, pageInt, fileInt, pageDouble, fileDouble, dZO): null

09-12-2024T07:52:17 - [TEST_STEP][PASSED] - sheetName = "Sheet1": null

09-12-2024T07:52:17 - [TEST_STEP][PASSED] - data = findTestData("PlanFact"): null

09-12-2024T07:52:17 - [TEST_STEP][PASSED] - n = data.getRowNumbers() + 1: null

09-12-2024T07:52:17 - [TEST_STEP][PASSED] - year = todaysDate.substring(todaysDate.length() - 4, todaysDate.length()): null

09-12-2024T07:52:17 - [TEST_STEP][PASSED] - y = year.toInteger(): null

09-12-2024T07:52:17 - [TEST_STEP][PASSED] - m = getText(findTestObject("Выполнение бизнес-плана/Период")): Text of object 'Object Repository/Выполнение бизнес-плана/Период' is: '1, 2, 3 кв., Октябрь 2024 года'

09-12-2024T07:52:17 - [MESSAGE][PASSED] - Text of object 'Object Repository/Выполнение бизнес-плана/Период' is: '1, 2, 3 кв., Октябрь 2024 года'

09-12-2024T07:52:17 - [TEST_STEP][PASSED] - m = m.substring(0, m.indexOf("2024")): null

09-12-2024T07:52:17 - [TEST_STEP][PASSED] - m = m.trim(): null

09-12-2024T07:52:17 - [TEST_STEP][PASSED] - dashboardName = "Выполнение бизнес-плана": null

09-12-2024T07:52:17 - [TEST_STEP][PASSED] - workbook01 = getWorkbook(excelFilePath): null

09-12-2024T07:52:17 - [TEST_STEP][PASSED] - sheet01 = getExcelSheet(workbook01, sheetName): null

09-12-2024T07:52:17 - [TEST_STEP][PASSED] - setValueToCellByIndex(sheet01, n, 0, dashboardName): null

09-12-2024T07:52:17 - [TEST_STEP][PASSED] - setValueToCellByIndex(sheet01, n, 1, dZO): null

09-12-2024T07:52:17 - [TEST_STEP][PASSED] - setValueToCellByIndex(sheet01, n, 2, typeOfData): null

09-12-2024T07:52:17 - [TEST_STEP][PASSED] - if (typeOfData == "Факт в процентах" || typeOfData == "План в процентах"): null

09-12-2024T07:52:17 - [TEST_STEP][PASSED] - else: null

09-12-2024T07:52:17 - [TEST_STEP][PASSED] - setValueToCellByIndex(sheet01, n, 3, fileInt): null

09-12-2024T07:52:17 - [TEST_STEP][PASSED] - setValueToCellByIndex(sheet01, n, 4, pageInt): null

09-12-2024T07:52:17 - [TEST_STEP][PASSED] - setValueToCellByIndex(sheet01, n, 5, m): null

09-12-2024T07:52:17 - [TEST_STEP][PASSED] - setValueToCellByIndex(sheet01, n, 6, y): null

09-12-2024T07:52:17 - [TEST_STEP][PASSED] - setValueToCellByIndex(sheet01, n, 7, todaysDate): null

09-12-2024T07:52:17 - [TEST_STEP][PASSED] - n = n + 1: null

09-12-2024T07:52:17 - [TEST_STEP][PASSED] - saveWorkbook(excelFilePath, workbook01): null

09-12-2024T07:52:17 - [TEST_STEP][PASSED] - compare = pagePoteri: null

09-12-2024T07:52:17 - [TEST_STEP][PASSED] - if (compare == filePoteri): null

09-12-2024T07:52:17 - [TEST_STEP][PASSED] - else if (compare > filePoteri): null

09-12-2024T07:52:17 - [TEST_STEP][PASSED] - else if (compare < filePoteri): null

09-12-2024T07:52:17 - [TEST_STEP][PASSED] - compare = compare + 1: null

09-12-2024T07:52:17 - [TEST_STEP][PASSED] - if (compare == filePoteri): null

09-12-2024T07:52:17 - [TEST_STEP][PASSED] - else: null

09-12-2024T07:52:17 - [TEST_STEP][PASSED] - numberOfErrors = numberOfErrors + 1: null

09-12-2024T07:52:17 - [TEST_STEP][PASSED] - pageInt = pagePoteri: null

09-12-2024T07:52:17 - [TEST_STEP][PASSED] - fileInt = filePoteri: null

09-12-2024T07:52:17 - [TEST_STEP][PASSED] - typeOfData = typeOfDataMain + " Потери": null

09-12-2024T07:52:17 - [TEST_STEP][PASSED] - Script1718980020443.WriteToExcel(a, typeOfData, todaysDate, pageInt, fileInt, pageDouble, fileDouble, dZO): null

09-12-2024T07:52:17 - [TEST_STEP][PASSED] - sheetName = "Sheet1": null

09-12-2024T07:52:17 - [TEST_STEP][PASSED] - data = findTestData("PlanFact"): null

09-12-2024T07:52:17 - [TEST_STEP][PASSED] - n = data.getRowNumbers() + 1: null

09-12-2024T07:52:17 - [TEST_STEP][PASSED] - year = todaysDate.substring(todaysDate.length() - 4, todaysDate.length()): null

09-12-2024T07:52:17 - [TEST_STEP][PASSED] - y = year.toInteger(): null

09-12-2024T07:52:17 - [TEST_STEP][PASSED] - m = getText(findTestObject("Выполнение бизнес-плана/Период")): Text of object 'Object Repository/Выполнение бизнес-плана/Период' is: '1, 2, 3 кв., Октябрь 2024 года'

09-12-2024T07:52:18 - [MESSAGE][PASSED] - Text of object 'Object Repository/Выполнение бизнес-плана/Период' is: '1, 2, 3 кв., Октябрь 2024 года'

09-12-2024T07:52:18 - [TEST_STEP][PASSED] - m = m.substring(0, m.indexOf("2024")): null

09-12-2024T07:52:18 - [TEST_STEP][PASSED] - m = m.trim(): null

09-12-2024T07:52:18 - [TEST_STEP][PASSED] - dashboardName = "Выполнение бизнес-плана": null

09-12-2024T07:52:18 - [TEST_STEP][PASSED] - workbook01 = getWorkbook(excelFilePath): null

09-12-2024T07:52:18 - [TEST_STEP][PASSED] - sheet01 = getExcelSheet(workbook01, sheetName): null

09-12-2024T07:52:18 - [TEST_STEP][PASSED] - setValueToCellByIndex(sheet01, n, 0, dashboardName): null

09-12-2024T07:52:18 - [TEST_STEP][PASSED] - setValueToCellByIndex(sheet01, n, 1, dZO): null

09-12-2024T07:52:18 - [TEST_STEP][PASSED] - setValueToCellByIndex(sheet01, n, 2, typeOfData): null

09-12-2024T07:52:18 - [TEST_STEP][PASSED] - if (typeOfData == "Факт в процентах" || typeOfData == "План в процентах"): null

09-12-2024T07:52:18 - [TEST_STEP][PASSED] - else: null

09-12-2024T07:52:18 - [TEST_STEP][PASSED] - setValueToCellByIndex(sheet01, n, 3, fileInt): null

09-12-2024T07:52:18 - [TEST_STEP][PASSED] - setValueToCellByIndex(sheet01, n, 4, pageInt): null

09-12-2024T07:52:18 - [TEST_STEP][PASSED] - setValueToCellByIndex(sheet01, n, 5, m): null

09-12-2024T07:52:18 - [TEST_STEP][PASSED] - setValueToCellByIndex(sheet01, n, 6, y): null

09-12-2024T07:52:18 - [TEST_STEP][PASSED] - setValueToCellByIndex(sheet01, n, 7, todaysDate): null

09-12-2024T07:52:18 - [TEST_STEP][PASSED] - n = n + 1: null

09-12-2024T07:52:18 - [TEST_STEP][PASSED] - saveWorkbook(excelFilePath, workbook01): Object: 'Object Repository/Выполнение бизнес-плана/Кнопка Факт' is clicked on

09-12-2024T07:52:18 - [TEST_STEP][PASSED] - if (planFact == 2): Object: 'Object Repository/Выполнение бизнес-плана/Кнопка Факт' is clicked on

09-12-2024T07:52:18 - [TEST_STEP][PASSED] - click(findTestObject("Выполнение бизнес-плана/Кнопка Факт")): Object: 'Object Repository/Выполнение бизнес-плана/Кнопка Факт' is clicked on

09-12-2024T07:52:18 - [MESSAGE][PASSED] - Object: 'Object Repository/Выполнение бизнес-плана/Кнопка Факт' is clicked on

09-12-2024T07:52:18 - [TEST_STEP][PASSED] - if (a == 84 || a == 82): null

09-12-2024T07:52:18 - [TEST_STEP][PASSED] - else if (a == 52 || a == 72 || a == 28 || a == 73 || a == 77 || a == 74 || a == 65 || a == 36 || a == 44 || a == 53 || a == 80 || a == 54 || a == 1 || a == 18 || a == 59 || a == 81): null

09-12-2024T07:52:18 - [TEST_STEP][PASSED] - page1 = getText(findTestObject("Object Repository/Выполнение бизнес-плана/spanPlan" + dzoNum)): Text of object 'Object Repository/Выполнение бизнес-плана/spanPlan6' is: '10.14
|'

09-12-2024T07:52:19 - [MESSAGE][PASSED] - Text of object 'Object Repository/Выполнение бизнес-плана/spanPlan6' is: '10.14
|'

09-12-2024T07:52:19 - [TEST_STEP][PASSED] - page1 = page1.replace("|", ""): null

09-12-2024T07:52:19 - [TEST_STEP][PASSED] - page2 = getText(findTestObject("Object Repository/Выполнение бизнес-плана/spanFact" + dzoNum)): Text of object 'Object Repository/Выполнение бизнес-плана/spanFact6' is: '9.64'

09-12-2024T07:52:19 - [MESSAGE][PASSED] - Text of object 'Object Repository/Выполнение бизнес-плана/spanFact6' is: '9.64'

09-12-2024T07:52:19 - [TEST_STEP][PASSED] - page2 = page2.replace("|", ""): null

09-12-2024T07:52:19 - [TEST_STEP][PASSED] - println("page1: " + page1): null

09-12-2024T07:52:19 - [TEST_STEP][PASSED] - println("page2: " + page2): null

09-12-2024T07:52:19 - [TEST_STEP][PASSED] - file = findTestData("PlanFact").getValue(4, a): null

09-12-2024T07:52:19 - [TEST_STEP][PASSED] - file = file.replace(",", "."): null

09-12-2024T07:52:19 - [TEST_STEP][PASSED] - println("file Plan: " + file): null

09-12-2024T07:52:19 - [TEST_STEP][PASSED] - typeOfData = "План в процентах": null

09-12-2024T07:52:19 - [TEST_STEP][PASSED] - fileDouble = file.toDouble(): null

09-12-2024T07:52:19 - [TEST_STEP][PASSED] - pageDouble = page1.toDouble(): null

09-12-2024T07:52:19 - [TEST_STEP][PASSED] - if (fileDouble != pageDouble): null

09-12-2024T07:52:19 - [TEST_STEP][PASSED] - numberOfErrors = numberOfErrors + 1: null

09-12-2024T07:52:19 - [TEST_STEP][PASSED] - Script1718980020443.WriteToExcel(a, typeOfData, todaysDate, pageInt, fileInt, pageDouble, fileDouble, dZO): null

09-12-2024T07:52:19 - [TEST_STEP][PASSED] - sheetName = "Sheet1": null

09-12-2024T07:52:19 - [TEST_STEP][PASSED] - data = findTestData("PlanFact"): null

09-12-2024T07:52:19 - [TEST_STEP][PASSED] - n = data.getRowNumbers() + 1: null

09-12-2024T07:52:19 - [TEST_STEP][PASSED] - year = todaysDate.substring(todaysDate.length() - 4, todaysDate.length()): null

09-12-2024T07:52:19 - [TEST_STEP][PASSED] - y = year.toInteger(): null

09-12-2024T07:52:19 - [TEST_STEP][PASSED] - m = getText(findTestObject("Выполнение бизнес-плана/Период")): Text of object 'Object Repository/Выполнение бизнес-плана/Период' is: '1, 2, 3 кв., Октябрь 2024 года'

09-12-2024T07:52:19 - [MESSAGE][PASSED] - Text of object 'Object Repository/Выполнение бизнес-плана/Период' is: '1, 2, 3 кв., Октябрь 2024 года'

09-12-2024T07:52:19 - [TEST_STEP][PASSED] - m = m.substring(0, m.indexOf("2024")): null

09-12-2024T07:52:19 - [TEST_STEP][PASSED] - m = m.trim(): null

09-12-2024T07:52:19 - [TEST_STEP][PASSED] - dashboardName = "Выполнение бизнес-плана": null

09-12-2024T07:52:19 - [TEST_STEP][PASSED] - workbook01 = getWorkbook(excelFilePath): null

09-12-2024T07:52:19 - [TEST_STEP][PASSED] - sheet01 = getExcelSheet(workbook01, sheetName): null

09-12-2024T07:52:19 - [TEST_STEP][PASSED] - setValueToCellByIndex(sheet01, n, 0, dashboardName): null

09-12-2024T07:52:19 - [TEST_STEP][PASSED] - setValueToCellByIndex(sheet01, n, 1, dZO): null

09-12-2024T07:52:19 - [TEST_STEP][PASSED] - setValueToCellByIndex(sheet01, n, 2, typeOfData): null

09-12-2024T07:52:19 - [TEST_STEP][PASSED] - if (typeOfData == "Факт в процентах" || typeOfData == "План в процентах"): null

09-12-2024T07:52:19 - [TEST_STEP][PASSED] - setValueToCellByIndex(sheet01, n, 3, fileDouble): null

09-12-2024T07:52:19 - [TEST_STEP][PASSED] - setValueToCellByIndex(sheet01, n, 4, pageDouble): null

09-12-2024T07:52:19 - [TEST_STEP][PASSED] - setValueToCellByIndex(sheet01, n, 5, m): null

09-12-2024T07:52:19 - [TEST_STEP][PASSED] - setValueToCellByIndex(sheet01, n, 6, y): null

09-12-2024T07:52:19 - [TEST_STEP][PASSED] - setValueToCellByIndex(sheet01, n, 7, todaysDate): null

09-12-2024T07:52:19 - [TEST_STEP][PASSED] - n = n + 1: null

09-12-2024T07:52:19 - [TEST_STEP][PASSED] - saveWorkbook(excelFilePath, workbook01): null

09-12-2024T07:52:20 - [TEST_STEP][PASSED] - file = findTestData("PlanFact").getValue(7, a): null

09-12-2024T07:52:20 - [TEST_STEP][PASSED] - file = file.replace(",", "."): null

09-12-2024T07:52:20 - [TEST_STEP][PASSED] - println("file Fact: " + file): null

09-12-2024T07:52:20 - [TEST_STEP][PASSED] - fileDouble = file.toDouble(): null

09-12-2024T07:52:20 - [TEST_STEP][PASSED] - typeOfData = "Факт в процентах": null

09-12-2024T07:52:20 - [TEST_STEP][PASSED] - fileDouble = file.toDouble(): null

09-12-2024T07:52:20 - [TEST_STEP][PASSED] - pageDouble = page2.toDouble(): null

09-12-2024T07:52:20 - [TEST_STEP][PASSED] - if (fileDouble != pageDouble): null

09-12-2024T07:52:20 - [TEST_STEP][PASSED] - numberOfErrors = numberOfErrors + 1: null

09-12-2024T07:52:20 - [TEST_STEP][PASSED] - Script1718980020443.WriteToExcel(a, typeOfData, todaysDate, pageInt, fileInt, pageDouble, fileDouble, dZO): null

09-12-2024T07:52:20 - [TEST_STEP][PASSED] - sheetName = "Sheet1": null

09-12-2024T07:52:20 - [TEST_STEP][PASSED] - data = findTestData("PlanFact"): null

09-12-2024T07:52:20 - [TEST_STEP][PASSED] - n = data.getRowNumbers() + 1: null

09-12-2024T07:52:20 - [TEST_STEP][PASSED] - year = todaysDate.substring(todaysDate.length() - 4, todaysDate.length()): null

09-12-2024T07:52:20 - [TEST_STEP][PASSED] - y = year.toInteger(): null

09-12-2024T07:52:20 - [TEST_STEP][PASSED] - m = getText(findTestObject("Выполнение бизнес-плана/Период")): Text of object 'Object Repository/Выполнение бизнес-плана/Период' is: '1, 2, 3 кв., Октябрь 2024 года'

09-12-2024T07:52:20 - [MESSAGE][PASSED] - Text of object 'Object Repository/Выполнение бизнес-плана/Период' is: '1, 2, 3 кв., Октябрь 2024 года'

09-12-2024T07:52:20 - [TEST_STEP][PASSED] - m = m.substring(0, m.indexOf("2024")): null

09-12-2024T07:52:20 - [TEST_STEP][PASSED] - m = m.trim(): null

09-12-2024T07:52:20 - [TEST_STEP][PASSED] - dashboardName = "Выполнение бизнес-плана": null

09-12-2024T07:52:20 - [TEST_STEP][PASSED] - workbook01 = getWorkbook(excelFilePath): null

09-12-2024T07:52:20 - [TEST_STEP][PASSED] - sheet01 = getExcelSheet(workbook01, sheetName): null

09-12-2024T07:52:20 - [TEST_STEP][PASSED] - setValueToCellByIndex(sheet01, n, 0, dashboardName): null

09-12-2024T07:52:20 - [TEST_STEP][PASSED] - setValueToCellByIndex(sheet01, n, 1, dZO): null

09-12-2024T07:52:20 - [TEST_STEP][PASSED] - setValueToCellByIndex(sheet01, n, 2, typeOfData): null

09-12-2024T07:52:20 - [TEST_STEP][PASSED] - if (typeOfData == "Факт в процентах" || typeOfData == "План в процентах"): null

09-12-2024T07:52:20 - [TEST_STEP][PASSED] - setValueToCellByIndex(sheet01, n, 3, fileDouble): null

09-12-2024T07:52:20 - [TEST_STEP][PASSED] - setValueToCellByIndex(sheet01, n, 4, pageDouble): null

09-12-2024T07:52:20 - [TEST_STEP][PASSED] - setValueToCellByIndex(sheet01, n, 5, m): null

09-12-2024T07:52:20 - [TEST_STEP][PASSED] - setValueToCellByIndex(sheet01, n, 6, y): null

09-12-2024T07:52:20 - [TEST_STEP][PASSED] - setValueToCellByIndex(sheet01, n, 7, todaysDate): null

09-12-2024T07:52:20 - [TEST_STEP][PASSED] - n = n + 1: null

09-12-2024T07:52:20 - [TEST_STEP][PASSED] - saveWorkbook(excelFilePath, workbook01): null

09-12-2024T07:52:20 - [TEST_STEP][FAILED] - if (verifyEqual(numberOfErrors, 0) == false): null

09-12-2024T07:52:20 - [MESSAGE][FAILED] - Unable to verify equal between actual object '6' and expected object '0' (Root cause: com.kms.katalon.core.exception.StepFailedException: Actual object '6' and expected object '0' are not equal
	at com.kms.katalon.core.keyword.builtin.VerifyEqualKeyword$_verifyEqual_closure1.doCall(VerifyEqualKeyword.groovy:58)
	at com.kms.katalon.core.keyword.builtin.VerifyEqualKeyword$_verifyEqual_closure1.call(VerifyEqualKeyword.groovy)
	at com.kms.katalon.core.keyword.internal.KeywordMain.runKeyword(KeywordMain.groovy:75)
	at com.kms.katalon.core.keyword.builtin.VerifyEqualKeyword.verifyEqual(VerifyEqualKeyword.groovy:63)
	at com.kms.katalon.core.keyword.builtin.VerifyEqualKeyword.execute(VerifyEqualKeyword.groovy:44)
	at com.kms.katalon.core.keyword.internal.KeywordExecutor.executeKeywordForPlatform(KeywordExecutor.groovy:74)
	at com.kms.katalon.core.keyword.BuiltinKeywords.verifyEqual(BuiltinKeywords.groovy:146)
	at jdk.internal.reflect.GeneratedMethodAccessor24.invoke(Unknown Source)
	at java.base/jdk.internal.reflect.DelegatingMethodAccessorImpl.invoke(DelegatingMethodAccessorImpl.java:43)
	at Выполнение бизнес-плана Сверка ПАО Россети все филиалы.Numbers(Выполнение бизнес-плана Сверка ПАО Россети все филиалы:752)
	at Выполнение бизнес-плана Сверка ПАО Россети все филиалы.run(Выполнение бизнес-плана Сверка ПАО Россети все филиалы:400)
	at com.kms.katalon.core.main.ScriptEngine.run(ScriptEngine.java:194)
	at com.kms.katalon.core.main.ScriptEngine.runScriptAsRawText(ScriptEngine.java:119)
	at com.kms.katalon.core.main.TestCaseExecutor.runScript(TestCaseExecutor.java:448)
	at com.kms.katalon.core.main.TestCaseExecutor.doExecute(TestCaseExecutor.java:439)
	at com.kms.katalon.core.main.TestCaseExecutor.processExecutionPhase(TestCaseExecutor.java:418)
	at com.kms.katalon.core.main.TestCaseExecutor.accessMainPhase(TestCaseExecutor.java:410)
	at com.kms.katalon.core.main.TestCaseExecutor.execute(TestCaseExecutor.java:285)
	at com.kms.katalon.core.common.CommonExecutor.accessTestCaseMainPhase(CommonExecutor.java:65)
	at com.kms.katalon.core.main.TestSuiteExecutor.accessTestSuiteMainPhase(TestSuiteExecutor.java:150)
	at com.kms.katalon.core.main.TestSuiteExecutor.execute(TestSuiteExecutor.java:106)
	at com.kms.katalon.core.main.TestCaseMain.startTestSuite(TestCaseMain.java:180)
	at TempTestSuite1733719229947.run(TempTestSuite1733719229947.groovy:35)
	at java.base/jdk.internal.reflect.NativeMethodAccessorImpl.invoke0(Native Method)
	at java.base/jdk.internal.reflect.NativeMethodAccessorImpl.invoke(NativeMethodAccessorImpl.java:77)
	at java.base/jdk.internal.reflect.DelegatingMethodAccessorImpl.invoke(DelegatingMethodAccessorImpl.java:43)
)

09-12-2024T07:52:20 - [TEST_STEP][PASSED] - println(numberOfErrors): null

09-12-2024T07:52:20 - [TEST_STEP][PASSED] - if (a == 28 || a == 77 || a == 74 || a == 65 || a == 36 || a == 44 || a == 54 || a == 1 || a == 18 || a == 59): null

09-12-2024T07:52:20 - [TEST_STEP][PASSED] - Script1718980020443.Filials(a, typeOfData, todaysDate, pageInt, fileInt, pageDouble, fileDouble, dZO, dzoNum, filialNum): null

09-12-2024T07:52:20 - [TEST_STEP][PASSED] - i = <not implemented yet for class: org.codehaus.groovy.ast.expr.EmptyExpression>: null

09-12-2024T07:52:20 - [TEST_STEP][PASSED] - c = <not implemented yet for class: org.codehaus.groovy.ast.expr.EmptyExpression>: null

09-12-2024T07:52:20 - [TEST_STEP][PASSED] - page = <not implemented yet for class: org.codehaus.groovy.ast.expr.EmptyExpression>: null

09-12-2024T07:52:20 - [TEST_STEP][PASSED] - println(dZO): null

09-12-2024T07:52:20 - [TEST_STEP][PASSED] - reducedDZO = <not implemented yet for class: org.codehaus.groovy.ast.expr.EmptyExpression>: null

09-12-2024T07:52:20 - [TEST_STEP][PASSED] - reducedDZO = dZO.substring(dZO.indexOf(" ") + 1, dZO.length()): null

09-12-2024T07:52:20 - [TEST_STEP][PASSED] - if (reducedDZO.contains(" ")): null

09-12-2024T07:52:20 - [TEST_STEP][PASSED] - reducedDZO = reducedDZO.substring(reducedDZO.indexOf(" ") + 1, reducedDZO.length()): null

09-12-2024T07:52:20 - [TEST_STEP][PASSED] - if (reducedDZO.contains(" ")): null

09-12-2024T07:52:20 - [TEST_STEP][PASSED] - println(reducedDZO): null

09-12-2024T07:52:20 - [TEST_STEP][PASSED] - dzoCut = <not implemented yet for class: org.codehaus.groovy.ast.expr.EmptyExpression>: null

09-12-2024T07:52:20 - [TEST_STEP][PASSED] - Script1718980020443.DZO(a): null

09-12-2024T07:52:20 - [TEST_STEP][PASSED] - Script1718980020443.OpenFilter(): null

09-12-2024T07:52:20 - [TEST_STEP][PASSED] - click(findTestObject("Object Repository/Выполнение бизнес-плана/Фильтр ДЗО")): Object: 'Object Repository/Выполнение бизнес-плана/Фильтр ДЗО' is clicked on

09-12-2024T07:52:21 - [MESSAGE][PASSED] - Object: 'Object Repository/Выполнение бизнес-плана/Фильтр ДЗО' is clicked on

09-12-2024T07:52:21 - [TEST_STEP][PASSED] - click(findTestObject("Выполнение бизнес-плана/Снять выделение в фильтре ДЗО")): Object: 'Object Repository/Выполнение бизнес-плана/Снять выделение в фильтре ДЗО' is clicked on

09-12-2024T07:52:21 - [MESSAGE][PASSED] - Object: 'Object Repository/Выполнение бизнес-плана/Снять выделение в фильтре ДЗО' is clicked on

09-12-2024T07:52:21 - [TEST_STEP][PASSED] - Script1718980020443.OpenRSK(): null

09-12-2024T07:52:21 - [TEST_STEP][PASSED] - click(findTestObject("Выполнение бизнес-плана/Раскрыть список ПАО Россети в фильтре ДЗО")): Object: 'Object Repository/Выполнение бизнес-плана/Раскрыть список ПАО Россети в фильтре ДЗО' is clicked on

09-12-2024T07:52:21 - [MESSAGE][PASSED] - Object: 'Object Repository/Выполнение бизнес-плана/Раскрыть список ПАО Россети в фильтре ДЗО' is clicked on

09-12-2024T07:52:21 - [TEST_STEP][PASSED] - click(findTestObject("Выполнение бизнес-плана/Раскрыть список РаспредКомплекс в фильтре ДЗО")): Object: 'Object Repository/Выполнение бизнес-плана/Раскрыть список РаспредКомплекс в фильтре ДЗО' is clicked on

09-12-2024T07:52:22 - [MESSAGE][PASSED] - Object: 'Object Repository/Выполнение бизнес-плана/Раскрыть список РаспредКомплекс в фильтре ДЗО' is clicked on

09-12-2024T07:52:22 - [TEST_STEP][PASSED] - if (a == 28): null

09-12-2024T07:52:22 - [TEST_STEP][PASSED] - if (a == 77): null

09-12-2024T07:52:22 - [TEST_STEP][PASSED] - if (a == 74): null

09-12-2024T07:52:22 - [TEST_STEP][PASSED] - if (a == 65): null

09-12-2024T07:52:22 - [TEST_STEP][PASSED] - if (a == 36): null

09-12-2024T07:52:22 - [TEST_STEP][PASSED] - if (a == 44): null

09-12-2024T07:52:22 - [TEST_STEP][PASSED] - if (a == 54): null

09-12-2024T07:52:22 - [TEST_STEP][PASSED] - if (a == 1): Object: 'Object Repository/Выполнение бизнес-плана/Россети Центр' is clicked on

09-12-2024T07:52:22 - [TEST_STEP][PASSED] - scrollToElement(findTestObject("Общие объекты/Раскрыть список Россети Центр"), 30): Scroll to object 'Object Repository/Общие объекты/Раскрыть список Россети Центр' successfully

09-12-2024T07:52:22 - [MESSAGE][PASSED] - Scroll to object 'Object Repository/Общие объекты/Раскрыть список Россети Центр' successfully

09-12-2024T07:52:22 - [TEST_STEP][PASSED] - click(findTestObject("Выполнение бизнес-плана/Россети Центр")): Object: 'Object Repository/Выполнение бизнес-плана/Россети Центр' is clicked on

09-12-2024T07:52:23 - [MESSAGE][PASSED] - Object: 'Object Repository/Выполнение бизнес-плана/Россети Центр' is clicked on

09-12-2024T07:52:23 - [TEST_STEP][PASSED] - if (a == 18): null

09-12-2024T07:52:23 - [TEST_STEP][PASSED] - if (a == 59): null

09-12-2024T07:52:23 - [TEST_STEP][PASSED] - Script1718980020443.CloseFilter(): null

09-12-2024T07:52:23 - [TEST_STEP][PASSED] - scrollToElement(findTestObject("Выполнение бизнес-плана/Заголовок дашборда"), 30): Scroll to object 'Object Repository/Выполнение бизнес-плана/Заголовок дашборда' successfully

09-12-2024T07:52:23 - [MESSAGE][PASSED] - Scroll to object 'Object Repository/Выполнение бизнес-плана/Заголовок дашборда' successfully

09-12-2024T07:52:23 - [TEST_STEP][PASSED] - click(findTestObject("Object Repository/Выполнение бизнес-плана/Применить в фильтре ДЗО")): Object: 'Object Repository/Выполнение бизнес-плана/Применить в фильтре ДЗО' is clicked on

09-12-2024T07:52:24 - [MESSAGE][PASSED] - Object: 'Object Repository/Выполнение бизнес-плана/Применить в фильтре ДЗО' is clicked on

09-12-2024T07:52:24 - [TEST_STEP][PASSED] - Script1718980020443.ZakrytOpoveshenie(): null

09-12-2024T07:52:24 - [TEST_STEP][PASSED] - delay(10): Delayed 10 second(s)

09-12-2024T07:52:34 - [MESSAGE][PASSED] - Delayed 10 second(s)

09-12-2024T07:52:34 - [TEST_STEP][PASSED] - opoveshenie = getText(findTestObject("Выполнение бизнес-плана/Просьба обратить внимание")): Text of object 'Object Repository/Выполнение бизнес-плана/Просьба обратить внимание' is: ''

09-12-2024T07:52:50 - [MESSAGE][PASSED] - Text of object 'Object Repository/Выполнение бизнес-плана/Просьба обратить внимание' is: ''

09-12-2024T07:52:50 - [TEST_STEP][PASSED] - println(opoveshenie): null

09-12-2024T07:52:50 - [TEST_STEP][PASSED] - if (opoveshenie == "Просьба обратить внимание"): null

09-12-2024T07:52:50 - [TEST_STEP][PASSED] - page = getText(findTestObject("Object Repository/Выполнение бизнес-плана/Filials")): Text of object 'Object Repository/Выполнение бизнес-плана/Filials' is: 'Россети Центр (ГК)
0
10
20
30
40
50
60
70'

09-12-2024T07:52:50 - [MESSAGE][PASSED] - Text of object 'Object Repository/Выполнение бизнес-плана/Filials' is: 'Россети Центр (ГК)
0
10
20
30
40
50
60
70'

09-12-2024T07:52:50 - [TEST_STEP][PASSED] - println(page): null

09-12-2024T07:52:50 - [TEST_STEP][PASSED] - c = page.indexOf(reducedDZO): null

09-12-2024T07:52:50 - [TEST_STEP][PASSED] - if (c > -1): null

09-12-2024T07:52:50 - [TEST_STEP][PASSED] - click(findTestObject("Выполнение бизнес-плана/список")): Object: 'Object Repository/Выполнение бизнес-плана/список' is clicked on

09-12-2024T07:52:51 - [MESSAGE][PASSED] - Object: 'Object Repository/Выполнение бизнес-плана/список' is clicked on

09-12-2024T07:52:51 - [TEST_STEP][PASSED] - delay(10): Delayed 10 second(s)

09-12-2024T07:53:01 - [MESSAGE][PASSED] - Delayed 10 second(s)

09-12-2024T07:53:01 - [TEST_STEP][PASSED] - click(findTestObject("Выполнение бизнес-плана/Раскрытие списка")): Object: 'Object Repository/Выполнение бизнес-плана/Раскрытие списка' is clicked on

09-12-2024T07:53:01 - [MESSAGE][PASSED] - Object: 'Object Repository/Выполнение бизнес-плана/Раскрытие списка' is clicked on

09-12-2024T07:53:01 - [TEST_STEP][PASSED] - delay(10): Delayed 10 second(s)

09-12-2024T07:53:11 - [MESSAGE][PASSED] - Delayed 10 second(s)

09-12-2024T07:53:11 - [TEST_STEP][PASSED] - page = getText(findTestObject("Object Repository/Выполнение бизнес-плана/Filials")): Text of object 'Object Repository/Выполнение бизнес-плана/Filials' is: 'АО«Воронежскаягорэлектросеть»
АО «Тульскиегородскиеэлектрическиесети»
АО«Ярославскаяэлектросетеваякомпания»
Белгородэнерго
Брянскэнерго
Воронежэнерго
Костромаэнерго
Курскэнерго
Липецкэнерго
ООО «БрянскЭ…
Орелэнерго
Смоленскэнерго
Тамбовэнерго
Тверьэнерго
Ярэнерго
0
20
40
60
10
30
50
70'

09-12-2024T07:53:12 - [MESSAGE][PASSED] - Text of object 'Object Repository/Выполнение бизнес-плана/Filials' is: 'АО«Воронежскаягорэлектросеть»
АО «Тульскиегородскиеэлектрическиесети»
АО«Ярославскаяэлектросетеваякомпания»
Белгородэнерго
Брянскэнерго
Воронежэнерго
Костромаэнерго
Курскэнерго
Липецкэнерго
ООО «БрянскЭ…
Орелэнерго
Смоленскэнерго
Тамбовэнерго
Тверьэнерго
Ярэнерго
0
20
40
60
10
30
50
70'

09-12-2024T07:53:12 - [TEST_STEP][PASSED] - println(page): null

09-12-2024T07:53:12 - [TEST_STEP][PASSED] - c = page.indexOf(reducedDZO): null

09-12-2024T07:53:12 - [TEST_STEP][PASSED] - x2 = getText(findTestObject("Выполнение бизнес-плана/Список ДЗО старый")): Text of object 'Object Repository/Выполнение бизнес-плана/Список ДЗО старый' is: 'АО«Воронежскаягорэлектросеть»
АО «Тульскиегородскиеэлектрическиесети»
АО«Ярославскаяэлектросетеваякомпания»
Белгородэнерго
Брянскэнерго
Воронежэнерго
Костромаэнерго
Курскэнерго
Липецкэнерго
ООО «БрянскЭ…
Орелэнерго
Смоленскэнерго
Тамбовэнерго
Тверьэнерго
Ярэнерго
0
20
40
60
10
30
50
70'

09-12-2024T07:53:12 - [MESSAGE][PASSED] - Text of object 'Object Repository/Выполнение бизнес-плана/Список ДЗО старый' is: 'АО«Воронежскаягорэлектросеть»
АО «Тульскиегородскиеэлектрическиесети»
АО«Ярославскаяэлектросетеваякомпания»
Белгородэнерго
Брянскэнерго
Воронежэнерго
Костромаэнерго
Курскэнерго
Липецкэнерго
ООО «БрянскЭ…
Орелэнерго
Смоленскэнерго
Тамбовэнерго
Тверьэнерго
Ярэнерго
0
20
40
60
10
30
50
70'

09-12-2024T07:53:12 - [TEST_STEP][PASSED] - if (a == 28): null

09-12-2024T07:53:12 - [TEST_STEP][PASSED] - if (a == 77): null

09-12-2024T07:53:12 - [TEST_STEP][PASSED] - if (a == 74): null

09-12-2024T07:53:12 - [TEST_STEP][PASSED] - if (a == 65): null

09-12-2024T07:53:12 - [TEST_STEP][PASSED] - if (a == 1): null

09-12-2024T07:53:12 - [TEST_STEP][PASSED] - dZO = "АО «Воронежская горэлектросеть»": null

09-12-2024T07:53:12 - [TEST_STEP][PASSED] - a = 14: null

09-12-2024T07:53:12 - [TEST_STEP][PASSED] - i = dZO.length() - 1: null

09-12-2024T07:53:12 - [TEST_STEP][PASSED] - dzoCut = substring(4, i).replaceAll("\s+", ""): null

09-12-2024T07:53:12 - [TEST_STEP][PASSED] - if (x2.contains(dzoCut)): null

09-12-2024T07:53:12 - [TEST_STEP][PASSED] - filialNum = filialNum + 1: null

09-12-2024T07:53:12 - [TEST_STEP][PASSED] - Script1718980020443.Numbers(a, typeOfData, todaysDate, pageInt, fileInt, pageDouble, fileDouble, dZO, dzoNum, filialNum): null

09-12-2024T07:53:12 - [TEST_STEP][PASSED] - println(dzoNum): null

09-12-2024T07:53:12 - [TEST_STEP][PASSED] - planFact = <not implemented yet for class: org.codehaus.groovy.ast.expr.EmptyExpression>: null

09-12-2024T07:53:12 - [TEST_STEP][PASSED] - page = <not implemented yet for class: org.codehaus.groovy.ast.expr.EmptyExpression>: null

09-12-2024T07:53:12 - [TEST_STEP][PASSED] - page1 = <not implemented yet for class: org.codehaus.groovy.ast.expr.EmptyExpression>: null

09-12-2024T07:53:12 - [TEST_STEP][PASSED] - page2 = <not implemented yet for class: org.codehaus.groovy.ast.expr.EmptyExpression>: null

09-12-2024T07:53:12 - [TEST_STEP][PASSED] - filialNumberInRow = <not implemented yet for class: org.codehaus.groovy.ast.expr.EmptyExpression>: null

09-12-2024T07:53:12 - [TEST_STEP][PASSED] - filialsDzoNames = <not implemented yet for class: org.codehaus.groovy.ast.expr.EmptyExpression>: null

09-12-2024T07:53:12 - [TEST_STEP][PASSED] - numberOfFilials = <not implemented yet for class: org.codehaus.groovy.ast.expr.EmptyExpression>: null

09-12-2024T07:53:12 - [TEST_STEP][PASSED] - numberOfSpaces = <not implemented yet for class: org.codehaus.groovy.ast.expr.EmptyExpression>: null

09-12-2024T07:53:12 - [TEST_STEP][PASSED] - file = <not implemented yet for class: org.codehaus.groovy.ast.expr.EmptyExpression>: null

09-12-2024T07:53:12 - [TEST_STEP][PASSED] - otpusk = <not implemented yet for class: org.codehaus.groovy.ast.expr.EmptyExpression>: null

09-12-2024T07:53:12 - [TEST_STEP][PASSED] - poteri = <not implemented yet for class: org.codehaus.groovy.ast.expr.EmptyExpression>: null

09-12-2024T07:53:12 - [TEST_STEP][PASSED] - dataFolder = "Выполнение бизнес-плана/Значения со страницы Выполнение бизнес-плана/": null

09-12-2024T07:53:12 - [TEST_STEP][PASSED] - path = <not implemented yet for class: org.codehaus.groovy.ast.expr.EmptyExpression>: null

09-12-2024T07:53:12 - [TEST_STEP][PASSED] - typeOfDataMain = <not implemented yet for class: org.codehaus.groovy.ast.expr.EmptyExpression>: null

09-12-2024T07:53:12 - [TEST_STEP][PASSED] - fileOtpuskVSet = <not implemented yet for class: org.codehaus.groovy.ast.expr.EmptyExpression>: null

09-12-2024T07:53:12 - [TEST_STEP][PASSED] - pageOtpuskVSet = <not implemented yet for class: org.codehaus.groovy.ast.expr.EmptyExpression>: null

09-12-2024T07:53:12 - [TEST_STEP][PASSED] - filePoteri = <not implemented yet for class: org.codehaus.groovy.ast.expr.EmptyExpression>: null

09-12-2024T07:53:12 - [TEST_STEP][PASSED] - pagePoteri = <not implemented yet for class: org.codehaus.groovy.ast.expr.EmptyExpression>: null

09-12-2024T07:53:12 - [TEST_STEP][PASSED] - compare = <not implemented yet for class: org.codehaus.groovy.ast.expr.EmptyExpression>: null

09-12-2024T07:53:12 - [TEST_STEP][PASSED] - b = <not implemented yet for class: org.codehaus.groovy.ast.expr.EmptyExpression>: null

09-12-2024T07:53:12 - [TEST_STEP][PASSED] - i = <not implemented yet for class: org.codehaus.groovy.ast.expr.EmptyExpression>: null

09-12-2024T07:53:12 - [TEST_STEP][PASSED] - ii = <not implemented yet for class: org.codehaus.groovy.ast.expr.EmptyExpression>: null

09-12-2024T07:53:12 - [TEST_STEP][PASSED] - c = <not implemented yet for class: org.codehaus.groovy.ast.expr.EmptyExpression>: null

09-12-2024T07:53:12 - [TEST_STEP][PASSED] - numberOfErrors = 0: null

09-12-2024T07:53:12 - [TEST_STEP][PASSED] - if (a == 82): null

09-12-2024T07:53:12 - [TEST_STEP][PASSED] - b = findTestData("PlanFact").getValue(1, a): null

09-12-2024T07:53:12 - [TEST_STEP][PASSED] - i = b.indexOf(" (ГК)"): null

09-12-2024T07:53:12 - [TEST_STEP][PASSED] - if (i > -1): null

09-12-2024T07:53:12 - [TEST_STEP][PASSED] - i = b.indexOf("О ""): null

09-12-2024T07:53:12 - [TEST_STEP][PASSED] - if (i > -1): null

09-12-2024T07:53:12 - [TEST_STEP][PASSED] - i = b.indexOf("О «"): null

09-12-2024T07:53:12 - [TEST_STEP][PASSED] - if (i > -1): null

09-12-2024T07:53:12 - [TEST_STEP][PASSED] - b = b.substring(i + 3, b.length()): null

09-12-2024T07:53:12 - [TEST_STEP][PASSED] - i = b.indexOf("»"): null

09-12-2024T07:53:12 - [TEST_STEP][PASSED] - b = b.substring(0, i): null

09-12-2024T07:53:12 - [TEST_STEP][PASSED] - b = b.trim(): null

09-12-2024T07:53:12 - [TEST_STEP][PASSED] - i = b.indexOf("г. "): null

09-12-2024T07:53:12 - [TEST_STEP][PASSED] - if (i > -1): null

09-12-2024T07:53:12 - [TEST_STEP][PASSED] - println(b): null

09-12-2024T07:53:12 - [TEST_STEP][PASSED] - for ([planFact = 1, planFact < 3, (planFact++)]): Object: 'Object Repository/Выполнение бизнес-плана/Кнопка Факт' is clicked on

09-12-2024T07:53:12 - [TEST_STEP][PASSED] - if (planFact == 1): null

09-12-2024T07:53:12 - [TEST_STEP][PASSED] - typeOfDataMain = "Факт": null

09-12-2024T07:53:12 - [TEST_STEP][PASSED] - otpusk = findTestData("PlanFact").getValue(5, a): null

09-12-2024T07:53:12 - [TEST_STEP][PASSED] - poteri = findTestData("PlanFact").getValue(6, a): null

09-12-2024T07:53:12 - [TEST_STEP][PASSED] - otpusk = otpusk.replaceAll("\s+", ""): null

09-12-2024T07:53:12 - [TEST_STEP][PASSED] - poteri = poteri.replaceAll("\s+", ""): null

09-12-2024T07:53:12 - [TEST_STEP][PASSED] - typeOfData = typeOfDataMain + " Отпуск в сеть": null

09-12-2024T07:53:12 - [TEST_STEP][PASSED] - if (a == 82): null

09-12-2024T07:53:12 - [TEST_STEP][PASSED] - else if (a == 84): null

09-12-2024T07:53:12 - [TEST_STEP][PASSED] - else if (a == 52 || a == 72 || a == 28 || a == 73 || a == 77 || a == 74 || a == 65 || a == 36 || a == 44 || a == 53 || a == 80 || a == 54 || a == 1 || a == 18 || a == 59 || a == 81): null

09-12-2024T07:53:12 - [TEST_STEP][PASSED] - else: null

09-12-2024T07:53:12 - [TEST_STEP][PASSED] - path = dataFolder + typeOfData + " за отчётный период " + b: null

09-12-2024T07:53:12 - [TEST_STEP][PASSED] - println(path): null

09-12-2024T07:53:12 - [TEST_STEP][PASSED] - page = getText(findTestObject(path)): Text of object 'Object Repository/Выполнение бизнес-плана/Значения со страницы Выполнение бизнес-плана/Факт Отпуск в сеть за отчётный период Воронежская горэлектросеть' is: '1 647 017'

09-12-2024T07:53:12 - [MESSAGE][PASSED] - Text of object 'Object Repository/Выполнение бизнес-плана/Значения со страницы Выполнение бизнес-плана/Факт Отпуск в сеть за отчётный период Воронежская горэлектросеть' is: '1 647 017'

09-12-2024T07:53:12 - [TEST_STEP][PASSED] - page = page.replaceAll("\s+", ""): null

09-12-2024T07:53:12 - [TEST_STEP][PASSED] - fileOtpuskVSet = otpusk.toInteger(): null

09-12-2024T07:53:12 - [TEST_STEP][PASSED] - pageOtpuskVSet = page.toInteger(): null

09-12-2024T07:53:12 - [TEST_STEP][PASSED] - typeOfData = typeOfDataMain + " Потери": null

09-12-2024T07:53:12 - [TEST_STEP][PASSED] - if (a == 82): null

09-12-2024T07:53:12 - [TEST_STEP][PASSED] - else if (a == 84): null

09-12-2024T07:53:12 - [TEST_STEP][PASSED] - else if (a == 52 || a == 72 || a == 28 || a == 73 || a == 77 || a == 74 || a == 65 || a == 36 || a == 44 || a == 53 || a == 80 || a == 54 || a == 1 || a == 18 || a == 59 || a == 81): null

09-12-2024T07:53:12 - [TEST_STEP][PASSED] - else: null

09-12-2024T07:53:12 - [TEST_STEP][PASSED] - path = dataFolder + typeOfData + " за отчётный период " + b: null

09-12-2024T07:53:12 - [TEST_STEP][PASSED] - page = getText(findTestObject(path)): Text of object 'Object Repository/Выполнение бизнес-плана/Значения со страницы Выполнение бизнес-плана/Факт Потери за отчётный период Воронежская горэлектросеть' is: '208 211'

09-12-2024T07:53:13 - [MESSAGE][PASSED] - Text of object 'Object Repository/Выполнение бизнес-плана/Значения со страницы Выполнение бизнес-плана/Факт Потери за отчётный период Воронежская горэлектросеть' is: '208 211'

09-12-2024T07:53:13 - [TEST_STEP][PASSED] - page = page.replaceAll("\s+", ""): null

09-12-2024T07:53:13 - [TEST_STEP][PASSED] - filePoteri = poteri.toInteger(): null

09-12-2024T07:53:13 - [TEST_STEP][PASSED] - pagePoteri = page.toInteger(): null

09-12-2024T07:53:13 - [TEST_STEP][PASSED] - compare = pageOtpuskVSet: null

09-12-2024T07:53:13 - [TEST_STEP][PASSED] - if (compare == fileOtpuskVSet): null

09-12-2024T07:53:13 - [TEST_STEP][PASSED] - if (compare == fileOtpuskVSet): null

09-12-2024T07:53:13 - [TEST_STEP][PASSED] - compare = pagePoteri: null

09-12-2024T07:53:13 - [TEST_STEP][PASSED] - if (compare == filePoteri): null

09-12-2024T07:53:13 - [TEST_STEP][PASSED] - if (compare == filePoteri): null

09-12-2024T07:53:13 - [TEST_STEP][PASSED] - if (planFact == 2): null

09-12-2024T07:53:13 - [TEST_STEP][PASSED] - if (planFact == 1): null

09-12-2024T07:53:13 - [TEST_STEP][PASSED] - else if (planFact == 2): null

09-12-2024T07:53:13 - [TEST_STEP][PASSED] - click(findTestObject("Выполнение бизнес-плана/Кнопка План")): Object: 'Object Repository/Выполнение бизнес-плана/Кнопка План' is clicked on

09-12-2024T07:53:13 - [MESSAGE][PASSED] - Object: 'Object Repository/Выполнение бизнес-плана/Кнопка План' is clicked on

09-12-2024T07:53:13 - [TEST_STEP][PASSED] - typeOfDataMain = "План": null

09-12-2024T07:53:13 - [TEST_STEP][PASSED] - otpusk = findTestData("PlanFact").getValue(2, a): null

09-12-2024T07:53:13 - [TEST_STEP][PASSED] - poteri = findTestData("PlanFact").getValue(3, a): null

09-12-2024T07:53:13 - [TEST_STEP][PASSED] - otpusk = otpusk.replaceAll("\s+", ""): null

09-12-2024T07:53:13 - [TEST_STEP][PASSED] - poteri = poteri.replaceAll("\s+", ""): null

09-12-2024T07:53:13 - [TEST_STEP][PASSED] - typeOfData = typeOfDataMain + " Отпуск в сеть": null

09-12-2024T07:53:13 - [TEST_STEP][PASSED] - if (a == 82): null

09-12-2024T07:53:13 - [TEST_STEP][PASSED] - else if (a == 84): null

09-12-2024T07:53:13 - [TEST_STEP][PASSED] - else if (a == 52 || a == 72 || a == 28 || a == 73 || a == 77 || a == 74 || a == 65 || a == 36 || a == 44 || a == 53 || a == 80 || a == 54 || a == 1 || a == 18 || a == 59 || a == 81): null

09-12-2024T07:53:13 - [TEST_STEP][PASSED] - else: null

09-12-2024T07:53:13 - [TEST_STEP][PASSED] - path = dataFolder + typeOfData + " за отчётный период " + b: null

09-12-2024T07:53:13 - [TEST_STEP][PASSED] - println(path): null

09-12-2024T07:53:13 - [TEST_STEP][PASSED] - page = getText(findTestObject(path)): Text of object 'Object Repository/Выполнение бизнес-плана/Значения со страницы Выполнение бизнес-плана/План Отпуск в сеть за отчётный период Воронежская горэлектросеть' is: '1 585 218'

09-12-2024T07:53:14 - [MESSAGE][PASSED] - Text of object 'Object Repository/Выполнение бизнес-плана/Значения со страницы Выполнение бизнес-плана/План Отпуск в сеть за отчётный период Воронежская горэлектросеть' is: '1 585 218'

09-12-2024T07:53:14 - [TEST_STEP][PASSED] - page = page.replaceAll("\s+", ""): null

09-12-2024T07:53:14 - [TEST_STEP][PASSED] - fileOtpuskVSet = otpusk.toInteger(): null

09-12-2024T07:53:14 - [TEST_STEP][PASSED] - pageOtpuskVSet = page.toInteger(): null

09-12-2024T07:53:14 - [TEST_STEP][PASSED] - typeOfData = typeOfDataMain + " Потери": null

09-12-2024T07:53:14 - [TEST_STEP][PASSED] - if (a == 82): null

09-12-2024T07:53:14 - [TEST_STEP][PASSED] - else if (a == 84): null

09-12-2024T07:53:14 - [TEST_STEP][PASSED] - else if (a == 52 || a == 72 || a == 28 || a == 73 || a == 77 || a == 74 || a == 65 || a == 36 || a == 44 || a == 53 || a == 80 || a == 54 || a == 1 || a == 18 || a == 59 || a == 81): null

09-12-2024T07:53:14 - [TEST_STEP][PASSED] - else: null

09-12-2024T07:53:14 - [TEST_STEP][PASSED] - path = dataFolder + typeOfData + " за отчётный период " + b: null

09-12-2024T07:53:14 - [TEST_STEP][PASSED] - page = getText(findTestObject(path)): Text of object 'Object Repository/Выполнение бизнес-плана/Значения со страницы Выполнение бизнес-плана/План Потери за отчётный период Воронежская горэлектросеть' is: '204 065'

09-12-2024T07:53:14 - [MESSAGE][PASSED] - Text of object 'Object Repository/Выполнение бизнес-плана/Значения со страницы Выполнение бизнес-плана/План Потери за отчётный период Воронежская горэлектросеть' is: '204 065'

09-12-2024T07:53:14 - [TEST_STEP][PASSED] - page = page.replaceAll("\s+", ""): null

09-12-2024T07:53:14 - [TEST_STEP][PASSED] - filePoteri = poteri.toInteger(): null

09-12-2024T07:53:14 - [TEST_STEP][PASSED] - pagePoteri = page.toInteger(): null

09-12-2024T07:53:14 - [TEST_STEP][PASSED] - compare = pageOtpuskVSet: null

09-12-2024T07:53:14 - [TEST_STEP][PASSED] - if (compare == fileOtpuskVSet): null

09-12-2024T07:53:14 - [TEST_STEP][PASSED] - if (compare == fileOtpuskVSet): null

09-12-2024T07:53:14 - [TEST_STEP][PASSED] - compare = pagePoteri: null

09-12-2024T07:53:14 - [TEST_STEP][PASSED] - if (compare == filePoteri): null

09-12-2024T07:53:14 - [TEST_STEP][PASSED] - if (compare == filePoteri): null

09-12-2024T07:53:14 - [TEST_STEP][PASSED] - if (planFact == 2): Object: 'Object Repository/Выполнение бизнес-плана/Кнопка Факт' is clicked on

09-12-2024T07:53:14 - [TEST_STEP][PASSED] - click(findTestObject("Выполнение бизнес-плана/Кнопка Факт")): Object: 'Object Repository/Выполнение бизнес-плана/Кнопка Факт' is clicked on

09-12-2024T07:53:14 - [MESSAGE][PASSED] - Object: 'Object Repository/Выполнение бизнес-плана/Кнопка Факт' is clicked on

09-12-2024T07:53:14 - [TEST_STEP][PASSED] - if (a == 84 || a == 82): null

09-12-2024T07:53:14 - [TEST_STEP][PASSED] - else if (a == 52 || a == 72 || a == 28 || a == 73 || a == 77 || a == 74 || a == 65 || a == 36 || a == 44 || a == 53 || a == 80 || a == 54 || a == 1 || a == 18 || a == 59 || a == 81): null

09-12-2024T07:53:14 - [TEST_STEP][PASSED] - else: null

09-12-2024T07:53:14 - [TEST_STEP][PASSED] - page1 = getText(findTestObject("Object Repository/Выполнение бизнес-плана/spanPlan" + filialNum)): Text of object 'Object Repository/Выполнение бизнес-плана/spanPlan1' is: '12.87
|'

09-12-2024T07:53:14 - [MESSAGE][PASSED] - Text of object 'Object Repository/Выполнение бизнес-плана/spanPlan1' is: '12.87
|'

09-12-2024T07:53:14 - [TEST_STEP][PASSED] - page1 = page1.replace("|", ""): null

09-12-2024T07:53:14 - [TEST_STEP][PASSED] - page2 = getText(findTestObject("Object Repository/Выполнение бизнес-плана/spanFact" + filialNum)): Text of object 'Object Repository/Выполнение бизнес-плана/spanFact1' is: '12.64
|'

09-12-2024T07:53:15 - [MESSAGE][PASSED] - Text of object 'Object Repository/Выполнение бизнес-плана/spanFact1' is: '12.64
|'

09-12-2024T07:53:15 - [TEST_STEP][PASSED] - page2 = page2.replace("|", ""): null

09-12-2024T07:53:15 - [TEST_STEP][PASSED] - println("page1: " + page1): null

09-12-2024T07:53:15 - [TEST_STEP][PASSED] - println("page2: " + page2): null

09-12-2024T07:53:15 - [TEST_STEP][PASSED] - file = findTestData("PlanFact").getValue(4, a): null

09-12-2024T07:53:15 - [TEST_STEP][PASSED] - file = file.replace(",", "."): null

09-12-2024T07:53:15 - [TEST_STEP][PASSED] - println("file Plan: " + file): null

09-12-2024T07:53:15 - [TEST_STEP][PASSED] - typeOfData = "План в процентах": null

09-12-2024T07:53:15 - [TEST_STEP][PASSED] - fileDouble = file.toDouble(): null

09-12-2024T07:53:15 - [TEST_STEP][PASSED] - pageDouble = page1.toDouble(): null

09-12-2024T07:53:15 - [TEST_STEP][PASSED] - if (fileDouble != pageDouble): null

09-12-2024T07:53:15 - [TEST_STEP][PASSED] - file = findTestData("PlanFact").getValue(7, a): null

09-12-2024T07:53:15 - [TEST_STEP][PASSED] - file = file.replace(",", "."): null

09-12-2024T07:53:15 - [TEST_STEP][PASSED] - println("file Fact: " + file): null

09-12-2024T07:53:15 - [TEST_STEP][PASSED] - fileDouble = file.toDouble(): null

09-12-2024T07:53:15 - [TEST_STEP][PASSED] - typeOfData = "Факт в процентах": null

09-12-2024T07:53:15 - [TEST_STEP][PASSED] - fileDouble = file.toDouble(): null

09-12-2024T07:53:15 - [TEST_STEP][PASSED] - pageDouble = page2.toDouble(): null

09-12-2024T07:53:15 - [TEST_STEP][PASSED] - if (fileDouble != pageDouble): null

09-12-2024T07:53:15 - [TEST_STEP][PASSED] - if (verifyEqual(numberOfErrors, 0) == false): Actual object '0' and expected object '0' are equal

09-12-2024T07:53:15 - [MESSAGE][PASSED] - Actual object '0' and expected object '0' are equal

09-12-2024T07:53:15 - [TEST_STEP][PASSED] - if (a == 82): null

09-12-2024T07:53:15 - [TEST_STEP][PASSED] - dZO = "АО «Тульские городские электрические сети»": null

09-12-2024T07:53:15 - [TEST_STEP][PASSED] - a = 16: null

09-12-2024T07:53:15 - [TEST_STEP][PASSED] - i = dZO.length() - 1: null

09-12-2024T07:53:15 - [TEST_STEP][PASSED] - dzoCut = substring(4, i).replaceAll("\s+", ""): null

09-12-2024T07:53:15 - [TEST_STEP][PASSED] - if (x2.contains(dzoCut)): null

09-12-2024T07:53:15 - [TEST_STEP][PASSED] - filialNum = filialNum + 1: null

09-12-2024T07:53:15 - [TEST_STEP][PASSED] - Script1718980020443.Numbers(a, typeOfData, todaysDate, pageInt, fileInt, pageDouble, fileDouble, dZO, dzoNum, filialNum): null

09-12-2024T07:53:15 - [TEST_STEP][PASSED] - println(dzoNum): null

09-12-2024T07:53:15 - [TEST_STEP][PASSED] - planFact = <not implemented yet for class: org.codehaus.groovy.ast.expr.EmptyExpression>: null

09-12-2024T07:53:15 - [TEST_STEP][PASSED] - page = <not implemented yet for class: org.codehaus.groovy.ast.expr.EmptyExpression>: null

09-12-2024T07:53:15 - [TEST_STEP][PASSED] - page1 = <not implemented yet for class: org.codehaus.groovy.ast.expr.EmptyExpression>: null

09-12-2024T07:53:15 - [TEST_STEP][PASSED] - page2 = <not implemented yet for class: org.codehaus.groovy.ast.expr.EmptyExpression>: null

09-12-2024T07:53:15 - [TEST_STEP][PASSED] - filialNumberInRow = <not implemented yet for class: org.codehaus.groovy.ast.expr.EmptyExpression>: null

09-12-2024T07:53:15 - [TEST_STEP][PASSED] - filialsDzoNames = <not implemented yet for class: org.codehaus.groovy.ast.expr.EmptyExpression>: null

09-12-2024T07:53:15 - [TEST_STEP][PASSED] - numberOfFilials = <not implemented yet for class: org.codehaus.groovy.ast.expr.EmptyExpression>: null

09-12-2024T07:53:15 - [TEST_STEP][PASSED] - numberOfSpaces = <not implemented yet for class: org.codehaus.groovy.ast.expr.EmptyExpression>: null

09-12-2024T07:53:15 - [TEST_STEP][PASSED] - file = <not implemented yet for class: org.codehaus.groovy.ast.expr.EmptyExpression>: null

09-12-2024T07:53:15 - [TEST_STEP][PASSED] - otpusk = <not implemented yet for class: org.codehaus.groovy.ast.expr.EmptyExpression>: null

09-12-2024T07:53:15 - [TEST_STEP][PASSED] - poteri = <not implemented yet for class: org.codehaus.groovy.ast.expr.EmptyExpression>: null

09-12-2024T07:53:15 - [TEST_STEP][PASSED] - dataFolder = "Выполнение бизнес-плана/Значения со страницы Выполнение бизнес-плана/": null

09-12-2024T07:53:15 - [TEST_STEP][PASSED] - path = <not implemented yet for class: org.codehaus.groovy.ast.expr.EmptyExpression>: null

09-12-2024T07:53:15 - [TEST_STEP][PASSED] - typeOfDataMain = <not implemented yet for class: org.codehaus.groovy.ast.expr.EmptyExpression>: null

09-12-2024T07:53:15 - [TEST_STEP][PASSED] - fileOtpuskVSet = <not implemented yet for class: org.codehaus.groovy.ast.expr.EmptyExpression>: null

09-12-2024T07:53:15 - [TEST_STEP][PASSED] - pageOtpuskVSet = <not implemented yet for class: org.codehaus.groovy.ast.expr.EmptyExpression>: null

09-12-2024T07:53:15 - [TEST_STEP][PASSED] - filePoteri = <not implemented yet for class: org.codehaus.groovy.ast.expr.EmptyExpression>: null

09-12-2024T07:53:15 - [TEST_STEP][PASSED] - pagePoteri = <not implemented yet for class: org.codehaus.groovy.ast.expr.EmptyExpression>: null

09-12-2024T07:53:15 - [TEST_STEP][PASSED] - compare = <not implemented yet for class: org.codehaus.groovy.ast.expr.EmptyExpression>: null

09-12-2024T07:53:15 - [TEST_STEP][PASSED] - b = <not implemented yet for class: org.codehaus.groovy.ast.expr.EmptyExpression>: null

09-12-2024T07:53:15 - [TEST_STEP][PASSED] - i = <not implemented yet for class: org.codehaus.groovy.ast.expr.EmptyExpression>: null

09-12-2024T07:53:15 - [TEST_STEP][PASSED] - ii = <not implemented yet for class: org.codehaus.groovy.ast.expr.EmptyExpression>: null

09-12-2024T07:53:15 - [TEST_STEP][PASSED] - c = <not implemented yet for class: org.codehaus.groovy.ast.expr.EmptyExpression>: null

09-12-2024T07:53:15 - [TEST_STEP][PASSED] - numberOfErrors = 0: null

09-12-2024T07:53:15 - [TEST_STEP][PASSED] - if (a == 82): null

09-12-2024T07:53:15 - [TEST_STEP][PASSED] - b = findTestData("PlanFact").getValue(1, a): null

09-12-2024T07:53:15 - [TEST_STEP][PASSED] - i = b.indexOf(" (ГК)"): null

09-12-2024T07:53:15 - [TEST_STEP][PASSED] - if (i > -1): null

09-12-2024T07:53:15 - [TEST_STEP][PASSED] - i = b.indexOf("О ""): null

09-12-2024T07:53:15 - [TEST_STEP][PASSED] - if (i > -1): null

09-12-2024T07:53:15 - [TEST_STEP][PASSED] - i = b.indexOf("О «"): null

09-12-2024T07:53:15 - [TEST_STEP][PASSED] - if (i > -1): null

09-12-2024T07:53:15 - [TEST_STEP][PASSED] - b = b.substring(i + 3, b.length()): null

09-12-2024T07:53:15 - [TEST_STEP][PASSED] - i = b.indexOf("»"): null

09-12-2024T07:53:15 - [TEST_STEP][PASSED] - b = b.substring(0, i): null

09-12-2024T07:53:15 - [TEST_STEP][PASSED] - b = b.trim(): null

09-12-2024T07:53:15 - [TEST_STEP][PASSED] - i = b.indexOf("г. "): null

09-12-2024T07:53:15 - [TEST_STEP][PASSED] - if (i > -1): null

09-12-2024T07:53:15 - [TEST_STEP][PASSED] - println(b): null

09-12-2024T07:53:15 - [TEST_STEP][PASSED] - for ([planFact = 1, planFact < 3, (planFact++)]): Object: 'Object Repository/Выполнение бизнес-плана/Кнопка Факт' is clicked on

09-12-2024T07:53:15 - [TEST_STEP][PASSED] - if (planFact == 1): null

09-12-2024T07:53:15 - [TEST_STEP][PASSED] - typeOfDataMain = "Факт": null

09-12-2024T07:53:15 - [TEST_STEP][PASSED] - otpusk = findTestData("PlanFact").getValue(5, a): null

09-12-2024T07:53:15 - [TEST_STEP][PASSED] - poteri = findTestData("PlanFact").getValue(6, a): null

09-12-2024T07:53:15 - [TEST_STEP][PASSED] - otpusk = otpusk.replaceAll("\s+", ""): null

09-12-2024T07:53:15 - [TEST_STEP][PASSED] - poteri = poteri.replaceAll("\s+", ""): null

09-12-2024T07:53:15 - [TEST_STEP][PASSED] - typeOfData = typeOfDataMain + " Отпуск в сеть": null

09-12-2024T07:53:15 - [TEST_STEP][PASSED] - if (a == 82): null

09-12-2024T07:53:15 - [TEST_STEP][PASSED] - else if (a == 84): null

09-12-2024T07:53:15 - [TEST_STEP][PASSED] - else if (a == 52 || a == 72 || a == 28 || a == 73 || a == 77 || a == 74 || a == 65 || a == 36 || a == 44 || a == 53 || a == 80 || a == 54 || a == 1 || a == 18 || a == 59 || a == 81): null

09-12-2024T07:53:15 - [TEST_STEP][PASSED] - else: null

09-12-2024T07:53:15 - [TEST_STEP][PASSED] - path = dataFolder + typeOfData + " за отчётный период " + b: null

09-12-2024T07:53:15 - [TEST_STEP][PASSED] - println(path): null

09-12-2024T07:53:15 - [TEST_STEP][PASSED] - page = getText(findTestObject(path)): Text of object 'Object Repository/Выполнение бизнес-плана/Значения со страницы Выполнение бизнес-плана/Факт Отпуск в сеть за отчётный период Тульские городские электрические сети' is: '963 200'

09-12-2024T07:53:15 - [MESSAGE][PASSED] - Text of object 'Object Repository/Выполнение бизнес-плана/Значения со страницы Выполнение бизнес-плана/Факт Отпуск в сеть за отчётный период Тульские городские электрические сети' is: '963 200'

09-12-2024T07:53:15 - [TEST_STEP][PASSED] - page = page.replaceAll("\s+", ""): null

09-12-2024T07:53:15 - [TEST_STEP][PASSED] - fileOtpuskVSet = otpusk.toInteger(): null

09-12-2024T07:53:15 - [TEST_STEP][PASSED] - pageOtpuskVSet = page.toInteger(): null

09-12-2024T07:53:15 - [TEST_STEP][PASSED] - typeOfData = typeOfDataMain + " Потери": null

09-12-2024T07:53:15 - [TEST_STEP][PASSED] - if (a == 82): null

09-12-2024T07:53:15 - [TEST_STEP][PASSED] - else if (a == 84): null

09-12-2024T07:53:15 - [TEST_STEP][PASSED] - else if (a == 52 || a == 72 || a == 28 || a == 73 || a == 77 || a == 74 || a == 65 || a == 36 || a == 44 || a == 53 || a == 80 || a == 54 || a == 1 || a == 18 || a == 59 || a == 81): null

09-12-2024T07:53:15 - [TEST_STEP][PASSED] - else: null

09-12-2024T07:53:15 - [TEST_STEP][PASSED] - path = dataFolder + typeOfData + " за отчётный период " + b: null

09-12-2024T07:53:15 - [TEST_STEP][PASSED] - page = getText(findTestObject(path)): Text of object 'Object Repository/Выполнение бизнес-плана/Значения со страницы Выполнение бизнес-плана/Факт Потери за отчётный период Тульские городские электрические сети' is: '96 302'

09-12-2024T07:53:16 - [MESSAGE][PASSED] - Text of object 'Object Repository/Выполнение бизнес-плана/Значения со страницы Выполнение бизнес-плана/Факт Потери за отчётный период Тульские городские электрические сети' is: '96 302'

09-12-2024T07:53:16 - [TEST_STEP][PASSED] - page = page.replaceAll("\s+", ""): null

09-12-2024T07:53:16 - [TEST_STEP][PASSED] - filePoteri = poteri.toInteger(): null

09-12-2024T07:53:16 - [TEST_STEP][PASSED] - pagePoteri = page.toInteger(): null

09-12-2024T07:53:16 - [TEST_STEP][PASSED] - compare = pageOtpuskVSet: null

09-12-2024T07:53:16 - [TEST_STEP][PASSED] - if (compare == fileOtpuskVSet): null

09-12-2024T07:53:16 - [TEST_STEP][PASSED] - if (compare == fileOtpuskVSet): null

09-12-2024T07:53:16 - [TEST_STEP][PASSED] - compare = pagePoteri: null

09-12-2024T07:53:16 - [TEST_STEP][PASSED] - if (compare == filePoteri): null

09-12-2024T07:53:16 - [TEST_STEP][PASSED] - if (compare == filePoteri): null

09-12-2024T07:53:16 - [TEST_STEP][PASSED] - if (planFact == 2): null

09-12-2024T07:53:16 - [TEST_STEP][PASSED] - if (planFact == 1): null

09-12-2024T07:53:16 - [TEST_STEP][PASSED] - else if (planFact == 2): null

09-12-2024T07:53:16 - [TEST_STEP][PASSED] - click(findTestObject("Выполнение бизнес-плана/Кнопка План")): Object: 'Object Repository/Выполнение бизнес-плана/Кнопка План' is clicked on

09-12-2024T07:53:16 - [MESSAGE][PASSED] - Object: 'Object Repository/Выполнение бизнес-плана/Кнопка План' is clicked on

09-12-2024T07:53:16 - [TEST_STEP][PASSED] - typeOfDataMain = "План": null

09-12-2024T07:53:16 - [TEST_STEP][PASSED] - otpusk = findTestData("PlanFact").getValue(2, a): null

09-12-2024T07:53:16 - [TEST_STEP][PASSED] - poteri = findTestData("PlanFact").getValue(3, a): null

09-12-2024T07:53:16 - [TEST_STEP][PASSED] - otpusk = otpusk.replaceAll("\s+", ""): null

09-12-2024T07:53:16 - [TEST_STEP][PASSED] - poteri = poteri.replaceAll("\s+", ""): null

09-12-2024T07:53:16 - [TEST_STEP][PASSED] - typeOfData = typeOfDataMain + " Отпуск в сеть": null

09-12-2024T07:53:16 - [TEST_STEP][PASSED] - if (a == 82): null

09-12-2024T07:53:16 - [TEST_STEP][PASSED] - else if (a == 84): null

09-12-2024T07:53:16 - [TEST_STEP][PASSED] - else if (a == 52 || a == 72 || a == 28 || a == 73 || a == 77 || a == 74 || a == 65 || a == 36 || a == 44 || a == 53 || a == 80 || a == 54 || a == 1 || a == 18 || a == 59 || a == 81): null

09-12-2024T07:53:16 - [TEST_STEP][PASSED] - else: null

09-12-2024T07:53:16 - [TEST_STEP][PASSED] - path = dataFolder + typeOfData + " за отчётный период " + b: null

09-12-2024T07:53:16 - [TEST_STEP][PASSED] - println(path): null

09-12-2024T07:53:16 - [TEST_STEP][PASSED] - page = getText(findTestObject(path)): Text of object 'Object Repository/Выполнение бизнес-плана/Значения со страницы Выполнение бизнес-плана/План Отпуск в сеть за отчётный период Тульские городские электрические сети' is: '940 641'

09-12-2024T07:53:16 - [MESSAGE][PASSED] - Text of object 'Object Repository/Выполнение бизнес-плана/Значения со страницы Выполнение бизнес-плана/План Отпуск в сеть за отчётный период Тульские городские электрические сети' is: '940 641'

09-12-2024T07:53:16 - [TEST_STEP][PASSED] - page = page.replaceAll("\s+", ""): null

09-12-2024T07:53:16 - [TEST_STEP][PASSED] - fileOtpuskVSet = otpusk.toInteger(): null

09-12-2024T07:53:16 - [TEST_STEP][PASSED] - pageOtpuskVSet = page.toInteger(): null

09-12-2024T07:53:16 - [TEST_STEP][PASSED] - typeOfData = typeOfDataMain + " Потери": null

09-12-2024T07:53:16 - [TEST_STEP][PASSED] - if (a == 82): null

09-12-2024T07:53:16 - [TEST_STEP][PASSED] - else if (a == 84): null

09-12-2024T07:53:16 - [TEST_STEP][PASSED] - else if (a == 52 || a == 72 || a == 28 || a == 73 || a == 77 || a == 74 || a == 65 || a == 36 || a == 44 || a == 53 || a == 80 || a == 54 || a == 1 || a == 18 || a == 59 || a == 81): null

09-12-2024T07:53:16 - [TEST_STEP][PASSED] - else: null

09-12-2024T07:53:16 - [TEST_STEP][PASSED] - path = dataFolder + typeOfData + " за отчётный период " + b: null

09-12-2024T07:53:16 - [TEST_STEP][PASSED] - page = getText(findTestObject(path)): Text of object 'Object Repository/Выполнение бизнес-плана/Значения со страницы Выполнение бизнес-плана/План Потери за отчётный период Тульские городские электрические сети' is: '96 684'

09-12-2024T07:53:17 - [MESSAGE][PASSED] - Text of object 'Object Repository/Выполнение бизнес-плана/Значения со страницы Выполнение бизнес-плана/План Потери за отчётный период Тульские городские электрические сети' is: '96 684'

09-12-2024T07:53:17 - [TEST_STEP][PASSED] - page = page.replaceAll("\s+", ""): null

09-12-2024T07:53:17 - [TEST_STEP][PASSED] - filePoteri = poteri.toInteger(): null

09-12-2024T07:53:17 - [TEST_STEP][PASSED] - pagePoteri = page.toInteger(): null

09-12-2024T07:53:17 - [TEST_STEP][PASSED] - compare = pageOtpuskVSet: null

09-12-2024T07:53:17 - [TEST_STEP][PASSED] - if (compare == fileOtpuskVSet): null

09-12-2024T07:53:17 - [TEST_STEP][PASSED] - if (compare == fileOtpuskVSet): null

09-12-2024T07:53:17 - [TEST_STEP][PASSED] - compare = pagePoteri: null

09-12-2024T07:53:17 - [TEST_STEP][PASSED] - if (compare == filePoteri): null

09-12-2024T07:53:17 - [TEST_STEP][PASSED] - if (compare == filePoteri): null

09-12-2024T07:53:17 - [TEST_STEP][PASSED] - if (planFact == 2): Object: 'Object Repository/Выполнение бизнес-плана/Кнопка Факт' is clicked on

09-12-2024T07:53:17 - [TEST_STEP][PASSED] - click(findTestObject("Выполнение бизнес-плана/Кнопка Факт")): Object: 'Object Repository/Выполнение бизнес-плана/Кнопка Факт' is clicked on

09-12-2024T07:53:17 - [MESSAGE][PASSED] - Object: 'Object Repository/Выполнение бизнес-плана/Кнопка Факт' is clicked on

09-12-2024T07:53:17 - [TEST_STEP][PASSED] - if (a == 84 || a == 82): null

09-12-2024T07:53:17 - [TEST_STEP][PASSED] - else if (a == 52 || a == 72 || a == 28 || a == 73 || a == 77 || a == 74 || a == 65 || a == 36 || a == 44 || a == 53 || a == 80 || a == 54 || a == 1 || a == 18 || a == 59 || a == 81): null

09-12-2024T07:53:17 - [TEST_STEP][PASSED] - else: null

09-12-2024T07:53:17 - [TEST_STEP][PASSED] - page1 = getText(findTestObject("Object Repository/Выполнение бизнес-плана/spanPlan" + filialNum)): Text of object 'Object Repository/Выполнение бизнес-плана/spanPlan2' is: '10.28
|'

09-12-2024T07:53:17 - [MESSAGE][PASSED] - Text of object 'Object Repository/Выполнение бизнес-плана/spanPlan2' is: '10.28
|'

09-12-2024T07:53:17 - [TEST_STEP][PASSED] - page1 = page1.replace("|", ""): null

09-12-2024T07:53:17 - [TEST_STEP][PASSED] - page2 = getText(findTestObject("Object Repository/Выполнение бизнес-плана/spanFact" + filialNum)): Text of object 'Object Repository/Выполнение бизнес-плана/spanFact2' is: '10.00
|'

09-12-2024T07:53:18 - [MESSAGE][PASSED] - Text of object 'Object Repository/Выполнение бизнес-плана/spanFact2' is: '10.00
|'

09-12-2024T07:53:18 - [TEST_STEP][PASSED] - page2 = page2.replace("|", ""): null

09-12-2024T07:53:18 - [TEST_STEP][PASSED] - println("page1: " + page1): null

09-12-2024T07:53:18 - [TEST_STEP][PASSED] - println("page2: " + page2): null

09-12-2024T07:53:18 - [TEST_STEP][PASSED] - file = findTestData("PlanFact").getValue(4, a): null

09-12-2024T07:53:18 - [TEST_STEP][PASSED] - file = file.replace(",", "."): null

09-12-2024T07:53:18 - [TEST_STEP][PASSED] - println("file Plan: " + file): null

09-12-2024T07:53:18 - [TEST_STEP][PASSED] - typeOfData = "План в процентах": null

09-12-2024T07:53:18 - [TEST_STEP][PASSED] - fileDouble = file.toDouble(): null

09-12-2024T07:53:18 - [TEST_STEP][PASSED] - pageDouble = page1.toDouble(): null

09-12-2024T07:53:18 - [TEST_STEP][PASSED] - if (fileDouble != pageDouble): null

09-12-2024T07:53:18 - [TEST_STEP][PASSED] - file = findTestData("PlanFact").getValue(7, a): null

09-12-2024T07:53:18 - [TEST_STEP][PASSED] - file = file.replace(",", "."): null

09-12-2024T07:53:18 - [TEST_STEP][PASSED] - println("file Fact: " + file): null

09-12-2024T07:53:18 - [TEST_STEP][PASSED] - fileDouble = file.toDouble(): null

09-12-2024T07:53:18 - [TEST_STEP][PASSED] - typeOfData = "Факт в процентах": null

09-12-2024T07:53:18 - [TEST_STEP][PASSED] - fileDouble = file.toDouble(): null

09-12-2024T07:53:18 - [TEST_STEP][PASSED] - pageDouble = page2.toDouble(): null

09-12-2024T07:53:18 - [TEST_STEP][PASSED] - if (fileDouble != pageDouble): null

09-12-2024T07:53:18 - [TEST_STEP][PASSED] - if (verifyEqual(numberOfErrors, 0) == false): Actual object '0' and expected object '0' are equal

09-12-2024T07:53:18 - [MESSAGE][PASSED] - Actual object '0' and expected object '0' are equal

09-12-2024T07:53:18 - [TEST_STEP][PASSED] - if (a == 82): null

09-12-2024T07:53:18 - [TEST_STEP][PASSED] - dZO = "АО «Ярославская электросетевая компания»": null

09-12-2024T07:53:18 - [TEST_STEP][PASSED] - a = 17: null

09-12-2024T07:53:18 - [TEST_STEP][PASSED] - i = dZO.length() - 1: null

09-12-2024T07:53:18 - [TEST_STEP][PASSED] - dzoCut = substring(4, i).replaceAll("\s+", ""): null

09-12-2024T07:53:18 - [TEST_STEP][PASSED] - if (x2.contains(dzoCut)): null

09-12-2024T07:53:18 - [TEST_STEP][PASSED] - filialNum = filialNum + 1: null

09-12-2024T07:53:18 - [TEST_STEP][PASSED] - Script1718980020443.Numbers(a, typeOfData, todaysDate, pageInt, fileInt, pageDouble, fileDouble, dZO, dzoNum, filialNum): null

09-12-2024T07:53:18 - [TEST_STEP][PASSED] - println(dzoNum): null

09-12-2024T07:53:18 - [TEST_STEP][PASSED] - planFact = <not implemented yet for class: org.codehaus.groovy.ast.expr.EmptyExpression>: null

09-12-2024T07:53:18 - [TEST_STEP][PASSED] - page = <not implemented yet for class: org.codehaus.groovy.ast.expr.EmptyExpression>: null

09-12-2024T07:53:18 - [TEST_STEP][PASSED] - page1 = <not implemented yet for class: org.codehaus.groovy.ast.expr.EmptyExpression>: null

09-12-2024T07:53:18 - [TEST_STEP][PASSED] - page2 = <not implemented yet for class: org.codehaus.groovy.ast.expr.EmptyExpression>: null

09-12-2024T07:53:18 - [TEST_STEP][PASSED] - filialNumberInRow = <not implemented yet for class: org.codehaus.groovy.ast.expr.EmptyExpression>: null

09-12-2024T07:53:18 - [TEST_STEP][PASSED] - filialsDzoNames = <not implemented yet for class: org.codehaus.groovy.ast.expr.EmptyExpression>: null

09-12-2024T07:53:18 - [TEST_STEP][PASSED] - numberOfFilials = <not implemented yet for class: org.codehaus.groovy.ast.expr.EmptyExpression>: null

09-12-2024T07:53:18 - [TEST_STEP][PASSED] - numberOfSpaces = <not implemented yet for class: org.codehaus.groovy.ast.expr.EmptyExpression>: null

09-12-2024T07:53:18 - [TEST_STEP][PASSED] - file = <not implemented yet for class: org.codehaus.groovy.ast.expr.EmptyExpression>: null

09-12-2024T07:53:18 - [TEST_STEP][PASSED] - otpusk = <not implemented yet for class: org.codehaus.groovy.ast.expr.EmptyExpression>: null

09-12-2024T07:53:18 - [TEST_STEP][PASSED] - poteri = <not implemented yet for class: org.codehaus.groovy.ast.expr.EmptyExpression>: null

09-12-2024T07:53:18 - [TEST_STEP][PASSED] - dataFolder = "Выполнение бизнес-плана/Значения со страницы Выполнение бизнес-плана/": null

09-12-2024T07:53:18 - [TEST_STEP][PASSED] - path = <not implemented yet for class: org.codehaus.groovy.ast.expr.EmptyExpression>: null

09-12-2024T07:53:18 - [TEST_STEP][PASSED] - typeOfDataMain = <not implemented yet for class: org.codehaus.groovy.ast.expr.EmptyExpression>: null

09-12-2024T07:53:18 - [TEST_STEP][PASSED] - fileOtpuskVSet = <not implemented yet for class: org.codehaus.groovy.ast.expr.EmptyExpression>: null

09-12-2024T07:53:18 - [TEST_STEP][PASSED] - pageOtpuskVSet = <not implemented yet for class: org.codehaus.groovy.ast.expr.EmptyExpression>: null

09-12-2024T07:53:18 - [TEST_STEP][PASSED] - filePoteri = <not implemented yet for class: org.codehaus.groovy.ast.expr.EmptyExpression>: null

09-12-2024T07:53:18 - [TEST_STEP][PASSED] - pagePoteri = <not implemented yet for class: org.codehaus.groovy.ast.expr.EmptyExpression>: null

09-12-2024T07:53:18 - [TEST_STEP][PASSED] - compare = <not implemented yet for class: org.codehaus.groovy.ast.expr.EmptyExpression>: null

09-12-2024T07:53:18 - [TEST_STEP][PASSED] - b = <not implemented yet for class: org.codehaus.groovy.ast.expr.EmptyExpression>: null

09-12-2024T07:53:18 - [TEST_STEP][PASSED] - i = <not implemented yet for class: org.codehaus.groovy.ast.expr.EmptyExpression>: null

09-12-2024T07:53:18 - [TEST_STEP][PASSED] - ii = <not implemented yet for class: org.codehaus.groovy.ast.expr.EmptyExpression>: null

09-12-2024T07:53:18 - [TEST_STEP][PASSED] - c = <not implemented yet for class: org.codehaus.groovy.ast.expr.EmptyExpression>: null

09-12-2024T07:53:18 - [TEST_STEP][PASSED] - numberOfErrors = 0: null

09-12-2024T07:53:18 - [TEST_STEP][PASSED] - if (a == 82): null

09-12-2024T07:53:18 - [TEST_STEP][PASSED] - b = findTestData("PlanFact").getValue(1, a): null

09-12-2024T07:53:18 - [TEST_STEP][PASSED] - i = b.indexOf(" (ГК)"): null

09-12-2024T07:53:18 - [TEST_STEP][PASSED] - if (i > -1): null

09-12-2024T07:53:18 - [TEST_STEP][PASSED] - i = b.indexOf("О ""): null

09-12-2024T07:53:18 - [TEST_STEP][PASSED] - if (i > -1): null

09-12-2024T07:53:18 - [TEST_STEP][PASSED] - i = b.indexOf("О «"): null

09-12-2024T07:53:18 - [TEST_STEP][PASSED] - if (i > -1): null

09-12-2024T07:53:18 - [TEST_STEP][PASSED] - b = b.substring(i + 3, b.length()): null

09-12-2024T07:53:18 - [TEST_STEP][PASSED] - i = b.indexOf("»"): null

09-12-2024T07:53:18 - [TEST_STEP][PASSED] - b = b.substring(0, i): null

09-12-2024T07:53:18 - [TEST_STEP][PASSED] - b = b.trim(): null

09-12-2024T07:53:18 - [TEST_STEP][PASSED] - i = b.indexOf("г. "): null

09-12-2024T07:53:18 - [TEST_STEP][PASSED] - if (i > -1): null

09-12-2024T07:53:18 - [TEST_STEP][PASSED] - println(b): null

09-12-2024T07:53:18 - [TEST_STEP][PASSED] - for ([planFact = 1, planFact < 3, (planFact++)]): Object: 'Object Repository/Выполнение бизнес-плана/Кнопка Факт' is clicked on

09-12-2024T07:53:18 - [TEST_STEP][PASSED] - if (planFact == 1): null

09-12-2024T07:53:18 - [TEST_STEP][PASSED] - typeOfDataMain = "Факт": null

09-12-2024T07:53:18 - [TEST_STEP][PASSED] - otpusk = findTestData("PlanFact").getValue(5, a): null

09-12-2024T07:53:18 - [TEST_STEP][PASSED] - poteri = findTestData("PlanFact").getValue(6, a): null

09-12-2024T07:53:18 - [TEST_STEP][PASSED] - otpusk = otpusk.replaceAll("\s+", ""): null

09-12-2024T07:53:18 - [TEST_STEP][PASSED] - poteri = poteri.replaceAll("\s+", ""): null

09-12-2024T07:53:18 - [TEST_STEP][PASSED] - typeOfData = typeOfDataMain + " Отпуск в сеть": null

09-12-2024T07:53:18 - [TEST_STEP][PASSED] - if (a == 82): null

09-12-2024T07:53:18 - [TEST_STEP][PASSED] - else if (a == 84): null

09-12-2024T07:53:18 - [TEST_STEP][PASSED] - else if (a == 52 || a == 72 || a == 28 || a == 73 || a == 77 || a == 74 || a == 65 || a == 36 || a == 44 || a == 53 || a == 80 || a == 54 || a == 1 || a == 18 || a == 59 || a == 81): null

09-12-2024T07:53:18 - [TEST_STEP][PASSED] - else: null

09-12-2024T07:53:18 - [TEST_STEP][PASSED] - path = dataFolder + typeOfData + " за отчётный период " + b: null

09-12-2024T07:53:18 - [TEST_STEP][PASSED] - println(path): null

09-12-2024T07:53:18 - [TEST_STEP][PASSED] - page = getText(findTestObject(path)): Text of object 'Object Repository/Выполнение бизнес-плана/Значения со страницы Выполнение бизнес-плана/Факт Отпуск в сеть за отчётный период Ярославская электросетевая компания' is: '211 513'

09-12-2024T07:53:18 - [MESSAGE][PASSED] - Text of object 'Object Repository/Выполнение бизнес-плана/Значения со страницы Выполнение бизнес-плана/Факт Отпуск в сеть за отчётный период Ярославская электросетевая компания' is: '211 513'

09-12-2024T07:53:18 - [TEST_STEP][PASSED] - page = page.replaceAll("\s+", ""): null

09-12-2024T07:53:18 - [TEST_STEP][PASSED] - fileOtpuskVSet = otpusk.toInteger(): null

09-12-2024T07:53:18 - [TEST_STEP][PASSED] - pageOtpuskVSet = page.toInteger(): null

09-12-2024T07:53:18 - [TEST_STEP][PASSED] - typeOfData = typeOfDataMain + " Потери": null

09-12-2024T07:53:18 - [TEST_STEP][PASSED] - if (a == 82): null

09-12-2024T07:53:18 - [TEST_STEP][PASSED] - else if (a == 84): null

09-12-2024T07:53:18 - [TEST_STEP][PASSED] - else if (a == 52 || a == 72 || a == 28 || a == 73 || a == 77 || a == 74 || a == 65 || a == 36 || a == 44 || a == 53 || a == 80 || a == 54 || a == 1 || a == 18 || a == 59 || a == 81): null

09-12-2024T07:53:18 - [TEST_STEP][PASSED] - else: null

09-12-2024T07:53:18 - [TEST_STEP][PASSED] - path = dataFolder + typeOfData + " за отчётный период " + b: null

09-12-2024T07:53:18 - [TEST_STEP][PASSED] - page = getText(findTestObject(path)): Text of object 'Object Repository/Выполнение бизнес-плана/Значения со страницы Выполнение бизнес-плана/Факт Потери за отчётный период Ярославская электросетевая компания' is: '17 954'

09-12-2024T07:53:19 - [MESSAGE][PASSED] - Text of object 'Object Repository/Выполнение бизнес-плана/Значения со страницы Выполнение бизнес-плана/Факт Потери за отчётный период Ярославская электросетевая компания' is: '17 954'

09-12-2024T07:53:19 - [TEST_STEP][PASSED] - page = page.replaceAll("\s+", ""): null

09-12-2024T07:53:19 - [TEST_STEP][PASSED] - filePoteri = poteri.toInteger(): null

09-12-2024T07:53:19 - [TEST_STEP][PASSED] - pagePoteri = page.toInteger(): null

09-12-2024T07:53:19 - [TEST_STEP][PASSED] - compare = pageOtpuskVSet: null

09-12-2024T07:53:19 - [TEST_STEP][PASSED] - if (compare == fileOtpuskVSet): null

09-12-2024T07:53:19 - [TEST_STEP][PASSED] - if (compare == fileOtpuskVSet): null

09-12-2024T07:53:19 - [TEST_STEP][PASSED] - compare = pagePoteri: null

09-12-2024T07:53:19 - [TEST_STEP][PASSED] - if (compare == filePoteri): null

09-12-2024T07:53:19 - [TEST_STEP][PASSED] - if (compare == filePoteri): null

09-12-2024T07:53:19 - [TEST_STEP][PASSED] - if (planFact == 2): null

09-12-2024T07:53:19 - [TEST_STEP][PASSED] - if (planFact == 1): null

09-12-2024T07:53:19 - [TEST_STEP][PASSED] - else if (planFact == 2): null

09-12-2024T07:53:19 - [TEST_STEP][PASSED] - click(findTestObject("Выполнение бизнес-плана/Кнопка План")): Object: 'Object Repository/Выполнение бизнес-плана/Кнопка План' is clicked on

09-12-2024T07:53:19 - [MESSAGE][PASSED] - Object: 'Object Repository/Выполнение бизнес-плана/Кнопка План' is clicked on

09-12-2024T07:53:19 - [TEST_STEP][PASSED] - typeOfDataMain = "План": null

09-12-2024T07:53:19 - [TEST_STEP][PASSED] - otpusk = findTestData("PlanFact").getValue(2, a): null

09-12-2024T07:53:19 - [TEST_STEP][PASSED] - poteri = findTestData("PlanFact").getValue(3, a): null

09-12-2024T07:53:19 - [TEST_STEP][PASSED] - otpusk = otpusk.replaceAll("\s+", ""): null

09-12-2024T07:53:19 - [TEST_STEP][PASSED] - poteri = poteri.replaceAll("\s+", ""): null

09-12-2024T07:53:19 - [TEST_STEP][PASSED] - typeOfData = typeOfDataMain + " Отпуск в сеть": null

09-12-2024T07:53:19 - [TEST_STEP][PASSED] - if (a == 82): null

09-12-2024T07:53:19 - [TEST_STEP][PASSED] - else if (a == 84): null

09-12-2024T07:53:19 - [TEST_STEP][PASSED] - else if (a == 52 || a == 72 || a == 28 || a == 73 || a == 77 || a == 74 || a == 65 || a == 36 || a == 44 || a == 53 || a == 80 || a == 54 || a == 1 || a == 18 || a == 59 || a == 81): null

09-12-2024T07:53:19 - [TEST_STEP][PASSED] - else: null

09-12-2024T07:53:19 - [TEST_STEP][PASSED] - path = dataFolder + typeOfData + " за отчётный период " + b: null

09-12-2024T07:53:19 - [TEST_STEP][PASSED] - println(path): null

09-12-2024T07:53:19 - [TEST_STEP][PASSED] - page = getText(findTestObject(path)): Text of object 'Object Repository/Выполнение бизнес-плана/Значения со страницы Выполнение бизнес-плана/План Отпуск в сеть за отчётный период Ярославская электросетевая компания' is: '207 560'

09-12-2024T07:53:19 - [MESSAGE][PASSED] - Text of object 'Object Repository/Выполнение бизнес-плана/Значения со страницы Выполнение бизнес-плана/План Отпуск в сеть за отчётный период Ярославская электросетевая компания' is: '207 560'

09-12-2024T07:53:19 - [TEST_STEP][PASSED] - page = page.replaceAll("\s+", ""): null

09-12-2024T07:53:19 - [TEST_STEP][PASSED] - fileOtpuskVSet = otpusk.toInteger(): null

09-12-2024T07:53:19 - [TEST_STEP][PASSED] - pageOtpuskVSet = page.toInteger(): null

09-12-2024T07:53:19 - [TEST_STEP][PASSED] - typeOfData = typeOfDataMain + " Потери": null

09-12-2024T07:53:19 - [TEST_STEP][PASSED] - if (a == 82): null

09-12-2024T07:53:19 - [TEST_STEP][PASSED] - else if (a == 84): null

09-12-2024T07:53:19 - [TEST_STEP][PASSED] - else if (a == 52 || a == 72 || a == 28 || a == 73 || a == 77 || a == 74 || a == 65 || a == 36 || a == 44 || a == 53 || a == 80 || a == 54 || a == 1 || a == 18 || a == 59 || a == 81): null

09-12-2024T07:53:19 - [TEST_STEP][PASSED] - else: null

09-12-2024T07:53:19 - [TEST_STEP][PASSED] - path = dataFolder + typeOfData + " за отчётный период " + b: null

09-12-2024T07:53:19 - [TEST_STEP][PASSED] - page = getText(findTestObject(path)): Text of object 'Object Repository/Выполнение бизнес-плана/Значения со страницы Выполнение бизнес-плана/План Потери за отчётный период Ярославская электросетевая компания' is: '21 441'

09-12-2024T07:53:20 - [MESSAGE][PASSED] - Text of object 'Object Repository/Выполнение бизнес-плана/Значения со страницы Выполнение бизнес-плана/План Потери за отчётный период Ярославская электросетевая компания' is: '21 441'

09-12-2024T07:53:20 - [TEST_STEP][PASSED] - page = page.replaceAll("\s+", ""): null

09-12-2024T07:53:20 - [TEST_STEP][PASSED] - filePoteri = poteri.toInteger(): null

09-12-2024T07:53:20 - [TEST_STEP][PASSED] - pagePoteri = page.toInteger(): null

09-12-2024T07:53:20 - [TEST_STEP][PASSED] - compare = pageOtpuskVSet: null

09-12-2024T07:53:20 - [TEST_STEP][PASSED] - if (compare == fileOtpuskVSet): null

09-12-2024T07:53:20 - [TEST_STEP][PASSED] - if (compare == fileOtpuskVSet): null

09-12-2024T07:53:20 - [TEST_STEP][PASSED] - compare = pagePoteri: null

09-12-2024T07:53:20 - [TEST_STEP][PASSED] - if (compare == filePoteri): null

09-12-2024T07:53:20 - [TEST_STEP][PASSED] - if (compare == filePoteri): null

09-12-2024T07:53:20 - [TEST_STEP][PASSED] - if (planFact == 2): Object: 'Object Repository/Выполнение бизнес-плана/Кнопка Факт' is clicked on

09-12-2024T07:53:20 - [TEST_STEP][PASSED] - click(findTestObject("Выполнение бизнес-плана/Кнопка Факт")): Object: 'Object Repository/Выполнение бизнес-плана/Кнопка Факт' is clicked on

09-12-2024T07:53:20 - [MESSAGE][PASSED] - Object: 'Object Repository/Выполнение бизнес-плана/Кнопка Факт' is clicked on

09-12-2024T07:53:20 - [TEST_STEP][PASSED] - if (a == 84 || a == 82): null

09-12-2024T07:53:20 - [TEST_STEP][PASSED] - else if (a == 52 || a == 72 || a == 28 || a == 73 || a == 77 || a == 74 || a == 65 || a == 36 || a == 44 || a == 53 || a == 80 || a == 54 || a == 1 || a == 18 || a == 59 || a == 81): null

09-12-2024T07:53:20 - [TEST_STEP][PASSED] - else: null

09-12-2024T07:53:20 - [TEST_STEP][PASSED] - page1 = getText(findTestObject("Object Repository/Выполнение бизнес-плана/spanPlan" + filialNum)): Text of object 'Object Repository/Выполнение бизнес-плана/spanPlan3' is: '10.33
|'

09-12-2024T07:53:20 - [MESSAGE][PASSED] - Text of object 'Object Repository/Выполнение бизнес-плана/spanPlan3' is: '10.33
|'

09-12-2024T07:53:20 - [TEST_STEP][PASSED] - page1 = page1.replace("|", ""): null

09-12-2024T07:53:20 - [TEST_STEP][PASSED] - page2 = getText(findTestObject("Object Repository/Выполнение бизнес-плана/spanFact" + filialNum)): Text of object 'Object Repository/Выполнение бизнес-плана/spanFact3' is: '8.49
|'

09-12-2024T07:53:21 - [MESSAGE][PASSED] - Text of object 'Object Repository/Выполнение бизнес-плана/spanFact3' is: '8.49
|'

09-12-2024T07:53:21 - [TEST_STEP][PASSED] - page2 = page2.replace("|", ""): null

09-12-2024T07:53:21 - [TEST_STEP][PASSED] - println("page1: " + page1): null

09-12-2024T07:53:21 - [TEST_STEP][PASSED] - println("page2: " + page2): null

09-12-2024T07:53:21 - [TEST_STEP][PASSED] - file = findTestData("PlanFact").getValue(4, a): null

09-12-2024T07:53:21 - [TEST_STEP][PASSED] - file = file.replace(",", "."): null

09-12-2024T07:53:21 - [TEST_STEP][PASSED] - println("file Plan: " + file): null

09-12-2024T07:53:21 - [TEST_STEP][PASSED] - typeOfData = "План в процентах": null

09-12-2024T07:53:21 - [TEST_STEP][PASSED] - fileDouble = file.toDouble(): null

09-12-2024T07:53:21 - [TEST_STEP][PASSED] - pageDouble = page1.toDouble(): null

09-12-2024T07:53:21 - [TEST_STEP][PASSED] - if (fileDouble != pageDouble): null

09-12-2024T07:53:21 - [TEST_STEP][PASSED] - file = findTestData("PlanFact").getValue(7, a): null

09-12-2024T07:53:21 - [TEST_STEP][PASSED] - file = file.replace(",", "."): null

09-12-2024T07:53:21 - [TEST_STEP][PASSED] - println("file Fact: " + file): null

09-12-2024T07:53:21 - [TEST_STEP][PASSED] - fileDouble = file.toDouble(): null

09-12-2024T07:53:21 - [TEST_STEP][PASSED] - typeOfData = "Факт в процентах": null

09-12-2024T07:53:21 - [TEST_STEP][PASSED] - fileDouble = file.toDouble(): null

09-12-2024T07:53:21 - [TEST_STEP][PASSED] - pageDouble = page2.toDouble(): null

09-12-2024T07:53:21 - [TEST_STEP][PASSED] - if (fileDouble != pageDouble): null

09-12-2024T07:53:21 - [TEST_STEP][PASSED] - if (verifyEqual(numberOfErrors, 0) == false): Actual object '0' and expected object '0' are equal

09-12-2024T07:53:21 - [MESSAGE][PASSED] - Actual object '0' and expected object '0' are equal

09-12-2024T07:53:21 - [TEST_STEP][PASSED] - if (a == 82): null

09-12-2024T07:53:21 - [TEST_STEP][PASSED] - dZO = "Белгородэнерго": null

09-12-2024T07:53:21 - [TEST_STEP][PASSED] - a = 2: null

09-12-2024T07:53:21 - [TEST_STEP][PASSED] - if (x2.contains(dZO)): null

09-12-2024T07:53:21 - [TEST_STEP][PASSED] - filialNum = filialNum + 1: null

09-12-2024T07:53:21 - [TEST_STEP][PASSED] - Script1718980020443.Numbers(a, typeOfData, todaysDate, pageInt, fileInt, pageDouble, fileDouble, dZO, dzoNum, filialNum): null

09-12-2024T07:53:21 - [TEST_STEP][PASSED] - println(dzoNum): null

09-12-2024T07:53:21 - [TEST_STEP][PASSED] - planFact = <not implemented yet for class: org.codehaus.groovy.ast.expr.EmptyExpression>: null

09-12-2024T07:53:21 - [TEST_STEP][PASSED] - page = <not implemented yet for class: org.codehaus.groovy.ast.expr.EmptyExpression>: null

09-12-2024T07:53:21 - [TEST_STEP][PASSED] - page1 = <not implemented yet for class: org.codehaus.groovy.ast.expr.EmptyExpression>: null

09-12-2024T07:53:21 - [TEST_STEP][PASSED] - page2 = <not implemented yet for class: org.codehaus.groovy.ast.expr.EmptyExpression>: null

09-12-2024T07:53:21 - [TEST_STEP][PASSED] - filialNumberInRow = <not implemented yet for class: org.codehaus.groovy.ast.expr.EmptyExpression>: null

09-12-2024T07:53:21 - [TEST_STEP][PASSED] - filialsDzoNames = <not implemented yet for class: org.codehaus.groovy.ast.expr.EmptyExpression>: null

09-12-2024T07:53:21 - [TEST_STEP][PASSED] - numberOfFilials = <not implemented yet for class: org.codehaus.groovy.ast.expr.EmptyExpression>: null

09-12-2024T07:53:21 - [TEST_STEP][PASSED] - numberOfSpaces = <not implemented yet for class: org.codehaus.groovy.ast.expr.EmptyExpression>: null

09-12-2024T07:53:21 - [TEST_STEP][PASSED] - file = <not implemented yet for class: org.codehaus.groovy.ast.expr.EmptyExpression>: null

09-12-2024T07:53:21 - [TEST_STEP][PASSED] - otpusk = <not implemented yet for class: org.codehaus.groovy.ast.expr.EmptyExpression>: null

09-12-2024T07:53:21 - [TEST_STEP][PASSED] - poteri = <not implemented yet for class: org.codehaus.groovy.ast.expr.EmptyExpression>: null

09-12-2024T07:53:21 - [TEST_STEP][PASSED] - dataFolder = "Выполнение бизнес-плана/Значения со страницы Выполнение бизнес-плана/": null

09-12-2024T07:53:21 - [TEST_STEP][PASSED] - path = <not implemented yet for class: org.codehaus.groovy.ast.expr.EmptyExpression>: null

09-12-2024T07:53:21 - [TEST_STEP][PASSED] - typeOfDataMain = <not implemented yet for class: org.codehaus.groovy.ast.expr.EmptyExpression>: null

09-12-2024T07:53:21 - [TEST_STEP][PASSED] - fileOtpuskVSet = <not implemented yet for class: org.codehaus.groovy.ast.expr.EmptyExpression>: null

09-12-2024T07:53:21 - [TEST_STEP][PASSED] - pageOtpuskVSet = <not implemented yet for class: org.codehaus.groovy.ast.expr.EmptyExpression>: null

09-12-2024T07:53:21 - [TEST_STEP][PASSED] - filePoteri = <not implemented yet for class: org.codehaus.groovy.ast.expr.EmptyExpression>: null

09-12-2024T07:53:21 - [TEST_STEP][PASSED] - pagePoteri = <not implemented yet for class: org.codehaus.groovy.ast.expr.EmptyExpression>: null

09-12-2024T07:53:21 - [TEST_STEP][PASSED] - compare = <not implemented yet for class: org.codehaus.groovy.ast.expr.EmptyExpression>: null

09-12-2024T07:53:21 - [TEST_STEP][PASSED] - b = <not implemented yet for class: org.codehaus.groovy.ast.expr.EmptyExpression>: null

09-12-2024T07:53:21 - [TEST_STEP][PASSED] - i = <not implemented yet for class: org.codehaus.groovy.ast.expr.EmptyExpression>: null

09-12-2024T07:53:21 - [TEST_STEP][PASSED] - ii = <not implemented yet for class: org.codehaus.groovy.ast.expr.EmptyExpression>: null

09-12-2024T07:53:21 - [TEST_STEP][PASSED] - c = <not implemented yet for class: org.codehaus.groovy.ast.expr.EmptyExpression>: null

09-12-2024T07:53:21 - [TEST_STEP][PASSED] - numberOfErrors = 0: null

09-12-2024T07:53:21 - [TEST_STEP][PASSED] - if (a == 82): null

09-12-2024T07:53:21 - [TEST_STEP][PASSED] - b = findTestData("PlanFact").getValue(1, a): null

09-12-2024T07:53:21 - [TEST_STEP][PASSED] - i = b.indexOf(" (ГК)"): null

09-12-2024T07:53:21 - [TEST_STEP][PASSED] - if (i > -1): null

09-12-2024T07:53:21 - [TEST_STEP][PASSED] - i = b.indexOf("О ""): null

09-12-2024T07:53:21 - [TEST_STEP][PASSED] - if (i > -1): null

09-12-2024T07:53:21 - [TEST_STEP][PASSED] - i = b.indexOf("О «"): null

09-12-2024T07:53:21 - [TEST_STEP][PASSED] - if (i > -1): null

09-12-2024T07:53:21 - [TEST_STEP][PASSED] - i = b.indexOf("г. "): null

09-12-2024T07:53:21 - [TEST_STEP][PASSED] - if (i > -1): null

09-12-2024T07:53:21 - [TEST_STEP][PASSED] - println(b): null

09-12-2024T07:53:21 - [TEST_STEP][PASSED] - for ([planFact = 1, planFact < 3, (planFact++)]): Object: 'Object Repository/Выполнение бизнес-плана/Кнопка Факт' is clicked on

09-12-2024T07:53:21 - [TEST_STEP][PASSED] - if (planFact == 1): null

09-12-2024T07:53:21 - [TEST_STEP][PASSED] - typeOfDataMain = "Факт": null

09-12-2024T07:53:21 - [TEST_STEP][PASSED] - otpusk = findTestData("PlanFact").getValue(5, a): null

09-12-2024T07:53:21 - [TEST_STEP][PASSED] - poteri = findTestData("PlanFact").getValue(6, a): null

09-12-2024T07:53:21 - [TEST_STEP][PASSED] - otpusk = otpusk.replaceAll("\s+", ""): null

09-12-2024T07:53:21 - [TEST_STEP][PASSED] - poteri = poteri.replaceAll("\s+", ""): null

09-12-2024T07:53:21 - [TEST_STEP][PASSED] - typeOfData = typeOfDataMain + " Отпуск в сеть": null

09-12-2024T07:53:21 - [TEST_STEP][PASSED] - if (a == 82): null

09-12-2024T07:53:21 - [TEST_STEP][PASSED] - else if (a == 84): null

09-12-2024T07:53:21 - [TEST_STEP][PASSED] - else if (a == 52 || a == 72 || a == 28 || a == 73 || a == 77 || a == 74 || a == 65 || a == 36 || a == 44 || a == 53 || a == 80 || a == 54 || a == 1 || a == 18 || a == 59 || a == 81): null

09-12-2024T07:53:21 - [TEST_STEP][PASSED] - else: null

09-12-2024T07:53:21 - [TEST_STEP][PASSED] - path = dataFolder + typeOfData + " за отчётный период " + b: null

09-12-2024T07:53:21 - [TEST_STEP][PASSED] - println(path): null

09-12-2024T07:53:21 - [TEST_STEP][PASSED] - page = getText(findTestObject(path)): Text of object 'Object Repository/Выполнение бизнес-плана/Значения со страницы Выполнение бизнес-плана/Факт Отпуск в сеть за отчётный период Белгородэнерго' is: '5 737 057'

09-12-2024T07:53:21 - [MESSAGE][PASSED] - Text of object 'Object Repository/Выполнение бизнес-плана/Значения со страницы Выполнение бизнес-плана/Факт Отпуск в сеть за отчётный период Белгородэнерго' is: '5 737 057'

09-12-2024T07:53:21 - [TEST_STEP][PASSED] - page = page.replaceAll("\s+", ""): null

09-12-2024T07:53:21 - [TEST_STEP][PASSED] - fileOtpuskVSet = otpusk.toInteger(): null

09-12-2024T07:53:21 - [TEST_STEP][PASSED] - pageOtpuskVSet = page.toInteger(): null

09-12-2024T07:53:21 - [TEST_STEP][PASSED] - typeOfData = typeOfDataMain + " Потери": null

09-12-2024T07:53:21 - [TEST_STEP][PASSED] - if (a == 82): null

09-12-2024T07:53:21 - [TEST_STEP][PASSED] - else if (a == 84): null

09-12-2024T07:53:21 - [TEST_STEP][PASSED] - else if (a == 52 || a == 72 || a == 28 || a == 73 || a == 77 || a == 74 || a == 65 || a == 36 || a == 44 || a == 53 || a == 80 || a == 54 || a == 1 || a == 18 || a == 59 || a == 81): null

09-12-2024T07:53:21 - [TEST_STEP][PASSED] - else: null

09-12-2024T07:53:21 - [TEST_STEP][PASSED] - path = dataFolder + typeOfData + " за отчётный период " + b: null

09-12-2024T07:53:21 - [TEST_STEP][PASSED] - page = getText(findTestObject(path)): Text of object 'Object Repository/Выполнение бизнес-плана/Значения со страницы Выполнение бизнес-плана/Факт Потери за отчётный период Белгородэнерго' is: '545 616'

09-12-2024T07:53:22 - [MESSAGE][PASSED] - Text of object 'Object Repository/Выполнение бизнес-плана/Значения со страницы Выполнение бизнес-плана/Факт Потери за отчётный период Белгородэнерго' is: '545 616'

09-12-2024T07:53:22 - [TEST_STEP][PASSED] - page = page.replaceAll("\s+", ""): null

09-12-2024T07:53:22 - [TEST_STEP][PASSED] - filePoteri = poteri.toInteger(): null

09-12-2024T07:53:22 - [TEST_STEP][PASSED] - pagePoteri = page.toInteger(): null

09-12-2024T07:53:22 - [TEST_STEP][PASSED] - compare = pageOtpuskVSet: null

09-12-2024T07:53:22 - [TEST_STEP][PASSED] - if (compare == fileOtpuskVSet): null

09-12-2024T07:53:22 - [TEST_STEP][PASSED] - if (compare == fileOtpuskVSet): null

09-12-2024T07:53:22 - [TEST_STEP][PASSED] - compare = pagePoteri: null

09-12-2024T07:53:22 - [TEST_STEP][PASSED] - if (compare == filePoteri): null

09-12-2024T07:53:22 - [TEST_STEP][PASSED] - if (compare == filePoteri): null

09-12-2024T07:53:22 - [TEST_STEP][PASSED] - if (planFact == 2): null

09-12-2024T07:53:22 - [TEST_STEP][PASSED] - if (planFact == 1): null

09-12-2024T07:53:22 - [TEST_STEP][PASSED] - else if (planFact == 2): null

09-12-2024T07:53:22 - [TEST_STEP][PASSED] - click(findTestObject("Выполнение бизнес-плана/Кнопка План")): Object: 'Object Repository/Выполнение бизнес-плана/Кнопка План' is clicked on

09-12-2024T07:53:22 - [MESSAGE][PASSED] - Object: 'Object Repository/Выполнение бизнес-плана/Кнопка План' is clicked on

09-12-2024T07:53:22 - [TEST_STEP][PASSED] - typeOfDataMain = "План": null

09-12-2024T07:53:22 - [TEST_STEP][PASSED] - otpusk = findTestData("PlanFact").getValue(2, a): null

09-12-2024T07:53:22 - [TEST_STEP][PASSED] - poteri = findTestData("PlanFact").getValue(3, a): null

09-12-2024T07:53:22 - [TEST_STEP][PASSED] - otpusk = otpusk.replaceAll("\s+", ""): null

09-12-2024T07:53:22 - [TEST_STEP][PASSED] - poteri = poteri.replaceAll("\s+", ""): null

09-12-2024T07:53:22 - [TEST_STEP][PASSED] - typeOfData = typeOfDataMain + " Отпуск в сеть": null

09-12-2024T07:53:22 - [TEST_STEP][PASSED] - if (a == 82): null

09-12-2024T07:53:22 - [TEST_STEP][PASSED] - else if (a == 84): null

09-12-2024T07:53:22 - [TEST_STEP][PASSED] - else if (a == 52 || a == 72 || a == 28 || a == 73 || a == 77 || a == 74 || a == 65 || a == 36 || a == 44 || a == 53 || a == 80 || a == 54 || a == 1 || a == 18 || a == 59 || a == 81): null

09-12-2024T07:53:22 - [TEST_STEP][PASSED] - else: null

09-12-2024T07:53:22 - [TEST_STEP][PASSED] - path = dataFolder + typeOfData + " за отчётный период " + b: null

09-12-2024T07:53:22 - [TEST_STEP][PASSED] - println(path): null

09-12-2024T07:53:22 - [TEST_STEP][PASSED] - page = getText(findTestObject(path)): Text of object 'Object Repository/Выполнение бизнес-плана/Значения со страницы Выполнение бизнес-плана/План Отпуск в сеть за отчётный период Белгородэнерго' is: '5 606 367'

09-12-2024T07:53:22 - [MESSAGE][PASSED] - Text of object 'Object Repository/Выполнение бизнес-плана/Значения со страницы Выполнение бизнес-плана/План Отпуск в сеть за отчётный период Белгородэнерго' is: '5 606 367'

09-12-2024T07:53:22 - [TEST_STEP][PASSED] - page = page.replaceAll("\s+", ""): null

09-12-2024T07:53:22 - [TEST_STEP][PASSED] - fileOtpuskVSet = otpusk.toInteger(): null

09-12-2024T07:53:22 - [TEST_STEP][PASSED] - pageOtpuskVSet = page.toInteger(): null

09-12-2024T07:53:22 - [TEST_STEP][PASSED] - typeOfData = typeOfDataMain + " Потери": null

09-12-2024T07:53:22 - [TEST_STEP][PASSED] - if (a == 82): null

09-12-2024T07:53:22 - [TEST_STEP][PASSED] - else if (a == 84): null

09-12-2024T07:53:22 - [TEST_STEP][PASSED] - else if (a == 52 || a == 72 || a == 28 || a == 73 || a == 77 || a == 74 || a == 65 || a == 36 || a == 44 || a == 53 || a == 80 || a == 54 || a == 1 || a == 18 || a == 59 || a == 81): null

09-12-2024T07:53:22 - [TEST_STEP][PASSED] - else: null

09-12-2024T07:53:22 - [TEST_STEP][PASSED] - path = dataFolder + typeOfData + " за отчётный период " + b: null

09-12-2024T07:53:22 - [TEST_STEP][PASSED] - page = getText(findTestObject(path)): Text of object 'Object Repository/Выполнение бизнес-плана/Значения со страницы Выполнение бизнес-плана/План Потери за отчётный период Белгородэнерго' is: '550 306'

09-12-2024T07:53:23 - [MESSAGE][PASSED] - Text of object 'Object Repository/Выполнение бизнес-плана/Значения со страницы Выполнение бизнес-плана/План Потери за отчётный период Белгородэнерго' is: '550 306'

09-12-2024T07:53:23 - [TEST_STEP][PASSED] - page = page.replaceAll("\s+", ""): null

09-12-2024T07:53:23 - [TEST_STEP][PASSED] - filePoteri = poteri.toInteger(): null

09-12-2024T07:53:23 - [TEST_STEP][PASSED] - pagePoteri = page.toInteger(): null

09-12-2024T07:53:23 - [TEST_STEP][PASSED] - compare = pageOtpuskVSet: null

09-12-2024T07:53:23 - [TEST_STEP][PASSED] - if (compare == fileOtpuskVSet): null

09-12-2024T07:53:23 - [TEST_STEP][PASSED] - if (compare == fileOtpuskVSet): null

09-12-2024T07:53:23 - [TEST_STEP][PASSED] - compare = pagePoteri: null

09-12-2024T07:53:23 - [TEST_STEP][PASSED] - if (compare == filePoteri): null

09-12-2024T07:53:23 - [TEST_STEP][PASSED] - if (compare == filePoteri): null

09-12-2024T07:53:23 - [TEST_STEP][PASSED] - if (planFact == 2): Object: 'Object Repository/Выполнение бизнес-плана/Кнопка Факт' is clicked on

09-12-2024T07:53:23 - [TEST_STEP][PASSED] - click(findTestObject("Выполнение бизнес-плана/Кнопка Факт")): Object: 'Object Repository/Выполнение бизнес-плана/Кнопка Факт' is clicked on

09-12-2024T07:53:23 - [MESSAGE][PASSED] - Object: 'Object Repository/Выполнение бизнес-плана/Кнопка Факт' is clicked on

09-12-2024T07:53:23 - [TEST_STEP][PASSED] - if (a == 84 || a == 82): null

09-12-2024T07:53:23 - [TEST_STEP][PASSED] - else if (a == 52 || a == 72 || a == 28 || a == 73 || a == 77 || a == 74 || a == 65 || a == 36 || a == 44 || a == 53 || a == 80 || a == 54 || a == 1 || a == 18 || a == 59 || a == 81): null

09-12-2024T07:53:23 - [TEST_STEP][PASSED] - else: null

09-12-2024T07:53:23 - [TEST_STEP][PASSED] - page1 = getText(findTestObject("Object Repository/Выполнение бизнес-плана/spanPlan" + filialNum)): Text of object 'Object Repository/Выполнение бизнес-плана/spanPlan4' is: '9.82
|'

09-12-2024T07:53:23 - [MESSAGE][PASSED] - Text of object 'Object Repository/Выполнение бизнес-плана/spanPlan4' is: '9.82
|'

09-12-2024T07:53:23 - [TEST_STEP][PASSED] - page1 = page1.replace("|", ""): null

09-12-2024T07:53:23 - [TEST_STEP][PASSED] - page2 = getText(findTestObject("Object Repository/Выполнение бизнес-плана/spanFact" + filialNum)): Text of object 'Object Repository/Выполнение бизнес-плана/spanFact4' is: '9.51
|'

09-12-2024T07:53:24 - [MESSAGE][PASSED] - Text of object 'Object Repository/Выполнение бизнес-плана/spanFact4' is: '9.51
|'

09-12-2024T07:53:24 - [TEST_STEP][PASSED] - page2 = page2.replace("|", ""): null

09-12-2024T07:53:24 - [TEST_STEP][PASSED] - println("page1: " + page1): null

09-12-2024T07:53:24 - [TEST_STEP][PASSED] - println("page2: " + page2): null

09-12-2024T07:53:24 - [TEST_STEP][PASSED] - file = findTestData("PlanFact").getValue(4, a): null

09-12-2024T07:53:24 - [TEST_STEP][PASSED] - file = file.replace(",", "."): null

09-12-2024T07:53:24 - [TEST_STEP][PASSED] - println("file Plan: " + file): null

09-12-2024T07:53:24 - [TEST_STEP][PASSED] - typeOfData = "План в процентах": null

09-12-2024T07:53:24 - [TEST_STEP][PASSED] - fileDouble = file.toDouble(): null

09-12-2024T07:53:24 - [TEST_STEP][PASSED] - pageDouble = page1.toDouble(): null

09-12-2024T07:53:24 - [TEST_STEP][PASSED] - if (fileDouble != pageDouble): null

09-12-2024T07:53:24 - [TEST_STEP][PASSED] - file = findTestData("PlanFact").getValue(7, a): null

09-12-2024T07:53:24 - [TEST_STEP][PASSED] - file = file.replace(",", "."): null

09-12-2024T07:53:24 - [TEST_STEP][PASSED] - println("file Fact: " + file): null

09-12-2024T07:53:24 - [TEST_STEP][PASSED] - fileDouble = file.toDouble(): null

09-12-2024T07:53:24 - [TEST_STEP][PASSED] - typeOfData = "Факт в процентах": null

09-12-2024T07:53:24 - [TEST_STEP][PASSED] - fileDouble = file.toDouble(): null

09-12-2024T07:53:24 - [TEST_STEP][PASSED] - pageDouble = page2.toDouble(): null

09-12-2024T07:53:24 - [TEST_STEP][PASSED] - if (fileDouble != pageDouble): null

09-12-2024T07:53:24 - [TEST_STEP][PASSED] - if (verifyEqual(numberOfErrors, 0) == false): Actual object '0' and expected object '0' are equal

09-12-2024T07:53:24 - [MESSAGE][PASSED] - Actual object '0' and expected object '0' are equal

09-12-2024T07:53:24 - [TEST_STEP][PASSED] - if (a == 82): null

09-12-2024T07:53:24 - [TEST_STEP][PASSED] - dZO = "Брянскэнерго": null

09-12-2024T07:53:24 - [TEST_STEP][PASSED] - a = 3: null

09-12-2024T07:53:24 - [TEST_STEP][PASSED] - if (x2.contains(dZO)): null

09-12-2024T07:53:24 - [TEST_STEP][PASSED] - filialNum = filialNum + 1: null

09-12-2024T07:53:24 - [TEST_STEP][PASSED] - Script1718980020443.Numbers(a, typeOfData, todaysDate, pageInt, fileInt, pageDouble, fileDouble, dZO, dzoNum, filialNum): null

09-12-2024T07:53:24 - [TEST_STEP][PASSED] - println(dzoNum): null

09-12-2024T07:53:24 - [TEST_STEP][PASSED] - planFact = <not implemented yet for class: org.codehaus.groovy.ast.expr.EmptyExpression>: null

09-12-2024T07:53:24 - [TEST_STEP][PASSED] - page = <not implemented yet for class: org.codehaus.groovy.ast.expr.EmptyExpression>: null

09-12-2024T07:53:24 - [TEST_STEP][PASSED] - page1 = <not implemented yet for class: org.codehaus.groovy.ast.expr.EmptyExpression>: null

09-12-2024T07:53:24 - [TEST_STEP][PASSED] - page2 = <not implemented yet for class: org.codehaus.groovy.ast.expr.EmptyExpression>: null

09-12-2024T07:53:24 - [TEST_STEP][PASSED] - filialNumberInRow = <not implemented yet for class: org.codehaus.groovy.ast.expr.EmptyExpression>: null

09-12-2024T07:53:24 - [TEST_STEP][PASSED] - filialsDzoNames = <not implemented yet for class: org.codehaus.groovy.ast.expr.EmptyExpression>: null

09-12-2024T07:53:24 - [TEST_STEP][PASSED] - numberOfFilials = <not implemented yet for class: org.codehaus.groovy.ast.expr.EmptyExpression>: null

09-12-2024T07:53:24 - [TEST_STEP][PASSED] - numberOfSpaces = <not implemented yet for class: org.codehaus.groovy.ast.expr.EmptyExpression>: null

09-12-2024T07:53:24 - [TEST_STEP][PASSED] - file = <not implemented yet for class: org.codehaus.groovy.ast.expr.EmptyExpression>: null

09-12-2024T07:53:24 - [TEST_STEP][PASSED] - otpusk = <not implemented yet for class: org.codehaus.groovy.ast.expr.EmptyExpression>: null

09-12-2024T07:53:24 - [TEST_STEP][PASSED] - poteri = <not implemented yet for class: org.codehaus.groovy.ast.expr.EmptyExpression>: null

09-12-2024T07:53:24 - [TEST_STEP][PASSED] - dataFolder = "Выполнение бизнес-плана/Значения со страницы Выполнение бизнес-плана/": null

09-12-2024T07:53:24 - [TEST_STEP][PASSED] - path = <not implemented yet for class: org.codehaus.groovy.ast.expr.EmptyExpression>: null

09-12-2024T07:53:24 - [TEST_STEP][PASSED] - typeOfDataMain = <not implemented yet for class: org.codehaus.groovy.ast.expr.EmptyExpression>: null

09-12-2024T07:53:24 - [TEST_STEP][PASSED] - fileOtpuskVSet = <not implemented yet for class: org.codehaus.groovy.ast.expr.EmptyExpression>: null

09-12-2024T07:53:24 - [TEST_STEP][PASSED] - pageOtpuskVSet = <not implemented yet for class: org.codehaus.groovy.ast.expr.EmptyExpression>: null

09-12-2024T07:53:24 - [TEST_STEP][PASSED] - filePoteri = <not implemented yet for class: org.codehaus.groovy.ast.expr.EmptyExpression>: null

09-12-2024T07:53:24 - [TEST_STEP][PASSED] - pagePoteri = <not implemented yet for class: org.codehaus.groovy.ast.expr.EmptyExpression>: null

09-12-2024T07:53:24 - [TEST_STEP][PASSED] - compare = <not implemented yet for class: org.codehaus.groovy.ast.expr.EmptyExpression>: null

09-12-2024T07:53:24 - [TEST_STEP][PASSED] - b = <not implemented yet for class: org.codehaus.groovy.ast.expr.EmptyExpression>: null

09-12-2024T07:53:24 - [TEST_STEP][PASSED] - i = <not implemented yet for class: org.codehaus.groovy.ast.expr.EmptyExpression>: null

09-12-2024T07:53:24 - [TEST_STEP][PASSED] - ii = <not implemented yet for class: org.codehaus.groovy.ast.expr.EmptyExpression>: null

09-12-2024T07:53:24 - [TEST_STEP][PASSED] - c = <not implemented yet for class: org.codehaus.groovy.ast.expr.EmptyExpression>: null

09-12-2024T07:53:24 - [TEST_STEP][PASSED] - numberOfErrors = 0: null

09-12-2024T07:53:24 - [TEST_STEP][PASSED] - if (a == 82): null

09-12-2024T07:53:24 - [TEST_STEP][PASSED] - b = findTestData("PlanFact").getValue(1, a): null

09-12-2024T07:53:24 - [TEST_STEP][PASSED] - i = b.indexOf(" (ГК)"): null

09-12-2024T07:53:24 - [TEST_STEP][PASSED] - if (i > -1): null

09-12-2024T07:53:24 - [TEST_STEP][PASSED] - i = b.indexOf("О ""): null

09-12-2024T07:53:24 - [TEST_STEP][PASSED] - if (i > -1): null

09-12-2024T07:53:24 - [TEST_STEP][PASSED] - i = b.indexOf("О «"): null

09-12-2024T07:53:24 - [TEST_STEP][PASSED] - if (i > -1): null

09-12-2024T07:53:24 - [TEST_STEP][PASSED] - i = b.indexOf("г. "): null

09-12-2024T07:53:24 - [TEST_STEP][PASSED] - if (i > -1): null

09-12-2024T07:53:24 - [TEST_STEP][PASSED] - println(b): null

09-12-2024T07:53:24 - [TEST_STEP][PASSED] - for ([planFact = 1, planFact < 3, (planFact++)]): Object: 'Object Repository/Выполнение бизнес-плана/Кнопка Факт' is clicked on

09-12-2024T07:53:24 - [TEST_STEP][PASSED] - if (planFact == 1): null

09-12-2024T07:53:24 - [TEST_STEP][PASSED] - typeOfDataMain = "Факт": null

09-12-2024T07:53:24 - [TEST_STEP][PASSED] - otpusk = findTestData("PlanFact").getValue(5, a): null

09-12-2024T07:53:24 - [TEST_STEP][PASSED] - poteri = findTestData("PlanFact").getValue(6, a): null

09-12-2024T07:53:24 - [TEST_STEP][PASSED] - otpusk = otpusk.replaceAll("\s+", ""): null

09-12-2024T07:53:24 - [TEST_STEP][PASSED] - poteri = poteri.replaceAll("\s+", ""): null

09-12-2024T07:53:24 - [TEST_STEP][PASSED] - typeOfData = typeOfDataMain + " Отпуск в сеть": null

09-12-2024T07:53:24 - [TEST_STEP][PASSED] - if (a == 82): null

09-12-2024T07:53:24 - [TEST_STEP][PASSED] - else if (a == 84): null

09-12-2024T07:53:24 - [TEST_STEP][PASSED] - else if (a == 52 || a == 72 || a == 28 || a == 73 || a == 77 || a == 74 || a == 65 || a == 36 || a == 44 || a == 53 || a == 80 || a == 54 || a == 1 || a == 18 || a == 59 || a == 81): null

09-12-2024T07:53:24 - [TEST_STEP][PASSED] - else: null

09-12-2024T07:53:24 - [TEST_STEP][PASSED] - path = dataFolder + typeOfData + " за отчётный период " + b: null

09-12-2024T07:53:24 - [TEST_STEP][PASSED] - println(path): null

09-12-2024T07:53:24 - [TEST_STEP][PASSED] - page = getText(findTestObject(path)): Text of object 'Object Repository/Выполнение бизнес-плана/Значения со страницы Выполнение бизнес-плана/Факт Отпуск в сеть за отчётный период Брянскэнерго' is: '2 989 661'

09-12-2024T07:53:24 - [MESSAGE][PASSED] - Text of object 'Object Repository/Выполнение бизнес-плана/Значения со страницы Выполнение бизнес-плана/Факт Отпуск в сеть за отчётный период Брянскэнерго' is: '2 989 661'

09-12-2024T07:53:24 - [TEST_STEP][PASSED] - page = page.replaceAll("\s+", ""): null

09-12-2024T07:53:24 - [TEST_STEP][PASSED] - fileOtpuskVSet = otpusk.toInteger(): null

09-12-2024T07:53:24 - [TEST_STEP][PASSED] - pageOtpuskVSet = page.toInteger(): null

09-12-2024T07:53:24 - [TEST_STEP][PASSED] - typeOfData = typeOfDataMain + " Потери": null

09-12-2024T07:53:24 - [TEST_STEP][PASSED] - if (a == 82): null

09-12-2024T07:53:24 - [TEST_STEP][PASSED] - else if (a == 84): null

09-12-2024T07:53:24 - [TEST_STEP][PASSED] - else if (a == 52 || a == 72 || a == 28 || a == 73 || a == 77 || a == 74 || a == 65 || a == 36 || a == 44 || a == 53 || a == 80 || a == 54 || a == 1 || a == 18 || a == 59 || a == 81): null

09-12-2024T07:53:24 - [TEST_STEP][PASSED] - else: null

09-12-2024T07:53:24 - [TEST_STEP][PASSED] - path = dataFolder + typeOfData + " за отчётный период " + b: null

09-12-2024T07:53:24 - [TEST_STEP][PASSED] - page = getText(findTestObject(path)): Text of object 'Object Repository/Выполнение бизнес-плана/Значения со страницы Выполнение бизнес-плана/Факт Потери за отчётный период Брянскэнерго' is: '150 971'

09-12-2024T07:53:24 - [MESSAGE][PASSED] - Text of object 'Object Repository/Выполнение бизнес-плана/Значения со страницы Выполнение бизнес-плана/Факт Потери за отчётный период Брянскэнерго' is: '150 971'

09-12-2024T07:53:24 - [TEST_STEP][PASSED] - page = page.replaceAll("\s+", ""): null

09-12-2024T07:53:24 - [TEST_STEP][PASSED] - filePoteri = poteri.toInteger(): null

09-12-2024T07:53:24 - [TEST_STEP][PASSED] - pagePoteri = page.toInteger(): null

09-12-2024T07:53:24 - [TEST_STEP][PASSED] - compare = pageOtpuskVSet: null

09-12-2024T07:53:24 - [TEST_STEP][PASSED] - if (compare == fileOtpuskVSet): null

09-12-2024T07:53:24 - [TEST_STEP][PASSED] - if (compare == fileOtpuskVSet): null

09-12-2024T07:53:24 - [TEST_STEP][PASSED] - compare = pagePoteri: null

09-12-2024T07:53:24 - [TEST_STEP][PASSED] - if (compare == filePoteri): null

09-12-2024T07:53:24 - [TEST_STEP][PASSED] - if (compare == filePoteri): null

09-12-2024T07:53:24 - [TEST_STEP][PASSED] - if (planFact == 2): null

09-12-2024T07:53:24 - [TEST_STEP][PASSED] - if (planFact == 1): null

09-12-2024T07:53:24 - [TEST_STEP][PASSED] - else if (planFact == 2): null

09-12-2024T07:53:24 - [TEST_STEP][PASSED] - click(findTestObject("Выполнение бизнес-плана/Кнопка План")): Object: 'Object Repository/Выполнение бизнес-плана/Кнопка План' is clicked on

09-12-2024T07:53:25 - [MESSAGE][PASSED] - Object: 'Object Repository/Выполнение бизнес-плана/Кнопка План' is clicked on

09-12-2024T07:53:25 - [TEST_STEP][PASSED] - typeOfDataMain = "План": null

09-12-2024T07:53:25 - [TEST_STEP][PASSED] - otpusk = findTestData("PlanFact").getValue(2, a): null

09-12-2024T07:53:25 - [TEST_STEP][PASSED] - poteri = findTestData("PlanFact").getValue(3, a): null

09-12-2024T07:53:25 - [TEST_STEP][PASSED] - otpusk = otpusk.replaceAll("\s+", ""): null

09-12-2024T07:53:25 - [TEST_STEP][PASSED] - poteri = poteri.replaceAll("\s+", ""): null

09-12-2024T07:53:25 - [TEST_STEP][PASSED] - typeOfData = typeOfDataMain + " Отпуск в сеть": null

09-12-2024T07:53:25 - [TEST_STEP][PASSED] - if (a == 82): null

09-12-2024T07:53:25 - [TEST_STEP][PASSED] - else if (a == 84): null

09-12-2024T07:53:25 - [TEST_STEP][PASSED] - else if (a == 52 || a == 72 || a == 28 || a == 73 || a == 77 || a == 74 || a == 65 || a == 36 || a == 44 || a == 53 || a == 80 || a == 54 || a == 1 || a == 18 || a == 59 || a == 81): null

09-12-2024T07:53:25 - [TEST_STEP][PASSED] - else: null

09-12-2024T07:53:25 - [TEST_STEP][PASSED] - path = dataFolder + typeOfData + " за отчётный период " + b: null

09-12-2024T07:53:25 - [TEST_STEP][PASSED] - println(path): null

09-12-2024T07:53:25 - [TEST_STEP][PASSED] - page = getText(findTestObject(path)): Text of object 'Object Repository/Выполнение бизнес-плана/Значения со страницы Выполнение бизнес-плана/План Отпуск в сеть за отчётный период Брянскэнерго' is: '2 959 336'

09-12-2024T07:53:25 - [MESSAGE][PASSED] - Text of object 'Object Repository/Выполнение бизнес-плана/Значения со страницы Выполнение бизнес-плана/План Отпуск в сеть за отчётный период Брянскэнерго' is: '2 959 336'

09-12-2024T07:53:25 - [TEST_STEP][PASSED] - page = page.replaceAll("\s+", ""): null

09-12-2024T07:53:25 - [TEST_STEP][PASSED] - fileOtpuskVSet = otpusk.toInteger(): null

09-12-2024T07:53:25 - [TEST_STEP][PASSED] - pageOtpuskVSet = page.toInteger(): null

09-12-2024T07:53:25 - [TEST_STEP][PASSED] - typeOfData = typeOfDataMain + " Потери": null

09-12-2024T07:53:25 - [TEST_STEP][PASSED] - if (a == 82): null

09-12-2024T07:53:25 - [TEST_STEP][PASSED] - else if (a == 84): null

09-12-2024T07:53:25 - [TEST_STEP][PASSED] - else if (a == 52 || a == 72 || a == 28 || a == 73 || a == 77 || a == 74 || a == 65 || a == 36 || a == 44 || a == 53 || a == 80 || a == 54 || a == 1 || a == 18 || a == 59 || a == 81): null

09-12-2024T07:53:25 - [TEST_STEP][PASSED] - else: null

09-12-2024T07:53:25 - [TEST_STEP][PASSED] - path = dataFolder + typeOfData + " за отчётный период " + b: null

09-12-2024T07:53:25 - [TEST_STEP][PASSED] - page = getText(findTestObject(path)): Text of object 'Object Repository/Выполнение бизнес-плана/Значения со страницы Выполнение бизнес-плана/План Потери за отчётный период Брянскэнерго' is: '154 598'

09-12-2024T07:53:26 - [MESSAGE][PASSED] - Text of object 'Object Repository/Выполнение бизнес-плана/Значения со страницы Выполнение бизнес-плана/План Потери за отчётный период Брянскэнерго' is: '154 598'

09-12-2024T07:53:26 - [TEST_STEP][PASSED] - page = page.replaceAll("\s+", ""): null

09-12-2024T07:53:26 - [TEST_STEP][PASSED] - filePoteri = poteri.toInteger(): null

09-12-2024T07:53:26 - [TEST_STEP][PASSED] - pagePoteri = page.toInteger(): null

09-12-2024T07:53:26 - [TEST_STEP][PASSED] - compare = pageOtpuskVSet: null

09-12-2024T07:53:26 - [TEST_STEP][PASSED] - if (compare == fileOtpuskVSet): null

09-12-2024T07:53:26 - [TEST_STEP][PASSED] - if (compare == fileOtpuskVSet): null

09-12-2024T07:53:26 - [TEST_STEP][PASSED] - compare = pagePoteri: null

09-12-2024T07:53:26 - [TEST_STEP][PASSED] - if (compare == filePoteri): null

09-12-2024T07:53:26 - [TEST_STEP][PASSED] - if (compare == filePoteri): null

09-12-2024T07:53:26 - [TEST_STEP][PASSED] - if (planFact == 2): Object: 'Object Repository/Выполнение бизнес-плана/Кнопка Факт' is clicked on

09-12-2024T07:53:26 - [TEST_STEP][PASSED] - click(findTestObject("Выполнение бизнес-плана/Кнопка Факт")): Object: 'Object Repository/Выполнение бизнес-плана/Кнопка Факт' is clicked on

09-12-2024T07:53:26 - [MESSAGE][PASSED] - Object: 'Object Repository/Выполнение бизнес-плана/Кнопка Факт' is clicked on

09-12-2024T07:53:26 - [TEST_STEP][PASSED] - if (a == 84 || a == 82): null

09-12-2024T07:53:26 - [TEST_STEP][PASSED] - else if (a == 52 || a == 72 || a == 28 || a == 73 || a == 77 || a == 74 || a == 65 || a == 36 || a == 44 || a == 53 || a == 80 || a == 54 || a == 1 || a == 18 || a == 59 || a == 81): null

09-12-2024T07:53:26 - [TEST_STEP][PASSED] - else: null

09-12-2024T07:53:26 - [TEST_STEP][PASSED] - page1 = getText(findTestObject("Object Repository/Выполнение бизнес-плана/spanPlan" + filialNum)): Text of object 'Object Repository/Выполнение бизнес-плана/spanPlan5' is: '5.22
|'

09-12-2024T07:53:26 - [MESSAGE][PASSED] - Text of object 'Object Repository/Выполнение бизнес-плана/spanPlan5' is: '5.22
|'

09-12-2024T07:53:26 - [TEST_STEP][PASSED] - page1 = page1.replace("|", ""): null

09-12-2024T07:53:26 - [TEST_STEP][PASSED] - page2 = getText(findTestObject("Object Repository/Выполнение бизнес-плана/spanFact" + filialNum)): Text of object 'Object Repository/Выполнение бизнес-плана/spanFact5' is: '5.05
|'

09-12-2024T07:53:26 - [MESSAGE][PASSED] - Text of object 'Object Repository/Выполнение бизнес-плана/spanFact5' is: '5.05
|'

09-12-2024T07:53:26 - [TEST_STEP][PASSED] - page2 = page2.replace("|", ""): null

09-12-2024T07:53:26 - [TEST_STEP][PASSED] - println("page1: " + page1): null

09-12-2024T07:53:26 - [TEST_STEP][PASSED] - println("page2: " + page2): null

09-12-2024T07:53:26 - [TEST_STEP][PASSED] - file = findTestData("PlanFact").getValue(4, a): null

09-12-2024T07:53:27 - [TEST_STEP][PASSED] - file = file.replace(",", "."): null

09-12-2024T07:53:27 - [TEST_STEP][PASSED] - println("file Plan: " + file): null

09-12-2024T07:53:27 - [TEST_STEP][PASSED] - typeOfData = "План в процентах": null

09-12-2024T07:53:27 - [TEST_STEP][PASSED] - fileDouble = file.toDouble(): null

09-12-2024T07:53:27 - [TEST_STEP][PASSED] - pageDouble = page1.toDouble(): null

09-12-2024T07:53:27 - [TEST_STEP][PASSED] - if (fileDouble != pageDouble): null

09-12-2024T07:53:27 - [TEST_STEP][PASSED] - file = findTestData("PlanFact").getValue(7, a): null

09-12-2024T07:53:27 - [TEST_STEP][PASSED] - file = file.replace(",", "."): null

09-12-2024T07:53:27 - [TEST_STEP][PASSED] - println("file Fact: " + file): null

09-12-2024T07:53:27 - [TEST_STEP][PASSED] - fileDouble = file.toDouble(): null

09-12-2024T07:53:27 - [TEST_STEP][PASSED] - typeOfData = "Факт в процентах": null

09-12-2024T07:53:27 - [TEST_STEP][PASSED] - fileDouble = file.toDouble(): null

09-12-2024T07:53:27 - [TEST_STEP][PASSED] - pageDouble = page2.toDouble(): null

09-12-2024T07:53:27 - [TEST_STEP][PASSED] - if (fileDouble != pageDouble): null

09-12-2024T07:53:27 - [TEST_STEP][PASSED] - if (verifyEqual(numberOfErrors, 0) == false): Actual object '0' and expected object '0' are equal

09-12-2024T07:53:27 - [MESSAGE][PASSED] - Actual object '0' and expected object '0' are equal

09-12-2024T07:53:27 - [TEST_STEP][PASSED] - if (a == 82): null

09-12-2024T07:53:27 - [TEST_STEP][PASSED] - dZO = "Воронежэнерго": null

09-12-2024T07:53:27 - [TEST_STEP][PASSED] - a = 4: null

09-12-2024T07:53:27 - [TEST_STEP][PASSED] - if (x2.contains(dZO)): null

09-12-2024T07:53:27 - [TEST_STEP][PASSED] - filialNum = filialNum + 1: null

09-12-2024T07:53:27 - [TEST_STEP][PASSED] - Script1718980020443.Numbers(a, typeOfData, todaysDate, pageInt, fileInt, pageDouble, fileDouble, dZO, dzoNum, filialNum): null

09-12-2024T07:53:27 - [TEST_STEP][PASSED] - println(dzoNum): null

09-12-2024T07:53:27 - [TEST_STEP][PASSED] - planFact = <not implemented yet for class: org.codehaus.groovy.ast.expr.EmptyExpression>: null

09-12-2024T07:53:27 - [TEST_STEP][PASSED] - page = <not implemented yet for class: org.codehaus.groovy.ast.expr.EmptyExpression>: null

09-12-2024T07:53:27 - [TEST_STEP][PASSED] - page1 = <not implemented yet for class: org.codehaus.groovy.ast.expr.EmptyExpression>: null

09-12-2024T07:53:27 - [TEST_STEP][PASSED] - page2 = <not implemented yet for class: org.codehaus.groovy.ast.expr.EmptyExpression>: null

09-12-2024T07:53:27 - [TEST_STEP][PASSED] - filialNumberInRow = <not implemented yet for class: org.codehaus.groovy.ast.expr.EmptyExpression>: null

09-12-2024T07:53:27 - [TEST_STEP][PASSED] - filialsDzoNames = <not implemented yet for class: org.codehaus.groovy.ast.expr.EmptyExpression>: null

09-12-2024T07:53:27 - [TEST_STEP][PASSED] - numberOfFilials = <not implemented yet for class: org.codehaus.groovy.ast.expr.EmptyExpression>: null

09-12-2024T07:53:27 - [TEST_STEP][PASSED] - numberOfSpaces = <not implemented yet for class: org.codehaus.groovy.ast.expr.EmptyExpression>: null

09-12-2024T07:53:27 - [TEST_STEP][PASSED] - file = <not implemented yet for class: org.codehaus.groovy.ast.expr.EmptyExpression>: null

09-12-2024T07:53:27 - [TEST_STEP][PASSED] - otpusk = <not implemented yet for class: org.codehaus.groovy.ast.expr.EmptyExpression>: null

09-12-2024T07:53:27 - [TEST_STEP][PASSED] - poteri = <not implemented yet for class: org.codehaus.groovy.ast.expr.EmptyExpression>: null

09-12-2024T07:53:27 - [TEST_STEP][PASSED] - dataFolder = "Выполнение бизнес-плана/Значения со страницы Выполнение бизнес-плана/": null

09-12-2024T07:53:27 - [TEST_STEP][PASSED] - path = <not implemented yet for class: org.codehaus.groovy.ast.expr.EmptyExpression>: null

09-12-2024T07:53:27 - [TEST_STEP][PASSED] - typeOfDataMain = <not implemented yet for class: org.codehaus.groovy.ast.expr.EmptyExpression>: null

09-12-2024T07:53:27 - [TEST_STEP][PASSED] - fileOtpuskVSet = <not implemented yet for class: org.codehaus.groovy.ast.expr.EmptyExpression>: null

09-12-2024T07:53:27 - [TEST_STEP][PASSED] - pageOtpuskVSet = <not implemented yet for class: org.codehaus.groovy.ast.expr.EmptyExpression>: null

09-12-2024T07:53:27 - [TEST_STEP][PASSED] - filePoteri = <not implemented yet for class: org.codehaus.groovy.ast.expr.EmptyExpression>: null

09-12-2024T07:53:27 - [TEST_STEP][PASSED] - pagePoteri = <not implemented yet for class: org.codehaus.groovy.ast.expr.EmptyExpression>: null

09-12-2024T07:53:27 - [TEST_STEP][PASSED] - compare = <not implemented yet for class: org.codehaus.groovy.ast.expr.EmptyExpression>: null

09-12-2024T07:53:27 - [TEST_STEP][PASSED] - b = <not implemented yet for class: org.codehaus.groovy.ast.expr.EmptyExpression>: null

09-12-2024T07:53:27 - [TEST_STEP][PASSED] - i = <not implemented yet for class: org.codehaus.groovy.ast.expr.EmptyExpression>: null

09-12-2024T07:53:27 - [TEST_STEP][PASSED] - ii = <not implemented yet for class: org.codehaus.groovy.ast.expr.EmptyExpression>: null

09-12-2024T07:53:27 - [TEST_STEP][PASSED] - c = <not implemented yet for class: org.codehaus.groovy.ast.expr.EmptyExpression>: null

09-12-2024T07:53:27 - [TEST_STEP][PASSED] - numberOfErrors = 0: null

09-12-2024T07:53:27 - [TEST_STEP][PASSED] - if (a == 82): null

09-12-2024T07:53:27 - [TEST_STEP][PASSED] - b = findTestData("PlanFact").getValue(1, a): null

09-12-2024T07:53:27 - [TEST_STEP][PASSED] - i = b.indexOf(" (ГК)"): null

09-12-2024T07:53:27 - [TEST_STEP][PASSED] - if (i > -1): null

09-12-2024T07:53:27 - [TEST_STEP][PASSED] - i = b.indexOf("О ""): null

09-12-2024T07:53:27 - [TEST_STEP][PASSED] - if (i > -1): null

09-12-2024T07:53:27 - [TEST_STEP][PASSED] - i = b.indexOf("О «"): null

09-12-2024T07:53:27 - [TEST_STEP][PASSED] - if (i > -1): null

09-12-2024T07:53:27 - [TEST_STEP][PASSED] - i = b.indexOf("г. "): null

09-12-2024T07:53:27 - [TEST_STEP][PASSED] - if (i > -1): null

09-12-2024T07:53:27 - [TEST_STEP][PASSED] - println(b): null

09-12-2024T07:53:27 - [TEST_STEP][PASSED] - for ([planFact = 1, planFact < 3, (planFact++)]): Object: 'Object Repository/Выполнение бизнес-плана/Кнопка Факт' is clicked on

09-12-2024T07:53:27 - [TEST_STEP][PASSED] - if (planFact == 1): null

09-12-2024T07:53:27 - [TEST_STEP][PASSED] - typeOfDataMain = "Факт": null

09-12-2024T07:53:27 - [TEST_STEP][PASSED] - otpusk = findTestData("PlanFact").getValue(5, a): null

09-12-2024T07:53:27 - [TEST_STEP][PASSED] - poteri = findTestData("PlanFact").getValue(6, a): null

09-12-2024T07:53:27 - [TEST_STEP][PASSED] - otpusk = otpusk.replaceAll("\s+", ""): null

09-12-2024T07:53:27 - [TEST_STEP][PASSED] - poteri = poteri.replaceAll("\s+", ""): null

09-12-2024T07:53:27 - [TEST_STEP][PASSED] - typeOfData = typeOfDataMain + " Отпуск в сеть": null

09-12-2024T07:53:27 - [TEST_STEP][PASSED] - if (a == 82): null

09-12-2024T07:53:27 - [TEST_STEP][PASSED] - else if (a == 84): null

09-12-2024T07:53:27 - [TEST_STEP][PASSED] - else if (a == 52 || a == 72 || a == 28 || a == 73 || a == 77 || a == 74 || a == 65 || a == 36 || a == 44 || a == 53 || a == 80 || a == 54 || a == 1 || a == 18 || a == 59 || a == 81): null

09-12-2024T07:53:27 - [TEST_STEP][PASSED] - else: null

09-12-2024T07:53:27 - [TEST_STEP][PASSED] - path = dataFolder + typeOfData + " за отчётный период " + b: null

09-12-2024T07:53:27 - [TEST_STEP][PASSED] - println(path): null

09-12-2024T07:53:27 - [TEST_STEP][PASSED] - page = getText(findTestObject(path)): Text of object 'Object Repository/Выполнение бизнес-плана/Значения со страницы Выполнение бизнес-плана/Факт Отпуск в сеть за отчётный период Воронежэнерго' is: '8 298 986'

09-12-2024T07:53:27 - [MESSAGE][PASSED] - Text of object 'Object Repository/Выполнение бизнес-плана/Значения со страницы Выполнение бизнес-плана/Факт Отпуск в сеть за отчётный период Воронежэнерго' is: '8 298 986'

09-12-2024T07:53:27 - [TEST_STEP][PASSED] - page = page.replaceAll("\s+", ""): null

09-12-2024T07:53:27 - [TEST_STEP][PASSED] - fileOtpuskVSet = otpusk.toInteger(): null

09-12-2024T07:53:27 - [TEST_STEP][PASSED] - pageOtpuskVSet = page.toInteger(): null

09-12-2024T07:53:27 - [TEST_STEP][PASSED] - typeOfData = typeOfDataMain + " Потери": null

09-12-2024T07:53:27 - [TEST_STEP][PASSED] - if (a == 82): null

09-12-2024T07:53:27 - [TEST_STEP][PASSED] - else if (a == 84): null

09-12-2024T07:53:27 - [TEST_STEP][PASSED] - else if (a == 52 || a == 72 || a == 28 || a == 73 || a == 77 || a == 74 || a == 65 || a == 36 || a == 44 || a == 53 || a == 80 || a == 54 || a == 1 || a == 18 || a == 59 || a == 81): null

09-12-2024T07:53:27 - [TEST_STEP][PASSED] - else: null

09-12-2024T07:53:27 - [TEST_STEP][PASSED] - path = dataFolder + typeOfData + " за отчётный период " + b: null

09-12-2024T07:53:27 - [TEST_STEP][PASSED] - page = getText(findTestObject(path)): Text of object 'Object Repository/Выполнение бизнес-плана/Значения со страницы Выполнение бизнес-плана/Факт Потери за отчётный период Воронежэнерго' is: '608 684'

09-12-2024T07:53:27 - [MESSAGE][PASSED] - Text of object 'Object Repository/Выполнение бизнес-плана/Значения со страницы Выполнение бизнес-плана/Факт Потери за отчётный период Воронежэнерго' is: '608 684'

09-12-2024T07:53:27 - [TEST_STEP][PASSED] - page = page.replaceAll("\s+", ""): null

09-12-2024T07:53:27 - [TEST_STEP][PASSED] - filePoteri = poteri.toInteger(): null

09-12-2024T07:53:27 - [TEST_STEP][PASSED] - pagePoteri = page.toInteger(): null

09-12-2024T07:53:27 - [TEST_STEP][PASSED] - compare = pageOtpuskVSet: null

09-12-2024T07:53:27 - [TEST_STEP][PASSED] - if (compare == fileOtpuskVSet): null

09-12-2024T07:53:27 - [TEST_STEP][PASSED] - if (compare == fileOtpuskVSet): null

09-12-2024T07:53:27 - [TEST_STEP][PASSED] - compare = pagePoteri: null

09-12-2024T07:53:27 - [TEST_STEP][PASSED] - if (compare == filePoteri): null

09-12-2024T07:53:27 - [TEST_STEP][PASSED] - if (compare == filePoteri): null

09-12-2024T07:53:27 - [TEST_STEP][PASSED] - if (planFact == 2): null

09-12-2024T07:53:27 - [TEST_STEP][PASSED] - if (planFact == 1): null

09-12-2024T07:53:27 - [TEST_STEP][PASSED] - else if (planFact == 2): null

09-12-2024T07:53:27 - [TEST_STEP][PASSED] - click(findTestObject("Выполнение бизнес-плана/Кнопка План")): Object: 'Object Repository/Выполнение бизнес-плана/Кнопка План' is clicked on

09-12-2024T07:53:28 - [MESSAGE][PASSED] - Object: 'Object Repository/Выполнение бизнес-плана/Кнопка План' is clicked on

09-12-2024T07:53:28 - [TEST_STEP][PASSED] - typeOfDataMain = "План": null

09-12-2024T07:53:28 - [TEST_STEP][PASSED] - otpusk = findTestData("PlanFact").getValue(2, a): null

09-12-2024T07:53:28 - [TEST_STEP][PASSED] - poteri = findTestData("PlanFact").getValue(3, a): null

09-12-2024T07:53:28 - [TEST_STEP][PASSED] - otpusk = otpusk.replaceAll("\s+", ""): null

09-12-2024T07:53:28 - [TEST_STEP][PASSED] - poteri = poteri.replaceAll("\s+", ""): null

09-12-2024T07:53:28 - [TEST_STEP][PASSED] - typeOfData = typeOfDataMain + " Отпуск в сеть": null

09-12-2024T07:53:28 - [TEST_STEP][PASSED] - if (a == 82): null

09-12-2024T07:53:28 - [TEST_STEP][PASSED] - else if (a == 84): null

09-12-2024T07:53:28 - [TEST_STEP][PASSED] - else if (a == 52 || a == 72 || a == 28 || a == 73 || a == 77 || a == 74 || a == 65 || a == 36 || a == 44 || a == 53 || a == 80 || a == 54 || a == 1 || a == 18 || a == 59 || a == 81): null

09-12-2024T07:53:28 - [TEST_STEP][PASSED] - else: null

09-12-2024T07:53:28 - [TEST_STEP][PASSED] - path = dataFolder + typeOfData + " за отчётный период " + b: null

09-12-2024T07:53:28 - [TEST_STEP][PASSED] - println(path): null

09-12-2024T07:53:28 - [TEST_STEP][PASSED] - page = getText(findTestObject(path)): Text of object 'Object Repository/Выполнение бизнес-плана/Значения со страницы Выполнение бизнес-плана/План Отпуск в сеть за отчётный период Воронежэнерго' is: '8 048 583'

09-12-2024T07:53:28 - [MESSAGE][PASSED] - Text of object 'Object Repository/Выполнение бизнес-плана/Значения со страницы Выполнение бизнес-плана/План Отпуск в сеть за отчётный период Воронежэнерго' is: '8 048 583'

09-12-2024T07:53:28 - [TEST_STEP][PASSED] - page = page.replaceAll("\s+", ""): null

09-12-2024T07:53:28 - [TEST_STEP][PASSED] - fileOtpuskVSet = otpusk.toInteger(): null

09-12-2024T07:53:28 - [TEST_STEP][PASSED] - pageOtpuskVSet = page.toInteger(): null

09-12-2024T07:53:28 - [TEST_STEP][PASSED] - typeOfData = typeOfDataMain + " Потери": null

09-12-2024T07:53:28 - [TEST_STEP][PASSED] - if (a == 82): null

09-12-2024T07:53:28 - [TEST_STEP][PASSED] - else if (a == 84): null

09-12-2024T07:53:28 - [TEST_STEP][PASSED] - else if (a == 52 || a == 72 || a == 28 || a == 73 || a == 77 || a == 74 || a == 65 || a == 36 || a == 44 || a == 53 || a == 80 || a == 54 || a == 1 || a == 18 || a == 59 || a == 81): null

09-12-2024T07:53:28 - [TEST_STEP][PASSED] - else: null

09-12-2024T07:53:28 - [TEST_STEP][PASSED] - path = dataFolder + typeOfData + " за отчётный период " + b: null

09-12-2024T07:53:28 - [TEST_STEP][PASSED] - page = getText(findTestObject(path)): Text of object 'Object Repository/Выполнение бизнес-плана/Значения со страницы Выполнение бизнес-плана/План Потери за отчётный период Воронежэнерго' is: '628 255'

09-12-2024T07:53:28 - [MESSAGE][PASSED] - Text of object 'Object Repository/Выполнение бизнес-плана/Значения со страницы Выполнение бизнес-плана/План Потери за отчётный период Воронежэнерго' is: '628 255'

09-12-2024T07:53:28 - [TEST_STEP][PASSED] - page = page.replaceAll("\s+", ""): null

09-12-2024T07:53:28 - [TEST_STEP][PASSED] - filePoteri = poteri.toInteger(): null

09-12-2024T07:53:28 - [TEST_STEP][PASSED] - pagePoteri = page.toInteger(): null

09-12-2024T07:53:28 - [TEST_STEP][PASSED] - compare = pageOtpuskVSet: null

09-12-2024T07:53:28 - [TEST_STEP][PASSED] - if (compare == fileOtpuskVSet): null

09-12-2024T07:53:28 - [TEST_STEP][PASSED] - if (compare == fileOtpuskVSet): null

09-12-2024T07:53:28 - [TEST_STEP][PASSED] - compare = pagePoteri: null

09-12-2024T07:53:28 - [TEST_STEP][PASSED] - if (compare == filePoteri): null

09-12-2024T07:53:28 - [TEST_STEP][PASSED] - if (compare == filePoteri): null

09-12-2024T07:53:28 - [TEST_STEP][PASSED] - if (planFact == 2): Object: 'Object Repository/Выполнение бизнес-плана/Кнопка Факт' is clicked on

09-12-2024T07:53:28 - [TEST_STEP][PASSED] - click(findTestObject("Выполнение бизнес-плана/Кнопка Факт")): Object: 'Object Repository/Выполнение бизнес-плана/Кнопка Факт' is clicked on

09-12-2024T07:53:29 - [MESSAGE][PASSED] - Object: 'Object Repository/Выполнение бизнес-плана/Кнопка Факт' is clicked on

09-12-2024T07:53:29 - [TEST_STEP][PASSED] - if (a == 84 || a == 82): null

09-12-2024T07:53:29 - [TEST_STEP][PASSED] - else if (a == 52 || a == 72 || a == 28 || a == 73 || a == 77 || a == 74 || a == 65 || a == 36 || a == 44 || a == 53 || a == 80 || a == 54 || a == 1 || a == 18 || a == 59 || a == 81): null

09-12-2024T07:53:29 - [TEST_STEP][PASSED] - else: null

09-12-2024T07:53:29 - [TEST_STEP][PASSED] - page1 = getText(findTestObject("Object Repository/Выполнение бизнес-плана/spanPlan" + filialNum)): Text of object 'Object Repository/Выполнение бизнес-плана/spanPlan6' is: '7.81
|'

09-12-2024T07:53:29 - [MESSAGE][PASSED] - Text of object 'Object Repository/Выполнение бизнес-плана/spanPlan6' is: '7.81
|'

09-12-2024T07:53:29 - [TEST_STEP][PASSED] - page1 = page1.replace("|", ""): null

09-12-2024T07:53:29 - [TEST_STEP][PASSED] - page2 = getText(findTestObject("Object Repository/Выполнение бизнес-плана/spanFact" + filialNum)): Text of object 'Object Repository/Выполнение бизнес-плана/spanFact6' is: '7.33
|'

09-12-2024T07:53:29 - [MESSAGE][PASSED] - Text of object 'Object Repository/Выполнение бизнес-плана/spanFact6' is: '7.33
|'

09-12-2024T07:53:29 - [TEST_STEP][PASSED] - page2 = page2.replace("|", ""): null

09-12-2024T07:53:29 - [TEST_STEP][PASSED] - println("page1: " + page1): null

09-12-2024T07:53:29 - [TEST_STEP][PASSED] - println("page2: " + page2): null

09-12-2024T07:53:29 - [TEST_STEP][PASSED] - file = findTestData("PlanFact").getValue(4, a): null

09-12-2024T07:53:29 - [TEST_STEP][PASSED] - file = file.replace(",", "."): null

09-12-2024T07:53:29 - [TEST_STEP][PASSED] - println("file Plan: " + file): null

09-12-2024T07:53:29 - [TEST_STEP][PASSED] - typeOfData = "План в процентах": null

09-12-2024T07:53:29 - [TEST_STEP][PASSED] - fileDouble = file.toDouble(): null

09-12-2024T07:53:29 - [TEST_STEP][PASSED] - pageDouble = page1.toDouble(): null

09-12-2024T07:53:29 - [TEST_STEP][PASSED] - if (fileDouble != pageDouble): null

09-12-2024T07:53:29 - [TEST_STEP][PASSED] - file = findTestData("PlanFact").getValue(7, a): null

09-12-2024T07:53:29 - [TEST_STEP][PASSED] - file = file.replace(",", "."): null

09-12-2024T07:53:29 - [TEST_STEP][PASSED] - println("file Fact: " + file): null

09-12-2024T07:53:29 - [TEST_STEP][PASSED] - fileDouble = file.toDouble(): null

09-12-2024T07:53:29 - [TEST_STEP][PASSED] - typeOfData = "Факт в процентах": null

09-12-2024T07:53:29 - [TEST_STEP][PASSED] - fileDouble = file.toDouble(): null

09-12-2024T07:53:29 - [TEST_STEP][PASSED] - pageDouble = page2.toDouble(): null

09-12-2024T07:53:29 - [TEST_STEP][PASSED] - if (fileDouble != pageDouble): null

09-12-2024T07:53:29 - [TEST_STEP][PASSED] - if (verifyEqual(numberOfErrors, 0) == false): Actual object '0' and expected object '0' are equal

09-12-2024T07:53:29 - [MESSAGE][PASSED] - Actual object '0' and expected object '0' are equal

09-12-2024T07:53:29 - [TEST_STEP][PASSED] - if (a == 82): null

09-12-2024T07:53:29 - [TEST_STEP][PASSED] - dZO = "Костромаэнерго": null

09-12-2024T07:53:29 - [TEST_STEP][PASSED] - a = 5: null

09-12-2024T07:53:29 - [TEST_STEP][PASSED] - if (x2.contains(dZO)): null

09-12-2024T07:53:29 - [TEST_STEP][PASSED] - filialNum = filialNum + 1: null

09-12-2024T07:53:29 - [TEST_STEP][PASSED] - Script1718980020443.Numbers(a, typeOfData, todaysDate, pageInt, fileInt, pageDouble, fileDouble, dZO, dzoNum, filialNum): null

09-12-2024T07:53:29 - [TEST_STEP][PASSED] - println(dzoNum): null

09-12-2024T07:53:29 - [TEST_STEP][PASSED] - planFact = <not implemented yet for class: org.codehaus.groovy.ast.expr.EmptyExpression>: null

09-12-2024T07:53:29 - [TEST_STEP][PASSED] - page = <not implemented yet for class: org.codehaus.groovy.ast.expr.EmptyExpression>: null

09-12-2024T07:53:29 - [TEST_STEP][PASSED] - page1 = <not implemented yet for class: org.codehaus.groovy.ast.expr.EmptyExpression>: null

09-12-2024T07:53:29 - [TEST_STEP][PASSED] - page2 = <not implemented yet for class: org.codehaus.groovy.ast.expr.EmptyExpression>: null

09-12-2024T07:53:29 - [TEST_STEP][PASSED] - filialNumberInRow = <not implemented yet for class: org.codehaus.groovy.ast.expr.EmptyExpression>: null

09-12-2024T07:53:29 - [TEST_STEP][PASSED] - filialsDzoNames = <not implemented yet for class: org.codehaus.groovy.ast.expr.EmptyExpression>: null

09-12-2024T07:53:29 - [TEST_STEP][PASSED] - numberOfFilials = <not implemented yet for class: org.codehaus.groovy.ast.expr.EmptyExpression>: null

09-12-2024T07:53:29 - [TEST_STEP][PASSED] - numberOfSpaces = <not implemented yet for class: org.codehaus.groovy.ast.expr.EmptyExpression>: null

09-12-2024T07:53:29 - [TEST_STEP][PASSED] - file = <not implemented yet for class: org.codehaus.groovy.ast.expr.EmptyExpression>: null

09-12-2024T07:53:29 - [TEST_STEP][PASSED] - otpusk = <not implemented yet for class: org.codehaus.groovy.ast.expr.EmptyExpression>: null

09-12-2024T07:53:29 - [TEST_STEP][PASSED] - poteri = <not implemented yet for class: org.codehaus.groovy.ast.expr.EmptyExpression>: null

09-12-2024T07:53:29 - [TEST_STEP][PASSED] - dataFolder = "Выполнение бизнес-плана/Значения со страницы Выполнение бизнес-плана/": null

09-12-2024T07:53:29 - [TEST_STEP][PASSED] - path = <not implemented yet for class: org.codehaus.groovy.ast.expr.EmptyExpression>: null

09-12-2024T07:53:29 - [TEST_STEP][PASSED] - typeOfDataMain = <not implemented yet for class: org.codehaus.groovy.ast.expr.EmptyExpression>: null

09-12-2024T07:53:29 - [TEST_STEP][PASSED] - fileOtpuskVSet = <not implemented yet for class: org.codehaus.groovy.ast.expr.EmptyExpression>: null

09-12-2024T07:53:29 - [TEST_STEP][PASSED] - pageOtpuskVSet = <not implemented yet for class: org.codehaus.groovy.ast.expr.EmptyExpression>: null

09-12-2024T07:53:29 - [TEST_STEP][PASSED] - filePoteri = <not implemented yet for class: org.codehaus.groovy.ast.expr.EmptyExpression>: null

09-12-2024T07:53:29 - [TEST_STEP][PASSED] - pagePoteri = <not implemented yet for class: org.codehaus.groovy.ast.expr.EmptyExpression>: null

09-12-2024T07:53:29 - [TEST_STEP][PASSED] - compare = <not implemented yet for class: org.codehaus.groovy.ast.expr.EmptyExpression>: null

09-12-2024T07:53:29 - [TEST_STEP][PASSED] - b = <not implemented yet for class: org.codehaus.groovy.ast.expr.EmptyExpression>: null

09-12-2024T07:53:29 - [TEST_STEP][PASSED] - i = <not implemented yet for class: org.codehaus.groovy.ast.expr.EmptyExpression>: null

09-12-2024T07:53:29 - [TEST_STEP][PASSED] - ii = <not implemented yet for class: org.codehaus.groovy.ast.expr.EmptyExpression>: null

09-12-2024T07:53:29 - [TEST_STEP][PASSED] - c = <not implemented yet for class: org.codehaus.groovy.ast.expr.EmptyExpression>: null

09-12-2024T07:53:29 - [TEST_STEP][PASSED] - numberOfErrors = 0: null

09-12-2024T07:53:29 - [TEST_STEP][PASSED] - if (a == 82): null

09-12-2024T07:53:29 - [TEST_STEP][PASSED] - b = findTestData("PlanFact").getValue(1, a): null

09-12-2024T07:53:30 - [TEST_STEP][PASSED] - i = b.indexOf(" (ГК)"): null

09-12-2024T07:53:30 - [TEST_STEP][PASSED] - if (i > -1): null

09-12-2024T07:53:30 - [TEST_STEP][PASSED] - i = b.indexOf("О ""): null

09-12-2024T07:53:30 - [TEST_STEP][PASSED] - if (i > -1): null

09-12-2024T07:53:30 - [TEST_STEP][PASSED] - i = b.indexOf("О «"): null

09-12-2024T07:53:30 - [TEST_STEP][PASSED] - if (i > -1): null

09-12-2024T07:53:30 - [TEST_STEP][PASSED] - i = b.indexOf("г. "): null

09-12-2024T07:53:30 - [TEST_STEP][PASSED] - if (i > -1): null

09-12-2024T07:53:30 - [TEST_STEP][PASSED] - println(b): null

09-12-2024T07:53:30 - [TEST_STEP][PASSED] - for ([planFact = 1, planFact < 3, (planFact++)]): null

09-12-2024T07:53:30 - [TEST_STEP][PASSED] - if (planFact == 1): null

09-12-2024T07:53:30 - [TEST_STEP][PASSED] - typeOfDataMain = "Факт": null

09-12-2024T07:53:30 - [TEST_STEP][PASSED] - otpusk = findTestData("PlanFact").getValue(5, a): null

09-12-2024T07:53:30 - [TEST_STEP][PASSED] - poteri = findTestData("PlanFact").getValue(6, a): null

09-12-2024T07:53:30 - [TEST_STEP][PASSED] - otpusk = otpusk.replaceAll("\s+", ""): null

09-12-2024T07:53:30 - [TEST_STEP][PASSED] - poteri = poteri.replaceAll("\s+", ""): null

09-12-2024T07:53:30 - [TEST_STEP][PASSED] - typeOfData = typeOfDataMain + " Отпуск в сеть": null

09-12-2024T07:53:30 - [TEST_STEP][PASSED] - if (a == 82): null

09-12-2024T07:53:30 - [TEST_STEP][PASSED] - else if (a == 84): null

09-12-2024T07:53:30 - [TEST_STEP][PASSED] - else if (a == 52 || a == 72 || a == 28 || a == 73 || a == 77 || a == 74 || a == 65 || a == 36 || a == 44 || a == 53 || a == 80 || a == 54 || a == 1 || a == 18 || a == 59 || a == 81): null

09-12-2024T07:53:30 - [TEST_STEP][PASSED] - else: null

09-12-2024T07:53:30 - [TEST_STEP][PASSED] - path = dataFolder + typeOfData + " за отчётный период " + b: null

09-12-2024T07:53:30 - [TEST_STEP][PASSED] - println(path): null

09-12-2024T07:53:30 - [TEST_STEP][PASSED] - page = getText(findTestObject(path)): Text of object 'Object Repository/Выполнение бизнес-плана/Значения со страницы Выполнение бизнес-плана/Факт Отпуск в сеть за отчётный период Костромаэнерго' is: '2 317 461'

09-12-2024T07:53:30 - [MESSAGE][PASSED] - Text of object 'Object Repository/Выполнение бизнес-плана/Значения со страницы Выполнение бизнес-плана/Факт Отпуск в сеть за отчётный период Костромаэнерго' is: '2 317 461'

09-12-2024T07:53:30 - [TEST_STEP][PASSED] - page = page.replaceAll("\s+", ""): null

09-12-2024T07:53:30 - [TEST_STEP][PASSED] - fileOtpuskVSet = otpusk.toInteger(): null

09-12-2024T07:53:30 - [TEST_STEP][PASSED] - pageOtpuskVSet = page.toInteger(): null

09-12-2024T07:53:30 - [TEST_STEP][PASSED] - typeOfData = typeOfDataMain + " Потери": null

09-12-2024T07:53:30 - [TEST_STEP][PASSED] - if (a == 82): null

09-12-2024T07:53:30 - [TEST_STEP][PASSED] - else if (a == 84): null

09-12-2024T07:53:30 - [TEST_STEP][PASSED] - else if (a == 52 || a == 72 || a == 28 || a == 73 || a == 77 || a == 74 || a == 65 || a == 36 || a == 44 || a == 53 || a == 80 || a == 54 || a == 1 || a == 18 || a == 59 || a == 81): null

09-12-2024T07:53:30 - [TEST_STEP][PASSED] - else: null

09-12-2024T07:53:30 - [TEST_STEP][PASSED] - path = dataFolder + typeOfData + " за отчётный период " + b: null

09-12-2024T07:53:30 - [TEST_STEP][PASSED] - page = getText(findTestObject(path)): Text of object 'Object Repository/Выполнение бизнес-плана/Значения со страницы Выполнение бизнес-плана/Факт Потери за отчётный период Костромаэнерго' is: '224 354'

09-12-2024T07:53:30 - [MESSAGE][PASSED] - Text of object 'Object Repository/Выполнение бизнес-плана/Значения со страницы Выполнение бизнес-плана/Факт Потери за отчётный период Костромаэнерго' is: '224 354'

09-12-2024T07:53:30 - [TEST_STEP][PASSED] - page = page.replaceAll("\s+", ""): null

09-12-2024T07:53:30 - [TEST_STEP][PASSED] - filePoteri = poteri.toInteger(): null

09-12-2024T07:53:30 - [TEST_STEP][PASSED] - pagePoteri = page.toInteger(): null

09-12-2024T07:53:30 - [TEST_STEP][PASSED] - compare = pageOtpuskVSet: null

09-12-2024T07:53:30 - [TEST_STEP][PASSED] - if (compare == fileOtpuskVSet): null

09-12-2024T07:53:30 - [TEST_STEP][PASSED] - else if (compare > fileOtpuskVSet): null

09-12-2024T07:53:30 - [TEST_STEP][PASSED] - compare = compare - 1: null

09-12-2024T07:53:30 - [TEST_STEP][PASSED] - if (compare == fileOtpuskVSet): null

09-12-2024T07:53:30 - [TEST_STEP][PASSED] - else: null

09-12-2024T07:53:30 - [TEST_STEP][PASSED] - numberOfErrors = numberOfErrors + 1: null

09-12-2024T07:53:30 - [TEST_STEP][PASSED] - pageInt = pageOtpuskVSet: null

09-12-2024T07:53:30 - [TEST_STEP][PASSED] - fileInt = fileOtpuskVSet: null

09-12-2024T07:53:30 - [TEST_STEP][PASSED] - typeOfData = typeOfDataMain + " Отпуск в сеть": null

09-12-2024T07:53:30 - [TEST_STEP][PASSED] - Script1718980020443.WriteToExcel(a, typeOfData, todaysDate, pageInt, fileInt, pageDouble, fileDouble, dZO): null

09-12-2024T07:53:30 - [TEST_STEP][PASSED] - sheetName = "Sheet1": null

09-12-2024T07:53:30 - [TEST_STEP][PASSED] - data = findTestData("PlanFact"): null

09-12-2024T07:53:30 - [TEST_STEP][PASSED] - n = data.getRowNumbers() + 1: null

09-12-2024T07:53:30 - [TEST_STEP][PASSED] - year = todaysDate.substring(todaysDate.length() - 4, todaysDate.length()): null

09-12-2024T07:53:30 - [TEST_STEP][PASSED] - y = year.toInteger(): null

09-12-2024T07:53:30 - [TEST_STEP][PASSED] - m = getText(findTestObject("Выполнение бизнес-плана/Период")): Text of object 'Object Repository/Выполнение бизнес-плана/Период' is: '1, 2, 3 кв., Октябрь 2024 года'

09-12-2024T07:53:31 - [MESSAGE][PASSED] - Text of object 'Object Repository/Выполнение бизнес-плана/Период' is: '1, 2, 3 кв., Октябрь 2024 года'

09-12-2024T07:53:31 - [TEST_STEP][PASSED] - m = m.substring(0, m.indexOf("2024")): null

09-12-2024T07:53:31 - [TEST_STEP][PASSED] - m = m.trim(): null

09-12-2024T07:53:31 - [TEST_STEP][PASSED] - dashboardName = "Выполнение бизнес-плана": null

09-12-2024T07:53:31 - [TEST_STEP][PASSED] - workbook01 = getWorkbook(excelFilePath): null

09-12-2024T07:53:31 - [TEST_STEP][PASSED] - sheet01 = getExcelSheet(workbook01, sheetName): null

09-12-2024T07:53:31 - [TEST_STEP][PASSED] - setValueToCellByIndex(sheet01, n, 0, dashboardName): null

09-12-2024T07:53:31 - [TEST_STEP][PASSED] - setValueToCellByIndex(sheet01, n, 1, dZO): null

09-12-2024T07:53:31 - [TEST_STEP][PASSED] - setValueToCellByIndex(sheet01, n, 2, typeOfData): null

09-12-2024T07:53:31 - [TEST_STEP][PASSED] - if (typeOfData == "Факт в процентах" || typeOfData == "План в процентах"): null

09-12-2024T07:53:31 - [TEST_STEP][PASSED] - else: null

09-12-2024T07:53:31 - [TEST_STEP][PASSED] - setValueToCellByIndex(sheet01, n, 3, fileInt): null

09-12-2024T07:53:31 - [TEST_STEP][PASSED] - setValueToCellByIndex(sheet01, n, 4, pageInt): null

09-12-2024T07:53:31 - [TEST_STEP][PASSED] - setValueToCellByIndex(sheet01, n, 5, m): null

09-12-2024T07:53:31 - [TEST_STEP][PASSED] - setValueToCellByIndex(sheet01, n, 6, y): null

09-12-2024T07:53:31 - [TEST_STEP][PASSED] - setValueToCellByIndex(sheet01, n, 7, todaysDate): null

09-12-2024T07:53:31 - [TEST_STEP][PASSED] - n = n + 1: null

09-12-2024T07:53:31 - [TEST_STEP][PASSED] - saveWorkbook(excelFilePath, workbook01): null

09-12-2024T07:53:31 - [TEST_STEP][PASSED] - compare = pagePoteri: null

09-12-2024T07:53:31 - [TEST_STEP][PASSED] - if (compare == filePoteri): null

09-12-2024T07:53:31 - [TEST_STEP][PASSED] - else if (compare > filePoteri): null

09-12-2024T07:53:31 - [TEST_STEP][PASSED] - compare = compare - 1: null

09-12-2024T07:53:31 - [TEST_STEP][PASSED] - if (compare == filePoteri): null

09-12-2024T07:53:31 - [TEST_STEP][PASSED] - else: null

09-12-2024T07:53:31 - [TEST_STEP][PASSED] - numberOfErrors = numberOfErrors + 1: null

09-12-2024T07:53:31 - [TEST_STEP][PASSED] - pageInt = pagePoteri: null

09-12-2024T07:53:31 - [TEST_STEP][PASSED] - fileInt = filePoteri: null

09-12-2024T07:53:31 - [TEST_STEP][PASSED] - typeOfData = typeOfDataMain + " Потери": null

09-12-2024T07:53:31 - [TEST_STEP][PASSED] - Script1718980020443.WriteToExcel(a, typeOfData, todaysDate, pageInt, fileInt, pageDouble, fileDouble, dZO): null

09-12-2024T07:53:31 - [TEST_STEP][PASSED] - sheetName = "Sheet1": null

09-12-2024T07:53:31 - [TEST_STEP][PASSED] - data = findTestData("PlanFact"): null

09-12-2024T07:53:31 - [TEST_STEP][PASSED] - n = data.getRowNumbers() + 1: null

09-12-2024T07:53:31 - [TEST_STEP][PASSED] - year = todaysDate.substring(todaysDate.length() - 4, todaysDate.length()): null

09-12-2024T07:53:31 - [TEST_STEP][PASSED] - y = year.toInteger(): null

09-12-2024T07:53:31 - [TEST_STEP][PASSED] - m = getText(findTestObject("Выполнение бизнес-плана/Период")): Text of object 'Object Repository/Выполнение бизнес-плана/Период' is: '1, 2, 3 кв., Октябрь 2024 года'

09-12-2024T07:53:31 - [MESSAGE][PASSED] - Text of object 'Object Repository/Выполнение бизнес-плана/Период' is: '1, 2, 3 кв., Октябрь 2024 года'

09-12-2024T07:53:31 - [TEST_STEP][PASSED] - m = m.substring(0, m.indexOf("2024")): null

09-12-2024T07:53:31 - [TEST_STEP][PASSED] - m = m.trim(): null

09-12-2024T07:53:31 - [TEST_STEP][PASSED] - dashboardName = "Выполнение бизнес-плана": null

09-12-2024T07:53:31 - [TEST_STEP][PASSED] - workbook01 = getWorkbook(excelFilePath): null

09-12-2024T07:53:31 - [TEST_STEP][PASSED] - sheet01 = getExcelSheet(workbook01, sheetName): null

09-12-2024T07:53:31 - [TEST_STEP][PASSED] - setValueToCellByIndex(sheet01, n, 0, dashboardName): null

09-12-2024T07:53:31 - [TEST_STEP][PASSED] - setValueToCellByIndex(sheet01, n, 1, dZO): null

09-12-2024T07:53:31 - [TEST_STEP][PASSED] - setValueToCellByIndex(sheet01, n, 2, typeOfData): null

09-12-2024T07:53:31 - [TEST_STEP][PASSED] - if (typeOfData == "Факт в процентах" || typeOfData == "План в процентах"): null

09-12-2024T07:53:31 - [TEST_STEP][PASSED] - else: null

09-12-2024T07:53:31 - [TEST_STEP][PASSED] - setValueToCellByIndex(sheet01, n, 3, fileInt): null

09-12-2024T07:53:31 - [TEST_STEP][PASSED] - setValueToCellByIndex(sheet01, n, 4, pageInt): null

09-12-2024T07:53:31 - [TEST_STEP][PASSED] - setValueToCellByIndex(sheet01, n, 5, m): null

09-12-2024T07:53:31 - [TEST_STEP][PASSED] - setValueToCellByIndex(sheet01, n, 6, y): null

09-12-2024T07:53:31 - [TEST_STEP][PASSED] - setValueToCellByIndex(sheet01, n, 7, todaysDate): null

09-12-2024T07:53:31 - [TEST_STEP][PASSED] - n = n + 1: null

09-12-2024T07:53:31 - [TEST_STEP][PASSED] - saveWorkbook(excelFilePath, workbook01): null

09-12-2024T07:53:32 - [TEST_STEP][PASSED] - if (planFact == 2): null

09-12-2024T07:53:32 - [TEST_STEP][PASSED] - if (planFact == 1): null

09-12-2024T07:53:32 - [TEST_STEP][PASSED] - else if (planFact == 2): null

09-12-2024T07:53:32 - [TEST_STEP][PASSED] - click(findTestObject("Выполнение бизнес-плана/Кнопка План")): Object: 'Object Repository/Выполнение бизнес-плана/Кнопка План' is clicked on

09-12-2024T07:53:32 - [MESSAGE][PASSED] - Object: 'Object Repository/Выполнение бизнес-плана/Кнопка План' is clicked on

09-12-2024T07:53:32 - [TEST_STEP][PASSED] - typeOfDataMain = "План": null

09-12-2024T07:53:32 - [TEST_STEP][PASSED] - otpusk = findTestData("PlanFact").getValue(2, a): null

09-12-2024T07:53:32 - [TEST_STEP][PASSED] - poteri = findTestData("PlanFact").getValue(3, a): null

09-12-2024T07:53:32 - [TEST_STEP][PASSED] - otpusk = otpusk.replaceAll("\s+", ""): null

09-12-2024T07:53:32 - [TEST_STEP][PASSED] - poteri = poteri.replaceAll("\s+", ""): null

09-12-2024T07:53:32 - [TEST_STEP][PASSED] - typeOfData = typeOfDataMain + " Отпуск в сеть": null

09-12-2024T07:53:32 - [TEST_STEP][PASSED] - if (a == 82): null

09-12-2024T07:53:32 - [TEST_STEP][PASSED] - else if (a == 84): null

09-12-2024T07:53:32 - [TEST_STEP][PASSED] - else if (a == 52 || a == 72 || a == 28 || a == 73 || a == 77 || a == 74 || a == 65 || a == 36 || a == 44 || a == 53 || a == 80 || a == 54 || a == 1 || a == 18 || a == 59 || a == 81): null

09-12-2024T07:53:32 - [TEST_STEP][PASSED] - else: null

09-12-2024T07:53:32 - [TEST_STEP][PASSED] - path = dataFolder + typeOfData + " за отчётный период " + b: null

09-12-2024T07:53:32 - [TEST_STEP][PASSED] - println(path): null

09-12-2024T07:53:32 - [TEST_STEP][PASSED] - page = getText(findTestObject(path)): Text of object 'Object Repository/Выполнение бизнес-плана/Значения со страницы Выполнение бизнес-плана/План Отпуск в сеть за отчётный период Костромаэнерго' is: '2 275 837'

09-12-2024T07:53:32 - [MESSAGE][PASSED] - Text of object 'Object Repository/Выполнение бизнес-плана/Значения со страницы Выполнение бизнес-плана/План Отпуск в сеть за отчётный период Костромаэнерго' is: '2 275 837'

09-12-2024T07:53:32 - [TEST_STEP][PASSED] - page = page.replaceAll("\s+", ""): null

09-12-2024T07:53:32 - [TEST_STEP][PASSED] - fileOtpuskVSet = otpusk.toInteger(): null

09-12-2024T07:53:32 - [TEST_STEP][PASSED] - pageOtpuskVSet = page.toInteger(): null

09-12-2024T07:53:32 - [TEST_STEP][PASSED] - typeOfData = typeOfDataMain + " Потери": null

09-12-2024T07:53:32 - [TEST_STEP][PASSED] - if (a == 82): null

09-12-2024T07:53:32 - [TEST_STEP][PASSED] - else if (a == 84): null

09-12-2024T07:53:32 - [TEST_STEP][PASSED] - else if (a == 52 || a == 72 || a == 28 || a == 73 || a == 77 || a == 74 || a == 65 || a == 36 || a == 44 || a == 53 || a == 80 || a == 54 || a == 1 || a == 18 || a == 59 || a == 81): null

09-12-2024T07:53:32 - [TEST_STEP][PASSED] - else: null

09-12-2024T07:53:32 - [TEST_STEP][PASSED] - path = dataFolder + typeOfData + " за отчётный период " + b: null

09-12-2024T07:53:32 - [TEST_STEP][PASSED] - page = getText(findTestObject(path)): Text of object 'Object Repository/Выполнение бизнес-плана/Значения со страницы Выполнение бизнес-плана/План Потери за отчётный период Костромаэнерго' is: '219 706'

09-12-2024T07:53:33 - [MESSAGE][PASSED] - Text of object 'Object Repository/Выполнение бизнес-плана/Значения со страницы Выполнение бизнес-плана/План Потери за отчётный период Костромаэнерго' is: '219 706'

09-12-2024T07:53:33 - [TEST_STEP][PASSED] - page = page.replaceAll("\s+", ""): null

09-12-2024T07:53:33 - [TEST_STEP][PASSED] - filePoteri = poteri.toInteger(): null

09-12-2024T07:53:33 - [TEST_STEP][PASSED] - pagePoteri = page.toInteger(): null

09-12-2024T07:53:33 - [TEST_STEP][PASSED] - compare = pageOtpuskVSet: null

09-12-2024T07:53:33 - [TEST_STEP][PASSED] - if (compare == fileOtpuskVSet): null

09-12-2024T07:53:33 - [TEST_STEP][PASSED] - else if (compare > fileOtpuskVSet): null

09-12-2024T07:53:33 - [TEST_STEP][PASSED] - compare = compare - 1: null

09-12-2024T07:53:33 - [TEST_STEP][PASSED] - if (compare == fileOtpuskVSet): null

09-12-2024T07:53:33 - [TEST_STEP][PASSED] - else: null

09-12-2024T07:53:33 - [TEST_STEP][PASSED] - numberOfErrors = numberOfErrors + 1: null

09-12-2024T07:53:33 - [TEST_STEP][PASSED] - pageInt = pageOtpuskVSet: null

09-12-2024T07:53:33 - [TEST_STEP][PASSED] - fileInt = fileOtpuskVSet: null

09-12-2024T07:53:33 - [TEST_STEP][PASSED] - typeOfData = typeOfDataMain + " Отпуск в сеть": null

09-12-2024T07:53:33 - [TEST_STEP][PASSED] - Script1718980020443.WriteToExcel(a, typeOfData, todaysDate, pageInt, fileInt, pageDouble, fileDouble, dZO): null

09-12-2024T07:53:33 - [TEST_STEP][PASSED] - sheetName = "Sheet1": null

09-12-2024T07:53:33 - [TEST_STEP][PASSED] - data = findTestData("PlanFact"): null

09-12-2024T07:53:33 - [TEST_STEP][PASSED] - n = data.getRowNumbers() + 1: null

09-12-2024T07:53:33 - [TEST_STEP][PASSED] - year = todaysDate.substring(todaysDate.length() - 4, todaysDate.length()): null

09-12-2024T07:53:33 - [TEST_STEP][PASSED] - y = year.toInteger(): null

09-12-2024T07:53:33 - [TEST_STEP][PASSED] - m = getText(findTestObject("Выполнение бизнес-плана/Период")): Text of object 'Object Repository/Выполнение бизнес-плана/Период' is: '1, 2, 3 кв., Октябрь 2024 года'

09-12-2024T07:53:33 - [MESSAGE][PASSED] - Text of object 'Object Repository/Выполнение бизнес-плана/Период' is: '1, 2, 3 кв., Октябрь 2024 года'

09-12-2024T07:53:33 - [TEST_STEP][PASSED] - m = m.substring(0, m.indexOf("2024")): null

09-12-2024T07:53:33 - [TEST_STEP][PASSED] - m = m.trim(): null

09-12-2024T07:53:33 - [TEST_STEP][PASSED] - dashboardName = "Выполнение бизнес-плана": null

09-12-2024T07:53:33 - [TEST_STEP][PASSED] - workbook01 = getWorkbook(excelFilePath): null

09-12-2024T07:53:33 - [TEST_STEP][PASSED] - sheet01 = getExcelSheet(workbook01, sheetName): null

09-12-2024T07:53:33 - [TEST_STEP][PASSED] - setValueToCellByIndex(sheet01, n, 0, dashboardName): null

09-12-2024T07:53:33 - [TEST_STEP][PASSED] - setValueToCellByIndex(sheet01, n, 1, dZO): null

09-12-2024T07:53:33 - [TEST_STEP][PASSED] - setValueToCellByIndex(sheet01, n, 2, typeOfData): null

09-12-2024T07:53:33 - [TEST_STEP][PASSED] - if (typeOfData == "Факт в процентах" || typeOfData == "План в процентах"): null

09-12-2024T07:53:33 - [TEST_STEP][PASSED] - else: null

09-12-2024T07:53:33 - [TEST_STEP][PASSED] - setValueToCellByIndex(sheet01, n, 3, fileInt): null

09-12-2024T07:53:33 - [TEST_STEP][PASSED] - setValueToCellByIndex(sheet01, n, 4, pageInt): null

09-12-2024T07:53:33 - [TEST_STEP][PASSED] - setValueToCellByIndex(sheet01, n, 5, m): null

09-12-2024T07:53:33 - [TEST_STEP][PASSED] - setValueToCellByIndex(sheet01, n, 6, y): null

09-12-2024T07:53:33 - [TEST_STEP][PASSED] - setValueToCellByIndex(sheet01, n, 7, todaysDate): null

09-12-2024T07:53:33 - [TEST_STEP][PASSED] - n = n + 1: null

09-12-2024T07:53:33 - [TEST_STEP][PASSED] - saveWorkbook(excelFilePath, workbook01): null

09-12-2024T07:53:33 - [TEST_STEP][PASSED] - compare = pagePoteri: null

09-12-2024T07:53:33 - [TEST_STEP][PASSED] - if (compare == filePoteri): null

09-12-2024T07:53:33 - [TEST_STEP][PASSED] - else if (compare > filePoteri): null

09-12-2024T07:53:33 - [TEST_STEP][PASSED] - compare = compare - 1: null

09-12-2024T07:53:33 - [TEST_STEP][PASSED] - if (compare == filePoteri): null

09-12-2024T07:53:33 - [TEST_STEP][PASSED] - else: null

09-12-2024T07:53:33 - [TEST_STEP][PASSED] - numberOfErrors = numberOfErrors + 1: null

09-12-2024T07:53:33 - [TEST_STEP][PASSED] - pageInt = pagePoteri: null

09-12-2024T07:53:33 - [TEST_STEP][PASSED] - fileInt = filePoteri: null

09-12-2024T07:53:33 - [TEST_STEP][PASSED] - typeOfData = typeOfDataMain + " Потери": null

09-12-2024T07:53:33 - [TEST_STEP][PASSED] - Script1718980020443.WriteToExcel(a, typeOfData, todaysDate, pageInt, fileInt, pageDouble, fileDouble, dZO): null

09-12-2024T07:53:33 - [TEST_STEP][PASSED] - sheetName = "Sheet1": null

09-12-2024T07:53:33 - [TEST_STEP][PASSED] - data = findTestData("PlanFact"): null

09-12-2024T07:53:33 - [TEST_STEP][PASSED] - n = data.getRowNumbers() + 1: null

09-12-2024T07:53:33 - [TEST_STEP][PASSED] - year = todaysDate.substring(todaysDate.length() - 4, todaysDate.length()): null

09-12-2024T07:53:33 - [TEST_STEP][PASSED] - y = year.toInteger(): null

09-12-2024T07:53:33 - [TEST_STEP][PASSED] - m = getText(findTestObject("Выполнение бизнес-плана/Период")): Text of object 'Object Repository/Выполнение бизнес-плана/Период' is: '1, 2, 3 кв., Октябрь 2024 года'

09-12-2024T07:53:34 - [MESSAGE][PASSED] - Text of object 'Object Repository/Выполнение бизнес-плана/Период' is: '1, 2, 3 кв., Октябрь 2024 года'

09-12-2024T07:53:34 - [TEST_STEP][PASSED] - m = m.substring(0, m.indexOf("2024")): null

09-12-2024T07:53:34 - [TEST_STEP][PASSED] - m = m.trim(): null

09-12-2024T07:53:34 - [TEST_STEP][PASSED] - dashboardName = "Выполнение бизнес-плана": null

09-12-2024T07:53:34 - [TEST_STEP][PASSED] - workbook01 = getWorkbook(excelFilePath): null

09-12-2024T07:53:34 - [TEST_STEP][PASSED] - sheet01 = getExcelSheet(workbook01, sheetName): null

09-12-2024T07:53:34 - [TEST_STEP][PASSED] - setValueToCellByIndex(sheet01, n, 0, dashboardName): null

09-12-2024T07:53:34 - [TEST_STEP][PASSED] - setValueToCellByIndex(sheet01, n, 1, dZO): null

09-12-2024T07:53:34 - [TEST_STEP][PASSED] - setValueToCellByIndex(sheet01, n, 2, typeOfData): null

09-12-2024T07:53:34 - [TEST_STEP][PASSED] - if (typeOfData == "Факт в процентах" || typeOfData == "План в процентах"): null

09-12-2024T07:53:34 - [TEST_STEP][PASSED] - else: null

09-12-2024T07:53:34 - [TEST_STEP][PASSED] - setValueToCellByIndex(sheet01, n, 3, fileInt): null

09-12-2024T07:53:34 - [TEST_STEP][PASSED] - setValueToCellByIndex(sheet01, n, 4, pageInt): null

09-12-2024T07:53:34 - [TEST_STEP][PASSED] - setValueToCellByIndex(sheet01, n, 5, m): null

09-12-2024T07:53:34 - [TEST_STEP][PASSED] - setValueToCellByIndex(sheet01, n, 6, y): null

09-12-2024T07:53:34 - [TEST_STEP][PASSED] - setValueToCellByIndex(sheet01, n, 7, todaysDate): null

09-12-2024T07:53:34 - [TEST_STEP][PASSED] - n = n + 1: null

09-12-2024T07:53:34 - [TEST_STEP][PASSED] - saveWorkbook(excelFilePath, workbook01): Object: 'Object Repository/Выполнение бизнес-плана/Кнопка Факт' is clicked on

09-12-2024T07:53:34 - [TEST_STEP][PASSED] - if (planFact == 2): Object: 'Object Repository/Выполнение бизнес-плана/Кнопка Факт' is clicked on

09-12-2024T07:53:34 - [TEST_STEP][PASSED] - click(findTestObject("Выполнение бизнес-плана/Кнопка Факт")): Object: 'Object Repository/Выполнение бизнес-плана/Кнопка Факт' is clicked on

09-12-2024T07:53:34 - [MESSAGE][PASSED] - Object: 'Object Repository/Выполнение бизнес-плана/Кнопка Факт' is clicked on

09-12-2024T07:53:34 - [TEST_STEP][PASSED] - if (a == 84 || a == 82): null

09-12-2024T07:53:34 - [TEST_STEP][PASSED] - else if (a == 52 || a == 72 || a == 28 || a == 73 || a == 77 || a == 74 || a == 65 || a == 36 || a == 44 || a == 53 || a == 80 || a == 54 || a == 1 || a == 18 || a == 59 || a == 81): null

09-12-2024T07:53:34 - [TEST_STEP][PASSED] - else: null

09-12-2024T07:53:34 - [TEST_STEP][PASSED] - page1 = getText(findTestObject("Object Repository/Выполнение бизнес-плана/spanPlan" + filialNum)): Text of object 'Object Repository/Выполнение бизнес-плана/spanPlan7' is: '9.65
|'

09-12-2024T07:53:35 - [MESSAGE][PASSED] - Text of object 'Object Repository/Выполнение бизнес-плана/spanPlan7' is: '9.65
|'

09-12-2024T07:53:35 - [TEST_STEP][PASSED] - page1 = page1.replace("|", ""): null

09-12-2024T07:53:35 - [TEST_STEP][PASSED] - page2 = getText(findTestObject("Object Repository/Выполнение бизнес-плана/spanFact" + filialNum)): Text of object 'Object Repository/Выполнение бизнес-плана/spanFact7' is: '9.68
|'

09-12-2024T07:53:35 - [MESSAGE][PASSED] - Text of object 'Object Repository/Выполнение бизнес-плана/spanFact7' is: '9.68
|'

09-12-2024T07:53:35 - [TEST_STEP][PASSED] - page2 = page2.replace("|", ""): null

09-12-2024T07:53:35 - [TEST_STEP][PASSED] - println("page1: " + page1): null

09-12-2024T07:53:35 - [TEST_STEP][PASSED] - println("page2: " + page2): null

09-12-2024T07:53:35 - [TEST_STEP][PASSED] - file = findTestData("PlanFact").getValue(4, a): null

09-12-2024T07:53:35 - [TEST_STEP][PASSED] - file = file.replace(",", "."): null

09-12-2024T07:53:35 - [TEST_STEP][PASSED] - println("file Plan: " + file): null

09-12-2024T07:53:35 - [TEST_STEP][PASSED] - typeOfData = "План в процентах": null

09-12-2024T07:53:35 - [TEST_STEP][PASSED] - fileDouble = file.toDouble(): null

09-12-2024T07:53:35 - [TEST_STEP][PASSED] - pageDouble = page1.toDouble(): null

09-12-2024T07:53:35 - [TEST_STEP][PASSED] - if (fileDouble != pageDouble): null

09-12-2024T07:53:35 - [TEST_STEP][PASSED] - numberOfErrors = numberOfErrors + 1: null

09-12-2024T07:53:35 - [TEST_STEP][PASSED] - Script1718980020443.WriteToExcel(a, typeOfData, todaysDate, pageInt, fileInt, pageDouble, fileDouble, dZO): null

09-12-2024T07:53:35 - [TEST_STEP][PASSED] - sheetName = "Sheet1": null

09-12-2024T07:53:35 - [TEST_STEP][PASSED] - data = findTestData("PlanFact"): null

09-12-2024T07:53:35 - [TEST_STEP][PASSED] - n = data.getRowNumbers() + 1: null

09-12-2024T07:53:35 - [TEST_STEP][PASSED] - year = todaysDate.substring(todaysDate.length() - 4, todaysDate.length()): null

09-12-2024T07:53:35 - [TEST_STEP][PASSED] - y = year.toInteger(): null

09-12-2024T07:53:35 - [TEST_STEP][PASSED] - m = getText(findTestObject("Выполнение бизнес-плана/Период")): Text of object 'Object Repository/Выполнение бизнес-плана/Период' is: '1, 2, 3 кв., Октябрь 2024 года'

09-12-2024T07:53:35 - [MESSAGE][PASSED] - Text of object 'Object Repository/Выполнение бизнес-плана/Период' is: '1, 2, 3 кв., Октябрь 2024 года'

09-12-2024T07:53:35 - [TEST_STEP][PASSED] - m = m.substring(0, m.indexOf("2024")): null

09-12-2024T07:53:35 - [TEST_STEP][PASSED] - m = m.trim(): null

09-12-2024T07:53:35 - [TEST_STEP][PASSED] - dashboardName = "Выполнение бизнес-плана": null

09-12-2024T07:53:35 - [TEST_STEP][PASSED] - workbook01 = getWorkbook(excelFilePath): null

09-12-2024T07:53:35 - [TEST_STEP][PASSED] - sheet01 = getExcelSheet(workbook01, sheetName): null

09-12-2024T07:53:35 - [TEST_STEP][PASSED] - setValueToCellByIndex(sheet01, n, 0, dashboardName): null

09-12-2024T07:53:35 - [TEST_STEP][PASSED] - setValueToCellByIndex(sheet01, n, 1, dZO): null

09-12-2024T07:53:35 - [TEST_STEP][PASSED] - setValueToCellByIndex(sheet01, n, 2, typeOfData): null

09-12-2024T07:53:35 - [TEST_STEP][PASSED] - if (typeOfData == "Факт в процентах" || typeOfData == "План в процентах"): null

09-12-2024T07:53:35 - [TEST_STEP][PASSED] - setValueToCellByIndex(sheet01, n, 3, fileDouble): null

09-12-2024T07:53:35 - [TEST_STEP][PASSED] - setValueToCellByIndex(sheet01, n, 4, pageDouble): null

09-12-2024T07:53:35 - [TEST_STEP][PASSED] - setValueToCellByIndex(sheet01, n, 5, m): null

09-12-2024T07:53:35 - [TEST_STEP][PASSED] - setValueToCellByIndex(sheet01, n, 6, y): null

09-12-2024T07:53:35 - [TEST_STEP][PASSED] - setValueToCellByIndex(sheet01, n, 7, todaysDate): null

09-12-2024T07:53:35 - [TEST_STEP][PASSED] - n = n + 1: null

09-12-2024T07:53:35 - [TEST_STEP][PASSED] - saveWorkbook(excelFilePath, workbook01): null

09-12-2024T07:53:36 - [TEST_STEP][PASSED] - file = findTestData("PlanFact").getValue(7, a): null

09-12-2024T07:53:36 - [TEST_STEP][PASSED] - file = file.replace(",", "."): null

09-12-2024T07:53:36 - [TEST_STEP][PASSED] - println("file Fact: " + file): null

09-12-2024T07:53:36 - [TEST_STEP][PASSED] - fileDouble = file.toDouble(): null

09-12-2024T07:53:36 - [TEST_STEP][PASSED] - typeOfData = "Факт в процентах": null

09-12-2024T07:53:36 - [TEST_STEP][PASSED] - fileDouble = file.toDouble(): null

09-12-2024T07:53:36 - [TEST_STEP][PASSED] - pageDouble = page2.toDouble(): null

09-12-2024T07:53:36 - [TEST_STEP][PASSED] - if (fileDouble != pageDouble): null

09-12-2024T07:53:36 - [TEST_STEP][PASSED] - numberOfErrors = numberOfErrors + 1: null

09-12-2024T07:53:36 - [TEST_STEP][PASSED] - Script1718980020443.WriteToExcel(a, typeOfData, todaysDate, pageInt, fileInt, pageDouble, fileDouble, dZO): null

09-12-2024T07:53:36 - [TEST_STEP][PASSED] - sheetName = "Sheet1": null

09-12-2024T07:53:36 - [TEST_STEP][PASSED] - data = findTestData("PlanFact"): null

09-12-2024T07:53:36 - [TEST_STEP][PASSED] - n = data.getRowNumbers() + 1: null

09-12-2024T07:53:36 - [TEST_STEP][PASSED] - year = todaysDate.substring(todaysDate.length() - 4, todaysDate.length()): null

09-12-2024T07:53:36 - [TEST_STEP][PASSED] - y = year.toInteger(): null

09-12-2024T07:53:36 - [TEST_STEP][PASSED] - m = getText(findTestObject("Выполнение бизнес-плана/Период")): Text of object 'Object Repository/Выполнение бизнес-плана/Период' is: '1, 2, 3 кв., Октябрь 2024 года'

09-12-2024T07:53:36 - [MESSAGE][PASSED] - Text of object 'Object Repository/Выполнение бизнес-плана/Период' is: '1, 2, 3 кв., Октябрь 2024 года'

09-12-2024T07:53:36 - [TEST_STEP][PASSED] - m = m.substring(0, m.indexOf("2024")): null

09-12-2024T07:53:36 - [TEST_STEP][PASSED] - m = m.trim(): null

09-12-2024T07:53:36 - [TEST_STEP][PASSED] - dashboardName = "Выполнение бизнес-плана": null

09-12-2024T07:53:36 - [TEST_STEP][PASSED] - workbook01 = getWorkbook(excelFilePath): null

09-12-2024T07:53:36 - [TEST_STEP][PASSED] - sheet01 = getExcelSheet(workbook01, sheetName): null

09-12-2024T07:53:36 - [TEST_STEP][PASSED] - setValueToCellByIndex(sheet01, n, 0, dashboardName): null

09-12-2024T07:53:36 - [TEST_STEP][PASSED] - setValueToCellByIndex(sheet01, n, 1, dZO): null

09-12-2024T07:53:36 - [TEST_STEP][PASSED] - setValueToCellByIndex(sheet01, n, 2, typeOfData): null

09-12-2024T07:53:36 - [TEST_STEP][PASSED] - if (typeOfData == "Факт в процентах" || typeOfData == "План в процентах"): null

09-12-2024T07:53:36 - [TEST_STEP][PASSED] - setValueToCellByIndex(sheet01, n, 3, fileDouble): null

09-12-2024T07:53:36 - [TEST_STEP][PASSED] - setValueToCellByIndex(sheet01, n, 4, pageDouble): null

09-12-2024T07:53:36 - [TEST_STEP][PASSED] - setValueToCellByIndex(sheet01, n, 5, m): null

09-12-2024T07:53:36 - [TEST_STEP][PASSED] - setValueToCellByIndex(sheet01, n, 6, y): null

09-12-2024T07:53:36 - [TEST_STEP][PASSED] - setValueToCellByIndex(sheet01, n, 7, todaysDate): null

09-12-2024T07:53:36 - [TEST_STEP][PASSED] - n = n + 1: null

09-12-2024T07:53:36 - [TEST_STEP][PASSED] - saveWorkbook(excelFilePath, workbook01): null

09-12-2024T07:53:36 - [TEST_STEP][FAILED] - if (verifyEqual(numberOfErrors, 0) == false): null

09-12-2024T07:53:36 - [MESSAGE][FAILED] - Unable to verify equal between actual object '6' and expected object '0' (Root cause: com.kms.katalon.core.exception.StepFailedException: Actual object '6' and expected object '0' are not equal
	at com.kms.katalon.core.keyword.builtin.VerifyEqualKeyword$_verifyEqual_closure1.doCall(VerifyEqualKeyword.groovy:58)
	at com.kms.katalon.core.keyword.builtin.VerifyEqualKeyword$_verifyEqual_closure1.call(VerifyEqualKeyword.groovy)
	at com.kms.katalon.core.keyword.internal.KeywordMain.runKeyword(KeywordMain.groovy:75)
	at com.kms.katalon.core.keyword.builtin.VerifyEqualKeyword.verifyEqual(VerifyEqualKeyword.groovy:63)
	at com.kms.katalon.core.keyword.builtin.VerifyEqualKeyword.execute(VerifyEqualKeyword.groovy:44)
	at com.kms.katalon.core.keyword.internal.KeywordExecutor.executeKeywordForPlatform(KeywordExecutor.groovy:74)
	at com.kms.katalon.core.keyword.BuiltinKeywords.verifyEqual(BuiltinKeywords.groovy:146)
	at jdk.internal.reflect.GeneratedMethodAccessor24.invoke(Unknown Source)
	at java.base/jdk.internal.reflect.DelegatingMethodAccessorImpl.invoke(DelegatingMethodAccessorImpl.java:43)
	at Выполнение бизнес-плана Сверка ПАО Россети все филиалы.Numbers(Выполнение бизнес-плана Сверка ПАО Россети все филиалы:752)
	at Выполнение бизнес-плана Сверка ПАО Россети все филиалы.Filials(Выполнение бизнес-плана Сверка ПАО Россети все филиалы:1247)
	at Выполнение бизнес-плана Сверка ПАО Россети все филиалы.Numbers(Выполнение бизнес-плана Сверка ПАО Россети все филиалы:757)
	at Выполнение бизнес-плана Сверка ПАО Россети все филиалы.run(Выполнение бизнес-плана Сверка ПАО Россети все филиалы:400)
	at com.kms.katalon.core.main.ScriptEngine.run(ScriptEngine.java:194)
	at com.kms.katalon.core.main.ScriptEngine.runScriptAsRawText(ScriptEngine.java:119)
	at com.kms.katalon.core.main.TestCaseExecutor.runScript(TestCaseExecutor.java:448)
	at com.kms.katalon.core.main.TestCaseExecutor.doExecute(TestCaseExecutor.java:439)
	at com.kms.katalon.core.main.TestCaseExecutor.processExecutionPhase(TestCaseExecutor.java:418)
	at com.kms.katalon.core.main.TestCaseExecutor.accessMainPhase(TestCaseExecutor.java:410)
	at com.kms.katalon.core.main.TestCaseExecutor.execute(TestCaseExecutor.java:285)
	at com.kms.katalon.core.common.CommonExecutor.accessTestCaseMainPhase(CommonExecutor.java:65)
	at com.kms.katalon.core.main.TestSuiteExecutor.accessTestSuiteMainPhase(TestSuiteExecutor.java:150)
	at com.kms.katalon.core.main.TestSuiteExecutor.execute(TestSuiteExecutor.java:106)
	at com.kms.katalon.core.main.TestCaseMain.startTestSuite(TestCaseMain.java:180)
	at TempTestSuite1733719229947.run(TempTestSuite1733719229947.groovy:35)
	at java.base/jdk.internal.reflect.NativeMethodAccessorImpl.invoke0(Native Method)
	at java.base/jdk.internal.reflect.NativeMethodAccessorImpl.invoke(NativeMethodAccessorImpl.java:77)
	at java.base/jdk.internal.reflect.DelegatingMethodAccessorImpl.invoke(DelegatingMethodAccessorImpl.java:43)
)

09-12-2024T07:53:36 - [TEST_STEP][PASSED] - println(numberOfErrors): null

09-12-2024T07:53:36 - [TEST_STEP][PASSED] - if (a == 28 || a == 77 || a == 74 || a == 65 || a == 36 || a == 44 || a == 54 || a == 1 || a == 18 || a == 59): null

09-12-2024T07:53:36 - [TEST_STEP][PASSED] - if (a == 82): null

09-12-2024T07:53:36 - [TEST_STEP][PASSED] - dZO = "Курскэнерго": null

09-12-2024T07:53:36 - [TEST_STEP][PASSED] - a = 6: null

09-12-2024T07:53:36 - [TEST_STEP][PASSED] - if (x2.contains(dZO)): null

09-12-2024T07:53:36 - [TEST_STEP][PASSED] - filialNum = filialNum + 1: null

09-12-2024T07:53:36 - [TEST_STEP][PASSED] - Script1718980020443.Numbers(a, typeOfData, todaysDate, pageInt, fileInt, pageDouble, fileDouble, dZO, dzoNum, filialNum): null

09-12-2024T07:53:36 - [TEST_STEP][PASSED] - println(dzoNum): null

09-12-2024T07:53:36 - [TEST_STEP][PASSED] - planFact = <not implemented yet for class: org.codehaus.groovy.ast.expr.EmptyExpression>: null

09-12-2024T07:53:36 - [TEST_STEP][PASSED] - page = <not implemented yet for class: org.codehaus.groovy.ast.expr.EmptyExpression>: null

09-12-2024T07:53:36 - [TEST_STEP][PASSED] - page1 = <not implemented yet for class: org.codehaus.groovy.ast.expr.EmptyExpression>: null

09-12-2024T07:53:36 - [TEST_STEP][PASSED] - page2 = <not implemented yet for class: org.codehaus.groovy.ast.expr.EmptyExpression>: null

09-12-2024T07:53:36 - [TEST_STEP][PASSED] - filialNumberInRow = <not implemented yet for class: org.codehaus.groovy.ast.expr.EmptyExpression>: null

09-12-2024T07:53:36 - [TEST_STEP][PASSED] - filialsDzoNames = <not implemented yet for class: org.codehaus.groovy.ast.expr.EmptyExpression>: null

09-12-2024T07:53:36 - [TEST_STEP][PASSED] - numberOfFilials = <not implemented yet for class: org.codehaus.groovy.ast.expr.EmptyExpression>: null

09-12-2024T07:53:36 - [TEST_STEP][PASSED] - numberOfSpaces = <not implemented yet for class: org.codehaus.groovy.ast.expr.EmptyExpression>: null

09-12-2024T07:53:36 - [TEST_STEP][PASSED] - file = <not implemented yet for class: org.codehaus.groovy.ast.expr.EmptyExpression>: null

09-12-2024T07:53:36 - [TEST_STEP][PASSED] - otpusk = <not implemented yet for class: org.codehaus.groovy.ast.expr.EmptyExpression>: null

09-12-2024T07:53:36 - [TEST_STEP][PASSED] - poteri = <not implemented yet for class: org.codehaus.groovy.ast.expr.EmptyExpression>: null

09-12-2024T07:53:36 - [TEST_STEP][PASSED] - dataFolder = "Выполнение бизнес-плана/Значения со страницы Выполнение бизнес-плана/": null

09-12-2024T07:53:36 - [TEST_STEP][PASSED] - path = <not implemented yet for class: org.codehaus.groovy.ast.expr.EmptyExpression>: null

09-12-2024T07:53:36 - [TEST_STEP][PASSED] - typeOfDataMain = <not implemented yet for class: org.codehaus.groovy.ast.expr.EmptyExpression>: null

09-12-2024T07:53:36 - [TEST_STEP][PASSED] - fileOtpuskVSet = <not implemented yet for class: org.codehaus.groovy.ast.expr.EmptyExpression>: null

09-12-2024T07:53:36 - [TEST_STEP][PASSED] - pageOtpuskVSet = <not implemented yet for class: org.codehaus.groovy.ast.expr.EmptyExpression>: null

09-12-2024T07:53:36 - [TEST_STEP][PASSED] - filePoteri = <not implemented yet for class: org.codehaus.groovy.ast.expr.EmptyExpression>: null

09-12-2024T07:53:36 - [TEST_STEP][PASSED] - pagePoteri = <not implemented yet for class: org.codehaus.groovy.ast.expr.EmptyExpression>: null

09-12-2024T07:53:36 - [TEST_STEP][PASSED] - compare = <not implemented yet for class: org.codehaus.groovy.ast.expr.EmptyExpression>: null

09-12-2024T07:53:36 - [TEST_STEP][PASSED] - b = <not implemented yet for class: org.codehaus.groovy.ast.expr.EmptyExpression>: null

09-12-2024T07:53:36 - [TEST_STEP][PASSED] - i = <not implemented yet for class: org.codehaus.groovy.ast.expr.EmptyExpression>: null

09-12-2024T07:53:36 - [TEST_STEP][PASSED] - ii = <not implemented yet for class: org.codehaus.groovy.ast.expr.EmptyExpression>: null

09-12-2024T07:53:36 - [TEST_STEP][PASSED] - c = <not implemented yet for class: org.codehaus.groovy.ast.expr.EmptyExpression>: null

09-12-2024T07:53:36 - [TEST_STEP][PASSED] - numberOfErrors = 0: null

09-12-2024T07:53:36 - [TEST_STEP][PASSED] - if (a == 82): null

09-12-2024T07:53:36 - [TEST_STEP][PASSED] - b = findTestData("PlanFact").getValue(1, a): null

09-12-2024T07:53:36 - [TEST_STEP][PASSED] - i = b.indexOf(" (ГК)"): null

09-12-2024T07:53:36 - [TEST_STEP][PASSED] - if (i > -1): null

09-12-2024T07:53:36 - [TEST_STEP][PASSED] - i = b.indexOf("О ""): null

09-12-2024T07:53:36 - [TEST_STEP][PASSED] - if (i > -1): null

09-12-2024T07:53:36 - [TEST_STEP][PASSED] - i = b.indexOf("О «"): null

09-12-2024T07:53:36 - [TEST_STEP][PASSED] - if (i > -1): null

09-12-2024T07:53:36 - [TEST_STEP][PASSED] - i = b.indexOf("г. "): null

09-12-2024T07:53:36 - [TEST_STEP][PASSED] - if (i > -1): null

09-12-2024T07:53:36 - [TEST_STEP][PASSED] - println(b): null

09-12-2024T07:53:36 - [TEST_STEP][PASSED] - for ([planFact = 1, planFact < 3, (planFact++)]): Object: 'Object Repository/Выполнение бизнес-плана/Кнопка Факт' is clicked on

09-12-2024T07:53:36 - [TEST_STEP][PASSED] - if (planFact == 1): null

09-12-2024T07:53:36 - [TEST_STEP][PASSED] - typeOfDataMain = "Факт": null

09-12-2024T07:53:36 - [TEST_STEP][PASSED] - otpusk = findTestData("PlanFact").getValue(5, a): null

09-12-2024T07:53:36 - [TEST_STEP][PASSED] - poteri = findTestData("PlanFact").getValue(6, a): null

09-12-2024T07:53:36 - [TEST_STEP][PASSED] - otpusk = otpusk.replaceAll("\s+", ""): null

09-12-2024T07:53:36 - [TEST_STEP][PASSED] - poteri = poteri.replaceAll("\s+", ""): null

09-12-2024T07:53:36 - [TEST_STEP][PASSED] - typeOfData = typeOfDataMain + " Отпуск в сеть": null

09-12-2024T07:53:36 - [TEST_STEP][PASSED] - if (a == 82): null

09-12-2024T07:53:36 - [TEST_STEP][PASSED] - else if (a == 84): null

09-12-2024T07:53:36 - [TEST_STEP][PASSED] - else if (a == 52 || a == 72 || a == 28 || a == 73 || a == 77 || a == 74 || a == 65 || a == 36 || a == 44 || a == 53 || a == 80 || a == 54 || a == 1 || a == 18 || a == 59 || a == 81): null

09-12-2024T07:53:36 - [TEST_STEP][PASSED] - else: null

09-12-2024T07:53:36 - [TEST_STEP][PASSED] - path = dataFolder + typeOfData + " за отчётный период " + b: null

09-12-2024T07:53:36 - [TEST_STEP][PASSED] - println(path): null

09-12-2024T07:53:36 - [TEST_STEP][PASSED] - page = getText(findTestObject(path)): Text of object 'Object Repository/Выполнение бизнес-плана/Значения со страницы Выполнение бизнес-плана/Факт Отпуск в сеть за отчётный период Курскэнерго' is: '3 010 267'

09-12-2024T07:53:37 - [MESSAGE][PASSED] - Text of object 'Object Repository/Выполнение бизнес-плана/Значения со страницы Выполнение бизнес-плана/Факт Отпуск в сеть за отчётный период Курскэнерго' is: '3 010 267'

09-12-2024T07:53:37 - [TEST_STEP][PASSED] - page = page.replaceAll("\s+", ""): null

09-12-2024T07:53:37 - [TEST_STEP][PASSED] - fileOtpuskVSet = otpusk.toInteger(): null

09-12-2024T07:53:37 - [TEST_STEP][PASSED] - pageOtpuskVSet = page.toInteger(): null

09-12-2024T07:53:37 - [TEST_STEP][PASSED] - typeOfData = typeOfDataMain + " Потери": null

09-12-2024T07:53:37 - [TEST_STEP][PASSED] - if (a == 82): null

09-12-2024T07:53:37 - [TEST_STEP][PASSED] - else if (a == 84): null

09-12-2024T07:53:37 - [TEST_STEP][PASSED] - else if (a == 52 || a == 72 || a == 28 || a == 73 || a == 77 || a == 74 || a == 65 || a == 36 || a == 44 || a == 53 || a == 80 || a == 54 || a == 1 || a == 18 || a == 59 || a == 81): null

09-12-2024T07:53:37 - [TEST_STEP][PASSED] - else: null

09-12-2024T07:53:37 - [TEST_STEP][PASSED] - path = dataFolder + typeOfData + " за отчётный период " + b: null

09-12-2024T07:53:37 - [TEST_STEP][PASSED] - page = getText(findTestObject(path)): Text of object 'Object Repository/Выполнение бизнес-плана/Значения со страницы Выполнение бизнес-плана/Факт Потери за отчётный период Курскэнерго' is: '291 402'

09-12-2024T07:53:37 - [MESSAGE][PASSED] - Text of object 'Object Repository/Выполнение бизнес-плана/Значения со страницы Выполнение бизнес-плана/Факт Потери за отчётный период Курскэнерго' is: '291 402'

09-12-2024T07:53:37 - [TEST_STEP][PASSED] - page = page.replaceAll("\s+", ""): null

09-12-2024T07:53:37 - [TEST_STEP][PASSED] - filePoteri = poteri.toInteger(): null

09-12-2024T07:53:37 - [TEST_STEP][PASSED] - pagePoteri = page.toInteger(): null

09-12-2024T07:53:37 - [TEST_STEP][PASSED] - compare = pageOtpuskVSet: null

09-12-2024T07:53:37 - [TEST_STEP][PASSED] - if (compare == fileOtpuskVSet): null

09-12-2024T07:53:37 - [TEST_STEP][PASSED] - if (compare == fileOtpuskVSet): null

09-12-2024T07:53:37 - [TEST_STEP][PASSED] - compare = pagePoteri: null

09-12-2024T07:53:37 - [TEST_STEP][PASSED] - if (compare == filePoteri): null

09-12-2024T07:53:37 - [TEST_STEP][PASSED] - if (compare == filePoteri): null

09-12-2024T07:53:37 - [TEST_STEP][PASSED] - if (planFact == 2): null

09-12-2024T07:53:37 - [TEST_STEP][PASSED] - if (planFact == 1): null

09-12-2024T07:53:37 - [TEST_STEP][PASSED] - else if (planFact == 2): null

09-12-2024T07:53:37 - [TEST_STEP][PASSED] - click(findTestObject("Выполнение бизнес-плана/Кнопка План")): Object: 'Object Repository/Выполнение бизнес-плана/Кнопка План' is clicked on

09-12-2024T07:53:37 - [MESSAGE][PASSED] - Object: 'Object Repository/Выполнение бизнес-плана/Кнопка План' is clicked on

09-12-2024T07:53:37 - [TEST_STEP][PASSED] - typeOfDataMain = "План": null

09-12-2024T07:53:37 - [TEST_STEP][PASSED] - otpusk = findTestData("PlanFact").getValue(2, a): null

09-12-2024T07:53:37 - [TEST_STEP][PASSED] - poteri = findTestData("PlanFact").getValue(3, a): null

09-12-2024T07:53:38 - [TEST_STEP][PASSED] - otpusk = otpusk.replaceAll("\s+", ""): null

09-12-2024T07:53:38 - [TEST_STEP][PASSED] - poteri = poteri.replaceAll("\s+", ""): null

09-12-2024T07:53:38 - [TEST_STEP][PASSED] - typeOfData = typeOfDataMain + " Отпуск в сеть": null

09-12-2024T07:53:38 - [TEST_STEP][PASSED] - if (a == 82): null

09-12-2024T07:53:38 - [TEST_STEP][PASSED] - else if (a == 84): null

09-12-2024T07:53:38 - [TEST_STEP][PASSED] - else if (a == 52 || a == 72 || a == 28 || a == 73 || a == 77 || a == 74 || a == 65 || a == 36 || a == 44 || a == 53 || a == 80 || a == 54 || a == 1 || a == 18 || a == 59 || a == 81): null

09-12-2024T07:53:38 - [TEST_STEP][PASSED] - else: null

09-12-2024T07:53:38 - [TEST_STEP][PASSED] - path = dataFolder + typeOfData + " за отчётный период " + b: null

09-12-2024T07:53:38 - [TEST_STEP][PASSED] - println(path): null

09-12-2024T07:53:38 - [TEST_STEP][PASSED] - page = getText(findTestObject(path)): Text of object 'Object Repository/Выполнение бизнес-плана/Значения со страницы Выполнение бизнес-плана/План Отпуск в сеть за отчётный период Курскэнерго' is: '3 049 310'

09-12-2024T07:53:38 - [MESSAGE][PASSED] - Text of object 'Object Repository/Выполнение бизнес-плана/Значения со страницы Выполнение бизнес-плана/План Отпуск в сеть за отчётный период Курскэнерго' is: '3 049 310'

09-12-2024T07:53:38 - [TEST_STEP][PASSED] - page = page.replaceAll("\s+", ""): null

09-12-2024T07:53:38 - [TEST_STEP][PASSED] - fileOtpuskVSet = otpusk.toInteger(): null

09-12-2024T07:53:38 - [TEST_STEP][PASSED] - pageOtpuskVSet = page.toInteger(): null

09-12-2024T07:53:38 - [TEST_STEP][PASSED] - typeOfData = typeOfDataMain + " Потери": null

09-12-2024T07:53:38 - [TEST_STEP][PASSED] - if (a == 82): null

09-12-2024T07:53:38 - [TEST_STEP][PASSED] - else if (a == 84): null

09-12-2024T07:53:38 - [TEST_STEP][PASSED] - else if (a == 52 || a == 72 || a == 28 || a == 73 || a == 77 || a == 74 || a == 65 || a == 36 || a == 44 || a == 53 || a == 80 || a == 54 || a == 1 || a == 18 || a == 59 || a == 81): null

09-12-2024T07:53:38 - [TEST_STEP][PASSED] - else: null

09-12-2024T07:53:38 - [TEST_STEP][PASSED] - path = dataFolder + typeOfData + " за отчётный период " + b: null

09-12-2024T07:53:38 - [TEST_STEP][PASSED] - page = getText(findTestObject(path)): Text of object 'Object Repository/Выполнение бизнес-плана/Значения со страницы Выполнение бизнес-плана/План Потери за отчётный период Курскэнерго' is: '330 141'

09-12-2024T07:53:38 - [MESSAGE][PASSED] - Text of object 'Object Repository/Выполнение бизнес-плана/Значения со страницы Выполнение бизнес-плана/План Потери за отчётный период Курскэнерго' is: '330 141'

09-12-2024T07:53:38 - [TEST_STEP][PASSED] - page = page.replaceAll("\s+", ""): null

09-12-2024T07:53:38 - [TEST_STEP][PASSED] - filePoteri = poteri.toInteger(): null

09-12-2024T07:53:38 - [TEST_STEP][PASSED] - pagePoteri = page.toInteger(): null

09-12-2024T07:53:38 - [TEST_STEP][PASSED] - compare = pageOtpuskVSet: null

09-12-2024T07:53:38 - [TEST_STEP][PASSED] - if (compare == fileOtpuskVSet): null

09-12-2024T07:53:38 - [TEST_STEP][PASSED] - if (compare == fileOtpuskVSet): null

09-12-2024T07:53:38 - [TEST_STEP][PASSED] - compare = pagePoteri: null

09-12-2024T07:53:38 - [TEST_STEP][PASSED] - if (compare == filePoteri): null

09-12-2024T07:53:38 - [TEST_STEP][PASSED] - if (compare == filePoteri): null

09-12-2024T07:53:38 - [TEST_STEP][PASSED] - if (planFact == 2): Object: 'Object Repository/Выполнение бизнес-плана/Кнопка Факт' is clicked on

09-12-2024T07:53:38 - [TEST_STEP][PASSED] - click(findTestObject("Выполнение бизнес-плана/Кнопка Факт")): Object: 'Object Repository/Выполнение бизнес-плана/Кнопка Факт' is clicked on

09-12-2024T07:53:39 - [MESSAGE][PASSED] - Object: 'Object Repository/Выполнение бизнес-плана/Кнопка Факт' is clicked on

09-12-2024T07:53:39 - [TEST_STEP][PASSED] - if (a == 84 || a == 82): null

09-12-2024T07:53:39 - [TEST_STEP][PASSED] - else if (a == 52 || a == 72 || a == 28 || a == 73 || a == 77 || a == 74 || a == 65 || a == 36 || a == 44 || a == 53 || a == 80 || a == 54 || a == 1 || a == 18 || a == 59 || a == 81): null

09-12-2024T07:53:39 - [TEST_STEP][PASSED] - else: null

09-12-2024T07:53:39 - [TEST_STEP][PASSED] - page1 = getText(findTestObject("Object Repository/Выполнение бизнес-плана/spanPlan" + filialNum)): Text of object 'Object Repository/Выполнение бизнес-плана/spanPlan8' is: '10.83
|'

09-12-2024T07:53:39 - [MESSAGE][PASSED] - Text of object 'Object Repository/Выполнение бизнес-плана/spanPlan8' is: '10.83
|'

09-12-2024T07:53:39 - [TEST_STEP][PASSED] - page1 = page1.replace("|", ""): null

09-12-2024T07:53:39 - [TEST_STEP][PASSED] - page2 = getText(findTestObject("Object Repository/Выполнение бизнес-плана/spanFact" + filialNum)): Text of object 'Object Repository/Выполнение бизнес-плана/spanFact8' is: '9.68
|'

09-12-2024T07:53:39 - [MESSAGE][PASSED] - Text of object 'Object Repository/Выполнение бизнес-плана/spanFact8' is: '9.68
|'

09-12-2024T07:53:39 - [TEST_STEP][PASSED] - page2 = page2.replace("|", ""): null

09-12-2024T07:53:39 - [TEST_STEP][PASSED] - println("page1: " + page1): null

09-12-2024T07:53:39 - [TEST_STEP][PASSED] - println("page2: " + page2): null

09-12-2024T07:53:39 - [TEST_STEP][PASSED] - file = findTestData("PlanFact").getValue(4, a): null

09-12-2024T07:53:39 - [TEST_STEP][PASSED] - file = file.replace(",", "."): null

09-12-2024T07:53:39 - [TEST_STEP][PASSED] - println("file Plan: " + file): null

09-12-2024T07:53:39 - [TEST_STEP][PASSED] - typeOfData = "План в процентах": null

09-12-2024T07:53:39 - [TEST_STEP][PASSED] - fileDouble = file.toDouble(): null

09-12-2024T07:53:39 - [TEST_STEP][PASSED] - pageDouble = page1.toDouble(): null

09-12-2024T07:53:39 - [TEST_STEP][PASSED] - if (fileDouble != pageDouble): null

09-12-2024T07:53:39 - [TEST_STEP][PASSED] - file = findTestData("PlanFact").getValue(7, a): null

09-12-2024T07:53:39 - [TEST_STEP][PASSED] - file = file.replace(",", "."): null

09-12-2024T07:53:39 - [TEST_STEP][PASSED] - println("file Fact: " + file): null

09-12-2024T07:53:39 - [TEST_STEP][PASSED] - fileDouble = file.toDouble(): null

09-12-2024T07:53:39 - [TEST_STEP][PASSED] - typeOfData = "Факт в процентах": null

09-12-2024T07:53:39 - [TEST_STEP][PASSED] - fileDouble = file.toDouble(): null

09-12-2024T07:53:39 - [TEST_STEP][PASSED] - pageDouble = page2.toDouble(): null

09-12-2024T07:53:39 - [TEST_STEP][PASSED] - if (fileDouble != pageDouble): null

09-12-2024T07:53:39 - [TEST_STEP][PASSED] - if (verifyEqual(numberOfErrors, 0) == false): Actual object '0' and expected object '0' are equal

09-12-2024T07:53:39 - [MESSAGE][PASSED] - Actual object '0' and expected object '0' are equal

09-12-2024T07:53:39 - [TEST_STEP][PASSED] - if (a == 82): null

09-12-2024T07:53:39 - [TEST_STEP][PASSED] - dZO = "Липецкэнерго": null

09-12-2024T07:53:39 - [TEST_STEP][PASSED] - a = 7: null

09-12-2024T07:53:39 - [TEST_STEP][PASSED] - if (x2.contains(dZO)): null

09-12-2024T07:53:39 - [TEST_STEP][PASSED] - filialNum = filialNum + 1: null

09-12-2024T07:53:39 - [TEST_STEP][PASSED] - Script1718980020443.Numbers(a, typeOfData, todaysDate, pageInt, fileInt, pageDouble, fileDouble, dZO, dzoNum, filialNum): null

09-12-2024T07:53:39 - [TEST_STEP][PASSED] - println(dzoNum): null

09-12-2024T07:53:39 - [TEST_STEP][PASSED] - planFact = <not implemented yet for class: org.codehaus.groovy.ast.expr.EmptyExpression>: null

09-12-2024T07:53:39 - [TEST_STEP][PASSED] - page = <not implemented yet for class: org.codehaus.groovy.ast.expr.EmptyExpression>: null

09-12-2024T07:53:39 - [TEST_STEP][PASSED] - page1 = <not implemented yet for class: org.codehaus.groovy.ast.expr.EmptyExpression>: null

09-12-2024T07:53:39 - [TEST_STEP][PASSED] - page2 = <not implemented yet for class: org.codehaus.groovy.ast.expr.EmptyExpression>: null

09-12-2024T07:53:39 - [TEST_STEP][PASSED] - filialNumberInRow = <not implemented yet for class: org.codehaus.groovy.ast.expr.EmptyExpression>: null

09-12-2024T07:53:39 - [TEST_STEP][PASSED] - filialsDzoNames = <not implemented yet for class: org.codehaus.groovy.ast.expr.EmptyExpression>: null

09-12-2024T07:53:39 - [TEST_STEP][PASSED] - numberOfFilials = <not implemented yet for class: org.codehaus.groovy.ast.expr.EmptyExpression>: null

09-12-2024T07:53:39 - [TEST_STEP][PASSED] - numberOfSpaces = <not implemented yet for class: org.codehaus.groovy.ast.expr.EmptyExpression>: null

09-12-2024T07:53:39 - [TEST_STEP][PASSED] - file = <not implemented yet for class: org.codehaus.groovy.ast.expr.EmptyExpression>: null

09-12-2024T07:53:39 - [TEST_STEP][PASSED] - otpusk = <not implemented yet for class: org.codehaus.groovy.ast.expr.EmptyExpression>: null

09-12-2024T07:53:39 - [TEST_STEP][PASSED] - poteri = <not implemented yet for class: org.codehaus.groovy.ast.expr.EmptyExpression>: null

09-12-2024T07:53:39 - [TEST_STEP][PASSED] - dataFolder = "Выполнение бизнес-плана/Значения со страницы Выполнение бизнес-плана/": null

09-12-2024T07:53:39 - [TEST_STEP][PASSED] - path = <not implemented yet for class: org.codehaus.groovy.ast.expr.EmptyExpression>: null

09-12-2024T07:53:39 - [TEST_STEP][PASSED] - typeOfDataMain = <not implemented yet for class: org.codehaus.groovy.ast.expr.EmptyExpression>: null

09-12-2024T07:53:39 - [TEST_STEP][PASSED] - fileOtpuskVSet = <not implemented yet for class: org.codehaus.groovy.ast.expr.EmptyExpression>: null

09-12-2024T07:53:39 - [TEST_STEP][PASSED] - pageOtpuskVSet = <not implemented yet for class: org.codehaus.groovy.ast.expr.EmptyExpression>: null

09-12-2024T07:53:39 - [TEST_STEP][PASSED] - filePoteri = <not implemented yet for class: org.codehaus.groovy.ast.expr.EmptyExpression>: null

09-12-2024T07:53:39 - [TEST_STEP][PASSED] - pagePoteri = <not implemented yet for class: org.codehaus.groovy.ast.expr.EmptyExpression>: null

09-12-2024T07:53:39 - [TEST_STEP][PASSED] - compare = <not implemented yet for class: org.codehaus.groovy.ast.expr.EmptyExpression>: null

09-12-2024T07:53:39 - [TEST_STEP][PASSED] - b = <not implemented yet for class: org.codehaus.groovy.ast.expr.EmptyExpression>: null

09-12-2024T07:53:39 - [TEST_STEP][PASSED] - i = <not implemented yet for class: org.codehaus.groovy.ast.expr.EmptyExpression>: null

09-12-2024T07:53:39 - [TEST_STEP][PASSED] - ii = <not implemented yet for class: org.codehaus.groovy.ast.expr.EmptyExpression>: null

09-12-2024T07:53:39 - [TEST_STEP][PASSED] - c = <not implemented yet for class: org.codehaus.groovy.ast.expr.EmptyExpression>: null

09-12-2024T07:53:39 - [TEST_STEP][PASSED] - numberOfErrors = 0: null

09-12-2024T07:53:39 - [TEST_STEP][PASSED] - if (a == 82): null

09-12-2024T07:53:39 - [TEST_STEP][PASSED] - b = findTestData("PlanFact").getValue(1, a): null

09-12-2024T07:53:39 - [TEST_STEP][PASSED] - i = b.indexOf(" (ГК)"): null

09-12-2024T07:53:39 - [TEST_STEP][PASSED] - if (i > -1): null

09-12-2024T07:53:39 - [TEST_STEP][PASSED] - i = b.indexOf("О ""): null

09-12-2024T07:53:39 - [TEST_STEP][PASSED] - if (i > -1): null

09-12-2024T07:53:39 - [TEST_STEP][PASSED] - i = b.indexOf("О «"): null

09-12-2024T07:53:39 - [TEST_STEP][PASSED] - if (i > -1): null

09-12-2024T07:53:39 - [TEST_STEP][PASSED] - i = b.indexOf("г. "): null

09-12-2024T07:53:39 - [TEST_STEP][PASSED] - if (i > -1): null

09-12-2024T07:53:39 - [TEST_STEP][PASSED] - println(b): null

09-12-2024T07:53:39 - [TEST_STEP][PASSED] - for ([planFact = 1, planFact < 3, (planFact++)]): Object: 'Object Repository/Выполнение бизнес-плана/Кнопка Факт' is clicked on

09-12-2024T07:53:39 - [TEST_STEP][PASSED] - if (planFact == 1): null

09-12-2024T07:53:39 - [TEST_STEP][PASSED] - typeOfDataMain = "Факт": null

09-12-2024T07:53:39 - [TEST_STEP][PASSED] - otpusk = findTestData("PlanFact").getValue(5, a): null

09-12-2024T07:53:39 - [TEST_STEP][PASSED] - poteri = findTestData("PlanFact").getValue(6, a): null

09-12-2024T07:53:39 - [TEST_STEP][PASSED] - otpusk = otpusk.replaceAll("\s+", ""): null

09-12-2024T07:53:39 - [TEST_STEP][PASSED] - poteri = poteri.replaceAll("\s+", ""): null

09-12-2024T07:53:39 - [TEST_STEP][PASSED] - typeOfData = typeOfDataMain + " Отпуск в сеть": null

09-12-2024T07:53:39 - [TEST_STEP][PASSED] - if (a == 82): null

09-12-2024T07:53:39 - [TEST_STEP][PASSED] - else if (a == 84): null

09-12-2024T07:53:39 - [TEST_STEP][PASSED] - else if (a == 52 || a == 72 || a == 28 || a == 73 || a == 77 || a == 74 || a == 65 || a == 36 || a == 44 || a == 53 || a == 80 || a == 54 || a == 1 || a == 18 || a == 59 || a == 81): null

09-12-2024T07:53:39 - [TEST_STEP][PASSED] - else: null

09-12-2024T07:53:39 - [TEST_STEP][PASSED] - path = dataFolder + typeOfData + " за отчётный период " + b: null

09-12-2024T07:53:39 - [TEST_STEP][PASSED] - println(path): null

09-12-2024T07:53:39 - [TEST_STEP][PASSED] - page = getText(findTestObject(path)): Text of object 'Object Repository/Выполнение бизнес-плана/Значения со страницы Выполнение бизнес-плана/Факт Отпуск в сеть за отчётный период Липецкэнерго' is: '4 473 747'

09-12-2024T07:53:40 - [MESSAGE][PASSED] - Text of object 'Object Repository/Выполнение бизнес-плана/Значения со страницы Выполнение бизнес-плана/Факт Отпуск в сеть за отчётный период Липецкэнерго' is: '4 473 747'

09-12-2024T07:53:40 - [TEST_STEP][PASSED] - page = page.replaceAll("\s+", ""): null

09-12-2024T07:53:40 - [TEST_STEP][PASSED] - fileOtpuskVSet = otpusk.toInteger(): null

09-12-2024T07:53:40 - [TEST_STEP][PASSED] - pageOtpuskVSet = page.toInteger(): null

09-12-2024T07:53:40 - [TEST_STEP][PASSED] - typeOfData = typeOfDataMain + " Потери": null

09-12-2024T07:53:40 - [TEST_STEP][PASSED] - if (a == 82): null

09-12-2024T07:53:40 - [TEST_STEP][PASSED] - else if (a == 84): null

09-12-2024T07:53:40 - [TEST_STEP][PASSED] - else if (a == 52 || a == 72 || a == 28 || a == 73 || a == 77 || a == 74 || a == 65 || a == 36 || a == 44 || a == 53 || a == 80 || a == 54 || a == 1 || a == 18 || a == 59 || a == 81): null

09-12-2024T07:53:40 - [TEST_STEP][PASSED] - else: null

09-12-2024T07:53:40 - [TEST_STEP][PASSED] - path = dataFolder + typeOfData + " за отчётный период " + b: null

09-12-2024T07:53:40 - [TEST_STEP][PASSED] - page = getText(findTestObject(path)): Text of object 'Object Repository/Выполнение бизнес-плана/Значения со страницы Выполнение бизнес-плана/Факт Потери за отчётный период Липецкэнерго' is: '609 847'

09-12-2024T07:53:40 - [MESSAGE][PASSED] - Text of object 'Object Repository/Выполнение бизнес-плана/Значения со страницы Выполнение бизнес-плана/Факт Потери за отчётный период Липецкэнерго' is: '609 847'

09-12-2024T07:53:40 - [TEST_STEP][PASSED] - page = page.replaceAll("\s+", ""): null

09-12-2024T07:53:40 - [TEST_STEP][PASSED] - filePoteri = poteri.toInteger(): null

09-12-2024T07:53:40 - [TEST_STEP][PASSED] - pagePoteri = page.toInteger(): null

09-12-2024T07:53:40 - [TEST_STEP][PASSED] - compare = pageOtpuskVSet: null

09-12-2024T07:53:40 - [TEST_STEP][PASSED] - if (compare == fileOtpuskVSet): null

09-12-2024T07:53:40 - [TEST_STEP][PASSED] - if (compare == fileOtpuskVSet): null

09-12-2024T07:53:40 - [TEST_STEP][PASSED] - compare = pagePoteri: null

09-12-2024T07:53:40 - [TEST_STEP][PASSED] - if (compare == filePoteri): null

09-12-2024T07:53:40 - [TEST_STEP][PASSED] - if (compare == filePoteri): null

09-12-2024T07:53:40 - [TEST_STEP][PASSED] - if (planFact == 2): null

09-12-2024T07:53:40 - [TEST_STEP][PASSED] - if (planFact == 1): null

09-12-2024T07:53:40 - [TEST_STEP][PASSED] - else if (planFact == 2): null

09-12-2024T07:53:40 - [TEST_STEP][PASSED] - click(findTestObject("Выполнение бизнес-плана/Кнопка План")): Object: 'Object Repository/Выполнение бизнес-плана/Кнопка План' is clicked on

09-12-2024T07:53:40 - [MESSAGE][PASSED] - Object: 'Object Repository/Выполнение бизнес-плана/Кнопка План' is clicked on

09-12-2024T07:53:40 - [TEST_STEP][PASSED] - typeOfDataMain = "План": null

09-12-2024T07:53:40 - [TEST_STEP][PASSED] - otpusk = findTestData("PlanFact").getValue(2, a): null

09-12-2024T07:53:40 - [TEST_STEP][PASSED] - poteri = findTestData("PlanFact").getValue(3, a): null

09-12-2024T07:53:41 - [TEST_STEP][PASSED] - otpusk = otpusk.replaceAll("\s+", ""): null

09-12-2024T07:53:41 - [TEST_STEP][PASSED] - poteri = poteri.replaceAll("\s+", ""): null

09-12-2024T07:53:41 - [TEST_STEP][PASSED] - typeOfData = typeOfDataMain + " Отпуск в сеть": null

09-12-2024T07:53:41 - [TEST_STEP][PASSED] - if (a == 82): null

09-12-2024T07:53:41 - [TEST_STEP][PASSED] - else if (a == 84): null

09-12-2024T07:53:41 - [TEST_STEP][PASSED] - else if (a == 52 || a == 72 || a == 28 || a == 73 || a == 77 || a == 74 || a == 65 || a == 36 || a == 44 || a == 53 || a == 80 || a == 54 || a == 1 || a == 18 || a == 59 || a == 81): null

09-12-2024T07:53:41 - [TEST_STEP][PASSED] - else: null

09-12-2024T07:53:41 - [TEST_STEP][PASSED] - path = dataFolder + typeOfData + " за отчётный период " + b: null

09-12-2024T07:53:41 - [TEST_STEP][PASSED] - println(path): null

09-12-2024T07:53:41 - [TEST_STEP][PASSED] - page = getText(findTestObject(path)): Text of object 'Object Repository/Выполнение бизнес-плана/Значения со страницы Выполнение бизнес-плана/План Отпуск в сеть за отчётный период Липецкэнерго' is: '4 188 513'

09-12-2024T07:53:41 - [MESSAGE][PASSED] - Text of object 'Object Repository/Выполнение бизнес-плана/Значения со страницы Выполнение бизнес-плана/План Отпуск в сеть за отчётный период Липецкэнерго' is: '4 188 513'

09-12-2024T07:53:41 - [TEST_STEP][PASSED] - page = page.replaceAll("\s+", ""): null

09-12-2024T07:53:41 - [TEST_STEP][PASSED] - fileOtpuskVSet = otpusk.toInteger(): null

09-12-2024T07:53:41 - [TEST_STEP][PASSED] - pageOtpuskVSet = page.toInteger(): null

09-12-2024T07:53:41 - [TEST_STEP][PASSED] - typeOfData = typeOfDataMain + " Потери": null

09-12-2024T07:53:41 - [TEST_STEP][PASSED] - if (a == 82): null

09-12-2024T07:53:41 - [TEST_STEP][PASSED] - else if (a == 84): null

09-12-2024T07:53:41 - [TEST_STEP][PASSED] - else if (a == 52 || a == 72 || a == 28 || a == 73 || a == 77 || a == 74 || a == 65 || a == 36 || a == 44 || a == 53 || a == 80 || a == 54 || a == 1 || a == 18 || a == 59 || a == 81): null

09-12-2024T07:53:41 - [TEST_STEP][PASSED] - else: null

09-12-2024T07:53:41 - [TEST_STEP][PASSED] - path = dataFolder + typeOfData + " за отчётный период " + b: null

09-12-2024T07:53:41 - [TEST_STEP][PASSED] - page = getText(findTestObject(path)): Text of object 'Object Repository/Выполнение бизнес-плана/Значения со страницы Выполнение бизнес-плана/План Потери за отчётный период Липецкэнерго' is: '648 891'

09-12-2024T07:53:41 - [MESSAGE][PASSED] - Text of object 'Object Repository/Выполнение бизнес-плана/Значения со страницы Выполнение бизнес-плана/План Потери за отчётный период Липецкэнерго' is: '648 891'

09-12-2024T07:53:41 - [TEST_STEP][PASSED] - page = page.replaceAll("\s+", ""): null

09-12-2024T07:53:41 - [TEST_STEP][PASSED] - filePoteri = poteri.toInteger(): null

09-12-2024T07:53:41 - [TEST_STEP][PASSED] - pagePoteri = page.toInteger(): null

09-12-2024T07:53:41 - [TEST_STEP][PASSED] - compare = pageOtpuskVSet: null

09-12-2024T07:53:41 - [TEST_STEP][PASSED] - if (compare == fileOtpuskVSet): null

09-12-2024T07:53:41 - [TEST_STEP][PASSED] - if (compare == fileOtpuskVSet): null

09-12-2024T07:53:41 - [TEST_STEP][PASSED] - compare = pagePoteri: null

09-12-2024T07:53:41 - [TEST_STEP][PASSED] - if (compare == filePoteri): null

09-12-2024T07:53:41 - [TEST_STEP][PASSED] - if (compare == filePoteri): null

09-12-2024T07:53:41 - [TEST_STEP][PASSED] - if (planFact == 2): Object: 'Object Repository/Выполнение бизнес-плана/Кнопка Факт' is clicked on

09-12-2024T07:53:41 - [TEST_STEP][PASSED] - click(findTestObject("Выполнение бизнес-плана/Кнопка Факт")): Object: 'Object Repository/Выполнение бизнес-плана/Кнопка Факт' is clicked on

09-12-2024T07:53:42 - [MESSAGE][PASSED] - Object: 'Object Repository/Выполнение бизнес-плана/Кнопка Факт' is clicked on

09-12-2024T07:53:42 - [TEST_STEP][PASSED] - if (a == 84 || a == 82): null

09-12-2024T07:53:42 - [TEST_STEP][PASSED] - else if (a == 52 || a == 72 || a == 28 || a == 73 || a == 77 || a == 74 || a == 65 || a == 36 || a == 44 || a == 53 || a == 80 || a == 54 || a == 1 || a == 18 || a == 59 || a == 81): null

09-12-2024T07:53:42 - [TEST_STEP][PASSED] - else: null

09-12-2024T07:53:42 - [TEST_STEP][PASSED] - page1 = getText(findTestObject("Object Repository/Выполнение бизнес-плана/spanPlan" + filialNum)): Text of object 'Object Repository/Выполнение бизнес-плана/spanPlan9' is: '15.49
|'

09-12-2024T07:53:42 - [MESSAGE][PASSED] - Text of object 'Object Repository/Выполнение бизнес-плана/spanPlan9' is: '15.49
|'

09-12-2024T07:53:42 - [TEST_STEP][PASSED] - page1 = page1.replace("|", ""): null

09-12-2024T07:53:42 - [TEST_STEP][PASSED] - page2 = getText(findTestObject("Object Repository/Выполнение бизнес-плана/spanFact" + filialNum)): Text of object 'Object Repository/Выполнение бизнес-плана/spanFact9' is: '13.63
|'

09-12-2024T07:53:42 - [MESSAGE][PASSED] - Text of object 'Object Repository/Выполнение бизнес-плана/spanFact9' is: '13.63
|'

09-12-2024T07:53:42 - [TEST_STEP][PASSED] - page2 = page2.replace("|", ""): null

09-12-2024T07:53:42 - [TEST_STEP][PASSED] - println("page1: " + page1): null

09-12-2024T07:53:42 - [TEST_STEP][PASSED] - println("page2: " + page2): null

09-12-2024T07:53:42 - [TEST_STEP][PASSED] - file = findTestData("PlanFact").getValue(4, a): null

09-12-2024T07:53:42 - [TEST_STEP][PASSED] - file = file.replace(",", "."): null

09-12-2024T07:53:42 - [TEST_STEP][PASSED] - println("file Plan: " + file): null

09-12-2024T07:53:42 - [TEST_STEP][PASSED] - typeOfData = "План в процентах": null

09-12-2024T07:53:42 - [TEST_STEP][PASSED] - fileDouble = file.toDouble(): null

09-12-2024T07:53:42 - [TEST_STEP][PASSED] - pageDouble = page1.toDouble(): null

09-12-2024T07:53:42 - [TEST_STEP][PASSED] - if (fileDouble != pageDouble): null

09-12-2024T07:53:42 - [TEST_STEP][PASSED] - file = findTestData("PlanFact").getValue(7, a): null

09-12-2024T07:53:42 - [TEST_STEP][PASSED] - file = file.replace(",", "."): null

09-12-2024T07:53:42 - [TEST_STEP][PASSED] - println("file Fact: " + file): null

09-12-2024T07:53:42 - [TEST_STEP][PASSED] - fileDouble = file.toDouble(): null

09-12-2024T07:53:42 - [TEST_STEP][PASSED] - typeOfData = "Факт в процентах": null

09-12-2024T07:53:42 - [TEST_STEP][PASSED] - fileDouble = file.toDouble(): null

09-12-2024T07:53:42 - [TEST_STEP][PASSED] - pageDouble = page2.toDouble(): null

09-12-2024T07:53:42 - [TEST_STEP][PASSED] - if (fileDouble != pageDouble): null

09-12-2024T07:53:42 - [TEST_STEP][PASSED] - if (verifyEqual(numberOfErrors, 0) == false): Actual object '0' and expected object '0' are equal

09-12-2024T07:53:42 - [MESSAGE][PASSED] - Actual object '0' and expected object '0' are equal

09-12-2024T07:53:42 - [TEST_STEP][PASSED] - if (a == 82): null

09-12-2024T07:53:42 - [TEST_STEP][PASSED] - dZO = "ООО «БрянскЭлектро»": null

09-12-2024T07:53:42 - [TEST_STEP][PASSED] - a = 13: null

09-12-2024T07:53:42 - [TEST_STEP][PASSED] - dzoCut = dZO.substring(5, 12): null

09-12-2024T07:53:42 - [TEST_STEP][PASSED] - if (x2.contains(dzoCut)): null

09-12-2024T07:53:42 - [TEST_STEP][PASSED] - filialNum = filialNum + 1: null

09-12-2024T07:53:42 - [TEST_STEP][PASSED] - Script1718980020443.Numbers(a, typeOfData, todaysDate, pageInt, fileInt, pageDouble, fileDouble, dZO, dzoNum, filialNum): null

09-12-2024T07:53:42 - [TEST_STEP][PASSED] - println(dzoNum): null

09-12-2024T07:53:42 - [TEST_STEP][PASSED] - planFact = <not implemented yet for class: org.codehaus.groovy.ast.expr.EmptyExpression>: null

09-12-2024T07:53:42 - [TEST_STEP][PASSED] - page = <not implemented yet for class: org.codehaus.groovy.ast.expr.EmptyExpression>: null

09-12-2024T07:53:42 - [TEST_STEP][PASSED] - page1 = <not implemented yet for class: org.codehaus.groovy.ast.expr.EmptyExpression>: null

09-12-2024T07:53:42 - [TEST_STEP][PASSED] - page2 = <not implemented yet for class: org.codehaus.groovy.ast.expr.EmptyExpression>: null

09-12-2024T07:53:42 - [TEST_STEP][PASSED] - filialNumberInRow = <not implemented yet for class: org.codehaus.groovy.ast.expr.EmptyExpression>: null

09-12-2024T07:53:42 - [TEST_STEP][PASSED] - filialsDzoNames = <not implemented yet for class: org.codehaus.groovy.ast.expr.EmptyExpression>: null

09-12-2024T07:53:42 - [TEST_STEP][PASSED] - numberOfFilials = <not implemented yet for class: org.codehaus.groovy.ast.expr.EmptyExpression>: null

09-12-2024T07:53:42 - [TEST_STEP][PASSED] - numberOfSpaces = <not implemented yet for class: org.codehaus.groovy.ast.expr.EmptyExpression>: null

09-12-2024T07:53:42 - [TEST_STEP][PASSED] - file = <not implemented yet for class: org.codehaus.groovy.ast.expr.EmptyExpression>: null

09-12-2024T07:53:42 - [TEST_STEP][PASSED] - otpusk = <not implemented yet for class: org.codehaus.groovy.ast.expr.EmptyExpression>: null

09-12-2024T07:53:42 - [TEST_STEP][PASSED] - poteri = <not implemented yet for class: org.codehaus.groovy.ast.expr.EmptyExpression>: null

09-12-2024T07:53:42 - [TEST_STEP][PASSED] - dataFolder = "Выполнение бизнес-плана/Значения со страницы Выполнение бизнес-плана/": null

09-12-2024T07:53:42 - [TEST_STEP][PASSED] - path = <not implemented yet for class: org.codehaus.groovy.ast.expr.EmptyExpression>: null

09-12-2024T07:53:42 - [TEST_STEP][PASSED] - typeOfDataMain = <not implemented yet for class: org.codehaus.groovy.ast.expr.EmptyExpression>: null

09-12-2024T07:53:42 - [TEST_STEP][PASSED] - fileOtpuskVSet = <not implemented yet for class: org.codehaus.groovy.ast.expr.EmptyExpression>: null

09-12-2024T07:53:42 - [TEST_STEP][PASSED] - pageOtpuskVSet = <not implemented yet for class: org.codehaus.groovy.ast.expr.EmptyExpression>: null

09-12-2024T07:53:42 - [TEST_STEP][PASSED] - filePoteri = <not implemented yet for class: org.codehaus.groovy.ast.expr.EmptyExpression>: null

09-12-2024T07:53:42 - [TEST_STEP][PASSED] - pagePoteri = <not implemented yet for class: org.codehaus.groovy.ast.expr.EmptyExpression>: null

09-12-2024T07:53:42 - [TEST_STEP][PASSED] - compare = <not implemented yet for class: org.codehaus.groovy.ast.expr.EmptyExpression>: null

09-12-2024T07:53:42 - [TEST_STEP][PASSED] - b = <not implemented yet for class: org.codehaus.groovy.ast.expr.EmptyExpression>: null

09-12-2024T07:53:42 - [TEST_STEP][PASSED] - i = <not implemented yet for class: org.codehaus.groovy.ast.expr.EmptyExpression>: null

09-12-2024T07:53:42 - [TEST_STEP][PASSED] - ii = <not implemented yet for class: org.codehaus.groovy.ast.expr.EmptyExpression>: null

09-12-2024T07:53:42 - [TEST_STEP][PASSED] - c = <not implemented yet for class: org.codehaus.groovy.ast.expr.EmptyExpression>: null

09-12-2024T07:53:42 - [TEST_STEP][PASSED] - numberOfErrors = 0: null

09-12-2024T07:53:42 - [TEST_STEP][PASSED] - if (a == 82): null

09-12-2024T07:53:42 - [TEST_STEP][PASSED] - b = findTestData("PlanFact").getValue(1, a): null

09-12-2024T07:53:42 - [TEST_STEP][PASSED] - i = b.indexOf(" (ГК)"): null

09-12-2024T07:53:42 - [TEST_STEP][PASSED] - if (i > -1): null

09-12-2024T07:53:42 - [TEST_STEP][PASSED] - i = b.indexOf("О ""): null

09-12-2024T07:53:42 - [TEST_STEP][PASSED] - if (i > -1): null

09-12-2024T07:53:42 - [TEST_STEP][PASSED] - i = b.indexOf("О «"): null

09-12-2024T07:53:42 - [TEST_STEP][PASSED] - if (i > -1): null

09-12-2024T07:53:42 - [TEST_STEP][PASSED] - b = b.substring(i + 3, b.length()): null

09-12-2024T07:53:42 - [TEST_STEP][PASSED] - i = b.indexOf("»"): null

09-12-2024T07:53:42 - [TEST_STEP][PASSED] - b = b.substring(0, i): null

09-12-2024T07:53:42 - [TEST_STEP][PASSED] - b = b.trim(): null

09-12-2024T07:53:42 - [TEST_STEP][PASSED] - i = b.indexOf("г. "): null

09-12-2024T07:53:42 - [TEST_STEP][PASSED] - if (i > -1): null

09-12-2024T07:53:42 - [TEST_STEP][PASSED] - println(b): null

09-12-2024T07:53:42 - [TEST_STEP][PASSED] - for ([planFact = 1, planFact < 3, (planFact++)]): Object: 'Object Repository/Выполнение бизнес-плана/Кнопка Факт' is clicked on

09-12-2024T07:53:42 - [TEST_STEP][PASSED] - if (planFact == 1): null

09-12-2024T07:53:42 - [TEST_STEP][PASSED] - typeOfDataMain = "Факт": null

09-12-2024T07:53:42 - [TEST_STEP][PASSED] - otpusk = findTestData("PlanFact").getValue(5, a): null

09-12-2024T07:53:42 - [TEST_STEP][PASSED] - poteri = findTestData("PlanFact").getValue(6, a): null

09-12-2024T07:53:42 - [TEST_STEP][PASSED] - otpusk = otpusk.replaceAll("\s+", ""): null

09-12-2024T07:53:42 - [TEST_STEP][PASSED] - poteri = poteri.replaceAll("\s+", ""): null

09-12-2024T07:53:42 - [TEST_STEP][PASSED] - typeOfData = typeOfDataMain + " Отпуск в сеть": null

09-12-2024T07:53:42 - [TEST_STEP][PASSED] - if (a == 82): null

09-12-2024T07:53:42 - [TEST_STEP][PASSED] - else if (a == 84): null

09-12-2024T07:53:42 - [TEST_STEP][PASSED] - else if (a == 52 || a == 72 || a == 28 || a == 73 || a == 77 || a == 74 || a == 65 || a == 36 || a == 44 || a == 53 || a == 80 || a == 54 || a == 1 || a == 18 || a == 59 || a == 81): null

09-12-2024T07:53:42 - [TEST_STEP][PASSED] - else: null

09-12-2024T07:53:42 - [TEST_STEP][PASSED] - path = dataFolder + typeOfData + " за отчётный период " + b: null

09-12-2024T07:53:42 - [TEST_STEP][PASSED] - println(path): null

09-12-2024T07:53:42 - [TEST_STEP][PASSED] - page = getText(findTestObject(path)): Text of object 'Object Repository/Выполнение бизнес-плана/Значения со страницы Выполнение бизнес-плана/Факт Отпуск в сеть за отчётный период БрянскЭлектро' is: '1 794 813'

09-12-2024T07:53:43 - [MESSAGE][PASSED] - Text of object 'Object Repository/Выполнение бизнес-плана/Значения со страницы Выполнение бизнес-плана/Факт Отпуск в сеть за отчётный период БрянскЭлектро' is: '1 794 813'

09-12-2024T07:53:43 - [TEST_STEP][PASSED] - page = page.replaceAll("\s+", ""): null

09-12-2024T07:53:43 - [TEST_STEP][PASSED] - fileOtpuskVSet = otpusk.toInteger(): null

09-12-2024T07:53:43 - [TEST_STEP][PASSED] - pageOtpuskVSet = page.toInteger(): null

09-12-2024T07:53:43 - [TEST_STEP][PASSED] - typeOfData = typeOfDataMain + " Потери": null

09-12-2024T07:53:43 - [TEST_STEP][PASSED] - if (a == 82): null

09-12-2024T07:53:43 - [TEST_STEP][PASSED] - else if (a == 84): null

09-12-2024T07:53:43 - [TEST_STEP][PASSED] - else if (a == 52 || a == 72 || a == 28 || a == 73 || a == 77 || a == 74 || a == 65 || a == 36 || a == 44 || a == 53 || a == 80 || a == 54 || a == 1 || a == 18 || a == 59 || a == 81): null

09-12-2024T07:53:43 - [TEST_STEP][PASSED] - else: null

09-12-2024T07:53:43 - [TEST_STEP][PASSED] - path = dataFolder + typeOfData + " за отчётный период " + b: null

09-12-2024T07:53:43 - [TEST_STEP][PASSED] - page = getText(findTestObject(path)): Text of object 'Object Repository/Выполнение бизнес-плана/Значения со страницы Выполнение бизнес-плана/Факт Потери за отчётный период БрянскЭлектро' is: '177 726'

09-12-2024T07:53:43 - [MESSAGE][PASSED] - Text of object 'Object Repository/Выполнение бизнес-плана/Значения со страницы Выполнение бизнес-плана/Факт Потери за отчётный период БрянскЭлектро' is: '177 726'

09-12-2024T07:53:43 - [TEST_STEP][PASSED] - page = page.replaceAll("\s+", ""): null

09-12-2024T07:53:43 - [TEST_STEP][PASSED] - filePoteri = poteri.toInteger(): null

09-12-2024T07:53:43 - [TEST_STEP][PASSED] - pagePoteri = page.toInteger(): null

09-12-2024T07:53:43 - [TEST_STEP][PASSED] - compare = pageOtpuskVSet: null

09-12-2024T07:53:43 - [TEST_STEP][PASSED] - if (compare == fileOtpuskVSet): null

09-12-2024T07:53:43 - [TEST_STEP][PASSED] - if (compare == fileOtpuskVSet): null

09-12-2024T07:53:43 - [TEST_STEP][PASSED] - compare = pagePoteri: null

09-12-2024T07:53:43 - [TEST_STEP][PASSED] - if (compare == filePoteri): null

09-12-2024T07:53:43 - [TEST_STEP][PASSED] - if (compare == filePoteri): null

09-12-2024T07:53:43 - [TEST_STEP][PASSED] - if (planFact == 2): null

09-12-2024T07:53:43 - [TEST_STEP][PASSED] - if (planFact == 1): null

09-12-2024T07:53:43 - [TEST_STEP][PASSED] - else if (planFact == 2): null

09-12-2024T07:53:43 - [TEST_STEP][PASSED] - click(findTestObject("Выполнение бизнес-плана/Кнопка План")): Object: 'Object Repository/Выполнение бизнес-плана/Кнопка План' is clicked on

09-12-2024T07:53:43 - [MESSAGE][PASSED] - Object: 'Object Repository/Выполнение бизнес-плана/Кнопка План' is clicked on

09-12-2024T07:53:43 - [TEST_STEP][PASSED] - typeOfDataMain = "План": null

09-12-2024T07:53:43 - [TEST_STEP][PASSED] - otpusk = findTestData("PlanFact").getValue(2, a): null

09-12-2024T07:53:43 - [TEST_STEP][PASSED] - poteri = findTestData("PlanFact").getValue(3, a): null

09-12-2024T07:53:44 - [TEST_STEP][PASSED] - otpusk = otpusk.replaceAll("\s+", ""): null

09-12-2024T07:53:44 - [TEST_STEP][PASSED] - poteri = poteri.replaceAll("\s+", ""): null

09-12-2024T07:53:44 - [TEST_STEP][PASSED] - typeOfData = typeOfDataMain + " Отпуск в сеть": null

09-12-2024T07:53:44 - [TEST_STEP][PASSED] - if (a == 82): null

09-12-2024T07:53:44 - [TEST_STEP][PASSED] - else if (a == 84): null

09-12-2024T07:53:44 - [TEST_STEP][PASSED] - else if (a == 52 || a == 72 || a == 28 || a == 73 || a == 77 || a == 74 || a == 65 || a == 36 || a == 44 || a == 53 || a == 80 || a == 54 || a == 1 || a == 18 || a == 59 || a == 81): null

09-12-2024T07:53:44 - [TEST_STEP][PASSED] - else: null

09-12-2024T07:53:44 - [TEST_STEP][PASSED] - path = dataFolder + typeOfData + " за отчётный период " + b: null

09-12-2024T07:53:44 - [TEST_STEP][PASSED] - println(path): null

09-12-2024T07:53:44 - [TEST_STEP][PASSED] - page = getText(findTestObject(path)): Text of object 'Object Repository/Выполнение бизнес-плана/Значения со страницы Выполнение бизнес-плана/План Отпуск в сеть за отчётный период БрянскЭлектро' is: '1 791 741'

09-12-2024T07:53:44 - [MESSAGE][PASSED] - Text of object 'Object Repository/Выполнение бизнес-плана/Значения со страницы Выполнение бизнес-плана/План Отпуск в сеть за отчётный период БрянскЭлектро' is: '1 791 741'

09-12-2024T07:53:44 - [TEST_STEP][PASSED] - page = page.replaceAll("\s+", ""): null

09-12-2024T07:53:44 - [TEST_STEP][PASSED] - fileOtpuskVSet = otpusk.toInteger(): null

09-12-2024T07:53:44 - [TEST_STEP][PASSED] - pageOtpuskVSet = page.toInteger(): null

09-12-2024T07:53:44 - [TEST_STEP][PASSED] - typeOfData = typeOfDataMain + " Потери": null

09-12-2024T07:53:44 - [TEST_STEP][PASSED] - if (a == 82): null

09-12-2024T07:53:44 - [TEST_STEP][PASSED] - else if (a == 84): null

09-12-2024T07:53:44 - [TEST_STEP][PASSED] - else if (a == 52 || a == 72 || a == 28 || a == 73 || a == 77 || a == 74 || a == 65 || a == 36 || a == 44 || a == 53 || a == 80 || a == 54 || a == 1 || a == 18 || a == 59 || a == 81): null

09-12-2024T07:53:44 - [TEST_STEP][PASSED] - else: null

09-12-2024T07:53:44 - [TEST_STEP][PASSED] - path = dataFolder + typeOfData + " за отчётный период " + b: null

09-12-2024T07:53:44 - [TEST_STEP][PASSED] - page = getText(findTestObject(path)): Text of object 'Object Repository/Выполнение бизнес-плана/Значения со страницы Выполнение бизнес-плана/План Потери за отчётный период БрянскЭлектро' is: '186 015'

09-12-2024T07:53:44 - [MESSAGE][PASSED] - Text of object 'Object Repository/Выполнение бизнес-плана/Значения со страницы Выполнение бизнес-плана/План Потери за отчётный период БрянскЭлектро' is: '186 015'

09-12-2024T07:53:44 - [TEST_STEP][PASSED] - page = page.replaceAll("\s+", ""): null

09-12-2024T07:53:44 - [TEST_STEP][PASSED] - filePoteri = poteri.toInteger(): null

09-12-2024T07:53:44 - [TEST_STEP][PASSED] - pagePoteri = page.toInteger(): null

09-12-2024T07:53:44 - [TEST_STEP][PASSED] - compare = pageOtpuskVSet: null

09-12-2024T07:53:44 - [TEST_STEP][PASSED] - if (compare == fileOtpuskVSet): null

09-12-2024T07:53:44 - [TEST_STEP][PASSED] - else if (compare > fileOtpuskVSet): null

09-12-2024T07:53:44 - [TEST_STEP][PASSED] - compare = compare - 1: null

09-12-2024T07:53:44 - [TEST_STEP][PASSED] - if (compare == fileOtpuskVSet): null

09-12-2024T07:53:44 - [TEST_STEP][PASSED] - compare = pagePoteri: null

09-12-2024T07:53:44 - [TEST_STEP][PASSED] - if (compare == filePoteri): null

09-12-2024T07:53:44 - [TEST_STEP][PASSED] - if (compare == filePoteri): null

09-12-2024T07:53:44 - [TEST_STEP][PASSED] - if (planFact == 2): Object: 'Object Repository/Выполнение бизнес-плана/Кнопка Факт' is clicked on

09-12-2024T07:53:44 - [TEST_STEP][PASSED] - click(findTestObject("Выполнение бизнес-плана/Кнопка Факт")): Object: 'Object Repository/Выполнение бизнес-плана/Кнопка Факт' is clicked on

09-12-2024T07:53:44 - [MESSAGE][PASSED] - Object: 'Object Repository/Выполнение бизнес-плана/Кнопка Факт' is clicked on

09-12-2024T07:53:44 - [TEST_STEP][PASSED] - if (a == 84 || a == 82): null

09-12-2024T07:53:44 - [TEST_STEP][PASSED] - else if (a == 52 || a == 72 || a == 28 || a == 73 || a == 77 || a == 74 || a == 65 || a == 36 || a == 44 || a == 53 || a == 80 || a == 54 || a == 1 || a == 18 || a == 59 || a == 81): null

09-12-2024T07:53:44 - [TEST_STEP][PASSED] - else: null

09-12-2024T07:53:44 - [TEST_STEP][PASSED] - page1 = getText(findTestObject("Object Repository/Выполнение бизнес-плана/spanPlan" + filialNum)): Text of object 'Object Repository/Выполнение бизнес-плана/spanPlan10' is: '10.38
|'

09-12-2024T07:53:45 - [MESSAGE][PASSED] - Text of object 'Object Repository/Выполнение бизнес-плана/spanPlan10' is: '10.38
|'

09-12-2024T07:53:45 - [TEST_STEP][PASSED] - page1 = page1.replace("|", ""): null

09-12-2024T07:53:45 - [TEST_STEP][PASSED] - page2 = getText(findTestObject("Object Repository/Выполнение бизнес-плана/spanFact" + filialNum)): Text of object 'Object Repository/Выполнение бизнес-плана/spanFact10' is: '9.90
|'

09-12-2024T07:53:45 - [MESSAGE][PASSED] - Text of object 'Object Repository/Выполнение бизнес-плана/spanFact10' is: '9.90
|'

09-12-2024T07:53:45 - [TEST_STEP][PASSED] - page2 = page2.replace("|", ""): null

09-12-2024T07:53:45 - [TEST_STEP][PASSED] - println("page1: " + page1): null

09-12-2024T07:53:45 - [TEST_STEP][PASSED] - println("page2: " + page2): null

09-12-2024T07:53:45 - [TEST_STEP][PASSED] - file = findTestData("PlanFact").getValue(4, a): null

09-12-2024T07:53:45 - [TEST_STEP][PASSED] - file = file.replace(",", "."): null

09-12-2024T07:53:45 - [TEST_STEP][PASSED] - println("file Plan: " + file): null

09-12-2024T07:53:45 - [TEST_STEP][PASSED] - typeOfData = "План в процентах": null

09-12-2024T07:53:45 - [TEST_STEP][PASSED] - fileDouble = file.toDouble(): null

09-12-2024T07:53:45 - [TEST_STEP][PASSED] - pageDouble = page1.toDouble(): null

09-12-2024T07:53:45 - [TEST_STEP][PASSED] - if (fileDouble != pageDouble): null

09-12-2024T07:53:45 - [TEST_STEP][PASSED] - file = findTestData("PlanFact").getValue(7, a): null

09-12-2024T07:53:45 - [TEST_STEP][PASSED] - file = file.replace(",", "."): null

09-12-2024T07:53:45 - [TEST_STEP][PASSED] - println("file Fact: " + file): null

09-12-2024T07:53:45 - [TEST_STEP][PASSED] - fileDouble = file.toDouble(): null

09-12-2024T07:53:45 - [TEST_STEP][PASSED] - typeOfData = "Факт в процентах": null

09-12-2024T07:53:45 - [TEST_STEP][PASSED] - fileDouble = file.toDouble(): null

09-12-2024T07:53:45 - [TEST_STEP][PASSED] - pageDouble = page2.toDouble(): null

09-12-2024T07:53:45 - [TEST_STEP][PASSED] - if (fileDouble != pageDouble): null

09-12-2024T07:53:45 - [TEST_STEP][PASSED] - if (verifyEqual(numberOfErrors, 0) == false): Actual object '0' and expected object '0' are equal

09-12-2024T07:53:45 - [MESSAGE][PASSED] - Actual object '0' and expected object '0' are equal

09-12-2024T07:53:45 - [TEST_STEP][PASSED] - if (a == 82): null

09-12-2024T07:53:45 - [TEST_STEP][PASSED] - dZO = "Орелэнерго": null

09-12-2024T07:53:45 - [TEST_STEP][PASSED] - a = 8: null

09-12-2024T07:53:45 - [TEST_STEP][PASSED] - if (x2.contains(dZO)): null

09-12-2024T07:53:45 - [TEST_STEP][PASSED] - filialNum = filialNum + 1: null

09-12-2024T07:53:45 - [TEST_STEP][PASSED] - Script1718980020443.Numbers(a, typeOfData, todaysDate, pageInt, fileInt, pageDouble, fileDouble, dZO, dzoNum, filialNum): null

09-12-2024T07:53:45 - [TEST_STEP][PASSED] - println(dzoNum): null

09-12-2024T07:53:45 - [TEST_STEP][PASSED] - planFact = <not implemented yet for class: org.codehaus.groovy.ast.expr.EmptyExpression>: null

09-12-2024T07:53:45 - [TEST_STEP][PASSED] - page = <not implemented yet for class: org.codehaus.groovy.ast.expr.EmptyExpression>: null

09-12-2024T07:53:45 - [TEST_STEP][PASSED] - page1 = <not implemented yet for class: org.codehaus.groovy.ast.expr.EmptyExpression>: null

09-12-2024T07:53:45 - [TEST_STEP][PASSED] - page2 = <not implemented yet for class: org.codehaus.groovy.ast.expr.EmptyExpression>: null

09-12-2024T07:53:45 - [TEST_STEP][PASSED] - filialNumberInRow = <not implemented yet for class: org.codehaus.groovy.ast.expr.EmptyExpression>: null

09-12-2024T07:53:45 - [TEST_STEP][PASSED] - filialsDzoNames = <not implemented yet for class: org.codehaus.groovy.ast.expr.EmptyExpression>: null

09-12-2024T07:53:45 - [TEST_STEP][PASSED] - numberOfFilials = <not implemented yet for class: org.codehaus.groovy.ast.expr.EmptyExpression>: null

09-12-2024T07:53:45 - [TEST_STEP][PASSED] - numberOfSpaces = <not implemented yet for class: org.codehaus.groovy.ast.expr.EmptyExpression>: null

09-12-2024T07:53:45 - [TEST_STEP][PASSED] - file = <not implemented yet for class: org.codehaus.groovy.ast.expr.EmptyExpression>: null

09-12-2024T07:53:45 - [TEST_STEP][PASSED] - otpusk = <not implemented yet for class: org.codehaus.groovy.ast.expr.EmptyExpression>: null

09-12-2024T07:53:45 - [TEST_STEP][PASSED] - poteri = <not implemented yet for class: org.codehaus.groovy.ast.expr.EmptyExpression>: null

09-12-2024T07:53:45 - [TEST_STEP][PASSED] - dataFolder = "Выполнение бизнес-плана/Значения со страницы Выполнение бизнес-плана/": null

09-12-2024T07:53:45 - [TEST_STEP][PASSED] - path = <not implemented yet for class: org.codehaus.groovy.ast.expr.EmptyExpression>: null

09-12-2024T07:53:45 - [TEST_STEP][PASSED] - typeOfDataMain = <not implemented yet for class: org.codehaus.groovy.ast.expr.EmptyExpression>: null

09-12-2024T07:53:45 - [TEST_STEP][PASSED] - fileOtpuskVSet = <not implemented yet for class: org.codehaus.groovy.ast.expr.EmptyExpression>: null

09-12-2024T07:53:45 - [TEST_STEP][PASSED] - pageOtpuskVSet = <not implemented yet for class: org.codehaus.groovy.ast.expr.EmptyExpression>: null

09-12-2024T07:53:45 - [TEST_STEP][PASSED] - filePoteri = <not implemented yet for class: org.codehaus.groovy.ast.expr.EmptyExpression>: null

09-12-2024T07:53:45 - [TEST_STEP][PASSED] - pagePoteri = <not implemented yet for class: org.codehaus.groovy.ast.expr.EmptyExpression>: null

09-12-2024T07:53:45 - [TEST_STEP][PASSED] - compare = <not implemented yet for class: org.codehaus.groovy.ast.expr.EmptyExpression>: null

09-12-2024T07:53:45 - [TEST_STEP][PASSED] - b = <not implemented yet for class: org.codehaus.groovy.ast.expr.EmptyExpression>: null

09-12-2024T07:53:45 - [TEST_STEP][PASSED] - i = <not implemented yet for class: org.codehaus.groovy.ast.expr.EmptyExpression>: null

09-12-2024T07:53:45 - [TEST_STEP][PASSED] - ii = <not implemented yet for class: org.codehaus.groovy.ast.expr.EmptyExpression>: null

09-12-2024T07:53:45 - [TEST_STEP][PASSED] - c = <not implemented yet for class: org.codehaus.groovy.ast.expr.EmptyExpression>: null

09-12-2024T07:53:45 - [TEST_STEP][PASSED] - numberOfErrors = 0: null

09-12-2024T07:53:45 - [TEST_STEP][PASSED] - if (a == 82): null

09-12-2024T07:53:45 - [TEST_STEP][PASSED] - b = findTestData("PlanFact").getValue(1, a): null

09-12-2024T07:53:45 - [TEST_STEP][PASSED] - i = b.indexOf(" (ГК)"): null

09-12-2024T07:53:45 - [TEST_STEP][PASSED] - if (i > -1): null

09-12-2024T07:53:45 - [TEST_STEP][PASSED] - i = b.indexOf("О ""): null

09-12-2024T07:53:45 - [TEST_STEP][PASSED] - if (i > -1): null

09-12-2024T07:53:45 - [TEST_STEP][PASSED] - i = b.indexOf("О «"): null

09-12-2024T07:53:45 - [TEST_STEP][PASSED] - if (i > -1): null

09-12-2024T07:53:45 - [TEST_STEP][PASSED] - i = b.indexOf("г. "): null

09-12-2024T07:53:45 - [TEST_STEP][PASSED] - if (i > -1): null

09-12-2024T07:53:45 - [TEST_STEP][PASSED] - println(b): null

09-12-2024T07:53:45 - [TEST_STEP][PASSED] - for ([planFact = 1, planFact < 3, (planFact++)]): Object: 'Object Repository/Выполнение бизнес-плана/Кнопка Факт' is clicked on

09-12-2024T07:53:45 - [TEST_STEP][PASSED] - if (planFact == 1): null

09-12-2024T07:53:45 - [TEST_STEP][PASSED] - typeOfDataMain = "Факт": null

09-12-2024T07:53:45 - [TEST_STEP][PASSED] - otpusk = findTestData("PlanFact").getValue(5, a): null

09-12-2024T07:53:45 - [TEST_STEP][PASSED] - poteri = findTestData("PlanFact").getValue(6, a): null

09-12-2024T07:53:45 - [TEST_STEP][PASSED] - otpusk = otpusk.replaceAll("\s+", ""): null

09-12-2024T07:53:45 - [TEST_STEP][PASSED] - poteri = poteri.replaceAll("\s+", ""): null

09-12-2024T07:53:45 - [TEST_STEP][PASSED] - typeOfData = typeOfDataMain + " Отпуск в сеть": null

09-12-2024T07:53:45 - [TEST_STEP][PASSED] - if (a == 82): null

09-12-2024T07:53:45 - [TEST_STEP][PASSED] - else if (a == 84): null

09-12-2024T07:53:45 - [TEST_STEP][PASSED] - else if (a == 52 || a == 72 || a == 28 || a == 73 || a == 77 || a == 74 || a == 65 || a == 36 || a == 44 || a == 53 || a == 80 || a == 54 || a == 1 || a == 18 || a == 59 || a == 81): null

09-12-2024T07:53:45 - [TEST_STEP][PASSED] - else: null

09-12-2024T07:53:45 - [TEST_STEP][PASSED] - path = dataFolder + typeOfData + " за отчётный период " + b: null

09-12-2024T07:53:45 - [TEST_STEP][PASSED] - println(path): null

09-12-2024T07:53:45 - [TEST_STEP][PASSED] - page = getText(findTestObject(path)): Text of object 'Object Repository/Выполнение бизнес-плана/Значения со страницы Выполнение бизнес-плана/Факт Отпуск в сеть за отчётный период Орелэнерго' is: '1 992 845'

09-12-2024T07:53:46 - [MESSAGE][PASSED] - Text of object 'Object Repository/Выполнение бизнес-плана/Значения со страницы Выполнение бизнес-плана/Факт Отпуск в сеть за отчётный период Орелэнерго' is: '1 992 845'

09-12-2024T07:53:46 - [TEST_STEP][PASSED] - page = page.replaceAll("\s+", ""): null

09-12-2024T07:53:46 - [TEST_STEP][PASSED] - fileOtpuskVSet = otpusk.toInteger(): null

09-12-2024T07:53:46 - [TEST_STEP][PASSED] - pageOtpuskVSet = page.toInteger(): null

09-12-2024T07:53:46 - [TEST_STEP][PASSED] - typeOfData = typeOfDataMain + " Потери": null

09-12-2024T07:53:46 - [TEST_STEP][PASSED] - if (a == 82): null

09-12-2024T07:53:46 - [TEST_STEP][PASSED] - else if (a == 84): null

09-12-2024T07:53:46 - [TEST_STEP][PASSED] - else if (a == 52 || a == 72 || a == 28 || a == 73 || a == 77 || a == 74 || a == 65 || a == 36 || a == 44 || a == 53 || a == 80 || a == 54 || a == 1 || a == 18 || a == 59 || a == 81): null

09-12-2024T07:53:46 - [TEST_STEP][PASSED] - else: null

09-12-2024T07:53:46 - [TEST_STEP][PASSED] - path = dataFolder + typeOfData + " за отчётный период " + b: null

09-12-2024T07:53:46 - [TEST_STEP][PASSED] - page = getText(findTestObject(path)): Text of object 'Object Repository/Выполнение бизнес-плана/Значения со страницы Выполнение бизнес-плана/Факт Потери за отчётный период Орелэнерго' is: '168 536'

09-12-2024T07:53:46 - [MESSAGE][PASSED] - Text of object 'Object Repository/Выполнение бизнес-плана/Значения со страницы Выполнение бизнес-плана/Факт Потери за отчётный период Орелэнерго' is: '168 536'

09-12-2024T07:53:46 - [TEST_STEP][PASSED] - page = page.replaceAll("\s+", ""): null

09-12-2024T07:53:46 - [TEST_STEP][PASSED] - filePoteri = poteri.toInteger(): null

09-12-2024T07:53:46 - [TEST_STEP][PASSED] - pagePoteri = page.toInteger(): null

09-12-2024T07:53:46 - [TEST_STEP][PASSED] - compare = pageOtpuskVSet: null

09-12-2024T07:53:46 - [TEST_STEP][PASSED] - if (compare == fileOtpuskVSet): null

09-12-2024T07:53:46 - [TEST_STEP][PASSED] - if (compare == fileOtpuskVSet): null

09-12-2024T07:53:46 - [TEST_STEP][PASSED] - compare = pagePoteri: null

09-12-2024T07:53:46 - [TEST_STEP][PASSED] - if (compare == filePoteri): null

09-12-2024T07:53:46 - [TEST_STEP][PASSED] - if (compare == filePoteri): null

09-12-2024T07:53:46 - [TEST_STEP][PASSED] - if (planFact == 2): null

09-12-2024T07:53:46 - [TEST_STEP][PASSED] - if (planFact == 1): null

09-12-2024T07:53:46 - [TEST_STEP][PASSED] - else if (planFact == 2): null

09-12-2024T07:53:46 - [TEST_STEP][PASSED] - click(findTestObject("Выполнение бизнес-плана/Кнопка План")): Object: 'Object Repository/Выполнение бизнес-плана/Кнопка План' is clicked on

09-12-2024T07:53:46 - [MESSAGE][PASSED] - Object: 'Object Repository/Выполнение бизнес-плана/Кнопка План' is clicked on

09-12-2024T07:53:46 - [TEST_STEP][PASSED] - typeOfDataMain = "План": null

09-12-2024T07:53:46 - [TEST_STEP][PASSED] - otpusk = findTestData("PlanFact").getValue(2, a): null

09-12-2024T07:53:46 - [TEST_STEP][PASSED] - poteri = findTestData("PlanFact").getValue(3, a): null

09-12-2024T07:53:46 - [TEST_STEP][PASSED] - otpusk = otpusk.replaceAll("\s+", ""): null

09-12-2024T07:53:46 - [TEST_STEP][PASSED] - poteri = poteri.replaceAll("\s+", ""): null

09-12-2024T07:53:46 - [TEST_STEP][PASSED] - typeOfData = typeOfDataMain + " Отпуск в сеть": null

09-12-2024T07:53:46 - [TEST_STEP][PASSED] - if (a == 82): null

09-12-2024T07:53:46 - [TEST_STEP][PASSED] - else if (a == 84): null

09-12-2024T07:53:46 - [TEST_STEP][PASSED] - else if (a == 52 || a == 72 || a == 28 || a == 73 || a == 77 || a == 74 || a == 65 || a == 36 || a == 44 || a == 53 || a == 80 || a == 54 || a == 1 || a == 18 || a == 59 || a == 81): null

09-12-2024T07:53:46 - [TEST_STEP][PASSED] - else: null

09-12-2024T07:53:46 - [TEST_STEP][PASSED] - path = dataFolder + typeOfData + " за отчётный период " + b: null

09-12-2024T07:53:46 - [TEST_STEP][PASSED] - println(path): null

09-12-2024T07:53:46 - [TEST_STEP][PASSED] - page = getText(findTestObject(path)): Text of object 'Object Repository/Выполнение бизнес-плана/Значения со страницы Выполнение бизнес-плана/План Отпуск в сеть за отчётный период Орелэнерго' is: '1 954 163'

09-12-2024T07:53:47 - [MESSAGE][PASSED] - Text of object 'Object Repository/Выполнение бизнес-плана/Значения со страницы Выполнение бизнес-плана/План Отпуск в сеть за отчётный период Орелэнерго' is: '1 954 163'

09-12-2024T07:53:47 - [TEST_STEP][PASSED] - page = page.replaceAll("\s+", ""): null

09-12-2024T07:53:47 - [TEST_STEP][PASSED] - fileOtpuskVSet = otpusk.toInteger(): null

09-12-2024T07:53:47 - [TEST_STEP][PASSED] - pageOtpuskVSet = page.toInteger(): null

09-12-2024T07:53:47 - [TEST_STEP][PASSED] - typeOfData = typeOfDataMain + " Потери": null

09-12-2024T07:53:47 - [TEST_STEP][PASSED] - if (a == 82): null

09-12-2024T07:53:47 - [TEST_STEP][PASSED] - else if (a == 84): null

09-12-2024T07:53:47 - [TEST_STEP][PASSED] - else if (a == 52 || a == 72 || a == 28 || a == 73 || a == 77 || a == 74 || a == 65 || a == 36 || a == 44 || a == 53 || a == 80 || a == 54 || a == 1 || a == 18 || a == 59 || a == 81): null

09-12-2024T07:53:47 - [TEST_STEP][PASSED] - else: null

09-12-2024T07:53:47 - [TEST_STEP][PASSED] - path = dataFolder + typeOfData + " за отчётный период " + b: null

09-12-2024T07:53:47 - [TEST_STEP][PASSED] - page = getText(findTestObject(path)): Text of object 'Object Repository/Выполнение бизнес-плана/Значения со страницы Выполнение бизнес-плана/План Потери за отчётный период Орелэнерго' is: '178 448'

09-12-2024T07:53:47 - [MESSAGE][PASSED] - Text of object 'Object Repository/Выполнение бизнес-плана/Значения со страницы Выполнение бизнес-плана/План Потери за отчётный период Орелэнерго' is: '178 448'

09-12-2024T07:53:47 - [TEST_STEP][PASSED] - page = page.replaceAll("\s+", ""): null

09-12-2024T07:53:47 - [TEST_STEP][PASSED] - filePoteri = poteri.toInteger(): null

09-12-2024T07:53:47 - [TEST_STEP][PASSED] - pagePoteri = page.toInteger(): null

09-12-2024T07:53:47 - [TEST_STEP][PASSED] - compare = pageOtpuskVSet: null

09-12-2024T07:53:47 - [TEST_STEP][PASSED] - if (compare == fileOtpuskVSet): null

09-12-2024T07:53:47 - [TEST_STEP][PASSED] - if (compare == fileOtpuskVSet): null

09-12-2024T07:53:47 - [TEST_STEP][PASSED] - compare = pagePoteri: null

09-12-2024T07:53:47 - [TEST_STEP][PASSED] - if (compare == filePoteri): null

09-12-2024T07:53:47 - [TEST_STEP][PASSED] - if (compare == filePoteri): null

09-12-2024T07:53:47 - [TEST_STEP][PASSED] - if (planFact == 2): Object: 'Object Repository/Выполнение бизнес-плана/Кнопка Факт' is clicked on

09-12-2024T07:53:47 - [TEST_STEP][PASSED] - click(findTestObject("Выполнение бизнес-плана/Кнопка Факт")): Object: 'Object Repository/Выполнение бизнес-плана/Кнопка Факт' is clicked on

09-12-2024T07:53:47 - [MESSAGE][PASSED] - Object: 'Object Repository/Выполнение бизнес-плана/Кнопка Факт' is clicked on

09-12-2024T07:53:47 - [TEST_STEP][PASSED] - if (a == 84 || a == 82): null

09-12-2024T07:53:47 - [TEST_STEP][PASSED] - else if (a == 52 || a == 72 || a == 28 || a == 73 || a == 77 || a == 74 || a == 65 || a == 36 || a == 44 || a == 53 || a == 80 || a == 54 || a == 1 || a == 18 || a == 59 || a == 81): null

09-12-2024T07:53:47 - [TEST_STEP][PASSED] - else: null

09-12-2024T07:53:47 - [TEST_STEP][PASSED] - page1 = getText(findTestObject("Object Repository/Выполнение бизнес-плана/spanPlan" + filialNum)): Text of object 'Object Repository/Выполнение бизнес-плана/spanPlan11' is: '9.13
|'

09-12-2024T07:53:48 - [MESSAGE][PASSED] - Text of object 'Object Repository/Выполнение бизнес-плана/spanPlan11' is: '9.13
|'

09-12-2024T07:53:48 - [TEST_STEP][PASSED] - page1 = page1.replace("|", ""): null

09-12-2024T07:53:48 - [TEST_STEP][PASSED] - page2 = getText(findTestObject("Object Repository/Выполнение бизнес-плана/spanFact" + filialNum)): Text of object 'Object Repository/Выполнение бизнес-плана/spanFact11' is: '8.46
|'

09-12-2024T07:53:48 - [MESSAGE][PASSED] - Text of object 'Object Repository/Выполнение бизнес-плана/spanFact11' is: '8.46
|'

09-12-2024T07:53:48 - [TEST_STEP][PASSED] - page2 = page2.replace("|", ""): null

09-12-2024T07:53:48 - [TEST_STEP][PASSED] - println("page1: " + page1): null

09-12-2024T07:53:48 - [TEST_STEP][PASSED] - println("page2: " + page2): null

09-12-2024T07:53:48 - [TEST_STEP][PASSED] - file = findTestData("PlanFact").getValue(4, a): null

09-12-2024T07:53:48 - [TEST_STEP][PASSED] - file = file.replace(",", "."): null

09-12-2024T07:53:48 - [TEST_STEP][PASSED] - println("file Plan: " + file): null

09-12-2024T07:53:48 - [TEST_STEP][PASSED] - typeOfData = "План в процентах": null

09-12-2024T07:53:48 - [TEST_STEP][PASSED] - fileDouble = file.toDouble(): null

09-12-2024T07:53:48 - [TEST_STEP][PASSED] - pageDouble = page1.toDouble(): null

09-12-2024T07:53:48 - [TEST_STEP][PASSED] - if (fileDouble != pageDouble): null

09-12-2024T07:53:48 - [TEST_STEP][PASSED] - file = findTestData("PlanFact").getValue(7, a): null

09-12-2024T07:53:48 - [TEST_STEP][PASSED] - file = file.replace(",", "."): null

09-12-2024T07:53:48 - [TEST_STEP][PASSED] - println("file Fact: " + file): null

09-12-2024T07:53:48 - [TEST_STEP][PASSED] - fileDouble = file.toDouble(): null

09-12-2024T07:53:48 - [TEST_STEP][PASSED] - typeOfData = "Факт в процентах": null

09-12-2024T07:53:48 - [TEST_STEP][PASSED] - fileDouble = file.toDouble(): null

09-12-2024T07:53:48 - [TEST_STEP][PASSED] - pageDouble = page2.toDouble(): null

09-12-2024T07:53:48 - [TEST_STEP][PASSED] - if (fileDouble != pageDouble): null

09-12-2024T07:53:48 - [TEST_STEP][PASSED] - if (verifyEqual(numberOfErrors, 0) == false): Actual object '0' and expected object '0' are equal

09-12-2024T07:53:48 - [MESSAGE][PASSED] - Actual object '0' and expected object '0' are equal

09-12-2024T07:53:48 - [TEST_STEP][PASSED] - if (a == 82): null

09-12-2024T07:53:48 - [TEST_STEP][PASSED] - dZO = "Смоленскэнерго": null

09-12-2024T07:53:48 - [TEST_STEP][PASSED] - a = 9: null

09-12-2024T07:53:48 - [TEST_STEP][PASSED] - if (x2.contains(dZO)): null

09-12-2024T07:53:48 - [TEST_STEP][PASSED] - filialNum = filialNum + 1: null

09-12-2024T07:53:48 - [TEST_STEP][PASSED] - Script1718980020443.Numbers(a, typeOfData, todaysDate, pageInt, fileInt, pageDouble, fileDouble, dZO, dzoNum, filialNum): null

09-12-2024T07:53:48 - [TEST_STEP][PASSED] - println(dzoNum): null

09-12-2024T07:53:48 - [TEST_STEP][PASSED] - planFact = <not implemented yet for class: org.codehaus.groovy.ast.expr.EmptyExpression>: null

09-12-2024T07:53:48 - [TEST_STEP][PASSED] - page = <not implemented yet for class: org.codehaus.groovy.ast.expr.EmptyExpression>: null

09-12-2024T07:53:48 - [TEST_STEP][PASSED] - page1 = <not implemented yet for class: org.codehaus.groovy.ast.expr.EmptyExpression>: null

09-12-2024T07:53:48 - [TEST_STEP][PASSED] - page2 = <not implemented yet for class: org.codehaus.groovy.ast.expr.EmptyExpression>: null

09-12-2024T07:53:48 - [TEST_STEP][PASSED] - filialNumberInRow = <not implemented yet for class: org.codehaus.groovy.ast.expr.EmptyExpression>: null

09-12-2024T07:53:48 - [TEST_STEP][PASSED] - filialsDzoNames = <not implemented yet for class: org.codehaus.groovy.ast.expr.EmptyExpression>: null

09-12-2024T07:53:48 - [TEST_STEP][PASSED] - numberOfFilials = <not implemented yet for class: org.codehaus.groovy.ast.expr.EmptyExpression>: null

09-12-2024T07:53:48 - [TEST_STEP][PASSED] - numberOfSpaces = <not implemented yet for class: org.codehaus.groovy.ast.expr.EmptyExpression>: null

09-12-2024T07:53:48 - [TEST_STEP][PASSED] - file = <not implemented yet for class: org.codehaus.groovy.ast.expr.EmptyExpression>: null

09-12-2024T07:53:48 - [TEST_STEP][PASSED] - otpusk = <not implemented yet for class: org.codehaus.groovy.ast.expr.EmptyExpression>: null

09-12-2024T07:53:48 - [TEST_STEP][PASSED] - poteri = <not implemented yet for class: org.codehaus.groovy.ast.expr.EmptyExpression>: null

09-12-2024T07:53:48 - [TEST_STEP][PASSED] - dataFolder = "Выполнение бизнес-плана/Значения со страницы Выполнение бизнес-плана/": null

09-12-2024T07:53:48 - [TEST_STEP][PASSED] - path = <not implemented yet for class: org.codehaus.groovy.ast.expr.EmptyExpression>: null

09-12-2024T07:53:48 - [TEST_STEP][PASSED] - typeOfDataMain = <not implemented yet for class: org.codehaus.groovy.ast.expr.EmptyExpression>: null

09-12-2024T07:53:48 - [TEST_STEP][PASSED] - fileOtpuskVSet = <not implemented yet for class: org.codehaus.groovy.ast.expr.EmptyExpression>: null

09-12-2024T07:53:48 - [TEST_STEP][PASSED] - pageOtpuskVSet = <not implemented yet for class: org.codehaus.groovy.ast.expr.EmptyExpression>: null

09-12-2024T07:53:48 - [TEST_STEP][PASSED] - filePoteri = <not implemented yet for class: org.codehaus.groovy.ast.expr.EmptyExpression>: null

09-12-2024T07:53:48 - [TEST_STEP][PASSED] - pagePoteri = <not implemented yet for class: org.codehaus.groovy.ast.expr.EmptyExpression>: null

09-12-2024T07:53:48 - [TEST_STEP][PASSED] - compare = <not implemented yet for class: org.codehaus.groovy.ast.expr.EmptyExpression>: null

09-12-2024T07:53:48 - [TEST_STEP][PASSED] - b = <not implemented yet for class: org.codehaus.groovy.ast.expr.EmptyExpression>: null

09-12-2024T07:53:48 - [TEST_STEP][PASSED] - i = <not implemented yet for class: org.codehaus.groovy.ast.expr.EmptyExpression>: null

09-12-2024T07:53:48 - [TEST_STEP][PASSED] - ii = <not implemented yet for class: org.codehaus.groovy.ast.expr.EmptyExpression>: null

09-12-2024T07:53:48 - [TEST_STEP][PASSED] - c = <not implemented yet for class: org.codehaus.groovy.ast.expr.EmptyExpression>: null

09-12-2024T07:53:48 - [TEST_STEP][PASSED] - numberOfErrors = 0: null

09-12-2024T07:53:48 - [TEST_STEP][PASSED] - if (a == 82): null

09-12-2024T07:53:48 - [TEST_STEP][PASSED] - b = findTestData("PlanFact").getValue(1, a): null

09-12-2024T07:53:48 - [TEST_STEP][PASSED] - i = b.indexOf(" (ГК)"): null

09-12-2024T07:53:48 - [TEST_STEP][PASSED] - if (i > -1): null

09-12-2024T07:53:48 - [TEST_STEP][PASSED] - i = b.indexOf("О ""): null

09-12-2024T07:53:48 - [TEST_STEP][PASSED] - if (i > -1): null

09-12-2024T07:53:48 - [TEST_STEP][PASSED] - i = b.indexOf("О «"): null

09-12-2024T07:53:48 - [TEST_STEP][PASSED] - if (i > -1): null

09-12-2024T07:53:48 - [TEST_STEP][PASSED] - i = b.indexOf("г. "): null

09-12-2024T07:53:48 - [TEST_STEP][PASSED] - if (i > -1): null

09-12-2024T07:53:48 - [TEST_STEP][PASSED] - println(b): null

09-12-2024T07:53:48 - [TEST_STEP][PASSED] - for ([planFact = 1, planFact < 3, (planFact++)]): Object: 'Object Repository/Выполнение бизнес-плана/Кнопка Факт' is clicked on

09-12-2024T07:53:48 - [TEST_STEP][PASSED] - if (planFact == 1): null

09-12-2024T07:53:48 - [TEST_STEP][PASSED] - typeOfDataMain = "Факт": null

09-12-2024T07:53:48 - [TEST_STEP][PASSED] - otpusk = findTestData("PlanFact").getValue(5, a): null

09-12-2024T07:53:48 - [TEST_STEP][PASSED] - poteri = findTestData("PlanFact").getValue(6, a): null

09-12-2024T07:53:48 - [TEST_STEP][PASSED] - otpusk = otpusk.replaceAll("\s+", ""): null

09-12-2024T07:53:48 - [TEST_STEP][PASSED] - poteri = poteri.replaceAll("\s+", ""): null

09-12-2024T07:53:48 - [TEST_STEP][PASSED] - typeOfData = typeOfDataMain + " Отпуск в сеть": null

09-12-2024T07:53:48 - [TEST_STEP][PASSED] - if (a == 82): null

09-12-2024T07:53:48 - [TEST_STEP][PASSED] - else if (a == 84): null

09-12-2024T07:53:48 - [TEST_STEP][PASSED] - else if (a == 52 || a == 72 || a == 28 || a == 73 || a == 77 || a == 74 || a == 65 || a == 36 || a == 44 || a == 53 || a == 80 || a == 54 || a == 1 || a == 18 || a == 59 || a == 81): null

09-12-2024T07:53:48 - [TEST_STEP][PASSED] - else: null

09-12-2024T07:53:48 - [TEST_STEP][PASSED] - path = dataFolder + typeOfData + " за отчётный период " + b: null

09-12-2024T07:53:48 - [TEST_STEP][PASSED] - println(path): null

09-12-2024T07:53:48 - [TEST_STEP][PASSED] - page = getText(findTestObject(path)): Text of object 'Object Repository/Выполнение бизнес-плана/Значения со страницы Выполнение бизнес-плана/Факт Отпуск в сеть за отчётный период Смоленскэнерго' is: '3 208 939'

09-12-2024T07:53:49 - [MESSAGE][PASSED] - Text of object 'Object Repository/Выполнение бизнес-плана/Значения со страницы Выполнение бизнес-плана/Факт Отпуск в сеть за отчётный период Смоленскэнерго' is: '3 208 939'

09-12-2024T07:53:49 - [TEST_STEP][PASSED] - page = page.replaceAll("\s+", ""): null

09-12-2024T07:53:49 - [TEST_STEP][PASSED] - fileOtpuskVSet = otpusk.toInteger(): null

09-12-2024T07:53:49 - [TEST_STEP][PASSED] - pageOtpuskVSet = page.toInteger(): null

09-12-2024T07:53:49 - [TEST_STEP][PASSED] - typeOfData = typeOfDataMain + " Потери": null

09-12-2024T07:53:49 - [TEST_STEP][PASSED] - if (a == 82): null

09-12-2024T07:53:49 - [TEST_STEP][PASSED] - else if (a == 84): null

09-12-2024T07:53:49 - [TEST_STEP][PASSED] - else if (a == 52 || a == 72 || a == 28 || a == 73 || a == 77 || a == 74 || a == 65 || a == 36 || a == 44 || a == 53 || a == 80 || a == 54 || a == 1 || a == 18 || a == 59 || a == 81): null

09-12-2024T07:53:49 - [TEST_STEP][PASSED] - else: null

09-12-2024T07:53:49 - [TEST_STEP][PASSED] - path = dataFolder + typeOfData + " за отчётный период " + b: null

09-12-2024T07:53:49 - [TEST_STEP][PASSED] - page = getText(findTestObject(path)): Text of object 'Object Repository/Выполнение бизнес-плана/Значения со страницы Выполнение бизнес-плана/Факт Потери за отчётный период Смоленскэнерго' is: '385 438'

09-12-2024T07:53:49 - [MESSAGE][PASSED] - Text of object 'Object Repository/Выполнение бизнес-плана/Значения со страницы Выполнение бизнес-плана/Факт Потери за отчётный период Смоленскэнерго' is: '385 438'

09-12-2024T07:53:49 - [TEST_STEP][PASSED] - page = page.replaceAll("\s+", ""): null

09-12-2024T07:53:49 - [TEST_STEP][PASSED] - filePoteri = poteri.toInteger(): null

09-12-2024T07:53:49 - [TEST_STEP][PASSED] - pagePoteri = page.toInteger(): null

09-12-2024T07:53:49 - [TEST_STEP][PASSED] - compare = pageOtpuskVSet: null

09-12-2024T07:53:49 - [TEST_STEP][PASSED] - if (compare == fileOtpuskVSet): null

09-12-2024T07:53:49 - [TEST_STEP][PASSED] - if (compare == fileOtpuskVSet): null

09-12-2024T07:53:49 - [TEST_STEP][PASSED] - compare = pagePoteri: null

09-12-2024T07:53:49 - [TEST_STEP][PASSED] - if (compare == filePoteri): null

09-12-2024T07:53:49 - [TEST_STEP][PASSED] - if (compare == filePoteri): null

09-12-2024T07:53:49 - [TEST_STEP][PASSED] - if (planFact == 2): null

09-12-2024T07:53:49 - [TEST_STEP][PASSED] - if (planFact == 1): null

09-12-2024T07:53:49 - [TEST_STEP][PASSED] - else if (planFact == 2): null

09-12-2024T07:53:49 - [TEST_STEP][PASSED] - click(findTestObject("Выполнение бизнес-плана/Кнопка План")): Object: 'Object Repository/Выполнение бизнес-плана/Кнопка План' is clicked on

09-12-2024T07:53:49 - [MESSAGE][PASSED] - Object: 'Object Repository/Выполнение бизнес-плана/Кнопка План' is clicked on

09-12-2024T07:53:49 - [TEST_STEP][PASSED] - typeOfDataMain = "План": null

09-12-2024T07:53:49 - [TEST_STEP][PASSED] - otpusk = findTestData("PlanFact").getValue(2, a): null

09-12-2024T07:53:49 - [TEST_STEP][PASSED] - poteri = findTestData("PlanFact").getValue(3, a): null

09-12-2024T07:53:49 - [TEST_STEP][PASSED] - otpusk = otpusk.replaceAll("\s+", ""): null

09-12-2024T07:53:49 - [TEST_STEP][PASSED] - poteri = poteri.replaceAll("\s+", ""): null

09-12-2024T07:53:49 - [TEST_STEP][PASSED] - typeOfData = typeOfDataMain + " Отпуск в сеть": null

09-12-2024T07:53:49 - [TEST_STEP][PASSED] - if (a == 82): null

09-12-2024T07:53:49 - [TEST_STEP][PASSED] - else if (a == 84): null

09-12-2024T07:53:49 - [TEST_STEP][PASSED] - else if (a == 52 || a == 72 || a == 28 || a == 73 || a == 77 || a == 74 || a == 65 || a == 36 || a == 44 || a == 53 || a == 80 || a == 54 || a == 1 || a == 18 || a == 59 || a == 81): null

09-12-2024T07:53:49 - [TEST_STEP][PASSED] - else: null

09-12-2024T07:53:49 - [TEST_STEP][PASSED] - path = dataFolder + typeOfData + " за отчётный период " + b: null

09-12-2024T07:53:49 - [TEST_STEP][PASSED] - println(path): null

09-12-2024T07:53:49 - [TEST_STEP][PASSED] - page = getText(findTestObject(path)): Text of object 'Object Repository/Выполнение бизнес-плана/Значения со страницы Выполнение бизнес-плана/План Отпуск в сеть за отчётный период Смоленскэнерго' is: '3 186 873'

09-12-2024T07:53:50 - [MESSAGE][PASSED] - Text of object 'Object Repository/Выполнение бизнес-плана/Значения со страницы Выполнение бизнес-плана/План Отпуск в сеть за отчётный период Смоленскэнерго' is: '3 186 873'

09-12-2024T07:53:50 - [TEST_STEP][PASSED] - page = page.replaceAll("\s+", ""): null

09-12-2024T07:53:50 - [TEST_STEP][PASSED] - fileOtpuskVSet = otpusk.toInteger(): null

09-12-2024T07:53:50 - [TEST_STEP][PASSED] - pageOtpuskVSet = page.toInteger(): null

09-12-2024T07:53:50 - [TEST_STEP][PASSED] - typeOfData = typeOfDataMain + " Потери": null

09-12-2024T07:53:50 - [TEST_STEP][PASSED] - if (a == 82): null

09-12-2024T07:53:50 - [TEST_STEP][PASSED] - else if (a == 84): null

09-12-2024T07:53:50 - [TEST_STEP][PASSED] - else if (a == 52 || a == 72 || a == 28 || a == 73 || a == 77 || a == 74 || a == 65 || a == 36 || a == 44 || a == 53 || a == 80 || a == 54 || a == 1 || a == 18 || a == 59 || a == 81): null

09-12-2024T07:53:50 - [TEST_STEP][PASSED] - else: null

09-12-2024T07:53:50 - [TEST_STEP][PASSED] - path = dataFolder + typeOfData + " за отчётный период " + b: null

09-12-2024T07:53:50 - [TEST_STEP][PASSED] - page = getText(findTestObject(path)): Text of object 'Object Repository/Выполнение бизнес-плана/Значения со страницы Выполнение бизнес-плана/План Потери за отчётный период Смоленскэнерго' is: '388 050'

09-12-2024T07:53:50 - [MESSAGE][PASSED] - Text of object 'Object Repository/Выполнение бизнес-плана/Значения со страницы Выполнение бизнес-плана/План Потери за отчётный период Смоленскэнерго' is: '388 050'

09-12-2024T07:53:50 - [TEST_STEP][PASSED] - page = page.replaceAll("\s+", ""): null

09-12-2024T07:53:50 - [TEST_STEP][PASSED] - filePoteri = poteri.toInteger(): null

09-12-2024T07:53:50 - [TEST_STEP][PASSED] - pagePoteri = page.toInteger(): null

09-12-2024T07:53:50 - [TEST_STEP][PASSED] - compare = pageOtpuskVSet: null

09-12-2024T07:53:50 - [TEST_STEP][PASSED] - if (compare == fileOtpuskVSet): null

09-12-2024T07:53:50 - [TEST_STEP][PASSED] - if (compare == fileOtpuskVSet): null

09-12-2024T07:53:50 - [TEST_STEP][PASSED] - compare = pagePoteri: null

09-12-2024T07:53:50 - [TEST_STEP][PASSED] - if (compare == filePoteri): null

09-12-2024T07:53:50 - [TEST_STEP][PASSED] - if (compare == filePoteri): null

09-12-2024T07:53:50 - [TEST_STEP][PASSED] - if (planFact == 2): Object: 'Object Repository/Выполнение бизнес-плана/Кнопка Факт' is clicked on

09-12-2024T07:53:50 - [TEST_STEP][PASSED] - click(findTestObject("Выполнение бизнес-плана/Кнопка Факт")): Object: 'Object Repository/Выполнение бизнес-плана/Кнопка Факт' is clicked on

09-12-2024T07:53:50 - [MESSAGE][PASSED] - Object: 'Object Repository/Выполнение бизнес-плана/Кнопка Факт' is clicked on

09-12-2024T07:53:50 - [TEST_STEP][PASSED] - if (a == 84 || a == 82): null

09-12-2024T07:53:50 - [TEST_STEP][PASSED] - else if (a == 52 || a == 72 || a == 28 || a == 73 || a == 77 || a == 74 || a == 65 || a == 36 || a == 44 || a == 53 || a == 80 || a == 54 || a == 1 || a == 18 || a == 59 || a == 81): null

09-12-2024T07:53:50 - [TEST_STEP][PASSED] - else: null

09-12-2024T07:53:50 - [TEST_STEP][PASSED] - page1 = getText(findTestObject("Object Repository/Выполнение бизнес-плана/spanPlan" + filialNum)): Text of object 'Object Repository/Выполнение бизнес-плана/spanPlan12' is: '12.18
|'

09-12-2024T07:53:51 - [MESSAGE][PASSED] - Text of object 'Object Repository/Выполнение бизнес-плана/spanPlan12' is: '12.18
|'

09-12-2024T07:53:51 - [TEST_STEP][PASSED] - page1 = page1.replace("|", ""): null

09-12-2024T07:53:51 - [TEST_STEP][PASSED] - page2 = getText(findTestObject("Object Repository/Выполнение бизнес-плана/spanFact" + filialNum)): Text of object 'Object Repository/Выполнение бизнес-плана/spanFact12' is: '12.01
|'

09-12-2024T07:53:51 - [MESSAGE][PASSED] - Text of object 'Object Repository/Выполнение бизнес-плана/spanFact12' is: '12.01
|'

09-12-2024T07:53:51 - [TEST_STEP][PASSED] - page2 = page2.replace("|", ""): null

09-12-2024T07:53:51 - [TEST_STEP][PASSED] - println("page1: " + page1): null

09-12-2024T07:53:51 - [TEST_STEP][PASSED] - println("page2: " + page2): null

09-12-2024T07:53:51 - [TEST_STEP][PASSED] - file = findTestData("PlanFact").getValue(4, a): null

09-12-2024T07:53:51 - [TEST_STEP][PASSED] - file = file.replace(",", "."): null

09-12-2024T07:53:51 - [TEST_STEP][PASSED] - println("file Plan: " + file): null

09-12-2024T07:53:51 - [TEST_STEP][PASSED] - typeOfData = "План в процентах": null

09-12-2024T07:53:51 - [TEST_STEP][PASSED] - fileDouble = file.toDouble(): null

09-12-2024T07:53:51 - [TEST_STEP][PASSED] - pageDouble = page1.toDouble(): null

09-12-2024T07:53:51 - [TEST_STEP][PASSED] - if (fileDouble != pageDouble): null

09-12-2024T07:53:51 - [TEST_STEP][PASSED] - file = findTestData("PlanFact").getValue(7, a): null

09-12-2024T07:53:51 - [TEST_STEP][PASSED] - file = file.replace(",", "."): null

09-12-2024T07:53:51 - [TEST_STEP][PASSED] - println("file Fact: " + file): null

09-12-2024T07:53:51 - [TEST_STEP][PASSED] - fileDouble = file.toDouble(): null

09-12-2024T07:53:51 - [TEST_STEP][PASSED] - typeOfData = "Факт в процентах": null

09-12-2024T07:53:51 - [TEST_STEP][PASSED] - fileDouble = file.toDouble(): null

09-12-2024T07:53:51 - [TEST_STEP][PASSED] - pageDouble = page2.toDouble(): null

09-12-2024T07:53:51 - [TEST_STEP][PASSED] - if (fileDouble != pageDouble): null

09-12-2024T07:53:51 - [TEST_STEP][PASSED] - if (verifyEqual(numberOfErrors, 0) == false): Actual object '0' and expected object '0' are equal

09-12-2024T07:53:51 - [MESSAGE][PASSED] - Actual object '0' and expected object '0' are equal

09-12-2024T07:53:51 - [TEST_STEP][PASSED] - if (a == 82): null

09-12-2024T07:53:51 - [TEST_STEP][PASSED] - dZO = "Тамбовэнерго": null

09-12-2024T07:53:51 - [TEST_STEP][PASSED] - a = 10: null

09-12-2024T07:53:51 - [TEST_STEP][PASSED] - if (x2.contains(dZO)): null

09-12-2024T07:53:51 - [TEST_STEP][PASSED] - filialNum = filialNum + 1: null

09-12-2024T07:53:51 - [TEST_STEP][PASSED] - Script1718980020443.Numbers(a, typeOfData, todaysDate, pageInt, fileInt, pageDouble, fileDouble, dZO, dzoNum, filialNum): null

09-12-2024T07:53:51 - [TEST_STEP][PASSED] - println(dzoNum): null

09-12-2024T07:53:51 - [TEST_STEP][PASSED] - planFact = <not implemented yet for class: org.codehaus.groovy.ast.expr.EmptyExpression>: null

09-12-2024T07:53:51 - [TEST_STEP][PASSED] - page = <not implemented yet for class: org.codehaus.groovy.ast.expr.EmptyExpression>: null

09-12-2024T07:53:51 - [TEST_STEP][PASSED] - page1 = <not implemented yet for class: org.codehaus.groovy.ast.expr.EmptyExpression>: null

09-12-2024T07:53:51 - [TEST_STEP][PASSED] - page2 = <not implemented yet for class: org.codehaus.groovy.ast.expr.EmptyExpression>: null

09-12-2024T07:53:51 - [TEST_STEP][PASSED] - filialNumberInRow = <not implemented yet for class: org.codehaus.groovy.ast.expr.EmptyExpression>: null

09-12-2024T07:53:51 - [TEST_STEP][PASSED] - filialsDzoNames = <not implemented yet for class: org.codehaus.groovy.ast.expr.EmptyExpression>: null

09-12-2024T07:53:51 - [TEST_STEP][PASSED] - numberOfFilials = <not implemented yet for class: org.codehaus.groovy.ast.expr.EmptyExpression>: null

09-12-2024T07:53:51 - [TEST_STEP][PASSED] - numberOfSpaces = <not implemented yet for class: org.codehaus.groovy.ast.expr.EmptyExpression>: null

09-12-2024T07:53:51 - [TEST_STEP][PASSED] - file = <not implemented yet for class: org.codehaus.groovy.ast.expr.EmptyExpression>: null

09-12-2024T07:53:51 - [TEST_STEP][PASSED] - otpusk = <not implemented yet for class: org.codehaus.groovy.ast.expr.EmptyExpression>: null

09-12-2024T07:53:51 - [TEST_STEP][PASSED] - poteri = <not implemented yet for class: org.codehaus.groovy.ast.expr.EmptyExpression>: null

09-12-2024T07:53:51 - [TEST_STEP][PASSED] - dataFolder = "Выполнение бизнес-плана/Значения со страницы Выполнение бизнес-плана/": null

09-12-2024T07:53:51 - [TEST_STEP][PASSED] - path = <not implemented yet for class: org.codehaus.groovy.ast.expr.EmptyExpression>: null

09-12-2024T07:53:51 - [TEST_STEP][PASSED] - typeOfDataMain = <not implemented yet for class: org.codehaus.groovy.ast.expr.EmptyExpression>: null

09-12-2024T07:53:51 - [TEST_STEP][PASSED] - fileOtpuskVSet = <not implemented yet for class: org.codehaus.groovy.ast.expr.EmptyExpression>: null

09-12-2024T07:53:51 - [TEST_STEP][PASSED] - pageOtpuskVSet = <not implemented yet for class: org.codehaus.groovy.ast.expr.EmptyExpression>: null

09-12-2024T07:53:51 - [TEST_STEP][PASSED] - filePoteri = <not implemented yet for class: org.codehaus.groovy.ast.expr.EmptyExpression>: null

09-12-2024T07:53:51 - [TEST_STEP][PASSED] - pagePoteri = <not implemented yet for class: org.codehaus.groovy.ast.expr.EmptyExpression>: null

09-12-2024T07:53:51 - [TEST_STEP][PASSED] - compare = <not implemented yet for class: org.codehaus.groovy.ast.expr.EmptyExpression>: null

09-12-2024T07:53:51 - [TEST_STEP][PASSED] - b = <not implemented yet for class: org.codehaus.groovy.ast.expr.EmptyExpression>: null

09-12-2024T07:53:51 - [TEST_STEP][PASSED] - i = <not implemented yet for class: org.codehaus.groovy.ast.expr.EmptyExpression>: null

09-12-2024T07:53:51 - [TEST_STEP][PASSED] - ii = <not implemented yet for class: org.codehaus.groovy.ast.expr.EmptyExpression>: null

09-12-2024T07:53:51 - [TEST_STEP][PASSED] - c = <not implemented yet for class: org.codehaus.groovy.ast.expr.EmptyExpression>: null

09-12-2024T07:53:51 - [TEST_STEP][PASSED] - numberOfErrors = 0: null

09-12-2024T07:53:51 - [TEST_STEP][PASSED] - if (a == 82): null

09-12-2024T07:53:51 - [TEST_STEP][PASSED] - b = findTestData("PlanFact").getValue(1, a): null

09-12-2024T07:53:51 - [TEST_STEP][PASSED] - i = b.indexOf(" (ГК)"): null

09-12-2024T07:53:51 - [TEST_STEP][PASSED] - if (i > -1): null

09-12-2024T07:53:51 - [TEST_STEP][PASSED] - i = b.indexOf("О ""): null

09-12-2024T07:53:51 - [TEST_STEP][PASSED] - if (i > -1): null

09-12-2024T07:53:51 - [TEST_STEP][PASSED] - i = b.indexOf("О «"): null

09-12-2024T07:53:51 - [TEST_STEP][PASSED] - if (i > -1): null

09-12-2024T07:53:51 - [TEST_STEP][PASSED] - i = b.indexOf("г. "): null

09-12-2024T07:53:51 - [TEST_STEP][PASSED] - if (i > -1): null

09-12-2024T07:53:51 - [TEST_STEP][PASSED] - println(b): null

09-12-2024T07:53:51 - [TEST_STEP][PASSED] - for ([planFact = 1, planFact < 3, (planFact++)]): Object: 'Object Repository/Выполнение бизнес-плана/Кнопка Факт' is clicked on

09-12-2024T07:53:51 - [TEST_STEP][PASSED] - if (planFact == 1): null

09-12-2024T07:53:51 - [TEST_STEP][PASSED] - typeOfDataMain = "Факт": null

09-12-2024T07:53:51 - [TEST_STEP][PASSED] - otpusk = findTestData("PlanFact").getValue(5, a): null

09-12-2024T07:53:51 - [TEST_STEP][PASSED] - poteri = findTestData("PlanFact").getValue(6, a): null

09-12-2024T07:53:51 - [TEST_STEP][PASSED] - otpusk = otpusk.replaceAll("\s+", ""): null

09-12-2024T07:53:51 - [TEST_STEP][PASSED] - poteri = poteri.replaceAll("\s+", ""): null

09-12-2024T07:53:51 - [TEST_STEP][PASSED] - typeOfData = typeOfDataMain + " Отпуск в сеть": null

09-12-2024T07:53:51 - [TEST_STEP][PASSED] - if (a == 82): null

09-12-2024T07:53:51 - [TEST_STEP][PASSED] - else if (a == 84): null

09-12-2024T07:53:51 - [TEST_STEP][PASSED] - else if (a == 52 || a == 72 || a == 28 || a == 73 || a == 77 || a == 74 || a == 65 || a == 36 || a == 44 || a == 53 || a == 80 || a == 54 || a == 1 || a == 18 || a == 59 || a == 81): null

09-12-2024T07:53:51 - [TEST_STEP][PASSED] - else: null

09-12-2024T07:53:51 - [TEST_STEP][PASSED] - path = dataFolder + typeOfData + " за отчётный период " + b: null

09-12-2024T07:53:51 - [TEST_STEP][PASSED] - println(path): null

09-12-2024T07:53:51 - [TEST_STEP][PASSED] - page = getText(findTestObject(path)): Text of object 'Object Repository/Выполнение бизнес-плана/Значения со страницы Выполнение бизнес-плана/Факт Отпуск в сеть за отчётный период Тамбовэнерго' is: '2 523 375'

09-12-2024T07:53:51 - [MESSAGE][PASSED] - Text of object 'Object Repository/Выполнение бизнес-плана/Значения со страницы Выполнение бизнес-плана/Факт Отпуск в сеть за отчётный период Тамбовэнерго' is: '2 523 375'

09-12-2024T07:53:51 - [TEST_STEP][PASSED] - page = page.replaceAll("\s+", ""): null

09-12-2024T07:53:51 - [TEST_STEP][PASSED] - fileOtpuskVSet = otpusk.toInteger(): null

09-12-2024T07:53:51 - [TEST_STEP][PASSED] - pageOtpuskVSet = page.toInteger(): null

09-12-2024T07:53:51 - [TEST_STEP][PASSED] - typeOfData = typeOfDataMain + " Потери": null

09-12-2024T07:53:51 - [TEST_STEP][PASSED] - if (a == 82): null

09-12-2024T07:53:51 - [TEST_STEP][PASSED] - else if (a == 84): null

09-12-2024T07:53:51 - [TEST_STEP][PASSED] - else if (a == 52 || a == 72 || a == 28 || a == 73 || a == 77 || a == 74 || a == 65 || a == 36 || a == 44 || a == 53 || a == 80 || a == 54 || a == 1 || a == 18 || a == 59 || a == 81): null

09-12-2024T07:53:51 - [TEST_STEP][PASSED] - else: null

09-12-2024T07:53:51 - [TEST_STEP][PASSED] - path = dataFolder + typeOfData + " за отчётный период " + b: null

09-12-2024T07:53:51 - [TEST_STEP][PASSED] - page = getText(findTestObject(path)): Text of object 'Object Repository/Выполнение бизнес-плана/Значения со страницы Выполнение бизнес-плана/Факт Потери за отчётный период Тамбовэнерго' is: '206 627'

09-12-2024T07:53:52 - [MESSAGE][PASSED] - Text of object 'Object Repository/Выполнение бизнес-плана/Значения со страницы Выполнение бизнес-плана/Факт Потери за отчётный период Тамбовэнерго' is: '206 627'

09-12-2024T07:53:52 - [TEST_STEP][PASSED] - page = page.replaceAll("\s+", ""): null

09-12-2024T07:53:52 - [TEST_STEP][PASSED] - filePoteri = poteri.toInteger(): null

09-12-2024T07:53:52 - [TEST_STEP][PASSED] - pagePoteri = page.toInteger(): null

09-12-2024T07:53:52 - [TEST_STEP][PASSED] - compare = pageOtpuskVSet: null

09-12-2024T07:53:52 - [TEST_STEP][PASSED] - if (compare == fileOtpuskVSet): null

09-12-2024T07:53:52 - [TEST_STEP][PASSED] - if (compare == fileOtpuskVSet): null

09-12-2024T07:53:52 - [TEST_STEP][PASSED] - compare = pagePoteri: null

09-12-2024T07:53:52 - [TEST_STEP][PASSED] - if (compare == filePoteri): null

09-12-2024T07:53:52 - [TEST_STEP][PASSED] - if (compare == filePoteri): null

09-12-2024T07:53:52 - [TEST_STEP][PASSED] - if (planFact == 2): null

09-12-2024T07:53:52 - [TEST_STEP][PASSED] - if (planFact == 1): null

09-12-2024T07:53:52 - [TEST_STEP][PASSED] - else if (planFact == 2): null

09-12-2024T07:53:52 - [TEST_STEP][PASSED] - click(findTestObject("Выполнение бизнес-плана/Кнопка План")): Object: 'Object Repository/Выполнение бизнес-плана/Кнопка План' is clicked on

09-12-2024T07:53:52 - [MESSAGE][PASSED] - Object: 'Object Repository/Выполнение бизнес-плана/Кнопка План' is clicked on

09-12-2024T07:53:52 - [TEST_STEP][PASSED] - typeOfDataMain = "План": null

09-12-2024T07:53:52 - [TEST_STEP][PASSED] - otpusk = findTestData("PlanFact").getValue(2, a): null

09-12-2024T07:53:52 - [TEST_STEP][PASSED] - poteri = findTestData("PlanFact").getValue(3, a): null

09-12-2024T07:53:52 - [TEST_STEP][PASSED] - otpusk = otpusk.replaceAll("\s+", ""): null

09-12-2024T07:53:52 - [TEST_STEP][PASSED] - poteri = poteri.replaceAll("\s+", ""): null

09-12-2024T07:53:52 - [TEST_STEP][PASSED] - typeOfData = typeOfDataMain + " Отпуск в сеть": null

09-12-2024T07:53:52 - [TEST_STEP][PASSED] - if (a == 82): null

09-12-2024T07:53:52 - [TEST_STEP][PASSED] - else if (a == 84): null

09-12-2024T07:53:52 - [TEST_STEP][PASSED] - else if (a == 52 || a == 72 || a == 28 || a == 73 || a == 77 || a == 74 || a == 65 || a == 36 || a == 44 || a == 53 || a == 80 || a == 54 || a == 1 || a == 18 || a == 59 || a == 81): null

09-12-2024T07:53:52 - [TEST_STEP][PASSED] - else: null

09-12-2024T07:53:52 - [TEST_STEP][PASSED] - path = dataFolder + typeOfData + " за отчётный период " + b: null

09-12-2024T07:53:52 - [TEST_STEP][PASSED] - println(path): null

09-12-2024T07:53:52 - [TEST_STEP][PASSED] - page = getText(findTestObject(path)): Text of object 'Object Repository/Выполнение бизнес-плана/Значения со страницы Выполнение бизнес-плана/План Отпуск в сеть за отчётный период Тамбовэнерго' is: '2 454 879'

09-12-2024T07:53:53 - [MESSAGE][PASSED] - Text of object 'Object Repository/Выполнение бизнес-плана/Значения со страницы Выполнение бизнес-плана/План Отпуск в сеть за отчётный период Тамбовэнерго' is: '2 454 879'

09-12-2024T07:53:53 - [TEST_STEP][PASSED] - page = page.replaceAll("\s+", ""): null

09-12-2024T07:53:53 - [TEST_STEP][PASSED] - fileOtpuskVSet = otpusk.toInteger(): null

09-12-2024T07:53:53 - [TEST_STEP][PASSED] - pageOtpuskVSet = page.toInteger(): null

09-12-2024T07:53:53 - [TEST_STEP][PASSED] - typeOfData = typeOfDataMain + " Потери": null

09-12-2024T07:53:53 - [TEST_STEP][PASSED] - if (a == 82): null

09-12-2024T07:53:53 - [TEST_STEP][PASSED] - else if (a == 84): null

09-12-2024T07:53:53 - [TEST_STEP][PASSED] - else if (a == 52 || a == 72 || a == 28 || a == 73 || a == 77 || a == 74 || a == 65 || a == 36 || a == 44 || a == 53 || a == 80 || a == 54 || a == 1 || a == 18 || a == 59 || a == 81): null

09-12-2024T07:53:53 - [TEST_STEP][PASSED] - else: null

09-12-2024T07:53:53 - [TEST_STEP][PASSED] - path = dataFolder + typeOfData + " за отчётный период " + b: null

09-12-2024T07:53:53 - [TEST_STEP][PASSED] - page = getText(findTestObject(path)): Text of object 'Object Repository/Выполнение бизнес-плана/Значения со страницы Выполнение бизнес-плана/План Потери за отчётный период Тамбовэнерго' is: '215 136'

09-12-2024T07:53:53 - [MESSAGE][PASSED] - Text of object 'Object Repository/Выполнение бизнес-плана/Значения со страницы Выполнение бизнес-плана/План Потери за отчётный период Тамбовэнерго' is: '215 136'

09-12-2024T07:53:53 - [TEST_STEP][PASSED] - page = page.replaceAll("\s+", ""): null

09-12-2024T07:53:53 - [TEST_STEP][PASSED] - filePoteri = poteri.toInteger(): null

09-12-2024T07:53:53 - [TEST_STEP][PASSED] - pagePoteri = page.toInteger(): null

09-12-2024T07:53:53 - [TEST_STEP][PASSED] - compare = pageOtpuskVSet: null

09-12-2024T07:53:53 - [TEST_STEP][PASSED] - if (compare == fileOtpuskVSet): null

09-12-2024T07:53:53 - [TEST_STEP][PASSED] - if (compare == fileOtpuskVSet): null

09-12-2024T07:53:53 - [TEST_STEP][PASSED] - compare = pagePoteri: null

09-12-2024T07:53:53 - [TEST_STEP][PASSED] - if (compare == filePoteri): null

09-12-2024T07:53:53 - [TEST_STEP][PASSED] - if (compare == filePoteri): null

09-12-2024T07:53:53 - [TEST_STEP][PASSED] - if (planFact == 2): Object: 'Object Repository/Выполнение бизнес-плана/Кнопка Факт' is clicked on

09-12-2024T07:53:53 - [TEST_STEP][PASSED] - click(findTestObject("Выполнение бизнес-плана/Кнопка Факт")): Object: 'Object Repository/Выполнение бизнес-плана/Кнопка Факт' is clicked on

09-12-2024T07:53:53 - [MESSAGE][PASSED] - Object: 'Object Repository/Выполнение бизнес-плана/Кнопка Факт' is clicked on

09-12-2024T07:53:53 - [TEST_STEP][PASSED] - if (a == 84 || a == 82): null

09-12-2024T07:53:53 - [TEST_STEP][PASSED] - else if (a == 52 || a == 72 || a == 28 || a == 73 || a == 77 || a == 74 || a == 65 || a == 36 || a == 44 || a == 53 || a == 80 || a == 54 || a == 1 || a == 18 || a == 59 || a == 81): null

09-12-2024T07:53:53 - [TEST_STEP][PASSED] - else: null

09-12-2024T07:53:53 - [TEST_STEP][PASSED] - page1 = getText(findTestObject("Object Repository/Выполнение бизнес-плана/spanPlan" + filialNum)): Text of object 'Object Repository/Выполнение бизнес-плана/spanPlan13' is: '8.76
|'

09-12-2024T07:53:53 - [MESSAGE][PASSED] - Text of object 'Object Repository/Выполнение бизнес-плана/spanPlan13' is: '8.76
|'

09-12-2024T07:53:53 - [TEST_STEP][PASSED] - page1 = page1.replace("|", ""): null

09-12-2024T07:53:53 - [TEST_STEP][PASSED] - page2 = getText(findTestObject("Object Repository/Выполнение бизнес-плана/spanFact" + filialNum)): Text of object 'Object Repository/Выполнение бизнес-плана/spanFact13' is: '8.19
|'

09-12-2024T07:53:54 - [MESSAGE][PASSED] - Text of object 'Object Repository/Выполнение бизнес-плана/spanFact13' is: '8.19
|'

09-12-2024T07:53:54 - [TEST_STEP][PASSED] - page2 = page2.replace("|", ""): null

09-12-2024T07:53:54 - [TEST_STEP][PASSED] - println("page1: " + page1): null

09-12-2024T07:53:54 - [TEST_STEP][PASSED] - println("page2: " + page2): null

09-12-2024T07:53:54 - [TEST_STEP][PASSED] - file = findTestData("PlanFact").getValue(4, a): null

09-12-2024T07:53:54 - [TEST_STEP][PASSED] - file = file.replace(",", "."): null

09-12-2024T07:53:54 - [TEST_STEP][PASSED] - println("file Plan: " + file): null

09-12-2024T07:53:54 - [TEST_STEP][PASSED] - typeOfData = "План в процентах": null

09-12-2024T07:53:54 - [TEST_STEP][PASSED] - fileDouble = file.toDouble(): null

09-12-2024T07:53:54 - [TEST_STEP][PASSED] - pageDouble = page1.toDouble(): null

09-12-2024T07:53:54 - [TEST_STEP][PASSED] - if (fileDouble != pageDouble): null

09-12-2024T07:53:54 - [TEST_STEP][PASSED] - file = findTestData("PlanFact").getValue(7, a): null

09-12-2024T07:53:54 - [TEST_STEP][PASSED] - file = file.replace(",", "."): null

09-12-2024T07:53:54 - [TEST_STEP][PASSED] - println("file Fact: " + file): null

09-12-2024T07:53:54 - [TEST_STEP][PASSED] - fileDouble = file.toDouble(): null

09-12-2024T07:53:54 - [TEST_STEP][PASSED] - typeOfData = "Факт в процентах": null

09-12-2024T07:53:54 - [TEST_STEP][PASSED] - fileDouble = file.toDouble(): null

09-12-2024T07:53:54 - [TEST_STEP][PASSED] - pageDouble = page2.toDouble(): null

09-12-2024T07:53:54 - [TEST_STEP][PASSED] - if (fileDouble != pageDouble): null

09-12-2024T07:53:54 - [TEST_STEP][PASSED] - if (verifyEqual(numberOfErrors, 0) == false): Actual object '0' and expected object '0' are equal

09-12-2024T07:53:54 - [MESSAGE][PASSED] - Actual object '0' and expected object '0' are equal

09-12-2024T07:53:54 - [TEST_STEP][PASSED] - if (a == 82): null

09-12-2024T07:53:54 - [TEST_STEP][PASSED] - dZO = "Тверьэнерго": null

09-12-2024T07:53:54 - [TEST_STEP][PASSED] - a = 11: null

09-12-2024T07:53:54 - [TEST_STEP][PASSED] - if (x2.contains(dZO)): null

09-12-2024T07:53:54 - [TEST_STEP][PASSED] - filialNum = filialNum + 1: null

09-12-2024T07:53:54 - [TEST_STEP][PASSED] - Script1718980020443.Numbers(a, typeOfData, todaysDate, pageInt, fileInt, pageDouble, fileDouble, dZO, dzoNum, filialNum): null

09-12-2024T07:53:54 - [TEST_STEP][PASSED] - println(dzoNum): null

09-12-2024T07:53:54 - [TEST_STEP][PASSED] - planFact = <not implemented yet for class: org.codehaus.groovy.ast.expr.EmptyExpression>: null

09-12-2024T07:53:54 - [TEST_STEP][PASSED] - page = <not implemented yet for class: org.codehaus.groovy.ast.expr.EmptyExpression>: null

09-12-2024T07:53:54 - [TEST_STEP][PASSED] - page1 = <not implemented yet for class: org.codehaus.groovy.ast.expr.EmptyExpression>: null

09-12-2024T07:53:54 - [TEST_STEP][PASSED] - page2 = <not implemented yet for class: org.codehaus.groovy.ast.expr.EmptyExpression>: null

09-12-2024T07:53:54 - [TEST_STEP][PASSED] - filialNumberInRow = <not implemented yet for class: org.codehaus.groovy.ast.expr.EmptyExpression>: null

09-12-2024T07:53:54 - [TEST_STEP][PASSED] - filialsDzoNames = <not implemented yet for class: org.codehaus.groovy.ast.expr.EmptyExpression>: null

09-12-2024T07:53:54 - [TEST_STEP][PASSED] - numberOfFilials = <not implemented yet for class: org.codehaus.groovy.ast.expr.EmptyExpression>: null

09-12-2024T07:53:54 - [TEST_STEP][PASSED] - numberOfSpaces = <not implemented yet for class: org.codehaus.groovy.ast.expr.EmptyExpression>: null

09-12-2024T07:53:54 - [TEST_STEP][PASSED] - file = <not implemented yet for class: org.codehaus.groovy.ast.expr.EmptyExpression>: null

09-12-2024T07:53:54 - [TEST_STEP][PASSED] - otpusk = <not implemented yet for class: org.codehaus.groovy.ast.expr.EmptyExpression>: null

09-12-2024T07:53:54 - [TEST_STEP][PASSED] - poteri = <not implemented yet for class: org.codehaus.groovy.ast.expr.EmptyExpression>: null

09-12-2024T07:53:54 - [TEST_STEP][PASSED] - dataFolder = "Выполнение бизнес-плана/Значения со страницы Выполнение бизнес-плана/": null

09-12-2024T07:53:54 - [TEST_STEP][PASSED] - path = <not implemented yet for class: org.codehaus.groovy.ast.expr.EmptyExpression>: null

09-12-2024T07:53:54 - [TEST_STEP][PASSED] - typeOfDataMain = <not implemented yet for class: org.codehaus.groovy.ast.expr.EmptyExpression>: null

09-12-2024T07:53:54 - [TEST_STEP][PASSED] - fileOtpuskVSet = <not implemented yet for class: org.codehaus.groovy.ast.expr.EmptyExpression>: null

09-12-2024T07:53:54 - [TEST_STEP][PASSED] - pageOtpuskVSet = <not implemented yet for class: org.codehaus.groovy.ast.expr.EmptyExpression>: null

09-12-2024T07:53:54 - [TEST_STEP][PASSED] - filePoteri = <not implemented yet for class: org.codehaus.groovy.ast.expr.EmptyExpression>: null

09-12-2024T07:53:54 - [TEST_STEP][PASSED] - pagePoteri = <not implemented yet for class: org.codehaus.groovy.ast.expr.EmptyExpression>: null

09-12-2024T07:53:54 - [TEST_STEP][PASSED] - compare = <not implemented yet for class: org.codehaus.groovy.ast.expr.EmptyExpression>: null

09-12-2024T07:53:54 - [TEST_STEP][PASSED] - b = <not implemented yet for class: org.codehaus.groovy.ast.expr.EmptyExpression>: null

09-12-2024T07:53:54 - [TEST_STEP][PASSED] - i = <not implemented yet for class: org.codehaus.groovy.ast.expr.EmptyExpression>: null

09-12-2024T07:53:54 - [TEST_STEP][PASSED] - ii = <not implemented yet for class: org.codehaus.groovy.ast.expr.EmptyExpression>: null

09-12-2024T07:53:54 - [TEST_STEP][PASSED] - c = <not implemented yet for class: org.codehaus.groovy.ast.expr.EmptyExpression>: null

09-12-2024T07:53:54 - [TEST_STEP][PASSED] - numberOfErrors = 0: null

09-12-2024T07:53:54 - [TEST_STEP][PASSED] - if (a == 82): null

09-12-2024T07:53:54 - [TEST_STEP][PASSED] - b = findTestData("PlanFact").getValue(1, a): null

09-12-2024T07:53:54 - [TEST_STEP][PASSED] - i = b.indexOf(" (ГК)"): null

09-12-2024T07:53:54 - [TEST_STEP][PASSED] - if (i > -1): null

09-12-2024T07:53:54 - [TEST_STEP][PASSED] - i = b.indexOf("О ""): null

09-12-2024T07:53:54 - [TEST_STEP][PASSED] - if (i > -1): null

09-12-2024T07:53:54 - [TEST_STEP][PASSED] - i = b.indexOf("О «"): null

09-12-2024T07:53:54 - [TEST_STEP][PASSED] - if (i > -1): null

09-12-2024T07:53:54 - [TEST_STEP][PASSED] - i = b.indexOf("г. "): null

09-12-2024T07:53:54 - [TEST_STEP][PASSED] - if (i > -1): null

09-12-2024T07:53:54 - [TEST_STEP][PASSED] - println(b): null

09-12-2024T07:53:54 - [TEST_STEP][PASSED] - for ([planFact = 1, planFact < 3, (planFact++)]): null

09-12-2024T07:53:54 - [TEST_STEP][PASSED] - if (planFact == 1): null

09-12-2024T07:53:54 - [TEST_STEP][PASSED] - typeOfDataMain = "Факт": null

09-12-2024T07:53:54 - [TEST_STEP][PASSED] - otpusk = findTestData("PlanFact").getValue(5, a): null

09-12-2024T07:53:54 - [TEST_STEP][PASSED] - poteri = findTestData("PlanFact").getValue(6, a): null

09-12-2024T07:53:54 - [TEST_STEP][PASSED] - otpusk = otpusk.replaceAll("\s+", ""): null

09-12-2024T07:53:54 - [TEST_STEP][PASSED] - poteri = poteri.replaceAll("\s+", ""): null

09-12-2024T07:53:54 - [TEST_STEP][PASSED] - typeOfData = typeOfDataMain + " Отпуск в сеть": null

09-12-2024T07:53:54 - [TEST_STEP][PASSED] - if (a == 82): null

09-12-2024T07:53:54 - [TEST_STEP][PASSED] - else if (a == 84): null

09-12-2024T07:53:54 - [TEST_STEP][PASSED] - else if (a == 52 || a == 72 || a == 28 || a == 73 || a == 77 || a == 74 || a == 65 || a == 36 || a == 44 || a == 53 || a == 80 || a == 54 || a == 1 || a == 18 || a == 59 || a == 81): null

09-12-2024T07:53:54 - [TEST_STEP][PASSED] - else: null

09-12-2024T07:53:54 - [TEST_STEP][PASSED] - path = dataFolder + typeOfData + " за отчётный период " + b: null

09-12-2024T07:53:54 - [TEST_STEP][PASSED] - println(path): null

09-12-2024T07:53:54 - [TEST_STEP][PASSED] - page = getText(findTestObject(path)): Text of object 'Object Repository/Выполнение бизнес-плана/Значения со страницы Выполнение бизнес-плана/Факт Отпуск в сеть за отчётный период Тверьэнерго' is: '4 390 689'

09-12-2024T07:53:54 - [MESSAGE][PASSED] - Text of object 'Object Repository/Выполнение бизнес-плана/Значения со страницы Выполнение бизнес-плана/Факт Отпуск в сеть за отчётный период Тверьэнерго' is: '4 390 689'

09-12-2024T07:53:54 - [TEST_STEP][PASSED] - page = page.replaceAll("\s+", ""): null

09-12-2024T07:53:54 - [TEST_STEP][PASSED] - fileOtpuskVSet = otpusk.toInteger(): null

09-12-2024T07:53:54 - [TEST_STEP][PASSED] - pageOtpuskVSet = page.toInteger(): null

09-12-2024T07:53:54 - [TEST_STEP][PASSED] - typeOfData = typeOfDataMain + " Потери": null

09-12-2024T07:53:54 - [TEST_STEP][PASSED] - if (a == 82): null

09-12-2024T07:53:54 - [TEST_STEP][PASSED] - else if (a == 84): null

09-12-2024T07:53:54 - [TEST_STEP][PASSED] - else if (a == 52 || a == 72 || a == 28 || a == 73 || a == 77 || a == 74 || a == 65 || a == 36 || a == 44 || a == 53 || a == 80 || a == 54 || a == 1 || a == 18 || a == 59 || a == 81): null

09-12-2024T07:53:54 - [TEST_STEP][PASSED] - else: null

09-12-2024T07:53:54 - [TEST_STEP][PASSED] - path = dataFolder + typeOfData + " за отчётный период " + b: null

09-12-2024T07:53:54 - [TEST_STEP][PASSED] - page = getText(findTestObject(path)): Text of object 'Object Repository/Выполнение бизнес-плана/Значения со страницы Выполнение бизнес-плана/Факт Потери за отчётный период Тверьэнерго' is: '581 100'

09-12-2024T07:53:55 - [MESSAGE][PASSED] - Text of object 'Object Repository/Выполнение бизнес-плана/Значения со страницы Выполнение бизнес-плана/Факт Потери за отчётный период Тверьэнерго' is: '581 100'

09-12-2024T07:53:55 - [TEST_STEP][PASSED] - page = page.replaceAll("\s+", ""): null

09-12-2024T07:53:55 - [TEST_STEP][PASSED] - filePoteri = poteri.toInteger(): null

09-12-2024T07:53:55 - [TEST_STEP][PASSED] - pagePoteri = page.toInteger(): null

09-12-2024T07:53:55 - [TEST_STEP][PASSED] - compare = pageOtpuskVSet: null

09-12-2024T07:53:55 - [TEST_STEP][PASSED] - if (compare == fileOtpuskVSet): null

09-12-2024T07:53:55 - [TEST_STEP][PASSED] - else if (compare > fileOtpuskVSet): null

09-12-2024T07:53:55 - [TEST_STEP][PASSED] - else if (compare < fileOtpuskVSet): null

09-12-2024T07:53:55 - [TEST_STEP][PASSED] - compare = compare + 1: null

09-12-2024T07:53:55 - [TEST_STEP][PASSED] - if (compare == fileOtpuskVSet): null

09-12-2024T07:53:55 - [TEST_STEP][PASSED] - else: null

09-12-2024T07:53:55 - [TEST_STEP][PASSED] - numberOfErrors = numberOfErrors + 1: null

09-12-2024T07:53:55 - [TEST_STEP][PASSED] - pageInt = pageOtpuskVSet: null

09-12-2024T07:53:55 - [TEST_STEP][PASSED] - fileInt = fileOtpuskVSet: null

09-12-2024T07:53:55 - [TEST_STEP][PASSED] - typeOfData = typeOfDataMain + " Отпуск в сеть": null

09-12-2024T07:53:55 - [TEST_STEP][PASSED] - Script1718980020443.WriteToExcel(a, typeOfData, todaysDate, pageInt, fileInt, pageDouble, fileDouble, dZO): null

09-12-2024T07:53:55 - [TEST_STEP][PASSED] - sheetName = "Sheet1": null

09-12-2024T07:53:55 - [TEST_STEP][PASSED] - data = findTestData("PlanFact"): null

09-12-2024T07:53:55 - [TEST_STEP][PASSED] - n = data.getRowNumbers() + 1: null

09-12-2024T07:53:55 - [TEST_STEP][PASSED] - year = todaysDate.substring(todaysDate.length() - 4, todaysDate.length()): null

09-12-2024T07:53:55 - [TEST_STEP][PASSED] - y = year.toInteger(): null

09-12-2024T07:53:55 - [TEST_STEP][PASSED] - m = getText(findTestObject("Выполнение бизнес-плана/Период")): Text of object 'Object Repository/Выполнение бизнес-плана/Период' is: '1, 2, 3 кв., Октябрь 2024 года'

09-12-2024T07:53:55 - [MESSAGE][PASSED] - Text of object 'Object Repository/Выполнение бизнес-плана/Период' is: '1, 2, 3 кв., Октябрь 2024 года'

09-12-2024T07:53:55 - [TEST_STEP][PASSED] - m = m.substring(0, m.indexOf("2024")): null

09-12-2024T07:53:55 - [TEST_STEP][PASSED] - m = m.trim(): null

09-12-2024T07:53:55 - [TEST_STEP][PASSED] - dashboardName = "Выполнение бизнес-плана": null

09-12-2024T07:53:55 - [TEST_STEP][PASSED] - workbook01 = getWorkbook(excelFilePath): null

09-12-2024T07:53:55 - [TEST_STEP][PASSED] - sheet01 = getExcelSheet(workbook01, sheetName): null

09-12-2024T07:53:55 - [TEST_STEP][PASSED] - setValueToCellByIndex(sheet01, n, 0, dashboardName): null

09-12-2024T07:53:55 - [TEST_STEP][PASSED] - setValueToCellByIndex(sheet01, n, 1, dZO): null

09-12-2024T07:53:55 - [TEST_STEP][PASSED] - setValueToCellByIndex(sheet01, n, 2, typeOfData): null

09-12-2024T07:53:55 - [TEST_STEP][PASSED] - if (typeOfData == "Факт в процентах" || typeOfData == "План в процентах"): null

09-12-2024T07:53:55 - [TEST_STEP][PASSED] - else: null

09-12-2024T07:53:55 - [TEST_STEP][PASSED] - setValueToCellByIndex(sheet01, n, 3, fileInt): null

09-12-2024T07:53:55 - [TEST_STEP][PASSED] - setValueToCellByIndex(sheet01, n, 4, pageInt): null

09-12-2024T07:53:55 - [TEST_STEP][PASSED] - setValueToCellByIndex(sheet01, n, 5, m): null

09-12-2024T07:53:55 - [TEST_STEP][PASSED] - setValueToCellByIndex(sheet01, n, 6, y): null

09-12-2024T07:53:55 - [TEST_STEP][PASSED] - setValueToCellByIndex(sheet01, n, 7, todaysDate): null

09-12-2024T07:53:55 - [TEST_STEP][PASSED] - n = n + 1: null

09-12-2024T07:53:55 - [TEST_STEP][PASSED] - saveWorkbook(excelFilePath, workbook01): null

09-12-2024T07:53:55 - [TEST_STEP][PASSED] - compare = pagePoteri: null

09-12-2024T07:53:55 - [TEST_STEP][PASSED] - if (compare == filePoteri): null

09-12-2024T07:53:55 - [TEST_STEP][PASSED] - else if (compare > filePoteri): null

09-12-2024T07:53:55 - [TEST_STEP][PASSED] - else if (compare < filePoteri): null

09-12-2024T07:53:55 - [TEST_STEP][PASSED] - compare = compare + 1: null

09-12-2024T07:53:55 - [TEST_STEP][PASSED] - if (compare == filePoteri): null

09-12-2024T07:53:55 - [TEST_STEP][PASSED] - else: null

09-12-2024T07:53:55 - [TEST_STEP][PASSED] - numberOfErrors = numberOfErrors + 1: null

09-12-2024T07:53:55 - [TEST_STEP][PASSED] - pageInt = pagePoteri: null

09-12-2024T07:53:55 - [TEST_STEP][PASSED] - fileInt = filePoteri: null

09-12-2024T07:53:55 - [TEST_STEP][PASSED] - typeOfData = typeOfDataMain + " Потери": null

09-12-2024T07:53:55 - [TEST_STEP][PASSED] - Script1718980020443.WriteToExcel(a, typeOfData, todaysDate, pageInt, fileInt, pageDouble, fileDouble, dZO): null

09-12-2024T07:53:55 - [TEST_STEP][PASSED] - sheetName = "Sheet1": null

09-12-2024T07:53:55 - [TEST_STEP][PASSED] - data = findTestData("PlanFact"): null

09-12-2024T07:53:56 - [TEST_STEP][PASSED] - n = data.getRowNumbers() + 1: null

09-12-2024T07:53:56 - [TEST_STEP][PASSED] - year = todaysDate.substring(todaysDate.length() - 4, todaysDate.length()): null

09-12-2024T07:53:56 - [TEST_STEP][PASSED] - y = year.toInteger(): null

09-12-2024T07:53:56 - [TEST_STEP][PASSED] - m = getText(findTestObject("Выполнение бизнес-плана/Период")): Text of object 'Object Repository/Выполнение бизнес-плана/Период' is: '1, 2, 3 кв., Октябрь 2024 года'

09-12-2024T07:53:56 - [MESSAGE][PASSED] - Text of object 'Object Repository/Выполнение бизнес-плана/Период' is: '1, 2, 3 кв., Октябрь 2024 года'

09-12-2024T07:53:56 - [TEST_STEP][PASSED] - m = m.substring(0, m.indexOf("2024")): null

09-12-2024T07:53:56 - [TEST_STEP][PASSED] - m = m.trim(): null

09-12-2024T07:53:56 - [TEST_STEP][PASSED] - dashboardName = "Выполнение бизнес-плана": null

09-12-2024T07:53:56 - [TEST_STEP][PASSED] - workbook01 = getWorkbook(excelFilePath): null

09-12-2024T07:53:56 - [TEST_STEP][PASSED] - sheet01 = getExcelSheet(workbook01, sheetName): null

09-12-2024T07:53:56 - [TEST_STEP][PASSED] - setValueToCellByIndex(sheet01, n, 0, dashboardName): null

09-12-2024T07:53:56 - [TEST_STEP][PASSED] - setValueToCellByIndex(sheet01, n, 1, dZO): null

09-12-2024T07:53:56 - [TEST_STEP][PASSED] - setValueToCellByIndex(sheet01, n, 2, typeOfData): null

09-12-2024T07:53:56 - [TEST_STEP][PASSED] - if (typeOfData == "Факт в процентах" || typeOfData == "План в процентах"): null

09-12-2024T07:53:56 - [TEST_STEP][PASSED] - else: null

09-12-2024T07:53:56 - [TEST_STEP][PASSED] - setValueToCellByIndex(sheet01, n, 3, fileInt): null

09-12-2024T07:53:56 - [TEST_STEP][PASSED] - setValueToCellByIndex(sheet01, n, 4, pageInt): null

09-12-2024T07:53:56 - [TEST_STEP][PASSED] - setValueToCellByIndex(sheet01, n, 5, m): null

09-12-2024T07:53:56 - [TEST_STEP][PASSED] - setValueToCellByIndex(sheet01, n, 6, y): null

09-12-2024T07:53:56 - [TEST_STEP][PASSED] - setValueToCellByIndex(sheet01, n, 7, todaysDate): null

09-12-2024T07:53:56 - [TEST_STEP][PASSED] - n = n + 1: null

09-12-2024T07:53:56 - [TEST_STEP][PASSED] - saveWorkbook(excelFilePath, workbook01): null

09-12-2024T07:53:56 - [TEST_STEP][PASSED] - if (planFact == 2): null

09-12-2024T07:53:56 - [TEST_STEP][PASSED] - if (planFact == 1): null

09-12-2024T07:53:56 - [TEST_STEP][PASSED] - else if (planFact == 2): null

09-12-2024T07:53:56 - [TEST_STEP][PASSED] - click(findTestObject("Выполнение бизнес-плана/Кнопка План")): Object: 'Object Repository/Выполнение бизнес-плана/Кнопка План' is clicked on

09-12-2024T07:53:56 - [MESSAGE][PASSED] - Object: 'Object Repository/Выполнение бизнес-плана/Кнопка План' is clicked on

09-12-2024T07:53:56 - [TEST_STEP][PASSED] - typeOfDataMain = "План": null

09-12-2024T07:53:56 - [TEST_STEP][PASSED] - otpusk = findTestData("PlanFact").getValue(2, a): null

09-12-2024T07:53:57 - [TEST_STEP][PASSED] - poteri = findTestData("PlanFact").getValue(3, a): null

09-12-2024T07:53:57 - [TEST_STEP][PASSED] - otpusk = otpusk.replaceAll("\s+", ""): null

09-12-2024T07:53:57 - [TEST_STEP][PASSED] - poteri = poteri.replaceAll("\s+", ""): null

09-12-2024T07:53:57 - [TEST_STEP][PASSED] - typeOfData = typeOfDataMain + " Отпуск в сеть": null

09-12-2024T07:53:57 - [TEST_STEP][PASSED] - if (a == 82): null

09-12-2024T07:53:57 - [TEST_STEP][PASSED] - else if (a == 84): null

09-12-2024T07:53:57 - [TEST_STEP][PASSED] - else if (a == 52 || a == 72 || a == 28 || a == 73 || a == 77 || a == 74 || a == 65 || a == 36 || a == 44 || a == 53 || a == 80 || a == 54 || a == 1 || a == 18 || a == 59 || a == 81): null

09-12-2024T07:53:57 - [TEST_STEP][PASSED] - else: null

09-12-2024T07:53:57 - [TEST_STEP][PASSED] - path = dataFolder + typeOfData + " за отчётный период " + b: null

09-12-2024T07:53:57 - [TEST_STEP][PASSED] - println(path): null

09-12-2024T07:53:57 - [TEST_STEP][PASSED] - page = getText(findTestObject(path)): Text of object 'Object Repository/Выполнение бизнес-плана/Значения со страницы Выполнение бизнес-плана/План Отпуск в сеть за отчётный период Тверьэнерго' is: '4 254 042'

09-12-2024T07:53:57 - [MESSAGE][PASSED] - Text of object 'Object Repository/Выполнение бизнес-плана/Значения со страницы Выполнение бизнес-плана/План Отпуск в сеть за отчётный период Тверьэнерго' is: '4 254 042'

09-12-2024T07:53:57 - [TEST_STEP][PASSED] - page = page.replaceAll("\s+", ""): null

09-12-2024T07:53:57 - [TEST_STEP][PASSED] - fileOtpuskVSet = otpusk.toInteger(): null

09-12-2024T07:53:57 - [TEST_STEP][PASSED] - pageOtpuskVSet = page.toInteger(): null

09-12-2024T07:53:57 - [TEST_STEP][PASSED] - typeOfData = typeOfDataMain + " Потери": null

09-12-2024T07:53:57 - [TEST_STEP][PASSED] - if (a == 82): null

09-12-2024T07:53:57 - [TEST_STEP][PASSED] - else if (a == 84): null

09-12-2024T07:53:57 - [TEST_STEP][PASSED] - else if (a == 52 || a == 72 || a == 28 || a == 73 || a == 77 || a == 74 || a == 65 || a == 36 || a == 44 || a == 53 || a == 80 || a == 54 || a == 1 || a == 18 || a == 59 || a == 81): null

09-12-2024T07:53:57 - [TEST_STEP][PASSED] - else: null

09-12-2024T07:53:57 - [TEST_STEP][PASSED] - path = dataFolder + typeOfData + " за отчётный период " + b: null

09-12-2024T07:53:57 - [TEST_STEP][PASSED] - page = getText(findTestObject(path)): Text of object 'Object Repository/Выполнение бизнес-плана/Значения со страницы Выполнение бизнес-плана/План Потери за отчётный период Тверьэнерго' is: '565 998'

09-12-2024T07:53:57 - [MESSAGE][PASSED] - Text of object 'Object Repository/Выполнение бизнес-плана/Значения со страницы Выполнение бизнес-плана/План Потери за отчётный период Тверьэнерго' is: '565 998'

09-12-2024T07:53:57 - [TEST_STEP][PASSED] - page = page.replaceAll("\s+", ""): null

09-12-2024T07:53:57 - [TEST_STEP][PASSED] - filePoteri = poteri.toInteger(): null

09-12-2024T07:53:57 - [TEST_STEP][PASSED] - pagePoteri = page.toInteger(): null

09-12-2024T07:53:57 - [TEST_STEP][PASSED] - compare = pageOtpuskVSet: null

09-12-2024T07:53:57 - [TEST_STEP][PASSED] - if (compare == fileOtpuskVSet): null

09-12-2024T07:53:57 - [TEST_STEP][PASSED] - else if (compare > fileOtpuskVSet): null

09-12-2024T07:53:57 - [TEST_STEP][PASSED] - else if (compare < fileOtpuskVSet): null

09-12-2024T07:53:57 - [TEST_STEP][PASSED] - compare = compare + 1: null

09-12-2024T07:53:57 - [TEST_STEP][PASSED] - if (compare == fileOtpuskVSet): null

09-12-2024T07:53:57 - [TEST_STEP][PASSED] - else: null

09-12-2024T07:53:57 - [TEST_STEP][PASSED] - numberOfErrors = numberOfErrors + 1: null

09-12-2024T07:53:57 - [TEST_STEP][PASSED] - pageInt = pageOtpuskVSet: null

09-12-2024T07:53:57 - [TEST_STEP][PASSED] - fileInt = fileOtpuskVSet: null

09-12-2024T07:53:57 - [TEST_STEP][PASSED] - typeOfData = typeOfDataMain + " Отпуск в сеть": null

09-12-2024T07:53:57 - [TEST_STEP][PASSED] - Script1718980020443.WriteToExcel(a, typeOfData, todaysDate, pageInt, fileInt, pageDouble, fileDouble, dZO): null

09-12-2024T07:53:57 - [TEST_STEP][PASSED] - sheetName = "Sheet1": null

09-12-2024T07:53:57 - [TEST_STEP][PASSED] - data = findTestData("PlanFact"): null

09-12-2024T07:53:57 - [TEST_STEP][PASSED] - n = data.getRowNumbers() + 1: null

09-12-2024T07:53:57 - [TEST_STEP][PASSED] - year = todaysDate.substring(todaysDate.length() - 4, todaysDate.length()): null

09-12-2024T07:53:57 - [TEST_STEP][PASSED] - y = year.toInteger(): null

09-12-2024T07:53:57 - [TEST_STEP][PASSED] - m = getText(findTestObject("Выполнение бизнес-плана/Период")): Text of object 'Object Repository/Выполнение бизнес-плана/Период' is: '1, 2, 3 кв., Октябрь 2024 года'

09-12-2024T07:53:58 - [MESSAGE][PASSED] - Text of object 'Object Repository/Выполнение бизнес-плана/Период' is: '1, 2, 3 кв., Октябрь 2024 года'

09-12-2024T07:53:58 - [TEST_STEP][PASSED] - m = m.substring(0, m.indexOf("2024")): null

09-12-2024T07:53:58 - [TEST_STEP][PASSED] - m = m.trim(): null

09-12-2024T07:53:58 - [TEST_STEP][PASSED] - dashboardName = "Выполнение бизнес-плана": null

09-12-2024T07:53:58 - [TEST_STEP][PASSED] - workbook01 = getWorkbook(excelFilePath): null

09-12-2024T07:53:58 - [TEST_STEP][PASSED] - sheet01 = getExcelSheet(workbook01, sheetName): null

09-12-2024T07:53:58 - [TEST_STEP][PASSED] - setValueToCellByIndex(sheet01, n, 0, dashboardName): null

09-12-2024T07:53:58 - [TEST_STEP][PASSED] - setValueToCellByIndex(sheet01, n, 1, dZO): null

09-12-2024T07:53:58 - [TEST_STEP][PASSED] - setValueToCellByIndex(sheet01, n, 2, typeOfData): null

09-12-2024T07:53:58 - [TEST_STEP][PASSED] - if (typeOfData == "Факт в процентах" || typeOfData == "План в процентах"): null

09-12-2024T07:53:58 - [TEST_STEP][PASSED] - else: null

09-12-2024T07:53:58 - [TEST_STEP][PASSED] - setValueToCellByIndex(sheet01, n, 3, fileInt): null

09-12-2024T07:53:58 - [TEST_STEP][PASSED] - setValueToCellByIndex(sheet01, n, 4, pageInt): null

09-12-2024T07:53:58 - [TEST_STEP][PASSED] - setValueToCellByIndex(sheet01, n, 5, m): null

09-12-2024T07:53:58 - [TEST_STEP][PASSED] - setValueToCellByIndex(sheet01, n, 6, y): null

09-12-2024T07:53:58 - [TEST_STEP][PASSED] - setValueToCellByIndex(sheet01, n, 7, todaysDate): null

09-12-2024T07:53:58 - [TEST_STEP][PASSED] - n = n + 1: null

09-12-2024T07:53:58 - [TEST_STEP][PASSED] - saveWorkbook(excelFilePath, workbook01): null

09-12-2024T07:53:58 - [TEST_STEP][PASSED] - compare = pagePoteri: null

09-12-2024T07:53:58 - [TEST_STEP][PASSED] - if (compare == filePoteri): null

09-12-2024T07:53:58 - [TEST_STEP][PASSED] - else if (compare > filePoteri): null

09-12-2024T07:53:58 - [TEST_STEP][PASSED] - else if (compare < filePoteri): null

09-12-2024T07:53:58 - [TEST_STEP][PASSED] - compare = compare + 1: null

09-12-2024T07:53:58 - [TEST_STEP][PASSED] - if (compare == filePoteri): null

09-12-2024T07:53:58 - [TEST_STEP][PASSED] - else: null

09-12-2024T07:53:58 - [TEST_STEP][PASSED] - numberOfErrors = numberOfErrors + 1: null

09-12-2024T07:53:58 - [TEST_STEP][PASSED] - pageInt = pagePoteri: null

09-12-2024T07:53:58 - [TEST_STEP][PASSED] - fileInt = filePoteri: null

09-12-2024T07:53:58 - [TEST_STEP][PASSED] - typeOfData = typeOfDataMain + " Потери": null

09-12-2024T07:53:58 - [TEST_STEP][PASSED] - Script1718980020443.WriteToExcel(a, typeOfData, todaysDate, pageInt, fileInt, pageDouble, fileDouble, dZO): null

09-12-2024T07:53:58 - [TEST_STEP][PASSED] - sheetName = "Sheet1": null

09-12-2024T07:53:58 - [TEST_STEP][PASSED] - data = findTestData("PlanFact"): null

09-12-2024T07:53:58 - [TEST_STEP][PASSED] - n = data.getRowNumbers() + 1: null

09-12-2024T07:53:58 - [TEST_STEP][PASSED] - year = todaysDate.substring(todaysDate.length() - 4, todaysDate.length()): null

09-12-2024T07:53:58 - [TEST_STEP][PASSED] - y = year.toInteger(): null

09-12-2024T07:53:58 - [TEST_STEP][PASSED] - m = getText(findTestObject("Выполнение бизнес-плана/Период")): Text of object 'Object Repository/Выполнение бизнес-плана/Период' is: '1, 2, 3 кв., Октябрь 2024 года'

09-12-2024T07:53:58 - [MESSAGE][PASSED] - Text of object 'Object Repository/Выполнение бизнес-плана/Период' is: '1, 2, 3 кв., Октябрь 2024 года'

09-12-2024T07:53:58 - [TEST_STEP][PASSED] - m = m.substring(0, m.indexOf("2024")): null

09-12-2024T07:53:58 - [TEST_STEP][PASSED] - m = m.trim(): null

09-12-2024T07:53:58 - [TEST_STEP][PASSED] - dashboardName = "Выполнение бизнес-плана": null

09-12-2024T07:53:58 - [TEST_STEP][PASSED] - workbook01 = getWorkbook(excelFilePath): null

09-12-2024T07:53:58 - [TEST_STEP][PASSED] - sheet01 = getExcelSheet(workbook01, sheetName): null

09-12-2024T07:53:58 - [TEST_STEP][PASSED] - setValueToCellByIndex(sheet01, n, 0, dashboardName): null

09-12-2024T07:53:58 - [TEST_STEP][PASSED] - setValueToCellByIndex(sheet01, n, 1, dZO): null

09-12-2024T07:53:58 - [TEST_STEP][PASSED] - setValueToCellByIndex(sheet01, n, 2, typeOfData): null

09-12-2024T07:53:58 - [TEST_STEP][PASSED] - if (typeOfData == "Факт в процентах" || typeOfData == "План в процентах"): null

09-12-2024T07:53:58 - [TEST_STEP][PASSED] - else: null

09-12-2024T07:53:58 - [TEST_STEP][PASSED] - setValueToCellByIndex(sheet01, n, 3, fileInt): null

09-12-2024T07:53:58 - [TEST_STEP][PASSED] - setValueToCellByIndex(sheet01, n, 4, pageInt): null

09-12-2024T07:53:58 - [TEST_STEP][PASSED] - setValueToCellByIndex(sheet01, n, 5, m): null

09-12-2024T07:53:58 - [TEST_STEP][PASSED] - setValueToCellByIndex(sheet01, n, 6, y): null

09-12-2024T07:53:58 - [TEST_STEP][PASSED] - setValueToCellByIndex(sheet01, n, 7, todaysDate): null

09-12-2024T07:53:58 - [TEST_STEP][PASSED] - n = n + 1: null

09-12-2024T07:53:58 - [TEST_STEP][PASSED] - saveWorkbook(excelFilePath, workbook01): Object: 'Object Repository/Выполнение бизнес-плана/Кнопка Факт' is clicked on

09-12-2024T07:53:59 - [TEST_STEP][PASSED] - if (planFact == 2): Object: 'Object Repository/Выполнение бизнес-плана/Кнопка Факт' is clicked on

09-12-2024T07:53:59 - [TEST_STEP][PASSED] - click(findTestObject("Выполнение бизнес-плана/Кнопка Факт")): Object: 'Object Repository/Выполнение бизнес-плана/Кнопка Факт' is clicked on

09-12-2024T07:53:59 - [MESSAGE][PASSED] - Object: 'Object Repository/Выполнение бизнес-плана/Кнопка Факт' is clicked on

09-12-2024T07:53:59 - [TEST_STEP][PASSED] - if (a == 84 || a == 82): null

09-12-2024T07:53:59 - [TEST_STEP][PASSED] - else if (a == 52 || a == 72 || a == 28 || a == 73 || a == 77 || a == 74 || a == 65 || a == 36 || a == 44 || a == 53 || a == 80 || a == 54 || a == 1 || a == 18 || a == 59 || a == 81): null

09-12-2024T07:53:59 - [TEST_STEP][PASSED] - else: null

09-12-2024T07:53:59 - [TEST_STEP][PASSED] - page1 = getText(findTestObject("Object Repository/Выполнение бизнес-плана/spanPlan" + filialNum)): Text of object 'Object Repository/Выполнение бизнес-плана/spanPlan14' is: '13.30
|'

09-12-2024T07:53:59 - [MESSAGE][PASSED] - Text of object 'Object Repository/Выполнение бизнес-плана/spanPlan14' is: '13.30
|'

09-12-2024T07:53:59 - [TEST_STEP][PASSED] - page1 = page1.replace("|", ""): null

09-12-2024T07:53:59 - [TEST_STEP][PASSED] - page2 = getText(findTestObject("Object Repository/Выполнение бизнес-плана/spanFact" + filialNum)): Text of object 'Object Repository/Выполнение бизнес-плана/spanFact14' is: '13.23
|'

09-12-2024T07:53:59 - [MESSAGE][PASSED] - Text of object 'Object Repository/Выполнение бизнес-плана/spanFact14' is: '13.23
|'

09-12-2024T07:53:59 - [TEST_STEP][PASSED] - page2 = page2.replace("|", ""): null

09-12-2024T07:53:59 - [TEST_STEP][PASSED] - println("page1: " + page1): null

09-12-2024T07:53:59 - [TEST_STEP][PASSED] - println("page2: " + page2): null

09-12-2024T07:53:59 - [TEST_STEP][PASSED] - file = findTestData("PlanFact").getValue(4, a): null

09-12-2024T07:53:59 - [TEST_STEP][PASSED] - file = file.replace(",", "."): null

09-12-2024T07:53:59 - [TEST_STEP][PASSED] - println("file Plan: " + file): null

09-12-2024T07:53:59 - [TEST_STEP][PASSED] - typeOfData = "План в процентах": null

09-12-2024T07:53:59 - [TEST_STEP][PASSED] - fileDouble = file.toDouble(): null

09-12-2024T07:53:59 - [TEST_STEP][PASSED] - pageDouble = page1.toDouble(): null

09-12-2024T07:53:59 - [TEST_STEP][PASSED] - if (fileDouble != pageDouble): null

09-12-2024T07:53:59 - [TEST_STEP][PASSED] - numberOfErrors = numberOfErrors + 1: null

09-12-2024T07:53:59 - [TEST_STEP][PASSED] - Script1718980020443.WriteToExcel(a, typeOfData, todaysDate, pageInt, fileInt, pageDouble, fileDouble, dZO): null

09-12-2024T07:53:59 - [TEST_STEP][PASSED] - sheetName = "Sheet1": null

09-12-2024T07:53:59 - [TEST_STEP][PASSED] - data = findTestData("PlanFact"): null

09-12-2024T07:54:00 - [TEST_STEP][PASSED] - n = data.getRowNumbers() + 1: null

09-12-2024T07:54:00 - [TEST_STEP][PASSED] - year = todaysDate.substring(todaysDate.length() - 4, todaysDate.length()): null

09-12-2024T07:54:00 - [TEST_STEP][PASSED] - y = year.toInteger(): null

09-12-2024T07:54:00 - [TEST_STEP][PASSED] - m = getText(findTestObject("Выполнение бизнес-плана/Период")): Text of object 'Object Repository/Выполнение бизнес-плана/Период' is: '1, 2, 3 кв., Октябрь 2024 года'

09-12-2024T07:54:00 - [MESSAGE][PASSED] - Text of object 'Object Repository/Выполнение бизнес-плана/Период' is: '1, 2, 3 кв., Октябрь 2024 года'

09-12-2024T07:54:00 - [TEST_STEP][PASSED] - m = m.substring(0, m.indexOf("2024")): null

09-12-2024T07:54:00 - [TEST_STEP][PASSED] - m = m.trim(): null

09-12-2024T07:54:00 - [TEST_STEP][PASSED] - dashboardName = "Выполнение бизнес-плана": null

09-12-2024T07:54:00 - [TEST_STEP][PASSED] - workbook01 = getWorkbook(excelFilePath): null

09-12-2024T07:54:00 - [TEST_STEP][PASSED] - sheet01 = getExcelSheet(workbook01, sheetName): null

09-12-2024T07:54:00 - [TEST_STEP][PASSED] - setValueToCellByIndex(sheet01, n, 0, dashboardName): null

09-12-2024T07:54:00 - [TEST_STEP][PASSED] - setValueToCellByIndex(sheet01, n, 1, dZO): null

09-12-2024T07:54:00 - [TEST_STEP][PASSED] - setValueToCellByIndex(sheet01, n, 2, typeOfData): null

09-12-2024T07:54:00 - [TEST_STEP][PASSED] - if (typeOfData == "Факт в процентах" || typeOfData == "План в процентах"): null

09-12-2024T07:54:00 - [TEST_STEP][PASSED] - setValueToCellByIndex(sheet01, n, 3, fileDouble): null

09-12-2024T07:54:00 - [TEST_STEP][PASSED] - setValueToCellByIndex(sheet01, n, 4, pageDouble): null

09-12-2024T07:54:00 - [TEST_STEP][PASSED] - setValueToCellByIndex(sheet01, n, 5, m): null

09-12-2024T07:54:00 - [TEST_STEP][PASSED] - setValueToCellByIndex(sheet01, n, 6, y): null

09-12-2024T07:54:00 - [TEST_STEP][PASSED] - setValueToCellByIndex(sheet01, n, 7, todaysDate): null

09-12-2024T07:54:00 - [TEST_STEP][PASSED] - n = n + 1: null

09-12-2024T07:54:00 - [TEST_STEP][PASSED] - saveWorkbook(excelFilePath, workbook01): null

09-12-2024T07:54:00 - [TEST_STEP][PASSED] - file = findTestData("PlanFact").getValue(7, a): null

09-12-2024T07:54:00 - [TEST_STEP][PASSED] - file = file.replace(",", "."): null

09-12-2024T07:54:00 - [TEST_STEP][PASSED] - println("file Fact: " + file): null

09-12-2024T07:54:00 - [TEST_STEP][PASSED] - fileDouble = file.toDouble(): null

09-12-2024T07:54:00 - [TEST_STEP][PASSED] - typeOfData = "Факт в процентах": null

09-12-2024T07:54:00 - [TEST_STEP][PASSED] - fileDouble = file.toDouble(): null

09-12-2024T07:54:00 - [TEST_STEP][PASSED] - pageDouble = page2.toDouble(): null

09-12-2024T07:54:00 - [TEST_STEP][PASSED] - if (fileDouble != pageDouble): null

09-12-2024T07:54:00 - [TEST_STEP][PASSED] - numberOfErrors = numberOfErrors + 1: null

09-12-2024T07:54:00 - [TEST_STEP][PASSED] - Script1718980020443.WriteToExcel(a, typeOfData, todaysDate, pageInt, fileInt, pageDouble, fileDouble, dZO): null

09-12-2024T07:54:00 - [TEST_STEP][PASSED] - sheetName = "Sheet1": null

09-12-2024T07:54:00 - [TEST_STEP][PASSED] - data = findTestData("PlanFact"): null

09-12-2024T07:54:00 - [TEST_STEP][PASSED] - n = data.getRowNumbers() + 1: null

09-12-2024T07:54:00 - [TEST_STEP][PASSED] - year = todaysDate.substring(todaysDate.length() - 4, todaysDate.length()): null

09-12-2024T07:54:00 - [TEST_STEP][PASSED] - y = year.toInteger(): null

09-12-2024T07:54:00 - [TEST_STEP][PASSED] - m = getText(findTestObject("Выполнение бизнес-плана/Период")): Text of object 'Object Repository/Выполнение бизнес-плана/Период' is: '1, 2, 3 кв., Октябрь 2024 года'

09-12-2024T07:54:01 - [MESSAGE][PASSED] - Text of object 'Object Repository/Выполнение бизнес-плана/Период' is: '1, 2, 3 кв., Октябрь 2024 года'

09-12-2024T07:54:01 - [TEST_STEP][PASSED] - m = m.substring(0, m.indexOf("2024")): null

09-12-2024T07:54:01 - [TEST_STEP][PASSED] - m = m.trim(): null

09-12-2024T07:54:01 - [TEST_STEP][PASSED] - dashboardName = "Выполнение бизнес-плана": null

09-12-2024T07:54:01 - [TEST_STEP][PASSED] - workbook01 = getWorkbook(excelFilePath): null

09-12-2024T07:54:01 - [TEST_STEP][PASSED] - sheet01 = getExcelSheet(workbook01, sheetName): null

09-12-2024T07:54:01 - [TEST_STEP][PASSED] - setValueToCellByIndex(sheet01, n, 0, dashboardName): null

09-12-2024T07:54:01 - [TEST_STEP][PASSED] - setValueToCellByIndex(sheet01, n, 1, dZO): null

09-12-2024T07:54:01 - [TEST_STEP][PASSED] - setValueToCellByIndex(sheet01, n, 2, typeOfData): null

09-12-2024T07:54:01 - [TEST_STEP][PASSED] - if (typeOfData == "Факт в процентах" || typeOfData == "План в процентах"): null

09-12-2024T07:54:01 - [TEST_STEP][PASSED] - setValueToCellByIndex(sheet01, n, 3, fileDouble): null

09-12-2024T07:54:01 - [TEST_STEP][PASSED] - setValueToCellByIndex(sheet01, n, 4, pageDouble): null

09-12-2024T07:54:01 - [TEST_STEP][PASSED] - setValueToCellByIndex(sheet01, n, 5, m): null

09-12-2024T07:54:01 - [TEST_STEP][PASSED] - setValueToCellByIndex(sheet01, n, 6, y): null

09-12-2024T07:54:01 - [TEST_STEP][PASSED] - setValueToCellByIndex(sheet01, n, 7, todaysDate): null

09-12-2024T07:54:01 - [TEST_STEP][PASSED] - n = n + 1: null

09-12-2024T07:54:01 - [TEST_STEP][PASSED] - saveWorkbook(excelFilePath, workbook01): null

09-12-2024T07:54:01 - [TEST_STEP][FAILED] - if (verifyEqual(numberOfErrors, 0) == false): null

09-12-2024T07:54:01 - [MESSAGE][FAILED] - Unable to verify equal between actual object '6' and expected object '0' (Root cause: com.kms.katalon.core.exception.StepFailedException: Actual object '6' and expected object '0' are not equal
	at com.kms.katalon.core.keyword.builtin.VerifyEqualKeyword$_verifyEqual_closure1.doCall(VerifyEqualKeyword.groovy:58)
	at com.kms.katalon.core.keyword.builtin.VerifyEqualKeyword$_verifyEqual_closure1.call(VerifyEqualKeyword.groovy)
	at com.kms.katalon.core.keyword.internal.KeywordMain.runKeyword(KeywordMain.groovy:75)
	at com.kms.katalon.core.keyword.builtin.VerifyEqualKeyword.verifyEqual(VerifyEqualKeyword.groovy:63)
	at com.kms.katalon.core.keyword.builtin.VerifyEqualKeyword.execute(VerifyEqualKeyword.groovy:44)
	at com.kms.katalon.core.keyword.internal.KeywordExecutor.executeKeywordForPlatform(KeywordExecutor.groovy:74)
	at com.kms.katalon.core.keyword.BuiltinKeywords.verifyEqual(BuiltinKeywords.groovy:146)
	at jdk.internal.reflect.GeneratedMethodAccessor24.invoke(Unknown Source)
	at java.base/jdk.internal.reflect.DelegatingMethodAccessorImpl.invoke(DelegatingMethodAccessorImpl.java:43)
	at Выполнение бизнес-плана Сверка ПАО Россети все филиалы.Numbers(Выполнение бизнес-плана Сверка ПАО Россети все филиалы:752)
	at Выполнение бизнес-плана Сверка ПАО Россети все филиалы.Filials(Выполнение бизнес-плана Сверка ПАО Россети все филиалы:1333)
	at Выполнение бизнес-плана Сверка ПАО Россети все филиалы.Numbers(Выполнение бизнес-плана Сверка ПАО Россети все филиалы:757)
	at Выполнение бизнес-плана Сверка ПАО Россети все филиалы.run(Выполнение бизнес-плана Сверка ПАО Россети все филиалы:400)
	at com.kms.katalon.core.main.ScriptEngine.run(ScriptEngine.java:194)
	at com.kms.katalon.core.main.ScriptEngine.runScriptAsRawText(ScriptEngine.java:119)
	at com.kms.katalon.core.main.TestCaseExecutor.runScript(TestCaseExecutor.java:448)
	at com.kms.katalon.core.main.TestCaseExecutor.doExecute(TestCaseExecutor.java:439)
	at com.kms.katalon.core.main.TestCaseExecutor.processExecutionPhase(TestCaseExecutor.java:418)
	at com.kms.katalon.core.main.TestCaseExecutor.accessMainPhase(TestCaseExecutor.java:410)
	at com.kms.katalon.core.main.TestCaseExecutor.execute(TestCaseExecutor.java:285)
	at com.kms.katalon.core.common.CommonExecutor.accessTestCaseMainPhase(CommonExecutor.java:65)
	at com.kms.katalon.core.main.TestSuiteExecutor.accessTestSuiteMainPhase(TestSuiteExecutor.java:150)
	at com.kms.katalon.core.main.TestSuiteExecutor.execute(TestSuiteExecutor.java:106)
	at com.kms.katalon.core.main.TestCaseMain.startTestSuite(TestCaseMain.java:180)
	at TempTestSuite1733719229947.run(TempTestSuite1733719229947.groovy:35)
	at java.base/jdk.internal.reflect.NativeMethodAccessorImpl.invoke0(Native Method)
	at java.base/jdk.internal.reflect.NativeMethodAccessorImpl.invoke(NativeMethodAccessorImpl.java:77)
	at java.base/jdk.internal.reflect.DelegatingMethodAccessorImpl.invoke(DelegatingMethodAccessorImpl.java:43)
)

09-12-2024T07:54:01 - [TEST_STEP][PASSED] - println(numberOfErrors): null

09-12-2024T07:54:01 - [TEST_STEP][PASSED] - if (a == 28 || a == 77 || a == 74 || a == 65 || a == 36 || a == 44 || a == 54 || a == 1 || a == 18 || a == 59): null

09-12-2024T07:54:01 - [TEST_STEP][PASSED] - if (a == 82): null

09-12-2024T07:54:01 - [TEST_STEP][PASSED] - dZO = "Ярэнерго": null

09-12-2024T07:54:01 - [TEST_STEP][PASSED] - a = 12: null

09-12-2024T07:54:01 - [TEST_STEP][PASSED] - if (x2.contains(dZO)): null

09-12-2024T07:54:01 - [TEST_STEP][PASSED] - filialNum = filialNum + 1: null

09-12-2024T07:54:01 - [TEST_STEP][PASSED] - Script1718980020443.Numbers(a, typeOfData, todaysDate, pageInt, fileInt, pageDouble, fileDouble, dZO, dzoNum, filialNum): null

09-12-2024T07:54:01 - [TEST_STEP][PASSED] - println(dzoNum): null

09-12-2024T07:54:01 - [TEST_STEP][PASSED] - planFact = <not implemented yet for class: org.codehaus.groovy.ast.expr.EmptyExpression>: null

09-12-2024T07:54:01 - [TEST_STEP][PASSED] - page = <not implemented yet for class: org.codehaus.groovy.ast.expr.EmptyExpression>: null

09-12-2024T07:54:01 - [TEST_STEP][PASSED] - page1 = <not implemented yet for class: org.codehaus.groovy.ast.expr.EmptyExpression>: null

09-12-2024T07:54:01 - [TEST_STEP][PASSED] - page2 = <not implemented yet for class: org.codehaus.groovy.ast.expr.EmptyExpression>: null

09-12-2024T07:54:01 - [TEST_STEP][PASSED] - filialNumberInRow = <not implemented yet for class: org.codehaus.groovy.ast.expr.EmptyExpression>: null

09-12-2024T07:54:01 - [TEST_STEP][PASSED] - filialsDzoNames = <not implemented yet for class: org.codehaus.groovy.ast.expr.EmptyExpression>: null

09-12-2024T07:54:01 - [TEST_STEP][PASSED] - numberOfFilials = <not implemented yet for class: org.codehaus.groovy.ast.expr.EmptyExpression>: null

09-12-2024T07:54:01 - [TEST_STEP][PASSED] - numberOfSpaces = <not implemented yet for class: org.codehaus.groovy.ast.expr.EmptyExpression>: null

09-12-2024T07:54:01 - [TEST_STEP][PASSED] - file = <not implemented yet for class: org.codehaus.groovy.ast.expr.EmptyExpression>: null

09-12-2024T07:54:01 - [TEST_STEP][PASSED] - otpusk = <not implemented yet for class: org.codehaus.groovy.ast.expr.EmptyExpression>: null

09-12-2024T07:54:01 - [TEST_STEP][PASSED] - poteri = <not implemented yet for class: org.codehaus.groovy.ast.expr.EmptyExpression>: null

09-12-2024T07:54:01 - [TEST_STEP][PASSED] - dataFolder = "Выполнение бизнес-плана/Значения со страницы Выполнение бизнес-плана/": null

09-12-2024T07:54:01 - [TEST_STEP][PASSED] - path = <not implemented yet for class: org.codehaus.groovy.ast.expr.EmptyExpression>: null

09-12-2024T07:54:01 - [TEST_STEP][PASSED] - typeOfDataMain = <not implemented yet for class: org.codehaus.groovy.ast.expr.EmptyExpression>: null

09-12-2024T07:54:01 - [TEST_STEP][PASSED] - fileOtpuskVSet = <not implemented yet for class: org.codehaus.groovy.ast.expr.EmptyExpression>: null

09-12-2024T07:54:01 - [TEST_STEP][PASSED] - pageOtpuskVSet = <not implemented yet for class: org.codehaus.groovy.ast.expr.EmptyExpression>: null

09-12-2024T07:54:01 - [TEST_STEP][PASSED] - filePoteri = <not implemented yet for class: org.codehaus.groovy.ast.expr.EmptyExpression>: null

09-12-2024T07:54:01 - [TEST_STEP][PASSED] - pagePoteri = <not implemented yet for class: org.codehaus.groovy.ast.expr.EmptyExpression>: null

09-12-2024T07:54:01 - [TEST_STEP][PASSED] - compare = <not implemented yet for class: org.codehaus.groovy.ast.expr.EmptyExpression>: null

09-12-2024T07:54:01 - [TEST_STEP][PASSED] - b = <not implemented yet for class: org.codehaus.groovy.ast.expr.EmptyExpression>: null

09-12-2024T07:54:01 - [TEST_STEP][PASSED] - i = <not implemented yet for class: org.codehaus.groovy.ast.expr.EmptyExpression>: null

09-12-2024T07:54:01 - [TEST_STEP][PASSED] - ii = <not implemented yet for class: org.codehaus.groovy.ast.expr.EmptyExpression>: null

09-12-2024T07:54:01 - [TEST_STEP][PASSED] - c = <not implemented yet for class: org.codehaus.groovy.ast.expr.EmptyExpression>: null

09-12-2024T07:54:01 - [TEST_STEP][PASSED] - numberOfErrors = 0: null

09-12-2024T07:54:01 - [TEST_STEP][PASSED] - if (a == 82): null

09-12-2024T07:54:01 - [TEST_STEP][PASSED] - b = findTestData("PlanFact").getValue(1, a): null

09-12-2024T07:54:01 - [TEST_STEP][PASSED] - i = b.indexOf(" (ГК)"): null

09-12-2024T07:54:01 - [TEST_STEP][PASSED] - if (i > -1): null

09-12-2024T07:54:01 - [TEST_STEP][PASSED] - i = b.indexOf("О ""): null

09-12-2024T07:54:01 - [TEST_STEP][PASSED] - if (i > -1): null

09-12-2024T07:54:01 - [TEST_STEP][PASSED] - i = b.indexOf("О «"): null

09-12-2024T07:54:01 - [TEST_STEP][PASSED] - if (i > -1): null

09-12-2024T07:54:01 - [TEST_STEP][PASSED] - i = b.indexOf("г. "): null

09-12-2024T07:54:01 - [TEST_STEP][PASSED] - if (i > -1): null

09-12-2024T07:54:01 - [TEST_STEP][PASSED] - println(b): null

09-12-2024T07:54:01 - [TEST_STEP][PASSED] - for ([planFact = 1, planFact < 3, (planFact++)]): Object: 'Object Repository/Выполнение бизнес-плана/Кнопка Факт' is clicked on

09-12-2024T07:54:01 - [TEST_STEP][PASSED] - if (planFact == 1): null

09-12-2024T07:54:01 - [TEST_STEP][PASSED] - typeOfDataMain = "Факт": null

09-12-2024T07:54:01 - [TEST_STEP][PASSED] - otpusk = findTestData("PlanFact").getValue(5, a): null

09-12-2024T07:54:01 - [TEST_STEP][PASSED] - poteri = findTestData("PlanFact").getValue(6, a): null

09-12-2024T07:54:01 - [TEST_STEP][PASSED] - otpusk = otpusk.replaceAll("\s+", ""): null

09-12-2024T07:54:01 - [TEST_STEP][PASSED] - poteri = poteri.replaceAll("\s+", ""): null

09-12-2024T07:54:01 - [TEST_STEP][PASSED] - typeOfData = typeOfDataMain + " Отпуск в сеть": null

09-12-2024T07:54:01 - [TEST_STEP][PASSED] - if (a == 82): null

09-12-2024T07:54:01 - [TEST_STEP][PASSED] - else if (a == 84): null

09-12-2024T07:54:01 - [TEST_STEP][PASSED] - else if (a == 52 || a == 72 || a == 28 || a == 73 || a == 77 || a == 74 || a == 65 || a == 36 || a == 44 || a == 53 || a == 80 || a == 54 || a == 1 || a == 18 || a == 59 || a == 81): null

09-12-2024T07:54:01 - [TEST_STEP][PASSED] - else: null

09-12-2024T07:54:01 - [TEST_STEP][PASSED] - path = dataFolder + typeOfData + " за отчётный период " + b: null

09-12-2024T07:54:01 - [TEST_STEP][PASSED] - println(path): null

09-12-2024T07:54:01 - [TEST_STEP][PASSED] - page = getText(findTestObject(path)): Text of object 'Object Repository/Выполнение бизнес-плана/Значения со страницы Выполнение бизнес-плана/Факт Отпуск в сеть за отчётный период Ярэнерго' is: '5 865 714'

09-12-2024T07:54:01 - [MESSAGE][PASSED] - Text of object 'Object Repository/Выполнение бизнес-плана/Значения со страницы Выполнение бизнес-плана/Факт Отпуск в сеть за отчётный период Ярэнерго' is: '5 865 714'

09-12-2024T07:54:01 - [TEST_STEP][PASSED] - page = page.replaceAll("\s+", ""): null

09-12-2024T07:54:01 - [TEST_STEP][PASSED] - fileOtpuskVSet = otpusk.toInteger(): null

09-12-2024T07:54:01 - [TEST_STEP][PASSED] - pageOtpuskVSet = page.toInteger(): null

09-12-2024T07:54:01 - [TEST_STEP][PASSED] - typeOfData = typeOfDataMain + " Потери": null

09-12-2024T07:54:01 - [TEST_STEP][PASSED] - if (a == 82): null

09-12-2024T07:54:01 - [TEST_STEP][PASSED] - else if (a == 84): null

09-12-2024T07:54:01 - [TEST_STEP][PASSED] - else if (a == 52 || a == 72 || a == 28 || a == 73 || a == 77 || a == 74 || a == 65 || a == 36 || a == 44 || a == 53 || a == 80 || a == 54 || a == 1 || a == 18 || a == 59 || a == 81): null

09-12-2024T07:54:01 - [TEST_STEP][PASSED] - else: null

09-12-2024T07:54:01 - [TEST_STEP][PASSED] - path = dataFolder + typeOfData + " за отчётный период " + b: null

09-12-2024T07:54:01 - [TEST_STEP][PASSED] - page = getText(findTestObject(path)): Text of object 'Object Repository/Выполнение бизнес-плана/Значения со страницы Выполнение бизнес-плана/Факт Потери за отчётный период Ярэнерго' is: '490 373'

09-12-2024T07:54:02 - [MESSAGE][PASSED] - Text of object 'Object Repository/Выполнение бизнес-плана/Значения со страницы Выполнение бизнес-плана/Факт Потери за отчётный период Ярэнерго' is: '490 373'

09-12-2024T07:54:02 - [TEST_STEP][PASSED] - page = page.replaceAll("\s+", ""): null

09-12-2024T07:54:02 - [TEST_STEP][PASSED] - filePoteri = poteri.toInteger(): null

09-12-2024T07:54:02 - [TEST_STEP][PASSED] - pagePoteri = page.toInteger(): null

09-12-2024T07:54:02 - [TEST_STEP][PASSED] - compare = pageOtpuskVSet: null

09-12-2024T07:54:02 - [TEST_STEP][PASSED] - if (compare == fileOtpuskVSet): null

09-12-2024T07:54:02 - [TEST_STEP][PASSED] - if (compare == fileOtpuskVSet): null

09-12-2024T07:54:02 - [TEST_STEP][PASSED] - compare = pagePoteri: null

09-12-2024T07:54:02 - [TEST_STEP][PASSED] - if (compare == filePoteri): null

09-12-2024T07:54:02 - [TEST_STEP][PASSED] - if (compare == filePoteri): null

09-12-2024T07:54:02 - [TEST_STEP][PASSED] - if (planFact == 2): null

09-12-2024T07:54:02 - [TEST_STEP][PASSED] - if (planFact == 1): null

09-12-2024T07:54:02 - [TEST_STEP][PASSED] - else if (planFact == 2): null

09-12-2024T07:54:02 - [TEST_STEP][PASSED] - click(findTestObject("Выполнение бизнес-плана/Кнопка План")): Object: 'Object Repository/Выполнение бизнес-плана/Кнопка План' is clicked on

09-12-2024T07:54:02 - [MESSAGE][PASSED] - Object: 'Object Repository/Выполнение бизнес-плана/Кнопка План' is clicked on

09-12-2024T07:54:02 - [TEST_STEP][PASSED] - typeOfDataMain = "План": null

09-12-2024T07:54:02 - [TEST_STEP][PASSED] - otpusk = findTestData("PlanFact").getValue(2, a): null

09-12-2024T07:54:02 - [TEST_STEP][PASSED] - poteri = findTestData("PlanFact").getValue(3, a): null

09-12-2024T07:54:02 - [TEST_STEP][PASSED] - otpusk = otpusk.replaceAll("\s+", ""): null

09-12-2024T07:54:02 - [TEST_STEP][PASSED] - poteri = poteri.replaceAll("\s+", ""): null

09-12-2024T07:54:02 - [TEST_STEP][PASSED] - typeOfData = typeOfDataMain + " Отпуск в сеть": null

09-12-2024T07:54:02 - [TEST_STEP][PASSED] - if (a == 82): null

09-12-2024T07:54:02 - [TEST_STEP][PASSED] - else if (a == 84): null

09-12-2024T07:54:02 - [TEST_STEP][PASSED] - else if (a == 52 || a == 72 || a == 28 || a == 73 || a == 77 || a == 74 || a == 65 || a == 36 || a == 44 || a == 53 || a == 80 || a == 54 || a == 1 || a == 18 || a == 59 || a == 81): null

09-12-2024T07:54:02 - [TEST_STEP][PASSED] - else: null

09-12-2024T07:54:02 - [TEST_STEP][PASSED] - path = dataFolder + typeOfData + " за отчётный период " + b: null

09-12-2024T07:54:02 - [TEST_STEP][PASSED] - println(path): null

09-12-2024T07:54:02 - [TEST_STEP][PASSED] - page = getText(findTestObject(path)): Text of object 'Object Repository/Выполнение бизнес-плана/Значения со страницы Выполнение бизнес-плана/План Отпуск в сеть за отчётный период Ярэнерго' is: '5 534 272'

09-12-2024T07:54:02 - [MESSAGE][PASSED] - Text of object 'Object Repository/Выполнение бизнес-плана/Значения со страницы Выполнение бизнес-плана/План Отпуск в сеть за отчётный период Ярэнерго' is: '5 534 272'

09-12-2024T07:54:02 - [TEST_STEP][PASSED] - page = page.replaceAll("\s+", ""): null

09-12-2024T07:54:02 - [TEST_STEP][PASSED] - fileOtpuskVSet = otpusk.toInteger(): null

09-12-2024T07:54:02 - [TEST_STEP][PASSED] - pageOtpuskVSet = page.toInteger(): null

09-12-2024T07:54:02 - [TEST_STEP][PASSED] - typeOfData = typeOfDataMain + " Потери": null

09-12-2024T07:54:02 - [TEST_STEP][PASSED] - if (a == 82): null

09-12-2024T07:54:02 - [TEST_STEP][PASSED] - else if (a == 84): null

09-12-2024T07:54:02 - [TEST_STEP][PASSED] - else if (a == 52 || a == 72 || a == 28 || a == 73 || a == 77 || a == 74 || a == 65 || a == 36 || a == 44 || a == 53 || a == 80 || a == 54 || a == 1 || a == 18 || a == 59 || a == 81): null

09-12-2024T07:54:02 - [TEST_STEP][PASSED] - else: null

09-12-2024T07:54:02 - [TEST_STEP][PASSED] - path = dataFolder + typeOfData + " за отчётный период " + b: null

09-12-2024T07:54:02 - [TEST_STEP][PASSED] - page = getText(findTestObject(path)): Text of object 'Object Repository/Выполнение бизнес-плана/Значения со страницы Выполнение бизнес-плана/План Потери за отчётный период Ярэнерго' is: '481 922'

09-12-2024T07:54:03 - [MESSAGE][PASSED] - Text of object 'Object Repository/Выполнение бизнес-плана/Значения со страницы Выполнение бизнес-плана/План Потери за отчётный период Ярэнерго' is: '481 922'

09-12-2024T07:54:03 - [TEST_STEP][PASSED] - page = page.replaceAll("\s+", ""): null

09-12-2024T07:54:03 - [TEST_STEP][PASSED] - filePoteri = poteri.toInteger(): null

09-12-2024T07:54:03 - [TEST_STEP][PASSED] - pagePoteri = page.toInteger(): null

09-12-2024T07:54:03 - [TEST_STEP][PASSED] - compare = pageOtpuskVSet: null

09-12-2024T07:54:03 - [TEST_STEP][PASSED] - if (compare == fileOtpuskVSet): null

09-12-2024T07:54:03 - [TEST_STEP][PASSED] - else if (compare > fileOtpuskVSet): null

09-12-2024T07:54:03 - [TEST_STEP][PASSED] - compare = compare - 1: null

09-12-2024T07:54:03 - [TEST_STEP][PASSED] - if (compare == fileOtpuskVSet): null

09-12-2024T07:54:03 - [TEST_STEP][PASSED] - compare = pagePoteri: null

09-12-2024T07:54:03 - [TEST_STEP][PASSED] - if (compare == filePoteri): null

09-12-2024T07:54:03 - [TEST_STEP][PASSED] - if (compare == filePoteri): null

09-12-2024T07:54:03 - [TEST_STEP][PASSED] - if (planFact == 2): Object: 'Object Repository/Выполнение бизнес-плана/Кнопка Факт' is clicked on

09-12-2024T07:54:03 - [TEST_STEP][PASSED] - click(findTestObject("Выполнение бизнес-плана/Кнопка Факт")): Object: 'Object Repository/Выполнение бизнес-плана/Кнопка Факт' is clicked on

09-12-2024T07:54:03 - [MESSAGE][PASSED] - Object: 'Object Repository/Выполнение бизнес-плана/Кнопка Факт' is clicked on

09-12-2024T07:54:03 - [TEST_STEP][PASSED] - if (a == 84 || a == 82): null

09-12-2024T07:54:03 - [TEST_STEP][PASSED] - else if (a == 52 || a == 72 || a == 28 || a == 73 || a == 77 || a == 74 || a == 65 || a == 36 || a == 44 || a == 53 || a == 80 || a == 54 || a == 1 || a == 18 || a == 59 || a == 81): null

09-12-2024T07:54:03 - [TEST_STEP][PASSED] - else: null

09-12-2024T07:54:03 - [TEST_STEP][PASSED] - page1 = getText(findTestObject("Object Repository/Выполнение бизнес-плана/spanPlan" + filialNum)): Text of object 'Object Repository/Выполнение бизнес-плана/spanPlan15' is: '8.71
|'

09-12-2024T07:54:03 - [MESSAGE][PASSED] - Text of object 'Object Repository/Выполнение бизнес-плана/spanPlan15' is: '8.71
|'

09-12-2024T07:54:03 - [TEST_STEP][PASSED] - page1 = page1.replace("|", ""): null

09-12-2024T07:54:03 - [TEST_STEP][PASSED] - page2 = getText(findTestObject("Object Repository/Выполнение бизнес-плана/spanFact" + filialNum)): Text of object 'Object Repository/Выполнение бизнес-плана/spanFact15' is: '8.36
|'

09-12-2024T07:54:04 - [MESSAGE][PASSED] - Text of object 'Object Repository/Выполнение бизнес-плана/spanFact15' is: '8.36
|'

09-12-2024T07:54:04 - [TEST_STEP][PASSED] - page2 = page2.replace("|", ""): null

09-12-2024T07:54:04 - [TEST_STEP][PASSED] - println("page1: " + page1): null

09-12-2024T07:54:04 - [TEST_STEP][PASSED] - println("page2: " + page2): null

09-12-2024T07:54:04 - [TEST_STEP][PASSED] - file = findTestData("PlanFact").getValue(4, a): null

09-12-2024T07:54:04 - [TEST_STEP][PASSED] - file = file.replace(",", "."): null

09-12-2024T07:54:04 - [TEST_STEP][PASSED] - println("file Plan: " + file): null

09-12-2024T07:54:04 - [TEST_STEP][PASSED] - typeOfData = "План в процентах": null

09-12-2024T07:54:04 - [TEST_STEP][PASSED] - fileDouble = file.toDouble(): null

09-12-2024T07:54:04 - [TEST_STEP][PASSED] - pageDouble = page1.toDouble(): null

09-12-2024T07:54:04 - [TEST_STEP][PASSED] - if (fileDouble != pageDouble): null

09-12-2024T07:54:04 - [TEST_STEP][PASSED] - file = findTestData("PlanFact").getValue(7, a): null

09-12-2024T07:54:04 - [TEST_STEP][PASSED] - file = file.replace(",", "."): null

09-12-2024T07:54:04 - [TEST_STEP][PASSED] - println("file Fact: " + file): null

09-12-2024T07:54:04 - [TEST_STEP][PASSED] - fileDouble = file.toDouble(): null

09-12-2024T07:54:04 - [TEST_STEP][PASSED] - typeOfData = "Факт в процентах": null

09-12-2024T07:54:04 - [TEST_STEP][PASSED] - fileDouble = file.toDouble(): null

09-12-2024T07:54:04 - [TEST_STEP][PASSED] - pageDouble = page2.toDouble(): null

09-12-2024T07:54:04 - [TEST_STEP][PASSED] - if (fileDouble != pageDouble): null

09-12-2024T07:54:04 - [TEST_STEP][PASSED] - if (verifyEqual(numberOfErrors, 0) == false): Actual object '0' and expected object '0' are equal

09-12-2024T07:54:04 - [MESSAGE][PASSED] - Actual object '0' and expected object '0' are equal

09-12-2024T07:54:04 - [TEST_STEP][PASSED] - if (a == 82): null

09-12-2024T07:54:04 - [TEST_STEP][PASSED] - filialNum = 0: null

09-12-2024T07:54:04 - [TEST_STEP][PASSED] - if (a == 18): null

09-12-2024T07:54:04 - [TEST_STEP][PASSED] - if (a == 36): null

09-12-2024T07:54:04 - [TEST_STEP][PASSED] - if (a == 44): null

09-12-2024T07:54:04 - [TEST_STEP][PASSED] - if (a == 54): null

09-12-2024T07:54:04 - [TEST_STEP][PASSED] - if (a == 59): null

09-12-2024T07:54:04 - [TEST_STEP][PASSED] - Script1718980020443.OpenFilter(): null

09-12-2024T07:54:04 - [TEST_STEP][PASSED] - click(findTestObject("Object Repository/Выполнение бизнес-плана/Фильтр ДЗО")): Object: 'Object Repository/Выполнение бизнес-плана/Фильтр ДЗО' is clicked on

09-12-2024T07:54:04 - [MESSAGE][PASSED] - Object: 'Object Repository/Выполнение бизнес-плана/Фильтр ДЗО' is clicked on

09-12-2024T07:54:04 - [TEST_STEP][PASSED] - click(findTestObject("Выполнение бизнес-плана/Снять выделение в фильтре ДЗО")): Object: 'Object Repository/Выполнение бизнес-плана/Снять выделение в фильтре ДЗО' is clicked on

09-12-2024T07:54:05 - [MESSAGE][PASSED] - Object: 'Object Repository/Выполнение бизнес-плана/Снять выделение в фильтре ДЗО' is clicked on

09-12-2024T07:54:05 - [TEST_STEP][PASSED] - Script1718980020443.CloseFilter(): null

09-12-2024T07:54:05 - [TEST_STEP][PASSED] - scrollToElement(findTestObject("Выполнение бизнес-плана/Заголовок дашборда"), 30): Scroll to object 'Object Repository/Выполнение бизнес-плана/Заголовок дашборда' successfully

09-12-2024T07:54:05 - [MESSAGE][PASSED] - Scroll to object 'Object Repository/Выполнение бизнес-плана/Заголовок дашборда' successfully

09-12-2024T07:54:05 - [TEST_STEP][PASSED] - click(findTestObject("Object Repository/Выполнение бизнес-плана/Применить в фильтре ДЗО")): Object: 'Object Repository/Выполнение бизнес-плана/Применить в фильтре ДЗО' is clicked on

09-12-2024T07:54:06 - [MESSAGE][PASSED] - Object: 'Object Repository/Выполнение бизнес-плана/Применить в фильтре ДЗО' is clicked on

09-12-2024T07:54:06 - [TEST_STEP][PASSED] - if (a == 82): null

09-12-2024T07:54:06 - [TEST_STEP][PASSED] - println(dzoNum): null

09-12-2024T07:54:06 - [TEST_STEP][PASSED] - dZO = "Россети Центр и Приволжье (ГК)": null

09-12-2024T07:54:06 - [TEST_STEP][PASSED] - a = 18: null

09-12-2024T07:54:06 - [TEST_STEP][PASSED] - if (x1.contains(dZO)): null

09-12-2024T07:54:06 - [TEST_STEP][PASSED] - dzoNum = dzoNum + 1: null

09-12-2024T07:54:06 - [TEST_STEP][PASSED] - Script1718980020443.Numbers(a, typeOfData, todaysDate, pageInt, fileInt, pageDouble, fileDouble, dZO, dzoNum, filialNum): null

09-12-2024T07:54:06 - [TEST_STEP][PASSED] - println(dzoNum): null

09-12-2024T07:54:06 - [TEST_STEP][PASSED] - planFact = <not implemented yet for class: org.codehaus.groovy.ast.expr.EmptyExpression>: null

09-12-2024T07:54:06 - [TEST_STEP][PASSED] - page = <not implemented yet for class: org.codehaus.groovy.ast.expr.EmptyExpression>: null

09-12-2024T07:54:06 - [TEST_STEP][PASSED] - page1 = <not implemented yet for class: org.codehaus.groovy.ast.expr.EmptyExpression>: null

09-12-2024T07:54:06 - [TEST_STEP][PASSED] - page2 = <not implemented yet for class: org.codehaus.groovy.ast.expr.EmptyExpression>: null

09-12-2024T07:54:06 - [TEST_STEP][PASSED] - filialNumberInRow = <not implemented yet for class: org.codehaus.groovy.ast.expr.EmptyExpression>: null

09-12-2024T07:54:06 - [TEST_STEP][PASSED] - filialsDzoNames = <not implemented yet for class: org.codehaus.groovy.ast.expr.EmptyExpression>: null

09-12-2024T07:54:06 - [TEST_STEP][PASSED] - numberOfFilials = <not implemented yet for class: org.codehaus.groovy.ast.expr.EmptyExpression>: null

09-12-2024T07:54:06 - [TEST_STEP][PASSED] - numberOfSpaces = <not implemented yet for class: org.codehaus.groovy.ast.expr.EmptyExpression>: null

09-12-2024T07:54:06 - [TEST_STEP][PASSED] - file = <not implemented yet for class: org.codehaus.groovy.ast.expr.EmptyExpression>: null

09-12-2024T07:54:06 - [TEST_STEP][PASSED] - otpusk = <not implemented yet for class: org.codehaus.groovy.ast.expr.EmptyExpression>: null

09-12-2024T07:54:06 - [TEST_STEP][PASSED] - poteri = <not implemented yet for class: org.codehaus.groovy.ast.expr.EmptyExpression>: null

09-12-2024T07:54:06 - [TEST_STEP][PASSED] - dataFolder = "Выполнение бизнес-плана/Значения со страницы Выполнение бизнес-плана/": null

09-12-2024T07:54:06 - [TEST_STEP][PASSED] - path = <not implemented yet for class: org.codehaus.groovy.ast.expr.EmptyExpression>: null

09-12-2024T07:54:06 - [TEST_STEP][PASSED] - typeOfDataMain = <not implemented yet for class: org.codehaus.groovy.ast.expr.EmptyExpression>: null

09-12-2024T07:54:06 - [TEST_STEP][PASSED] - fileOtpuskVSet = <not implemented yet for class: org.codehaus.groovy.ast.expr.EmptyExpression>: null

09-12-2024T07:54:06 - [TEST_STEP][PASSED] - pageOtpuskVSet = <not implemented yet for class: org.codehaus.groovy.ast.expr.EmptyExpression>: null

09-12-2024T07:54:06 - [TEST_STEP][PASSED] - filePoteri = <not implemented yet for class: org.codehaus.groovy.ast.expr.EmptyExpression>: null

09-12-2024T07:54:06 - [TEST_STEP][PASSED] - pagePoteri = <not implemented yet for class: org.codehaus.groovy.ast.expr.EmptyExpression>: null

09-12-2024T07:54:06 - [TEST_STEP][PASSED] - compare = <not implemented yet for class: org.codehaus.groovy.ast.expr.EmptyExpression>: null

09-12-2024T07:54:06 - [TEST_STEP][PASSED] - b = <not implemented yet for class: org.codehaus.groovy.ast.expr.EmptyExpression>: null

09-12-2024T07:54:06 - [TEST_STEP][PASSED] - i = <not implemented yet for class: org.codehaus.groovy.ast.expr.EmptyExpression>: null

09-12-2024T07:54:06 - [TEST_STEP][PASSED] - ii = <not implemented yet for class: org.codehaus.groovy.ast.expr.EmptyExpression>: null

09-12-2024T07:54:06 - [TEST_STEP][PASSED] - c = <not implemented yet for class: org.codehaus.groovy.ast.expr.EmptyExpression>: null

09-12-2024T07:54:06 - [TEST_STEP][PASSED] - numberOfErrors = 0: null

09-12-2024T07:54:06 - [TEST_STEP][PASSED] - if (a == 82): null

09-12-2024T07:54:06 - [TEST_STEP][PASSED] - b = findTestData("PlanFact").getValue(1, a): null

09-12-2024T07:54:06 - [TEST_STEP][PASSED] - i = b.indexOf(" (ГК)"): null

09-12-2024T07:54:06 - [TEST_STEP][PASSED] - if (i > -1): null

09-12-2024T07:54:06 - [TEST_STEP][PASSED] - b = b.substring(0, i): null

09-12-2024T07:54:06 - [TEST_STEP][PASSED] - b = b.trim(): null

09-12-2024T07:54:06 - [TEST_STEP][PASSED] - i = b.indexOf("О ""): null

09-12-2024T07:54:06 - [TEST_STEP][PASSED] - if (i > -1): null

09-12-2024T07:54:06 - [TEST_STEP][PASSED] - i = b.indexOf("О «"): null

09-12-2024T07:54:06 - [TEST_STEP][PASSED] - if (i > -1): null

09-12-2024T07:54:06 - [TEST_STEP][PASSED] - i = b.indexOf("г. "): null

09-12-2024T07:54:06 - [TEST_STEP][PASSED] - if (i > -1): null

09-12-2024T07:54:06 - [TEST_STEP][PASSED] - println(b): null

09-12-2024T07:54:06 - [TEST_STEP][PASSED] - for ([planFact = 1, planFact < 3, (planFact++)]): null

09-12-2024T07:54:06 - [TEST_STEP][PASSED] - if (planFact == 1): null

09-12-2024T07:54:06 - [TEST_STEP][PASSED] - typeOfDataMain = "Факт": null

09-12-2024T07:54:06 - [TEST_STEP][PASSED] - otpusk = findTestData("PlanFact").getValue(5, a): null

09-12-2024T07:54:06 - [TEST_STEP][PASSED] - poteri = findTestData("PlanFact").getValue(6, a): null

09-12-2024T07:54:06 - [TEST_STEP][PASSED] - otpusk = otpusk.replaceAll("\s+", ""): null

09-12-2024T07:54:06 - [TEST_STEP][PASSED] - poteri = poteri.replaceAll("\s+", ""): null

09-12-2024T07:54:06 - [TEST_STEP][PASSED] - typeOfData = typeOfDataMain + " Отпуск в сеть": null

09-12-2024T07:54:06 - [TEST_STEP][PASSED] - if (a == 82): null

09-12-2024T07:54:06 - [TEST_STEP][PASSED] - else if (a == 84): null

09-12-2024T07:54:06 - [TEST_STEP][PASSED] - else if (a == 52 || a == 72 || a == 28 || a == 73 || a == 77 || a == 74 || a == 65 || a == 36 || a == 44 || a == 53 || a == 80 || a == 54 || a == 1 || a == 18 || a == 59 || a == 81): null

09-12-2024T07:54:06 - [TEST_STEP][PASSED] - path = dataFolder + "Table Data/" + typeOfData + " за отчётный период " + dzoNum: null

09-12-2024T07:54:06 - [TEST_STEP][PASSED] - println(path): null

09-12-2024T07:54:06 - [TEST_STEP][PASSED] - page = getText(findTestObject(path)): Text of object 'Object Repository/Выполнение бизнес-плана/Значения со страницы Выполнение бизнес-плана/Table Data/Факт Отпуск в сеть за отчётный период 7' is: '45 596 339'

09-12-2024T07:54:32 - [MESSAGE][PASSED] - Text of object 'Object Repository/Выполнение бизнес-плана/Значения со страницы Выполнение бизнес-плана/Table Data/Факт Отпуск в сеть за отчётный период 7' is: '45 596 339'

09-12-2024T07:54:32 - [TEST_STEP][PASSED] - page = page.replaceAll("\s+", ""): null

09-12-2024T07:54:32 - [TEST_STEP][PASSED] - fileOtpuskVSet = otpusk.toInteger(): null

09-12-2024T07:54:32 - [TEST_STEP][PASSED] - pageOtpuskVSet = page.toInteger(): null

09-12-2024T07:54:32 - [TEST_STEP][PASSED] - typeOfData = typeOfDataMain + " Потери": null

09-12-2024T07:54:32 - [TEST_STEP][PASSED] - if (a == 82): null

09-12-2024T07:54:32 - [TEST_STEP][PASSED] - else if (a == 84): null

09-12-2024T07:54:32 - [TEST_STEP][PASSED] - else if (a == 52 || a == 72 || a == 28 || a == 73 || a == 77 || a == 74 || a == 65 || a == 36 || a == 44 || a == 53 || a == 80 || a == 54 || a == 1 || a == 18 || a == 59 || a == 81): null

09-12-2024T07:54:32 - [TEST_STEP][PASSED] - path = dataFolder + "Table Data/" + typeOfData + " за отчётный период " + dzoNum: null

09-12-2024T07:54:32 - [TEST_STEP][PASSED] - page = getText(findTestObject(path)): Text of object 'Object Repository/Выполнение бизнес-плана/Значения со страницы Выполнение бизнес-плана/Table Data/Факт Потери за отчётный период 7' is: '3 091 910'

09-12-2024T07:54:32 - [MESSAGE][PASSED] - Text of object 'Object Repository/Выполнение бизнес-плана/Значения со страницы Выполнение бизнес-плана/Table Data/Факт Потери за отчётный период 7' is: '3 091 910'

09-12-2024T07:54:32 - [TEST_STEP][PASSED] - page = page.replaceAll("\s+", ""): null

09-12-2024T07:54:32 - [TEST_STEP][PASSED] - filePoteri = poteri.toInteger(): null

09-12-2024T07:54:32 - [TEST_STEP][PASSED] - pagePoteri = page.toInteger(): null

09-12-2024T07:54:32 - [TEST_STEP][PASSED] - compare = pageOtpuskVSet: null

09-12-2024T07:54:32 - [TEST_STEP][PASSED] - if (compare == fileOtpuskVSet): null

09-12-2024T07:54:32 - [TEST_STEP][PASSED] - else if (compare > fileOtpuskVSet): null

09-12-2024T07:54:32 - [TEST_STEP][PASSED] - else if (compare < fileOtpuskVSet): null

09-12-2024T07:54:32 - [TEST_STEP][PASSED] - compare = compare + 1: null

09-12-2024T07:54:32 - [TEST_STEP][PASSED] - if (compare == fileOtpuskVSet): null

09-12-2024T07:54:32 - [TEST_STEP][PASSED] - else: null

09-12-2024T07:54:32 - [TEST_STEP][PASSED] - numberOfErrors = numberOfErrors + 1: null

09-12-2024T07:54:32 - [TEST_STEP][PASSED] - pageInt = pageOtpuskVSet: null

09-12-2024T07:54:32 - [TEST_STEP][PASSED] - fileInt = fileOtpuskVSet: null

09-12-2024T07:54:32 - [TEST_STEP][PASSED] - typeOfData = typeOfDataMain + " Отпуск в сеть": null

09-12-2024T07:54:32 - [TEST_STEP][PASSED] - Script1718980020443.WriteToExcel(a, typeOfData, todaysDate, pageInt, fileInt, pageDouble, fileDouble, dZO): null

09-12-2024T07:54:32 - [TEST_STEP][PASSED] - sheetName = "Sheet1": null

09-12-2024T07:54:32 - [TEST_STEP][PASSED] - data = findTestData("PlanFact"): null

09-12-2024T07:54:32 - [TEST_STEP][PASSED] - n = data.getRowNumbers() + 1: null

09-12-2024T07:54:32 - [TEST_STEP][PASSED] - year = todaysDate.substring(todaysDate.length() - 4, todaysDate.length()): null

09-12-2024T07:54:32 - [TEST_STEP][PASSED] - y = year.toInteger(): null

09-12-2024T07:54:32 - [TEST_STEP][PASSED] - m = getText(findTestObject("Выполнение бизнес-плана/Период")): Text of object 'Object Repository/Выполнение бизнес-плана/Период' is: '1, 2, 3 кв., Октябрь 2024 года'

09-12-2024T07:54:32 - [MESSAGE][PASSED] - Text of object 'Object Repository/Выполнение бизнес-плана/Период' is: '1, 2, 3 кв., Октябрь 2024 года'

09-12-2024T07:54:32 - [TEST_STEP][PASSED] - m = m.substring(0, m.indexOf("2024")): null

09-12-2024T07:54:32 - [TEST_STEP][PASSED] - m = m.trim(): null

09-12-2024T07:54:32 - [TEST_STEP][PASSED] - dashboardName = "Выполнение бизнес-плана": null

09-12-2024T07:54:32 - [TEST_STEP][PASSED] - workbook01 = getWorkbook(excelFilePath): null

09-12-2024T07:54:33 - [TEST_STEP][PASSED] - sheet01 = getExcelSheet(workbook01, sheetName): null

09-12-2024T07:54:33 - [TEST_STEP][PASSED] - setValueToCellByIndex(sheet01, n, 0, dashboardName): null

09-12-2024T07:54:33 - [TEST_STEP][PASSED] - setValueToCellByIndex(sheet01, n, 1, dZO): null

09-12-2024T07:54:33 - [TEST_STEP][PASSED] - setValueToCellByIndex(sheet01, n, 2, typeOfData): null

09-12-2024T07:54:33 - [TEST_STEP][PASSED] - if (typeOfData == "Факт в процентах" || typeOfData == "План в процентах"): null

09-12-2024T07:54:33 - [TEST_STEP][PASSED] - else: null

09-12-2024T07:54:33 - [TEST_STEP][PASSED] - setValueToCellByIndex(sheet01, n, 3, fileInt): null

09-12-2024T07:54:33 - [TEST_STEP][PASSED] - setValueToCellByIndex(sheet01, n, 4, pageInt): null

09-12-2024T07:54:33 - [TEST_STEP][PASSED] - setValueToCellByIndex(sheet01, n, 5, m): null

09-12-2024T07:54:33 - [TEST_STEP][PASSED] - setValueToCellByIndex(sheet01, n, 6, y): null

09-12-2024T07:54:33 - [TEST_STEP][PASSED] - setValueToCellByIndex(sheet01, n, 7, todaysDate): null

09-12-2024T07:54:33 - [TEST_STEP][PASSED] - n = n + 1: null

09-12-2024T07:54:33 - [TEST_STEP][PASSED] - saveWorkbook(excelFilePath, workbook01): null

09-12-2024T07:54:33 - [TEST_STEP][PASSED] - compare = pagePoteri: null

09-12-2024T07:54:33 - [TEST_STEP][PASSED] - if (compare == filePoteri): null

09-12-2024T07:54:33 - [TEST_STEP][PASSED] - else if (compare > filePoteri): null

09-12-2024T07:54:33 - [TEST_STEP][PASSED] - else if (compare < filePoteri): null

09-12-2024T07:54:33 - [TEST_STEP][PASSED] - compare = compare + 1: null

09-12-2024T07:54:33 - [TEST_STEP][PASSED] - if (compare == filePoteri): null

09-12-2024T07:54:33 - [TEST_STEP][PASSED] - else: null

09-12-2024T07:54:33 - [TEST_STEP][PASSED] - numberOfErrors = numberOfErrors + 1: null

09-12-2024T07:54:33 - [TEST_STEP][PASSED] - pageInt = pagePoteri: null

09-12-2024T07:54:33 - [TEST_STEP][PASSED] - fileInt = filePoteri: null

09-12-2024T07:54:33 - [TEST_STEP][PASSED] - typeOfData = typeOfDataMain + " Потери": null

09-12-2024T07:54:33 - [TEST_STEP][PASSED] - Script1718980020443.WriteToExcel(a, typeOfData, todaysDate, pageInt, fileInt, pageDouble, fileDouble, dZO): null

09-12-2024T07:54:33 - [TEST_STEP][PASSED] - sheetName = "Sheet1": null

09-12-2024T07:54:33 - [TEST_STEP][PASSED] - data = findTestData("PlanFact"): null

09-12-2024T07:54:33 - [TEST_STEP][PASSED] - n = data.getRowNumbers() + 1: null

09-12-2024T07:54:33 - [TEST_STEP][PASSED] - year = todaysDate.substring(todaysDate.length() - 4, todaysDate.length()): null

09-12-2024T07:54:33 - [TEST_STEP][PASSED] - y = year.toInteger(): null

09-12-2024T07:54:33 - [TEST_STEP][PASSED] - m = getText(findTestObject("Выполнение бизнес-плана/Период")): Text of object 'Object Repository/Выполнение бизнес-плана/Период' is: '1, 2, 3 кв., Октябрь 2024 года'

09-12-2024T07:54:33 - [MESSAGE][PASSED] - Text of object 'Object Repository/Выполнение бизнес-плана/Период' is: '1, 2, 3 кв., Октябрь 2024 года'

09-12-2024T07:54:33 - [TEST_STEP][PASSED] - m = m.substring(0, m.indexOf("2024")): null

09-12-2024T07:54:33 - [TEST_STEP][PASSED] - m = m.trim(): null

09-12-2024T07:54:33 - [TEST_STEP][PASSED] - dashboardName = "Выполнение бизнес-плана": null

09-12-2024T07:54:33 - [TEST_STEP][PASSED] - workbook01 = getWorkbook(excelFilePath): null

09-12-2024T07:54:33 - [TEST_STEP][PASSED] - sheet01 = getExcelSheet(workbook01, sheetName): null

09-12-2024T07:54:33 - [TEST_STEP][PASSED] - setValueToCellByIndex(sheet01, n, 0, dashboardName): null

09-12-2024T07:54:33 - [TEST_STEP][PASSED] - setValueToCellByIndex(sheet01, n, 1, dZO): null

09-12-2024T07:54:33 - [TEST_STEP][PASSED] - setValueToCellByIndex(sheet01, n, 2, typeOfData): null

09-12-2024T07:54:33 - [TEST_STEP][PASSED] - if (typeOfData == "Факт в процентах" || typeOfData == "План в процентах"): null

09-12-2024T07:55:29 - [TEST_STEP][PASSED] - else: null

09-12-2024T07:55:29 - [TEST_STEP][PASSED] - setValueToCellByIndex(sheet01, n, 3, fileInt): null

09-12-2024T07:55:29 - [TEST_STEP][PASSED] - setValueToCellByIndex(sheet01, n, 4, pageInt): null

09-12-2024T07:55:29 - [TEST_STEP][PASSED] - setValueToCellByIndex(sheet01, n, 5, m): null

09-12-2024T07:55:29 - [TEST_STEP][PASSED] - setValueToCellByIndex(sheet01, n, 6, y): null

09-12-2024T07:55:29 - [TEST_STEP][PASSED] - setValueToCellByIndex(sheet01, n, 7, todaysDate): null

09-12-2024T07:55:29 - [TEST_STEP][PASSED] - n = n + 1: null

09-12-2024T07:55:29 - [TEST_STEP][PASSED] - saveWorkbook(excelFilePath, workbook01): Object: 'Object Repository/Выполнение бизнес-плана/Кнопка Факт' is clicked on

09-12-2024T07:55:29 - [TEST_STEP][PASSED] - if (planFact == 2): null

09-12-2024T07:55:29 - [TEST_STEP][PASSED] - if (planFact == 1): null

09-12-2024T07:55:29 - [TEST_STEP][PASSED] - else if (planFact == 2): null

09-12-2024T07:55:29 - [TEST_STEP][PASSED] - click(findTestObject("Выполнение бизнес-плана/Кнопка План")): Object: 'Object Repository/Выполнение бизнес-плана/Кнопка План' is clicked on

09-12-2024T07:55:30 - [MESSAGE][PASSED] - Object: 'Object Repository/Выполнение бизнес-плана/Кнопка План' is clicked on

09-12-2024T07:55:30 - [TEST_STEP][PASSED] - typeOfDataMain = "План": null

09-12-2024T07:55:30 - [TEST_STEP][PASSED] - otpusk = findTestData("PlanFact").getValue(2, a): null

09-12-2024T07:55:30 - [TEST_STEP][PASSED] - poteri = findTestData("PlanFact").getValue(3, a): null

09-12-2024T07:55:30 - [TEST_STEP][PASSED] - otpusk = otpusk.replaceAll("\s+", ""): null

09-12-2024T07:55:30 - [TEST_STEP][PASSED] - poteri = poteri.replaceAll("\s+", ""): null

09-12-2024T07:55:30 - [TEST_STEP][PASSED] - typeOfData = typeOfDataMain + " Отпуск в сеть": null

09-12-2024T07:55:30 - [TEST_STEP][PASSED] - if (a == 82): null

09-12-2024T07:55:30 - [TEST_STEP][PASSED] - else if (a == 84): null

09-12-2024T07:55:30 - [TEST_STEP][PASSED] - else if (a == 52 || a == 72 || a == 28 || a == 73 || a == 77 || a == 74 || a == 65 || a == 36 || a == 44 || a == 53 || a == 80 || a == 54 || a == 1 || a == 18 || a == 59 || a == 81): null

09-12-2024T07:55:30 - [TEST_STEP][PASSED] - path = dataFolder + "Table Data/" + typeOfData + " за отчётный период " + dzoNum: null

09-12-2024T07:55:30 - [TEST_STEP][PASSED] - println(path): null

09-12-2024T07:55:30 - [TEST_STEP][PASSED] - page = getText(findTestObject(path)): Text of object 'Object Repository/Выполнение бизнес-плана/Значения со страницы Выполнение бизнес-плана/Table Data/План Отпуск в сеть за отчётный период 7' is: '44 041 851'

09-12-2024T07:55:30 - [MESSAGE][PASSED] - Text of object 'Object Repository/Выполнение бизнес-плана/Значения со страницы Выполнение бизнес-плана/Table Data/План Отпуск в сеть за отчётный период 7' is: '44 041 851'

09-12-2024T07:55:30 - [TEST_STEP][PASSED] - page = page.replaceAll("\s+", ""): null

09-12-2024T07:55:30 - [TEST_STEP][PASSED] - fileOtpuskVSet = otpusk.toInteger(): null

09-12-2024T07:55:30 - [TEST_STEP][PASSED] - pageOtpuskVSet = page.toInteger(): null

09-12-2024T07:55:30 - [TEST_STEP][PASSED] - typeOfData = typeOfDataMain + " Потери": null

09-12-2024T07:55:30 - [TEST_STEP][PASSED] - if (a == 82): null

09-12-2024T07:55:30 - [TEST_STEP][PASSED] - else if (a == 84): null

09-12-2024T07:55:30 - [TEST_STEP][PASSED] - else if (a == 52 || a == 72 || a == 28 || a == 73 || a == 77 || a == 74 || a == 65 || a == 36 || a == 44 || a == 53 || a == 80 || a == 54 || a == 1 || a == 18 || a == 59 || a == 81): null

09-12-2024T07:55:30 - [TEST_STEP][PASSED] - path = dataFolder + "Table Data/" + typeOfData + " за отчётный период " + dzoNum: null

09-12-2024T07:55:30 - [TEST_STEP][PASSED] - page = getText(findTestObject(path)): Text of object 'Object Repository/Выполнение бизнес-плана/Значения со страницы Выполнение бизнес-плана/Table Data/План Потери за отчётный период 7' is: '3 103 045'

09-12-2024T07:55:30 - [MESSAGE][PASSED] - Text of object 'Object Repository/Выполнение бизнес-плана/Значения со страницы Выполнение бизнес-плана/Table Data/План Потери за отчётный период 7' is: '3 103 045'

09-12-2024T07:55:30 - [TEST_STEP][PASSED] - page = page.replaceAll("\s+", ""): null

09-12-2024T07:55:30 - [TEST_STEP][PASSED] - filePoteri = poteri.toInteger(): null

09-12-2024T07:55:30 - [TEST_STEP][PASSED] - pagePoteri = page.toInteger(): null

09-12-2024T07:55:30 - [TEST_STEP][PASSED] - compare = pageOtpuskVSet: null

09-12-2024T07:55:30 - [TEST_STEP][PASSED] - if (compare == fileOtpuskVSet): null

09-12-2024T07:55:30 - [TEST_STEP][PASSED] - if (compare == fileOtpuskVSet): null

09-12-2024T07:55:30 - [TEST_STEP][PASSED] - compare = pagePoteri: null

09-12-2024T07:55:30 - [TEST_STEP][PASSED] - if (compare == filePoteri): null

09-12-2024T07:55:30 - [TEST_STEP][PASSED] - if (compare == filePoteri): null

09-12-2024T07:55:30 - [TEST_STEP][PASSED] - if (planFact == 2): Object: 'Object Repository/Выполнение бизнес-плана/Кнопка Факт' is clicked on

09-12-2024T07:55:30 - [TEST_STEP][PASSED] - click(findTestObject("Выполнение бизнес-плана/Кнопка Факт")): Object: 'Object Repository/Выполнение бизнес-плана/Кнопка Факт' is clicked on

09-12-2024T07:55:31 - [MESSAGE][PASSED] - Object: 'Object Repository/Выполнение бизнес-плана/Кнопка Факт' is clicked on

09-12-2024T07:55:31 - [TEST_STEP][PASSED] - if (a == 84 || a == 82): null

09-12-2024T07:55:31 - [TEST_STEP][PASSED] - else if (a == 52 || a == 72 || a == 28 || a == 73 || a == 77 || a == 74 || a == 65 || a == 36 || a == 44 || a == 53 || a == 80 || a == 54 || a == 1 || a == 18 || a == 59 || a == 81): null

09-12-2024T07:55:31 - [TEST_STEP][PASSED] - page1 = getText(findTestObject("Object Repository/Выполнение бизнес-плана/spanPlan" + dzoNum)): Text of object 'Object Repository/Выполнение бизнес-плана/spanPlan7' is: '7.04
|'

09-12-2024T07:55:31 - [MESSAGE][PASSED] - Text of object 'Object Repository/Выполнение бизнес-плана/spanPlan7' is: '7.04
|'

09-12-2024T07:55:31 - [TEST_STEP][PASSED] - page1 = page1.replace("|", ""): null

09-12-2024T07:55:31 - [TEST_STEP][PASSED] - page2 = getText(findTestObject("Object Repository/Выполнение бизнес-плана/spanFact" + dzoNum)): Text of object 'Object Repository/Выполнение бизнес-плана/spanFact7' is: '6.77'

09-12-2024T07:55:31 - [MESSAGE][PASSED] - Text of object 'Object Repository/Выполнение бизнес-плана/spanFact7' is: '6.77'

09-12-2024T07:55:31 - [TEST_STEP][PASSED] - page2 = page2.replace("|", ""): null

09-12-2024T07:55:31 - [TEST_STEP][PASSED] - println("page1: " + page1): null

09-12-2024T07:55:31 - [TEST_STEP][PASSED] - println("page2: " + page2): null

09-12-2024T07:55:31 - [TEST_STEP][PASSED] - file = findTestData("PlanFact").getValue(4, a): null

09-12-2024T07:55:31 - [TEST_STEP][PASSED] - file = file.replace(",", "."): null

09-12-2024T07:55:31 - [TEST_STEP][PASSED] - println("file Plan: " + file): null

09-12-2024T07:55:31 - [TEST_STEP][PASSED] - typeOfData = "План в процентах": null

09-12-2024T07:55:31 - [TEST_STEP][PASSED] - fileDouble = file.toDouble(): null

09-12-2024T07:55:31 - [TEST_STEP][PASSED] - pageDouble = page1.toDouble(): null

09-12-2024T07:55:31 - [TEST_STEP][PASSED] - if (fileDouble != pageDouble): null

09-12-2024T07:55:31 - [TEST_STEP][PASSED] - numberOfErrors = numberOfErrors + 1: null

09-12-2024T07:55:31 - [TEST_STEP][PASSED] - Script1718980020443.WriteToExcel(a, typeOfData, todaysDate, pageInt, fileInt, pageDouble, fileDouble, dZO): null

09-12-2024T07:55:31 - [TEST_STEP][PASSED] - sheetName = "Sheet1": null

09-12-2024T07:55:31 - [TEST_STEP][PASSED] - data = findTestData("PlanFact"): null

09-12-2024T07:55:32 - [TEST_STEP][PASSED] - n = data.getRowNumbers() + 1: null

09-12-2024T07:55:32 - [TEST_STEP][PASSED] - year = todaysDate.substring(todaysDate.length() - 4, todaysDate.length()): null

09-12-2024T07:55:32 - [TEST_STEP][PASSED] - y = year.toInteger(): null

09-12-2024T07:55:32 - [TEST_STEP][PASSED] - m = getText(findTestObject("Выполнение бизнес-плана/Период")): Text of object 'Object Repository/Выполнение бизнес-плана/Период' is: '1, 2, 3 кв., Октябрь 2024 года'

09-12-2024T07:55:32 - [MESSAGE][PASSED] - Text of object 'Object Repository/Выполнение бизнес-плана/Период' is: '1, 2, 3 кв., Октябрь 2024 года'

09-12-2024T07:55:32 - [TEST_STEP][PASSED] - m = m.substring(0, m.indexOf("2024")): null

09-12-2024T07:55:32 - [TEST_STEP][PASSED] - m = m.trim(): null

09-12-2024T07:55:32 - [TEST_STEP][PASSED] - dashboardName = "Выполнение бизнес-плана": null

09-12-2024T07:55:32 - [TEST_STEP][PASSED] - workbook01 = getWorkbook(excelFilePath): null

09-12-2024T07:55:32 - [TEST_STEP][PASSED] - sheet01 = getExcelSheet(workbook01, sheetName): null

09-12-2024T07:55:32 - [TEST_STEP][PASSED] - setValueToCellByIndex(sheet01, n, 0, dashboardName): null

09-12-2024T07:55:32 - [TEST_STEP][PASSED] - setValueToCellByIndex(sheet01, n, 1, dZO): null

09-12-2024T07:55:32 - [TEST_STEP][PASSED] - setValueToCellByIndex(sheet01, n, 2, typeOfData): null

09-12-2024T07:55:32 - [TEST_STEP][PASSED] - if (typeOfData == "Факт в процентах" || typeOfData == "План в процентах"): null

09-12-2024T07:55:32 - [TEST_STEP][PASSED] - setValueToCellByIndex(sheet01, n, 3, fileDouble): null

09-12-2024T07:55:32 - [TEST_STEP][PASSED] - setValueToCellByIndex(sheet01, n, 4, pageDouble): null

09-12-2024T07:55:32 - [TEST_STEP][PASSED] - setValueToCellByIndex(sheet01, n, 5, m): null

09-12-2024T07:55:32 - [TEST_STEP][PASSED] - setValueToCellByIndex(sheet01, n, 6, y): null

09-12-2024T07:55:37 - [TEST_STEP][PASSED] - setValueToCellByIndex(sheet01, n, 7, todaysDate): null

09-12-2024T07:55:37 - [TEST_STEP][PASSED] - n = n + 1: null

09-12-2024T07:55:37 - [TEST_STEP][PASSED] - saveWorkbook(excelFilePath, workbook01): null

09-12-2024T07:55:38 - [TEST_STEP][PASSED] - file = findTestData("PlanFact").getValue(7, a): null

09-12-2024T07:55:38 - [TEST_STEP][PASSED] - file = file.replace(",", "."): null

09-12-2024T07:55:38 - [TEST_STEP][PASSED] - println("file Fact: " + file): null

09-12-2024T07:55:38 - [TEST_STEP][PASSED] - fileDouble = file.toDouble(): null

09-12-2024T07:55:38 - [TEST_STEP][PASSED] - typeOfData = "Факт в процентах": null

09-12-2024T07:55:38 - [TEST_STEP][PASSED] - fileDouble = file.toDouble(): null

09-12-2024T07:55:38 - [TEST_STEP][PASSED] - pageDouble = page2.toDouble(): null

09-12-2024T07:55:38 - [TEST_STEP][PASSED] - if (fileDouble != pageDouble): null

09-12-2024T07:55:38 - [TEST_STEP][PASSED] - numberOfErrors = numberOfErrors + 1: null

09-12-2024T07:55:38 - [TEST_STEP][PASSED] - Script1718980020443.WriteToExcel(a, typeOfData, todaysDate, pageInt, fileInt, pageDouble, fileDouble, dZO): null

09-12-2024T07:55:38 - [TEST_STEP][PASSED] - sheetName = "Sheet1": null

09-12-2024T07:55:38 - [TEST_STEP][PASSED] - data = findTestData("PlanFact"): null

09-12-2024T07:55:38 - [TEST_STEP][PASSED] - n = data.getRowNumbers() + 1: null

09-12-2024T07:55:38 - [TEST_STEP][PASSED] - year = todaysDate.substring(todaysDate.length() - 4, todaysDate.length()): null

09-12-2024T07:55:38 - [TEST_STEP][PASSED] - y = year.toInteger(): null

09-12-2024T07:55:38 - [TEST_STEP][PASSED] - m = getText(findTestObject("Выполнение бизнес-плана/Период")): Text of object 'Object Repository/Выполнение бизнес-плана/Период' is: '1, 2, 3 кв., Октябрь 2024 года'

09-12-2024T07:55:38 - [MESSAGE][PASSED] - Text of object 'Object Repository/Выполнение бизнес-плана/Период' is: '1, 2, 3 кв., Октябрь 2024 года'

09-12-2024T07:55:38 - [TEST_STEP][PASSED] - m = m.substring(0, m.indexOf("2024")): null

09-12-2024T07:55:38 - [TEST_STEP][PASSED] - m = m.trim(): null

09-12-2024T07:55:38 - [TEST_STEP][PASSED] - dashboardName = "Выполнение бизнес-плана": null

09-12-2024T07:55:38 - [TEST_STEP][PASSED] - workbook01 = getWorkbook(excelFilePath): null

09-12-2024T07:55:38 - [TEST_STEP][PASSED] - sheet01 = getExcelSheet(workbook01, sheetName): null

09-12-2024T07:55:38 - [TEST_STEP][PASSED] - setValueToCellByIndex(sheet01, n, 0, dashboardName): null

09-12-2024T07:55:38 - [TEST_STEP][PASSED] - setValueToCellByIndex(sheet01, n, 1, dZO): null

09-12-2024T07:55:38 - [TEST_STEP][PASSED] - setValueToCellByIndex(sheet01, n, 2, typeOfData): null

09-12-2024T07:55:38 - [TEST_STEP][PASSED] - if (typeOfData == "Факт в процентах" || typeOfData == "План в процентах"): null

09-12-2024T07:55:38 - [TEST_STEP][PASSED] - setValueToCellByIndex(sheet01, n, 3, fileDouble): null

09-12-2024T07:55:38 - [TEST_STEP][PASSED] - setValueToCellByIndex(sheet01, n, 4, pageDouble): null

09-12-2024T07:55:38 - [TEST_STEP][PASSED] - setValueToCellByIndex(sheet01, n, 5, m): null

09-12-2024T07:55:38 - [TEST_STEP][PASSED] - setValueToCellByIndex(sheet01, n, 6, y): null

09-12-2024T07:55:38 - [TEST_STEP][PASSED] - setValueToCellByIndex(sheet01, n, 7, todaysDate): null

09-12-2024T07:55:38 - [TEST_STEP][PASSED] - n = n + 1: null

09-12-2024T07:55:38 - [TEST_STEP][PASSED] - saveWorkbook(excelFilePath, workbook01): null

09-12-2024T07:55:38 - [TEST_STEP][FAILED] - if (verifyEqual(numberOfErrors, 0) == false): null

09-12-2024T07:55:38 - [MESSAGE][FAILED] - Unable to verify equal between actual object '4' and expected object '0' (Root cause: com.kms.katalon.core.exception.StepFailedException: Actual object '4' and expected object '0' are not equal
	at com.kms.katalon.core.keyword.builtin.VerifyEqualKeyword$_verifyEqual_closure1.doCall(VerifyEqualKeyword.groovy:58)
	at com.kms.katalon.core.keyword.builtin.VerifyEqualKeyword$_verifyEqual_closure1.call(VerifyEqualKeyword.groovy)
	at com.kms.katalon.core.keyword.internal.KeywordMain.runKeyword(KeywordMain.groovy:75)
	at com.kms.katalon.core.keyword.builtin.VerifyEqualKeyword.verifyEqual(VerifyEqualKeyword.groovy:63)
	at com.kms.katalon.core.keyword.builtin.VerifyEqualKeyword.execute(VerifyEqualKeyword.groovy:44)
	at com.kms.katalon.core.keyword.internal.KeywordExecutor.executeKeywordForPlatform(KeywordExecutor.groovy:74)
	at com.kms.katalon.core.keyword.BuiltinKeywords.verifyEqual(BuiltinKeywords.groovy:146)
	at jdk.internal.reflect.GeneratedMethodAccessor24.invoke(Unknown Source)
	at java.base/jdk.internal.reflect.DelegatingMethodAccessorImpl.invoke(DelegatingMethodAccessorImpl.java:43)
	at Выполнение бизнес-плана Сверка ПАО Россети все филиалы.Numbers(Выполнение бизнес-плана Сверка ПАО Россети все филиалы:752)
	at Выполнение бизнес-плана Сверка ПАО Россети все филиалы.run(Выполнение бизнес-плана Сверка ПАО Россети все филиалы:414)
	at com.kms.katalon.core.main.ScriptEngine.run(ScriptEngine.java:194)
	at com.kms.katalon.core.main.ScriptEngine.runScriptAsRawText(ScriptEngine.java:119)
	at com.kms.katalon.core.main.TestCaseExecutor.runScript(TestCaseExecutor.java:448)
	at com.kms.katalon.core.main.TestCaseExecutor.doExecute(TestCaseExecutor.java:439)
	at com.kms.katalon.core.main.TestCaseExecutor.processExecutionPhase(TestCaseExecutor.java:418)
	at com.kms.katalon.core.main.TestCaseExecutor.accessMainPhase(TestCaseExecutor.java:410)
	at com.kms.katalon.core.main.TestCaseExecutor.execute(TestCaseExecutor.java:285)
	at com.kms.katalon.core.common.CommonExecutor.accessTestCaseMainPhase(CommonExecutor.java:65)
	at com.kms.katalon.core.main.TestSuiteExecutor.accessTestSuiteMainPhase(TestSuiteExecutor.java:150)
	at com.kms.katalon.core.main.TestSuiteExecutor.execute(TestSuiteExecutor.java:106)
	at com.kms.katalon.core.main.TestCaseMain.startTestSuite(TestCaseMain.java:180)
	at TempTestSuite1733719229947.run(TempTestSuite1733719229947.groovy:35)
	at java.base/jdk.internal.reflect.NativeMethodAccessorImpl.invoke0(Native Method)
	at java.base/jdk.internal.reflect.NativeMethodAccessorImpl.invoke(NativeMethodAccessorImpl.java:77)
	at java.base/jdk.internal.reflect.DelegatingMethodAccessorImpl.invoke(DelegatingMethodAccessorImpl.java:43)
)

09-12-2024T07:55:38 - [TEST_STEP][PASSED] - println(numberOfErrors): null

09-12-2024T07:55:38 - [TEST_STEP][PASSED] - if (a == 28 || a == 77 || a == 74 || a == 65 || a == 36 || a == 44 || a == 54 || a == 1 || a == 18 || a == 59): null

09-12-2024T07:55:38 - [TEST_STEP][PASSED] - Script1718980020443.Filials(a, typeOfData, todaysDate, pageInt, fileInt, pageDouble, fileDouble, dZO, dzoNum, filialNum): null

09-12-2024T07:55:38 - [TEST_STEP][PASSED] - i = <not implemented yet for class: org.codehaus.groovy.ast.expr.EmptyExpression>: null

09-12-2024T07:55:38 - [TEST_STEP][PASSED] - c = <not implemented yet for class: org.codehaus.groovy.ast.expr.EmptyExpression>: null

09-12-2024T07:55:38 - [TEST_STEP][PASSED] - page = <not implemented yet for class: org.codehaus.groovy.ast.expr.EmptyExpression>: null

09-12-2024T07:55:38 - [TEST_STEP][PASSED] - println(dZO): null

09-12-2024T07:55:38 - [TEST_STEP][PASSED] - reducedDZO = <not implemented yet for class: org.codehaus.groovy.ast.expr.EmptyExpression>: null

09-12-2024T07:55:38 - [TEST_STEP][PASSED] - reducedDZO = dZO.substring(dZO.indexOf(" ") + 1, dZO.length()): null

09-12-2024T07:55:38 - [TEST_STEP][PASSED] - if (reducedDZO.contains(" ")): null

09-12-2024T07:55:38 - [TEST_STEP][PASSED] - reducedDZO = reducedDZO.substring(reducedDZO.indexOf(" ") + 1, reducedDZO.length()): null

09-12-2024T07:55:38 - [TEST_STEP][PASSED] - if (reducedDZO.contains(" ")): null

09-12-2024T07:55:38 - [TEST_STEP][PASSED] - reducedDZO = reducedDZO.substring(reducedDZO.indexOf(" ") + 1, reducedDZO.length()): null

09-12-2024T07:55:38 - [TEST_STEP][PASSED] - println(reducedDZO): null

09-12-2024T07:55:38 - [TEST_STEP][PASSED] - dzoCut = <not implemented yet for class: org.codehaus.groovy.ast.expr.EmptyExpression>: null

09-12-2024T07:55:38 - [TEST_STEP][PASSED] - Script1718980020443.DZO(a): null

09-12-2024T07:55:38 - [TEST_STEP][PASSED] - Script1718980020443.OpenFilter(): null

09-12-2024T07:55:38 - [TEST_STEP][PASSED] - click(findTestObject("Object Repository/Выполнение бизнес-плана/Фильтр ДЗО")): Object: 'Object Repository/Выполнение бизнес-плана/Фильтр ДЗО' is clicked on

09-12-2024T07:55:39 - [MESSAGE][PASSED] - Object: 'Object Repository/Выполнение бизнес-плана/Фильтр ДЗО' is clicked on

09-12-2024T07:55:39 - [TEST_STEP][PASSED] - click(findTestObject("Выполнение бизнес-плана/Снять выделение в фильтре ДЗО")): Object: 'Object Repository/Выполнение бизнес-плана/Снять выделение в фильтре ДЗО' is clicked on

09-12-2024T07:55:39 - [MESSAGE][PASSED] - Object: 'Object Repository/Выполнение бизнес-плана/Снять выделение в фильтре ДЗО' is clicked on

09-12-2024T07:55:39 - [TEST_STEP][PASSED] - Script1718980020443.OpenRSK(): null

09-12-2024T07:55:39 - [TEST_STEP][PASSED] - click(findTestObject("Выполнение бизнес-плана/Раскрыть список ПАО Россети в фильтре ДЗО")): Object: 'Object Repository/Выполнение бизнес-плана/Раскрыть список ПАО Россети в фильтре ДЗО' is clicked on

09-12-2024T07:55:40 - [MESSAGE][PASSED] - Object: 'Object Repository/Выполнение бизнес-плана/Раскрыть список ПАО Россети в фильтре ДЗО' is clicked on

09-12-2024T07:55:40 - [TEST_STEP][PASSED] - click(findTestObject("Выполнение бизнес-плана/Раскрыть список РаспредКомплекс в фильтре ДЗО")): Object: 'Object Repository/Выполнение бизнес-плана/Раскрыть список РаспредКомплекс в фильтре ДЗО' is clicked on

09-12-2024T07:55:40 - [MESSAGE][PASSED] - Object: 'Object Repository/Выполнение бизнес-плана/Раскрыть список РаспредКомплекс в фильтре ДЗО' is clicked on

09-12-2024T07:55:40 - [TEST_STEP][PASSED] - if (a == 28): null

09-12-2024T07:55:40 - [TEST_STEP][PASSED] - if (a == 77): null

09-12-2024T07:55:40 - [TEST_STEP][PASSED] - if (a == 74): null

09-12-2024T07:55:40 - [TEST_STEP][PASSED] - if (a == 65): null

09-12-2024T07:55:40 - [TEST_STEP][PASSED] - if (a == 36): null

09-12-2024T07:55:40 - [TEST_STEP][PASSED] - if (a == 44): null

09-12-2024T07:55:40 - [TEST_STEP][PASSED] - if (a == 54): null

09-12-2024T07:55:40 - [TEST_STEP][PASSED] - if (a == 1): null

09-12-2024T07:55:40 - [TEST_STEP][PASSED] - if (a == 18): Object: 'Object Repository/Выполнение бизнес-плана/Россети Центр и Приволжье' is clicked on

09-12-2024T07:55:40 - [TEST_STEP][PASSED] - scrollToElement(findTestObject("Выполнение бизнес-плана/Россети Центр и Приволжье"), 30): Scroll to object 'Object Repository/Выполнение бизнес-плана/Россети Центр и Приволжье' successfully

09-12-2024T07:55:40 - [MESSAGE][PASSED] - Scroll to object 'Object Repository/Выполнение бизнес-плана/Россети Центр и Приволжье' successfully

09-12-2024T07:55:40 - [TEST_STEP][PASSED] - click(findTestObject("Выполнение бизнес-плана/Россети Центр и Приволжье")): Object: 'Object Repository/Выполнение бизнес-плана/Россети Центр и Приволжье' is clicked on

09-12-2024T07:55:41 - [MESSAGE][PASSED] - Object: 'Object Repository/Выполнение бизнес-плана/Россети Центр и Приволжье' is clicked on

09-12-2024T07:55:41 - [TEST_STEP][PASSED] - if (a == 59): null

09-12-2024T07:55:41 - [TEST_STEP][PASSED] - Script1718980020443.CloseFilter(): null

09-12-2024T07:55:41 - [TEST_STEP][PASSED] - scrollToElement(findTestObject("Выполнение бизнес-плана/Заголовок дашборда"), 30): Scroll to object 'Object Repository/Выполнение бизнес-плана/Заголовок дашборда' successfully

09-12-2024T07:55:41 - [MESSAGE][PASSED] - Scroll to object 'Object Repository/Выполнение бизнес-плана/Заголовок дашборда' successfully

09-12-2024T07:55:41 - [TEST_STEP][PASSED] - click(findTestObject("Object Repository/Выполнение бизнес-плана/Применить в фильтре ДЗО")): Object: 'Object Repository/Выполнение бизнес-плана/Применить в фильтре ДЗО' is clicked on

09-12-2024T07:55:42 - [MESSAGE][PASSED] - Object: 'Object Repository/Выполнение бизнес-плана/Применить в фильтре ДЗО' is clicked on

09-12-2024T07:55:42 - [TEST_STEP][PASSED] - Script1718980020443.ZakrytOpoveshenie(): null

09-12-2024T07:55:42 - [TEST_STEP][PASSED] - delay(10): Delayed 10 second(s)

09-12-2024T07:55:52 - [MESSAGE][PASSED] - Delayed 10 second(s)

09-12-2024T07:55:52 - [TEST_STEP][PASSED] - opoveshenie = getText(findTestObject("Выполнение бизнес-плана/Просьба обратить внимание")): Text of object 'Object Repository/Выполнение бизнес-плана/Просьба обратить внимание' is: ''

09-12-2024T07:56:09 - [MESSAGE][PASSED] - Text of object 'Object Repository/Выполнение бизнес-плана/Просьба обратить внимание' is: ''

09-12-2024T07:56:09 - [TEST_STEP][PASSED] - println(opoveshenie): null

09-12-2024T07:56:09 - [TEST_STEP][PASSED] - if (opoveshenie == "Просьба обратить внимание"): null

09-12-2024T07:56:09 - [TEST_STEP][PASSED] - page = getText(findTestObject("Object Repository/Выполнение бизнес-плана/Filials")): Text of object 'Object Repository/Выполнение бизнес-плана/Filials' is: 'Россети Центр и Приволжье (ГК)
0
10
20
30
40
50
60
70'

09-12-2024T07:56:09 - [MESSAGE][PASSED] - Text of object 'Object Repository/Выполнение бизнес-плана/Filials' is: 'Россети Центр и Приволжье (ГК)
0
10
20
30
40
50
60
70'

09-12-2024T07:56:09 - [TEST_STEP][PASSED] - println(page): null

09-12-2024T07:56:09 - [TEST_STEP][PASSED] - c = page.indexOf(reducedDZO): null

09-12-2024T07:56:09 - [TEST_STEP][PASSED] - if (c > -1): null

09-12-2024T07:56:09 - [TEST_STEP][PASSED] - click(findTestObject("Выполнение бизнес-плана/список")): Object: 'Object Repository/Выполнение бизнес-плана/список' is clicked on

09-12-2024T07:56:10 - [MESSAGE][PASSED] - Object: 'Object Repository/Выполнение бизнес-плана/список' is clicked on

09-12-2024T07:56:10 - [TEST_STEP][PASSED] - delay(10): Delayed 10 second(s)

09-12-2024T07:56:20 - [MESSAGE][PASSED] - Delayed 10 second(s)

09-12-2024T07:56:20 - [TEST_STEP][PASSED] - click(findTestObject("Выполнение бизнес-плана/Раскрытие списка")): Object: 'Object Repository/Выполнение бизнес-плана/Раскрытие списка' is clicked on

09-12-2024T07:56:20 - [MESSAGE][PASSED] - Object: 'Object Repository/Выполнение бизнес-плана/Раскрытие списка' is clicked on

09-12-2024T07:56:20 - [TEST_STEP][PASSED] - delay(10): Delayed 10 second(s)

09-12-2024T07:56:30 - [MESSAGE][PASSED] - Delayed 10 second(s)

09-12-2024T07:56:30 - [TEST_STEP][PASSED] - page = getText(findTestObject("Object Repository/Выполнение бизнес-плана/Filials")): Text of object 'Object Repository/Выполнение бизнес-плана/Filials' is: 'Владимирэнерго
Ивэнерго
Калугаэнерго
Кировэнерго
Мариэнерго
Нижновэнерго
Рязаньэнерго
Тулэнерго
Удмуртэнерго
0
10
20
30
40
50
60
70'

09-12-2024T07:56:30 - [MESSAGE][PASSED] - Text of object 'Object Repository/Выполнение бизнес-плана/Filials' is: 'Владимирэнерго
Ивэнерго
Калугаэнерго
Кировэнерго
Мариэнерго
Нижновэнерго
Рязаньэнерго
Тулэнерго
Удмуртэнерго
0
10
20
30
40
50
60
70'

09-12-2024T07:56:30 - [TEST_STEP][PASSED] - println(page): null

09-12-2024T07:56:30 - [TEST_STEP][PASSED] - c = page.indexOf(reducedDZO): null

09-12-2024T07:56:30 - [TEST_STEP][PASSED] - x2 = getText(findTestObject("Выполнение бизнес-плана/Список ДЗО старый")): Text of object 'Object Repository/Выполнение бизнес-плана/Список ДЗО старый' is: 'Владимирэнерго
Ивэнерго
Калугаэнерго
Кировэнерго
Мариэнерго
Нижновэнерго
Рязаньэнерго
Тулэнерго
Удмуртэнерго
0
10
20
30
40
50
60
70'

09-12-2024T07:56:31 - [MESSAGE][PASSED] - Text of object 'Object Repository/Выполнение бизнес-плана/Список ДЗО старый' is: 'Владимирэнерго
Ивэнерго
Калугаэнерго
Кировэнерго
Мариэнерго
Нижновэнерго
Рязаньэнерго
Тулэнерго
Удмуртэнерго
0
10
20
30
40
50
60
70'

09-12-2024T07:56:31 - [TEST_STEP][PASSED] - if (a == 28): null

09-12-2024T07:56:31 - [TEST_STEP][PASSED] - if (a == 77): null

09-12-2024T07:56:31 - [TEST_STEP][PASSED] - if (a == 74): null

09-12-2024T07:56:31 - [TEST_STEP][PASSED] - if (a == 65): null

09-12-2024T07:56:31 - [TEST_STEP][PASSED] - if (a == 1): null

09-12-2024T07:56:31 - [TEST_STEP][PASSED] - if (a == 18): null

09-12-2024T07:56:31 - [TEST_STEP][PASSED] - dZO = "Владимирэнерго": null

09-12-2024T07:56:31 - [TEST_STEP][PASSED] - a = 19: null

09-12-2024T07:56:31 - [TEST_STEP][PASSED] - if (x2.contains(dZO)): null

09-12-2024T07:56:31 - [TEST_STEP][PASSED] - filialNum = filialNum + 1: null

09-12-2024T07:56:31 - [TEST_STEP][PASSED] - Script1718980020443.Numbers(a, typeOfData, todaysDate, pageInt, fileInt, pageDouble, fileDouble, dZO, dzoNum, filialNum): null

09-12-2024T07:56:31 - [TEST_STEP][PASSED] - println(dzoNum): null

09-12-2024T07:56:31 - [TEST_STEP][PASSED] - planFact = <not implemented yet for class: org.codehaus.groovy.ast.expr.EmptyExpression>: null

09-12-2024T07:56:31 - [TEST_STEP][PASSED] - page = <not implemented yet for class: org.codehaus.groovy.ast.expr.EmptyExpression>: null

09-12-2024T07:56:31 - [TEST_STEP][PASSED] - page1 = <not implemented yet for class: org.codehaus.groovy.ast.expr.EmptyExpression>: null

09-12-2024T07:56:31 - [TEST_STEP][PASSED] - page2 = <not implemented yet for class: org.codehaus.groovy.ast.expr.EmptyExpression>: null

09-12-2024T07:56:31 - [TEST_STEP][PASSED] - filialNumberInRow = <not implemented yet for class: org.codehaus.groovy.ast.expr.EmptyExpression>: null

09-12-2024T07:56:31 - [TEST_STEP][PASSED] - filialsDzoNames = <not implemented yet for class: org.codehaus.groovy.ast.expr.EmptyExpression>: null

09-12-2024T07:56:31 - [TEST_STEP][PASSED] - numberOfFilials = <not implemented yet for class: org.codehaus.groovy.ast.expr.EmptyExpression>: null

09-12-2024T07:56:31 - [TEST_STEP][PASSED] - numberOfSpaces = <not implemented yet for class: org.codehaus.groovy.ast.expr.EmptyExpression>: null

09-12-2024T07:56:31 - [TEST_STEP][PASSED] - file = <not implemented yet for class: org.codehaus.groovy.ast.expr.EmptyExpression>: null

09-12-2024T07:56:31 - [TEST_STEP][PASSED] - otpusk = <not implemented yet for class: org.codehaus.groovy.ast.expr.EmptyExpression>: null

09-12-2024T07:56:31 - [TEST_STEP][PASSED] - poteri = <not implemented yet for class: org.codehaus.groovy.ast.expr.EmptyExpression>: null

09-12-2024T07:56:31 - [TEST_STEP][PASSED] - dataFolder = "Выполнение бизнес-плана/Значения со страницы Выполнение бизнес-плана/": null

09-12-2024T07:56:31 - [TEST_STEP][PASSED] - path = <not implemented yet for class: org.codehaus.groovy.ast.expr.EmptyExpression>: null

09-12-2024T07:56:31 - [TEST_STEP][PASSED] - typeOfDataMain = <not implemented yet for class: org.codehaus.groovy.ast.expr.EmptyExpression>: null

09-12-2024T07:56:31 - [TEST_STEP][PASSED] - fileOtpuskVSet = <not implemented yet for class: org.codehaus.groovy.ast.expr.EmptyExpression>: null

09-12-2024T07:56:31 - [TEST_STEP][PASSED] - pageOtpuskVSet = <not implemented yet for class: org.codehaus.groovy.ast.expr.EmptyExpression>: null

09-12-2024T07:56:31 - [TEST_STEP][PASSED] - filePoteri = <not implemented yet for class: org.codehaus.groovy.ast.expr.EmptyExpression>: null

09-12-2024T07:56:31 - [TEST_STEP][PASSED] - pagePoteri = <not implemented yet for class: org.codehaus.groovy.ast.expr.EmptyExpression>: null

09-12-2024T07:56:31 - [TEST_STEP][PASSED] - compare = <not implemented yet for class: org.codehaus.groovy.ast.expr.EmptyExpression>: null

09-12-2024T07:56:31 - [TEST_STEP][PASSED] - b = <not implemented yet for class: org.codehaus.groovy.ast.expr.EmptyExpression>: null

09-12-2024T07:56:31 - [TEST_STEP][PASSED] - i = <not implemented yet for class: org.codehaus.groovy.ast.expr.EmptyExpression>: null

09-12-2024T07:56:31 - [TEST_STEP][PASSED] - ii = <not implemented yet for class: org.codehaus.groovy.ast.expr.EmptyExpression>: null

09-12-2024T07:56:31 - [TEST_STEP][PASSED] - c = <not implemented yet for class: org.codehaus.groovy.ast.expr.EmptyExpression>: null

09-12-2024T07:56:31 - [TEST_STEP][PASSED] - numberOfErrors = 0: null

09-12-2024T07:56:31 - [TEST_STEP][PASSED] - if (a == 82): null

09-12-2024T07:56:31 - [TEST_STEP][PASSED] - b = findTestData("PlanFact").getValue(1, a): null

09-12-2024T07:56:31 - [TEST_STEP][PASSED] - i = b.indexOf(" (ГК)"): null

09-12-2024T07:56:31 - [TEST_STEP][PASSED] - if (i > -1): null

09-12-2024T07:56:31 - [TEST_STEP][PASSED] - i = b.indexOf("О ""): null

09-12-2024T07:56:31 - [TEST_STEP][PASSED] - if (i > -1): null

09-12-2024T07:56:31 - [TEST_STEP][PASSED] - i = b.indexOf("О «"): null

09-12-2024T07:56:31 - [TEST_STEP][PASSED] - if (i > -1): null

09-12-2024T07:56:31 - [TEST_STEP][PASSED] - i = b.indexOf("г. "): null

09-12-2024T07:56:31 - [TEST_STEP][PASSED] - if (i > -1): null

09-12-2024T07:56:31 - [TEST_STEP][PASSED] - println(b): null

09-12-2024T07:56:31 - [TEST_STEP][PASSED] - for ([planFact = 1, planFact < 3, (planFact++)]): Object: 'Object Repository/Выполнение бизнес-плана/Кнопка Факт' is clicked on

09-12-2024T07:56:31 - [TEST_STEP][PASSED] - if (planFact == 1): null

09-12-2024T07:56:31 - [TEST_STEP][PASSED] - typeOfDataMain = "Факт": null

09-12-2024T07:56:31 - [TEST_STEP][PASSED] - otpusk = findTestData("PlanFact").getValue(5, a): null

09-12-2024T07:56:31 - [TEST_STEP][PASSED] - poteri = findTestData("PlanFact").getValue(6, a): null

09-12-2024T07:56:31 - [TEST_STEP][PASSED] - otpusk = otpusk.replaceAll("\s+", ""): null

09-12-2024T07:56:31 - [TEST_STEP][PASSED] - poteri = poteri.replaceAll("\s+", ""): null

09-12-2024T07:56:31 - [TEST_STEP][PASSED] - typeOfData = typeOfDataMain + " Отпуск в сеть": null

09-12-2024T07:56:31 - [TEST_STEP][PASSED] - if (a == 82): null

09-12-2024T07:56:31 - [TEST_STEP][PASSED] - else if (a == 84): null

09-12-2024T07:56:31 - [TEST_STEP][PASSED] - else if (a == 52 || a == 72 || a == 28 || a == 73 || a == 77 || a == 74 || a == 65 || a == 36 || a == 44 || a == 53 || a == 80 || a == 54 || a == 1 || a == 18 || a == 59 || a == 81): null

09-12-2024T07:56:31 - [TEST_STEP][PASSED] - else: null

09-12-2024T07:56:31 - [TEST_STEP][PASSED] - path = dataFolder + typeOfData + " за отчётный период " + b: null

09-12-2024T07:56:31 - [TEST_STEP][PASSED] - println(path): null

09-12-2024T07:56:31 - [TEST_STEP][PASSED] - page = getText(findTestObject(path)): Text of object 'Object Repository/Выполнение бизнес-плана/Значения со страницы Выполнение бизнес-плана/Факт Отпуск в сеть за отчётный период Владимирэнерго' is: '5 105 395'

09-12-2024T07:56:31 - [MESSAGE][PASSED] - Text of object 'Object Repository/Выполнение бизнес-плана/Значения со страницы Выполнение бизнес-плана/Факт Отпуск в сеть за отчётный период Владимирэнерго' is: '5 105 395'

09-12-2024T07:56:31 - [TEST_STEP][PASSED] - page = page.replaceAll("\s+", ""): null

09-12-2024T07:56:31 - [TEST_STEP][PASSED] - fileOtpuskVSet = otpusk.toInteger(): null

09-12-2024T07:56:31 - [TEST_STEP][PASSED] - pageOtpuskVSet = page.toInteger(): null

09-12-2024T07:56:31 - [TEST_STEP][PASSED] - typeOfData = typeOfDataMain + " Потери": null

09-12-2024T07:56:31 - [TEST_STEP][PASSED] - if (a == 82): null

09-12-2024T07:56:31 - [TEST_STEP][PASSED] - else if (a == 84): null

09-12-2024T07:56:31 - [TEST_STEP][PASSED] - else if (a == 52 || a == 72 || a == 28 || a == 73 || a == 77 || a == 74 || a == 65 || a == 36 || a == 44 || a == 53 || a == 80 || a == 54 || a == 1 || a == 18 || a == 59 || a == 81): null

09-12-2024T07:56:31 - [TEST_STEP][PASSED] - else: null

09-12-2024T07:56:31 - [TEST_STEP][PASSED] - path = dataFolder + typeOfData + " за отчётный период " + b: null

09-12-2024T07:56:31 - [TEST_STEP][PASSED] - page = getText(findTestObject(path)): Text of object 'Object Repository/Выполнение бизнес-плана/Значения со страницы Выполнение бизнес-плана/Факт Потери за отчётный период Владимирэнерго' is: '288 455'

09-12-2024T07:56:32 - [MESSAGE][PASSED] - Text of object 'Object Repository/Выполнение бизнес-плана/Значения со страницы Выполнение бизнес-плана/Факт Потери за отчётный период Владимирэнерго' is: '288 455'

09-12-2024T07:56:32 - [TEST_STEP][PASSED] - page = page.replaceAll("\s+", ""): null

09-12-2024T07:56:32 - [TEST_STEP][PASSED] - filePoteri = poteri.toInteger(): null

09-12-2024T07:56:32 - [TEST_STEP][PASSED] - pagePoteri = page.toInteger(): null

09-12-2024T07:56:32 - [TEST_STEP][PASSED] - compare = pageOtpuskVSet: null

09-12-2024T07:56:32 - [TEST_STEP][PASSED] - if (compare == fileOtpuskVSet): null

09-12-2024T07:56:32 - [TEST_STEP][PASSED] - if (compare == fileOtpuskVSet): null

09-12-2024T07:56:32 - [TEST_STEP][PASSED] - compare = pagePoteri: null

09-12-2024T07:56:32 - [TEST_STEP][PASSED] - if (compare == filePoteri): null

09-12-2024T07:56:32 - [TEST_STEP][PASSED] - if (compare == filePoteri): null

09-12-2024T07:56:32 - [TEST_STEP][PASSED] - if (planFact == 2): null

09-12-2024T07:56:32 - [TEST_STEP][PASSED] - if (planFact == 1): null

09-12-2024T07:56:32 - [TEST_STEP][PASSED] - else if (planFact == 2): null

09-12-2024T07:56:32 - [TEST_STEP][PASSED] - click(findTestObject("Выполнение бизнес-плана/Кнопка План")): Object: 'Object Repository/Выполнение бизнес-плана/Кнопка План' is clicked on

09-12-2024T07:56:32 - [MESSAGE][PASSED] - Object: 'Object Repository/Выполнение бизнес-плана/Кнопка План' is clicked on

09-12-2024T07:56:32 - [TEST_STEP][PASSED] - typeOfDataMain = "План": null

09-12-2024T07:56:32 - [TEST_STEP][PASSED] - otpusk = findTestData("PlanFact").getValue(2, a): null

09-12-2024T07:56:32 - [TEST_STEP][PASSED] - poteri = findTestData("PlanFact").getValue(3, a): null

09-12-2024T07:56:32 - [TEST_STEP][PASSED] - otpusk = otpusk.replaceAll("\s+", ""): null

09-12-2024T07:56:32 - [TEST_STEP][PASSED] - poteri = poteri.replaceAll("\s+", ""): null

09-12-2024T07:56:32 - [TEST_STEP][PASSED] - typeOfData = typeOfDataMain + " Отпуск в сеть": null

09-12-2024T07:56:32 - [TEST_STEP][PASSED] - if (a == 82): null

09-12-2024T07:56:32 - [TEST_STEP][PASSED] - else if (a == 84): null

09-12-2024T07:56:32 - [TEST_STEP][PASSED] - else if (a == 52 || a == 72 || a == 28 || a == 73 || a == 77 || a == 74 || a == 65 || a == 36 || a == 44 || a == 53 || a == 80 || a == 54 || a == 1 || a == 18 || a == 59 || a == 81): null

09-12-2024T07:56:32 - [TEST_STEP][PASSED] - else: null

09-12-2024T07:56:32 - [TEST_STEP][PASSED] - path = dataFolder + typeOfData + " за отчётный период " + b: null

09-12-2024T07:56:32 - [TEST_STEP][PASSED] - println(path): null

09-12-2024T07:56:32 - [TEST_STEP][PASSED] - page = getText(findTestObject(path)): Text of object 'Object Repository/Выполнение бизнес-плана/Значения со страницы Выполнение бизнес-плана/План Отпуск в сеть за отчётный период Владимирэнерго' is: '4 922 280'

09-12-2024T07:56:32 - [MESSAGE][PASSED] - Text of object 'Object Repository/Выполнение бизнес-плана/Значения со страницы Выполнение бизнес-плана/План Отпуск в сеть за отчётный период Владимирэнерго' is: '4 922 280'

09-12-2024T07:56:32 - [TEST_STEP][PASSED] - page = page.replaceAll("\s+", ""): null

09-12-2024T07:56:32 - [TEST_STEP][PASSED] - fileOtpuskVSet = otpusk.toInteger(): null

09-12-2024T07:56:32 - [TEST_STEP][PASSED] - pageOtpuskVSet = page.toInteger(): null

09-12-2024T07:56:32 - [TEST_STEP][PASSED] - typeOfData = typeOfDataMain + " Потери": null

09-12-2024T07:56:32 - [TEST_STEP][PASSED] - if (a == 82): null

09-12-2024T07:56:32 - [TEST_STEP][PASSED] - else if (a == 84): null

09-12-2024T07:56:32 - [TEST_STEP][PASSED] - else if (a == 52 || a == 72 || a == 28 || a == 73 || a == 77 || a == 74 || a == 65 || a == 36 || a == 44 || a == 53 || a == 80 || a == 54 || a == 1 || a == 18 || a == 59 || a == 81): null

09-12-2024T07:56:32 - [TEST_STEP][PASSED] - else: null

09-12-2024T07:56:32 - [TEST_STEP][PASSED] - path = dataFolder + typeOfData + " за отчётный период " + b: null

09-12-2024T07:56:32 - [TEST_STEP][PASSED] - page = getText(findTestObject(path)): Text of object 'Object Repository/Выполнение бизнес-плана/Значения со страницы Выполнение бизнес-плана/План Потери за отчётный период Владимирэнерго' is: '310 726'

09-12-2024T07:56:33 - [MESSAGE][PASSED] - Text of object 'Object Repository/Выполнение бизнес-плана/Значения со страницы Выполнение бизнес-плана/План Потери за отчётный период Владимирэнерго' is: '310 726'

09-12-2024T07:56:33 - [TEST_STEP][PASSED] - page = page.replaceAll("\s+", ""): null

09-12-2024T07:56:33 - [TEST_STEP][PASSED] - filePoteri = poteri.toInteger(): null

09-12-2024T07:56:33 - [TEST_STEP][PASSED] - pagePoteri = page.toInteger(): null

09-12-2024T07:56:33 - [TEST_STEP][PASSED] - compare = pageOtpuskVSet: null

09-12-2024T07:56:33 - [TEST_STEP][PASSED] - if (compare == fileOtpuskVSet): null

09-12-2024T07:56:33 - [TEST_STEP][PASSED] - if (compare == fileOtpuskVSet): null

09-12-2024T07:56:33 - [TEST_STEP][PASSED] - compare = pagePoteri: null

09-12-2024T07:56:33 - [TEST_STEP][PASSED] - if (compare == filePoteri): null

09-12-2024T07:56:33 - [TEST_STEP][PASSED] - if (compare == filePoteri): null

09-12-2024T07:56:33 - [TEST_STEP][PASSED] - if (planFact == 2): Object: 'Object Repository/Выполнение бизнес-плана/Кнопка Факт' is clicked on

09-12-2024T07:56:33 - [TEST_STEP][PASSED] - click(findTestObject("Выполнение бизнес-плана/Кнопка Факт")): Object: 'Object Repository/Выполнение бизнес-плана/Кнопка Факт' is clicked on

09-12-2024T07:56:33 - [MESSAGE][PASSED] - Object: 'Object Repository/Выполнение бизнес-плана/Кнопка Факт' is clicked on

09-12-2024T07:56:33 - [TEST_STEP][PASSED] - if (a == 84 || a == 82): null

09-12-2024T07:56:33 - [TEST_STEP][PASSED] - else if (a == 52 || a == 72 || a == 28 || a == 73 || a == 77 || a == 74 || a == 65 || a == 36 || a == 44 || a == 53 || a == 80 || a == 54 || a == 1 || a == 18 || a == 59 || a == 81): null

09-12-2024T07:56:33 - [TEST_STEP][PASSED] - else: null

09-12-2024T07:56:33 - [TEST_STEP][PASSED] - page1 = getText(findTestObject("Object Repository/Выполнение бизнес-плана/spanPlan" + filialNum)): Text of object 'Object Repository/Выполнение бизнес-плана/spanPlan1' is: '6.31
|'

09-12-2024T07:56:33 - [MESSAGE][PASSED] - Text of object 'Object Repository/Выполнение бизнес-плана/spanPlan1' is: '6.31
|'

09-12-2024T07:56:33 - [TEST_STEP][PASSED] - page1 = page1.replace("|", ""): null

09-12-2024T07:56:33 - [TEST_STEP][PASSED] - page2 = getText(findTestObject("Object Repository/Выполнение бизнес-плана/spanFact" + filialNum)): Text of object 'Object Repository/Выполнение бизнес-плана/spanFact1' is: '5.65
|'

09-12-2024T07:56:33 - [MESSAGE][PASSED] - Text of object 'Object Repository/Выполнение бизнес-плана/spanFact1' is: '5.65
|'

09-12-2024T07:56:33 - [TEST_STEP][PASSED] - page2 = page2.replace("|", ""): null

09-12-2024T07:56:33 - [TEST_STEP][PASSED] - println("page1: " + page1): null

09-12-2024T07:56:33 - [TEST_STEP][PASSED] - println("page2: " + page2): null

09-12-2024T07:56:33 - [TEST_STEP][PASSED] - file = findTestData("PlanFact").getValue(4, a): null

09-12-2024T07:56:34 - [TEST_STEP][PASSED] - file = file.replace(",", "."): null

09-12-2024T07:56:34 - [TEST_STEP][PASSED] - println("file Plan: " + file): null

09-12-2024T07:56:34 - [TEST_STEP][PASSED] - typeOfData = "План в процентах": null

09-12-2024T07:56:34 - [TEST_STEP][PASSED] - fileDouble = file.toDouble(): null

09-12-2024T07:56:34 - [TEST_STEP][PASSED] - pageDouble = page1.toDouble(): null

09-12-2024T07:56:34 - [TEST_STEP][PASSED] - if (fileDouble != pageDouble): null

09-12-2024T07:56:34 - [TEST_STEP][PASSED] - file = findTestData("PlanFact").getValue(7, a): null

09-12-2024T07:56:34 - [TEST_STEP][PASSED] - file = file.replace(",", "."): null

09-12-2024T07:56:34 - [TEST_STEP][PASSED] - println("file Fact: " + file): null

09-12-2024T07:56:34 - [TEST_STEP][PASSED] - fileDouble = file.toDouble(): null

09-12-2024T07:56:34 - [TEST_STEP][PASSED] - typeOfData = "Факт в процентах": null

09-12-2024T07:56:34 - [TEST_STEP][PASSED] - fileDouble = file.toDouble(): null

09-12-2024T07:56:34 - [TEST_STEP][PASSED] - pageDouble = page2.toDouble(): null

09-12-2024T07:56:34 - [TEST_STEP][PASSED] - if (fileDouble != pageDouble): null

09-12-2024T07:56:34 - [TEST_STEP][PASSED] - if (verifyEqual(numberOfErrors, 0) == false): Actual object '0' and expected object '0' are equal

09-12-2024T07:56:34 - [MESSAGE][PASSED] - Actual object '0' and expected object '0' are equal

09-12-2024T07:56:34 - [TEST_STEP][PASSED] - if (a == 82): null

09-12-2024T07:56:34 - [TEST_STEP][PASSED] - dZO = "Ивэнерго": null

09-12-2024T07:56:34 - [TEST_STEP][PASSED] - a = 20: null

09-12-2024T07:56:34 - [TEST_STEP][PASSED] - if (x2.contains(dZO)): null

09-12-2024T07:56:34 - [TEST_STEP][PASSED] - filialNum = filialNum + 1: null

09-12-2024T07:56:34 - [TEST_STEP][PASSED] - Script1718980020443.Numbers(a, typeOfData, todaysDate, pageInt, fileInt, pageDouble, fileDouble, dZO, dzoNum, filialNum): null

09-12-2024T07:56:34 - [TEST_STEP][PASSED] - println(dzoNum): null

09-12-2024T07:56:34 - [TEST_STEP][PASSED] - planFact = <not implemented yet for class: org.codehaus.groovy.ast.expr.EmptyExpression>: null

09-12-2024T07:56:34 - [TEST_STEP][PASSED] - page = <not implemented yet for class: org.codehaus.groovy.ast.expr.EmptyExpression>: null

09-12-2024T07:56:34 - [TEST_STEP][PASSED] - page1 = <not implemented yet for class: org.codehaus.groovy.ast.expr.EmptyExpression>: null

09-12-2024T07:56:34 - [TEST_STEP][PASSED] - page2 = <not implemented yet for class: org.codehaus.groovy.ast.expr.EmptyExpression>: null

09-12-2024T07:56:34 - [TEST_STEP][PASSED] - filialNumberInRow = <not implemented yet for class: org.codehaus.groovy.ast.expr.EmptyExpression>: null

09-12-2024T07:56:34 - [TEST_STEP][PASSED] - filialsDzoNames = <not implemented yet for class: org.codehaus.groovy.ast.expr.EmptyExpression>: null

09-12-2024T07:56:34 - [TEST_STEP][PASSED] - numberOfFilials = <not implemented yet for class: org.codehaus.groovy.ast.expr.EmptyExpression>: null

09-12-2024T07:56:34 - [TEST_STEP][PASSED] - numberOfSpaces = <not implemented yet for class: org.codehaus.groovy.ast.expr.EmptyExpression>: null

09-12-2024T07:56:34 - [TEST_STEP][PASSED] - file = <not implemented yet for class: org.codehaus.groovy.ast.expr.EmptyExpression>: null

09-12-2024T07:56:34 - [TEST_STEP][PASSED] - otpusk = <not implemented yet for class: org.codehaus.groovy.ast.expr.EmptyExpression>: null

09-12-2024T07:56:34 - [TEST_STEP][PASSED] - poteri = <not implemented yet for class: org.codehaus.groovy.ast.expr.EmptyExpression>: null

09-12-2024T07:56:34 - [TEST_STEP][PASSED] - dataFolder = "Выполнение бизнес-плана/Значения со страницы Выполнение бизнес-плана/": null

09-12-2024T07:56:34 - [TEST_STEP][PASSED] - path = <not implemented yet for class: org.codehaus.groovy.ast.expr.EmptyExpression>: null

09-12-2024T07:56:34 - [TEST_STEP][PASSED] - typeOfDataMain = <not implemented yet for class: org.codehaus.groovy.ast.expr.EmptyExpression>: null

09-12-2024T07:56:34 - [TEST_STEP][PASSED] - fileOtpuskVSet = <not implemented yet for class: org.codehaus.groovy.ast.expr.EmptyExpression>: null

09-12-2024T07:56:34 - [TEST_STEP][PASSED] - pageOtpuskVSet = <not implemented yet for class: org.codehaus.groovy.ast.expr.EmptyExpression>: null

09-12-2024T07:56:34 - [TEST_STEP][PASSED] - filePoteri = <not implemented yet for class: org.codehaus.groovy.ast.expr.EmptyExpression>: null

09-12-2024T07:56:34 - [TEST_STEP][PASSED] - pagePoteri = <not implemented yet for class: org.codehaus.groovy.ast.expr.EmptyExpression>: null

09-12-2024T07:56:34 - [TEST_STEP][PASSED] - compare = <not implemented yet for class: org.codehaus.groovy.ast.expr.EmptyExpression>: null

09-12-2024T07:56:34 - [TEST_STEP][PASSED] - b = <not implemented yet for class: org.codehaus.groovy.ast.expr.EmptyExpression>: null

09-12-2024T07:56:34 - [TEST_STEP][PASSED] - i = <not implemented yet for class: org.codehaus.groovy.ast.expr.EmptyExpression>: null

09-12-2024T07:56:34 - [TEST_STEP][PASSED] - ii = <not implemented yet for class: org.codehaus.groovy.ast.expr.EmptyExpression>: null

09-12-2024T07:56:34 - [TEST_STEP][PASSED] - c = <not implemented yet for class: org.codehaus.groovy.ast.expr.EmptyExpression>: null

09-12-2024T07:56:34 - [TEST_STEP][PASSED] - numberOfErrors = 0: null

09-12-2024T07:56:34 - [TEST_STEP][PASSED] - if (a == 82): null

09-12-2024T07:56:34 - [TEST_STEP][PASSED] - b = findTestData("PlanFact").getValue(1, a): null

09-12-2024T07:56:34 - [TEST_STEP][PASSED] - i = b.indexOf(" (ГК)"): null

09-12-2024T07:56:34 - [TEST_STEP][PASSED] - if (i > -1): null

09-12-2024T07:56:34 - [TEST_STEP][PASSED] - i = b.indexOf("О ""): null

09-12-2024T07:56:34 - [TEST_STEP][PASSED] - if (i > -1): null

09-12-2024T07:56:34 - [TEST_STEP][PASSED] - i = b.indexOf("О «"): null

09-12-2024T07:56:34 - [TEST_STEP][PASSED] - if (i > -1): null

09-12-2024T07:56:34 - [TEST_STEP][PASSED] - i = b.indexOf("г. "): null

09-12-2024T07:56:34 - [TEST_STEP][PASSED] - if (i > -1): null

09-12-2024T07:56:34 - [TEST_STEP][PASSED] - println(b): null

09-12-2024T07:56:34 - [TEST_STEP][PASSED] - for ([planFact = 1, planFact < 3, (planFact++)]): Object: 'Object Repository/Выполнение бизнес-плана/Кнопка Факт' is clicked on

09-12-2024T07:56:34 - [TEST_STEP][PASSED] - if (planFact == 1): null

09-12-2024T07:56:34 - [TEST_STEP][PASSED] - typeOfDataMain = "Факт": null

09-12-2024T07:56:34 - [TEST_STEP][PASSED] - otpusk = findTestData("PlanFact").getValue(5, a): null

09-12-2024T07:56:34 - [TEST_STEP][PASSED] - poteri = findTestData("PlanFact").getValue(6, a): null

09-12-2024T07:56:34 - [TEST_STEP][PASSED] - otpusk = otpusk.replaceAll("\s+", ""): null

09-12-2024T07:56:34 - [TEST_STEP][PASSED] - poteri = poteri.replaceAll("\s+", ""): null

09-12-2024T07:56:34 - [TEST_STEP][PASSED] - typeOfData = typeOfDataMain + " Отпуск в сеть": null

09-12-2024T07:56:34 - [TEST_STEP][PASSED] - if (a == 82): null

09-12-2024T07:56:34 - [TEST_STEP][PASSED] - else if (a == 84): null

09-12-2024T07:56:34 - [TEST_STEP][PASSED] - else if (a == 52 || a == 72 || a == 28 || a == 73 || a == 77 || a == 74 || a == 65 || a == 36 || a == 44 || a == 53 || a == 80 || a == 54 || a == 1 || a == 18 || a == 59 || a == 81): null

09-12-2024T07:56:34 - [TEST_STEP][PASSED] - else: null

09-12-2024T07:56:34 - [TEST_STEP][PASSED] - path = dataFolder + typeOfData + " за отчётный период " + b: null

09-12-2024T07:56:34 - [TEST_STEP][PASSED] - println(path): null

09-12-2024T07:56:34 - [TEST_STEP][PASSED] - page = getText(findTestObject(path)): Text of object 'Object Repository/Выполнение бизнес-плана/Значения со страницы Выполнение бизнес-плана/Факт Отпуск в сеть за отчётный период Ивэнерго' is: '2 546 222'

09-12-2024T07:56:34 - [MESSAGE][PASSED] - Text of object 'Object Repository/Выполнение бизнес-плана/Значения со страницы Выполнение бизнес-плана/Факт Отпуск в сеть за отчётный период Ивэнерго' is: '2 546 222'

09-12-2024T07:56:34 - [TEST_STEP][PASSED] - page = page.replaceAll("\s+", ""): null

09-12-2024T07:56:34 - [TEST_STEP][PASSED] - fileOtpuskVSet = otpusk.toInteger(): null

09-12-2024T07:56:34 - [TEST_STEP][PASSED] - pageOtpuskVSet = page.toInteger(): null

09-12-2024T07:56:34 - [TEST_STEP][PASSED] - typeOfData = typeOfDataMain + " Потери": null

09-12-2024T07:56:34 - [TEST_STEP][PASSED] - if (a == 82): null

09-12-2024T07:56:34 - [TEST_STEP][PASSED] - else if (a == 84): null

09-12-2024T07:56:34 - [TEST_STEP][PASSED] - else if (a == 52 || a == 72 || a == 28 || a == 73 || a == 77 || a == 74 || a == 65 || a == 36 || a == 44 || a == 53 || a == 80 || a == 54 || a == 1 || a == 18 || a == 59 || a == 81): null

09-12-2024T07:56:34 - [TEST_STEP][PASSED] - else: null

09-12-2024T07:56:34 - [TEST_STEP][PASSED] - path = dataFolder + typeOfData + " за отчётный период " + b: null

09-12-2024T07:56:34 - [TEST_STEP][PASSED] - page = getText(findTestObject(path)): Text of object 'Object Repository/Выполнение бизнес-плана/Значения со страницы Выполнение бизнес-плана/Факт Потери за отчётный период Ивэнерго' is: '222 997'

09-12-2024T07:56:34 - [MESSAGE][PASSED] - Text of object 'Object Repository/Выполнение бизнес-плана/Значения со страницы Выполнение бизнес-плана/Факт Потери за отчётный период Ивэнерго' is: '222 997'

09-12-2024T07:56:34 - [TEST_STEP][PASSED] - page = page.replaceAll("\s+", ""): null

09-12-2024T07:56:34 - [TEST_STEP][PASSED] - filePoteri = poteri.toInteger(): null

09-12-2024T07:56:34 - [TEST_STEP][PASSED] - pagePoteri = page.toInteger(): null

09-12-2024T07:56:34 - [TEST_STEP][PASSED] - compare = pageOtpuskVSet: null

09-12-2024T07:56:34 - [TEST_STEP][PASSED] - if (compare == fileOtpuskVSet): null

09-12-2024T07:56:34 - [TEST_STEP][PASSED] - if (compare == fileOtpuskVSet): null

09-12-2024T07:56:34 - [TEST_STEP][PASSED] - compare = pagePoteri: null

09-12-2024T07:56:34 - [TEST_STEP][PASSED] - if (compare == filePoteri): null

09-12-2024T07:56:34 - [TEST_STEP][PASSED] - if (compare == filePoteri): null

09-12-2024T07:56:34 - [TEST_STEP][PASSED] - if (planFact == 2): null

09-12-2024T07:56:34 - [TEST_STEP][PASSED] - if (planFact == 1): null

09-12-2024T07:56:34 - [TEST_STEP][PASSED] - else if (planFact == 2): null

09-12-2024T07:56:34 - [TEST_STEP][PASSED] - click(findTestObject("Выполнение бизнес-плана/Кнопка План")): Object: 'Object Repository/Выполнение бизнес-плана/Кнопка План' is clicked on

09-12-2024T07:56:35 - [MESSAGE][PASSED] - Object: 'Object Repository/Выполнение бизнес-плана/Кнопка План' is clicked on

09-12-2024T07:56:35 - [TEST_STEP][PASSED] - typeOfDataMain = "План": null

09-12-2024T07:56:35 - [TEST_STEP][PASSED] - otpusk = findTestData("PlanFact").getValue(2, a): null

09-12-2024T07:56:35 - [TEST_STEP][PASSED] - poteri = findTestData("PlanFact").getValue(3, a): null

09-12-2024T07:56:35 - [TEST_STEP][PASSED] - otpusk = otpusk.replaceAll("\s+", ""): null

09-12-2024T07:56:35 - [TEST_STEP][PASSED] - poteri = poteri.replaceAll("\s+", ""): null

09-12-2024T07:56:35 - [TEST_STEP][PASSED] - typeOfData = typeOfDataMain + " Отпуск в сеть": null

09-12-2024T07:56:35 - [TEST_STEP][PASSED] - if (a == 82): null

09-12-2024T07:56:35 - [TEST_STEP][PASSED] - else if (a == 84): null

09-12-2024T07:56:35 - [TEST_STEP][PASSED] - else if (a == 52 || a == 72 || a == 28 || a == 73 || a == 77 || a == 74 || a == 65 || a == 36 || a == 44 || a == 53 || a == 80 || a == 54 || a == 1 || a == 18 || a == 59 || a == 81): null

09-12-2024T07:56:35 - [TEST_STEP][PASSED] - else: null

09-12-2024T07:56:35 - [TEST_STEP][PASSED] - path = dataFolder + typeOfData + " за отчётный период " + b: null

09-12-2024T07:56:35 - [TEST_STEP][PASSED] - println(path): null

09-12-2024T07:56:35 - [TEST_STEP][PASSED] - page = getText(findTestObject(path)): Text of object 'Object Repository/Выполнение бизнес-плана/Значения со страницы Выполнение бизнес-плана/План Отпуск в сеть за отчётный период Ивэнерго' is: '2 456 994'

09-12-2024T07:56:35 - [MESSAGE][PASSED] - Text of object 'Object Repository/Выполнение бизнес-плана/Значения со страницы Выполнение бизнес-плана/План Отпуск в сеть за отчётный период Ивэнерго' is: '2 456 994'

09-12-2024T07:56:35 - [TEST_STEP][PASSED] - page = page.replaceAll("\s+", ""): null

09-12-2024T07:56:35 - [TEST_STEP][PASSED] - fileOtpuskVSet = otpusk.toInteger(): null

09-12-2024T07:56:35 - [TEST_STEP][PASSED] - pageOtpuskVSet = page.toInteger(): null

09-12-2024T07:56:35 - [TEST_STEP][PASSED] - typeOfData = typeOfDataMain + " Потери": null

09-12-2024T07:56:35 - [TEST_STEP][PASSED] - if (a == 82): null

09-12-2024T07:56:35 - [TEST_STEP][PASSED] - else if (a == 84): null

09-12-2024T07:56:35 - [TEST_STEP][PASSED] - else if (a == 52 || a == 72 || a == 28 || a == 73 || a == 77 || a == 74 || a == 65 || a == 36 || a == 44 || a == 53 || a == 80 || a == 54 || a == 1 || a == 18 || a == 59 || a == 81): null

09-12-2024T07:56:35 - [TEST_STEP][PASSED] - else: null

09-12-2024T07:56:35 - [TEST_STEP][PASSED] - path = dataFolder + typeOfData + " за отчётный период " + b: null

09-12-2024T07:56:35 - [TEST_STEP][PASSED] - page = getText(findTestObject(path)): Text of object 'Object Repository/Выполнение бизнес-плана/Значения со страницы Выполнение бизнес-плана/План Потери за отчётный период Ивэнерго' is: '205 949'

09-12-2024T07:56:35 - [MESSAGE][PASSED] - Text of object 'Object Repository/Выполнение бизнес-плана/Значения со страницы Выполнение бизнес-плана/План Потери за отчётный период Ивэнерго' is: '205 949'

09-12-2024T07:56:35 - [TEST_STEP][PASSED] - page = page.replaceAll("\s+", ""): null

09-12-2024T07:56:35 - [TEST_STEP][PASSED] - filePoteri = poteri.toInteger(): null

09-12-2024T07:56:35 - [TEST_STEP][PASSED] - pagePoteri = page.toInteger(): null

09-12-2024T07:56:35 - [TEST_STEP][PASSED] - compare = pageOtpuskVSet: null

09-12-2024T07:56:35 - [TEST_STEP][PASSED] - if (compare == fileOtpuskVSet): null

09-12-2024T07:56:35 - [TEST_STEP][PASSED] - if (compare == fileOtpuskVSet): null

09-12-2024T07:56:35 - [TEST_STEP][PASSED] - compare = pagePoteri: null

09-12-2024T07:56:35 - [TEST_STEP][PASSED] - if (compare == filePoteri): null

09-12-2024T07:56:35 - [TEST_STEP][PASSED] - if (compare == filePoteri): null

09-12-2024T07:56:35 - [TEST_STEP][PASSED] - if (planFact == 2): Object: 'Object Repository/Выполнение бизнес-плана/Кнопка Факт' is clicked on

09-12-2024T07:56:35 - [TEST_STEP][PASSED] - click(findTestObject("Выполнение бизнес-плана/Кнопка Факт")): Object: 'Object Repository/Выполнение бизнес-плана/Кнопка Факт' is clicked on

09-12-2024T07:56:36 - [MESSAGE][PASSED] - Object: 'Object Repository/Выполнение бизнес-плана/Кнопка Факт' is clicked on

09-12-2024T07:56:36 - [TEST_STEP][PASSED] - if (a == 84 || a == 82): null

09-12-2024T07:56:36 - [TEST_STEP][PASSED] - else if (a == 52 || a == 72 || a == 28 || a == 73 || a == 77 || a == 74 || a == 65 || a == 36 || a == 44 || a == 53 || a == 80 || a == 54 || a == 1 || a == 18 || a == 59 || a == 81): null

09-12-2024T07:56:36 - [TEST_STEP][PASSED] - else: null

09-12-2024T07:56:36 - [TEST_STEP][PASSED] - page1 = getText(findTestObject("Object Repository/Выполнение бизнес-плана/spanPlan" + filialNum)): Text of object 'Object Repository/Выполнение бизнес-плана/spanPlan2' is: '8.38
|'

09-12-2024T07:56:36 - [MESSAGE][PASSED] - Text of object 'Object Repository/Выполнение бизнес-плана/spanPlan2' is: '8.38
|'

09-12-2024T07:56:36 - [TEST_STEP][PASSED] - page1 = page1.replace("|", ""): null

09-12-2024T07:56:36 - [TEST_STEP][PASSED] - page2 = getText(findTestObject("Object Repository/Выполнение бизнес-плана/spanFact" + filialNum)): Text of object 'Object Repository/Выполнение бизнес-плана/spanFact2' is: '8.76
|'

09-12-2024T07:56:36 - [MESSAGE][PASSED] - Text of object 'Object Repository/Выполнение бизнес-плана/spanFact2' is: '8.76
|'

09-12-2024T07:56:36 - [TEST_STEP][PASSED] - page2 = page2.replace("|", ""): null

09-12-2024T07:56:36 - [TEST_STEP][PASSED] - println("page1: " + page1): null

09-12-2024T07:56:36 - [TEST_STEP][PASSED] - println("page2: " + page2): null

09-12-2024T07:56:36 - [TEST_STEP][PASSED] - file = findTestData("PlanFact").getValue(4, a): null

09-12-2024T07:56:36 - [TEST_STEP][PASSED] - file = file.replace(",", "."): null

09-12-2024T07:56:36 - [TEST_STEP][PASSED] - println("file Plan: " + file): null

09-12-2024T07:56:36 - [TEST_STEP][PASSED] - typeOfData = "План в процентах": null

09-12-2024T07:56:36 - [TEST_STEP][PASSED] - fileDouble = file.toDouble(): null

09-12-2024T07:56:36 - [TEST_STEP][PASSED] - pageDouble = page1.toDouble(): null

09-12-2024T07:56:36 - [TEST_STEP][PASSED] - if (fileDouble != pageDouble): null

09-12-2024T07:56:36 - [TEST_STEP][PASSED] - file = findTestData("PlanFact").getValue(7, a): null

09-12-2024T07:56:36 - [TEST_STEP][PASSED] - file = file.replace(",", "."): null

09-12-2024T07:56:36 - [TEST_STEP][PASSED] - println("file Fact: " + file): null

09-12-2024T07:56:36 - [TEST_STEP][PASSED] - fileDouble = file.toDouble(): null

09-12-2024T07:56:36 - [TEST_STEP][PASSED] - typeOfData = "Факт в процентах": null

09-12-2024T07:56:36 - [TEST_STEP][PASSED] - fileDouble = file.toDouble(): null

09-12-2024T07:56:36 - [TEST_STEP][PASSED] - pageDouble = page2.toDouble(): null

09-12-2024T07:56:36 - [TEST_STEP][PASSED] - if (fileDouble != pageDouble): null

09-12-2024T07:56:36 - [TEST_STEP][PASSED] - if (verifyEqual(numberOfErrors, 0) == false): Actual object '0' and expected object '0' are equal

09-12-2024T07:56:36 - [MESSAGE][PASSED] - Actual object '0' and expected object '0' are equal

09-12-2024T07:56:36 - [TEST_STEP][PASSED] - if (a == 82): null

09-12-2024T07:56:36 - [TEST_STEP][PASSED] - dZO = "Калугаэнерго": null

09-12-2024T07:56:36 - [TEST_STEP][PASSED] - a = 21: null

09-12-2024T07:56:36 - [TEST_STEP][PASSED] - if (x2.contains(dZO)): null

09-12-2024T07:56:36 - [TEST_STEP][PASSED] - filialNum = filialNum + 1: null

09-12-2024T07:56:36 - [TEST_STEP][PASSED] - Script1718980020443.Numbers(a, typeOfData, todaysDate, pageInt, fileInt, pageDouble, fileDouble, dZO, dzoNum, filialNum): null

09-12-2024T07:56:36 - [TEST_STEP][PASSED] - println(dzoNum): null

09-12-2024T07:56:36 - [TEST_STEP][PASSED] - planFact = <not implemented yet for class: org.codehaus.groovy.ast.expr.EmptyExpression>: null

09-12-2024T07:56:36 - [TEST_STEP][PASSED] - page = <not implemented yet for class: org.codehaus.groovy.ast.expr.EmptyExpression>: null

09-12-2024T07:56:36 - [TEST_STEP][PASSED] - page1 = <not implemented yet for class: org.codehaus.groovy.ast.expr.EmptyExpression>: null

09-12-2024T07:56:36 - [TEST_STEP][PASSED] - page2 = <not implemented yet for class: org.codehaus.groovy.ast.expr.EmptyExpression>: null

09-12-2024T07:56:36 - [TEST_STEP][PASSED] - filialNumberInRow = <not implemented yet for class: org.codehaus.groovy.ast.expr.EmptyExpression>: null

09-12-2024T07:56:36 - [TEST_STEP][PASSED] - filialsDzoNames = <not implemented yet for class: org.codehaus.groovy.ast.expr.EmptyExpression>: null

09-12-2024T07:56:36 - [TEST_STEP][PASSED] - numberOfFilials = <not implemented yet for class: org.codehaus.groovy.ast.expr.EmptyExpression>: null

09-12-2024T07:56:36 - [TEST_STEP][PASSED] - numberOfSpaces = <not implemented yet for class: org.codehaus.groovy.ast.expr.EmptyExpression>: null

09-12-2024T07:56:36 - [TEST_STEP][PASSED] - file = <not implemented yet for class: org.codehaus.groovy.ast.expr.EmptyExpression>: null

09-12-2024T07:56:36 - [TEST_STEP][PASSED] - otpusk = <not implemented yet for class: org.codehaus.groovy.ast.expr.EmptyExpression>: null

09-12-2024T07:56:36 - [TEST_STEP][PASSED] - poteri = <not implemented yet for class: org.codehaus.groovy.ast.expr.EmptyExpression>: null

09-12-2024T07:56:36 - [TEST_STEP][PASSED] - dataFolder = "Выполнение бизнес-плана/Значения со страницы Выполнение бизнес-плана/": null

09-12-2024T07:56:36 - [TEST_STEP][PASSED] - path = <not implemented yet for class: org.codehaus.groovy.ast.expr.EmptyExpression>: null

09-12-2024T07:56:36 - [TEST_STEP][PASSED] - typeOfDataMain = <not implemented yet for class: org.codehaus.groovy.ast.expr.EmptyExpression>: null

09-12-2024T07:56:36 - [TEST_STEP][PASSED] - fileOtpuskVSet = <not implemented yet for class: org.codehaus.groovy.ast.expr.EmptyExpression>: null

09-12-2024T07:56:36 - [TEST_STEP][PASSED] - pageOtpuskVSet = <not implemented yet for class: org.codehaus.groovy.ast.expr.EmptyExpression>: null

09-12-2024T07:56:36 - [TEST_STEP][PASSED] - filePoteri = <not implemented yet for class: org.codehaus.groovy.ast.expr.EmptyExpression>: null

09-12-2024T07:56:36 - [TEST_STEP][PASSED] - pagePoteri = <not implemented yet for class: org.codehaus.groovy.ast.expr.EmptyExpression>: null

09-12-2024T07:56:36 - [TEST_STEP][PASSED] - compare = <not implemented yet for class: org.codehaus.groovy.ast.expr.EmptyExpression>: null

09-12-2024T07:56:36 - [TEST_STEP][PASSED] - b = <not implemented yet for class: org.codehaus.groovy.ast.expr.EmptyExpression>: null

09-12-2024T07:56:36 - [TEST_STEP][PASSED] - i = <not implemented yet for class: org.codehaus.groovy.ast.expr.EmptyExpression>: null

09-12-2024T07:56:36 - [TEST_STEP][PASSED] - ii = <not implemented yet for class: org.codehaus.groovy.ast.expr.EmptyExpression>: null

09-12-2024T07:56:36 - [TEST_STEP][PASSED] - c = <not implemented yet for class: org.codehaus.groovy.ast.expr.EmptyExpression>: null

09-12-2024T07:56:36 - [TEST_STEP][PASSED] - numberOfErrors = 0: null

09-12-2024T07:56:36 - [TEST_STEP][PASSED] - if (a == 82): null

09-12-2024T07:56:36 - [TEST_STEP][PASSED] - b = findTestData("PlanFact").getValue(1, a): null

09-12-2024T07:56:37 - [TEST_STEP][PASSED] - i = b.indexOf(" (ГК)"): null

09-12-2024T07:56:37 - [TEST_STEP][PASSED] - if (i > -1): null

09-12-2024T07:56:37 - [TEST_STEP][PASSED] - i = b.indexOf("О ""): null

09-12-2024T07:56:37 - [TEST_STEP][PASSED] - if (i > -1): null

09-12-2024T07:56:37 - [TEST_STEP][PASSED] - i = b.indexOf("О «"): null

09-12-2024T07:56:37 - [TEST_STEP][PASSED] - if (i > -1): null

09-12-2024T07:56:37 - [TEST_STEP][PASSED] - i = b.indexOf("г. "): null

09-12-2024T07:56:37 - [TEST_STEP][PASSED] - if (i > -1): null

09-12-2024T07:56:37 - [TEST_STEP][PASSED] - println(b): null

09-12-2024T07:56:37 - [TEST_STEP][PASSED] - for ([planFact = 1, planFact < 3, (planFact++)]): Object: 'Object Repository/Выполнение бизнес-плана/Кнопка Факт' is clicked on

09-12-2024T07:56:37 - [TEST_STEP][PASSED] - if (planFact == 1): null

09-12-2024T07:56:37 - [TEST_STEP][PASSED] - typeOfDataMain = "Факт": null

09-12-2024T07:56:37 - [TEST_STEP][PASSED] - otpusk = findTestData("PlanFact").getValue(5, a): null

09-12-2024T07:56:37 - [TEST_STEP][PASSED] - poteri = findTestData("PlanFact").getValue(6, a): null

09-12-2024T07:56:37 - [TEST_STEP][PASSED] - otpusk = otpusk.replaceAll("\s+", ""): null

09-12-2024T07:56:37 - [TEST_STEP][PASSED] - poteri = poteri.replaceAll("\s+", ""): null

09-12-2024T07:56:37 - [TEST_STEP][PASSED] - typeOfData = typeOfDataMain + " Отпуск в сеть": null

09-12-2024T07:56:37 - [TEST_STEP][PASSED] - if (a == 82): null

09-12-2024T07:56:37 - [TEST_STEP][PASSED] - else if (a == 84): null

09-12-2024T07:56:37 - [TEST_STEP][PASSED] - else if (a == 52 || a == 72 || a == 28 || a == 73 || a == 77 || a == 74 || a == 65 || a == 36 || a == 44 || a == 53 || a == 80 || a == 54 || a == 1 || a == 18 || a == 59 || a == 81): null

09-12-2024T07:56:37 - [TEST_STEP][PASSED] - else: null

09-12-2024T07:56:37 - [TEST_STEP][PASSED] - path = dataFolder + typeOfData + " за отчётный период " + b: null

09-12-2024T07:56:37 - [TEST_STEP][PASSED] - println(path): null

09-12-2024T07:56:37 - [TEST_STEP][PASSED] - page = getText(findTestObject(path)): Text of object 'Object Repository/Выполнение бизнес-плана/Значения со страницы Выполнение бизнес-плана/Факт Отпуск в сеть за отчётный период Калугаэнерго' is: '4 668 833'

09-12-2024T07:56:37 - [MESSAGE][PASSED] - Text of object 'Object Repository/Выполнение бизнес-плана/Значения со страницы Выполнение бизнес-плана/Факт Отпуск в сеть за отчётный период Калугаэнерго' is: '4 668 833'

09-12-2024T07:56:37 - [TEST_STEP][PASSED] - page = page.replaceAll("\s+", ""): null

09-12-2024T07:56:37 - [TEST_STEP][PASSED] - fileOtpuskVSet = otpusk.toInteger(): null

09-12-2024T07:56:37 - [TEST_STEP][PASSED] - pageOtpuskVSet = page.toInteger(): null

09-12-2024T07:56:37 - [TEST_STEP][PASSED] - typeOfData = typeOfDataMain + " Потери": null

09-12-2024T07:56:37 - [TEST_STEP][PASSED] - if (a == 82): null

09-12-2024T07:56:37 - [TEST_STEP][PASSED] - else if (a == 84): null

09-12-2024T07:56:37 - [TEST_STEP][PASSED] - else if (a == 52 || a == 72 || a == 28 || a == 73 || a == 77 || a == 74 || a == 65 || a == 36 || a == 44 || a == 53 || a == 80 || a == 54 || a == 1 || a == 18 || a == 59 || a == 81): null

09-12-2024T07:56:37 - [TEST_STEP][PASSED] - else: null

09-12-2024T07:56:37 - [TEST_STEP][PASSED] - path = dataFolder + typeOfData + " за отчётный период " + b: null

09-12-2024T07:56:37 - [TEST_STEP][PASSED] - page = getText(findTestObject(path)): Text of object 'Object Repository/Выполнение бизнес-плана/Значения со страницы Выполнение бизнес-плана/Факт Потери за отчётный период Калугаэнерго' is: '388 941'

09-12-2024T07:56:37 - [MESSAGE][PASSED] - Text of object 'Object Repository/Выполнение бизнес-плана/Значения со страницы Выполнение бизнес-плана/Факт Потери за отчётный период Калугаэнерго' is: '388 941'

09-12-2024T07:56:37 - [TEST_STEP][PASSED] - page = page.replaceAll("\s+", ""): null

09-12-2024T07:56:37 - [TEST_STEP][PASSED] - filePoteri = poteri.toInteger(): null

09-12-2024T07:56:37 - [TEST_STEP][PASSED] - pagePoteri = page.toInteger(): null

09-12-2024T07:56:37 - [TEST_STEP][PASSED] - compare = pageOtpuskVSet: null

09-12-2024T07:56:37 - [TEST_STEP][PASSED] - if (compare == fileOtpuskVSet): null

09-12-2024T07:56:37 - [TEST_STEP][PASSED] - if (compare == fileOtpuskVSet): null

09-12-2024T07:56:37 - [TEST_STEP][PASSED] - compare = pagePoteri: null

09-12-2024T07:56:37 - [TEST_STEP][PASSED] - if (compare == filePoteri): null

09-12-2024T07:56:37 - [TEST_STEP][PASSED] - if (compare == filePoteri): null

09-12-2024T07:56:37 - [TEST_STEP][PASSED] - if (planFact == 2): null

09-12-2024T07:56:37 - [TEST_STEP][PASSED] - if (planFact == 1): null

09-12-2024T07:56:37 - [TEST_STEP][PASSED] - else if (planFact == 2): null

09-12-2024T07:56:37 - [TEST_STEP][PASSED] - click(findTestObject("Выполнение бизнес-плана/Кнопка План")): Object: 'Object Repository/Выполнение бизнес-плана/Кнопка План' is clicked on

09-12-2024T07:56:38 - [MESSAGE][PASSED] - Object: 'Object Repository/Выполнение бизнес-плана/Кнопка План' is clicked on

09-12-2024T07:56:38 - [TEST_STEP][PASSED] - typeOfDataMain = "План": null

09-12-2024T07:56:38 - [TEST_STEP][PASSED] - otpusk = findTestData("PlanFact").getValue(2, a): null

09-12-2024T07:56:38 - [TEST_STEP][PASSED] - poteri = findTestData("PlanFact").getValue(3, a): null

09-12-2024T07:56:38 - [TEST_STEP][PASSED] - otpusk = otpusk.replaceAll("\s+", ""): null

09-12-2024T07:56:38 - [TEST_STEP][PASSED] - poteri = poteri.replaceAll("\s+", ""): null

09-12-2024T07:56:38 - [TEST_STEP][PASSED] - typeOfData = typeOfDataMain + " Отпуск в сеть": null

09-12-2024T07:56:38 - [TEST_STEP][PASSED] - if (a == 82): null

09-12-2024T07:56:38 - [TEST_STEP][PASSED] - else if (a == 84): null

09-12-2024T07:56:38 - [TEST_STEP][PASSED] - else if (a == 52 || a == 72 || a == 28 || a == 73 || a == 77 || a == 74 || a == 65 || a == 36 || a == 44 || a == 53 || a == 80 || a == 54 || a == 1 || a == 18 || a == 59 || a == 81): null

09-12-2024T07:56:38 - [TEST_STEP][PASSED] - else: null

09-12-2024T07:56:38 - [TEST_STEP][PASSED] - path = dataFolder + typeOfData + " за отчётный период " + b: null

09-12-2024T07:56:38 - [TEST_STEP][PASSED] - println(path): null

09-12-2024T07:56:38 - [TEST_STEP][PASSED] - page = getText(findTestObject(path)): Text of object 'Object Repository/Выполнение бизнес-плана/Значения со страницы Выполнение бизнес-плана/План Отпуск в сеть за отчётный период Калугаэнерго' is: '4 443 244'

09-12-2024T07:56:38 - [MESSAGE][PASSED] - Text of object 'Object Repository/Выполнение бизнес-плана/Значения со страницы Выполнение бизнес-плана/План Отпуск в сеть за отчётный период Калугаэнерго' is: '4 443 244'

09-12-2024T07:56:38 - [TEST_STEP][PASSED] - page = page.replaceAll("\s+", ""): null

09-12-2024T07:56:38 - [TEST_STEP][PASSED] - fileOtpuskVSet = otpusk.toInteger(): null

09-12-2024T07:56:38 - [TEST_STEP][PASSED] - pageOtpuskVSet = page.toInteger(): null

09-12-2024T07:56:38 - [TEST_STEP][PASSED] - typeOfData = typeOfDataMain + " Потери": null

09-12-2024T07:56:38 - [TEST_STEP][PASSED] - if (a == 82): null

09-12-2024T07:56:38 - [TEST_STEP][PASSED] - else if (a == 84): null

09-12-2024T07:56:38 - [TEST_STEP][PASSED] - else if (a == 52 || a == 72 || a == 28 || a == 73 || a == 77 || a == 74 || a == 65 || a == 36 || a == 44 || a == 53 || a == 80 || a == 54 || a == 1 || a == 18 || a == 59 || a == 81): null

09-12-2024T07:56:38 - [TEST_STEP][PASSED] - else: null

09-12-2024T07:56:38 - [TEST_STEP][PASSED] - path = dataFolder + typeOfData + " за отчётный период " + b: null

09-12-2024T07:56:38 - [TEST_STEP][PASSED] - page = getText(findTestObject(path)): Text of object 'Object Repository/Выполнение бизнес-плана/Значения со страницы Выполнение бизнес-плана/План Потери за отчётный период Калугаэнерго' is: '382 953'

09-12-2024T07:56:38 - [MESSAGE][PASSED] - Text of object 'Object Repository/Выполнение бизнес-плана/Значения со страницы Выполнение бизнес-плана/План Потери за отчётный период Калугаэнерго' is: '382 953'

09-12-2024T07:56:38 - [TEST_STEP][PASSED] - page = page.replaceAll("\s+", ""): null

09-12-2024T07:56:38 - [TEST_STEP][PASSED] - filePoteri = poteri.toInteger(): null

09-12-2024T07:56:38 - [TEST_STEP][PASSED] - pagePoteri = page.toInteger(): null

09-12-2024T07:56:38 - [TEST_STEP][PASSED] - compare = pageOtpuskVSet: null

09-12-2024T07:56:38 - [TEST_STEP][PASSED] - if (compare == fileOtpuskVSet): null

09-12-2024T07:56:38 - [TEST_STEP][PASSED] - if (compare == fileOtpuskVSet): null

09-12-2024T07:56:38 - [TEST_STEP][PASSED] - compare = pagePoteri: null

09-12-2024T07:56:38 - [TEST_STEP][PASSED] - if (compare == filePoteri): null

09-12-2024T07:56:38 - [TEST_STEP][PASSED] - if (compare == filePoteri): null

09-12-2024T07:56:38 - [TEST_STEP][PASSED] - if (planFact == 2): Object: 'Object Repository/Выполнение бизнес-плана/Кнопка Факт' is clicked on

09-12-2024T07:56:38 - [TEST_STEP][PASSED] - click(findTestObject("Выполнение бизнес-плана/Кнопка Факт")): Object: 'Object Repository/Выполнение бизнес-плана/Кнопка Факт' is clicked on

09-12-2024T07:56:39 - [MESSAGE][PASSED] - Object: 'Object Repository/Выполнение бизнес-плана/Кнопка Факт' is clicked on

09-12-2024T07:56:39 - [TEST_STEP][PASSED] - if (a == 84 || a == 82): null

09-12-2024T07:56:39 - [TEST_STEP][PASSED] - else if (a == 52 || a == 72 || a == 28 || a == 73 || a == 77 || a == 74 || a == 65 || a == 36 || a == 44 || a == 53 || a == 80 || a == 54 || a == 1 || a == 18 || a == 59 || a == 81): null

09-12-2024T07:56:39 - [TEST_STEP][PASSED] - else: null

09-12-2024T07:56:39 - [TEST_STEP][PASSED] - page1 = getText(findTestObject("Object Repository/Выполнение бизнес-плана/spanPlan" + filialNum)): Text of object 'Object Repository/Выполнение бизнес-плана/spanPlan3' is: '8.62
|'

09-12-2024T07:56:39 - [MESSAGE][PASSED] - Text of object 'Object Repository/Выполнение бизнес-плана/spanPlan3' is: '8.62
|'

09-12-2024T07:56:39 - [TEST_STEP][PASSED] - page1 = page1.replace("|", ""): null

09-12-2024T07:56:39 - [TEST_STEP][PASSED] - page2 = getText(findTestObject("Object Repository/Выполнение бизнес-плана/spanFact" + filialNum)): Text of object 'Object Repository/Выполнение бизнес-плана/spanFact3' is: '8.33
|'

09-12-2024T07:56:39 - [MESSAGE][PASSED] - Text of object 'Object Repository/Выполнение бизнес-плана/spanFact3' is: '8.33
|'

09-12-2024T07:56:39 - [TEST_STEP][PASSED] - page2 = page2.replace("|", ""): null

09-12-2024T07:56:39 - [TEST_STEP][PASSED] - println("page1: " + page1): null

09-12-2024T07:56:39 - [TEST_STEP][PASSED] - println("page2: " + page2): null

09-12-2024T07:56:39 - [TEST_STEP][PASSED] - file = findTestData("PlanFact").getValue(4, a): null

09-12-2024T07:56:39 - [TEST_STEP][PASSED] - file = file.replace(",", "."): null

09-12-2024T07:56:39 - [TEST_STEP][PASSED] - println("file Plan: " + file): null

09-12-2024T07:56:39 - [TEST_STEP][PASSED] - typeOfData = "План в процентах": null

09-12-2024T07:56:39 - [TEST_STEP][PASSED] - fileDouble = file.toDouble(): null

09-12-2024T07:56:39 - [TEST_STEP][PASSED] - pageDouble = page1.toDouble(): null

09-12-2024T07:56:39 - [TEST_STEP][PASSED] - if (fileDouble != pageDouble): null

09-12-2024T07:56:39 - [TEST_STEP][PASSED] - file = findTestData("PlanFact").getValue(7, a): null

09-12-2024T07:56:39 - [TEST_STEP][PASSED] - file = file.replace(",", "."): null

09-12-2024T07:56:39 - [TEST_STEP][PASSED] - println("file Fact: " + file): null

09-12-2024T07:56:39 - [TEST_STEP][PASSED] - fileDouble = file.toDouble(): null

09-12-2024T07:56:39 - [TEST_STEP][PASSED] - typeOfData = "Факт в процентах": null

09-12-2024T07:56:39 - [TEST_STEP][PASSED] - fileDouble = file.toDouble(): null

09-12-2024T07:56:39 - [TEST_STEP][PASSED] - pageDouble = page2.toDouble(): null

09-12-2024T07:56:39 - [TEST_STEP][PASSED] - if (fileDouble != pageDouble): null

09-12-2024T07:56:39 - [TEST_STEP][PASSED] - if (verifyEqual(numberOfErrors, 0) == false): Actual object '0' and expected object '0' are equal

09-12-2024T07:56:39 - [MESSAGE][PASSED] - Actual object '0' and expected object '0' are equal

09-12-2024T07:56:39 - [TEST_STEP][PASSED] - if (a == 82): null

09-12-2024T07:56:39 - [TEST_STEP][PASSED] - dZO = "Кировэнерго": null

09-12-2024T07:56:39 - [TEST_STEP][PASSED] - a = 22: null

09-12-2024T07:56:39 - [TEST_STEP][PASSED] - if (x2.contains(dZO)): null

09-12-2024T07:56:39 - [TEST_STEP][PASSED] - filialNum = filialNum + 1: null

09-12-2024T07:56:39 - [TEST_STEP][PASSED] - Script1718980020443.Numbers(a, typeOfData, todaysDate, pageInt, fileInt, pageDouble, fileDouble, dZO, dzoNum, filialNum): null

09-12-2024T07:56:39 - [TEST_STEP][PASSED] - println(dzoNum): null

09-12-2024T07:56:39 - [TEST_STEP][PASSED] - planFact = <not implemented yet for class: org.codehaus.groovy.ast.expr.EmptyExpression>: null

09-12-2024T07:56:39 - [TEST_STEP][PASSED] - page = <not implemented yet for class: org.codehaus.groovy.ast.expr.EmptyExpression>: null

09-12-2024T07:56:39 - [TEST_STEP][PASSED] - page1 = <not implemented yet for class: org.codehaus.groovy.ast.expr.EmptyExpression>: null

09-12-2024T07:56:39 - [TEST_STEP][PASSED] - page2 = <not implemented yet for class: org.codehaus.groovy.ast.expr.EmptyExpression>: null

09-12-2024T07:56:39 - [TEST_STEP][PASSED] - filialNumberInRow = <not implemented yet for class: org.codehaus.groovy.ast.expr.EmptyExpression>: null

09-12-2024T07:56:39 - [TEST_STEP][PASSED] - filialsDzoNames = <not implemented yet for class: org.codehaus.groovy.ast.expr.EmptyExpression>: null

09-12-2024T07:56:39 - [TEST_STEP][PASSED] - numberOfFilials = <not implemented yet for class: org.codehaus.groovy.ast.expr.EmptyExpression>: null

09-12-2024T07:56:39 - [TEST_STEP][PASSED] - numberOfSpaces = <not implemented yet for class: org.codehaus.groovy.ast.expr.EmptyExpression>: null

09-12-2024T07:56:39 - [TEST_STEP][PASSED] - file = <not implemented yet for class: org.codehaus.groovy.ast.expr.EmptyExpression>: null

09-12-2024T07:56:39 - [TEST_STEP][PASSED] - otpusk = <not implemented yet for class: org.codehaus.groovy.ast.expr.EmptyExpression>: null

09-12-2024T07:56:39 - [TEST_STEP][PASSED] - poteri = <not implemented yet for class: org.codehaus.groovy.ast.expr.EmptyExpression>: null

09-12-2024T07:56:39 - [TEST_STEP][PASSED] - dataFolder = "Выполнение бизнес-плана/Значения со страницы Выполнение бизнес-плана/": null

09-12-2024T07:56:39 - [TEST_STEP][PASSED] - path = <not implemented yet for class: org.codehaus.groovy.ast.expr.EmptyExpression>: null

09-12-2024T07:56:39 - [TEST_STEP][PASSED] - typeOfDataMain = <not implemented yet for class: org.codehaus.groovy.ast.expr.EmptyExpression>: null

09-12-2024T07:56:39 - [TEST_STEP][PASSED] - fileOtpuskVSet = <not implemented yet for class: org.codehaus.groovy.ast.expr.EmptyExpression>: null

09-12-2024T07:56:39 - [TEST_STEP][PASSED] - pageOtpuskVSet = <not implemented yet for class: org.codehaus.groovy.ast.expr.EmptyExpression>: null

09-12-2024T07:56:39 - [TEST_STEP][PASSED] - filePoteri = <not implemented yet for class: org.codehaus.groovy.ast.expr.EmptyExpression>: null

09-12-2024T07:56:39 - [TEST_STEP][PASSED] - pagePoteri = <not implemented yet for class: org.codehaus.groovy.ast.expr.EmptyExpression>: null

09-12-2024T07:56:39 - [TEST_STEP][PASSED] - compare = <not implemented yet for class: org.codehaus.groovy.ast.expr.EmptyExpression>: null

09-12-2024T07:56:39 - [TEST_STEP][PASSED] - b = <not implemented yet for class: org.codehaus.groovy.ast.expr.EmptyExpression>: null

09-12-2024T07:56:39 - [TEST_STEP][PASSED] - i = <not implemented yet for class: org.codehaus.groovy.ast.expr.EmptyExpression>: null

09-12-2024T07:56:39 - [TEST_STEP][PASSED] - ii = <not implemented yet for class: org.codehaus.groovy.ast.expr.EmptyExpression>: null

09-12-2024T07:56:39 - [TEST_STEP][PASSED] - c = <not implemented yet for class: org.codehaus.groovy.ast.expr.EmptyExpression>: null

09-12-2024T07:56:39 - [TEST_STEP][PASSED] - numberOfErrors = 0: null

09-12-2024T07:56:39 - [TEST_STEP][PASSED] - if (a == 82): null

09-12-2024T07:56:39 - [TEST_STEP][PASSED] - b = findTestData("PlanFact").getValue(1, a): null

09-12-2024T07:56:39 - [TEST_STEP][PASSED] - i = b.indexOf(" (ГК)"): null

09-12-2024T07:56:39 - [TEST_STEP][PASSED] - if (i > -1): null

09-12-2024T07:56:39 - [TEST_STEP][PASSED] - i = b.indexOf("О ""): null

09-12-2024T07:56:39 - [TEST_STEP][PASSED] - if (i > -1): null

09-12-2024T07:56:39 - [TEST_STEP][PASSED] - i = b.indexOf("О «"): null

09-12-2024T07:56:39 - [TEST_STEP][PASSED] - if (i > -1): null

09-12-2024T07:56:39 - [TEST_STEP][PASSED] - i = b.indexOf("г. "): null

09-12-2024T07:56:39 - [TEST_STEP][PASSED] - if (i > -1): null

09-12-2024T07:56:39 - [TEST_STEP][PASSED] - println(b): null

09-12-2024T07:56:39 - [TEST_STEP][PASSED] - for ([planFact = 1, planFact < 3, (planFact++)]): Object: 'Object Repository/Выполнение бизнес-плана/Кнопка Факт' is clicked on

09-12-2024T07:56:39 - [TEST_STEP][PASSED] - if (planFact == 1): null

09-12-2024T07:56:39 - [TEST_STEP][PASSED] - typeOfDataMain = "Факт": null

09-12-2024T07:56:39 - [TEST_STEP][PASSED] - otpusk = findTestData("PlanFact").getValue(5, a): null

09-12-2024T07:56:39 - [TEST_STEP][PASSED] - poteri = findTestData("PlanFact").getValue(6, a): null

09-12-2024T07:56:39 - [TEST_STEP][PASSED] - otpusk = otpusk.replaceAll("\s+", ""): null

09-12-2024T07:56:39 - [TEST_STEP][PASSED] - poteri = poteri.replaceAll("\s+", ""): null

09-12-2024T07:56:39 - [TEST_STEP][PASSED] - typeOfData = typeOfDataMain + " Отпуск в сеть": null

09-12-2024T07:56:39 - [TEST_STEP][PASSED] - if (a == 82): null

09-12-2024T07:56:39 - [TEST_STEP][PASSED] - else if (a == 84): null

09-12-2024T07:56:39 - [TEST_STEP][PASSED] - else if (a == 52 || a == 72 || a == 28 || a == 73 || a == 77 || a == 74 || a == 65 || a == 36 || a == 44 || a == 53 || a == 80 || a == 54 || a == 1 || a == 18 || a == 59 || a == 81): null

09-12-2024T07:56:39 - [TEST_STEP][PASSED] - else: null

09-12-2024T07:56:39 - [TEST_STEP][PASSED] - path = dataFolder + typeOfData + " за отчётный период " + b: null

09-12-2024T07:56:39 - [TEST_STEP][PASSED] - println(path): null

09-12-2024T07:56:39 - [TEST_STEP][PASSED] - page = getText(findTestObject(path)): Text of object 'Object Repository/Выполнение бизнес-плана/Значения со страницы Выполнение бизнес-плана/Факт Отпуск в сеть за отчётный период Кировэнерго' is: '4 648 095'

09-12-2024T07:56:40 - [MESSAGE][PASSED] - Text of object 'Object Repository/Выполнение бизнес-плана/Значения со страницы Выполнение бизнес-плана/Факт Отпуск в сеть за отчётный период Кировэнерго' is: '4 648 095'

09-12-2024T07:56:40 - [TEST_STEP][PASSED] - page = page.replaceAll("\s+", ""): null

09-12-2024T07:56:40 - [TEST_STEP][PASSED] - fileOtpuskVSet = otpusk.toInteger(): null

09-12-2024T07:56:40 - [TEST_STEP][PASSED] - pageOtpuskVSet = page.toInteger(): null

09-12-2024T07:56:40 - [TEST_STEP][PASSED] - typeOfData = typeOfDataMain + " Потери": null

09-12-2024T07:56:40 - [TEST_STEP][PASSED] - if (a == 82): null

09-12-2024T07:56:40 - [TEST_STEP][PASSED] - else if (a == 84): null

09-12-2024T07:56:40 - [TEST_STEP][PASSED] - else if (a == 52 || a == 72 || a == 28 || a == 73 || a == 77 || a == 74 || a == 65 || a == 36 || a == 44 || a == 53 || a == 80 || a == 54 || a == 1 || a == 18 || a == 59 || a == 81): null

09-12-2024T07:56:40 - [TEST_STEP][PASSED] - else: null

09-12-2024T07:56:40 - [TEST_STEP][PASSED] - path = dataFolder + typeOfData + " за отчётный период " + b: null

09-12-2024T07:56:40 - [TEST_STEP][PASSED] - page = getText(findTestObject(path)): Text of object 'Object Repository/Выполнение бизнес-плана/Значения со страницы Выполнение бизнес-плана/Факт Потери за отчётный период Кировэнерго' is: '169 282'

09-12-2024T07:56:40 - [MESSAGE][PASSED] - Text of object 'Object Repository/Выполнение бизнес-плана/Значения со страницы Выполнение бизнес-плана/Факт Потери за отчётный период Кировэнерго' is: '169 282'

09-12-2024T07:56:40 - [TEST_STEP][PASSED] - page = page.replaceAll("\s+", ""): null

09-12-2024T07:56:40 - [TEST_STEP][PASSED] - filePoteri = poteri.toInteger(): null

09-12-2024T07:56:40 - [TEST_STEP][PASSED] - pagePoteri = page.toInteger(): null

09-12-2024T07:56:40 - [TEST_STEP][PASSED] - compare = pageOtpuskVSet: null

09-12-2024T07:56:40 - [TEST_STEP][PASSED] - if (compare == fileOtpuskVSet): null

09-12-2024T07:56:40 - [TEST_STEP][PASSED] - if (compare == fileOtpuskVSet): null

09-12-2024T07:56:40 - [TEST_STEP][PASSED] - compare = pagePoteri: null

09-12-2024T07:56:40 - [TEST_STEP][PASSED] - if (compare == filePoteri): null

09-12-2024T07:56:40 - [TEST_STEP][PASSED] - if (compare == filePoteri): null

09-12-2024T07:56:40 - [TEST_STEP][PASSED] - if (planFact == 2): null

09-12-2024T07:56:40 - [TEST_STEP][PASSED] - if (planFact == 1): null

09-12-2024T07:56:40 - [TEST_STEP][PASSED] - else if (planFact == 2): null

09-12-2024T07:56:40 - [TEST_STEP][PASSED] - click(findTestObject("Выполнение бизнес-плана/Кнопка План")): Object: 'Object Repository/Выполнение бизнес-плана/Кнопка План' is clicked on

09-12-2024T07:56:40 - [MESSAGE][PASSED] - Object: 'Object Repository/Выполнение бизнес-плана/Кнопка План' is clicked on

09-12-2024T07:56:40 - [TEST_STEP][PASSED] - typeOfDataMain = "План": null

09-12-2024T07:56:40 - [TEST_STEP][PASSED] - otpusk = findTestData("PlanFact").getValue(2, a): null

09-12-2024T07:56:40 - [TEST_STEP][PASSED] - poteri = findTestData("PlanFact").getValue(3, a): null

09-12-2024T07:56:41 - [TEST_STEP][PASSED] - otpusk = otpusk.replaceAll("\s+", ""): null

09-12-2024T07:56:41 - [TEST_STEP][PASSED] - poteri = poteri.replaceAll("\s+", ""): null

09-12-2024T07:56:41 - [TEST_STEP][PASSED] - typeOfData = typeOfDataMain + " Отпуск в сеть": null

09-12-2024T07:56:41 - [TEST_STEP][PASSED] - if (a == 82): null

09-12-2024T07:56:41 - [TEST_STEP][PASSED] - else if (a == 84): null

09-12-2024T07:56:41 - [TEST_STEP][PASSED] - else if (a == 52 || a == 72 || a == 28 || a == 73 || a == 77 || a == 74 || a == 65 || a == 36 || a == 44 || a == 53 || a == 80 || a == 54 || a == 1 || a == 18 || a == 59 || a == 81): null

09-12-2024T07:56:41 - [TEST_STEP][PASSED] - else: null

09-12-2024T07:56:41 - [TEST_STEP][PASSED] - path = dataFolder + typeOfData + " за отчётный период " + b: null

09-12-2024T07:56:41 - [TEST_STEP][PASSED] - println(path): null

09-12-2024T07:56:41 - [TEST_STEP][PASSED] - page = getText(findTestObject(path)): Text of object 'Object Repository/Выполнение бизнес-плана/Значения со страницы Выполнение бизнес-плана/План Отпуск в сеть за отчётный период Кировэнерго' is: '4 451 129'

09-12-2024T07:56:41 - [MESSAGE][PASSED] - Text of object 'Object Repository/Выполнение бизнес-плана/Значения со страницы Выполнение бизнес-плана/План Отпуск в сеть за отчётный период Кировэнерго' is: '4 451 129'

09-12-2024T07:56:41 - [TEST_STEP][PASSED] - page = page.replaceAll("\s+", ""): null

09-12-2024T07:56:41 - [TEST_STEP][PASSED] - fileOtpuskVSet = otpusk.toInteger(): null

09-12-2024T07:56:41 - [TEST_STEP][PASSED] - pageOtpuskVSet = page.toInteger(): null

09-12-2024T07:56:41 - [TEST_STEP][PASSED] - typeOfData = typeOfDataMain + " Потери": null

09-12-2024T07:56:41 - [TEST_STEP][PASSED] - if (a == 82): null

09-12-2024T07:56:41 - [TEST_STEP][PASSED] - else if (a == 84): null

09-12-2024T07:56:41 - [TEST_STEP][PASSED] - else if (a == 52 || a == 72 || a == 28 || a == 73 || a == 77 || a == 74 || a == 65 || a == 36 || a == 44 || a == 53 || a == 80 || a == 54 || a == 1 || a == 18 || a == 59 || a == 81): null

09-12-2024T07:56:41 - [TEST_STEP][PASSED] - else: null

09-12-2024T07:56:41 - [TEST_STEP][PASSED] - path = dataFolder + typeOfData + " за отчётный период " + b: null

09-12-2024T07:56:41 - [TEST_STEP][PASSED] - page = getText(findTestObject(path)): Text of object 'Object Repository/Выполнение бизнес-плана/Значения со страницы Выполнение бизнес-плана/План Потери за отчётный период Кировэнерго' is: '189 654'

09-12-2024T07:56:41 - [MESSAGE][PASSED] - Text of object 'Object Repository/Выполнение бизнес-плана/Значения со страницы Выполнение бизнес-плана/План Потери за отчётный период Кировэнерго' is: '189 654'

09-12-2024T07:56:41 - [TEST_STEP][PASSED] - page = page.replaceAll("\s+", ""): null

09-12-2024T07:56:41 - [TEST_STEP][PASSED] - filePoteri = poteri.toInteger(): null

09-12-2024T07:56:41 - [TEST_STEP][PASSED] - pagePoteri = page.toInteger(): null

09-12-2024T07:56:41 - [TEST_STEP][PASSED] - compare = pageOtpuskVSet: null

09-12-2024T07:56:41 - [TEST_STEP][PASSED] - if (compare == fileOtpuskVSet): null

09-12-2024T07:56:41 - [TEST_STEP][PASSED] - if (compare == fileOtpuskVSet): null

09-12-2024T07:56:41 - [TEST_STEP][PASSED] - compare = pagePoteri: null

09-12-2024T07:56:41 - [TEST_STEP][PASSED] - if (compare == filePoteri): null

09-12-2024T07:56:41 - [TEST_STEP][PASSED] - if (compare == filePoteri): null

09-12-2024T07:56:41 - [TEST_STEP][PASSED] - if (planFact == 2): Object: 'Object Repository/Выполнение бизнес-плана/Кнопка Факт' is clicked on

09-12-2024T07:56:41 - [TEST_STEP][PASSED] - click(findTestObject("Выполнение бизнес-плана/Кнопка Факт")): Object: 'Object Repository/Выполнение бизнес-плана/Кнопка Факт' is clicked on

09-12-2024T07:56:42 - [MESSAGE][PASSED] - Object: 'Object Repository/Выполнение бизнес-плана/Кнопка Факт' is clicked on

09-12-2024T07:56:42 - [TEST_STEP][PASSED] - if (a == 84 || a == 82): null

09-12-2024T07:56:42 - [TEST_STEP][PASSED] - else if (a == 52 || a == 72 || a == 28 || a == 73 || a == 77 || a == 74 || a == 65 || a == 36 || a == 44 || a == 53 || a == 80 || a == 54 || a == 1 || a == 18 || a == 59 || a == 81): null

09-12-2024T07:56:42 - [TEST_STEP][PASSED] - else: null

09-12-2024T07:56:42 - [TEST_STEP][PASSED] - page1 = getText(findTestObject("Object Repository/Выполнение бизнес-плана/spanPlan" + filialNum)): Text of object 'Object Repository/Выполнение бизнес-плана/spanPlan4' is: '4.26
|'

09-12-2024T07:56:42 - [MESSAGE][PASSED] - Text of object 'Object Repository/Выполнение бизнес-плана/spanPlan4' is: '4.26
|'

09-12-2024T07:56:42 - [TEST_STEP][PASSED] - page1 = page1.replace("|", ""): null

09-12-2024T07:56:42 - [TEST_STEP][PASSED] - page2 = getText(findTestObject("Object Repository/Выполнение бизнес-плана/spanFact" + filialNum)): Text of object 'Object Repository/Выполнение бизнес-плана/spanFact4' is: '3.64
|'

09-12-2024T07:56:42 - [MESSAGE][PASSED] - Text of object 'Object Repository/Выполнение бизнес-плана/spanFact4' is: '3.64
|'

09-12-2024T07:56:42 - [TEST_STEP][PASSED] - page2 = page2.replace("|", ""): null

09-12-2024T07:56:42 - [TEST_STEP][PASSED] - println("page1: " + page1): null

09-12-2024T07:56:42 - [TEST_STEP][PASSED] - println("page2: " + page2): null

09-12-2024T07:56:42 - [TEST_STEP][PASSED] - file = findTestData("PlanFact").getValue(4, a): null

09-12-2024T07:56:42 - [TEST_STEP][PASSED] - file = file.replace(",", "."): null

09-12-2024T07:56:42 - [TEST_STEP][PASSED] - println("file Plan: " + file): null

09-12-2024T07:56:42 - [TEST_STEP][PASSED] - typeOfData = "План в процентах": null

09-12-2024T07:56:42 - [TEST_STEP][PASSED] - fileDouble = file.toDouble(): null

09-12-2024T07:56:42 - [TEST_STEP][PASSED] - pageDouble = page1.toDouble(): null

09-12-2024T07:56:42 - [TEST_STEP][PASSED] - if (fileDouble != pageDouble): null

09-12-2024T07:56:42 - [TEST_STEP][PASSED] - file = findTestData("PlanFact").getValue(7, a): null

09-12-2024T07:56:42 - [TEST_STEP][PASSED] - file = file.replace(",", "."): null

09-12-2024T07:56:42 - [TEST_STEP][PASSED] - println("file Fact: " + file): null

09-12-2024T07:56:42 - [TEST_STEP][PASSED] - fileDouble = file.toDouble(): null

09-12-2024T07:56:42 - [TEST_STEP][PASSED] - typeOfData = "Факт в процентах": null

09-12-2024T07:56:42 - [TEST_STEP][PASSED] - fileDouble = file.toDouble(): null

09-12-2024T07:56:42 - [TEST_STEP][PASSED] - pageDouble = page2.toDouble(): null

09-12-2024T07:56:42 - [TEST_STEP][PASSED] - if (fileDouble != pageDouble): null

09-12-2024T07:56:42 - [TEST_STEP][PASSED] - if (verifyEqual(numberOfErrors, 0) == false): Actual object '0' and expected object '0' are equal

09-12-2024T07:56:42 - [MESSAGE][PASSED] - Actual object '0' and expected object '0' are equal

09-12-2024T07:56:42 - [TEST_STEP][PASSED] - if (a == 82): null

09-12-2024T07:56:42 - [TEST_STEP][PASSED] - dZO = "Мариэнерго": null

09-12-2024T07:56:42 - [TEST_STEP][PASSED] - a = 23: null

09-12-2024T07:56:42 - [TEST_STEP][PASSED] - if (x2.contains(dZO)): null

09-12-2024T07:56:42 - [TEST_STEP][PASSED] - filialNum = filialNum + 1: null

09-12-2024T07:56:42 - [TEST_STEP][PASSED] - Script1718980020443.Numbers(a, typeOfData, todaysDate, pageInt, fileInt, pageDouble, fileDouble, dZO, dzoNum, filialNum): null

09-12-2024T07:56:42 - [TEST_STEP][PASSED] - println(dzoNum): null

09-12-2024T07:56:42 - [TEST_STEP][PASSED] - planFact = <not implemented yet for class: org.codehaus.groovy.ast.expr.EmptyExpression>: null

09-12-2024T07:56:42 - [TEST_STEP][PASSED] - page = <not implemented yet for class: org.codehaus.groovy.ast.expr.EmptyExpression>: null

09-12-2024T07:56:42 - [TEST_STEP][PASSED] - page1 = <not implemented yet for class: org.codehaus.groovy.ast.expr.EmptyExpression>: null

09-12-2024T07:56:42 - [TEST_STEP][PASSED] - page2 = <not implemented yet for class: org.codehaus.groovy.ast.expr.EmptyExpression>: null

09-12-2024T07:56:42 - [TEST_STEP][PASSED] - filialNumberInRow = <not implemented yet for class: org.codehaus.groovy.ast.expr.EmptyExpression>: null

09-12-2024T07:56:42 - [TEST_STEP][PASSED] - filialsDzoNames = <not implemented yet for class: org.codehaus.groovy.ast.expr.EmptyExpression>: null

09-12-2024T07:56:42 - [TEST_STEP][PASSED] - numberOfFilials = <not implemented yet for class: org.codehaus.groovy.ast.expr.EmptyExpression>: null

09-12-2024T07:56:42 - [TEST_STEP][PASSED] - numberOfSpaces = <not implemented yet for class: org.codehaus.groovy.ast.expr.EmptyExpression>: null

09-12-2024T07:56:42 - [TEST_STEP][PASSED] - file = <not implemented yet for class: org.codehaus.groovy.ast.expr.EmptyExpression>: null

09-12-2024T07:56:42 - [TEST_STEP][PASSED] - otpusk = <not implemented yet for class: org.codehaus.groovy.ast.expr.EmptyExpression>: null

09-12-2024T07:56:42 - [TEST_STEP][PASSED] - poteri = <not implemented yet for class: org.codehaus.groovy.ast.expr.EmptyExpression>: null

09-12-2024T07:56:42 - [TEST_STEP][PASSED] - dataFolder = "Выполнение бизнес-плана/Значения со страницы Выполнение бизнес-плана/": null

09-12-2024T07:56:42 - [TEST_STEP][PASSED] - path = <not implemented yet for class: org.codehaus.groovy.ast.expr.EmptyExpression>: null

09-12-2024T07:56:42 - [TEST_STEP][PASSED] - typeOfDataMain = <not implemented yet for class: org.codehaus.groovy.ast.expr.EmptyExpression>: null

09-12-2024T07:56:42 - [TEST_STEP][PASSED] - fileOtpuskVSet = <not implemented yet for class: org.codehaus.groovy.ast.expr.EmptyExpression>: null

09-12-2024T07:56:42 - [TEST_STEP][PASSED] - pageOtpuskVSet = <not implemented yet for class: org.codehaus.groovy.ast.expr.EmptyExpression>: null

09-12-2024T07:56:42 - [TEST_STEP][PASSED] - filePoteri = <not implemented yet for class: org.codehaus.groovy.ast.expr.EmptyExpression>: null

09-12-2024T07:56:42 - [TEST_STEP][PASSED] - pagePoteri = <not implemented yet for class: org.codehaus.groovy.ast.expr.EmptyExpression>: null

09-12-2024T07:56:42 - [TEST_STEP][PASSED] - compare = <not implemented yet for class: org.codehaus.groovy.ast.expr.EmptyExpression>: null

09-12-2024T07:56:42 - [TEST_STEP][PASSED] - b = <not implemented yet for class: org.codehaus.groovy.ast.expr.EmptyExpression>: null

09-12-2024T07:56:42 - [TEST_STEP][PASSED] - i = <not implemented yet for class: org.codehaus.groovy.ast.expr.EmptyExpression>: null

09-12-2024T07:56:42 - [TEST_STEP][PASSED] - ii = <not implemented yet for class: org.codehaus.groovy.ast.expr.EmptyExpression>: null

09-12-2024T07:56:42 - [TEST_STEP][PASSED] - c = <not implemented yet for class: org.codehaus.groovy.ast.expr.EmptyExpression>: null

09-12-2024T07:56:42 - [TEST_STEP][PASSED] - numberOfErrors = 0: null

09-12-2024T07:56:42 - [TEST_STEP][PASSED] - if (a == 82): null

09-12-2024T07:56:42 - [TEST_STEP][PASSED] - b = findTestData("PlanFact").getValue(1, a): null

09-12-2024T07:56:42 - [TEST_STEP][PASSED] - i = b.indexOf(" (ГК)"): null

09-12-2024T07:56:42 - [TEST_STEP][PASSED] - if (i > -1): null

09-12-2024T07:56:42 - [TEST_STEP][PASSED] - i = b.indexOf("О ""): null

09-12-2024T07:56:42 - [TEST_STEP][PASSED] - if (i > -1): null

09-12-2024T07:56:42 - [TEST_STEP][PASSED] - i = b.indexOf("О «"): null

09-12-2024T07:56:42 - [TEST_STEP][PASSED] - if (i > -1): null

09-12-2024T07:56:42 - [TEST_STEP][PASSED] - i = b.indexOf("г. "): null

09-12-2024T07:56:42 - [TEST_STEP][PASSED] - if (i > -1): null

09-12-2024T07:56:42 - [TEST_STEP][PASSED] - println(b): null

09-12-2024T07:56:42 - [TEST_STEP][PASSED] - for ([planFact = 1, planFact < 3, (planFact++)]): null

09-12-2024T07:56:42 - [TEST_STEP][PASSED] - if (planFact == 1): null

09-12-2024T07:56:42 - [TEST_STEP][PASSED] - typeOfDataMain = "Факт": null

09-12-2024T07:56:42 - [TEST_STEP][PASSED] - otpusk = findTestData("PlanFact").getValue(5, a): null

09-12-2024T07:56:42 - [TEST_STEP][PASSED] - poteri = findTestData("PlanFact").getValue(6, a): null

09-12-2024T07:56:42 - [TEST_STEP][PASSED] - otpusk = otpusk.replaceAll("\s+", ""): null

09-12-2024T07:56:42 - [TEST_STEP][PASSED] - poteri = poteri.replaceAll("\s+", ""): null

09-12-2024T07:56:42 - [TEST_STEP][PASSED] - typeOfData = typeOfDataMain + " Отпуск в сеть": null

09-12-2024T07:56:42 - [TEST_STEP][PASSED] - if (a == 82): null

09-12-2024T07:56:42 - [TEST_STEP][PASSED] - else if (a == 84): null

09-12-2024T07:56:42 - [TEST_STEP][PASSED] - else if (a == 52 || a == 72 || a == 28 || a == 73 || a == 77 || a == 74 || a == 65 || a == 36 || a == 44 || a == 53 || a == 80 || a == 54 || a == 1 || a == 18 || a == 59 || a == 81): null

09-12-2024T07:56:42 - [TEST_STEP][PASSED] - else: null

09-12-2024T07:56:42 - [TEST_STEP][PASSED] - path = dataFolder + typeOfData + " за отчётный период " + b: null

09-12-2024T07:56:42 - [TEST_STEP][PASSED] - println(path): null

09-12-2024T07:56:42 - [TEST_STEP][PASSED] - page = getText(findTestObject(path)): Text of object 'Object Repository/Выполнение бизнес-плана/Значения со страницы Выполнение бизнес-плана/Факт Отпуск в сеть за отчётный период Мариэнерго' is: '1 464 353'

09-12-2024T07:56:43 - [MESSAGE][PASSED] - Text of object 'Object Repository/Выполнение бизнес-плана/Значения со страницы Выполнение бизнес-плана/Факт Отпуск в сеть за отчётный период Мариэнерго' is: '1 464 353'

09-12-2024T07:56:43 - [TEST_STEP][PASSED] - page = page.replaceAll("\s+", ""): null

09-12-2024T07:56:43 - [TEST_STEP][PASSED] - fileOtpuskVSet = otpusk.toInteger(): null

09-12-2024T07:56:43 - [TEST_STEP][PASSED] - pageOtpuskVSet = page.toInteger(): null

09-12-2024T07:56:43 - [TEST_STEP][PASSED] - typeOfData = typeOfDataMain + " Потери": null

09-12-2024T07:56:43 - [TEST_STEP][PASSED] - if (a == 82): null

09-12-2024T07:56:43 - [TEST_STEP][PASSED] - else if (a == 84): null

09-12-2024T07:56:43 - [TEST_STEP][PASSED] - else if (a == 52 || a == 72 || a == 28 || a == 73 || a == 77 || a == 74 || a == 65 || a == 36 || a == 44 || a == 53 || a == 80 || a == 54 || a == 1 || a == 18 || a == 59 || a == 81): null

09-12-2024T07:56:43 - [TEST_STEP][PASSED] - else: null

09-12-2024T07:56:43 - [TEST_STEP][PASSED] - path = dataFolder + typeOfData + " за отчётный период " + b: null

09-12-2024T07:56:43 - [TEST_STEP][PASSED] - page = getText(findTestObject(path)): Text of object 'Object Repository/Выполнение бизнес-плана/Значения со страницы Выполнение бизнес-плана/Факт Потери за отчётный период Мариэнерго' is: '114 010'

09-12-2024T07:56:43 - [MESSAGE][PASSED] - Text of object 'Object Repository/Выполнение бизнес-плана/Значения со страницы Выполнение бизнес-плана/Факт Потери за отчётный период Мариэнерго' is: '114 010'

09-12-2024T07:56:43 - [TEST_STEP][PASSED] - page = page.replaceAll("\s+", ""): null

09-12-2024T07:56:43 - [TEST_STEP][PASSED] - filePoteri = poteri.toInteger(): null

09-12-2024T07:56:43 - [TEST_STEP][PASSED] - pagePoteri = page.toInteger(): null

09-12-2024T07:56:43 - [TEST_STEP][PASSED] - compare = pageOtpuskVSet: null

09-12-2024T07:56:43 - [TEST_STEP][PASSED] - if (compare == fileOtpuskVSet): null

09-12-2024T07:56:43 - [TEST_STEP][PASSED] - else if (compare > fileOtpuskVSet): null

09-12-2024T07:56:43 - [TEST_STEP][PASSED] - else if (compare < fileOtpuskVSet): null

09-12-2024T07:56:43 - [TEST_STEP][PASSED] - compare = compare + 1: null

09-12-2024T07:56:43 - [TEST_STEP][PASSED] - if (compare == fileOtpuskVSet): null

09-12-2024T07:56:43 - [TEST_STEP][PASSED] - else: null

09-12-2024T07:56:43 - [TEST_STEP][PASSED] - numberOfErrors = numberOfErrors + 1: null

09-12-2024T07:56:43 - [TEST_STEP][PASSED] - pageInt = pageOtpuskVSet: null

09-12-2024T07:56:43 - [TEST_STEP][PASSED] - fileInt = fileOtpuskVSet: null

09-12-2024T07:56:43 - [TEST_STEP][PASSED] - typeOfData = typeOfDataMain + " Отпуск в сеть": null

09-12-2024T07:56:43 - [TEST_STEP][PASSED] - Script1718980020443.WriteToExcel(a, typeOfData, todaysDate, pageInt, fileInt, pageDouble, fileDouble, dZO): null

09-12-2024T07:56:43 - [TEST_STEP][PASSED] - sheetName = "Sheet1": null

09-12-2024T07:56:43 - [TEST_STEP][PASSED] - data = findTestData("PlanFact"): null

09-12-2024T07:56:43 - [TEST_STEP][PASSED] - n = data.getRowNumbers() + 1: null

09-12-2024T07:56:43 - [TEST_STEP][PASSED] - year = todaysDate.substring(todaysDate.length() - 4, todaysDate.length()): null

09-12-2024T07:56:43 - [TEST_STEP][PASSED] - y = year.toInteger(): null

09-12-2024T07:56:43 - [TEST_STEP][PASSED] - m = getText(findTestObject("Выполнение бизнес-плана/Период")): Text of object 'Object Repository/Выполнение бизнес-плана/Период' is: '1, 2, 3 кв., Октябрь 2024 года'

09-12-2024T07:56:43 - [MESSAGE][PASSED] - Text of object 'Object Repository/Выполнение бизнес-плана/Период' is: '1, 2, 3 кв., Октябрь 2024 года'

09-12-2024T07:56:43 - [TEST_STEP][PASSED] - m = m.substring(0, m.indexOf("2024")): null

09-12-2024T07:56:43 - [TEST_STEP][PASSED] - m = m.trim(): null

09-12-2024T07:56:43 - [TEST_STEP][PASSED] - dashboardName = "Выполнение бизнес-плана": null

09-12-2024T07:56:43 - [TEST_STEP][PASSED] - workbook01 = getWorkbook(excelFilePath): null

09-12-2024T07:56:43 - [TEST_STEP][PASSED] - sheet01 = getExcelSheet(workbook01, sheetName): null

09-12-2024T07:56:43 - [TEST_STEP][PASSED] - setValueToCellByIndex(sheet01, n, 0, dashboardName): null

09-12-2024T07:56:43 - [TEST_STEP][PASSED] - setValueToCellByIndex(sheet01, n, 1, dZO): null

09-12-2024T07:56:43 - [TEST_STEP][PASSED] - setValueToCellByIndex(sheet01, n, 2, typeOfData): null

09-12-2024T07:56:43 - [TEST_STEP][PASSED] - if (typeOfData == "Факт в процентах" || typeOfData == "План в процентах"): null

09-12-2024T07:56:43 - [TEST_STEP][PASSED] - else: null

09-12-2024T07:56:43 - [TEST_STEP][PASSED] - setValueToCellByIndex(sheet01, n, 3, fileInt): null

09-12-2024T07:56:43 - [TEST_STEP][PASSED] - setValueToCellByIndex(sheet01, n, 4, pageInt): null

09-12-2024T07:56:43 - [TEST_STEP][PASSED] - setValueToCellByIndex(sheet01, n, 5, m): null

09-12-2024T07:56:43 - [TEST_STEP][PASSED] - setValueToCellByIndex(sheet01, n, 6, y): null

09-12-2024T07:56:43 - [TEST_STEP][PASSED] - setValueToCellByIndex(sheet01, n, 7, todaysDate): null

09-12-2024T07:56:43 - [TEST_STEP][PASSED] - n = n + 1: null

09-12-2024T07:56:43 - [TEST_STEP][PASSED] - saveWorkbook(excelFilePath, workbook01): null

09-12-2024T07:56:44 - [TEST_STEP][PASSED] - compare = pagePoteri: null

09-12-2024T07:56:44 - [TEST_STEP][PASSED] - if (compare == filePoteri): null

09-12-2024T07:56:44 - [TEST_STEP][PASSED] - else if (compare > filePoteri): null

09-12-2024T07:56:44 - [TEST_STEP][PASSED] - else if (compare < filePoteri): null

09-12-2024T07:56:44 - [TEST_STEP][PASSED] - compare = compare + 1: null

09-12-2024T07:56:44 - [TEST_STEP][PASSED] - if (compare == filePoteri): null

09-12-2024T07:56:44 - [TEST_STEP][PASSED] - else: null

09-12-2024T07:56:44 - [TEST_STEP][PASSED] - numberOfErrors = numberOfErrors + 1: null

09-12-2024T07:56:44 - [TEST_STEP][PASSED] - pageInt = pagePoteri: null

09-12-2024T07:56:44 - [TEST_STEP][PASSED] - fileInt = filePoteri: null

09-12-2024T07:56:44 - [TEST_STEP][PASSED] - typeOfData = typeOfDataMain + " Потери": null

09-12-2024T07:56:44 - [TEST_STEP][PASSED] - Script1718980020443.WriteToExcel(a, typeOfData, todaysDate, pageInt, fileInt, pageDouble, fileDouble, dZO): null

09-12-2024T07:56:44 - [TEST_STEP][PASSED] - sheetName = "Sheet1": null

09-12-2024T07:56:44 - [TEST_STEP][PASSED] - data = findTestData("PlanFact"): null

09-12-2024T07:56:44 - [TEST_STEP][PASSED] - n = data.getRowNumbers() + 1: null

09-12-2024T07:56:44 - [TEST_STEP][PASSED] - year = todaysDate.substring(todaysDate.length() - 4, todaysDate.length()): null

09-12-2024T07:56:44 - [TEST_STEP][PASSED] - y = year.toInteger(): null

09-12-2024T07:56:44 - [TEST_STEP][PASSED] - m = getText(findTestObject("Выполнение бизнес-плана/Период")): Text of object 'Object Repository/Выполнение бизнес-плана/Период' is: '1, 2, 3 кв., Октябрь 2024 года'

09-12-2024T07:56:44 - [MESSAGE][PASSED] - Text of object 'Object Repository/Выполнение бизнес-плана/Период' is: '1, 2, 3 кв., Октябрь 2024 года'

09-12-2024T07:56:44 - [TEST_STEP][PASSED] - m = m.substring(0, m.indexOf("2024")): null

09-12-2024T07:56:44 - [TEST_STEP][PASSED] - m = m.trim(): null

09-12-2024T07:56:44 - [TEST_STEP][PASSED] - dashboardName = "Выполнение бизнес-плана": null

09-12-2024T07:56:44 - [TEST_STEP][PASSED] - workbook01 = getWorkbook(excelFilePath): null

09-12-2024T07:56:44 - [TEST_STEP][PASSED] - sheet01 = getExcelSheet(workbook01, sheetName): null

09-12-2024T07:56:44 - [TEST_STEP][PASSED] - setValueToCellByIndex(sheet01, n, 0, dashboardName): null

09-12-2024T07:56:44 - [TEST_STEP][PASSED] - setValueToCellByIndex(sheet01, n, 1, dZO): null

09-12-2024T07:56:44 - [TEST_STEP][PASSED] - setValueToCellByIndex(sheet01, n, 2, typeOfData): null

09-12-2024T07:56:44 - [TEST_STEP][PASSED] - if (typeOfData == "Факт в процентах" || typeOfData == "План в процентах"): null

09-12-2024T07:56:44 - [TEST_STEP][PASSED] - else: null

09-12-2024T07:56:44 - [TEST_STEP][PASSED] - setValueToCellByIndex(sheet01, n, 3, fileInt): null

09-12-2024T07:56:44 - [TEST_STEP][PASSED] - setValueToCellByIndex(sheet01, n, 4, pageInt): null

09-12-2024T07:56:44 - [TEST_STEP][PASSED] - setValueToCellByIndex(sheet01, n, 5, m): null

09-12-2024T07:56:44 - [TEST_STEP][PASSED] - setValueToCellByIndex(sheet01, n, 6, y): null

09-12-2024T07:56:44 - [TEST_STEP][PASSED] - setValueToCellByIndex(sheet01, n, 7, todaysDate): null

09-12-2024T07:56:44 - [TEST_STEP][PASSED] - n = n + 1: null

09-12-2024T07:56:44 - [TEST_STEP][PASSED] - saveWorkbook(excelFilePath, workbook01): null

09-12-2024T07:56:44 - [TEST_STEP][PASSED] - if (planFact == 2): null

09-12-2024T07:56:44 - [TEST_STEP][PASSED] - if (planFact == 1): null

09-12-2024T07:56:44 - [TEST_STEP][PASSED] - else if (planFact == 2): null

09-12-2024T07:56:44 - [TEST_STEP][PASSED] - click(findTestObject("Выполнение бизнес-плана/Кнопка План")): Object: 'Object Repository/Выполнение бизнес-плана/Кнопка План' is clicked on

09-12-2024T07:56:45 - [MESSAGE][PASSED] - Object: 'Object Repository/Выполнение бизнес-плана/Кнопка План' is clicked on

09-12-2024T07:56:45 - [TEST_STEP][PASSED] - typeOfDataMain = "План": null

09-12-2024T07:56:45 - [TEST_STEP][PASSED] - otpusk = findTestData("PlanFact").getValue(2, a): null

09-12-2024T07:56:45 - [TEST_STEP][PASSED] - poteri = findTestData("PlanFact").getValue(3, a): null

09-12-2024T07:56:45 - [TEST_STEP][PASSED] - otpusk = otpusk.replaceAll("\s+", ""): null

09-12-2024T07:56:45 - [TEST_STEP][PASSED] - poteri = poteri.replaceAll("\s+", ""): null

09-12-2024T07:56:45 - [TEST_STEP][PASSED] - typeOfData = typeOfDataMain + " Отпуск в сеть": null

09-12-2024T07:56:45 - [TEST_STEP][PASSED] - if (a == 82): null

09-12-2024T07:56:45 - [TEST_STEP][PASSED] - else if (a == 84): null

09-12-2024T07:56:45 - [TEST_STEP][PASSED] - else if (a == 52 || a == 72 || a == 28 || a == 73 || a == 77 || a == 74 || a == 65 || a == 36 || a == 44 || a == 53 || a == 80 || a == 54 || a == 1 || a == 18 || a == 59 || a == 81): null

09-12-2024T07:56:45 - [TEST_STEP][PASSED] - else: null

09-12-2024T07:56:45 - [TEST_STEP][PASSED] - path = dataFolder + typeOfData + " за отчётный период " + b: null

09-12-2024T07:56:45 - [TEST_STEP][PASSED] - println(path): null

09-12-2024T07:56:45 - [TEST_STEP][PASSED] - page = getText(findTestObject(path)): Text of object 'Object Repository/Выполнение бизнес-плана/Значения со страницы Выполнение бизнес-плана/План Отпуск в сеть за отчётный период Мариэнерго' is: '1 417 451'

09-12-2024T07:56:45 - [MESSAGE][PASSED] - Text of object 'Object Repository/Выполнение бизнес-плана/Значения со страницы Выполнение бизнес-плана/План Отпуск в сеть за отчётный период Мариэнерго' is: '1 417 451'

09-12-2024T07:56:45 - [TEST_STEP][PASSED] - page = page.replaceAll("\s+", ""): null

09-12-2024T07:56:45 - [TEST_STEP][PASSED] - fileOtpuskVSet = otpusk.toInteger(): null

09-12-2024T07:56:45 - [TEST_STEP][PASSED] - pageOtpuskVSet = page.toInteger(): null

09-12-2024T07:56:45 - [TEST_STEP][PASSED] - typeOfData = typeOfDataMain + " Потери": null

09-12-2024T07:56:45 - [TEST_STEP][PASSED] - if (a == 82): null

09-12-2024T07:56:45 - [TEST_STEP][PASSED] - else if (a == 84): null

09-12-2024T07:56:45 - [TEST_STEP][PASSED] - else if (a == 52 || a == 72 || a == 28 || a == 73 || a == 77 || a == 74 || a == 65 || a == 36 || a == 44 || a == 53 || a == 80 || a == 54 || a == 1 || a == 18 || a == 59 || a == 81): null

09-12-2024T07:56:45 - [TEST_STEP][PASSED] - else: null

09-12-2024T07:56:45 - [TEST_STEP][PASSED] - path = dataFolder + typeOfData + " за отчётный период " + b: null

09-12-2024T07:56:45 - [TEST_STEP][PASSED] - page = getText(findTestObject(path)): Text of object 'Object Repository/Выполнение бизнес-плана/Значения со страницы Выполнение бизнес-плана/План Потери за отчётный период Мариэнерго' is: '114 726'

09-12-2024T07:56:45 - [MESSAGE][PASSED] - Text of object 'Object Repository/Выполнение бизнес-плана/Значения со страницы Выполнение бизнес-плана/План Потери за отчётный период Мариэнерго' is: '114 726'

09-12-2024T07:56:45 - [TEST_STEP][PASSED] - page = page.replaceAll("\s+", ""): null

09-12-2024T07:56:45 - [TEST_STEP][PASSED] - filePoteri = poteri.toInteger(): null

09-12-2024T07:56:45 - [TEST_STEP][PASSED] - pagePoteri = page.toInteger(): null

09-12-2024T07:56:45 - [TEST_STEP][PASSED] - compare = pageOtpuskVSet: null

09-12-2024T07:56:45 - [TEST_STEP][PASSED] - if (compare == fileOtpuskVSet): null

09-12-2024T07:56:45 - [TEST_STEP][PASSED] - else if (compare > fileOtpuskVSet): null

09-12-2024T07:56:45 - [TEST_STEP][PASSED] - else if (compare < fileOtpuskVSet): null

09-12-2024T07:56:45 - [TEST_STEP][PASSED] - compare = compare + 1: null

09-12-2024T07:56:45 - [TEST_STEP][PASSED] - if (compare == fileOtpuskVSet): null

09-12-2024T07:56:45 - [TEST_STEP][PASSED] - else: null

09-12-2024T07:56:45 - [TEST_STEP][PASSED] - numberOfErrors = numberOfErrors + 1: null

09-12-2024T07:56:45 - [TEST_STEP][PASSED] - pageInt = pageOtpuskVSet: null

09-12-2024T07:56:45 - [TEST_STEP][PASSED] - fileInt = fileOtpuskVSet: null

09-12-2024T07:56:45 - [TEST_STEP][PASSED] - typeOfData = typeOfDataMain + " Отпуск в сеть": null

09-12-2024T07:56:45 - [TEST_STEP][PASSED] - Script1718980020443.WriteToExcel(a, typeOfData, todaysDate, pageInt, fileInt, pageDouble, fileDouble, dZO): null

09-12-2024T07:56:45 - [TEST_STEP][PASSED] - sheetName = "Sheet1": null

09-12-2024T07:56:45 - [TEST_STEP][PASSED] - data = findTestData("PlanFact"): null

09-12-2024T07:56:46 - [TEST_STEP][PASSED] - n = data.getRowNumbers() + 1: null

09-12-2024T07:56:46 - [TEST_STEP][PASSED] - year = todaysDate.substring(todaysDate.length() - 4, todaysDate.length()): null

09-12-2024T07:56:46 - [TEST_STEP][PASSED] - y = year.toInteger(): null

09-12-2024T07:56:46 - [TEST_STEP][PASSED] - m = getText(findTestObject("Выполнение бизнес-плана/Период")): Text of object 'Object Repository/Выполнение бизнес-плана/Период' is: '1, 2, 3 кв., Октябрь 2024 года'

09-12-2024T07:56:46 - [MESSAGE][PASSED] - Text of object 'Object Repository/Выполнение бизнес-плана/Период' is: '1, 2, 3 кв., Октябрь 2024 года'

09-12-2024T07:56:46 - [TEST_STEP][PASSED] - m = m.substring(0, m.indexOf("2024")): null

09-12-2024T07:56:46 - [TEST_STEP][PASSED] - m = m.trim(): null

09-12-2024T07:56:46 - [TEST_STEP][PASSED] - dashboardName = "Выполнение бизнес-плана": null

09-12-2024T07:56:46 - [TEST_STEP][PASSED] - workbook01 = getWorkbook(excelFilePath): null

09-12-2024T07:56:46 - [TEST_STEP][PASSED] - sheet01 = getExcelSheet(workbook01, sheetName): null

09-12-2024T07:56:46 - [TEST_STEP][PASSED] - setValueToCellByIndex(sheet01, n, 0, dashboardName): null

09-12-2024T07:56:46 - [TEST_STEP][PASSED] - setValueToCellByIndex(sheet01, n, 1, dZO): null

09-12-2024T07:56:46 - [TEST_STEP][PASSED] - setValueToCellByIndex(sheet01, n, 2, typeOfData): null

09-12-2024T07:56:46 - [TEST_STEP][PASSED] - if (typeOfData == "Факт в процентах" || typeOfData == "План в процентах"): null

09-12-2024T07:56:46 - [TEST_STEP][PASSED] - else: null

09-12-2024T07:56:46 - [TEST_STEP][PASSED] - setValueToCellByIndex(sheet01, n, 3, fileInt): null

09-12-2024T07:56:46 - [TEST_STEP][PASSED] - setValueToCellByIndex(sheet01, n, 4, pageInt): null

09-12-2024T07:56:46 - [TEST_STEP][PASSED] - setValueToCellByIndex(sheet01, n, 5, m): null

09-12-2024T07:56:46 - [TEST_STEP][PASSED] - setValueToCellByIndex(sheet01, n, 6, y): null

09-12-2024T07:56:46 - [TEST_STEP][PASSED] - setValueToCellByIndex(sheet01, n, 7, todaysDate): null

09-12-2024T07:56:46 - [TEST_STEP][PASSED] - n = n + 1: null

09-12-2024T07:56:46 - [TEST_STEP][PASSED] - saveWorkbook(excelFilePath, workbook01): null

09-12-2024T07:56:46 - [TEST_STEP][PASSED] - compare = pagePoteri: null

09-12-2024T07:56:46 - [TEST_STEP][PASSED] - if (compare == filePoteri): null

09-12-2024T07:56:46 - [TEST_STEP][PASSED] - else if (compare > filePoteri): null

09-12-2024T07:56:46 - [TEST_STEP][PASSED] - else if (compare < filePoteri): null

09-12-2024T07:56:46 - [TEST_STEP][PASSED] - compare = compare + 1: null

09-12-2024T07:56:46 - [TEST_STEP][PASSED] - if (compare == filePoteri): null

09-12-2024T07:56:46 - [TEST_STEP][PASSED] - else: null

09-12-2024T07:56:46 - [TEST_STEP][PASSED] - numberOfErrors = numberOfErrors + 1: null

09-12-2024T07:56:46 - [TEST_STEP][PASSED] - pageInt = pagePoteri: null

09-12-2024T07:56:46 - [TEST_STEP][PASSED] - fileInt = filePoteri: null

09-12-2024T07:56:46 - [TEST_STEP][PASSED] - typeOfData = typeOfDataMain + " Потери": null

09-12-2024T07:56:46 - [TEST_STEP][PASSED] - Script1718980020443.WriteToExcel(a, typeOfData, todaysDate, pageInt, fileInt, pageDouble, fileDouble, dZO): null

09-12-2024T07:56:46 - [TEST_STEP][PASSED] - sheetName = "Sheet1": null

09-12-2024T07:56:46 - [TEST_STEP][PASSED] - data = findTestData("PlanFact"): null

09-12-2024T07:56:46 - [TEST_STEP][PASSED] - n = data.getRowNumbers() + 1: null

09-12-2024T07:56:46 - [TEST_STEP][PASSED] - year = todaysDate.substring(todaysDate.length() - 4, todaysDate.length()): null

09-12-2024T07:56:46 - [TEST_STEP][PASSED] - y = year.toInteger(): null

09-12-2024T07:56:46 - [TEST_STEP][PASSED] - m = getText(findTestObject("Выполнение бизнес-плана/Период")): Text of object 'Object Repository/Выполнение бизнес-плана/Период' is: '1, 2, 3 кв., Октябрь 2024 года'

09-12-2024T07:56:47 - [MESSAGE][PASSED] - Text of object 'Object Repository/Выполнение бизнес-плана/Период' is: '1, 2, 3 кв., Октябрь 2024 года'

09-12-2024T07:56:47 - [TEST_STEP][PASSED] - m = m.substring(0, m.indexOf("2024")): null

09-12-2024T07:56:47 - [TEST_STEP][PASSED] - m = m.trim(): null

09-12-2024T07:56:47 - [TEST_STEP][PASSED] - dashboardName = "Выполнение бизнес-плана": null

09-12-2024T07:56:47 - [TEST_STEP][PASSED] - workbook01 = getWorkbook(excelFilePath): null

09-12-2024T07:56:47 - [TEST_STEP][PASSED] - sheet01 = getExcelSheet(workbook01, sheetName): null

09-12-2024T07:56:47 - [TEST_STEP][PASSED] - setValueToCellByIndex(sheet01, n, 0, dashboardName): null

09-12-2024T07:56:47 - [TEST_STEP][PASSED] - setValueToCellByIndex(sheet01, n, 1, dZO): null

09-12-2024T07:56:47 - [TEST_STEP][PASSED] - setValueToCellByIndex(sheet01, n, 2, typeOfData): null

09-12-2024T07:56:47 - [TEST_STEP][PASSED] - if (typeOfData == "Факт в процентах" || typeOfData == "План в процентах"): null

09-12-2024T07:56:47 - [TEST_STEP][PASSED] - else: null

09-12-2024T07:56:47 - [TEST_STEP][PASSED] - setValueToCellByIndex(sheet01, n, 3, fileInt): null

09-12-2024T07:56:47 - [TEST_STEP][PASSED] - setValueToCellByIndex(sheet01, n, 4, pageInt): null

09-12-2024T07:56:47 - [TEST_STEP][PASSED] - setValueToCellByIndex(sheet01, n, 5, m): null

09-12-2024T07:56:47 - [TEST_STEP][PASSED] - setValueToCellByIndex(sheet01, n, 6, y): null

09-12-2024T07:56:47 - [TEST_STEP][PASSED] - setValueToCellByIndex(sheet01, n, 7, todaysDate): null

09-12-2024T07:56:47 - [TEST_STEP][PASSED] - n = n + 1: null

09-12-2024T07:56:47 - [TEST_STEP][PASSED] - saveWorkbook(excelFilePath, workbook01): Object: 'Object Repository/Выполнение бизнес-плана/Кнопка Факт' is clicked on

09-12-2024T07:56:47 - [TEST_STEP][PASSED] - if (planFact == 2): Object: 'Object Repository/Выполнение бизнес-плана/Кнопка Факт' is clicked on

09-12-2024T07:56:47 - [TEST_STEP][PASSED] - click(findTestObject("Выполнение бизнес-плана/Кнопка Факт")): Object: 'Object Repository/Выполнение бизнес-плана/Кнопка Факт' is clicked on

09-12-2024T07:56:47 - [MESSAGE][PASSED] - Object: 'Object Repository/Выполнение бизнес-плана/Кнопка Факт' is clicked on

09-12-2024T07:56:47 - [TEST_STEP][PASSED] - if (a == 84 || a == 82): null

09-12-2024T07:56:47 - [TEST_STEP][PASSED] - else if (a == 52 || a == 72 || a == 28 || a == 73 || a == 77 || a == 74 || a == 65 || a == 36 || a == 44 || a == 53 || a == 80 || a == 54 || a == 1 || a == 18 || a == 59 || a == 81): null

09-12-2024T07:56:47 - [TEST_STEP][PASSED] - else: null

09-12-2024T07:56:47 - [TEST_STEP][PASSED] - page1 = getText(findTestObject("Object Repository/Выполнение бизнес-плана/spanPlan" + filialNum)): Text of object 'Object Repository/Выполнение бизнес-плана/spanPlan5' is: '8.09
|'

09-12-2024T07:56:47 - [MESSAGE][PASSED] - Text of object 'Object Repository/Выполнение бизнес-плана/spanPlan5' is: '8.09
|'

09-12-2024T07:56:47 - [TEST_STEP][PASSED] - page1 = page1.replace("|", ""): null

09-12-2024T07:56:47 - [TEST_STEP][PASSED] - page2 = getText(findTestObject("Object Repository/Выполнение бизнес-плана/spanFact" + filialNum)): Text of object 'Object Repository/Выполнение бизнес-плана/spanFact5' is: '7.79
|'

09-12-2024T07:56:48 - [MESSAGE][PASSED] - Text of object 'Object Repository/Выполнение бизнес-плана/spanFact5' is: '7.79
|'

09-12-2024T07:56:48 - [TEST_STEP][PASSED] - page2 = page2.replace("|", ""): null

09-12-2024T07:56:48 - [TEST_STEP][PASSED] - println("page1: " + page1): null

09-12-2024T07:56:48 - [TEST_STEP][PASSED] - println("page2: " + page2): null

09-12-2024T07:56:48 - [TEST_STEP][PASSED] - file = findTestData("PlanFact").getValue(4, a): null

09-12-2024T07:56:48 - [TEST_STEP][PASSED] - file = file.replace(",", "."): null

09-12-2024T07:56:48 - [TEST_STEP][PASSED] - println("file Plan: " + file): null

09-12-2024T07:56:48 - [TEST_STEP][PASSED] - typeOfData = "План в процентах": null

09-12-2024T07:56:48 - [TEST_STEP][PASSED] - fileDouble = file.toDouble(): null

09-12-2024T07:56:48 - [TEST_STEP][PASSED] - pageDouble = page1.toDouble(): null

09-12-2024T07:56:48 - [TEST_STEP][PASSED] - if (fileDouble != pageDouble): null

09-12-2024T07:56:48 - [TEST_STEP][PASSED] - numberOfErrors = numberOfErrors + 1: null

09-12-2024T07:56:48 - [TEST_STEP][PASSED] - Script1718980020443.WriteToExcel(a, typeOfData, todaysDate, pageInt, fileInt, pageDouble, fileDouble, dZO): null

09-12-2024T07:56:48 - [TEST_STEP][PASSED] - sheetName = "Sheet1": null

09-12-2024T07:56:48 - [TEST_STEP][PASSED] - data = findTestData("PlanFact"): null

09-12-2024T07:56:48 - [TEST_STEP][PASSED] - n = data.getRowNumbers() + 1: null

09-12-2024T07:56:48 - [TEST_STEP][PASSED] - year = todaysDate.substring(todaysDate.length() - 4, todaysDate.length()): null

09-12-2024T07:56:48 - [TEST_STEP][PASSED] - y = year.toInteger(): null

09-12-2024T07:56:48 - [TEST_STEP][PASSED] - m = getText(findTestObject("Выполнение бизнес-плана/Период")): Text of object 'Object Repository/Выполнение бизнес-плана/Период' is: '1, 2, 3 кв., Октябрь 2024 года'

09-12-2024T07:56:48 - [MESSAGE][PASSED] - Text of object 'Object Repository/Выполнение бизнес-плана/Период' is: '1, 2, 3 кв., Октябрь 2024 года'

09-12-2024T07:56:48 - [TEST_STEP][PASSED] - m = m.substring(0, m.indexOf("2024")): null

09-12-2024T07:56:48 - [TEST_STEP][PASSED] - m = m.trim(): null

09-12-2024T07:56:48 - [TEST_STEP][PASSED] - dashboardName = "Выполнение бизнес-плана": null

09-12-2024T07:56:48 - [TEST_STEP][PASSED] - workbook01 = getWorkbook(excelFilePath): null

09-12-2024T07:56:48 - [TEST_STEP][PASSED] - sheet01 = getExcelSheet(workbook01, sheetName): null

09-12-2024T07:56:48 - [TEST_STEP][PASSED] - setValueToCellByIndex(sheet01, n, 0, dashboardName): null

09-12-2024T07:56:48 - [TEST_STEP][PASSED] - setValueToCellByIndex(sheet01, n, 1, dZO): null

09-12-2024T07:56:48 - [TEST_STEP][PASSED] - setValueToCellByIndex(sheet01, n, 2, typeOfData): null

09-12-2024T07:56:48 - [TEST_STEP][PASSED] - if (typeOfData == "Факт в процентах" || typeOfData == "План в процентах"): null

09-12-2024T07:56:48 - [TEST_STEP][PASSED] - setValueToCellByIndex(sheet01, n, 3, fileDouble): null

09-12-2024T07:56:48 - [TEST_STEP][PASSED] - setValueToCellByIndex(sheet01, n, 4, pageDouble): null

09-12-2024T07:56:48 - [TEST_STEP][PASSED] - setValueToCellByIndex(sheet01, n, 5, m): null

09-12-2024T07:56:48 - [TEST_STEP][PASSED] - setValueToCellByIndex(sheet01, n, 6, y): null

09-12-2024T07:56:48 - [TEST_STEP][PASSED] - setValueToCellByIndex(sheet01, n, 7, todaysDate): null

09-12-2024T07:56:48 - [TEST_STEP][PASSED] - n = n + 1: null

09-12-2024T07:56:48 - [TEST_STEP][PASSED] - saveWorkbook(excelFilePath, workbook01): null

09-12-2024T07:56:49 - [TEST_STEP][PASSED] - file = findTestData("PlanFact").getValue(7, a): null

09-12-2024T07:56:49 - [TEST_STEP][PASSED] - file = file.replace(",", "."): null

09-12-2024T07:56:49 - [TEST_STEP][PASSED] - println("file Fact: " + file): null

09-12-2024T07:56:49 - [TEST_STEP][PASSED] - fileDouble = file.toDouble(): null

09-12-2024T07:56:49 - [TEST_STEP][PASSED] - typeOfData = "Факт в процентах": null

09-12-2024T07:56:49 - [TEST_STEP][PASSED] - fileDouble = file.toDouble(): null

09-12-2024T07:56:49 - [TEST_STEP][PASSED] - pageDouble = page2.toDouble(): null

09-12-2024T07:56:49 - [TEST_STEP][PASSED] - if (fileDouble != pageDouble): null

09-12-2024T07:56:49 - [TEST_STEP][PASSED] - numberOfErrors = numberOfErrors + 1: null

09-12-2024T07:56:49 - [TEST_STEP][PASSED] - Script1718980020443.WriteToExcel(a, typeOfData, todaysDate, pageInt, fileInt, pageDouble, fileDouble, dZO): null

09-12-2024T07:56:49 - [TEST_STEP][PASSED] - sheetName = "Sheet1": null

09-12-2024T07:56:49 - [TEST_STEP][PASSED] - data = findTestData("PlanFact"): null

09-12-2024T07:56:49 - [TEST_STEP][PASSED] - n = data.getRowNumbers() + 1: null

09-12-2024T07:56:49 - [TEST_STEP][PASSED] - year = todaysDate.substring(todaysDate.length() - 4, todaysDate.length()): null

09-12-2024T07:56:49 - [TEST_STEP][PASSED] - y = year.toInteger(): null

09-12-2024T07:56:49 - [TEST_STEP][PASSED] - m = getText(findTestObject("Выполнение бизнес-плана/Период")): Text of object 'Object Repository/Выполнение бизнес-плана/Период' is: '1, 2, 3 кв., Октябрь 2024 года'

09-12-2024T07:56:49 - [MESSAGE][PASSED] - Text of object 'Object Repository/Выполнение бизнес-плана/Период' is: '1, 2, 3 кв., Октябрь 2024 года'

09-12-2024T07:56:49 - [TEST_STEP][PASSED] - m = m.substring(0, m.indexOf("2024")): null

09-12-2024T07:56:49 - [TEST_STEP][PASSED] - m = m.trim(): null

09-12-2024T07:56:49 - [TEST_STEP][PASSED] - dashboardName = "Выполнение бизнес-плана": null

09-12-2024T07:56:49 - [TEST_STEP][PASSED] - workbook01 = getWorkbook(excelFilePath): null

09-12-2024T07:56:49 - [TEST_STEP][PASSED] - sheet01 = getExcelSheet(workbook01, sheetName): null

09-12-2024T07:56:49 - [TEST_STEP][PASSED] - setValueToCellByIndex(sheet01, n, 0, dashboardName): null

09-12-2024T07:56:49 - [TEST_STEP][PASSED] - setValueToCellByIndex(sheet01, n, 1, dZO): null

09-12-2024T07:56:49 - [TEST_STEP][PASSED] - setValueToCellByIndex(sheet01, n, 2, typeOfData): null

09-12-2024T07:56:49 - [TEST_STEP][PASSED] - if (typeOfData == "Факт в процентах" || typeOfData == "План в процентах"): null

09-12-2024T07:56:49 - [TEST_STEP][PASSED] - setValueToCellByIndex(sheet01, n, 3, fileDouble): null

09-12-2024T07:56:49 - [TEST_STEP][PASSED] - setValueToCellByIndex(sheet01, n, 4, pageDouble): null

09-12-2024T07:56:49 - [TEST_STEP][PASSED] - setValueToCellByIndex(sheet01, n, 5, m): null

09-12-2024T07:56:49 - [TEST_STEP][PASSED] - setValueToCellByIndex(sheet01, n, 6, y): null

09-12-2024T07:56:49 - [TEST_STEP][PASSED] - setValueToCellByIndex(sheet01, n, 7, todaysDate): null

09-12-2024T07:56:49 - [TEST_STEP][PASSED] - n = n + 1: null

09-12-2024T07:56:49 - [TEST_STEP][PASSED] - saveWorkbook(excelFilePath, workbook01): null

09-12-2024T07:56:49 - [TEST_STEP][FAILED] - if (verifyEqual(numberOfErrors, 0) == false): null

09-12-2024T07:56:49 - [MESSAGE][FAILED] - Unable to verify equal between actual object '6' and expected object '0' (Root cause: com.kms.katalon.core.exception.StepFailedException: Actual object '6' and expected object '0' are not equal
	at com.kms.katalon.core.keyword.builtin.VerifyEqualKeyword$_verifyEqual_closure1.doCall(VerifyEqualKeyword.groovy:58)
	at com.kms.katalon.core.keyword.builtin.VerifyEqualKeyword$_verifyEqual_closure1.call(VerifyEqualKeyword.groovy)
	at com.kms.katalon.core.keyword.internal.KeywordMain.runKeyword(KeywordMain.groovy:75)
	at com.kms.katalon.core.keyword.builtin.VerifyEqualKeyword.verifyEqual(VerifyEqualKeyword.groovy:63)
	at com.kms.katalon.core.keyword.builtin.VerifyEqualKeyword.execute(VerifyEqualKeyword.groovy:44)
	at com.kms.katalon.core.keyword.internal.KeywordExecutor.executeKeywordForPlatform(KeywordExecutor.groovy:74)
	at com.kms.katalon.core.keyword.BuiltinKeywords.verifyEqual(BuiltinKeywords.groovy:146)
	at jdk.internal.reflect.GeneratedMethodAccessor24.invoke(Unknown Source)
	at java.base/jdk.internal.reflect.DelegatingMethodAccessorImpl.invoke(DelegatingMethodAccessorImpl.java:43)
	at Выполнение бизнес-плана Сверка ПАО Россети все филиалы.Numbers(Выполнение бизнес-плана Сверка ПАО Россети все филиалы:752)
	at Выполнение бизнес-плана Сверка ПАО Россети все филиалы.Filials(Выполнение бизнес-плана Сверка ПАО Россети все филиалы:1409)
	at Выполнение бизнес-плана Сверка ПАО Россети все филиалы.Numbers(Выполнение бизнес-плана Сверка ПАО Россети все филиалы:757)
	at Выполнение бизнес-плана Сверка ПАО Россети все филиалы.run(Выполнение бизнес-плана Сверка ПАО Россети все филиалы:414)
	at com.kms.katalon.core.main.ScriptEngine.run(ScriptEngine.java:194)
	at com.kms.katalon.core.main.ScriptEngine.runScriptAsRawText(ScriptEngine.java:119)
	at com.kms.katalon.core.main.TestCaseExecutor.runScript(TestCaseExecutor.java:448)
	at com.kms.katalon.core.main.TestCaseExecutor.doExecute(TestCaseExecutor.java:439)
	at com.kms.katalon.core.main.TestCaseExecutor.processExecutionPhase(TestCaseExecutor.java:418)
	at com.kms.katalon.core.main.TestCaseExecutor.accessMainPhase(TestCaseExecutor.java:410)
	at com.kms.katalon.core.main.TestCaseExecutor.execute(TestCaseExecutor.java:285)
	at com.kms.katalon.core.common.CommonExecutor.accessTestCaseMainPhase(CommonExecutor.java:65)
	at com.kms.katalon.core.main.TestSuiteExecutor.accessTestSuiteMainPhase(TestSuiteExecutor.java:150)
	at com.kms.katalon.core.main.TestSuiteExecutor.execute(TestSuiteExecutor.java:106)
	at com.kms.katalon.core.main.TestCaseMain.startTestSuite(TestCaseMain.java:180)
	at TempTestSuite1733719229947.run(TempTestSuite1733719229947.groovy:35)
	at java.base/jdk.internal.reflect.NativeMethodAccessorImpl.invoke0(Native Method)
	at java.base/jdk.internal.reflect.NativeMethodAccessorImpl.invoke(NativeMethodAccessorImpl.java:77)
	at java.base/jdk.internal.reflect.DelegatingMethodAccessorImpl.invoke(DelegatingMethodAccessorImpl.java:43)
)

09-12-2024T07:56:49 - [TEST_STEP][PASSED] - println(numberOfErrors): null

09-12-2024T07:56:49 - [TEST_STEP][PASSED] - if (a == 28 || a == 77 || a == 74 || a == 65 || a == 36 || a == 44 || a == 54 || a == 1 || a == 18 || a == 59): null

09-12-2024T07:56:49 - [TEST_STEP][PASSED] - if (a == 82): null

09-12-2024T07:56:49 - [TEST_STEP][PASSED] - dZO = "Нижновэнерго": null

09-12-2024T07:56:49 - [TEST_STEP][PASSED] - a = 24: null

09-12-2024T07:56:49 - [TEST_STEP][PASSED] - if (x2.contains(dZO)): null

09-12-2024T07:56:49 - [TEST_STEP][PASSED] - filialNum = filialNum + 1: null

09-12-2024T07:56:49 - [TEST_STEP][PASSED] - Script1718980020443.Numbers(a, typeOfData, todaysDate, pageInt, fileInt, pageDouble, fileDouble, dZO, dzoNum, filialNum): null

09-12-2024T07:56:49 - [TEST_STEP][PASSED] - println(dzoNum): null

09-12-2024T07:56:49 - [TEST_STEP][PASSED] - planFact = <not implemented yet for class: org.codehaus.groovy.ast.expr.EmptyExpression>: null

09-12-2024T07:56:49 - [TEST_STEP][PASSED] - page = <not implemented yet for class: org.codehaus.groovy.ast.expr.EmptyExpression>: null

09-12-2024T07:56:49 - [TEST_STEP][PASSED] - page1 = <not implemented yet for class: org.codehaus.groovy.ast.expr.EmptyExpression>: null

09-12-2024T07:56:49 - [TEST_STEP][PASSED] - page2 = <not implemented yet for class: org.codehaus.groovy.ast.expr.EmptyExpression>: null

09-12-2024T07:56:49 - [TEST_STEP][PASSED] - filialNumberInRow = <not implemented yet for class: org.codehaus.groovy.ast.expr.EmptyExpression>: null

09-12-2024T07:56:49 - [TEST_STEP][PASSED] - filialsDzoNames = <not implemented yet for class: org.codehaus.groovy.ast.expr.EmptyExpression>: null

09-12-2024T07:56:49 - [TEST_STEP][PASSED] - numberOfFilials = <not implemented yet for class: org.codehaus.groovy.ast.expr.EmptyExpression>: null

09-12-2024T07:56:49 - [TEST_STEP][PASSED] - numberOfSpaces = <not implemented yet for class: org.codehaus.groovy.ast.expr.EmptyExpression>: null

09-12-2024T07:56:49 - [TEST_STEP][PASSED] - file = <not implemented yet for class: org.codehaus.groovy.ast.expr.EmptyExpression>: null

09-12-2024T07:56:49 - [TEST_STEP][PASSED] - otpusk = <not implemented yet for class: org.codehaus.groovy.ast.expr.EmptyExpression>: null

09-12-2024T07:56:49 - [TEST_STEP][PASSED] - poteri = <not implemented yet for class: org.codehaus.groovy.ast.expr.EmptyExpression>: null

09-12-2024T07:56:49 - [TEST_STEP][PASSED] - dataFolder = "Выполнение бизнес-плана/Значения со страницы Выполнение бизнес-плана/": null

09-12-2024T07:56:49 - [TEST_STEP][PASSED] - path = <not implemented yet for class: org.codehaus.groovy.ast.expr.EmptyExpression>: null

09-12-2024T07:56:49 - [TEST_STEP][PASSED] - typeOfDataMain = <not implemented yet for class: org.codehaus.groovy.ast.expr.EmptyExpression>: null

09-12-2024T07:56:49 - [TEST_STEP][PASSED] - fileOtpuskVSet = <not implemented yet for class: org.codehaus.groovy.ast.expr.EmptyExpression>: null

09-12-2024T07:56:49 - [TEST_STEP][PASSED] - pageOtpuskVSet = <not implemented yet for class: org.codehaus.groovy.ast.expr.EmptyExpression>: null

09-12-2024T07:56:49 - [TEST_STEP][PASSED] - filePoteri = <not implemented yet for class: org.codehaus.groovy.ast.expr.EmptyExpression>: null

09-12-2024T07:56:49 - [TEST_STEP][PASSED] - pagePoteri = <not implemented yet for class: org.codehaus.groovy.ast.expr.EmptyExpression>: null

09-12-2024T07:56:49 - [TEST_STEP][PASSED] - compare = <not implemented yet for class: org.codehaus.groovy.ast.expr.EmptyExpression>: null

09-12-2024T07:56:49 - [TEST_STEP][PASSED] - b = <not implemented yet for class: org.codehaus.groovy.ast.expr.EmptyExpression>: null

09-12-2024T07:56:49 - [TEST_STEP][PASSED] - i = <not implemented yet for class: org.codehaus.groovy.ast.expr.EmptyExpression>: null

09-12-2024T07:56:49 - [TEST_STEP][PASSED] - ii = <not implemented yet for class: org.codehaus.groovy.ast.expr.EmptyExpression>: null

09-12-2024T07:56:49 - [TEST_STEP][PASSED] - c = <not implemented yet for class: org.codehaus.groovy.ast.expr.EmptyExpression>: null

09-12-2024T07:56:49 - [TEST_STEP][PASSED] - numberOfErrors = 0: null

09-12-2024T07:56:49 - [TEST_STEP][PASSED] - if (a == 82): null

09-12-2024T07:56:49 - [TEST_STEP][PASSED] - b = findTestData("PlanFact").getValue(1, a): null

09-12-2024T07:56:49 - [TEST_STEP][PASSED] - i = b.indexOf(" (ГК)"): null

09-12-2024T07:56:49 - [TEST_STEP][PASSED] - if (i > -1): null

09-12-2024T07:56:49 - [TEST_STEP][PASSED] - i = b.indexOf("О ""): null

09-12-2024T07:56:49 - [TEST_STEP][PASSED] - if (i > -1): null

09-12-2024T07:56:49 - [TEST_STEP][PASSED] - i = b.indexOf("О «"): null

09-12-2024T07:56:49 - [TEST_STEP][PASSED] - if (i > -1): null

09-12-2024T07:56:49 - [TEST_STEP][PASSED] - i = b.indexOf("г. "): null

09-12-2024T07:56:49 - [TEST_STEP][PASSED] - if (i > -1): null

09-12-2024T07:56:49 - [TEST_STEP][PASSED] - println(b): null

09-12-2024T07:56:49 - [TEST_STEP][PASSED] - for ([planFact = 1, planFact < 3, (planFact++)]): Object: 'Object Repository/Выполнение бизнес-плана/Кнопка Факт' is clicked on

09-12-2024T07:56:49 - [TEST_STEP][PASSED] - if (planFact == 1): null

09-12-2024T07:56:49 - [TEST_STEP][PASSED] - typeOfDataMain = "Факт": null

09-12-2024T07:56:49 - [TEST_STEP][PASSED] - otpusk = findTestData("PlanFact").getValue(5, a): null

09-12-2024T07:56:49 - [TEST_STEP][PASSED] - poteri = findTestData("PlanFact").getValue(6, a): null

09-12-2024T07:56:49 - [TEST_STEP][PASSED] - otpusk = otpusk.replaceAll("\s+", ""): null

09-12-2024T07:56:49 - [TEST_STEP][PASSED] - poteri = poteri.replaceAll("\s+", ""): null

09-12-2024T07:56:49 - [TEST_STEP][PASSED] - typeOfData = typeOfDataMain + " Отпуск в сеть": null

09-12-2024T07:56:49 - [TEST_STEP][PASSED] - if (a == 82): null

09-12-2024T07:56:49 - [TEST_STEP][PASSED] - else if (a == 84): null

09-12-2024T07:56:49 - [TEST_STEP][PASSED] - else if (a == 52 || a == 72 || a == 28 || a == 73 || a == 77 || a == 74 || a == 65 || a == 36 || a == 44 || a == 53 || a == 80 || a == 54 || a == 1 || a == 18 || a == 59 || a == 81): null

09-12-2024T07:56:49 - [TEST_STEP][PASSED] - else: null

09-12-2024T07:56:49 - [TEST_STEP][PASSED] - path = dataFolder + typeOfData + " за отчётный период " + b: null

09-12-2024T07:56:49 - [TEST_STEP][PASSED] - println(path): null

09-12-2024T07:56:49 - [TEST_STEP][PASSED] - page = getText(findTestObject(path)): Text of object 'Object Repository/Выполнение бизнес-плана/Значения со страницы Выполнение бизнес-плана/Факт Отпуск в сеть за отчётный период Нижновэнерго' is: '10 482 820'

09-12-2024T07:56:50 - [MESSAGE][PASSED] - Text of object 'Object Repository/Выполнение бизнес-плана/Значения со страницы Выполнение бизнес-плана/Факт Отпуск в сеть за отчётный период Нижновэнерго' is: '10 482 820'

09-12-2024T07:56:50 - [TEST_STEP][PASSED] - page = page.replaceAll("\s+", ""): null

09-12-2024T07:56:50 - [TEST_STEP][PASSED] - fileOtpuskVSet = otpusk.toInteger(): null

09-12-2024T07:56:50 - [TEST_STEP][PASSED] - pageOtpuskVSet = page.toInteger(): null

09-12-2024T07:56:50 - [TEST_STEP][PASSED] - typeOfData = typeOfDataMain + " Потери": null

09-12-2024T07:56:50 - [TEST_STEP][PASSED] - if (a == 82): null

09-12-2024T07:56:50 - [TEST_STEP][PASSED] - else if (a == 84): null

09-12-2024T07:56:50 - [TEST_STEP][PASSED] - else if (a == 52 || a == 72 || a == 28 || a == 73 || a == 77 || a == 74 || a == 65 || a == 36 || a == 44 || a == 53 || a == 80 || a == 54 || a == 1 || a == 18 || a == 59 || a == 81): null

09-12-2024T07:56:50 - [TEST_STEP][PASSED] - else: null

09-12-2024T07:56:50 - [TEST_STEP][PASSED] - path = dataFolder + typeOfData + " за отчётный период " + b: null

09-12-2024T07:56:50 - [TEST_STEP][PASSED] - page = getText(findTestObject(path)): Text of object 'Object Repository/Выполнение бизнес-плана/Значения со страницы Выполнение бизнес-плана/Факт Потери за отчётный период Нижновэнерго' is: '889 528'

09-12-2024T07:56:50 - [MESSAGE][PASSED] - Text of object 'Object Repository/Выполнение бизнес-плана/Значения со страницы Выполнение бизнес-плана/Факт Потери за отчётный период Нижновэнерго' is: '889 528'

09-12-2024T07:56:50 - [TEST_STEP][PASSED] - page = page.replaceAll("\s+", ""): null

09-12-2024T07:56:50 - [TEST_STEP][PASSED] - filePoteri = poteri.toInteger(): null

09-12-2024T07:56:50 - [TEST_STEP][PASSED] - pagePoteri = page.toInteger(): null

09-12-2024T07:56:50 - [TEST_STEP][PASSED] - compare = pageOtpuskVSet: null

09-12-2024T07:56:50 - [TEST_STEP][PASSED] - if (compare == fileOtpuskVSet): null

09-12-2024T07:56:50 - [TEST_STEP][PASSED] - if (compare == fileOtpuskVSet): null

09-12-2024T07:56:50 - [TEST_STEP][PASSED] - compare = pagePoteri: null

09-12-2024T07:56:50 - [TEST_STEP][PASSED] - if (compare == filePoteri): null

09-12-2024T07:56:50 - [TEST_STEP][PASSED] - if (compare == filePoteri): null

09-12-2024T07:56:50 - [TEST_STEP][PASSED] - if (planFact == 2): null

09-12-2024T07:56:50 - [TEST_STEP][PASSED] - if (planFact == 1): null

09-12-2024T07:56:50 - [TEST_STEP][PASSED] - else if (planFact == 2): null

09-12-2024T07:56:50 - [TEST_STEP][PASSED] - click(findTestObject("Выполнение бизнес-плана/Кнопка План")): Object: 'Object Repository/Выполнение бизнес-плана/Кнопка План' is clicked on

09-12-2024T07:56:50 - [MESSAGE][PASSED] - Object: 'Object Repository/Выполнение бизнес-плана/Кнопка План' is clicked on

09-12-2024T07:56:50 - [TEST_STEP][PASSED] - typeOfDataMain = "План": null

09-12-2024T07:56:50 - [TEST_STEP][PASSED] - otpusk = findTestData("PlanFact").getValue(2, a): null

09-12-2024T07:56:50 - [TEST_STEP][PASSED] - poteri = findTestData("PlanFact").getValue(3, a): null

09-12-2024T07:56:50 - [TEST_STEP][PASSED] - otpusk = otpusk.replaceAll("\s+", ""): null

09-12-2024T07:56:50 - [TEST_STEP][PASSED] - poteri = poteri.replaceAll("\s+", ""): null

09-12-2024T07:56:50 - [TEST_STEP][PASSED] - typeOfData = typeOfDataMain + " Отпуск в сеть": null

09-12-2024T07:56:50 - [TEST_STEP][PASSED] - if (a == 82): null

09-12-2024T07:56:50 - [TEST_STEP][PASSED] - else if (a == 84): null

09-12-2024T07:56:50 - [TEST_STEP][PASSED] - else if (a == 52 || a == 72 || a == 28 || a == 73 || a == 77 || a == 74 || a == 65 || a == 36 || a == 44 || a == 53 || a == 80 || a == 54 || a == 1 || a == 18 || a == 59 || a == 81): null

09-12-2024T07:56:50 - [TEST_STEP][PASSED] - else: null

09-12-2024T07:56:50 - [TEST_STEP][PASSED] - path = dataFolder + typeOfData + " за отчётный период " + b: null

09-12-2024T07:56:50 - [TEST_STEP][PASSED] - println(path): null

09-12-2024T07:56:50 - [TEST_STEP][PASSED] - page = getText(findTestObject(path)): Text of object 'Object Repository/Выполнение бизнес-плана/Значения со страницы Выполнение бизнес-плана/План Отпуск в сеть за отчётный период Нижновэнерго' is: '10 213 709'

09-12-2024T07:56:51 - [MESSAGE][PASSED] - Text of object 'Object Repository/Выполнение бизнес-плана/Значения со страницы Выполнение бизнес-плана/План Отпуск в сеть за отчётный период Нижновэнерго' is: '10 213 709'

09-12-2024T07:56:51 - [TEST_STEP][PASSED] - page = page.replaceAll("\s+", ""): null

09-12-2024T07:56:51 - [TEST_STEP][PASSED] - fileOtpuskVSet = otpusk.toInteger(): null

09-12-2024T07:56:51 - [TEST_STEP][PASSED] - pageOtpuskVSet = page.toInteger(): null

09-12-2024T07:56:51 - [TEST_STEP][PASSED] - typeOfData = typeOfDataMain + " Потери": null

09-12-2024T07:56:51 - [TEST_STEP][PASSED] - if (a == 82): null

09-12-2024T07:56:51 - [TEST_STEP][PASSED] - else if (a == 84): null

09-12-2024T07:56:51 - [TEST_STEP][PASSED] - else if (a == 52 || a == 72 || a == 28 || a == 73 || a == 77 || a == 74 || a == 65 || a == 36 || a == 44 || a == 53 || a == 80 || a == 54 || a == 1 || a == 18 || a == 59 || a == 81): null

09-12-2024T07:56:51 - [TEST_STEP][PASSED] - else: null

09-12-2024T07:56:51 - [TEST_STEP][PASSED] - path = dataFolder + typeOfData + " за отчётный период " + b: null

09-12-2024T07:56:51 - [TEST_STEP][PASSED] - page = getText(findTestObject(path)): Text of object 'Object Repository/Выполнение бизнес-плана/Значения со страницы Выполнение бизнес-плана/План Потери за отчётный период Нижновэнерго' is: '868 703'

09-12-2024T07:56:51 - [MESSAGE][PASSED] - Text of object 'Object Repository/Выполнение бизнес-плана/Значения со страницы Выполнение бизнес-плана/План Потери за отчётный период Нижновэнерго' is: '868 703'

09-12-2024T07:56:51 - [TEST_STEP][PASSED] - page = page.replaceAll("\s+", ""): null

09-12-2024T07:56:51 - [TEST_STEP][PASSED] - filePoteri = poteri.toInteger(): null

09-12-2024T07:56:51 - [TEST_STEP][PASSED] - pagePoteri = page.toInteger(): null

09-12-2024T07:56:51 - [TEST_STEP][PASSED] - compare = pageOtpuskVSet: null

09-12-2024T07:56:51 - [TEST_STEP][PASSED] - if (compare == fileOtpuskVSet): null

09-12-2024T07:56:51 - [TEST_STEP][PASSED] - if (compare == fileOtpuskVSet): null

09-12-2024T07:56:51 - [TEST_STEP][PASSED] - compare = pagePoteri: null

09-12-2024T07:56:51 - [TEST_STEP][PASSED] - if (compare == filePoteri): null

09-12-2024T07:56:51 - [TEST_STEP][PASSED] - if (compare == filePoteri): null

09-12-2024T07:56:51 - [TEST_STEP][PASSED] - if (planFact == 2): Object: 'Object Repository/Выполнение бизнес-плана/Кнопка Факт' is clicked on

09-12-2024T07:56:51 - [TEST_STEP][PASSED] - click(findTestObject("Выполнение бизнес-плана/Кнопка Факт")): Object: 'Object Repository/Выполнение бизнес-плана/Кнопка Факт' is clicked on

09-12-2024T07:56:51 - [MESSAGE][PASSED] - Object: 'Object Repository/Выполнение бизнес-плана/Кнопка Факт' is clicked on

09-12-2024T07:56:51 - [TEST_STEP][PASSED] - if (a == 84 || a == 82): null

09-12-2024T07:56:51 - [TEST_STEP][PASSED] - else if (a == 52 || a == 72 || a == 28 || a == 73 || a == 77 || a == 74 || a == 65 || a == 36 || a == 44 || a == 53 || a == 80 || a == 54 || a == 1 || a == 18 || a == 59 || a == 81): null

09-12-2024T07:56:51 - [TEST_STEP][PASSED] - else: null

09-12-2024T07:56:51 - [TEST_STEP][PASSED] - page1 = getText(findTestObject("Object Repository/Выполнение бизнес-плана/spanPlan" + filialNum)): Text of object 'Object Repository/Выполнение бизнес-плана/spanPlan6' is: '8.51
|'

09-12-2024T07:56:52 - [MESSAGE][PASSED] - Text of object 'Object Repository/Выполнение бизнес-плана/spanPlan6' is: '8.51
|'

09-12-2024T07:56:52 - [TEST_STEP][PASSED] - page1 = page1.replace("|", ""): null

09-12-2024T07:56:52 - [TEST_STEP][PASSED] - page2 = getText(findTestObject("Object Repository/Выполнение бизнес-плана/spanFact" + filialNum)): Text of object 'Object Repository/Выполнение бизнес-плана/spanFact6' is: '8.49
|'

09-12-2024T07:56:52 - [MESSAGE][PASSED] - Text of object 'Object Repository/Выполнение бизнес-плана/spanFact6' is: '8.49
|'

09-12-2024T07:56:52 - [TEST_STEP][PASSED] - page2 = page2.replace("|", ""): null

09-12-2024T07:56:52 - [TEST_STEP][PASSED] - println("page1: " + page1): null

09-12-2024T07:56:52 - [TEST_STEP][PASSED] - println("page2: " + page2): null

09-12-2024T07:56:52 - [TEST_STEP][PASSED] - file = findTestData("PlanFact").getValue(4, a): null

09-12-2024T07:56:52 - [TEST_STEP][PASSED] - file = file.replace(",", "."): null

09-12-2024T07:56:52 - [TEST_STEP][PASSED] - println("file Plan: " + file): null

09-12-2024T07:56:52 - [TEST_STEP][PASSED] - typeOfData = "План в процентах": null

09-12-2024T07:56:52 - [TEST_STEP][PASSED] - fileDouble = file.toDouble(): null

09-12-2024T07:56:52 - [TEST_STEP][PASSED] - pageDouble = page1.toDouble(): null

09-12-2024T07:56:52 - [TEST_STEP][PASSED] - if (fileDouble != pageDouble): null

09-12-2024T07:56:52 - [TEST_STEP][PASSED] - file = findTestData("PlanFact").getValue(7, a): null

09-12-2024T07:56:52 - [TEST_STEP][PASSED] - file = file.replace(",", "."): null

09-12-2024T07:56:52 - [TEST_STEP][PASSED] - println("file Fact: " + file): null

09-12-2024T07:56:52 - [TEST_STEP][PASSED] - fileDouble = file.toDouble(): null

09-12-2024T07:56:52 - [TEST_STEP][PASSED] - typeOfData = "Факт в процентах": null

09-12-2024T07:56:52 - [TEST_STEP][PASSED] - fileDouble = file.toDouble(): null

09-12-2024T07:56:52 - [TEST_STEP][PASSED] - pageDouble = page2.toDouble(): null

09-12-2024T07:56:52 - [TEST_STEP][PASSED] - if (fileDouble != pageDouble): null

09-12-2024T07:56:52 - [TEST_STEP][PASSED] - if (verifyEqual(numberOfErrors, 0) == false): Actual object '0' and expected object '0' are equal

09-12-2024T07:56:52 - [MESSAGE][PASSED] - Actual object '0' and expected object '0' are equal

09-12-2024T07:56:52 - [TEST_STEP][PASSED] - if (a == 82): null

09-12-2024T07:56:52 - [TEST_STEP][PASSED] - dZO = "Рязаньэнерго": null

09-12-2024T07:56:52 - [TEST_STEP][PASSED] - a = 25: null

09-12-2024T07:56:52 - [TEST_STEP][PASSED] - if (x2.contains(dZO)): null

09-12-2024T07:56:52 - [TEST_STEP][PASSED] - filialNum = filialNum + 1: null

09-12-2024T07:56:52 - [TEST_STEP][PASSED] - Script1718980020443.Numbers(a, typeOfData, todaysDate, pageInt, fileInt, pageDouble, fileDouble, dZO, dzoNum, filialNum): null

09-12-2024T07:56:52 - [TEST_STEP][PASSED] - println(dzoNum): null

09-12-2024T07:56:52 - [TEST_STEP][PASSED] - planFact = <not implemented yet for class: org.codehaus.groovy.ast.expr.EmptyExpression>: null

09-12-2024T07:56:52 - [TEST_STEP][PASSED] - page = <not implemented yet for class: org.codehaus.groovy.ast.expr.EmptyExpression>: null

09-12-2024T07:56:52 - [TEST_STEP][PASSED] - page1 = <not implemented yet for class: org.codehaus.groovy.ast.expr.EmptyExpression>: null

09-12-2024T07:56:52 - [TEST_STEP][PASSED] - page2 = <not implemented yet for class: org.codehaus.groovy.ast.expr.EmptyExpression>: null

09-12-2024T07:56:52 - [TEST_STEP][PASSED] - filialNumberInRow = <not implemented yet for class: org.codehaus.groovy.ast.expr.EmptyExpression>: null

09-12-2024T07:56:52 - [TEST_STEP][PASSED] - filialsDzoNames = <not implemented yet for class: org.codehaus.groovy.ast.expr.EmptyExpression>: null

09-12-2024T07:56:52 - [TEST_STEP][PASSED] - numberOfFilials = <not implemented yet for class: org.codehaus.groovy.ast.expr.EmptyExpression>: null

09-12-2024T07:56:52 - [TEST_STEP][PASSED] - numberOfSpaces = <not implemented yet for class: org.codehaus.groovy.ast.expr.EmptyExpression>: null

09-12-2024T07:56:52 - [TEST_STEP][PASSED] - file = <not implemented yet for class: org.codehaus.groovy.ast.expr.EmptyExpression>: null

09-12-2024T07:56:52 - [TEST_STEP][PASSED] - otpusk = <not implemented yet for class: org.codehaus.groovy.ast.expr.EmptyExpression>: null

09-12-2024T07:56:52 - [TEST_STEP][PASSED] - poteri = <not implemented yet for class: org.codehaus.groovy.ast.expr.EmptyExpression>: null

09-12-2024T07:56:52 - [TEST_STEP][PASSED] - dataFolder = "Выполнение бизнес-плана/Значения со страницы Выполнение бизнес-плана/": null

09-12-2024T07:56:52 - [TEST_STEP][PASSED] - path = <not implemented yet for class: org.codehaus.groovy.ast.expr.EmptyExpression>: null

09-12-2024T07:56:52 - [TEST_STEP][PASSED] - typeOfDataMain = <not implemented yet for class: org.codehaus.groovy.ast.expr.EmptyExpression>: null

09-12-2024T07:56:52 - [TEST_STEP][PASSED] - fileOtpuskVSet = <not implemented yet for class: org.codehaus.groovy.ast.expr.EmptyExpression>: null

09-12-2024T07:56:52 - [TEST_STEP][PASSED] - pageOtpuskVSet = <not implemented yet for class: org.codehaus.groovy.ast.expr.EmptyExpression>: null

09-12-2024T07:56:52 - [TEST_STEP][PASSED] - filePoteri = <not implemented yet for class: org.codehaus.groovy.ast.expr.EmptyExpression>: null

09-12-2024T07:56:52 - [TEST_STEP][PASSED] - pagePoteri = <not implemented yet for class: org.codehaus.groovy.ast.expr.EmptyExpression>: null

09-12-2024T07:56:52 - [TEST_STEP][PASSED] - compare = <not implemented yet for class: org.codehaus.groovy.ast.expr.EmptyExpression>: null

09-12-2024T07:56:52 - [TEST_STEP][PASSED] - b = <not implemented yet for class: org.codehaus.groovy.ast.expr.EmptyExpression>: null

09-12-2024T07:56:52 - [TEST_STEP][PASSED] - i = <not implemented yet for class: org.codehaus.groovy.ast.expr.EmptyExpression>: null

09-12-2024T07:56:52 - [TEST_STEP][PASSED] - ii = <not implemented yet for class: org.codehaus.groovy.ast.expr.EmptyExpression>: null

09-12-2024T07:56:52 - [TEST_STEP][PASSED] - c = <not implemented yet for class: org.codehaus.groovy.ast.expr.EmptyExpression>: null

09-12-2024T07:56:52 - [TEST_STEP][PASSED] - numberOfErrors = 0: null

09-12-2024T07:56:52 - [TEST_STEP][PASSED] - if (a == 82): null

09-12-2024T07:56:52 - [TEST_STEP][PASSED] - b = findTestData("PlanFact").getValue(1, a): null

09-12-2024T07:56:52 - [TEST_STEP][PASSED] - i = b.indexOf(" (ГК)"): null

09-12-2024T07:56:52 - [TEST_STEP][PASSED] - if (i > -1): null

09-12-2024T07:56:52 - [TEST_STEP][PASSED] - i = b.indexOf("О ""): null

09-12-2024T07:56:52 - [TEST_STEP][PASSED] - if (i > -1): null

09-12-2024T07:56:52 - [TEST_STEP][PASSED] - i = b.indexOf("О «"): null

09-12-2024T07:56:52 - [TEST_STEP][PASSED] - if (i > -1): null

09-12-2024T07:56:52 - [TEST_STEP][PASSED] - i = b.indexOf("г. "): null

09-12-2024T07:56:52 - [TEST_STEP][PASSED] - if (i > -1): null

09-12-2024T07:56:52 - [TEST_STEP][PASSED] - println(b): null

09-12-2024T07:56:52 - [TEST_STEP][PASSED] - for ([planFact = 1, planFact < 3, (planFact++)]): Object: 'Object Repository/Выполнение бизнес-плана/Кнопка Факт' is clicked on

09-12-2024T07:56:52 - [TEST_STEP][PASSED] - if (planFact == 1): null

09-12-2024T07:56:52 - [TEST_STEP][PASSED] - typeOfDataMain = "Факт": null

09-12-2024T07:56:52 - [TEST_STEP][PASSED] - otpusk = findTestData("PlanFact").getValue(5, a): null

09-12-2024T07:56:52 - [TEST_STEP][PASSED] - poteri = findTestData("PlanFact").getValue(6, a): null

09-12-2024T07:56:52 - [TEST_STEP][PASSED] - otpusk = otpusk.replaceAll("\s+", ""): null

09-12-2024T07:56:52 - [TEST_STEP][PASSED] - poteri = poteri.replaceAll("\s+", ""): null

09-12-2024T07:56:52 - [TEST_STEP][PASSED] - typeOfData = typeOfDataMain + " Отпуск в сеть": null

09-12-2024T07:56:52 - [TEST_STEP][PASSED] - if (a == 82): null

09-12-2024T07:56:52 - [TEST_STEP][PASSED] - else if (a == 84): null

09-12-2024T07:56:52 - [TEST_STEP][PASSED] - else if (a == 52 || a == 72 || a == 28 || a == 73 || a == 77 || a == 74 || a == 65 || a == 36 || a == 44 || a == 53 || a == 80 || a == 54 || a == 1 || a == 18 || a == 59 || a == 81): null

09-12-2024T07:56:52 - [TEST_STEP][PASSED] - else: null

09-12-2024T07:56:52 - [TEST_STEP][PASSED] - path = dataFolder + typeOfData + " за отчётный период " + b: null

09-12-2024T07:56:52 - [TEST_STEP][PASSED] - println(path): null

09-12-2024T07:56:52 - [TEST_STEP][PASSED] - page = getText(findTestObject(path)): Text of object 'Object Repository/Выполнение бизнес-плана/Значения со страницы Выполнение бизнес-плана/Факт Отпуск в сеть за отчётный период Рязаньэнерго' is: '4 622 274'

09-12-2024T07:56:53 - [MESSAGE][PASSED] - Text of object 'Object Repository/Выполнение бизнес-плана/Значения со страницы Выполнение бизнес-плана/Факт Отпуск в сеть за отчётный период Рязаньэнерго' is: '4 622 274'

09-12-2024T07:56:53 - [TEST_STEP][PASSED] - page = page.replaceAll("\s+", ""): null

09-12-2024T07:56:53 - [TEST_STEP][PASSED] - fileOtpuskVSet = otpusk.toInteger(): null

09-12-2024T07:56:53 - [TEST_STEP][PASSED] - pageOtpuskVSet = page.toInteger(): null

09-12-2024T07:56:53 - [TEST_STEP][PASSED] - typeOfData = typeOfDataMain + " Потери": null

09-12-2024T07:56:53 - [TEST_STEP][PASSED] - if (a == 82): null

09-12-2024T07:56:53 - [TEST_STEP][PASSED] - else if (a == 84): null

09-12-2024T07:56:53 - [TEST_STEP][PASSED] - else if (a == 52 || a == 72 || a == 28 || a == 73 || a == 77 || a == 74 || a == 65 || a == 36 || a == 44 || a == 53 || a == 80 || a == 54 || a == 1 || a == 18 || a == 59 || a == 81): null

09-12-2024T07:56:53 - [TEST_STEP][PASSED] - else: null

09-12-2024T07:56:53 - [TEST_STEP][PASSED] - path = dataFolder + typeOfData + " за отчётный период " + b: null

09-12-2024T07:56:53 - [TEST_STEP][PASSED] - page = getText(findTestObject(path)): Text of object 'Object Repository/Выполнение бизнес-плана/Значения со страницы Выполнение бизнес-плана/Факт Потери за отчётный период Рязаньэнерго' is: '206 174'

09-12-2024T07:56:53 - [MESSAGE][PASSED] - Text of object 'Object Repository/Выполнение бизнес-плана/Значения со страницы Выполнение бизнес-плана/Факт Потери за отчётный период Рязаньэнерго' is: '206 174'

09-12-2024T07:56:53 - [TEST_STEP][PASSED] - page = page.replaceAll("\s+", ""): null

09-12-2024T07:56:53 - [TEST_STEP][PASSED] - filePoteri = poteri.toInteger(): null

09-12-2024T07:56:53 - [TEST_STEP][PASSED] - pagePoteri = page.toInteger(): null

09-12-2024T07:56:53 - [TEST_STEP][PASSED] - compare = pageOtpuskVSet: null

09-12-2024T07:56:53 - [TEST_STEP][PASSED] - if (compare == fileOtpuskVSet): null

09-12-2024T07:56:53 - [TEST_STEP][PASSED] - if (compare == fileOtpuskVSet): null

09-12-2024T07:56:53 - [TEST_STEP][PASSED] - compare = pagePoteri: null

09-12-2024T07:56:53 - [TEST_STEP][PASSED] - if (compare == filePoteri): null

09-12-2024T07:56:53 - [TEST_STEP][PASSED] - if (compare == filePoteri): null

09-12-2024T07:56:53 - [TEST_STEP][PASSED] - if (planFact == 2): null

09-12-2024T07:56:53 - [TEST_STEP][PASSED] - if (planFact == 1): null

09-12-2024T07:56:53 - [TEST_STEP][PASSED] - else if (planFact == 2): null

09-12-2024T07:56:53 - [TEST_STEP][PASSED] - click(findTestObject("Выполнение бизнес-плана/Кнопка План")): Object: 'Object Repository/Выполнение бизнес-плана/Кнопка План' is clicked on

09-12-2024T07:56:53 - [MESSAGE][PASSED] - Object: 'Object Repository/Выполнение бизнес-плана/Кнопка План' is clicked on

09-12-2024T07:56:53 - [TEST_STEP][PASSED] - typeOfDataMain = "План": null

09-12-2024T07:56:53 - [TEST_STEP][PASSED] - otpusk = findTestData("PlanFact").getValue(2, a): null

09-12-2024T07:56:53 - [TEST_STEP][PASSED] - poteri = findTestData("PlanFact").getValue(3, a): null

09-12-2024T07:56:53 - [TEST_STEP][PASSED] - otpusk = otpusk.replaceAll("\s+", ""): null

09-12-2024T07:56:53 - [TEST_STEP][PASSED] - poteri = poteri.replaceAll("\s+", ""): null

09-12-2024T07:56:53 - [TEST_STEP][PASSED] - typeOfData = typeOfDataMain + " Отпуск в сеть": null

09-12-2024T07:56:53 - [TEST_STEP][PASSED] - if (a == 82): null

09-12-2024T07:56:53 - [TEST_STEP][PASSED] - else if (a == 84): null

09-12-2024T07:56:53 - [TEST_STEP][PASSED] - else if (a == 52 || a == 72 || a == 28 || a == 73 || a == 77 || a == 74 || a == 65 || a == 36 || a == 44 || a == 53 || a == 80 || a == 54 || a == 1 || a == 18 || a == 59 || a == 81): null

09-12-2024T07:56:53 - [TEST_STEP][PASSED] - else: null

09-12-2024T07:56:53 - [TEST_STEP][PASSED] - path = dataFolder + typeOfData + " за отчётный период " + b: null

09-12-2024T07:56:53 - [TEST_STEP][PASSED] - println(path): null

09-12-2024T07:56:53 - [TEST_STEP][PASSED] - page = getText(findTestObject(path)): Text of object 'Object Repository/Выполнение бизнес-плана/Значения со страницы Выполнение бизнес-плана/План Отпуск в сеть за отчётный период Рязаньэнерго' is: '4 503 134'

09-12-2024T07:56:54 - [MESSAGE][PASSED] - Text of object 'Object Repository/Выполнение бизнес-плана/Значения со страницы Выполнение бизнес-плана/План Отпуск в сеть за отчётный период Рязаньэнерго' is: '4 503 134'

09-12-2024T07:56:54 - [TEST_STEP][PASSED] - page = page.replaceAll("\s+", ""): null

09-12-2024T07:56:54 - [TEST_STEP][PASSED] - fileOtpuskVSet = otpusk.toInteger(): null

09-12-2024T07:56:54 - [TEST_STEP][PASSED] - pageOtpuskVSet = page.toInteger(): null

09-12-2024T07:56:54 - [TEST_STEP][PASSED] - typeOfData = typeOfDataMain + " Потери": null

09-12-2024T07:56:54 - [TEST_STEP][PASSED] - if (a == 82): null

09-12-2024T07:56:54 - [TEST_STEP][PASSED] - else if (a == 84): null

09-12-2024T07:56:54 - [TEST_STEP][PASSED] - else if (a == 52 || a == 72 || a == 28 || a == 73 || a == 77 || a == 74 || a == 65 || a == 36 || a == 44 || a == 53 || a == 80 || a == 54 || a == 1 || a == 18 || a == 59 || a == 81): null

09-12-2024T07:56:54 - [TEST_STEP][PASSED] - else: null

09-12-2024T07:56:54 - [TEST_STEP][PASSED] - path = dataFolder + typeOfData + " за отчётный период " + b: null

09-12-2024T07:56:54 - [TEST_STEP][PASSED] - page = getText(findTestObject(path)): Text of object 'Object Repository/Выполнение бизнес-плана/Значения со страницы Выполнение бизнес-плана/План Потери за отчётный период Рязаньэнерго' is: '201 508'

09-12-2024T07:56:54 - [MESSAGE][PASSED] - Text of object 'Object Repository/Выполнение бизнес-плана/Значения со страницы Выполнение бизнес-плана/План Потери за отчётный период Рязаньэнерго' is: '201 508'

09-12-2024T07:56:54 - [TEST_STEP][PASSED] - page = page.replaceAll("\s+", ""): null

09-12-2024T07:56:54 - [TEST_STEP][PASSED] - filePoteri = poteri.toInteger(): null

09-12-2024T07:56:54 - [TEST_STEP][PASSED] - pagePoteri = page.toInteger(): null

09-12-2024T07:56:54 - [TEST_STEP][PASSED] - compare = pageOtpuskVSet: null

09-12-2024T07:56:54 - [TEST_STEP][PASSED] - if (compare == fileOtpuskVSet): null

09-12-2024T07:56:54 - [TEST_STEP][PASSED] - if (compare == fileOtpuskVSet): null

09-12-2024T07:56:54 - [TEST_STEP][PASSED] - compare = pagePoteri: null

09-12-2024T07:56:54 - [TEST_STEP][PASSED] - if (compare == filePoteri): null

09-12-2024T07:56:54 - [TEST_STEP][PASSED] - if (compare == filePoteri): null

09-12-2024T07:56:54 - [TEST_STEP][PASSED] - if (planFact == 2): Object: 'Object Repository/Выполнение бизнес-плана/Кнопка Факт' is clicked on

09-12-2024T07:56:54 - [TEST_STEP][PASSED] - click(findTestObject("Выполнение бизнес-плана/Кнопка Факт")): Object: 'Object Repository/Выполнение бизнес-плана/Кнопка Факт' is clicked on

09-12-2024T07:56:54 - [MESSAGE][PASSED] - Object: 'Object Repository/Выполнение бизнес-плана/Кнопка Факт' is clicked on

09-12-2024T07:56:54 - [TEST_STEP][PASSED] - if (a == 84 || a == 82): null

09-12-2024T07:56:54 - [TEST_STEP][PASSED] - else if (a == 52 || a == 72 || a == 28 || a == 73 || a == 77 || a == 74 || a == 65 || a == 36 || a == 44 || a == 53 || a == 80 || a == 54 || a == 1 || a == 18 || a == 59 || a == 81): null

09-12-2024T07:56:54 - [TEST_STEP][PASSED] - else: null

09-12-2024T07:56:54 - [TEST_STEP][PASSED] - page1 = getText(findTestObject("Object Repository/Выполнение бизнес-плана/spanPlan" + filialNum)): Text of object 'Object Repository/Выполнение бизнес-плана/spanPlan7' is: '4.47
|'

09-12-2024T07:56:55 - [MESSAGE][PASSED] - Text of object 'Object Repository/Выполнение бизнес-плана/spanPlan7' is: '4.47
|'

09-12-2024T07:56:55 - [TEST_STEP][PASSED] - page1 = page1.replace("|", ""): null

09-12-2024T07:56:55 - [TEST_STEP][PASSED] - page2 = getText(findTestObject("Object Repository/Выполнение бизнес-плана/spanFact" + filialNum)): Text of object 'Object Repository/Выполнение бизнес-плана/spanFact7' is: '4.46
|'

09-12-2024T07:56:55 - [MESSAGE][PASSED] - Text of object 'Object Repository/Выполнение бизнес-плана/spanFact7' is: '4.46
|'

09-12-2024T07:56:55 - [TEST_STEP][PASSED] - page2 = page2.replace("|", ""): null

09-12-2024T07:56:55 - [TEST_STEP][PASSED] - println("page1: " + page1): null

09-12-2024T07:56:55 - [TEST_STEP][PASSED] - println("page2: " + page2): null

09-12-2024T07:56:55 - [TEST_STEP][PASSED] - file = findTestData("PlanFact").getValue(4, a): null

09-12-2024T07:56:55 - [TEST_STEP][PASSED] - file = file.replace(",", "."): null

09-12-2024T07:56:55 - [TEST_STEP][PASSED] - println("file Plan: " + file): null

09-12-2024T07:56:55 - [TEST_STEP][PASSED] - typeOfData = "План в процентах": null

09-12-2024T07:56:55 - [TEST_STEP][PASSED] - fileDouble = file.toDouble(): null

09-12-2024T07:56:55 - [TEST_STEP][PASSED] - pageDouble = page1.toDouble(): null

09-12-2024T07:56:55 - [TEST_STEP][PASSED] - if (fileDouble != pageDouble): null

09-12-2024T07:56:55 - [TEST_STEP][PASSED] - file = findTestData("PlanFact").getValue(7, a): null

09-12-2024T07:56:55 - [TEST_STEP][PASSED] - file = file.replace(",", "."): null

09-12-2024T07:56:55 - [TEST_STEP][PASSED] - println("file Fact: " + file): null

09-12-2024T07:56:55 - [TEST_STEP][PASSED] - fileDouble = file.toDouble(): null

09-12-2024T07:56:55 - [TEST_STEP][PASSED] - typeOfData = "Факт в процентах": null

09-12-2024T07:56:55 - [TEST_STEP][PASSED] - fileDouble = file.toDouble(): null

09-12-2024T07:56:55 - [TEST_STEP][PASSED] - pageDouble = page2.toDouble(): null

09-12-2024T07:56:55 - [TEST_STEP][PASSED] - if (fileDouble != pageDouble): null

09-12-2024T07:56:55 - [TEST_STEP][PASSED] - if (verifyEqual(numberOfErrors, 0) == false): Actual object '0' and expected object '0' are equal

09-12-2024T07:56:55 - [MESSAGE][PASSED] - Actual object '0' and expected object '0' are equal

09-12-2024T07:56:55 - [TEST_STEP][PASSED] - if (a == 82): null

09-12-2024T07:56:55 - [TEST_STEP][PASSED] - dZO = "Тулэнерго": null

09-12-2024T07:56:55 - [TEST_STEP][PASSED] - a = 26: null

09-12-2024T07:56:55 - [TEST_STEP][PASSED] - if (x2.contains(dZO)): null

09-12-2024T07:56:55 - [TEST_STEP][PASSED] - filialNum = filialNum + 1: null

09-12-2024T07:56:55 - [TEST_STEP][PASSED] - Script1718980020443.Numbers(a, typeOfData, todaysDate, pageInt, fileInt, pageDouble, fileDouble, dZO, dzoNum, filialNum): null

09-12-2024T07:56:55 - [TEST_STEP][PASSED] - println(dzoNum): null

09-12-2024T07:56:55 - [TEST_STEP][PASSED] - planFact = <not implemented yet for class: org.codehaus.groovy.ast.expr.EmptyExpression>: null

09-12-2024T07:56:55 - [TEST_STEP][PASSED] - page = <not implemented yet for class: org.codehaus.groovy.ast.expr.EmptyExpression>: null

09-12-2024T07:56:55 - [TEST_STEP][PASSED] - page1 = <not implemented yet for class: org.codehaus.groovy.ast.expr.EmptyExpression>: null

09-12-2024T07:56:55 - [TEST_STEP][PASSED] - page2 = <not implemented yet for class: org.codehaus.groovy.ast.expr.EmptyExpression>: null

09-12-2024T07:56:55 - [TEST_STEP][PASSED] - filialNumberInRow = <not implemented yet for class: org.codehaus.groovy.ast.expr.EmptyExpression>: null

09-12-2024T07:56:55 - [TEST_STEP][PASSED] - filialsDzoNames = <not implemented yet for class: org.codehaus.groovy.ast.expr.EmptyExpression>: null

09-12-2024T07:56:55 - [TEST_STEP][PASSED] - numberOfFilials = <not implemented yet for class: org.codehaus.groovy.ast.expr.EmptyExpression>: null

09-12-2024T07:56:55 - [TEST_STEP][PASSED] - numberOfSpaces = <not implemented yet for class: org.codehaus.groovy.ast.expr.EmptyExpression>: null

09-12-2024T07:56:55 - [TEST_STEP][PASSED] - file = <not implemented yet for class: org.codehaus.groovy.ast.expr.EmptyExpression>: null

09-12-2024T07:56:55 - [TEST_STEP][PASSED] - otpusk = <not implemented yet for class: org.codehaus.groovy.ast.expr.EmptyExpression>: null

09-12-2024T07:56:55 - [TEST_STEP][PASSED] - poteri = <not implemented yet for class: org.codehaus.groovy.ast.expr.EmptyExpression>: null

09-12-2024T07:56:55 - [TEST_STEP][PASSED] - dataFolder = "Выполнение бизнес-плана/Значения со страницы Выполнение бизнес-плана/": null

09-12-2024T07:56:55 - [TEST_STEP][PASSED] - path = <not implemented yet for class: org.codehaus.groovy.ast.expr.EmptyExpression>: null

09-12-2024T07:56:55 - [TEST_STEP][PASSED] - typeOfDataMain = <not implemented yet for class: org.codehaus.groovy.ast.expr.EmptyExpression>: null

09-12-2024T07:56:55 - [TEST_STEP][PASSED] - fileOtpuskVSet = <not implemented yet for class: org.codehaus.groovy.ast.expr.EmptyExpression>: null

09-12-2024T07:56:55 - [TEST_STEP][PASSED] - pageOtpuskVSet = <not implemented yet for class: org.codehaus.groovy.ast.expr.EmptyExpression>: null

09-12-2024T07:56:55 - [TEST_STEP][PASSED] - filePoteri = <not implemented yet for class: org.codehaus.groovy.ast.expr.EmptyExpression>: null

09-12-2024T07:56:55 - [TEST_STEP][PASSED] - pagePoteri = <not implemented yet for class: org.codehaus.groovy.ast.expr.EmptyExpression>: null

09-12-2024T07:56:55 - [TEST_STEP][PASSED] - compare = <not implemented yet for class: org.codehaus.groovy.ast.expr.EmptyExpression>: null

09-12-2024T07:56:55 - [TEST_STEP][PASSED] - b = <not implemented yet for class: org.codehaus.groovy.ast.expr.EmptyExpression>: null

09-12-2024T07:56:55 - [TEST_STEP][PASSED] - i = <not implemented yet for class: org.codehaus.groovy.ast.expr.EmptyExpression>: null

09-12-2024T07:56:55 - [TEST_STEP][PASSED] - ii = <not implemented yet for class: org.codehaus.groovy.ast.expr.EmptyExpression>: null

09-12-2024T07:56:55 - [TEST_STEP][PASSED] - c = <not implemented yet for class: org.codehaus.groovy.ast.expr.EmptyExpression>: null

09-12-2024T07:56:55 - [TEST_STEP][PASSED] - numberOfErrors = 0: null

09-12-2024T07:56:55 - [TEST_STEP][PASSED] - if (a == 82): null

09-12-2024T07:56:55 - [TEST_STEP][PASSED] - b = findTestData("PlanFact").getValue(1, a): null

09-12-2024T07:56:55 - [TEST_STEP][PASSED] - i = b.indexOf(" (ГК)"): null

09-12-2024T07:56:55 - [TEST_STEP][PASSED] - if (i > -1): null

09-12-2024T07:56:55 - [TEST_STEP][PASSED] - i = b.indexOf("О ""): null

09-12-2024T07:56:55 - [TEST_STEP][PASSED] - if (i > -1): null

09-12-2024T07:56:55 - [TEST_STEP][PASSED] - i = b.indexOf("О «"): null

09-12-2024T07:56:55 - [TEST_STEP][PASSED] - if (i > -1): null

09-12-2024T07:56:55 - [TEST_STEP][PASSED] - i = b.indexOf("г. "): null

09-12-2024T07:56:55 - [TEST_STEP][PASSED] - if (i > -1): null

09-12-2024T07:56:55 - [TEST_STEP][PASSED] - println(b): null

09-12-2024T07:56:55 - [TEST_STEP][PASSED] - for ([planFact = 1, planFact < 3, (planFact++)]): Object: 'Object Repository/Выполнение бизнес-плана/Кнопка Факт' is clicked on

09-12-2024T07:56:55 - [TEST_STEP][PASSED] - if (planFact == 1): null

09-12-2024T07:56:55 - [TEST_STEP][PASSED] - typeOfDataMain = "Факт": null

09-12-2024T07:56:55 - [TEST_STEP][PASSED] - otpusk = findTestData("PlanFact").getValue(5, a): null

09-12-2024T07:56:55 - [TEST_STEP][PASSED] - poteri = findTestData("PlanFact").getValue(6, a): null

09-12-2024T07:56:55 - [TEST_STEP][PASSED] - otpusk = otpusk.replaceAll("\s+", ""): null

09-12-2024T07:56:55 - [TEST_STEP][PASSED] - poteri = poteri.replaceAll("\s+", ""): null

09-12-2024T07:56:55 - [TEST_STEP][PASSED] - typeOfData = typeOfDataMain + " Отпуск в сеть": null

09-12-2024T07:56:55 - [TEST_STEP][PASSED] - if (a == 82): null

09-12-2024T07:56:55 - [TEST_STEP][PASSED] - else if (a == 84): null

09-12-2024T07:56:55 - [TEST_STEP][PASSED] - else if (a == 52 || a == 72 || a == 28 || a == 73 || a == 77 || a == 74 || a == 65 || a == 36 || a == 44 || a == 53 || a == 80 || a == 54 || a == 1 || a == 18 || a == 59 || a == 81): null

09-12-2024T07:56:55 - [TEST_STEP][PASSED] - else: null

09-12-2024T07:56:55 - [TEST_STEP][PASSED] - path = dataFolder + typeOfData + " за отчётный период " + b: null

09-12-2024T07:56:55 - [TEST_STEP][PASSED] - println(path): null

09-12-2024T07:56:55 - [TEST_STEP][PASSED] - page = getText(findTestObject(path)): Text of object 'Object Repository/Выполнение бизнес-плана/Значения со страницы Выполнение бизнес-плана/Факт Отпуск в сеть за отчётный период Тулэнерго' is: '5 398 480'

09-12-2024T07:56:55 - [MESSAGE][PASSED] - Text of object 'Object Repository/Выполнение бизнес-плана/Значения со страницы Выполнение бизнес-плана/Факт Отпуск в сеть за отчётный период Тулэнерго' is: '5 398 480'

09-12-2024T07:56:55 - [TEST_STEP][PASSED] - page = page.replaceAll("\s+", ""): null

09-12-2024T07:56:55 - [TEST_STEP][PASSED] - fileOtpuskVSet = otpusk.toInteger(): null

09-12-2024T07:56:55 - [TEST_STEP][PASSED] - pageOtpuskVSet = page.toInteger(): null

09-12-2024T07:56:55 - [TEST_STEP][PASSED] - typeOfData = typeOfDataMain + " Потери": null

09-12-2024T07:56:55 - [TEST_STEP][PASSED] - if (a == 82): null

09-12-2024T07:56:55 - [TEST_STEP][PASSED] - else if (a == 84): null

09-12-2024T07:56:55 - [TEST_STEP][PASSED] - else if (a == 52 || a == 72 || a == 28 || a == 73 || a == 77 || a == 74 || a == 65 || a == 36 || a == 44 || a == 53 || a == 80 || a == 54 || a == 1 || a == 18 || a == 59 || a == 81): null

09-12-2024T07:56:55 - [TEST_STEP][PASSED] - else: null

09-12-2024T07:56:55 - [TEST_STEP][PASSED] - path = dataFolder + typeOfData + " за отчётный период " + b: null

09-12-2024T07:56:55 - [TEST_STEP][PASSED] - page = getText(findTestObject(path)): Text of object 'Object Repository/Выполнение бизнес-плана/Значения со страницы Выполнение бизнес-плана/Факт Потери за отчётный период Тулэнерго' is: '392 175'

09-12-2024T07:56:56 - [MESSAGE][PASSED] - Text of object 'Object Repository/Выполнение бизнес-плана/Значения со страницы Выполнение бизнес-плана/Факт Потери за отчётный период Тулэнерго' is: '392 175'

09-12-2024T07:56:56 - [TEST_STEP][PASSED] - page = page.replaceAll("\s+", ""): null

09-12-2024T07:56:56 - [TEST_STEP][PASSED] - filePoteri = poteri.toInteger(): null

09-12-2024T07:56:56 - [TEST_STEP][PASSED] - pagePoteri = page.toInteger(): null

09-12-2024T07:56:56 - [TEST_STEP][PASSED] - compare = pageOtpuskVSet: null

09-12-2024T07:56:56 - [TEST_STEP][PASSED] - if (compare == fileOtpuskVSet): null

09-12-2024T07:56:56 - [TEST_STEP][PASSED] - if (compare == fileOtpuskVSet): null

09-12-2024T07:56:56 - [TEST_STEP][PASSED] - compare = pagePoteri: null

09-12-2024T07:56:56 - [TEST_STEP][PASSED] - if (compare == filePoteri): null

09-12-2024T07:56:56 - [TEST_STEP][PASSED] - if (compare == filePoteri): null

09-12-2024T07:56:56 - [TEST_STEP][PASSED] - if (planFact == 2): null

09-12-2024T07:56:56 - [TEST_STEP][PASSED] - if (planFact == 1): null

09-12-2024T07:56:56 - [TEST_STEP][PASSED] - else if (planFact == 2): null

09-12-2024T07:56:56 - [TEST_STEP][PASSED] - click(findTestObject("Выполнение бизнес-плана/Кнопка План")): Object: 'Object Repository/Выполнение бизнес-плана/Кнопка План' is clicked on

09-12-2024T07:56:56 - [MESSAGE][PASSED] - Object: 'Object Repository/Выполнение бизнес-плана/Кнопка План' is clicked on

09-12-2024T07:56:56 - [TEST_STEP][PASSED] - typeOfDataMain = "План": null

09-12-2024T07:56:56 - [TEST_STEP][PASSED] - otpusk = findTestData("PlanFact").getValue(2, a): null

09-12-2024T07:56:56 - [TEST_STEP][PASSED] - poteri = findTestData("PlanFact").getValue(3, a): null

09-12-2024T07:56:56 - [TEST_STEP][PASSED] - otpusk = otpusk.replaceAll("\s+", ""): null

09-12-2024T07:56:56 - [TEST_STEP][PASSED] - poteri = poteri.replaceAll("\s+", ""): null

09-12-2024T07:56:56 - [TEST_STEP][PASSED] - typeOfData = typeOfDataMain + " Отпуск в сеть": null

09-12-2024T07:56:56 - [TEST_STEP][PASSED] - if (a == 82): null

09-12-2024T07:56:56 - [TEST_STEP][PASSED] - else if (a == 84): null

09-12-2024T07:56:56 - [TEST_STEP][PASSED] - else if (a == 52 || a == 72 || a == 28 || a == 73 || a == 77 || a == 74 || a == 65 || a == 36 || a == 44 || a == 53 || a == 80 || a == 54 || a == 1 || a == 18 || a == 59 || a == 81): null

09-12-2024T07:56:56 - [TEST_STEP][PASSED] - else: null

09-12-2024T07:56:56 - [TEST_STEP][PASSED] - path = dataFolder + typeOfData + " за отчётный период " + b: null

09-12-2024T07:56:56 - [TEST_STEP][PASSED] - println(path): null

09-12-2024T07:56:56 - [TEST_STEP][PASSED] - page = getText(findTestObject(path)): Text of object 'Object Repository/Выполнение бизнес-плана/Значения со страницы Выполнение бизнес-плана/План Отпуск в сеть за отчётный период Тулэнерго' is: '5 191 152'

09-12-2024T07:56:57 - [MESSAGE][PASSED] - Text of object 'Object Repository/Выполнение бизнес-плана/Значения со страницы Выполнение бизнес-плана/План Отпуск в сеть за отчётный период Тулэнерго' is: '5 191 152'

09-12-2024T07:56:57 - [TEST_STEP][PASSED] - page = page.replaceAll("\s+", ""): null

09-12-2024T07:56:57 - [TEST_STEP][PASSED] - fileOtpuskVSet = otpusk.toInteger(): null

09-12-2024T07:56:57 - [TEST_STEP][PASSED] - pageOtpuskVSet = page.toInteger(): null

09-12-2024T07:56:57 - [TEST_STEP][PASSED] - typeOfData = typeOfDataMain + " Потери": null

09-12-2024T07:56:57 - [TEST_STEP][PASSED] - if (a == 82): null

09-12-2024T07:56:57 - [TEST_STEP][PASSED] - else if (a == 84): null

09-12-2024T07:56:57 - [TEST_STEP][PASSED] - else if (a == 52 || a == 72 || a == 28 || a == 73 || a == 77 || a == 74 || a == 65 || a == 36 || a == 44 || a == 53 || a == 80 || a == 54 || a == 1 || a == 18 || a == 59 || a == 81): null

09-12-2024T07:56:57 - [TEST_STEP][PASSED] - else: null

09-12-2024T07:56:57 - [TEST_STEP][PASSED] - path = dataFolder + typeOfData + " за отчётный период " + b: null

09-12-2024T07:56:57 - [TEST_STEP][PASSED] - page = getText(findTestObject(path)): Text of object 'Object Repository/Выполнение бизнес-плана/Значения со страницы Выполнение бизнес-плана/План Потери за отчётный период Тулэнерго' is: '412 410'

09-12-2024T07:56:57 - [MESSAGE][PASSED] - Text of object 'Object Repository/Выполнение бизнес-плана/Значения со страницы Выполнение бизнес-плана/План Потери за отчётный период Тулэнерго' is: '412 410'

09-12-2024T07:56:57 - [TEST_STEP][PASSED] - page = page.replaceAll("\s+", ""): null

09-12-2024T07:56:57 - [TEST_STEP][PASSED] - filePoteri = poteri.toInteger(): null

09-12-2024T07:56:57 - [TEST_STEP][PASSED] - pagePoteri = page.toInteger(): null

09-12-2024T07:56:57 - [TEST_STEP][PASSED] - compare = pageOtpuskVSet: null

09-12-2024T07:56:57 - [TEST_STEP][PASSED] - if (compare == fileOtpuskVSet): null

09-12-2024T07:56:57 - [TEST_STEP][PASSED] - if (compare == fileOtpuskVSet): null

09-12-2024T07:56:57 - [TEST_STEP][PASSED] - compare = pagePoteri: null

09-12-2024T07:56:57 - [TEST_STEP][PASSED] - if (compare == filePoteri): null

09-12-2024T07:56:57 - [TEST_STEP][PASSED] - if (compare == filePoteri): null

09-12-2024T07:56:57 - [TEST_STEP][PASSED] - if (planFact == 2): Object: 'Object Repository/Выполнение бизнес-плана/Кнопка Факт' is clicked on

09-12-2024T07:56:57 - [TEST_STEP][PASSED] - click(findTestObject("Выполнение бизнес-плана/Кнопка Факт")): Object: 'Object Repository/Выполнение бизнес-плана/Кнопка Факт' is clicked on

09-12-2024T07:56:57 - [MESSAGE][PASSED] - Object: 'Object Repository/Выполнение бизнес-плана/Кнопка Факт' is clicked on

09-12-2024T07:56:57 - [TEST_STEP][PASSED] - if (a == 84 || a == 82): null

09-12-2024T07:56:57 - [TEST_STEP][PASSED] - else if (a == 52 || a == 72 || a == 28 || a == 73 || a == 77 || a == 74 || a == 65 || a == 36 || a == 44 || a == 53 || a == 80 || a == 54 || a == 1 || a == 18 || a == 59 || a == 81): null

09-12-2024T07:56:57 - [TEST_STEP][PASSED] - else: null

09-12-2024T07:56:57 - [TEST_STEP][PASSED] - page1 = getText(findTestObject("Object Repository/Выполнение бизнес-плана/spanPlan" + filialNum)): Text of object 'Object Repository/Выполнение бизнес-плана/spanPlan8' is: '7.94
|'

09-12-2024T07:56:57 - [MESSAGE][PASSED] - Text of object 'Object Repository/Выполнение бизнес-плана/spanPlan8' is: '7.94
|'

09-12-2024T07:56:57 - [TEST_STEP][PASSED] - page1 = page1.replace("|", ""): null

09-12-2024T07:56:57 - [TEST_STEP][PASSED] - page2 = getText(findTestObject("Object Repository/Выполнение бизнес-плана/spanFact" + filialNum)): Text of object 'Object Repository/Выполнение бизнес-плана/spanFact8' is: '7.26
|'

09-12-2024T07:56:58 - [MESSAGE][PASSED] - Text of object 'Object Repository/Выполнение бизнес-плана/spanFact8' is: '7.26
|'

09-12-2024T07:56:58 - [TEST_STEP][PASSED] - page2 = page2.replace("|", ""): null

09-12-2024T07:56:58 - [TEST_STEP][PASSED] - println("page1: " + page1): null

09-12-2024T07:56:58 - [TEST_STEP][PASSED] - println("page2: " + page2): null

09-12-2024T07:56:58 - [TEST_STEP][PASSED] - file = findTestData("PlanFact").getValue(4, a): null

09-12-2024T07:56:58 - [TEST_STEP][PASSED] - file = file.replace(",", "."): null

09-12-2024T07:56:58 - [TEST_STEP][PASSED] - println("file Plan: " + file): null

09-12-2024T07:56:58 - [TEST_STEP][PASSED] - typeOfData = "План в процентах": null

09-12-2024T07:56:58 - [TEST_STEP][PASSED] - fileDouble = file.toDouble(): null

09-12-2024T07:56:58 - [TEST_STEP][PASSED] - pageDouble = page1.toDouble(): null

09-12-2024T07:56:58 - [TEST_STEP][PASSED] - if (fileDouble != pageDouble): null

09-12-2024T07:56:58 - [TEST_STEP][PASSED] - file = findTestData("PlanFact").getValue(7, a): null

09-12-2024T07:56:58 - [TEST_STEP][PASSED] - file = file.replace(",", "."): null

09-12-2024T07:56:58 - [TEST_STEP][PASSED] - println("file Fact: " + file): null

09-12-2024T07:56:58 - [TEST_STEP][PASSED] - fileDouble = file.toDouble(): null

09-12-2024T07:56:58 - [TEST_STEP][PASSED] - typeOfData = "Факт в процентах": null

09-12-2024T07:56:58 - [TEST_STEP][PASSED] - fileDouble = file.toDouble(): null

09-12-2024T07:56:58 - [TEST_STEP][PASSED] - pageDouble = page2.toDouble(): null

09-12-2024T07:56:58 - [TEST_STEP][PASSED] - if (fileDouble != pageDouble): null

09-12-2024T07:56:58 - [TEST_STEP][PASSED] - if (verifyEqual(numberOfErrors, 0) == false): Actual object '0' and expected object '0' are equal

09-12-2024T07:56:58 - [MESSAGE][PASSED] - Actual object '0' and expected object '0' are equal

09-12-2024T07:56:58 - [TEST_STEP][PASSED] - if (a == 82): null

09-12-2024T07:56:58 - [TEST_STEP][PASSED] - dZO = "Удмуртэнерго": null

09-12-2024T07:56:58 - [TEST_STEP][PASSED] - a = 27: null

09-12-2024T07:56:58 - [TEST_STEP][PASSED] - if (x2.contains(dZO)): null

09-12-2024T07:56:58 - [TEST_STEP][PASSED] - filialNum = filialNum + 1: null

09-12-2024T07:56:58 - [TEST_STEP][PASSED] - Script1718980020443.Numbers(a, typeOfData, todaysDate, pageInt, fileInt, pageDouble, fileDouble, dZO, dzoNum, filialNum): null

09-12-2024T07:56:58 - [TEST_STEP][PASSED] - println(dzoNum): null

09-12-2024T07:56:58 - [TEST_STEP][PASSED] - planFact = <not implemented yet for class: org.codehaus.groovy.ast.expr.EmptyExpression>: null

09-12-2024T07:56:58 - [TEST_STEP][PASSED] - page = <not implemented yet for class: org.codehaus.groovy.ast.expr.EmptyExpression>: null

09-12-2024T07:56:58 - [TEST_STEP][PASSED] - page1 = <not implemented yet for class: org.codehaus.groovy.ast.expr.EmptyExpression>: null

09-12-2024T07:56:58 - [TEST_STEP][PASSED] - page2 = <not implemented yet for class: org.codehaus.groovy.ast.expr.EmptyExpression>: null

09-12-2024T07:56:58 - [TEST_STEP][PASSED] - filialNumberInRow = <not implemented yet for class: org.codehaus.groovy.ast.expr.EmptyExpression>: null

09-12-2024T07:56:58 - [TEST_STEP][PASSED] - filialsDzoNames = <not implemented yet for class: org.codehaus.groovy.ast.expr.EmptyExpression>: null

09-12-2024T07:56:58 - [TEST_STEP][PASSED] - numberOfFilials = <not implemented yet for class: org.codehaus.groovy.ast.expr.EmptyExpression>: null

09-12-2024T07:56:58 - [TEST_STEP][PASSED] - numberOfSpaces = <not implemented yet for class: org.codehaus.groovy.ast.expr.EmptyExpression>: null

09-12-2024T07:56:58 - [TEST_STEP][PASSED] - file = <not implemented yet for class: org.codehaus.groovy.ast.expr.EmptyExpression>: null

09-12-2024T07:56:58 - [TEST_STEP][PASSED] - otpusk = <not implemented yet for class: org.codehaus.groovy.ast.expr.EmptyExpression>: null

09-12-2024T07:56:58 - [TEST_STEP][PASSED] - poteri = <not implemented yet for class: org.codehaus.groovy.ast.expr.EmptyExpression>: null

09-12-2024T07:56:58 - [TEST_STEP][PASSED] - dataFolder = "Выполнение бизнес-плана/Значения со страницы Выполнение бизнес-плана/": null

09-12-2024T07:56:58 - [TEST_STEP][PASSED] - path = <not implemented yet for class: org.codehaus.groovy.ast.expr.EmptyExpression>: null

09-12-2024T07:56:58 - [TEST_STEP][PASSED] - typeOfDataMain = <not implemented yet for class: org.codehaus.groovy.ast.expr.EmptyExpression>: null

09-12-2024T07:56:58 - [TEST_STEP][PASSED] - fileOtpuskVSet = <not implemented yet for class: org.codehaus.groovy.ast.expr.EmptyExpression>: null

09-12-2024T07:56:58 - [TEST_STEP][PASSED] - pageOtpuskVSet = <not implemented yet for class: org.codehaus.groovy.ast.expr.EmptyExpression>: null

09-12-2024T07:56:58 - [TEST_STEP][PASSED] - filePoteri = <not implemented yet for class: org.codehaus.groovy.ast.expr.EmptyExpression>: null

09-12-2024T07:56:58 - [TEST_STEP][PASSED] - pagePoteri = <not implemented yet for class: org.codehaus.groovy.ast.expr.EmptyExpression>: null

09-12-2024T07:56:58 - [TEST_STEP][PASSED] - compare = <not implemented yet for class: org.codehaus.groovy.ast.expr.EmptyExpression>: null

09-12-2024T07:56:58 - [TEST_STEP][PASSED] - b = <not implemented yet for class: org.codehaus.groovy.ast.expr.EmptyExpression>: null

09-12-2024T07:56:58 - [TEST_STEP][PASSED] - i = <not implemented yet for class: org.codehaus.groovy.ast.expr.EmptyExpression>: null

09-12-2024T07:56:58 - [TEST_STEP][PASSED] - ii = <not implemented yet for class: org.codehaus.groovy.ast.expr.EmptyExpression>: null

09-12-2024T07:56:58 - [TEST_STEP][PASSED] - c = <not implemented yet for class: org.codehaus.groovy.ast.expr.EmptyExpression>: null

09-12-2024T07:56:58 - [TEST_STEP][PASSED] - numberOfErrors = 0: null

09-12-2024T07:56:58 - [TEST_STEP][PASSED] - if (a == 82): null

09-12-2024T07:56:58 - [TEST_STEP][PASSED] - b = findTestData("PlanFact").getValue(1, a): null

09-12-2024T07:56:58 - [TEST_STEP][PASSED] - i = b.indexOf(" (ГК)"): null

09-12-2024T07:56:58 - [TEST_STEP][PASSED] - if (i > -1): null

09-12-2024T07:56:58 - [TEST_STEP][PASSED] - i = b.indexOf("О ""): null

09-12-2024T07:56:58 - [TEST_STEP][PASSED] - if (i > -1): null

09-12-2024T07:56:58 - [TEST_STEP][PASSED] - i = b.indexOf("О «"): null

09-12-2024T07:56:58 - [TEST_STEP][PASSED] - if (i > -1): null

09-12-2024T07:56:58 - [TEST_STEP][PASSED] - i = b.indexOf("г. "): null

09-12-2024T07:56:58 - [TEST_STEP][PASSED] - if (i > -1): null

09-12-2024T07:56:58 - [TEST_STEP][PASSED] - println(b): null

09-12-2024T07:56:58 - [TEST_STEP][PASSED] - for ([planFact = 1, planFact < 3, (planFact++)]): Object: 'Object Repository/Выполнение бизнес-плана/Кнопка Факт' is clicked on

09-12-2024T07:56:58 - [TEST_STEP][PASSED] - if (planFact == 1): null

09-12-2024T07:56:58 - [TEST_STEP][PASSED] - typeOfDataMain = "Факт": null

09-12-2024T07:56:58 - [TEST_STEP][PASSED] - otpusk = findTestData("PlanFact").getValue(5, a): null

09-12-2024T07:56:58 - [TEST_STEP][PASSED] - poteri = findTestData("PlanFact").getValue(6, a): null

09-12-2024T07:56:58 - [TEST_STEP][PASSED] - otpusk = otpusk.replaceAll("\s+", ""): null

09-12-2024T07:56:58 - [TEST_STEP][PASSED] - poteri = poteri.replaceAll("\s+", ""): null

09-12-2024T07:56:58 - [TEST_STEP][PASSED] - typeOfData = typeOfDataMain + " Отпуск в сеть": null

09-12-2024T07:56:58 - [TEST_STEP][PASSED] - if (a == 82): null

09-12-2024T07:56:58 - [TEST_STEP][PASSED] - else if (a == 84): null

09-12-2024T07:56:58 - [TEST_STEP][PASSED] - else if (a == 52 || a == 72 || a == 28 || a == 73 || a == 77 || a == 74 || a == 65 || a == 36 || a == 44 || a == 53 || a == 80 || a == 54 || a == 1 || a == 18 || a == 59 || a == 81): null

09-12-2024T07:56:58 - [TEST_STEP][PASSED] - else: null

09-12-2024T07:56:58 - [TEST_STEP][PASSED] - path = dataFolder + typeOfData + " за отчётный период " + b: null

09-12-2024T07:56:58 - [TEST_STEP][PASSED] - println(path): null

09-12-2024T07:56:58 - [TEST_STEP][PASSED] - page = getText(findTestObject(path)): Text of object 'Object Repository/Выполнение бизнес-плана/Значения со страницы Выполнение бизнес-плана/Факт Отпуск в сеть за отчётный период Удмуртэнерго' is: '6 487 195'

09-12-2024T07:56:58 - [MESSAGE][PASSED] - Text of object 'Object Repository/Выполнение бизнес-плана/Значения со страницы Выполнение бизнес-плана/Факт Отпуск в сеть за отчётный период Удмуртэнерго' is: '6 487 195'

09-12-2024T07:56:58 - [TEST_STEP][PASSED] - page = page.replaceAll("\s+", ""): null

09-12-2024T07:56:58 - [TEST_STEP][PASSED] - fileOtpuskVSet = otpusk.toInteger(): null

09-12-2024T07:56:58 - [TEST_STEP][PASSED] - pageOtpuskVSet = page.toInteger(): null

09-12-2024T07:56:58 - [TEST_STEP][PASSED] - typeOfData = typeOfDataMain + " Потери": null

09-12-2024T07:56:58 - [TEST_STEP][PASSED] - if (a == 82): null

09-12-2024T07:56:58 - [TEST_STEP][PASSED] - else if (a == 84): null

09-12-2024T07:56:58 - [TEST_STEP][PASSED] - else if (a == 52 || a == 72 || a == 28 || a == 73 || a == 77 || a == 74 || a == 65 || a == 36 || a == 44 || a == 53 || a == 80 || a == 54 || a == 1 || a == 18 || a == 59 || a == 81): null

09-12-2024T07:56:58 - [TEST_STEP][PASSED] - else: null

09-12-2024T07:56:58 - [TEST_STEP][PASSED] - path = dataFolder + typeOfData + " за отчётный период " + b: null

09-12-2024T07:56:58 - [TEST_STEP][PASSED] - page = getText(findTestObject(path)): Text of object 'Object Repository/Выполнение бизнес-плана/Значения со страницы Выполнение бизнес-плана/Факт Потери за отчётный период Удмуртэнерго' is: '404 316'

09-12-2024T07:56:59 - [MESSAGE][PASSED] - Text of object 'Object Repository/Выполнение бизнес-плана/Значения со страницы Выполнение бизнес-плана/Факт Потери за отчётный период Удмуртэнерго' is: '404 316'

09-12-2024T07:56:59 - [TEST_STEP][PASSED] - page = page.replaceAll("\s+", ""): null

09-12-2024T07:56:59 - [TEST_STEP][PASSED] - filePoteri = poteri.toInteger(): null

09-12-2024T07:56:59 - [TEST_STEP][PASSED] - pagePoteri = page.toInteger(): null

09-12-2024T07:56:59 - [TEST_STEP][PASSED] - compare = pageOtpuskVSet: null

09-12-2024T07:56:59 - [TEST_STEP][PASSED] - if (compare == fileOtpuskVSet): null

09-12-2024T07:56:59 - [TEST_STEP][PASSED] - if (compare == fileOtpuskVSet): null

09-12-2024T07:56:59 - [TEST_STEP][PASSED] - compare = pagePoteri: null

09-12-2024T07:56:59 - [TEST_STEP][PASSED] - if (compare == filePoteri): null

09-12-2024T07:56:59 - [TEST_STEP][PASSED] - if (compare == filePoteri): null

09-12-2024T07:56:59 - [TEST_STEP][PASSED] - if (planFact == 2): null

09-12-2024T07:56:59 - [TEST_STEP][PASSED] - if (planFact == 1): null

09-12-2024T07:56:59 - [TEST_STEP][PASSED] - else if (planFact == 2): null

09-12-2024T07:56:59 - [TEST_STEP][PASSED] - click(findTestObject("Выполнение бизнес-плана/Кнопка План")): Object: 'Object Repository/Выполнение бизнес-плана/Кнопка План' is clicked on

09-12-2024T07:56:59 - [MESSAGE][PASSED] - Object: 'Object Repository/Выполнение бизнес-плана/Кнопка План' is clicked on

09-12-2024T07:56:59 - [TEST_STEP][PASSED] - typeOfDataMain = "План": null

09-12-2024T07:56:59 - [TEST_STEP][PASSED] - otpusk = findTestData("PlanFact").getValue(2, a): null

09-12-2024T07:56:59 - [TEST_STEP][PASSED] - poteri = findTestData("PlanFact").getValue(3, a): null

09-12-2024T07:56:59 - [TEST_STEP][PASSED] - otpusk = otpusk.replaceAll("\s+", ""): null

09-12-2024T07:56:59 - [TEST_STEP][PASSED] - poteri = poteri.replaceAll("\s+", ""): null

09-12-2024T07:56:59 - [TEST_STEP][PASSED] - typeOfData = typeOfDataMain + " Отпуск в сеть": null

09-12-2024T07:56:59 - [TEST_STEP][PASSED] - if (a == 82): null

09-12-2024T07:56:59 - [TEST_STEP][PASSED] - else if (a == 84): null

09-12-2024T07:56:59 - [TEST_STEP][PASSED] - else if (a == 52 || a == 72 || a == 28 || a == 73 || a == 77 || a == 74 || a == 65 || a == 36 || a == 44 || a == 53 || a == 80 || a == 54 || a == 1 || a == 18 || a == 59 || a == 81): null

09-12-2024T07:56:59 - [TEST_STEP][PASSED] - else: null

09-12-2024T07:56:59 - [TEST_STEP][PASSED] - path = dataFolder + typeOfData + " за отчётный период " + b: null

09-12-2024T07:56:59 - [TEST_STEP][PASSED] - println(path): null

09-12-2024T07:56:59 - [TEST_STEP][PASSED] - page = getText(findTestObject(path)): Text of object 'Object Repository/Выполнение бизнес-плана/Значения со страницы Выполнение бизнес-плана/План Отпуск в сеть за отчётный период Удмуртэнерго' is: '6 281 439'

09-12-2024T07:57:00 - [MESSAGE][PASSED] - Text of object 'Object Repository/Выполнение бизнес-плана/Значения со страницы Выполнение бизнес-плана/План Отпуск в сеть за отчётный период Удмуртэнерго' is: '6 281 439'

09-12-2024T07:57:00 - [TEST_STEP][PASSED] - page = page.replaceAll("\s+", ""): null

09-12-2024T07:57:00 - [TEST_STEP][PASSED] - fileOtpuskVSet = otpusk.toInteger(): null

09-12-2024T07:57:00 - [TEST_STEP][PASSED] - pageOtpuskVSet = page.toInteger(): null

09-12-2024T07:57:00 - [TEST_STEP][PASSED] - typeOfData = typeOfDataMain + " Потери": null

09-12-2024T07:57:00 - [TEST_STEP][PASSED] - if (a == 82): null

09-12-2024T07:57:00 - [TEST_STEP][PASSED] - else if (a == 84): null

09-12-2024T07:57:00 - [TEST_STEP][PASSED] - else if (a == 52 || a == 72 || a == 28 || a == 73 || a == 77 || a == 74 || a == 65 || a == 36 || a == 44 || a == 53 || a == 80 || a == 54 || a == 1 || a == 18 || a == 59 || a == 81): null

09-12-2024T07:57:00 - [TEST_STEP][PASSED] - else: null

09-12-2024T07:57:00 - [TEST_STEP][PASSED] - path = dataFolder + typeOfData + " за отчётный период " + b: null

09-12-2024T07:57:00 - [TEST_STEP][PASSED] - page = getText(findTestObject(path)): Text of object 'Object Repository/Выполнение бизнес-плана/Значения со страницы Выполнение бизнес-плана/План Потери за отчётный период Удмуртэнерго' is: '401 412'

09-12-2024T07:57:00 - [MESSAGE][PASSED] - Text of object 'Object Repository/Выполнение бизнес-плана/Значения со страницы Выполнение бизнес-плана/План Потери за отчётный период Удмуртэнерго' is: '401 412'

09-12-2024T07:57:00 - [TEST_STEP][PASSED] - page = page.replaceAll("\s+", ""): null

09-12-2024T07:57:00 - [TEST_STEP][PASSED] - filePoteri = poteri.toInteger(): null

09-12-2024T07:57:00 - [TEST_STEP][PASSED] - pagePoteri = page.toInteger(): null

09-12-2024T07:57:00 - [TEST_STEP][PASSED] - compare = pageOtpuskVSet: null

09-12-2024T07:57:00 - [TEST_STEP][PASSED] - if (compare == fileOtpuskVSet): null

09-12-2024T07:57:00 - [TEST_STEP][PASSED] - if (compare == fileOtpuskVSet): null

09-12-2024T07:57:00 - [TEST_STEP][PASSED] - compare = pagePoteri: null

09-12-2024T07:57:00 - [TEST_STEP][PASSED] - if (compare == filePoteri): null

09-12-2024T07:57:00 - [TEST_STEP][PASSED] - if (compare == filePoteri): null

09-12-2024T07:57:00 - [TEST_STEP][PASSED] - if (planFact == 2): Object: 'Object Repository/Выполнение бизнес-плана/Кнопка Факт' is clicked on

09-12-2024T07:57:00 - [TEST_STEP][PASSED] - click(findTestObject("Выполнение бизнес-плана/Кнопка Факт")): Object: 'Object Repository/Выполнение бизнес-плана/Кнопка Факт' is clicked on

09-12-2024T07:57:00 - [MESSAGE][PASSED] - Object: 'Object Repository/Выполнение бизнес-плана/Кнопка Факт' is clicked on

09-12-2024T07:57:00 - [TEST_STEP][PASSED] - if (a == 84 || a == 82): null

09-12-2024T07:57:00 - [TEST_STEP][PASSED] - else if (a == 52 || a == 72 || a == 28 || a == 73 || a == 77 || a == 74 || a == 65 || a == 36 || a == 44 || a == 53 || a == 80 || a == 54 || a == 1 || a == 18 || a == 59 || a == 81): null

09-12-2024T07:57:00 - [TEST_STEP][PASSED] - else: null

09-12-2024T07:57:00 - [TEST_STEP][PASSED] - page1 = getText(findTestObject("Object Repository/Выполнение бизнес-плана/spanPlan" + filialNum)): Text of object 'Object Repository/Выполнение бизнес-плана/spanPlan9' is: '6.39
|'

09-12-2024T07:57:00 - [MESSAGE][PASSED] - Text of object 'Object Repository/Выполнение бизнес-плана/spanPlan9' is: '6.39
|'

09-12-2024T07:57:00 - [TEST_STEP][PASSED] - page1 = page1.replace("|", ""): null

09-12-2024T07:57:00 - [TEST_STEP][PASSED] - page2 = getText(findTestObject("Object Repository/Выполнение бизнес-плана/spanFact" + filialNum)): Text of object 'Object Repository/Выполнение бизнес-плана/spanFact9' is: '6.23
|'

09-12-2024T07:57:01 - [MESSAGE][PASSED] - Text of object 'Object Repository/Выполнение бизнес-плана/spanFact9' is: '6.23
|'

09-12-2024T07:57:01 - [TEST_STEP][PASSED] - page2 = page2.replace("|", ""): null

09-12-2024T07:57:01 - [TEST_STEP][PASSED] - println("page1: " + page1): null

09-12-2024T07:57:01 - [TEST_STEP][PASSED] - println("page2: " + page2): null

09-12-2024T07:57:01 - [TEST_STEP][PASSED] - file = findTestData("PlanFact").getValue(4, a): null

09-12-2024T07:57:01 - [TEST_STEP][PASSED] - file = file.replace(",", "."): null

09-12-2024T07:57:01 - [TEST_STEP][PASSED] - println("file Plan: " + file): null

09-12-2024T07:57:01 - [TEST_STEP][PASSED] - typeOfData = "План в процентах": null

09-12-2024T07:57:01 - [TEST_STEP][PASSED] - fileDouble = file.toDouble(): null

09-12-2024T07:57:01 - [TEST_STEP][PASSED] - pageDouble = page1.toDouble(): null

09-12-2024T07:57:01 - [TEST_STEP][PASSED] - if (fileDouble != pageDouble): null

09-12-2024T07:57:01 - [TEST_STEP][PASSED] - file = findTestData("PlanFact").getValue(7, a): null

09-12-2024T07:57:01 - [TEST_STEP][PASSED] - file = file.replace(",", "."): null

09-12-2024T07:57:01 - [TEST_STEP][PASSED] - println("file Fact: " + file): null

09-12-2024T07:57:01 - [TEST_STEP][PASSED] - fileDouble = file.toDouble(): null

09-12-2024T07:57:01 - [TEST_STEP][PASSED] - typeOfData = "Факт в процентах": null

09-12-2024T07:57:01 - [TEST_STEP][PASSED] - fileDouble = file.toDouble(): null

09-12-2024T07:57:01 - [TEST_STEP][PASSED] - pageDouble = page2.toDouble(): null

09-12-2024T07:57:01 - [TEST_STEP][PASSED] - if (fileDouble != pageDouble): null

09-12-2024T07:57:01 - [TEST_STEP][PASSED] - if (verifyEqual(numberOfErrors, 0) == false): Actual object '0' and expected object '0' are equal

09-12-2024T07:57:01 - [MESSAGE][PASSED] - Actual object '0' and expected object '0' are equal

09-12-2024T07:57:01 - [TEST_STEP][PASSED] - if (a == 82): null

09-12-2024T07:57:01 - [TEST_STEP][PASSED] - filialNum = 0: null

09-12-2024T07:57:01 - [TEST_STEP][PASSED] - if (a == 36): null

09-12-2024T07:57:01 - [TEST_STEP][PASSED] - if (a == 44): null

09-12-2024T07:57:01 - [TEST_STEP][PASSED] - if (a == 54): null

09-12-2024T07:57:01 - [TEST_STEP][PASSED] - if (a == 59): null

09-12-2024T07:57:01 - [TEST_STEP][PASSED] - Script1718980020443.OpenFilter(): null

09-12-2024T07:57:01 - [TEST_STEP][PASSED] - click(findTestObject("Object Repository/Выполнение бизнес-плана/Фильтр ДЗО")): Object: 'Object Repository/Выполнение бизнес-плана/Фильтр ДЗО' is clicked on

09-12-2024T07:57:01 - [MESSAGE][PASSED] - Object: 'Object Repository/Выполнение бизнес-плана/Фильтр ДЗО' is clicked on

09-12-2024T07:57:01 - [TEST_STEP][PASSED] - click(findTestObject("Выполнение бизнес-плана/Снять выделение в фильтре ДЗО")): Object: 'Object Repository/Выполнение бизнес-плана/Снять выделение в фильтре ДЗО' is clicked on

09-12-2024T07:57:02 - [MESSAGE][PASSED] - Object: 'Object Repository/Выполнение бизнес-плана/Снять выделение в фильтре ДЗО' is clicked on

09-12-2024T07:57:02 - [TEST_STEP][PASSED] - Script1718980020443.CloseFilter(): null

09-12-2024T07:57:02 - [TEST_STEP][PASSED] - scrollToElement(findTestObject("Выполнение бизнес-плана/Заголовок дашборда"), 30): Scroll to object 'Object Repository/Выполнение бизнес-плана/Заголовок дашборда' successfully

09-12-2024T07:57:02 - [MESSAGE][PASSED] - Scroll to object 'Object Repository/Выполнение бизнес-плана/Заголовок дашборда' successfully

09-12-2024T07:57:02 - [TEST_STEP][PASSED] - click(findTestObject("Object Repository/Выполнение бизнес-плана/Применить в фильтре ДЗО")): Object: 'Object Repository/Выполнение бизнес-плана/Применить в фильтре ДЗО' is clicked on

09-12-2024T07:57:03 - [MESSAGE][PASSED] - Object: 'Object Repository/Выполнение бизнес-плана/Применить в фильтре ДЗО' is clicked on

09-12-2024T07:57:03 - [TEST_STEP][PASSED] - if (a == 82): null

09-12-2024T07:57:03 - [TEST_STEP][PASSED] - println(dzoNum): null

09-12-2024T07:57:03 - [TEST_STEP][PASSED] - dZO = "Россети Юг": null

09-12-2024T07:57:03 - [TEST_STEP][PASSED] - a = 59: null

09-12-2024T07:57:03 - [TEST_STEP][PASSED] - if (x1.contains(dZO)): null

09-12-2024T07:57:03 - [TEST_STEP][PASSED] - else: null

09-12-2024T07:57:03 - [TEST_STEP][PASSED] - Script1718980020443.NoData(a, typeOfData, todaysDate, fileInt, fileDouble, dZO): null

09-12-2024T07:57:03 - [TEST_STEP][PASSED] - println(a): null

09-12-2024T07:57:03 - [TEST_STEP][PASSED] - println(todaysDate): null

09-12-2024T07:57:03 - [TEST_STEP][PASSED] - println(fileInt): null

09-12-2024T07:57:03 - [TEST_STEP][PASSED] - println(fileDouble): null

09-12-2024T07:57:03 - [TEST_STEP][PASSED] - println(dZO): null

09-12-2024T07:57:03 - [TEST_STEP][PASSED] - typeOfData = "Факт Отпуск в сеть": null

09-12-2024T07:57:03 - [TEST_STEP][PASSED] - fileInt = replaceAll("\s+", "").toInteger(): null

09-12-2024T07:57:03 - [TEST_STEP][PASSED] - Script1718980020443.WriteToExcelNoData(a, typeOfData, todaysDate, fileInt, fileDouble, dZO): null

09-12-2024T07:57:03 - [TEST_STEP][PASSED] - sheetName = "Sheet1": null

09-12-2024T07:57:03 - [TEST_STEP][PASSED] - data = findTestData("PlanFact"): null

09-12-2024T07:57:03 - [TEST_STEP][PASSED] - n = data.getRowNumbers() + 1: null

09-12-2024T07:57:03 - [TEST_STEP][PASSED] - year = todaysDate.substring(todaysDate.length() - 4, todaysDate.length()): null

09-12-2024T07:57:03 - [TEST_STEP][PASSED] - y = year.toInteger(): null

09-12-2024T07:57:03 - [TEST_STEP][PASSED] - m = getText(findTestObject("Выполнение бизнес-плана/Период")): Text of object 'Object Repository/Выполнение бизнес-плана/Период' is: '1, 2, 3 кв., Октябрь 2024 года'

09-12-2024T07:57:30 - [MESSAGE][PASSED] - Text of object 'Object Repository/Выполнение бизнес-плана/Период' is: '1, 2, 3 кв., Октябрь 2024 года'

09-12-2024T07:57:30 - [TEST_STEP][PASSED] - m = m.substring(0, m.indexOf("2024")): null

09-12-2024T07:57:30 - [TEST_STEP][PASSED] - m = m.trim(): null

09-12-2024T07:57:30 - [TEST_STEP][PASSED] - dashboardName = "Выполнение бизнес-плана": null

09-12-2024T07:57:30 - [TEST_STEP][PASSED] - workbook01 = getWorkbook(excelFilePath): null

09-12-2024T07:57:30 - [TEST_STEP][PASSED] - sheet01 = getExcelSheet(workbook01, sheetName): null

09-12-2024T07:57:30 - [TEST_STEP][PASSED] - setValueToCellByIndex(sheet01, n, 0, dashboardName): null

09-12-2024T07:57:30 - [TEST_STEP][PASSED] - setValueToCellByIndex(sheet01, n, 1, dZO): null

09-12-2024T07:57:30 - [TEST_STEP][PASSED] - setValueToCellByIndex(sheet01, n, 2, typeOfData): null

09-12-2024T07:57:30 - [TEST_STEP][PASSED] - if (typeOfData == "Факт в процентах" || typeOfData == "План в процентах"): null

09-12-2024T07:57:30 - [TEST_STEP][PASSED] - else: null

09-12-2024T07:57:30 - [TEST_STEP][PASSED] - setValueToCellByIndex(sheet01, n, 3, fileInt): null

09-12-2024T07:57:30 - [TEST_STEP][PASSED] - setValueToCellByIndex(sheet01, n, 4, "нет данных"): null

09-12-2024T07:57:30 - [TEST_STEP][PASSED] - setValueToCellByIndex(sheet01, n, 5, m): null

09-12-2024T07:57:30 - [TEST_STEP][PASSED] - setValueToCellByIndex(sheet01, n, 6, y): null

09-12-2024T07:57:30 - [TEST_STEP][PASSED] - setValueToCellByIndex(sheet01, n, 7, todaysDate): null

09-12-2024T07:57:30 - [TEST_STEP][PASSED] - n = n + 1: null

09-12-2024T07:57:30 - [TEST_STEP][PASSED] - saveWorkbook(excelFilePath, workbook01): null

09-12-2024T07:57:30 - [TEST_STEP][PASSED] - typeOfData = "Факт Потери": null

09-12-2024T07:57:30 - [TEST_STEP][PASSED] - fileInt = replaceAll("\s+", "").toInteger(): null

09-12-2024T07:57:30 - [TEST_STEP][PASSED] - Script1718980020443.WriteToExcelNoData(a, typeOfData, todaysDate, fileInt, fileDouble, dZO): null

09-12-2024T07:57:30 - [TEST_STEP][PASSED] - sheetName = "Sheet1": null

09-12-2024T07:57:30 - [TEST_STEP][PASSED] - data = findTestData("PlanFact"): null

09-12-2024T07:57:31 - [TEST_STEP][PASSED] - n = data.getRowNumbers() + 1: null

09-12-2024T07:57:31 - [TEST_STEP][PASSED] - year = todaysDate.substring(todaysDate.length() - 4, todaysDate.length()): null

09-12-2024T07:57:31 - [TEST_STEP][PASSED] - y = year.toInteger(): null

09-12-2024T07:57:31 - [TEST_STEP][PASSED] - m = getText(findTestObject("Выполнение бизнес-плана/Период")): Text of object 'Object Repository/Выполнение бизнес-плана/Период' is: '1, 2, 3 кв., Октябрь 2024 года'

09-12-2024T07:57:31 - [MESSAGE][PASSED] - Text of object 'Object Repository/Выполнение бизнес-плана/Период' is: '1, 2, 3 кв., Октябрь 2024 года'

09-12-2024T07:57:31 - [TEST_STEP][PASSED] - m = m.substring(0, m.indexOf("2024")): null

09-12-2024T07:57:31 - [TEST_STEP][PASSED] - m = m.trim(): null

09-12-2024T07:57:31 - [TEST_STEP][PASSED] - dashboardName = "Выполнение бизнес-плана": null

09-12-2024T07:57:31 - [TEST_STEP][PASSED] - workbook01 = getWorkbook(excelFilePath): null

09-12-2024T07:57:31 - [TEST_STEP][PASSED] - sheet01 = getExcelSheet(workbook01, sheetName): null

09-12-2024T07:57:31 - [TEST_STEP][PASSED] - setValueToCellByIndex(sheet01, n, 0, dashboardName): null

09-12-2024T07:57:31 - [TEST_STEP][PASSED] - setValueToCellByIndex(sheet01, n, 1, dZO): null

09-12-2024T07:57:31 - [TEST_STEP][PASSED] - setValueToCellByIndex(sheet01, n, 2, typeOfData): null

09-12-2024T07:57:31 - [TEST_STEP][PASSED] - if (typeOfData == "Факт в процентах" || typeOfData == "План в процентах"): null

09-12-2024T07:57:31 - [TEST_STEP][PASSED] - else: null

09-12-2024T07:57:31 - [TEST_STEP][PASSED] - setValueToCellByIndex(sheet01, n, 3, fileInt): null

09-12-2024T07:57:31 - [TEST_STEP][PASSED] - setValueToCellByIndex(sheet01, n, 4, "нет данных"): null

09-12-2024T07:57:31 - [TEST_STEP][PASSED] - setValueToCellByIndex(sheet01, n, 5, m): null

09-12-2024T07:57:31 - [TEST_STEP][PASSED] - setValueToCellByIndex(sheet01, n, 6, y): null

09-12-2024T07:57:31 - [TEST_STEP][PASSED] - setValueToCellByIndex(sheet01, n, 7, todaysDate): null

09-12-2024T07:57:31 - [TEST_STEP][PASSED] - n = n + 1: null

09-12-2024T07:57:31 - [TEST_STEP][PASSED] - saveWorkbook(excelFilePath, workbook01): null

09-12-2024T07:57:31 - [TEST_STEP][PASSED] - typeOfData = "План Отпуск в сеть": null

09-12-2024T07:57:31 - [TEST_STEP][PASSED] - fileInt = replaceAll("\s+", "").toInteger(): null

09-12-2024T07:57:31 - [TEST_STEP][PASSED] - Script1718980020443.WriteToExcelNoData(a, typeOfData, todaysDate, fileInt, fileDouble, dZO): null

09-12-2024T07:57:31 - [TEST_STEP][PASSED] - sheetName = "Sheet1": null

09-12-2024T07:57:31 - [TEST_STEP][PASSED] - data = findTestData("PlanFact"): null

09-12-2024T07:57:31 - [TEST_STEP][PASSED] - n = data.getRowNumbers() + 1: null

09-12-2024T07:57:31 - [TEST_STEP][PASSED] - year = todaysDate.substring(todaysDate.length() - 4, todaysDate.length()): null

09-12-2024T07:57:31 - [TEST_STEP][PASSED] - y = year.toInteger(): null

09-12-2024T07:57:31 - [TEST_STEP][PASSED] - m = getText(findTestObject("Выполнение бизнес-плана/Период")): Text of object 'Object Repository/Выполнение бизнес-плана/Период' is: '1, 2, 3 кв., Октябрь 2024 года'

09-12-2024T07:57:31 - [MESSAGE][PASSED] - Text of object 'Object Repository/Выполнение бизнес-плана/Период' is: '1, 2, 3 кв., Октябрь 2024 года'

09-12-2024T07:57:31 - [TEST_STEP][PASSED] - m = m.substring(0, m.indexOf("2024")): null

09-12-2024T07:57:31 - [TEST_STEP][PASSED] - m = m.trim(): null

09-12-2024T07:57:31 - [TEST_STEP][PASSED] - dashboardName = "Выполнение бизнес-плана": null

09-12-2024T07:57:31 - [TEST_STEP][PASSED] - workbook01 = getWorkbook(excelFilePath): null

09-12-2024T07:57:32 - [TEST_STEP][PASSED] - sheet01 = getExcelSheet(workbook01, sheetName): null

09-12-2024T07:57:32 - [TEST_STEP][PASSED] - setValueToCellByIndex(sheet01, n, 0, dashboardName): null

09-12-2024T07:57:32 - [TEST_STEP][PASSED] - setValueToCellByIndex(sheet01, n, 1, dZO): null

09-12-2024T07:57:32 - [TEST_STEP][PASSED] - setValueToCellByIndex(sheet01, n, 2, typeOfData): null

09-12-2024T07:57:32 - [TEST_STEP][PASSED] - if (typeOfData == "Факт в процентах" || typeOfData == "План в процентах"): null

09-12-2024T07:57:32 - [TEST_STEP][PASSED] - else: null

09-12-2024T07:57:32 - [TEST_STEP][PASSED] - setValueToCellByIndex(sheet01, n, 3, fileInt): null

09-12-2024T07:57:32 - [TEST_STEP][PASSED] - setValueToCellByIndex(sheet01, n, 4, "нет данных"): null

09-12-2024T07:57:32 - [TEST_STEP][PASSED] - setValueToCellByIndex(sheet01, n, 5, m): null

09-12-2024T07:57:32 - [TEST_STEP][PASSED] - setValueToCellByIndex(sheet01, n, 6, y): null

09-12-2024T07:57:32 - [TEST_STEP][PASSED] - setValueToCellByIndex(sheet01, n, 7, todaysDate): null

09-12-2024T07:57:32 - [TEST_STEP][PASSED] - n = n + 1: null

09-12-2024T07:57:32 - [TEST_STEP][PASSED] - saveWorkbook(excelFilePath, workbook01): null

09-12-2024T07:57:32 - [TEST_STEP][PASSED] - typeOfData = "План Потери": null

09-12-2024T07:57:32 - [TEST_STEP][PASSED] - fileInt = replaceAll("\s+", "").toInteger(): null

09-12-2024T07:57:32 - [TEST_STEP][PASSED] - Script1718980020443.WriteToExcelNoData(a, typeOfData, todaysDate, fileInt, fileDouble, dZO): null

09-12-2024T07:57:32 - [TEST_STEP][PASSED] - sheetName = "Sheet1": null

09-12-2024T07:57:32 - [TEST_STEP][PASSED] - data = findTestData("PlanFact"): null

09-12-2024T07:57:32 - [TEST_STEP][PASSED] - n = data.getRowNumbers() + 1: null

09-12-2024T07:57:32 - [TEST_STEP][PASSED] - year = todaysDate.substring(todaysDate.length() - 4, todaysDate.length()): null

09-12-2024T07:57:32 - [TEST_STEP][PASSED] - y = year.toInteger(): null

09-12-2024T07:57:32 - [TEST_STEP][PASSED] - m = getText(findTestObject("Выполнение бизнес-плана/Период")): Text of object 'Object Repository/Выполнение бизнес-плана/Период' is: '1, 2, 3 кв., Октябрь 2024 года'

09-12-2024T07:57:32 - [MESSAGE][PASSED] - Text of object 'Object Repository/Выполнение бизнес-плана/Период' is: '1, 2, 3 кв., Октябрь 2024 года'

09-12-2024T07:57:32 - [TEST_STEP][PASSED] - m = m.substring(0, m.indexOf("2024")): null

09-12-2024T07:57:32 - [TEST_STEP][PASSED] - m = m.trim(): null

09-12-2024T07:57:32 - [TEST_STEP][PASSED] - dashboardName = "Выполнение бизнес-плана": null

09-12-2024T07:57:32 - [TEST_STEP][PASSED] - workbook01 = getWorkbook(excelFilePath): null

09-12-2024T07:57:32 - [TEST_STEP][PASSED] - sheet01 = getExcelSheet(workbook01, sheetName): null

09-12-2024T07:57:32 - [TEST_STEP][PASSED] - setValueToCellByIndex(sheet01, n, 0, dashboardName): null

09-12-2024T07:57:32 - [TEST_STEP][PASSED] - setValueToCellByIndex(sheet01, n, 1, dZO): null

09-12-2024T07:57:32 - [TEST_STEP][PASSED] - setValueToCellByIndex(sheet01, n, 2, typeOfData): null

09-12-2024T07:57:32 - [TEST_STEP][PASSED] - if (typeOfData == "Факт в процентах" || typeOfData == "План в процентах"): null

09-12-2024T07:57:32 - [TEST_STEP][PASSED] - else: null

09-12-2024T07:57:32 - [TEST_STEP][PASSED] - setValueToCellByIndex(sheet01, n, 3, fileInt): null

09-12-2024T07:57:32 - [TEST_STEP][PASSED] - setValueToCellByIndex(sheet01, n, 4, "нет данных"): null

09-12-2024T07:57:32 - [TEST_STEP][PASSED] - setValueToCellByIndex(sheet01, n, 5, m): null

09-12-2024T07:57:32 - [TEST_STEP][PASSED] - setValueToCellByIndex(sheet01, n, 6, y): null

09-12-2024T07:57:32 - [TEST_STEP][PASSED] - setValueToCellByIndex(sheet01, n, 7, todaysDate): null

09-12-2024T07:57:32 - [TEST_STEP][PASSED] - n = n + 1: null

09-12-2024T07:57:32 - [TEST_STEP][PASSED] - saveWorkbook(excelFilePath, workbook01): null

09-12-2024T07:57:32 - [TEST_STEP][PASSED] - typeOfData = "План в процентах": null

09-12-2024T07:57:32 - [TEST_STEP][PASSED] - fileDouble = ").toDouble(): null

09-12-2024T07:57:32 - [TEST_STEP][PASSED] - Script1718980020443.WriteToExcelNoData(a, typeOfData, todaysDate, fileInt, fileDouble, dZO): null

09-12-2024T07:57:32 - [TEST_STEP][PASSED] - sheetName = "Sheet1": null

09-12-2024T07:57:32 - [TEST_STEP][PASSED] - data = findTestData("PlanFact"): null

09-12-2024T07:57:32 - [TEST_STEP][PASSED] - n = data.getRowNumbers() + 1: null

09-12-2024T07:57:32 - [TEST_STEP][PASSED] - year = todaysDate.substring(todaysDate.length() - 4, todaysDate.length()): null

09-12-2024T07:57:32 - [TEST_STEP][PASSED] - y = year.toInteger(): null

09-12-2024T07:57:32 - [TEST_STEP][PASSED] - m = getText(findTestObject("Выполнение бизнес-плана/Период")): Text of object 'Object Repository/Выполнение бизнес-плана/Период' is: '1, 2, 3 кв., Октябрь 2024 года'

09-12-2024T07:57:33 - [MESSAGE][PASSED] - Text of object 'Object Repository/Выполнение бизнес-плана/Период' is: '1, 2, 3 кв., Октябрь 2024 года'

09-12-2024T07:57:33 - [TEST_STEP][PASSED] - m = m.substring(0, m.indexOf("2024")): null

09-12-2024T07:57:33 - [TEST_STEP][PASSED] - m = m.trim(): null

09-12-2024T07:57:33 - [TEST_STEP][PASSED] - dashboardName = "Выполнение бизнес-плана": null

09-12-2024T07:57:33 - [TEST_STEP][PASSED] - workbook01 = getWorkbook(excelFilePath): null

09-12-2024T07:57:33 - [TEST_STEP][PASSED] - sheet01 = getExcelSheet(workbook01, sheetName): null

09-12-2024T07:57:33 - [TEST_STEP][PASSED] - setValueToCellByIndex(sheet01, n, 0, dashboardName): null

09-12-2024T07:57:33 - [TEST_STEP][PASSED] - setValueToCellByIndex(sheet01, n, 1, dZO): null

09-12-2024T07:57:33 - [TEST_STEP][PASSED] - setValueToCellByIndex(sheet01, n, 2, typeOfData): null

09-12-2024T07:57:33 - [TEST_STEP][PASSED] - if (typeOfData == "Факт в процентах" || typeOfData == "План в процентах"): null

09-12-2024T07:57:33 - [TEST_STEP][PASSED] - setValueToCellByIndex(sheet01, n, 3, fileDouble): null

09-12-2024T07:57:33 - [TEST_STEP][PASSED] - setValueToCellByIndex(sheet01, n, 4, "нет данных"): null

09-12-2024T07:57:33 - [TEST_STEP][PASSED] - setValueToCellByIndex(sheet01, n, 5, m): null

09-12-2024T07:57:33 - [TEST_STEP][PASSED] - setValueToCellByIndex(sheet01, n, 6, y): null

09-12-2024T07:57:33 - [TEST_STEP][PASSED] - setValueToCellByIndex(sheet01, n, 7, todaysDate): null

09-12-2024T07:57:33 - [TEST_STEP][PASSED] - n = n + 1: null

09-12-2024T07:57:33 - [TEST_STEP][PASSED] - saveWorkbook(excelFilePath, workbook01): null

09-12-2024T07:57:33 - [TEST_STEP][PASSED] - typeOfData = "Факт в процентах": null

09-12-2024T07:57:33 - [TEST_STEP][PASSED] - fileDouble = ").toDouble(): null

09-12-2024T07:57:33 - [TEST_STEP][PASSED] - Script1718980020443.WriteToExcelNoData(a, typeOfData, todaysDate, fileInt, fileDouble, dZO): null

09-12-2024T07:57:33 - [TEST_STEP][PASSED] - sheetName = "Sheet1": null

09-12-2024T07:57:33 - [TEST_STEP][PASSED] - data = findTestData("PlanFact"): null

09-12-2024T07:57:33 - [TEST_STEP][PASSED] - n = data.getRowNumbers() + 1: null

09-12-2024T07:57:33 - [TEST_STEP][PASSED] - year = todaysDate.substring(todaysDate.length() - 4, todaysDate.length()): null

09-12-2024T07:57:33 - [TEST_STEP][PASSED] - y = year.toInteger(): null

09-12-2024T07:57:33 - [TEST_STEP][PASSED] - m = getText(findTestObject("Выполнение бизнес-плана/Период")): Text of object 'Object Repository/Выполнение бизнес-плана/Период' is: '1, 2, 3 кв., Октябрь 2024 года'

09-12-2024T07:57:33 - [MESSAGE][PASSED] - Text of object 'Object Repository/Выполнение бизнес-плана/Период' is: '1, 2, 3 кв., Октябрь 2024 года'

09-12-2024T07:57:33 - [TEST_STEP][PASSED] - m = m.substring(0, m.indexOf("2024")): null

09-12-2024T07:57:33 - [TEST_STEP][PASSED] - m = m.trim(): null

09-12-2024T07:57:33 - [TEST_STEP][PASSED] - dashboardName = "Выполнение бизнес-плана": null

09-12-2024T07:57:33 - [TEST_STEP][PASSED] - workbook01 = getWorkbook(excelFilePath): null

09-12-2024T07:57:33 - [TEST_STEP][PASSED] - sheet01 = getExcelSheet(workbook01, sheetName): null

09-12-2024T07:57:33 - [TEST_STEP][PASSED] - setValueToCellByIndex(sheet01, n, 0, dashboardName): null

09-12-2024T07:57:33 - [TEST_STEP][PASSED] - setValueToCellByIndex(sheet01, n, 1, dZO): null

09-12-2024T07:57:33 - [TEST_STEP][PASSED] - setValueToCellByIndex(sheet01, n, 2, typeOfData): null

09-12-2024T07:57:33 - [TEST_STEP][PASSED] - if (typeOfData == "Факт в процентах" || typeOfData == "План в процентах"): null

09-12-2024T07:57:33 - [TEST_STEP][PASSED] - setValueToCellByIndex(sheet01, n, 3, fileDouble): null

09-12-2024T07:57:33 - [TEST_STEP][PASSED] - setValueToCellByIndex(sheet01, n, 4, "нет данных"): null

09-12-2024T07:57:33 - [TEST_STEP][PASSED] - setValueToCellByIndex(sheet01, n, 5, m): null

09-12-2024T07:57:33 - [TEST_STEP][PASSED] - setValueToCellByIndex(sheet01, n, 6, y): null

09-12-2024T07:57:33 - [TEST_STEP][PASSED] - setValueToCellByIndex(sheet01, n, 7, todaysDate): null

09-12-2024T07:57:33 - [TEST_STEP][PASSED] - n = n + 1: null

09-12-2024T07:57:33 - [TEST_STEP][PASSED] - saveWorkbook(excelFilePath, workbook01): null

09-12-2024T07:57:34 - [TEST_STEP][PASSED] - println(dzoNum): null

09-12-2024T07:57:34 - [TEST_STEP][PASSED] - dZO = "Россети Янтарь": null

09-12-2024T07:57:34 - [TEST_STEP][PASSED] - a = 81: null

09-12-2024T07:57:34 - [TEST_STEP][PASSED] - if (x1.contains(dZO)): null

09-12-2024T07:57:34 - [TEST_STEP][PASSED] - else: null

09-12-2024T07:57:34 - [TEST_STEP][PASSED] - Script1718980020443.NoData(a, typeOfData, todaysDate, fileInt, fileDouble, dZO): null

09-12-2024T07:57:34 - [TEST_STEP][PASSED] - println(a): null

09-12-2024T07:57:34 - [TEST_STEP][PASSED] - println(todaysDate): null

09-12-2024T07:57:34 - [TEST_STEP][PASSED] - println(fileInt): null

09-12-2024T07:57:34 - [TEST_STEP][PASSED] - println(fileDouble): null

09-12-2024T07:57:34 - [TEST_STEP][PASSED] - println(dZO): null

09-12-2024T07:57:34 - [TEST_STEP][PASSED] - typeOfData = "Факт Отпуск в сеть": null

09-12-2024T07:57:34 - [TEST_STEP][PASSED] - fileInt = replaceAll("\s+", "").toInteger(): null

09-12-2024T07:57:34 - [TEST_STEP][PASSED] - Script1718980020443.WriteToExcelNoData(a, typeOfData, todaysDate, fileInt, fileDouble, dZO): null

09-12-2024T07:57:34 - [TEST_STEP][PASSED] - sheetName = "Sheet1": null

09-12-2024T07:57:34 - [TEST_STEP][PASSED] - data = findTestData("PlanFact"): null

09-12-2024T07:57:34 - [TEST_STEP][PASSED] - n = data.getRowNumbers() + 1: null

09-12-2024T07:57:34 - [TEST_STEP][PASSED] - year = todaysDate.substring(todaysDate.length() - 4, todaysDate.length()): null

09-12-2024T07:57:34 - [TEST_STEP][PASSED] - y = year.toInteger(): null

09-12-2024T07:57:34 - [TEST_STEP][PASSED] - m = getText(findTestObject("Выполнение бизнес-плана/Период")): Text of object 'Object Repository/Выполнение бизнес-плана/Период' is: '1, 2, 3 кв., Октябрь 2024 года'

09-12-2024T07:57:34 - [MESSAGE][PASSED] - Text of object 'Object Repository/Выполнение бизнес-плана/Период' is: '1, 2, 3 кв., Октябрь 2024 года'

09-12-2024T07:57:34 - [TEST_STEP][PASSED] - m = m.substring(0, m.indexOf("2024")): null

09-12-2024T07:57:34 - [TEST_STEP][PASSED] - m = m.trim(): null

09-12-2024T07:57:34 - [TEST_STEP][PASSED] - dashboardName = "Выполнение бизнес-плана": null

09-12-2024T07:57:34 - [TEST_STEP][PASSED] - workbook01 = getWorkbook(excelFilePath): null

09-12-2024T07:57:34 - [TEST_STEP][PASSED] - sheet01 = getExcelSheet(workbook01, sheetName): null

09-12-2024T07:57:34 - [TEST_STEP][PASSED] - setValueToCellByIndex(sheet01, n, 0, dashboardName): null

09-12-2024T07:57:34 - [TEST_STEP][PASSED] - setValueToCellByIndex(sheet01, n, 1, dZO): null

09-12-2024T07:57:34 - [TEST_STEP][PASSED] - setValueToCellByIndex(sheet01, n, 2, typeOfData): null

09-12-2024T07:57:34 - [TEST_STEP][PASSED] - if (typeOfData == "Факт в процентах" || typeOfData == "План в процентах"): null

09-12-2024T07:57:34 - [TEST_STEP][PASSED] - else: null

09-12-2024T07:57:34 - [TEST_STEP][PASSED] - setValueToCellByIndex(sheet01, n, 3, fileInt): null

09-12-2024T07:57:34 - [TEST_STEP][PASSED] - setValueToCellByIndex(sheet01, n, 4, "нет данных"): null

09-12-2024T07:57:34 - [TEST_STEP][PASSED] - setValueToCellByIndex(sheet01, n, 5, m): null

09-12-2024T07:57:34 - [TEST_STEP][PASSED] - setValueToCellByIndex(sheet01, n, 6, y): null

09-12-2024T07:57:34 - [TEST_STEP][PASSED] - setValueToCellByIndex(sheet01, n, 7, todaysDate): null

09-12-2024T07:57:34 - [TEST_STEP][PASSED] - n = n + 1: null

09-12-2024T07:57:34 - [TEST_STEP][PASSED] - saveWorkbook(excelFilePath, workbook01): null

09-12-2024T07:57:34 - [TEST_STEP][PASSED] - typeOfData = "Факт Потери": null

09-12-2024T07:57:34 - [TEST_STEP][PASSED] - fileInt = replaceAll("\s+", "").toInteger(): null

09-12-2024T07:57:35 - [TEST_STEP][PASSED] - Script1718980020443.WriteToExcelNoData(a, typeOfData, todaysDate, fileInt, fileDouble, dZO): null

09-12-2024T07:57:35 - [TEST_STEP][PASSED] - sheetName = "Sheet1": null

09-12-2024T07:57:35 - [TEST_STEP][PASSED] - data = findTestData("PlanFact"): null

09-12-2024T07:57:35 - [TEST_STEP][PASSED] - n = data.getRowNumbers() + 1: null

09-12-2024T07:57:35 - [TEST_STEP][PASSED] - year = todaysDate.substring(todaysDate.length() - 4, todaysDate.length()): null

09-12-2024T07:57:35 - [TEST_STEP][PASSED] - y = year.toInteger(): null

09-12-2024T07:57:35 - [TEST_STEP][PASSED] - m = getText(findTestObject("Выполнение бизнес-плана/Период")): Text of object 'Object Repository/Выполнение бизнес-плана/Период' is: '1, 2, 3 кв., Октябрь 2024 года'

09-12-2024T07:57:35 - [MESSAGE][PASSED] - Text of object 'Object Repository/Выполнение бизнес-плана/Период' is: '1, 2, 3 кв., Октябрь 2024 года'

09-12-2024T07:57:35 - [TEST_STEP][PASSED] - m = m.substring(0, m.indexOf("2024")): null

09-12-2024T07:57:35 - [TEST_STEP][PASSED] - m = m.trim(): null

09-12-2024T07:57:35 - [TEST_STEP][PASSED] - dashboardName = "Выполнение бизнес-плана": null

09-12-2024T07:57:35 - [TEST_STEP][PASSED] - workbook01 = getWorkbook(excelFilePath): null

09-12-2024T07:57:35 - [TEST_STEP][PASSED] - sheet01 = getExcelSheet(workbook01, sheetName): null

09-12-2024T07:57:35 - [TEST_STEP][PASSED] - setValueToCellByIndex(sheet01, n, 0, dashboardName): null

09-12-2024T07:57:35 - [TEST_STEP][PASSED] - setValueToCellByIndex(sheet01, n, 1, dZO): null

09-12-2024T07:57:35 - [TEST_STEP][PASSED] - setValueToCellByIndex(sheet01, n, 2, typeOfData): null

09-12-2024T07:57:35 - [TEST_STEP][PASSED] - if (typeOfData == "Факт в процентах" || typeOfData == "План в процентах"): null

09-12-2024T07:57:35 - [TEST_STEP][PASSED] - else: null

09-12-2024T07:57:35 - [TEST_STEP][PASSED] - setValueToCellByIndex(sheet01, n, 3, fileInt): null

09-12-2024T07:57:35 - [TEST_STEP][PASSED] - setValueToCellByIndex(sheet01, n, 4, "нет данных"): null

09-12-2024T07:57:35 - [TEST_STEP][PASSED] - setValueToCellByIndex(sheet01, n, 5, m): null

09-12-2024T07:57:35 - [TEST_STEP][PASSED] - setValueToCellByIndex(sheet01, n, 6, y): null

09-12-2024T07:57:35 - [TEST_STEP][PASSED] - setValueToCellByIndex(sheet01, n, 7, todaysDate): null

09-12-2024T07:57:35 - [TEST_STEP][PASSED] - n = n + 1: null

09-12-2024T07:57:35 - [TEST_STEP][PASSED] - saveWorkbook(excelFilePath, workbook01): null

09-12-2024T07:57:35 - [TEST_STEP][PASSED] - typeOfData = "План Отпуск в сеть": null

09-12-2024T07:57:35 - [TEST_STEP][PASSED] - fileInt = replaceAll("\s+", "").toInteger(): null

09-12-2024T07:57:35 - [TEST_STEP][PASSED] - Script1718980020443.WriteToExcelNoData(a, typeOfData, todaysDate, fileInt, fileDouble, dZO): null

09-12-2024T07:57:35 - [TEST_STEP][PASSED] - sheetName = "Sheet1": null

09-12-2024T07:57:35 - [TEST_STEP][PASSED] - data = findTestData("PlanFact"): null

09-12-2024T07:57:35 - [TEST_STEP][PASSED] - n = data.getRowNumbers() + 1: null

09-12-2024T07:57:35 - [TEST_STEP][PASSED] - year = todaysDate.substring(todaysDate.length() - 4, todaysDate.length()): null

09-12-2024T07:57:35 - [TEST_STEP][PASSED] - y = year.toInteger(): null

09-12-2024T07:57:35 - [TEST_STEP][PASSED] - m = getText(findTestObject("Выполнение бизнес-плана/Период")): Text of object 'Object Repository/Выполнение бизнес-плана/Период' is: '1, 2, 3 кв., Октябрь 2024 года'

09-12-2024T07:57:36 - [MESSAGE][PASSED] - Text of object 'Object Repository/Выполнение бизнес-плана/Период' is: '1, 2, 3 кв., Октябрь 2024 года'

09-12-2024T07:57:36 - [TEST_STEP][PASSED] - m = m.substring(0, m.indexOf("2024")): null

09-12-2024T07:57:36 - [TEST_STEP][PASSED] - m = m.trim(): null

09-12-2024T07:57:36 - [TEST_STEP][PASSED] - dashboardName = "Выполнение бизнес-плана": null

09-12-2024T07:57:36 - [TEST_STEP][PASSED] - workbook01 = getWorkbook(excelFilePath): null

09-12-2024T07:57:36 - [TEST_STEP][PASSED] - sheet01 = getExcelSheet(workbook01, sheetName): null

09-12-2024T07:57:36 - [TEST_STEP][PASSED] - setValueToCellByIndex(sheet01, n, 0, dashboardName): null

09-12-2024T07:57:36 - [TEST_STEP][PASSED] - setValueToCellByIndex(sheet01, n, 1, dZO): null

09-12-2024T07:57:36 - [TEST_STEP][PASSED] - setValueToCellByIndex(sheet01, n, 2, typeOfData): null

09-12-2024T07:57:36 - [TEST_STEP][PASSED] - if (typeOfData == "Факт в процентах" || typeOfData == "План в процентах"): null

09-12-2024T07:57:36 - [TEST_STEP][PASSED] - else: null

09-12-2024T07:57:36 - [TEST_STEP][PASSED] - setValueToCellByIndex(sheet01, n, 3, fileInt): null

09-12-2024T07:57:36 - [TEST_STEP][PASSED] - setValueToCellByIndex(sheet01, n, 4, "нет данных"): null

09-12-2024T07:57:36 - [TEST_STEP][PASSED] - setValueToCellByIndex(sheet01, n, 5, m): null

09-12-2024T07:57:36 - [TEST_STEP][PASSED] - setValueToCellByIndex(sheet01, n, 6, y): null

09-12-2024T07:57:36 - [TEST_STEP][PASSED] - setValueToCellByIndex(sheet01, n, 7, todaysDate): null

09-12-2024T07:57:36 - [TEST_STEP][PASSED] - n = n + 1: null

09-12-2024T07:57:36 - [TEST_STEP][PASSED] - saveWorkbook(excelFilePath, workbook01): null

09-12-2024T07:57:36 - [TEST_STEP][PASSED] - typeOfData = "План Потери": null

09-12-2024T07:57:36 - [TEST_STEP][PASSED] - fileInt = replaceAll("\s+", "").toInteger(): null

09-12-2024T07:57:36 - [TEST_STEP][PASSED] - Script1718980020443.WriteToExcelNoData(a, typeOfData, todaysDate, fileInt, fileDouble, dZO): null

09-12-2024T07:57:36 - [TEST_STEP][PASSED] - sheetName = "Sheet1": null

09-12-2024T07:57:36 - [TEST_STEP][PASSED] - data = findTestData("PlanFact"): null

09-12-2024T07:57:36 - [TEST_STEP][PASSED] - n = data.getRowNumbers() + 1: null

09-12-2024T07:57:36 - [TEST_STEP][PASSED] - year = todaysDate.substring(todaysDate.length() - 4, todaysDate.length()): null

09-12-2024T07:57:36 - [TEST_STEP][PASSED] - y = year.toInteger(): null

09-12-2024T07:57:36 - [TEST_STEP][PASSED] - m = getText(findTestObject("Выполнение бизнес-плана/Период")): Text of object 'Object Repository/Выполнение бизнес-плана/Период' is: '1, 2, 3 кв., Октябрь 2024 года'

09-12-2024T07:57:36 - [MESSAGE][PASSED] - Text of object 'Object Repository/Выполнение бизнес-плана/Период' is: '1, 2, 3 кв., Октябрь 2024 года'

09-12-2024T07:57:36 - [TEST_STEP][PASSED] - m = m.substring(0, m.indexOf("2024")): null

09-12-2024T07:57:36 - [TEST_STEP][PASSED] - m = m.trim(): null

09-12-2024T07:57:36 - [TEST_STEP][PASSED] - dashboardName = "Выполнение бизнес-плана": null

09-12-2024T07:57:36 - [TEST_STEP][PASSED] - workbook01 = getWorkbook(excelFilePath): null

09-12-2024T07:57:36 - [TEST_STEP][PASSED] - sheet01 = getExcelSheet(workbook01, sheetName): null

09-12-2024T07:57:36 - [TEST_STEP][PASSED] - setValueToCellByIndex(sheet01, n, 0, dashboardName): null

09-12-2024T07:57:36 - [TEST_STEP][PASSED] - setValueToCellByIndex(sheet01, n, 1, dZO): null

09-12-2024T07:57:36 - [TEST_STEP][PASSED] - setValueToCellByIndex(sheet01, n, 2, typeOfData): null

09-12-2024T07:57:36 - [TEST_STEP][PASSED] - if (typeOfData == "Факт в процентах" || typeOfData == "План в процентах"): null

09-12-2024T07:57:36 - [TEST_STEP][PASSED] - else: null

09-12-2024T07:57:36 - [TEST_STEP][PASSED] - setValueToCellByIndex(sheet01, n, 3, fileInt): null

09-12-2024T07:57:36 - [TEST_STEP][PASSED] - setValueToCellByIndex(sheet01, n, 4, "нет данных"): null

09-12-2024T07:57:36 - [TEST_STEP][PASSED] - setValueToCellByIndex(sheet01, n, 5, m): null

09-12-2024T07:57:36 - [TEST_STEP][PASSED] - setValueToCellByIndex(sheet01, n, 6, y): null

09-12-2024T07:57:36 - [TEST_STEP][PASSED] - setValueToCellByIndex(sheet01, n, 7, todaysDate): null

09-12-2024T07:57:36 - [TEST_STEP][PASSED] - n = n + 1: null

09-12-2024T07:57:36 - [TEST_STEP][PASSED] - saveWorkbook(excelFilePath, workbook01): null

09-12-2024T07:57:37 - [TEST_STEP][PASSED] - typeOfData = "План в процентах": null

09-12-2024T07:57:37 - [TEST_STEP][PASSED] - fileDouble = ").toDouble(): null

09-12-2024T07:57:37 - [TEST_STEP][PASSED] - Script1718980020443.WriteToExcelNoData(a, typeOfData, todaysDate, fileInt, fileDouble, dZO): null

09-12-2024T07:57:37 - [TEST_STEP][PASSED] - sheetName = "Sheet1": null

09-12-2024T07:57:37 - [TEST_STEP][PASSED] - data = findTestData("PlanFact"): null

09-12-2024T07:57:37 - [TEST_STEP][PASSED] - n = data.getRowNumbers() + 1: null

09-12-2024T07:57:37 - [TEST_STEP][PASSED] - year = todaysDate.substring(todaysDate.length() - 4, todaysDate.length()): null

09-12-2024T07:57:37 - [TEST_STEP][PASSED] - y = year.toInteger(): null

09-12-2024T07:57:37 - [TEST_STEP][PASSED] - m = getText(findTestObject("Выполнение бизнес-плана/Период")): Text of object 'Object Repository/Выполнение бизнес-плана/Период' is: '1, 2, 3 кв., Октябрь 2024 года'

09-12-2024T07:57:37 - [MESSAGE][PASSED] - Text of object 'Object Repository/Выполнение бизнес-плана/Период' is: '1, 2, 3 кв., Октябрь 2024 года'

09-12-2024T07:57:37 - [TEST_STEP][PASSED] - m = m.substring(0, m.indexOf("2024")): null

09-12-2024T07:57:37 - [TEST_STEP][PASSED] - m = m.trim(): null

09-12-2024T07:57:37 - [TEST_STEP][PASSED] - dashboardName = "Выполнение бизнес-плана": null

09-12-2024T07:57:37 - [TEST_STEP][PASSED] - workbook01 = getWorkbook(excelFilePath): null

09-12-2024T07:57:37 - [TEST_STEP][PASSED] - sheet01 = getExcelSheet(workbook01, sheetName): null

09-12-2024T07:57:37 - [TEST_STEP][PASSED] - setValueToCellByIndex(sheet01, n, 0, dashboardName): null

09-12-2024T07:57:37 - [TEST_STEP][PASSED] - setValueToCellByIndex(sheet01, n, 1, dZO): null

09-12-2024T07:57:37 - [TEST_STEP][PASSED] - setValueToCellByIndex(sheet01, n, 2, typeOfData): null

09-12-2024T07:57:37 - [TEST_STEP][PASSED] - if (typeOfData == "Факт в процентах" || typeOfData == "План в процентах"): null

09-12-2024T07:57:37 - [TEST_STEP][PASSED] - setValueToCellByIndex(sheet01, n, 3, fileDouble): null

09-12-2024T07:57:37 - [TEST_STEP][PASSED] - setValueToCellByIndex(sheet01, n, 4, "нет данных"): null

09-12-2024T07:57:37 - [TEST_STEP][PASSED] - setValueToCellByIndex(sheet01, n, 5, m): null

09-12-2024T07:57:37 - [TEST_STEP][PASSED] - setValueToCellByIndex(sheet01, n, 6, y): null

09-12-2024T07:57:37 - [TEST_STEP][PASSED] - setValueToCellByIndex(sheet01, n, 7, todaysDate): null

09-12-2024T07:57:37 - [TEST_STEP][PASSED] - n = n + 1: null

09-12-2024T07:57:37 - [TEST_STEP][PASSED] - saveWorkbook(excelFilePath, workbook01): null

09-12-2024T07:57:37 - [TEST_STEP][PASSED] - typeOfData = "Факт в процентах": null

09-12-2024T07:57:37 - [TEST_STEP][PASSED] - fileDouble = ").toDouble(): null

09-12-2024T07:57:37 - [TEST_STEP][PASSED] - Script1718980020443.WriteToExcelNoData(a, typeOfData, todaysDate, fileInt, fileDouble, dZO): null

09-12-2024T07:57:37 - [TEST_STEP][PASSED] - sheetName = "Sheet1": null

09-12-2024T07:57:37 - [TEST_STEP][PASSED] - data = findTestData("PlanFact"): null

09-12-2024T07:57:37 - [TEST_STEP][PASSED] - n = data.getRowNumbers() + 1: null

09-12-2024T07:57:37 - [TEST_STEP][PASSED] - year = todaysDate.substring(todaysDate.length() - 4, todaysDate.length()): null

09-12-2024T07:57:37 - [TEST_STEP][PASSED] - y = year.toInteger(): null

09-12-2024T07:57:37 - [TEST_STEP][PASSED] - m = getText(findTestObject("Выполнение бизнес-плана/Период")): Text of object 'Object Repository/Выполнение бизнес-плана/Период' is: '1, 2, 3 кв., Октябрь 2024 года'

09-12-2024T07:57:38 - [MESSAGE][PASSED] - Text of object 'Object Repository/Выполнение бизнес-плана/Период' is: '1, 2, 3 кв., Октябрь 2024 года'

09-12-2024T07:57:38 - [TEST_STEP][PASSED] - m = m.substring(0, m.indexOf("2024")): null

09-12-2024T07:57:38 - [TEST_STEP][PASSED] - m = m.trim(): null

09-12-2024T07:57:38 - [TEST_STEP][PASSED] - dashboardName = "Выполнение бизнес-плана": null

09-12-2024T07:57:38 - [TEST_STEP][PASSED] - workbook01 = getWorkbook(excelFilePath): null

09-12-2024T07:57:38 - [TEST_STEP][PASSED] - sheet01 = getExcelSheet(workbook01, sheetName): null

09-12-2024T07:57:38 - [TEST_STEP][PASSED] - setValueToCellByIndex(sheet01, n, 0, dashboardName): null

09-12-2024T07:57:38 - [TEST_STEP][PASSED] - setValueToCellByIndex(sheet01, n, 1, dZO): null

09-12-2024T07:57:38 - [TEST_STEP][PASSED] - setValueToCellByIndex(sheet01, n, 2, typeOfData): null

09-12-2024T07:57:38 - [TEST_STEP][PASSED] - if (typeOfData == "Факт в процентах" || typeOfData == "План в процентах"): null

09-12-2024T07:57:38 - [TEST_STEP][PASSED] - setValueToCellByIndex(sheet01, n, 3, fileDouble): null

09-12-2024T07:57:38 - [TEST_STEP][PASSED] - setValueToCellByIndex(sheet01, n, 4, "нет данных"): null

09-12-2024T07:57:38 - [TEST_STEP][PASSED] - setValueToCellByIndex(sheet01, n, 5, m): null

09-12-2024T07:57:38 - [TEST_STEP][PASSED] - setValueToCellByIndex(sheet01, n, 6, y): null

09-12-2024T07:57:38 - [TEST_STEP][PASSED] - setValueToCellByIndex(sheet01, n, 7, todaysDate): null

09-12-2024T07:57:38 - [TEST_STEP][PASSED] - n = n + 1: null

09-12-2024T07:57:38 - [TEST_STEP][PASSED] - saveWorkbook(excelFilePath, workbook01): null

09-12-2024T07:57:38 - [TEST_STEP][PASSED] - println(dzoNum): null

09-12-2024T07:57:38 - [TEST_STEP][PASSED] - closeBrowser(): Browser is closed

09-12-2024T07:57:38 - [MESSAGE][PASSED] - Browser is closed]]></system-out>
         <system-err><![CDATA[09-12-2024T07:40:34 - [TEST_CASE][FAILED] - Test Cases/Выполнение бизнес-плана/Выполнение бизнес-плана Сверка ПАО Россети все филиалы: Test Cases/Выполнение бизнес-плана/Выполнение бизнес-плана Сверка ПАО Россети все филиалы FAILED.
Reason:
com.kms.katalon.core.exception.StepFailedException: Unable to verify equal between actual object '6' and expected object '0' (Root cause: com.kms.katalon.core.exception.StepFailedException: Actual object '6' and expected object '0' are not equal
	at com.kms.katalon.core.keyword.builtin.VerifyEqualKeyword$_verifyEqual_closure1.doCall(VerifyEqualKeyword.groovy:58)
	at com.kms.katalon.core.keyword.builtin.VerifyEqualKeyword$_verifyEqual_closure1.call(VerifyEqualKeyword.groovy)
	at com.kms.katalon.core.keyword.internal.KeywordMain.runKeyword(KeywordMain.groovy:75)
	at com.kms.katalon.core.keyword.builtin.VerifyEqualKeyword.verifyEqual(VerifyEqualKeyword.groovy:63)
	at com.kms.katalon.core.keyword.builtin.VerifyEqualKeyword.execute(VerifyEqualKeyword.groovy:44)
	at com.kms.katalon.core.keyword.internal.KeywordExecutor.executeKeywordForPlatform(KeywordExecutor.groovy:74)
	at com.kms.katalon.core.keyword.BuiltinKeywords.verifyEqual(BuiltinKeywords.groovy:146)
	at java.base/jdk.internal.reflect.NativeMethodAccessorImpl.invoke0(Native Method)
	at java.base/jdk.internal.reflect.NativeMethodAccessorImpl.invoke(NativeMethodAccessorImpl.java:77)
	at java.base/jdk.internal.reflect.DelegatingMethodAccessorImpl.invoke(DelegatingMethodAccessorImpl.java:43)
	at Выполнение бизнес-плана Сверка ПАО Россети все филиалы.Numbers(Выполнение бизнес-плана Сверка ПАО Россети все филиалы:752)
	at Выполнение бизнес-плана Сверка ПАО Россети все филиалы.run(Выполнение бизнес-плана Сверка ПАО Россети все филиалы:201)
	at com.kms.katalon.core.main.ScriptEngine.run(ScriptEngine.java:194)
	at com.kms.katalon.core.main.ScriptEngine.runScriptAsRawText(ScriptEngine.java:119)
	at com.kms.katalon.core.main.TestCaseExecutor.runScript(TestCaseExecutor.java:448)
	at com.kms.katalon.core.main.TestCaseExecutor.doExecute(TestCaseExecutor.java:439)
	at com.kms.katalon.core.main.TestCaseExecutor.processExecutionPhase(TestCaseExecutor.java:418)
	at com.kms.katalon.core.main.TestCaseExecutor.accessMainPhase(TestCaseExecutor.java:410)
	at com.kms.katalon.core.main.TestCaseExecutor.execute(TestCaseExecutor.java:285)
	at com.kms.katalon.core.common.CommonExecutor.accessTestCaseMainPhase(CommonExecutor.java:65)
	at com.kms.katalon.core.main.TestSuiteExecutor.accessTestSuiteMainPhase(TestSuiteExecutor.java:150)
	at com.kms.katalon.core.main.TestSuiteExecutor.execute(TestSuiteExecutor.java:106)
	at com.kms.katalon.core.main.TestCaseMain.startTestSuite(TestCaseMain.java:180)
	at TempTestSuite1733719229947.run(TempTestSuite1733719229947.groovy:35)
	at java.base/jdk.internal.reflect.NativeMethodAccessorImpl.invoke0(Native Method)
	at java.base/jdk.internal.reflect.NativeMethodAccessorImpl.invoke(NativeMethodAccessorImpl.java:77)
	at java.base/jdk.internal.reflect.DelegatingMethodAccessorImpl.invoke(DelegatingMethodAccessorImpl.java:43)
)
	at com.kms.katalon.core.keyword.internal.KeywordMain.stepFailed(KeywordMain.groovy:39)
	at com.kms.katalon.core.keyword.internal.KeywordMain.stepFailed(KeywordMain.groovy)
	at com.kms.katalon.core.keyword.internal.KeywordMain.runKeyword(KeywordMain.groovy:77)
	at com.kms.katalon.core.keyword.builtin.VerifyEqualKeyword.verifyEqual(VerifyEqualKeyword.groovy:63)
	at com.kms.katalon.core.keyword.builtin.VerifyEqualKeyword.execute(VerifyEqualKeyword.groovy:44)
	at com.kms.katalon.core.keyword.internal.KeywordExecutor.executeKeywordForPlatform(KeywordExecutor.groovy:74)
	at com.kms.katalon.core.keyword.BuiltinKeywords.verifyEqual(BuiltinKeywords.groovy:146)
	at java.base/jdk.internal.reflect.NativeMethodAccessorImpl.invoke0(Native Method)
	at java.base/jdk.internal.reflect.NativeMethodAccessorImpl.invoke(NativeMethodAccessorImpl.java:77)
	at java.base/jdk.internal.reflect.DelegatingMethodAccessorImpl.invoke(DelegatingMethodAccessorImpl.java:43)
	at Выполнение бизнес-плана Сверка ПАО Россети все филиалы.Numbers(Выполнение бизнес-плана Сверка ПАО Россети все филиалы:752)
	at Выполнение бизнес-плана Сверка ПАО Россети все филиалы.run(Выполнение бизнес-плана Сверка ПАО Россети все филиалы:201)
	at com.kms.katalon.core.main.ScriptEngine.run(ScriptEngine.java:194)
	at com.kms.katalon.core.main.ScriptEngine.runScriptAsRawText(ScriptEngine.java:119)
	at com.kms.katalon.core.main.TestCaseExecutor.runScript(TestCaseExecutor.java:448)
	at com.kms.katalon.core.main.TestCaseExecutor.doExecute(TestCaseExecutor.java:439)
	at com.kms.katalon.core.main.TestCaseExecutor.processExecutionPhase(TestCaseExecutor.java:418)
	at com.kms.katalon.core.main.TestCaseExecutor.accessMainPhase(TestCaseExecutor.java:410)
	at com.kms.katalon.core.main.TestCaseExecutor.execute(TestCaseExecutor.java:285)
	at com.kms.katalon.core.common.CommonExecutor.accessTestCaseMainPhase(CommonExecutor.java:65)
	at com.kms.katalon.core.main.TestSuiteExecutor.accessTestSuiteMainPhase(TestSuiteExecutor.java:150)
	at com.kms.katalon.core.main.TestSuiteExecutor.execute(TestSuiteExecutor.java:106)
	at com.kms.katalon.core.main.TestCaseMain.startTestSuite(TestCaseMain.java:180)
	at TempTestSuite1733719229947.run(TempTestSuite1733719229947.groovy:35)
	at java.base/jdk.internal.reflect.NativeMethodAccessorImpl.invoke0(Native Method)
	at java.base/jdk.internal.reflect.NativeMethodAccessorImpl.invoke(NativeMethodAccessorImpl.java:77)
	at java.base/jdk.internal.reflect.DelegatingMethodAccessorImpl.invoke(DelegatingMethodAccessorImpl.java:43)
Caused by: com.kms.katalon.core.exception.StepFailedException: Actual object '6' and expected object '0' are not equal
	at com.kms.katalon.core.keyword.builtin.VerifyEqualKeyword$_verifyEqual_closure1.doCall(VerifyEqualKeyword.groovy:58)
	at com.kms.katalon.core.keyword.builtin.VerifyEqualKeyword$_verifyEqual_closure1.call(VerifyEqualKeyword.groovy)
	at com.kms.katalon.core.keyword.internal.KeywordMain.runKeyword(KeywordMain.groovy:75)
	... 24 more]]></system-err>
      </testcase>
      <system-out><![CDATA[09-12-2024T07:40:34 - [TEST_SUITE][FAILED] - Сверка с ПБЭ: Test Cases/Выполнение бизнес-плана/Выполнение бизнес-плана Сверка ПАО Россети все филиалы FAILED.
Reason:
com.kms.katalon.core.exception.StepFailedException: Unable to verify equal between actual object '6' and expected object '0' (Root cause: com.kms.katalon.core.exception.StepFailedException: Actual object '6' and expected object '0' are not equal
	at com.kms.katalon.core.keyword.builtin.VerifyEqualKeyword$_verifyEqual_closure1.doCall(VerifyEqualKeyword.groovy:58)
	at com.kms.katalon.core.keyword.builtin.VerifyEqualKeyword$_verifyEqual_closure1.call(VerifyEqualKeyword.groovy)
	at com.kms.katalon.core.keyword.internal.KeywordMain.runKeyword(KeywordMain.groovy:75)
	at com.kms.katalon.core.keyword.builtin.VerifyEqualKeyword.verifyEqual(VerifyEqualKeyword.groovy:63)
	at com.kms.katalon.core.keyword.builtin.VerifyEqualKeyword.execute(VerifyEqualKeyword.groovy:44)
	at com.kms.katalon.core.keyword.internal.KeywordExecutor.executeKeywordForPlatform(KeywordExecutor.groovy:74)
	at com.kms.katalon.core.keyword.BuiltinKeywords.verifyEqual(BuiltinKeywords.groovy:146)
	at java.base/jdk.internal.reflect.NativeMethodAccessorImpl.invoke0(Native Method)
	at java.base/jdk.internal.reflect.NativeMethodAccessorImpl.invoke(NativeMethodAccessorImpl.java:77)
	at java.base/jdk.internal.reflect.DelegatingMethodAccessorImpl.invoke(DelegatingMethodAccessorImpl.java:43)
	at Выполнение бизнес-плана Сверка ПАО Россети все филиалы.Numbers(Выполнение бизнес-плана Сверка ПАО Россети все филиалы:752)
	at Выполнение бизнес-плана Сверка ПАО Россети все филиалы.run(Выполнение бизнес-плана Сверка ПАО Россети все филиалы:201)
	at com.kms.katalon.core.main.ScriptEngine.run(ScriptEngine.java:194)
	at com.kms.katalon.core.main.ScriptEngine.runScriptAsRawText(ScriptEngine.java:119)
	at com.kms.katalon.core.main.TestCaseExecutor.runScript(TestCaseExecutor.java:448)
	at com.kms.katalon.core.main.TestCaseExecutor.doExecute(TestCaseExecutor.java:439)
	at com.kms.katalon.core.main.TestCaseExecutor.processExecutionPhase(TestCaseExecutor.java:418)
	at com.kms.katalon.core.main.TestCaseExecutor.accessMainPhase(TestCaseExecutor.java:410)
	at com.kms.katalon.core.main.TestCaseExecutor.execute(TestCaseExecutor.java:285)
	at com.kms.katalon.core.common.CommonExecutor.accessTestCaseMainPhase(CommonExecutor.java:65)
	at com.kms.katalon.core.main.TestSuiteExecutor.accessTestSuiteMainPhase(TestSuiteExecutor.java:150)
	at com.kms.katalon.core.main.TestSuiteExecutor.execute(TestSuiteExecutor.java:106)
	at com.kms.katalon.core.main.TestCaseMain.startTestSuite(TestCaseMain.java:180)
	at TempTestSuite1733719229947.run(TempTestSuite1733719229947.groovy:35)
	at java.base/jdk.internal.reflect.NativeMethodAccessorImpl.invoke0(Native Method)
	at java.base/jdk.internal.reflect.NativeMethodAccessorImpl.invoke(NativeMethodAccessorImpl.java:77)
	at java.base/jdk.internal.reflect.DelegatingMethodAccessorImpl.invoke(DelegatingMethodAccessorImpl.java:43)
)
	at com.kms.katalon.core.keyword.internal.KeywordMain.stepFailed(KeywordMain.groovy:39)
	at com.kms.katalon.core.keyword.internal.KeywordMain.stepFailed(KeywordMain.groovy)
	at com.kms.katalon.core.keyword.internal.KeywordMain.runKeyword(KeywordMain.groovy:77)
	at com.kms.katalon.core.keyword.builtin.VerifyEqualKeyword.verifyEqual(VerifyEqualKeyword.groovy:63)
	at com.kms.katalon.core.keyword.builtin.VerifyEqualKeyword.execute(VerifyEqualKeyword.groovy:44)
	at com.kms.katalon.core.keyword.internal.KeywordExecutor.executeKeywordForPlatform(KeywordExecutor.groovy:74)
	at com.kms.katalon.core.keyword.BuiltinKeywords.verifyEqual(BuiltinKeywords.groovy:146)
	at java.base/jdk.internal.reflect.NativeMethodAccessorImpl.invoke0(Native Method)
	at java.base/jdk.internal.reflect.NativeMethodAccessorImpl.invoke(NativeMethodAccessorImpl.java:77)
	at java.base/jdk.internal.reflect.DelegatingMethodAccessorImpl.invoke(DelegatingMethodAccessorImpl.java:43)
	at Выполнение бизнес-плана Сверка ПАО Россети все филиалы.Numbers(Выполнение бизнес-плана Сверка ПАО Россети все филиалы:752)
	at Выполнение бизнес-плана Сверка ПАО Россети все филиалы.run(Выполнение бизнес-плана Сверка ПАО Россети все филиалы:201)
	at com.kms.katalon.core.main.ScriptEngine.run(ScriptEngine.java:194)
	at com.kms.katalon.core.main.ScriptEngine.runScriptAsRawText(ScriptEngine.java:119)
	at com.kms.katalon.core.main.TestCaseExecutor.runScript(TestCaseExecutor.java:448)
	at com.kms.katalon.core.main.TestCaseExecutor.doExecute(TestCaseExecutor.java:439)
	at com.kms.katalon.core.main.TestCaseExecutor.processExecutionPhase(TestCaseExecutor.java:418)
	at com.kms.katalon.core.main.TestCaseExecutor.accessMainPhase(TestCaseExecutor.java:410)
	at com.kms.katalon.core.main.TestCaseExecutor.execute(TestCaseExecutor.java:285)
	at com.kms.katalon.core.common.CommonExecutor.accessTestCaseMainPhase(CommonExecutor.java:65)
	at com.kms.katalon.core.main.TestSuiteExecutor.accessTestSuiteMainPhase(TestSuiteExecutor.java:150)
	at com.kms.katalon.core.main.TestSuiteExecutor.execute(TestSuiteExecutor.java:106)
	at com.kms.katalon.core.main.TestCaseMain.startTestSuite(TestCaseMain.java:180)
	at TempTestSuite1733719229947.run(TempTestSuite1733719229947.groovy:35)
	at java.base/jdk.internal.reflect.NativeMethodAccessorImpl.invoke0(Native Method)
	at java.base/jdk.internal.reflect.NativeMethodAccessorImpl.invoke(NativeMethodAccessorImpl.java:77)
	at java.base/jdk.internal.reflect.DelegatingMethodAccessorImpl.invoke(DelegatingMethodAccessorImpl.java:43)
Caused by: com.kms.katalon.core.exception.StepFailedException: Actual object '6' and expected object '0' are not equal
	at com.kms.katalon.core.keyword.builtin.VerifyEqualKeyword$_verifyEqual_closure1.doCall(VerifyEqualKeyword.groovy:58)
	at com.kms.katalon.core.keyword.builtin.VerifyEqualKeyword$_verifyEqual_closure1.call(VerifyEqualKeyword.groovy)
	at com.kms.katalon.core.keyword.internal.KeywordMain.runKeyword(KeywordMain.groovy:75)
	... 24 more]]></system-out>
      <system-err><![CDATA[09-12-2024T07:40:34 - [TEST_SUITE][FAILED] - Сверка с ПБЭ: Test Cases/Выполнение бизнес-плана/Выполнение бизнес-плана Сверка ПАО Россети все филиалы FAILED.
Reason:
com.kms.katalon.core.exception.StepFailedException: Unable to verify equal between actual object '6' and expected object '0' (Root cause: com.kms.katalon.core.exception.StepFailedException: Actual object '6' and expected object '0' are not equal
	at com.kms.katalon.core.keyword.builtin.VerifyEqualKeyword$_verifyEqual_closure1.doCall(VerifyEqualKeyword.groovy:58)
	at com.kms.katalon.core.keyword.builtin.VerifyEqualKeyword$_verifyEqual_closure1.call(VerifyEqualKeyword.groovy)
	at com.kms.katalon.core.keyword.internal.KeywordMain.runKeyword(KeywordMain.groovy:75)
	at com.kms.katalon.core.keyword.builtin.VerifyEqualKeyword.verifyEqual(VerifyEqualKeyword.groovy:63)
	at com.kms.katalon.core.keyword.builtin.VerifyEqualKeyword.execute(VerifyEqualKeyword.groovy:44)
	at com.kms.katalon.core.keyword.internal.KeywordExecutor.executeKeywordForPlatform(KeywordExecutor.groovy:74)
	at com.kms.katalon.core.keyword.BuiltinKeywords.verifyEqual(BuiltinKeywords.groovy:146)
	at java.base/jdk.internal.reflect.NativeMethodAccessorImpl.invoke0(Native Method)
	at java.base/jdk.internal.reflect.NativeMethodAccessorImpl.invoke(NativeMethodAccessorImpl.java:77)
	at java.base/jdk.internal.reflect.DelegatingMethodAccessorImpl.invoke(DelegatingMethodAccessorImpl.java:43)
	at Выполнение бизнес-плана Сверка ПАО Россети все филиалы.Numbers(Выполнение бизнес-плана Сверка ПАО Россети все филиалы:752)
	at Выполнение бизнес-плана Сверка ПАО Россети все филиалы.run(Выполнение бизнес-плана Сверка ПАО Россети все филиалы:201)
	at com.kms.katalon.core.main.ScriptEngine.run(ScriptEngine.java:194)
	at com.kms.katalon.core.main.ScriptEngine.runScriptAsRawText(ScriptEngine.java:119)
	at com.kms.katalon.core.main.TestCaseExecutor.runScript(TestCaseExecutor.java:448)
	at com.kms.katalon.core.main.TestCaseExecutor.doExecute(TestCaseExecutor.java:439)
	at com.kms.katalon.core.main.TestCaseExecutor.processExecutionPhase(TestCaseExecutor.java:418)
	at com.kms.katalon.core.main.TestCaseExecutor.accessMainPhase(TestCaseExecutor.java:410)
	at com.kms.katalon.core.main.TestCaseExecutor.execute(TestCaseExecutor.java:285)
	at com.kms.katalon.core.common.CommonExecutor.accessTestCaseMainPhase(CommonExecutor.java:65)
	at com.kms.katalon.core.main.TestSuiteExecutor.accessTestSuiteMainPhase(TestSuiteExecutor.java:150)
	at com.kms.katalon.core.main.TestSuiteExecutor.execute(TestSuiteExecutor.java:106)
	at com.kms.katalon.core.main.TestCaseMain.startTestSuite(TestCaseMain.java:180)
	at TempTestSuite1733719229947.run(TempTestSuite1733719229947.groovy:35)
	at java.base/jdk.internal.reflect.NativeMethodAccessorImpl.invoke0(Native Method)
	at java.base/jdk.internal.reflect.NativeMethodAccessorImpl.invoke(NativeMethodAccessorImpl.java:77)
	at java.base/jdk.internal.reflect.DelegatingMethodAccessorImpl.invoke(DelegatingMethodAccessorImpl.java:43)
)
	at com.kms.katalon.core.keyword.internal.KeywordMain.stepFailed(KeywordMain.groovy:39)
	at com.kms.katalon.core.keyword.internal.KeywordMain.stepFailed(KeywordMain.groovy)
	at com.kms.katalon.core.keyword.internal.KeywordMain.runKeyword(KeywordMain.groovy:77)
	at com.kms.katalon.core.keyword.builtin.VerifyEqualKeyword.verifyEqual(VerifyEqualKeyword.groovy:63)
	at com.kms.katalon.core.keyword.builtin.VerifyEqualKeyword.execute(VerifyEqualKeyword.groovy:44)
	at com.kms.katalon.core.keyword.internal.KeywordExecutor.executeKeywordForPlatform(KeywordExecutor.groovy:74)
	at com.kms.katalon.core.keyword.BuiltinKeywords.verifyEqual(BuiltinKeywords.groovy:146)
	at java.base/jdk.internal.reflect.NativeMethodAccessorImpl.invoke0(Native Method)
	at java.base/jdk.internal.reflect.NativeMethodAccessorImpl.invoke(NativeMethodAccessorImpl.java:77)
	at java.base/jdk.internal.reflect.DelegatingMethodAccessorImpl.invoke(DelegatingMethodAccessorImpl.java:43)
	at Выполнение бизнес-плана Сверка ПАО Россети все филиалы.Numbers(Выполнение бизнес-плана Сверка ПАО Россети все филиалы:752)
	at Выполнение бизнес-плана Сверка ПАО Россети все филиалы.run(Выполнение бизнес-плана Сверка ПАО Россети все филиалы:201)
	at com.kms.katalon.core.main.ScriptEngine.run(ScriptEngine.java:194)
	at com.kms.katalon.core.main.ScriptEngine.runScriptAsRawText(ScriptEngine.java:119)
	at com.kms.katalon.core.main.TestCaseExecutor.runScript(TestCaseExecutor.java:448)
	at com.kms.katalon.core.main.TestCaseExecutor.doExecute(TestCaseExecutor.java:439)
	at com.kms.katalon.core.main.TestCaseExecutor.processExecutionPhase(TestCaseExecutor.java:418)
	at com.kms.katalon.core.main.TestCaseExecutor.accessMainPhase(TestCaseExecutor.java:410)
	at com.kms.katalon.core.main.TestCaseExecutor.execute(TestCaseExecutor.java:285)
	at com.kms.katalon.core.common.CommonExecutor.accessTestCaseMainPhase(CommonExecutor.java:65)
	at com.kms.katalon.core.main.TestSuiteExecutor.accessTestSuiteMainPhase(TestSuiteExecutor.java:150)
	at com.kms.katalon.core.main.TestSuiteExecutor.execute(TestSuiteExecutor.java:106)
	at com.kms.katalon.core.main.TestCaseMain.startTestSuite(TestCaseMain.java:180)
	at TempTestSuite1733719229947.run(TempTestSuite1733719229947.groovy:35)
	at java.base/jdk.internal.reflect.NativeMethodAccessorImpl.invoke0(Native Method)
	at java.base/jdk.internal.reflect.NativeMethodAccessorImpl.invoke(NativeMethodAccessorImpl.java:77)
	at java.base/jdk.internal.reflect.DelegatingMethodAccessorImpl.invoke(DelegatingMethodAccessorImpl.java:43)
Caused by: com.kms.katalon.core.exception.StepFailedException: Actual object '6' and expected object '0' are not equal
	at com.kms.katalon.core.keyword.builtin.VerifyEqualKeyword$_verifyEqual_closure1.doCall(VerifyEqualKeyword.groovy:58)
	at com.kms.katalon.core.keyword.builtin.VerifyEqualKeyword$_verifyEqual_closure1.call(VerifyEqualKeyword.groovy)
	at com.kms.katalon.core.keyword.internal.KeywordMain.runKeyword(KeywordMain.groovy:75)
	... 24 more]]></system-err>
   </testsuite>
</testsuites>
