<?xml version="1.0" encoding="UTF-8"?>
<testsuites name="Сверка дашбордов из разных блоков" time="5874.131" tests="2" failures="2" errors="0">
   <testsuite name="Сверка дашбордов из разных блоков" tests="2" failures="2" errors="0" time="5874.131" skipped="0" timestamp="02-12-2024T06:54:24" hostname="liazgina-di - UVV-WS904-D.ot.ru" id="Test Suites/Пн-Ср-Пт/Сверка дашбордов из разных блоков">
      <properties>
         <property name="deviceName" value=""/>
         <property name="devicePlatform"/>
         <property name="logFolder" value="C:\\Users\\LIAZGINA-DI\\git\\SPORU\\Reports\\20241202_065419\\\u041F\u043D-\u0421\u0440-\u041F\u0442\\\u0421\u0432\u0435\u0440\u043A\u0430 \u0434\u0430\u0448\u0431\u043E\u0440\u0434\u043E\u0432 \u0438\u0437 \u0440\u0430\u0437\u043D\u044B\u0445 \u0431\u043B\u043E\u043A\u043E\u0432\\20241202_065419"/>
         <property name="logFiles" value="C:\\Users\\LIAZGINA-DI\\git\\SPORU\\Reports\\20241202_065419\\\u041F\u043D-\u0421\u0440-\u041F\u0442\\\u0421\u0432\u0435\u0440\u043A\u0430 \u0434\u0430\u0448\u0431\u043E\u0440\u0434\u043E\u0432 \u0438\u0437 \u0440\u0430\u0437\u043D\u044B\u0445 \u0431\u043B\u043E\u043A\u043E\u0432\\20241202_065419\\execution0.log, C:\\Users\\LIAZGINA-DI\\git\\SPORU\\Reports\\20241202_065419\\\u041F\u043D-\u0421\u0440-\u041F\u0442\\\u0421\u0432\u0435\u0440\u043A\u0430 \u0434\u0430\u0448\u0431\u043E\u0440\u0434\u043E\u0432 \u0438\u0437 \u0440\u0430\u0437\u043D\u044B\u0445 \u0431\u043B\u043E\u043A\u043E\u0432\\20241202_065419\\execution1.log"/>
         <property name="attachments" value="C:\\Users\\LIAZGINA-DI\\git\\SPORU\\Reports\\20241202_065419\\\u041F\u043D-\u0421\u0440-\u041F\u0442\\\u0421\u0432\u0435\u0440\u043A\u0430 \u0434\u0430\u0448\u0431\u043E\u0440\u0434\u043E\u0432 \u0438\u0437 \u0440\u0430\u0437\u043D\u044B\u0445 \u0431\u043B\u043E\u043A\u043E\u0432\\20241202_065419\\1733112165003.png"/>
         <property name="hostName" value="liazgina-di - UVV-WS904-D.ot.ru"/>
         <property name="os" value="Windows 10 64bit"/>
         <property name="katalonVersion" value="9.5.0.217"/>
         <property name="browser" value="Chrome 131.0.0.0"/>
         <property name="hostAddress" value="192.168.0.19"/>
         <property name="sessionId" value="d909f8d72894781cf99067ac9df552e4"/>
         <property name="seleniumVersion" value="3.141.59"/>
         <property name="proxyInformation" value="ProxyInformation { proxyOption=NO_PROXY, proxyServerType=HTTP, username=, password=********, proxyServerAddress=, proxyServerPort=0, executionList=&quot;&quot;, isApplyToDesiredCapabilities=true }"/>
         <property name="platform" value="Windows 10"/>
      </properties>
      <testcase name="Test Cases/Сверки дашбордов/Выполнение бизнес-плана сверка дашбордов" time="765.553" classname="Test Cases/Сверки дашбордов/Выполнение бизнес-плана сверка дашбордов" status="FAILED">
         <failure type="FAILED" message="Test Cases/Сверки дашбордов/Выполнение бизнес-плана сверка дашбордов FAILED.&#xa;Reason:&#xa;com.kms.katalon.core.exception.StepFailedException: Unable to verify object is present (Root cause: com.kms.katalon.core.exception.StepFailedException: Unable to verify object is present&#xa;	at com.kms.katalon.core.webui.keyword.internal.WebUIKeywordMain.stepFailed(WebUIKeywordMain.groovy:64)&#xa;	at com.kms.katalon.core.webui.keyword.internal.WebUIKeywordMain.runKeyword(WebUIKeywordMain.groovy:26)&#xa;	at com.kms.katalon.core.webui.keyword.builtin.VerifyElementPresentKeyword.verifyElementPresent(VerifyElementPresentKeyword.groovy:92)&#xa;	at com.kms.katalon.core.webui.keyword.builtin.VerifyElementPresentKeyword.execute(VerifyElementPresentKeyword.groovy:68)&#xa;	at com.kms.katalon.core.keyword.internal.KeywordExecutor.executeKeywordForPlatform(KeywordExecutor.groovy:74)&#xa;	at com.kms.katalon.core.webui.keyword.WebUiBuiltInKeywords.verifyElementPresent(WebUiBuiltInKeywords.groovy:1503)&#xa;	at Выполнение бизнес-плана сверка дашбордов.GetAllPAOData(Выполнение бизнес-плана сверка дашбордов:862)&#xa;	at Выполнение бизнес-плана сверка дашбордов.run(Выполнение бизнес-плана сверка дашбордов:362)&#xa;	at com.kms.katalon.core.main.ScriptEngine.run(ScriptEngine.java:194)&#xa;	at com.kms.katalon.core.main.ScriptEngine.runScriptAsRawText(ScriptEngine.java:119)&#xa;	at com.kms.katalon.core.main.TestCaseExecutor.runScript(TestCaseExecutor.java:448)&#xa;	at com.kms.katalon.core.main.TestCaseExecutor.doExecute(TestCaseExecutor.java:439)&#xa;	at com.kms.katalon.core.main.TestCaseExecutor.processExecutionPhase(TestCaseExecutor.java:418)&#xa;	at com.kms.katalon.core.main.TestCaseExecutor.accessMainPhase(TestCaseExecutor.java:410)&#xa;	at com.kms.katalon.core.main.TestCaseExecutor.execute(TestCaseExecutor.java:285)&#xa;	at com.kms.katalon.core.common.CommonExecutor.accessTestCaseMainPhase(CommonExecutor.java:65)&#xa;	at com.kms.katalon.core.main.TestSuiteExecutor.accessTestSuiteMainPhase(TestSuiteExecutor.java:150)&#xa;	at com.kms.katalon.core.main.TestSuiteExecutor.execute(TestSuiteExecutor.java:106)&#xa;	at com.kms.katalon.core.main.TestCaseMain.startTestSuite(TestCaseMain.java:180)&#xa;	at TempTestSuite1733111659562.run(TempTestSuite1733111659562.groovy:35)&#xa;	at java.base/jdk.internal.reflect.NativeMethodAccessorImpl.invoke0(Native Method)&#xa;	at java.base/jdk.internal.reflect.NativeMethodAccessorImpl.invoke(NativeMethodAccessorImpl.java:77)&#xa;	at java.base/jdk.internal.reflect.DelegatingMethodAccessorImpl.invoke(DelegatingMethodAccessorImpl.java:43)&#xa;Caused by: java.lang.IllegalArgumentException: Object is null&#xa;	at com.kms.katalon.core.helper.KeywordHelper.checkTestObjectParameter(KeywordHelper.java:33)&#xa;	at com.kms.katalon.core.webui.keyword.builtin.VerifyElementPresentKeyword$_verifyElementPresent_closure1.doCall(VerifyElementPresentKeyword.groovy:76)&#xa;	at com.kms.katalon.core.webui.keyword.builtin.VerifyElementPresentKeyword$_verifyElementPresent_closure1.call(VerifyElementPresentKeyword.groovy)&#xa;	at com.kms.katalon.core.webui.keyword.internal.WebUIKeywordMain.runKeyword(WebUIKeywordMain.groovy:20)&#xa;	at com.kms.katalon.core.webui.keyword.builtin.VerifyElementPresentKeyword.verifyElementPresent(VerifyElementPresentKeyword.groovy:92)&#xa;	at com.kms.katalon.core.webui.keyword.builtin.VerifyElementPresentKeyword.execute(VerifyElementPresentKeyword.groovy:68)&#xa;	at com.kms.katalon.core.keyword.internal.KeywordExecutor.executeKeywordForPlatform(KeywordExecutor.groovy:74)&#xa;	at com.kms.katalon.core.webui.keyword.WebUiBuiltInKeywords.verifyElementPresent(WebUiBuiltInKeywords.groovy:1503)&#xa;	at Script1719299571342.GetAllPAOData(Script1719299571342.groovy:862)&#xa;	at Script1719299571342.run(Script1719299571342.groovy:362)&#xa;	... 15 more&#xa;)&#xa;	at com.kms.katalon.core.keyword.internal.KeywordMain.stepFailed(KeywordMain.groovy:39)&#xa;	at com.kms.katalon.core.webui.keyword.internal.WebUIKeywordMain.stepFailed(WebUIKeywordMain.groovy:64)&#xa;	at com.kms.katalon.core.webui.keyword.internal.WebUIKeywordMain.runKeyword(WebUIKeywordMain.groovy:26)&#xa;	at com.kms.katalon.core.webui.keyword.builtin.VerifyElementPresentKeyword.verifyElementPresent(VerifyElementPresentKeyword.groovy:92)&#xa;	at com.kms.katalon.core.webui.keyword.builtin.VerifyElementPresentKeyword.execute(VerifyElementPresentKeyword.groovy:68)&#xa;	at com.kms.katalon.core.keyword.internal.KeywordExecutor.executeKeywordForPlatform(KeywordExecutor.groovy:74)&#xa;	at com.kms.katalon.core.webui.keyword.WebUiBuiltInKeywords.verifyElementPresent(WebUiBuiltInKeywords.groovy:1503)&#xa;	at Выполнение бизнес-плана сверка дашбордов.GetAllPAOData(Выполнение бизнес-плана сверка дашбордов:862)&#xa;	at Выполнение бизнес-плана сверка дашбордов.run(Выполнение бизнес-плана сверка дашбордов:362)&#xa;	at com.kms.katalon.core.main.ScriptEngine.run(ScriptEngine.java:194)&#xa;	at com.kms.katalon.core.main.ScriptEngine.runScriptAsRawText(ScriptEngine.java:119)&#xa;	at com.kms.katalon.core.main.TestCaseExecutor.runScript(TestCaseExecutor.java:448)&#xa;	at com.kms.katalon.core.main.TestCaseExecutor.doExecute(TestCaseExecutor.java:439)&#xa;	at com.kms.katalon.core.main.TestCaseExecutor.processExecutionPhase(TestCaseExecutor.java:418)&#xa;	at com.kms.katalon.core.main.TestCaseExecutor.accessMainPhase(TestCaseExecutor.java:410)&#xa;	at com.kms.katalon.core.main.TestCaseExecutor.execute(TestCaseExecutor.java:285)&#xa;	at com.kms.katalon.core.common.CommonExecutor.accessTestCaseMainPhase(CommonExecutor.java:65)&#xa;	at com.kms.katalon.core.main.TestSuiteExecutor.accessTestSuiteMainPhase(TestSuiteExecutor.java:150)&#xa;	at com.kms.katalon.core.main.TestSuiteExecutor.execute(TestSuiteExecutor.java:106)&#xa;	at com.kms.katalon.core.main.TestCaseMain.startTestSuite(TestCaseMain.java:180)&#xa;	at TempTestSuite1733111659562.run(TempTestSuite1733111659562.groovy:35)&#xa;	at java.base/jdk.internal.reflect.NativeMethodAccessorImpl.invoke0(Native Method)&#xa;	at java.base/jdk.internal.reflect.NativeMethodAccessorImpl.invoke(NativeMethodAccessorImpl.java:77)&#xa;	at java.base/jdk.internal.reflect.DelegatingMethodAccessorImpl.invoke(DelegatingMethodAccessorImpl.java:43)&#xa;Caused by: com.kms.katalon.core.exception.StepFailedException: Unable to verify object is present&#xa;	... 23 more&#xa;Caused by: java.lang.IllegalArgumentException: Object is null&#xa;	at com.kms.katalon.core.helper.KeywordHelper.checkTestObjectParameter(KeywordHelper.java:33)&#xa;	at com.kms.katalon.core.webui.keyword.builtin.VerifyElementPresentKeyword$_verifyElementPresent_closure1.doCall(VerifyElementPresentKeyword.groovy:76)&#xa;	at com.kms.katalon.core.webui.keyword.builtin.VerifyElementPresentKeyword$_verifyElementPresent_closure1.call(VerifyElementPresentKeyword.groovy)&#xa;	at com.kms.katalon.core.webui.keyword.internal.WebUIKeywordMain.runKeyword(WebUIKeywordMain.groovy:20)&#xa;	... 21 more&#xa;"/>
         <system-out><![CDATA[02-12-2024T06:54:24 - [TEST_CASE][FAILED] - Test Cases/Сверки дашбордов/Выполнение бизнес-плана сверка дашбордов: Test Cases/Сверки дашбордов/Выполнение бизнес-плана сверка дашбордов FAILED.
Reason:
com.kms.katalon.core.exception.StepFailedException: Unable to verify object is present (Root cause: com.kms.katalon.core.exception.StepFailedException: Unable to verify object is present
	at com.kms.katalon.core.webui.keyword.internal.WebUIKeywordMain.stepFailed(WebUIKeywordMain.groovy:64)
	at com.kms.katalon.core.webui.keyword.internal.WebUIKeywordMain.runKeyword(WebUIKeywordMain.groovy:26)
	at com.kms.katalon.core.webui.keyword.builtin.VerifyElementPresentKeyword.verifyElementPresent(VerifyElementPresentKeyword.groovy:92)
	at com.kms.katalon.core.webui.keyword.builtin.VerifyElementPresentKeyword.execute(VerifyElementPresentKeyword.groovy:68)
	at com.kms.katalon.core.keyword.internal.KeywordExecutor.executeKeywordForPlatform(KeywordExecutor.groovy:74)
	at com.kms.katalon.core.webui.keyword.WebUiBuiltInKeywords.verifyElementPresent(WebUiBuiltInKeywords.groovy:1503)
	at Выполнение бизнес-плана сверка дашбордов.GetAllPAOData(Выполнение бизнес-плана сверка дашбордов:862)
	at Выполнение бизнес-плана сверка дашбордов.run(Выполнение бизнес-плана сверка дашбордов:362)
	at com.kms.katalon.core.main.ScriptEngine.run(ScriptEngine.java:194)
	at com.kms.katalon.core.main.ScriptEngine.runScriptAsRawText(ScriptEngine.java:119)
	at com.kms.katalon.core.main.TestCaseExecutor.runScript(TestCaseExecutor.java:448)
	at com.kms.katalon.core.main.TestCaseExecutor.doExecute(TestCaseExecutor.java:439)
	at com.kms.katalon.core.main.TestCaseExecutor.processExecutionPhase(TestCaseExecutor.java:418)
	at com.kms.katalon.core.main.TestCaseExecutor.accessMainPhase(TestCaseExecutor.java:410)
	at com.kms.katalon.core.main.TestCaseExecutor.execute(TestCaseExecutor.java:285)
	at com.kms.katalon.core.common.CommonExecutor.accessTestCaseMainPhase(CommonExecutor.java:65)
	at com.kms.katalon.core.main.TestSuiteExecutor.accessTestSuiteMainPhase(TestSuiteExecutor.java:150)
	at com.kms.katalon.core.main.TestSuiteExecutor.execute(TestSuiteExecutor.java:106)
	at com.kms.katalon.core.main.TestCaseMain.startTestSuite(TestCaseMain.java:180)
	at TempTestSuite1733111659562.run(TempTestSuite1733111659562.groovy:35)
	at java.base/jdk.internal.reflect.NativeMethodAccessorImpl.invoke0(Native Method)
	at java.base/jdk.internal.reflect.NativeMethodAccessorImpl.invoke(NativeMethodAccessorImpl.java:77)
	at java.base/jdk.internal.reflect.DelegatingMethodAccessorImpl.invoke(DelegatingMethodAccessorImpl.java:43)
Caused by: java.lang.IllegalArgumentException: Object is null
	at com.kms.katalon.core.helper.KeywordHelper.checkTestObjectParameter(KeywordHelper.java:33)
	at com.kms.katalon.core.webui.keyword.builtin.VerifyElementPresentKeyword$_verifyElementPresent_closure1.doCall(VerifyElementPresentKeyword.groovy:76)
	at com.kms.katalon.core.webui.keyword.builtin.VerifyElementPresentKeyword$_verifyElementPresent_closure1.call(VerifyElementPresentKeyword.groovy)
	at com.kms.katalon.core.webui.keyword.internal.WebUIKeywordMain.runKeyword(WebUIKeywordMain.groovy:20)
	at com.kms.katalon.core.webui.keyword.builtin.VerifyElementPresentKeyword.verifyElementPresent(VerifyElementPresentKeyword.groovy:92)
	at com.kms.katalon.core.webui.keyword.builtin.VerifyElementPresentKeyword.execute(VerifyElementPresentKeyword.groovy:68)
	at com.kms.katalon.core.keyword.internal.KeywordExecutor.executeKeywordForPlatform(KeywordExecutor.groovy:74)
	at com.kms.katalon.core.webui.keyword.WebUiBuiltInKeywords.verifyElementPresent(WebUiBuiltInKeywords.groovy:1503)
	at Script1719299571342.GetAllPAOData(Script1719299571342.groovy:862)
	at Script1719299571342.run(Script1719299571342.groovy:362)
	... 15 more
)
	at com.kms.katalon.core.keyword.internal.KeywordMain.stepFailed(KeywordMain.groovy:39)
	at com.kms.katalon.core.webui.keyword.internal.WebUIKeywordMain.stepFailed(WebUIKeywordMain.groovy:64)
	at com.kms.katalon.core.webui.keyword.internal.WebUIKeywordMain.runKeyword(WebUIKeywordMain.groovy:26)
	at com.kms.katalon.core.webui.keyword.builtin.VerifyElementPresentKeyword.verifyElementPresent(VerifyElementPresentKeyword.groovy:92)
	at com.kms.katalon.core.webui.keyword.builtin.VerifyElementPresentKeyword.execute(VerifyElementPresentKeyword.groovy:68)
	at com.kms.katalon.core.keyword.internal.KeywordExecutor.executeKeywordForPlatform(KeywordExecutor.groovy:74)
	at com.kms.katalon.core.webui.keyword.WebUiBuiltInKeywords.verifyElementPresent(WebUiBuiltInKeywords.groovy:1503)
	at Выполнение бизнес-плана сверка дашбордов.GetAllPAOData(Выполнение бизнес-плана сверка дашбордов:862)
	at Выполнение бизнес-плана сверка дашбордов.run(Выполнение бизнес-плана сверка дашбордов:362)
	at com.kms.katalon.core.main.ScriptEngine.run(ScriptEngine.java:194)
	at com.kms.katalon.core.main.ScriptEngine.runScriptAsRawText(ScriptEngine.java:119)
	at com.kms.katalon.core.main.TestCaseExecutor.runScript(TestCaseExecutor.java:448)
	at com.kms.katalon.core.main.TestCaseExecutor.doExecute(TestCaseExecutor.java:439)
	at com.kms.katalon.core.main.TestCaseExecutor.processExecutionPhase(TestCaseExecutor.java:418)
	at com.kms.katalon.core.main.TestCaseExecutor.accessMainPhase(TestCaseExecutor.java:410)
	at com.kms.katalon.core.main.TestCaseExecutor.execute(TestCaseExecutor.java:285)
	at com.kms.katalon.core.common.CommonExecutor.accessTestCaseMainPhase(CommonExecutor.java:65)
	at com.kms.katalon.core.main.TestSuiteExecutor.accessTestSuiteMainPhase(TestSuiteExecutor.java:150)
	at com.kms.katalon.core.main.TestSuiteExecutor.execute(TestSuiteExecutor.java:106)
	at com.kms.katalon.core.main.TestCaseMain.startTestSuite(TestCaseMain.java:180)
	at TempTestSuite1733111659562.run(TempTestSuite1733111659562.groovy:35)
	at java.base/jdk.internal.reflect.NativeMethodAccessorImpl.invoke0(Native Method)
	at java.base/jdk.internal.reflect.NativeMethodAccessorImpl.invoke(NativeMethodAccessorImpl.java:77)
	at java.base/jdk.internal.reflect.DelegatingMethodAccessorImpl.invoke(DelegatingMethodAccessorImpl.java:43)
Caused by: com.kms.katalon.core.exception.StepFailedException: Unable to verify object is present
	... 23 more
Caused by: java.lang.IllegalArgumentException: Object is null
	at com.kms.katalon.core.helper.KeywordHelper.checkTestObjectParameter(KeywordHelper.java:33)
	at com.kms.katalon.core.webui.keyword.builtin.VerifyElementPresentKeyword$_verifyElementPresent_closure1.doCall(VerifyElementPresentKeyword.groovy:76)
	at com.kms.katalon.core.webui.keyword.builtin.VerifyElementPresentKeyword$_verifyElementPresent_closure1.call(VerifyElementPresentKeyword.groovy)
	at com.kms.katalon.core.webui.keyword.internal.WebUIKeywordMain.runKeyword(WebUIKeywordMain.groovy:20)
	... 21 more


02-12-2024T06:54:25 - [TEST_STEP][PASSED] - date = new java.util.Date(): null

02-12-2024T06:54:25 - [TEST_STEP][PASSED] - todaysDate = date.format("dd.MM.yyyy"): null

02-12-2024T06:54:25 - [TEST_STEP][PASSED] - blockNum = <not implemented yet for class: org.codehaus.groovy.ast.expr.EmptyExpression>: null

02-12-2024T06:54:25 - [TEST_STEP][PASSED] - path = <not implemented yet for class: org.codehaus.groovy.ast.expr.EmptyExpression>: null

02-12-2024T06:54:25 - [TEST_STEP][PASSED] - typeOfData = <not implemented yet for class: org.codehaus.groovy.ast.expr.EmptyExpression>: null

02-12-2024T06:54:25 - [TEST_STEP][PASSED] - i = <not implemented yet for class: org.codehaus.groovy.ast.expr.EmptyExpression>: null

02-12-2024T06:54:25 - [TEST_STEP][PASSED] - dZO = <not implemented yet for class: org.codehaus.groovy.ast.expr.EmptyExpression>: null

02-12-2024T06:54:25 - [TEST_STEP][PASSED] - vidget = <not implemented yet for class: org.codehaus.groovy.ast.expr.EmptyExpression>: null

02-12-2024T06:54:25 - [TEST_STEP][PASSED] - tabR = <not implemented yet for class: org.codehaus.groovy.ast.expr.EmptyExpression>: null

02-12-2024T06:54:25 - [TEST_STEP][PASSED] - tabB = <not implemented yet for class: org.codehaus.groovy.ast.expr.EmptyExpression>: null

02-12-2024T06:54:25 - [TEST_STEP][PASSED] - o1R = <not implemented yet for class: org.codehaus.groovy.ast.expr.EmptyExpression>: null

02-12-2024T06:54:25 - [TEST_STEP][PASSED] - o1B = <not implemented yet for class: org.codehaus.groovy.ast.expr.EmptyExpression>: null

02-12-2024T06:54:25 - [TEST_STEP][PASSED] - PercPlanR = <not implemented yet for class: org.codehaus.groovy.ast.expr.EmptyExpression>: null

02-12-2024T06:54:25 - [TEST_STEP][PASSED] - PercPlanB = <not implemented yet for class: org.codehaus.groovy.ast.expr.EmptyExpression>: null

02-12-2024T06:54:25 - [TEST_STEP][PASSED] - PercFactR = <not implemented yet for class: org.codehaus.groovy.ast.expr.EmptyExpression>: null

02-12-2024T06:54:25 - [TEST_STEP][PASSED] - PercFactB = <not implemented yet for class: org.codehaus.groovy.ast.expr.EmptyExpression>: null

02-12-2024T06:54:25 - [TEST_STEP][PASSED] - pRR = "ПАО Россети/": null

02-12-2024T06:54:25 - [TEST_STEP][PASSED] - fR = "Россети ФСК ЕЭС/": null

02-12-2024T06:54:25 - [TEST_STEP][PASSED] - tyR = "АО "Тываэнерго"/": null

02-12-2024T06:54:25 - [TEST_STEP][PASSED] - chR = "Чеченэнерго": null

02-12-2024T06:54:25 - [TEST_STEP][PASSED] - vR = "Россети Волга/": null

02-12-2024T06:54:25 - [TEST_STEP][PASSED] - kR = "Россети Кубань/": null

02-12-2024T06:54:25 - [TEST_STEP][PASSED] - lR = "Россети Ленэнерго (ГК)/": null

02-12-2024T06:54:25 - [TEST_STEP][PASSED] - mR = "Россети Московский регион/": null

02-12-2024T06:54:25 - [TEST_STEP][PASSED] - sKR = "Россети Северный Кавказ (ГК)/": null

02-12-2024T06:54:25 - [TEST_STEP][PASSED] - sZR = "Россети Северо-Запад/": null

02-12-2024T06:54:25 - [TEST_STEP][PASSED] - siR = "Россети Сибирь (ГК)/": null

02-12-2024T06:54:25 - [TEST_STEP][PASSED] - tomR = "Россети Томск/": null

02-12-2024T06:54:25 - [TEST_STEP][PASSED] - tyumR = "Россети Тюмень/": null

02-12-2024T06:54:25 - [TEST_STEP][PASSED] - urR = "Россети Урал (ГК)/": null

02-12-2024T06:54:25 - [TEST_STEP][PASSED] - cenR = "Россети Центр (ГК)/": null

02-12-2024T06:54:25 - [TEST_STEP][PASSED] - cIPR = "Россети Центр и Приволжье (ГК)/": null

02-12-2024T06:54:25 - [TEST_STEP][PASSED] - ugR = "Россети Юг (ГК)/": null

02-12-2024T06:54:25 - [TEST_STEP][PASSED] - yR = "Россети Янтарь/": null

02-12-2024T06:54:25 - [TEST_STEP][PASSED] - pRB = "ПАО Россети/": null

02-12-2024T06:54:25 - [TEST_STEP][PASSED] - fB = "Россети ФСК ЕЭС/": null

02-12-2024T06:54:25 - [TEST_STEP][PASSED] - tyB = "АО "Тываэнерго"/": null

02-12-2024T06:54:25 - [TEST_STEP][PASSED] - chB = "Чеченэнерго": null

02-12-2024T06:54:25 - [TEST_STEP][PASSED] - vB = "Россети Волга/": null

02-12-2024T06:54:25 - [TEST_STEP][PASSED] - kB = "Россети Кубань/": null

02-12-2024T06:54:25 - [TEST_STEP][PASSED] - lB = "Россети Ленэнерго (ГК)/": null

02-12-2024T06:54:25 - [TEST_STEP][PASSED] - mB = "Россети Московский регион/": null

02-12-2024T06:54:25 - [TEST_STEP][PASSED] - sKB = "Россети Северный Кавказ (ГК)/": null

02-12-2024T06:54:25 - [TEST_STEP][PASSED] - sZB = "Россети Северо-Запад/": null

02-12-2024T06:54:25 - [TEST_STEP][PASSED] - siB = "Россети Сибирь (ГК)/": null

02-12-2024T06:54:25 - [TEST_STEP][PASSED] - tomB = "Россети Томск/": null

02-12-2024T06:54:25 - [TEST_STEP][PASSED] - tyumB = "Россети Тюмень/": null

02-12-2024T06:54:25 - [TEST_STEP][PASSED] - urB = "Россети Урал (ГК)/": null

02-12-2024T06:54:25 - [TEST_STEP][PASSED] - cenB = "Россети Центр (ГК)/": null

02-12-2024T06:54:25 - [TEST_STEP][PASSED] - cIPB = "Россети Центр и Приволжье (ГК)/": null

02-12-2024T06:54:25 - [TEST_STEP][PASSED] - ugB = "Россети Юг (ГК)/": null

02-12-2024T06:54:25 - [TEST_STEP][PASSED] - yB = "Россети Янтарь/": null

02-12-2024T06:54:25 - [TEST_STEP][PASSED] - VseDZO = <not implemented yet for class: org.codehaus.groovy.ast.expr.EmptyExpression>: null

02-12-2024T06:54:25 - [TEST_STEP][PASSED] - a = <not implemented yet for class: org.codehaus.groovy.ast.expr.EmptyExpression>: null

02-12-2024T06:54:25 - [TEST_STEP][PASSED] - b = <not implemented yet for class: org.codehaus.groovy.ast.expr.EmptyExpression>: null

02-12-2024T06:54:25 - [TEST_STEP][PASSED] - dZONum = 0: null

02-12-2024T06:54:25 - [TEST_STEP][PASSED] - x = <not implemented yet for class: org.codehaus.groovy.ast.expr.EmptyExpression>: null

02-12-2024T06:54:25 - [TEST_STEP][PASSED] - blockNum = 1: null

02-12-2024T06:54:25 - [TEST_STEP][PASSED] - path = "Object Repository/Выполнение бизнес-плана/": null

02-12-2024T06:54:25 - [TEST_STEP][PASSED] - Script1719299571342.Presettings(blockNum, path): null

02-12-2024T06:54:25 - [TEST_STEP][PASSED] - blockNumber = <not implemented yet for class: org.codehaus.groovy.ast.expr.EmptyExpression>: null

02-12-2024T06:54:25 - [TEST_STEP][PASSED] - urlText = <not implemented yet for class: org.codehaus.groovy.ast.expr.EmptyExpression>: null

02-12-2024T06:54:25 - [TEST_STEP][PASSED] - searchWord = <not implemented yet for class: org.codehaus.groovy.ast.expr.EmptyExpression>: null

02-12-2024T06:54:25 - [TEST_STEP][PASSED] - i = <not implemented yet for class: org.codehaus.groovy.ast.expr.EmptyExpression>: null

02-12-2024T06:54:25 - [TEST_STEP][PASSED] - ii = <not implemented yet for class: org.codehaus.groovy.ast.expr.EmptyExpression>: null

02-12-2024T06:54:25 - [TEST_STEP][PASSED] - openBrowser(""): Browser is opened with url: ''

02-12-2024T06:54:26 - [MESSAGE][INFO] - Starting 'Chrome' driver

02-12-2024T06:54:26 - [MESSAGE][INFO] - Action delay is set to 0 milliseconds

02-12-2024T06:54:29 - [MESSAGE][PASSED] - Browser is opened with url: ''

02-12-2024T06:54:29 - [TEST_STEP][PASSED] - if (blockNum == 1): null

02-12-2024T06:54:29 - [TEST_STEP][PASSED] - path = "Object Repository/Выполнение бизнес-плана/": null

02-12-2024T06:54:29 - [TEST_STEP][PASSED] - blockNumber = 1: null

02-12-2024T06:54:29 - [TEST_STEP][PASSED] - navigateToUrl(findTestData("PlanFact").getValue(10, blockNumber)): Navigate to 'https://bi.rosseti.digital/viewer?dashboardGuid=d154a8eaf6824e2b9de1bb04dd061c18&sheetGuid=1305e8ce744049e1abdacea1ea397a26&fit=true' successfully

02-12-2024T06:54:36 - [MESSAGE][PASSED] - Navigate to 'https://bi.rosseti.digital/viewer?dashboardGuid=d154a8eaf6824e2b9de1bb04dd061c18&sheetGuid=1305e8ce744049e1abdacea1ea397a26&fit=true' successfully

02-12-2024T06:54:36 - [TEST_STEP][PASSED] - urlText = getText(findTestObject("Страница авторизации/Text")): Text of object 'Object Repository/Страница авторизации/Text' is: 'Вход'

02-12-2024T06:54:39 - [MESSAGE][PASSED] - Text of object 'Object Repository/Страница авторизации/Text' is: 'Вход'

02-12-2024T06:54:39 - [TEST_STEP][PASSED] - delay(10): Delayed 10 second(s)

02-12-2024T06:54:49 - [MESSAGE][PASSED] - Delayed 10 second(s)

02-12-2024T06:54:49 - [TEST_STEP][PASSED] - searchWord = "Вход": null

02-12-2024T06:54:49 - [TEST_STEP][PASSED] - if (urlText.contains(searchWord) == false): null

02-12-2024T06:54:49 - [TEST_STEP][PASSED] - setText(findTestObject("Страница авторизации/input__username"), findTestData("PlanFact").getValue(8, 1)): Text 'liazgina-di' is set on object 'Object Repository/Страница авторизации/input__username'

02-12-2024T06:54:49 - [MESSAGE][PASSED] - Text 'liazgina-di' is set on object 'Object Repository/Страница авторизации/input__username'

02-12-2024T06:54:49 - [TEST_STEP][PASSED] - setText(findTestObject("Страница авторизации/input__password"), findTestData("PlanFact").getValue(9, 1)): Text ')$%5srZ8o688Dm#q' is set on object 'Object Repository/Страница авторизации/input__password'

02-12-2024T06:54:50 - [MESSAGE][PASSED] - Text ')$%5srZ8o688Dm#q' is set on object 'Object Repository/Страница авторизации/input__password'

02-12-2024T06:54:50 - [TEST_STEP][PASSED] - click(findTestObject("Страница авторизации/button_")): Object: 'Object Repository/Страница авторизации/button_' is clicked on

02-12-2024T06:54:52 - [MESSAGE][PASSED] - Object: 'Object Repository/Страница авторизации/button_' is clicked on

02-12-2024T06:54:52 - [TEST_STEP][PASSED] - delay(50): Delayed 50 second(s)

02-12-2024T06:55:42 - [MESSAGE][PASSED] - Delayed 50 second(s)

02-12-2024T06:55:42 - [TEST_STEP][PASSED] - searchWord = "ДЗО": null

02-12-2024T06:55:42 - [TEST_STEP][PASSED] - urlText = getText(findTestObject("Страница авторизации/Text")): Text of object 'Object Repository/Страница авторизации/Text' is: 'ДЗО 
Все
Период
1, 2, 3 кв., Октябрь 2024 года
Отклонения фактического уровня потерь от бизнес-плана, п.п.
-0.07
3.72
3.84
-0.05
0.15
-0.50
-0.27
АО «Тываэнерго»
АО «Чеченэнерго»
Россети Северный Кавказ
Россети Сибирь
Россети Тюмень
Россети Центр (ГК)
Россети Центр и Приволжье (ГК)
-1
0
1
2
3
4
5
6
7

Уровень потерь электроэнергии
АО «Тываэнерго»
АО «Чеченэнерго»
Россети Северный Кавказ
Россети Сибирь
Россети Тюмень
Россети Центр (ГК)
Россети Центр и Приволжье (ГК)
0
10
20
30
40
50
60
70
21.03
|
32.87
23.70
6.97
|
2.50
10.14
|
7.04
|
20.96
36.59
|
27.54
|
6.92
2.65
|
9.64
6.77
п.п.
0.06
Итого
0
0.025
0.05
0.075
%
5.35 5.35
5.31 5.31
План
Факт
1
100

● Бизнес-план выполнен● ●● Превышение бизнес-плана
Отклонения фактического уровня потерь от бизнес-плана за 3 месяца (нарастающим итогом), п.п.
-0.0-0.0
4.14.1
4.04.0
-0.1-0.1
0.10.1
-0.4-0.4
-0.2-0.2
-0.1-0.1
3.73.7
3.83.8
-0.0-0.0
0.10.1
-0.5-0.5
-0.2-0.2
-0.1-0.1
3.73.7
3.83.8
-0.0-0.0
0.10.1
-0.5-0.5
-0.3-0.3
Россети ФСКЕЭС
АО«Тываэнерго»
АО«Чеченэнерго»
Россети Волга
РоссетиКубань
РоссетиЛенэнерго (ГК)
РоссетиМосковскийрегион
РоссетиСеверныйКавказ (ГК)
Россети Северо-Запад
Россети Сибирь(ГК)
Россети Томск
Россети Тюмень
Россети Урал(ГК)
Россети Центр
Россети Центр иПриволжье (ГК)
Россети Юг (Г…
РоссетиЯнтарь
0
-5
5
п.п.
Отклонения фактического уровня потерь от бизнес-плана за 3 месяца (нарастающим итогом)
-0.2-0.2
-0.0-0.0
0.20.2
-0.1-0.1
4.24.2
-1.7-1.7
-0.1-0.1
-0.3-0.3
-0.1-0.1
0.30.3
-0.7-0.7
-0.4-0.4
8.48.4
0.20.2
13.213.2
-0.2-0.2
-0.1-0.1
-0.5-0.5
-0.3-0.3
3.83.8
-1.8-1.8
-0.1-0.1
-0.3-0.3
-0.2-0.2
0.40.4
-0.7-0.7
-0.4-0.4
8.08.0
0.30.3
13.213.2
-0.2-0.2
-0.3-0.3
-1.8-1.8
-0.3-0.3
-0.2-0.2
-0.7-0.7
-0.5-0.5
0.40.4
Итого по ФСК ЕЭС
Каббалкэнерго
Калмэнерго
Калугаэнерго
АО "Кинешемская электросеть"
АО "Тываэнерго"
АО «ВМЭС»
АО «Воронежская горэлектросеть»
АО «Тульские городские электрические сети»
АО «Чеченэнерго»
АО «Ярославская электросетевая компания»
АО ЕЭСК
Алтайэнерго
Архангельский филиал
Астраханьэнерго
Белгородэнерго
Брянскэнерго
Бурятэнерго
Владимирэнерго
Волгоградэнерго
Вологодский филиал
Воронежэнерго
Дагэнерго
Ивэнерго
Ингушэнерго
-5
15

Статус данных
Просьба обратить внимание
— все данные не занесены
Факт
План
Итого – Факт
Отпуск в сеть 206 165 497
Отпуск из сети 187 914 500
Потери 18 250 997
Итого – План
Отпуск в сеть 201 515 981
Отпуск из сети 184 398 651
Потери 17 117 330
Выполнение бизнес-плана в части показателя «Уровень потерь электроэнергии»
Показатели баланса электроэнергии по ДЗО – Факт 
572 217 3 034 612 17 367 779 46 928 172 43 413 766 49 425 284 45 596 339
452 291 1 924 288 12 584 601 43 678 766 42 264 622 44 662 142 42 504 429
119 926 1 110 325 4 783 177 3 249 406 1 149 143 4 763 141 3 091 910
Показатели баланса электроэнергии по ДЗО – План
544 127 2 822 152 16 300 204 44 875 501 45 056 130 48 037 333 44 041 851
429 681 1 894 447 12 437 092 41 746 891 43 930 370 43 167 677 40 938 806
114 446 927 705 3 863 112 3 128 610 1 125 760 4 869 656 3 103 045'

02-12-2024T06:56:11 - [MESSAGE][PASSED] - Text of object 'Object Repository/Страница авторизации/Text' is: 'ДЗО 
Все
Период
1, 2, 3 кв., Октябрь 2024 года
Отклонения фактического уровня потерь от бизнес-плана, п.п.
-0.07
3.72
3.84
-0.05
0.15
-0.50
-0.27
АО «Тываэнерго»
АО «Чеченэнерго»
Россети Северный Кавказ
Россети Сибирь
Россети Тюмень
Россети Центр (ГК)
Россети Центр и Приволжье (ГК)
-1
0
1
2
3
4
5
6
7

Уровень потерь электроэнергии
АО «Тываэнерго»
АО «Чеченэнерго»
Россети Северный Кавказ
Россети Сибирь
Россети Тюмень
Россети Центр (ГК)
Россети Центр и Приволжье (ГК)
0
10
20
30
40
50
60
70
21.03
|
32.87
23.70
6.97
|
2.50
10.14
|
7.04
|
20.96
36.59
|
27.54
|
6.92
2.65
|
9.64
6.77
п.п.
0.06
Итого
0
0.025
0.05
0.075
%
5.35 5.35
5.31 5.31
План
Факт
1
100

● Бизнес-план выполнен● ●● Превышение бизнес-плана
Отклонения фактического уровня потерь от бизнес-плана за 3 месяца (нарастающим итогом), п.п.
-0.0-0.0
4.14.1
4.04.0
-0.1-0.1
0.10.1
-0.4-0.4
-0.2-0.2
-0.1-0.1
3.73.7
3.83.8
-0.0-0.0
0.10.1
-0.5-0.5
-0.2-0.2
-0.1-0.1
3.73.7
3.83.8
-0.0-0.0
0.10.1
-0.5-0.5
-0.3-0.3
Россети ФСКЕЭС
АО«Тываэнерго»
АО«Чеченэнерго»
Россети Волга
РоссетиКубань
РоссетиЛенэнерго (ГК)
РоссетиМосковскийрегион
РоссетиСеверныйКавказ (ГК)
Россети Северо-Запад
Россети Сибирь(ГК)
Россети Томск
Россети Тюмень
Россети Урал(ГК)
Россети Центр
Россети Центр иПриволжье (ГК)
Россети Юг (Г…
РоссетиЯнтарь
0
-5
5
п.п.
Отклонения фактического уровня потерь от бизнес-плана за 3 месяца (нарастающим итогом)
-0.2-0.2
-0.0-0.0
0.20.2
-0.1-0.1
4.24.2
-1.7-1.7
-0.1-0.1
-0.3-0.3
-0.1-0.1
0.30.3
-0.7-0.7
-0.4-0.4
8.48.4
0.20.2
13.213.2
-0.2-0.2
-0.1-0.1
-0.5-0.5
-0.3-0.3
3.83.8
-1.8-1.8
-0.1-0.1
-0.3-0.3
-0.2-0.2
0.40.4
-0.7-0.7
-0.4-0.4
8.08.0
0.30.3
13.213.2
-0.2-0.2
-0.3-0.3
-1.8-1.8
-0.3-0.3
-0.2-0.2
-0.7-0.7
-0.5-0.5
0.40.4
Итого по ФСК ЕЭС
Каббалкэнерго
Калмэнерго
Калугаэнерго
АО "Кинешемская электросеть"
АО "Тываэнерго"
АО «ВМЭС»
АО «Воронежская горэлектросеть»
АО «Тульские городские электрические сети»
АО «Чеченэнерго»
АО «Ярославская электросетевая компания»
АО ЕЭСК
Алтайэнерго
Архангельский филиал
Астраханьэнерго
Белгородэнерго
Брянскэнерго
Бурятэнерго
Владимирэнерго
Волгоградэнерго
Вологодский филиал
Воронежэнерго
Дагэнерго
Ивэнерго
Ингушэнерго
-5
15

Статус данных
Просьба обратить внимание
— все данные не занесены
Факт
План
Итого – Факт
Отпуск в сеть 206 165 497
Отпуск из сети 187 914 500
Потери 18 250 997
Итого – План
Отпуск в сеть 201 515 981
Отпуск из сети 184 398 651
Потери 17 117 330
Выполнение бизнес-плана в части показателя «Уровень потерь электроэнергии»
Показатели баланса электроэнергии по ДЗО – Факт 
572 217 3 034 612 17 367 779 46 928 172 43 413 766 49 425 284 45 596 339
452 291 1 924 288 12 584 601 43 678 766 42 264 622 44 662 142 42 504 429
119 926 1 110 325 4 783 177 3 249 406 1 149 143 4 763 141 3 091 910
Показатели баланса электроэнергии по ДЗО – План
544 127 2 822 152 16 300 204 44 875 501 45 056 130 48 037 333 44 041 851
429 681 1 894 447 12 437 092 41 746 891 43 930 370 43 167 677 40 938 806
114 446 927 705 3 863 112 3 128 610 1 125 760 4 869 656 3 103 045'

02-12-2024T06:56:11 - [TEST_STEP][PASSED] - if (urlText.contains("ошибка") || urlText.contains(searchWord) == false): null

02-12-2024T06:56:11 - [TEST_STEP][PASSED] - Script1719299571342.ZakrytOpoveshenie(): null

02-12-2024T06:56:11 - [TEST_STEP][PASSED] - opoveshenie = getText(findTestObject("Выполнение бизнес-плана/Просьба обратить внимание")): Text of object 'Object Repository/Выполнение бизнес-плана/Просьба обратить внимание' is: 'Просьба обратить внимание'

02-12-2024T06:56:11 - [MESSAGE][PASSED] - Text of object 'Object Repository/Выполнение бизнес-плана/Просьба обратить внимание' is: 'Просьба обратить внимание'

02-12-2024T06:56:11 - [TEST_STEP][PASSED] - if (opoveshenie == "Просьба обратить внимание"): Object: 'Object Repository/Выполнение бизнес-плана/Закрыть оповещение' is clicked on

02-12-2024T06:56:11 - [TEST_STEP][PASSED] - click(findTestObject("Выполнение бизнес-плана/Закрыть оповещение")): Object: 'Object Repository/Выполнение бизнес-плана/Закрыть оповещение' is clicked on

02-12-2024T06:56:11 - [MESSAGE][PASSED] - Object: 'Object Repository/Выполнение бизнес-плана/Закрыть оповещение' is clicked on

02-12-2024T06:56:11 - [TEST_STEP][PASSED] - click(findTestObject(path + "Фильтр Дата")): Object: 'Object Repository/Выполнение бизнес-плана/Фильтр Дата' is clicked on

02-12-2024T06:56:12 - [MESSAGE][PASSED] - Object: 'Object Repository/Выполнение бизнес-плана/Фильтр Дата' is clicked on

02-12-2024T06:56:12 - [TEST_STEP][PASSED] - click(findTestObject(path + "Снять выделение в фильтре Дата")): Object: 'Object Repository/Выполнение бизнес-плана/Снять выделение в фильтре Дата' is clicked on

02-12-2024T06:56:12 - [MESSAGE][PASSED] - Object: 'Object Repository/Выполнение бизнес-плана/Снять выделение в фильтре Дата' is clicked on

02-12-2024T06:56:12 - [TEST_STEP][PASSED] - click(findTestObject(path + "Применить в фильтре Дата")): Object: 'Object Repository/Выполнение бизнес-плана/Применить в фильтре Дата' is clicked on

02-12-2024T06:56:13 - [MESSAGE][PASSED] - Object: 'Object Repository/Выполнение бизнес-плана/Применить в фильтре Дата' is clicked on

02-12-2024T06:56:13 - [TEST_STEP][PASSED] - delay(50): Delayed 50 second(s)

02-12-2024T06:57:03 - [MESSAGE][PASSED] - Delayed 50 second(s)

02-12-2024T06:57:03 - [TEST_STEP][PASSED] - Script1719299571342.ZakrytOpoveshenie(): null

02-12-2024T06:57:03 - [TEST_STEP][PASSED] - opoveshenie = getText(findTestObject("Выполнение бизнес-плана/Просьба обратить внимание")): Text of object 'Object Repository/Выполнение бизнес-плана/Просьба обратить внимание' is: 'Просьба обратить внимание'

02-12-2024T06:57:04 - [MESSAGE][PASSED] - Text of object 'Object Repository/Выполнение бизнес-плана/Просьба обратить внимание' is: 'Просьба обратить внимание'

02-12-2024T06:57:04 - [TEST_STEP][PASSED] - if (opoveshenie == "Просьба обратить внимание"): Object: 'Object Repository/Выполнение бизнес-плана/Закрыть оповещение' is clicked on

02-12-2024T06:57:04 - [TEST_STEP][PASSED] - click(findTestObject("Выполнение бизнес-плана/Закрыть оповещение")): Object: 'Object Repository/Выполнение бизнес-плана/Закрыть оповещение' is clicked on

02-12-2024T06:57:04 - [MESSAGE][PASSED] - Object: 'Object Repository/Выполнение бизнес-плана/Закрыть оповещение' is clicked on

02-12-2024T06:57:04 - [TEST_STEP][PASSED] - click(findTestObject(path + "Фильтр Дата")): Object: 'Object Repository/Выполнение бизнес-плана/Фильтр Дата' is clicked on

02-12-2024T06:57:04 - [MESSAGE][PASSED] - Object: 'Object Repository/Выполнение бизнес-плана/Фильтр Дата' is clicked on

02-12-2024T06:57:04 - [TEST_STEP][PASSED] - scrollToElement(findTestObject(path + "2024 список"), 30): Scroll to object 'Object Repository/Выполнение бизнес-плана/2024 список' successfully

02-12-2024T06:57:05 - [MESSAGE][PASSED] - Scroll to object 'Object Repository/Выполнение бизнес-плана/2024 список' successfully

02-12-2024T06:57:05 - [TEST_STEP][PASSED] - click(findTestObject(path + "2024 список")): Object: 'Object Repository/Выполнение бизнес-плана/2024 список' is clicked on

02-12-2024T06:57:05 - [MESSAGE][PASSED] - Object: 'Object Repository/Выполнение бизнес-плана/2024 список' is clicked on

02-12-2024T06:57:05 - [TEST_STEP][PASSED] - scrollToElement(findTestObject(path + "1 квартал 2024 список"), 30): Scroll to object 'Object Repository/Выполнение бизнес-плана/1 квартал 2024 список' successfully

02-12-2024T06:57:06 - [MESSAGE][PASSED] - Scroll to object 'Object Repository/Выполнение бизнес-плана/1 квартал 2024 список' successfully

02-12-2024T06:57:06 - [TEST_STEP][PASSED] - click(findTestObject(path + "1 квартал 2024 список")): Object: 'Object Repository/Выполнение бизнес-плана/1 квартал 2024 список' is clicked on

02-12-2024T06:57:06 - [MESSAGE][PASSED] - Object: 'Object Repository/Выполнение бизнес-плана/1 квартал 2024 список' is clicked on

02-12-2024T06:57:06 - [TEST_STEP][PASSED] - click(findTestObject(path + "Январь 2024")): Object: 'Object Repository/Выполнение бизнес-плана/Январь 2024' is clicked on

02-12-2024T06:57:06 - [MESSAGE][PASSED] - Object: 'Object Repository/Выполнение бизнес-плана/Январь 2024' is clicked on

02-12-2024T06:57:06 - [TEST_STEP][PASSED] - click(findTestObject(path + "Февраль 2024")): Object: 'Object Repository/Выполнение бизнес-плана/Февраль 2024' is clicked on

02-12-2024T06:57:07 - [MESSAGE][PASSED] - Object: 'Object Repository/Выполнение бизнес-плана/Февраль 2024' is clicked on

02-12-2024T06:57:07 - [TEST_STEP][PASSED] - click(findTestObject(path + "Март 2024")): Object: 'Object Repository/Выполнение бизнес-плана/Март 2024' is clicked on

02-12-2024T06:57:07 - [MESSAGE][PASSED] - Object: 'Object Repository/Выполнение бизнес-плана/Март 2024' is clicked on

02-12-2024T06:57:07 - [TEST_STEP][PASSED] - scrollToElement(findTestObject(path + "2 квартал 2024"), 30): Scroll to object 'Object Repository/Выполнение бизнес-плана/2 квартал 2024' successfully

02-12-2024T06:57:08 - [MESSAGE][PASSED] - Scroll to object 'Object Repository/Выполнение бизнес-плана/2 квартал 2024' successfully

02-12-2024T06:57:08 - [TEST_STEP][PASSED] - click(findTestObject(path + "2 квартал 2024")): Object: 'Object Repository/Выполнение бизнес-плана/2 квартал 2024' is clicked on

02-12-2024T06:57:08 - [MESSAGE][PASSED] - Object: 'Object Repository/Выполнение бизнес-плана/2 квартал 2024' is clicked on

02-12-2024T06:57:08 - [TEST_STEP][PASSED] - scrollToElement(findTestObject(path + "3 квартал 2024 список"), 30): Scroll to object 'Object Repository/Выполнение бизнес-плана/3 квартал 2024 список' successfully

02-12-2024T06:57:09 - [MESSAGE][PASSED] - Scroll to object 'Object Repository/Выполнение бизнес-плана/3 квартал 2024 список' successfully

02-12-2024T06:57:09 - [TEST_STEP][PASSED] - click(findTestObject(path + "3 квартал 2024")): Object: 'Object Repository/Выполнение бизнес-плана/3 квартал 2024' is clicked on

02-12-2024T06:57:09 - [MESSAGE][PASSED] - Object: 'Object Repository/Выполнение бизнес-плана/3 квартал 2024' is clicked on

02-12-2024T06:57:09 - [TEST_STEP][PASSED] - scrollToElement(findTestObject(path + "4 квартал 2024 список"), 30): Scroll to object 'Object Repository/Выполнение бизнес-плана/4 квартал 2024 список' successfully

02-12-2024T06:57:10 - [MESSAGE][PASSED] - Scroll to object 'Object Repository/Выполнение бизнес-плана/4 квартал 2024 список' successfully

02-12-2024T06:57:10 - [TEST_STEP][PASSED] - click(findTestObject(path + "4 квартал 2024 список")): Object: 'Object Repository/Выполнение бизнес-плана/4 квартал 2024 список' is clicked on

02-12-2024T06:57:10 - [MESSAGE][PASSED] - Object: 'Object Repository/Выполнение бизнес-плана/4 квартал 2024 список' is clicked on

02-12-2024T06:57:10 - [TEST_STEP][PASSED] - scrollToElement(findTestObject(path + "Октябрь 2024"), 30): Scroll to object 'Object Repository/Выполнение бизнес-плана/Октябрь 2024' successfully

02-12-2024T06:57:10 - [MESSAGE][PASSED] - Scroll to object 'Object Repository/Выполнение бизнес-плана/Октябрь 2024' successfully

02-12-2024T06:57:10 - [TEST_STEP][PASSED] - click(findTestObject(path + "Октябрь 2024")): Object: 'Object Repository/Выполнение бизнес-плана/Октябрь 2024' is clicked on

02-12-2024T06:57:11 - [MESSAGE][PASSED] - Object: 'Object Repository/Выполнение бизнес-плана/Октябрь 2024' is clicked on

02-12-2024T06:57:11 - [TEST_STEP][PASSED] - scrollToElement(findTestObject(path + "Заголовок дашборда"), 30): Scroll to object 'Object Repository/Выполнение бизнес-плана/Заголовок дашборда' successfully

02-12-2024T06:57:11 - [MESSAGE][PASSED] - Scroll to object 'Object Repository/Выполнение бизнес-плана/Заголовок дашборда' successfully

02-12-2024T06:57:11 - [TEST_STEP][PASSED] - click(findTestObject(path + "Применить в фильтре Дата")): Object: 'Object Repository/Выполнение бизнес-плана/Применить в фильтре Дата' is clicked on

02-12-2024T06:57:12 - [MESSAGE][PASSED] - Object: 'Object Repository/Выполнение бизнес-плана/Применить в фильтре Дата' is clicked on

02-12-2024T06:57:12 - [TEST_STEP][PASSED] - delay(30): Delayed 30 second(s)

02-12-2024T06:57:42 - [MESSAGE][PASSED] - Delayed 30 second(s)

02-12-2024T06:57:42 - [TEST_STEP][PASSED] - Script1719299571342.ZakrytOpoveshenie(): null

02-12-2024T06:57:42 - [TEST_STEP][PASSED] - opoveshenie = getText(findTestObject("Выполнение бизнес-плана/Просьба обратить внимание")): Text of object 'Object Repository/Выполнение бизнес-плана/Просьба обратить внимание' is: 'Просьба обратить внимание'

02-12-2024T06:57:46 - [MESSAGE][PASSED] - Text of object 'Object Repository/Выполнение бизнес-плана/Просьба обратить внимание' is: 'Просьба обратить внимание'

02-12-2024T06:57:46 - [TEST_STEP][PASSED] - if (opoveshenie == "Просьба обратить внимание"): Object: 'Object Repository/Выполнение бизнес-плана/Закрыть оповещение' is clicked on

02-12-2024T06:57:46 - [TEST_STEP][PASSED] - click(findTestObject("Выполнение бизнес-плана/Закрыть оповещение")): Object: 'Object Repository/Выполнение бизнес-плана/Закрыть оповещение' is clicked on

02-12-2024T06:57:46 - [MESSAGE][PASSED] - Object: 'Object Repository/Выполнение бизнес-плана/Закрыть оповещение' is clicked on

02-12-2024T06:57:46 - [TEST_STEP][PASSED] - click(findTestObject(path + "Фильтр ДЗО")): Object: 'Object Repository/Выполнение бизнес-плана/Фильтр ДЗО' is clicked on

02-12-2024T06:57:47 - [MESSAGE][PASSED] - Object: 'Object Repository/Выполнение бизнес-плана/Фильтр ДЗО' is clicked on

02-12-2024T06:57:47 - [TEST_STEP][PASSED] - click(findTestObject(path + "Снять выделение в фильтре ДЗО")): Object: 'Object Repository/Выполнение бизнес-плана/Снять выделение в фильтре ДЗО' is clicked on

02-12-2024T06:57:47 - [MESSAGE][PASSED] - Object: 'Object Repository/Выполнение бизнес-плана/Снять выделение в фильтре ДЗО' is clicked on

02-12-2024T06:57:47 - [TEST_STEP][PASSED] - click(findTestObject(path + "ПАО Россети")): Object: 'Object Repository/Выполнение бизнес-плана/ПАО Россети' is clicked on

02-12-2024T06:57:48 - [MESSAGE][PASSED] - Object: 'Object Repository/Выполнение бизнес-плана/ПАО Россети' is clicked on

02-12-2024T06:57:48 - [TEST_STEP][PASSED] - click(findTestObject(path + "Применить в фильтре ДЗО")): Object: 'Object Repository/Выполнение бизнес-плана/Применить в фильтре ДЗО' is clicked on

02-12-2024T06:57:49 - [MESSAGE][PASSED] - Object: 'Object Repository/Выполнение бизнес-плана/Применить в фильтре ДЗО' is clicked on

02-12-2024T06:57:49 - [TEST_STEP][PASSED] - delay(30): Delayed 30 second(s)

02-12-2024T06:58:19 - [MESSAGE][PASSED] - Delayed 30 second(s)

02-12-2024T06:58:19 - [TEST_STEP][PASSED] - VseDZO = getText(findTestObject(path + "Список ДЗО")): Text of object 'Object Repository/Выполнение бизнес-плана/Список ДЗО' is: '-0.07
3.72
3.84
-0.05
0.15
-0.50
-0.27
АО «Тываэнерго»
АО «Чеченэнерго»
Россети Северный Кавказ
Россети Сибирь
Россети Тюмень
Россети Центр (ГК)
Россети Центр и Приволжье (ГК)
-1
0
1
2
3
4
5
6
7'

02-12-2024T06:58:19 - [MESSAGE][PASSED] - Text of object 'Object Repository/Выполнение бизнес-плана/Список ДЗО' is: '-0.07
3.72
3.84
-0.05
0.15
-0.50
-0.27
АО «Тываэнерго»
АО «Чеченэнерго»
Россети Северный Кавказ
Россети Сибирь
Россети Тюмень
Россети Центр (ГК)
Россети Центр и Приволжье (ГК)
-1
0
1
2
3
4
5
6
7'

02-12-2024T06:58:19 - [TEST_STEP][PASSED] - pRR = GetAllPAOData(path, dZONum, VseDZO, z = "ПАО Россети/"): null

02-12-2024T06:58:19 - [TEST_STEP][PASSED] - path2 = "Значения со страницы Выполнение бизнес-плана/Table Data/": null

02-12-2024T06:58:19 - [TEST_STEP][PASSED] - ii = <not implemented yet for class: org.codehaus.groovy.ast.expr.EmptyExpression>: null

02-12-2024T06:58:19 - [TEST_STEP][PASSED] - i1 = <not implemented yet for class: org.codehaus.groovy.ast.expr.EmptyExpression>: null

02-12-2024T06:58:19 - [TEST_STEP][PASSED] - z = <not implemented yet for class: org.codehaus.groovy.ast.expr.EmptyExpression>: null

02-12-2024T06:58:19 - [TEST_STEP][PASSED] - z1 = <not implemented yet for class: org.codehaus.groovy.ast.expr.EmptyExpression>: null

02-12-2024T06:58:19 - [TEST_STEP][PASSED] - println("path: " + path): null

02-12-2024T06:58:19 - [TEST_STEP][PASSED] - z = getText(findTestObject(path + "Итого")).replaceAll("[\r?
|
]", "/"): Text of object 'Object Repository/Выполнение бизнес-плана/Итого' is: '%
5.35 5.35
5.31 5.31
План
Факт
1
100'

02-12-2024T06:58:19 - [MESSAGE][PASSED] - Text of object 'Object Repository/Выполнение бизнес-плана/Итого' is: '%
5.35 5.35
5.31 5.31
План
Факт
1
100'

02-12-2024T06:58:19 - [TEST_STEP][PASSED] - ii = z.indexOf("%") + 2: null

02-12-2024T06:58:19 - [TEST_STEP][PASSED] - if (ii > -1): null

02-12-2024T06:58:19 - [TEST_STEP][PASSED] - z = z.substring(ii, z.length()): null

02-12-2024T06:58:19 - [TEST_STEP][PASSED] - println(z): null

02-12-2024T06:58:19 - [TEST_STEP][PASSED] - ii = z.indexOf("/1/100") - 1: null

02-12-2024T06:58:19 - [TEST_STEP][PASSED] - if (ii > -1): null

02-12-2024T06:58:19 - [TEST_STEP][PASSED] - z = z.substring(0, ii): null

02-12-2024T06:58:19 - [TEST_STEP][PASSED] - println(z): null

02-12-2024T06:58:19 - [TEST_STEP][PASSED] - ii = z.indexOf("План"): null

02-12-2024T06:58:19 - [TEST_STEP][PASSED] - if (ii > -1): null

02-12-2024T06:58:19 - [TEST_STEP][PASSED] - z = z.substring(0, ii): null

02-12-2024T06:58:19 - [TEST_STEP][PASSED] - println(z): null

02-12-2024T06:58:19 - [TEST_STEP][PASSED] - ii = z.indexOf("/") + 1: null

02-12-2024T06:58:19 - [TEST_STEP][PASSED] - z1 = z.substring(0, ii): null

02-12-2024T06:58:19 - [TEST_STEP][PASSED] - println(z1): null

02-12-2024T06:58:19 - [TEST_STEP][PASSED] - z = z.substring(ii, z.length()): null

02-12-2024T06:58:19 - [TEST_STEP][PASSED] - println(z): null

02-12-2024T06:58:19 - [TEST_STEP][PASSED] - ii = z1.length() / 2: null

02-12-2024T06:58:19 - [TEST_STEP][PASSED] - z1 = replaceAll("[\r?
|
]", "/").trim(): null

02-12-2024T06:58:19 - [TEST_STEP][PASSED] - println(z1): null

02-12-2024T06:58:19 - [TEST_STEP][PASSED] - ii = z.length() / 2: null

02-12-2024T06:58:19 - [TEST_STEP][PASSED] - z = replace("/", "").trim(): null

02-12-2024T06:58:19 - [TEST_STEP][PASSED] - println(z): null

02-12-2024T06:58:19 - [TEST_STEP][PASSED] - x = x + z1 + "/" + z: null

02-12-2024T06:58:19 - [TEST_STEP][PASSED] - println(x): null

02-12-2024T06:58:19 - [TEST_STEP][PASSED] - if (verifyElementPresent(findTestObject(path + "Таблица Итого-Факт"), 30)): null

02-12-2024T06:58:20 - [MESSAGE][PASSED] - Object 'Object Repository/Выполнение бизнес-плана/Таблица Итого-Факт' is present

02-12-2024T06:58:20 - [TEST_STEP][PASSED] - z = replaceAll("\s+", "").replaceAll("[а-яА-Я]", ""): Text of object 'Object Repository/Выполнение бизнес-плана/Таблица Итого-Факт' is: 'Отпуск в сеть 206 165 497
Отпуск из сети 187 914 500
Потери 18 250 997'

02-12-2024T06:58:20 - [MESSAGE][PASSED] - Text of object 'Object Repository/Выполнение бизнес-плана/Таблица Итого-Факт' is: 'Отпуск в сеть 206 165 497
Отпуск из сети 187 914 500
Потери 18 250 997'

02-12-2024T06:58:20 - [TEST_STEP][PASSED] - println(z): null

02-12-2024T06:58:20 - [TEST_STEP][PASSED] - x = x + "/" + z: null

02-12-2024T06:58:20 - [TEST_STEP][PASSED] - println(x): null

02-12-2024T06:58:20 - [TEST_STEP][PASSED] - click(findTestObject(path + "Кнопка План")): Object: 'Object Repository/Выполнение бизнес-плана/Кнопка План' is clicked on

02-12-2024T06:58:20 - [MESSAGE][PASSED] - Object: 'Object Repository/Выполнение бизнес-плана/Кнопка План' is clicked on

02-12-2024T06:58:20 - [TEST_STEP][PASSED] - z = replaceAll("\s+", "").replaceAll("[а-яА-Я]", ""): Text of object 'Object Repository/Выполнение бизнес-плана/Таблица Итого-План' is: 'Отпуск в сеть 201 515 981
Отпуск из сети 184 398 651
Потери 17 117 330'

02-12-2024T06:58:21 - [MESSAGE][PASSED] - Text of object 'Object Repository/Выполнение бизнес-плана/Таблица Итого-План' is: 'Отпуск в сеть 201 515 981
Отпуск из сети 184 398 651
Потери 17 117 330'

02-12-2024T06:58:21 - [TEST_STEP][PASSED] - x = x + "/" + z: null

02-12-2024T06:58:21 - [TEST_STEP][PASSED] - println(x): null

02-12-2024T06:58:21 - [TEST_STEP][PASSED] - click(findTestObject(path + "Кнопка Факт")): Object: 'Object Repository/Выполнение бизнес-плана/Кнопка Факт' is clicked on

02-12-2024T06:58:21 - [MESSAGE][PASSED] - Object: 'Object Repository/Выполнение бизнес-плана/Кнопка Факт' is clicked on

02-12-2024T06:58:21 - [TEST_STEP][PASSED] - return x: null

02-12-2024T06:58:21 - [TEST_STEP][PASSED] - println("pRR: " + pRR): null

02-12-2024T06:58:21 - [TEST_STEP][PASSED] - i = VseDZO.indexOf("ЕЭС"): null

02-12-2024T06:58:21 - [TEST_STEP][PASSED] - if (i > -1): null

02-12-2024T06:58:21 - [TEST_STEP][PASSED] - else: null

02-12-2024T06:58:21 - [TEST_STEP][PASSED] - fR = fR + "нет данных/нет данных/нет данных/нет данных/нет данных/нет данных/нет данных/нет данных/нет данных": null

02-12-2024T06:58:21 - [TEST_STEP][PASSED] - println("fR: " + fR): null

02-12-2024T06:58:21 - [TEST_STEP][PASSED] - i = VseDZO.indexOf("Тываэнерго"): null

02-12-2024T06:58:21 - [TEST_STEP][PASSED] - if (i > -1): null

02-12-2024T06:58:21 - [TEST_STEP][PASSED] - dZONum = dZONum + 1: null

02-12-2024T06:58:21 - [TEST_STEP][PASSED] - tyR = GetAllData(path, dZONum, VseDZO, x = "АО "Тываэнерго"/"): null

02-12-2024T06:58:21 - [TEST_STEP][PASSED] - ii = <not implemented yet for class: org.codehaus.groovy.ast.expr.EmptyExpression>: null

02-12-2024T06:58:21 - [TEST_STEP][PASSED] - i1 = <not implemented yet for class: org.codehaus.groovy.ast.expr.EmptyExpression>: null

02-12-2024T06:58:21 - [TEST_STEP][PASSED] - z = <not implemented yet for class: org.codehaus.groovy.ast.expr.EmptyExpression>: null

02-12-2024T06:58:21 - [TEST_STEP][PASSED] - path2 = "Значения со страницы Выполнение бизнес-плана/Table Data/": null

02-12-2024T06:58:21 - [TEST_STEP][PASSED] - println("path: " + path): null

02-12-2024T06:58:21 - [TEST_STEP][PASSED] - println("dZONum: " + dZONum): null

02-12-2024T06:58:21 - [TEST_STEP][PASSED] - z = getText(findTestObject(path + "spanPlan" + dZONum)): Text of object 'Object Repository/Выполнение бизнес-плана/spanPlan1' is: '21.03
|'

02-12-2024T06:58:21 - [MESSAGE][PASSED] - Text of object 'Object Repository/Выполнение бизнес-плана/spanPlan1' is: '21.03
|'

02-12-2024T06:58:21 - [TEST_STEP][PASSED] - println(z): null

02-12-2024T06:58:21 - [TEST_STEP][PASSED] - ii = z.indexOf("|"): null

02-12-2024T06:58:21 - [TEST_STEP][PASSED] - if (ii > -1): null

02-12-2024T06:58:21 - [TEST_STEP][PASSED] - z = z.substring(0, z.length() - 1): null

02-12-2024T06:58:21 - [TEST_STEP][PASSED] - println(z): null

02-12-2024T06:58:21 - [TEST_STEP][PASSED] - z = z.replaceAll("\s+", ""): null

02-12-2024T06:58:21 - [TEST_STEP][PASSED] - z = z.replace("[\r?
|
]", "/"): null

02-12-2024T06:58:21 - [TEST_STEP][PASSED] - println(z): null

02-12-2024T06:58:21 - [TEST_STEP][PASSED] - x = x + z: null

02-12-2024T06:58:21 - [TEST_STEP][PASSED] - z = getText(findTestObject(path + "spanFact" + dZONum)): Text of object 'Object Repository/Выполнение бизнес-плана/spanFact1' is: '20.96'

02-12-2024T06:58:22 - [MESSAGE][PASSED] - Text of object 'Object Repository/Выполнение бизнес-плана/spanFact1' is: '20.96'

02-12-2024T06:58:22 - [TEST_STEP][PASSED] - ii = z.indexOf("|"): null

02-12-2024T06:58:22 - [TEST_STEP][PASSED] - if (ii > -1): null

02-12-2024T06:58:22 - [TEST_STEP][PASSED] - x = x + "/" + z: null

02-12-2024T06:58:22 - [TEST_STEP][PASSED] - z = getText(findTestObject(path + path2 + "Факт Отпуск в сеть за отчётный период " + dZONum)).replaceAll("\s+", ""): Text of object 'Object Repository/Выполнение бизнес-плана/Значения со страницы Выполнение бизнес-плана/Table Data/Факт Отпуск в сеть за отчётный период 1' is: '572 217'

02-12-2024T06:58:22 - [MESSAGE][PASSED] - Text of object 'Object Repository/Выполнение бизнес-плана/Значения со страницы Выполнение бизнес-плана/Table Data/Факт Отпуск в сеть за отчётный период 1' is: '572 217'

02-12-2024T06:58:22 - [TEST_STEP][PASSED] - x = x + "/" + z: null

02-12-2024T06:58:22 - [TEST_STEP][PASSED] - z = getText(findTestObject(path + path2 + "Факт Отпуск из сети за отчётный период " + dZONum)).replaceAll("\s+", ""): Text of object 'Object Repository/Выполнение бизнес-плана/Значения со страницы Выполнение бизнес-плана/Table Data/Факт Отпуск из сети за отчётный период 1' is: '452 291'

02-12-2024T06:58:22 - [MESSAGE][PASSED] - Text of object 'Object Repository/Выполнение бизнес-плана/Значения со страницы Выполнение бизнес-плана/Table Data/Факт Отпуск из сети за отчётный период 1' is: '452 291'

02-12-2024T06:58:22 - [TEST_STEP][PASSED] - x = x + "/" + z: null

02-12-2024T06:58:22 - [TEST_STEP][PASSED] - z = getText(findTestObject(path + path2 + "Факт Потери за отчётный период " + dZONum)).replaceAll("\s+", ""): Text of object 'Object Repository/Выполнение бизнес-плана/Значения со страницы Выполнение бизнес-плана/Table Data/Факт Потери за отчётный период 1' is: '119 926'

02-12-2024T06:58:23 - [MESSAGE][PASSED] - Text of object 'Object Repository/Выполнение бизнес-плана/Значения со страницы Выполнение бизнес-плана/Table Data/Факт Потери за отчётный период 1' is: '119 926'

02-12-2024T06:58:23 - [TEST_STEP][PASSED] - x = x + "/" + z: null

02-12-2024T06:58:23 - [TEST_STEP][PASSED] - z = getText(findTestObject(path + path2 + "План Отпуск в сеть за отчётный период " + dZONum)).replaceAll("\s+", ""): Text of object 'Object Repository/Выполнение бизнес-плана/Значения со страницы Выполнение бизнес-плана/Table Data/План Отпуск в сеть за отчётный период 1' is: '544 127'

02-12-2024T06:58:23 - [MESSAGE][PASSED] - Text of object 'Object Repository/Выполнение бизнес-плана/Значения со страницы Выполнение бизнес-плана/Table Data/План Отпуск в сеть за отчётный период 1' is: '544 127'

02-12-2024T06:58:23 - [TEST_STEP][PASSED] - x = x + "/" + z: null

02-12-2024T06:58:23 - [TEST_STEP][PASSED] - z = getText(findTestObject(path + path2 + "План Отпуск из сети за отчётный период " + dZONum)).replaceAll("\s+", ""): Text of object 'Object Repository/Выполнение бизнес-плана/Значения со страницы Выполнение бизнес-плана/Table Data/План Отпуск из сети за отчётный период 1' is: '429 681'

02-12-2024T06:58:23 - [MESSAGE][PASSED] - Text of object 'Object Repository/Выполнение бизнес-плана/Значения со страницы Выполнение бизнес-плана/Table Data/План Отпуск из сети за отчётный период 1' is: '429 681'

02-12-2024T06:58:23 - [TEST_STEP][PASSED] - x = x + "/" + z: null

02-12-2024T06:58:23 - [TEST_STEP][PASSED] - z = getText(findTestObject(path + path2 + "План Потери за отчётный период " + dZONum)).replaceAll("\s+", ""): Text of object 'Object Repository/Выполнение бизнес-плана/Значения со страницы Выполнение бизнес-плана/Table Data/План Потери за отчётный период 1' is: '114 446'

02-12-2024T06:58:23 - [MESSAGE][PASSED] - Text of object 'Object Repository/Выполнение бизнес-плана/Значения со страницы Выполнение бизнес-плана/Table Data/План Потери за отчётный период 1' is: '114 446'

02-12-2024T06:58:23 - [TEST_STEP][PASSED] - x = x + "/" + z: null

02-12-2024T06:58:23 - [TEST_STEP][PASSED] - z = getText(findTestObject(path + "Список ДЗО")).replaceAll("[\r?
|
]", "/"): Text of object 'Object Repository/Выполнение бизнес-плана/Список ДЗО' is: '-0.07
3.72
3.84
-0.05
0.15
-0.50
-0.27
АО «Тываэнерго»
АО «Чеченэнерго»
Россети Северный Кавказ
Россети Сибирь
Россети Тюмень
Россети Центр (ГК)
Россети Центр и Приволжье (ГК)
-1
0
1
2
3
4
5
6
7'

02-12-2024T06:58:24 - [MESSAGE][PASSED] - Text of object 'Object Repository/Выполнение бизнес-плана/Список ДЗО' is: '-0.07
3.72
3.84
-0.05
0.15
-0.50
-0.27
АО «Тываэнерго»
АО «Чеченэнерго»
Россети Северный Кавказ
Россети Сибирь
Россети Тюмень
Россети Центр (ГК)
Россети Центр и Приволжье (ГК)
-1
0
1
2
3
4
5
6
7'

02-12-2024T06:58:24 - [TEST_STEP][PASSED] - for ([ii = 1, ii < dZONum, (ii++)]): null

02-12-2024T06:58:24 - [TEST_STEP][PASSED] - i1 = z.indexOf("/"): null

02-12-2024T06:58:24 - [TEST_STEP][PASSED] - if (i1 > -1): null

02-12-2024T06:58:24 - [TEST_STEP][PASSED] - z = z.substring(0, i1): null

02-12-2024T06:58:24 - [TEST_STEP][PASSED] - z = z.replace(",", "."): null

02-12-2024T06:58:24 - [TEST_STEP][PASSED] - println(z): null

02-12-2024T06:58:24 - [TEST_STEP][PASSED] - x = x + "/" + z: null

02-12-2024T06:58:24 - [TEST_STEP][PASSED] - x = x.replaceAll("[\r?
|
]", ""): null

02-12-2024T06:58:24 - [TEST_STEP][PASSED] - println(x): null

02-12-2024T06:58:24 - [TEST_STEP][PASSED] - return x: null

02-12-2024T06:58:24 - [TEST_STEP][PASSED] - println("tyR: " + tyR): null

02-12-2024T06:58:24 - [TEST_STEP][PASSED] - i = VseDZO.indexOf("Чеченэнерго"): null

02-12-2024T06:58:24 - [TEST_STEP][PASSED] - if (i > -1): null

02-12-2024T06:58:24 - [TEST_STEP][PASSED] - dZONum = dZONum + 1: null

02-12-2024T06:58:24 - [TEST_STEP][PASSED] - chR = GetAllData(path, dZONum, VseDZO, x = "АО "Чеченэнерго"/"): null

02-12-2024T06:58:24 - [TEST_STEP][PASSED] - ii = <not implemented yet for class: org.codehaus.groovy.ast.expr.EmptyExpression>: null

02-12-2024T06:58:24 - [TEST_STEP][PASSED] - i1 = <not implemented yet for class: org.codehaus.groovy.ast.expr.EmptyExpression>: null

02-12-2024T06:58:24 - [TEST_STEP][PASSED] - z = <not implemented yet for class: org.codehaus.groovy.ast.expr.EmptyExpression>: null

02-12-2024T06:58:24 - [TEST_STEP][PASSED] - path2 = "Значения со страницы Выполнение бизнес-плана/Table Data/": null

02-12-2024T06:58:24 - [TEST_STEP][PASSED] - println("path: " + path): null

02-12-2024T06:58:24 - [TEST_STEP][PASSED] - println("dZONum: " + dZONum): null

02-12-2024T06:58:24 - [TEST_STEP][PASSED] - z = getText(findTestObject(path + "spanPlan" + dZONum)): Text of object 'Object Repository/Выполнение бизнес-плана/spanPlan2' is: '32.87'

02-12-2024T06:58:24 - [MESSAGE][PASSED] - Text of object 'Object Repository/Выполнение бизнес-плана/spanPlan2' is: '32.87'

02-12-2024T06:58:24 - [TEST_STEP][PASSED] - println(z): null

02-12-2024T06:58:24 - [TEST_STEP][PASSED] - ii = z.indexOf("|"): null

02-12-2024T06:58:24 - [TEST_STEP][PASSED] - if (ii > -1): null

02-12-2024T06:58:24 - [TEST_STEP][PASSED] - z = z.replaceAll("\s+", ""): null

02-12-2024T06:58:24 - [TEST_STEP][PASSED] - z = z.replace("[\r?
|
]", "/"): null

02-12-2024T06:58:24 - [TEST_STEP][PASSED] - println(z): null

02-12-2024T06:58:24 - [TEST_STEP][PASSED] - x = x + z: null

02-12-2024T06:58:24 - [TEST_STEP][PASSED] - z = getText(findTestObject(path + "spanFact" + dZONum)): Text of object 'Object Repository/Выполнение бизнес-плана/spanFact2' is: '36.59
|'

02-12-2024T06:58:24 - [MESSAGE][PASSED] - Text of object 'Object Repository/Выполнение бизнес-плана/spanFact2' is: '36.59
|'

02-12-2024T06:58:24 - [TEST_STEP][PASSED] - ii = z.indexOf("|"): null

02-12-2024T06:58:24 - [TEST_STEP][PASSED] - if (ii > -1): null

02-12-2024T06:58:24 - [TEST_STEP][PASSED] - z = length() - 1).replace("[\r?
|
]", "/"): null

02-12-2024T06:58:24 - [TEST_STEP][PASSED] - x = x + "/" + z: null

02-12-2024T06:58:24 - [TEST_STEP][PASSED] - z = getText(findTestObject(path + path2 + "Факт Отпуск в сеть за отчётный период " + dZONum)).replaceAll("\s+", ""): Text of object 'Object Repository/Выполнение бизнес-плана/Значения со страницы Выполнение бизнес-плана/Table Data/Факт Отпуск в сеть за отчётный период 2' is: '3 034 612'

02-12-2024T06:58:25 - [MESSAGE][PASSED] - Text of object 'Object Repository/Выполнение бизнес-плана/Значения со страницы Выполнение бизнес-плана/Table Data/Факт Отпуск в сеть за отчётный период 2' is: '3 034 612'

02-12-2024T06:58:25 - [TEST_STEP][PASSED] - x = x + "/" + z: null

02-12-2024T06:58:25 - [TEST_STEP][PASSED] - z = getText(findTestObject(path + path2 + "Факт Отпуск из сети за отчётный период " + dZONum)).replaceAll("\s+", ""): Text of object 'Object Repository/Выполнение бизнес-плана/Значения со страницы Выполнение бизнес-плана/Table Data/Факт Отпуск из сети за отчётный период 2' is: '1 924 288'

02-12-2024T06:58:25 - [MESSAGE][PASSED] - Text of object 'Object Repository/Выполнение бизнес-плана/Значения со страницы Выполнение бизнес-плана/Table Data/Факт Отпуск из сети за отчётный период 2' is: '1 924 288'

02-12-2024T06:58:25 - [TEST_STEP][PASSED] - x = x + "/" + z: null

02-12-2024T06:58:25 - [TEST_STEP][PASSED] - z = getText(findTestObject(path + path2 + "Факт Потери за отчётный период " + dZONum)).replaceAll("\s+", ""): Text of object 'Object Repository/Выполнение бизнес-плана/Значения со страницы Выполнение бизнес-плана/Table Data/Факт Потери за отчётный период 2' is: '1 110 325'

02-12-2024T06:58:25 - [MESSAGE][PASSED] - Text of object 'Object Repository/Выполнение бизнес-плана/Значения со страницы Выполнение бизнес-плана/Table Data/Факт Потери за отчётный период 2' is: '1 110 325'

02-12-2024T06:58:25 - [TEST_STEP][PASSED] - x = x + "/" + z: null

02-12-2024T06:58:25 - [TEST_STEP][PASSED] - z = getText(findTestObject(path + path2 + "План Отпуск в сеть за отчётный период " + dZONum)).replaceAll("\s+", ""): Text of object 'Object Repository/Выполнение бизнес-плана/Значения со страницы Выполнение бизнес-плана/Table Data/План Отпуск в сеть за отчётный период 2' is: '2 822 152'

02-12-2024T06:58:26 - [MESSAGE][PASSED] - Text of object 'Object Repository/Выполнение бизнес-плана/Значения со страницы Выполнение бизнес-плана/Table Data/План Отпуск в сеть за отчётный период 2' is: '2 822 152'

02-12-2024T06:58:26 - [TEST_STEP][PASSED] - x = x + "/" + z: null

02-12-2024T06:58:26 - [TEST_STEP][PASSED] - z = getText(findTestObject(path + path2 + "План Отпуск из сети за отчётный период " + dZONum)).replaceAll("\s+", ""): Text of object 'Object Repository/Выполнение бизнес-плана/Значения со страницы Выполнение бизнес-плана/Table Data/План Отпуск из сети за отчётный период 2' is: '1 894 447'

02-12-2024T06:58:26 - [MESSAGE][PASSED] - Text of object 'Object Repository/Выполнение бизнес-плана/Значения со страницы Выполнение бизнес-плана/Table Data/План Отпуск из сети за отчётный период 2' is: '1 894 447'

02-12-2024T06:58:26 - [TEST_STEP][PASSED] - x = x + "/" + z: null

02-12-2024T06:58:26 - [TEST_STEP][PASSED] - z = getText(findTestObject(path + path2 + "План Потери за отчётный период " + dZONum)).replaceAll("\s+", ""): Text of object 'Object Repository/Выполнение бизнес-плана/Значения со страницы Выполнение бизнес-плана/Table Data/План Потери за отчётный период 2' is: '927 705'

02-12-2024T06:58:26 - [MESSAGE][PASSED] - Text of object 'Object Repository/Выполнение бизнес-плана/Значения со страницы Выполнение бизнес-плана/Table Data/План Потери за отчётный период 2' is: '927 705'

02-12-2024T06:58:26 - [TEST_STEP][PASSED] - x = x + "/" + z: null

02-12-2024T06:58:26 - [TEST_STEP][PASSED] - z = getText(findTestObject(path + "Список ДЗО")).replaceAll("[\r?
|
]", "/"): Text of object 'Object Repository/Выполнение бизнес-плана/Список ДЗО' is: '-0.07
3.72
3.84
-0.05
0.15
-0.50
-0.27
АО «Тываэнерго»
АО «Чеченэнерго»
Россети Северный Кавказ
Россети Сибирь
Россети Тюмень
Россети Центр (ГК)
Россети Центр и Приволжье (ГК)
-1
0
1
2
3
4
5
6
7'

02-12-2024T06:58:27 - [MESSAGE][PASSED] - Text of object 'Object Repository/Выполнение бизнес-плана/Список ДЗО' is: '-0.07
3.72
3.84
-0.05
0.15
-0.50
-0.27
АО «Тываэнерго»
АО «Чеченэнерго»
Россети Северный Кавказ
Россети Сибирь
Россети Тюмень
Россети Центр (ГК)
Россети Центр и Приволжье (ГК)
-1
0
1
2
3
4
5
6
7'

02-12-2024T06:58:27 - [TEST_STEP][PASSED] - for ([ii = 1, ii < dZONum, (ii++)]): null

02-12-2024T06:58:27 - [TEST_STEP][PASSED] - i1 = z.indexOf("/") + 1: null

02-12-2024T06:58:27 - [TEST_STEP][PASSED] - if (i1 > -1): null

02-12-2024T06:58:27 - [TEST_STEP][PASSED] - z = z.substring(i1, z.length()): null

02-12-2024T06:58:27 - [TEST_STEP][PASSED] - i1 = z.indexOf("/"): null

02-12-2024T06:58:27 - [TEST_STEP][PASSED] - i1 = z.indexOf("/"): null

02-12-2024T06:58:27 - [TEST_STEP][PASSED] - if (i1 > -1): null

02-12-2024T06:58:27 - [TEST_STEP][PASSED] - z = z.substring(0, i1): null

02-12-2024T06:58:27 - [TEST_STEP][PASSED] - z = z.replace(",", "."): null

02-12-2024T06:58:27 - [TEST_STEP][PASSED] - println(z): null

02-12-2024T06:58:27 - [TEST_STEP][PASSED] - x = x + "/" + z: null

02-12-2024T06:58:27 - [TEST_STEP][PASSED] - x = x.replaceAll("[\r?
|
]", ""): null

02-12-2024T06:58:27 - [TEST_STEP][PASSED] - println(x): null

02-12-2024T06:58:27 - [TEST_STEP][PASSED] - return x: null

02-12-2024T06:58:27 - [TEST_STEP][PASSED] - println("chR: " + chR): null

02-12-2024T06:58:27 - [TEST_STEP][PASSED] - i = VseDZO.indexOf("Волга"): null

02-12-2024T06:58:27 - [TEST_STEP][PASSED] - if (i > -1): null

02-12-2024T06:58:27 - [TEST_STEP][PASSED] - else: null

02-12-2024T06:58:27 - [TEST_STEP][PASSED] - vR = vR + "нет данных/нет данных/нет данных/нет данных/нет данных/нет данных/нет данных/нет данных/нет данных": null

02-12-2024T06:58:27 - [TEST_STEP][PASSED] - println("vR: " + vR): null

02-12-2024T06:58:27 - [TEST_STEP][PASSED] - i = VseDZO.indexOf("Кубань"): null

02-12-2024T06:58:27 - [TEST_STEP][PASSED] - if (i > -1): null

02-12-2024T06:58:27 - [TEST_STEP][PASSED] - else: null

02-12-2024T06:58:27 - [TEST_STEP][PASSED] - kR = kR + "нет данных/нет данных/нет данных/нет данных/нет данных/нет данных/нет данных/нет данных/нет данных": null

02-12-2024T06:58:27 - [TEST_STEP][PASSED] - println("kR: " + kR): null

02-12-2024T06:58:27 - [TEST_STEP][PASSED] - i = VseDZO.indexOf("Ленэнерго"): null

02-12-2024T06:58:27 - [TEST_STEP][PASSED] - if (i > -1): null

02-12-2024T06:58:27 - [TEST_STEP][PASSED] - else: null

02-12-2024T06:58:27 - [TEST_STEP][PASSED] - lR = lR + "нет данных/нет данных/нет данных/нет данных/нет данных/нет данных/нет данных/нет данных/нет данных": null

02-12-2024T06:58:27 - [TEST_STEP][PASSED] - println("lR: " + lR): null

02-12-2024T06:58:27 - [TEST_STEP][PASSED] - i = VseDZO.indexOf("Московский"): null

02-12-2024T06:58:27 - [TEST_STEP][PASSED] - if (i > -1): null

02-12-2024T06:58:27 - [TEST_STEP][PASSED] - else: null

02-12-2024T06:58:27 - [TEST_STEP][PASSED] - mR = mR + "нет данных/нет данных/нет данных/нет данных/нет данных/нет данных/нет данных/нет данных/нет данных": null

02-12-2024T06:58:27 - [TEST_STEP][PASSED] - println("mR: " + mR): null

02-12-2024T06:58:27 - [TEST_STEP][PASSED] - i = VseDZO.indexOf("Кавказ"): null

02-12-2024T06:58:27 - [TEST_STEP][PASSED] - if (i > -1): null

02-12-2024T06:58:27 - [TEST_STEP][PASSED] - dZONum = dZONum + 1: null

02-12-2024T06:58:27 - [TEST_STEP][PASSED] - sKR = GetAllData(path, dZONum, VseDZO, x = "Россети Северный Кавказ (ГК)/"): null

02-12-2024T06:58:27 - [TEST_STEP][PASSED] - ii = <not implemented yet for class: org.codehaus.groovy.ast.expr.EmptyExpression>: null

02-12-2024T06:58:27 - [TEST_STEP][PASSED] - i1 = <not implemented yet for class: org.codehaus.groovy.ast.expr.EmptyExpression>: null

02-12-2024T06:58:27 - [TEST_STEP][PASSED] - z = <not implemented yet for class: org.codehaus.groovy.ast.expr.EmptyExpression>: null

02-12-2024T06:58:27 - [TEST_STEP][PASSED] - path2 = "Значения со страницы Выполнение бизнес-плана/Table Data/": null

02-12-2024T06:58:27 - [TEST_STEP][PASSED] - println("path: " + path): null

02-12-2024T06:58:27 - [TEST_STEP][PASSED] - println("dZONum: " + dZONum): null

02-12-2024T06:58:27 - [TEST_STEP][PASSED] - z = getText(findTestObject(path + "spanPlan" + dZONum)): Text of object 'Object Repository/Выполнение бизнес-плана/spanPlan3' is: '23.70'

02-12-2024T06:58:27 - [MESSAGE][PASSED] - Text of object 'Object Repository/Выполнение бизнес-плана/spanPlan3' is: '23.70'

02-12-2024T06:58:27 - [TEST_STEP][PASSED] - println(z): null

02-12-2024T06:58:27 - [TEST_STEP][PASSED] - ii = z.indexOf("|"): null

02-12-2024T06:58:27 - [TEST_STEP][PASSED] - if (ii > -1): null

02-12-2024T06:58:27 - [TEST_STEP][PASSED] - z = z.replaceAll("\s+", ""): null

02-12-2024T06:58:27 - [TEST_STEP][PASSED] - z = z.replace("[\r?
|
]", "/"): null

02-12-2024T06:58:27 - [TEST_STEP][PASSED] - println(z): null

02-12-2024T06:58:27 - [TEST_STEP][PASSED] - x = x + z: null

02-12-2024T06:58:27 - [TEST_STEP][PASSED] - z = getText(findTestObject(path + "spanFact" + dZONum)): Text of object 'Object Repository/Выполнение бизнес-плана/spanFact3' is: '27.54
|'

02-12-2024T06:58:27 - [MESSAGE][PASSED] - Text of object 'Object Repository/Выполнение бизнес-плана/spanFact3' is: '27.54
|'

02-12-2024T06:58:27 - [TEST_STEP][PASSED] - ii = z.indexOf("|"): null

02-12-2024T06:58:27 - [TEST_STEP][PASSED] - if (ii > -1): null

02-12-2024T06:58:27 - [TEST_STEP][PASSED] - z = length() - 1).replace("[\r?
|
]", "/"): null

02-12-2024T06:58:27 - [TEST_STEP][PASSED] - x = x + "/" + z: null

02-12-2024T06:58:27 - [TEST_STEP][PASSED] - z = getText(findTestObject(path + path2 + "Факт Отпуск в сеть за отчётный период " + dZONum)).replaceAll("\s+", ""): Text of object 'Object Repository/Выполнение бизнес-плана/Значения со страницы Выполнение бизнес-плана/Table Data/Факт Отпуск в сеть за отчётный период 3' is: '17 367 779'

02-12-2024T06:58:27 - [MESSAGE][PASSED] - Text of object 'Object Repository/Выполнение бизнес-плана/Значения со страницы Выполнение бизнес-плана/Table Data/Факт Отпуск в сеть за отчётный период 3' is: '17 367 779'

02-12-2024T06:58:27 - [TEST_STEP][PASSED] - x = x + "/" + z: null

02-12-2024T06:58:27 - [TEST_STEP][PASSED] - z = getText(findTestObject(path + path2 + "Факт Отпуск из сети за отчётный период " + dZONum)).replaceAll("\s+", ""): Text of object 'Object Repository/Выполнение бизнес-плана/Значения со страницы Выполнение бизнес-плана/Table Data/Факт Отпуск из сети за отчётный период 3' is: '12 584 601'

02-12-2024T06:58:28 - [MESSAGE][PASSED] - Text of object 'Object Repository/Выполнение бизнес-плана/Значения со страницы Выполнение бизнес-плана/Table Data/Факт Отпуск из сети за отчётный период 3' is: '12 584 601'

02-12-2024T06:58:28 - [TEST_STEP][PASSED] - x = x + "/" + z: null

02-12-2024T06:58:28 - [TEST_STEP][PASSED] - z = getText(findTestObject(path + path2 + "Факт Потери за отчётный период " + dZONum)).replaceAll("\s+", ""): Text of object 'Object Repository/Выполнение бизнес-плана/Значения со страницы Выполнение бизнес-плана/Table Data/Факт Потери за отчётный период 3' is: '4 783 177'

02-12-2024T06:58:28 - [MESSAGE][PASSED] - Text of object 'Object Repository/Выполнение бизнес-плана/Значения со страницы Выполнение бизнес-плана/Table Data/Факт Потери за отчётный период 3' is: '4 783 177'

02-12-2024T06:58:28 - [TEST_STEP][PASSED] - x = x + "/" + z: null

02-12-2024T06:58:28 - [TEST_STEP][PASSED] - z = getText(findTestObject(path + path2 + "План Отпуск в сеть за отчётный период " + dZONum)).replaceAll("\s+", ""): Text of object 'Object Repository/Выполнение бизнес-плана/Значения со страницы Выполнение бизнес-плана/Table Data/План Отпуск в сеть за отчётный период 3' is: '16 300 204'

02-12-2024T06:58:28 - [MESSAGE][PASSED] - Text of object 'Object Repository/Выполнение бизнес-плана/Значения со страницы Выполнение бизнес-плана/Table Data/План Отпуск в сеть за отчётный период 3' is: '16 300 204'

02-12-2024T06:58:28 - [TEST_STEP][PASSED] - x = x + "/" + z: null

02-12-2024T06:58:28 - [TEST_STEP][PASSED] - z = getText(findTestObject(path + path2 + "План Отпуск из сети за отчётный период " + dZONum)).replaceAll("\s+", ""): Text of object 'Object Repository/Выполнение бизнес-плана/Значения со страницы Выполнение бизнес-плана/Table Data/План Отпуск из сети за отчётный период 3' is: '12 437 092'

02-12-2024T06:58:29 - [MESSAGE][PASSED] - Text of object 'Object Repository/Выполнение бизнес-плана/Значения со страницы Выполнение бизнес-плана/Table Data/План Отпуск из сети за отчётный период 3' is: '12 437 092'

02-12-2024T06:58:29 - [TEST_STEP][PASSED] - x = x + "/" + z: null

02-12-2024T06:58:29 - [TEST_STEP][PASSED] - z = getText(findTestObject(path + path2 + "План Потери за отчётный период " + dZONum)).replaceAll("\s+", ""): Text of object 'Object Repository/Выполнение бизнес-плана/Значения со страницы Выполнение бизнес-плана/Table Data/План Потери за отчётный период 3' is: '3 863 112'

02-12-2024T06:58:29 - [MESSAGE][PASSED] - Text of object 'Object Repository/Выполнение бизнес-плана/Значения со страницы Выполнение бизнес-плана/Table Data/План Потери за отчётный период 3' is: '3 863 112'

02-12-2024T06:58:29 - [TEST_STEP][PASSED] - x = x + "/" + z: null

02-12-2024T06:58:29 - [TEST_STEP][PASSED] - z = getText(findTestObject(path + "Список ДЗО")).replaceAll("[\r?
|
]", "/"): Text of object 'Object Repository/Выполнение бизнес-плана/Список ДЗО' is: '-0.07
3.72
3.84
-0.05
0.15
-0.50
-0.27
АО «Тываэнерго»
АО «Чеченэнерго»
Россети Северный Кавказ
Россети Сибирь
Россети Тюмень
Россети Центр (ГК)
Россети Центр и Приволжье (ГК)
-1
0
1
2
3
4
5
6
7'

02-12-2024T06:58:29 - [MESSAGE][PASSED] - Text of object 'Object Repository/Выполнение бизнес-плана/Список ДЗО' is: '-0.07
3.72
3.84
-0.05
0.15
-0.50
-0.27
АО «Тываэнерго»
АО «Чеченэнерго»
Россети Северный Кавказ
Россети Сибирь
Россети Тюмень
Россети Центр (ГК)
Россети Центр и Приволжье (ГК)
-1
0
1
2
3
4
5
6
7'

02-12-2024T06:58:29 - [TEST_STEP][PASSED] - for ([ii = 1, ii < dZONum, (ii++)]): null

02-12-2024T06:58:29 - [TEST_STEP][PASSED] - i1 = z.indexOf("/") + 1: null

02-12-2024T06:58:29 - [TEST_STEP][PASSED] - if (i1 > -1): null

02-12-2024T06:58:29 - [TEST_STEP][PASSED] - z = z.substring(i1, z.length()): null

02-12-2024T06:58:29 - [TEST_STEP][PASSED] - i1 = z.indexOf("/"): null

02-12-2024T06:58:29 - [TEST_STEP][PASSED] - i1 = z.indexOf("/") + 1: null

02-12-2024T06:58:29 - [TEST_STEP][PASSED] - if (i1 > -1): null

02-12-2024T06:58:29 - [TEST_STEP][PASSED] - z = z.substring(i1, z.length()): null

02-12-2024T06:58:29 - [TEST_STEP][PASSED] - i1 = z.indexOf("/"): null

02-12-2024T06:58:29 - [TEST_STEP][PASSED] - i1 = z.indexOf("/"): null

02-12-2024T06:58:29 - [TEST_STEP][PASSED] - if (i1 > -1): null

02-12-2024T06:58:29 - [TEST_STEP][PASSED] - z = z.substring(0, i1): null

02-12-2024T06:58:29 - [TEST_STEP][PASSED] - z = z.replace(",", "."): null

02-12-2024T06:58:29 - [TEST_STEP][PASSED] - println(z): null

02-12-2024T06:58:29 - [TEST_STEP][PASSED] - x = x + "/" + z: null

02-12-2024T06:58:29 - [TEST_STEP][PASSED] - x = x.replaceAll("[\r?
|
]", ""): null

02-12-2024T06:58:29 - [TEST_STEP][PASSED] - println(x): null

02-12-2024T06:58:29 - [TEST_STEP][PASSED] - return x: null

02-12-2024T06:58:29 - [TEST_STEP][PASSED] - println("sKR: " + sKR): null

02-12-2024T06:58:29 - [TEST_STEP][PASSED] - i = VseDZO.indexOf("Запад"): null

02-12-2024T06:58:29 - [TEST_STEP][PASSED] - if (i > -1): null

02-12-2024T06:58:29 - [TEST_STEP][PASSED] - else: null

02-12-2024T06:58:29 - [TEST_STEP][PASSED] - sZR = sZR + "нет данных/нет данных/нет данных/нет данных/нет данных/нет данных/нет данных/нет данных/нет данных": null

02-12-2024T06:58:29 - [TEST_STEP][PASSED] - println("sZR: " + sZR): null

02-12-2024T06:58:29 - [TEST_STEP][PASSED] - i = VseDZO.indexOf("Сибирь"): null

02-12-2024T06:58:29 - [TEST_STEP][PASSED] - if (i > -1): null

02-12-2024T06:58:29 - [TEST_STEP][PASSED] - dZONum = dZONum + 1: null

02-12-2024T06:58:29 - [TEST_STEP][PASSED] - siR = GetAllData(path, dZONum, VseDZO, x = "Россети Сибирь (ГК)/"): null

02-12-2024T06:58:29 - [TEST_STEP][PASSED] - ii = <not implemented yet for class: org.codehaus.groovy.ast.expr.EmptyExpression>: null

02-12-2024T06:58:29 - [TEST_STEP][PASSED] - i1 = <not implemented yet for class: org.codehaus.groovy.ast.expr.EmptyExpression>: null

02-12-2024T06:58:29 - [TEST_STEP][PASSED] - z = <not implemented yet for class: org.codehaus.groovy.ast.expr.EmptyExpression>: null

02-12-2024T06:58:29 - [TEST_STEP][PASSED] - path2 = "Значения со страницы Выполнение бизнес-плана/Table Data/": null

02-12-2024T06:58:29 - [TEST_STEP][PASSED] - println("path: " + path): null

02-12-2024T06:58:29 - [TEST_STEP][PASSED] - println("dZONum: " + dZONum): null

02-12-2024T06:58:29 - [TEST_STEP][PASSED] - z = getText(findTestObject(path + "spanPlan" + dZONum)): Text of object 'Object Repository/Выполнение бизнес-плана/spanPlan4' is: '6.97
|'

02-12-2024T06:58:30 - [MESSAGE][PASSED] - Text of object 'Object Repository/Выполнение бизнес-плана/spanPlan4' is: '6.97
|'

02-12-2024T06:58:30 - [TEST_STEP][PASSED] - println(z): null

02-12-2024T06:58:30 - [TEST_STEP][PASSED] - ii = z.indexOf("|"): null

02-12-2024T06:58:30 - [TEST_STEP][PASSED] - if (ii > -1): null

02-12-2024T06:58:30 - [TEST_STEP][PASSED] - z = z.substring(0, z.length() - 1): null

02-12-2024T06:58:30 - [TEST_STEP][PASSED] - println(z): null

02-12-2024T06:58:30 - [TEST_STEP][PASSED] - z = z.replaceAll("\s+", ""): null

02-12-2024T06:58:30 - [TEST_STEP][PASSED] - z = z.replace("[\r?
|
]", "/"): null

02-12-2024T06:58:30 - [TEST_STEP][PASSED] - println(z): null

02-12-2024T06:58:30 - [TEST_STEP][PASSED] - x = x + z: null

02-12-2024T06:58:30 - [TEST_STEP][PASSED] - z = getText(findTestObject(path + "spanFact" + dZONum)): Text of object 'Object Repository/Выполнение бизнес-плана/spanFact4' is: '6.92'

02-12-2024T06:58:30 - [MESSAGE][PASSED] - Text of object 'Object Repository/Выполнение бизнес-плана/spanFact4' is: '6.92'

02-12-2024T06:58:30 - [TEST_STEP][PASSED] - ii = z.indexOf("|"): null

02-12-2024T06:58:30 - [TEST_STEP][PASSED] - if (ii > -1): null

02-12-2024T06:58:30 - [TEST_STEP][PASSED] - x = x + "/" + z: null

02-12-2024T06:58:30 - [TEST_STEP][PASSED] - z = getText(findTestObject(path + path2 + "Факт Отпуск в сеть за отчётный период " + dZONum)).replaceAll("\s+", ""): Text of object 'Object Repository/Выполнение бизнес-плана/Значения со страницы Выполнение бизнес-плана/Table Data/Факт Отпуск в сеть за отчётный период 4' is: '46 928 172'

02-12-2024T06:58:30 - [MESSAGE][PASSED] - Text of object 'Object Repository/Выполнение бизнес-плана/Значения со страницы Выполнение бизнес-плана/Table Data/Факт Отпуск в сеть за отчётный период 4' is: '46 928 172'

02-12-2024T06:58:30 - [TEST_STEP][PASSED] - x = x + "/" + z: null

02-12-2024T06:58:30 - [TEST_STEP][PASSED] - z = getText(findTestObject(path + path2 + "Факт Отпуск из сети за отчётный период " + dZONum)).replaceAll("\s+", ""): Text of object 'Object Repository/Выполнение бизнес-плана/Значения со страницы Выполнение бизнес-плана/Table Data/Факт Отпуск из сети за отчётный период 4' is: '43 678 766'

02-12-2024T06:58:31 - [MESSAGE][PASSED] - Text of object 'Object Repository/Выполнение бизнес-плана/Значения со страницы Выполнение бизнес-плана/Table Data/Факт Отпуск из сети за отчётный период 4' is: '43 678 766'

02-12-2024T06:58:31 - [TEST_STEP][PASSED] - x = x + "/" + z: null

02-12-2024T06:58:31 - [TEST_STEP][PASSED] - z = getText(findTestObject(path + path2 + "Факт Потери за отчётный период " + dZONum)).replaceAll("\s+", ""): Text of object 'Object Repository/Выполнение бизнес-плана/Значения со страницы Выполнение бизнес-плана/Table Data/Факт Потери за отчётный период 4' is: '3 249 406'

02-12-2024T06:58:31 - [MESSAGE][PASSED] - Text of object 'Object Repository/Выполнение бизнес-плана/Значения со страницы Выполнение бизнес-плана/Table Data/Факт Потери за отчётный период 4' is: '3 249 406'

02-12-2024T06:58:31 - [TEST_STEP][PASSED] - x = x + "/" + z: null

02-12-2024T06:58:31 - [TEST_STEP][PASSED] - z = getText(findTestObject(path + path2 + "План Отпуск в сеть за отчётный период " + dZONum)).replaceAll("\s+", ""): Text of object 'Object Repository/Выполнение бизнес-плана/Значения со страницы Выполнение бизнес-плана/Table Data/План Отпуск в сеть за отчётный период 4' is: '44 875 501'

02-12-2024T06:58:31 - [MESSAGE][PASSED] - Text of object 'Object Repository/Выполнение бизнес-плана/Значения со страницы Выполнение бизнес-плана/Table Data/План Отпуск в сеть за отчётный период 4' is: '44 875 501'

02-12-2024T06:58:31 - [TEST_STEP][PASSED] - x = x + "/" + z: null

02-12-2024T06:58:31 - [TEST_STEP][PASSED] - z = getText(findTestObject(path + path2 + "План Отпуск из сети за отчётный период " + dZONum)).replaceAll("\s+", ""): Text of object 'Object Repository/Выполнение бизнес-плана/Значения со страницы Выполнение бизнес-плана/Table Data/План Отпуск из сети за отчётный период 4' is: '41 746 891'

02-12-2024T06:58:31 - [MESSAGE][PASSED] - Text of object 'Object Repository/Выполнение бизнес-плана/Значения со страницы Выполнение бизнес-плана/Table Data/План Отпуск из сети за отчётный период 4' is: '41 746 891'

02-12-2024T06:58:31 - [TEST_STEP][PASSED] - x = x + "/" + z: null

02-12-2024T06:58:31 - [TEST_STEP][PASSED] - z = getText(findTestObject(path + path2 + "План Потери за отчётный период " + dZONum)).replaceAll("\s+", ""): Text of object 'Object Repository/Выполнение бизнес-плана/Значения со страницы Выполнение бизнес-плана/Table Data/План Потери за отчётный период 4' is: '3 128 610'

02-12-2024T06:58:32 - [MESSAGE][PASSED] - Text of object 'Object Repository/Выполнение бизнес-плана/Значения со страницы Выполнение бизнес-плана/Table Data/План Потери за отчётный период 4' is: '3 128 610'

02-12-2024T06:58:32 - [TEST_STEP][PASSED] - x = x + "/" + z: null

02-12-2024T06:58:32 - [TEST_STEP][PASSED] - z = getText(findTestObject(path + "Список ДЗО")).replaceAll("[\r?
|
]", "/"): Text of object 'Object Repository/Выполнение бизнес-плана/Список ДЗО' is: '-0.07
3.72
3.84
-0.05
0.15
-0.50
-0.27
АО «Тываэнерго»
АО «Чеченэнерго»
Россети Северный Кавказ
Россети Сибирь
Россети Тюмень
Россети Центр (ГК)
Россети Центр и Приволжье (ГК)
-1
0
1
2
3
4
5
6
7'

02-12-2024T06:58:32 - [MESSAGE][PASSED] - Text of object 'Object Repository/Выполнение бизнес-плана/Список ДЗО' is: '-0.07
3.72
3.84
-0.05
0.15
-0.50
-0.27
АО «Тываэнерго»
АО «Чеченэнерго»
Россети Северный Кавказ
Россети Сибирь
Россети Тюмень
Россети Центр (ГК)
Россети Центр и Приволжье (ГК)
-1
0
1
2
3
4
5
6
7'

02-12-2024T06:58:32 - [TEST_STEP][PASSED] - for ([ii = 1, ii < dZONum, (ii++)]): null

02-12-2024T06:58:32 - [TEST_STEP][PASSED] - i1 = z.indexOf("/") + 1: null

02-12-2024T06:58:32 - [TEST_STEP][PASSED] - if (i1 > -1): null

02-12-2024T06:58:32 - [TEST_STEP][PASSED] - z = z.substring(i1, z.length()): null

02-12-2024T06:58:32 - [TEST_STEP][PASSED] - i1 = z.indexOf("/"): null

02-12-2024T06:58:32 - [TEST_STEP][PASSED] - i1 = z.indexOf("/") + 1: null

02-12-2024T06:58:32 - [TEST_STEP][PASSED] - if (i1 > -1): null

02-12-2024T06:58:32 - [TEST_STEP][PASSED] - z = z.substring(i1, z.length()): null

02-12-2024T06:58:32 - [TEST_STEP][PASSED] - i1 = z.indexOf("/"): null

02-12-2024T06:58:32 - [TEST_STEP][PASSED] - i1 = z.indexOf("/") + 1: null

02-12-2024T06:58:32 - [TEST_STEP][PASSED] - if (i1 > -1): null

02-12-2024T06:58:32 - [TEST_STEP][PASSED] - z = z.substring(i1, z.length()): null

02-12-2024T06:58:32 - [TEST_STEP][PASSED] - i1 = z.indexOf("/"): null

02-12-2024T06:58:32 - [TEST_STEP][PASSED] - i1 = z.indexOf("/"): null

02-12-2024T06:58:32 - [TEST_STEP][PASSED] - if (i1 > -1): null

02-12-2024T06:58:32 - [TEST_STEP][PASSED] - z = z.substring(0, i1): null

02-12-2024T06:58:32 - [TEST_STEP][PASSED] - z = z.replace(",", "."): null

02-12-2024T06:58:32 - [TEST_STEP][PASSED] - println(z): null

02-12-2024T06:58:32 - [TEST_STEP][PASSED] - x = x + "/" + z: null

02-12-2024T06:58:32 - [TEST_STEP][PASSED] - x = x.replaceAll("[\r?
|
]", ""): null

02-12-2024T06:58:32 - [TEST_STEP][PASSED] - println(x): null

02-12-2024T06:58:32 - [TEST_STEP][PASSED] - return x: null

02-12-2024T06:58:32 - [TEST_STEP][PASSED] - println("siR: " + siR): null

02-12-2024T06:58:32 - [TEST_STEP][PASSED] - i = VseDZO.indexOf("Томск"): null

02-12-2024T06:58:32 - [TEST_STEP][PASSED] - if (i > -1): null

02-12-2024T06:58:32 - [TEST_STEP][PASSED] - else: null

02-12-2024T06:58:32 - [TEST_STEP][PASSED] - tomR = tomR + "нет данных/нет данных/нет данных/нет данных/нет данных/нет данных/нет данных/нет данных/нет данных": null

02-12-2024T06:58:32 - [TEST_STEP][PASSED] - println("tomR: " + tomR): null

02-12-2024T06:58:32 - [TEST_STEP][PASSED] - i = VseDZO.indexOf("Тюмень"): null

02-12-2024T06:58:32 - [TEST_STEP][PASSED] - if (i > -1): null

02-12-2024T06:58:32 - [TEST_STEP][PASSED] - dZONum = dZONum + 1: null

02-12-2024T06:58:32 - [TEST_STEP][PASSED] - tyumR = GetAllData(path, dZONum, VseDZO, x = "Россети Тюмень/"): null

02-12-2024T06:58:32 - [TEST_STEP][PASSED] - ii = <not implemented yet for class: org.codehaus.groovy.ast.expr.EmptyExpression>: null

02-12-2024T06:58:32 - [TEST_STEP][PASSED] - i1 = <not implemented yet for class: org.codehaus.groovy.ast.expr.EmptyExpression>: null

02-12-2024T06:58:32 - [TEST_STEP][PASSED] - z = <not implemented yet for class: org.codehaus.groovy.ast.expr.EmptyExpression>: null

02-12-2024T06:58:32 - [TEST_STEP][PASSED] - path2 = "Значения со страницы Выполнение бизнес-плана/Table Data/": null

02-12-2024T06:58:32 - [TEST_STEP][PASSED] - println("path: " + path): null

02-12-2024T06:58:32 - [TEST_STEP][PASSED] - println("dZONum: " + dZONum): null

02-12-2024T06:58:32 - [TEST_STEP][PASSED] - z = getText(findTestObject(path + "spanPlan" + dZONum)): Text of object 'Object Repository/Выполнение бизнес-плана/spanPlan5' is: '2.50'

02-12-2024T06:58:32 - [MESSAGE][PASSED] - Text of object 'Object Repository/Выполнение бизнес-плана/spanPlan5' is: '2.50'

02-12-2024T06:58:32 - [TEST_STEP][PASSED] - println(z): null

02-12-2024T06:58:32 - [TEST_STEP][PASSED] - ii = z.indexOf("|"): null

02-12-2024T06:58:32 - [TEST_STEP][PASSED] - if (ii > -1): null

02-12-2024T06:58:32 - [TEST_STEP][PASSED] - z = z.replaceAll("\s+", ""): null

02-12-2024T06:58:32 - [TEST_STEP][PASSED] - z = z.replace("[\r?
|
]", "/"): null

02-12-2024T06:58:32 - [TEST_STEP][PASSED] - println(z): null

02-12-2024T06:58:32 - [TEST_STEP][PASSED] - x = x + z: null

02-12-2024T06:58:32 - [TEST_STEP][PASSED] - z = getText(findTestObject(path + "spanFact" + dZONum)): Text of object 'Object Repository/Выполнение бизнес-плана/spanFact5' is: '2.65
|'

02-12-2024T06:58:33 - [MESSAGE][PASSED] - Text of object 'Object Repository/Выполнение бизнес-плана/spanFact5' is: '2.65
|'

02-12-2024T06:58:33 - [TEST_STEP][PASSED] - ii = z.indexOf("|"): null

02-12-2024T06:58:33 - [TEST_STEP][PASSED] - if (ii > -1): null

02-12-2024T06:58:33 - [TEST_STEP][PASSED] - z = length() - 1).replace("[\r?
|
]", "/"): null

02-12-2024T06:58:33 - [TEST_STEP][PASSED] - x = x + "/" + z: null

02-12-2024T06:58:33 - [TEST_STEP][PASSED] - z = getText(findTestObject(path + path2 + "Факт Отпуск в сеть за отчётный период " + dZONum)).replaceAll("\s+", ""): Text of object 'Object Repository/Выполнение бизнес-плана/Значения со страницы Выполнение бизнес-плана/Table Data/Факт Отпуск в сеть за отчётный период 5' is: '43 413 766'

02-12-2024T06:58:33 - [MESSAGE][PASSED] - Text of object 'Object Repository/Выполнение бизнес-плана/Значения со страницы Выполнение бизнес-плана/Table Data/Факт Отпуск в сеть за отчётный период 5' is: '43 413 766'

02-12-2024T06:58:33 - [TEST_STEP][PASSED] - x = x + "/" + z: null

02-12-2024T06:58:33 - [TEST_STEP][PASSED] - z = getText(findTestObject(path + path2 + "Факт Отпуск из сети за отчётный период " + dZONum)).replaceAll("\s+", ""): Text of object 'Object Repository/Выполнение бизнес-плана/Значения со страницы Выполнение бизнес-плана/Table Data/Факт Отпуск из сети за отчётный период 5' is: '42 264 622'

02-12-2024T06:58:33 - [MESSAGE][PASSED] - Text of object 'Object Repository/Выполнение бизнес-плана/Значения со страницы Выполнение бизнес-плана/Table Data/Факт Отпуск из сети за отчётный период 5' is: '42 264 622'

02-12-2024T06:58:33 - [TEST_STEP][PASSED] - x = x + "/" + z: null

02-12-2024T06:58:33 - [TEST_STEP][PASSED] - z = getText(findTestObject(path + path2 + "Факт Потери за отчётный период " + dZONum)).replaceAll("\s+", ""): Text of object 'Object Repository/Выполнение бизнес-плана/Значения со страницы Выполнение бизнес-плана/Table Data/Факт Потери за отчётный период 5' is: '1 149 143'

02-12-2024T06:58:34 - [MESSAGE][PASSED] - Text of object 'Object Repository/Выполнение бизнес-плана/Значения со страницы Выполнение бизнес-плана/Table Data/Факт Потери за отчётный период 5' is: '1 149 143'

02-12-2024T06:58:34 - [TEST_STEP][PASSED] - x = x + "/" + z: null

02-12-2024T06:58:34 - [TEST_STEP][PASSED] - z = getText(findTestObject(path + path2 + "План Отпуск в сеть за отчётный период " + dZONum)).replaceAll("\s+", ""): Text of object 'Object Repository/Выполнение бизнес-плана/Значения со страницы Выполнение бизнес-плана/Table Data/План Отпуск в сеть за отчётный период 5' is: '45 056 130'

02-12-2024T06:58:34 - [MESSAGE][PASSED] - Text of object 'Object Repository/Выполнение бизнес-плана/Значения со страницы Выполнение бизнес-плана/Table Data/План Отпуск в сеть за отчётный период 5' is: '45 056 130'

02-12-2024T06:58:34 - [TEST_STEP][PASSED] - x = x + "/" + z: null

02-12-2024T06:58:34 - [TEST_STEP][PASSED] - z = getText(findTestObject(path + path2 + "План Отпуск из сети за отчётный период " + dZONum)).replaceAll("\s+", ""): Text of object 'Object Repository/Выполнение бизнес-плана/Значения со страницы Выполнение бизнес-плана/Table Data/План Отпуск из сети за отчётный период 5' is: '43 930 370'

02-12-2024T06:58:34 - [MESSAGE][PASSED] - Text of object 'Object Repository/Выполнение бизнес-плана/Значения со страницы Выполнение бизнес-плана/Table Data/План Отпуск из сети за отчётный период 5' is: '43 930 370'

02-12-2024T06:58:34 - [TEST_STEP][PASSED] - x = x + "/" + z: null

02-12-2024T06:58:34 - [TEST_STEP][PASSED] - z = getText(findTestObject(path + path2 + "План Потери за отчётный период " + dZONum)).replaceAll("\s+", ""): Text of object 'Object Repository/Выполнение бизнес-плана/Значения со страницы Выполнение бизнес-плана/Table Data/План Потери за отчётный период 5' is: '1 125 760'

02-12-2024T06:58:35 - [MESSAGE][PASSED] - Text of object 'Object Repository/Выполнение бизнес-плана/Значения со страницы Выполнение бизнес-плана/Table Data/План Потери за отчётный период 5' is: '1 125 760'

02-12-2024T06:58:35 - [TEST_STEP][PASSED] - x = x + "/" + z: null

02-12-2024T06:58:35 - [TEST_STEP][PASSED] - z = getText(findTestObject(path + "Список ДЗО")).replaceAll("[\r?
|
]", "/"): Text of object 'Object Repository/Выполнение бизнес-плана/Список ДЗО' is: '-0.07
3.72
3.84
-0.05
0.15
-0.50
-0.27
АО «Тываэнерго»
АО «Чеченэнерго»
Россети Северный Кавказ
Россети Сибирь
Россети Тюмень
Россети Центр (ГК)
Россети Центр и Приволжье (ГК)
-1
0
1
2
3
4
5
6
7'

02-12-2024T06:58:35 - [MESSAGE][PASSED] - Text of object 'Object Repository/Выполнение бизнес-плана/Список ДЗО' is: '-0.07
3.72
3.84
-0.05
0.15
-0.50
-0.27
АО «Тываэнерго»
АО «Чеченэнерго»
Россети Северный Кавказ
Россети Сибирь
Россети Тюмень
Россети Центр (ГК)
Россети Центр и Приволжье (ГК)
-1
0
1
2
3
4
5
6
7'

02-12-2024T06:58:35 - [TEST_STEP][PASSED] - for ([ii = 1, ii < dZONum, (ii++)]): null

02-12-2024T06:58:35 - [TEST_STEP][PASSED] - i1 = z.indexOf("/") + 1: null

02-12-2024T06:58:35 - [TEST_STEP][PASSED] - if (i1 > -1): null

02-12-2024T06:58:35 - [TEST_STEP][PASSED] - z = z.substring(i1, z.length()): null

02-12-2024T06:58:35 - [TEST_STEP][PASSED] - i1 = z.indexOf("/"): null

02-12-2024T06:58:35 - [TEST_STEP][PASSED] - i1 = z.indexOf("/") + 1: null

02-12-2024T06:58:35 - [TEST_STEP][PASSED] - if (i1 > -1): null

02-12-2024T06:58:35 - [TEST_STEP][PASSED] - z = z.substring(i1, z.length()): null

02-12-2024T06:58:35 - [TEST_STEP][PASSED] - i1 = z.indexOf("/"): null

02-12-2024T06:58:35 - [TEST_STEP][PASSED] - i1 = z.indexOf("/") + 1: null

02-12-2024T06:58:35 - [TEST_STEP][PASSED] - if (i1 > -1): null

02-12-2024T06:58:35 - [TEST_STEP][PASSED] - z = z.substring(i1, z.length()): null

02-12-2024T06:58:35 - [TEST_STEP][PASSED] - i1 = z.indexOf("/"): null

02-12-2024T06:58:35 - [TEST_STEP][PASSED] - i1 = z.indexOf("/") + 1: null

02-12-2024T06:58:35 - [TEST_STEP][PASSED] - if (i1 > -1): null

02-12-2024T06:58:35 - [TEST_STEP][PASSED] - z = z.substring(i1, z.length()): null

02-12-2024T06:58:35 - [TEST_STEP][PASSED] - i1 = z.indexOf("/"): null

02-12-2024T06:58:35 - [TEST_STEP][PASSED] - i1 = z.indexOf("/"): null

02-12-2024T06:58:35 - [TEST_STEP][PASSED] - if (i1 > -1): null

02-12-2024T06:58:35 - [TEST_STEP][PASSED] - z = z.substring(0, i1): null

02-12-2024T06:58:35 - [TEST_STEP][PASSED] - z = z.replace(",", "."): null

02-12-2024T06:58:35 - [TEST_STEP][PASSED] - println(z): null

02-12-2024T06:58:35 - [TEST_STEP][PASSED] - x = x + "/" + z: null

02-12-2024T06:58:35 - [TEST_STEP][PASSED] - x = x.replaceAll("[\r?
|
]", ""): null

02-12-2024T06:58:35 - [TEST_STEP][PASSED] - println(x): null

02-12-2024T06:58:35 - [TEST_STEP][PASSED] - return x: null

02-12-2024T06:58:35 - [TEST_STEP][PASSED] - println("tyumR: " + tyumR): null

02-12-2024T06:58:35 - [TEST_STEP][PASSED] - i = VseDZO.indexOf("Урал"): null

02-12-2024T06:58:35 - [TEST_STEP][PASSED] - if (i > -1): null

02-12-2024T06:58:35 - [TEST_STEP][PASSED] - else: null

02-12-2024T06:58:35 - [TEST_STEP][PASSED] - urR = urR + "нет данных/нет данных/нет данных/нет данных/нет данных/нет данных/нет данных/нет данных/нет данных": null

02-12-2024T06:58:35 - [TEST_STEP][PASSED] - println("urR: " + urR): null

02-12-2024T06:58:35 - [TEST_STEP][PASSED] - i = VseDZO.indexOf("Центр"): null

02-12-2024T06:58:35 - [TEST_STEP][PASSED] - if (i > -1): null

02-12-2024T06:58:35 - [TEST_STEP][PASSED] - dZONum = dZONum + 1: null

02-12-2024T06:58:35 - [TEST_STEP][PASSED] - cenR = GetAllData(path, dZONum, VseDZO, x = "Россети Центр (ГК)/"): null

02-12-2024T06:58:35 - [TEST_STEP][PASSED] - ii = <not implemented yet for class: org.codehaus.groovy.ast.expr.EmptyExpression>: null

02-12-2024T06:58:35 - [TEST_STEP][PASSED] - i1 = <not implemented yet for class: org.codehaus.groovy.ast.expr.EmptyExpression>: null

02-12-2024T06:58:35 - [TEST_STEP][PASSED] - z = <not implemented yet for class: org.codehaus.groovy.ast.expr.EmptyExpression>: null

02-12-2024T06:58:35 - [TEST_STEP][PASSED] - path2 = "Значения со страницы Выполнение бизнес-плана/Table Data/": null

02-12-2024T06:58:35 - [TEST_STEP][PASSED] - println("path: " + path): null

02-12-2024T06:58:35 - [TEST_STEP][PASSED] - println("dZONum: " + dZONum): null

02-12-2024T06:58:35 - [TEST_STEP][PASSED] - z = getText(findTestObject(path + "spanPlan" + dZONum)): Text of object 'Object Repository/Выполнение бизнес-плана/spanPlan6' is: '10.14
|'

02-12-2024T06:58:35 - [MESSAGE][PASSED] - Text of object 'Object Repository/Выполнение бизнес-плана/spanPlan6' is: '10.14
|'

02-12-2024T06:58:35 - [TEST_STEP][PASSED] - println(z): null

02-12-2024T06:58:35 - [TEST_STEP][PASSED] - ii = z.indexOf("|"): null

02-12-2024T06:58:35 - [TEST_STEP][PASSED] - if (ii > -1): null

02-12-2024T06:58:35 - [TEST_STEP][PASSED] - z = z.substring(0, z.length() - 1): null

02-12-2024T06:58:35 - [TEST_STEP][PASSED] - println(z): null

02-12-2024T06:58:35 - [TEST_STEP][PASSED] - z = z.replaceAll("\s+", ""): null

02-12-2024T06:58:35 - [TEST_STEP][PASSED] - z = z.replace("[\r?
|
]", "/"): null

02-12-2024T06:58:35 - [TEST_STEP][PASSED] - println(z): null

02-12-2024T06:58:35 - [TEST_STEP][PASSED] - x = x + z: null

02-12-2024T06:58:35 - [TEST_STEP][PASSED] - z = getText(findTestObject(path + "spanFact" + dZONum)): Text of object 'Object Repository/Выполнение бизнес-плана/spanFact6' is: '9.64'

02-12-2024T06:58:35 - [MESSAGE][PASSED] - Text of object 'Object Repository/Выполнение бизнес-плана/spanFact6' is: '9.64'

02-12-2024T06:58:35 - [TEST_STEP][PASSED] - ii = z.indexOf("|"): null

02-12-2024T06:58:35 - [TEST_STEP][PASSED] - if (ii > -1): null

02-12-2024T06:58:35 - [TEST_STEP][PASSED] - x = x + "/" + z: null

02-12-2024T06:58:35 - [TEST_STEP][PASSED] - z = getText(findTestObject(path + path2 + "Факт Отпуск в сеть за отчётный период " + dZONum)).replaceAll("\s+", ""): Text of object 'Object Repository/Выполнение бизнес-плана/Значения со страницы Выполнение бизнес-плана/Table Data/Факт Отпуск в сеть за отчётный период 6' is: '49 425 284'

02-12-2024T06:58:36 - [MESSAGE][PASSED] - Text of object 'Object Repository/Выполнение бизнес-плана/Значения со страницы Выполнение бизнес-плана/Table Data/Факт Отпуск в сеть за отчётный период 6' is: '49 425 284'

02-12-2024T06:58:36 - [TEST_STEP][PASSED] - x = x + "/" + z: null

02-12-2024T06:58:36 - [TEST_STEP][PASSED] - z = getText(findTestObject(path + path2 + "Факт Отпуск из сети за отчётный период " + dZONum)).replaceAll("\s+", ""): Text of object 'Object Repository/Выполнение бизнес-плана/Значения со страницы Выполнение бизнес-плана/Table Data/Факт Отпуск из сети за отчётный период 6' is: '44 662 142'

02-12-2024T06:58:36 - [MESSAGE][PASSED] - Text of object 'Object Repository/Выполнение бизнес-плана/Значения со страницы Выполнение бизнес-плана/Table Data/Факт Отпуск из сети за отчётный период 6' is: '44 662 142'

02-12-2024T06:58:36 - [TEST_STEP][PASSED] - x = x + "/" + z: null

02-12-2024T06:58:36 - [TEST_STEP][PASSED] - z = getText(findTestObject(path + path2 + "Факт Потери за отчётный период " + dZONum)).replaceAll("\s+", ""): Text of object 'Object Repository/Выполнение бизнес-плана/Значения со страницы Выполнение бизнес-плана/Table Data/Факт Потери за отчётный период 6' is: '4 763 141'

02-12-2024T06:58:36 - [MESSAGE][PASSED] - Text of object 'Object Repository/Выполнение бизнес-плана/Значения со страницы Выполнение бизнес-плана/Table Data/Факт Потери за отчётный период 6' is: '4 763 141'

02-12-2024T06:58:36 - [TEST_STEP][PASSED] - x = x + "/" + z: null

02-12-2024T06:58:36 - [TEST_STEP][PASSED] - z = getText(findTestObject(path + path2 + "План Отпуск в сеть за отчётный период " + dZONum)).replaceAll("\s+", ""): Text of object 'Object Repository/Выполнение бизнес-плана/Значения со страницы Выполнение бизнес-плана/Table Data/План Отпуск в сеть за отчётный период 6' is: '48 037 333'

02-12-2024T06:58:37 - [MESSAGE][PASSED] - Text of object 'Object Repository/Выполнение бизнес-плана/Значения со страницы Выполнение бизнес-плана/Table Data/План Отпуск в сеть за отчётный период 6' is: '48 037 333'

02-12-2024T06:58:37 - [TEST_STEP][PASSED] - x = x + "/" + z: null

02-12-2024T06:58:37 - [TEST_STEP][PASSED] - z = getText(findTestObject(path + path2 + "План Отпуск из сети за отчётный период " + dZONum)).replaceAll("\s+", ""): Text of object 'Object Repository/Выполнение бизнес-плана/Значения со страницы Выполнение бизнес-плана/Table Data/План Отпуск из сети за отчётный период 6' is: '43 167 677'

02-12-2024T06:58:37 - [MESSAGE][PASSED] - Text of object 'Object Repository/Выполнение бизнес-плана/Значения со страницы Выполнение бизнес-плана/Table Data/План Отпуск из сети за отчётный период 6' is: '43 167 677'

02-12-2024T06:58:37 - [TEST_STEP][PASSED] - x = x + "/" + z: null

02-12-2024T06:58:37 - [TEST_STEP][PASSED] - z = getText(findTestObject(path + path2 + "План Потери за отчётный период " + dZONum)).replaceAll("\s+", ""): Text of object 'Object Repository/Выполнение бизнес-плана/Значения со страницы Выполнение бизнес-плана/Table Data/План Потери за отчётный период 6' is: '4 869 656'

02-12-2024T06:58:37 - [MESSAGE][PASSED] - Text of object 'Object Repository/Выполнение бизнес-плана/Значения со страницы Выполнение бизнес-плана/Table Data/План Потери за отчётный период 6' is: '4 869 656'

02-12-2024T06:58:37 - [TEST_STEP][PASSED] - x = x + "/" + z: null

02-12-2024T06:58:37 - [TEST_STEP][PASSED] - z = getText(findTestObject(path + "Список ДЗО")).replaceAll("[\r?
|
]", "/"): Text of object 'Object Repository/Выполнение бизнес-плана/Список ДЗО' is: '-0.07
3.72
3.84
-0.05
0.15
-0.50
-0.27
АО «Тываэнерго»
АО «Чеченэнерго»
Россети Северный Кавказ
Россети Сибирь
Россети Тюмень
Россети Центр (ГК)
Россети Центр и Приволжье (ГК)
-1
0
1
2
3
4
5
6
7'

02-12-2024T06:58:38 - [MESSAGE][PASSED] - Text of object 'Object Repository/Выполнение бизнес-плана/Список ДЗО' is: '-0.07
3.72
3.84
-0.05
0.15
-0.50
-0.27
АО «Тываэнерго»
АО «Чеченэнерго»
Россети Северный Кавказ
Россети Сибирь
Россети Тюмень
Россети Центр (ГК)
Россети Центр и Приволжье (ГК)
-1
0
1
2
3
4
5
6
7'

02-12-2024T06:58:38 - [TEST_STEP][PASSED] - for ([ii = 1, ii < dZONum, (ii++)]): null

02-12-2024T06:58:38 - [TEST_STEP][PASSED] - i1 = z.indexOf("/") + 1: null

02-12-2024T06:58:38 - [TEST_STEP][PASSED] - if (i1 > -1): null

02-12-2024T06:58:38 - [TEST_STEP][PASSED] - z = z.substring(i1, z.length()): null

02-12-2024T06:58:38 - [TEST_STEP][PASSED] - i1 = z.indexOf("/"): null

02-12-2024T06:58:38 - [TEST_STEP][PASSED] - i1 = z.indexOf("/") + 1: null

02-12-2024T06:58:38 - [TEST_STEP][PASSED] - if (i1 > -1): null

02-12-2024T06:58:38 - [TEST_STEP][PASSED] - z = z.substring(i1, z.length()): null

02-12-2024T06:58:38 - [TEST_STEP][PASSED] - i1 = z.indexOf("/"): null

02-12-2024T06:58:38 - [TEST_STEP][PASSED] - i1 = z.indexOf("/") + 1: null

02-12-2024T06:58:38 - [TEST_STEP][PASSED] - if (i1 > -1): null

02-12-2024T06:58:38 - [TEST_STEP][PASSED] - z = z.substring(i1, z.length()): null

02-12-2024T06:58:38 - [TEST_STEP][PASSED] - i1 = z.indexOf("/"): null

02-12-2024T06:58:38 - [TEST_STEP][PASSED] - i1 = z.indexOf("/") + 1: null

02-12-2024T06:58:38 - [TEST_STEP][PASSED] - if (i1 > -1): null

02-12-2024T06:58:38 - [TEST_STEP][PASSED] - z = z.substring(i1, z.length()): null

02-12-2024T06:58:38 - [TEST_STEP][PASSED] - i1 = z.indexOf("/"): null

02-12-2024T06:58:38 - [TEST_STEP][PASSED] - i1 = z.indexOf("/") + 1: null

02-12-2024T06:58:38 - [TEST_STEP][PASSED] - if (i1 > -1): null

02-12-2024T06:58:38 - [TEST_STEP][PASSED] - z = z.substring(i1, z.length()): null

02-12-2024T06:58:38 - [TEST_STEP][PASSED] - i1 = z.indexOf("/"): null

02-12-2024T06:58:38 - [TEST_STEP][PASSED] - i1 = z.indexOf("/"): null

02-12-2024T06:58:38 - [TEST_STEP][PASSED] - if (i1 > -1): null

02-12-2024T06:58:38 - [TEST_STEP][PASSED] - z = z.substring(0, i1): null

02-12-2024T06:58:38 - [TEST_STEP][PASSED] - z = z.replace(",", "."): null

02-12-2024T06:58:38 - [TEST_STEP][PASSED] - println(z): null

02-12-2024T06:58:38 - [TEST_STEP][PASSED] - x = x + "/" + z: null

02-12-2024T06:58:38 - [TEST_STEP][PASSED] - x = x.replaceAll("[\r?
|
]", ""): null

02-12-2024T06:58:38 - [TEST_STEP][PASSED] - println(x): null

02-12-2024T06:58:38 - [TEST_STEP][PASSED] - return x: null

02-12-2024T06:58:38 - [TEST_STEP][PASSED] - println("cenR: " + cenR): null

02-12-2024T06:58:38 - [TEST_STEP][PASSED] - i = VseDZO.indexOf("Приволжье"): null

02-12-2024T06:58:38 - [TEST_STEP][PASSED] - if (i > -1): null

02-12-2024T06:58:38 - [TEST_STEP][PASSED] - dZONum = dZONum + 1: null

02-12-2024T06:58:38 - [TEST_STEP][PASSED] - cIPR = GetAllData(path, dZONum, VseDZO, x = "Россети Центр и Приволжье (ГК)/"): null

02-12-2024T06:58:38 - [TEST_STEP][PASSED] - ii = <not implemented yet for class: org.codehaus.groovy.ast.expr.EmptyExpression>: null

02-12-2024T06:58:38 - [TEST_STEP][PASSED] - i1 = <not implemented yet for class: org.codehaus.groovy.ast.expr.EmptyExpression>: null

02-12-2024T06:58:38 - [TEST_STEP][PASSED] - z = <not implemented yet for class: org.codehaus.groovy.ast.expr.EmptyExpression>: null

02-12-2024T06:58:38 - [TEST_STEP][PASSED] - path2 = "Значения со страницы Выполнение бизнес-плана/Table Data/": null

02-12-2024T06:58:38 - [TEST_STEP][PASSED] - println("path: " + path): null

02-12-2024T06:58:38 - [TEST_STEP][PASSED] - println("dZONum: " + dZONum): null

02-12-2024T06:58:38 - [TEST_STEP][PASSED] - z = getText(findTestObject(path + "spanPlan" + dZONum)): Text of object 'Object Repository/Выполнение бизнес-плана/spanPlan7' is: '7.04
|'

02-12-2024T06:58:38 - [MESSAGE][PASSED] - Text of object 'Object Repository/Выполнение бизнес-плана/spanPlan7' is: '7.04
|'

02-12-2024T06:58:38 - [TEST_STEP][PASSED] - println(z): null

02-12-2024T06:58:38 - [TEST_STEP][PASSED] - ii = z.indexOf("|"): null

02-12-2024T06:58:38 - [TEST_STEP][PASSED] - if (ii > -1): null

02-12-2024T06:58:38 - [TEST_STEP][PASSED] - z = z.substring(0, z.length() - 1): null

02-12-2024T06:58:38 - [TEST_STEP][PASSED] - println(z): null

02-12-2024T06:58:38 - [TEST_STEP][PASSED] - z = z.replaceAll("\s+", ""): null

02-12-2024T06:58:38 - [TEST_STEP][PASSED] - z = z.replace("[\r?
|
]", "/"): null

02-12-2024T06:58:38 - [TEST_STEP][PASSED] - println(z): null

02-12-2024T06:58:38 - [TEST_STEP][PASSED] - x = x + z: null

02-12-2024T06:58:38 - [TEST_STEP][PASSED] - z = getText(findTestObject(path + "spanFact" + dZONum)): Text of object 'Object Repository/Выполнение бизнес-плана/spanFact7' is: '6.77'

02-12-2024T06:58:38 - [MESSAGE][PASSED] - Text of object 'Object Repository/Выполнение бизнес-плана/spanFact7' is: '6.77'

02-12-2024T06:58:38 - [TEST_STEP][PASSED] - ii = z.indexOf("|"): null

02-12-2024T06:58:38 - [TEST_STEP][PASSED] - if (ii > -1): null

02-12-2024T06:58:38 - [TEST_STEP][PASSED] - x = x + "/" + z: null

02-12-2024T06:58:38 - [TEST_STEP][PASSED] - z = getText(findTestObject(path + path2 + "Факт Отпуск в сеть за отчётный период " + dZONum)).replaceAll("\s+", ""): Text of object 'Object Repository/Выполнение бизнес-плана/Значения со страницы Выполнение бизнес-плана/Table Data/Факт Отпуск в сеть за отчётный период 7' is: '45 596 339'

02-12-2024T06:58:38 - [MESSAGE][PASSED] - Text of object 'Object Repository/Выполнение бизнес-плана/Значения со страницы Выполнение бизнес-плана/Table Data/Факт Отпуск в сеть за отчётный период 7' is: '45 596 339'

02-12-2024T06:58:38 - [TEST_STEP][PASSED] - x = x + "/" + z: null

02-12-2024T06:58:38 - [TEST_STEP][PASSED] - z = getText(findTestObject(path + path2 + "Факт Отпуск из сети за отчётный период " + dZONum)).replaceAll("\s+", ""): Text of object 'Object Repository/Выполнение бизнес-плана/Значения со страницы Выполнение бизнес-плана/Table Data/Факт Отпуск из сети за отчётный период 7' is: '42 504 429'

02-12-2024T06:58:39 - [MESSAGE][PASSED] - Text of object 'Object Repository/Выполнение бизнес-плана/Значения со страницы Выполнение бизнес-плана/Table Data/Факт Отпуск из сети за отчётный период 7' is: '42 504 429'

02-12-2024T06:58:39 - [TEST_STEP][PASSED] - x = x + "/" + z: null

02-12-2024T06:58:39 - [TEST_STEP][PASSED] - z = getText(findTestObject(path + path2 + "Факт Потери за отчётный период " + dZONum)).replaceAll("\s+", ""): Text of object 'Object Repository/Выполнение бизнес-плана/Значения со страницы Выполнение бизнес-плана/Table Data/Факт Потери за отчётный период 7' is: '3 091 910'

02-12-2024T06:58:39 - [MESSAGE][PASSED] - Text of object 'Object Repository/Выполнение бизнес-плана/Значения со страницы Выполнение бизнес-плана/Table Data/Факт Потери за отчётный период 7' is: '3 091 910'

02-12-2024T06:58:39 - [TEST_STEP][PASSED] - x = x + "/" + z: null

02-12-2024T06:58:39 - [TEST_STEP][PASSED] - z = getText(findTestObject(path + path2 + "План Отпуск в сеть за отчётный период " + dZONum)).replaceAll("\s+", ""): Text of object 'Object Repository/Выполнение бизнес-плана/Значения со страницы Выполнение бизнес-плана/Table Data/План Отпуск в сеть за отчётный период 7' is: '44 041 851'

02-12-2024T06:58:39 - [MESSAGE][PASSED] - Text of object 'Object Repository/Выполнение бизнес-плана/Значения со страницы Выполнение бизнес-плана/Table Data/План Отпуск в сеть за отчётный период 7' is: '44 041 851'

02-12-2024T06:58:39 - [TEST_STEP][PASSED] - x = x + "/" + z: null

02-12-2024T06:58:39 - [TEST_STEP][PASSED] - z = getText(findTestObject(path + path2 + "План Отпуск из сети за отчётный период " + dZONum)).replaceAll("\s+", ""): Text of object 'Object Repository/Выполнение бизнес-плана/Значения со страницы Выполнение бизнес-плана/Table Data/План Отпуск из сети за отчётный период 7' is: '40 938 806'

02-12-2024T06:58:40 - [MESSAGE][PASSED] - Text of object 'Object Repository/Выполнение бизнес-плана/Значения со страницы Выполнение бизнес-плана/Table Data/План Отпуск из сети за отчётный период 7' is: '40 938 806'

02-12-2024T06:58:40 - [TEST_STEP][PASSED] - x = x + "/" + z: null

02-12-2024T06:58:40 - [TEST_STEP][PASSED] - z = getText(findTestObject(path + path2 + "План Потери за отчётный период " + dZONum)).replaceAll("\s+", ""): Text of object 'Object Repository/Выполнение бизнес-плана/Значения со страницы Выполнение бизнес-плана/Table Data/План Потери за отчётный период 7' is: '3 103 045'

02-12-2024T06:58:40 - [MESSAGE][PASSED] - Text of object 'Object Repository/Выполнение бизнес-плана/Значения со страницы Выполнение бизнес-плана/Table Data/План Потери за отчётный период 7' is: '3 103 045'

02-12-2024T06:58:40 - [TEST_STEP][PASSED] - x = x + "/" + z: null

02-12-2024T06:58:40 - [TEST_STEP][PASSED] - z = getText(findTestObject(path + "Список ДЗО")).replaceAll("[\r?
|
]", "/"): Text of object 'Object Repository/Выполнение бизнес-плана/Список ДЗО' is: '-0.07
3.72
3.84
-0.05
0.15
-0.50
-0.27
АО «Тываэнерго»
АО «Чеченэнерго»
Россети Северный Кавказ
Россети Сибирь
Россети Тюмень
Россети Центр (ГК)
Россети Центр и Приволжье (ГК)
-1
0
1
2
3
4
5
6
7'

02-12-2024T06:58:40 - [MESSAGE][PASSED] - Text of object 'Object Repository/Выполнение бизнес-плана/Список ДЗО' is: '-0.07
3.72
3.84
-0.05
0.15
-0.50
-0.27
АО «Тываэнерго»
АО «Чеченэнерго»
Россети Северный Кавказ
Россети Сибирь
Россети Тюмень
Россети Центр (ГК)
Россети Центр и Приволжье (ГК)
-1
0
1
2
3
4
5
6
7'

02-12-2024T06:58:40 - [TEST_STEP][PASSED] - for ([ii = 1, ii < dZONum, (ii++)]): null

02-12-2024T06:58:40 - [TEST_STEP][PASSED] - i1 = z.indexOf("/") + 1: null

02-12-2024T06:58:40 - [TEST_STEP][PASSED] - if (i1 > -1): null

02-12-2024T06:58:40 - [TEST_STEP][PASSED] - z = z.substring(i1, z.length()): null

02-12-2024T06:58:40 - [TEST_STEP][PASSED] - i1 = z.indexOf("/"): null

02-12-2024T06:58:40 - [TEST_STEP][PASSED] - i1 = z.indexOf("/") + 1: null

02-12-2024T06:58:40 - [TEST_STEP][PASSED] - if (i1 > -1): null

02-12-2024T06:58:40 - [TEST_STEP][PASSED] - z = z.substring(i1, z.length()): null

02-12-2024T06:58:40 - [TEST_STEP][PASSED] - i1 = z.indexOf("/"): null

02-12-2024T06:58:40 - [TEST_STEP][PASSED] - i1 = z.indexOf("/") + 1: null

02-12-2024T06:58:40 - [TEST_STEP][PASSED] - if (i1 > -1): null

02-12-2024T06:58:40 - [TEST_STEP][PASSED] - z = z.substring(i1, z.length()): null

02-12-2024T06:58:40 - [TEST_STEP][PASSED] - i1 = z.indexOf("/"): null

02-12-2024T06:58:40 - [TEST_STEP][PASSED] - i1 = z.indexOf("/") + 1: null

02-12-2024T06:58:40 - [TEST_STEP][PASSED] - if (i1 > -1): null

02-12-2024T06:58:40 - [TEST_STEP][PASSED] - z = z.substring(i1, z.length()): null

02-12-2024T06:58:40 - [TEST_STEP][PASSED] - i1 = z.indexOf("/"): null

02-12-2024T06:58:40 - [TEST_STEP][PASSED] - i1 = z.indexOf("/") + 1: null

02-12-2024T06:58:40 - [TEST_STEP][PASSED] - if (i1 > -1): null

02-12-2024T06:58:40 - [TEST_STEP][PASSED] - z = z.substring(i1, z.length()): null

02-12-2024T06:58:40 - [TEST_STEP][PASSED] - i1 = z.indexOf("/"): null

02-12-2024T06:58:40 - [TEST_STEP][PASSED] - i1 = z.indexOf("/") + 1: null

02-12-2024T06:58:40 - [TEST_STEP][PASSED] - if (i1 > -1): null

02-12-2024T06:58:40 - [TEST_STEP][PASSED] - z = z.substring(i1, z.length()): null

02-12-2024T06:58:40 - [TEST_STEP][PASSED] - i1 = z.indexOf("/"): null

02-12-2024T06:58:40 - [TEST_STEP][PASSED] - i1 = z.indexOf("/"): null

02-12-2024T06:58:40 - [TEST_STEP][PASSED] - if (i1 > -1): null

02-12-2024T06:58:40 - [TEST_STEP][PASSED] - z = z.substring(0, i1): null

02-12-2024T06:58:40 - [TEST_STEP][PASSED] - z = z.replace(",", "."): null

02-12-2024T06:58:40 - [TEST_STEP][PASSED] - println(z): null

02-12-2024T06:58:40 - [TEST_STEP][PASSED] - x = x + "/" + z: null

02-12-2024T06:58:40 - [TEST_STEP][PASSED] - x = x.replaceAll("[\r?
|
]", ""): null

02-12-2024T06:58:40 - [TEST_STEP][PASSED] - println(x): null

02-12-2024T06:58:40 - [TEST_STEP][PASSED] - return x: null

02-12-2024T06:58:40 - [TEST_STEP][PASSED] - println("cIPR: " + cIPR): null

02-12-2024T06:58:40 - [TEST_STEP][PASSED] - i = VseDZO.indexOf("Юг"): null

02-12-2024T06:58:40 - [TEST_STEP][PASSED] - if (i > -1): null

02-12-2024T06:58:40 - [TEST_STEP][PASSED] - else: null

02-12-2024T06:58:40 - [TEST_STEP][PASSED] - ugR = ugR + "нет данных/нет данных/нет данных/нет данных/нет данных/нет данных/нет данных/нет данных/нет данных": null

02-12-2024T06:58:40 - [TEST_STEP][PASSED] - println("ugR: " + ugR): null

02-12-2024T06:58:40 - [TEST_STEP][PASSED] - i = VseDZO.indexOf("Янтарь"): null

02-12-2024T06:58:40 - [TEST_STEP][PASSED] - if (i > -1): null

02-12-2024T06:58:40 - [TEST_STEP][PASSED] - else: null

02-12-2024T06:58:40 - [TEST_STEP][PASSED] - yR = yR + "нет данных/нет данных/нет данных/нет данных/нет данных/нет данных/нет данных/нет данных/нет данных": null

02-12-2024T06:58:40 - [TEST_STEP][PASSED] - println("yR: " + yR): null

02-12-2024T06:58:40 - [TEST_STEP][PASSED] - blockNum = 2: null

02-12-2024T06:58:40 - [TEST_STEP][PASSED] - path = "Object Repository/Выполнение бизнес-плана/Выполнение бизнес-плана Балансы/": null

02-12-2024T06:58:40 - [TEST_STEP][PASSED] - Script1719299571342.Presettings(blockNum, path): null

02-12-2024T06:58:40 - [TEST_STEP][PASSED] - blockNumber = <not implemented yet for class: org.codehaus.groovy.ast.expr.EmptyExpression>: null

02-12-2024T06:58:40 - [TEST_STEP][PASSED] - urlText = <not implemented yet for class: org.codehaus.groovy.ast.expr.EmptyExpression>: null

02-12-2024T06:58:40 - [TEST_STEP][PASSED] - searchWord = <not implemented yet for class: org.codehaus.groovy.ast.expr.EmptyExpression>: null

02-12-2024T06:58:40 - [TEST_STEP][PASSED] - i = <not implemented yet for class: org.codehaus.groovy.ast.expr.EmptyExpression>: null

02-12-2024T06:58:40 - [TEST_STEP][PASSED] - ii = <not implemented yet for class: org.codehaus.groovy.ast.expr.EmptyExpression>: null

02-12-2024T06:58:40 - [TEST_STEP][PASSED] - openBrowser(""): Browser is opened with url: ''

02-12-2024T06:58:40 - [MESSAGE][WARNING] - A browser is already opened. Closing browser and opening a new one

02-12-2024T06:58:41 - [MESSAGE][INFO] - Starting 'Chrome' driver

02-12-2024T06:58:41 - [MESSAGE][INFO] - Action delay is set to 0 milliseconds

02-12-2024T06:58:41 - [MESSAGE][PASSED] - Browser is opened with url: ''

02-12-2024T06:58:41 - [TEST_STEP][PASSED] - if (blockNum == 1): null

02-12-2024T06:58:41 - [TEST_STEP][PASSED] - else: null

02-12-2024T06:58:41 - [TEST_STEP][PASSED] - path = "Object Repository/Выполнение бизнес-плана/Выполнение бизнес-плана Балансы/": null

02-12-2024T06:58:41 - [TEST_STEP][PASSED] - blockNumber = 4: null

02-12-2024T06:58:41 - [TEST_STEP][PASSED] - navigateToUrl(findTestData("PlanFact").getValue(10, blockNumber)): Navigate to 'https://bi.rosseti.digital/viewer?dashboardGuid=5ed11b2f4eb2434fa5c5ff1537a71532&sheetGuid=0d90a67b6f664f58b2e6cf8ff5d9a66c&fit=true' successfully

02-12-2024T06:58:46 - [MESSAGE][PASSED] - Navigate to 'https://bi.rosseti.digital/viewer?dashboardGuid=5ed11b2f4eb2434fa5c5ff1537a71532&sheetGuid=0d90a67b6f664f58b2e6cf8ff5d9a66c&fit=true' successfully

02-12-2024T06:58:46 - [TEST_STEP][PASSED] - urlText = getText(findTestObject("Страница авторизации/Text")): Text of object 'Object Repository/Страница авторизации/Text' is: 'Вход'

02-12-2024T06:58:50 - [MESSAGE][PASSED] - Text of object 'Object Repository/Страница авторизации/Text' is: 'Вход'

02-12-2024T06:58:50 - [TEST_STEP][PASSED] - delay(10): Delayed 10 second(s)

02-12-2024T06:59:00 - [MESSAGE][PASSED] - Delayed 10 second(s)

02-12-2024T06:59:00 - [TEST_STEP][PASSED] - searchWord = "Вход": null

02-12-2024T06:59:00 - [TEST_STEP][PASSED] - if (urlText.contains(searchWord) == false): null

02-12-2024T06:59:00 - [TEST_STEP][PASSED] - setText(findTestObject("Страница авторизации/input__username"), findTestData("PlanFact").getValue(8, 1)): Text 'liazgina-di' is set on object 'Object Repository/Страница авторизации/input__username'

02-12-2024T06:59:00 - [MESSAGE][PASSED] - Text 'liazgina-di' is set on object 'Object Repository/Страница авторизации/input__username'

02-12-2024T06:59:00 - [TEST_STEP][PASSED] - setText(findTestObject("Страница авторизации/input__password"), findTestData("PlanFact").getValue(9, 1)): Text ')$%5srZ8o688Dm#q' is set on object 'Object Repository/Страница авторизации/input__password'

02-12-2024T06:59:01 - [MESSAGE][PASSED] - Text ')$%5srZ8o688Dm#q' is set on object 'Object Repository/Страница авторизации/input__password'

02-12-2024T06:59:01 - [TEST_STEP][PASSED] - click(findTestObject("Страница авторизации/button_")): Object: 'Object Repository/Страница авторизации/button_' is clicked on

02-12-2024T06:59:03 - [MESSAGE][PASSED] - Object: 'Object Repository/Страница авторизации/button_' is clicked on

02-12-2024T06:59:03 - [TEST_STEP][PASSED] - delay(50): Delayed 50 second(s)

02-12-2024T06:59:53 - [MESSAGE][PASSED] - Delayed 50 second(s)

02-12-2024T06:59:53 - [TEST_STEP][PASSED] - searchWord = "ДЗО": null

02-12-2024T06:59:53 - [TEST_STEP][PASSED] - urlText = getText(findTestObject("Страница авторизации/Text")): Text of object 'Object Repository/Страница авторизации/Text' is: 'ДЗО 
ПАО Россети - РаспредКомплекс - Россети Урал (ГК) - Свердловэнерго
Период
1, 2, 3 кв., Октябрь 2024 года

Показатели баланса электроэнергии по ДЗО – Факт
24 739 145 0
23 768 762 0
970 383 0
Итого
п.п.
-0.05
-0.06
-0.04
-0.02
0
Итого
%
4.11 4.11
4.04 4.04
1
100

Выполнение бизнес-плана в части показателя «Уровень потерь электроэнергии»
Итого – Факт
Отпуск в сеть 24 739 145
Отпуск из сети 23 768 762
Потери 970 383
Статус данных
Просьба обратить внимание
— данные занесены не полностью
Показатели баланса электроэнергии по ДЗО – План
29 246 626 0
28 024 791 0
1 221 835 0
Факт
План
Итого – План
Отпуск в сеть 24 092 241
Отпуск из сети 23 119 085
Потери 973 156
Отклонения фактического уровня потерь от бизнес-плана, п.п. 
-0.10
Россети Урал (ГК)
-1
0
1
2
3
4
5
6
7
Уровень потерь электроэнергии 
Россети Урал (ГК)
0
10
20
30
40
50
60
70
4.02
|
3.92'

02-12-2024T07:00:24 - [MESSAGE][PASSED] - Text of object 'Object Repository/Страница авторизации/Text' is: 'ДЗО 
ПАО Россети - РаспредКомплекс - Россети Урал (ГК) - Свердловэнерго
Период
1, 2, 3 кв., Октябрь 2024 года

Показатели баланса электроэнергии по ДЗО – Факт
24 739 145 0
23 768 762 0
970 383 0
Итого
п.п.
-0.05
-0.06
-0.04
-0.02
0
Итого
%
4.11 4.11
4.04 4.04
1
100

Выполнение бизнес-плана в части показателя «Уровень потерь электроэнергии»
Итого – Факт
Отпуск в сеть 24 739 145
Отпуск из сети 23 768 762
Потери 970 383
Статус данных
Просьба обратить внимание
— данные занесены не полностью
Показатели баланса электроэнергии по ДЗО – План
29 246 626 0
28 024 791 0
1 221 835 0
Факт
План
Итого – План
Отпуск в сеть 24 092 241
Отпуск из сети 23 119 085
Потери 973 156
Отклонения фактического уровня потерь от бизнес-плана, п.п. 
-0.10
Россети Урал (ГК)
-1
0
1
2
3
4
5
6
7
Уровень потерь электроэнергии 
Россети Урал (ГК)
0
10
20
30
40
50
60
70
4.02
|
3.92'

02-12-2024T07:00:24 - [TEST_STEP][PASSED] - if (urlText.contains("ошибка") || urlText.contains(searchWord) == false): null

02-12-2024T07:00:24 - [TEST_STEP][PASSED] - Script1719299571342.ZakrytOpoveshenie(): null

02-12-2024T07:00:24 - [TEST_STEP][PASSED] - opoveshenie = getText(findTestObject("Выполнение бизнес-плана/Просьба обратить внимание")): Text of object 'Object Repository/Выполнение бизнес-плана/Просьба обратить внимание' is: 'Просьба обратить внимание'

02-12-2024T07:00:35 - [MESSAGE][PASSED] - Text of object 'Object Repository/Выполнение бизнес-плана/Просьба обратить внимание' is: 'Просьба обратить внимание'

02-12-2024T07:00:35 - [TEST_STEP][PASSED] - if (opoveshenie == "Просьба обратить внимание"): Object: 'Object Repository/Выполнение бизнес-плана/Закрыть оповещение' is clicked on

02-12-2024T07:00:35 - [TEST_STEP][PASSED] - click(findTestObject("Выполнение бизнес-плана/Закрыть оповещение")): Object: 'Object Repository/Выполнение бизнес-плана/Закрыть оповещение' is clicked on

02-12-2024T07:00:35 - [MESSAGE][PASSED] - Object: 'Object Repository/Выполнение бизнес-плана/Закрыть оповещение' is clicked on

02-12-2024T07:00:35 - [TEST_STEP][PASSED] - click(findTestObject(path + "Фильтр Дата")): Object: 'Object Repository/Выполнение бизнес-плана/Выполнение бизнес-плана Балансы/Фильтр Дата' is clicked on

02-12-2024T07:00:36 - [MESSAGE][PASSED] - Object: 'Object Repository/Выполнение бизнес-плана/Выполнение бизнес-плана Балансы/Фильтр Дата' is clicked on

02-12-2024T07:00:36 - [TEST_STEP][PASSED] - click(findTestObject(path + "Снять выделение в фильтре Дата")): Object: 'Object Repository/Выполнение бизнес-плана/Выполнение бизнес-плана Балансы/Снять выделение в фильтре Дата' is clicked on

02-12-2024T07:00:36 - [MESSAGE][PASSED] - Object: 'Object Repository/Выполнение бизнес-плана/Выполнение бизнес-плана Балансы/Снять выделение в фильтре Дата' is clicked on

02-12-2024T07:00:36 - [TEST_STEP][PASSED] - click(findTestObject(path + "Применить в фильтре Дата")): Object: 'Object Repository/Выполнение бизнес-плана/Выполнение бизнес-плана Балансы/Применить в фильтре Дата' is clicked on

02-12-2024T07:00:37 - [MESSAGE][PASSED] - Object: 'Object Repository/Выполнение бизнес-плана/Выполнение бизнес-плана Балансы/Применить в фильтре Дата' is clicked on

02-12-2024T07:00:37 - [TEST_STEP][PASSED] - delay(50): Delayed 50 second(s)

02-12-2024T07:01:27 - [MESSAGE][PASSED] - Delayed 50 second(s)

02-12-2024T07:01:27 - [TEST_STEP][PASSED] - Script1719299571342.ZakrytOpoveshenie(): null

02-12-2024T07:01:27 - [TEST_STEP][PASSED] - opoveshenie = getText(findTestObject("Выполнение бизнес-плана/Просьба обратить внимание")): Text of object 'Object Repository/Выполнение бизнес-плана/Просьба обратить внимание' is: 'Просьба обратить внимание'

02-12-2024T07:01:28 - [MESSAGE][PASSED] - Text of object 'Object Repository/Выполнение бизнес-плана/Просьба обратить внимание' is: 'Просьба обратить внимание'

02-12-2024T07:01:28 - [TEST_STEP][PASSED] - if (opoveshenie == "Просьба обратить внимание"): Object: 'Object Repository/Выполнение бизнес-плана/Закрыть оповещение' is clicked on

02-12-2024T07:01:28 - [TEST_STEP][PASSED] - click(findTestObject("Выполнение бизнес-плана/Закрыть оповещение")): Object: 'Object Repository/Выполнение бизнес-плана/Закрыть оповещение' is clicked on

02-12-2024T07:01:28 - [MESSAGE][PASSED] - Object: 'Object Repository/Выполнение бизнес-плана/Закрыть оповещение' is clicked on

02-12-2024T07:01:28 - [TEST_STEP][PASSED] - click(findTestObject(path + "Фильтр Дата")): Object: 'Object Repository/Выполнение бизнес-плана/Выполнение бизнес-плана Балансы/Фильтр Дата' is clicked on

02-12-2024T07:01:28 - [MESSAGE][PASSED] - Object: 'Object Repository/Выполнение бизнес-плана/Выполнение бизнес-плана Балансы/Фильтр Дата' is clicked on

02-12-2024T07:01:28 - [TEST_STEP][PASSED] - scrollToElement(findTestObject(path + "2024 список"), 30): Scroll to object 'Object Repository/Выполнение бизнес-плана/Выполнение бизнес-плана Балансы/2024 список' successfully

02-12-2024T07:01:29 - [MESSAGE][PASSED] - Scroll to object 'Object Repository/Выполнение бизнес-плана/Выполнение бизнес-плана Балансы/2024 список' successfully

02-12-2024T07:01:29 - [TEST_STEP][PASSED] - click(findTestObject(path + "2024 список")): Object: 'Object Repository/Выполнение бизнес-плана/Выполнение бизнес-плана Балансы/2024 список' is clicked on

02-12-2024T07:01:29 - [MESSAGE][PASSED] - Object: 'Object Repository/Выполнение бизнес-плана/Выполнение бизнес-плана Балансы/2024 список' is clicked on

02-12-2024T07:01:29 - [TEST_STEP][PASSED] - scrollToElement(findTestObject(path + "1 квартал 2024 список"), 30): Scroll to object 'Object Repository/Выполнение бизнес-плана/Выполнение бизнес-плана Балансы/1 квартал 2024 список' successfully

02-12-2024T07:01:30 - [MESSAGE][PASSED] - Scroll to object 'Object Repository/Выполнение бизнес-плана/Выполнение бизнес-плана Балансы/1 квартал 2024 список' successfully

02-12-2024T07:01:30 - [TEST_STEP][PASSED] - click(findTestObject(path + "1 квартал 2024 список")): Object: 'Object Repository/Выполнение бизнес-плана/Выполнение бизнес-плана Балансы/1 квартал 2024 список' is clicked on

02-12-2024T07:01:30 - [MESSAGE][PASSED] - Object: 'Object Repository/Выполнение бизнес-плана/Выполнение бизнес-плана Балансы/1 квартал 2024 список' is clicked on

02-12-2024T07:01:30 - [TEST_STEP][PASSED] - click(findTestObject(path + "Январь 2024")): Object: 'Object Repository/Выполнение бизнес-плана/Выполнение бизнес-плана Балансы/Январь 2024' is clicked on

02-12-2024T07:01:30 - [MESSAGE][PASSED] - Object: 'Object Repository/Выполнение бизнес-плана/Выполнение бизнес-плана Балансы/Январь 2024' is clicked on

02-12-2024T07:01:30 - [TEST_STEP][PASSED] - click(findTestObject(path + "Февраль 2024")): Object: 'Object Repository/Выполнение бизнес-плана/Выполнение бизнес-плана Балансы/Февраль 2024' is clicked on

02-12-2024T07:01:31 - [MESSAGE][PASSED] - Object: 'Object Repository/Выполнение бизнес-плана/Выполнение бизнес-плана Балансы/Февраль 2024' is clicked on

02-12-2024T07:01:31 - [TEST_STEP][PASSED] - click(findTestObject(path + "Март 2024")): Object: 'Object Repository/Выполнение бизнес-плана/Выполнение бизнес-плана Балансы/Март 2024' is clicked on

02-12-2024T07:01:31 - [MESSAGE][PASSED] - Object: 'Object Repository/Выполнение бизнес-плана/Выполнение бизнес-плана Балансы/Март 2024' is clicked on

02-12-2024T07:01:31 - [TEST_STEP][PASSED] - scrollToElement(findTestObject(path + "2 квартал 2024"), 30): Scroll to object 'Object Repository/Выполнение бизнес-плана/Выполнение бизнес-плана Балансы/2 квартал 2024' successfully

02-12-2024T07:01:32 - [MESSAGE][PASSED] - Scroll to object 'Object Repository/Выполнение бизнес-плана/Выполнение бизнес-плана Балансы/2 квартал 2024' successfully

02-12-2024T07:01:32 - [TEST_STEP][PASSED] - click(findTestObject(path + "2 квартал 2024")): Object: 'Object Repository/Выполнение бизнес-плана/Выполнение бизнес-плана Балансы/2 квартал 2024' is clicked on

02-12-2024T07:01:32 - [MESSAGE][PASSED] - Object: 'Object Repository/Выполнение бизнес-плана/Выполнение бизнес-плана Балансы/2 квартал 2024' is clicked on

02-12-2024T07:01:32 - [TEST_STEP][PASSED] - scrollToElement(findTestObject(path + "3 квартал 2024 список"), 30): Scroll to object 'Object Repository/Выполнение бизнес-плана/Выполнение бизнес-плана Балансы/3 квартал 2024 список' successfully

02-12-2024T07:01:33 - [MESSAGE][PASSED] - Scroll to object 'Object Repository/Выполнение бизнес-плана/Выполнение бизнес-плана Балансы/3 квартал 2024 список' successfully

02-12-2024T07:01:33 - [TEST_STEP][PASSED] - click(findTestObject(path + "3 квартал 2024")): Object: 'Object Repository/Выполнение бизнес-плана/Выполнение бизнес-плана Балансы/3 квартал 2024' is clicked on

02-12-2024T07:01:33 - [MESSAGE][PASSED] - Object: 'Object Repository/Выполнение бизнес-плана/Выполнение бизнес-плана Балансы/3 квартал 2024' is clicked on

02-12-2024T07:01:33 - [TEST_STEP][PASSED] - scrollToElement(findTestObject(path + "4 квартал 2024 список"), 30): Scroll to object 'Object Repository/Выполнение бизнес-плана/Выполнение бизнес-плана Балансы/4 квартал 2024 список' successfully

02-12-2024T07:01:34 - [MESSAGE][PASSED] - Scroll to object 'Object Repository/Выполнение бизнес-плана/Выполнение бизнес-плана Балансы/4 квартал 2024 список' successfully

02-12-2024T07:01:34 - [TEST_STEP][PASSED] - click(findTestObject(path + "4 квартал 2024 список")): Object: 'Object Repository/Выполнение бизнес-плана/Выполнение бизнес-плана Балансы/4 квартал 2024 список' is clicked on

02-12-2024T07:01:34 - [MESSAGE][PASSED] - Object: 'Object Repository/Выполнение бизнес-плана/Выполнение бизнес-плана Балансы/4 квартал 2024 список' is clicked on

02-12-2024T07:01:34 - [TEST_STEP][PASSED] - scrollToElement(findTestObject(path + "Октябрь 2024"), 30): Scroll to object 'Object Repository/Выполнение бизнес-плана/Выполнение бизнес-плана Балансы/Октябрь 2024' successfully

02-12-2024T07:01:34 - [MESSAGE][PASSED] - Scroll to object 'Object Repository/Выполнение бизнес-плана/Выполнение бизнес-плана Балансы/Октябрь 2024' successfully

02-12-2024T07:01:34 - [TEST_STEP][PASSED] - click(findTestObject(path + "Октябрь 2024")): Object: 'Object Repository/Выполнение бизнес-плана/Выполнение бизнес-плана Балансы/Октябрь 2024' is clicked on

02-12-2024T07:01:35 - [MESSAGE][PASSED] - Object: 'Object Repository/Выполнение бизнес-плана/Выполнение бизнес-плана Балансы/Октябрь 2024' is clicked on

02-12-2024T07:01:35 - [TEST_STEP][PASSED] - scrollToElement(findTestObject(path + "Заголовок дашборда"), 30): Scroll to object 'Object Repository/Выполнение бизнес-плана/Выполнение бизнес-плана Балансы/Заголовок дашборда' successfully

02-12-2024T07:01:35 - [MESSAGE][PASSED] - Scroll to object 'Object Repository/Выполнение бизнес-плана/Выполнение бизнес-плана Балансы/Заголовок дашборда' successfully

02-12-2024T07:01:35 - [TEST_STEP][PASSED] - click(findTestObject(path + "Применить в фильтре Дата")): Object: 'Object Repository/Выполнение бизнес-плана/Выполнение бизнес-плана Балансы/Применить в фильтре Дата' is clicked on

02-12-2024T07:01:36 - [MESSAGE][PASSED] - Object: 'Object Repository/Выполнение бизнес-плана/Выполнение бизнес-плана Балансы/Применить в фильтре Дата' is clicked on

02-12-2024T07:01:36 - [TEST_STEP][PASSED] - delay(30): Delayed 30 second(s)

02-12-2024T07:02:06 - [MESSAGE][PASSED] - Delayed 30 second(s)

02-12-2024T07:02:06 - [TEST_STEP][PASSED] - Script1719299571342.ZakrytOpoveshenie(): null

02-12-2024T07:02:06 - [TEST_STEP][PASSED] - opoveshenie = getText(findTestObject("Выполнение бизнес-плана/Просьба обратить внимание")): Text of object 'Object Repository/Выполнение бизнес-плана/Просьба обратить внимание' is: 'Просьба обратить внимание'

02-12-2024T07:02:11 - [MESSAGE][PASSED] - Text of object 'Object Repository/Выполнение бизнес-плана/Просьба обратить внимание' is: 'Просьба обратить внимание'

02-12-2024T07:02:11 - [TEST_STEP][PASSED] - if (opoveshenie == "Просьба обратить внимание"): Object: 'Object Repository/Выполнение бизнес-плана/Закрыть оповещение' is clicked on

02-12-2024T07:02:11 - [TEST_STEP][PASSED] - click(findTestObject("Выполнение бизнес-плана/Закрыть оповещение")): Object: 'Object Repository/Выполнение бизнес-плана/Закрыть оповещение' is clicked on

02-12-2024T07:02:12 - [MESSAGE][PASSED] - Object: 'Object Repository/Выполнение бизнес-плана/Закрыть оповещение' is clicked on

02-12-2024T07:02:12 - [TEST_STEP][PASSED] - click(findTestObject(path + "Фильтр ДЗО")): Object: 'Object Repository/Выполнение бизнес-плана/Выполнение бизнес-плана Балансы/Фильтр ДЗО' is clicked on

02-12-2024T07:02:12 - [MESSAGE][PASSED] - Object: 'Object Repository/Выполнение бизнес-плана/Выполнение бизнес-плана Балансы/Фильтр ДЗО' is clicked on

02-12-2024T07:02:12 - [TEST_STEP][PASSED] - click(findTestObject(path + "Снять выделение в фильтре ДЗО")): Object: 'Object Repository/Выполнение бизнес-плана/Выполнение бизнес-плана Балансы/Снять выделение в фильтре ДЗО' is clicked on

02-12-2024T07:02:13 - [MESSAGE][PASSED] - Object: 'Object Repository/Выполнение бизнес-плана/Выполнение бизнес-плана Балансы/Снять выделение в фильтре ДЗО' is clicked on

02-12-2024T07:02:13 - [TEST_STEP][PASSED] - click(findTestObject(path + "ПАО Россети")): Object: 'Object Repository/Выполнение бизнес-плана/Выполнение бизнес-плана Балансы/ПАО Россети' is clicked on

02-12-2024T07:02:13 - [MESSAGE][PASSED] - Object: 'Object Repository/Выполнение бизнес-плана/Выполнение бизнес-плана Балансы/ПАО Россети' is clicked on

02-12-2024T07:02:13 - [TEST_STEP][PASSED] - click(findTestObject(path + "Применить в фильтре ДЗО")): Object: 'Object Repository/Выполнение бизнес-плана/Выполнение бизнес-плана Балансы/Применить в фильтре ДЗО' is clicked on

02-12-2024T07:02:14 - [MESSAGE][PASSED] - Object: 'Object Repository/Выполнение бизнес-плана/Выполнение бизнес-плана Балансы/Применить в фильтре ДЗО' is clicked on

02-12-2024T07:02:14 - [TEST_STEP][PASSED] - delay(30): Delayed 30 second(s)

02-12-2024T07:02:44 - [MESSAGE][PASSED] - Delayed 30 second(s)

02-12-2024T07:02:44 - [TEST_STEP][PASSED] - pRB = GetAllPAOData(path, dZONum, VseDZO, z = "ПАО Россети/"): null

02-12-2024T07:02:44 - [TEST_STEP][PASSED] - path2 = "Значения со страницы Выполнение бизнес-плана/Table Data/": null

02-12-2024T07:02:44 - [TEST_STEP][PASSED] - ii = <not implemented yet for class: org.codehaus.groovy.ast.expr.EmptyExpression>: null

02-12-2024T07:02:44 - [TEST_STEP][PASSED] - i1 = <not implemented yet for class: org.codehaus.groovy.ast.expr.EmptyExpression>: null

02-12-2024T07:02:44 - [TEST_STEP][PASSED] - z = <not implemented yet for class: org.codehaus.groovy.ast.expr.EmptyExpression>: null

02-12-2024T07:02:44 - [TEST_STEP][PASSED] - z1 = <not implemented yet for class: org.codehaus.groovy.ast.expr.EmptyExpression>: null

02-12-2024T07:02:44 - [TEST_STEP][PASSED] - println("path: " + path): null

02-12-2024T07:02:44 - [TEST_STEP][PASSED] - z = getText(findTestObject(path + "Итого")).replaceAll("[\r?
|
]", "/"): Text of object 'Object Repository/Выполнение бизнес-плана/Выполнение бизнес-плана Балансы/Итого' is: 'Итого
%
5.78 5.78
7.98 7.98
1
100'

02-12-2024T07:02:44 - [MESSAGE][PASSED] - Text of object 'Object Repository/Выполнение бизнес-плана/Выполнение бизнес-плана Балансы/Итого' is: 'Итого
%
5.78 5.78
7.98 7.98
1
100'

02-12-2024T07:02:44 - [TEST_STEP][PASSED] - ii = z.indexOf("%") + 2: null

02-12-2024T07:02:44 - [TEST_STEP][PASSED] - if (ii > -1): null

02-12-2024T07:02:44 - [TEST_STEP][PASSED] - z = z.substring(ii, z.length()): null

02-12-2024T07:02:44 - [TEST_STEP][PASSED] - println(z): null

02-12-2024T07:02:44 - [TEST_STEP][PASSED] - ii = z.indexOf("/1/100") - 1: null

02-12-2024T07:02:44 - [TEST_STEP][PASSED] - if (ii > -1): null

02-12-2024T07:02:44 - [TEST_STEP][PASSED] - z = z.substring(0, ii): null

02-12-2024T07:02:44 - [TEST_STEP][PASSED] - println(z): null

02-12-2024T07:02:44 - [TEST_STEP][PASSED] - ii = z.indexOf("План"): null

02-12-2024T07:02:44 - [TEST_STEP][PASSED] - if (ii > -1): null

02-12-2024T07:02:44 - [TEST_STEP][PASSED] - ii = z.indexOf("/") + 1: null

02-12-2024T07:02:44 - [TEST_STEP][PASSED] - z1 = z.substring(0, ii): null

02-12-2024T07:02:44 - [TEST_STEP][PASSED] - println(z1): null

02-12-2024T07:02:44 - [TEST_STEP][PASSED] - z = z.substring(ii, z.length()): null

02-12-2024T07:02:44 - [TEST_STEP][PASSED] - println(z): null

02-12-2024T07:02:44 - [TEST_STEP][PASSED] - ii = z1.length() / 2: null

02-12-2024T07:02:44 - [TEST_STEP][PASSED] - z1 = replaceAll("[\r?
|
]", "/").trim(): null

02-12-2024T07:02:44 - [TEST_STEP][PASSED] - println(z1): null

02-12-2024T07:02:44 - [TEST_STEP][PASSED] - ii = z.length() / 2: null

02-12-2024T07:02:44 - [TEST_STEP][PASSED] - z = replace("/", "").trim(): null

02-12-2024T07:02:44 - [TEST_STEP][PASSED] - println(z): null

02-12-2024T07:02:44 - [TEST_STEP][PASSED] - x = x + z1 + "/" + z: null

02-12-2024T07:02:44 - [TEST_STEP][PASSED] - println(x): null

02-12-2024T07:02:44 - [TEST_STEP][FAILED] - if (verifyElementPresent(findTestObject(path + "Таблица Итого-Факт"), 30)): Unable to verify object is present (Root cause: com.kms.katalon.core.exception.StepFailedException: Unable to verify object is present
	at com.kms.katalon.core.webui.keyword.internal.WebUIKeywordMain.stepFailed(WebUIKeywordMain.groovy:64)
	at com.kms.katalon.core.webui.keyword.internal.WebUIKeywordMain.runKeyword(WebUIKeywordMain.groovy:26)
	at com.kms.katalon.core.webui.keyword.builtin.VerifyElementPresentKeyword.verifyElementPresent(VerifyElementPresentKeyword.groovy:92)
	at com.kms.katalon.core.webui.keyword.builtin.VerifyElementPresentKeyword.execute(VerifyElementPresentKeyword.groovy:68)
	at com.kms.katalon.core.keyword.internal.KeywordExecutor.executeKeywordForPlatform(KeywordExecutor.groovy:74)
	at com.kms.katalon.core.webui.keyword.WebUiBuiltInKeywords.verifyElementPresent(WebUiBuiltInKeywords.groovy:1503)
	at Выполнение бизнес-плана сверка дашбордов.GetAllPAOData(Выполнение бизнес-плана сверка дашбордов:862)
	at Выполнение бизнес-плана сверка дашбордов.run(Выполнение бизнес-плана сверка дашбордов:362)
	at com.kms.katalon.core.main.ScriptEngine.run(ScriptEngine.java:194)
	at com.kms.katalon.core.main.ScriptEngine.runScriptAsRawText(ScriptEngine.java:119)
	at com.kms.katalon.core.main.TestCaseExecutor.runScript(TestCaseExecutor.java:448)
	at com.kms.katalon.core.main.TestCaseExecutor.doExecute(TestCaseExecutor.java:439)
	at com.kms.katalon.core.main.TestCaseExecutor.processExecutionPhase(TestCaseExecutor.java:418)
	at com.kms.katalon.core.main.TestCaseExecutor.accessMainPhase(TestCaseExecutor.java:410)
	at com.kms.katalon.core.main.TestCaseExecutor.execute(TestCaseExecutor.java:285)
	at com.kms.katalon.core.common.CommonExecutor.accessTestCaseMainPhase(CommonExecutor.java:65)
	at com.kms.katalon.core.main.TestSuiteExecutor.accessTestSuiteMainPhase(TestSuiteExecutor.java:150)
	at com.kms.katalon.core.main.TestSuiteExecutor.execute(TestSuiteExecutor.java:106)
	at com.kms.katalon.core.main.TestCaseMain.startTestSuite(TestCaseMain.java:180)
	at TempTestSuite1733111659562.run(TempTestSuite1733111659562.groovy:35)
	at java.base/jdk.internal.reflect.NativeMethodAccessorImpl.invoke0(Native Method)
	at java.base/jdk.internal.reflect.NativeMethodAccessorImpl.invoke(NativeMethodAccessorImpl.java:77)
	at java.base/jdk.internal.reflect.DelegatingMethodAccessorImpl.invoke(DelegatingMethodAccessorImpl.java:43)
Caused by: java.lang.IllegalArgumentException: Object is null
	at com.kms.katalon.core.helper.KeywordHelper.checkTestObjectParameter(KeywordHelper.java:33)
	at com.kms.katalon.core.webui.keyword.builtin.VerifyElementPresentKeyword$_verifyElementPresent_closure1.doCall(VerifyElementPresentKeyword.groovy:76)
	at com.kms.katalon.core.webui.keyword.builtin.VerifyElementPresentKeyword$_verifyElementPresent_closure1.call(VerifyElementPresentKeyword.groovy)
	at com.kms.katalon.core.webui.keyword.internal.WebUIKeywordMain.runKeyword(WebUIKeywordMain.groovy:20)
	at com.kms.katalon.core.webui.keyword.builtin.VerifyElementPresentKeyword.verifyElementPresent(VerifyElementPresentKeyword.groovy:92)
	at com.kms.katalon.core.webui.keyword.builtin.VerifyElementPresentKeyword.execute(VerifyElementPresentKeyword.groovy:68)
	at com.kms.katalon.core.keyword.internal.KeywordExecutor.executeKeywordForPlatform(KeywordExecutor.groovy:74)
	at com.kms.katalon.core.webui.keyword.WebUiBuiltInKeywords.verifyElementPresent(WebUiBuiltInKeywords.groovy:1503)
	at Script1719299571342.GetAllPAOData(Script1719299571342.groovy:862)
	at Script1719299571342.run(Script1719299571342.groovy:362)
	... 15 more
)

02-12-2024T07:02:44 - [MESSAGE][WARNING] - Test object with id 'Object Repository/Выполнение бизнес-плана/Выполнение бизнес-плана Балансы/Таблица Итого-Факт' does not exist

02-12-2024T07:02:45 - [MESSAGE][WARNING] - Test object with id 'Object Repository/' does not exist

02-12-2024T07:02:45 - [MESSAGE][FAILED] - Unable to verify object is present (Root cause: com.kms.katalon.core.exception.StepFailedException: Unable to verify object is present
	at com.kms.katalon.core.webui.keyword.internal.WebUIKeywordMain.stepFailed(WebUIKeywordMain.groovy:64)
	at com.kms.katalon.core.webui.keyword.internal.WebUIKeywordMain.runKeyword(WebUIKeywordMain.groovy:26)
	at com.kms.katalon.core.webui.keyword.builtin.VerifyElementPresentKeyword.verifyElementPresent(VerifyElementPresentKeyword.groovy:92)
	at com.kms.katalon.core.webui.keyword.builtin.VerifyElementPresentKeyword.execute(VerifyElementPresentKeyword.groovy:68)
	at com.kms.katalon.core.keyword.internal.KeywordExecutor.executeKeywordForPlatform(KeywordExecutor.groovy:74)
	at com.kms.katalon.core.webui.keyword.WebUiBuiltInKeywords.verifyElementPresent(WebUiBuiltInKeywords.groovy:1503)
	at Выполнение бизнес-плана сверка дашбордов.GetAllPAOData(Выполнение бизнес-плана сверка дашбордов:862)
	at Выполнение бизнес-плана сверка дашбордов.run(Выполнение бизнес-плана сверка дашбордов:362)
	at com.kms.katalon.core.main.ScriptEngine.run(ScriptEngine.java:194)
	at com.kms.katalon.core.main.ScriptEngine.runScriptAsRawText(ScriptEngine.java:119)
	at com.kms.katalon.core.main.TestCaseExecutor.runScript(TestCaseExecutor.java:448)
	at com.kms.katalon.core.main.TestCaseExecutor.doExecute(TestCaseExecutor.java:439)
	at com.kms.katalon.core.main.TestCaseExecutor.processExecutionPhase(TestCaseExecutor.java:418)
	at com.kms.katalon.core.main.TestCaseExecutor.accessMainPhase(TestCaseExecutor.java:410)
	at com.kms.katalon.core.main.TestCaseExecutor.execute(TestCaseExecutor.java:285)
	at com.kms.katalon.core.common.CommonExecutor.accessTestCaseMainPhase(CommonExecutor.java:65)
	at com.kms.katalon.core.main.TestSuiteExecutor.accessTestSuiteMainPhase(TestSuiteExecutor.java:150)
	at com.kms.katalon.core.main.TestSuiteExecutor.execute(TestSuiteExecutor.java:106)
	at com.kms.katalon.core.main.TestCaseMain.startTestSuite(TestCaseMain.java:180)
	at TempTestSuite1733111659562.run(TempTestSuite1733111659562.groovy:35)
	at java.base/jdk.internal.reflect.NativeMethodAccessorImpl.invoke0(Native Method)
	at java.base/jdk.internal.reflect.NativeMethodAccessorImpl.invoke(NativeMethodAccessorImpl.java:77)
	at java.base/jdk.internal.reflect.DelegatingMethodAccessorImpl.invoke(DelegatingMethodAccessorImpl.java:43)
Caused by: java.lang.IllegalArgumentException: Object is null
	at com.kms.katalon.core.helper.KeywordHelper.checkTestObjectParameter(KeywordHelper.java:33)
	at com.kms.katalon.core.webui.keyword.builtin.VerifyElementPresentKeyword$_verifyElementPresent_closure1.doCall(VerifyElementPresentKeyword.groovy:76)
	at com.kms.katalon.core.webui.keyword.builtin.VerifyElementPresentKeyword$_verifyElementPresent_closure1.call(VerifyElementPresentKeyword.groovy)
	at com.kms.katalon.core.webui.keyword.internal.WebUIKeywordMain.runKeyword(WebUIKeywordMain.groovy:20)
	at com.kms.katalon.core.webui.keyword.builtin.VerifyElementPresentKeyword.verifyElementPresent(VerifyElementPresentKeyword.groovy:92)
	at com.kms.katalon.core.webui.keyword.builtin.VerifyElementPresentKeyword.execute(VerifyElementPresentKeyword.groovy:68)
	at com.kms.katalon.core.keyword.internal.KeywordExecutor.executeKeywordForPlatform(KeywordExecutor.groovy:74)
	at com.kms.katalon.core.webui.keyword.WebUiBuiltInKeywords.verifyElementPresent(WebUiBuiltInKeywords.groovy:1503)
	at Script1719299571342.GetAllPAOData(Script1719299571342.groovy:862)
	at Script1719299571342.run(Script1719299571342.groovy:362)
	... 15 more
)
[[ATTACHMENT|C:\\Users\\LIAZGINA-DI\\git\\SPORU\\Reports\\20241202_065419\\\u041F\u043D-\u0421\u0440-\u041F\u0442\\\u0421\u0432\u0435\u0440\u043A\u0430 \u0434\u0430\u0448\u0431\u043E\u0440\u0434\u043E\u0432 \u0438\u0437 \u0440\u0430\u0437\u043D\u044B\u0445 \u0431\u043B\u043E\u043A\u043E\u0432\\20241202_065419\\1733112165003.png]]

02-12-2024T07:02:45 - [TEST_STEP][PASSED] - else: null

02-12-2024T07:02:45 - [TEST_STEP][PASSED] - z = getText(findTestObject(path + "Факт Отпуск в сеть за отчётный период ПАО Россети")).replaceAll("\s+", ""): Text of object 'Object Repository/Выполнение бизнес-плана/Выполнение бизнес-плана Балансы/Факт Отпуск в сеть за отчётный период ПАО Россети' is: '505 792 902'

02-12-2024T07:02:45 - [MESSAGE][PASSED] - Text of object 'Object Repository/Выполнение бизнес-плана/Выполнение бизнес-плана Балансы/Факт Отпуск в сеть за отчётный период ПАО Россети' is: '505 792 902'

02-12-2024T07:02:45 - [TEST_STEP][PASSED] - x = x + "/" + z: null

02-12-2024T07:02:45 - [TEST_STEP][PASSED] - z = getText(findTestObject(path + "Факт Отпуск из сети за отчётный период ПАО Россети")).replaceAll("\s+", ""): Text of object 'Object Repository/Выполнение бизнес-плана/Выполнение бизнес-плана Балансы/Факт Отпуск из сети за отчётный период ПАО Россети' is: '466 342 021'

02-12-2024T07:02:45 - [MESSAGE][PASSED] - Text of object 'Object Repository/Выполнение бизнес-плана/Выполнение бизнес-плана Балансы/Факт Отпуск из сети за отчётный период ПАО Россети' is: '466 342 021'

02-12-2024T07:02:45 - [TEST_STEP][PASSED] - x = x + "/" + z: null

02-12-2024T07:02:45 - [TEST_STEP][PASSED] - z = getText(findTestObject(path + "Факт Потери за отчётный период ПАО Россети")).replaceAll("\s+", ""): Text of object 'Object Repository/Выполнение бизнес-плана/Выполнение бизнес-плана Балансы/Факт Потери за отчётный период ПАО Россети' is: '39 450 881'

02-12-2024T07:02:46 - [MESSAGE][PASSED] - Text of object 'Object Repository/Выполнение бизнес-плана/Выполнение бизнес-плана Балансы/Факт Потери за отчётный период ПАО Россети' is: '39 450 881'

02-12-2024T07:02:46 - [TEST_STEP][PASSED] - x = x + "/" + z: null

02-12-2024T07:02:46 - [TEST_STEP][PASSED] - z = getText(findTestObject(path + "План Отпуск в сеть за отчётный период ПАО Россети")).replaceAll("\s+", ""): Text of object 'Object Repository/Выполнение бизнес-плана/Выполнение бизнес-плана Балансы/План Отпуск в сеть за отчётный период ПАО Россети' is: '990 453 279'

02-12-2024T07:02:46 - [MESSAGE][PASSED] - Text of object 'Object Repository/Выполнение бизнес-плана/Выполнение бизнес-плана Балансы/План Отпуск в сеть за отчётный период ПАО Россети' is: '990 453 279'

02-12-2024T07:02:46 - [TEST_STEP][PASSED] - x = x + "/" + z: null

02-12-2024T07:02:46 - [TEST_STEP][PASSED] - z = getText(findTestObject(path + "План Отпуск из сети за отчётный период ПАО Россети")).replaceAll("\s+", ""): Text of object 'Object Repository/Выполнение бизнес-плана/Выполнение бизнес-плана Балансы/План Отпуск из сети за отчётный период ПАО Россети' is: '933 890 278'

02-12-2024T07:02:46 - [MESSAGE][PASSED] - Text of object 'Object Repository/Выполнение бизнес-плана/Выполнение бизнес-плана Балансы/План Отпуск из сети за отчётный период ПАО Россети' is: '933 890 278'

02-12-2024T07:02:46 - [TEST_STEP][PASSED] - x = x + "/" + z: null

02-12-2024T07:02:46 - [TEST_STEP][PASSED] - z = getText(findTestObject(path + "План Потери за отчётный период ПАО Россети")).replaceAll("\s+", ""): Text of object 'Object Repository/Выполнение бизнес-плана/Выполнение бизнес-плана Балансы/План Потери за отчётный период ПАО Россети' is: '56 563 000'

02-12-2024T07:02:46 - [MESSAGE][PASSED] - Text of object 'Object Repository/Выполнение бизнес-плана/Выполнение бизнес-плана Балансы/План Потери за отчётный период ПАО Россети' is: '56 563 000'

02-12-2024T07:02:46 - [TEST_STEP][PASSED] - x = x + "/" + z: null

02-12-2024T07:02:46 - [TEST_STEP][PASSED] - return x: null

02-12-2024T07:02:46 - [TEST_STEP][PASSED] - println("pRB: " + pRB): null

02-12-2024T07:02:46 - [TEST_STEP][PASSED] - VseDZO = getText(findTestObject(path + "Список ДЗО")): Text of object 'Object Repository/Выполнение бизнес-плана/Выполнение бизнес-плана Балансы/Список ДЗО' is: '-0.21
-0.07
3.72
-0.38
-0.53
0.09
0.09
3.84
-0.41
-0.05
-0.01
0.15
-0.11
-0.50
-0.27
-0.45
-0.05
Россети ФСКЕЭС
АО«Тываэнерго»
АО«Чеченэнерго»
РоссетиВолга
РоссетиКубань
РоссетиЛенэнерго(ГК)
РоссетиМосковскийрегион
РоссетиСеверныйКавказ
РоссетиСеверо-Запад
РоссетиСибирь
РоссетиТомск
РоссетиТюмень
Россети Урал(ГК)
РоссетиЦентр (ГК)
РоссетиЦентр иПриволжье(ГК)
Россети Юг(ГК)
РоссетиЯнтарь
0
2
4
6
-2
8'

02-12-2024T07:02:47 - [MESSAGE][PASSED] - Text of object 'Object Repository/Выполнение бизнес-плана/Выполнение бизнес-плана Балансы/Список ДЗО' is: '-0.21
-0.07
3.72
-0.38
-0.53
0.09
0.09
3.84
-0.41
-0.05
-0.01
0.15
-0.11
-0.50
-0.27
-0.45
-0.05
Россети ФСКЕЭС
АО«Тываэнерго»
АО«Чеченэнерго»
РоссетиВолга
РоссетиКубань
РоссетиЛенэнерго(ГК)
РоссетиМосковскийрегион
РоссетиСеверныйКавказ
РоссетиСеверо-Запад
РоссетиСибирь
РоссетиТомск
РоссетиТюмень
Россети Урал(ГК)
РоссетиЦентр (ГК)
РоссетиЦентр иПриволжье(ГК)
Россети Юг(ГК)
РоссетиЯнтарь
0
2
4
6
-2
8'

02-12-2024T07:02:47 - [TEST_STEP][PASSED] - dZONum = 0: null

02-12-2024T07:02:47 - [TEST_STEP][PASSED] - i = VseDZO.indexOf("ЕЭС"): null

02-12-2024T07:02:47 - [TEST_STEP][PASSED] - if (i > -1): null

02-12-2024T07:02:47 - [TEST_STEP][PASSED] - dZONum = dZONum + 1: null

02-12-2024T07:02:47 - [TEST_STEP][PASSED] - fB = GetAllData(path, dZONum, VseDZO, x = "Россети ФСК ЕЭС/"): null

02-12-2024T07:02:47 - [TEST_STEP][PASSED] - ii = <not implemented yet for class: org.codehaus.groovy.ast.expr.EmptyExpression>: null

02-12-2024T07:02:47 - [TEST_STEP][PASSED] - i1 = <not implemented yet for class: org.codehaus.groovy.ast.expr.EmptyExpression>: null

02-12-2024T07:02:47 - [TEST_STEP][PASSED] - z = <not implemented yet for class: org.codehaus.groovy.ast.expr.EmptyExpression>: null

02-12-2024T07:02:47 - [TEST_STEP][PASSED] - path2 = "Значения со страницы Выполнение бизнес-плана/Table Data/": null

02-12-2024T07:02:47 - [TEST_STEP][PASSED] - println("path: " + path): null

02-12-2024T07:02:47 - [TEST_STEP][PASSED] - println("dZONum: " + dZONum): null

02-12-2024T07:02:47 - [TEST_STEP][PASSED] - z = getText(findTestObject(path + "spanPlan" + dZONum)): Text of object 'Object Repository/Выполнение бизнес-плана/Выполнение бизнес-плана Балансы/spanPlan1' is: '3.86
|'

02-12-2024T07:02:47 - [MESSAGE][PASSED] - Text of object 'Object Repository/Выполнение бизнес-плана/Выполнение бизнес-плана Балансы/spanPlan1' is: '3.86
|'

02-12-2024T07:02:47 - [TEST_STEP][PASSED] - println(z): null

02-12-2024T07:02:47 - [TEST_STEP][PASSED] - ii = z.indexOf("|"): null

02-12-2024T07:02:47 - [TEST_STEP][PASSED] - if (ii > -1): null

02-12-2024T07:02:47 - [TEST_STEP][PASSED] - z = z.substring(0, z.length() - 1): null

02-12-2024T07:02:47 - [TEST_STEP][PASSED] - println(z): null

02-12-2024T07:02:47 - [TEST_STEP][PASSED] - z = z.replaceAll("\s+", ""): null

02-12-2024T07:02:47 - [TEST_STEP][PASSED] - z = z.replace("[\r?
|
]", "/"): null

02-12-2024T07:02:47 - [TEST_STEP][PASSED] - println(z): null

02-12-2024T07:02:47 - [TEST_STEP][PASSED] - x = x + z: null

02-12-2024T07:02:47 - [TEST_STEP][PASSED] - z = getText(findTestObject(path + "spanFact" + dZONum)): Text of object 'Object Repository/Выполнение бизнес-плана/Выполнение бизнес-плана Балансы/spanFact1' is: '3.65'

02-12-2024T07:02:47 - [MESSAGE][PASSED] - Text of object 'Object Repository/Выполнение бизнес-плана/Выполнение бизнес-плана Балансы/spanFact1' is: '3.65'

02-12-2024T07:02:47 - [TEST_STEP][PASSED] - ii = z.indexOf("|"): null

02-12-2024T07:02:47 - [TEST_STEP][PASSED] - if (ii > -1): null

02-12-2024T07:02:47 - [TEST_STEP][PASSED] - x = x + "/" + z: null

02-12-2024T07:02:47 - [TEST_STEP][PASSED] - z = getText(findTestObject(path + path2 + "Факт Отпуск в сеть за отчётный период " + dZONum)).replaceAll("\s+", ""): Text of object 'Object Repository/Выполнение бизнес-плана/Выполнение бизнес-плана Балансы/Значения со страницы Выполнение бизнес-плана/Table Data/Факт Отпуск в сеть за отчётный период 1' is: '515 451 879'

02-12-2024T07:02:48 - [MESSAGE][PASSED] - Text of object 'Object Repository/Выполнение бизнес-плана/Выполнение бизнес-плана Балансы/Значения со страницы Выполнение бизнес-плана/Table Data/Факт Отпуск в сеть за отчётный период 1' is: '515 451 879'

02-12-2024T07:02:48 - [TEST_STEP][PASSED] - x = x + "/" + z: null

02-12-2024T07:02:48 - [TEST_STEP][PASSED] - z = getText(findTestObject(path + path2 + "Факт Отпуск из сети за отчётный период " + dZONum)).replaceAll("\s+", ""): Text of object 'Object Repository/Выполнение бизнес-плана/Выполнение бизнес-плана Балансы/Значения со страницы Выполнение бизнес-плана/Table Data/Факт Отпуск из сети за отчётный период 1' is: '497 290 886'

02-12-2024T07:02:48 - [MESSAGE][PASSED] - Text of object 'Object Repository/Выполнение бизнес-плана/Выполнение бизнес-плана Балансы/Значения со страницы Выполнение бизнес-плана/Table Data/Факт Отпуск из сети за отчётный период 1' is: '497 290 886'

02-12-2024T07:02:48 - [TEST_STEP][PASSED] - x = x + "/" + z: null

02-12-2024T07:02:48 - [TEST_STEP][PASSED] - z = getText(findTestObject(path + path2 + "Факт Потери за отчётный период " + dZONum)).replaceAll("\s+", ""): Text of object 'Object Repository/Выполнение бизнес-плана/Выполнение бизнес-плана Балансы/Значения со страницы Выполнение бизнес-плана/Table Data/Факт Потери за отчётный период 1' is: '18 160 993'

02-12-2024T07:02:48 - [MESSAGE][PASSED] - Text of object 'Object Repository/Выполнение бизнес-плана/Выполнение бизнес-плана Балансы/Значения со страницы Выполнение бизнес-плана/Table Data/Факт Потери за отчётный период 1' is: '18 160 993'

02-12-2024T07:02:48 - [TEST_STEP][PASSED] - x = x + "/" + z: null

02-12-2024T07:02:48 - [TEST_STEP][PASSED] - z = getText(findTestObject(path + path2 + "План Отпуск в сеть за отчётный период " + dZONum)).replaceAll("\s+", ""): Text of object 'Object Repository/Выполнение бизнес-плана/Выполнение бизнес-плана Балансы/Значения со страницы Выполнение бизнес-плана/Table Data/План Отпуск в сеть за отчётный период 1' is: '500 569 809'

02-12-2024T07:02:49 - [MESSAGE][PASSED] - Text of object 'Object Repository/Выполнение бизнес-плана/Выполнение бизнес-плана Балансы/Значения со страницы Выполнение бизнес-плана/Table Data/План Отпуск в сеть за отчётный период 1' is: '500 569 809'

02-12-2024T07:02:49 - [TEST_STEP][PASSED] - x = x + "/" + z: null

02-12-2024T07:02:49 - [TEST_STEP][PASSED] - z = getText(findTestObject(path + path2 + "План Отпуск из сети за отчётный период " + dZONum)).replaceAll("\s+", ""): Text of object 'Object Repository/Выполнение бизнес-плана/Выполнение бизнес-плана Балансы/Значения со страницы Выполнение бизнес-плана/Table Data/План Отпуск из сети за отчётный период 1' is: '481 951 765'

02-12-2024T07:02:49 - [MESSAGE][PASSED] - Text of object 'Object Repository/Выполнение бизнес-плана/Выполнение бизнес-плана Балансы/Значения со страницы Выполнение бизнес-плана/Table Data/План Отпуск из сети за отчётный период 1' is: '481 951 765'

02-12-2024T07:02:49 - [TEST_STEP][PASSED] - x = x + "/" + z: null

02-12-2024T07:02:49 - [TEST_STEP][PASSED] - z = getText(findTestObject(path + path2 + "План Потери за отчётный период " + dZONum)).replaceAll("\s+", ""): Text of object 'Object Repository/Выполнение бизнес-плана/Выполнение бизнес-плана Балансы/Значения со страницы Выполнение бизнес-плана/Table Data/План Потери за отчётный период 1' is: '18 618 044'

02-12-2024T07:02:49 - [MESSAGE][PASSED] - Text of object 'Object Repository/Выполнение бизнес-плана/Выполнение бизнес-плана Балансы/Значения со страницы Выполнение бизнес-плана/Table Data/План Потери за отчётный период 1' is: '18 618 044'

02-12-2024T07:02:49 - [TEST_STEP][PASSED] - x = x + "/" + z: null

02-12-2024T07:02:49 - [TEST_STEP][PASSED] - z = getText(findTestObject(path + "Список ДЗО")).replaceAll("[\r?
|
]", "/"): Text of object 'Object Repository/Выполнение бизнес-плана/Выполнение бизнес-плана Балансы/Список ДЗО' is: '-0.21
-0.07
3.72
-0.38
-0.53
0.09
0.09
3.84
-0.41
-0.05
-0.01
0.15
-0.11
-0.50
-0.27
-0.45
-0.05
Россети ФСКЕЭС
АО«Тываэнерго»
АО«Чеченэнерго»
РоссетиВолга
РоссетиКубань
РоссетиЛенэнерго(ГК)
РоссетиМосковскийрегион
РоссетиСеверныйКавказ
РоссетиСеверо-Запад
РоссетиСибирь
РоссетиТомск
РоссетиТюмень
Россети Урал(ГК)
РоссетиЦентр (ГК)
РоссетиЦентр иПриволжье(ГК)
Россети Юг(ГК)
РоссетиЯнтарь
0
2
4
6
-2
8'

02-12-2024T07:02:49 - [MESSAGE][PASSED] - Text of object 'Object Repository/Выполнение бизнес-плана/Выполнение бизнес-плана Балансы/Список ДЗО' is: '-0.21
-0.07
3.72
-0.38
-0.53
0.09
0.09
3.84
-0.41
-0.05
-0.01
0.15
-0.11
-0.50
-0.27
-0.45
-0.05
Россети ФСКЕЭС
АО«Тываэнерго»
АО«Чеченэнерго»
РоссетиВолга
РоссетиКубань
РоссетиЛенэнерго(ГК)
РоссетиМосковскийрегион
РоссетиСеверныйКавказ
РоссетиСеверо-Запад
РоссетиСибирь
РоссетиТомск
РоссетиТюмень
Россети Урал(ГК)
РоссетиЦентр (ГК)
РоссетиЦентр иПриволжье(ГК)
Россети Юг(ГК)
РоссетиЯнтарь
0
2
4
6
-2
8'

02-12-2024T07:02:49 - [TEST_STEP][PASSED] - for ([ii = 1, ii < dZONum, (ii++)]): null

02-12-2024T07:02:49 - [TEST_STEP][PASSED] - i1 = z.indexOf("/"): null

02-12-2024T07:02:49 - [TEST_STEP][PASSED] - if (i1 > -1): null

02-12-2024T07:02:49 - [TEST_STEP][PASSED] - z = z.substring(0, i1): null

02-12-2024T07:02:49 - [TEST_STEP][PASSED] - z = z.replace(",", "."): null

02-12-2024T07:02:49 - [TEST_STEP][PASSED] - println(z): null

02-12-2024T07:02:49 - [TEST_STEP][PASSED] - x = x + "/" + z: null

02-12-2024T07:02:49 - [TEST_STEP][PASSED] - x = x.replaceAll("[\r?
|
]", ""): null

02-12-2024T07:02:49 - [TEST_STEP][PASSED] - println(x): null

02-12-2024T07:02:49 - [TEST_STEP][PASSED] - return x: null

02-12-2024T07:02:49 - [TEST_STEP][PASSED] - println("fB: " + fB): null

02-12-2024T07:02:49 - [TEST_STEP][PASSED] - i = VseDZO.indexOf("Тываэнерго"): null

02-12-2024T07:02:49 - [TEST_STEP][PASSED] - if (i > -1): null

02-12-2024T07:02:49 - [TEST_STEP][PASSED] - dZONum = dZONum + 1: null

02-12-2024T07:02:49 - [TEST_STEP][PASSED] - tyB = GetAllData(path, dZONum, VseDZO, x = "АО "Тываэнерго"/"): null

02-12-2024T07:02:49 - [TEST_STEP][PASSED] - ii = <not implemented yet for class: org.codehaus.groovy.ast.expr.EmptyExpression>: null

02-12-2024T07:02:49 - [TEST_STEP][PASSED] - i1 = <not implemented yet for class: org.codehaus.groovy.ast.expr.EmptyExpression>: null

02-12-2024T07:02:49 - [TEST_STEP][PASSED] - z = <not implemented yet for class: org.codehaus.groovy.ast.expr.EmptyExpression>: null

02-12-2024T07:02:49 - [TEST_STEP][PASSED] - path2 = "Значения со страницы Выполнение бизнес-плана/Table Data/": null

02-12-2024T07:02:49 - [TEST_STEP][PASSED] - println("path: " + path): null

02-12-2024T07:02:49 - [TEST_STEP][PASSED] - println("dZONum: " + dZONum): null

02-12-2024T07:02:49 - [TEST_STEP][PASSED] - z = getText(findTestObject(path + "spanPlan" + dZONum)): Text of object 'Object Repository/Выполнение бизнес-плана/Выполнение бизнес-плана Балансы/spanPlan2' is: '21.03
|'

02-12-2024T07:02:50 - [MESSAGE][PASSED] - Text of object 'Object Repository/Выполнение бизнес-плана/Выполнение бизнес-плана Балансы/spanPlan2' is: '21.03
|'

02-12-2024T07:02:50 - [TEST_STEP][PASSED] - println(z): null

02-12-2024T07:02:50 - [TEST_STEP][PASSED] - ii = z.indexOf("|"): null

02-12-2024T07:02:50 - [TEST_STEP][PASSED] - if (ii > -1): null

02-12-2024T07:02:50 - [TEST_STEP][PASSED] - z = z.substring(0, z.length() - 1): null

02-12-2024T07:02:50 - [TEST_STEP][PASSED] - println(z): null

02-12-2024T07:02:50 - [TEST_STEP][PASSED] - z = z.replaceAll("\s+", ""): null

02-12-2024T07:02:50 - [TEST_STEP][PASSED] - z = z.replace("[\r?
|
]", "/"): null

02-12-2024T07:02:50 - [TEST_STEP][PASSED] - println(z): null

02-12-2024T07:02:50 - [TEST_STEP][PASSED] - x = x + z: null

02-12-2024T07:02:50 - [TEST_STEP][PASSED] - z = getText(findTestObject(path + "spanFact" + dZONum)): Text of object 'Object Repository/Выполнение бизнес-плана/Выполнение бизнес-плана Балансы/spanFact2' is: '20.96'

02-12-2024T07:02:50 - [MESSAGE][PASSED] - Text of object 'Object Repository/Выполнение бизнес-плана/Выполнение бизнес-плана Балансы/spanFact2' is: '20.96'

02-12-2024T07:02:50 - [TEST_STEP][PASSED] - ii = z.indexOf("|"): null

02-12-2024T07:02:50 - [TEST_STEP][PASSED] - if (ii > -1): null

02-12-2024T07:02:50 - [TEST_STEP][PASSED] - x = x + "/" + z: null

02-12-2024T07:02:50 - [TEST_STEP][PASSED] - z = getText(findTestObject(path + path2 + "Факт Отпуск в сеть за отчётный период " + dZONum)).replaceAll("\s+", ""): Text of object 'Object Repository/Выполнение бизнес-плана/Выполнение бизнес-плана Балансы/Значения со страницы Выполнение бизнес-плана/Table Data/Факт Отпуск в сеть за отчётный период 2' is: '572 217'

02-12-2024T07:02:50 - [MESSAGE][PASSED] - Text of object 'Object Repository/Выполнение бизнес-плана/Выполнение бизнес-плана Балансы/Значения со страницы Выполнение бизнес-плана/Table Data/Факт Отпуск в сеть за отчётный период 2' is: '572 217'

02-12-2024T07:02:50 - [TEST_STEP][PASSED] - x = x + "/" + z: null

02-12-2024T07:02:50 - [TEST_STEP][PASSED] - z = getText(findTestObject(path + path2 + "Факт Отпуск из сети за отчётный период " + dZONum)).replaceAll("\s+", ""): Text of object 'Object Repository/Выполнение бизнес-плана/Выполнение бизнес-плана Балансы/Значения со страницы Выполнение бизнес-плана/Table Data/Факт Отпуск из сети за отчётный период 2' is: '452 291'

02-12-2024T07:02:51 - [MESSAGE][PASSED] - Text of object 'Object Repository/Выполнение бизнес-плана/Выполнение бизнес-плана Балансы/Значения со страницы Выполнение бизнес-плана/Table Data/Факт Отпуск из сети за отчётный период 2' is: '452 291'

02-12-2024T07:02:51 - [TEST_STEP][PASSED] - x = x + "/" + z: null

02-12-2024T07:02:51 - [TEST_STEP][PASSED] - z = getText(findTestObject(path + path2 + "Факт Потери за отчётный период " + dZONum)).replaceAll("\s+", ""): Text of object 'Object Repository/Выполнение бизнес-плана/Выполнение бизнес-плана Балансы/Значения со страницы Выполнение бизнес-плана/Table Data/Факт Потери за отчётный период 2' is: '119 926'

02-12-2024T07:02:51 - [MESSAGE][PASSED] - Text of object 'Object Repository/Выполнение бизнес-плана/Выполнение бизнес-плана Балансы/Значения со страницы Выполнение бизнес-плана/Table Data/Факт Потери за отчётный период 2' is: '119 926'

02-12-2024T07:02:51 - [TEST_STEP][PASSED] - x = x + "/" + z: null

02-12-2024T07:02:51 - [TEST_STEP][PASSED] - z = getText(findTestObject(path + path2 + "План Отпуск в сеть за отчётный период " + dZONum)).replaceAll("\s+", ""): Text of object 'Object Repository/Выполнение бизнес-плана/Выполнение бизнес-плана Балансы/Значения со страницы Выполнение бизнес-плана/Table Data/План Отпуск в сеть за отчётный период 2' is: '544 127'

02-12-2024T07:02:51 - [MESSAGE][PASSED] - Text of object 'Object Repository/Выполнение бизнес-плана/Выполнение бизнес-плана Балансы/Значения со страницы Выполнение бизнес-плана/Table Data/План Отпуск в сеть за отчётный период 2' is: '544 127'

02-12-2024T07:02:51 - [TEST_STEP][PASSED] - x = x + "/" + z: null

02-12-2024T07:02:51 - [TEST_STEP][PASSED] - z = getText(findTestObject(path + path2 + "План Отпуск из сети за отчётный период " + dZONum)).replaceAll("\s+", ""): Text of object 'Object Repository/Выполнение бизнес-плана/Выполнение бизнес-плана Балансы/Значения со страницы Выполнение бизнес-плана/Table Data/План Отпуск из сети за отчётный период 2' is: '429 681'

02-12-2024T07:02:52 - [MESSAGE][PASSED] - Text of object 'Object Repository/Выполнение бизнес-плана/Выполнение бизнес-плана Балансы/Значения со страницы Выполнение бизнес-плана/Table Data/План Отпуск из сети за отчётный период 2' is: '429 681'

02-12-2024T07:02:52 - [TEST_STEP][PASSED] - x = x + "/" + z: null

02-12-2024T07:02:52 - [TEST_STEP][PASSED] - z = getText(findTestObject(path + path2 + "План Потери за отчётный период " + dZONum)).replaceAll("\s+", ""): Text of object 'Object Repository/Выполнение бизнес-плана/Выполнение бизнес-плана Балансы/Значения со страницы Выполнение бизнес-плана/Table Data/План Потери за отчётный период 2' is: '114 446'

02-12-2024T07:02:52 - [MESSAGE][PASSED] - Text of object 'Object Repository/Выполнение бизнес-плана/Выполнение бизнес-плана Балансы/Значения со страницы Выполнение бизнес-плана/Table Data/План Потери за отчётный период 2' is: '114 446'

02-12-2024T07:02:52 - [TEST_STEP][PASSED] - x = x + "/" + z: null

02-12-2024T07:02:52 - [TEST_STEP][PASSED] - z = getText(findTestObject(path + "Список ДЗО")).replaceAll("[\r?
|
]", "/"): Text of object 'Object Repository/Выполнение бизнес-плана/Выполнение бизнес-плана Балансы/Список ДЗО' is: '-0.21
-0.07
3.72
-0.38
-0.53
0.09
0.09
3.84
-0.41
-0.05
-0.01
0.15
-0.11
-0.50
-0.27
-0.45
-0.05
Россети ФСКЕЭС
АО«Тываэнерго»
АО«Чеченэнерго»
РоссетиВолга
РоссетиКубань
РоссетиЛенэнерго(ГК)
РоссетиМосковскийрегион
РоссетиСеверныйКавказ
РоссетиСеверо-Запад
РоссетиСибирь
РоссетиТомск
РоссетиТюмень
Россети Урал(ГК)
РоссетиЦентр (ГК)
РоссетиЦентр иПриволжье(ГК)
Россети Юг(ГК)
РоссетиЯнтарь
0
2
4
6
-2
8'

02-12-2024T07:02:52 - [MESSAGE][PASSED] - Text of object 'Object Repository/Выполнение бизнес-плана/Выполнение бизнес-плана Балансы/Список ДЗО' is: '-0.21
-0.07
3.72
-0.38
-0.53
0.09
0.09
3.84
-0.41
-0.05
-0.01
0.15
-0.11
-0.50
-0.27
-0.45
-0.05
Россети ФСКЕЭС
АО«Тываэнерго»
АО«Чеченэнерго»
РоссетиВолга
РоссетиКубань
РоссетиЛенэнерго(ГК)
РоссетиМосковскийрегион
РоссетиСеверныйКавказ
РоссетиСеверо-Запад
РоссетиСибирь
РоссетиТомск
РоссетиТюмень
Россети Урал(ГК)
РоссетиЦентр (ГК)
РоссетиЦентр иПриволжье(ГК)
Россети Юг(ГК)
РоссетиЯнтарь
0
2
4
6
-2
8'

02-12-2024T07:02:52 - [TEST_STEP][PASSED] - for ([ii = 1, ii < dZONum, (ii++)]): null

02-12-2024T07:02:52 - [TEST_STEP][PASSED] - i1 = z.indexOf("/") + 1: null

02-12-2024T07:02:52 - [TEST_STEP][PASSED] - if (i1 > -1): null

02-12-2024T07:02:52 - [TEST_STEP][PASSED] - z = z.substring(i1, z.length()): null

02-12-2024T07:02:52 - [TEST_STEP][PASSED] - i1 = z.indexOf("/"): null

02-12-2024T07:02:52 - [TEST_STEP][PASSED] - i1 = z.indexOf("/"): null

02-12-2024T07:02:52 - [TEST_STEP][PASSED] - if (i1 > -1): null

02-12-2024T07:02:52 - [TEST_STEP][PASSED] - z = z.substring(0, i1): null

02-12-2024T07:02:52 - [TEST_STEP][PASSED] - z = z.replace(",", "."): null

02-12-2024T07:02:52 - [TEST_STEP][PASSED] - println(z): null

02-12-2024T07:02:52 - [TEST_STEP][PASSED] - x = x + "/" + z: null

02-12-2024T07:02:52 - [TEST_STEP][PASSED] - x = x.replaceAll("[\r?
|
]", ""): null

02-12-2024T07:02:52 - [TEST_STEP][PASSED] - println(x): null

02-12-2024T07:02:52 - [TEST_STEP][PASSED] - return x: null

02-12-2024T07:02:52 - [TEST_STEP][PASSED] - println("tyB: " + tyB): null

02-12-2024T07:02:52 - [TEST_STEP][PASSED] - i = VseDZO.indexOf("Чеченэнерго"): null

02-12-2024T07:02:52 - [TEST_STEP][PASSED] - if (i > -1): null

02-12-2024T07:02:52 - [TEST_STEP][PASSED] - dZONum = dZONum + 1: null

02-12-2024T07:02:52 - [TEST_STEP][PASSED] - chB = GetAllData(path, dZONum, VseDZO, x = "АО "Чеченэнерго"/"): null

02-12-2024T07:02:52 - [TEST_STEP][PASSED] - ii = <not implemented yet for class: org.codehaus.groovy.ast.expr.EmptyExpression>: null

02-12-2024T07:02:52 - [TEST_STEP][PASSED] - i1 = <not implemented yet for class: org.codehaus.groovy.ast.expr.EmptyExpression>: null

02-12-2024T07:02:52 - [TEST_STEP][PASSED] - z = <not implemented yet for class: org.codehaus.groovy.ast.expr.EmptyExpression>: null

02-12-2024T07:02:52 - [TEST_STEP][PASSED] - path2 = "Значения со страницы Выполнение бизнес-плана/Table Data/": null

02-12-2024T07:02:52 - [TEST_STEP][PASSED] - println("path: " + path): null

02-12-2024T07:02:52 - [TEST_STEP][PASSED] - println("dZONum: " + dZONum): null

02-12-2024T07:02:52 - [TEST_STEP][PASSED] - z = getText(findTestObject(path + "spanPlan" + dZONum)): Text of object 'Object Repository/Выполнение бизнес-плана/Выполнение бизнес-плана Балансы/spanPlan3' is: '32.87'

02-12-2024T07:02:53 - [MESSAGE][PASSED] - Text of object 'Object Repository/Выполнение бизнес-плана/Выполнение бизнес-плана Балансы/spanPlan3' is: '32.87'

02-12-2024T07:02:53 - [TEST_STEP][PASSED] - println(z): null

02-12-2024T07:02:53 - [TEST_STEP][PASSED] - ii = z.indexOf("|"): null

02-12-2024T07:02:53 - [TEST_STEP][PASSED] - if (ii > -1): null

02-12-2024T07:02:53 - [TEST_STEP][PASSED] - z = z.replaceAll("\s+", ""): null

02-12-2024T07:02:53 - [TEST_STEP][PASSED] - z = z.replace("[\r?
|
]", "/"): null

02-12-2024T07:02:53 - [TEST_STEP][PASSED] - println(z): null

02-12-2024T07:02:53 - [TEST_STEP][PASSED] - x = x + z: null

02-12-2024T07:02:53 - [TEST_STEP][PASSED] - z = getText(findTestObject(path + "spanFact" + dZONum)): Text of object 'Object Repository/Выполнение бизнес-плана/Выполнение бизнес-плана Балансы/spanFact3' is: '36.59
|'

02-12-2024T07:02:53 - [MESSAGE][PASSED] - Text of object 'Object Repository/Выполнение бизнес-плана/Выполнение бизнес-плана Балансы/spanFact3' is: '36.59
|'

02-12-2024T07:02:53 - [TEST_STEP][PASSED] - ii = z.indexOf("|"): null

02-12-2024T07:02:53 - [TEST_STEP][PASSED] - if (ii > -1): null

02-12-2024T07:02:53 - [TEST_STEP][PASSED] - z = length() - 1).replace("[\r?
|
]", "/"): null

02-12-2024T07:02:53 - [TEST_STEP][PASSED] - x = x + "/" + z: null

02-12-2024T07:02:53 - [TEST_STEP][PASSED] - z = getText(findTestObject(path + path2 + "Факт Отпуск в сеть за отчётный период " + dZONum)).replaceAll("\s+", ""): Text of object 'Object Repository/Выполнение бизнес-плана/Выполнение бизнес-плана Балансы/Значения со страницы Выполнение бизнес-плана/Table Data/Факт Отпуск в сеть за отчётный период 3' is: '3 034 612'

02-12-2024T07:02:53 - [MESSAGE][PASSED] - Text of object 'Object Repository/Выполнение бизнес-плана/Выполнение бизнес-плана Балансы/Значения со страницы Выполнение бизнес-плана/Table Data/Факт Отпуск в сеть за отчётный период 3' is: '3 034 612'

02-12-2024T07:02:53 - [TEST_STEP][PASSED] - x = x + "/" + z: null

02-12-2024T07:02:53 - [TEST_STEP][PASSED] - z = getText(findTestObject(path + path2 + "Факт Отпуск из сети за отчётный период " + dZONum)).replaceAll("\s+", ""): Text of object 'Object Repository/Выполнение бизнес-плана/Выполнение бизнес-плана Балансы/Значения со страницы Выполнение бизнес-плана/Table Data/Факт Отпуск из сети за отчётный период 3' is: '1 924 288'

02-12-2024T07:02:53 - [MESSAGE][PASSED] - Text of object 'Object Repository/Выполнение бизнес-плана/Выполнение бизнес-плана Балансы/Значения со страницы Выполнение бизнес-плана/Table Data/Факт Отпуск из сети за отчётный период 3' is: '1 924 288'

02-12-2024T07:02:53 - [TEST_STEP][PASSED] - x = x + "/" + z: null

02-12-2024T07:02:53 - [TEST_STEP][PASSED] - z = getText(findTestObject(path + path2 + "Факт Потери за отчётный период " + dZONum)).replaceAll("\s+", ""): Text of object 'Object Repository/Выполнение бизнес-плана/Выполнение бизнес-плана Балансы/Значения со страницы Выполнение бизнес-плана/Table Data/Факт Потери за отчётный период 3' is: '1 110 325'

02-12-2024T07:02:54 - [MESSAGE][PASSED] - Text of object 'Object Repository/Выполнение бизнес-плана/Выполнение бизнес-плана Балансы/Значения со страницы Выполнение бизнес-плана/Table Data/Факт Потери за отчётный период 3' is: '1 110 325'

02-12-2024T07:02:54 - [TEST_STEP][PASSED] - x = x + "/" + z: null

02-12-2024T07:02:54 - [TEST_STEP][PASSED] - z = getText(findTestObject(path + path2 + "План Отпуск в сеть за отчётный период " + dZONum)).replaceAll("\s+", ""): Text of object 'Object Repository/Выполнение бизнес-плана/Выполнение бизнес-плана Балансы/Значения со страницы Выполнение бизнес-плана/Table Data/План Отпуск в сеть за отчётный период 3' is: '2 822 152'

02-12-2024T07:02:54 - [MESSAGE][PASSED] - Text of object 'Object Repository/Выполнение бизнес-плана/Выполнение бизнес-плана Балансы/Значения со страницы Выполнение бизнес-плана/Table Data/План Отпуск в сеть за отчётный период 3' is: '2 822 152'

02-12-2024T07:02:54 - [TEST_STEP][PASSED] - x = x + "/" + z: null

02-12-2024T07:02:54 - [TEST_STEP][PASSED] - z = getText(findTestObject(path + path2 + "План Отпуск из сети за отчётный период " + dZONum)).replaceAll("\s+", ""): Text of object 'Object Repository/Выполнение бизнес-плана/Выполнение бизнес-плана Балансы/Значения со страницы Выполнение бизнес-плана/Table Data/План Отпуск из сети за отчётный период 3' is: '1 894 447'

02-12-2024T07:02:54 - [MESSAGE][PASSED] - Text of object 'Object Repository/Выполнение бизнес-плана/Выполнение бизнес-плана Балансы/Значения со страницы Выполнение бизнес-плана/Table Data/План Отпуск из сети за отчётный период 3' is: '1 894 447'

02-12-2024T07:02:54 - [TEST_STEP][PASSED] - x = x + "/" + z: null

02-12-2024T07:02:54 - [TEST_STEP][PASSED] - z = getText(findTestObject(path + path2 + "План Потери за отчётный период " + dZONum)).replaceAll("\s+", ""): Text of object 'Object Repository/Выполнение бизнес-плана/Выполнение бизнес-плана Балансы/Значения со страницы Выполнение бизнес-плана/Table Data/План Потери за отчётный период 3' is: '927 705'

02-12-2024T07:02:55 - [MESSAGE][PASSED] - Text of object 'Object Repository/Выполнение бизнес-плана/Выполнение бизнес-плана Балансы/Значения со страницы Выполнение бизнес-плана/Table Data/План Потери за отчётный период 3' is: '927 705'

02-12-2024T07:02:55 - [TEST_STEP][PASSED] - x = x + "/" + z: null

02-12-2024T07:02:55 - [TEST_STEP][PASSED] - z = getText(findTestObject(path + "Список ДЗО")).replaceAll("[\r?
|
]", "/"): Text of object 'Object Repository/Выполнение бизнес-плана/Выполнение бизнес-плана Балансы/Список ДЗО' is: '-0.21
-0.07
3.72
-0.38
-0.53
0.09
0.09
3.84
-0.41
-0.05
-0.01
0.15
-0.11
-0.50
-0.27
-0.45
-0.05
Россети ФСКЕЭС
АО«Тываэнерго»
АО«Чеченэнерго»
РоссетиВолга
РоссетиКубань
РоссетиЛенэнерго(ГК)
РоссетиМосковскийрегион
РоссетиСеверныйКавказ
РоссетиСеверо-Запад
РоссетиСибирь
РоссетиТомск
РоссетиТюмень
Россети Урал(ГК)
РоссетиЦентр (ГК)
РоссетиЦентр иПриволжье(ГК)
Россети Юг(ГК)
РоссетиЯнтарь
0
2
4
6
-2
8'

02-12-2024T07:02:55 - [MESSAGE][PASSED] - Text of object 'Object Repository/Выполнение бизнес-плана/Выполнение бизнес-плана Балансы/Список ДЗО' is: '-0.21
-0.07
3.72
-0.38
-0.53
0.09
0.09
3.84
-0.41
-0.05
-0.01
0.15
-0.11
-0.50
-0.27
-0.45
-0.05
Россети ФСКЕЭС
АО«Тываэнерго»
АО«Чеченэнерго»
РоссетиВолга
РоссетиКубань
РоссетиЛенэнерго(ГК)
РоссетиМосковскийрегион
РоссетиСеверныйКавказ
РоссетиСеверо-Запад
РоссетиСибирь
РоссетиТомск
РоссетиТюмень
Россети Урал(ГК)
РоссетиЦентр (ГК)
РоссетиЦентр иПриволжье(ГК)
Россети Юг(ГК)
РоссетиЯнтарь
0
2
4
6
-2
8'

02-12-2024T07:02:55 - [TEST_STEP][PASSED] - for ([ii = 1, ii < dZONum, (ii++)]): null

02-12-2024T07:02:55 - [TEST_STEP][PASSED] - i1 = z.indexOf("/") + 1: null

02-12-2024T07:02:55 - [TEST_STEP][PASSED] - if (i1 > -1): null

02-12-2024T07:02:55 - [TEST_STEP][PASSED] - z = z.substring(i1, z.length()): null

02-12-2024T07:02:55 - [TEST_STEP][PASSED] - i1 = z.indexOf("/"): null

02-12-2024T07:02:55 - [TEST_STEP][PASSED] - i1 = z.indexOf("/") + 1: null

02-12-2024T07:02:55 - [TEST_STEP][PASSED] - if (i1 > -1): null

02-12-2024T07:02:55 - [TEST_STEP][PASSED] - z = z.substring(i1, z.length()): null

02-12-2024T07:02:55 - [TEST_STEP][PASSED] - i1 = z.indexOf("/"): null

02-12-2024T07:02:55 - [TEST_STEP][PASSED] - i1 = z.indexOf("/"): null

02-12-2024T07:02:55 - [TEST_STEP][PASSED] - if (i1 > -1): null

02-12-2024T07:02:55 - [TEST_STEP][PASSED] - z = z.substring(0, i1): null

02-12-2024T07:02:55 - [TEST_STEP][PASSED] - z = z.replace(",", "."): null

02-12-2024T07:02:55 - [TEST_STEP][PASSED] - println(z): null

02-12-2024T07:02:55 - [TEST_STEP][PASSED] - x = x + "/" + z: null

02-12-2024T07:02:55 - [TEST_STEP][PASSED] - x = x.replaceAll("[\r?
|
]", ""): null

02-12-2024T07:02:55 - [TEST_STEP][PASSED] - println(x): null

02-12-2024T07:02:55 - [TEST_STEP][PASSED] - return x: null

02-12-2024T07:02:55 - [TEST_STEP][PASSED] - println("chB: " + chB): null

02-12-2024T07:02:55 - [TEST_STEP][PASSED] - i = VseDZO.indexOf("Волга"): null

02-12-2024T07:02:55 - [TEST_STEP][PASSED] - if (i > -1): null

02-12-2024T07:02:55 - [TEST_STEP][PASSED] - dZONum = dZONum + 1: null

02-12-2024T07:02:55 - [TEST_STEP][PASSED] - vB = GetAllData(path, dZONum, VseDZO, x = "Россети Волга/"): null

02-12-2024T07:02:55 - [TEST_STEP][PASSED] - ii = <not implemented yet for class: org.codehaus.groovy.ast.expr.EmptyExpression>: null

02-12-2024T07:02:55 - [TEST_STEP][PASSED] - i1 = <not implemented yet for class: org.codehaus.groovy.ast.expr.EmptyExpression>: null

02-12-2024T07:02:55 - [TEST_STEP][PASSED] - z = <not implemented yet for class: org.codehaus.groovy.ast.expr.EmptyExpression>: null

02-12-2024T07:02:55 - [TEST_STEP][PASSED] - path2 = "Значения со страницы Выполнение бизнес-плана/Table Data/": null

02-12-2024T07:02:55 - [TEST_STEP][PASSED] - println("path: " + path): null

02-12-2024T07:02:55 - [TEST_STEP][PASSED] - println("dZONum: " + dZONum): null

02-12-2024T07:02:55 - [TEST_STEP][PASSED] - z = getText(findTestObject(path + "spanPlan" + dZONum)): Text of object 'Object Repository/Выполнение бизнес-плана/Выполнение бизнес-плана Балансы/spanPlan4' is: '5.43
|'

02-12-2024T07:02:55 - [MESSAGE][PASSED] - Text of object 'Object Repository/Выполнение бизнес-плана/Выполнение бизнес-плана Балансы/spanPlan4' is: '5.43
|'

02-12-2024T07:02:55 - [TEST_STEP][PASSED] - println(z): null

02-12-2024T07:02:55 - [TEST_STEP][PASSED] - ii = z.indexOf("|"): null

02-12-2024T07:02:55 - [TEST_STEP][PASSED] - if (ii > -1): null

02-12-2024T07:02:55 - [TEST_STEP][PASSED] - z = z.substring(0, z.length() - 1): null

02-12-2024T07:02:55 - [TEST_STEP][PASSED] - println(z): null

02-12-2024T07:02:55 - [TEST_STEP][PASSED] - z = z.replaceAll("\s+", ""): null

02-12-2024T07:02:55 - [TEST_STEP][PASSED] - z = z.replace("[\r?
|
]", "/"): null

02-12-2024T07:02:55 - [TEST_STEP][PASSED] - println(z): null

02-12-2024T07:02:55 - [TEST_STEP][PASSED] - x = x + z: null

02-12-2024T07:02:55 - [TEST_STEP][PASSED] - z = getText(findTestObject(path + "spanFact" + dZONum)): Text of object 'Object Repository/Выполнение бизнес-плана/Выполнение бизнес-плана Балансы/spanFact4' is: '5.05'

02-12-2024T07:02:56 - [MESSAGE][PASSED] - Text of object 'Object Repository/Выполнение бизнес-плана/Выполнение бизнес-плана Балансы/spanFact4' is: '5.05'

02-12-2024T07:02:56 - [TEST_STEP][PASSED] - ii = z.indexOf("|"): null

02-12-2024T07:02:56 - [TEST_STEP][PASSED] - if (ii > -1): null

02-12-2024T07:02:56 - [TEST_STEP][PASSED] - x = x + "/" + z: null

02-12-2024T07:02:56 - [TEST_STEP][PASSED] - z = getText(findTestObject(path + path2 + "Факт Отпуск в сеть за отчётный период " + dZONum)).replaceAll("\s+", ""): Text of object 'Object Repository/Выполнение бизнес-плана/Выполнение бизнес-плана Балансы/Значения со страницы Выполнение бизнес-плана/Table Data/Факт Отпуск в сеть за отчётный период 4' is: '44 218 047'

02-12-2024T07:02:56 - [MESSAGE][PASSED] - Text of object 'Object Repository/Выполнение бизнес-плана/Выполнение бизнес-плана Балансы/Значения со страницы Выполнение бизнес-плана/Table Data/Факт Отпуск в сеть за отчётный период 4' is: '44 218 047'

02-12-2024T07:02:56 - [TEST_STEP][PASSED] - x = x + "/" + z: null

02-12-2024T07:02:56 - [TEST_STEP][PASSED] - z = getText(findTestObject(path + path2 + "Факт Отпуск из сети за отчётный период " + dZONum)).replaceAll("\s+", ""): Text of object 'Object Repository/Выполнение бизнес-плана/Выполнение бизнес-плана Балансы/Значения со страницы Выполнение бизнес-плана/Table Data/Факт Отпуск из сети за отчётный период 4' is: '41 984 455'

02-12-2024T07:02:56 - [MESSAGE][PASSED] - Text of object 'Object Repository/Выполнение бизнес-плана/Выполнение бизнес-плана Балансы/Значения со страницы Выполнение бизнес-плана/Table Data/Факт Отпуск из сети за отчётный период 4' is: '41 984 455'

02-12-2024T07:02:56 - [TEST_STEP][PASSED] - x = x + "/" + z: null

02-12-2024T07:02:56 - [TEST_STEP][PASSED] - z = getText(findTestObject(path + path2 + "Факт Потери за отчётный период " + dZONum)).replaceAll("\s+", ""): Text of object 'Object Repository/Выполнение бизнес-плана/Выполнение бизнес-плана Балансы/Значения со страницы Выполнение бизнес-плана/Table Data/Факт Потери за отчётный период 4' is: '2 233 593'

02-12-2024T07:02:56 - [MESSAGE][PASSED] - Text of object 'Object Repository/Выполнение бизнес-плана/Выполнение бизнес-плана Балансы/Значения со страницы Выполнение бизнес-плана/Table Data/Факт Потери за отчётный период 4' is: '2 233 593'

02-12-2024T07:02:56 - [TEST_STEP][PASSED] - x = x + "/" + z: null

02-12-2024T07:02:56 - [TEST_STEP][PASSED] - z = getText(findTestObject(path + path2 + "План Отпуск в сеть за отчётный период " + dZONum)).replaceAll("\s+", ""): Text of object 'Object Repository/Выполнение бизнес-плана/Выполнение бизнес-плана Балансы/Значения со страницы Выполнение бизнес-плана/Table Data/План Отпуск в сеть за отчётный период 4' is: '43 718 080'

02-12-2024T07:02:57 - [MESSAGE][PASSED] - Text of object 'Object Repository/Выполнение бизнес-плана/Выполнение бизнес-плана Балансы/Значения со страницы Выполнение бизнес-плана/Table Data/План Отпуск в сеть за отчётный период 4' is: '43 718 080'

02-12-2024T07:02:57 - [TEST_STEP][PASSED] - x = x + "/" + z: null

02-12-2024T07:02:57 - [TEST_STEP][PASSED] - z = getText(findTestObject(path + path2 + "План Отпуск из сети за отчётный период " + dZONum)).replaceAll("\s+", ""): Text of object 'Object Repository/Выполнение бизнес-плана/Выполнение бизнес-плана Балансы/Значения со страницы Выполнение бизнес-плана/Table Data/План Отпуск из сети за отчётный период 4' is: '41 326 865'

02-12-2024T07:02:57 - [MESSAGE][PASSED] - Text of object 'Object Repository/Выполнение бизнес-плана/Выполнение бизнес-плана Балансы/Значения со страницы Выполнение бизнес-плана/Table Data/План Отпуск из сети за отчётный период 4' is: '41 326 865'

02-12-2024T07:02:57 - [TEST_STEP][PASSED] - x = x + "/" + z: null

02-12-2024T07:02:57 - [TEST_STEP][PASSED] - z = getText(findTestObject(path + path2 + "План Потери за отчётный период " + dZONum)).replaceAll("\s+", ""): Text of object 'Object Repository/Выполнение бизнес-плана/Выполнение бизнес-плана Балансы/Значения со страницы Выполнение бизнес-плана/Table Data/План Потери за отчётный период 4' is: '2 391 215'

02-12-2024T07:02:57 - [MESSAGE][PASSED] - Text of object 'Object Repository/Выполнение бизнес-плана/Выполнение бизнес-плана Балансы/Значения со страницы Выполнение бизнес-плана/Table Data/План Потери за отчётный период 4' is: '2 391 215'

02-12-2024T07:02:57 - [TEST_STEP][PASSED] - x = x + "/" + z: null

02-12-2024T07:02:57 - [TEST_STEP][PASSED] - z = getText(findTestObject(path + "Список ДЗО")).replaceAll("[\r?
|
]", "/"): Text of object 'Object Repository/Выполнение бизнес-плана/Выполнение бизнес-плана Балансы/Список ДЗО' is: '-0.21
-0.07
3.72
-0.38
-0.53
0.09
0.09
3.84
-0.41
-0.05
-0.01
0.15
-0.11
-0.50
-0.27
-0.45
-0.05
Россети ФСКЕЭС
АО«Тываэнерго»
АО«Чеченэнерго»
РоссетиВолга
РоссетиКубань
РоссетиЛенэнерго(ГК)
РоссетиМосковскийрегион
РоссетиСеверныйКавказ
РоссетиСеверо-Запад
РоссетиСибирь
РоссетиТомск
РоссетиТюмень
Россети Урал(ГК)
РоссетиЦентр (ГК)
РоссетиЦентр иПриволжье(ГК)
Россети Юг(ГК)
РоссетиЯнтарь
0
2
4
6
-2
8'

02-12-2024T07:02:58 - [MESSAGE][PASSED] - Text of object 'Object Repository/Выполнение бизнес-плана/Выполнение бизнес-плана Балансы/Список ДЗО' is: '-0.21
-0.07
3.72
-0.38
-0.53
0.09
0.09
3.84
-0.41
-0.05
-0.01
0.15
-0.11
-0.50
-0.27
-0.45
-0.05
Россети ФСКЕЭС
АО«Тываэнерго»
АО«Чеченэнерго»
РоссетиВолга
РоссетиКубань
РоссетиЛенэнерго(ГК)
РоссетиМосковскийрегион
РоссетиСеверныйКавказ
РоссетиСеверо-Запад
РоссетиСибирь
РоссетиТомск
РоссетиТюмень
Россети Урал(ГК)
РоссетиЦентр (ГК)
РоссетиЦентр иПриволжье(ГК)
Россети Юг(ГК)
РоссетиЯнтарь
0
2
4
6
-2
8'

02-12-2024T07:02:58 - [TEST_STEP][PASSED] - for ([ii = 1, ii < dZONum, (ii++)]): null

02-12-2024T07:02:58 - [TEST_STEP][PASSED] - i1 = z.indexOf("/") + 1: null

02-12-2024T07:02:58 - [TEST_STEP][PASSED] - if (i1 > -1): null

02-12-2024T07:02:58 - [TEST_STEP][PASSED] - z = z.substring(i1, z.length()): null

02-12-2024T07:02:58 - [TEST_STEP][PASSED] - i1 = z.indexOf("/"): null

02-12-2024T07:02:58 - [TEST_STEP][PASSED] - i1 = z.indexOf("/") + 1: null

02-12-2024T07:02:58 - [TEST_STEP][PASSED] - if (i1 > -1): null

02-12-2024T07:02:58 - [TEST_STEP][PASSED] - z = z.substring(i1, z.length()): null

02-12-2024T07:02:58 - [TEST_STEP][PASSED] - i1 = z.indexOf("/"): null

02-12-2024T07:02:58 - [TEST_STEP][PASSED] - i1 = z.indexOf("/") + 1: null

02-12-2024T07:02:58 - [TEST_STEP][PASSED] - if (i1 > -1): null

02-12-2024T07:02:58 - [TEST_STEP][PASSED] - z = z.substring(i1, z.length()): null

02-12-2024T07:02:58 - [TEST_STEP][PASSED] - i1 = z.indexOf("/"): null

02-12-2024T07:02:58 - [TEST_STEP][PASSED] - i1 = z.indexOf("/"): null

02-12-2024T07:02:58 - [TEST_STEP][PASSED] - if (i1 > -1): null

02-12-2024T07:02:58 - [TEST_STEP][PASSED] - z = z.substring(0, i1): null

02-12-2024T07:02:58 - [TEST_STEP][PASSED] - z = z.replace(",", "."): null

02-12-2024T07:02:58 - [TEST_STEP][PASSED] - println(z): null

02-12-2024T07:02:58 - [TEST_STEP][PASSED] - x = x + "/" + z: null

02-12-2024T07:02:58 - [TEST_STEP][PASSED] - x = x.replaceAll("[\r?
|
]", ""): null

02-12-2024T07:02:58 - [TEST_STEP][PASSED] - println(x): null

02-12-2024T07:02:58 - [TEST_STEP][PASSED] - return x: null

02-12-2024T07:02:58 - [TEST_STEP][PASSED] - println("vB: " + vB): null

02-12-2024T07:02:58 - [TEST_STEP][PASSED] - i = VseDZO.indexOf("Кубань"): null

02-12-2024T07:02:58 - [TEST_STEP][PASSED] - if (i > -1): null

02-12-2024T07:02:58 - [TEST_STEP][PASSED] - dZONum = dZONum + 1: null

02-12-2024T07:02:58 - [TEST_STEP][PASSED] - kB = GetAllData(path, dZONum, VseDZO, x = "Россети Кубань/"): null

02-12-2024T07:02:58 - [TEST_STEP][PASSED] - ii = <not implemented yet for class: org.codehaus.groovy.ast.expr.EmptyExpression>: null

02-12-2024T07:02:58 - [TEST_STEP][PASSED] - i1 = <not implemented yet for class: org.codehaus.groovy.ast.expr.EmptyExpression>: null

02-12-2024T07:02:58 - [TEST_STEP][PASSED] - z = <not implemented yet for class: org.codehaus.groovy.ast.expr.EmptyExpression>: null

02-12-2024T07:02:58 - [TEST_STEP][PASSED] - path2 = "Значения со страницы Выполнение бизнес-плана/Table Data/": null

02-12-2024T07:02:58 - [TEST_STEP][PASSED] - println("path: " + path): null

02-12-2024T07:02:58 - [TEST_STEP][PASSED] - println("dZONum: " + dZONum): null

02-12-2024T07:02:58 - [TEST_STEP][PASSED] - z = getText(findTestObject(path + "spanPlan" + dZONum)): Text of object 'Object Repository/Выполнение бизнес-плана/Выполнение бизнес-плана Балансы/spanPlan5' is: '9.22
|'

02-12-2024T07:02:58 - [MESSAGE][PASSED] - Text of object 'Object Repository/Выполнение бизнес-плана/Выполнение бизнес-плана Балансы/spanPlan5' is: '9.22
|'

02-12-2024T07:02:58 - [TEST_STEP][PASSED] - println(z): null

02-12-2024T07:02:58 - [TEST_STEP][PASSED] - ii = z.indexOf("|"): null

02-12-2024T07:02:58 - [TEST_STEP][PASSED] - if (ii > -1): null

02-12-2024T07:02:58 - [TEST_STEP][PASSED] - z = z.substring(0, z.length() - 1): null

02-12-2024T07:02:58 - [TEST_STEP][PASSED] - println(z): null

02-12-2024T07:02:58 - [TEST_STEP][PASSED] - z = z.replaceAll("\s+", ""): null

02-12-2024T07:02:58 - [TEST_STEP][PASSED] - z = z.replace("[\r?
|
]", "/"): null

02-12-2024T07:02:58 - [TEST_STEP][PASSED] - println(z): null

02-12-2024T07:02:58 - [TEST_STEP][PASSED] - x = x + z: null

02-12-2024T07:02:58 - [TEST_STEP][PASSED] - z = getText(findTestObject(path + "spanFact" + dZONum)): Text of object 'Object Repository/Выполнение бизнес-плана/Выполнение бизнес-плана Балансы/spanFact5' is: '8.68'

02-12-2024T07:02:58 - [MESSAGE][PASSED] - Text of object 'Object Repository/Выполнение бизнес-плана/Выполнение бизнес-плана Балансы/spanFact5' is: '8.68'

02-12-2024T07:02:58 - [TEST_STEP][PASSED] - ii = z.indexOf("|"): null

02-12-2024T07:02:58 - [TEST_STEP][PASSED] - if (ii > -1): null

02-12-2024T07:02:58 - [TEST_STEP][PASSED] - x = x + "/" + z: null

02-12-2024T07:02:58 - [TEST_STEP][PASSED] - z = getText(findTestObject(path + path2 + "Факт Отпуск в сеть за отчётный период " + dZONum)).replaceAll("\s+", ""): Text of object 'Object Repository/Выполнение бизнес-плана/Выполнение бизнес-плана Балансы/Значения со страницы Выполнение бизнес-плана/Table Data/Факт Отпуск в сеть за отчётный период 5' is: '19 209 232'

02-12-2024T07:02:59 - [MESSAGE][PASSED] - Text of object 'Object Repository/Выполнение бизнес-плана/Выполнение бизнес-плана Балансы/Значения со страницы Выполнение бизнес-плана/Table Data/Факт Отпуск в сеть за отчётный период 5' is: '19 209 232'

02-12-2024T07:02:59 - [TEST_STEP][PASSED] - x = x + "/" + z: null

02-12-2024T07:02:59 - [TEST_STEP][PASSED] - z = getText(findTestObject(path + path2 + "Факт Отпуск из сети за отчётный период " + dZONum)).replaceAll("\s+", ""): Text of object 'Object Repository/Выполнение бизнес-плана/Выполнение бизнес-плана Балансы/Значения со страницы Выполнение бизнес-плана/Table Data/Факт Отпуск из сети за отчётный период 5' is: '17 541 196'

02-12-2024T07:02:59 - [MESSAGE][PASSED] - Text of object 'Object Repository/Выполнение бизнес-плана/Выполнение бизнес-плана Балансы/Значения со страницы Выполнение бизнес-плана/Table Data/Факт Отпуск из сети за отчётный период 5' is: '17 541 196'

02-12-2024T07:02:59 - [TEST_STEP][PASSED] - x = x + "/" + z: null

02-12-2024T07:02:59 - [TEST_STEP][PASSED] - z = getText(findTestObject(path + path2 + "Факт Потери за отчётный период " + dZONum)).replaceAll("\s+", ""): Text of object 'Object Repository/Выполнение бизнес-плана/Выполнение бизнес-плана Балансы/Значения со страницы Выполнение бизнес-плана/Table Data/Факт Потери за отчётный период 5' is: '1 668 036'

02-12-2024T07:02:59 - [MESSAGE][PASSED] - Text of object 'Object Repository/Выполнение бизнес-плана/Выполнение бизнес-плана Балансы/Значения со страницы Выполнение бизнес-плана/Table Data/Факт Потери за отчётный период 5' is: '1 668 036'

02-12-2024T07:02:59 - [TEST_STEP][PASSED] - x = x + "/" + z: null

02-12-2024T07:02:59 - [TEST_STEP][PASSED] - z = getText(findTestObject(path + path2 + "План Отпуск в сеть за отчётный период " + dZONum)).replaceAll("\s+", ""): Text of object 'Object Repository/Выполнение бизнес-плана/Выполнение бизнес-плана Балансы/Значения со страницы Выполнение бизнес-плана/Table Data/План Отпуск в сеть за отчётный период 5' is: '18 442 019'

02-12-2024T07:03:00 - [MESSAGE][PASSED] - Text of object 'Object Repository/Выполнение бизнес-плана/Выполнение бизнес-плана Балансы/Значения со страницы Выполнение бизнес-плана/Table Data/План Отпуск в сеть за отчётный период 5' is: '18 442 019'

02-12-2024T07:03:00 - [TEST_STEP][PASSED] - x = x + "/" + z: null

02-12-2024T07:03:00 - [TEST_STEP][PASSED] - z = getText(findTestObject(path + path2 + "План Отпуск из сети за отчётный период " + dZONum)).replaceAll("\s+", ""): Text of object 'Object Repository/Выполнение бизнес-плана/Выполнение бизнес-плана Балансы/Значения со страницы Выполнение бизнес-плана/Table Data/План Отпуск из сети за отчётный период 5' is: '16 742 025'

02-12-2024T07:03:00 - [MESSAGE][PASSED] - Text of object 'Object Repository/Выполнение бизнес-плана/Выполнение бизнес-плана Балансы/Значения со страницы Выполнение бизнес-плана/Table Data/План Отпуск из сети за отчётный период 5' is: '16 742 025'

02-12-2024T07:03:00 - [TEST_STEP][PASSED] - x = x + "/" + z: null

02-12-2024T07:03:00 - [TEST_STEP][PASSED] - z = getText(findTestObject(path + path2 + "План Потери за отчётный период " + dZONum)).replaceAll("\s+", ""): Text of object 'Object Repository/Выполнение бизнес-плана/Выполнение бизнес-плана Балансы/Значения со страницы Выполнение бизнес-плана/Table Data/План Потери за отчётный период 5' is: '1 699 994'

02-12-2024T07:03:00 - [MESSAGE][PASSED] - Text of object 'Object Repository/Выполнение бизнес-плана/Выполнение бизнес-плана Балансы/Значения со страницы Выполнение бизнес-плана/Table Data/План Потери за отчётный период 5' is: '1 699 994'

02-12-2024T07:03:00 - [TEST_STEP][PASSED] - x = x + "/" + z: null

02-12-2024T07:03:00 - [TEST_STEP][PASSED] - z = getText(findTestObject(path + "Список ДЗО")).replaceAll("[\r?
|
]", "/"): Text of object 'Object Repository/Выполнение бизнес-плана/Выполнение бизнес-плана Балансы/Список ДЗО' is: '-0.21
-0.07
3.72
-0.38
-0.53
0.09
0.09
3.84
-0.41
-0.05
-0.01
0.15
-0.11
-0.50
-0.27
-0.45
-0.05
Россети ФСКЕЭС
АО«Тываэнерго»
АО«Чеченэнерго»
РоссетиВолга
РоссетиКубань
РоссетиЛенэнерго(ГК)
РоссетиМосковскийрегион
РоссетиСеверныйКавказ
РоссетиСеверо-Запад
РоссетиСибирь
РоссетиТомск
РоссетиТюмень
Россети Урал(ГК)
РоссетиЦентр (ГК)
РоссетиЦентр иПриволжье(ГК)
Россети Юг(ГК)
РоссетиЯнтарь
0
2
4
6
-2
8'

02-12-2024T07:03:00 - [MESSAGE][PASSED] - Text of object 'Object Repository/Выполнение бизнес-плана/Выполнение бизнес-плана Балансы/Список ДЗО' is: '-0.21
-0.07
3.72
-0.38
-0.53
0.09
0.09
3.84
-0.41
-0.05
-0.01
0.15
-0.11
-0.50
-0.27
-0.45
-0.05
Россети ФСКЕЭС
АО«Тываэнерго»
АО«Чеченэнерго»
РоссетиВолга
РоссетиКубань
РоссетиЛенэнерго(ГК)
РоссетиМосковскийрегион
РоссетиСеверныйКавказ
РоссетиСеверо-Запад
РоссетиСибирь
РоссетиТомск
РоссетиТюмень
Россети Урал(ГК)
РоссетиЦентр (ГК)
РоссетиЦентр иПриволжье(ГК)
Россети Юг(ГК)
РоссетиЯнтарь
0
2
4
6
-2
8'

02-12-2024T07:03:00 - [TEST_STEP][PASSED] - for ([ii = 1, ii < dZONum, (ii++)]): null

02-12-2024T07:03:00 - [TEST_STEP][PASSED] - i1 = z.indexOf("/") + 1: null

02-12-2024T07:03:00 - [TEST_STEP][PASSED] - if (i1 > -1): null

02-12-2024T07:03:00 - [TEST_STEP][PASSED] - z = z.substring(i1, z.length()): null

02-12-2024T07:03:00 - [TEST_STEP][PASSED] - i1 = z.indexOf("/"): null

02-12-2024T07:03:00 - [TEST_STEP][PASSED] - i1 = z.indexOf("/") + 1: null

02-12-2024T07:03:00 - [TEST_STEP][PASSED] - if (i1 > -1): null

02-12-2024T07:03:00 - [TEST_STEP][PASSED] - z = z.substring(i1, z.length()): null

02-12-2024T07:03:00 - [TEST_STEP][PASSED] - i1 = z.indexOf("/"): null

02-12-2024T07:03:00 - [TEST_STEP][PASSED] - i1 = z.indexOf("/") + 1: null

02-12-2024T07:03:00 - [TEST_STEP][PASSED] - if (i1 > -1): null

02-12-2024T07:03:00 - [TEST_STEP][PASSED] - z = z.substring(i1, z.length()): null

02-12-2024T07:03:00 - [TEST_STEP][PASSED] - i1 = z.indexOf("/"): null

02-12-2024T07:03:00 - [TEST_STEP][PASSED] - i1 = z.indexOf("/") + 1: null

02-12-2024T07:03:00 - [TEST_STEP][PASSED] - if (i1 > -1): null

02-12-2024T07:03:00 - [TEST_STEP][PASSED] - z = z.substring(i1, z.length()): null

02-12-2024T07:03:00 - [TEST_STEP][PASSED] - i1 = z.indexOf("/"): null

02-12-2024T07:03:00 - [TEST_STEP][PASSED] - i1 = z.indexOf("/"): null

02-12-2024T07:03:00 - [TEST_STEP][PASSED] - if (i1 > -1): null

02-12-2024T07:03:00 - [TEST_STEP][PASSED] - z = z.substring(0, i1): null

02-12-2024T07:03:00 - [TEST_STEP][PASSED] - z = z.replace(",", "."): null

02-12-2024T07:03:00 - [TEST_STEP][PASSED] - println(z): null

02-12-2024T07:03:00 - [TEST_STEP][PASSED] - x = x + "/" + z: null

02-12-2024T07:03:00 - [TEST_STEP][PASSED] - x = x.replaceAll("[\r?
|
]", ""): null

02-12-2024T07:03:00 - [TEST_STEP][PASSED] - println(x): null

02-12-2024T07:03:00 - [TEST_STEP][PASSED] - return x: null

02-12-2024T07:03:00 - [TEST_STEP][PASSED] - println("kB: " + kB): null

02-12-2024T07:03:00 - [TEST_STEP][PASSED] - i = VseDZO.indexOf("Ленэнерго"): null

02-12-2024T07:03:00 - [TEST_STEP][PASSED] - if (i > -1): null

02-12-2024T07:03:00 - [TEST_STEP][PASSED] - dZONum = dZONum + 1: null

02-12-2024T07:03:00 - [TEST_STEP][PASSED] - lB = GetAllData(path, dZONum, VseDZO, x = "Россети Ленэнерго (ГК)/"): null

02-12-2024T07:03:00 - [TEST_STEP][PASSED] - ii = <not implemented yet for class: org.codehaus.groovy.ast.expr.EmptyExpression>: null

02-12-2024T07:03:00 - [TEST_STEP][PASSED] - i1 = <not implemented yet for class: org.codehaus.groovy.ast.expr.EmptyExpression>: null

02-12-2024T07:03:00 - [TEST_STEP][PASSED] - z = <not implemented yet for class: org.codehaus.groovy.ast.expr.EmptyExpression>: null

02-12-2024T07:03:00 - [TEST_STEP][PASSED] - path2 = "Значения со страницы Выполнение бизнес-плана/Table Data/": null

02-12-2024T07:03:00 - [TEST_STEP][PASSED] - println("path: " + path): null

02-12-2024T07:03:00 - [TEST_STEP][PASSED] - println("dZONum: " + dZONum): null

02-12-2024T07:03:00 - [TEST_STEP][PASSED] - z = getText(findTestObject(path + "spanPlan" + dZONum)): Text of object 'Object Repository/Выполнение бизнес-плана/Выполнение бизнес-плана Балансы/spanPlan6' is: '10.63'

02-12-2024T07:03:01 - [MESSAGE][PASSED] - Text of object 'Object Repository/Выполнение бизнес-плана/Выполнение бизнес-плана Балансы/spanPlan6' is: '10.63'

02-12-2024T07:03:01 - [TEST_STEP][PASSED] - println(z): null

02-12-2024T07:03:01 - [TEST_STEP][PASSED] - ii = z.indexOf("|"): null

02-12-2024T07:03:01 - [TEST_STEP][PASSED] - if (ii > -1): null

02-12-2024T07:03:01 - [TEST_STEP][PASSED] - z = z.replaceAll("\s+", ""): null

02-12-2024T07:03:01 - [TEST_STEP][PASSED] - z = z.replace("[\r?
|
]", "/"): null

02-12-2024T07:03:01 - [TEST_STEP][PASSED] - println(z): null

02-12-2024T07:03:01 - [TEST_STEP][PASSED] - x = x + z: null

02-12-2024T07:03:01 - [TEST_STEP][PASSED] - z = getText(findTestObject(path + "spanFact" + dZONum)): Text of object 'Object Repository/Выполнение бизнес-плана/Выполнение бизнес-плана Балансы/spanFact6' is: '10.72
|'

02-12-2024T07:03:01 - [MESSAGE][PASSED] - Text of object 'Object Repository/Выполнение бизнес-плана/Выполнение бизнес-плана Балансы/spanFact6' is: '10.72
|'

02-12-2024T07:03:01 - [TEST_STEP][PASSED] - ii = z.indexOf("|"): null

02-12-2024T07:03:01 - [TEST_STEP][PASSED] - if (ii > -1): null

02-12-2024T07:03:01 - [TEST_STEP][PASSED] - z = length() - 1).replace("[\r?
|
]", "/"): null

02-12-2024T07:03:01 - [TEST_STEP][PASSED] - x = x + "/" + z: null

02-12-2024T07:03:01 - [TEST_STEP][PASSED] - z = getText(findTestObject(path + path2 + "Факт Отпуск в сеть за отчётный период " + dZONum)).replaceAll("\s+", ""): Text of object 'Object Repository/Выполнение бизнес-плана/Выполнение бизнес-плана Балансы/Значения со страницы Выполнение бизнес-плана/Table Data/Факт Отпуск в сеть за отчётный период 6' is: '31 469 202'

02-12-2024T07:03:01 - [MESSAGE][PASSED] - Text of object 'Object Repository/Выполнение бизнес-плана/Выполнение бизнес-плана Балансы/Значения со страницы Выполнение бизнес-плана/Table Data/Факт Отпуск в сеть за отчётный период 6' is: '31 469 202'

02-12-2024T07:03:01 - [TEST_STEP][PASSED] - x = x + "/" + z: null

02-12-2024T07:03:01 - [TEST_STEP][PASSED] - z = getText(findTestObject(path + path2 + "Факт Отпуск из сети за отчётный период " + dZONum)).replaceAll("\s+", ""): Text of object 'Object Repository/Выполнение бизнес-плана/Выполнение бизнес-плана Балансы/Значения со страницы Выполнение бизнес-плана/Table Data/Факт Отпуск из сети за отчётный период 6' is: '28 096 239'

02-12-2024T07:03:02 - [MESSAGE][PASSED] - Text of object 'Object Repository/Выполнение бизнес-плана/Выполнение бизнес-плана Балансы/Значения со страницы Выполнение бизнес-плана/Table Data/Факт Отпуск из сети за отчётный период 6' is: '28 096 239'

02-12-2024T07:03:02 - [TEST_STEP][PASSED] - x = x + "/" + z: null

02-12-2024T07:03:02 - [TEST_STEP][PASSED] - z = getText(findTestObject(path + path2 + "Факт Потери за отчётный период " + dZONum)).replaceAll("\s+", ""): Text of object 'Object Repository/Выполнение бизнес-плана/Выполнение бизнес-плана Балансы/Значения со страницы Выполнение бизнес-плана/Table Data/Факт Потери за отчётный период 6' is: '3 372 962'

02-12-2024T07:03:02 - [MESSAGE][PASSED] - Text of object 'Object Repository/Выполнение бизнес-плана/Выполнение бизнес-плана Балансы/Значения со страницы Выполнение бизнес-плана/Table Data/Факт Потери за отчётный период 6' is: '3 372 962'

02-12-2024T07:03:02 - [TEST_STEP][PASSED] - x = x + "/" + z: null

02-12-2024T07:03:02 - [TEST_STEP][PASSED] - z = getText(findTestObject(path + path2 + "План Отпуск в сеть за отчётный период " + dZONum)).replaceAll("\s+", ""): Text of object 'Object Repository/Выполнение бизнес-плана/Выполнение бизнес-плана Балансы/Значения со страницы Выполнение бизнес-плана/Table Data/План Отпуск в сеть за отчётный период 6' is: '30 053 986'

02-12-2024T07:03:02 - [MESSAGE][PASSED] - Text of object 'Object Repository/Выполнение бизнес-плана/Выполнение бизнес-плана Балансы/Значения со страницы Выполнение бизнес-плана/Table Data/План Отпуск в сеть за отчётный период 6' is: '30 053 986'

02-12-2024T07:03:02 - [TEST_STEP][PASSED] - x = x + "/" + z: null

02-12-2024T07:03:02 - [TEST_STEP][PASSED] - z = getText(findTestObject(path + path2 + "План Отпуск из сети за отчётный период " + dZONum)).replaceAll("\s+", ""): Text of object 'Object Repository/Выполнение бизнес-плана/Выполнение бизнес-плана Балансы/Значения со страницы Выполнение бизнес-плана/Table Data/План Отпуск из сети за отчётный период 6' is: '26 859 673'

02-12-2024T07:03:03 - [MESSAGE][PASSED] - Text of object 'Object Repository/Выполнение бизнес-плана/Выполнение бизнес-плана Балансы/Значения со страницы Выполнение бизнес-плана/Table Data/План Отпуск из сети за отчётный период 6' is: '26 859 673'

02-12-2024T07:03:03 - [TEST_STEP][PASSED] - x = x + "/" + z: null

02-12-2024T07:03:03 - [TEST_STEP][PASSED] - z = getText(findTestObject(path + path2 + "План Потери за отчётный период " + dZONum)).replaceAll("\s+", ""): Text of object 'Object Repository/Выполнение бизнес-плана/Выполнение бизнес-плана Балансы/Значения со страницы Выполнение бизнес-плана/Table Data/План Потери за отчётный период 6' is: '3 194 313'

02-12-2024T07:03:03 - [MESSAGE][PASSED] - Text of object 'Object Repository/Выполнение бизнес-плана/Выполнение бизнес-плана Балансы/Значения со страницы Выполнение бизнес-плана/Table Data/План Потери за отчётный период 6' is: '3 194 313'

02-12-2024T07:03:03 - [TEST_STEP][PASSED] - x = x + "/" + z: null

02-12-2024T07:03:03 - [TEST_STEP][PASSED] - z = getText(findTestObject(path + "Список ДЗО")).replaceAll("[\r?
|
]", "/"): Text of object 'Object Repository/Выполнение бизнес-плана/Выполнение бизнес-плана Балансы/Список ДЗО' is: '-0.21
-0.07
3.72
-0.38
-0.53
0.09
0.09
3.84
-0.41
-0.05
-0.01
0.15
-0.11
-0.50
-0.27
-0.45
-0.05
Россети ФСКЕЭС
АО«Тываэнерго»
АО«Чеченэнерго»
РоссетиВолга
РоссетиКубань
РоссетиЛенэнерго(ГК)
РоссетиМосковскийрегион
РоссетиСеверныйКавказ
РоссетиСеверо-Запад
РоссетиСибирь
РоссетиТомск
РоссетиТюмень
Россети Урал(ГК)
РоссетиЦентр (ГК)
РоссетиЦентр иПриволжье(ГК)
Россети Юг(ГК)
РоссетиЯнтарь
0
2
4
6
-2
8'

02-12-2024T07:03:03 - [MESSAGE][PASSED] - Text of object 'Object Repository/Выполнение бизнес-плана/Выполнение бизнес-плана Балансы/Список ДЗО' is: '-0.21
-0.07
3.72
-0.38
-0.53
0.09
0.09
3.84
-0.41
-0.05
-0.01
0.15
-0.11
-0.50
-0.27
-0.45
-0.05
Россети ФСКЕЭС
АО«Тываэнерго»
АО«Чеченэнерго»
РоссетиВолга
РоссетиКубань
РоссетиЛенэнерго(ГК)
РоссетиМосковскийрегион
РоссетиСеверныйКавказ
РоссетиСеверо-Запад
РоссетиСибирь
РоссетиТомск
РоссетиТюмень
Россети Урал(ГК)
РоссетиЦентр (ГК)
РоссетиЦентр иПриволжье(ГК)
Россети Юг(ГК)
РоссетиЯнтарь
0
2
4
6
-2
8'

02-12-2024T07:03:03 - [TEST_STEP][PASSED] - for ([ii = 1, ii < dZONum, (ii++)]): null

02-12-2024T07:03:03 - [TEST_STEP][PASSED] - i1 = z.indexOf("/") + 1: null

02-12-2024T07:03:03 - [TEST_STEP][PASSED] - if (i1 > -1): null

02-12-2024T07:03:03 - [TEST_STEP][PASSED] - z = z.substring(i1, z.length()): null

02-12-2024T07:03:03 - [TEST_STEP][PASSED] - i1 = z.indexOf("/"): null

02-12-2024T07:03:03 - [TEST_STEP][PASSED] - i1 = z.indexOf("/") + 1: null

02-12-2024T07:03:03 - [TEST_STEP][PASSED] - if (i1 > -1): null

02-12-2024T07:03:03 - [TEST_STEP][PASSED] - z = z.substring(i1, z.length()): null

02-12-2024T07:03:03 - [TEST_STEP][PASSED] - i1 = z.indexOf("/"): null

02-12-2024T07:03:03 - [TEST_STEP][PASSED] - i1 = z.indexOf("/") + 1: null

02-12-2024T07:03:03 - [TEST_STEP][PASSED] - if (i1 > -1): null

02-12-2024T07:03:03 - [TEST_STEP][PASSED] - z = z.substring(i1, z.length()): null

02-12-2024T07:03:03 - [TEST_STEP][PASSED] - i1 = z.indexOf("/"): null

02-12-2024T07:03:03 - [TEST_STEP][PASSED] - i1 = z.indexOf("/") + 1: null

02-12-2024T07:03:03 - [TEST_STEP][PASSED] - if (i1 > -1): null

02-12-2024T07:03:03 - [TEST_STEP][PASSED] - z = z.substring(i1, z.length()): null

02-12-2024T07:03:03 - [TEST_STEP][PASSED] - i1 = z.indexOf("/"): null

02-12-2024T07:03:03 - [TEST_STEP][PASSED] - i1 = z.indexOf("/") + 1: null

02-12-2024T07:03:03 - [TEST_STEP][PASSED] - if (i1 > -1): null

02-12-2024T07:03:03 - [TEST_STEP][PASSED] - z = z.substring(i1, z.length()): null

02-12-2024T07:03:03 - [TEST_STEP][PASSED] - i1 = z.indexOf("/"): null

02-12-2024T07:03:03 - [TEST_STEP][PASSED] - i1 = z.indexOf("/"): null

02-12-2024T07:03:03 - [TEST_STEP][PASSED] - if (i1 > -1): null

02-12-2024T07:03:03 - [TEST_STEP][PASSED] - z = z.substring(0, i1): null

02-12-2024T07:03:03 - [TEST_STEP][PASSED] - z = z.replace(",", "."): null

02-12-2024T07:03:03 - [TEST_STEP][PASSED] - println(z): null

02-12-2024T07:03:03 - [TEST_STEP][PASSED] - x = x + "/" + z: null

02-12-2024T07:03:03 - [TEST_STEP][PASSED] - x = x.replaceAll("[\r?
|
]", ""): null

02-12-2024T07:03:03 - [TEST_STEP][PASSED] - println(x): null

02-12-2024T07:03:03 - [TEST_STEP][PASSED] - return x: null

02-12-2024T07:03:03 - [TEST_STEP][PASSED] - println("lB: " + lB): null

02-12-2024T07:03:03 - [TEST_STEP][PASSED] - i = VseDZO.indexOf("Московский"): null

02-12-2024T07:03:03 - [TEST_STEP][PASSED] - if (i > -1): null

02-12-2024T07:03:03 - [TEST_STEP][PASSED] - dZONum = dZONum + 1: null

02-12-2024T07:03:03 - [TEST_STEP][PASSED] - mB = GetAllData(path, dZONum, VseDZO, x = "Россети Московский регион/"): null

02-12-2024T07:03:03 - [TEST_STEP][PASSED] - ii = <not implemented yet for class: org.codehaus.groovy.ast.expr.EmptyExpression>: null

02-12-2024T07:03:03 - [TEST_STEP][PASSED] - i1 = <not implemented yet for class: org.codehaus.groovy.ast.expr.EmptyExpression>: null

02-12-2024T07:03:03 - [TEST_STEP][PASSED] - z = <not implemented yet for class: org.codehaus.groovy.ast.expr.EmptyExpression>: null

02-12-2024T07:03:03 - [TEST_STEP][PASSED] - path2 = "Значения со страницы Выполнение бизнес-плана/Table Data/": null

02-12-2024T07:03:03 - [TEST_STEP][PASSED] - println("path: " + path): null

02-12-2024T07:03:03 - [TEST_STEP][PASSED] - println("dZONum: " + dZONum): null

02-12-2024T07:03:03 - [TEST_STEP][PASSED] - z = getText(findTestObject(path + "spanPlan" + dZONum)): Text of object 'Object Repository/Выполнение бизнес-плана/Выполнение бизнес-плана Балансы/spanPlan7' is: '7.26'

02-12-2024T07:03:03 - [MESSAGE][PASSED] - Text of object 'Object Repository/Выполнение бизнес-плана/Выполнение бизнес-плана Балансы/spanPlan7' is: '7.26'

02-12-2024T07:03:03 - [TEST_STEP][PASSED] - println(z): null

02-12-2024T07:03:03 - [TEST_STEP][PASSED] - ii = z.indexOf("|"): null

02-12-2024T07:03:03 - [TEST_STEP][PASSED] - if (ii > -1): null

02-12-2024T07:03:03 - [TEST_STEP][PASSED] - z = z.replaceAll("\s+", ""): null

02-12-2024T07:03:03 - [TEST_STEP][PASSED] - z = z.replace("[\r?
|
]", "/"): null

02-12-2024T07:03:03 - [TEST_STEP][PASSED] - println(z): null

02-12-2024T07:03:03 - [TEST_STEP][PASSED] - x = x + z: null

02-12-2024T07:03:03 - [TEST_STEP][PASSED] - z = getText(findTestObject(path + "spanFact" + dZONum)): Text of object 'Object Repository/Выполнение бизнес-плана/Выполнение бизнес-плана Балансы/spanFact7' is: '7.35
|'

02-12-2024T07:03:04 - [MESSAGE][PASSED] - Text of object 'Object Repository/Выполнение бизнес-плана/Выполнение бизнес-плана Балансы/spanFact7' is: '7.35
|'

02-12-2024T07:03:04 - [TEST_STEP][PASSED] - ii = z.indexOf("|"): null

02-12-2024T07:03:04 - [TEST_STEP][PASSED] - if (ii > -1): null

02-12-2024T07:03:04 - [TEST_STEP][PASSED] - z = length() - 1).replace("[\r?
|
]", "/"): null

02-12-2024T07:03:04 - [TEST_STEP][PASSED] - x = x + "/" + z: null

02-12-2024T07:03:04 - [TEST_STEP][PASSED] - z = getText(findTestObject(path + path2 + "Факт Отпуск в сеть за отчётный период " + dZONum)).replaceAll("\s+", ""): Text of object 'Object Repository/Выполнение бизнес-плана/Выполнение бизнес-плана Балансы/Значения со страницы Выполнение бизнес-плана/Table Data/Факт Отпуск в сеть за отчётный период 7' is: '84 423 998'

02-12-2024T07:03:04 - [MESSAGE][PASSED] - Text of object 'Object Repository/Выполнение бизнес-плана/Выполнение бизнес-плана Балансы/Значения со страницы Выполнение бизнес-плана/Table Data/Факт Отпуск в сеть за отчётный период 7' is: '84 423 998'

02-12-2024T07:03:04 - [TEST_STEP][PASSED] - x = x + "/" + z: null

02-12-2024T07:03:04 - [TEST_STEP][PASSED] - z = getText(findTestObject(path + path2 + "Факт Отпуск из сети за отчётный период " + dZONum)).replaceAll("\s+", ""): Text of object 'Object Repository/Выполнение бизнес-плана/Выполнение бизнес-плана Балансы/Значения со страницы Выполнение бизнес-плана/Table Data/Факт Отпуск из сети за отчётный период 7' is: '78 218 926'

02-12-2024T07:03:04 - [MESSAGE][PASSED] - Text of object 'Object Repository/Выполнение бизнес-плана/Выполнение бизнес-плана Балансы/Значения со страницы Выполнение бизнес-плана/Table Data/Факт Отпуск из сети за отчётный период 7' is: '78 218 926'

02-12-2024T07:03:04 - [TEST_STEP][PASSED] - x = x + "/" + z: null

02-12-2024T07:03:04 - [TEST_STEP][PASSED] - z = getText(findTestObject(path + path2 + "Факт Потери за отчётный период " + dZONum)).replaceAll("\s+", ""): Text of object 'Object Repository/Выполнение бизнес-плана/Выполнение бизнес-плана Балансы/Значения со страницы Выполнение бизнес-плана/Table Data/Факт Потери за отчётный период 7' is: '6 205 073'

02-12-2024T07:03:05 - [MESSAGE][PASSED] - Text of object 'Object Repository/Выполнение бизнес-плана/Выполнение бизнес-плана Балансы/Значения со страницы Выполнение бизнес-плана/Table Data/Факт Потери за отчётный период 7' is: '6 205 073'

02-12-2024T07:03:05 - [TEST_STEP][PASSED] - x = x + "/" + z: null

02-12-2024T07:03:05 - [TEST_STEP][PASSED] - z = getText(findTestObject(path + path2 + "План Отпуск в сеть за отчётный период " + dZONum)).replaceAll("\s+", ""): Text of object 'Object Repository/Выполнение бизнес-плана/Выполнение бизнес-плана Балансы/Значения со страницы Выполнение бизнес-плана/Table Data/План Отпуск в сеть за отчётный период 7' is: '80 544 314'

02-12-2024T07:03:05 - [MESSAGE][PASSED] - Text of object 'Object Repository/Выполнение бизнес-плана/Выполнение бизнес-плана Балансы/Значения со страницы Выполнение бизнес-плана/Table Data/План Отпуск в сеть за отчётный период 7' is: '80 544 314'

02-12-2024T07:03:05 - [TEST_STEP][PASSED] - x = x + "/" + z: null

02-12-2024T07:03:05 - [TEST_STEP][PASSED] - z = getText(findTestObject(path + path2 + "План Отпуск из сети за отчётный период " + dZONum)).replaceAll("\s+", ""): Text of object 'Object Repository/Выполнение бизнес-плана/Выполнение бизнес-плана Балансы/Значения со страницы Выполнение бизнес-плана/Table Data/План Отпуск из сети за отчётный период 7' is: '74 697 878'

02-12-2024T07:03:05 - [MESSAGE][PASSED] - Text of object 'Object Repository/Выполнение бизнес-плана/Выполнение бизнес-плана Балансы/Значения со страницы Выполнение бизнес-плана/Table Data/План Отпуск из сети за отчётный период 7' is: '74 697 878'

02-12-2024T07:03:05 - [TEST_STEP][PASSED] - x = x + "/" + z: null

02-12-2024T07:03:05 - [TEST_STEP][PASSED] - z = getText(findTestObject(path + path2 + "План Потери за отчётный период " + dZONum)).replaceAll("\s+", ""): Text of object 'Object Repository/Выполнение бизнес-плана/Выполнение бизнес-плана Балансы/Значения со страницы Выполнение бизнес-плана/Table Data/План Потери за отчётный период 7' is: '5 846 436'

02-12-2024T07:03:06 - [MESSAGE][PASSED] - Text of object 'Object Repository/Выполнение бизнес-плана/Выполнение бизнес-плана Балансы/Значения со страницы Выполнение бизнес-плана/Table Data/План Потери за отчётный период 7' is: '5 846 436'

02-12-2024T07:03:06 - [TEST_STEP][PASSED] - x = x + "/" + z: null

02-12-2024T07:03:06 - [TEST_STEP][PASSED] - z = getText(findTestObject(path + "Список ДЗО")).replaceAll("[\r?
|
]", "/"): Text of object 'Object Repository/Выполнение бизнес-плана/Выполнение бизнес-плана Балансы/Список ДЗО' is: '-0.21
-0.07
3.72
-0.38
-0.53
0.09
0.09
3.84
-0.41
-0.05
-0.01
0.15
-0.11
-0.50
-0.27
-0.45
-0.05
Россети ФСКЕЭС
АО«Тываэнерго»
АО«Чеченэнерго»
РоссетиВолга
РоссетиКубань
РоссетиЛенэнерго(ГК)
РоссетиМосковскийрегион
РоссетиСеверныйКавказ
РоссетиСеверо-Запад
РоссетиСибирь
РоссетиТомск
РоссетиТюмень
Россети Урал(ГК)
РоссетиЦентр (ГК)
РоссетиЦентр иПриволжье(ГК)
Россети Юг(ГК)
РоссетиЯнтарь
0
2
4
6
-2
8'

02-12-2024T07:03:06 - [MESSAGE][PASSED] - Text of object 'Object Repository/Выполнение бизнес-плана/Выполнение бизнес-плана Балансы/Список ДЗО' is: '-0.21
-0.07
3.72
-0.38
-0.53
0.09
0.09
3.84
-0.41
-0.05
-0.01
0.15
-0.11
-0.50
-0.27
-0.45
-0.05
Россети ФСКЕЭС
АО«Тываэнерго»
АО«Чеченэнерго»
РоссетиВолга
РоссетиКубань
РоссетиЛенэнерго(ГК)
РоссетиМосковскийрегион
РоссетиСеверныйКавказ
РоссетиСеверо-Запад
РоссетиСибирь
РоссетиТомск
РоссетиТюмень
Россети Урал(ГК)
РоссетиЦентр (ГК)
РоссетиЦентр иПриволжье(ГК)
Россети Юг(ГК)
РоссетиЯнтарь
0
2
4
6
-2
8'

02-12-2024T07:03:06 - [TEST_STEP][PASSED] - for ([ii = 1, ii < dZONum, (ii++)]): null

02-12-2024T07:03:06 - [TEST_STEP][PASSED] - i1 = z.indexOf("/") + 1: null

02-12-2024T07:03:06 - [TEST_STEP][PASSED] - if (i1 > -1): null

02-12-2024T07:03:06 - [TEST_STEP][PASSED] - z = z.substring(i1, z.length()): null

02-12-2024T07:03:06 - [TEST_STEP][PASSED] - i1 = z.indexOf("/"): null

02-12-2024T07:03:06 - [TEST_STEP][PASSED] - i1 = z.indexOf("/") + 1: null

02-12-2024T07:03:06 - [TEST_STEP][PASSED] - if (i1 > -1): null

02-12-2024T07:03:06 - [TEST_STEP][PASSED] - z = z.substring(i1, z.length()): null

02-12-2024T07:03:06 - [TEST_STEP][PASSED] - i1 = z.indexOf("/"): null

02-12-2024T07:03:06 - [TEST_STEP][PASSED] - i1 = z.indexOf("/") + 1: null

02-12-2024T07:03:06 - [TEST_STEP][PASSED] - if (i1 > -1): null

02-12-2024T07:03:06 - [TEST_STEP][PASSED] - z = z.substring(i1, z.length()): null

02-12-2024T07:03:06 - [TEST_STEP][PASSED] - i1 = z.indexOf("/"): null

02-12-2024T07:03:06 - [TEST_STEP][PASSED] - i1 = z.indexOf("/") + 1: null

02-12-2024T07:03:06 - [TEST_STEP][PASSED] - if (i1 > -1): null

02-12-2024T07:03:06 - [TEST_STEP][PASSED] - z = z.substring(i1, z.length()): null

02-12-2024T07:03:06 - [TEST_STEP][PASSED] - i1 = z.indexOf("/"): null

02-12-2024T07:03:06 - [TEST_STEP][PASSED] - i1 = z.indexOf("/") + 1: null

02-12-2024T07:03:06 - [TEST_STEP][PASSED] - if (i1 > -1): null

02-12-2024T07:03:06 - [TEST_STEP][PASSED] - z = z.substring(i1, z.length()): null

02-12-2024T07:03:06 - [TEST_STEP][PASSED] - i1 = z.indexOf("/"): null

02-12-2024T07:03:06 - [TEST_STEP][PASSED] - i1 = z.indexOf("/") + 1: null

02-12-2024T07:03:06 - [TEST_STEP][PASSED] - if (i1 > -1): null

02-12-2024T07:03:06 - [TEST_STEP][PASSED] - z = z.substring(i1, z.length()): null

02-12-2024T07:03:06 - [TEST_STEP][PASSED] - i1 = z.indexOf("/"): null

02-12-2024T07:03:06 - [TEST_STEP][PASSED] - i1 = z.indexOf("/"): null

02-12-2024T07:03:06 - [TEST_STEP][PASSED] - if (i1 > -1): null

02-12-2024T07:03:06 - [TEST_STEP][PASSED] - z = z.substring(0, i1): null

02-12-2024T07:03:06 - [TEST_STEP][PASSED] - z = z.replace(",", "."): null

02-12-2024T07:03:06 - [TEST_STEP][PASSED] - println(z): null

02-12-2024T07:03:06 - [TEST_STEP][PASSED] - x = x + "/" + z: null

02-12-2024T07:03:06 - [TEST_STEP][PASSED] - x = x.replaceAll("[\r?
|
]", ""): null

02-12-2024T07:03:06 - [TEST_STEP][PASSED] - println(x): null

02-12-2024T07:03:06 - [TEST_STEP][PASSED] - return x: null

02-12-2024T07:03:06 - [TEST_STEP][PASSED] - println("mB: " + mB): null

02-12-2024T07:03:06 - [TEST_STEP][PASSED] - i = VseDZO.indexOf("Кавказ"): null

02-12-2024T07:03:06 - [TEST_STEP][PASSED] - if (i > -1): null

02-12-2024T07:03:06 - [TEST_STEP][PASSED] - dZONum = dZONum + 1: null

02-12-2024T07:03:06 - [TEST_STEP][PASSED] - sKB = GetAllData(path, dZONum, VseDZO, x = "Россети Северный Кавказ (ГК)/"): null

02-12-2024T07:03:06 - [TEST_STEP][PASSED] - ii = <not implemented yet for class: org.codehaus.groovy.ast.expr.EmptyExpression>: null

02-12-2024T07:03:06 - [TEST_STEP][PASSED] - i1 = <not implemented yet for class: org.codehaus.groovy.ast.expr.EmptyExpression>: null

02-12-2024T07:03:06 - [TEST_STEP][PASSED] - z = <not implemented yet for class: org.codehaus.groovy.ast.expr.EmptyExpression>: null

02-12-2024T07:03:06 - [TEST_STEP][PASSED] - path2 = "Значения со страницы Выполнение бизнес-плана/Table Data/": null

02-12-2024T07:03:06 - [TEST_STEP][PASSED] - println("path: " + path): null

02-12-2024T07:03:06 - [TEST_STEP][PASSED] - println("dZONum: " + dZONum): null

02-12-2024T07:03:06 - [TEST_STEP][PASSED] - z = getText(findTestObject(path + "spanPlan" + dZONum)): Text of object 'Object Repository/Выполнение бизнес-плана/Выполнение бизнес-плана Балансы/spanPlan8' is: '23.70'

02-12-2024T07:03:06 - [MESSAGE][PASSED] - Text of object 'Object Repository/Выполнение бизнес-плана/Выполнение бизнес-плана Балансы/spanPlan8' is: '23.70'

02-12-2024T07:03:06 - [TEST_STEP][PASSED] - println(z): null

02-12-2024T07:03:06 - [TEST_STEP][PASSED] - ii = z.indexOf("|"): null

02-12-2024T07:03:06 - [TEST_STEP][PASSED] - if (ii > -1): null

02-12-2024T07:03:06 - [TEST_STEP][PASSED] - z = z.replaceAll("\s+", ""): null

02-12-2024T07:03:06 - [TEST_STEP][PASSED] - z = z.replace("[\r?
|
]", "/"): null

02-12-2024T07:03:06 - [TEST_STEP][PASSED] - println(z): null

02-12-2024T07:03:06 - [TEST_STEP][PASSED] - x = x + z: null

02-12-2024T07:03:06 - [TEST_STEP][PASSED] - z = getText(findTestObject(path + "spanFact" + dZONum)): Text of object 'Object Repository/Выполнение бизнес-плана/Выполнение бизнес-плана Балансы/spanFact8' is: '27.54
|'

02-12-2024T07:03:07 - [MESSAGE][PASSED] - Text of object 'Object Repository/Выполнение бизнес-плана/Выполнение бизнес-плана Балансы/spanFact8' is: '27.54
|'

02-12-2024T07:03:07 - [TEST_STEP][PASSED] - ii = z.indexOf("|"): null

02-12-2024T07:03:07 - [TEST_STEP][PASSED] - if (ii > -1): null

02-12-2024T07:03:07 - [TEST_STEP][PASSED] - z = length() - 1).replace("[\r?
|
]", "/"): null

02-12-2024T07:03:07 - [TEST_STEP][PASSED] - x = x + "/" + z: null

02-12-2024T07:03:07 - [TEST_STEP][PASSED] - z = getText(findTestObject(path + path2 + "Факт Отпуск в сеть за отчётный период " + dZONum)).replaceAll("\s+", ""): Text of object 'Object Repository/Выполнение бизнес-плана/Выполнение бизнес-плана Балансы/Значения со страницы Выполнение бизнес-плана/Table Data/Факт Отпуск в сеть за отчётный период 8' is: '17 367 779'

02-12-2024T07:03:07 - [MESSAGE][PASSED] - Text of object 'Object Repository/Выполнение бизнес-плана/Выполнение бизнес-плана Балансы/Значения со страницы Выполнение бизнес-плана/Table Data/Факт Отпуск в сеть за отчётный период 8' is: '17 367 779'

02-12-2024T07:03:07 - [TEST_STEP][PASSED] - x = x + "/" + z: null

02-12-2024T07:03:07 - [TEST_STEP][PASSED] - z = getText(findTestObject(path + path2 + "Факт Отпуск из сети за отчётный период " + dZONum)).replaceAll("\s+", ""): Text of object 'Object Repository/Выполнение бизнес-плана/Выполнение бизнес-плана Балансы/Значения со страницы Выполнение бизнес-плана/Table Data/Факт Отпуск из сети за отчётный период 8' is: '12 584 601'

02-12-2024T07:03:07 - [MESSAGE][PASSED] - Text of object 'Object Repository/Выполнение бизнес-плана/Выполнение бизнес-плана Балансы/Значения со страницы Выполнение бизнес-плана/Table Data/Факт Отпуск из сети за отчётный период 8' is: '12 584 601'

02-12-2024T07:03:07 - [TEST_STEP][PASSED] - x = x + "/" + z: null

02-12-2024T07:03:07 - [TEST_STEP][PASSED] - z = getText(findTestObject(path + path2 + "Факт Потери за отчётный период " + dZONum)).replaceAll("\s+", ""): Text of object 'Object Repository/Выполнение бизнес-плана/Выполнение бизнес-плана Балансы/Значения со страницы Выполнение бизнес-плана/Table Data/Факт Потери за отчётный период 8' is: '4 783 177'

02-12-2024T07:03:07 - [MESSAGE][PASSED] - Text of object 'Object Repository/Выполнение бизнес-плана/Выполнение бизнес-плана Балансы/Значения со страницы Выполнение бизнес-плана/Table Data/Факт Потери за отчётный период 8' is: '4 783 177'

02-12-2024T07:03:07 - [TEST_STEP][PASSED] - x = x + "/" + z: null

02-12-2024T07:03:07 - [TEST_STEP][PASSED] - z = getText(findTestObject(path + path2 + "План Отпуск в сеть за отчётный период " + dZONum)).replaceAll("\s+", ""): Text of object 'Object Repository/Выполнение бизнес-плана/Выполнение бизнес-плана Балансы/Значения со страницы Выполнение бизнес-плана/Table Data/План Отпуск в сеть за отчётный период 8' is: '16 300 204'

02-12-2024T07:03:08 - [MESSAGE][PASSED] - Text of object 'Object Repository/Выполнение бизнес-плана/Выполнение бизнес-плана Балансы/Значения со страницы Выполнение бизнес-плана/Table Data/План Отпуск в сеть за отчётный период 8' is: '16 300 204'

02-12-2024T07:03:08 - [TEST_STEP][PASSED] - x = x + "/" + z: null

02-12-2024T07:03:08 - [TEST_STEP][PASSED] - z = getText(findTestObject(path + path2 + "План Отпуск из сети за отчётный период " + dZONum)).replaceAll("\s+", ""): Text of object 'Object Repository/Выполнение бизнес-плана/Выполнение бизнес-плана Балансы/Значения со страницы Выполнение бизнес-плана/Table Data/План Отпуск из сети за отчётный период 8' is: '12 437 092'

02-12-2024T07:03:08 - [MESSAGE][PASSED] - Text of object 'Object Repository/Выполнение бизнес-плана/Выполнение бизнес-плана Балансы/Значения со страницы Выполнение бизнес-плана/Table Data/План Отпуск из сети за отчётный период 8' is: '12 437 092'

02-12-2024T07:03:08 - [TEST_STEP][PASSED] - x = x + "/" + z: null

02-12-2024T07:03:08 - [TEST_STEP][PASSED] - z = getText(findTestObject(path + path2 + "План Потери за отчётный период " + dZONum)).replaceAll("\s+", ""): Text of object 'Object Repository/Выполнение бизнес-плана/Выполнение бизнес-плана Балансы/Значения со страницы Выполнение бизнес-плана/Table Data/План Потери за отчётный период 8' is: '3 863 112'

02-12-2024T07:03:08 - [MESSAGE][PASSED] - Text of object 'Object Repository/Выполнение бизнес-плана/Выполнение бизнес-плана Балансы/Значения со страницы Выполнение бизнес-плана/Table Data/План Потери за отчётный период 8' is: '3 863 112'

02-12-2024T07:03:08 - [TEST_STEP][PASSED] - x = x + "/" + z: null

02-12-2024T07:03:08 - [TEST_STEP][PASSED] - z = getText(findTestObject(path + "Список ДЗО")).replaceAll("[\r?
|
]", "/"): Text of object 'Object Repository/Выполнение бизнес-плана/Выполнение бизнес-плана Балансы/Список ДЗО' is: '-0.21
-0.07
3.72
-0.38
-0.53
0.09
0.09
3.84
-0.41
-0.05
-0.01
0.15
-0.11
-0.50
-0.27
-0.45
-0.05
Россети ФСКЕЭС
АО«Тываэнерго»
АО«Чеченэнерго»
РоссетиВолга
РоссетиКубань
РоссетиЛенэнерго(ГК)
РоссетиМосковскийрегион
РоссетиСеверныйКавказ
РоссетиСеверо-Запад
РоссетиСибирь
РоссетиТомск
РоссетиТюмень
Россети Урал(ГК)
РоссетиЦентр (ГК)
РоссетиЦентр иПриволжье(ГК)
Россети Юг(ГК)
РоссетиЯнтарь
0
2
4
6
-2
8'

02-12-2024T07:03:09 - [MESSAGE][PASSED] - Text of object 'Object Repository/Выполнение бизнес-плана/Выполнение бизнес-плана Балансы/Список ДЗО' is: '-0.21
-0.07
3.72
-0.38
-0.53
0.09
0.09
3.84
-0.41
-0.05
-0.01
0.15
-0.11
-0.50
-0.27
-0.45
-0.05
Россети ФСКЕЭС
АО«Тываэнерго»
АО«Чеченэнерго»
РоссетиВолга
РоссетиКубань
РоссетиЛенэнерго(ГК)
РоссетиМосковскийрегион
РоссетиСеверныйКавказ
РоссетиСеверо-Запад
РоссетиСибирь
РоссетиТомск
РоссетиТюмень
Россети Урал(ГК)
РоссетиЦентр (ГК)
РоссетиЦентр иПриволжье(ГК)
Россети Юг(ГК)
РоссетиЯнтарь
0
2
4
6
-2
8'

02-12-2024T07:03:09 - [TEST_STEP][PASSED] - for ([ii = 1, ii < dZONum, (ii++)]): null

02-12-2024T07:03:09 - [TEST_STEP][PASSED] - i1 = z.indexOf("/") + 1: null

02-12-2024T07:03:09 - [TEST_STEP][PASSED] - if (i1 > -1): null

02-12-2024T07:03:09 - [TEST_STEP][PASSED] - z = z.substring(i1, z.length()): null

02-12-2024T07:03:09 - [TEST_STEP][PASSED] - i1 = z.indexOf("/"): null

02-12-2024T07:03:09 - [TEST_STEP][PASSED] - i1 = z.indexOf("/") + 1: null

02-12-2024T07:03:09 - [TEST_STEP][PASSED] - if (i1 > -1): null

02-12-2024T07:03:09 - [TEST_STEP][PASSED] - z = z.substring(i1, z.length()): null

02-12-2024T07:03:09 - [TEST_STEP][PASSED] - i1 = z.indexOf("/"): null

02-12-2024T07:03:09 - [TEST_STEP][PASSED] - i1 = z.indexOf("/") + 1: null

02-12-2024T07:03:09 - [TEST_STEP][PASSED] - if (i1 > -1): null

02-12-2024T07:03:09 - [TEST_STEP][PASSED] - z = z.substring(i1, z.length()): null

02-12-2024T07:03:09 - [TEST_STEP][PASSED] - i1 = z.indexOf("/"): null

02-12-2024T07:03:09 - [TEST_STEP][PASSED] - i1 = z.indexOf("/") + 1: null

02-12-2024T07:03:09 - [TEST_STEP][PASSED] - if (i1 > -1): null

02-12-2024T07:03:09 - [TEST_STEP][PASSED] - z = z.substring(i1, z.length()): null

02-12-2024T07:03:09 - [TEST_STEP][PASSED] - i1 = z.indexOf("/"): null

02-12-2024T07:03:09 - [TEST_STEP][PASSED] - i1 = z.indexOf("/") + 1: null

02-12-2024T07:03:09 - [TEST_STEP][PASSED] - if (i1 > -1): null

02-12-2024T07:03:09 - [TEST_STEP][PASSED] - z = z.substring(i1, z.length()): null

02-12-2024T07:03:09 - [TEST_STEP][PASSED] - i1 = z.indexOf("/"): null

02-12-2024T07:03:09 - [TEST_STEP][PASSED] - i1 = z.indexOf("/") + 1: null

02-12-2024T07:03:09 - [TEST_STEP][PASSED] - if (i1 > -1): null

02-12-2024T07:03:09 - [TEST_STEP][PASSED] - z = z.substring(i1, z.length()): null

02-12-2024T07:03:09 - [TEST_STEP][PASSED] - i1 = z.indexOf("/"): null

02-12-2024T07:03:09 - [TEST_STEP][PASSED] - i1 = z.indexOf("/") + 1: null

02-12-2024T07:03:09 - [TEST_STEP][PASSED] - if (i1 > -1): null

02-12-2024T07:03:09 - [TEST_STEP][PASSED] - z = z.substring(i1, z.length()): null

02-12-2024T07:03:09 - [TEST_STEP][PASSED] - i1 = z.indexOf("/"): null

02-12-2024T07:03:09 - [TEST_STEP][PASSED] - i1 = z.indexOf("/"): null

02-12-2024T07:03:09 - [TEST_STEP][PASSED] - if (i1 > -1): null

02-12-2024T07:03:09 - [TEST_STEP][PASSED] - z = z.substring(0, i1): null

02-12-2024T07:03:09 - [TEST_STEP][PASSED] - z = z.replace(",", "."): null

02-12-2024T07:03:09 - [TEST_STEP][PASSED] - println(z): null

02-12-2024T07:03:09 - [TEST_STEP][PASSED] - x = x + "/" + z: null

02-12-2024T07:03:09 - [TEST_STEP][PASSED] - x = x.replaceAll("[\r?
|
]", ""): null

02-12-2024T07:03:09 - [TEST_STEP][PASSED] - println(x): null

02-12-2024T07:03:09 - [TEST_STEP][PASSED] - return x: null

02-12-2024T07:03:09 - [TEST_STEP][PASSED] - println("sKB: " + sKB): null

02-12-2024T07:03:09 - [TEST_STEP][PASSED] - i = VseDZO.indexOf("Запад"): null

02-12-2024T07:03:09 - [TEST_STEP][PASSED] - if (i > -1): null

02-12-2024T07:03:09 - [TEST_STEP][PASSED] - dZONum = dZONum + 1: null

02-12-2024T07:03:09 - [TEST_STEP][PASSED] - sZB = GetAllData(path, dZONum, VseDZO, x = "Россети Северо-Запад/"): null

02-12-2024T07:03:09 - [TEST_STEP][PASSED] - ii = <not implemented yet for class: org.codehaus.groovy.ast.expr.EmptyExpression>: null

02-12-2024T07:03:09 - [TEST_STEP][PASSED] - i1 = <not implemented yet for class: org.codehaus.groovy.ast.expr.EmptyExpression>: null

02-12-2024T07:03:09 - [TEST_STEP][PASSED] - z = <not implemented yet for class: org.codehaus.groovy.ast.expr.EmptyExpression>: null

02-12-2024T07:03:09 - [TEST_STEP][PASSED] - path2 = "Значения со страницы Выполнение бизнес-плана/Table Data/": null

02-12-2024T07:03:09 - [TEST_STEP][PASSED] - println("path: " + path): null

02-12-2024T07:03:09 - [TEST_STEP][PASSED] - println("dZONum: " + dZONum): null

02-12-2024T07:03:09 - [TEST_STEP][PASSED] - z = getText(findTestObject(path + "spanPlan" + dZONum)): Text of object 'Object Repository/Выполнение бизнес-плана/Выполнение бизнес-плана Балансы/spanPlan9' is: '5.67
|'

02-12-2024T07:03:09 - [MESSAGE][PASSED] - Text of object 'Object Repository/Выполнение бизнес-плана/Выполнение бизнес-плана Балансы/spanPlan9' is: '5.67
|'

02-12-2024T07:03:09 - [TEST_STEP][PASSED] - println(z): null

02-12-2024T07:03:09 - [TEST_STEP][PASSED] - ii = z.indexOf("|"): null

02-12-2024T07:03:09 - [TEST_STEP][PASSED] - if (ii > -1): null

02-12-2024T07:03:09 - [TEST_STEP][PASSED] - z = z.substring(0, z.length() - 1): null

02-12-2024T07:03:09 - [TEST_STEP][PASSED] - println(z): null

02-12-2024T07:03:09 - [TEST_STEP][PASSED] - z = z.replaceAll("\s+", ""): null

02-12-2024T07:03:09 - [TEST_STEP][PASSED] - z = z.replace("[\r?
|
]", "/"): null

02-12-2024T07:03:09 - [TEST_STEP][PASSED] - println(z): null

02-12-2024T07:03:09 - [TEST_STEP][PASSED] - x = x + z: null

02-12-2024T07:03:09 - [TEST_STEP][PASSED] - z = getText(findTestObject(path + "spanFact" + dZONum)): Text of object 'Object Repository/Выполнение бизнес-плана/Выполнение бизнес-плана Балансы/spanFact9' is: '5.26'

02-12-2024T07:03:09 - [MESSAGE][PASSED] - Text of object 'Object Repository/Выполнение бизнес-плана/Выполнение бизнес-плана Балансы/spanFact9' is: '5.26'

02-12-2024T07:03:09 - [TEST_STEP][PASSED] - ii = z.indexOf("|"): null

02-12-2024T07:03:09 - [TEST_STEP][PASSED] - if (ii > -1): null

02-12-2024T07:03:09 - [TEST_STEP][PASSED] - x = x + "/" + z: null

02-12-2024T07:03:09 - [TEST_STEP][PASSED] - z = getText(findTestObject(path + path2 + "Факт Отпуск в сеть за отчётный период " + dZONum)).replaceAll("\s+", ""): Text of object 'Object Repository/Выполнение бизнес-плана/Выполнение бизнес-плана Балансы/Значения со страницы Выполнение бизнес-плана/Table Data/Факт Отпуск в сеть за отчётный период 9' is: '27 102 297'

02-12-2024T07:03:10 - [MESSAGE][PASSED] - Text of object 'Object Repository/Выполнение бизнес-плана/Выполнение бизнес-плана Балансы/Значения со страницы Выполнение бизнес-плана/Table Data/Факт Отпуск в сеть за отчётный период 9' is: '27 102 297'

02-12-2024T07:03:10 - [TEST_STEP][PASSED] - x = x + "/" + z: null

02-12-2024T07:03:10 - [TEST_STEP][PASSED] - z = getText(findTestObject(path + path2 + "Факт Отпуск из сети за отчётный период " + dZONum)).replaceAll("\s+", ""): Text of object 'Object Repository/Выполнение бизнес-плана/Выполнение бизнес-плана Балансы/Значения со страницы Выполнение бизнес-плана/Table Data/Факт Отпуск из сети за отчётный период 9' is: '25 676 842'

02-12-2024T07:03:10 - [MESSAGE][PASSED] - Text of object 'Object Repository/Выполнение бизнес-плана/Выполнение бизнес-плана Балансы/Значения со страницы Выполнение бизнес-плана/Table Data/Факт Отпуск из сети за отчётный период 9' is: '25 676 842'

02-12-2024T07:03:10 - [TEST_STEP][PASSED] - x = x + "/" + z: null

02-12-2024T07:03:10 - [TEST_STEP][PASSED] - z = getText(findTestObject(path + path2 + "Факт Потери за отчётный период " + dZONum)).replaceAll("\s+", ""): Text of object 'Object Repository/Выполнение бизнес-плана/Выполнение бизнес-плана Балансы/Значения со страницы Выполнение бизнес-плана/Table Data/Факт Потери за отчётный период 9' is: '1 425 455'

02-12-2024T07:03:10 - [MESSAGE][PASSED] - Text of object 'Object Repository/Выполнение бизнес-плана/Выполнение бизнес-плана Балансы/Значения со страницы Выполнение бизнес-плана/Table Data/Факт Потери за отчётный период 9' is: '1 425 455'

02-12-2024T07:03:10 - [TEST_STEP][PASSED] - x = x + "/" + z: null

02-12-2024T07:03:10 - [TEST_STEP][PASSED] - z = getText(findTestObject(path + path2 + "План Отпуск в сеть за отчётный период " + dZONum)).replaceAll("\s+", ""): Text of object 'Object Repository/Выполнение бизнес-плана/Выполнение бизнес-плана Балансы/Значения со страницы Выполнение бизнес-плана/Table Data/План Отпуск в сеть за отчётный период 9' is: '26 659 502'

02-12-2024T07:03:10 - [MESSAGE][PASSED] - Text of object 'Object Repository/Выполнение бизнес-плана/Выполнение бизнес-плана Балансы/Значения со страницы Выполнение бизнес-плана/Table Data/План Отпуск в сеть за отчётный период 9' is: '26 659 502'

02-12-2024T07:03:10 - [TEST_STEP][PASSED] - x = x + "/" + z: null

02-12-2024T07:03:10 - [TEST_STEP][PASSED] - z = getText(findTestObject(path + path2 + "План Отпуск из сети за отчётный период " + dZONum)).replaceAll("\s+", ""): Text of object 'Object Repository/Выполнение бизнес-плана/Выполнение бизнес-плана Балансы/Значения со страницы Выполнение бизнес-плана/Table Data/План Отпуск из сети за отчётный период 9' is: '25 149 128'

02-12-2024T07:03:11 - [MESSAGE][PASSED] - Text of object 'Object Repository/Выполнение бизнес-плана/Выполнение бизнес-плана Балансы/Значения со страницы Выполнение бизнес-плана/Table Data/План Отпуск из сети за отчётный период 9' is: '25 149 128'

02-12-2024T07:03:11 - [TEST_STEP][PASSED] - x = x + "/" + z: null

02-12-2024T07:03:11 - [TEST_STEP][PASSED] - z = getText(findTestObject(path + path2 + "План Потери за отчётный период " + dZONum)).replaceAll("\s+", ""): Text of object 'Object Repository/Выполнение бизнес-плана/Выполнение бизнес-плана Балансы/Значения со страницы Выполнение бизнес-плана/Table Data/План Потери за отчётный период 9' is: '1 510 374'

02-12-2024T07:03:11 - [MESSAGE][PASSED] - Text of object 'Object Repository/Выполнение бизнес-плана/Выполнение бизнес-плана Балансы/Значения со страницы Выполнение бизнес-плана/Table Data/План Потери за отчётный период 9' is: '1 510 374'

02-12-2024T07:03:11 - [TEST_STEP][PASSED] - x = x + "/" + z: null

02-12-2024T07:03:11 - [TEST_STEP][PASSED] - z = getText(findTestObject(path + "Список ДЗО")).replaceAll("[\r?
|
]", "/"): Text of object 'Object Repository/Выполнение бизнес-плана/Выполнение бизнес-плана Балансы/Список ДЗО' is: '-0.21
-0.07
3.72
-0.38
-0.53
0.09
0.09
3.84
-0.41
-0.05
-0.01
0.15
-0.11
-0.50
-0.27
-0.45
-0.05
Россети ФСКЕЭС
АО«Тываэнерго»
АО«Чеченэнерго»
РоссетиВолга
РоссетиКубань
РоссетиЛенэнерго(ГК)
РоссетиМосковскийрегион
РоссетиСеверныйКавказ
РоссетиСеверо-Запад
РоссетиСибирь
РоссетиТомск
РоссетиТюмень
Россети Урал(ГК)
РоссетиЦентр (ГК)
РоссетиЦентр иПриволжье(ГК)
Россети Юг(ГК)
РоссетиЯнтарь
0
2
4
6
-2
8'

02-12-2024T07:03:11 - [MESSAGE][PASSED] - Text of object 'Object Repository/Выполнение бизнес-плана/Выполнение бизнес-плана Балансы/Список ДЗО' is: '-0.21
-0.07
3.72
-0.38
-0.53
0.09
0.09
3.84
-0.41
-0.05
-0.01
0.15
-0.11
-0.50
-0.27
-0.45
-0.05
Россети ФСКЕЭС
АО«Тываэнерго»
АО«Чеченэнерго»
РоссетиВолга
РоссетиКубань
РоссетиЛенэнерго(ГК)
РоссетиМосковскийрегион
РоссетиСеверныйКавказ
РоссетиСеверо-Запад
РоссетиСибирь
РоссетиТомск
РоссетиТюмень
Россети Урал(ГК)
РоссетиЦентр (ГК)
РоссетиЦентр иПриволжье(ГК)
Россети Юг(ГК)
РоссетиЯнтарь
0
2
4
6
-2
8'

02-12-2024T07:03:11 - [TEST_STEP][PASSED] - for ([ii = 1, ii < dZONum, (ii++)]): null

02-12-2024T07:03:11 - [TEST_STEP][PASSED] - i1 = z.indexOf("/") + 1: null

02-12-2024T07:03:11 - [TEST_STEP][PASSED] - if (i1 > -1): null

02-12-2024T07:03:11 - [TEST_STEP][PASSED] - z = z.substring(i1, z.length()): null

02-12-2024T07:03:11 - [TEST_STEP][PASSED] - i1 = z.indexOf("/"): null

02-12-2024T07:03:11 - [TEST_STEP][PASSED] - i1 = z.indexOf("/") + 1: null

02-12-2024T07:03:11 - [TEST_STEP][PASSED] - if (i1 > -1): null

02-12-2024T07:03:11 - [TEST_STEP][PASSED] - z = z.substring(i1, z.length()): null

02-12-2024T07:03:11 - [TEST_STEP][PASSED] - i1 = z.indexOf("/"): null

02-12-2024T07:03:11 - [TEST_STEP][PASSED] - i1 = z.indexOf("/") + 1: null

02-12-2024T07:03:11 - [TEST_STEP][PASSED] - if (i1 > -1): null

02-12-2024T07:03:11 - [TEST_STEP][PASSED] - z = z.substring(i1, z.length()): null

02-12-2024T07:03:11 - [TEST_STEP][PASSED] - i1 = z.indexOf("/"): null

02-12-2024T07:03:11 - [TEST_STEP][PASSED] - i1 = z.indexOf("/") + 1: null

02-12-2024T07:03:11 - [TEST_STEP][PASSED] - if (i1 > -1): null

02-12-2024T07:03:11 - [TEST_STEP][PASSED] - z = z.substring(i1, z.length()): null

02-12-2024T07:03:11 - [TEST_STEP][PASSED] - i1 = z.indexOf("/"): null

02-12-2024T07:03:11 - [TEST_STEP][PASSED] - i1 = z.indexOf("/") + 1: null

02-12-2024T07:03:11 - [TEST_STEP][PASSED] - if (i1 > -1): null

02-12-2024T07:03:11 - [TEST_STEP][PASSED] - z = z.substring(i1, z.length()): null

02-12-2024T07:03:11 - [TEST_STEP][PASSED] - i1 = z.indexOf("/"): null

02-12-2024T07:03:11 - [TEST_STEP][PASSED] - i1 = z.indexOf("/") + 1: null

02-12-2024T07:03:11 - [TEST_STEP][PASSED] - if (i1 > -1): null

02-12-2024T07:03:11 - [TEST_STEP][PASSED] - z = z.substring(i1, z.length()): null

02-12-2024T07:03:11 - [TEST_STEP][PASSED] - i1 = z.indexOf("/"): null

02-12-2024T07:03:11 - [TEST_STEP][PASSED] - i1 = z.indexOf("/") + 1: null

02-12-2024T07:03:11 - [TEST_STEP][PASSED] - if (i1 > -1): null

02-12-2024T07:03:11 - [TEST_STEP][PASSED] - z = z.substring(i1, z.length()): null

02-12-2024T07:03:11 - [TEST_STEP][PASSED] - i1 = z.indexOf("/"): null

02-12-2024T07:03:11 - [TEST_STEP][PASSED] - i1 = z.indexOf("/") + 1: null

02-12-2024T07:03:11 - [TEST_STEP][PASSED] - if (i1 > -1): null

02-12-2024T07:03:11 - [TEST_STEP][PASSED] - z = z.substring(i1, z.length()): null

02-12-2024T07:03:11 - [TEST_STEP][PASSED] - i1 = z.indexOf("/"): null

02-12-2024T07:03:11 - [TEST_STEP][PASSED] - i1 = z.indexOf("/"): null

02-12-2024T07:03:11 - [TEST_STEP][PASSED] - if (i1 > -1): null

02-12-2024T07:03:11 - [TEST_STEP][PASSED] - z = z.substring(0, i1): null

02-12-2024T07:03:11 - [TEST_STEP][PASSED] - z = z.replace(",", "."): null

02-12-2024T07:03:11 - [TEST_STEP][PASSED] - println(z): null

02-12-2024T07:03:11 - [TEST_STEP][PASSED] - x = x + "/" + z: null

02-12-2024T07:03:11 - [TEST_STEP][PASSED] - x = x.replaceAll("[\r?
|
]", ""): null

02-12-2024T07:03:11 - [TEST_STEP][PASSED] - println(x): null

02-12-2024T07:03:11 - [TEST_STEP][PASSED] - return x: null

02-12-2024T07:03:11 - [TEST_STEP][PASSED] - println("sZB: " + sZB): null

02-12-2024T07:03:11 - [TEST_STEP][PASSED] - i = VseDZO.indexOf("Сибирь"): null

02-12-2024T07:03:11 - [TEST_STEP][PASSED] - if (i > -1): null

02-12-2024T07:03:11 - [TEST_STEP][PASSED] - dZONum = dZONum + 1: null

02-12-2024T07:03:11 - [TEST_STEP][PASSED] - siB = GetAllData(path, dZONum, VseDZO, x = "Россети Сибирь (ГК)/"): null

02-12-2024T07:03:11 - [TEST_STEP][PASSED] - ii = <not implemented yet for class: org.codehaus.groovy.ast.expr.EmptyExpression>: null

02-12-2024T07:03:11 - [TEST_STEP][PASSED] - i1 = <not implemented yet for class: org.codehaus.groovy.ast.expr.EmptyExpression>: null

02-12-2024T07:03:11 - [TEST_STEP][PASSED] - z = <not implemented yet for class: org.codehaus.groovy.ast.expr.EmptyExpression>: null

02-12-2024T07:03:11 - [TEST_STEP][PASSED] - path2 = "Значения со страницы Выполнение бизнес-плана/Table Data/": null

02-12-2024T07:03:11 - [TEST_STEP][PASSED] - println("path: " + path): null

02-12-2024T07:03:11 - [TEST_STEP][PASSED] - println("dZONum: " + dZONum): null

02-12-2024T07:03:11 - [TEST_STEP][PASSED] - z = getText(findTestObject(path + "spanPlan" + dZONum)): Text of object 'Object Repository/Выполнение бизнес-плана/Выполнение бизнес-плана Балансы/spanPlan10' is: '6.97
|'

02-12-2024T07:03:12 - [MESSAGE][PASSED] - Text of object 'Object Repository/Выполнение бизнес-плана/Выполнение бизнес-плана Балансы/spanPlan10' is: '6.97
|'

02-12-2024T07:03:12 - [TEST_STEP][PASSED] - println(z): null

02-12-2024T07:03:12 - [TEST_STEP][PASSED] - ii = z.indexOf("|"): null

02-12-2024T07:03:12 - [TEST_STEP][PASSED] - if (ii > -1): null

02-12-2024T07:03:12 - [TEST_STEP][PASSED] - z = z.substring(0, z.length() - 1): null

02-12-2024T07:03:12 - [TEST_STEP][PASSED] - println(z): null

02-12-2024T07:03:12 - [TEST_STEP][PASSED] - z = z.replaceAll("\s+", ""): null

02-12-2024T07:03:12 - [TEST_STEP][PASSED] - z = z.replace("[\r?
|
]", "/"): null

02-12-2024T07:03:12 - [TEST_STEP][PASSED] - println(z): null

02-12-2024T07:03:12 - [TEST_STEP][PASSED] - x = x + z: null

02-12-2024T07:03:12 - [TEST_STEP][PASSED] - z = getText(findTestObject(path + "spanFact" + dZONum)): Text of object 'Object Repository/Выполнение бизнес-плана/Выполнение бизнес-плана Балансы/spanFact10' is: '6.92'

02-12-2024T07:03:12 - [MESSAGE][PASSED] - Text of object 'Object Repository/Выполнение бизнес-плана/Выполнение бизнес-плана Балансы/spanFact10' is: '6.92'

02-12-2024T07:03:12 - [TEST_STEP][PASSED] - ii = z.indexOf("|"): null

02-12-2024T07:03:12 - [TEST_STEP][PASSED] - if (ii > -1): null

02-12-2024T07:03:12 - [TEST_STEP][PASSED] - x = x + "/" + z: null

02-12-2024T07:03:12 - [TEST_STEP][PASSED] - z = getText(findTestObject(path + path2 + "Факт Отпуск в сеть за отчётный период " + dZONum)).replaceAll("\s+", ""): Text of object 'Object Repository/Выполнение бизнес-плана/Выполнение бизнес-плана Балансы/Значения со страницы Выполнение бизнес-плана/Table Data/Факт Отпуск в сеть за отчётный период 10' is: '46 928 172'

02-12-2024T07:03:12 - [MESSAGE][PASSED] - Text of object 'Object Repository/Выполнение бизнес-плана/Выполнение бизнес-плана Балансы/Значения со страницы Выполнение бизнес-плана/Table Data/Факт Отпуск в сеть за отчётный период 10' is: '46 928 172'

02-12-2024T07:03:12 - [TEST_STEP][PASSED] - x = x + "/" + z: null

02-12-2024T07:03:12 - [TEST_STEP][PASSED] - z = getText(findTestObject(path + path2 + "Факт Отпуск из сети за отчётный период " + dZONum)).replaceAll("\s+", ""): Text of object 'Object Repository/Выполнение бизнес-плана/Выполнение бизнес-плана Балансы/Значения со страницы Выполнение бизнес-плана/Table Data/Факт Отпуск из сети за отчётный период 10' is: '43 678 766'

02-12-2024T07:03:13 - [MESSAGE][PASSED] - Text of object 'Object Repository/Выполнение бизнес-плана/Выполнение бизнес-плана Балансы/Значения со страницы Выполнение бизнес-плана/Table Data/Факт Отпуск из сети за отчётный период 10' is: '43 678 766'

02-12-2024T07:03:13 - [TEST_STEP][PASSED] - x = x + "/" + z: null

02-12-2024T07:03:13 - [TEST_STEP][PASSED] - z = getText(findTestObject(path + path2 + "Факт Потери за отчётный период " + dZONum)).replaceAll("\s+", ""): Text of object 'Object Repository/Выполнение бизнес-плана/Выполнение бизнес-плана Балансы/Значения со страницы Выполнение бизнес-плана/Table Data/Факт Потери за отчётный период 10' is: '3 249 406'

02-12-2024T07:03:13 - [MESSAGE][PASSED] - Text of object 'Object Repository/Выполнение бизнес-плана/Выполнение бизнес-плана Балансы/Значения со страницы Выполнение бизнес-плана/Table Data/Факт Потери за отчётный период 10' is: '3 249 406'

02-12-2024T07:03:13 - [TEST_STEP][PASSED] - x = x + "/" + z: null

02-12-2024T07:03:13 - [TEST_STEP][PASSED] - z = getText(findTestObject(path + path2 + "План Отпуск в сеть за отчётный период " + dZONum)).replaceAll("\s+", ""): Text of object 'Object Repository/Выполнение бизнес-плана/Выполнение бизнес-плана Балансы/Значения со страницы Выполнение бизнес-плана/Table Data/План Отпуск в сеть за отчётный период 10' is: '44 875 501'

02-12-2024T07:03:13 - [MESSAGE][PASSED] - Text of object 'Object Repository/Выполнение бизнес-плана/Выполнение бизнес-плана Балансы/Значения со страницы Выполнение бизнес-плана/Table Data/План Отпуск в сеть за отчётный период 10' is: '44 875 501'

02-12-2024T07:03:13 - [TEST_STEP][PASSED] - x = x + "/" + z: null

02-12-2024T07:03:13 - [TEST_STEP][PASSED] - z = getText(findTestObject(path + path2 + "План Отпуск из сети за отчётный период " + dZONum)).replaceAll("\s+", ""): Text of object 'Object Repository/Выполнение бизнес-плана/Выполнение бизнес-плана Балансы/Значения со страницы Выполнение бизнес-плана/Table Data/План Отпуск из сети за отчётный период 10' is: '41 746 891'

02-12-2024T07:03:14 - [MESSAGE][PASSED] - Text of object 'Object Repository/Выполнение бизнес-плана/Выполнение бизнес-плана Балансы/Значения со страницы Выполнение бизнес-плана/Table Data/План Отпуск из сети за отчётный период 10' is: '41 746 891'

02-12-2024T07:03:14 - [TEST_STEP][PASSED] - x = x + "/" + z: null

02-12-2024T07:03:14 - [TEST_STEP][PASSED] - z = getText(findTestObject(path + path2 + "План Потери за отчётный период " + dZONum)).replaceAll("\s+", ""): Text of object 'Object Repository/Выполнение бизнес-плана/Выполнение бизнес-плана Балансы/Значения со страницы Выполнение бизнес-плана/Table Data/План Потери за отчётный период 10' is: '3 128 610'

02-12-2024T07:03:14 - [MESSAGE][PASSED] - Text of object 'Object Repository/Выполнение бизнес-плана/Выполнение бизнес-плана Балансы/Значения со страницы Выполнение бизнес-плана/Table Data/План Потери за отчётный период 10' is: '3 128 610'

02-12-2024T07:03:14 - [TEST_STEP][PASSED] - x = x + "/" + z: null

02-12-2024T07:03:14 - [TEST_STEP][PASSED] - z = getText(findTestObject(path + "Список ДЗО")).replaceAll("[\r?
|
]", "/"): Text of object 'Object Repository/Выполнение бизнес-плана/Выполнение бизнес-плана Балансы/Список ДЗО' is: '-0.21
-0.07
3.72
-0.38
-0.53
0.09
0.09
3.84
-0.41
-0.05
-0.01
0.15
-0.11
-0.50
-0.27
-0.45
-0.05
Россети ФСКЕЭС
АО«Тываэнерго»
АО«Чеченэнерго»
РоссетиВолга
РоссетиКубань
РоссетиЛенэнерго(ГК)
РоссетиМосковскийрегион
РоссетиСеверныйКавказ
РоссетиСеверо-Запад
РоссетиСибирь
РоссетиТомск
РоссетиТюмень
Россети Урал(ГК)
РоссетиЦентр (ГК)
РоссетиЦентр иПриволжье(ГК)
Россети Юг(ГК)
РоссетиЯнтарь
0
2
4
6
-2
8'

02-12-2024T07:03:14 - [MESSAGE][PASSED] - Text of object 'Object Repository/Выполнение бизнес-плана/Выполнение бизнес-плана Балансы/Список ДЗО' is: '-0.21
-0.07
3.72
-0.38
-0.53
0.09
0.09
3.84
-0.41
-0.05
-0.01
0.15
-0.11
-0.50
-0.27
-0.45
-0.05
Россети ФСКЕЭС
АО«Тываэнерго»
АО«Чеченэнерго»
РоссетиВолга
РоссетиКубань
РоссетиЛенэнерго(ГК)
РоссетиМосковскийрегион
РоссетиСеверныйКавказ
РоссетиСеверо-Запад
РоссетиСибирь
РоссетиТомск
РоссетиТюмень
Россети Урал(ГК)
РоссетиЦентр (ГК)
РоссетиЦентр иПриволжье(ГК)
Россети Юг(ГК)
РоссетиЯнтарь
0
2
4
6
-2
8'

02-12-2024T07:03:14 - [TEST_STEP][PASSED] - for ([ii = 1, ii < dZONum, (ii++)]): null

02-12-2024T07:03:14 - [TEST_STEP][PASSED] - i1 = z.indexOf("/") + 1: null

02-12-2024T07:03:14 - [TEST_STEP][PASSED] - if (i1 > -1): null

02-12-2024T07:03:14 - [TEST_STEP][PASSED] - z = z.substring(i1, z.length()): null

02-12-2024T07:03:14 - [TEST_STEP][PASSED] - i1 = z.indexOf("/"): null

02-12-2024T07:03:14 - [TEST_STEP][PASSED] - i1 = z.indexOf("/") + 1: null

02-12-2024T07:03:14 - [TEST_STEP][PASSED] - if (i1 > -1): null

02-12-2024T07:03:14 - [TEST_STEP][PASSED] - z = z.substring(i1, z.length()): null

02-12-2024T07:03:14 - [TEST_STEP][PASSED] - i1 = z.indexOf("/"): null

02-12-2024T07:03:14 - [TEST_STEP][PASSED] - i1 = z.indexOf("/") + 1: null

02-12-2024T07:03:14 - [TEST_STEP][PASSED] - if (i1 > -1): null

02-12-2024T07:03:14 - [TEST_STEP][PASSED] - z = z.substring(i1, z.length()): null

02-12-2024T07:03:14 - [TEST_STEP][PASSED] - i1 = z.indexOf("/"): null

02-12-2024T07:03:14 - [TEST_STEP][PASSED] - i1 = z.indexOf("/") + 1: null

02-12-2024T07:03:14 - [TEST_STEP][PASSED] - if (i1 > -1): null

02-12-2024T07:03:14 - [TEST_STEP][PASSED] - z = z.substring(i1, z.length()): null

02-12-2024T07:03:14 - [TEST_STEP][PASSED] - i1 = z.indexOf("/"): null

02-12-2024T07:03:14 - [TEST_STEP][PASSED] - i1 = z.indexOf("/") + 1: null

02-12-2024T07:03:14 - [TEST_STEP][PASSED] - if (i1 > -1): null

02-12-2024T07:03:14 - [TEST_STEP][PASSED] - z = z.substring(i1, z.length()): null

02-12-2024T07:03:14 - [TEST_STEP][PASSED] - i1 = z.indexOf("/"): null

02-12-2024T07:03:14 - [TEST_STEP][PASSED] - i1 = z.indexOf("/") + 1: null

02-12-2024T07:03:14 - [TEST_STEP][PASSED] - if (i1 > -1): null

02-12-2024T07:03:14 - [TEST_STEP][PASSED] - z = z.substring(i1, z.length()): null

02-12-2024T07:03:14 - [TEST_STEP][PASSED] - i1 = z.indexOf("/"): null

02-12-2024T07:03:14 - [TEST_STEP][PASSED] - i1 = z.indexOf("/") + 1: null

02-12-2024T07:03:14 - [TEST_STEP][PASSED] - if (i1 > -1): null

02-12-2024T07:03:14 - [TEST_STEP][PASSED] - z = z.substring(i1, z.length()): null

02-12-2024T07:03:14 - [TEST_STEP][PASSED] - i1 = z.indexOf("/"): null

02-12-2024T07:03:14 - [TEST_STEP][PASSED] - i1 = z.indexOf("/") + 1: null

02-12-2024T07:03:14 - [TEST_STEP][PASSED] - if (i1 > -1): null

02-12-2024T07:03:14 - [TEST_STEP][PASSED] - z = z.substring(i1, z.length()): null

02-12-2024T07:03:14 - [TEST_STEP][PASSED] - i1 = z.indexOf("/"): null

02-12-2024T07:03:14 - [TEST_STEP][PASSED] - i1 = z.indexOf("/") + 1: null

02-12-2024T07:03:14 - [TEST_STEP][PASSED] - if (i1 > -1): null

02-12-2024T07:03:14 - [TEST_STEP][PASSED] - z = z.substring(i1, z.length()): null

02-12-2024T07:03:14 - [TEST_STEP][PASSED] - i1 = z.indexOf("/"): null

02-12-2024T07:03:14 - [TEST_STEP][PASSED] - i1 = z.indexOf("/"): null

02-12-2024T07:03:14 - [TEST_STEP][PASSED] - if (i1 > -1): null

02-12-2024T07:03:14 - [TEST_STEP][PASSED] - z = z.substring(0, i1): null

02-12-2024T07:03:14 - [TEST_STEP][PASSED] - z = z.replace(",", "."): null

02-12-2024T07:03:14 - [TEST_STEP][PASSED] - println(z): null

02-12-2024T07:03:14 - [TEST_STEP][PASSED] - x = x + "/" + z: null

02-12-2024T07:03:14 - [TEST_STEP][PASSED] - x = x.replaceAll("[\r?
|
]", ""): null

02-12-2024T07:03:14 - [TEST_STEP][PASSED] - println(x): null

02-12-2024T07:03:14 - [TEST_STEP][PASSED] - return x: null

02-12-2024T07:03:14 - [TEST_STEP][PASSED] - println("siB: " + siB): null

02-12-2024T07:03:14 - [TEST_STEP][PASSED] - i = VseDZO.indexOf("Томск"): null

02-12-2024T07:03:14 - [TEST_STEP][PASSED] - if (i > -1): null

02-12-2024T07:03:14 - [TEST_STEP][PASSED] - dZONum = dZONum + 1: null

02-12-2024T07:03:14 - [TEST_STEP][PASSED] - tomB = GetAllData(path, dZONum, VseDZO, x = "Россети Томск/"): null

02-12-2024T07:03:14 - [TEST_STEP][PASSED] - ii = <not implemented yet for class: org.codehaus.groovy.ast.expr.EmptyExpression>: null

02-12-2024T07:03:14 - [TEST_STEP][PASSED] - i1 = <not implemented yet for class: org.codehaus.groovy.ast.expr.EmptyExpression>: null

02-12-2024T07:03:14 - [TEST_STEP][PASSED] - z = <not implemented yet for class: org.codehaus.groovy.ast.expr.EmptyExpression>: null

02-12-2024T07:03:14 - [TEST_STEP][PASSED] - path2 = "Значения со страницы Выполнение бизнес-плана/Table Data/": null

02-12-2024T07:03:14 - [TEST_STEP][PASSED] - println("path: " + path): null

02-12-2024T07:03:14 - [TEST_STEP][PASSED] - println("dZONum: " + dZONum): null

02-12-2024T07:03:14 - [TEST_STEP][PASSED] - z = getText(findTestObject(path + "spanPlan" + dZONum)): Text of object 'Object Repository/Выполнение бизнес-плана/Выполнение бизнес-плана Балансы/spanPlan11' is: '8.29
|'

02-12-2024T07:03:14 - [MESSAGE][PASSED] - Text of object 'Object Repository/Выполнение бизнес-плана/Выполнение бизнес-плана Балансы/spanPlan11' is: '8.29
|'

02-12-2024T07:03:14 - [TEST_STEP][PASSED] - println(z): null

02-12-2024T07:03:14 - [TEST_STEP][PASSED] - ii = z.indexOf("|"): null

02-12-2024T07:03:14 - [TEST_STEP][PASSED] - if (ii > -1): null

02-12-2024T07:03:14 - [TEST_STEP][PASSED] - z = z.substring(0, z.length() - 1): null

02-12-2024T07:03:14 - [TEST_STEP][PASSED] - println(z): null

02-12-2024T07:03:14 - [TEST_STEP][PASSED] - z = z.replaceAll("\s+", ""): null

02-12-2024T07:03:14 - [TEST_STEP][PASSED] - z = z.replace("[\r?
|
]", "/"): null

02-12-2024T07:03:14 - [TEST_STEP][PASSED] - println(z): null

02-12-2024T07:03:14 - [TEST_STEP][PASSED] - x = x + z: null

02-12-2024T07:03:14 - [TEST_STEP][PASSED] - z = getText(findTestObject(path + "spanFact" + dZONum)): Text of object 'Object Repository/Выполнение бизнес-плана/Выполнение бизнес-плана Балансы/spanFact11' is: '8.28'

02-12-2024T07:03:15 - [MESSAGE][PASSED] - Text of object 'Object Repository/Выполнение бизнес-плана/Выполнение бизнес-плана Балансы/spanFact11' is: '8.28'

02-12-2024T07:03:15 - [TEST_STEP][PASSED] - ii = z.indexOf("|"): null

02-12-2024T07:03:15 - [TEST_STEP][PASSED] - if (ii > -1): null

02-12-2024T07:03:15 - [TEST_STEP][PASSED] - x = x + "/" + z: null

02-12-2024T07:03:15 - [TEST_STEP][PASSED] - z = getText(findTestObject(path + path2 + "Факт Отпуск в сеть за отчётный период " + dZONum)).replaceAll("\s+", ""): Text of object 'Object Repository/Выполнение бизнес-плана/Выполнение бизнес-плана Балансы/Значения со страницы Выполнение бизнес-плана/Table Data/Факт Отпуск в сеть за отчётный период 11' is: '4 235 220'

02-12-2024T07:03:15 - [MESSAGE][PASSED] - Text of object 'Object Repository/Выполнение бизнес-плана/Выполнение бизнес-плана Балансы/Значения со страницы Выполнение бизнес-плана/Table Data/Факт Отпуск в сеть за отчётный период 11' is: '4 235 220'

02-12-2024T07:03:15 - [TEST_STEP][PASSED] - x = x + "/" + z: null

02-12-2024T07:03:15 - [TEST_STEP][PASSED] - z = getText(findTestObject(path + path2 + "Факт Отпуск из сети за отчётный период " + dZONum)).replaceAll("\s+", ""): Text of object 'Object Repository/Выполнение бизнес-плана/Выполнение бизнес-плана Балансы/Значения со страницы Выполнение бизнес-плана/Table Data/Факт Отпуск из сети за отчётный период 11' is: '3 884 378'

02-12-2024T07:03:15 - [MESSAGE][PASSED] - Text of object 'Object Repository/Выполнение бизнес-плана/Выполнение бизнес-плана Балансы/Значения со страницы Выполнение бизнес-плана/Table Data/Факт Отпуск из сети за отчётный период 11' is: '3 884 378'

02-12-2024T07:03:15 - [TEST_STEP][PASSED] - x = x + "/" + z: null

02-12-2024T07:03:15 - [TEST_STEP][PASSED] - z = getText(findTestObject(path + path2 + "Факт Потери за отчётный период " + dZONum)).replaceAll("\s+", ""): Text of object 'Object Repository/Выполнение бизнес-плана/Выполнение бизнес-плана Балансы/Значения со страницы Выполнение бизнес-плана/Table Data/Факт Потери за отчётный период 11' is: '350 842'

02-12-2024T07:03:16 - [MESSAGE][PASSED] - Text of object 'Object Repository/Выполнение бизнес-плана/Выполнение бизнес-плана Балансы/Значения со страницы Выполнение бизнес-плана/Table Data/Факт Потери за отчётный период 11' is: '350 842'

02-12-2024T07:03:16 - [TEST_STEP][PASSED] - x = x + "/" + z: null

02-12-2024T07:03:16 - [TEST_STEP][PASSED] - z = getText(findTestObject(path + path2 + "План Отпуск в сеть за отчётный период " + dZONum)).replaceAll("\s+", ""): Text of object 'Object Repository/Выполнение бизнес-плана/Выполнение бизнес-плана Балансы/Значения со страницы Выполнение бизнес-плана/Table Data/План Отпуск в сеть за отчётный период 11' is: '4 062 314'

02-12-2024T07:03:16 - [MESSAGE][PASSED] - Text of object 'Object Repository/Выполнение бизнес-плана/Выполнение бизнес-плана Балансы/Значения со страницы Выполнение бизнес-плана/Table Data/План Отпуск в сеть за отчётный период 11' is: '4 062 314'

02-12-2024T07:03:16 - [TEST_STEP][PASSED] - x = x + "/" + z: null

02-12-2024T07:03:16 - [TEST_STEP][PASSED] - z = getText(findTestObject(path + path2 + "План Отпуск из сети за отчётный период " + dZONum)).replaceAll("\s+", ""): Text of object 'Object Repository/Выполнение бизнес-плана/Выполнение бизнес-плана Балансы/Значения со страницы Выполнение бизнес-плана/Table Data/План Отпуск из сети за отчётный период 11' is: '3 725 557'

02-12-2024T07:03:16 - [MESSAGE][PASSED] - Text of object 'Object Repository/Выполнение бизнес-плана/Выполнение бизнес-плана Балансы/Значения со страницы Выполнение бизнес-плана/Table Data/План Отпуск из сети за отчётный период 11' is: '3 725 557'

02-12-2024T07:03:16 - [TEST_STEP][PASSED] - x = x + "/" + z: null

02-12-2024T07:03:16 - [TEST_STEP][PASSED] - z = getText(findTestObject(path + path2 + "План Потери за отчётный период " + dZONum)).replaceAll("\s+", ""): Text of object 'Object Repository/Выполнение бизнес-плана/Выполнение бизнес-плана Балансы/Значения со страницы Выполнение бизнес-плана/Table Data/План Потери за отчётный период 11' is: '336 757'

02-12-2024T07:03:17 - [MESSAGE][PASSED] - Text of object 'Object Repository/Выполнение бизнес-плана/Выполнение бизнес-плана Балансы/Значения со страницы Выполнение бизнес-плана/Table Data/План Потери за отчётный период 11' is: '336 757'

02-12-2024T07:03:17 - [TEST_STEP][PASSED] - x = x + "/" + z: null

02-12-2024T07:03:17 - [TEST_STEP][PASSED] - z = getText(findTestObject(path + "Список ДЗО")).replaceAll("[\r?
|
]", "/"): Text of object 'Object Repository/Выполнение бизнес-плана/Выполнение бизнес-плана Балансы/Список ДЗО' is: '-0.21
-0.07
3.72
-0.38
-0.53
0.09
0.09
3.84
-0.41
-0.05
-0.01
0.15
-0.11
-0.50
-0.27
-0.45
-0.05
Россети ФСКЕЭС
АО«Тываэнерго»
АО«Чеченэнерго»
РоссетиВолга
РоссетиКубань
РоссетиЛенэнерго(ГК)
РоссетиМосковскийрегион
РоссетиСеверныйКавказ
РоссетиСеверо-Запад
РоссетиСибирь
РоссетиТомск
РоссетиТюмень
Россети Урал(ГК)
РоссетиЦентр (ГК)
РоссетиЦентр иПриволжье(ГК)
Россети Юг(ГК)
РоссетиЯнтарь
0
2
4
6
-2
8'

02-12-2024T07:03:17 - [MESSAGE][PASSED] - Text of object 'Object Repository/Выполнение бизнес-плана/Выполнение бизнес-плана Балансы/Список ДЗО' is: '-0.21
-0.07
3.72
-0.38
-0.53
0.09
0.09
3.84
-0.41
-0.05
-0.01
0.15
-0.11
-0.50
-0.27
-0.45
-0.05
Россети ФСКЕЭС
АО«Тываэнерго»
АО«Чеченэнерго»
РоссетиВолга
РоссетиКубань
РоссетиЛенэнерго(ГК)
РоссетиМосковскийрегион
РоссетиСеверныйКавказ
РоссетиСеверо-Запад
РоссетиСибирь
РоссетиТомск
РоссетиТюмень
Россети Урал(ГК)
РоссетиЦентр (ГК)
РоссетиЦентр иПриволжье(ГК)
Россети Юг(ГК)
РоссетиЯнтарь
0
2
4
6
-2
8'

02-12-2024T07:03:17 - [TEST_STEP][PASSED] - for ([ii = 1, ii < dZONum, (ii++)]): null

02-12-2024T07:03:17 - [TEST_STEP][PASSED] - i1 = z.indexOf("/") + 1: null

02-12-2024T07:03:17 - [TEST_STEP][PASSED] - if (i1 > -1): null

02-12-2024T07:03:17 - [TEST_STEP][PASSED] - z = z.substring(i1, z.length()): null

02-12-2024T07:03:17 - [TEST_STEP][PASSED] - i1 = z.indexOf("/"): null

02-12-2024T07:03:17 - [TEST_STEP][PASSED] - i1 = z.indexOf("/") + 1: null

02-12-2024T07:03:17 - [TEST_STEP][PASSED] - if (i1 > -1): null

02-12-2024T07:03:17 - [TEST_STEP][PASSED] - z = z.substring(i1, z.length()): null

02-12-2024T07:03:17 - [TEST_STEP][PASSED] - i1 = z.indexOf("/"): null

02-12-2024T07:03:17 - [TEST_STEP][PASSED] - i1 = z.indexOf("/") + 1: null

02-12-2024T07:03:17 - [TEST_STEP][PASSED] - if (i1 > -1): null

02-12-2024T07:03:17 - [TEST_STEP][PASSED] - z = z.substring(i1, z.length()): null

02-12-2024T07:03:17 - [TEST_STEP][PASSED] - i1 = z.indexOf("/"): null

02-12-2024T07:03:17 - [TEST_STEP][PASSED] - i1 = z.indexOf("/") + 1: null

02-12-2024T07:03:17 - [TEST_STEP][PASSED] - if (i1 > -1): null

02-12-2024T07:03:17 - [TEST_STEP][PASSED] - z = z.substring(i1, z.length()): null

02-12-2024T07:03:17 - [TEST_STEP][PASSED] - i1 = z.indexOf("/"): null

02-12-2024T07:03:17 - [TEST_STEP][PASSED] - i1 = z.indexOf("/") + 1: null

02-12-2024T07:03:17 - [TEST_STEP][PASSED] - if (i1 > -1): null

02-12-2024T07:03:17 - [TEST_STEP][PASSED] - z = z.substring(i1, z.length()): null

02-12-2024T07:03:17 - [TEST_STEP][PASSED] - i1 = z.indexOf("/"): null

02-12-2024T07:03:17 - [TEST_STEP][PASSED] - i1 = z.indexOf("/") + 1: null

02-12-2024T07:03:17 - [TEST_STEP][PASSED] - if (i1 > -1): null

02-12-2024T07:03:17 - [TEST_STEP][PASSED] - z = z.substring(i1, z.length()): null

02-12-2024T07:03:17 - [TEST_STEP][PASSED] - i1 = z.indexOf("/"): null

02-12-2024T07:03:17 - [TEST_STEP][PASSED] - i1 = z.indexOf("/") + 1: null

02-12-2024T07:03:17 - [TEST_STEP][PASSED] - if (i1 > -1): null

02-12-2024T07:03:17 - [TEST_STEP][PASSED] - z = z.substring(i1, z.length()): null

02-12-2024T07:03:17 - [TEST_STEP][PASSED] - i1 = z.indexOf("/"): null

02-12-2024T07:03:17 - [TEST_STEP][PASSED] - i1 = z.indexOf("/") + 1: null

02-12-2024T07:03:17 - [TEST_STEP][PASSED] - if (i1 > -1): null

02-12-2024T07:03:17 - [TEST_STEP][PASSED] - z = z.substring(i1, z.length()): null

02-12-2024T07:03:17 - [TEST_STEP][PASSED] - i1 = z.indexOf("/"): null

02-12-2024T07:03:17 - [TEST_STEP][PASSED] - i1 = z.indexOf("/") + 1: null

02-12-2024T07:03:17 - [TEST_STEP][PASSED] - if (i1 > -1): null

02-12-2024T07:03:17 - [TEST_STEP][PASSED] - z = z.substring(i1, z.length()): null

02-12-2024T07:03:17 - [TEST_STEP][PASSED] - i1 = z.indexOf("/"): null

02-12-2024T07:03:17 - [TEST_STEP][PASSED] - i1 = z.indexOf("/") + 1: null

02-12-2024T07:03:17 - [TEST_STEP][PASSED] - if (i1 > -1): null

02-12-2024T07:03:17 - [TEST_STEP][PASSED] - z = z.substring(i1, z.length()): null

02-12-2024T07:03:17 - [TEST_STEP][PASSED] - i1 = z.indexOf("/"): null

02-12-2024T07:03:17 - [TEST_STEP][PASSED] - i1 = z.indexOf("/"): null

02-12-2024T07:03:17 - [TEST_STEP][PASSED] - if (i1 > -1): null

02-12-2024T07:03:17 - [TEST_STEP][PASSED] - z = z.substring(0, i1): null

02-12-2024T07:03:17 - [TEST_STEP][PASSED] - z = z.replace(",", "."): null

02-12-2024T07:03:17 - [TEST_STEP][PASSED] - println(z): null

02-12-2024T07:03:17 - [TEST_STEP][PASSED] - x = x + "/" + z: null

02-12-2024T07:03:17 - [TEST_STEP][PASSED] - x = x.replaceAll("[\r?
|
]", ""): null

02-12-2024T07:03:17 - [TEST_STEP][PASSED] - println(x): null

02-12-2024T07:03:17 - [TEST_STEP][PASSED] - return x: null

02-12-2024T07:03:17 - [TEST_STEP][PASSED] - println("tomB: " + tomB): null

02-12-2024T07:03:17 - [TEST_STEP][PASSED] - i = VseDZO.indexOf("Тюмень"): null

02-12-2024T07:03:17 - [TEST_STEP][PASSED] - if (i > -1): null

02-12-2024T07:03:17 - [TEST_STEP][PASSED] - dZONum = dZONum + 1: null

02-12-2024T07:03:17 - [TEST_STEP][PASSED] - tyumB = GetAllData(path, dZONum, VseDZO, x = "Россети Тюмень/"): null

02-12-2024T07:03:17 - [TEST_STEP][PASSED] - ii = <not implemented yet for class: org.codehaus.groovy.ast.expr.EmptyExpression>: null

02-12-2024T07:03:17 - [TEST_STEP][PASSED] - i1 = <not implemented yet for class: org.codehaus.groovy.ast.expr.EmptyExpression>: null

02-12-2024T07:03:17 - [TEST_STEP][PASSED] - z = <not implemented yet for class: org.codehaus.groovy.ast.expr.EmptyExpression>: null

02-12-2024T07:03:17 - [TEST_STEP][PASSED] - path2 = "Значения со страницы Выполнение бизнес-плана/Table Data/": null

02-12-2024T07:03:17 - [TEST_STEP][PASSED] - println("path: " + path): null

02-12-2024T07:03:17 - [TEST_STEP][PASSED] - println("dZONum: " + dZONum): null

02-12-2024T07:03:17 - [TEST_STEP][PASSED] - z = getText(findTestObject(path + "spanPlan" + dZONum)): Text of object 'Object Repository/Выполнение бизнес-плана/Выполнение бизнес-плана Балансы/spanPlan12' is: '2.50'

02-12-2024T07:03:17 - [MESSAGE][PASSED] - Text of object 'Object Repository/Выполнение бизнес-плана/Выполнение бизнес-плана Балансы/spanPlan12' is: '2.50'

02-12-2024T07:03:17 - [TEST_STEP][PASSED] - println(z): null

02-12-2024T07:03:17 - [TEST_STEP][PASSED] - ii = z.indexOf("|"): null

02-12-2024T07:03:17 - [TEST_STEP][PASSED] - if (ii > -1): null

02-12-2024T07:03:17 - [TEST_STEP][PASSED] - z = z.replaceAll("\s+", ""): null

02-12-2024T07:03:17 - [TEST_STEP][PASSED] - z = z.replace("[\r?
|
]", "/"): null

02-12-2024T07:03:17 - [TEST_STEP][PASSED] - println(z): null

02-12-2024T07:03:17 - [TEST_STEP][PASSED] - x = x + z: null

02-12-2024T07:03:17 - [TEST_STEP][PASSED] - z = getText(findTestObject(path + "spanFact" + dZONum)): Text of object 'Object Repository/Выполнение бизнес-плана/Выполнение бизнес-плана Балансы/spanFact12' is: '2.65
|'

02-12-2024T07:03:18 - [MESSAGE][PASSED] - Text of object 'Object Repository/Выполнение бизнес-плана/Выполнение бизнес-плана Балансы/spanFact12' is: '2.65
|'

02-12-2024T07:03:18 - [TEST_STEP][PASSED] - ii = z.indexOf("|"): null

02-12-2024T07:03:18 - [TEST_STEP][PASSED] - if (ii > -1): null

02-12-2024T07:03:18 - [TEST_STEP][PASSED] - z = length() - 1).replace("[\r?
|
]", "/"): null

02-12-2024T07:03:18 - [TEST_STEP][PASSED] - x = x + "/" + z: null

02-12-2024T07:03:18 - [TEST_STEP][PASSED] - z = getText(findTestObject(path + path2 + "Факт Отпуск в сеть за отчётный период " + dZONum)).replaceAll("\s+", ""): Text of object 'Object Repository/Выполнение бизнес-плана/Выполнение бизнес-плана Балансы/Значения со страницы Выполнение бизнес-плана/Table Data/Факт Отпуск в сеть за отчётный период 12' is: '43 413 766'

02-12-2024T07:03:18 - [MESSAGE][PASSED] - Text of object 'Object Repository/Выполнение бизнес-плана/Выполнение бизнес-плана Балансы/Значения со страницы Выполнение бизнес-плана/Table Data/Факт Отпуск в сеть за отчётный период 12' is: '43 413 766'

02-12-2024T07:03:18 - [TEST_STEP][PASSED] - x = x + "/" + z: null

02-12-2024T07:03:18 - [TEST_STEP][PASSED] - z = getText(findTestObject(path + path2 + "Факт Отпуск из сети за отчётный период " + dZONum)).replaceAll("\s+", ""): Text of object 'Object Repository/Выполнение бизнес-плана/Выполнение бизнес-плана Балансы/Значения со страницы Выполнение бизнес-плана/Table Data/Факт Отпуск из сети за отчётный период 12' is: '42 264 622'

02-12-2024T07:03:18 - [MESSAGE][PASSED] - Text of object 'Object Repository/Выполнение бизнес-плана/Выполнение бизнес-плана Балансы/Значения со страницы Выполнение бизнес-плана/Table Data/Факт Отпуск из сети за отчётный период 12' is: '42 264 622'

02-12-2024T07:03:18 - [TEST_STEP][PASSED] - x = x + "/" + z: null

02-12-2024T07:03:18 - [TEST_STEP][PASSED] - z = getText(findTestObject(path + path2 + "Факт Потери за отчётный период " + dZONum)).replaceAll("\s+", ""): Text of object 'Object Repository/Выполнение бизнес-плана/Выполнение бизнес-плана Балансы/Значения со страницы Выполнение бизнес-плана/Table Data/Факт Потери за отчётный период 12' is: '1 149 143'

02-12-2024T07:03:18 - [MESSAGE][PASSED] - Text of object 'Object Repository/Выполнение бизнес-плана/Выполнение бизнес-плана Балансы/Значения со страницы Выполнение бизнес-плана/Table Data/Факт Потери за отчётный период 12' is: '1 149 143'

02-12-2024T07:03:18 - [TEST_STEP][PASSED] - x = x + "/" + z: null

02-12-2024T07:03:18 - [TEST_STEP][PASSED] - z = getText(findTestObject(path + path2 + "План Отпуск в сеть за отчётный период " + dZONum)).replaceAll("\s+", ""): Text of object 'Object Repository/Выполнение бизнес-плана/Выполнение бизнес-плана Балансы/Значения со страницы Выполнение бизнес-плана/Table Data/План Отпуск в сеть за отчётный период 12' is: '45 056 130'

02-12-2024T07:03:19 - [MESSAGE][PASSED] - Text of object 'Object Repository/Выполнение бизнес-плана/Выполнение бизнес-плана Балансы/Значения со страницы Выполнение бизнес-плана/Table Data/План Отпуск в сеть за отчётный период 12' is: '45 056 130'

02-12-2024T07:03:19 - [TEST_STEP][PASSED] - x = x + "/" + z: null

02-12-2024T07:03:19 - [TEST_STEP][PASSED] - z = getText(findTestObject(path + path2 + "План Отпуск из сети за отчётный период " + dZONum)).replaceAll("\s+", ""): Text of object 'Object Repository/Выполнение бизнес-плана/Выполнение бизнес-плана Балансы/Значения со страницы Выполнение бизнес-плана/Table Data/План Отпуск из сети за отчётный период 12' is: '43 930 370'

02-12-2024T07:03:19 - [MESSAGE][PASSED] - Text of object 'Object Repository/Выполнение бизнес-плана/Выполнение бизнес-плана Балансы/Значения со страницы Выполнение бизнес-плана/Table Data/План Отпуск из сети за отчётный период 12' is: '43 930 370'

02-12-2024T07:03:19 - [TEST_STEP][PASSED] - x = x + "/" + z: null

02-12-2024T07:03:19 - [TEST_STEP][PASSED] - z = getText(findTestObject(path + path2 + "План Потери за отчётный период " + dZONum)).replaceAll("\s+", ""): Text of object 'Object Repository/Выполнение бизнес-плана/Выполнение бизнес-плана Балансы/Значения со страницы Выполнение бизнес-плана/Table Data/План Потери за отчётный период 12' is: '1 125 760'

02-12-2024T07:03:19 - [MESSAGE][PASSED] - Text of object 'Object Repository/Выполнение бизнес-плана/Выполнение бизнес-плана Балансы/Значения со страницы Выполнение бизнес-плана/Table Data/План Потери за отчётный период 12' is: '1 125 760'

02-12-2024T07:03:19 - [TEST_STEP][PASSED] - x = x + "/" + z: null

02-12-2024T07:03:19 - [TEST_STEP][PASSED] - z = getText(findTestObject(path + "Список ДЗО")).replaceAll("[\r?
|
]", "/"): Text of object 'Object Repository/Выполнение бизнес-плана/Выполнение бизнес-плана Балансы/Список ДЗО' is: '-0.21
-0.07
3.72
-0.38
-0.53
0.09
0.09
3.84
-0.41
-0.05
-0.01
0.15
-0.11
-0.50
-0.27
-0.45
-0.05
Россети ФСКЕЭС
АО«Тываэнерго»
АО«Чеченэнерго»
РоссетиВолга
РоссетиКубань
РоссетиЛенэнерго(ГК)
РоссетиМосковскийрегион
РоссетиСеверныйКавказ
РоссетиСеверо-Запад
РоссетиСибирь
РоссетиТомск
РоссетиТюмень
Россети Урал(ГК)
РоссетиЦентр (ГК)
РоссетиЦентр иПриволжье(ГК)
Россети Юг(ГК)
РоссетиЯнтарь
0
2
4
6
-2
8'

02-12-2024T07:03:20 - [MESSAGE][PASSED] - Text of object 'Object Repository/Выполнение бизнес-плана/Выполнение бизнес-плана Балансы/Список ДЗО' is: '-0.21
-0.07
3.72
-0.38
-0.53
0.09
0.09
3.84
-0.41
-0.05
-0.01
0.15
-0.11
-0.50
-0.27
-0.45
-0.05
Россети ФСКЕЭС
АО«Тываэнерго»
АО«Чеченэнерго»
РоссетиВолга
РоссетиКубань
РоссетиЛенэнерго(ГК)
РоссетиМосковскийрегион
РоссетиСеверныйКавказ
РоссетиСеверо-Запад
РоссетиСибирь
РоссетиТомск
РоссетиТюмень
Россети Урал(ГК)
РоссетиЦентр (ГК)
РоссетиЦентр иПриволжье(ГК)
Россети Юг(ГК)
РоссетиЯнтарь
0
2
4
6
-2
8'

02-12-2024T07:03:20 - [TEST_STEP][PASSED] - for ([ii = 1, ii < dZONum, (ii++)]): null

02-12-2024T07:03:20 - [TEST_STEP][PASSED] - i1 = z.indexOf("/") + 1: null

02-12-2024T07:03:20 - [TEST_STEP][PASSED] - if (i1 > -1): null

02-12-2024T07:03:20 - [TEST_STEP][PASSED] - z = z.substring(i1, z.length()): null

02-12-2024T07:03:20 - [TEST_STEP][PASSED] - i1 = z.indexOf("/"): null

02-12-2024T07:03:20 - [TEST_STEP][PASSED] - i1 = z.indexOf("/") + 1: null

02-12-2024T07:03:20 - [TEST_STEP][PASSED] - if (i1 > -1): null

02-12-2024T07:03:20 - [TEST_STEP][PASSED] - z = z.substring(i1, z.length()): null

02-12-2024T07:03:20 - [TEST_STEP][PASSED] - i1 = z.indexOf("/"): null

02-12-2024T07:03:20 - [TEST_STEP][PASSED] - i1 = z.indexOf("/") + 1: null

02-12-2024T07:03:20 - [TEST_STEP][PASSED] - if (i1 > -1): null

02-12-2024T07:03:20 - [TEST_STEP][PASSED] - z = z.substring(i1, z.length()): null

02-12-2024T07:03:20 - [TEST_STEP][PASSED] - i1 = z.indexOf("/"): null

02-12-2024T07:03:20 - [TEST_STEP][PASSED] - i1 = z.indexOf("/") + 1: null

02-12-2024T07:03:20 - [TEST_STEP][PASSED] - if (i1 > -1): null

02-12-2024T07:03:20 - [TEST_STEP][PASSED] - z = z.substring(i1, z.length()): null

02-12-2024T07:03:20 - [TEST_STEP][PASSED] - i1 = z.indexOf("/"): null

02-12-2024T07:03:20 - [TEST_STEP][PASSED] - i1 = z.indexOf("/") + 1: null

02-12-2024T07:03:20 - [TEST_STEP][PASSED] - if (i1 > -1): null

02-12-2024T07:03:20 - [TEST_STEP][PASSED] - z = z.substring(i1, z.length()): null

02-12-2024T07:03:20 - [TEST_STEP][PASSED] - i1 = z.indexOf("/"): null

02-12-2024T07:03:20 - [TEST_STEP][PASSED] - i1 = z.indexOf("/") + 1: null

02-12-2024T07:03:20 - [TEST_STEP][PASSED] - if (i1 > -1): null

02-12-2024T07:03:20 - [TEST_STEP][PASSED] - z = z.substring(i1, z.length()): null

02-12-2024T07:03:20 - [TEST_STEP][PASSED] - i1 = z.indexOf("/"): null

02-12-2024T07:03:20 - [TEST_STEP][PASSED] - i1 = z.indexOf("/") + 1: null

02-12-2024T07:03:20 - [TEST_STEP][PASSED] - if (i1 > -1): null

02-12-2024T07:03:20 - [TEST_STEP][PASSED] - z = z.substring(i1, z.length()): null

02-12-2024T07:03:20 - [TEST_STEP][PASSED] - i1 = z.indexOf("/"): null

02-12-2024T07:03:20 - [TEST_STEP][PASSED] - i1 = z.indexOf("/") + 1: null

02-12-2024T07:03:20 - [TEST_STEP][PASSED] - if (i1 > -1): null

02-12-2024T07:03:20 - [TEST_STEP][PASSED] - z = z.substring(i1, z.length()): null

02-12-2024T07:03:20 - [TEST_STEP][PASSED] - i1 = z.indexOf("/"): null

02-12-2024T07:03:20 - [TEST_STEP][PASSED] - i1 = z.indexOf("/") + 1: null

02-12-2024T07:03:20 - [TEST_STEP][PASSED] - if (i1 > -1): null

02-12-2024T07:03:20 - [TEST_STEP][PASSED] - z = z.substring(i1, z.length()): null

02-12-2024T07:03:20 - [TEST_STEP][PASSED] - i1 = z.indexOf("/"): null

02-12-2024T07:03:20 - [TEST_STEP][PASSED] - i1 = z.indexOf("/") + 1: null

02-12-2024T07:03:20 - [TEST_STEP][PASSED] - if (i1 > -1): null

02-12-2024T07:03:20 - [TEST_STEP][PASSED] - z = z.substring(i1, z.length()): null

02-12-2024T07:03:20 - [TEST_STEP][PASSED] - i1 = z.indexOf("/"): null

02-12-2024T07:03:20 - [TEST_STEP][PASSED] - i1 = z.indexOf("/") + 1: null

02-12-2024T07:03:20 - [TEST_STEP][PASSED] - if (i1 > -1): null

02-12-2024T07:03:20 - [TEST_STEP][PASSED] - z = z.substring(i1, z.length()): null

02-12-2024T07:03:20 - [TEST_STEP][PASSED] - i1 = z.indexOf("/"): null

02-12-2024T07:03:20 - [TEST_STEP][PASSED] - i1 = z.indexOf("/"): null

02-12-2024T07:03:20 - [TEST_STEP][PASSED] - if (i1 > -1): null

02-12-2024T07:03:20 - [TEST_STEP][PASSED] - z = z.substring(0, i1): null

02-12-2024T07:03:20 - [TEST_STEP][PASSED] - z = z.replace(",", "."): null

02-12-2024T07:03:20 - [TEST_STEP][PASSED] - println(z): null

02-12-2024T07:03:20 - [TEST_STEP][PASSED] - x = x + "/" + z: null

02-12-2024T07:03:20 - [TEST_STEP][PASSED] - x = x.replaceAll("[\r?
|
]", ""): null

02-12-2024T07:03:20 - [TEST_STEP][PASSED] - println(x): null

02-12-2024T07:03:20 - [TEST_STEP][PASSED] - return x: null

02-12-2024T07:03:20 - [TEST_STEP][PASSED] - println("tyumB: " + tyumB): null

02-12-2024T07:03:20 - [TEST_STEP][PASSED] - i = VseDZO.indexOf("Урал"): null

02-12-2024T07:03:20 - [TEST_STEP][PASSED] - if (i > -1): null

02-12-2024T07:03:20 - [TEST_STEP][PASSED] - dZONum = dZONum + 1: null

02-12-2024T07:03:20 - [TEST_STEP][PASSED] - urB = GetAllData(path, dZONum, VseDZO, x = "Россети Урал (ГК)/"): null

02-12-2024T07:03:20 - [TEST_STEP][PASSED] - ii = <not implemented yet for class: org.codehaus.groovy.ast.expr.EmptyExpression>: null

02-12-2024T07:03:20 - [TEST_STEP][PASSED] - i1 = <not implemented yet for class: org.codehaus.groovy.ast.expr.EmptyExpression>: null

02-12-2024T07:03:20 - [TEST_STEP][PASSED] - z = <not implemented yet for class: org.codehaus.groovy.ast.expr.EmptyExpression>: null

02-12-2024T07:03:20 - [TEST_STEP][PASSED] - path2 = "Значения со страницы Выполнение бизнес-плана/Table Data/": null

02-12-2024T07:03:20 - [TEST_STEP][PASSED] - println("path: " + path): null

02-12-2024T07:03:20 - [TEST_STEP][PASSED] - println("dZONum: " + dZONum): null

02-12-2024T07:03:20 - [TEST_STEP][PASSED] - z = getText(findTestObject(path + "spanPlan" + dZONum)): Text of object 'Object Repository/Выполнение бизнес-плана/Выполнение бизнес-плана Балансы/spanPlan13' is: '5.87
|'

02-12-2024T07:03:20 - [MESSAGE][PASSED] - Text of object 'Object Repository/Выполнение бизнес-плана/Выполнение бизнес-плана Балансы/spanPlan13' is: '5.87
|'

02-12-2024T07:03:20 - [TEST_STEP][PASSED] - println(z): null

02-12-2024T07:03:20 - [TEST_STEP][PASSED] - ii = z.indexOf("|"): null

02-12-2024T07:03:20 - [TEST_STEP][PASSED] - if (ii > -1): null

02-12-2024T07:03:20 - [TEST_STEP][PASSED] - z = z.substring(0, z.length() - 1): null

02-12-2024T07:03:20 - [TEST_STEP][PASSED] - println(z): null

02-12-2024T07:03:20 - [TEST_STEP][PASSED] - z = z.replaceAll("\s+", ""): null

02-12-2024T07:03:20 - [TEST_STEP][PASSED] - z = z.replace("[\r?
|
]", "/"): null

02-12-2024T07:03:20 - [TEST_STEP][PASSED] - println(z): null

02-12-2024T07:03:20 - [TEST_STEP][PASSED] - x = x + z: null

02-12-2024T07:03:20 - [TEST_STEP][PASSED] - z = getText(findTestObject(path + "spanFact" + dZONum)): Text of object 'Object Repository/Выполнение бизнес-плана/Выполнение бизнес-плана Балансы/spanFact13' is: '5.76'

02-12-2024T07:03:20 - [MESSAGE][PASSED] - Text of object 'Object Repository/Выполнение бизнес-плана/Выполнение бизнес-плана Балансы/spanFact13' is: '5.76'

02-12-2024T07:03:20 - [TEST_STEP][PASSED] - ii = z.indexOf("|"): null

02-12-2024T07:03:20 - [TEST_STEP][PASSED] - if (ii > -1): null

02-12-2024T07:03:20 - [TEST_STEP][PASSED] - x = x + "/" + z: null

02-12-2024T07:03:20 - [TEST_STEP][PASSED] - z = getText(findTestObject(path + path2 + "Факт Отпуск в сеть за отчётный период " + dZONum)).replaceAll("\s+", ""): Text of object 'Object Repository/Выполнение бизнес-плана/Выполнение бизнес-плана Балансы/Значения со страницы Выполнение бизнес-плана/Table Data/Факт Отпуск в сеть за отчётный период 13' is: '60 236 197'

02-12-2024T07:03:21 - [MESSAGE][PASSED] - Text of object 'Object Repository/Выполнение бизнес-плана/Выполнение бизнес-плана Балансы/Значения со страницы Выполнение бизнес-плана/Table Data/Факт Отпуск в сеть за отчётный период 13' is: '60 236 197'

02-12-2024T07:03:21 - [TEST_STEP][PASSED] - x = x + "/" + z: null

02-12-2024T07:03:21 - [TEST_STEP][PASSED] - z = getText(findTestObject(path + path2 + "Факт Отпуск из сети за отчётный период " + dZONum)).replaceAll("\s+", ""): Text of object 'Object Repository/Выполнение бизнес-плана/Выполнение бизнес-плана Балансы/Значения со страницы Выполнение бизнес-плана/Table Data/Факт Отпуск из сети за отчётный период 13' is: '56 765 393'

02-12-2024T07:03:21 - [MESSAGE][PASSED] - Text of object 'Object Repository/Выполнение бизнес-плана/Выполнение бизнес-плана Балансы/Значения со страницы Выполнение бизнес-плана/Table Data/Факт Отпуск из сети за отчётный период 13' is: '56 765 393'

02-12-2024T07:03:21 - [TEST_STEP][PASSED] - x = x + "/" + z: null

02-12-2024T07:03:21 - [TEST_STEP][PASSED] - z = getText(findTestObject(path + path2 + "Факт Потери за отчётный период " + dZONum)).replaceAll("\s+", ""): Text of object 'Object Repository/Выполнение бизнес-плана/Выполнение бизнес-плана Балансы/Значения со страницы Выполнение бизнес-плана/Table Data/Факт Потери за отчётный период 13' is: '3 470 805'

02-12-2024T07:03:21 - [MESSAGE][PASSED] - Text of object 'Object Repository/Выполнение бизнес-плана/Выполнение бизнес-плана Балансы/Значения со страницы Выполнение бизнес-плана/Table Data/Факт Потери за отчётный период 13' is: '3 470 805'

02-12-2024T07:03:21 - [TEST_STEP][PASSED] - x = x + "/" + z: null

02-12-2024T07:03:21 - [TEST_STEP][PASSED] - z = getText(findTestObject(path + path2 + "План Отпуск в сеть за отчётный период " + dZONum)).replaceAll("\s+", ""): Text of object 'Object Repository/Выполнение бизнес-плана/Выполнение бизнес-плана Балансы/Значения со страницы Выполнение бизнес-плана/Table Data/План Отпуск в сеть за отчётный период 13' is: '66 176 856'

02-12-2024T07:03:21 - [MESSAGE][PASSED] - Text of object 'Object Repository/Выполнение бизнес-плана/Выполнение бизнес-плана Балансы/Значения со страницы Выполнение бизнес-плана/Table Data/План Отпуск в сеть за отчётный период 13' is: '66 176 856'

02-12-2024T07:03:21 - [TEST_STEP][PASSED] - x = x + "/" + z: null

02-12-2024T07:03:21 - [TEST_STEP][PASSED] - z = getText(findTestObject(path + path2 + "План Отпуск из сети за отчётный период " + dZONum)).replaceAll("\s+", ""): Text of object 'Object Repository/Выполнение бизнес-плана/Выполнение бизнес-плана Балансы/Значения со страницы Выполнение бизнес-плана/Table Data/План Отпуск из сети за отчётный период 13' is: '62 251 551'

02-12-2024T07:03:22 - [MESSAGE][PASSED] - Text of object 'Object Repository/Выполнение бизнес-плана/Выполнение бизнес-плана Балансы/Значения со страницы Выполнение бизнес-плана/Table Data/План Отпуск из сети за отчётный период 13' is: '62 251 551'

02-12-2024T07:03:22 - [TEST_STEP][PASSED] - x = x + "/" + z: null

02-12-2024T07:03:22 - [TEST_STEP][PASSED] - z = getText(findTestObject(path + path2 + "План Потери за отчётный период " + dZONum)).replaceAll("\s+", ""): Text of object 'Object Repository/Выполнение бизнес-плана/Выполнение бизнес-плана Балансы/Значения со страницы Выполнение бизнес-плана/Table Data/План Потери за отчётный период 13' is: '3 925 305'

02-12-2024T07:03:22 - [MESSAGE][PASSED] - Text of object 'Object Repository/Выполнение бизнес-плана/Выполнение бизнес-плана Балансы/Значения со страницы Выполнение бизнес-плана/Table Data/План Потери за отчётный период 13' is: '3 925 305'

02-12-2024T07:03:22 - [TEST_STEP][PASSED] - x = x + "/" + z: null

02-12-2024T07:03:22 - [TEST_STEP][PASSED] - z = getText(findTestObject(path + "Список ДЗО")).replaceAll("[\r?
|
]", "/"): Text of object 'Object Repository/Выполнение бизнес-плана/Выполнение бизнес-плана Балансы/Список ДЗО' is: '-0.21
-0.07
3.72
-0.38
-0.53
0.09
0.09
3.84
-0.41
-0.05
-0.01
0.15
-0.11
-0.50
-0.27
-0.45
-0.05
Россети ФСКЕЭС
АО«Тываэнерго»
АО«Чеченэнерго»
РоссетиВолга
РоссетиКубань
РоссетиЛенэнерго(ГК)
РоссетиМосковскийрегион
РоссетиСеверныйКавказ
РоссетиСеверо-Запад
РоссетиСибирь
РоссетиТомск
РоссетиТюмень
Россети Урал(ГК)
РоссетиЦентр (ГК)
РоссетиЦентр иПриволжье(ГК)
Россети Юг(ГК)
РоссетиЯнтарь
0
2
4
6
-2
8'

02-12-2024T07:03:22 - [MESSAGE][PASSED] - Text of object 'Object Repository/Выполнение бизнес-плана/Выполнение бизнес-плана Балансы/Список ДЗО' is: '-0.21
-0.07
3.72
-0.38
-0.53
0.09
0.09
3.84
-0.41
-0.05
-0.01
0.15
-0.11
-0.50
-0.27
-0.45
-0.05
Россети ФСКЕЭС
АО«Тываэнерго»
АО«Чеченэнерго»
РоссетиВолга
РоссетиКубань
РоссетиЛенэнерго(ГК)
РоссетиМосковскийрегион
РоссетиСеверныйКавказ
РоссетиСеверо-Запад
РоссетиСибирь
РоссетиТомск
РоссетиТюмень
Россети Урал(ГК)
РоссетиЦентр (ГК)
РоссетиЦентр иПриволжье(ГК)
Россети Юг(ГК)
РоссетиЯнтарь
0
2
4
6
-2
8'

02-12-2024T07:03:22 - [TEST_STEP][PASSED] - for ([ii = 1, ii < dZONum, (ii++)]): null

02-12-2024T07:03:22 - [TEST_STEP][PASSED] - i1 = z.indexOf("/") + 1: null

02-12-2024T07:03:22 - [TEST_STEP][PASSED] - if (i1 > -1): null

02-12-2024T07:03:22 - [TEST_STEP][PASSED] - z = z.substring(i1, z.length()): null

02-12-2024T07:03:22 - [TEST_STEP][PASSED] - i1 = z.indexOf("/"): null

02-12-2024T07:03:22 - [TEST_STEP][PASSED] - i1 = z.indexOf("/") + 1: null

02-12-2024T07:03:22 - [TEST_STEP][PASSED] - if (i1 > -1): null

02-12-2024T07:03:22 - [TEST_STEP][PASSED] - z = z.substring(i1, z.length()): null

02-12-2024T07:03:22 - [TEST_STEP][PASSED] - i1 = z.indexOf("/"): null

02-12-2024T07:03:22 - [TEST_STEP][PASSED] - i1 = z.indexOf("/") + 1: null

02-12-2024T07:03:22 - [TEST_STEP][PASSED] - if (i1 > -1): null

02-12-2024T07:03:22 - [TEST_STEP][PASSED] - z = z.substring(i1, z.length()): null

02-12-2024T07:03:22 - [TEST_STEP][PASSED] - i1 = z.indexOf("/"): null

02-12-2024T07:03:22 - [TEST_STEP][PASSED] - i1 = z.indexOf("/") + 1: null

02-12-2024T07:03:22 - [TEST_STEP][PASSED] - if (i1 > -1): null

02-12-2024T07:03:22 - [TEST_STEP][PASSED] - z = z.substring(i1, z.length()): null

02-12-2024T07:03:22 - [TEST_STEP][PASSED] - i1 = z.indexOf("/"): null

02-12-2024T07:03:22 - [TEST_STEP][PASSED] - i1 = z.indexOf("/") + 1: null

02-12-2024T07:03:22 - [TEST_STEP][PASSED] - if (i1 > -1): null

02-12-2024T07:03:22 - [TEST_STEP][PASSED] - z = z.substring(i1, z.length()): null

02-12-2024T07:03:22 - [TEST_STEP][PASSED] - i1 = z.indexOf("/"): null

02-12-2024T07:03:22 - [TEST_STEP][PASSED] - i1 = z.indexOf("/") + 1: null

02-12-2024T07:03:22 - [TEST_STEP][PASSED] - if (i1 > -1): null

02-12-2024T07:03:22 - [TEST_STEP][PASSED] - z = z.substring(i1, z.length()): null

02-12-2024T07:03:22 - [TEST_STEP][PASSED] - i1 = z.indexOf("/"): null

02-12-2024T07:03:22 - [TEST_STEP][PASSED] - i1 = z.indexOf("/") + 1: null

02-12-2024T07:03:22 - [TEST_STEP][PASSED] - if (i1 > -1): null

02-12-2024T07:03:22 - [TEST_STEP][PASSED] - z = z.substring(i1, z.length()): null

02-12-2024T07:03:22 - [TEST_STEP][PASSED] - i1 = z.indexOf("/"): null

02-12-2024T07:03:22 - [TEST_STEP][PASSED] - i1 = z.indexOf("/") + 1: null

02-12-2024T07:03:22 - [TEST_STEP][PASSED] - if (i1 > -1): null

02-12-2024T07:03:22 - [TEST_STEP][PASSED] - z = z.substring(i1, z.length()): null

02-12-2024T07:03:22 - [TEST_STEP][PASSED] - i1 = z.indexOf("/"): null

02-12-2024T07:03:22 - [TEST_STEP][PASSED] - i1 = z.indexOf("/") + 1: null

02-12-2024T07:03:22 - [TEST_STEP][PASSED] - if (i1 > -1): null

02-12-2024T07:03:22 - [TEST_STEP][PASSED] - z = z.substring(i1, z.length()): null

02-12-2024T07:03:22 - [TEST_STEP][PASSED] - i1 = z.indexOf("/"): null

02-12-2024T07:03:22 - [TEST_STEP][PASSED] - i1 = z.indexOf("/") + 1: null

02-12-2024T07:03:22 - [TEST_STEP][PASSED] - if (i1 > -1): null

02-12-2024T07:03:22 - [TEST_STEP][PASSED] - z = z.substring(i1, z.length()): null

02-12-2024T07:03:22 - [TEST_STEP][PASSED] - i1 = z.indexOf("/"): null

02-12-2024T07:03:22 - [TEST_STEP][PASSED] - i1 = z.indexOf("/") + 1: null

02-12-2024T07:03:22 - [TEST_STEP][PASSED] - if (i1 > -1): null

02-12-2024T07:03:22 - [TEST_STEP][PASSED] - z = z.substring(i1, z.length()): null

02-12-2024T07:03:22 - [TEST_STEP][PASSED] - i1 = z.indexOf("/"): null

02-12-2024T07:03:22 - [TEST_STEP][PASSED] - i1 = z.indexOf("/") + 1: null

02-12-2024T07:03:22 - [TEST_STEP][PASSED] - if (i1 > -1): null

02-12-2024T07:03:22 - [TEST_STEP][PASSED] - z = z.substring(i1, z.length()): null

02-12-2024T07:03:22 - [TEST_STEP][PASSED] - i1 = z.indexOf("/"): null

02-12-2024T07:03:22 - [TEST_STEP][PASSED] - i1 = z.indexOf("/"): null

02-12-2024T07:03:22 - [TEST_STEP][PASSED] - if (i1 > -1): null

02-12-2024T07:03:22 - [TEST_STEP][PASSED] - z = z.substring(0, i1): null

02-12-2024T07:03:22 - [TEST_STEP][PASSED] - z = z.replace(",", "."): null

02-12-2024T07:03:22 - [TEST_STEP][PASSED] - println(z): null

02-12-2024T07:03:22 - [TEST_STEP][PASSED] - x = x + "/" + z: null

02-12-2024T07:03:22 - [TEST_STEP][PASSED] - x = x.replaceAll("[\r?
|
]", ""): null

02-12-2024T07:03:22 - [TEST_STEP][PASSED] - println(x): null

02-12-2024T07:03:22 - [TEST_STEP][PASSED] - return x: null

02-12-2024T07:03:22 - [TEST_STEP][PASSED] - println("urB: " + urB): null

02-12-2024T07:03:22 - [TEST_STEP][PASSED] - i = VseDZO.indexOf("Центр"): null

02-12-2024T07:03:22 - [TEST_STEP][PASSED] - if (i > -1): null

02-12-2024T07:03:22 - [TEST_STEP][PASSED] - dZONum = dZONum + 1: null

02-12-2024T07:03:22 - [TEST_STEP][PASSED] - cenB = GetAllData(path, dZONum, VseDZO, x = "Россети Центр (ГК)/"): null

02-12-2024T07:03:22 - [TEST_STEP][PASSED] - ii = <not implemented yet for class: org.codehaus.groovy.ast.expr.EmptyExpression>: null

02-12-2024T07:03:22 - [TEST_STEP][PASSED] - i1 = <not implemented yet for class: org.codehaus.groovy.ast.expr.EmptyExpression>: null

02-12-2024T07:03:22 - [TEST_STEP][PASSED] - z = <not implemented yet for class: org.codehaus.groovy.ast.expr.EmptyExpression>: null

02-12-2024T07:03:22 - [TEST_STEP][PASSED] - path2 = "Значения со страницы Выполнение бизнес-плана/Table Data/": null

02-12-2024T07:03:22 - [TEST_STEP][PASSED] - println("path: " + path): null

02-12-2024T07:03:22 - [TEST_STEP][PASSED] - println("dZONum: " + dZONum): null

02-12-2024T07:03:22 - [TEST_STEP][PASSED] - z = getText(findTestObject(path + "spanPlan" + dZONum)): Text of object 'Object Repository/Выполнение бизнес-плана/Выполнение бизнес-плана Балансы/spanPlan14' is: '10.14
|'

02-12-2024T07:03:23 - [MESSAGE][PASSED] - Text of object 'Object Repository/Выполнение бизнес-плана/Выполнение бизнес-плана Балансы/spanPlan14' is: '10.14
|'

02-12-2024T07:03:23 - [TEST_STEP][PASSED] - println(z): null

02-12-2024T07:03:23 - [TEST_STEP][PASSED] - ii = z.indexOf("|"): null

02-12-2024T07:03:23 - [TEST_STEP][PASSED] - if (ii > -1): null

02-12-2024T07:03:23 - [TEST_STEP][PASSED] - z = z.substring(0, z.length() - 1): null

02-12-2024T07:03:23 - [TEST_STEP][PASSED] - println(z): null

02-12-2024T07:03:23 - [TEST_STEP][PASSED] - z = z.replaceAll("\s+", ""): null

02-12-2024T07:03:23 - [TEST_STEP][PASSED] - z = z.replace("[\r?
|
]", "/"): null

02-12-2024T07:03:23 - [TEST_STEP][PASSED] - println(z): null

02-12-2024T07:03:23 - [TEST_STEP][PASSED] - x = x + z: null

02-12-2024T07:03:23 - [TEST_STEP][PASSED] - z = getText(findTestObject(path + "spanFact" + dZONum)): Text of object 'Object Repository/Выполнение бизнес-плана/Выполнение бизнес-плана Балансы/spanFact14' is: '9.64'

02-12-2024T07:03:23 - [MESSAGE][PASSED] - Text of object 'Object Repository/Выполнение бизнес-плана/Выполнение бизнес-плана Балансы/spanFact14' is: '9.64'

02-12-2024T07:03:23 - [TEST_STEP][PASSED] - ii = z.indexOf("|"): null

02-12-2024T07:03:23 - [TEST_STEP][PASSED] - if (ii > -1): null

02-12-2024T07:03:23 - [TEST_STEP][PASSED] - x = x + "/" + z: null

02-12-2024T07:03:23 - [TEST_STEP][PASSED] - z = getText(findTestObject(path + path2 + "Факт Отпуск в сеть за отчётный период " + dZONum)).replaceAll("\s+", ""): Text of object 'Object Repository/Выполнение бизнес-плана/Выполнение бизнес-плана Балансы/Значения со страницы Выполнение бизнес-плана/Table Data/Факт Отпуск в сеть за отчётный период 14' is: '49 425 284'

02-12-2024T07:03:23 - [MESSAGE][PASSED] - Text of object 'Object Repository/Выполнение бизнес-плана/Выполнение бизнес-плана Балансы/Значения со страницы Выполнение бизнес-плана/Table Data/Факт Отпуск в сеть за отчётный период 14' is: '49 425 284'

02-12-2024T07:03:23 - [TEST_STEP][PASSED] - x = x + "/" + z: null

02-12-2024T07:03:23 - [TEST_STEP][PASSED] - z = getText(findTestObject(path + path2 + "Факт Отпуск из сети за отчётный период " + dZONum)).replaceAll("\s+", ""): Text of object 'Object Repository/Выполнение бизнес-плана/Выполнение бизнес-плана Балансы/Значения со страницы Выполнение бизнес-плана/Table Data/Факт Отпуск из сети за отчётный период 14' is: '44 662 142'

02-12-2024T07:03:24 - [MESSAGE][PASSED] - Text of object 'Object Repository/Выполнение бизнес-плана/Выполнение бизнес-плана Балансы/Значения со страницы Выполнение бизнес-плана/Table Data/Факт Отпуск из сети за отчётный период 14' is: '44 662 142'

02-12-2024T07:03:24 - [TEST_STEP][PASSED] - x = x + "/" + z: null

02-12-2024T07:03:24 - [TEST_STEP][PASSED] - z = getText(findTestObject(path + path2 + "Факт Потери за отчётный период " + dZONum)).replaceAll("\s+", ""): Text of object 'Object Repository/Выполнение бизнес-плана/Выполнение бизнес-плана Балансы/Значения со страницы Выполнение бизнес-плана/Table Data/Факт Потери за отчётный период 14' is: '4 763 141'

02-12-2024T07:03:24 - [MESSAGE][PASSED] - Text of object 'Object Repository/Выполнение бизнес-плана/Выполнение бизнес-плана Балансы/Значения со страницы Выполнение бизнес-плана/Table Data/Факт Потери за отчётный период 14' is: '4 763 141'

02-12-2024T07:03:24 - [TEST_STEP][PASSED] - x = x + "/" + z: null

02-12-2024T07:03:24 - [TEST_STEP][PASSED] - z = getText(findTestObject(path + path2 + "План Отпуск в сеть за отчётный период " + dZONum)).replaceAll("\s+", ""): Text of object 'Object Repository/Выполнение бизнес-плана/Выполнение бизнес-плана Балансы/Значения со страницы Выполнение бизнес-плана/Table Data/План Отпуск в сеть за отчётный период 14' is: '48 037 333'

02-12-2024T07:03:24 - [MESSAGE][PASSED] - Text of object 'Object Repository/Выполнение бизнес-плана/Выполнение бизнес-плана Балансы/Значения со страницы Выполнение бизнес-плана/Table Data/План Отпуск в сеть за отчётный период 14' is: '48 037 333'

02-12-2024T07:03:24 - [TEST_STEP][PASSED] - x = x + "/" + z: null

02-12-2024T07:03:24 - [TEST_STEP][PASSED] - z = getText(findTestObject(path + path2 + "План Отпуск из сети за отчётный период " + dZONum)).replaceAll("\s+", ""): Text of object 'Object Repository/Выполнение бизнес-плана/Выполнение бизнес-плана Балансы/Значения со страницы Выполнение бизнес-плана/Table Data/План Отпуск из сети за отчётный период 14' is: '43 167 677'

02-12-2024T07:03:25 - [MESSAGE][PASSED] - Text of object 'Object Repository/Выполнение бизнес-плана/Выполнение бизнес-плана Балансы/Значения со страницы Выполнение бизнес-плана/Table Data/План Отпуск из сети за отчётный период 14' is: '43 167 677'

02-12-2024T07:03:25 - [TEST_STEP][PASSED] - x = x + "/" + z: null

02-12-2024T07:03:25 - [TEST_STEP][PASSED] - z = getText(findTestObject(path + path2 + "План Потери за отчётный период " + dZONum)).replaceAll("\s+", ""): Text of object 'Object Repository/Выполнение бизнес-плана/Выполнение бизнес-плана Балансы/Значения со страницы Выполнение бизнес-плана/Table Data/План Потери за отчётный период 14' is: '4 869 656'

02-12-2024T07:03:25 - [MESSAGE][PASSED] - Text of object 'Object Repository/Выполнение бизнес-плана/Выполнение бизнес-плана Балансы/Значения со страницы Выполнение бизнес-плана/Table Data/План Потери за отчётный период 14' is: '4 869 656'

02-12-2024T07:03:25 - [TEST_STEP][PASSED] - x = x + "/" + z: null

02-12-2024T07:03:25 - [TEST_STEP][PASSED] - z = getText(findTestObject(path + "Список ДЗО")).replaceAll("[\r?
|
]", "/"): Text of object 'Object Repository/Выполнение бизнес-плана/Выполнение бизнес-плана Балансы/Список ДЗО' is: '-0.21
-0.07
3.72
-0.38
-0.53
0.09
0.09
3.84
-0.41
-0.05
-0.01
0.15
-0.11
-0.50
-0.27
-0.45
-0.05
Россети ФСКЕЭС
АО«Тываэнерго»
АО«Чеченэнерго»
РоссетиВолга
РоссетиКубань
РоссетиЛенэнерго(ГК)
РоссетиМосковскийрегион
РоссетиСеверныйКавказ
РоссетиСеверо-Запад
РоссетиСибирь
РоссетиТомск
РоссетиТюмень
Россети Урал(ГК)
РоссетиЦентр (ГК)
РоссетиЦентр иПриволжье(ГК)
Россети Юг(ГК)
РоссетиЯнтарь
0
2
4
6
-2
8'

02-12-2024T07:03:25 - [MESSAGE][PASSED] - Text of object 'Object Repository/Выполнение бизнес-плана/Выполнение бизнес-плана Балансы/Список ДЗО' is: '-0.21
-0.07
3.72
-0.38
-0.53
0.09
0.09
3.84
-0.41
-0.05
-0.01
0.15
-0.11
-0.50
-0.27
-0.45
-0.05
Россети ФСКЕЭС
АО«Тываэнерго»
АО«Чеченэнерго»
РоссетиВолга
РоссетиКубань
РоссетиЛенэнерго(ГК)
РоссетиМосковскийрегион
РоссетиСеверныйКавказ
РоссетиСеверо-Запад
РоссетиСибирь
РоссетиТомск
РоссетиТюмень
Россети Урал(ГК)
РоссетиЦентр (ГК)
РоссетиЦентр иПриволжье(ГК)
Россети Юг(ГК)
РоссетиЯнтарь
0
2
4
6
-2
8'

02-12-2024T07:03:25 - [TEST_STEP][PASSED] - for ([ii = 1, ii < dZONum, (ii++)]): null

02-12-2024T07:03:25 - [TEST_STEP][PASSED] - i1 = z.indexOf("/") + 1: null

02-12-2024T07:03:25 - [TEST_STEP][PASSED] - if (i1 > -1): null

02-12-2024T07:03:25 - [TEST_STEP][PASSED] - z = z.substring(i1, z.length()): null

02-12-2024T07:03:25 - [TEST_STEP][PASSED] - i1 = z.indexOf("/"): null

02-12-2024T07:03:25 - [TEST_STEP][PASSED] - i1 = z.indexOf("/") + 1: null

02-12-2024T07:03:25 - [TEST_STEP][PASSED] - if (i1 > -1): null

02-12-2024T07:03:25 - [TEST_STEP][PASSED] - z = z.substring(i1, z.length()): null

02-12-2024T07:03:25 - [TEST_STEP][PASSED] - i1 = z.indexOf("/"): null

02-12-2024T07:03:25 - [TEST_STEP][PASSED] - i1 = z.indexOf("/") + 1: null

02-12-2024T07:03:25 - [TEST_STEP][PASSED] - if (i1 > -1): null

02-12-2024T07:03:25 - [TEST_STEP][PASSED] - z = z.substring(i1, z.length()): null

02-12-2024T07:03:25 - [TEST_STEP][PASSED] - i1 = z.indexOf("/"): null

02-12-2024T07:03:25 - [TEST_STEP][PASSED] - i1 = z.indexOf("/") + 1: null

02-12-2024T07:03:25 - [TEST_STEP][PASSED] - if (i1 > -1): null

02-12-2024T07:03:25 - [TEST_STEP][PASSED] - z = z.substring(i1, z.length()): null

02-12-2024T07:03:25 - [TEST_STEP][PASSED] - i1 = z.indexOf("/"): null

02-12-2024T07:03:25 - [TEST_STEP][PASSED] - i1 = z.indexOf("/") + 1: null

02-12-2024T07:03:25 - [TEST_STEP][PASSED] - if (i1 > -1): null

02-12-2024T07:03:25 - [TEST_STEP][PASSED] - z = z.substring(i1, z.length()): null

02-12-2024T07:03:25 - [TEST_STEP][PASSED] - i1 = z.indexOf("/"): null

02-12-2024T07:03:25 - [TEST_STEP][PASSED] - i1 = z.indexOf("/") + 1: null

02-12-2024T07:03:25 - [TEST_STEP][PASSED] - if (i1 > -1): null

02-12-2024T07:03:25 - [TEST_STEP][PASSED] - z = z.substring(i1, z.length()): null

02-12-2024T07:03:25 - [TEST_STEP][PASSED] - i1 = z.indexOf("/"): null

02-12-2024T07:03:25 - [TEST_STEP][PASSED] - i1 = z.indexOf("/") + 1: null

02-12-2024T07:03:25 - [TEST_STEP][PASSED] - if (i1 > -1): null

02-12-2024T07:03:25 - [TEST_STEP][PASSED] - z = z.substring(i1, z.length()): null

02-12-2024T07:03:25 - [TEST_STEP][PASSED] - i1 = z.indexOf("/"): null

02-12-2024T07:03:25 - [TEST_STEP][PASSED] - i1 = z.indexOf("/") + 1: null

02-12-2024T07:03:25 - [TEST_STEP][PASSED] - if (i1 > -1): null

02-12-2024T07:03:25 - [TEST_STEP][PASSED] - z = z.substring(i1, z.length()): null

02-12-2024T07:03:25 - [TEST_STEP][PASSED] - i1 = z.indexOf("/"): null

02-12-2024T07:03:25 - [TEST_STEP][PASSED] - i1 = z.indexOf("/") + 1: null

02-12-2024T07:03:25 - [TEST_STEP][PASSED] - if (i1 > -1): null

02-12-2024T07:03:25 - [TEST_STEP][PASSED] - z = z.substring(i1, z.length()): null

02-12-2024T07:03:25 - [TEST_STEP][PASSED] - i1 = z.indexOf("/"): null

02-12-2024T07:03:25 - [TEST_STEP][PASSED] - i1 = z.indexOf("/") + 1: null

02-12-2024T07:03:25 - [TEST_STEP][PASSED] - if (i1 > -1): null

02-12-2024T07:03:25 - [TEST_STEP][PASSED] - z = z.substring(i1, z.length()): null

02-12-2024T07:03:25 - [TEST_STEP][PASSED] - i1 = z.indexOf("/"): null

02-12-2024T07:03:25 - [TEST_STEP][PASSED] - i1 = z.indexOf("/") + 1: null

02-12-2024T07:03:25 - [TEST_STEP][PASSED] - if (i1 > -1): null

02-12-2024T07:03:25 - [TEST_STEP][PASSED] - z = z.substring(i1, z.length()): null

02-12-2024T07:03:25 - [TEST_STEP][PASSED] - i1 = z.indexOf("/"): null

02-12-2024T07:03:25 - [TEST_STEP][PASSED] - i1 = z.indexOf("/") + 1: null

02-12-2024T07:03:25 - [TEST_STEP][PASSED] - if (i1 > -1): null

02-12-2024T07:03:25 - [TEST_STEP][PASSED] - z = z.substring(i1, z.length()): null

02-12-2024T07:03:25 - [TEST_STEP][PASSED] - i1 = z.indexOf("/"): null

02-12-2024T07:03:25 - [TEST_STEP][PASSED] - i1 = z.indexOf("/") + 1: null

02-12-2024T07:03:25 - [TEST_STEP][PASSED] - if (i1 > -1): null

02-12-2024T07:03:25 - [TEST_STEP][PASSED] - z = z.substring(i1, z.length()): null

02-12-2024T07:03:25 - [TEST_STEP][PASSED] - i1 = z.indexOf("/"): null

02-12-2024T07:03:25 - [TEST_STEP][PASSED] - i1 = z.indexOf("/"): null

02-12-2024T07:03:25 - [TEST_STEP][PASSED] - if (i1 > -1): null

02-12-2024T07:03:25 - [TEST_STEP][PASSED] - z = z.substring(0, i1): null

02-12-2024T07:03:25 - [TEST_STEP][PASSED] - z = z.replace(",", "."): null

02-12-2024T07:03:25 - [TEST_STEP][PASSED] - println(z): null

02-12-2024T07:03:25 - [TEST_STEP][PASSED] - x = x + "/" + z: null

02-12-2024T07:03:25 - [TEST_STEP][PASSED] - x = x.replaceAll("[\r?
|
]", ""): null

02-12-2024T07:03:25 - [TEST_STEP][PASSED] - println(x): null

02-12-2024T07:03:25 - [TEST_STEP][PASSED] - return x: null

02-12-2024T07:03:25 - [TEST_STEP][PASSED] - println("cenB: " + cenB): null

02-12-2024T07:03:25 - [TEST_STEP][PASSED] - i = VseDZO.indexOf("Приволжье"): null

02-12-2024T07:03:25 - [TEST_STEP][PASSED] - if (i > -1): null

02-12-2024T07:03:25 - [TEST_STEP][PASSED] - dZONum = dZONum + 1: null

02-12-2024T07:03:25 - [TEST_STEP][PASSED] - cIPB = GetAllData(path, dZONum, VseDZO, x = "Россети Центр и Приволжье (ГК)/"): null

02-12-2024T07:03:25 - [TEST_STEP][PASSED] - ii = <not implemented yet for class: org.codehaus.groovy.ast.expr.EmptyExpression>: null

02-12-2024T07:03:25 - [TEST_STEP][PASSED] - i1 = <not implemented yet for class: org.codehaus.groovy.ast.expr.EmptyExpression>: null

02-12-2024T07:03:25 - [TEST_STEP][PASSED] - z = <not implemented yet for class: org.codehaus.groovy.ast.expr.EmptyExpression>: null

02-12-2024T07:03:25 - [TEST_STEP][PASSED] - path2 = "Значения со страницы Выполнение бизнес-плана/Table Data/": null

02-12-2024T07:03:25 - [TEST_STEP][PASSED] - println("path: " + path): null

02-12-2024T07:03:25 - [TEST_STEP][PASSED] - println("dZONum: " + dZONum): null

02-12-2024T07:03:25 - [TEST_STEP][PASSED] - z = getText(findTestObject(path + "spanPlan" + dZONum)): Text of object 'Object Repository/Выполнение бизнес-плана/Выполнение бизнес-плана Балансы/spanPlan15' is: '7.04
|'

02-12-2024T07:03:25 - [MESSAGE][PASSED] - Text of object 'Object Repository/Выполнение бизнес-плана/Выполнение бизнес-плана Балансы/spanPlan15' is: '7.04
|'

02-12-2024T07:03:25 - [TEST_STEP][PASSED] - println(z): null

02-12-2024T07:03:25 - [TEST_STEP][PASSED] - ii = z.indexOf("|"): null

02-12-2024T07:03:25 - [TEST_STEP][PASSED] - if (ii > -1): null

02-12-2024T07:03:25 - [TEST_STEP][PASSED] - z = z.substring(0, z.length() - 1): null

02-12-2024T07:03:25 - [TEST_STEP][PASSED] - println(z): null

02-12-2024T07:03:25 - [TEST_STEP][PASSED] - z = z.replaceAll("\s+", ""): null

02-12-2024T07:03:25 - [TEST_STEP][PASSED] - z = z.replace("[\r?
|
]", "/"): null

02-12-2024T07:03:25 - [TEST_STEP][PASSED] - println(z): null

02-12-2024T07:03:25 - [TEST_STEP][PASSED] - x = x + z: null

02-12-2024T07:03:25 - [TEST_STEP][PASSED] - z = getText(findTestObject(path + "spanFact" + dZONum)): Text of object 'Object Repository/Выполнение бизнес-плана/Выполнение бизнес-плана Балансы/spanFact15' is: '6.77'

02-12-2024T07:03:26 - [MESSAGE][PASSED] - Text of object 'Object Repository/Выполнение бизнес-плана/Выполнение бизнес-плана Балансы/spanFact15' is: '6.77'

02-12-2024T07:03:26 - [TEST_STEP][PASSED] - ii = z.indexOf("|"): null

02-12-2024T07:03:26 - [TEST_STEP][PASSED] - if (ii > -1): null

02-12-2024T07:03:26 - [TEST_STEP][PASSED] - x = x + "/" + z: null

02-12-2024T07:03:26 - [TEST_STEP][PASSED] - z = getText(findTestObject(path + path2 + "Факт Отпуск в сеть за отчётный период " + dZONum)).replaceAll("\s+", ""): Text of object 'Object Repository/Выполнение бизнес-плана/Выполнение бизнес-плана Балансы/Значения со страницы Выполнение бизнес-плана/Table Data/Факт Отпуск в сеть за отчётный период 15' is: '45 423 668'

02-12-2024T07:03:26 - [MESSAGE][PASSED] - Text of object 'Object Repository/Выполнение бизнес-плана/Выполнение бизнес-плана Балансы/Значения со страницы Выполнение бизнес-плана/Table Data/Факт Отпуск в сеть за отчётный период 15' is: '45 423 668'

02-12-2024T07:03:26 - [TEST_STEP][PASSED] - x = x + "/" + z: null

02-12-2024T07:03:26 - [TEST_STEP][PASSED] - z = getText(findTestObject(path + path2 + "Факт Отпуск из сети за отчётный период " + dZONum)).replaceAll("\s+", ""): Text of object 'Object Repository/Выполнение бизнес-плана/Выполнение бизнес-плана Балансы/Значения со страницы Выполнение бизнес-плана/Table Data/Факт Отпуск из сети за отчётный период 15' is: '42 347 790'

02-12-2024T07:03:26 - [MESSAGE][PASSED] - Text of object 'Object Repository/Выполнение бизнес-плана/Выполнение бизнес-плана Балансы/Значения со страницы Выполнение бизнес-плана/Table Data/Факт Отпуск из сети за отчётный период 15' is: '42 347 790'

02-12-2024T07:03:26 - [TEST_STEP][PASSED] - x = x + "/" + z: null

02-12-2024T07:03:26 - [TEST_STEP][PASSED] - z = getText(findTestObject(path + path2 + "Факт Потери за отчётный период " + dZONum)).replaceAll("\s+", ""): Text of object 'Object Repository/Выполнение бизнес-плана/Выполнение бизнес-плана Балансы/Значения со страницы Выполнение бизнес-плана/Table Data/Факт Потери за отчётный период 15' is: '3 075 878'

02-12-2024T07:03:27 - [MESSAGE][PASSED] - Text of object 'Object Repository/Выполнение бизнес-плана/Выполнение бизнес-плана Балансы/Значения со страницы Выполнение бизнес-плана/Table Data/Факт Потери за отчётный период 15' is: '3 075 878'

02-12-2024T07:03:27 - [TEST_STEP][PASSED] - x = x + "/" + z: null

02-12-2024T07:03:27 - [TEST_STEP][PASSED] - z = getText(findTestObject(path + path2 + "План Отпуск в сеть за отчётный период " + dZONum)).replaceAll("\s+", ""): Text of object 'Object Repository/Выполнение бизнес-плана/Выполнение бизнес-плана Балансы/Значения со страницы Выполнение бизнес-плана/Table Data/План Отпуск в сеть за отчётный период 15' is: '44 041 851'

02-12-2024T07:03:27 - [MESSAGE][PASSED] - Text of object 'Object Repository/Выполнение бизнес-плана/Выполнение бизнес-плана Балансы/Значения со страницы Выполнение бизнес-плана/Table Data/План Отпуск в сеть за отчётный период 15' is: '44 041 851'

02-12-2024T07:03:27 - [TEST_STEP][PASSED] - x = x + "/" + z: null

02-12-2024T07:03:27 - [TEST_STEP][PASSED] - z = getText(findTestObject(path + path2 + "План Отпуск из сети за отчётный период " + dZONum)).replaceAll("\s+", ""): Text of object 'Object Repository/Выполнение бизнес-плана/Выполнение бизнес-плана Балансы/Значения со страницы Выполнение бизнес-плана/Table Data/План Отпуск из сети за отчётный период 15' is: '40 938 806'

02-12-2024T07:03:27 - [MESSAGE][PASSED] - Text of object 'Object Repository/Выполнение бизнес-плана/Выполнение бизнес-плана Балансы/Значения со страницы Выполнение бизнес-плана/Table Data/План Отпуск из сети за отчётный период 15' is: '40 938 806'

02-12-2024T07:03:27 - [TEST_STEP][PASSED] - x = x + "/" + z: null

02-12-2024T07:03:27 - [TEST_STEP][PASSED] - z = getText(findTestObject(path + path2 + "План Потери за отчётный период " + dZONum)).replaceAll("\s+", ""): Text of object 'Object Repository/Выполнение бизнес-плана/Выполнение бизнес-плана Балансы/Значения со страницы Выполнение бизнес-плана/Table Data/План Потери за отчётный период 15' is: '3 103 045'

02-12-2024T07:03:28 - [MESSAGE][PASSED] - Text of object 'Object Repository/Выполнение бизнес-плана/Выполнение бизнес-плана Балансы/Значения со страницы Выполнение бизнес-плана/Table Data/План Потери за отчётный период 15' is: '3 103 045'

02-12-2024T07:03:28 - [TEST_STEP][PASSED] - x = x + "/" + z: null

02-12-2024T07:03:28 - [TEST_STEP][PASSED] - z = getText(findTestObject(path + "Список ДЗО")).replaceAll("[\r?
|
]", "/"): Text of object 'Object Repository/Выполнение бизнес-плана/Выполнение бизнес-плана Балансы/Список ДЗО' is: '-0.21
-0.07
3.72
-0.38
-0.53
0.09
0.09
3.84
-0.41
-0.05
-0.01
0.15
-0.11
-0.50
-0.27
-0.45
-0.05
Россети ФСКЕЭС
АО«Тываэнерго»
АО«Чеченэнерго»
РоссетиВолга
РоссетиКубань
РоссетиЛенэнерго(ГК)
РоссетиМосковскийрегион
РоссетиСеверныйКавказ
РоссетиСеверо-Запад
РоссетиСибирь
РоссетиТомск
РоссетиТюмень
Россети Урал(ГК)
РоссетиЦентр (ГК)
РоссетиЦентр иПриволжье(ГК)
Россети Юг(ГК)
РоссетиЯнтарь
0
2
4
6
-2
8'

02-12-2024T07:03:28 - [MESSAGE][PASSED] - Text of object 'Object Repository/Выполнение бизнес-плана/Выполнение бизнес-плана Балансы/Список ДЗО' is: '-0.21
-0.07
3.72
-0.38
-0.53
0.09
0.09
3.84
-0.41
-0.05
-0.01
0.15
-0.11
-0.50
-0.27
-0.45
-0.05
Россети ФСКЕЭС
АО«Тываэнерго»
АО«Чеченэнерго»
РоссетиВолга
РоссетиКубань
РоссетиЛенэнерго(ГК)
РоссетиМосковскийрегион
РоссетиСеверныйКавказ
РоссетиСеверо-Запад
РоссетиСибирь
РоссетиТомск
РоссетиТюмень
Россети Урал(ГК)
РоссетиЦентр (ГК)
РоссетиЦентр иПриволжье(ГК)
Россети Юг(ГК)
РоссетиЯнтарь
0
2
4
6
-2
8'

02-12-2024T07:03:28 - [TEST_STEP][PASSED] - for ([ii = 1, ii < dZONum, (ii++)]): null

02-12-2024T07:03:28 - [TEST_STEP][PASSED] - i1 = z.indexOf("/") + 1: null

02-12-2024T07:03:28 - [TEST_STEP][PASSED] - if (i1 > -1): null

02-12-2024T07:03:28 - [TEST_STEP][PASSED] - z = z.substring(i1, z.length()): null

02-12-2024T07:03:28 - [TEST_STEP][PASSED] - i1 = z.indexOf("/"): null

02-12-2024T07:03:28 - [TEST_STEP][PASSED] - i1 = z.indexOf("/") + 1: null

02-12-2024T07:03:28 - [TEST_STEP][PASSED] - if (i1 > -1): null

02-12-2024T07:03:28 - [TEST_STEP][PASSED] - z = z.substring(i1, z.length()): null

02-12-2024T07:03:28 - [TEST_STEP][PASSED] - i1 = z.indexOf("/"): null

02-12-2024T07:03:28 - [TEST_STEP][PASSED] - i1 = z.indexOf("/") + 1: null

02-12-2024T07:03:28 - [TEST_STEP][PASSED] - if (i1 > -1): null

02-12-2024T07:03:28 - [TEST_STEP][PASSED] - z = z.substring(i1, z.length()): null

02-12-2024T07:03:28 - [TEST_STEP][PASSED] - i1 = z.indexOf("/"): null

02-12-2024T07:03:28 - [TEST_STEP][PASSED] - i1 = z.indexOf("/") + 1: null

02-12-2024T07:03:28 - [TEST_STEP][PASSED] - if (i1 > -1): null

02-12-2024T07:03:28 - [TEST_STEP][PASSED] - z = z.substring(i1, z.length()): null

02-12-2024T07:03:28 - [TEST_STEP][PASSED] - i1 = z.indexOf("/"): null

02-12-2024T07:03:28 - [TEST_STEP][PASSED] - i1 = z.indexOf("/") + 1: null

02-12-2024T07:03:28 - [TEST_STEP][PASSED] - if (i1 > -1): null

02-12-2024T07:03:28 - [TEST_STEP][PASSED] - z = z.substring(i1, z.length()): null

02-12-2024T07:03:28 - [TEST_STEP][PASSED] - i1 = z.indexOf("/"): null

02-12-2024T07:03:28 - [TEST_STEP][PASSED] - i1 = z.indexOf("/") + 1: null

02-12-2024T07:03:28 - [TEST_STEP][PASSED] - if (i1 > -1): null

02-12-2024T07:03:28 - [TEST_STEP][PASSED] - z = z.substring(i1, z.length()): null

02-12-2024T07:03:28 - [TEST_STEP][PASSED] - i1 = z.indexOf("/"): null

02-12-2024T07:03:28 - [TEST_STEP][PASSED] - i1 = z.indexOf("/") + 1: null

02-12-2024T07:03:28 - [TEST_STEP][PASSED] - if (i1 > -1): null

02-12-2024T07:03:28 - [TEST_STEP][PASSED] - z = z.substring(i1, z.length()): null

02-12-2024T07:03:28 - [TEST_STEP][PASSED] - i1 = z.indexOf("/"): null

02-12-2024T07:03:28 - [TEST_STEP][PASSED] - i1 = z.indexOf("/") + 1: null

02-12-2024T07:03:28 - [TEST_STEP][PASSED] - if (i1 > -1): null

02-12-2024T07:03:28 - [TEST_STEP][PASSED] - z = z.substring(i1, z.length()): null

02-12-2024T07:03:28 - [TEST_STEP][PASSED] - i1 = z.indexOf("/"): null

02-12-2024T07:03:28 - [TEST_STEP][PASSED] - i1 = z.indexOf("/") + 1: null

02-12-2024T07:03:28 - [TEST_STEP][PASSED] - if (i1 > -1): null

02-12-2024T07:03:28 - [TEST_STEP][PASSED] - z = z.substring(i1, z.length()): null

02-12-2024T07:03:28 - [TEST_STEP][PASSED] - i1 = z.indexOf("/"): null

02-12-2024T07:03:28 - [TEST_STEP][PASSED] - i1 = z.indexOf("/") + 1: null

02-12-2024T07:03:28 - [TEST_STEP][PASSED] - if (i1 > -1): null

02-12-2024T07:03:28 - [TEST_STEP][PASSED] - z = z.substring(i1, z.length()): null

02-12-2024T07:03:28 - [TEST_STEP][PASSED] - i1 = z.indexOf("/"): null

02-12-2024T07:03:28 - [TEST_STEP][PASSED] - i1 = z.indexOf("/") + 1: null

02-12-2024T07:03:28 - [TEST_STEP][PASSED] - if (i1 > -1): null

02-12-2024T07:03:28 - [TEST_STEP][PASSED] - z = z.substring(i1, z.length()): null

02-12-2024T07:03:28 - [TEST_STEP][PASSED] - i1 = z.indexOf("/"): null

02-12-2024T07:03:28 - [TEST_STEP][PASSED] - i1 = z.indexOf("/") + 1: null

02-12-2024T07:03:28 - [TEST_STEP][PASSED] - if (i1 > -1): null

02-12-2024T07:03:28 - [TEST_STEP][PASSED] - z = z.substring(i1, z.length()): null

02-12-2024T07:03:28 - [TEST_STEP][PASSED] - i1 = z.indexOf("/"): null

02-12-2024T07:03:28 - [TEST_STEP][PASSED] - i1 = z.indexOf("/") + 1: null

02-12-2024T07:03:28 - [TEST_STEP][PASSED] - if (i1 > -1): null

02-12-2024T07:03:28 - [TEST_STEP][PASSED] - z = z.substring(i1, z.length()): null

02-12-2024T07:03:28 - [TEST_STEP][PASSED] - i1 = z.indexOf("/"): null

02-12-2024T07:03:28 - [TEST_STEP][PASSED] - i1 = z.indexOf("/") + 1: null

02-12-2024T07:03:28 - [TEST_STEP][PASSED] - if (i1 > -1): null

02-12-2024T07:03:28 - [TEST_STEP][PASSED] - z = z.substring(i1, z.length()): null

02-12-2024T07:03:28 - [TEST_STEP][PASSED] - i1 = z.indexOf("/"): null

02-12-2024T07:03:28 - [TEST_STEP][PASSED] - i1 = z.indexOf("/"): null

02-12-2024T07:03:28 - [TEST_STEP][PASSED] - if (i1 > -1): null

02-12-2024T07:03:28 - [TEST_STEP][PASSED] - z = z.substring(0, i1): null

02-12-2024T07:03:28 - [TEST_STEP][PASSED] - z = z.replace(",", "."): null

02-12-2024T07:03:28 - [TEST_STEP][PASSED] - println(z): null

02-12-2024T07:03:28 - [TEST_STEP][PASSED] - x = x + "/" + z: null

02-12-2024T07:03:28 - [TEST_STEP][PASSED] - x = x.replaceAll("[\r?
|
]", ""): null

02-12-2024T07:03:28 - [TEST_STEP][PASSED] - println(x): null

02-12-2024T07:03:28 - [TEST_STEP][PASSED] - return x: null

02-12-2024T07:03:28 - [TEST_STEP][PASSED] - println("cIPB: " + cIPB): null

02-12-2024T07:03:28 - [TEST_STEP][PASSED] - i = VseDZO.indexOf("Юг"): null

02-12-2024T07:03:28 - [TEST_STEP][PASSED] - if (i > -1): null

02-12-2024T07:03:28 - [TEST_STEP][PASSED] - dZONum = dZONum + 1: null

02-12-2024T07:03:28 - [TEST_STEP][PASSED] - ugB = GetAllData(path, dZONum, VseDZO, x = "Россети Юг (ГК)/"): null

02-12-2024T07:03:28 - [TEST_STEP][PASSED] - ii = <not implemented yet for class: org.codehaus.groovy.ast.expr.EmptyExpression>: null

02-12-2024T07:03:28 - [TEST_STEP][PASSED] - i1 = <not implemented yet for class: org.codehaus.groovy.ast.expr.EmptyExpression>: null

02-12-2024T07:03:28 - [TEST_STEP][PASSED] - z = <not implemented yet for class: org.codehaus.groovy.ast.expr.EmptyExpression>: null

02-12-2024T07:03:28 - [TEST_STEP][PASSED] - path2 = "Значения со страницы Выполнение бизнес-плана/Table Data/": null

02-12-2024T07:03:28 - [TEST_STEP][PASSED] - println("path: " + path): null

02-12-2024T07:03:28 - [TEST_STEP][PASSED] - println("dZONum: " + dZONum): null

02-12-2024T07:03:28 - [TEST_STEP][PASSED] - z = getText(findTestObject(path + "spanPlan" + dZONum)): Text of object 'Object Repository/Выполнение бизнес-плана/Выполнение бизнес-плана Балансы/spanPlan16' is: '9.03
|'

02-12-2024T07:03:28 - [MESSAGE][PASSED] - Text of object 'Object Repository/Выполнение бизнес-плана/Выполнение бизнес-плана Балансы/spanPlan16' is: '9.03
|'

02-12-2024T07:03:28 - [TEST_STEP][PASSED] - println(z): null

02-12-2024T07:03:28 - [TEST_STEP][PASSED] - ii = z.indexOf("|"): null

02-12-2024T07:03:28 - [TEST_STEP][PASSED] - if (ii > -1): null

02-12-2024T07:03:28 - [TEST_STEP][PASSED] - z = z.substring(0, z.length() - 1): null

02-12-2024T07:03:28 - [TEST_STEP][PASSED] - println(z): null

02-12-2024T07:03:28 - [TEST_STEP][PASSED] - z = z.replaceAll("\s+", ""): null

02-12-2024T07:03:28 - [TEST_STEP][PASSED] - z = z.replace("[\r?
|
]", "/"): null

02-12-2024T07:03:28 - [TEST_STEP][PASSED] - println(z): null

02-12-2024T07:03:28 - [TEST_STEP][PASSED] - x = x + z: null

02-12-2024T07:03:28 - [TEST_STEP][PASSED] - z = getText(findTestObject(path + "spanFact" + dZONum)): Text of object 'Object Repository/Выполнение бизнес-плана/Выполнение бизнес-плана Балансы/spanFact16' is: '8.58'

02-12-2024T07:03:29 - [MESSAGE][PASSED] - Text of object 'Object Repository/Выполнение бизнес-плана/Выполнение бизнес-плана Балансы/spanFact16' is: '8.58'

02-12-2024T07:03:29 - [TEST_STEP][PASSED] - ii = z.indexOf("|"): null

02-12-2024T07:03:29 - [TEST_STEP][PASSED] - if (ii > -1): null

02-12-2024T07:03:29 - [TEST_STEP][PASSED] - x = x + "/" + z: null

02-12-2024T07:03:29 - [TEST_STEP][PASSED] - z = getText(findTestObject(path + path2 + "Факт Отпуск в сеть за отчётный период " + dZONum)).replaceAll("\s+", ""): Text of object 'Object Repository/Выполнение бизнес-плана/Выполнение бизнес-плана Балансы/Значения со страницы Выполнение бизнес-плана/Table Data/Факт Отпуск в сеть за отчётный период 16' is: '24 803 317'

02-12-2024T07:03:29 - [MESSAGE][PASSED] - Text of object 'Object Repository/Выполнение бизнес-плана/Выполнение бизнес-плана Балансы/Значения со страницы Выполнение бизнес-плана/Table Data/Факт Отпуск в сеть за отчётный период 16' is: '24 803 317'

02-12-2024T07:03:29 - [TEST_STEP][PASSED] - x = x + "/" + z: null

02-12-2024T07:03:29 - [TEST_STEP][PASSED] - z = getText(findTestObject(path + path2 + "Факт Отпуск из сети за отчётный период " + dZONum)).replaceAll("\s+", ""): Text of object 'Object Repository/Выполнение бизнес-плана/Выполнение бизнес-плана Балансы/Значения со страницы Выполнение бизнес-плана/Table Data/Факт Отпуск из сети за отчётный период 16' is: '22 675 442'

02-12-2024T07:03:29 - [MESSAGE][PASSED] - Text of object 'Object Repository/Выполнение бизнес-плана/Выполнение бизнес-плана Балансы/Значения со страницы Выполнение бизнес-плана/Table Data/Факт Отпуск из сети за отчётный период 16' is: '22 675 442'

02-12-2024T07:03:29 - [TEST_STEP][PASSED] - x = x + "/" + z: null

02-12-2024T07:03:29 - [TEST_STEP][PASSED] - z = getText(findTestObject(path + path2 + "Факт Потери за отчётный период " + dZONum)).replaceAll("\s+", ""): Text of object 'Object Repository/Выполнение бизнес-плана/Выполнение бизнес-плана Балансы/Значения со страницы Выполнение бизнес-плана/Table Data/Факт Потери за отчётный период 16' is: '2 127 876'

02-12-2024T07:03:29 - [MESSAGE][PASSED] - Text of object 'Object Repository/Выполнение бизнес-плана/Выполнение бизнес-плана Балансы/Значения со страницы Выполнение бизнес-плана/Table Data/Факт Потери за отчётный период 16' is: '2 127 876'

02-12-2024T07:03:29 - [TEST_STEP][PASSED] - x = x + "/" + z: null

02-12-2024T07:03:29 - [TEST_STEP][PASSED] - z = getText(findTestObject(path + path2 + "План Отпуск в сеть за отчётный период " + dZONum)).replaceAll("\s+", ""): Text of object 'Object Repository/Выполнение бизнес-плана/Выполнение бизнес-плана Балансы/Значения со страницы Выполнение бизнес-плана/Table Data/План Отпуск в сеть за отчётный период 16' is: '24 059 967'

02-12-2024T07:03:30 - [MESSAGE][PASSED] - Text of object 'Object Repository/Выполнение бизнес-плана/Выполнение бизнес-плана Балансы/Значения со страницы Выполнение бизнес-плана/Table Data/План Отпуск в сеть за отчётный период 16' is: '24 059 967'

02-12-2024T07:03:30 - [TEST_STEP][PASSED] - x = x + "/" + z: null

02-12-2024T07:03:30 - [TEST_STEP][PASSED] - z = getText(findTestObject(path + path2 + "План Отпуск из сети за отчётный период " + dZONum)).replaceAll("\s+", ""): Text of object 'Object Repository/Выполнение бизнес-плана/Выполнение бизнес-плана Балансы/Значения со страницы Выполнение бизнес-плана/Table Data/План Отпуск из сети за отчётный период 16' is: '21 888 350'

02-12-2024T07:03:30 - [MESSAGE][PASSED] - Text of object 'Object Repository/Выполнение бизнес-плана/Выполнение бизнес-плана Балансы/Значения со страницы Выполнение бизнес-плана/Table Data/План Отпуск из сети за отчётный период 16' is: '21 888 350'

02-12-2024T07:03:30 - [TEST_STEP][PASSED] - x = x + "/" + z: null

02-12-2024T07:03:30 - [TEST_STEP][PASSED] - z = getText(findTestObject(path + path2 + "План Потери за отчётный период " + dZONum)).replaceAll("\s+", ""): Text of object 'Object Repository/Выполнение бизнес-плана/Выполнение бизнес-плана Балансы/Значения со страницы Выполнение бизнес-плана/Table Data/План Потери за отчётный период 16' is: '2 171 617'

02-12-2024T07:03:30 - [MESSAGE][PASSED] - Text of object 'Object Repository/Выполнение бизнес-плана/Выполнение бизнес-плана Балансы/Значения со страницы Выполнение бизнес-плана/Table Data/План Потери за отчётный период 16' is: '2 171 617'

02-12-2024T07:03:30 - [TEST_STEP][PASSED] - x = x + "/" + z: null

02-12-2024T07:03:30 - [TEST_STEP][PASSED] - z = getText(findTestObject(path + "Список ДЗО")).replaceAll("[\r?
|
]", "/"): Text of object 'Object Repository/Выполнение бизнес-плана/Выполнение бизнес-плана Балансы/Список ДЗО' is: '-0.21
-0.07
3.72
-0.38
-0.53
0.09
0.09
3.84
-0.41
-0.05
-0.01
0.15
-0.11
-0.50
-0.27
-0.45
-0.05
Россети ФСКЕЭС
АО«Тываэнерго»
АО«Чеченэнерго»
РоссетиВолга
РоссетиКубань
РоссетиЛенэнерго(ГК)
РоссетиМосковскийрегион
РоссетиСеверныйКавказ
РоссетиСеверо-Запад
РоссетиСибирь
РоссетиТомск
РоссетиТюмень
Россети Урал(ГК)
РоссетиЦентр (ГК)
РоссетиЦентр иПриволжье(ГК)
Россети Юг(ГК)
РоссетиЯнтарь
0
2
4
6
-2
8'

02-12-2024T07:03:31 - [MESSAGE][PASSED] - Text of object 'Object Repository/Выполнение бизнес-плана/Выполнение бизнес-плана Балансы/Список ДЗО' is: '-0.21
-0.07
3.72
-0.38
-0.53
0.09
0.09
3.84
-0.41
-0.05
-0.01
0.15
-0.11
-0.50
-0.27
-0.45
-0.05
Россети ФСКЕЭС
АО«Тываэнерго»
АО«Чеченэнерго»
РоссетиВолга
РоссетиКубань
РоссетиЛенэнерго(ГК)
РоссетиМосковскийрегион
РоссетиСеверныйКавказ
РоссетиСеверо-Запад
РоссетиСибирь
РоссетиТомск
РоссетиТюмень
Россети Урал(ГК)
РоссетиЦентр (ГК)
РоссетиЦентр иПриволжье(ГК)
Россети Юг(ГК)
РоссетиЯнтарь
0
2
4
6
-2
8'

02-12-2024T07:03:31 - [TEST_STEP][PASSED] - for ([ii = 1, ii < dZONum, (ii++)]): null

02-12-2024T07:03:31 - [TEST_STEP][PASSED] - i1 = z.indexOf("/") + 1: null

02-12-2024T07:03:31 - [TEST_STEP][PASSED] - if (i1 > -1): null

02-12-2024T07:03:31 - [TEST_STEP][PASSED] - z = z.substring(i1, z.length()): null

02-12-2024T07:03:31 - [TEST_STEP][PASSED] - i1 = z.indexOf("/"): null

02-12-2024T07:03:31 - [TEST_STEP][PASSED] - i1 = z.indexOf("/") + 1: null

02-12-2024T07:03:31 - [TEST_STEP][PASSED] - if (i1 > -1): null

02-12-2024T07:03:31 - [TEST_STEP][PASSED] - z = z.substring(i1, z.length()): null

02-12-2024T07:03:31 - [TEST_STEP][PASSED] - i1 = z.indexOf("/"): null

02-12-2024T07:03:31 - [TEST_STEP][PASSED] - i1 = z.indexOf("/") + 1: null

02-12-2024T07:03:31 - [TEST_STEP][PASSED] - if (i1 > -1): null

02-12-2024T07:03:31 - [TEST_STEP][PASSED] - z = z.substring(i1, z.length()): null

02-12-2024T07:03:31 - [TEST_STEP][PASSED] - i1 = z.indexOf("/"): null

02-12-2024T07:03:31 - [TEST_STEP][PASSED] - i1 = z.indexOf("/") + 1: null

02-12-2024T07:03:31 - [TEST_STEP][PASSED] - if (i1 > -1): null

02-12-2024T07:03:31 - [TEST_STEP][PASSED] - z = z.substring(i1, z.length()): null

02-12-2024T07:03:31 - [TEST_STEP][PASSED] - i1 = z.indexOf("/"): null

02-12-2024T07:03:31 - [TEST_STEP][PASSED] - i1 = z.indexOf("/") + 1: null

02-12-2024T07:03:31 - [TEST_STEP][PASSED] - if (i1 > -1): null

02-12-2024T07:03:31 - [TEST_STEP][PASSED] - z = z.substring(i1, z.length()): null

02-12-2024T07:03:31 - [TEST_STEP][PASSED] - i1 = z.indexOf("/"): null

02-12-2024T07:03:31 - [TEST_STEP][PASSED] - i1 = z.indexOf("/") + 1: null

02-12-2024T07:03:31 - [TEST_STEP][PASSED] - if (i1 > -1): null

02-12-2024T07:03:31 - [TEST_STEP][PASSED] - z = z.substring(i1, z.length()): null

02-12-2024T07:03:31 - [TEST_STEP][PASSED] - i1 = z.indexOf("/"): null

02-12-2024T07:03:31 - [TEST_STEP][PASSED] - i1 = z.indexOf("/") + 1: null

02-12-2024T07:03:31 - [TEST_STEP][PASSED] - if (i1 > -1): null

02-12-2024T07:03:31 - [TEST_STEP][PASSED] - z = z.substring(i1, z.length()): null

02-12-2024T07:03:31 - [TEST_STEP][PASSED] - i1 = z.indexOf("/"): null

02-12-2024T07:03:31 - [TEST_STEP][PASSED] - i1 = z.indexOf("/") + 1: null

02-12-2024T07:03:31 - [TEST_STEP][PASSED] - if (i1 > -1): null

02-12-2024T07:03:31 - [TEST_STEP][PASSED] - z = z.substring(i1, z.length()): null

02-12-2024T07:03:31 - [TEST_STEP][PASSED] - i1 = z.indexOf("/"): null

02-12-2024T07:03:31 - [TEST_STEP][PASSED] - i1 = z.indexOf("/") + 1: null

02-12-2024T07:03:31 - [TEST_STEP][PASSED] - if (i1 > -1): null

02-12-2024T07:03:31 - [TEST_STEP][PASSED] - z = z.substring(i1, z.length()): null

02-12-2024T07:03:31 - [TEST_STEP][PASSED] - i1 = z.indexOf("/"): null

02-12-2024T07:03:31 - [TEST_STEP][PASSED] - i1 = z.indexOf("/") + 1: null

02-12-2024T07:03:31 - [TEST_STEP][PASSED] - if (i1 > -1): null

02-12-2024T07:03:31 - [TEST_STEP][PASSED] - z = z.substring(i1, z.length()): null

02-12-2024T07:03:31 - [TEST_STEP][PASSED] - i1 = z.indexOf("/"): null

02-12-2024T07:03:31 - [TEST_STEP][PASSED] - i1 = z.indexOf("/") + 1: null

02-12-2024T07:03:31 - [TEST_STEP][PASSED] - if (i1 > -1): null

02-12-2024T07:03:31 - [TEST_STEP][PASSED] - z = z.substring(i1, z.length()): null

02-12-2024T07:03:31 - [TEST_STEP][PASSED] - i1 = z.indexOf("/"): null

02-12-2024T07:03:31 - [TEST_STEP][PASSED] - i1 = z.indexOf("/") + 1: null

02-12-2024T07:03:31 - [TEST_STEP][PASSED] - if (i1 > -1): null

02-12-2024T07:03:31 - [TEST_STEP][PASSED] - z = z.substring(i1, z.length()): null

02-12-2024T07:03:31 - [TEST_STEP][PASSED] - i1 = z.indexOf("/"): null

02-12-2024T07:03:31 - [TEST_STEP][PASSED] - i1 = z.indexOf("/") + 1: null

02-12-2024T07:03:31 - [TEST_STEP][PASSED] - if (i1 > -1): null

02-12-2024T07:03:31 - [TEST_STEP][PASSED] - z = z.substring(i1, z.length()): null

02-12-2024T07:03:31 - [TEST_STEP][PASSED] - i1 = z.indexOf("/"): null

02-12-2024T07:03:31 - [TEST_STEP][PASSED] - i1 = z.indexOf("/") + 1: null

02-12-2024T07:03:31 - [TEST_STEP][PASSED] - if (i1 > -1): null

02-12-2024T07:03:31 - [TEST_STEP][PASSED] - z = z.substring(i1, z.length()): null

02-12-2024T07:03:31 - [TEST_STEP][PASSED] - i1 = z.indexOf("/"): null

02-12-2024T07:03:31 - [TEST_STEP][PASSED] - i1 = z.indexOf("/") + 1: null

02-12-2024T07:03:31 - [TEST_STEP][PASSED] - if (i1 > -1): null

02-12-2024T07:03:31 - [TEST_STEP][PASSED] - z = z.substring(i1, z.length()): null

02-12-2024T07:03:31 - [TEST_STEP][PASSED] - i1 = z.indexOf("/"): null

02-12-2024T07:03:31 - [TEST_STEP][PASSED] - i1 = z.indexOf("/"): null

02-12-2024T07:03:31 - [TEST_STEP][PASSED] - if (i1 > -1): null

02-12-2024T07:03:31 - [TEST_STEP][PASSED] - z = z.substring(0, i1): null

02-12-2024T07:03:31 - [TEST_STEP][PASSED] - z = z.replace(",", "."): null

02-12-2024T07:03:31 - [TEST_STEP][PASSED] - println(z): null

02-12-2024T07:03:31 - [TEST_STEP][PASSED] - x = x + "/" + z: null

02-12-2024T07:03:31 - [TEST_STEP][PASSED] - x = x.replaceAll("[\r?
|
]", ""): null

02-12-2024T07:03:31 - [TEST_STEP][PASSED] - println(x): null

02-12-2024T07:03:31 - [TEST_STEP][PASSED] - return x: null

02-12-2024T07:03:31 - [TEST_STEP][PASSED] - println("ugB: " + ugB): null

02-12-2024T07:03:31 - [TEST_STEP][PASSED] - i = VseDZO.indexOf("Янтарь"): null

02-12-2024T07:03:31 - [TEST_STEP][PASSED] - if (i > -1): null

02-12-2024T07:03:31 - [TEST_STEP][PASSED] - dZONum = dZONum + 1: null

02-12-2024T07:03:31 - [TEST_STEP][PASSED] - yB = GetAllData(path, dZONum, VseDZO, x = "Россети Янтарь/"): null

02-12-2024T07:03:31 - [TEST_STEP][PASSED] - ii = <not implemented yet for class: org.codehaus.groovy.ast.expr.EmptyExpression>: null

02-12-2024T07:03:31 - [TEST_STEP][PASSED] - i1 = <not implemented yet for class: org.codehaus.groovy.ast.expr.EmptyExpression>: null

02-12-2024T07:03:31 - [TEST_STEP][PASSED] - z = <not implemented yet for class: org.codehaus.groovy.ast.expr.EmptyExpression>: null

02-12-2024T07:03:31 - [TEST_STEP][PASSED] - path2 = "Значения со страницы Выполнение бизнес-плана/Table Data/": null

02-12-2024T07:03:31 - [TEST_STEP][PASSED] - println("path: " + path): null

02-12-2024T07:03:31 - [TEST_STEP][PASSED] - println("dZONum: " + dZONum): null

02-12-2024T07:03:31 - [TEST_STEP][PASSED] - z = getText(findTestObject(path + "spanPlan" + dZONum)): Text of object 'Object Repository/Выполнение бизнес-плана/Выполнение бизнес-плана Балансы/spanPlan17' is: '8.82
|'

02-12-2024T07:03:31 - [MESSAGE][PASSED] - Text of object 'Object Repository/Выполнение бизнес-плана/Выполнение бизнес-плана Балансы/spanPlan17' is: '8.82
|'

02-12-2024T07:03:31 - [TEST_STEP][PASSED] - println(z): null

02-12-2024T07:03:31 - [TEST_STEP][PASSED] - ii = z.indexOf("|"): null

02-12-2024T07:03:31 - [TEST_STEP][PASSED] - if (ii > -1): null

02-12-2024T07:03:31 - [TEST_STEP][PASSED] - z = z.substring(0, z.length() - 1): null

02-12-2024T07:03:31 - [TEST_STEP][PASSED] - println(z): null

02-12-2024T07:03:31 - [TEST_STEP][PASSED] - z = z.replaceAll("\s+", ""): null

02-12-2024T07:03:31 - [TEST_STEP][PASSED] - z = z.replace("[\r?
|
]", "/"): null

02-12-2024T07:03:31 - [TEST_STEP][PASSED] - println(z): null

02-12-2024T07:03:31 - [TEST_STEP][PASSED] - x = x + z: null

02-12-2024T07:03:31 - [TEST_STEP][PASSED] - z = getText(findTestObject(path + "spanFact" + dZONum)): Text of object 'Object Repository/Выполнение бизнес-плана/Выполнение бизнес-плана Балансы/spanFact17' is: '8.76'

02-12-2024T07:03:31 - [MESSAGE][PASSED] - Text of object 'Object Repository/Выполнение бизнес-плана/Выполнение бизнес-плана Балансы/spanFact17' is: '8.76'

02-12-2024T07:03:31 - [TEST_STEP][PASSED] - ii = z.indexOf("|"): null

02-12-2024T07:03:31 - [TEST_STEP][PASSED] - if (ii > -1): null

02-12-2024T07:03:31 - [TEST_STEP][PASSED] - x = x + "/" + z: null

02-12-2024T07:03:31 - [TEST_STEP][PASSED] - z = getText(findTestObject(path + path2 + "Факт Отпуск в сеть за отчётный период " + dZONum)).replaceAll("\s+", ""): Text of object 'Object Repository/Выполнение бизнес-плана/Выполнение бизнес-плана Балансы/Значения со страницы Выполнение бизнес-плана/Table Data/Факт Отпуск в сеть за отчётный период 17' is: '3 757 223'

02-12-2024T07:03:32 - [MESSAGE][PASSED] - Text of object 'Object Repository/Выполнение бизнес-плана/Выполнение бизнес-плана Балансы/Значения со страницы Выполнение бизнес-плана/Table Data/Факт Отпуск в сеть за отчётный период 17' is: '3 757 223'

02-12-2024T07:03:32 - [TEST_STEP][PASSED] - x = x + "/" + z: null

02-12-2024T07:03:32 - [TEST_STEP][PASSED] - z = getText(findTestObject(path + path2 + "Факт Отпуск из сети за отчётный период " + dZONum)).replaceAll("\s+", ""): Text of object 'Object Repository/Выполнение бизнес-плана/Выполнение бизнес-плана Балансы/Значения со страницы Выполнение бизнес-плана/Table Data/Факт Отпуск из сети за отчётный период 17' is: '3 428 012'

02-12-2024T07:03:32 - [MESSAGE][PASSED] - Text of object 'Object Repository/Выполнение бизнес-плана/Выполнение бизнес-плана Балансы/Значения со страницы Выполнение бизнес-плана/Table Data/Факт Отпуск из сети за отчётный период 17' is: '3 428 012'

02-12-2024T07:03:32 - [TEST_STEP][PASSED] - x = x + "/" + z: null

02-12-2024T07:03:32 - [TEST_STEP][PASSED] - z = getText(findTestObject(path + path2 + "Факт Потери за отчётный период " + dZONum)).replaceAll("\s+", ""): Text of object 'Object Repository/Выполнение бизнес-плана/Выполнение бизнес-плана Балансы/Значения со страницы Выполнение бизнес-плана/Table Data/Факт Потери за отчётный период 17' is: '329 211'

02-12-2024T07:03:32 - [MESSAGE][PASSED] - Text of object 'Object Repository/Выполнение бизнес-плана/Выполнение бизнес-плана Балансы/Значения со страницы Выполнение бизнес-плана/Table Data/Факт Потери за отчётный период 17' is: '329 211'

02-12-2024T07:03:32 - [TEST_STEP][PASSED] - x = x + "/" + z: null

02-12-2024T07:03:32 - [TEST_STEP][PASSED] - z = getText(findTestObject(path + path2 + "План Отпуск в сеть за отчётный период " + dZONum)).replaceAll("\s+", ""): Text of object 'Object Repository/Выполнение бизнес-плана/Выполнение бизнес-плана Балансы/Значения со страницы Выполнение бизнес-плана/Table Data/План Отпуск в сеть за отчётный период 17' is: '3 603 098'

02-12-2024T07:03:33 - [MESSAGE][PASSED] - Text of object 'Object Repository/Выполнение бизнес-плана/Выполнение бизнес-плана Балансы/Значения со страницы Выполнение бизнес-плана/Table Data/План Отпуск в сеть за отчётный период 17' is: '3 603 098'

02-12-2024T07:03:33 - [TEST_STEP][PASSED] - x = x + "/" + z: null

02-12-2024T07:03:33 - [TEST_STEP][PASSED] - z = getText(findTestObject(path + path2 + "План Отпуск из сети за отчётный период " + dZONum)).replaceAll("\s+", ""): Text of object 'Object Repository/Выполнение бизнес-плана/Выполнение бизнес-плана Балансы/Значения со страницы Выполнение бизнес-плана/Table Data/План Отпуск из сети за отчётный период 17' is: '3 285 438'

02-12-2024T07:03:33 - [MESSAGE][PASSED] - Text of object 'Object Repository/Выполнение бизнес-плана/Выполнение бизнес-плана Балансы/Значения со страницы Выполнение бизнес-плана/Table Data/План Отпуск из сети за отчётный период 17' is: '3 285 438'

02-12-2024T07:03:33 - [TEST_STEP][PASSED] - x = x + "/" + z: null

02-12-2024T07:03:33 - [TEST_STEP][PASSED] - z = getText(findTestObject(path + path2 + "План Потери за отчётный период " + dZONum)).replaceAll("\s+", ""): Text of object 'Object Repository/Выполнение бизнес-плана/Выполнение бизнес-плана Балансы/Значения со страницы Выполнение бизнес-плана/Table Data/План Потери за отчётный период 17' is: '317 660'

02-12-2024T07:03:33 - [MESSAGE][PASSED] - Text of object 'Object Repository/Выполнение бизнес-плана/Выполнение бизнес-плана Балансы/Значения со страницы Выполнение бизнес-плана/Table Data/План Потери за отчётный период 17' is: '317 660'

02-12-2024T07:03:33 - [TEST_STEP][PASSED] - x = x + "/" + z: null

02-12-2024T07:03:33 - [TEST_STEP][PASSED] - z = getText(findTestObject(path + "Список ДЗО")).replaceAll("[\r?
|
]", "/"): Text of object 'Object Repository/Выполнение бизнес-плана/Выполнение бизнес-плана Балансы/Список ДЗО' is: '-0.21
-0.07
3.72
-0.38
-0.53
0.09
0.09
3.84
-0.41
-0.05
-0.01
0.15
-0.11
-0.50
-0.27
-0.45
-0.05
Россети ФСКЕЭС
АО«Тываэнерго»
АО«Чеченэнерго»
РоссетиВолга
РоссетиКубань
РоссетиЛенэнерго(ГК)
РоссетиМосковскийрегион
РоссетиСеверныйКавказ
РоссетиСеверо-Запад
РоссетиСибирь
РоссетиТомск
РоссетиТюмень
Россети Урал(ГК)
РоссетиЦентр (ГК)
РоссетиЦентр иПриволжье(ГК)
Россети Юг(ГК)
РоссетиЯнтарь
0
2
4
6
-2
8'

02-12-2024T07:03:33 - [MESSAGE][PASSED] - Text of object 'Object Repository/Выполнение бизнес-плана/Выполнение бизнес-плана Балансы/Список ДЗО' is: '-0.21
-0.07
3.72
-0.38
-0.53
0.09
0.09
3.84
-0.41
-0.05
-0.01
0.15
-0.11
-0.50
-0.27
-0.45
-0.05
Россети ФСКЕЭС
АО«Тываэнерго»
АО«Чеченэнерго»
РоссетиВолга
РоссетиКубань
РоссетиЛенэнерго(ГК)
РоссетиМосковскийрегион
РоссетиСеверныйКавказ
РоссетиСеверо-Запад
РоссетиСибирь
РоссетиТомск
РоссетиТюмень
Россети Урал(ГК)
РоссетиЦентр (ГК)
РоссетиЦентр иПриволжье(ГК)
Россети Юг(ГК)
РоссетиЯнтарь
0
2
4
6
-2
8'

02-12-2024T07:03:33 - [TEST_STEP][PASSED] - for ([ii = 1, ii < dZONum, (ii++)]): null

02-12-2024T07:03:33 - [TEST_STEP][PASSED] - i1 = z.indexOf("/") + 1: null

02-12-2024T07:03:33 - [TEST_STEP][PASSED] - if (i1 > -1): null

02-12-2024T07:03:33 - [TEST_STEP][PASSED] - z = z.substring(i1, z.length()): null

02-12-2024T07:03:33 - [TEST_STEP][PASSED] - i1 = z.indexOf("/"): null

02-12-2024T07:03:33 - [TEST_STEP][PASSED] - i1 = z.indexOf("/") + 1: null

02-12-2024T07:03:33 - [TEST_STEP][PASSED] - if (i1 > -1): null

02-12-2024T07:03:33 - [TEST_STEP][PASSED] - z = z.substring(i1, z.length()): null

02-12-2024T07:03:33 - [TEST_STEP][PASSED] - i1 = z.indexOf("/"): null

02-12-2024T07:03:33 - [TEST_STEP][PASSED] - i1 = z.indexOf("/") + 1: null

02-12-2024T07:03:33 - [TEST_STEP][PASSED] - if (i1 > -1): null

02-12-2024T07:03:33 - [TEST_STEP][PASSED] - z = z.substring(i1, z.length()): null

02-12-2024T07:03:33 - [TEST_STEP][PASSED] - i1 = z.indexOf("/"): null

02-12-2024T07:03:33 - [TEST_STEP][PASSED] - i1 = z.indexOf("/") + 1: null

02-12-2024T07:03:33 - [TEST_STEP][PASSED] - if (i1 > -1): null

02-12-2024T07:03:33 - [TEST_STEP][PASSED] - z = z.substring(i1, z.length()): null

02-12-2024T07:03:33 - [TEST_STEP][PASSED] - i1 = z.indexOf("/"): null

02-12-2024T07:03:33 - [TEST_STEP][PASSED] - i1 = z.indexOf("/") + 1: null

02-12-2024T07:03:33 - [TEST_STEP][PASSED] - if (i1 > -1): null

02-12-2024T07:03:33 - [TEST_STEP][PASSED] - z = z.substring(i1, z.length()): null

02-12-2024T07:03:33 - [TEST_STEP][PASSED] - i1 = z.indexOf("/"): null

02-12-2024T07:03:33 - [TEST_STEP][PASSED] - i1 = z.indexOf("/") + 1: null

02-12-2024T07:03:33 - [TEST_STEP][PASSED] - if (i1 > -1): null

02-12-2024T07:03:33 - [TEST_STEP][PASSED] - z = z.substring(i1, z.length()): null

02-12-2024T07:03:33 - [TEST_STEP][PASSED] - i1 = z.indexOf("/"): null

02-12-2024T07:03:33 - [TEST_STEP][PASSED] - i1 = z.indexOf("/") + 1: null

02-12-2024T07:03:33 - [TEST_STEP][PASSED] - if (i1 > -1): null

02-12-2024T07:03:33 - [TEST_STEP][PASSED] - z = z.substring(i1, z.length()): null

02-12-2024T07:03:33 - [TEST_STEP][PASSED] - i1 = z.indexOf("/"): null

02-12-2024T07:03:33 - [TEST_STEP][PASSED] - i1 = z.indexOf("/") + 1: null

02-12-2024T07:03:33 - [TEST_STEP][PASSED] - if (i1 > -1): null

02-12-2024T07:03:33 - [TEST_STEP][PASSED] - z = z.substring(i1, z.length()): null

02-12-2024T07:03:33 - [TEST_STEP][PASSED] - i1 = z.indexOf("/"): null

02-12-2024T07:03:33 - [TEST_STEP][PASSED] - i1 = z.indexOf("/") + 1: null

02-12-2024T07:03:33 - [TEST_STEP][PASSED] - if (i1 > -1): null

02-12-2024T07:03:33 - [TEST_STEP][PASSED] - z = z.substring(i1, z.length()): null

02-12-2024T07:03:33 - [TEST_STEP][PASSED] - i1 = z.indexOf("/"): null

02-12-2024T07:03:33 - [TEST_STEP][PASSED] - i1 = z.indexOf("/") + 1: null

02-12-2024T07:03:33 - [TEST_STEP][PASSED] - if (i1 > -1): null

02-12-2024T07:03:33 - [TEST_STEP][PASSED] - z = z.substring(i1, z.length()): null

02-12-2024T07:03:33 - [TEST_STEP][PASSED] - i1 = z.indexOf("/"): null

02-12-2024T07:03:33 - [TEST_STEP][PASSED] - i1 = z.indexOf("/") + 1: null

02-12-2024T07:03:33 - [TEST_STEP][PASSED] - if (i1 > -1): null

02-12-2024T07:03:33 - [TEST_STEP][PASSED] - z = z.substring(i1, z.length()): null

02-12-2024T07:03:33 - [TEST_STEP][PASSED] - i1 = z.indexOf("/"): null

02-12-2024T07:03:33 - [TEST_STEP][PASSED] - i1 = z.indexOf("/") + 1: null

02-12-2024T07:03:33 - [TEST_STEP][PASSED] - if (i1 > -1): null

02-12-2024T07:03:33 - [TEST_STEP][PASSED] - z = z.substring(i1, z.length()): null

02-12-2024T07:03:33 - [TEST_STEP][PASSED] - i1 = z.indexOf("/"): null

02-12-2024T07:03:33 - [TEST_STEP][PASSED] - i1 = z.indexOf("/") + 1: null

02-12-2024T07:03:33 - [TEST_STEP][PASSED] - if (i1 > -1): null

02-12-2024T07:03:33 - [TEST_STEP][PASSED] - z = z.substring(i1, z.length()): null

02-12-2024T07:03:33 - [TEST_STEP][PASSED] - i1 = z.indexOf("/"): null

02-12-2024T07:03:33 - [TEST_STEP][PASSED] - i1 = z.indexOf("/") + 1: null

02-12-2024T07:03:33 - [TEST_STEP][PASSED] - if (i1 > -1): null

02-12-2024T07:03:33 - [TEST_STEP][PASSED] - z = z.substring(i1, z.length()): null

02-12-2024T07:03:33 - [TEST_STEP][PASSED] - i1 = z.indexOf("/"): null

02-12-2024T07:03:33 - [TEST_STEP][PASSED] - i1 = z.indexOf("/") + 1: null

02-12-2024T07:03:33 - [TEST_STEP][PASSED] - if (i1 > -1): null

02-12-2024T07:03:33 - [TEST_STEP][PASSED] - z = z.substring(i1, z.length()): null

02-12-2024T07:03:33 - [TEST_STEP][PASSED] - i1 = z.indexOf("/"): null

02-12-2024T07:03:33 - [TEST_STEP][PASSED] - i1 = z.indexOf("/") + 1: null

02-12-2024T07:03:33 - [TEST_STEP][PASSED] - if (i1 > -1): null

02-12-2024T07:03:33 - [TEST_STEP][PASSED] - z = z.substring(i1, z.length()): null

02-12-2024T07:03:33 - [TEST_STEP][PASSED] - i1 = z.indexOf("/"): null

02-12-2024T07:03:33 - [TEST_STEP][PASSED] - i1 = z.indexOf("/"): null

02-12-2024T07:03:33 - [TEST_STEP][PASSED] - if (i1 > -1): null

02-12-2024T07:03:33 - [TEST_STEP][PASSED] - z = z.substring(0, i1): null

02-12-2024T07:03:33 - [TEST_STEP][PASSED] - z = z.replace(",", "."): null

02-12-2024T07:03:33 - [TEST_STEP][PASSED] - println(z): null

02-12-2024T07:03:33 - [TEST_STEP][PASSED] - x = x + "/" + z: null

02-12-2024T07:03:33 - [TEST_STEP][PASSED] - x = x.replaceAll("[\r?
|
]", ""): null

02-12-2024T07:03:33 - [TEST_STEP][PASSED] - println(x): null

02-12-2024T07:03:33 - [TEST_STEP][PASSED] - return x: null

02-12-2024T07:03:33 - [TEST_STEP][PASSED] - println("yB: " + yB): null

02-12-2024T07:03:33 - [TEST_STEP][PASSED] - VseDZO = getText(findTestObject(path + "Список ДЗО")): Text of object 'Object Repository/Выполнение бизнес-плана/Выполнение бизнес-плана Балансы/Список ДЗО' is: '-0.21
-0.07
3.72
-0.38
-0.53
0.09
0.09
3.84
-0.41
-0.05
-0.01
0.15
-0.11
-0.50
-0.27
-0.45
-0.05
Россети ФСКЕЭС
АО«Тываэнерго»
АО«Чеченэнерго»
РоссетиВолга
РоссетиКубань
РоссетиЛенэнерго(ГК)
РоссетиМосковскийрегион
РоссетиСеверныйКавказ
РоссетиСеверо-Запад
РоссетиСибирь
РоссетиТомск
РоссетиТюмень
Россети Урал(ГК)
РоссетиЦентр (ГК)
РоссетиЦентр иПриволжье(ГК)
Россети Юг(ГК)
РоссетиЯнтарь
0
2
4
6
-2
8'

02-12-2024T07:03:34 - [MESSAGE][PASSED] - Text of object 'Object Repository/Выполнение бизнес-плана/Выполнение бизнес-плана Балансы/Список ДЗО' is: '-0.21
-0.07
3.72
-0.38
-0.53
0.09
0.09
3.84
-0.41
-0.05
-0.01
0.15
-0.11
-0.50
-0.27
-0.45
-0.05
Россети ФСКЕЭС
АО«Тываэнерго»
АО«Чеченэнерго»
РоссетиВолга
РоссетиКубань
РоссетиЛенэнерго(ГК)
РоссетиМосковскийрегион
РоссетиСеверныйКавказ
РоссетиСеверо-Запад
РоссетиСибирь
РоссетиТомск
РоссетиТюмень
Россети Урал(ГК)
РоссетиЦентр (ГК)
РоссетиЦентр иПриволжье(ГК)
Россети Юг(ГК)
РоссетиЯнтарь
0
2
4
6
-2
8'

02-12-2024T07:03:34 - [TEST_STEP][FAILED] - if (blockNum == 2): null

02-12-2024T07:03:34 - [TEST_STEP][FAILED] - if (verifyEqual(pRR, pRB) == false): null

02-12-2024T07:03:34 - [MESSAGE][FAILED] - Unable to verify equal between actual object 'ПАО Россети/5.35/5.31/206165497/187914500/18250997/201515981/184398651/17117330' and expected object 'ПАО Россети/5.78/7.98/505792902/466342021/39450881/990453279/933890278/56563000' (Root cause: com.kms.katalon.core.exception.StepFailedException: Actual object 'ПАО Россети/5.35/5.31/206165497/187914500/18250997/201515981/184398651/17117330' and expected object 'ПАО Россети/5.78/7.98/505792902/466342021/39450881/990453279/933890278/56563000' are not equal
	at com.kms.katalon.core.keyword.builtin.VerifyEqualKeyword$_verifyEqual_closure1.doCall(VerifyEqualKeyword.groovy:58)
	at com.kms.katalon.core.keyword.builtin.VerifyEqualKeyword$_verifyEqual_closure1.call(VerifyEqualKeyword.groovy)
	at com.kms.katalon.core.keyword.internal.KeywordMain.runKeyword(KeywordMain.groovy:75)
	at com.kms.katalon.core.keyword.builtin.VerifyEqualKeyword.verifyEqual(VerifyEqualKeyword.groovy:63)
	at com.kms.katalon.core.keyword.builtin.VerifyEqualKeyword.execute(VerifyEqualKeyword.groovy:44)
	at com.kms.katalon.core.keyword.internal.KeywordExecutor.executeKeywordForPlatform(KeywordExecutor.groovy:74)
	at com.kms.katalon.core.keyword.BuiltinKeywords.verifyEqual(BuiltinKeywords.groovy:146)
	at java.base/jdk.internal.reflect.NativeMethodAccessorImpl.invoke0(Native Method)
	at java.base/jdk.internal.reflect.NativeMethodAccessorImpl.invoke(NativeMethodAccessorImpl.java:77)
	at java.base/jdk.internal.reflect.DelegatingMethodAccessorImpl.invoke(DelegatingMethodAccessorImpl.java:43)
	at Выполнение бизнес-плана сверка дашбордов.run(Выполнение бизнес-плана сверка дашбордов:577)
	at com.kms.katalon.core.main.ScriptEngine.run(ScriptEngine.java:194)
	at com.kms.katalon.core.main.ScriptEngine.runScriptAsRawText(ScriptEngine.java:119)
	at com.kms.katalon.core.main.TestCaseExecutor.runScript(TestCaseExecutor.java:448)
	at com.kms.katalon.core.main.TestCaseExecutor.doExecute(TestCaseExecutor.java:439)
	at com.kms.katalon.core.main.TestCaseExecutor.processExecutionPhase(TestCaseExecutor.java:418)
	at com.kms.katalon.core.main.TestCaseExecutor.accessMainPhase(TestCaseExecutor.java:410)
	at com.kms.katalon.core.main.TestCaseExecutor.execute(TestCaseExecutor.java:285)
	at com.kms.katalon.core.common.CommonExecutor.accessTestCaseMainPhase(CommonExecutor.java:65)
	at com.kms.katalon.core.main.TestSuiteExecutor.accessTestSuiteMainPhase(TestSuiteExecutor.java:150)
	at com.kms.katalon.core.main.TestSuiteExecutor.execute(TestSuiteExecutor.java:106)
	at com.kms.katalon.core.main.TestCaseMain.startTestSuite(TestCaseMain.java:180)
	at TempTestSuite1733111659562.run(TempTestSuite1733111659562.groovy:35)
	at java.base/jdk.internal.reflect.NativeMethodAccessorImpl.invoke0(Native Method)
	at java.base/jdk.internal.reflect.NativeMethodAccessorImpl.invoke(NativeMethodAccessorImpl.java:77)
	at java.base/jdk.internal.reflect.DelegatingMethodAccessorImpl.invoke(DelegatingMethodAccessorImpl.java:43)
)

02-12-2024T07:03:34 - [TEST_STEP][PASSED] - result = CompareDZOData(a = pRR, b = pRB, dZO, typeOfData, PercPlanR, PercPlanB, PercFactR, PercFactB, todaysDate, x, vidget, tabR, tabB, o1R, o1B): null

02-12-2024T07:03:34 - [TEST_STEP][PASSED] - ii2 = <not implemented yet for class: org.codehaus.groovy.ast.expr.EmptyExpression>: null

02-12-2024T07:03:34 - [TEST_STEP][FAILED] - if (verifyEqual(a, b) == false): null

02-12-2024T07:03:34 - [MESSAGE][FAILED] - Unable to verify equal between actual object 'ПАО Россети/5.35/5.31/206165497/187914500/18250997/201515981/184398651/17117330' and expected object 'ПАО Россети/5.78/7.98/505792902/466342021/39450881/990453279/933890278/56563000' (Root cause: com.kms.katalon.core.exception.StepFailedException: Actual object 'ПАО Россети/5.35/5.31/206165497/187914500/18250997/201515981/184398651/17117330' and expected object 'ПАО Россети/5.78/7.98/505792902/466342021/39450881/990453279/933890278/56563000' are not equal
	at com.kms.katalon.core.keyword.builtin.VerifyEqualKeyword$_verifyEqual_closure1.doCall(VerifyEqualKeyword.groovy:58)
	at com.kms.katalon.core.keyword.builtin.VerifyEqualKeyword$_verifyEqual_closure1.call(VerifyEqualKeyword.groovy)
	at com.kms.katalon.core.keyword.internal.KeywordMain.runKeyword(KeywordMain.groovy:75)
	at com.kms.katalon.core.keyword.builtin.VerifyEqualKeyword.verifyEqual(VerifyEqualKeyword.groovy:63)
	at com.kms.katalon.core.keyword.builtin.VerifyEqualKeyword.execute(VerifyEqualKeyword.groovy:44)
	at com.kms.katalon.core.keyword.internal.KeywordExecutor.executeKeywordForPlatform(KeywordExecutor.groovy:74)
	at com.kms.katalon.core.keyword.BuiltinKeywords.verifyEqual(BuiltinKeywords.groovy:146)
	at java.base/jdk.internal.reflect.NativeMethodAccessorImpl.invoke0(Native Method)
	at java.base/jdk.internal.reflect.NativeMethodAccessorImpl.invoke(NativeMethodAccessorImpl.java:77)
	at java.base/jdk.internal.reflect.DelegatingMethodAccessorImpl.invoke(DelegatingMethodAccessorImpl.java:43)
	at Выполнение бизнес-плана сверка дашбордов.CompareDZOData(Выполнение бизнес-плана сверка дашбордов:673)
	at Выполнение бизнес-плана сверка дашбордов.run(Выполнение бизнес-плана сверка дашбордов:578)
	at com.kms.katalon.core.main.ScriptEngine.run(ScriptEngine.java:194)
	at com.kms.katalon.core.main.ScriptEngine.runScriptAsRawText(ScriptEngine.java:119)
	at com.kms.katalon.core.main.TestCaseExecutor.runScript(TestCaseExecutor.java:448)
	at com.kms.katalon.core.main.TestCaseExecutor.doExecute(TestCaseExecutor.java:439)
	at com.kms.katalon.core.main.TestCaseExecutor.processExecutionPhase(TestCaseExecutor.java:418)
	at com.kms.katalon.core.main.TestCaseExecutor.accessMainPhase(TestCaseExecutor.java:410)
	at com.kms.katalon.core.main.TestCaseExecutor.execute(TestCaseExecutor.java:285)
	at com.kms.katalon.core.common.CommonExecutor.accessTestCaseMainPhase(CommonExecutor.java:65)
	at com.kms.katalon.core.main.TestSuiteExecutor.accessTestSuiteMainPhase(TestSuiteExecutor.java:150)
	at com.kms.katalon.core.main.TestSuiteExecutor.execute(TestSuiteExecutor.java:106)
	at com.kms.katalon.core.main.TestCaseMain.startTestSuite(TestCaseMain.java:180)
	at TempTestSuite1733111659562.run(TempTestSuite1733111659562.groovy:35)
	at java.base/jdk.internal.reflect.NativeMethodAccessorImpl.invoke0(Native Method)
	at java.base/jdk.internal.reflect.NativeMethodAccessorImpl.invoke(NativeMethodAccessorImpl.java:77)
	at java.base/jdk.internal.reflect.DelegatingMethodAccessorImpl.invoke(DelegatingMethodAccessorImpl.java:43)
)

02-12-2024T07:03:34 - [TEST_STEP][PASSED] - vidget = "Уровень потерь электроэнергии": null

02-12-2024T07:03:34 - [TEST_STEP][PASSED] - typeOfData = "План": null

02-12-2024T07:03:34 - [TEST_STEP][PASSED] - PercPlanR = GetPercPlanR(x = a): null

02-12-2024T07:03:34 - [TEST_STEP][PASSED] - i1 = <not implemented yet for class: org.codehaus.groovy.ast.expr.EmptyExpression>: null

02-12-2024T07:03:34 - [TEST_STEP][PASSED] - i1 = x.indexOf("/") + 1: null

02-12-2024T07:03:34 - [TEST_STEP][PASSED] - if (i1 > -1): null

02-12-2024T07:03:34 - [TEST_STEP][PASSED] - x = x.substring(i1, x.length()): null

02-12-2024T07:03:34 - [TEST_STEP][PASSED] - i1 = x.indexOf("/"): null

02-12-2024T07:03:34 - [TEST_STEP][PASSED] - if (i1 > -1): null

02-12-2024T07:03:34 - [TEST_STEP][PASSED] - x = x.substring(0, i1): null

02-12-2024T07:03:34 - [TEST_STEP][PASSED] - return x: null

02-12-2024T07:03:34 - [TEST_STEP][PASSED] - PercPlanB = GetPercPlanB(x = b): null

02-12-2024T07:03:34 - [TEST_STEP][PASSED] - i1 = <not implemented yet for class: org.codehaus.groovy.ast.expr.EmptyExpression>: null

02-12-2024T07:03:34 - [TEST_STEP][PASSED] - i1 = x.indexOf("/") + 1: null

02-12-2024T07:03:34 - [TEST_STEP][PASSED] - if (i1 > -1): null

02-12-2024T07:03:34 - [TEST_STEP][PASSED] - x = x.substring(i1, x.length()): null

02-12-2024T07:03:34 - [TEST_STEP][PASSED] - i1 = x.indexOf("/"): null

02-12-2024T07:03:34 - [TEST_STEP][PASSED] - if (i1 > -1): null

02-12-2024T07:03:34 - [TEST_STEP][PASSED] - x = x.substring(0, i1): null

02-12-2024T07:03:34 - [TEST_STEP][FAILED] - return x: null

02-12-2024T07:03:34 - [TEST_STEP][FAILED] - if (verifyEqual(PercPlanR, PercPlanB) == false): null

02-12-2024T07:03:34 - [MESSAGE][FAILED] - Unable to verify equal between actual object '5.35' and expected object '5.78' (Root cause: com.kms.katalon.core.exception.StepFailedException: Actual object '5.35' and expected object '5.78' are not equal
	at com.kms.katalon.core.keyword.builtin.VerifyEqualKeyword$_verifyEqual_closure1.doCall(VerifyEqualKeyword.groovy:58)
	at com.kms.katalon.core.keyword.builtin.VerifyEqualKeyword$_verifyEqual_closure1.call(VerifyEqualKeyword.groovy)
	at com.kms.katalon.core.keyword.internal.KeywordMain.runKeyword(KeywordMain.groovy:75)
	at com.kms.katalon.core.keyword.builtin.VerifyEqualKeyword.verifyEqual(VerifyEqualKeyword.groovy:63)
	at com.kms.katalon.core.keyword.builtin.VerifyEqualKeyword.execute(VerifyEqualKeyword.groovy:44)
	at com.kms.katalon.core.keyword.internal.KeywordExecutor.executeKeywordForPlatform(KeywordExecutor.groovy:74)
	at com.kms.katalon.core.keyword.BuiltinKeywords.verifyEqual(BuiltinKeywords.groovy:146)
	at java.base/jdk.internal.reflect.NativeMethodAccessorImpl.invoke0(Native Method)
	at java.base/jdk.internal.reflect.NativeMethodAccessorImpl.invoke(NativeMethodAccessorImpl.java:77)
	at java.base/jdk.internal.reflect.DelegatingMethodAccessorImpl.invoke(DelegatingMethodAccessorImpl.java:43)
	at Выполнение бизнес-плана сверка дашбордов.CompareDZOData(Выполнение бизнес-плана сверка дашбордов:682)
	at Выполнение бизнес-плана сверка дашбордов.run(Выполнение бизнес-плана сверка дашбордов:578)
	at com.kms.katalon.core.main.ScriptEngine.run(ScriptEngine.java:194)
	at com.kms.katalon.core.main.ScriptEngine.runScriptAsRawText(ScriptEngine.java:119)
	at com.kms.katalon.core.main.TestCaseExecutor.runScript(TestCaseExecutor.java:448)
	at com.kms.katalon.core.main.TestCaseExecutor.doExecute(TestCaseExecutor.java:439)
	at com.kms.katalon.core.main.TestCaseExecutor.processExecutionPhase(TestCaseExecutor.java:418)
	at com.kms.katalon.core.main.TestCaseExecutor.accessMainPhase(TestCaseExecutor.java:410)
	at com.kms.katalon.core.main.TestCaseExecutor.execute(TestCaseExecutor.java:285)
	at com.kms.katalon.core.common.CommonExecutor.accessTestCaseMainPhase(CommonExecutor.java:65)
	at com.kms.katalon.core.main.TestSuiteExecutor.accessTestSuiteMainPhase(TestSuiteExecutor.java:150)
	at com.kms.katalon.core.main.TestSuiteExecutor.execute(TestSuiteExecutor.java:106)
	at com.kms.katalon.core.main.TestCaseMain.startTestSuite(TestCaseMain.java:180)
	at TempTestSuite1733111659562.run(TempTestSuite1733111659562.groovy:35)
	at java.base/jdk.internal.reflect.NativeMethodAccessorImpl.invoke0(Native Method)
	at java.base/jdk.internal.reflect.NativeMethodAccessorImpl.invoke(NativeMethodAccessorImpl.java:77)
	at java.base/jdk.internal.reflect.DelegatingMethodAccessorImpl.invoke(DelegatingMethodAccessorImpl.java:43)
)

02-12-2024T07:03:34 - [TEST_STEP][PASSED] - result = WriteToExcel(typeOfData, todaysDate, PercPlanR, PercPlanB, PercFactR, PercFactB, x, tabR, tabB, o1R, o1B, vidget): null

02-12-2024T07:03:34 - [TEST_STEP][PASSED] - iii = dZO.indexOf("/"): null

02-12-2024T07:03:34 - [TEST_STEP][PASSED] - println(iii): null

02-12-2024T07:03:34 - [TEST_STEP][PASSED] - dZO = dZO.substring(0, iii): null

02-12-2024T07:03:34 - [TEST_STEP][PASSED] - println(dZO): null

02-12-2024T07:03:34 - [TEST_STEP][PASSED] - println(PercPlanR): null

02-12-2024T07:03:34 - [TEST_STEP][PASSED] - println(PercPlanB): null

02-12-2024T07:03:34 - [TEST_STEP][PASSED] - println(PercFactR): null

02-12-2024T07:03:34 - [TEST_STEP][PASSED] - println(PercFactB): null

02-12-2024T07:03:34 - [TEST_STEP][PASSED] - println(tabR): null

02-12-2024T07:03:34 - [TEST_STEP][PASSED] - println(tabB): null

02-12-2024T07:03:34 - [TEST_STEP][PASSED] - println(o1R): null

02-12-2024T07:03:34 - [TEST_STEP][PASSED] - println(o1B): null

02-12-2024T07:03:34 - [TEST_STEP][PASSED] - PR = <not implemented yet for class: org.codehaus.groovy.ast.expr.EmptyExpression>: null

02-12-2024T07:03:34 - [TEST_STEP][PASSED] - FR = <not implemented yet for class: org.codehaus.groovy.ast.expr.EmptyExpression>: null

02-12-2024T07:03:34 - [TEST_STEP][PASSED] - PB = <not implemented yet for class: org.codehaus.groovy.ast.expr.EmptyExpression>: null

02-12-2024T07:03:34 - [TEST_STEP][PASSED] - FB = <not implemented yet for class: org.codehaus.groovy.ast.expr.EmptyExpression>: null

02-12-2024T07:03:34 - [TEST_STEP][PASSED] - TR = <not implemented yet for class: org.codehaus.groovy.ast.expr.EmptyExpression>: null

02-12-2024T07:03:34 - [TEST_STEP][PASSED] - TB = <not implemented yet for class: org.codehaus.groovy.ast.expr.EmptyExpression>: null

02-12-2024T07:03:34 - [TEST_STEP][PASSED] - sheetName = "Sheet1": null

02-12-2024T07:03:34 - [TEST_STEP][PASSED] - data = findTestData("PlanFact"): null

02-12-2024T07:03:34 - [TEST_STEP][PASSED] - n = data.getRowNumbers() + 1: null

02-12-2024T07:03:34 - [TEST_STEP][PASSED] - year = todaysDate.substring(todaysDate.length() - 4, todaysDate.length()): null

02-12-2024T07:03:34 - [TEST_STEP][PASSED] - y = year.toInteger(): null

02-12-2024T07:03:34 - [TEST_STEP][PASSED] - m = getText(findTestObject("Выполнение бизнес-плана/Выполнение бизнес-плана Балансы/Фильтр Дата")): Text of object 'Object Repository/Выполнение бизнес-плана/Выполнение бизнес-плана Балансы/Фильтр Дата' is: '1, 2, 3 кв., Октябрь 2024 года'

02-12-2024T07:03:34 - [MESSAGE][PASSED] - Text of object 'Object Repository/Выполнение бизнес-плана/Выполнение бизнес-плана Балансы/Фильтр Дата' is: '1, 2, 3 кв., Октябрь 2024 года'

02-12-2024T07:03:34 - [TEST_STEP][PASSED] - m = m.substring(0, m.indexOf("2024")): null

02-12-2024T07:03:34 - [TEST_STEP][PASSED] - m = m.trim(): null

02-12-2024T07:03:34 - [TEST_STEP][PASSED] - dashboardName = "Выполнение бизнес-плана": null

02-12-2024T07:03:34 - [TEST_STEP][PASSED] - workbook01 = getWorkbook(excelFilePath): null

02-12-2024T07:03:34 - [TEST_STEP][PASSED] - sheet01 = getExcelSheet(workbook01, sheetName): null

02-12-2024T07:03:34 - [TEST_STEP][PASSED] - setValueToCellByIndex(sheet01, n, 0, dashboardName): null

02-12-2024T07:03:34 - [TEST_STEP][PASSED] - setValueToCellByIndex(sheet01, n, 1, dZO): null

02-12-2024T07:03:34 - [TEST_STEP][PASSED] - setValueToCellByIndex(sheet01, n, 2, typeOfData): null

02-12-2024T07:03:34 - [TEST_STEP][PASSED] - setValueToCellByIndex(sheet01, n, 3, typeOfData): null

02-12-2024T07:03:34 - [TEST_STEP][PASSED] - if (typeOfData == "План"): null

02-12-2024T07:03:34 - [TEST_STEP][PASSED] - if (PercPlanR == null): null

02-12-2024T07:03:34 - [TEST_STEP][PASSED] - else: null

02-12-2024T07:03:34 - [TEST_STEP][PASSED] - if (PercPlanR == "нет данных"): null

02-12-2024T07:03:34 - [TEST_STEP][PASSED] - else: null

02-12-2024T07:03:34 - [TEST_STEP][PASSED] - PR = PercPlanR.toDouble(): null

02-12-2024T07:03:34 - [TEST_STEP][PASSED] - setValueToCellByIndex(sheet01, n, 4, PR): null

02-12-2024T07:03:34 - [TEST_STEP][PASSED] - if (PercPlanB == null): null

02-12-2024T07:03:34 - [TEST_STEP][PASSED] - else: null

02-12-2024T07:03:34 - [TEST_STEP][PASSED] - if (PercPlanB == "нет данных"): null

02-12-2024T07:03:34 - [TEST_STEP][PASSED] - else: null

02-12-2024T07:03:34 - [TEST_STEP][PASSED] - PB = PercPlanB.toDouble(): null

02-12-2024T07:03:34 - [TEST_STEP][PASSED] - setValueToCellByIndex(sheet01, n, 5, PB): null

02-12-2024T07:03:34 - [TEST_STEP][PASSED] - setValueToCellByIndex(sheet01, n, 6, m): null

02-12-2024T07:03:34 - [TEST_STEP][PASSED] - setValueToCellByIndex(sheet01, n, 7, y): null

02-12-2024T07:03:34 - [TEST_STEP][PASSED] - setValueToCellByIndex(sheet01, n, 8, todaysDate): null

02-12-2024T07:03:34 - [TEST_STEP][PASSED] - n = n + 1: null

02-12-2024T07:03:34 - [TEST_STEP][PASSED] - saveWorkbook(excelFilePath, workbook01): null

02-12-2024T07:03:35 - [TEST_STEP][PASSED] - typeOfData = "Факт": null

02-12-2024T07:03:35 - [TEST_STEP][PASSED] - PercFactR = GetPercFactR(x = a): null

02-12-2024T07:03:35 - [TEST_STEP][PASSED] - i1 = <not implemented yet for class: org.codehaus.groovy.ast.expr.EmptyExpression>: null

02-12-2024T07:03:35 - [TEST_STEP][PASSED] - ii = <not implemented yet for class: org.codehaus.groovy.ast.expr.EmptyExpression>: null

02-12-2024T07:03:35 - [TEST_STEP][PASSED] - for ([ii = 1, ii < 3, (ii++)]): null

02-12-2024T07:03:35 - [TEST_STEP][PASSED] - i1 = x.indexOf("/") + 1: null

02-12-2024T07:03:35 - [TEST_STEP][PASSED] - if (i1 > -1): null

02-12-2024T07:03:35 - [TEST_STEP][PASSED] - x = x.substring(i1, x.length()): null

02-12-2024T07:03:35 - [TEST_STEP][PASSED] - println(x): null

02-12-2024T07:03:35 - [TEST_STEP][PASSED] - i1 = x.indexOf("/") + 1: null

02-12-2024T07:03:35 - [TEST_STEP][PASSED] - if (i1 > -1): null

02-12-2024T07:03:35 - [TEST_STEP][PASSED] - x = x.substring(i1, x.length()): null

02-12-2024T07:03:35 - [TEST_STEP][PASSED] - println(x): null

02-12-2024T07:03:35 - [TEST_STEP][PASSED] - i1 = x.indexOf("/"): null

02-12-2024T07:03:35 - [TEST_STEP][PASSED] - if (i1 > -1): null

02-12-2024T07:03:35 - [TEST_STEP][PASSED] - x = x.substring(0, i1): null

02-12-2024T07:03:35 - [TEST_STEP][PASSED] - println(x): null

02-12-2024T07:03:35 - [TEST_STEP][PASSED] - return x: null

02-12-2024T07:03:35 - [TEST_STEP][PASSED] - PercFactB = GetPercFactB(x = b): null

02-12-2024T07:03:35 - [TEST_STEP][PASSED] - i1 = <not implemented yet for class: org.codehaus.groovy.ast.expr.EmptyExpression>: null

02-12-2024T07:03:35 - [TEST_STEP][PASSED] - ii = <not implemented yet for class: org.codehaus.groovy.ast.expr.EmptyExpression>: null

02-12-2024T07:03:35 - [TEST_STEP][PASSED] - for ([ii = 1, ii < 3, (ii++)]): null

02-12-2024T07:03:35 - [TEST_STEP][PASSED] - i1 = x.indexOf("/") + 1: null

02-12-2024T07:03:35 - [TEST_STEP][PASSED] - if (i1 > -1): null

02-12-2024T07:03:35 - [TEST_STEP][PASSED] - x = x.substring(i1, x.length()): null

02-12-2024T07:03:35 - [TEST_STEP][PASSED] - println(x): null

02-12-2024T07:03:35 - [TEST_STEP][PASSED] - i1 = x.indexOf("/") + 1: null

02-12-2024T07:03:35 - [TEST_STEP][PASSED] - if (i1 > -1): null

02-12-2024T07:03:35 - [TEST_STEP][PASSED] - x = x.substring(i1, x.length()): null

02-12-2024T07:03:35 - [TEST_STEP][PASSED] - println(x): null

02-12-2024T07:03:35 - [TEST_STEP][PASSED] - i1 = x.indexOf("/"): null

02-12-2024T07:03:35 - [TEST_STEP][PASSED] - if (i1 > -1): null

02-12-2024T07:03:35 - [TEST_STEP][PASSED] - x = x.substring(0, i1): null

02-12-2024T07:03:35 - [TEST_STEP][PASSED] - println(x): null

02-12-2024T07:03:35 - [TEST_STEP][FAILED] - return x: null

02-12-2024T07:03:35 - [TEST_STEP][FAILED] - if (verifyEqual(PercFactR, PercFactB) == false): null

02-12-2024T07:03:35 - [MESSAGE][FAILED] - Unable to verify equal between actual object '5.31' and expected object '7.98' (Root cause: com.kms.katalon.core.exception.StepFailedException: Actual object '5.31' and expected object '7.98' are not equal
	at com.kms.katalon.core.keyword.builtin.VerifyEqualKeyword$_verifyEqual_closure1.doCall(VerifyEqualKeyword.groovy:58)
	at com.kms.katalon.core.keyword.builtin.VerifyEqualKeyword$_verifyEqual_closure1.call(VerifyEqualKeyword.groovy)
	at com.kms.katalon.core.keyword.internal.KeywordMain.runKeyword(KeywordMain.groovy:75)
	at com.kms.katalon.core.keyword.builtin.VerifyEqualKeyword.verifyEqual(VerifyEqualKeyword.groovy:63)
	at com.kms.katalon.core.keyword.builtin.VerifyEqualKeyword.execute(VerifyEqualKeyword.groovy:44)
	at com.kms.katalon.core.keyword.internal.KeywordExecutor.executeKeywordForPlatform(KeywordExecutor.groovy:74)
	at com.kms.katalon.core.keyword.BuiltinKeywords.verifyEqual(BuiltinKeywords.groovy:146)
	at java.base/jdk.internal.reflect.NativeMethodAccessorImpl.invoke0(Native Method)
	at java.base/jdk.internal.reflect.NativeMethodAccessorImpl.invoke(NativeMethodAccessorImpl.java:77)
	at java.base/jdk.internal.reflect.DelegatingMethodAccessorImpl.invoke(DelegatingMethodAccessorImpl.java:43)
	at Выполнение бизнес-плана сверка дашбордов.CompareDZOData(Выполнение бизнес-плана сверка дашбордов:693)
	at Выполнение бизнес-плана сверка дашбордов.run(Выполнение бизнес-плана сверка дашбордов:578)
	at com.kms.katalon.core.main.ScriptEngine.run(ScriptEngine.java:194)
	at com.kms.katalon.core.main.ScriptEngine.runScriptAsRawText(ScriptEngine.java:119)
	at com.kms.katalon.core.main.TestCaseExecutor.runScript(TestCaseExecutor.java:448)
	at com.kms.katalon.core.main.TestCaseExecutor.doExecute(TestCaseExecutor.java:439)
	at com.kms.katalon.core.main.TestCaseExecutor.processExecutionPhase(TestCaseExecutor.java:418)
	at com.kms.katalon.core.main.TestCaseExecutor.accessMainPhase(TestCaseExecutor.java:410)
	at com.kms.katalon.core.main.TestCaseExecutor.execute(TestCaseExecutor.java:285)
	at com.kms.katalon.core.common.CommonExecutor.accessTestCaseMainPhase(CommonExecutor.java:65)
	at com.kms.katalon.core.main.TestSuiteExecutor.accessTestSuiteMainPhase(TestSuiteExecutor.java:150)
	at com.kms.katalon.core.main.TestSuiteExecutor.execute(TestSuiteExecutor.java:106)
	at com.kms.katalon.core.main.TestCaseMain.startTestSuite(TestCaseMain.java:180)
	at TempTestSuite1733111659562.run(TempTestSuite1733111659562.groovy:35)
	at java.base/jdk.internal.reflect.NativeMethodAccessorImpl.invoke0(Native Method)
	at java.base/jdk.internal.reflect.NativeMethodAccessorImpl.invoke(NativeMethodAccessorImpl.java:77)
	at java.base/jdk.internal.reflect.DelegatingMethodAccessorImpl.invoke(DelegatingMethodAccessorImpl.java:43)
)

02-12-2024T07:03:35 - [TEST_STEP][PASSED] - result = WriteToExcel(typeOfData, todaysDate, PercPlanR, PercPlanB, PercFactR, PercFactB, x, tabR, tabB, o1R, o1B, vidget): null

02-12-2024T07:03:35 - [TEST_STEP][PASSED] - iii = dZO.indexOf("/"): null

02-12-2024T07:03:35 - [TEST_STEP][PASSED] - println(iii): null

02-12-2024T07:03:35 - [TEST_STEP][PASSED] - dZO = dZO.substring(0, iii): null

02-12-2024T07:03:35 - [TEST_STEP][PASSED] - println(dZO): null

02-12-2024T07:03:35 - [TEST_STEP][PASSED] - println(PercPlanR): null

02-12-2024T07:03:35 - [TEST_STEP][PASSED] - println(PercPlanB): null

02-12-2024T07:03:35 - [TEST_STEP][PASSED] - println(PercFactR): null

02-12-2024T07:03:35 - [TEST_STEP][PASSED] - println(PercFactB): null

02-12-2024T07:03:35 - [TEST_STEP][PASSED] - println(tabR): null

02-12-2024T07:03:35 - [TEST_STEP][PASSED] - println(tabB): null

02-12-2024T07:03:35 - [TEST_STEP][PASSED] - println(o1R): null

02-12-2024T07:03:35 - [TEST_STEP][PASSED] - println(o1B): null

02-12-2024T07:03:35 - [TEST_STEP][PASSED] - PR = <not implemented yet for class: org.codehaus.groovy.ast.expr.EmptyExpression>: null

02-12-2024T07:03:35 - [TEST_STEP][PASSED] - FR = <not implemented yet for class: org.codehaus.groovy.ast.expr.EmptyExpression>: null

02-12-2024T07:03:35 - [TEST_STEP][PASSED] - PB = <not implemented yet for class: org.codehaus.groovy.ast.expr.EmptyExpression>: null

02-12-2024T07:03:35 - [TEST_STEP][PASSED] - FB = <not implemented yet for class: org.codehaus.groovy.ast.expr.EmptyExpression>: null

02-12-2024T07:03:35 - [TEST_STEP][PASSED] - TR = <not implemented yet for class: org.codehaus.groovy.ast.expr.EmptyExpression>: null

02-12-2024T07:03:35 - [TEST_STEP][PASSED] - TB = <not implemented yet for class: org.codehaus.groovy.ast.expr.EmptyExpression>: null

02-12-2024T07:03:35 - [TEST_STEP][PASSED] - sheetName = "Sheet1": null

02-12-2024T07:03:35 - [TEST_STEP][PASSED] - data = findTestData("PlanFact"): null

02-12-2024T07:03:35 - [TEST_STEP][PASSED] - n = data.getRowNumbers() + 1: null

02-12-2024T07:03:35 - [TEST_STEP][PASSED] - year = todaysDate.substring(todaysDate.length() - 4, todaysDate.length()): null

02-12-2024T07:03:35 - [TEST_STEP][PASSED] - y = year.toInteger(): null

02-12-2024T07:03:35 - [TEST_STEP][PASSED] - m = getText(findTestObject("Выполнение бизнес-плана/Выполнение бизнес-плана Балансы/Фильтр Дата")): Text of object 'Object Repository/Выполнение бизнес-плана/Выполнение бизнес-плана Балансы/Фильтр Дата' is: '1, 2, 3 кв., Октябрь 2024 года'

02-12-2024T07:03:35 - [MESSAGE][PASSED] - Text of object 'Object Repository/Выполнение бизнес-плана/Выполнение бизнес-плана Балансы/Фильтр Дата' is: '1, 2, 3 кв., Октябрь 2024 года'

02-12-2024T07:03:35 - [TEST_STEP][PASSED] - m = m.substring(0, m.indexOf("2024")): null

02-12-2024T07:03:35 - [TEST_STEP][PASSED] - m = m.trim(): null

02-12-2024T07:03:35 - [TEST_STEP][PASSED] - dashboardName = "Выполнение бизнес-плана": null

02-12-2024T07:03:35 - [TEST_STEP][PASSED] - workbook01 = getWorkbook(excelFilePath): null

02-12-2024T07:03:35 - [TEST_STEP][PASSED] - sheet01 = getExcelSheet(workbook01, sheetName): null

02-12-2024T07:03:35 - [TEST_STEP][PASSED] - setValueToCellByIndex(sheet01, n, 0, dashboardName): null

02-12-2024T07:03:35 - [TEST_STEP][PASSED] - setValueToCellByIndex(sheet01, n, 1, dZO): null

02-12-2024T07:03:35 - [TEST_STEP][PASSED] - setValueToCellByIndex(sheet01, n, 2, typeOfData): null

02-12-2024T07:03:35 - [TEST_STEP][PASSED] - setValueToCellByIndex(sheet01, n, 3, typeOfData): null

02-12-2024T07:03:35 - [TEST_STEP][PASSED] - if (typeOfData == "План"): null

02-12-2024T07:03:35 - [TEST_STEP][PASSED] - else if (typeOfData == "Факт"): null

02-12-2024T07:03:35 - [TEST_STEP][PASSED] - if (PercFactR == null): null

02-12-2024T07:03:35 - [TEST_STEP][PASSED] - else: null

02-12-2024T07:03:35 - [TEST_STEP][PASSED] - if (PercFactR == "нет данных"): null

02-12-2024T07:03:35 - [TEST_STEP][PASSED] - else: null

02-12-2024T07:03:35 - [TEST_STEP][PASSED] - FR = PercFactR.toDouble(): null

02-12-2024T07:03:35 - [TEST_STEP][PASSED] - setValueToCellByIndex(sheet01, n, 4, FR): null

02-12-2024T07:03:35 - [TEST_STEP][PASSED] - if (PercFactB == null): null

02-12-2024T07:03:35 - [TEST_STEP][PASSED] - else: null

02-12-2024T07:03:35 - [TEST_STEP][PASSED] - if (PercFactB == "нет данных"): null

02-12-2024T07:03:35 - [TEST_STEP][PASSED] - else: null

02-12-2024T07:03:35 - [TEST_STEP][PASSED] - FB = PercFactB.toDouble(): null

02-12-2024T07:03:35 - [TEST_STEP][PASSED] - setValueToCellByIndex(sheet01, n, 5, FB): null

02-12-2024T07:03:35 - [TEST_STEP][PASSED] - setValueToCellByIndex(sheet01, n, 6, m): null

02-12-2024T07:03:35 - [TEST_STEP][PASSED] - setValueToCellByIndex(sheet01, n, 7, y): null

02-12-2024T07:03:35 - [TEST_STEP][PASSED] - setValueToCellByIndex(sheet01, n, 8, todaysDate): null

02-12-2024T07:03:35 - [TEST_STEP][PASSED] - n = n + 1: null

02-12-2024T07:03:35 - [TEST_STEP][PASSED] - saveWorkbook(excelFilePath, workbook01): null

02-12-2024T07:03:36 - [TEST_STEP][PASSED] - vidget = "Показатели баланса электроэнергии по ДЗО – Факт": null

02-12-2024T07:03:36 - [TEST_STEP][PASSED] - typeOfData = "Факт Отпуск в сеть": null

02-12-2024T07:03:36 - [TEST_STEP][PASSED] - tabR = GetOvSFactR(x = a): null

02-12-2024T07:03:36 - [TEST_STEP][PASSED] - i1 = <not implemented yet for class: org.codehaus.groovy.ast.expr.EmptyExpression>: null

02-12-2024T07:03:36 - [TEST_STEP][PASSED] - ii = <not implemented yet for class: org.codehaus.groovy.ast.expr.EmptyExpression>: null

02-12-2024T07:03:36 - [TEST_STEP][PASSED] - for ([ii = 1, ii < 4, (ii++)]): null

02-12-2024T07:03:36 - [TEST_STEP][PASSED] - i1 = x.indexOf("/") + 1: null

02-12-2024T07:03:36 - [TEST_STEP][PASSED] - if (i1 > -1): null

02-12-2024T07:03:36 - [TEST_STEP][PASSED] - x = x.substring(i1, x.length()): null

02-12-2024T07:03:36 - [TEST_STEP][PASSED] - println(x): null

02-12-2024T07:03:36 - [TEST_STEP][PASSED] - i1 = x.indexOf("/") + 1: null

02-12-2024T07:03:36 - [TEST_STEP][PASSED] - if (i1 > -1): null

02-12-2024T07:03:36 - [TEST_STEP][PASSED] - x = x.substring(i1, x.length()): null

02-12-2024T07:03:36 - [TEST_STEP][PASSED] - println(x): null

02-12-2024T07:03:36 - [TEST_STEP][PASSED] - i1 = x.indexOf("/") + 1: null

02-12-2024T07:03:36 - [TEST_STEP][PASSED] - if (i1 > -1): null

02-12-2024T07:03:36 - [TEST_STEP][PASSED] - x = x.substring(i1, x.length()): null

02-12-2024T07:03:36 - [TEST_STEP][PASSED] - println(x): null

02-12-2024T07:03:36 - [TEST_STEP][PASSED] - i1 = x.indexOf("/"): null

02-12-2024T07:03:36 - [TEST_STEP][PASSED] - if (i1 > -1): null

02-12-2024T07:03:36 - [TEST_STEP][PASSED] - x = x.substring(0, i1): null

02-12-2024T07:03:36 - [TEST_STEP][PASSED] - println(x): null

02-12-2024T07:03:36 - [TEST_STEP][PASSED] - return x: null

02-12-2024T07:03:36 - [TEST_STEP][PASSED] - tabB = GetOvSFactB(x = b): null

02-12-2024T07:03:36 - [TEST_STEP][PASSED] - i1 = <not implemented yet for class: org.codehaus.groovy.ast.expr.EmptyExpression>: null

02-12-2024T07:03:36 - [TEST_STEP][PASSED] - ii = <not implemented yet for class: org.codehaus.groovy.ast.expr.EmptyExpression>: null

02-12-2024T07:03:36 - [TEST_STEP][PASSED] - for ([ii = 1, ii < 4, (ii++)]): null

02-12-2024T07:03:36 - [TEST_STEP][PASSED] - i1 = x.indexOf("/") + 1: null

02-12-2024T07:03:36 - [TEST_STEP][PASSED] - if (i1 > -1): null

02-12-2024T07:03:36 - [TEST_STEP][PASSED] - x = x.substring(i1, x.length()): null

02-12-2024T07:03:36 - [TEST_STEP][PASSED] - println(x): null

02-12-2024T07:03:36 - [TEST_STEP][PASSED] - i1 = x.indexOf("/") + 1: null

02-12-2024T07:03:36 - [TEST_STEP][PASSED] - if (i1 > -1): null

02-12-2024T07:03:36 - [TEST_STEP][PASSED] - x = x.substring(i1, x.length()): null

02-12-2024T07:03:36 - [TEST_STEP][PASSED] - println(x): null

02-12-2024T07:03:36 - [TEST_STEP][PASSED] - i1 = x.indexOf("/") + 1: null

02-12-2024T07:03:36 - [TEST_STEP][PASSED] - if (i1 > -1): null

02-12-2024T07:03:36 - [TEST_STEP][PASSED] - x = x.substring(i1, x.length()): null

02-12-2024T07:03:36 - [TEST_STEP][PASSED] - println(x): null

02-12-2024T07:03:36 - [TEST_STEP][PASSED] - i1 = x.indexOf("/"): null

02-12-2024T07:03:36 - [TEST_STEP][PASSED] - if (i1 > -1): null

02-12-2024T07:03:36 - [TEST_STEP][PASSED] - x = x.substring(0, i1): null

02-12-2024T07:03:36 - [TEST_STEP][PASSED] - println(x): null

02-12-2024T07:03:36 - [TEST_STEP][FAILED] - return x: null

02-12-2024T07:03:36 - [TEST_STEP][FAILED] - if (verifyEqual(tabR, tabB) == false): null

02-12-2024T07:03:36 - [MESSAGE][FAILED] - Unable to verify equal between actual object '206165497' and expected object '505792902' (Root cause: com.kms.katalon.core.exception.StepFailedException: Actual object '206165497' and expected object '505792902' are not equal
	at com.kms.katalon.core.keyword.builtin.VerifyEqualKeyword$_verifyEqual_closure1.doCall(VerifyEqualKeyword.groovy:58)
	at com.kms.katalon.core.keyword.builtin.VerifyEqualKeyword$_verifyEqual_closure1.call(VerifyEqualKeyword.groovy)
	at com.kms.katalon.core.keyword.internal.KeywordMain.runKeyword(KeywordMain.groovy:75)
	at com.kms.katalon.core.keyword.builtin.VerifyEqualKeyword.verifyEqual(VerifyEqualKeyword.groovy:63)
	at com.kms.katalon.core.keyword.builtin.VerifyEqualKeyword.execute(VerifyEqualKeyword.groovy:44)
	at com.kms.katalon.core.keyword.internal.KeywordExecutor.executeKeywordForPlatform(KeywordExecutor.groovy:74)
	at com.kms.katalon.core.keyword.BuiltinKeywords.verifyEqual(BuiltinKeywords.groovy:146)
	at java.base/jdk.internal.reflect.NativeMethodAccessorImpl.invoke0(Native Method)
	at java.base/jdk.internal.reflect.NativeMethodAccessorImpl.invoke(NativeMethodAccessorImpl.java:77)
	at java.base/jdk.internal.reflect.DelegatingMethodAccessorImpl.invoke(DelegatingMethodAccessorImpl.java:43)
	at Выполнение бизнес-плана сверка дашбордов.CompareDZOData(Выполнение бизнес-плана сверка дашбордов:706)
	at Выполнение бизнес-плана сверка дашбордов.run(Выполнение бизнес-плана сверка дашбордов:578)
	at com.kms.katalon.core.main.ScriptEngine.run(ScriptEngine.java:194)
	at com.kms.katalon.core.main.ScriptEngine.runScriptAsRawText(ScriptEngine.java:119)
	at com.kms.katalon.core.main.TestCaseExecutor.runScript(TestCaseExecutor.java:448)
	at com.kms.katalon.core.main.TestCaseExecutor.doExecute(TestCaseExecutor.java:439)
	at com.kms.katalon.core.main.TestCaseExecutor.processExecutionPhase(TestCaseExecutor.java:418)
	at com.kms.katalon.core.main.TestCaseExecutor.accessMainPhase(TestCaseExecutor.java:410)
	at com.kms.katalon.core.main.TestCaseExecutor.execute(TestCaseExecutor.java:285)
	at com.kms.katalon.core.common.CommonExecutor.accessTestCaseMainPhase(CommonExecutor.java:65)
	at com.kms.katalon.core.main.TestSuiteExecutor.accessTestSuiteMainPhase(TestSuiteExecutor.java:150)
	at com.kms.katalon.core.main.TestSuiteExecutor.execute(TestSuiteExecutor.java:106)
	at com.kms.katalon.core.main.TestCaseMain.startTestSuite(TestCaseMain.java:180)
	at TempTestSuite1733111659562.run(TempTestSuite1733111659562.groovy:35)
	at java.base/jdk.internal.reflect.NativeMethodAccessorImpl.invoke0(Native Method)
	at java.base/jdk.internal.reflect.NativeMethodAccessorImpl.invoke(NativeMethodAccessorImpl.java:77)
	at java.base/jdk.internal.reflect.DelegatingMethodAccessorImpl.invoke(DelegatingMethodAccessorImpl.java:43)
)

02-12-2024T07:03:36 - [TEST_STEP][PASSED] - result = WriteToExcel(typeOfData, todaysDate, PercPlanR, PercPlanB, PercFactR, PercFactB, x, tabR, tabB, o1R, o1B, vidget): null

02-12-2024T07:03:36 - [TEST_STEP][PASSED] - iii = dZO.indexOf("/"): null

02-12-2024T07:03:36 - [TEST_STEP][PASSED] - println(iii): null

02-12-2024T07:03:36 - [TEST_STEP][PASSED] - dZO = dZO.substring(0, iii): null

02-12-2024T07:03:36 - [TEST_STEP][PASSED] - println(dZO): null

02-12-2024T07:03:36 - [TEST_STEP][PASSED] - println(PercPlanR): null

02-12-2024T07:03:36 - [TEST_STEP][PASSED] - println(PercPlanB): null

02-12-2024T07:03:36 - [TEST_STEP][PASSED] - println(PercFactR): null

02-12-2024T07:03:36 - [TEST_STEP][PASSED] - println(PercFactB): null

02-12-2024T07:03:36 - [TEST_STEP][PASSED] - println(tabR): null

02-12-2024T07:03:36 - [TEST_STEP][PASSED] - println(tabB): null

02-12-2024T07:03:36 - [TEST_STEP][PASSED] - println(o1R): null

02-12-2024T07:03:36 - [TEST_STEP][PASSED] - println(o1B): null

02-12-2024T07:03:36 - [TEST_STEP][PASSED] - PR = <not implemented yet for class: org.codehaus.groovy.ast.expr.EmptyExpression>: null

02-12-2024T07:03:36 - [TEST_STEP][PASSED] - FR = <not implemented yet for class: org.codehaus.groovy.ast.expr.EmptyExpression>: null

02-12-2024T07:03:36 - [TEST_STEP][PASSED] - PB = <not implemented yet for class: org.codehaus.groovy.ast.expr.EmptyExpression>: null

02-12-2024T07:03:36 - [TEST_STEP][PASSED] - FB = <not implemented yet for class: org.codehaus.groovy.ast.expr.EmptyExpression>: null

02-12-2024T07:03:36 - [TEST_STEP][PASSED] - TR = <not implemented yet for class: org.codehaus.groovy.ast.expr.EmptyExpression>: null

02-12-2024T07:03:36 - [TEST_STEP][PASSED] - TB = <not implemented yet for class: org.codehaus.groovy.ast.expr.EmptyExpression>: null

02-12-2024T07:03:36 - [TEST_STEP][PASSED] - sheetName = "Sheet1": null

02-12-2024T07:03:36 - [TEST_STEP][PASSED] - data = findTestData("PlanFact"): null

02-12-2024T07:03:36 - [TEST_STEP][PASSED] - n = data.getRowNumbers() + 1: null

02-12-2024T07:03:36 - [TEST_STEP][PASSED] - year = todaysDate.substring(todaysDate.length() - 4, todaysDate.length()): null

02-12-2024T07:03:36 - [TEST_STEP][PASSED] - y = year.toInteger(): null

02-12-2024T07:03:36 - [TEST_STEP][PASSED] - m = getText(findTestObject("Выполнение бизнес-плана/Выполнение бизнес-плана Балансы/Фильтр Дата")): Text of object 'Object Repository/Выполнение бизнес-плана/Выполнение бизнес-плана Балансы/Фильтр Дата' is: '1, 2, 3 кв., Октябрь 2024 года'

02-12-2024T07:03:36 - [MESSAGE][PASSED] - Text of object 'Object Repository/Выполнение бизнес-плана/Выполнение бизнес-плана Балансы/Фильтр Дата' is: '1, 2, 3 кв., Октябрь 2024 года'

02-12-2024T07:03:36 - [TEST_STEP][PASSED] - m = m.substring(0, m.indexOf("2024")): null

02-12-2024T07:03:36 - [TEST_STEP][PASSED] - m = m.trim(): null

02-12-2024T07:03:36 - [TEST_STEP][PASSED] - dashboardName = "Выполнение бизнес-плана": null

02-12-2024T07:03:36 - [TEST_STEP][PASSED] - workbook01 = getWorkbook(excelFilePath): null

02-12-2024T07:03:36 - [TEST_STEP][PASSED] - sheet01 = getExcelSheet(workbook01, sheetName): null

02-12-2024T07:03:36 - [TEST_STEP][PASSED] - setValueToCellByIndex(sheet01, n, 0, dashboardName): null

02-12-2024T07:03:36 - [TEST_STEP][PASSED] - setValueToCellByIndex(sheet01, n, 1, dZO): null

02-12-2024T07:03:36 - [TEST_STEP][PASSED] - setValueToCellByIndex(sheet01, n, 2, typeOfData): null

02-12-2024T07:03:36 - [TEST_STEP][PASSED] - setValueToCellByIndex(sheet01, n, 3, typeOfData): null

02-12-2024T07:03:36 - [TEST_STEP][PASSED] - if (typeOfData == "План"): null

02-12-2024T07:03:36 - [TEST_STEP][PASSED] - else if (typeOfData == "Факт"): null

02-12-2024T07:03:36 - [TEST_STEP][PASSED] - else if (vidget.contains("электроэнергии") == true): null

02-12-2024T07:03:36 - [TEST_STEP][PASSED] - if (tabR == null): null

02-12-2024T07:03:36 - [TEST_STEP][PASSED] - else: null

02-12-2024T07:03:36 - [TEST_STEP][PASSED] - if (tabR == "нет данных"): null

02-12-2024T07:03:36 - [TEST_STEP][PASSED] - else: null

02-12-2024T07:03:36 - [TEST_STEP][PASSED] - TR = tabR.toInteger(): null

02-12-2024T07:03:36 - [TEST_STEP][PASSED] - setValueToCellByIndex(sheet01, n, 4, TR): null

02-12-2024T07:03:36 - [TEST_STEP][PASSED] - if (tabB == null): null

02-12-2024T07:03:36 - [TEST_STEP][PASSED] - else: null

02-12-2024T07:03:36 - [TEST_STEP][PASSED] - if (tabB == "нет данных"): null

02-12-2024T07:03:36 - [TEST_STEP][PASSED] - else: null

02-12-2024T07:03:36 - [TEST_STEP][PASSED] - TB = tabB.toInteger(): null

02-12-2024T07:03:36 - [TEST_STEP][PASSED] - setValueToCellByIndex(sheet01, n, 5, TB): null

02-12-2024T07:03:36 - [TEST_STEP][PASSED] - setValueToCellByIndex(sheet01, n, 6, m): null

02-12-2024T07:03:36 - [TEST_STEP][PASSED] - setValueToCellByIndex(sheet01, n, 7, y): null

02-12-2024T07:03:36 - [TEST_STEP][PASSED] - setValueToCellByIndex(sheet01, n, 8, todaysDate): null

02-12-2024T07:03:36 - [TEST_STEP][PASSED] - n = n + 1: null

02-12-2024T07:03:36 - [TEST_STEP][PASSED] - saveWorkbook(excelFilePath, workbook01): null

02-12-2024T07:03:36 - [TEST_STEP][PASSED] - typeOfData = "Факт Отпуск из сети": null

02-12-2024T07:03:36 - [TEST_STEP][PASSED] - tabR = GetOiSFactR(x = a): null

02-12-2024T07:03:36 - [TEST_STEP][PASSED] - i1 = <not implemented yet for class: org.codehaus.groovy.ast.expr.EmptyExpression>: null

02-12-2024T07:03:36 - [TEST_STEP][PASSED] - ii = <not implemented yet for class: org.codehaus.groovy.ast.expr.EmptyExpression>: null

02-12-2024T07:03:36 - [TEST_STEP][PASSED] - for ([ii = 1, ii < 5, (ii++)]): null

02-12-2024T07:03:36 - [TEST_STEP][PASSED] - i1 = x.indexOf("/") + 1: null

02-12-2024T07:03:36 - [TEST_STEP][PASSED] - if (i1 > -1): null

02-12-2024T07:03:36 - [TEST_STEP][PASSED] - x = x.substring(i1, x.length()): null

02-12-2024T07:03:36 - [TEST_STEP][PASSED] - println(x): null

02-12-2024T07:03:36 - [TEST_STEP][PASSED] - i1 = x.indexOf("/") + 1: null

02-12-2024T07:03:36 - [TEST_STEP][PASSED] - if (i1 > -1): null

02-12-2024T07:03:36 - [TEST_STEP][PASSED] - x = x.substring(i1, x.length()): null

02-12-2024T07:03:36 - [TEST_STEP][PASSED] - println(x): null

02-12-2024T07:03:36 - [TEST_STEP][PASSED] - i1 = x.indexOf("/") + 1: null

02-12-2024T07:03:36 - [TEST_STEP][PASSED] - if (i1 > -1): null

02-12-2024T07:03:36 - [TEST_STEP][PASSED] - x = x.substring(i1, x.length()): null

02-12-2024T07:03:36 - [TEST_STEP][PASSED] - println(x): null

02-12-2024T07:03:36 - [TEST_STEP][PASSED] - i1 = x.indexOf("/") + 1: null

02-12-2024T07:03:36 - [TEST_STEP][PASSED] - if (i1 > -1): null

02-12-2024T07:03:36 - [TEST_STEP][PASSED] - x = x.substring(i1, x.length()): null

02-12-2024T07:03:36 - [TEST_STEP][PASSED] - println(x): null

02-12-2024T07:03:36 - [TEST_STEP][PASSED] - i1 = x.indexOf("/"): null

02-12-2024T07:03:36 - [TEST_STEP][PASSED] - if (i1 > -1): null

02-12-2024T07:03:36 - [TEST_STEP][PASSED] - x = x.substring(0, i1): null

02-12-2024T07:03:36 - [TEST_STEP][PASSED] - println(x): null

02-12-2024T07:03:36 - [TEST_STEP][PASSED] - return x: null

02-12-2024T07:03:36 - [TEST_STEP][PASSED] - tabB = GetOiSFactB(x = b): null

02-12-2024T07:03:36 - [TEST_STEP][PASSED] - i1 = <not implemented yet for class: org.codehaus.groovy.ast.expr.EmptyExpression>: null

02-12-2024T07:03:36 - [TEST_STEP][PASSED] - ii = <not implemented yet for class: org.codehaus.groovy.ast.expr.EmptyExpression>: null

02-12-2024T07:03:36 - [TEST_STEP][PASSED] - for ([ii = 1, ii < 5, (ii++)]): null

02-12-2024T07:03:36 - [TEST_STEP][PASSED] - i1 = x.indexOf("/") + 1: null

02-12-2024T07:03:36 - [TEST_STEP][PASSED] - if (i1 > -1): null

02-12-2024T07:03:36 - [TEST_STEP][PASSED] - x = x.substring(i1, x.length()): null

02-12-2024T07:03:36 - [TEST_STEP][PASSED] - println(x): null

02-12-2024T07:03:36 - [TEST_STEP][PASSED] - i1 = x.indexOf("/") + 1: null

02-12-2024T07:03:36 - [TEST_STEP][PASSED] - if (i1 > -1): null

02-12-2024T07:03:36 - [TEST_STEP][PASSED] - x = x.substring(i1, x.length()): null

02-12-2024T07:03:36 - [TEST_STEP][PASSED] - println(x): null

02-12-2024T07:03:36 - [TEST_STEP][PASSED] - i1 = x.indexOf("/") + 1: null

02-12-2024T07:03:36 - [TEST_STEP][PASSED] - if (i1 > -1): null

02-12-2024T07:03:36 - [TEST_STEP][PASSED] - x = x.substring(i1, x.length()): null

02-12-2024T07:03:36 - [TEST_STEP][PASSED] - println(x): null

02-12-2024T07:03:36 - [TEST_STEP][PASSED] - i1 = x.indexOf("/") + 1: null

02-12-2024T07:03:36 - [TEST_STEP][PASSED] - if (i1 > -1): null

02-12-2024T07:03:36 - [TEST_STEP][PASSED] - x = x.substring(i1, x.length()): null

02-12-2024T07:03:36 - [TEST_STEP][PASSED] - println(x): null

02-12-2024T07:03:36 - [TEST_STEP][PASSED] - i1 = x.indexOf("/"): null

02-12-2024T07:03:36 - [TEST_STEP][PASSED] - if (i1 > -1): null

02-12-2024T07:03:36 - [TEST_STEP][PASSED] - x = x.substring(0, i1): null

02-12-2024T07:03:36 - [TEST_STEP][PASSED] - println(x): null

02-12-2024T07:03:36 - [TEST_STEP][FAILED] - return x: null

02-12-2024T07:03:36 - [TEST_STEP][FAILED] - if (verifyEqual(tabR, tabB) == false): null

02-12-2024T07:03:36 - [MESSAGE][FAILED] - Unable to verify equal between actual object '187914500' and expected object '466342021' (Root cause: com.kms.katalon.core.exception.StepFailedException: Actual object '187914500' and expected object '466342021' are not equal
	at com.kms.katalon.core.keyword.builtin.VerifyEqualKeyword$_verifyEqual_closure1.doCall(VerifyEqualKeyword.groovy:58)
	at com.kms.katalon.core.keyword.builtin.VerifyEqualKeyword$_verifyEqual_closure1.call(VerifyEqualKeyword.groovy)
	at com.kms.katalon.core.keyword.internal.KeywordMain.runKeyword(KeywordMain.groovy:75)
	at com.kms.katalon.core.keyword.builtin.VerifyEqualKeyword.verifyEqual(VerifyEqualKeyword.groovy:63)
	at com.kms.katalon.core.keyword.builtin.VerifyEqualKeyword.execute(VerifyEqualKeyword.groovy:44)
	at com.kms.katalon.core.keyword.internal.KeywordExecutor.executeKeywordForPlatform(KeywordExecutor.groovy:74)
	at com.kms.katalon.core.keyword.BuiltinKeywords.verifyEqual(BuiltinKeywords.groovy:146)
	at java.base/jdk.internal.reflect.NativeMethodAccessorImpl.invoke0(Native Method)
	at java.base/jdk.internal.reflect.NativeMethodAccessorImpl.invoke(NativeMethodAccessorImpl.java:77)
	at java.base/jdk.internal.reflect.DelegatingMethodAccessorImpl.invoke(DelegatingMethodAccessorImpl.java:43)
	at Выполнение бизнес-плана сверка дашбордов.CompareDZOData(Выполнение бизнес-плана сверка дашбордов:717)
	at Выполнение бизнес-плана сверка дашбордов.run(Выполнение бизнес-плана сверка дашбордов:578)
	at com.kms.katalon.core.main.ScriptEngine.run(ScriptEngine.java:194)
	at com.kms.katalon.core.main.ScriptEngine.runScriptAsRawText(ScriptEngine.java:119)
	at com.kms.katalon.core.main.TestCaseExecutor.runScript(TestCaseExecutor.java:448)
	at com.kms.katalon.core.main.TestCaseExecutor.doExecute(TestCaseExecutor.java:439)
	at com.kms.katalon.core.main.TestCaseExecutor.processExecutionPhase(TestCaseExecutor.java:418)
	at com.kms.katalon.core.main.TestCaseExecutor.accessMainPhase(TestCaseExecutor.java:410)
	at com.kms.katalon.core.main.TestCaseExecutor.execute(TestCaseExecutor.java:285)
	at com.kms.katalon.core.common.CommonExecutor.accessTestCaseMainPhase(CommonExecutor.java:65)
	at com.kms.katalon.core.main.TestSuiteExecutor.accessTestSuiteMainPhase(TestSuiteExecutor.java:150)
	at com.kms.katalon.core.main.TestSuiteExecutor.execute(TestSuiteExecutor.java:106)
	at com.kms.katalon.core.main.TestCaseMain.startTestSuite(TestCaseMain.java:180)
	at TempTestSuite1733111659562.run(TempTestSuite1733111659562.groovy:35)
	at java.base/jdk.internal.reflect.NativeMethodAccessorImpl.invoke0(Native Method)
	at java.base/jdk.internal.reflect.NativeMethodAccessorImpl.invoke(NativeMethodAccessorImpl.java:77)
	at java.base/jdk.internal.reflect.DelegatingMethodAccessorImpl.invoke(DelegatingMethodAccessorImpl.java:43)
)

02-12-2024T07:03:36 - [TEST_STEP][PASSED] - result = WriteToExcel(typeOfData, todaysDate, PercPlanR, PercPlanB, PercFactR, PercFactB, x, tabR, tabB, o1R, o1B, vidget): null

02-12-2024T07:03:36 - [TEST_STEP][PASSED] - iii = dZO.indexOf("/"): null

02-12-2024T07:03:36 - [TEST_STEP][PASSED] - println(iii): null

02-12-2024T07:03:36 - [TEST_STEP][PASSED] - dZO = dZO.substring(0, iii): null

02-12-2024T07:03:36 - [TEST_STEP][PASSED] - println(dZO): null

02-12-2024T07:03:36 - [TEST_STEP][PASSED] - println(PercPlanR): null

02-12-2024T07:03:36 - [TEST_STEP][PASSED] - println(PercPlanB): null

02-12-2024T07:03:36 - [TEST_STEP][PASSED] - println(PercFactR): null

02-12-2024T07:03:36 - [TEST_STEP][PASSED] - println(PercFactB): null

02-12-2024T07:03:36 - [TEST_STEP][PASSED] - println(tabR): null

02-12-2024T07:03:36 - [TEST_STEP][PASSED] - println(tabB): null

02-12-2024T07:03:36 - [TEST_STEP][PASSED] - println(o1R): null

02-12-2024T07:03:36 - [TEST_STEP][PASSED] - println(o1B): null

02-12-2024T07:03:36 - [TEST_STEP][PASSED] - PR = <not implemented yet for class: org.codehaus.groovy.ast.expr.EmptyExpression>: null

02-12-2024T07:03:36 - [TEST_STEP][PASSED] - FR = <not implemented yet for class: org.codehaus.groovy.ast.expr.EmptyExpression>: null

02-12-2024T07:03:36 - [TEST_STEP][PASSED] - PB = <not implemented yet for class: org.codehaus.groovy.ast.expr.EmptyExpression>: null

02-12-2024T07:03:36 - [TEST_STEP][PASSED] - FB = <not implemented yet for class: org.codehaus.groovy.ast.expr.EmptyExpression>: null

02-12-2024T07:03:36 - [TEST_STEP][PASSED] - TR = <not implemented yet for class: org.codehaus.groovy.ast.expr.EmptyExpression>: null

02-12-2024T07:03:36 - [TEST_STEP][PASSED] - TB = <not implemented yet for class: org.codehaus.groovy.ast.expr.EmptyExpression>: null

02-12-2024T07:03:36 - [TEST_STEP][PASSED] - sheetName = "Sheet1": null

02-12-2024T07:03:36 - [TEST_STEP][PASSED] - data = findTestData("PlanFact"): null

02-12-2024T07:03:37 - [TEST_STEP][PASSED] - n = data.getRowNumbers() + 1: null

02-12-2024T07:03:37 - [TEST_STEP][PASSED] - year = todaysDate.substring(todaysDate.length() - 4, todaysDate.length()): null

02-12-2024T07:03:37 - [TEST_STEP][PASSED] - y = year.toInteger(): null

02-12-2024T07:03:37 - [TEST_STEP][PASSED] - m = getText(findTestObject("Выполнение бизнес-плана/Выполнение бизнес-плана Балансы/Фильтр Дата")): Text of object 'Object Repository/Выполнение бизнес-плана/Выполнение бизнес-плана Балансы/Фильтр Дата' is: '1, 2, 3 кв., Октябрь 2024 года'

02-12-2024T07:03:37 - [MESSAGE][PASSED] - Text of object 'Object Repository/Выполнение бизнес-плана/Выполнение бизнес-плана Балансы/Фильтр Дата' is: '1, 2, 3 кв., Октябрь 2024 года'

02-12-2024T07:03:37 - [TEST_STEP][PASSED] - m = m.substring(0, m.indexOf("2024")): null

02-12-2024T07:03:37 - [TEST_STEP][PASSED] - m = m.trim(): null

02-12-2024T07:03:37 - [TEST_STEP][PASSED] - dashboardName = "Выполнение бизнес-плана": null

02-12-2024T07:03:37 - [TEST_STEP][PASSED] - workbook01 = getWorkbook(excelFilePath): null

02-12-2024T07:03:37 - [TEST_STEP][PASSED] - sheet01 = getExcelSheet(workbook01, sheetName): null

02-12-2024T07:03:37 - [TEST_STEP][PASSED] - setValueToCellByIndex(sheet01, n, 0, dashboardName): null

02-12-2024T07:03:37 - [TEST_STEP][PASSED] - setValueToCellByIndex(sheet01, n, 1, dZO): null

02-12-2024T07:03:37 - [TEST_STEP][PASSED] - setValueToCellByIndex(sheet01, n, 2, typeOfData): null

02-12-2024T07:03:37 - [TEST_STEP][PASSED] - setValueToCellByIndex(sheet01, n, 3, typeOfData): null

02-12-2024T07:03:37 - [TEST_STEP][PASSED] - if (typeOfData == "План"): null

02-12-2024T07:03:37 - [TEST_STEP][PASSED] - else if (typeOfData == "Факт"): null

02-12-2024T07:03:37 - [TEST_STEP][PASSED] - else if (vidget.contains("электроэнергии") == true): null

02-12-2024T07:03:37 - [TEST_STEP][PASSED] - if (tabR == null): null

02-12-2024T07:03:37 - [TEST_STEP][PASSED] - else: null

02-12-2024T07:03:37 - [TEST_STEP][PASSED] - if (tabR == "нет данных"): null

02-12-2024T07:03:37 - [TEST_STEP][PASSED] - else: null

02-12-2024T07:03:37 - [TEST_STEP][PASSED] - TR = tabR.toInteger(): null

02-12-2024T07:03:37 - [TEST_STEP][PASSED] - setValueToCellByIndex(sheet01, n, 4, TR): null

02-12-2024T07:03:37 - [TEST_STEP][PASSED] - if (tabB == null): null

02-12-2024T07:03:37 - [TEST_STEP][PASSED] - else: null

02-12-2024T07:03:37 - [TEST_STEP][PASSED] - if (tabB == "нет данных"): null

02-12-2024T07:03:37 - [TEST_STEP][PASSED] - else: null

02-12-2024T07:03:37 - [TEST_STEP][PASSED] - TB = tabB.toInteger(): null

02-12-2024T07:03:37 - [TEST_STEP][PASSED] - setValueToCellByIndex(sheet01, n, 5, TB): null

02-12-2024T07:03:37 - [TEST_STEP][PASSED] - setValueToCellByIndex(sheet01, n, 6, m): null

02-12-2024T07:03:37 - [TEST_STEP][PASSED] - setValueToCellByIndex(sheet01, n, 7, y): null

02-12-2024T07:03:37 - [TEST_STEP][PASSED] - setValueToCellByIndex(sheet01, n, 8, todaysDate): null

02-12-2024T07:03:37 - [TEST_STEP][PASSED] - n = n + 1: null

02-12-2024T07:03:37 - [TEST_STEP][PASSED] - saveWorkbook(excelFilePath, workbook01): null

02-12-2024T07:03:37 - [TEST_STEP][PASSED] - typeOfData = "Факт Потери": null

02-12-2024T07:03:37 - [TEST_STEP][PASSED] - tabR = GetPFactR(x = a): null

02-12-2024T07:03:37 - [TEST_STEP][PASSED] - i1 = <not implemented yet for class: org.codehaus.groovy.ast.expr.EmptyExpression>: null

02-12-2024T07:03:37 - [TEST_STEP][PASSED] - ii = <not implemented yet for class: org.codehaus.groovy.ast.expr.EmptyExpression>: null

02-12-2024T07:03:37 - [TEST_STEP][PASSED] - for ([ii = 1, ii < 6, (ii++)]): null

02-12-2024T07:03:37 - [TEST_STEP][PASSED] - i1 = x.indexOf("/") + 1: null

02-12-2024T07:03:37 - [TEST_STEP][PASSED] - if (i1 > -1): null

02-12-2024T07:03:37 - [TEST_STEP][PASSED] - x = x.substring(i1, x.length()): null

02-12-2024T07:03:37 - [TEST_STEP][PASSED] - println(x): null

02-12-2024T07:03:37 - [TEST_STEP][PASSED] - i1 = x.indexOf("/") + 1: null

02-12-2024T07:03:37 - [TEST_STEP][PASSED] - if (i1 > -1): null

02-12-2024T07:03:37 - [TEST_STEP][PASSED] - x = x.substring(i1, x.length()): null

02-12-2024T07:03:37 - [TEST_STEP][PASSED] - println(x): null

02-12-2024T07:03:37 - [TEST_STEP][PASSED] - i1 = x.indexOf("/") + 1: null

02-12-2024T07:03:37 - [TEST_STEP][PASSED] - if (i1 > -1): null

02-12-2024T07:03:37 - [TEST_STEP][PASSED] - x = x.substring(i1, x.length()): null

02-12-2024T07:03:37 - [TEST_STEP][PASSED] - println(x): null

02-12-2024T07:03:37 - [TEST_STEP][PASSED] - i1 = x.indexOf("/") + 1: null

02-12-2024T07:03:37 - [TEST_STEP][PASSED] - if (i1 > -1): null

02-12-2024T07:03:37 - [TEST_STEP][PASSED] - x = x.substring(i1, x.length()): null

02-12-2024T07:03:37 - [TEST_STEP][PASSED] - println(x): null

02-12-2024T07:03:37 - [TEST_STEP][PASSED] - i1 = x.indexOf("/") + 1: null

02-12-2024T07:03:37 - [TEST_STEP][PASSED] - if (i1 > -1): null

02-12-2024T07:03:37 - [TEST_STEP][PASSED] - x = x.substring(i1, x.length()): null

02-12-2024T07:03:37 - [TEST_STEP][PASSED] - println(x): null

02-12-2024T07:03:37 - [TEST_STEP][PASSED] - i1 = x.indexOf("/"): null

02-12-2024T07:03:37 - [TEST_STEP][PASSED] - if (i1 > -1): null

02-12-2024T07:03:37 - [TEST_STEP][PASSED] - x = x.substring(0, i1): null

02-12-2024T07:03:37 - [TEST_STEP][PASSED] - println(x): null

02-12-2024T07:03:37 - [TEST_STEP][PASSED] - return x: null

02-12-2024T07:03:37 - [TEST_STEP][PASSED] - tabB = GetPFactB(x = b): null

02-12-2024T07:03:37 - [TEST_STEP][PASSED] - i1 = <not implemented yet for class: org.codehaus.groovy.ast.expr.EmptyExpression>: null

02-12-2024T07:03:37 - [TEST_STEP][PASSED] - ii = <not implemented yet for class: org.codehaus.groovy.ast.expr.EmptyExpression>: null

02-12-2024T07:03:37 - [TEST_STEP][PASSED] - for ([ii = 1, ii < 6, (ii++)]): null

02-12-2024T07:03:37 - [TEST_STEP][PASSED] - i1 = x.indexOf("/") + 1: null

02-12-2024T07:03:37 - [TEST_STEP][PASSED] - if (i1 > -1): null

02-12-2024T07:03:37 - [TEST_STEP][PASSED] - x = x.substring(i1, x.length()): null

02-12-2024T07:03:37 - [TEST_STEP][PASSED] - println(x): null

02-12-2024T07:03:37 - [TEST_STEP][PASSED] - i1 = x.indexOf("/") + 1: null

02-12-2024T07:03:37 - [TEST_STEP][PASSED] - if (i1 > -1): null

02-12-2024T07:03:37 - [TEST_STEP][PASSED] - x = x.substring(i1, x.length()): null

02-12-2024T07:03:37 - [TEST_STEP][PASSED] - println(x): null

02-12-2024T07:03:37 - [TEST_STEP][PASSED] - i1 = x.indexOf("/") + 1: null

02-12-2024T07:03:37 - [TEST_STEP][PASSED] - if (i1 > -1): null

02-12-2024T07:03:37 - [TEST_STEP][PASSED] - x = x.substring(i1, x.length()): null

02-12-2024T07:03:37 - [TEST_STEP][PASSED] - println(x): null

02-12-2024T07:03:37 - [TEST_STEP][PASSED] - i1 = x.indexOf("/") + 1: null

02-12-2024T07:03:37 - [TEST_STEP][PASSED] - if (i1 > -1): null

02-12-2024T07:03:37 - [TEST_STEP][PASSED] - x = x.substring(i1, x.length()): null

02-12-2024T07:03:37 - [TEST_STEP][PASSED] - println(x): null

02-12-2024T07:03:37 - [TEST_STEP][PASSED] - i1 = x.indexOf("/") + 1: null

02-12-2024T07:03:37 - [TEST_STEP][PASSED] - if (i1 > -1): null

02-12-2024T07:03:37 - [TEST_STEP][PASSED] - x = x.substring(i1, x.length()): null

02-12-2024T07:03:37 - [TEST_STEP][PASSED] - println(x): null

02-12-2024T07:03:37 - [TEST_STEP][PASSED] - i1 = x.indexOf("/"): null

02-12-2024T07:03:37 - [TEST_STEP][PASSED] - if (i1 > -1): null

02-12-2024T07:03:37 - [TEST_STEP][PASSED] - x = x.substring(0, i1): null

02-12-2024T07:03:37 - [TEST_STEP][PASSED] - println(x): null

02-12-2024T07:03:37 - [TEST_STEP][FAILED] - return x: null

02-12-2024T07:03:37 - [TEST_STEP][PASSED] - println(tabR + "/" + tabB): null

02-12-2024T07:03:37 - [TEST_STEP][FAILED] - if (verifyEqual(tabR, tabB) == false): null

02-12-2024T07:03:37 - [MESSAGE][FAILED] - Unable to verify equal between actual object '18250997' and expected object '39450881' (Root cause: com.kms.katalon.core.exception.StepFailedException: Actual object '18250997' and expected object '39450881' are not equal
	at com.kms.katalon.core.keyword.builtin.VerifyEqualKeyword$_verifyEqual_closure1.doCall(VerifyEqualKeyword.groovy:58)
	at com.kms.katalon.core.keyword.builtin.VerifyEqualKeyword$_verifyEqual_closure1.call(VerifyEqualKeyword.groovy)
	at com.kms.katalon.core.keyword.internal.KeywordMain.runKeyword(KeywordMain.groovy:75)
	at com.kms.katalon.core.keyword.builtin.VerifyEqualKeyword.verifyEqual(VerifyEqualKeyword.groovy:63)
	at com.kms.katalon.core.keyword.builtin.VerifyEqualKeyword.execute(VerifyEqualKeyword.groovy:44)
	at com.kms.katalon.core.keyword.internal.KeywordExecutor.executeKeywordForPlatform(KeywordExecutor.groovy:74)
	at com.kms.katalon.core.keyword.BuiltinKeywords.verifyEqual(BuiltinKeywords.groovy:146)
	at java.base/jdk.internal.reflect.NativeMethodAccessorImpl.invoke0(Native Method)
	at java.base/jdk.internal.reflect.NativeMethodAccessorImpl.invoke(NativeMethodAccessorImpl.java:77)
	at java.base/jdk.internal.reflect.DelegatingMethodAccessorImpl.invoke(DelegatingMethodAccessorImpl.java:43)
	at Выполнение бизнес-плана сверка дашбордов.CompareDZOData(Выполнение бизнес-плана сверка дашбордов:730)
	at Выполнение бизнес-плана сверка дашбордов.run(Выполнение бизнес-плана сверка дашбордов:578)
	at com.kms.katalon.core.main.ScriptEngine.run(ScriptEngine.java:194)
	at com.kms.katalon.core.main.ScriptEngine.runScriptAsRawText(ScriptEngine.java:119)
	at com.kms.katalon.core.main.TestCaseExecutor.runScript(TestCaseExecutor.java:448)
	at com.kms.katalon.core.main.TestCaseExecutor.doExecute(TestCaseExecutor.java:439)
	at com.kms.katalon.core.main.TestCaseExecutor.processExecutionPhase(TestCaseExecutor.java:418)
	at com.kms.katalon.core.main.TestCaseExecutor.accessMainPhase(TestCaseExecutor.java:410)
	at com.kms.katalon.core.main.TestCaseExecutor.execute(TestCaseExecutor.java:285)
	at com.kms.katalon.core.common.CommonExecutor.accessTestCaseMainPhase(CommonExecutor.java:65)
	at com.kms.katalon.core.main.TestSuiteExecutor.accessTestSuiteMainPhase(TestSuiteExecutor.java:150)
	at com.kms.katalon.core.main.TestSuiteExecutor.execute(TestSuiteExecutor.java:106)
	at com.kms.katalon.core.main.TestCaseMain.startTestSuite(TestCaseMain.java:180)
	at TempTestSuite1733111659562.run(TempTestSuite1733111659562.groovy:35)
	at java.base/jdk.internal.reflect.NativeMethodAccessorImpl.invoke0(Native Method)
	at java.base/jdk.internal.reflect.NativeMethodAccessorImpl.invoke(NativeMethodAccessorImpl.java:77)
	at java.base/jdk.internal.reflect.DelegatingMethodAccessorImpl.invoke(DelegatingMethodAccessorImpl.java:43)
)

02-12-2024T07:03:37 - [TEST_STEP][PASSED] - result = WriteToExcel(typeOfData, todaysDate, PercPlanR, PercPlanB, PercFactR, PercFactB, x, tabR, tabB, o1R, o1B, vidget): null

02-12-2024T07:03:37 - [TEST_STEP][PASSED] - iii = dZO.indexOf("/"): null

02-12-2024T07:03:37 - [TEST_STEP][PASSED] - println(iii): null

02-12-2024T07:03:37 - [TEST_STEP][PASSED] - dZO = dZO.substring(0, iii): null

02-12-2024T07:03:37 - [TEST_STEP][PASSED] - println(dZO): null

02-12-2024T07:03:37 - [TEST_STEP][PASSED] - println(PercPlanR): null

02-12-2024T07:03:37 - [TEST_STEP][PASSED] - println(PercPlanB): null

02-12-2024T07:03:37 - [TEST_STEP][PASSED] - println(PercFactR): null

02-12-2024T07:03:37 - [TEST_STEP][PASSED] - println(PercFactB): null

02-12-2024T07:03:37 - [TEST_STEP][PASSED] - println(tabR): null

02-12-2024T07:03:37 - [TEST_STEP][PASSED] - println(tabB): null

02-12-2024T07:03:37 - [TEST_STEP][PASSED] - println(o1R): null

02-12-2024T07:03:37 - [TEST_STEP][PASSED] - println(o1B): null

02-12-2024T07:03:37 - [TEST_STEP][PASSED] - PR = <not implemented yet for class: org.codehaus.groovy.ast.expr.EmptyExpression>: null

02-12-2024T07:03:37 - [TEST_STEP][PASSED] - FR = <not implemented yet for class: org.codehaus.groovy.ast.expr.EmptyExpression>: null

02-12-2024T07:03:37 - [TEST_STEP][PASSED] - PB = <not implemented yet for class: org.codehaus.groovy.ast.expr.EmptyExpression>: null

02-12-2024T07:03:37 - [TEST_STEP][PASSED] - FB = <not implemented yet for class: org.codehaus.groovy.ast.expr.EmptyExpression>: null

02-12-2024T07:03:37 - [TEST_STEP][PASSED] - TR = <not implemented yet for class: org.codehaus.groovy.ast.expr.EmptyExpression>: null

02-12-2024T07:03:37 - [TEST_STEP][PASSED] - TB = <not implemented yet for class: org.codehaus.groovy.ast.expr.EmptyExpression>: null

02-12-2024T07:03:37 - [TEST_STEP][PASSED] - sheetName = "Sheet1": null

02-12-2024T07:03:37 - [TEST_STEP][PASSED] - data = findTestData("PlanFact"): null

02-12-2024T07:03:37 - [TEST_STEP][PASSED] - n = data.getRowNumbers() + 1: null

02-12-2024T07:03:37 - [TEST_STEP][PASSED] - year = todaysDate.substring(todaysDate.length() - 4, todaysDate.length()): null

02-12-2024T07:03:37 - [TEST_STEP][PASSED] - y = year.toInteger(): null

02-12-2024T07:03:37 - [TEST_STEP][PASSED] - m = getText(findTestObject("Выполнение бизнес-плана/Выполнение бизнес-плана Балансы/Фильтр Дата")): Text of object 'Object Repository/Выполнение бизнес-плана/Выполнение бизнес-плана Балансы/Фильтр Дата' is: '1, 2, 3 кв., Октябрь 2024 года'

02-12-2024T07:03:37 - [MESSAGE][PASSED] - Text of object 'Object Repository/Выполнение бизнес-плана/Выполнение бизнес-плана Балансы/Фильтр Дата' is: '1, 2, 3 кв., Октябрь 2024 года'

02-12-2024T07:03:37 - [TEST_STEP][PASSED] - m = m.substring(0, m.indexOf("2024")): null

02-12-2024T07:03:37 - [TEST_STEP][PASSED] - m = m.trim(): null

02-12-2024T07:03:37 - [TEST_STEP][PASSED] - dashboardName = "Выполнение бизнес-плана": null

02-12-2024T07:03:37 - [TEST_STEP][PASSED] - workbook01 = getWorkbook(excelFilePath): null

02-12-2024T07:03:38 - [TEST_STEP][PASSED] - sheet01 = getExcelSheet(workbook01, sheetName): null

02-12-2024T07:03:38 - [TEST_STEP][PASSED] - setValueToCellByIndex(sheet01, n, 0, dashboardName): null

02-12-2024T07:03:38 - [TEST_STEP][PASSED] - setValueToCellByIndex(sheet01, n, 1, dZO): null

02-12-2024T07:03:38 - [TEST_STEP][PASSED] - setValueToCellByIndex(sheet01, n, 2, typeOfData): null

02-12-2024T07:03:38 - [TEST_STEP][PASSED] - setValueToCellByIndex(sheet01, n, 3, typeOfData): null

02-12-2024T07:03:38 - [TEST_STEP][PASSED] - if (typeOfData == "План"): null

02-12-2024T07:03:38 - [TEST_STEP][PASSED] - else if (typeOfData == "Факт"): null

02-12-2024T07:03:38 - [TEST_STEP][PASSED] - else if (vidget.contains("электроэнергии") == true): null

02-12-2024T07:03:38 - [TEST_STEP][PASSED] - if (tabR == null): null

02-12-2024T07:03:38 - [TEST_STEP][PASSED] - else: null

02-12-2024T07:03:38 - [TEST_STEP][PASSED] - if (tabR == "нет данных"): null

02-12-2024T07:03:38 - [TEST_STEP][PASSED] - else: null

02-12-2024T07:03:38 - [TEST_STEP][PASSED] - TR = tabR.toInteger(): null

02-12-2024T07:03:38 - [TEST_STEP][PASSED] - setValueToCellByIndex(sheet01, n, 4, TR): null

02-12-2024T07:03:38 - [TEST_STEP][PASSED] - if (tabB == null): null

02-12-2024T07:03:38 - [TEST_STEP][PASSED] - else: null

02-12-2024T07:03:38 - [TEST_STEP][PASSED] - if (tabB == "нет данных"): null

02-12-2024T07:03:38 - [TEST_STEP][PASSED] - else: null

02-12-2024T07:03:38 - [TEST_STEP][PASSED] - TB = tabB.toInteger(): null

02-12-2024T07:03:38 - [TEST_STEP][PASSED] - setValueToCellByIndex(sheet01, n, 5, TB): null

02-12-2024T07:03:38 - [TEST_STEP][PASSED] - setValueToCellByIndex(sheet01, n, 6, m): null

02-12-2024T07:03:38 - [TEST_STEP][PASSED] - setValueToCellByIndex(sheet01, n, 7, y): null

02-12-2024T07:03:38 - [TEST_STEP][PASSED] - setValueToCellByIndex(sheet01, n, 8, todaysDate): null

02-12-2024T07:03:38 - [TEST_STEP][PASSED] - n = n + 1: null

02-12-2024T07:03:38 - [TEST_STEP][PASSED] - saveWorkbook(excelFilePath, workbook01): null

02-12-2024T07:03:38 - [TEST_STEP][PASSED] - vidget = "Показатели баланса электроэнергии по ДЗО – План": null

02-12-2024T07:03:38 - [TEST_STEP][PASSED] - typeOfData = "План Отпуск в сеть": null

02-12-2024T07:03:38 - [TEST_STEP][PASSED] - tabR = GetOvSPlanR(x = a): null

02-12-2024T07:03:38 - [TEST_STEP][PASSED] - i1 = <not implemented yet for class: org.codehaus.groovy.ast.expr.EmptyExpression>: null

02-12-2024T07:03:38 - [TEST_STEP][PASSED] - ii = <not implemented yet for class: org.codehaus.groovy.ast.expr.EmptyExpression>: null

02-12-2024T07:03:38 - [TEST_STEP][PASSED] - for ([ii = 1, ii < 7, (ii++)]): null

02-12-2024T07:03:38 - [TEST_STEP][PASSED] - i1 = x.indexOf("/") + 1: null

02-12-2024T07:03:38 - [TEST_STEP][PASSED] - if (i1 > -1): null

02-12-2024T07:03:38 - [TEST_STEP][PASSED] - x = x.substring(i1, x.length()): null

02-12-2024T07:03:38 - [TEST_STEP][PASSED] - println(x): null

02-12-2024T07:03:38 - [TEST_STEP][PASSED] - i1 = x.indexOf("/") + 1: null

02-12-2024T07:03:38 - [TEST_STEP][PASSED] - if (i1 > -1): null

02-12-2024T07:03:38 - [TEST_STEP][PASSED] - x = x.substring(i1, x.length()): null

02-12-2024T07:03:38 - [TEST_STEP][PASSED] - println(x): null

02-12-2024T07:03:38 - [TEST_STEP][PASSED] - i1 = x.indexOf("/") + 1: null

02-12-2024T07:03:38 - [TEST_STEP][PASSED] - if (i1 > -1): null

02-12-2024T07:03:38 - [TEST_STEP][PASSED] - x = x.substring(i1, x.length()): null

02-12-2024T07:03:38 - [TEST_STEP][PASSED] - println(x): null

02-12-2024T07:03:38 - [TEST_STEP][PASSED] - i1 = x.indexOf("/") + 1: null

02-12-2024T07:03:38 - [TEST_STEP][PASSED] - if (i1 > -1): null

02-12-2024T07:03:38 - [TEST_STEP][PASSED] - x = x.substring(i1, x.length()): null

02-12-2024T07:03:38 - [TEST_STEP][PASSED] - println(x): null

02-12-2024T07:03:38 - [TEST_STEP][PASSED] - i1 = x.indexOf("/") + 1: null

02-12-2024T07:03:38 - [TEST_STEP][PASSED] - if (i1 > -1): null

02-12-2024T07:03:38 - [TEST_STEP][PASSED] - x = x.substring(i1, x.length()): null

02-12-2024T07:03:38 - [TEST_STEP][PASSED] - println(x): null

02-12-2024T07:03:38 - [TEST_STEP][PASSED] - i1 = x.indexOf("/") + 1: null

02-12-2024T07:03:38 - [TEST_STEP][PASSED] - if (i1 > -1): null

02-12-2024T07:03:38 - [TEST_STEP][PASSED] - x = x.substring(i1, x.length()): null

02-12-2024T07:03:38 - [TEST_STEP][PASSED] - println(x): null

02-12-2024T07:03:38 - [TEST_STEP][PASSED] - i1 = x.indexOf("/"): null

02-12-2024T07:03:38 - [TEST_STEP][PASSED] - if (i1 > -1): null

02-12-2024T07:03:38 - [TEST_STEP][PASSED] - x = x.substring(0, i1): null

02-12-2024T07:03:38 - [TEST_STEP][PASSED] - println(x): null

02-12-2024T07:03:38 - [TEST_STEP][PASSED] - return x: null

02-12-2024T07:03:38 - [TEST_STEP][PASSED] - tabB = GetOvSPlanB(x = b): null

02-12-2024T07:03:38 - [TEST_STEP][PASSED] - i1 = <not implemented yet for class: org.codehaus.groovy.ast.expr.EmptyExpression>: null

02-12-2024T07:03:38 - [TEST_STEP][PASSED] - ii = <not implemented yet for class: org.codehaus.groovy.ast.expr.EmptyExpression>: null

02-12-2024T07:03:38 - [TEST_STEP][PASSED] - for ([ii = 1, ii < 7, (ii++)]): null

02-12-2024T07:03:38 - [TEST_STEP][PASSED] - i1 = x.indexOf("/") + 1: null

02-12-2024T07:03:38 - [TEST_STEP][PASSED] - if (i1 > -1): null

02-12-2024T07:03:38 - [TEST_STEP][PASSED] - x = x.substring(i1, x.length()): null

02-12-2024T07:03:38 - [TEST_STEP][PASSED] - println(x): null

02-12-2024T07:03:38 - [TEST_STEP][PASSED] - i1 = x.indexOf("/") + 1: null

02-12-2024T07:03:38 - [TEST_STEP][PASSED] - if (i1 > -1): null

02-12-2024T07:03:38 - [TEST_STEP][PASSED] - x = x.substring(i1, x.length()): null

02-12-2024T07:03:38 - [TEST_STEP][PASSED] - println(x): null

02-12-2024T07:03:38 - [TEST_STEP][PASSED] - i1 = x.indexOf("/") + 1: null

02-12-2024T07:03:38 - [TEST_STEP][PASSED] - if (i1 > -1): null

02-12-2024T07:03:38 - [TEST_STEP][PASSED] - x = x.substring(i1, x.length()): null

02-12-2024T07:03:38 - [TEST_STEP][PASSED] - println(x): null

02-12-2024T07:03:38 - [TEST_STEP][PASSED] - i1 = x.indexOf("/") + 1: null

02-12-2024T07:03:38 - [TEST_STEP][PASSED] - if (i1 > -1): null

02-12-2024T07:03:38 - [TEST_STEP][PASSED] - x = x.substring(i1, x.length()): null

02-12-2024T07:03:38 - [TEST_STEP][PASSED] - println(x): null

02-12-2024T07:03:38 - [TEST_STEP][PASSED] - i1 = x.indexOf("/") + 1: null

02-12-2024T07:03:38 - [TEST_STEP][PASSED] - if (i1 > -1): null

02-12-2024T07:03:38 - [TEST_STEP][PASSED] - x = x.substring(i1, x.length()): null

02-12-2024T07:03:38 - [TEST_STEP][PASSED] - println(x): null

02-12-2024T07:03:38 - [TEST_STEP][PASSED] - i1 = x.indexOf("/") + 1: null

02-12-2024T07:03:38 - [TEST_STEP][PASSED] - if (i1 > -1): null

02-12-2024T07:03:38 - [TEST_STEP][PASSED] - x = x.substring(i1, x.length()): null

02-12-2024T07:03:38 - [TEST_STEP][PASSED] - println(x): null

02-12-2024T07:03:38 - [TEST_STEP][PASSED] - i1 = x.indexOf("/"): null

02-12-2024T07:03:38 - [TEST_STEP][PASSED] - if (i1 > -1): null

02-12-2024T07:03:38 - [TEST_STEP][PASSED] - x = x.substring(0, i1): null

02-12-2024T07:03:38 - [TEST_STEP][PASSED] - println(x): null

02-12-2024T07:03:38 - [TEST_STEP][FAILED] - return x: null

02-12-2024T07:03:38 - [TEST_STEP][PASSED] - println(tabR + "/" + tabB): null

02-12-2024T07:03:38 - [TEST_STEP][FAILED] - if (verifyEqual(PercFactR, PercFactB) == false): null

02-12-2024T07:03:38 - [MESSAGE][FAILED] - Unable to verify equal between actual object '5.31' and expected object '7.98' (Root cause: com.kms.katalon.core.exception.StepFailedException: Actual object '5.31' and expected object '7.98' are not equal
	at com.kms.katalon.core.keyword.builtin.VerifyEqualKeyword$_verifyEqual_closure1.doCall(VerifyEqualKeyword.groovy:58)
	at com.kms.katalon.core.keyword.builtin.VerifyEqualKeyword$_verifyEqual_closure1.call(VerifyEqualKeyword.groovy)
	at com.kms.katalon.core.keyword.internal.KeywordMain.runKeyword(KeywordMain.groovy:75)
	at com.kms.katalon.core.keyword.builtin.VerifyEqualKeyword.verifyEqual(VerifyEqualKeyword.groovy:63)
	at com.kms.katalon.core.keyword.builtin.VerifyEqualKeyword.execute(VerifyEqualKeyword.groovy:44)
	at com.kms.katalon.core.keyword.internal.KeywordExecutor.executeKeywordForPlatform(KeywordExecutor.groovy:74)
	at com.kms.katalon.core.keyword.BuiltinKeywords.verifyEqual(BuiltinKeywords.groovy:146)
	at java.base/jdk.internal.reflect.NativeMethodAccessorImpl.invoke0(Native Method)
	at java.base/jdk.internal.reflect.NativeMethodAccessorImpl.invoke(NativeMethodAccessorImpl.java:77)
	at java.base/jdk.internal.reflect.DelegatingMethodAccessorImpl.invoke(DelegatingMethodAccessorImpl.java:43)
	at Выполнение бизнес-плана сверка дашбордов.CompareDZOData(Выполнение бизнес-плана сверка дашбордов:745)
	at Выполнение бизнес-плана сверка дашбордов.run(Выполнение бизнес-плана сверка дашбордов:578)
	at com.kms.katalon.core.main.ScriptEngine.run(ScriptEngine.java:194)
	at com.kms.katalon.core.main.ScriptEngine.runScriptAsRawText(ScriptEngine.java:119)
	at com.kms.katalon.core.main.TestCaseExecutor.runScript(TestCaseExecutor.java:448)
	at com.kms.katalon.core.main.TestCaseExecutor.doExecute(TestCaseExecutor.java:439)
	at com.kms.katalon.core.main.TestCaseExecutor.processExecutionPhase(TestCaseExecutor.java:418)
	at com.kms.katalon.core.main.TestCaseExecutor.accessMainPhase(TestCaseExecutor.java:410)
	at com.kms.katalon.core.main.TestCaseExecutor.execute(TestCaseExecutor.java:285)
	at com.kms.katalon.core.common.CommonExecutor.accessTestCaseMainPhase(CommonExecutor.java:65)
	at com.kms.katalon.core.main.TestSuiteExecutor.accessTestSuiteMainPhase(TestSuiteExecutor.java:150)
	at com.kms.katalon.core.main.TestSuiteExecutor.execute(TestSuiteExecutor.java:106)
	at com.kms.katalon.core.main.TestCaseMain.startTestSuite(TestCaseMain.java:180)
	at TempTestSuite1733111659562.run(TempTestSuite1733111659562.groovy:35)
	at java.base/jdk.internal.reflect.NativeMethodAccessorImpl.invoke0(Native Method)
	at java.base/jdk.internal.reflect.NativeMethodAccessorImpl.invoke(NativeMethodAccessorImpl.java:77)
	at java.base/jdk.internal.reflect.DelegatingMethodAccessorImpl.invoke(DelegatingMethodAccessorImpl.java:43)
)

02-12-2024T07:03:38 - [TEST_STEP][PASSED] - result = WriteToExcel(typeOfData, todaysDate, PercPlanR, PercPlanB, PercFactR, PercFactB, x, tabR, tabB, o1R, o1B, vidget): null

02-12-2024T07:03:38 - [TEST_STEP][PASSED] - iii = dZO.indexOf("/"): null

02-12-2024T07:03:38 - [TEST_STEP][PASSED] - println(iii): null

02-12-2024T07:03:38 - [TEST_STEP][PASSED] - dZO = dZO.substring(0, iii): null

02-12-2024T07:03:38 - [TEST_STEP][PASSED] - println(dZO): null

02-12-2024T07:03:38 - [TEST_STEP][PASSED] - println(PercPlanR): null

02-12-2024T07:03:38 - [TEST_STEP][PASSED] - println(PercPlanB): null

02-12-2024T07:03:38 - [TEST_STEP][PASSED] - println(PercFactR): null

02-12-2024T07:03:38 - [TEST_STEP][PASSED] - println(PercFactB): null

02-12-2024T07:03:38 - [TEST_STEP][PASSED] - println(tabR): null

02-12-2024T07:03:38 - [TEST_STEP][PASSED] - println(tabB): null

02-12-2024T07:03:38 - [TEST_STEP][PASSED] - println(o1R): null

02-12-2024T07:03:38 - [TEST_STEP][PASSED] - println(o1B): null

02-12-2024T07:03:38 - [TEST_STEP][PASSED] - PR = <not implemented yet for class: org.codehaus.groovy.ast.expr.EmptyExpression>: null

02-12-2024T07:03:38 - [TEST_STEP][PASSED] - FR = <not implemented yet for class: org.codehaus.groovy.ast.expr.EmptyExpression>: null

02-12-2024T07:03:38 - [TEST_STEP][PASSED] - PB = <not implemented yet for class: org.codehaus.groovy.ast.expr.EmptyExpression>: null

02-12-2024T07:03:38 - [TEST_STEP][PASSED] - FB = <not implemented yet for class: org.codehaus.groovy.ast.expr.EmptyExpression>: null

02-12-2024T07:03:38 - [TEST_STEP][PASSED] - TR = <not implemented yet for class: org.codehaus.groovy.ast.expr.EmptyExpression>: null

02-12-2024T07:03:38 - [TEST_STEP][PASSED] - TB = <not implemented yet for class: org.codehaus.groovy.ast.expr.EmptyExpression>: null

02-12-2024T07:03:38 - [TEST_STEP][PASSED] - sheetName = "Sheet1": null

02-12-2024T07:03:38 - [TEST_STEP][PASSED] - data = findTestData("PlanFact"): null

02-12-2024T07:03:38 - [TEST_STEP][PASSED] - n = data.getRowNumbers() + 1: null

02-12-2024T07:03:38 - [TEST_STEP][PASSED] - year = todaysDate.substring(todaysDate.length() - 4, todaysDate.length()): null

02-12-2024T07:03:38 - [TEST_STEP][PASSED] - y = year.toInteger(): null

02-12-2024T07:03:38 - [TEST_STEP][PASSED] - m = getText(findTestObject("Выполнение бизнес-плана/Выполнение бизнес-плана Балансы/Фильтр Дата")): Text of object 'Object Repository/Выполнение бизнес-плана/Выполнение бизнес-плана Балансы/Фильтр Дата' is: '1, 2, 3 кв., Октябрь 2024 года'

02-12-2024T07:03:38 - [MESSAGE][PASSED] - Text of object 'Object Repository/Выполнение бизнес-плана/Выполнение бизнес-плана Балансы/Фильтр Дата' is: '1, 2, 3 кв., Октябрь 2024 года'

02-12-2024T07:03:38 - [TEST_STEP][PASSED] - m = m.substring(0, m.indexOf("2024")): null

02-12-2024T07:03:38 - [TEST_STEP][PASSED] - m = m.trim(): null

02-12-2024T07:03:38 - [TEST_STEP][PASSED] - dashboardName = "Выполнение бизнес-плана": null

02-12-2024T07:03:38 - [TEST_STEP][PASSED] - workbook01 = getWorkbook(excelFilePath): null

02-12-2024T07:03:38 - [TEST_STEP][PASSED] - sheet01 = getExcelSheet(workbook01, sheetName): null

02-12-2024T07:03:38 - [TEST_STEP][PASSED] - setValueToCellByIndex(sheet01, n, 0, dashboardName): null

02-12-2024T07:03:38 - [TEST_STEP][PASSED] - setValueToCellByIndex(sheet01, n, 1, dZO): null

02-12-2024T07:03:38 - [TEST_STEP][PASSED] - setValueToCellByIndex(sheet01, n, 2, typeOfData): null

02-12-2024T07:03:38 - [TEST_STEP][PASSED] - setValueToCellByIndex(sheet01, n, 3, typeOfData): null

02-12-2024T07:03:38 - [TEST_STEP][PASSED] - if (typeOfData == "План"): null

02-12-2024T07:03:38 - [TEST_STEP][PASSED] - else if (typeOfData == "Факт"): null

02-12-2024T07:03:38 - [TEST_STEP][PASSED] - else if (vidget.contains("электроэнергии") == true): null

02-12-2024T07:03:38 - [TEST_STEP][PASSED] - if (tabR == null): null

02-12-2024T07:03:38 - [TEST_STEP][PASSED] - else: null

02-12-2024T07:03:38 - [TEST_STEP][PASSED] - if (tabR == "нет данных"): null

02-12-2024T07:03:38 - [TEST_STEP][PASSED] - else: null

02-12-2024T07:03:38 - [TEST_STEP][PASSED] - TR = tabR.toInteger(): null

02-12-2024T07:03:38 - [TEST_STEP][PASSED] - setValueToCellByIndex(sheet01, n, 4, TR): null

02-12-2024T07:03:38 - [TEST_STEP][PASSED] - if (tabB == null): null

02-12-2024T07:03:38 - [TEST_STEP][PASSED] - else: null

02-12-2024T07:03:38 - [TEST_STEP][PASSED] - if (tabB == "нет данных"): null

02-12-2024T07:03:38 - [TEST_STEP][PASSED] - else: null

02-12-2024T07:03:38 - [TEST_STEP][PASSED] - TB = tabB.toInteger(): null

02-12-2024T07:03:38 - [TEST_STEP][PASSED] - setValueToCellByIndex(sheet01, n, 5, TB): null

02-12-2024T07:03:38 - [TEST_STEP][PASSED] - setValueToCellByIndex(sheet01, n, 6, m): null

02-12-2024T07:03:38 - [TEST_STEP][PASSED] - setValueToCellByIndex(sheet01, n, 7, y): null

02-12-2024T07:03:38 - [TEST_STEP][PASSED] - setValueToCellByIndex(sheet01, n, 8, todaysDate): null

02-12-2024T07:03:38 - [TEST_STEP][PASSED] - n = n + 1: null

02-12-2024T07:03:38 - [TEST_STEP][PASSED] - saveWorkbook(excelFilePath, workbook01): null

02-12-2024T07:03:38 - [TEST_STEP][PASSED] - typeOfData = "План Отпуск из сети": null

02-12-2024T07:03:38 - [TEST_STEP][PASSED] - tabR = GetOiSPlanR(x = a): null

02-12-2024T07:03:38 - [TEST_STEP][PASSED] - i1 = <not implemented yet for class: org.codehaus.groovy.ast.expr.EmptyExpression>: null

02-12-2024T07:03:38 - [TEST_STEP][PASSED] - ii = <not implemented yet for class: org.codehaus.groovy.ast.expr.EmptyExpression>: null

02-12-2024T07:03:38 - [TEST_STEP][PASSED] - for ([ii = 1, ii < 8, (ii++)]): null

02-12-2024T07:03:38 - [TEST_STEP][PASSED] - i1 = x.indexOf("/") + 1: null

02-12-2024T07:03:38 - [TEST_STEP][PASSED] - if (i1 > -1): null

02-12-2024T07:03:38 - [TEST_STEP][PASSED] - x = x.substring(i1, x.length()): null

02-12-2024T07:03:38 - [TEST_STEP][PASSED] - println(x): null

02-12-2024T07:03:38 - [TEST_STEP][PASSED] - i1 = x.indexOf("/") + 1: null

02-12-2024T07:03:38 - [TEST_STEP][PASSED] - if (i1 > -1): null

02-12-2024T07:03:38 - [TEST_STEP][PASSED] - x = x.substring(i1, x.length()): null

02-12-2024T07:03:38 - [TEST_STEP][PASSED] - println(x): null

02-12-2024T07:03:38 - [TEST_STEP][PASSED] - i1 = x.indexOf("/") + 1: null

02-12-2024T07:03:38 - [TEST_STEP][PASSED] - if (i1 > -1): null

02-12-2024T07:03:38 - [TEST_STEP][PASSED] - x = x.substring(i1, x.length()): null

02-12-2024T07:03:38 - [TEST_STEP][PASSED] - println(x): null

02-12-2024T07:03:38 - [TEST_STEP][PASSED] - i1 = x.indexOf("/") + 1: null

02-12-2024T07:03:38 - [TEST_STEP][PASSED] - if (i1 > -1): null

02-12-2024T07:03:38 - [TEST_STEP][PASSED] - x = x.substring(i1, x.length()): null

02-12-2024T07:03:38 - [TEST_STEP][PASSED] - println(x): null

02-12-2024T07:03:38 - [TEST_STEP][PASSED] - i1 = x.indexOf("/") + 1: null

02-12-2024T07:03:38 - [TEST_STEP][PASSED] - if (i1 > -1): null

02-12-2024T07:03:38 - [TEST_STEP][PASSED] - x = x.substring(i1, x.length()): null

02-12-2024T07:03:38 - [TEST_STEP][PASSED] - println(x): null

02-12-2024T07:03:38 - [TEST_STEP][PASSED] - i1 = x.indexOf("/") + 1: null

02-12-2024T07:03:38 - [TEST_STEP][PASSED] - if (i1 > -1): null

02-12-2024T07:03:38 - [TEST_STEP][PASSED] - x = x.substring(i1, x.length()): null

02-12-2024T07:03:38 - [TEST_STEP][PASSED] - println(x): null

02-12-2024T07:03:38 - [TEST_STEP][PASSED] - i1 = x.indexOf("/") + 1: null

02-12-2024T07:03:38 - [TEST_STEP][PASSED] - if (i1 > -1): null

02-12-2024T07:03:38 - [TEST_STEP][PASSED] - x = x.substring(i1, x.length()): null

02-12-2024T07:03:38 - [TEST_STEP][PASSED] - println(x): null

02-12-2024T07:03:38 - [TEST_STEP][PASSED] - i1 = x.indexOf("/"): null

02-12-2024T07:03:38 - [TEST_STEP][PASSED] - if (i1 > -1): null

02-12-2024T07:03:38 - [TEST_STEP][PASSED] - x = x.substring(0, i1): null

02-12-2024T07:03:38 - [TEST_STEP][PASSED] - println(x): null

02-12-2024T07:03:38 - [TEST_STEP][PASSED] - return x: null

02-12-2024T07:03:38 - [TEST_STEP][PASSED] - tabB = GetOiSPlanB(x = b): null

02-12-2024T07:03:38 - [TEST_STEP][PASSED] - i1 = <not implemented yet for class: org.codehaus.groovy.ast.expr.EmptyExpression>: null

02-12-2024T07:03:38 - [TEST_STEP][PASSED] - ii = <not implemented yet for class: org.codehaus.groovy.ast.expr.EmptyExpression>: null

02-12-2024T07:03:38 - [TEST_STEP][PASSED] - for ([ii = 1, ii < 8, (ii++)]): null

02-12-2024T07:03:38 - [TEST_STEP][PASSED] - i1 = x.indexOf("/") + 1: null

02-12-2024T07:03:38 - [TEST_STEP][PASSED] - if (i1 > -1): null

02-12-2024T07:03:38 - [TEST_STEP][PASSED] - x = x.substring(i1, x.length()): null

02-12-2024T07:03:38 - [TEST_STEP][PASSED] - println(x): null

02-12-2024T07:03:38 - [TEST_STEP][PASSED] - i1 = x.indexOf("/") + 1: null

02-12-2024T07:03:38 - [TEST_STEP][PASSED] - if (i1 > -1): null

02-12-2024T07:03:38 - [TEST_STEP][PASSED] - x = x.substring(i1, x.length()): null

02-12-2024T07:03:38 - [TEST_STEP][PASSED] - println(x): null

02-12-2024T07:03:38 - [TEST_STEP][PASSED] - i1 = x.indexOf("/") + 1: null

02-12-2024T07:03:38 - [TEST_STEP][PASSED] - if (i1 > -1): null

02-12-2024T07:03:38 - [TEST_STEP][PASSED] - x = x.substring(i1, x.length()): null

02-12-2024T07:03:38 - [TEST_STEP][PASSED] - println(x): null

02-12-2024T07:03:38 - [TEST_STEP][PASSED] - i1 = x.indexOf("/") + 1: null

02-12-2024T07:03:38 - [TEST_STEP][PASSED] - if (i1 > -1): null

02-12-2024T07:03:38 - [TEST_STEP][PASSED] - x = x.substring(i1, x.length()): null

02-12-2024T07:03:38 - [TEST_STEP][PASSED] - println(x): null

02-12-2024T07:03:38 - [TEST_STEP][PASSED] - i1 = x.indexOf("/") + 1: null

02-12-2024T07:03:38 - [TEST_STEP][PASSED] - if (i1 > -1): null

02-12-2024T07:03:38 - [TEST_STEP][PASSED] - x = x.substring(i1, x.length()): null

02-12-2024T07:03:38 - [TEST_STEP][PASSED] - println(x): null

02-12-2024T07:03:38 - [TEST_STEP][PASSED] - i1 = x.indexOf("/") + 1: null

02-12-2024T07:03:38 - [TEST_STEP][PASSED] - if (i1 > -1): null

02-12-2024T07:03:38 - [TEST_STEP][PASSED] - x = x.substring(i1, x.length()): null

02-12-2024T07:03:38 - [TEST_STEP][PASSED] - println(x): null

02-12-2024T07:03:38 - [TEST_STEP][PASSED] - i1 = x.indexOf("/") + 1: null

02-12-2024T07:03:38 - [TEST_STEP][PASSED] - if (i1 > -1): null

02-12-2024T07:03:38 - [TEST_STEP][PASSED] - x = x.substring(i1, x.length()): null

02-12-2024T07:03:38 - [TEST_STEP][PASSED] - println(x): null

02-12-2024T07:03:38 - [TEST_STEP][PASSED] - i1 = x.indexOf("/"): null

02-12-2024T07:03:38 - [TEST_STEP][PASSED] - if (i1 > -1): null

02-12-2024T07:03:38 - [TEST_STEP][PASSED] - x = x.substring(0, i1): null

02-12-2024T07:03:38 - [TEST_STEP][PASSED] - println(x): null

02-12-2024T07:03:39 - [TEST_STEP][FAILED] - return x: null

02-12-2024T07:03:39 - [TEST_STEP][PASSED] - println(tabR + "/" + tabB): null

02-12-2024T07:03:39 - [TEST_STEP][FAILED] - if (verifyEqual(PercFactR, PercFactB) == false): null

02-12-2024T07:03:39 - [MESSAGE][FAILED] - Unable to verify equal between actual object '5.31' and expected object '7.98' (Root cause: com.kms.katalon.core.exception.StepFailedException: Actual object '5.31' and expected object '7.98' are not equal
	at com.kms.katalon.core.keyword.builtin.VerifyEqualKeyword$_verifyEqual_closure1.doCall(VerifyEqualKeyword.groovy:58)
	at com.kms.katalon.core.keyword.builtin.VerifyEqualKeyword$_verifyEqual_closure1.call(VerifyEqualKeyword.groovy)
	at com.kms.katalon.core.keyword.internal.KeywordMain.runKeyword(KeywordMain.groovy:75)
	at com.kms.katalon.core.keyword.builtin.VerifyEqualKeyword.verifyEqual(VerifyEqualKeyword.groovy:63)
	at com.kms.katalon.core.keyword.builtin.VerifyEqualKeyword.execute(VerifyEqualKeyword.groovy:44)
	at com.kms.katalon.core.keyword.internal.KeywordExecutor.executeKeywordForPlatform(KeywordExecutor.groovy:74)
	at com.kms.katalon.core.keyword.BuiltinKeywords.verifyEqual(BuiltinKeywords.groovy:146)
	at java.base/jdk.internal.reflect.NativeMethodAccessorImpl.invoke0(Native Method)
	at java.base/jdk.internal.reflect.NativeMethodAccessorImpl.invoke(NativeMethodAccessorImpl.java:77)
	at java.base/jdk.internal.reflect.DelegatingMethodAccessorImpl.invoke(DelegatingMethodAccessorImpl.java:43)
	at Выполнение бизнес-плана сверка дашбордов.CompareDZOData(Выполнение бизнес-плана сверка дашбордов:758)
	at Выполнение бизнес-плана сверка дашбордов.run(Выполнение бизнес-плана сверка дашбордов:578)
	at com.kms.katalon.core.main.ScriptEngine.run(ScriptEngine.java:194)
	at com.kms.katalon.core.main.ScriptEngine.runScriptAsRawText(ScriptEngine.java:119)
	at com.kms.katalon.core.main.TestCaseExecutor.runScript(TestCaseExecutor.java:448)
	at com.kms.katalon.core.main.TestCaseExecutor.doExecute(TestCaseExecutor.java:439)
	at com.kms.katalon.core.main.TestCaseExecutor.processExecutionPhase(TestCaseExecutor.java:418)
	at com.kms.katalon.core.main.TestCaseExecutor.accessMainPhase(TestCaseExecutor.java:410)
	at com.kms.katalon.core.main.TestCaseExecutor.execute(TestCaseExecutor.java:285)
	at com.kms.katalon.core.common.CommonExecutor.accessTestCaseMainPhase(CommonExecutor.java:65)
	at com.kms.katalon.core.main.TestSuiteExecutor.accessTestSuiteMainPhase(TestSuiteExecutor.java:150)
	at com.kms.katalon.core.main.TestSuiteExecutor.execute(TestSuiteExecutor.java:106)
	at com.kms.katalon.core.main.TestCaseMain.startTestSuite(TestCaseMain.java:180)
	at TempTestSuite1733111659562.run(TempTestSuite1733111659562.groovy:35)
	at java.base/jdk.internal.reflect.NativeMethodAccessorImpl.invoke0(Native Method)
	at java.base/jdk.internal.reflect.NativeMethodAccessorImpl.invoke(NativeMethodAccessorImpl.java:77)
	at java.base/jdk.internal.reflect.DelegatingMethodAccessorImpl.invoke(DelegatingMethodAccessorImpl.java:43)
)

02-12-2024T07:03:39 - [TEST_STEP][PASSED] - result = WriteToExcel(typeOfData, todaysDate, PercPlanR, PercPlanB, PercFactR, PercFactB, x, tabR, tabB, o1R, o1B, vidget): null

02-12-2024T07:03:39 - [TEST_STEP][PASSED] - iii = dZO.indexOf("/"): null

02-12-2024T07:03:39 - [TEST_STEP][PASSED] - println(iii): null

02-12-2024T07:03:39 - [TEST_STEP][PASSED] - dZO = dZO.substring(0, iii): null

02-12-2024T07:03:39 - [TEST_STEP][PASSED] - println(dZO): null

02-12-2024T07:03:39 - [TEST_STEP][PASSED] - println(PercPlanR): null

02-12-2024T07:03:39 - [TEST_STEP][PASSED] - println(PercPlanB): null

02-12-2024T07:03:39 - [TEST_STEP][PASSED] - println(PercFactR): null

02-12-2024T07:03:39 - [TEST_STEP][PASSED] - println(PercFactB): null

02-12-2024T07:03:39 - [TEST_STEP][PASSED] - println(tabR): null

02-12-2024T07:03:39 - [TEST_STEP][PASSED] - println(tabB): null

02-12-2024T07:03:39 - [TEST_STEP][PASSED] - println(o1R): null

02-12-2024T07:03:39 - [TEST_STEP][PASSED] - println(o1B): null

02-12-2024T07:03:39 - [TEST_STEP][PASSED] - PR = <not implemented yet for class: org.codehaus.groovy.ast.expr.EmptyExpression>: null

02-12-2024T07:03:39 - [TEST_STEP][PASSED] - FR = <not implemented yet for class: org.codehaus.groovy.ast.expr.EmptyExpression>: null

02-12-2024T07:03:39 - [TEST_STEP][PASSED] - PB = <not implemented yet for class: org.codehaus.groovy.ast.expr.EmptyExpression>: null

02-12-2024T07:03:39 - [TEST_STEP][PASSED] - FB = <not implemented yet for class: org.codehaus.groovy.ast.expr.EmptyExpression>: null

02-12-2024T07:03:39 - [TEST_STEP][PASSED] - TR = <not implemented yet for class: org.codehaus.groovy.ast.expr.EmptyExpression>: null

02-12-2024T07:03:39 - [TEST_STEP][PASSED] - TB = <not implemented yet for class: org.codehaus.groovy.ast.expr.EmptyExpression>: null

02-12-2024T07:03:39 - [TEST_STEP][PASSED] - sheetName = "Sheet1": null

02-12-2024T07:03:39 - [TEST_STEP][PASSED] - data = findTestData("PlanFact"): null

02-12-2024T07:03:39 - [TEST_STEP][PASSED] - n = data.getRowNumbers() + 1: null

02-12-2024T07:03:39 - [TEST_STEP][PASSED] - year = todaysDate.substring(todaysDate.length() - 4, todaysDate.length()): null

02-12-2024T07:03:39 - [TEST_STEP][PASSED] - y = year.toInteger(): null

02-12-2024T07:03:39 - [TEST_STEP][PASSED] - m = getText(findTestObject("Выполнение бизнес-плана/Выполнение бизнес-плана Балансы/Фильтр Дата")): Text of object 'Object Repository/Выполнение бизнес-плана/Выполнение бизнес-плана Балансы/Фильтр Дата' is: '1, 2, 3 кв., Октябрь 2024 года'

02-12-2024T07:03:39 - [MESSAGE][PASSED] - Text of object 'Object Repository/Выполнение бизнес-плана/Выполнение бизнес-плана Балансы/Фильтр Дата' is: '1, 2, 3 кв., Октябрь 2024 года'

02-12-2024T07:03:39 - [TEST_STEP][PASSED] - m = m.substring(0, m.indexOf("2024")): null

02-12-2024T07:03:39 - [TEST_STEP][PASSED] - m = m.trim(): null

02-12-2024T07:03:39 - [TEST_STEP][PASSED] - dashboardName = "Выполнение бизнес-плана": null

02-12-2024T07:03:39 - [TEST_STEP][PASSED] - workbook01 = getWorkbook(excelFilePath): null

02-12-2024T07:03:39 - [TEST_STEP][PASSED] - sheet01 = getExcelSheet(workbook01, sheetName): null

02-12-2024T07:03:39 - [TEST_STEP][PASSED] - setValueToCellByIndex(sheet01, n, 0, dashboardName): null

02-12-2024T07:03:39 - [TEST_STEP][PASSED] - setValueToCellByIndex(sheet01, n, 1, dZO): null

02-12-2024T07:03:39 - [TEST_STEP][PASSED] - setValueToCellByIndex(sheet01, n, 2, typeOfData): null

02-12-2024T07:03:39 - [TEST_STEP][PASSED] - setValueToCellByIndex(sheet01, n, 3, typeOfData): null

02-12-2024T07:03:39 - [TEST_STEP][PASSED] - if (typeOfData == "План"): null

02-12-2024T07:03:39 - [TEST_STEP][PASSED] - else if (typeOfData == "Факт"): null

02-12-2024T07:03:39 - [TEST_STEP][PASSED] - else if (vidget.contains("электроэнергии") == true): null

02-12-2024T07:03:39 - [TEST_STEP][PASSED] - if (tabR == null): null

02-12-2024T07:03:39 - [TEST_STEP][PASSED] - else: null

02-12-2024T07:03:39 - [TEST_STEP][PASSED] - if (tabR == "нет данных"): null

02-12-2024T07:03:39 - [TEST_STEP][PASSED] - else: null

02-12-2024T07:03:39 - [TEST_STEP][PASSED] - TR = tabR.toInteger(): null

02-12-2024T07:03:39 - [TEST_STEP][PASSED] - setValueToCellByIndex(sheet01, n, 4, TR): null

02-12-2024T07:03:39 - [TEST_STEP][PASSED] - if (tabB == null): null

02-12-2024T07:03:39 - [TEST_STEP][PASSED] - else: null

02-12-2024T07:03:39 - [TEST_STEP][PASSED] - if (tabB == "нет данных"): null

02-12-2024T07:03:39 - [TEST_STEP][PASSED] - else: null

02-12-2024T07:03:39 - [TEST_STEP][PASSED] - TB = tabB.toInteger(): null

02-12-2024T07:03:39 - [TEST_STEP][PASSED] - setValueToCellByIndex(sheet01, n, 5, TB): null

02-12-2024T07:03:39 - [TEST_STEP][PASSED] - setValueToCellByIndex(sheet01, n, 6, m): null

02-12-2024T07:03:39 - [TEST_STEP][PASSED] - setValueToCellByIndex(sheet01, n, 7, y): null

02-12-2024T07:03:39 - [TEST_STEP][PASSED] - setValueToCellByIndex(sheet01, n, 8, todaysDate): null

02-12-2024T07:03:39 - [TEST_STEP][PASSED] - n = n + 1: null

02-12-2024T07:03:39 - [TEST_STEP][PASSED] - saveWorkbook(excelFilePath, workbook01): null

02-12-2024T07:03:39 - [TEST_STEP][PASSED] - typeOfData = "План Потери": null

02-12-2024T07:03:39 - [TEST_STEP][PASSED] - tabR = GetPPlanR(x = a): null

02-12-2024T07:03:39 - [TEST_STEP][PASSED] - i1 = <not implemented yet for class: org.codehaus.groovy.ast.expr.EmptyExpression>: null

02-12-2024T07:03:39 - [TEST_STEP][PASSED] - ii = <not implemented yet for class: org.codehaus.groovy.ast.expr.EmptyExpression>: null

02-12-2024T07:03:39 - [TEST_STEP][PASSED] - for ([ii = 1, ii < 9, (ii++)]): null

02-12-2024T07:03:39 - [TEST_STEP][PASSED] - i1 = x.indexOf("/") + 1: null

02-12-2024T07:03:39 - [TEST_STEP][PASSED] - if (i1 > -1): null

02-12-2024T07:03:39 - [TEST_STEP][PASSED] - x = x.substring(i1, x.length()): null

02-12-2024T07:03:39 - [TEST_STEP][PASSED] - println(x): null

02-12-2024T07:03:39 - [TEST_STEP][PASSED] - i1 = x.indexOf("/") + 1: null

02-12-2024T07:03:39 - [TEST_STEP][PASSED] - if (i1 > -1): null

02-12-2024T07:03:39 - [TEST_STEP][PASSED] - x = x.substring(i1, x.length()): null

02-12-2024T07:03:39 - [TEST_STEP][PASSED] - println(x): null

02-12-2024T07:03:39 - [TEST_STEP][PASSED] - i1 = x.indexOf("/") + 1: null

02-12-2024T07:03:39 - [TEST_STEP][PASSED] - if (i1 > -1): null

02-12-2024T07:03:39 - [TEST_STEP][PASSED] - x = x.substring(i1, x.length()): null

02-12-2024T07:03:39 - [TEST_STEP][PASSED] - println(x): null

02-12-2024T07:03:39 - [TEST_STEP][PASSED] - i1 = x.indexOf("/") + 1: null

02-12-2024T07:03:39 - [TEST_STEP][PASSED] - if (i1 > -1): null

02-12-2024T07:03:39 - [TEST_STEP][PASSED] - x = x.substring(i1, x.length()): null

02-12-2024T07:03:39 - [TEST_STEP][PASSED] - println(x): null

02-12-2024T07:03:39 - [TEST_STEP][PASSED] - i1 = x.indexOf("/") + 1: null

02-12-2024T07:03:39 - [TEST_STEP][PASSED] - if (i1 > -1): null

02-12-2024T07:03:39 - [TEST_STEP][PASSED] - x = x.substring(i1, x.length()): null

02-12-2024T07:03:39 - [TEST_STEP][PASSED] - println(x): null

02-12-2024T07:03:39 - [TEST_STEP][PASSED] - i1 = x.indexOf("/") + 1: null

02-12-2024T07:03:39 - [TEST_STEP][PASSED] - if (i1 > -1): null

02-12-2024T07:03:39 - [TEST_STEP][PASSED] - x = x.substring(i1, x.length()): null

02-12-2024T07:03:39 - [TEST_STEP][PASSED] - println(x): null

02-12-2024T07:03:39 - [TEST_STEP][PASSED] - i1 = x.indexOf("/") + 1: null

02-12-2024T07:03:39 - [TEST_STEP][PASSED] - if (i1 > -1): null

02-12-2024T07:03:39 - [TEST_STEP][PASSED] - x = x.substring(i1, x.length()): null

02-12-2024T07:03:39 - [TEST_STEP][PASSED] - println(x): null

02-12-2024T07:03:39 - [TEST_STEP][PASSED] - i1 = x.indexOf("/") + 1: null

02-12-2024T07:03:39 - [TEST_STEP][PASSED] - if (i1 > -1): null

02-12-2024T07:03:39 - [TEST_STEP][PASSED] - x = x.substring(i1, x.length()): null

02-12-2024T07:03:39 - [TEST_STEP][PASSED] - println(x): null

02-12-2024T07:03:39 - [TEST_STEP][PASSED] - i1 = x.indexOf("/"): null

02-12-2024T07:03:39 - [TEST_STEP][PASSED] - if (i1 > -1): null

02-12-2024T07:03:39 - [TEST_STEP][PASSED] - println(x): null

02-12-2024T07:03:39 - [TEST_STEP][PASSED] - return x: null

02-12-2024T07:03:39 - [TEST_STEP][PASSED] - tabB = GetPPlanB(x = b): null

02-12-2024T07:03:39 - [TEST_STEP][PASSED] - i1 = <not implemented yet for class: org.codehaus.groovy.ast.expr.EmptyExpression>: null

02-12-2024T07:03:39 - [TEST_STEP][PASSED] - ii = <not implemented yet for class: org.codehaus.groovy.ast.expr.EmptyExpression>: null

02-12-2024T07:03:39 - [TEST_STEP][PASSED] - for ([ii = 1, ii < 9, (ii++)]): null

02-12-2024T07:03:39 - [TEST_STEP][PASSED] - i1 = x.indexOf("/") + 1: null

02-12-2024T07:03:39 - [TEST_STEP][PASSED] - if (i1 > -1): null

02-12-2024T07:03:39 - [TEST_STEP][PASSED] - x = x.substring(i1, x.length()): null

02-12-2024T07:03:39 - [TEST_STEP][PASSED] - println(x): null

02-12-2024T07:03:39 - [TEST_STEP][PASSED] - i1 = x.indexOf("/") + 1: null

02-12-2024T07:03:39 - [TEST_STEP][PASSED] - if (i1 > -1): null

02-12-2024T07:03:39 - [TEST_STEP][PASSED] - x = x.substring(i1, x.length()): null

02-12-2024T07:03:39 - [TEST_STEP][PASSED] - println(x): null

02-12-2024T07:03:39 - [TEST_STEP][PASSED] - i1 = x.indexOf("/") + 1: null

02-12-2024T07:03:39 - [TEST_STEP][PASSED] - if (i1 > -1): null

02-12-2024T07:03:39 - [TEST_STEP][PASSED] - x = x.substring(i1, x.length()): null

02-12-2024T07:03:39 - [TEST_STEP][PASSED] - println(x): null

02-12-2024T07:03:39 - [TEST_STEP][PASSED] - i1 = x.indexOf("/") + 1: null

02-12-2024T07:03:39 - [TEST_STEP][PASSED] - if (i1 > -1): null

02-12-2024T07:03:39 - [TEST_STEP][PASSED] - x = x.substring(i1, x.length()): null

02-12-2024T07:03:39 - [TEST_STEP][PASSED] - println(x): null

02-12-2024T07:03:39 - [TEST_STEP][PASSED] - i1 = x.indexOf("/") + 1: null

02-12-2024T07:03:39 - [TEST_STEP][PASSED] - if (i1 > -1): null

02-12-2024T07:03:39 - [TEST_STEP][PASSED] - x = x.substring(i1, x.length()): null

02-12-2024T07:03:39 - [TEST_STEP][PASSED] - println(x): null

02-12-2024T07:03:39 - [TEST_STEP][PASSED] - i1 = x.indexOf("/") + 1: null

02-12-2024T07:03:39 - [TEST_STEP][PASSED] - if (i1 > -1): null

02-12-2024T07:03:39 - [TEST_STEP][PASSED] - x = x.substring(i1, x.length()): null

02-12-2024T07:03:39 - [TEST_STEP][PASSED] - println(x): null

02-12-2024T07:03:39 - [TEST_STEP][PASSED] - i1 = x.indexOf("/") + 1: null

02-12-2024T07:03:39 - [TEST_STEP][PASSED] - if (i1 > -1): null

02-12-2024T07:03:39 - [TEST_STEP][PASSED] - x = x.substring(i1, x.length()): null

02-12-2024T07:03:39 - [TEST_STEP][PASSED] - println(x): null

02-12-2024T07:03:39 - [TEST_STEP][PASSED] - i1 = x.indexOf("/") + 1: null

02-12-2024T07:03:39 - [TEST_STEP][PASSED] - if (i1 > -1): null

02-12-2024T07:03:39 - [TEST_STEP][PASSED] - x = x.substring(i1, x.length()): null

02-12-2024T07:03:39 - [TEST_STEP][PASSED] - println(x): null

02-12-2024T07:03:39 - [TEST_STEP][PASSED] - i1 = x.indexOf("/"): null

02-12-2024T07:03:39 - [TEST_STEP][PASSED] - if (i1 > -1): null

02-12-2024T07:03:39 - [TEST_STEP][PASSED] - println(x): null

02-12-2024T07:03:39 - [TEST_STEP][FAILED] - return x: null

02-12-2024T07:03:39 - [TEST_STEP][PASSED] - println(tabR + "/" + tabB): null

02-12-2024T07:03:39 - [TEST_STEP][FAILED] - if (verifyEqual(PercFactR, PercFactB) == false): null

02-12-2024T07:03:39 - [MESSAGE][FAILED] - Unable to verify equal between actual object '5.31' and expected object '7.98' (Root cause: com.kms.katalon.core.exception.StepFailedException: Actual object '5.31' and expected object '7.98' are not equal
	at com.kms.katalon.core.keyword.builtin.VerifyEqualKeyword$_verifyEqual_closure1.doCall(VerifyEqualKeyword.groovy:58)
	at com.kms.katalon.core.keyword.builtin.VerifyEqualKeyword$_verifyEqual_closure1.call(VerifyEqualKeyword.groovy)
	at com.kms.katalon.core.keyword.internal.KeywordMain.runKeyword(KeywordMain.groovy:75)
	at com.kms.katalon.core.keyword.builtin.VerifyEqualKeyword.verifyEqual(VerifyEqualKeyword.groovy:63)
	at com.kms.katalon.core.keyword.builtin.VerifyEqualKeyword.execute(VerifyEqualKeyword.groovy:44)
	at com.kms.katalon.core.keyword.internal.KeywordExecutor.executeKeywordForPlatform(KeywordExecutor.groovy:74)
	at com.kms.katalon.core.keyword.BuiltinKeywords.verifyEqual(BuiltinKeywords.groovy:146)
	at java.base/jdk.internal.reflect.NativeMethodAccessorImpl.invoke0(Native Method)
	at java.base/jdk.internal.reflect.NativeMethodAccessorImpl.invoke(NativeMethodAccessorImpl.java:77)
	at java.base/jdk.internal.reflect.DelegatingMethodAccessorImpl.invoke(DelegatingMethodAccessorImpl.java:43)
	at Выполнение бизнес-плана сверка дашбордов.CompareDZOData(Выполнение бизнес-плана сверка дашбордов:771)
	at Выполнение бизнес-плана сверка дашбордов.run(Выполнение бизнес-плана сверка дашбордов:578)
	at com.kms.katalon.core.main.ScriptEngine.run(ScriptEngine.java:194)
	at com.kms.katalon.core.main.ScriptEngine.runScriptAsRawText(ScriptEngine.java:119)
	at com.kms.katalon.core.main.TestCaseExecutor.runScript(TestCaseExecutor.java:448)
	at com.kms.katalon.core.main.TestCaseExecutor.doExecute(TestCaseExecutor.java:439)
	at com.kms.katalon.core.main.TestCaseExecutor.processExecutionPhase(TestCaseExecutor.java:418)
	at com.kms.katalon.core.main.TestCaseExecutor.accessMainPhase(TestCaseExecutor.java:410)
	at com.kms.katalon.core.main.TestCaseExecutor.execute(TestCaseExecutor.java:285)
	at com.kms.katalon.core.common.CommonExecutor.accessTestCaseMainPhase(CommonExecutor.java:65)
	at com.kms.katalon.core.main.TestSuiteExecutor.accessTestSuiteMainPhase(TestSuiteExecutor.java:150)
	at com.kms.katalon.core.main.TestSuiteExecutor.execute(TestSuiteExecutor.java:106)
	at com.kms.katalon.core.main.TestCaseMain.startTestSuite(TestCaseMain.java:180)
	at TempTestSuite1733111659562.run(TempTestSuite1733111659562.groovy:35)
	at java.base/jdk.internal.reflect.NativeMethodAccessorImpl.invoke0(Native Method)
	at java.base/jdk.internal.reflect.NativeMethodAccessorImpl.invoke(NativeMethodAccessorImpl.java:77)
	at java.base/jdk.internal.reflect.DelegatingMethodAccessorImpl.invoke(DelegatingMethodAccessorImpl.java:43)
)

02-12-2024T07:03:39 - [TEST_STEP][PASSED] - result = WriteToExcel(typeOfData, todaysDate, PercPlanR, PercPlanB, PercFactR, PercFactB, x, tabR, tabB, o1R, o1B, vidget): null

02-12-2024T07:03:39 - [TEST_STEP][PASSED] - iii = dZO.indexOf("/"): null

02-12-2024T07:03:39 - [TEST_STEP][PASSED] - println(iii): null

02-12-2024T07:03:39 - [TEST_STEP][PASSED] - dZO = dZO.substring(0, iii): null

02-12-2024T07:03:39 - [TEST_STEP][PASSED] - println(dZO): null

02-12-2024T07:03:39 - [TEST_STEP][PASSED] - println(PercPlanR): null

02-12-2024T07:03:39 - [TEST_STEP][PASSED] - println(PercPlanB): null

02-12-2024T07:03:39 - [TEST_STEP][PASSED] - println(PercFactR): null

02-12-2024T07:03:39 - [TEST_STEP][PASSED] - println(PercFactB): null

02-12-2024T07:03:39 - [TEST_STEP][PASSED] - println(tabR): null

02-12-2024T07:03:39 - [TEST_STEP][PASSED] - println(tabB): null

02-12-2024T07:03:39 - [TEST_STEP][PASSED] - println(o1R): null

02-12-2024T07:03:39 - [TEST_STEP][PASSED] - println(o1B): null

02-12-2024T07:03:39 - [TEST_STEP][PASSED] - PR = <not implemented yet for class: org.codehaus.groovy.ast.expr.EmptyExpression>: null

02-12-2024T07:03:39 - [TEST_STEP][PASSED] - FR = <not implemented yet for class: org.codehaus.groovy.ast.expr.EmptyExpression>: null

02-12-2024T07:03:39 - [TEST_STEP][PASSED] - PB = <not implemented yet for class: org.codehaus.groovy.ast.expr.EmptyExpression>: null

02-12-2024T07:03:39 - [TEST_STEP][PASSED] - FB = <not implemented yet for class: org.codehaus.groovy.ast.expr.EmptyExpression>: null

02-12-2024T07:03:39 - [TEST_STEP][PASSED] - TR = <not implemented yet for class: org.codehaus.groovy.ast.expr.EmptyExpression>: null

02-12-2024T07:03:39 - [TEST_STEP][PASSED] - TB = <not implemented yet for class: org.codehaus.groovy.ast.expr.EmptyExpression>: null

02-12-2024T07:03:39 - [TEST_STEP][PASSED] - sheetName = "Sheet1": null

02-12-2024T07:03:39 - [TEST_STEP][PASSED] - data = findTestData("PlanFact"): null

02-12-2024T07:03:39 - [TEST_STEP][PASSED] - n = data.getRowNumbers() + 1: null

02-12-2024T07:03:39 - [TEST_STEP][PASSED] - year = todaysDate.substring(todaysDate.length() - 4, todaysDate.length()): null

02-12-2024T07:03:39 - [TEST_STEP][PASSED] - y = year.toInteger(): null

02-12-2024T07:03:39 - [TEST_STEP][PASSED] - m = getText(findTestObject("Выполнение бизнес-плана/Выполнение бизнес-плана Балансы/Фильтр Дата")): Text of object 'Object Repository/Выполнение бизнес-плана/Выполнение бизнес-плана Балансы/Фильтр Дата' is: '1, 2, 3 кв., Октябрь 2024 года'

02-12-2024T07:03:40 - [MESSAGE][PASSED] - Text of object 'Object Repository/Выполнение бизнес-плана/Выполнение бизнес-плана Балансы/Фильтр Дата' is: '1, 2, 3 кв., Октябрь 2024 года'

02-12-2024T07:03:40 - [TEST_STEP][PASSED] - m = m.substring(0, m.indexOf("2024")): null

02-12-2024T07:03:40 - [TEST_STEP][PASSED] - m = m.trim(): null

02-12-2024T07:03:40 - [TEST_STEP][PASSED] - dashboardName = "Выполнение бизнес-плана": null

02-12-2024T07:03:40 - [TEST_STEP][PASSED] - workbook01 = getWorkbook(excelFilePath): null

02-12-2024T07:03:40 - [TEST_STEP][PASSED] - sheet01 = getExcelSheet(workbook01, sheetName): null

02-12-2024T07:03:40 - [TEST_STEP][PASSED] - setValueToCellByIndex(sheet01, n, 0, dashboardName): null

02-12-2024T07:03:40 - [TEST_STEP][PASSED] - setValueToCellByIndex(sheet01, n, 1, dZO): null

02-12-2024T07:03:40 - [TEST_STEP][PASSED] - setValueToCellByIndex(sheet01, n, 2, typeOfData): null

02-12-2024T07:03:40 - [TEST_STEP][PASSED] - setValueToCellByIndex(sheet01, n, 3, typeOfData): null

02-12-2024T07:03:40 - [TEST_STEP][PASSED] - if (typeOfData == "План"): null

02-12-2024T07:03:40 - [TEST_STEP][PASSED] - else if (typeOfData == "Факт"): null

02-12-2024T07:03:40 - [TEST_STEP][PASSED] - else if (vidget.contains("электроэнергии") == true): null

02-12-2024T07:03:40 - [TEST_STEP][PASSED] - if (tabR == null): null

02-12-2024T07:03:40 - [TEST_STEP][PASSED] - else: null

02-12-2024T07:03:40 - [TEST_STEP][PASSED] - if (tabR == "нет данных"): null

02-12-2024T07:03:40 - [TEST_STEP][PASSED] - else: null

02-12-2024T07:03:40 - [TEST_STEP][PASSED] - TR = tabR.toInteger(): null

02-12-2024T07:03:40 - [TEST_STEP][PASSED] - setValueToCellByIndex(sheet01, n, 4, TR): null

02-12-2024T07:03:40 - [TEST_STEP][PASSED] - if (tabB == null): null

02-12-2024T07:03:40 - [TEST_STEP][PASSED] - else: null

02-12-2024T07:03:40 - [TEST_STEP][PASSED] - if (tabB == "нет данных"): null

02-12-2024T07:03:40 - [TEST_STEP][PASSED] - else: null

02-12-2024T07:03:40 - [TEST_STEP][PASSED] - TB = tabB.toInteger(): null

02-12-2024T07:03:40 - [TEST_STEP][PASSED] - setValueToCellByIndex(sheet01, n, 5, TB): null

02-12-2024T07:03:40 - [TEST_STEP][PASSED] - setValueToCellByIndex(sheet01, n, 6, m): null

02-12-2024T07:03:40 - [TEST_STEP][PASSED] - setValueToCellByIndex(sheet01, n, 7, y): null

02-12-2024T07:03:40 - [TEST_STEP][PASSED] - setValueToCellByIndex(sheet01, n, 8, todaysDate): null

02-12-2024T07:03:40 - [TEST_STEP][PASSED] - n = n + 1: null

02-12-2024T07:03:40 - [TEST_STEP][FAILED] - saveWorkbook(excelFilePath, workbook01): null

02-12-2024T07:03:40 - [TEST_STEP][PASSED] - ii2 = a.indexOf("ПАО"): null

02-12-2024T07:03:40 - [TEST_STEP][PASSED] - if (ii2 == -1): null

02-12-2024T07:03:40 - [TEST_STEP][FAILED] - if (verifyEqual(fR, fB) == false): null

02-12-2024T07:03:40 - [MESSAGE][FAILED] - Unable to verify equal between actual object 'Россети ФСК ЕЭС/нет данных/нет данных/нет данных/нет данных/нет данных/нет данных/нет данных/нет данных/нет данных' and expected object 'Россети ФСК ЕЭС/3.86/3.65/515451879/497290886/18160993/500569809/481951765/18618044/-0.21' (Root cause: com.kms.katalon.core.exception.StepFailedException: Actual object 'Россети ФСК ЕЭС/нет данных/нет данных/нет данных/нет данных/нет данных/нет данных/нет данных/нет данных/нет данных' and expected object 'Россети ФСК ЕЭС/3.86/3.65/515451879/497290886/18160993/500569809/481951765/18618044/-0.21' are not equal
	at com.kms.katalon.core.keyword.builtin.VerifyEqualKeyword$_verifyEqual_closure1.doCall(VerifyEqualKeyword.groovy:58)
	at com.kms.katalon.core.keyword.builtin.VerifyEqualKeyword$_verifyEqual_closure1.call(VerifyEqualKeyword.groovy)
	at com.kms.katalon.core.keyword.internal.KeywordMain.runKeyword(KeywordMain.groovy:75)
	at com.kms.katalon.core.keyword.builtin.VerifyEqualKeyword.verifyEqual(VerifyEqualKeyword.groovy:63)
	at com.kms.katalon.core.keyword.builtin.VerifyEqualKeyword.execute(VerifyEqualKeyword.groovy:44)
	at com.kms.katalon.core.keyword.internal.KeywordExecutor.executeKeywordForPlatform(KeywordExecutor.groovy:74)
	at com.kms.katalon.core.keyword.BuiltinKeywords.verifyEqual(BuiltinKeywords.groovy:146)
	at java.base/jdk.internal.reflect.NativeMethodAccessorImpl.invoke0(Native Method)
	at java.base/jdk.internal.reflect.NativeMethodAccessorImpl.invoke(NativeMethodAccessorImpl.java:77)
	at java.base/jdk.internal.reflect.DelegatingMethodAccessorImpl.invoke(DelegatingMethodAccessorImpl.java:43)
	at Выполнение бизнес-плана сверка дашбордов.run(Выполнение бизнес-плана сверка дашбордов:582)
	at com.kms.katalon.core.main.ScriptEngine.run(ScriptEngine.java:194)
	at com.kms.katalon.core.main.ScriptEngine.runScriptAsRawText(ScriptEngine.java:119)
	at com.kms.katalon.core.main.TestCaseExecutor.runScript(TestCaseExecutor.java:448)
	at com.kms.katalon.core.main.TestCaseExecutor.doExecute(TestCaseExecutor.java:439)
	at com.kms.katalon.core.main.TestCaseExecutor.processExecutionPhase(TestCaseExecutor.java:418)
	at com.kms.katalon.core.main.TestCaseExecutor.accessMainPhase(TestCaseExecutor.java:410)
	at com.kms.katalon.core.main.TestCaseExecutor.execute(TestCaseExecutor.java:285)
	at com.kms.katalon.core.common.CommonExecutor.accessTestCaseMainPhase(CommonExecutor.java:65)
	at com.kms.katalon.core.main.TestSuiteExecutor.accessTestSuiteMainPhase(TestSuiteExecutor.java:150)
	at com.kms.katalon.core.main.TestSuiteExecutor.execute(TestSuiteExecutor.java:106)
	at com.kms.katalon.core.main.TestCaseMain.startTestSuite(TestCaseMain.java:180)
	at TempTestSuite1733111659562.run(TempTestSuite1733111659562.groovy:35)
	at java.base/jdk.internal.reflect.NativeMethodAccessorImpl.invoke0(Native Method)
	at java.base/jdk.internal.reflect.NativeMethodAccessorImpl.invoke(NativeMethodAccessorImpl.java:77)
	at java.base/jdk.internal.reflect.DelegatingMethodAccessorImpl.invoke(DelegatingMethodAccessorImpl.java:43)
)

02-12-2024T07:03:40 - [TEST_STEP][PASSED] - result = CompareDZOData(a = fR, b = fB, dZO, typeOfData, PercPlanR, PercPlanB, PercFactR, PercFactB, todaysDate, x, vidget, tabR, tabB, o1R, o1B): null

02-12-2024T07:03:40 - [TEST_STEP][PASSED] - ii2 = <not implemented yet for class: org.codehaus.groovy.ast.expr.EmptyExpression>: null

02-12-2024T07:03:40 - [TEST_STEP][FAILED] - if (verifyEqual(a, b) == false): null

02-12-2024T07:03:40 - [MESSAGE][FAILED] - Unable to verify equal between actual object 'Россети ФСК ЕЭС/нет данных/нет данных/нет данных/нет данных/нет данных/нет данных/нет данных/нет данных/нет данных' and expected object 'Россети ФСК ЕЭС/3.86/3.65/515451879/497290886/18160993/500569809/481951765/18618044/-0.21' (Root cause: com.kms.katalon.core.exception.StepFailedException: Actual object 'Россети ФСК ЕЭС/нет данных/нет данных/нет данных/нет данных/нет данных/нет данных/нет данных/нет данных/нет данных' and expected object 'Россети ФСК ЕЭС/3.86/3.65/515451879/497290886/18160993/500569809/481951765/18618044/-0.21' are not equal
	at com.kms.katalon.core.keyword.builtin.VerifyEqualKeyword$_verifyEqual_closure1.doCall(VerifyEqualKeyword.groovy:58)
	at com.kms.katalon.core.keyword.builtin.VerifyEqualKeyword$_verifyEqual_closure1.call(VerifyEqualKeyword.groovy)
	at com.kms.katalon.core.keyword.internal.KeywordMain.runKeyword(KeywordMain.groovy:75)
	at com.kms.katalon.core.keyword.builtin.VerifyEqualKeyword.verifyEqual(VerifyEqualKeyword.groovy:63)
	at com.kms.katalon.core.keyword.builtin.VerifyEqualKeyword.execute(VerifyEqualKeyword.groovy:44)
	at com.kms.katalon.core.keyword.internal.KeywordExecutor.executeKeywordForPlatform(KeywordExecutor.groovy:74)
	at com.kms.katalon.core.keyword.BuiltinKeywords.verifyEqual(BuiltinKeywords.groovy:146)
	at java.base/jdk.internal.reflect.NativeMethodAccessorImpl.invoke0(Native Method)
	at java.base/jdk.internal.reflect.NativeMethodAccessorImpl.invoke(NativeMethodAccessorImpl.java:77)
	at java.base/jdk.internal.reflect.DelegatingMethodAccessorImpl.invoke(DelegatingMethodAccessorImpl.java:43)
	at Выполнение бизнес-плана сверка дашбордов.CompareDZOData(Выполнение бизнес-плана сверка дашбордов:673)
	at Выполнение бизнес-плана сверка дашбордов.run(Выполнение бизнес-плана сверка дашбордов:583)
	at com.kms.katalon.core.main.ScriptEngine.run(ScriptEngine.java:194)
	at com.kms.katalon.core.main.ScriptEngine.runScriptAsRawText(ScriptEngine.java:119)
	at com.kms.katalon.core.main.TestCaseExecutor.runScript(TestCaseExecutor.java:448)
	at com.kms.katalon.core.main.TestCaseExecutor.doExecute(TestCaseExecutor.java:439)
	at com.kms.katalon.core.main.TestCaseExecutor.processExecutionPhase(TestCaseExecutor.java:418)
	at com.kms.katalon.core.main.TestCaseExecutor.accessMainPhase(TestCaseExecutor.java:410)
	at com.kms.katalon.core.main.TestCaseExecutor.execute(TestCaseExecutor.java:285)
	at com.kms.katalon.core.common.CommonExecutor.accessTestCaseMainPhase(CommonExecutor.java:65)
	at com.kms.katalon.core.main.TestSuiteExecutor.accessTestSuiteMainPhase(TestSuiteExecutor.java:150)
	at com.kms.katalon.core.main.TestSuiteExecutor.execute(TestSuiteExecutor.java:106)
	at com.kms.katalon.core.main.TestCaseMain.startTestSuite(TestCaseMain.java:180)
	at TempTestSuite1733111659562.run(TempTestSuite1733111659562.groovy:35)
	at java.base/jdk.internal.reflect.NativeMethodAccessorImpl.invoke0(Native Method)
	at java.base/jdk.internal.reflect.NativeMethodAccessorImpl.invoke(NativeMethodAccessorImpl.java:77)
	at java.base/jdk.internal.reflect.DelegatingMethodAccessorImpl.invoke(DelegatingMethodAccessorImpl.java:43)
)

02-12-2024T07:03:40 - [TEST_STEP][PASSED] - vidget = "Уровень потерь электроэнергии": null

02-12-2024T07:03:40 - [TEST_STEP][PASSED] - typeOfData = "План": null

02-12-2024T07:03:40 - [TEST_STEP][PASSED] - PercPlanR = GetPercPlanR(x = a): null

02-12-2024T07:03:40 - [TEST_STEP][PASSED] - i1 = <not implemented yet for class: org.codehaus.groovy.ast.expr.EmptyExpression>: null

02-12-2024T07:03:40 - [TEST_STEP][PASSED] - i1 = x.indexOf("/") + 1: null

02-12-2024T07:03:40 - [TEST_STEP][PASSED] - if (i1 > -1): null

02-12-2024T07:03:40 - [TEST_STEP][PASSED] - x = x.substring(i1, x.length()): null

02-12-2024T07:03:40 - [TEST_STEP][PASSED] - i1 = x.indexOf("/"): null

02-12-2024T07:03:40 - [TEST_STEP][PASSED] - if (i1 > -1): null

02-12-2024T07:03:40 - [TEST_STEP][PASSED] - x = x.substring(0, i1): null

02-12-2024T07:03:40 - [TEST_STEP][PASSED] - return x: null

02-12-2024T07:03:40 - [TEST_STEP][PASSED] - PercPlanB = GetPercPlanB(x = b): null

02-12-2024T07:03:40 - [TEST_STEP][PASSED] - i1 = <not implemented yet for class: org.codehaus.groovy.ast.expr.EmptyExpression>: null

02-12-2024T07:03:40 - [TEST_STEP][PASSED] - i1 = x.indexOf("/") + 1: null

02-12-2024T07:03:40 - [TEST_STEP][PASSED] - if (i1 > -1): null

02-12-2024T07:03:40 - [TEST_STEP][PASSED] - x = x.substring(i1, x.length()): null

02-12-2024T07:03:40 - [TEST_STEP][PASSED] - i1 = x.indexOf("/"): null

02-12-2024T07:03:40 - [TEST_STEP][PASSED] - if (i1 > -1): null

02-12-2024T07:03:40 - [TEST_STEP][PASSED] - x = x.substring(0, i1): null

02-12-2024T07:03:40 - [TEST_STEP][FAILED] - return x: null

02-12-2024T07:03:40 - [TEST_STEP][FAILED] - if (verifyEqual(PercPlanR, PercPlanB) == false): null

02-12-2024T07:03:40 - [MESSAGE][FAILED] - Unable to verify equal between actual object 'нет данных' and expected object '3.86' (Root cause: com.kms.katalon.core.exception.StepFailedException: Actual object 'нет данных' and expected object '3.86' are not equal
	at com.kms.katalon.core.keyword.builtin.VerifyEqualKeyword$_verifyEqual_closure1.doCall(VerifyEqualKeyword.groovy:58)
	at com.kms.katalon.core.keyword.builtin.VerifyEqualKeyword$_verifyEqual_closure1.call(VerifyEqualKeyword.groovy)
	at com.kms.katalon.core.keyword.internal.KeywordMain.runKeyword(KeywordMain.groovy:75)
	at com.kms.katalon.core.keyword.builtin.VerifyEqualKeyword.verifyEqual(VerifyEqualKeyword.groovy:63)
	at com.kms.katalon.core.keyword.builtin.VerifyEqualKeyword.execute(VerifyEqualKeyword.groovy:44)
	at com.kms.katalon.core.keyword.internal.KeywordExecutor.executeKeywordForPlatform(KeywordExecutor.groovy:74)
	at com.kms.katalon.core.keyword.BuiltinKeywords.verifyEqual(BuiltinKeywords.groovy:146)
	at java.base/jdk.internal.reflect.NativeMethodAccessorImpl.invoke0(Native Method)
	at java.base/jdk.internal.reflect.NativeMethodAccessorImpl.invoke(NativeMethodAccessorImpl.java:77)
	at java.base/jdk.internal.reflect.DelegatingMethodAccessorImpl.invoke(DelegatingMethodAccessorImpl.java:43)
	at Выполнение бизнес-плана сверка дашбордов.CompareDZOData(Выполнение бизнес-плана сверка дашбордов:682)
	at Выполнение бизнес-плана сверка дашбордов.run(Выполнение бизнес-плана сверка дашбордов:583)
	at com.kms.katalon.core.main.ScriptEngine.run(ScriptEngine.java:194)
	at com.kms.katalon.core.main.ScriptEngine.runScriptAsRawText(ScriptEngine.java:119)
	at com.kms.katalon.core.main.TestCaseExecutor.runScript(TestCaseExecutor.java:448)
	at com.kms.katalon.core.main.TestCaseExecutor.doExecute(TestCaseExecutor.java:439)
	at com.kms.katalon.core.main.TestCaseExecutor.processExecutionPhase(TestCaseExecutor.java:418)
	at com.kms.katalon.core.main.TestCaseExecutor.accessMainPhase(TestCaseExecutor.java:410)
	at com.kms.katalon.core.main.TestCaseExecutor.execute(TestCaseExecutor.java:285)
	at com.kms.katalon.core.common.CommonExecutor.accessTestCaseMainPhase(CommonExecutor.java:65)
	at com.kms.katalon.core.main.TestSuiteExecutor.accessTestSuiteMainPhase(TestSuiteExecutor.java:150)
	at com.kms.katalon.core.main.TestSuiteExecutor.execute(TestSuiteExecutor.java:106)
	at com.kms.katalon.core.main.TestCaseMain.startTestSuite(TestCaseMain.java:180)
	at TempTestSuite1733111659562.run(TempTestSuite1733111659562.groovy:35)
	at java.base/jdk.internal.reflect.NativeMethodAccessorImpl.invoke0(Native Method)
	at java.base/jdk.internal.reflect.NativeMethodAccessorImpl.invoke(NativeMethodAccessorImpl.java:77)
	at java.base/jdk.internal.reflect.DelegatingMethodAccessorImpl.invoke(DelegatingMethodAccessorImpl.java:43)
)

02-12-2024T07:03:40 - [TEST_STEP][PASSED] - result = WriteToExcel(typeOfData, todaysDate, PercPlanR, PercPlanB, PercFactR, PercFactB, x, tabR, tabB, o1R, o1B, vidget): null

02-12-2024T07:03:40 - [TEST_STEP][PASSED] - iii = dZO.indexOf("/"): null

02-12-2024T07:03:40 - [TEST_STEP][PASSED] - println(iii): null

02-12-2024T07:03:40 - [TEST_STEP][PASSED] - dZO = dZO.substring(0, iii): null

02-12-2024T07:03:40 - [TEST_STEP][PASSED] - println(dZO): null

02-12-2024T07:03:40 - [TEST_STEP][PASSED] - println(PercPlanR): null

02-12-2024T07:03:40 - [TEST_STEP][PASSED] - println(PercPlanB): null

02-12-2024T07:03:40 - [TEST_STEP][PASSED] - println(PercFactR): null

02-12-2024T07:03:40 - [TEST_STEP][PASSED] - println(PercFactB): null

02-12-2024T07:03:40 - [TEST_STEP][PASSED] - println(tabR): null

02-12-2024T07:03:40 - [TEST_STEP][PASSED] - println(tabB): null

02-12-2024T07:03:40 - [TEST_STEP][PASSED] - println(o1R): null

02-12-2024T07:03:40 - [TEST_STEP][PASSED] - println(o1B): null

02-12-2024T07:03:40 - [TEST_STEP][PASSED] - PR = <not implemented yet for class: org.codehaus.groovy.ast.expr.EmptyExpression>: null

02-12-2024T07:03:40 - [TEST_STEP][PASSED] - FR = <not implemented yet for class: org.codehaus.groovy.ast.expr.EmptyExpression>: null

02-12-2024T07:03:40 - [TEST_STEP][PASSED] - PB = <not implemented yet for class: org.codehaus.groovy.ast.expr.EmptyExpression>: null

02-12-2024T07:03:40 - [TEST_STEP][PASSED] - FB = <not implemented yet for class: org.codehaus.groovy.ast.expr.EmptyExpression>: null

02-12-2024T07:03:40 - [TEST_STEP][PASSED] - TR = <not implemented yet for class: org.codehaus.groovy.ast.expr.EmptyExpression>: null

02-12-2024T07:03:40 - [TEST_STEP][PASSED] - TB = <not implemented yet for class: org.codehaus.groovy.ast.expr.EmptyExpression>: null

02-12-2024T07:03:40 - [TEST_STEP][PASSED] - sheetName = "Sheet1": null

02-12-2024T07:03:40 - [TEST_STEP][PASSED] - data = findTestData("PlanFact"): null

02-12-2024T07:03:40 - [TEST_STEP][PASSED] - n = data.getRowNumbers() + 1: null

02-12-2024T07:03:40 - [TEST_STEP][PASSED] - year = todaysDate.substring(todaysDate.length() - 4, todaysDate.length()): null

02-12-2024T07:03:40 - [TEST_STEP][PASSED] - y = year.toInteger(): null

02-12-2024T07:03:40 - [TEST_STEP][PASSED] - m = getText(findTestObject("Выполнение бизнес-плана/Выполнение бизнес-плана Балансы/Фильтр Дата")): Text of object 'Object Repository/Выполнение бизнес-плана/Выполнение бизнес-плана Балансы/Фильтр Дата' is: '1, 2, 3 кв., Октябрь 2024 года'

02-12-2024T07:03:41 - [MESSAGE][PASSED] - Text of object 'Object Repository/Выполнение бизнес-плана/Выполнение бизнес-плана Балансы/Фильтр Дата' is: '1, 2, 3 кв., Октябрь 2024 года'

02-12-2024T07:03:41 - [TEST_STEP][PASSED] - m = m.substring(0, m.indexOf("2024")): null

02-12-2024T07:03:41 - [TEST_STEP][PASSED] - m = m.trim(): null

02-12-2024T07:03:41 - [TEST_STEP][PASSED] - dashboardName = "Выполнение бизнес-плана": null

02-12-2024T07:03:41 - [TEST_STEP][PASSED] - workbook01 = getWorkbook(excelFilePath): null

02-12-2024T07:03:41 - [TEST_STEP][PASSED] - sheet01 = getExcelSheet(workbook01, sheetName): null

02-12-2024T07:03:41 - [TEST_STEP][PASSED] - setValueToCellByIndex(sheet01, n, 0, dashboardName): null

02-12-2024T07:03:41 - [TEST_STEP][PASSED] - setValueToCellByIndex(sheet01, n, 1, dZO): null

02-12-2024T07:03:41 - [TEST_STEP][PASSED] - setValueToCellByIndex(sheet01, n, 2, typeOfData): null

02-12-2024T07:03:41 - [TEST_STEP][PASSED] - setValueToCellByIndex(sheet01, n, 3, typeOfData): null

02-12-2024T07:03:41 - [TEST_STEP][PASSED] - if (typeOfData == "План"): null

02-12-2024T07:03:41 - [TEST_STEP][PASSED] - if (PercPlanR == null): null

02-12-2024T07:03:41 - [TEST_STEP][PASSED] - else: null

02-12-2024T07:03:41 - [TEST_STEP][PASSED] - if (PercPlanR == "нет данных"): null

02-12-2024T07:03:41 - [TEST_STEP][PASSED] - setValueToCellByIndex(sheet01, n, 4, "нет данных"): null

02-12-2024T07:03:41 - [TEST_STEP][PASSED] - if (PercPlanB == null): null

02-12-2024T07:03:41 - [TEST_STEP][PASSED] - else: null

02-12-2024T07:03:41 - [TEST_STEP][PASSED] - if (PercPlanB == "нет данных"): null

02-12-2024T07:03:41 - [TEST_STEP][PASSED] - else: null

02-12-2024T07:03:41 - [TEST_STEP][PASSED] - PB = PercPlanB.toDouble(): null

02-12-2024T07:03:41 - [TEST_STEP][PASSED] - setValueToCellByIndex(sheet01, n, 5, PB): null

02-12-2024T07:03:41 - [TEST_STEP][PASSED] - setValueToCellByIndex(sheet01, n, 6, m): null

02-12-2024T07:03:41 - [TEST_STEP][PASSED] - setValueToCellByIndex(sheet01, n, 7, y): null

02-12-2024T07:03:41 - [TEST_STEP][PASSED] - setValueToCellByIndex(sheet01, n, 8, todaysDate): null

02-12-2024T07:03:41 - [TEST_STEP][PASSED] - n = n + 1: null

02-12-2024T07:03:41 - [TEST_STEP][PASSED] - saveWorkbook(excelFilePath, workbook01): null

02-12-2024T07:03:41 - [TEST_STEP][PASSED] - typeOfData = "Факт": null

02-12-2024T07:03:41 - [TEST_STEP][PASSED] - PercFactR = GetPercFactR(x = a): null

02-12-2024T07:03:41 - [TEST_STEP][PASSED] - i1 = <not implemented yet for class: org.codehaus.groovy.ast.expr.EmptyExpression>: null

02-12-2024T07:03:41 - [TEST_STEP][PASSED] - ii = <not implemented yet for class: org.codehaus.groovy.ast.expr.EmptyExpression>: null

02-12-2024T07:03:41 - [TEST_STEP][PASSED] - for ([ii = 1, ii < 3, (ii++)]): null

02-12-2024T07:03:41 - [TEST_STEP][PASSED] - i1 = x.indexOf("/") + 1: null

02-12-2024T07:03:41 - [TEST_STEP][PASSED] - if (i1 > -1): null

02-12-2024T07:03:41 - [TEST_STEP][PASSED] - x = x.substring(i1, x.length()): null

02-12-2024T07:03:41 - [TEST_STEP][PASSED] - println(x): null

02-12-2024T07:03:41 - [TEST_STEP][PASSED] - i1 = x.indexOf("/") + 1: null

02-12-2024T07:03:41 - [TEST_STEP][PASSED] - if (i1 > -1): null

02-12-2024T07:03:41 - [TEST_STEP][PASSED] - x = x.substring(i1, x.length()): null

02-12-2024T07:03:41 - [TEST_STEP][PASSED] - println(x): null

02-12-2024T07:03:41 - [TEST_STEP][PASSED] - i1 = x.indexOf("/"): null

02-12-2024T07:03:41 - [TEST_STEP][PASSED] - if (i1 > -1): null

02-12-2024T07:03:41 - [TEST_STEP][PASSED] - x = x.substring(0, i1): null

02-12-2024T07:03:41 - [TEST_STEP][PASSED] - println(x): null

02-12-2024T07:03:41 - [TEST_STEP][PASSED] - return x: null

02-12-2024T07:03:41 - [TEST_STEP][PASSED] - PercFactB = GetPercFactB(x = b): null

02-12-2024T07:03:41 - [TEST_STEP][PASSED] - i1 = <not implemented yet for class: org.codehaus.groovy.ast.expr.EmptyExpression>: null

02-12-2024T07:03:41 - [TEST_STEP][PASSED] - ii = <not implemented yet for class: org.codehaus.groovy.ast.expr.EmptyExpression>: null

02-12-2024T07:03:41 - [TEST_STEP][PASSED] - for ([ii = 1, ii < 3, (ii++)]): null

02-12-2024T07:03:41 - [TEST_STEP][PASSED] - i1 = x.indexOf("/") + 1: null

02-12-2024T07:03:41 - [TEST_STEP][PASSED] - if (i1 > -1): null

02-12-2024T07:03:41 - [TEST_STEP][PASSED] - x = x.substring(i1, x.length()): null

02-12-2024T07:03:41 - [TEST_STEP][PASSED] - println(x): null

02-12-2024T07:03:41 - [TEST_STEP][PASSED] - i1 = x.indexOf("/") + 1: null

02-12-2024T07:03:41 - [TEST_STEP][PASSED] - if (i1 > -1): null

02-12-2024T07:03:41 - [TEST_STEP][PASSED] - x = x.substring(i1, x.length()): null

02-12-2024T07:03:41 - [TEST_STEP][PASSED] - println(x): null

02-12-2024T07:03:41 - [TEST_STEP][PASSED] - i1 = x.indexOf("/"): null

02-12-2024T07:03:41 - [TEST_STEP][PASSED] - if (i1 > -1): null

02-12-2024T07:03:41 - [TEST_STEP][PASSED] - x = x.substring(0, i1): null

02-12-2024T07:03:41 - [TEST_STEP][PASSED] - println(x): null

02-12-2024T07:03:41 - [TEST_STEP][FAILED] - return x: null

02-12-2024T07:03:41 - [TEST_STEP][FAILED] - if (verifyEqual(PercFactR, PercFactB) == false): null

02-12-2024T07:03:41 - [MESSAGE][FAILED] - Unable to verify equal between actual object 'нет данных' and expected object '3.65' (Root cause: com.kms.katalon.core.exception.StepFailedException: Actual object 'нет данных' and expected object '3.65' are not equal
	at com.kms.katalon.core.keyword.builtin.VerifyEqualKeyword$_verifyEqual_closure1.doCall(VerifyEqualKeyword.groovy:58)
	at com.kms.katalon.core.keyword.builtin.VerifyEqualKeyword$_verifyEqual_closure1.call(VerifyEqualKeyword.groovy)
	at com.kms.katalon.core.keyword.internal.KeywordMain.runKeyword(KeywordMain.groovy:75)
	at com.kms.katalon.core.keyword.builtin.VerifyEqualKeyword.verifyEqual(VerifyEqualKeyword.groovy:63)
	at com.kms.katalon.core.keyword.builtin.VerifyEqualKeyword.execute(VerifyEqualKeyword.groovy:44)
	at com.kms.katalon.core.keyword.internal.KeywordExecutor.executeKeywordForPlatform(KeywordExecutor.groovy:74)
	at com.kms.katalon.core.keyword.BuiltinKeywords.verifyEqual(BuiltinKeywords.groovy:146)
	at java.base/jdk.internal.reflect.NativeMethodAccessorImpl.invoke0(Native Method)
	at java.base/jdk.internal.reflect.NativeMethodAccessorImpl.invoke(NativeMethodAccessorImpl.java:77)
	at java.base/jdk.internal.reflect.DelegatingMethodAccessorImpl.invoke(DelegatingMethodAccessorImpl.java:43)
	at Выполнение бизнес-плана сверка дашбордов.CompareDZOData(Выполнение бизнес-плана сверка дашбордов:693)
	at Выполнение бизнес-плана сверка дашбордов.run(Выполнение бизнес-плана сверка дашбордов:583)
	at com.kms.katalon.core.main.ScriptEngine.run(ScriptEngine.java:194)
	at com.kms.katalon.core.main.ScriptEngine.runScriptAsRawText(ScriptEngine.java:119)
	at com.kms.katalon.core.main.TestCaseExecutor.runScript(TestCaseExecutor.java:448)
	at com.kms.katalon.core.main.TestCaseExecutor.doExecute(TestCaseExecutor.java:439)
	at com.kms.katalon.core.main.TestCaseExecutor.processExecutionPhase(TestCaseExecutor.java:418)
	at com.kms.katalon.core.main.TestCaseExecutor.accessMainPhase(TestCaseExecutor.java:410)
	at com.kms.katalon.core.main.TestCaseExecutor.execute(TestCaseExecutor.java:285)
	at com.kms.katalon.core.common.CommonExecutor.accessTestCaseMainPhase(CommonExecutor.java:65)
	at com.kms.katalon.core.main.TestSuiteExecutor.accessTestSuiteMainPhase(TestSuiteExecutor.java:150)
	at com.kms.katalon.core.main.TestSuiteExecutor.execute(TestSuiteExecutor.java:106)
	at com.kms.katalon.core.main.TestCaseMain.startTestSuite(TestCaseMain.java:180)
	at TempTestSuite1733111659562.run(TempTestSuite1733111659562.groovy:35)
	at java.base/jdk.internal.reflect.NativeMethodAccessorImpl.invoke0(Native Method)
	at java.base/jdk.internal.reflect.NativeMethodAccessorImpl.invoke(NativeMethodAccessorImpl.java:77)
	at java.base/jdk.internal.reflect.DelegatingMethodAccessorImpl.invoke(DelegatingMethodAccessorImpl.java:43)
)

02-12-2024T07:03:41 - [TEST_STEP][PASSED] - result = WriteToExcel(typeOfData, todaysDate, PercPlanR, PercPlanB, PercFactR, PercFactB, x, tabR, tabB, o1R, o1B, vidget): null

02-12-2024T07:03:41 - [TEST_STEP][PASSED] - iii = dZO.indexOf("/"): null

02-12-2024T07:03:41 - [TEST_STEP][PASSED] - println(iii): null

02-12-2024T07:03:41 - [TEST_STEP][PASSED] - dZO = dZO.substring(0, iii): null

02-12-2024T07:03:41 - [TEST_STEP][PASSED] - println(dZO): null

02-12-2024T07:03:41 - [TEST_STEP][PASSED] - println(PercPlanR): null

02-12-2024T07:03:41 - [TEST_STEP][PASSED] - println(PercPlanB): null

02-12-2024T07:03:41 - [TEST_STEP][PASSED] - println(PercFactR): null

02-12-2024T07:03:41 - [TEST_STEP][PASSED] - println(PercFactB): null

02-12-2024T07:03:41 - [TEST_STEP][PASSED] - println(tabR): null

02-12-2024T07:03:41 - [TEST_STEP][PASSED] - println(tabB): null

02-12-2024T07:03:41 - [TEST_STEP][PASSED] - println(o1R): null

02-12-2024T07:03:41 - [TEST_STEP][PASSED] - println(o1B): null

02-12-2024T07:03:41 - [TEST_STEP][PASSED] - PR = <not implemented yet for class: org.codehaus.groovy.ast.expr.EmptyExpression>: null

02-12-2024T07:03:41 - [TEST_STEP][PASSED] - FR = <not implemented yet for class: org.codehaus.groovy.ast.expr.EmptyExpression>: null

02-12-2024T07:03:41 - [TEST_STEP][PASSED] - PB = <not implemented yet for class: org.codehaus.groovy.ast.expr.EmptyExpression>: null

02-12-2024T07:03:41 - [TEST_STEP][PASSED] - FB = <not implemented yet for class: org.codehaus.groovy.ast.expr.EmptyExpression>: null

02-12-2024T07:03:41 - [TEST_STEP][PASSED] - TR = <not implemented yet for class: org.codehaus.groovy.ast.expr.EmptyExpression>: null

02-12-2024T07:03:41 - [TEST_STEP][PASSED] - TB = <not implemented yet for class: org.codehaus.groovy.ast.expr.EmptyExpression>: null

02-12-2024T07:03:41 - [TEST_STEP][PASSED] - sheetName = "Sheet1": null

02-12-2024T07:03:41 - [TEST_STEP][PASSED] - data = findTestData("PlanFact"): null

02-12-2024T07:03:41 - [TEST_STEP][PASSED] - n = data.getRowNumbers() + 1: null

02-12-2024T07:03:41 - [TEST_STEP][PASSED] - year = todaysDate.substring(todaysDate.length() - 4, todaysDate.length()): null

02-12-2024T07:03:41 - [TEST_STEP][PASSED] - y = year.toInteger(): null

02-12-2024T07:03:41 - [TEST_STEP][PASSED] - m = getText(findTestObject("Выполнение бизнес-плана/Выполнение бизнес-плана Балансы/Фильтр Дата")): Text of object 'Object Repository/Выполнение бизнес-плана/Выполнение бизнес-плана Балансы/Фильтр Дата' is: '1, 2, 3 кв., Октябрь 2024 года'

02-12-2024T07:03:41 - [MESSAGE][PASSED] - Text of object 'Object Repository/Выполнение бизнес-плана/Выполнение бизнес-плана Балансы/Фильтр Дата' is: '1, 2, 3 кв., Октябрь 2024 года'

02-12-2024T07:03:41 - [TEST_STEP][PASSED] - m = m.substring(0, m.indexOf("2024")): null

02-12-2024T07:03:41 - [TEST_STEP][PASSED] - m = m.trim(): null

02-12-2024T07:03:41 - [TEST_STEP][PASSED] - dashboardName = "Выполнение бизнес-плана": null

02-12-2024T07:03:41 - [TEST_STEP][PASSED] - workbook01 = getWorkbook(excelFilePath): null

02-12-2024T07:03:41 - [TEST_STEP][PASSED] - sheet01 = getExcelSheet(workbook01, sheetName): null

02-12-2024T07:03:41 - [TEST_STEP][PASSED] - setValueToCellByIndex(sheet01, n, 0, dashboardName): null

02-12-2024T07:03:41 - [TEST_STEP][PASSED] - setValueToCellByIndex(sheet01, n, 1, dZO): null

02-12-2024T07:03:41 - [TEST_STEP][PASSED] - setValueToCellByIndex(sheet01, n, 2, typeOfData): null

02-12-2024T07:03:41 - [TEST_STEP][PASSED] - setValueToCellByIndex(sheet01, n, 3, typeOfData): null

02-12-2024T07:03:41 - [TEST_STEP][PASSED] - if (typeOfData == "План"): null

02-12-2024T07:03:41 - [TEST_STEP][PASSED] - else if (typeOfData == "Факт"): null

02-12-2024T07:03:41 - [TEST_STEP][PASSED] - if (PercFactR == null): null

02-12-2024T07:03:41 - [TEST_STEP][PASSED] - else: null

02-12-2024T07:03:41 - [TEST_STEP][PASSED] - if (PercFactR == "нет данных"): null

02-12-2024T07:03:41 - [TEST_STEP][PASSED] - setValueToCellByIndex(sheet01, n, 4, "нет данных"): null

02-12-2024T07:03:41 - [TEST_STEP][PASSED] - if (PercFactB == null): null

02-12-2024T07:03:41 - [TEST_STEP][PASSED] - else: null

02-12-2024T07:03:41 - [TEST_STEP][PASSED] - if (PercFactB == "нет данных"): null

02-12-2024T07:03:41 - [TEST_STEP][PASSED] - else: null

02-12-2024T07:03:41 - [TEST_STEP][PASSED] - FB = PercFactB.toDouble(): null

02-12-2024T07:03:41 - [TEST_STEP][PASSED] - setValueToCellByIndex(sheet01, n, 5, FB): null

02-12-2024T07:03:41 - [TEST_STEP][PASSED] - setValueToCellByIndex(sheet01, n, 6, m): null

02-12-2024T07:03:41 - [TEST_STEP][PASSED] - setValueToCellByIndex(sheet01, n, 7, y): null

02-12-2024T07:03:41 - [TEST_STEP][PASSED] - setValueToCellByIndex(sheet01, n, 8, todaysDate): null

02-12-2024T07:03:41 - [TEST_STEP][PASSED] - n = n + 1: null

02-12-2024T07:03:41 - [TEST_STEP][PASSED] - saveWorkbook(excelFilePath, workbook01): null

02-12-2024T07:03:42 - [TEST_STEP][PASSED] - vidget = "Показатели баланса электроэнергии по ДЗО – Факт": null

02-12-2024T07:03:42 - [TEST_STEP][PASSED] - typeOfData = "Факт Отпуск в сеть": null

02-12-2024T07:03:42 - [TEST_STEP][PASSED] - tabR = GetOvSFactR(x = a): null

02-12-2024T07:03:42 - [TEST_STEP][PASSED] - i1 = <not implemented yet for class: org.codehaus.groovy.ast.expr.EmptyExpression>: null

02-12-2024T07:03:42 - [TEST_STEP][PASSED] - ii = <not implemented yet for class: org.codehaus.groovy.ast.expr.EmptyExpression>: null

02-12-2024T07:03:42 - [TEST_STEP][PASSED] - for ([ii = 1, ii < 4, (ii++)]): null

02-12-2024T07:03:42 - [TEST_STEP][PASSED] - i1 = x.indexOf("/") + 1: null

02-12-2024T07:03:42 - [TEST_STEP][PASSED] - if (i1 > -1): null

02-12-2024T07:03:42 - [TEST_STEP][PASSED] - x = x.substring(i1, x.length()): null

02-12-2024T07:03:42 - [TEST_STEP][PASSED] - println(x): null

02-12-2024T07:03:42 - [TEST_STEP][PASSED] - i1 = x.indexOf("/") + 1: null

02-12-2024T07:03:42 - [TEST_STEP][PASSED] - if (i1 > -1): null

02-12-2024T07:03:42 - [TEST_STEP][PASSED] - x = x.substring(i1, x.length()): null

02-12-2024T07:03:42 - [TEST_STEP][PASSED] - println(x): null

02-12-2024T07:03:42 - [TEST_STEP][PASSED] - i1 = x.indexOf("/") + 1: null

02-12-2024T07:03:42 - [TEST_STEP][PASSED] - if (i1 > -1): null

02-12-2024T07:03:42 - [TEST_STEP][PASSED] - x = x.substring(i1, x.length()): null

02-12-2024T07:03:42 - [TEST_STEP][PASSED] - println(x): null

02-12-2024T07:03:42 - [TEST_STEP][PASSED] - i1 = x.indexOf("/"): null

02-12-2024T07:03:42 - [TEST_STEP][PASSED] - if (i1 > -1): null

02-12-2024T07:03:42 - [TEST_STEP][PASSED] - x = x.substring(0, i1): null

02-12-2024T07:03:42 - [TEST_STEP][PASSED] - println(x): null

02-12-2024T07:03:42 - [TEST_STEP][PASSED] - return x: null

02-12-2024T07:03:42 - [TEST_STEP][PASSED] - tabB = GetOvSFactB(x = b): null

02-12-2024T07:03:42 - [TEST_STEP][PASSED] - i1 = <not implemented yet for class: org.codehaus.groovy.ast.expr.EmptyExpression>: null

02-12-2024T07:03:42 - [TEST_STEP][PASSED] - ii = <not implemented yet for class: org.codehaus.groovy.ast.expr.EmptyExpression>: null

02-12-2024T07:03:42 - [TEST_STEP][PASSED] - for ([ii = 1, ii < 4, (ii++)]): null

02-12-2024T07:03:42 - [TEST_STEP][PASSED] - i1 = x.indexOf("/") + 1: null

02-12-2024T07:03:42 - [TEST_STEP][PASSED] - if (i1 > -1): null

02-12-2024T07:03:42 - [TEST_STEP][PASSED] - x = x.substring(i1, x.length()): null

02-12-2024T07:03:42 - [TEST_STEP][PASSED] - println(x): null

02-12-2024T07:03:42 - [TEST_STEP][PASSED] - i1 = x.indexOf("/") + 1: null

02-12-2024T07:03:42 - [TEST_STEP][PASSED] - if (i1 > -1): null

02-12-2024T07:03:42 - [TEST_STEP][PASSED] - x = x.substring(i1, x.length()): null

02-12-2024T07:03:42 - [TEST_STEP][PASSED] - println(x): null

02-12-2024T07:03:42 - [TEST_STEP][PASSED] - i1 = x.indexOf("/") + 1: null

02-12-2024T07:03:42 - [TEST_STEP][PASSED] - if (i1 > -1): null

02-12-2024T07:03:42 - [TEST_STEP][PASSED] - x = x.substring(i1, x.length()): null

02-12-2024T07:03:42 - [TEST_STEP][PASSED] - println(x): null

02-12-2024T07:03:42 - [TEST_STEP][PASSED] - i1 = x.indexOf("/"): null

02-12-2024T07:03:42 - [TEST_STEP][PASSED] - if (i1 > -1): null

02-12-2024T07:03:42 - [TEST_STEP][PASSED] - x = x.substring(0, i1): null

02-12-2024T07:03:42 - [TEST_STEP][PASSED] - println(x): null

02-12-2024T07:03:42 - [TEST_STEP][FAILED] - return x: null

02-12-2024T07:03:42 - [TEST_STEP][FAILED] - if (verifyEqual(tabR, tabB) == false): null

02-12-2024T07:03:42 - [MESSAGE][FAILED] - Unable to verify equal between actual object 'нет данных' and expected object '515451879' (Root cause: com.kms.katalon.core.exception.StepFailedException: Actual object 'нет данных' and expected object '515451879' are not equal
	at com.kms.katalon.core.keyword.builtin.VerifyEqualKeyword$_verifyEqual_closure1.doCall(VerifyEqualKeyword.groovy:58)
	at com.kms.katalon.core.keyword.builtin.VerifyEqualKeyword$_verifyEqual_closure1.call(VerifyEqualKeyword.groovy)
	at com.kms.katalon.core.keyword.internal.KeywordMain.runKeyword(KeywordMain.groovy:75)
	at com.kms.katalon.core.keyword.builtin.VerifyEqualKeyword.verifyEqual(VerifyEqualKeyword.groovy:63)
	at com.kms.katalon.core.keyword.builtin.VerifyEqualKeyword.execute(VerifyEqualKeyword.groovy:44)
	at com.kms.katalon.core.keyword.internal.KeywordExecutor.executeKeywordForPlatform(KeywordExecutor.groovy:74)
	at com.kms.katalon.core.keyword.BuiltinKeywords.verifyEqual(BuiltinKeywords.groovy:146)
	at java.base/jdk.internal.reflect.NativeMethodAccessorImpl.invoke0(Native Method)
	at java.base/jdk.internal.reflect.NativeMethodAccessorImpl.invoke(NativeMethodAccessorImpl.java:77)
	at java.base/jdk.internal.reflect.DelegatingMethodAccessorImpl.invoke(DelegatingMethodAccessorImpl.java:43)
	at Выполнение бизнес-плана сверка дашбордов.CompareDZOData(Выполнение бизнес-плана сверка дашбордов:706)
	at Выполнение бизнес-плана сверка дашбордов.run(Выполнение бизнес-плана сверка дашбордов:583)
	at com.kms.katalon.core.main.ScriptEngine.run(ScriptEngine.java:194)
	at com.kms.katalon.core.main.ScriptEngine.runScriptAsRawText(ScriptEngine.java:119)
	at com.kms.katalon.core.main.TestCaseExecutor.runScript(TestCaseExecutor.java:448)
	at com.kms.katalon.core.main.TestCaseExecutor.doExecute(TestCaseExecutor.java:439)
	at com.kms.katalon.core.main.TestCaseExecutor.processExecutionPhase(TestCaseExecutor.java:418)
	at com.kms.katalon.core.main.TestCaseExecutor.accessMainPhase(TestCaseExecutor.java:410)
	at com.kms.katalon.core.main.TestCaseExecutor.execute(TestCaseExecutor.java:285)
	at com.kms.katalon.core.common.CommonExecutor.accessTestCaseMainPhase(CommonExecutor.java:65)
	at com.kms.katalon.core.main.TestSuiteExecutor.accessTestSuiteMainPhase(TestSuiteExecutor.java:150)
	at com.kms.katalon.core.main.TestSuiteExecutor.execute(TestSuiteExecutor.java:106)
	at com.kms.katalon.core.main.TestCaseMain.startTestSuite(TestCaseMain.java:180)
	at TempTestSuite1733111659562.run(TempTestSuite1733111659562.groovy:35)
	at java.base/jdk.internal.reflect.NativeMethodAccessorImpl.invoke0(Native Method)
	at java.base/jdk.internal.reflect.NativeMethodAccessorImpl.invoke(NativeMethodAccessorImpl.java:77)
	at java.base/jdk.internal.reflect.DelegatingMethodAccessorImpl.invoke(DelegatingMethodAccessorImpl.java:43)
)

02-12-2024T07:03:42 - [TEST_STEP][PASSED] - result = WriteToExcel(typeOfData, todaysDate, PercPlanR, PercPlanB, PercFactR, PercFactB, x, tabR, tabB, o1R, o1B, vidget): null

02-12-2024T07:03:42 - [TEST_STEP][PASSED] - iii = dZO.indexOf("/"): null

02-12-2024T07:03:42 - [TEST_STEP][PASSED] - println(iii): null

02-12-2024T07:03:42 - [TEST_STEP][PASSED] - dZO = dZO.substring(0, iii): null

02-12-2024T07:03:42 - [TEST_STEP][PASSED] - println(dZO): null

02-12-2024T07:03:42 - [TEST_STEP][PASSED] - println(PercPlanR): null

02-12-2024T07:03:42 - [TEST_STEP][PASSED] - println(PercPlanB): null

02-12-2024T07:03:42 - [TEST_STEP][PASSED] - println(PercFactR): null

02-12-2024T07:03:42 - [TEST_STEP][PASSED] - println(PercFactB): null

02-12-2024T07:03:42 - [TEST_STEP][PASSED] - println(tabR): null

02-12-2024T07:03:42 - [TEST_STEP][PASSED] - println(tabB): null

02-12-2024T07:03:42 - [TEST_STEP][PASSED] - println(o1R): null

02-12-2024T07:03:42 - [TEST_STEP][PASSED] - println(o1B): null

02-12-2024T07:03:42 - [TEST_STEP][PASSED] - PR = <not implemented yet for class: org.codehaus.groovy.ast.expr.EmptyExpression>: null

02-12-2024T07:03:42 - [TEST_STEP][PASSED] - FR = <not implemented yet for class: org.codehaus.groovy.ast.expr.EmptyExpression>: null

02-12-2024T07:03:42 - [TEST_STEP][PASSED] - PB = <not implemented yet for class: org.codehaus.groovy.ast.expr.EmptyExpression>: null

02-12-2024T07:03:42 - [TEST_STEP][PASSED] - FB = <not implemented yet for class: org.codehaus.groovy.ast.expr.EmptyExpression>: null

02-12-2024T07:03:42 - [TEST_STEP][PASSED] - TR = <not implemented yet for class: org.codehaus.groovy.ast.expr.EmptyExpression>: null

02-12-2024T07:03:42 - [TEST_STEP][PASSED] - TB = <not implemented yet for class: org.codehaus.groovy.ast.expr.EmptyExpression>: null

02-12-2024T07:03:42 - [TEST_STEP][PASSED] - sheetName = "Sheet1": null

02-12-2024T07:03:42 - [TEST_STEP][PASSED] - data = findTestData("PlanFact"): null

02-12-2024T07:03:42 - [TEST_STEP][PASSED] - n = data.getRowNumbers() + 1: null

02-12-2024T07:03:42 - [TEST_STEP][PASSED] - year = todaysDate.substring(todaysDate.length() - 4, todaysDate.length()): null

02-12-2024T07:03:42 - [TEST_STEP][PASSED] - y = year.toInteger(): null

02-12-2024T07:03:42 - [TEST_STEP][PASSED] - m = getText(findTestObject("Выполнение бизнес-плана/Выполнение бизнес-плана Балансы/Фильтр Дата")): Text of object 'Object Repository/Выполнение бизнес-плана/Выполнение бизнес-плана Балансы/Фильтр Дата' is: '1, 2, 3 кв., Октябрь 2024 года'

02-12-2024T07:03:42 - [MESSAGE][PASSED] - Text of object 'Object Repository/Выполнение бизнес-плана/Выполнение бизнес-плана Балансы/Фильтр Дата' is: '1, 2, 3 кв., Октябрь 2024 года'

02-12-2024T07:03:42 - [TEST_STEP][PASSED] - m = m.substring(0, m.indexOf("2024")): null

02-12-2024T07:03:42 - [TEST_STEP][PASSED] - m = m.trim(): null

02-12-2024T07:03:42 - [TEST_STEP][PASSED] - dashboardName = "Выполнение бизнес-плана": null

02-12-2024T07:03:42 - [TEST_STEP][PASSED] - workbook01 = getWorkbook(excelFilePath): null

02-12-2024T07:03:42 - [TEST_STEP][PASSED] - sheet01 = getExcelSheet(workbook01, sheetName): null

02-12-2024T07:03:42 - [TEST_STEP][PASSED] - setValueToCellByIndex(sheet01, n, 0, dashboardName): null

02-12-2024T07:03:42 - [TEST_STEP][PASSED] - setValueToCellByIndex(sheet01, n, 1, dZO): null

02-12-2024T07:03:42 - [TEST_STEP][PASSED] - setValueToCellByIndex(sheet01, n, 2, typeOfData): null

02-12-2024T07:03:42 - [TEST_STEP][PASSED] - setValueToCellByIndex(sheet01, n, 3, typeOfData): null

02-12-2024T07:03:42 - [TEST_STEP][PASSED] - if (typeOfData == "План"): null

02-12-2024T07:03:42 - [TEST_STEP][PASSED] - else if (typeOfData == "Факт"): null

02-12-2024T07:03:42 - [TEST_STEP][PASSED] - else if (vidget.contains("электроэнергии") == true): null

02-12-2024T07:03:42 - [TEST_STEP][PASSED] - if (tabR == null): null

02-12-2024T07:03:42 - [TEST_STEP][PASSED] - else: null

02-12-2024T07:03:42 - [TEST_STEP][PASSED] - if (tabR == "нет данных"): null

02-12-2024T07:03:42 - [TEST_STEP][PASSED] - setValueToCellByIndex(sheet01, n, 4, "нет данных"): null

02-12-2024T07:03:42 - [TEST_STEP][PASSED] - if (tabB == null): null

02-12-2024T07:03:42 - [TEST_STEP][PASSED] - else: null

02-12-2024T07:03:42 - [TEST_STEP][PASSED] - if (tabB == "нет данных"): null

02-12-2024T07:03:42 - [TEST_STEP][PASSED] - else: null

02-12-2024T07:03:42 - [TEST_STEP][PASSED] - TB = tabB.toInteger(): null

02-12-2024T07:03:42 - [TEST_STEP][PASSED] - setValueToCellByIndex(sheet01, n, 5, TB): null

02-12-2024T07:03:42 - [TEST_STEP][PASSED] - setValueToCellByIndex(sheet01, n, 6, m): null

02-12-2024T07:03:42 - [TEST_STEP][PASSED] - setValueToCellByIndex(sheet01, n, 7, y): null

02-12-2024T07:03:42 - [TEST_STEP][PASSED] - setValueToCellByIndex(sheet01, n, 8, todaysDate): null

02-12-2024T07:03:42 - [TEST_STEP][PASSED] - n = n + 1: null

02-12-2024T07:03:42 - [TEST_STEP][PASSED] - saveWorkbook(excelFilePath, workbook01): null

02-12-2024T07:03:42 - [TEST_STEP][PASSED] - typeOfData = "Факт Отпуск из сети": null

02-12-2024T07:03:42 - [TEST_STEP][PASSED] - tabR = GetOiSFactR(x = a): null

02-12-2024T07:03:42 - [TEST_STEP][PASSED] - i1 = <not implemented yet for class: org.codehaus.groovy.ast.expr.EmptyExpression>: null

02-12-2024T07:03:42 - [TEST_STEP][PASSED] - ii = <not implemented yet for class: org.codehaus.groovy.ast.expr.EmptyExpression>: null

02-12-2024T07:03:42 - [TEST_STEP][PASSED] - for ([ii = 1, ii < 5, (ii++)]): null

02-12-2024T07:03:42 - [TEST_STEP][PASSED] - i1 = x.indexOf("/") + 1: null

02-12-2024T07:03:42 - [TEST_STEP][PASSED] - if (i1 > -1): null

02-12-2024T07:03:42 - [TEST_STEP][PASSED] - x = x.substring(i1, x.length()): null

02-12-2024T07:03:42 - [TEST_STEP][PASSED] - println(x): null

02-12-2024T07:03:42 - [TEST_STEP][PASSED] - i1 = x.indexOf("/") + 1: null

02-12-2024T07:03:42 - [TEST_STEP][PASSED] - if (i1 > -1): null

02-12-2024T07:03:42 - [TEST_STEP][PASSED] - x = x.substring(i1, x.length()): null

02-12-2024T07:03:42 - [TEST_STEP][PASSED] - println(x): null

02-12-2024T07:03:42 - [TEST_STEP][PASSED] - i1 = x.indexOf("/") + 1: null

02-12-2024T07:03:42 - [TEST_STEP][PASSED] - if (i1 > -1): null

02-12-2024T07:03:42 - [TEST_STEP][PASSED] - x = x.substring(i1, x.length()): null

02-12-2024T07:03:42 - [TEST_STEP][PASSED] - println(x): null

02-12-2024T07:03:42 - [TEST_STEP][PASSED] - i1 = x.indexOf("/") + 1: null

02-12-2024T07:03:42 - [TEST_STEP][PASSED] - if (i1 > -1): null

02-12-2024T07:03:42 - [TEST_STEP][PASSED] - x = x.substring(i1, x.length()): null

02-12-2024T07:03:42 - [TEST_STEP][PASSED] - println(x): null

02-12-2024T07:03:42 - [TEST_STEP][PASSED] - i1 = x.indexOf("/"): null

02-12-2024T07:03:42 - [TEST_STEP][PASSED] - if (i1 > -1): null

02-12-2024T07:03:42 - [TEST_STEP][PASSED] - x = x.substring(0, i1): null

02-12-2024T07:03:42 - [TEST_STEP][PASSED] - println(x): null

02-12-2024T07:03:42 - [TEST_STEP][PASSED] - return x: null

02-12-2024T07:03:42 - [TEST_STEP][PASSED] - tabB = GetOiSFactB(x = b): null

02-12-2024T07:03:42 - [TEST_STEP][PASSED] - i1 = <not implemented yet for class: org.codehaus.groovy.ast.expr.EmptyExpression>: null

02-12-2024T07:03:42 - [TEST_STEP][PASSED] - ii = <not implemented yet for class: org.codehaus.groovy.ast.expr.EmptyExpression>: null

02-12-2024T07:03:42 - [TEST_STEP][PASSED] - for ([ii = 1, ii < 5, (ii++)]): null

02-12-2024T07:03:42 - [TEST_STEP][PASSED] - i1 = x.indexOf("/") + 1: null

02-12-2024T07:03:42 - [TEST_STEP][PASSED] - if (i1 > -1): null

02-12-2024T07:03:42 - [TEST_STEP][PASSED] - x = x.substring(i1, x.length()): null

02-12-2024T07:03:42 - [TEST_STEP][PASSED] - println(x): null

02-12-2024T07:03:42 - [TEST_STEP][PASSED] - i1 = x.indexOf("/") + 1: null

02-12-2024T07:03:42 - [TEST_STEP][PASSED] - if (i1 > -1): null

02-12-2024T07:03:42 - [TEST_STEP][PASSED] - x = x.substring(i1, x.length()): null

02-12-2024T07:03:42 - [TEST_STEP][PASSED] - println(x): null

02-12-2024T07:03:42 - [TEST_STEP][PASSED] - i1 = x.indexOf("/") + 1: null

02-12-2024T07:03:42 - [TEST_STEP][PASSED] - if (i1 > -1): null

02-12-2024T07:03:42 - [TEST_STEP][PASSED] - x = x.substring(i1, x.length()): null

02-12-2024T07:03:42 - [TEST_STEP][PASSED] - println(x): null

02-12-2024T07:03:42 - [TEST_STEP][PASSED] - i1 = x.indexOf("/") + 1: null

02-12-2024T07:03:42 - [TEST_STEP][PASSED] - if (i1 > -1): null

02-12-2024T07:03:42 - [TEST_STEP][PASSED] - x = x.substring(i1, x.length()): null

02-12-2024T07:03:42 - [TEST_STEP][PASSED] - println(x): null

02-12-2024T07:03:42 - [TEST_STEP][PASSED] - i1 = x.indexOf("/"): null

02-12-2024T07:03:42 - [TEST_STEP][PASSED] - if (i1 > -1): null

02-12-2024T07:03:42 - [TEST_STEP][PASSED] - x = x.substring(0, i1): null

02-12-2024T07:03:42 - [TEST_STEP][PASSED] - println(x): null

02-12-2024T07:03:42 - [TEST_STEP][FAILED] - return x: null

02-12-2024T07:03:42 - [TEST_STEP][FAILED] - if (verifyEqual(tabR, tabB) == false): null

02-12-2024T07:03:42 - [MESSAGE][FAILED] - Unable to verify equal between actual object 'нет данных' and expected object '497290886' (Root cause: com.kms.katalon.core.exception.StepFailedException: Actual object 'нет данных' and expected object '497290886' are not equal
	at com.kms.katalon.core.keyword.builtin.VerifyEqualKeyword$_verifyEqual_closure1.doCall(VerifyEqualKeyword.groovy:58)
	at com.kms.katalon.core.keyword.builtin.VerifyEqualKeyword$_verifyEqual_closure1.call(VerifyEqualKeyword.groovy)
	at com.kms.katalon.core.keyword.internal.KeywordMain.runKeyword(KeywordMain.groovy:75)
	at com.kms.katalon.core.keyword.builtin.VerifyEqualKeyword.verifyEqual(VerifyEqualKeyword.groovy:63)
	at com.kms.katalon.core.keyword.builtin.VerifyEqualKeyword.execute(VerifyEqualKeyword.groovy:44)
	at com.kms.katalon.core.keyword.internal.KeywordExecutor.executeKeywordForPlatform(KeywordExecutor.groovy:74)
	at com.kms.katalon.core.keyword.BuiltinKeywords.verifyEqual(BuiltinKeywords.groovy:146)
	at java.base/jdk.internal.reflect.NativeMethodAccessorImpl.invoke0(Native Method)
	at java.base/jdk.internal.reflect.NativeMethodAccessorImpl.invoke(NativeMethodAccessorImpl.java:77)
	at java.base/jdk.internal.reflect.DelegatingMethodAccessorImpl.invoke(DelegatingMethodAccessorImpl.java:43)
	at Выполнение бизнес-плана сверка дашбордов.CompareDZOData(Выполнение бизнес-плана сверка дашбордов:717)
	at Выполнение бизнес-плана сверка дашбордов.run(Выполнение бизнес-плана сверка дашбордов:583)
	at com.kms.katalon.core.main.ScriptEngine.run(ScriptEngine.java:194)
	at com.kms.katalon.core.main.ScriptEngine.runScriptAsRawText(ScriptEngine.java:119)
	at com.kms.katalon.core.main.TestCaseExecutor.runScript(TestCaseExecutor.java:448)
	at com.kms.katalon.core.main.TestCaseExecutor.doExecute(TestCaseExecutor.java:439)
	at com.kms.katalon.core.main.TestCaseExecutor.processExecutionPhase(TestCaseExecutor.java:418)
	at com.kms.katalon.core.main.TestCaseExecutor.accessMainPhase(TestCaseExecutor.java:410)
	at com.kms.katalon.core.main.TestCaseExecutor.execute(TestCaseExecutor.java:285)
	at com.kms.katalon.core.common.CommonExecutor.accessTestCaseMainPhase(CommonExecutor.java:65)
	at com.kms.katalon.core.main.TestSuiteExecutor.accessTestSuiteMainPhase(TestSuiteExecutor.java:150)
	at com.kms.katalon.core.main.TestSuiteExecutor.execute(TestSuiteExecutor.java:106)
	at com.kms.katalon.core.main.TestCaseMain.startTestSuite(TestCaseMain.java:180)
	at TempTestSuite1733111659562.run(TempTestSuite1733111659562.groovy:35)
	at java.base/jdk.internal.reflect.NativeMethodAccessorImpl.invoke0(Native Method)
	at java.base/jdk.internal.reflect.NativeMethodAccessorImpl.invoke(NativeMethodAccessorImpl.java:77)
	at java.base/jdk.internal.reflect.DelegatingMethodAccessorImpl.invoke(DelegatingMethodAccessorImpl.java:43)
)

02-12-2024T07:03:42 - [TEST_STEP][PASSED] - result = WriteToExcel(typeOfData, todaysDate, PercPlanR, PercPlanB, PercFactR, PercFactB, x, tabR, tabB, o1R, o1B, vidget): null

02-12-2024T07:03:42 - [TEST_STEP][PASSED] - iii = dZO.indexOf("/"): null

02-12-2024T07:03:42 - [TEST_STEP][PASSED] - println(iii): null

02-12-2024T07:03:42 - [TEST_STEP][PASSED] - dZO = dZO.substring(0, iii): null

02-12-2024T07:03:42 - [TEST_STEP][PASSED] - println(dZO): null

02-12-2024T07:03:42 - [TEST_STEP][PASSED] - println(PercPlanR): null

02-12-2024T07:03:42 - [TEST_STEP][PASSED] - println(PercPlanB): null

02-12-2024T07:03:42 - [TEST_STEP][PASSED] - println(PercFactR): null

02-12-2024T07:03:42 - [TEST_STEP][PASSED] - println(PercFactB): null

02-12-2024T07:03:42 - [TEST_STEP][PASSED] - println(tabR): null

02-12-2024T07:03:42 - [TEST_STEP][PASSED] - println(tabB): null

02-12-2024T07:03:42 - [TEST_STEP][PASSED] - println(o1R): null

02-12-2024T07:03:42 - [TEST_STEP][PASSED] - println(o1B): null

02-12-2024T07:03:42 - [TEST_STEP][PASSED] - PR = <not implemented yet for class: org.codehaus.groovy.ast.expr.EmptyExpression>: null

02-12-2024T07:03:42 - [TEST_STEP][PASSED] - FR = <not implemented yet for class: org.codehaus.groovy.ast.expr.EmptyExpression>: null

02-12-2024T07:03:42 - [TEST_STEP][PASSED] - PB = <not implemented yet for class: org.codehaus.groovy.ast.expr.EmptyExpression>: null

02-12-2024T07:03:42 - [TEST_STEP][PASSED] - FB = <not implemented yet for class: org.codehaus.groovy.ast.expr.EmptyExpression>: null

02-12-2024T07:03:42 - [TEST_STEP][PASSED] - TR = <not implemented yet for class: org.codehaus.groovy.ast.expr.EmptyExpression>: null

02-12-2024T07:03:42 - [TEST_STEP][PASSED] - TB = <not implemented yet for class: org.codehaus.groovy.ast.expr.EmptyExpression>: null

02-12-2024T07:03:42 - [TEST_STEP][PASSED] - sheetName = "Sheet1": null

02-12-2024T07:03:42 - [TEST_STEP][PASSED] - data = findTestData("PlanFact"): null

02-12-2024T07:03:42 - [TEST_STEP][PASSED] - n = data.getRowNumbers() + 1: null

02-12-2024T07:03:42 - [TEST_STEP][PASSED] - year = todaysDate.substring(todaysDate.length() - 4, todaysDate.length()): null

02-12-2024T07:03:42 - [TEST_STEP][PASSED] - y = year.toInteger(): null

02-12-2024T07:03:42 - [TEST_STEP][PASSED] - m = getText(findTestObject("Выполнение бизнес-плана/Выполнение бизнес-плана Балансы/Фильтр Дата")): Text of object 'Object Repository/Выполнение бизнес-плана/Выполнение бизнес-плана Балансы/Фильтр Дата' is: '1, 2, 3 кв., Октябрь 2024 года'

02-12-2024T07:03:43 - [MESSAGE][PASSED] - Text of object 'Object Repository/Выполнение бизнес-плана/Выполнение бизнес-плана Балансы/Фильтр Дата' is: '1, 2, 3 кв., Октябрь 2024 года'

02-12-2024T07:03:43 - [TEST_STEP][PASSED] - m = m.substring(0, m.indexOf("2024")): null

02-12-2024T07:03:43 - [TEST_STEP][PASSED] - m = m.trim(): null

02-12-2024T07:03:43 - [TEST_STEP][PASSED] - dashboardName = "Выполнение бизнес-плана": null

02-12-2024T07:03:43 - [TEST_STEP][PASSED] - workbook01 = getWorkbook(excelFilePath): null

02-12-2024T07:03:43 - [TEST_STEP][PASSED] - sheet01 = getExcelSheet(workbook01, sheetName): null

02-12-2024T07:03:43 - [TEST_STEP][PASSED] - setValueToCellByIndex(sheet01, n, 0, dashboardName): null

02-12-2024T07:03:43 - [TEST_STEP][PASSED] - setValueToCellByIndex(sheet01, n, 1, dZO): null

02-12-2024T07:03:43 - [TEST_STEP][PASSED] - setValueToCellByIndex(sheet01, n, 2, typeOfData): null

02-12-2024T07:03:43 - [TEST_STEP][PASSED] - setValueToCellByIndex(sheet01, n, 3, typeOfData): null

02-12-2024T07:03:43 - [TEST_STEP][PASSED] - if (typeOfData == "План"): null

02-12-2024T07:03:43 - [TEST_STEP][PASSED] - else if (typeOfData == "Факт"): null

02-12-2024T07:03:43 - [TEST_STEP][PASSED] - else if (vidget.contains("электроэнергии") == true): null

02-12-2024T07:03:43 - [TEST_STEP][PASSED] - if (tabR == null): null

02-12-2024T07:03:43 - [TEST_STEP][PASSED] - else: null

02-12-2024T07:03:43 - [TEST_STEP][PASSED] - if (tabR == "нет данных"): null

02-12-2024T07:03:43 - [TEST_STEP][PASSED] - setValueToCellByIndex(sheet01, n, 4, "нет данных"): null

02-12-2024T07:03:43 - [TEST_STEP][PASSED] - if (tabB == null): null

02-12-2024T07:03:43 - [TEST_STEP][PASSED] - else: null

02-12-2024T07:03:43 - [TEST_STEP][PASSED] - if (tabB == "нет данных"): null

02-12-2024T07:03:43 - [TEST_STEP][PASSED] - else: null

02-12-2024T07:03:43 - [TEST_STEP][PASSED] - TB = tabB.toInteger(): null

02-12-2024T07:03:43 - [TEST_STEP][PASSED] - setValueToCellByIndex(sheet01, n, 5, TB): null

02-12-2024T07:03:43 - [TEST_STEP][PASSED] - setValueToCellByIndex(sheet01, n, 6, m): null

02-12-2024T07:03:43 - [TEST_STEP][PASSED] - setValueToCellByIndex(sheet01, n, 7, y): null

02-12-2024T07:03:43 - [TEST_STEP][PASSED] - setValueToCellByIndex(sheet01, n, 8, todaysDate): null

02-12-2024T07:03:43 - [TEST_STEP][PASSED] - n = n + 1: null

02-12-2024T07:03:43 - [TEST_STEP][PASSED] - saveWorkbook(excelFilePath, workbook01): null

02-12-2024T07:03:43 - [TEST_STEP][PASSED] - typeOfData = "Факт Потери": null

02-12-2024T07:03:43 - [TEST_STEP][PASSED] - tabR = GetPFactR(x = a): null

02-12-2024T07:03:43 - [TEST_STEP][PASSED] - i1 = <not implemented yet for class: org.codehaus.groovy.ast.expr.EmptyExpression>: null

02-12-2024T07:03:43 - [TEST_STEP][PASSED] - ii = <not implemented yet for class: org.codehaus.groovy.ast.expr.EmptyExpression>: null

02-12-2024T07:03:43 - [TEST_STEP][PASSED] - for ([ii = 1, ii < 6, (ii++)]): null

02-12-2024T07:03:43 - [TEST_STEP][PASSED] - i1 = x.indexOf("/") + 1: null

02-12-2024T07:03:43 - [TEST_STEP][PASSED] - if (i1 > -1): null

02-12-2024T07:03:43 - [TEST_STEP][PASSED] - x = x.substring(i1, x.length()): null

02-12-2024T07:03:43 - [TEST_STEP][PASSED] - println(x): null

02-12-2024T07:03:43 - [TEST_STEP][PASSED] - i1 = x.indexOf("/") + 1: null

02-12-2024T07:03:43 - [TEST_STEP][PASSED] - if (i1 > -1): null

02-12-2024T07:03:43 - [TEST_STEP][PASSED] - x = x.substring(i1, x.length()): null

02-12-2024T07:03:43 - [TEST_STEP][PASSED] - println(x): null

02-12-2024T07:03:43 - [TEST_STEP][PASSED] - i1 = x.indexOf("/") + 1: null

02-12-2024T07:03:43 - [TEST_STEP][PASSED] - if (i1 > -1): null

02-12-2024T07:03:43 - [TEST_STEP][PASSED] - x = x.substring(i1, x.length()): null

02-12-2024T07:03:43 - [TEST_STEP][PASSED] - println(x): null

02-12-2024T07:03:43 - [TEST_STEP][PASSED] - i1 = x.indexOf("/") + 1: null

02-12-2024T07:03:43 - [TEST_STEP][PASSED] - if (i1 > -1): null

02-12-2024T07:03:43 - [TEST_STEP][PASSED] - x = x.substring(i1, x.length()): null

02-12-2024T07:03:43 - [TEST_STEP][PASSED] - println(x): null

02-12-2024T07:03:43 - [TEST_STEP][PASSED] - i1 = x.indexOf("/") + 1: null

02-12-2024T07:03:43 - [TEST_STEP][PASSED] - if (i1 > -1): null

02-12-2024T07:03:43 - [TEST_STEP][PASSED] - x = x.substring(i1, x.length()): null

02-12-2024T07:03:43 - [TEST_STEP][PASSED] - println(x): null

02-12-2024T07:03:43 - [TEST_STEP][PASSED] - i1 = x.indexOf("/"): null

02-12-2024T07:03:43 - [TEST_STEP][PASSED] - if (i1 > -1): null

02-12-2024T07:03:43 - [TEST_STEP][PASSED] - x = x.substring(0, i1): null

02-12-2024T07:03:43 - [TEST_STEP][PASSED] - println(x): null

02-12-2024T07:03:43 - [TEST_STEP][PASSED] - return x: null

02-12-2024T07:03:43 - [TEST_STEP][PASSED] - tabB = GetPFactB(x = b): null

02-12-2024T07:03:43 - [TEST_STEP][PASSED] - i1 = <not implemented yet for class: org.codehaus.groovy.ast.expr.EmptyExpression>: null

02-12-2024T07:03:43 - [TEST_STEP][PASSED] - ii = <not implemented yet for class: org.codehaus.groovy.ast.expr.EmptyExpression>: null

02-12-2024T07:03:43 - [TEST_STEP][PASSED] - for ([ii = 1, ii < 6, (ii++)]): null

02-12-2024T07:03:43 - [TEST_STEP][PASSED] - i1 = x.indexOf("/") + 1: null

02-12-2024T07:03:43 - [TEST_STEP][PASSED] - if (i1 > -1): null

02-12-2024T07:03:43 - [TEST_STEP][PASSED] - x = x.substring(i1, x.length()): null

02-12-2024T07:03:43 - [TEST_STEP][PASSED] - println(x): null

02-12-2024T07:03:43 - [TEST_STEP][PASSED] - i1 = x.indexOf("/") + 1: null

02-12-2024T07:03:43 - [TEST_STEP][PASSED] - if (i1 > -1): null

02-12-2024T07:03:43 - [TEST_STEP][PASSED] - x = x.substring(i1, x.length()): null

02-12-2024T07:03:43 - [TEST_STEP][PASSED] - println(x): null

02-12-2024T07:03:43 - [TEST_STEP][PASSED] - i1 = x.indexOf("/") + 1: null

02-12-2024T07:03:43 - [TEST_STEP][PASSED] - if (i1 > -1): null

02-12-2024T07:03:43 - [TEST_STEP][PASSED] - x = x.substring(i1, x.length()): null

02-12-2024T07:03:43 - [TEST_STEP][PASSED] - println(x): null

02-12-2024T07:03:43 - [TEST_STEP][PASSED] - i1 = x.indexOf("/") + 1: null

02-12-2024T07:03:43 - [TEST_STEP][PASSED] - if (i1 > -1): null

02-12-2024T07:03:43 - [TEST_STEP][PASSED] - x = x.substring(i1, x.length()): null

02-12-2024T07:03:43 - [TEST_STEP][PASSED] - println(x): null

02-12-2024T07:03:43 - [TEST_STEP][PASSED] - i1 = x.indexOf("/") + 1: null

02-12-2024T07:03:43 - [TEST_STEP][PASSED] - if (i1 > -1): null

02-12-2024T07:03:43 - [TEST_STEP][PASSED] - x = x.substring(i1, x.length()): null

02-12-2024T07:03:43 - [TEST_STEP][PASSED] - println(x): null

02-12-2024T07:03:43 - [TEST_STEP][PASSED] - i1 = x.indexOf("/"): null

02-12-2024T07:03:43 - [TEST_STEP][PASSED] - if (i1 > -1): null

02-12-2024T07:03:43 - [TEST_STEP][PASSED] - x = x.substring(0, i1): null

02-12-2024T07:03:43 - [TEST_STEP][PASSED] - println(x): null

02-12-2024T07:03:43 - [TEST_STEP][FAILED] - return x: null

02-12-2024T07:03:43 - [TEST_STEP][PASSED] - println(tabR + "/" + tabB): null

02-12-2024T07:03:43 - [TEST_STEP][FAILED] - if (verifyEqual(tabR, tabB) == false): null

02-12-2024T07:03:43 - [MESSAGE][FAILED] - Unable to verify equal between actual object 'нет данных' and expected object '18160993' (Root cause: com.kms.katalon.core.exception.StepFailedException: Actual object 'нет данных' and expected object '18160993' are not equal
	at com.kms.katalon.core.keyword.builtin.VerifyEqualKeyword$_verifyEqual_closure1.doCall(VerifyEqualKeyword.groovy:58)
	at com.kms.katalon.core.keyword.builtin.VerifyEqualKeyword$_verifyEqual_closure1.call(VerifyEqualKeyword.groovy)
	at com.kms.katalon.core.keyword.internal.KeywordMain.runKeyword(KeywordMain.groovy:75)
	at com.kms.katalon.core.keyword.builtin.VerifyEqualKeyword.verifyEqual(VerifyEqualKeyword.groovy:63)
	at com.kms.katalon.core.keyword.builtin.VerifyEqualKeyword.execute(VerifyEqualKeyword.groovy:44)
	at com.kms.katalon.core.keyword.internal.KeywordExecutor.executeKeywordForPlatform(KeywordExecutor.groovy:74)
	at com.kms.katalon.core.keyword.BuiltinKeywords.verifyEqual(BuiltinKeywords.groovy:146)
	at jdk.internal.reflect.GeneratedMethodAccessor25.invoke(Unknown Source)
	at java.base/jdk.internal.reflect.DelegatingMethodAccessorImpl.invoke(DelegatingMethodAccessorImpl.java:43)
	at Выполнение бизнес-плана сверка дашбордов.CompareDZOData(Выполнение бизнес-плана сверка дашбордов:730)
	at Выполнение бизнес-плана сверка дашбордов.run(Выполнение бизнес-плана сверка дашбордов:583)
	at com.kms.katalon.core.main.ScriptEngine.run(ScriptEngine.java:194)
	at com.kms.katalon.core.main.ScriptEngine.runScriptAsRawText(ScriptEngine.java:119)
	at com.kms.katalon.core.main.TestCaseExecutor.runScript(TestCaseExecutor.java:448)
	at com.kms.katalon.core.main.TestCaseExecutor.doExecute(TestCaseExecutor.java:439)
	at com.kms.katalon.core.main.TestCaseExecutor.processExecutionPhase(TestCaseExecutor.java:418)
	at com.kms.katalon.core.main.TestCaseExecutor.accessMainPhase(TestCaseExecutor.java:410)
	at com.kms.katalon.core.main.TestCaseExecutor.execute(TestCaseExecutor.java:285)
	at com.kms.katalon.core.common.CommonExecutor.accessTestCaseMainPhase(CommonExecutor.java:65)
	at com.kms.katalon.core.main.TestSuiteExecutor.accessTestSuiteMainPhase(TestSuiteExecutor.java:150)
	at com.kms.katalon.core.main.TestSuiteExecutor.execute(TestSuiteExecutor.java:106)
	at com.kms.katalon.core.main.TestCaseMain.startTestSuite(TestCaseMain.java:180)
	at TempTestSuite1733111659562.run(TempTestSuite1733111659562.groovy:35)
	at java.base/jdk.internal.reflect.NativeMethodAccessorImpl.invoke0(Native Method)
	at java.base/jdk.internal.reflect.NativeMethodAccessorImpl.invoke(NativeMethodAccessorImpl.java:77)
	at java.base/jdk.internal.reflect.DelegatingMethodAccessorImpl.invoke(DelegatingMethodAccessorImpl.java:43)
)

02-12-2024T07:03:43 - [TEST_STEP][PASSED] - result = WriteToExcel(typeOfData, todaysDate, PercPlanR, PercPlanB, PercFactR, PercFactB, x, tabR, tabB, o1R, o1B, vidget): null

02-12-2024T07:03:43 - [TEST_STEP][PASSED] - iii = dZO.indexOf("/"): null

02-12-2024T07:03:43 - [TEST_STEP][PASSED] - println(iii): null

02-12-2024T07:03:43 - [TEST_STEP][PASSED] - dZO = dZO.substring(0, iii): null

02-12-2024T07:03:43 - [TEST_STEP][PASSED] - println(dZO): null

02-12-2024T07:03:43 - [TEST_STEP][PASSED] - println(PercPlanR): null

02-12-2024T07:03:43 - [TEST_STEP][PASSED] - println(PercPlanB): null

02-12-2024T07:03:43 - [TEST_STEP][PASSED] - println(PercFactR): null

02-12-2024T07:03:43 - [TEST_STEP][PASSED] - println(PercFactB): null

02-12-2024T07:03:43 - [TEST_STEP][PASSED] - println(tabR): null

02-12-2024T07:03:43 - [TEST_STEP][PASSED] - println(tabB): null

02-12-2024T07:03:43 - [TEST_STEP][PASSED] - println(o1R): null

02-12-2024T07:03:43 - [TEST_STEP][PASSED] - println(o1B): null

02-12-2024T07:03:43 - [TEST_STEP][PASSED] - PR = <not implemented yet for class: org.codehaus.groovy.ast.expr.EmptyExpression>: null

02-12-2024T07:03:43 - [TEST_STEP][PASSED] - FR = <not implemented yet for class: org.codehaus.groovy.ast.expr.EmptyExpression>: null

02-12-2024T07:03:43 - [TEST_STEP][PASSED] - PB = <not implemented yet for class: org.codehaus.groovy.ast.expr.EmptyExpression>: null

02-12-2024T07:03:43 - [TEST_STEP][PASSED] - FB = <not implemented yet for class: org.codehaus.groovy.ast.expr.EmptyExpression>: null

02-12-2024T07:03:43 - [TEST_STEP][PASSED] - TR = <not implemented yet for class: org.codehaus.groovy.ast.expr.EmptyExpression>: null

02-12-2024T07:03:43 - [TEST_STEP][PASSED] - TB = <not implemented yet for class: org.codehaus.groovy.ast.expr.EmptyExpression>: null

02-12-2024T07:03:43 - [TEST_STEP][PASSED] - sheetName = "Sheet1": null

02-12-2024T07:03:43 - [TEST_STEP][PASSED] - data = findTestData("PlanFact"): null

02-12-2024T07:03:43 - [TEST_STEP][PASSED] - n = data.getRowNumbers() + 1: null

02-12-2024T07:03:43 - [TEST_STEP][PASSED] - year = todaysDate.substring(todaysDate.length() - 4, todaysDate.length()): null

02-12-2024T07:03:43 - [TEST_STEP][PASSED] - y = year.toInteger(): null

02-12-2024T07:03:43 - [TEST_STEP][PASSED] - m = getText(findTestObject("Выполнение бизнес-плана/Выполнение бизнес-плана Балансы/Фильтр Дата")): Text of object 'Object Repository/Выполнение бизнес-плана/Выполнение бизнес-плана Балансы/Фильтр Дата' is: '1, 2, 3 кв., Октябрь 2024 года'

02-12-2024T07:03:43 - [MESSAGE][PASSED] - Text of object 'Object Repository/Выполнение бизнес-плана/Выполнение бизнес-плана Балансы/Фильтр Дата' is: '1, 2, 3 кв., Октябрь 2024 года'

02-12-2024T07:03:43 - [TEST_STEP][PASSED] - m = m.substring(0, m.indexOf("2024")): null

02-12-2024T07:03:43 - [TEST_STEP][PASSED] - m = m.trim(): null

02-12-2024T07:03:43 - [TEST_STEP][PASSED] - dashboardName = "Выполнение бизнес-плана": null

02-12-2024T07:03:43 - [TEST_STEP][PASSED] - workbook01 = getWorkbook(excelFilePath): null

02-12-2024T07:03:43 - [TEST_STEP][PASSED] - sheet01 = getExcelSheet(workbook01, sheetName): null

02-12-2024T07:03:43 - [TEST_STEP][PASSED] - setValueToCellByIndex(sheet01, n, 0, dashboardName): null

02-12-2024T07:03:43 - [TEST_STEP][PASSED] - setValueToCellByIndex(sheet01, n, 1, dZO): null

02-12-2024T07:03:43 - [TEST_STEP][PASSED] - setValueToCellByIndex(sheet01, n, 2, typeOfData): null

02-12-2024T07:03:43 - [TEST_STEP][PASSED] - setValueToCellByIndex(sheet01, n, 3, typeOfData): null

02-12-2024T07:03:43 - [TEST_STEP][PASSED] - if (typeOfData == "План"): null

02-12-2024T07:03:43 - [TEST_STEP][PASSED] - else if (typeOfData == "Факт"): null

02-12-2024T07:03:43 - [TEST_STEP][PASSED] - else if (vidget.contains("электроэнергии") == true): null

02-12-2024T07:03:43 - [TEST_STEP][PASSED] - if (tabR == null): null

02-12-2024T07:03:43 - [TEST_STEP][PASSED] - else: null

02-12-2024T07:03:43 - [TEST_STEP][PASSED] - if (tabR == "нет данных"): null

02-12-2024T07:03:43 - [TEST_STEP][PASSED] - setValueToCellByIndex(sheet01, n, 4, "нет данных"): null

02-12-2024T07:03:43 - [TEST_STEP][PASSED] - if (tabB == null): null

02-12-2024T07:03:43 - [TEST_STEP][PASSED] - else: null

02-12-2024T07:03:43 - [TEST_STEP][PASSED] - if (tabB == "нет данных"): null

02-12-2024T07:03:43 - [TEST_STEP][PASSED] - else: null

02-12-2024T07:03:43 - [TEST_STEP][PASSED] - TB = tabB.toInteger(): null

02-12-2024T07:03:43 - [TEST_STEP][PASSED] - setValueToCellByIndex(sheet01, n, 5, TB): null

02-12-2024T07:03:43 - [TEST_STEP][PASSED] - setValueToCellByIndex(sheet01, n, 6, m): null

02-12-2024T07:03:43 - [TEST_STEP][PASSED] - setValueToCellByIndex(sheet01, n, 7, y): null

02-12-2024T07:03:43 - [TEST_STEP][PASSED] - setValueToCellByIndex(sheet01, n, 8, todaysDate): null

02-12-2024T07:03:43 - [TEST_STEP][PASSED] - n = n + 1: null

02-12-2024T07:03:43 - [TEST_STEP][PASSED] - saveWorkbook(excelFilePath, workbook01): null

02-12-2024T07:03:44 - [TEST_STEP][PASSED] - vidget = "Показатели баланса электроэнергии по ДЗО – План": null

02-12-2024T07:03:44 - [TEST_STEP][PASSED] - typeOfData = "План Отпуск в сеть": null

02-12-2024T07:03:44 - [TEST_STEP][PASSED] - tabR = GetOvSPlanR(x = a): null

02-12-2024T07:03:44 - [TEST_STEP][PASSED] - i1 = <not implemented yet for class: org.codehaus.groovy.ast.expr.EmptyExpression>: null

02-12-2024T07:03:44 - [TEST_STEP][PASSED] - ii = <not implemented yet for class: org.codehaus.groovy.ast.expr.EmptyExpression>: null

02-12-2024T07:03:44 - [TEST_STEP][PASSED] - for ([ii = 1, ii < 7, (ii++)]): null

02-12-2024T07:03:44 - [TEST_STEP][PASSED] - i1 = x.indexOf("/") + 1: null

02-12-2024T07:03:44 - [TEST_STEP][PASSED] - if (i1 > -1): null

02-12-2024T07:03:44 - [TEST_STEP][PASSED] - x = x.substring(i1, x.length()): null

02-12-2024T07:03:44 - [TEST_STEP][PASSED] - println(x): null

02-12-2024T07:03:44 - [TEST_STEP][PASSED] - i1 = x.indexOf("/") + 1: null

02-12-2024T07:03:44 - [TEST_STEP][PASSED] - if (i1 > -1): null

02-12-2024T07:03:44 - [TEST_STEP][PASSED] - x = x.substring(i1, x.length()): null

02-12-2024T07:03:44 - [TEST_STEP][PASSED] - println(x): null

02-12-2024T07:03:44 - [TEST_STEP][PASSED] - i1 = x.indexOf("/") + 1: null

02-12-2024T07:03:44 - [TEST_STEP][PASSED] - if (i1 > -1): null

02-12-2024T07:03:44 - [TEST_STEP][PASSED] - x = x.substring(i1, x.length()): null

02-12-2024T07:03:44 - [TEST_STEP][PASSED] - println(x): null

02-12-2024T07:03:44 - [TEST_STEP][PASSED] - i1 = x.indexOf("/") + 1: null

02-12-2024T07:03:44 - [TEST_STEP][PASSED] - if (i1 > -1): null

02-12-2024T07:03:44 - [TEST_STEP][PASSED] - x = x.substring(i1, x.length()): null

02-12-2024T07:03:44 - [TEST_STEP][PASSED] - println(x): null

02-12-2024T07:03:44 - [TEST_STEP][PASSED] - i1 = x.indexOf("/") + 1: null

02-12-2024T07:03:44 - [TEST_STEP][PASSED] - if (i1 > -1): null

02-12-2024T07:03:44 - [TEST_STEP][PASSED] - x = x.substring(i1, x.length()): null

02-12-2024T07:03:44 - [TEST_STEP][PASSED] - println(x): null

02-12-2024T07:03:44 - [TEST_STEP][PASSED] - i1 = x.indexOf("/") + 1: null

02-12-2024T07:03:44 - [TEST_STEP][PASSED] - if (i1 > -1): null

02-12-2024T07:03:44 - [TEST_STEP][PASSED] - x = x.substring(i1, x.length()): null

02-12-2024T07:03:44 - [TEST_STEP][PASSED] - println(x): null

02-12-2024T07:03:44 - [TEST_STEP][PASSED] - i1 = x.indexOf("/"): null

02-12-2024T07:03:44 - [TEST_STEP][PASSED] - if (i1 > -1): null

02-12-2024T07:03:44 - [TEST_STEP][PASSED] - x = x.substring(0, i1): null

02-12-2024T07:03:44 - [TEST_STEP][PASSED] - println(x): null

02-12-2024T07:03:44 - [TEST_STEP][PASSED] - return x: null

02-12-2024T07:03:44 - [TEST_STEP][PASSED] - tabB = GetOvSPlanB(x = b): null

02-12-2024T07:03:44 - [TEST_STEP][PASSED] - i1 = <not implemented yet for class: org.codehaus.groovy.ast.expr.EmptyExpression>: null

02-12-2024T07:03:44 - [TEST_STEP][PASSED] - ii = <not implemented yet for class: org.codehaus.groovy.ast.expr.EmptyExpression>: null

02-12-2024T07:03:44 - [TEST_STEP][PASSED] - for ([ii = 1, ii < 7, (ii++)]): null

02-12-2024T07:03:44 - [TEST_STEP][PASSED] - i1 = x.indexOf("/") + 1: null

02-12-2024T07:03:44 - [TEST_STEP][PASSED] - if (i1 > -1): null

02-12-2024T07:03:44 - [TEST_STEP][PASSED] - x = x.substring(i1, x.length()): null

02-12-2024T07:03:44 - [TEST_STEP][PASSED] - println(x): null

02-12-2024T07:03:44 - [TEST_STEP][PASSED] - i1 = x.indexOf("/") + 1: null

02-12-2024T07:03:44 - [TEST_STEP][PASSED] - if (i1 > -1): null

02-12-2024T07:03:44 - [TEST_STEP][PASSED] - x = x.substring(i1, x.length()): null

02-12-2024T07:03:44 - [TEST_STEP][PASSED] - println(x): null

02-12-2024T07:03:44 - [TEST_STEP][PASSED] - i1 = x.indexOf("/") + 1: null

02-12-2024T07:03:44 - [TEST_STEP][PASSED] - if (i1 > -1): null

02-12-2024T07:03:44 - [TEST_STEP][PASSED] - x = x.substring(i1, x.length()): null

02-12-2024T07:03:44 - [TEST_STEP][PASSED] - println(x): null

02-12-2024T07:03:44 - [TEST_STEP][PASSED] - i1 = x.indexOf("/") + 1: null

02-12-2024T07:03:44 - [TEST_STEP][PASSED] - if (i1 > -1): null

02-12-2024T07:03:44 - [TEST_STEP][PASSED] - x = x.substring(i1, x.length()): null

02-12-2024T07:03:44 - [TEST_STEP][PASSED] - println(x): null

02-12-2024T07:03:44 - [TEST_STEP][PASSED] - i1 = x.indexOf("/") + 1: null

02-12-2024T07:03:44 - [TEST_STEP][PASSED] - if (i1 > -1): null

02-12-2024T07:03:44 - [TEST_STEP][PASSED] - x = x.substring(i1, x.length()): null

02-12-2024T07:03:44 - [TEST_STEP][PASSED] - println(x): null

02-12-2024T07:03:44 - [TEST_STEP][PASSED] - i1 = x.indexOf("/") + 1: null

02-12-2024T07:03:44 - [TEST_STEP][PASSED] - if (i1 > -1): null

02-12-2024T07:03:44 - [TEST_STEP][PASSED] - x = x.substring(i1, x.length()): null

02-12-2024T07:03:44 - [TEST_STEP][PASSED] - println(x): null

02-12-2024T07:03:44 - [TEST_STEP][PASSED] - i1 = x.indexOf("/"): null

02-12-2024T07:03:44 - [TEST_STEP][PASSED] - if (i1 > -1): null

02-12-2024T07:03:44 - [TEST_STEP][PASSED] - x = x.substring(0, i1): null

02-12-2024T07:03:44 - [TEST_STEP][PASSED] - println(x): null

02-12-2024T07:03:44 - [TEST_STEP][FAILED] - return x: null

02-12-2024T07:03:44 - [TEST_STEP][PASSED] - println(tabR + "/" + tabB): null

02-12-2024T07:03:44 - [TEST_STEP][FAILED] - if (verifyEqual(PercFactR, PercFactB) == false): null

02-12-2024T07:03:44 - [MESSAGE][FAILED] - Unable to verify equal between actual object 'нет данных' and expected object '3.65' (Root cause: com.kms.katalon.core.exception.StepFailedException: Actual object 'нет данных' and expected object '3.65' are not equal
	at com.kms.katalon.core.keyword.builtin.VerifyEqualKeyword$_verifyEqual_closure1.doCall(VerifyEqualKeyword.groovy:58)
	at com.kms.katalon.core.keyword.builtin.VerifyEqualKeyword$_verifyEqual_closure1.call(VerifyEqualKeyword.groovy)
	at com.kms.katalon.core.keyword.internal.KeywordMain.runKeyword(KeywordMain.groovy:75)
	at com.kms.katalon.core.keyword.builtin.VerifyEqualKeyword.verifyEqual(VerifyEqualKeyword.groovy:63)
	at com.kms.katalon.core.keyword.builtin.VerifyEqualKeyword.execute(VerifyEqualKeyword.groovy:44)
	at com.kms.katalon.core.keyword.internal.KeywordExecutor.executeKeywordForPlatform(KeywordExecutor.groovy:74)
	at com.kms.katalon.core.keyword.BuiltinKeywords.verifyEqual(BuiltinKeywords.groovy:146)
	at jdk.internal.reflect.GeneratedMethodAccessor25.invoke(Unknown Source)
	at java.base/jdk.internal.reflect.DelegatingMethodAccessorImpl.invoke(DelegatingMethodAccessorImpl.java:43)
	at Выполнение бизнес-плана сверка дашбордов.CompareDZOData(Выполнение бизнес-плана сверка дашбордов:745)
	at Выполнение бизнес-плана сверка дашбордов.run(Выполнение бизнес-плана сверка дашбордов:583)
	at com.kms.katalon.core.main.ScriptEngine.run(ScriptEngine.java:194)
	at com.kms.katalon.core.main.ScriptEngine.runScriptAsRawText(ScriptEngine.java:119)
	at com.kms.katalon.core.main.TestCaseExecutor.runScript(TestCaseExecutor.java:448)
	at com.kms.katalon.core.main.TestCaseExecutor.doExecute(TestCaseExecutor.java:439)
	at com.kms.katalon.core.main.TestCaseExecutor.processExecutionPhase(TestCaseExecutor.java:418)
	at com.kms.katalon.core.main.TestCaseExecutor.accessMainPhase(TestCaseExecutor.java:410)
	at com.kms.katalon.core.main.TestCaseExecutor.execute(TestCaseExecutor.java:285)
	at com.kms.katalon.core.common.CommonExecutor.accessTestCaseMainPhase(CommonExecutor.java:65)
	at com.kms.katalon.core.main.TestSuiteExecutor.accessTestSuiteMainPhase(TestSuiteExecutor.java:150)
	at com.kms.katalon.core.main.TestSuiteExecutor.execute(TestSuiteExecutor.java:106)
	at com.kms.katalon.core.main.TestCaseMain.startTestSuite(TestCaseMain.java:180)
	at TempTestSuite1733111659562.run(TempTestSuite1733111659562.groovy:35)
	at java.base/jdk.internal.reflect.NativeMethodAccessorImpl.invoke0(Native Method)
	at java.base/jdk.internal.reflect.NativeMethodAccessorImpl.invoke(NativeMethodAccessorImpl.java:77)
	at java.base/jdk.internal.reflect.DelegatingMethodAccessorImpl.invoke(DelegatingMethodAccessorImpl.java:43)
)

02-12-2024T07:03:44 - [TEST_STEP][PASSED] - result = WriteToExcel(typeOfData, todaysDate, PercPlanR, PercPlanB, PercFactR, PercFactB, x, tabR, tabB, o1R, o1B, vidget): null

02-12-2024T07:03:44 - [TEST_STEP][PASSED] - iii = dZO.indexOf("/"): null

02-12-2024T07:03:44 - [TEST_STEP][PASSED] - println(iii): null

02-12-2024T07:03:44 - [TEST_STEP][PASSED] - dZO = dZO.substring(0, iii): null

02-12-2024T07:03:44 - [TEST_STEP][PASSED] - println(dZO): null

02-12-2024T07:03:44 - [TEST_STEP][PASSED] - println(PercPlanR): null

02-12-2024T07:03:44 - [TEST_STEP][PASSED] - println(PercPlanB): null

02-12-2024T07:03:44 - [TEST_STEP][PASSED] - println(PercFactR): null

02-12-2024T07:03:44 - [TEST_STEP][PASSED] - println(PercFactB): null

02-12-2024T07:03:44 - [TEST_STEP][PASSED] - println(tabR): null

02-12-2024T07:03:44 - [TEST_STEP][PASSED] - println(tabB): null

02-12-2024T07:03:44 - [TEST_STEP][PASSED] - println(o1R): null

02-12-2024T07:03:44 - [TEST_STEP][PASSED] - println(o1B): null

02-12-2024T07:03:44 - [TEST_STEP][PASSED] - PR = <not implemented yet for class: org.codehaus.groovy.ast.expr.EmptyExpression>: null

02-12-2024T07:03:44 - [TEST_STEP][PASSED] - FR = <not implemented yet for class: org.codehaus.groovy.ast.expr.EmptyExpression>: null

02-12-2024T07:03:44 - [TEST_STEP][PASSED] - PB = <not implemented yet for class: org.codehaus.groovy.ast.expr.EmptyExpression>: null

02-12-2024T07:03:44 - [TEST_STEP][PASSED] - FB = <not implemented yet for class: org.codehaus.groovy.ast.expr.EmptyExpression>: null

02-12-2024T07:03:44 - [TEST_STEP][PASSED] - TR = <not implemented yet for class: org.codehaus.groovy.ast.expr.EmptyExpression>: null

02-12-2024T07:03:44 - [TEST_STEP][PASSED] - TB = <not implemented yet for class: org.codehaus.groovy.ast.expr.EmptyExpression>: null

02-12-2024T07:03:44 - [TEST_STEP][PASSED] - sheetName = "Sheet1": null

02-12-2024T07:03:44 - [TEST_STEP][PASSED] - data = findTestData("PlanFact"): null

02-12-2024T07:03:44 - [TEST_STEP][PASSED] - n = data.getRowNumbers() + 1: null

02-12-2024T07:03:44 - [TEST_STEP][PASSED] - year = todaysDate.substring(todaysDate.length() - 4, todaysDate.length()): null

02-12-2024T07:03:44 - [TEST_STEP][PASSED] - y = year.toInteger(): null

02-12-2024T07:03:44 - [TEST_STEP][PASSED] - m = getText(findTestObject("Выполнение бизнес-плана/Выполнение бизнес-плана Балансы/Фильтр Дата")): Text of object 'Object Repository/Выполнение бизнес-плана/Выполнение бизнес-плана Балансы/Фильтр Дата' is: '1, 2, 3 кв., Октябрь 2024 года'

02-12-2024T07:03:44 - [MESSAGE][PASSED] - Text of object 'Object Repository/Выполнение бизнес-плана/Выполнение бизнес-плана Балансы/Фильтр Дата' is: '1, 2, 3 кв., Октябрь 2024 года'

02-12-2024T07:03:44 - [TEST_STEP][PASSED] - m = m.substring(0, m.indexOf("2024")): null

02-12-2024T07:03:44 - [TEST_STEP][PASSED] - m = m.trim(): null

02-12-2024T07:03:44 - [TEST_STEP][PASSED] - dashboardName = "Выполнение бизнес-плана": null

02-12-2024T07:03:44 - [TEST_STEP][PASSED] - workbook01 = getWorkbook(excelFilePath): null

02-12-2024T07:03:44 - [TEST_STEP][PASSED] - sheet01 = getExcelSheet(workbook01, sheetName): null

02-12-2024T07:03:44 - [TEST_STEP][PASSED] - setValueToCellByIndex(sheet01, n, 0, dashboardName): null

02-12-2024T07:03:44 - [TEST_STEP][PASSED] - setValueToCellByIndex(sheet01, n, 1, dZO): null

02-12-2024T07:03:44 - [TEST_STEP][PASSED] - setValueToCellByIndex(sheet01, n, 2, typeOfData): null

02-12-2024T07:03:44 - [TEST_STEP][PASSED] - setValueToCellByIndex(sheet01, n, 3, typeOfData): null

02-12-2024T07:03:44 - [TEST_STEP][PASSED] - if (typeOfData == "План"): null

02-12-2024T07:03:44 - [TEST_STEP][PASSED] - else if (typeOfData == "Факт"): null

02-12-2024T07:03:44 - [TEST_STEP][PASSED] - else if (vidget.contains("электроэнергии") == true): null

02-12-2024T07:03:44 - [TEST_STEP][PASSED] - if (tabR == null): null

02-12-2024T07:03:44 - [TEST_STEP][PASSED] - else: null

02-12-2024T07:03:44 - [TEST_STEP][PASSED] - if (tabR == "нет данных"): null

02-12-2024T07:03:44 - [TEST_STEP][PASSED] - setValueToCellByIndex(sheet01, n, 4, "нет данных"): null

02-12-2024T07:03:44 - [TEST_STEP][PASSED] - if (tabB == null): null

02-12-2024T07:03:44 - [TEST_STEP][PASSED] - else: null

02-12-2024T07:03:44 - [TEST_STEP][PASSED] - if (tabB == "нет данных"): null

02-12-2024T07:03:44 - [TEST_STEP][PASSED] - else: null

02-12-2024T07:03:44 - [TEST_STEP][PASSED] - TB = tabB.toInteger(): null

02-12-2024T07:03:44 - [TEST_STEP][PASSED] - setValueToCellByIndex(sheet01, n, 5, TB): null

02-12-2024T07:03:44 - [TEST_STEP][PASSED] - setValueToCellByIndex(sheet01, n, 6, m): null

02-12-2024T07:03:44 - [TEST_STEP][PASSED] - setValueToCellByIndex(sheet01, n, 7, y): null

02-12-2024T07:03:44 - [TEST_STEP][PASSED] - setValueToCellByIndex(sheet01, n, 8, todaysDate): null

02-12-2024T07:03:44 - [TEST_STEP][PASSED] - n = n + 1: null

02-12-2024T07:03:44 - [TEST_STEP][PASSED] - saveWorkbook(excelFilePath, workbook01): null

02-12-2024T07:03:44 - [TEST_STEP][PASSED] - typeOfData = "План Отпуск из сети": null

02-12-2024T07:03:44 - [TEST_STEP][PASSED] - tabR = GetOiSPlanR(x = a): null

02-12-2024T07:03:44 - [TEST_STEP][PASSED] - i1 = <not implemented yet for class: org.codehaus.groovy.ast.expr.EmptyExpression>: null

02-12-2024T07:03:44 - [TEST_STEP][PASSED] - ii = <not implemented yet for class: org.codehaus.groovy.ast.expr.EmptyExpression>: null

02-12-2024T07:03:44 - [TEST_STEP][PASSED] - for ([ii = 1, ii < 8, (ii++)]): null

02-12-2024T07:03:44 - [TEST_STEP][PASSED] - i1 = x.indexOf("/") + 1: null

02-12-2024T07:03:44 - [TEST_STEP][PASSED] - if (i1 > -1): null

02-12-2024T07:03:44 - [TEST_STEP][PASSED] - x = x.substring(i1, x.length()): null

02-12-2024T07:03:44 - [TEST_STEP][PASSED] - println(x): null

02-12-2024T07:03:44 - [TEST_STEP][PASSED] - i1 = x.indexOf("/") + 1: null

02-12-2024T07:03:44 - [TEST_STEP][PASSED] - if (i1 > -1): null

02-12-2024T07:03:44 - [TEST_STEP][PASSED] - x = x.substring(i1, x.length()): null

02-12-2024T07:03:44 - [TEST_STEP][PASSED] - println(x): null

02-12-2024T07:03:44 - [TEST_STEP][PASSED] - i1 = x.indexOf("/") + 1: null

02-12-2024T07:03:44 - [TEST_STEP][PASSED] - if (i1 > -1): null

02-12-2024T07:03:44 - [TEST_STEP][PASSED] - x = x.substring(i1, x.length()): null

02-12-2024T07:03:44 - [TEST_STEP][PASSED] - println(x): null

02-12-2024T07:03:44 - [TEST_STEP][PASSED] - i1 = x.indexOf("/") + 1: null

02-12-2024T07:03:44 - [TEST_STEP][PASSED] - if (i1 > -1): null

02-12-2024T07:03:44 - [TEST_STEP][PASSED] - x = x.substring(i1, x.length()): null

02-12-2024T07:03:44 - [TEST_STEP][PASSED] - println(x): null

02-12-2024T07:03:44 - [TEST_STEP][PASSED] - i1 = x.indexOf("/") + 1: null

02-12-2024T07:03:44 - [TEST_STEP][PASSED] - if (i1 > -1): null

02-12-2024T07:03:44 - [TEST_STEP][PASSED] - x = x.substring(i1, x.length()): null

02-12-2024T07:03:44 - [TEST_STEP][PASSED] - println(x): null

02-12-2024T07:03:44 - [TEST_STEP][PASSED] - i1 = x.indexOf("/") + 1: null

02-12-2024T07:03:44 - [TEST_STEP][PASSED] - if (i1 > -1): null

02-12-2024T07:03:44 - [TEST_STEP][PASSED] - x = x.substring(i1, x.length()): null

02-12-2024T07:03:44 - [TEST_STEP][PASSED] - println(x): null

02-12-2024T07:03:44 - [TEST_STEP][PASSED] - i1 = x.indexOf("/") + 1: null

02-12-2024T07:03:44 - [TEST_STEP][PASSED] - if (i1 > -1): null

02-12-2024T07:03:44 - [TEST_STEP][PASSED] - x = x.substring(i1, x.length()): null

02-12-2024T07:03:44 - [TEST_STEP][PASSED] - println(x): null

02-12-2024T07:03:44 - [TEST_STEP][PASSED] - i1 = x.indexOf("/"): null

02-12-2024T07:03:44 - [TEST_STEP][PASSED] - if (i1 > -1): null

02-12-2024T07:03:44 - [TEST_STEP][PASSED] - x = x.substring(0, i1): null

02-12-2024T07:03:44 - [TEST_STEP][PASSED] - println(x): null

02-12-2024T07:03:44 - [TEST_STEP][PASSED] - return x: null

02-12-2024T07:03:44 - [TEST_STEP][PASSED] - tabB = GetOiSPlanB(x = b): null

02-12-2024T07:03:44 - [TEST_STEP][PASSED] - i1 = <not implemented yet for class: org.codehaus.groovy.ast.expr.EmptyExpression>: null

02-12-2024T07:03:44 - [TEST_STEP][PASSED] - ii = <not implemented yet for class: org.codehaus.groovy.ast.expr.EmptyExpression>: null

02-12-2024T07:03:44 - [TEST_STEP][PASSED] - for ([ii = 1, ii < 8, (ii++)]): null

02-12-2024T07:03:44 - [TEST_STEP][PASSED] - i1 = x.indexOf("/") + 1: null

02-12-2024T07:03:44 - [TEST_STEP][PASSED] - if (i1 > -1): null

02-12-2024T07:03:44 - [TEST_STEP][PASSED] - x = x.substring(i1, x.length()): null

02-12-2024T07:03:44 - [TEST_STEP][PASSED] - println(x): null

02-12-2024T07:03:44 - [TEST_STEP][PASSED] - i1 = x.indexOf("/") + 1: null

02-12-2024T07:03:44 - [TEST_STEP][PASSED] - if (i1 > -1): null

02-12-2024T07:03:44 - [TEST_STEP][PASSED] - x = x.substring(i1, x.length()): null

02-12-2024T07:03:44 - [TEST_STEP][PASSED] - println(x): null

02-12-2024T07:03:44 - [TEST_STEP][PASSED] - i1 = x.indexOf("/") + 1: null

02-12-2024T07:03:44 - [TEST_STEP][PASSED] - if (i1 > -1): null

02-12-2024T07:03:44 - [TEST_STEP][PASSED] - x = x.substring(i1, x.length()): null

02-12-2024T07:03:44 - [TEST_STEP][PASSED] - println(x): null

02-12-2024T07:03:44 - [TEST_STEP][PASSED] - i1 = x.indexOf("/") + 1: null

02-12-2024T07:03:44 - [TEST_STEP][PASSED] - if (i1 > -1): null

02-12-2024T07:03:44 - [TEST_STEP][PASSED] - x = x.substring(i1, x.length()): null

02-12-2024T07:03:44 - [TEST_STEP][PASSED] - println(x): null

02-12-2024T07:03:44 - [TEST_STEP][PASSED] - i1 = x.indexOf("/") + 1: null

02-12-2024T07:03:44 - [TEST_STEP][PASSED] - if (i1 > -1): null

02-12-2024T07:03:44 - [TEST_STEP][PASSED] - x = x.substring(i1, x.length()): null

02-12-2024T07:03:44 - [TEST_STEP][PASSED] - println(x): null

02-12-2024T07:03:44 - [TEST_STEP][PASSED] - i1 = x.indexOf("/") + 1: null

02-12-2024T07:03:44 - [TEST_STEP][PASSED] - if (i1 > -1): null

02-12-2024T07:03:44 - [TEST_STEP][PASSED] - x = x.substring(i1, x.length()): null

02-12-2024T07:03:44 - [TEST_STEP][PASSED] - println(x): null

02-12-2024T07:03:44 - [TEST_STEP][PASSED] - i1 = x.indexOf("/") + 1: null

02-12-2024T07:03:44 - [TEST_STEP][PASSED] - if (i1 > -1): null

02-12-2024T07:03:44 - [TEST_STEP][PASSED] - x = x.substring(i1, x.length()): null

02-12-2024T07:03:44 - [TEST_STEP][PASSED] - println(x): null

02-12-2024T07:03:44 - [TEST_STEP][PASSED] - i1 = x.indexOf("/"): null

02-12-2024T07:03:44 - [TEST_STEP][PASSED] - if (i1 > -1): null

02-12-2024T07:03:44 - [TEST_STEP][PASSED] - x = x.substring(0, i1): null

02-12-2024T07:03:44 - [TEST_STEP][PASSED] - println(x): null

02-12-2024T07:03:44 - [TEST_STEP][FAILED] - return x: null

02-12-2024T07:03:44 - [TEST_STEP][PASSED] - println(tabR + "/" + tabB): null

02-12-2024T07:03:44 - [TEST_STEP][FAILED] - if (verifyEqual(PercFactR, PercFactB) == false): null

02-12-2024T07:03:44 - [MESSAGE][FAILED] - Unable to verify equal between actual object 'нет данных' and expected object '3.65' (Root cause: com.kms.katalon.core.exception.StepFailedException: Actual object 'нет данных' and expected object '3.65' are not equal
	at com.kms.katalon.core.keyword.builtin.VerifyEqualKeyword$_verifyEqual_closure1.doCall(VerifyEqualKeyword.groovy:58)
	at com.kms.katalon.core.keyword.builtin.VerifyEqualKeyword$_verifyEqual_closure1.call(VerifyEqualKeyword.groovy)
	at com.kms.katalon.core.keyword.internal.KeywordMain.runKeyword(KeywordMain.groovy:75)
	at com.kms.katalon.core.keyword.builtin.VerifyEqualKeyword.verifyEqual(VerifyEqualKeyword.groovy:63)
	at com.kms.katalon.core.keyword.builtin.VerifyEqualKeyword.execute(VerifyEqualKeyword.groovy:44)
	at com.kms.katalon.core.keyword.internal.KeywordExecutor.executeKeywordForPlatform(KeywordExecutor.groovy:74)
	at com.kms.katalon.core.keyword.BuiltinKeywords.verifyEqual(BuiltinKeywords.groovy:146)
	at jdk.internal.reflect.GeneratedMethodAccessor25.invoke(Unknown Source)
	at java.base/jdk.internal.reflect.DelegatingMethodAccessorImpl.invoke(DelegatingMethodAccessorImpl.java:43)
	at Выполнение бизнес-плана сверка дашбордов.CompareDZOData(Выполнение бизнес-плана сверка дашбордов:758)
	at Выполнение бизнес-плана сверка дашбордов.run(Выполнение бизнес-плана сверка дашбордов:583)
	at com.kms.katalon.core.main.ScriptEngine.run(ScriptEngine.java:194)
	at com.kms.katalon.core.main.ScriptEngine.runScriptAsRawText(ScriptEngine.java:119)
	at com.kms.katalon.core.main.TestCaseExecutor.runScript(TestCaseExecutor.java:448)
	at com.kms.katalon.core.main.TestCaseExecutor.doExecute(TestCaseExecutor.java:439)
	at com.kms.katalon.core.main.TestCaseExecutor.processExecutionPhase(TestCaseExecutor.java:418)
	at com.kms.katalon.core.main.TestCaseExecutor.accessMainPhase(TestCaseExecutor.java:410)
	at com.kms.katalon.core.main.TestCaseExecutor.execute(TestCaseExecutor.java:285)
	at com.kms.katalon.core.common.CommonExecutor.accessTestCaseMainPhase(CommonExecutor.java:65)
	at com.kms.katalon.core.main.TestSuiteExecutor.accessTestSuiteMainPhase(TestSuiteExecutor.java:150)
	at com.kms.katalon.core.main.TestSuiteExecutor.execute(TestSuiteExecutor.java:106)
	at com.kms.katalon.core.main.TestCaseMain.startTestSuite(TestCaseMain.java:180)
	at TempTestSuite1733111659562.run(TempTestSuite1733111659562.groovy:35)
	at java.base/jdk.internal.reflect.NativeMethodAccessorImpl.invoke0(Native Method)
	at java.base/jdk.internal.reflect.NativeMethodAccessorImpl.invoke(NativeMethodAccessorImpl.java:77)
	at java.base/jdk.internal.reflect.DelegatingMethodAccessorImpl.invoke(DelegatingMethodAccessorImpl.java:43)
)

02-12-2024T07:03:44 - [TEST_STEP][PASSED] - result = WriteToExcel(typeOfData, todaysDate, PercPlanR, PercPlanB, PercFactR, PercFactB, x, tabR, tabB, o1R, o1B, vidget): null

02-12-2024T07:03:44 - [TEST_STEP][PASSED] - iii = dZO.indexOf("/"): null

02-12-2024T07:03:44 - [TEST_STEP][PASSED] - println(iii): null

02-12-2024T07:03:44 - [TEST_STEP][PASSED] - dZO = dZO.substring(0, iii): null

02-12-2024T07:03:44 - [TEST_STEP][PASSED] - println(dZO): null

02-12-2024T07:03:44 - [TEST_STEP][PASSED] - println(PercPlanR): null

02-12-2024T07:03:44 - [TEST_STEP][PASSED] - println(PercPlanB): null

02-12-2024T07:03:44 - [TEST_STEP][PASSED] - println(PercFactR): null

02-12-2024T07:03:44 - [TEST_STEP][PASSED] - println(PercFactB): null

02-12-2024T07:03:44 - [TEST_STEP][PASSED] - println(tabR): null

02-12-2024T07:03:44 - [TEST_STEP][PASSED] - println(tabB): null

02-12-2024T07:03:44 - [TEST_STEP][PASSED] - println(o1R): null

02-12-2024T07:03:44 - [TEST_STEP][PASSED] - println(o1B): null

02-12-2024T07:03:44 - [TEST_STEP][PASSED] - PR = <not implemented yet for class: org.codehaus.groovy.ast.expr.EmptyExpression>: null

02-12-2024T07:03:44 - [TEST_STEP][PASSED] - FR = <not implemented yet for class: org.codehaus.groovy.ast.expr.EmptyExpression>: null

02-12-2024T07:03:44 - [TEST_STEP][PASSED] - PB = <not implemented yet for class: org.codehaus.groovy.ast.expr.EmptyExpression>: null

02-12-2024T07:03:44 - [TEST_STEP][PASSED] - FB = <not implemented yet for class: org.codehaus.groovy.ast.expr.EmptyExpression>: null

02-12-2024T07:03:44 - [TEST_STEP][PASSED] - TR = <not implemented yet for class: org.codehaus.groovy.ast.expr.EmptyExpression>: null

02-12-2024T07:03:44 - [TEST_STEP][PASSED] - TB = <not implemented yet for class: org.codehaus.groovy.ast.expr.EmptyExpression>: null

02-12-2024T07:03:44 - [TEST_STEP][PASSED] - sheetName = "Sheet1": null

02-12-2024T07:03:44 - [TEST_STEP][PASSED] - data = findTestData("PlanFact"): null

02-12-2024T07:03:44 - [TEST_STEP][PASSED] - n = data.getRowNumbers() + 1: null

02-12-2024T07:03:44 - [TEST_STEP][PASSED] - year = todaysDate.substring(todaysDate.length() - 4, todaysDate.length()): null

02-12-2024T07:03:44 - [TEST_STEP][PASSED] - y = year.toInteger(): null

02-12-2024T07:03:44 - [TEST_STEP][PASSED] - m = getText(findTestObject("Выполнение бизнес-плана/Выполнение бизнес-плана Балансы/Фильтр Дата")): Text of object 'Object Repository/Выполнение бизнес-плана/Выполнение бизнес-плана Балансы/Фильтр Дата' is: '1, 2, 3 кв., Октябрь 2024 года'

02-12-2024T07:03:45 - [MESSAGE][PASSED] - Text of object 'Object Repository/Выполнение бизнес-плана/Выполнение бизнес-плана Балансы/Фильтр Дата' is: '1, 2, 3 кв., Октябрь 2024 года'

02-12-2024T07:03:45 - [TEST_STEP][PASSED] - m = m.substring(0, m.indexOf("2024")): null

02-12-2024T07:03:45 - [TEST_STEP][PASSED] - m = m.trim(): null

02-12-2024T07:03:45 - [TEST_STEP][PASSED] - dashboardName = "Выполнение бизнес-плана": null

02-12-2024T07:03:45 - [TEST_STEP][PASSED] - workbook01 = getWorkbook(excelFilePath): null

02-12-2024T07:03:45 - [TEST_STEP][PASSED] - sheet01 = getExcelSheet(workbook01, sheetName): null

02-12-2024T07:03:45 - [TEST_STEP][PASSED] - setValueToCellByIndex(sheet01, n, 0, dashboardName): null

02-12-2024T07:03:45 - [TEST_STEP][PASSED] - setValueToCellByIndex(sheet01, n, 1, dZO): null

02-12-2024T07:03:45 - [TEST_STEP][PASSED] - setValueToCellByIndex(sheet01, n, 2, typeOfData): null

02-12-2024T07:03:45 - [TEST_STEP][PASSED] - setValueToCellByIndex(sheet01, n, 3, typeOfData): null

02-12-2024T07:03:45 - [TEST_STEP][PASSED] - if (typeOfData == "План"): null

02-12-2024T07:03:45 - [TEST_STEP][PASSED] - else if (typeOfData == "Факт"): null

02-12-2024T07:03:45 - [TEST_STEP][PASSED] - else if (vidget.contains("электроэнергии") == true): null

02-12-2024T07:03:45 - [TEST_STEP][PASSED] - if (tabR == null): null

02-12-2024T07:03:45 - [TEST_STEP][PASSED] - else: null

02-12-2024T07:03:45 - [TEST_STEP][PASSED] - if (tabR == "нет данных"): null

02-12-2024T07:03:45 - [TEST_STEP][PASSED] - setValueToCellByIndex(sheet01, n, 4, "нет данных"): null

02-12-2024T07:03:45 - [TEST_STEP][PASSED] - if (tabB == null): null

02-12-2024T07:03:45 - [TEST_STEP][PASSED] - else: null

02-12-2024T07:03:45 - [TEST_STEP][PASSED] - if (tabB == "нет данных"): null

02-12-2024T07:03:45 - [TEST_STEP][PASSED] - else: null

02-12-2024T07:03:45 - [TEST_STEP][PASSED] - TB = tabB.toInteger(): null

02-12-2024T07:03:45 - [TEST_STEP][PASSED] - setValueToCellByIndex(sheet01, n, 5, TB): null

02-12-2024T07:03:45 - [TEST_STEP][PASSED] - setValueToCellByIndex(sheet01, n, 6, m): null

02-12-2024T07:03:45 - [TEST_STEP][PASSED] - setValueToCellByIndex(sheet01, n, 7, y): null

02-12-2024T07:03:45 - [TEST_STEP][PASSED] - setValueToCellByIndex(sheet01, n, 8, todaysDate): null

02-12-2024T07:03:45 - [TEST_STEP][PASSED] - n = n + 1: null

02-12-2024T07:03:45 - [TEST_STEP][PASSED] - saveWorkbook(excelFilePath, workbook01): null

02-12-2024T07:03:45 - [TEST_STEP][PASSED] - typeOfData = "План Потери": null

02-12-2024T07:03:45 - [TEST_STEP][PASSED] - tabR = GetPPlanR(x = a): null

02-12-2024T07:03:45 - [TEST_STEP][PASSED] - i1 = <not implemented yet for class: org.codehaus.groovy.ast.expr.EmptyExpression>: null

02-12-2024T07:03:45 - [TEST_STEP][PASSED] - ii = <not implemented yet for class: org.codehaus.groovy.ast.expr.EmptyExpression>: null

02-12-2024T07:03:45 - [TEST_STEP][PASSED] - for ([ii = 1, ii < 9, (ii++)]): null

02-12-2024T07:03:45 - [TEST_STEP][PASSED] - i1 = x.indexOf("/") + 1: null

02-12-2024T07:03:45 - [TEST_STEP][PASSED] - if (i1 > -1): null

02-12-2024T07:03:45 - [TEST_STEP][PASSED] - x = x.substring(i1, x.length()): null

02-12-2024T07:03:45 - [TEST_STEP][PASSED] - println(x): null

02-12-2024T07:03:45 - [TEST_STEP][PASSED] - i1 = x.indexOf("/") + 1: null

02-12-2024T07:03:45 - [TEST_STEP][PASSED] - if (i1 > -1): null

02-12-2024T07:03:45 - [TEST_STEP][PASSED] - x = x.substring(i1, x.length()): null

02-12-2024T07:03:45 - [TEST_STEP][PASSED] - println(x): null

02-12-2024T07:03:45 - [TEST_STEP][PASSED] - i1 = x.indexOf("/") + 1: null

02-12-2024T07:03:45 - [TEST_STEP][PASSED] - if (i1 > -1): null

02-12-2024T07:03:45 - [TEST_STEP][PASSED] - x = x.substring(i1, x.length()): null

02-12-2024T07:03:45 - [TEST_STEP][PASSED] - println(x): null

02-12-2024T07:03:45 - [TEST_STEP][PASSED] - i1 = x.indexOf("/") + 1: null

02-12-2024T07:03:45 - [TEST_STEP][PASSED] - if (i1 > -1): null

02-12-2024T07:03:45 - [TEST_STEP][PASSED] - x = x.substring(i1, x.length()): null

02-12-2024T07:03:45 - [TEST_STEP][PASSED] - println(x): null

02-12-2024T07:03:45 - [TEST_STEP][PASSED] - i1 = x.indexOf("/") + 1: null

02-12-2024T07:03:45 - [TEST_STEP][PASSED] - if (i1 > -1): null

02-12-2024T07:03:45 - [TEST_STEP][PASSED] - x = x.substring(i1, x.length()): null

02-12-2024T07:03:45 - [TEST_STEP][PASSED] - println(x): null

02-12-2024T07:03:45 - [TEST_STEP][PASSED] - i1 = x.indexOf("/") + 1: null

02-12-2024T07:03:45 - [TEST_STEP][PASSED] - if (i1 > -1): null

02-12-2024T07:03:45 - [TEST_STEP][PASSED] - x = x.substring(i1, x.length()): null

02-12-2024T07:03:45 - [TEST_STEP][PASSED] - println(x): null

02-12-2024T07:03:45 - [TEST_STEP][PASSED] - i1 = x.indexOf("/") + 1: null

02-12-2024T07:03:45 - [TEST_STEP][PASSED] - if (i1 > -1): null

02-12-2024T07:03:45 - [TEST_STEP][PASSED] - x = x.substring(i1, x.length()): null

02-12-2024T07:03:45 - [TEST_STEP][PASSED] - println(x): null

02-12-2024T07:03:45 - [TEST_STEP][PASSED] - i1 = x.indexOf("/") + 1: null

02-12-2024T07:03:45 - [TEST_STEP][PASSED] - if (i1 > -1): null

02-12-2024T07:03:45 - [TEST_STEP][PASSED] - x = x.substring(i1, x.length()): null

02-12-2024T07:03:45 - [TEST_STEP][PASSED] - println(x): null

02-12-2024T07:03:45 - [TEST_STEP][PASSED] - i1 = x.indexOf("/"): null

02-12-2024T07:03:45 - [TEST_STEP][PASSED] - if (i1 > -1): null

02-12-2024T07:03:45 - [TEST_STEP][PASSED] - x = x.substring(0, i1): null

02-12-2024T07:03:45 - [TEST_STEP][PASSED] - println(x): null

02-12-2024T07:03:45 - [TEST_STEP][PASSED] - return x: null

02-12-2024T07:03:45 - [TEST_STEP][PASSED] - tabB = GetPPlanB(x = b): null

02-12-2024T07:03:45 - [TEST_STEP][PASSED] - i1 = <not implemented yet for class: org.codehaus.groovy.ast.expr.EmptyExpression>: null

02-12-2024T07:03:45 - [TEST_STEP][PASSED] - ii = <not implemented yet for class: org.codehaus.groovy.ast.expr.EmptyExpression>: null

02-12-2024T07:03:45 - [TEST_STEP][PASSED] - for ([ii = 1, ii < 9, (ii++)]): null

02-12-2024T07:03:45 - [TEST_STEP][PASSED] - i1 = x.indexOf("/") + 1: null

02-12-2024T07:03:45 - [TEST_STEP][PASSED] - if (i1 > -1): null

02-12-2024T07:03:45 - [TEST_STEP][PASSED] - x = x.substring(i1, x.length()): null

02-12-2024T07:03:45 - [TEST_STEP][PASSED] - println(x): null

02-12-2024T07:03:45 - [TEST_STEP][PASSED] - i1 = x.indexOf("/") + 1: null

02-12-2024T07:03:45 - [TEST_STEP][PASSED] - if (i1 > -1): null

02-12-2024T07:03:45 - [TEST_STEP][PASSED] - x = x.substring(i1, x.length()): null

02-12-2024T07:03:45 - [TEST_STEP][PASSED] - println(x): null

02-12-2024T07:03:45 - [TEST_STEP][PASSED] - i1 = x.indexOf("/") + 1: null

02-12-2024T07:03:45 - [TEST_STEP][PASSED] - if (i1 > -1): null

02-12-2024T07:03:45 - [TEST_STEP][PASSED] - x = x.substring(i1, x.length()): null

02-12-2024T07:03:45 - [TEST_STEP][PASSED] - println(x): null

02-12-2024T07:03:45 - [TEST_STEP][PASSED] - i1 = x.indexOf("/") + 1: null

02-12-2024T07:03:45 - [TEST_STEP][PASSED] - if (i1 > -1): null

02-12-2024T07:03:45 - [TEST_STEP][PASSED] - x = x.substring(i1, x.length()): null

02-12-2024T07:03:45 - [TEST_STEP][PASSED] - println(x): null

02-12-2024T07:03:45 - [TEST_STEP][PASSED] - i1 = x.indexOf("/") + 1: null

02-12-2024T07:03:45 - [TEST_STEP][PASSED] - if (i1 > -1): null

02-12-2024T07:03:45 - [TEST_STEP][PASSED] - x = x.substring(i1, x.length()): null

02-12-2024T07:03:45 - [TEST_STEP][PASSED] - println(x): null

02-12-2024T07:03:45 - [TEST_STEP][PASSED] - i1 = x.indexOf("/") + 1: null

02-12-2024T07:03:45 - [TEST_STEP][PASSED] - if (i1 > -1): null

02-12-2024T07:03:45 - [TEST_STEP][PASSED] - x = x.substring(i1, x.length()): null

02-12-2024T07:03:45 - [TEST_STEP][PASSED] - println(x): null

02-12-2024T07:03:45 - [TEST_STEP][PASSED] - i1 = x.indexOf("/") + 1: null

02-12-2024T07:03:45 - [TEST_STEP][PASSED] - if (i1 > -1): null

02-12-2024T07:03:45 - [TEST_STEP][PASSED] - x = x.substring(i1, x.length()): null

02-12-2024T07:03:45 - [TEST_STEP][PASSED] - println(x): null

02-12-2024T07:03:45 - [TEST_STEP][PASSED] - i1 = x.indexOf("/") + 1: null

02-12-2024T07:03:45 - [TEST_STEP][PASSED] - if (i1 > -1): null

02-12-2024T07:03:45 - [TEST_STEP][PASSED] - x = x.substring(i1, x.length()): null

02-12-2024T07:03:45 - [TEST_STEP][PASSED] - println(x): null

02-12-2024T07:03:45 - [TEST_STEP][PASSED] - i1 = x.indexOf("/"): null

02-12-2024T07:03:45 - [TEST_STEP][PASSED] - if (i1 > -1): null

02-12-2024T07:03:45 - [TEST_STEP][PASSED] - x = x.substring(0, i1): null

02-12-2024T07:03:45 - [TEST_STEP][PASSED] - println(x): null

02-12-2024T07:03:45 - [TEST_STEP][FAILED] - return x: null

02-12-2024T07:03:45 - [TEST_STEP][PASSED] - println(tabR + "/" + tabB): null

02-12-2024T07:03:45 - [TEST_STEP][FAILED] - if (verifyEqual(PercFactR, PercFactB) == false): null

02-12-2024T07:03:45 - [MESSAGE][FAILED] - Unable to verify equal between actual object 'нет данных' and expected object '3.65' (Root cause: com.kms.katalon.core.exception.StepFailedException: Actual object 'нет данных' and expected object '3.65' are not equal
	at com.kms.katalon.core.keyword.builtin.VerifyEqualKeyword$_verifyEqual_closure1.doCall(VerifyEqualKeyword.groovy:58)
	at com.kms.katalon.core.keyword.builtin.VerifyEqualKeyword$_verifyEqual_closure1.call(VerifyEqualKeyword.groovy)
	at com.kms.katalon.core.keyword.internal.KeywordMain.runKeyword(KeywordMain.groovy:75)
	at com.kms.katalon.core.keyword.builtin.VerifyEqualKeyword.verifyEqual(VerifyEqualKeyword.groovy:63)
	at com.kms.katalon.core.keyword.builtin.VerifyEqualKeyword.execute(VerifyEqualKeyword.groovy:44)
	at com.kms.katalon.core.keyword.internal.KeywordExecutor.executeKeywordForPlatform(KeywordExecutor.groovy:74)
	at com.kms.katalon.core.keyword.BuiltinKeywords.verifyEqual(BuiltinKeywords.groovy:146)
	at jdk.internal.reflect.GeneratedMethodAccessor25.invoke(Unknown Source)
	at java.base/jdk.internal.reflect.DelegatingMethodAccessorImpl.invoke(DelegatingMethodAccessorImpl.java:43)
	at Выполнение бизнес-плана сверка дашбордов.CompareDZOData(Выполнение бизнес-плана сверка дашбордов:771)
	at Выполнение бизнес-плана сверка дашбордов.run(Выполнение бизнес-плана сверка дашбордов:583)
	at com.kms.katalon.core.main.ScriptEngine.run(ScriptEngine.java:194)
	at com.kms.katalon.core.main.ScriptEngine.runScriptAsRawText(ScriptEngine.java:119)
	at com.kms.katalon.core.main.TestCaseExecutor.runScript(TestCaseExecutor.java:448)
	at com.kms.katalon.core.main.TestCaseExecutor.doExecute(TestCaseExecutor.java:439)
	at com.kms.katalon.core.main.TestCaseExecutor.processExecutionPhase(TestCaseExecutor.java:418)
	at com.kms.katalon.core.main.TestCaseExecutor.accessMainPhase(TestCaseExecutor.java:410)
	at com.kms.katalon.core.main.TestCaseExecutor.execute(TestCaseExecutor.java:285)
	at com.kms.katalon.core.common.CommonExecutor.accessTestCaseMainPhase(CommonExecutor.java:65)
	at com.kms.katalon.core.main.TestSuiteExecutor.accessTestSuiteMainPhase(TestSuiteExecutor.java:150)
	at com.kms.katalon.core.main.TestSuiteExecutor.execute(TestSuiteExecutor.java:106)
	at com.kms.katalon.core.main.TestCaseMain.startTestSuite(TestCaseMain.java:180)
	at TempTestSuite1733111659562.run(TempTestSuite1733111659562.groovy:35)
	at java.base/jdk.internal.reflect.NativeMethodAccessorImpl.invoke0(Native Method)
	at java.base/jdk.internal.reflect.NativeMethodAccessorImpl.invoke(NativeMethodAccessorImpl.java:77)
	at java.base/jdk.internal.reflect.DelegatingMethodAccessorImpl.invoke(DelegatingMethodAccessorImpl.java:43)
)

02-12-2024T07:03:45 - [TEST_STEP][PASSED] - result = WriteToExcel(typeOfData, todaysDate, PercPlanR, PercPlanB, PercFactR, PercFactB, x, tabR, tabB, o1R, o1B, vidget): null

02-12-2024T07:03:45 - [TEST_STEP][PASSED] - iii = dZO.indexOf("/"): null

02-12-2024T07:03:45 - [TEST_STEP][PASSED] - println(iii): null

02-12-2024T07:03:45 - [TEST_STEP][PASSED] - dZO = dZO.substring(0, iii): null

02-12-2024T07:03:45 - [TEST_STEP][PASSED] - println(dZO): null

02-12-2024T07:03:45 - [TEST_STEP][PASSED] - println(PercPlanR): null

02-12-2024T07:03:45 - [TEST_STEP][PASSED] - println(PercPlanB): null

02-12-2024T07:03:45 - [TEST_STEP][PASSED] - println(PercFactR): null

02-12-2024T07:03:45 - [TEST_STEP][PASSED] - println(PercFactB): null

02-12-2024T07:03:45 - [TEST_STEP][PASSED] - println(tabR): null

02-12-2024T07:03:45 - [TEST_STEP][PASSED] - println(tabB): null

02-12-2024T07:03:45 - [TEST_STEP][PASSED] - println(o1R): null

02-12-2024T07:03:45 - [TEST_STEP][PASSED] - println(o1B): null

02-12-2024T07:03:45 - [TEST_STEP][PASSED] - PR = <not implemented yet for class: org.codehaus.groovy.ast.expr.EmptyExpression>: null

02-12-2024T07:03:45 - [TEST_STEP][PASSED] - FR = <not implemented yet for class: org.codehaus.groovy.ast.expr.EmptyExpression>: null

02-12-2024T07:03:45 - [TEST_STEP][PASSED] - PB = <not implemented yet for class: org.codehaus.groovy.ast.expr.EmptyExpression>: null

02-12-2024T07:03:45 - [TEST_STEP][PASSED] - FB = <not implemented yet for class: org.codehaus.groovy.ast.expr.EmptyExpression>: null

02-12-2024T07:03:45 - [TEST_STEP][PASSED] - TR = <not implemented yet for class: org.codehaus.groovy.ast.expr.EmptyExpression>: null

02-12-2024T07:03:45 - [TEST_STEP][PASSED] - TB = <not implemented yet for class: org.codehaus.groovy.ast.expr.EmptyExpression>: null

02-12-2024T07:03:45 - [TEST_STEP][PASSED] - sheetName = "Sheet1": null

02-12-2024T07:03:45 - [TEST_STEP][PASSED] - data = findTestData("PlanFact"): null

02-12-2024T07:03:45 - [TEST_STEP][PASSED] - n = data.getRowNumbers() + 1: null

02-12-2024T07:03:45 - [TEST_STEP][PASSED] - year = todaysDate.substring(todaysDate.length() - 4, todaysDate.length()): null

02-12-2024T07:03:45 - [TEST_STEP][PASSED] - y = year.toInteger(): null

02-12-2024T07:03:45 - [TEST_STEP][PASSED] - m = getText(findTestObject("Выполнение бизнес-плана/Выполнение бизнес-плана Балансы/Фильтр Дата")): Text of object 'Object Repository/Выполнение бизнес-плана/Выполнение бизнес-плана Балансы/Фильтр Дата' is: '1, 2, 3 кв., Октябрь 2024 года'

02-12-2024T07:03:45 - [MESSAGE][PASSED] - Text of object 'Object Repository/Выполнение бизнес-плана/Выполнение бизнес-плана Балансы/Фильтр Дата' is: '1, 2, 3 кв., Октябрь 2024 года'

02-12-2024T07:03:45 - [TEST_STEP][PASSED] - m = m.substring(0, m.indexOf("2024")): null

02-12-2024T07:03:45 - [TEST_STEP][PASSED] - m = m.trim(): null

02-12-2024T07:03:45 - [TEST_STEP][PASSED] - dashboardName = "Выполнение бизнес-плана": null

02-12-2024T07:03:45 - [TEST_STEP][PASSED] - workbook01 = getWorkbook(excelFilePath): null

02-12-2024T07:03:45 - [TEST_STEP][PASSED] - sheet01 = getExcelSheet(workbook01, sheetName): null

02-12-2024T07:03:45 - [TEST_STEP][PASSED] - setValueToCellByIndex(sheet01, n, 0, dashboardName): null

02-12-2024T07:03:45 - [TEST_STEP][PASSED] - setValueToCellByIndex(sheet01, n, 1, dZO): null

02-12-2024T07:03:45 - [TEST_STEP][PASSED] - setValueToCellByIndex(sheet01, n, 2, typeOfData): null

02-12-2024T07:03:45 - [TEST_STEP][PASSED] - setValueToCellByIndex(sheet01, n, 3, typeOfData): null

02-12-2024T07:03:45 - [TEST_STEP][PASSED] - if (typeOfData == "План"): null

02-12-2024T07:03:45 - [TEST_STEP][PASSED] - else if (typeOfData == "Факт"): null

02-12-2024T07:03:45 - [TEST_STEP][PASSED] - else if (vidget.contains("электроэнергии") == true): null

02-12-2024T07:03:45 - [TEST_STEP][PASSED] - if (tabR == null): null

02-12-2024T07:03:45 - [TEST_STEP][PASSED] - else: null

02-12-2024T07:03:45 - [TEST_STEP][PASSED] - if (tabR == "нет данных"): null

02-12-2024T07:03:45 - [TEST_STEP][PASSED] - setValueToCellByIndex(sheet01, n, 4, "нет данных"): null

02-12-2024T07:03:45 - [TEST_STEP][PASSED] - if (tabB == null): null

02-12-2024T07:03:45 - [TEST_STEP][PASSED] - else: null

02-12-2024T07:03:45 - [TEST_STEP][PASSED] - if (tabB == "нет данных"): null

02-12-2024T07:03:45 - [TEST_STEP][PASSED] - else: null

02-12-2024T07:03:45 - [TEST_STEP][PASSED] - TB = tabB.toInteger(): null

02-12-2024T07:03:45 - [TEST_STEP][PASSED] - setValueToCellByIndex(sheet01, n, 5, TB): null

02-12-2024T07:03:45 - [TEST_STEP][PASSED] - setValueToCellByIndex(sheet01, n, 6, m): null

02-12-2024T07:03:45 - [TEST_STEP][PASSED] - setValueToCellByIndex(sheet01, n, 7, y): null

02-12-2024T07:03:45 - [TEST_STEP][PASSED] - setValueToCellByIndex(sheet01, n, 8, todaysDate): null

02-12-2024T07:03:45 - [TEST_STEP][PASSED] - n = n + 1: null

02-12-2024T07:03:45 - [TEST_STEP][PASSED] - saveWorkbook(excelFilePath, workbook01): null

02-12-2024T07:03:46 - [TEST_STEP][PASSED] - ii2 = a.indexOf("ПАО"): null

02-12-2024T07:03:46 - [TEST_STEP][PASSED] - if (ii2 == -1): null

02-12-2024T07:03:46 - [TEST_STEP][PASSED] - vidget = "Отклонения фактического уровня потерь от бизнес-плана": null

02-12-2024T07:03:46 - [TEST_STEP][PASSED] - typeOfData = "Коэффициент": null

02-12-2024T07:03:46 - [TEST_STEP][PASSED] - o1R = Geto1R(x = a): null

02-12-2024T07:03:46 - [TEST_STEP][PASSED] - i1 = <not implemented yet for class: org.codehaus.groovy.ast.expr.EmptyExpression>: null

02-12-2024T07:03:46 - [TEST_STEP][PASSED] - ii = <not implemented yet for class: org.codehaus.groovy.ast.expr.EmptyExpression>: null

02-12-2024T07:03:46 - [TEST_STEP][PASSED] - for ([ii = 1, ii < 10, (ii++)]): null

02-12-2024T07:03:46 - [TEST_STEP][PASSED] - i1 = x.indexOf("/") + 1: null

02-12-2024T07:03:46 - [TEST_STEP][PASSED] - if (i1 > -1): null

02-12-2024T07:03:46 - [TEST_STEP][PASSED] - x = x.substring(i1, x.length()): null

02-12-2024T07:03:46 - [TEST_STEP][PASSED] - i1 = x.indexOf("/") + 1: null

02-12-2024T07:03:46 - [TEST_STEP][PASSED] - if (i1 > -1): null

02-12-2024T07:03:46 - [TEST_STEP][PASSED] - x = x.substring(i1, x.length()): null

02-12-2024T07:03:46 - [TEST_STEP][PASSED] - i1 = x.indexOf("/") + 1: null

02-12-2024T07:03:46 - [TEST_STEP][PASSED] - if (i1 > -1): null

02-12-2024T07:03:46 - [TEST_STEP][PASSED] - x = x.substring(i1, x.length()): null

02-12-2024T07:03:46 - [TEST_STEP][PASSED] - i1 = x.indexOf("/") + 1: null

02-12-2024T07:03:46 - [TEST_STEP][PASSED] - if (i1 > -1): null

02-12-2024T07:03:46 - [TEST_STEP][PASSED] - x = x.substring(i1, x.length()): null

02-12-2024T07:03:46 - [TEST_STEP][PASSED] - i1 = x.indexOf("/") + 1: null

02-12-2024T07:03:46 - [TEST_STEP][PASSED] - if (i1 > -1): null

02-12-2024T07:03:46 - [TEST_STEP][PASSED] - x = x.substring(i1, x.length()): null

02-12-2024T07:03:46 - [TEST_STEP][PASSED] - i1 = x.indexOf("/") + 1: null

02-12-2024T07:03:46 - [TEST_STEP][PASSED] - if (i1 > -1): null

02-12-2024T07:03:46 - [TEST_STEP][PASSED] - x = x.substring(i1, x.length()): null

02-12-2024T07:03:46 - [TEST_STEP][PASSED] - i1 = x.indexOf("/") + 1: null

02-12-2024T07:03:46 - [TEST_STEP][PASSED] - if (i1 > -1): null

02-12-2024T07:03:46 - [TEST_STEP][PASSED] - x = x.substring(i1, x.length()): null

02-12-2024T07:03:46 - [TEST_STEP][PASSED] - i1 = x.indexOf("/") + 1: null

02-12-2024T07:03:46 - [TEST_STEP][PASSED] - if (i1 > -1): null

02-12-2024T07:03:46 - [TEST_STEP][PASSED] - x = x.substring(i1, x.length()): null

02-12-2024T07:03:46 - [TEST_STEP][PASSED] - i1 = x.indexOf("/") + 1: null

02-12-2024T07:03:46 - [TEST_STEP][PASSED] - if (i1 > -1): null

02-12-2024T07:03:46 - [TEST_STEP][PASSED] - x = x.substring(i1, x.length()): null

02-12-2024T07:03:46 - [TEST_STEP][PASSED] - i1 = x.indexOf("/"): null

02-12-2024T07:03:46 - [TEST_STEP][PASSED] - if (i1 > -1): null

02-12-2024T07:03:46 - [TEST_STEP][PASSED] - println(x): null

02-12-2024T07:03:46 - [TEST_STEP][PASSED] - return x: null

02-12-2024T07:03:46 - [TEST_STEP][PASSED] - o1B = Geto1B(x = b): null

02-12-2024T07:03:46 - [TEST_STEP][PASSED] - i1 = <not implemented yet for class: org.codehaus.groovy.ast.expr.EmptyExpression>: null

02-12-2024T07:03:46 - [TEST_STEP][PASSED] - ii = <not implemented yet for class: org.codehaus.groovy.ast.expr.EmptyExpression>: null

02-12-2024T07:03:46 - [TEST_STEP][PASSED] - for ([ii = 1, ii < 10, (ii++)]): null

02-12-2024T07:03:46 - [TEST_STEP][PASSED] - i1 = x.indexOf("/") + 1: null

02-12-2024T07:03:46 - [TEST_STEP][PASSED] - if (i1 > -1): null

02-12-2024T07:03:46 - [TEST_STEP][PASSED] - x = x.substring(i1, x.length()): null

02-12-2024T07:03:46 - [TEST_STEP][PASSED] - i1 = x.indexOf("/") + 1: null

02-12-2024T07:03:46 - [TEST_STEP][PASSED] - if (i1 > -1): null

02-12-2024T07:03:46 - [TEST_STEP][PASSED] - x = x.substring(i1, x.length()): null

02-12-2024T07:03:46 - [TEST_STEP][PASSED] - i1 = x.indexOf("/") + 1: null

02-12-2024T07:03:46 - [TEST_STEP][PASSED] - if (i1 > -1): null

02-12-2024T07:03:46 - [TEST_STEP][PASSED] - x = x.substring(i1, x.length()): null

02-12-2024T07:03:46 - [TEST_STEP][PASSED] - i1 = x.indexOf("/") + 1: null

02-12-2024T07:03:46 - [TEST_STEP][PASSED] - if (i1 > -1): null

02-12-2024T07:03:46 - [TEST_STEP][PASSED] - x = x.substring(i1, x.length()): null

02-12-2024T07:03:46 - [TEST_STEP][PASSED] - i1 = x.indexOf("/") + 1: null

02-12-2024T07:03:46 - [TEST_STEP][PASSED] - if (i1 > -1): null

02-12-2024T07:03:46 - [TEST_STEP][PASSED] - x = x.substring(i1, x.length()): null

02-12-2024T07:03:46 - [TEST_STEP][PASSED] - i1 = x.indexOf("/") + 1: null

02-12-2024T07:03:46 - [TEST_STEP][PASSED] - if (i1 > -1): null

02-12-2024T07:03:46 - [TEST_STEP][PASSED] - x = x.substring(i1, x.length()): null

02-12-2024T07:03:46 - [TEST_STEP][PASSED] - i1 = x.indexOf("/") + 1: null

02-12-2024T07:03:46 - [TEST_STEP][PASSED] - if (i1 > -1): null

02-12-2024T07:03:46 - [TEST_STEP][PASSED] - x = x.substring(i1, x.length()): null

02-12-2024T07:03:46 - [TEST_STEP][PASSED] - i1 = x.indexOf("/") + 1: null

02-12-2024T07:03:46 - [TEST_STEP][PASSED] - if (i1 > -1): null

02-12-2024T07:03:46 - [TEST_STEP][PASSED] - x = x.substring(i1, x.length()): null

02-12-2024T07:03:46 - [TEST_STEP][PASSED] - i1 = x.indexOf("/") + 1: null

02-12-2024T07:03:46 - [TEST_STEP][PASSED] - if (i1 > -1): null

02-12-2024T07:03:46 - [TEST_STEP][PASSED] - x = x.substring(i1, x.length()): null

02-12-2024T07:03:46 - [TEST_STEP][PASSED] - i1 = x.indexOf("/"): null

02-12-2024T07:03:46 - [TEST_STEP][PASSED] - if (i1 > -1): null

02-12-2024T07:03:46 - [TEST_STEP][PASSED] - println(x): null

02-12-2024T07:03:46 - [TEST_STEP][FAILED] - return x: null

02-12-2024T07:03:46 - [TEST_STEP][PASSED] - println(o1R + "/" + o1B): null

02-12-2024T07:03:46 - [TEST_STEP][FAILED] - if (verifyEqual(PercFactR, PercFactB) == false): null

02-12-2024T07:03:46 - [MESSAGE][FAILED] - Unable to verify equal between actual object 'нет данных' and expected object '3.65' (Root cause: com.kms.katalon.core.exception.StepFailedException: Actual object 'нет данных' and expected object '3.65' are not equal
	at com.kms.katalon.core.keyword.builtin.VerifyEqualKeyword$_verifyEqual_closure1.doCall(VerifyEqualKeyword.groovy:58)
	at com.kms.katalon.core.keyword.builtin.VerifyEqualKeyword$_verifyEqual_closure1.call(VerifyEqualKeyword.groovy)
	at com.kms.katalon.core.keyword.internal.KeywordMain.runKeyword(KeywordMain.groovy:75)
	at com.kms.katalon.core.keyword.builtin.VerifyEqualKeyword.verifyEqual(VerifyEqualKeyword.groovy:63)
	at com.kms.katalon.core.keyword.builtin.VerifyEqualKeyword.execute(VerifyEqualKeyword.groovy:44)
	at com.kms.katalon.core.keyword.internal.KeywordExecutor.executeKeywordForPlatform(KeywordExecutor.groovy:74)
	at com.kms.katalon.core.keyword.BuiltinKeywords.verifyEqual(BuiltinKeywords.groovy:146)
	at jdk.internal.reflect.GeneratedMethodAccessor25.invoke(Unknown Source)
	at java.base/jdk.internal.reflect.DelegatingMethodAccessorImpl.invoke(DelegatingMethodAccessorImpl.java:43)
	at Выполнение бизнес-плана сверка дашбордов.CompareDZOData(Выполнение бизнес-плана сверка дашбордов:789)
	at Выполнение бизнес-плана сверка дашбордов.run(Выполнение бизнес-плана сверка дашбордов:583)
	at com.kms.katalon.core.main.ScriptEngine.run(ScriptEngine.java:194)
	at com.kms.katalon.core.main.ScriptEngine.runScriptAsRawText(ScriptEngine.java:119)
	at com.kms.katalon.core.main.TestCaseExecutor.runScript(TestCaseExecutor.java:448)
	at com.kms.katalon.core.main.TestCaseExecutor.doExecute(TestCaseExecutor.java:439)
	at com.kms.katalon.core.main.TestCaseExecutor.processExecutionPhase(TestCaseExecutor.java:418)
	at com.kms.katalon.core.main.TestCaseExecutor.accessMainPhase(TestCaseExecutor.java:410)
	at com.kms.katalon.core.main.TestCaseExecutor.execute(TestCaseExecutor.java:285)
	at com.kms.katalon.core.common.CommonExecutor.accessTestCaseMainPhase(CommonExecutor.java:65)
	at com.kms.katalon.core.main.TestSuiteExecutor.accessTestSuiteMainPhase(TestSuiteExecutor.java:150)
	at com.kms.katalon.core.main.TestSuiteExecutor.execute(TestSuiteExecutor.java:106)
	at com.kms.katalon.core.main.TestCaseMain.startTestSuite(TestCaseMain.java:180)
	at TempTestSuite1733111659562.run(TempTestSuite1733111659562.groovy:35)
	at java.base/jdk.internal.reflect.NativeMethodAccessorImpl.invoke0(Native Method)
	at java.base/jdk.internal.reflect.NativeMethodAccessorImpl.invoke(NativeMethodAccessorImpl.java:77)
	at java.base/jdk.internal.reflect.DelegatingMethodAccessorImpl.invoke(DelegatingMethodAccessorImpl.java:43)
)

02-12-2024T07:03:46 - [TEST_STEP][PASSED] - result = WriteToExcel(typeOfData, todaysDate, PercPlanR, PercPlanB, PercFactR, PercFactB, x, tabR, tabB, o1R, o1B, vidget): null

02-12-2024T07:03:46 - [TEST_STEP][PASSED] - iii = dZO.indexOf("/"): null

02-12-2024T07:03:46 - [TEST_STEP][PASSED] - println(iii): null

02-12-2024T07:03:46 - [TEST_STEP][PASSED] - dZO = dZO.substring(0, iii): null

02-12-2024T07:03:46 - [TEST_STEP][PASSED] - println(dZO): null

02-12-2024T07:03:46 - [TEST_STEP][PASSED] - println(PercPlanR): null

02-12-2024T07:03:46 - [TEST_STEP][PASSED] - println(PercPlanB): null

02-12-2024T07:03:46 - [TEST_STEP][PASSED] - println(PercFactR): null

02-12-2024T07:03:46 - [TEST_STEP][PASSED] - println(PercFactB): null

02-12-2024T07:03:46 - [TEST_STEP][PASSED] - println(tabR): null

02-12-2024T07:03:46 - [TEST_STEP][PASSED] - println(tabB): null

02-12-2024T07:03:46 - [TEST_STEP][PASSED] - println(o1R): null

02-12-2024T07:03:46 - [TEST_STEP][PASSED] - println(o1B): null

02-12-2024T07:03:46 - [TEST_STEP][PASSED] - PR = <not implemented yet for class: org.codehaus.groovy.ast.expr.EmptyExpression>: null

02-12-2024T07:03:46 - [TEST_STEP][PASSED] - FR = <not implemented yet for class: org.codehaus.groovy.ast.expr.EmptyExpression>: null

02-12-2024T07:03:46 - [TEST_STEP][PASSED] - PB = <not implemented yet for class: org.codehaus.groovy.ast.expr.EmptyExpression>: null

02-12-2024T07:03:46 - [TEST_STEP][PASSED] - FB = <not implemented yet for class: org.codehaus.groovy.ast.expr.EmptyExpression>: null

02-12-2024T07:03:46 - [TEST_STEP][PASSED] - TR = <not implemented yet for class: org.codehaus.groovy.ast.expr.EmptyExpression>: null

02-12-2024T07:03:46 - [TEST_STEP][PASSED] - TB = <not implemented yet for class: org.codehaus.groovy.ast.expr.EmptyExpression>: null

02-12-2024T07:03:46 - [TEST_STEP][PASSED] - sheetName = "Sheet1": null

02-12-2024T07:03:46 - [TEST_STEP][PASSED] - data = findTestData("PlanFact"): null

02-12-2024T07:03:46 - [TEST_STEP][PASSED] - n = data.getRowNumbers() + 1: null

02-12-2024T07:03:46 - [TEST_STEP][PASSED] - year = todaysDate.substring(todaysDate.length() - 4, todaysDate.length()): null

02-12-2024T07:03:46 - [TEST_STEP][PASSED] - y = year.toInteger(): null

02-12-2024T07:03:46 - [TEST_STEP][PASSED] - m = getText(findTestObject("Выполнение бизнес-плана/Выполнение бизнес-плана Балансы/Фильтр Дата")): Text of object 'Object Repository/Выполнение бизнес-плана/Выполнение бизнес-плана Балансы/Фильтр Дата' is: '1, 2, 3 кв., Октябрь 2024 года'

02-12-2024T07:03:46 - [MESSAGE][PASSED] - Text of object 'Object Repository/Выполнение бизнес-плана/Выполнение бизнес-плана Балансы/Фильтр Дата' is: '1, 2, 3 кв., Октябрь 2024 года'

02-12-2024T07:03:46 - [TEST_STEP][PASSED] - m = m.substring(0, m.indexOf("2024")): null

02-12-2024T07:03:46 - [TEST_STEP][PASSED] - m = m.trim(): null

02-12-2024T07:03:46 - [TEST_STEP][PASSED] - dashboardName = "Выполнение бизнес-плана": null

02-12-2024T07:03:46 - [TEST_STEP][PASSED] - workbook01 = getWorkbook(excelFilePath): null

02-12-2024T07:03:46 - [TEST_STEP][PASSED] - sheet01 = getExcelSheet(workbook01, sheetName): null

02-12-2024T07:03:46 - [TEST_STEP][PASSED] - setValueToCellByIndex(sheet01, n, 0, dashboardName): null

02-12-2024T07:03:46 - [TEST_STEP][PASSED] - setValueToCellByIndex(sheet01, n, 1, dZO): null

02-12-2024T07:03:46 - [TEST_STEP][PASSED] - setValueToCellByIndex(sheet01, n, 2, typeOfData): null

02-12-2024T07:03:46 - [TEST_STEP][PASSED] - setValueToCellByIndex(sheet01, n, 3, typeOfData): null

02-12-2024T07:03:46 - [TEST_STEP][PASSED] - if (typeOfData == "План"): null

02-12-2024T07:03:46 - [TEST_STEP][PASSED] - else if (typeOfData == "Факт"): null

02-12-2024T07:03:46 - [TEST_STEP][PASSED] - else if (vidget.contains("электроэнергии") == true): null

02-12-2024T07:03:46 - [TEST_STEP][PASSED] - else: null

02-12-2024T07:03:46 - [TEST_STEP][PASSED] - if (o1R == null): null

02-12-2024T07:03:46 - [TEST_STEP][PASSED] - else: null

02-12-2024T07:03:46 - [TEST_STEP][PASSED] - if (o1R == "нет данных"): null

02-12-2024T07:03:46 - [TEST_STEP][PASSED] - setValueToCellByIndex(sheet01, n, 4, "нет данных"): null

02-12-2024T07:03:46 - [TEST_STEP][PASSED] - if (o1B == null): null

02-12-2024T07:03:46 - [TEST_STEP][PASSED] - else: null

02-12-2024T07:03:46 - [TEST_STEP][PASSED] - if (o1B == "нет данных"): null

02-12-2024T07:03:46 - [TEST_STEP][PASSED] - else: null

02-12-2024T07:03:46 - [TEST_STEP][PASSED] - FB = o1B.toDouble(): null

02-12-2024T07:03:46 - [TEST_STEP][PASSED] - setValueToCellByIndex(sheet01, n, 5, FB): null

02-12-2024T07:03:46 - [TEST_STEP][PASSED] - setValueToCellByIndex(sheet01, n, 6, m): null

02-12-2024T07:03:46 - [TEST_STEP][PASSED] - setValueToCellByIndex(sheet01, n, 7, y): null

02-12-2024T07:03:46 - [TEST_STEP][PASSED] - setValueToCellByIndex(sheet01, n, 8, todaysDate): null

02-12-2024T07:03:46 - [TEST_STEP][PASSED] - n = n + 1: null

02-12-2024T07:03:46 - [TEST_STEP][FAILED] - saveWorkbook(excelFilePath, workbook01): null

02-12-2024T07:03:46 - [TEST_STEP][PASSED] - if (verifyEqual(tyR, tyB) == false): Actual object 'АО "Тываэнерго"/21.03/20.96/572217/452291/119926/544127/429681/114446/-0.07' and expected object 'АО "Тываэнерго"/21.03/20.96/572217/452291/119926/544127/429681/114446/-0.07' are equal

02-12-2024T07:03:46 - [MESSAGE][PASSED] - Actual object 'АО "Тываэнерго"/21.03/20.96/572217/452291/119926/544127/429681/114446/-0.07' and expected object 'АО "Тываэнерго"/21.03/20.96/572217/452291/119926/544127/429681/114446/-0.07' are equal

02-12-2024T07:03:46 - [TEST_STEP][PASSED] - if (verifyEqual(chR, chB) == false): Actual object 'АО "Чеченэнерго"/32.87/36.59/3034612/1924288/1110325/2822152/1894447/927705/3.72' and expected object 'АО "Чеченэнерго"/32.87/36.59/3034612/1924288/1110325/2822152/1894447/927705/3.72' are equal

02-12-2024T07:03:46 - [MESSAGE][PASSED] - Actual object 'АО "Чеченэнерго"/32.87/36.59/3034612/1924288/1110325/2822152/1894447/927705/3.72' and expected object 'АО "Чеченэнерго"/32.87/36.59/3034612/1924288/1110325/2822152/1894447/927705/3.72' are equal

02-12-2024T07:03:46 - [TEST_STEP][FAILED] - if (verifyEqual(vR, vB) == false): null

02-12-2024T07:03:46 - [MESSAGE][FAILED] - Unable to verify equal between actual object 'Россети Волга/нет данных/нет данных/нет данных/нет данных/нет данных/нет данных/нет данных/нет данных/нет данных' and expected object 'Россети Волга/5.43/5.05/44218047/41984455/2233593/43718080/41326865/2391215/-0.38' (Root cause: com.kms.katalon.core.exception.StepFailedException: Actual object 'Россети Волга/нет данных/нет данных/нет данных/нет данных/нет данных/нет данных/нет данных/нет данных/нет данных' and expected object 'Россети Волга/5.43/5.05/44218047/41984455/2233593/43718080/41326865/2391215/-0.38' are not equal
	at com.kms.katalon.core.keyword.builtin.VerifyEqualKeyword$_verifyEqual_closure1.doCall(VerifyEqualKeyword.groovy:58)
	at com.kms.katalon.core.keyword.builtin.VerifyEqualKeyword$_verifyEqual_closure1.call(VerifyEqualKeyword.groovy)
	at com.kms.katalon.core.keyword.internal.KeywordMain.runKeyword(KeywordMain.groovy:75)
	at com.kms.katalon.core.keyword.builtin.VerifyEqualKeyword.verifyEqual(VerifyEqualKeyword.groovy:63)
	at com.kms.katalon.core.keyword.builtin.VerifyEqualKeyword.execute(VerifyEqualKeyword.groovy:44)
	at com.kms.katalon.core.keyword.internal.KeywordExecutor.executeKeywordForPlatform(KeywordExecutor.groovy:74)
	at com.kms.katalon.core.keyword.BuiltinKeywords.verifyEqual(BuiltinKeywords.groovy:146)
	at jdk.internal.reflect.GeneratedMethodAccessor25.invoke(Unknown Source)
	at java.base/jdk.internal.reflect.DelegatingMethodAccessorImpl.invoke(DelegatingMethodAccessorImpl.java:43)
	at Выполнение бизнес-плана сверка дашбордов.run(Выполнение бизнес-плана сверка дашбордов:597)
	at com.kms.katalon.core.main.ScriptEngine.run(ScriptEngine.java:194)
	at com.kms.katalon.core.main.ScriptEngine.runScriptAsRawText(ScriptEngine.java:119)
	at com.kms.katalon.core.main.TestCaseExecutor.runScript(TestCaseExecutor.java:448)
	at com.kms.katalon.core.main.TestCaseExecutor.doExecute(TestCaseExecutor.java:439)
	at com.kms.katalon.core.main.TestCaseExecutor.processExecutionPhase(TestCaseExecutor.java:418)
	at com.kms.katalon.core.main.TestCaseExecutor.accessMainPhase(TestCaseExecutor.java:410)
	at com.kms.katalon.core.main.TestCaseExecutor.execute(TestCaseExecutor.java:285)
	at com.kms.katalon.core.common.CommonExecutor.accessTestCaseMainPhase(CommonExecutor.java:65)
	at com.kms.katalon.core.main.TestSuiteExecutor.accessTestSuiteMainPhase(TestSuiteExecutor.java:150)
	at com.kms.katalon.core.main.TestSuiteExecutor.execute(TestSuiteExecutor.java:106)
	at com.kms.katalon.core.main.TestCaseMain.startTestSuite(TestCaseMain.java:180)
	at TempTestSuite1733111659562.run(TempTestSuite1733111659562.groovy:35)
	at java.base/jdk.internal.reflect.NativeMethodAccessorImpl.invoke0(Native Method)
	at java.base/jdk.internal.reflect.NativeMethodAccessorImpl.invoke(NativeMethodAccessorImpl.java:77)
	at java.base/jdk.internal.reflect.DelegatingMethodAccessorImpl.invoke(DelegatingMethodAccessorImpl.java:43)
)

02-12-2024T07:03:46 - [TEST_STEP][PASSED] - result = CompareDZOData(a = vR, b = vB, dZO, typeOfData, PercPlanR, PercPlanB, PercFactR, PercFactB, todaysDate, x, vidget, tabR, tabB, o1R, o1B): null

02-12-2024T07:03:46 - [TEST_STEP][PASSED] - ii2 = <not implemented yet for class: org.codehaus.groovy.ast.expr.EmptyExpression>: null

02-12-2024T07:03:46 - [TEST_STEP][FAILED] - if (verifyEqual(a, b) == false): null

02-12-2024T07:03:46 - [MESSAGE][FAILED] - Unable to verify equal between actual object 'Россети Волга/нет данных/нет данных/нет данных/нет данных/нет данных/нет данных/нет данных/нет данных/нет данных' and expected object 'Россети Волга/5.43/5.05/44218047/41984455/2233593/43718080/41326865/2391215/-0.38' (Root cause: com.kms.katalon.core.exception.StepFailedException: Actual object 'Россети Волга/нет данных/нет данных/нет данных/нет данных/нет данных/нет данных/нет данных/нет данных/нет данных' and expected object 'Россети Волга/5.43/5.05/44218047/41984455/2233593/43718080/41326865/2391215/-0.38' are not equal
	at com.kms.katalon.core.keyword.builtin.VerifyEqualKeyword$_verifyEqual_closure1.doCall(VerifyEqualKeyword.groovy:58)
	at com.kms.katalon.core.keyword.builtin.VerifyEqualKeyword$_verifyEqual_closure1.call(VerifyEqualKeyword.groovy)
	at com.kms.katalon.core.keyword.internal.KeywordMain.runKeyword(KeywordMain.groovy:75)
	at com.kms.katalon.core.keyword.builtin.VerifyEqualKeyword.verifyEqual(VerifyEqualKeyword.groovy:63)
	at com.kms.katalon.core.keyword.builtin.VerifyEqualKeyword.execute(VerifyEqualKeyword.groovy:44)
	at com.kms.katalon.core.keyword.internal.KeywordExecutor.executeKeywordForPlatform(KeywordExecutor.groovy:74)
	at com.kms.katalon.core.keyword.BuiltinKeywords.verifyEqual(BuiltinKeywords.groovy:146)
	at jdk.internal.reflect.GeneratedMethodAccessor25.invoke(Unknown Source)
	at java.base/jdk.internal.reflect.DelegatingMethodAccessorImpl.invoke(DelegatingMethodAccessorImpl.java:43)
	at Выполнение бизнес-плана сверка дашбордов.CompareDZOData(Выполнение бизнес-плана сверка дашбордов:673)
	at Выполнение бизнес-плана сверка дашбордов.run(Выполнение бизнес-плана сверка дашбордов:598)
	at com.kms.katalon.core.main.ScriptEngine.run(ScriptEngine.java:194)
	at com.kms.katalon.core.main.ScriptEngine.runScriptAsRawText(ScriptEngine.java:119)
	at com.kms.katalon.core.main.TestCaseExecutor.runScript(TestCaseExecutor.java:448)
	at com.kms.katalon.core.main.TestCaseExecutor.doExecute(TestCaseExecutor.java:439)
	at com.kms.katalon.core.main.TestCaseExecutor.processExecutionPhase(TestCaseExecutor.java:418)
	at com.kms.katalon.core.main.TestCaseExecutor.accessMainPhase(TestCaseExecutor.java:410)
	at com.kms.katalon.core.main.TestCaseExecutor.execute(TestCaseExecutor.java:285)
	at com.kms.katalon.core.common.CommonExecutor.accessTestCaseMainPhase(CommonExecutor.java:65)
	at com.kms.katalon.core.main.TestSuiteExecutor.accessTestSuiteMainPhase(TestSuiteExecutor.java:150)
	at com.kms.katalon.core.main.TestSuiteExecutor.execute(TestSuiteExecutor.java:106)
	at com.kms.katalon.core.main.TestCaseMain.startTestSuite(TestCaseMain.java:180)
	at TempTestSuite1733111659562.run(TempTestSuite1733111659562.groovy:35)
	at java.base/jdk.internal.reflect.NativeMethodAccessorImpl.invoke0(Native Method)
	at java.base/jdk.internal.reflect.NativeMethodAccessorImpl.invoke(NativeMethodAccessorImpl.java:77)
	at java.base/jdk.internal.reflect.DelegatingMethodAccessorImpl.invoke(DelegatingMethodAccessorImpl.java:43)
)

02-12-2024T07:03:46 - [TEST_STEP][PASSED] - vidget = "Уровень потерь электроэнергии": null

02-12-2024T07:03:46 - [TEST_STEP][PASSED] - typeOfData = "План": null

02-12-2024T07:03:46 - [TEST_STEP][PASSED] - PercPlanR = GetPercPlanR(x = a): null

02-12-2024T07:03:46 - [TEST_STEP][PASSED] - i1 = <not implemented yet for class: org.codehaus.groovy.ast.expr.EmptyExpression>: null

02-12-2024T07:03:46 - [TEST_STEP][PASSED] - i1 = x.indexOf("/") + 1: null

02-12-2024T07:03:46 - [TEST_STEP][PASSED] - if (i1 > -1): null

02-12-2024T07:03:46 - [TEST_STEP][PASSED] - x = x.substring(i1, x.length()): null

02-12-2024T07:03:46 - [TEST_STEP][PASSED] - i1 = x.indexOf("/"): null

02-12-2024T07:03:46 - [TEST_STEP][PASSED] - if (i1 > -1): null

02-12-2024T07:03:46 - [TEST_STEP][PASSED] - x = x.substring(0, i1): null

02-12-2024T07:03:46 - [TEST_STEP][PASSED] - return x: null

02-12-2024T07:03:46 - [TEST_STEP][PASSED] - PercPlanB = GetPercPlanB(x = b): null

02-12-2024T07:03:46 - [TEST_STEP][PASSED] - i1 = <not implemented yet for class: org.codehaus.groovy.ast.expr.EmptyExpression>: null

02-12-2024T07:03:46 - [TEST_STEP][PASSED] - i1 = x.indexOf("/") + 1: null

02-12-2024T07:03:46 - [TEST_STEP][PASSED] - if (i1 > -1): null

02-12-2024T07:03:46 - [TEST_STEP][PASSED] - x = x.substring(i1, x.length()): null

02-12-2024T07:03:46 - [TEST_STEP][PASSED] - i1 = x.indexOf("/"): null

02-12-2024T07:03:46 - [TEST_STEP][PASSED] - if (i1 > -1): null

02-12-2024T07:03:46 - [TEST_STEP][PASSED] - x = x.substring(0, i1): null

02-12-2024T07:03:46 - [TEST_STEP][FAILED] - return x: null

02-12-2024T07:03:46 - [TEST_STEP][FAILED] - if (verifyEqual(PercPlanR, PercPlanB) == false): null

02-12-2024T07:03:46 - [MESSAGE][FAILED] - Unable to verify equal between actual object 'нет данных' and expected object '5.43' (Root cause: com.kms.katalon.core.exception.StepFailedException: Actual object 'нет данных' and expected object '5.43' are not equal
	at com.kms.katalon.core.keyword.builtin.VerifyEqualKeyword$_verifyEqual_closure1.doCall(VerifyEqualKeyword.groovy:58)
	at com.kms.katalon.core.keyword.builtin.VerifyEqualKeyword$_verifyEqual_closure1.call(VerifyEqualKeyword.groovy)
	at com.kms.katalon.core.keyword.internal.KeywordMain.runKeyword(KeywordMain.groovy:75)
	at com.kms.katalon.core.keyword.builtin.VerifyEqualKeyword.verifyEqual(VerifyEqualKeyword.groovy:63)
	at com.kms.katalon.core.keyword.builtin.VerifyEqualKeyword.execute(VerifyEqualKeyword.groovy:44)
	at com.kms.katalon.core.keyword.internal.KeywordExecutor.executeKeywordForPlatform(KeywordExecutor.groovy:74)
	at com.kms.katalon.core.keyword.BuiltinKeywords.verifyEqual(BuiltinKeywords.groovy:146)
	at jdk.internal.reflect.GeneratedMethodAccessor25.invoke(Unknown Source)
	at java.base/jdk.internal.reflect.DelegatingMethodAccessorImpl.invoke(DelegatingMethodAccessorImpl.java:43)
	at Выполнение бизнес-плана сверка дашбордов.CompareDZOData(Выполнение бизнес-плана сверка дашбордов:682)
	at Выполнение бизнес-плана сверка дашбордов.run(Выполнение бизнес-плана сверка дашбордов:598)
	at com.kms.katalon.core.main.ScriptEngine.run(ScriptEngine.java:194)
	at com.kms.katalon.core.main.ScriptEngine.runScriptAsRawText(ScriptEngine.java:119)
	at com.kms.katalon.core.main.TestCaseExecutor.runScript(TestCaseExecutor.java:448)
	at com.kms.katalon.core.main.TestCaseExecutor.doExecute(TestCaseExecutor.java:439)
	at com.kms.katalon.core.main.TestCaseExecutor.processExecutionPhase(TestCaseExecutor.java:418)
	at com.kms.katalon.core.main.TestCaseExecutor.accessMainPhase(TestCaseExecutor.java:410)
	at com.kms.katalon.core.main.TestCaseExecutor.execute(TestCaseExecutor.java:285)
	at com.kms.katalon.core.common.CommonExecutor.accessTestCaseMainPhase(CommonExecutor.java:65)
	at com.kms.katalon.core.main.TestSuiteExecutor.accessTestSuiteMainPhase(TestSuiteExecutor.java:150)
	at com.kms.katalon.core.main.TestSuiteExecutor.execute(TestSuiteExecutor.java:106)
	at com.kms.katalon.core.main.TestCaseMain.startTestSuite(TestCaseMain.java:180)
	at TempTestSuite1733111659562.run(TempTestSuite1733111659562.groovy:35)
	at java.base/jdk.internal.reflect.NativeMethodAccessorImpl.invoke0(Native Method)
	at java.base/jdk.internal.reflect.NativeMethodAccessorImpl.invoke(NativeMethodAccessorImpl.java:77)
	at java.base/jdk.internal.reflect.DelegatingMethodAccessorImpl.invoke(DelegatingMethodAccessorImpl.java:43)
)

02-12-2024T07:03:46 - [TEST_STEP][PASSED] - result = WriteToExcel(typeOfData, todaysDate, PercPlanR, PercPlanB, PercFactR, PercFactB, x, tabR, tabB, o1R, o1B, vidget): null

02-12-2024T07:03:46 - [TEST_STEP][PASSED] - iii = dZO.indexOf("/"): null

02-12-2024T07:03:46 - [TEST_STEP][PASSED] - println(iii): null

02-12-2024T07:03:46 - [TEST_STEP][PASSED] - dZO = dZO.substring(0, iii): null

02-12-2024T07:03:46 - [TEST_STEP][PASSED] - println(dZO): null

02-12-2024T07:03:46 - [TEST_STEP][PASSED] - println(PercPlanR): null

02-12-2024T07:03:46 - [TEST_STEP][PASSED] - println(PercPlanB): null

02-12-2024T07:03:46 - [TEST_STEP][PASSED] - println(PercFactR): null

02-12-2024T07:03:46 - [TEST_STEP][PASSED] - println(PercFactB): null

02-12-2024T07:03:46 - [TEST_STEP][PASSED] - println(tabR): null

02-12-2024T07:03:46 - [TEST_STEP][PASSED] - println(tabB): null

02-12-2024T07:03:46 - [TEST_STEP][PASSED] - println(o1R): null

02-12-2024T07:03:46 - [TEST_STEP][PASSED] - println(o1B): null

02-12-2024T07:03:46 - [TEST_STEP][PASSED] - PR = <not implemented yet for class: org.codehaus.groovy.ast.expr.EmptyExpression>: null

02-12-2024T07:03:46 - [TEST_STEP][PASSED] - FR = <not implemented yet for class: org.codehaus.groovy.ast.expr.EmptyExpression>: null

02-12-2024T07:03:46 - [TEST_STEP][PASSED] - PB = <not implemented yet for class: org.codehaus.groovy.ast.expr.EmptyExpression>: null

02-12-2024T07:03:46 - [TEST_STEP][PASSED] - FB = <not implemented yet for class: org.codehaus.groovy.ast.expr.EmptyExpression>: null

02-12-2024T07:03:46 - [TEST_STEP][PASSED] - TR = <not implemented yet for class: org.codehaus.groovy.ast.expr.EmptyExpression>: null

02-12-2024T07:03:46 - [TEST_STEP][PASSED] - TB = <not implemented yet for class: org.codehaus.groovy.ast.expr.EmptyExpression>: null

02-12-2024T07:03:46 - [TEST_STEP][PASSED] - sheetName = "Sheet1": null

02-12-2024T07:03:46 - [TEST_STEP][PASSED] - data = findTestData("PlanFact"): null

02-12-2024T07:03:46 - [TEST_STEP][PASSED] - n = data.getRowNumbers() + 1: null

02-12-2024T07:03:46 - [TEST_STEP][PASSED] - year = todaysDate.substring(todaysDate.length() - 4, todaysDate.length()): null

02-12-2024T07:03:46 - [TEST_STEP][PASSED] - y = year.toInteger(): null

02-12-2024T07:03:46 - [TEST_STEP][PASSED] - m = getText(findTestObject("Выполнение бизнес-плана/Выполнение бизнес-плана Балансы/Фильтр Дата")): Text of object 'Object Repository/Выполнение бизнес-плана/Выполнение бизнес-плана Балансы/Фильтр Дата' is: '1, 2, 3 кв., Октябрь 2024 года'

02-12-2024T07:03:47 - [MESSAGE][PASSED] - Text of object 'Object Repository/Выполнение бизнес-плана/Выполнение бизнес-плана Балансы/Фильтр Дата' is: '1, 2, 3 кв., Октябрь 2024 года'

02-12-2024T07:03:47 - [TEST_STEP][PASSED] - m = m.substring(0, m.indexOf("2024")): null

02-12-2024T07:03:47 - [TEST_STEP][PASSED] - m = m.trim(): null

02-12-2024T07:03:47 - [TEST_STEP][PASSED] - dashboardName = "Выполнение бизнес-плана": null

02-12-2024T07:03:47 - [TEST_STEP][PASSED] - workbook01 = getWorkbook(excelFilePath): null

02-12-2024T07:03:47 - [TEST_STEP][PASSED] - sheet01 = getExcelSheet(workbook01, sheetName): null

02-12-2024T07:03:47 - [TEST_STEP][PASSED] - setValueToCellByIndex(sheet01, n, 0, dashboardName): null

02-12-2024T07:03:47 - [TEST_STEP][PASSED] - setValueToCellByIndex(sheet01, n, 1, dZO): null

02-12-2024T07:03:47 - [TEST_STEP][PASSED] - setValueToCellByIndex(sheet01, n, 2, typeOfData): null

02-12-2024T07:03:47 - [TEST_STEP][PASSED] - setValueToCellByIndex(sheet01, n, 3, typeOfData): null

02-12-2024T07:03:47 - [TEST_STEP][PASSED] - if (typeOfData == "План"): null

02-12-2024T07:03:47 - [TEST_STEP][PASSED] - if (PercPlanR == null): null

02-12-2024T07:03:47 - [TEST_STEP][PASSED] - else: null

02-12-2024T07:03:47 - [TEST_STEP][PASSED] - if (PercPlanR == "нет данных"): null

02-12-2024T07:03:47 - [TEST_STEP][PASSED] - setValueToCellByIndex(sheet01, n, 4, "нет данных"): null

02-12-2024T07:03:47 - [TEST_STEP][PASSED] - if (PercPlanB == null): null

02-12-2024T07:03:47 - [TEST_STEP][PASSED] - else: null

02-12-2024T07:03:47 - [TEST_STEP][PASSED] - if (PercPlanB == "нет данных"): null

02-12-2024T07:03:47 - [TEST_STEP][PASSED] - else: null

02-12-2024T07:03:47 - [TEST_STEP][PASSED] - PB = PercPlanB.toDouble(): null

02-12-2024T07:03:47 - [TEST_STEP][PASSED] - setValueToCellByIndex(sheet01, n, 5, PB): null

02-12-2024T07:03:47 - [TEST_STEP][PASSED] - setValueToCellByIndex(sheet01, n, 6, m): null

02-12-2024T07:03:47 - [TEST_STEP][PASSED] - setValueToCellByIndex(sheet01, n, 7, y): null

02-12-2024T07:03:47 - [TEST_STEP][PASSED] - setValueToCellByIndex(sheet01, n, 8, todaysDate): null

02-12-2024T07:03:47 - [TEST_STEP][PASSED] - n = n + 1: null

02-12-2024T07:03:47 - [TEST_STEP][PASSED] - saveWorkbook(excelFilePath, workbook01): null

02-12-2024T07:03:47 - [TEST_STEP][PASSED] - typeOfData = "Факт": null

02-12-2024T07:03:47 - [TEST_STEP][PASSED] - PercFactR = GetPercFactR(x = a): null

02-12-2024T07:03:47 - [TEST_STEP][PASSED] - i1 = <not implemented yet for class: org.codehaus.groovy.ast.expr.EmptyExpression>: null

02-12-2024T07:03:47 - [TEST_STEP][PASSED] - ii = <not implemented yet for class: org.codehaus.groovy.ast.expr.EmptyExpression>: null

02-12-2024T07:03:47 - [TEST_STEP][PASSED] - for ([ii = 1, ii < 3, (ii++)]): null

02-12-2024T07:03:47 - [TEST_STEP][PASSED] - i1 = x.indexOf("/") + 1: null

02-12-2024T07:03:47 - [TEST_STEP][PASSED] - if (i1 > -1): null

02-12-2024T07:03:47 - [TEST_STEP][PASSED] - x = x.substring(i1, x.length()): null

02-12-2024T07:03:47 - [TEST_STEP][PASSED] - println(x): null

02-12-2024T07:03:47 - [TEST_STEP][PASSED] - i1 = x.indexOf("/") + 1: null

02-12-2024T07:03:47 - [TEST_STEP][PASSED] - if (i1 > -1): null

02-12-2024T07:03:47 - [TEST_STEP][PASSED] - x = x.substring(i1, x.length()): null

02-12-2024T07:03:47 - [TEST_STEP][PASSED] - println(x): null

02-12-2024T07:03:47 - [TEST_STEP][PASSED] - i1 = x.indexOf("/"): null

02-12-2024T07:03:47 - [TEST_STEP][PASSED] - if (i1 > -1): null

02-12-2024T07:03:47 - [TEST_STEP][PASSED] - x = x.substring(0, i1): null

02-12-2024T07:03:47 - [TEST_STEP][PASSED] - println(x): null

02-12-2024T07:03:47 - [TEST_STEP][PASSED] - return x: null

02-12-2024T07:03:47 - [TEST_STEP][PASSED] - PercFactB = GetPercFactB(x = b): null

02-12-2024T07:03:47 - [TEST_STEP][PASSED] - i1 = <not implemented yet for class: org.codehaus.groovy.ast.expr.EmptyExpression>: null

02-12-2024T07:03:47 - [TEST_STEP][PASSED] - ii = <not implemented yet for class: org.codehaus.groovy.ast.expr.EmptyExpression>: null

02-12-2024T07:03:47 - [TEST_STEP][PASSED] - for ([ii = 1, ii < 3, (ii++)]): null

02-12-2024T07:03:47 - [TEST_STEP][PASSED] - i1 = x.indexOf("/") + 1: null

02-12-2024T07:03:47 - [TEST_STEP][PASSED] - if (i1 > -1): null

02-12-2024T07:03:47 - [TEST_STEP][PASSED] - x = x.substring(i1, x.length()): null

02-12-2024T07:03:47 - [TEST_STEP][PASSED] - println(x): null

02-12-2024T07:03:47 - [TEST_STEP][PASSED] - i1 = x.indexOf("/") + 1: null

02-12-2024T07:03:47 - [TEST_STEP][PASSED] - if (i1 > -1): null

02-12-2024T07:03:47 - [TEST_STEP][PASSED] - x = x.substring(i1, x.length()): null

02-12-2024T07:03:47 - [TEST_STEP][PASSED] - println(x): null

02-12-2024T07:03:47 - [TEST_STEP][PASSED] - i1 = x.indexOf("/"): null

02-12-2024T07:03:47 - [TEST_STEP][PASSED] - if (i1 > -1): null

02-12-2024T07:03:47 - [TEST_STEP][PASSED] - x = x.substring(0, i1): null

02-12-2024T07:03:47 - [TEST_STEP][PASSED] - println(x): null

02-12-2024T07:03:47 - [TEST_STEP][FAILED] - return x: null

02-12-2024T07:03:47 - [TEST_STEP][FAILED] - if (verifyEqual(PercFactR, PercFactB) == false): null

02-12-2024T07:03:47 - [MESSAGE][FAILED] - Unable to verify equal between actual object 'нет данных' and expected object '5.05' (Root cause: com.kms.katalon.core.exception.StepFailedException: Actual object 'нет данных' and expected object '5.05' are not equal
	at com.kms.katalon.core.keyword.builtin.VerifyEqualKeyword$_verifyEqual_closure1.doCall(VerifyEqualKeyword.groovy:58)
	at com.kms.katalon.core.keyword.builtin.VerifyEqualKeyword$_verifyEqual_closure1.call(VerifyEqualKeyword.groovy)
	at com.kms.katalon.core.keyword.internal.KeywordMain.runKeyword(KeywordMain.groovy:75)
	at com.kms.katalon.core.keyword.builtin.VerifyEqualKeyword.verifyEqual(VerifyEqualKeyword.groovy:63)
	at com.kms.katalon.core.keyword.builtin.VerifyEqualKeyword.execute(VerifyEqualKeyword.groovy:44)
	at com.kms.katalon.core.keyword.internal.KeywordExecutor.executeKeywordForPlatform(KeywordExecutor.groovy:74)
	at com.kms.katalon.core.keyword.BuiltinKeywords.verifyEqual(BuiltinKeywords.groovy:146)
	at jdk.internal.reflect.GeneratedMethodAccessor25.invoke(Unknown Source)
	at java.base/jdk.internal.reflect.DelegatingMethodAccessorImpl.invoke(DelegatingMethodAccessorImpl.java:43)
	at Выполнение бизнес-плана сверка дашбордов.CompareDZOData(Выполнение бизнес-плана сверка дашбордов:693)
	at Выполнение бизнес-плана сверка дашбордов.run(Выполнение бизнес-плана сверка дашбордов:598)
	at com.kms.katalon.core.main.ScriptEngine.run(ScriptEngine.java:194)
	at com.kms.katalon.core.main.ScriptEngine.runScriptAsRawText(ScriptEngine.java:119)
	at com.kms.katalon.core.main.TestCaseExecutor.runScript(TestCaseExecutor.java:448)
	at com.kms.katalon.core.main.TestCaseExecutor.doExecute(TestCaseExecutor.java:439)
	at com.kms.katalon.core.main.TestCaseExecutor.processExecutionPhase(TestCaseExecutor.java:418)
	at com.kms.katalon.core.main.TestCaseExecutor.accessMainPhase(TestCaseExecutor.java:410)
	at com.kms.katalon.core.main.TestCaseExecutor.execute(TestCaseExecutor.java:285)
	at com.kms.katalon.core.common.CommonExecutor.accessTestCaseMainPhase(CommonExecutor.java:65)
	at com.kms.katalon.core.main.TestSuiteExecutor.accessTestSuiteMainPhase(TestSuiteExecutor.java:150)
	at com.kms.katalon.core.main.TestSuiteExecutor.execute(TestSuiteExecutor.java:106)
	at com.kms.katalon.core.main.TestCaseMain.startTestSuite(TestCaseMain.java:180)
	at TempTestSuite1733111659562.run(TempTestSuite1733111659562.groovy:35)
	at java.base/jdk.internal.reflect.NativeMethodAccessorImpl.invoke0(Native Method)
	at java.base/jdk.internal.reflect.NativeMethodAccessorImpl.invoke(NativeMethodAccessorImpl.java:77)
	at java.base/jdk.internal.reflect.DelegatingMethodAccessorImpl.invoke(DelegatingMethodAccessorImpl.java:43)
)

02-12-2024T07:03:47 - [TEST_STEP][PASSED] - result = WriteToExcel(typeOfData, todaysDate, PercPlanR, PercPlanB, PercFactR, PercFactB, x, tabR, tabB, o1R, o1B, vidget): null

02-12-2024T07:03:47 - [TEST_STEP][PASSED] - iii = dZO.indexOf("/"): null

02-12-2024T07:03:47 - [TEST_STEP][PASSED] - println(iii): null

02-12-2024T07:03:47 - [TEST_STEP][PASSED] - dZO = dZO.substring(0, iii): null

02-12-2024T07:03:47 - [TEST_STEP][PASSED] - println(dZO): null

02-12-2024T07:03:47 - [TEST_STEP][PASSED] - println(PercPlanR): null

02-12-2024T07:03:47 - [TEST_STEP][PASSED] - println(PercPlanB): null

02-12-2024T07:03:47 - [TEST_STEP][PASSED] - println(PercFactR): null

02-12-2024T07:03:47 - [TEST_STEP][PASSED] - println(PercFactB): null

02-12-2024T07:03:47 - [TEST_STEP][PASSED] - println(tabR): null

02-12-2024T07:03:47 - [TEST_STEP][PASSED] - println(tabB): null

02-12-2024T07:03:47 - [TEST_STEP][PASSED] - println(o1R): null

02-12-2024T07:03:47 - [TEST_STEP][PASSED] - println(o1B): null

02-12-2024T07:03:47 - [TEST_STEP][PASSED] - PR = <not implemented yet for class: org.codehaus.groovy.ast.expr.EmptyExpression>: null

02-12-2024T07:03:47 - [TEST_STEP][PASSED] - FR = <not implemented yet for class: org.codehaus.groovy.ast.expr.EmptyExpression>: null

02-12-2024T07:03:47 - [TEST_STEP][PASSED] - PB = <not implemented yet for class: org.codehaus.groovy.ast.expr.EmptyExpression>: null

02-12-2024T07:03:47 - [TEST_STEP][PASSED] - FB = <not implemented yet for class: org.codehaus.groovy.ast.expr.EmptyExpression>: null

02-12-2024T07:03:47 - [TEST_STEP][PASSED] - TR = <not implemented yet for class: org.codehaus.groovy.ast.expr.EmptyExpression>: null

02-12-2024T07:03:47 - [TEST_STEP][PASSED] - TB = <not implemented yet for class: org.codehaus.groovy.ast.expr.EmptyExpression>: null

02-12-2024T07:03:47 - [TEST_STEP][PASSED] - sheetName = "Sheet1": null

02-12-2024T07:03:47 - [TEST_STEP][PASSED] - data = findTestData("PlanFact"): null

02-12-2024T07:03:47 - [TEST_STEP][PASSED] - n = data.getRowNumbers() + 1: null

02-12-2024T07:03:47 - [TEST_STEP][PASSED] - year = todaysDate.substring(todaysDate.length() - 4, todaysDate.length()): null

02-12-2024T07:03:47 - [TEST_STEP][PASSED] - y = year.toInteger(): null

02-12-2024T07:03:47 - [TEST_STEP][PASSED] - m = getText(findTestObject("Выполнение бизнес-плана/Выполнение бизнес-плана Балансы/Фильтр Дата")): Text of object 'Object Repository/Выполнение бизнес-плана/Выполнение бизнес-плана Балансы/Фильтр Дата' is: '1, 2, 3 кв., Октябрь 2024 года'

02-12-2024T07:03:47 - [MESSAGE][PASSED] - Text of object 'Object Repository/Выполнение бизнес-плана/Выполнение бизнес-плана Балансы/Фильтр Дата' is: '1, 2, 3 кв., Октябрь 2024 года'

02-12-2024T07:03:47 - [TEST_STEP][PASSED] - m = m.substring(0, m.indexOf("2024")): null

02-12-2024T07:03:47 - [TEST_STEP][PASSED] - m = m.trim(): null

02-12-2024T07:03:47 - [TEST_STEP][PASSED] - dashboardName = "Выполнение бизнес-плана": null

02-12-2024T07:03:47 - [TEST_STEP][PASSED] - workbook01 = getWorkbook(excelFilePath): null

02-12-2024T07:03:47 - [TEST_STEP][PASSED] - sheet01 = getExcelSheet(workbook01, sheetName): null

02-12-2024T07:03:47 - [TEST_STEP][PASSED] - setValueToCellByIndex(sheet01, n, 0, dashboardName): null

02-12-2024T07:03:47 - [TEST_STEP][PASSED] - setValueToCellByIndex(sheet01, n, 1, dZO): null

02-12-2024T07:03:47 - [TEST_STEP][PASSED] - setValueToCellByIndex(sheet01, n, 2, typeOfData): null

02-12-2024T07:03:47 - [TEST_STEP][PASSED] - setValueToCellByIndex(sheet01, n, 3, typeOfData): null

02-12-2024T07:03:47 - [TEST_STEP][PASSED] - if (typeOfData == "План"): null

02-12-2024T07:03:47 - [TEST_STEP][PASSED] - else if (typeOfData == "Факт"): null

02-12-2024T07:03:47 - [TEST_STEP][PASSED] - if (PercFactR == null): null

02-12-2024T07:03:47 - [TEST_STEP][PASSED] - else: null

02-12-2024T07:03:47 - [TEST_STEP][PASSED] - if (PercFactR == "нет данных"): null

02-12-2024T07:03:47 - [TEST_STEP][PASSED] - setValueToCellByIndex(sheet01, n, 4, "нет данных"): null

02-12-2024T07:03:47 - [TEST_STEP][PASSED] - if (PercFactB == null): null

02-12-2024T07:03:47 - [TEST_STEP][PASSED] - else: null

02-12-2024T07:03:47 - [TEST_STEP][PASSED] - if (PercFactB == "нет данных"): null

02-12-2024T07:03:47 - [TEST_STEP][PASSED] - else: null

02-12-2024T07:03:47 - [TEST_STEP][PASSED] - FB = PercFactB.toDouble(): null

02-12-2024T07:03:47 - [TEST_STEP][PASSED] - setValueToCellByIndex(sheet01, n, 5, FB): null

02-12-2024T07:03:47 - [TEST_STEP][PASSED] - setValueToCellByIndex(sheet01, n, 6, m): null

02-12-2024T07:03:47 - [TEST_STEP][PASSED] - setValueToCellByIndex(sheet01, n, 7, y): null

02-12-2024T07:03:47 - [TEST_STEP][PASSED] - setValueToCellByIndex(sheet01, n, 8, todaysDate): null

02-12-2024T07:03:47 - [TEST_STEP][PASSED] - n = n + 1: null

02-12-2024T07:03:47 - [TEST_STEP][PASSED] - saveWorkbook(excelFilePath, workbook01): null

02-12-2024T07:03:48 - [TEST_STEP][PASSED] - vidget = "Показатели баланса электроэнергии по ДЗО – Факт": null

02-12-2024T07:03:48 - [TEST_STEP][PASSED] - typeOfData = "Факт Отпуск в сеть": null

02-12-2024T07:03:48 - [TEST_STEP][PASSED] - tabR = GetOvSFactR(x = a): null

02-12-2024T07:03:48 - [TEST_STEP][PASSED] - i1 = <not implemented yet for class: org.codehaus.groovy.ast.expr.EmptyExpression>: null

02-12-2024T07:03:48 - [TEST_STEP][PASSED] - ii = <not implemented yet for class: org.codehaus.groovy.ast.expr.EmptyExpression>: null

02-12-2024T07:03:48 - [TEST_STEP][PASSED] - for ([ii = 1, ii < 4, (ii++)]): null

02-12-2024T07:03:48 - [TEST_STEP][PASSED] - i1 = x.indexOf("/") + 1: null

02-12-2024T07:03:48 - [TEST_STEP][PASSED] - if (i1 > -1): null

02-12-2024T07:03:48 - [TEST_STEP][PASSED] - x = x.substring(i1, x.length()): null

02-12-2024T07:03:48 - [TEST_STEP][PASSED] - println(x): null

02-12-2024T07:03:48 - [TEST_STEP][PASSED] - i1 = x.indexOf("/") + 1: null

02-12-2024T07:03:48 - [TEST_STEP][PASSED] - if (i1 > -1): null

02-12-2024T07:03:48 - [TEST_STEP][PASSED] - x = x.substring(i1, x.length()): null

02-12-2024T07:03:48 - [TEST_STEP][PASSED] - println(x): null

02-12-2024T07:03:48 - [TEST_STEP][PASSED] - i1 = x.indexOf("/") + 1: null

02-12-2024T07:03:48 - [TEST_STEP][PASSED] - if (i1 > -1): null

02-12-2024T07:03:48 - [TEST_STEP][PASSED] - x = x.substring(i1, x.length()): null

02-12-2024T07:03:48 - [TEST_STEP][PASSED] - println(x): null

02-12-2024T07:03:48 - [TEST_STEP][PASSED] - i1 = x.indexOf("/"): null

02-12-2024T07:03:48 - [TEST_STEP][PASSED] - if (i1 > -1): null

02-12-2024T07:03:48 - [TEST_STEP][PASSED] - x = x.substring(0, i1): null

02-12-2024T07:03:48 - [TEST_STEP][PASSED] - println(x): null

02-12-2024T07:03:48 - [TEST_STEP][PASSED] - return x: null

02-12-2024T07:03:48 - [TEST_STEP][PASSED] - tabB = GetOvSFactB(x = b): null

02-12-2024T07:03:48 - [TEST_STEP][PASSED] - i1 = <not implemented yet for class: org.codehaus.groovy.ast.expr.EmptyExpression>: null

02-12-2024T07:03:48 - [TEST_STEP][PASSED] - ii = <not implemented yet for class: org.codehaus.groovy.ast.expr.EmptyExpression>: null

02-12-2024T07:03:48 - [TEST_STEP][PASSED] - for ([ii = 1, ii < 4, (ii++)]): null

02-12-2024T07:03:48 - [TEST_STEP][PASSED] - i1 = x.indexOf("/") + 1: null

02-12-2024T07:03:48 - [TEST_STEP][PASSED] - if (i1 > -1): null

02-12-2024T07:03:48 - [TEST_STEP][PASSED] - x = x.substring(i1, x.length()): null

02-12-2024T07:03:48 - [TEST_STEP][PASSED] - println(x): null

02-12-2024T07:03:48 - [TEST_STEP][PASSED] - i1 = x.indexOf("/") + 1: null

02-12-2024T07:03:48 - [TEST_STEP][PASSED] - if (i1 > -1): null

02-12-2024T07:03:48 - [TEST_STEP][PASSED] - x = x.substring(i1, x.length()): null

02-12-2024T07:03:48 - [TEST_STEP][PASSED] - println(x): null

02-12-2024T07:03:48 - [TEST_STEP][PASSED] - i1 = x.indexOf("/") + 1: null

02-12-2024T07:03:48 - [TEST_STEP][PASSED] - if (i1 > -1): null

02-12-2024T07:03:48 - [TEST_STEP][PASSED] - x = x.substring(i1, x.length()): null

02-12-2024T07:03:48 - [TEST_STEP][PASSED] - println(x): null

02-12-2024T07:03:48 - [TEST_STEP][PASSED] - i1 = x.indexOf("/"): null

02-12-2024T07:03:48 - [TEST_STEP][PASSED] - if (i1 > -1): null

02-12-2024T07:03:48 - [TEST_STEP][PASSED] - x = x.substring(0, i1): null

02-12-2024T07:03:48 - [TEST_STEP][PASSED] - println(x): null

02-12-2024T07:03:48 - [TEST_STEP][FAILED] - return x: null

02-12-2024T07:03:48 - [TEST_STEP][FAILED] - if (verifyEqual(tabR, tabB) == false): null

02-12-2024T07:03:48 - [MESSAGE][FAILED] - Unable to verify equal between actual object 'нет данных' and expected object '44218047' (Root cause: com.kms.katalon.core.exception.StepFailedException: Actual object 'нет данных' and expected object '44218047' are not equal
	at com.kms.katalon.core.keyword.builtin.VerifyEqualKeyword$_verifyEqual_closure1.doCall(VerifyEqualKeyword.groovy:58)
	at com.kms.katalon.core.keyword.builtin.VerifyEqualKeyword$_verifyEqual_closure1.call(VerifyEqualKeyword.groovy)
	at com.kms.katalon.core.keyword.internal.KeywordMain.runKeyword(KeywordMain.groovy:75)
	at com.kms.katalon.core.keyword.builtin.VerifyEqualKeyword.verifyEqual(VerifyEqualKeyword.groovy:63)
	at com.kms.katalon.core.keyword.builtin.VerifyEqualKeyword.execute(VerifyEqualKeyword.groovy:44)
	at com.kms.katalon.core.keyword.internal.KeywordExecutor.executeKeywordForPlatform(KeywordExecutor.groovy:74)
	at com.kms.katalon.core.keyword.BuiltinKeywords.verifyEqual(BuiltinKeywords.groovy:146)
	at jdk.internal.reflect.GeneratedMethodAccessor25.invoke(Unknown Source)
	at java.base/jdk.internal.reflect.DelegatingMethodAccessorImpl.invoke(DelegatingMethodAccessorImpl.java:43)
	at Выполнение бизнес-плана сверка дашбордов.CompareDZOData(Выполнение бизнес-плана сверка дашбордов:706)
	at Выполнение бизнес-плана сверка дашбордов.run(Выполнение бизнес-плана сверка дашбордов:598)
	at com.kms.katalon.core.main.ScriptEngine.run(ScriptEngine.java:194)
	at com.kms.katalon.core.main.ScriptEngine.runScriptAsRawText(ScriptEngine.java:119)
	at com.kms.katalon.core.main.TestCaseExecutor.runScript(TestCaseExecutor.java:448)
	at com.kms.katalon.core.main.TestCaseExecutor.doExecute(TestCaseExecutor.java:439)
	at com.kms.katalon.core.main.TestCaseExecutor.processExecutionPhase(TestCaseExecutor.java:418)
	at com.kms.katalon.core.main.TestCaseExecutor.accessMainPhase(TestCaseExecutor.java:410)
	at com.kms.katalon.core.main.TestCaseExecutor.execute(TestCaseExecutor.java:285)
	at com.kms.katalon.core.common.CommonExecutor.accessTestCaseMainPhase(CommonExecutor.java:65)
	at com.kms.katalon.core.main.TestSuiteExecutor.accessTestSuiteMainPhase(TestSuiteExecutor.java:150)
	at com.kms.katalon.core.main.TestSuiteExecutor.execute(TestSuiteExecutor.java:106)
	at com.kms.katalon.core.main.TestCaseMain.startTestSuite(TestCaseMain.java:180)
	at TempTestSuite1733111659562.run(TempTestSuite1733111659562.groovy:35)
	at java.base/jdk.internal.reflect.NativeMethodAccessorImpl.invoke0(Native Method)
	at java.base/jdk.internal.reflect.NativeMethodAccessorImpl.invoke(NativeMethodAccessorImpl.java:77)
	at java.base/jdk.internal.reflect.DelegatingMethodAccessorImpl.invoke(DelegatingMethodAccessorImpl.java:43)
)

02-12-2024T07:03:48 - [TEST_STEP][PASSED] - result = WriteToExcel(typeOfData, todaysDate, PercPlanR, PercPlanB, PercFactR, PercFactB, x, tabR, tabB, o1R, o1B, vidget): null

02-12-2024T07:03:48 - [TEST_STEP][PASSED] - iii = dZO.indexOf("/"): null

02-12-2024T07:03:48 - [TEST_STEP][PASSED] - println(iii): null

02-12-2024T07:03:48 - [TEST_STEP][PASSED] - dZO = dZO.substring(0, iii): null

02-12-2024T07:03:48 - [TEST_STEP][PASSED] - println(dZO): null

02-12-2024T07:03:48 - [TEST_STEP][PASSED] - println(PercPlanR): null

02-12-2024T07:03:48 - [TEST_STEP][PASSED] - println(PercPlanB): null

02-12-2024T07:03:48 - [TEST_STEP][PASSED] - println(PercFactR): null

02-12-2024T07:03:48 - [TEST_STEP][PASSED] - println(PercFactB): null

02-12-2024T07:03:48 - [TEST_STEP][PASSED] - println(tabR): null

02-12-2024T07:03:48 - [TEST_STEP][PASSED] - println(tabB): null

02-12-2024T07:03:48 - [TEST_STEP][PASSED] - println(o1R): null

02-12-2024T07:03:48 - [TEST_STEP][PASSED] - println(o1B): null

02-12-2024T07:03:48 - [TEST_STEP][PASSED] - PR = <not implemented yet for class: org.codehaus.groovy.ast.expr.EmptyExpression>: null

02-12-2024T07:03:48 - [TEST_STEP][PASSED] - FR = <not implemented yet for class: org.codehaus.groovy.ast.expr.EmptyExpression>: null

02-12-2024T07:03:48 - [TEST_STEP][PASSED] - PB = <not implemented yet for class: org.codehaus.groovy.ast.expr.EmptyExpression>: null

02-12-2024T07:03:48 - [TEST_STEP][PASSED] - FB = <not implemented yet for class: org.codehaus.groovy.ast.expr.EmptyExpression>: null

02-12-2024T07:03:48 - [TEST_STEP][PASSED] - TR = <not implemented yet for class: org.codehaus.groovy.ast.expr.EmptyExpression>: null

02-12-2024T07:03:48 - [TEST_STEP][PASSED] - TB = <not implemented yet for class: org.codehaus.groovy.ast.expr.EmptyExpression>: null

02-12-2024T07:03:48 - [TEST_STEP][PASSED] - sheetName = "Sheet1": null

02-12-2024T07:03:48 - [TEST_STEP][PASSED] - data = findTestData("PlanFact"): null

02-12-2024T07:03:48 - [TEST_STEP][PASSED] - n = data.getRowNumbers() + 1: null

02-12-2024T07:03:48 - [TEST_STEP][PASSED] - year = todaysDate.substring(todaysDate.length() - 4, todaysDate.length()): null

02-12-2024T07:03:48 - [TEST_STEP][PASSED] - y = year.toInteger(): null

02-12-2024T07:03:48 - [TEST_STEP][PASSED] - m = getText(findTestObject("Выполнение бизнес-плана/Выполнение бизнес-плана Балансы/Фильтр Дата")): Text of object 'Object Repository/Выполнение бизнес-плана/Выполнение бизнес-плана Балансы/Фильтр Дата' is: '1, 2, 3 кв., Октябрь 2024 года'

02-12-2024T07:03:48 - [MESSAGE][PASSED] - Text of object 'Object Repository/Выполнение бизнес-плана/Выполнение бизнес-плана Балансы/Фильтр Дата' is: '1, 2, 3 кв., Октябрь 2024 года'

02-12-2024T07:03:48 - [TEST_STEP][PASSED] - m = m.substring(0, m.indexOf("2024")): null

02-12-2024T07:03:48 - [TEST_STEP][PASSED] - m = m.trim(): null

02-12-2024T07:03:48 - [TEST_STEP][PASSED] - dashboardName = "Выполнение бизнес-плана": null

02-12-2024T07:03:48 - [TEST_STEP][PASSED] - workbook01 = getWorkbook(excelFilePath): null

02-12-2024T07:03:48 - [TEST_STEP][PASSED] - sheet01 = getExcelSheet(workbook01, sheetName): null

02-12-2024T07:03:48 - [TEST_STEP][PASSED] - setValueToCellByIndex(sheet01, n, 0, dashboardName): null

02-12-2024T07:03:48 - [TEST_STEP][PASSED] - setValueToCellByIndex(sheet01, n, 1, dZO): null

02-12-2024T07:03:48 - [TEST_STEP][PASSED] - setValueToCellByIndex(sheet01, n, 2, typeOfData): null

02-12-2024T07:03:48 - [TEST_STEP][PASSED] - setValueToCellByIndex(sheet01, n, 3, typeOfData): null

02-12-2024T07:03:48 - [TEST_STEP][PASSED] - if (typeOfData == "План"): null

02-12-2024T07:03:48 - [TEST_STEP][PASSED] - else if (typeOfData == "Факт"): null

02-12-2024T07:03:48 - [TEST_STEP][PASSED] - else if (vidget.contains("электроэнергии") == true): null

02-12-2024T07:03:48 - [TEST_STEP][PASSED] - if (tabR == null): null

02-12-2024T07:03:48 - [TEST_STEP][PASSED] - else: null

02-12-2024T07:03:48 - [TEST_STEP][PASSED] - if (tabR == "нет данных"): null

02-12-2024T07:03:48 - [TEST_STEP][PASSED] - setValueToCellByIndex(sheet01, n, 4, "нет данных"): null

02-12-2024T07:03:48 - [TEST_STEP][PASSED] - if (tabB == null): null

02-12-2024T07:03:48 - [TEST_STEP][PASSED] - else: null

02-12-2024T07:03:48 - [TEST_STEP][PASSED] - if (tabB == "нет данных"): null

02-12-2024T07:03:48 - [TEST_STEP][PASSED] - else: null

02-12-2024T07:03:48 - [TEST_STEP][PASSED] - TB = tabB.toInteger(): null

02-12-2024T07:03:48 - [TEST_STEP][PASSED] - setValueToCellByIndex(sheet01, n, 5, TB): null

02-12-2024T07:03:48 - [TEST_STEP][PASSED] - setValueToCellByIndex(sheet01, n, 6, m): null

02-12-2024T07:03:48 - [TEST_STEP][PASSED] - setValueToCellByIndex(sheet01, n, 7, y): null

02-12-2024T07:03:48 - [TEST_STEP][PASSED] - setValueToCellByIndex(sheet01, n, 8, todaysDate): null

02-12-2024T07:03:48 - [TEST_STEP][PASSED] - n = n + 1: null

02-12-2024T07:03:48 - [TEST_STEP][PASSED] - saveWorkbook(excelFilePath, workbook01): null

02-12-2024T07:03:48 - [TEST_STEP][PASSED] - typeOfData = "Факт Отпуск из сети": null

02-12-2024T07:03:48 - [TEST_STEP][PASSED] - tabR = GetOiSFactR(x = a): null

02-12-2024T07:03:48 - [TEST_STEP][PASSED] - i1 = <not implemented yet for class: org.codehaus.groovy.ast.expr.EmptyExpression>: null

02-12-2024T07:03:48 - [TEST_STEP][PASSED] - ii = <not implemented yet for class: org.codehaus.groovy.ast.expr.EmptyExpression>: null

02-12-2024T07:03:48 - [TEST_STEP][PASSED] - for ([ii = 1, ii < 5, (ii++)]): null

02-12-2024T07:03:48 - [TEST_STEP][PASSED] - i1 = x.indexOf("/") + 1: null

02-12-2024T07:03:48 - [TEST_STEP][PASSED] - if (i1 > -1): null

02-12-2024T07:03:48 - [TEST_STEP][PASSED] - x = x.substring(i1, x.length()): null

02-12-2024T07:03:48 - [TEST_STEP][PASSED] - println(x): null

02-12-2024T07:03:48 - [TEST_STEP][PASSED] - i1 = x.indexOf("/") + 1: null

02-12-2024T07:03:48 - [TEST_STEP][PASSED] - if (i1 > -1): null

02-12-2024T07:03:48 - [TEST_STEP][PASSED] - x = x.substring(i1, x.length()): null

02-12-2024T07:03:48 - [TEST_STEP][PASSED] - println(x): null

02-12-2024T07:03:48 - [TEST_STEP][PASSED] - i1 = x.indexOf("/") + 1: null

02-12-2024T07:03:48 - [TEST_STEP][PASSED] - if (i1 > -1): null

02-12-2024T07:03:48 - [TEST_STEP][PASSED] - x = x.substring(i1, x.length()): null

02-12-2024T07:03:48 - [TEST_STEP][PASSED] - println(x): null

02-12-2024T07:03:48 - [TEST_STEP][PASSED] - i1 = x.indexOf("/") + 1: null

02-12-2024T07:03:48 - [TEST_STEP][PASSED] - if (i1 > -1): null

02-12-2024T07:03:48 - [TEST_STEP][PASSED] - x = x.substring(i1, x.length()): null

02-12-2024T07:03:48 - [TEST_STEP][PASSED] - println(x): null

02-12-2024T07:03:48 - [TEST_STEP][PASSED] - i1 = x.indexOf("/"): null

02-12-2024T07:03:48 - [TEST_STEP][PASSED] - if (i1 > -1): null

02-12-2024T07:03:48 - [TEST_STEP][PASSED] - x = x.substring(0, i1): null

02-12-2024T07:03:48 - [TEST_STEP][PASSED] - println(x): null

02-12-2024T07:03:48 - [TEST_STEP][PASSED] - return x: null

02-12-2024T07:03:48 - [TEST_STEP][PASSED] - tabB = GetOiSFactB(x = b): null

02-12-2024T07:03:48 - [TEST_STEP][PASSED] - i1 = <not implemented yet for class: org.codehaus.groovy.ast.expr.EmptyExpression>: null

02-12-2024T07:03:48 - [TEST_STEP][PASSED] - ii = <not implemented yet for class: org.codehaus.groovy.ast.expr.EmptyExpression>: null

02-12-2024T07:03:48 - [TEST_STEP][PASSED] - for ([ii = 1, ii < 5, (ii++)]): null

02-12-2024T07:03:48 - [TEST_STEP][PASSED] - i1 = x.indexOf("/") + 1: null

02-12-2024T07:03:48 - [TEST_STEP][PASSED] - if (i1 > -1): null

02-12-2024T07:03:48 - [TEST_STEP][PASSED] - x = x.substring(i1, x.length()): null

02-12-2024T07:03:48 - [TEST_STEP][PASSED] - println(x): null

02-12-2024T07:03:48 - [TEST_STEP][PASSED] - i1 = x.indexOf("/") + 1: null

02-12-2024T07:03:48 - [TEST_STEP][PASSED] - if (i1 > -1): null

02-12-2024T07:03:48 - [TEST_STEP][PASSED] - x = x.substring(i1, x.length()): null

02-12-2024T07:03:48 - [TEST_STEP][PASSED] - println(x): null

02-12-2024T07:03:48 - [TEST_STEP][PASSED] - i1 = x.indexOf("/") + 1: null

02-12-2024T07:03:48 - [TEST_STEP][PASSED] - if (i1 > -1): null

02-12-2024T07:03:48 - [TEST_STEP][PASSED] - x = x.substring(i1, x.length()): null

02-12-2024T07:03:48 - [TEST_STEP][PASSED] - println(x): null

02-12-2024T07:03:48 - [TEST_STEP][PASSED] - i1 = x.indexOf("/") + 1: null

02-12-2024T07:03:48 - [TEST_STEP][PASSED] - if (i1 > -1): null

02-12-2024T07:03:48 - [TEST_STEP][PASSED] - x = x.substring(i1, x.length()): null

02-12-2024T07:03:48 - [TEST_STEP][PASSED] - println(x): null

02-12-2024T07:03:48 - [TEST_STEP][PASSED] - i1 = x.indexOf("/"): null

02-12-2024T07:03:48 - [TEST_STEP][PASSED] - if (i1 > -1): null

02-12-2024T07:03:48 - [TEST_STEP][PASSED] - x = x.substring(0, i1): null

02-12-2024T07:03:48 - [TEST_STEP][PASSED] - println(x): null

02-12-2024T07:03:48 - [TEST_STEP][FAILED] - return x: null

02-12-2024T07:03:48 - [TEST_STEP][FAILED] - if (verifyEqual(tabR, tabB) == false): null

02-12-2024T07:03:48 - [MESSAGE][FAILED] - Unable to verify equal between actual object 'нет данных' and expected object '41984455' (Root cause: com.kms.katalon.core.exception.StepFailedException: Actual object 'нет данных' and expected object '41984455' are not equal
	at com.kms.katalon.core.keyword.builtin.VerifyEqualKeyword$_verifyEqual_closure1.doCall(VerifyEqualKeyword.groovy:58)
	at com.kms.katalon.core.keyword.builtin.VerifyEqualKeyword$_verifyEqual_closure1.call(VerifyEqualKeyword.groovy)
	at com.kms.katalon.core.keyword.internal.KeywordMain.runKeyword(KeywordMain.groovy:75)
	at com.kms.katalon.core.keyword.builtin.VerifyEqualKeyword.verifyEqual(VerifyEqualKeyword.groovy:63)
	at com.kms.katalon.core.keyword.builtin.VerifyEqualKeyword.execute(VerifyEqualKeyword.groovy:44)
	at com.kms.katalon.core.keyword.internal.KeywordExecutor.executeKeywordForPlatform(KeywordExecutor.groovy:74)
	at com.kms.katalon.core.keyword.BuiltinKeywords.verifyEqual(BuiltinKeywords.groovy:146)
	at jdk.internal.reflect.GeneratedMethodAccessor25.invoke(Unknown Source)
	at java.base/jdk.internal.reflect.DelegatingMethodAccessorImpl.invoke(DelegatingMethodAccessorImpl.java:43)
	at Выполнение бизнес-плана сверка дашбордов.CompareDZOData(Выполнение бизнес-плана сверка дашбордов:717)
	at Выполнение бизнес-плана сверка дашбордов.run(Выполнение бизнес-плана сверка дашбордов:598)
	at com.kms.katalon.core.main.ScriptEngine.run(ScriptEngine.java:194)
	at com.kms.katalon.core.main.ScriptEngine.runScriptAsRawText(ScriptEngine.java:119)
	at com.kms.katalon.core.main.TestCaseExecutor.runScript(TestCaseExecutor.java:448)
	at com.kms.katalon.core.main.TestCaseExecutor.doExecute(TestCaseExecutor.java:439)
	at com.kms.katalon.core.main.TestCaseExecutor.processExecutionPhase(TestCaseExecutor.java:418)
	at com.kms.katalon.core.main.TestCaseExecutor.accessMainPhase(TestCaseExecutor.java:410)
	at com.kms.katalon.core.main.TestCaseExecutor.execute(TestCaseExecutor.java:285)
	at com.kms.katalon.core.common.CommonExecutor.accessTestCaseMainPhase(CommonExecutor.java:65)
	at com.kms.katalon.core.main.TestSuiteExecutor.accessTestSuiteMainPhase(TestSuiteExecutor.java:150)
	at com.kms.katalon.core.main.TestSuiteExecutor.execute(TestSuiteExecutor.java:106)
	at com.kms.katalon.core.main.TestCaseMain.startTestSuite(TestCaseMain.java:180)
	at TempTestSuite1733111659562.run(TempTestSuite1733111659562.groovy:35)
	at java.base/jdk.internal.reflect.NativeMethodAccessorImpl.invoke0(Native Method)
	at java.base/jdk.internal.reflect.NativeMethodAccessorImpl.invoke(NativeMethodAccessorImpl.java:77)
	at java.base/jdk.internal.reflect.DelegatingMethodAccessorImpl.invoke(DelegatingMethodAccessorImpl.java:43)
)

02-12-2024T07:03:48 - [TEST_STEP][PASSED] - result = WriteToExcel(typeOfData, todaysDate, PercPlanR, PercPlanB, PercFactR, PercFactB, x, tabR, tabB, o1R, o1B, vidget): null

02-12-2024T07:03:48 - [TEST_STEP][PASSED] - iii = dZO.indexOf("/"): null

02-12-2024T07:03:48 - [TEST_STEP][PASSED] - println(iii): null

02-12-2024T07:03:48 - [TEST_STEP][PASSED] - dZO = dZO.substring(0, iii): null

02-12-2024T07:03:48 - [TEST_STEP][PASSED] - println(dZO): null

02-12-2024T07:03:48 - [TEST_STEP][PASSED] - println(PercPlanR): null

02-12-2024T07:03:48 - [TEST_STEP][PASSED] - println(PercPlanB): null

02-12-2024T07:03:48 - [TEST_STEP][PASSED] - println(PercFactR): null

02-12-2024T07:03:48 - [TEST_STEP][PASSED] - println(PercFactB): null

02-12-2024T07:03:48 - [TEST_STEP][PASSED] - println(tabR): null

02-12-2024T07:03:48 - [TEST_STEP][PASSED] - println(tabB): null

02-12-2024T07:03:48 - [TEST_STEP][PASSED] - println(o1R): null

02-12-2024T07:03:48 - [TEST_STEP][PASSED] - println(o1B): null

02-12-2024T07:03:48 - [TEST_STEP][PASSED] - PR = <not implemented yet for class: org.codehaus.groovy.ast.expr.EmptyExpression>: null

02-12-2024T07:03:48 - [TEST_STEP][PASSED] - FR = <not implemented yet for class: org.codehaus.groovy.ast.expr.EmptyExpression>: null

02-12-2024T07:03:48 - [TEST_STEP][PASSED] - PB = <not implemented yet for class: org.codehaus.groovy.ast.expr.EmptyExpression>: null

02-12-2024T07:03:48 - [TEST_STEP][PASSED] - FB = <not implemented yet for class: org.codehaus.groovy.ast.expr.EmptyExpression>: null

02-12-2024T07:03:48 - [TEST_STEP][PASSED] - TR = <not implemented yet for class: org.codehaus.groovy.ast.expr.EmptyExpression>: null

02-12-2024T07:03:48 - [TEST_STEP][PASSED] - TB = <not implemented yet for class: org.codehaus.groovy.ast.expr.EmptyExpression>: null

02-12-2024T07:03:48 - [TEST_STEP][PASSED] - sheetName = "Sheet1": null

02-12-2024T07:03:48 - [TEST_STEP][PASSED] - data = findTestData("PlanFact"): null

02-12-2024T07:03:48 - [TEST_STEP][PASSED] - n = data.getRowNumbers() + 1: null

02-12-2024T07:03:48 - [TEST_STEP][PASSED] - year = todaysDate.substring(todaysDate.length() - 4, todaysDate.length()): null

02-12-2024T07:03:48 - [TEST_STEP][PASSED] - y = year.toInteger(): null

02-12-2024T07:03:48 - [TEST_STEP][PASSED] - m = getText(findTestObject("Выполнение бизнес-плана/Выполнение бизнес-плана Балансы/Фильтр Дата")): Text of object 'Object Repository/Выполнение бизнес-плана/Выполнение бизнес-плана Балансы/Фильтр Дата' is: '1, 2, 3 кв., Октябрь 2024 года'

02-12-2024T07:03:49 - [MESSAGE][PASSED] - Text of object 'Object Repository/Выполнение бизнес-плана/Выполнение бизнес-плана Балансы/Фильтр Дата' is: '1, 2, 3 кв., Октябрь 2024 года'

02-12-2024T07:03:49 - [TEST_STEP][PASSED] - m = m.substring(0, m.indexOf("2024")): null

02-12-2024T07:03:49 - [TEST_STEP][PASSED] - m = m.trim(): null

02-12-2024T07:03:49 - [TEST_STEP][PASSED] - dashboardName = "Выполнение бизнес-плана": null

02-12-2024T07:03:49 - [TEST_STEP][PASSED] - workbook01 = getWorkbook(excelFilePath): null

02-12-2024T07:03:49 - [TEST_STEP][PASSED] - sheet01 = getExcelSheet(workbook01, sheetName): null

02-12-2024T07:03:49 - [TEST_STEP][PASSED] - setValueToCellByIndex(sheet01, n, 0, dashboardName): null

02-12-2024T07:03:49 - [TEST_STEP][PASSED] - setValueToCellByIndex(sheet01, n, 1, dZO): null

02-12-2024T07:03:49 - [TEST_STEP][PASSED] - setValueToCellByIndex(sheet01, n, 2, typeOfData): null

02-12-2024T07:03:49 - [TEST_STEP][PASSED] - setValueToCellByIndex(sheet01, n, 3, typeOfData): null

02-12-2024T07:03:49 - [TEST_STEP][PASSED] - if (typeOfData == "План"): null

02-12-2024T07:03:49 - [TEST_STEP][PASSED] - else if (typeOfData == "Факт"): null

02-12-2024T07:03:49 - [TEST_STEP][PASSED] - else if (vidget.contains("электроэнергии") == true): null

02-12-2024T07:03:49 - [TEST_STEP][PASSED] - if (tabR == null): null

02-12-2024T07:03:49 - [TEST_STEP][PASSED] - else: null

02-12-2024T07:03:49 - [TEST_STEP][PASSED] - if (tabR == "нет данных"): null

02-12-2024T07:03:49 - [TEST_STEP][PASSED] - setValueToCellByIndex(sheet01, n, 4, "нет данных"): null

02-12-2024T07:03:49 - [TEST_STEP][PASSED] - if (tabB == null): null

02-12-2024T07:03:49 - [TEST_STEP][PASSED] - else: null

02-12-2024T07:03:49 - [TEST_STEP][PASSED] - if (tabB == "нет данных"): null

02-12-2024T07:03:49 - [TEST_STEP][PASSED] - else: null

02-12-2024T07:03:49 - [TEST_STEP][PASSED] - TB = tabB.toInteger(): null

02-12-2024T07:03:49 - [TEST_STEP][PASSED] - setValueToCellByIndex(sheet01, n, 5, TB): null

02-12-2024T07:03:49 - [TEST_STEP][PASSED] - setValueToCellByIndex(sheet01, n, 6, m): null

02-12-2024T07:03:49 - [TEST_STEP][PASSED] - setValueToCellByIndex(sheet01, n, 7, y): null

02-12-2024T07:03:49 - [TEST_STEP][PASSED] - setValueToCellByIndex(sheet01, n, 8, todaysDate): null

02-12-2024T07:03:49 - [TEST_STEP][PASSED] - n = n + 1: null

02-12-2024T07:03:49 - [TEST_STEP][PASSED] - saveWorkbook(excelFilePath, workbook01): null

02-12-2024T07:03:49 - [TEST_STEP][PASSED] - typeOfData = "Факт Потери": null

02-12-2024T07:03:49 - [TEST_STEP][PASSED] - tabR = GetPFactR(x = a): null

02-12-2024T07:03:49 - [TEST_STEP][PASSED] - i1 = <not implemented yet for class: org.codehaus.groovy.ast.expr.EmptyExpression>: null

02-12-2024T07:03:49 - [TEST_STEP][PASSED] - ii = <not implemented yet for class: org.codehaus.groovy.ast.expr.EmptyExpression>: null

02-12-2024T07:03:49 - [TEST_STEP][PASSED] - for ([ii = 1, ii < 6, (ii++)]): null

02-12-2024T07:03:49 - [TEST_STEP][PASSED] - i1 = x.indexOf("/") + 1: null

02-12-2024T07:03:49 - [TEST_STEP][PASSED] - if (i1 > -1): null

02-12-2024T07:03:49 - [TEST_STEP][PASSED] - x = x.substring(i1, x.length()): null

02-12-2024T07:03:49 - [TEST_STEP][PASSED] - println(x): null

02-12-2024T07:03:49 - [TEST_STEP][PASSED] - i1 = x.indexOf("/") + 1: null

02-12-2024T07:03:49 - [TEST_STEP][PASSED] - if (i1 > -1): null

02-12-2024T07:03:49 - [TEST_STEP][PASSED] - x = x.substring(i1, x.length()): null

02-12-2024T07:03:49 - [TEST_STEP][PASSED] - println(x): null

02-12-2024T07:03:49 - [TEST_STEP][PASSED] - i1 = x.indexOf("/") + 1: null

02-12-2024T07:03:49 - [TEST_STEP][PASSED] - if (i1 > -1): null

02-12-2024T07:03:49 - [TEST_STEP][PASSED] - x = x.substring(i1, x.length()): null

02-12-2024T07:03:49 - [TEST_STEP][PASSED] - println(x): null

02-12-2024T07:03:49 - [TEST_STEP][PASSED] - i1 = x.indexOf("/") + 1: null

02-12-2024T07:03:49 - [TEST_STEP][PASSED] - if (i1 > -1): null

02-12-2024T07:03:49 - [TEST_STEP][PASSED] - x = x.substring(i1, x.length()): null

02-12-2024T07:03:49 - [TEST_STEP][PASSED] - println(x): null

02-12-2024T07:03:49 - [TEST_STEP][PASSED] - i1 = x.indexOf("/") + 1: null

02-12-2024T07:03:49 - [TEST_STEP][PASSED] - if (i1 > -1): null

02-12-2024T07:03:49 - [TEST_STEP][PASSED] - x = x.substring(i1, x.length()): null

02-12-2024T07:03:49 - [TEST_STEP][PASSED] - println(x): null

02-12-2024T07:03:49 - [TEST_STEP][PASSED] - i1 = x.indexOf("/"): null

02-12-2024T07:03:49 - [TEST_STEP][PASSED] - if (i1 > -1): null

02-12-2024T07:03:49 - [TEST_STEP][PASSED] - x = x.substring(0, i1): null

02-12-2024T07:03:49 - [TEST_STEP][PASSED] - println(x): null

02-12-2024T07:03:49 - [TEST_STEP][PASSED] - return x: null

02-12-2024T07:03:49 - [TEST_STEP][PASSED] - tabB = GetPFactB(x = b): null

02-12-2024T07:03:49 - [TEST_STEP][PASSED] - i1 = <not implemented yet for class: org.codehaus.groovy.ast.expr.EmptyExpression>: null

02-12-2024T07:03:49 - [TEST_STEP][PASSED] - ii = <not implemented yet for class: org.codehaus.groovy.ast.expr.EmptyExpression>: null

02-12-2024T07:03:49 - [TEST_STEP][PASSED] - for ([ii = 1, ii < 6, (ii++)]): null

02-12-2024T07:03:49 - [TEST_STEP][PASSED] - i1 = x.indexOf("/") + 1: null

02-12-2024T07:03:49 - [TEST_STEP][PASSED] - if (i1 > -1): null

02-12-2024T07:03:49 - [TEST_STEP][PASSED] - x = x.substring(i1, x.length()): null

02-12-2024T07:03:49 - [TEST_STEP][PASSED] - println(x): null

02-12-2024T07:03:49 - [TEST_STEP][PASSED] - i1 = x.indexOf("/") + 1: null

02-12-2024T07:03:49 - [TEST_STEP][PASSED] - if (i1 > -1): null

02-12-2024T07:03:49 - [TEST_STEP][PASSED] - x = x.substring(i1, x.length()): null

02-12-2024T07:03:49 - [TEST_STEP][PASSED] - println(x): null

02-12-2024T07:03:49 - [TEST_STEP][PASSED] - i1 = x.indexOf("/") + 1: null

02-12-2024T07:03:49 - [TEST_STEP][PASSED] - if (i1 > -1): null

02-12-2024T07:03:49 - [TEST_STEP][PASSED] - x = x.substring(i1, x.length()): null

02-12-2024T07:03:49 - [TEST_STEP][PASSED] - println(x): null

02-12-2024T07:03:49 - [TEST_STEP][PASSED] - i1 = x.indexOf("/") + 1: null

02-12-2024T07:03:49 - [TEST_STEP][PASSED] - if (i1 > -1): null

02-12-2024T07:03:49 - [TEST_STEP][PASSED] - x = x.substring(i1, x.length()): null

02-12-2024T07:03:49 - [TEST_STEP][PASSED] - println(x): null

02-12-2024T07:03:49 - [TEST_STEP][PASSED] - i1 = x.indexOf("/") + 1: null

02-12-2024T07:03:49 - [TEST_STEP][PASSED] - if (i1 > -1): null

02-12-2024T07:03:49 - [TEST_STEP][PASSED] - x = x.substring(i1, x.length()): null

02-12-2024T07:03:49 - [TEST_STEP][PASSED] - println(x): null

02-12-2024T07:03:49 - [TEST_STEP][PASSED] - i1 = x.indexOf("/"): null

02-12-2024T07:03:49 - [TEST_STEP][PASSED] - if (i1 > -1): null

02-12-2024T07:03:49 - [TEST_STEP][PASSED] - x = x.substring(0, i1): null

02-12-2024T07:03:49 - [TEST_STEP][PASSED] - println(x): null

02-12-2024T07:03:49 - [TEST_STEP][FAILED] - return x: null

02-12-2024T07:03:49 - [TEST_STEP][PASSED] - println(tabR + "/" + tabB): null

02-12-2024T07:03:49 - [TEST_STEP][FAILED] - if (verifyEqual(tabR, tabB) == false): null

02-12-2024T07:03:49 - [MESSAGE][FAILED] - Unable to verify equal between actual object 'нет данных' and expected object '2233593' (Root cause: com.kms.katalon.core.exception.StepFailedException: Actual object 'нет данных' and expected object '2233593' are not equal
	at com.kms.katalon.core.keyword.builtin.VerifyEqualKeyword$_verifyEqual_closure1.doCall(VerifyEqualKeyword.groovy:58)
	at com.kms.katalon.core.keyword.builtin.VerifyEqualKeyword$_verifyEqual_closure1.call(VerifyEqualKeyword.groovy)
	at com.kms.katalon.core.keyword.internal.KeywordMain.runKeyword(KeywordMain.groovy:75)
	at com.kms.katalon.core.keyword.builtin.VerifyEqualKeyword.verifyEqual(VerifyEqualKeyword.groovy:63)
	at com.kms.katalon.core.keyword.builtin.VerifyEqualKeyword.execute(VerifyEqualKeyword.groovy:44)
	at com.kms.katalon.core.keyword.internal.KeywordExecutor.executeKeywordForPlatform(KeywordExecutor.groovy:74)
	at com.kms.katalon.core.keyword.BuiltinKeywords.verifyEqual(BuiltinKeywords.groovy:146)
	at jdk.internal.reflect.GeneratedMethodAccessor25.invoke(Unknown Source)
	at java.base/jdk.internal.reflect.DelegatingMethodAccessorImpl.invoke(DelegatingMethodAccessorImpl.java:43)
	at Выполнение бизнес-плана сверка дашбордов.CompareDZOData(Выполнение бизнес-плана сверка дашбордов:730)
	at Выполнение бизнес-плана сверка дашбордов.run(Выполнение бизнес-плана сверка дашбордов:598)
	at com.kms.katalon.core.main.ScriptEngine.run(ScriptEngine.java:194)
	at com.kms.katalon.core.main.ScriptEngine.runScriptAsRawText(ScriptEngine.java:119)
	at com.kms.katalon.core.main.TestCaseExecutor.runScript(TestCaseExecutor.java:448)
	at com.kms.katalon.core.main.TestCaseExecutor.doExecute(TestCaseExecutor.java:439)
	at com.kms.katalon.core.main.TestCaseExecutor.processExecutionPhase(TestCaseExecutor.java:418)
	at com.kms.katalon.core.main.TestCaseExecutor.accessMainPhase(TestCaseExecutor.java:410)
	at com.kms.katalon.core.main.TestCaseExecutor.execute(TestCaseExecutor.java:285)
	at com.kms.katalon.core.common.CommonExecutor.accessTestCaseMainPhase(CommonExecutor.java:65)
	at com.kms.katalon.core.main.TestSuiteExecutor.accessTestSuiteMainPhase(TestSuiteExecutor.java:150)
	at com.kms.katalon.core.main.TestSuiteExecutor.execute(TestSuiteExecutor.java:106)
	at com.kms.katalon.core.main.TestCaseMain.startTestSuite(TestCaseMain.java:180)
	at TempTestSuite1733111659562.run(TempTestSuite1733111659562.groovy:35)
	at java.base/jdk.internal.reflect.NativeMethodAccessorImpl.invoke0(Native Method)
	at java.base/jdk.internal.reflect.NativeMethodAccessorImpl.invoke(NativeMethodAccessorImpl.java:77)
	at java.base/jdk.internal.reflect.DelegatingMethodAccessorImpl.invoke(DelegatingMethodAccessorImpl.java:43)
)

02-12-2024T07:03:49 - [TEST_STEP][PASSED] - result = WriteToExcel(typeOfData, todaysDate, PercPlanR, PercPlanB, PercFactR, PercFactB, x, tabR, tabB, o1R, o1B, vidget): null

02-12-2024T07:03:49 - [TEST_STEP][PASSED] - iii = dZO.indexOf("/"): null

02-12-2024T07:03:49 - [TEST_STEP][PASSED] - println(iii): null

02-12-2024T07:03:49 - [TEST_STEP][PASSED] - dZO = dZO.substring(0, iii): null

02-12-2024T07:03:49 - [TEST_STEP][PASSED] - println(dZO): null

02-12-2024T07:03:49 - [TEST_STEP][PASSED] - println(PercPlanR): null

02-12-2024T07:03:49 - [TEST_STEP][PASSED] - println(PercPlanB): null

02-12-2024T07:03:49 - [TEST_STEP][PASSED] - println(PercFactR): null

02-12-2024T07:03:49 - [TEST_STEP][PASSED] - println(PercFactB): null

02-12-2024T07:03:49 - [TEST_STEP][PASSED] - println(tabR): null

02-12-2024T07:03:49 - [TEST_STEP][PASSED] - println(tabB): null

02-12-2024T07:03:49 - [TEST_STEP][PASSED] - println(o1R): null

02-12-2024T07:03:49 - [TEST_STEP][PASSED] - println(o1B): null

02-12-2024T07:03:49 - [TEST_STEP][PASSED] - PR = <not implemented yet for class: org.codehaus.groovy.ast.expr.EmptyExpression>: null

02-12-2024T07:03:49 - [TEST_STEP][PASSED] - FR = <not implemented yet for class: org.codehaus.groovy.ast.expr.EmptyExpression>: null

02-12-2024T07:03:49 - [TEST_STEP][PASSED] - PB = <not implemented yet for class: org.codehaus.groovy.ast.expr.EmptyExpression>: null

02-12-2024T07:03:49 - [TEST_STEP][PASSED] - FB = <not implemented yet for class: org.codehaus.groovy.ast.expr.EmptyExpression>: null

02-12-2024T07:03:49 - [TEST_STEP][PASSED] - TR = <not implemented yet for class: org.codehaus.groovy.ast.expr.EmptyExpression>: null

02-12-2024T07:03:49 - [TEST_STEP][PASSED] - TB = <not implemented yet for class: org.codehaus.groovy.ast.expr.EmptyExpression>: null

02-12-2024T07:03:49 - [TEST_STEP][PASSED] - sheetName = "Sheet1": null

02-12-2024T07:03:49 - [TEST_STEP][PASSED] - data = findTestData("PlanFact"): null

02-12-2024T07:03:49 - [TEST_STEP][PASSED] - n = data.getRowNumbers() + 1: null

02-12-2024T07:03:49 - [TEST_STEP][PASSED] - year = todaysDate.substring(todaysDate.length() - 4, todaysDate.length()): null

02-12-2024T07:03:49 - [TEST_STEP][PASSED] - y = year.toInteger(): null

02-12-2024T07:03:49 - [TEST_STEP][PASSED] - m = getText(findTestObject("Выполнение бизнес-плана/Выполнение бизнес-плана Балансы/Фильтр Дата")): Text of object 'Object Repository/Выполнение бизнес-плана/Выполнение бизнес-плана Балансы/Фильтр Дата' is: '1, 2, 3 кв., Октябрь 2024 года'

02-12-2024T07:03:49 - [MESSAGE][PASSED] - Text of object 'Object Repository/Выполнение бизнес-плана/Выполнение бизнес-плана Балансы/Фильтр Дата' is: '1, 2, 3 кв., Октябрь 2024 года'

02-12-2024T07:03:49 - [TEST_STEP][PASSED] - m = m.substring(0, m.indexOf("2024")): null

02-12-2024T07:03:49 - [TEST_STEP][PASSED] - m = m.trim(): null

02-12-2024T07:03:49 - [TEST_STEP][PASSED] - dashboardName = "Выполнение бизнес-плана": null

02-12-2024T07:03:49 - [TEST_STEP][PASSED] - workbook01 = getWorkbook(excelFilePath): null

02-12-2024T07:03:49 - [TEST_STEP][PASSED] - sheet01 = getExcelSheet(workbook01, sheetName): null

02-12-2024T07:03:49 - [TEST_STEP][PASSED] - setValueToCellByIndex(sheet01, n, 0, dashboardName): null

02-12-2024T07:03:49 - [TEST_STEP][PASSED] - setValueToCellByIndex(sheet01, n, 1, dZO): null

02-12-2024T07:03:49 - [TEST_STEP][PASSED] - setValueToCellByIndex(sheet01, n, 2, typeOfData): null

02-12-2024T07:03:49 - [TEST_STEP][PASSED] - setValueToCellByIndex(sheet01, n, 3, typeOfData): null

02-12-2024T07:03:49 - [TEST_STEP][PASSED] - if (typeOfData == "План"): null

02-12-2024T07:03:49 - [TEST_STEP][PASSED] - else if (typeOfData == "Факт"): null

02-12-2024T07:03:49 - [TEST_STEP][PASSED] - else if (vidget.contains("электроэнергии") == true): null

02-12-2024T07:03:49 - [TEST_STEP][PASSED] - if (tabR == null): null

02-12-2024T07:03:49 - [TEST_STEP][PASSED] - else: null

02-12-2024T07:03:49 - [TEST_STEP][PASSED] - if (tabR == "нет данных"): null

02-12-2024T07:03:49 - [TEST_STEP][PASSED] - setValueToCellByIndex(sheet01, n, 4, "нет данных"): null

02-12-2024T07:03:49 - [TEST_STEP][PASSED] - if (tabB == null): null

02-12-2024T07:03:49 - [TEST_STEP][PASSED] - else: null

02-12-2024T07:03:49 - [TEST_STEP][PASSED] - if (tabB == "нет данных"): null

02-12-2024T07:03:49 - [TEST_STEP][PASSED] - else: null

02-12-2024T07:03:49 - [TEST_STEP][PASSED] - TB = tabB.toInteger(): null

02-12-2024T07:03:49 - [TEST_STEP][PASSED] - setValueToCellByIndex(sheet01, n, 5, TB): null

02-12-2024T07:03:49 - [TEST_STEP][PASSED] - setValueToCellByIndex(sheet01, n, 6, m): null

02-12-2024T07:03:49 - [TEST_STEP][PASSED] - setValueToCellByIndex(sheet01, n, 7, y): null

02-12-2024T07:03:49 - [TEST_STEP][PASSED] - setValueToCellByIndex(sheet01, n, 8, todaysDate): null

02-12-2024T07:03:49 - [TEST_STEP][PASSED] - n = n + 1: null

02-12-2024T07:03:49 - [TEST_STEP][PASSED] - saveWorkbook(excelFilePath, workbook01): null

02-12-2024T07:03:49 - [TEST_STEP][PASSED] - vidget = "Показатели баланса электроэнергии по ДЗО – План": null

02-12-2024T07:03:49 - [TEST_STEP][PASSED] - typeOfData = "План Отпуск в сеть": null

02-12-2024T07:03:49 - [TEST_STEP][PASSED] - tabR = GetOvSPlanR(x = a): null

02-12-2024T07:03:49 - [TEST_STEP][PASSED] - i1 = <not implemented yet for class: org.codehaus.groovy.ast.expr.EmptyExpression>: null

02-12-2024T07:03:49 - [TEST_STEP][PASSED] - ii = <not implemented yet for class: org.codehaus.groovy.ast.expr.EmptyExpression>: null

02-12-2024T07:03:49 - [TEST_STEP][PASSED] - for ([ii = 1, ii < 7, (ii++)]): null

02-12-2024T07:03:49 - [TEST_STEP][PASSED] - i1 = x.indexOf("/") + 1: null

02-12-2024T07:03:49 - [TEST_STEP][PASSED] - if (i1 > -1): null

02-12-2024T07:03:49 - [TEST_STEP][PASSED] - x = x.substring(i1, x.length()): null

02-12-2024T07:03:49 - [TEST_STEP][PASSED] - println(x): null

02-12-2024T07:03:49 - [TEST_STEP][PASSED] - i1 = x.indexOf("/") + 1: null

02-12-2024T07:03:49 - [TEST_STEP][PASSED] - if (i1 > -1): null

02-12-2024T07:03:49 - [TEST_STEP][PASSED] - x = x.substring(i1, x.length()): null

02-12-2024T07:03:49 - [TEST_STEP][PASSED] - println(x): null

02-12-2024T07:03:49 - [TEST_STEP][PASSED] - i1 = x.indexOf("/") + 1: null

02-12-2024T07:03:49 - [TEST_STEP][PASSED] - if (i1 > -1): null

02-12-2024T07:03:49 - [TEST_STEP][PASSED] - x = x.substring(i1, x.length()): null

02-12-2024T07:03:49 - [TEST_STEP][PASSED] - println(x): null

02-12-2024T07:03:49 - [TEST_STEP][PASSED] - i1 = x.indexOf("/") + 1: null

02-12-2024T07:03:49 - [TEST_STEP][PASSED] - if (i1 > -1): null

02-12-2024T07:03:49 - [TEST_STEP][PASSED] - x = x.substring(i1, x.length()): null

02-12-2024T07:03:49 - [TEST_STEP][PASSED] - println(x): null

02-12-2024T07:03:49 - [TEST_STEP][PASSED] - i1 = x.indexOf("/") + 1: null

02-12-2024T07:03:49 - [TEST_STEP][PASSED] - if (i1 > -1): null

02-12-2024T07:03:49 - [TEST_STEP][PASSED] - x = x.substring(i1, x.length()): null

02-12-2024T07:03:49 - [TEST_STEP][PASSED] - println(x): null

02-12-2024T07:03:49 - [TEST_STEP][PASSED] - i1 = x.indexOf("/") + 1: null

02-12-2024T07:03:49 - [TEST_STEP][PASSED] - if (i1 > -1): null

02-12-2024T07:03:49 - [TEST_STEP][PASSED] - x = x.substring(i1, x.length()): null

02-12-2024T07:03:49 - [TEST_STEP][PASSED] - println(x): null

02-12-2024T07:03:49 - [TEST_STEP][PASSED] - i1 = x.indexOf("/"): null

02-12-2024T07:03:49 - [TEST_STEP][PASSED] - if (i1 > -1): null

02-12-2024T07:03:49 - [TEST_STEP][PASSED] - x = x.substring(0, i1): null

02-12-2024T07:03:49 - [TEST_STEP][PASSED] - println(x): null

02-12-2024T07:03:49 - [TEST_STEP][PASSED] - return x: null

02-12-2024T07:03:49 - [TEST_STEP][PASSED] - tabB = GetOvSPlanB(x = b): null

02-12-2024T07:03:49 - [TEST_STEP][PASSED] - i1 = <not implemented yet for class: org.codehaus.groovy.ast.expr.EmptyExpression>: null

02-12-2024T07:03:49 - [TEST_STEP][PASSED] - ii = <not implemented yet for class: org.codehaus.groovy.ast.expr.EmptyExpression>: null

02-12-2024T07:03:49 - [TEST_STEP][PASSED] - for ([ii = 1, ii < 7, (ii++)]): null

02-12-2024T07:03:49 - [TEST_STEP][PASSED] - i1 = x.indexOf("/") + 1: null

02-12-2024T07:03:49 - [TEST_STEP][PASSED] - if (i1 > -1): null

02-12-2024T07:03:49 - [TEST_STEP][PASSED] - x = x.substring(i1, x.length()): null

02-12-2024T07:03:49 - [TEST_STEP][PASSED] - println(x): null

02-12-2024T07:03:49 - [TEST_STEP][PASSED] - i1 = x.indexOf("/") + 1: null

02-12-2024T07:03:49 - [TEST_STEP][PASSED] - if (i1 > -1): null

02-12-2024T07:03:49 - [TEST_STEP][PASSED] - x = x.substring(i1, x.length()): null

02-12-2024T07:03:49 - [TEST_STEP][PASSED] - println(x): null

02-12-2024T07:03:49 - [TEST_STEP][PASSED] - i1 = x.indexOf("/") + 1: null

02-12-2024T07:03:49 - [TEST_STEP][PASSED] - if (i1 > -1): null

02-12-2024T07:03:49 - [TEST_STEP][PASSED] - x = x.substring(i1, x.length()): null

02-12-2024T07:03:49 - [TEST_STEP][PASSED] - println(x): null

02-12-2024T07:03:49 - [TEST_STEP][PASSED] - i1 = x.indexOf("/") + 1: null

02-12-2024T07:03:49 - [TEST_STEP][PASSED] - if (i1 > -1): null

02-12-2024T07:03:49 - [TEST_STEP][PASSED] - x = x.substring(i1, x.length()): null

02-12-2024T07:03:49 - [TEST_STEP][PASSED] - println(x): null

02-12-2024T07:03:49 - [TEST_STEP][PASSED] - i1 = x.indexOf("/") + 1: null

02-12-2024T07:03:49 - [TEST_STEP][PASSED] - if (i1 > -1): null

02-12-2024T07:03:49 - [TEST_STEP][PASSED] - x = x.substring(i1, x.length()): null

02-12-2024T07:03:49 - [TEST_STEP][PASSED] - println(x): null

02-12-2024T07:03:49 - [TEST_STEP][PASSED] - i1 = x.indexOf("/") + 1: null

02-12-2024T07:03:49 - [TEST_STEP][PASSED] - if (i1 > -1): null

02-12-2024T07:03:49 - [TEST_STEP][PASSED] - x = x.substring(i1, x.length()): null

02-12-2024T07:03:49 - [TEST_STEP][PASSED] - println(x): null

02-12-2024T07:03:49 - [TEST_STEP][PASSED] - i1 = x.indexOf("/"): null

02-12-2024T07:03:49 - [TEST_STEP][PASSED] - if (i1 > -1): null

02-12-2024T07:03:49 - [TEST_STEP][PASSED] - x = x.substring(0, i1): null

02-12-2024T07:03:49 - [TEST_STEP][PASSED] - println(x): null

02-12-2024T07:03:49 - [TEST_STEP][FAILED] - return x: null

02-12-2024T07:03:49 - [TEST_STEP][PASSED] - println(tabR + "/" + tabB): null

02-12-2024T07:03:49 - [TEST_STEP][FAILED] - if (verifyEqual(PercFactR, PercFactB) == false): null

02-12-2024T07:03:49 - [MESSAGE][FAILED] - Unable to verify equal between actual object 'нет данных' and expected object '5.05' (Root cause: com.kms.katalon.core.exception.StepFailedException: Actual object 'нет данных' and expected object '5.05' are not equal
	at com.kms.katalon.core.keyword.builtin.VerifyEqualKeyword$_verifyEqual_closure1.doCall(VerifyEqualKeyword.groovy:58)
	at com.kms.katalon.core.keyword.builtin.VerifyEqualKeyword$_verifyEqual_closure1.call(VerifyEqualKeyword.groovy)
	at com.kms.katalon.core.keyword.internal.KeywordMain.runKeyword(KeywordMain.groovy:75)
	at com.kms.katalon.core.keyword.builtin.VerifyEqualKeyword.verifyEqual(VerifyEqualKeyword.groovy:63)
	at com.kms.katalon.core.keyword.builtin.VerifyEqualKeyword.execute(VerifyEqualKeyword.groovy:44)
	at com.kms.katalon.core.keyword.internal.KeywordExecutor.executeKeywordForPlatform(KeywordExecutor.groovy:74)
	at com.kms.katalon.core.keyword.BuiltinKeywords.verifyEqual(BuiltinKeywords.groovy:146)
	at jdk.internal.reflect.GeneratedMethodAccessor25.invoke(Unknown Source)
	at java.base/jdk.internal.reflect.DelegatingMethodAccessorImpl.invoke(DelegatingMethodAccessorImpl.java:43)
	at Выполнение бизнес-плана сверка дашбордов.CompareDZOData(Выполнение бизнес-плана сверка дашбордов:745)
	at Выполнение бизнес-плана сверка дашбордов.run(Выполнение бизнес-плана сверка дашбордов:598)
	at com.kms.katalon.core.main.ScriptEngine.run(ScriptEngine.java:194)
	at com.kms.katalon.core.main.ScriptEngine.runScriptAsRawText(ScriptEngine.java:119)
	at com.kms.katalon.core.main.TestCaseExecutor.runScript(TestCaseExecutor.java:448)
	at com.kms.katalon.core.main.TestCaseExecutor.doExecute(TestCaseExecutor.java:439)
	at com.kms.katalon.core.main.TestCaseExecutor.processExecutionPhase(TestCaseExecutor.java:418)
	at com.kms.katalon.core.main.TestCaseExecutor.accessMainPhase(TestCaseExecutor.java:410)
	at com.kms.katalon.core.main.TestCaseExecutor.execute(TestCaseExecutor.java:285)
	at com.kms.katalon.core.common.CommonExecutor.accessTestCaseMainPhase(CommonExecutor.java:65)
	at com.kms.katalon.core.main.TestSuiteExecutor.accessTestSuiteMainPhase(TestSuiteExecutor.java:150)
	at com.kms.katalon.core.main.TestSuiteExecutor.execute(TestSuiteExecutor.java:106)
	at com.kms.katalon.core.main.TestCaseMain.startTestSuite(TestCaseMain.java:180)
	at TempTestSuite1733111659562.run(TempTestSuite1733111659562.groovy:35)
	at java.base/jdk.internal.reflect.NativeMethodAccessorImpl.invoke0(Native Method)
	at java.base/jdk.internal.reflect.NativeMethodAccessorImpl.invoke(NativeMethodAccessorImpl.java:77)
	at java.base/jdk.internal.reflect.DelegatingMethodAccessorImpl.invoke(DelegatingMethodAccessorImpl.java:43)
)

02-12-2024T07:03:49 - [TEST_STEP][PASSED] - result = WriteToExcel(typeOfData, todaysDate, PercPlanR, PercPlanB, PercFactR, PercFactB, x, tabR, tabB, o1R, o1B, vidget): null

02-12-2024T07:03:49 - [TEST_STEP][PASSED] - iii = dZO.indexOf("/"): null

02-12-2024T07:03:49 - [TEST_STEP][PASSED] - println(iii): null

02-12-2024T07:03:49 - [TEST_STEP][PASSED] - dZO = dZO.substring(0, iii): null

02-12-2024T07:03:49 - [TEST_STEP][PASSED] - println(dZO): null

02-12-2024T07:03:49 - [TEST_STEP][PASSED] - println(PercPlanR): null

02-12-2024T07:03:49 - [TEST_STEP][PASSED] - println(PercPlanB): null

02-12-2024T07:03:49 - [TEST_STEP][PASSED] - println(PercFactR): null

02-12-2024T07:03:49 - [TEST_STEP][PASSED] - println(PercFactB): null

02-12-2024T07:03:49 - [TEST_STEP][PASSED] - println(tabR): null

02-12-2024T07:03:49 - [TEST_STEP][PASSED] - println(tabB): null

02-12-2024T07:03:49 - [TEST_STEP][PASSED] - println(o1R): null

02-12-2024T07:03:49 - [TEST_STEP][PASSED] - println(o1B): null

02-12-2024T07:03:49 - [TEST_STEP][PASSED] - PR = <not implemented yet for class: org.codehaus.groovy.ast.expr.EmptyExpression>: null

02-12-2024T07:03:49 - [TEST_STEP][PASSED] - FR = <not implemented yet for class: org.codehaus.groovy.ast.expr.EmptyExpression>: null

02-12-2024T07:03:49 - [TEST_STEP][PASSED] - PB = <not implemented yet for class: org.codehaus.groovy.ast.expr.EmptyExpression>: null

02-12-2024T07:03:49 - [TEST_STEP][PASSED] - FB = <not implemented yet for class: org.codehaus.groovy.ast.expr.EmptyExpression>: null

02-12-2024T07:03:49 - [TEST_STEP][PASSED] - TR = <not implemented yet for class: org.codehaus.groovy.ast.expr.EmptyExpression>: null

02-12-2024T07:03:49 - [TEST_STEP][PASSED] - TB = <not implemented yet for class: org.codehaus.groovy.ast.expr.EmptyExpression>: null

02-12-2024T07:03:49 - [TEST_STEP][PASSED] - sheetName = "Sheet1": null

02-12-2024T07:03:49 - [TEST_STEP][PASSED] - data = findTestData("PlanFact"): null

02-12-2024T07:03:50 - [TEST_STEP][PASSED] - n = data.getRowNumbers() + 1: null

02-12-2024T07:03:50 - [TEST_STEP][PASSED] - year = todaysDate.substring(todaysDate.length() - 4, todaysDate.length()): null

02-12-2024T07:03:50 - [TEST_STEP][PASSED] - y = year.toInteger(): null

02-12-2024T07:03:50 - [TEST_STEP][PASSED] - m = getText(findTestObject("Выполнение бизнес-плана/Выполнение бизнес-плана Балансы/Фильтр Дата")): Text of object 'Object Repository/Выполнение бизнес-плана/Выполнение бизнес-плана Балансы/Фильтр Дата' is: '1, 2, 3 кв., Октябрь 2024 года'

02-12-2024T07:03:50 - [MESSAGE][PASSED] - Text of object 'Object Repository/Выполнение бизнес-плана/Выполнение бизнес-плана Балансы/Фильтр Дата' is: '1, 2, 3 кв., Октябрь 2024 года'

02-12-2024T07:03:50 - [TEST_STEP][PASSED] - m = m.substring(0, m.indexOf("2024")): null

02-12-2024T07:03:50 - [TEST_STEP][PASSED] - m = m.trim(): null

02-12-2024T07:03:50 - [TEST_STEP][PASSED] - dashboardName = "Выполнение бизнес-плана": null

02-12-2024T07:03:50 - [TEST_STEP][PASSED] - workbook01 = getWorkbook(excelFilePath): null

02-12-2024T07:03:50 - [TEST_STEP][PASSED] - sheet01 = getExcelSheet(workbook01, sheetName): null

02-12-2024T07:03:50 - [TEST_STEP][PASSED] - setValueToCellByIndex(sheet01, n, 0, dashboardName): null

02-12-2024T07:03:50 - [TEST_STEP][PASSED] - setValueToCellByIndex(sheet01, n, 1, dZO): null

02-12-2024T07:03:50 - [TEST_STEP][PASSED] - setValueToCellByIndex(sheet01, n, 2, typeOfData): null

02-12-2024T07:03:50 - [TEST_STEP][PASSED] - setValueToCellByIndex(sheet01, n, 3, typeOfData): null

02-12-2024T07:03:50 - [TEST_STEP][PASSED] - if (typeOfData == "План"): null

02-12-2024T07:03:50 - [TEST_STEP][PASSED] - else if (typeOfData == "Факт"): null

02-12-2024T07:03:50 - [TEST_STEP][PASSED] - else if (vidget.contains("электроэнергии") == true): null

02-12-2024T07:03:50 - [TEST_STEP][PASSED] - if (tabR == null): null

02-12-2024T07:03:50 - [TEST_STEP][PASSED] - else: null

02-12-2024T07:03:50 - [TEST_STEP][PASSED] - if (tabR == "нет данных"): null

02-12-2024T07:03:50 - [TEST_STEP][PASSED] - setValueToCellByIndex(sheet01, n, 4, "нет данных"): null

02-12-2024T07:03:50 - [TEST_STEP][PASSED] - if (tabB == null): null

02-12-2024T07:03:50 - [TEST_STEP][PASSED] - else: null

02-12-2024T07:03:50 - [TEST_STEP][PASSED] - if (tabB == "нет данных"): null

02-12-2024T07:03:50 - [TEST_STEP][PASSED] - else: null

02-12-2024T07:03:50 - [TEST_STEP][PASSED] - TB = tabB.toInteger(): null

02-12-2024T07:03:50 - [TEST_STEP][PASSED] - setValueToCellByIndex(sheet01, n, 5, TB): null

02-12-2024T07:03:50 - [TEST_STEP][PASSED] - setValueToCellByIndex(sheet01, n, 6, m): null

02-12-2024T07:03:50 - [TEST_STEP][PASSED] - setValueToCellByIndex(sheet01, n, 7, y): null

02-12-2024T07:03:50 - [TEST_STEP][PASSED] - setValueToCellByIndex(sheet01, n, 8, todaysDate): null

02-12-2024T07:03:50 - [TEST_STEP][PASSED] - n = n + 1: null

02-12-2024T07:03:50 - [TEST_STEP][PASSED] - saveWorkbook(excelFilePath, workbook01): null

02-12-2024T07:03:50 - [TEST_STEP][PASSED] - typeOfData = "План Отпуск из сети": null

02-12-2024T07:03:50 - [TEST_STEP][PASSED] - tabR = GetOiSPlanR(x = a): null

02-12-2024T07:03:50 - [TEST_STEP][PASSED] - i1 = <not implemented yet for class: org.codehaus.groovy.ast.expr.EmptyExpression>: null

02-12-2024T07:03:50 - [TEST_STEP][PASSED] - ii = <not implemented yet for class: org.codehaus.groovy.ast.expr.EmptyExpression>: null

02-12-2024T07:03:50 - [TEST_STEP][PASSED] - for ([ii = 1, ii < 8, (ii++)]): null

02-12-2024T07:03:50 - [TEST_STEP][PASSED] - i1 = x.indexOf("/") + 1: null

02-12-2024T07:03:50 - [TEST_STEP][PASSED] - if (i1 > -1): null

02-12-2024T07:03:50 - [TEST_STEP][PASSED] - x = x.substring(i1, x.length()): null

02-12-2024T07:03:50 - [TEST_STEP][PASSED] - println(x): null

02-12-2024T07:03:50 - [TEST_STEP][PASSED] - i1 = x.indexOf("/") + 1: null

02-12-2024T07:03:50 - [TEST_STEP][PASSED] - if (i1 > -1): null

02-12-2024T07:03:50 - [TEST_STEP][PASSED] - x = x.substring(i1, x.length()): null

02-12-2024T07:03:50 - [TEST_STEP][PASSED] - println(x): null

02-12-2024T07:03:50 - [TEST_STEP][PASSED] - i1 = x.indexOf("/") + 1: null

02-12-2024T07:03:50 - [TEST_STEP][PASSED] - if (i1 > -1): null

02-12-2024T07:03:50 - [TEST_STEP][PASSED] - x = x.substring(i1, x.length()): null

02-12-2024T07:03:50 - [TEST_STEP][PASSED] - println(x): null

02-12-2024T07:03:50 - [TEST_STEP][PASSED] - i1 = x.indexOf("/") + 1: null

02-12-2024T07:03:50 - [TEST_STEP][PASSED] - if (i1 > -1): null

02-12-2024T07:03:50 - [TEST_STEP][PASSED] - x = x.substring(i1, x.length()): null

02-12-2024T07:03:50 - [TEST_STEP][PASSED] - println(x): null

02-12-2024T07:03:50 - [TEST_STEP][PASSED] - i1 = x.indexOf("/") + 1: null

02-12-2024T07:03:50 - [TEST_STEP][PASSED] - if (i1 > -1): null

02-12-2024T07:03:50 - [TEST_STEP][PASSED] - x = x.substring(i1, x.length()): null

02-12-2024T07:03:50 - [TEST_STEP][PASSED] - println(x): null

02-12-2024T07:03:50 - [TEST_STEP][PASSED] - i1 = x.indexOf("/") + 1: null

02-12-2024T07:03:50 - [TEST_STEP][PASSED] - if (i1 > -1): null

02-12-2024T07:03:50 - [TEST_STEP][PASSED] - x = x.substring(i1, x.length()): null

02-12-2024T07:03:50 - [TEST_STEP][PASSED] - println(x): null

02-12-2024T07:03:50 - [TEST_STEP][PASSED] - i1 = x.indexOf("/") + 1: null

02-12-2024T07:03:50 - [TEST_STEP][PASSED] - if (i1 > -1): null

02-12-2024T07:03:50 - [TEST_STEP][PASSED] - x = x.substring(i1, x.length()): null

02-12-2024T07:03:50 - [TEST_STEP][PASSED] - println(x): null

02-12-2024T07:03:50 - [TEST_STEP][PASSED] - i1 = x.indexOf("/"): null

02-12-2024T07:03:50 - [TEST_STEP][PASSED] - if (i1 > -1): null

02-12-2024T07:03:50 - [TEST_STEP][PASSED] - x = x.substring(0, i1): null

02-12-2024T07:03:50 - [TEST_STEP][PASSED] - println(x): null

02-12-2024T07:03:50 - [TEST_STEP][PASSED] - return x: null

02-12-2024T07:03:50 - [TEST_STEP][PASSED] - tabB = GetOiSPlanB(x = b): null

02-12-2024T07:03:50 - [TEST_STEP][PASSED] - i1 = <not implemented yet for class: org.codehaus.groovy.ast.expr.EmptyExpression>: null

02-12-2024T07:03:50 - [TEST_STEP][PASSED] - ii = <not implemented yet for class: org.codehaus.groovy.ast.expr.EmptyExpression>: null

02-12-2024T07:03:50 - [TEST_STEP][PASSED] - for ([ii = 1, ii < 8, (ii++)]): null

02-12-2024T07:03:50 - [TEST_STEP][PASSED] - i1 = x.indexOf("/") + 1: null

02-12-2024T07:03:50 - [TEST_STEP][PASSED] - if (i1 > -1): null

02-12-2024T07:03:50 - [TEST_STEP][PASSED] - x = x.substring(i1, x.length()): null

02-12-2024T07:03:50 - [TEST_STEP][PASSED] - println(x): null

02-12-2024T07:03:50 - [TEST_STEP][PASSED] - i1 = x.indexOf("/") + 1: null

02-12-2024T07:03:50 - [TEST_STEP][PASSED] - if (i1 > -1): null

02-12-2024T07:03:50 - [TEST_STEP][PASSED] - x = x.substring(i1, x.length()): null

02-12-2024T07:03:50 - [TEST_STEP][PASSED] - println(x): null

02-12-2024T07:03:50 - [TEST_STEP][PASSED] - i1 = x.indexOf("/") + 1: null

02-12-2024T07:03:50 - [TEST_STEP][PASSED] - if (i1 > -1): null

02-12-2024T07:03:50 - [TEST_STEP][PASSED] - x = x.substring(i1, x.length()): null

02-12-2024T07:03:50 - [TEST_STEP][PASSED] - println(x): null

02-12-2024T07:03:50 - [TEST_STEP][PASSED] - i1 = x.indexOf("/") + 1: null

02-12-2024T07:03:50 - [TEST_STEP][PASSED] - if (i1 > -1): null

02-12-2024T07:03:50 - [TEST_STEP][PASSED] - x = x.substring(i1, x.length()): null

02-12-2024T07:03:50 - [TEST_STEP][PASSED] - println(x): null

02-12-2024T07:03:50 - [TEST_STEP][PASSED] - i1 = x.indexOf("/") + 1: null

02-12-2024T07:03:50 - [TEST_STEP][PASSED] - if (i1 > -1): null

02-12-2024T07:03:50 - [TEST_STEP][PASSED] - x = x.substring(i1, x.length()): null

02-12-2024T07:03:50 - [TEST_STEP][PASSED] - println(x): null

02-12-2024T07:03:50 - [TEST_STEP][PASSED] - i1 = x.indexOf("/") + 1: null

02-12-2024T07:03:50 - [TEST_STEP][PASSED] - if (i1 > -1): null

02-12-2024T07:03:50 - [TEST_STEP][PASSED] - x = x.substring(i1, x.length()): null

02-12-2024T07:03:50 - [TEST_STEP][PASSED] - println(x): null

02-12-2024T07:03:50 - [TEST_STEP][PASSED] - i1 = x.indexOf("/") + 1: null

02-12-2024T07:03:50 - [TEST_STEP][PASSED] - if (i1 > -1): null

02-12-2024T07:03:50 - [TEST_STEP][PASSED] - x = x.substring(i1, x.length()): null

02-12-2024T07:03:50 - [TEST_STEP][PASSED] - println(x): null

02-12-2024T07:03:50 - [TEST_STEP][PASSED] - i1 = x.indexOf("/"): null

02-12-2024T07:03:50 - [TEST_STEP][PASSED] - if (i1 > -1): null

02-12-2024T07:03:50 - [TEST_STEP][PASSED] - x = x.substring(0, i1): null

02-12-2024T07:03:50 - [TEST_STEP][PASSED] - println(x): null

02-12-2024T07:03:50 - [TEST_STEP][FAILED] - return x: null

02-12-2024T07:03:50 - [TEST_STEP][PASSED] - println(tabR + "/" + tabB): null

02-12-2024T07:03:50 - [TEST_STEP][FAILED] - if (verifyEqual(PercFactR, PercFactB) == false): null

02-12-2024T07:03:50 - [MESSAGE][FAILED] - Unable to verify equal between actual object 'нет данных' and expected object '5.05' (Root cause: com.kms.katalon.core.exception.StepFailedException: Actual object 'нет данных' and expected object '5.05' are not equal
	at com.kms.katalon.core.keyword.builtin.VerifyEqualKeyword$_verifyEqual_closure1.doCall(VerifyEqualKeyword.groovy:58)
	at com.kms.katalon.core.keyword.builtin.VerifyEqualKeyword$_verifyEqual_closure1.call(VerifyEqualKeyword.groovy)
	at com.kms.katalon.core.keyword.internal.KeywordMain.runKeyword(KeywordMain.groovy:75)
	at com.kms.katalon.core.keyword.builtin.VerifyEqualKeyword.verifyEqual(VerifyEqualKeyword.groovy:63)
	at com.kms.katalon.core.keyword.builtin.VerifyEqualKeyword.execute(VerifyEqualKeyword.groovy:44)
	at com.kms.katalon.core.keyword.internal.KeywordExecutor.executeKeywordForPlatform(KeywordExecutor.groovy:74)
	at com.kms.katalon.core.keyword.BuiltinKeywords.verifyEqual(BuiltinKeywords.groovy:146)
	at jdk.internal.reflect.GeneratedMethodAccessor25.invoke(Unknown Source)
	at java.base/jdk.internal.reflect.DelegatingMethodAccessorImpl.invoke(DelegatingMethodAccessorImpl.java:43)
	at Выполнение бизнес-плана сверка дашбордов.CompareDZOData(Выполнение бизнес-плана сверка дашбордов:758)
	at Выполнение бизнес-плана сверка дашбордов.run(Выполнение бизнес-плана сверка дашбордов:598)
	at com.kms.katalon.core.main.ScriptEngine.run(ScriptEngine.java:194)
	at com.kms.katalon.core.main.ScriptEngine.runScriptAsRawText(ScriptEngine.java:119)
	at com.kms.katalon.core.main.TestCaseExecutor.runScript(TestCaseExecutor.java:448)
	at com.kms.katalon.core.main.TestCaseExecutor.doExecute(TestCaseExecutor.java:439)
	at com.kms.katalon.core.main.TestCaseExecutor.processExecutionPhase(TestCaseExecutor.java:418)
	at com.kms.katalon.core.main.TestCaseExecutor.accessMainPhase(TestCaseExecutor.java:410)
	at com.kms.katalon.core.main.TestCaseExecutor.execute(TestCaseExecutor.java:285)
	at com.kms.katalon.core.common.CommonExecutor.accessTestCaseMainPhase(CommonExecutor.java:65)
	at com.kms.katalon.core.main.TestSuiteExecutor.accessTestSuiteMainPhase(TestSuiteExecutor.java:150)
	at com.kms.katalon.core.main.TestSuiteExecutor.execute(TestSuiteExecutor.java:106)
	at com.kms.katalon.core.main.TestCaseMain.startTestSuite(TestCaseMain.java:180)
	at TempTestSuite1733111659562.run(TempTestSuite1733111659562.groovy:35)
	at java.base/jdk.internal.reflect.NativeMethodAccessorImpl.invoke0(Native Method)
	at java.base/jdk.internal.reflect.NativeMethodAccessorImpl.invoke(NativeMethodAccessorImpl.java:77)
	at java.base/jdk.internal.reflect.DelegatingMethodAccessorImpl.invoke(DelegatingMethodAccessorImpl.java:43)
)

02-12-2024T07:03:50 - [TEST_STEP][PASSED] - result = WriteToExcel(typeOfData, todaysDate, PercPlanR, PercPlanB, PercFactR, PercFactB, x, tabR, tabB, o1R, o1B, vidget): null

02-12-2024T07:03:50 - [TEST_STEP][PASSED] - iii = dZO.indexOf("/"): null

02-12-2024T07:03:50 - [TEST_STEP][PASSED] - println(iii): null

02-12-2024T07:03:50 - [TEST_STEP][PASSED] - dZO = dZO.substring(0, iii): null

02-12-2024T07:03:50 - [TEST_STEP][PASSED] - println(dZO): null

02-12-2024T07:03:50 - [TEST_STEP][PASSED] - println(PercPlanR): null

02-12-2024T07:03:50 - [TEST_STEP][PASSED] - println(PercPlanB): null

02-12-2024T07:03:50 - [TEST_STEP][PASSED] - println(PercFactR): null

02-12-2024T07:03:50 - [TEST_STEP][PASSED] - println(PercFactB): null

02-12-2024T07:03:50 - [TEST_STEP][PASSED] - println(tabR): null

02-12-2024T07:03:50 - [TEST_STEP][PASSED] - println(tabB): null

02-12-2024T07:03:50 - [TEST_STEP][PASSED] - println(o1R): null

02-12-2024T07:03:50 - [TEST_STEP][PASSED] - println(o1B): null

02-12-2024T07:03:50 - [TEST_STEP][PASSED] - PR = <not implemented yet for class: org.codehaus.groovy.ast.expr.EmptyExpression>: null

02-12-2024T07:03:50 - [TEST_STEP][PASSED] - FR = <not implemented yet for class: org.codehaus.groovy.ast.expr.EmptyExpression>: null

02-12-2024T07:03:50 - [TEST_STEP][PASSED] - PB = <not implemented yet for class: org.codehaus.groovy.ast.expr.EmptyExpression>: null

02-12-2024T07:03:50 - [TEST_STEP][PASSED] - FB = <not implemented yet for class: org.codehaus.groovy.ast.expr.EmptyExpression>: null

02-12-2024T07:03:50 - [TEST_STEP][PASSED] - TR = <not implemented yet for class: org.codehaus.groovy.ast.expr.EmptyExpression>: null

02-12-2024T07:03:50 - [TEST_STEP][PASSED] - TB = <not implemented yet for class: org.codehaus.groovy.ast.expr.EmptyExpression>: null

02-12-2024T07:03:50 - [TEST_STEP][PASSED] - sheetName = "Sheet1": null

02-12-2024T07:03:50 - [TEST_STEP][PASSED] - data = findTestData("PlanFact"): null

02-12-2024T07:03:50 - [TEST_STEP][PASSED] - n = data.getRowNumbers() + 1: null

02-12-2024T07:03:50 - [TEST_STEP][PASSED] - year = todaysDate.substring(todaysDate.length() - 4, todaysDate.length()): null

02-12-2024T07:03:50 - [TEST_STEP][PASSED] - y = year.toInteger(): null

02-12-2024T07:03:50 - [TEST_STEP][PASSED] - m = getText(findTestObject("Выполнение бизнес-плана/Выполнение бизнес-плана Балансы/Фильтр Дата")): Text of object 'Object Repository/Выполнение бизнес-плана/Выполнение бизнес-плана Балансы/Фильтр Дата' is: '1, 2, 3 кв., Октябрь 2024 года'

02-12-2024T07:03:50 - [MESSAGE][PASSED] - Text of object 'Object Repository/Выполнение бизнес-плана/Выполнение бизнес-плана Балансы/Фильтр Дата' is: '1, 2, 3 кв., Октябрь 2024 года'

02-12-2024T07:03:50 - [TEST_STEP][PASSED] - m = m.substring(0, m.indexOf("2024")): null

02-12-2024T07:03:50 - [TEST_STEP][PASSED] - m = m.trim(): null

02-12-2024T07:03:50 - [TEST_STEP][PASSED] - dashboardName = "Выполнение бизнес-плана": null

02-12-2024T07:03:50 - [TEST_STEP][PASSED] - workbook01 = getWorkbook(excelFilePath): null

02-12-2024T07:03:51 - [TEST_STEP][PASSED] - sheet01 = getExcelSheet(workbook01, sheetName): null

02-12-2024T07:03:51 - [TEST_STEP][PASSED] - setValueToCellByIndex(sheet01, n, 0, dashboardName): null

02-12-2024T07:03:51 - [TEST_STEP][PASSED] - setValueToCellByIndex(sheet01, n, 1, dZO): null

02-12-2024T07:03:51 - [TEST_STEP][PASSED] - setValueToCellByIndex(sheet01, n, 2, typeOfData): null

02-12-2024T07:03:51 - [TEST_STEP][PASSED] - setValueToCellByIndex(sheet01, n, 3, typeOfData): null

02-12-2024T07:03:51 - [TEST_STEP][PASSED] - if (typeOfData == "План"): null

02-12-2024T07:03:51 - [TEST_STEP][PASSED] - else if (typeOfData == "Факт"): null

02-12-2024T07:03:51 - [TEST_STEP][PASSED] - else if (vidget.contains("электроэнергии") == true): null

02-12-2024T07:03:51 - [TEST_STEP][PASSED] - if (tabR == null): null

02-12-2024T07:03:51 - [TEST_STEP][PASSED] - else: null

02-12-2024T07:03:51 - [TEST_STEP][PASSED] - if (tabR == "нет данных"): null

02-12-2024T07:03:51 - [TEST_STEP][PASSED] - setValueToCellByIndex(sheet01, n, 4, "нет данных"): null

02-12-2024T07:03:51 - [TEST_STEP][PASSED] - if (tabB == null): null

02-12-2024T07:03:51 - [TEST_STEP][PASSED] - else: null

02-12-2024T07:03:51 - [TEST_STEP][PASSED] - if (tabB == "нет данных"): null

02-12-2024T07:03:51 - [TEST_STEP][PASSED] - else: null

02-12-2024T07:03:51 - [TEST_STEP][PASSED] - TB = tabB.toInteger(): null

02-12-2024T07:03:51 - [TEST_STEP][PASSED] - setValueToCellByIndex(sheet01, n, 5, TB): null

02-12-2024T07:03:51 - [TEST_STEP][PASSED] - setValueToCellByIndex(sheet01, n, 6, m): null

02-12-2024T07:03:51 - [TEST_STEP][PASSED] - setValueToCellByIndex(sheet01, n, 7, y): null

02-12-2024T07:03:51 - [TEST_STEP][PASSED] - setValueToCellByIndex(sheet01, n, 8, todaysDate): null

02-12-2024T07:03:51 - [TEST_STEP][PASSED] - n = n + 1: null

02-12-2024T07:03:51 - [TEST_STEP][PASSED] - saveWorkbook(excelFilePath, workbook01): null

02-12-2024T07:03:51 - [TEST_STEP][PASSED] - typeOfData = "План Потери": null

02-12-2024T07:03:51 - [TEST_STEP][PASSED] - tabR = GetPPlanR(x = a): null

02-12-2024T07:03:51 - [TEST_STEP][PASSED] - i1 = <not implemented yet for class: org.codehaus.groovy.ast.expr.EmptyExpression>: null

02-12-2024T07:03:51 - [TEST_STEP][PASSED] - ii = <not implemented yet for class: org.codehaus.groovy.ast.expr.EmptyExpression>: null

02-12-2024T07:03:51 - [TEST_STEP][PASSED] - for ([ii = 1, ii < 9, (ii++)]): null

02-12-2024T07:03:51 - [TEST_STEP][PASSED] - i1 = x.indexOf("/") + 1: null

02-12-2024T07:03:51 - [TEST_STEP][PASSED] - if (i1 > -1): null

02-12-2024T07:03:51 - [TEST_STEP][PASSED] - x = x.substring(i1, x.length()): null

02-12-2024T07:03:51 - [TEST_STEP][PASSED] - println(x): null

02-12-2024T07:03:51 - [TEST_STEP][PASSED] - i1 = x.indexOf("/") + 1: null

02-12-2024T07:03:51 - [TEST_STEP][PASSED] - if (i1 > -1): null

02-12-2024T07:03:51 - [TEST_STEP][PASSED] - x = x.substring(i1, x.length()): null

02-12-2024T07:03:51 - [TEST_STEP][PASSED] - println(x): null

02-12-2024T07:03:51 - [TEST_STEP][PASSED] - i1 = x.indexOf("/") + 1: null

02-12-2024T07:03:51 - [TEST_STEP][PASSED] - if (i1 > -1): null

02-12-2024T07:03:51 - [TEST_STEP][PASSED] - x = x.substring(i1, x.length()): null

02-12-2024T07:03:51 - [TEST_STEP][PASSED] - println(x): null

02-12-2024T07:03:51 - [TEST_STEP][PASSED] - i1 = x.indexOf("/") + 1: null

02-12-2024T07:03:51 - [TEST_STEP][PASSED] - if (i1 > -1): null

02-12-2024T07:03:51 - [TEST_STEP][PASSED] - x = x.substring(i1, x.length()): null

02-12-2024T07:03:51 - [TEST_STEP][PASSED] - println(x): null

02-12-2024T07:03:51 - [TEST_STEP][PASSED] - i1 = x.indexOf("/") + 1: null

02-12-2024T07:03:51 - [TEST_STEP][PASSED] - if (i1 > -1): null

02-12-2024T07:03:51 - [TEST_STEP][PASSED] - x = x.substring(i1, x.length()): null

02-12-2024T07:03:51 - [TEST_STEP][PASSED] - println(x): null

02-12-2024T07:03:51 - [TEST_STEP][PASSED] - i1 = x.indexOf("/") + 1: null

02-12-2024T07:03:51 - [TEST_STEP][PASSED] - if (i1 > -1): null

02-12-2024T07:03:51 - [TEST_STEP][PASSED] - x = x.substring(i1, x.length()): null

02-12-2024T07:03:51 - [TEST_STEP][PASSED] - println(x): null

02-12-2024T07:03:51 - [TEST_STEP][PASSED] - i1 = x.indexOf("/") + 1: null

02-12-2024T07:03:51 - [TEST_STEP][PASSED] - if (i1 > -1): null

02-12-2024T07:03:51 - [TEST_STEP][PASSED] - x = x.substring(i1, x.length()): null

02-12-2024T07:03:51 - [TEST_STEP][PASSED] - println(x): null

02-12-2024T07:03:51 - [TEST_STEP][PASSED] - i1 = x.indexOf("/") + 1: null

02-12-2024T07:03:51 - [TEST_STEP][PASSED] - if (i1 > -1): null

02-12-2024T07:03:51 - [TEST_STEP][PASSED] - x = x.substring(i1, x.length()): null

02-12-2024T07:03:51 - [TEST_STEP][PASSED] - println(x): null

02-12-2024T07:03:51 - [TEST_STEP][PASSED] - i1 = x.indexOf("/"): null

02-12-2024T07:03:51 - [TEST_STEP][PASSED] - if (i1 > -1): null

02-12-2024T07:03:51 - [TEST_STEP][PASSED] - x = x.substring(0, i1): null

02-12-2024T07:03:51 - [TEST_STEP][PASSED] - println(x): null

02-12-2024T07:03:51 - [TEST_STEP][PASSED] - return x: null

02-12-2024T07:03:51 - [TEST_STEP][PASSED] - tabB = GetPPlanB(x = b): null

02-12-2024T07:03:51 - [TEST_STEP][PASSED] - i1 = <not implemented yet for class: org.codehaus.groovy.ast.expr.EmptyExpression>: null

02-12-2024T07:03:51 - [TEST_STEP][PASSED] - ii = <not implemented yet for class: org.codehaus.groovy.ast.expr.EmptyExpression>: null

02-12-2024T07:03:51 - [TEST_STEP][PASSED] - for ([ii = 1, ii < 9, (ii++)]): null

02-12-2024T07:03:51 - [TEST_STEP][PASSED] - i1 = x.indexOf("/") + 1: null

02-12-2024T07:03:51 - [TEST_STEP][PASSED] - if (i1 > -1): null

02-12-2024T07:03:51 - [TEST_STEP][PASSED] - x = x.substring(i1, x.length()): null

02-12-2024T07:03:51 - [TEST_STEP][PASSED] - println(x): null

02-12-2024T07:03:51 - [TEST_STEP][PASSED] - i1 = x.indexOf("/") + 1: null

02-12-2024T07:03:51 - [TEST_STEP][PASSED] - if (i1 > -1): null

02-12-2024T07:03:51 - [TEST_STEP][PASSED] - x = x.substring(i1, x.length()): null

02-12-2024T07:03:51 - [TEST_STEP][PASSED] - println(x): null

02-12-2024T07:03:51 - [TEST_STEP][PASSED] - i1 = x.indexOf("/") + 1: null

02-12-2024T07:03:51 - [TEST_STEP][PASSED] - if (i1 > -1): null

02-12-2024T07:03:51 - [TEST_STEP][PASSED] - x = x.substring(i1, x.length()): null

02-12-2024T07:03:51 - [TEST_STEP][PASSED] - println(x): null

02-12-2024T07:03:51 - [TEST_STEP][PASSED] - i1 = x.indexOf("/") + 1: null

02-12-2024T07:03:51 - [TEST_STEP][PASSED] - if (i1 > -1): null

02-12-2024T07:03:51 - [TEST_STEP][PASSED] - x = x.substring(i1, x.length()): null

02-12-2024T07:03:51 - [TEST_STEP][PASSED] - println(x): null

02-12-2024T07:03:51 - [TEST_STEP][PASSED] - i1 = x.indexOf("/") + 1: null

02-12-2024T07:03:51 - [TEST_STEP][PASSED] - if (i1 > -1): null

02-12-2024T07:03:51 - [TEST_STEP][PASSED] - x = x.substring(i1, x.length()): null

02-12-2024T07:03:51 - [TEST_STEP][PASSED] - println(x): null

02-12-2024T07:03:51 - [TEST_STEP][PASSED] - i1 = x.indexOf("/") + 1: null

02-12-2024T07:03:51 - [TEST_STEP][PASSED] - if (i1 > -1): null

02-12-2024T07:03:51 - [TEST_STEP][PASSED] - x = x.substring(i1, x.length()): null

02-12-2024T07:03:51 - [TEST_STEP][PASSED] - println(x): null

02-12-2024T07:03:51 - [TEST_STEP][PASSED] - i1 = x.indexOf("/") + 1: null

02-12-2024T07:03:51 - [TEST_STEP][PASSED] - if (i1 > -1): null

02-12-2024T07:03:51 - [TEST_STEP][PASSED] - x = x.substring(i1, x.length()): null

02-12-2024T07:03:51 - [TEST_STEP][PASSED] - println(x): null

02-12-2024T07:03:51 - [TEST_STEP][PASSED] - i1 = x.indexOf("/") + 1: null

02-12-2024T07:03:51 - [TEST_STEP][PASSED] - if (i1 > -1): null

02-12-2024T07:03:51 - [TEST_STEP][PASSED] - x = x.substring(i1, x.length()): null

02-12-2024T07:03:51 - [TEST_STEP][PASSED] - println(x): null

02-12-2024T07:03:51 - [TEST_STEP][PASSED] - i1 = x.indexOf("/"): null

02-12-2024T07:03:51 - [TEST_STEP][PASSED] - if (i1 > -1): null

02-12-2024T07:03:51 - [TEST_STEP][PASSED] - x = x.substring(0, i1): null

02-12-2024T07:03:51 - [TEST_STEP][PASSED] - println(x): null

02-12-2024T07:03:51 - [TEST_STEP][FAILED] - return x: null

02-12-2024T07:03:51 - [TEST_STEP][PASSED] - println(tabR + "/" + tabB): null

02-12-2024T07:03:51 - [TEST_STEP][FAILED] - if (verifyEqual(PercFactR, PercFactB) == false): null

02-12-2024T07:03:51 - [MESSAGE][FAILED] - Unable to verify equal between actual object 'нет данных' and expected object '5.05' (Root cause: com.kms.katalon.core.exception.StepFailedException: Actual object 'нет данных' and expected object '5.05' are not equal
	at com.kms.katalon.core.keyword.builtin.VerifyEqualKeyword$_verifyEqual_closure1.doCall(VerifyEqualKeyword.groovy:58)
	at com.kms.katalon.core.keyword.builtin.VerifyEqualKeyword$_verifyEqual_closure1.call(VerifyEqualKeyword.groovy)
	at com.kms.katalon.core.keyword.internal.KeywordMain.runKeyword(KeywordMain.groovy:75)
	at com.kms.katalon.core.keyword.builtin.VerifyEqualKeyword.verifyEqual(VerifyEqualKeyword.groovy:63)
	at com.kms.katalon.core.keyword.builtin.VerifyEqualKeyword.execute(VerifyEqualKeyword.groovy:44)
	at com.kms.katalon.core.keyword.internal.KeywordExecutor.executeKeywordForPlatform(KeywordExecutor.groovy:74)
	at com.kms.katalon.core.keyword.BuiltinKeywords.verifyEqual(BuiltinKeywords.groovy:146)
	at jdk.internal.reflect.GeneratedMethodAccessor25.invoke(Unknown Source)
	at java.base/jdk.internal.reflect.DelegatingMethodAccessorImpl.invoke(DelegatingMethodAccessorImpl.java:43)
	at Выполнение бизнес-плана сверка дашбордов.CompareDZOData(Выполнение бизнес-плана сверка дашбордов:771)
	at Выполнение бизнес-плана сверка дашбордов.run(Выполнение бизнес-плана сверка дашбордов:598)
	at com.kms.katalon.core.main.ScriptEngine.run(ScriptEngine.java:194)
	at com.kms.katalon.core.main.ScriptEngine.runScriptAsRawText(ScriptEngine.java:119)
	at com.kms.katalon.core.main.TestCaseExecutor.runScript(TestCaseExecutor.java:448)
	at com.kms.katalon.core.main.TestCaseExecutor.doExecute(TestCaseExecutor.java:439)
	at com.kms.katalon.core.main.TestCaseExecutor.processExecutionPhase(TestCaseExecutor.java:418)
	at com.kms.katalon.core.main.TestCaseExecutor.accessMainPhase(TestCaseExecutor.java:410)
	at com.kms.katalon.core.main.TestCaseExecutor.execute(TestCaseExecutor.java:285)
	at com.kms.katalon.core.common.CommonExecutor.accessTestCaseMainPhase(CommonExecutor.java:65)
	at com.kms.katalon.core.main.TestSuiteExecutor.accessTestSuiteMainPhase(TestSuiteExecutor.java:150)
	at com.kms.katalon.core.main.TestSuiteExecutor.execute(TestSuiteExecutor.java:106)
	at com.kms.katalon.core.main.TestCaseMain.startTestSuite(TestCaseMain.java:180)
	at TempTestSuite1733111659562.run(TempTestSuite1733111659562.groovy:35)
	at java.base/jdk.internal.reflect.NativeMethodAccessorImpl.invoke0(Native Method)
	at java.base/jdk.internal.reflect.NativeMethodAccessorImpl.invoke(NativeMethodAccessorImpl.java:77)
	at java.base/jdk.internal.reflect.DelegatingMethodAccessorImpl.invoke(DelegatingMethodAccessorImpl.java:43)
)

02-12-2024T07:03:51 - [TEST_STEP][PASSED] - result = WriteToExcel(typeOfData, todaysDate, PercPlanR, PercPlanB, PercFactR, PercFactB, x, tabR, tabB, o1R, o1B, vidget): null

02-12-2024T07:03:51 - [TEST_STEP][PASSED] - iii = dZO.indexOf("/"): null

02-12-2024T07:03:51 - [TEST_STEP][PASSED] - println(iii): null

02-12-2024T07:03:51 - [TEST_STEP][PASSED] - dZO = dZO.substring(0, iii): null

02-12-2024T07:03:51 - [TEST_STEP][PASSED] - println(dZO): null

02-12-2024T07:03:51 - [TEST_STEP][PASSED] - println(PercPlanR): null

02-12-2024T07:03:51 - [TEST_STEP][PASSED] - println(PercPlanB): null

02-12-2024T07:03:51 - [TEST_STEP][PASSED] - println(PercFactR): null

02-12-2024T07:03:51 - [TEST_STEP][PASSED] - println(PercFactB): null

02-12-2024T07:03:51 - [TEST_STEP][PASSED] - println(tabR): null

02-12-2024T07:03:51 - [TEST_STEP][PASSED] - println(tabB): null

02-12-2024T07:03:51 - [TEST_STEP][PASSED] - println(o1R): null

02-12-2024T07:03:51 - [TEST_STEP][PASSED] - println(o1B): null

02-12-2024T07:03:51 - [TEST_STEP][PASSED] - PR = <not implemented yet for class: org.codehaus.groovy.ast.expr.EmptyExpression>: null

02-12-2024T07:03:51 - [TEST_STEP][PASSED] - FR = <not implemented yet for class: org.codehaus.groovy.ast.expr.EmptyExpression>: null

02-12-2024T07:03:51 - [TEST_STEP][PASSED] - PB = <not implemented yet for class: org.codehaus.groovy.ast.expr.EmptyExpression>: null

02-12-2024T07:03:51 - [TEST_STEP][PASSED] - FB = <not implemented yet for class: org.codehaus.groovy.ast.expr.EmptyExpression>: null

02-12-2024T07:03:51 - [TEST_STEP][PASSED] - TR = <not implemented yet for class: org.codehaus.groovy.ast.expr.EmptyExpression>: null

02-12-2024T07:03:51 - [TEST_STEP][PASSED] - TB = <not implemented yet for class: org.codehaus.groovy.ast.expr.EmptyExpression>: null

02-12-2024T07:03:51 - [TEST_STEP][PASSED] - sheetName = "Sheet1": null

02-12-2024T07:03:51 - [TEST_STEP][PASSED] - data = findTestData("PlanFact"): null

02-12-2024T07:03:51 - [TEST_STEP][PASSED] - n = data.getRowNumbers() + 1: null

02-12-2024T07:03:51 - [TEST_STEP][PASSED] - year = todaysDate.substring(todaysDate.length() - 4, todaysDate.length()): null

02-12-2024T07:03:51 - [TEST_STEP][PASSED] - y = year.toInteger(): null

02-12-2024T07:03:51 - [TEST_STEP][PASSED] - m = getText(findTestObject("Выполнение бизнес-плана/Выполнение бизнес-плана Балансы/Фильтр Дата")): Text of object 'Object Repository/Выполнение бизнес-плана/Выполнение бизнес-плана Балансы/Фильтр Дата' is: '1, 2, 3 кв., Октябрь 2024 года'

02-12-2024T07:03:51 - [MESSAGE][PASSED] - Text of object 'Object Repository/Выполнение бизнес-плана/Выполнение бизнес-плана Балансы/Фильтр Дата' is: '1, 2, 3 кв., Октябрь 2024 года'

02-12-2024T07:03:51 - [TEST_STEP][PASSED] - m = m.substring(0, m.indexOf("2024")): null

02-12-2024T07:03:51 - [TEST_STEP][PASSED] - m = m.trim(): null

02-12-2024T07:03:51 - [TEST_STEP][PASSED] - dashboardName = "Выполнение бизнес-плана": null

02-12-2024T07:03:51 - [TEST_STEP][PASSED] - workbook01 = getWorkbook(excelFilePath): null

02-12-2024T07:03:51 - [TEST_STEP][PASSED] - sheet01 = getExcelSheet(workbook01, sheetName): null

02-12-2024T07:03:51 - [TEST_STEP][PASSED] - setValueToCellByIndex(sheet01, n, 0, dashboardName): null

02-12-2024T07:03:51 - [TEST_STEP][PASSED] - setValueToCellByIndex(sheet01, n, 1, dZO): null

02-12-2024T07:03:51 - [TEST_STEP][PASSED] - setValueToCellByIndex(sheet01, n, 2, typeOfData): null

02-12-2024T07:03:51 - [TEST_STEP][PASSED] - setValueToCellByIndex(sheet01, n, 3, typeOfData): null

02-12-2024T07:03:51 - [TEST_STEP][PASSED] - if (typeOfData == "План"): null

02-12-2024T07:03:51 - [TEST_STEP][PASSED] - else if (typeOfData == "Факт"): null

02-12-2024T07:03:51 - [TEST_STEP][PASSED] - else if (vidget.contains("электроэнергии") == true): null

02-12-2024T07:03:51 - [TEST_STEP][PASSED] - if (tabR == null): null

02-12-2024T07:03:51 - [TEST_STEP][PASSED] - else: null

02-12-2024T07:03:51 - [TEST_STEP][PASSED] - if (tabR == "нет данных"): null

02-12-2024T07:03:51 - [TEST_STEP][PASSED] - setValueToCellByIndex(sheet01, n, 4, "нет данных"): null

02-12-2024T07:03:51 - [TEST_STEP][PASSED] - if (tabB == null): null

02-12-2024T07:03:51 - [TEST_STEP][PASSED] - else: null

02-12-2024T07:03:51 - [TEST_STEP][PASSED] - if (tabB == "нет данных"): null

02-12-2024T07:03:51 - [TEST_STEP][PASSED] - else: null

02-12-2024T07:03:51 - [TEST_STEP][PASSED] - TB = tabB.toInteger(): null

02-12-2024T07:03:51 - [TEST_STEP][PASSED] - setValueToCellByIndex(sheet01, n, 5, TB): null

02-12-2024T07:03:51 - [TEST_STEP][PASSED] - setValueToCellByIndex(sheet01, n, 6, m): null

02-12-2024T07:03:51 - [TEST_STEP][PASSED] - setValueToCellByIndex(sheet01, n, 7, y): null

02-12-2024T07:03:51 - [TEST_STEP][PASSED] - setValueToCellByIndex(sheet01, n, 8, todaysDate): null

02-12-2024T07:03:51 - [TEST_STEP][PASSED] - n = n + 1: null

02-12-2024T07:03:51 - [TEST_STEP][PASSED] - saveWorkbook(excelFilePath, workbook01): null

02-12-2024T07:03:51 - [TEST_STEP][PASSED] - ii2 = a.indexOf("ПАО"): null

02-12-2024T07:03:51 - [TEST_STEP][PASSED] - if (ii2 == -1): null

02-12-2024T07:03:51 - [TEST_STEP][PASSED] - vidget = "Отклонения фактического уровня потерь от бизнес-плана": null

02-12-2024T07:03:51 - [TEST_STEP][PASSED] - typeOfData = "Коэффициент": null

02-12-2024T07:03:51 - [TEST_STEP][PASSED] - o1R = Geto1R(x = a): null

02-12-2024T07:03:51 - [TEST_STEP][PASSED] - i1 = <not implemented yet for class: org.codehaus.groovy.ast.expr.EmptyExpression>: null

02-12-2024T07:03:51 - [TEST_STEP][PASSED] - ii = <not implemented yet for class: org.codehaus.groovy.ast.expr.EmptyExpression>: null

02-12-2024T07:03:51 - [TEST_STEP][PASSED] - for ([ii = 1, ii < 10, (ii++)]): null

02-12-2024T07:03:51 - [TEST_STEP][PASSED] - i1 = x.indexOf("/") + 1: null

02-12-2024T07:03:51 - [TEST_STEP][PASSED] - if (i1 > -1): null

02-12-2024T07:03:51 - [TEST_STEP][PASSED] - x = x.substring(i1, x.length()): null

02-12-2024T07:03:51 - [TEST_STEP][PASSED] - i1 = x.indexOf("/") + 1: null

02-12-2024T07:03:51 - [TEST_STEP][PASSED] - if (i1 > -1): null

02-12-2024T07:03:51 - [TEST_STEP][PASSED] - x = x.substring(i1, x.length()): null

02-12-2024T07:03:51 - [TEST_STEP][PASSED] - i1 = x.indexOf("/") + 1: null

02-12-2024T07:03:51 - [TEST_STEP][PASSED] - if (i1 > -1): null

02-12-2024T07:03:51 - [TEST_STEP][PASSED] - x = x.substring(i1, x.length()): null

02-12-2024T07:03:51 - [TEST_STEP][PASSED] - i1 = x.indexOf("/") + 1: null

02-12-2024T07:03:51 - [TEST_STEP][PASSED] - if (i1 > -1): null

02-12-2024T07:03:51 - [TEST_STEP][PASSED] - x = x.substring(i1, x.length()): null

02-12-2024T07:03:51 - [TEST_STEP][PASSED] - i1 = x.indexOf("/") + 1: null

02-12-2024T07:03:51 - [TEST_STEP][PASSED] - if (i1 > -1): null

02-12-2024T07:03:51 - [TEST_STEP][PASSED] - x = x.substring(i1, x.length()): null

02-12-2024T07:03:51 - [TEST_STEP][PASSED] - i1 = x.indexOf("/") + 1: null

02-12-2024T07:03:51 - [TEST_STEP][PASSED] - if (i1 > -1): null

02-12-2024T07:03:51 - [TEST_STEP][PASSED] - x = x.substring(i1, x.length()): null

02-12-2024T07:03:51 - [TEST_STEP][PASSED] - i1 = x.indexOf("/") + 1: null

02-12-2024T07:03:51 - [TEST_STEP][PASSED] - if (i1 > -1): null

02-12-2024T07:03:51 - [TEST_STEP][PASSED] - x = x.substring(i1, x.length()): null

02-12-2024T07:03:51 - [TEST_STEP][PASSED] - i1 = x.indexOf("/") + 1: null

02-12-2024T07:03:51 - [TEST_STEP][PASSED] - if (i1 > -1): null

02-12-2024T07:03:51 - [TEST_STEP][PASSED] - x = x.substring(i1, x.length()): null

02-12-2024T07:03:51 - [TEST_STEP][PASSED] - i1 = x.indexOf("/") + 1: null

02-12-2024T07:03:51 - [TEST_STEP][PASSED] - if (i1 > -1): null

02-12-2024T07:03:51 - [TEST_STEP][PASSED] - x = x.substring(i1, x.length()): null

02-12-2024T07:03:51 - [TEST_STEP][PASSED] - i1 = x.indexOf("/"): null

02-12-2024T07:03:51 - [TEST_STEP][PASSED] - if (i1 > -1): null

02-12-2024T07:03:51 - [TEST_STEP][PASSED] - println(x): null

02-12-2024T07:03:51 - [TEST_STEP][PASSED] - return x: null

02-12-2024T07:03:51 - [TEST_STEP][PASSED] - o1B = Geto1B(x = b): null

02-12-2024T07:03:51 - [TEST_STEP][PASSED] - i1 = <not implemented yet for class: org.codehaus.groovy.ast.expr.EmptyExpression>: null

02-12-2024T07:03:51 - [TEST_STEP][PASSED] - ii = <not implemented yet for class: org.codehaus.groovy.ast.expr.EmptyExpression>: null

02-12-2024T07:03:51 - [TEST_STEP][PASSED] - for ([ii = 1, ii < 10, (ii++)]): null

02-12-2024T07:03:51 - [TEST_STEP][PASSED] - i1 = x.indexOf("/") + 1: null

02-12-2024T07:03:51 - [TEST_STEP][PASSED] - if (i1 > -1): null

02-12-2024T07:03:51 - [TEST_STEP][PASSED] - x = x.substring(i1, x.length()): null

02-12-2024T07:03:51 - [TEST_STEP][PASSED] - i1 = x.indexOf("/") + 1: null

02-12-2024T07:03:51 - [TEST_STEP][PASSED] - if (i1 > -1): null

02-12-2024T07:03:51 - [TEST_STEP][PASSED] - x = x.substring(i1, x.length()): null

02-12-2024T07:03:51 - [TEST_STEP][PASSED] - i1 = x.indexOf("/") + 1: null

02-12-2024T07:03:51 - [TEST_STEP][PASSED] - if (i1 > -1): null

02-12-2024T07:03:51 - [TEST_STEP][PASSED] - x = x.substring(i1, x.length()): null

02-12-2024T07:03:51 - [TEST_STEP][PASSED] - i1 = x.indexOf("/") + 1: null

02-12-2024T07:03:51 - [TEST_STEP][PASSED] - if (i1 > -1): null

02-12-2024T07:03:51 - [TEST_STEP][PASSED] - x = x.substring(i1, x.length()): null

02-12-2024T07:03:51 - [TEST_STEP][PASSED] - i1 = x.indexOf("/") + 1: null

02-12-2024T07:03:51 - [TEST_STEP][PASSED] - if (i1 > -1): null

02-12-2024T07:03:51 - [TEST_STEP][PASSED] - x = x.substring(i1, x.length()): null

02-12-2024T07:03:51 - [TEST_STEP][PASSED] - i1 = x.indexOf("/") + 1: null

02-12-2024T07:03:51 - [TEST_STEP][PASSED] - if (i1 > -1): null

02-12-2024T07:03:51 - [TEST_STEP][PASSED] - x = x.substring(i1, x.length()): null

02-12-2024T07:03:51 - [TEST_STEP][PASSED] - i1 = x.indexOf("/") + 1: null

02-12-2024T07:03:51 - [TEST_STEP][PASSED] - if (i1 > -1): null

02-12-2024T07:03:51 - [TEST_STEP][PASSED] - x = x.substring(i1, x.length()): null

02-12-2024T07:03:51 - [TEST_STEP][PASSED] - i1 = x.indexOf("/") + 1: null

02-12-2024T07:03:51 - [TEST_STEP][PASSED] - if (i1 > -1): null

02-12-2024T07:03:51 - [TEST_STEP][PASSED] - x = x.substring(i1, x.length()): null

02-12-2024T07:03:51 - [TEST_STEP][PASSED] - i1 = x.indexOf("/") + 1: null

02-12-2024T07:03:51 - [TEST_STEP][PASSED] - if (i1 > -1): null

02-12-2024T07:03:51 - [TEST_STEP][PASSED] - x = x.substring(i1, x.length()): null

02-12-2024T07:03:51 - [TEST_STEP][PASSED] - i1 = x.indexOf("/"): null

02-12-2024T07:03:51 - [TEST_STEP][PASSED] - if (i1 > -1): null

02-12-2024T07:03:51 - [TEST_STEP][PASSED] - println(x): null

02-12-2024T07:03:51 - [TEST_STEP][FAILED] - return x: null

02-12-2024T07:03:51 - [TEST_STEP][PASSED] - println(o1R + "/" + o1B): null

02-12-2024T07:03:51 - [TEST_STEP][FAILED] - if (verifyEqual(PercFactR, PercFactB) == false): null

02-12-2024T07:03:51 - [MESSAGE][FAILED] - Unable to verify equal between actual object 'нет данных' and expected object '5.05' (Root cause: com.kms.katalon.core.exception.StepFailedException: Actual object 'нет данных' and expected object '5.05' are not equal
	at com.kms.katalon.core.keyword.builtin.VerifyEqualKeyword$_verifyEqual_closure1.doCall(VerifyEqualKeyword.groovy:58)
	at com.kms.katalon.core.keyword.builtin.VerifyEqualKeyword$_verifyEqual_closure1.call(VerifyEqualKeyword.groovy)
	at com.kms.katalon.core.keyword.internal.KeywordMain.runKeyword(KeywordMain.groovy:75)
	at com.kms.katalon.core.keyword.builtin.VerifyEqualKeyword.verifyEqual(VerifyEqualKeyword.groovy:63)
	at com.kms.katalon.core.keyword.builtin.VerifyEqualKeyword.execute(VerifyEqualKeyword.groovy:44)
	at com.kms.katalon.core.keyword.internal.KeywordExecutor.executeKeywordForPlatform(KeywordExecutor.groovy:74)
	at com.kms.katalon.core.keyword.BuiltinKeywords.verifyEqual(BuiltinKeywords.groovy:146)
	at jdk.internal.reflect.GeneratedMethodAccessor25.invoke(Unknown Source)
	at java.base/jdk.internal.reflect.DelegatingMethodAccessorImpl.invoke(DelegatingMethodAccessorImpl.java:43)
	at Выполнение бизнес-плана сверка дашбордов.CompareDZOData(Выполнение бизнес-плана сверка дашбордов:789)
	at Выполнение бизнес-плана сверка дашбордов.run(Выполнение бизнес-плана сверка дашбордов:598)
	at com.kms.katalon.core.main.ScriptEngine.run(ScriptEngine.java:194)
	at com.kms.katalon.core.main.ScriptEngine.runScriptAsRawText(ScriptEngine.java:119)
	at com.kms.katalon.core.main.TestCaseExecutor.runScript(TestCaseExecutor.java:448)
	at com.kms.katalon.core.main.TestCaseExecutor.doExecute(TestCaseExecutor.java:439)
	at com.kms.katalon.core.main.TestCaseExecutor.processExecutionPhase(TestCaseExecutor.java:418)
	at com.kms.katalon.core.main.TestCaseExecutor.accessMainPhase(TestCaseExecutor.java:410)
	at com.kms.katalon.core.main.TestCaseExecutor.execute(TestCaseExecutor.java:285)
	at com.kms.katalon.core.common.CommonExecutor.accessTestCaseMainPhase(CommonExecutor.java:65)
	at com.kms.katalon.core.main.TestSuiteExecutor.accessTestSuiteMainPhase(TestSuiteExecutor.java:150)
	at com.kms.katalon.core.main.TestSuiteExecutor.execute(TestSuiteExecutor.java:106)
	at com.kms.katalon.core.main.TestCaseMain.startTestSuite(TestCaseMain.java:180)
	at TempTestSuite1733111659562.run(TempTestSuite1733111659562.groovy:35)
	at java.base/jdk.internal.reflect.NativeMethodAccessorImpl.invoke0(Native Method)
	at java.base/jdk.internal.reflect.NativeMethodAccessorImpl.invoke(NativeMethodAccessorImpl.java:77)
	at java.base/jdk.internal.reflect.DelegatingMethodAccessorImpl.invoke(DelegatingMethodAccessorImpl.java:43)
)

02-12-2024T07:03:51 - [TEST_STEP][PASSED] - result = WriteToExcel(typeOfData, todaysDate, PercPlanR, PercPlanB, PercFactR, PercFactB, x, tabR, tabB, o1R, o1B, vidget): null

02-12-2024T07:03:51 - [TEST_STEP][PASSED] - iii = dZO.indexOf("/"): null

02-12-2024T07:03:51 - [TEST_STEP][PASSED] - println(iii): null

02-12-2024T07:03:51 - [TEST_STEP][PASSED] - dZO = dZO.substring(0, iii): null

02-12-2024T07:03:51 - [TEST_STEP][PASSED] - println(dZO): null

02-12-2024T07:03:51 - [TEST_STEP][PASSED] - println(PercPlanR): null

02-12-2024T07:03:51 - [TEST_STEP][PASSED] - println(PercPlanB): null

02-12-2024T07:03:51 - [TEST_STEP][PASSED] - println(PercFactR): null

02-12-2024T07:03:51 - [TEST_STEP][PASSED] - println(PercFactB): null

02-12-2024T07:03:51 - [TEST_STEP][PASSED] - println(tabR): null

02-12-2024T07:03:51 - [TEST_STEP][PASSED] - println(tabB): null

02-12-2024T07:03:51 - [TEST_STEP][PASSED] - println(o1R): null

02-12-2024T07:03:51 - [TEST_STEP][PASSED] - println(o1B): null

02-12-2024T07:03:51 - [TEST_STEP][PASSED] - PR = <not implemented yet for class: org.codehaus.groovy.ast.expr.EmptyExpression>: null

02-12-2024T07:03:51 - [TEST_STEP][PASSED] - FR = <not implemented yet for class: org.codehaus.groovy.ast.expr.EmptyExpression>: null

02-12-2024T07:03:51 - [TEST_STEP][PASSED] - PB = <not implemented yet for class: org.codehaus.groovy.ast.expr.EmptyExpression>: null

02-12-2024T07:03:51 - [TEST_STEP][PASSED] - FB = <not implemented yet for class: org.codehaus.groovy.ast.expr.EmptyExpression>: null

02-12-2024T07:03:51 - [TEST_STEP][PASSED] - TR = <not implemented yet for class: org.codehaus.groovy.ast.expr.EmptyExpression>: null

02-12-2024T07:03:51 - [TEST_STEP][PASSED] - TB = <not implemented yet for class: org.codehaus.groovy.ast.expr.EmptyExpression>: null

02-12-2024T07:03:51 - [TEST_STEP][PASSED] - sheetName = "Sheet1": null

02-12-2024T07:03:51 - [TEST_STEP][PASSED] - data = findTestData("PlanFact"): null

02-12-2024T07:03:51 - [TEST_STEP][PASSED] - n = data.getRowNumbers() + 1: null

02-12-2024T07:03:51 - [TEST_STEP][PASSED] - year = todaysDate.substring(todaysDate.length() - 4, todaysDate.length()): null

02-12-2024T07:03:51 - [TEST_STEP][PASSED] - y = year.toInteger(): null

02-12-2024T07:03:51 - [TEST_STEP][PASSED] - m = getText(findTestObject("Выполнение бизнес-плана/Выполнение бизнес-плана Балансы/Фильтр Дата")): Text of object 'Object Repository/Выполнение бизнес-плана/Выполнение бизнес-плана Балансы/Фильтр Дата' is: '1, 2, 3 кв., Октябрь 2024 года'

02-12-2024T07:03:52 - [MESSAGE][PASSED] - Text of object 'Object Repository/Выполнение бизнес-плана/Выполнение бизнес-плана Балансы/Фильтр Дата' is: '1, 2, 3 кв., Октябрь 2024 года'

02-12-2024T07:03:52 - [TEST_STEP][PASSED] - m = m.substring(0, m.indexOf("2024")): null

02-12-2024T07:03:52 - [TEST_STEP][PASSED] - m = m.trim(): null

02-12-2024T07:03:52 - [TEST_STEP][PASSED] - dashboardName = "Выполнение бизнес-плана": null

02-12-2024T07:03:52 - [TEST_STEP][PASSED] - workbook01 = getWorkbook(excelFilePath): null

02-12-2024T07:03:52 - [TEST_STEP][PASSED] - sheet01 = getExcelSheet(workbook01, sheetName): null

02-12-2024T07:03:52 - [TEST_STEP][PASSED] - setValueToCellByIndex(sheet01, n, 0, dashboardName): null

02-12-2024T07:03:52 - [TEST_STEP][PASSED] - setValueToCellByIndex(sheet01, n, 1, dZO): null

02-12-2024T07:03:52 - [TEST_STEP][PASSED] - setValueToCellByIndex(sheet01, n, 2, typeOfData): null

02-12-2024T07:03:52 - [TEST_STEP][PASSED] - setValueToCellByIndex(sheet01, n, 3, typeOfData): null

02-12-2024T07:03:52 - [TEST_STEP][PASSED] - if (typeOfData == "План"): null

02-12-2024T07:03:52 - [TEST_STEP][PASSED] - else if (typeOfData == "Факт"): null

02-12-2024T07:03:52 - [TEST_STEP][PASSED] - else if (vidget.contains("электроэнергии") == true): null

02-12-2024T07:03:52 - [TEST_STEP][PASSED] - else: null

02-12-2024T07:03:52 - [TEST_STEP][PASSED] - if (o1R == null): null

02-12-2024T07:03:52 - [TEST_STEP][PASSED] - else: null

02-12-2024T07:03:52 - [TEST_STEP][PASSED] - if (o1R == "нет данных"): null

02-12-2024T07:03:52 - [TEST_STEP][PASSED] - setValueToCellByIndex(sheet01, n, 4, "нет данных"): null

02-12-2024T07:03:52 - [TEST_STEP][PASSED] - if (o1B == null): null

02-12-2024T07:03:52 - [TEST_STEP][PASSED] - else: null

02-12-2024T07:03:52 - [TEST_STEP][PASSED] - if (o1B == "нет данных"): null

02-12-2024T07:03:52 - [TEST_STEP][PASSED] - else: null

02-12-2024T07:03:52 - [TEST_STEP][PASSED] - FB = o1B.toDouble(): null

02-12-2024T07:03:52 - [TEST_STEP][PASSED] - setValueToCellByIndex(sheet01, n, 5, FB): null

02-12-2024T07:03:52 - [TEST_STEP][PASSED] - setValueToCellByIndex(sheet01, n, 6, m): null

02-12-2024T07:03:52 - [TEST_STEP][PASSED] - setValueToCellByIndex(sheet01, n, 7, y): null

02-12-2024T07:03:52 - [TEST_STEP][PASSED] - setValueToCellByIndex(sheet01, n, 8, todaysDate): null

02-12-2024T07:03:52 - [TEST_STEP][PASSED] - n = n + 1: null

02-12-2024T07:03:52 - [TEST_STEP][FAILED] - saveWorkbook(excelFilePath, workbook01): null

02-12-2024T07:03:52 - [TEST_STEP][FAILED] - if (verifyEqual(kR, kB) == false): null

02-12-2024T07:03:52 - [MESSAGE][FAILED] - Unable to verify equal between actual object 'Россети Кубань/нет данных/нет данных/нет данных/нет данных/нет данных/нет данных/нет данных/нет данных/нет данных' and expected object 'Россети Кубань/9.22/8.68/19209232/17541196/1668036/18442019/16742025/1699994/-0.53' (Root cause: com.kms.katalon.core.exception.StepFailedException: Actual object 'Россети Кубань/нет данных/нет данных/нет данных/нет данных/нет данных/нет данных/нет данных/нет данных/нет данных' and expected object 'Россети Кубань/9.22/8.68/19209232/17541196/1668036/18442019/16742025/1699994/-0.53' are not equal
	at com.kms.katalon.core.keyword.builtin.VerifyEqualKeyword$_verifyEqual_closure1.doCall(VerifyEqualKeyword.groovy:58)
	at com.kms.katalon.core.keyword.builtin.VerifyEqualKeyword$_verifyEqual_closure1.call(VerifyEqualKeyword.groovy)
	at com.kms.katalon.core.keyword.internal.KeywordMain.runKeyword(KeywordMain.groovy:75)
	at com.kms.katalon.core.keyword.builtin.VerifyEqualKeyword.verifyEqual(VerifyEqualKeyword.groovy:63)
	at com.kms.katalon.core.keyword.builtin.VerifyEqualKeyword.execute(VerifyEqualKeyword.groovy:44)
	at com.kms.katalon.core.keyword.internal.KeywordExecutor.executeKeywordForPlatform(KeywordExecutor.groovy:74)
	at com.kms.katalon.core.keyword.BuiltinKeywords.verifyEqual(BuiltinKeywords.groovy:146)
	at jdk.internal.reflect.GeneratedMethodAccessor25.invoke(Unknown Source)
	at java.base/jdk.internal.reflect.DelegatingMethodAccessorImpl.invoke(DelegatingMethodAccessorImpl.java:43)
	at Выполнение бизнес-плана сверка дашбордов.run(Выполнение бизнес-плана сверка дашбордов:602)
	at com.kms.katalon.core.main.ScriptEngine.run(ScriptEngine.java:194)
	at com.kms.katalon.core.main.ScriptEngine.runScriptAsRawText(ScriptEngine.java:119)
	at com.kms.katalon.core.main.TestCaseExecutor.runScript(TestCaseExecutor.java:448)
	at com.kms.katalon.core.main.TestCaseExecutor.doExecute(TestCaseExecutor.java:439)
	at com.kms.katalon.core.main.TestCaseExecutor.processExecutionPhase(TestCaseExecutor.java:418)
	at com.kms.katalon.core.main.TestCaseExecutor.accessMainPhase(TestCaseExecutor.java:410)
	at com.kms.katalon.core.main.TestCaseExecutor.execute(TestCaseExecutor.java:285)
	at com.kms.katalon.core.common.CommonExecutor.accessTestCaseMainPhase(CommonExecutor.java:65)
	at com.kms.katalon.core.main.TestSuiteExecutor.accessTestSuiteMainPhase(TestSuiteExecutor.java:150)
	at com.kms.katalon.core.main.TestSuiteExecutor.execute(TestSuiteExecutor.java:106)
	at com.kms.katalon.core.main.TestCaseMain.startTestSuite(TestCaseMain.java:180)
	at TempTestSuite1733111659562.run(TempTestSuite1733111659562.groovy:35)
	at java.base/jdk.internal.reflect.NativeMethodAccessorImpl.invoke0(Native Method)
	at java.base/jdk.internal.reflect.NativeMethodAccessorImpl.invoke(NativeMethodAccessorImpl.java:77)
	at java.base/jdk.internal.reflect.DelegatingMethodAccessorImpl.invoke(DelegatingMethodAccessorImpl.java:43)
)

02-12-2024T07:03:52 - [TEST_STEP][PASSED] - result = CompareDZOData(a = kR, b = kB, dZO, typeOfData, PercPlanR, PercPlanB, PercFactR, PercFactB, todaysDate, x, vidget, tabR, tabB, o1R, o1B): null

02-12-2024T07:03:52 - [TEST_STEP][PASSED] - ii2 = <not implemented yet for class: org.codehaus.groovy.ast.expr.EmptyExpression>: null

02-12-2024T07:03:52 - [TEST_STEP][FAILED] - if (verifyEqual(a, b) == false): null

02-12-2024T07:03:52 - [MESSAGE][FAILED] - Unable to verify equal between actual object 'Россети Кубань/нет данных/нет данных/нет данных/нет данных/нет данных/нет данных/нет данных/нет данных/нет данных' and expected object 'Россети Кубань/9.22/8.68/19209232/17541196/1668036/18442019/16742025/1699994/-0.53' (Root cause: com.kms.katalon.core.exception.StepFailedException: Actual object 'Россети Кубань/нет данных/нет данных/нет данных/нет данных/нет данных/нет данных/нет данных/нет данных/нет данных' and expected object 'Россети Кубань/9.22/8.68/19209232/17541196/1668036/18442019/16742025/1699994/-0.53' are not equal
	at com.kms.katalon.core.keyword.builtin.VerifyEqualKeyword$_verifyEqual_closure1.doCall(VerifyEqualKeyword.groovy:58)
	at com.kms.katalon.core.keyword.builtin.VerifyEqualKeyword$_verifyEqual_closure1.call(VerifyEqualKeyword.groovy)
	at com.kms.katalon.core.keyword.internal.KeywordMain.runKeyword(KeywordMain.groovy:75)
	at com.kms.katalon.core.keyword.builtin.VerifyEqualKeyword.verifyEqual(VerifyEqualKeyword.groovy:63)
	at com.kms.katalon.core.keyword.builtin.VerifyEqualKeyword.execute(VerifyEqualKeyword.groovy:44)
	at com.kms.katalon.core.keyword.internal.KeywordExecutor.executeKeywordForPlatform(KeywordExecutor.groovy:74)
	at com.kms.katalon.core.keyword.BuiltinKeywords.verifyEqual(BuiltinKeywords.groovy:146)
	at jdk.internal.reflect.GeneratedMethodAccessor25.invoke(Unknown Source)
	at java.base/jdk.internal.reflect.DelegatingMethodAccessorImpl.invoke(DelegatingMethodAccessorImpl.java:43)
	at Выполнение бизнес-плана сверка дашбордов.CompareDZOData(Выполнение бизнес-плана сверка дашбордов:673)
	at Выполнение бизнес-плана сверка дашбордов.run(Выполнение бизнес-плана сверка дашбордов:603)
	at com.kms.katalon.core.main.ScriptEngine.run(ScriptEngine.java:194)
	at com.kms.katalon.core.main.ScriptEngine.runScriptAsRawText(ScriptEngine.java:119)
	at com.kms.katalon.core.main.TestCaseExecutor.runScript(TestCaseExecutor.java:448)
	at com.kms.katalon.core.main.TestCaseExecutor.doExecute(TestCaseExecutor.java:439)
	at com.kms.katalon.core.main.TestCaseExecutor.processExecutionPhase(TestCaseExecutor.java:418)
	at com.kms.katalon.core.main.TestCaseExecutor.accessMainPhase(TestCaseExecutor.java:410)
	at com.kms.katalon.core.main.TestCaseExecutor.execute(TestCaseExecutor.java:285)
	at com.kms.katalon.core.common.CommonExecutor.accessTestCaseMainPhase(CommonExecutor.java:65)
	at com.kms.katalon.core.main.TestSuiteExecutor.accessTestSuiteMainPhase(TestSuiteExecutor.java:150)
	at com.kms.katalon.core.main.TestSuiteExecutor.execute(TestSuiteExecutor.java:106)
	at com.kms.katalon.core.main.TestCaseMain.startTestSuite(TestCaseMain.java:180)
	at TempTestSuite1733111659562.run(TempTestSuite1733111659562.groovy:35)
	at java.base/jdk.internal.reflect.NativeMethodAccessorImpl.invoke0(Native Method)
	at java.base/jdk.internal.reflect.NativeMethodAccessorImpl.invoke(NativeMethodAccessorImpl.java:77)
	at java.base/jdk.internal.reflect.DelegatingMethodAccessorImpl.invoke(DelegatingMethodAccessorImpl.java:43)
)

02-12-2024T07:03:52 - [TEST_STEP][PASSED] - vidget = "Уровень потерь электроэнергии": null

02-12-2024T07:03:52 - [TEST_STEP][PASSED] - typeOfData = "План": null

02-12-2024T07:03:52 - [TEST_STEP][PASSED] - PercPlanR = GetPercPlanR(x = a): null

02-12-2024T07:03:52 - [TEST_STEP][PASSED] - i1 = <not implemented yet for class: org.codehaus.groovy.ast.expr.EmptyExpression>: null

02-12-2024T07:03:52 - [TEST_STEP][PASSED] - i1 = x.indexOf("/") + 1: null

02-12-2024T07:03:52 - [TEST_STEP][PASSED] - if (i1 > -1): null

02-12-2024T07:03:52 - [TEST_STEP][PASSED] - x = x.substring(i1, x.length()): null

02-12-2024T07:03:52 - [TEST_STEP][PASSED] - i1 = x.indexOf("/"): null

02-12-2024T07:03:52 - [TEST_STEP][PASSED] - if (i1 > -1): null

02-12-2024T07:03:52 - [TEST_STEP][PASSED] - x = x.substring(0, i1): null

02-12-2024T07:03:52 - [TEST_STEP][PASSED] - return x: null

02-12-2024T07:03:52 - [TEST_STEP][PASSED] - PercPlanB = GetPercPlanB(x = b): null

02-12-2024T07:03:52 - [TEST_STEP][PASSED] - i1 = <not implemented yet for class: org.codehaus.groovy.ast.expr.EmptyExpression>: null

02-12-2024T07:03:52 - [TEST_STEP][PASSED] - i1 = x.indexOf("/") + 1: null

02-12-2024T07:03:52 - [TEST_STEP][PASSED] - if (i1 > -1): null

02-12-2024T07:03:52 - [TEST_STEP][PASSED] - x = x.substring(i1, x.length()): null

02-12-2024T07:03:52 - [TEST_STEP][PASSED] - i1 = x.indexOf("/"): null

02-12-2024T07:03:52 - [TEST_STEP][PASSED] - if (i1 > -1): null

02-12-2024T07:03:52 - [TEST_STEP][PASSED] - x = x.substring(0, i1): null

02-12-2024T07:03:52 - [TEST_STEP][FAILED] - return x: null

02-12-2024T07:03:52 - [TEST_STEP][FAILED] - if (verifyEqual(PercPlanR, PercPlanB) == false): null

02-12-2024T07:03:52 - [MESSAGE][FAILED] - Unable to verify equal between actual object 'нет данных' and expected object '9.22' (Root cause: com.kms.katalon.core.exception.StepFailedException: Actual object 'нет данных' and expected object '9.22' are not equal
	at com.kms.katalon.core.keyword.builtin.VerifyEqualKeyword$_verifyEqual_closure1.doCall(VerifyEqualKeyword.groovy:58)
	at com.kms.katalon.core.keyword.builtin.VerifyEqualKeyword$_verifyEqual_closure1.call(VerifyEqualKeyword.groovy)
	at com.kms.katalon.core.keyword.internal.KeywordMain.runKeyword(KeywordMain.groovy:75)
	at com.kms.katalon.core.keyword.builtin.VerifyEqualKeyword.verifyEqual(VerifyEqualKeyword.groovy:63)
	at com.kms.katalon.core.keyword.builtin.VerifyEqualKeyword.execute(VerifyEqualKeyword.groovy:44)
	at com.kms.katalon.core.keyword.internal.KeywordExecutor.executeKeywordForPlatform(KeywordExecutor.groovy:74)
	at com.kms.katalon.core.keyword.BuiltinKeywords.verifyEqual(BuiltinKeywords.groovy:146)
	at jdk.internal.reflect.GeneratedMethodAccessor25.invoke(Unknown Source)
	at java.base/jdk.internal.reflect.DelegatingMethodAccessorImpl.invoke(DelegatingMethodAccessorImpl.java:43)
	at Выполнение бизнес-плана сверка дашбордов.CompareDZOData(Выполнение бизнес-плана сверка дашбордов:682)
	at Выполнение бизнес-плана сверка дашбордов.run(Выполнение бизнес-плана сверка дашбордов:603)
	at com.kms.katalon.core.main.ScriptEngine.run(ScriptEngine.java:194)
	at com.kms.katalon.core.main.ScriptEngine.runScriptAsRawText(ScriptEngine.java:119)
	at com.kms.katalon.core.main.TestCaseExecutor.runScript(TestCaseExecutor.java:448)
	at com.kms.katalon.core.main.TestCaseExecutor.doExecute(TestCaseExecutor.java:439)
	at com.kms.katalon.core.main.TestCaseExecutor.processExecutionPhase(TestCaseExecutor.java:418)
	at com.kms.katalon.core.main.TestCaseExecutor.accessMainPhase(TestCaseExecutor.java:410)
	at com.kms.katalon.core.main.TestCaseExecutor.execute(TestCaseExecutor.java:285)
	at com.kms.katalon.core.common.CommonExecutor.accessTestCaseMainPhase(CommonExecutor.java:65)
	at com.kms.katalon.core.main.TestSuiteExecutor.accessTestSuiteMainPhase(TestSuiteExecutor.java:150)
	at com.kms.katalon.core.main.TestSuiteExecutor.execute(TestSuiteExecutor.java:106)
	at com.kms.katalon.core.main.TestCaseMain.startTestSuite(TestCaseMain.java:180)
	at TempTestSuite1733111659562.run(TempTestSuite1733111659562.groovy:35)
	at java.base/jdk.internal.reflect.NativeMethodAccessorImpl.invoke0(Native Method)
	at java.base/jdk.internal.reflect.NativeMethodAccessorImpl.invoke(NativeMethodAccessorImpl.java:77)
	at java.base/jdk.internal.reflect.DelegatingMethodAccessorImpl.invoke(DelegatingMethodAccessorImpl.java:43)
)

02-12-2024T07:03:52 - [TEST_STEP][PASSED] - result = WriteToExcel(typeOfData, todaysDate, PercPlanR, PercPlanB, PercFactR, PercFactB, x, tabR, tabB, o1R, o1B, vidget): null

02-12-2024T07:03:52 - [TEST_STEP][PASSED] - iii = dZO.indexOf("/"): null

02-12-2024T07:03:52 - [TEST_STEP][PASSED] - println(iii): null

02-12-2024T07:03:52 - [TEST_STEP][PASSED] - dZO = dZO.substring(0, iii): null

02-12-2024T07:03:52 - [TEST_STEP][PASSED] - println(dZO): null

02-12-2024T07:03:52 - [TEST_STEP][PASSED] - println(PercPlanR): null

02-12-2024T07:03:52 - [TEST_STEP][PASSED] - println(PercPlanB): null

02-12-2024T07:03:52 - [TEST_STEP][PASSED] - println(PercFactR): null

02-12-2024T07:03:52 - [TEST_STEP][PASSED] - println(PercFactB): null

02-12-2024T07:03:52 - [TEST_STEP][PASSED] - println(tabR): null

02-12-2024T07:03:52 - [TEST_STEP][PASSED] - println(tabB): null

02-12-2024T07:03:52 - [TEST_STEP][PASSED] - println(o1R): null

02-12-2024T07:03:52 - [TEST_STEP][PASSED] - println(o1B): null

02-12-2024T07:03:52 - [TEST_STEP][PASSED] - PR = <not implemented yet for class: org.codehaus.groovy.ast.expr.EmptyExpression>: null

02-12-2024T07:03:52 - [TEST_STEP][PASSED] - FR = <not implemented yet for class: org.codehaus.groovy.ast.expr.EmptyExpression>: null

02-12-2024T07:03:52 - [TEST_STEP][PASSED] - PB = <not implemented yet for class: org.codehaus.groovy.ast.expr.EmptyExpression>: null

02-12-2024T07:03:52 - [TEST_STEP][PASSED] - FB = <not implemented yet for class: org.codehaus.groovy.ast.expr.EmptyExpression>: null

02-12-2024T07:03:52 - [TEST_STEP][PASSED] - TR = <not implemented yet for class: org.codehaus.groovy.ast.expr.EmptyExpression>: null

02-12-2024T07:03:52 - [TEST_STEP][PASSED] - TB = <not implemented yet for class: org.codehaus.groovy.ast.expr.EmptyExpression>: null

02-12-2024T07:03:52 - [TEST_STEP][PASSED] - sheetName = "Sheet1": null

02-12-2024T07:03:52 - [TEST_STEP][PASSED] - data = findTestData("PlanFact"): null

02-12-2024T07:03:52 - [TEST_STEP][PASSED] - n = data.getRowNumbers() + 1: null

02-12-2024T07:03:52 - [TEST_STEP][PASSED] - year = todaysDate.substring(todaysDate.length() - 4, todaysDate.length()): null

02-12-2024T07:03:52 - [TEST_STEP][PASSED] - y = year.toInteger(): null

02-12-2024T07:03:52 - [TEST_STEP][PASSED] - m = getText(findTestObject("Выполнение бизнес-плана/Выполнение бизнес-плана Балансы/Фильтр Дата")): Text of object 'Object Repository/Выполнение бизнес-плана/Выполнение бизнес-плана Балансы/Фильтр Дата' is: '1, 2, 3 кв., Октябрь 2024 года'

02-12-2024T07:03:52 - [MESSAGE][PASSED] - Text of object 'Object Repository/Выполнение бизнес-плана/Выполнение бизнес-плана Балансы/Фильтр Дата' is: '1, 2, 3 кв., Октябрь 2024 года'

02-12-2024T07:03:52 - [TEST_STEP][PASSED] - m = m.substring(0, m.indexOf("2024")): null

02-12-2024T07:03:52 - [TEST_STEP][PASSED] - m = m.trim(): null

02-12-2024T07:03:52 - [TEST_STEP][PASSED] - dashboardName = "Выполнение бизнес-плана": null

02-12-2024T07:03:52 - [TEST_STEP][PASSED] - workbook01 = getWorkbook(excelFilePath): null

02-12-2024T07:03:52 - [TEST_STEP][PASSED] - sheet01 = getExcelSheet(workbook01, sheetName): null

02-12-2024T07:03:52 - [TEST_STEP][PASSED] - setValueToCellByIndex(sheet01, n, 0, dashboardName): null

02-12-2024T07:03:52 - [TEST_STEP][PASSED] - setValueToCellByIndex(sheet01, n, 1, dZO): null

02-12-2024T07:03:52 - [TEST_STEP][PASSED] - setValueToCellByIndex(sheet01, n, 2, typeOfData): null

02-12-2024T07:03:52 - [TEST_STEP][PASSED] - setValueToCellByIndex(sheet01, n, 3, typeOfData): null

02-12-2024T07:03:52 - [TEST_STEP][PASSED] - if (typeOfData == "План"): null

02-12-2024T07:03:52 - [TEST_STEP][PASSED] - if (PercPlanR == null): null

02-12-2024T07:03:52 - [TEST_STEP][PASSED] - else: null

02-12-2024T07:03:52 - [TEST_STEP][PASSED] - if (PercPlanR == "нет данных"): null

02-12-2024T07:03:52 - [TEST_STEP][PASSED] - setValueToCellByIndex(sheet01, n, 4, "нет данных"): null

02-12-2024T07:03:52 - [TEST_STEP][PASSED] - if (PercPlanB == null): null

02-12-2024T07:03:52 - [TEST_STEP][PASSED] - else: null

02-12-2024T07:03:52 - [TEST_STEP][PASSED] - if (PercPlanB == "нет данных"): null

02-12-2024T07:03:52 - [TEST_STEP][PASSED] - else: null

02-12-2024T07:03:52 - [TEST_STEP][PASSED] - PB = PercPlanB.toDouble(): null

02-12-2024T07:03:52 - [TEST_STEP][PASSED] - setValueToCellByIndex(sheet01, n, 5, PB): null

02-12-2024T07:03:52 - [TEST_STEP][PASSED] - setValueToCellByIndex(sheet01, n, 6, m): null

02-12-2024T07:03:52 - [TEST_STEP][PASSED] - setValueToCellByIndex(sheet01, n, 7, y): null

02-12-2024T07:03:52 - [TEST_STEP][PASSED] - setValueToCellByIndex(sheet01, n, 8, todaysDate): null

02-12-2024T07:03:52 - [TEST_STEP][PASSED] - n = n + 1: null

02-12-2024T07:03:52 - [TEST_STEP][PASSED] - saveWorkbook(excelFilePath, workbook01): null

02-12-2024T07:03:53 - [TEST_STEP][PASSED] - typeOfData = "Факт": null

02-12-2024T07:03:53 - [TEST_STEP][PASSED] - PercFactR = GetPercFactR(x = a): null

02-12-2024T07:03:53 - [TEST_STEP][PASSED] - i1 = <not implemented yet for class: org.codehaus.groovy.ast.expr.EmptyExpression>: null

02-12-2024T07:03:53 - [TEST_STEP][PASSED] - ii = <not implemented yet for class: org.codehaus.groovy.ast.expr.EmptyExpression>: null

02-12-2024T07:03:53 - [TEST_STEP][PASSED] - for ([ii = 1, ii < 3, (ii++)]): null

02-12-2024T07:03:53 - [TEST_STEP][PASSED] - i1 = x.indexOf("/") + 1: null

02-12-2024T07:03:53 - [TEST_STEP][PASSED] - if (i1 > -1): null

02-12-2024T07:03:53 - [TEST_STEP][PASSED] - x = x.substring(i1, x.length()): null

02-12-2024T07:03:53 - [TEST_STEP][PASSED] - println(x): null

02-12-2024T07:03:53 - [TEST_STEP][PASSED] - i1 = x.indexOf("/") + 1: null

02-12-2024T07:03:53 - [TEST_STEP][PASSED] - if (i1 > -1): null

02-12-2024T07:03:53 - [TEST_STEP][PASSED] - x = x.substring(i1, x.length()): null

02-12-2024T07:03:53 - [TEST_STEP][PASSED] - println(x): null

02-12-2024T07:03:53 - [TEST_STEP][PASSED] - i1 = x.indexOf("/"): null

02-12-2024T07:03:53 - [TEST_STEP][PASSED] - if (i1 > -1): null

02-12-2024T07:03:53 - [TEST_STEP][PASSED] - x = x.substring(0, i1): null

02-12-2024T07:03:53 - [TEST_STEP][PASSED] - println(x): null

02-12-2024T07:03:53 - [TEST_STEP][PASSED] - return x: null

02-12-2024T07:03:53 - [TEST_STEP][PASSED] - PercFactB = GetPercFactB(x = b): null

02-12-2024T07:03:53 - [TEST_STEP][PASSED] - i1 = <not implemented yet for class: org.codehaus.groovy.ast.expr.EmptyExpression>: null

02-12-2024T07:03:53 - [TEST_STEP][PASSED] - ii = <not implemented yet for class: org.codehaus.groovy.ast.expr.EmptyExpression>: null

02-12-2024T07:03:53 - [TEST_STEP][PASSED] - for ([ii = 1, ii < 3, (ii++)]): null

02-12-2024T07:03:53 - [TEST_STEP][PASSED] - i1 = x.indexOf("/") + 1: null

02-12-2024T07:03:53 - [TEST_STEP][PASSED] - if (i1 > -1): null

02-12-2024T07:03:53 - [TEST_STEP][PASSED] - x = x.substring(i1, x.length()): null

02-12-2024T07:03:53 - [TEST_STEP][PASSED] - println(x): null

02-12-2024T07:03:53 - [TEST_STEP][PASSED] - i1 = x.indexOf("/") + 1: null

02-12-2024T07:03:53 - [TEST_STEP][PASSED] - if (i1 > -1): null

02-12-2024T07:03:53 - [TEST_STEP][PASSED] - x = x.substring(i1, x.length()): null

02-12-2024T07:03:53 - [TEST_STEP][PASSED] - println(x): null

02-12-2024T07:03:53 - [TEST_STEP][PASSED] - i1 = x.indexOf("/"): null

02-12-2024T07:03:53 - [TEST_STEP][PASSED] - if (i1 > -1): null

02-12-2024T07:03:53 - [TEST_STEP][PASSED] - x = x.substring(0, i1): null

02-12-2024T07:03:53 - [TEST_STEP][PASSED] - println(x): null

02-12-2024T07:03:53 - [TEST_STEP][FAILED] - return x: null

02-12-2024T07:03:53 - [TEST_STEP][FAILED] - if (verifyEqual(PercFactR, PercFactB) == false): null

02-12-2024T07:03:53 - [MESSAGE][FAILED] - Unable to verify equal between actual object 'нет данных' and expected object '8.68' (Root cause: com.kms.katalon.core.exception.StepFailedException: Actual object 'нет данных' and expected object '8.68' are not equal
	at com.kms.katalon.core.keyword.builtin.VerifyEqualKeyword$_verifyEqual_closure1.doCall(VerifyEqualKeyword.groovy:58)
	at com.kms.katalon.core.keyword.builtin.VerifyEqualKeyword$_verifyEqual_closure1.call(VerifyEqualKeyword.groovy)
	at com.kms.katalon.core.keyword.internal.KeywordMain.runKeyword(KeywordMain.groovy:75)
	at com.kms.katalon.core.keyword.builtin.VerifyEqualKeyword.verifyEqual(VerifyEqualKeyword.groovy:63)
	at com.kms.katalon.core.keyword.builtin.VerifyEqualKeyword.execute(VerifyEqualKeyword.groovy:44)
	at com.kms.katalon.core.keyword.internal.KeywordExecutor.executeKeywordForPlatform(KeywordExecutor.groovy:74)
	at com.kms.katalon.core.keyword.BuiltinKeywords.verifyEqual(BuiltinKeywords.groovy:146)
	at jdk.internal.reflect.GeneratedMethodAccessor25.invoke(Unknown Source)
	at java.base/jdk.internal.reflect.DelegatingMethodAccessorImpl.invoke(DelegatingMethodAccessorImpl.java:43)
	at Выполнение бизнес-плана сверка дашбордов.CompareDZOData(Выполнение бизнес-плана сверка дашбордов:693)
	at Выполнение бизнес-плана сверка дашбордов.run(Выполнение бизнес-плана сверка дашбордов:603)
	at com.kms.katalon.core.main.ScriptEngine.run(ScriptEngine.java:194)
	at com.kms.katalon.core.main.ScriptEngine.runScriptAsRawText(ScriptEngine.java:119)
	at com.kms.katalon.core.main.TestCaseExecutor.runScript(TestCaseExecutor.java:448)
	at com.kms.katalon.core.main.TestCaseExecutor.doExecute(TestCaseExecutor.java:439)
	at com.kms.katalon.core.main.TestCaseExecutor.processExecutionPhase(TestCaseExecutor.java:418)
	at com.kms.katalon.core.main.TestCaseExecutor.accessMainPhase(TestCaseExecutor.java:410)
	at com.kms.katalon.core.main.TestCaseExecutor.execute(TestCaseExecutor.java:285)
	at com.kms.katalon.core.common.CommonExecutor.accessTestCaseMainPhase(CommonExecutor.java:65)
	at com.kms.katalon.core.main.TestSuiteExecutor.accessTestSuiteMainPhase(TestSuiteExecutor.java:150)
	at com.kms.katalon.core.main.TestSuiteExecutor.execute(TestSuiteExecutor.java:106)
	at com.kms.katalon.core.main.TestCaseMain.startTestSuite(TestCaseMain.java:180)
	at TempTestSuite1733111659562.run(TempTestSuite1733111659562.groovy:35)
	at java.base/jdk.internal.reflect.NativeMethodAccessorImpl.invoke0(Native Method)
	at java.base/jdk.internal.reflect.NativeMethodAccessorImpl.invoke(NativeMethodAccessorImpl.java:77)
	at java.base/jdk.internal.reflect.DelegatingMethodAccessorImpl.invoke(DelegatingMethodAccessorImpl.java:43)
)

02-12-2024T07:03:53 - [TEST_STEP][PASSED] - result = WriteToExcel(typeOfData, todaysDate, PercPlanR, PercPlanB, PercFactR, PercFactB, x, tabR, tabB, o1R, o1B, vidget): null

02-12-2024T07:03:53 - [TEST_STEP][PASSED] - iii = dZO.indexOf("/"): null

02-12-2024T07:03:53 - [TEST_STEP][PASSED] - println(iii): null

02-12-2024T07:03:53 - [TEST_STEP][PASSED] - dZO = dZO.substring(0, iii): null

02-12-2024T07:03:53 - [TEST_STEP][PASSED] - println(dZO): null

02-12-2024T07:03:53 - [TEST_STEP][PASSED] - println(PercPlanR): null

02-12-2024T07:03:53 - [TEST_STEP][PASSED] - println(PercPlanB): null

02-12-2024T07:03:53 - [TEST_STEP][PASSED] - println(PercFactR): null

02-12-2024T07:03:53 - [TEST_STEP][PASSED] - println(PercFactB): null

02-12-2024T07:03:53 - [TEST_STEP][PASSED] - println(tabR): null

02-12-2024T07:03:53 - [TEST_STEP][PASSED] - println(tabB): null

02-12-2024T07:03:53 - [TEST_STEP][PASSED] - println(o1R): null

02-12-2024T07:03:53 - [TEST_STEP][PASSED] - println(o1B): null

02-12-2024T07:03:53 - [TEST_STEP][PASSED] - PR = <not implemented yet for class: org.codehaus.groovy.ast.expr.EmptyExpression>: null

02-12-2024T07:03:53 - [TEST_STEP][PASSED] - FR = <not implemented yet for class: org.codehaus.groovy.ast.expr.EmptyExpression>: null

02-12-2024T07:03:53 - [TEST_STEP][PASSED] - PB = <not implemented yet for class: org.codehaus.groovy.ast.expr.EmptyExpression>: null

02-12-2024T07:03:53 - [TEST_STEP][PASSED] - FB = <not implemented yet for class: org.codehaus.groovy.ast.expr.EmptyExpression>: null

02-12-2024T07:03:53 - [TEST_STEP][PASSED] - TR = <not implemented yet for class: org.codehaus.groovy.ast.expr.EmptyExpression>: null

02-12-2024T07:03:53 - [TEST_STEP][PASSED] - TB = <not implemented yet for class: org.codehaus.groovy.ast.expr.EmptyExpression>: null

02-12-2024T07:03:53 - [TEST_STEP][PASSED] - sheetName = "Sheet1": null

02-12-2024T07:03:53 - [TEST_STEP][PASSED] - data = findTestData("PlanFact"): null

02-12-2024T07:03:53 - [TEST_STEP][PASSED] - n = data.getRowNumbers() + 1: null

02-12-2024T07:03:53 - [TEST_STEP][PASSED] - year = todaysDate.substring(todaysDate.length() - 4, todaysDate.length()): null

02-12-2024T07:03:53 - [TEST_STEP][PASSED] - y = year.toInteger(): null

02-12-2024T07:03:53 - [TEST_STEP][PASSED] - m = getText(findTestObject("Выполнение бизнес-плана/Выполнение бизнес-плана Балансы/Фильтр Дата")): Text of object 'Object Repository/Выполнение бизнес-плана/Выполнение бизнес-плана Балансы/Фильтр Дата' is: '1, 2, 3 кв., Октябрь 2024 года'

02-12-2024T07:03:53 - [MESSAGE][PASSED] - Text of object 'Object Repository/Выполнение бизнес-плана/Выполнение бизнес-плана Балансы/Фильтр Дата' is: '1, 2, 3 кв., Октябрь 2024 года'

02-12-2024T07:03:53 - [TEST_STEP][PASSED] - m = m.substring(0, m.indexOf("2024")): null

02-12-2024T07:03:53 - [TEST_STEP][PASSED] - m = m.trim(): null

02-12-2024T07:03:53 - [TEST_STEP][PASSED] - dashboardName = "Выполнение бизнес-плана": null

02-12-2024T07:03:53 - [TEST_STEP][PASSED] - workbook01 = getWorkbook(excelFilePath): null

02-12-2024T07:03:53 - [TEST_STEP][PASSED] - sheet01 = getExcelSheet(workbook01, sheetName): null

02-12-2024T07:03:53 - [TEST_STEP][PASSED] - setValueToCellByIndex(sheet01, n, 0, dashboardName): null

02-12-2024T07:03:53 - [TEST_STEP][PASSED] - setValueToCellByIndex(sheet01, n, 1, dZO): null

02-12-2024T07:03:53 - [TEST_STEP][PASSED] - setValueToCellByIndex(sheet01, n, 2, typeOfData): null

02-12-2024T07:03:53 - [TEST_STEP][PASSED] - setValueToCellByIndex(sheet01, n, 3, typeOfData): null

02-12-2024T07:03:53 - [TEST_STEP][PASSED] - if (typeOfData == "План"): null

02-12-2024T07:03:53 - [TEST_STEP][PASSED] - else if (typeOfData == "Факт"): null

02-12-2024T07:03:53 - [TEST_STEP][PASSED] - if (PercFactR == null): null

02-12-2024T07:03:53 - [TEST_STEP][PASSED] - else: null

02-12-2024T07:03:53 - [TEST_STEP][PASSED] - if (PercFactR == "нет данных"): null

02-12-2024T07:03:53 - [TEST_STEP][PASSED] - setValueToCellByIndex(sheet01, n, 4, "нет данных"): null

02-12-2024T07:03:53 - [TEST_STEP][PASSED] - if (PercFactB == null): null

02-12-2024T07:03:53 - [TEST_STEP][PASSED] - else: null

02-12-2024T07:03:53 - [TEST_STEP][PASSED] - if (PercFactB == "нет данных"): null

02-12-2024T07:03:53 - [TEST_STEP][PASSED] - else: null

02-12-2024T07:03:53 - [TEST_STEP][PASSED] - FB = PercFactB.toDouble(): null

02-12-2024T07:03:53 - [TEST_STEP][PASSED] - setValueToCellByIndex(sheet01, n, 5, FB): null

02-12-2024T07:03:53 - [TEST_STEP][PASSED] - setValueToCellByIndex(sheet01, n, 6, m): null

02-12-2024T07:03:53 - [TEST_STEP][PASSED] - setValueToCellByIndex(sheet01, n, 7, y): null

02-12-2024T07:03:53 - [TEST_STEP][PASSED] - setValueToCellByIndex(sheet01, n, 8, todaysDate): null

02-12-2024T07:03:53 - [TEST_STEP][PASSED] - n = n + 1: null

02-12-2024T07:03:53 - [TEST_STEP][PASSED] - saveWorkbook(excelFilePath, workbook01): null

02-12-2024T07:03:53 - [TEST_STEP][PASSED] - vidget = "Показатели баланса электроэнергии по ДЗО – Факт": null

02-12-2024T07:03:53 - [TEST_STEP][PASSED] - typeOfData = "Факт Отпуск в сеть": null

02-12-2024T07:03:53 - [TEST_STEP][PASSED] - tabR = GetOvSFactR(x = a): null

02-12-2024T07:03:53 - [TEST_STEP][PASSED] - i1 = <not implemented yet for class: org.codehaus.groovy.ast.expr.EmptyExpression>: null

02-12-2024T07:03:53 - [TEST_STEP][PASSED] - ii = <not implemented yet for class: org.codehaus.groovy.ast.expr.EmptyExpression>: null

02-12-2024T07:03:53 - [TEST_STEP][PASSED] - for ([ii = 1, ii < 4, (ii++)]): null

02-12-2024T07:03:53 - [TEST_STEP][PASSED] - i1 = x.indexOf("/") + 1: null

02-12-2024T07:03:53 - [TEST_STEP][PASSED] - if (i1 > -1): null

02-12-2024T07:03:53 - [TEST_STEP][PASSED] - x = x.substring(i1, x.length()): null

02-12-2024T07:03:53 - [TEST_STEP][PASSED] - println(x): null

02-12-2024T07:03:53 - [TEST_STEP][PASSED] - i1 = x.indexOf("/") + 1: null

02-12-2024T07:03:53 - [TEST_STEP][PASSED] - if (i1 > -1): null

02-12-2024T07:03:53 - [TEST_STEP][PASSED] - x = x.substring(i1, x.length()): null

02-12-2024T07:03:53 - [TEST_STEP][PASSED] - println(x): null

02-12-2024T07:03:53 - [TEST_STEP][PASSED] - i1 = x.indexOf("/") + 1: null

02-12-2024T07:03:53 - [TEST_STEP][PASSED] - if (i1 > -1): null

02-12-2024T07:03:53 - [TEST_STEP][PASSED] - x = x.substring(i1, x.length()): null

02-12-2024T07:03:53 - [TEST_STEP][PASSED] - println(x): null

02-12-2024T07:03:53 - [TEST_STEP][PASSED] - i1 = x.indexOf("/"): null

02-12-2024T07:03:53 - [TEST_STEP][PASSED] - if (i1 > -1): null

02-12-2024T07:03:53 - [TEST_STEP][PASSED] - x = x.substring(0, i1): null

02-12-2024T07:03:53 - [TEST_STEP][PASSED] - println(x): null

02-12-2024T07:03:53 - [TEST_STEP][PASSED] - return x: null

02-12-2024T07:03:53 - [TEST_STEP][PASSED] - tabB = GetOvSFactB(x = b): null

02-12-2024T07:03:53 - [TEST_STEP][PASSED] - i1 = <not implemented yet for class: org.codehaus.groovy.ast.expr.EmptyExpression>: null

02-12-2024T07:03:53 - [TEST_STEP][PASSED] - ii = <not implemented yet for class: org.codehaus.groovy.ast.expr.EmptyExpression>: null

02-12-2024T07:03:53 - [TEST_STEP][PASSED] - for ([ii = 1, ii < 4, (ii++)]): null

02-12-2024T07:03:53 - [TEST_STEP][PASSED] - i1 = x.indexOf("/") + 1: null

02-12-2024T07:03:53 - [TEST_STEP][PASSED] - if (i1 > -1): null

02-12-2024T07:03:53 - [TEST_STEP][PASSED] - x = x.substring(i1, x.length()): null

02-12-2024T07:03:53 - [TEST_STEP][PASSED] - println(x): null

02-12-2024T07:03:53 - [TEST_STEP][PASSED] - i1 = x.indexOf("/") + 1: null

02-12-2024T07:03:53 - [TEST_STEP][PASSED] - if (i1 > -1): null

02-12-2024T07:03:53 - [TEST_STEP][PASSED] - x = x.substring(i1, x.length()): null

02-12-2024T07:03:53 - [TEST_STEP][PASSED] - println(x): null

02-12-2024T07:03:53 - [TEST_STEP][PASSED] - i1 = x.indexOf("/") + 1: null

02-12-2024T07:03:53 - [TEST_STEP][PASSED] - if (i1 > -1): null

02-12-2024T07:03:53 - [TEST_STEP][PASSED] - x = x.substring(i1, x.length()): null

02-12-2024T07:03:53 - [TEST_STEP][PASSED] - println(x): null

02-12-2024T07:03:53 - [TEST_STEP][PASSED] - i1 = x.indexOf("/"): null

02-12-2024T07:03:53 - [TEST_STEP][PASSED] - if (i1 > -1): null

02-12-2024T07:03:53 - [TEST_STEP][PASSED] - x = x.substring(0, i1): null

02-12-2024T07:03:53 - [TEST_STEP][PASSED] - println(x): null

02-12-2024T07:03:53 - [TEST_STEP][FAILED] - return x: null

02-12-2024T07:03:53 - [TEST_STEP][FAILED] - if (verifyEqual(tabR, tabB) == false): null

02-12-2024T07:03:53 - [MESSAGE][FAILED] - Unable to verify equal between actual object 'нет данных' and expected object '19209232' (Root cause: com.kms.katalon.core.exception.StepFailedException: Actual object 'нет данных' and expected object '19209232' are not equal
	at com.kms.katalon.core.keyword.builtin.VerifyEqualKeyword$_verifyEqual_closure1.doCall(VerifyEqualKeyword.groovy:58)
	at com.kms.katalon.core.keyword.builtin.VerifyEqualKeyword$_verifyEqual_closure1.call(VerifyEqualKeyword.groovy)
	at com.kms.katalon.core.keyword.internal.KeywordMain.runKeyword(KeywordMain.groovy:75)
	at com.kms.katalon.core.keyword.builtin.VerifyEqualKeyword.verifyEqual(VerifyEqualKeyword.groovy:63)
	at com.kms.katalon.core.keyword.builtin.VerifyEqualKeyword.execute(VerifyEqualKeyword.groovy:44)
	at com.kms.katalon.core.keyword.internal.KeywordExecutor.executeKeywordForPlatform(KeywordExecutor.groovy:74)
	at com.kms.katalon.core.keyword.BuiltinKeywords.verifyEqual(BuiltinKeywords.groovy:146)
	at jdk.internal.reflect.GeneratedMethodAccessor25.invoke(Unknown Source)
	at java.base/jdk.internal.reflect.DelegatingMethodAccessorImpl.invoke(DelegatingMethodAccessorImpl.java:43)
	at Выполнение бизнес-плана сверка дашбордов.CompareDZOData(Выполнение бизнес-плана сверка дашбордов:706)
	at Выполнение бизнес-плана сверка дашбордов.run(Выполнение бизнес-плана сверка дашбордов:603)
	at com.kms.katalon.core.main.ScriptEngine.run(ScriptEngine.java:194)
	at com.kms.katalon.core.main.ScriptEngine.runScriptAsRawText(ScriptEngine.java:119)
	at com.kms.katalon.core.main.TestCaseExecutor.runScript(TestCaseExecutor.java:448)
	at com.kms.katalon.core.main.TestCaseExecutor.doExecute(TestCaseExecutor.java:439)
	at com.kms.katalon.core.main.TestCaseExecutor.processExecutionPhase(TestCaseExecutor.java:418)
	at com.kms.katalon.core.main.TestCaseExecutor.accessMainPhase(TestCaseExecutor.java:410)
	at com.kms.katalon.core.main.TestCaseExecutor.execute(TestCaseExecutor.java:285)
	at com.kms.katalon.core.common.CommonExecutor.accessTestCaseMainPhase(CommonExecutor.java:65)
	at com.kms.katalon.core.main.TestSuiteExecutor.accessTestSuiteMainPhase(TestSuiteExecutor.java:150)
	at com.kms.katalon.core.main.TestSuiteExecutor.execute(TestSuiteExecutor.java:106)
	at com.kms.katalon.core.main.TestCaseMain.startTestSuite(TestCaseMain.java:180)
	at TempTestSuite1733111659562.run(TempTestSuite1733111659562.groovy:35)
	at java.base/jdk.internal.reflect.NativeMethodAccessorImpl.invoke0(Native Method)
	at java.base/jdk.internal.reflect.NativeMethodAccessorImpl.invoke(NativeMethodAccessorImpl.java:77)
	at java.base/jdk.internal.reflect.DelegatingMethodAccessorImpl.invoke(DelegatingMethodAccessorImpl.java:43)
)

02-12-2024T07:03:53 - [TEST_STEP][PASSED] - result = WriteToExcel(typeOfData, todaysDate, PercPlanR, PercPlanB, PercFactR, PercFactB, x, tabR, tabB, o1R, o1B, vidget): null

02-12-2024T07:03:53 - [TEST_STEP][PASSED] - iii = dZO.indexOf("/"): null

02-12-2024T07:03:53 - [TEST_STEP][PASSED] - println(iii): null

02-12-2024T07:03:53 - [TEST_STEP][PASSED] - dZO = dZO.substring(0, iii): null

02-12-2024T07:03:53 - [TEST_STEP][PASSED] - println(dZO): null

02-12-2024T07:03:53 - [TEST_STEP][PASSED] - println(PercPlanR): null

02-12-2024T07:03:53 - [TEST_STEP][PASSED] - println(PercPlanB): null

02-12-2024T07:03:53 - [TEST_STEP][PASSED] - println(PercFactR): null

02-12-2024T07:03:53 - [TEST_STEP][PASSED] - println(PercFactB): null

02-12-2024T07:03:53 - [TEST_STEP][PASSED] - println(tabR): null

02-12-2024T07:03:53 - [TEST_STEP][PASSED] - println(tabB): null

02-12-2024T07:03:53 - [TEST_STEP][PASSED] - println(o1R): null

02-12-2024T07:03:53 - [TEST_STEP][PASSED] - println(o1B): null

02-12-2024T07:03:53 - [TEST_STEP][PASSED] - PR = <not implemented yet for class: org.codehaus.groovy.ast.expr.EmptyExpression>: null

02-12-2024T07:03:53 - [TEST_STEP][PASSED] - FR = <not implemented yet for class: org.codehaus.groovy.ast.expr.EmptyExpression>: null

02-12-2024T07:03:53 - [TEST_STEP][PASSED] - PB = <not implemented yet for class: org.codehaus.groovy.ast.expr.EmptyExpression>: null

02-12-2024T07:03:53 - [TEST_STEP][PASSED] - FB = <not implemented yet for class: org.codehaus.groovy.ast.expr.EmptyExpression>: null

02-12-2024T07:03:53 - [TEST_STEP][PASSED] - TR = <not implemented yet for class: org.codehaus.groovy.ast.expr.EmptyExpression>: null

02-12-2024T07:03:53 - [TEST_STEP][PASSED] - TB = <not implemented yet for class: org.codehaus.groovy.ast.expr.EmptyExpression>: null

02-12-2024T07:03:53 - [TEST_STEP][PASSED] - sheetName = "Sheet1": null

02-12-2024T07:03:53 - [TEST_STEP][PASSED] - data = findTestData("PlanFact"): null

02-12-2024T07:03:53 - [TEST_STEP][PASSED] - n = data.getRowNumbers() + 1: null

02-12-2024T07:03:53 - [TEST_STEP][PASSED] - year = todaysDate.substring(todaysDate.length() - 4, todaysDate.length()): null

02-12-2024T07:03:53 - [TEST_STEP][PASSED] - y = year.toInteger(): null

02-12-2024T07:03:53 - [TEST_STEP][PASSED] - m = getText(findTestObject("Выполнение бизнес-плана/Выполнение бизнес-плана Балансы/Фильтр Дата")): Text of object 'Object Repository/Выполнение бизнес-плана/Выполнение бизнес-плана Балансы/Фильтр Дата' is: '1, 2, 3 кв., Октябрь 2024 года'

02-12-2024T07:03:54 - [MESSAGE][PASSED] - Text of object 'Object Repository/Выполнение бизнес-плана/Выполнение бизнес-плана Балансы/Фильтр Дата' is: '1, 2, 3 кв., Октябрь 2024 года'

02-12-2024T07:03:54 - [TEST_STEP][PASSED] - m = m.substring(0, m.indexOf("2024")): null

02-12-2024T07:03:54 - [TEST_STEP][PASSED] - m = m.trim(): null

02-12-2024T07:03:54 - [TEST_STEP][PASSED] - dashboardName = "Выполнение бизнес-плана": null

02-12-2024T07:03:54 - [TEST_STEP][PASSED] - workbook01 = getWorkbook(excelFilePath): null

02-12-2024T07:03:54 - [TEST_STEP][PASSED] - sheet01 = getExcelSheet(workbook01, sheetName): null

02-12-2024T07:03:54 - [TEST_STEP][PASSED] - setValueToCellByIndex(sheet01, n, 0, dashboardName): null

02-12-2024T07:03:54 - [TEST_STEP][PASSED] - setValueToCellByIndex(sheet01, n, 1, dZO): null

02-12-2024T07:03:54 - [TEST_STEP][PASSED] - setValueToCellByIndex(sheet01, n, 2, typeOfData): null

02-12-2024T07:03:54 - [TEST_STEP][PASSED] - setValueToCellByIndex(sheet01, n, 3, typeOfData): null

02-12-2024T07:03:54 - [TEST_STEP][PASSED] - if (typeOfData == "План"): null

02-12-2024T07:03:54 - [TEST_STEP][PASSED] - else if (typeOfData == "Факт"): null

02-12-2024T07:03:54 - [TEST_STEP][PASSED] - else if (vidget.contains("электроэнергии") == true): null

02-12-2024T07:03:54 - [TEST_STEP][PASSED] - if (tabR == null): null

02-12-2024T07:03:54 - [TEST_STEP][PASSED] - else: null

02-12-2024T07:03:54 - [TEST_STEP][PASSED] - if (tabR == "нет данных"): null

02-12-2024T07:03:54 - [TEST_STEP][PASSED] - setValueToCellByIndex(sheet01, n, 4, "нет данных"): null

02-12-2024T07:03:54 - [TEST_STEP][PASSED] - if (tabB == null): null

02-12-2024T07:03:54 - [TEST_STEP][PASSED] - else: null

02-12-2024T07:03:54 - [TEST_STEP][PASSED] - if (tabB == "нет данных"): null

02-12-2024T07:03:54 - [TEST_STEP][PASSED] - else: null

02-12-2024T07:03:54 - [TEST_STEP][PASSED] - TB = tabB.toInteger(): null

02-12-2024T07:03:54 - [TEST_STEP][PASSED] - setValueToCellByIndex(sheet01, n, 5, TB): null

02-12-2024T07:03:54 - [TEST_STEP][PASSED] - setValueToCellByIndex(sheet01, n, 6, m): null

02-12-2024T07:03:54 - [TEST_STEP][PASSED] - setValueToCellByIndex(sheet01, n, 7, y): null

02-12-2024T07:03:54 - [TEST_STEP][PASSED] - setValueToCellByIndex(sheet01, n, 8, todaysDate): null

02-12-2024T07:03:54 - [TEST_STEP][PASSED] - n = n + 1: null

02-12-2024T07:03:54 - [TEST_STEP][PASSED] - saveWorkbook(excelFilePath, workbook01): null

02-12-2024T07:03:54 - [TEST_STEP][PASSED] - typeOfData = "Факт Отпуск из сети": null

02-12-2024T07:03:54 - [TEST_STEP][PASSED] - tabR = GetOiSFactR(x = a): null

02-12-2024T07:03:54 - [TEST_STEP][PASSED] - i1 = <not implemented yet for class: org.codehaus.groovy.ast.expr.EmptyExpression>: null

02-12-2024T07:03:54 - [TEST_STEP][PASSED] - ii = <not implemented yet for class: org.codehaus.groovy.ast.expr.EmptyExpression>: null

02-12-2024T07:03:54 - [TEST_STEP][PASSED] - for ([ii = 1, ii < 5, (ii++)]): null

02-12-2024T07:03:54 - [TEST_STEP][PASSED] - i1 = x.indexOf("/") + 1: null

02-12-2024T07:03:54 - [TEST_STEP][PASSED] - if (i1 > -1): null

02-12-2024T07:03:54 - [TEST_STEP][PASSED] - x = x.substring(i1, x.length()): null

02-12-2024T07:03:54 - [TEST_STEP][PASSED] - println(x): null

02-12-2024T07:03:54 - [TEST_STEP][PASSED] - i1 = x.indexOf("/") + 1: null

02-12-2024T07:03:54 - [TEST_STEP][PASSED] - if (i1 > -1): null

02-12-2024T07:03:54 - [TEST_STEP][PASSED] - x = x.substring(i1, x.length()): null

02-12-2024T07:03:54 - [TEST_STEP][PASSED] - println(x): null

02-12-2024T07:03:54 - [TEST_STEP][PASSED] - i1 = x.indexOf("/") + 1: null

02-12-2024T07:03:54 - [TEST_STEP][PASSED] - if (i1 > -1): null

02-12-2024T07:03:54 - [TEST_STEP][PASSED] - x = x.substring(i1, x.length()): null

02-12-2024T07:03:54 - [TEST_STEP][PASSED] - println(x): null

02-12-2024T07:03:54 - [TEST_STEP][PASSED] - i1 = x.indexOf("/") + 1: null

02-12-2024T07:03:54 - [TEST_STEP][PASSED] - if (i1 > -1): null

02-12-2024T07:03:54 - [TEST_STEP][PASSED] - x = x.substring(i1, x.length()): null

02-12-2024T07:03:54 - [TEST_STEP][PASSED] - println(x): null

02-12-2024T07:03:54 - [TEST_STEP][PASSED] - i1 = x.indexOf("/"): null

02-12-2024T07:03:54 - [TEST_STEP][PASSED] - if (i1 > -1): null

02-12-2024T07:03:54 - [TEST_STEP][PASSED] - x = x.substring(0, i1): null

02-12-2024T07:03:54 - [TEST_STEP][PASSED] - println(x): null

02-12-2024T07:03:54 - [TEST_STEP][PASSED] - return x: null

02-12-2024T07:03:54 - [TEST_STEP][PASSED] - tabB = GetOiSFactB(x = b): null

02-12-2024T07:03:54 - [TEST_STEP][PASSED] - i1 = <not implemented yet for class: org.codehaus.groovy.ast.expr.EmptyExpression>: null

02-12-2024T07:03:54 - [TEST_STEP][PASSED] - ii = <not implemented yet for class: org.codehaus.groovy.ast.expr.EmptyExpression>: null

02-12-2024T07:03:54 - [TEST_STEP][PASSED] - for ([ii = 1, ii < 5, (ii++)]): null

02-12-2024T07:03:54 - [TEST_STEP][PASSED] - i1 = x.indexOf("/") + 1: null

02-12-2024T07:03:54 - [TEST_STEP][PASSED] - if (i1 > -1): null

02-12-2024T07:03:54 - [TEST_STEP][PASSED] - x = x.substring(i1, x.length()): null

02-12-2024T07:03:54 - [TEST_STEP][PASSED] - println(x): null

02-12-2024T07:03:54 - [TEST_STEP][PASSED] - i1 = x.indexOf("/") + 1: null

02-12-2024T07:03:54 - [TEST_STEP][PASSED] - if (i1 > -1): null

02-12-2024T07:03:54 - [TEST_STEP][PASSED] - x = x.substring(i1, x.length()): null

02-12-2024T07:03:54 - [TEST_STEP][PASSED] - println(x): null

02-12-2024T07:03:54 - [TEST_STEP][PASSED] - i1 = x.indexOf("/") + 1: null

02-12-2024T07:03:54 - [TEST_STEP][PASSED] - if (i1 > -1): null

02-12-2024T07:03:54 - [TEST_STEP][PASSED] - x = x.substring(i1, x.length()): null

02-12-2024T07:03:54 - [TEST_STEP][PASSED] - println(x): null

02-12-2024T07:03:54 - [TEST_STEP][PASSED] - i1 = x.indexOf("/") + 1: null

02-12-2024T07:03:54 - [TEST_STEP][PASSED] - if (i1 > -1): null

02-12-2024T07:03:54 - [TEST_STEP][PASSED] - x = x.substring(i1, x.length()): null

02-12-2024T07:03:54 - [TEST_STEP][PASSED] - println(x): null

02-12-2024T07:03:54 - [TEST_STEP][PASSED] - i1 = x.indexOf("/"): null

02-12-2024T07:03:54 - [TEST_STEP][PASSED] - if (i1 > -1): null

02-12-2024T07:03:54 - [TEST_STEP][PASSED] - x = x.substring(0, i1): null

02-12-2024T07:03:54 - [TEST_STEP][PASSED] - println(x): null

02-12-2024T07:03:54 - [TEST_STEP][FAILED] - return x: null

02-12-2024T07:03:54 - [TEST_STEP][FAILED] - if (verifyEqual(tabR, tabB) == false): null

02-12-2024T07:03:54 - [MESSAGE][FAILED] - Unable to verify equal between actual object 'нет данных' and expected object '17541196' (Root cause: com.kms.katalon.core.exception.StepFailedException: Actual object 'нет данных' and expected object '17541196' are not equal
	at com.kms.katalon.core.keyword.builtin.VerifyEqualKeyword$_verifyEqual_closure1.doCall(VerifyEqualKeyword.groovy:58)
	at com.kms.katalon.core.keyword.builtin.VerifyEqualKeyword$_verifyEqual_closure1.call(VerifyEqualKeyword.groovy)
	at com.kms.katalon.core.keyword.internal.KeywordMain.runKeyword(KeywordMain.groovy:75)
	at com.kms.katalon.core.keyword.builtin.VerifyEqualKeyword.verifyEqual(VerifyEqualKeyword.groovy:63)
	at com.kms.katalon.core.keyword.builtin.VerifyEqualKeyword.execute(VerifyEqualKeyword.groovy:44)
	at com.kms.katalon.core.keyword.internal.KeywordExecutor.executeKeywordForPlatform(KeywordExecutor.groovy:74)
	at com.kms.katalon.core.keyword.BuiltinKeywords.verifyEqual(BuiltinKeywords.groovy:146)
	at jdk.internal.reflect.GeneratedMethodAccessor25.invoke(Unknown Source)
	at java.base/jdk.internal.reflect.DelegatingMethodAccessorImpl.invoke(DelegatingMethodAccessorImpl.java:43)
	at Выполнение бизнес-плана сверка дашбордов.CompareDZOData(Выполнение бизнес-плана сверка дашбордов:717)
	at Выполнение бизнес-плана сверка дашбордов.run(Выполнение бизнес-плана сверка дашбордов:603)
	at com.kms.katalon.core.main.ScriptEngine.run(ScriptEngine.java:194)
	at com.kms.katalon.core.main.ScriptEngine.runScriptAsRawText(ScriptEngine.java:119)
	at com.kms.katalon.core.main.TestCaseExecutor.runScript(TestCaseExecutor.java:448)
	at com.kms.katalon.core.main.TestCaseExecutor.doExecute(TestCaseExecutor.java:439)
	at com.kms.katalon.core.main.TestCaseExecutor.processExecutionPhase(TestCaseExecutor.java:418)
	at com.kms.katalon.core.main.TestCaseExecutor.accessMainPhase(TestCaseExecutor.java:410)
	at com.kms.katalon.core.main.TestCaseExecutor.execute(TestCaseExecutor.java:285)
	at com.kms.katalon.core.common.CommonExecutor.accessTestCaseMainPhase(CommonExecutor.java:65)
	at com.kms.katalon.core.main.TestSuiteExecutor.accessTestSuiteMainPhase(TestSuiteExecutor.java:150)
	at com.kms.katalon.core.main.TestSuiteExecutor.execute(TestSuiteExecutor.java:106)
	at com.kms.katalon.core.main.TestCaseMain.startTestSuite(TestCaseMain.java:180)
	at TempTestSuite1733111659562.run(TempTestSuite1733111659562.groovy:35)
	at java.base/jdk.internal.reflect.NativeMethodAccessorImpl.invoke0(Native Method)
	at java.base/jdk.internal.reflect.NativeMethodAccessorImpl.invoke(NativeMethodAccessorImpl.java:77)
	at java.base/jdk.internal.reflect.DelegatingMethodAccessorImpl.invoke(DelegatingMethodAccessorImpl.java:43)
)

02-12-2024T07:03:54 - [TEST_STEP][PASSED] - result = WriteToExcel(typeOfData, todaysDate, PercPlanR, PercPlanB, PercFactR, PercFactB, x, tabR, tabB, o1R, o1B, vidget): null

02-12-2024T07:03:54 - [TEST_STEP][PASSED] - iii = dZO.indexOf("/"): null

02-12-2024T07:03:54 - [TEST_STEP][PASSED] - println(iii): null

02-12-2024T07:03:54 - [TEST_STEP][PASSED] - dZO = dZO.substring(0, iii): null

02-12-2024T07:03:54 - [TEST_STEP][PASSED] - println(dZO): null

02-12-2024T07:03:54 - [TEST_STEP][PASSED] - println(PercPlanR): null

02-12-2024T07:03:54 - [TEST_STEP][PASSED] - println(PercPlanB): null

02-12-2024T07:03:54 - [TEST_STEP][PASSED] - println(PercFactR): null

02-12-2024T07:03:54 - [TEST_STEP][PASSED] - println(PercFactB): null

02-12-2024T07:03:54 - [TEST_STEP][PASSED] - println(tabR): null

02-12-2024T07:03:54 - [TEST_STEP][PASSED] - println(tabB): null

02-12-2024T07:03:54 - [TEST_STEP][PASSED] - println(o1R): null

02-12-2024T07:03:54 - [TEST_STEP][PASSED] - println(o1B): null

02-12-2024T07:03:54 - [TEST_STEP][PASSED] - PR = <not implemented yet for class: org.codehaus.groovy.ast.expr.EmptyExpression>: null

02-12-2024T07:03:54 - [TEST_STEP][PASSED] - FR = <not implemented yet for class: org.codehaus.groovy.ast.expr.EmptyExpression>: null

02-12-2024T07:03:54 - [TEST_STEP][PASSED] - PB = <not implemented yet for class: org.codehaus.groovy.ast.expr.EmptyExpression>: null

02-12-2024T07:03:54 - [TEST_STEP][PASSED] - FB = <not implemented yet for class: org.codehaus.groovy.ast.expr.EmptyExpression>: null

02-12-2024T07:03:54 - [TEST_STEP][PASSED] - TR = <not implemented yet for class: org.codehaus.groovy.ast.expr.EmptyExpression>: null

02-12-2024T07:03:54 - [TEST_STEP][PASSED] - TB = <not implemented yet for class: org.codehaus.groovy.ast.expr.EmptyExpression>: null

02-12-2024T07:03:54 - [TEST_STEP][PASSED] - sheetName = "Sheet1": null

02-12-2024T07:03:54 - [TEST_STEP][PASSED] - data = findTestData("PlanFact"): null

02-12-2024T07:03:54 - [TEST_STEP][PASSED] - n = data.getRowNumbers() + 1: null

02-12-2024T07:03:54 - [TEST_STEP][PASSED] - year = todaysDate.substring(todaysDate.length() - 4, todaysDate.length()): null

02-12-2024T07:03:54 - [TEST_STEP][PASSED] - y = year.toInteger(): null

02-12-2024T07:03:54 - [TEST_STEP][PASSED] - m = getText(findTestObject("Выполнение бизнес-плана/Выполнение бизнес-плана Балансы/Фильтр Дата")): Text of object 'Object Repository/Выполнение бизнес-плана/Выполнение бизнес-плана Балансы/Фильтр Дата' is: '1, 2, 3 кв., Октябрь 2024 года'

02-12-2024T07:03:54 - [MESSAGE][PASSED] - Text of object 'Object Repository/Выполнение бизнес-плана/Выполнение бизнес-плана Балансы/Фильтр Дата' is: '1, 2, 3 кв., Октябрь 2024 года'

02-12-2024T07:03:54 - [TEST_STEP][PASSED] - m = m.substring(0, m.indexOf("2024")): null

02-12-2024T07:03:54 - [TEST_STEP][PASSED] - m = m.trim(): null

02-12-2024T07:03:54 - [TEST_STEP][PASSED] - dashboardName = "Выполнение бизнес-плана": null

02-12-2024T07:03:54 - [TEST_STEP][PASSED] - workbook01 = getWorkbook(excelFilePath): null

02-12-2024T07:03:54 - [TEST_STEP][PASSED] - sheet01 = getExcelSheet(workbook01, sheetName): null

02-12-2024T07:03:54 - [TEST_STEP][PASSED] - setValueToCellByIndex(sheet01, n, 0, dashboardName): null

02-12-2024T07:03:54 - [TEST_STEP][PASSED] - setValueToCellByIndex(sheet01, n, 1, dZO): null

02-12-2024T07:03:54 - [TEST_STEP][PASSED] - setValueToCellByIndex(sheet01, n, 2, typeOfData): null

02-12-2024T07:03:54 - [TEST_STEP][PASSED] - setValueToCellByIndex(sheet01, n, 3, typeOfData): null

02-12-2024T07:03:54 - [TEST_STEP][PASSED] - if (typeOfData == "План"): null

02-12-2024T07:03:54 - [TEST_STEP][PASSED] - else if (typeOfData == "Факт"): null

02-12-2024T07:03:54 - [TEST_STEP][PASSED] - else if (vidget.contains("электроэнергии") == true): null

02-12-2024T07:03:54 - [TEST_STEP][PASSED] - if (tabR == null): null

02-12-2024T07:03:54 - [TEST_STEP][PASSED] - else: null

02-12-2024T07:03:54 - [TEST_STEP][PASSED] - if (tabR == "нет данных"): null

02-12-2024T07:03:54 - [TEST_STEP][PASSED] - setValueToCellByIndex(sheet01, n, 4, "нет данных"): null

02-12-2024T07:03:54 - [TEST_STEP][PASSED] - if (tabB == null): null

02-12-2024T07:03:54 - [TEST_STEP][PASSED] - else: null

02-12-2024T07:03:54 - [TEST_STEP][PASSED] - if (tabB == "нет данных"): null

02-12-2024T07:03:54 - [TEST_STEP][PASSED] - else: null

02-12-2024T07:03:54 - [TEST_STEP][PASSED] - TB = tabB.toInteger(): null

02-12-2024T07:03:54 - [TEST_STEP][PASSED] - setValueToCellByIndex(sheet01, n, 5, TB): null

02-12-2024T07:03:54 - [TEST_STEP][PASSED] - setValueToCellByIndex(sheet01, n, 6, m): null

02-12-2024T07:03:54 - [TEST_STEP][PASSED] - setValueToCellByIndex(sheet01, n, 7, y): null

02-12-2024T07:03:54 - [TEST_STEP][PASSED] - setValueToCellByIndex(sheet01, n, 8, todaysDate): null

02-12-2024T07:03:54 - [TEST_STEP][PASSED] - n = n + 1: null

02-12-2024T07:03:54 - [TEST_STEP][PASSED] - saveWorkbook(excelFilePath, workbook01): null

02-12-2024T07:03:55 - [TEST_STEP][PASSED] - typeOfData = "Факт Потери": null

02-12-2024T07:03:55 - [TEST_STEP][PASSED] - tabR = GetPFactR(x = a): null

02-12-2024T07:03:55 - [TEST_STEP][PASSED] - i1 = <not implemented yet for class: org.codehaus.groovy.ast.expr.EmptyExpression>: null

02-12-2024T07:03:55 - [TEST_STEP][PASSED] - ii = <not implemented yet for class: org.codehaus.groovy.ast.expr.EmptyExpression>: null

02-12-2024T07:03:55 - [TEST_STEP][PASSED] - for ([ii = 1, ii < 6, (ii++)]): null

02-12-2024T07:03:55 - [TEST_STEP][PASSED] - i1 = x.indexOf("/") + 1: null

02-12-2024T07:03:55 - [TEST_STEP][PASSED] - if (i1 > -1): null

02-12-2024T07:03:55 - [TEST_STEP][PASSED] - x = x.substring(i1, x.length()): null

02-12-2024T07:03:55 - [TEST_STEP][PASSED] - println(x): null

02-12-2024T07:03:55 - [TEST_STEP][PASSED] - i1 = x.indexOf("/") + 1: null

02-12-2024T07:03:55 - [TEST_STEP][PASSED] - if (i1 > -1): null

02-12-2024T07:03:55 - [TEST_STEP][PASSED] - x = x.substring(i1, x.length()): null

02-12-2024T07:03:55 - [TEST_STEP][PASSED] - println(x): null

02-12-2024T07:03:55 - [TEST_STEP][PASSED] - i1 = x.indexOf("/") + 1: null

02-12-2024T07:03:55 - [TEST_STEP][PASSED] - if (i1 > -1): null

02-12-2024T07:03:55 - [TEST_STEP][PASSED] - x = x.substring(i1, x.length()): null

02-12-2024T07:03:55 - [TEST_STEP][PASSED] - println(x): null

02-12-2024T07:03:55 - [TEST_STEP][PASSED] - i1 = x.indexOf("/") + 1: null

02-12-2024T07:03:55 - [TEST_STEP][PASSED] - if (i1 > -1): null

02-12-2024T07:03:55 - [TEST_STEP][PASSED] - x = x.substring(i1, x.length()): null

02-12-2024T07:03:55 - [TEST_STEP][PASSED] - println(x): null

02-12-2024T07:03:55 - [TEST_STEP][PASSED] - i1 = x.indexOf("/") + 1: null

02-12-2024T07:03:55 - [TEST_STEP][PASSED] - if (i1 > -1): null

02-12-2024T07:03:55 - [TEST_STEP][PASSED] - x = x.substring(i1, x.length()): null

02-12-2024T07:03:55 - [TEST_STEP][PASSED] - println(x): null

02-12-2024T07:03:55 - [TEST_STEP][PASSED] - i1 = x.indexOf("/"): null

02-12-2024T07:03:55 - [TEST_STEP][PASSED] - if (i1 > -1): null

02-12-2024T07:03:55 - [TEST_STEP][PASSED] - x = x.substring(0, i1): null

02-12-2024T07:03:55 - [TEST_STEP][PASSED] - println(x): null

02-12-2024T07:03:55 - [TEST_STEP][PASSED] - return x: null

02-12-2024T07:03:55 - [TEST_STEP][PASSED] - tabB = GetPFactB(x = b): null

02-12-2024T07:03:55 - [TEST_STEP][PASSED] - i1 = <not implemented yet for class: org.codehaus.groovy.ast.expr.EmptyExpression>: null

02-12-2024T07:03:55 - [TEST_STEP][PASSED] - ii = <not implemented yet for class: org.codehaus.groovy.ast.expr.EmptyExpression>: null

02-12-2024T07:03:55 - [TEST_STEP][PASSED] - for ([ii = 1, ii < 6, (ii++)]): null

02-12-2024T07:03:55 - [TEST_STEP][PASSED] - i1 = x.indexOf("/") + 1: null

02-12-2024T07:03:55 - [TEST_STEP][PASSED] - if (i1 > -1): null

02-12-2024T07:03:55 - [TEST_STEP][PASSED] - x = x.substring(i1, x.length()): null

02-12-2024T07:03:55 - [TEST_STEP][PASSED] - println(x): null

02-12-2024T07:03:55 - [TEST_STEP][PASSED] - i1 = x.indexOf("/") + 1: null

02-12-2024T07:03:55 - [TEST_STEP][PASSED] - if (i1 > -1): null

02-12-2024T07:03:55 - [TEST_STEP][PASSED] - x = x.substring(i1, x.length()): null

02-12-2024T07:03:55 - [TEST_STEP][PASSED] - println(x): null

02-12-2024T07:03:55 - [TEST_STEP][PASSED] - i1 = x.indexOf("/") + 1: null

02-12-2024T07:03:55 - [TEST_STEP][PASSED] - if (i1 > -1): null

02-12-2024T07:03:55 - [TEST_STEP][PASSED] - x = x.substring(i1, x.length()): null

02-12-2024T07:03:55 - [TEST_STEP][PASSED] - println(x): null

02-12-2024T07:03:55 - [TEST_STEP][PASSED] - i1 = x.indexOf("/") + 1: null

02-12-2024T07:03:55 - [TEST_STEP][PASSED] - if (i1 > -1): null

02-12-2024T07:03:55 - [TEST_STEP][PASSED] - x = x.substring(i1, x.length()): null

02-12-2024T07:03:55 - [TEST_STEP][PASSED] - println(x): null

02-12-2024T07:03:55 - [TEST_STEP][PASSED] - i1 = x.indexOf("/") + 1: null

02-12-2024T07:03:55 - [TEST_STEP][PASSED] - if (i1 > -1): null

02-12-2024T07:03:55 - [TEST_STEP][PASSED] - x = x.substring(i1, x.length()): null

02-12-2024T07:03:55 - [TEST_STEP][PASSED] - println(x): null

02-12-2024T07:03:55 - [TEST_STEP][PASSED] - i1 = x.indexOf("/"): null

02-12-2024T07:03:55 - [TEST_STEP][PASSED] - if (i1 > -1): null

02-12-2024T07:03:55 - [TEST_STEP][PASSED] - x = x.substring(0, i1): null

02-12-2024T07:03:55 - [TEST_STEP][PASSED] - println(x): null

02-12-2024T07:03:55 - [TEST_STEP][FAILED] - return x: null

02-12-2024T07:03:55 - [TEST_STEP][PASSED] - println(tabR + "/" + tabB): null

02-12-2024T07:03:55 - [TEST_STEP][FAILED] - if (verifyEqual(tabR, tabB) == false): null

02-12-2024T07:03:55 - [MESSAGE][FAILED] - Unable to verify equal between actual object 'нет данных' and expected object '1668036' (Root cause: com.kms.katalon.core.exception.StepFailedException: Actual object 'нет данных' and expected object '1668036' are not equal
	at com.kms.katalon.core.keyword.builtin.VerifyEqualKeyword$_verifyEqual_closure1.doCall(VerifyEqualKeyword.groovy:58)
	at com.kms.katalon.core.keyword.builtin.VerifyEqualKeyword$_verifyEqual_closure1.call(VerifyEqualKeyword.groovy)
	at com.kms.katalon.core.keyword.internal.KeywordMain.runKeyword(KeywordMain.groovy:75)
	at com.kms.katalon.core.keyword.builtin.VerifyEqualKeyword.verifyEqual(VerifyEqualKeyword.groovy:63)
	at com.kms.katalon.core.keyword.builtin.VerifyEqualKeyword.execute(VerifyEqualKeyword.groovy:44)
	at com.kms.katalon.core.keyword.internal.KeywordExecutor.executeKeywordForPlatform(KeywordExecutor.groovy:74)
	at com.kms.katalon.core.keyword.BuiltinKeywords.verifyEqual(BuiltinKeywords.groovy:146)
	at jdk.internal.reflect.GeneratedMethodAccessor25.invoke(Unknown Source)
	at java.base/jdk.internal.reflect.DelegatingMethodAccessorImpl.invoke(DelegatingMethodAccessorImpl.java:43)
	at Выполнение бизнес-плана сверка дашбордов.CompareDZOData(Выполнение бизнес-плана сверка дашбордов:730)
	at Выполнение бизнес-плана сверка дашбордов.run(Выполнение бизнес-плана сверка дашбордов:603)
	at com.kms.katalon.core.main.ScriptEngine.run(ScriptEngine.java:194)
	at com.kms.katalon.core.main.ScriptEngine.runScriptAsRawText(ScriptEngine.java:119)
	at com.kms.katalon.core.main.TestCaseExecutor.runScript(TestCaseExecutor.java:448)
	at com.kms.katalon.core.main.TestCaseExecutor.doExecute(TestCaseExecutor.java:439)
	at com.kms.katalon.core.main.TestCaseExecutor.processExecutionPhase(TestCaseExecutor.java:418)
	at com.kms.katalon.core.main.TestCaseExecutor.accessMainPhase(TestCaseExecutor.java:410)
	at com.kms.katalon.core.main.TestCaseExecutor.execute(TestCaseExecutor.java:285)
	at com.kms.katalon.core.common.CommonExecutor.accessTestCaseMainPhase(CommonExecutor.java:65)
	at com.kms.katalon.core.main.TestSuiteExecutor.accessTestSuiteMainPhase(TestSuiteExecutor.java:150)
	at com.kms.katalon.core.main.TestSuiteExecutor.execute(TestSuiteExecutor.java:106)
	at com.kms.katalon.core.main.TestCaseMain.startTestSuite(TestCaseMain.java:180)
	at TempTestSuite1733111659562.run(TempTestSuite1733111659562.groovy:35)
	at java.base/jdk.internal.reflect.NativeMethodAccessorImpl.invoke0(Native Method)
	at java.base/jdk.internal.reflect.NativeMethodAccessorImpl.invoke(NativeMethodAccessorImpl.java:77)
	at java.base/jdk.internal.reflect.DelegatingMethodAccessorImpl.invoke(DelegatingMethodAccessorImpl.java:43)
)

02-12-2024T07:03:55 - [TEST_STEP][PASSED] - result = WriteToExcel(typeOfData, todaysDate, PercPlanR, PercPlanB, PercFactR, PercFactB, x, tabR, tabB, o1R, o1B, vidget): null

02-12-2024T07:03:55 - [TEST_STEP][PASSED] - iii = dZO.indexOf("/"): null

02-12-2024T07:03:55 - [TEST_STEP][PASSED] - println(iii): null

02-12-2024T07:03:55 - [TEST_STEP][PASSED] - dZO = dZO.substring(0, iii): null

02-12-2024T07:03:55 - [TEST_STEP][PASSED] - println(dZO): null

02-12-2024T07:03:55 - [TEST_STEP][PASSED] - println(PercPlanR): null

02-12-2024T07:03:55 - [TEST_STEP][PASSED] - println(PercPlanB): null

02-12-2024T07:03:55 - [TEST_STEP][PASSED] - println(PercFactR): null

02-12-2024T07:03:55 - [TEST_STEP][PASSED] - println(PercFactB): null

02-12-2024T07:03:55 - [TEST_STEP][PASSED] - println(tabR): null

02-12-2024T07:03:55 - [TEST_STEP][PASSED] - println(tabB): null

02-12-2024T07:03:55 - [TEST_STEP][PASSED] - println(o1R): null

02-12-2024T07:03:55 - [TEST_STEP][PASSED] - println(o1B): null

02-12-2024T07:03:55 - [TEST_STEP][PASSED] - PR = <not implemented yet for class: org.codehaus.groovy.ast.expr.EmptyExpression>: null

02-12-2024T07:03:55 - [TEST_STEP][PASSED] - FR = <not implemented yet for class: org.codehaus.groovy.ast.expr.EmptyExpression>: null

02-12-2024T07:03:55 - [TEST_STEP][PASSED] - PB = <not implemented yet for class: org.codehaus.groovy.ast.expr.EmptyExpression>: null

02-12-2024T07:03:55 - [TEST_STEP][PASSED] - FB = <not implemented yet for class: org.codehaus.groovy.ast.expr.EmptyExpression>: null

02-12-2024T07:03:55 - [TEST_STEP][PASSED] - TR = <not implemented yet for class: org.codehaus.groovy.ast.expr.EmptyExpression>: null

02-12-2024T07:03:55 - [TEST_STEP][PASSED] - TB = <not implemented yet for class: org.codehaus.groovy.ast.expr.EmptyExpression>: null

02-12-2024T07:03:55 - [TEST_STEP][PASSED] - sheetName = "Sheet1": null

02-12-2024T07:03:55 - [TEST_STEP][PASSED] - data = findTestData("PlanFact"): null

02-12-2024T07:03:55 - [TEST_STEP][PASSED] - n = data.getRowNumbers() + 1: null

02-12-2024T07:03:55 - [TEST_STEP][PASSED] - year = todaysDate.substring(todaysDate.length() - 4, todaysDate.length()): null

02-12-2024T07:03:55 - [TEST_STEP][PASSED] - y = year.toInteger(): null

02-12-2024T07:03:55 - [TEST_STEP][PASSED] - m = getText(findTestObject("Выполнение бизнес-плана/Выполнение бизнес-плана Балансы/Фильтр Дата")): Text of object 'Object Repository/Выполнение бизнес-плана/Выполнение бизнес-плана Балансы/Фильтр Дата' is: '1, 2, 3 кв., Октябрь 2024 года'

02-12-2024T07:03:55 - [MESSAGE][PASSED] - Text of object 'Object Repository/Выполнение бизнес-плана/Выполнение бизнес-плана Балансы/Фильтр Дата' is: '1, 2, 3 кв., Октябрь 2024 года'

02-12-2024T07:03:55 - [TEST_STEP][PASSED] - m = m.substring(0, m.indexOf("2024")): null

02-12-2024T07:03:55 - [TEST_STEP][PASSED] - m = m.trim(): null

02-12-2024T07:03:55 - [TEST_STEP][PASSED] - dashboardName = "Выполнение бизнес-плана": null

02-12-2024T07:03:55 - [TEST_STEP][PASSED] - workbook01 = getWorkbook(excelFilePath): null

02-12-2024T07:03:55 - [TEST_STEP][PASSED] - sheet01 = getExcelSheet(workbook01, sheetName): null

02-12-2024T07:03:55 - [TEST_STEP][PASSED] - setValueToCellByIndex(sheet01, n, 0, dashboardName): null

02-12-2024T07:03:55 - [TEST_STEP][PASSED] - setValueToCellByIndex(sheet01, n, 1, dZO): null

02-12-2024T07:03:55 - [TEST_STEP][PASSED] - setValueToCellByIndex(sheet01, n, 2, typeOfData): null

02-12-2024T07:03:55 - [TEST_STEP][PASSED] - setValueToCellByIndex(sheet01, n, 3, typeOfData): null

02-12-2024T07:03:55 - [TEST_STEP][PASSED] - if (typeOfData == "План"): null

02-12-2024T07:03:55 - [TEST_STEP][PASSED] - else if (typeOfData == "Факт"): null

02-12-2024T07:03:55 - [TEST_STEP][PASSED] - else if (vidget.contains("электроэнергии") == true): null

02-12-2024T07:03:55 - [TEST_STEP][PASSED] - if (tabR == null): null

02-12-2024T07:03:55 - [TEST_STEP][PASSED] - else: null

02-12-2024T07:03:55 - [TEST_STEP][PASSED] - if (tabR == "нет данных"): null

02-12-2024T07:03:55 - [TEST_STEP][PASSED] - setValueToCellByIndex(sheet01, n, 4, "нет данных"): null

02-12-2024T07:03:55 - [TEST_STEP][PASSED] - if (tabB == null): null

02-12-2024T07:03:55 - [TEST_STEP][PASSED] - else: null

02-12-2024T07:03:55 - [TEST_STEP][PASSED] - if (tabB == "нет данных"): null

02-12-2024T07:03:55 - [TEST_STEP][PASSED] - else: null

02-12-2024T07:03:55 - [TEST_STEP][PASSED] - TB = tabB.toInteger(): null

02-12-2024T07:03:55 - [TEST_STEP][PASSED] - setValueToCellByIndex(sheet01, n, 5, TB): null

02-12-2024T07:03:55 - [TEST_STEP][PASSED] - setValueToCellByIndex(sheet01, n, 6, m): null

02-12-2024T07:03:55 - [TEST_STEP][PASSED] - setValueToCellByIndex(sheet01, n, 7, y): null

02-12-2024T07:03:55 - [TEST_STEP][PASSED] - setValueToCellByIndex(sheet01, n, 8, todaysDate): null

02-12-2024T07:03:55 - [TEST_STEP][PASSED] - n = n + 1: null

02-12-2024T07:03:55 - [TEST_STEP][PASSED] - saveWorkbook(excelFilePath, workbook01): null

02-12-2024T07:03:55 - [TEST_STEP][PASSED] - vidget = "Показатели баланса электроэнергии по ДЗО – План": null

02-12-2024T07:03:55 - [TEST_STEP][PASSED] - typeOfData = "План Отпуск в сеть": null

02-12-2024T07:03:55 - [TEST_STEP][PASSED] - tabR = GetOvSPlanR(x = a): null

02-12-2024T07:03:55 - [TEST_STEP][PASSED] - i1 = <not implemented yet for class: org.codehaus.groovy.ast.expr.EmptyExpression>: null

02-12-2024T07:03:55 - [TEST_STEP][PASSED] - ii = <not implemented yet for class: org.codehaus.groovy.ast.expr.EmptyExpression>: null

02-12-2024T07:03:55 - [TEST_STEP][PASSED] - for ([ii = 1, ii < 7, (ii++)]): null

02-12-2024T07:03:55 - [TEST_STEP][PASSED] - i1 = x.indexOf("/") + 1: null

02-12-2024T07:03:55 - [TEST_STEP][PASSED] - if (i1 > -1): null

02-12-2024T07:03:55 - [TEST_STEP][PASSED] - x = x.substring(i1, x.length()): null

02-12-2024T07:03:55 - [TEST_STEP][PASSED] - println(x): null

02-12-2024T07:03:55 - [TEST_STEP][PASSED] - i1 = x.indexOf("/") + 1: null

02-12-2024T07:03:55 - [TEST_STEP][PASSED] - if (i1 > -1): null

02-12-2024T07:03:55 - [TEST_STEP][PASSED] - x = x.substring(i1, x.length()): null

02-12-2024T07:03:55 - [TEST_STEP][PASSED] - println(x): null

02-12-2024T07:03:55 - [TEST_STEP][PASSED] - i1 = x.indexOf("/") + 1: null

02-12-2024T07:03:55 - [TEST_STEP][PASSED] - if (i1 > -1): null

02-12-2024T07:03:55 - [TEST_STEP][PASSED] - x = x.substring(i1, x.length()): null

02-12-2024T07:03:55 - [TEST_STEP][PASSED] - println(x): null

02-12-2024T07:03:55 - [TEST_STEP][PASSED] - i1 = x.indexOf("/") + 1: null

02-12-2024T07:03:55 - [TEST_STEP][PASSED] - if (i1 > -1): null

02-12-2024T07:03:55 - [TEST_STEP][PASSED] - x = x.substring(i1, x.length()): null

02-12-2024T07:03:55 - [TEST_STEP][PASSED] - println(x): null

02-12-2024T07:03:55 - [TEST_STEP][PASSED] - i1 = x.indexOf("/") + 1: null

02-12-2024T07:03:55 - [TEST_STEP][PASSED] - if (i1 > -1): null

02-12-2024T07:03:55 - [TEST_STEP][PASSED] - x = x.substring(i1, x.length()): null

02-12-2024T07:03:55 - [TEST_STEP][PASSED] - println(x): null

02-12-2024T07:03:55 - [TEST_STEP][PASSED] - i1 = x.indexOf("/") + 1: null

02-12-2024T07:03:55 - [TEST_STEP][PASSED] - if (i1 > -1): null

02-12-2024T07:03:55 - [TEST_STEP][PASSED] - x = x.substring(i1, x.length()): null

02-12-2024T07:03:55 - [TEST_STEP][PASSED] - println(x): null

02-12-2024T07:03:55 - [TEST_STEP][PASSED] - i1 = x.indexOf("/"): null

02-12-2024T07:03:55 - [TEST_STEP][PASSED] - if (i1 > -1): null

02-12-2024T07:03:55 - [TEST_STEP][PASSED] - x = x.substring(0, i1): null

02-12-2024T07:03:55 - [TEST_STEP][PASSED] - println(x): null

02-12-2024T07:03:55 - [TEST_STEP][PASSED] - return x: null

02-12-2024T07:03:55 - [TEST_STEP][PASSED] - tabB = GetOvSPlanB(x = b): null

02-12-2024T07:03:55 - [TEST_STEP][PASSED] - i1 = <not implemented yet for class: org.codehaus.groovy.ast.expr.EmptyExpression>: null

02-12-2024T07:03:55 - [TEST_STEP][PASSED] - ii = <not implemented yet for class: org.codehaus.groovy.ast.expr.EmptyExpression>: null

02-12-2024T07:03:55 - [TEST_STEP][PASSED] - for ([ii = 1, ii < 7, (ii++)]): null

02-12-2024T07:03:55 - [TEST_STEP][PASSED] - i1 = x.indexOf("/") + 1: null

02-12-2024T07:03:55 - [TEST_STEP][PASSED] - if (i1 > -1): null

02-12-2024T07:03:55 - [TEST_STEP][PASSED] - x = x.substring(i1, x.length()): null

02-12-2024T07:03:55 - [TEST_STEP][PASSED] - println(x): null

02-12-2024T07:03:55 - [TEST_STEP][PASSED] - i1 = x.indexOf("/") + 1: null

02-12-2024T07:03:55 - [TEST_STEP][PASSED] - if (i1 > -1): null

02-12-2024T07:03:55 - [TEST_STEP][PASSED] - x = x.substring(i1, x.length()): null

02-12-2024T07:03:55 - [TEST_STEP][PASSED] - println(x): null

02-12-2024T07:03:55 - [TEST_STEP][PASSED] - i1 = x.indexOf("/") + 1: null

02-12-2024T07:03:55 - [TEST_STEP][PASSED] - if (i1 > -1): null

02-12-2024T07:03:55 - [TEST_STEP][PASSED] - x = x.substring(i1, x.length()): null

02-12-2024T07:03:55 - [TEST_STEP][PASSED] - println(x): null

02-12-2024T07:03:55 - [TEST_STEP][PASSED] - i1 = x.indexOf("/") + 1: null

02-12-2024T07:03:55 - [TEST_STEP][PASSED] - if (i1 > -1): null

02-12-2024T07:03:55 - [TEST_STEP][PASSED] - x = x.substring(i1, x.length()): null

02-12-2024T07:03:55 - [TEST_STEP][PASSED] - println(x): null

02-12-2024T07:03:55 - [TEST_STEP][PASSED] - i1 = x.indexOf("/") + 1: null

02-12-2024T07:03:55 - [TEST_STEP][PASSED] - if (i1 > -1): null

02-12-2024T07:03:55 - [TEST_STEP][PASSED] - x = x.substring(i1, x.length()): null

02-12-2024T07:03:55 - [TEST_STEP][PASSED] - println(x): null

02-12-2024T07:03:55 - [TEST_STEP][PASSED] - i1 = x.indexOf("/") + 1: null

02-12-2024T07:03:55 - [TEST_STEP][PASSED] - if (i1 > -1): null

02-12-2024T07:03:55 - [TEST_STEP][PASSED] - x = x.substring(i1, x.length()): null

02-12-2024T07:03:55 - [TEST_STEP][PASSED] - println(x): null

02-12-2024T07:03:55 - [TEST_STEP][PASSED] - i1 = x.indexOf("/"): null

02-12-2024T07:03:55 - [TEST_STEP][PASSED] - if (i1 > -1): null

02-12-2024T07:03:55 - [TEST_STEP][PASSED] - x = x.substring(0, i1): null

02-12-2024T07:03:55 - [TEST_STEP][PASSED] - println(x): null

02-12-2024T07:03:55 - [TEST_STEP][FAILED] - return x: null

02-12-2024T07:03:55 - [TEST_STEP][PASSED] - println(tabR + "/" + tabB): null

02-12-2024T07:03:55 - [TEST_STEP][FAILED] - if (verifyEqual(PercFactR, PercFactB) == false): null

02-12-2024T07:03:55 - [MESSAGE][FAILED] - Unable to verify equal between actual object 'нет данных' and expected object '8.68' (Root cause: com.kms.katalon.core.exception.StepFailedException: Actual object 'нет данных' and expected object '8.68' are not equal
	at com.kms.katalon.core.keyword.builtin.VerifyEqualKeyword$_verifyEqual_closure1.doCall(VerifyEqualKeyword.groovy:58)
	at com.kms.katalon.core.keyword.builtin.VerifyEqualKeyword$_verifyEqual_closure1.call(VerifyEqualKeyword.groovy)
	at com.kms.katalon.core.keyword.internal.KeywordMain.runKeyword(KeywordMain.groovy:75)
	at com.kms.katalon.core.keyword.builtin.VerifyEqualKeyword.verifyEqual(VerifyEqualKeyword.groovy:63)
	at com.kms.katalon.core.keyword.builtin.VerifyEqualKeyword.execute(VerifyEqualKeyword.groovy:44)
	at com.kms.katalon.core.keyword.internal.KeywordExecutor.executeKeywordForPlatform(KeywordExecutor.groovy:74)
	at com.kms.katalon.core.keyword.BuiltinKeywords.verifyEqual(BuiltinKeywords.groovy:146)
	at jdk.internal.reflect.GeneratedMethodAccessor25.invoke(Unknown Source)
	at java.base/jdk.internal.reflect.DelegatingMethodAccessorImpl.invoke(DelegatingMethodAccessorImpl.java:43)
	at Выполнение бизнес-плана сверка дашбордов.CompareDZOData(Выполнение бизнес-плана сверка дашбордов:745)
	at Выполнение бизнес-плана сверка дашбордов.run(Выполнение бизнес-плана сверка дашбордов:603)
	at com.kms.katalon.core.main.ScriptEngine.run(ScriptEngine.java:194)
	at com.kms.katalon.core.main.ScriptEngine.runScriptAsRawText(ScriptEngine.java:119)
	at com.kms.katalon.core.main.TestCaseExecutor.runScript(TestCaseExecutor.java:448)
	at com.kms.katalon.core.main.TestCaseExecutor.doExecute(TestCaseExecutor.java:439)
	at com.kms.katalon.core.main.TestCaseExecutor.processExecutionPhase(TestCaseExecutor.java:418)
	at com.kms.katalon.core.main.TestCaseExecutor.accessMainPhase(TestCaseExecutor.java:410)
	at com.kms.katalon.core.main.TestCaseExecutor.execute(TestCaseExecutor.java:285)
	at com.kms.katalon.core.common.CommonExecutor.accessTestCaseMainPhase(CommonExecutor.java:65)
	at com.kms.katalon.core.main.TestSuiteExecutor.accessTestSuiteMainPhase(TestSuiteExecutor.java:150)
	at com.kms.katalon.core.main.TestSuiteExecutor.execute(TestSuiteExecutor.java:106)
	at com.kms.katalon.core.main.TestCaseMain.startTestSuite(TestCaseMain.java:180)
	at TempTestSuite1733111659562.run(TempTestSuite1733111659562.groovy:35)
	at java.base/jdk.internal.reflect.NativeMethodAccessorImpl.invoke0(Native Method)
	at java.base/jdk.internal.reflect.NativeMethodAccessorImpl.invoke(NativeMethodAccessorImpl.java:77)
	at java.base/jdk.internal.reflect.DelegatingMethodAccessorImpl.invoke(DelegatingMethodAccessorImpl.java:43)
)

02-12-2024T07:03:55 - [TEST_STEP][PASSED] - result = WriteToExcel(typeOfData, todaysDate, PercPlanR, PercPlanB, PercFactR, PercFactB, x, tabR, tabB, o1R, o1B, vidget): null

02-12-2024T07:03:55 - [TEST_STEP][PASSED] - iii = dZO.indexOf("/"): null

02-12-2024T07:03:55 - [TEST_STEP][PASSED] - println(iii): null

02-12-2024T07:03:55 - [TEST_STEP][PASSED] - dZO = dZO.substring(0, iii): null

02-12-2024T07:03:55 - [TEST_STEP][PASSED] - println(dZO): null

02-12-2024T07:03:55 - [TEST_STEP][PASSED] - println(PercPlanR): null

02-12-2024T07:03:55 - [TEST_STEP][PASSED] - println(PercPlanB): null

02-12-2024T07:03:55 - [TEST_STEP][PASSED] - println(PercFactR): null

02-12-2024T07:03:55 - [TEST_STEP][PASSED] - println(PercFactB): null

02-12-2024T07:03:55 - [TEST_STEP][PASSED] - println(tabR): null

02-12-2024T07:03:55 - [TEST_STEP][PASSED] - println(tabB): null

02-12-2024T07:03:55 - [TEST_STEP][PASSED] - println(o1R): null

02-12-2024T07:03:55 - [TEST_STEP][PASSED] - println(o1B): null

02-12-2024T07:03:55 - [TEST_STEP][PASSED] - PR = <not implemented yet for class: org.codehaus.groovy.ast.expr.EmptyExpression>: null

02-12-2024T07:03:55 - [TEST_STEP][PASSED] - FR = <not implemented yet for class: org.codehaus.groovy.ast.expr.EmptyExpression>: null

02-12-2024T07:03:55 - [TEST_STEP][PASSED] - PB = <not implemented yet for class: org.codehaus.groovy.ast.expr.EmptyExpression>: null

02-12-2024T07:03:55 - [TEST_STEP][PASSED] - FB = <not implemented yet for class: org.codehaus.groovy.ast.expr.EmptyExpression>: null

02-12-2024T07:03:55 - [TEST_STEP][PASSED] - TR = <not implemented yet for class: org.codehaus.groovy.ast.expr.EmptyExpression>: null

02-12-2024T07:03:55 - [TEST_STEP][PASSED] - TB = <not implemented yet for class: org.codehaus.groovy.ast.expr.EmptyExpression>: null

02-12-2024T07:03:55 - [TEST_STEP][PASSED] - sheetName = "Sheet1": null

02-12-2024T07:03:55 - [TEST_STEP][PASSED] - data = findTestData("PlanFact"): null

02-12-2024T07:03:55 - [TEST_STEP][PASSED] - n = data.getRowNumbers() + 1: null

02-12-2024T07:03:55 - [TEST_STEP][PASSED] - year = todaysDate.substring(todaysDate.length() - 4, todaysDate.length()): null

02-12-2024T07:03:55 - [TEST_STEP][PASSED] - y = year.toInteger(): null

02-12-2024T07:03:55 - [TEST_STEP][PASSED] - m = getText(findTestObject("Выполнение бизнес-плана/Выполнение бизнес-плана Балансы/Фильтр Дата")): Text of object 'Object Repository/Выполнение бизнес-плана/Выполнение бизнес-плана Балансы/Фильтр Дата' is: '1, 2, 3 кв., Октябрь 2024 года'

02-12-2024T07:03:56 - [MESSAGE][PASSED] - Text of object 'Object Repository/Выполнение бизнес-плана/Выполнение бизнес-плана Балансы/Фильтр Дата' is: '1, 2, 3 кв., Октябрь 2024 года'

02-12-2024T07:03:56 - [TEST_STEP][PASSED] - m = m.substring(0, m.indexOf("2024")): null

02-12-2024T07:03:56 - [TEST_STEP][PASSED] - m = m.trim(): null

02-12-2024T07:03:56 - [TEST_STEP][PASSED] - dashboardName = "Выполнение бизнес-плана": null

02-12-2024T07:03:56 - [TEST_STEP][PASSED] - workbook01 = getWorkbook(excelFilePath): null

02-12-2024T07:03:56 - [TEST_STEP][PASSED] - sheet01 = getExcelSheet(workbook01, sheetName): null

02-12-2024T07:03:56 - [TEST_STEP][PASSED] - setValueToCellByIndex(sheet01, n, 0, dashboardName): null

02-12-2024T07:03:56 - [TEST_STEP][PASSED] - setValueToCellByIndex(sheet01, n, 1, dZO): null

02-12-2024T07:03:56 - [TEST_STEP][PASSED] - setValueToCellByIndex(sheet01, n, 2, typeOfData): null

02-12-2024T07:03:56 - [TEST_STEP][PASSED] - setValueToCellByIndex(sheet01, n, 3, typeOfData): null

02-12-2024T07:03:56 - [TEST_STEP][PASSED] - if (typeOfData == "План"): null

02-12-2024T07:03:56 - [TEST_STEP][PASSED] - else if (typeOfData == "Факт"): null

02-12-2024T07:03:56 - [TEST_STEP][PASSED] - else if (vidget.contains("электроэнергии") == true): null

02-12-2024T07:03:56 - [TEST_STEP][PASSED] - if (tabR == null): null

02-12-2024T07:03:56 - [TEST_STEP][PASSED] - else: null

02-12-2024T07:03:56 - [TEST_STEP][PASSED] - if (tabR == "нет данных"): null

02-12-2024T07:03:56 - [TEST_STEP][PASSED] - setValueToCellByIndex(sheet01, n, 4, "нет данных"): null

02-12-2024T07:03:56 - [TEST_STEP][PASSED] - if (tabB == null): null

02-12-2024T07:03:56 - [TEST_STEP][PASSED] - else: null

02-12-2024T07:03:56 - [TEST_STEP][PASSED] - if (tabB == "нет данных"): null

02-12-2024T07:03:56 - [TEST_STEP][PASSED] - else: null

02-12-2024T07:03:56 - [TEST_STEP][PASSED] - TB = tabB.toInteger(): null

02-12-2024T07:03:56 - [TEST_STEP][PASSED] - setValueToCellByIndex(sheet01, n, 5, TB): null

02-12-2024T07:03:56 - [TEST_STEP][PASSED] - setValueToCellByIndex(sheet01, n, 6, m): null

02-12-2024T07:03:56 - [TEST_STEP][PASSED] - setValueToCellByIndex(sheet01, n, 7, y): null

02-12-2024T07:03:56 - [TEST_STEP][PASSED] - setValueToCellByIndex(sheet01, n, 8, todaysDate): null

02-12-2024T07:03:56 - [TEST_STEP][PASSED] - n = n + 1: null

02-12-2024T07:03:56 - [TEST_STEP][PASSED] - saveWorkbook(excelFilePath, workbook01): null

02-12-2024T07:03:56 - [TEST_STEP][PASSED] - typeOfData = "План Отпуск из сети": null

02-12-2024T07:03:56 - [TEST_STEP][PASSED] - tabR = GetOiSPlanR(x = a): null

02-12-2024T07:03:56 - [TEST_STEP][PASSED] - i1 = <not implemented yet for class: org.codehaus.groovy.ast.expr.EmptyExpression>: null

02-12-2024T07:03:56 - [TEST_STEP][PASSED] - ii = <not implemented yet for class: org.codehaus.groovy.ast.expr.EmptyExpression>: null

02-12-2024T07:03:56 - [TEST_STEP][PASSED] - for ([ii = 1, ii < 8, (ii++)]): null

02-12-2024T07:03:56 - [TEST_STEP][PASSED] - i1 = x.indexOf("/") + 1: null

02-12-2024T07:03:56 - [TEST_STEP][PASSED] - if (i1 > -1): null

02-12-2024T07:03:56 - [TEST_STEP][PASSED] - x = x.substring(i1, x.length()): null

02-12-2024T07:03:56 - [TEST_STEP][PASSED] - println(x): null

02-12-2024T07:03:56 - [TEST_STEP][PASSED] - i1 = x.indexOf("/") + 1: null

02-12-2024T07:03:56 - [TEST_STEP][PASSED] - if (i1 > -1): null

02-12-2024T07:03:56 - [TEST_STEP][PASSED] - x = x.substring(i1, x.length()): null

02-12-2024T07:03:56 - [TEST_STEP][PASSED] - println(x): null

02-12-2024T07:03:56 - [TEST_STEP][PASSED] - i1 = x.indexOf("/") + 1: null

02-12-2024T07:03:56 - [TEST_STEP][PASSED] - if (i1 > -1): null

02-12-2024T07:03:56 - [TEST_STEP][PASSED] - x = x.substring(i1, x.length()): null

02-12-2024T07:03:56 - [TEST_STEP][PASSED] - println(x): null

02-12-2024T07:03:56 - [TEST_STEP][PASSED] - i1 = x.indexOf("/") + 1: null

02-12-2024T07:03:56 - [TEST_STEP][PASSED] - if (i1 > -1): null

02-12-2024T07:03:56 - [TEST_STEP][PASSED] - x = x.substring(i1, x.length()): null

02-12-2024T07:03:56 - [TEST_STEP][PASSED] - println(x): null

02-12-2024T07:03:56 - [TEST_STEP][PASSED] - i1 = x.indexOf("/") + 1: null

02-12-2024T07:03:56 - [TEST_STEP][PASSED] - if (i1 > -1): null

02-12-2024T07:03:56 - [TEST_STEP][PASSED] - x = x.substring(i1, x.length()): null

02-12-2024T07:03:56 - [TEST_STEP][PASSED] - println(x): null

02-12-2024T07:03:56 - [TEST_STEP][PASSED] - i1 = x.indexOf("/") + 1: null

02-12-2024T07:03:56 - [TEST_STEP][PASSED] - if (i1 > -1): null

02-12-2024T07:03:56 - [TEST_STEP][PASSED] - x = x.substring(i1, x.length()): null

02-12-2024T07:03:56 - [TEST_STEP][PASSED] - println(x): null

02-12-2024T07:03:56 - [TEST_STEP][PASSED] - i1 = x.indexOf("/") + 1: null

02-12-2024T07:03:56 - [TEST_STEP][PASSED] - if (i1 > -1): null

02-12-2024T07:03:56 - [TEST_STEP][PASSED] - x = x.substring(i1, x.length()): null

02-12-2024T07:03:56 - [TEST_STEP][PASSED] - println(x): null

02-12-2024T07:03:56 - [TEST_STEP][PASSED] - i1 = x.indexOf("/"): null

02-12-2024T07:03:56 - [TEST_STEP][PASSED] - if (i1 > -1): null

02-12-2024T07:03:56 - [TEST_STEP][PASSED] - x = x.substring(0, i1): null

02-12-2024T07:03:56 - [TEST_STEP][PASSED] - println(x): null

02-12-2024T07:03:56 - [TEST_STEP][PASSED] - return x: null

02-12-2024T07:03:56 - [TEST_STEP][PASSED] - tabB = GetOiSPlanB(x = b): null

02-12-2024T07:03:56 - [TEST_STEP][PASSED] - i1 = <not implemented yet for class: org.codehaus.groovy.ast.expr.EmptyExpression>: null

02-12-2024T07:03:56 - [TEST_STEP][PASSED] - ii = <not implemented yet for class: org.codehaus.groovy.ast.expr.EmptyExpression>: null

02-12-2024T07:03:56 - [TEST_STEP][PASSED] - for ([ii = 1, ii < 8, (ii++)]): null

02-12-2024T07:03:56 - [TEST_STEP][PASSED] - i1 = x.indexOf("/") + 1: null

02-12-2024T07:03:56 - [TEST_STEP][PASSED] - if (i1 > -1): null

02-12-2024T07:03:56 - [TEST_STEP][PASSED] - x = x.substring(i1, x.length()): null

02-12-2024T07:03:56 - [TEST_STEP][PASSED] - println(x): null

02-12-2024T07:03:56 - [TEST_STEP][PASSED] - i1 = x.indexOf("/") + 1: null

02-12-2024T07:03:56 - [TEST_STEP][PASSED] - if (i1 > -1): null

02-12-2024T07:03:56 - [TEST_STEP][PASSED] - x = x.substring(i1, x.length()): null

02-12-2024T07:03:56 - [TEST_STEP][PASSED] - println(x): null

02-12-2024T07:03:56 - [TEST_STEP][PASSED] - i1 = x.indexOf("/") + 1: null

02-12-2024T07:03:56 - [TEST_STEP][PASSED] - if (i1 > -1): null

02-12-2024T07:03:56 - [TEST_STEP][PASSED] - x = x.substring(i1, x.length()): null

02-12-2024T07:03:56 - [TEST_STEP][PASSED] - println(x): null

02-12-2024T07:03:56 - [TEST_STEP][PASSED] - i1 = x.indexOf("/") + 1: null

02-12-2024T07:03:56 - [TEST_STEP][PASSED] - if (i1 > -1): null

02-12-2024T07:03:56 - [TEST_STEP][PASSED] - x = x.substring(i1, x.length()): null

02-12-2024T07:03:56 - [TEST_STEP][PASSED] - println(x): null

02-12-2024T07:03:56 - [TEST_STEP][PASSED] - i1 = x.indexOf("/") + 1: null

02-12-2024T07:03:56 - [TEST_STEP][PASSED] - if (i1 > -1): null

02-12-2024T07:03:56 - [TEST_STEP][PASSED] - x = x.substring(i1, x.length()): null

02-12-2024T07:03:56 - [TEST_STEP][PASSED] - println(x): null

02-12-2024T07:03:56 - [TEST_STEP][PASSED] - i1 = x.indexOf("/") + 1: null

02-12-2024T07:03:56 - [TEST_STEP][PASSED] - if (i1 > -1): null

02-12-2024T07:03:56 - [TEST_STEP][PASSED] - x = x.substring(i1, x.length()): null

02-12-2024T07:03:56 - [TEST_STEP][PASSED] - println(x): null

02-12-2024T07:03:56 - [TEST_STEP][PASSED] - i1 = x.indexOf("/") + 1: null

02-12-2024T07:03:56 - [TEST_STEP][PASSED] - if (i1 > -1): null

02-12-2024T07:03:56 - [TEST_STEP][PASSED] - x = x.substring(i1, x.length()): null

02-12-2024T07:03:56 - [TEST_STEP][PASSED] - println(x): null

02-12-2024T07:03:56 - [TEST_STEP][PASSED] - i1 = x.indexOf("/"): null

02-12-2024T07:03:56 - [TEST_STEP][PASSED] - if (i1 > -1): null

02-12-2024T07:03:56 - [TEST_STEP][PASSED] - x = x.substring(0, i1): null

02-12-2024T07:03:56 - [TEST_STEP][PASSED] - println(x): null

02-12-2024T07:03:56 - [TEST_STEP][FAILED] - return x: null

02-12-2024T07:03:56 - [TEST_STEP][PASSED] - println(tabR + "/" + tabB): null

02-12-2024T07:03:56 - [TEST_STEP][FAILED] - if (verifyEqual(PercFactR, PercFactB) == false): null

02-12-2024T07:03:56 - [MESSAGE][FAILED] - Unable to verify equal between actual object 'нет данных' and expected object '8.68' (Root cause: com.kms.katalon.core.exception.StepFailedException: Actual object 'нет данных' and expected object '8.68' are not equal
	at com.kms.katalon.core.keyword.builtin.VerifyEqualKeyword$_verifyEqual_closure1.doCall(VerifyEqualKeyword.groovy:58)
	at com.kms.katalon.core.keyword.builtin.VerifyEqualKeyword$_verifyEqual_closure1.call(VerifyEqualKeyword.groovy)
	at com.kms.katalon.core.keyword.internal.KeywordMain.runKeyword(KeywordMain.groovy:75)
	at com.kms.katalon.core.keyword.builtin.VerifyEqualKeyword.verifyEqual(VerifyEqualKeyword.groovy:63)
	at com.kms.katalon.core.keyword.builtin.VerifyEqualKeyword.execute(VerifyEqualKeyword.groovy:44)
	at com.kms.katalon.core.keyword.internal.KeywordExecutor.executeKeywordForPlatform(KeywordExecutor.groovy:74)
	at com.kms.katalon.core.keyword.BuiltinKeywords.verifyEqual(BuiltinKeywords.groovy:146)
	at jdk.internal.reflect.GeneratedMethodAccessor25.invoke(Unknown Source)
	at java.base/jdk.internal.reflect.DelegatingMethodAccessorImpl.invoke(DelegatingMethodAccessorImpl.java:43)
	at Выполнение бизнес-плана сверка дашбордов.CompareDZOData(Выполнение бизнес-плана сверка дашбордов:758)
	at Выполнение бизнес-плана сверка дашбордов.run(Выполнение бизнес-плана сверка дашбордов:603)
	at com.kms.katalon.core.main.ScriptEngine.run(ScriptEngine.java:194)
	at com.kms.katalon.core.main.ScriptEngine.runScriptAsRawText(ScriptEngine.java:119)
	at com.kms.katalon.core.main.TestCaseExecutor.runScript(TestCaseExecutor.java:448)
	at com.kms.katalon.core.main.TestCaseExecutor.doExecute(TestCaseExecutor.java:439)
	at com.kms.katalon.core.main.TestCaseExecutor.processExecutionPhase(TestCaseExecutor.java:418)
	at com.kms.katalon.core.main.TestCaseExecutor.accessMainPhase(TestCaseExecutor.java:410)
	at com.kms.katalon.core.main.TestCaseExecutor.execute(TestCaseExecutor.java:285)
	at com.kms.katalon.core.common.CommonExecutor.accessTestCaseMainPhase(CommonExecutor.java:65)
	at com.kms.katalon.core.main.TestSuiteExecutor.accessTestSuiteMainPhase(TestSuiteExecutor.java:150)
	at com.kms.katalon.core.main.TestSuiteExecutor.execute(TestSuiteExecutor.java:106)
	at com.kms.katalon.core.main.TestCaseMain.startTestSuite(TestCaseMain.java:180)
	at TempTestSuite1733111659562.run(TempTestSuite1733111659562.groovy:35)
	at java.base/jdk.internal.reflect.NativeMethodAccessorImpl.invoke0(Native Method)
	at java.base/jdk.internal.reflect.NativeMethodAccessorImpl.invoke(NativeMethodAccessorImpl.java:77)
	at java.base/jdk.internal.reflect.DelegatingMethodAccessorImpl.invoke(DelegatingMethodAccessorImpl.java:43)
)

02-12-2024T07:03:56 - [TEST_STEP][PASSED] - result = WriteToExcel(typeOfData, todaysDate, PercPlanR, PercPlanB, PercFactR, PercFactB, x, tabR, tabB, o1R, o1B, vidget): null

02-12-2024T07:03:56 - [TEST_STEP][PASSED] - iii = dZO.indexOf("/"): null

02-12-2024T07:03:56 - [TEST_STEP][PASSED] - println(iii): null

02-12-2024T07:03:56 - [TEST_STEP][PASSED] - dZO = dZO.substring(0, iii): null

02-12-2024T07:03:56 - [TEST_STEP][PASSED] - println(dZO): null

02-12-2024T07:03:56 - [TEST_STEP][PASSED] - println(PercPlanR): null

02-12-2024T07:03:56 - [TEST_STEP][PASSED] - println(PercPlanB): null

02-12-2024T07:03:56 - [TEST_STEP][PASSED] - println(PercFactR): null

02-12-2024T07:03:56 - [TEST_STEP][PASSED] - println(PercFactB): null

02-12-2024T07:03:56 - [TEST_STEP][PASSED] - println(tabR): null

02-12-2024T07:03:56 - [TEST_STEP][PASSED] - println(tabB): null

02-12-2024T07:03:56 - [TEST_STEP][PASSED] - println(o1R): null

02-12-2024T07:03:56 - [TEST_STEP][PASSED] - println(o1B): null

02-12-2024T07:03:56 - [TEST_STEP][PASSED] - PR = <not implemented yet for class: org.codehaus.groovy.ast.expr.EmptyExpression>: null

02-12-2024T07:03:56 - [TEST_STEP][PASSED] - FR = <not implemented yet for class: org.codehaus.groovy.ast.expr.EmptyExpression>: null

02-12-2024T07:03:56 - [TEST_STEP][PASSED] - PB = <not implemented yet for class: org.codehaus.groovy.ast.expr.EmptyExpression>: null

02-12-2024T07:03:56 - [TEST_STEP][PASSED] - FB = <not implemented yet for class: org.codehaus.groovy.ast.expr.EmptyExpression>: null

02-12-2024T07:03:56 - [TEST_STEP][PASSED] - TR = <not implemented yet for class: org.codehaus.groovy.ast.expr.EmptyExpression>: null

02-12-2024T07:03:56 - [TEST_STEP][PASSED] - TB = <not implemented yet for class: org.codehaus.groovy.ast.expr.EmptyExpression>: null

02-12-2024T07:03:56 - [TEST_STEP][PASSED] - sheetName = "Sheet1": null

02-12-2024T07:03:56 - [TEST_STEP][PASSED] - data = findTestData("PlanFact"): null

02-12-2024T07:03:56 - [TEST_STEP][PASSED] - n = data.getRowNumbers() + 1: null

02-12-2024T07:03:56 - [TEST_STEP][PASSED] - year = todaysDate.substring(todaysDate.length() - 4, todaysDate.length()): null

02-12-2024T07:03:56 - [TEST_STEP][PASSED] - y = year.toInteger(): null

02-12-2024T07:03:56 - [TEST_STEP][PASSED] - m = getText(findTestObject("Выполнение бизнес-плана/Выполнение бизнес-плана Балансы/Фильтр Дата")): Text of object 'Object Repository/Выполнение бизнес-плана/Выполнение бизнес-плана Балансы/Фильтр Дата' is: '1, 2, 3 кв., Октябрь 2024 года'

02-12-2024T07:03:56 - [MESSAGE][PASSED] - Text of object 'Object Repository/Выполнение бизнес-плана/Выполнение бизнес-плана Балансы/Фильтр Дата' is: '1, 2, 3 кв., Октябрь 2024 года'

02-12-2024T07:03:56 - [TEST_STEP][PASSED] - m = m.substring(0, m.indexOf("2024")): null

02-12-2024T07:03:56 - [TEST_STEP][PASSED] - m = m.trim(): null

02-12-2024T07:03:56 - [TEST_STEP][PASSED] - dashboardName = "Выполнение бизнес-плана": null

02-12-2024T07:03:56 - [TEST_STEP][PASSED] - workbook01 = getWorkbook(excelFilePath): null

02-12-2024T07:03:56 - [TEST_STEP][PASSED] - sheet01 = getExcelSheet(workbook01, sheetName): null

02-12-2024T07:03:56 - [TEST_STEP][PASSED] - setValueToCellByIndex(sheet01, n, 0, dashboardName): null

02-12-2024T07:03:56 - [TEST_STEP][PASSED] - setValueToCellByIndex(sheet01, n, 1, dZO): null

02-12-2024T07:03:56 - [TEST_STEP][PASSED] - setValueToCellByIndex(sheet01, n, 2, typeOfData): null

02-12-2024T07:03:56 - [TEST_STEP][PASSED] - setValueToCellByIndex(sheet01, n, 3, typeOfData): null

02-12-2024T07:03:56 - [TEST_STEP][PASSED] - if (typeOfData == "План"): null

02-12-2024T07:03:56 - [TEST_STEP][PASSED] - else if (typeOfData == "Факт"): null

02-12-2024T07:03:56 - [TEST_STEP][PASSED] - else if (vidget.contains("электроэнергии") == true): null

02-12-2024T07:03:56 - [TEST_STEP][PASSED] - if (tabR == null): null

02-12-2024T07:03:56 - [TEST_STEP][PASSED] - else: null

02-12-2024T07:03:56 - [TEST_STEP][PASSED] - if (tabR == "нет данных"): null

02-12-2024T07:03:56 - [TEST_STEP][PASSED] - setValueToCellByIndex(sheet01, n, 4, "нет данных"): null

02-12-2024T07:03:56 - [TEST_STEP][PASSED] - if (tabB == null): null

02-12-2024T07:03:56 - [TEST_STEP][PASSED] - else: null

02-12-2024T07:03:56 - [TEST_STEP][PASSED] - if (tabB == "нет данных"): null

02-12-2024T07:03:56 - [TEST_STEP][PASSED] - else: null

02-12-2024T07:03:56 - [TEST_STEP][PASSED] - TB = tabB.toInteger(): null

02-12-2024T07:03:56 - [TEST_STEP][PASSED] - setValueToCellByIndex(sheet01, n, 5, TB): null

02-12-2024T07:03:56 - [TEST_STEP][PASSED] - setValueToCellByIndex(sheet01, n, 6, m): null

02-12-2024T07:03:56 - [TEST_STEP][PASSED] - setValueToCellByIndex(sheet01, n, 7, y): null

02-12-2024T07:03:56 - [TEST_STEP][PASSED] - setValueToCellByIndex(sheet01, n, 8, todaysDate): null

02-12-2024T07:03:56 - [TEST_STEP][PASSED] - n = n + 1: null

02-12-2024T07:03:56 - [TEST_STEP][PASSED] - saveWorkbook(excelFilePath, workbook01): null

02-12-2024T07:03:57 - [TEST_STEP][PASSED] - typeOfData = "План Потери": null

02-12-2024T07:03:57 - [TEST_STEP][PASSED] - tabR = GetPPlanR(x = a): null

02-12-2024T07:03:57 - [TEST_STEP][PASSED] - i1 = <not implemented yet for class: org.codehaus.groovy.ast.expr.EmptyExpression>: null

02-12-2024T07:03:57 - [TEST_STEP][PASSED] - ii = <not implemented yet for class: org.codehaus.groovy.ast.expr.EmptyExpression>: null

02-12-2024T07:03:57 - [TEST_STEP][PASSED] - for ([ii = 1, ii < 9, (ii++)]): null

02-12-2024T07:03:57 - [TEST_STEP][PASSED] - i1 = x.indexOf("/") + 1: null

02-12-2024T07:03:57 - [TEST_STEP][PASSED] - if (i1 > -1): null

02-12-2024T07:03:57 - [TEST_STEP][PASSED] - x = x.substring(i1, x.length()): null

02-12-2024T07:03:57 - [TEST_STEP][PASSED] - println(x): null

02-12-2024T07:03:57 - [TEST_STEP][PASSED] - i1 = x.indexOf("/") + 1: null

02-12-2024T07:03:57 - [TEST_STEP][PASSED] - if (i1 > -1): null

02-12-2024T07:03:57 - [TEST_STEP][PASSED] - x = x.substring(i1, x.length()): null

02-12-2024T07:03:57 - [TEST_STEP][PASSED] - println(x): null

02-12-2024T07:03:57 - [TEST_STEP][PASSED] - i1 = x.indexOf("/") + 1: null

02-12-2024T07:03:57 - [TEST_STEP][PASSED] - if (i1 > -1): null

02-12-2024T07:03:57 - [TEST_STEP][PASSED] - x = x.substring(i1, x.length()): null

02-12-2024T07:03:57 - [TEST_STEP][PASSED] - println(x): null

02-12-2024T07:03:57 - [TEST_STEP][PASSED] - i1 = x.indexOf("/") + 1: null

02-12-2024T07:03:57 - [TEST_STEP][PASSED] - if (i1 > -1): null

02-12-2024T07:03:57 - [TEST_STEP][PASSED] - x = x.substring(i1, x.length()): null

02-12-2024T07:03:57 - [TEST_STEP][PASSED] - println(x): null

02-12-2024T07:03:57 - [TEST_STEP][PASSED] - i1 = x.indexOf("/") + 1: null

02-12-2024T07:03:57 - [TEST_STEP][PASSED] - if (i1 > -1): null

02-12-2024T07:03:57 - [TEST_STEP][PASSED] - x = x.substring(i1, x.length()): null

02-12-2024T07:03:57 - [TEST_STEP][PASSED] - println(x): null

02-12-2024T07:03:57 - [TEST_STEP][PASSED] - i1 = x.indexOf("/") + 1: null

02-12-2024T07:03:57 - [TEST_STEP][PASSED] - if (i1 > -1): null

02-12-2024T07:03:57 - [TEST_STEP][PASSED] - x = x.substring(i1, x.length()): null

02-12-2024T07:03:57 - [TEST_STEP][PASSED] - println(x): null

02-12-2024T07:03:57 - [TEST_STEP][PASSED] - i1 = x.indexOf("/") + 1: null

02-12-2024T07:03:57 - [TEST_STEP][PASSED] - if (i1 > -1): null

02-12-2024T07:03:57 - [TEST_STEP][PASSED] - x = x.substring(i1, x.length()): null

02-12-2024T07:03:57 - [TEST_STEP][PASSED] - println(x): null

02-12-2024T07:03:57 - [TEST_STEP][PASSED] - i1 = x.indexOf("/") + 1: null

02-12-2024T07:03:57 - [TEST_STEP][PASSED] - if (i1 > -1): null

02-12-2024T07:03:57 - [TEST_STEP][PASSED] - x = x.substring(i1, x.length()): null

02-12-2024T07:03:57 - [TEST_STEP][PASSED] - println(x): null

02-12-2024T07:03:57 - [TEST_STEP][PASSED] - i1 = x.indexOf("/"): null

02-12-2024T07:03:57 - [TEST_STEP][PASSED] - if (i1 > -1): null

02-12-2024T07:03:57 - [TEST_STEP][PASSED] - x = x.substring(0, i1): null

02-12-2024T07:03:57 - [TEST_STEP][PASSED] - println(x): null

02-12-2024T07:03:57 - [TEST_STEP][PASSED] - return x: null

02-12-2024T07:03:57 - [TEST_STEP][PASSED] - tabB = GetPPlanB(x = b): null

02-12-2024T07:03:57 - [TEST_STEP][PASSED] - i1 = <not implemented yet for class: org.codehaus.groovy.ast.expr.EmptyExpression>: null

02-12-2024T07:03:57 - [TEST_STEP][PASSED] - ii = <not implemented yet for class: org.codehaus.groovy.ast.expr.EmptyExpression>: null

02-12-2024T07:03:57 - [TEST_STEP][PASSED] - for ([ii = 1, ii < 9, (ii++)]): null

02-12-2024T07:03:57 - [TEST_STEP][PASSED] - i1 = x.indexOf("/") + 1: null

02-12-2024T07:03:57 - [TEST_STEP][PASSED] - if (i1 > -1): null

02-12-2024T07:03:57 - [TEST_STEP][PASSED] - x = x.substring(i1, x.length()): null

02-12-2024T07:03:57 - [TEST_STEP][PASSED] - println(x): null

02-12-2024T07:03:57 - [TEST_STEP][PASSED] - i1 = x.indexOf("/") + 1: null

02-12-2024T07:03:57 - [TEST_STEP][PASSED] - if (i1 > -1): null

02-12-2024T07:03:57 - [TEST_STEP][PASSED] - x = x.substring(i1, x.length()): null

02-12-2024T07:03:57 - [TEST_STEP][PASSED] - println(x): null

02-12-2024T07:03:57 - [TEST_STEP][PASSED] - i1 = x.indexOf("/") + 1: null

02-12-2024T07:03:57 - [TEST_STEP][PASSED] - if (i1 > -1): null

02-12-2024T07:03:57 - [TEST_STEP][PASSED] - x = x.substring(i1, x.length()): null

02-12-2024T07:03:57 - [TEST_STEP][PASSED] - println(x): null

02-12-2024T07:03:57 - [TEST_STEP][PASSED] - i1 = x.indexOf("/") + 1: null

02-12-2024T07:03:57 - [TEST_STEP][PASSED] - if (i1 > -1): null

02-12-2024T07:03:57 - [TEST_STEP][PASSED] - x = x.substring(i1, x.length()): null

02-12-2024T07:03:57 - [TEST_STEP][PASSED] - println(x): null

02-12-2024T07:03:57 - [TEST_STEP][PASSED] - i1 = x.indexOf("/") + 1: null

02-12-2024T07:03:57 - [TEST_STEP][PASSED] - if (i1 > -1): null

02-12-2024T07:03:57 - [TEST_STEP][PASSED] - x = x.substring(i1, x.length()): null

02-12-2024T07:03:57 - [TEST_STEP][PASSED] - println(x): null

02-12-2024T07:03:57 - [TEST_STEP][PASSED] - i1 = x.indexOf("/") + 1: null

02-12-2024T07:03:57 - [TEST_STEP][PASSED] - if (i1 > -1): null

02-12-2024T07:03:57 - [TEST_STEP][PASSED] - x = x.substring(i1, x.length()): null

02-12-2024T07:03:57 - [TEST_STEP][PASSED] - println(x): null

02-12-2024T07:03:57 - [TEST_STEP][PASSED] - i1 = x.indexOf("/") + 1: null

02-12-2024T07:03:57 - [TEST_STEP][PASSED] - if (i1 > -1): null

02-12-2024T07:03:57 - [TEST_STEP][PASSED] - x = x.substring(i1, x.length()): null

02-12-2024T07:03:57 - [TEST_STEP][PASSED] - println(x): null

02-12-2024T07:03:57 - [TEST_STEP][PASSED] - i1 = x.indexOf("/") + 1: null

02-12-2024T07:03:57 - [TEST_STEP][PASSED] - if (i1 > -1): null

02-12-2024T07:03:57 - [TEST_STEP][PASSED] - x = x.substring(i1, x.length()): null

02-12-2024T07:03:57 - [TEST_STEP][PASSED] - println(x): null

02-12-2024T07:03:57 - [TEST_STEP][PASSED] - i1 = x.indexOf("/"): null

02-12-2024T07:03:57 - [TEST_STEP][PASSED] - if (i1 > -1): null

02-12-2024T07:03:57 - [TEST_STEP][PASSED] - x = x.substring(0, i1): null

02-12-2024T07:03:57 - [TEST_STEP][PASSED] - println(x): null

02-12-2024T07:03:57 - [TEST_STEP][FAILED] - return x: null

02-12-2024T07:03:57 - [TEST_STEP][PASSED] - println(tabR + "/" + tabB): null

02-12-2024T07:03:57 - [TEST_STEP][FAILED] - if (verifyEqual(PercFactR, PercFactB) == false): null

02-12-2024T07:03:57 - [MESSAGE][FAILED] - Unable to verify equal between actual object 'нет данных' and expected object '8.68' (Root cause: com.kms.katalon.core.exception.StepFailedException: Actual object 'нет данных' and expected object '8.68' are not equal
	at com.kms.katalon.core.keyword.builtin.VerifyEqualKeyword$_verifyEqual_closure1.doCall(VerifyEqualKeyword.groovy:58)
	at com.kms.katalon.core.keyword.builtin.VerifyEqualKeyword$_verifyEqual_closure1.call(VerifyEqualKeyword.groovy)
	at com.kms.katalon.core.keyword.internal.KeywordMain.runKeyword(KeywordMain.groovy:75)
	at com.kms.katalon.core.keyword.builtin.VerifyEqualKeyword.verifyEqual(VerifyEqualKeyword.groovy:63)
	at com.kms.katalon.core.keyword.builtin.VerifyEqualKeyword.execute(VerifyEqualKeyword.groovy:44)
	at com.kms.katalon.core.keyword.internal.KeywordExecutor.executeKeywordForPlatform(KeywordExecutor.groovy:74)
	at com.kms.katalon.core.keyword.BuiltinKeywords.verifyEqual(BuiltinKeywords.groovy:146)
	at jdk.internal.reflect.GeneratedMethodAccessor25.invoke(Unknown Source)
	at java.base/jdk.internal.reflect.DelegatingMethodAccessorImpl.invoke(DelegatingMethodAccessorImpl.java:43)
	at Выполнение бизнес-плана сверка дашбордов.CompareDZOData(Выполнение бизнес-плана сверка дашбордов:771)
	at Выполнение бизнес-плана сверка дашбордов.run(Выполнение бизнес-плана сверка дашбордов:603)
	at com.kms.katalon.core.main.ScriptEngine.run(ScriptEngine.java:194)
	at com.kms.katalon.core.main.ScriptEngine.runScriptAsRawText(ScriptEngine.java:119)
	at com.kms.katalon.core.main.TestCaseExecutor.runScript(TestCaseExecutor.java:448)
	at com.kms.katalon.core.main.TestCaseExecutor.doExecute(TestCaseExecutor.java:439)
	at com.kms.katalon.core.main.TestCaseExecutor.processExecutionPhase(TestCaseExecutor.java:418)
	at com.kms.katalon.core.main.TestCaseExecutor.accessMainPhase(TestCaseExecutor.java:410)
	at com.kms.katalon.core.main.TestCaseExecutor.execute(TestCaseExecutor.java:285)
	at com.kms.katalon.core.common.CommonExecutor.accessTestCaseMainPhase(CommonExecutor.java:65)
	at com.kms.katalon.core.main.TestSuiteExecutor.accessTestSuiteMainPhase(TestSuiteExecutor.java:150)
	at com.kms.katalon.core.main.TestSuiteExecutor.execute(TestSuiteExecutor.java:106)
	at com.kms.katalon.core.main.TestCaseMain.startTestSuite(TestCaseMain.java:180)
	at TempTestSuite1733111659562.run(TempTestSuite1733111659562.groovy:35)
	at java.base/jdk.internal.reflect.NativeMethodAccessorImpl.invoke0(Native Method)
	at java.base/jdk.internal.reflect.NativeMethodAccessorImpl.invoke(NativeMethodAccessorImpl.java:77)
	at java.base/jdk.internal.reflect.DelegatingMethodAccessorImpl.invoke(DelegatingMethodAccessorImpl.java:43)
)

02-12-2024T07:03:57 - [TEST_STEP][PASSED] - result = WriteToExcel(typeOfData, todaysDate, PercPlanR, PercPlanB, PercFactR, PercFactB, x, tabR, tabB, o1R, o1B, vidget): null

02-12-2024T07:03:57 - [TEST_STEP][PASSED] - iii = dZO.indexOf("/"): null

02-12-2024T07:03:57 - [TEST_STEP][PASSED] - println(iii): null

02-12-2024T07:03:57 - [TEST_STEP][PASSED] - dZO = dZO.substring(0, iii): null

02-12-2024T07:03:57 - [TEST_STEP][PASSED] - println(dZO): null

02-12-2024T07:03:57 - [TEST_STEP][PASSED] - println(PercPlanR): null

02-12-2024T07:03:57 - [TEST_STEP][PASSED] - println(PercPlanB): null

02-12-2024T07:03:57 - [TEST_STEP][PASSED] - println(PercFactR): null

02-12-2024T07:03:57 - [TEST_STEP][PASSED] - println(PercFactB): null

02-12-2024T07:03:57 - [TEST_STEP][PASSED] - println(tabR): null

02-12-2024T07:03:57 - [TEST_STEP][PASSED] - println(tabB): null

02-12-2024T07:03:57 - [TEST_STEP][PASSED] - println(o1R): null

02-12-2024T07:03:57 - [TEST_STEP][PASSED] - println(o1B): null

02-12-2024T07:03:57 - [TEST_STEP][PASSED] - PR = <not implemented yet for class: org.codehaus.groovy.ast.expr.EmptyExpression>: null

02-12-2024T07:03:57 - [TEST_STEP][PASSED] - FR = <not implemented yet for class: org.codehaus.groovy.ast.expr.EmptyExpression>: null

02-12-2024T07:03:57 - [TEST_STEP][PASSED] - PB = <not implemented yet for class: org.codehaus.groovy.ast.expr.EmptyExpression>: null

02-12-2024T07:03:57 - [TEST_STEP][PASSED] - FB = <not implemented yet for class: org.codehaus.groovy.ast.expr.EmptyExpression>: null

02-12-2024T07:03:57 - [TEST_STEP][PASSED] - TR = <not implemented yet for class: org.codehaus.groovy.ast.expr.EmptyExpression>: null

02-12-2024T07:03:57 - [TEST_STEP][PASSED] - TB = <not implemented yet for class: org.codehaus.groovy.ast.expr.EmptyExpression>: null

02-12-2024T07:03:57 - [TEST_STEP][PASSED] - sheetName = "Sheet1": null

02-12-2024T07:03:57 - [TEST_STEP][PASSED] - data = findTestData("PlanFact"): null

02-12-2024T07:03:57 - [TEST_STEP][PASSED] - n = data.getRowNumbers() + 1: null

02-12-2024T07:03:57 - [TEST_STEP][PASSED] - year = todaysDate.substring(todaysDate.length() - 4, todaysDate.length()): null

02-12-2024T07:03:57 - [TEST_STEP][PASSED] - y = year.toInteger(): null

02-12-2024T07:03:57 - [TEST_STEP][PASSED] - m = getText(findTestObject("Выполнение бизнес-плана/Выполнение бизнес-плана Балансы/Фильтр Дата")): Text of object 'Object Repository/Выполнение бизнес-плана/Выполнение бизнес-плана Балансы/Фильтр Дата' is: '1, 2, 3 кв., Октябрь 2024 года'

02-12-2024T07:03:57 - [MESSAGE][PASSED] - Text of object 'Object Repository/Выполнение бизнес-плана/Выполнение бизнес-плана Балансы/Фильтр Дата' is: '1, 2, 3 кв., Октябрь 2024 года'

02-12-2024T07:03:57 - [TEST_STEP][PASSED] - m = m.substring(0, m.indexOf("2024")): null

02-12-2024T07:03:57 - [TEST_STEP][PASSED] - m = m.trim(): null

02-12-2024T07:03:57 - [TEST_STEP][PASSED] - dashboardName = "Выполнение бизнес-плана": null

02-12-2024T07:03:57 - [TEST_STEP][PASSED] - workbook01 = getWorkbook(excelFilePath): null

02-12-2024T07:03:57 - [TEST_STEP][PASSED] - sheet01 = getExcelSheet(workbook01, sheetName): null

02-12-2024T07:03:57 - [TEST_STEP][PASSED] - setValueToCellByIndex(sheet01, n, 0, dashboardName): null

02-12-2024T07:03:57 - [TEST_STEP][PASSED] - setValueToCellByIndex(sheet01, n, 1, dZO): null

02-12-2024T07:03:57 - [TEST_STEP][PASSED] - setValueToCellByIndex(sheet01, n, 2, typeOfData): null

02-12-2024T07:03:57 - [TEST_STEP][PASSED] - setValueToCellByIndex(sheet01, n, 3, typeOfData): null

02-12-2024T07:03:57 - [TEST_STEP][PASSED] - if (typeOfData == "План"): null

02-12-2024T07:03:57 - [TEST_STEP][PASSED] - else if (typeOfData == "Факт"): null

02-12-2024T07:03:57 - [TEST_STEP][PASSED] - else if (vidget.contains("электроэнергии") == true): null

02-12-2024T07:03:57 - [TEST_STEP][PASSED] - if (tabR == null): null

02-12-2024T07:03:57 - [TEST_STEP][PASSED] - else: null

02-12-2024T07:03:57 - [TEST_STEP][PASSED] - if (tabR == "нет данных"): null

02-12-2024T07:03:57 - [TEST_STEP][PASSED] - setValueToCellByIndex(sheet01, n, 4, "нет данных"): null

02-12-2024T07:03:57 - [TEST_STEP][PASSED] - if (tabB == null): null

02-12-2024T07:03:57 - [TEST_STEP][PASSED] - else: null

02-12-2024T07:03:57 - [TEST_STEP][PASSED] - if (tabB == "нет данных"): null

02-12-2024T07:03:57 - [TEST_STEP][PASSED] - else: null

02-12-2024T07:03:57 - [TEST_STEP][PASSED] - TB = tabB.toInteger(): null

02-12-2024T07:03:57 - [TEST_STEP][PASSED] - setValueToCellByIndex(sheet01, n, 5, TB): null

02-12-2024T07:03:57 - [TEST_STEP][PASSED] - setValueToCellByIndex(sheet01, n, 6, m): null

02-12-2024T07:03:57 - [TEST_STEP][PASSED] - setValueToCellByIndex(sheet01, n, 7, y): null

02-12-2024T07:03:57 - [TEST_STEP][PASSED] - setValueToCellByIndex(sheet01, n, 8, todaysDate): null

02-12-2024T07:03:57 - [TEST_STEP][PASSED] - n = n + 1: null

02-12-2024T07:03:57 - [TEST_STEP][PASSED] - saveWorkbook(excelFilePath, workbook01): null

02-12-2024T07:03:57 - [TEST_STEP][PASSED] - ii2 = a.indexOf("ПАО"): null

02-12-2024T07:03:57 - [TEST_STEP][PASSED] - if (ii2 == -1): null

02-12-2024T07:03:57 - [TEST_STEP][PASSED] - vidget = "Отклонения фактического уровня потерь от бизнес-плана": null

02-12-2024T07:03:57 - [TEST_STEP][PASSED] - typeOfData = "Коэффициент": null

02-12-2024T07:03:57 - [TEST_STEP][PASSED] - o1R = Geto1R(x = a): null

02-12-2024T07:03:57 - [TEST_STEP][PASSED] - i1 = <not implemented yet for class: org.codehaus.groovy.ast.expr.EmptyExpression>: null

02-12-2024T07:03:57 - [TEST_STEP][PASSED] - ii = <not implemented yet for class: org.codehaus.groovy.ast.expr.EmptyExpression>: null

02-12-2024T07:03:57 - [TEST_STEP][PASSED] - for ([ii = 1, ii < 10, (ii++)]): null

02-12-2024T07:03:57 - [TEST_STEP][PASSED] - i1 = x.indexOf("/") + 1: null

02-12-2024T07:03:57 - [TEST_STEP][PASSED] - if (i1 > -1): null

02-12-2024T07:03:57 - [TEST_STEP][PASSED] - x = x.substring(i1, x.length()): null

02-12-2024T07:03:57 - [TEST_STEP][PASSED] - i1 = x.indexOf("/") + 1: null

02-12-2024T07:03:57 - [TEST_STEP][PASSED] - if (i1 > -1): null

02-12-2024T07:03:57 - [TEST_STEP][PASSED] - x = x.substring(i1, x.length()): null

02-12-2024T07:03:57 - [TEST_STEP][PASSED] - i1 = x.indexOf("/") + 1: null

02-12-2024T07:03:57 - [TEST_STEP][PASSED] - if (i1 > -1): null

02-12-2024T07:03:57 - [TEST_STEP][PASSED] - x = x.substring(i1, x.length()): null

02-12-2024T07:03:57 - [TEST_STEP][PASSED] - i1 = x.indexOf("/") + 1: null

02-12-2024T07:03:57 - [TEST_STEP][PASSED] - if (i1 > -1): null

02-12-2024T07:03:57 - [TEST_STEP][PASSED] - x = x.substring(i1, x.length()): null

02-12-2024T07:03:57 - [TEST_STEP][PASSED] - i1 = x.indexOf("/") + 1: null

02-12-2024T07:03:57 - [TEST_STEP][PASSED] - if (i1 > -1): null

02-12-2024T07:03:57 - [TEST_STEP][PASSED] - x = x.substring(i1, x.length()): null

02-12-2024T07:03:57 - [TEST_STEP][PASSED] - i1 = x.indexOf("/") + 1: null

02-12-2024T07:03:57 - [TEST_STEP][PASSED] - if (i1 > -1): null

02-12-2024T07:03:57 - [TEST_STEP][PASSED] - x = x.substring(i1, x.length()): null

02-12-2024T07:03:57 - [TEST_STEP][PASSED] - i1 = x.indexOf("/") + 1: null

02-12-2024T07:03:57 - [TEST_STEP][PASSED] - if (i1 > -1): null

02-12-2024T07:03:57 - [TEST_STEP][PASSED] - x = x.substring(i1, x.length()): null

02-12-2024T07:03:57 - [TEST_STEP][PASSED] - i1 = x.indexOf("/") + 1: null

02-12-2024T07:03:57 - [TEST_STEP][PASSED] - if (i1 > -1): null

02-12-2024T07:03:57 - [TEST_STEP][PASSED] - x = x.substring(i1, x.length()): null

02-12-2024T07:03:57 - [TEST_STEP][PASSED] - i1 = x.indexOf("/") + 1: null

02-12-2024T07:03:57 - [TEST_STEP][PASSED] - if (i1 > -1): null

02-12-2024T07:03:57 - [TEST_STEP][PASSED] - x = x.substring(i1, x.length()): null

02-12-2024T07:03:57 - [TEST_STEP][PASSED] - i1 = x.indexOf("/"): null

02-12-2024T07:03:57 - [TEST_STEP][PASSED] - if (i1 > -1): null

02-12-2024T07:03:57 - [TEST_STEP][PASSED] - println(x): null

02-12-2024T07:03:57 - [TEST_STEP][PASSED] - return x: null

02-12-2024T07:03:57 - [TEST_STEP][PASSED] - o1B = Geto1B(x = b): null

02-12-2024T07:03:57 - [TEST_STEP][PASSED] - i1 = <not implemented yet for class: org.codehaus.groovy.ast.expr.EmptyExpression>: null

02-12-2024T07:03:57 - [TEST_STEP][PASSED] - ii = <not implemented yet for class: org.codehaus.groovy.ast.expr.EmptyExpression>: null

02-12-2024T07:03:57 - [TEST_STEP][PASSED] - for ([ii = 1, ii < 10, (ii++)]): null

02-12-2024T07:03:57 - [TEST_STEP][PASSED] - i1 = x.indexOf("/") + 1: null

02-12-2024T07:03:57 - [TEST_STEP][PASSED] - if (i1 > -1): null

02-12-2024T07:03:57 - [TEST_STEP][PASSED] - x = x.substring(i1, x.length()): null

02-12-2024T07:03:57 - [TEST_STEP][PASSED] - i1 = x.indexOf("/") + 1: null

02-12-2024T07:03:57 - [TEST_STEP][PASSED] - if (i1 > -1): null

02-12-2024T07:03:57 - [TEST_STEP][PASSED] - x = x.substring(i1, x.length()): null

02-12-2024T07:03:57 - [TEST_STEP][PASSED] - i1 = x.indexOf("/") + 1: null

02-12-2024T07:03:57 - [TEST_STEP][PASSED] - if (i1 > -1): null

02-12-2024T07:03:57 - [TEST_STEP][PASSED] - x = x.substring(i1, x.length()): null

02-12-2024T07:03:57 - [TEST_STEP][PASSED] - i1 = x.indexOf("/") + 1: null

02-12-2024T07:03:57 - [TEST_STEP][PASSED] - if (i1 > -1): null

02-12-2024T07:03:57 - [TEST_STEP][PASSED] - x = x.substring(i1, x.length()): null

02-12-2024T07:03:57 - [TEST_STEP][PASSED] - i1 = x.indexOf("/") + 1: null

02-12-2024T07:03:57 - [TEST_STEP][PASSED] - if (i1 > -1): null

02-12-2024T07:03:57 - [TEST_STEP][PASSED] - x = x.substring(i1, x.length()): null

02-12-2024T07:03:57 - [TEST_STEP][PASSED] - i1 = x.indexOf("/") + 1: null

02-12-2024T07:03:57 - [TEST_STEP][PASSED] - if (i1 > -1): null

02-12-2024T07:03:57 - [TEST_STEP][PASSED] - x = x.substring(i1, x.length()): null

02-12-2024T07:03:57 - [TEST_STEP][PASSED] - i1 = x.indexOf("/") + 1: null

02-12-2024T07:03:57 - [TEST_STEP][PASSED] - if (i1 > -1): null

02-12-2024T07:03:57 - [TEST_STEP][PASSED] - x = x.substring(i1, x.length()): null

02-12-2024T07:03:57 - [TEST_STEP][PASSED] - i1 = x.indexOf("/") + 1: null

02-12-2024T07:03:57 - [TEST_STEP][PASSED] - if (i1 > -1): null

02-12-2024T07:03:57 - [TEST_STEP][PASSED] - x = x.substring(i1, x.length()): null

02-12-2024T07:03:57 - [TEST_STEP][PASSED] - i1 = x.indexOf("/") + 1: null

02-12-2024T07:03:57 - [TEST_STEP][PASSED] - if (i1 > -1): null

02-12-2024T07:03:57 - [TEST_STEP][PASSED] - x = x.substring(i1, x.length()): null

02-12-2024T07:03:57 - [TEST_STEP][PASSED] - i1 = x.indexOf("/"): null

02-12-2024T07:03:57 - [TEST_STEP][PASSED] - if (i1 > -1): null

02-12-2024T07:03:57 - [TEST_STEP][PASSED] - println(x): null

02-12-2024T07:03:57 - [TEST_STEP][FAILED] - return x: null

02-12-2024T07:03:57 - [TEST_STEP][PASSED] - println(o1R + "/" + o1B): null

02-12-2024T07:03:57 - [TEST_STEP][FAILED] - if (verifyEqual(PercFactR, PercFactB) == false): null

02-12-2024T07:03:57 - [MESSAGE][FAILED] - Unable to verify equal between actual object 'нет данных' and expected object '8.68' (Root cause: com.kms.katalon.core.exception.StepFailedException: Actual object 'нет данных' and expected object '8.68' are not equal
	at com.kms.katalon.core.keyword.builtin.VerifyEqualKeyword$_verifyEqual_closure1.doCall(VerifyEqualKeyword.groovy:58)
	at com.kms.katalon.core.keyword.builtin.VerifyEqualKeyword$_verifyEqual_closure1.call(VerifyEqualKeyword.groovy)
	at com.kms.katalon.core.keyword.internal.KeywordMain.runKeyword(KeywordMain.groovy:75)
	at com.kms.katalon.core.keyword.builtin.VerifyEqualKeyword.verifyEqual(VerifyEqualKeyword.groovy:63)
	at com.kms.katalon.core.keyword.builtin.VerifyEqualKeyword.execute(VerifyEqualKeyword.groovy:44)
	at com.kms.katalon.core.keyword.internal.KeywordExecutor.executeKeywordForPlatform(KeywordExecutor.groovy:74)
	at com.kms.katalon.core.keyword.BuiltinKeywords.verifyEqual(BuiltinKeywords.groovy:146)
	at jdk.internal.reflect.GeneratedMethodAccessor25.invoke(Unknown Source)
	at java.base/jdk.internal.reflect.DelegatingMethodAccessorImpl.invoke(DelegatingMethodAccessorImpl.java:43)
	at Выполнение бизнес-плана сверка дашбордов.CompareDZOData(Выполнение бизнес-плана сверка дашбордов:789)
	at Выполнение бизнес-плана сверка дашбордов.run(Выполнение бизнес-плана сверка дашбордов:603)
	at com.kms.katalon.core.main.ScriptEngine.run(ScriptEngine.java:194)
	at com.kms.katalon.core.main.ScriptEngine.runScriptAsRawText(ScriptEngine.java:119)
	at com.kms.katalon.core.main.TestCaseExecutor.runScript(TestCaseExecutor.java:448)
	at com.kms.katalon.core.main.TestCaseExecutor.doExecute(TestCaseExecutor.java:439)
	at com.kms.katalon.core.main.TestCaseExecutor.processExecutionPhase(TestCaseExecutor.java:418)
	at com.kms.katalon.core.main.TestCaseExecutor.accessMainPhase(TestCaseExecutor.java:410)
	at com.kms.katalon.core.main.TestCaseExecutor.execute(TestCaseExecutor.java:285)
	at com.kms.katalon.core.common.CommonExecutor.accessTestCaseMainPhase(CommonExecutor.java:65)
	at com.kms.katalon.core.main.TestSuiteExecutor.accessTestSuiteMainPhase(TestSuiteExecutor.java:150)
	at com.kms.katalon.core.main.TestSuiteExecutor.execute(TestSuiteExecutor.java:106)
	at com.kms.katalon.core.main.TestCaseMain.startTestSuite(TestCaseMain.java:180)
	at TempTestSuite1733111659562.run(TempTestSuite1733111659562.groovy:35)
	at java.base/jdk.internal.reflect.NativeMethodAccessorImpl.invoke0(Native Method)
	at java.base/jdk.internal.reflect.NativeMethodAccessorImpl.invoke(NativeMethodAccessorImpl.java:77)
	at java.base/jdk.internal.reflect.DelegatingMethodAccessorImpl.invoke(DelegatingMethodAccessorImpl.java:43)
)

02-12-2024T07:03:57 - [TEST_STEP][PASSED] - result = WriteToExcel(typeOfData, todaysDate, PercPlanR, PercPlanB, PercFactR, PercFactB, x, tabR, tabB, o1R, o1B, vidget): null

02-12-2024T07:03:57 - [TEST_STEP][PASSED] - iii = dZO.indexOf("/"): null

02-12-2024T07:03:57 - [TEST_STEP][PASSED] - println(iii): null

02-12-2024T07:03:57 - [TEST_STEP][PASSED] - dZO = dZO.substring(0, iii): null

02-12-2024T07:03:57 - [TEST_STEP][PASSED] - println(dZO): null

02-12-2024T07:03:57 - [TEST_STEP][PASSED] - println(PercPlanR): null

02-12-2024T07:03:57 - [TEST_STEP][PASSED] - println(PercPlanB): null

02-12-2024T07:03:57 - [TEST_STEP][PASSED] - println(PercFactR): null

02-12-2024T07:03:57 - [TEST_STEP][PASSED] - println(PercFactB): null

02-12-2024T07:03:57 - [TEST_STEP][PASSED] - println(tabR): null

02-12-2024T07:03:57 - [TEST_STEP][PASSED] - println(tabB): null

02-12-2024T07:03:57 - [TEST_STEP][PASSED] - println(o1R): null

02-12-2024T07:03:57 - [TEST_STEP][PASSED] - println(o1B): null

02-12-2024T07:03:57 - [TEST_STEP][PASSED] - PR = <not implemented yet for class: org.codehaus.groovy.ast.expr.EmptyExpression>: null

02-12-2024T07:03:57 - [TEST_STEP][PASSED] - FR = <not implemented yet for class: org.codehaus.groovy.ast.expr.EmptyExpression>: null

02-12-2024T07:03:57 - [TEST_STEP][PASSED] - PB = <not implemented yet for class: org.codehaus.groovy.ast.expr.EmptyExpression>: null

02-12-2024T07:03:57 - [TEST_STEP][PASSED] - FB = <not implemented yet for class: org.codehaus.groovy.ast.expr.EmptyExpression>: null

02-12-2024T07:03:57 - [TEST_STEP][PASSED] - TR = <not implemented yet for class: org.codehaus.groovy.ast.expr.EmptyExpression>: null

02-12-2024T07:03:57 - [TEST_STEP][PASSED] - TB = <not implemented yet for class: org.codehaus.groovy.ast.expr.EmptyExpression>: null

02-12-2024T07:03:57 - [TEST_STEP][PASSED] - sheetName = "Sheet1": null

02-12-2024T07:03:57 - [TEST_STEP][PASSED] - data = findTestData("PlanFact"): null

02-12-2024T07:03:57 - [TEST_STEP][PASSED] - n = data.getRowNumbers() + 1: null

02-12-2024T07:03:57 - [TEST_STEP][PASSED] - year = todaysDate.substring(todaysDate.length() - 4, todaysDate.length()): null

02-12-2024T07:03:57 - [TEST_STEP][PASSED] - y = year.toInteger(): null

02-12-2024T07:03:57 - [TEST_STEP][PASSED] - m = getText(findTestObject("Выполнение бизнес-плана/Выполнение бизнес-плана Балансы/Фильтр Дата")): Text of object 'Object Repository/Выполнение бизнес-плана/Выполнение бизнес-плана Балансы/Фильтр Дата' is: '1, 2, 3 кв., Октябрь 2024 года'

02-12-2024T07:03:58 - [MESSAGE][PASSED] - Text of object 'Object Repository/Выполнение бизнес-плана/Выполнение бизнес-плана Балансы/Фильтр Дата' is: '1, 2, 3 кв., Октябрь 2024 года'

02-12-2024T07:03:58 - [TEST_STEP][PASSED] - m = m.substring(0, m.indexOf("2024")): null

02-12-2024T07:03:58 - [TEST_STEP][PASSED] - m = m.trim(): null

02-12-2024T07:03:58 - [TEST_STEP][PASSED] - dashboardName = "Выполнение бизнес-плана": null

02-12-2024T07:03:58 - [TEST_STEP][PASSED] - workbook01 = getWorkbook(excelFilePath): null

02-12-2024T07:03:58 - [TEST_STEP][PASSED] - sheet01 = getExcelSheet(workbook01, sheetName): null

02-12-2024T07:03:58 - [TEST_STEP][PASSED] - setValueToCellByIndex(sheet01, n, 0, dashboardName): null

02-12-2024T07:03:58 - [TEST_STEP][PASSED] - setValueToCellByIndex(sheet01, n, 1, dZO): null

02-12-2024T07:03:58 - [TEST_STEP][PASSED] - setValueToCellByIndex(sheet01, n, 2, typeOfData): null

02-12-2024T07:03:58 - [TEST_STEP][PASSED] - setValueToCellByIndex(sheet01, n, 3, typeOfData): null

02-12-2024T07:03:58 - [TEST_STEP][PASSED] - if (typeOfData == "План"): null

02-12-2024T07:03:58 - [TEST_STEP][PASSED] - else if (typeOfData == "Факт"): null

02-12-2024T07:03:58 - [TEST_STEP][PASSED] - else if (vidget.contains("электроэнергии") == true): null

02-12-2024T07:03:58 - [TEST_STEP][PASSED] - else: null

02-12-2024T07:03:58 - [TEST_STEP][PASSED] - if (o1R == null): null

02-12-2024T07:03:58 - [TEST_STEP][PASSED] - else: null

02-12-2024T07:03:58 - [TEST_STEP][PASSED] - if (o1R == "нет данных"): null

02-12-2024T07:03:58 - [TEST_STEP][PASSED] - setValueToCellByIndex(sheet01, n, 4, "нет данных"): null

02-12-2024T07:03:58 - [TEST_STEP][PASSED] - if (o1B == null): null

02-12-2024T07:03:58 - [TEST_STEP][PASSED] - else: null

02-12-2024T07:03:58 - [TEST_STEP][PASSED] - if (o1B == "нет данных"): null

02-12-2024T07:03:58 - [TEST_STEP][PASSED] - else: null

02-12-2024T07:03:58 - [TEST_STEP][PASSED] - FB = o1B.toDouble(): null

02-12-2024T07:03:58 - [TEST_STEP][PASSED] - setValueToCellByIndex(sheet01, n, 5, FB): null

02-12-2024T07:03:58 - [TEST_STEP][PASSED] - setValueToCellByIndex(sheet01, n, 6, m): null

02-12-2024T07:03:58 - [TEST_STEP][PASSED] - setValueToCellByIndex(sheet01, n, 7, y): null

02-12-2024T07:03:58 - [TEST_STEP][PASSED] - setValueToCellByIndex(sheet01, n, 8, todaysDate): null

02-12-2024T07:03:58 - [TEST_STEP][PASSED] - n = n + 1: null

02-12-2024T07:03:58 - [TEST_STEP][FAILED] - saveWorkbook(excelFilePath, workbook01): null

02-12-2024T07:03:58 - [TEST_STEP][FAILED] - if (verifyEqual(lR, lB) == false): null

02-12-2024T07:03:58 - [MESSAGE][FAILED] - Unable to verify equal between actual object 'Россети Ленэнерго (ГК)/нет данных/нет данных/нет данных/нет данных/нет данных/нет данных/нет данных/нет данных/нет данных' and expected object 'Россети Ленэнерго (ГК)/10.63/10.72/31469202/28096239/3372962/30053986/26859673/3194313/0.09' (Root cause: com.kms.katalon.core.exception.StepFailedException: Actual object 'Россети Ленэнерго (ГК)/нет данных/нет данных/нет данных/нет данных/нет данных/нет данных/нет данных/нет данных/нет данных' and expected object 'Россети Ленэнерго (ГК)/10.63/10.72/31469202/28096239/3372962/30053986/26859673/3194313/0.09' are not equal
	at com.kms.katalon.core.keyword.builtin.VerifyEqualKeyword$_verifyEqual_closure1.doCall(VerifyEqualKeyword.groovy:58)
	at com.kms.katalon.core.keyword.builtin.VerifyEqualKeyword$_verifyEqual_closure1.call(VerifyEqualKeyword.groovy)
	at com.kms.katalon.core.keyword.internal.KeywordMain.runKeyword(KeywordMain.groovy:75)
	at com.kms.katalon.core.keyword.builtin.VerifyEqualKeyword.verifyEqual(VerifyEqualKeyword.groovy:63)
	at com.kms.katalon.core.keyword.builtin.VerifyEqualKeyword.execute(VerifyEqualKeyword.groovy:44)
	at com.kms.katalon.core.keyword.internal.KeywordExecutor.executeKeywordForPlatform(KeywordExecutor.groovy:74)
	at com.kms.katalon.core.keyword.BuiltinKeywords.verifyEqual(BuiltinKeywords.groovy:146)
	at jdk.internal.reflect.GeneratedMethodAccessor25.invoke(Unknown Source)
	at java.base/jdk.internal.reflect.DelegatingMethodAccessorImpl.invoke(DelegatingMethodAccessorImpl.java:43)
	at Выполнение бизнес-плана сверка дашбордов.run(Выполнение бизнес-плана сверка дашбордов:607)
	at com.kms.katalon.core.main.ScriptEngine.run(ScriptEngine.java:194)
	at com.kms.katalon.core.main.ScriptEngine.runScriptAsRawText(ScriptEngine.java:119)
	at com.kms.katalon.core.main.TestCaseExecutor.runScript(TestCaseExecutor.java:448)
	at com.kms.katalon.core.main.TestCaseExecutor.doExecute(TestCaseExecutor.java:439)
	at com.kms.katalon.core.main.TestCaseExecutor.processExecutionPhase(TestCaseExecutor.java:418)
	at com.kms.katalon.core.main.TestCaseExecutor.accessMainPhase(TestCaseExecutor.java:410)
	at com.kms.katalon.core.main.TestCaseExecutor.execute(TestCaseExecutor.java:285)
	at com.kms.katalon.core.common.CommonExecutor.accessTestCaseMainPhase(CommonExecutor.java:65)
	at com.kms.katalon.core.main.TestSuiteExecutor.accessTestSuiteMainPhase(TestSuiteExecutor.java:150)
	at com.kms.katalon.core.main.TestSuiteExecutor.execute(TestSuiteExecutor.java:106)
	at com.kms.katalon.core.main.TestCaseMain.startTestSuite(TestCaseMain.java:180)
	at TempTestSuite1733111659562.run(TempTestSuite1733111659562.groovy:35)
	at java.base/jdk.internal.reflect.NativeMethodAccessorImpl.invoke0(Native Method)
	at java.base/jdk.internal.reflect.NativeMethodAccessorImpl.invoke(NativeMethodAccessorImpl.java:77)
	at java.base/jdk.internal.reflect.DelegatingMethodAccessorImpl.invoke(DelegatingMethodAccessorImpl.java:43)
)

02-12-2024T07:03:58 - [TEST_STEP][PASSED] - result = CompareDZOData(a = lR, b = lB, dZO, typeOfData, PercPlanR, PercPlanB, PercFactR, PercFactB, todaysDate, x, vidget, tabR, tabB, o1R, o1B): null

02-12-2024T07:03:58 - [TEST_STEP][PASSED] - ii2 = <not implemented yet for class: org.codehaus.groovy.ast.expr.EmptyExpression>: null

02-12-2024T07:03:58 - [TEST_STEP][FAILED] - if (verifyEqual(a, b) == false): null

02-12-2024T07:03:58 - [MESSAGE][FAILED] - Unable to verify equal between actual object 'Россети Ленэнерго (ГК)/нет данных/нет данных/нет данных/нет данных/нет данных/нет данных/нет данных/нет данных/нет данных' and expected object 'Россети Ленэнерго (ГК)/10.63/10.72/31469202/28096239/3372962/30053986/26859673/3194313/0.09' (Root cause: com.kms.katalon.core.exception.StepFailedException: Actual object 'Россети Ленэнерго (ГК)/нет данных/нет данных/нет данных/нет данных/нет данных/нет данных/нет данных/нет данных/нет данных' and expected object 'Россети Ленэнерго (ГК)/10.63/10.72/31469202/28096239/3372962/30053986/26859673/3194313/0.09' are not equal
	at com.kms.katalon.core.keyword.builtin.VerifyEqualKeyword$_verifyEqual_closure1.doCall(VerifyEqualKeyword.groovy:58)
	at com.kms.katalon.core.keyword.builtin.VerifyEqualKeyword$_verifyEqual_closure1.call(VerifyEqualKeyword.groovy)
	at com.kms.katalon.core.keyword.internal.KeywordMain.runKeyword(KeywordMain.groovy:75)
	at com.kms.katalon.core.keyword.builtin.VerifyEqualKeyword.verifyEqual(VerifyEqualKeyword.groovy:63)
	at com.kms.katalon.core.keyword.builtin.VerifyEqualKeyword.execute(VerifyEqualKeyword.groovy:44)
	at com.kms.katalon.core.keyword.internal.KeywordExecutor.executeKeywordForPlatform(KeywordExecutor.groovy:74)
	at com.kms.katalon.core.keyword.BuiltinKeywords.verifyEqual(BuiltinKeywords.groovy:146)
	at jdk.internal.reflect.GeneratedMethodAccessor25.invoke(Unknown Source)
	at java.base/jdk.internal.reflect.DelegatingMethodAccessorImpl.invoke(DelegatingMethodAccessorImpl.java:43)
	at Выполнение бизнес-плана сверка дашбордов.CompareDZOData(Выполнение бизнес-плана сверка дашбордов:673)
	at Выполнение бизнес-плана сверка дашбордов.run(Выполнение бизнес-плана сверка дашбордов:608)
	at com.kms.katalon.core.main.ScriptEngine.run(ScriptEngine.java:194)
	at com.kms.katalon.core.main.ScriptEngine.runScriptAsRawText(ScriptEngine.java:119)
	at com.kms.katalon.core.main.TestCaseExecutor.runScript(TestCaseExecutor.java:448)
	at com.kms.katalon.core.main.TestCaseExecutor.doExecute(TestCaseExecutor.java:439)
	at com.kms.katalon.core.main.TestCaseExecutor.processExecutionPhase(TestCaseExecutor.java:418)
	at com.kms.katalon.core.main.TestCaseExecutor.accessMainPhase(TestCaseExecutor.java:410)
	at com.kms.katalon.core.main.TestCaseExecutor.execute(TestCaseExecutor.java:285)
	at com.kms.katalon.core.common.CommonExecutor.accessTestCaseMainPhase(CommonExecutor.java:65)
	at com.kms.katalon.core.main.TestSuiteExecutor.accessTestSuiteMainPhase(TestSuiteExecutor.java:150)
	at com.kms.katalon.core.main.TestSuiteExecutor.execute(TestSuiteExecutor.java:106)
	at com.kms.katalon.core.main.TestCaseMain.startTestSuite(TestCaseMain.java:180)
	at TempTestSuite1733111659562.run(TempTestSuite1733111659562.groovy:35)
	at java.base/jdk.internal.reflect.NativeMethodAccessorImpl.invoke0(Native Method)
	at java.base/jdk.internal.reflect.NativeMethodAccessorImpl.invoke(NativeMethodAccessorImpl.java:77)
	at java.base/jdk.internal.reflect.DelegatingMethodAccessorImpl.invoke(DelegatingMethodAccessorImpl.java:43)
)

02-12-2024T07:03:58 - [TEST_STEP][PASSED] - vidget = "Уровень потерь электроэнергии": null

02-12-2024T07:03:58 - [TEST_STEP][PASSED] - typeOfData = "План": null

02-12-2024T07:03:58 - [TEST_STEP][PASSED] - PercPlanR = GetPercPlanR(x = a): null

02-12-2024T07:03:58 - [TEST_STEP][PASSED] - i1 = <not implemented yet for class: org.codehaus.groovy.ast.expr.EmptyExpression>: null

02-12-2024T07:03:58 - [TEST_STEP][PASSED] - i1 = x.indexOf("/") + 1: null

02-12-2024T07:03:58 - [TEST_STEP][PASSED] - if (i1 > -1): null

02-12-2024T07:03:58 - [TEST_STEP][PASSED] - x = x.substring(i1, x.length()): null

02-12-2024T07:03:58 - [TEST_STEP][PASSED] - i1 = x.indexOf("/"): null

02-12-2024T07:03:58 - [TEST_STEP][PASSED] - if (i1 > -1): null

02-12-2024T07:03:58 - [TEST_STEP][PASSED] - x = x.substring(0, i1): null

02-12-2024T07:03:58 - [TEST_STEP][PASSED] - return x: null

02-12-2024T07:03:58 - [TEST_STEP][PASSED] - PercPlanB = GetPercPlanB(x = b): null

02-12-2024T07:03:58 - [TEST_STEP][PASSED] - i1 = <not implemented yet for class: org.codehaus.groovy.ast.expr.EmptyExpression>: null

02-12-2024T07:03:58 - [TEST_STEP][PASSED] - i1 = x.indexOf("/") + 1: null

02-12-2024T07:03:58 - [TEST_STEP][PASSED] - if (i1 > -1): null

02-12-2024T07:03:58 - [TEST_STEP][PASSED] - x = x.substring(i1, x.length()): null

02-12-2024T07:03:58 - [TEST_STEP][PASSED] - i1 = x.indexOf("/"): null

02-12-2024T07:03:58 - [TEST_STEP][PASSED] - if (i1 > -1): null

02-12-2024T07:03:58 - [TEST_STEP][PASSED] - x = x.substring(0, i1): null

02-12-2024T07:03:58 - [TEST_STEP][FAILED] - return x: null

02-12-2024T07:03:58 - [TEST_STEP][FAILED] - if (verifyEqual(PercPlanR, PercPlanB) == false): null

02-12-2024T07:03:58 - [MESSAGE][FAILED] - Unable to verify equal between actual object 'нет данных' and expected object '10.63' (Root cause: com.kms.katalon.core.exception.StepFailedException: Actual object 'нет данных' and expected object '10.63' are not equal
	at com.kms.katalon.core.keyword.builtin.VerifyEqualKeyword$_verifyEqual_closure1.doCall(VerifyEqualKeyword.groovy:58)
	at com.kms.katalon.core.keyword.builtin.VerifyEqualKeyword$_verifyEqual_closure1.call(VerifyEqualKeyword.groovy)
	at com.kms.katalon.core.keyword.internal.KeywordMain.runKeyword(KeywordMain.groovy:75)
	at com.kms.katalon.core.keyword.builtin.VerifyEqualKeyword.verifyEqual(VerifyEqualKeyword.groovy:63)
	at com.kms.katalon.core.keyword.builtin.VerifyEqualKeyword.execute(VerifyEqualKeyword.groovy:44)
	at com.kms.katalon.core.keyword.internal.KeywordExecutor.executeKeywordForPlatform(KeywordExecutor.groovy:74)
	at com.kms.katalon.core.keyword.BuiltinKeywords.verifyEqual(BuiltinKeywords.groovy:146)
	at jdk.internal.reflect.GeneratedMethodAccessor25.invoke(Unknown Source)
	at java.base/jdk.internal.reflect.DelegatingMethodAccessorImpl.invoke(DelegatingMethodAccessorImpl.java:43)
	at Выполнение бизнес-плана сверка дашбордов.CompareDZOData(Выполнение бизнес-плана сверка дашбордов:682)
	at Выполнение бизнес-плана сверка дашбордов.run(Выполнение бизнес-плана сверка дашбордов:608)
	at com.kms.katalon.core.main.ScriptEngine.run(ScriptEngine.java:194)
	at com.kms.katalon.core.main.ScriptEngine.runScriptAsRawText(ScriptEngine.java:119)
	at com.kms.katalon.core.main.TestCaseExecutor.runScript(TestCaseExecutor.java:448)
	at com.kms.katalon.core.main.TestCaseExecutor.doExecute(TestCaseExecutor.java:439)
	at com.kms.katalon.core.main.TestCaseExecutor.processExecutionPhase(TestCaseExecutor.java:418)
	at com.kms.katalon.core.main.TestCaseExecutor.accessMainPhase(TestCaseExecutor.java:410)
	at com.kms.katalon.core.main.TestCaseExecutor.execute(TestCaseExecutor.java:285)
	at com.kms.katalon.core.common.CommonExecutor.accessTestCaseMainPhase(CommonExecutor.java:65)
	at com.kms.katalon.core.main.TestSuiteExecutor.accessTestSuiteMainPhase(TestSuiteExecutor.java:150)
	at com.kms.katalon.core.main.TestSuiteExecutor.execute(TestSuiteExecutor.java:106)
	at com.kms.katalon.core.main.TestCaseMain.startTestSuite(TestCaseMain.java:180)
	at TempTestSuite1733111659562.run(TempTestSuite1733111659562.groovy:35)
	at java.base/jdk.internal.reflect.NativeMethodAccessorImpl.invoke0(Native Method)
	at java.base/jdk.internal.reflect.NativeMethodAccessorImpl.invoke(NativeMethodAccessorImpl.java:77)
	at java.base/jdk.internal.reflect.DelegatingMethodAccessorImpl.invoke(DelegatingMethodAccessorImpl.java:43)
)

02-12-2024T07:03:58 - [TEST_STEP][PASSED] - result = WriteToExcel(typeOfData, todaysDate, PercPlanR, PercPlanB, PercFactR, PercFactB, x, tabR, tabB, o1R, o1B, vidget): null

02-12-2024T07:03:58 - [TEST_STEP][PASSED] - iii = dZO.indexOf("/"): null

02-12-2024T07:03:58 - [TEST_STEP][PASSED] - println(iii): null

02-12-2024T07:03:58 - [TEST_STEP][PASSED] - dZO = dZO.substring(0, iii): null

02-12-2024T07:03:58 - [TEST_STEP][PASSED] - println(dZO): null

02-12-2024T07:03:58 - [TEST_STEP][PASSED] - println(PercPlanR): null

02-12-2024T07:03:58 - [TEST_STEP][PASSED] - println(PercPlanB): null

02-12-2024T07:03:58 - [TEST_STEP][PASSED] - println(PercFactR): null

02-12-2024T07:03:58 - [TEST_STEP][PASSED] - println(PercFactB): null

02-12-2024T07:03:58 - [TEST_STEP][PASSED] - println(tabR): null

02-12-2024T07:03:58 - [TEST_STEP][PASSED] - println(tabB): null

02-12-2024T07:03:58 - [TEST_STEP][PASSED] - println(o1R): null

02-12-2024T07:03:58 - [TEST_STEP][PASSED] - println(o1B): null

02-12-2024T07:03:58 - [TEST_STEP][PASSED] - PR = <not implemented yet for class: org.codehaus.groovy.ast.expr.EmptyExpression>: null

02-12-2024T07:03:58 - [TEST_STEP][PASSED] - FR = <not implemented yet for class: org.codehaus.groovy.ast.expr.EmptyExpression>: null

02-12-2024T07:03:58 - [TEST_STEP][PASSED] - PB = <not implemented yet for class: org.codehaus.groovy.ast.expr.EmptyExpression>: null

02-12-2024T07:03:58 - [TEST_STEP][PASSED] - FB = <not implemented yet for class: org.codehaus.groovy.ast.expr.EmptyExpression>: null

02-12-2024T07:03:58 - [TEST_STEP][PASSED] - TR = <not implemented yet for class: org.codehaus.groovy.ast.expr.EmptyExpression>: null

02-12-2024T07:03:58 - [TEST_STEP][PASSED] - TB = <not implemented yet for class: org.codehaus.groovy.ast.expr.EmptyExpression>: null

02-12-2024T07:03:58 - [TEST_STEP][PASSED] - sheetName = "Sheet1": null

02-12-2024T07:03:58 - [TEST_STEP][PASSED] - data = findTestData("PlanFact"): null

02-12-2024T07:03:58 - [TEST_STEP][PASSED] - n = data.getRowNumbers() + 1: null

02-12-2024T07:03:58 - [TEST_STEP][PASSED] - year = todaysDate.substring(todaysDate.length() - 4, todaysDate.length()): null

02-12-2024T07:03:58 - [TEST_STEP][PASSED] - y = year.toInteger(): null

02-12-2024T07:03:58 - [TEST_STEP][PASSED] - m = getText(findTestObject("Выполнение бизнес-плана/Выполнение бизнес-плана Балансы/Фильтр Дата")): Text of object 'Object Repository/Выполнение бизнес-плана/Выполнение бизнес-плана Балансы/Фильтр Дата' is: '1, 2, 3 кв., Октябрь 2024 года'

02-12-2024T07:03:58 - [MESSAGE][PASSED] - Text of object 'Object Repository/Выполнение бизнес-плана/Выполнение бизнес-плана Балансы/Фильтр Дата' is: '1, 2, 3 кв., Октябрь 2024 года'

02-12-2024T07:03:58 - [TEST_STEP][PASSED] - m = m.substring(0, m.indexOf("2024")): null

02-12-2024T07:03:58 - [TEST_STEP][PASSED] - m = m.trim(): null

02-12-2024T07:03:58 - [TEST_STEP][PASSED] - dashboardName = "Выполнение бизнес-плана": null

02-12-2024T07:03:58 - [TEST_STEP][PASSED] - workbook01 = getWorkbook(excelFilePath): null

02-12-2024T07:03:58 - [TEST_STEP][PASSED] - sheet01 = getExcelSheet(workbook01, sheetName): null

02-12-2024T07:03:58 - [TEST_STEP][PASSED] - setValueToCellByIndex(sheet01, n, 0, dashboardName): null

02-12-2024T07:03:58 - [TEST_STEP][PASSED] - setValueToCellByIndex(sheet01, n, 1, dZO): null

02-12-2024T07:03:58 - [TEST_STEP][PASSED] - setValueToCellByIndex(sheet01, n, 2, typeOfData): null

02-12-2024T07:03:58 - [TEST_STEP][PASSED] - setValueToCellByIndex(sheet01, n, 3, typeOfData): null

02-12-2024T07:03:58 - [TEST_STEP][PASSED] - if (typeOfData == "План"): null

02-12-2024T07:03:58 - [TEST_STEP][PASSED] - if (PercPlanR == null): null

02-12-2024T07:03:58 - [TEST_STEP][PASSED] - else: null

02-12-2024T07:03:58 - [TEST_STEP][PASSED] - if (PercPlanR == "нет данных"): null

02-12-2024T07:03:58 - [TEST_STEP][PASSED] - setValueToCellByIndex(sheet01, n, 4, "нет данных"): null

02-12-2024T07:03:58 - [TEST_STEP][PASSED] - if (PercPlanB == null): null

02-12-2024T07:03:58 - [TEST_STEP][PASSED] - else: null

02-12-2024T07:03:58 - [TEST_STEP][PASSED] - if (PercPlanB == "нет данных"): null

02-12-2024T07:03:58 - [TEST_STEP][PASSED] - else: null

02-12-2024T07:03:58 - [TEST_STEP][PASSED] - PB = PercPlanB.toDouble(): null

02-12-2024T07:03:58 - [TEST_STEP][PASSED] - setValueToCellByIndex(sheet01, n, 5, PB): null

02-12-2024T07:03:58 - [TEST_STEP][PASSED] - setValueToCellByIndex(sheet01, n, 6, m): null

02-12-2024T07:03:58 - [TEST_STEP][PASSED] - setValueToCellByIndex(sheet01, n, 7, y): null

02-12-2024T07:03:58 - [TEST_STEP][PASSED] - setValueToCellByIndex(sheet01, n, 8, todaysDate): null

02-12-2024T07:03:58 - [TEST_STEP][PASSED] - n = n + 1: null

02-12-2024T07:03:58 - [TEST_STEP][PASSED] - saveWorkbook(excelFilePath, workbook01): null

02-12-2024T07:03:58 - [TEST_STEP][PASSED] - typeOfData = "Факт": null

02-12-2024T07:03:58 - [TEST_STEP][PASSED] - PercFactR = GetPercFactR(x = a): null

02-12-2024T07:03:58 - [TEST_STEP][PASSED] - i1 = <not implemented yet for class: org.codehaus.groovy.ast.expr.EmptyExpression>: null

02-12-2024T07:03:58 - [TEST_STEP][PASSED] - ii = <not implemented yet for class: org.codehaus.groovy.ast.expr.EmptyExpression>: null

02-12-2024T07:03:58 - [TEST_STEP][PASSED] - for ([ii = 1, ii < 3, (ii++)]): null

02-12-2024T07:03:58 - [TEST_STEP][PASSED] - i1 = x.indexOf("/") + 1: null

02-12-2024T07:03:58 - [TEST_STEP][PASSED] - if (i1 > -1): null

02-12-2024T07:03:58 - [TEST_STEP][PASSED] - x = x.substring(i1, x.length()): null

02-12-2024T07:03:58 - [TEST_STEP][PASSED] - println(x): null

02-12-2024T07:03:58 - [TEST_STEP][PASSED] - i1 = x.indexOf("/") + 1: null

02-12-2024T07:03:58 - [TEST_STEP][PASSED] - if (i1 > -1): null

02-12-2024T07:03:58 - [TEST_STEP][PASSED] - x = x.substring(i1, x.length()): null

02-12-2024T07:03:58 - [TEST_STEP][PASSED] - println(x): null

02-12-2024T07:03:58 - [TEST_STEP][PASSED] - i1 = x.indexOf("/"): null

02-12-2024T07:03:58 - [TEST_STEP][PASSED] - if (i1 > -1): null

02-12-2024T07:03:58 - [TEST_STEP][PASSED] - x = x.substring(0, i1): null

02-12-2024T07:03:58 - [TEST_STEP][PASSED] - println(x): null

02-12-2024T07:03:58 - [TEST_STEP][PASSED] - return x: null

02-12-2024T07:03:58 - [TEST_STEP][PASSED] - PercFactB = GetPercFactB(x = b): null

02-12-2024T07:03:58 - [TEST_STEP][PASSED] - i1 = <not implemented yet for class: org.codehaus.groovy.ast.expr.EmptyExpression>: null

02-12-2024T07:03:58 - [TEST_STEP][PASSED] - ii = <not implemented yet for class: org.codehaus.groovy.ast.expr.EmptyExpression>: null

02-12-2024T07:03:58 - [TEST_STEP][PASSED] - for ([ii = 1, ii < 3, (ii++)]): null

02-12-2024T07:03:58 - [TEST_STEP][PASSED] - i1 = x.indexOf("/") + 1: null

02-12-2024T07:03:58 - [TEST_STEP][PASSED] - if (i1 > -1): null

02-12-2024T07:03:58 - [TEST_STEP][PASSED] - x = x.substring(i1, x.length()): null

02-12-2024T07:03:58 - [TEST_STEP][PASSED] - println(x): null

02-12-2024T07:03:58 - [TEST_STEP][PASSED] - i1 = x.indexOf("/") + 1: null

02-12-2024T07:03:58 - [TEST_STEP][PASSED] - if (i1 > -1): null

02-12-2024T07:03:58 - [TEST_STEP][PASSED] - x = x.substring(i1, x.length()): null

02-12-2024T07:03:58 - [TEST_STEP][PASSED] - println(x): null

02-12-2024T07:03:58 - [TEST_STEP][PASSED] - i1 = x.indexOf("/"): null

02-12-2024T07:03:58 - [TEST_STEP][PASSED] - if (i1 > -1): null

02-12-2024T07:03:58 - [TEST_STEP][PASSED] - x = x.substring(0, i1): null

02-12-2024T07:03:58 - [TEST_STEP][PASSED] - println(x): null

02-12-2024T07:03:58 - [TEST_STEP][FAILED] - return x: null

02-12-2024T07:03:58 - [TEST_STEP][FAILED] - if (verifyEqual(PercFactR, PercFactB) == false): null

02-12-2024T07:03:58 - [MESSAGE][FAILED] - Unable to verify equal between actual object 'нет данных' and expected object '10.72' (Root cause: com.kms.katalon.core.exception.StepFailedException: Actual object 'нет данных' and expected object '10.72' are not equal
	at com.kms.katalon.core.keyword.builtin.VerifyEqualKeyword$_verifyEqual_closure1.doCall(VerifyEqualKeyword.groovy:58)
	at com.kms.katalon.core.keyword.builtin.VerifyEqualKeyword$_verifyEqual_closure1.call(VerifyEqualKeyword.groovy)
	at com.kms.katalon.core.keyword.internal.KeywordMain.runKeyword(KeywordMain.groovy:75)
	at com.kms.katalon.core.keyword.builtin.VerifyEqualKeyword.verifyEqual(VerifyEqualKeyword.groovy:63)
	at com.kms.katalon.core.keyword.builtin.VerifyEqualKeyword.execute(VerifyEqualKeyword.groovy:44)
	at com.kms.katalon.core.keyword.internal.KeywordExecutor.executeKeywordForPlatform(KeywordExecutor.groovy:74)
	at com.kms.katalon.core.keyword.BuiltinKeywords.verifyEqual(BuiltinKeywords.groovy:146)
	at jdk.internal.reflect.GeneratedMethodAccessor25.invoke(Unknown Source)
	at java.base/jdk.internal.reflect.DelegatingMethodAccessorImpl.invoke(DelegatingMethodAccessorImpl.java:43)
	at Выполнение бизнес-плана сверка дашбордов.CompareDZOData(Выполнение бизнес-плана сверка дашбордов:693)
	at Выполнение бизнес-плана сверка дашбордов.run(Выполнение бизнес-плана сверка дашбордов:608)
	at com.kms.katalon.core.main.ScriptEngine.run(ScriptEngine.java:194)
	at com.kms.katalon.core.main.ScriptEngine.runScriptAsRawText(ScriptEngine.java:119)
	at com.kms.katalon.core.main.TestCaseExecutor.runScript(TestCaseExecutor.java:448)
	at com.kms.katalon.core.main.TestCaseExecutor.doExecute(TestCaseExecutor.java:439)
	at com.kms.katalon.core.main.TestCaseExecutor.processExecutionPhase(TestCaseExecutor.java:418)
	at com.kms.katalon.core.main.TestCaseExecutor.accessMainPhase(TestCaseExecutor.java:410)
	at com.kms.katalon.core.main.TestCaseExecutor.execute(TestCaseExecutor.java:285)
	at com.kms.katalon.core.common.CommonExecutor.accessTestCaseMainPhase(CommonExecutor.java:65)
	at com.kms.katalon.core.main.TestSuiteExecutor.accessTestSuiteMainPhase(TestSuiteExecutor.java:150)
	at com.kms.katalon.core.main.TestSuiteExecutor.execute(TestSuiteExecutor.java:106)
	at com.kms.katalon.core.main.TestCaseMain.startTestSuite(TestCaseMain.java:180)
	at TempTestSuite1733111659562.run(TempTestSuite1733111659562.groovy:35)
	at java.base/jdk.internal.reflect.NativeMethodAccessorImpl.invoke0(Native Method)
	at java.base/jdk.internal.reflect.NativeMethodAccessorImpl.invoke(NativeMethodAccessorImpl.java:77)
	at java.base/jdk.internal.reflect.DelegatingMethodAccessorImpl.invoke(DelegatingMethodAccessorImpl.java:43)
)

02-12-2024T07:03:58 - [TEST_STEP][PASSED] - result = WriteToExcel(typeOfData, todaysDate, PercPlanR, PercPlanB, PercFactR, PercFactB, x, tabR, tabB, o1R, o1B, vidget): null

02-12-2024T07:03:58 - [TEST_STEP][PASSED] - iii = dZO.indexOf("/"): null

02-12-2024T07:03:58 - [TEST_STEP][PASSED] - println(iii): null

02-12-2024T07:03:58 - [TEST_STEP][PASSED] - dZO = dZO.substring(0, iii): null

02-12-2024T07:03:58 - [TEST_STEP][PASSED] - println(dZO): null

02-12-2024T07:03:58 - [TEST_STEP][PASSED] - println(PercPlanR): null

02-12-2024T07:03:58 - [TEST_STEP][PASSED] - println(PercPlanB): null

02-12-2024T07:03:58 - [TEST_STEP][PASSED] - println(PercFactR): null

02-12-2024T07:03:58 - [TEST_STEP][PASSED] - println(PercFactB): null

02-12-2024T07:03:58 - [TEST_STEP][PASSED] - println(tabR): null

02-12-2024T07:03:58 - [TEST_STEP][PASSED] - println(tabB): null

02-12-2024T07:03:58 - [TEST_STEP][PASSED] - println(o1R): null

02-12-2024T07:03:58 - [TEST_STEP][PASSED] - println(o1B): null

02-12-2024T07:03:58 - [TEST_STEP][PASSED] - PR = <not implemented yet for class: org.codehaus.groovy.ast.expr.EmptyExpression>: null

02-12-2024T07:03:58 - [TEST_STEP][PASSED] - FR = <not implemented yet for class: org.codehaus.groovy.ast.expr.EmptyExpression>: null

02-12-2024T07:03:58 - [TEST_STEP][PASSED] - PB = <not implemented yet for class: org.codehaus.groovy.ast.expr.EmptyExpression>: null

02-12-2024T07:03:58 - [TEST_STEP][PASSED] - FB = <not implemented yet for class: org.codehaus.groovy.ast.expr.EmptyExpression>: null

02-12-2024T07:03:58 - [TEST_STEP][PASSED] - TR = <not implemented yet for class: org.codehaus.groovy.ast.expr.EmptyExpression>: null

02-12-2024T07:03:58 - [TEST_STEP][PASSED] - TB = <not implemented yet for class: org.codehaus.groovy.ast.expr.EmptyExpression>: null

02-12-2024T07:03:58 - [TEST_STEP][PASSED] - sheetName = "Sheet1": null

02-12-2024T07:03:58 - [TEST_STEP][PASSED] - data = findTestData("PlanFact"): null

02-12-2024T07:03:59 - [TEST_STEP][PASSED] - n = data.getRowNumbers() + 1: null

02-12-2024T07:03:59 - [TEST_STEP][PASSED] - year = todaysDate.substring(todaysDate.length() - 4, todaysDate.length()): null

02-12-2024T07:03:59 - [TEST_STEP][PASSED] - y = year.toInteger(): null

02-12-2024T07:03:59 - [TEST_STEP][PASSED] - m = getText(findTestObject("Выполнение бизнес-плана/Выполнение бизнес-плана Балансы/Фильтр Дата")): Text of object 'Object Repository/Выполнение бизнес-плана/Выполнение бизнес-плана Балансы/Фильтр Дата' is: '1, 2, 3 кв., Октябрь 2024 года'

02-12-2024T07:03:59 - [MESSAGE][PASSED] - Text of object 'Object Repository/Выполнение бизнес-плана/Выполнение бизнес-плана Балансы/Фильтр Дата' is: '1, 2, 3 кв., Октябрь 2024 года'

02-12-2024T07:03:59 - [TEST_STEP][PASSED] - m = m.substring(0, m.indexOf("2024")): null

02-12-2024T07:03:59 - [TEST_STEP][PASSED] - m = m.trim(): null

02-12-2024T07:03:59 - [TEST_STEP][PASSED] - dashboardName = "Выполнение бизнес-плана": null

02-12-2024T07:03:59 - [TEST_STEP][PASSED] - workbook01 = getWorkbook(excelFilePath): null

02-12-2024T07:03:59 - [TEST_STEP][PASSED] - sheet01 = getExcelSheet(workbook01, sheetName): null

02-12-2024T07:03:59 - [TEST_STEP][PASSED] - setValueToCellByIndex(sheet01, n, 0, dashboardName): null

02-12-2024T07:03:59 - [TEST_STEP][PASSED] - setValueToCellByIndex(sheet01, n, 1, dZO): null

02-12-2024T07:03:59 - [TEST_STEP][PASSED] - setValueToCellByIndex(sheet01, n, 2, typeOfData): null

02-12-2024T07:03:59 - [TEST_STEP][PASSED] - setValueToCellByIndex(sheet01, n, 3, typeOfData): null

02-12-2024T07:03:59 - [TEST_STEP][PASSED] - if (typeOfData == "План"): null

02-12-2024T07:03:59 - [TEST_STEP][PASSED] - else if (typeOfData == "Факт"): null

02-12-2024T07:03:59 - [TEST_STEP][PASSED] - if (PercFactR == null): null

02-12-2024T07:03:59 - [TEST_STEP][PASSED] - else: null

02-12-2024T07:03:59 - [TEST_STEP][PASSED] - if (PercFactR == "нет данных"): null

02-12-2024T07:03:59 - [TEST_STEP][PASSED] - setValueToCellByIndex(sheet01, n, 4, "нет данных"): null

02-12-2024T07:03:59 - [TEST_STEP][PASSED] - if (PercFactB == null): null

02-12-2024T07:03:59 - [TEST_STEP][PASSED] - else: null

02-12-2024T07:03:59 - [TEST_STEP][PASSED] - if (PercFactB == "нет данных"): null

02-12-2024T07:03:59 - [TEST_STEP][PASSED] - else: null

02-12-2024T07:03:59 - [TEST_STEP][PASSED] - FB = PercFactB.toDouble(): null

02-12-2024T07:03:59 - [TEST_STEP][PASSED] - setValueToCellByIndex(sheet01, n, 5, FB): null

02-12-2024T07:03:59 - [TEST_STEP][PASSED] - setValueToCellByIndex(sheet01, n, 6, m): null

02-12-2024T07:03:59 - [TEST_STEP][PASSED] - setValueToCellByIndex(sheet01, n, 7, y): null

02-12-2024T07:03:59 - [TEST_STEP][PASSED] - setValueToCellByIndex(sheet01, n, 8, todaysDate): null

02-12-2024T07:03:59 - [TEST_STEP][PASSED] - n = n + 1: null

02-12-2024T07:03:59 - [TEST_STEP][PASSED] - saveWorkbook(excelFilePath, workbook01): null

02-12-2024T07:03:59 - [TEST_STEP][PASSED] - vidget = "Показатели баланса электроэнергии по ДЗО – Факт": null

02-12-2024T07:03:59 - [TEST_STEP][PASSED] - typeOfData = "Факт Отпуск в сеть": null

02-12-2024T07:03:59 - [TEST_STEP][PASSED] - tabR = GetOvSFactR(x = a): null

02-12-2024T07:03:59 - [TEST_STEP][PASSED] - i1 = <not implemented yet for class: org.codehaus.groovy.ast.expr.EmptyExpression>: null

02-12-2024T07:03:59 - [TEST_STEP][PASSED] - ii = <not implemented yet for class: org.codehaus.groovy.ast.expr.EmptyExpression>: null

02-12-2024T07:03:59 - [TEST_STEP][PASSED] - for ([ii = 1, ii < 4, (ii++)]): null

02-12-2024T07:03:59 - [TEST_STEP][PASSED] - i1 = x.indexOf("/") + 1: null

02-12-2024T07:03:59 - [TEST_STEP][PASSED] - if (i1 > -1): null

02-12-2024T07:03:59 - [TEST_STEP][PASSED] - x = x.substring(i1, x.length()): null

02-12-2024T07:03:59 - [TEST_STEP][PASSED] - println(x): null

02-12-2024T07:03:59 - [TEST_STEP][PASSED] - i1 = x.indexOf("/") + 1: null

02-12-2024T07:03:59 - [TEST_STEP][PASSED] - if (i1 > -1): null

02-12-2024T07:03:59 - [TEST_STEP][PASSED] - x = x.substring(i1, x.length()): null

02-12-2024T07:03:59 - [TEST_STEP][PASSED] - println(x): null

02-12-2024T07:03:59 - [TEST_STEP][PASSED] - i1 = x.indexOf("/") + 1: null

02-12-2024T07:03:59 - [TEST_STEP][PASSED] - if (i1 > -1): null

02-12-2024T07:03:59 - [TEST_STEP][PASSED] - x = x.substring(i1, x.length()): null

02-12-2024T07:03:59 - [TEST_STEP][PASSED] - println(x): null

02-12-2024T07:03:59 - [TEST_STEP][PASSED] - i1 = x.indexOf("/"): null

02-12-2024T07:03:59 - [TEST_STEP][PASSED] - if (i1 > -1): null

02-12-2024T07:03:59 - [TEST_STEP][PASSED] - x = x.substring(0, i1): null

02-12-2024T07:03:59 - [TEST_STEP][PASSED] - println(x): null

02-12-2024T07:03:59 - [TEST_STEP][PASSED] - return x: null

02-12-2024T07:03:59 - [TEST_STEP][PASSED] - tabB = GetOvSFactB(x = b): null

02-12-2024T07:03:59 - [TEST_STEP][PASSED] - i1 = <not implemented yet for class: org.codehaus.groovy.ast.expr.EmptyExpression>: null

02-12-2024T07:03:59 - [TEST_STEP][PASSED] - ii = <not implemented yet for class: org.codehaus.groovy.ast.expr.EmptyExpression>: null

02-12-2024T07:03:59 - [TEST_STEP][PASSED] - for ([ii = 1, ii < 4, (ii++)]): null

02-12-2024T07:03:59 - [TEST_STEP][PASSED] - i1 = x.indexOf("/") + 1: null

02-12-2024T07:03:59 - [TEST_STEP][PASSED] - if (i1 > -1): null

02-12-2024T07:03:59 - [TEST_STEP][PASSED] - x = x.substring(i1, x.length()): null

02-12-2024T07:03:59 - [TEST_STEP][PASSED] - println(x): null

02-12-2024T07:03:59 - [TEST_STEP][PASSED] - i1 = x.indexOf("/") + 1: null

02-12-2024T07:03:59 - [TEST_STEP][PASSED] - if (i1 > -1): null

02-12-2024T07:03:59 - [TEST_STEP][PASSED] - x = x.substring(i1, x.length()): null

02-12-2024T07:03:59 - [TEST_STEP][PASSED] - println(x): null

02-12-2024T07:03:59 - [TEST_STEP][PASSED] - i1 = x.indexOf("/") + 1: null

02-12-2024T07:03:59 - [TEST_STEP][PASSED] - if (i1 > -1): null

02-12-2024T07:03:59 - [TEST_STEP][PASSED] - x = x.substring(i1, x.length()): null

02-12-2024T07:03:59 - [TEST_STEP][PASSED] - println(x): null

02-12-2024T07:03:59 - [TEST_STEP][PASSED] - i1 = x.indexOf("/"): null

02-12-2024T07:03:59 - [TEST_STEP][PASSED] - if (i1 > -1): null

02-12-2024T07:03:59 - [TEST_STEP][PASSED] - x = x.substring(0, i1): null

02-12-2024T07:03:59 - [TEST_STEP][PASSED] - println(x): null

02-12-2024T07:03:59 - [TEST_STEP][FAILED] - return x: null

02-12-2024T07:03:59 - [TEST_STEP][FAILED] - if (verifyEqual(tabR, tabB) == false): null

02-12-2024T07:03:59 - [MESSAGE][FAILED] - Unable to verify equal between actual object 'нет данных' and expected object '31469202' (Root cause: com.kms.katalon.core.exception.StepFailedException: Actual object 'нет данных' and expected object '31469202' are not equal
	at com.kms.katalon.core.keyword.builtin.VerifyEqualKeyword$_verifyEqual_closure1.doCall(VerifyEqualKeyword.groovy:58)
	at com.kms.katalon.core.keyword.builtin.VerifyEqualKeyword$_verifyEqual_closure1.call(VerifyEqualKeyword.groovy)
	at com.kms.katalon.core.keyword.internal.KeywordMain.runKeyword(KeywordMain.groovy:75)
	at com.kms.katalon.core.keyword.builtin.VerifyEqualKeyword.verifyEqual(VerifyEqualKeyword.groovy:63)
	at com.kms.katalon.core.keyword.builtin.VerifyEqualKeyword.execute(VerifyEqualKeyword.groovy:44)
	at com.kms.katalon.core.keyword.internal.KeywordExecutor.executeKeywordForPlatform(KeywordExecutor.groovy:74)
	at com.kms.katalon.core.keyword.BuiltinKeywords.verifyEqual(BuiltinKeywords.groovy:146)
	at jdk.internal.reflect.GeneratedMethodAccessor25.invoke(Unknown Source)
	at java.base/jdk.internal.reflect.DelegatingMethodAccessorImpl.invoke(DelegatingMethodAccessorImpl.java:43)
	at Выполнение бизнес-плана сверка дашбордов.CompareDZOData(Выполнение бизнес-плана сверка дашбордов:706)
	at Выполнение бизнес-плана сверка дашбордов.run(Выполнение бизнес-плана сверка дашбордов:608)
	at com.kms.katalon.core.main.ScriptEngine.run(ScriptEngine.java:194)
	at com.kms.katalon.core.main.ScriptEngine.runScriptAsRawText(ScriptEngine.java:119)
	at com.kms.katalon.core.main.TestCaseExecutor.runScript(TestCaseExecutor.java:448)
	at com.kms.katalon.core.main.TestCaseExecutor.doExecute(TestCaseExecutor.java:439)
	at com.kms.katalon.core.main.TestCaseExecutor.processExecutionPhase(TestCaseExecutor.java:418)
	at com.kms.katalon.core.main.TestCaseExecutor.accessMainPhase(TestCaseExecutor.java:410)
	at com.kms.katalon.core.main.TestCaseExecutor.execute(TestCaseExecutor.java:285)
	at com.kms.katalon.core.common.CommonExecutor.accessTestCaseMainPhase(CommonExecutor.java:65)
	at com.kms.katalon.core.main.TestSuiteExecutor.accessTestSuiteMainPhase(TestSuiteExecutor.java:150)
	at com.kms.katalon.core.main.TestSuiteExecutor.execute(TestSuiteExecutor.java:106)
	at com.kms.katalon.core.main.TestCaseMain.startTestSuite(TestCaseMain.java:180)
	at TempTestSuite1733111659562.run(TempTestSuite1733111659562.groovy:35)
	at java.base/jdk.internal.reflect.NativeMethodAccessorImpl.invoke0(Native Method)
	at java.base/jdk.internal.reflect.NativeMethodAccessorImpl.invoke(NativeMethodAccessorImpl.java:77)
	at java.base/jdk.internal.reflect.DelegatingMethodAccessorImpl.invoke(DelegatingMethodAccessorImpl.java:43)
)

02-12-2024T07:03:59 - [TEST_STEP][PASSED] - result = WriteToExcel(typeOfData, todaysDate, PercPlanR, PercPlanB, PercFactR, PercFactB, x, tabR, tabB, o1R, o1B, vidget): null

02-12-2024T07:03:59 - [TEST_STEP][PASSED] - iii = dZO.indexOf("/"): null

02-12-2024T07:03:59 - [TEST_STEP][PASSED] - println(iii): null

02-12-2024T07:03:59 - [TEST_STEP][PASSED] - dZO = dZO.substring(0, iii): null

02-12-2024T07:03:59 - [TEST_STEP][PASSED] - println(dZO): null

02-12-2024T07:03:59 - [TEST_STEP][PASSED] - println(PercPlanR): null

02-12-2024T07:03:59 - [TEST_STEP][PASSED] - println(PercPlanB): null

02-12-2024T07:03:59 - [TEST_STEP][PASSED] - println(PercFactR): null

02-12-2024T07:03:59 - [TEST_STEP][PASSED] - println(PercFactB): null

02-12-2024T07:03:59 - [TEST_STEP][PASSED] - println(tabR): null

02-12-2024T07:03:59 - [TEST_STEP][PASSED] - println(tabB): null

02-12-2024T07:03:59 - [TEST_STEP][PASSED] - println(o1R): null

02-12-2024T07:03:59 - [TEST_STEP][PASSED] - println(o1B): null

02-12-2024T07:03:59 - [TEST_STEP][PASSED] - PR = <not implemented yet for class: org.codehaus.groovy.ast.expr.EmptyExpression>: null

02-12-2024T07:03:59 - [TEST_STEP][PASSED] - FR = <not implemented yet for class: org.codehaus.groovy.ast.expr.EmptyExpression>: null

02-12-2024T07:03:59 - [TEST_STEP][PASSED] - PB = <not implemented yet for class: org.codehaus.groovy.ast.expr.EmptyExpression>: null

02-12-2024T07:03:59 - [TEST_STEP][PASSED] - FB = <not implemented yet for class: org.codehaus.groovy.ast.expr.EmptyExpression>: null

02-12-2024T07:03:59 - [TEST_STEP][PASSED] - TR = <not implemented yet for class: org.codehaus.groovy.ast.expr.EmptyExpression>: null

02-12-2024T07:03:59 - [TEST_STEP][PASSED] - TB = <not implemented yet for class: org.codehaus.groovy.ast.expr.EmptyExpression>: null

02-12-2024T07:03:59 - [TEST_STEP][PASSED] - sheetName = "Sheet1": null

02-12-2024T07:03:59 - [TEST_STEP][PASSED] - data = findTestData("PlanFact"): null

02-12-2024T07:03:59 - [TEST_STEP][PASSED] - n = data.getRowNumbers() + 1: null

02-12-2024T07:03:59 - [TEST_STEP][PASSED] - year = todaysDate.substring(todaysDate.length() - 4, todaysDate.length()): null

02-12-2024T07:03:59 - [TEST_STEP][PASSED] - y = year.toInteger(): null

02-12-2024T07:03:59 - [TEST_STEP][PASSED] - m = getText(findTestObject("Выполнение бизнес-плана/Выполнение бизнес-плана Балансы/Фильтр Дата")): Text of object 'Object Repository/Выполнение бизнес-плана/Выполнение бизнес-плана Балансы/Фильтр Дата' is: '1, 2, 3 кв., Октябрь 2024 года'

02-12-2024T07:04:00 - [MESSAGE][PASSED] - Text of object 'Object Repository/Выполнение бизнес-плана/Выполнение бизнес-плана Балансы/Фильтр Дата' is: '1, 2, 3 кв., Октябрь 2024 года'

02-12-2024T07:04:00 - [TEST_STEP][PASSED] - m = m.substring(0, m.indexOf("2024")): null

02-12-2024T07:04:00 - [TEST_STEP][PASSED] - m = m.trim(): null

02-12-2024T07:04:00 - [TEST_STEP][PASSED] - dashboardName = "Выполнение бизнес-плана": null

02-12-2024T07:04:00 - [TEST_STEP][PASSED] - workbook01 = getWorkbook(excelFilePath): null

02-12-2024T07:04:00 - [TEST_STEP][PASSED] - sheet01 = getExcelSheet(workbook01, sheetName): null

02-12-2024T07:04:00 - [TEST_STEP][PASSED] - setValueToCellByIndex(sheet01, n, 0, dashboardName): null

02-12-2024T07:04:00 - [TEST_STEP][PASSED] - setValueToCellByIndex(sheet01, n, 1, dZO): null

02-12-2024T07:04:00 - [TEST_STEP][PASSED] - setValueToCellByIndex(sheet01, n, 2, typeOfData): null

02-12-2024T07:04:00 - [TEST_STEP][PASSED] - setValueToCellByIndex(sheet01, n, 3, typeOfData): null

02-12-2024T07:04:00 - [TEST_STEP][PASSED] - if (typeOfData == "План"): null

02-12-2024T07:04:00 - [TEST_STEP][PASSED] - else if (typeOfData == "Факт"): null

02-12-2024T07:04:00 - [TEST_STEP][PASSED] - else if (vidget.contains("электроэнергии") == true): null

02-12-2024T07:04:00 - [TEST_STEP][PASSED] - if (tabR == null): null

02-12-2024T07:04:00 - [TEST_STEP][PASSED] - else: null

02-12-2024T07:04:00 - [TEST_STEP][PASSED] - if (tabR == "нет данных"): null

02-12-2024T07:04:00 - [TEST_STEP][PASSED] - setValueToCellByIndex(sheet01, n, 4, "нет данных"): null

02-12-2024T07:04:00 - [TEST_STEP][PASSED] - if (tabB == null): null

02-12-2024T07:04:00 - [TEST_STEP][PASSED] - else: null

02-12-2024T07:04:00 - [TEST_STEP][PASSED] - if (tabB == "нет данных"): null

02-12-2024T07:04:00 - [TEST_STEP][PASSED] - else: null

02-12-2024T07:04:00 - [TEST_STEP][PASSED] - TB = tabB.toInteger(): null

02-12-2024T07:04:00 - [TEST_STEP][PASSED] - setValueToCellByIndex(sheet01, n, 5, TB): null

02-12-2024T07:04:00 - [TEST_STEP][PASSED] - setValueToCellByIndex(sheet01, n, 6, m): null

02-12-2024T07:04:00 - [TEST_STEP][PASSED] - setValueToCellByIndex(sheet01, n, 7, y): null

02-12-2024T07:04:00 - [TEST_STEP][PASSED] - setValueToCellByIndex(sheet01, n, 8, todaysDate): null

02-12-2024T07:04:00 - [TEST_STEP][PASSED] - n = n + 1: null

02-12-2024T07:04:00 - [TEST_STEP][PASSED] - saveWorkbook(excelFilePath, workbook01): null

02-12-2024T07:04:00 - [TEST_STEP][PASSED] - typeOfData = "Факт Отпуск из сети": null

02-12-2024T07:04:00 - [TEST_STEP][PASSED] - tabR = GetOiSFactR(x = a): null

02-12-2024T07:04:00 - [TEST_STEP][PASSED] - i1 = <not implemented yet for class: org.codehaus.groovy.ast.expr.EmptyExpression>: null

02-12-2024T07:04:00 - [TEST_STEP][PASSED] - ii = <not implemented yet for class: org.codehaus.groovy.ast.expr.EmptyExpression>: null

02-12-2024T07:04:00 - [TEST_STEP][PASSED] - for ([ii = 1, ii < 5, (ii++)]): null

02-12-2024T07:04:00 - [TEST_STEP][PASSED] - i1 = x.indexOf("/") + 1: null

02-12-2024T07:04:00 - [TEST_STEP][PASSED] - if (i1 > -1): null

02-12-2024T07:04:00 - [TEST_STEP][PASSED] - x = x.substring(i1, x.length()): null

02-12-2024T07:04:00 - [TEST_STEP][PASSED] - println(x): null

02-12-2024T07:04:00 - [TEST_STEP][PASSED] - i1 = x.indexOf("/") + 1: null

02-12-2024T07:04:00 - [TEST_STEP][PASSED] - if (i1 > -1): null

02-12-2024T07:04:00 - [TEST_STEP][PASSED] - x = x.substring(i1, x.length()): null

02-12-2024T07:04:00 - [TEST_STEP][PASSED] - println(x): null

02-12-2024T07:04:00 - [TEST_STEP][PASSED] - i1 = x.indexOf("/") + 1: null

02-12-2024T07:04:00 - [TEST_STEP][PASSED] - if (i1 > -1): null

02-12-2024T07:04:00 - [TEST_STEP][PASSED] - x = x.substring(i1, x.length()): null

02-12-2024T07:04:00 - [TEST_STEP][PASSED] - println(x): null

02-12-2024T07:04:00 - [TEST_STEP][PASSED] - i1 = x.indexOf("/") + 1: null

02-12-2024T07:04:00 - [TEST_STEP][PASSED] - if (i1 > -1): null

02-12-2024T07:04:00 - [TEST_STEP][PASSED] - x = x.substring(i1, x.length()): null

02-12-2024T07:04:00 - [TEST_STEP][PASSED] - println(x): null

02-12-2024T07:04:00 - [TEST_STEP][PASSED] - i1 = x.indexOf("/"): null

02-12-2024T07:04:00 - [TEST_STEP][PASSED] - if (i1 > -1): null

02-12-2024T07:04:00 - [TEST_STEP][PASSED] - x = x.substring(0, i1): null

02-12-2024T07:04:00 - [TEST_STEP][PASSED] - println(x): null

02-12-2024T07:04:00 - [TEST_STEP][PASSED] - return x: null

02-12-2024T07:04:00 - [TEST_STEP][PASSED] - tabB = GetOiSFactB(x = b): null

02-12-2024T07:04:00 - [TEST_STEP][PASSED] - i1 = <not implemented yet for class: org.codehaus.groovy.ast.expr.EmptyExpression>: null

02-12-2024T07:04:00 - [TEST_STEP][PASSED] - ii = <not implemented yet for class: org.codehaus.groovy.ast.expr.EmptyExpression>: null

02-12-2024T07:04:00 - [TEST_STEP][PASSED] - for ([ii = 1, ii < 5, (ii++)]): null

02-12-2024T07:04:00 - [TEST_STEP][PASSED] - i1 = x.indexOf("/") + 1: null

02-12-2024T07:04:00 - [TEST_STEP][PASSED] - if (i1 > -1): null

02-12-2024T07:04:00 - [TEST_STEP][PASSED] - x = x.substring(i1, x.length()): null

02-12-2024T07:04:00 - [TEST_STEP][PASSED] - println(x): null

02-12-2024T07:04:00 - [TEST_STEP][PASSED] - i1 = x.indexOf("/") + 1: null

02-12-2024T07:04:00 - [TEST_STEP][PASSED] - if (i1 > -1): null

02-12-2024T07:04:00 - [TEST_STEP][PASSED] - x = x.substring(i1, x.length()): null

02-12-2024T07:04:00 - [TEST_STEP][PASSED] - println(x): null

02-12-2024T07:04:00 - [TEST_STEP][PASSED] - i1 = x.indexOf("/") + 1: null

02-12-2024T07:04:00 - [TEST_STEP][PASSED] - if (i1 > -1): null

02-12-2024T07:04:00 - [TEST_STEP][PASSED] - x = x.substring(i1, x.length()): null

02-12-2024T07:04:00 - [TEST_STEP][PASSED] - println(x): null

02-12-2024T07:04:00 - [TEST_STEP][PASSED] - i1 = x.indexOf("/") + 1: null

02-12-2024T07:04:00 - [TEST_STEP][PASSED] - if (i1 > -1): null

02-12-2024T07:04:00 - [TEST_STEP][PASSED] - x = x.substring(i1, x.length()): null

02-12-2024T07:04:00 - [TEST_STEP][PASSED] - println(x): null

02-12-2024T07:04:00 - [TEST_STEP][PASSED] - i1 = x.indexOf("/"): null

02-12-2024T07:04:00 - [TEST_STEP][PASSED] - if (i1 > -1): null

02-12-2024T07:04:00 - [TEST_STEP][PASSED] - x = x.substring(0, i1): null

02-12-2024T07:04:00 - [TEST_STEP][PASSED] - println(x): null

02-12-2024T07:04:00 - [TEST_STEP][FAILED] - return x: null

02-12-2024T07:04:00 - [TEST_STEP][FAILED] - if (verifyEqual(tabR, tabB) == false): null

02-12-2024T07:04:00 - [MESSAGE][FAILED] - Unable to verify equal between actual object 'нет данных' and expected object '28096239' (Root cause: com.kms.katalon.core.exception.StepFailedException: Actual object 'нет данных' and expected object '28096239' are not equal
	at com.kms.katalon.core.keyword.builtin.VerifyEqualKeyword$_verifyEqual_closure1.doCall(VerifyEqualKeyword.groovy:58)
	at com.kms.katalon.core.keyword.builtin.VerifyEqualKeyword$_verifyEqual_closure1.call(VerifyEqualKeyword.groovy)
	at com.kms.katalon.core.keyword.internal.KeywordMain.runKeyword(KeywordMain.groovy:75)
	at com.kms.katalon.core.keyword.builtin.VerifyEqualKeyword.verifyEqual(VerifyEqualKeyword.groovy:63)
	at com.kms.katalon.core.keyword.builtin.VerifyEqualKeyword.execute(VerifyEqualKeyword.groovy:44)
	at com.kms.katalon.core.keyword.internal.KeywordExecutor.executeKeywordForPlatform(KeywordExecutor.groovy:74)
	at com.kms.katalon.core.keyword.BuiltinKeywords.verifyEqual(BuiltinKeywords.groovy:146)
	at jdk.internal.reflect.GeneratedMethodAccessor25.invoke(Unknown Source)
	at java.base/jdk.internal.reflect.DelegatingMethodAccessorImpl.invoke(DelegatingMethodAccessorImpl.java:43)
	at Выполнение бизнес-плана сверка дашбордов.CompareDZOData(Выполнение бизнес-плана сверка дашбордов:717)
	at Выполнение бизнес-плана сверка дашбордов.run(Выполнение бизнес-плана сверка дашбордов:608)
	at com.kms.katalon.core.main.ScriptEngine.run(ScriptEngine.java:194)
	at com.kms.katalon.core.main.ScriptEngine.runScriptAsRawText(ScriptEngine.java:119)
	at com.kms.katalon.core.main.TestCaseExecutor.runScript(TestCaseExecutor.java:448)
	at com.kms.katalon.core.main.TestCaseExecutor.doExecute(TestCaseExecutor.java:439)
	at com.kms.katalon.core.main.TestCaseExecutor.processExecutionPhase(TestCaseExecutor.java:418)
	at com.kms.katalon.core.main.TestCaseExecutor.accessMainPhase(TestCaseExecutor.java:410)
	at com.kms.katalon.core.main.TestCaseExecutor.execute(TestCaseExecutor.java:285)
	at com.kms.katalon.core.common.CommonExecutor.accessTestCaseMainPhase(CommonExecutor.java:65)
	at com.kms.katalon.core.main.TestSuiteExecutor.accessTestSuiteMainPhase(TestSuiteExecutor.java:150)
	at com.kms.katalon.core.main.TestSuiteExecutor.execute(TestSuiteExecutor.java:106)
	at com.kms.katalon.core.main.TestCaseMain.startTestSuite(TestCaseMain.java:180)
	at TempTestSuite1733111659562.run(TempTestSuite1733111659562.groovy:35)
	at java.base/jdk.internal.reflect.NativeMethodAccessorImpl.invoke0(Native Method)
	at java.base/jdk.internal.reflect.NativeMethodAccessorImpl.invoke(NativeMethodAccessorImpl.java:77)
	at java.base/jdk.internal.reflect.DelegatingMethodAccessorImpl.invoke(DelegatingMethodAccessorImpl.java:43)
)

02-12-2024T07:04:00 - [TEST_STEP][PASSED] - result = WriteToExcel(typeOfData, todaysDate, PercPlanR, PercPlanB, PercFactR, PercFactB, x, tabR, tabB, o1R, o1B, vidget): null

02-12-2024T07:04:00 - [TEST_STEP][PASSED] - iii = dZO.indexOf("/"): null

02-12-2024T07:04:00 - [TEST_STEP][PASSED] - println(iii): null

02-12-2024T07:04:00 - [TEST_STEP][PASSED] - dZO = dZO.substring(0, iii): null

02-12-2024T07:04:00 - [TEST_STEP][PASSED] - println(dZO): null

02-12-2024T07:04:00 - [TEST_STEP][PASSED] - println(PercPlanR): null

02-12-2024T07:04:00 - [TEST_STEP][PASSED] - println(PercPlanB): null

02-12-2024T07:04:00 - [TEST_STEP][PASSED] - println(PercFactR): null

02-12-2024T07:04:00 - [TEST_STEP][PASSED] - println(PercFactB): null

02-12-2024T07:04:00 - [TEST_STEP][PASSED] - println(tabR): null

02-12-2024T07:04:00 - [TEST_STEP][PASSED] - println(tabB): null

02-12-2024T07:04:00 - [TEST_STEP][PASSED] - println(o1R): null

02-12-2024T07:04:00 - [TEST_STEP][PASSED] - println(o1B): null

02-12-2024T07:04:00 - [TEST_STEP][PASSED] - PR = <not implemented yet for class: org.codehaus.groovy.ast.expr.EmptyExpression>: null

02-12-2024T07:04:00 - [TEST_STEP][PASSED] - FR = <not implemented yet for class: org.codehaus.groovy.ast.expr.EmptyExpression>: null

02-12-2024T07:04:00 - [TEST_STEP][PASSED] - PB = <not implemented yet for class: org.codehaus.groovy.ast.expr.EmptyExpression>: null

02-12-2024T07:04:04 - [TEST_STEP][PASSED] - FB = <not implemented yet for class: org.codehaus.groovy.ast.expr.EmptyExpression>: null

02-12-2024T07:04:04 - [TEST_STEP][PASSED] - TR = <not implemented yet for class: org.codehaus.groovy.ast.expr.EmptyExpression>: null

02-12-2024T07:04:04 - [TEST_STEP][PASSED] - TB = <not implemented yet for class: org.codehaus.groovy.ast.expr.EmptyExpression>: null

02-12-2024T07:04:04 - [TEST_STEP][PASSED] - sheetName = "Sheet1": null

02-12-2024T07:04:04 - [TEST_STEP][PASSED] - data = findTestData("PlanFact"): null

02-12-2024T07:04:04 - [TEST_STEP][PASSED] - n = data.getRowNumbers() + 1: null

02-12-2024T07:04:04 - [TEST_STEP][PASSED] - year = todaysDate.substring(todaysDate.length() - 4, todaysDate.length()): null

02-12-2024T07:04:04 - [TEST_STEP][PASSED] - y = year.toInteger(): null

02-12-2024T07:04:04 - [TEST_STEP][PASSED] - m = getText(findTestObject("Выполнение бизнес-плана/Выполнение бизнес-плана Балансы/Фильтр Дата")): Text of object 'Object Repository/Выполнение бизнес-плана/Выполнение бизнес-плана Балансы/Фильтр Дата' is: '1, 2, 3 кв., Октябрь 2024 года'

02-12-2024T07:04:05 - [MESSAGE][PASSED] - Text of object 'Object Repository/Выполнение бизнес-плана/Выполнение бизнес-плана Балансы/Фильтр Дата' is: '1, 2, 3 кв., Октябрь 2024 года'

02-12-2024T07:04:05 - [TEST_STEP][PASSED] - m = m.substring(0, m.indexOf("2024")): null

02-12-2024T07:04:05 - [TEST_STEP][PASSED] - m = m.trim(): null

02-12-2024T07:04:05 - [TEST_STEP][PASSED] - dashboardName = "Выполнение бизнес-плана": null

02-12-2024T07:04:05 - [TEST_STEP][PASSED] - workbook01 = getWorkbook(excelFilePath): null

02-12-2024T07:04:05 - [TEST_STEP][PASSED] - sheet01 = getExcelSheet(workbook01, sheetName): null

02-12-2024T07:04:05 - [TEST_STEP][PASSED] - setValueToCellByIndex(sheet01, n, 0, dashboardName): null

02-12-2024T07:04:05 - [TEST_STEP][PASSED] - setValueToCellByIndex(sheet01, n, 1, dZO): null

02-12-2024T07:04:05 - [TEST_STEP][PASSED] - setValueToCellByIndex(sheet01, n, 2, typeOfData): null

02-12-2024T07:04:05 - [TEST_STEP][PASSED] - setValueToCellByIndex(sheet01, n, 3, typeOfData): null

02-12-2024T07:04:05 - [TEST_STEP][PASSED] - if (typeOfData == "План"): null

02-12-2024T07:04:05 - [TEST_STEP][PASSED] - else if (typeOfData == "Факт"): null

02-12-2024T07:04:05 - [TEST_STEP][PASSED] - else if (vidget.contains("электроэнергии") == true): null

02-12-2024T07:04:05 - [TEST_STEP][PASSED] - if (tabR == null): null

02-12-2024T07:04:05 - [TEST_STEP][PASSED] - else: null

02-12-2024T07:04:05 - [TEST_STEP][PASSED] - if (tabR == "нет данных"): null

02-12-2024T07:04:05 - [TEST_STEP][PASSED] - setValueToCellByIndex(sheet01, n, 4, "нет данных"): null

02-12-2024T07:04:05 - [TEST_STEP][PASSED] - if (tabB == null): null

02-12-2024T07:04:05 - [TEST_STEP][PASSED] - else: null

02-12-2024T07:04:05 - [TEST_STEP][PASSED] - if (tabB == "нет данных"): null

02-12-2024T07:04:05 - [TEST_STEP][PASSED] - else: null

02-12-2024T07:04:05 - [TEST_STEP][PASSED] - TB = tabB.toInteger(): null

02-12-2024T07:04:05 - [TEST_STEP][PASSED] - setValueToCellByIndex(sheet01, n, 5, TB): null

02-12-2024T07:04:05 - [TEST_STEP][PASSED] - setValueToCellByIndex(sheet01, n, 6, m): null

02-12-2024T07:04:05 - [TEST_STEP][PASSED] - setValueToCellByIndex(sheet01, n, 7, y): null

02-12-2024T07:04:05 - [TEST_STEP][PASSED] - setValueToCellByIndex(sheet01, n, 8, todaysDate): null

02-12-2024T07:04:05 - [TEST_STEP][PASSED] - n = n + 1: null

02-12-2024T07:04:05 - [TEST_STEP][PASSED] - saveWorkbook(excelFilePath, workbook01): null

02-12-2024T07:04:05 - [TEST_STEP][PASSED] - typeOfData = "Факт Потери": null

02-12-2024T07:04:05 - [TEST_STEP][PASSED] - tabR = GetPFactR(x = a): null

02-12-2024T07:04:05 - [TEST_STEP][PASSED] - i1 = <not implemented yet for class: org.codehaus.groovy.ast.expr.EmptyExpression>: null

02-12-2024T07:04:05 - [TEST_STEP][PASSED] - ii = <not implemented yet for class: org.codehaus.groovy.ast.expr.EmptyExpression>: null

02-12-2024T07:04:05 - [TEST_STEP][PASSED] - for ([ii = 1, ii < 6, (ii++)]): null

02-12-2024T07:04:05 - [TEST_STEP][PASSED] - i1 = x.indexOf("/") + 1: null

02-12-2024T07:04:05 - [TEST_STEP][PASSED] - if (i1 > -1): null

02-12-2024T07:04:05 - [TEST_STEP][PASSED] - x = x.substring(i1, x.length()): null

02-12-2024T07:04:05 - [TEST_STEP][PASSED] - println(x): null

02-12-2024T07:04:05 - [TEST_STEP][PASSED] - i1 = x.indexOf("/") + 1: null

02-12-2024T07:04:05 - [TEST_STEP][PASSED] - if (i1 > -1): null

02-12-2024T07:04:05 - [TEST_STEP][PASSED] - x = x.substring(i1, x.length()): null

02-12-2024T07:04:05 - [TEST_STEP][PASSED] - println(x): null

02-12-2024T07:04:05 - [TEST_STEP][PASSED] - i1 = x.indexOf("/") + 1: null

02-12-2024T07:04:05 - [TEST_STEP][PASSED] - if (i1 > -1): null

02-12-2024T07:04:05 - [TEST_STEP][PASSED] - x = x.substring(i1, x.length()): null

02-12-2024T07:04:05 - [TEST_STEP][PASSED] - println(x): null

02-12-2024T07:04:05 - [TEST_STEP][PASSED] - i1 = x.indexOf("/") + 1: null

02-12-2024T07:04:05 - [TEST_STEP][PASSED] - if (i1 > -1): null

02-12-2024T07:04:05 - [TEST_STEP][PASSED] - x = x.substring(i1, x.length()): null

02-12-2024T07:04:05 - [TEST_STEP][PASSED] - println(x): null

02-12-2024T07:04:05 - [TEST_STEP][PASSED] - i1 = x.indexOf("/") + 1: null

02-12-2024T07:04:05 - [TEST_STEP][PASSED] - if (i1 > -1): null

02-12-2024T07:04:05 - [TEST_STEP][PASSED] - x = x.substring(i1, x.length()): null

02-12-2024T07:04:05 - [TEST_STEP][PASSED] - println(x): null

02-12-2024T07:04:05 - [TEST_STEP][PASSED] - i1 = x.indexOf("/"): null

02-12-2024T07:04:05 - [TEST_STEP][PASSED] - if (i1 > -1): null

02-12-2024T07:04:05 - [TEST_STEP][PASSED] - x = x.substring(0, i1): null

02-12-2024T07:04:05 - [TEST_STEP][PASSED] - println(x): null

02-12-2024T07:04:05 - [TEST_STEP][PASSED] - return x: null

02-12-2024T07:04:05 - [TEST_STEP][PASSED] - tabB = GetPFactB(x = b): null

02-12-2024T07:04:05 - [TEST_STEP][PASSED] - i1 = <not implemented yet for class: org.codehaus.groovy.ast.expr.EmptyExpression>: null

02-12-2024T07:04:05 - [TEST_STEP][PASSED] - ii = <not implemented yet for class: org.codehaus.groovy.ast.expr.EmptyExpression>: null

02-12-2024T07:04:05 - [TEST_STEP][PASSED] - for ([ii = 1, ii < 6, (ii++)]): null

02-12-2024T07:04:05 - [TEST_STEP][PASSED] - i1 = x.indexOf("/") + 1: null

02-12-2024T07:04:05 - [TEST_STEP][PASSED] - if (i1 > -1): null

02-12-2024T07:04:05 - [TEST_STEP][PASSED] - x = x.substring(i1, x.length()): null

02-12-2024T07:04:05 - [TEST_STEP][PASSED] - println(x): null

02-12-2024T07:04:05 - [TEST_STEP][PASSED] - i1 = x.indexOf("/") + 1: null

02-12-2024T07:04:05 - [TEST_STEP][PASSED] - if (i1 > -1): null

02-12-2024T07:04:05 - [TEST_STEP][PASSED] - x = x.substring(i1, x.length()): null

02-12-2024T07:04:05 - [TEST_STEP][PASSED] - println(x): null

02-12-2024T07:04:05 - [TEST_STEP][PASSED] - i1 = x.indexOf("/") + 1: null

02-12-2024T07:04:05 - [TEST_STEP][PASSED] - if (i1 > -1): null

02-12-2024T07:04:05 - [TEST_STEP][PASSED] - x = x.substring(i1, x.length()): null

02-12-2024T07:04:05 - [TEST_STEP][PASSED] - println(x): null

02-12-2024T07:04:05 - [TEST_STEP][PASSED] - i1 = x.indexOf("/") + 1: null

02-12-2024T07:04:05 - [TEST_STEP][PASSED] - if (i1 > -1): null

02-12-2024T07:04:05 - [TEST_STEP][PASSED] - x = x.substring(i1, x.length()): null

02-12-2024T07:04:05 - [TEST_STEP][PASSED] - println(x): null

02-12-2024T07:04:05 - [TEST_STEP][PASSED] - i1 = x.indexOf("/") + 1: null

02-12-2024T07:04:05 - [TEST_STEP][PASSED] - if (i1 > -1): null

02-12-2024T07:04:05 - [TEST_STEP][PASSED] - x = x.substring(i1, x.length()): null

02-12-2024T07:04:05 - [TEST_STEP][PASSED] - println(x): null

02-12-2024T07:04:05 - [TEST_STEP][PASSED] - i1 = x.indexOf("/"): null

02-12-2024T07:04:05 - [TEST_STEP][PASSED] - if (i1 > -1): null

02-12-2024T07:04:05 - [TEST_STEP][PASSED] - x = x.substring(0, i1): null

02-12-2024T07:04:05 - [TEST_STEP][PASSED] - println(x): null

02-12-2024T07:04:05 - [TEST_STEP][FAILED] - return x: null

02-12-2024T07:04:05 - [TEST_STEP][PASSED] - println(tabR + "/" + tabB): null

02-12-2024T07:04:05 - [TEST_STEP][FAILED] - if (verifyEqual(tabR, tabB) == false): null

02-12-2024T07:04:05 - [MESSAGE][FAILED] - Unable to verify equal between actual object 'нет данных' and expected object '3372962' (Root cause: com.kms.katalon.core.exception.StepFailedException: Actual object 'нет данных' and expected object '3372962' are not equal
	at com.kms.katalon.core.keyword.builtin.VerifyEqualKeyword$_verifyEqual_closure1.doCall(VerifyEqualKeyword.groovy:58)
	at com.kms.katalon.core.keyword.builtin.VerifyEqualKeyword$_verifyEqual_closure1.call(VerifyEqualKeyword.groovy)
	at com.kms.katalon.core.keyword.internal.KeywordMain.runKeyword(KeywordMain.groovy:75)
	at com.kms.katalon.core.keyword.builtin.VerifyEqualKeyword.verifyEqual(VerifyEqualKeyword.groovy:63)
	at com.kms.katalon.core.keyword.builtin.VerifyEqualKeyword.execute(VerifyEqualKeyword.groovy:44)
	at com.kms.katalon.core.keyword.internal.KeywordExecutor.executeKeywordForPlatform(KeywordExecutor.groovy:74)
	at com.kms.katalon.core.keyword.BuiltinKeywords.verifyEqual(BuiltinKeywords.groovy:146)
	at jdk.internal.reflect.GeneratedMethodAccessor25.invoke(Unknown Source)
	at java.base/jdk.internal.reflect.DelegatingMethodAccessorImpl.invoke(DelegatingMethodAccessorImpl.java:43)
	at Выполнение бизнес-плана сверка дашбордов.CompareDZOData(Выполнение бизнес-плана сверка дашбордов:730)
	at Выполнение бизнес-плана сверка дашбордов.run(Выполнение бизнес-плана сверка дашбордов:608)
	at com.kms.katalon.core.main.ScriptEngine.run(ScriptEngine.java:194)
	at com.kms.katalon.core.main.ScriptEngine.runScriptAsRawText(ScriptEngine.java:119)
	at com.kms.katalon.core.main.TestCaseExecutor.runScript(TestCaseExecutor.java:448)
	at com.kms.katalon.core.main.TestCaseExecutor.doExecute(TestCaseExecutor.java:439)
	at com.kms.katalon.core.main.TestCaseExecutor.processExecutionPhase(TestCaseExecutor.java:418)
	at com.kms.katalon.core.main.TestCaseExecutor.accessMainPhase(TestCaseExecutor.java:410)
	at com.kms.katalon.core.main.TestCaseExecutor.execute(TestCaseExecutor.java:285)
	at com.kms.katalon.core.common.CommonExecutor.accessTestCaseMainPhase(CommonExecutor.java:65)
	at com.kms.katalon.core.main.TestSuiteExecutor.accessTestSuiteMainPhase(TestSuiteExecutor.java:150)
	at com.kms.katalon.core.main.TestSuiteExecutor.execute(TestSuiteExecutor.java:106)
	at com.kms.katalon.core.main.TestCaseMain.startTestSuite(TestCaseMain.java:180)
	at TempTestSuite1733111659562.run(TempTestSuite1733111659562.groovy:35)
	at java.base/jdk.internal.reflect.NativeMethodAccessorImpl.invoke0(Native Method)
	at java.base/jdk.internal.reflect.NativeMethodAccessorImpl.invoke(NativeMethodAccessorImpl.java:77)
	at java.base/jdk.internal.reflect.DelegatingMethodAccessorImpl.invoke(DelegatingMethodAccessorImpl.java:43)
)

02-12-2024T07:04:05 - [TEST_STEP][PASSED] - result = WriteToExcel(typeOfData, todaysDate, PercPlanR, PercPlanB, PercFactR, PercFactB, x, tabR, tabB, o1R, o1B, vidget): null

02-12-2024T07:04:05 - [TEST_STEP][PASSED] - iii = dZO.indexOf("/"): null

02-12-2024T07:04:05 - [TEST_STEP][PASSED] - println(iii): null

02-12-2024T07:04:05 - [TEST_STEP][PASSED] - dZO = dZO.substring(0, iii): null

02-12-2024T07:04:05 - [TEST_STEP][PASSED] - println(dZO): null

02-12-2024T07:04:05 - [TEST_STEP][PASSED] - println(PercPlanR): null

02-12-2024T07:04:05 - [TEST_STEP][PASSED] - println(PercPlanB): null

02-12-2024T07:04:05 - [TEST_STEP][PASSED] - println(PercFactR): null

02-12-2024T07:04:05 - [TEST_STEP][PASSED] - println(PercFactB): null

02-12-2024T07:04:05 - [TEST_STEP][PASSED] - println(tabR): null

02-12-2024T07:04:05 - [TEST_STEP][PASSED] - println(tabB): null

02-12-2024T07:04:05 - [TEST_STEP][PASSED] - println(o1R): null

02-12-2024T07:04:05 - [TEST_STEP][PASSED] - println(o1B): null

02-12-2024T07:04:05 - [TEST_STEP][PASSED] - PR = <not implemented yet for class: org.codehaus.groovy.ast.expr.EmptyExpression>: null

02-12-2024T07:04:05 - [TEST_STEP][PASSED] - FR = <not implemented yet for class: org.codehaus.groovy.ast.expr.EmptyExpression>: null

02-12-2024T07:04:05 - [TEST_STEP][PASSED] - PB = <not implemented yet for class: org.codehaus.groovy.ast.expr.EmptyExpression>: null

02-12-2024T07:04:05 - [TEST_STEP][PASSED] - FB = <not implemented yet for class: org.codehaus.groovy.ast.expr.EmptyExpression>: null

02-12-2024T07:04:05 - [TEST_STEP][PASSED] - TR = <not implemented yet for class: org.codehaus.groovy.ast.expr.EmptyExpression>: null

02-12-2024T07:04:05 - [TEST_STEP][PASSED] - TB = <not implemented yet for class: org.codehaus.groovy.ast.expr.EmptyExpression>: null

02-12-2024T07:04:05 - [TEST_STEP][PASSED] - sheetName = "Sheet1": null

02-12-2024T07:04:05 - [TEST_STEP][PASSED] - data = findTestData("PlanFact"): null

02-12-2024T07:04:05 - [TEST_STEP][PASSED] - n = data.getRowNumbers() + 1: null

02-12-2024T07:04:05 - [TEST_STEP][PASSED] - year = todaysDate.substring(todaysDate.length() - 4, todaysDate.length()): null

02-12-2024T07:04:05 - [TEST_STEP][PASSED] - y = year.toInteger(): null

02-12-2024T07:04:05 - [TEST_STEP][PASSED] - m = getText(findTestObject("Выполнение бизнес-плана/Выполнение бизнес-плана Балансы/Фильтр Дата")): Text of object 'Object Repository/Выполнение бизнес-плана/Выполнение бизнес-плана Балансы/Фильтр Дата' is: '1, 2, 3 кв., Октябрь 2024 года'

02-12-2024T07:04:05 - [MESSAGE][PASSED] - Text of object 'Object Repository/Выполнение бизнес-плана/Выполнение бизнес-плана Балансы/Фильтр Дата' is: '1, 2, 3 кв., Октябрь 2024 года'

02-12-2024T07:04:05 - [TEST_STEP][PASSED] - m = m.substring(0, m.indexOf("2024")): null

02-12-2024T07:04:05 - [TEST_STEP][PASSED] - m = m.trim(): null

02-12-2024T07:04:05 - [TEST_STEP][PASSED] - dashboardName = "Выполнение бизнес-плана": null

02-12-2024T07:04:05 - [TEST_STEP][PASSED] - workbook01 = getWorkbook(excelFilePath): null

02-12-2024T07:04:05 - [TEST_STEP][PASSED] - sheet01 = getExcelSheet(workbook01, sheetName): null

02-12-2024T07:04:05 - [TEST_STEP][PASSED] - setValueToCellByIndex(sheet01, n, 0, dashboardName): null

02-12-2024T07:04:05 - [TEST_STEP][PASSED] - setValueToCellByIndex(sheet01, n, 1, dZO): null

02-12-2024T07:04:05 - [TEST_STEP][PASSED] - setValueToCellByIndex(sheet01, n, 2, typeOfData): null

02-12-2024T07:04:05 - [TEST_STEP][PASSED] - setValueToCellByIndex(sheet01, n, 3, typeOfData): null

02-12-2024T07:04:05 - [TEST_STEP][PASSED] - if (typeOfData == "План"): null

02-12-2024T07:04:05 - [TEST_STEP][PASSED] - else if (typeOfData == "Факт"): null

02-12-2024T07:04:05 - [TEST_STEP][PASSED] - else if (vidget.contains("электроэнергии") == true): null

02-12-2024T07:04:05 - [TEST_STEP][PASSED] - if (tabR == null): null

02-12-2024T07:04:05 - [TEST_STEP][PASSED] - else: null

02-12-2024T07:04:05 - [TEST_STEP][PASSED] - if (tabR == "нет данных"): null

02-12-2024T07:04:05 - [TEST_STEP][PASSED] - setValueToCellByIndex(sheet01, n, 4, "нет данных"): null

02-12-2024T07:04:05 - [TEST_STEP][PASSED] - if (tabB == null): null

02-12-2024T07:04:05 - [TEST_STEP][PASSED] - else: null

02-12-2024T07:04:05 - [TEST_STEP][PASSED] - if (tabB == "нет данных"): null

02-12-2024T07:04:05 - [TEST_STEP][PASSED] - else: null

02-12-2024T07:04:05 - [TEST_STEP][PASSED] - TB = tabB.toInteger(): null

02-12-2024T07:04:05 - [TEST_STEP][PASSED] - setValueToCellByIndex(sheet01, n, 5, TB): null

02-12-2024T07:04:05 - [TEST_STEP][PASSED] - setValueToCellByIndex(sheet01, n, 6, m): null

02-12-2024T07:04:05 - [TEST_STEP][PASSED] - setValueToCellByIndex(sheet01, n, 7, y): null

02-12-2024T07:04:05 - [TEST_STEP][PASSED] - setValueToCellByIndex(sheet01, n, 8, todaysDate): null

02-12-2024T07:04:05 - [TEST_STEP][PASSED] - n = n + 1: null

02-12-2024T07:04:05 - [TEST_STEP][PASSED] - saveWorkbook(excelFilePath, workbook01): null

02-12-2024T07:04:06 - [TEST_STEP][PASSED] - vidget = "Показатели баланса электроэнергии по ДЗО – План": null

02-12-2024T07:04:06 - [TEST_STEP][PASSED] - typeOfData = "План Отпуск в сеть": null

02-12-2024T07:04:06 - [TEST_STEP][PASSED] - tabR = GetOvSPlanR(x = a): null

02-12-2024T07:04:06 - [TEST_STEP][PASSED] - i1 = <not implemented yet for class: org.codehaus.groovy.ast.expr.EmptyExpression>: null

02-12-2024T07:04:06 - [TEST_STEP][PASSED] - ii = <not implemented yet for class: org.codehaus.groovy.ast.expr.EmptyExpression>: null

02-12-2024T07:04:06 - [TEST_STEP][PASSED] - for ([ii = 1, ii < 7, (ii++)]): null

02-12-2024T07:04:06 - [TEST_STEP][PASSED] - i1 = x.indexOf("/") + 1: null

02-12-2024T07:04:06 - [TEST_STEP][PASSED] - if (i1 > -1): null

02-12-2024T07:04:06 - [TEST_STEP][PASSED] - x = x.substring(i1, x.length()): null

02-12-2024T07:04:06 - [TEST_STEP][PASSED] - println(x): null

02-12-2024T07:04:06 - [TEST_STEP][PASSED] - i1 = x.indexOf("/") + 1: null

02-12-2024T07:04:06 - [TEST_STEP][PASSED] - if (i1 > -1): null

02-12-2024T07:04:06 - [TEST_STEP][PASSED] - x = x.substring(i1, x.length()): null

02-12-2024T07:04:06 - [TEST_STEP][PASSED] - println(x): null

02-12-2024T07:04:06 - [TEST_STEP][PASSED] - i1 = x.indexOf("/") + 1: null

02-12-2024T07:04:06 - [TEST_STEP][PASSED] - if (i1 > -1): null

02-12-2024T07:04:06 - [TEST_STEP][PASSED] - x = x.substring(i1, x.length()): null

02-12-2024T07:04:06 - [TEST_STEP][PASSED] - println(x): null

02-12-2024T07:04:06 - [TEST_STEP][PASSED] - i1 = x.indexOf("/") + 1: null

02-12-2024T07:04:06 - [TEST_STEP][PASSED] - if (i1 > -1): null

02-12-2024T07:04:06 - [TEST_STEP][PASSED] - x = x.substring(i1, x.length()): null

02-12-2024T07:04:06 - [TEST_STEP][PASSED] - println(x): null

02-12-2024T07:04:06 - [TEST_STEP][PASSED] - i1 = x.indexOf("/") + 1: null

02-12-2024T07:04:06 - [TEST_STEP][PASSED] - if (i1 > -1): null

02-12-2024T07:04:06 - [TEST_STEP][PASSED] - x = x.substring(i1, x.length()): null

02-12-2024T07:04:06 - [TEST_STEP][PASSED] - println(x): null

02-12-2024T07:04:06 - [TEST_STEP][PASSED] - i1 = x.indexOf("/") + 1: null

02-12-2024T07:04:06 - [TEST_STEP][PASSED] - if (i1 > -1): null

02-12-2024T07:04:06 - [TEST_STEP][PASSED] - x = x.substring(i1, x.length()): null

02-12-2024T07:04:06 - [TEST_STEP][PASSED] - println(x): null

02-12-2024T07:04:06 - [TEST_STEP][PASSED] - i1 = x.indexOf("/"): null

02-12-2024T07:04:06 - [TEST_STEP][PASSED] - if (i1 > -1): null

02-12-2024T07:04:06 - [TEST_STEP][PASSED] - x = x.substring(0, i1): null

02-12-2024T07:04:06 - [TEST_STEP][PASSED] - println(x): null

02-12-2024T07:04:06 - [TEST_STEP][PASSED] - return x: null

02-12-2024T07:04:06 - [TEST_STEP][PASSED] - tabB = GetOvSPlanB(x = b): null

02-12-2024T07:04:06 - [TEST_STEP][PASSED] - i1 = <not implemented yet for class: org.codehaus.groovy.ast.expr.EmptyExpression>: null

02-12-2024T07:04:06 - [TEST_STEP][PASSED] - ii = <not implemented yet for class: org.codehaus.groovy.ast.expr.EmptyExpression>: null

02-12-2024T07:04:06 - [TEST_STEP][PASSED] - for ([ii = 1, ii < 7, (ii++)]): null

02-12-2024T07:04:06 - [TEST_STEP][PASSED] - i1 = x.indexOf("/") + 1: null

02-12-2024T07:04:06 - [TEST_STEP][PASSED] - if (i1 > -1): null

02-12-2024T07:04:06 - [TEST_STEP][PASSED] - x = x.substring(i1, x.length()): null

02-12-2024T07:04:06 - [TEST_STEP][PASSED] - println(x): null

02-12-2024T07:04:06 - [TEST_STEP][PASSED] - i1 = x.indexOf("/") + 1: null

02-12-2024T07:04:06 - [TEST_STEP][PASSED] - if (i1 > -1): null

02-12-2024T07:04:06 - [TEST_STEP][PASSED] - x = x.substring(i1, x.length()): null

02-12-2024T07:04:06 - [TEST_STEP][PASSED] - println(x): null

02-12-2024T07:04:06 - [TEST_STEP][PASSED] - i1 = x.indexOf("/") + 1: null

02-12-2024T07:04:06 - [TEST_STEP][PASSED] - if (i1 > -1): null

02-12-2024T07:04:06 - [TEST_STEP][PASSED] - x = x.substring(i1, x.length()): null

02-12-2024T07:04:06 - [TEST_STEP][PASSED] - println(x): null

02-12-2024T07:04:06 - [TEST_STEP][PASSED] - i1 = x.indexOf("/") + 1: null

02-12-2024T07:04:06 - [TEST_STEP][PASSED] - if (i1 > -1): null

02-12-2024T07:04:06 - [TEST_STEP][PASSED] - x = x.substring(i1, x.length()): null

02-12-2024T07:04:06 - [TEST_STEP][PASSED] - println(x): null

02-12-2024T07:04:06 - [TEST_STEP][PASSED] - i1 = x.indexOf("/") + 1: null

02-12-2024T07:04:06 - [TEST_STEP][PASSED] - if (i1 > -1): null

02-12-2024T07:04:06 - [TEST_STEP][PASSED] - x = x.substring(i1, x.length()): null

02-12-2024T07:04:06 - [TEST_STEP][PASSED] - println(x): null

02-12-2024T07:04:06 - [TEST_STEP][PASSED] - i1 = x.indexOf("/") + 1: null

02-12-2024T07:04:06 - [TEST_STEP][PASSED] - if (i1 > -1): null

02-12-2024T07:04:06 - [TEST_STEP][PASSED] - x = x.substring(i1, x.length()): null

02-12-2024T07:04:06 - [TEST_STEP][PASSED] - println(x): null

02-12-2024T07:04:06 - [TEST_STEP][PASSED] - i1 = x.indexOf("/"): null

02-12-2024T07:04:06 - [TEST_STEP][PASSED] - if (i1 > -1): null

02-12-2024T07:04:06 - [TEST_STEP][PASSED] - x = x.substring(0, i1): null

02-12-2024T07:04:06 - [TEST_STEP][PASSED] - println(x): null

02-12-2024T07:04:06 - [TEST_STEP][FAILED] - return x: null

02-12-2024T07:04:06 - [TEST_STEP][PASSED] - println(tabR + "/" + tabB): null

02-12-2024T07:04:06 - [TEST_STEP][FAILED] - if (verifyEqual(PercFactR, PercFactB) == false): null

02-12-2024T07:04:06 - [MESSAGE][FAILED] - Unable to verify equal between actual object 'нет данных' and expected object '10.72' (Root cause: com.kms.katalon.core.exception.StepFailedException: Actual object 'нет данных' and expected object '10.72' are not equal
	at com.kms.katalon.core.keyword.builtin.VerifyEqualKeyword$_verifyEqual_closure1.doCall(VerifyEqualKeyword.groovy:58)
	at com.kms.katalon.core.keyword.builtin.VerifyEqualKeyword$_verifyEqual_closure1.call(VerifyEqualKeyword.groovy)
	at com.kms.katalon.core.keyword.internal.KeywordMain.runKeyword(KeywordMain.groovy:75)
	at com.kms.katalon.core.keyword.builtin.VerifyEqualKeyword.verifyEqual(VerifyEqualKeyword.groovy:63)
	at com.kms.katalon.core.keyword.builtin.VerifyEqualKeyword.execute(VerifyEqualKeyword.groovy:44)
	at com.kms.katalon.core.keyword.internal.KeywordExecutor.executeKeywordForPlatform(KeywordExecutor.groovy:74)
	at com.kms.katalon.core.keyword.BuiltinKeywords.verifyEqual(BuiltinKeywords.groovy:146)
	at jdk.internal.reflect.GeneratedMethodAccessor25.invoke(Unknown Source)
	at java.base/jdk.internal.reflect.DelegatingMethodAccessorImpl.invoke(DelegatingMethodAccessorImpl.java:43)
	at Выполнение бизнес-плана сверка дашбордов.CompareDZOData(Выполнение бизнес-плана сверка дашбордов:745)
	at Выполнение бизнес-плана сверка дашбордов.run(Выполнение бизнес-плана сверка дашбордов:608)
	at com.kms.katalon.core.main.ScriptEngine.run(ScriptEngine.java:194)
	at com.kms.katalon.core.main.ScriptEngine.runScriptAsRawText(ScriptEngine.java:119)
	at com.kms.katalon.core.main.TestCaseExecutor.runScript(TestCaseExecutor.java:448)
	at com.kms.katalon.core.main.TestCaseExecutor.doExecute(TestCaseExecutor.java:439)
	at com.kms.katalon.core.main.TestCaseExecutor.processExecutionPhase(TestCaseExecutor.java:418)
	at com.kms.katalon.core.main.TestCaseExecutor.accessMainPhase(TestCaseExecutor.java:410)
	at com.kms.katalon.core.main.TestCaseExecutor.execute(TestCaseExecutor.java:285)
	at com.kms.katalon.core.common.CommonExecutor.accessTestCaseMainPhase(CommonExecutor.java:65)
	at com.kms.katalon.core.main.TestSuiteExecutor.accessTestSuiteMainPhase(TestSuiteExecutor.java:150)
	at com.kms.katalon.core.main.TestSuiteExecutor.execute(TestSuiteExecutor.java:106)
	at com.kms.katalon.core.main.TestCaseMain.startTestSuite(TestCaseMain.java:180)
	at TempTestSuite1733111659562.run(TempTestSuite1733111659562.groovy:35)
	at java.base/jdk.internal.reflect.NativeMethodAccessorImpl.invoke0(Native Method)
	at java.base/jdk.internal.reflect.NativeMethodAccessorImpl.invoke(NativeMethodAccessorImpl.java:77)
	at java.base/jdk.internal.reflect.DelegatingMethodAccessorImpl.invoke(DelegatingMethodAccessorImpl.java:43)
)

02-12-2024T07:04:06 - [TEST_STEP][PASSED] - result = WriteToExcel(typeOfData, todaysDate, PercPlanR, PercPlanB, PercFactR, PercFactB, x, tabR, tabB, o1R, o1B, vidget): null

02-12-2024T07:04:06 - [TEST_STEP][PASSED] - iii = dZO.indexOf("/"): null

02-12-2024T07:04:06 - [TEST_STEP][PASSED] - println(iii): null

02-12-2024T07:04:06 - [TEST_STEP][PASSED] - dZO = dZO.substring(0, iii): null

02-12-2024T07:04:06 - [TEST_STEP][PASSED] - println(dZO): null

02-12-2024T07:04:06 - [TEST_STEP][PASSED] - println(PercPlanR): null

02-12-2024T07:04:06 - [TEST_STEP][PASSED] - println(PercPlanB): null

02-12-2024T07:04:06 - [TEST_STEP][PASSED] - println(PercFactR): null

02-12-2024T07:04:06 - [TEST_STEP][PASSED] - println(PercFactB): null

02-12-2024T07:04:06 - [TEST_STEP][PASSED] - println(tabR): null

02-12-2024T07:04:06 - [TEST_STEP][PASSED] - println(tabB): null

02-12-2024T07:04:06 - [TEST_STEP][PASSED] - println(o1R): null

02-12-2024T07:04:06 - [TEST_STEP][PASSED] - println(o1B): null

02-12-2024T07:04:06 - [TEST_STEP][PASSED] - PR = <not implemented yet for class: org.codehaus.groovy.ast.expr.EmptyExpression>: null

02-12-2024T07:04:06 - [TEST_STEP][PASSED] - FR = <not implemented yet for class: org.codehaus.groovy.ast.expr.EmptyExpression>: null

02-12-2024T07:04:06 - [TEST_STEP][PASSED] - PB = <not implemented yet for class: org.codehaus.groovy.ast.expr.EmptyExpression>: null

02-12-2024T07:04:06 - [TEST_STEP][PASSED] - FB = <not implemented yet for class: org.codehaus.groovy.ast.expr.EmptyExpression>: null

02-12-2024T07:04:06 - [TEST_STEP][PASSED] - TR = <not implemented yet for class: org.codehaus.groovy.ast.expr.EmptyExpression>: null

02-12-2024T07:04:06 - [TEST_STEP][PASSED] - TB = <not implemented yet for class: org.codehaus.groovy.ast.expr.EmptyExpression>: null

02-12-2024T07:04:06 - [TEST_STEP][PASSED] - sheetName = "Sheet1": null

02-12-2024T07:04:06 - [TEST_STEP][PASSED] - data = findTestData("PlanFact"): null

02-12-2024T07:04:06 - [TEST_STEP][PASSED] - n = data.getRowNumbers() + 1: null

02-12-2024T07:04:06 - [TEST_STEP][PASSED] - year = todaysDate.substring(todaysDate.length() - 4, todaysDate.length()): null

02-12-2024T07:04:06 - [TEST_STEP][PASSED] - y = year.toInteger(): null

02-12-2024T07:04:06 - [TEST_STEP][PASSED] - m = getText(findTestObject("Выполнение бизнес-плана/Выполнение бизнес-плана Балансы/Фильтр Дата")): Text of object 'Object Repository/Выполнение бизнес-плана/Выполнение бизнес-плана Балансы/Фильтр Дата' is: '1, 2, 3 кв., Октябрь 2024 года'

02-12-2024T07:04:06 - [MESSAGE][PASSED] - Text of object 'Object Repository/Выполнение бизнес-плана/Выполнение бизнес-плана Балансы/Фильтр Дата' is: '1, 2, 3 кв., Октябрь 2024 года'

02-12-2024T07:04:06 - [TEST_STEP][PASSED] - m = m.substring(0, m.indexOf("2024")): null

02-12-2024T07:04:06 - [TEST_STEP][PASSED] - m = m.trim(): null

02-12-2024T07:04:06 - [TEST_STEP][PASSED] - dashboardName = "Выполнение бизнес-плана": null

02-12-2024T07:04:06 - [TEST_STEP][PASSED] - workbook01 = getWorkbook(excelFilePath): null

02-12-2024T07:04:06 - [TEST_STEP][PASSED] - sheet01 = getExcelSheet(workbook01, sheetName): null

02-12-2024T07:04:06 - [TEST_STEP][PASSED] - setValueToCellByIndex(sheet01, n, 0, dashboardName): null

02-12-2024T07:04:06 - [TEST_STEP][PASSED] - setValueToCellByIndex(sheet01, n, 1, dZO): null

02-12-2024T07:04:06 - [TEST_STEP][PASSED] - setValueToCellByIndex(sheet01, n, 2, typeOfData): null

02-12-2024T07:04:06 - [TEST_STEP][PASSED] - setValueToCellByIndex(sheet01, n, 3, typeOfData): null

02-12-2024T07:04:06 - [TEST_STEP][PASSED] - if (typeOfData == "План"): null

02-12-2024T07:04:06 - [TEST_STEP][PASSED] - else if (typeOfData == "Факт"): null

02-12-2024T07:04:06 - [TEST_STEP][PASSED] - else if (vidget.contains("электроэнергии") == true): null

02-12-2024T07:04:06 - [TEST_STEP][PASSED] - if (tabR == null): null

02-12-2024T07:04:06 - [TEST_STEP][PASSED] - else: null

02-12-2024T07:04:06 - [TEST_STEP][PASSED] - if (tabR == "нет данных"): null

02-12-2024T07:04:06 - [TEST_STEP][PASSED] - setValueToCellByIndex(sheet01, n, 4, "нет данных"): null

02-12-2024T07:04:06 - [TEST_STEP][PASSED] - if (tabB == null): null

02-12-2024T07:04:06 - [TEST_STEP][PASSED] - else: null

02-12-2024T07:04:06 - [TEST_STEP][PASSED] - if (tabB == "нет данных"): null

02-12-2024T07:04:06 - [TEST_STEP][PASSED] - else: null

02-12-2024T07:04:06 - [TEST_STEP][PASSED] - TB = tabB.toInteger(): null

02-12-2024T07:04:06 - [TEST_STEP][PASSED] - setValueToCellByIndex(sheet01, n, 5, TB): null

02-12-2024T07:04:06 - [TEST_STEP][PASSED] - setValueToCellByIndex(sheet01, n, 6, m): null

02-12-2024T07:04:06 - [TEST_STEP][PASSED] - setValueToCellByIndex(sheet01, n, 7, y): null

02-12-2024T07:04:06 - [TEST_STEP][PASSED] - setValueToCellByIndex(sheet01, n, 8, todaysDate): null

02-12-2024T07:04:06 - [TEST_STEP][PASSED] - n = n + 1: null

02-12-2024T07:04:06 - [TEST_STEP][PASSED] - saveWorkbook(excelFilePath, workbook01): null

02-12-2024T07:04:06 - [TEST_STEP][PASSED] - typeOfData = "План Отпуск из сети": null

02-12-2024T07:04:06 - [TEST_STEP][PASSED] - tabR = GetOiSPlanR(x = a): null

02-12-2024T07:04:06 - [TEST_STEP][PASSED] - i1 = <not implemented yet for class: org.codehaus.groovy.ast.expr.EmptyExpression>: null

02-12-2024T07:04:06 - [TEST_STEP][PASSED] - ii = <not implemented yet for class: org.codehaus.groovy.ast.expr.EmptyExpression>: null

02-12-2024T07:04:06 - [TEST_STEP][PASSED] - for ([ii = 1, ii < 8, (ii++)]): null

02-12-2024T07:04:06 - [TEST_STEP][PASSED] - i1 = x.indexOf("/") + 1: null

02-12-2024T07:04:06 - [TEST_STEP][PASSED] - if (i1 > -1): null

02-12-2024T07:04:06 - [TEST_STEP][PASSED] - x = x.substring(i1, x.length()): null

02-12-2024T07:04:06 - [TEST_STEP][PASSED] - println(x): null

02-12-2024T07:04:06 - [TEST_STEP][PASSED] - i1 = x.indexOf("/") + 1: null

02-12-2024T07:04:06 - [TEST_STEP][PASSED] - if (i1 > -1): null

02-12-2024T07:04:06 - [TEST_STEP][PASSED] - x = x.substring(i1, x.length()): null

02-12-2024T07:04:06 - [TEST_STEP][PASSED] - println(x): null

02-12-2024T07:04:06 - [TEST_STEP][PASSED] - i1 = x.indexOf("/") + 1: null

02-12-2024T07:04:06 - [TEST_STEP][PASSED] - if (i1 > -1): null

02-12-2024T07:04:06 - [TEST_STEP][PASSED] - x = x.substring(i1, x.length()): null

02-12-2024T07:04:06 - [TEST_STEP][PASSED] - println(x): null

02-12-2024T07:04:06 - [TEST_STEP][PASSED] - i1 = x.indexOf("/") + 1: null

02-12-2024T07:04:06 - [TEST_STEP][PASSED] - if (i1 > -1): null

02-12-2024T07:04:06 - [TEST_STEP][PASSED] - x = x.substring(i1, x.length()): null

02-12-2024T07:04:06 - [TEST_STEP][PASSED] - println(x): null

02-12-2024T07:04:06 - [TEST_STEP][PASSED] - i1 = x.indexOf("/") + 1: null

02-12-2024T07:04:06 - [TEST_STEP][PASSED] - if (i1 > -1): null

02-12-2024T07:04:06 - [TEST_STEP][PASSED] - x = x.substring(i1, x.length()): null

02-12-2024T07:04:06 - [TEST_STEP][PASSED] - println(x): null

02-12-2024T07:04:06 - [TEST_STEP][PASSED] - i1 = x.indexOf("/") + 1: null

02-12-2024T07:04:06 - [TEST_STEP][PASSED] - if (i1 > -1): null

02-12-2024T07:04:06 - [TEST_STEP][PASSED] - x = x.substring(i1, x.length()): null

02-12-2024T07:04:06 - [TEST_STEP][PASSED] - println(x): null

02-12-2024T07:04:06 - [TEST_STEP][PASSED] - i1 = x.indexOf("/") + 1: null

02-12-2024T07:04:06 - [TEST_STEP][PASSED] - if (i1 > -1): null

02-12-2024T07:04:06 - [TEST_STEP][PASSED] - x = x.substring(i1, x.length()): null

02-12-2024T07:04:06 - [TEST_STEP][PASSED] - println(x): null

02-12-2024T07:04:06 - [TEST_STEP][PASSED] - i1 = x.indexOf("/"): null

02-12-2024T07:04:06 - [TEST_STEP][PASSED] - if (i1 > -1): null

02-12-2024T07:04:06 - [TEST_STEP][PASSED] - x = x.substring(0, i1): null

02-12-2024T07:04:06 - [TEST_STEP][PASSED] - println(x): null

02-12-2024T07:04:06 - [TEST_STEP][PASSED] - return x: null

02-12-2024T07:04:06 - [TEST_STEP][PASSED] - tabB = GetOiSPlanB(x = b): null

02-12-2024T07:04:06 - [TEST_STEP][PASSED] - i1 = <not implemented yet for class: org.codehaus.groovy.ast.expr.EmptyExpression>: null

02-12-2024T07:04:06 - [TEST_STEP][PASSED] - ii = <not implemented yet for class: org.codehaus.groovy.ast.expr.EmptyExpression>: null

02-12-2024T07:04:06 - [TEST_STEP][PASSED] - for ([ii = 1, ii < 8, (ii++)]): null

02-12-2024T07:04:06 - [TEST_STEP][PASSED] - i1 = x.indexOf("/") + 1: null

02-12-2024T07:04:06 - [TEST_STEP][PASSED] - if (i1 > -1): null

02-12-2024T07:04:06 - [TEST_STEP][PASSED] - x = x.substring(i1, x.length()): null

02-12-2024T07:04:06 - [TEST_STEP][PASSED] - println(x): null

02-12-2024T07:04:06 - [TEST_STEP][PASSED] - i1 = x.indexOf("/") + 1: null

02-12-2024T07:04:06 - [TEST_STEP][PASSED] - if (i1 > -1): null

02-12-2024T07:04:06 - [TEST_STEP][PASSED] - x = x.substring(i1, x.length()): null

02-12-2024T07:04:06 - [TEST_STEP][PASSED] - println(x): null

02-12-2024T07:04:06 - [TEST_STEP][PASSED] - i1 = x.indexOf("/") + 1: null

02-12-2024T07:04:06 - [TEST_STEP][PASSED] - if (i1 > -1): null

02-12-2024T07:04:06 - [TEST_STEP][PASSED] - x = x.substring(i1, x.length()): null

02-12-2024T07:04:06 - [TEST_STEP][PASSED] - println(x): null

02-12-2024T07:04:06 - [TEST_STEP][PASSED] - i1 = x.indexOf("/") + 1: null

02-12-2024T07:04:06 - [TEST_STEP][PASSED] - if (i1 > -1): null

02-12-2024T07:04:06 - [TEST_STEP][PASSED] - x = x.substring(i1, x.length()): null

02-12-2024T07:04:06 - [TEST_STEP][PASSED] - println(x): null

02-12-2024T07:04:06 - [TEST_STEP][PASSED] - i1 = x.indexOf("/") + 1: null

02-12-2024T07:04:06 - [TEST_STEP][PASSED] - if (i1 > -1): null

02-12-2024T07:04:06 - [TEST_STEP][PASSED] - x = x.substring(i1, x.length()): null

02-12-2024T07:04:06 - [TEST_STEP][PASSED] - println(x): null

02-12-2024T07:04:06 - [TEST_STEP][PASSED] - i1 = x.indexOf("/") + 1: null

02-12-2024T07:04:06 - [TEST_STEP][PASSED] - if (i1 > -1): null

02-12-2024T07:04:06 - [TEST_STEP][PASSED] - x = x.substring(i1, x.length()): null

02-12-2024T07:04:06 - [TEST_STEP][PASSED] - println(x): null

02-12-2024T07:04:06 - [TEST_STEP][PASSED] - i1 = x.indexOf("/") + 1: null

02-12-2024T07:04:06 - [TEST_STEP][PASSED] - if (i1 > -1): null

02-12-2024T07:04:06 - [TEST_STEP][PASSED] - x = x.substring(i1, x.length()): null

02-12-2024T07:04:06 - [TEST_STEP][PASSED] - println(x): null

02-12-2024T07:04:06 - [TEST_STEP][PASSED] - i1 = x.indexOf("/"): null

02-12-2024T07:04:06 - [TEST_STEP][PASSED] - if (i1 > -1): null

02-12-2024T07:04:06 - [TEST_STEP][PASSED] - x = x.substring(0, i1): null

02-12-2024T07:04:06 - [TEST_STEP][PASSED] - println(x): null

02-12-2024T07:04:06 - [TEST_STEP][FAILED] - return x: null

02-12-2024T07:04:06 - [TEST_STEP][PASSED] - println(tabR + "/" + tabB): null

02-12-2024T07:04:06 - [TEST_STEP][FAILED] - if (verifyEqual(PercFactR, PercFactB) == false): null

02-12-2024T07:04:06 - [MESSAGE][FAILED] - Unable to verify equal between actual object 'нет данных' and expected object '10.72' (Root cause: com.kms.katalon.core.exception.StepFailedException: Actual object 'нет данных' and expected object '10.72' are not equal
	at com.kms.katalon.core.keyword.builtin.VerifyEqualKeyword$_verifyEqual_closure1.doCall(VerifyEqualKeyword.groovy:58)
	at com.kms.katalon.core.keyword.builtin.VerifyEqualKeyword$_verifyEqual_closure1.call(VerifyEqualKeyword.groovy)
	at com.kms.katalon.core.keyword.internal.KeywordMain.runKeyword(KeywordMain.groovy:75)
	at com.kms.katalon.core.keyword.builtin.VerifyEqualKeyword.verifyEqual(VerifyEqualKeyword.groovy:63)
	at com.kms.katalon.core.keyword.builtin.VerifyEqualKeyword.execute(VerifyEqualKeyword.groovy:44)
	at com.kms.katalon.core.keyword.internal.KeywordExecutor.executeKeywordForPlatform(KeywordExecutor.groovy:74)
	at com.kms.katalon.core.keyword.BuiltinKeywords.verifyEqual(BuiltinKeywords.groovy:146)
	at jdk.internal.reflect.GeneratedMethodAccessor25.invoke(Unknown Source)
	at java.base/jdk.internal.reflect.DelegatingMethodAccessorImpl.invoke(DelegatingMethodAccessorImpl.java:43)
	at Выполнение бизнес-плана сверка дашбордов.CompareDZOData(Выполнение бизнес-плана сверка дашбордов:758)
	at Выполнение бизнес-плана сверка дашбордов.run(Выполнение бизнес-плана сверка дашбордов:608)
	at com.kms.katalon.core.main.ScriptEngine.run(ScriptEngine.java:194)
	at com.kms.katalon.core.main.ScriptEngine.runScriptAsRawText(ScriptEngine.java:119)
	at com.kms.katalon.core.main.TestCaseExecutor.runScript(TestCaseExecutor.java:448)
	at com.kms.katalon.core.main.TestCaseExecutor.doExecute(TestCaseExecutor.java:439)
	at com.kms.katalon.core.main.TestCaseExecutor.processExecutionPhase(TestCaseExecutor.java:418)
	at com.kms.katalon.core.main.TestCaseExecutor.accessMainPhase(TestCaseExecutor.java:410)
	at com.kms.katalon.core.main.TestCaseExecutor.execute(TestCaseExecutor.java:285)
	at com.kms.katalon.core.common.CommonExecutor.accessTestCaseMainPhase(CommonExecutor.java:65)
	at com.kms.katalon.core.main.TestSuiteExecutor.accessTestSuiteMainPhase(TestSuiteExecutor.java:150)
	at com.kms.katalon.core.main.TestSuiteExecutor.execute(TestSuiteExecutor.java:106)
	at com.kms.katalon.core.main.TestCaseMain.startTestSuite(TestCaseMain.java:180)
	at TempTestSuite1733111659562.run(TempTestSuite1733111659562.groovy:35)
	at java.base/jdk.internal.reflect.NativeMethodAccessorImpl.invoke0(Native Method)
	at java.base/jdk.internal.reflect.NativeMethodAccessorImpl.invoke(NativeMethodAccessorImpl.java:77)
	at java.base/jdk.internal.reflect.DelegatingMethodAccessorImpl.invoke(DelegatingMethodAccessorImpl.java:43)
)

02-12-2024T07:04:06 - [TEST_STEP][PASSED] - result = WriteToExcel(typeOfData, todaysDate, PercPlanR, PercPlanB, PercFactR, PercFactB, x, tabR, tabB, o1R, o1B, vidget): null

02-12-2024T07:04:06 - [TEST_STEP][PASSED] - iii = dZO.indexOf("/"): null

02-12-2024T07:04:06 - [TEST_STEP][PASSED] - println(iii): null

02-12-2024T07:04:06 - [TEST_STEP][PASSED] - dZO = dZO.substring(0, iii): null

02-12-2024T07:04:06 - [TEST_STEP][PASSED] - println(dZO): null

02-12-2024T07:04:06 - [TEST_STEP][PASSED] - println(PercPlanR): null

02-12-2024T07:04:06 - [TEST_STEP][PASSED] - println(PercPlanB): null

02-12-2024T07:04:06 - [TEST_STEP][PASSED] - println(PercFactR): null

02-12-2024T07:04:06 - [TEST_STEP][PASSED] - println(PercFactB): null

02-12-2024T07:04:06 - [TEST_STEP][PASSED] - println(tabR): null

02-12-2024T07:04:06 - [TEST_STEP][PASSED] - println(tabB): null

02-12-2024T07:04:06 - [TEST_STEP][PASSED] - println(o1R): null

02-12-2024T07:04:06 - [TEST_STEP][PASSED] - println(o1B): null

02-12-2024T07:04:06 - [TEST_STEP][PASSED] - PR = <not implemented yet for class: org.codehaus.groovy.ast.expr.EmptyExpression>: null

02-12-2024T07:04:06 - [TEST_STEP][PASSED] - FR = <not implemented yet for class: org.codehaus.groovy.ast.expr.EmptyExpression>: null

02-12-2024T07:04:06 - [TEST_STEP][PASSED] - PB = <not implemented yet for class: org.codehaus.groovy.ast.expr.EmptyExpression>: null

02-12-2024T07:04:06 - [TEST_STEP][PASSED] - FB = <not implemented yet for class: org.codehaus.groovy.ast.expr.EmptyExpression>: null

02-12-2024T07:04:06 - [TEST_STEP][PASSED] - TR = <not implemented yet for class: org.codehaus.groovy.ast.expr.EmptyExpression>: null

02-12-2024T07:04:06 - [TEST_STEP][PASSED] - TB = <not implemented yet for class: org.codehaus.groovy.ast.expr.EmptyExpression>: null

02-12-2024T07:04:06 - [TEST_STEP][PASSED] - sheetName = "Sheet1": null

02-12-2024T07:04:06 - [TEST_STEP][PASSED] - data = findTestData("PlanFact"): null

02-12-2024T07:04:06 - [TEST_STEP][PASSED] - n = data.getRowNumbers() + 1: null

02-12-2024T07:04:06 - [TEST_STEP][PASSED] - year = todaysDate.substring(todaysDate.length() - 4, todaysDate.length()): null

02-12-2024T07:04:06 - [TEST_STEP][PASSED] - y = year.toInteger(): null

02-12-2024T07:04:06 - [TEST_STEP][PASSED] - m = getText(findTestObject("Выполнение бизнес-плана/Выполнение бизнес-плана Балансы/Фильтр Дата")): Text of object 'Object Repository/Выполнение бизнес-плана/Выполнение бизнес-плана Балансы/Фильтр Дата' is: '1, 2, 3 кв., Октябрь 2024 года'

02-12-2024T07:04:07 - [MESSAGE][PASSED] - Text of object 'Object Repository/Выполнение бизнес-плана/Выполнение бизнес-плана Балансы/Фильтр Дата' is: '1, 2, 3 кв., Октябрь 2024 года'

02-12-2024T07:04:07 - [TEST_STEP][PASSED] - m = m.substring(0, m.indexOf("2024")): null

02-12-2024T07:04:07 - [TEST_STEP][PASSED] - m = m.trim(): null

02-12-2024T07:04:07 - [TEST_STEP][PASSED] - dashboardName = "Выполнение бизнес-плана": null

02-12-2024T07:04:07 - [TEST_STEP][PASSED] - workbook01 = getWorkbook(excelFilePath): null

02-12-2024T07:04:07 - [TEST_STEP][PASSED] - sheet01 = getExcelSheet(workbook01, sheetName): null

02-12-2024T07:04:07 - [TEST_STEP][PASSED] - setValueToCellByIndex(sheet01, n, 0, dashboardName): null

02-12-2024T07:04:07 - [TEST_STEP][PASSED] - setValueToCellByIndex(sheet01, n, 1, dZO): null

02-12-2024T07:04:07 - [TEST_STEP][PASSED] - setValueToCellByIndex(sheet01, n, 2, typeOfData): null

02-12-2024T07:04:07 - [TEST_STEP][PASSED] - setValueToCellByIndex(sheet01, n, 3, typeOfData): null

02-12-2024T07:04:07 - [TEST_STEP][PASSED] - if (typeOfData == "План"): null

02-12-2024T07:04:07 - [TEST_STEP][PASSED] - else if (typeOfData == "Факт"): null

02-12-2024T07:04:07 - [TEST_STEP][PASSED] - else if (vidget.contains("электроэнергии") == true): null

02-12-2024T07:04:07 - [TEST_STEP][PASSED] - if (tabR == null): null

02-12-2024T07:04:07 - [TEST_STEP][PASSED] - else: null

02-12-2024T07:04:07 - [TEST_STEP][PASSED] - if (tabR == "нет данных"): null

02-12-2024T07:04:07 - [TEST_STEP][PASSED] - setValueToCellByIndex(sheet01, n, 4, "нет данных"): null

02-12-2024T07:04:07 - [TEST_STEP][PASSED] - if (tabB == null): null

02-12-2024T07:04:07 - [TEST_STEP][PASSED] - else: null

02-12-2024T07:04:07 - [TEST_STEP][PASSED] - if (tabB == "нет данных"): null

02-12-2024T07:04:07 - [TEST_STEP][PASSED] - else: null

02-12-2024T07:04:07 - [TEST_STEP][PASSED] - TB = tabB.toInteger(): null

02-12-2024T07:04:07 - [TEST_STEP][PASSED] - setValueToCellByIndex(sheet01, n, 5, TB): null

02-12-2024T07:04:07 - [TEST_STEP][PASSED] - setValueToCellByIndex(sheet01, n, 6, m): null

02-12-2024T07:04:07 - [TEST_STEP][PASSED] - setValueToCellByIndex(sheet01, n, 7, y): null

02-12-2024T07:04:07 - [TEST_STEP][PASSED] - setValueToCellByIndex(sheet01, n, 8, todaysDate): null

02-12-2024T07:04:07 - [TEST_STEP][PASSED] - n = n + 1: null

02-12-2024T07:04:07 - [TEST_STEP][PASSED] - saveWorkbook(excelFilePath, workbook01): null

02-12-2024T07:04:07 - [TEST_STEP][PASSED] - typeOfData = "План Потери": null

02-12-2024T07:04:07 - [TEST_STEP][PASSED] - tabR = GetPPlanR(x = a): null

02-12-2024T07:04:07 - [TEST_STEP][PASSED] - i1 = <not implemented yet for class: org.codehaus.groovy.ast.expr.EmptyExpression>: null

02-12-2024T07:04:07 - [TEST_STEP][PASSED] - ii = <not implemented yet for class: org.codehaus.groovy.ast.expr.EmptyExpression>: null

02-12-2024T07:04:07 - [TEST_STEP][PASSED] - for ([ii = 1, ii < 9, (ii++)]): null

02-12-2024T07:04:07 - [TEST_STEP][PASSED] - i1 = x.indexOf("/") + 1: null

02-12-2024T07:04:07 - [TEST_STEP][PASSED] - if (i1 > -1): null

02-12-2024T07:04:07 - [TEST_STEP][PASSED] - x = x.substring(i1, x.length()): null

02-12-2024T07:04:07 - [TEST_STEP][PASSED] - println(x): null

02-12-2024T07:04:07 - [TEST_STEP][PASSED] - i1 = x.indexOf("/") + 1: null

02-12-2024T07:04:07 - [TEST_STEP][PASSED] - if (i1 > -1): null

02-12-2024T07:04:07 - [TEST_STEP][PASSED] - x = x.substring(i1, x.length()): null

02-12-2024T07:04:07 - [TEST_STEP][PASSED] - println(x): null

02-12-2024T07:04:07 - [TEST_STEP][PASSED] - i1 = x.indexOf("/") + 1: null

02-12-2024T07:04:07 - [TEST_STEP][PASSED] - if (i1 > -1): null

02-12-2024T07:04:07 - [TEST_STEP][PASSED] - x = x.substring(i1, x.length()): null

02-12-2024T07:04:07 - [TEST_STEP][PASSED] - println(x): null

02-12-2024T07:04:07 - [TEST_STEP][PASSED] - i1 = x.indexOf("/") + 1: null

02-12-2024T07:04:07 - [TEST_STEP][PASSED] - if (i1 > -1): null

02-12-2024T07:04:07 - [TEST_STEP][PASSED] - x = x.substring(i1, x.length()): null

02-12-2024T07:04:07 - [TEST_STEP][PASSED] - println(x): null

02-12-2024T07:04:07 - [TEST_STEP][PASSED] - i1 = x.indexOf("/") + 1: null

02-12-2024T07:04:07 - [TEST_STEP][PASSED] - if (i1 > -1): null

02-12-2024T07:04:07 - [TEST_STEP][PASSED] - x = x.substring(i1, x.length()): null

02-12-2024T07:04:07 - [TEST_STEP][PASSED] - println(x): null

02-12-2024T07:04:07 - [TEST_STEP][PASSED] - i1 = x.indexOf("/") + 1: null

02-12-2024T07:04:07 - [TEST_STEP][PASSED] - if (i1 > -1): null

02-12-2024T07:04:07 - [TEST_STEP][PASSED] - x = x.substring(i1, x.length()): null

02-12-2024T07:04:07 - [TEST_STEP][PASSED] - println(x): null

02-12-2024T07:04:07 - [TEST_STEP][PASSED] - i1 = x.indexOf("/") + 1: null

02-12-2024T07:04:07 - [TEST_STEP][PASSED] - if (i1 > -1): null

02-12-2024T07:04:07 - [TEST_STEP][PASSED] - x = x.substring(i1, x.length()): null

02-12-2024T07:04:07 - [TEST_STEP][PASSED] - println(x): null

02-12-2024T07:04:07 - [TEST_STEP][PASSED] - i1 = x.indexOf("/") + 1: null

02-12-2024T07:04:07 - [TEST_STEP][PASSED] - if (i1 > -1): null

02-12-2024T07:04:07 - [TEST_STEP][PASSED] - x = x.substring(i1, x.length()): null

02-12-2024T07:04:07 - [TEST_STEP][PASSED] - println(x): null

02-12-2024T07:04:07 - [TEST_STEP][PASSED] - i1 = x.indexOf("/"): null

02-12-2024T07:04:07 - [TEST_STEP][PASSED] - if (i1 > -1): null

02-12-2024T07:04:07 - [TEST_STEP][PASSED] - x = x.substring(0, i1): null

02-12-2024T07:04:07 - [TEST_STEP][PASSED] - println(x): null

02-12-2024T07:04:07 - [TEST_STEP][PASSED] - return x: null

02-12-2024T07:04:07 - [TEST_STEP][PASSED] - tabB = GetPPlanB(x = b): null

02-12-2024T07:04:07 - [TEST_STEP][PASSED] - i1 = <not implemented yet for class: org.codehaus.groovy.ast.expr.EmptyExpression>: null

02-12-2024T07:04:07 - [TEST_STEP][PASSED] - ii = <not implemented yet for class: org.codehaus.groovy.ast.expr.EmptyExpression>: null

02-12-2024T07:04:07 - [TEST_STEP][PASSED] - for ([ii = 1, ii < 9, (ii++)]): null

02-12-2024T07:04:07 - [TEST_STEP][PASSED] - i1 = x.indexOf("/") + 1: null

02-12-2024T07:04:07 - [TEST_STEP][PASSED] - if (i1 > -1): null

02-12-2024T07:04:07 - [TEST_STEP][PASSED] - x = x.substring(i1, x.length()): null

02-12-2024T07:04:07 - [TEST_STEP][PASSED] - println(x): null

02-12-2024T07:04:07 - [TEST_STEP][PASSED] - i1 = x.indexOf("/") + 1: null

02-12-2024T07:04:07 - [TEST_STEP][PASSED] - if (i1 > -1): null

02-12-2024T07:04:07 - [TEST_STEP][PASSED] - x = x.substring(i1, x.length()): null

02-12-2024T07:04:07 - [TEST_STEP][PASSED] - println(x): null

02-12-2024T07:04:07 - [TEST_STEP][PASSED] - i1 = x.indexOf("/") + 1: null

02-12-2024T07:04:07 - [TEST_STEP][PASSED] - if (i1 > -1): null

02-12-2024T07:04:07 - [TEST_STEP][PASSED] - x = x.substring(i1, x.length()): null

02-12-2024T07:04:07 - [TEST_STEP][PASSED] - println(x): null

02-12-2024T07:04:07 - [TEST_STEP][PASSED] - i1 = x.indexOf("/") + 1: null

02-12-2024T07:04:07 - [TEST_STEP][PASSED] - if (i1 > -1): null

02-12-2024T07:04:07 - [TEST_STEP][PASSED] - x = x.substring(i1, x.length()): null

02-12-2024T07:04:07 - [TEST_STEP][PASSED] - println(x): null

02-12-2024T07:04:07 - [TEST_STEP][PASSED] - i1 = x.indexOf("/") + 1: null

02-12-2024T07:04:07 - [TEST_STEP][PASSED] - if (i1 > -1): null

02-12-2024T07:04:07 - [TEST_STEP][PASSED] - x = x.substring(i1, x.length()): null

02-12-2024T07:04:07 - [TEST_STEP][PASSED] - println(x): null

02-12-2024T07:04:07 - [TEST_STEP][PASSED] - i1 = x.indexOf("/") + 1: null

02-12-2024T07:04:07 - [TEST_STEP][PASSED] - if (i1 > -1): null

02-12-2024T07:04:07 - [TEST_STEP][PASSED] - x = x.substring(i1, x.length()): null

02-12-2024T07:04:07 - [TEST_STEP][PASSED] - println(x): null

02-12-2024T07:04:07 - [TEST_STEP][PASSED] - i1 = x.indexOf("/") + 1: null

02-12-2024T07:04:07 - [TEST_STEP][PASSED] - if (i1 > -1): null

02-12-2024T07:04:07 - [TEST_STEP][PASSED] - x = x.substring(i1, x.length()): null

02-12-2024T07:04:07 - [TEST_STEP][PASSED] - println(x): null

02-12-2024T07:04:07 - [TEST_STEP][PASSED] - i1 = x.indexOf("/") + 1: null

02-12-2024T07:04:07 - [TEST_STEP][PASSED] - if (i1 > -1): null

02-12-2024T07:04:07 - [TEST_STEP][PASSED] - x = x.substring(i1, x.length()): null

02-12-2024T07:04:07 - [TEST_STEP][PASSED] - println(x): null

02-12-2024T07:04:07 - [TEST_STEP][PASSED] - i1 = x.indexOf("/"): null

02-12-2024T07:04:07 - [TEST_STEP][PASSED] - if (i1 > -1): null

02-12-2024T07:04:07 - [TEST_STEP][PASSED] - x = x.substring(0, i1): null

02-12-2024T07:04:07 - [TEST_STEP][PASSED] - println(x): null

02-12-2024T07:04:07 - [TEST_STEP][FAILED] - return x: null

02-12-2024T07:04:07 - [TEST_STEP][PASSED] - println(tabR + "/" + tabB): null

02-12-2024T07:04:07 - [TEST_STEP][FAILED] - if (verifyEqual(PercFactR, PercFactB) == false): null

02-12-2024T07:04:07 - [MESSAGE][FAILED] - Unable to verify equal between actual object 'нет данных' and expected object '10.72' (Root cause: com.kms.katalon.core.exception.StepFailedException: Actual object 'нет данных' and expected object '10.72' are not equal
	at com.kms.katalon.core.keyword.builtin.VerifyEqualKeyword$_verifyEqual_closure1.doCall(VerifyEqualKeyword.groovy:58)
	at com.kms.katalon.core.keyword.builtin.VerifyEqualKeyword$_verifyEqual_closure1.call(VerifyEqualKeyword.groovy)
	at com.kms.katalon.core.keyword.internal.KeywordMain.runKeyword(KeywordMain.groovy:75)
	at com.kms.katalon.core.keyword.builtin.VerifyEqualKeyword.verifyEqual(VerifyEqualKeyword.groovy:63)
	at com.kms.katalon.core.keyword.builtin.VerifyEqualKeyword.execute(VerifyEqualKeyword.groovy:44)
	at com.kms.katalon.core.keyword.internal.KeywordExecutor.executeKeywordForPlatform(KeywordExecutor.groovy:74)
	at com.kms.katalon.core.keyword.BuiltinKeywords.verifyEqual(BuiltinKeywords.groovy:146)
	at jdk.internal.reflect.GeneratedMethodAccessor25.invoke(Unknown Source)
	at java.base/jdk.internal.reflect.DelegatingMethodAccessorImpl.invoke(DelegatingMethodAccessorImpl.java:43)
	at Выполнение бизнес-плана сверка дашбордов.CompareDZOData(Выполнение бизнес-плана сверка дашбордов:771)
	at Выполнение бизнес-плана сверка дашбордов.run(Выполнение бизнес-плана сверка дашбордов:608)
	at com.kms.katalon.core.main.ScriptEngine.run(ScriptEngine.java:194)
	at com.kms.katalon.core.main.ScriptEngine.runScriptAsRawText(ScriptEngine.java:119)
	at com.kms.katalon.core.main.TestCaseExecutor.runScript(TestCaseExecutor.java:448)
	at com.kms.katalon.core.main.TestCaseExecutor.doExecute(TestCaseExecutor.java:439)
	at com.kms.katalon.core.main.TestCaseExecutor.processExecutionPhase(TestCaseExecutor.java:418)
	at com.kms.katalon.core.main.TestCaseExecutor.accessMainPhase(TestCaseExecutor.java:410)
	at com.kms.katalon.core.main.TestCaseExecutor.execute(TestCaseExecutor.java:285)
	at com.kms.katalon.core.common.CommonExecutor.accessTestCaseMainPhase(CommonExecutor.java:65)
	at com.kms.katalon.core.main.TestSuiteExecutor.accessTestSuiteMainPhase(TestSuiteExecutor.java:150)
	at com.kms.katalon.core.main.TestSuiteExecutor.execute(TestSuiteExecutor.java:106)
	at com.kms.katalon.core.main.TestCaseMain.startTestSuite(TestCaseMain.java:180)
	at TempTestSuite1733111659562.run(TempTestSuite1733111659562.groovy:35)
	at java.base/jdk.internal.reflect.NativeMethodAccessorImpl.invoke0(Native Method)
	at java.base/jdk.internal.reflect.NativeMethodAccessorImpl.invoke(NativeMethodAccessorImpl.java:77)
	at java.base/jdk.internal.reflect.DelegatingMethodAccessorImpl.invoke(DelegatingMethodAccessorImpl.java:43)
)

02-12-2024T07:04:07 - [TEST_STEP][PASSED] - result = WriteToExcel(typeOfData, todaysDate, PercPlanR, PercPlanB, PercFactR, PercFactB, x, tabR, tabB, o1R, o1B, vidget): null

02-12-2024T07:04:07 - [TEST_STEP][PASSED] - iii = dZO.indexOf("/"): null

02-12-2024T07:04:07 - [TEST_STEP][PASSED] - println(iii): null

02-12-2024T07:04:07 - [TEST_STEP][PASSED] - dZO = dZO.substring(0, iii): null

02-12-2024T07:04:07 - [TEST_STEP][PASSED] - println(dZO): null

02-12-2024T07:04:07 - [TEST_STEP][PASSED] - println(PercPlanR): null

02-12-2024T07:04:07 - [TEST_STEP][PASSED] - println(PercPlanB): null

02-12-2024T07:04:07 - [TEST_STEP][PASSED] - println(PercFactR): null

02-12-2024T07:04:07 - [TEST_STEP][PASSED] - println(PercFactB): null

02-12-2024T07:04:07 - [TEST_STEP][PASSED] - println(tabR): null

02-12-2024T07:04:07 - [TEST_STEP][PASSED] - println(tabB): null

02-12-2024T07:04:07 - [TEST_STEP][PASSED] - println(o1R): null

02-12-2024T07:04:07 - [TEST_STEP][PASSED] - println(o1B): null

02-12-2024T07:04:07 - [TEST_STEP][PASSED] - PR = <not implemented yet for class: org.codehaus.groovy.ast.expr.EmptyExpression>: null

02-12-2024T07:04:07 - [TEST_STEP][PASSED] - FR = <not implemented yet for class: org.codehaus.groovy.ast.expr.EmptyExpression>: null

02-12-2024T07:04:07 - [TEST_STEP][PASSED] - PB = <not implemented yet for class: org.codehaus.groovy.ast.expr.EmptyExpression>: null

02-12-2024T07:04:07 - [TEST_STEP][PASSED] - FB = <not implemented yet for class: org.codehaus.groovy.ast.expr.EmptyExpression>: null

02-12-2024T07:04:07 - [TEST_STEP][PASSED] - TR = <not implemented yet for class: org.codehaus.groovy.ast.expr.EmptyExpression>: null

02-12-2024T07:04:07 - [TEST_STEP][PASSED] - TB = <not implemented yet for class: org.codehaus.groovy.ast.expr.EmptyExpression>: null

02-12-2024T07:04:07 - [TEST_STEP][PASSED] - sheetName = "Sheet1": null

02-12-2024T07:04:07 - [TEST_STEP][PASSED] - data = findTestData("PlanFact"): null

02-12-2024T07:04:07 - [TEST_STEP][PASSED] - n = data.getRowNumbers() + 1: null

02-12-2024T07:04:07 - [TEST_STEP][PASSED] - year = todaysDate.substring(todaysDate.length() - 4, todaysDate.length()): null

02-12-2024T07:04:07 - [TEST_STEP][PASSED] - y = year.toInteger(): null

02-12-2024T07:04:07 - [TEST_STEP][PASSED] - m = getText(findTestObject("Выполнение бизнес-плана/Выполнение бизнес-плана Балансы/Фильтр Дата")): Text of object 'Object Repository/Выполнение бизнес-плана/Выполнение бизнес-плана Балансы/Фильтр Дата' is: '1, 2, 3 кв., Октябрь 2024 года'

02-12-2024T07:04:07 - [MESSAGE][PASSED] - Text of object 'Object Repository/Выполнение бизнес-плана/Выполнение бизнес-плана Балансы/Фильтр Дата' is: '1, 2, 3 кв., Октябрь 2024 года'

02-12-2024T07:04:07 - [TEST_STEP][PASSED] - m = m.substring(0, m.indexOf("2024")): null

02-12-2024T07:04:07 - [TEST_STEP][PASSED] - m = m.trim(): null

02-12-2024T07:04:07 - [TEST_STEP][PASSED] - dashboardName = "Выполнение бизнес-плана": null

02-12-2024T07:04:07 - [TEST_STEP][PASSED] - workbook01 = getWorkbook(excelFilePath): null

02-12-2024T07:04:07 - [TEST_STEP][PASSED] - sheet01 = getExcelSheet(workbook01, sheetName): null

02-12-2024T07:04:07 - [TEST_STEP][PASSED] - setValueToCellByIndex(sheet01, n, 0, dashboardName): null

02-12-2024T07:04:07 - [TEST_STEP][PASSED] - setValueToCellByIndex(sheet01, n, 1, dZO): null

02-12-2024T07:04:07 - [TEST_STEP][PASSED] - setValueToCellByIndex(sheet01, n, 2, typeOfData): null

02-12-2024T07:04:07 - [TEST_STEP][PASSED] - setValueToCellByIndex(sheet01, n, 3, typeOfData): null

02-12-2024T07:04:07 - [TEST_STEP][PASSED] - if (typeOfData == "План"): null

02-12-2024T07:04:07 - [TEST_STEP][PASSED] - else if (typeOfData == "Факт"): null

02-12-2024T07:04:07 - [TEST_STEP][PASSED] - else if (vidget.contains("электроэнергии") == true): null

02-12-2024T07:04:07 - [TEST_STEP][PASSED] - if (tabR == null): null

02-12-2024T07:04:07 - [TEST_STEP][PASSED] - else: null

02-12-2024T07:04:07 - [TEST_STEP][PASSED] - if (tabR == "нет данных"): null

02-12-2024T07:04:07 - [TEST_STEP][PASSED] - setValueToCellByIndex(sheet01, n, 4, "нет данных"): null

02-12-2024T07:04:07 - [TEST_STEP][PASSED] - if (tabB == null): null

02-12-2024T07:04:07 - [TEST_STEP][PASSED] - else: null

02-12-2024T07:04:07 - [TEST_STEP][PASSED] - if (tabB == "нет данных"): null

02-12-2024T07:04:07 - [TEST_STEP][PASSED] - else: null

02-12-2024T07:04:07 - [TEST_STEP][PASSED] - TB = tabB.toInteger(): null

02-12-2024T07:04:07 - [TEST_STEP][PASSED] - setValueToCellByIndex(sheet01, n, 5, TB): null

02-12-2024T07:04:07 - [TEST_STEP][PASSED] - setValueToCellByIndex(sheet01, n, 6, m): null

02-12-2024T07:04:07 - [TEST_STEP][PASSED] - setValueToCellByIndex(sheet01, n, 7, y): null

02-12-2024T07:04:07 - [TEST_STEP][PASSED] - setValueToCellByIndex(sheet01, n, 8, todaysDate): null

02-12-2024T07:04:07 - [TEST_STEP][PASSED] - n = n + 1: null

02-12-2024T07:04:07 - [TEST_STEP][PASSED] - saveWorkbook(excelFilePath, workbook01): null

02-12-2024T07:04:08 - [TEST_STEP][PASSED] - ii2 = a.indexOf("ПАО"): null

02-12-2024T07:04:08 - [TEST_STEP][PASSED] - if (ii2 == -1): null

02-12-2024T07:04:08 - [TEST_STEP][PASSED] - vidget = "Отклонения фактического уровня потерь от бизнес-плана": null

02-12-2024T07:04:08 - [TEST_STEP][PASSED] - typeOfData = "Коэффициент": null

02-12-2024T07:04:08 - [TEST_STEP][PASSED] - o1R = Geto1R(x = a): null

02-12-2024T07:04:08 - [TEST_STEP][PASSED] - i1 = <not implemented yet for class: org.codehaus.groovy.ast.expr.EmptyExpression>: null

02-12-2024T07:04:08 - [TEST_STEP][PASSED] - ii = <not implemented yet for class: org.codehaus.groovy.ast.expr.EmptyExpression>: null

02-12-2024T07:04:08 - [TEST_STEP][PASSED] - for ([ii = 1, ii < 10, (ii++)]): null

02-12-2024T07:04:08 - [TEST_STEP][PASSED] - i1 = x.indexOf("/") + 1: null

02-12-2024T07:04:08 - [TEST_STEP][PASSED] - if (i1 > -1): null

02-12-2024T07:04:08 - [TEST_STEP][PASSED] - x = x.substring(i1, x.length()): null

02-12-2024T07:04:08 - [TEST_STEP][PASSED] - i1 = x.indexOf("/") + 1: null

02-12-2024T07:04:08 - [TEST_STEP][PASSED] - if (i1 > -1): null

02-12-2024T07:04:08 - [TEST_STEP][PASSED] - x = x.substring(i1, x.length()): null

02-12-2024T07:04:08 - [TEST_STEP][PASSED] - i1 = x.indexOf("/") + 1: null

02-12-2024T07:04:08 - [TEST_STEP][PASSED] - if (i1 > -1): null

02-12-2024T07:04:08 - [TEST_STEP][PASSED] - x = x.substring(i1, x.length()): null

02-12-2024T07:04:08 - [TEST_STEP][PASSED] - i1 = x.indexOf("/") + 1: null

02-12-2024T07:04:08 - [TEST_STEP][PASSED] - if (i1 > -1): null

02-12-2024T07:04:08 - [TEST_STEP][PASSED] - x = x.substring(i1, x.length()): null

02-12-2024T07:04:08 - [TEST_STEP][PASSED] - i1 = x.indexOf("/") + 1: null

02-12-2024T07:04:08 - [TEST_STEP][PASSED] - if (i1 > -1): null

02-12-2024T07:04:08 - [TEST_STEP][PASSED] - x = x.substring(i1, x.length()): null

02-12-2024T07:04:08 - [TEST_STEP][PASSED] - i1 = x.indexOf("/") + 1: null

02-12-2024T07:04:08 - [TEST_STEP][PASSED] - if (i1 > -1): null

02-12-2024T07:04:08 - [TEST_STEP][PASSED] - x = x.substring(i1, x.length()): null

02-12-2024T07:04:08 - [TEST_STEP][PASSED] - i1 = x.indexOf("/") + 1: null

02-12-2024T07:04:08 - [TEST_STEP][PASSED] - if (i1 > -1): null

02-12-2024T07:04:08 - [TEST_STEP][PASSED] - x = x.substring(i1, x.length()): null

02-12-2024T07:04:08 - [TEST_STEP][PASSED] - i1 = x.indexOf("/") + 1: null

02-12-2024T07:04:08 - [TEST_STEP][PASSED] - if (i1 > -1): null

02-12-2024T07:04:08 - [TEST_STEP][PASSED] - x = x.substring(i1, x.length()): null

02-12-2024T07:04:08 - [TEST_STEP][PASSED] - i1 = x.indexOf("/") + 1: null

02-12-2024T07:04:08 - [TEST_STEP][PASSED] - if (i1 > -1): null

02-12-2024T07:04:08 - [TEST_STEP][PASSED] - x = x.substring(i1, x.length()): null

02-12-2024T07:04:08 - [TEST_STEP][PASSED] - i1 = x.indexOf("/"): null

02-12-2024T07:04:08 - [TEST_STEP][PASSED] - if (i1 > -1): null

02-12-2024T07:04:08 - [TEST_STEP][PASSED] - println(x): null

02-12-2024T07:04:08 - [TEST_STEP][PASSED] - return x: null

02-12-2024T07:04:08 - [TEST_STEP][PASSED] - o1B = Geto1B(x = b): null

02-12-2024T07:04:08 - [TEST_STEP][PASSED] - i1 = <not implemented yet for class: org.codehaus.groovy.ast.expr.EmptyExpression>: null

02-12-2024T07:04:08 - [TEST_STEP][PASSED] - ii = <not implemented yet for class: org.codehaus.groovy.ast.expr.EmptyExpression>: null

02-12-2024T07:04:08 - [TEST_STEP][PASSED] - for ([ii = 1, ii < 10, (ii++)]): null

02-12-2024T07:04:08 - [TEST_STEP][PASSED] - i1 = x.indexOf("/") + 1: null

02-12-2024T07:04:08 - [TEST_STEP][PASSED] - if (i1 > -1): null

02-12-2024T07:04:08 - [TEST_STEP][PASSED] - x = x.substring(i1, x.length()): null

02-12-2024T07:04:08 - [TEST_STEP][PASSED] - i1 = x.indexOf("/") + 1: null

02-12-2024T07:04:08 - [TEST_STEP][PASSED] - if (i1 > -1): null

02-12-2024T07:04:08 - [TEST_STEP][PASSED] - x = x.substring(i1, x.length()): null

02-12-2024T07:04:08 - [TEST_STEP][PASSED] - i1 = x.indexOf("/") + 1: null

02-12-2024T07:04:08 - [TEST_STEP][PASSED] - if (i1 > -1): null

02-12-2024T07:04:08 - [TEST_STEP][PASSED] - x = x.substring(i1, x.length()): null

02-12-2024T07:04:08 - [TEST_STEP][PASSED] - i1 = x.indexOf("/") + 1: null

02-12-2024T07:04:08 - [TEST_STEP][PASSED] - if (i1 > -1): null

02-12-2024T07:04:08 - [TEST_STEP][PASSED] - x = x.substring(i1, x.length()): null

02-12-2024T07:04:08 - [TEST_STEP][PASSED] - i1 = x.indexOf("/") + 1: null

02-12-2024T07:04:08 - [TEST_STEP][PASSED] - if (i1 > -1): null

02-12-2024T07:04:08 - [TEST_STEP][PASSED] - x = x.substring(i1, x.length()): null

02-12-2024T07:04:08 - [TEST_STEP][PASSED] - i1 = x.indexOf("/") + 1: null

02-12-2024T07:04:08 - [TEST_STEP][PASSED] - if (i1 > -1): null

02-12-2024T07:04:08 - [TEST_STEP][PASSED] - x = x.substring(i1, x.length()): null

02-12-2024T07:04:08 - [TEST_STEP][PASSED] - i1 = x.indexOf("/") + 1: null

02-12-2024T07:04:08 - [TEST_STEP][PASSED] - if (i1 > -1): null

02-12-2024T07:04:08 - [TEST_STEP][PASSED] - x = x.substring(i1, x.length()): null

02-12-2024T07:04:08 - [TEST_STEP][PASSED] - i1 = x.indexOf("/") + 1: null

02-12-2024T07:04:08 - [TEST_STEP][PASSED] - if (i1 > -1): null

02-12-2024T07:04:08 - [TEST_STEP][PASSED] - x = x.substring(i1, x.length()): null

02-12-2024T07:04:08 - [TEST_STEP][PASSED] - i1 = x.indexOf("/") + 1: null

02-12-2024T07:04:08 - [TEST_STEP][PASSED] - if (i1 > -1): null

02-12-2024T07:04:08 - [TEST_STEP][PASSED] - x = x.substring(i1, x.length()): null

02-12-2024T07:04:08 - [TEST_STEP][PASSED] - i1 = x.indexOf("/"): null

02-12-2024T07:04:08 - [TEST_STEP][PASSED] - if (i1 > -1): null

02-12-2024T07:04:08 - [TEST_STEP][PASSED] - println(x): null

02-12-2024T07:04:08 - [TEST_STEP][FAILED] - return x: null

02-12-2024T07:04:08 - [TEST_STEP][PASSED] - println(o1R + "/" + o1B): null

02-12-2024T07:04:08 - [TEST_STEP][FAILED] - if (verifyEqual(PercFactR, PercFactB) == false): null

02-12-2024T07:04:08 - [MESSAGE][FAILED] - Unable to verify equal between actual object 'нет данных' and expected object '10.72' (Root cause: com.kms.katalon.core.exception.StepFailedException: Actual object 'нет данных' and expected object '10.72' are not equal
	at com.kms.katalon.core.keyword.builtin.VerifyEqualKeyword$_verifyEqual_closure1.doCall(VerifyEqualKeyword.groovy:58)
	at com.kms.katalon.core.keyword.builtin.VerifyEqualKeyword$_verifyEqual_closure1.call(VerifyEqualKeyword.groovy)
	at com.kms.katalon.core.keyword.internal.KeywordMain.runKeyword(KeywordMain.groovy:75)
	at com.kms.katalon.core.keyword.builtin.VerifyEqualKeyword.verifyEqual(VerifyEqualKeyword.groovy:63)
	at com.kms.katalon.core.keyword.builtin.VerifyEqualKeyword.execute(VerifyEqualKeyword.groovy:44)
	at com.kms.katalon.core.keyword.internal.KeywordExecutor.executeKeywordForPlatform(KeywordExecutor.groovy:74)
	at com.kms.katalon.core.keyword.BuiltinKeywords.verifyEqual(BuiltinKeywords.groovy:146)
	at jdk.internal.reflect.GeneratedMethodAccessor25.invoke(Unknown Source)
	at java.base/jdk.internal.reflect.DelegatingMethodAccessorImpl.invoke(DelegatingMethodAccessorImpl.java:43)
	at Выполнение бизнес-плана сверка дашбордов.CompareDZOData(Выполнение бизнес-плана сверка дашбордов:789)
	at Выполнение бизнес-плана сверка дашбордов.run(Выполнение бизнес-плана сверка дашбордов:608)
	at com.kms.katalon.core.main.ScriptEngine.run(ScriptEngine.java:194)
	at com.kms.katalon.core.main.ScriptEngine.runScriptAsRawText(ScriptEngine.java:119)
	at com.kms.katalon.core.main.TestCaseExecutor.runScript(TestCaseExecutor.java:448)
	at com.kms.katalon.core.main.TestCaseExecutor.doExecute(TestCaseExecutor.java:439)
	at com.kms.katalon.core.main.TestCaseExecutor.processExecutionPhase(TestCaseExecutor.java:418)
	at com.kms.katalon.core.main.TestCaseExecutor.accessMainPhase(TestCaseExecutor.java:410)
	at com.kms.katalon.core.main.TestCaseExecutor.execute(TestCaseExecutor.java:285)
	at com.kms.katalon.core.common.CommonExecutor.accessTestCaseMainPhase(CommonExecutor.java:65)
	at com.kms.katalon.core.main.TestSuiteExecutor.accessTestSuiteMainPhase(TestSuiteExecutor.java:150)
	at com.kms.katalon.core.main.TestSuiteExecutor.execute(TestSuiteExecutor.java:106)
	at com.kms.katalon.core.main.TestCaseMain.startTestSuite(TestCaseMain.java:180)
	at TempTestSuite1733111659562.run(TempTestSuite1733111659562.groovy:35)
	at java.base/jdk.internal.reflect.NativeMethodAccessorImpl.invoke0(Native Method)
	at java.base/jdk.internal.reflect.NativeMethodAccessorImpl.invoke(NativeMethodAccessorImpl.java:77)
	at java.base/jdk.internal.reflect.DelegatingMethodAccessorImpl.invoke(DelegatingMethodAccessorImpl.java:43)
)

02-12-2024T07:04:08 - [TEST_STEP][PASSED] - result = WriteToExcel(typeOfData, todaysDate, PercPlanR, PercPlanB, PercFactR, PercFactB, x, tabR, tabB, o1R, o1B, vidget): null

02-12-2024T07:04:08 - [TEST_STEP][PASSED] - iii = dZO.indexOf("/"): null

02-12-2024T07:04:08 - [TEST_STEP][PASSED] - println(iii): null

02-12-2024T07:04:08 - [TEST_STEP][PASSED] - dZO = dZO.substring(0, iii): null

02-12-2024T07:04:08 - [TEST_STEP][PASSED] - println(dZO): null

02-12-2024T07:04:08 - [TEST_STEP][PASSED] - println(PercPlanR): null

02-12-2024T07:04:08 - [TEST_STEP][PASSED] - println(PercPlanB): null

02-12-2024T07:04:08 - [TEST_STEP][PASSED] - println(PercFactR): null

02-12-2024T07:04:08 - [TEST_STEP][PASSED] - println(PercFactB): null

02-12-2024T07:04:08 - [TEST_STEP][PASSED] - println(tabR): null

02-12-2024T07:04:08 - [TEST_STEP][PASSED] - println(tabB): null

02-12-2024T07:04:08 - [TEST_STEP][PASSED] - println(o1R): null

02-12-2024T07:04:08 - [TEST_STEP][PASSED] - println(o1B): null

02-12-2024T07:04:08 - [TEST_STEP][PASSED] - PR = <not implemented yet for class: org.codehaus.groovy.ast.expr.EmptyExpression>: null

02-12-2024T07:04:08 - [TEST_STEP][PASSED] - FR = <not implemented yet for class: org.codehaus.groovy.ast.expr.EmptyExpression>: null

02-12-2024T07:04:08 - [TEST_STEP][PASSED] - PB = <not implemented yet for class: org.codehaus.groovy.ast.expr.EmptyExpression>: null

02-12-2024T07:04:08 - [TEST_STEP][PASSED] - FB = <not implemented yet for class: org.codehaus.groovy.ast.expr.EmptyExpression>: null

02-12-2024T07:04:08 - [TEST_STEP][PASSED] - TR = <not implemented yet for class: org.codehaus.groovy.ast.expr.EmptyExpression>: null

02-12-2024T07:04:08 - [TEST_STEP][PASSED] - TB = <not implemented yet for class: org.codehaus.groovy.ast.expr.EmptyExpression>: null

02-12-2024T07:04:08 - [TEST_STEP][PASSED] - sheetName = "Sheet1": null

02-12-2024T07:04:08 - [TEST_STEP][PASSED] - data = findTestData("PlanFact"): null

02-12-2024T07:04:08 - [TEST_STEP][PASSED] - n = data.getRowNumbers() + 1: null

02-12-2024T07:04:08 - [TEST_STEP][PASSED] - year = todaysDate.substring(todaysDate.length() - 4, todaysDate.length()): null

02-12-2024T07:04:08 - [TEST_STEP][PASSED] - y = year.toInteger(): null

02-12-2024T07:04:08 - [TEST_STEP][PASSED] - m = getText(findTestObject("Выполнение бизнес-плана/Выполнение бизнес-плана Балансы/Фильтр Дата")): Text of object 'Object Repository/Выполнение бизнес-плана/Выполнение бизнес-плана Балансы/Фильтр Дата' is: '1, 2, 3 кв., Октябрь 2024 года'

02-12-2024T07:04:08 - [MESSAGE][PASSED] - Text of object 'Object Repository/Выполнение бизнес-плана/Выполнение бизнес-плана Балансы/Фильтр Дата' is: '1, 2, 3 кв., Октябрь 2024 года'

02-12-2024T07:04:08 - [TEST_STEP][PASSED] - m = m.substring(0, m.indexOf("2024")): null

02-12-2024T07:04:08 - [TEST_STEP][PASSED] - m = m.trim(): null

02-12-2024T07:04:08 - [TEST_STEP][PASSED] - dashboardName = "Выполнение бизнес-плана": null

02-12-2024T07:04:08 - [TEST_STEP][PASSED] - workbook01 = getWorkbook(excelFilePath): null

02-12-2024T07:04:08 - [TEST_STEP][PASSED] - sheet01 = getExcelSheet(workbook01, sheetName): null

02-12-2024T07:04:08 - [TEST_STEP][PASSED] - setValueToCellByIndex(sheet01, n, 0, dashboardName): null

02-12-2024T07:04:08 - [TEST_STEP][PASSED] - setValueToCellByIndex(sheet01, n, 1, dZO): null

02-12-2024T07:04:08 - [TEST_STEP][PASSED] - setValueToCellByIndex(sheet01, n, 2, typeOfData): null

02-12-2024T07:04:08 - [TEST_STEP][PASSED] - setValueToCellByIndex(sheet01, n, 3, typeOfData): null

02-12-2024T07:04:08 - [TEST_STEP][PASSED] - if (typeOfData == "План"): null

02-12-2024T07:04:08 - [TEST_STEP][PASSED] - else if (typeOfData == "Факт"): null

02-12-2024T07:04:08 - [TEST_STEP][PASSED] - else if (vidget.contains("электроэнергии") == true): null

02-12-2024T07:04:08 - [TEST_STEP][PASSED] - else: null

02-12-2024T07:04:08 - [TEST_STEP][PASSED] - if (o1R == null): null

02-12-2024T07:04:08 - [TEST_STEP][PASSED] - else: null

02-12-2024T07:04:08 - [TEST_STEP][PASSED] - if (o1R == "нет данных"): null

02-12-2024T07:04:08 - [TEST_STEP][PASSED] - setValueToCellByIndex(sheet01, n, 4, "нет данных"): null

02-12-2024T07:04:08 - [TEST_STEP][PASSED] - if (o1B == null): null

02-12-2024T07:04:08 - [TEST_STEP][PASSED] - else: null

02-12-2024T07:04:08 - [TEST_STEP][PASSED] - if (o1B == "нет данных"): null

02-12-2024T07:04:08 - [TEST_STEP][PASSED] - else: null

02-12-2024T07:04:08 - [TEST_STEP][PASSED] - FB = o1B.toDouble(): null

02-12-2024T07:04:08 - [TEST_STEP][PASSED] - setValueToCellByIndex(sheet01, n, 5, FB): null

02-12-2024T07:04:08 - [TEST_STEP][PASSED] - setValueToCellByIndex(sheet01, n, 6, m): null

02-12-2024T07:04:08 - [TEST_STEP][PASSED] - setValueToCellByIndex(sheet01, n, 7, y): null

02-12-2024T07:04:08 - [TEST_STEP][PASSED] - setValueToCellByIndex(sheet01, n, 8, todaysDate): null

02-12-2024T07:04:08 - [TEST_STEP][PASSED] - n = n + 1: null

02-12-2024T07:04:08 - [TEST_STEP][FAILED] - saveWorkbook(excelFilePath, workbook01): null

02-12-2024T07:04:08 - [TEST_STEP][FAILED] - if (verifyEqual(mR, mB) == false): null

02-12-2024T07:04:08 - [MESSAGE][FAILED] - Unable to verify equal between actual object 'Россети Московский регион/нет данных/нет данных/нет данных/нет данных/нет данных/нет данных/нет данных/нет данных/нет данных' and expected object 'Россети Московский регион/7.26/7.35/84423998/78218926/6205073/80544314/74697878/5846436/0.09' (Root cause: com.kms.katalon.core.exception.StepFailedException: Actual object 'Россети Московский регион/нет данных/нет данных/нет данных/нет данных/нет данных/нет данных/нет данных/нет данных/нет данных' and expected object 'Россети Московский регион/7.26/7.35/84423998/78218926/6205073/80544314/74697878/5846436/0.09' are not equal
	at com.kms.katalon.core.keyword.builtin.VerifyEqualKeyword$_verifyEqual_closure1.doCall(VerifyEqualKeyword.groovy:58)
	at com.kms.katalon.core.keyword.builtin.VerifyEqualKeyword$_verifyEqual_closure1.call(VerifyEqualKeyword.groovy)
	at com.kms.katalon.core.keyword.internal.KeywordMain.runKeyword(KeywordMain.groovy:75)
	at com.kms.katalon.core.keyword.builtin.VerifyEqualKeyword.verifyEqual(VerifyEqualKeyword.groovy:63)
	at com.kms.katalon.core.keyword.builtin.VerifyEqualKeyword.execute(VerifyEqualKeyword.groovy:44)
	at com.kms.katalon.core.keyword.internal.KeywordExecutor.executeKeywordForPlatform(KeywordExecutor.groovy:74)
	at com.kms.katalon.core.keyword.BuiltinKeywords.verifyEqual(BuiltinKeywords.groovy:146)
	at jdk.internal.reflect.GeneratedMethodAccessor25.invoke(Unknown Source)
	at java.base/jdk.internal.reflect.DelegatingMethodAccessorImpl.invoke(DelegatingMethodAccessorImpl.java:43)
	at Выполнение бизнес-плана сверка дашбордов.run(Выполнение бизнес-плана сверка дашбордов:612)
	at com.kms.katalon.core.main.ScriptEngine.run(ScriptEngine.java:194)
	at com.kms.katalon.core.main.ScriptEngine.runScriptAsRawText(ScriptEngine.java:119)
	at com.kms.katalon.core.main.TestCaseExecutor.runScript(TestCaseExecutor.java:448)
	at com.kms.katalon.core.main.TestCaseExecutor.doExecute(TestCaseExecutor.java:439)
	at com.kms.katalon.core.main.TestCaseExecutor.processExecutionPhase(TestCaseExecutor.java:418)
	at com.kms.katalon.core.main.TestCaseExecutor.accessMainPhase(TestCaseExecutor.java:410)
	at com.kms.katalon.core.main.TestCaseExecutor.execute(TestCaseExecutor.java:285)
	at com.kms.katalon.core.common.CommonExecutor.accessTestCaseMainPhase(CommonExecutor.java:65)
	at com.kms.katalon.core.main.TestSuiteExecutor.accessTestSuiteMainPhase(TestSuiteExecutor.java:150)
	at com.kms.katalon.core.main.TestSuiteExecutor.execute(TestSuiteExecutor.java:106)
	at com.kms.katalon.core.main.TestCaseMain.startTestSuite(TestCaseMain.java:180)
	at TempTestSuite1733111659562.run(TempTestSuite1733111659562.groovy:35)
	at java.base/jdk.internal.reflect.NativeMethodAccessorImpl.invoke0(Native Method)
	at java.base/jdk.internal.reflect.NativeMethodAccessorImpl.invoke(NativeMethodAccessorImpl.java:77)
	at java.base/jdk.internal.reflect.DelegatingMethodAccessorImpl.invoke(DelegatingMethodAccessorImpl.java:43)
)

02-12-2024T07:04:08 - [TEST_STEP][PASSED] - result = CompareDZOData(a = mR, b = mB, dZO, typeOfData, PercPlanR, PercPlanB, PercFactR, PercFactB, todaysDate, x, vidget, tabR, tabB, o1R, o1B): null

02-12-2024T07:04:08 - [TEST_STEP][PASSED] - ii2 = <not implemented yet for class: org.codehaus.groovy.ast.expr.EmptyExpression>: null

02-12-2024T07:04:08 - [TEST_STEP][FAILED] - if (verifyEqual(a, b) == false): null

02-12-2024T07:04:08 - [MESSAGE][FAILED] - Unable to verify equal between actual object 'Россети Московский регион/нет данных/нет данных/нет данных/нет данных/нет данных/нет данных/нет данных/нет данных/нет данных' and expected object 'Россети Московский регион/7.26/7.35/84423998/78218926/6205073/80544314/74697878/5846436/0.09' (Root cause: com.kms.katalon.core.exception.StepFailedException: Actual object 'Россети Московский регион/нет данных/нет данных/нет данных/нет данных/нет данных/нет данных/нет данных/нет данных/нет данных' and expected object 'Россети Московский регион/7.26/7.35/84423998/78218926/6205073/80544314/74697878/5846436/0.09' are not equal
	at com.kms.katalon.core.keyword.builtin.VerifyEqualKeyword$_verifyEqual_closure1.doCall(VerifyEqualKeyword.groovy:58)
	at com.kms.katalon.core.keyword.builtin.VerifyEqualKeyword$_verifyEqual_closure1.call(VerifyEqualKeyword.groovy)
	at com.kms.katalon.core.keyword.internal.KeywordMain.runKeyword(KeywordMain.groovy:75)
	at com.kms.katalon.core.keyword.builtin.VerifyEqualKeyword.verifyEqual(VerifyEqualKeyword.groovy:63)
	at com.kms.katalon.core.keyword.builtin.VerifyEqualKeyword.execute(VerifyEqualKeyword.groovy:44)
	at com.kms.katalon.core.keyword.internal.KeywordExecutor.executeKeywordForPlatform(KeywordExecutor.groovy:74)
	at com.kms.katalon.core.keyword.BuiltinKeywords.verifyEqual(BuiltinKeywords.groovy:146)
	at jdk.internal.reflect.GeneratedMethodAccessor25.invoke(Unknown Source)
	at java.base/jdk.internal.reflect.DelegatingMethodAccessorImpl.invoke(DelegatingMethodAccessorImpl.java:43)
	at Выполнение бизнес-плана сверка дашбордов.CompareDZOData(Выполнение бизнес-плана сверка дашбордов:673)
	at Выполнение бизнес-плана сверка дашбордов.run(Выполнение бизнес-плана сверка дашбордов:613)
	at com.kms.katalon.core.main.ScriptEngine.run(ScriptEngine.java:194)
	at com.kms.katalon.core.main.ScriptEngine.runScriptAsRawText(ScriptEngine.java:119)
	at com.kms.katalon.core.main.TestCaseExecutor.runScript(TestCaseExecutor.java:448)
	at com.kms.katalon.core.main.TestCaseExecutor.doExecute(TestCaseExecutor.java:439)
	at com.kms.katalon.core.main.TestCaseExecutor.processExecutionPhase(TestCaseExecutor.java:418)
	at com.kms.katalon.core.main.TestCaseExecutor.accessMainPhase(TestCaseExecutor.java:410)
	at com.kms.katalon.core.main.TestCaseExecutor.execute(TestCaseExecutor.java:285)
	at com.kms.katalon.core.common.CommonExecutor.accessTestCaseMainPhase(CommonExecutor.java:65)
	at com.kms.katalon.core.main.TestSuiteExecutor.accessTestSuiteMainPhase(TestSuiteExecutor.java:150)
	at com.kms.katalon.core.main.TestSuiteExecutor.execute(TestSuiteExecutor.java:106)
	at com.kms.katalon.core.main.TestCaseMain.startTestSuite(TestCaseMain.java:180)
	at TempTestSuite1733111659562.run(TempTestSuite1733111659562.groovy:35)
	at java.base/jdk.internal.reflect.NativeMethodAccessorImpl.invoke0(Native Method)
	at java.base/jdk.internal.reflect.NativeMethodAccessorImpl.invoke(NativeMethodAccessorImpl.java:77)
	at java.base/jdk.internal.reflect.DelegatingMethodAccessorImpl.invoke(DelegatingMethodAccessorImpl.java:43)
)

02-12-2024T07:04:08 - [TEST_STEP][PASSED] - vidget = "Уровень потерь электроэнергии": null

02-12-2024T07:04:08 - [TEST_STEP][PASSED] - typeOfData = "План": null

02-12-2024T07:04:08 - [TEST_STEP][PASSED] - PercPlanR = GetPercPlanR(x = a): null

02-12-2024T07:04:08 - [TEST_STEP][PASSED] - i1 = <not implemented yet for class: org.codehaus.groovy.ast.expr.EmptyExpression>: null

02-12-2024T07:04:08 - [TEST_STEP][PASSED] - i1 = x.indexOf("/") + 1: null

02-12-2024T07:04:08 - [TEST_STEP][PASSED] - if (i1 > -1): null

02-12-2024T07:04:08 - [TEST_STEP][PASSED] - x = x.substring(i1, x.length()): null

02-12-2024T07:04:08 - [TEST_STEP][PASSED] - i1 = x.indexOf("/"): null

02-12-2024T07:04:08 - [TEST_STEP][PASSED] - if (i1 > -1): null

02-12-2024T07:04:08 - [TEST_STEP][PASSED] - x = x.substring(0, i1): null

02-12-2024T07:04:08 - [TEST_STEP][PASSED] - return x: null

02-12-2024T07:04:08 - [TEST_STEP][PASSED] - PercPlanB = GetPercPlanB(x = b): null

02-12-2024T07:04:08 - [TEST_STEP][PASSED] - i1 = <not implemented yet for class: org.codehaus.groovy.ast.expr.EmptyExpression>: null

02-12-2024T07:04:08 - [TEST_STEP][PASSED] - i1 = x.indexOf("/") + 1: null

02-12-2024T07:04:08 - [TEST_STEP][PASSED] - if (i1 > -1): null

02-12-2024T07:04:08 - [TEST_STEP][PASSED] - x = x.substring(i1, x.length()): null

02-12-2024T07:04:08 - [TEST_STEP][PASSED] - i1 = x.indexOf("/"): null

02-12-2024T07:04:08 - [TEST_STEP][PASSED] - if (i1 > -1): null

02-12-2024T07:04:08 - [TEST_STEP][PASSED] - x = x.substring(0, i1): null

02-12-2024T07:04:08 - [TEST_STEP][FAILED] - return x: null

02-12-2024T07:04:08 - [TEST_STEP][FAILED] - if (verifyEqual(PercPlanR, PercPlanB) == false): null

02-12-2024T07:04:08 - [MESSAGE][FAILED] - Unable to verify equal between actual object 'нет данных' and expected object '7.26' (Root cause: com.kms.katalon.core.exception.StepFailedException: Actual object 'нет данных' and expected object '7.26' are not equal
	at com.kms.katalon.core.keyword.builtin.VerifyEqualKeyword$_verifyEqual_closure1.doCall(VerifyEqualKeyword.groovy:58)
	at com.kms.katalon.core.keyword.builtin.VerifyEqualKeyword$_verifyEqual_closure1.call(VerifyEqualKeyword.groovy)
	at com.kms.katalon.core.keyword.internal.KeywordMain.runKeyword(KeywordMain.groovy:75)
	at com.kms.katalon.core.keyword.builtin.VerifyEqualKeyword.verifyEqual(VerifyEqualKeyword.groovy:63)
	at com.kms.katalon.core.keyword.builtin.VerifyEqualKeyword.execute(VerifyEqualKeyword.groovy:44)
	at com.kms.katalon.core.keyword.internal.KeywordExecutor.executeKeywordForPlatform(KeywordExecutor.groovy:74)
	at com.kms.katalon.core.keyword.BuiltinKeywords.verifyEqual(BuiltinKeywords.groovy:146)
	at jdk.internal.reflect.GeneratedMethodAccessor25.invoke(Unknown Source)
	at java.base/jdk.internal.reflect.DelegatingMethodAccessorImpl.invoke(DelegatingMethodAccessorImpl.java:43)
	at Выполнение бизнес-плана сверка дашбордов.CompareDZOData(Выполнение бизнес-плана сверка дашбордов:682)
	at Выполнение бизнес-плана сверка дашбордов.run(Выполнение бизнес-плана сверка дашбордов:613)
	at com.kms.katalon.core.main.ScriptEngine.run(ScriptEngine.java:194)
	at com.kms.katalon.core.main.ScriptEngine.runScriptAsRawText(ScriptEngine.java:119)
	at com.kms.katalon.core.main.TestCaseExecutor.runScript(TestCaseExecutor.java:448)
	at com.kms.katalon.core.main.TestCaseExecutor.doExecute(TestCaseExecutor.java:439)
	at com.kms.katalon.core.main.TestCaseExecutor.processExecutionPhase(TestCaseExecutor.java:418)
	at com.kms.katalon.core.main.TestCaseExecutor.accessMainPhase(TestCaseExecutor.java:410)
	at com.kms.katalon.core.main.TestCaseExecutor.execute(TestCaseExecutor.java:285)
	at com.kms.katalon.core.common.CommonExecutor.accessTestCaseMainPhase(CommonExecutor.java:65)
	at com.kms.katalon.core.main.TestSuiteExecutor.accessTestSuiteMainPhase(TestSuiteExecutor.java:150)
	at com.kms.katalon.core.main.TestSuiteExecutor.execute(TestSuiteExecutor.java:106)
	at com.kms.katalon.core.main.TestCaseMain.startTestSuite(TestCaseMain.java:180)
	at TempTestSuite1733111659562.run(TempTestSuite1733111659562.groovy:35)
	at java.base/jdk.internal.reflect.NativeMethodAccessorImpl.invoke0(Native Method)
	at java.base/jdk.internal.reflect.NativeMethodAccessorImpl.invoke(NativeMethodAccessorImpl.java:77)
	at java.base/jdk.internal.reflect.DelegatingMethodAccessorImpl.invoke(DelegatingMethodAccessorImpl.java:43)
)

02-12-2024T07:04:08 - [TEST_STEP][PASSED] - result = WriteToExcel(typeOfData, todaysDate, PercPlanR, PercPlanB, PercFactR, PercFactB, x, tabR, tabB, o1R, o1B, vidget): null

02-12-2024T07:04:08 - [TEST_STEP][PASSED] - iii = dZO.indexOf("/"): null

02-12-2024T07:04:08 - [TEST_STEP][PASSED] - println(iii): null

02-12-2024T07:04:08 - [TEST_STEP][PASSED] - dZO = dZO.substring(0, iii): null

02-12-2024T07:04:08 - [TEST_STEP][PASSED] - println(dZO): null

02-12-2024T07:04:08 - [TEST_STEP][PASSED] - println(PercPlanR): null

02-12-2024T07:04:08 - [TEST_STEP][PASSED] - println(PercPlanB): null

02-12-2024T07:04:08 - [TEST_STEP][PASSED] - println(PercFactR): null

02-12-2024T07:04:08 - [TEST_STEP][PASSED] - println(PercFactB): null

02-12-2024T07:04:08 - [TEST_STEP][PASSED] - println(tabR): null

02-12-2024T07:04:08 - [TEST_STEP][PASSED] - println(tabB): null

02-12-2024T07:04:08 - [TEST_STEP][PASSED] - println(o1R): null

02-12-2024T07:04:08 - [TEST_STEP][PASSED] - println(o1B): null

02-12-2024T07:04:08 - [TEST_STEP][PASSED] - PR = <not implemented yet for class: org.codehaus.groovy.ast.expr.EmptyExpression>: null

02-12-2024T07:04:08 - [TEST_STEP][PASSED] - FR = <not implemented yet for class: org.codehaus.groovy.ast.expr.EmptyExpression>: null

02-12-2024T07:04:08 - [TEST_STEP][PASSED] - PB = <not implemented yet for class: org.codehaus.groovy.ast.expr.EmptyExpression>: null

02-12-2024T07:04:08 - [TEST_STEP][PASSED] - FB = <not implemented yet for class: org.codehaus.groovy.ast.expr.EmptyExpression>: null

02-12-2024T07:04:08 - [TEST_STEP][PASSED] - TR = <not implemented yet for class: org.codehaus.groovy.ast.expr.EmptyExpression>: null

02-12-2024T07:04:08 - [TEST_STEP][PASSED] - TB = <not implemented yet for class: org.codehaus.groovy.ast.expr.EmptyExpression>: null

02-12-2024T07:04:08 - [TEST_STEP][PASSED] - sheetName = "Sheet1": null

02-12-2024T07:04:08 - [TEST_STEP][PASSED] - data = findTestData("PlanFact"): null

02-12-2024T07:04:08 - [TEST_STEP][PASSED] - n = data.getRowNumbers() + 1: null

02-12-2024T07:04:08 - [TEST_STEP][PASSED] - year = todaysDate.substring(todaysDate.length() - 4, todaysDate.length()): null

02-12-2024T07:04:08 - [TEST_STEP][PASSED] - y = year.toInteger(): null

02-12-2024T07:04:08 - [TEST_STEP][PASSED] - m = getText(findTestObject("Выполнение бизнес-плана/Выполнение бизнес-плана Балансы/Фильтр Дата")): Text of object 'Object Repository/Выполнение бизнес-плана/Выполнение бизнес-плана Балансы/Фильтр Дата' is: '1, 2, 3 кв., Октябрь 2024 года'

02-12-2024T07:04:09 - [MESSAGE][PASSED] - Text of object 'Object Repository/Выполнение бизнес-плана/Выполнение бизнес-плана Балансы/Фильтр Дата' is: '1, 2, 3 кв., Октябрь 2024 года'

02-12-2024T07:04:09 - [TEST_STEP][PASSED] - m = m.substring(0, m.indexOf("2024")): null

02-12-2024T07:04:09 - [TEST_STEP][PASSED] - m = m.trim(): null

02-12-2024T07:04:09 - [TEST_STEP][PASSED] - dashboardName = "Выполнение бизнес-плана": null

02-12-2024T07:04:09 - [TEST_STEP][PASSED] - workbook01 = getWorkbook(excelFilePath): null

02-12-2024T07:04:09 - [TEST_STEP][PASSED] - sheet01 = getExcelSheet(workbook01, sheetName): null

02-12-2024T07:04:09 - [TEST_STEP][PASSED] - setValueToCellByIndex(sheet01, n, 0, dashboardName): null

02-12-2024T07:04:09 - [TEST_STEP][PASSED] - setValueToCellByIndex(sheet01, n, 1, dZO): null

02-12-2024T07:04:09 - [TEST_STEP][PASSED] - setValueToCellByIndex(sheet01, n, 2, typeOfData): null

02-12-2024T07:04:09 - [TEST_STEP][PASSED] - setValueToCellByIndex(sheet01, n, 3, typeOfData): null

02-12-2024T07:04:09 - [TEST_STEP][PASSED] - if (typeOfData == "План"): null

02-12-2024T07:04:09 - [TEST_STEP][PASSED] - if (PercPlanR == null): null

02-12-2024T07:04:09 - [TEST_STEP][PASSED] - else: null

02-12-2024T07:04:09 - [TEST_STEP][PASSED] - if (PercPlanR == "нет данных"): null

02-12-2024T07:04:09 - [TEST_STEP][PASSED] - setValueToCellByIndex(sheet01, n, 4, "нет данных"): null

02-12-2024T07:04:09 - [TEST_STEP][PASSED] - if (PercPlanB == null): null

02-12-2024T07:04:09 - [TEST_STEP][PASSED] - else: null

02-12-2024T07:04:09 - [TEST_STEP][PASSED] - if (PercPlanB == "нет данных"): null

02-12-2024T07:04:09 - [TEST_STEP][PASSED] - else: null

02-12-2024T07:04:09 - [TEST_STEP][PASSED] - PB = PercPlanB.toDouble(): null

02-12-2024T07:04:09 - [TEST_STEP][PASSED] - setValueToCellByIndex(sheet01, n, 5, PB): null

02-12-2024T07:04:20 - [TEST_STEP][PASSED] - setValueToCellByIndex(sheet01, n, 6, m): null

02-12-2024T07:04:20 - [TEST_STEP][PASSED] - setValueToCellByIndex(sheet01, n, 7, y): null

02-12-2024T07:04:20 - [TEST_STEP][PASSED] - setValueToCellByIndex(sheet01, n, 8, todaysDate): null

02-12-2024T07:04:20 - [TEST_STEP][PASSED] - n = n + 1: null

02-12-2024T07:04:20 - [TEST_STEP][PASSED] - saveWorkbook(excelFilePath, workbook01): null

02-12-2024T07:04:20 - [TEST_STEP][PASSED] - typeOfData = "Факт": null

02-12-2024T07:04:20 - [TEST_STEP][PASSED] - PercFactR = GetPercFactR(x = a): null

02-12-2024T07:04:20 - [TEST_STEP][PASSED] - i1 = <not implemented yet for class: org.codehaus.groovy.ast.expr.EmptyExpression>: null

02-12-2024T07:04:20 - [TEST_STEP][PASSED] - ii = <not implemented yet for class: org.codehaus.groovy.ast.expr.EmptyExpression>: null

02-12-2024T07:04:20 - [TEST_STEP][PASSED] - for ([ii = 1, ii < 3, (ii++)]): null

02-12-2024T07:04:20 - [TEST_STEP][PASSED] - i1 = x.indexOf("/") + 1: null

02-12-2024T07:04:20 - [TEST_STEP][PASSED] - if (i1 > -1): null

02-12-2024T07:04:20 - [TEST_STEP][PASSED] - x = x.substring(i1, x.length()): null

02-12-2024T07:04:20 - [TEST_STEP][PASSED] - println(x): null

02-12-2024T07:04:20 - [TEST_STEP][PASSED] - i1 = x.indexOf("/") + 1: null

02-12-2024T07:04:20 - [TEST_STEP][PASSED] - if (i1 > -1): null

02-12-2024T07:04:20 - [TEST_STEP][PASSED] - x = x.substring(i1, x.length()): null

02-12-2024T07:04:20 - [TEST_STEP][PASSED] - println(x): null

02-12-2024T07:04:20 - [TEST_STEP][PASSED] - i1 = x.indexOf("/"): null

02-12-2024T07:04:20 - [TEST_STEP][PASSED] - if (i1 > -1): null

02-12-2024T07:04:20 - [TEST_STEP][PASSED] - x = x.substring(0, i1): null

02-12-2024T07:04:20 - [TEST_STEP][PASSED] - println(x): null

02-12-2024T07:04:20 - [TEST_STEP][PASSED] - return x: null

02-12-2024T07:04:20 - [TEST_STEP][PASSED] - PercFactB = GetPercFactB(x = b): null

02-12-2024T07:04:20 - [TEST_STEP][PASSED] - i1 = <not implemented yet for class: org.codehaus.groovy.ast.expr.EmptyExpression>: null

02-12-2024T07:04:20 - [TEST_STEP][PASSED] - ii = <not implemented yet for class: org.codehaus.groovy.ast.expr.EmptyExpression>: null

02-12-2024T07:04:20 - [TEST_STEP][PASSED] - for ([ii = 1, ii < 3, (ii++)]): null

02-12-2024T07:04:20 - [TEST_STEP][PASSED] - i1 = x.indexOf("/") + 1: null

02-12-2024T07:04:20 - [TEST_STEP][PASSED] - if (i1 > -1): null

02-12-2024T07:04:20 - [TEST_STEP][PASSED] - x = x.substring(i1, x.length()): null

02-12-2024T07:04:20 - [TEST_STEP][PASSED] - println(x): null

02-12-2024T07:04:20 - [TEST_STEP][PASSED] - i1 = x.indexOf("/") + 1: null

02-12-2024T07:04:20 - [TEST_STEP][PASSED] - if (i1 > -1): null

02-12-2024T07:04:20 - [TEST_STEP][PASSED] - x = x.substring(i1, x.length()): null

02-12-2024T07:04:20 - [TEST_STEP][PASSED] - println(x): null

02-12-2024T07:04:20 - [TEST_STEP][PASSED] - i1 = x.indexOf("/"): null

02-12-2024T07:04:20 - [TEST_STEP][PASSED] - if (i1 > -1): null

02-12-2024T07:04:20 - [TEST_STEP][PASSED] - x = x.substring(0, i1): null

02-12-2024T07:04:20 - [TEST_STEP][PASSED] - println(x): null

02-12-2024T07:04:20 - [TEST_STEP][FAILED] - return x: null

02-12-2024T07:04:20 - [TEST_STEP][FAILED] - if (verifyEqual(PercFactR, PercFactB) == false): null

02-12-2024T07:04:20 - [MESSAGE][FAILED] - Unable to verify equal between actual object 'нет данных' and expected object '7.35' (Root cause: com.kms.katalon.core.exception.StepFailedException: Actual object 'нет данных' and expected object '7.35' are not equal
	at com.kms.katalon.core.keyword.builtin.VerifyEqualKeyword$_verifyEqual_closure1.doCall(VerifyEqualKeyword.groovy:58)
	at com.kms.katalon.core.keyword.builtin.VerifyEqualKeyword$_verifyEqual_closure1.call(VerifyEqualKeyword.groovy)
	at com.kms.katalon.core.keyword.internal.KeywordMain.runKeyword(KeywordMain.groovy:75)
	at com.kms.katalon.core.keyword.builtin.VerifyEqualKeyword.verifyEqual(VerifyEqualKeyword.groovy:63)
	at com.kms.katalon.core.keyword.builtin.VerifyEqualKeyword.execute(VerifyEqualKeyword.groovy:44)
	at com.kms.katalon.core.keyword.internal.KeywordExecutor.executeKeywordForPlatform(KeywordExecutor.groovy:74)
	at com.kms.katalon.core.keyword.BuiltinKeywords.verifyEqual(BuiltinKeywords.groovy:146)
	at jdk.internal.reflect.GeneratedMethodAccessor25.invoke(Unknown Source)
	at java.base/jdk.internal.reflect.DelegatingMethodAccessorImpl.invoke(DelegatingMethodAccessorImpl.java:43)
	at Выполнение бизнес-плана сверка дашбордов.CompareDZOData(Выполнение бизнес-плана сверка дашбордов:693)
	at Выполнение бизнес-плана сверка дашбордов.run(Выполнение бизнес-плана сверка дашбордов:613)
	at com.kms.katalon.core.main.ScriptEngine.run(ScriptEngine.java:194)
	at com.kms.katalon.core.main.ScriptEngine.runScriptAsRawText(ScriptEngine.java:119)
	at com.kms.katalon.core.main.TestCaseExecutor.runScript(TestCaseExecutor.java:448)
	at com.kms.katalon.core.main.TestCaseExecutor.doExecute(TestCaseExecutor.java:439)
	at com.kms.katalon.core.main.TestCaseExecutor.processExecutionPhase(TestCaseExecutor.java:418)
	at com.kms.katalon.core.main.TestCaseExecutor.accessMainPhase(TestCaseExecutor.java:410)
	at com.kms.katalon.core.main.TestCaseExecutor.execute(TestCaseExecutor.java:285)
	at com.kms.katalon.core.common.CommonExecutor.accessTestCaseMainPhase(CommonExecutor.java:65)
	at com.kms.katalon.core.main.TestSuiteExecutor.accessTestSuiteMainPhase(TestSuiteExecutor.java:150)
	at com.kms.katalon.core.main.TestSuiteExecutor.execute(TestSuiteExecutor.java:106)
	at com.kms.katalon.core.main.TestCaseMain.startTestSuite(TestCaseMain.java:180)
	at TempTestSuite1733111659562.run(TempTestSuite1733111659562.groovy:35)
	at java.base/jdk.internal.reflect.NativeMethodAccessorImpl.invoke0(Native Method)
	at java.base/jdk.internal.reflect.NativeMethodAccessorImpl.invoke(NativeMethodAccessorImpl.java:77)
	at java.base/jdk.internal.reflect.DelegatingMethodAccessorImpl.invoke(DelegatingMethodAccessorImpl.java:43)
)

02-12-2024T07:04:20 - [TEST_STEP][PASSED] - result = WriteToExcel(typeOfData, todaysDate, PercPlanR, PercPlanB, PercFactR, PercFactB, x, tabR, tabB, o1R, o1B, vidget): null

02-12-2024T07:04:20 - [TEST_STEP][PASSED] - iii = dZO.indexOf("/"): null

02-12-2024T07:04:20 - [TEST_STEP][PASSED] - println(iii): null

02-12-2024T07:04:20 - [TEST_STEP][PASSED] - dZO = dZO.substring(0, iii): null

02-12-2024T07:04:20 - [TEST_STEP][PASSED] - println(dZO): null

02-12-2024T07:04:20 - [TEST_STEP][PASSED] - println(PercPlanR): null

02-12-2024T07:04:20 - [TEST_STEP][PASSED] - println(PercPlanB): null

02-12-2024T07:04:20 - [TEST_STEP][PASSED] - println(PercFactR): null

02-12-2024T07:04:20 - [TEST_STEP][PASSED] - println(PercFactB): null

02-12-2024T07:04:20 - [TEST_STEP][PASSED] - println(tabR): null

02-12-2024T07:04:20 - [TEST_STEP][PASSED] - println(tabB): null

02-12-2024T07:04:20 - [TEST_STEP][PASSED] - println(o1R): null

02-12-2024T07:04:20 - [TEST_STEP][PASSED] - println(o1B): null

02-12-2024T07:04:20 - [TEST_STEP][PASSED] - PR = <not implemented yet for class: org.codehaus.groovy.ast.expr.EmptyExpression>: null

02-12-2024T07:04:20 - [TEST_STEP][PASSED] - FR = <not implemented yet for class: org.codehaus.groovy.ast.expr.EmptyExpression>: null

02-12-2024T07:04:20 - [TEST_STEP][PASSED] - PB = <not implemented yet for class: org.codehaus.groovy.ast.expr.EmptyExpression>: null

02-12-2024T07:04:20 - [TEST_STEP][PASSED] - FB = <not implemented yet for class: org.codehaus.groovy.ast.expr.EmptyExpression>: null

02-12-2024T07:04:20 - [TEST_STEP][PASSED] - TR = <not implemented yet for class: org.codehaus.groovy.ast.expr.EmptyExpression>: null

02-12-2024T07:04:20 - [TEST_STEP][PASSED] - TB = <not implemented yet for class: org.codehaus.groovy.ast.expr.EmptyExpression>: null

02-12-2024T07:04:20 - [TEST_STEP][PASSED] - sheetName = "Sheet1": null

02-12-2024T07:04:20 - [TEST_STEP][PASSED] - data = findTestData("PlanFact"): null

02-12-2024T07:04:20 - [TEST_STEP][PASSED] - n = data.getRowNumbers() + 1: null

02-12-2024T07:04:20 - [TEST_STEP][PASSED] - year = todaysDate.substring(todaysDate.length() - 4, todaysDate.length()): null

02-12-2024T07:04:20 - [TEST_STEP][PASSED] - y = year.toInteger(): null

02-12-2024T07:04:20 - [TEST_STEP][PASSED] - m = getText(findTestObject("Выполнение бизнес-плана/Выполнение бизнес-плана Балансы/Фильтр Дата")): Text of object 'Object Repository/Выполнение бизнес-плана/Выполнение бизнес-плана Балансы/Фильтр Дата' is: '1, 2, 3 кв., Октябрь 2024 года'

02-12-2024T07:04:20 - [MESSAGE][PASSED] - Text of object 'Object Repository/Выполнение бизнес-плана/Выполнение бизнес-плана Балансы/Фильтр Дата' is: '1, 2, 3 кв., Октябрь 2024 года'

02-12-2024T07:04:20 - [TEST_STEP][PASSED] - m = m.substring(0, m.indexOf("2024")): null

02-12-2024T07:04:20 - [TEST_STEP][PASSED] - m = m.trim(): null

02-12-2024T07:04:20 - [TEST_STEP][PASSED] - dashboardName = "Выполнение бизнес-плана": null

02-12-2024T07:04:20 - [TEST_STEP][PASSED] - workbook01 = getWorkbook(excelFilePath): null

02-12-2024T07:04:20 - [TEST_STEP][PASSED] - sheet01 = getExcelSheet(workbook01, sheetName): null

02-12-2024T07:04:20 - [TEST_STEP][PASSED] - setValueToCellByIndex(sheet01, n, 0, dashboardName): null

02-12-2024T07:04:20 - [TEST_STEP][PASSED] - setValueToCellByIndex(sheet01, n, 1, dZO): null

02-12-2024T07:04:20 - [TEST_STEP][PASSED] - setValueToCellByIndex(sheet01, n, 2, typeOfData): null

02-12-2024T07:04:20 - [TEST_STEP][PASSED] - setValueToCellByIndex(sheet01, n, 3, typeOfData): null

02-12-2024T07:04:20 - [TEST_STEP][PASSED] - if (typeOfData == "План"): null

02-12-2024T07:04:20 - [TEST_STEP][PASSED] - else if (typeOfData == "Факт"): null

02-12-2024T07:04:20 - [TEST_STEP][PASSED] - if (PercFactR == null): null

02-12-2024T07:04:20 - [TEST_STEP][PASSED] - else: null

02-12-2024T07:04:20 - [TEST_STEP][PASSED] - if (PercFactR == "нет данных"): null

02-12-2024T07:04:20 - [TEST_STEP][PASSED] - setValueToCellByIndex(sheet01, n, 4, "нет данных"): null

02-12-2024T07:04:20 - [TEST_STEP][PASSED] - if (PercFactB == null): null

02-12-2024T07:04:20 - [TEST_STEP][PASSED] - else: null

02-12-2024T07:04:20 - [TEST_STEP][PASSED] - if (PercFactB == "нет данных"): null

02-12-2024T07:04:20 - [TEST_STEP][PASSED] - else: null

02-12-2024T07:04:20 - [TEST_STEP][PASSED] - FB = PercFactB.toDouble(): null

02-12-2024T07:04:20 - [TEST_STEP][PASSED] - setValueToCellByIndex(sheet01, n, 5, FB): null

02-12-2024T07:04:20 - [TEST_STEP][PASSED] - setValueToCellByIndex(sheet01, n, 6, m): null

02-12-2024T07:04:20 - [TEST_STEP][PASSED] - setValueToCellByIndex(sheet01, n, 7, y): null

02-12-2024T07:04:20 - [TEST_STEP][PASSED] - setValueToCellByIndex(sheet01, n, 8, todaysDate): null

02-12-2024T07:04:20 - [TEST_STEP][PASSED] - n = n + 1: null

02-12-2024T07:04:20 - [TEST_STEP][PASSED] - saveWorkbook(excelFilePath, workbook01): null

02-12-2024T07:04:21 - [TEST_STEP][PASSED] - vidget = "Показатели баланса электроэнергии по ДЗО – Факт": null

02-12-2024T07:04:21 - [TEST_STEP][PASSED] - typeOfData = "Факт Отпуск в сеть": null

02-12-2024T07:04:21 - [TEST_STEP][PASSED] - tabR = GetOvSFactR(x = a): null

02-12-2024T07:04:21 - [TEST_STEP][PASSED] - i1 = <not implemented yet for class: org.codehaus.groovy.ast.expr.EmptyExpression>: null

02-12-2024T07:04:21 - [TEST_STEP][PASSED] - ii = <not implemented yet for class: org.codehaus.groovy.ast.expr.EmptyExpression>: null

02-12-2024T07:04:21 - [TEST_STEP][PASSED] - for ([ii = 1, ii < 4, (ii++)]): null

02-12-2024T07:04:21 - [TEST_STEP][PASSED] - i1 = x.indexOf("/") + 1: null

02-12-2024T07:04:21 - [TEST_STEP][PASSED] - if (i1 > -1): null

02-12-2024T07:04:21 - [TEST_STEP][PASSED] - x = x.substring(i1, x.length()): null

02-12-2024T07:04:21 - [TEST_STEP][PASSED] - println(x): null

02-12-2024T07:04:21 - [TEST_STEP][PASSED] - i1 = x.indexOf("/") + 1: null

02-12-2024T07:04:21 - [TEST_STEP][PASSED] - if (i1 > -1): null

02-12-2024T07:04:21 - [TEST_STEP][PASSED] - x = x.substring(i1, x.length()): null

02-12-2024T07:04:21 - [TEST_STEP][PASSED] - println(x): null

02-12-2024T07:04:21 - [TEST_STEP][PASSED] - i1 = x.indexOf("/") + 1: null

02-12-2024T07:04:21 - [TEST_STEP][PASSED] - if (i1 > -1): null

02-12-2024T07:04:21 - [TEST_STEP][PASSED] - x = x.substring(i1, x.length()): null

02-12-2024T07:04:21 - [TEST_STEP][PASSED] - println(x): null

02-12-2024T07:04:21 - [TEST_STEP][PASSED] - i1 = x.indexOf("/"): null

02-12-2024T07:04:21 - [TEST_STEP][PASSED] - if (i1 > -1): null

02-12-2024T07:04:21 - [TEST_STEP][PASSED] - x = x.substring(0, i1): null

02-12-2024T07:04:21 - [TEST_STEP][PASSED] - println(x): null

02-12-2024T07:04:21 - [TEST_STEP][PASSED] - return x: null

02-12-2024T07:04:21 - [TEST_STEP][PASSED] - tabB = GetOvSFactB(x = b): null

02-12-2024T07:04:21 - [TEST_STEP][PASSED] - i1 = <not implemented yet for class: org.codehaus.groovy.ast.expr.EmptyExpression>: null

02-12-2024T07:04:21 - [TEST_STEP][PASSED] - ii = <not implemented yet for class: org.codehaus.groovy.ast.expr.EmptyExpression>: null

02-12-2024T07:04:21 - [TEST_STEP][PASSED] - for ([ii = 1, ii < 4, (ii++)]): null

02-12-2024T07:04:21 - [TEST_STEP][PASSED] - i1 = x.indexOf("/") + 1: null

02-12-2024T07:04:21 - [TEST_STEP][PASSED] - if (i1 > -1): null

02-12-2024T07:04:21 - [TEST_STEP][PASSED] - x = x.substring(i1, x.length()): null

02-12-2024T07:04:21 - [TEST_STEP][PASSED] - println(x): null

02-12-2024T07:04:21 - [TEST_STEP][PASSED] - i1 = x.indexOf("/") + 1: null

02-12-2024T07:04:21 - [TEST_STEP][PASSED] - if (i1 > -1): null

02-12-2024T07:04:21 - [TEST_STEP][PASSED] - x = x.substring(i1, x.length()): null

02-12-2024T07:04:21 - [TEST_STEP][PASSED] - println(x): null

02-12-2024T07:04:21 - [TEST_STEP][PASSED] - i1 = x.indexOf("/") + 1: null

02-12-2024T07:04:21 - [TEST_STEP][PASSED] - if (i1 > -1): null

02-12-2024T07:04:21 - [TEST_STEP][PASSED] - x = x.substring(i1, x.length()): null

02-12-2024T07:04:21 - [TEST_STEP][PASSED] - println(x): null

02-12-2024T07:04:21 - [TEST_STEP][PASSED] - i1 = x.indexOf("/"): null

02-12-2024T07:04:21 - [TEST_STEP][PASSED] - if (i1 > -1): null

02-12-2024T07:04:21 - [TEST_STEP][PASSED] - x = x.substring(0, i1): null

02-12-2024T07:04:21 - [TEST_STEP][PASSED] - println(x): null

02-12-2024T07:04:21 - [TEST_STEP][FAILED] - return x: null

02-12-2024T07:04:21 - [TEST_STEP][FAILED] - if (verifyEqual(tabR, tabB) == false): null

02-12-2024T07:04:21 - [MESSAGE][FAILED] - Unable to verify equal between actual object 'нет данных' and expected object '84423998' (Root cause: com.kms.katalon.core.exception.StepFailedException: Actual object 'нет данных' and expected object '84423998' are not equal
	at com.kms.katalon.core.keyword.builtin.VerifyEqualKeyword$_verifyEqual_closure1.doCall(VerifyEqualKeyword.groovy:58)
	at com.kms.katalon.core.keyword.builtin.VerifyEqualKeyword$_verifyEqual_closure1.call(VerifyEqualKeyword.groovy)
	at com.kms.katalon.core.keyword.internal.KeywordMain.runKeyword(KeywordMain.groovy:75)
	at com.kms.katalon.core.keyword.builtin.VerifyEqualKeyword.verifyEqual(VerifyEqualKeyword.groovy:63)
	at com.kms.katalon.core.keyword.builtin.VerifyEqualKeyword.execute(VerifyEqualKeyword.groovy:44)
	at com.kms.katalon.core.keyword.internal.KeywordExecutor.executeKeywordForPlatform(KeywordExecutor.groovy:74)
	at com.kms.katalon.core.keyword.BuiltinKeywords.verifyEqual(BuiltinKeywords.groovy:146)
	at jdk.internal.reflect.GeneratedMethodAccessor25.invoke(Unknown Source)
	at java.base/jdk.internal.reflect.DelegatingMethodAccessorImpl.invoke(DelegatingMethodAccessorImpl.java:43)
	at Выполнение бизнес-плана сверка дашбордов.CompareDZOData(Выполнение бизнес-плана сверка дашбордов:706)
	at Выполнение бизнес-плана сверка дашбордов.run(Выполнение бизнес-плана сверка дашбордов:613)
	at com.kms.katalon.core.main.ScriptEngine.run(ScriptEngine.java:194)
	at com.kms.katalon.core.main.ScriptEngine.runScriptAsRawText(ScriptEngine.java:119)
	at com.kms.katalon.core.main.TestCaseExecutor.runScript(TestCaseExecutor.java:448)
	at com.kms.katalon.core.main.TestCaseExecutor.doExecute(TestCaseExecutor.java:439)
	at com.kms.katalon.core.main.TestCaseExecutor.processExecutionPhase(TestCaseExecutor.java:418)
	at com.kms.katalon.core.main.TestCaseExecutor.accessMainPhase(TestCaseExecutor.java:410)
	at com.kms.katalon.core.main.TestCaseExecutor.execute(TestCaseExecutor.java:285)
	at com.kms.katalon.core.common.CommonExecutor.accessTestCaseMainPhase(CommonExecutor.java:65)
	at com.kms.katalon.core.main.TestSuiteExecutor.accessTestSuiteMainPhase(TestSuiteExecutor.java:150)
	at com.kms.katalon.core.main.TestSuiteExecutor.execute(TestSuiteExecutor.java:106)
	at com.kms.katalon.core.main.TestCaseMain.startTestSuite(TestCaseMain.java:180)
	at TempTestSuite1733111659562.run(TempTestSuite1733111659562.groovy:35)
	at java.base/jdk.internal.reflect.NativeMethodAccessorImpl.invoke0(Native Method)
	at java.base/jdk.internal.reflect.NativeMethodAccessorImpl.invoke(NativeMethodAccessorImpl.java:77)
	at java.base/jdk.internal.reflect.DelegatingMethodAccessorImpl.invoke(DelegatingMethodAccessorImpl.java:43)
)

02-12-2024T07:04:21 - [TEST_STEP][PASSED] - result = WriteToExcel(typeOfData, todaysDate, PercPlanR, PercPlanB, PercFactR, PercFactB, x, tabR, tabB, o1R, o1B, vidget): null

02-12-2024T07:04:21 - [TEST_STEP][PASSED] - iii = dZO.indexOf("/"): null

02-12-2024T07:04:21 - [TEST_STEP][PASSED] - println(iii): null

02-12-2024T07:04:21 - [TEST_STEP][PASSED] - dZO = dZO.substring(0, iii): null

02-12-2024T07:04:21 - [TEST_STEP][PASSED] - println(dZO): null

02-12-2024T07:04:21 - [TEST_STEP][PASSED] - println(PercPlanR): null

02-12-2024T07:04:21 - [TEST_STEP][PASSED] - println(PercPlanB): null

02-12-2024T07:04:21 - [TEST_STEP][PASSED] - println(PercFactR): null

02-12-2024T07:04:21 - [TEST_STEP][PASSED] - println(PercFactB): null

02-12-2024T07:04:21 - [TEST_STEP][PASSED] - println(tabR): null

02-12-2024T07:04:21 - [TEST_STEP][PASSED] - println(tabB): null

02-12-2024T07:04:21 - [TEST_STEP][PASSED] - println(o1R): null

02-12-2024T07:04:21 - [TEST_STEP][PASSED] - println(o1B): null

02-12-2024T07:04:21 - [TEST_STEP][PASSED] - PR = <not implemented yet for class: org.codehaus.groovy.ast.expr.EmptyExpression>: null

02-12-2024T07:04:21 - [TEST_STEP][PASSED] - FR = <not implemented yet for class: org.codehaus.groovy.ast.expr.EmptyExpression>: null

02-12-2024T07:04:21 - [TEST_STEP][PASSED] - PB = <not implemented yet for class: org.codehaus.groovy.ast.expr.EmptyExpression>: null

02-12-2024T07:04:21 - [TEST_STEP][PASSED] - FB = <not implemented yet for class: org.codehaus.groovy.ast.expr.EmptyExpression>: null

02-12-2024T07:04:21 - [TEST_STEP][PASSED] - TR = <not implemented yet for class: org.codehaus.groovy.ast.expr.EmptyExpression>: null

02-12-2024T07:04:21 - [TEST_STEP][PASSED] - TB = <not implemented yet for class: org.codehaus.groovy.ast.expr.EmptyExpression>: null

02-12-2024T07:04:21 - [TEST_STEP][PASSED] - sheetName = "Sheet1": null

02-12-2024T07:04:21 - [TEST_STEP][PASSED] - data = findTestData("PlanFact"): null

02-12-2024T07:04:21 - [TEST_STEP][PASSED] - n = data.getRowNumbers() + 1: null

02-12-2024T07:04:21 - [TEST_STEP][PASSED] - year = todaysDate.substring(todaysDate.length() - 4, todaysDate.length()): null

02-12-2024T07:04:21 - [TEST_STEP][PASSED] - y = year.toInteger(): null

02-12-2024T07:04:21 - [TEST_STEP][PASSED] - m = getText(findTestObject("Выполнение бизнес-плана/Выполнение бизнес-плана Балансы/Фильтр Дата")): Text of object 'Object Repository/Выполнение бизнес-плана/Выполнение бизнес-плана Балансы/Фильтр Дата' is: '1, 2, 3 кв., Октябрь 2024 года'

02-12-2024T07:04:21 - [MESSAGE][PASSED] - Text of object 'Object Repository/Выполнение бизнес-плана/Выполнение бизнес-плана Балансы/Фильтр Дата' is: '1, 2, 3 кв., Октябрь 2024 года'

02-12-2024T07:04:21 - [TEST_STEP][PASSED] - m = m.substring(0, m.indexOf("2024")): null

02-12-2024T07:04:21 - [TEST_STEP][PASSED] - m = m.trim(): null

02-12-2024T07:04:21 - [TEST_STEP][PASSED] - dashboardName = "Выполнение бизнес-плана": null

02-12-2024T07:04:21 - [TEST_STEP][PASSED] - workbook01 = getWorkbook(excelFilePath): null

02-12-2024T07:04:21 - [TEST_STEP][PASSED] - sheet01 = getExcelSheet(workbook01, sheetName): null

02-12-2024T07:04:21 - [TEST_STEP][PASSED] - setValueToCellByIndex(sheet01, n, 0, dashboardName): null

02-12-2024T07:04:21 - [TEST_STEP][PASSED] - setValueToCellByIndex(sheet01, n, 1, dZO): null

02-12-2024T07:04:21 - [TEST_STEP][PASSED] - setValueToCellByIndex(sheet01, n, 2, typeOfData): null

02-12-2024T07:04:21 - [TEST_STEP][PASSED] - setValueToCellByIndex(sheet01, n, 3, typeOfData): null

02-12-2024T07:04:21 - [TEST_STEP][PASSED] - if (typeOfData == "План"): null

02-12-2024T07:04:21 - [TEST_STEP][PASSED] - else if (typeOfData == "Факт"): null

02-12-2024T07:04:21 - [TEST_STEP][PASSED] - else if (vidget.contains("электроэнергии") == true): null

02-12-2024T07:04:21 - [TEST_STEP][PASSED] - if (tabR == null): null

02-12-2024T07:04:21 - [TEST_STEP][PASSED] - else: null

02-12-2024T07:04:21 - [TEST_STEP][PASSED] - if (tabR == "нет данных"): null

02-12-2024T07:04:21 - [TEST_STEP][PASSED] - setValueToCellByIndex(sheet01, n, 4, "нет данных"): null

02-12-2024T07:04:21 - [TEST_STEP][PASSED] - if (tabB == null): null

02-12-2024T07:04:21 - [TEST_STEP][PASSED] - else: null

02-12-2024T07:04:21 - [TEST_STEP][PASSED] - if (tabB == "нет данных"): null

02-12-2024T07:04:21 - [TEST_STEP][PASSED] - else: null

02-12-2024T07:04:21 - [TEST_STEP][PASSED] - TB = tabB.toInteger(): null

02-12-2024T07:04:21 - [TEST_STEP][PASSED] - setValueToCellByIndex(sheet01, n, 5, TB): null

02-12-2024T07:04:21 - [TEST_STEP][PASSED] - setValueToCellByIndex(sheet01, n, 6, m): null

02-12-2024T07:04:21 - [TEST_STEP][PASSED] - setValueToCellByIndex(sheet01, n, 7, y): null

02-12-2024T07:04:21 - [TEST_STEP][PASSED] - setValueToCellByIndex(sheet01, n, 8, todaysDate): null

02-12-2024T07:04:21 - [TEST_STEP][PASSED] - n = n + 1: null

02-12-2024T07:04:21 - [TEST_STEP][PASSED] - saveWorkbook(excelFilePath, workbook01): null

02-12-2024T07:04:21 - [TEST_STEP][PASSED] - typeOfData = "Факт Отпуск из сети": null

02-12-2024T07:04:21 - [TEST_STEP][PASSED] - tabR = GetOiSFactR(x = a): null

02-12-2024T07:04:21 - [TEST_STEP][PASSED] - i1 = <not implemented yet for class: org.codehaus.groovy.ast.expr.EmptyExpression>: null

02-12-2024T07:04:21 - [TEST_STEP][PASSED] - ii = <not implemented yet for class: org.codehaus.groovy.ast.expr.EmptyExpression>: null

02-12-2024T07:04:21 - [TEST_STEP][PASSED] - for ([ii = 1, ii < 5, (ii++)]): null

02-12-2024T07:04:21 - [TEST_STEP][PASSED] - i1 = x.indexOf("/") + 1: null

02-12-2024T07:04:21 - [TEST_STEP][PASSED] - if (i1 > -1): null

02-12-2024T07:04:21 - [TEST_STEP][PASSED] - x = x.substring(i1, x.length()): null

02-12-2024T07:04:21 - [TEST_STEP][PASSED] - println(x): null

02-12-2024T07:04:21 - [TEST_STEP][PASSED] - i1 = x.indexOf("/") + 1: null

02-12-2024T07:04:21 - [TEST_STEP][PASSED] - if (i1 > -1): null

02-12-2024T07:04:21 - [TEST_STEP][PASSED] - x = x.substring(i1, x.length()): null

02-12-2024T07:04:21 - [TEST_STEP][PASSED] - println(x): null

02-12-2024T07:04:21 - [TEST_STEP][PASSED] - i1 = x.indexOf("/") + 1: null

02-12-2024T07:04:21 - [TEST_STEP][PASSED] - if (i1 > -1): null

02-12-2024T07:04:21 - [TEST_STEP][PASSED] - x = x.substring(i1, x.length()): null

02-12-2024T07:04:21 - [TEST_STEP][PASSED] - println(x): null

02-12-2024T07:04:21 - [TEST_STEP][PASSED] - i1 = x.indexOf("/") + 1: null

02-12-2024T07:04:21 - [TEST_STEP][PASSED] - if (i1 > -1): null

02-12-2024T07:04:21 - [TEST_STEP][PASSED] - x = x.substring(i1, x.length()): null

02-12-2024T07:04:21 - [TEST_STEP][PASSED] - println(x): null

02-12-2024T07:04:21 - [TEST_STEP][PASSED] - i1 = x.indexOf("/"): null

02-12-2024T07:04:21 - [TEST_STEP][PASSED] - if (i1 > -1): null

02-12-2024T07:04:21 - [TEST_STEP][PASSED] - x = x.substring(0, i1): null

02-12-2024T07:04:21 - [TEST_STEP][PASSED] - println(x): null

02-12-2024T07:04:21 - [TEST_STEP][PASSED] - return x: null

02-12-2024T07:04:21 - [TEST_STEP][PASSED] - tabB = GetOiSFactB(x = b): null

02-12-2024T07:04:21 - [TEST_STEP][PASSED] - i1 = <not implemented yet for class: org.codehaus.groovy.ast.expr.EmptyExpression>: null

02-12-2024T07:04:21 - [TEST_STEP][PASSED] - ii = <not implemented yet for class: org.codehaus.groovy.ast.expr.EmptyExpression>: null

02-12-2024T07:04:21 - [TEST_STEP][PASSED] - for ([ii = 1, ii < 5, (ii++)]): null

02-12-2024T07:04:21 - [TEST_STEP][PASSED] - i1 = x.indexOf("/") + 1: null

02-12-2024T07:04:21 - [TEST_STEP][PASSED] - if (i1 > -1): null

02-12-2024T07:04:21 - [TEST_STEP][PASSED] - x = x.substring(i1, x.length()): null

02-12-2024T07:04:21 - [TEST_STEP][PASSED] - println(x): null

02-12-2024T07:04:21 - [TEST_STEP][PASSED] - i1 = x.indexOf("/") + 1: null

02-12-2024T07:04:21 - [TEST_STEP][PASSED] - if (i1 > -1): null

02-12-2024T07:04:21 - [TEST_STEP][PASSED] - x = x.substring(i1, x.length()): null

02-12-2024T07:04:21 - [TEST_STEP][PASSED] - println(x): null

02-12-2024T07:04:21 - [TEST_STEP][PASSED] - i1 = x.indexOf("/") + 1: null

02-12-2024T07:04:21 - [TEST_STEP][PASSED] - if (i1 > -1): null

02-12-2024T07:04:21 - [TEST_STEP][PASSED] - x = x.substring(i1, x.length()): null

02-12-2024T07:04:21 - [TEST_STEP][PASSED] - println(x): null

02-12-2024T07:04:21 - [TEST_STEP][PASSED] - i1 = x.indexOf("/") + 1: null

02-12-2024T07:04:21 - [TEST_STEP][PASSED] - if (i1 > -1): null

02-12-2024T07:04:21 - [TEST_STEP][PASSED] - x = x.substring(i1, x.length()): null

02-12-2024T07:04:21 - [TEST_STEP][PASSED] - println(x): null

02-12-2024T07:04:21 - [TEST_STEP][PASSED] - i1 = x.indexOf("/"): null

02-12-2024T07:04:21 - [TEST_STEP][PASSED] - if (i1 > -1): null

02-12-2024T07:04:21 - [TEST_STEP][PASSED] - x = x.substring(0, i1): null

02-12-2024T07:04:21 - [TEST_STEP][PASSED] - println(x): null

02-12-2024T07:04:21 - [TEST_STEP][FAILED] - return x: null

02-12-2024T07:04:21 - [TEST_STEP][FAILED] - if (verifyEqual(tabR, tabB) == false): null

02-12-2024T07:04:21 - [MESSAGE][FAILED] - Unable to verify equal between actual object 'нет данных' and expected object '78218926' (Root cause: com.kms.katalon.core.exception.StepFailedException: Actual object 'нет данных' and expected object '78218926' are not equal
	at com.kms.katalon.core.keyword.builtin.VerifyEqualKeyword$_verifyEqual_closure1.doCall(VerifyEqualKeyword.groovy:58)
	at com.kms.katalon.core.keyword.builtin.VerifyEqualKeyword$_verifyEqual_closure1.call(VerifyEqualKeyword.groovy)
	at com.kms.katalon.core.keyword.internal.KeywordMain.runKeyword(KeywordMain.groovy:75)
	at com.kms.katalon.core.keyword.builtin.VerifyEqualKeyword.verifyEqual(VerifyEqualKeyword.groovy:63)
	at com.kms.katalon.core.keyword.builtin.VerifyEqualKeyword.execute(VerifyEqualKeyword.groovy:44)
	at com.kms.katalon.core.keyword.internal.KeywordExecutor.executeKeywordForPlatform(KeywordExecutor.groovy:74)
	at com.kms.katalon.core.keyword.BuiltinKeywords.verifyEqual(BuiltinKeywords.groovy:146)
	at jdk.internal.reflect.GeneratedMethodAccessor25.invoke(Unknown Source)
	at java.base/jdk.internal.reflect.DelegatingMethodAccessorImpl.invoke(DelegatingMethodAccessorImpl.java:43)
	at Выполнение бизнес-плана сверка дашбордов.CompareDZOData(Выполнение бизнес-плана сверка дашбордов:717)
	at Выполнение бизнес-плана сверка дашбордов.run(Выполнение бизнес-плана сверка дашбордов:613)
	at com.kms.katalon.core.main.ScriptEngine.run(ScriptEngine.java:194)
	at com.kms.katalon.core.main.ScriptEngine.runScriptAsRawText(ScriptEngine.java:119)
	at com.kms.katalon.core.main.TestCaseExecutor.runScript(TestCaseExecutor.java:448)
	at com.kms.katalon.core.main.TestCaseExecutor.doExecute(TestCaseExecutor.java:439)
	at com.kms.katalon.core.main.TestCaseExecutor.processExecutionPhase(TestCaseExecutor.java:418)
	at com.kms.katalon.core.main.TestCaseExecutor.accessMainPhase(TestCaseExecutor.java:410)
	at com.kms.katalon.core.main.TestCaseExecutor.execute(TestCaseExecutor.java:285)
	at com.kms.katalon.core.common.CommonExecutor.accessTestCaseMainPhase(CommonExecutor.java:65)
	at com.kms.katalon.core.main.TestSuiteExecutor.accessTestSuiteMainPhase(TestSuiteExecutor.java:150)
	at com.kms.katalon.core.main.TestSuiteExecutor.execute(TestSuiteExecutor.java:106)
	at com.kms.katalon.core.main.TestCaseMain.startTestSuite(TestCaseMain.java:180)
	at TempTestSuite1733111659562.run(TempTestSuite1733111659562.groovy:35)
	at java.base/jdk.internal.reflect.NativeMethodAccessorImpl.invoke0(Native Method)
	at java.base/jdk.internal.reflect.NativeMethodAccessorImpl.invoke(NativeMethodAccessorImpl.java:77)
	at java.base/jdk.internal.reflect.DelegatingMethodAccessorImpl.invoke(DelegatingMethodAccessorImpl.java:43)
)

02-12-2024T07:04:21 - [TEST_STEP][PASSED] - result = WriteToExcel(typeOfData, todaysDate, PercPlanR, PercPlanB, PercFactR, PercFactB, x, tabR, tabB, o1R, o1B, vidget): null

02-12-2024T07:04:21 - [TEST_STEP][PASSED] - iii = dZO.indexOf("/"): null

02-12-2024T07:04:21 - [TEST_STEP][PASSED] - println(iii): null

02-12-2024T07:04:21 - [TEST_STEP][PASSED] - dZO = dZO.substring(0, iii): null

02-12-2024T07:04:21 - [TEST_STEP][PASSED] - println(dZO): null

02-12-2024T07:04:21 - [TEST_STEP][PASSED] - println(PercPlanR): null

02-12-2024T07:04:21 - [TEST_STEP][PASSED] - println(PercPlanB): null

02-12-2024T07:04:21 - [TEST_STEP][PASSED] - println(PercFactR): null

02-12-2024T07:04:21 - [TEST_STEP][PASSED] - println(PercFactB): null

02-12-2024T07:04:21 - [TEST_STEP][PASSED] - println(tabR): null

02-12-2024T07:04:21 - [TEST_STEP][PASSED] - println(tabB): null

02-12-2024T07:04:21 - [TEST_STEP][PASSED] - println(o1R): null

02-12-2024T07:04:21 - [TEST_STEP][PASSED] - println(o1B): null

02-12-2024T07:04:21 - [TEST_STEP][PASSED] - PR = <not implemented yet for class: org.codehaus.groovy.ast.expr.EmptyExpression>: null

02-12-2024T07:04:21 - [TEST_STEP][PASSED] - FR = <not implemented yet for class: org.codehaus.groovy.ast.expr.EmptyExpression>: null

02-12-2024T07:04:21 - [TEST_STEP][PASSED] - PB = <not implemented yet for class: org.codehaus.groovy.ast.expr.EmptyExpression>: null

02-12-2024T07:04:21 - [TEST_STEP][PASSED] - FB = <not implemented yet for class: org.codehaus.groovy.ast.expr.EmptyExpression>: null

02-12-2024T07:04:21 - [TEST_STEP][PASSED] - TR = <not implemented yet for class: org.codehaus.groovy.ast.expr.EmptyExpression>: null

02-12-2024T07:04:21 - [TEST_STEP][PASSED] - TB = <not implemented yet for class: org.codehaus.groovy.ast.expr.EmptyExpression>: null

02-12-2024T07:04:21 - [TEST_STEP][PASSED] - sheetName = "Sheet1": null

02-12-2024T07:04:21 - [TEST_STEP][PASSED] - data = findTestData("PlanFact"): null

02-12-2024T07:04:21 - [TEST_STEP][PASSED] - n = data.getRowNumbers() + 1: null

02-12-2024T07:04:21 - [TEST_STEP][PASSED] - year = todaysDate.substring(todaysDate.length() - 4, todaysDate.length()): null

02-12-2024T07:04:21 - [TEST_STEP][PASSED] - y = year.toInteger(): null

02-12-2024T07:04:21 - [TEST_STEP][PASSED] - m = getText(findTestObject("Выполнение бизнес-плана/Выполнение бизнес-плана Балансы/Фильтр Дата")): Text of object 'Object Repository/Выполнение бизнес-плана/Выполнение бизнес-плана Балансы/Фильтр Дата' is: '1, 2, 3 кв., Октябрь 2024 года'

02-12-2024T07:04:22 - [MESSAGE][PASSED] - Text of object 'Object Repository/Выполнение бизнес-плана/Выполнение бизнес-плана Балансы/Фильтр Дата' is: '1, 2, 3 кв., Октябрь 2024 года'

02-12-2024T07:04:22 - [TEST_STEP][PASSED] - m = m.substring(0, m.indexOf("2024")): null

02-12-2024T07:04:22 - [TEST_STEP][PASSED] - m = m.trim(): null

02-12-2024T07:04:22 - [TEST_STEP][PASSED] - dashboardName = "Выполнение бизнес-плана": null

02-12-2024T07:04:22 - [TEST_STEP][PASSED] - workbook01 = getWorkbook(excelFilePath): null

02-12-2024T07:04:22 - [TEST_STEP][PASSED] - sheet01 = getExcelSheet(workbook01, sheetName): null

02-12-2024T07:04:22 - [TEST_STEP][PASSED] - setValueToCellByIndex(sheet01, n, 0, dashboardName): null

02-12-2024T07:04:22 - [TEST_STEP][PASSED] - setValueToCellByIndex(sheet01, n, 1, dZO): null

02-12-2024T07:04:22 - [TEST_STEP][PASSED] - setValueToCellByIndex(sheet01, n, 2, typeOfData): null

02-12-2024T07:04:22 - [TEST_STEP][PASSED] - setValueToCellByIndex(sheet01, n, 3, typeOfData): null

02-12-2024T07:04:22 - [TEST_STEP][PASSED] - if (typeOfData == "План"): null

02-12-2024T07:04:22 - [TEST_STEP][PASSED] - else if (typeOfData == "Факт"): null

02-12-2024T07:04:22 - [TEST_STEP][PASSED] - else if (vidget.contains("электроэнергии") == true): null

02-12-2024T07:04:22 - [TEST_STEP][PASSED] - if (tabR == null): null

02-12-2024T07:04:22 - [TEST_STEP][PASSED] - else: null

02-12-2024T07:04:22 - [TEST_STEP][PASSED] - if (tabR == "нет данных"): null

02-12-2024T07:04:22 - [TEST_STEP][PASSED] - setValueToCellByIndex(sheet01, n, 4, "нет данных"): null

02-12-2024T07:04:22 - [TEST_STEP][PASSED] - if (tabB == null): null

02-12-2024T07:04:22 - [TEST_STEP][PASSED] - else: null

02-12-2024T07:04:22 - [TEST_STEP][PASSED] - if (tabB == "нет данных"): null

02-12-2024T07:04:22 - [TEST_STEP][PASSED] - else: null

02-12-2024T07:04:22 - [TEST_STEP][PASSED] - TB = tabB.toInteger(): null

02-12-2024T07:04:22 - [TEST_STEP][PASSED] - setValueToCellByIndex(sheet01, n, 5, TB): null

02-12-2024T07:04:22 - [TEST_STEP][PASSED] - setValueToCellByIndex(sheet01, n, 6, m): null

02-12-2024T07:04:22 - [TEST_STEP][PASSED] - setValueToCellByIndex(sheet01, n, 7, y): null

02-12-2024T07:04:22 - [TEST_STEP][PASSED] - setValueToCellByIndex(sheet01, n, 8, todaysDate): null

02-12-2024T07:04:22 - [TEST_STEP][PASSED] - n = n + 1: null

02-12-2024T07:04:22 - [TEST_STEP][PASSED] - saveWorkbook(excelFilePath, workbook01): null

02-12-2024T07:04:22 - [TEST_STEP][PASSED] - typeOfData = "Факт Потери": null

02-12-2024T07:04:22 - [TEST_STEP][PASSED] - tabR = GetPFactR(x = a): null

02-12-2024T07:04:22 - [TEST_STEP][PASSED] - i1 = <not implemented yet for class: org.codehaus.groovy.ast.expr.EmptyExpression>: null

02-12-2024T07:04:22 - [TEST_STEP][PASSED] - ii = <not implemented yet for class: org.codehaus.groovy.ast.expr.EmptyExpression>: null

02-12-2024T07:04:22 - [TEST_STEP][PASSED] - for ([ii = 1, ii < 6, (ii++)]): null

02-12-2024T07:04:22 - [TEST_STEP][PASSED] - i1 = x.indexOf("/") + 1: null

02-12-2024T07:04:22 - [TEST_STEP][PASSED] - if (i1 > -1): null

02-12-2024T07:04:22 - [TEST_STEP][PASSED] - x = x.substring(i1, x.length()): null

02-12-2024T07:04:22 - [TEST_STEP][PASSED] - println(x): null

02-12-2024T07:04:22 - [TEST_STEP][PASSED] - i1 = x.indexOf("/") + 1: null

02-12-2024T07:04:22 - [TEST_STEP][PASSED] - if (i1 > -1): null

02-12-2024T07:04:22 - [TEST_STEP][PASSED] - x = x.substring(i1, x.length()): null

02-12-2024T07:04:22 - [TEST_STEP][PASSED] - println(x): null

02-12-2024T07:04:22 - [TEST_STEP][PASSED] - i1 = x.indexOf("/") + 1: null

02-12-2024T07:04:22 - [TEST_STEP][PASSED] - if (i1 > -1): null

02-12-2024T07:04:22 - [TEST_STEP][PASSED] - x = x.substring(i1, x.length()): null

02-12-2024T07:04:22 - [TEST_STEP][PASSED] - println(x): null

02-12-2024T07:04:22 - [TEST_STEP][PASSED] - i1 = x.indexOf("/") + 1: null

02-12-2024T07:04:22 - [TEST_STEP][PASSED] - if (i1 > -1): null

02-12-2024T07:04:22 - [TEST_STEP][PASSED] - x = x.substring(i1, x.length()): null

02-12-2024T07:04:22 - [TEST_STEP][PASSED] - println(x): null

02-12-2024T07:04:22 - [TEST_STEP][PASSED] - i1 = x.indexOf("/") + 1: null

02-12-2024T07:04:22 - [TEST_STEP][PASSED] - if (i1 > -1): null

02-12-2024T07:04:22 - [TEST_STEP][PASSED] - x = x.substring(i1, x.length()): null

02-12-2024T07:04:22 - [TEST_STEP][PASSED] - println(x): null

02-12-2024T07:04:22 - [TEST_STEP][PASSED] - i1 = x.indexOf("/"): null

02-12-2024T07:04:22 - [TEST_STEP][PASSED] - if (i1 > -1): null

02-12-2024T07:04:22 - [TEST_STEP][PASSED] - x = x.substring(0, i1): null

02-12-2024T07:04:22 - [TEST_STEP][PASSED] - println(x): null

02-12-2024T07:04:22 - [TEST_STEP][PASSED] - return x: null

02-12-2024T07:04:22 - [TEST_STEP][PASSED] - tabB = GetPFactB(x = b): null

02-12-2024T07:04:22 - [TEST_STEP][PASSED] - i1 = <not implemented yet for class: org.codehaus.groovy.ast.expr.EmptyExpression>: null

02-12-2024T07:04:22 - [TEST_STEP][PASSED] - ii = <not implemented yet for class: org.codehaus.groovy.ast.expr.EmptyExpression>: null

02-12-2024T07:04:22 - [TEST_STEP][PASSED] - for ([ii = 1, ii < 6, (ii++)]): null

02-12-2024T07:04:22 - [TEST_STEP][PASSED] - i1 = x.indexOf("/") + 1: null

02-12-2024T07:04:22 - [TEST_STEP][PASSED] - if (i1 > -1): null

02-12-2024T07:04:22 - [TEST_STEP][PASSED] - x = x.substring(i1, x.length()): null

02-12-2024T07:04:22 - [TEST_STEP][PASSED] - println(x): null

02-12-2024T07:04:22 - [TEST_STEP][PASSED] - i1 = x.indexOf("/") + 1: null

02-12-2024T07:04:22 - [TEST_STEP][PASSED] - if (i1 > -1): null

02-12-2024T07:04:22 - [TEST_STEP][PASSED] - x = x.substring(i1, x.length()): null

02-12-2024T07:04:22 - [TEST_STEP][PASSED] - println(x): null

02-12-2024T07:04:22 - [TEST_STEP][PASSED] - i1 = x.indexOf("/") + 1: null

02-12-2024T07:04:22 - [TEST_STEP][PASSED] - if (i1 > -1): null

02-12-2024T07:04:22 - [TEST_STEP][PASSED] - x = x.substring(i1, x.length()): null

02-12-2024T07:04:22 - [TEST_STEP][PASSED] - println(x): null

02-12-2024T07:04:22 - [TEST_STEP][PASSED] - i1 = x.indexOf("/") + 1: null

02-12-2024T07:04:22 - [TEST_STEP][PASSED] - if (i1 > -1): null

02-12-2024T07:04:22 - [TEST_STEP][PASSED] - x = x.substring(i1, x.length()): null

02-12-2024T07:04:22 - [TEST_STEP][PASSED] - println(x): null

02-12-2024T07:04:22 - [TEST_STEP][PASSED] - i1 = x.indexOf("/") + 1: null

02-12-2024T07:04:22 - [TEST_STEP][PASSED] - if (i1 > -1): null

02-12-2024T07:04:22 - [TEST_STEP][PASSED] - x = x.substring(i1, x.length()): null

02-12-2024T07:04:22 - [TEST_STEP][PASSED] - println(x): null

02-12-2024T07:04:22 - [TEST_STEP][PASSED] - i1 = x.indexOf("/"): null

02-12-2024T07:04:22 - [TEST_STEP][PASSED] - if (i1 > -1): null

02-12-2024T07:04:22 - [TEST_STEP][PASSED] - x = x.substring(0, i1): null

02-12-2024T07:04:22 - [TEST_STEP][PASSED] - println(x): null

02-12-2024T07:04:22 - [TEST_STEP][FAILED] - return x: null

02-12-2024T07:04:22 - [TEST_STEP][PASSED] - println(tabR + "/" + tabB): null

02-12-2024T07:04:22 - [TEST_STEP][FAILED] - if (verifyEqual(tabR, tabB) == false): null

02-12-2024T07:04:22 - [MESSAGE][FAILED] - Unable to verify equal between actual object 'нет данных' and expected object '6205073' (Root cause: com.kms.katalon.core.exception.StepFailedException: Actual object 'нет данных' and expected object '6205073' are not equal
	at com.kms.katalon.core.keyword.builtin.VerifyEqualKeyword$_verifyEqual_closure1.doCall(VerifyEqualKeyword.groovy:58)
	at com.kms.katalon.core.keyword.builtin.VerifyEqualKeyword$_verifyEqual_closure1.call(VerifyEqualKeyword.groovy)
	at com.kms.katalon.core.keyword.internal.KeywordMain.runKeyword(KeywordMain.groovy:75)
	at com.kms.katalon.core.keyword.builtin.VerifyEqualKeyword.verifyEqual(VerifyEqualKeyword.groovy:63)
	at com.kms.katalon.core.keyword.builtin.VerifyEqualKeyword.execute(VerifyEqualKeyword.groovy:44)
	at com.kms.katalon.core.keyword.internal.KeywordExecutor.executeKeywordForPlatform(KeywordExecutor.groovy:74)
	at com.kms.katalon.core.keyword.BuiltinKeywords.verifyEqual(BuiltinKeywords.groovy:146)
	at jdk.internal.reflect.GeneratedMethodAccessor25.invoke(Unknown Source)
	at java.base/jdk.internal.reflect.DelegatingMethodAccessorImpl.invoke(DelegatingMethodAccessorImpl.java:43)
	at Выполнение бизнес-плана сверка дашбордов.CompareDZOData(Выполнение бизнес-плана сверка дашбордов:730)
	at Выполнение бизнес-плана сверка дашбордов.run(Выполнение бизнес-плана сверка дашбордов:613)
	at com.kms.katalon.core.main.ScriptEngine.run(ScriptEngine.java:194)
	at com.kms.katalon.core.main.ScriptEngine.runScriptAsRawText(ScriptEngine.java:119)
	at com.kms.katalon.core.main.TestCaseExecutor.runScript(TestCaseExecutor.java:448)
	at com.kms.katalon.core.main.TestCaseExecutor.doExecute(TestCaseExecutor.java:439)
	at com.kms.katalon.core.main.TestCaseExecutor.processExecutionPhase(TestCaseExecutor.java:418)
	at com.kms.katalon.core.main.TestCaseExecutor.accessMainPhase(TestCaseExecutor.java:410)
	at com.kms.katalon.core.main.TestCaseExecutor.execute(TestCaseExecutor.java:285)
	at com.kms.katalon.core.common.CommonExecutor.accessTestCaseMainPhase(CommonExecutor.java:65)
	at com.kms.katalon.core.main.TestSuiteExecutor.accessTestSuiteMainPhase(TestSuiteExecutor.java:150)
	at com.kms.katalon.core.main.TestSuiteExecutor.execute(TestSuiteExecutor.java:106)
	at com.kms.katalon.core.main.TestCaseMain.startTestSuite(TestCaseMain.java:180)
	at TempTestSuite1733111659562.run(TempTestSuite1733111659562.groovy:35)
	at java.base/jdk.internal.reflect.NativeMethodAccessorImpl.invoke0(Native Method)
	at java.base/jdk.internal.reflect.NativeMethodAccessorImpl.invoke(NativeMethodAccessorImpl.java:77)
	at java.base/jdk.internal.reflect.DelegatingMethodAccessorImpl.invoke(DelegatingMethodAccessorImpl.java:43)
)

02-12-2024T07:04:22 - [TEST_STEP][PASSED] - result = WriteToExcel(typeOfData, todaysDate, PercPlanR, PercPlanB, PercFactR, PercFactB, x, tabR, tabB, o1R, o1B, vidget): null

02-12-2024T07:04:22 - [TEST_STEP][PASSED] - iii = dZO.indexOf("/"): null

02-12-2024T07:04:22 - [TEST_STEP][PASSED] - println(iii): null

02-12-2024T07:04:22 - [TEST_STEP][PASSED] - dZO = dZO.substring(0, iii): null

02-12-2024T07:04:22 - [TEST_STEP][PASSED] - println(dZO): null

02-12-2024T07:04:22 - [TEST_STEP][PASSED] - println(PercPlanR): null

02-12-2024T07:04:22 - [TEST_STEP][PASSED] - println(PercPlanB): null

02-12-2024T07:04:22 - [TEST_STEP][PASSED] - println(PercFactR): null

02-12-2024T07:04:22 - [TEST_STEP][PASSED] - println(PercFactB): null

02-12-2024T07:04:22 - [TEST_STEP][PASSED] - println(tabR): null

02-12-2024T07:04:22 - [TEST_STEP][PASSED] - println(tabB): null

02-12-2024T07:04:22 - [TEST_STEP][PASSED] - println(o1R): null

02-12-2024T07:04:22 - [TEST_STEP][PASSED] - println(o1B): null

02-12-2024T07:04:22 - [TEST_STEP][PASSED] - PR = <not implemented yet for class: org.codehaus.groovy.ast.expr.EmptyExpression>: null

02-12-2024T07:04:22 - [TEST_STEP][PASSED] - FR = <not implemented yet for class: org.codehaus.groovy.ast.expr.EmptyExpression>: null

02-12-2024T07:04:22 - [TEST_STEP][PASSED] - PB = <not implemented yet for class: org.codehaus.groovy.ast.expr.EmptyExpression>: null

02-12-2024T07:04:22 - [TEST_STEP][PASSED] - FB = <not implemented yet for class: org.codehaus.groovy.ast.expr.EmptyExpression>: null

02-12-2024T07:04:22 - [TEST_STEP][PASSED] - TR = <not implemented yet for class: org.codehaus.groovy.ast.expr.EmptyExpression>: null

02-12-2024T07:04:22 - [TEST_STEP][PASSED] - TB = <not implemented yet for class: org.codehaus.groovy.ast.expr.EmptyExpression>: null

02-12-2024T07:04:22 - [TEST_STEP][PASSED] - sheetName = "Sheet1": null

02-12-2024T07:04:22 - [TEST_STEP][PASSED] - data = findTestData("PlanFact"): null

02-12-2024T07:04:22 - [TEST_STEP][PASSED] - n = data.getRowNumbers() + 1: null

02-12-2024T07:04:22 - [TEST_STEP][PASSED] - year = todaysDate.substring(todaysDate.length() - 4, todaysDate.length()): null

02-12-2024T07:04:22 - [TEST_STEP][PASSED] - y = year.toInteger(): null

02-12-2024T07:04:22 - [TEST_STEP][PASSED] - m = getText(findTestObject("Выполнение бизнес-плана/Выполнение бизнес-плана Балансы/Фильтр Дата")): Text of object 'Object Repository/Выполнение бизнес-плана/Выполнение бизнес-плана Балансы/Фильтр Дата' is: '1, 2, 3 кв., Октябрь 2024 года'

02-12-2024T07:04:22 - [MESSAGE][PASSED] - Text of object 'Object Repository/Выполнение бизнес-плана/Выполнение бизнес-плана Балансы/Фильтр Дата' is: '1, 2, 3 кв., Октябрь 2024 года'

02-12-2024T07:04:22 - [TEST_STEP][PASSED] - m = m.substring(0, m.indexOf("2024")): null

02-12-2024T07:04:22 - [TEST_STEP][PASSED] - m = m.trim(): null

02-12-2024T07:04:22 - [TEST_STEP][PASSED] - dashboardName = "Выполнение бизнес-плана": null

02-12-2024T07:04:22 - [TEST_STEP][PASSED] - workbook01 = getWorkbook(excelFilePath): null

02-12-2024T07:04:22 - [TEST_STEP][PASSED] - sheet01 = getExcelSheet(workbook01, sheetName): null

02-12-2024T07:04:22 - [TEST_STEP][PASSED] - setValueToCellByIndex(sheet01, n, 0, dashboardName): null

02-12-2024T07:04:22 - [TEST_STEP][PASSED] - setValueToCellByIndex(sheet01, n, 1, dZO): null

02-12-2024T07:04:22 - [TEST_STEP][PASSED] - setValueToCellByIndex(sheet01, n, 2, typeOfData): null

02-12-2024T07:04:22 - [TEST_STEP][PASSED] - setValueToCellByIndex(sheet01, n, 3, typeOfData): null

02-12-2024T07:04:22 - [TEST_STEP][PASSED] - if (typeOfData == "План"): null

02-12-2024T07:04:22 - [TEST_STEP][PASSED] - else if (typeOfData == "Факт"): null

02-12-2024T07:04:22 - [TEST_STEP][PASSED] - else if (vidget.contains("электроэнергии") == true): null

02-12-2024T07:04:22 - [TEST_STEP][PASSED] - if (tabR == null): null

02-12-2024T07:04:22 - [TEST_STEP][PASSED] - else: null

02-12-2024T07:04:22 - [TEST_STEP][PASSED] - if (tabR == "нет данных"): null

02-12-2024T07:04:22 - [TEST_STEP][PASSED] - setValueToCellByIndex(sheet01, n, 4, "нет данных"): null

02-12-2024T07:04:22 - [TEST_STEP][PASSED] - if (tabB == null): null

02-12-2024T07:04:22 - [TEST_STEP][PASSED] - else: null

02-12-2024T07:04:22 - [TEST_STEP][PASSED] - if (tabB == "нет данных"): null

02-12-2024T07:04:22 - [TEST_STEP][PASSED] - else: null

02-12-2024T07:04:22 - [TEST_STEP][PASSED] - TB = tabB.toInteger(): null

02-12-2024T07:04:22 - [TEST_STEP][PASSED] - setValueToCellByIndex(sheet01, n, 5, TB): null

02-12-2024T07:04:22 - [TEST_STEP][PASSED] - setValueToCellByIndex(sheet01, n, 6, m): null

02-12-2024T07:04:22 - [TEST_STEP][PASSED] - setValueToCellByIndex(sheet01, n, 7, y): null

02-12-2024T07:04:22 - [TEST_STEP][PASSED] - setValueToCellByIndex(sheet01, n, 8, todaysDate): null

02-12-2024T07:04:22 - [TEST_STEP][PASSED] - n = n + 1: null

02-12-2024T07:04:22 - [TEST_STEP][PASSED] - saveWorkbook(excelFilePath, workbook01): null

02-12-2024T07:04:22 - [TEST_STEP][PASSED] - vidget = "Показатели баланса электроэнергии по ДЗО – План": null

02-12-2024T07:04:22 - [TEST_STEP][PASSED] - typeOfData = "План Отпуск в сеть": null

02-12-2024T07:04:22 - [TEST_STEP][PASSED] - tabR = GetOvSPlanR(x = a): null

02-12-2024T07:04:22 - [TEST_STEP][PASSED] - i1 = <not implemented yet for class: org.codehaus.groovy.ast.expr.EmptyExpression>: null

02-12-2024T07:04:22 - [TEST_STEP][PASSED] - ii = <not implemented yet for class: org.codehaus.groovy.ast.expr.EmptyExpression>: null

02-12-2024T07:04:22 - [TEST_STEP][PASSED] - for ([ii = 1, ii < 7, (ii++)]): null

02-12-2024T07:04:22 - [TEST_STEP][PASSED] - i1 = x.indexOf("/") + 1: null

02-12-2024T07:04:22 - [TEST_STEP][PASSED] - if (i1 > -1): null

02-12-2024T07:04:22 - [TEST_STEP][PASSED] - x = x.substring(i1, x.length()): null

02-12-2024T07:04:22 - [TEST_STEP][PASSED] - println(x): null

02-12-2024T07:04:22 - [TEST_STEP][PASSED] - i1 = x.indexOf("/") + 1: null

02-12-2024T07:04:22 - [TEST_STEP][PASSED] - if (i1 > -1): null

02-12-2024T07:04:22 - [TEST_STEP][PASSED] - x = x.substring(i1, x.length()): null

02-12-2024T07:04:22 - [TEST_STEP][PASSED] - println(x): null

02-12-2024T07:04:22 - [TEST_STEP][PASSED] - i1 = x.indexOf("/") + 1: null

02-12-2024T07:04:22 - [TEST_STEP][PASSED] - if (i1 > -1): null

02-12-2024T07:04:22 - [TEST_STEP][PASSED] - x = x.substring(i1, x.length()): null

02-12-2024T07:04:22 - [TEST_STEP][PASSED] - println(x): null

02-12-2024T07:04:22 - [TEST_STEP][PASSED] - i1 = x.indexOf("/") + 1: null

02-12-2024T07:04:22 - [TEST_STEP][PASSED] - if (i1 > -1): null

02-12-2024T07:04:22 - [TEST_STEP][PASSED] - x = x.substring(i1, x.length()): null

02-12-2024T07:04:22 - [TEST_STEP][PASSED] - println(x): null

02-12-2024T07:04:22 - [TEST_STEP][PASSED] - i1 = x.indexOf("/") + 1: null

02-12-2024T07:04:22 - [TEST_STEP][PASSED] - if (i1 > -1): null

02-12-2024T07:04:22 - [TEST_STEP][PASSED] - x = x.substring(i1, x.length()): null

02-12-2024T07:04:22 - [TEST_STEP][PASSED] - println(x): null

02-12-2024T07:04:22 - [TEST_STEP][PASSED] - i1 = x.indexOf("/") + 1: null

02-12-2024T07:04:22 - [TEST_STEP][PASSED] - if (i1 > -1): null

02-12-2024T07:04:22 - [TEST_STEP][PASSED] - x = x.substring(i1, x.length()): null

02-12-2024T07:04:22 - [TEST_STEP][PASSED] - println(x): null

02-12-2024T07:04:22 - [TEST_STEP][PASSED] - i1 = x.indexOf("/"): null

02-12-2024T07:04:22 - [TEST_STEP][PASSED] - if (i1 > -1): null

02-12-2024T07:04:22 - [TEST_STEP][PASSED] - x = x.substring(0, i1): null

02-12-2024T07:04:22 - [TEST_STEP][PASSED] - println(x): null

02-12-2024T07:04:22 - [TEST_STEP][PASSED] - return x: null

02-12-2024T07:04:22 - [TEST_STEP][PASSED] - tabB = GetOvSPlanB(x = b): null

02-12-2024T07:04:22 - [TEST_STEP][PASSED] - i1 = <not implemented yet for class: org.codehaus.groovy.ast.expr.EmptyExpression>: null

02-12-2024T07:04:22 - [TEST_STEP][PASSED] - ii = <not implemented yet for class: org.codehaus.groovy.ast.expr.EmptyExpression>: null

02-12-2024T07:04:22 - [TEST_STEP][PASSED] - for ([ii = 1, ii < 7, (ii++)]): null

02-12-2024T07:04:22 - [TEST_STEP][PASSED] - i1 = x.indexOf("/") + 1: null

02-12-2024T07:04:22 - [TEST_STEP][PASSED] - if (i1 > -1): null

02-12-2024T07:04:22 - [TEST_STEP][PASSED] - x = x.substring(i1, x.length()): null

02-12-2024T07:04:22 - [TEST_STEP][PASSED] - println(x): null

02-12-2024T07:04:22 - [TEST_STEP][PASSED] - i1 = x.indexOf("/") + 1: null

02-12-2024T07:04:22 - [TEST_STEP][PASSED] - if (i1 > -1): null

02-12-2024T07:04:22 - [TEST_STEP][PASSED] - x = x.substring(i1, x.length()): null

02-12-2024T07:04:22 - [TEST_STEP][PASSED] - println(x): null

02-12-2024T07:04:22 - [TEST_STEP][PASSED] - i1 = x.indexOf("/") + 1: null

02-12-2024T07:04:22 - [TEST_STEP][PASSED] - if (i1 > -1): null

02-12-2024T07:04:22 - [TEST_STEP][PASSED] - x = x.substring(i1, x.length()): null

02-12-2024T07:04:22 - [TEST_STEP][PASSED] - println(x): null

02-12-2024T07:04:22 - [TEST_STEP][PASSED] - i1 = x.indexOf("/") + 1: null

02-12-2024T07:04:22 - [TEST_STEP][PASSED] - if (i1 > -1): null

02-12-2024T07:04:22 - [TEST_STEP][PASSED] - x = x.substring(i1, x.length()): null

02-12-2024T07:04:22 - [TEST_STEP][PASSED] - println(x): null

02-12-2024T07:04:22 - [TEST_STEP][PASSED] - i1 = x.indexOf("/") + 1: null

02-12-2024T07:04:22 - [TEST_STEP][PASSED] - if (i1 > -1): null

02-12-2024T07:04:22 - [TEST_STEP][PASSED] - x = x.substring(i1, x.length()): null

02-12-2024T07:04:22 - [TEST_STEP][PASSED] - println(x): null

02-12-2024T07:04:22 - [TEST_STEP][PASSED] - i1 = x.indexOf("/") + 1: null

02-12-2024T07:04:22 - [TEST_STEP][PASSED] - if (i1 > -1): null

02-12-2024T07:04:22 - [TEST_STEP][PASSED] - x = x.substring(i1, x.length()): null

02-12-2024T07:04:22 - [TEST_STEP][PASSED] - println(x): null

02-12-2024T07:04:22 - [TEST_STEP][PASSED] - i1 = x.indexOf("/"): null

02-12-2024T07:04:22 - [TEST_STEP][PASSED] - if (i1 > -1): null

02-12-2024T07:04:22 - [TEST_STEP][PASSED] - x = x.substring(0, i1): null

02-12-2024T07:04:22 - [TEST_STEP][PASSED] - println(x): null

02-12-2024T07:04:22 - [TEST_STEP][FAILED] - return x: null

02-12-2024T07:04:22 - [TEST_STEP][PASSED] - println(tabR + "/" + tabB): null

02-12-2024T07:04:22 - [TEST_STEP][FAILED] - if (verifyEqual(PercFactR, PercFactB) == false): null

02-12-2024T07:04:22 - [MESSAGE][FAILED] - Unable to verify equal between actual object 'нет данных' and expected object '7.35' (Root cause: com.kms.katalon.core.exception.StepFailedException: Actual object 'нет данных' and expected object '7.35' are not equal
	at com.kms.katalon.core.keyword.builtin.VerifyEqualKeyword$_verifyEqual_closure1.doCall(VerifyEqualKeyword.groovy:58)
	at com.kms.katalon.core.keyword.builtin.VerifyEqualKeyword$_verifyEqual_closure1.call(VerifyEqualKeyword.groovy)
	at com.kms.katalon.core.keyword.internal.KeywordMain.runKeyword(KeywordMain.groovy:75)
	at com.kms.katalon.core.keyword.builtin.VerifyEqualKeyword.verifyEqual(VerifyEqualKeyword.groovy:63)
	at com.kms.katalon.core.keyword.builtin.VerifyEqualKeyword.execute(VerifyEqualKeyword.groovy:44)
	at com.kms.katalon.core.keyword.internal.KeywordExecutor.executeKeywordForPlatform(KeywordExecutor.groovy:74)
	at com.kms.katalon.core.keyword.BuiltinKeywords.verifyEqual(BuiltinKeywords.groovy:146)
	at jdk.internal.reflect.GeneratedMethodAccessor25.invoke(Unknown Source)
	at java.base/jdk.internal.reflect.DelegatingMethodAccessorImpl.invoke(DelegatingMethodAccessorImpl.java:43)
	at Выполнение бизнес-плана сверка дашбордов.CompareDZOData(Выполнение бизнес-плана сверка дашбордов:745)
	at Выполнение бизнес-плана сверка дашбордов.run(Выполнение бизнес-плана сверка дашбордов:613)
	at com.kms.katalon.core.main.ScriptEngine.run(ScriptEngine.java:194)
	at com.kms.katalon.core.main.ScriptEngine.runScriptAsRawText(ScriptEngine.java:119)
	at com.kms.katalon.core.main.TestCaseExecutor.runScript(TestCaseExecutor.java:448)
	at com.kms.katalon.core.main.TestCaseExecutor.doExecute(TestCaseExecutor.java:439)
	at com.kms.katalon.core.main.TestCaseExecutor.processExecutionPhase(TestCaseExecutor.java:418)
	at com.kms.katalon.core.main.TestCaseExecutor.accessMainPhase(TestCaseExecutor.java:410)
	at com.kms.katalon.core.main.TestCaseExecutor.execute(TestCaseExecutor.java:285)
	at com.kms.katalon.core.common.CommonExecutor.accessTestCaseMainPhase(CommonExecutor.java:65)
	at com.kms.katalon.core.main.TestSuiteExecutor.accessTestSuiteMainPhase(TestSuiteExecutor.java:150)
	at com.kms.katalon.core.main.TestSuiteExecutor.execute(TestSuiteExecutor.java:106)
	at com.kms.katalon.core.main.TestCaseMain.startTestSuite(TestCaseMain.java:180)
	at TempTestSuite1733111659562.run(TempTestSuite1733111659562.groovy:35)
	at java.base/jdk.internal.reflect.NativeMethodAccessorImpl.invoke0(Native Method)
	at java.base/jdk.internal.reflect.NativeMethodAccessorImpl.invoke(NativeMethodAccessorImpl.java:77)
	at java.base/jdk.internal.reflect.DelegatingMethodAccessorImpl.invoke(DelegatingMethodAccessorImpl.java:43)
)

02-12-2024T07:04:22 - [TEST_STEP][PASSED] - result = WriteToExcel(typeOfData, todaysDate, PercPlanR, PercPlanB, PercFactR, PercFactB, x, tabR, tabB, o1R, o1B, vidget): null

02-12-2024T07:04:22 - [TEST_STEP][PASSED] - iii = dZO.indexOf("/"): null

02-12-2024T07:04:22 - [TEST_STEP][PASSED] - println(iii): null

02-12-2024T07:04:22 - [TEST_STEP][PASSED] - dZO = dZO.substring(0, iii): null

02-12-2024T07:04:22 - [TEST_STEP][PASSED] - println(dZO): null

02-12-2024T07:04:22 - [TEST_STEP][PASSED] - println(PercPlanR): null

02-12-2024T07:04:22 - [TEST_STEP][PASSED] - println(PercPlanB): null

02-12-2024T07:04:22 - [TEST_STEP][PASSED] - println(PercFactR): null

02-12-2024T07:04:22 - [TEST_STEP][PASSED] - println(PercFactB): null

02-12-2024T07:04:22 - [TEST_STEP][PASSED] - println(tabR): null

02-12-2024T07:04:22 - [TEST_STEP][PASSED] - println(tabB): null

02-12-2024T07:04:22 - [TEST_STEP][PASSED] - println(o1R): null

02-12-2024T07:04:22 - [TEST_STEP][PASSED] - println(o1B): null

02-12-2024T07:04:22 - [TEST_STEP][PASSED] - PR = <not implemented yet for class: org.codehaus.groovy.ast.expr.EmptyExpression>: null

02-12-2024T07:04:22 - [TEST_STEP][PASSED] - FR = <not implemented yet for class: org.codehaus.groovy.ast.expr.EmptyExpression>: null

02-12-2024T07:04:22 - [TEST_STEP][PASSED] - PB = <not implemented yet for class: org.codehaus.groovy.ast.expr.EmptyExpression>: null

02-12-2024T07:04:22 - [TEST_STEP][PASSED] - FB = <not implemented yet for class: org.codehaus.groovy.ast.expr.EmptyExpression>: null

02-12-2024T07:04:22 - [TEST_STEP][PASSED] - TR = <not implemented yet for class: org.codehaus.groovy.ast.expr.EmptyExpression>: null

02-12-2024T07:04:22 - [TEST_STEP][PASSED] - TB = <not implemented yet for class: org.codehaus.groovy.ast.expr.EmptyExpression>: null

02-12-2024T07:04:22 - [TEST_STEP][PASSED] - sheetName = "Sheet1": null

02-12-2024T07:04:22 - [TEST_STEP][PASSED] - data = findTestData("PlanFact"): null

02-12-2024T07:04:22 - [TEST_STEP][PASSED] - n = data.getRowNumbers() + 1: null

02-12-2024T07:04:22 - [TEST_STEP][PASSED] - year = todaysDate.substring(todaysDate.length() - 4, todaysDate.length()): null

02-12-2024T07:04:22 - [TEST_STEP][PASSED] - y = year.toInteger(): null

02-12-2024T07:04:22 - [TEST_STEP][PASSED] - m = getText(findTestObject("Выполнение бизнес-плана/Выполнение бизнес-плана Балансы/Фильтр Дата")): Text of object 'Object Repository/Выполнение бизнес-плана/Выполнение бизнес-плана Балансы/Фильтр Дата' is: '1, 2, 3 кв., Октябрь 2024 года'

02-12-2024T07:04:23 - [MESSAGE][PASSED] - Text of object 'Object Repository/Выполнение бизнес-плана/Выполнение бизнес-плана Балансы/Фильтр Дата' is: '1, 2, 3 кв., Октябрь 2024 года'

02-12-2024T07:04:23 - [TEST_STEP][PASSED] - m = m.substring(0, m.indexOf("2024")): null

02-12-2024T07:04:23 - [TEST_STEP][PASSED] - m = m.trim(): null

02-12-2024T07:04:23 - [TEST_STEP][PASSED] - dashboardName = "Выполнение бизнес-плана": null

02-12-2024T07:04:23 - [TEST_STEP][PASSED] - workbook01 = getWorkbook(excelFilePath): null

02-12-2024T07:04:23 - [TEST_STEP][PASSED] - sheet01 = getExcelSheet(workbook01, sheetName): null

02-12-2024T07:04:23 - [TEST_STEP][PASSED] - setValueToCellByIndex(sheet01, n, 0, dashboardName): null

02-12-2024T07:04:23 - [TEST_STEP][PASSED] - setValueToCellByIndex(sheet01, n, 1, dZO): null

02-12-2024T07:04:23 - [TEST_STEP][PASSED] - setValueToCellByIndex(sheet01, n, 2, typeOfData): null

02-12-2024T07:04:23 - [TEST_STEP][PASSED] - setValueToCellByIndex(sheet01, n, 3, typeOfData): null

02-12-2024T07:04:23 - [TEST_STEP][PASSED] - if (typeOfData == "План"): null

02-12-2024T07:04:23 - [TEST_STEP][PASSED] - else if (typeOfData == "Факт"): null

02-12-2024T07:04:23 - [TEST_STEP][PASSED] - else if (vidget.contains("электроэнергии") == true): null

02-12-2024T07:04:23 - [TEST_STEP][PASSED] - if (tabR == null): null

02-12-2024T07:04:23 - [TEST_STEP][PASSED] - else: null

02-12-2024T07:04:23 - [TEST_STEP][PASSED] - if (tabR == "нет данных"): null

02-12-2024T07:04:23 - [TEST_STEP][PASSED] - setValueToCellByIndex(sheet01, n, 4, "нет данных"): null

02-12-2024T07:04:23 - [TEST_STEP][PASSED] - if (tabB == null): null

02-12-2024T07:04:23 - [TEST_STEP][PASSED] - else: null

02-12-2024T07:04:23 - [TEST_STEP][PASSED] - if (tabB == "нет данных"): null

02-12-2024T07:04:23 - [TEST_STEP][PASSED] - else: null

02-12-2024T07:04:23 - [TEST_STEP][PASSED] - TB = tabB.toInteger(): null

02-12-2024T07:04:23 - [TEST_STEP][PASSED] - setValueToCellByIndex(sheet01, n, 5, TB): null

02-12-2024T07:04:23 - [TEST_STEP][PASSED] - setValueToCellByIndex(sheet01, n, 6, m): null

02-12-2024T07:04:23 - [TEST_STEP][PASSED] - setValueToCellByIndex(sheet01, n, 7, y): null

02-12-2024T07:04:23 - [TEST_STEP][PASSED] - setValueToCellByIndex(sheet01, n, 8, todaysDate): null

02-12-2024T07:04:23 - [TEST_STEP][PASSED] - n = n + 1: null

02-12-2024T07:04:23 - [TEST_STEP][PASSED] - saveWorkbook(excelFilePath, workbook01): null

02-12-2024T07:04:23 - [TEST_STEP][PASSED] - typeOfData = "План Отпуск из сети": null

02-12-2024T07:04:23 - [TEST_STEP][PASSED] - tabR = GetOiSPlanR(x = a): null

02-12-2024T07:04:23 - [TEST_STEP][PASSED] - i1 = <not implemented yet for class: org.codehaus.groovy.ast.expr.EmptyExpression>: null

02-12-2024T07:04:23 - [TEST_STEP][PASSED] - ii = <not implemented yet for class: org.codehaus.groovy.ast.expr.EmptyExpression>: null

02-12-2024T07:04:23 - [TEST_STEP][PASSED] - for ([ii = 1, ii < 8, (ii++)]): null

02-12-2024T07:04:23 - [TEST_STEP][PASSED] - i1 = x.indexOf("/") + 1: null

02-12-2024T07:04:23 - [TEST_STEP][PASSED] - if (i1 > -1): null

02-12-2024T07:04:23 - [TEST_STEP][PASSED] - x = x.substring(i1, x.length()): null

02-12-2024T07:04:23 - [TEST_STEP][PASSED] - println(x): null

02-12-2024T07:04:23 - [TEST_STEP][PASSED] - i1 = x.indexOf("/") + 1: null

02-12-2024T07:04:23 - [TEST_STEP][PASSED] - if (i1 > -1): null

02-12-2024T07:04:23 - [TEST_STEP][PASSED] - x = x.substring(i1, x.length()): null

02-12-2024T07:04:23 - [TEST_STEP][PASSED] - println(x): null

02-12-2024T07:04:23 - [TEST_STEP][PASSED] - i1 = x.indexOf("/") + 1: null

02-12-2024T07:04:23 - [TEST_STEP][PASSED] - if (i1 > -1): null

02-12-2024T07:04:23 - [TEST_STEP][PASSED] - x = x.substring(i1, x.length()): null

02-12-2024T07:04:23 - [TEST_STEP][PASSED] - println(x): null

02-12-2024T07:04:23 - [TEST_STEP][PASSED] - i1 = x.indexOf("/") + 1: null

02-12-2024T07:04:23 - [TEST_STEP][PASSED] - if (i1 > -1): null

02-12-2024T07:04:23 - [TEST_STEP][PASSED] - x = x.substring(i1, x.length()): null

02-12-2024T07:04:23 - [TEST_STEP][PASSED] - println(x): null

02-12-2024T07:04:23 - [TEST_STEP][PASSED] - i1 = x.indexOf("/") + 1: null

02-12-2024T07:04:23 - [TEST_STEP][PASSED] - if (i1 > -1): null

02-12-2024T07:04:23 - [TEST_STEP][PASSED] - x = x.substring(i1, x.length()): null

02-12-2024T07:04:23 - [TEST_STEP][PASSED] - println(x): null

02-12-2024T07:04:23 - [TEST_STEP][PASSED] - i1 = x.indexOf("/") + 1: null

02-12-2024T07:04:23 - [TEST_STEP][PASSED] - if (i1 > -1): null

02-12-2024T07:04:23 - [TEST_STEP][PASSED] - x = x.substring(i1, x.length()): null

02-12-2024T07:04:23 - [TEST_STEP][PASSED] - println(x): null

02-12-2024T07:04:23 - [TEST_STEP][PASSED] - i1 = x.indexOf("/") + 1: null

02-12-2024T07:04:23 - [TEST_STEP][PASSED] - if (i1 > -1): null

02-12-2024T07:04:23 - [TEST_STEP][PASSED] - x = x.substring(i1, x.length()): null

02-12-2024T07:04:23 - [TEST_STEP][PASSED] - println(x): null

02-12-2024T07:04:23 - [TEST_STEP][PASSED] - i1 = x.indexOf("/"): null

02-12-2024T07:04:23 - [TEST_STEP][PASSED] - if (i1 > -1): null

02-12-2024T07:04:23 - [TEST_STEP][PASSED] - x = x.substring(0, i1): null

02-12-2024T07:04:23 - [TEST_STEP][PASSED] - println(x): null

02-12-2024T07:04:23 - [TEST_STEP][PASSED] - return x: null

02-12-2024T07:04:23 - [TEST_STEP][PASSED] - tabB = GetOiSPlanB(x = b): null

02-12-2024T07:04:23 - [TEST_STEP][PASSED] - i1 = <not implemented yet for class: org.codehaus.groovy.ast.expr.EmptyExpression>: null

02-12-2024T07:04:23 - [TEST_STEP][PASSED] - ii = <not implemented yet for class: org.codehaus.groovy.ast.expr.EmptyExpression>: null

02-12-2024T07:04:23 - [TEST_STEP][PASSED] - for ([ii = 1, ii < 8, (ii++)]): null

02-12-2024T07:04:23 - [TEST_STEP][PASSED] - i1 = x.indexOf("/") + 1: null

02-12-2024T07:04:23 - [TEST_STEP][PASSED] - if (i1 > -1): null

02-12-2024T07:04:23 - [TEST_STEP][PASSED] - x = x.substring(i1, x.length()): null

02-12-2024T07:04:23 - [TEST_STEP][PASSED] - println(x): null

02-12-2024T07:04:23 - [TEST_STEP][PASSED] - i1 = x.indexOf("/") + 1: null

02-12-2024T07:04:23 - [TEST_STEP][PASSED] - if (i1 > -1): null

02-12-2024T07:04:23 - [TEST_STEP][PASSED] - x = x.substring(i1, x.length()): null

02-12-2024T07:04:23 - [TEST_STEP][PASSED] - println(x): null

02-12-2024T07:04:23 - [TEST_STEP][PASSED] - i1 = x.indexOf("/") + 1: null

02-12-2024T07:04:23 - [TEST_STEP][PASSED] - if (i1 > -1): null

02-12-2024T07:04:23 - [TEST_STEP][PASSED] - x = x.substring(i1, x.length()): null

02-12-2024T07:04:23 - [TEST_STEP][PASSED] - println(x): null

02-12-2024T07:04:23 - [TEST_STEP][PASSED] - i1 = x.indexOf("/") + 1: null

02-12-2024T07:04:23 - [TEST_STEP][PASSED] - if (i1 > -1): null

02-12-2024T07:04:23 - [TEST_STEP][PASSED] - x = x.substring(i1, x.length()): null

02-12-2024T07:04:23 - [TEST_STEP][PASSED] - println(x): null

02-12-2024T07:04:23 - [TEST_STEP][PASSED] - i1 = x.indexOf("/") + 1: null

02-12-2024T07:04:23 - [TEST_STEP][PASSED] - if (i1 > -1): null

02-12-2024T07:04:23 - [TEST_STEP][PASSED] - x = x.substring(i1, x.length()): null

02-12-2024T07:04:23 - [TEST_STEP][PASSED] - println(x): null

02-12-2024T07:04:23 - [TEST_STEP][PASSED] - i1 = x.indexOf("/") + 1: null

02-12-2024T07:04:23 - [TEST_STEP][PASSED] - if (i1 > -1): null

02-12-2024T07:04:23 - [TEST_STEP][PASSED] - x = x.substring(i1, x.length()): null

02-12-2024T07:04:23 - [TEST_STEP][PASSED] - println(x): null

02-12-2024T07:04:23 - [TEST_STEP][PASSED] - i1 = x.indexOf("/") + 1: null

02-12-2024T07:04:23 - [TEST_STEP][PASSED] - if (i1 > -1): null

02-12-2024T07:04:23 - [TEST_STEP][PASSED] - x = x.substring(i1, x.length()): null

02-12-2024T07:04:23 - [TEST_STEP][PASSED] - println(x): null

02-12-2024T07:04:23 - [TEST_STEP][PASSED] - i1 = x.indexOf("/"): null

02-12-2024T07:04:23 - [TEST_STEP][PASSED] - if (i1 > -1): null

02-12-2024T07:04:23 - [TEST_STEP][PASSED] - x = x.substring(0, i1): null

02-12-2024T07:04:23 - [TEST_STEP][PASSED] - println(x): null

02-12-2024T07:04:23 - [TEST_STEP][FAILED] - return x: null

02-12-2024T07:04:23 - [TEST_STEP][PASSED] - println(tabR + "/" + tabB): null

02-12-2024T07:04:23 - [TEST_STEP][FAILED] - if (verifyEqual(PercFactR, PercFactB) == false): null

02-12-2024T07:04:23 - [MESSAGE][FAILED] - Unable to verify equal between actual object 'нет данных' and expected object '7.35' (Root cause: com.kms.katalon.core.exception.StepFailedException: Actual object 'нет данных' and expected object '7.35' are not equal
	at com.kms.katalon.core.keyword.builtin.VerifyEqualKeyword$_verifyEqual_closure1.doCall(VerifyEqualKeyword.groovy:58)
	at com.kms.katalon.core.keyword.builtin.VerifyEqualKeyword$_verifyEqual_closure1.call(VerifyEqualKeyword.groovy)
	at com.kms.katalon.core.keyword.internal.KeywordMain.runKeyword(KeywordMain.groovy:75)
	at com.kms.katalon.core.keyword.builtin.VerifyEqualKeyword.verifyEqual(VerifyEqualKeyword.groovy:63)
	at com.kms.katalon.core.keyword.builtin.VerifyEqualKeyword.execute(VerifyEqualKeyword.groovy:44)
	at com.kms.katalon.core.keyword.internal.KeywordExecutor.executeKeywordForPlatform(KeywordExecutor.groovy:74)
	at com.kms.katalon.core.keyword.BuiltinKeywords.verifyEqual(BuiltinKeywords.groovy:146)
	at jdk.internal.reflect.GeneratedMethodAccessor25.invoke(Unknown Source)
	at java.base/jdk.internal.reflect.DelegatingMethodAccessorImpl.invoke(DelegatingMethodAccessorImpl.java:43)
	at Выполнение бизнес-плана сверка дашбордов.CompareDZOData(Выполнение бизнес-плана сверка дашбордов:758)
	at Выполнение бизнес-плана сверка дашбордов.run(Выполнение бизнес-плана сверка дашбордов:613)
	at com.kms.katalon.core.main.ScriptEngine.run(ScriptEngine.java:194)
	at com.kms.katalon.core.main.ScriptEngine.runScriptAsRawText(ScriptEngine.java:119)
	at com.kms.katalon.core.main.TestCaseExecutor.runScript(TestCaseExecutor.java:448)
	at com.kms.katalon.core.main.TestCaseExecutor.doExecute(TestCaseExecutor.java:439)
	at com.kms.katalon.core.main.TestCaseExecutor.processExecutionPhase(TestCaseExecutor.java:418)
	at com.kms.katalon.core.main.TestCaseExecutor.accessMainPhase(TestCaseExecutor.java:410)
	at com.kms.katalon.core.main.TestCaseExecutor.execute(TestCaseExecutor.java:285)
	at com.kms.katalon.core.common.CommonExecutor.accessTestCaseMainPhase(CommonExecutor.java:65)
	at com.kms.katalon.core.main.TestSuiteExecutor.accessTestSuiteMainPhase(TestSuiteExecutor.java:150)
	at com.kms.katalon.core.main.TestSuiteExecutor.execute(TestSuiteExecutor.java:106)
	at com.kms.katalon.core.main.TestCaseMain.startTestSuite(TestCaseMain.java:180)
	at TempTestSuite1733111659562.run(TempTestSuite1733111659562.groovy:35)
	at java.base/jdk.internal.reflect.NativeMethodAccessorImpl.invoke0(Native Method)
	at java.base/jdk.internal.reflect.NativeMethodAccessorImpl.invoke(NativeMethodAccessorImpl.java:77)
	at java.base/jdk.internal.reflect.DelegatingMethodAccessorImpl.invoke(DelegatingMethodAccessorImpl.java:43)
)

02-12-2024T07:04:23 - [TEST_STEP][PASSED] - result = WriteToExcel(typeOfData, todaysDate, PercPlanR, PercPlanB, PercFactR, PercFactB, x, tabR, tabB, o1R, o1B, vidget): null

02-12-2024T07:04:23 - [TEST_STEP][PASSED] - iii = dZO.indexOf("/"): null

02-12-2024T07:04:23 - [TEST_STEP][PASSED] - println(iii): null

02-12-2024T07:04:23 - [TEST_STEP][PASSED] - dZO = dZO.substring(0, iii): null

02-12-2024T07:04:23 - [TEST_STEP][PASSED] - println(dZO): null

02-12-2024T07:04:23 - [TEST_STEP][PASSED] - println(PercPlanR): null

02-12-2024T07:04:23 - [TEST_STEP][PASSED] - println(PercPlanB): null

02-12-2024T07:04:23 - [TEST_STEP][PASSED] - println(PercFactR): null

02-12-2024T07:04:23 - [TEST_STEP][PASSED] - println(PercFactB): null

02-12-2024T07:04:23 - [TEST_STEP][PASSED] - println(tabR): null

02-12-2024T07:04:23 - [TEST_STEP][PASSED] - println(tabB): null

02-12-2024T07:04:23 - [TEST_STEP][PASSED] - println(o1R): null

02-12-2024T07:04:23 - [TEST_STEP][PASSED] - println(o1B): null

02-12-2024T07:04:23 - [TEST_STEP][PASSED] - PR = <not implemented yet for class: org.codehaus.groovy.ast.expr.EmptyExpression>: null

02-12-2024T07:04:23 - [TEST_STEP][PASSED] - FR = <not implemented yet for class: org.codehaus.groovy.ast.expr.EmptyExpression>: null

02-12-2024T07:04:23 - [TEST_STEP][PASSED] - PB = <not implemented yet for class: org.codehaus.groovy.ast.expr.EmptyExpression>: null

02-12-2024T07:04:23 - [TEST_STEP][PASSED] - FB = <not implemented yet for class: org.codehaus.groovy.ast.expr.EmptyExpression>: null

02-12-2024T07:04:23 - [TEST_STEP][PASSED] - TR = <not implemented yet for class: org.codehaus.groovy.ast.expr.EmptyExpression>: null

02-12-2024T07:04:23 - [TEST_STEP][PASSED] - TB = <not implemented yet for class: org.codehaus.groovy.ast.expr.EmptyExpression>: null

02-12-2024T07:04:23 - [TEST_STEP][PASSED] - sheetName = "Sheet1": null

02-12-2024T07:04:23 - [TEST_STEP][PASSED] - data = findTestData("PlanFact"): null

02-12-2024T07:04:23 - [TEST_STEP][PASSED] - n = data.getRowNumbers() + 1: null

02-12-2024T07:04:23 - [TEST_STEP][PASSED] - year = todaysDate.substring(todaysDate.length() - 4, todaysDate.length()): null

02-12-2024T07:04:23 - [TEST_STEP][PASSED] - y = year.toInteger(): null

02-12-2024T07:04:23 - [TEST_STEP][PASSED] - m = getText(findTestObject("Выполнение бизнес-плана/Выполнение бизнес-плана Балансы/Фильтр Дата")): Text of object 'Object Repository/Выполнение бизнес-плана/Выполнение бизнес-плана Балансы/Фильтр Дата' is: '1, 2, 3 кв., Октябрь 2024 года'

02-12-2024T07:04:23 - [MESSAGE][PASSED] - Text of object 'Object Repository/Выполнение бизнес-плана/Выполнение бизнес-плана Балансы/Фильтр Дата' is: '1, 2, 3 кв., Октябрь 2024 года'

02-12-2024T07:04:23 - [TEST_STEP][PASSED] - m = m.substring(0, m.indexOf("2024")): null

02-12-2024T07:04:23 - [TEST_STEP][PASSED] - m = m.trim(): null

02-12-2024T07:04:23 - [TEST_STEP][PASSED] - dashboardName = "Выполнение бизнес-плана": null

02-12-2024T07:04:23 - [TEST_STEP][PASSED] - workbook01 = getWorkbook(excelFilePath): null

02-12-2024T07:04:23 - [TEST_STEP][PASSED] - sheet01 = getExcelSheet(workbook01, sheetName): null

02-12-2024T07:04:23 - [TEST_STEP][PASSED] - setValueToCellByIndex(sheet01, n, 0, dashboardName): null

02-12-2024T07:04:23 - [TEST_STEP][PASSED] - setValueToCellByIndex(sheet01, n, 1, dZO): null

02-12-2024T07:04:23 - [TEST_STEP][PASSED] - setValueToCellByIndex(sheet01, n, 2, typeOfData): null

02-12-2024T07:04:23 - [TEST_STEP][PASSED] - setValueToCellByIndex(sheet01, n, 3, typeOfData): null

02-12-2024T07:04:23 - [TEST_STEP][PASSED] - if (typeOfData == "План"): null

02-12-2024T07:04:23 - [TEST_STEP][PASSED] - else if (typeOfData == "Факт"): null

02-12-2024T07:04:23 - [TEST_STEP][PASSED] - else if (vidget.contains("электроэнергии") == true): null

02-12-2024T07:04:23 - [TEST_STEP][PASSED] - if (tabR == null): null

02-12-2024T07:04:23 - [TEST_STEP][PASSED] - else: null

02-12-2024T07:04:23 - [TEST_STEP][PASSED] - if (tabR == "нет данных"): null

02-12-2024T07:04:23 - [TEST_STEP][PASSED] - setValueToCellByIndex(sheet01, n, 4, "нет данных"): null

02-12-2024T07:04:23 - [TEST_STEP][PASSED] - if (tabB == null): null

02-12-2024T07:04:23 - [TEST_STEP][PASSED] - else: null

02-12-2024T07:04:23 - [TEST_STEP][PASSED] - if (tabB == "нет данных"): null

02-12-2024T07:04:23 - [TEST_STEP][PASSED] - else: null

02-12-2024T07:04:23 - [TEST_STEP][PASSED] - TB = tabB.toInteger(): null

02-12-2024T07:04:23 - [TEST_STEP][PASSED] - setValueToCellByIndex(sheet01, n, 5, TB): null

02-12-2024T07:04:23 - [TEST_STEP][PASSED] - setValueToCellByIndex(sheet01, n, 6, m): null

02-12-2024T07:04:23 - [TEST_STEP][PASSED] - setValueToCellByIndex(sheet01, n, 7, y): null

02-12-2024T07:04:23 - [TEST_STEP][PASSED] - setValueToCellByIndex(sheet01, n, 8, todaysDate): null

02-12-2024T07:04:23 - [TEST_STEP][PASSED] - n = n + 1: null

02-12-2024T07:04:23 - [TEST_STEP][PASSED] - saveWorkbook(excelFilePath, workbook01): null

02-12-2024T07:04:24 - [TEST_STEP][PASSED] - typeOfData = "План Потери": null

02-12-2024T07:04:24 - [TEST_STEP][PASSED] - tabR = GetPPlanR(x = a): null

02-12-2024T07:04:24 - [TEST_STEP][PASSED] - i1 = <not implemented yet for class: org.codehaus.groovy.ast.expr.EmptyExpression>: null

02-12-2024T07:04:24 - [TEST_STEP][PASSED] - ii = <not implemented yet for class: org.codehaus.groovy.ast.expr.EmptyExpression>: null

02-12-2024T07:04:24 - [TEST_STEP][PASSED] - for ([ii = 1, ii < 9, (ii++)]): null

02-12-2024T07:04:24 - [TEST_STEP][PASSED] - i1 = x.indexOf("/") + 1: null

02-12-2024T07:04:24 - [TEST_STEP][PASSED] - if (i1 > -1): null

02-12-2024T07:04:24 - [TEST_STEP][PASSED] - x = x.substring(i1, x.length()): null

02-12-2024T07:04:24 - [TEST_STEP][PASSED] - println(x): null

02-12-2024T07:04:24 - [TEST_STEP][PASSED] - i1 = x.indexOf("/") + 1: null

02-12-2024T07:04:24 - [TEST_STEP][PASSED] - if (i1 > -1): null

02-12-2024T07:04:24 - [TEST_STEP][PASSED] - x = x.substring(i1, x.length()): null

02-12-2024T07:04:24 - [TEST_STEP][PASSED] - println(x): null

02-12-2024T07:04:24 - [TEST_STEP][PASSED] - i1 = x.indexOf("/") + 1: null

02-12-2024T07:04:24 - [TEST_STEP][PASSED] - if (i1 > -1): null

02-12-2024T07:04:24 - [TEST_STEP][PASSED] - x = x.substring(i1, x.length()): null

02-12-2024T07:04:24 - [TEST_STEP][PASSED] - println(x): null

02-12-2024T07:04:24 - [TEST_STEP][PASSED] - i1 = x.indexOf("/") + 1: null

02-12-2024T07:04:24 - [TEST_STEP][PASSED] - if (i1 > -1): null

02-12-2024T07:04:24 - [TEST_STEP][PASSED] - x = x.substring(i1, x.length()): null

02-12-2024T07:04:24 - [TEST_STEP][PASSED] - println(x): null

02-12-2024T07:04:24 - [TEST_STEP][PASSED] - i1 = x.indexOf("/") + 1: null

02-12-2024T07:04:24 - [TEST_STEP][PASSED] - if (i1 > -1): null

02-12-2024T07:04:24 - [TEST_STEP][PASSED] - x = x.substring(i1, x.length()): null

02-12-2024T07:04:24 - [TEST_STEP][PASSED] - println(x): null

02-12-2024T07:04:24 - [TEST_STEP][PASSED] - i1 = x.indexOf("/") + 1: null

02-12-2024T07:04:24 - [TEST_STEP][PASSED] - if (i1 > -1): null

02-12-2024T07:04:24 - [TEST_STEP][PASSED] - x = x.substring(i1, x.length()): null

02-12-2024T07:04:24 - [TEST_STEP][PASSED] - println(x): null

02-12-2024T07:04:24 - [TEST_STEP][PASSED] - i1 = x.indexOf("/") + 1: null

02-12-2024T07:04:24 - [TEST_STEP][PASSED] - if (i1 > -1): null

02-12-2024T07:04:24 - [TEST_STEP][PASSED] - x = x.substring(i1, x.length()): null

02-12-2024T07:04:24 - [TEST_STEP][PASSED] - println(x): null

02-12-2024T07:04:24 - [TEST_STEP][PASSED] - i1 = x.indexOf("/") + 1: null

02-12-2024T07:04:24 - [TEST_STEP][PASSED] - if (i1 > -1): null

02-12-2024T07:04:24 - [TEST_STEP][PASSED] - x = x.substring(i1, x.length()): null

02-12-2024T07:04:24 - [TEST_STEP][PASSED] - println(x): null

02-12-2024T07:04:24 - [TEST_STEP][PASSED] - i1 = x.indexOf("/"): null

02-12-2024T07:04:24 - [TEST_STEP][PASSED] - if (i1 > -1): null

02-12-2024T07:04:24 - [TEST_STEP][PASSED] - x = x.substring(0, i1): null

02-12-2024T07:04:24 - [TEST_STEP][PASSED] - println(x): null

02-12-2024T07:04:24 - [TEST_STEP][PASSED] - return x: null

02-12-2024T07:04:24 - [TEST_STEP][PASSED] - tabB = GetPPlanB(x = b): null

02-12-2024T07:04:24 - [TEST_STEP][PASSED] - i1 = <not implemented yet for class: org.codehaus.groovy.ast.expr.EmptyExpression>: null

02-12-2024T07:04:24 - [TEST_STEP][PASSED] - ii = <not implemented yet for class: org.codehaus.groovy.ast.expr.EmptyExpression>: null

02-12-2024T07:04:24 - [TEST_STEP][PASSED] - for ([ii = 1, ii < 9, (ii++)]): null

02-12-2024T07:04:24 - [TEST_STEP][PASSED] - i1 = x.indexOf("/") + 1: null

02-12-2024T07:04:24 - [TEST_STEP][PASSED] - if (i1 > -1): null

02-12-2024T07:04:24 - [TEST_STEP][PASSED] - x = x.substring(i1, x.length()): null

02-12-2024T07:04:24 - [TEST_STEP][PASSED] - println(x): null

02-12-2024T07:04:24 - [TEST_STEP][PASSED] - i1 = x.indexOf("/") + 1: null

02-12-2024T07:04:24 - [TEST_STEP][PASSED] - if (i1 > -1): null

02-12-2024T07:04:24 - [TEST_STEP][PASSED] - x = x.substring(i1, x.length()): null

02-12-2024T07:04:24 - [TEST_STEP][PASSED] - println(x): null

02-12-2024T07:04:24 - [TEST_STEP][PASSED] - i1 = x.indexOf("/") + 1: null

02-12-2024T07:04:24 - [TEST_STEP][PASSED] - if (i1 > -1): null

02-12-2024T07:04:24 - [TEST_STEP][PASSED] - x = x.substring(i1, x.length()): null

02-12-2024T07:04:24 - [TEST_STEP][PASSED] - println(x): null

02-12-2024T07:04:24 - [TEST_STEP][PASSED] - i1 = x.indexOf("/") + 1: null

02-12-2024T07:04:24 - [TEST_STEP][PASSED] - if (i1 > -1): null

02-12-2024T07:04:24 - [TEST_STEP][PASSED] - x = x.substring(i1, x.length()): null

02-12-2024T07:04:24 - [TEST_STEP][PASSED] - println(x): null

02-12-2024T07:04:24 - [TEST_STEP][PASSED] - i1 = x.indexOf("/") + 1: null

02-12-2024T07:04:24 - [TEST_STEP][PASSED] - if (i1 > -1): null

02-12-2024T07:04:24 - [TEST_STEP][PASSED] - x = x.substring(i1, x.length()): null

02-12-2024T07:04:24 - [TEST_STEP][PASSED] - println(x): null

02-12-2024T07:04:24 - [TEST_STEP][PASSED] - i1 = x.indexOf("/") + 1: null

02-12-2024T07:04:24 - [TEST_STEP][PASSED] - if (i1 > -1): null

02-12-2024T07:04:24 - [TEST_STEP][PASSED] - x = x.substring(i1, x.length()): null

02-12-2024T07:04:24 - [TEST_STEP][PASSED] - println(x): null

02-12-2024T07:04:24 - [TEST_STEP][PASSED] - i1 = x.indexOf("/") + 1: null

02-12-2024T07:04:24 - [TEST_STEP][PASSED] - if (i1 > -1): null

02-12-2024T07:04:24 - [TEST_STEP][PASSED] - x = x.substring(i1, x.length()): null

02-12-2024T07:04:24 - [TEST_STEP][PASSED] - println(x): null

02-12-2024T07:04:24 - [TEST_STEP][PASSED] - i1 = x.indexOf("/") + 1: null

02-12-2024T07:04:24 - [TEST_STEP][PASSED] - if (i1 > -1): null

02-12-2024T07:04:24 - [TEST_STEP][PASSED] - x = x.substring(i1, x.length()): null

02-12-2024T07:04:24 - [TEST_STEP][PASSED] - println(x): null

02-12-2024T07:04:24 - [TEST_STEP][PASSED] - i1 = x.indexOf("/"): null

02-12-2024T07:04:24 - [TEST_STEP][PASSED] - if (i1 > -1): null

02-12-2024T07:04:24 - [TEST_STEP][PASSED] - x = x.substring(0, i1): null

02-12-2024T07:04:24 - [TEST_STEP][PASSED] - println(x): null

02-12-2024T07:04:24 - [TEST_STEP][FAILED] - return x: null

02-12-2024T07:04:24 - [TEST_STEP][PASSED] - println(tabR + "/" + tabB): null

02-12-2024T07:04:24 - [TEST_STEP][FAILED] - if (verifyEqual(PercFactR, PercFactB) == false): null

02-12-2024T07:04:24 - [MESSAGE][FAILED] - Unable to verify equal between actual object 'нет данных' and expected object '7.35' (Root cause: com.kms.katalon.core.exception.StepFailedException: Actual object 'нет данных' and expected object '7.35' are not equal
	at com.kms.katalon.core.keyword.builtin.VerifyEqualKeyword$_verifyEqual_closure1.doCall(VerifyEqualKeyword.groovy:58)
	at com.kms.katalon.core.keyword.builtin.VerifyEqualKeyword$_verifyEqual_closure1.call(VerifyEqualKeyword.groovy)
	at com.kms.katalon.core.keyword.internal.KeywordMain.runKeyword(KeywordMain.groovy:75)
	at com.kms.katalon.core.keyword.builtin.VerifyEqualKeyword.verifyEqual(VerifyEqualKeyword.groovy:63)
	at com.kms.katalon.core.keyword.builtin.VerifyEqualKeyword.execute(VerifyEqualKeyword.groovy:44)
	at com.kms.katalon.core.keyword.internal.KeywordExecutor.executeKeywordForPlatform(KeywordExecutor.groovy:74)
	at com.kms.katalon.core.keyword.BuiltinKeywords.verifyEqual(BuiltinKeywords.groovy:146)
	at jdk.internal.reflect.GeneratedMethodAccessor25.invoke(Unknown Source)
	at java.base/jdk.internal.reflect.DelegatingMethodAccessorImpl.invoke(DelegatingMethodAccessorImpl.java:43)
	at Выполнение бизнес-плана сверка дашбордов.CompareDZOData(Выполнение бизнес-плана сверка дашбордов:771)
	at Выполнение бизнес-плана сверка дашбордов.run(Выполнение бизнес-плана сверка дашбордов:613)
	at com.kms.katalon.core.main.ScriptEngine.run(ScriptEngine.java:194)
	at com.kms.katalon.core.main.ScriptEngine.runScriptAsRawText(ScriptEngine.java:119)
	at com.kms.katalon.core.main.TestCaseExecutor.runScript(TestCaseExecutor.java:448)
	at com.kms.katalon.core.main.TestCaseExecutor.doExecute(TestCaseExecutor.java:439)
	at com.kms.katalon.core.main.TestCaseExecutor.processExecutionPhase(TestCaseExecutor.java:418)
	at com.kms.katalon.core.main.TestCaseExecutor.accessMainPhase(TestCaseExecutor.java:410)
	at com.kms.katalon.core.main.TestCaseExecutor.execute(TestCaseExecutor.java:285)
	at com.kms.katalon.core.common.CommonExecutor.accessTestCaseMainPhase(CommonExecutor.java:65)
	at com.kms.katalon.core.main.TestSuiteExecutor.accessTestSuiteMainPhase(TestSuiteExecutor.java:150)
	at com.kms.katalon.core.main.TestSuiteExecutor.execute(TestSuiteExecutor.java:106)
	at com.kms.katalon.core.main.TestCaseMain.startTestSuite(TestCaseMain.java:180)
	at TempTestSuite1733111659562.run(TempTestSuite1733111659562.groovy:35)
	at java.base/jdk.internal.reflect.NativeMethodAccessorImpl.invoke0(Native Method)
	at java.base/jdk.internal.reflect.NativeMethodAccessorImpl.invoke(NativeMethodAccessorImpl.java:77)
	at java.base/jdk.internal.reflect.DelegatingMethodAccessorImpl.invoke(DelegatingMethodAccessorImpl.java:43)
)

02-12-2024T07:04:24 - [TEST_STEP][PASSED] - result = WriteToExcel(typeOfData, todaysDate, PercPlanR, PercPlanB, PercFactR, PercFactB, x, tabR, tabB, o1R, o1B, vidget): null

02-12-2024T07:04:24 - [TEST_STEP][PASSED] - iii = dZO.indexOf("/"): null

02-12-2024T07:04:24 - [TEST_STEP][PASSED] - println(iii): null

02-12-2024T07:04:24 - [TEST_STEP][PASSED] - dZO = dZO.substring(0, iii): null

02-12-2024T07:04:24 - [TEST_STEP][PASSED] - println(dZO): null

02-12-2024T07:04:24 - [TEST_STEP][PASSED] - println(PercPlanR): null

02-12-2024T07:04:24 - [TEST_STEP][PASSED] - println(PercPlanB): null

02-12-2024T07:04:24 - [TEST_STEP][PASSED] - println(PercFactR): null

02-12-2024T07:04:24 - [TEST_STEP][PASSED] - println(PercFactB): null

02-12-2024T07:04:24 - [TEST_STEP][PASSED] - println(tabR): null

02-12-2024T07:04:24 - [TEST_STEP][PASSED] - println(tabB): null

02-12-2024T07:04:24 - [TEST_STEP][PASSED] - println(o1R): null

02-12-2024T07:04:24 - [TEST_STEP][PASSED] - println(o1B): null

02-12-2024T07:04:24 - [TEST_STEP][PASSED] - PR = <not implemented yet for class: org.codehaus.groovy.ast.expr.EmptyExpression>: null

02-12-2024T07:04:24 - [TEST_STEP][PASSED] - FR = <not implemented yet for class: org.codehaus.groovy.ast.expr.EmptyExpression>: null

02-12-2024T07:04:24 - [TEST_STEP][PASSED] - PB = <not implemented yet for class: org.codehaus.groovy.ast.expr.EmptyExpression>: null

02-12-2024T07:04:24 - [TEST_STEP][PASSED] - FB = <not implemented yet for class: org.codehaus.groovy.ast.expr.EmptyExpression>: null

02-12-2024T07:04:24 - [TEST_STEP][PASSED] - TR = <not implemented yet for class: org.codehaus.groovy.ast.expr.EmptyExpression>: null

02-12-2024T07:04:24 - [TEST_STEP][PASSED] - TB = <not implemented yet for class: org.codehaus.groovy.ast.expr.EmptyExpression>: null

02-12-2024T07:04:24 - [TEST_STEP][PASSED] - sheetName = "Sheet1": null

02-12-2024T07:04:24 - [TEST_STEP][PASSED] - data = findTestData("PlanFact"): null

02-12-2024T07:04:24 - [TEST_STEP][PASSED] - n = data.getRowNumbers() + 1: null

02-12-2024T07:04:24 - [TEST_STEP][PASSED] - year = todaysDate.substring(todaysDate.length() - 4, todaysDate.length()): null

02-12-2024T07:04:24 - [TEST_STEP][PASSED] - y = year.toInteger(): null

02-12-2024T07:04:24 - [TEST_STEP][PASSED] - m = getText(findTestObject("Выполнение бизнес-плана/Выполнение бизнес-плана Балансы/Фильтр Дата")): Text of object 'Object Repository/Выполнение бизнес-плана/Выполнение бизнес-плана Балансы/Фильтр Дата' is: '1, 2, 3 кв., Октябрь 2024 года'

02-12-2024T07:04:24 - [MESSAGE][PASSED] - Text of object 'Object Repository/Выполнение бизнес-плана/Выполнение бизнес-плана Балансы/Фильтр Дата' is: '1, 2, 3 кв., Октябрь 2024 года'

02-12-2024T07:04:24 - [TEST_STEP][PASSED] - m = m.substring(0, m.indexOf("2024")): null

02-12-2024T07:04:24 - [TEST_STEP][PASSED] - m = m.trim(): null

02-12-2024T07:04:24 - [TEST_STEP][PASSED] - dashboardName = "Выполнение бизнес-плана": null

02-12-2024T07:04:24 - [TEST_STEP][PASSED] - workbook01 = getWorkbook(excelFilePath): null

02-12-2024T07:04:24 - [TEST_STEP][PASSED] - sheet01 = getExcelSheet(workbook01, sheetName): null

02-12-2024T07:04:24 - [TEST_STEP][PASSED] - setValueToCellByIndex(sheet01, n, 0, dashboardName): null

02-12-2024T07:04:24 - [TEST_STEP][PASSED] - setValueToCellByIndex(sheet01, n, 1, dZO): null

02-12-2024T07:04:24 - [TEST_STEP][PASSED] - setValueToCellByIndex(sheet01, n, 2, typeOfData): null

02-12-2024T07:04:24 - [TEST_STEP][PASSED] - setValueToCellByIndex(sheet01, n, 3, typeOfData): null

02-12-2024T07:04:24 - [TEST_STEP][PASSED] - if (typeOfData == "План"): null

02-12-2024T07:04:24 - [TEST_STEP][PASSED] - else if (typeOfData == "Факт"): null

02-12-2024T07:04:24 - [TEST_STEP][PASSED] - else if (vidget.contains("электроэнергии") == true): null

02-12-2024T07:04:24 - [TEST_STEP][PASSED] - if (tabR == null): null

02-12-2024T07:04:24 - [TEST_STEP][PASSED] - else: null

02-12-2024T07:04:24 - [TEST_STEP][PASSED] - if (tabR == "нет данных"): null

02-12-2024T07:04:24 - [TEST_STEP][PASSED] - setValueToCellByIndex(sheet01, n, 4, "нет данных"): null

02-12-2024T07:04:24 - [TEST_STEP][PASSED] - if (tabB == null): null

02-12-2024T07:04:24 - [TEST_STEP][PASSED] - else: null

02-12-2024T07:04:24 - [TEST_STEP][PASSED] - if (tabB == "нет данных"): null

02-12-2024T07:04:24 - [TEST_STEP][PASSED] - else: null

02-12-2024T07:04:24 - [TEST_STEP][PASSED] - TB = tabB.toInteger(): null

02-12-2024T07:04:24 - [TEST_STEP][PASSED] - setValueToCellByIndex(sheet01, n, 5, TB): null

02-12-2024T07:04:24 - [TEST_STEP][PASSED] - setValueToCellByIndex(sheet01, n, 6, m): null

02-12-2024T07:04:24 - [TEST_STEP][PASSED] - setValueToCellByIndex(sheet01, n, 7, y): null

02-12-2024T07:04:24 - [TEST_STEP][PASSED] - setValueToCellByIndex(sheet01, n, 8, todaysDate): null

02-12-2024T07:04:24 - [TEST_STEP][PASSED] - n = n + 1: null

02-12-2024T07:04:24 - [TEST_STEP][PASSED] - saveWorkbook(excelFilePath, workbook01): null

02-12-2024T07:04:24 - [TEST_STEP][PASSED] - ii2 = a.indexOf("ПАО"): null

02-12-2024T07:04:24 - [TEST_STEP][PASSED] - if (ii2 == -1): null

02-12-2024T07:04:24 - [TEST_STEP][PASSED] - vidget = "Отклонения фактического уровня потерь от бизнес-плана": null

02-12-2024T07:04:24 - [TEST_STEP][PASSED] - typeOfData = "Коэффициент": null

02-12-2024T07:04:24 - [TEST_STEP][PASSED] - o1R = Geto1R(x = a): null

02-12-2024T07:04:24 - [TEST_STEP][PASSED] - i1 = <not implemented yet for class: org.codehaus.groovy.ast.expr.EmptyExpression>: null

02-12-2024T07:04:24 - [TEST_STEP][PASSED] - ii = <not implemented yet for class: org.codehaus.groovy.ast.expr.EmptyExpression>: null

02-12-2024T07:04:24 - [TEST_STEP][PASSED] - for ([ii = 1, ii < 10, (ii++)]): null

02-12-2024T07:04:24 - [TEST_STEP][PASSED] - i1 = x.indexOf("/") + 1: null

02-12-2024T07:04:24 - [TEST_STEP][PASSED] - if (i1 > -1): null

02-12-2024T07:04:24 - [TEST_STEP][PASSED] - x = x.substring(i1, x.length()): null

02-12-2024T07:04:24 - [TEST_STEP][PASSED] - i1 = x.indexOf("/") + 1: null

02-12-2024T07:04:24 - [TEST_STEP][PASSED] - if (i1 > -1): null

02-12-2024T07:04:24 - [TEST_STEP][PASSED] - x = x.substring(i1, x.length()): null

02-12-2024T07:04:24 - [TEST_STEP][PASSED] - i1 = x.indexOf("/") + 1: null

02-12-2024T07:04:24 - [TEST_STEP][PASSED] - if (i1 > -1): null

02-12-2024T07:04:24 - [TEST_STEP][PASSED] - x = x.substring(i1, x.length()): null

02-12-2024T07:04:24 - [TEST_STEP][PASSED] - i1 = x.indexOf("/") + 1: null

02-12-2024T07:04:24 - [TEST_STEP][PASSED] - if (i1 > -1): null

02-12-2024T07:04:24 - [TEST_STEP][PASSED] - x = x.substring(i1, x.length()): null

02-12-2024T07:04:24 - [TEST_STEP][PASSED] - i1 = x.indexOf("/") + 1: null

02-12-2024T07:04:24 - [TEST_STEP][PASSED] - if (i1 > -1): null

02-12-2024T07:04:24 - [TEST_STEP][PASSED] - x = x.substring(i1, x.length()): null

02-12-2024T07:04:24 - [TEST_STEP][PASSED] - i1 = x.indexOf("/") + 1: null

02-12-2024T07:04:24 - [TEST_STEP][PASSED] - if (i1 > -1): null

02-12-2024T07:04:24 - [TEST_STEP][PASSED] - x = x.substring(i1, x.length()): null

02-12-2024T07:04:24 - [TEST_STEP][PASSED] - i1 = x.indexOf("/") + 1: null

02-12-2024T07:04:24 - [TEST_STEP][PASSED] - if (i1 > -1): null

02-12-2024T07:04:24 - [TEST_STEP][PASSED] - x = x.substring(i1, x.length()): null

02-12-2024T07:04:24 - [TEST_STEP][PASSED] - i1 = x.indexOf("/") + 1: null

02-12-2024T07:04:24 - [TEST_STEP][PASSED] - if (i1 > -1): null

02-12-2024T07:04:24 - [TEST_STEP][PASSED] - x = x.substring(i1, x.length()): null

02-12-2024T07:04:24 - [TEST_STEP][PASSED] - i1 = x.indexOf("/") + 1: null

02-12-2024T07:04:24 - [TEST_STEP][PASSED] - if (i1 > -1): null

02-12-2024T07:04:24 - [TEST_STEP][PASSED] - x = x.substring(i1, x.length()): null

02-12-2024T07:04:24 - [TEST_STEP][PASSED] - i1 = x.indexOf("/"): null

02-12-2024T07:04:24 - [TEST_STEP][PASSED] - if (i1 > -1): null

02-12-2024T07:04:24 - [TEST_STEP][PASSED] - println(x): null

02-12-2024T07:04:24 - [TEST_STEP][PASSED] - return x: null

02-12-2024T07:04:24 - [TEST_STEP][PASSED] - o1B = Geto1B(x = b): null

02-12-2024T07:04:24 - [TEST_STEP][PASSED] - i1 = <not implemented yet for class: org.codehaus.groovy.ast.expr.EmptyExpression>: null

02-12-2024T07:04:24 - [TEST_STEP][PASSED] - ii = <not implemented yet for class: org.codehaus.groovy.ast.expr.EmptyExpression>: null

02-12-2024T07:04:24 - [TEST_STEP][PASSED] - for ([ii = 1, ii < 10, (ii++)]): null

02-12-2024T07:04:24 - [TEST_STEP][PASSED] - i1 = x.indexOf("/") + 1: null

02-12-2024T07:04:24 - [TEST_STEP][PASSED] - if (i1 > -1): null

02-12-2024T07:04:24 - [TEST_STEP][PASSED] - x = x.substring(i1, x.length()): null

02-12-2024T07:04:24 - [TEST_STEP][PASSED] - i1 = x.indexOf("/") + 1: null

02-12-2024T07:04:24 - [TEST_STEP][PASSED] - if (i1 > -1): null

02-12-2024T07:04:24 - [TEST_STEP][PASSED] - x = x.substring(i1, x.length()): null

02-12-2024T07:04:24 - [TEST_STEP][PASSED] - i1 = x.indexOf("/") + 1: null

02-12-2024T07:04:24 - [TEST_STEP][PASSED] - if (i1 > -1): null

02-12-2024T07:04:24 - [TEST_STEP][PASSED] - x = x.substring(i1, x.length()): null

02-12-2024T07:04:24 - [TEST_STEP][PASSED] - i1 = x.indexOf("/") + 1: null

02-12-2024T07:04:24 - [TEST_STEP][PASSED] - if (i1 > -1): null

02-12-2024T07:04:24 - [TEST_STEP][PASSED] - x = x.substring(i1, x.length()): null

02-12-2024T07:04:24 - [TEST_STEP][PASSED] - i1 = x.indexOf("/") + 1: null

02-12-2024T07:04:24 - [TEST_STEP][PASSED] - if (i1 > -1): null

02-12-2024T07:04:24 - [TEST_STEP][PASSED] - x = x.substring(i1, x.length()): null

02-12-2024T07:04:24 - [TEST_STEP][PASSED] - i1 = x.indexOf("/") + 1: null

02-12-2024T07:04:24 - [TEST_STEP][PASSED] - if (i1 > -1): null

02-12-2024T07:04:24 - [TEST_STEP][PASSED] - x = x.substring(i1, x.length()): null

02-12-2024T07:04:24 - [TEST_STEP][PASSED] - i1 = x.indexOf("/") + 1: null

02-12-2024T07:04:24 - [TEST_STEP][PASSED] - if (i1 > -1): null

02-12-2024T07:04:24 - [TEST_STEP][PASSED] - x = x.substring(i1, x.length()): null

02-12-2024T07:04:24 - [TEST_STEP][PASSED] - i1 = x.indexOf("/") + 1: null

02-12-2024T07:04:24 - [TEST_STEP][PASSED] - if (i1 > -1): null

02-12-2024T07:04:24 - [TEST_STEP][PASSED] - x = x.substring(i1, x.length()): null

02-12-2024T07:04:24 - [TEST_STEP][PASSED] - i1 = x.indexOf("/") + 1: null

02-12-2024T07:04:24 - [TEST_STEP][PASSED] - if (i1 > -1): null

02-12-2024T07:04:24 - [TEST_STEP][PASSED] - x = x.substring(i1, x.length()): null

02-12-2024T07:04:24 - [TEST_STEP][PASSED] - i1 = x.indexOf("/"): null

02-12-2024T07:04:24 - [TEST_STEP][PASSED] - if (i1 > -1): null

02-12-2024T07:04:24 - [TEST_STEP][PASSED] - println(x): null

02-12-2024T07:04:24 - [TEST_STEP][FAILED] - return x: null

02-12-2024T07:04:24 - [TEST_STEP][PASSED] - println(o1R + "/" + o1B): null

02-12-2024T07:04:24 - [TEST_STEP][FAILED] - if (verifyEqual(PercFactR, PercFactB) == false): null

02-12-2024T07:04:24 - [MESSAGE][FAILED] - Unable to verify equal between actual object 'нет данных' and expected object '7.35' (Root cause: com.kms.katalon.core.exception.StepFailedException: Actual object 'нет данных' and expected object '7.35' are not equal
	at com.kms.katalon.core.keyword.builtin.VerifyEqualKeyword$_verifyEqual_closure1.doCall(VerifyEqualKeyword.groovy:58)
	at com.kms.katalon.core.keyword.builtin.VerifyEqualKeyword$_verifyEqual_closure1.call(VerifyEqualKeyword.groovy)
	at com.kms.katalon.core.keyword.internal.KeywordMain.runKeyword(KeywordMain.groovy:75)
	at com.kms.katalon.core.keyword.builtin.VerifyEqualKeyword.verifyEqual(VerifyEqualKeyword.groovy:63)
	at com.kms.katalon.core.keyword.builtin.VerifyEqualKeyword.execute(VerifyEqualKeyword.groovy:44)
	at com.kms.katalon.core.keyword.internal.KeywordExecutor.executeKeywordForPlatform(KeywordExecutor.groovy:74)
	at com.kms.katalon.core.keyword.BuiltinKeywords.verifyEqual(BuiltinKeywords.groovy:146)
	at jdk.internal.reflect.GeneratedMethodAccessor25.invoke(Unknown Source)
	at java.base/jdk.internal.reflect.DelegatingMethodAccessorImpl.invoke(DelegatingMethodAccessorImpl.java:43)
	at Выполнение бизнес-плана сверка дашбордов.CompareDZOData(Выполнение бизнес-плана сверка дашбордов:789)
	at Выполнение бизнес-плана сверка дашбордов.run(Выполнение бизнес-плана сверка дашбордов:613)
	at com.kms.katalon.core.main.ScriptEngine.run(ScriptEngine.java:194)
	at com.kms.katalon.core.main.ScriptEngine.runScriptAsRawText(ScriptEngine.java:119)
	at com.kms.katalon.core.main.TestCaseExecutor.runScript(TestCaseExecutor.java:448)
	at com.kms.katalon.core.main.TestCaseExecutor.doExecute(TestCaseExecutor.java:439)
	at com.kms.katalon.core.main.TestCaseExecutor.processExecutionPhase(TestCaseExecutor.java:418)
	at com.kms.katalon.core.main.TestCaseExecutor.accessMainPhase(TestCaseExecutor.java:410)
	at com.kms.katalon.core.main.TestCaseExecutor.execute(TestCaseExecutor.java:285)
	at com.kms.katalon.core.common.CommonExecutor.accessTestCaseMainPhase(CommonExecutor.java:65)
	at com.kms.katalon.core.main.TestSuiteExecutor.accessTestSuiteMainPhase(TestSuiteExecutor.java:150)
	at com.kms.katalon.core.main.TestSuiteExecutor.execute(TestSuiteExecutor.java:106)
	at com.kms.katalon.core.main.TestCaseMain.startTestSuite(TestCaseMain.java:180)
	at TempTestSuite1733111659562.run(TempTestSuite1733111659562.groovy:35)
	at java.base/jdk.internal.reflect.NativeMethodAccessorImpl.invoke0(Native Method)
	at java.base/jdk.internal.reflect.NativeMethodAccessorImpl.invoke(NativeMethodAccessorImpl.java:77)
	at java.base/jdk.internal.reflect.DelegatingMethodAccessorImpl.invoke(DelegatingMethodAccessorImpl.java:43)
)

02-12-2024T07:04:24 - [TEST_STEP][PASSED] - result = WriteToExcel(typeOfData, todaysDate, PercPlanR, PercPlanB, PercFactR, PercFactB, x, tabR, tabB, o1R, o1B, vidget): null

02-12-2024T07:04:24 - [TEST_STEP][PASSED] - iii = dZO.indexOf("/"): null

02-12-2024T07:04:24 - [TEST_STEP][PASSED] - println(iii): null

02-12-2024T07:04:24 - [TEST_STEP][PASSED] - dZO = dZO.substring(0, iii): null

02-12-2024T07:04:24 - [TEST_STEP][PASSED] - println(dZO): null

02-12-2024T07:04:24 - [TEST_STEP][PASSED] - println(PercPlanR): null

02-12-2024T07:04:24 - [TEST_STEP][PASSED] - println(PercPlanB): null

02-12-2024T07:04:24 - [TEST_STEP][PASSED] - println(PercFactR): null

02-12-2024T07:04:24 - [TEST_STEP][PASSED] - println(PercFactB): null

02-12-2024T07:04:24 - [TEST_STEP][PASSED] - println(tabR): null

02-12-2024T07:04:24 - [TEST_STEP][PASSED] - println(tabB): null

02-12-2024T07:04:24 - [TEST_STEP][PASSED] - println(o1R): null

02-12-2024T07:04:24 - [TEST_STEP][PASSED] - println(o1B): null

02-12-2024T07:04:24 - [TEST_STEP][PASSED] - PR = <not implemented yet for class: org.codehaus.groovy.ast.expr.EmptyExpression>: null

02-12-2024T07:04:24 - [TEST_STEP][PASSED] - FR = <not implemented yet for class: org.codehaus.groovy.ast.expr.EmptyExpression>: null

02-12-2024T07:04:24 - [TEST_STEP][PASSED] - PB = <not implemented yet for class: org.codehaus.groovy.ast.expr.EmptyExpression>: null

02-12-2024T07:04:24 - [TEST_STEP][PASSED] - FB = <not implemented yet for class: org.codehaus.groovy.ast.expr.EmptyExpression>: null

02-12-2024T07:04:24 - [TEST_STEP][PASSED] - TR = <not implemented yet for class: org.codehaus.groovy.ast.expr.EmptyExpression>: null

02-12-2024T07:04:24 - [TEST_STEP][PASSED] - TB = <not implemented yet for class: org.codehaus.groovy.ast.expr.EmptyExpression>: null

02-12-2024T07:04:24 - [TEST_STEP][PASSED] - sheetName = "Sheet1": null

02-12-2024T07:04:24 - [TEST_STEP][PASSED] - data = findTestData("PlanFact"): null

02-12-2024T07:04:24 - [TEST_STEP][PASSED] - n = data.getRowNumbers() + 1: null

02-12-2024T07:04:24 - [TEST_STEP][PASSED] - year = todaysDate.substring(todaysDate.length() - 4, todaysDate.length()): null

02-12-2024T07:04:24 - [TEST_STEP][PASSED] - y = year.toInteger(): null

02-12-2024T07:04:24 - [TEST_STEP][PASSED] - m = getText(findTestObject("Выполнение бизнес-плана/Выполнение бизнес-плана Балансы/Фильтр Дата")): Text of object 'Object Repository/Выполнение бизнес-плана/Выполнение бизнес-плана Балансы/Фильтр Дата' is: '1, 2, 3 кв., Октябрь 2024 года'

02-12-2024T07:04:25 - [MESSAGE][PASSED] - Text of object 'Object Repository/Выполнение бизнес-плана/Выполнение бизнес-плана Балансы/Фильтр Дата' is: '1, 2, 3 кв., Октябрь 2024 года'

02-12-2024T07:04:25 - [TEST_STEP][PASSED] - m = m.substring(0, m.indexOf("2024")): null

02-12-2024T07:04:25 - [TEST_STEP][PASSED] - m = m.trim(): null

02-12-2024T07:04:25 - [TEST_STEP][PASSED] - dashboardName = "Выполнение бизнес-плана": null

02-12-2024T07:04:25 - [TEST_STEP][PASSED] - workbook01 = getWorkbook(excelFilePath): null

02-12-2024T07:04:25 - [TEST_STEP][PASSED] - sheet01 = getExcelSheet(workbook01, sheetName): null

02-12-2024T07:04:25 - [TEST_STEP][PASSED] - setValueToCellByIndex(sheet01, n, 0, dashboardName): null

02-12-2024T07:04:25 - [TEST_STEP][PASSED] - setValueToCellByIndex(sheet01, n, 1, dZO): null

02-12-2024T07:04:25 - [TEST_STEP][PASSED] - setValueToCellByIndex(sheet01, n, 2, typeOfData): null

02-12-2024T07:04:25 - [TEST_STEP][PASSED] - setValueToCellByIndex(sheet01, n, 3, typeOfData): null

02-12-2024T07:04:25 - [TEST_STEP][PASSED] - if (typeOfData == "План"): null

02-12-2024T07:04:25 - [TEST_STEP][PASSED] - else if (typeOfData == "Факт"): null

02-12-2024T07:04:25 - [TEST_STEP][PASSED] - else if (vidget.contains("электроэнергии") == true): null

02-12-2024T07:04:25 - [TEST_STEP][PASSED] - else: null

02-12-2024T07:04:25 - [TEST_STEP][PASSED] - if (o1R == null): null

02-12-2024T07:04:25 - [TEST_STEP][PASSED] - else: null

02-12-2024T07:04:25 - [TEST_STEP][PASSED] - if (o1R == "нет данных"): null

02-12-2024T07:04:25 - [TEST_STEP][PASSED] - setValueToCellByIndex(sheet01, n, 4, "нет данных"): null

02-12-2024T07:04:25 - [TEST_STEP][PASSED] - if (o1B == null): null

02-12-2024T07:04:25 - [TEST_STEP][PASSED] - else: null

02-12-2024T07:04:25 - [TEST_STEP][PASSED] - if (o1B == "нет данных"): null

02-12-2024T07:04:25 - [TEST_STEP][PASSED] - else: null

02-12-2024T07:04:25 - [TEST_STEP][PASSED] - FB = o1B.toDouble(): null

02-12-2024T07:04:25 - [TEST_STEP][PASSED] - setValueToCellByIndex(sheet01, n, 5, FB): null

02-12-2024T07:04:25 - [TEST_STEP][PASSED] - setValueToCellByIndex(sheet01, n, 6, m): null

02-12-2024T07:04:25 - [TEST_STEP][PASSED] - setValueToCellByIndex(sheet01, n, 7, y): null

02-12-2024T07:04:25 - [TEST_STEP][PASSED] - setValueToCellByIndex(sheet01, n, 8, todaysDate): null

02-12-2024T07:04:25 - [TEST_STEP][PASSED] - n = n + 1: null

02-12-2024T07:04:25 - [TEST_STEP][FAILED] - saveWorkbook(excelFilePath, workbook01): null

02-12-2024T07:04:25 - [TEST_STEP][PASSED] - if (verifyEqual(sKR, sKB) == false): Actual object 'Россети Северный Кавказ (ГК)/23.70/27.54/17367779/12584601/4783177/16300204/12437092/3863112/3.84' and expected object 'Россети Северный Кавказ (ГК)/23.70/27.54/17367779/12584601/4783177/16300204/12437092/3863112/3.84' are equal

02-12-2024T07:04:25 - [MESSAGE][PASSED] - Actual object 'Россети Северный Кавказ (ГК)/23.70/27.54/17367779/12584601/4783177/16300204/12437092/3863112/3.84' and expected object 'Россети Северный Кавказ (ГК)/23.70/27.54/17367779/12584601/4783177/16300204/12437092/3863112/3.84' are equal

02-12-2024T07:04:25 - [TEST_STEP][FAILED] - if (verifyEqual(sZR, sZB) == false): null

02-12-2024T07:04:25 - [MESSAGE][FAILED] - Unable to verify equal between actual object 'Россети Северо-Запад/нет данных/нет данных/нет данных/нет данных/нет данных/нет данных/нет данных/нет данных/нет данных' and expected object 'Россети Северо-Запад/5.67/5.26/27102297/25676842/1425455/26659502/25149128/1510374/-0.41' (Root cause: com.kms.katalon.core.exception.StepFailedException: Actual object 'Россети Северо-Запад/нет данных/нет данных/нет данных/нет данных/нет данных/нет данных/нет данных/нет данных/нет данных' and expected object 'Россети Северо-Запад/5.67/5.26/27102297/25676842/1425455/26659502/25149128/1510374/-0.41' are not equal
	at com.kms.katalon.core.keyword.builtin.VerifyEqualKeyword$_verifyEqual_closure1.doCall(VerifyEqualKeyword.groovy:58)
	at com.kms.katalon.core.keyword.builtin.VerifyEqualKeyword$_verifyEqual_closure1.call(VerifyEqualKeyword.groovy)
	at com.kms.katalon.core.keyword.internal.KeywordMain.runKeyword(KeywordMain.groovy:75)
	at com.kms.katalon.core.keyword.builtin.VerifyEqualKeyword.verifyEqual(VerifyEqualKeyword.groovy:63)
	at com.kms.katalon.core.keyword.builtin.VerifyEqualKeyword.execute(VerifyEqualKeyword.groovy:44)
	at com.kms.katalon.core.keyword.internal.KeywordExecutor.executeKeywordForPlatform(KeywordExecutor.groovy:74)
	at com.kms.katalon.core.keyword.BuiltinKeywords.verifyEqual(BuiltinKeywords.groovy:146)
	at jdk.internal.reflect.GeneratedMethodAccessor25.invoke(Unknown Source)
	at java.base/jdk.internal.reflect.DelegatingMethodAccessorImpl.invoke(DelegatingMethodAccessorImpl.java:43)
	at Выполнение бизнес-плана сверка дашбордов.run(Выполнение бизнес-плана сверка дашбордов:622)
	at com.kms.katalon.core.main.ScriptEngine.run(ScriptEngine.java:194)
	at com.kms.katalon.core.main.ScriptEngine.runScriptAsRawText(ScriptEngine.java:119)
	at com.kms.katalon.core.main.TestCaseExecutor.runScript(TestCaseExecutor.java:448)
	at com.kms.katalon.core.main.TestCaseExecutor.doExecute(TestCaseExecutor.java:439)
	at com.kms.katalon.core.main.TestCaseExecutor.processExecutionPhase(TestCaseExecutor.java:418)
	at com.kms.katalon.core.main.TestCaseExecutor.accessMainPhase(TestCaseExecutor.java:410)
	at com.kms.katalon.core.main.TestCaseExecutor.execute(TestCaseExecutor.java:285)
	at com.kms.katalon.core.common.CommonExecutor.accessTestCaseMainPhase(CommonExecutor.java:65)
	at com.kms.katalon.core.main.TestSuiteExecutor.accessTestSuiteMainPhase(TestSuiteExecutor.java:150)
	at com.kms.katalon.core.main.TestSuiteExecutor.execute(TestSuiteExecutor.java:106)
	at com.kms.katalon.core.main.TestCaseMain.startTestSuite(TestCaseMain.java:180)
	at TempTestSuite1733111659562.run(TempTestSuite1733111659562.groovy:35)
	at java.base/jdk.internal.reflect.NativeMethodAccessorImpl.invoke0(Native Method)
	at java.base/jdk.internal.reflect.NativeMethodAccessorImpl.invoke(NativeMethodAccessorImpl.java:77)
	at java.base/jdk.internal.reflect.DelegatingMethodAccessorImpl.invoke(DelegatingMethodAccessorImpl.java:43)
)

02-12-2024T07:04:25 - [TEST_STEP][PASSED] - result = CompareDZOData(a = sZR, b = sZB, dZO, typeOfData, PercPlanR, PercPlanB, PercFactR, PercFactB, todaysDate, x, vidget, tabR, tabB, o1R, o1B): null

02-12-2024T07:04:25 - [TEST_STEP][PASSED] - ii2 = <not implemented yet for class: org.codehaus.groovy.ast.expr.EmptyExpression>: null

02-12-2024T07:04:25 - [TEST_STEP][FAILED] - if (verifyEqual(a, b) == false): null

02-12-2024T07:04:25 - [MESSAGE][FAILED] - Unable to verify equal between actual object 'Россети Северо-Запад/нет данных/нет данных/нет данных/нет данных/нет данных/нет данных/нет данных/нет данных/нет данных' and expected object 'Россети Северо-Запад/5.67/5.26/27102297/25676842/1425455/26659502/25149128/1510374/-0.41' (Root cause: com.kms.katalon.core.exception.StepFailedException: Actual object 'Россети Северо-Запад/нет данных/нет данных/нет данных/нет данных/нет данных/нет данных/нет данных/нет данных/нет данных' and expected object 'Россети Северо-Запад/5.67/5.26/27102297/25676842/1425455/26659502/25149128/1510374/-0.41' are not equal
	at com.kms.katalon.core.keyword.builtin.VerifyEqualKeyword$_verifyEqual_closure1.doCall(VerifyEqualKeyword.groovy:58)
	at com.kms.katalon.core.keyword.builtin.VerifyEqualKeyword$_verifyEqual_closure1.call(VerifyEqualKeyword.groovy)
	at com.kms.katalon.core.keyword.internal.KeywordMain.runKeyword(KeywordMain.groovy:75)
	at com.kms.katalon.core.keyword.builtin.VerifyEqualKeyword.verifyEqual(VerifyEqualKeyword.groovy:63)
	at com.kms.katalon.core.keyword.builtin.VerifyEqualKeyword.execute(VerifyEqualKeyword.groovy:44)
	at com.kms.katalon.core.keyword.internal.KeywordExecutor.executeKeywordForPlatform(KeywordExecutor.groovy:74)
	at com.kms.katalon.core.keyword.BuiltinKeywords.verifyEqual(BuiltinKeywords.groovy:146)
	at jdk.internal.reflect.GeneratedMethodAccessor25.invoke(Unknown Source)
	at java.base/jdk.internal.reflect.DelegatingMethodAccessorImpl.invoke(DelegatingMethodAccessorImpl.java:43)
	at Выполнение бизнес-плана сверка дашбордов.CompareDZOData(Выполнение бизнес-плана сверка дашбордов:673)
	at Выполнение бизнес-плана сверка дашбордов.run(Выполнение бизнес-плана сверка дашбордов:623)
	at com.kms.katalon.core.main.ScriptEngine.run(ScriptEngine.java:194)
	at com.kms.katalon.core.main.ScriptEngine.runScriptAsRawText(ScriptEngine.java:119)
	at com.kms.katalon.core.main.TestCaseExecutor.runScript(TestCaseExecutor.java:448)
	at com.kms.katalon.core.main.TestCaseExecutor.doExecute(TestCaseExecutor.java:439)
	at com.kms.katalon.core.main.TestCaseExecutor.processExecutionPhase(TestCaseExecutor.java:418)
	at com.kms.katalon.core.main.TestCaseExecutor.accessMainPhase(TestCaseExecutor.java:410)
	at com.kms.katalon.core.main.TestCaseExecutor.execute(TestCaseExecutor.java:285)
	at com.kms.katalon.core.common.CommonExecutor.accessTestCaseMainPhase(CommonExecutor.java:65)
	at com.kms.katalon.core.main.TestSuiteExecutor.accessTestSuiteMainPhase(TestSuiteExecutor.java:150)
	at com.kms.katalon.core.main.TestSuiteExecutor.execute(TestSuiteExecutor.java:106)
	at com.kms.katalon.core.main.TestCaseMain.startTestSuite(TestCaseMain.java:180)
	at TempTestSuite1733111659562.run(TempTestSuite1733111659562.groovy:35)
	at java.base/jdk.internal.reflect.NativeMethodAccessorImpl.invoke0(Native Method)
	at java.base/jdk.internal.reflect.NativeMethodAccessorImpl.invoke(NativeMethodAccessorImpl.java:77)
	at java.base/jdk.internal.reflect.DelegatingMethodAccessorImpl.invoke(DelegatingMethodAccessorImpl.java:43)
)

02-12-2024T07:04:25 - [TEST_STEP][PASSED] - vidget = "Уровень потерь электроэнергии": null

02-12-2024T07:04:25 - [TEST_STEP][PASSED] - typeOfData = "План": null

02-12-2024T07:04:25 - [TEST_STEP][PASSED] - PercPlanR = GetPercPlanR(x = a): null

02-12-2024T07:04:25 - [TEST_STEP][PASSED] - i1 = <not implemented yet for class: org.codehaus.groovy.ast.expr.EmptyExpression>: null

02-12-2024T07:04:25 - [TEST_STEP][PASSED] - i1 = x.indexOf("/") + 1: null

02-12-2024T07:04:25 - [TEST_STEP][PASSED] - if (i1 > -1): null

02-12-2024T07:04:25 - [TEST_STEP][PASSED] - x = x.substring(i1, x.length()): null

02-12-2024T07:04:25 - [TEST_STEP][PASSED] - i1 = x.indexOf("/"): null

02-12-2024T07:04:25 - [TEST_STEP][PASSED] - if (i1 > -1): null

02-12-2024T07:04:25 - [TEST_STEP][PASSED] - x = x.substring(0, i1): null

02-12-2024T07:04:25 - [TEST_STEP][PASSED] - return x: null

02-12-2024T07:04:25 - [TEST_STEP][PASSED] - PercPlanB = GetPercPlanB(x = b): null

02-12-2024T07:04:25 - [TEST_STEP][PASSED] - i1 = <not implemented yet for class: org.codehaus.groovy.ast.expr.EmptyExpression>: null

02-12-2024T07:04:25 - [TEST_STEP][PASSED] - i1 = x.indexOf("/") + 1: null

02-12-2024T07:04:25 - [TEST_STEP][PASSED] - if (i1 > -1): null

02-12-2024T07:04:25 - [TEST_STEP][PASSED] - x = x.substring(i1, x.length()): null

02-12-2024T07:04:25 - [TEST_STEP][PASSED] - i1 = x.indexOf("/"): null

02-12-2024T07:04:25 - [TEST_STEP][PASSED] - if (i1 > -1): null

02-12-2024T07:04:25 - [TEST_STEP][PASSED] - x = x.substring(0, i1): null

02-12-2024T07:04:25 - [TEST_STEP][FAILED] - return x: null

02-12-2024T07:04:25 - [TEST_STEP][FAILED] - if (verifyEqual(PercPlanR, PercPlanB) == false): null

02-12-2024T07:04:25 - [MESSAGE][FAILED] - Unable to verify equal between actual object 'нет данных' and expected object '5.67' (Root cause: com.kms.katalon.core.exception.StepFailedException: Actual object 'нет данных' and expected object '5.67' are not equal
	at com.kms.katalon.core.keyword.builtin.VerifyEqualKeyword$_verifyEqual_closure1.doCall(VerifyEqualKeyword.groovy:58)
	at com.kms.katalon.core.keyword.builtin.VerifyEqualKeyword$_verifyEqual_closure1.call(VerifyEqualKeyword.groovy)
	at com.kms.katalon.core.keyword.internal.KeywordMain.runKeyword(KeywordMain.groovy:75)
	at com.kms.katalon.core.keyword.builtin.VerifyEqualKeyword.verifyEqual(VerifyEqualKeyword.groovy:63)
	at com.kms.katalon.core.keyword.builtin.VerifyEqualKeyword.execute(VerifyEqualKeyword.groovy:44)
	at com.kms.katalon.core.keyword.internal.KeywordExecutor.executeKeywordForPlatform(KeywordExecutor.groovy:74)
	at com.kms.katalon.core.keyword.BuiltinKeywords.verifyEqual(BuiltinKeywords.groovy:146)
	at jdk.internal.reflect.GeneratedMethodAccessor25.invoke(Unknown Source)
	at java.base/jdk.internal.reflect.DelegatingMethodAccessorImpl.invoke(DelegatingMethodAccessorImpl.java:43)
	at Выполнение бизнес-плана сверка дашбордов.CompareDZOData(Выполнение бизнес-плана сверка дашбордов:682)
	at Выполнение бизнес-плана сверка дашбордов.run(Выполнение бизнес-плана сверка дашбордов:623)
	at com.kms.katalon.core.main.ScriptEngine.run(ScriptEngine.java:194)
	at com.kms.katalon.core.main.ScriptEngine.runScriptAsRawText(ScriptEngine.java:119)
	at com.kms.katalon.core.main.TestCaseExecutor.runScript(TestCaseExecutor.java:448)
	at com.kms.katalon.core.main.TestCaseExecutor.doExecute(TestCaseExecutor.java:439)
	at com.kms.katalon.core.main.TestCaseExecutor.processExecutionPhase(TestCaseExecutor.java:418)
	at com.kms.katalon.core.main.TestCaseExecutor.accessMainPhase(TestCaseExecutor.java:410)
	at com.kms.katalon.core.main.TestCaseExecutor.execute(TestCaseExecutor.java:285)
	at com.kms.katalon.core.common.CommonExecutor.accessTestCaseMainPhase(CommonExecutor.java:65)
	at com.kms.katalon.core.main.TestSuiteExecutor.accessTestSuiteMainPhase(TestSuiteExecutor.java:150)
	at com.kms.katalon.core.main.TestSuiteExecutor.execute(TestSuiteExecutor.java:106)
	at com.kms.katalon.core.main.TestCaseMain.startTestSuite(TestCaseMain.java:180)
	at TempTestSuite1733111659562.run(TempTestSuite1733111659562.groovy:35)
	at java.base/jdk.internal.reflect.NativeMethodAccessorImpl.invoke0(Native Method)
	at java.base/jdk.internal.reflect.NativeMethodAccessorImpl.invoke(NativeMethodAccessorImpl.java:77)
	at java.base/jdk.internal.reflect.DelegatingMethodAccessorImpl.invoke(DelegatingMethodAccessorImpl.java:43)
)

02-12-2024T07:04:25 - [TEST_STEP][PASSED] - result = WriteToExcel(typeOfData, todaysDate, PercPlanR, PercPlanB, PercFactR, PercFactB, x, tabR, tabB, o1R, o1B, vidget): null

02-12-2024T07:04:25 - [TEST_STEP][PASSED] - iii = dZO.indexOf("/"): null

02-12-2024T07:04:25 - [TEST_STEP][PASSED] - println(iii): null

02-12-2024T07:04:25 - [TEST_STEP][PASSED] - dZO = dZO.substring(0, iii): null

02-12-2024T07:04:25 - [TEST_STEP][PASSED] - println(dZO): null

02-12-2024T07:04:25 - [TEST_STEP][PASSED] - println(PercPlanR): null

02-12-2024T07:04:25 - [TEST_STEP][PASSED] - println(PercPlanB): null

02-12-2024T07:04:25 - [TEST_STEP][PASSED] - println(PercFactR): null

02-12-2024T07:04:25 - [TEST_STEP][PASSED] - println(PercFactB): null

02-12-2024T07:04:25 - [TEST_STEP][PASSED] - println(tabR): null

02-12-2024T07:04:25 - [TEST_STEP][PASSED] - println(tabB): null

02-12-2024T07:04:25 - [TEST_STEP][PASSED] - println(o1R): null

02-12-2024T07:04:25 - [TEST_STEP][PASSED] - println(o1B): null

02-12-2024T07:04:25 - [TEST_STEP][PASSED] - PR = <not implemented yet for class: org.codehaus.groovy.ast.expr.EmptyExpression>: null

02-12-2024T07:04:25 - [TEST_STEP][PASSED] - FR = <not implemented yet for class: org.codehaus.groovy.ast.expr.EmptyExpression>: null

02-12-2024T07:04:25 - [TEST_STEP][PASSED] - PB = <not implemented yet for class: org.codehaus.groovy.ast.expr.EmptyExpression>: null

02-12-2024T07:04:25 - [TEST_STEP][PASSED] - FB = <not implemented yet for class: org.codehaus.groovy.ast.expr.EmptyExpression>: null

02-12-2024T07:04:25 - [TEST_STEP][PASSED] - TR = <not implemented yet for class: org.codehaus.groovy.ast.expr.EmptyExpression>: null

02-12-2024T07:04:25 - [TEST_STEP][PASSED] - TB = <not implemented yet for class: org.codehaus.groovy.ast.expr.EmptyExpression>: null

02-12-2024T07:04:25 - [TEST_STEP][PASSED] - sheetName = "Sheet1": null

02-12-2024T07:04:25 - [TEST_STEP][PASSED] - data = findTestData("PlanFact"): null

02-12-2024T07:04:25 - [TEST_STEP][PASSED] - n = data.getRowNumbers() + 1: null

02-12-2024T07:04:25 - [TEST_STEP][PASSED] - year = todaysDate.substring(todaysDate.length() - 4, todaysDate.length()): null

02-12-2024T07:04:25 - [TEST_STEP][PASSED] - y = year.toInteger(): null

02-12-2024T07:04:25 - [TEST_STEP][PASSED] - m = getText(findTestObject("Выполнение бизнес-плана/Выполнение бизнес-плана Балансы/Фильтр Дата")): Text of object 'Object Repository/Выполнение бизнес-плана/Выполнение бизнес-плана Балансы/Фильтр Дата' is: '1, 2, 3 кв., Октябрь 2024 года'

02-12-2024T07:04:25 - [MESSAGE][PASSED] - Text of object 'Object Repository/Выполнение бизнес-плана/Выполнение бизнес-плана Балансы/Фильтр Дата' is: '1, 2, 3 кв., Октябрь 2024 года'

02-12-2024T07:04:25 - [TEST_STEP][PASSED] - m = m.substring(0, m.indexOf("2024")): null

02-12-2024T07:04:25 - [TEST_STEP][PASSED] - m = m.trim(): null

02-12-2024T07:04:25 - [TEST_STEP][PASSED] - dashboardName = "Выполнение бизнес-плана": null

02-12-2024T07:04:25 - [TEST_STEP][PASSED] - workbook01 = getWorkbook(excelFilePath): null

02-12-2024T07:04:25 - [TEST_STEP][PASSED] - sheet01 = getExcelSheet(workbook01, sheetName): null

02-12-2024T07:04:25 - [TEST_STEP][PASSED] - setValueToCellByIndex(sheet01, n, 0, dashboardName): null

02-12-2024T07:04:25 - [TEST_STEP][PASSED] - setValueToCellByIndex(sheet01, n, 1, dZO): null

02-12-2024T07:04:25 - [TEST_STEP][PASSED] - setValueToCellByIndex(sheet01, n, 2, typeOfData): null

02-12-2024T07:04:25 - [TEST_STEP][PASSED] - setValueToCellByIndex(sheet01, n, 3, typeOfData): null

02-12-2024T07:04:25 - [TEST_STEP][PASSED] - if (typeOfData == "План"): null

02-12-2024T07:04:25 - [TEST_STEP][PASSED] - if (PercPlanR == null): null

02-12-2024T07:04:25 - [TEST_STEP][PASSED] - else: null

02-12-2024T07:04:25 - [TEST_STEP][PASSED] - if (PercPlanR == "нет данных"): null

02-12-2024T07:04:25 - [TEST_STEP][PASSED] - setValueToCellByIndex(sheet01, n, 4, "нет данных"): null

02-12-2024T07:04:25 - [TEST_STEP][PASSED] - if (PercPlanB == null): null

02-12-2024T07:04:25 - [TEST_STEP][PASSED] - else: null

02-12-2024T07:04:25 - [TEST_STEP][PASSED] - if (PercPlanB == "нет данных"): null

02-12-2024T07:04:25 - [TEST_STEP][PASSED] - else: null

02-12-2024T07:04:25 - [TEST_STEP][PASSED] - PB = PercPlanB.toDouble(): null

02-12-2024T07:04:25 - [TEST_STEP][PASSED] - setValueToCellByIndex(sheet01, n, 5, PB): null

02-12-2024T07:04:25 - [TEST_STEP][PASSED] - setValueToCellByIndex(sheet01, n, 6, m): null

02-12-2024T07:04:25 - [TEST_STEP][PASSED] - setValueToCellByIndex(sheet01, n, 7, y): null

02-12-2024T07:04:25 - [TEST_STEP][PASSED] - setValueToCellByIndex(sheet01, n, 8, todaysDate): null

02-12-2024T07:04:25 - [TEST_STEP][PASSED] - n = n + 1: null

02-12-2024T07:04:25 - [TEST_STEP][PASSED] - saveWorkbook(excelFilePath, workbook01): null

02-12-2024T07:04:26 - [TEST_STEP][PASSED] - typeOfData = "Факт": null

02-12-2024T07:04:26 - [TEST_STEP][PASSED] - PercFactR = GetPercFactR(x = a): null

02-12-2024T07:04:26 - [TEST_STEP][PASSED] - i1 = <not implemented yet for class: org.codehaus.groovy.ast.expr.EmptyExpression>: null

02-12-2024T07:04:26 - [TEST_STEP][PASSED] - ii = <not implemented yet for class: org.codehaus.groovy.ast.expr.EmptyExpression>: null

02-12-2024T07:04:26 - [TEST_STEP][PASSED] - for ([ii = 1, ii < 3, (ii++)]): null

02-12-2024T07:04:26 - [TEST_STEP][PASSED] - i1 = x.indexOf("/") + 1: null

02-12-2024T07:04:26 - [TEST_STEP][PASSED] - if (i1 > -1): null

02-12-2024T07:04:26 - [TEST_STEP][PASSED] - x = x.substring(i1, x.length()): null

02-12-2024T07:04:26 - [TEST_STEP][PASSED] - println(x): null

02-12-2024T07:04:26 - [TEST_STEP][PASSED] - i1 = x.indexOf("/") + 1: null

02-12-2024T07:04:26 - [TEST_STEP][PASSED] - if (i1 > -1): null

02-12-2024T07:04:26 - [TEST_STEP][PASSED] - x = x.substring(i1, x.length()): null

02-12-2024T07:04:26 - [TEST_STEP][PASSED] - println(x): null

02-12-2024T07:04:26 - [TEST_STEP][PASSED] - i1 = x.indexOf("/"): null

02-12-2024T07:04:26 - [TEST_STEP][PASSED] - if (i1 > -1): null

02-12-2024T07:04:26 - [TEST_STEP][PASSED] - x = x.substring(0, i1): null

02-12-2024T07:04:26 - [TEST_STEP][PASSED] - println(x): null

02-12-2024T07:04:26 - [TEST_STEP][PASSED] - return x: null

02-12-2024T07:04:26 - [TEST_STEP][PASSED] - PercFactB = GetPercFactB(x = b): null

02-12-2024T07:04:26 - [TEST_STEP][PASSED] - i1 = <not implemented yet for class: org.codehaus.groovy.ast.expr.EmptyExpression>: null

02-12-2024T07:04:26 - [TEST_STEP][PASSED] - ii = <not implemented yet for class: org.codehaus.groovy.ast.expr.EmptyExpression>: null

02-12-2024T07:04:26 - [TEST_STEP][PASSED] - for ([ii = 1, ii < 3, (ii++)]): null

02-12-2024T07:04:26 - [TEST_STEP][PASSED] - i1 = x.indexOf("/") + 1: null

02-12-2024T07:04:26 - [TEST_STEP][PASSED] - if (i1 > -1): null

02-12-2024T07:04:26 - [TEST_STEP][PASSED] - x = x.substring(i1, x.length()): null

02-12-2024T07:04:26 - [TEST_STEP][PASSED] - println(x): null

02-12-2024T07:04:26 - [TEST_STEP][PASSED] - i1 = x.indexOf("/") + 1: null

02-12-2024T07:04:26 - [TEST_STEP][PASSED] - if (i1 > -1): null

02-12-2024T07:04:26 - [TEST_STEP][PASSED] - x = x.substring(i1, x.length()): null

02-12-2024T07:04:26 - [TEST_STEP][PASSED] - println(x): null

02-12-2024T07:04:26 - [TEST_STEP][PASSED] - i1 = x.indexOf("/"): null

02-12-2024T07:04:26 - [TEST_STEP][PASSED] - if (i1 > -1): null

02-12-2024T07:04:26 - [TEST_STEP][PASSED] - x = x.substring(0, i1): null

02-12-2024T07:04:26 - [TEST_STEP][PASSED] - println(x): null

02-12-2024T07:04:26 - [TEST_STEP][FAILED] - return x: null

02-12-2024T07:04:26 - [TEST_STEP][FAILED] - if (verifyEqual(PercFactR, PercFactB) == false): null

02-12-2024T07:04:26 - [MESSAGE][FAILED] - Unable to verify equal between actual object 'нет данных' and expected object '5.26' (Root cause: com.kms.katalon.core.exception.StepFailedException: Actual object 'нет данных' and expected object '5.26' are not equal
	at com.kms.katalon.core.keyword.builtin.VerifyEqualKeyword$_verifyEqual_closure1.doCall(VerifyEqualKeyword.groovy:58)
	at com.kms.katalon.core.keyword.builtin.VerifyEqualKeyword$_verifyEqual_closure1.call(VerifyEqualKeyword.groovy)
	at com.kms.katalon.core.keyword.internal.KeywordMain.runKeyword(KeywordMain.groovy:75)
	at com.kms.katalon.core.keyword.builtin.VerifyEqualKeyword.verifyEqual(VerifyEqualKeyword.groovy:63)
	at com.kms.katalon.core.keyword.builtin.VerifyEqualKeyword.execute(VerifyEqualKeyword.groovy:44)
	at com.kms.katalon.core.keyword.internal.KeywordExecutor.executeKeywordForPlatform(KeywordExecutor.groovy:74)
	at com.kms.katalon.core.keyword.BuiltinKeywords.verifyEqual(BuiltinKeywords.groovy:146)
	at jdk.internal.reflect.GeneratedMethodAccessor25.invoke(Unknown Source)
	at java.base/jdk.internal.reflect.DelegatingMethodAccessorImpl.invoke(DelegatingMethodAccessorImpl.java:43)
	at Выполнение бизнес-плана сверка дашбордов.CompareDZOData(Выполнение бизнес-плана сверка дашбордов:693)
	at Выполнение бизнес-плана сверка дашбордов.run(Выполнение бизнес-плана сверка дашбордов:623)
	at com.kms.katalon.core.main.ScriptEngine.run(ScriptEngine.java:194)
	at com.kms.katalon.core.main.ScriptEngine.runScriptAsRawText(ScriptEngine.java:119)
	at com.kms.katalon.core.main.TestCaseExecutor.runScript(TestCaseExecutor.java:448)
	at com.kms.katalon.core.main.TestCaseExecutor.doExecute(TestCaseExecutor.java:439)
	at com.kms.katalon.core.main.TestCaseExecutor.processExecutionPhase(TestCaseExecutor.java:418)
	at com.kms.katalon.core.main.TestCaseExecutor.accessMainPhase(TestCaseExecutor.java:410)
	at com.kms.katalon.core.main.TestCaseExecutor.execute(TestCaseExecutor.java:285)
	at com.kms.katalon.core.common.CommonExecutor.accessTestCaseMainPhase(CommonExecutor.java:65)
	at com.kms.katalon.core.main.TestSuiteExecutor.accessTestSuiteMainPhase(TestSuiteExecutor.java:150)
	at com.kms.katalon.core.main.TestSuiteExecutor.execute(TestSuiteExecutor.java:106)
	at com.kms.katalon.core.main.TestCaseMain.startTestSuite(TestCaseMain.java:180)
	at TempTestSuite1733111659562.run(TempTestSuite1733111659562.groovy:35)
	at java.base/jdk.internal.reflect.NativeMethodAccessorImpl.invoke0(Native Method)
	at java.base/jdk.internal.reflect.NativeMethodAccessorImpl.invoke(NativeMethodAccessorImpl.java:77)
	at java.base/jdk.internal.reflect.DelegatingMethodAccessorImpl.invoke(DelegatingMethodAccessorImpl.java:43)
)

02-12-2024T07:04:26 - [TEST_STEP][PASSED] - result = WriteToExcel(typeOfData, todaysDate, PercPlanR, PercPlanB, PercFactR, PercFactB, x, tabR, tabB, o1R, o1B, vidget): null

02-12-2024T07:04:26 - [TEST_STEP][PASSED] - iii = dZO.indexOf("/"): null

02-12-2024T07:04:26 - [TEST_STEP][PASSED] - println(iii): null

02-12-2024T07:04:26 - [TEST_STEP][PASSED] - dZO = dZO.substring(0, iii): null

02-12-2024T07:04:26 - [TEST_STEP][PASSED] - println(dZO): null

02-12-2024T07:04:26 - [TEST_STEP][PASSED] - println(PercPlanR): null

02-12-2024T07:04:26 - [TEST_STEP][PASSED] - println(PercPlanB): null

02-12-2024T07:04:26 - [TEST_STEP][PASSED] - println(PercFactR): null

02-12-2024T07:04:26 - [TEST_STEP][PASSED] - println(PercFactB): null

02-12-2024T07:04:26 - [TEST_STEP][PASSED] - println(tabR): null

02-12-2024T07:04:26 - [TEST_STEP][PASSED] - println(tabB): null

02-12-2024T07:04:26 - [TEST_STEP][PASSED] - println(o1R): null

02-12-2024T07:04:26 - [TEST_STEP][PASSED] - println(o1B): null

02-12-2024T07:04:26 - [TEST_STEP][PASSED] - PR = <not implemented yet for class: org.codehaus.groovy.ast.expr.EmptyExpression>: null

02-12-2024T07:04:26 - [TEST_STEP][PASSED] - FR = <not implemented yet for class: org.codehaus.groovy.ast.expr.EmptyExpression>: null

02-12-2024T07:04:26 - [TEST_STEP][PASSED] - PB = <not implemented yet for class: org.codehaus.groovy.ast.expr.EmptyExpression>: null

02-12-2024T07:04:26 - [TEST_STEP][PASSED] - FB = <not implemented yet for class: org.codehaus.groovy.ast.expr.EmptyExpression>: null

02-12-2024T07:04:26 - [TEST_STEP][PASSED] - TR = <not implemented yet for class: org.codehaus.groovy.ast.expr.EmptyExpression>: null

02-12-2024T07:04:26 - [TEST_STEP][PASSED] - TB = <not implemented yet for class: org.codehaus.groovy.ast.expr.EmptyExpression>: null

02-12-2024T07:04:26 - [TEST_STEP][PASSED] - sheetName = "Sheet1": null

02-12-2024T07:04:26 - [TEST_STEP][PASSED] - data = findTestData("PlanFact"): null

02-12-2024T07:04:26 - [TEST_STEP][PASSED] - n = data.getRowNumbers() + 1: null

02-12-2024T07:04:26 - [TEST_STEP][PASSED] - year = todaysDate.substring(todaysDate.length() - 4, todaysDate.length()): null

02-12-2024T07:04:26 - [TEST_STEP][PASSED] - y = year.toInteger(): null

02-12-2024T07:04:26 - [TEST_STEP][PASSED] - m = getText(findTestObject("Выполнение бизнес-плана/Выполнение бизнес-плана Балансы/Фильтр Дата")): Text of object 'Object Repository/Выполнение бизнес-плана/Выполнение бизнес-плана Балансы/Фильтр Дата' is: '1, 2, 3 кв., Октябрь 2024 года'

02-12-2024T07:04:26 - [MESSAGE][PASSED] - Text of object 'Object Repository/Выполнение бизнес-плана/Выполнение бизнес-плана Балансы/Фильтр Дата' is: '1, 2, 3 кв., Октябрь 2024 года'

02-12-2024T07:04:26 - [TEST_STEP][PASSED] - m = m.substring(0, m.indexOf("2024")): null

02-12-2024T07:04:26 - [TEST_STEP][PASSED] - m = m.trim(): null

02-12-2024T07:04:26 - [TEST_STEP][PASSED] - dashboardName = "Выполнение бизнес-плана": null

02-12-2024T07:04:26 - [TEST_STEP][PASSED] - workbook01 = getWorkbook(excelFilePath): null

02-12-2024T07:04:26 - [TEST_STEP][PASSED] - sheet01 = getExcelSheet(workbook01, sheetName): null

02-12-2024T07:04:26 - [TEST_STEP][PASSED] - setValueToCellByIndex(sheet01, n, 0, dashboardName): null

02-12-2024T07:04:26 - [TEST_STEP][PASSED] - setValueToCellByIndex(sheet01, n, 1, dZO): null

02-12-2024T07:04:26 - [TEST_STEP][PASSED] - setValueToCellByIndex(sheet01, n, 2, typeOfData): null

02-12-2024T07:04:26 - [TEST_STEP][PASSED] - setValueToCellByIndex(sheet01, n, 3, typeOfData): null

02-12-2024T07:04:26 - [TEST_STEP][PASSED] - if (typeOfData == "План"): null

02-12-2024T07:04:26 - [TEST_STEP][PASSED] - else if (typeOfData == "Факт"): null

02-12-2024T07:04:26 - [TEST_STEP][PASSED] - if (PercFactR == null): null

02-12-2024T07:04:26 - [TEST_STEP][PASSED] - else: null

02-12-2024T07:04:26 - [TEST_STEP][PASSED] - if (PercFactR == "нет данных"): null

02-12-2024T07:04:26 - [TEST_STEP][PASSED] - setValueToCellByIndex(sheet01, n, 4, "нет данных"): null

02-12-2024T07:04:26 - [TEST_STEP][PASSED] - if (PercFactB == null): null

02-12-2024T07:04:26 - [TEST_STEP][PASSED] - else: null

02-12-2024T07:04:26 - [TEST_STEP][PASSED] - if (PercFactB == "нет данных"): null

02-12-2024T07:04:26 - [TEST_STEP][PASSED] - else: null

02-12-2024T07:04:26 - [TEST_STEP][PASSED] - FB = PercFactB.toDouble(): null

02-12-2024T07:04:26 - [TEST_STEP][PASSED] - setValueToCellByIndex(sheet01, n, 5, FB): null

02-12-2024T07:04:26 - [TEST_STEP][PASSED] - setValueToCellByIndex(sheet01, n, 6, m): null

02-12-2024T07:04:26 - [TEST_STEP][PASSED] - setValueToCellByIndex(sheet01, n, 7, y): null

02-12-2024T07:04:26 - [TEST_STEP][PASSED] - setValueToCellByIndex(sheet01, n, 8, todaysDate): null

02-12-2024T07:04:26 - [TEST_STEP][PASSED] - n = n + 1: null

02-12-2024T07:04:26 - [TEST_STEP][PASSED] - saveWorkbook(excelFilePath, workbook01): null

02-12-2024T07:04:26 - [TEST_STEP][PASSED] - vidget = "Показатели баланса электроэнергии по ДЗО – Факт": null

02-12-2024T07:04:26 - [TEST_STEP][PASSED] - typeOfData = "Факт Отпуск в сеть": null

02-12-2024T07:04:26 - [TEST_STEP][PASSED] - tabR = GetOvSFactR(x = a): null

02-12-2024T07:04:26 - [TEST_STEP][PASSED] - i1 = <not implemented yet for class: org.codehaus.groovy.ast.expr.EmptyExpression>: null

02-12-2024T07:04:26 - [TEST_STEP][PASSED] - ii = <not implemented yet for class: org.codehaus.groovy.ast.expr.EmptyExpression>: null

02-12-2024T07:04:26 - [TEST_STEP][PASSED] - for ([ii = 1, ii < 4, (ii++)]): null

02-12-2024T07:04:26 - [TEST_STEP][PASSED] - i1 = x.indexOf("/") + 1: null

02-12-2024T07:04:26 - [TEST_STEP][PASSED] - if (i1 > -1): null

02-12-2024T07:04:26 - [TEST_STEP][PASSED] - x = x.substring(i1, x.length()): null

02-12-2024T07:04:26 - [TEST_STEP][PASSED] - println(x): null

02-12-2024T07:04:26 - [TEST_STEP][PASSED] - i1 = x.indexOf("/") + 1: null

02-12-2024T07:04:26 - [TEST_STEP][PASSED] - if (i1 > -1): null

02-12-2024T07:04:26 - [TEST_STEP][PASSED] - x = x.substring(i1, x.length()): null

02-12-2024T07:04:26 - [TEST_STEP][PASSED] - println(x): null

02-12-2024T07:04:26 - [TEST_STEP][PASSED] - i1 = x.indexOf("/") + 1: null

02-12-2024T07:04:26 - [TEST_STEP][PASSED] - if (i1 > -1): null

02-12-2024T07:04:26 - [TEST_STEP][PASSED] - x = x.substring(i1, x.length()): null

02-12-2024T07:04:26 - [TEST_STEP][PASSED] - println(x): null

02-12-2024T07:04:26 - [TEST_STEP][PASSED] - i1 = x.indexOf("/"): null

02-12-2024T07:04:26 - [TEST_STEP][PASSED] - if (i1 > -1): null

02-12-2024T07:04:26 - [TEST_STEP][PASSED] - x = x.substring(0, i1): null

02-12-2024T07:04:26 - [TEST_STEP][PASSED] - println(x): null

02-12-2024T07:04:26 - [TEST_STEP][PASSED] - return x: null

02-12-2024T07:04:26 - [TEST_STEP][PASSED] - tabB = GetOvSFactB(x = b): null

02-12-2024T07:04:26 - [TEST_STEP][PASSED] - i1 = <not implemented yet for class: org.codehaus.groovy.ast.expr.EmptyExpression>: null

02-12-2024T07:04:26 - [TEST_STEP][PASSED] - ii = <not implemented yet for class: org.codehaus.groovy.ast.expr.EmptyExpression>: null

02-12-2024T07:04:26 - [TEST_STEP][PASSED] - for ([ii = 1, ii < 4, (ii++)]): null

02-12-2024T07:04:26 - [TEST_STEP][PASSED] - i1 = x.indexOf("/") + 1: null

02-12-2024T07:04:26 - [TEST_STEP][PASSED] - if (i1 > -1): null

02-12-2024T07:04:26 - [TEST_STEP][PASSED] - x = x.substring(i1, x.length()): null

02-12-2024T07:04:26 - [TEST_STEP][PASSED] - println(x): null

02-12-2024T07:04:26 - [TEST_STEP][PASSED] - i1 = x.indexOf("/") + 1: null

02-12-2024T07:04:26 - [TEST_STEP][PASSED] - if (i1 > -1): null

02-12-2024T07:04:26 - [TEST_STEP][PASSED] - x = x.substring(i1, x.length()): null

02-12-2024T07:04:26 - [TEST_STEP][PASSED] - println(x): null

02-12-2024T07:04:26 - [TEST_STEP][PASSED] - i1 = x.indexOf("/") + 1: null

02-12-2024T07:04:26 - [TEST_STEP][PASSED] - if (i1 > -1): null

02-12-2024T07:04:26 - [TEST_STEP][PASSED] - x = x.substring(i1, x.length()): null

02-12-2024T07:04:26 - [TEST_STEP][PASSED] - println(x): null

02-12-2024T07:04:26 - [TEST_STEP][PASSED] - i1 = x.indexOf("/"): null

02-12-2024T07:04:26 - [TEST_STEP][PASSED] - if (i1 > -1): null

02-12-2024T07:04:26 - [TEST_STEP][PASSED] - x = x.substring(0, i1): null

02-12-2024T07:04:26 - [TEST_STEP][PASSED] - println(x): null

02-12-2024T07:04:26 - [TEST_STEP][FAILED] - return x: null

02-12-2024T07:04:26 - [TEST_STEP][FAILED] - if (verifyEqual(tabR, tabB) == false): null

02-12-2024T07:04:26 - [MESSAGE][FAILED] - Unable to verify equal between actual object 'нет данных' and expected object '27102297' (Root cause: com.kms.katalon.core.exception.StepFailedException: Actual object 'нет данных' and expected object '27102297' are not equal
	at com.kms.katalon.core.keyword.builtin.VerifyEqualKeyword$_verifyEqual_closure1.doCall(VerifyEqualKeyword.groovy:58)
	at com.kms.katalon.core.keyword.builtin.VerifyEqualKeyword$_verifyEqual_closure1.call(VerifyEqualKeyword.groovy)
	at com.kms.katalon.core.keyword.internal.KeywordMain.runKeyword(KeywordMain.groovy:75)
	at com.kms.katalon.core.keyword.builtin.VerifyEqualKeyword.verifyEqual(VerifyEqualKeyword.groovy:63)
	at com.kms.katalon.core.keyword.builtin.VerifyEqualKeyword.execute(VerifyEqualKeyword.groovy:44)
	at com.kms.katalon.core.keyword.internal.KeywordExecutor.executeKeywordForPlatform(KeywordExecutor.groovy:74)
	at com.kms.katalon.core.keyword.BuiltinKeywords.verifyEqual(BuiltinKeywords.groovy:146)
	at jdk.internal.reflect.GeneratedMethodAccessor25.invoke(Unknown Source)
	at java.base/jdk.internal.reflect.DelegatingMethodAccessorImpl.invoke(DelegatingMethodAccessorImpl.java:43)
	at Выполнение бизнес-плана сверка дашбордов.CompareDZOData(Выполнение бизнес-плана сверка дашбордов:706)
	at Выполнение бизнес-плана сверка дашбордов.run(Выполнение бизнес-плана сверка дашбордов:623)
	at com.kms.katalon.core.main.ScriptEngine.run(ScriptEngine.java:194)
	at com.kms.katalon.core.main.ScriptEngine.runScriptAsRawText(ScriptEngine.java:119)
	at com.kms.katalon.core.main.TestCaseExecutor.runScript(TestCaseExecutor.java:448)
	at com.kms.katalon.core.main.TestCaseExecutor.doExecute(TestCaseExecutor.java:439)
	at com.kms.katalon.core.main.TestCaseExecutor.processExecutionPhase(TestCaseExecutor.java:418)
	at com.kms.katalon.core.main.TestCaseExecutor.accessMainPhase(TestCaseExecutor.java:410)
	at com.kms.katalon.core.main.TestCaseExecutor.execute(TestCaseExecutor.java:285)
	at com.kms.katalon.core.common.CommonExecutor.accessTestCaseMainPhase(CommonExecutor.java:65)
	at com.kms.katalon.core.main.TestSuiteExecutor.accessTestSuiteMainPhase(TestSuiteExecutor.java:150)
	at com.kms.katalon.core.main.TestSuiteExecutor.execute(TestSuiteExecutor.java:106)
	at com.kms.katalon.core.main.TestCaseMain.startTestSuite(TestCaseMain.java:180)
	at TempTestSuite1733111659562.run(TempTestSuite1733111659562.groovy:35)
	at java.base/jdk.internal.reflect.NativeMethodAccessorImpl.invoke0(Native Method)
	at java.base/jdk.internal.reflect.NativeMethodAccessorImpl.invoke(NativeMethodAccessorImpl.java:77)
	at java.base/jdk.internal.reflect.DelegatingMethodAccessorImpl.invoke(DelegatingMethodAccessorImpl.java:43)
)

02-12-2024T07:04:26 - [TEST_STEP][PASSED] - result = WriteToExcel(typeOfData, todaysDate, PercPlanR, PercPlanB, PercFactR, PercFactB, x, tabR, tabB, o1R, o1B, vidget): null

02-12-2024T07:04:26 - [TEST_STEP][PASSED] - iii = dZO.indexOf("/"): null

02-12-2024T07:04:26 - [TEST_STEP][PASSED] - println(iii): null

02-12-2024T07:04:26 - [TEST_STEP][PASSED] - dZO = dZO.substring(0, iii): null

02-12-2024T07:04:26 - [TEST_STEP][PASSED] - println(dZO): null

02-12-2024T07:04:26 - [TEST_STEP][PASSED] - println(PercPlanR): null

02-12-2024T07:04:26 - [TEST_STEP][PASSED] - println(PercPlanB): null

02-12-2024T07:04:26 - [TEST_STEP][PASSED] - println(PercFactR): null

02-12-2024T07:04:26 - [TEST_STEP][PASSED] - println(PercFactB): null

02-12-2024T07:04:26 - [TEST_STEP][PASSED] - println(tabR): null

02-12-2024T07:04:26 - [TEST_STEP][PASSED] - println(tabB): null

02-12-2024T07:04:26 - [TEST_STEP][PASSED] - println(o1R): null

02-12-2024T07:04:26 - [TEST_STEP][PASSED] - println(o1B): null

02-12-2024T07:04:26 - [TEST_STEP][PASSED] - PR = <not implemented yet for class: org.codehaus.groovy.ast.expr.EmptyExpression>: null

02-12-2024T07:04:26 - [TEST_STEP][PASSED] - FR = <not implemented yet for class: org.codehaus.groovy.ast.expr.EmptyExpression>: null

02-12-2024T07:04:26 - [TEST_STEP][PASSED] - PB = <not implemented yet for class: org.codehaus.groovy.ast.expr.EmptyExpression>: null

02-12-2024T07:04:26 - [TEST_STEP][PASSED] - FB = <not implemented yet for class: org.codehaus.groovy.ast.expr.EmptyExpression>: null

02-12-2024T07:04:26 - [TEST_STEP][PASSED] - TR = <not implemented yet for class: org.codehaus.groovy.ast.expr.EmptyExpression>: null

02-12-2024T07:04:26 - [TEST_STEP][PASSED] - TB = <not implemented yet for class: org.codehaus.groovy.ast.expr.EmptyExpression>: null

02-12-2024T07:04:26 - [TEST_STEP][PASSED] - sheetName = "Sheet1": null

02-12-2024T07:04:26 - [TEST_STEP][PASSED] - data = findTestData("PlanFact"): null

02-12-2024T07:04:26 - [TEST_STEP][PASSED] - n = data.getRowNumbers() + 1: null

02-12-2024T07:04:26 - [TEST_STEP][PASSED] - year = todaysDate.substring(todaysDate.length() - 4, todaysDate.length()): null

02-12-2024T07:04:26 - [TEST_STEP][PASSED] - y = year.toInteger(): null

02-12-2024T07:04:26 - [TEST_STEP][PASSED] - m = getText(findTestObject("Выполнение бизнес-плана/Выполнение бизнес-плана Балансы/Фильтр Дата")): Text of object 'Object Repository/Выполнение бизнес-плана/Выполнение бизнес-плана Балансы/Фильтр Дата' is: '1, 2, 3 кв., Октябрь 2024 года'

02-12-2024T07:04:27 - [MESSAGE][PASSED] - Text of object 'Object Repository/Выполнение бизнес-плана/Выполнение бизнес-плана Балансы/Фильтр Дата' is: '1, 2, 3 кв., Октябрь 2024 года'

02-12-2024T07:04:27 - [TEST_STEP][PASSED] - m = m.substring(0, m.indexOf("2024")): null

02-12-2024T07:04:27 - [TEST_STEP][PASSED] - m = m.trim(): null

02-12-2024T07:04:27 - [TEST_STEP][PASSED] - dashboardName = "Выполнение бизнес-плана": null

02-12-2024T07:04:27 - [TEST_STEP][PASSED] - workbook01 = getWorkbook(excelFilePath): null

02-12-2024T07:04:27 - [TEST_STEP][PASSED] - sheet01 = getExcelSheet(workbook01, sheetName): null

02-12-2024T07:04:27 - [TEST_STEP][PASSED] - setValueToCellByIndex(sheet01, n, 0, dashboardName): null

02-12-2024T07:04:27 - [TEST_STEP][PASSED] - setValueToCellByIndex(sheet01, n, 1, dZO): null

02-12-2024T07:04:27 - [TEST_STEP][PASSED] - setValueToCellByIndex(sheet01, n, 2, typeOfData): null

02-12-2024T07:04:27 - [TEST_STEP][PASSED] - setValueToCellByIndex(sheet01, n, 3, typeOfData): null

02-12-2024T07:04:27 - [TEST_STEP][PASSED] - if (typeOfData == "План"): null

02-12-2024T07:04:27 - [TEST_STEP][PASSED] - else if (typeOfData == "Факт"): null

02-12-2024T07:04:27 - [TEST_STEP][PASSED] - else if (vidget.contains("электроэнергии") == true): null

02-12-2024T07:04:27 - [TEST_STEP][PASSED] - if (tabR == null): null

02-12-2024T07:04:27 - [TEST_STEP][PASSED] - else: null

02-12-2024T07:04:27 - [TEST_STEP][PASSED] - if (tabR == "нет данных"): null

02-12-2024T07:04:27 - [TEST_STEP][PASSED] - setValueToCellByIndex(sheet01, n, 4, "нет данных"): null

02-12-2024T07:04:27 - [TEST_STEP][PASSED] - if (tabB == null): null

02-12-2024T07:04:27 - [TEST_STEP][PASSED] - else: null

02-12-2024T07:04:27 - [TEST_STEP][PASSED] - if (tabB == "нет данных"): null

02-12-2024T07:04:27 - [TEST_STEP][PASSED] - else: null

02-12-2024T07:04:27 - [TEST_STEP][PASSED] - TB = tabB.toInteger(): null

02-12-2024T07:04:27 - [TEST_STEP][PASSED] - setValueToCellByIndex(sheet01, n, 5, TB): null

02-12-2024T07:04:27 - [TEST_STEP][PASSED] - setValueToCellByIndex(sheet01, n, 6, m): null

02-12-2024T07:04:27 - [TEST_STEP][PASSED] - setValueToCellByIndex(sheet01, n, 7, y): null

02-12-2024T07:04:27 - [TEST_STEP][PASSED] - setValueToCellByIndex(sheet01, n, 8, todaysDate): null

02-12-2024T07:04:27 - [TEST_STEP][PASSED] - n = n + 1: null

02-12-2024T07:04:27 - [TEST_STEP][PASSED] - saveWorkbook(excelFilePath, workbook01): null

02-12-2024T07:04:27 - [TEST_STEP][PASSED] - typeOfData = "Факт Отпуск из сети": null

02-12-2024T07:04:27 - [TEST_STEP][PASSED] - tabR = GetOiSFactR(x = a): null

02-12-2024T07:04:27 - [TEST_STEP][PASSED] - i1 = <not implemented yet for class: org.codehaus.groovy.ast.expr.EmptyExpression>: null

02-12-2024T07:04:27 - [TEST_STEP][PASSED] - ii = <not implemented yet for class: org.codehaus.groovy.ast.expr.EmptyExpression>: null

02-12-2024T07:04:27 - [TEST_STEP][PASSED] - for ([ii = 1, ii < 5, (ii++)]): null

02-12-2024T07:04:27 - [TEST_STEP][PASSED] - i1 = x.indexOf("/") + 1: null

02-12-2024T07:04:27 - [TEST_STEP][PASSED] - if (i1 > -1): null

02-12-2024T07:04:27 - [TEST_STEP][PASSED] - x = x.substring(i1, x.length()): null

02-12-2024T07:04:27 - [TEST_STEP][PASSED] - println(x): null

02-12-2024T07:04:27 - [TEST_STEP][PASSED] - i1 = x.indexOf("/") + 1: null

02-12-2024T07:04:27 - [TEST_STEP][PASSED] - if (i1 > -1): null

02-12-2024T07:04:27 - [TEST_STEP][PASSED] - x = x.substring(i1, x.length()): null

02-12-2024T07:04:27 - [TEST_STEP][PASSED] - println(x): null

02-12-2024T07:04:27 - [TEST_STEP][PASSED] - i1 = x.indexOf("/") + 1: null

02-12-2024T07:04:27 - [TEST_STEP][PASSED] - if (i1 > -1): null

02-12-2024T07:04:27 - [TEST_STEP][PASSED] - x = x.substring(i1, x.length()): null

02-12-2024T07:04:27 - [TEST_STEP][PASSED] - println(x): null

02-12-2024T07:04:27 - [TEST_STEP][PASSED] - i1 = x.indexOf("/") + 1: null

02-12-2024T07:04:27 - [TEST_STEP][PASSED] - if (i1 > -1): null

02-12-2024T07:04:27 - [TEST_STEP][PASSED] - x = x.substring(i1, x.length()): null

02-12-2024T07:04:27 - [TEST_STEP][PASSED] - println(x): null

02-12-2024T07:04:27 - [TEST_STEP][PASSED] - i1 = x.indexOf("/"): null

02-12-2024T07:04:27 - [TEST_STEP][PASSED] - if (i1 > -1): null

02-12-2024T07:04:27 - [TEST_STEP][PASSED] - x = x.substring(0, i1): null

02-12-2024T07:04:27 - [TEST_STEP][PASSED] - println(x): null

02-12-2024T07:04:27 - [TEST_STEP][PASSED] - return x: null

02-12-2024T07:04:27 - [TEST_STEP][PASSED] - tabB = GetOiSFactB(x = b): null

02-12-2024T07:04:27 - [TEST_STEP][PASSED] - i1 = <not implemented yet for class: org.codehaus.groovy.ast.expr.EmptyExpression>: null

02-12-2024T07:04:27 - [TEST_STEP][PASSED] - ii = <not implemented yet for class: org.codehaus.groovy.ast.expr.EmptyExpression>: null

02-12-2024T07:04:27 - [TEST_STEP][PASSED] - for ([ii = 1, ii < 5, (ii++)]): null

02-12-2024T07:04:27 - [TEST_STEP][PASSED] - i1 = x.indexOf("/") + 1: null

02-12-2024T07:04:27 - [TEST_STEP][PASSED] - if (i1 > -1): null

02-12-2024T07:04:27 - [TEST_STEP][PASSED] - x = x.substring(i1, x.length()): null

02-12-2024T07:04:27 - [TEST_STEP][PASSED] - println(x): null

02-12-2024T07:04:27 - [TEST_STEP][PASSED] - i1 = x.indexOf("/") + 1: null

02-12-2024T07:04:27 - [TEST_STEP][PASSED] - if (i1 > -1): null

02-12-2024T07:04:27 - [TEST_STEP][PASSED] - x = x.substring(i1, x.length()): null

02-12-2024T07:04:27 - [TEST_STEP][PASSED] - println(x): null

02-12-2024T07:04:27 - [TEST_STEP][PASSED] - i1 = x.indexOf("/") + 1: null

02-12-2024T07:04:27 - [TEST_STEP][PASSED] - if (i1 > -1): null

02-12-2024T07:04:27 - [TEST_STEP][PASSED] - x = x.substring(i1, x.length()): null

02-12-2024T07:04:27 - [TEST_STEP][PASSED] - println(x): null

02-12-2024T07:04:27 - [TEST_STEP][PASSED] - i1 = x.indexOf("/") + 1: null

02-12-2024T07:04:27 - [TEST_STEP][PASSED] - if (i1 > -1): null

02-12-2024T07:04:27 - [TEST_STEP][PASSED] - x = x.substring(i1, x.length()): null

02-12-2024T07:04:27 - [TEST_STEP][PASSED] - println(x): null

02-12-2024T07:04:27 - [TEST_STEP][PASSED] - i1 = x.indexOf("/"): null

02-12-2024T07:04:27 - [TEST_STEP][PASSED] - if (i1 > -1): null

02-12-2024T07:04:27 - [TEST_STEP][PASSED] - x = x.substring(0, i1): null

02-12-2024T07:04:27 - [TEST_STEP][PASSED] - println(x): null

02-12-2024T07:04:27 - [TEST_STEP][FAILED] - return x: null

02-12-2024T07:04:27 - [TEST_STEP][FAILED] - if (verifyEqual(tabR, tabB) == false): null

02-12-2024T07:04:27 - [MESSAGE][FAILED] - Unable to verify equal between actual object 'нет данных' and expected object '25676842' (Root cause: com.kms.katalon.core.exception.StepFailedException: Actual object 'нет данных' and expected object '25676842' are not equal
	at com.kms.katalon.core.keyword.builtin.VerifyEqualKeyword$_verifyEqual_closure1.doCall(VerifyEqualKeyword.groovy:58)
	at com.kms.katalon.core.keyword.builtin.VerifyEqualKeyword$_verifyEqual_closure1.call(VerifyEqualKeyword.groovy)
	at com.kms.katalon.core.keyword.internal.KeywordMain.runKeyword(KeywordMain.groovy:75)
	at com.kms.katalon.core.keyword.builtin.VerifyEqualKeyword.verifyEqual(VerifyEqualKeyword.groovy:63)
	at com.kms.katalon.core.keyword.builtin.VerifyEqualKeyword.execute(VerifyEqualKeyword.groovy:44)
	at com.kms.katalon.core.keyword.internal.KeywordExecutor.executeKeywordForPlatform(KeywordExecutor.groovy:74)
	at com.kms.katalon.core.keyword.BuiltinKeywords.verifyEqual(BuiltinKeywords.groovy:146)
	at jdk.internal.reflect.GeneratedMethodAccessor25.invoke(Unknown Source)
	at java.base/jdk.internal.reflect.DelegatingMethodAccessorImpl.invoke(DelegatingMethodAccessorImpl.java:43)
	at Выполнение бизнес-плана сверка дашбордов.CompareDZOData(Выполнение бизнес-плана сверка дашбордов:717)
	at Выполнение бизнес-плана сверка дашбордов.run(Выполнение бизнес-плана сверка дашбордов:623)
	at com.kms.katalon.core.main.ScriptEngine.run(ScriptEngine.java:194)
	at com.kms.katalon.core.main.ScriptEngine.runScriptAsRawText(ScriptEngine.java:119)
	at com.kms.katalon.core.main.TestCaseExecutor.runScript(TestCaseExecutor.java:448)
	at com.kms.katalon.core.main.TestCaseExecutor.doExecute(TestCaseExecutor.java:439)
	at com.kms.katalon.core.main.TestCaseExecutor.processExecutionPhase(TestCaseExecutor.java:418)
	at com.kms.katalon.core.main.TestCaseExecutor.accessMainPhase(TestCaseExecutor.java:410)
	at com.kms.katalon.core.main.TestCaseExecutor.execute(TestCaseExecutor.java:285)
	at com.kms.katalon.core.common.CommonExecutor.accessTestCaseMainPhase(CommonExecutor.java:65)
	at com.kms.katalon.core.main.TestSuiteExecutor.accessTestSuiteMainPhase(TestSuiteExecutor.java:150)
	at com.kms.katalon.core.main.TestSuiteExecutor.execute(TestSuiteExecutor.java:106)
	at com.kms.katalon.core.main.TestCaseMain.startTestSuite(TestCaseMain.java:180)
	at TempTestSuite1733111659562.run(TempTestSuite1733111659562.groovy:35)
	at java.base/jdk.internal.reflect.NativeMethodAccessorImpl.invoke0(Native Method)
	at java.base/jdk.internal.reflect.NativeMethodAccessorImpl.invoke(NativeMethodAccessorImpl.java:77)
	at java.base/jdk.internal.reflect.DelegatingMethodAccessorImpl.invoke(DelegatingMethodAccessorImpl.java:43)
)

02-12-2024T07:04:27 - [TEST_STEP][PASSED] - result = WriteToExcel(typeOfData, todaysDate, PercPlanR, PercPlanB, PercFactR, PercFactB, x, tabR, tabB, o1R, o1B, vidget): null

02-12-2024T07:04:27 - [TEST_STEP][PASSED] - iii = dZO.indexOf("/"): null

02-12-2024T07:04:27 - [TEST_STEP][PASSED] - println(iii): null

02-12-2024T07:04:27 - [TEST_STEP][PASSED] - dZO = dZO.substring(0, iii): null

02-12-2024T07:04:27 - [TEST_STEP][PASSED] - println(dZO): null

02-12-2024T07:04:27 - [TEST_STEP][PASSED] - println(PercPlanR): null

02-12-2024T07:04:27 - [TEST_STEP][PASSED] - println(PercPlanB): null

02-12-2024T07:04:27 - [TEST_STEP][PASSED] - println(PercFactR): null

02-12-2024T07:04:27 - [TEST_STEP][PASSED] - println(PercFactB): null

02-12-2024T07:04:27 - [TEST_STEP][PASSED] - println(tabR): null

02-12-2024T07:04:27 - [TEST_STEP][PASSED] - println(tabB): null

02-12-2024T07:04:27 - [TEST_STEP][PASSED] - println(o1R): null

02-12-2024T07:04:27 - [TEST_STEP][PASSED] - println(o1B): null

02-12-2024T07:04:27 - [TEST_STEP][PASSED] - PR = <not implemented yet for class: org.codehaus.groovy.ast.expr.EmptyExpression>: null

02-12-2024T07:04:27 - [TEST_STEP][PASSED] - FR = <not implemented yet for class: org.codehaus.groovy.ast.expr.EmptyExpression>: null

02-12-2024T07:04:27 - [TEST_STEP][PASSED] - PB = <not implemented yet for class: org.codehaus.groovy.ast.expr.EmptyExpression>: null

02-12-2024T07:04:27 - [TEST_STEP][PASSED] - FB = <not implemented yet for class: org.codehaus.groovy.ast.expr.EmptyExpression>: null

02-12-2024T07:04:27 - [TEST_STEP][PASSED] - TR = <not implemented yet for class: org.codehaus.groovy.ast.expr.EmptyExpression>: null

02-12-2024T07:04:27 - [TEST_STEP][PASSED] - TB = <not implemented yet for class: org.codehaus.groovy.ast.expr.EmptyExpression>: null

02-12-2024T07:04:27 - [TEST_STEP][PASSED] - sheetName = "Sheet1": null

02-12-2024T07:04:27 - [TEST_STEP][PASSED] - data = findTestData("PlanFact"): null

02-12-2024T07:04:27 - [TEST_STEP][PASSED] - n = data.getRowNumbers() + 1: null

02-12-2024T07:04:27 - [TEST_STEP][PASSED] - year = todaysDate.substring(todaysDate.length() - 4, todaysDate.length()): null

02-12-2024T07:04:27 - [TEST_STEP][PASSED] - y = year.toInteger(): null

02-12-2024T07:04:27 - [TEST_STEP][PASSED] - m = getText(findTestObject("Выполнение бизнес-плана/Выполнение бизнес-плана Балансы/Фильтр Дата")): Text of object 'Object Repository/Выполнение бизнес-плана/Выполнение бизнес-плана Балансы/Фильтр Дата' is: '1, 2, 3 кв., Октябрь 2024 года'

02-12-2024T07:04:27 - [MESSAGE][PASSED] - Text of object 'Object Repository/Выполнение бизнес-плана/Выполнение бизнес-плана Балансы/Фильтр Дата' is: '1, 2, 3 кв., Октябрь 2024 года'

02-12-2024T07:04:27 - [TEST_STEP][PASSED] - m = m.substring(0, m.indexOf("2024")): null

02-12-2024T07:04:27 - [TEST_STEP][PASSED] - m = m.trim(): null

02-12-2024T07:04:27 - [TEST_STEP][PASSED] - dashboardName = "Выполнение бизнес-плана": null

02-12-2024T07:04:27 - [TEST_STEP][PASSED] - workbook01 = getWorkbook(excelFilePath): null

02-12-2024T07:04:27 - [TEST_STEP][PASSED] - sheet01 = getExcelSheet(workbook01, sheetName): null

02-12-2024T07:04:27 - [TEST_STEP][PASSED] - setValueToCellByIndex(sheet01, n, 0, dashboardName): null

02-12-2024T07:04:27 - [TEST_STEP][PASSED] - setValueToCellByIndex(sheet01, n, 1, dZO): null

02-12-2024T07:04:27 - [TEST_STEP][PASSED] - setValueToCellByIndex(sheet01, n, 2, typeOfData): null

02-12-2024T07:04:27 - [TEST_STEP][PASSED] - setValueToCellByIndex(sheet01, n, 3, typeOfData): null

02-12-2024T07:04:27 - [TEST_STEP][PASSED] - if (typeOfData == "План"): null

02-12-2024T07:04:27 - [TEST_STEP][PASSED] - else if (typeOfData == "Факт"): null

02-12-2024T07:04:27 - [TEST_STEP][PASSED] - else if (vidget.contains("электроэнергии") == true): null

02-12-2024T07:04:27 - [TEST_STEP][PASSED] - if (tabR == null): null

02-12-2024T07:04:27 - [TEST_STEP][PASSED] - else: null

02-12-2024T07:04:27 - [TEST_STEP][PASSED] - if (tabR == "нет данных"): null

02-12-2024T07:04:27 - [TEST_STEP][PASSED] - setValueToCellByIndex(sheet01, n, 4, "нет данных"): null

02-12-2024T07:04:27 - [TEST_STEP][PASSED] - if (tabB == null): null

02-12-2024T07:04:27 - [TEST_STEP][PASSED] - else: null

02-12-2024T07:04:27 - [TEST_STEP][PASSED] - if (tabB == "нет данных"): null

02-12-2024T07:04:27 - [TEST_STEP][PASSED] - else: null

02-12-2024T07:04:27 - [TEST_STEP][PASSED] - TB = tabB.toInteger(): null

02-12-2024T07:04:27 - [TEST_STEP][PASSED] - setValueToCellByIndex(sheet01, n, 5, TB): null

02-12-2024T07:04:27 - [TEST_STEP][PASSED] - setValueToCellByIndex(sheet01, n, 6, m): null

02-12-2024T07:04:27 - [TEST_STEP][PASSED] - setValueToCellByIndex(sheet01, n, 7, y): null

02-12-2024T07:04:27 - [TEST_STEP][PASSED] - setValueToCellByIndex(sheet01, n, 8, todaysDate): null

02-12-2024T07:04:27 - [TEST_STEP][PASSED] - n = n + 1: null

02-12-2024T07:04:27 - [TEST_STEP][PASSED] - saveWorkbook(excelFilePath, workbook01): null

02-12-2024T07:04:27 - [TEST_STEP][PASSED] - typeOfData = "Факт Потери": null

02-12-2024T07:04:27 - [TEST_STEP][PASSED] - tabR = GetPFactR(x = a): null

02-12-2024T07:04:27 - [TEST_STEP][PASSED] - i1 = <not implemented yet for class: org.codehaus.groovy.ast.expr.EmptyExpression>: null

02-12-2024T07:04:27 - [TEST_STEP][PASSED] - ii = <not implemented yet for class: org.codehaus.groovy.ast.expr.EmptyExpression>: null

02-12-2024T07:04:27 - [TEST_STEP][PASSED] - for ([ii = 1, ii < 6, (ii++)]): null

02-12-2024T07:04:27 - [TEST_STEP][PASSED] - i1 = x.indexOf("/") + 1: null

02-12-2024T07:04:27 - [TEST_STEP][PASSED] - if (i1 > -1): null

02-12-2024T07:04:27 - [TEST_STEP][PASSED] - x = x.substring(i1, x.length()): null

02-12-2024T07:04:27 - [TEST_STEP][PASSED] - println(x): null

02-12-2024T07:04:27 - [TEST_STEP][PASSED] - i1 = x.indexOf("/") + 1: null

02-12-2024T07:04:27 - [TEST_STEP][PASSED] - if (i1 > -1): null

02-12-2024T07:04:27 - [TEST_STEP][PASSED] - x = x.substring(i1, x.length()): null

02-12-2024T07:04:27 - [TEST_STEP][PASSED] - println(x): null

02-12-2024T07:04:27 - [TEST_STEP][PASSED] - i1 = x.indexOf("/") + 1: null

02-12-2024T07:04:27 - [TEST_STEP][PASSED] - if (i1 > -1): null

02-12-2024T07:04:27 - [TEST_STEP][PASSED] - x = x.substring(i1, x.length()): null

02-12-2024T07:04:27 - [TEST_STEP][PASSED] - println(x): null

02-12-2024T07:04:27 - [TEST_STEP][PASSED] - i1 = x.indexOf("/") + 1: null

02-12-2024T07:04:27 - [TEST_STEP][PASSED] - if (i1 > -1): null

02-12-2024T07:04:27 - [TEST_STEP][PASSED] - x = x.substring(i1, x.length()): null

02-12-2024T07:04:27 - [TEST_STEP][PASSED] - println(x): null

02-12-2024T07:04:27 - [TEST_STEP][PASSED] - i1 = x.indexOf("/") + 1: null

02-12-2024T07:04:27 - [TEST_STEP][PASSED] - if (i1 > -1): null

02-12-2024T07:04:27 - [TEST_STEP][PASSED] - x = x.substring(i1, x.length()): null

02-12-2024T07:04:27 - [TEST_STEP][PASSED] - println(x): null

02-12-2024T07:04:27 - [TEST_STEP][PASSED] - i1 = x.indexOf("/"): null

02-12-2024T07:04:27 - [TEST_STEP][PASSED] - if (i1 > -1): null

02-12-2024T07:04:27 - [TEST_STEP][PASSED] - x = x.substring(0, i1): null

02-12-2024T07:04:27 - [TEST_STEP][PASSED] - println(x): null

02-12-2024T07:04:27 - [TEST_STEP][PASSED] - return x: null

02-12-2024T07:04:27 - [TEST_STEP][PASSED] - tabB = GetPFactB(x = b): null

02-12-2024T07:04:27 - [TEST_STEP][PASSED] - i1 = <not implemented yet for class: org.codehaus.groovy.ast.expr.EmptyExpression>: null

02-12-2024T07:04:27 - [TEST_STEP][PASSED] - ii = <not implemented yet for class: org.codehaus.groovy.ast.expr.EmptyExpression>: null

02-12-2024T07:04:27 - [TEST_STEP][PASSED] - for ([ii = 1, ii < 6, (ii++)]): null

02-12-2024T07:04:27 - [TEST_STEP][PASSED] - i1 = x.indexOf("/") + 1: null

02-12-2024T07:04:27 - [TEST_STEP][PASSED] - if (i1 > -1): null

02-12-2024T07:04:27 - [TEST_STEP][PASSED] - x = x.substring(i1, x.length()): null

02-12-2024T07:04:27 - [TEST_STEP][PASSED] - println(x): null

02-12-2024T07:04:27 - [TEST_STEP][PASSED] - i1 = x.indexOf("/") + 1: null

02-12-2024T07:04:27 - [TEST_STEP][PASSED] - if (i1 > -1): null

02-12-2024T07:04:27 - [TEST_STEP][PASSED] - x = x.substring(i1, x.length()): null

02-12-2024T07:04:27 - [TEST_STEP][PASSED] - println(x): null

02-12-2024T07:04:27 - [TEST_STEP][PASSED] - i1 = x.indexOf("/") + 1: null

02-12-2024T07:04:27 - [TEST_STEP][PASSED] - if (i1 > -1): null

02-12-2024T07:04:27 - [TEST_STEP][PASSED] - x = x.substring(i1, x.length()): null

02-12-2024T07:04:27 - [TEST_STEP][PASSED] - println(x): null

02-12-2024T07:04:27 - [TEST_STEP][PASSED] - i1 = x.indexOf("/") + 1: null

02-12-2024T07:04:27 - [TEST_STEP][PASSED] - if (i1 > -1): null

02-12-2024T07:04:27 - [TEST_STEP][PASSED] - x = x.substring(i1, x.length()): null

02-12-2024T07:04:27 - [TEST_STEP][PASSED] - println(x): null

02-12-2024T07:04:27 - [TEST_STEP][PASSED] - i1 = x.indexOf("/") + 1: null

02-12-2024T07:04:27 - [TEST_STEP][PASSED] - if (i1 > -1): null

02-12-2024T07:04:27 - [TEST_STEP][PASSED] - x = x.substring(i1, x.length()): null

02-12-2024T07:04:27 - [TEST_STEP][PASSED] - println(x): null

02-12-2024T07:04:27 - [TEST_STEP][PASSED] - i1 = x.indexOf("/"): null

02-12-2024T07:04:27 - [TEST_STEP][PASSED] - if (i1 > -1): null

02-12-2024T07:04:27 - [TEST_STEP][PASSED] - x = x.substring(0, i1): null

02-12-2024T07:04:27 - [TEST_STEP][PASSED] - println(x): null

02-12-2024T07:04:27 - [TEST_STEP][FAILED] - return x: null

02-12-2024T07:04:27 - [TEST_STEP][PASSED] - println(tabR + "/" + tabB): null

02-12-2024T07:04:27 - [TEST_STEP][FAILED] - if (verifyEqual(tabR, tabB) == false): null

02-12-2024T07:04:27 - [MESSAGE][FAILED] - Unable to verify equal between actual object 'нет данных' and expected object '1425455' (Root cause: com.kms.katalon.core.exception.StepFailedException: Actual object 'нет данных' and expected object '1425455' are not equal
	at com.kms.katalon.core.keyword.builtin.VerifyEqualKeyword$_verifyEqual_closure1.doCall(VerifyEqualKeyword.groovy:58)
	at com.kms.katalon.core.keyword.builtin.VerifyEqualKeyword$_verifyEqual_closure1.call(VerifyEqualKeyword.groovy)
	at com.kms.katalon.core.keyword.internal.KeywordMain.runKeyword(KeywordMain.groovy:75)
	at com.kms.katalon.core.keyword.builtin.VerifyEqualKeyword.verifyEqual(VerifyEqualKeyword.groovy:63)
	at com.kms.katalon.core.keyword.builtin.VerifyEqualKeyword.execute(VerifyEqualKeyword.groovy:44)
	at com.kms.katalon.core.keyword.internal.KeywordExecutor.executeKeywordForPlatform(KeywordExecutor.groovy:74)
	at com.kms.katalon.core.keyword.BuiltinKeywords.verifyEqual(BuiltinKeywords.groovy:146)
	at jdk.internal.reflect.GeneratedMethodAccessor25.invoke(Unknown Source)
	at java.base/jdk.internal.reflect.DelegatingMethodAccessorImpl.invoke(DelegatingMethodAccessorImpl.java:43)
	at Выполнение бизнес-плана сверка дашбордов.CompareDZOData(Выполнение бизнес-плана сверка дашбордов:730)
	at Выполнение бизнес-плана сверка дашбордов.run(Выполнение бизнес-плана сверка дашбордов:623)
	at com.kms.katalon.core.main.ScriptEngine.run(ScriptEngine.java:194)
	at com.kms.katalon.core.main.ScriptEngine.runScriptAsRawText(ScriptEngine.java:119)
	at com.kms.katalon.core.main.TestCaseExecutor.runScript(TestCaseExecutor.java:448)
	at com.kms.katalon.core.main.TestCaseExecutor.doExecute(TestCaseExecutor.java:439)
	at com.kms.katalon.core.main.TestCaseExecutor.processExecutionPhase(TestCaseExecutor.java:418)
	at com.kms.katalon.core.main.TestCaseExecutor.accessMainPhase(TestCaseExecutor.java:410)
	at com.kms.katalon.core.main.TestCaseExecutor.execute(TestCaseExecutor.java:285)
	at com.kms.katalon.core.common.CommonExecutor.accessTestCaseMainPhase(CommonExecutor.java:65)
	at com.kms.katalon.core.main.TestSuiteExecutor.accessTestSuiteMainPhase(TestSuiteExecutor.java:150)
	at com.kms.katalon.core.main.TestSuiteExecutor.execute(TestSuiteExecutor.java:106)
	at com.kms.katalon.core.main.TestCaseMain.startTestSuite(TestCaseMain.java:180)
	at TempTestSuite1733111659562.run(TempTestSuite1733111659562.groovy:35)
	at java.base/jdk.internal.reflect.NativeMethodAccessorImpl.invoke0(Native Method)
	at java.base/jdk.internal.reflect.NativeMethodAccessorImpl.invoke(NativeMethodAccessorImpl.java:77)
	at java.base/jdk.internal.reflect.DelegatingMethodAccessorImpl.invoke(DelegatingMethodAccessorImpl.java:43)
)

02-12-2024T07:04:27 - [TEST_STEP][PASSED] - result = WriteToExcel(typeOfData, todaysDate, PercPlanR, PercPlanB, PercFactR, PercFactB, x, tabR, tabB, o1R, o1B, vidget): null

02-12-2024T07:04:27 - [TEST_STEP][PASSED] - iii = dZO.indexOf("/"): null

02-12-2024T07:04:27 - [TEST_STEP][PASSED] - println(iii): null

02-12-2024T07:04:27 - [TEST_STEP][PASSED] - dZO = dZO.substring(0, iii): null

02-12-2024T07:04:27 - [TEST_STEP][PASSED] - println(dZO): null

02-12-2024T07:04:27 - [TEST_STEP][PASSED] - println(PercPlanR): null

02-12-2024T07:04:27 - [TEST_STEP][PASSED] - println(PercPlanB): null

02-12-2024T07:04:27 - [TEST_STEP][PASSED] - println(PercFactR): null

02-12-2024T07:04:27 - [TEST_STEP][PASSED] - println(PercFactB): null

02-12-2024T07:04:27 - [TEST_STEP][PASSED] - println(tabR): null

02-12-2024T07:04:27 - [TEST_STEP][PASSED] - println(tabB): null

02-12-2024T07:04:27 - [TEST_STEP][PASSED] - println(o1R): null

02-12-2024T07:04:27 - [TEST_STEP][PASSED] - println(o1B): null

02-12-2024T07:04:27 - [TEST_STEP][PASSED] - PR = <not implemented yet for class: org.codehaus.groovy.ast.expr.EmptyExpression>: null

02-12-2024T07:04:27 - [TEST_STEP][PASSED] - FR = <not implemented yet for class: org.codehaus.groovy.ast.expr.EmptyExpression>: null

02-12-2024T07:04:27 - [TEST_STEP][PASSED] - PB = <not implemented yet for class: org.codehaus.groovy.ast.expr.EmptyExpression>: null

02-12-2024T07:04:27 - [TEST_STEP][PASSED] - FB = <not implemented yet for class: org.codehaus.groovy.ast.expr.EmptyExpression>: null

02-12-2024T07:04:27 - [TEST_STEP][PASSED] - TR = <not implemented yet for class: org.codehaus.groovy.ast.expr.EmptyExpression>: null

02-12-2024T07:04:27 - [TEST_STEP][PASSED] - TB = <not implemented yet for class: org.codehaus.groovy.ast.expr.EmptyExpression>: null

02-12-2024T07:04:27 - [TEST_STEP][PASSED] - sheetName = "Sheet1": null

02-12-2024T07:04:27 - [TEST_STEP][PASSED] - data = findTestData("PlanFact"): null

02-12-2024T07:04:28 - [TEST_STEP][PASSED] - n = data.getRowNumbers() + 1: null

02-12-2024T07:04:28 - [TEST_STEP][PASSED] - year = todaysDate.substring(todaysDate.length() - 4, todaysDate.length()): null

02-12-2024T07:04:28 - [TEST_STEP][PASSED] - y = year.toInteger(): null

02-12-2024T07:04:28 - [TEST_STEP][PASSED] - m = getText(findTestObject("Выполнение бизнес-плана/Выполнение бизнес-плана Балансы/Фильтр Дата")): Text of object 'Object Repository/Выполнение бизнес-плана/Выполнение бизнес-плана Балансы/Фильтр Дата' is: '1, 2, 3 кв., Октябрь 2024 года'

02-12-2024T07:04:28 - [MESSAGE][PASSED] - Text of object 'Object Repository/Выполнение бизнес-плана/Выполнение бизнес-плана Балансы/Фильтр Дата' is: '1, 2, 3 кв., Октябрь 2024 года'

02-12-2024T07:04:28 - [TEST_STEP][PASSED] - m = m.substring(0, m.indexOf("2024")): null

02-12-2024T07:04:28 - [TEST_STEP][PASSED] - m = m.trim(): null

02-12-2024T07:04:28 - [TEST_STEP][PASSED] - dashboardName = "Выполнение бизнес-плана": null

02-12-2024T07:04:28 - [TEST_STEP][PASSED] - workbook01 = getWorkbook(excelFilePath): null

02-12-2024T07:04:28 - [TEST_STEP][PASSED] - sheet01 = getExcelSheet(workbook01, sheetName): null

02-12-2024T07:04:28 - [TEST_STEP][PASSED] - setValueToCellByIndex(sheet01, n, 0, dashboardName): null

02-12-2024T07:04:28 - [TEST_STEP][PASSED] - setValueToCellByIndex(sheet01, n, 1, dZO): null

02-12-2024T07:04:28 - [TEST_STEP][PASSED] - setValueToCellByIndex(sheet01, n, 2, typeOfData): null

02-12-2024T07:04:28 - [TEST_STEP][PASSED] - setValueToCellByIndex(sheet01, n, 3, typeOfData): null

02-12-2024T07:04:28 - [TEST_STEP][PASSED] - if (typeOfData == "План"): null

02-12-2024T07:04:28 - [TEST_STEP][PASSED] - else if (typeOfData == "Факт"): null

02-12-2024T07:04:28 - [TEST_STEP][PASSED] - else if (vidget.contains("электроэнергии") == true): null

02-12-2024T07:04:28 - [TEST_STEP][PASSED] - if (tabR == null): null

02-12-2024T07:04:28 - [TEST_STEP][PASSED] - else: null

02-12-2024T07:04:28 - [TEST_STEP][PASSED] - if (tabR == "нет данных"): null

02-12-2024T07:04:28 - [TEST_STEP][PASSED] - setValueToCellByIndex(sheet01, n, 4, "нет данных"): null

02-12-2024T07:04:28 - [TEST_STEP][PASSED] - if (tabB == null): null

02-12-2024T07:04:28 - [TEST_STEP][PASSED] - else: null

02-12-2024T07:04:28 - [TEST_STEP][PASSED] - if (tabB == "нет данных"): null

02-12-2024T07:04:28 - [TEST_STEP][PASSED] - else: null

02-12-2024T07:04:28 - [TEST_STEP][PASSED] - TB = tabB.toInteger(): null

02-12-2024T07:04:28 - [TEST_STEP][PASSED] - setValueToCellByIndex(sheet01, n, 5, TB): null

02-12-2024T07:04:28 - [TEST_STEP][PASSED] - setValueToCellByIndex(sheet01, n, 6, m): null

02-12-2024T07:04:28 - [TEST_STEP][PASSED] - setValueToCellByIndex(sheet01, n, 7, y): null

02-12-2024T07:04:28 - [TEST_STEP][PASSED] - setValueToCellByIndex(sheet01, n, 8, todaysDate): null

02-12-2024T07:04:28 - [TEST_STEP][PASSED] - n = n + 1: null

02-12-2024T07:04:28 - [TEST_STEP][PASSED] - saveWorkbook(excelFilePath, workbook01): null

02-12-2024T07:04:28 - [TEST_STEP][PASSED] - vidget = "Показатели баланса электроэнергии по ДЗО – План": null

02-12-2024T07:04:28 - [TEST_STEP][PASSED] - typeOfData = "План Отпуск в сеть": null

02-12-2024T07:04:28 - [TEST_STEP][PASSED] - tabR = GetOvSPlanR(x = a): null

02-12-2024T07:04:28 - [TEST_STEP][PASSED] - i1 = <not implemented yet for class: org.codehaus.groovy.ast.expr.EmptyExpression>: null

02-12-2024T07:04:28 - [TEST_STEP][PASSED] - ii = <not implemented yet for class: org.codehaus.groovy.ast.expr.EmptyExpression>: null

02-12-2024T07:04:28 - [TEST_STEP][PASSED] - for ([ii = 1, ii < 7, (ii++)]): null

02-12-2024T07:04:28 - [TEST_STEP][PASSED] - i1 = x.indexOf("/") + 1: null

02-12-2024T07:04:28 - [TEST_STEP][PASSED] - if (i1 > -1): null

02-12-2024T07:04:28 - [TEST_STEP][PASSED] - x = x.substring(i1, x.length()): null

02-12-2024T07:04:28 - [TEST_STEP][PASSED] - println(x): null

02-12-2024T07:04:28 - [TEST_STEP][PASSED] - i1 = x.indexOf("/") + 1: null

02-12-2024T07:04:28 - [TEST_STEP][PASSED] - if (i1 > -1): null

02-12-2024T07:04:28 - [TEST_STEP][PASSED] - x = x.substring(i1, x.length()): null

02-12-2024T07:04:28 - [TEST_STEP][PASSED] - println(x): null

02-12-2024T07:04:28 - [TEST_STEP][PASSED] - i1 = x.indexOf("/") + 1: null

02-12-2024T07:04:28 - [TEST_STEP][PASSED] - if (i1 > -1): null

02-12-2024T07:04:28 - [TEST_STEP][PASSED] - x = x.substring(i1, x.length()): null

02-12-2024T07:04:28 - [TEST_STEP][PASSED] - println(x): null

02-12-2024T07:04:28 - [TEST_STEP][PASSED] - i1 = x.indexOf("/") + 1: null

02-12-2024T07:04:28 - [TEST_STEP][PASSED] - if (i1 > -1): null

02-12-2024T07:04:28 - [TEST_STEP][PASSED] - x = x.substring(i1, x.length()): null

02-12-2024T07:04:28 - [TEST_STEP][PASSED] - println(x): null

02-12-2024T07:04:28 - [TEST_STEP][PASSED] - i1 = x.indexOf("/") + 1: null

02-12-2024T07:04:28 - [TEST_STEP][PASSED] - if (i1 > -1): null

02-12-2024T07:04:28 - [TEST_STEP][PASSED] - x = x.substring(i1, x.length()): null

02-12-2024T07:04:28 - [TEST_STEP][PASSED] - println(x): null

02-12-2024T07:04:28 - [TEST_STEP][PASSED] - i1 = x.indexOf("/") + 1: null

02-12-2024T07:04:28 - [TEST_STEP][PASSED] - if (i1 > -1): null

02-12-2024T07:04:28 - [TEST_STEP][PASSED] - x = x.substring(i1, x.length()): null

02-12-2024T07:04:28 - [TEST_STEP][PASSED] - println(x): null

02-12-2024T07:04:28 - [TEST_STEP][PASSED] - i1 = x.indexOf("/"): null

02-12-2024T07:04:28 - [TEST_STEP][PASSED] - if (i1 > -1): null

02-12-2024T07:04:28 - [TEST_STEP][PASSED] - x = x.substring(0, i1): null

02-12-2024T07:04:28 - [TEST_STEP][PASSED] - println(x): null

02-12-2024T07:04:28 - [TEST_STEP][PASSED] - return x: null

02-12-2024T07:04:28 - [TEST_STEP][PASSED] - tabB = GetOvSPlanB(x = b): null

02-12-2024T07:04:28 - [TEST_STEP][PASSED] - i1 = <not implemented yet for class: org.codehaus.groovy.ast.expr.EmptyExpression>: null

02-12-2024T07:04:28 - [TEST_STEP][PASSED] - ii = <not implemented yet for class: org.codehaus.groovy.ast.expr.EmptyExpression>: null

02-12-2024T07:04:28 - [TEST_STEP][PASSED] - for ([ii = 1, ii < 7, (ii++)]): null

02-12-2024T07:04:28 - [TEST_STEP][PASSED] - i1 = x.indexOf("/") + 1: null

02-12-2024T07:04:28 - [TEST_STEP][PASSED] - if (i1 > -1): null

02-12-2024T07:04:28 - [TEST_STEP][PASSED] - x = x.substring(i1, x.length()): null

02-12-2024T07:04:28 - [TEST_STEP][PASSED] - println(x): null

02-12-2024T07:04:28 - [TEST_STEP][PASSED] - i1 = x.indexOf("/") + 1: null

02-12-2024T07:04:28 - [TEST_STEP][PASSED] - if (i1 > -1): null

02-12-2024T07:04:28 - [TEST_STEP][PASSED] - x = x.substring(i1, x.length()): null

02-12-2024T07:04:28 - [TEST_STEP][PASSED] - println(x): null

02-12-2024T07:04:28 - [TEST_STEP][PASSED] - i1 = x.indexOf("/") + 1: null

02-12-2024T07:04:28 - [TEST_STEP][PASSED] - if (i1 > -1): null

02-12-2024T07:04:28 - [TEST_STEP][PASSED] - x = x.substring(i1, x.length()): null

02-12-2024T07:04:28 - [TEST_STEP][PASSED] - println(x): null

02-12-2024T07:04:28 - [TEST_STEP][PASSED] - i1 = x.indexOf("/") + 1: null

02-12-2024T07:04:28 - [TEST_STEP][PASSED] - if (i1 > -1): null

02-12-2024T07:04:28 - [TEST_STEP][PASSED] - x = x.substring(i1, x.length()): null

02-12-2024T07:04:28 - [TEST_STEP][PASSED] - println(x): null

02-12-2024T07:04:28 - [TEST_STEP][PASSED] - i1 = x.indexOf("/") + 1: null

02-12-2024T07:04:28 - [TEST_STEP][PASSED] - if (i1 > -1): null

02-12-2024T07:04:28 - [TEST_STEP][PASSED] - x = x.substring(i1, x.length()): null

02-12-2024T07:04:28 - [TEST_STEP][PASSED] - println(x): null

02-12-2024T07:04:28 - [TEST_STEP][PASSED] - i1 = x.indexOf("/") + 1: null

02-12-2024T07:04:28 - [TEST_STEP][PASSED] - if (i1 > -1): null

02-12-2024T07:04:28 - [TEST_STEP][PASSED] - x = x.substring(i1, x.length()): null

02-12-2024T07:04:28 - [TEST_STEP][PASSED] - println(x): null

02-12-2024T07:04:28 - [TEST_STEP][PASSED] - i1 = x.indexOf("/"): null

02-12-2024T07:04:28 - [TEST_STEP][PASSED] - if (i1 > -1): null

02-12-2024T07:04:28 - [TEST_STEP][PASSED] - x = x.substring(0, i1): null

02-12-2024T07:04:28 - [TEST_STEP][PASSED] - println(x): null

02-12-2024T07:04:28 - [TEST_STEP][FAILED] - return x: null

02-12-2024T07:04:28 - [TEST_STEP][PASSED] - println(tabR + "/" + tabB): null

02-12-2024T07:04:28 - [TEST_STEP][FAILED] - if (verifyEqual(PercFactR, PercFactB) == false): null

02-12-2024T07:04:28 - [MESSAGE][FAILED] - Unable to verify equal between actual object 'нет данных' and expected object '5.26' (Root cause: com.kms.katalon.core.exception.StepFailedException: Actual object 'нет данных' and expected object '5.26' are not equal
	at com.kms.katalon.core.keyword.builtin.VerifyEqualKeyword$_verifyEqual_closure1.doCall(VerifyEqualKeyword.groovy:58)
	at com.kms.katalon.core.keyword.builtin.VerifyEqualKeyword$_verifyEqual_closure1.call(VerifyEqualKeyword.groovy)
	at com.kms.katalon.core.keyword.internal.KeywordMain.runKeyword(KeywordMain.groovy:75)
	at com.kms.katalon.core.keyword.builtin.VerifyEqualKeyword.verifyEqual(VerifyEqualKeyword.groovy:63)
	at com.kms.katalon.core.keyword.builtin.VerifyEqualKeyword.execute(VerifyEqualKeyword.groovy:44)
	at com.kms.katalon.core.keyword.internal.KeywordExecutor.executeKeywordForPlatform(KeywordExecutor.groovy:74)
	at com.kms.katalon.core.keyword.BuiltinKeywords.verifyEqual(BuiltinKeywords.groovy:146)
	at jdk.internal.reflect.GeneratedMethodAccessor25.invoke(Unknown Source)
	at java.base/jdk.internal.reflect.DelegatingMethodAccessorImpl.invoke(DelegatingMethodAccessorImpl.java:43)
	at Выполнение бизнес-плана сверка дашбордов.CompareDZOData(Выполнение бизнес-плана сверка дашбордов:745)
	at Выполнение бизнес-плана сверка дашбордов.run(Выполнение бизнес-плана сверка дашбордов:623)
	at com.kms.katalon.core.main.ScriptEngine.run(ScriptEngine.java:194)
	at com.kms.katalon.core.main.ScriptEngine.runScriptAsRawText(ScriptEngine.java:119)
	at com.kms.katalon.core.main.TestCaseExecutor.runScript(TestCaseExecutor.java:448)
	at com.kms.katalon.core.main.TestCaseExecutor.doExecute(TestCaseExecutor.java:439)
	at com.kms.katalon.core.main.TestCaseExecutor.processExecutionPhase(TestCaseExecutor.java:418)
	at com.kms.katalon.core.main.TestCaseExecutor.accessMainPhase(TestCaseExecutor.java:410)
	at com.kms.katalon.core.main.TestCaseExecutor.execute(TestCaseExecutor.java:285)
	at com.kms.katalon.core.common.CommonExecutor.accessTestCaseMainPhase(CommonExecutor.java:65)
	at com.kms.katalon.core.main.TestSuiteExecutor.accessTestSuiteMainPhase(TestSuiteExecutor.java:150)
	at com.kms.katalon.core.main.TestSuiteExecutor.execute(TestSuiteExecutor.java:106)
	at com.kms.katalon.core.main.TestCaseMain.startTestSuite(TestCaseMain.java:180)
	at TempTestSuite1733111659562.run(TempTestSuite1733111659562.groovy:35)
	at java.base/jdk.internal.reflect.NativeMethodAccessorImpl.invoke0(Native Method)
	at java.base/jdk.internal.reflect.NativeMethodAccessorImpl.invoke(NativeMethodAccessorImpl.java:77)
	at java.base/jdk.internal.reflect.DelegatingMethodAccessorImpl.invoke(DelegatingMethodAccessorImpl.java:43)
)

02-12-2024T07:04:28 - [TEST_STEP][PASSED] - result = WriteToExcel(typeOfData, todaysDate, PercPlanR, PercPlanB, PercFactR, PercFactB, x, tabR, tabB, o1R, o1B, vidget): null

02-12-2024T07:04:28 - [TEST_STEP][PASSED] - iii = dZO.indexOf("/"): null

02-12-2024T07:04:28 - [TEST_STEP][PASSED] - println(iii): null

02-12-2024T07:04:28 - [TEST_STEP][PASSED] - dZO = dZO.substring(0, iii): null

02-12-2024T07:04:28 - [TEST_STEP][PASSED] - println(dZO): null

02-12-2024T07:04:28 - [TEST_STEP][PASSED] - println(PercPlanR): null

02-12-2024T07:04:28 - [TEST_STEP][PASSED] - println(PercPlanB): null

02-12-2024T07:04:28 - [TEST_STEP][PASSED] - println(PercFactR): null

02-12-2024T07:04:28 - [TEST_STEP][PASSED] - println(PercFactB): null

02-12-2024T07:04:28 - [TEST_STEP][PASSED] - println(tabR): null

02-12-2024T07:04:28 - [TEST_STEP][PASSED] - println(tabB): null

02-12-2024T07:04:28 - [TEST_STEP][PASSED] - println(o1R): null

02-12-2024T07:04:28 - [TEST_STEP][PASSED] - println(o1B): null

02-12-2024T07:04:28 - [TEST_STEP][PASSED] - PR = <not implemented yet for class: org.codehaus.groovy.ast.expr.EmptyExpression>: null

02-12-2024T07:04:28 - [TEST_STEP][PASSED] - FR = <not implemented yet for class: org.codehaus.groovy.ast.expr.EmptyExpression>: null

02-12-2024T07:04:28 - [TEST_STEP][PASSED] - PB = <not implemented yet for class: org.codehaus.groovy.ast.expr.EmptyExpression>: null

02-12-2024T07:04:28 - [TEST_STEP][PASSED] - FB = <not implemented yet for class: org.codehaus.groovy.ast.expr.EmptyExpression>: null

02-12-2024T07:04:28 - [TEST_STEP][PASSED] - TR = <not implemented yet for class: org.codehaus.groovy.ast.expr.EmptyExpression>: null

02-12-2024T07:04:28 - [TEST_STEP][PASSED] - TB = <not implemented yet for class: org.codehaus.groovy.ast.expr.EmptyExpression>: null

02-12-2024T07:04:28 - [TEST_STEP][PASSED] - sheetName = "Sheet1": null

02-12-2024T07:04:28 - [TEST_STEP][PASSED] - data = findTestData("PlanFact"): null

02-12-2024T07:04:28 - [TEST_STEP][PASSED] - n = data.getRowNumbers() + 1: null

02-12-2024T07:04:28 - [TEST_STEP][PASSED] - year = todaysDate.substring(todaysDate.length() - 4, todaysDate.length()): null

02-12-2024T07:04:28 - [TEST_STEP][PASSED] - y = year.toInteger(): null

02-12-2024T07:04:28 - [TEST_STEP][PASSED] - m = getText(findTestObject("Выполнение бизнес-плана/Выполнение бизнес-плана Балансы/Фильтр Дата")): Text of object 'Object Repository/Выполнение бизнес-плана/Выполнение бизнес-плана Балансы/Фильтр Дата' is: '1, 2, 3 кв., Октябрь 2024 года'

02-12-2024T07:04:28 - [MESSAGE][PASSED] - Text of object 'Object Repository/Выполнение бизнес-плана/Выполнение бизнес-плана Балансы/Фильтр Дата' is: '1, 2, 3 кв., Октябрь 2024 года'

02-12-2024T07:04:28 - [TEST_STEP][PASSED] - m = m.substring(0, m.indexOf("2024")): null

02-12-2024T07:04:28 - [TEST_STEP][PASSED] - m = m.trim(): null

02-12-2024T07:04:28 - [TEST_STEP][PASSED] - dashboardName = "Выполнение бизнес-плана": null

02-12-2024T07:04:28 - [TEST_STEP][PASSED] - workbook01 = getWorkbook(excelFilePath): null

02-12-2024T07:04:29 - [TEST_STEP][PASSED] - sheet01 = getExcelSheet(workbook01, sheetName): null

02-12-2024T07:04:29 - [TEST_STEP][PASSED] - setValueToCellByIndex(sheet01, n, 0, dashboardName): null

02-12-2024T07:04:29 - [TEST_STEP][PASSED] - setValueToCellByIndex(sheet01, n, 1, dZO): null

02-12-2024T07:04:29 - [TEST_STEP][PASSED] - setValueToCellByIndex(sheet01, n, 2, typeOfData): null

02-12-2024T07:04:29 - [TEST_STEP][PASSED] - setValueToCellByIndex(sheet01, n, 3, typeOfData): null

02-12-2024T07:04:29 - [TEST_STEP][PASSED] - if (typeOfData == "План"): null

02-12-2024T07:04:29 - [TEST_STEP][PASSED] - else if (typeOfData == "Факт"): null

02-12-2024T07:04:29 - [TEST_STEP][PASSED] - else if (vidget.contains("электроэнергии") == true): null

02-12-2024T07:04:29 - [TEST_STEP][PASSED] - if (tabR == null): null

02-12-2024T07:04:29 - [TEST_STEP][PASSED] - else: null

02-12-2024T07:04:29 - [TEST_STEP][PASSED] - if (tabR == "нет данных"): null

02-12-2024T07:04:29 - [TEST_STEP][PASSED] - setValueToCellByIndex(sheet01, n, 4, "нет данных"): null

02-12-2024T07:04:29 - [TEST_STEP][PASSED] - if (tabB == null): null

02-12-2024T07:04:29 - [TEST_STEP][PASSED] - else: null

02-12-2024T07:04:29 - [TEST_STEP][PASSED] - if (tabB == "нет данных"): null

02-12-2024T07:04:29 - [TEST_STEP][PASSED] - else: null

02-12-2024T07:04:29 - [TEST_STEP][PASSED] - TB = tabB.toInteger(): null

02-12-2024T07:04:29 - [TEST_STEP][PASSED] - setValueToCellByIndex(sheet01, n, 5, TB): null

02-12-2024T07:04:29 - [TEST_STEP][PASSED] - setValueToCellByIndex(sheet01, n, 6, m): null

02-12-2024T07:04:29 - [TEST_STEP][PASSED] - setValueToCellByIndex(sheet01, n, 7, y): null

02-12-2024T07:04:29 - [TEST_STEP][PASSED] - setValueToCellByIndex(sheet01, n, 8, todaysDate): null

02-12-2024T07:04:29 - [TEST_STEP][PASSED] - n = n + 1: null

02-12-2024T07:04:29 - [TEST_STEP][PASSED] - saveWorkbook(excelFilePath, workbook01): null

02-12-2024T07:04:29 - [TEST_STEP][PASSED] - typeOfData = "План Отпуск из сети": null

02-12-2024T07:04:29 - [TEST_STEP][PASSED] - tabR = GetOiSPlanR(x = a): null

02-12-2024T07:04:29 - [TEST_STEP][PASSED] - i1 = <not implemented yet for class: org.codehaus.groovy.ast.expr.EmptyExpression>: null

02-12-2024T07:04:29 - [TEST_STEP][PASSED] - ii = <not implemented yet for class: org.codehaus.groovy.ast.expr.EmptyExpression>: null

02-12-2024T07:04:29 - [TEST_STEP][PASSED] - for ([ii = 1, ii < 8, (ii++)]): null

02-12-2024T07:04:29 - [TEST_STEP][PASSED] - i1 = x.indexOf("/") + 1: null

02-12-2024T07:04:29 - [TEST_STEP][PASSED] - if (i1 > -1): null

02-12-2024T07:04:29 - [TEST_STEP][PASSED] - x = x.substring(i1, x.length()): null

02-12-2024T07:04:29 - [TEST_STEP][PASSED] - println(x): null

02-12-2024T07:04:29 - [TEST_STEP][PASSED] - i1 = x.indexOf("/") + 1: null

02-12-2024T07:04:29 - [TEST_STEP][PASSED] - if (i1 > -1): null

02-12-2024T07:04:29 - [TEST_STEP][PASSED] - x = x.substring(i1, x.length()): null

02-12-2024T07:04:29 - [TEST_STEP][PASSED] - println(x): null

02-12-2024T07:04:29 - [TEST_STEP][PASSED] - i1 = x.indexOf("/") + 1: null

02-12-2024T07:04:29 - [TEST_STEP][PASSED] - if (i1 > -1): null

02-12-2024T07:04:29 - [TEST_STEP][PASSED] - x = x.substring(i1, x.length()): null

02-12-2024T07:04:29 - [TEST_STEP][PASSED] - println(x): null

02-12-2024T07:04:29 - [TEST_STEP][PASSED] - i1 = x.indexOf("/") + 1: null

02-12-2024T07:04:29 - [TEST_STEP][PASSED] - if (i1 > -1): null

02-12-2024T07:04:29 - [TEST_STEP][PASSED] - x = x.substring(i1, x.length()): null

02-12-2024T07:04:29 - [TEST_STEP][PASSED] - println(x): null

02-12-2024T07:04:29 - [TEST_STEP][PASSED] - i1 = x.indexOf("/") + 1: null

02-12-2024T07:04:29 - [TEST_STEP][PASSED] - if (i1 > -1): null

02-12-2024T07:04:29 - [TEST_STEP][PASSED] - x = x.substring(i1, x.length()): null

02-12-2024T07:04:29 - [TEST_STEP][PASSED] - println(x): null

02-12-2024T07:04:29 - [TEST_STEP][PASSED] - i1 = x.indexOf("/") + 1: null

02-12-2024T07:04:29 - [TEST_STEP][PASSED] - if (i1 > -1): null

02-12-2024T07:04:29 - [TEST_STEP][PASSED] - x = x.substring(i1, x.length()): null

02-12-2024T07:04:29 - [TEST_STEP][PASSED] - println(x): null

02-12-2024T07:04:29 - [TEST_STEP][PASSED] - i1 = x.indexOf("/") + 1: null

02-12-2024T07:04:29 - [TEST_STEP][PASSED] - if (i1 > -1): null

02-12-2024T07:04:29 - [TEST_STEP][PASSED] - x = x.substring(i1, x.length()): null

02-12-2024T07:04:29 - [TEST_STEP][PASSED] - println(x): null

02-12-2024T07:04:29 - [TEST_STEP][PASSED] - i1 = x.indexOf("/"): null

02-12-2024T07:04:29 - [TEST_STEP][PASSED] - if (i1 > -1): null

02-12-2024T07:04:29 - [TEST_STEP][PASSED] - x = x.substring(0, i1): null

02-12-2024T07:04:29 - [TEST_STEP][PASSED] - println(x): null

02-12-2024T07:04:29 - [TEST_STEP][PASSED] - return x: null

02-12-2024T07:04:29 - [TEST_STEP][PASSED] - tabB = GetOiSPlanB(x = b): null

02-12-2024T07:04:29 - [TEST_STEP][PASSED] - i1 = <not implemented yet for class: org.codehaus.groovy.ast.expr.EmptyExpression>: null

02-12-2024T07:04:29 - [TEST_STEP][PASSED] - ii = <not implemented yet for class: org.codehaus.groovy.ast.expr.EmptyExpression>: null

02-12-2024T07:04:29 - [TEST_STEP][PASSED] - for ([ii = 1, ii < 8, (ii++)]): null

02-12-2024T07:04:29 - [TEST_STEP][PASSED] - i1 = x.indexOf("/") + 1: null

02-12-2024T07:04:29 - [TEST_STEP][PASSED] - if (i1 > -1): null

02-12-2024T07:04:29 - [TEST_STEP][PASSED] - x = x.substring(i1, x.length()): null

02-12-2024T07:04:29 - [TEST_STEP][PASSED] - println(x): null

02-12-2024T07:04:29 - [TEST_STEP][PASSED] - i1 = x.indexOf("/") + 1: null

02-12-2024T07:04:29 - [TEST_STEP][PASSED] - if (i1 > -1): null

02-12-2024T07:04:29 - [TEST_STEP][PASSED] - x = x.substring(i1, x.length()): null

02-12-2024T07:04:29 - [TEST_STEP][PASSED] - println(x): null

02-12-2024T07:04:29 - [TEST_STEP][PASSED] - i1 = x.indexOf("/") + 1: null

02-12-2024T07:04:29 - [TEST_STEP][PASSED] - if (i1 > -1): null

02-12-2024T07:04:29 - [TEST_STEP][PASSED] - x = x.substring(i1, x.length()): null

02-12-2024T07:04:29 - [TEST_STEP][PASSED] - println(x): null

02-12-2024T07:04:29 - [TEST_STEP][PASSED] - i1 = x.indexOf("/") + 1: null

02-12-2024T07:04:29 - [TEST_STEP][PASSED] - if (i1 > -1): null

02-12-2024T07:04:29 - [TEST_STEP][PASSED] - x = x.substring(i1, x.length()): null

02-12-2024T07:04:29 - [TEST_STEP][PASSED] - println(x): null

02-12-2024T07:04:29 - [TEST_STEP][PASSED] - i1 = x.indexOf("/") + 1: null

02-12-2024T07:04:29 - [TEST_STEP][PASSED] - if (i1 > -1): null

02-12-2024T07:04:29 - [TEST_STEP][PASSED] - x = x.substring(i1, x.length()): null

02-12-2024T07:04:29 - [TEST_STEP][PASSED] - println(x): null

02-12-2024T07:04:29 - [TEST_STEP][PASSED] - i1 = x.indexOf("/") + 1: null

02-12-2024T07:04:29 - [TEST_STEP][PASSED] - if (i1 > -1): null

02-12-2024T07:04:29 - [TEST_STEP][PASSED] - x = x.substring(i1, x.length()): null

02-12-2024T07:04:29 - [TEST_STEP][PASSED] - println(x): null

02-12-2024T07:04:29 - [TEST_STEP][PASSED] - i1 = x.indexOf("/") + 1: null

02-12-2024T07:04:29 - [TEST_STEP][PASSED] - if (i1 > -1): null

02-12-2024T07:04:29 - [TEST_STEP][PASSED] - x = x.substring(i1, x.length()): null

02-12-2024T07:04:29 - [TEST_STEP][PASSED] - println(x): null

02-12-2024T07:04:29 - [TEST_STEP][PASSED] - i1 = x.indexOf("/"): null

02-12-2024T07:04:29 - [TEST_STEP][PASSED] - if (i1 > -1): null

02-12-2024T07:04:29 - [TEST_STEP][PASSED] - x = x.substring(0, i1): null

02-12-2024T07:04:29 - [TEST_STEP][PASSED] - println(x): null

02-12-2024T07:04:29 - [TEST_STEP][FAILED] - return x: null

02-12-2024T07:04:29 - [TEST_STEP][PASSED] - println(tabR + "/" + tabB): null

02-12-2024T07:04:29 - [TEST_STEP][FAILED] - if (verifyEqual(PercFactR, PercFactB) == false): null

02-12-2024T07:04:29 - [MESSAGE][FAILED] - Unable to verify equal between actual object 'нет данных' and expected object '5.26' (Root cause: com.kms.katalon.core.exception.StepFailedException: Actual object 'нет данных' and expected object '5.26' are not equal
	at com.kms.katalon.core.keyword.builtin.VerifyEqualKeyword$_verifyEqual_closure1.doCall(VerifyEqualKeyword.groovy:58)
	at com.kms.katalon.core.keyword.builtin.VerifyEqualKeyword$_verifyEqual_closure1.call(VerifyEqualKeyword.groovy)
	at com.kms.katalon.core.keyword.internal.KeywordMain.runKeyword(KeywordMain.groovy:75)
	at com.kms.katalon.core.keyword.builtin.VerifyEqualKeyword.verifyEqual(VerifyEqualKeyword.groovy:63)
	at com.kms.katalon.core.keyword.builtin.VerifyEqualKeyword.execute(VerifyEqualKeyword.groovy:44)
	at com.kms.katalon.core.keyword.internal.KeywordExecutor.executeKeywordForPlatform(KeywordExecutor.groovy:74)
	at com.kms.katalon.core.keyword.BuiltinKeywords.verifyEqual(BuiltinKeywords.groovy:146)
	at jdk.internal.reflect.GeneratedMethodAccessor25.invoke(Unknown Source)
	at java.base/jdk.internal.reflect.DelegatingMethodAccessorImpl.invoke(DelegatingMethodAccessorImpl.java:43)
	at Выполнение бизнес-плана сверка дашбордов.CompareDZOData(Выполнение бизнес-плана сверка дашбордов:758)
	at Выполнение бизнес-плана сверка дашбордов.run(Выполнение бизнес-плана сверка дашбордов:623)
	at com.kms.katalon.core.main.ScriptEngine.run(ScriptEngine.java:194)
	at com.kms.katalon.core.main.ScriptEngine.runScriptAsRawText(ScriptEngine.java:119)
	at com.kms.katalon.core.main.TestCaseExecutor.runScript(TestCaseExecutor.java:448)
	at com.kms.katalon.core.main.TestCaseExecutor.doExecute(TestCaseExecutor.java:439)
	at com.kms.katalon.core.main.TestCaseExecutor.processExecutionPhase(TestCaseExecutor.java:418)
	at com.kms.katalon.core.main.TestCaseExecutor.accessMainPhase(TestCaseExecutor.java:410)
	at com.kms.katalon.core.main.TestCaseExecutor.execute(TestCaseExecutor.java:285)
	at com.kms.katalon.core.common.CommonExecutor.accessTestCaseMainPhase(CommonExecutor.java:65)
	at com.kms.katalon.core.main.TestSuiteExecutor.accessTestSuiteMainPhase(TestSuiteExecutor.java:150)
	at com.kms.katalon.core.main.TestSuiteExecutor.execute(TestSuiteExecutor.java:106)
	at com.kms.katalon.core.main.TestCaseMain.startTestSuite(TestCaseMain.java:180)
	at TempTestSuite1733111659562.run(TempTestSuite1733111659562.groovy:35)
	at java.base/jdk.internal.reflect.NativeMethodAccessorImpl.invoke0(Native Method)
	at java.base/jdk.internal.reflect.NativeMethodAccessorImpl.invoke(NativeMethodAccessorImpl.java:77)
	at java.base/jdk.internal.reflect.DelegatingMethodAccessorImpl.invoke(DelegatingMethodAccessorImpl.java:43)
)

02-12-2024T07:04:29 - [TEST_STEP][PASSED] - result = WriteToExcel(typeOfData, todaysDate, PercPlanR, PercPlanB, PercFactR, PercFactB, x, tabR, tabB, o1R, o1B, vidget): null

02-12-2024T07:04:29 - [TEST_STEP][PASSED] - iii = dZO.indexOf("/"): null

02-12-2024T07:04:29 - [TEST_STEP][PASSED] - println(iii): null

02-12-2024T07:04:29 - [TEST_STEP][PASSED] - dZO = dZO.substring(0, iii): null

02-12-2024T07:04:29 - [TEST_STEP][PASSED] - println(dZO): null

02-12-2024T07:04:29 - [TEST_STEP][PASSED] - println(PercPlanR): null

02-12-2024T07:04:29 - [TEST_STEP][PASSED] - println(PercPlanB): null

02-12-2024T07:04:29 - [TEST_STEP][PASSED] - println(PercFactR): null

02-12-2024T07:04:29 - [TEST_STEP][PASSED] - println(PercFactB): null

02-12-2024T07:04:29 - [TEST_STEP][PASSED] - println(tabR): null

02-12-2024T07:04:29 - [TEST_STEP][PASSED] - println(tabB): null

02-12-2024T07:04:29 - [TEST_STEP][PASSED] - println(o1R): null

02-12-2024T07:04:29 - [TEST_STEP][PASSED] - println(o1B): null

02-12-2024T07:04:29 - [TEST_STEP][PASSED] - PR = <not implemented yet for class: org.codehaus.groovy.ast.expr.EmptyExpression>: null

02-12-2024T07:04:29 - [TEST_STEP][PASSED] - FR = <not implemented yet for class: org.codehaus.groovy.ast.expr.EmptyExpression>: null

02-12-2024T07:04:29 - [TEST_STEP][PASSED] - PB = <not implemented yet for class: org.codehaus.groovy.ast.expr.EmptyExpression>: null

02-12-2024T07:04:29 - [TEST_STEP][PASSED] - FB = <not implemented yet for class: org.codehaus.groovy.ast.expr.EmptyExpression>: null

02-12-2024T07:04:29 - [TEST_STEP][PASSED] - TR = <not implemented yet for class: org.codehaus.groovy.ast.expr.EmptyExpression>: null

02-12-2024T07:04:29 - [TEST_STEP][PASSED] - TB = <not implemented yet for class: org.codehaus.groovy.ast.expr.EmptyExpression>: null

02-12-2024T07:04:29 - [TEST_STEP][PASSED] - sheetName = "Sheet1": null

02-12-2024T07:04:29 - [TEST_STEP][PASSED] - data = findTestData("PlanFact"): null

02-12-2024T07:04:29 - [TEST_STEP][PASSED] - n = data.getRowNumbers() + 1: null

02-12-2024T07:04:29 - [TEST_STEP][PASSED] - year = todaysDate.substring(todaysDate.length() - 4, todaysDate.length()): null

02-12-2024T07:04:29 - [TEST_STEP][PASSED] - y = year.toInteger(): null

02-12-2024T07:04:29 - [TEST_STEP][PASSED] - m = getText(findTestObject("Выполнение бизнес-плана/Выполнение бизнес-плана Балансы/Фильтр Дата")): Text of object 'Object Repository/Выполнение бизнес-плана/Выполнение бизнес-плана Балансы/Фильтр Дата' is: '1, 2, 3 кв., Октябрь 2024 года'

02-12-2024T07:04:29 - [MESSAGE][PASSED] - Text of object 'Object Repository/Выполнение бизнес-плана/Выполнение бизнес-плана Балансы/Фильтр Дата' is: '1, 2, 3 кв., Октябрь 2024 года'

02-12-2024T07:04:29 - [TEST_STEP][PASSED] - m = m.substring(0, m.indexOf("2024")): null

02-12-2024T07:04:29 - [TEST_STEP][PASSED] - m = m.trim(): null

02-12-2024T07:04:29 - [TEST_STEP][PASSED] - dashboardName = "Выполнение бизнес-плана": null

02-12-2024T07:04:29 - [TEST_STEP][PASSED] - workbook01 = getWorkbook(excelFilePath): null

02-12-2024T07:04:29 - [TEST_STEP][PASSED] - sheet01 = getExcelSheet(workbook01, sheetName): null

02-12-2024T07:04:29 - [TEST_STEP][PASSED] - setValueToCellByIndex(sheet01, n, 0, dashboardName): null

02-12-2024T07:04:29 - [TEST_STEP][PASSED] - setValueToCellByIndex(sheet01, n, 1, dZO): null

02-12-2024T07:04:29 - [TEST_STEP][PASSED] - setValueToCellByIndex(sheet01, n, 2, typeOfData): null

02-12-2024T07:04:29 - [TEST_STEP][PASSED] - setValueToCellByIndex(sheet01, n, 3, typeOfData): null

02-12-2024T07:04:29 - [TEST_STEP][PASSED] - if (typeOfData == "План"): null

02-12-2024T07:04:29 - [TEST_STEP][PASSED] - else if (typeOfData == "Факт"): null

02-12-2024T07:04:29 - [TEST_STEP][PASSED] - else if (vidget.contains("электроэнергии") == true): null

02-12-2024T07:04:29 - [TEST_STEP][PASSED] - if (tabR == null): null

02-12-2024T07:04:29 - [TEST_STEP][PASSED] - else: null

02-12-2024T07:04:29 - [TEST_STEP][PASSED] - if (tabR == "нет данных"): null

02-12-2024T07:04:29 - [TEST_STEP][PASSED] - setValueToCellByIndex(sheet01, n, 4, "нет данных"): null

02-12-2024T07:04:29 - [TEST_STEP][PASSED] - if (tabB == null): null

02-12-2024T07:04:29 - [TEST_STEP][PASSED] - else: null

02-12-2024T07:04:29 - [TEST_STEP][PASSED] - if (tabB == "нет данных"): null

02-12-2024T07:04:29 - [TEST_STEP][PASSED] - else: null

02-12-2024T07:04:29 - [TEST_STEP][PASSED] - TB = tabB.toInteger(): null

02-12-2024T07:04:29 - [TEST_STEP][PASSED] - setValueToCellByIndex(sheet01, n, 5, TB): null

02-12-2024T07:04:29 - [TEST_STEP][PASSED] - setValueToCellByIndex(sheet01, n, 6, m): null

02-12-2024T07:04:29 - [TEST_STEP][PASSED] - setValueToCellByIndex(sheet01, n, 7, y): null

02-12-2024T07:04:29 - [TEST_STEP][PASSED] - setValueToCellByIndex(sheet01, n, 8, todaysDate): null

02-12-2024T07:04:29 - [TEST_STEP][PASSED] - n = n + 1: null

02-12-2024T07:04:29 - [TEST_STEP][PASSED] - saveWorkbook(excelFilePath, workbook01): null

02-12-2024T07:04:29 - [TEST_STEP][PASSED] - typeOfData = "План Потери": null

02-12-2024T07:04:29 - [TEST_STEP][PASSED] - tabR = GetPPlanR(x = a): null

02-12-2024T07:04:29 - [TEST_STEP][PASSED] - i1 = <not implemented yet for class: org.codehaus.groovy.ast.expr.EmptyExpression>: null

02-12-2024T07:04:29 - [TEST_STEP][PASSED] - ii = <not implemented yet for class: org.codehaus.groovy.ast.expr.EmptyExpression>: null

02-12-2024T07:04:29 - [TEST_STEP][PASSED] - for ([ii = 1, ii < 9, (ii++)]): null

02-12-2024T07:04:29 - [TEST_STEP][PASSED] - i1 = x.indexOf("/") + 1: null

02-12-2024T07:04:29 - [TEST_STEP][PASSED] - if (i1 > -1): null

02-12-2024T07:04:29 - [TEST_STEP][PASSED] - x = x.substring(i1, x.length()): null

02-12-2024T07:04:29 - [TEST_STEP][PASSED] - println(x): null

02-12-2024T07:04:29 - [TEST_STEP][PASSED] - i1 = x.indexOf("/") + 1: null

02-12-2024T07:04:29 - [TEST_STEP][PASSED] - if (i1 > -1): null

02-12-2024T07:04:29 - [TEST_STEP][PASSED] - x = x.substring(i1, x.length()): null

02-12-2024T07:04:29 - [TEST_STEP][PASSED] - println(x): null

02-12-2024T07:04:29 - [TEST_STEP][PASSED] - i1 = x.indexOf("/") + 1: null

02-12-2024T07:04:29 - [TEST_STEP][PASSED] - if (i1 > -1): null

02-12-2024T07:04:29 - [TEST_STEP][PASSED] - x = x.substring(i1, x.length()): null

02-12-2024T07:04:29 - [TEST_STEP][PASSED] - println(x): null

02-12-2024T07:04:29 - [TEST_STEP][PASSED] - i1 = x.indexOf("/") + 1: null

02-12-2024T07:04:29 - [TEST_STEP][PASSED] - if (i1 > -1): null

02-12-2024T07:04:29 - [TEST_STEP][PASSED] - x = x.substring(i1, x.length()): null

02-12-2024T07:04:29 - [TEST_STEP][PASSED] - println(x): null

02-12-2024T07:04:29 - [TEST_STEP][PASSED] - i1 = x.indexOf("/") + 1: null

02-12-2024T07:04:29 - [TEST_STEP][PASSED] - if (i1 > -1): null

02-12-2024T07:04:29 - [TEST_STEP][PASSED] - x = x.substring(i1, x.length()): null

02-12-2024T07:04:29 - [TEST_STEP][PASSED] - println(x): null

02-12-2024T07:04:29 - [TEST_STEP][PASSED] - i1 = x.indexOf("/") + 1: null

02-12-2024T07:04:29 - [TEST_STEP][PASSED] - if (i1 > -1): null

02-12-2024T07:04:29 - [TEST_STEP][PASSED] - x = x.substring(i1, x.length()): null

02-12-2024T07:04:29 - [TEST_STEP][PASSED] - println(x): null

02-12-2024T07:04:29 - [TEST_STEP][PASSED] - i1 = x.indexOf("/") + 1: null

02-12-2024T07:04:29 - [TEST_STEP][PASSED] - if (i1 > -1): null

02-12-2024T07:04:29 - [TEST_STEP][PASSED] - x = x.substring(i1, x.length()): null

02-12-2024T07:04:29 - [TEST_STEP][PASSED] - println(x): null

02-12-2024T07:04:29 - [TEST_STEP][PASSED] - i1 = x.indexOf("/") + 1: null

02-12-2024T07:04:29 - [TEST_STEP][PASSED] - if (i1 > -1): null

02-12-2024T07:04:29 - [TEST_STEP][PASSED] - x = x.substring(i1, x.length()): null

02-12-2024T07:04:29 - [TEST_STEP][PASSED] - println(x): null

02-12-2024T07:04:29 - [TEST_STEP][PASSED] - i1 = x.indexOf("/"): null

02-12-2024T07:04:29 - [TEST_STEP][PASSED] - if (i1 > -1): null

02-12-2024T07:04:29 - [TEST_STEP][PASSED] - x = x.substring(0, i1): null

02-12-2024T07:04:29 - [TEST_STEP][PASSED] - println(x): null

02-12-2024T07:04:29 - [TEST_STEP][PASSED] - return x: null

02-12-2024T07:04:29 - [TEST_STEP][PASSED] - tabB = GetPPlanB(x = b): null

02-12-2024T07:04:29 - [TEST_STEP][PASSED] - i1 = <not implemented yet for class: org.codehaus.groovy.ast.expr.EmptyExpression>: null

02-12-2024T07:04:29 - [TEST_STEP][PASSED] - ii = <not implemented yet for class: org.codehaus.groovy.ast.expr.EmptyExpression>: null

02-12-2024T07:04:29 - [TEST_STEP][PASSED] - for ([ii = 1, ii < 9, (ii++)]): null

02-12-2024T07:04:29 - [TEST_STEP][PASSED] - i1 = x.indexOf("/") + 1: null

02-12-2024T07:04:29 - [TEST_STEP][PASSED] - if (i1 > -1): null

02-12-2024T07:04:29 - [TEST_STEP][PASSED] - x = x.substring(i1, x.length()): null

02-12-2024T07:04:29 - [TEST_STEP][PASSED] - println(x): null

02-12-2024T07:04:29 - [TEST_STEP][PASSED] - i1 = x.indexOf("/") + 1: null

02-12-2024T07:04:29 - [TEST_STEP][PASSED] - if (i1 > -1): null

02-12-2024T07:04:29 - [TEST_STEP][PASSED] - x = x.substring(i1, x.length()): null

02-12-2024T07:04:29 - [TEST_STEP][PASSED] - println(x): null

02-12-2024T07:04:29 - [TEST_STEP][PASSED] - i1 = x.indexOf("/") + 1: null

02-12-2024T07:04:29 - [TEST_STEP][PASSED] - if (i1 > -1): null

02-12-2024T07:04:29 - [TEST_STEP][PASSED] - x = x.substring(i1, x.length()): null

02-12-2024T07:04:29 - [TEST_STEP][PASSED] - println(x): null

02-12-2024T07:04:29 - [TEST_STEP][PASSED] - i1 = x.indexOf("/") + 1: null

02-12-2024T07:04:29 - [TEST_STEP][PASSED] - if (i1 > -1): null

02-12-2024T07:04:29 - [TEST_STEP][PASSED] - x = x.substring(i1, x.length()): null

02-12-2024T07:04:29 - [TEST_STEP][PASSED] - println(x): null

02-12-2024T07:04:29 - [TEST_STEP][PASSED] - i1 = x.indexOf("/") + 1: null

02-12-2024T07:04:29 - [TEST_STEP][PASSED] - if (i1 > -1): null

02-12-2024T07:04:29 - [TEST_STEP][PASSED] - x = x.substring(i1, x.length()): null

02-12-2024T07:04:29 - [TEST_STEP][PASSED] - println(x): null

02-12-2024T07:04:29 - [TEST_STEP][PASSED] - i1 = x.indexOf("/") + 1: null

02-12-2024T07:04:29 - [TEST_STEP][PASSED] - if (i1 > -1): null

02-12-2024T07:04:29 - [TEST_STEP][PASSED] - x = x.substring(i1, x.length()): null

02-12-2024T07:04:29 - [TEST_STEP][PASSED] - println(x): null

02-12-2024T07:04:29 - [TEST_STEP][PASSED] - i1 = x.indexOf("/") + 1: null

02-12-2024T07:04:29 - [TEST_STEP][PASSED] - if (i1 > -1): null

02-12-2024T07:04:29 - [TEST_STEP][PASSED] - x = x.substring(i1, x.length()): null

02-12-2024T07:04:29 - [TEST_STEP][PASSED] - println(x): null

02-12-2024T07:04:29 - [TEST_STEP][PASSED] - i1 = x.indexOf("/") + 1: null

02-12-2024T07:04:29 - [TEST_STEP][PASSED] - if (i1 > -1): null

02-12-2024T07:04:29 - [TEST_STEP][PASSED] - x = x.substring(i1, x.length()): null

02-12-2024T07:04:29 - [TEST_STEP][PASSED] - println(x): null

02-12-2024T07:04:29 - [TEST_STEP][PASSED] - i1 = x.indexOf("/"): null

02-12-2024T07:04:29 - [TEST_STEP][PASSED] - if (i1 > -1): null

02-12-2024T07:04:29 - [TEST_STEP][PASSED] - x = x.substring(0, i1): null

02-12-2024T07:04:29 - [TEST_STEP][PASSED] - println(x): null

02-12-2024T07:04:29 - [TEST_STEP][FAILED] - return x: null

02-12-2024T07:04:29 - [TEST_STEP][PASSED] - println(tabR + "/" + tabB): null

02-12-2024T07:04:29 - [TEST_STEP][FAILED] - if (verifyEqual(PercFactR, PercFactB) == false): null

02-12-2024T07:04:29 - [MESSAGE][FAILED] - Unable to verify equal between actual object 'нет данных' and expected object '5.26' (Root cause: com.kms.katalon.core.exception.StepFailedException: Actual object 'нет данных' and expected object '5.26' are not equal
	at com.kms.katalon.core.keyword.builtin.VerifyEqualKeyword$_verifyEqual_closure1.doCall(VerifyEqualKeyword.groovy:58)
	at com.kms.katalon.core.keyword.builtin.VerifyEqualKeyword$_verifyEqual_closure1.call(VerifyEqualKeyword.groovy)
	at com.kms.katalon.core.keyword.internal.KeywordMain.runKeyword(KeywordMain.groovy:75)
	at com.kms.katalon.core.keyword.builtin.VerifyEqualKeyword.verifyEqual(VerifyEqualKeyword.groovy:63)
	at com.kms.katalon.core.keyword.builtin.VerifyEqualKeyword.execute(VerifyEqualKeyword.groovy:44)
	at com.kms.katalon.core.keyword.internal.KeywordExecutor.executeKeywordForPlatform(KeywordExecutor.groovy:74)
	at com.kms.katalon.core.keyword.BuiltinKeywords.verifyEqual(BuiltinKeywords.groovy:146)
	at jdk.internal.reflect.GeneratedMethodAccessor25.invoke(Unknown Source)
	at java.base/jdk.internal.reflect.DelegatingMethodAccessorImpl.invoke(DelegatingMethodAccessorImpl.java:43)
	at Выполнение бизнес-плана сверка дашбордов.CompareDZOData(Выполнение бизнес-плана сверка дашбордов:771)
	at Выполнение бизнес-плана сверка дашбордов.run(Выполнение бизнес-плана сверка дашбордов:623)
	at com.kms.katalon.core.main.ScriptEngine.run(ScriptEngine.java:194)
	at com.kms.katalon.core.main.ScriptEngine.runScriptAsRawText(ScriptEngine.java:119)
	at com.kms.katalon.core.main.TestCaseExecutor.runScript(TestCaseExecutor.java:448)
	at com.kms.katalon.core.main.TestCaseExecutor.doExecute(TestCaseExecutor.java:439)
	at com.kms.katalon.core.main.TestCaseExecutor.processExecutionPhase(TestCaseExecutor.java:418)
	at com.kms.katalon.core.main.TestCaseExecutor.accessMainPhase(TestCaseExecutor.java:410)
	at com.kms.katalon.core.main.TestCaseExecutor.execute(TestCaseExecutor.java:285)
	at com.kms.katalon.core.common.CommonExecutor.accessTestCaseMainPhase(CommonExecutor.java:65)
	at com.kms.katalon.core.main.TestSuiteExecutor.accessTestSuiteMainPhase(TestSuiteExecutor.java:150)
	at com.kms.katalon.core.main.TestSuiteExecutor.execute(TestSuiteExecutor.java:106)
	at com.kms.katalon.core.main.TestCaseMain.startTestSuite(TestCaseMain.java:180)
	at TempTestSuite1733111659562.run(TempTestSuite1733111659562.groovy:35)
	at java.base/jdk.internal.reflect.NativeMethodAccessorImpl.invoke0(Native Method)
	at java.base/jdk.internal.reflect.NativeMethodAccessorImpl.invoke(NativeMethodAccessorImpl.java:77)
	at java.base/jdk.internal.reflect.DelegatingMethodAccessorImpl.invoke(DelegatingMethodAccessorImpl.java:43)
)

02-12-2024T07:04:29 - [TEST_STEP][PASSED] - result = WriteToExcel(typeOfData, todaysDate, PercPlanR, PercPlanB, PercFactR, PercFactB, x, tabR, tabB, o1R, o1B, vidget): null

02-12-2024T07:04:29 - [TEST_STEP][PASSED] - iii = dZO.indexOf("/"): null

02-12-2024T07:04:29 - [TEST_STEP][PASSED] - println(iii): null

02-12-2024T07:04:29 - [TEST_STEP][PASSED] - dZO = dZO.substring(0, iii): null

02-12-2024T07:04:29 - [TEST_STEP][PASSED] - println(dZO): null

02-12-2024T07:04:29 - [TEST_STEP][PASSED] - println(PercPlanR): null

02-12-2024T07:04:29 - [TEST_STEP][PASSED] - println(PercPlanB): null

02-12-2024T07:04:29 - [TEST_STEP][PASSED] - println(PercFactR): null

02-12-2024T07:04:29 - [TEST_STEP][PASSED] - println(PercFactB): null

02-12-2024T07:04:29 - [TEST_STEP][PASSED] - println(tabR): null

02-12-2024T07:04:29 - [TEST_STEP][PASSED] - println(tabB): null

02-12-2024T07:04:29 - [TEST_STEP][PASSED] - println(o1R): null

02-12-2024T07:04:29 - [TEST_STEP][PASSED] - println(o1B): null

02-12-2024T07:04:29 - [TEST_STEP][PASSED] - PR = <not implemented yet for class: org.codehaus.groovy.ast.expr.EmptyExpression>: null

02-12-2024T07:04:29 - [TEST_STEP][PASSED] - FR = <not implemented yet for class: org.codehaus.groovy.ast.expr.EmptyExpression>: null

02-12-2024T07:04:29 - [TEST_STEP][PASSED] - PB = <not implemented yet for class: org.codehaus.groovy.ast.expr.EmptyExpression>: null

02-12-2024T07:04:29 - [TEST_STEP][PASSED] - FB = <not implemented yet for class: org.codehaus.groovy.ast.expr.EmptyExpression>: null

02-12-2024T07:04:29 - [TEST_STEP][PASSED] - TR = <not implemented yet for class: org.codehaus.groovy.ast.expr.EmptyExpression>: null

02-12-2024T07:04:29 - [TEST_STEP][PASSED] - TB = <not implemented yet for class: org.codehaus.groovy.ast.expr.EmptyExpression>: null

02-12-2024T07:04:29 - [TEST_STEP][PASSED] - sheetName = "Sheet1": null

02-12-2024T07:04:29 - [TEST_STEP][PASSED] - data = findTestData("PlanFact"): null

02-12-2024T07:04:29 - [TEST_STEP][PASSED] - n = data.getRowNumbers() + 1: null

02-12-2024T07:04:29 - [TEST_STEP][PASSED] - year = todaysDate.substring(todaysDate.length() - 4, todaysDate.length()): null

02-12-2024T07:04:29 - [TEST_STEP][PASSED] - y = year.toInteger(): null

02-12-2024T07:04:29 - [TEST_STEP][PASSED] - m = getText(findTestObject("Выполнение бизнес-плана/Выполнение бизнес-плана Балансы/Фильтр Дата")): Text of object 'Object Repository/Выполнение бизнес-плана/Выполнение бизнес-плана Балансы/Фильтр Дата' is: '1, 2, 3 кв., Октябрь 2024 года'

02-12-2024T07:04:30 - [MESSAGE][PASSED] - Text of object 'Object Repository/Выполнение бизнес-плана/Выполнение бизнес-плана Балансы/Фильтр Дата' is: '1, 2, 3 кв., Октябрь 2024 года'

02-12-2024T07:04:30 - [TEST_STEP][PASSED] - m = m.substring(0, m.indexOf("2024")): null

02-12-2024T07:04:30 - [TEST_STEP][PASSED] - m = m.trim(): null

02-12-2024T07:04:30 - [TEST_STEP][PASSED] - dashboardName = "Выполнение бизнес-плана": null

02-12-2024T07:04:30 - [TEST_STEP][PASSED] - workbook01 = getWorkbook(excelFilePath): null

02-12-2024T07:04:30 - [TEST_STEP][PASSED] - sheet01 = getExcelSheet(workbook01, sheetName): null

02-12-2024T07:04:30 - [TEST_STEP][PASSED] - setValueToCellByIndex(sheet01, n, 0, dashboardName): null

02-12-2024T07:04:30 - [TEST_STEP][PASSED] - setValueToCellByIndex(sheet01, n, 1, dZO): null

02-12-2024T07:04:30 - [TEST_STEP][PASSED] - setValueToCellByIndex(sheet01, n, 2, typeOfData): null

02-12-2024T07:04:30 - [TEST_STEP][PASSED] - setValueToCellByIndex(sheet01, n, 3, typeOfData): null

02-12-2024T07:04:30 - [TEST_STEP][PASSED] - if (typeOfData == "План"): null

02-12-2024T07:04:30 - [TEST_STEP][PASSED] - else if (typeOfData == "Факт"): null

02-12-2024T07:04:30 - [TEST_STEP][PASSED] - else if (vidget.contains("электроэнергии") == true): null

02-12-2024T07:04:30 - [TEST_STEP][PASSED] - if (tabR == null): null

02-12-2024T07:04:30 - [TEST_STEP][PASSED] - else: null

02-12-2024T07:04:30 - [TEST_STEP][PASSED] - if (tabR == "нет данных"): null

02-12-2024T07:04:30 - [TEST_STEP][PASSED] - setValueToCellByIndex(sheet01, n, 4, "нет данных"): null

02-12-2024T07:04:30 - [TEST_STEP][PASSED] - if (tabB == null): null

02-12-2024T07:04:30 - [TEST_STEP][PASSED] - else: null

02-12-2024T07:04:30 - [TEST_STEP][PASSED] - if (tabB == "нет данных"): null

02-12-2024T07:04:30 - [TEST_STEP][PASSED] - else: null

02-12-2024T07:04:30 - [TEST_STEP][PASSED] - TB = tabB.toInteger(): null

02-12-2024T07:04:30 - [TEST_STEP][PASSED] - setValueToCellByIndex(sheet01, n, 5, TB): null

02-12-2024T07:04:30 - [TEST_STEP][PASSED] - setValueToCellByIndex(sheet01, n, 6, m): null

02-12-2024T07:04:30 - [TEST_STEP][PASSED] - setValueToCellByIndex(sheet01, n, 7, y): null

02-12-2024T07:04:30 - [TEST_STEP][PASSED] - setValueToCellByIndex(sheet01, n, 8, todaysDate): null

02-12-2024T07:04:30 - [TEST_STEP][PASSED] - n = n + 1: null

02-12-2024T07:04:30 - [TEST_STEP][PASSED] - saveWorkbook(excelFilePath, workbook01): null

02-12-2024T07:04:30 - [TEST_STEP][PASSED] - ii2 = a.indexOf("ПАО"): null

02-12-2024T07:04:30 - [TEST_STEP][PASSED] - if (ii2 == -1): null

02-12-2024T07:04:30 - [TEST_STEP][PASSED] - vidget = "Отклонения фактического уровня потерь от бизнес-плана": null

02-12-2024T07:04:30 - [TEST_STEP][PASSED] - typeOfData = "Коэффициент": null

02-12-2024T07:04:30 - [TEST_STEP][PASSED] - o1R = Geto1R(x = a): null

02-12-2024T07:04:30 - [TEST_STEP][PASSED] - i1 = <not implemented yet for class: org.codehaus.groovy.ast.expr.EmptyExpression>: null

02-12-2024T07:04:30 - [TEST_STEP][PASSED] - ii = <not implemented yet for class: org.codehaus.groovy.ast.expr.EmptyExpression>: null

02-12-2024T07:04:30 - [TEST_STEP][PASSED] - for ([ii = 1, ii < 10, (ii++)]): null

02-12-2024T07:04:30 - [TEST_STEP][PASSED] - i1 = x.indexOf("/") + 1: null

02-12-2024T07:04:30 - [TEST_STEP][PASSED] - if (i1 > -1): null

02-12-2024T07:04:30 - [TEST_STEP][PASSED] - x = x.substring(i1, x.length()): null

02-12-2024T07:04:30 - [TEST_STEP][PASSED] - i1 = x.indexOf("/") + 1: null

02-12-2024T07:04:30 - [TEST_STEP][PASSED] - if (i1 > -1): null

02-12-2024T07:04:30 - [TEST_STEP][PASSED] - x = x.substring(i1, x.length()): null

02-12-2024T07:04:30 - [TEST_STEP][PASSED] - i1 = x.indexOf("/") + 1: null

02-12-2024T07:04:30 - [TEST_STEP][PASSED] - if (i1 > -1): null

02-12-2024T07:04:30 - [TEST_STEP][PASSED] - x = x.substring(i1, x.length()): null

02-12-2024T07:04:30 - [TEST_STEP][PASSED] - i1 = x.indexOf("/") + 1: null

02-12-2024T07:04:30 - [TEST_STEP][PASSED] - if (i1 > -1): null

02-12-2024T07:04:30 - [TEST_STEP][PASSED] - x = x.substring(i1, x.length()): null

02-12-2024T07:04:30 - [TEST_STEP][PASSED] - i1 = x.indexOf("/") + 1: null

02-12-2024T07:05:11 - [TEST_STEP][PASSED] - if (i1 > -1): null

02-12-2024T07:05:11 - [TEST_STEP][PASSED] - x = x.substring(i1, x.length()): null

02-12-2024T07:05:11 - [TEST_STEP][PASSED] - i1 = x.indexOf("/") + 1: null

02-12-2024T07:05:11 - [TEST_STEP][PASSED] - if (i1 > -1): null

02-12-2024T07:05:11 - [TEST_STEP][PASSED] - x = x.substring(i1, x.length()): null

02-12-2024T07:05:11 - [TEST_STEP][PASSED] - i1 = x.indexOf("/") + 1: null

02-12-2024T07:05:11 - [TEST_STEP][PASSED] - if (i1 > -1): null

02-12-2024T07:05:11 - [TEST_STEP][PASSED] - x = x.substring(i1, x.length()): null

02-12-2024T07:05:11 - [TEST_STEP][PASSED] - i1 = x.indexOf("/") + 1: null

02-12-2024T07:05:11 - [TEST_STEP][PASSED] - if (i1 > -1): null

02-12-2024T07:05:11 - [TEST_STEP][PASSED] - x = x.substring(i1, x.length()): null

02-12-2024T07:05:11 - [TEST_STEP][PASSED] - i1 = x.indexOf("/") + 1: null

02-12-2024T07:05:11 - [TEST_STEP][PASSED] - if (i1 > -1): null

02-12-2024T07:05:11 - [TEST_STEP][PASSED] - x = x.substring(i1, x.length()): null

02-12-2024T07:05:11 - [TEST_STEP][PASSED] - i1 = x.indexOf("/"): null

02-12-2024T07:05:11 - [TEST_STEP][PASSED] - if (i1 > -1): null

02-12-2024T07:05:11 - [TEST_STEP][PASSED] - println(x): null

02-12-2024T07:05:11 - [TEST_STEP][PASSED] - return x: null

02-12-2024T07:05:11 - [TEST_STEP][PASSED] - o1B = Geto1B(x = b): null

02-12-2024T07:05:11 - [TEST_STEP][PASSED] - i1 = <not implemented yet for class: org.codehaus.groovy.ast.expr.EmptyExpression>: null

02-12-2024T07:05:11 - [TEST_STEP][PASSED] - ii = <not implemented yet for class: org.codehaus.groovy.ast.expr.EmptyExpression>: null

02-12-2024T07:05:11 - [TEST_STEP][PASSED] - for ([ii = 1, ii < 10, (ii++)]): null

02-12-2024T07:05:11 - [TEST_STEP][PASSED] - i1 = x.indexOf("/") + 1: null

02-12-2024T07:05:11 - [TEST_STEP][PASSED] - if (i1 > -1): null

02-12-2024T07:05:11 - [TEST_STEP][PASSED] - x = x.substring(i1, x.length()): null

02-12-2024T07:05:11 - [TEST_STEP][PASSED] - i1 = x.indexOf("/") + 1: null

02-12-2024T07:05:11 - [TEST_STEP][PASSED] - if (i1 > -1): null

02-12-2024T07:05:11 - [TEST_STEP][PASSED] - x = x.substring(i1, x.length()): null

02-12-2024T07:05:11 - [TEST_STEP][PASSED] - i1 = x.indexOf("/") + 1: null

02-12-2024T07:05:11 - [TEST_STEP][PASSED] - if (i1 > -1): null

02-12-2024T07:05:11 - [TEST_STEP][PASSED] - x = x.substring(i1, x.length()): null

02-12-2024T07:05:11 - [TEST_STEP][PASSED] - i1 = x.indexOf("/") + 1: null

02-12-2024T07:05:11 - [TEST_STEP][PASSED] - if (i1 > -1): null

02-12-2024T07:05:11 - [TEST_STEP][PASSED] - x = x.substring(i1, x.length()): null

02-12-2024T07:05:11 - [TEST_STEP][PASSED] - i1 = x.indexOf("/") + 1: null

02-12-2024T07:05:11 - [TEST_STEP][PASSED] - if (i1 > -1): null

02-12-2024T07:05:11 - [TEST_STEP][PASSED] - x = x.substring(i1, x.length()): null

02-12-2024T07:05:11 - [TEST_STEP][PASSED] - i1 = x.indexOf("/") + 1: null

02-12-2024T07:05:11 - [TEST_STEP][PASSED] - if (i1 > -1): null

02-12-2024T07:05:11 - [TEST_STEP][PASSED] - x = x.substring(i1, x.length()): null

02-12-2024T07:05:11 - [TEST_STEP][PASSED] - i1 = x.indexOf("/") + 1: null

02-12-2024T07:05:11 - [TEST_STEP][PASSED] - if (i1 > -1): null

02-12-2024T07:05:11 - [TEST_STEP][PASSED] - x = x.substring(i1, x.length()): null

02-12-2024T07:05:11 - [TEST_STEP][PASSED] - i1 = x.indexOf("/") + 1: null

02-12-2024T07:05:11 - [TEST_STEP][PASSED] - if (i1 > -1): null

02-12-2024T07:05:11 - [TEST_STEP][PASSED] - x = x.substring(i1, x.length()): null

02-12-2024T07:05:11 - [TEST_STEP][PASSED] - i1 = x.indexOf("/") + 1: null

02-12-2024T07:05:11 - [TEST_STEP][PASSED] - if (i1 > -1): null

02-12-2024T07:05:11 - [TEST_STEP][PASSED] - x = x.substring(i1, x.length()): null

02-12-2024T07:05:11 - [TEST_STEP][PASSED] - i1 = x.indexOf("/"): null

02-12-2024T07:05:11 - [TEST_STEP][PASSED] - if (i1 > -1): null

02-12-2024T07:05:11 - [TEST_STEP][PASSED] - println(x): null

02-12-2024T07:05:11 - [TEST_STEP][FAILED] - return x: null

02-12-2024T07:05:11 - [TEST_STEP][PASSED] - println(o1R + "/" + o1B): null

02-12-2024T07:05:11 - [TEST_STEP][FAILED] - if (verifyEqual(PercFactR, PercFactB) == false): null

02-12-2024T07:05:11 - [MESSAGE][FAILED] - Unable to verify equal between actual object 'нет данных' and expected object '5.26' (Root cause: com.kms.katalon.core.exception.StepFailedException: Actual object 'нет данных' and expected object '5.26' are not equal
	at com.kms.katalon.core.keyword.builtin.VerifyEqualKeyword$_verifyEqual_closure1.doCall(VerifyEqualKeyword.groovy:58)
	at com.kms.katalon.core.keyword.builtin.VerifyEqualKeyword$_verifyEqual_closure1.call(VerifyEqualKeyword.groovy)
	at com.kms.katalon.core.keyword.internal.KeywordMain.runKeyword(KeywordMain.groovy:75)
	at com.kms.katalon.core.keyword.builtin.VerifyEqualKeyword.verifyEqual(VerifyEqualKeyword.groovy:63)
	at com.kms.katalon.core.keyword.builtin.VerifyEqualKeyword.execute(VerifyEqualKeyword.groovy:44)
	at com.kms.katalon.core.keyword.internal.KeywordExecutor.executeKeywordForPlatform(KeywordExecutor.groovy:74)
	at com.kms.katalon.core.keyword.BuiltinKeywords.verifyEqual(BuiltinKeywords.groovy:146)
	at jdk.internal.reflect.GeneratedMethodAccessor25.invoke(Unknown Source)
	at java.base/jdk.internal.reflect.DelegatingMethodAccessorImpl.invoke(DelegatingMethodAccessorImpl.java:43)
	at Выполнение бизнес-плана сверка дашбордов.CompareDZOData(Выполнение бизнес-плана сверка дашбордов:789)
	at Выполнение бизнес-плана сверка дашбордов.run(Выполнение бизнес-плана сверка дашбордов:623)
	at com.kms.katalon.core.main.ScriptEngine.run(ScriptEngine.java:194)
	at com.kms.katalon.core.main.ScriptEngine.runScriptAsRawText(ScriptEngine.java:119)
	at com.kms.katalon.core.main.TestCaseExecutor.runScript(TestCaseExecutor.java:448)
	at com.kms.katalon.core.main.TestCaseExecutor.doExecute(TestCaseExecutor.java:439)
	at com.kms.katalon.core.main.TestCaseExecutor.processExecutionPhase(TestCaseExecutor.java:418)
	at com.kms.katalon.core.main.TestCaseExecutor.accessMainPhase(TestCaseExecutor.java:410)
	at com.kms.katalon.core.main.TestCaseExecutor.execute(TestCaseExecutor.java:285)
	at com.kms.katalon.core.common.CommonExecutor.accessTestCaseMainPhase(CommonExecutor.java:65)
	at com.kms.katalon.core.main.TestSuiteExecutor.accessTestSuiteMainPhase(TestSuiteExecutor.java:150)
	at com.kms.katalon.core.main.TestSuiteExecutor.execute(TestSuiteExecutor.java:106)
	at com.kms.katalon.core.main.TestCaseMain.startTestSuite(TestCaseMain.java:180)
	at TempTestSuite1733111659562.run(TempTestSuite1733111659562.groovy:35)
	at java.base/jdk.internal.reflect.NativeMethodAccessorImpl.invoke0(Native Method)
	at java.base/jdk.internal.reflect.NativeMethodAccessorImpl.invoke(NativeMethodAccessorImpl.java:77)
	at java.base/jdk.internal.reflect.DelegatingMethodAccessorImpl.invoke(DelegatingMethodAccessorImpl.java:43)
)

02-12-2024T07:05:11 - [TEST_STEP][PASSED] - result = WriteToExcel(typeOfData, todaysDate, PercPlanR, PercPlanB, PercFactR, PercFactB, x, tabR, tabB, o1R, o1B, vidget): null

02-12-2024T07:05:11 - [TEST_STEP][PASSED] - iii = dZO.indexOf("/"): null

02-12-2024T07:05:11 - [TEST_STEP][PASSED] - println(iii): null

02-12-2024T07:05:11 - [TEST_STEP][PASSED] - dZO = dZO.substring(0, iii): null

02-12-2024T07:05:11 - [TEST_STEP][PASSED] - println(dZO): null

02-12-2024T07:05:11 - [TEST_STEP][PASSED] - println(PercPlanR): null

02-12-2024T07:05:11 - [TEST_STEP][PASSED] - println(PercPlanB): null

02-12-2024T07:05:11 - [TEST_STEP][PASSED] - println(PercFactR): null

02-12-2024T07:05:11 - [TEST_STEP][PASSED] - println(PercFactB): null

02-12-2024T07:05:11 - [TEST_STEP][PASSED] - println(tabR): null

02-12-2024T07:05:11 - [TEST_STEP][PASSED] - println(tabB): null

02-12-2024T07:05:11 - [TEST_STEP][PASSED] - println(o1R): null

02-12-2024T07:05:11 - [TEST_STEP][PASSED] - println(o1B): null

02-12-2024T07:05:11 - [TEST_STEP][PASSED] - PR = <not implemented yet for class: org.codehaus.groovy.ast.expr.EmptyExpression>: null

02-12-2024T07:05:11 - [TEST_STEP][PASSED] - FR = <not implemented yet for class: org.codehaus.groovy.ast.expr.EmptyExpression>: null

02-12-2024T07:05:11 - [TEST_STEP][PASSED] - PB = <not implemented yet for class: org.codehaus.groovy.ast.expr.EmptyExpression>: null

02-12-2024T07:05:11 - [TEST_STEP][PASSED] - FB = <not implemented yet for class: org.codehaus.groovy.ast.expr.EmptyExpression>: null

02-12-2024T07:05:11 - [TEST_STEP][PASSED] - TR = <not implemented yet for class: org.codehaus.groovy.ast.expr.EmptyExpression>: null

02-12-2024T07:05:11 - [TEST_STEP][PASSED] - TB = <not implemented yet for class: org.codehaus.groovy.ast.expr.EmptyExpression>: null

02-12-2024T07:05:11 - [TEST_STEP][PASSED] - sheetName = "Sheet1": null

02-12-2024T07:05:11 - [TEST_STEP][PASSED] - data = findTestData("PlanFact"): null

02-12-2024T07:05:11 - [TEST_STEP][PASSED] - n = data.getRowNumbers() + 1: null

02-12-2024T07:05:11 - [TEST_STEP][PASSED] - year = todaysDate.substring(todaysDate.length() - 4, todaysDate.length()): null

02-12-2024T07:05:11 - [TEST_STEP][PASSED] - y = year.toInteger(): null

02-12-2024T07:05:11 - [TEST_STEP][PASSED] - m = getText(findTestObject("Выполнение бизнес-плана/Выполнение бизнес-плана Балансы/Фильтр Дата")): Text of object 'Object Repository/Выполнение бизнес-плана/Выполнение бизнес-плана Балансы/Фильтр Дата' is: '1, 2, 3 кв., Октябрь 2024 года'

02-12-2024T07:05:11 - [MESSAGE][PASSED] - Text of object 'Object Repository/Выполнение бизнес-плана/Выполнение бизнес-плана Балансы/Фильтр Дата' is: '1, 2, 3 кв., Октябрь 2024 года'

02-12-2024T07:05:11 - [TEST_STEP][PASSED] - m = m.substring(0, m.indexOf("2024")): null

02-12-2024T07:05:11 - [TEST_STEP][PASSED] - m = m.trim(): null

02-12-2024T07:05:11 - [TEST_STEP][PASSED] - dashboardName = "Выполнение бизнес-плана": null

02-12-2024T07:05:11 - [TEST_STEP][PASSED] - workbook01 = getWorkbook(excelFilePath): null

02-12-2024T07:05:11 - [TEST_STEP][PASSED] - sheet01 = getExcelSheet(workbook01, sheetName): null

02-12-2024T07:05:11 - [TEST_STEP][PASSED] - setValueToCellByIndex(sheet01, n, 0, dashboardName): null

02-12-2024T07:05:11 - [TEST_STEP][PASSED] - setValueToCellByIndex(sheet01, n, 1, dZO): null

02-12-2024T07:05:11 - [TEST_STEP][PASSED] - setValueToCellByIndex(sheet01, n, 2, typeOfData): null

02-12-2024T07:05:11 - [TEST_STEP][PASSED] - setValueToCellByIndex(sheet01, n, 3, typeOfData): null

02-12-2024T07:05:11 - [TEST_STEP][PASSED] - if (typeOfData == "План"): null

02-12-2024T07:05:11 - [TEST_STEP][PASSED] - else if (typeOfData == "Факт"): null

02-12-2024T07:05:11 - [TEST_STEP][PASSED] - else if (vidget.contains("электроэнергии") == true): null

02-12-2024T07:05:11 - [TEST_STEP][PASSED] - else: null

02-12-2024T07:05:11 - [TEST_STEP][PASSED] - if (o1R == null): null

02-12-2024T07:05:11 - [TEST_STEP][PASSED] - else: null

02-12-2024T07:05:11 - [TEST_STEP][PASSED] - if (o1R == "нет данных"): null

02-12-2024T07:05:11 - [TEST_STEP][PASSED] - setValueToCellByIndex(sheet01, n, 4, "нет данных"): null

02-12-2024T07:05:11 - [TEST_STEP][PASSED] - if (o1B == null): null

02-12-2024T07:05:11 - [TEST_STEP][PASSED] - else: null

02-12-2024T07:05:11 - [TEST_STEP][PASSED] - if (o1B == "нет данных"): null

02-12-2024T07:05:11 - [TEST_STEP][PASSED] - else: null

02-12-2024T07:05:11 - [TEST_STEP][PASSED] - FB = o1B.toDouble(): null

02-12-2024T07:05:11 - [TEST_STEP][PASSED] - setValueToCellByIndex(sheet01, n, 5, FB): null

02-12-2024T07:05:11 - [TEST_STEP][PASSED] - setValueToCellByIndex(sheet01, n, 6, m): null

02-12-2024T07:05:11 - [TEST_STEP][PASSED] - setValueToCellByIndex(sheet01, n, 7, y): null

02-12-2024T07:05:11 - [TEST_STEP][PASSED] - setValueToCellByIndex(sheet01, n, 8, todaysDate): null

02-12-2024T07:05:11 - [TEST_STEP][PASSED] - n = n + 1: null

02-12-2024T07:05:11 - [TEST_STEP][FAILED] - saveWorkbook(excelFilePath, workbook01): null

02-12-2024T07:05:11 - [TEST_STEP][PASSED] - if (verifyEqual(siR, siB) == false): Actual object 'Россети Сибирь (ГК)/6.97/6.92/46928172/43678766/3249406/44875501/41746891/3128610/-0.05' and expected object 'Россети Сибирь (ГК)/6.97/6.92/46928172/43678766/3249406/44875501/41746891/3128610/-0.05' are equal

02-12-2024T07:05:11 - [MESSAGE][PASSED] - Actual object 'Россети Сибирь (ГК)/6.97/6.92/46928172/43678766/3249406/44875501/41746891/3128610/-0.05' and expected object 'Россети Сибирь (ГК)/6.97/6.92/46928172/43678766/3249406/44875501/41746891/3128610/-0.05' are equal

02-12-2024T07:05:11 - [TEST_STEP][FAILED] - if (verifyEqual(tomR, tomB) == false): null

02-12-2024T07:05:11 - [MESSAGE][FAILED] - Unable to verify equal between actual object 'Россети Томск/нет данных/нет данных/нет данных/нет данных/нет данных/нет данных/нет данных/нет данных/нет данных' and expected object 'Россети Томск/8.29/8.28/4235220/3884378/350842/4062314/3725557/336757/-0.01' (Root cause: com.kms.katalon.core.exception.StepFailedException: Actual object 'Россети Томск/нет данных/нет данных/нет данных/нет данных/нет данных/нет данных/нет данных/нет данных/нет данных' and expected object 'Россети Томск/8.29/8.28/4235220/3884378/350842/4062314/3725557/336757/-0.01' are not equal
	at com.kms.katalon.core.keyword.builtin.VerifyEqualKeyword$_verifyEqual_closure1.doCall(VerifyEqualKeyword.groovy:58)
	at com.kms.katalon.core.keyword.builtin.VerifyEqualKeyword$_verifyEqual_closure1.call(VerifyEqualKeyword.groovy)
	at com.kms.katalon.core.keyword.internal.KeywordMain.runKeyword(KeywordMain.groovy:75)
	at com.kms.katalon.core.keyword.builtin.VerifyEqualKeyword.verifyEqual(VerifyEqualKeyword.groovy:63)
	at com.kms.katalon.core.keyword.builtin.VerifyEqualKeyword.execute(VerifyEqualKeyword.groovy:44)
	at com.kms.katalon.core.keyword.internal.KeywordExecutor.executeKeywordForPlatform(KeywordExecutor.groovy:74)
	at com.kms.katalon.core.keyword.BuiltinKeywords.verifyEqual(BuiltinKeywords.groovy:146)
	at jdk.internal.reflect.GeneratedMethodAccessor25.invoke(Unknown Source)
	at java.base/jdk.internal.reflect.DelegatingMethodAccessorImpl.invoke(DelegatingMethodAccessorImpl.java:43)
	at Выполнение бизнес-плана сверка дашбордов.run(Выполнение бизнес-плана сверка дашбордов:632)
	at com.kms.katalon.core.main.ScriptEngine.run(ScriptEngine.java:194)
	at com.kms.katalon.core.main.ScriptEngine.runScriptAsRawText(ScriptEngine.java:119)
	at com.kms.katalon.core.main.TestCaseExecutor.runScript(TestCaseExecutor.java:448)
	at com.kms.katalon.core.main.TestCaseExecutor.doExecute(TestCaseExecutor.java:439)
	at com.kms.katalon.core.main.TestCaseExecutor.processExecutionPhase(TestCaseExecutor.java:418)
	at com.kms.katalon.core.main.TestCaseExecutor.accessMainPhase(TestCaseExecutor.java:410)
	at com.kms.katalon.core.main.TestCaseExecutor.execute(TestCaseExecutor.java:285)
	at com.kms.katalon.core.common.CommonExecutor.accessTestCaseMainPhase(CommonExecutor.java:65)
	at com.kms.katalon.core.main.TestSuiteExecutor.accessTestSuiteMainPhase(TestSuiteExecutor.java:150)
	at com.kms.katalon.core.main.TestSuiteExecutor.execute(TestSuiteExecutor.java:106)
	at com.kms.katalon.core.main.TestCaseMain.startTestSuite(TestCaseMain.java:180)
	at TempTestSuite1733111659562.run(TempTestSuite1733111659562.groovy:35)
	at java.base/jdk.internal.reflect.NativeMethodAccessorImpl.invoke0(Native Method)
	at java.base/jdk.internal.reflect.NativeMethodAccessorImpl.invoke(NativeMethodAccessorImpl.java:77)
	at java.base/jdk.internal.reflect.DelegatingMethodAccessorImpl.invoke(DelegatingMethodAccessorImpl.java:43)
)

02-12-2024T07:05:11 - [TEST_STEP][PASSED] - result = CompareDZOData(a = tomR, b = tomB, dZO, typeOfData, PercPlanR, PercPlanB, PercFactR, PercFactB, todaysDate, x, vidget, tabR, tabB, o1R, o1B): null

02-12-2024T07:05:11 - [TEST_STEP][PASSED] - ii2 = <not implemented yet for class: org.codehaus.groovy.ast.expr.EmptyExpression>: null

02-12-2024T07:05:11 - [TEST_STEP][FAILED] - if (verifyEqual(a, b) == false): null

02-12-2024T07:05:11 - [MESSAGE][FAILED] - Unable to verify equal between actual object 'Россети Томск/нет данных/нет данных/нет данных/нет данных/нет данных/нет данных/нет данных/нет данных/нет данных' and expected object 'Россети Томск/8.29/8.28/4235220/3884378/350842/4062314/3725557/336757/-0.01' (Root cause: com.kms.katalon.core.exception.StepFailedException: Actual object 'Россети Томск/нет данных/нет данных/нет данных/нет данных/нет данных/нет данных/нет данных/нет данных/нет данных' and expected object 'Россети Томск/8.29/8.28/4235220/3884378/350842/4062314/3725557/336757/-0.01' are not equal
	at com.kms.katalon.core.keyword.builtin.VerifyEqualKeyword$_verifyEqual_closure1.doCall(VerifyEqualKeyword.groovy:58)
	at com.kms.katalon.core.keyword.builtin.VerifyEqualKeyword$_verifyEqual_closure1.call(VerifyEqualKeyword.groovy)
	at com.kms.katalon.core.keyword.internal.KeywordMain.runKeyword(KeywordMain.groovy:75)
	at com.kms.katalon.core.keyword.builtin.VerifyEqualKeyword.verifyEqual(VerifyEqualKeyword.groovy:63)
	at com.kms.katalon.core.keyword.builtin.VerifyEqualKeyword.execute(VerifyEqualKeyword.groovy:44)
	at com.kms.katalon.core.keyword.internal.KeywordExecutor.executeKeywordForPlatform(KeywordExecutor.groovy:74)
	at com.kms.katalon.core.keyword.BuiltinKeywords.verifyEqual(BuiltinKeywords.groovy:146)
	at jdk.internal.reflect.GeneratedMethodAccessor25.invoke(Unknown Source)
	at java.base/jdk.internal.reflect.DelegatingMethodAccessorImpl.invoke(DelegatingMethodAccessorImpl.java:43)
	at Выполнение бизнес-плана сверка дашбордов.CompareDZOData(Выполнение бизнес-плана сверка дашбордов:673)
	at Выполнение бизнес-плана сверка дашбордов.run(Выполнение бизнес-плана сверка дашбордов:633)
	at com.kms.katalon.core.main.ScriptEngine.run(ScriptEngine.java:194)
	at com.kms.katalon.core.main.ScriptEngine.runScriptAsRawText(ScriptEngine.java:119)
	at com.kms.katalon.core.main.TestCaseExecutor.runScript(TestCaseExecutor.java:448)
	at com.kms.katalon.core.main.TestCaseExecutor.doExecute(TestCaseExecutor.java:439)
	at com.kms.katalon.core.main.TestCaseExecutor.processExecutionPhase(TestCaseExecutor.java:418)
	at com.kms.katalon.core.main.TestCaseExecutor.accessMainPhase(TestCaseExecutor.java:410)
	at com.kms.katalon.core.main.TestCaseExecutor.execute(TestCaseExecutor.java:285)
	at com.kms.katalon.core.common.CommonExecutor.accessTestCaseMainPhase(CommonExecutor.java:65)
	at com.kms.katalon.core.main.TestSuiteExecutor.accessTestSuiteMainPhase(TestSuiteExecutor.java:150)
	at com.kms.katalon.core.main.TestSuiteExecutor.execute(TestSuiteExecutor.java:106)
	at com.kms.katalon.core.main.TestCaseMain.startTestSuite(TestCaseMain.java:180)
	at TempTestSuite1733111659562.run(TempTestSuite1733111659562.groovy:35)
	at java.base/jdk.internal.reflect.NativeMethodAccessorImpl.invoke0(Native Method)
	at java.base/jdk.internal.reflect.NativeMethodAccessorImpl.invoke(NativeMethodAccessorImpl.java:77)
	at java.base/jdk.internal.reflect.DelegatingMethodAccessorImpl.invoke(DelegatingMethodAccessorImpl.java:43)
)

02-12-2024T07:05:11 - [TEST_STEP][PASSED] - vidget = "Уровень потерь электроэнергии": null

02-12-2024T07:05:11 - [TEST_STEP][PASSED] - typeOfData = "План": null

02-12-2024T07:05:11 - [TEST_STEP][PASSED] - PercPlanR = GetPercPlanR(x = a): null

02-12-2024T07:05:11 - [TEST_STEP][PASSED] - i1 = <not implemented yet for class: org.codehaus.groovy.ast.expr.EmptyExpression>: null

02-12-2024T07:05:11 - [TEST_STEP][PASSED] - i1 = x.indexOf("/") + 1: null

02-12-2024T07:05:11 - [TEST_STEP][PASSED] - if (i1 > -1): null

02-12-2024T07:05:11 - [TEST_STEP][PASSED] - x = x.substring(i1, x.length()): null

02-12-2024T07:05:11 - [TEST_STEP][PASSED] - i1 = x.indexOf("/"): null

02-12-2024T07:05:11 - [TEST_STEP][PASSED] - if (i1 > -1): null

02-12-2024T07:05:11 - [TEST_STEP][PASSED] - x = x.substring(0, i1): null

02-12-2024T07:05:11 - [TEST_STEP][PASSED] - return x: null

02-12-2024T07:05:11 - [TEST_STEP][PASSED] - PercPlanB = GetPercPlanB(x = b): null

02-12-2024T07:05:11 - [TEST_STEP][PASSED] - i1 = <not implemented yet for class: org.codehaus.groovy.ast.expr.EmptyExpression>: null

02-12-2024T07:05:11 - [TEST_STEP][PASSED] - i1 = x.indexOf("/") + 1: null

02-12-2024T07:05:11 - [TEST_STEP][PASSED] - if (i1 > -1): null

02-12-2024T07:05:11 - [TEST_STEP][PASSED] - x = x.substring(i1, x.length()): null

02-12-2024T07:05:11 - [TEST_STEP][PASSED] - i1 = x.indexOf("/"): null

02-12-2024T07:05:11 - [TEST_STEP][PASSED] - if (i1 > -1): null

02-12-2024T07:05:11 - [TEST_STEP][PASSED] - x = x.substring(0, i1): null

02-12-2024T07:05:11 - [TEST_STEP][FAILED] - return x: null

02-12-2024T07:05:11 - [TEST_STEP][FAILED] - if (verifyEqual(PercPlanR, PercPlanB) == false): null

02-12-2024T07:05:11 - [MESSAGE][FAILED] - Unable to verify equal between actual object 'нет данных' and expected object '8.29' (Root cause: com.kms.katalon.core.exception.StepFailedException: Actual object 'нет данных' and expected object '8.29' are not equal
	at com.kms.katalon.core.keyword.builtin.VerifyEqualKeyword$_verifyEqual_closure1.doCall(VerifyEqualKeyword.groovy:58)
	at com.kms.katalon.core.keyword.builtin.VerifyEqualKeyword$_verifyEqual_closure1.call(VerifyEqualKeyword.groovy)
	at com.kms.katalon.core.keyword.internal.KeywordMain.runKeyword(KeywordMain.groovy:75)
	at com.kms.katalon.core.keyword.builtin.VerifyEqualKeyword.verifyEqual(VerifyEqualKeyword.groovy:63)
	at com.kms.katalon.core.keyword.builtin.VerifyEqualKeyword.execute(VerifyEqualKeyword.groovy:44)
	at com.kms.katalon.core.keyword.internal.KeywordExecutor.executeKeywordForPlatform(KeywordExecutor.groovy:74)
	at com.kms.katalon.core.keyword.BuiltinKeywords.verifyEqual(BuiltinKeywords.groovy:146)
	at jdk.internal.reflect.GeneratedMethodAccessor25.invoke(Unknown Source)
	at java.base/jdk.internal.reflect.DelegatingMethodAccessorImpl.invoke(DelegatingMethodAccessorImpl.java:43)
	at Выполнение бизнес-плана сверка дашбордов.CompareDZOData(Выполнение бизнес-плана сверка дашбордов:682)
	at Выполнение бизнес-плана сверка дашбордов.run(Выполнение бизнес-плана сверка дашбордов:633)
	at com.kms.katalon.core.main.ScriptEngine.run(ScriptEngine.java:194)
	at com.kms.katalon.core.main.ScriptEngine.runScriptAsRawText(ScriptEngine.java:119)
	at com.kms.katalon.core.main.TestCaseExecutor.runScript(TestCaseExecutor.java:448)
	at com.kms.katalon.core.main.TestCaseExecutor.doExecute(TestCaseExecutor.java:439)
	at com.kms.katalon.core.main.TestCaseExecutor.processExecutionPhase(TestCaseExecutor.java:418)
	at com.kms.katalon.core.main.TestCaseExecutor.accessMainPhase(TestCaseExecutor.java:410)
	at com.kms.katalon.core.main.TestCaseExecutor.execute(TestCaseExecutor.java:285)
	at com.kms.katalon.core.common.CommonExecutor.accessTestCaseMainPhase(CommonExecutor.java:65)
	at com.kms.katalon.core.main.TestSuiteExecutor.accessTestSuiteMainPhase(TestSuiteExecutor.java:150)
	at com.kms.katalon.core.main.TestSuiteExecutor.execute(TestSuiteExecutor.java:106)
	at com.kms.katalon.core.main.TestCaseMain.startTestSuite(TestCaseMain.java:180)
	at TempTestSuite1733111659562.run(TempTestSuite1733111659562.groovy:35)
	at java.base/jdk.internal.reflect.NativeMethodAccessorImpl.invoke0(Native Method)
	at java.base/jdk.internal.reflect.NativeMethodAccessorImpl.invoke(NativeMethodAccessorImpl.java:77)
	at java.base/jdk.internal.reflect.DelegatingMethodAccessorImpl.invoke(DelegatingMethodAccessorImpl.java:43)
)

02-12-2024T07:05:11 - [TEST_STEP][PASSED] - result = WriteToExcel(typeOfData, todaysDate, PercPlanR, PercPlanB, PercFactR, PercFactB, x, tabR, tabB, o1R, o1B, vidget): null

02-12-2024T07:05:11 - [TEST_STEP][PASSED] - iii = dZO.indexOf("/"): null

02-12-2024T07:05:11 - [TEST_STEP][PASSED] - println(iii): null

02-12-2024T07:05:11 - [TEST_STEP][PASSED] - dZO = dZO.substring(0, iii): null

02-12-2024T07:05:11 - [TEST_STEP][PASSED] - println(dZO): null

02-12-2024T07:05:11 - [TEST_STEP][PASSED] - println(PercPlanR): null

02-12-2024T07:05:11 - [TEST_STEP][PASSED] - println(PercPlanB): null

02-12-2024T07:05:11 - [TEST_STEP][PASSED] - println(PercFactR): null

02-12-2024T07:05:11 - [TEST_STEP][PASSED] - println(PercFactB): null

02-12-2024T07:05:11 - [TEST_STEP][PASSED] - println(tabR): null

02-12-2024T07:05:11 - [TEST_STEP][PASSED] - println(tabB): null

02-12-2024T07:05:11 - [TEST_STEP][PASSED] - println(o1R): null

02-12-2024T07:05:11 - [TEST_STEP][PASSED] - println(o1B): null

02-12-2024T07:05:11 - [TEST_STEP][PASSED] - PR = <not implemented yet for class: org.codehaus.groovy.ast.expr.EmptyExpression>: null

02-12-2024T07:05:11 - [TEST_STEP][PASSED] - FR = <not implemented yet for class: org.codehaus.groovy.ast.expr.EmptyExpression>: null

02-12-2024T07:05:11 - [TEST_STEP][PASSED] - PB = <not implemented yet for class: org.codehaus.groovy.ast.expr.EmptyExpression>: null

02-12-2024T07:05:11 - [TEST_STEP][PASSED] - FB = <not implemented yet for class: org.codehaus.groovy.ast.expr.EmptyExpression>: null

02-12-2024T07:05:11 - [TEST_STEP][PASSED] - TR = <not implemented yet for class: org.codehaus.groovy.ast.expr.EmptyExpression>: null

02-12-2024T07:05:11 - [TEST_STEP][PASSED] - TB = <not implemented yet for class: org.codehaus.groovy.ast.expr.EmptyExpression>: null

02-12-2024T07:05:11 - [TEST_STEP][PASSED] - sheetName = "Sheet1": null

02-12-2024T07:05:11 - [TEST_STEP][PASSED] - data = findTestData("PlanFact"): null

02-12-2024T07:05:11 - [TEST_STEP][PASSED] - n = data.getRowNumbers() + 1: null

02-12-2024T07:05:11 - [TEST_STEP][PASSED] - year = todaysDate.substring(todaysDate.length() - 4, todaysDate.length()): null

02-12-2024T07:05:11 - [TEST_STEP][PASSED] - y = year.toInteger(): null

02-12-2024T07:05:11 - [TEST_STEP][PASSED] - m = getText(findTestObject("Выполнение бизнес-плана/Выполнение бизнес-плана Балансы/Фильтр Дата")): Text of object 'Object Repository/Выполнение бизнес-плана/Выполнение бизнес-плана Балансы/Фильтр Дата' is: '1, 2, 3 кв., Октябрь 2024 года'

02-12-2024T07:05:12 - [MESSAGE][PASSED] - Text of object 'Object Repository/Выполнение бизнес-плана/Выполнение бизнес-плана Балансы/Фильтр Дата' is: '1, 2, 3 кв., Октябрь 2024 года'

02-12-2024T07:05:12 - [TEST_STEP][PASSED] - m = m.substring(0, m.indexOf("2024")): null

02-12-2024T07:05:12 - [TEST_STEP][PASSED] - m = m.trim(): null

02-12-2024T07:05:12 - [TEST_STEP][PASSED] - dashboardName = "Выполнение бизнес-плана": null

02-12-2024T07:05:12 - [TEST_STEP][PASSED] - workbook01 = getWorkbook(excelFilePath): null

02-12-2024T07:05:12 - [TEST_STEP][PASSED] - sheet01 = getExcelSheet(workbook01, sheetName): null

02-12-2024T07:05:12 - [TEST_STEP][PASSED] - setValueToCellByIndex(sheet01, n, 0, dashboardName): null

02-12-2024T07:05:12 - [TEST_STEP][PASSED] - setValueToCellByIndex(sheet01, n, 1, dZO): null

02-12-2024T07:05:12 - [TEST_STEP][PASSED] - setValueToCellByIndex(sheet01, n, 2, typeOfData): null

02-12-2024T07:05:12 - [TEST_STEP][PASSED] - setValueToCellByIndex(sheet01, n, 3, typeOfData): null

02-12-2024T07:05:12 - [TEST_STEP][PASSED] - if (typeOfData == "План"): null

02-12-2024T07:05:12 - [TEST_STEP][PASSED] - if (PercPlanR == null): null

02-12-2024T07:05:12 - [TEST_STEP][PASSED] - else: null

02-12-2024T07:05:12 - [TEST_STEP][PASSED] - if (PercPlanR == "нет данных"): null

02-12-2024T07:05:12 - [TEST_STEP][PASSED] - setValueToCellByIndex(sheet01, n, 4, "нет данных"): null

02-12-2024T07:05:12 - [TEST_STEP][PASSED] - if (PercPlanB == null): null

02-12-2024T07:05:12 - [TEST_STEP][PASSED] - else: null

02-12-2024T07:05:12 - [TEST_STEP][PASSED] - if (PercPlanB == "нет данных"): null

02-12-2024T07:05:12 - [TEST_STEP][PASSED] - else: null

02-12-2024T07:05:12 - [TEST_STEP][PASSED] - PB = PercPlanB.toDouble(): null

02-12-2024T07:05:12 - [TEST_STEP][PASSED] - setValueToCellByIndex(sheet01, n, 5, PB): null

02-12-2024T07:05:12 - [TEST_STEP][PASSED] - setValueToCellByIndex(sheet01, n, 6, m): null

02-12-2024T07:05:12 - [TEST_STEP][PASSED] - setValueToCellByIndex(sheet01, n, 7, y): null

02-12-2024T07:05:12 - [TEST_STEP][PASSED] - setValueToCellByIndex(sheet01, n, 8, todaysDate): null

02-12-2024T07:05:12 - [TEST_STEP][PASSED] - n = n + 1: null

02-12-2024T07:05:12 - [TEST_STEP][PASSED] - saveWorkbook(excelFilePath, workbook01): null

02-12-2024T07:05:12 - [TEST_STEP][PASSED] - typeOfData = "Факт": null

02-12-2024T07:05:12 - [TEST_STEP][PASSED] - PercFactR = GetPercFactR(x = a): null

02-12-2024T07:05:12 - [TEST_STEP][PASSED] - i1 = <not implemented yet for class: org.codehaus.groovy.ast.expr.EmptyExpression>: null

02-12-2024T07:05:12 - [TEST_STEP][PASSED] - ii = <not implemented yet for class: org.codehaus.groovy.ast.expr.EmptyExpression>: null

02-12-2024T07:05:12 - [TEST_STEP][PASSED] - for ([ii = 1, ii < 3, (ii++)]): null

02-12-2024T07:05:12 - [TEST_STEP][PASSED] - i1 = x.indexOf("/") + 1: null

02-12-2024T07:05:12 - [TEST_STEP][PASSED] - if (i1 > -1): null

02-12-2024T07:05:12 - [TEST_STEP][PASSED] - x = x.substring(i1, x.length()): null

02-12-2024T07:05:12 - [TEST_STEP][PASSED] - println(x): null

02-12-2024T07:05:12 - [TEST_STEP][PASSED] - i1 = x.indexOf("/") + 1: null

02-12-2024T07:05:12 - [TEST_STEP][PASSED] - if (i1 > -1): null

02-12-2024T07:05:12 - [TEST_STEP][PASSED] - x = x.substring(i1, x.length()): null

02-12-2024T07:05:12 - [TEST_STEP][PASSED] - println(x): null

02-12-2024T07:05:12 - [TEST_STEP][PASSED] - i1 = x.indexOf("/"): null

02-12-2024T07:05:12 - [TEST_STEP][PASSED] - if (i1 > -1): null

02-12-2024T07:05:12 - [TEST_STEP][PASSED] - x = x.substring(0, i1): null

02-12-2024T07:05:12 - [TEST_STEP][PASSED] - println(x): null

02-12-2024T07:05:12 - [TEST_STEP][PASSED] - return x: null

02-12-2024T07:05:12 - [TEST_STEP][PASSED] - PercFactB = GetPercFactB(x = b): null

02-12-2024T07:05:12 - [TEST_STEP][PASSED] - i1 = <not implemented yet for class: org.codehaus.groovy.ast.expr.EmptyExpression>: null

02-12-2024T07:05:12 - [TEST_STEP][PASSED] - ii = <not implemented yet for class: org.codehaus.groovy.ast.expr.EmptyExpression>: null

02-12-2024T07:05:12 - [TEST_STEP][PASSED] - for ([ii = 1, ii < 3, (ii++)]): null

02-12-2024T07:05:12 - [TEST_STEP][PASSED] - i1 = x.indexOf("/") + 1: null

02-12-2024T07:05:12 - [TEST_STEP][PASSED] - if (i1 > -1): null

02-12-2024T07:05:12 - [TEST_STEP][PASSED] - x = x.substring(i1, x.length()): null

02-12-2024T07:05:12 - [TEST_STEP][PASSED] - println(x): null

02-12-2024T07:05:12 - [TEST_STEP][PASSED] - i1 = x.indexOf("/") + 1: null

02-12-2024T07:05:12 - [TEST_STEP][PASSED] - if (i1 > -1): null

02-12-2024T07:05:12 - [TEST_STEP][PASSED] - x = x.substring(i1, x.length()): null

02-12-2024T07:05:12 - [TEST_STEP][PASSED] - println(x): null

02-12-2024T07:05:12 - [TEST_STEP][PASSED] - i1 = x.indexOf("/"): null

02-12-2024T07:05:12 - [TEST_STEP][PASSED] - if (i1 > -1): null

02-12-2024T07:05:12 - [TEST_STEP][PASSED] - x = x.substring(0, i1): null

02-12-2024T07:05:12 - [TEST_STEP][PASSED] - println(x): null

02-12-2024T07:05:12 - [TEST_STEP][FAILED] - return x: null

02-12-2024T07:05:12 - [TEST_STEP][FAILED] - if (verifyEqual(PercFactR, PercFactB) == false): null

02-12-2024T07:05:12 - [MESSAGE][FAILED] - Unable to verify equal between actual object 'нет данных' and expected object '8.28' (Root cause: com.kms.katalon.core.exception.StepFailedException: Actual object 'нет данных' and expected object '8.28' are not equal
	at com.kms.katalon.core.keyword.builtin.VerifyEqualKeyword$_verifyEqual_closure1.doCall(VerifyEqualKeyword.groovy:58)
	at com.kms.katalon.core.keyword.builtin.VerifyEqualKeyword$_verifyEqual_closure1.call(VerifyEqualKeyword.groovy)
	at com.kms.katalon.core.keyword.internal.KeywordMain.runKeyword(KeywordMain.groovy:75)
	at com.kms.katalon.core.keyword.builtin.VerifyEqualKeyword.verifyEqual(VerifyEqualKeyword.groovy:63)
	at com.kms.katalon.core.keyword.builtin.VerifyEqualKeyword.execute(VerifyEqualKeyword.groovy:44)
	at com.kms.katalon.core.keyword.internal.KeywordExecutor.executeKeywordForPlatform(KeywordExecutor.groovy:74)
	at com.kms.katalon.core.keyword.BuiltinKeywords.verifyEqual(BuiltinKeywords.groovy:146)
	at jdk.internal.reflect.GeneratedMethodAccessor25.invoke(Unknown Source)
	at java.base/jdk.internal.reflect.DelegatingMethodAccessorImpl.invoke(DelegatingMethodAccessorImpl.java:43)
	at Выполнение бизнес-плана сверка дашбордов.CompareDZOData(Выполнение бизнес-плана сверка дашбордов:693)
	at Выполнение бизнес-плана сверка дашбордов.run(Выполнение бизнес-плана сверка дашбордов:633)
	at com.kms.katalon.core.main.ScriptEngine.run(ScriptEngine.java:194)
	at com.kms.katalon.core.main.ScriptEngine.runScriptAsRawText(ScriptEngine.java:119)
	at com.kms.katalon.core.main.TestCaseExecutor.runScript(TestCaseExecutor.java:448)
	at com.kms.katalon.core.main.TestCaseExecutor.doExecute(TestCaseExecutor.java:439)
	at com.kms.katalon.core.main.TestCaseExecutor.processExecutionPhase(TestCaseExecutor.java:418)
	at com.kms.katalon.core.main.TestCaseExecutor.accessMainPhase(TestCaseExecutor.java:410)
	at com.kms.katalon.core.main.TestCaseExecutor.execute(TestCaseExecutor.java:285)
	at com.kms.katalon.core.common.CommonExecutor.accessTestCaseMainPhase(CommonExecutor.java:65)
	at com.kms.katalon.core.main.TestSuiteExecutor.accessTestSuiteMainPhase(TestSuiteExecutor.java:150)
	at com.kms.katalon.core.main.TestSuiteExecutor.execute(TestSuiteExecutor.java:106)
	at com.kms.katalon.core.main.TestCaseMain.startTestSuite(TestCaseMain.java:180)
	at TempTestSuite1733111659562.run(TempTestSuite1733111659562.groovy:35)
	at java.base/jdk.internal.reflect.NativeMethodAccessorImpl.invoke0(Native Method)
	at java.base/jdk.internal.reflect.NativeMethodAccessorImpl.invoke(NativeMethodAccessorImpl.java:77)
	at java.base/jdk.internal.reflect.DelegatingMethodAccessorImpl.invoke(DelegatingMethodAccessorImpl.java:43)
)

02-12-2024T07:05:12 - [TEST_STEP][PASSED] - result = WriteToExcel(typeOfData, todaysDate, PercPlanR, PercPlanB, PercFactR, PercFactB, x, tabR, tabB, o1R, o1B, vidget): null

02-12-2024T07:05:12 - [TEST_STEP][PASSED] - iii = dZO.indexOf("/"): null

02-12-2024T07:05:12 - [TEST_STEP][PASSED] - println(iii): null

02-12-2024T07:05:12 - [TEST_STEP][PASSED] - dZO = dZO.substring(0, iii): null

02-12-2024T07:05:12 - [TEST_STEP][PASSED] - println(dZO): null

02-12-2024T07:05:12 - [TEST_STEP][PASSED] - println(PercPlanR): null

02-12-2024T07:05:12 - [TEST_STEP][PASSED] - println(PercPlanB): null

02-12-2024T07:05:12 - [TEST_STEP][PASSED] - println(PercFactR): null

02-12-2024T07:05:12 - [TEST_STEP][PASSED] - println(PercFactB): null

02-12-2024T07:05:12 - [TEST_STEP][PASSED] - println(tabR): null

02-12-2024T07:05:12 - [TEST_STEP][PASSED] - println(tabB): null

02-12-2024T07:05:12 - [TEST_STEP][PASSED] - println(o1R): null

02-12-2024T07:05:12 - [TEST_STEP][PASSED] - println(o1B): null

02-12-2024T07:05:12 - [TEST_STEP][PASSED] - PR = <not implemented yet for class: org.codehaus.groovy.ast.expr.EmptyExpression>: null

02-12-2024T07:05:12 - [TEST_STEP][PASSED] - FR = <not implemented yet for class: org.codehaus.groovy.ast.expr.EmptyExpression>: null

02-12-2024T07:05:12 - [TEST_STEP][PASSED] - PB = <not implemented yet for class: org.codehaus.groovy.ast.expr.EmptyExpression>: null

02-12-2024T07:05:12 - [TEST_STEP][PASSED] - FB = <not implemented yet for class: org.codehaus.groovy.ast.expr.EmptyExpression>: null

02-12-2024T07:05:12 - [TEST_STEP][PASSED] - TR = <not implemented yet for class: org.codehaus.groovy.ast.expr.EmptyExpression>: null

02-12-2024T07:05:12 - [TEST_STEP][PASSED] - TB = <not implemented yet for class: org.codehaus.groovy.ast.expr.EmptyExpression>: null

02-12-2024T07:05:12 - [TEST_STEP][PASSED] - sheetName = "Sheet1": null

02-12-2024T07:05:12 - [TEST_STEP][PASSED] - data = findTestData("PlanFact"): null

02-12-2024T07:05:12 - [TEST_STEP][PASSED] - n = data.getRowNumbers() + 1: null

02-12-2024T07:05:12 - [TEST_STEP][PASSED] - year = todaysDate.substring(todaysDate.length() - 4, todaysDate.length()): null

02-12-2024T07:05:12 - [TEST_STEP][PASSED] - y = year.toInteger(): null

02-12-2024T07:05:12 - [TEST_STEP][PASSED] - m = getText(findTestObject("Выполнение бизнес-плана/Выполнение бизнес-плана Балансы/Фильтр Дата")): Text of object 'Object Repository/Выполнение бизнес-плана/Выполнение бизнес-плана Балансы/Фильтр Дата' is: '1, 2, 3 кв., Октябрь 2024 года'

02-12-2024T07:05:12 - [MESSAGE][PASSED] - Text of object 'Object Repository/Выполнение бизнес-плана/Выполнение бизнес-плана Балансы/Фильтр Дата' is: '1, 2, 3 кв., Октябрь 2024 года'

02-12-2024T07:05:12 - [TEST_STEP][PASSED] - m = m.substring(0, m.indexOf("2024")): null

02-12-2024T07:05:12 - [TEST_STEP][PASSED] - m = m.trim(): null

02-12-2024T07:05:12 - [TEST_STEP][PASSED] - dashboardName = "Выполнение бизнес-плана": null

02-12-2024T07:05:12 - [TEST_STEP][PASSED] - workbook01 = getWorkbook(excelFilePath): null

02-12-2024T07:05:12 - [TEST_STEP][PASSED] - sheet01 = getExcelSheet(workbook01, sheetName): null

02-12-2024T07:05:12 - [TEST_STEP][PASSED] - setValueToCellByIndex(sheet01, n, 0, dashboardName): null

02-12-2024T07:05:12 - [TEST_STEP][PASSED] - setValueToCellByIndex(sheet01, n, 1, dZO): null

02-12-2024T07:05:12 - [TEST_STEP][PASSED] - setValueToCellByIndex(sheet01, n, 2, typeOfData): null

02-12-2024T07:05:12 - [TEST_STEP][PASSED] - setValueToCellByIndex(sheet01, n, 3, typeOfData): null

02-12-2024T07:05:12 - [TEST_STEP][PASSED] - if (typeOfData == "План"): null

02-12-2024T07:05:12 - [TEST_STEP][PASSED] - else if (typeOfData == "Факт"): null

02-12-2024T07:05:12 - [TEST_STEP][PASSED] - if (PercFactR == null): null

02-12-2024T07:05:12 - [TEST_STEP][PASSED] - else: null

02-12-2024T07:05:12 - [TEST_STEP][PASSED] - if (PercFactR == "нет данных"): null

02-12-2024T07:05:12 - [TEST_STEP][PASSED] - setValueToCellByIndex(sheet01, n, 4, "нет данных"): null

02-12-2024T07:05:12 - [TEST_STEP][PASSED] - if (PercFactB == null): null

02-12-2024T07:05:12 - [TEST_STEP][PASSED] - else: null

02-12-2024T07:05:12 - [TEST_STEP][PASSED] - if (PercFactB == "нет данных"): null

02-12-2024T07:05:12 - [TEST_STEP][PASSED] - else: null

02-12-2024T07:05:12 - [TEST_STEP][PASSED] - FB = PercFactB.toDouble(): null

02-12-2024T07:05:12 - [TEST_STEP][PASSED] - setValueToCellByIndex(sheet01, n, 5, FB): null

02-12-2024T07:05:12 - [TEST_STEP][PASSED] - setValueToCellByIndex(sheet01, n, 6, m): null

02-12-2024T07:05:12 - [TEST_STEP][PASSED] - setValueToCellByIndex(sheet01, n, 7, y): null

02-12-2024T07:05:12 - [TEST_STEP][PASSED] - setValueToCellByIndex(sheet01, n, 8, todaysDate): null

02-12-2024T07:05:12 - [TEST_STEP][PASSED] - n = n + 1: null

02-12-2024T07:05:12 - [TEST_STEP][PASSED] - saveWorkbook(excelFilePath, workbook01): null

02-12-2024T07:05:13 - [TEST_STEP][PASSED] - vidget = "Показатели баланса электроэнергии по ДЗО – Факт": null

02-12-2024T07:05:13 - [TEST_STEP][PASSED] - typeOfData = "Факт Отпуск в сеть": null

02-12-2024T07:05:13 - [TEST_STEP][PASSED] - tabR = GetOvSFactR(x = a): null

02-12-2024T07:05:13 - [TEST_STEP][PASSED] - i1 = <not implemented yet for class: org.codehaus.groovy.ast.expr.EmptyExpression>: null

02-12-2024T07:05:13 - [TEST_STEP][PASSED] - ii = <not implemented yet for class: org.codehaus.groovy.ast.expr.EmptyExpression>: null

02-12-2024T07:05:13 - [TEST_STEP][PASSED] - for ([ii = 1, ii < 4, (ii++)]): null

02-12-2024T07:05:13 - [TEST_STEP][PASSED] - i1 = x.indexOf("/") + 1: null

02-12-2024T07:05:13 - [TEST_STEP][PASSED] - if (i1 > -1): null

02-12-2024T07:05:13 - [TEST_STEP][PASSED] - x = x.substring(i1, x.length()): null

02-12-2024T07:05:13 - [TEST_STEP][PASSED] - println(x): null

02-12-2024T07:05:13 - [TEST_STEP][PASSED] - i1 = x.indexOf("/") + 1: null

02-12-2024T07:05:13 - [TEST_STEP][PASSED] - if (i1 > -1): null

02-12-2024T07:05:13 - [TEST_STEP][PASSED] - x = x.substring(i1, x.length()): null

02-12-2024T07:05:13 - [TEST_STEP][PASSED] - println(x): null

02-12-2024T07:05:13 - [TEST_STEP][PASSED] - i1 = x.indexOf("/") + 1: null

02-12-2024T07:05:13 - [TEST_STEP][PASSED] - if (i1 > -1): null

02-12-2024T07:05:13 - [TEST_STEP][PASSED] - x = x.substring(i1, x.length()): null

02-12-2024T07:05:13 - [TEST_STEP][PASSED] - println(x): null

02-12-2024T07:05:13 - [TEST_STEP][PASSED] - i1 = x.indexOf("/"): null

02-12-2024T07:05:13 - [TEST_STEP][PASSED] - if (i1 > -1): null

02-12-2024T07:05:13 - [TEST_STEP][PASSED] - x = x.substring(0, i1): null

02-12-2024T07:05:13 - [TEST_STEP][PASSED] - println(x): null

02-12-2024T07:05:13 - [TEST_STEP][PASSED] - return x: null

02-12-2024T07:05:13 - [TEST_STEP][PASSED] - tabB = GetOvSFactB(x = b): null

02-12-2024T07:05:13 - [TEST_STEP][PASSED] - i1 = <not implemented yet for class: org.codehaus.groovy.ast.expr.EmptyExpression>: null

02-12-2024T07:05:13 - [TEST_STEP][PASSED] - ii = <not implemented yet for class: org.codehaus.groovy.ast.expr.EmptyExpression>: null

02-12-2024T07:05:13 - [TEST_STEP][PASSED] - for ([ii = 1, ii < 4, (ii++)]): null

02-12-2024T07:05:13 - [TEST_STEP][PASSED] - i1 = x.indexOf("/") + 1: null

02-12-2024T07:05:13 - [TEST_STEP][PASSED] - if (i1 > -1): null

02-12-2024T07:05:13 - [TEST_STEP][PASSED] - x = x.substring(i1, x.length()): null

02-12-2024T07:05:13 - [TEST_STEP][PASSED] - println(x): null

02-12-2024T07:05:13 - [TEST_STEP][PASSED] - i1 = x.indexOf("/") + 1: null

02-12-2024T07:05:13 - [TEST_STEP][PASSED] - if (i1 > -1): null

02-12-2024T07:05:13 - [TEST_STEP][PASSED] - x = x.substring(i1, x.length()): null

02-12-2024T07:05:13 - [TEST_STEP][PASSED] - println(x): null

02-12-2024T07:05:13 - [TEST_STEP][PASSED] - i1 = x.indexOf("/") + 1: null

02-12-2024T07:05:13 - [TEST_STEP][PASSED] - if (i1 > -1): null

02-12-2024T07:05:13 - [TEST_STEP][PASSED] - x = x.substring(i1, x.length()): null

02-12-2024T07:05:13 - [TEST_STEP][PASSED] - println(x): null

02-12-2024T07:05:13 - [TEST_STEP][PASSED] - i1 = x.indexOf("/"): null

02-12-2024T07:05:13 - [TEST_STEP][PASSED] - if (i1 > -1): null

02-12-2024T07:05:13 - [TEST_STEP][PASSED] - x = x.substring(0, i1): null

02-12-2024T07:05:13 - [TEST_STEP][PASSED] - println(x): null

02-12-2024T07:05:13 - [TEST_STEP][FAILED] - return x: null

02-12-2024T07:05:13 - [TEST_STEP][FAILED] - if (verifyEqual(tabR, tabB) == false): null

02-12-2024T07:05:13 - [MESSAGE][FAILED] - Unable to verify equal between actual object 'нет данных' and expected object '4235220' (Root cause: com.kms.katalon.core.exception.StepFailedException: Actual object 'нет данных' and expected object '4235220' are not equal
	at com.kms.katalon.core.keyword.builtin.VerifyEqualKeyword$_verifyEqual_closure1.doCall(VerifyEqualKeyword.groovy:58)
	at com.kms.katalon.core.keyword.builtin.VerifyEqualKeyword$_verifyEqual_closure1.call(VerifyEqualKeyword.groovy)
	at com.kms.katalon.core.keyword.internal.KeywordMain.runKeyword(KeywordMain.groovy:75)
	at com.kms.katalon.core.keyword.builtin.VerifyEqualKeyword.verifyEqual(VerifyEqualKeyword.groovy:63)
	at com.kms.katalon.core.keyword.builtin.VerifyEqualKeyword.execute(VerifyEqualKeyword.groovy:44)
	at com.kms.katalon.core.keyword.internal.KeywordExecutor.executeKeywordForPlatform(KeywordExecutor.groovy:74)
	at com.kms.katalon.core.keyword.BuiltinKeywords.verifyEqual(BuiltinKeywords.groovy:146)
	at jdk.internal.reflect.GeneratedMethodAccessor25.invoke(Unknown Source)
	at java.base/jdk.internal.reflect.DelegatingMethodAccessorImpl.invoke(DelegatingMethodAccessorImpl.java:43)
	at Выполнение бизнес-плана сверка дашбордов.CompareDZOData(Выполнение бизнес-плана сверка дашбордов:706)
	at Выполнение бизнес-плана сверка дашбордов.run(Выполнение бизнес-плана сверка дашбордов:633)
	at com.kms.katalon.core.main.ScriptEngine.run(ScriptEngine.java:194)
	at com.kms.katalon.core.main.ScriptEngine.runScriptAsRawText(ScriptEngine.java:119)
	at com.kms.katalon.core.main.TestCaseExecutor.runScript(TestCaseExecutor.java:448)
	at com.kms.katalon.core.main.TestCaseExecutor.doExecute(TestCaseExecutor.java:439)
	at com.kms.katalon.core.main.TestCaseExecutor.processExecutionPhase(TestCaseExecutor.java:418)
	at com.kms.katalon.core.main.TestCaseExecutor.accessMainPhase(TestCaseExecutor.java:410)
	at com.kms.katalon.core.main.TestCaseExecutor.execute(TestCaseExecutor.java:285)
	at com.kms.katalon.core.common.CommonExecutor.accessTestCaseMainPhase(CommonExecutor.java:65)
	at com.kms.katalon.core.main.TestSuiteExecutor.accessTestSuiteMainPhase(TestSuiteExecutor.java:150)
	at com.kms.katalon.core.main.TestSuiteExecutor.execute(TestSuiteExecutor.java:106)
	at com.kms.katalon.core.main.TestCaseMain.startTestSuite(TestCaseMain.java:180)
	at TempTestSuite1733111659562.run(TempTestSuite1733111659562.groovy:35)
	at java.base/jdk.internal.reflect.NativeMethodAccessorImpl.invoke0(Native Method)
	at java.base/jdk.internal.reflect.NativeMethodAccessorImpl.invoke(NativeMethodAccessorImpl.java:77)
	at java.base/jdk.internal.reflect.DelegatingMethodAccessorImpl.invoke(DelegatingMethodAccessorImpl.java:43)
)

02-12-2024T07:05:13 - [TEST_STEP][PASSED] - result = WriteToExcel(typeOfData, todaysDate, PercPlanR, PercPlanB, PercFactR, PercFactB, x, tabR, tabB, o1R, o1B, vidget): null

02-12-2024T07:05:13 - [TEST_STEP][PASSED] - iii = dZO.indexOf("/"): null

02-12-2024T07:05:13 - [TEST_STEP][PASSED] - println(iii): null

02-12-2024T07:05:13 - [TEST_STEP][PASSED] - dZO = dZO.substring(0, iii): null

02-12-2024T07:05:13 - [TEST_STEP][PASSED] - println(dZO): null

02-12-2024T07:05:13 - [TEST_STEP][PASSED] - println(PercPlanR): null

02-12-2024T07:05:13 - [TEST_STEP][PASSED] - println(PercPlanB): null

02-12-2024T07:05:13 - [TEST_STEP][PASSED] - println(PercFactR): null

02-12-2024T07:05:13 - [TEST_STEP][PASSED] - println(PercFactB): null

02-12-2024T07:05:13 - [TEST_STEP][PASSED] - println(tabR): null

02-12-2024T07:05:13 - [TEST_STEP][PASSED] - println(tabB): null

02-12-2024T07:05:13 - [TEST_STEP][PASSED] - println(o1R): null

02-12-2024T07:05:13 - [TEST_STEP][PASSED] - println(o1B): null

02-12-2024T07:05:13 - [TEST_STEP][PASSED] - PR = <not implemented yet for class: org.codehaus.groovy.ast.expr.EmptyExpression>: null

02-12-2024T07:05:13 - [TEST_STEP][PASSED] - FR = <not implemented yet for class: org.codehaus.groovy.ast.expr.EmptyExpression>: null

02-12-2024T07:05:13 - [TEST_STEP][PASSED] - PB = <not implemented yet for class: org.codehaus.groovy.ast.expr.EmptyExpression>: null

02-12-2024T07:05:13 - [TEST_STEP][PASSED] - FB = <not implemented yet for class: org.codehaus.groovy.ast.expr.EmptyExpression>: null

02-12-2024T07:05:13 - [TEST_STEP][PASSED] - TR = <not implemented yet for class: org.codehaus.groovy.ast.expr.EmptyExpression>: null

02-12-2024T07:05:13 - [TEST_STEP][PASSED] - TB = <not implemented yet for class: org.codehaus.groovy.ast.expr.EmptyExpression>: null

02-12-2024T07:05:13 - [TEST_STEP][PASSED] - sheetName = "Sheet1": null

02-12-2024T07:05:13 - [TEST_STEP][PASSED] - data = findTestData("PlanFact"): null

02-12-2024T07:05:13 - [TEST_STEP][PASSED] - n = data.getRowNumbers() + 1: null

02-12-2024T07:05:13 - [TEST_STEP][PASSED] - year = todaysDate.substring(todaysDate.length() - 4, todaysDate.length()): null

02-12-2024T07:05:13 - [TEST_STEP][PASSED] - y = year.toInteger(): null

02-12-2024T07:05:13 - [TEST_STEP][PASSED] - m = getText(findTestObject("Выполнение бизнес-плана/Выполнение бизнес-плана Балансы/Фильтр Дата")): Text of object 'Object Repository/Выполнение бизнес-плана/Выполнение бизнес-плана Балансы/Фильтр Дата' is: '1, 2, 3 кв., Октябрь 2024 года'

02-12-2024T07:05:13 - [MESSAGE][PASSED] - Text of object 'Object Repository/Выполнение бизнес-плана/Выполнение бизнес-плана Балансы/Фильтр Дата' is: '1, 2, 3 кв., Октябрь 2024 года'

02-12-2024T07:05:13 - [TEST_STEP][PASSED] - m = m.substring(0, m.indexOf("2024")): null

02-12-2024T07:05:13 - [TEST_STEP][PASSED] - m = m.trim(): null

02-12-2024T07:05:13 - [TEST_STEP][PASSED] - dashboardName = "Выполнение бизнес-плана": null

02-12-2024T07:05:13 - [TEST_STEP][PASSED] - workbook01 = getWorkbook(excelFilePath): null

02-12-2024T07:05:13 - [TEST_STEP][PASSED] - sheet01 = getExcelSheet(workbook01, sheetName): null

02-12-2024T07:05:13 - [TEST_STEP][PASSED] - setValueToCellByIndex(sheet01, n, 0, dashboardName): null

02-12-2024T07:05:13 - [TEST_STEP][PASSED] - setValueToCellByIndex(sheet01, n, 1, dZO): null

02-12-2024T07:05:13 - [TEST_STEP][PASSED] - setValueToCellByIndex(sheet01, n, 2, typeOfData): null

02-12-2024T07:05:13 - [TEST_STEP][PASSED] - setValueToCellByIndex(sheet01, n, 3, typeOfData): null

02-12-2024T07:05:13 - [TEST_STEP][PASSED] - if (typeOfData == "План"): null

02-12-2024T07:05:13 - [TEST_STEP][PASSED] - else if (typeOfData == "Факт"): null

02-12-2024T07:05:13 - [TEST_STEP][PASSED] - else if (vidget.contains("электроэнергии") == true): null

02-12-2024T07:05:13 - [TEST_STEP][PASSED] - if (tabR == null): null

02-12-2024T07:05:13 - [TEST_STEP][PASSED] - else: null

02-12-2024T07:05:13 - [TEST_STEP][PASSED] - if (tabR == "нет данных"): null

02-12-2024T07:05:13 - [TEST_STEP][PASSED] - setValueToCellByIndex(sheet01, n, 4, "нет данных"): null

02-12-2024T07:05:13 - [TEST_STEP][PASSED] - if (tabB == null): null

02-12-2024T07:05:13 - [TEST_STEP][PASSED] - else: null

02-12-2024T07:05:13 - [TEST_STEP][PASSED] - if (tabB == "нет данных"): null

02-12-2024T07:05:13 - [TEST_STEP][PASSED] - else: null

02-12-2024T07:05:13 - [TEST_STEP][PASSED] - TB = tabB.toInteger(): null

02-12-2024T07:05:13 - [TEST_STEP][PASSED] - setValueToCellByIndex(sheet01, n, 5, TB): null

02-12-2024T07:05:13 - [TEST_STEP][PASSED] - setValueToCellByIndex(sheet01, n, 6, m): null

02-12-2024T07:05:13 - [TEST_STEP][PASSED] - setValueToCellByIndex(sheet01, n, 7, y): null

02-12-2024T07:05:13 - [TEST_STEP][PASSED] - setValueToCellByIndex(sheet01, n, 8, todaysDate): null

02-12-2024T07:05:13 - [TEST_STEP][PASSED] - n = n + 1: null

02-12-2024T07:05:13 - [TEST_STEP][PASSED] - saveWorkbook(excelFilePath, workbook01): null

02-12-2024T07:05:13 - [TEST_STEP][PASSED] - typeOfData = "Факт Отпуск из сети": null

02-12-2024T07:05:13 - [TEST_STEP][PASSED] - tabR = GetOiSFactR(x = a): null

02-12-2024T07:05:13 - [TEST_STEP][PASSED] - i1 = <not implemented yet for class: org.codehaus.groovy.ast.expr.EmptyExpression>: null

02-12-2024T07:05:13 - [TEST_STEP][PASSED] - ii = <not implemented yet for class: org.codehaus.groovy.ast.expr.EmptyExpression>: null

02-12-2024T07:05:13 - [TEST_STEP][PASSED] - for ([ii = 1, ii < 5, (ii++)]): null

02-12-2024T07:05:13 - [TEST_STEP][PASSED] - i1 = x.indexOf("/") + 1: null

02-12-2024T07:05:13 - [TEST_STEP][PASSED] - if (i1 > -1): null

02-12-2024T07:05:13 - [TEST_STEP][PASSED] - x = x.substring(i1, x.length()): null

02-12-2024T07:05:13 - [TEST_STEP][PASSED] - println(x): null

02-12-2024T07:05:13 - [TEST_STEP][PASSED] - i1 = x.indexOf("/") + 1: null

02-12-2024T07:05:13 - [TEST_STEP][PASSED] - if (i1 > -1): null

02-12-2024T07:05:13 - [TEST_STEP][PASSED] - x = x.substring(i1, x.length()): null

02-12-2024T07:05:13 - [TEST_STEP][PASSED] - println(x): null

02-12-2024T07:05:13 - [TEST_STEP][PASSED] - i1 = x.indexOf("/") + 1: null

02-12-2024T07:05:13 - [TEST_STEP][PASSED] - if (i1 > -1): null

02-12-2024T07:05:13 - [TEST_STEP][PASSED] - x = x.substring(i1, x.length()): null

02-12-2024T07:05:13 - [TEST_STEP][PASSED] - println(x): null

02-12-2024T07:05:13 - [TEST_STEP][PASSED] - i1 = x.indexOf("/") + 1: null

02-12-2024T07:05:13 - [TEST_STEP][PASSED] - if (i1 > -1): null

02-12-2024T07:05:13 - [TEST_STEP][PASSED] - x = x.substring(i1, x.length()): null

02-12-2024T07:05:13 - [TEST_STEP][PASSED] - println(x): null

02-12-2024T07:05:13 - [TEST_STEP][PASSED] - i1 = x.indexOf("/"): null

02-12-2024T07:05:13 - [TEST_STEP][PASSED] - if (i1 > -1): null

02-12-2024T07:05:13 - [TEST_STEP][PASSED] - x = x.substring(0, i1): null

02-12-2024T07:05:13 - [TEST_STEP][PASSED] - println(x): null

02-12-2024T07:05:13 - [TEST_STEP][PASSED] - return x: null

02-12-2024T07:05:13 - [TEST_STEP][PASSED] - tabB = GetOiSFactB(x = b): null

02-12-2024T07:05:13 - [TEST_STEP][PASSED] - i1 = <not implemented yet for class: org.codehaus.groovy.ast.expr.EmptyExpression>: null

02-12-2024T07:05:13 - [TEST_STEP][PASSED] - ii = <not implemented yet for class: org.codehaus.groovy.ast.expr.EmptyExpression>: null

02-12-2024T07:05:13 - [TEST_STEP][PASSED] - for ([ii = 1, ii < 5, (ii++)]): null

02-12-2024T07:05:13 - [TEST_STEP][PASSED] - i1 = x.indexOf("/") + 1: null

02-12-2024T07:05:13 - [TEST_STEP][PASSED] - if (i1 > -1): null

02-12-2024T07:05:13 - [TEST_STEP][PASSED] - x = x.substring(i1, x.length()): null

02-12-2024T07:05:13 - [TEST_STEP][PASSED] - println(x): null

02-12-2024T07:05:13 - [TEST_STEP][PASSED] - i1 = x.indexOf("/") + 1: null

02-12-2024T07:05:13 - [TEST_STEP][PASSED] - if (i1 > -1): null

02-12-2024T07:05:13 - [TEST_STEP][PASSED] - x = x.substring(i1, x.length()): null

02-12-2024T07:05:13 - [TEST_STEP][PASSED] - println(x): null

02-12-2024T07:05:13 - [TEST_STEP][PASSED] - i1 = x.indexOf("/") + 1: null

02-12-2024T07:05:13 - [TEST_STEP][PASSED] - if (i1 > -1): null

02-12-2024T07:05:13 - [TEST_STEP][PASSED] - x = x.substring(i1, x.length()): null

02-12-2024T07:05:13 - [TEST_STEP][PASSED] - println(x): null

02-12-2024T07:05:13 - [TEST_STEP][PASSED] - i1 = x.indexOf("/") + 1: null

02-12-2024T07:05:13 - [TEST_STEP][PASSED] - if (i1 > -1): null

02-12-2024T07:05:13 - [TEST_STEP][PASSED] - x = x.substring(i1, x.length()): null

02-12-2024T07:05:13 - [TEST_STEP][PASSED] - println(x): null

02-12-2024T07:05:13 - [TEST_STEP][PASSED] - i1 = x.indexOf("/"): null

02-12-2024T07:05:13 - [TEST_STEP][PASSED] - if (i1 > -1): null

02-12-2024T07:05:13 - [TEST_STEP][PASSED] - x = x.substring(0, i1): null

02-12-2024T07:05:13 - [TEST_STEP][PASSED] - println(x): null

02-12-2024T07:05:13 - [TEST_STEP][FAILED] - return x: null

02-12-2024T07:05:13 - [TEST_STEP][FAILED] - if (verifyEqual(tabR, tabB) == false): null

02-12-2024T07:05:13 - [MESSAGE][FAILED] - Unable to verify equal between actual object 'нет данных' and expected object '3884378' (Root cause: com.kms.katalon.core.exception.StepFailedException: Actual object 'нет данных' and expected object '3884378' are not equal
	at com.kms.katalon.core.keyword.builtin.VerifyEqualKeyword$_verifyEqual_closure1.doCall(VerifyEqualKeyword.groovy:58)
	at com.kms.katalon.core.keyword.builtin.VerifyEqualKeyword$_verifyEqual_closure1.call(VerifyEqualKeyword.groovy)
	at com.kms.katalon.core.keyword.internal.KeywordMain.runKeyword(KeywordMain.groovy:75)
	at com.kms.katalon.core.keyword.builtin.VerifyEqualKeyword.verifyEqual(VerifyEqualKeyword.groovy:63)
	at com.kms.katalon.core.keyword.builtin.VerifyEqualKeyword.execute(VerifyEqualKeyword.groovy:44)
	at com.kms.katalon.core.keyword.internal.KeywordExecutor.executeKeywordForPlatform(KeywordExecutor.groovy:74)
	at com.kms.katalon.core.keyword.BuiltinKeywords.verifyEqual(BuiltinKeywords.groovy:146)
	at jdk.internal.reflect.GeneratedMethodAccessor25.invoke(Unknown Source)
	at java.base/jdk.internal.reflect.DelegatingMethodAccessorImpl.invoke(DelegatingMethodAccessorImpl.java:43)
	at Выполнение бизнес-плана сверка дашбордов.CompareDZOData(Выполнение бизнес-плана сверка дашбордов:717)
	at Выполнение бизнес-плана сверка дашбордов.run(Выполнение бизнес-плана сверка дашбордов:633)
	at com.kms.katalon.core.main.ScriptEngine.run(ScriptEngine.java:194)
	at com.kms.katalon.core.main.ScriptEngine.runScriptAsRawText(ScriptEngine.java:119)
	at com.kms.katalon.core.main.TestCaseExecutor.runScript(TestCaseExecutor.java:448)
	at com.kms.katalon.core.main.TestCaseExecutor.doExecute(TestCaseExecutor.java:439)
	at com.kms.katalon.core.main.TestCaseExecutor.processExecutionPhase(TestCaseExecutor.java:418)
	at com.kms.katalon.core.main.TestCaseExecutor.accessMainPhase(TestCaseExecutor.java:410)
	at com.kms.katalon.core.main.TestCaseExecutor.execute(TestCaseExecutor.java:285)
	at com.kms.katalon.core.common.CommonExecutor.accessTestCaseMainPhase(CommonExecutor.java:65)
	at com.kms.katalon.core.main.TestSuiteExecutor.accessTestSuiteMainPhase(TestSuiteExecutor.java:150)
	at com.kms.katalon.core.main.TestSuiteExecutor.execute(TestSuiteExecutor.java:106)
	at com.kms.katalon.core.main.TestCaseMain.startTestSuite(TestCaseMain.java:180)
	at TempTestSuite1733111659562.run(TempTestSuite1733111659562.groovy:35)
	at java.base/jdk.internal.reflect.NativeMethodAccessorImpl.invoke0(Native Method)
	at java.base/jdk.internal.reflect.NativeMethodAccessorImpl.invoke(NativeMethodAccessorImpl.java:77)
	at java.base/jdk.internal.reflect.DelegatingMethodAccessorImpl.invoke(DelegatingMethodAccessorImpl.java:43)
)

02-12-2024T07:05:13 - [TEST_STEP][PASSED] - result = WriteToExcel(typeOfData, todaysDate, PercPlanR, PercPlanB, PercFactR, PercFactB, x, tabR, tabB, o1R, o1B, vidget): null

02-12-2024T07:05:13 - [TEST_STEP][PASSED] - iii = dZO.indexOf("/"): null

02-12-2024T07:05:13 - [TEST_STEP][PASSED] - println(iii): null

02-12-2024T07:05:13 - [TEST_STEP][PASSED] - dZO = dZO.substring(0, iii): null

02-12-2024T07:05:13 - [TEST_STEP][PASSED] - println(dZO): null

02-12-2024T07:05:13 - [TEST_STEP][PASSED] - println(PercPlanR): null

02-12-2024T07:05:13 - [TEST_STEP][PASSED] - println(PercPlanB): null

02-12-2024T07:05:13 - [TEST_STEP][PASSED] - println(PercFactR): null

02-12-2024T07:05:13 - [TEST_STEP][PASSED] - println(PercFactB): null

02-12-2024T07:05:13 - [TEST_STEP][PASSED] - println(tabR): null

02-12-2024T07:05:13 - [TEST_STEP][PASSED] - println(tabB): null

02-12-2024T07:05:13 - [TEST_STEP][PASSED] - println(o1R): null

02-12-2024T07:05:13 - [TEST_STEP][PASSED] - println(o1B): null

02-12-2024T07:05:13 - [TEST_STEP][PASSED] - PR = <not implemented yet for class: org.codehaus.groovy.ast.expr.EmptyExpression>: null

02-12-2024T07:05:13 - [TEST_STEP][PASSED] - FR = <not implemented yet for class: org.codehaus.groovy.ast.expr.EmptyExpression>: null

02-12-2024T07:05:13 - [TEST_STEP][PASSED] - PB = <not implemented yet for class: org.codehaus.groovy.ast.expr.EmptyExpression>: null

02-12-2024T07:05:13 - [TEST_STEP][PASSED] - FB = <not implemented yet for class: org.codehaus.groovy.ast.expr.EmptyExpression>: null

02-12-2024T07:05:13 - [TEST_STEP][PASSED] - TR = <not implemented yet for class: org.codehaus.groovy.ast.expr.EmptyExpression>: null

02-12-2024T07:05:13 - [TEST_STEP][PASSED] - TB = <not implemented yet for class: org.codehaus.groovy.ast.expr.EmptyExpression>: null

02-12-2024T07:05:13 - [TEST_STEP][PASSED] - sheetName = "Sheet1": null

02-12-2024T07:05:13 - [TEST_STEP][PASSED] - data = findTestData("PlanFact"): null

02-12-2024T07:05:13 - [TEST_STEP][PASSED] - n = data.getRowNumbers() + 1: null

02-12-2024T07:05:13 - [TEST_STEP][PASSED] - year = todaysDate.substring(todaysDate.length() - 4, todaysDate.length()): null

02-12-2024T07:05:13 - [TEST_STEP][PASSED] - y = year.toInteger(): null

02-12-2024T07:05:13 - [TEST_STEP][PASSED] - m = getText(findTestObject("Выполнение бизнес-плана/Выполнение бизнес-плана Балансы/Фильтр Дата")): Text of object 'Object Repository/Выполнение бизнес-плана/Выполнение бизнес-плана Балансы/Фильтр Дата' is: '1, 2, 3 кв., Октябрь 2024 года'

02-12-2024T07:05:14 - [MESSAGE][PASSED] - Text of object 'Object Repository/Выполнение бизнес-плана/Выполнение бизнес-плана Балансы/Фильтр Дата' is: '1, 2, 3 кв., Октябрь 2024 года'

02-12-2024T07:05:14 - [TEST_STEP][PASSED] - m = m.substring(0, m.indexOf("2024")): null

02-12-2024T07:05:14 - [TEST_STEP][PASSED] - m = m.trim(): null

02-12-2024T07:05:14 - [TEST_STEP][PASSED] - dashboardName = "Выполнение бизнес-плана": null

02-12-2024T07:05:14 - [TEST_STEP][PASSED] - workbook01 = getWorkbook(excelFilePath): null

02-12-2024T07:05:14 - [TEST_STEP][PASSED] - sheet01 = getExcelSheet(workbook01, sheetName): null

02-12-2024T07:05:14 - [TEST_STEP][PASSED] - setValueToCellByIndex(sheet01, n, 0, dashboardName): null

02-12-2024T07:05:14 - [TEST_STEP][PASSED] - setValueToCellByIndex(sheet01, n, 1, dZO): null

02-12-2024T07:05:14 - [TEST_STEP][PASSED] - setValueToCellByIndex(sheet01, n, 2, typeOfData): null

02-12-2024T07:05:14 - [TEST_STEP][PASSED] - setValueToCellByIndex(sheet01, n, 3, typeOfData): null

02-12-2024T07:05:14 - [TEST_STEP][PASSED] - if (typeOfData == "План"): null

02-12-2024T07:05:14 - [TEST_STEP][PASSED] - else if (typeOfData == "Факт"): null

02-12-2024T07:05:14 - [TEST_STEP][PASSED] - else if (vidget.contains("электроэнергии") == true): null

02-12-2024T07:05:14 - [TEST_STEP][PASSED] - if (tabR == null): null

02-12-2024T07:05:14 - [TEST_STEP][PASSED] - else: null

02-12-2024T07:05:14 - [TEST_STEP][PASSED] - if (tabR == "нет данных"): null

02-12-2024T07:05:14 - [TEST_STEP][PASSED] - setValueToCellByIndex(sheet01, n, 4, "нет данных"): null

02-12-2024T07:05:14 - [TEST_STEP][PASSED] - if (tabB == null): null

02-12-2024T07:05:14 - [TEST_STEP][PASSED] - else: null

02-12-2024T07:05:14 - [TEST_STEP][PASSED] - if (tabB == "нет данных"): null

02-12-2024T07:05:14 - [TEST_STEP][PASSED] - else: null

02-12-2024T07:05:14 - [TEST_STEP][PASSED] - TB = tabB.toInteger(): null

02-12-2024T07:05:14 - [TEST_STEP][PASSED] - setValueToCellByIndex(sheet01, n, 5, TB): null

02-12-2024T07:05:14 - [TEST_STEP][PASSED] - setValueToCellByIndex(sheet01, n, 6, m): null

02-12-2024T07:05:14 - [TEST_STEP][PASSED] - setValueToCellByIndex(sheet01, n, 7, y): null

02-12-2024T07:05:14 - [TEST_STEP][PASSED] - setValueToCellByIndex(sheet01, n, 8, todaysDate): null

02-12-2024T07:05:14 - [TEST_STEP][PASSED] - n = n + 1: null

02-12-2024T07:05:14 - [TEST_STEP][PASSED] - saveWorkbook(excelFilePath, workbook01): null

02-12-2024T07:05:14 - [TEST_STEP][PASSED] - typeOfData = "Факт Потери": null

02-12-2024T07:05:14 - [TEST_STEP][PASSED] - tabR = GetPFactR(x = a): null

02-12-2024T07:05:14 - [TEST_STEP][PASSED] - i1 = <not implemented yet for class: org.codehaus.groovy.ast.expr.EmptyExpression>: null

02-12-2024T07:05:14 - [TEST_STEP][PASSED] - ii = <not implemented yet for class: org.codehaus.groovy.ast.expr.EmptyExpression>: null

02-12-2024T07:05:14 - [TEST_STEP][PASSED] - for ([ii = 1, ii < 6, (ii++)]): null

02-12-2024T07:05:14 - [TEST_STEP][PASSED] - i1 = x.indexOf("/") + 1: null

02-12-2024T07:05:14 - [TEST_STEP][PASSED] - if (i1 > -1): null

02-12-2024T07:05:14 - [TEST_STEP][PASSED] - x = x.substring(i1, x.length()): null

02-12-2024T07:05:14 - [TEST_STEP][PASSED] - println(x): null

02-12-2024T07:05:14 - [TEST_STEP][PASSED] - i1 = x.indexOf("/") + 1: null

02-12-2024T07:05:14 - [TEST_STEP][PASSED] - if (i1 > -1): null

02-12-2024T07:05:14 - [TEST_STEP][PASSED] - x = x.substring(i1, x.length()): null

02-12-2024T07:05:14 - [TEST_STEP][PASSED] - println(x): null

02-12-2024T07:05:14 - [TEST_STEP][PASSED] - i1 = x.indexOf("/") + 1: null

02-12-2024T07:05:14 - [TEST_STEP][PASSED] - if (i1 > -1): null

02-12-2024T07:05:14 - [TEST_STEP][PASSED] - x = x.substring(i1, x.length()): null

02-12-2024T07:05:14 - [TEST_STEP][PASSED] - println(x): null

02-12-2024T07:05:14 - [TEST_STEP][PASSED] - i1 = x.indexOf("/") + 1: null

02-12-2024T07:05:14 - [TEST_STEP][PASSED] - if (i1 > -1): null

02-12-2024T07:05:14 - [TEST_STEP][PASSED] - x = x.substring(i1, x.length()): null

02-12-2024T07:05:14 - [TEST_STEP][PASSED] - println(x): null

02-12-2024T07:05:14 - [TEST_STEP][PASSED] - i1 = x.indexOf("/") + 1: null

02-12-2024T07:05:14 - [TEST_STEP][PASSED] - if (i1 > -1): null

02-12-2024T07:05:14 - [TEST_STEP][PASSED] - x = x.substring(i1, x.length()): null

02-12-2024T07:05:14 - [TEST_STEP][PASSED] - println(x): null

02-12-2024T07:05:14 - [TEST_STEP][PASSED] - i1 = x.indexOf("/"): null

02-12-2024T07:05:14 - [TEST_STEP][PASSED] - if (i1 > -1): null

02-12-2024T07:05:14 - [TEST_STEP][PASSED] - x = x.substring(0, i1): null

02-12-2024T07:05:14 - [TEST_STEP][PASSED] - println(x): null

02-12-2024T07:05:14 - [TEST_STEP][PASSED] - return x: null

02-12-2024T07:05:14 - [TEST_STEP][PASSED] - tabB = GetPFactB(x = b): null

02-12-2024T07:05:14 - [TEST_STEP][PASSED] - i1 = <not implemented yet for class: org.codehaus.groovy.ast.expr.EmptyExpression>: null

02-12-2024T07:05:14 - [TEST_STEP][PASSED] - ii = <not implemented yet for class: org.codehaus.groovy.ast.expr.EmptyExpression>: null

02-12-2024T07:05:14 - [TEST_STEP][PASSED] - for ([ii = 1, ii < 6, (ii++)]): null

02-12-2024T07:05:14 - [TEST_STEP][PASSED] - i1 = x.indexOf("/") + 1: null

02-12-2024T07:05:14 - [TEST_STEP][PASSED] - if (i1 > -1): null

02-12-2024T07:05:14 - [TEST_STEP][PASSED] - x = x.substring(i1, x.length()): null

02-12-2024T07:05:14 - [TEST_STEP][PASSED] - println(x): null

02-12-2024T07:05:14 - [TEST_STEP][PASSED] - i1 = x.indexOf("/") + 1: null

02-12-2024T07:05:14 - [TEST_STEP][PASSED] - if (i1 > -1): null

02-12-2024T07:05:14 - [TEST_STEP][PASSED] - x = x.substring(i1, x.length()): null

02-12-2024T07:05:14 - [TEST_STEP][PASSED] - println(x): null

02-12-2024T07:05:14 - [TEST_STEP][PASSED] - i1 = x.indexOf("/") + 1: null

02-12-2024T07:05:14 - [TEST_STEP][PASSED] - if (i1 > -1): null

02-12-2024T07:05:14 - [TEST_STEP][PASSED] - x = x.substring(i1, x.length()): null

02-12-2024T07:05:14 - [TEST_STEP][PASSED] - println(x): null

02-12-2024T07:05:14 - [TEST_STEP][PASSED] - i1 = x.indexOf("/") + 1: null

02-12-2024T07:05:14 - [TEST_STEP][PASSED] - if (i1 > -1): null

02-12-2024T07:05:14 - [TEST_STEP][PASSED] - x = x.substring(i1, x.length()): null

02-12-2024T07:05:14 - [TEST_STEP][PASSED] - println(x): null

02-12-2024T07:05:14 - [TEST_STEP][PASSED] - i1 = x.indexOf("/") + 1: null

02-12-2024T07:05:14 - [TEST_STEP][PASSED] - if (i1 > -1): null

02-12-2024T07:05:14 - [TEST_STEP][PASSED] - x = x.substring(i1, x.length()): null

02-12-2024T07:05:14 - [TEST_STEP][PASSED] - println(x): null

02-12-2024T07:05:14 - [TEST_STEP][PASSED] - i1 = x.indexOf("/"): null

02-12-2024T07:05:14 - [TEST_STEP][PASSED] - if (i1 > -1): null

02-12-2024T07:05:14 - [TEST_STEP][PASSED] - x = x.substring(0, i1): null

02-12-2024T07:05:14 - [TEST_STEP][PASSED] - println(x): null

02-12-2024T07:05:14 - [TEST_STEP][FAILED] - return x: null

02-12-2024T07:05:14 - [TEST_STEP][PASSED] - println(tabR + "/" + tabB): null

02-12-2024T07:05:14 - [TEST_STEP][FAILED] - if (verifyEqual(tabR, tabB) == false): null

02-12-2024T07:05:14 - [MESSAGE][FAILED] - Unable to verify equal between actual object 'нет данных' and expected object '350842' (Root cause: com.kms.katalon.core.exception.StepFailedException: Actual object 'нет данных' and expected object '350842' are not equal
	at com.kms.katalon.core.keyword.builtin.VerifyEqualKeyword$_verifyEqual_closure1.doCall(VerifyEqualKeyword.groovy:58)
	at com.kms.katalon.core.keyword.builtin.VerifyEqualKeyword$_verifyEqual_closure1.call(VerifyEqualKeyword.groovy)
	at com.kms.katalon.core.keyword.internal.KeywordMain.runKeyword(KeywordMain.groovy:75)
	at com.kms.katalon.core.keyword.builtin.VerifyEqualKeyword.verifyEqual(VerifyEqualKeyword.groovy:63)
	at com.kms.katalon.core.keyword.builtin.VerifyEqualKeyword.execute(VerifyEqualKeyword.groovy:44)
	at com.kms.katalon.core.keyword.internal.KeywordExecutor.executeKeywordForPlatform(KeywordExecutor.groovy:74)
	at com.kms.katalon.core.keyword.BuiltinKeywords.verifyEqual(BuiltinKeywords.groovy:146)
	at jdk.internal.reflect.GeneratedMethodAccessor25.invoke(Unknown Source)
	at java.base/jdk.internal.reflect.DelegatingMethodAccessorImpl.invoke(DelegatingMethodAccessorImpl.java:43)
	at Выполнение бизнес-плана сверка дашбордов.CompareDZOData(Выполнение бизнес-плана сверка дашбордов:730)
	at Выполнение бизнес-плана сверка дашбордов.run(Выполнение бизнес-плана сверка дашбордов:633)
	at com.kms.katalon.core.main.ScriptEngine.run(ScriptEngine.java:194)
	at com.kms.katalon.core.main.ScriptEngine.runScriptAsRawText(ScriptEngine.java:119)
	at com.kms.katalon.core.main.TestCaseExecutor.runScript(TestCaseExecutor.java:448)
	at com.kms.katalon.core.main.TestCaseExecutor.doExecute(TestCaseExecutor.java:439)
	at com.kms.katalon.core.main.TestCaseExecutor.processExecutionPhase(TestCaseExecutor.java:418)
	at com.kms.katalon.core.main.TestCaseExecutor.accessMainPhase(TestCaseExecutor.java:410)
	at com.kms.katalon.core.main.TestCaseExecutor.execute(TestCaseExecutor.java:285)
	at com.kms.katalon.core.common.CommonExecutor.accessTestCaseMainPhase(CommonExecutor.java:65)
	at com.kms.katalon.core.main.TestSuiteExecutor.accessTestSuiteMainPhase(TestSuiteExecutor.java:150)
	at com.kms.katalon.core.main.TestSuiteExecutor.execute(TestSuiteExecutor.java:106)
	at com.kms.katalon.core.main.TestCaseMain.startTestSuite(TestCaseMain.java:180)
	at TempTestSuite1733111659562.run(TempTestSuite1733111659562.groovy:35)
	at java.base/jdk.internal.reflect.NativeMethodAccessorImpl.invoke0(Native Method)
	at java.base/jdk.internal.reflect.NativeMethodAccessorImpl.invoke(NativeMethodAccessorImpl.java:77)
	at java.base/jdk.internal.reflect.DelegatingMethodAccessorImpl.invoke(DelegatingMethodAccessorImpl.java:43)
)

02-12-2024T07:05:14 - [TEST_STEP][PASSED] - result = WriteToExcel(typeOfData, todaysDate, PercPlanR, PercPlanB, PercFactR, PercFactB, x, tabR, tabB, o1R, o1B, vidget): null

02-12-2024T07:05:14 - [TEST_STEP][PASSED] - iii = dZO.indexOf("/"): null

02-12-2024T07:05:14 - [TEST_STEP][PASSED] - println(iii): null

02-12-2024T07:05:14 - [TEST_STEP][PASSED] - dZO = dZO.substring(0, iii): null

02-12-2024T07:05:14 - [TEST_STEP][PASSED] - println(dZO): null

02-12-2024T07:05:14 - [TEST_STEP][PASSED] - println(PercPlanR): null

02-12-2024T07:05:14 - [TEST_STEP][PASSED] - println(PercPlanB): null

02-12-2024T07:05:14 - [TEST_STEP][PASSED] - println(PercFactR): null

02-12-2024T07:05:14 - [TEST_STEP][PASSED] - println(PercFactB): null

02-12-2024T07:05:14 - [TEST_STEP][PASSED] - println(tabR): null

02-12-2024T07:05:14 - [TEST_STEP][PASSED] - println(tabB): null

02-12-2024T07:05:14 - [TEST_STEP][PASSED] - println(o1R): null

02-12-2024T07:05:14 - [TEST_STEP][PASSED] - println(o1B): null

02-12-2024T07:05:14 - [TEST_STEP][PASSED] - PR = <not implemented yet for class: org.codehaus.groovy.ast.expr.EmptyExpression>: null

02-12-2024T07:05:14 - [TEST_STEP][PASSED] - FR = <not implemented yet for class: org.codehaus.groovy.ast.expr.EmptyExpression>: null

02-12-2024T07:05:14 - [TEST_STEP][PASSED] - PB = <not implemented yet for class: org.codehaus.groovy.ast.expr.EmptyExpression>: null

02-12-2024T07:05:14 - [TEST_STEP][PASSED] - FB = <not implemented yet for class: org.codehaus.groovy.ast.expr.EmptyExpression>: null

02-12-2024T07:05:14 - [TEST_STEP][PASSED] - TR = <not implemented yet for class: org.codehaus.groovy.ast.expr.EmptyExpression>: null

02-12-2024T07:05:14 - [TEST_STEP][PASSED] - TB = <not implemented yet for class: org.codehaus.groovy.ast.expr.EmptyExpression>: null

02-12-2024T07:05:14 - [TEST_STEP][PASSED] - sheetName = "Sheet1": null

02-12-2024T07:05:14 - [TEST_STEP][PASSED] - data = findTestData("PlanFact"): null

02-12-2024T07:05:14 - [TEST_STEP][PASSED] - n = data.getRowNumbers() + 1: null

02-12-2024T07:05:14 - [TEST_STEP][PASSED] - year = todaysDate.substring(todaysDate.length() - 4, todaysDate.length()): null

02-12-2024T07:05:14 - [TEST_STEP][PASSED] - y = year.toInteger(): null

02-12-2024T07:05:14 - [TEST_STEP][PASSED] - m = getText(findTestObject("Выполнение бизнес-плана/Выполнение бизнес-плана Балансы/Фильтр Дата")): Text of object 'Object Repository/Выполнение бизнес-плана/Выполнение бизнес-плана Балансы/Фильтр Дата' is: '1, 2, 3 кв., Октябрь 2024 года'

02-12-2024T07:05:14 - [MESSAGE][PASSED] - Text of object 'Object Repository/Выполнение бизнес-плана/Выполнение бизнес-плана Балансы/Фильтр Дата' is: '1, 2, 3 кв., Октябрь 2024 года'

02-12-2024T07:05:14 - [TEST_STEP][PASSED] - m = m.substring(0, m.indexOf("2024")): null

02-12-2024T07:05:14 - [TEST_STEP][PASSED] - m = m.trim(): null

02-12-2024T07:05:14 - [TEST_STEP][PASSED] - dashboardName = "Выполнение бизнес-плана": null

02-12-2024T07:05:14 - [TEST_STEP][PASSED] - workbook01 = getWorkbook(excelFilePath): null

02-12-2024T07:05:14 - [TEST_STEP][PASSED] - sheet01 = getExcelSheet(workbook01, sheetName): null

02-12-2024T07:05:14 - [TEST_STEP][PASSED] - setValueToCellByIndex(sheet01, n, 0, dashboardName): null

02-12-2024T07:05:14 - [TEST_STEP][PASSED] - setValueToCellByIndex(sheet01, n, 1, dZO): null

02-12-2024T07:05:14 - [TEST_STEP][PASSED] - setValueToCellByIndex(sheet01, n, 2, typeOfData): null

02-12-2024T07:05:14 - [TEST_STEP][PASSED] - setValueToCellByIndex(sheet01, n, 3, typeOfData): null

02-12-2024T07:05:14 - [TEST_STEP][PASSED] - if (typeOfData == "План"): null

02-12-2024T07:05:14 - [TEST_STEP][PASSED] - else if (typeOfData == "Факт"): null

02-12-2024T07:05:14 - [TEST_STEP][PASSED] - else if (vidget.contains("электроэнергии") == true): null

02-12-2024T07:05:14 - [TEST_STEP][PASSED] - if (tabR == null): null

02-12-2024T07:05:14 - [TEST_STEP][PASSED] - else: null

02-12-2024T07:05:14 - [TEST_STEP][PASSED] - if (tabR == "нет данных"): null

02-12-2024T07:05:14 - [TEST_STEP][PASSED] - setValueToCellByIndex(sheet01, n, 4, "нет данных"): null

02-12-2024T07:05:14 - [TEST_STEP][PASSED] - if (tabB == null): null

02-12-2024T07:05:14 - [TEST_STEP][PASSED] - else: null

02-12-2024T07:05:14 - [TEST_STEP][PASSED] - if (tabB == "нет данных"): null

02-12-2024T07:05:14 - [TEST_STEP][PASSED] - else: null

02-12-2024T07:05:14 - [TEST_STEP][PASSED] - TB = tabB.toInteger(): null

02-12-2024T07:05:14 - [TEST_STEP][PASSED] - setValueToCellByIndex(sheet01, n, 5, TB): null

02-12-2024T07:05:14 - [TEST_STEP][PASSED] - setValueToCellByIndex(sheet01, n, 6, m): null

02-12-2024T07:05:14 - [TEST_STEP][PASSED] - setValueToCellByIndex(sheet01, n, 7, y): null

02-12-2024T07:05:14 - [TEST_STEP][PASSED] - setValueToCellByIndex(sheet01, n, 8, todaysDate): null

02-12-2024T07:05:14 - [TEST_STEP][PASSED] - n = n + 1: null

02-12-2024T07:05:14 - [TEST_STEP][PASSED] - saveWorkbook(excelFilePath, workbook01): null

02-12-2024T07:05:15 - [TEST_STEP][PASSED] - vidget = "Показатели баланса электроэнергии по ДЗО – План": null

02-12-2024T07:05:15 - [TEST_STEP][PASSED] - typeOfData = "План Отпуск в сеть": null

02-12-2024T07:05:15 - [TEST_STEP][PASSED] - tabR = GetOvSPlanR(x = a): null

02-12-2024T07:05:15 - [TEST_STEP][PASSED] - i1 = <not implemented yet for class: org.codehaus.groovy.ast.expr.EmptyExpression>: null

02-12-2024T07:05:15 - [TEST_STEP][PASSED] - ii = <not implemented yet for class: org.codehaus.groovy.ast.expr.EmptyExpression>: null

02-12-2024T07:05:15 - [TEST_STEP][PASSED] - for ([ii = 1, ii < 7, (ii++)]): null

02-12-2024T07:05:15 - [TEST_STEP][PASSED] - i1 = x.indexOf("/") + 1: null

02-12-2024T07:05:15 - [TEST_STEP][PASSED] - if (i1 > -1): null

02-12-2024T07:05:15 - [TEST_STEP][PASSED] - x = x.substring(i1, x.length()): null

02-12-2024T07:05:15 - [TEST_STEP][PASSED] - println(x): null

02-12-2024T07:05:15 - [TEST_STEP][PASSED] - i1 = x.indexOf("/") + 1: null

02-12-2024T07:05:15 - [TEST_STEP][PASSED] - if (i1 > -1): null

02-12-2024T07:05:15 - [TEST_STEP][PASSED] - x = x.substring(i1, x.length()): null

02-12-2024T07:05:15 - [TEST_STEP][PASSED] - println(x): null

02-12-2024T07:05:15 - [TEST_STEP][PASSED] - i1 = x.indexOf("/") + 1: null

02-12-2024T07:05:15 - [TEST_STEP][PASSED] - if (i1 > -1): null

02-12-2024T07:05:15 - [TEST_STEP][PASSED] - x = x.substring(i1, x.length()): null

02-12-2024T07:05:15 - [TEST_STEP][PASSED] - println(x): null

02-12-2024T07:05:15 - [TEST_STEP][PASSED] - i1 = x.indexOf("/") + 1: null

02-12-2024T07:05:15 - [TEST_STEP][PASSED] - if (i1 > -1): null

02-12-2024T07:05:15 - [TEST_STEP][PASSED] - x = x.substring(i1, x.length()): null

02-12-2024T07:05:15 - [TEST_STEP][PASSED] - println(x): null

02-12-2024T07:05:15 - [TEST_STEP][PASSED] - i1 = x.indexOf("/") + 1: null

02-12-2024T07:05:15 - [TEST_STEP][PASSED] - if (i1 > -1): null

02-12-2024T07:05:15 - [TEST_STEP][PASSED] - x = x.substring(i1, x.length()): null

02-12-2024T07:05:15 - [TEST_STEP][PASSED] - println(x): null

02-12-2024T07:05:15 - [TEST_STEP][PASSED] - i1 = x.indexOf("/") + 1: null

02-12-2024T07:05:15 - [TEST_STEP][PASSED] - if (i1 > -1): null

02-12-2024T07:05:15 - [TEST_STEP][PASSED] - x = x.substring(i1, x.length()): null

02-12-2024T07:05:15 - [TEST_STEP][PASSED] - println(x): null

02-12-2024T07:05:15 - [TEST_STEP][PASSED] - i1 = x.indexOf("/"): null

02-12-2024T07:05:15 - [TEST_STEP][PASSED] - if (i1 > -1): null

02-12-2024T07:05:15 - [TEST_STEP][PASSED] - x = x.substring(0, i1): null

02-12-2024T07:05:15 - [TEST_STEP][PASSED] - println(x): null

02-12-2024T07:05:15 - [TEST_STEP][PASSED] - return x: null

02-12-2024T07:05:15 - [TEST_STEP][PASSED] - tabB = GetOvSPlanB(x = b): null

02-12-2024T07:05:15 - [TEST_STEP][PASSED] - i1 = <not implemented yet for class: org.codehaus.groovy.ast.expr.EmptyExpression>: null

02-12-2024T07:05:15 - [TEST_STEP][PASSED] - ii = <not implemented yet for class: org.codehaus.groovy.ast.expr.EmptyExpression>: null

02-12-2024T07:05:15 - [TEST_STEP][PASSED] - for ([ii = 1, ii < 7, (ii++)]): null

02-12-2024T07:05:15 - [TEST_STEP][PASSED] - i1 = x.indexOf("/") + 1: null

02-12-2024T07:05:15 - [TEST_STEP][PASSED] - if (i1 > -1): null

02-12-2024T07:05:15 - [TEST_STEP][PASSED] - x = x.substring(i1, x.length()): null

02-12-2024T07:05:15 - [TEST_STEP][PASSED] - println(x): null

02-12-2024T07:05:15 - [TEST_STEP][PASSED] - i1 = x.indexOf("/") + 1: null

02-12-2024T07:05:15 - [TEST_STEP][PASSED] - if (i1 > -1): null

02-12-2024T07:05:15 - [TEST_STEP][PASSED] - x = x.substring(i1, x.length()): null

02-12-2024T07:05:15 - [TEST_STEP][PASSED] - println(x): null

02-12-2024T07:05:15 - [TEST_STEP][PASSED] - i1 = x.indexOf("/") + 1: null

02-12-2024T07:05:15 - [TEST_STEP][PASSED] - if (i1 > -1): null

02-12-2024T07:05:15 - [TEST_STEP][PASSED] - x = x.substring(i1, x.length()): null

02-12-2024T07:05:15 - [TEST_STEP][PASSED] - println(x): null

02-12-2024T07:05:15 - [TEST_STEP][PASSED] - i1 = x.indexOf("/") + 1: null

02-12-2024T07:05:15 - [TEST_STEP][PASSED] - if (i1 > -1): null

02-12-2024T07:05:15 - [TEST_STEP][PASSED] - x = x.substring(i1, x.length()): null

02-12-2024T07:05:15 - [TEST_STEP][PASSED] - println(x): null

02-12-2024T07:05:15 - [TEST_STEP][PASSED] - i1 = x.indexOf("/") + 1: null

02-12-2024T07:05:15 - [TEST_STEP][PASSED] - if (i1 > -1): null

02-12-2024T07:05:15 - [TEST_STEP][PASSED] - x = x.substring(i1, x.length()): null

02-12-2024T07:05:15 - [TEST_STEP][PASSED] - println(x): null

02-12-2024T07:05:15 - [TEST_STEP][PASSED] - i1 = x.indexOf("/") + 1: null

02-12-2024T07:05:15 - [TEST_STEP][PASSED] - if (i1 > -1): null

02-12-2024T07:05:15 - [TEST_STEP][PASSED] - x = x.substring(i1, x.length()): null

02-12-2024T07:05:15 - [TEST_STEP][PASSED] - println(x): null

02-12-2024T07:05:15 - [TEST_STEP][PASSED] - i1 = x.indexOf("/"): null

02-12-2024T07:05:15 - [TEST_STEP][PASSED] - if (i1 > -1): null

02-12-2024T07:05:15 - [TEST_STEP][PASSED] - x = x.substring(0, i1): null

02-12-2024T07:05:15 - [TEST_STEP][PASSED] - println(x): null

02-12-2024T07:05:15 - [TEST_STEP][FAILED] - return x: null

02-12-2024T07:05:15 - [TEST_STEP][PASSED] - println(tabR + "/" + tabB): null

02-12-2024T07:05:15 - [TEST_STEP][FAILED] - if (verifyEqual(PercFactR, PercFactB) == false): null

02-12-2024T07:05:15 - [MESSAGE][FAILED] - Unable to verify equal between actual object 'нет данных' and expected object '8.28' (Root cause: com.kms.katalon.core.exception.StepFailedException: Actual object 'нет данных' and expected object '8.28' are not equal
	at com.kms.katalon.core.keyword.builtin.VerifyEqualKeyword$_verifyEqual_closure1.doCall(VerifyEqualKeyword.groovy:58)
	at com.kms.katalon.core.keyword.builtin.VerifyEqualKeyword$_verifyEqual_closure1.call(VerifyEqualKeyword.groovy)
	at com.kms.katalon.core.keyword.internal.KeywordMain.runKeyword(KeywordMain.groovy:75)
	at com.kms.katalon.core.keyword.builtin.VerifyEqualKeyword.verifyEqual(VerifyEqualKeyword.groovy:63)
	at com.kms.katalon.core.keyword.builtin.VerifyEqualKeyword.execute(VerifyEqualKeyword.groovy:44)
	at com.kms.katalon.core.keyword.internal.KeywordExecutor.executeKeywordForPlatform(KeywordExecutor.groovy:74)
	at com.kms.katalon.core.keyword.BuiltinKeywords.verifyEqual(BuiltinKeywords.groovy:146)
	at jdk.internal.reflect.GeneratedMethodAccessor25.invoke(Unknown Source)
	at java.base/jdk.internal.reflect.DelegatingMethodAccessorImpl.invoke(DelegatingMethodAccessorImpl.java:43)
	at Выполнение бизнес-плана сверка дашбордов.CompareDZOData(Выполнение бизнес-плана сверка дашбордов:745)
	at Выполнение бизнес-плана сверка дашбордов.run(Выполнение бизнес-плана сверка дашбордов:633)
	at com.kms.katalon.core.main.ScriptEngine.run(ScriptEngine.java:194)
	at com.kms.katalon.core.main.ScriptEngine.runScriptAsRawText(ScriptEngine.java:119)
	at com.kms.katalon.core.main.TestCaseExecutor.runScript(TestCaseExecutor.java:448)
	at com.kms.katalon.core.main.TestCaseExecutor.doExecute(TestCaseExecutor.java:439)
	at com.kms.katalon.core.main.TestCaseExecutor.processExecutionPhase(TestCaseExecutor.java:418)
	at com.kms.katalon.core.main.TestCaseExecutor.accessMainPhase(TestCaseExecutor.java:410)
	at com.kms.katalon.core.main.TestCaseExecutor.execute(TestCaseExecutor.java:285)
	at com.kms.katalon.core.common.CommonExecutor.accessTestCaseMainPhase(CommonExecutor.java:65)
	at com.kms.katalon.core.main.TestSuiteExecutor.accessTestSuiteMainPhase(TestSuiteExecutor.java:150)
	at com.kms.katalon.core.main.TestSuiteExecutor.execute(TestSuiteExecutor.java:106)
	at com.kms.katalon.core.main.TestCaseMain.startTestSuite(TestCaseMain.java:180)
	at TempTestSuite1733111659562.run(TempTestSuite1733111659562.groovy:35)
	at java.base/jdk.internal.reflect.NativeMethodAccessorImpl.invoke0(Native Method)
	at java.base/jdk.internal.reflect.NativeMethodAccessorImpl.invoke(NativeMethodAccessorImpl.java:77)
	at java.base/jdk.internal.reflect.DelegatingMethodAccessorImpl.invoke(DelegatingMethodAccessorImpl.java:43)
)

02-12-2024T07:05:15 - [TEST_STEP][PASSED] - result = WriteToExcel(typeOfData, todaysDate, PercPlanR, PercPlanB, PercFactR, PercFactB, x, tabR, tabB, o1R, o1B, vidget): null

02-12-2024T07:05:15 - [TEST_STEP][PASSED] - iii = dZO.indexOf("/"): null

02-12-2024T07:05:15 - [TEST_STEP][PASSED] - println(iii): null

02-12-2024T07:05:15 - [TEST_STEP][PASSED] - dZO = dZO.substring(0, iii): null

02-12-2024T07:05:15 - [TEST_STEP][PASSED] - println(dZO): null

02-12-2024T07:05:15 - [TEST_STEP][PASSED] - println(PercPlanR): null

02-12-2024T07:05:15 - [TEST_STEP][PASSED] - println(PercPlanB): null

02-12-2024T07:05:15 - [TEST_STEP][PASSED] - println(PercFactR): null

02-12-2024T07:05:15 - [TEST_STEP][PASSED] - println(PercFactB): null

02-12-2024T07:05:15 - [TEST_STEP][PASSED] - println(tabR): null

02-12-2024T07:05:15 - [TEST_STEP][PASSED] - println(tabB): null

02-12-2024T07:05:15 - [TEST_STEP][PASSED] - println(o1R): null

02-12-2024T07:05:15 - [TEST_STEP][PASSED] - println(o1B): null

02-12-2024T07:05:15 - [TEST_STEP][PASSED] - PR = <not implemented yet for class: org.codehaus.groovy.ast.expr.EmptyExpression>: null

02-12-2024T07:05:15 - [TEST_STEP][PASSED] - FR = <not implemented yet for class: org.codehaus.groovy.ast.expr.EmptyExpression>: null

02-12-2024T07:05:15 - [TEST_STEP][PASSED] - PB = <not implemented yet for class: org.codehaus.groovy.ast.expr.EmptyExpression>: null

02-12-2024T07:05:15 - [TEST_STEP][PASSED] - FB = <not implemented yet for class: org.codehaus.groovy.ast.expr.EmptyExpression>: null

02-12-2024T07:05:15 - [TEST_STEP][PASSED] - TR = <not implemented yet for class: org.codehaus.groovy.ast.expr.EmptyExpression>: null

02-12-2024T07:05:15 - [TEST_STEP][PASSED] - TB = <not implemented yet for class: org.codehaus.groovy.ast.expr.EmptyExpression>: null

02-12-2024T07:05:15 - [TEST_STEP][PASSED] - sheetName = "Sheet1": null

02-12-2024T07:05:15 - [TEST_STEP][PASSED] - data = findTestData("PlanFact"): null

02-12-2024T07:05:15 - [TEST_STEP][PASSED] - n = data.getRowNumbers() + 1: null

02-12-2024T07:05:15 - [TEST_STEP][PASSED] - year = todaysDate.substring(todaysDate.length() - 4, todaysDate.length()): null

02-12-2024T07:05:15 - [TEST_STEP][PASSED] - y = year.toInteger(): null

02-12-2024T07:05:15 - [TEST_STEP][PASSED] - m = getText(findTestObject("Выполнение бизнес-плана/Выполнение бизнес-плана Балансы/Фильтр Дата")): Text of object 'Object Repository/Выполнение бизнес-плана/Выполнение бизнес-плана Балансы/Фильтр Дата' is: '1, 2, 3 кв., Октябрь 2024 года'

02-12-2024T07:05:15 - [MESSAGE][PASSED] - Text of object 'Object Repository/Выполнение бизнес-плана/Выполнение бизнес-плана Балансы/Фильтр Дата' is: '1, 2, 3 кв., Октябрь 2024 года'

02-12-2024T07:05:15 - [TEST_STEP][PASSED] - m = m.substring(0, m.indexOf("2024")): null

02-12-2024T07:05:15 - [TEST_STEP][PASSED] - m = m.trim(): null

02-12-2024T07:05:15 - [TEST_STEP][PASSED] - dashboardName = "Выполнение бизнес-плана": null

02-12-2024T07:05:15 - [TEST_STEP][PASSED] - workbook01 = getWorkbook(excelFilePath): null

02-12-2024T07:05:15 - [TEST_STEP][PASSED] - sheet01 = getExcelSheet(workbook01, sheetName): null

02-12-2024T07:05:15 - [TEST_STEP][PASSED] - setValueToCellByIndex(sheet01, n, 0, dashboardName): null

02-12-2024T07:05:15 - [TEST_STEP][PASSED] - setValueToCellByIndex(sheet01, n, 1, dZO): null

02-12-2024T07:05:15 - [TEST_STEP][PASSED] - setValueToCellByIndex(sheet01, n, 2, typeOfData): null

02-12-2024T07:05:15 - [TEST_STEP][PASSED] - setValueToCellByIndex(sheet01, n, 3, typeOfData): null

02-12-2024T07:05:15 - [TEST_STEP][PASSED] - if (typeOfData == "План"): null

02-12-2024T07:05:15 - [TEST_STEP][PASSED] - else if (typeOfData == "Факт"): null

02-12-2024T07:05:15 - [TEST_STEP][PASSED] - else if (vidget.contains("электроэнергии") == true): null

02-12-2024T07:05:15 - [TEST_STEP][PASSED] - if (tabR == null): null

02-12-2024T07:05:15 - [TEST_STEP][PASSED] - else: null

02-12-2024T07:05:15 - [TEST_STEP][PASSED] - if (tabR == "нет данных"): null

02-12-2024T07:05:15 - [TEST_STEP][PASSED] - setValueToCellByIndex(sheet01, n, 4, "нет данных"): null

02-12-2024T07:05:15 - [TEST_STEP][PASSED] - if (tabB == null): null

02-12-2024T07:05:15 - [TEST_STEP][PASSED] - else: null

02-12-2024T07:05:15 - [TEST_STEP][PASSED] - if (tabB == "нет данных"): null

02-12-2024T07:05:15 - [TEST_STEP][PASSED] - else: null

02-12-2024T07:05:15 - [TEST_STEP][PASSED] - TB = tabB.toInteger(): null

02-12-2024T07:05:15 - [TEST_STEP][PASSED] - setValueToCellByIndex(sheet01, n, 5, TB): null

02-12-2024T07:05:15 - [TEST_STEP][PASSED] - setValueToCellByIndex(sheet01, n, 6, m): null

02-12-2024T07:05:15 - [TEST_STEP][PASSED] - setValueToCellByIndex(sheet01, n, 7, y): null

02-12-2024T07:05:15 - [TEST_STEP][PASSED] - setValueToCellByIndex(sheet01, n, 8, todaysDate): null

02-12-2024T07:05:15 - [TEST_STEP][PASSED] - n = n + 1: null

02-12-2024T07:05:15 - [TEST_STEP][PASSED] - saveWorkbook(excelFilePath, workbook01): null

02-12-2024T07:05:15 - [TEST_STEP][PASSED] - typeOfData = "План Отпуск из сети": null

02-12-2024T07:05:15 - [TEST_STEP][PASSED] - tabR = GetOiSPlanR(x = a): null

02-12-2024T07:05:34 - [TEST_STEP][PASSED] - i1 = <not implemented yet for class: org.codehaus.groovy.ast.expr.EmptyExpression>: null

02-12-2024T07:05:34 - [TEST_STEP][PASSED] - ii = <not implemented yet for class: org.codehaus.groovy.ast.expr.EmptyExpression>: null

02-12-2024T07:05:34 - [TEST_STEP][PASSED] - for ([ii = 1, ii < 8, (ii++)]): null

02-12-2024T07:05:34 - [TEST_STEP][PASSED] - i1 = x.indexOf("/") + 1: null

02-12-2024T07:05:34 - [TEST_STEP][PASSED] - if (i1 > -1): null

02-12-2024T07:05:34 - [TEST_STEP][PASSED] - x = x.substring(i1, x.length()): null

02-12-2024T07:05:34 - [TEST_STEP][PASSED] - println(x): null

02-12-2024T07:05:34 - [TEST_STEP][PASSED] - i1 = x.indexOf("/") + 1: null

02-12-2024T07:05:34 - [TEST_STEP][PASSED] - if (i1 > -1): null

02-12-2024T07:05:34 - [TEST_STEP][PASSED] - x = x.substring(i1, x.length()): null

02-12-2024T07:05:34 - [TEST_STEP][PASSED] - println(x): null

02-12-2024T07:05:34 - [TEST_STEP][PASSED] - i1 = x.indexOf("/") + 1: null

02-12-2024T07:05:34 - [TEST_STEP][PASSED] - if (i1 > -1): null

02-12-2024T07:05:34 - [TEST_STEP][PASSED] - x = x.substring(i1, x.length()): null

02-12-2024T07:05:34 - [TEST_STEP][PASSED] - println(x): null

02-12-2024T07:05:34 - [TEST_STEP][PASSED] - i1 = x.indexOf("/") + 1: null

02-12-2024T07:05:34 - [TEST_STEP][PASSED] - if (i1 > -1): null

02-12-2024T07:05:34 - [TEST_STEP][PASSED] - x = x.substring(i1, x.length()): null

02-12-2024T07:05:34 - [TEST_STEP][PASSED] - println(x): null

02-12-2024T07:05:34 - [TEST_STEP][PASSED] - i1 = x.indexOf("/") + 1: null

02-12-2024T07:05:34 - [TEST_STEP][PASSED] - if (i1 > -1): null

02-12-2024T07:05:34 - [TEST_STEP][PASSED] - x = x.substring(i1, x.length()): null

02-12-2024T07:05:34 - [TEST_STEP][PASSED] - println(x): null

02-12-2024T07:05:34 - [TEST_STEP][PASSED] - i1 = x.indexOf("/") + 1: null

02-12-2024T07:05:34 - [TEST_STEP][PASSED] - if (i1 > -1): null

02-12-2024T07:05:34 - [TEST_STEP][PASSED] - x = x.substring(i1, x.length()): null

02-12-2024T07:05:34 - [TEST_STEP][PASSED] - println(x): null

02-12-2024T07:05:34 - [TEST_STEP][PASSED] - i1 = x.indexOf("/") + 1: null

02-12-2024T07:05:34 - [TEST_STEP][PASSED] - if (i1 > -1): null

02-12-2024T07:05:34 - [TEST_STEP][PASSED] - x = x.substring(i1, x.length()): null

02-12-2024T07:05:34 - [TEST_STEP][PASSED] - println(x): null

02-12-2024T07:05:34 - [TEST_STEP][PASSED] - i1 = x.indexOf("/"): null

02-12-2024T07:05:34 - [TEST_STEP][PASSED] - if (i1 > -1): null

02-12-2024T07:05:34 - [TEST_STEP][PASSED] - x = x.substring(0, i1): null

02-12-2024T07:05:34 - [TEST_STEP][PASSED] - println(x): null

02-12-2024T07:05:34 - [TEST_STEP][PASSED] - return x: null

02-12-2024T07:05:34 - [TEST_STEP][PASSED] - tabB = GetOiSPlanB(x = b): null

02-12-2024T07:05:34 - [TEST_STEP][PASSED] - i1 = <not implemented yet for class: org.codehaus.groovy.ast.expr.EmptyExpression>: null

02-12-2024T07:05:34 - [TEST_STEP][PASSED] - ii = <not implemented yet for class: org.codehaus.groovy.ast.expr.EmptyExpression>: null

02-12-2024T07:05:34 - [TEST_STEP][PASSED] - for ([ii = 1, ii < 8, (ii++)]): null

02-12-2024T07:05:34 - [TEST_STEP][PASSED] - i1 = x.indexOf("/") + 1: null

02-12-2024T07:05:34 - [TEST_STEP][PASSED] - if (i1 > -1): null

02-12-2024T07:05:34 - [TEST_STEP][PASSED] - x = x.substring(i1, x.length()): null

02-12-2024T07:05:34 - [TEST_STEP][PASSED] - println(x): null

02-12-2024T07:05:34 - [TEST_STEP][PASSED] - i1 = x.indexOf("/") + 1: null

02-12-2024T07:05:34 - [TEST_STEP][PASSED] - if (i1 > -1): null

02-12-2024T07:05:34 - [TEST_STEP][PASSED] - x = x.substring(i1, x.length()): null

02-12-2024T07:05:34 - [TEST_STEP][PASSED] - println(x): null

02-12-2024T07:05:34 - [TEST_STEP][PASSED] - i1 = x.indexOf("/") + 1: null

02-12-2024T07:05:34 - [TEST_STEP][PASSED] - if (i1 > -1): null

02-12-2024T07:05:34 - [TEST_STEP][PASSED] - x = x.substring(i1, x.length()): null

02-12-2024T07:05:34 - [TEST_STEP][PASSED] - println(x): null

02-12-2024T07:05:34 - [TEST_STEP][PASSED] - i1 = x.indexOf("/") + 1: null

02-12-2024T07:05:34 - [TEST_STEP][PASSED] - if (i1 > -1): null

02-12-2024T07:05:34 - [TEST_STEP][PASSED] - x = x.substring(i1, x.length()): null

02-12-2024T07:05:34 - [TEST_STEP][PASSED] - println(x): null

02-12-2024T07:05:34 - [TEST_STEP][PASSED] - i1 = x.indexOf("/") + 1: null

02-12-2024T07:05:34 - [TEST_STEP][PASSED] - if (i1 > -1): null

02-12-2024T07:05:34 - [TEST_STEP][PASSED] - x = x.substring(i1, x.length()): null

02-12-2024T07:05:34 - [TEST_STEP][PASSED] - println(x): null

02-12-2024T07:05:34 - [TEST_STEP][PASSED] - i1 = x.indexOf("/") + 1: null

02-12-2024T07:05:34 - [TEST_STEP][PASSED] - if (i1 > -1): null

02-12-2024T07:05:34 - [TEST_STEP][PASSED] - x = x.substring(i1, x.length()): null

02-12-2024T07:05:34 - [TEST_STEP][PASSED] - println(x): null

02-12-2024T07:05:34 - [TEST_STEP][PASSED] - i1 = x.indexOf("/") + 1: null

02-12-2024T07:05:34 - [TEST_STEP][PASSED] - if (i1 > -1): null

02-12-2024T07:05:34 - [TEST_STEP][PASSED] - x = x.substring(i1, x.length()): null

02-12-2024T07:05:34 - [TEST_STEP][PASSED] - println(x): null

02-12-2024T07:05:34 - [TEST_STEP][PASSED] - i1 = x.indexOf("/"): null

02-12-2024T07:05:34 - [TEST_STEP][PASSED] - if (i1 > -1): null

02-12-2024T07:05:34 - [TEST_STEP][PASSED] - x = x.substring(0, i1): null

02-12-2024T07:05:34 - [TEST_STEP][PASSED] - println(x): null

02-12-2024T07:05:34 - [TEST_STEP][FAILED] - return x: null

02-12-2024T07:05:34 - [TEST_STEP][PASSED] - println(tabR + "/" + tabB): null

02-12-2024T07:05:34 - [TEST_STEP][FAILED] - if (verifyEqual(PercFactR, PercFactB) == false): null

02-12-2024T07:05:34 - [MESSAGE][FAILED] - Unable to verify equal between actual object 'нет данных' and expected object '8.28' (Root cause: com.kms.katalon.core.exception.StepFailedException: Actual object 'нет данных' and expected object '8.28' are not equal
	at com.kms.katalon.core.keyword.builtin.VerifyEqualKeyword$_verifyEqual_closure1.doCall(VerifyEqualKeyword.groovy:58)
	at com.kms.katalon.core.keyword.builtin.VerifyEqualKeyword$_verifyEqual_closure1.call(VerifyEqualKeyword.groovy)
	at com.kms.katalon.core.keyword.internal.KeywordMain.runKeyword(KeywordMain.groovy:75)
	at com.kms.katalon.core.keyword.builtin.VerifyEqualKeyword.verifyEqual(VerifyEqualKeyword.groovy:63)
	at com.kms.katalon.core.keyword.builtin.VerifyEqualKeyword.execute(VerifyEqualKeyword.groovy:44)
	at com.kms.katalon.core.keyword.internal.KeywordExecutor.executeKeywordForPlatform(KeywordExecutor.groovy:74)
	at com.kms.katalon.core.keyword.BuiltinKeywords.verifyEqual(BuiltinKeywords.groovy:146)
	at jdk.internal.reflect.GeneratedMethodAccessor25.invoke(Unknown Source)
	at java.base/jdk.internal.reflect.DelegatingMethodAccessorImpl.invoke(DelegatingMethodAccessorImpl.java:43)
	at Выполнение бизнес-плана сверка дашбордов.CompareDZOData(Выполнение бизнес-плана сверка дашбордов:758)
	at Выполнение бизнес-плана сверка дашбордов.run(Выполнение бизнес-плана сверка дашбордов:633)
	at com.kms.katalon.core.main.ScriptEngine.run(ScriptEngine.java:194)
	at com.kms.katalon.core.main.ScriptEngine.runScriptAsRawText(ScriptEngine.java:119)
	at com.kms.katalon.core.main.TestCaseExecutor.runScript(TestCaseExecutor.java:448)
	at com.kms.katalon.core.main.TestCaseExecutor.doExecute(TestCaseExecutor.java:439)
	at com.kms.katalon.core.main.TestCaseExecutor.processExecutionPhase(TestCaseExecutor.java:418)
	at com.kms.katalon.core.main.TestCaseExecutor.accessMainPhase(TestCaseExecutor.java:410)
	at com.kms.katalon.core.main.TestCaseExecutor.execute(TestCaseExecutor.java:285)
	at com.kms.katalon.core.common.CommonExecutor.accessTestCaseMainPhase(CommonExecutor.java:65)
	at com.kms.katalon.core.main.TestSuiteExecutor.accessTestSuiteMainPhase(TestSuiteExecutor.java:150)
	at com.kms.katalon.core.main.TestSuiteExecutor.execute(TestSuiteExecutor.java:106)
	at com.kms.katalon.core.main.TestCaseMain.startTestSuite(TestCaseMain.java:180)
	at TempTestSuite1733111659562.run(TempTestSuite1733111659562.groovy:35)
	at java.base/jdk.internal.reflect.NativeMethodAccessorImpl.invoke0(Native Method)
	at java.base/jdk.internal.reflect.NativeMethodAccessorImpl.invoke(NativeMethodAccessorImpl.java:77)
	at java.base/jdk.internal.reflect.DelegatingMethodAccessorImpl.invoke(DelegatingMethodAccessorImpl.java:43)
)

02-12-2024T07:05:34 - [TEST_STEP][PASSED] - result = WriteToExcel(typeOfData, todaysDate, PercPlanR, PercPlanB, PercFactR, PercFactB, x, tabR, tabB, o1R, o1B, vidget): null

02-12-2024T07:05:34 - [TEST_STEP][PASSED] - iii = dZO.indexOf("/"): null

02-12-2024T07:05:34 - [TEST_STEP][PASSED] - println(iii): null

02-12-2024T07:05:34 - [TEST_STEP][PASSED] - dZO = dZO.substring(0, iii): null

02-12-2024T07:05:34 - [TEST_STEP][PASSED] - println(dZO): null

02-12-2024T07:05:34 - [TEST_STEP][PASSED] - println(PercPlanR): null

02-12-2024T07:05:34 - [TEST_STEP][PASSED] - println(PercPlanB): null

02-12-2024T07:05:34 - [TEST_STEP][PASSED] - println(PercFactR): null

02-12-2024T07:05:34 - [TEST_STEP][PASSED] - println(PercFactB): null

02-12-2024T07:05:34 - [TEST_STEP][PASSED] - println(tabR): null

02-12-2024T07:05:34 - [TEST_STEP][PASSED] - println(tabB): null

02-12-2024T07:05:34 - [TEST_STEP][PASSED] - println(o1R): null

02-12-2024T07:05:34 - [TEST_STEP][PASSED] - println(o1B): null

02-12-2024T07:05:34 - [TEST_STEP][PASSED] - PR = <not implemented yet for class: org.codehaus.groovy.ast.expr.EmptyExpression>: null

02-12-2024T07:05:34 - [TEST_STEP][PASSED] - FR = <not implemented yet for class: org.codehaus.groovy.ast.expr.EmptyExpression>: null

02-12-2024T07:05:34 - [TEST_STEP][PASSED] - PB = <not implemented yet for class: org.codehaus.groovy.ast.expr.EmptyExpression>: null

02-12-2024T07:05:34 - [TEST_STEP][PASSED] - FB = <not implemented yet for class: org.codehaus.groovy.ast.expr.EmptyExpression>: null

02-12-2024T07:05:34 - [TEST_STEP][PASSED] - TR = <not implemented yet for class: org.codehaus.groovy.ast.expr.EmptyExpression>: null

02-12-2024T07:05:34 - [TEST_STEP][PASSED] - TB = <not implemented yet for class: org.codehaus.groovy.ast.expr.EmptyExpression>: null

02-12-2024T07:05:34 - [TEST_STEP][PASSED] - sheetName = "Sheet1": null

02-12-2024T07:05:34 - [TEST_STEP][PASSED] - data = findTestData("PlanFact"): null

02-12-2024T07:05:34 - [TEST_STEP][PASSED] - n = data.getRowNumbers() + 1: null

02-12-2024T07:05:34 - [TEST_STEP][PASSED] - year = todaysDate.substring(todaysDate.length() - 4, todaysDate.length()): null

02-12-2024T07:05:34 - [TEST_STEP][PASSED] - y = year.toInteger(): null

02-12-2024T07:05:34 - [TEST_STEP][PASSED] - m = getText(findTestObject("Выполнение бизнес-плана/Выполнение бизнес-плана Балансы/Фильтр Дата")): Text of object 'Object Repository/Выполнение бизнес-плана/Выполнение бизнес-плана Балансы/Фильтр Дата' is: '1, 2, 3 кв., Октябрь 2024 года'

02-12-2024T07:05:34 - [MESSAGE][PASSED] - Text of object 'Object Repository/Выполнение бизнес-плана/Выполнение бизнес-плана Балансы/Фильтр Дата' is: '1, 2, 3 кв., Октябрь 2024 года'

02-12-2024T07:05:34 - [TEST_STEP][PASSED] - m = m.substring(0, m.indexOf("2024")): null

02-12-2024T07:05:34 - [TEST_STEP][PASSED] - m = m.trim(): null

02-12-2024T07:05:34 - [TEST_STEP][PASSED] - dashboardName = "Выполнение бизнес-плана": null

02-12-2024T07:05:34 - [TEST_STEP][PASSED] - workbook01 = getWorkbook(excelFilePath): null

02-12-2024T07:05:34 - [TEST_STEP][PASSED] - sheet01 = getExcelSheet(workbook01, sheetName): null

02-12-2024T07:05:34 - [TEST_STEP][PASSED] - setValueToCellByIndex(sheet01, n, 0, dashboardName): null

02-12-2024T07:05:34 - [TEST_STEP][PASSED] - setValueToCellByIndex(sheet01, n, 1, dZO): null

02-12-2024T07:05:34 - [TEST_STEP][PASSED] - setValueToCellByIndex(sheet01, n, 2, typeOfData): null

02-12-2024T07:05:34 - [TEST_STEP][PASSED] - setValueToCellByIndex(sheet01, n, 3, typeOfData): null

02-12-2024T07:05:34 - [TEST_STEP][PASSED] - if (typeOfData == "План"): null

02-12-2024T07:05:34 - [TEST_STEP][PASSED] - else if (typeOfData == "Факт"): null

02-12-2024T07:05:34 - [TEST_STEP][PASSED] - else if (vidget.contains("электроэнергии") == true): null

02-12-2024T07:05:34 - [TEST_STEP][PASSED] - if (tabR == null): null

02-12-2024T07:05:34 - [TEST_STEP][PASSED] - else: null

02-12-2024T07:05:34 - [TEST_STEP][PASSED] - if (tabR == "нет данных"): null

02-12-2024T07:05:34 - [TEST_STEP][PASSED] - setValueToCellByIndex(sheet01, n, 4, "нет данных"): null

02-12-2024T07:05:34 - [TEST_STEP][PASSED] - if (tabB == null): null

02-12-2024T07:05:34 - [TEST_STEP][PASSED] - else: null

02-12-2024T07:05:34 - [TEST_STEP][PASSED] - if (tabB == "нет данных"): null

02-12-2024T07:05:34 - [TEST_STEP][PASSED] - else: null

02-12-2024T07:05:34 - [TEST_STEP][PASSED] - TB = tabB.toInteger(): null

02-12-2024T07:05:34 - [TEST_STEP][PASSED] - setValueToCellByIndex(sheet01, n, 5, TB): null

02-12-2024T07:05:34 - [TEST_STEP][PASSED] - setValueToCellByIndex(sheet01, n, 6, m): null

02-12-2024T07:05:34 - [TEST_STEP][PASSED] - setValueToCellByIndex(sheet01, n, 7, y): null

02-12-2024T07:05:34 - [TEST_STEP][PASSED] - setValueToCellByIndex(sheet01, n, 8, todaysDate): null

02-12-2024T07:05:34 - [TEST_STEP][PASSED] - n = n + 1: null

02-12-2024T07:05:34 - [TEST_STEP][PASSED] - saveWorkbook(excelFilePath, workbook01): null

02-12-2024T07:05:35 - [TEST_STEP][PASSED] - typeOfData = "План Потери": null

02-12-2024T07:05:35 - [TEST_STEP][PASSED] - tabR = GetPPlanR(x = a): null

02-12-2024T07:05:35 - [TEST_STEP][PASSED] - i1 = <not implemented yet for class: org.codehaus.groovy.ast.expr.EmptyExpression>: null

02-12-2024T07:05:35 - [TEST_STEP][PASSED] - ii = <not implemented yet for class: org.codehaus.groovy.ast.expr.EmptyExpression>: null

02-12-2024T07:05:35 - [TEST_STEP][PASSED] - for ([ii = 1, ii < 9, (ii++)]): null

02-12-2024T07:05:35 - [TEST_STEP][PASSED] - i1 = x.indexOf("/") + 1: null

02-12-2024T07:05:35 - [TEST_STEP][PASSED] - if (i1 > -1): null

02-12-2024T07:05:35 - [TEST_STEP][PASSED] - x = x.substring(i1, x.length()): null

02-12-2024T07:05:35 - [TEST_STEP][PASSED] - println(x): null

02-12-2024T07:05:35 - [TEST_STEP][PASSED] - i1 = x.indexOf("/") + 1: null

02-12-2024T07:05:35 - [TEST_STEP][PASSED] - if (i1 > -1): null

02-12-2024T07:05:35 - [TEST_STEP][PASSED] - x = x.substring(i1, x.length()): null

02-12-2024T07:05:35 - [TEST_STEP][PASSED] - println(x): null

02-12-2024T07:05:35 - [TEST_STEP][PASSED] - i1 = x.indexOf("/") + 1: null

02-12-2024T07:05:35 - [TEST_STEP][PASSED] - if (i1 > -1): null

02-12-2024T07:05:35 - [TEST_STEP][PASSED] - x = x.substring(i1, x.length()): null

02-12-2024T07:05:35 - [TEST_STEP][PASSED] - println(x): null

02-12-2024T07:05:35 - [TEST_STEP][PASSED] - i1 = x.indexOf("/") + 1: null

02-12-2024T07:05:35 - [TEST_STEP][PASSED] - if (i1 > -1): null

02-12-2024T07:05:35 - [TEST_STEP][PASSED] - x = x.substring(i1, x.length()): null

02-12-2024T07:05:35 - [TEST_STEP][PASSED] - println(x): null

02-12-2024T07:05:35 - [TEST_STEP][PASSED] - i1 = x.indexOf("/") + 1: null

02-12-2024T07:05:35 - [TEST_STEP][PASSED] - if (i1 > -1): null

02-12-2024T07:05:35 - [TEST_STEP][PASSED] - x = x.substring(i1, x.length()): null

02-12-2024T07:05:35 - [TEST_STEP][PASSED] - println(x): null

02-12-2024T07:05:35 - [TEST_STEP][PASSED] - i1 = x.indexOf("/") + 1: null

02-12-2024T07:05:35 - [TEST_STEP][PASSED] - if (i1 > -1): null

02-12-2024T07:05:35 - [TEST_STEP][PASSED] - x = x.substring(i1, x.length()): null

02-12-2024T07:05:35 - [TEST_STEP][PASSED] - println(x): null

02-12-2024T07:05:35 - [TEST_STEP][PASSED] - i1 = x.indexOf("/") + 1: null

02-12-2024T07:05:35 - [TEST_STEP][PASSED] - if (i1 > -1): null

02-12-2024T07:05:35 - [TEST_STEP][PASSED] - x = x.substring(i1, x.length()): null

02-12-2024T07:05:35 - [TEST_STEP][PASSED] - println(x): null

02-12-2024T07:05:35 - [TEST_STEP][PASSED] - i1 = x.indexOf("/") + 1: null

02-12-2024T07:05:35 - [TEST_STEP][PASSED] - if (i1 > -1): null

02-12-2024T07:05:35 - [TEST_STEP][PASSED] - x = x.substring(i1, x.length()): null

02-12-2024T07:05:35 - [TEST_STEP][PASSED] - println(x): null

02-12-2024T07:05:35 - [TEST_STEP][PASSED] - i1 = x.indexOf("/"): null

02-12-2024T07:05:35 - [TEST_STEP][PASSED] - if (i1 > -1): null

02-12-2024T07:05:35 - [TEST_STEP][PASSED] - x = x.substring(0, i1): null

02-12-2024T07:05:35 - [TEST_STEP][PASSED] - println(x): null

02-12-2024T07:05:35 - [TEST_STEP][PASSED] - return x: null

02-12-2024T07:05:35 - [TEST_STEP][PASSED] - tabB = GetPPlanB(x = b): null

02-12-2024T07:05:35 - [TEST_STEP][PASSED] - i1 = <not implemented yet for class: org.codehaus.groovy.ast.expr.EmptyExpression>: null

02-12-2024T07:05:35 - [TEST_STEP][PASSED] - ii = <not implemented yet for class: org.codehaus.groovy.ast.expr.EmptyExpression>: null

02-12-2024T07:05:35 - [TEST_STEP][PASSED] - for ([ii = 1, ii < 9, (ii++)]): null

02-12-2024T07:05:35 - [TEST_STEP][PASSED] - i1 = x.indexOf("/") + 1: null

02-12-2024T07:05:35 - [TEST_STEP][PASSED] - if (i1 > -1): null

02-12-2024T07:05:35 - [TEST_STEP][PASSED] - x = x.substring(i1, x.length()): null

02-12-2024T07:05:35 - [TEST_STEP][PASSED] - println(x): null

02-12-2024T07:05:35 - [TEST_STEP][PASSED] - i1 = x.indexOf("/") + 1: null

02-12-2024T07:05:35 - [TEST_STEP][PASSED] - if (i1 > -1): null

02-12-2024T07:05:35 - [TEST_STEP][PASSED] - x = x.substring(i1, x.length()): null

02-12-2024T07:05:35 - [TEST_STEP][PASSED] - println(x): null

02-12-2024T07:05:35 - [TEST_STEP][PASSED] - i1 = x.indexOf("/") + 1: null

02-12-2024T07:05:35 - [TEST_STEP][PASSED] - if (i1 > -1): null

02-12-2024T07:05:35 - [TEST_STEP][PASSED] - x = x.substring(i1, x.length()): null

02-12-2024T07:05:35 - [TEST_STEP][PASSED] - println(x): null

02-12-2024T07:05:35 - [TEST_STEP][PASSED] - i1 = x.indexOf("/") + 1: null

02-12-2024T07:05:35 - [TEST_STEP][PASSED] - if (i1 > -1): null

02-12-2024T07:05:35 - [TEST_STEP][PASSED] - x = x.substring(i1, x.length()): null

02-12-2024T07:05:35 - [TEST_STEP][PASSED] - println(x): null

02-12-2024T07:05:35 - [TEST_STEP][PASSED] - i1 = x.indexOf("/") + 1: null

02-12-2024T07:05:35 - [TEST_STEP][PASSED] - if (i1 > -1): null

02-12-2024T07:05:35 - [TEST_STEP][PASSED] - x = x.substring(i1, x.length()): null

02-12-2024T07:05:35 - [TEST_STEP][PASSED] - println(x): null

02-12-2024T07:05:35 - [TEST_STEP][PASSED] - i1 = x.indexOf("/") + 1: null

02-12-2024T07:05:35 - [TEST_STEP][PASSED] - if (i1 > -1): null

02-12-2024T07:05:35 - [TEST_STEP][PASSED] - x = x.substring(i1, x.length()): null

02-12-2024T07:05:35 - [TEST_STEP][PASSED] - println(x): null

02-12-2024T07:05:35 - [TEST_STEP][PASSED] - i1 = x.indexOf("/") + 1: null

02-12-2024T07:05:35 - [TEST_STEP][PASSED] - if (i1 > -1): null

02-12-2024T07:05:35 - [TEST_STEP][PASSED] - x = x.substring(i1, x.length()): null

02-12-2024T07:05:35 - [TEST_STEP][PASSED] - println(x): null

02-12-2024T07:05:35 - [TEST_STEP][PASSED] - i1 = x.indexOf("/") + 1: null

02-12-2024T07:05:35 - [TEST_STEP][PASSED] - if (i1 > -1): null

02-12-2024T07:05:35 - [TEST_STEP][PASSED] - x = x.substring(i1, x.length()): null

02-12-2024T07:05:35 - [TEST_STEP][PASSED] - println(x): null

02-12-2024T07:05:35 - [TEST_STEP][PASSED] - i1 = x.indexOf("/"): null

02-12-2024T07:05:35 - [TEST_STEP][PASSED] - if (i1 > -1): null

02-12-2024T07:05:35 - [TEST_STEP][PASSED] - x = x.substring(0, i1): null

02-12-2024T07:05:35 - [TEST_STEP][PASSED] - println(x): null

02-12-2024T07:05:35 - [TEST_STEP][FAILED] - return x: null

02-12-2024T07:05:35 - [TEST_STEP][PASSED] - println(tabR + "/" + tabB): null

02-12-2024T07:05:35 - [TEST_STEP][FAILED] - if (verifyEqual(PercFactR, PercFactB) == false): null

02-12-2024T07:05:35 - [MESSAGE][FAILED] - Unable to verify equal between actual object 'нет данных' and expected object '8.28' (Root cause: com.kms.katalon.core.exception.StepFailedException: Actual object 'нет данных' and expected object '8.28' are not equal
	at com.kms.katalon.core.keyword.builtin.VerifyEqualKeyword$_verifyEqual_closure1.doCall(VerifyEqualKeyword.groovy:58)
	at com.kms.katalon.core.keyword.builtin.VerifyEqualKeyword$_verifyEqual_closure1.call(VerifyEqualKeyword.groovy)
	at com.kms.katalon.core.keyword.internal.KeywordMain.runKeyword(KeywordMain.groovy:75)
	at com.kms.katalon.core.keyword.builtin.VerifyEqualKeyword.verifyEqual(VerifyEqualKeyword.groovy:63)
	at com.kms.katalon.core.keyword.builtin.VerifyEqualKeyword.execute(VerifyEqualKeyword.groovy:44)
	at com.kms.katalon.core.keyword.internal.KeywordExecutor.executeKeywordForPlatform(KeywordExecutor.groovy:74)
	at com.kms.katalon.core.keyword.BuiltinKeywords.verifyEqual(BuiltinKeywords.groovy:146)
	at jdk.internal.reflect.GeneratedMethodAccessor25.invoke(Unknown Source)
	at java.base/jdk.internal.reflect.DelegatingMethodAccessorImpl.invoke(DelegatingMethodAccessorImpl.java:43)
	at Выполнение бизнес-плана сверка дашбордов.CompareDZOData(Выполнение бизнес-плана сверка дашбордов:771)
	at Выполнение бизнес-плана сверка дашбордов.run(Выполнение бизнес-плана сверка дашбордов:633)
	at com.kms.katalon.core.main.ScriptEngine.run(ScriptEngine.java:194)
	at com.kms.katalon.core.main.ScriptEngine.runScriptAsRawText(ScriptEngine.java:119)
	at com.kms.katalon.core.main.TestCaseExecutor.runScript(TestCaseExecutor.java:448)
	at com.kms.katalon.core.main.TestCaseExecutor.doExecute(TestCaseExecutor.java:439)
	at com.kms.katalon.core.main.TestCaseExecutor.processExecutionPhase(TestCaseExecutor.java:418)
	at com.kms.katalon.core.main.TestCaseExecutor.accessMainPhase(TestCaseExecutor.java:410)
	at com.kms.katalon.core.main.TestCaseExecutor.execute(TestCaseExecutor.java:285)
	at com.kms.katalon.core.common.CommonExecutor.accessTestCaseMainPhase(CommonExecutor.java:65)
	at com.kms.katalon.core.main.TestSuiteExecutor.accessTestSuiteMainPhase(TestSuiteExecutor.java:150)
	at com.kms.katalon.core.main.TestSuiteExecutor.execute(TestSuiteExecutor.java:106)
	at com.kms.katalon.core.main.TestCaseMain.startTestSuite(TestCaseMain.java:180)
	at TempTestSuite1733111659562.run(TempTestSuite1733111659562.groovy:35)
	at java.base/jdk.internal.reflect.NativeMethodAccessorImpl.invoke0(Native Method)
	at java.base/jdk.internal.reflect.NativeMethodAccessorImpl.invoke(NativeMethodAccessorImpl.java:77)
	at java.base/jdk.internal.reflect.DelegatingMethodAccessorImpl.invoke(DelegatingMethodAccessorImpl.java:43)
)

02-12-2024T07:05:35 - [TEST_STEP][PASSED] - result = WriteToExcel(typeOfData, todaysDate, PercPlanR, PercPlanB, PercFactR, PercFactB, x, tabR, tabB, o1R, o1B, vidget): null

02-12-2024T07:05:35 - [TEST_STEP][PASSED] - iii = dZO.indexOf("/"): null

02-12-2024T07:05:35 - [TEST_STEP][PASSED] - println(iii): null

02-12-2024T07:05:35 - [TEST_STEP][PASSED] - dZO = dZO.substring(0, iii): null

02-12-2024T07:05:35 - [TEST_STEP][PASSED] - println(dZO): null

02-12-2024T07:05:35 - [TEST_STEP][PASSED] - println(PercPlanR): null

02-12-2024T07:05:35 - [TEST_STEP][PASSED] - println(PercPlanB): null

02-12-2024T07:05:35 - [TEST_STEP][PASSED] - println(PercFactR): null

02-12-2024T07:05:35 - [TEST_STEP][PASSED] - println(PercFactB): null

02-12-2024T07:05:35 - [TEST_STEP][PASSED] - println(tabR): null

02-12-2024T07:05:35 - [TEST_STEP][PASSED] - println(tabB): null

02-12-2024T07:05:35 - [TEST_STEP][PASSED] - println(o1R): null

02-12-2024T07:05:35 - [TEST_STEP][PASSED] - println(o1B): null

02-12-2024T07:05:35 - [TEST_STEP][PASSED] - PR = <not implemented yet for class: org.codehaus.groovy.ast.expr.EmptyExpression>: null

02-12-2024T07:05:35 - [TEST_STEP][PASSED] - FR = <not implemented yet for class: org.codehaus.groovy.ast.expr.EmptyExpression>: null

02-12-2024T07:05:35 - [TEST_STEP][PASSED] - PB = <not implemented yet for class: org.codehaus.groovy.ast.expr.EmptyExpression>: null

02-12-2024T07:05:35 - [TEST_STEP][PASSED] - FB = <not implemented yet for class: org.codehaus.groovy.ast.expr.EmptyExpression>: null

02-12-2024T07:05:35 - [TEST_STEP][PASSED] - TR = <not implemented yet for class: org.codehaus.groovy.ast.expr.EmptyExpression>: null

02-12-2024T07:05:35 - [TEST_STEP][PASSED] - TB = <not implemented yet for class: org.codehaus.groovy.ast.expr.EmptyExpression>: null

02-12-2024T07:05:35 - [TEST_STEP][PASSED] - sheetName = "Sheet1": null

02-12-2024T07:05:35 - [TEST_STEP][PASSED] - data = findTestData("PlanFact"): null

02-12-2024T07:05:35 - [TEST_STEP][PASSED] - n = data.getRowNumbers() + 1: null

02-12-2024T07:05:35 - [TEST_STEP][PASSED] - year = todaysDate.substring(todaysDate.length() - 4, todaysDate.length()): null

02-12-2024T07:05:35 - [TEST_STEP][PASSED] - y = year.toInteger(): null

02-12-2024T07:05:35 - [TEST_STEP][PASSED] - m = getText(findTestObject("Выполнение бизнес-плана/Выполнение бизнес-плана Балансы/Фильтр Дата")): Text of object 'Object Repository/Выполнение бизнес-плана/Выполнение бизнес-плана Балансы/Фильтр Дата' is: '1, 2, 3 кв., Октябрь 2024 года'

02-12-2024T07:05:35 - [MESSAGE][PASSED] - Text of object 'Object Repository/Выполнение бизнес-плана/Выполнение бизнес-плана Балансы/Фильтр Дата' is: '1, 2, 3 кв., Октябрь 2024 года'

02-12-2024T07:05:35 - [TEST_STEP][PASSED] - m = m.substring(0, m.indexOf("2024")): null

02-12-2024T07:05:35 - [TEST_STEP][PASSED] - m = m.trim(): null

02-12-2024T07:05:35 - [TEST_STEP][PASSED] - dashboardName = "Выполнение бизнес-плана": null

02-12-2024T07:05:35 - [TEST_STEP][PASSED] - workbook01 = getWorkbook(excelFilePath): null

02-12-2024T07:05:35 - [TEST_STEP][PASSED] - sheet01 = getExcelSheet(workbook01, sheetName): null

02-12-2024T07:05:35 - [TEST_STEP][PASSED] - setValueToCellByIndex(sheet01, n, 0, dashboardName): null

02-12-2024T07:05:35 - [TEST_STEP][PASSED] - setValueToCellByIndex(sheet01, n, 1, dZO): null

02-12-2024T07:05:35 - [TEST_STEP][PASSED] - setValueToCellByIndex(sheet01, n, 2, typeOfData): null

02-12-2024T07:05:35 - [TEST_STEP][PASSED] - setValueToCellByIndex(sheet01, n, 3, typeOfData): null

02-12-2024T07:05:35 - [TEST_STEP][PASSED] - if (typeOfData == "План"): null

02-12-2024T07:05:35 - [TEST_STEP][PASSED] - else if (typeOfData == "Факт"): null

02-12-2024T07:05:35 - [TEST_STEP][PASSED] - else if (vidget.contains("электроэнергии") == true): null

02-12-2024T07:05:35 - [TEST_STEP][PASSED] - if (tabR == null): null

02-12-2024T07:05:35 - [TEST_STEP][PASSED] - else: null

02-12-2024T07:05:35 - [TEST_STEP][PASSED] - if (tabR == "нет данных"): null

02-12-2024T07:05:35 - [TEST_STEP][PASSED] - setValueToCellByIndex(sheet01, n, 4, "нет данных"): null

02-12-2024T07:05:35 - [TEST_STEP][PASSED] - if (tabB == null): null

02-12-2024T07:05:35 - [TEST_STEP][PASSED] - else: null

02-12-2024T07:05:35 - [TEST_STEP][PASSED] - if (tabB == "нет данных"): null

02-12-2024T07:05:35 - [TEST_STEP][PASSED] - else: null

02-12-2024T07:05:35 - [TEST_STEP][PASSED] - TB = tabB.toInteger(): null

02-12-2024T07:05:35 - [TEST_STEP][PASSED] - setValueToCellByIndex(sheet01, n, 5, TB): null

02-12-2024T07:05:35 - [TEST_STEP][PASSED] - setValueToCellByIndex(sheet01, n, 6, m): null

02-12-2024T07:05:35 - [TEST_STEP][PASSED] - setValueToCellByIndex(sheet01, n, 7, y): null

02-12-2024T07:05:35 - [TEST_STEP][PASSED] - setValueToCellByIndex(sheet01, n, 8, todaysDate): null

02-12-2024T07:05:35 - [TEST_STEP][PASSED] - n = n + 1: null

02-12-2024T07:05:35 - [TEST_STEP][PASSED] - saveWorkbook(excelFilePath, workbook01): null

02-12-2024T07:05:35 - [TEST_STEP][PASSED] - ii2 = a.indexOf("ПАО"): null

02-12-2024T07:05:35 - [TEST_STEP][PASSED] - if (ii2 == -1): null

02-12-2024T07:05:35 - [TEST_STEP][PASSED] - vidget = "Отклонения фактического уровня потерь от бизнес-плана": null

02-12-2024T07:05:35 - [TEST_STEP][PASSED] - typeOfData = "Коэффициент": null

02-12-2024T07:05:35 - [TEST_STEP][PASSED] - o1R = Geto1R(x = a): null

02-12-2024T07:05:35 - [TEST_STEP][PASSED] - i1 = <not implemented yet for class: org.codehaus.groovy.ast.expr.EmptyExpression>: null

02-12-2024T07:05:35 - [TEST_STEP][PASSED] - ii = <not implemented yet for class: org.codehaus.groovy.ast.expr.EmptyExpression>: null

02-12-2024T07:05:35 - [TEST_STEP][PASSED] - for ([ii = 1, ii < 10, (ii++)]): null

02-12-2024T07:05:35 - [TEST_STEP][PASSED] - i1 = x.indexOf("/") + 1: null

02-12-2024T07:05:35 - [TEST_STEP][PASSED] - if (i1 > -1): null

02-12-2024T07:05:35 - [TEST_STEP][PASSED] - x = x.substring(i1, x.length()): null

02-12-2024T07:05:35 - [TEST_STEP][PASSED] - i1 = x.indexOf("/") + 1: null

02-12-2024T07:05:35 - [TEST_STEP][PASSED] - if (i1 > -1): null

02-12-2024T07:05:35 - [TEST_STEP][PASSED] - x = x.substring(i1, x.length()): null

02-12-2024T07:05:35 - [TEST_STEP][PASSED] - i1 = x.indexOf("/") + 1: null

02-12-2024T07:05:35 - [TEST_STEP][PASSED] - if (i1 > -1): null

02-12-2024T07:05:35 - [TEST_STEP][PASSED] - x = x.substring(i1, x.length()): null

02-12-2024T07:05:35 - [TEST_STEP][PASSED] - i1 = x.indexOf("/") + 1: null

02-12-2024T07:05:35 - [TEST_STEP][PASSED] - if (i1 > -1): null

02-12-2024T07:05:35 - [TEST_STEP][PASSED] - x = x.substring(i1, x.length()): null

02-12-2024T07:05:35 - [TEST_STEP][PASSED] - i1 = x.indexOf("/") + 1: null

02-12-2024T07:05:35 - [TEST_STEP][PASSED] - if (i1 > -1): null

02-12-2024T07:05:35 - [TEST_STEP][PASSED] - x = x.substring(i1, x.length()): null

02-12-2024T07:05:35 - [TEST_STEP][PASSED] - i1 = x.indexOf("/") + 1: null

02-12-2024T07:05:35 - [TEST_STEP][PASSED] - if (i1 > -1): null

02-12-2024T07:05:35 - [TEST_STEP][PASSED] - x = x.substring(i1, x.length()): null

02-12-2024T07:05:35 - [TEST_STEP][PASSED] - i1 = x.indexOf("/") + 1: null

02-12-2024T07:05:35 - [TEST_STEP][PASSED] - if (i1 > -1): null

02-12-2024T07:05:35 - [TEST_STEP][PASSED] - x = x.substring(i1, x.length()): null

02-12-2024T07:05:35 - [TEST_STEP][PASSED] - i1 = x.indexOf("/") + 1: null

02-12-2024T07:05:35 - [TEST_STEP][PASSED] - if (i1 > -1): null

02-12-2024T07:05:35 - [TEST_STEP][PASSED] - x = x.substring(i1, x.length()): null

02-12-2024T07:05:35 - [TEST_STEP][PASSED] - i1 = x.indexOf("/") + 1: null

02-12-2024T07:05:35 - [TEST_STEP][PASSED] - if (i1 > -1): null

02-12-2024T07:05:35 - [TEST_STEP][PASSED] - x = x.substring(i1, x.length()): null

02-12-2024T07:05:35 - [TEST_STEP][PASSED] - i1 = x.indexOf("/"): null

02-12-2024T07:05:35 - [TEST_STEP][PASSED] - if (i1 > -1): null

02-12-2024T07:05:35 - [TEST_STEP][PASSED] - println(x): null

02-12-2024T07:05:35 - [TEST_STEP][PASSED] - return x: null

02-12-2024T07:05:35 - [TEST_STEP][PASSED] - o1B = Geto1B(x = b): null

02-12-2024T07:05:35 - [TEST_STEP][PASSED] - i1 = <not implemented yet for class: org.codehaus.groovy.ast.expr.EmptyExpression>: null

02-12-2024T07:05:35 - [TEST_STEP][PASSED] - ii = <not implemented yet for class: org.codehaus.groovy.ast.expr.EmptyExpression>: null

02-12-2024T07:05:35 - [TEST_STEP][PASSED] - for ([ii = 1, ii < 10, (ii++)]): null

02-12-2024T07:05:35 - [TEST_STEP][PASSED] - i1 = x.indexOf("/") + 1: null

02-12-2024T07:05:35 - [TEST_STEP][PASSED] - if (i1 > -1): null

02-12-2024T07:05:35 - [TEST_STEP][PASSED] - x = x.substring(i1, x.length()): null

02-12-2024T07:05:35 - [TEST_STEP][PASSED] - i1 = x.indexOf("/") + 1: null

02-12-2024T07:05:35 - [TEST_STEP][PASSED] - if (i1 > -1): null

02-12-2024T07:05:35 - [TEST_STEP][PASSED] - x = x.substring(i1, x.length()): null

02-12-2024T07:05:35 - [TEST_STEP][PASSED] - i1 = x.indexOf("/") + 1: null

02-12-2024T07:05:35 - [TEST_STEP][PASSED] - if (i1 > -1): null

02-12-2024T07:05:35 - [TEST_STEP][PASSED] - x = x.substring(i1, x.length()): null

02-12-2024T07:05:35 - [TEST_STEP][PASSED] - i1 = x.indexOf("/") + 1: null

02-12-2024T07:05:35 - [TEST_STEP][PASSED] - if (i1 > -1): null

02-12-2024T07:05:35 - [TEST_STEP][PASSED] - x = x.substring(i1, x.length()): null

02-12-2024T07:05:35 - [TEST_STEP][PASSED] - i1 = x.indexOf("/") + 1: null

02-12-2024T07:05:35 - [TEST_STEP][PASSED] - if (i1 > -1): null

02-12-2024T07:05:35 - [TEST_STEP][PASSED] - x = x.substring(i1, x.length()): null

02-12-2024T07:05:35 - [TEST_STEP][PASSED] - i1 = x.indexOf("/") + 1: null

02-12-2024T07:05:35 - [TEST_STEP][PASSED] - if (i1 > -1): null

02-12-2024T07:05:35 - [TEST_STEP][PASSED] - x = x.substring(i1, x.length()): null

02-12-2024T07:05:35 - [TEST_STEP][PASSED] - i1 = x.indexOf("/") + 1: null

02-12-2024T07:05:35 - [TEST_STEP][PASSED] - if (i1 > -1): null

02-12-2024T07:05:35 - [TEST_STEP][PASSED] - x = x.substring(i1, x.length()): null

02-12-2024T07:05:35 - [TEST_STEP][PASSED] - i1 = x.indexOf("/") + 1: null

02-12-2024T07:05:35 - [TEST_STEP][PASSED] - if (i1 > -1): null

02-12-2024T07:05:35 - [TEST_STEP][PASSED] - x = x.substring(i1, x.length()): null

02-12-2024T07:05:35 - [TEST_STEP][PASSED] - i1 = x.indexOf("/") + 1: null

02-12-2024T07:05:35 - [TEST_STEP][PASSED] - if (i1 > -1): null

02-12-2024T07:05:35 - [TEST_STEP][PASSED] - x = x.substring(i1, x.length()): null

02-12-2024T07:05:35 - [TEST_STEP][PASSED] - i1 = x.indexOf("/"): null

02-12-2024T07:05:35 - [TEST_STEP][PASSED] - if (i1 > -1): null

02-12-2024T07:05:35 - [TEST_STEP][PASSED] - println(x): null

02-12-2024T07:05:35 - [TEST_STEP][FAILED] - return x: null

02-12-2024T07:05:35 - [TEST_STEP][PASSED] - println(o1R + "/" + o1B): null

02-12-2024T07:05:35 - [TEST_STEP][FAILED] - if (verifyEqual(PercFactR, PercFactB) == false): null

02-12-2024T07:05:35 - [MESSAGE][FAILED] - Unable to verify equal between actual object 'нет данных' and expected object '8.28' (Root cause: com.kms.katalon.core.exception.StepFailedException: Actual object 'нет данных' and expected object '8.28' are not equal
	at com.kms.katalon.core.keyword.builtin.VerifyEqualKeyword$_verifyEqual_closure1.doCall(VerifyEqualKeyword.groovy:58)
	at com.kms.katalon.core.keyword.builtin.VerifyEqualKeyword$_verifyEqual_closure1.call(VerifyEqualKeyword.groovy)
	at com.kms.katalon.core.keyword.internal.KeywordMain.runKeyword(KeywordMain.groovy:75)
	at com.kms.katalon.core.keyword.builtin.VerifyEqualKeyword.verifyEqual(VerifyEqualKeyword.groovy:63)
	at com.kms.katalon.core.keyword.builtin.VerifyEqualKeyword.execute(VerifyEqualKeyword.groovy:44)
	at com.kms.katalon.core.keyword.internal.KeywordExecutor.executeKeywordForPlatform(KeywordExecutor.groovy:74)
	at com.kms.katalon.core.keyword.BuiltinKeywords.verifyEqual(BuiltinKeywords.groovy:146)
	at jdk.internal.reflect.GeneratedMethodAccessor25.invoke(Unknown Source)
	at java.base/jdk.internal.reflect.DelegatingMethodAccessorImpl.invoke(DelegatingMethodAccessorImpl.java:43)
	at Выполнение бизнес-плана сверка дашбордов.CompareDZOData(Выполнение бизнес-плана сверка дашбордов:789)
	at Выполнение бизнес-плана сверка дашбордов.run(Выполнение бизнес-плана сверка дашбордов:633)
	at com.kms.katalon.core.main.ScriptEngine.run(ScriptEngine.java:194)
	at com.kms.katalon.core.main.ScriptEngine.runScriptAsRawText(ScriptEngine.java:119)
	at com.kms.katalon.core.main.TestCaseExecutor.runScript(TestCaseExecutor.java:448)
	at com.kms.katalon.core.main.TestCaseExecutor.doExecute(TestCaseExecutor.java:439)
	at com.kms.katalon.core.main.TestCaseExecutor.processExecutionPhase(TestCaseExecutor.java:418)
	at com.kms.katalon.core.main.TestCaseExecutor.accessMainPhase(TestCaseExecutor.java:410)
	at com.kms.katalon.core.main.TestCaseExecutor.execute(TestCaseExecutor.java:285)
	at com.kms.katalon.core.common.CommonExecutor.accessTestCaseMainPhase(CommonExecutor.java:65)
	at com.kms.katalon.core.main.TestSuiteExecutor.accessTestSuiteMainPhase(TestSuiteExecutor.java:150)
	at com.kms.katalon.core.main.TestSuiteExecutor.execute(TestSuiteExecutor.java:106)
	at com.kms.katalon.core.main.TestCaseMain.startTestSuite(TestCaseMain.java:180)
	at TempTestSuite1733111659562.run(TempTestSuite1733111659562.groovy:35)
	at java.base/jdk.internal.reflect.NativeMethodAccessorImpl.invoke0(Native Method)
	at java.base/jdk.internal.reflect.NativeMethodAccessorImpl.invoke(NativeMethodAccessorImpl.java:77)
	at java.base/jdk.internal.reflect.DelegatingMethodAccessorImpl.invoke(DelegatingMethodAccessorImpl.java:43)
)

02-12-2024T07:05:35 - [TEST_STEP][PASSED] - result = WriteToExcel(typeOfData, todaysDate, PercPlanR, PercPlanB, PercFactR, PercFactB, x, tabR, tabB, o1R, o1B, vidget): null

02-12-2024T07:05:35 - [TEST_STEP][PASSED] - iii = dZO.indexOf("/"): null

02-12-2024T07:05:35 - [TEST_STEP][PASSED] - println(iii): null

02-12-2024T07:05:35 - [TEST_STEP][PASSED] - dZO = dZO.substring(0, iii): null

02-12-2024T07:05:35 - [TEST_STEP][PASSED] - println(dZO): null

02-12-2024T07:05:35 - [TEST_STEP][PASSED] - println(PercPlanR): null

02-12-2024T07:05:35 - [TEST_STEP][PASSED] - println(PercPlanB): null

02-12-2024T07:05:35 - [TEST_STEP][PASSED] - println(PercFactR): null

02-12-2024T07:05:35 - [TEST_STEP][PASSED] - println(PercFactB): null

02-12-2024T07:05:35 - [TEST_STEP][PASSED] - println(tabR): null

02-12-2024T07:05:35 - [TEST_STEP][PASSED] - println(tabB): null

02-12-2024T07:05:35 - [TEST_STEP][PASSED] - println(o1R): null

02-12-2024T07:05:35 - [TEST_STEP][PASSED] - println(o1B): null

02-12-2024T07:05:35 - [TEST_STEP][PASSED] - PR = <not implemented yet for class: org.codehaus.groovy.ast.expr.EmptyExpression>: null

02-12-2024T07:05:35 - [TEST_STEP][PASSED] - FR = <not implemented yet for class: org.codehaus.groovy.ast.expr.EmptyExpression>: null

02-12-2024T07:05:35 - [TEST_STEP][PASSED] - PB = <not implemented yet for class: org.codehaus.groovy.ast.expr.EmptyExpression>: null

02-12-2024T07:05:35 - [TEST_STEP][PASSED] - FB = <not implemented yet for class: org.codehaus.groovy.ast.expr.EmptyExpression>: null

02-12-2024T07:05:35 - [TEST_STEP][PASSED] - TR = <not implemented yet for class: org.codehaus.groovy.ast.expr.EmptyExpression>: null

02-12-2024T07:05:35 - [TEST_STEP][PASSED] - TB = <not implemented yet for class: org.codehaus.groovy.ast.expr.EmptyExpression>: null

02-12-2024T07:05:35 - [TEST_STEP][PASSED] - sheetName = "Sheet1": null

02-12-2024T07:05:35 - [TEST_STEP][PASSED] - data = findTestData("PlanFact"): null

02-12-2024T07:05:35 - [TEST_STEP][PASSED] - n = data.getRowNumbers() + 1: null

02-12-2024T07:05:35 - [TEST_STEP][PASSED] - year = todaysDate.substring(todaysDate.length() - 4, todaysDate.length()): null

02-12-2024T07:05:35 - [TEST_STEP][PASSED] - y = year.toInteger(): null

02-12-2024T07:05:35 - [TEST_STEP][PASSED] - m = getText(findTestObject("Выполнение бизнес-плана/Выполнение бизнес-плана Балансы/Фильтр Дата")): Text of object 'Object Repository/Выполнение бизнес-плана/Выполнение бизнес-плана Балансы/Фильтр Дата' is: '1, 2, 3 кв., Октябрь 2024 года'

02-12-2024T07:05:36 - [MESSAGE][PASSED] - Text of object 'Object Repository/Выполнение бизнес-плана/Выполнение бизнес-плана Балансы/Фильтр Дата' is: '1, 2, 3 кв., Октябрь 2024 года'

02-12-2024T07:05:36 - [TEST_STEP][PASSED] - m = m.substring(0, m.indexOf("2024")): null

02-12-2024T07:05:36 - [TEST_STEP][PASSED] - m = m.trim(): null

02-12-2024T07:05:36 - [TEST_STEP][PASSED] - dashboardName = "Выполнение бизнес-плана": null

02-12-2024T07:05:36 - [TEST_STEP][PASSED] - workbook01 = getWorkbook(excelFilePath): null

02-12-2024T07:05:36 - [TEST_STEP][PASSED] - sheet01 = getExcelSheet(workbook01, sheetName): null

02-12-2024T07:05:36 - [TEST_STEP][PASSED] - setValueToCellByIndex(sheet01, n, 0, dashboardName): null

02-12-2024T07:05:36 - [TEST_STEP][PASSED] - setValueToCellByIndex(sheet01, n, 1, dZO): null

02-12-2024T07:05:36 - [TEST_STEP][PASSED] - setValueToCellByIndex(sheet01, n, 2, typeOfData): null

02-12-2024T07:05:36 - [TEST_STEP][PASSED] - setValueToCellByIndex(sheet01, n, 3, typeOfData): null

02-12-2024T07:05:36 - [TEST_STEP][PASSED] - if (typeOfData == "План"): null

02-12-2024T07:05:36 - [TEST_STEP][PASSED] - else if (typeOfData == "Факт"): null

02-12-2024T07:05:36 - [TEST_STEP][PASSED] - else if (vidget.contains("электроэнергии") == true): null

02-12-2024T07:05:36 - [TEST_STEP][PASSED] - else: null

02-12-2024T07:05:36 - [TEST_STEP][PASSED] - if (o1R == null): null

02-12-2024T07:05:36 - [TEST_STEP][PASSED] - else: null

02-12-2024T07:05:36 - [TEST_STEP][PASSED] - if (o1R == "нет данных"): null

02-12-2024T07:05:36 - [TEST_STEP][PASSED] - setValueToCellByIndex(sheet01, n, 4, "нет данных"): null

02-12-2024T07:05:36 - [TEST_STEP][PASSED] - if (o1B == null): null

02-12-2024T07:05:36 - [TEST_STEP][PASSED] - else: null

02-12-2024T07:05:36 - [TEST_STEP][PASSED] - if (o1B == "нет данных"): null

02-12-2024T07:05:36 - [TEST_STEP][PASSED] - else: null

02-12-2024T07:05:36 - [TEST_STEP][PASSED] - FB = o1B.toDouble(): null

02-12-2024T07:05:36 - [TEST_STEP][PASSED] - setValueToCellByIndex(sheet01, n, 5, FB): null

02-12-2024T07:05:36 - [TEST_STEP][PASSED] - setValueToCellByIndex(sheet01, n, 6, m): null

02-12-2024T07:05:36 - [TEST_STEP][PASSED] - setValueToCellByIndex(sheet01, n, 7, y): null

02-12-2024T07:05:36 - [TEST_STEP][PASSED] - setValueToCellByIndex(sheet01, n, 8, todaysDate): null

02-12-2024T07:05:36 - [TEST_STEP][PASSED] - n = n + 1: null

02-12-2024T07:05:36 - [TEST_STEP][FAILED] - saveWorkbook(excelFilePath, workbook01): null

02-12-2024T07:05:36 - [TEST_STEP][PASSED] - if (verifyEqual(tyumR, tyumB) == false): Actual object 'Россети Тюмень/2.50/2.65/43413766/42264622/1149143/45056130/43930370/1125760/0.15' and expected object 'Россети Тюмень/2.50/2.65/43413766/42264622/1149143/45056130/43930370/1125760/0.15' are equal

02-12-2024T07:05:36 - [MESSAGE][PASSED] - Actual object 'Россети Тюмень/2.50/2.65/43413766/42264622/1149143/45056130/43930370/1125760/0.15' and expected object 'Россети Тюмень/2.50/2.65/43413766/42264622/1149143/45056130/43930370/1125760/0.15' are equal

02-12-2024T07:05:36 - [TEST_STEP][FAILED] - if (verifyEqual(urR, urB) == false): null

02-12-2024T07:05:36 - [MESSAGE][FAILED] - Unable to verify equal between actual object 'Россети Урал (ГК)/нет данных/нет данных/нет данных/нет данных/нет данных/нет данных/нет данных/нет данных/нет данных' and expected object 'Россети Урал (ГК)/5.87/5.76/60236197/56765393/3470805/66176856/62251551/3925305/-0.11' (Root cause: com.kms.katalon.core.exception.StepFailedException: Actual object 'Россети Урал (ГК)/нет данных/нет данных/нет данных/нет данных/нет данных/нет данных/нет данных/нет данных/нет данных' and expected object 'Россети Урал (ГК)/5.87/5.76/60236197/56765393/3470805/66176856/62251551/3925305/-0.11' are not equal
	at com.kms.katalon.core.keyword.builtin.VerifyEqualKeyword$_verifyEqual_closure1.doCall(VerifyEqualKeyword.groovy:58)
	at com.kms.katalon.core.keyword.builtin.VerifyEqualKeyword$_verifyEqual_closure1.call(VerifyEqualKeyword.groovy)
	at com.kms.katalon.core.keyword.internal.KeywordMain.runKeyword(KeywordMain.groovy:75)
	at com.kms.katalon.core.keyword.builtin.VerifyEqualKeyword.verifyEqual(VerifyEqualKeyword.groovy:63)
	at com.kms.katalon.core.keyword.builtin.VerifyEqualKeyword.execute(VerifyEqualKeyword.groovy:44)
	at com.kms.katalon.core.keyword.internal.KeywordExecutor.executeKeywordForPlatform(KeywordExecutor.groovy:74)
	at com.kms.katalon.core.keyword.BuiltinKeywords.verifyEqual(BuiltinKeywords.groovy:146)
	at jdk.internal.reflect.GeneratedMethodAccessor25.invoke(Unknown Source)
	at java.base/jdk.internal.reflect.DelegatingMethodAccessorImpl.invoke(DelegatingMethodAccessorImpl.java:43)
	at Выполнение бизнес-плана сверка дашбордов.run(Выполнение бизнес-плана сверка дашбордов:642)
	at com.kms.katalon.core.main.ScriptEngine.run(ScriptEngine.java:194)
	at com.kms.katalon.core.main.ScriptEngine.runScriptAsRawText(ScriptEngine.java:119)
	at com.kms.katalon.core.main.TestCaseExecutor.runScript(TestCaseExecutor.java:448)
	at com.kms.katalon.core.main.TestCaseExecutor.doExecute(TestCaseExecutor.java:439)
	at com.kms.katalon.core.main.TestCaseExecutor.processExecutionPhase(TestCaseExecutor.java:418)
	at com.kms.katalon.core.main.TestCaseExecutor.accessMainPhase(TestCaseExecutor.java:410)
	at com.kms.katalon.core.main.TestCaseExecutor.execute(TestCaseExecutor.java:285)
	at com.kms.katalon.core.common.CommonExecutor.accessTestCaseMainPhase(CommonExecutor.java:65)
	at com.kms.katalon.core.main.TestSuiteExecutor.accessTestSuiteMainPhase(TestSuiteExecutor.java:150)
	at com.kms.katalon.core.main.TestSuiteExecutor.execute(TestSuiteExecutor.java:106)
	at com.kms.katalon.core.main.TestCaseMain.startTestSuite(TestCaseMain.java:180)
	at TempTestSuite1733111659562.run(TempTestSuite1733111659562.groovy:35)
	at java.base/jdk.internal.reflect.NativeMethodAccessorImpl.invoke0(Native Method)
	at java.base/jdk.internal.reflect.NativeMethodAccessorImpl.invoke(NativeMethodAccessorImpl.java:77)
	at java.base/jdk.internal.reflect.DelegatingMethodAccessorImpl.invoke(DelegatingMethodAccessorImpl.java:43)
)

02-12-2024T07:05:36 - [TEST_STEP][PASSED] - result = CompareDZOData(a = urR, b = urB, dZO, typeOfData, PercPlanR, PercPlanB, PercFactR, PercFactB, todaysDate, x, vidget, tabR, tabB, o1R, o1B): null

02-12-2024T07:05:36 - [TEST_STEP][PASSED] - ii2 = <not implemented yet for class: org.codehaus.groovy.ast.expr.EmptyExpression>: null

02-12-2024T07:05:36 - [TEST_STEP][FAILED] - if (verifyEqual(a, b) == false): null

02-12-2024T07:05:36 - [MESSAGE][FAILED] - Unable to verify equal between actual object 'Россети Урал (ГК)/нет данных/нет данных/нет данных/нет данных/нет данных/нет данных/нет данных/нет данных/нет данных' and expected object 'Россети Урал (ГК)/5.87/5.76/60236197/56765393/3470805/66176856/62251551/3925305/-0.11' (Root cause: com.kms.katalon.core.exception.StepFailedException: Actual object 'Россети Урал (ГК)/нет данных/нет данных/нет данных/нет данных/нет данных/нет данных/нет данных/нет данных/нет данных' and expected object 'Россети Урал (ГК)/5.87/5.76/60236197/56765393/3470805/66176856/62251551/3925305/-0.11' are not equal
	at com.kms.katalon.core.keyword.builtin.VerifyEqualKeyword$_verifyEqual_closure1.doCall(VerifyEqualKeyword.groovy:58)
	at com.kms.katalon.core.keyword.builtin.VerifyEqualKeyword$_verifyEqual_closure1.call(VerifyEqualKeyword.groovy)
	at com.kms.katalon.core.keyword.internal.KeywordMain.runKeyword(KeywordMain.groovy:75)
	at com.kms.katalon.core.keyword.builtin.VerifyEqualKeyword.verifyEqual(VerifyEqualKeyword.groovy:63)
	at com.kms.katalon.core.keyword.builtin.VerifyEqualKeyword.execute(VerifyEqualKeyword.groovy:44)
	at com.kms.katalon.core.keyword.internal.KeywordExecutor.executeKeywordForPlatform(KeywordExecutor.groovy:74)
	at com.kms.katalon.core.keyword.BuiltinKeywords.verifyEqual(BuiltinKeywords.groovy:146)
	at jdk.internal.reflect.GeneratedMethodAccessor25.invoke(Unknown Source)
	at java.base/jdk.internal.reflect.DelegatingMethodAccessorImpl.invoke(DelegatingMethodAccessorImpl.java:43)
	at Выполнение бизнес-плана сверка дашбордов.CompareDZOData(Выполнение бизнес-плана сверка дашбордов:673)
	at Выполнение бизнес-плана сверка дашбордов.run(Выполнение бизнес-плана сверка дашбордов:643)
	at com.kms.katalon.core.main.ScriptEngine.run(ScriptEngine.java:194)
	at com.kms.katalon.core.main.ScriptEngine.runScriptAsRawText(ScriptEngine.java:119)
	at com.kms.katalon.core.main.TestCaseExecutor.runScript(TestCaseExecutor.java:448)
	at com.kms.katalon.core.main.TestCaseExecutor.doExecute(TestCaseExecutor.java:439)
	at com.kms.katalon.core.main.TestCaseExecutor.processExecutionPhase(TestCaseExecutor.java:418)
	at com.kms.katalon.core.main.TestCaseExecutor.accessMainPhase(TestCaseExecutor.java:410)
	at com.kms.katalon.core.main.TestCaseExecutor.execute(TestCaseExecutor.java:285)
	at com.kms.katalon.core.common.CommonExecutor.accessTestCaseMainPhase(CommonExecutor.java:65)
	at com.kms.katalon.core.main.TestSuiteExecutor.accessTestSuiteMainPhase(TestSuiteExecutor.java:150)
	at com.kms.katalon.core.main.TestSuiteExecutor.execute(TestSuiteExecutor.java:106)
	at com.kms.katalon.core.main.TestCaseMain.startTestSuite(TestCaseMain.java:180)
	at TempTestSuite1733111659562.run(TempTestSuite1733111659562.groovy:35)
	at java.base/jdk.internal.reflect.NativeMethodAccessorImpl.invoke0(Native Method)
	at java.base/jdk.internal.reflect.NativeMethodAccessorImpl.invoke(NativeMethodAccessorImpl.java:77)
	at java.base/jdk.internal.reflect.DelegatingMethodAccessorImpl.invoke(DelegatingMethodAccessorImpl.java:43)
)

02-12-2024T07:05:36 - [TEST_STEP][PASSED] - vidget = "Уровень потерь электроэнергии": null

02-12-2024T07:05:36 - [TEST_STEP][PASSED] - typeOfData = "План": null

02-12-2024T07:05:36 - [TEST_STEP][PASSED] - PercPlanR = GetPercPlanR(x = a): null

02-12-2024T07:05:36 - [TEST_STEP][PASSED] - i1 = <not implemented yet for class: org.codehaus.groovy.ast.expr.EmptyExpression>: null

02-12-2024T07:05:36 - [TEST_STEP][PASSED] - i1 = x.indexOf("/") + 1: null

02-12-2024T07:05:36 - [TEST_STEP][PASSED] - if (i1 > -1): null

02-12-2024T07:05:36 - [TEST_STEP][PASSED] - x = x.substring(i1, x.length()): null

02-12-2024T07:05:36 - [TEST_STEP][PASSED] - i1 = x.indexOf("/"): null

02-12-2024T07:05:36 - [TEST_STEP][PASSED] - if (i1 > -1): null

02-12-2024T07:05:36 - [TEST_STEP][PASSED] - x = x.substring(0, i1): null

02-12-2024T07:05:36 - [TEST_STEP][PASSED] - return x: null

02-12-2024T07:05:36 - [TEST_STEP][PASSED] - PercPlanB = GetPercPlanB(x = b): null

02-12-2024T07:05:36 - [TEST_STEP][PASSED] - i1 = <not implemented yet for class: org.codehaus.groovy.ast.expr.EmptyExpression>: null

02-12-2024T07:05:36 - [TEST_STEP][PASSED] - i1 = x.indexOf("/") + 1: null

02-12-2024T07:05:36 - [TEST_STEP][PASSED] - if (i1 > -1): null

02-12-2024T07:05:36 - [TEST_STEP][PASSED] - x = x.substring(i1, x.length()): null

02-12-2024T07:05:36 - [TEST_STEP][PASSED] - i1 = x.indexOf("/"): null

02-12-2024T07:05:36 - [TEST_STEP][PASSED] - if (i1 > -1): null

02-12-2024T07:05:36 - [TEST_STEP][PASSED] - x = x.substring(0, i1): null

02-12-2024T07:05:36 - [TEST_STEP][FAILED] - return x: null

02-12-2024T07:05:36 - [TEST_STEP][FAILED] - if (verifyEqual(PercPlanR, PercPlanB) == false): null

02-12-2024T07:05:36 - [MESSAGE][FAILED] - Unable to verify equal between actual object 'нет данных' and expected object '5.87' (Root cause: com.kms.katalon.core.exception.StepFailedException: Actual object 'нет данных' and expected object '5.87' are not equal
	at com.kms.katalon.core.keyword.builtin.VerifyEqualKeyword$_verifyEqual_closure1.doCall(VerifyEqualKeyword.groovy:58)
	at com.kms.katalon.core.keyword.builtin.VerifyEqualKeyword$_verifyEqual_closure1.call(VerifyEqualKeyword.groovy)
	at com.kms.katalon.core.keyword.internal.KeywordMain.runKeyword(KeywordMain.groovy:75)
	at com.kms.katalon.core.keyword.builtin.VerifyEqualKeyword.verifyEqual(VerifyEqualKeyword.groovy:63)
	at com.kms.katalon.core.keyword.builtin.VerifyEqualKeyword.execute(VerifyEqualKeyword.groovy:44)
	at com.kms.katalon.core.keyword.internal.KeywordExecutor.executeKeywordForPlatform(KeywordExecutor.groovy:74)
	at com.kms.katalon.core.keyword.BuiltinKeywords.verifyEqual(BuiltinKeywords.groovy:146)
	at jdk.internal.reflect.GeneratedMethodAccessor25.invoke(Unknown Source)
	at java.base/jdk.internal.reflect.DelegatingMethodAccessorImpl.invoke(DelegatingMethodAccessorImpl.java:43)
	at Выполнение бизнес-плана сверка дашбордов.CompareDZOData(Выполнение бизнес-плана сверка дашбордов:682)
	at Выполнение бизнес-плана сверка дашбордов.run(Выполнение бизнес-плана сверка дашбордов:643)
	at com.kms.katalon.core.main.ScriptEngine.run(ScriptEngine.java:194)
	at com.kms.katalon.core.main.ScriptEngine.runScriptAsRawText(ScriptEngine.java:119)
	at com.kms.katalon.core.main.TestCaseExecutor.runScript(TestCaseExecutor.java:448)
	at com.kms.katalon.core.main.TestCaseExecutor.doExecute(TestCaseExecutor.java:439)
	at com.kms.katalon.core.main.TestCaseExecutor.processExecutionPhase(TestCaseExecutor.java:418)
	at com.kms.katalon.core.main.TestCaseExecutor.accessMainPhase(TestCaseExecutor.java:410)
	at com.kms.katalon.core.main.TestCaseExecutor.execute(TestCaseExecutor.java:285)
	at com.kms.katalon.core.common.CommonExecutor.accessTestCaseMainPhase(CommonExecutor.java:65)
	at com.kms.katalon.core.main.TestSuiteExecutor.accessTestSuiteMainPhase(TestSuiteExecutor.java:150)
	at com.kms.katalon.core.main.TestSuiteExecutor.execute(TestSuiteExecutor.java:106)
	at com.kms.katalon.core.main.TestCaseMain.startTestSuite(TestCaseMain.java:180)
	at TempTestSuite1733111659562.run(TempTestSuite1733111659562.groovy:35)
	at java.base/jdk.internal.reflect.NativeMethodAccessorImpl.invoke0(Native Method)
	at java.base/jdk.internal.reflect.NativeMethodAccessorImpl.invoke(NativeMethodAccessorImpl.java:77)
	at java.base/jdk.internal.reflect.DelegatingMethodAccessorImpl.invoke(DelegatingMethodAccessorImpl.java:43)
)

02-12-2024T07:05:36 - [TEST_STEP][PASSED] - result = WriteToExcel(typeOfData, todaysDate, PercPlanR, PercPlanB, PercFactR, PercFactB, x, tabR, tabB, o1R, o1B, vidget): null

02-12-2024T07:05:36 - [TEST_STEP][PASSED] - iii = dZO.indexOf("/"): null

02-12-2024T07:05:36 - [TEST_STEP][PASSED] - println(iii): null

02-12-2024T07:05:36 - [TEST_STEP][PASSED] - dZO = dZO.substring(0, iii): null

02-12-2024T07:05:36 - [TEST_STEP][PASSED] - println(dZO): null

02-12-2024T07:05:36 - [TEST_STEP][PASSED] - println(PercPlanR): null

02-12-2024T07:05:36 - [TEST_STEP][PASSED] - println(PercPlanB): null

02-12-2024T07:05:36 - [TEST_STEP][PASSED] - println(PercFactR): null

02-12-2024T07:05:36 - [TEST_STEP][PASSED] - println(PercFactB): null

02-12-2024T07:05:36 - [TEST_STEP][PASSED] - println(tabR): null

02-12-2024T07:05:36 - [TEST_STEP][PASSED] - println(tabB): null

02-12-2024T07:05:36 - [TEST_STEP][PASSED] - println(o1R): null

02-12-2024T07:05:36 - [TEST_STEP][PASSED] - println(o1B): null

02-12-2024T07:05:36 - [TEST_STEP][PASSED] - PR = <not implemented yet for class: org.codehaus.groovy.ast.expr.EmptyExpression>: null

02-12-2024T07:05:36 - [TEST_STEP][PASSED] - FR = <not implemented yet for class: org.codehaus.groovy.ast.expr.EmptyExpression>: null

02-12-2024T07:05:36 - [TEST_STEP][PASSED] - PB = <not implemented yet for class: org.codehaus.groovy.ast.expr.EmptyExpression>: null

02-12-2024T07:05:36 - [TEST_STEP][PASSED] - FB = <not implemented yet for class: org.codehaus.groovy.ast.expr.EmptyExpression>: null

02-12-2024T07:05:36 - [TEST_STEP][PASSED] - TR = <not implemented yet for class: org.codehaus.groovy.ast.expr.EmptyExpression>: null

02-12-2024T07:05:36 - [TEST_STEP][PASSED] - TB = <not implemented yet for class: org.codehaus.groovy.ast.expr.EmptyExpression>: null

02-12-2024T07:05:36 - [TEST_STEP][PASSED] - sheetName = "Sheet1": null

02-12-2024T07:05:36 - [TEST_STEP][PASSED] - data = findTestData("PlanFact"): null

02-12-2024T07:05:36 - [TEST_STEP][PASSED] - n = data.getRowNumbers() + 1: null

02-12-2024T07:05:36 - [TEST_STEP][PASSED] - year = todaysDate.substring(todaysDate.length() - 4, todaysDate.length()): null

02-12-2024T07:05:36 - [TEST_STEP][PASSED] - y = year.toInteger(): null

02-12-2024T07:05:36 - [TEST_STEP][PASSED] - m = getText(findTestObject("Выполнение бизнес-плана/Выполнение бизнес-плана Балансы/Фильтр Дата")): Text of object 'Object Repository/Выполнение бизнес-плана/Выполнение бизнес-плана Балансы/Фильтр Дата' is: '1, 2, 3 кв., Октябрь 2024 года'

02-12-2024T07:05:36 - [MESSAGE][PASSED] - Text of object 'Object Repository/Выполнение бизнес-плана/Выполнение бизнес-плана Балансы/Фильтр Дата' is: '1, 2, 3 кв., Октябрь 2024 года'

02-12-2024T07:05:36 - [TEST_STEP][PASSED] - m = m.substring(0, m.indexOf("2024")): null

02-12-2024T07:05:36 - [TEST_STEP][PASSED] - m = m.trim(): null

02-12-2024T07:05:36 - [TEST_STEP][PASSED] - dashboardName = "Выполнение бизнес-плана": null

02-12-2024T07:05:36 - [TEST_STEP][PASSED] - workbook01 = getWorkbook(excelFilePath): null

02-12-2024T07:05:36 - [TEST_STEP][PASSED] - sheet01 = getExcelSheet(workbook01, sheetName): null

02-12-2024T07:05:36 - [TEST_STEP][PASSED] - setValueToCellByIndex(sheet01, n, 0, dashboardName): null

02-12-2024T07:05:36 - [TEST_STEP][PASSED] - setValueToCellByIndex(sheet01, n, 1, dZO): null

02-12-2024T07:05:36 - [TEST_STEP][PASSED] - setValueToCellByIndex(sheet01, n, 2, typeOfData): null

02-12-2024T07:05:36 - [TEST_STEP][PASSED] - setValueToCellByIndex(sheet01, n, 3, typeOfData): null

02-12-2024T07:05:36 - [TEST_STEP][PASSED] - if (typeOfData == "План"): null

02-12-2024T07:05:36 - [TEST_STEP][PASSED] - if (PercPlanR == null): null

02-12-2024T07:05:36 - [TEST_STEP][PASSED] - else: null

02-12-2024T07:05:36 - [TEST_STEP][PASSED] - if (PercPlanR == "нет данных"): null

02-12-2024T07:05:36 - [TEST_STEP][PASSED] - setValueToCellByIndex(sheet01, n, 4, "нет данных"): null

02-12-2024T07:05:36 - [TEST_STEP][PASSED] - if (PercPlanB == null): null

02-12-2024T07:05:36 - [TEST_STEP][PASSED] - else: null

02-12-2024T07:05:36 - [TEST_STEP][PASSED] - if (PercPlanB == "нет данных"): null

02-12-2024T07:05:36 - [TEST_STEP][PASSED] - else: null

02-12-2024T07:05:36 - [TEST_STEP][PASSED] - PB = PercPlanB.toDouble(): null

02-12-2024T07:05:36 - [TEST_STEP][PASSED] - setValueToCellByIndex(sheet01, n, 5, PB): null

02-12-2024T07:05:36 - [TEST_STEP][PASSED] - setValueToCellByIndex(sheet01, n, 6, m): null

02-12-2024T07:05:36 - [TEST_STEP][PASSED] - setValueToCellByIndex(sheet01, n, 7, y): null

02-12-2024T07:05:36 - [TEST_STEP][PASSED] - setValueToCellByIndex(sheet01, n, 8, todaysDate): null

02-12-2024T07:05:36 - [TEST_STEP][PASSED] - n = n + 1: null

02-12-2024T07:05:36 - [TEST_STEP][PASSED] - saveWorkbook(excelFilePath, workbook01): null

02-12-2024T07:05:37 - [TEST_STEP][PASSED] - typeOfData = "Факт": null

02-12-2024T07:05:37 - [TEST_STEP][PASSED] - PercFactR = GetPercFactR(x = a): null

02-12-2024T07:05:37 - [TEST_STEP][PASSED] - i1 = <not implemented yet for class: org.codehaus.groovy.ast.expr.EmptyExpression>: null

02-12-2024T07:05:37 - [TEST_STEP][PASSED] - ii = <not implemented yet for class: org.codehaus.groovy.ast.expr.EmptyExpression>: null

02-12-2024T07:05:37 - [TEST_STEP][PASSED] - for ([ii = 1, ii < 3, (ii++)]): null

02-12-2024T07:05:37 - [TEST_STEP][PASSED] - i1 = x.indexOf("/") + 1: null

02-12-2024T07:05:37 - [TEST_STEP][PASSED] - if (i1 > -1): null

02-12-2024T07:05:37 - [TEST_STEP][PASSED] - x = x.substring(i1, x.length()): null

02-12-2024T07:05:37 - [TEST_STEP][PASSED] - println(x): null

02-12-2024T07:05:37 - [TEST_STEP][PASSED] - i1 = x.indexOf("/") + 1: null

02-12-2024T07:05:37 - [TEST_STEP][PASSED] - if (i1 > -1): null

02-12-2024T07:05:37 - [TEST_STEP][PASSED] - x = x.substring(i1, x.length()): null

02-12-2024T07:05:37 - [TEST_STEP][PASSED] - println(x): null

02-12-2024T07:05:37 - [TEST_STEP][PASSED] - i1 = x.indexOf("/"): null

02-12-2024T07:05:37 - [TEST_STEP][PASSED] - if (i1 > -1): null

02-12-2024T07:05:37 - [TEST_STEP][PASSED] - x = x.substring(0, i1): null

02-12-2024T07:05:37 - [TEST_STEP][PASSED] - println(x): null

02-12-2024T07:05:37 - [TEST_STEP][PASSED] - return x: null

02-12-2024T07:05:37 - [TEST_STEP][PASSED] - PercFactB = GetPercFactB(x = b): null

02-12-2024T07:05:37 - [TEST_STEP][PASSED] - i1 = <not implemented yet for class: org.codehaus.groovy.ast.expr.EmptyExpression>: null

02-12-2024T07:05:37 - [TEST_STEP][PASSED] - ii = <not implemented yet for class: org.codehaus.groovy.ast.expr.EmptyExpression>: null

02-12-2024T07:05:37 - [TEST_STEP][PASSED] - for ([ii = 1, ii < 3, (ii++)]): null

02-12-2024T07:05:37 - [TEST_STEP][PASSED] - i1 = x.indexOf("/") + 1: null

02-12-2024T07:05:37 - [TEST_STEP][PASSED] - if (i1 > -1): null

02-12-2024T07:05:37 - [TEST_STEP][PASSED] - x = x.substring(i1, x.length()): null

02-12-2024T07:05:37 - [TEST_STEP][PASSED] - println(x): null

02-12-2024T07:05:37 - [TEST_STEP][PASSED] - i1 = x.indexOf("/") + 1: null

02-12-2024T07:05:37 - [TEST_STEP][PASSED] - if (i1 > -1): null

02-12-2024T07:05:37 - [TEST_STEP][PASSED] - x = x.substring(i1, x.length()): null

02-12-2024T07:05:37 - [TEST_STEP][PASSED] - println(x): null

02-12-2024T07:05:37 - [TEST_STEP][PASSED] - i1 = x.indexOf("/"): null

02-12-2024T07:05:37 - [TEST_STEP][PASSED] - if (i1 > -1): null

02-12-2024T07:05:37 - [TEST_STEP][PASSED] - x = x.substring(0, i1): null

02-12-2024T07:05:37 - [TEST_STEP][PASSED] - println(x): null

02-12-2024T07:05:37 - [TEST_STEP][FAILED] - return x: null

02-12-2024T07:05:37 - [TEST_STEP][FAILED] - if (verifyEqual(PercFactR, PercFactB) == false): null

02-12-2024T07:05:37 - [MESSAGE][FAILED] - Unable to verify equal between actual object 'нет данных' and expected object '5.76' (Root cause: com.kms.katalon.core.exception.StepFailedException: Actual object 'нет данных' and expected object '5.76' are not equal
	at com.kms.katalon.core.keyword.builtin.VerifyEqualKeyword$_verifyEqual_closure1.doCall(VerifyEqualKeyword.groovy:58)
	at com.kms.katalon.core.keyword.builtin.VerifyEqualKeyword$_verifyEqual_closure1.call(VerifyEqualKeyword.groovy)
	at com.kms.katalon.core.keyword.internal.KeywordMain.runKeyword(KeywordMain.groovy:75)
	at com.kms.katalon.core.keyword.builtin.VerifyEqualKeyword.verifyEqual(VerifyEqualKeyword.groovy:63)
	at com.kms.katalon.core.keyword.builtin.VerifyEqualKeyword.execute(VerifyEqualKeyword.groovy:44)
	at com.kms.katalon.core.keyword.internal.KeywordExecutor.executeKeywordForPlatform(KeywordExecutor.groovy:74)
	at com.kms.katalon.core.keyword.BuiltinKeywords.verifyEqual(BuiltinKeywords.groovy:146)
	at jdk.internal.reflect.GeneratedMethodAccessor25.invoke(Unknown Source)
	at java.base/jdk.internal.reflect.DelegatingMethodAccessorImpl.invoke(DelegatingMethodAccessorImpl.java:43)
	at Выполнение бизнес-плана сверка дашбордов.CompareDZOData(Выполнение бизнес-плана сверка дашбордов:693)
	at Выполнение бизнес-плана сверка дашбордов.run(Выполнение бизнес-плана сверка дашбордов:643)
	at com.kms.katalon.core.main.ScriptEngine.run(ScriptEngine.java:194)
	at com.kms.katalon.core.main.ScriptEngine.runScriptAsRawText(ScriptEngine.java:119)
	at com.kms.katalon.core.main.TestCaseExecutor.runScript(TestCaseExecutor.java:448)
	at com.kms.katalon.core.main.TestCaseExecutor.doExecute(TestCaseExecutor.java:439)
	at com.kms.katalon.core.main.TestCaseExecutor.processExecutionPhase(TestCaseExecutor.java:418)
	at com.kms.katalon.core.main.TestCaseExecutor.accessMainPhase(TestCaseExecutor.java:410)
	at com.kms.katalon.core.main.TestCaseExecutor.execute(TestCaseExecutor.java:285)
	at com.kms.katalon.core.common.CommonExecutor.accessTestCaseMainPhase(CommonExecutor.java:65)
	at com.kms.katalon.core.main.TestSuiteExecutor.accessTestSuiteMainPhase(TestSuiteExecutor.java:150)
	at com.kms.katalon.core.main.TestSuiteExecutor.execute(TestSuiteExecutor.java:106)
	at com.kms.katalon.core.main.TestCaseMain.startTestSuite(TestCaseMain.java:180)
	at TempTestSuite1733111659562.run(TempTestSuite1733111659562.groovy:35)
	at java.base/jdk.internal.reflect.NativeMethodAccessorImpl.invoke0(Native Method)
	at java.base/jdk.internal.reflect.NativeMethodAccessorImpl.invoke(NativeMethodAccessorImpl.java:77)
	at java.base/jdk.internal.reflect.DelegatingMethodAccessorImpl.invoke(DelegatingMethodAccessorImpl.java:43)
)

02-12-2024T07:05:37 - [TEST_STEP][PASSED] - result = WriteToExcel(typeOfData, todaysDate, PercPlanR, PercPlanB, PercFactR, PercFactB, x, tabR, tabB, o1R, o1B, vidget): null

02-12-2024T07:05:37 - [TEST_STEP][PASSED] - iii = dZO.indexOf("/"): null

02-12-2024T07:05:37 - [TEST_STEP][PASSED] - println(iii): null

02-12-2024T07:05:37 - [TEST_STEP][PASSED] - dZO = dZO.substring(0, iii): null

02-12-2024T07:05:37 - [TEST_STEP][PASSED] - println(dZO): null

02-12-2024T07:05:37 - [TEST_STEP][PASSED] - println(PercPlanR): null

02-12-2024T07:05:37 - [TEST_STEP][PASSED] - println(PercPlanB): null

02-12-2024T07:05:37 - [TEST_STEP][PASSED] - println(PercFactR): null

02-12-2024T07:05:37 - [TEST_STEP][PASSED] - println(PercFactB): null

02-12-2024T07:05:37 - [TEST_STEP][PASSED] - println(tabR): null

02-12-2024T07:05:37 - [TEST_STEP][PASSED] - println(tabB): null

02-12-2024T07:05:37 - [TEST_STEP][PASSED] - println(o1R): null

02-12-2024T07:05:37 - [TEST_STEP][PASSED] - println(o1B): null

02-12-2024T07:05:37 - [TEST_STEP][PASSED] - PR = <not implemented yet for class: org.codehaus.groovy.ast.expr.EmptyExpression>: null

02-12-2024T07:05:37 - [TEST_STEP][PASSED] - FR = <not implemented yet for class: org.codehaus.groovy.ast.expr.EmptyExpression>: null

02-12-2024T07:05:37 - [TEST_STEP][PASSED] - PB = <not implemented yet for class: org.codehaus.groovy.ast.expr.EmptyExpression>: null

02-12-2024T07:05:37 - [TEST_STEP][PASSED] - FB = <not implemented yet for class: org.codehaus.groovy.ast.expr.EmptyExpression>: null

02-12-2024T07:05:37 - [TEST_STEP][PASSED] - TR = <not implemented yet for class: org.codehaus.groovy.ast.expr.EmptyExpression>: null

02-12-2024T07:05:37 - [TEST_STEP][PASSED] - TB = <not implemented yet for class: org.codehaus.groovy.ast.expr.EmptyExpression>: null

02-12-2024T07:05:37 - [TEST_STEP][PASSED] - sheetName = "Sheet1": null

02-12-2024T07:05:37 - [TEST_STEP][PASSED] - data = findTestData("PlanFact"): null

02-12-2024T07:05:37 - [TEST_STEP][PASSED] - n = data.getRowNumbers() + 1: null

02-12-2024T07:05:37 - [TEST_STEP][PASSED] - year = todaysDate.substring(todaysDate.length() - 4, todaysDate.length()): null

02-12-2024T07:05:37 - [TEST_STEP][PASSED] - y = year.toInteger(): null

02-12-2024T07:05:37 - [TEST_STEP][PASSED] - m = getText(findTestObject("Выполнение бизнес-плана/Выполнение бизнес-плана Балансы/Фильтр Дата")): Text of object 'Object Repository/Выполнение бизнес-плана/Выполнение бизнес-плана Балансы/Фильтр Дата' is: '1, 2, 3 кв., Октябрь 2024 года'

02-12-2024T07:05:37 - [MESSAGE][PASSED] - Text of object 'Object Repository/Выполнение бизнес-плана/Выполнение бизнес-плана Балансы/Фильтр Дата' is: '1, 2, 3 кв., Октябрь 2024 года'

02-12-2024T07:05:37 - [TEST_STEP][PASSED] - m = m.substring(0, m.indexOf("2024")): null

02-12-2024T07:05:37 - [TEST_STEP][PASSED] - m = m.trim(): null

02-12-2024T07:05:37 - [TEST_STEP][PASSED] - dashboardName = "Выполнение бизнес-плана": null

02-12-2024T07:05:37 - [TEST_STEP][PASSED] - workbook01 = getWorkbook(excelFilePath): null

02-12-2024T07:05:37 - [TEST_STEP][PASSED] - sheet01 = getExcelSheet(workbook01, sheetName): null

02-12-2024T07:05:37 - [TEST_STEP][PASSED] - setValueToCellByIndex(sheet01, n, 0, dashboardName): null

02-12-2024T07:05:37 - [TEST_STEP][PASSED] - setValueToCellByIndex(sheet01, n, 1, dZO): null

02-12-2024T07:05:37 - [TEST_STEP][PASSED] - setValueToCellByIndex(sheet01, n, 2, typeOfData): null

02-12-2024T07:05:37 - [TEST_STEP][PASSED] - setValueToCellByIndex(sheet01, n, 3, typeOfData): null

02-12-2024T07:05:37 - [TEST_STEP][PASSED] - if (typeOfData == "План"): null

02-12-2024T07:05:37 - [TEST_STEP][PASSED] - else if (typeOfData == "Факт"): null

02-12-2024T07:05:37 - [TEST_STEP][PASSED] - if (PercFactR == null): null

02-12-2024T07:05:37 - [TEST_STEP][PASSED] - else: null

02-12-2024T07:05:37 - [TEST_STEP][PASSED] - if (PercFactR == "нет данных"): null

02-12-2024T07:05:37 - [TEST_STEP][PASSED] - setValueToCellByIndex(sheet01, n, 4, "нет данных"): null

02-12-2024T07:05:37 - [TEST_STEP][PASSED] - if (PercFactB == null): null

02-12-2024T07:05:37 - [TEST_STEP][PASSED] - else: null

02-12-2024T07:05:37 - [TEST_STEP][PASSED] - if (PercFactB == "нет данных"): null

02-12-2024T07:05:37 - [TEST_STEP][PASSED] - else: null

02-12-2024T07:05:37 - [TEST_STEP][PASSED] - FB = PercFactB.toDouble(): null

02-12-2024T07:05:37 - [TEST_STEP][PASSED] - setValueToCellByIndex(sheet01, n, 5, FB): null

02-12-2024T07:05:37 - [TEST_STEP][PASSED] - setValueToCellByIndex(sheet01, n, 6, m): null

02-12-2024T07:05:37 - [TEST_STEP][PASSED] - setValueToCellByIndex(sheet01, n, 7, y): null

02-12-2024T07:05:37 - [TEST_STEP][PASSED] - setValueToCellByIndex(sheet01, n, 8, todaysDate): null

02-12-2024T07:05:37 - [TEST_STEP][PASSED] - n = n + 1: null

02-12-2024T07:05:37 - [TEST_STEP][PASSED] - saveWorkbook(excelFilePath, workbook01): null

02-12-2024T07:05:37 - [TEST_STEP][PASSED] - vidget = "Показатели баланса электроэнергии по ДЗО – Факт": null

02-12-2024T07:05:37 - [TEST_STEP][PASSED] - typeOfData = "Факт Отпуск в сеть": null

02-12-2024T07:05:37 - [TEST_STEP][PASSED] - tabR = GetOvSFactR(x = a): null

02-12-2024T07:05:37 - [TEST_STEP][PASSED] - i1 = <not implemented yet for class: org.codehaus.groovy.ast.expr.EmptyExpression>: null

02-12-2024T07:05:37 - [TEST_STEP][PASSED] - ii = <not implemented yet for class: org.codehaus.groovy.ast.expr.EmptyExpression>: null

02-12-2024T07:05:37 - [TEST_STEP][PASSED] - for ([ii = 1, ii < 4, (ii++)]): null

02-12-2024T07:05:37 - [TEST_STEP][PASSED] - i1 = x.indexOf("/") + 1: null

02-12-2024T07:05:37 - [TEST_STEP][PASSED] - if (i1 > -1): null

02-12-2024T07:05:37 - [TEST_STEP][PASSED] - x = x.substring(i1, x.length()): null

02-12-2024T07:05:37 - [TEST_STEP][PASSED] - println(x): null

02-12-2024T07:05:37 - [TEST_STEP][PASSED] - i1 = x.indexOf("/") + 1: null

02-12-2024T07:05:37 - [TEST_STEP][PASSED] - if (i1 > -1): null

02-12-2024T07:05:37 - [TEST_STEP][PASSED] - x = x.substring(i1, x.length()): null

02-12-2024T07:05:37 - [TEST_STEP][PASSED] - println(x): null

02-12-2024T07:05:37 - [TEST_STEP][PASSED] - i1 = x.indexOf("/") + 1: null

02-12-2024T07:05:37 - [TEST_STEP][PASSED] - if (i1 > -1): null

02-12-2024T07:05:37 - [TEST_STEP][PASSED] - x = x.substring(i1, x.length()): null

02-12-2024T07:05:37 - [TEST_STEP][PASSED] - println(x): null

02-12-2024T07:05:37 - [TEST_STEP][PASSED] - i1 = x.indexOf("/"): null

02-12-2024T07:05:37 - [TEST_STEP][PASSED] - if (i1 > -1): null

02-12-2024T07:05:37 - [TEST_STEP][PASSED] - x = x.substring(0, i1): null

02-12-2024T07:05:37 - [TEST_STEP][PASSED] - println(x): null

02-12-2024T07:05:37 - [TEST_STEP][PASSED] - return x: null

02-12-2024T07:05:37 - [TEST_STEP][PASSED] - tabB = GetOvSFactB(x = b): null

02-12-2024T07:05:37 - [TEST_STEP][PASSED] - i1 = <not implemented yet for class: org.codehaus.groovy.ast.expr.EmptyExpression>: null

02-12-2024T07:05:37 - [TEST_STEP][PASSED] - ii = <not implemented yet for class: org.codehaus.groovy.ast.expr.EmptyExpression>: null

02-12-2024T07:05:37 - [TEST_STEP][PASSED] - for ([ii = 1, ii < 4, (ii++)]): null

02-12-2024T07:05:37 - [TEST_STEP][PASSED] - i1 = x.indexOf("/") + 1: null

02-12-2024T07:05:37 - [TEST_STEP][PASSED] - if (i1 > -1): null

02-12-2024T07:05:37 - [TEST_STEP][PASSED] - x = x.substring(i1, x.length()): null

02-12-2024T07:05:37 - [TEST_STEP][PASSED] - println(x): null

02-12-2024T07:05:37 - [TEST_STEP][PASSED] - i1 = x.indexOf("/") + 1: null

02-12-2024T07:05:37 - [TEST_STEP][PASSED] - if (i1 > -1): null

02-12-2024T07:05:37 - [TEST_STEP][PASSED] - x = x.substring(i1, x.length()): null

02-12-2024T07:05:37 - [TEST_STEP][PASSED] - println(x): null

02-12-2024T07:05:37 - [TEST_STEP][PASSED] - i1 = x.indexOf("/") + 1: null

02-12-2024T07:05:37 - [TEST_STEP][PASSED] - if (i1 > -1): null

02-12-2024T07:05:37 - [TEST_STEP][PASSED] - x = x.substring(i1, x.length()): null

02-12-2024T07:05:37 - [TEST_STEP][PASSED] - println(x): null

02-12-2024T07:05:37 - [TEST_STEP][PASSED] - i1 = x.indexOf("/"): null

02-12-2024T07:05:37 - [TEST_STEP][PASSED] - if (i1 > -1): null

02-12-2024T07:05:37 - [TEST_STEP][PASSED] - x = x.substring(0, i1): null

02-12-2024T07:05:37 - [TEST_STEP][PASSED] - println(x): null

02-12-2024T07:05:37 - [TEST_STEP][FAILED] - return x: null

02-12-2024T07:05:37 - [TEST_STEP][FAILED] - if (verifyEqual(tabR, tabB) == false): null

02-12-2024T07:05:37 - [MESSAGE][FAILED] - Unable to verify equal between actual object 'нет данных' and expected object '60236197' (Root cause: com.kms.katalon.core.exception.StepFailedException: Actual object 'нет данных' and expected object '60236197' are not equal
	at com.kms.katalon.core.keyword.builtin.VerifyEqualKeyword$_verifyEqual_closure1.doCall(VerifyEqualKeyword.groovy:58)
	at com.kms.katalon.core.keyword.builtin.VerifyEqualKeyword$_verifyEqual_closure1.call(VerifyEqualKeyword.groovy)
	at com.kms.katalon.core.keyword.internal.KeywordMain.runKeyword(KeywordMain.groovy:75)
	at com.kms.katalon.core.keyword.builtin.VerifyEqualKeyword.verifyEqual(VerifyEqualKeyword.groovy:63)
	at com.kms.katalon.core.keyword.builtin.VerifyEqualKeyword.execute(VerifyEqualKeyword.groovy:44)
	at com.kms.katalon.core.keyword.internal.KeywordExecutor.executeKeywordForPlatform(KeywordExecutor.groovy:74)
	at com.kms.katalon.core.keyword.BuiltinKeywords.verifyEqual(BuiltinKeywords.groovy:146)
	at jdk.internal.reflect.GeneratedMethodAccessor25.invoke(Unknown Source)
	at java.base/jdk.internal.reflect.DelegatingMethodAccessorImpl.invoke(DelegatingMethodAccessorImpl.java:43)
	at Выполнение бизнес-плана сверка дашбордов.CompareDZOData(Выполнение бизнес-плана сверка дашбордов:706)
	at Выполнение бизнес-плана сверка дашбордов.run(Выполнение бизнес-плана сверка дашбордов:643)
	at com.kms.katalon.core.main.ScriptEngine.run(ScriptEngine.java:194)
	at com.kms.katalon.core.main.ScriptEngine.runScriptAsRawText(ScriptEngine.java:119)
	at com.kms.katalon.core.main.TestCaseExecutor.runScript(TestCaseExecutor.java:448)
	at com.kms.katalon.core.main.TestCaseExecutor.doExecute(TestCaseExecutor.java:439)
	at com.kms.katalon.core.main.TestCaseExecutor.processExecutionPhase(TestCaseExecutor.java:418)
	at com.kms.katalon.core.main.TestCaseExecutor.accessMainPhase(TestCaseExecutor.java:410)
	at com.kms.katalon.core.main.TestCaseExecutor.execute(TestCaseExecutor.java:285)
	at com.kms.katalon.core.common.CommonExecutor.accessTestCaseMainPhase(CommonExecutor.java:65)
	at com.kms.katalon.core.main.TestSuiteExecutor.accessTestSuiteMainPhase(TestSuiteExecutor.java:150)
	at com.kms.katalon.core.main.TestSuiteExecutor.execute(TestSuiteExecutor.java:106)
	at com.kms.katalon.core.main.TestCaseMain.startTestSuite(TestCaseMain.java:180)
	at TempTestSuite1733111659562.run(TempTestSuite1733111659562.groovy:35)
	at java.base/jdk.internal.reflect.NativeMethodAccessorImpl.invoke0(Native Method)
	at java.base/jdk.internal.reflect.NativeMethodAccessorImpl.invoke(NativeMethodAccessorImpl.java:77)
	at java.base/jdk.internal.reflect.DelegatingMethodAccessorImpl.invoke(DelegatingMethodAccessorImpl.java:43)
)

02-12-2024T07:05:37 - [TEST_STEP][PASSED] - result = WriteToExcel(typeOfData, todaysDate, PercPlanR, PercPlanB, PercFactR, PercFactB, x, tabR, tabB, o1R, o1B, vidget): null

02-12-2024T07:05:37 - [TEST_STEP][PASSED] - iii = dZO.indexOf("/"): null

02-12-2024T07:05:37 - [TEST_STEP][PASSED] - println(iii): null

02-12-2024T07:05:37 - [TEST_STEP][PASSED] - dZO = dZO.substring(0, iii): null

02-12-2024T07:05:37 - [TEST_STEP][PASSED] - println(dZO): null

02-12-2024T07:05:37 - [TEST_STEP][PASSED] - println(PercPlanR): null

02-12-2024T07:05:37 - [TEST_STEP][PASSED] - println(PercPlanB): null

02-12-2024T07:05:37 - [TEST_STEP][PASSED] - println(PercFactR): null

02-12-2024T07:05:37 - [TEST_STEP][PASSED] - println(PercFactB): null

02-12-2024T07:05:37 - [TEST_STEP][PASSED] - println(tabR): null

02-12-2024T07:05:37 - [TEST_STEP][PASSED] - println(tabB): null

02-12-2024T07:05:37 - [TEST_STEP][PASSED] - println(o1R): null

02-12-2024T07:05:37 - [TEST_STEP][PASSED] - println(o1B): null

02-12-2024T07:05:37 - [TEST_STEP][PASSED] - PR = <not implemented yet for class: org.codehaus.groovy.ast.expr.EmptyExpression>: null

02-12-2024T07:05:37 - [TEST_STEP][PASSED] - FR = <not implemented yet for class: org.codehaus.groovy.ast.expr.EmptyExpression>: null

02-12-2024T07:05:37 - [TEST_STEP][PASSED] - PB = <not implemented yet for class: org.codehaus.groovy.ast.expr.EmptyExpression>: null

02-12-2024T07:05:37 - [TEST_STEP][PASSED] - FB = <not implemented yet for class: org.codehaus.groovy.ast.expr.EmptyExpression>: null

02-12-2024T07:05:37 - [TEST_STEP][PASSED] - TR = <not implemented yet for class: org.codehaus.groovy.ast.expr.EmptyExpression>: null

02-12-2024T07:05:37 - [TEST_STEP][PASSED] - TB = <not implemented yet for class: org.codehaus.groovy.ast.expr.EmptyExpression>: null

02-12-2024T07:05:37 - [TEST_STEP][PASSED] - sheetName = "Sheet1": null

02-12-2024T07:05:37 - [TEST_STEP][PASSED] - data = findTestData("PlanFact"): null

02-12-2024T07:05:37 - [TEST_STEP][PASSED] - n = data.getRowNumbers() + 1: null

02-12-2024T07:05:37 - [TEST_STEP][PASSED] - year = todaysDate.substring(todaysDate.length() - 4, todaysDate.length()): null

02-12-2024T07:05:37 - [TEST_STEP][PASSED] - y = year.toInteger(): null

02-12-2024T07:05:37 - [TEST_STEP][PASSED] - m = getText(findTestObject("Выполнение бизнес-плана/Выполнение бизнес-плана Балансы/Фильтр Дата")): Text of object 'Object Repository/Выполнение бизнес-плана/Выполнение бизнес-плана Балансы/Фильтр Дата' is: '1, 2, 3 кв., Октябрь 2024 года'

02-12-2024T07:05:38 - [MESSAGE][PASSED] - Text of object 'Object Repository/Выполнение бизнес-плана/Выполнение бизнес-плана Балансы/Фильтр Дата' is: '1, 2, 3 кв., Октябрь 2024 года'

02-12-2024T07:05:38 - [TEST_STEP][PASSED] - m = m.substring(0, m.indexOf("2024")): null

02-12-2024T07:05:38 - [TEST_STEP][PASSED] - m = m.trim(): null

02-12-2024T07:05:38 - [TEST_STEP][PASSED] - dashboardName = "Выполнение бизнес-плана": null

02-12-2024T07:05:38 - [TEST_STEP][PASSED] - workbook01 = getWorkbook(excelFilePath): null

02-12-2024T07:05:38 - [TEST_STEP][PASSED] - sheet01 = getExcelSheet(workbook01, sheetName): null

02-12-2024T07:05:38 - [TEST_STEP][PASSED] - setValueToCellByIndex(sheet01, n, 0, dashboardName): null

02-12-2024T07:05:38 - [TEST_STEP][PASSED] - setValueToCellByIndex(sheet01, n, 1, dZO): null

02-12-2024T07:05:38 - [TEST_STEP][PASSED] - setValueToCellByIndex(sheet01, n, 2, typeOfData): null

02-12-2024T07:05:38 - [TEST_STEP][PASSED] - setValueToCellByIndex(sheet01, n, 3, typeOfData): null

02-12-2024T07:05:38 - [TEST_STEP][PASSED] - if (typeOfData == "План"): null

02-12-2024T07:05:38 - [TEST_STEP][PASSED] - else if (typeOfData == "Факт"): null

02-12-2024T07:05:38 - [TEST_STEP][PASSED] - else if (vidget.contains("электроэнергии") == true): null

02-12-2024T07:05:38 - [TEST_STEP][PASSED] - if (tabR == null): null

02-12-2024T07:05:38 - [TEST_STEP][PASSED] - else: null

02-12-2024T07:05:38 - [TEST_STEP][PASSED] - if (tabR == "нет данных"): null

02-12-2024T07:05:38 - [TEST_STEP][PASSED] - setValueToCellByIndex(sheet01, n, 4, "нет данных"): null

02-12-2024T07:05:38 - [TEST_STEP][PASSED] - if (tabB == null): null

02-12-2024T07:05:38 - [TEST_STEP][PASSED] - else: null

02-12-2024T07:05:38 - [TEST_STEP][PASSED] - if (tabB == "нет данных"): null

02-12-2024T07:05:38 - [TEST_STEP][PASSED] - else: null

02-12-2024T07:05:38 - [TEST_STEP][PASSED] - TB = tabB.toInteger(): null

02-12-2024T07:05:38 - [TEST_STEP][PASSED] - setValueToCellByIndex(sheet01, n, 5, TB): null

02-12-2024T07:05:38 - [TEST_STEP][PASSED] - setValueToCellByIndex(sheet01, n, 6, m): null

02-12-2024T07:05:38 - [TEST_STEP][PASSED] - setValueToCellByIndex(sheet01, n, 7, y): null

02-12-2024T07:05:38 - [TEST_STEP][PASSED] - setValueToCellByIndex(sheet01, n, 8, todaysDate): null

02-12-2024T07:05:38 - [TEST_STEP][PASSED] - n = n + 1: null

02-12-2024T07:05:38 - [TEST_STEP][PASSED] - saveWorkbook(excelFilePath, workbook01): null

02-12-2024T07:05:38 - [TEST_STEP][PASSED] - typeOfData = "Факт Отпуск из сети": null

02-12-2024T07:05:38 - [TEST_STEP][PASSED] - tabR = GetOiSFactR(x = a): null

02-12-2024T07:05:38 - [TEST_STEP][PASSED] - i1 = <not implemented yet for class: org.codehaus.groovy.ast.expr.EmptyExpression>: null

02-12-2024T07:05:38 - [TEST_STEP][PASSED] - ii = <not implemented yet for class: org.codehaus.groovy.ast.expr.EmptyExpression>: null

02-12-2024T07:05:38 - [TEST_STEP][PASSED] - for ([ii = 1, ii < 5, (ii++)]): null

02-12-2024T07:05:38 - [TEST_STEP][PASSED] - i1 = x.indexOf("/") + 1: null

02-12-2024T07:05:38 - [TEST_STEP][PASSED] - if (i1 > -1): null

02-12-2024T07:05:38 - [TEST_STEP][PASSED] - x = x.substring(i1, x.length()): null

02-12-2024T07:05:38 - [TEST_STEP][PASSED] - println(x): null

02-12-2024T07:05:38 - [TEST_STEP][PASSED] - i1 = x.indexOf("/") + 1: null

02-12-2024T07:05:38 - [TEST_STEP][PASSED] - if (i1 > -1): null

02-12-2024T07:05:38 - [TEST_STEP][PASSED] - x = x.substring(i1, x.length()): null

02-12-2024T07:05:38 - [TEST_STEP][PASSED] - println(x): null

02-12-2024T07:05:38 - [TEST_STEP][PASSED] - i1 = x.indexOf("/") + 1: null

02-12-2024T07:05:38 - [TEST_STEP][PASSED] - if (i1 > -1): null

02-12-2024T07:05:38 - [TEST_STEP][PASSED] - x = x.substring(i1, x.length()): null

02-12-2024T07:05:38 - [TEST_STEP][PASSED] - println(x): null

02-12-2024T07:05:38 - [TEST_STEP][PASSED] - i1 = x.indexOf("/") + 1: null

02-12-2024T07:05:38 - [TEST_STEP][PASSED] - if (i1 > -1): null

02-12-2024T07:05:38 - [TEST_STEP][PASSED] - x = x.substring(i1, x.length()): null

02-12-2024T07:05:38 - [TEST_STEP][PASSED] - println(x): null

02-12-2024T07:05:38 - [TEST_STEP][PASSED] - i1 = x.indexOf("/"): null

02-12-2024T07:05:38 - [TEST_STEP][PASSED] - if (i1 > -1): null

02-12-2024T07:05:38 - [TEST_STEP][PASSED] - x = x.substring(0, i1): null

02-12-2024T07:05:38 - [TEST_STEP][PASSED] - println(x): null

02-12-2024T07:05:38 - [TEST_STEP][PASSED] - return x: null

02-12-2024T07:05:38 - [TEST_STEP][PASSED] - tabB = GetOiSFactB(x = b): null

02-12-2024T07:05:38 - [TEST_STEP][PASSED] - i1 = <not implemented yet for class: org.codehaus.groovy.ast.expr.EmptyExpression>: null

02-12-2024T07:05:38 - [TEST_STEP][PASSED] - ii = <not implemented yet for class: org.codehaus.groovy.ast.expr.EmptyExpression>: null

02-12-2024T07:05:38 - [TEST_STEP][PASSED] - for ([ii = 1, ii < 5, (ii++)]): null

02-12-2024T07:05:38 - [TEST_STEP][PASSED] - i1 = x.indexOf("/") + 1: null

02-12-2024T07:05:38 - [TEST_STEP][PASSED] - if (i1 > -1): null

02-12-2024T07:05:38 - [TEST_STEP][PASSED] - x = x.substring(i1, x.length()): null

02-12-2024T07:05:38 - [TEST_STEP][PASSED] - println(x): null

02-12-2024T07:05:38 - [TEST_STEP][PASSED] - i1 = x.indexOf("/") + 1: null

02-12-2024T07:05:38 - [TEST_STEP][PASSED] - if (i1 > -1): null

02-12-2024T07:05:38 - [TEST_STEP][PASSED] - x = x.substring(i1, x.length()): null

02-12-2024T07:05:38 - [TEST_STEP][PASSED] - println(x): null

02-12-2024T07:05:38 - [TEST_STEP][PASSED] - i1 = x.indexOf("/") + 1: null

02-12-2024T07:05:38 - [TEST_STEP][PASSED] - if (i1 > -1): null

02-12-2024T07:05:38 - [TEST_STEP][PASSED] - x = x.substring(i1, x.length()): null

02-12-2024T07:05:38 - [TEST_STEP][PASSED] - println(x): null

02-12-2024T07:05:38 - [TEST_STEP][PASSED] - i1 = x.indexOf("/") + 1: null

02-12-2024T07:05:38 - [TEST_STEP][PASSED] - if (i1 > -1): null

02-12-2024T07:05:38 - [TEST_STEP][PASSED] - x = x.substring(i1, x.length()): null

02-12-2024T07:05:38 - [TEST_STEP][PASSED] - println(x): null

02-12-2024T07:05:38 - [TEST_STEP][PASSED] - i1 = x.indexOf("/"): null

02-12-2024T07:05:38 - [TEST_STEP][PASSED] - if (i1 > -1): null

02-12-2024T07:05:38 - [TEST_STEP][PASSED] - x = x.substring(0, i1): null

02-12-2024T07:05:38 - [TEST_STEP][PASSED] - println(x): null

02-12-2024T07:05:38 - [TEST_STEP][FAILED] - return x: null

02-12-2024T07:05:38 - [TEST_STEP][FAILED] - if (verifyEqual(tabR, tabB) == false): null

02-12-2024T07:05:38 - [MESSAGE][FAILED] - Unable to verify equal between actual object 'нет данных' and expected object '56765393' (Root cause: com.kms.katalon.core.exception.StepFailedException: Actual object 'нет данных' and expected object '56765393' are not equal
	at com.kms.katalon.core.keyword.builtin.VerifyEqualKeyword$_verifyEqual_closure1.doCall(VerifyEqualKeyword.groovy:58)
	at com.kms.katalon.core.keyword.builtin.VerifyEqualKeyword$_verifyEqual_closure1.call(VerifyEqualKeyword.groovy)
	at com.kms.katalon.core.keyword.internal.KeywordMain.runKeyword(KeywordMain.groovy:75)
	at com.kms.katalon.core.keyword.builtin.VerifyEqualKeyword.verifyEqual(VerifyEqualKeyword.groovy:63)
	at com.kms.katalon.core.keyword.builtin.VerifyEqualKeyword.execute(VerifyEqualKeyword.groovy:44)
	at com.kms.katalon.core.keyword.internal.KeywordExecutor.executeKeywordForPlatform(KeywordExecutor.groovy:74)
	at com.kms.katalon.core.keyword.BuiltinKeywords.verifyEqual(BuiltinKeywords.groovy:146)
	at jdk.internal.reflect.GeneratedMethodAccessor25.invoke(Unknown Source)
	at java.base/jdk.internal.reflect.DelegatingMethodAccessorImpl.invoke(DelegatingMethodAccessorImpl.java:43)
	at Выполнение бизнес-плана сверка дашбордов.CompareDZOData(Выполнение бизнес-плана сверка дашбордов:717)
	at Выполнение бизнес-плана сверка дашбордов.run(Выполнение бизнес-плана сверка дашбордов:643)
	at com.kms.katalon.core.main.ScriptEngine.run(ScriptEngine.java:194)
	at com.kms.katalon.core.main.ScriptEngine.runScriptAsRawText(ScriptEngine.java:119)
	at com.kms.katalon.core.main.TestCaseExecutor.runScript(TestCaseExecutor.java:448)
	at com.kms.katalon.core.main.TestCaseExecutor.doExecute(TestCaseExecutor.java:439)
	at com.kms.katalon.core.main.TestCaseExecutor.processExecutionPhase(TestCaseExecutor.java:418)
	at com.kms.katalon.core.main.TestCaseExecutor.accessMainPhase(TestCaseExecutor.java:410)
	at com.kms.katalon.core.main.TestCaseExecutor.execute(TestCaseExecutor.java:285)
	at com.kms.katalon.core.common.CommonExecutor.accessTestCaseMainPhase(CommonExecutor.java:65)
	at com.kms.katalon.core.main.TestSuiteExecutor.accessTestSuiteMainPhase(TestSuiteExecutor.java:150)
	at com.kms.katalon.core.main.TestSuiteExecutor.execute(TestSuiteExecutor.java:106)
	at com.kms.katalon.core.main.TestCaseMain.startTestSuite(TestCaseMain.java:180)
	at TempTestSuite1733111659562.run(TempTestSuite1733111659562.groovy:35)
	at java.base/jdk.internal.reflect.NativeMethodAccessorImpl.invoke0(Native Method)
	at java.base/jdk.internal.reflect.NativeMethodAccessorImpl.invoke(NativeMethodAccessorImpl.java:77)
	at java.base/jdk.internal.reflect.DelegatingMethodAccessorImpl.invoke(DelegatingMethodAccessorImpl.java:43)
)

02-12-2024T07:05:38 - [TEST_STEP][PASSED] - result = WriteToExcel(typeOfData, todaysDate, PercPlanR, PercPlanB, PercFactR, PercFactB, x, tabR, tabB, o1R, o1B, vidget): null

02-12-2024T07:05:38 - [TEST_STEP][PASSED] - iii = dZO.indexOf("/"): null

02-12-2024T07:05:38 - [TEST_STEP][PASSED] - println(iii): null

02-12-2024T07:05:38 - [TEST_STEP][PASSED] - dZO = dZO.substring(0, iii): null

02-12-2024T07:05:38 - [TEST_STEP][PASSED] - println(dZO): null

02-12-2024T07:05:38 - [TEST_STEP][PASSED] - println(PercPlanR): null

02-12-2024T07:05:38 - [TEST_STEP][PASSED] - println(PercPlanB): null

02-12-2024T07:05:38 - [TEST_STEP][PASSED] - println(PercFactR): null

02-12-2024T07:05:38 - [TEST_STEP][PASSED] - println(PercFactB): null

02-12-2024T07:05:38 - [TEST_STEP][PASSED] - println(tabR): null

02-12-2024T07:05:38 - [TEST_STEP][PASSED] - println(tabB): null

02-12-2024T07:05:38 - [TEST_STEP][PASSED] - println(o1R): null

02-12-2024T07:05:38 - [TEST_STEP][PASSED] - println(o1B): null

02-12-2024T07:05:38 - [TEST_STEP][PASSED] - PR = <not implemented yet for class: org.codehaus.groovy.ast.expr.EmptyExpression>: null

02-12-2024T07:05:38 - [TEST_STEP][PASSED] - FR = <not implemented yet for class: org.codehaus.groovy.ast.expr.EmptyExpression>: null

02-12-2024T07:05:38 - [TEST_STEP][PASSED] - PB = <not implemented yet for class: org.codehaus.groovy.ast.expr.EmptyExpression>: null

02-12-2024T07:05:38 - [TEST_STEP][PASSED] - FB = <not implemented yet for class: org.codehaus.groovy.ast.expr.EmptyExpression>: null

02-12-2024T07:05:38 - [TEST_STEP][PASSED] - TR = <not implemented yet for class: org.codehaus.groovy.ast.expr.EmptyExpression>: null

02-12-2024T07:05:38 - [TEST_STEP][PASSED] - TB = <not implemented yet for class: org.codehaus.groovy.ast.expr.EmptyExpression>: null

02-12-2024T07:05:38 - [TEST_STEP][PASSED] - sheetName = "Sheet1": null

02-12-2024T07:05:38 - [TEST_STEP][PASSED] - data = findTestData("PlanFact"): null

02-12-2024T07:05:38 - [TEST_STEP][PASSED] - n = data.getRowNumbers() + 1: null

02-12-2024T07:05:38 - [TEST_STEP][PASSED] - year = todaysDate.substring(todaysDate.length() - 4, todaysDate.length()): null

02-12-2024T07:05:38 - [TEST_STEP][PASSED] - y = year.toInteger(): null

02-12-2024T07:05:38 - [TEST_STEP][PASSED] - m = getText(findTestObject("Выполнение бизнес-плана/Выполнение бизнес-плана Балансы/Фильтр Дата")): Text of object 'Object Repository/Выполнение бизнес-плана/Выполнение бизнес-плана Балансы/Фильтр Дата' is: '1, 2, 3 кв., Октябрь 2024 года'

02-12-2024T07:05:38 - [MESSAGE][PASSED] - Text of object 'Object Repository/Выполнение бизнес-плана/Выполнение бизнес-плана Балансы/Фильтр Дата' is: '1, 2, 3 кв., Октябрь 2024 года'

02-12-2024T07:05:38 - [TEST_STEP][PASSED] - m = m.substring(0, m.indexOf("2024")): null

02-12-2024T07:05:38 - [TEST_STEP][PASSED] - m = m.trim(): null

02-12-2024T07:05:38 - [TEST_STEP][PASSED] - dashboardName = "Выполнение бизнес-плана": null

02-12-2024T07:05:38 - [TEST_STEP][PASSED] - workbook01 = getWorkbook(excelFilePath): null

02-12-2024T07:05:38 - [TEST_STEP][PASSED] - sheet01 = getExcelSheet(workbook01, sheetName): null

02-12-2024T07:05:38 - [TEST_STEP][PASSED] - setValueToCellByIndex(sheet01, n, 0, dashboardName): null

02-12-2024T07:05:38 - [TEST_STEP][PASSED] - setValueToCellByIndex(sheet01, n, 1, dZO): null

02-12-2024T07:05:38 - [TEST_STEP][PASSED] - setValueToCellByIndex(sheet01, n, 2, typeOfData): null

02-12-2024T07:05:38 - [TEST_STEP][PASSED] - setValueToCellByIndex(sheet01, n, 3, typeOfData): null

02-12-2024T07:05:38 - [TEST_STEP][PASSED] - if (typeOfData == "План"): null

02-12-2024T07:05:38 - [TEST_STEP][PASSED] - else if (typeOfData == "Факт"): null

02-12-2024T07:05:38 - [TEST_STEP][PASSED] - else if (vidget.contains("электроэнергии") == true): null

02-12-2024T07:05:38 - [TEST_STEP][PASSED] - if (tabR == null): null

02-12-2024T07:05:38 - [TEST_STEP][PASSED] - else: null

02-12-2024T07:05:38 - [TEST_STEP][PASSED] - if (tabR == "нет данных"): null

02-12-2024T07:05:38 - [TEST_STEP][PASSED] - setValueToCellByIndex(sheet01, n, 4, "нет данных"): null

02-12-2024T07:05:38 - [TEST_STEP][PASSED] - if (tabB == null): null

02-12-2024T07:05:38 - [TEST_STEP][PASSED] - else: null

02-12-2024T07:05:38 - [TEST_STEP][PASSED] - if (tabB == "нет данных"): null

02-12-2024T07:05:38 - [TEST_STEP][PASSED] - else: null

02-12-2024T07:05:38 - [TEST_STEP][PASSED] - TB = tabB.toInteger(): null

02-12-2024T07:05:38 - [TEST_STEP][PASSED] - setValueToCellByIndex(sheet01, n, 5, TB): null

02-12-2024T07:05:38 - [TEST_STEP][PASSED] - setValueToCellByIndex(sheet01, n, 6, m): null

02-12-2024T07:05:38 - [TEST_STEP][PASSED] - setValueToCellByIndex(sheet01, n, 7, y): null

02-12-2024T07:05:38 - [TEST_STEP][PASSED] - setValueToCellByIndex(sheet01, n, 8, todaysDate): null

02-12-2024T07:05:38 - [TEST_STEP][PASSED] - n = n + 1: null

02-12-2024T07:05:38 - [TEST_STEP][PASSED] - saveWorkbook(excelFilePath, workbook01): null

02-12-2024T07:05:39 - [TEST_STEP][PASSED] - typeOfData = "Факт Потери": null

02-12-2024T07:05:39 - [TEST_STEP][PASSED] - tabR = GetPFactR(x = a): null

02-12-2024T07:05:39 - [TEST_STEP][PASSED] - i1 = <not implemented yet for class: org.codehaus.groovy.ast.expr.EmptyExpression>: null

02-12-2024T07:05:39 - [TEST_STEP][PASSED] - ii = <not implemented yet for class: org.codehaus.groovy.ast.expr.EmptyExpression>: null

02-12-2024T07:05:39 - [TEST_STEP][PASSED] - for ([ii = 1, ii < 6, (ii++)]): null

02-12-2024T07:05:39 - [TEST_STEP][PASSED] - i1 = x.indexOf("/") + 1: null

02-12-2024T07:05:39 - [TEST_STEP][PASSED] - if (i1 > -1): null

02-12-2024T07:05:39 - [TEST_STEP][PASSED] - x = x.substring(i1, x.length()): null

02-12-2024T07:05:39 - [TEST_STEP][PASSED] - println(x): null

02-12-2024T07:05:39 - [TEST_STEP][PASSED] - i1 = x.indexOf("/") + 1: null

02-12-2024T07:05:39 - [TEST_STEP][PASSED] - if (i1 > -1): null

02-12-2024T07:05:39 - [TEST_STEP][PASSED] - x = x.substring(i1, x.length()): null

02-12-2024T07:05:39 - [TEST_STEP][PASSED] - println(x): null

02-12-2024T07:05:39 - [TEST_STEP][PASSED] - i1 = x.indexOf("/") + 1: null

02-12-2024T07:05:39 - [TEST_STEP][PASSED] - if (i1 > -1): null

02-12-2024T07:05:39 - [TEST_STEP][PASSED] - x = x.substring(i1, x.length()): null

02-12-2024T07:05:39 - [TEST_STEP][PASSED] - println(x): null

02-12-2024T07:05:39 - [TEST_STEP][PASSED] - i1 = x.indexOf("/") + 1: null

02-12-2024T07:05:39 - [TEST_STEP][PASSED] - if (i1 > -1): null

02-12-2024T07:05:39 - [TEST_STEP][PASSED] - x = x.substring(i1, x.length()): null

02-12-2024T07:05:39 - [TEST_STEP][PASSED] - println(x): null

02-12-2024T07:05:39 - [TEST_STEP][PASSED] - i1 = x.indexOf("/") + 1: null

02-12-2024T07:05:39 - [TEST_STEP][PASSED] - if (i1 > -1): null

02-12-2024T07:05:39 - [TEST_STEP][PASSED] - x = x.substring(i1, x.length()): null

02-12-2024T07:05:39 - [TEST_STEP][PASSED] - println(x): null

02-12-2024T07:05:39 - [TEST_STEP][PASSED] - i1 = x.indexOf("/"): null

02-12-2024T07:05:39 - [TEST_STEP][PASSED] - if (i1 > -1): null

02-12-2024T07:05:39 - [TEST_STEP][PASSED] - x = x.substring(0, i1): null

02-12-2024T07:05:39 - [TEST_STEP][PASSED] - println(x): null

02-12-2024T07:05:39 - [TEST_STEP][PASSED] - return x: null

02-12-2024T07:05:39 - [TEST_STEP][PASSED] - tabB = GetPFactB(x = b): null

02-12-2024T07:05:39 - [TEST_STEP][PASSED] - i1 = <not implemented yet for class: org.codehaus.groovy.ast.expr.EmptyExpression>: null

02-12-2024T07:05:39 - [TEST_STEP][PASSED] - ii = <not implemented yet for class: org.codehaus.groovy.ast.expr.EmptyExpression>: null

02-12-2024T07:05:39 - [TEST_STEP][PASSED] - for ([ii = 1, ii < 6, (ii++)]): null

02-12-2024T07:05:39 - [TEST_STEP][PASSED] - i1 = x.indexOf("/") + 1: null

02-12-2024T07:05:39 - [TEST_STEP][PASSED] - if (i1 > -1): null

02-12-2024T07:05:39 - [TEST_STEP][PASSED] - x = x.substring(i1, x.length()): null

02-12-2024T07:05:39 - [TEST_STEP][PASSED] - println(x): null

02-12-2024T07:05:39 - [TEST_STEP][PASSED] - i1 = x.indexOf("/") + 1: null

02-12-2024T07:05:39 - [TEST_STEP][PASSED] - if (i1 > -1): null

02-12-2024T07:05:39 - [TEST_STEP][PASSED] - x = x.substring(i1, x.length()): null

02-12-2024T07:05:39 - [TEST_STEP][PASSED] - println(x): null

02-12-2024T07:05:39 - [TEST_STEP][PASSED] - i1 = x.indexOf("/") + 1: null

02-12-2024T07:05:39 - [TEST_STEP][PASSED] - if (i1 > -1): null

02-12-2024T07:05:39 - [TEST_STEP][PASSED] - x = x.substring(i1, x.length()): null

02-12-2024T07:05:39 - [TEST_STEP][PASSED] - println(x): null

02-12-2024T07:05:39 - [TEST_STEP][PASSED] - i1 = x.indexOf("/") + 1: null

02-12-2024T07:05:39 - [TEST_STEP][PASSED] - if (i1 > -1): null

02-12-2024T07:05:39 - [TEST_STEP][PASSED] - x = x.substring(i1, x.length()): null

02-12-2024T07:05:39 - [TEST_STEP][PASSED] - println(x): null

02-12-2024T07:05:39 - [TEST_STEP][PASSED] - i1 = x.indexOf("/") + 1: null

02-12-2024T07:05:39 - [TEST_STEP][PASSED] - if (i1 > -1): null

02-12-2024T07:05:39 - [TEST_STEP][PASSED] - x = x.substring(i1, x.length()): null

02-12-2024T07:05:39 - [TEST_STEP][PASSED] - println(x): null

02-12-2024T07:05:39 - [TEST_STEP][PASSED] - i1 = x.indexOf("/"): null

02-12-2024T07:05:39 - [TEST_STEP][PASSED] - if (i1 > -1): null

02-12-2024T07:05:39 - [TEST_STEP][PASSED] - x = x.substring(0, i1): null

02-12-2024T07:05:39 - [TEST_STEP][PASSED] - println(x): null

02-12-2024T07:05:39 - [TEST_STEP][FAILED] - return x: null

02-12-2024T07:05:39 - [TEST_STEP][PASSED] - println(tabR + "/" + tabB): null

02-12-2024T07:05:39 - [TEST_STEP][FAILED] - if (verifyEqual(tabR, tabB) == false): null

02-12-2024T07:05:39 - [MESSAGE][FAILED] - Unable to verify equal between actual object 'нет данных' and expected object '3470805' (Root cause: com.kms.katalon.core.exception.StepFailedException: Actual object 'нет данных' and expected object '3470805' are not equal
	at com.kms.katalon.core.keyword.builtin.VerifyEqualKeyword$_verifyEqual_closure1.doCall(VerifyEqualKeyword.groovy:58)
	at com.kms.katalon.core.keyword.builtin.VerifyEqualKeyword$_verifyEqual_closure1.call(VerifyEqualKeyword.groovy)
	at com.kms.katalon.core.keyword.internal.KeywordMain.runKeyword(KeywordMain.groovy:75)
	at com.kms.katalon.core.keyword.builtin.VerifyEqualKeyword.verifyEqual(VerifyEqualKeyword.groovy:63)
	at com.kms.katalon.core.keyword.builtin.VerifyEqualKeyword.execute(VerifyEqualKeyword.groovy:44)
	at com.kms.katalon.core.keyword.internal.KeywordExecutor.executeKeywordForPlatform(KeywordExecutor.groovy:74)
	at com.kms.katalon.core.keyword.BuiltinKeywords.verifyEqual(BuiltinKeywords.groovy:146)
	at jdk.internal.reflect.GeneratedMethodAccessor25.invoke(Unknown Source)
	at java.base/jdk.internal.reflect.DelegatingMethodAccessorImpl.invoke(DelegatingMethodAccessorImpl.java:43)
	at Выполнение бизнес-плана сверка дашбордов.CompareDZOData(Выполнение бизнес-плана сверка дашбордов:730)
	at Выполнение бизнес-плана сверка дашбордов.run(Выполнение бизнес-плана сверка дашбордов:643)
	at com.kms.katalon.core.main.ScriptEngine.run(ScriptEngine.java:194)
	at com.kms.katalon.core.main.ScriptEngine.runScriptAsRawText(ScriptEngine.java:119)
	at com.kms.katalon.core.main.TestCaseExecutor.runScript(TestCaseExecutor.java:448)
	at com.kms.katalon.core.main.TestCaseExecutor.doExecute(TestCaseExecutor.java:439)
	at com.kms.katalon.core.main.TestCaseExecutor.processExecutionPhase(TestCaseExecutor.java:418)
	at com.kms.katalon.core.main.TestCaseExecutor.accessMainPhase(TestCaseExecutor.java:410)
	at com.kms.katalon.core.main.TestCaseExecutor.execute(TestCaseExecutor.java:285)
	at com.kms.katalon.core.common.CommonExecutor.accessTestCaseMainPhase(CommonExecutor.java:65)
	at com.kms.katalon.core.main.TestSuiteExecutor.accessTestSuiteMainPhase(TestSuiteExecutor.java:150)
	at com.kms.katalon.core.main.TestSuiteExecutor.execute(TestSuiteExecutor.java:106)
	at com.kms.katalon.core.main.TestCaseMain.startTestSuite(TestCaseMain.java:180)
	at TempTestSuite1733111659562.run(TempTestSuite1733111659562.groovy:35)
	at java.base/jdk.internal.reflect.NativeMethodAccessorImpl.invoke0(Native Method)
	at java.base/jdk.internal.reflect.NativeMethodAccessorImpl.invoke(NativeMethodAccessorImpl.java:77)
	at java.base/jdk.internal.reflect.DelegatingMethodAccessorImpl.invoke(DelegatingMethodAccessorImpl.java:43)
)

02-12-2024T07:05:39 - [TEST_STEP][PASSED] - result = WriteToExcel(typeOfData, todaysDate, PercPlanR, PercPlanB, PercFactR, PercFactB, x, tabR, tabB, o1R, o1B, vidget): null

02-12-2024T07:05:39 - [TEST_STEP][PASSED] - iii = dZO.indexOf("/"): null

02-12-2024T07:05:39 - [TEST_STEP][PASSED] - println(iii): null

02-12-2024T07:05:39 - [TEST_STEP][PASSED] - dZO = dZO.substring(0, iii): null

02-12-2024T07:05:39 - [TEST_STEP][PASSED] - println(dZO): null

02-12-2024T07:05:39 - [TEST_STEP][PASSED] - println(PercPlanR): null

02-12-2024T07:05:39 - [TEST_STEP][PASSED] - println(PercPlanB): null

02-12-2024T07:05:39 - [TEST_STEP][PASSED] - println(PercFactR): null

02-12-2024T07:05:39 - [TEST_STEP][PASSED] - println(PercFactB): null

02-12-2024T07:05:39 - [TEST_STEP][PASSED] - println(tabR): null

02-12-2024T07:05:39 - [TEST_STEP][PASSED] - println(tabB): null

02-12-2024T07:05:39 - [TEST_STEP][PASSED] - println(o1R): null

02-12-2024T07:05:39 - [TEST_STEP][PASSED] - println(o1B): null

02-12-2024T07:05:39 - [TEST_STEP][PASSED] - PR = <not implemented yet for class: org.codehaus.groovy.ast.expr.EmptyExpression>: null

02-12-2024T07:05:39 - [TEST_STEP][PASSED] - FR = <not implemented yet for class: org.codehaus.groovy.ast.expr.EmptyExpression>: null

02-12-2024T07:05:39 - [TEST_STEP][PASSED] - PB = <not implemented yet for class: org.codehaus.groovy.ast.expr.EmptyExpression>: null

02-12-2024T07:05:39 - [TEST_STEP][PASSED] - FB = <not implemented yet for class: org.codehaus.groovy.ast.expr.EmptyExpression>: null

02-12-2024T07:05:39 - [TEST_STEP][PASSED] - TR = <not implemented yet for class: org.codehaus.groovy.ast.expr.EmptyExpression>: null

02-12-2024T07:05:39 - [TEST_STEP][PASSED] - TB = <not implemented yet for class: org.codehaus.groovy.ast.expr.EmptyExpression>: null

02-12-2024T07:05:39 - [TEST_STEP][PASSED] - sheetName = "Sheet1": null

02-12-2024T07:05:39 - [TEST_STEP][PASSED] - data = findTestData("PlanFact"): null

02-12-2024T07:05:39 - [TEST_STEP][PASSED] - n = data.getRowNumbers() + 1: null

02-12-2024T07:05:39 - [TEST_STEP][PASSED] - year = todaysDate.substring(todaysDate.length() - 4, todaysDate.length()): null

02-12-2024T07:05:39 - [TEST_STEP][PASSED] - y = year.toInteger(): null

02-12-2024T07:05:39 - [TEST_STEP][PASSED] - m = getText(findTestObject("Выполнение бизнес-плана/Выполнение бизнес-плана Балансы/Фильтр Дата")): Text of object 'Object Repository/Выполнение бизнес-плана/Выполнение бизнес-плана Балансы/Фильтр Дата' is: '1, 2, 3 кв., Октябрь 2024 года'

02-12-2024T07:05:39 - [MESSAGE][PASSED] - Text of object 'Object Repository/Выполнение бизнес-плана/Выполнение бизнес-плана Балансы/Фильтр Дата' is: '1, 2, 3 кв., Октябрь 2024 года'

02-12-2024T07:05:39 - [TEST_STEP][PASSED] - m = m.substring(0, m.indexOf("2024")): null

02-12-2024T07:05:39 - [TEST_STEP][PASSED] - m = m.trim(): null

02-12-2024T07:05:39 - [TEST_STEP][PASSED] - dashboardName = "Выполнение бизнес-плана": null

02-12-2024T07:05:39 - [TEST_STEP][PASSED] - workbook01 = getWorkbook(excelFilePath): null

02-12-2024T07:05:39 - [TEST_STEP][PASSED] - sheet01 = getExcelSheet(workbook01, sheetName): null

02-12-2024T07:05:39 - [TEST_STEP][PASSED] - setValueToCellByIndex(sheet01, n, 0, dashboardName): null

02-12-2024T07:05:39 - [TEST_STEP][PASSED] - setValueToCellByIndex(sheet01, n, 1, dZO): null

02-12-2024T07:05:39 - [TEST_STEP][PASSED] - setValueToCellByIndex(sheet01, n, 2, typeOfData): null

02-12-2024T07:05:39 - [TEST_STEP][PASSED] - setValueToCellByIndex(sheet01, n, 3, typeOfData): null

02-12-2024T07:05:39 - [TEST_STEP][PASSED] - if (typeOfData == "План"): null

02-12-2024T07:05:39 - [TEST_STEP][PASSED] - else if (typeOfData == "Факт"): null

02-12-2024T07:05:39 - [TEST_STEP][PASSED] - else if (vidget.contains("электроэнергии") == true): null

02-12-2024T07:05:39 - [TEST_STEP][PASSED] - if (tabR == null): null

02-12-2024T07:05:39 - [TEST_STEP][PASSED] - else: null

02-12-2024T07:05:39 - [TEST_STEP][PASSED] - if (tabR == "нет данных"): null

02-12-2024T07:05:39 - [TEST_STEP][PASSED] - setValueToCellByIndex(sheet01, n, 4, "нет данных"): null

02-12-2024T07:05:39 - [TEST_STEP][PASSED] - if (tabB == null): null

02-12-2024T07:05:39 - [TEST_STEP][PASSED] - else: null

02-12-2024T07:05:39 - [TEST_STEP][PASSED] - if (tabB == "нет данных"): null

02-12-2024T07:05:39 - [TEST_STEP][PASSED] - else: null

02-12-2024T07:05:39 - [TEST_STEP][PASSED] - TB = tabB.toInteger(): null

02-12-2024T07:05:39 - [TEST_STEP][PASSED] - setValueToCellByIndex(sheet01, n, 5, TB): null

02-12-2024T07:05:39 - [TEST_STEP][PASSED] - setValueToCellByIndex(sheet01, n, 6, m): null

02-12-2024T07:05:39 - [TEST_STEP][PASSED] - setValueToCellByIndex(sheet01, n, 7, y): null

02-12-2024T07:05:39 - [TEST_STEP][PASSED] - setValueToCellByIndex(sheet01, n, 8, todaysDate): null

02-12-2024T07:05:39 - [TEST_STEP][PASSED] - n = n + 1: null

02-12-2024T07:05:39 - [TEST_STEP][PASSED] - saveWorkbook(excelFilePath, workbook01): null

02-12-2024T07:05:39 - [TEST_STEP][PASSED] - vidget = "Показатели баланса электроэнергии по ДЗО – План": null

02-12-2024T07:05:39 - [TEST_STEP][PASSED] - typeOfData = "План Отпуск в сеть": null

02-12-2024T07:05:39 - [TEST_STEP][PASSED] - tabR = GetOvSPlanR(x = a): null

02-12-2024T07:05:39 - [TEST_STEP][PASSED] - i1 = <not implemented yet for class: org.codehaus.groovy.ast.expr.EmptyExpression>: null

02-12-2024T07:05:39 - [TEST_STEP][PASSED] - ii = <not implemented yet for class: org.codehaus.groovy.ast.expr.EmptyExpression>: null

02-12-2024T07:05:39 - [TEST_STEP][PASSED] - for ([ii = 1, ii < 7, (ii++)]): null

02-12-2024T07:05:39 - [TEST_STEP][PASSED] - i1 = x.indexOf("/") + 1: null

02-12-2024T07:05:39 - [TEST_STEP][PASSED] - if (i1 > -1): null

02-12-2024T07:05:39 - [TEST_STEP][PASSED] - x = x.substring(i1, x.length()): null

02-12-2024T07:05:39 - [TEST_STEP][PASSED] - println(x): null

02-12-2024T07:05:39 - [TEST_STEP][PASSED] - i1 = x.indexOf("/") + 1: null

02-12-2024T07:05:39 - [TEST_STEP][PASSED] - if (i1 > -1): null

02-12-2024T07:05:39 - [TEST_STEP][PASSED] - x = x.substring(i1, x.length()): null

02-12-2024T07:05:39 - [TEST_STEP][PASSED] - println(x): null

02-12-2024T07:05:39 - [TEST_STEP][PASSED] - i1 = x.indexOf("/") + 1: null

02-12-2024T07:05:39 - [TEST_STEP][PASSED] - if (i1 > -1): null

02-12-2024T07:05:39 - [TEST_STEP][PASSED] - x = x.substring(i1, x.length()): null

02-12-2024T07:05:39 - [TEST_STEP][PASSED] - println(x): null

02-12-2024T07:05:39 - [TEST_STEP][PASSED] - i1 = x.indexOf("/") + 1: null

02-12-2024T07:05:39 - [TEST_STEP][PASSED] - if (i1 > -1): null

02-12-2024T07:05:39 - [TEST_STEP][PASSED] - x = x.substring(i1, x.length()): null

02-12-2024T07:05:39 - [TEST_STEP][PASSED] - println(x): null

02-12-2024T07:05:39 - [TEST_STEP][PASSED] - i1 = x.indexOf("/") + 1: null

02-12-2024T07:05:39 - [TEST_STEP][PASSED] - if (i1 > -1): null

02-12-2024T07:05:39 - [TEST_STEP][PASSED] - x = x.substring(i1, x.length()): null

02-12-2024T07:05:39 - [TEST_STEP][PASSED] - println(x): null

02-12-2024T07:05:39 - [TEST_STEP][PASSED] - i1 = x.indexOf("/") + 1: null

02-12-2024T07:05:39 - [TEST_STEP][PASSED] - if (i1 > -1): null

02-12-2024T07:05:39 - [TEST_STEP][PASSED] - x = x.substring(i1, x.length()): null

02-12-2024T07:05:39 - [TEST_STEP][PASSED] - println(x): null

02-12-2024T07:05:39 - [TEST_STEP][PASSED] - i1 = x.indexOf("/"): null

02-12-2024T07:05:39 - [TEST_STEP][PASSED] - if (i1 > -1): null

02-12-2024T07:05:39 - [TEST_STEP][PASSED] - x = x.substring(0, i1): null

02-12-2024T07:05:39 - [TEST_STEP][PASSED] - println(x): null

02-12-2024T07:05:39 - [TEST_STEP][PASSED] - return x: null

02-12-2024T07:05:39 - [TEST_STEP][PASSED] - tabB = GetOvSPlanB(x = b): null

02-12-2024T07:05:39 - [TEST_STEP][PASSED] - i1 = <not implemented yet for class: org.codehaus.groovy.ast.expr.EmptyExpression>: null

02-12-2024T07:05:39 - [TEST_STEP][PASSED] - ii = <not implemented yet for class: org.codehaus.groovy.ast.expr.EmptyExpression>: null

02-12-2024T07:05:39 - [TEST_STEP][PASSED] - for ([ii = 1, ii < 7, (ii++)]): null

02-12-2024T07:05:39 - [TEST_STEP][PASSED] - i1 = x.indexOf("/") + 1: null

02-12-2024T07:05:39 - [TEST_STEP][PASSED] - if (i1 > -1): null

02-12-2024T07:05:39 - [TEST_STEP][PASSED] - x = x.substring(i1, x.length()): null

02-12-2024T07:05:39 - [TEST_STEP][PASSED] - println(x): null

02-12-2024T07:05:39 - [TEST_STEP][PASSED] - i1 = x.indexOf("/") + 1: null

02-12-2024T07:05:39 - [TEST_STEP][PASSED] - if (i1 > -1): null

02-12-2024T07:05:39 - [TEST_STEP][PASSED] - x = x.substring(i1, x.length()): null

02-12-2024T07:05:39 - [TEST_STEP][PASSED] - println(x): null

02-12-2024T07:05:39 - [TEST_STEP][PASSED] - i1 = x.indexOf("/") + 1: null

02-12-2024T07:05:39 - [TEST_STEP][PASSED] - if (i1 > -1): null

02-12-2024T07:05:39 - [TEST_STEP][PASSED] - x = x.substring(i1, x.length()): null

02-12-2024T07:05:39 - [TEST_STEP][PASSED] - println(x): null

02-12-2024T07:05:39 - [TEST_STEP][PASSED] - i1 = x.indexOf("/") + 1: null

02-12-2024T07:05:39 - [TEST_STEP][PASSED] - if (i1 > -1): null

02-12-2024T07:05:39 - [TEST_STEP][PASSED] - x = x.substring(i1, x.length()): null

02-12-2024T07:05:39 - [TEST_STEP][PASSED] - println(x): null

02-12-2024T07:05:39 - [TEST_STEP][PASSED] - i1 = x.indexOf("/") + 1: null

02-12-2024T07:05:39 - [TEST_STEP][PASSED] - if (i1 > -1): null

02-12-2024T07:05:39 - [TEST_STEP][PASSED] - x = x.substring(i1, x.length()): null

02-12-2024T07:05:39 - [TEST_STEP][PASSED] - println(x): null

02-12-2024T07:05:39 - [TEST_STEP][PASSED] - i1 = x.indexOf("/") + 1: null

02-12-2024T07:05:39 - [TEST_STEP][PASSED] - if (i1 > -1): null

02-12-2024T07:05:39 - [TEST_STEP][PASSED] - x = x.substring(i1, x.length()): null

02-12-2024T07:05:39 - [TEST_STEP][PASSED] - println(x): null

02-12-2024T07:05:39 - [TEST_STEP][PASSED] - i1 = x.indexOf("/"): null

02-12-2024T07:05:39 - [TEST_STEP][PASSED] - if (i1 > -1): null

02-12-2024T07:05:39 - [TEST_STEP][PASSED] - x = x.substring(0, i1): null

02-12-2024T07:05:39 - [TEST_STEP][PASSED] - println(x): null

02-12-2024T07:05:39 - [TEST_STEP][FAILED] - return x: null

02-12-2024T07:05:39 - [TEST_STEP][PASSED] - println(tabR + "/" + tabB): null

02-12-2024T07:05:39 - [TEST_STEP][FAILED] - if (verifyEqual(PercFactR, PercFactB) == false): null

02-12-2024T07:05:39 - [MESSAGE][FAILED] - Unable to verify equal between actual object 'нет данных' and expected object '5.76' (Root cause: com.kms.katalon.core.exception.StepFailedException: Actual object 'нет данных' and expected object '5.76' are not equal
	at com.kms.katalon.core.keyword.builtin.VerifyEqualKeyword$_verifyEqual_closure1.doCall(VerifyEqualKeyword.groovy:58)
	at com.kms.katalon.core.keyword.builtin.VerifyEqualKeyword$_verifyEqual_closure1.call(VerifyEqualKeyword.groovy)
	at com.kms.katalon.core.keyword.internal.KeywordMain.runKeyword(KeywordMain.groovy:75)
	at com.kms.katalon.core.keyword.builtin.VerifyEqualKeyword.verifyEqual(VerifyEqualKeyword.groovy:63)
	at com.kms.katalon.core.keyword.builtin.VerifyEqualKeyword.execute(VerifyEqualKeyword.groovy:44)
	at com.kms.katalon.core.keyword.internal.KeywordExecutor.executeKeywordForPlatform(KeywordExecutor.groovy:74)
	at com.kms.katalon.core.keyword.BuiltinKeywords.verifyEqual(BuiltinKeywords.groovy:146)
	at jdk.internal.reflect.GeneratedMethodAccessor25.invoke(Unknown Source)
	at java.base/jdk.internal.reflect.DelegatingMethodAccessorImpl.invoke(DelegatingMethodAccessorImpl.java:43)
	at Выполнение бизнес-плана сверка дашбордов.CompareDZOData(Выполнение бизнес-плана сверка дашбордов:745)
	at Выполнение бизнес-плана сверка дашбордов.run(Выполнение бизнес-плана сверка дашбордов:643)
	at com.kms.katalon.core.main.ScriptEngine.run(ScriptEngine.java:194)
	at com.kms.katalon.core.main.ScriptEngine.runScriptAsRawText(ScriptEngine.java:119)
	at com.kms.katalon.core.main.TestCaseExecutor.runScript(TestCaseExecutor.java:448)
	at com.kms.katalon.core.main.TestCaseExecutor.doExecute(TestCaseExecutor.java:439)
	at com.kms.katalon.core.main.TestCaseExecutor.processExecutionPhase(TestCaseExecutor.java:418)
	at com.kms.katalon.core.main.TestCaseExecutor.accessMainPhase(TestCaseExecutor.java:410)
	at com.kms.katalon.core.main.TestCaseExecutor.execute(TestCaseExecutor.java:285)
	at com.kms.katalon.core.common.CommonExecutor.accessTestCaseMainPhase(CommonExecutor.java:65)
	at com.kms.katalon.core.main.TestSuiteExecutor.accessTestSuiteMainPhase(TestSuiteExecutor.java:150)
	at com.kms.katalon.core.main.TestSuiteExecutor.execute(TestSuiteExecutor.java:106)
	at com.kms.katalon.core.main.TestCaseMain.startTestSuite(TestCaseMain.java:180)
	at TempTestSuite1733111659562.run(TempTestSuite1733111659562.groovy:35)
	at java.base/jdk.internal.reflect.NativeMethodAccessorImpl.invoke0(Native Method)
	at java.base/jdk.internal.reflect.NativeMethodAccessorImpl.invoke(NativeMethodAccessorImpl.java:77)
	at java.base/jdk.internal.reflect.DelegatingMethodAccessorImpl.invoke(DelegatingMethodAccessorImpl.java:43)
)

02-12-2024T07:05:39 - [TEST_STEP][PASSED] - result = WriteToExcel(typeOfData, todaysDate, PercPlanR, PercPlanB, PercFactR, PercFactB, x, tabR, tabB, o1R, o1B, vidget): null

02-12-2024T07:05:39 - [TEST_STEP][PASSED] - iii = dZO.indexOf("/"): null

02-12-2024T07:05:39 - [TEST_STEP][PASSED] - println(iii): null

02-12-2024T07:05:39 - [TEST_STEP][PASSED] - dZO = dZO.substring(0, iii): null

02-12-2024T07:05:39 - [TEST_STEP][PASSED] - println(dZO): null

02-12-2024T07:05:39 - [TEST_STEP][PASSED] - println(PercPlanR): null

02-12-2024T07:05:39 - [TEST_STEP][PASSED] - println(PercPlanB): null

02-12-2024T07:05:39 - [TEST_STEP][PASSED] - println(PercFactR): null

02-12-2024T07:05:39 - [TEST_STEP][PASSED] - println(PercFactB): null

02-12-2024T07:05:39 - [TEST_STEP][PASSED] - println(tabR): null

02-12-2024T07:05:39 - [TEST_STEP][PASSED] - println(tabB): null

02-12-2024T07:05:39 - [TEST_STEP][PASSED] - println(o1R): null

02-12-2024T07:05:39 - [TEST_STEP][PASSED] - println(o1B): null

02-12-2024T07:05:39 - [TEST_STEP][PASSED] - PR = <not implemented yet for class: org.codehaus.groovy.ast.expr.EmptyExpression>: null

02-12-2024T07:05:39 - [TEST_STEP][PASSED] - FR = <not implemented yet for class: org.codehaus.groovy.ast.expr.EmptyExpression>: null

02-12-2024T07:05:39 - [TEST_STEP][PASSED] - PB = <not implemented yet for class: org.codehaus.groovy.ast.expr.EmptyExpression>: null

02-12-2024T07:05:39 - [TEST_STEP][PASSED] - FB = <not implemented yet for class: org.codehaus.groovy.ast.expr.EmptyExpression>: null

02-12-2024T07:05:39 - [TEST_STEP][PASSED] - TR = <not implemented yet for class: org.codehaus.groovy.ast.expr.EmptyExpression>: null

02-12-2024T07:05:39 - [TEST_STEP][PASSED] - TB = <not implemented yet for class: org.codehaus.groovy.ast.expr.EmptyExpression>: null

02-12-2024T07:05:39 - [TEST_STEP][PASSED] - sheetName = "Sheet1": null

02-12-2024T07:05:39 - [TEST_STEP][PASSED] - data = findTestData("PlanFact"): null

02-12-2024T07:05:39 - [TEST_STEP][PASSED] - n = data.getRowNumbers() + 1: null

02-12-2024T07:05:39 - [TEST_STEP][PASSED] - year = todaysDate.substring(todaysDate.length() - 4, todaysDate.length()): null

02-12-2024T07:05:39 - [TEST_STEP][PASSED] - y = year.toInteger(): null

02-12-2024T07:05:39 - [TEST_STEP][PASSED] - m = getText(findTestObject("Выполнение бизнес-плана/Выполнение бизнес-плана Балансы/Фильтр Дата")): Text of object 'Object Repository/Выполнение бизнес-плана/Выполнение бизнес-плана Балансы/Фильтр Дата' is: '1, 2, 3 кв., Октябрь 2024 года'

02-12-2024T07:05:40 - [MESSAGE][PASSED] - Text of object 'Object Repository/Выполнение бизнес-плана/Выполнение бизнес-плана Балансы/Фильтр Дата' is: '1, 2, 3 кв., Октябрь 2024 года'

02-12-2024T07:05:40 - [TEST_STEP][PASSED] - m = m.substring(0, m.indexOf("2024")): null

02-12-2024T07:05:40 - [TEST_STEP][PASSED] - m = m.trim(): null

02-12-2024T07:05:40 - [TEST_STEP][PASSED] - dashboardName = "Выполнение бизнес-плана": null

02-12-2024T07:05:40 - [TEST_STEP][PASSED] - workbook01 = getWorkbook(excelFilePath): null

02-12-2024T07:05:40 - [TEST_STEP][PASSED] - sheet01 = getExcelSheet(workbook01, sheetName): null

02-12-2024T07:05:40 - [TEST_STEP][PASSED] - setValueToCellByIndex(sheet01, n, 0, dashboardName): null

02-12-2024T07:05:40 - [TEST_STEP][PASSED] - setValueToCellByIndex(sheet01, n, 1, dZO): null

02-12-2024T07:05:40 - [TEST_STEP][PASSED] - setValueToCellByIndex(sheet01, n, 2, typeOfData): null

02-12-2024T07:05:40 - [TEST_STEP][PASSED] - setValueToCellByIndex(sheet01, n, 3, typeOfData): null

02-12-2024T07:05:40 - [TEST_STEP][PASSED] - if (typeOfData == "План"): null

02-12-2024T07:05:40 - [TEST_STEP][PASSED] - else if (typeOfData == "Факт"): null

02-12-2024T07:05:40 - [TEST_STEP][PASSED] - else if (vidget.contains("электроэнергии") == true): null

02-12-2024T07:05:40 - [TEST_STEP][PASSED] - if (tabR == null): null

02-12-2024T07:05:40 - [TEST_STEP][PASSED] - else: null

02-12-2024T07:05:40 - [TEST_STEP][PASSED] - if (tabR == "нет данных"): null

02-12-2024T07:05:40 - [TEST_STEP][PASSED] - setValueToCellByIndex(sheet01, n, 4, "нет данных"): null

02-12-2024T07:05:40 - [TEST_STEP][PASSED] - if (tabB == null): null

02-12-2024T07:05:40 - [TEST_STEP][PASSED] - else: null

02-12-2024T07:05:40 - [TEST_STEP][PASSED] - if (tabB == "нет данных"): null

02-12-2024T07:05:40 - [TEST_STEP][PASSED] - else: null

02-12-2024T07:05:40 - [TEST_STEP][PASSED] - TB = tabB.toInteger(): null

02-12-2024T07:05:40 - [TEST_STEP][PASSED] - setValueToCellByIndex(sheet01, n, 5, TB): null

02-12-2024T07:05:40 - [TEST_STEP][PASSED] - setValueToCellByIndex(sheet01, n, 6, m): null

02-12-2024T07:05:40 - [TEST_STEP][PASSED] - setValueToCellByIndex(sheet01, n, 7, y): null

02-12-2024T07:05:40 - [TEST_STEP][PASSED] - setValueToCellByIndex(sheet01, n, 8, todaysDate): null

02-12-2024T07:05:40 - [TEST_STEP][PASSED] - n = n + 1: null

02-12-2024T07:05:40 - [TEST_STEP][PASSED] - saveWorkbook(excelFilePath, workbook01): null

02-12-2024T07:05:40 - [TEST_STEP][PASSED] - typeOfData = "План Отпуск из сети": null

02-12-2024T07:05:40 - [TEST_STEP][PASSED] - tabR = GetOiSPlanR(x = a): null

02-12-2024T07:05:40 - [TEST_STEP][PASSED] - i1 = <not implemented yet for class: org.codehaus.groovy.ast.expr.EmptyExpression>: null

02-12-2024T07:05:40 - [TEST_STEP][PASSED] - ii = <not implemented yet for class: org.codehaus.groovy.ast.expr.EmptyExpression>: null

02-12-2024T07:05:40 - [TEST_STEP][PASSED] - for ([ii = 1, ii < 8, (ii++)]): null

02-12-2024T07:05:40 - [TEST_STEP][PASSED] - i1 = x.indexOf("/") + 1: null

02-12-2024T07:05:40 - [TEST_STEP][PASSED] - if (i1 > -1): null

02-12-2024T07:05:40 - [TEST_STEP][PASSED] - x = x.substring(i1, x.length()): null

02-12-2024T07:05:40 - [TEST_STEP][PASSED] - println(x): null

02-12-2024T07:05:40 - [TEST_STEP][PASSED] - i1 = x.indexOf("/") + 1: null

02-12-2024T07:05:40 - [TEST_STEP][PASSED] - if (i1 > -1): null

02-12-2024T07:05:40 - [TEST_STEP][PASSED] - x = x.substring(i1, x.length()): null

02-12-2024T07:05:40 - [TEST_STEP][PASSED] - println(x): null

02-12-2024T07:05:40 - [TEST_STEP][PASSED] - i1 = x.indexOf("/") + 1: null

02-12-2024T07:05:40 - [TEST_STEP][PASSED] - if (i1 > -1): null

02-12-2024T07:05:40 - [TEST_STEP][PASSED] - x = x.substring(i1, x.length()): null

02-12-2024T07:05:40 - [TEST_STEP][PASSED] - println(x): null

02-12-2024T07:05:40 - [TEST_STEP][PASSED] - i1 = x.indexOf("/") + 1: null

02-12-2024T07:05:40 - [TEST_STEP][PASSED] - if (i1 > -1): null

02-12-2024T07:05:40 - [TEST_STEP][PASSED] - x = x.substring(i1, x.length()): null

02-12-2024T07:05:40 - [TEST_STEP][PASSED] - println(x): null

02-12-2024T07:05:40 - [TEST_STEP][PASSED] - i1 = x.indexOf("/") + 1: null

02-12-2024T07:05:40 - [TEST_STEP][PASSED] - if (i1 > -1): null

02-12-2024T07:05:40 - [TEST_STEP][PASSED] - x = x.substring(i1, x.length()): null

02-12-2024T07:05:40 - [TEST_STEP][PASSED] - println(x): null

02-12-2024T07:05:40 - [TEST_STEP][PASSED] - i1 = x.indexOf("/") + 1: null

02-12-2024T07:05:40 - [TEST_STEP][PASSED] - if (i1 > -1): null

02-12-2024T07:05:40 - [TEST_STEP][PASSED] - x = x.substring(i1, x.length()): null

02-12-2024T07:05:40 - [TEST_STEP][PASSED] - println(x): null

02-12-2024T07:05:40 - [TEST_STEP][PASSED] - i1 = x.indexOf("/") + 1: null

02-12-2024T07:05:40 - [TEST_STEP][PASSED] - if (i1 > -1): null

02-12-2024T07:05:40 - [TEST_STEP][PASSED] - x = x.substring(i1, x.length()): null

02-12-2024T07:05:40 - [TEST_STEP][PASSED] - println(x): null

02-12-2024T07:05:40 - [TEST_STEP][PASSED] - i1 = x.indexOf("/"): null

02-12-2024T07:05:40 - [TEST_STEP][PASSED] - if (i1 > -1): null

02-12-2024T07:05:40 - [TEST_STEP][PASSED] - x = x.substring(0, i1): null

02-12-2024T07:05:40 - [TEST_STEP][PASSED] - println(x): null

02-12-2024T07:05:40 - [TEST_STEP][PASSED] - return x: null

02-12-2024T07:05:40 - [TEST_STEP][PASSED] - tabB = GetOiSPlanB(x = b): null

02-12-2024T07:05:40 - [TEST_STEP][PASSED] - i1 = <not implemented yet for class: org.codehaus.groovy.ast.expr.EmptyExpression>: null

02-12-2024T07:05:40 - [TEST_STEP][PASSED] - ii = <not implemented yet for class: org.codehaus.groovy.ast.expr.EmptyExpression>: null

02-12-2024T07:05:40 - [TEST_STEP][PASSED] - for ([ii = 1, ii < 8, (ii++)]): null

02-12-2024T07:05:40 - [TEST_STEP][PASSED] - i1 = x.indexOf("/") + 1: null

02-12-2024T07:05:40 - [TEST_STEP][PASSED] - if (i1 > -1): null

02-12-2024T07:05:40 - [TEST_STEP][PASSED] - x = x.substring(i1, x.length()): null

02-12-2024T07:05:40 - [TEST_STEP][PASSED] - println(x): null

02-12-2024T07:05:40 - [TEST_STEP][PASSED] - i1 = x.indexOf("/") + 1: null

02-12-2024T07:05:40 - [TEST_STEP][PASSED] - if (i1 > -1): null

02-12-2024T07:05:40 - [TEST_STEP][PASSED] - x = x.substring(i1, x.length()): null

02-12-2024T07:05:40 - [TEST_STEP][PASSED] - println(x): null

02-12-2024T07:05:40 - [TEST_STEP][PASSED] - i1 = x.indexOf("/") + 1: null

02-12-2024T07:05:40 - [TEST_STEP][PASSED] - if (i1 > -1): null

02-12-2024T07:05:40 - [TEST_STEP][PASSED] - x = x.substring(i1, x.length()): null

02-12-2024T07:05:40 - [TEST_STEP][PASSED] - println(x): null

02-12-2024T07:05:40 - [TEST_STEP][PASSED] - i1 = x.indexOf("/") + 1: null

02-12-2024T07:05:40 - [TEST_STEP][PASSED] - if (i1 > -1): null

02-12-2024T07:05:40 - [TEST_STEP][PASSED] - x = x.substring(i1, x.length()): null

02-12-2024T07:05:40 - [TEST_STEP][PASSED] - println(x): null

02-12-2024T07:05:40 - [TEST_STEP][PASSED] - i1 = x.indexOf("/") + 1: null

02-12-2024T07:05:40 - [TEST_STEP][PASSED] - if (i1 > -1): null

02-12-2024T07:05:40 - [TEST_STEP][PASSED] - x = x.substring(i1, x.length()): null

02-12-2024T07:05:40 - [TEST_STEP][PASSED] - println(x): null

02-12-2024T07:05:40 - [TEST_STEP][PASSED] - i1 = x.indexOf("/") + 1: null

02-12-2024T07:05:40 - [TEST_STEP][PASSED] - if (i1 > -1): null

02-12-2024T07:05:40 - [TEST_STEP][PASSED] - x = x.substring(i1, x.length()): null

02-12-2024T07:05:40 - [TEST_STEP][PASSED] - println(x): null

02-12-2024T07:05:40 - [TEST_STEP][PASSED] - i1 = x.indexOf("/") + 1: null

02-12-2024T07:05:40 - [TEST_STEP][PASSED] - if (i1 > -1): null

02-12-2024T07:05:40 - [TEST_STEP][PASSED] - x = x.substring(i1, x.length()): null

02-12-2024T07:05:40 - [TEST_STEP][PASSED] - println(x): null

02-12-2024T07:05:40 - [TEST_STEP][PASSED] - i1 = x.indexOf("/"): null

02-12-2024T07:05:40 - [TEST_STEP][PASSED] - if (i1 > -1): null

02-12-2024T07:05:40 - [TEST_STEP][PASSED] - x = x.substring(0, i1): null

02-12-2024T07:05:40 - [TEST_STEP][PASSED] - println(x): null

02-12-2024T07:05:40 - [TEST_STEP][FAILED] - return x: null

02-12-2024T07:05:40 - [TEST_STEP][PASSED] - println(tabR + "/" + tabB): null

02-12-2024T07:05:40 - [TEST_STEP][FAILED] - if (verifyEqual(PercFactR, PercFactB) == false): null

02-12-2024T07:05:40 - [MESSAGE][FAILED] - Unable to verify equal between actual object 'нет данных' and expected object '5.76' (Root cause: com.kms.katalon.core.exception.StepFailedException: Actual object 'нет данных' and expected object '5.76' are not equal
	at com.kms.katalon.core.keyword.builtin.VerifyEqualKeyword$_verifyEqual_closure1.doCall(VerifyEqualKeyword.groovy:58)
	at com.kms.katalon.core.keyword.builtin.VerifyEqualKeyword$_verifyEqual_closure1.call(VerifyEqualKeyword.groovy)
	at com.kms.katalon.core.keyword.internal.KeywordMain.runKeyword(KeywordMain.groovy:75)
	at com.kms.katalon.core.keyword.builtin.VerifyEqualKeyword.verifyEqual(VerifyEqualKeyword.groovy:63)
	at com.kms.katalon.core.keyword.builtin.VerifyEqualKeyword.execute(VerifyEqualKeyword.groovy:44)
	at com.kms.katalon.core.keyword.internal.KeywordExecutor.executeKeywordForPlatform(KeywordExecutor.groovy:74)
	at com.kms.katalon.core.keyword.BuiltinKeywords.verifyEqual(BuiltinKeywords.groovy:146)
	at jdk.internal.reflect.GeneratedMethodAccessor25.invoke(Unknown Source)
	at java.base/jdk.internal.reflect.DelegatingMethodAccessorImpl.invoke(DelegatingMethodAccessorImpl.java:43)
	at Выполнение бизнес-плана сверка дашбордов.CompareDZOData(Выполнение бизнес-плана сверка дашбордов:758)
	at Выполнение бизнес-плана сверка дашбордов.run(Выполнение бизнес-плана сверка дашбордов:643)
	at com.kms.katalon.core.main.ScriptEngine.run(ScriptEngine.java:194)
	at com.kms.katalon.core.main.ScriptEngine.runScriptAsRawText(ScriptEngine.java:119)
	at com.kms.katalon.core.main.TestCaseExecutor.runScript(TestCaseExecutor.java:448)
	at com.kms.katalon.core.main.TestCaseExecutor.doExecute(TestCaseExecutor.java:439)
	at com.kms.katalon.core.main.TestCaseExecutor.processExecutionPhase(TestCaseExecutor.java:418)
	at com.kms.katalon.core.main.TestCaseExecutor.accessMainPhase(TestCaseExecutor.java:410)
	at com.kms.katalon.core.main.TestCaseExecutor.execute(TestCaseExecutor.java:285)
	at com.kms.katalon.core.common.CommonExecutor.accessTestCaseMainPhase(CommonExecutor.java:65)
	at com.kms.katalon.core.main.TestSuiteExecutor.accessTestSuiteMainPhase(TestSuiteExecutor.java:150)
	at com.kms.katalon.core.main.TestSuiteExecutor.execute(TestSuiteExecutor.java:106)
	at com.kms.katalon.core.main.TestCaseMain.startTestSuite(TestCaseMain.java:180)
	at TempTestSuite1733111659562.run(TempTestSuite1733111659562.groovy:35)
	at java.base/jdk.internal.reflect.NativeMethodAccessorImpl.invoke0(Native Method)
	at java.base/jdk.internal.reflect.NativeMethodAccessorImpl.invoke(NativeMethodAccessorImpl.java:77)
	at java.base/jdk.internal.reflect.DelegatingMethodAccessorImpl.invoke(DelegatingMethodAccessorImpl.java:43)
)

02-12-2024T07:05:40 - [TEST_STEP][PASSED] - result = WriteToExcel(typeOfData, todaysDate, PercPlanR, PercPlanB, PercFactR, PercFactB, x, tabR, tabB, o1R, o1B, vidget): null

02-12-2024T07:05:40 - [TEST_STEP][PASSED] - iii = dZO.indexOf("/"): null

02-12-2024T07:05:40 - [TEST_STEP][PASSED] - println(iii): null

02-12-2024T07:05:40 - [TEST_STEP][PASSED] - dZO = dZO.substring(0, iii): null

02-12-2024T07:05:40 - [TEST_STEP][PASSED] - println(dZO): null

02-12-2024T07:05:40 - [TEST_STEP][PASSED] - println(PercPlanR): null

02-12-2024T07:05:40 - [TEST_STEP][PASSED] - println(PercPlanB): null

02-12-2024T07:05:40 - [TEST_STEP][PASSED] - println(PercFactR): null

02-12-2024T07:05:40 - [TEST_STEP][PASSED] - println(PercFactB): null

02-12-2024T07:05:40 - [TEST_STEP][PASSED] - println(tabR): null

02-12-2024T07:05:40 - [TEST_STEP][PASSED] - println(tabB): null

02-12-2024T07:05:40 - [TEST_STEP][PASSED] - println(o1R): null

02-12-2024T07:05:40 - [TEST_STEP][PASSED] - println(o1B): null

02-12-2024T07:05:40 - [TEST_STEP][PASSED] - PR = <not implemented yet for class: org.codehaus.groovy.ast.expr.EmptyExpression>: null

02-12-2024T07:05:40 - [TEST_STEP][PASSED] - FR = <not implemented yet for class: org.codehaus.groovy.ast.expr.EmptyExpression>: null

02-12-2024T07:05:40 - [TEST_STEP][PASSED] - PB = <not implemented yet for class: org.codehaus.groovy.ast.expr.EmptyExpression>: null

02-12-2024T07:05:40 - [TEST_STEP][PASSED] - FB = <not implemented yet for class: org.codehaus.groovy.ast.expr.EmptyExpression>: null

02-12-2024T07:05:40 - [TEST_STEP][PASSED] - TR = <not implemented yet for class: org.codehaus.groovy.ast.expr.EmptyExpression>: null

02-12-2024T07:05:40 - [TEST_STEP][PASSED] - TB = <not implemented yet for class: org.codehaus.groovy.ast.expr.EmptyExpression>: null

02-12-2024T07:05:40 - [TEST_STEP][PASSED] - sheetName = "Sheet1": null

02-12-2024T07:05:40 - [TEST_STEP][PASSED] - data = findTestData("PlanFact"): null

02-12-2024T07:05:40 - [TEST_STEP][PASSED] - n = data.getRowNumbers() + 1: null

02-12-2024T07:05:40 - [TEST_STEP][PASSED] - year = todaysDate.substring(todaysDate.length() - 4, todaysDate.length()): null

02-12-2024T07:05:40 - [TEST_STEP][PASSED] - y = year.toInteger(): null

02-12-2024T07:05:40 - [TEST_STEP][PASSED] - m = getText(findTestObject("Выполнение бизнес-плана/Выполнение бизнес-плана Балансы/Фильтр Дата")): Text of object 'Object Repository/Выполнение бизнес-плана/Выполнение бизнес-плана Балансы/Фильтр Дата' is: '1, 2, 3 кв., Октябрь 2024 года'

02-12-2024T07:05:40 - [MESSAGE][PASSED] - Text of object 'Object Repository/Выполнение бизнес-плана/Выполнение бизнес-плана Балансы/Фильтр Дата' is: '1, 2, 3 кв., Октябрь 2024 года'

02-12-2024T07:05:40 - [TEST_STEP][PASSED] - m = m.substring(0, m.indexOf("2024")): null

02-12-2024T07:05:40 - [TEST_STEP][PASSED] - m = m.trim(): null

02-12-2024T07:05:40 - [TEST_STEP][PASSED] - dashboardName = "Выполнение бизнес-плана": null

02-12-2024T07:05:40 - [TEST_STEP][PASSED] - workbook01 = getWorkbook(excelFilePath): null

02-12-2024T07:05:40 - [TEST_STEP][PASSED] - sheet01 = getExcelSheet(workbook01, sheetName): null

02-12-2024T07:05:40 - [TEST_STEP][PASSED] - setValueToCellByIndex(sheet01, n, 0, dashboardName): null

02-12-2024T07:05:40 - [TEST_STEP][PASSED] - setValueToCellByIndex(sheet01, n, 1, dZO): null

02-12-2024T07:05:40 - [TEST_STEP][PASSED] - setValueToCellByIndex(sheet01, n, 2, typeOfData): null

02-12-2024T07:05:40 - [TEST_STEP][PASSED] - setValueToCellByIndex(sheet01, n, 3, typeOfData): null

02-12-2024T07:05:40 - [TEST_STEP][PASSED] - if (typeOfData == "План"): null

02-12-2024T07:05:40 - [TEST_STEP][PASSED] - else if (typeOfData == "Факт"): null

02-12-2024T07:05:40 - [TEST_STEP][PASSED] - else if (vidget.contains("электроэнергии") == true): null

02-12-2024T07:05:40 - [TEST_STEP][PASSED] - if (tabR == null): null

02-12-2024T07:05:40 - [TEST_STEP][PASSED] - else: null

02-12-2024T07:05:40 - [TEST_STEP][PASSED] - if (tabR == "нет данных"): null

02-12-2024T07:05:40 - [TEST_STEP][PASSED] - setValueToCellByIndex(sheet01, n, 4, "нет данных"): null

02-12-2024T07:05:40 - [TEST_STEP][PASSED] - if (tabB == null): null

02-12-2024T07:05:40 - [TEST_STEP][PASSED] - else: null

02-12-2024T07:05:40 - [TEST_STEP][PASSED] - if (tabB == "нет данных"): null

02-12-2024T07:05:40 - [TEST_STEP][PASSED] - else: null

02-12-2024T07:05:40 - [TEST_STEP][PASSED] - TB = tabB.toInteger(): null

02-12-2024T07:05:40 - [TEST_STEP][PASSED] - setValueToCellByIndex(sheet01, n, 5, TB): null

02-12-2024T07:05:40 - [TEST_STEP][PASSED] - setValueToCellByIndex(sheet01, n, 6, m): null

02-12-2024T07:05:40 - [TEST_STEP][PASSED] - setValueToCellByIndex(sheet01, n, 7, y): null

02-12-2024T07:05:40 - [TEST_STEP][PASSED] - setValueToCellByIndex(sheet01, n, 8, todaysDate): null

02-12-2024T07:05:40 - [TEST_STEP][PASSED] - n = n + 1: null

02-12-2024T07:05:40 - [TEST_STEP][PASSED] - saveWorkbook(excelFilePath, workbook01): null

02-12-2024T07:05:40 - [TEST_STEP][PASSED] - typeOfData = "План Потери": null

02-12-2024T07:05:40 - [TEST_STEP][PASSED] - tabR = GetPPlanR(x = a): null

02-12-2024T07:05:40 - [TEST_STEP][PASSED] - i1 = <not implemented yet for class: org.codehaus.groovy.ast.expr.EmptyExpression>: null

02-12-2024T07:05:40 - [TEST_STEP][PASSED] - ii = <not implemented yet for class: org.codehaus.groovy.ast.expr.EmptyExpression>: null

02-12-2024T07:05:40 - [TEST_STEP][PASSED] - for ([ii = 1, ii < 9, (ii++)]): null

02-12-2024T07:05:40 - [TEST_STEP][PASSED] - i1 = x.indexOf("/") + 1: null

02-12-2024T07:05:40 - [TEST_STEP][PASSED] - if (i1 > -1): null

02-12-2024T07:05:40 - [TEST_STEP][PASSED] - x = x.substring(i1, x.length()): null

02-12-2024T07:05:40 - [TEST_STEP][PASSED] - println(x): null

02-12-2024T07:05:40 - [TEST_STEP][PASSED] - i1 = x.indexOf("/") + 1: null

02-12-2024T07:05:40 - [TEST_STEP][PASSED] - if (i1 > -1): null

02-12-2024T07:05:40 - [TEST_STEP][PASSED] - x = x.substring(i1, x.length()): null

02-12-2024T07:05:40 - [TEST_STEP][PASSED] - println(x): null

02-12-2024T07:05:40 - [TEST_STEP][PASSED] - i1 = x.indexOf("/") + 1: null

02-12-2024T07:05:40 - [TEST_STEP][PASSED] - if (i1 > -1): null

02-12-2024T07:05:40 - [TEST_STEP][PASSED] - x = x.substring(i1, x.length()): null

02-12-2024T07:05:40 - [TEST_STEP][PASSED] - println(x): null

02-12-2024T07:05:40 - [TEST_STEP][PASSED] - i1 = x.indexOf("/") + 1: null

02-12-2024T07:05:40 - [TEST_STEP][PASSED] - if (i1 > -1): null

02-12-2024T07:05:40 - [TEST_STEP][PASSED] - x = x.substring(i1, x.length()): null

02-12-2024T07:05:40 - [TEST_STEP][PASSED] - println(x): null

02-12-2024T07:05:40 - [TEST_STEP][PASSED] - i1 = x.indexOf("/") + 1: null

02-12-2024T07:05:40 - [TEST_STEP][PASSED] - if (i1 > -1): null

02-12-2024T07:05:40 - [TEST_STEP][PASSED] - x = x.substring(i1, x.length()): null

02-12-2024T07:05:40 - [TEST_STEP][PASSED] - println(x): null

02-12-2024T07:05:40 - [TEST_STEP][PASSED] - i1 = x.indexOf("/") + 1: null

02-12-2024T07:05:40 - [TEST_STEP][PASSED] - if (i1 > -1): null

02-12-2024T07:05:40 - [TEST_STEP][PASSED] - x = x.substring(i1, x.length()): null

02-12-2024T07:05:40 - [TEST_STEP][PASSED] - println(x): null

02-12-2024T07:05:40 - [TEST_STEP][PASSED] - i1 = x.indexOf("/") + 1: null

02-12-2024T07:05:40 - [TEST_STEP][PASSED] - if (i1 > -1): null

02-12-2024T07:05:40 - [TEST_STEP][PASSED] - x = x.substring(i1, x.length()): null

02-12-2024T07:05:40 - [TEST_STEP][PASSED] - println(x): null

02-12-2024T07:05:40 - [TEST_STEP][PASSED] - i1 = x.indexOf("/") + 1: null

02-12-2024T07:05:40 - [TEST_STEP][PASSED] - if (i1 > -1): null

02-12-2024T07:05:40 - [TEST_STEP][PASSED] - x = x.substring(i1, x.length()): null

02-12-2024T07:05:40 - [TEST_STEP][PASSED] - println(x): null

02-12-2024T07:05:40 - [TEST_STEP][PASSED] - i1 = x.indexOf("/"): null

02-12-2024T07:05:40 - [TEST_STEP][PASSED] - if (i1 > -1): null

02-12-2024T07:05:40 - [TEST_STEP][PASSED] - x = x.substring(0, i1): null

02-12-2024T07:05:40 - [TEST_STEP][PASSED] - println(x): null

02-12-2024T07:05:40 - [TEST_STEP][PASSED] - return x: null

02-12-2024T07:05:40 - [TEST_STEP][PASSED] - tabB = GetPPlanB(x = b): null

02-12-2024T07:05:40 - [TEST_STEP][PASSED] - i1 = <not implemented yet for class: org.codehaus.groovy.ast.expr.EmptyExpression>: null

02-12-2024T07:05:40 - [TEST_STEP][PASSED] - ii = <not implemented yet for class: org.codehaus.groovy.ast.expr.EmptyExpression>: null

02-12-2024T07:05:40 - [TEST_STEP][PASSED] - for ([ii = 1, ii < 9, (ii++)]): null

02-12-2024T07:05:40 - [TEST_STEP][PASSED] - i1 = x.indexOf("/") + 1: null

02-12-2024T07:05:40 - [TEST_STEP][PASSED] - if (i1 > -1): null

02-12-2024T07:05:40 - [TEST_STEP][PASSED] - x = x.substring(i1, x.length()): null

02-12-2024T07:05:40 - [TEST_STEP][PASSED] - println(x): null

02-12-2024T07:05:40 - [TEST_STEP][PASSED] - i1 = x.indexOf("/") + 1: null

02-12-2024T07:05:40 - [TEST_STEP][PASSED] - if (i1 > -1): null

02-12-2024T07:05:40 - [TEST_STEP][PASSED] - x = x.substring(i1, x.length()): null

02-12-2024T07:05:40 - [TEST_STEP][PASSED] - println(x): null

02-12-2024T07:05:40 - [TEST_STEP][PASSED] - i1 = x.indexOf("/") + 1: null

02-12-2024T07:05:40 - [TEST_STEP][PASSED] - if (i1 > -1): null

02-12-2024T07:05:40 - [TEST_STEP][PASSED] - x = x.substring(i1, x.length()): null

02-12-2024T07:05:40 - [TEST_STEP][PASSED] - println(x): null

02-12-2024T07:05:40 - [TEST_STEP][PASSED] - i1 = x.indexOf("/") + 1: null

02-12-2024T07:05:40 - [TEST_STEP][PASSED] - if (i1 > -1): null

02-12-2024T07:05:40 - [TEST_STEP][PASSED] - x = x.substring(i1, x.length()): null

02-12-2024T07:05:40 - [TEST_STEP][PASSED] - println(x): null

02-12-2024T07:05:40 - [TEST_STEP][PASSED] - i1 = x.indexOf("/") + 1: null

02-12-2024T07:05:40 - [TEST_STEP][PASSED] - if (i1 > -1): null

02-12-2024T07:05:40 - [TEST_STEP][PASSED] - x = x.substring(i1, x.length()): null

02-12-2024T07:05:40 - [TEST_STEP][PASSED] - println(x): null

02-12-2024T07:05:40 - [TEST_STEP][PASSED] - i1 = x.indexOf("/") + 1: null

02-12-2024T07:05:40 - [TEST_STEP][PASSED] - if (i1 > -1): null

02-12-2024T07:05:40 - [TEST_STEP][PASSED] - x = x.substring(i1, x.length()): null

02-12-2024T07:05:40 - [TEST_STEP][PASSED] - println(x): null

02-12-2024T07:05:40 - [TEST_STEP][PASSED] - i1 = x.indexOf("/") + 1: null

02-12-2024T07:05:40 - [TEST_STEP][PASSED] - if (i1 > -1): null

02-12-2024T07:05:40 - [TEST_STEP][PASSED] - x = x.substring(i1, x.length()): null

02-12-2024T07:05:40 - [TEST_STEP][PASSED] - println(x): null

02-12-2024T07:05:40 - [TEST_STEP][PASSED] - i1 = x.indexOf("/") + 1: null

02-12-2024T07:05:40 - [TEST_STEP][PASSED] - if (i1 > -1): null

02-12-2024T07:05:40 - [TEST_STEP][PASSED] - x = x.substring(i1, x.length()): null

02-12-2024T07:05:40 - [TEST_STEP][PASSED] - println(x): null

02-12-2024T07:05:40 - [TEST_STEP][PASSED] - i1 = x.indexOf("/"): null

02-12-2024T07:05:40 - [TEST_STEP][PASSED] - if (i1 > -1): null

02-12-2024T07:05:40 - [TEST_STEP][PASSED] - x = x.substring(0, i1): null

02-12-2024T07:05:40 - [TEST_STEP][PASSED] - println(x): null

02-12-2024T07:05:40 - [TEST_STEP][FAILED] - return x: null

02-12-2024T07:05:40 - [TEST_STEP][PASSED] - println(tabR + "/" + tabB): null

02-12-2024T07:05:40 - [TEST_STEP][FAILED] - if (verifyEqual(PercFactR, PercFactB) == false): null

02-12-2024T07:05:40 - [MESSAGE][FAILED] - Unable to verify equal between actual object 'нет данных' and expected object '5.76' (Root cause: com.kms.katalon.core.exception.StepFailedException: Actual object 'нет данных' and expected object '5.76' are not equal
	at com.kms.katalon.core.keyword.builtin.VerifyEqualKeyword$_verifyEqual_closure1.doCall(VerifyEqualKeyword.groovy:58)
	at com.kms.katalon.core.keyword.builtin.VerifyEqualKeyword$_verifyEqual_closure1.call(VerifyEqualKeyword.groovy)
	at com.kms.katalon.core.keyword.internal.KeywordMain.runKeyword(KeywordMain.groovy:75)
	at com.kms.katalon.core.keyword.builtin.VerifyEqualKeyword.verifyEqual(VerifyEqualKeyword.groovy:63)
	at com.kms.katalon.core.keyword.builtin.VerifyEqualKeyword.execute(VerifyEqualKeyword.groovy:44)
	at com.kms.katalon.core.keyword.internal.KeywordExecutor.executeKeywordForPlatform(KeywordExecutor.groovy:74)
	at com.kms.katalon.core.keyword.BuiltinKeywords.verifyEqual(BuiltinKeywords.groovy:146)
	at jdk.internal.reflect.GeneratedMethodAccessor25.invoke(Unknown Source)
	at java.base/jdk.internal.reflect.DelegatingMethodAccessorImpl.invoke(DelegatingMethodAccessorImpl.java:43)
	at Выполнение бизнес-плана сверка дашбордов.CompareDZOData(Выполнение бизнес-плана сверка дашбордов:771)
	at Выполнение бизнес-плана сверка дашбордов.run(Выполнение бизнес-плана сверка дашбордов:643)
	at com.kms.katalon.core.main.ScriptEngine.run(ScriptEngine.java:194)
	at com.kms.katalon.core.main.ScriptEngine.runScriptAsRawText(ScriptEngine.java:119)
	at com.kms.katalon.core.main.TestCaseExecutor.runScript(TestCaseExecutor.java:448)
	at com.kms.katalon.core.main.TestCaseExecutor.doExecute(TestCaseExecutor.java:439)
	at com.kms.katalon.core.main.TestCaseExecutor.processExecutionPhase(TestCaseExecutor.java:418)
	at com.kms.katalon.core.main.TestCaseExecutor.accessMainPhase(TestCaseExecutor.java:410)
	at com.kms.katalon.core.main.TestCaseExecutor.execute(TestCaseExecutor.java:285)
	at com.kms.katalon.core.common.CommonExecutor.accessTestCaseMainPhase(CommonExecutor.java:65)
	at com.kms.katalon.core.main.TestSuiteExecutor.accessTestSuiteMainPhase(TestSuiteExecutor.java:150)
	at com.kms.katalon.core.main.TestSuiteExecutor.execute(TestSuiteExecutor.java:106)
	at com.kms.katalon.core.main.TestCaseMain.startTestSuite(TestCaseMain.java:180)
	at TempTestSuite1733111659562.run(TempTestSuite1733111659562.groovy:35)
	at java.base/jdk.internal.reflect.NativeMethodAccessorImpl.invoke0(Native Method)
	at java.base/jdk.internal.reflect.NativeMethodAccessorImpl.invoke(NativeMethodAccessorImpl.java:77)
	at java.base/jdk.internal.reflect.DelegatingMethodAccessorImpl.invoke(DelegatingMethodAccessorImpl.java:43)
)

02-12-2024T07:05:40 - [TEST_STEP][PASSED] - result = WriteToExcel(typeOfData, todaysDate, PercPlanR, PercPlanB, PercFactR, PercFactB, x, tabR, tabB, o1R, o1B, vidget): null

02-12-2024T07:05:40 - [TEST_STEP][PASSED] - iii = dZO.indexOf("/"): null

02-12-2024T07:05:40 - [TEST_STEP][PASSED] - println(iii): null

02-12-2024T07:05:40 - [TEST_STEP][PASSED] - dZO = dZO.substring(0, iii): null

02-12-2024T07:05:40 - [TEST_STEP][PASSED] - println(dZO): null

02-12-2024T07:05:40 - [TEST_STEP][PASSED] - println(PercPlanR): null

02-12-2024T07:05:40 - [TEST_STEP][PASSED] - println(PercPlanB): null

02-12-2024T07:05:40 - [TEST_STEP][PASSED] - println(PercFactR): null

02-12-2024T07:05:40 - [TEST_STEP][PASSED] - println(PercFactB): null

02-12-2024T07:05:40 - [TEST_STEP][PASSED] - println(tabR): null

02-12-2024T07:05:40 - [TEST_STEP][PASSED] - println(tabB): null

02-12-2024T07:05:40 - [TEST_STEP][PASSED] - println(o1R): null

02-12-2024T07:05:40 - [TEST_STEP][PASSED] - println(o1B): null

02-12-2024T07:05:40 - [TEST_STEP][PASSED] - PR = <not implemented yet for class: org.codehaus.groovy.ast.expr.EmptyExpression>: null

02-12-2024T07:05:40 - [TEST_STEP][PASSED] - FR = <not implemented yet for class: org.codehaus.groovy.ast.expr.EmptyExpression>: null

02-12-2024T07:05:40 - [TEST_STEP][PASSED] - PB = <not implemented yet for class: org.codehaus.groovy.ast.expr.EmptyExpression>: null

02-12-2024T07:05:40 - [TEST_STEP][PASSED] - FB = <not implemented yet for class: org.codehaus.groovy.ast.expr.EmptyExpression>: null

02-12-2024T07:05:40 - [TEST_STEP][PASSED] - TR = <not implemented yet for class: org.codehaus.groovy.ast.expr.EmptyExpression>: null

02-12-2024T07:05:40 - [TEST_STEP][PASSED] - TB = <not implemented yet for class: org.codehaus.groovy.ast.expr.EmptyExpression>: null

02-12-2024T07:05:40 - [TEST_STEP][PASSED] - sheetName = "Sheet1": null

02-12-2024T07:05:40 - [TEST_STEP][PASSED] - data = findTestData("PlanFact"): null

02-12-2024T07:05:40 - [TEST_STEP][PASSED] - n = data.getRowNumbers() + 1: null

02-12-2024T07:05:40 - [TEST_STEP][PASSED] - year = todaysDate.substring(todaysDate.length() - 4, todaysDate.length()): null

02-12-2024T07:05:40 - [TEST_STEP][PASSED] - y = year.toInteger(): null

02-12-2024T07:05:40 - [TEST_STEP][PASSED] - m = getText(findTestObject("Выполнение бизнес-плана/Выполнение бизнес-плана Балансы/Фильтр Дата")): Text of object 'Object Repository/Выполнение бизнес-плана/Выполнение бизнес-плана Балансы/Фильтр Дата' is: '1, 2, 3 кв., Октябрь 2024 года'

02-12-2024T07:05:41 - [MESSAGE][PASSED] - Text of object 'Object Repository/Выполнение бизнес-плана/Выполнение бизнес-плана Балансы/Фильтр Дата' is: '1, 2, 3 кв., Октябрь 2024 года'

02-12-2024T07:05:41 - [TEST_STEP][PASSED] - m = m.substring(0, m.indexOf("2024")): null

02-12-2024T07:05:41 - [TEST_STEP][PASSED] - m = m.trim(): null

02-12-2024T07:05:41 - [TEST_STEP][PASSED] - dashboardName = "Выполнение бизнес-плана": null

02-12-2024T07:05:41 - [TEST_STEP][PASSED] - workbook01 = getWorkbook(excelFilePath): null

02-12-2024T07:05:41 - [TEST_STEP][PASSED] - sheet01 = getExcelSheet(workbook01, sheetName): null

02-12-2024T07:05:41 - [TEST_STEP][PASSED] - setValueToCellByIndex(sheet01, n, 0, dashboardName): null

02-12-2024T07:05:41 - [TEST_STEP][PASSED] - setValueToCellByIndex(sheet01, n, 1, dZO): null

02-12-2024T07:05:41 - [TEST_STEP][PASSED] - setValueToCellByIndex(sheet01, n, 2, typeOfData): null

02-12-2024T07:05:41 - [TEST_STEP][PASSED] - setValueToCellByIndex(sheet01, n, 3, typeOfData): null

02-12-2024T07:05:41 - [TEST_STEP][PASSED] - if (typeOfData == "План"): null

02-12-2024T07:05:41 - [TEST_STEP][PASSED] - else if (typeOfData == "Факт"): null

02-12-2024T07:05:41 - [TEST_STEP][PASSED] - else if (vidget.contains("электроэнергии") == true): null

02-12-2024T07:05:41 - [TEST_STEP][PASSED] - if (tabR == null): null

02-12-2024T07:05:41 - [TEST_STEP][PASSED] - else: null

02-12-2024T07:05:41 - [TEST_STEP][PASSED] - if (tabR == "нет данных"): null

02-12-2024T07:05:41 - [TEST_STEP][PASSED] - setValueToCellByIndex(sheet01, n, 4, "нет данных"): null

02-12-2024T07:05:41 - [TEST_STEP][PASSED] - if (tabB == null): null

02-12-2024T07:05:41 - [TEST_STEP][PASSED] - else: null

02-12-2024T07:05:41 - [TEST_STEP][PASSED] - if (tabB == "нет данных"): null

02-12-2024T07:05:41 - [TEST_STEP][PASSED] - else: null

02-12-2024T07:05:41 - [TEST_STEP][PASSED] - TB = tabB.toInteger(): null

02-12-2024T07:05:41 - [TEST_STEP][PASSED] - setValueToCellByIndex(sheet01, n, 5, TB): null

02-12-2024T07:05:41 - [TEST_STEP][PASSED] - setValueToCellByIndex(sheet01, n, 6, m): null

02-12-2024T07:05:41 - [TEST_STEP][PASSED] - setValueToCellByIndex(sheet01, n, 7, y): null

02-12-2024T07:05:41 - [TEST_STEP][PASSED] - setValueToCellByIndex(sheet01, n, 8, todaysDate): null

02-12-2024T07:05:41 - [TEST_STEP][PASSED] - n = n + 1: null

02-12-2024T07:05:41 - [TEST_STEP][PASSED] - saveWorkbook(excelFilePath, workbook01): null

02-12-2024T07:05:41 - [TEST_STEP][PASSED] - ii2 = a.indexOf("ПАО"): null

02-12-2024T07:05:41 - [TEST_STEP][PASSED] - if (ii2 == -1): null

02-12-2024T07:05:41 - [TEST_STEP][PASSED] - vidget = "Отклонения фактического уровня потерь от бизнес-плана": null

02-12-2024T07:05:41 - [TEST_STEP][PASSED] - typeOfData = "Коэффициент": null

02-12-2024T07:05:41 - [TEST_STEP][PASSED] - o1R = Geto1R(x = a): null

02-12-2024T07:05:41 - [TEST_STEP][PASSED] - i1 = <not implemented yet for class: org.codehaus.groovy.ast.expr.EmptyExpression>: null

02-12-2024T07:05:41 - [TEST_STEP][PASSED] - ii = <not implemented yet for class: org.codehaus.groovy.ast.expr.EmptyExpression>: null

02-12-2024T07:05:41 - [TEST_STEP][PASSED] - for ([ii = 1, ii < 10, (ii++)]): null

02-12-2024T07:05:41 - [TEST_STEP][PASSED] - i1 = x.indexOf("/") + 1: null

02-12-2024T07:05:41 - [TEST_STEP][PASSED] - if (i1 > -1): null

02-12-2024T07:05:41 - [TEST_STEP][PASSED] - x = x.substring(i1, x.length()): null

02-12-2024T07:05:41 - [TEST_STEP][PASSED] - i1 = x.indexOf("/") + 1: null

02-12-2024T07:05:41 - [TEST_STEP][PASSED] - if (i1 > -1): null

02-12-2024T07:05:41 - [TEST_STEP][PASSED] - x = x.substring(i1, x.length()): null

02-12-2024T07:05:41 - [TEST_STEP][PASSED] - i1 = x.indexOf("/") + 1: null

02-12-2024T07:05:41 - [TEST_STEP][PASSED] - if (i1 > -1): null

02-12-2024T07:05:41 - [TEST_STEP][PASSED] - x = x.substring(i1, x.length()): null

02-12-2024T07:05:41 - [TEST_STEP][PASSED] - i1 = x.indexOf("/") + 1: null

02-12-2024T07:05:41 - [TEST_STEP][PASSED] - if (i1 > -1): null

02-12-2024T07:05:41 - [TEST_STEP][PASSED] - x = x.substring(i1, x.length()): null

02-12-2024T07:05:41 - [TEST_STEP][PASSED] - i1 = x.indexOf("/") + 1: null

02-12-2024T07:05:41 - [TEST_STEP][PASSED] - if (i1 > -1): null

02-12-2024T07:05:41 - [TEST_STEP][PASSED] - x = x.substring(i1, x.length()): null

02-12-2024T07:05:41 - [TEST_STEP][PASSED] - i1 = x.indexOf("/") + 1: null

02-12-2024T07:05:41 - [TEST_STEP][PASSED] - if (i1 > -1): null

02-12-2024T07:05:41 - [TEST_STEP][PASSED] - x = x.substring(i1, x.length()): null

02-12-2024T07:05:41 - [TEST_STEP][PASSED] - i1 = x.indexOf("/") + 1: null

02-12-2024T07:05:41 - [TEST_STEP][PASSED] - if (i1 > -1): null

02-12-2024T07:05:41 - [TEST_STEP][PASSED] - x = x.substring(i1, x.length()): null

02-12-2024T07:05:41 - [TEST_STEP][PASSED] - i1 = x.indexOf("/") + 1: null

02-12-2024T07:05:41 - [TEST_STEP][PASSED] - if (i1 > -1): null

02-12-2024T07:05:41 - [TEST_STEP][PASSED] - x = x.substring(i1, x.length()): null

02-12-2024T07:05:41 - [TEST_STEP][PASSED] - i1 = x.indexOf("/") + 1: null

02-12-2024T07:05:41 - [TEST_STEP][PASSED] - if (i1 > -1): null

02-12-2024T07:05:41 - [TEST_STEP][PASSED] - x = x.substring(i1, x.length()): null

02-12-2024T07:05:41 - [TEST_STEP][PASSED] - i1 = x.indexOf("/"): null

02-12-2024T07:05:41 - [TEST_STEP][PASSED] - if (i1 > -1): null

02-12-2024T07:05:41 - [TEST_STEP][PASSED] - println(x): null

02-12-2024T07:05:41 - [TEST_STEP][PASSED] - return x: null

02-12-2024T07:05:41 - [TEST_STEP][PASSED] - o1B = Geto1B(x = b): null

02-12-2024T07:05:41 - [TEST_STEP][PASSED] - i1 = <not implemented yet for class: org.codehaus.groovy.ast.expr.EmptyExpression>: null

02-12-2024T07:05:41 - [TEST_STEP][PASSED] - ii = <not implemented yet for class: org.codehaus.groovy.ast.expr.EmptyExpression>: null

02-12-2024T07:05:41 - [TEST_STEP][PASSED] - for ([ii = 1, ii < 10, (ii++)]): null

02-12-2024T07:05:41 - [TEST_STEP][PASSED] - i1 = x.indexOf("/") + 1: null

02-12-2024T07:05:41 - [TEST_STEP][PASSED] - if (i1 > -1): null

02-12-2024T07:05:41 - [TEST_STEP][PASSED] - x = x.substring(i1, x.length()): null

02-12-2024T07:05:41 - [TEST_STEP][PASSED] - i1 = x.indexOf("/") + 1: null

02-12-2024T07:05:41 - [TEST_STEP][PASSED] - if (i1 > -1): null

02-12-2024T07:05:41 - [TEST_STEP][PASSED] - x = x.substring(i1, x.length()): null

02-12-2024T07:05:41 - [TEST_STEP][PASSED] - i1 = x.indexOf("/") + 1: null

02-12-2024T07:05:41 - [TEST_STEP][PASSED] - if (i1 > -1): null

02-12-2024T07:05:41 - [TEST_STEP][PASSED] - x = x.substring(i1, x.length()): null

02-12-2024T07:05:41 - [TEST_STEP][PASSED] - i1 = x.indexOf("/") + 1: null

02-12-2024T07:05:41 - [TEST_STEP][PASSED] - if (i1 > -1): null

02-12-2024T07:05:41 - [TEST_STEP][PASSED] - x = x.substring(i1, x.length()): null

02-12-2024T07:05:41 - [TEST_STEP][PASSED] - i1 = x.indexOf("/") + 1: null

02-12-2024T07:05:41 - [TEST_STEP][PASSED] - if (i1 > -1): null

02-12-2024T07:05:41 - [TEST_STEP][PASSED] - x = x.substring(i1, x.length()): null

02-12-2024T07:05:41 - [TEST_STEP][PASSED] - i1 = x.indexOf("/") + 1: null

02-12-2024T07:05:41 - [TEST_STEP][PASSED] - if (i1 > -1): null

02-12-2024T07:05:41 - [TEST_STEP][PASSED] - x = x.substring(i1, x.length()): null

02-12-2024T07:05:41 - [TEST_STEP][PASSED] - i1 = x.indexOf("/") + 1: null

02-12-2024T07:05:41 - [TEST_STEP][PASSED] - if (i1 > -1): null

02-12-2024T07:05:41 - [TEST_STEP][PASSED] - x = x.substring(i1, x.length()): null

02-12-2024T07:05:41 - [TEST_STEP][PASSED] - i1 = x.indexOf("/") + 1: null

02-12-2024T07:05:41 - [TEST_STEP][PASSED] - if (i1 > -1): null

02-12-2024T07:05:41 - [TEST_STEP][PASSED] - x = x.substring(i1, x.length()): null

02-12-2024T07:05:41 - [TEST_STEP][PASSED] - i1 = x.indexOf("/") + 1: null

02-12-2024T07:05:41 - [TEST_STEP][PASSED] - if (i1 > -1): null

02-12-2024T07:05:41 - [TEST_STEP][PASSED] - x = x.substring(i1, x.length()): null

02-12-2024T07:05:41 - [TEST_STEP][PASSED] - i1 = x.indexOf("/"): null

02-12-2024T07:05:41 - [TEST_STEP][PASSED] - if (i1 > -1): null

02-12-2024T07:05:41 - [TEST_STEP][PASSED] - println(x): null

02-12-2024T07:05:41 - [TEST_STEP][FAILED] - return x: null

02-12-2024T07:05:41 - [TEST_STEP][PASSED] - println(o1R + "/" + o1B): null

02-12-2024T07:05:41 - [TEST_STEP][FAILED] - if (verifyEqual(PercFactR, PercFactB) == false): null

02-12-2024T07:05:41 - [MESSAGE][FAILED] - Unable to verify equal between actual object 'нет данных' and expected object '5.76' (Root cause: com.kms.katalon.core.exception.StepFailedException: Actual object 'нет данных' and expected object '5.76' are not equal
	at com.kms.katalon.core.keyword.builtin.VerifyEqualKeyword$_verifyEqual_closure1.doCall(VerifyEqualKeyword.groovy:58)
	at com.kms.katalon.core.keyword.builtin.VerifyEqualKeyword$_verifyEqual_closure1.call(VerifyEqualKeyword.groovy)
	at com.kms.katalon.core.keyword.internal.KeywordMain.runKeyword(KeywordMain.groovy:75)
	at com.kms.katalon.core.keyword.builtin.VerifyEqualKeyword.verifyEqual(VerifyEqualKeyword.groovy:63)
	at com.kms.katalon.core.keyword.builtin.VerifyEqualKeyword.execute(VerifyEqualKeyword.groovy:44)
	at com.kms.katalon.core.keyword.internal.KeywordExecutor.executeKeywordForPlatform(KeywordExecutor.groovy:74)
	at com.kms.katalon.core.keyword.BuiltinKeywords.verifyEqual(BuiltinKeywords.groovy:146)
	at jdk.internal.reflect.GeneratedMethodAccessor25.invoke(Unknown Source)
	at java.base/jdk.internal.reflect.DelegatingMethodAccessorImpl.invoke(DelegatingMethodAccessorImpl.java:43)
	at Выполнение бизнес-плана сверка дашбордов.CompareDZOData(Выполнение бизнес-плана сверка дашбордов:789)
	at Выполнение бизнес-плана сверка дашбордов.run(Выполнение бизнес-плана сверка дашбордов:643)
	at com.kms.katalon.core.main.ScriptEngine.run(ScriptEngine.java:194)
	at com.kms.katalon.core.main.ScriptEngine.runScriptAsRawText(ScriptEngine.java:119)
	at com.kms.katalon.core.main.TestCaseExecutor.runScript(TestCaseExecutor.java:448)
	at com.kms.katalon.core.main.TestCaseExecutor.doExecute(TestCaseExecutor.java:439)
	at com.kms.katalon.core.main.TestCaseExecutor.processExecutionPhase(TestCaseExecutor.java:418)
	at com.kms.katalon.core.main.TestCaseExecutor.accessMainPhase(TestCaseExecutor.java:410)
	at com.kms.katalon.core.main.TestCaseExecutor.execute(TestCaseExecutor.java:285)
	at com.kms.katalon.core.common.CommonExecutor.accessTestCaseMainPhase(CommonExecutor.java:65)
	at com.kms.katalon.core.main.TestSuiteExecutor.accessTestSuiteMainPhase(TestSuiteExecutor.java:150)
	at com.kms.katalon.core.main.TestSuiteExecutor.execute(TestSuiteExecutor.java:106)
	at com.kms.katalon.core.main.TestCaseMain.startTestSuite(TestCaseMain.java:180)
	at TempTestSuite1733111659562.run(TempTestSuite1733111659562.groovy:35)
	at java.base/jdk.internal.reflect.NativeMethodAccessorImpl.invoke0(Native Method)
	at java.base/jdk.internal.reflect.NativeMethodAccessorImpl.invoke(NativeMethodAccessorImpl.java:77)
	at java.base/jdk.internal.reflect.DelegatingMethodAccessorImpl.invoke(DelegatingMethodAccessorImpl.java:43)
)

02-12-2024T07:05:41 - [TEST_STEP][PASSED] - result = WriteToExcel(typeOfData, todaysDate, PercPlanR, PercPlanB, PercFactR, PercFactB, x, tabR, tabB, o1R, o1B, vidget): null

02-12-2024T07:05:41 - [TEST_STEP][PASSED] - iii = dZO.indexOf("/"): null

02-12-2024T07:05:41 - [TEST_STEP][PASSED] - println(iii): null

02-12-2024T07:05:41 - [TEST_STEP][PASSED] - dZO = dZO.substring(0, iii): null

02-12-2024T07:05:41 - [TEST_STEP][PASSED] - println(dZO): null

02-12-2024T07:05:41 - [TEST_STEP][PASSED] - println(PercPlanR): null

02-12-2024T07:05:41 - [TEST_STEP][PASSED] - println(PercPlanB): null

02-12-2024T07:05:41 - [TEST_STEP][PASSED] - println(PercFactR): null

02-12-2024T07:05:41 - [TEST_STEP][PASSED] - println(PercFactB): null

02-12-2024T07:05:41 - [TEST_STEP][PASSED] - println(tabR): null

02-12-2024T07:05:41 - [TEST_STEP][PASSED] - println(tabB): null

02-12-2024T07:05:41 - [TEST_STEP][PASSED] - println(o1R): null

02-12-2024T07:05:41 - [TEST_STEP][PASSED] - println(o1B): null

02-12-2024T07:05:41 - [TEST_STEP][PASSED] - PR = <not implemented yet for class: org.codehaus.groovy.ast.expr.EmptyExpression>: null

02-12-2024T07:05:41 - [TEST_STEP][PASSED] - FR = <not implemented yet for class: org.codehaus.groovy.ast.expr.EmptyExpression>: null

02-12-2024T07:05:41 - [TEST_STEP][PASSED] - PB = <not implemented yet for class: org.codehaus.groovy.ast.expr.EmptyExpression>: null

02-12-2024T07:05:41 - [TEST_STEP][PASSED] - FB = <not implemented yet for class: org.codehaus.groovy.ast.expr.EmptyExpression>: null

02-12-2024T07:05:41 - [TEST_STEP][PASSED] - TR = <not implemented yet for class: org.codehaus.groovy.ast.expr.EmptyExpression>: null

02-12-2024T07:05:41 - [TEST_STEP][PASSED] - TB = <not implemented yet for class: org.codehaus.groovy.ast.expr.EmptyExpression>: null

02-12-2024T07:05:41 - [TEST_STEP][PASSED] - sheetName = "Sheet1": null

02-12-2024T07:05:41 - [TEST_STEP][PASSED] - data = findTestData("PlanFact"): null

02-12-2024T07:05:41 - [TEST_STEP][PASSED] - n = data.getRowNumbers() + 1: null

02-12-2024T07:05:41 - [TEST_STEP][PASSED] - year = todaysDate.substring(todaysDate.length() - 4, todaysDate.length()): null

02-12-2024T07:05:41 - [TEST_STEP][PASSED] - y = year.toInteger(): null

02-12-2024T07:05:41 - [TEST_STEP][PASSED] - m = getText(findTestObject("Выполнение бизнес-плана/Выполнение бизнес-плана Балансы/Фильтр Дата")): Text of object 'Object Repository/Выполнение бизнес-плана/Выполнение бизнес-плана Балансы/Фильтр Дата' is: '1, 2, 3 кв., Октябрь 2024 года'

02-12-2024T07:05:41 - [MESSAGE][PASSED] - Text of object 'Object Repository/Выполнение бизнес-плана/Выполнение бизнес-плана Балансы/Фильтр Дата' is: '1, 2, 3 кв., Октябрь 2024 года'

02-12-2024T07:05:41 - [TEST_STEP][PASSED] - m = m.substring(0, m.indexOf("2024")): null

02-12-2024T07:05:41 - [TEST_STEP][PASSED] - m = m.trim(): null

02-12-2024T07:05:41 - [TEST_STEP][PASSED] - dashboardName = "Выполнение бизнес-плана": null

02-12-2024T07:05:41 - [TEST_STEP][PASSED] - workbook01 = getWorkbook(excelFilePath): null

02-12-2024T07:05:41 - [TEST_STEP][PASSED] - sheet01 = getExcelSheet(workbook01, sheetName): null

02-12-2024T07:05:41 - [TEST_STEP][PASSED] - setValueToCellByIndex(sheet01, n, 0, dashboardName): null

02-12-2024T07:05:41 - [TEST_STEP][PASSED] - setValueToCellByIndex(sheet01, n, 1, dZO): null

02-12-2024T07:05:41 - [TEST_STEP][PASSED] - setValueToCellByIndex(sheet01, n, 2, typeOfData): null

02-12-2024T07:05:41 - [TEST_STEP][PASSED] - setValueToCellByIndex(sheet01, n, 3, typeOfData): null

02-12-2024T07:05:41 - [TEST_STEP][PASSED] - if (typeOfData == "План"): null

02-12-2024T07:05:41 - [TEST_STEP][PASSED] - else if (typeOfData == "Факт"): null

02-12-2024T07:05:41 - [TEST_STEP][PASSED] - else if (vidget.contains("электроэнергии") == true): null

02-12-2024T07:05:41 - [TEST_STEP][PASSED] - else: null

02-12-2024T07:05:41 - [TEST_STEP][PASSED] - if (o1R == null): null

02-12-2024T07:05:41 - [TEST_STEP][PASSED] - else: null

02-12-2024T07:05:41 - [TEST_STEP][PASSED] - if (o1R == "нет данных"): null

02-12-2024T07:05:41 - [TEST_STEP][PASSED] - setValueToCellByIndex(sheet01, n, 4, "нет данных"): null

02-12-2024T07:05:41 - [TEST_STEP][PASSED] - if (o1B == null): null

02-12-2024T07:05:41 - [TEST_STEP][PASSED] - else: null

02-12-2024T07:05:41 - [TEST_STEP][PASSED] - if (o1B == "нет данных"): null

02-12-2024T07:05:41 - [TEST_STEP][PASSED] - else: null

02-12-2024T07:05:41 - [TEST_STEP][PASSED] - FB = o1B.toDouble(): null

02-12-2024T07:05:41 - [TEST_STEP][PASSED] - setValueToCellByIndex(sheet01, n, 5, FB): null

02-12-2024T07:05:41 - [TEST_STEP][PASSED] - setValueToCellByIndex(sheet01, n, 6, m): null

02-12-2024T07:05:41 - [TEST_STEP][PASSED] - setValueToCellByIndex(sheet01, n, 7, y): null

02-12-2024T07:05:41 - [TEST_STEP][PASSED] - setValueToCellByIndex(sheet01, n, 8, todaysDate): null

02-12-2024T07:05:41 - [TEST_STEP][PASSED] - n = n + 1: null

02-12-2024T07:05:41 - [TEST_STEP][FAILED] - saveWorkbook(excelFilePath, workbook01): null

02-12-2024T07:05:42 - [TEST_STEP][PASSED] - if (verifyEqual(cenR, cenB) == false): Actual object 'Россети Центр (ГК)/10.14/9.64/49425284/44662142/4763141/48037333/43167677/4869656/-0.50' and expected object 'Россети Центр (ГК)/10.14/9.64/49425284/44662142/4763141/48037333/43167677/4869656/-0.50' are equal

02-12-2024T07:05:42 - [MESSAGE][PASSED] - Actual object 'Россети Центр (ГК)/10.14/9.64/49425284/44662142/4763141/48037333/43167677/4869656/-0.50' and expected object 'Россети Центр (ГК)/10.14/9.64/49425284/44662142/4763141/48037333/43167677/4869656/-0.50' are equal

02-12-2024T07:05:42 - [TEST_STEP][FAILED] - if (verifyEqual(cIPR, cIPB) == false): null

02-12-2024T07:05:42 - [MESSAGE][FAILED] - Unable to verify equal between actual object 'Россети Центр и Приволжье (ГК)/7.04/6.77/45596339/42504429/3091910/44041851/40938806/3103045/-0.27' and expected object 'Россети Центр и Приволжье (ГК)/7.04/6.77/45423668/42347790/3075878/44041851/40938806/3103045/-0.27' (Root cause: com.kms.katalon.core.exception.StepFailedException: Actual object 'Россети Центр и Приволжье (ГК)/7.04/6.77/45596339/42504429/3091910/44041851/40938806/3103045/-0.27' and expected object 'Россети Центр и Приволжье (ГК)/7.04/6.77/45423668/42347790/3075878/44041851/40938806/3103045/-0.27' are not equal
	at com.kms.katalon.core.keyword.builtin.VerifyEqualKeyword$_verifyEqual_closure1.doCall(VerifyEqualKeyword.groovy:58)
	at com.kms.katalon.core.keyword.builtin.VerifyEqualKeyword$_verifyEqual_closure1.call(VerifyEqualKeyword.groovy)
	at com.kms.katalon.core.keyword.internal.KeywordMain.runKeyword(KeywordMain.groovy:75)
	at com.kms.katalon.core.keyword.builtin.VerifyEqualKeyword.verifyEqual(VerifyEqualKeyword.groovy:63)
	at com.kms.katalon.core.keyword.builtin.VerifyEqualKeyword.execute(VerifyEqualKeyword.groovy:44)
	at com.kms.katalon.core.keyword.internal.KeywordExecutor.executeKeywordForPlatform(KeywordExecutor.groovy:74)
	at com.kms.katalon.core.keyword.BuiltinKeywords.verifyEqual(BuiltinKeywords.groovy:146)
	at jdk.internal.reflect.GeneratedMethodAccessor25.invoke(Unknown Source)
	at java.base/jdk.internal.reflect.DelegatingMethodAccessorImpl.invoke(DelegatingMethodAccessorImpl.java:43)
	at Выполнение бизнес-плана сверка дашбордов.run(Выполнение бизнес-плана сверка дашбордов:652)
	at com.kms.katalon.core.main.ScriptEngine.run(ScriptEngine.java:194)
	at com.kms.katalon.core.main.ScriptEngine.runScriptAsRawText(ScriptEngine.java:119)
	at com.kms.katalon.core.main.TestCaseExecutor.runScript(TestCaseExecutor.java:448)
	at com.kms.katalon.core.main.TestCaseExecutor.doExecute(TestCaseExecutor.java:439)
	at com.kms.katalon.core.main.TestCaseExecutor.processExecutionPhase(TestCaseExecutor.java:418)
	at com.kms.katalon.core.main.TestCaseExecutor.accessMainPhase(TestCaseExecutor.java:410)
	at com.kms.katalon.core.main.TestCaseExecutor.execute(TestCaseExecutor.java:285)
	at com.kms.katalon.core.common.CommonExecutor.accessTestCaseMainPhase(CommonExecutor.java:65)
	at com.kms.katalon.core.main.TestSuiteExecutor.accessTestSuiteMainPhase(TestSuiteExecutor.java:150)
	at com.kms.katalon.core.main.TestSuiteExecutor.execute(TestSuiteExecutor.java:106)
	at com.kms.katalon.core.main.TestCaseMain.startTestSuite(TestCaseMain.java:180)
	at TempTestSuite1733111659562.run(TempTestSuite1733111659562.groovy:35)
	at java.base/jdk.internal.reflect.NativeMethodAccessorImpl.invoke0(Native Method)
	at java.base/jdk.internal.reflect.NativeMethodAccessorImpl.invoke(NativeMethodAccessorImpl.java:77)
	at java.base/jdk.internal.reflect.DelegatingMethodAccessorImpl.invoke(DelegatingMethodAccessorImpl.java:43)
)

02-12-2024T07:05:42 - [TEST_STEP][PASSED] - result = CompareDZOData(a = cIPR, b = cIPB, dZO, typeOfData, PercPlanR, PercPlanB, PercFactR, PercFactB, todaysDate, x, vidget, tabR, tabB, o1R, o1B): null

02-12-2024T07:05:42 - [TEST_STEP][PASSED] - ii2 = <not implemented yet for class: org.codehaus.groovy.ast.expr.EmptyExpression>: null

02-12-2024T07:05:42 - [TEST_STEP][FAILED] - if (verifyEqual(a, b) == false): null

02-12-2024T07:05:42 - [MESSAGE][FAILED] - Unable to verify equal between actual object 'Россети Центр и Приволжье (ГК)/7.04/6.77/45596339/42504429/3091910/44041851/40938806/3103045/-0.27' and expected object 'Россети Центр и Приволжье (ГК)/7.04/6.77/45423668/42347790/3075878/44041851/40938806/3103045/-0.27' (Root cause: com.kms.katalon.core.exception.StepFailedException: Actual object 'Россети Центр и Приволжье (ГК)/7.04/6.77/45596339/42504429/3091910/44041851/40938806/3103045/-0.27' and expected object 'Россети Центр и Приволжье (ГК)/7.04/6.77/45423668/42347790/3075878/44041851/40938806/3103045/-0.27' are not equal
	at com.kms.katalon.core.keyword.builtin.VerifyEqualKeyword$_verifyEqual_closure1.doCall(VerifyEqualKeyword.groovy:58)
	at com.kms.katalon.core.keyword.builtin.VerifyEqualKeyword$_verifyEqual_closure1.call(VerifyEqualKeyword.groovy)
	at com.kms.katalon.core.keyword.internal.KeywordMain.runKeyword(KeywordMain.groovy:75)
	at com.kms.katalon.core.keyword.builtin.VerifyEqualKeyword.verifyEqual(VerifyEqualKeyword.groovy:63)
	at com.kms.katalon.core.keyword.builtin.VerifyEqualKeyword.execute(VerifyEqualKeyword.groovy:44)
	at com.kms.katalon.core.keyword.internal.KeywordExecutor.executeKeywordForPlatform(KeywordExecutor.groovy:74)
	at com.kms.katalon.core.keyword.BuiltinKeywords.verifyEqual(BuiltinKeywords.groovy:146)
	at jdk.internal.reflect.GeneratedMethodAccessor25.invoke(Unknown Source)
	at java.base/jdk.internal.reflect.DelegatingMethodAccessorImpl.invoke(DelegatingMethodAccessorImpl.java:43)
	at Выполнение бизнес-плана сверка дашбордов.CompareDZOData(Выполнение бизнес-плана сверка дашбордов:673)
	at Выполнение бизнес-плана сверка дашбордов.run(Выполнение бизнес-плана сверка дашбордов:653)
	at com.kms.katalon.core.main.ScriptEngine.run(ScriptEngine.java:194)
	at com.kms.katalon.core.main.ScriptEngine.runScriptAsRawText(ScriptEngine.java:119)
	at com.kms.katalon.core.main.TestCaseExecutor.runScript(TestCaseExecutor.java:448)
	at com.kms.katalon.core.main.TestCaseExecutor.doExecute(TestCaseExecutor.java:439)
	at com.kms.katalon.core.main.TestCaseExecutor.processExecutionPhase(TestCaseExecutor.java:418)
	at com.kms.katalon.core.main.TestCaseExecutor.accessMainPhase(TestCaseExecutor.java:410)
	at com.kms.katalon.core.main.TestCaseExecutor.execute(TestCaseExecutor.java:285)
	at com.kms.katalon.core.common.CommonExecutor.accessTestCaseMainPhase(CommonExecutor.java:65)
	at com.kms.katalon.core.main.TestSuiteExecutor.accessTestSuiteMainPhase(TestSuiteExecutor.java:150)
	at com.kms.katalon.core.main.TestSuiteExecutor.execute(TestSuiteExecutor.java:106)
	at com.kms.katalon.core.main.TestCaseMain.startTestSuite(TestCaseMain.java:180)
	at TempTestSuite1733111659562.run(TempTestSuite1733111659562.groovy:35)
	at java.base/jdk.internal.reflect.NativeMethodAccessorImpl.invoke0(Native Method)
	at java.base/jdk.internal.reflect.NativeMethodAccessorImpl.invoke(NativeMethodAccessorImpl.java:77)
	at java.base/jdk.internal.reflect.DelegatingMethodAccessorImpl.invoke(DelegatingMethodAccessorImpl.java:43)
)

02-12-2024T07:05:42 - [TEST_STEP][PASSED] - vidget = "Уровень потерь электроэнергии": null

02-12-2024T07:05:42 - [TEST_STEP][PASSED] - typeOfData = "План": null

02-12-2024T07:05:42 - [TEST_STEP][PASSED] - PercPlanR = GetPercPlanR(x = a): null

02-12-2024T07:05:42 - [TEST_STEP][PASSED] - i1 = <not implemented yet for class: org.codehaus.groovy.ast.expr.EmptyExpression>: null

02-12-2024T07:05:42 - [TEST_STEP][PASSED] - i1 = x.indexOf("/") + 1: null

02-12-2024T07:05:42 - [TEST_STEP][PASSED] - if (i1 > -1): null

02-12-2024T07:05:42 - [TEST_STEP][PASSED] - x = x.substring(i1, x.length()): null

02-12-2024T07:05:42 - [TEST_STEP][PASSED] - i1 = x.indexOf("/"): null

02-12-2024T07:05:42 - [TEST_STEP][PASSED] - if (i1 > -1): null

02-12-2024T07:05:42 - [TEST_STEP][PASSED] - x = x.substring(0, i1): null

02-12-2024T07:05:42 - [TEST_STEP][PASSED] - return x: null

02-12-2024T07:05:42 - [TEST_STEP][PASSED] - PercPlanB = GetPercPlanB(x = b): null

02-12-2024T07:05:42 - [TEST_STEP][PASSED] - i1 = <not implemented yet for class: org.codehaus.groovy.ast.expr.EmptyExpression>: null

02-12-2024T07:05:42 - [TEST_STEP][PASSED] - i1 = x.indexOf("/") + 1: null

02-12-2024T07:05:42 - [TEST_STEP][PASSED] - if (i1 > -1): null

02-12-2024T07:05:42 - [TEST_STEP][PASSED] - x = x.substring(i1, x.length()): null

02-12-2024T07:05:42 - [TEST_STEP][PASSED] - i1 = x.indexOf("/"): null

02-12-2024T07:05:42 - [TEST_STEP][PASSED] - if (i1 > -1): null

02-12-2024T07:05:42 - [TEST_STEP][PASSED] - x = x.substring(0, i1): null

02-12-2024T07:05:42 - [TEST_STEP][PASSED] - return x: null

02-12-2024T07:05:42 - [TEST_STEP][PASSED] - if (verifyEqual(PercPlanR, PercPlanB) == false): Actual object '7.04' and expected object '7.04' are equal

02-12-2024T07:05:42 - [MESSAGE][PASSED] - Actual object '7.04' and expected object '7.04' are equal

02-12-2024T07:05:42 - [TEST_STEP][PASSED] - typeOfData = "Факт": null

02-12-2024T07:05:42 - [TEST_STEP][PASSED] - PercFactR = GetPercFactR(x = a): null

02-12-2024T07:05:42 - [TEST_STEP][PASSED] - i1 = <not implemented yet for class: org.codehaus.groovy.ast.expr.EmptyExpression>: null

02-12-2024T07:05:42 - [TEST_STEP][PASSED] - ii = <not implemented yet for class: org.codehaus.groovy.ast.expr.EmptyExpression>: null

02-12-2024T07:05:42 - [TEST_STEP][PASSED] - for ([ii = 1, ii < 3, (ii++)]): null

02-12-2024T07:05:42 - [TEST_STEP][PASSED] - i1 = x.indexOf("/") + 1: null

02-12-2024T07:05:42 - [TEST_STEP][PASSED] - if (i1 > -1): null

02-12-2024T07:05:42 - [TEST_STEP][PASSED] - x = x.substring(i1, x.length()): null

02-12-2024T07:05:42 - [TEST_STEP][PASSED] - println(x): null

02-12-2024T07:05:42 - [TEST_STEP][PASSED] - i1 = x.indexOf("/") + 1: null

02-12-2024T07:05:42 - [TEST_STEP][PASSED] - if (i1 > -1): null

02-12-2024T07:05:42 - [TEST_STEP][PASSED] - x = x.substring(i1, x.length()): null

02-12-2024T07:05:42 - [TEST_STEP][PASSED] - println(x): null

02-12-2024T07:05:42 - [TEST_STEP][PASSED] - i1 = x.indexOf("/"): null

02-12-2024T07:05:42 - [TEST_STEP][PASSED] - if (i1 > -1): null

02-12-2024T07:05:42 - [TEST_STEP][PASSED] - x = x.substring(0, i1): null

02-12-2024T07:05:42 - [TEST_STEP][PASSED] - println(x): null

02-12-2024T07:05:42 - [TEST_STEP][PASSED] - return x: null

02-12-2024T07:05:42 - [TEST_STEP][PASSED] - PercFactB = GetPercFactB(x = b): null

02-12-2024T07:05:42 - [TEST_STEP][PASSED] - i1 = <not implemented yet for class: org.codehaus.groovy.ast.expr.EmptyExpression>: null

02-12-2024T07:05:42 - [TEST_STEP][PASSED] - ii = <not implemented yet for class: org.codehaus.groovy.ast.expr.EmptyExpression>: null

02-12-2024T07:05:42 - [TEST_STEP][PASSED] - for ([ii = 1, ii < 3, (ii++)]): null

02-12-2024T07:05:42 - [TEST_STEP][PASSED] - i1 = x.indexOf("/") + 1: null

02-12-2024T07:05:42 - [TEST_STEP][PASSED] - if (i1 > -1): null

02-12-2024T07:05:42 - [TEST_STEP][PASSED] - x = x.substring(i1, x.length()): null

02-12-2024T07:05:42 - [TEST_STEP][PASSED] - println(x): null

02-12-2024T07:05:42 - [TEST_STEP][PASSED] - i1 = x.indexOf("/") + 1: null

02-12-2024T07:05:42 - [TEST_STEP][PASSED] - if (i1 > -1): null

02-12-2024T07:05:42 - [TEST_STEP][PASSED] - x = x.substring(i1, x.length()): null

02-12-2024T07:05:42 - [TEST_STEP][PASSED] - println(x): null

02-12-2024T07:05:42 - [TEST_STEP][PASSED] - i1 = x.indexOf("/"): null

02-12-2024T07:05:42 - [TEST_STEP][PASSED] - if (i1 > -1): null

02-12-2024T07:05:42 - [TEST_STEP][PASSED] - x = x.substring(0, i1): null

02-12-2024T07:05:42 - [TEST_STEP][PASSED] - println(x): null

02-12-2024T07:05:42 - [TEST_STEP][PASSED] - return x: null

02-12-2024T07:05:42 - [TEST_STEP][PASSED] - if (verifyEqual(PercFactR, PercFactB) == false): Actual object '6.77' and expected object '6.77' are equal

02-12-2024T07:05:42 - [MESSAGE][PASSED] - Actual object '6.77' and expected object '6.77' are equal

02-12-2024T07:05:42 - [TEST_STEP][PASSED] - vidget = "Показатели баланса электроэнергии по ДЗО – Факт": null

02-12-2024T07:05:42 - [TEST_STEP][PASSED] - typeOfData = "Факт Отпуск в сеть": null

02-12-2024T07:05:42 - [TEST_STEP][PASSED] - tabR = GetOvSFactR(x = a): null

02-12-2024T07:05:42 - [TEST_STEP][PASSED] - i1 = <not implemented yet for class: org.codehaus.groovy.ast.expr.EmptyExpression>: null

02-12-2024T07:05:42 - [TEST_STEP][PASSED] - ii = <not implemented yet for class: org.codehaus.groovy.ast.expr.EmptyExpression>: null

02-12-2024T07:05:42 - [TEST_STEP][PASSED] - for ([ii = 1, ii < 4, (ii++)]): null

02-12-2024T07:05:42 - [TEST_STEP][PASSED] - i1 = x.indexOf("/") + 1: null

02-12-2024T07:05:42 - [TEST_STEP][PASSED] - if (i1 > -1): null

02-12-2024T07:05:42 - [TEST_STEP][PASSED] - x = x.substring(i1, x.length()): null

02-12-2024T07:05:42 - [TEST_STEP][PASSED] - println(x): null

02-12-2024T07:05:42 - [TEST_STEP][PASSED] - i1 = x.indexOf("/") + 1: null

02-12-2024T07:05:42 - [TEST_STEP][PASSED] - if (i1 > -1): null

02-12-2024T07:05:42 - [TEST_STEP][PASSED] - x = x.substring(i1, x.length()): null

02-12-2024T07:05:42 - [TEST_STEP][PASSED] - println(x): null

02-12-2024T07:05:42 - [TEST_STEP][PASSED] - i1 = x.indexOf("/") + 1: null

02-12-2024T07:05:42 - [TEST_STEP][PASSED] - if (i1 > -1): null

02-12-2024T07:05:42 - [TEST_STEP][PASSED] - x = x.substring(i1, x.length()): null

02-12-2024T07:05:42 - [TEST_STEP][PASSED] - println(x): null

02-12-2024T07:05:42 - [TEST_STEP][PASSED] - i1 = x.indexOf("/"): null

02-12-2024T07:05:42 - [TEST_STEP][PASSED] - if (i1 > -1): null

02-12-2024T07:05:42 - [TEST_STEP][PASSED] - x = x.substring(0, i1): null

02-12-2024T07:05:42 - [TEST_STEP][PASSED] - println(x): null

02-12-2024T07:05:42 - [TEST_STEP][PASSED] - return x: null

02-12-2024T07:05:42 - [TEST_STEP][PASSED] - tabB = GetOvSFactB(x = b): null

02-12-2024T07:05:42 - [TEST_STEP][PASSED] - i1 = <not implemented yet for class: org.codehaus.groovy.ast.expr.EmptyExpression>: null

02-12-2024T07:05:42 - [TEST_STEP][PASSED] - ii = <not implemented yet for class: org.codehaus.groovy.ast.expr.EmptyExpression>: null

02-12-2024T07:05:42 - [TEST_STEP][PASSED] - for ([ii = 1, ii < 4, (ii++)]): null

02-12-2024T07:05:42 - [TEST_STEP][PASSED] - i1 = x.indexOf("/") + 1: null

02-12-2024T07:05:42 - [TEST_STEP][PASSED] - if (i1 > -1): null

02-12-2024T07:05:42 - [TEST_STEP][PASSED] - x = x.substring(i1, x.length()): null

02-12-2024T07:05:42 - [TEST_STEP][PASSED] - println(x): null

02-12-2024T07:05:42 - [TEST_STEP][PASSED] - i1 = x.indexOf("/") + 1: null

02-12-2024T07:05:42 - [TEST_STEP][PASSED] - if (i1 > -1): null

02-12-2024T07:05:42 - [TEST_STEP][PASSED] - x = x.substring(i1, x.length()): null

02-12-2024T07:05:42 - [TEST_STEP][PASSED] - println(x): null

02-12-2024T07:05:42 - [TEST_STEP][PASSED] - i1 = x.indexOf("/") + 1: null

02-12-2024T07:05:42 - [TEST_STEP][PASSED] - if (i1 > -1): null

02-12-2024T07:05:42 - [TEST_STEP][PASSED] - x = x.substring(i1, x.length()): null

02-12-2024T07:05:42 - [TEST_STEP][PASSED] - println(x): null

02-12-2024T07:05:42 - [TEST_STEP][PASSED] - i1 = x.indexOf("/"): null

02-12-2024T07:05:42 - [TEST_STEP][PASSED] - if (i1 > -1): null

02-12-2024T07:05:42 - [TEST_STEP][PASSED] - x = x.substring(0, i1): null

02-12-2024T07:05:42 - [TEST_STEP][PASSED] - println(x): null

02-12-2024T07:05:42 - [TEST_STEP][FAILED] - return x: null

02-12-2024T07:05:42 - [TEST_STEP][FAILED] - if (verifyEqual(tabR, tabB) == false): null

02-12-2024T07:05:42 - [MESSAGE][FAILED] - Unable to verify equal between actual object '45596339' and expected object '45423668' (Root cause: com.kms.katalon.core.exception.StepFailedException: Actual object '45596339' and expected object '45423668' are not equal
	at com.kms.katalon.core.keyword.builtin.VerifyEqualKeyword$_verifyEqual_closure1.doCall(VerifyEqualKeyword.groovy:58)
	at com.kms.katalon.core.keyword.builtin.VerifyEqualKeyword$_verifyEqual_closure1.call(VerifyEqualKeyword.groovy)
	at com.kms.katalon.core.keyword.internal.KeywordMain.runKeyword(KeywordMain.groovy:75)
	at com.kms.katalon.core.keyword.builtin.VerifyEqualKeyword.verifyEqual(VerifyEqualKeyword.groovy:63)
	at com.kms.katalon.core.keyword.builtin.VerifyEqualKeyword.execute(VerifyEqualKeyword.groovy:44)
	at com.kms.katalon.core.keyword.internal.KeywordExecutor.executeKeywordForPlatform(KeywordExecutor.groovy:74)
	at com.kms.katalon.core.keyword.BuiltinKeywords.verifyEqual(BuiltinKeywords.groovy:146)
	at jdk.internal.reflect.GeneratedMethodAccessor25.invoke(Unknown Source)
	at java.base/jdk.internal.reflect.DelegatingMethodAccessorImpl.invoke(DelegatingMethodAccessorImpl.java:43)
	at Выполнение бизнес-плана сверка дашбордов.CompareDZOData(Выполнение бизнес-плана сверка дашбордов:706)
	at Выполнение бизнес-плана сверка дашбордов.run(Выполнение бизнес-плана сверка дашбордов:653)
	at com.kms.katalon.core.main.ScriptEngine.run(ScriptEngine.java:194)
	at com.kms.katalon.core.main.ScriptEngine.runScriptAsRawText(ScriptEngine.java:119)
	at com.kms.katalon.core.main.TestCaseExecutor.runScript(TestCaseExecutor.java:448)
	at com.kms.katalon.core.main.TestCaseExecutor.doExecute(TestCaseExecutor.java:439)
	at com.kms.katalon.core.main.TestCaseExecutor.processExecutionPhase(TestCaseExecutor.java:418)
	at com.kms.katalon.core.main.TestCaseExecutor.accessMainPhase(TestCaseExecutor.java:410)
	at com.kms.katalon.core.main.TestCaseExecutor.execute(TestCaseExecutor.java:285)
	at com.kms.katalon.core.common.CommonExecutor.accessTestCaseMainPhase(CommonExecutor.java:65)
	at com.kms.katalon.core.main.TestSuiteExecutor.accessTestSuiteMainPhase(TestSuiteExecutor.java:150)
	at com.kms.katalon.core.main.TestSuiteExecutor.execute(TestSuiteExecutor.java:106)
	at com.kms.katalon.core.main.TestCaseMain.startTestSuite(TestCaseMain.java:180)
	at TempTestSuite1733111659562.run(TempTestSuite1733111659562.groovy:35)
	at java.base/jdk.internal.reflect.NativeMethodAccessorImpl.invoke0(Native Method)
	at java.base/jdk.internal.reflect.NativeMethodAccessorImpl.invoke(NativeMethodAccessorImpl.java:77)
	at java.base/jdk.internal.reflect.DelegatingMethodAccessorImpl.invoke(DelegatingMethodAccessorImpl.java:43)
)

02-12-2024T07:05:42 - [TEST_STEP][PASSED] - result = WriteToExcel(typeOfData, todaysDate, PercPlanR, PercPlanB, PercFactR, PercFactB, x, tabR, tabB, o1R, o1B, vidget): null

02-12-2024T07:05:42 - [TEST_STEP][PASSED] - iii = dZO.indexOf("/"): null

02-12-2024T07:05:42 - [TEST_STEP][PASSED] - println(iii): null

02-12-2024T07:05:42 - [TEST_STEP][PASSED] - dZO = dZO.substring(0, iii): null

02-12-2024T07:05:42 - [TEST_STEP][PASSED] - println(dZO): null

02-12-2024T07:05:42 - [TEST_STEP][PASSED] - println(PercPlanR): null

02-12-2024T07:05:42 - [TEST_STEP][PASSED] - println(PercPlanB): null

02-12-2024T07:05:42 - [TEST_STEP][PASSED] - println(PercFactR): null

02-12-2024T07:05:42 - [TEST_STEP][PASSED] - println(PercFactB): null

02-12-2024T07:05:42 - [TEST_STEP][PASSED] - println(tabR): null

02-12-2024T07:05:42 - [TEST_STEP][PASSED] - println(tabB): null

02-12-2024T07:05:42 - [TEST_STEP][PASSED] - println(o1R): null

02-12-2024T07:05:42 - [TEST_STEP][PASSED] - println(o1B): null

02-12-2024T07:05:42 - [TEST_STEP][PASSED] - PR = <not implemented yet for class: org.codehaus.groovy.ast.expr.EmptyExpression>: null

02-12-2024T07:05:42 - [TEST_STEP][PASSED] - FR = <not implemented yet for class: org.codehaus.groovy.ast.expr.EmptyExpression>: null

02-12-2024T07:05:42 - [TEST_STEP][PASSED] - PB = <not implemented yet for class: org.codehaus.groovy.ast.expr.EmptyExpression>: null

02-12-2024T07:05:42 - [TEST_STEP][PASSED] - FB = <not implemented yet for class: org.codehaus.groovy.ast.expr.EmptyExpression>: null

02-12-2024T07:05:42 - [TEST_STEP][PASSED] - TR = <not implemented yet for class: org.codehaus.groovy.ast.expr.EmptyExpression>: null

02-12-2024T07:05:42 - [TEST_STEP][PASSED] - TB = <not implemented yet for class: org.codehaus.groovy.ast.expr.EmptyExpression>: null

02-12-2024T07:05:42 - [TEST_STEP][PASSED] - sheetName = "Sheet1": null

02-12-2024T07:05:42 - [TEST_STEP][PASSED] - data = findTestData("PlanFact"): null

02-12-2024T07:05:42 - [TEST_STEP][PASSED] - n = data.getRowNumbers() + 1: null

02-12-2024T07:05:42 - [TEST_STEP][PASSED] - year = todaysDate.substring(todaysDate.length() - 4, todaysDate.length()): null

02-12-2024T07:05:42 - [TEST_STEP][PASSED] - y = year.toInteger(): null

02-12-2024T07:05:42 - [TEST_STEP][PASSED] - m = getText(findTestObject("Выполнение бизнес-плана/Выполнение бизнес-плана Балансы/Фильтр Дата")): Text of object 'Object Repository/Выполнение бизнес-плана/Выполнение бизнес-плана Балансы/Фильтр Дата' is: '1, 2, 3 кв., Октябрь 2024 года'

02-12-2024T07:05:42 - [MESSAGE][PASSED] - Text of object 'Object Repository/Выполнение бизнес-плана/Выполнение бизнес-плана Балансы/Фильтр Дата' is: '1, 2, 3 кв., Октябрь 2024 года'

02-12-2024T07:05:42 - [TEST_STEP][PASSED] - m = m.substring(0, m.indexOf("2024")): null

02-12-2024T07:05:42 - [TEST_STEP][PASSED] - m = m.trim(): null

02-12-2024T07:05:42 - [TEST_STEP][PASSED] - dashboardName = "Выполнение бизнес-плана": null

02-12-2024T07:05:42 - [TEST_STEP][PASSED] - workbook01 = getWorkbook(excelFilePath): null

02-12-2024T07:05:42 - [TEST_STEP][PASSED] - sheet01 = getExcelSheet(workbook01, sheetName): null

02-12-2024T07:05:42 - [TEST_STEP][PASSED] - setValueToCellByIndex(sheet01, n, 0, dashboardName): null

02-12-2024T07:05:42 - [TEST_STEP][PASSED] - setValueToCellByIndex(sheet01, n, 1, dZO): null

02-12-2024T07:05:42 - [TEST_STEP][PASSED] - setValueToCellByIndex(sheet01, n, 2, typeOfData): null

02-12-2024T07:05:42 - [TEST_STEP][PASSED] - setValueToCellByIndex(sheet01, n, 3, typeOfData): null

02-12-2024T07:05:42 - [TEST_STEP][PASSED] - if (typeOfData == "План"): null

02-12-2024T07:05:42 - [TEST_STEP][PASSED] - else if (typeOfData == "Факт"): null

02-12-2024T07:05:42 - [TEST_STEP][PASSED] - else if (vidget.contains("электроэнергии") == true): null

02-12-2024T07:05:42 - [TEST_STEP][PASSED] - if (tabR == null): null

02-12-2024T07:05:42 - [TEST_STEP][PASSED] - else: null

02-12-2024T07:05:42 - [TEST_STEP][PASSED] - if (tabR == "нет данных"): null

02-12-2024T07:05:42 - [TEST_STEP][PASSED] - else: null

02-12-2024T07:05:42 - [TEST_STEP][PASSED] - TR = tabR.toInteger(): null

02-12-2024T07:05:42 - [TEST_STEP][PASSED] - setValueToCellByIndex(sheet01, n, 4, TR): null

02-12-2024T07:05:42 - [TEST_STEP][PASSED] - if (tabB == null): null

02-12-2024T07:05:42 - [TEST_STEP][PASSED] - else: null

02-12-2024T07:05:42 - [TEST_STEP][PASSED] - if (tabB == "нет данных"): null

02-12-2024T07:05:42 - [TEST_STEP][PASSED] - else: null

02-12-2024T07:05:42 - [TEST_STEP][PASSED] - TB = tabB.toInteger(): null

02-12-2024T07:05:42 - [TEST_STEP][PASSED] - setValueToCellByIndex(sheet01, n, 5, TB): null

02-12-2024T07:05:42 - [TEST_STEP][PASSED] - setValueToCellByIndex(sheet01, n, 6, m): null

02-12-2024T07:05:42 - [TEST_STEP][PASSED] - setValueToCellByIndex(sheet01, n, 7, y): null

02-12-2024T07:05:42 - [TEST_STEP][PASSED] - setValueToCellByIndex(sheet01, n, 8, todaysDate): null

02-12-2024T07:05:42 - [TEST_STEP][PASSED] - n = n + 1: null

02-12-2024T07:05:42 - [TEST_STEP][PASSED] - saveWorkbook(excelFilePath, workbook01): null

02-12-2024T07:05:42 - [TEST_STEP][PASSED] - typeOfData = "Факт Отпуск из сети": null

02-12-2024T07:05:42 - [TEST_STEP][PASSED] - tabR = GetOiSFactR(x = a): null

02-12-2024T07:05:42 - [TEST_STEP][PASSED] - i1 = <not implemented yet for class: org.codehaus.groovy.ast.expr.EmptyExpression>: null

02-12-2024T07:05:42 - [TEST_STEP][PASSED] - ii = <not implemented yet for class: org.codehaus.groovy.ast.expr.EmptyExpression>: null

02-12-2024T07:05:42 - [TEST_STEP][PASSED] - for ([ii = 1, ii < 5, (ii++)]): null

02-12-2024T07:05:42 - [TEST_STEP][PASSED] - i1 = x.indexOf("/") + 1: null

02-12-2024T07:05:42 - [TEST_STEP][PASSED] - if (i1 > -1): null

02-12-2024T07:05:42 - [TEST_STEP][PASSED] - x = x.substring(i1, x.length()): null

02-12-2024T07:05:42 - [TEST_STEP][PASSED] - println(x): null

02-12-2024T07:05:42 - [TEST_STEP][PASSED] - i1 = x.indexOf("/") + 1: null

02-12-2024T07:05:42 - [TEST_STEP][PASSED] - if (i1 > -1): null

02-12-2024T07:05:42 - [TEST_STEP][PASSED] - x = x.substring(i1, x.length()): null

02-12-2024T07:05:42 - [TEST_STEP][PASSED] - println(x): null

02-12-2024T07:05:42 - [TEST_STEP][PASSED] - i1 = x.indexOf("/") + 1: null

02-12-2024T07:05:42 - [TEST_STEP][PASSED] - if (i1 > -1): null

02-12-2024T07:05:42 - [TEST_STEP][PASSED] - x = x.substring(i1, x.length()): null

02-12-2024T07:05:42 - [TEST_STEP][PASSED] - println(x): null

02-12-2024T07:05:42 - [TEST_STEP][PASSED] - i1 = x.indexOf("/") + 1: null

02-12-2024T07:05:42 - [TEST_STEP][PASSED] - if (i1 > -1): null

02-12-2024T07:05:42 - [TEST_STEP][PASSED] - x = x.substring(i1, x.length()): null

02-12-2024T07:05:42 - [TEST_STEP][PASSED] - println(x): null

02-12-2024T07:05:42 - [TEST_STEP][PASSED] - i1 = x.indexOf("/"): null

02-12-2024T07:05:42 - [TEST_STEP][PASSED] - if (i1 > -1): null

02-12-2024T07:05:42 - [TEST_STEP][PASSED] - x = x.substring(0, i1): null

02-12-2024T07:05:42 - [TEST_STEP][PASSED] - println(x): null

02-12-2024T07:05:42 - [TEST_STEP][PASSED] - return x: null

02-12-2024T07:05:42 - [TEST_STEP][PASSED] - tabB = GetOiSFactB(x = b): null

02-12-2024T07:05:42 - [TEST_STEP][PASSED] - i1 = <not implemented yet for class: org.codehaus.groovy.ast.expr.EmptyExpression>: null

02-12-2024T07:05:42 - [TEST_STEP][PASSED] - ii = <not implemented yet for class: org.codehaus.groovy.ast.expr.EmptyExpression>: null

02-12-2024T07:05:42 - [TEST_STEP][PASSED] - for ([ii = 1, ii < 5, (ii++)]): null

02-12-2024T07:05:42 - [TEST_STEP][PASSED] - i1 = x.indexOf("/") + 1: null

02-12-2024T07:05:42 - [TEST_STEP][PASSED] - if (i1 > -1): null

02-12-2024T07:05:42 - [TEST_STEP][PASSED] - x = x.substring(i1, x.length()): null

02-12-2024T07:05:42 - [TEST_STEP][PASSED] - println(x): null

02-12-2024T07:05:42 - [TEST_STEP][PASSED] - i1 = x.indexOf("/") + 1: null

02-12-2024T07:05:42 - [TEST_STEP][PASSED] - if (i1 > -1): null

02-12-2024T07:05:42 - [TEST_STEP][PASSED] - x = x.substring(i1, x.length()): null

02-12-2024T07:05:42 - [TEST_STEP][PASSED] - println(x): null

02-12-2024T07:05:42 - [TEST_STEP][PASSED] - i1 = x.indexOf("/") + 1: null

02-12-2024T07:05:42 - [TEST_STEP][PASSED] - if (i1 > -1): null

02-12-2024T07:05:42 - [TEST_STEP][PASSED] - x = x.substring(i1, x.length()): null

02-12-2024T07:05:42 - [TEST_STEP][PASSED] - println(x): null

02-12-2024T07:05:42 - [TEST_STEP][PASSED] - i1 = x.indexOf("/") + 1: null

02-12-2024T07:05:42 - [TEST_STEP][PASSED] - if (i1 > -1): null

02-12-2024T07:05:42 - [TEST_STEP][PASSED] - x = x.substring(i1, x.length()): null

02-12-2024T07:05:42 - [TEST_STEP][PASSED] - println(x): null

02-12-2024T07:05:42 - [TEST_STEP][PASSED] - i1 = x.indexOf("/"): null

02-12-2024T07:05:42 - [TEST_STEP][PASSED] - if (i1 > -1): null

02-12-2024T07:05:42 - [TEST_STEP][PASSED] - x = x.substring(0, i1): null

02-12-2024T07:05:42 - [TEST_STEP][PASSED] - println(x): null

02-12-2024T07:05:42 - [TEST_STEP][FAILED] - return x: null

02-12-2024T07:05:42 - [TEST_STEP][FAILED] - if (verifyEqual(tabR, tabB) == false): null

02-12-2024T07:05:42 - [MESSAGE][FAILED] - Unable to verify equal between actual object '42504429' and expected object '42347790' (Root cause: com.kms.katalon.core.exception.StepFailedException: Actual object '42504429' and expected object '42347790' are not equal
	at com.kms.katalon.core.keyword.builtin.VerifyEqualKeyword$_verifyEqual_closure1.doCall(VerifyEqualKeyword.groovy:58)
	at com.kms.katalon.core.keyword.builtin.VerifyEqualKeyword$_verifyEqual_closure1.call(VerifyEqualKeyword.groovy)
	at com.kms.katalon.core.keyword.internal.KeywordMain.runKeyword(KeywordMain.groovy:75)
	at com.kms.katalon.core.keyword.builtin.VerifyEqualKeyword.verifyEqual(VerifyEqualKeyword.groovy:63)
	at com.kms.katalon.core.keyword.builtin.VerifyEqualKeyword.execute(VerifyEqualKeyword.groovy:44)
	at com.kms.katalon.core.keyword.internal.KeywordExecutor.executeKeywordForPlatform(KeywordExecutor.groovy:74)
	at com.kms.katalon.core.keyword.BuiltinKeywords.verifyEqual(BuiltinKeywords.groovy:146)
	at jdk.internal.reflect.GeneratedMethodAccessor25.invoke(Unknown Source)
	at java.base/jdk.internal.reflect.DelegatingMethodAccessorImpl.invoke(DelegatingMethodAccessorImpl.java:43)
	at Выполнение бизнес-плана сверка дашбордов.CompareDZOData(Выполнение бизнес-плана сверка дашбордов:717)
	at Выполнение бизнес-плана сверка дашбордов.run(Выполнение бизнес-плана сверка дашбордов:653)
	at com.kms.katalon.core.main.ScriptEngine.run(ScriptEngine.java:194)
	at com.kms.katalon.core.main.ScriptEngine.runScriptAsRawText(ScriptEngine.java:119)
	at com.kms.katalon.core.main.TestCaseExecutor.runScript(TestCaseExecutor.java:448)
	at com.kms.katalon.core.main.TestCaseExecutor.doExecute(TestCaseExecutor.java:439)
	at com.kms.katalon.core.main.TestCaseExecutor.processExecutionPhase(TestCaseExecutor.java:418)
	at com.kms.katalon.core.main.TestCaseExecutor.accessMainPhase(TestCaseExecutor.java:410)
	at com.kms.katalon.core.main.TestCaseExecutor.execute(TestCaseExecutor.java:285)
	at com.kms.katalon.core.common.CommonExecutor.accessTestCaseMainPhase(CommonExecutor.java:65)
	at com.kms.katalon.core.main.TestSuiteExecutor.accessTestSuiteMainPhase(TestSuiteExecutor.java:150)
	at com.kms.katalon.core.main.TestSuiteExecutor.execute(TestSuiteExecutor.java:106)
	at com.kms.katalon.core.main.TestCaseMain.startTestSuite(TestCaseMain.java:180)
	at TempTestSuite1733111659562.run(TempTestSuite1733111659562.groovy:35)
	at java.base/jdk.internal.reflect.NativeMethodAccessorImpl.invoke0(Native Method)
	at java.base/jdk.internal.reflect.NativeMethodAccessorImpl.invoke(NativeMethodAccessorImpl.java:77)
	at java.base/jdk.internal.reflect.DelegatingMethodAccessorImpl.invoke(DelegatingMethodAccessorImpl.java:43)
)

02-12-2024T07:05:42 - [TEST_STEP][PASSED] - result = WriteToExcel(typeOfData, todaysDate, PercPlanR, PercPlanB, PercFactR, PercFactB, x, tabR, tabB, o1R, o1B, vidget): null

02-12-2024T07:05:42 - [TEST_STEP][PASSED] - iii = dZO.indexOf("/"): null

02-12-2024T07:05:42 - [TEST_STEP][PASSED] - println(iii): null

02-12-2024T07:05:42 - [TEST_STEP][PASSED] - dZO = dZO.substring(0, iii): null

02-12-2024T07:05:42 - [TEST_STEP][PASSED] - println(dZO): null

02-12-2024T07:05:42 - [TEST_STEP][PASSED] - println(PercPlanR): null

02-12-2024T07:05:42 - [TEST_STEP][PASSED] - println(PercPlanB): null

02-12-2024T07:05:42 - [TEST_STEP][PASSED] - println(PercFactR): null

02-12-2024T07:05:42 - [TEST_STEP][PASSED] - println(PercFactB): null

02-12-2024T07:05:42 - [TEST_STEP][PASSED] - println(tabR): null

02-12-2024T07:05:42 - [TEST_STEP][PASSED] - println(tabB): null

02-12-2024T07:05:42 - [TEST_STEP][PASSED] - println(o1R): null

02-12-2024T07:05:42 - [TEST_STEP][PASSED] - println(o1B): null

02-12-2024T07:05:42 - [TEST_STEP][PASSED] - PR = <not implemented yet for class: org.codehaus.groovy.ast.expr.EmptyExpression>: null

02-12-2024T07:05:42 - [TEST_STEP][PASSED] - FR = <not implemented yet for class: org.codehaus.groovy.ast.expr.EmptyExpression>: null

02-12-2024T07:05:42 - [TEST_STEP][PASSED] - PB = <not implemented yet for class: org.codehaus.groovy.ast.expr.EmptyExpression>: null

02-12-2024T07:05:42 - [TEST_STEP][PASSED] - FB = <not implemented yet for class: org.codehaus.groovy.ast.expr.EmptyExpression>: null

02-12-2024T07:05:42 - [TEST_STEP][PASSED] - TR = <not implemented yet for class: org.codehaus.groovy.ast.expr.EmptyExpression>: null

02-12-2024T07:05:42 - [TEST_STEP][PASSED] - TB = <not implemented yet for class: org.codehaus.groovy.ast.expr.EmptyExpression>: null

02-12-2024T07:05:42 - [TEST_STEP][PASSED] - sheetName = "Sheet1": null

02-12-2024T07:05:42 - [TEST_STEP][PASSED] - data = findTestData("PlanFact"): null

02-12-2024T07:05:42 - [TEST_STEP][PASSED] - n = data.getRowNumbers() + 1: null

02-12-2024T07:05:42 - [TEST_STEP][PASSED] - year = todaysDate.substring(todaysDate.length() - 4, todaysDate.length()): null

02-12-2024T07:05:42 - [TEST_STEP][PASSED] - y = year.toInteger(): null

02-12-2024T07:05:42 - [TEST_STEP][PASSED] - m = getText(findTestObject("Выполнение бизнес-плана/Выполнение бизнес-плана Балансы/Фильтр Дата")): Text of object 'Object Repository/Выполнение бизнес-плана/Выполнение бизнес-плана Балансы/Фильтр Дата' is: '1, 2, 3 кв., Октябрь 2024 года'

02-12-2024T07:05:43 - [MESSAGE][PASSED] - Text of object 'Object Repository/Выполнение бизнес-плана/Выполнение бизнес-плана Балансы/Фильтр Дата' is: '1, 2, 3 кв., Октябрь 2024 года'

02-12-2024T07:05:43 - [TEST_STEP][PASSED] - m = m.substring(0, m.indexOf("2024")): null

02-12-2024T07:05:43 - [TEST_STEP][PASSED] - m = m.trim(): null

02-12-2024T07:05:43 - [TEST_STEP][PASSED] - dashboardName = "Выполнение бизнес-плана": null

02-12-2024T07:05:43 - [TEST_STEP][PASSED] - workbook01 = getWorkbook(excelFilePath): null

02-12-2024T07:05:43 - [TEST_STEP][PASSED] - sheet01 = getExcelSheet(workbook01, sheetName): null

02-12-2024T07:05:43 - [TEST_STEP][PASSED] - setValueToCellByIndex(sheet01, n, 0, dashboardName): null

02-12-2024T07:05:43 - [TEST_STEP][PASSED] - setValueToCellByIndex(sheet01, n, 1, dZO): null

02-12-2024T07:05:43 - [TEST_STEP][PASSED] - setValueToCellByIndex(sheet01, n, 2, typeOfData): null

02-12-2024T07:05:43 - [TEST_STEP][PASSED] - setValueToCellByIndex(sheet01, n, 3, typeOfData): null

02-12-2024T07:05:43 - [TEST_STEP][PASSED] - if (typeOfData == "План"): null

02-12-2024T07:05:43 - [TEST_STEP][PASSED] - else if (typeOfData == "Факт"): null

02-12-2024T07:05:43 - [TEST_STEP][PASSED] - else if (vidget.contains("электроэнергии") == true): null

02-12-2024T07:05:43 - [TEST_STEP][PASSED] - if (tabR == null): null

02-12-2024T07:05:43 - [TEST_STEP][PASSED] - else: null

02-12-2024T07:05:43 - [TEST_STEP][PASSED] - if (tabR == "нет данных"): null

02-12-2024T07:05:43 - [TEST_STEP][PASSED] - else: null

02-12-2024T07:05:43 - [TEST_STEP][PASSED] - TR = tabR.toInteger(): null

02-12-2024T07:05:43 - [TEST_STEP][PASSED] - setValueToCellByIndex(sheet01, n, 4, TR): null

02-12-2024T07:05:43 - [TEST_STEP][PASSED] - if (tabB == null): null

02-12-2024T07:05:43 - [TEST_STEP][PASSED] - else: null

02-12-2024T07:05:43 - [TEST_STEP][PASSED] - if (tabB == "нет данных"): null

02-12-2024T07:05:43 - [TEST_STEP][PASSED] - else: null

02-12-2024T07:05:43 - [TEST_STEP][PASSED] - TB = tabB.toInteger(): null

02-12-2024T07:05:43 - [TEST_STEP][PASSED] - setValueToCellByIndex(sheet01, n, 5, TB): null

02-12-2024T07:05:43 - [TEST_STEP][PASSED] - setValueToCellByIndex(sheet01, n, 6, m): null

02-12-2024T07:05:43 - [TEST_STEP][PASSED] - setValueToCellByIndex(sheet01, n, 7, y): null

02-12-2024T07:05:43 - [TEST_STEP][PASSED] - setValueToCellByIndex(sheet01, n, 8, todaysDate): null

02-12-2024T07:05:43 - [TEST_STEP][PASSED] - n = n + 1: null

02-12-2024T07:05:43 - [TEST_STEP][PASSED] - saveWorkbook(excelFilePath, workbook01): null

02-12-2024T07:05:43 - [TEST_STEP][PASSED] - typeOfData = "Факт Потери": null

02-12-2024T07:05:43 - [TEST_STEP][PASSED] - tabR = GetPFactR(x = a): null

02-12-2024T07:05:43 - [TEST_STEP][PASSED] - i1 = <not implemented yet for class: org.codehaus.groovy.ast.expr.EmptyExpression>: null

02-12-2024T07:05:43 - [TEST_STEP][PASSED] - ii = <not implemented yet for class: org.codehaus.groovy.ast.expr.EmptyExpression>: null

02-12-2024T07:05:43 - [TEST_STEP][PASSED] - for ([ii = 1, ii < 6, (ii++)]): null

02-12-2024T07:05:43 - [TEST_STEP][PASSED] - i1 = x.indexOf("/") + 1: null

02-12-2024T07:05:43 - [TEST_STEP][PASSED] - if (i1 > -1): null

02-12-2024T07:05:43 - [TEST_STEP][PASSED] - x = x.substring(i1, x.length()): null

02-12-2024T07:05:43 - [TEST_STEP][PASSED] - println(x): null

02-12-2024T07:05:43 - [TEST_STEP][PASSED] - i1 = x.indexOf("/") + 1: null

02-12-2024T07:05:43 - [TEST_STEP][PASSED] - if (i1 > -1): null

02-12-2024T07:05:43 - [TEST_STEP][PASSED] - x = x.substring(i1, x.length()): null

02-12-2024T07:05:43 - [TEST_STEP][PASSED] - println(x): null

02-12-2024T07:05:43 - [TEST_STEP][PASSED] - i1 = x.indexOf("/") + 1: null

02-12-2024T07:05:43 - [TEST_STEP][PASSED] - if (i1 > -1): null

02-12-2024T07:05:43 - [TEST_STEP][PASSED] - x = x.substring(i1, x.length()): null

02-12-2024T07:05:43 - [TEST_STEP][PASSED] - println(x): null

02-12-2024T07:05:43 - [TEST_STEP][PASSED] - i1 = x.indexOf("/") + 1: null

02-12-2024T07:05:43 - [TEST_STEP][PASSED] - if (i1 > -1): null

02-12-2024T07:05:43 - [TEST_STEP][PASSED] - x = x.substring(i1, x.length()): null

02-12-2024T07:05:43 - [TEST_STEP][PASSED] - println(x): null

02-12-2024T07:05:43 - [TEST_STEP][PASSED] - i1 = x.indexOf("/") + 1: null

02-12-2024T07:05:43 - [TEST_STEP][PASSED] - if (i1 > -1): null

02-12-2024T07:05:43 - [TEST_STEP][PASSED] - x = x.substring(i1, x.length()): null

02-12-2024T07:05:43 - [TEST_STEP][PASSED] - println(x): null

02-12-2024T07:05:43 - [TEST_STEP][PASSED] - i1 = x.indexOf("/"): null

02-12-2024T07:05:43 - [TEST_STEP][PASSED] - if (i1 > -1): null

02-12-2024T07:05:43 - [TEST_STEP][PASSED] - x = x.substring(0, i1): null

02-12-2024T07:05:43 - [TEST_STEP][PASSED] - println(x): null

02-12-2024T07:05:43 - [TEST_STEP][PASSED] - return x: null

02-12-2024T07:05:43 - [TEST_STEP][PASSED] - tabB = GetPFactB(x = b): null

02-12-2024T07:05:43 - [TEST_STEP][PASSED] - i1 = <not implemented yet for class: org.codehaus.groovy.ast.expr.EmptyExpression>: null

02-12-2024T07:05:43 - [TEST_STEP][PASSED] - ii = <not implemented yet for class: org.codehaus.groovy.ast.expr.EmptyExpression>: null

02-12-2024T07:05:43 - [TEST_STEP][PASSED] - for ([ii = 1, ii < 6, (ii++)]): null

02-12-2024T07:05:43 - [TEST_STEP][PASSED] - i1 = x.indexOf("/") + 1: null

02-12-2024T07:05:43 - [TEST_STEP][PASSED] - if (i1 > -1): null

02-12-2024T07:05:43 - [TEST_STEP][PASSED] - x = x.substring(i1, x.length()): null

02-12-2024T07:05:43 - [TEST_STEP][PASSED] - println(x): null

02-12-2024T07:05:43 - [TEST_STEP][PASSED] - i1 = x.indexOf("/") + 1: null

02-12-2024T07:05:43 - [TEST_STEP][PASSED] - if (i1 > -1): null

02-12-2024T07:05:43 - [TEST_STEP][PASSED] - x = x.substring(i1, x.length()): null

02-12-2024T07:05:43 - [TEST_STEP][PASSED] - println(x): null

02-12-2024T07:05:43 - [TEST_STEP][PASSED] - i1 = x.indexOf("/") + 1: null

02-12-2024T07:05:43 - [TEST_STEP][PASSED] - if (i1 > -1): null

02-12-2024T07:05:43 - [TEST_STEP][PASSED] - x = x.substring(i1, x.length()): null

02-12-2024T07:05:43 - [TEST_STEP][PASSED] - println(x): null

02-12-2024T07:05:43 - [TEST_STEP][PASSED] - i1 = x.indexOf("/") + 1: null

02-12-2024T07:05:43 - [TEST_STEP][PASSED] - if (i1 > -1): null

02-12-2024T07:05:43 - [TEST_STEP][PASSED] - x = x.substring(i1, x.length()): null

02-12-2024T07:05:43 - [TEST_STEP][PASSED] - println(x): null

02-12-2024T07:05:43 - [TEST_STEP][PASSED] - i1 = x.indexOf("/") + 1: null

02-12-2024T07:05:43 - [TEST_STEP][PASSED] - if (i1 > -1): null

02-12-2024T07:05:43 - [TEST_STEP][PASSED] - x = x.substring(i1, x.length()): null

02-12-2024T07:05:43 - [TEST_STEP][PASSED] - println(x): null

02-12-2024T07:05:43 - [TEST_STEP][PASSED] - i1 = x.indexOf("/"): null

02-12-2024T07:05:43 - [TEST_STEP][PASSED] - if (i1 > -1): null

02-12-2024T07:05:43 - [TEST_STEP][PASSED] - x = x.substring(0, i1): null

02-12-2024T07:05:43 - [TEST_STEP][PASSED] - println(x): null

02-12-2024T07:05:43 - [TEST_STEP][FAILED] - return x: null

02-12-2024T07:05:43 - [TEST_STEP][PASSED] - println(tabR + "/" + tabB): null

02-12-2024T07:05:43 - [TEST_STEP][FAILED] - if (verifyEqual(tabR, tabB) == false): null

02-12-2024T07:05:43 - [MESSAGE][FAILED] - Unable to verify equal between actual object '3091910' and expected object '3075878' (Root cause: com.kms.katalon.core.exception.StepFailedException: Actual object '3091910' and expected object '3075878' are not equal
	at com.kms.katalon.core.keyword.builtin.VerifyEqualKeyword$_verifyEqual_closure1.doCall(VerifyEqualKeyword.groovy:58)
	at com.kms.katalon.core.keyword.builtin.VerifyEqualKeyword$_verifyEqual_closure1.call(VerifyEqualKeyword.groovy)
	at com.kms.katalon.core.keyword.internal.KeywordMain.runKeyword(KeywordMain.groovy:75)
	at com.kms.katalon.core.keyword.builtin.VerifyEqualKeyword.verifyEqual(VerifyEqualKeyword.groovy:63)
	at com.kms.katalon.core.keyword.builtin.VerifyEqualKeyword.execute(VerifyEqualKeyword.groovy:44)
	at com.kms.katalon.core.keyword.internal.KeywordExecutor.executeKeywordForPlatform(KeywordExecutor.groovy:74)
	at com.kms.katalon.core.keyword.BuiltinKeywords.verifyEqual(BuiltinKeywords.groovy:146)
	at jdk.internal.reflect.GeneratedMethodAccessor25.invoke(Unknown Source)
	at java.base/jdk.internal.reflect.DelegatingMethodAccessorImpl.invoke(DelegatingMethodAccessorImpl.java:43)
	at Выполнение бизнес-плана сверка дашбордов.CompareDZOData(Выполнение бизнес-плана сверка дашбордов:730)
	at Выполнение бизнес-плана сверка дашбордов.run(Выполнение бизнес-плана сверка дашбордов:653)
	at com.kms.katalon.core.main.ScriptEngine.run(ScriptEngine.java:194)
	at com.kms.katalon.core.main.ScriptEngine.runScriptAsRawText(ScriptEngine.java:119)
	at com.kms.katalon.core.main.TestCaseExecutor.runScript(TestCaseExecutor.java:448)
	at com.kms.katalon.core.main.TestCaseExecutor.doExecute(TestCaseExecutor.java:439)
	at com.kms.katalon.core.main.TestCaseExecutor.processExecutionPhase(TestCaseExecutor.java:418)
	at com.kms.katalon.core.main.TestCaseExecutor.accessMainPhase(TestCaseExecutor.java:410)
	at com.kms.katalon.core.main.TestCaseExecutor.execute(TestCaseExecutor.java:285)
	at com.kms.katalon.core.common.CommonExecutor.accessTestCaseMainPhase(CommonExecutor.java:65)
	at com.kms.katalon.core.main.TestSuiteExecutor.accessTestSuiteMainPhase(TestSuiteExecutor.java:150)
	at com.kms.katalon.core.main.TestSuiteExecutor.execute(TestSuiteExecutor.java:106)
	at com.kms.katalon.core.main.TestCaseMain.startTestSuite(TestCaseMain.java:180)
	at TempTestSuite1733111659562.run(TempTestSuite1733111659562.groovy:35)
	at java.base/jdk.internal.reflect.NativeMethodAccessorImpl.invoke0(Native Method)
	at java.base/jdk.internal.reflect.NativeMethodAccessorImpl.invoke(NativeMethodAccessorImpl.java:77)
	at java.base/jdk.internal.reflect.DelegatingMethodAccessorImpl.invoke(DelegatingMethodAccessorImpl.java:43)
)

02-12-2024T07:05:43 - [TEST_STEP][PASSED] - result = WriteToExcel(typeOfData, todaysDate, PercPlanR, PercPlanB, PercFactR, PercFactB, x, tabR, tabB, o1R, o1B, vidget): null

02-12-2024T07:05:43 - [TEST_STEP][PASSED] - iii = dZO.indexOf("/"): null

02-12-2024T07:05:43 - [TEST_STEP][PASSED] - println(iii): null

02-12-2024T07:05:43 - [TEST_STEP][PASSED] - dZO = dZO.substring(0, iii): null

02-12-2024T07:05:43 - [TEST_STEP][PASSED] - println(dZO): null

02-12-2024T07:05:43 - [TEST_STEP][PASSED] - println(PercPlanR): null

02-12-2024T07:05:43 - [TEST_STEP][PASSED] - println(PercPlanB): null

02-12-2024T07:05:43 - [TEST_STEP][PASSED] - println(PercFactR): null

02-12-2024T07:05:43 - [TEST_STEP][PASSED] - println(PercFactB): null

02-12-2024T07:05:43 - [TEST_STEP][PASSED] - println(tabR): null

02-12-2024T07:05:43 - [TEST_STEP][PASSED] - println(tabB): null

02-12-2024T07:05:43 - [TEST_STEP][PASSED] - println(o1R): null

02-12-2024T07:05:43 - [TEST_STEP][PASSED] - println(o1B): null

02-12-2024T07:05:43 - [TEST_STEP][PASSED] - PR = <not implemented yet for class: org.codehaus.groovy.ast.expr.EmptyExpression>: null

02-12-2024T07:05:43 - [TEST_STEP][PASSED] - FR = <not implemented yet for class: org.codehaus.groovy.ast.expr.EmptyExpression>: null

02-12-2024T07:05:43 - [TEST_STEP][PASSED] - PB = <not implemented yet for class: org.codehaus.groovy.ast.expr.EmptyExpression>: null

02-12-2024T07:05:43 - [TEST_STEP][PASSED] - FB = <not implemented yet for class: org.codehaus.groovy.ast.expr.EmptyExpression>: null

02-12-2024T07:05:43 - [TEST_STEP][PASSED] - TR = <not implemented yet for class: org.codehaus.groovy.ast.expr.EmptyExpression>: null

02-12-2024T07:05:43 - [TEST_STEP][PASSED] - TB = <not implemented yet for class: org.codehaus.groovy.ast.expr.EmptyExpression>: null

02-12-2024T07:05:43 - [TEST_STEP][PASSED] - sheetName = "Sheet1": null

02-12-2024T07:05:43 - [TEST_STEP][PASSED] - data = findTestData("PlanFact"): null

02-12-2024T07:05:43 - [TEST_STEP][PASSED] - n = data.getRowNumbers() + 1: null

02-12-2024T07:05:43 - [TEST_STEP][PASSED] - year = todaysDate.substring(todaysDate.length() - 4, todaysDate.length()): null

02-12-2024T07:05:43 - [TEST_STEP][PASSED] - y = year.toInteger(): null

02-12-2024T07:05:43 - [TEST_STEP][PASSED] - m = getText(findTestObject("Выполнение бизнес-плана/Выполнение бизнес-плана Балансы/Фильтр Дата")): Text of object 'Object Repository/Выполнение бизнес-плана/Выполнение бизнес-плана Балансы/Фильтр Дата' is: '1, 2, 3 кв., Октябрь 2024 года'

02-12-2024T07:05:43 - [MESSAGE][PASSED] - Text of object 'Object Repository/Выполнение бизнес-плана/Выполнение бизнес-плана Балансы/Фильтр Дата' is: '1, 2, 3 кв., Октябрь 2024 года'

02-12-2024T07:05:43 - [TEST_STEP][PASSED] - m = m.substring(0, m.indexOf("2024")): null

02-12-2024T07:05:43 - [TEST_STEP][PASSED] - m = m.trim(): null

02-12-2024T07:05:43 - [TEST_STEP][PASSED] - dashboardName = "Выполнение бизнес-плана": null

02-12-2024T07:05:43 - [TEST_STEP][PASSED] - workbook01 = getWorkbook(excelFilePath): null

02-12-2024T07:05:43 - [TEST_STEP][PASSED] - sheet01 = getExcelSheet(workbook01, sheetName): null

02-12-2024T07:05:43 - [TEST_STEP][PASSED] - setValueToCellByIndex(sheet01, n, 0, dashboardName): null

02-12-2024T07:05:43 - [TEST_STEP][PASSED] - setValueToCellByIndex(sheet01, n, 1, dZO): null

02-12-2024T07:05:43 - [TEST_STEP][PASSED] - setValueToCellByIndex(sheet01, n, 2, typeOfData): null

02-12-2024T07:05:43 - [TEST_STEP][PASSED] - setValueToCellByIndex(sheet01, n, 3, typeOfData): null

02-12-2024T07:05:43 - [TEST_STEP][PASSED] - if (typeOfData == "План"): null

02-12-2024T07:05:43 - [TEST_STEP][PASSED] - else if (typeOfData == "Факт"): null

02-12-2024T07:05:43 - [TEST_STEP][PASSED] - else if (vidget.contains("электроэнергии") == true): null

02-12-2024T07:05:43 - [TEST_STEP][PASSED] - if (tabR == null): null

02-12-2024T07:05:43 - [TEST_STEP][PASSED] - else: null

02-12-2024T07:05:43 - [TEST_STEP][PASSED] - if (tabR == "нет данных"): null

02-12-2024T07:05:43 - [TEST_STEP][PASSED] - else: null

02-12-2024T07:05:43 - [TEST_STEP][PASSED] - TR = tabR.toInteger(): null

02-12-2024T07:05:43 - [TEST_STEP][PASSED] - setValueToCellByIndex(sheet01, n, 4, TR): null

02-12-2024T07:05:43 - [TEST_STEP][PASSED] - if (tabB == null): null

02-12-2024T07:05:43 - [TEST_STEP][PASSED] - else: null

02-12-2024T07:05:43 - [TEST_STEP][PASSED] - if (tabB == "нет данных"): null

02-12-2024T07:05:43 - [TEST_STEP][PASSED] - else: null

02-12-2024T07:05:43 - [TEST_STEP][PASSED] - TB = tabB.toInteger(): null

02-12-2024T07:05:43 - [TEST_STEP][PASSED] - setValueToCellByIndex(sheet01, n, 5, TB): null

02-12-2024T07:05:43 - [TEST_STEP][PASSED] - setValueToCellByIndex(sheet01, n, 6, m): null

02-12-2024T07:05:43 - [TEST_STEP][PASSED] - setValueToCellByIndex(sheet01, n, 7, y): null

02-12-2024T07:05:43 - [TEST_STEP][PASSED] - setValueToCellByIndex(sheet01, n, 8, todaysDate): null

02-12-2024T07:05:43 - [TEST_STEP][PASSED] - n = n + 1: null

02-12-2024T07:05:43 - [TEST_STEP][PASSED] - saveWorkbook(excelFilePath, workbook01): null

02-12-2024T07:05:44 - [TEST_STEP][PASSED] - vidget = "Показатели баланса электроэнергии по ДЗО – План": null

02-12-2024T07:05:44 - [TEST_STEP][PASSED] - typeOfData = "План Отпуск в сеть": null

02-12-2024T07:05:44 - [TEST_STEP][PASSED] - tabR = GetOvSPlanR(x = a): null

02-12-2024T07:05:44 - [TEST_STEP][PASSED] - i1 = <not implemented yet for class: org.codehaus.groovy.ast.expr.EmptyExpression>: null

02-12-2024T07:05:44 - [TEST_STEP][PASSED] - ii = <not implemented yet for class: org.codehaus.groovy.ast.expr.EmptyExpression>: null

02-12-2024T07:05:44 - [TEST_STEP][PASSED] - for ([ii = 1, ii < 7, (ii++)]): null

02-12-2024T07:05:44 - [TEST_STEP][PASSED] - i1 = x.indexOf("/") + 1: null

02-12-2024T07:05:44 - [TEST_STEP][PASSED] - if (i1 > -1): null

02-12-2024T07:05:44 - [TEST_STEP][PASSED] - x = x.substring(i1, x.length()): null

02-12-2024T07:05:44 - [TEST_STEP][PASSED] - println(x): null

02-12-2024T07:05:44 - [TEST_STEP][PASSED] - i1 = x.indexOf("/") + 1: null

02-12-2024T07:05:44 - [TEST_STEP][PASSED] - if (i1 > -1): null

02-12-2024T07:05:44 - [TEST_STEP][PASSED] - x = x.substring(i1, x.length()): null

02-12-2024T07:05:44 - [TEST_STEP][PASSED] - println(x): null

02-12-2024T07:05:44 - [TEST_STEP][PASSED] - i1 = x.indexOf("/") + 1: null

02-12-2024T07:05:44 - [TEST_STEP][PASSED] - if (i1 > -1): null

02-12-2024T07:05:44 - [TEST_STEP][PASSED] - x = x.substring(i1, x.length()): null

02-12-2024T07:05:44 - [TEST_STEP][PASSED] - println(x): null

02-12-2024T07:05:44 - [TEST_STEP][PASSED] - i1 = x.indexOf("/") + 1: null

02-12-2024T07:05:44 - [TEST_STEP][PASSED] - if (i1 > -1): null

02-12-2024T07:05:44 - [TEST_STEP][PASSED] - x = x.substring(i1, x.length()): null

02-12-2024T07:05:44 - [TEST_STEP][PASSED] - println(x): null

02-12-2024T07:05:44 - [TEST_STEP][PASSED] - i1 = x.indexOf("/") + 1: null

02-12-2024T07:05:44 - [TEST_STEP][PASSED] - if (i1 > -1): null

02-12-2024T07:05:44 - [TEST_STEP][PASSED] - x = x.substring(i1, x.length()): null

02-12-2024T07:05:44 - [TEST_STEP][PASSED] - println(x): null

02-12-2024T07:05:44 - [TEST_STEP][PASSED] - i1 = x.indexOf("/") + 1: null

02-12-2024T07:05:44 - [TEST_STEP][PASSED] - if (i1 > -1): null

02-12-2024T07:05:44 - [TEST_STEP][PASSED] - x = x.substring(i1, x.length()): null

02-12-2024T07:05:44 - [TEST_STEP][PASSED] - println(x): null

02-12-2024T07:05:44 - [TEST_STEP][PASSED] - i1 = x.indexOf("/"): null

02-12-2024T07:06:35 - [TEST_STEP][PASSED] - if (i1 > -1): null

02-12-2024T07:06:35 - [TEST_STEP][PASSED] - x = x.substring(0, i1): null

02-12-2024T07:06:35 - [TEST_STEP][PASSED] - println(x): null

02-12-2024T07:06:35 - [TEST_STEP][PASSED] - return x: null

02-12-2024T07:06:35 - [TEST_STEP][PASSED] - tabB = GetOvSPlanB(x = b): null

02-12-2024T07:06:35 - [TEST_STEP][PASSED] - i1 = <not implemented yet for class: org.codehaus.groovy.ast.expr.EmptyExpression>: null

02-12-2024T07:06:35 - [TEST_STEP][PASSED] - ii = <not implemented yet for class: org.codehaus.groovy.ast.expr.EmptyExpression>: null

02-12-2024T07:06:35 - [TEST_STEP][PASSED] - for ([ii = 1, ii < 7, (ii++)]): null

02-12-2024T07:06:35 - [TEST_STEP][PASSED] - i1 = x.indexOf("/") + 1: null

02-12-2024T07:06:35 - [TEST_STEP][PASSED] - if (i1 > -1): null

02-12-2024T07:06:35 - [TEST_STEP][PASSED] - x = x.substring(i1, x.length()): null

02-12-2024T07:06:35 - [TEST_STEP][PASSED] - println(x): null

02-12-2024T07:06:35 - [TEST_STEP][PASSED] - i1 = x.indexOf("/") + 1: null

02-12-2024T07:06:35 - [TEST_STEP][PASSED] - if (i1 > -1): null

02-12-2024T07:06:35 - [TEST_STEP][PASSED] - x = x.substring(i1, x.length()): null

02-12-2024T07:06:35 - [TEST_STEP][PASSED] - println(x): null

02-12-2024T07:06:35 - [TEST_STEP][PASSED] - i1 = x.indexOf("/") + 1: null

02-12-2024T07:06:35 - [TEST_STEP][PASSED] - if (i1 > -1): null

02-12-2024T07:06:35 - [TEST_STEP][PASSED] - x = x.substring(i1, x.length()): null

02-12-2024T07:06:35 - [TEST_STEP][PASSED] - println(x): null

02-12-2024T07:06:35 - [TEST_STEP][PASSED] - i1 = x.indexOf("/") + 1: null

02-12-2024T07:06:35 - [TEST_STEP][PASSED] - if (i1 > -1): null

02-12-2024T07:06:35 - [TEST_STEP][PASSED] - x = x.substring(i1, x.length()): null

02-12-2024T07:06:35 - [TEST_STEP][PASSED] - println(x): null

02-12-2024T07:06:35 - [TEST_STEP][PASSED] - i1 = x.indexOf("/") + 1: null

02-12-2024T07:06:35 - [TEST_STEP][PASSED] - if (i1 > -1): null

02-12-2024T07:06:35 - [TEST_STEP][PASSED] - x = x.substring(i1, x.length()): null

02-12-2024T07:06:35 - [TEST_STEP][PASSED] - println(x): null

02-12-2024T07:06:35 - [TEST_STEP][PASSED] - i1 = x.indexOf("/") + 1: null

02-12-2024T07:06:35 - [TEST_STEP][PASSED] - if (i1 > -1): null

02-12-2024T07:06:35 - [TEST_STEP][PASSED] - x = x.substring(i1, x.length()): null

02-12-2024T07:06:35 - [TEST_STEP][PASSED] - println(x): null

02-12-2024T07:06:35 - [TEST_STEP][PASSED] - i1 = x.indexOf("/"): null

02-12-2024T07:06:35 - [TEST_STEP][PASSED] - if (i1 > -1): null

02-12-2024T07:06:35 - [TEST_STEP][PASSED] - x = x.substring(0, i1): null

02-12-2024T07:06:35 - [TEST_STEP][PASSED] - println(x): null

02-12-2024T07:06:35 - [TEST_STEP][PASSED] - return x: null

02-12-2024T07:06:35 - [TEST_STEP][PASSED] - println(tabR + "/" + tabB): null

02-12-2024T07:06:35 - [TEST_STEP][PASSED] - if (verifyEqual(PercFactR, PercFactB) == false): Actual object '6.77' and expected object '6.77' are equal

02-12-2024T07:06:35 - [MESSAGE][PASSED] - Actual object '6.77' and expected object '6.77' are equal

02-12-2024T07:06:35 - [TEST_STEP][PASSED] - typeOfData = "План Отпуск из сети": null

02-12-2024T07:06:35 - [TEST_STEP][PASSED] - tabR = GetOiSPlanR(x = a): null

02-12-2024T07:06:35 - [TEST_STEP][PASSED] - i1 = <not implemented yet for class: org.codehaus.groovy.ast.expr.EmptyExpression>: null

02-12-2024T07:06:35 - [TEST_STEP][PASSED] - ii = <not implemented yet for class: org.codehaus.groovy.ast.expr.EmptyExpression>: null

02-12-2024T07:06:35 - [TEST_STEP][PASSED] - for ([ii = 1, ii < 8, (ii++)]): null

02-12-2024T07:06:35 - [TEST_STEP][PASSED] - i1 = x.indexOf("/") + 1: null

02-12-2024T07:06:35 - [TEST_STEP][PASSED] - if (i1 > -1): null

02-12-2024T07:06:35 - [TEST_STEP][PASSED] - x = x.substring(i1, x.length()): null

02-12-2024T07:06:35 - [TEST_STEP][PASSED] - println(x): null

02-12-2024T07:06:35 - [TEST_STEP][PASSED] - i1 = x.indexOf("/") + 1: null

02-12-2024T07:06:35 - [TEST_STEP][PASSED] - if (i1 > -1): null

02-12-2024T07:06:35 - [TEST_STEP][PASSED] - x = x.substring(i1, x.length()): null

02-12-2024T07:06:35 - [TEST_STEP][PASSED] - println(x): null

02-12-2024T07:06:35 - [TEST_STEP][PASSED] - i1 = x.indexOf("/") + 1: null

02-12-2024T07:06:35 - [TEST_STEP][PASSED] - if (i1 > -1): null

02-12-2024T07:06:35 - [TEST_STEP][PASSED] - x = x.substring(i1, x.length()): null

02-12-2024T07:06:35 - [TEST_STEP][PASSED] - println(x): null

02-12-2024T07:06:35 - [TEST_STEP][PASSED] - i1 = x.indexOf("/") + 1: null

02-12-2024T07:06:35 - [TEST_STEP][PASSED] - if (i1 > -1): null

02-12-2024T07:06:35 - [TEST_STEP][PASSED] - x = x.substring(i1, x.length()): null

02-12-2024T07:06:35 - [TEST_STEP][PASSED] - println(x): null

02-12-2024T07:06:35 - [TEST_STEP][PASSED] - i1 = x.indexOf("/") + 1: null

02-12-2024T07:06:35 - [TEST_STEP][PASSED] - if (i1 > -1): null

02-12-2024T07:06:35 - [TEST_STEP][PASSED] - x = x.substring(i1, x.length()): null

02-12-2024T07:06:35 - [TEST_STEP][PASSED] - println(x): null

02-12-2024T07:06:35 - [TEST_STEP][PASSED] - i1 = x.indexOf("/") + 1: null

02-12-2024T07:06:35 - [TEST_STEP][PASSED] - if (i1 > -1): null

02-12-2024T07:06:35 - [TEST_STEP][PASSED] - x = x.substring(i1, x.length()): null

02-12-2024T07:06:35 - [TEST_STEP][PASSED] - println(x): null

02-12-2024T07:06:35 - [TEST_STEP][PASSED] - i1 = x.indexOf("/") + 1: null

02-12-2024T07:06:35 - [TEST_STEP][PASSED] - if (i1 > -1): null

02-12-2024T07:06:35 - [TEST_STEP][PASSED] - x = x.substring(i1, x.length()): null

02-12-2024T07:06:35 - [TEST_STEP][PASSED] - println(x): null

02-12-2024T07:06:35 - [TEST_STEP][PASSED] - i1 = x.indexOf("/"): null

02-12-2024T07:06:35 - [TEST_STEP][PASSED] - if (i1 > -1): null

02-12-2024T07:06:35 - [TEST_STEP][PASSED] - x = x.substring(0, i1): null

02-12-2024T07:06:35 - [TEST_STEP][PASSED] - println(x): null

02-12-2024T07:06:35 - [TEST_STEP][PASSED] - return x: null

02-12-2024T07:06:35 - [TEST_STEP][PASSED] - tabB = GetOiSPlanB(x = b): null

02-12-2024T07:06:35 - [TEST_STEP][PASSED] - i1 = <not implemented yet for class: org.codehaus.groovy.ast.expr.EmptyExpression>: null

02-12-2024T07:06:35 - [TEST_STEP][PASSED] - ii = <not implemented yet for class: org.codehaus.groovy.ast.expr.EmptyExpression>: null

02-12-2024T07:06:35 - [TEST_STEP][PASSED] - for ([ii = 1, ii < 8, (ii++)]): null

02-12-2024T07:06:35 - [TEST_STEP][PASSED] - i1 = x.indexOf("/") + 1: null

02-12-2024T07:06:35 - [TEST_STEP][PASSED] - if (i1 > -1): null

02-12-2024T07:06:35 - [TEST_STEP][PASSED] - x = x.substring(i1, x.length()): null

02-12-2024T07:06:35 - [TEST_STEP][PASSED] - println(x): null

02-12-2024T07:06:35 - [TEST_STEP][PASSED] - i1 = x.indexOf("/") + 1: null

02-12-2024T07:06:35 - [TEST_STEP][PASSED] - if (i1 > -1): null

02-12-2024T07:06:35 - [TEST_STEP][PASSED] - x = x.substring(i1, x.length()): null

02-12-2024T07:06:35 - [TEST_STEP][PASSED] - println(x): null

02-12-2024T07:06:35 - [TEST_STEP][PASSED] - i1 = x.indexOf("/") + 1: null

02-12-2024T07:06:35 - [TEST_STEP][PASSED] - if (i1 > -1): null

02-12-2024T07:06:35 - [TEST_STEP][PASSED] - x = x.substring(i1, x.length()): null

02-12-2024T07:06:35 - [TEST_STEP][PASSED] - println(x): null

02-12-2024T07:06:35 - [TEST_STEP][PASSED] - i1 = x.indexOf("/") + 1: null

02-12-2024T07:06:35 - [TEST_STEP][PASSED] - if (i1 > -1): null

02-12-2024T07:06:35 - [TEST_STEP][PASSED] - x = x.substring(i1, x.length()): null

02-12-2024T07:06:35 - [TEST_STEP][PASSED] - println(x): null

02-12-2024T07:06:35 - [TEST_STEP][PASSED] - i1 = x.indexOf("/") + 1: null

02-12-2024T07:06:35 - [TEST_STEP][PASSED] - if (i1 > -1): null

02-12-2024T07:06:35 - [TEST_STEP][PASSED] - x = x.substring(i1, x.length()): null

02-12-2024T07:06:35 - [TEST_STEP][PASSED] - println(x): null

02-12-2024T07:06:35 - [TEST_STEP][PASSED] - i1 = x.indexOf("/") + 1: null

02-12-2024T07:06:35 - [TEST_STEP][PASSED] - if (i1 > -1): null

02-12-2024T07:06:35 - [TEST_STEP][PASSED] - x = x.substring(i1, x.length()): null

02-12-2024T07:06:35 - [TEST_STEP][PASSED] - println(x): null

02-12-2024T07:06:35 - [TEST_STEP][PASSED] - i1 = x.indexOf("/") + 1: null

02-12-2024T07:06:35 - [TEST_STEP][PASSED] - if (i1 > -1): null

02-12-2024T07:06:35 - [TEST_STEP][PASSED] - x = x.substring(i1, x.length()): null

02-12-2024T07:06:35 - [TEST_STEP][PASSED] - println(x): null

02-12-2024T07:06:35 - [TEST_STEP][PASSED] - i1 = x.indexOf("/"): null

02-12-2024T07:06:35 - [TEST_STEP][PASSED] - if (i1 > -1): null

02-12-2024T07:06:35 - [TEST_STEP][PASSED] - x = x.substring(0, i1): null

02-12-2024T07:06:35 - [TEST_STEP][PASSED] - println(x): null

02-12-2024T07:06:35 - [TEST_STEP][PASSED] - return x: null

02-12-2024T07:06:35 - [TEST_STEP][PASSED] - println(tabR + "/" + tabB): null

02-12-2024T07:06:35 - [TEST_STEP][PASSED] - if (verifyEqual(PercFactR, PercFactB) == false): Actual object '6.77' and expected object '6.77' are equal

02-12-2024T07:06:35 - [MESSAGE][PASSED] - Actual object '6.77' and expected object '6.77' are equal

02-12-2024T07:06:35 - [TEST_STEP][PASSED] - typeOfData = "План Потери": null

02-12-2024T07:06:35 - [TEST_STEP][PASSED] - tabR = GetPPlanR(x = a): null

02-12-2024T07:06:35 - [TEST_STEP][PASSED] - i1 = <not implemented yet for class: org.codehaus.groovy.ast.expr.EmptyExpression>: null

02-12-2024T07:06:35 - [TEST_STEP][PASSED] - ii = <not implemented yet for class: org.codehaus.groovy.ast.expr.EmptyExpression>: null

02-12-2024T07:06:35 - [TEST_STEP][PASSED] - for ([ii = 1, ii < 9, (ii++)]): null

02-12-2024T07:06:35 - [TEST_STEP][PASSED] - i1 = x.indexOf("/") + 1: null

02-12-2024T07:06:35 - [TEST_STEP][PASSED] - if (i1 > -1): null

02-12-2024T07:06:35 - [TEST_STEP][PASSED] - x = x.substring(i1, x.length()): null

02-12-2024T07:06:35 - [TEST_STEP][PASSED] - println(x): null

02-12-2024T07:06:35 - [TEST_STEP][PASSED] - i1 = x.indexOf("/") + 1: null

02-12-2024T07:06:35 - [TEST_STEP][PASSED] - if (i1 > -1): null

02-12-2024T07:06:35 - [TEST_STEP][PASSED] - x = x.substring(i1, x.length()): null

02-12-2024T07:06:35 - [TEST_STEP][PASSED] - println(x): null

02-12-2024T07:06:35 - [TEST_STEP][PASSED] - i1 = x.indexOf("/") + 1: null

02-12-2024T07:06:35 - [TEST_STEP][PASSED] - if (i1 > -1): null

02-12-2024T07:06:35 - [TEST_STEP][PASSED] - x = x.substring(i1, x.length()): null

02-12-2024T07:06:35 - [TEST_STEP][PASSED] - println(x): null

02-12-2024T07:06:35 - [TEST_STEP][PASSED] - i1 = x.indexOf("/") + 1: null

02-12-2024T07:06:35 - [TEST_STEP][PASSED] - if (i1 > -1): null

02-12-2024T07:06:35 - [TEST_STEP][PASSED] - x = x.substring(i1, x.length()): null

02-12-2024T07:06:35 - [TEST_STEP][PASSED] - println(x): null

02-12-2024T07:06:35 - [TEST_STEP][PASSED] - i1 = x.indexOf("/") + 1: null

02-12-2024T07:06:35 - [TEST_STEP][PASSED] - if (i1 > -1): null

02-12-2024T07:06:35 - [TEST_STEP][PASSED] - x = x.substring(i1, x.length()): null

02-12-2024T07:06:35 - [TEST_STEP][PASSED] - println(x): null

02-12-2024T07:06:35 - [TEST_STEP][PASSED] - i1 = x.indexOf("/") + 1: null

02-12-2024T07:06:35 - [TEST_STEP][PASSED] - if (i1 > -1): null

02-12-2024T07:06:35 - [TEST_STEP][PASSED] - x = x.substring(i1, x.length()): null

02-12-2024T07:06:35 - [TEST_STEP][PASSED] - println(x): null

02-12-2024T07:06:35 - [TEST_STEP][PASSED] - i1 = x.indexOf("/") + 1: null

02-12-2024T07:06:35 - [TEST_STEP][PASSED] - if (i1 > -1): null

02-12-2024T07:06:35 - [TEST_STEP][PASSED] - x = x.substring(i1, x.length()): null

02-12-2024T07:06:35 - [TEST_STEP][PASSED] - println(x): null

02-12-2024T07:06:35 - [TEST_STEP][PASSED] - i1 = x.indexOf("/") + 1: null

02-12-2024T07:06:35 - [TEST_STEP][PASSED] - if (i1 > -1): null

02-12-2024T07:06:35 - [TEST_STEP][PASSED] - x = x.substring(i1, x.length()): null

02-12-2024T07:06:35 - [TEST_STEP][PASSED] - println(x): null

02-12-2024T07:06:35 - [TEST_STEP][PASSED] - i1 = x.indexOf("/"): null

02-12-2024T07:06:35 - [TEST_STEP][PASSED] - if (i1 > -1): null

02-12-2024T07:06:35 - [TEST_STEP][PASSED] - x = x.substring(0, i1): null

02-12-2024T07:06:35 - [TEST_STEP][PASSED] - println(x): null

02-12-2024T07:06:35 - [TEST_STEP][PASSED] - return x: null

02-12-2024T07:06:35 - [TEST_STEP][PASSED] - tabB = GetPPlanB(x = b): null

02-12-2024T07:06:35 - [TEST_STEP][PASSED] - i1 = <not implemented yet for class: org.codehaus.groovy.ast.expr.EmptyExpression>: null

02-12-2024T07:06:35 - [TEST_STEP][PASSED] - ii = <not implemented yet for class: org.codehaus.groovy.ast.expr.EmptyExpression>: null

02-12-2024T07:06:35 - [TEST_STEP][PASSED] - for ([ii = 1, ii < 9, (ii++)]): null

02-12-2024T07:06:35 - [TEST_STEP][PASSED] - i1 = x.indexOf("/") + 1: null

02-12-2024T07:06:35 - [TEST_STEP][PASSED] - if (i1 > -1): null

02-12-2024T07:06:35 - [TEST_STEP][PASSED] - x = x.substring(i1, x.length()): null

02-12-2024T07:06:35 - [TEST_STEP][PASSED] - println(x): null

02-12-2024T07:06:35 - [TEST_STEP][PASSED] - i1 = x.indexOf("/") + 1: null

02-12-2024T07:06:35 - [TEST_STEP][PASSED] - if (i1 > -1): null

02-12-2024T07:06:35 - [TEST_STEP][PASSED] - x = x.substring(i1, x.length()): null

02-12-2024T07:06:35 - [TEST_STEP][PASSED] - println(x): null

02-12-2024T07:06:35 - [TEST_STEP][PASSED] - i1 = x.indexOf("/") + 1: null

02-12-2024T07:06:35 - [TEST_STEP][PASSED] - if (i1 > -1): null

02-12-2024T07:06:35 - [TEST_STEP][PASSED] - x = x.substring(i1, x.length()): null

02-12-2024T07:06:35 - [TEST_STEP][PASSED] - println(x): null

02-12-2024T07:06:35 - [TEST_STEP][PASSED] - i1 = x.indexOf("/") + 1: null

02-12-2024T07:06:35 - [TEST_STEP][PASSED] - if (i1 > -1): null

02-12-2024T07:06:35 - [TEST_STEP][PASSED] - x = x.substring(i1, x.length()): null

02-12-2024T07:06:35 - [TEST_STEP][PASSED] - println(x): null

02-12-2024T07:06:35 - [TEST_STEP][PASSED] - i1 = x.indexOf("/") + 1: null

02-12-2024T07:06:35 - [TEST_STEP][PASSED] - if (i1 > -1): null

02-12-2024T07:06:35 - [TEST_STEP][PASSED] - x = x.substring(i1, x.length()): null

02-12-2024T07:06:35 - [TEST_STEP][PASSED] - println(x): null

02-12-2024T07:06:35 - [TEST_STEP][PASSED] - i1 = x.indexOf("/") + 1: null

02-12-2024T07:06:35 - [TEST_STEP][PASSED] - if (i1 > -1): null

02-12-2024T07:06:35 - [TEST_STEP][PASSED] - x = x.substring(i1, x.length()): null

02-12-2024T07:06:35 - [TEST_STEP][PASSED] - println(x): null

02-12-2024T07:06:35 - [TEST_STEP][PASSED] - i1 = x.indexOf("/") + 1: null

02-12-2024T07:06:35 - [TEST_STEP][PASSED] - if (i1 > -1): null

02-12-2024T07:06:35 - [TEST_STEP][PASSED] - x = x.substring(i1, x.length()): null

02-12-2024T07:06:35 - [TEST_STEP][PASSED] - println(x): null

02-12-2024T07:06:35 - [TEST_STEP][PASSED] - i1 = x.indexOf("/") + 1: null

02-12-2024T07:06:35 - [TEST_STEP][PASSED] - if (i1 > -1): null

02-12-2024T07:06:35 - [TEST_STEP][PASSED] - x = x.substring(i1, x.length()): null

02-12-2024T07:06:35 - [TEST_STEP][PASSED] - println(x): null

02-12-2024T07:06:35 - [TEST_STEP][PASSED] - i1 = x.indexOf("/"): null

02-12-2024T07:06:35 - [TEST_STEP][PASSED] - if (i1 > -1): null

02-12-2024T07:06:35 - [TEST_STEP][PASSED] - x = x.substring(0, i1): null

02-12-2024T07:06:35 - [TEST_STEP][PASSED] - println(x): null

02-12-2024T07:06:35 - [TEST_STEP][PASSED] - return x: null

02-12-2024T07:06:35 - [TEST_STEP][PASSED] - println(tabR + "/" + tabB): null

02-12-2024T07:06:35 - [TEST_STEP][PASSED] - if (verifyEqual(PercFactR, PercFactB) == false): Actual object '6.77' and expected object '6.77' are equal

02-12-2024T07:06:35 - [MESSAGE][PASSED] - Actual object '6.77' and expected object '6.77' are equal

02-12-2024T07:06:35 - [TEST_STEP][PASSED] - ii2 = a.indexOf("ПАО"): null

02-12-2024T07:06:35 - [TEST_STEP][PASSED] - if (ii2 == -1): null

02-12-2024T07:06:35 - [TEST_STEP][PASSED] - vidget = "Отклонения фактического уровня потерь от бизнес-плана": null

02-12-2024T07:06:35 - [TEST_STEP][PASSED] - typeOfData = "Коэффициент": null

02-12-2024T07:06:35 - [TEST_STEP][PASSED] - o1R = Geto1R(x = a): null

02-12-2024T07:06:35 - [TEST_STEP][PASSED] - i1 = <not implemented yet for class: org.codehaus.groovy.ast.expr.EmptyExpression>: null

02-12-2024T07:06:35 - [TEST_STEP][PASSED] - ii = <not implemented yet for class: org.codehaus.groovy.ast.expr.EmptyExpression>: null

02-12-2024T07:06:35 - [TEST_STEP][PASSED] - for ([ii = 1, ii < 10, (ii++)]): null

02-12-2024T07:06:35 - [TEST_STEP][PASSED] - i1 = x.indexOf("/") + 1: null

02-12-2024T07:06:35 - [TEST_STEP][PASSED] - if (i1 > -1): null

02-12-2024T07:06:35 - [TEST_STEP][PASSED] - x = x.substring(i1, x.length()): null

02-12-2024T07:06:35 - [TEST_STEP][PASSED] - i1 = x.indexOf("/") + 1: null

02-12-2024T07:06:35 - [TEST_STEP][PASSED] - if (i1 > -1): null

02-12-2024T07:06:35 - [TEST_STEP][PASSED] - x = x.substring(i1, x.length()): null

02-12-2024T07:06:35 - [TEST_STEP][PASSED] - i1 = x.indexOf("/") + 1: null

02-12-2024T07:06:35 - [TEST_STEP][PASSED] - if (i1 > -1): null

02-12-2024T07:06:35 - [TEST_STEP][PASSED] - x = x.substring(i1, x.length()): null

02-12-2024T07:06:35 - [TEST_STEP][PASSED] - i1 = x.indexOf("/") + 1: null

02-12-2024T07:06:35 - [TEST_STEP][PASSED] - if (i1 > -1): null

02-12-2024T07:06:35 - [TEST_STEP][PASSED] - x = x.substring(i1, x.length()): null

02-12-2024T07:06:35 - [TEST_STEP][PASSED] - i1 = x.indexOf("/") + 1: null

02-12-2024T07:06:35 - [TEST_STEP][PASSED] - if (i1 > -1): null

02-12-2024T07:06:35 - [TEST_STEP][PASSED] - x = x.substring(i1, x.length()): null

02-12-2024T07:06:35 - [TEST_STEP][PASSED] - i1 = x.indexOf("/") + 1: null

02-12-2024T07:06:35 - [TEST_STEP][PASSED] - if (i1 > -1): null

02-12-2024T07:06:35 - [TEST_STEP][PASSED] - x = x.substring(i1, x.length()): null

02-12-2024T07:06:35 - [TEST_STEP][PASSED] - i1 = x.indexOf("/") + 1: null

02-12-2024T07:06:35 - [TEST_STEP][PASSED] - if (i1 > -1): null

02-12-2024T07:06:35 - [TEST_STEP][PASSED] - x = x.substring(i1, x.length()): null

02-12-2024T07:06:35 - [TEST_STEP][PASSED] - i1 = x.indexOf("/") + 1: null

02-12-2024T07:06:35 - [TEST_STEP][PASSED] - if (i1 > -1): null

02-12-2024T07:06:35 - [TEST_STEP][PASSED] - x = x.substring(i1, x.length()): null

02-12-2024T07:06:35 - [TEST_STEP][PASSED] - i1 = x.indexOf("/") + 1: null

02-12-2024T07:06:35 - [TEST_STEP][PASSED] - if (i1 > -1): null

02-12-2024T07:06:35 - [TEST_STEP][PASSED] - x = x.substring(i1, x.length()): null

02-12-2024T07:06:35 - [TEST_STEP][PASSED] - i1 = x.indexOf("/"): null

02-12-2024T07:06:35 - [TEST_STEP][PASSED] - if (i1 > -1): null

02-12-2024T07:06:35 - [TEST_STEP][PASSED] - println(x): null

02-12-2024T07:06:35 - [TEST_STEP][PASSED] - return x: null

02-12-2024T07:06:35 - [TEST_STEP][PASSED] - o1B = Geto1B(x = b): null

02-12-2024T07:06:35 - [TEST_STEP][PASSED] - i1 = <not implemented yet for class: org.codehaus.groovy.ast.expr.EmptyExpression>: null

02-12-2024T07:06:35 - [TEST_STEP][PASSED] - ii = <not implemented yet for class: org.codehaus.groovy.ast.expr.EmptyExpression>: null

02-12-2024T07:06:35 - [TEST_STEP][PASSED] - for ([ii = 1, ii < 10, (ii++)]): null

02-12-2024T07:06:35 - [TEST_STEP][PASSED] - i1 = x.indexOf("/") + 1: null

02-12-2024T07:06:35 - [TEST_STEP][PASSED] - if (i1 > -1): null

02-12-2024T07:06:35 - [TEST_STEP][PASSED] - x = x.substring(i1, x.length()): null

02-12-2024T07:06:35 - [TEST_STEP][PASSED] - i1 = x.indexOf("/") + 1: null

02-12-2024T07:06:35 - [TEST_STEP][PASSED] - if (i1 > -1): null

02-12-2024T07:06:35 - [TEST_STEP][PASSED] - x = x.substring(i1, x.length()): null

02-12-2024T07:06:35 - [TEST_STEP][PASSED] - i1 = x.indexOf("/") + 1: null

02-12-2024T07:06:35 - [TEST_STEP][PASSED] - if (i1 > -1): null

02-12-2024T07:06:35 - [TEST_STEP][PASSED] - x = x.substring(i1, x.length()): null

02-12-2024T07:06:35 - [TEST_STEP][PASSED] - i1 = x.indexOf("/") + 1: null

02-12-2024T07:06:35 - [TEST_STEP][PASSED] - if (i1 > -1): null

02-12-2024T07:06:35 - [TEST_STEP][PASSED] - x = x.substring(i1, x.length()): null

02-12-2024T07:06:35 - [TEST_STEP][PASSED] - i1 = x.indexOf("/") + 1: null

02-12-2024T07:06:35 - [TEST_STEP][PASSED] - if (i1 > -1): null

02-12-2024T07:06:35 - [TEST_STEP][PASSED] - x = x.substring(i1, x.length()): null

02-12-2024T07:06:35 - [TEST_STEP][PASSED] - i1 = x.indexOf("/") + 1: null

02-12-2024T07:06:35 - [TEST_STEP][PASSED] - if (i1 > -1): null

02-12-2024T07:06:35 - [TEST_STEP][PASSED] - x = x.substring(i1, x.length()): null

02-12-2024T07:06:35 - [TEST_STEP][PASSED] - i1 = x.indexOf("/") + 1: null

02-12-2024T07:06:35 - [TEST_STEP][PASSED] - if (i1 > -1): null

02-12-2024T07:06:35 - [TEST_STEP][PASSED] - x = x.substring(i1, x.length()): null

02-12-2024T07:06:35 - [TEST_STEP][PASSED] - i1 = x.indexOf("/") + 1: null

02-12-2024T07:06:35 - [TEST_STEP][PASSED] - if (i1 > -1): null

02-12-2024T07:06:35 - [TEST_STEP][PASSED] - x = x.substring(i1, x.length()): null

02-12-2024T07:06:35 - [TEST_STEP][PASSED] - i1 = x.indexOf("/") + 1: null

02-12-2024T07:06:35 - [TEST_STEP][PASSED] - if (i1 > -1): null

02-12-2024T07:06:35 - [TEST_STEP][PASSED] - x = x.substring(i1, x.length()): null

02-12-2024T07:06:35 - [TEST_STEP][PASSED] - i1 = x.indexOf("/"): null

02-12-2024T07:06:35 - [TEST_STEP][PASSED] - if (i1 > -1): null

02-12-2024T07:06:35 - [TEST_STEP][PASSED] - println(x): null

02-12-2024T07:06:35 - [TEST_STEP][FAILED] - return x: null

02-12-2024T07:06:35 - [TEST_STEP][PASSED] - println(o1R + "/" + o1B): null

02-12-2024T07:06:35 - [TEST_STEP][PASSED] - if (verifyEqual(PercFactR, PercFactB) == false): Actual object '6.77' and expected object '6.77' are equal

02-12-2024T07:06:35 - [MESSAGE][PASSED] - Actual object '6.77' and expected object '6.77' are equal

02-12-2024T07:06:35 - [TEST_STEP][FAILED] - if (verifyEqual(ugR, ugB) == false): null

02-12-2024T07:06:35 - [MESSAGE][FAILED] - Unable to verify equal between actual object 'Россети Юг (ГК)/нет данных/нет данных/нет данных/нет данных/нет данных/нет данных/нет данных/нет данных/нет данных' and expected object 'Россети Юг (ГК)/9.03/8.58/24803317/22675442/2127876/24059967/21888350/2171617/-0.45' (Root cause: com.kms.katalon.core.exception.StepFailedException: Actual object 'Россети Юг (ГК)/нет данных/нет данных/нет данных/нет данных/нет данных/нет данных/нет данных/нет данных/нет данных' and expected object 'Россети Юг (ГК)/9.03/8.58/24803317/22675442/2127876/24059967/21888350/2171617/-0.45' are not equal
	at com.kms.katalon.core.keyword.builtin.VerifyEqualKeyword$_verifyEqual_closure1.doCall(VerifyEqualKeyword.groovy:58)
	at com.kms.katalon.core.keyword.builtin.VerifyEqualKeyword$_verifyEqual_closure1.call(VerifyEqualKeyword.groovy)
	at com.kms.katalon.core.keyword.internal.KeywordMain.runKeyword(KeywordMain.groovy:75)
	at com.kms.katalon.core.keyword.builtin.VerifyEqualKeyword.verifyEqual(VerifyEqualKeyword.groovy:63)
	at com.kms.katalon.core.keyword.builtin.VerifyEqualKeyword.execute(VerifyEqualKeyword.groovy:44)
	at com.kms.katalon.core.keyword.internal.KeywordExecutor.executeKeywordForPlatform(KeywordExecutor.groovy:74)
	at com.kms.katalon.core.keyword.BuiltinKeywords.verifyEqual(BuiltinKeywords.groovy:146)
	at jdk.internal.reflect.GeneratedMethodAccessor25.invoke(Unknown Source)
	at java.base/jdk.internal.reflect.DelegatingMethodAccessorImpl.invoke(DelegatingMethodAccessorImpl.java:43)
	at Выполнение бизнес-плана сверка дашбордов.run(Выполнение бизнес-плана сверка дашбордов:657)
	at com.kms.katalon.core.main.ScriptEngine.run(ScriptEngine.java:194)
	at com.kms.katalon.core.main.ScriptEngine.runScriptAsRawText(ScriptEngine.java:119)
	at com.kms.katalon.core.main.TestCaseExecutor.runScript(TestCaseExecutor.java:448)
	at com.kms.katalon.core.main.TestCaseExecutor.doExecute(TestCaseExecutor.java:439)
	at com.kms.katalon.core.main.TestCaseExecutor.processExecutionPhase(TestCaseExecutor.java:418)
	at com.kms.katalon.core.main.TestCaseExecutor.accessMainPhase(TestCaseExecutor.java:410)
	at com.kms.katalon.core.main.TestCaseExecutor.execute(TestCaseExecutor.java:285)
	at com.kms.katalon.core.common.CommonExecutor.accessTestCaseMainPhase(CommonExecutor.java:65)
	at com.kms.katalon.core.main.TestSuiteExecutor.accessTestSuiteMainPhase(TestSuiteExecutor.java:150)
	at com.kms.katalon.core.main.TestSuiteExecutor.execute(TestSuiteExecutor.java:106)
	at com.kms.katalon.core.main.TestCaseMain.startTestSuite(TestCaseMain.java:180)
	at TempTestSuite1733111659562.run(TempTestSuite1733111659562.groovy:35)
	at java.base/jdk.internal.reflect.NativeMethodAccessorImpl.invoke0(Native Method)
	at java.base/jdk.internal.reflect.NativeMethodAccessorImpl.invoke(NativeMethodAccessorImpl.java:77)
	at java.base/jdk.internal.reflect.DelegatingMethodAccessorImpl.invoke(DelegatingMethodAccessorImpl.java:43)
)

02-12-2024T07:06:35 - [TEST_STEP][PASSED] - result = CompareDZOData(a = ugR, b = ugB, dZO, typeOfData, PercPlanR, PercPlanB, PercFactR, PercFactB, todaysDate, x, vidget, tabR, tabB, o1R, o1B): null

02-12-2024T07:06:35 - [TEST_STEP][PASSED] - ii2 = <not implemented yet for class: org.codehaus.groovy.ast.expr.EmptyExpression>: null

02-12-2024T07:06:35 - [TEST_STEP][FAILED] - if (verifyEqual(a, b) == false): null

02-12-2024T07:06:35 - [MESSAGE][FAILED] - Unable to verify equal between actual object 'Россети Юг (ГК)/нет данных/нет данных/нет данных/нет данных/нет данных/нет данных/нет данных/нет данных/нет данных' and expected object 'Россети Юг (ГК)/9.03/8.58/24803317/22675442/2127876/24059967/21888350/2171617/-0.45' (Root cause: com.kms.katalon.core.exception.StepFailedException: Actual object 'Россети Юг (ГК)/нет данных/нет данных/нет данных/нет данных/нет данных/нет данных/нет данных/нет данных/нет данных' and expected object 'Россети Юг (ГК)/9.03/8.58/24803317/22675442/2127876/24059967/21888350/2171617/-0.45' are not equal
	at com.kms.katalon.core.keyword.builtin.VerifyEqualKeyword$_verifyEqual_closure1.doCall(VerifyEqualKeyword.groovy:58)
	at com.kms.katalon.core.keyword.builtin.VerifyEqualKeyword$_verifyEqual_closure1.call(VerifyEqualKeyword.groovy)
	at com.kms.katalon.core.keyword.internal.KeywordMain.runKeyword(KeywordMain.groovy:75)
	at com.kms.katalon.core.keyword.builtin.VerifyEqualKeyword.verifyEqual(VerifyEqualKeyword.groovy:63)
	at com.kms.katalon.core.keyword.builtin.VerifyEqualKeyword.execute(VerifyEqualKeyword.groovy:44)
	at com.kms.katalon.core.keyword.internal.KeywordExecutor.executeKeywordForPlatform(KeywordExecutor.groovy:74)
	at com.kms.katalon.core.keyword.BuiltinKeywords.verifyEqual(BuiltinKeywords.groovy:146)
	at jdk.internal.reflect.GeneratedMethodAccessor25.invoke(Unknown Source)
	at java.base/jdk.internal.reflect.DelegatingMethodAccessorImpl.invoke(DelegatingMethodAccessorImpl.java:43)
	at Выполнение бизнес-плана сверка дашбордов.CompareDZOData(Выполнение бизнес-плана сверка дашбордов:673)
	at Выполнение бизнес-плана сверка дашбордов.run(Выполнение бизнес-плана сверка дашбордов:658)
	at com.kms.katalon.core.main.ScriptEngine.run(ScriptEngine.java:194)
	at com.kms.katalon.core.main.ScriptEngine.runScriptAsRawText(ScriptEngine.java:119)
	at com.kms.katalon.core.main.TestCaseExecutor.runScript(TestCaseExecutor.java:448)
	at com.kms.katalon.core.main.TestCaseExecutor.doExecute(TestCaseExecutor.java:439)
	at com.kms.katalon.core.main.TestCaseExecutor.processExecutionPhase(TestCaseExecutor.java:418)
	at com.kms.katalon.core.main.TestCaseExecutor.accessMainPhase(TestCaseExecutor.java:410)
	at com.kms.katalon.core.main.TestCaseExecutor.execute(TestCaseExecutor.java:285)
	at com.kms.katalon.core.common.CommonExecutor.accessTestCaseMainPhase(CommonExecutor.java:65)
	at com.kms.katalon.core.main.TestSuiteExecutor.accessTestSuiteMainPhase(TestSuiteExecutor.java:150)
	at com.kms.katalon.core.main.TestSuiteExecutor.execute(TestSuiteExecutor.java:106)
	at com.kms.katalon.core.main.TestCaseMain.startTestSuite(TestCaseMain.java:180)
	at TempTestSuite1733111659562.run(TempTestSuite1733111659562.groovy:35)
	at java.base/jdk.internal.reflect.NativeMethodAccessorImpl.invoke0(Native Method)
	at java.base/jdk.internal.reflect.NativeMethodAccessorImpl.invoke(NativeMethodAccessorImpl.java:77)
	at java.base/jdk.internal.reflect.DelegatingMethodAccessorImpl.invoke(DelegatingMethodAccessorImpl.java:43)
)

02-12-2024T07:06:35 - [TEST_STEP][PASSED] - vidget = "Уровень потерь электроэнергии": null

02-12-2024T07:06:35 - [TEST_STEP][PASSED] - typeOfData = "План": null

02-12-2024T07:06:35 - [TEST_STEP][PASSED] - PercPlanR = GetPercPlanR(x = a): null

02-12-2024T07:06:35 - [TEST_STEP][PASSED] - i1 = <not implemented yet for class: org.codehaus.groovy.ast.expr.EmptyExpression>: null

02-12-2024T07:06:35 - [TEST_STEP][PASSED] - i1 = x.indexOf("/") + 1: null

02-12-2024T07:06:35 - [TEST_STEP][PASSED] - if (i1 > -1): null

02-12-2024T07:06:35 - [TEST_STEP][PASSED] - x = x.substring(i1, x.length()): null

02-12-2024T07:06:35 - [TEST_STEP][PASSED] - i1 = x.indexOf("/"): null

02-12-2024T07:06:35 - [TEST_STEP][PASSED] - if (i1 > -1): null

02-12-2024T07:06:35 - [TEST_STEP][PASSED] - x = x.substring(0, i1): null

02-12-2024T07:06:35 - [TEST_STEP][PASSED] - return x: null

02-12-2024T07:06:35 - [TEST_STEP][PASSED] - PercPlanB = GetPercPlanB(x = b): null

02-12-2024T07:06:35 - [TEST_STEP][PASSED] - i1 = <not implemented yet for class: org.codehaus.groovy.ast.expr.EmptyExpression>: null

02-12-2024T07:06:35 - [TEST_STEP][PASSED] - i1 = x.indexOf("/") + 1: null

02-12-2024T07:06:35 - [TEST_STEP][PASSED] - if (i1 > -1): null

02-12-2024T07:06:35 - [TEST_STEP][PASSED] - x = x.substring(i1, x.length()): null

02-12-2024T07:06:35 - [TEST_STEP][PASSED] - i1 = x.indexOf("/"): null

02-12-2024T07:06:35 - [TEST_STEP][PASSED] - if (i1 > -1): null

02-12-2024T07:06:35 - [TEST_STEP][PASSED] - x = x.substring(0, i1): null

02-12-2024T07:06:35 - [TEST_STEP][FAILED] - return x: null

02-12-2024T07:06:35 - [TEST_STEP][FAILED] - if (verifyEqual(PercPlanR, PercPlanB) == false): null

02-12-2024T07:06:35 - [MESSAGE][FAILED] - Unable to verify equal between actual object 'нет данных' and expected object '9.03' (Root cause: com.kms.katalon.core.exception.StepFailedException: Actual object 'нет данных' and expected object '9.03' are not equal
	at com.kms.katalon.core.keyword.builtin.VerifyEqualKeyword$_verifyEqual_closure1.doCall(VerifyEqualKeyword.groovy:58)
	at com.kms.katalon.core.keyword.builtin.VerifyEqualKeyword$_verifyEqual_closure1.call(VerifyEqualKeyword.groovy)
	at com.kms.katalon.core.keyword.internal.KeywordMain.runKeyword(KeywordMain.groovy:75)
	at com.kms.katalon.core.keyword.builtin.VerifyEqualKeyword.verifyEqual(VerifyEqualKeyword.groovy:63)
	at com.kms.katalon.core.keyword.builtin.VerifyEqualKeyword.execute(VerifyEqualKeyword.groovy:44)
	at com.kms.katalon.core.keyword.internal.KeywordExecutor.executeKeywordForPlatform(KeywordExecutor.groovy:74)
	at com.kms.katalon.core.keyword.BuiltinKeywords.verifyEqual(BuiltinKeywords.groovy:146)
	at jdk.internal.reflect.GeneratedMethodAccessor25.invoke(Unknown Source)
	at java.base/jdk.internal.reflect.DelegatingMethodAccessorImpl.invoke(DelegatingMethodAccessorImpl.java:43)
	at Выполнение бизнес-плана сверка дашбордов.CompareDZOData(Выполнение бизнес-плана сверка дашбордов:682)
	at Выполнение бизнес-плана сверка дашбордов.run(Выполнение бизнес-плана сверка дашбордов:658)
	at com.kms.katalon.core.main.ScriptEngine.run(ScriptEngine.java:194)
	at com.kms.katalon.core.main.ScriptEngine.runScriptAsRawText(ScriptEngine.java:119)
	at com.kms.katalon.core.main.TestCaseExecutor.runScript(TestCaseExecutor.java:448)
	at com.kms.katalon.core.main.TestCaseExecutor.doExecute(TestCaseExecutor.java:439)
	at com.kms.katalon.core.main.TestCaseExecutor.processExecutionPhase(TestCaseExecutor.java:418)
	at com.kms.katalon.core.main.TestCaseExecutor.accessMainPhase(TestCaseExecutor.java:410)
	at com.kms.katalon.core.main.TestCaseExecutor.execute(TestCaseExecutor.java:285)
	at com.kms.katalon.core.common.CommonExecutor.accessTestCaseMainPhase(CommonExecutor.java:65)
	at com.kms.katalon.core.main.TestSuiteExecutor.accessTestSuiteMainPhase(TestSuiteExecutor.java:150)
	at com.kms.katalon.core.main.TestSuiteExecutor.execute(TestSuiteExecutor.java:106)
	at com.kms.katalon.core.main.TestCaseMain.startTestSuite(TestCaseMain.java:180)
	at TempTestSuite1733111659562.run(TempTestSuite1733111659562.groovy:35)
	at java.base/jdk.internal.reflect.NativeMethodAccessorImpl.invoke0(Native Method)
	at java.base/jdk.internal.reflect.NativeMethodAccessorImpl.invoke(NativeMethodAccessorImpl.java:77)
	at java.base/jdk.internal.reflect.DelegatingMethodAccessorImpl.invoke(DelegatingMethodAccessorImpl.java:43)
)

02-12-2024T07:06:35 - [TEST_STEP][PASSED] - result = WriteToExcel(typeOfData, todaysDate, PercPlanR, PercPlanB, PercFactR, PercFactB, x, tabR, tabB, o1R, o1B, vidget): null

02-12-2024T07:06:35 - [TEST_STEP][PASSED] - iii = dZO.indexOf("/"): null

02-12-2024T07:06:35 - [TEST_STEP][PASSED] - println(iii): null

02-12-2024T07:06:35 - [TEST_STEP][PASSED] - dZO = dZO.substring(0, iii): null

02-12-2024T07:06:35 - [TEST_STEP][PASSED] - println(dZO): null

02-12-2024T07:06:35 - [TEST_STEP][PASSED] - println(PercPlanR): null

02-12-2024T07:06:35 - [TEST_STEP][PASSED] - println(PercPlanB): null

02-12-2024T07:06:35 - [TEST_STEP][PASSED] - println(PercFactR): null

02-12-2024T07:06:35 - [TEST_STEP][PASSED] - println(PercFactB): null

02-12-2024T07:06:35 - [TEST_STEP][PASSED] - println(tabR): null

02-12-2024T07:06:35 - [TEST_STEP][PASSED] - println(tabB): null

02-12-2024T07:06:35 - [TEST_STEP][PASSED] - println(o1R): null

02-12-2024T07:06:35 - [TEST_STEP][PASSED] - println(o1B): null

02-12-2024T07:06:35 - [TEST_STEP][PASSED] - PR = <not implemented yet for class: org.codehaus.groovy.ast.expr.EmptyExpression>: null

02-12-2024T07:06:35 - [TEST_STEP][PASSED] - FR = <not implemented yet for class: org.codehaus.groovy.ast.expr.EmptyExpression>: null

02-12-2024T07:06:35 - [TEST_STEP][PASSED] - PB = <not implemented yet for class: org.codehaus.groovy.ast.expr.EmptyExpression>: null

02-12-2024T07:06:35 - [TEST_STEP][PASSED] - FB = <not implemented yet for class: org.codehaus.groovy.ast.expr.EmptyExpression>: null

02-12-2024T07:06:35 - [TEST_STEP][PASSED] - TR = <not implemented yet for class: org.codehaus.groovy.ast.expr.EmptyExpression>: null

02-12-2024T07:06:35 - [TEST_STEP][PASSED] - TB = <not implemented yet for class: org.codehaus.groovy.ast.expr.EmptyExpression>: null

02-12-2024T07:06:35 - [TEST_STEP][PASSED] - sheetName = "Sheet1": null

02-12-2024T07:06:35 - [TEST_STEP][PASSED] - data = findTestData("PlanFact"): null

02-12-2024T07:06:35 - [TEST_STEP][PASSED] - n = data.getRowNumbers() + 1: null

02-12-2024T07:06:35 - [TEST_STEP][PASSED] - year = todaysDate.substring(todaysDate.length() - 4, todaysDate.length()): null

02-12-2024T07:06:35 - [TEST_STEP][PASSED] - y = year.toInteger(): null

02-12-2024T07:06:35 - [TEST_STEP][PASSED] - m = getText(findTestObject("Выполнение бизнес-плана/Выполнение бизнес-плана Балансы/Фильтр Дата")): Text of object 'Object Repository/Выполнение бизнес-плана/Выполнение бизнес-плана Балансы/Фильтр Дата' is: '1, 2, 3 кв., Октябрь 2024 года'

02-12-2024T07:06:36 - [MESSAGE][PASSED] - Text of object 'Object Repository/Выполнение бизнес-плана/Выполнение бизнес-плана Балансы/Фильтр Дата' is: '1, 2, 3 кв., Октябрь 2024 года'

02-12-2024T07:06:36 - [TEST_STEP][PASSED] - m = m.substring(0, m.indexOf("2024")): null

02-12-2024T07:06:36 - [TEST_STEP][PASSED] - m = m.trim(): null

02-12-2024T07:06:36 - [TEST_STEP][PASSED] - dashboardName = "Выполнение бизнес-плана": null

02-12-2024T07:06:36 - [TEST_STEP][PASSED] - workbook01 = getWorkbook(excelFilePath): null

02-12-2024T07:06:36 - [TEST_STEP][PASSED] - sheet01 = getExcelSheet(workbook01, sheetName): null

02-12-2024T07:06:36 - [TEST_STEP][PASSED] - setValueToCellByIndex(sheet01, n, 0, dashboardName): null

02-12-2024T07:06:36 - [TEST_STEP][PASSED] - setValueToCellByIndex(sheet01, n, 1, dZO): null

02-12-2024T07:06:36 - [TEST_STEP][PASSED] - setValueToCellByIndex(sheet01, n, 2, typeOfData): null

02-12-2024T07:06:36 - [TEST_STEP][PASSED] - setValueToCellByIndex(sheet01, n, 3, typeOfData): null

02-12-2024T07:06:36 - [TEST_STEP][PASSED] - if (typeOfData == "План"): null

02-12-2024T07:06:36 - [TEST_STEP][PASSED] - if (PercPlanR == null): null

02-12-2024T07:06:36 - [TEST_STEP][PASSED] - else: null

02-12-2024T07:06:36 - [TEST_STEP][PASSED] - if (PercPlanR == "нет данных"): null

02-12-2024T07:06:36 - [TEST_STEP][PASSED] - setValueToCellByIndex(sheet01, n, 4, "нет данных"): null

02-12-2024T07:06:36 - [TEST_STEP][PASSED] - if (PercPlanB == null): null

02-12-2024T07:06:36 - [TEST_STEP][PASSED] - else: null

02-12-2024T07:06:36 - [TEST_STEP][PASSED] - if (PercPlanB == "нет данных"): null

02-12-2024T07:06:36 - [TEST_STEP][PASSED] - else: null

02-12-2024T07:06:36 - [TEST_STEP][PASSED] - PB = PercPlanB.toDouble(): null

02-12-2024T07:06:36 - [TEST_STEP][PASSED] - setValueToCellByIndex(sheet01, n, 5, PB): null

02-12-2024T07:06:36 - [TEST_STEP][PASSED] - setValueToCellByIndex(sheet01, n, 6, m): null

02-12-2024T07:06:36 - [TEST_STEP][PASSED] - setValueToCellByIndex(sheet01, n, 7, y): null

02-12-2024T07:06:36 - [TEST_STEP][PASSED] - setValueToCellByIndex(sheet01, n, 8, todaysDate): null

02-12-2024T07:06:36 - [TEST_STEP][PASSED] - n = n + 1: null

02-12-2024T07:06:36 - [TEST_STEP][PASSED] - saveWorkbook(excelFilePath, workbook01): null

02-12-2024T07:06:36 - [TEST_STEP][PASSED] - typeOfData = "Факт": null

02-12-2024T07:06:36 - [TEST_STEP][PASSED] - PercFactR = GetPercFactR(x = a): null

02-12-2024T07:06:36 - [TEST_STEP][PASSED] - i1 = <not implemented yet for class: org.codehaus.groovy.ast.expr.EmptyExpression>: null

02-12-2024T07:06:36 - [TEST_STEP][PASSED] - ii = <not implemented yet for class: org.codehaus.groovy.ast.expr.EmptyExpression>: null

02-12-2024T07:06:36 - [TEST_STEP][PASSED] - for ([ii = 1, ii < 3, (ii++)]): null

02-12-2024T07:06:36 - [TEST_STEP][PASSED] - i1 = x.indexOf("/") + 1: null

02-12-2024T07:06:36 - [TEST_STEP][PASSED] - if (i1 > -1): null

02-12-2024T07:06:36 - [TEST_STEP][PASSED] - x = x.substring(i1, x.length()): null

02-12-2024T07:06:36 - [TEST_STEP][PASSED] - println(x): null

02-12-2024T07:06:36 - [TEST_STEP][PASSED] - i1 = x.indexOf("/") + 1: null

02-12-2024T07:06:36 - [TEST_STEP][PASSED] - if (i1 > -1): null

02-12-2024T07:06:36 - [TEST_STEP][PASSED] - x = x.substring(i1, x.length()): null

02-12-2024T07:06:36 - [TEST_STEP][PASSED] - println(x): null

02-12-2024T07:06:36 - [TEST_STEP][PASSED] - i1 = x.indexOf("/"): null

02-12-2024T07:06:36 - [TEST_STEP][PASSED] - if (i1 > -1): null

02-12-2024T07:06:36 - [TEST_STEP][PASSED] - x = x.substring(0, i1): null

02-12-2024T07:06:36 - [TEST_STEP][PASSED] - println(x): null

02-12-2024T07:06:36 - [TEST_STEP][PASSED] - return x: null

02-12-2024T07:06:36 - [TEST_STEP][PASSED] - PercFactB = GetPercFactB(x = b): null

02-12-2024T07:06:36 - [TEST_STEP][PASSED] - i1 = <not implemented yet for class: org.codehaus.groovy.ast.expr.EmptyExpression>: null

02-12-2024T07:06:36 - [TEST_STEP][PASSED] - ii = <not implemented yet for class: org.codehaus.groovy.ast.expr.EmptyExpression>: null

02-12-2024T07:06:36 - [TEST_STEP][PASSED] - for ([ii = 1, ii < 3, (ii++)]): null

02-12-2024T07:06:36 - [TEST_STEP][PASSED] - i1 = x.indexOf("/") + 1: null

02-12-2024T07:06:36 - [TEST_STEP][PASSED] - if (i1 > -1): null

02-12-2024T07:06:36 - [TEST_STEP][PASSED] - x = x.substring(i1, x.length()): null

02-12-2024T07:06:36 - [TEST_STEP][PASSED] - println(x): null

02-12-2024T07:06:36 - [TEST_STEP][PASSED] - i1 = x.indexOf("/") + 1: null

02-12-2024T07:06:36 - [TEST_STEP][PASSED] - if (i1 > -1): null

02-12-2024T07:06:36 - [TEST_STEP][PASSED] - x = x.substring(i1, x.length()): null

02-12-2024T07:06:36 - [TEST_STEP][PASSED] - println(x): null

02-12-2024T07:06:36 - [TEST_STEP][PASSED] - i1 = x.indexOf("/"): null

02-12-2024T07:06:36 - [TEST_STEP][PASSED] - if (i1 > -1): null

02-12-2024T07:06:36 - [TEST_STEP][PASSED] - x = x.substring(0, i1): null

02-12-2024T07:06:36 - [TEST_STEP][PASSED] - println(x): null

02-12-2024T07:06:36 - [TEST_STEP][FAILED] - return x: null

02-12-2024T07:06:36 - [TEST_STEP][FAILED] - if (verifyEqual(PercFactR, PercFactB) == false): null

02-12-2024T07:06:36 - [MESSAGE][FAILED] - Unable to verify equal between actual object 'нет данных' and expected object '8.58' (Root cause: com.kms.katalon.core.exception.StepFailedException: Actual object 'нет данных' and expected object '8.58' are not equal
	at com.kms.katalon.core.keyword.builtin.VerifyEqualKeyword$_verifyEqual_closure1.doCall(VerifyEqualKeyword.groovy:58)
	at com.kms.katalon.core.keyword.builtin.VerifyEqualKeyword$_verifyEqual_closure1.call(VerifyEqualKeyword.groovy)
	at com.kms.katalon.core.keyword.internal.KeywordMain.runKeyword(KeywordMain.groovy:75)
	at com.kms.katalon.core.keyword.builtin.VerifyEqualKeyword.verifyEqual(VerifyEqualKeyword.groovy:63)
	at com.kms.katalon.core.keyword.builtin.VerifyEqualKeyword.execute(VerifyEqualKeyword.groovy:44)
	at com.kms.katalon.core.keyword.internal.KeywordExecutor.executeKeywordForPlatform(KeywordExecutor.groovy:74)
	at com.kms.katalon.core.keyword.BuiltinKeywords.verifyEqual(BuiltinKeywords.groovy:146)
	at jdk.internal.reflect.GeneratedMethodAccessor25.invoke(Unknown Source)
	at java.base/jdk.internal.reflect.DelegatingMethodAccessorImpl.invoke(DelegatingMethodAccessorImpl.java:43)
	at Выполнение бизнес-плана сверка дашбордов.CompareDZOData(Выполнение бизнес-плана сверка дашбордов:693)
	at Выполнение бизнес-плана сверка дашбордов.run(Выполнение бизнес-плана сверка дашбордов:658)
	at com.kms.katalon.core.main.ScriptEngine.run(ScriptEngine.java:194)
	at com.kms.katalon.core.main.ScriptEngine.runScriptAsRawText(ScriptEngine.java:119)
	at com.kms.katalon.core.main.TestCaseExecutor.runScript(TestCaseExecutor.java:448)
	at com.kms.katalon.core.main.TestCaseExecutor.doExecute(TestCaseExecutor.java:439)
	at com.kms.katalon.core.main.TestCaseExecutor.processExecutionPhase(TestCaseExecutor.java:418)
	at com.kms.katalon.core.main.TestCaseExecutor.accessMainPhase(TestCaseExecutor.java:410)
	at com.kms.katalon.core.main.TestCaseExecutor.execute(TestCaseExecutor.java:285)
	at com.kms.katalon.core.common.CommonExecutor.accessTestCaseMainPhase(CommonExecutor.java:65)
	at com.kms.katalon.core.main.TestSuiteExecutor.accessTestSuiteMainPhase(TestSuiteExecutor.java:150)
	at com.kms.katalon.core.main.TestSuiteExecutor.execute(TestSuiteExecutor.java:106)
	at com.kms.katalon.core.main.TestCaseMain.startTestSuite(TestCaseMain.java:180)
	at TempTestSuite1733111659562.run(TempTestSuite1733111659562.groovy:35)
	at java.base/jdk.internal.reflect.NativeMethodAccessorImpl.invoke0(Native Method)
	at java.base/jdk.internal.reflect.NativeMethodAccessorImpl.invoke(NativeMethodAccessorImpl.java:77)
	at java.base/jdk.internal.reflect.DelegatingMethodAccessorImpl.invoke(DelegatingMethodAccessorImpl.java:43)
)

02-12-2024T07:06:36 - [TEST_STEP][PASSED] - result = WriteToExcel(typeOfData, todaysDate, PercPlanR, PercPlanB, PercFactR, PercFactB, x, tabR, tabB, o1R, o1B, vidget): null

02-12-2024T07:06:36 - [TEST_STEP][PASSED] - iii = dZO.indexOf("/"): null

02-12-2024T07:06:36 - [TEST_STEP][PASSED] - println(iii): null

02-12-2024T07:06:36 - [TEST_STEP][PASSED] - dZO = dZO.substring(0, iii): null

02-12-2024T07:06:36 - [TEST_STEP][PASSED] - println(dZO): null

02-12-2024T07:06:36 - [TEST_STEP][PASSED] - println(PercPlanR): null

02-12-2024T07:06:36 - [TEST_STEP][PASSED] - println(PercPlanB): null

02-12-2024T07:06:36 - [TEST_STEP][PASSED] - println(PercFactR): null

02-12-2024T07:06:36 - [TEST_STEP][PASSED] - println(PercFactB): null

02-12-2024T07:06:36 - [TEST_STEP][PASSED] - println(tabR): null

02-12-2024T07:06:36 - [TEST_STEP][PASSED] - println(tabB): null

02-12-2024T07:06:36 - [TEST_STEP][PASSED] - println(o1R): null

02-12-2024T07:06:36 - [TEST_STEP][PASSED] - println(o1B): null

02-12-2024T07:06:36 - [TEST_STEP][PASSED] - PR = <not implemented yet for class: org.codehaus.groovy.ast.expr.EmptyExpression>: null

02-12-2024T07:06:36 - [TEST_STEP][PASSED] - FR = <not implemented yet for class: org.codehaus.groovy.ast.expr.EmptyExpression>: null

02-12-2024T07:06:36 - [TEST_STEP][PASSED] - PB = <not implemented yet for class: org.codehaus.groovy.ast.expr.EmptyExpression>: null

02-12-2024T07:06:36 - [TEST_STEP][PASSED] - FB = <not implemented yet for class: org.codehaus.groovy.ast.expr.EmptyExpression>: null

02-12-2024T07:06:36 - [TEST_STEP][PASSED] - TR = <not implemented yet for class: org.codehaus.groovy.ast.expr.EmptyExpression>: null

02-12-2024T07:06:36 - [TEST_STEP][PASSED] - TB = <not implemented yet for class: org.codehaus.groovy.ast.expr.EmptyExpression>: null

02-12-2024T07:06:36 - [TEST_STEP][PASSED] - sheetName = "Sheet1": null

02-12-2024T07:06:36 - [TEST_STEP][PASSED] - data = findTestData("PlanFact"): null

02-12-2024T07:06:36 - [TEST_STEP][PASSED] - n = data.getRowNumbers() + 1: null

02-12-2024T07:06:36 - [TEST_STEP][PASSED] - year = todaysDate.substring(todaysDate.length() - 4, todaysDate.length()): null

02-12-2024T07:06:36 - [TEST_STEP][PASSED] - y = year.toInteger(): null

02-12-2024T07:06:36 - [TEST_STEP][PASSED] - m = getText(findTestObject("Выполнение бизнес-плана/Выполнение бизнес-плана Балансы/Фильтр Дата")): Text of object 'Object Repository/Выполнение бизнес-плана/Выполнение бизнес-плана Балансы/Фильтр Дата' is: '1, 2, 3 кв., Октябрь 2024 года'

02-12-2024T07:06:36 - [MESSAGE][PASSED] - Text of object 'Object Repository/Выполнение бизнес-плана/Выполнение бизнес-плана Балансы/Фильтр Дата' is: '1, 2, 3 кв., Октябрь 2024 года'

02-12-2024T07:06:36 - [TEST_STEP][PASSED] - m = m.substring(0, m.indexOf("2024")): null

02-12-2024T07:06:36 - [TEST_STEP][PASSED] - m = m.trim(): null

02-12-2024T07:06:36 - [TEST_STEP][PASSED] - dashboardName = "Выполнение бизнес-плана": null

02-12-2024T07:06:36 - [TEST_STEP][PASSED] - workbook01 = getWorkbook(excelFilePath): null

02-12-2024T07:06:36 - [TEST_STEP][PASSED] - sheet01 = getExcelSheet(workbook01, sheetName): null

02-12-2024T07:06:36 - [TEST_STEP][PASSED] - setValueToCellByIndex(sheet01, n, 0, dashboardName): null

02-12-2024T07:06:36 - [TEST_STEP][PASSED] - setValueToCellByIndex(sheet01, n, 1, dZO): null

02-12-2024T07:06:36 - [TEST_STEP][PASSED] - setValueToCellByIndex(sheet01, n, 2, typeOfData): null

02-12-2024T07:06:36 - [TEST_STEP][PASSED] - setValueToCellByIndex(sheet01, n, 3, typeOfData): null

02-12-2024T07:06:36 - [TEST_STEP][PASSED] - if (typeOfData == "План"): null

02-12-2024T07:06:36 - [TEST_STEP][PASSED] - else if (typeOfData == "Факт"): null

02-12-2024T07:06:36 - [TEST_STEP][PASSED] - if (PercFactR == null): null

02-12-2024T07:06:36 - [TEST_STEP][PASSED] - else: null

02-12-2024T07:06:36 - [TEST_STEP][PASSED] - if (PercFactR == "нет данных"): null

02-12-2024T07:06:36 - [TEST_STEP][PASSED] - setValueToCellByIndex(sheet01, n, 4, "нет данных"): null

02-12-2024T07:06:36 - [TEST_STEP][PASSED] - if (PercFactB == null): null

02-12-2024T07:06:36 - [TEST_STEP][PASSED] - else: null

02-12-2024T07:06:36 - [TEST_STEP][PASSED] - if (PercFactB == "нет данных"): null

02-12-2024T07:06:36 - [TEST_STEP][PASSED] - else: null

02-12-2024T07:06:36 - [TEST_STEP][PASSED] - FB = PercFactB.toDouble(): null

02-12-2024T07:06:36 - [TEST_STEP][PASSED] - setValueToCellByIndex(sheet01, n, 5, FB): null

02-12-2024T07:06:36 - [TEST_STEP][PASSED] - setValueToCellByIndex(sheet01, n, 6, m): null

02-12-2024T07:06:36 - [TEST_STEP][PASSED] - setValueToCellByIndex(sheet01, n, 7, y): null

02-12-2024T07:06:36 - [TEST_STEP][PASSED] - setValueToCellByIndex(sheet01, n, 8, todaysDate): null

02-12-2024T07:06:36 - [TEST_STEP][PASSED] - n = n + 1: null

02-12-2024T07:06:36 - [TEST_STEP][PASSED] - saveWorkbook(excelFilePath, workbook01): null

02-12-2024T07:06:37 - [TEST_STEP][PASSED] - vidget = "Показатели баланса электроэнергии по ДЗО – Факт": null

02-12-2024T07:06:37 - [TEST_STEP][PASSED] - typeOfData = "Факт Отпуск в сеть": null

02-12-2024T07:06:37 - [TEST_STEP][PASSED] - tabR = GetOvSFactR(x = a): null

02-12-2024T07:06:37 - [TEST_STEP][PASSED] - i1 = <not implemented yet for class: org.codehaus.groovy.ast.expr.EmptyExpression>: null

02-12-2024T07:06:37 - [TEST_STEP][PASSED] - ii = <not implemented yet for class: org.codehaus.groovy.ast.expr.EmptyExpression>: null

02-12-2024T07:06:37 - [TEST_STEP][PASSED] - for ([ii = 1, ii < 4, (ii++)]): null

02-12-2024T07:06:37 - [TEST_STEP][PASSED] - i1 = x.indexOf("/") + 1: null

02-12-2024T07:06:37 - [TEST_STEP][PASSED] - if (i1 > -1): null

02-12-2024T07:06:37 - [TEST_STEP][PASSED] - x = x.substring(i1, x.length()): null

02-12-2024T07:06:37 - [TEST_STEP][PASSED] - println(x): null

02-12-2024T07:06:37 - [TEST_STEP][PASSED] - i1 = x.indexOf("/") + 1: null

02-12-2024T07:06:37 - [TEST_STEP][PASSED] - if (i1 > -1): null

02-12-2024T07:06:37 - [TEST_STEP][PASSED] - x = x.substring(i1, x.length()): null

02-12-2024T07:06:37 - [TEST_STEP][PASSED] - println(x): null

02-12-2024T07:06:37 - [TEST_STEP][PASSED] - i1 = x.indexOf("/") + 1: null

02-12-2024T07:06:37 - [TEST_STEP][PASSED] - if (i1 > -1): null

02-12-2024T07:06:37 - [TEST_STEP][PASSED] - x = x.substring(i1, x.length()): null

02-12-2024T07:06:37 - [TEST_STEP][PASSED] - println(x): null

02-12-2024T07:06:37 - [TEST_STEP][PASSED] - i1 = x.indexOf("/"): null

02-12-2024T07:06:37 - [TEST_STEP][PASSED] - if (i1 > -1): null

02-12-2024T07:06:37 - [TEST_STEP][PASSED] - x = x.substring(0, i1): null

02-12-2024T07:06:37 - [TEST_STEP][PASSED] - println(x): null

02-12-2024T07:06:37 - [TEST_STEP][PASSED] - return x: null

02-12-2024T07:06:37 - [TEST_STEP][PASSED] - tabB = GetOvSFactB(x = b): null

02-12-2024T07:06:37 - [TEST_STEP][PASSED] - i1 = <not implemented yet for class: org.codehaus.groovy.ast.expr.EmptyExpression>: null

02-12-2024T07:06:37 - [TEST_STEP][PASSED] - ii = <not implemented yet for class: org.codehaus.groovy.ast.expr.EmptyExpression>: null

02-12-2024T07:06:37 - [TEST_STEP][PASSED] - for ([ii = 1, ii < 4, (ii++)]): null

02-12-2024T07:06:37 - [TEST_STEP][PASSED] - i1 = x.indexOf("/") + 1: null

02-12-2024T07:06:37 - [TEST_STEP][PASSED] - if (i1 > -1): null

02-12-2024T07:06:37 - [TEST_STEP][PASSED] - x = x.substring(i1, x.length()): null

02-12-2024T07:06:37 - [TEST_STEP][PASSED] - println(x): null

02-12-2024T07:06:37 - [TEST_STEP][PASSED] - i1 = x.indexOf("/") + 1: null

02-12-2024T07:06:37 - [TEST_STEP][PASSED] - if (i1 > -1): null

02-12-2024T07:06:37 - [TEST_STEP][PASSED] - x = x.substring(i1, x.length()): null

02-12-2024T07:06:37 - [TEST_STEP][PASSED] - println(x): null

02-12-2024T07:06:37 - [TEST_STEP][PASSED] - i1 = x.indexOf("/") + 1: null

02-12-2024T07:06:37 - [TEST_STEP][PASSED] - if (i1 > -1): null

02-12-2024T07:06:37 - [TEST_STEP][PASSED] - x = x.substring(i1, x.length()): null

02-12-2024T07:06:37 - [TEST_STEP][PASSED] - println(x): null

02-12-2024T07:06:37 - [TEST_STEP][PASSED] - i1 = x.indexOf("/"): null

02-12-2024T07:06:37 - [TEST_STEP][PASSED] - if (i1 > -1): null

02-12-2024T07:06:37 - [TEST_STEP][PASSED] - x = x.substring(0, i1): null

02-12-2024T07:06:37 - [TEST_STEP][PASSED] - println(x): null

02-12-2024T07:06:37 - [TEST_STEP][FAILED] - return x: null

02-12-2024T07:06:37 - [TEST_STEP][FAILED] - if (verifyEqual(tabR, tabB) == false): null

02-12-2024T07:06:37 - [MESSAGE][FAILED] - Unable to verify equal between actual object 'нет данных' and expected object '24803317' (Root cause: com.kms.katalon.core.exception.StepFailedException: Actual object 'нет данных' and expected object '24803317' are not equal
	at com.kms.katalon.core.keyword.builtin.VerifyEqualKeyword$_verifyEqual_closure1.doCall(VerifyEqualKeyword.groovy:58)
	at com.kms.katalon.core.keyword.builtin.VerifyEqualKeyword$_verifyEqual_closure1.call(VerifyEqualKeyword.groovy)
	at com.kms.katalon.core.keyword.internal.KeywordMain.runKeyword(KeywordMain.groovy:75)
	at com.kms.katalon.core.keyword.builtin.VerifyEqualKeyword.verifyEqual(VerifyEqualKeyword.groovy:63)
	at com.kms.katalon.core.keyword.builtin.VerifyEqualKeyword.execute(VerifyEqualKeyword.groovy:44)
	at com.kms.katalon.core.keyword.internal.KeywordExecutor.executeKeywordForPlatform(KeywordExecutor.groovy:74)
	at com.kms.katalon.core.keyword.BuiltinKeywords.verifyEqual(BuiltinKeywords.groovy:146)
	at jdk.internal.reflect.GeneratedMethodAccessor25.invoke(Unknown Source)
	at java.base/jdk.internal.reflect.DelegatingMethodAccessorImpl.invoke(DelegatingMethodAccessorImpl.java:43)
	at Выполнение бизнес-плана сверка дашбордов.CompareDZOData(Выполнение бизнес-плана сверка дашбордов:706)
	at Выполнение бизнес-плана сверка дашбордов.run(Выполнение бизнес-плана сверка дашбордов:658)
	at com.kms.katalon.core.main.ScriptEngine.run(ScriptEngine.java:194)
	at com.kms.katalon.core.main.ScriptEngine.runScriptAsRawText(ScriptEngine.java:119)
	at com.kms.katalon.core.main.TestCaseExecutor.runScript(TestCaseExecutor.java:448)
	at com.kms.katalon.core.main.TestCaseExecutor.doExecute(TestCaseExecutor.java:439)
	at com.kms.katalon.core.main.TestCaseExecutor.processExecutionPhase(TestCaseExecutor.java:418)
	at com.kms.katalon.core.main.TestCaseExecutor.accessMainPhase(TestCaseExecutor.java:410)
	at com.kms.katalon.core.main.TestCaseExecutor.execute(TestCaseExecutor.java:285)
	at com.kms.katalon.core.common.CommonExecutor.accessTestCaseMainPhase(CommonExecutor.java:65)
	at com.kms.katalon.core.main.TestSuiteExecutor.accessTestSuiteMainPhase(TestSuiteExecutor.java:150)
	at com.kms.katalon.core.main.TestSuiteExecutor.execute(TestSuiteExecutor.java:106)
	at com.kms.katalon.core.main.TestCaseMain.startTestSuite(TestCaseMain.java:180)
	at TempTestSuite1733111659562.run(TempTestSuite1733111659562.groovy:35)
	at java.base/jdk.internal.reflect.NativeMethodAccessorImpl.invoke0(Native Method)
	at java.base/jdk.internal.reflect.NativeMethodAccessorImpl.invoke(NativeMethodAccessorImpl.java:77)
	at java.base/jdk.internal.reflect.DelegatingMethodAccessorImpl.invoke(DelegatingMethodAccessorImpl.java:43)
)

02-12-2024T07:06:37 - [TEST_STEP][PASSED] - result = WriteToExcel(typeOfData, todaysDate, PercPlanR, PercPlanB, PercFactR, PercFactB, x, tabR, tabB, o1R, o1B, vidget): null

02-12-2024T07:06:37 - [TEST_STEP][PASSED] - iii = dZO.indexOf("/"): null

02-12-2024T07:06:37 - [TEST_STEP][PASSED] - println(iii): null

02-12-2024T07:06:37 - [TEST_STEP][PASSED] - dZO = dZO.substring(0, iii): null

02-12-2024T07:06:37 - [TEST_STEP][PASSED] - println(dZO): null

02-12-2024T07:06:37 - [TEST_STEP][PASSED] - println(PercPlanR): null

02-12-2024T07:06:37 - [TEST_STEP][PASSED] - println(PercPlanB): null

02-12-2024T07:06:37 - [TEST_STEP][PASSED] - println(PercFactR): null

02-12-2024T07:06:37 - [TEST_STEP][PASSED] - println(PercFactB): null

02-12-2024T07:06:37 - [TEST_STEP][PASSED] - println(tabR): null

02-12-2024T07:06:37 - [TEST_STEP][PASSED] - println(tabB): null

02-12-2024T07:06:37 - [TEST_STEP][PASSED] - println(o1R): null

02-12-2024T07:06:37 - [TEST_STEP][PASSED] - println(o1B): null

02-12-2024T07:06:37 - [TEST_STEP][PASSED] - PR = <not implemented yet for class: org.codehaus.groovy.ast.expr.EmptyExpression>: null

02-12-2024T07:06:37 - [TEST_STEP][PASSED] - FR = <not implemented yet for class: org.codehaus.groovy.ast.expr.EmptyExpression>: null

02-12-2024T07:06:37 - [TEST_STEP][PASSED] - PB = <not implemented yet for class: org.codehaus.groovy.ast.expr.EmptyExpression>: null

02-12-2024T07:06:37 - [TEST_STEP][PASSED] - FB = <not implemented yet for class: org.codehaus.groovy.ast.expr.EmptyExpression>: null

02-12-2024T07:06:37 - [TEST_STEP][PASSED] - TR = <not implemented yet for class: org.codehaus.groovy.ast.expr.EmptyExpression>: null

02-12-2024T07:06:37 - [TEST_STEP][PASSED] - TB = <not implemented yet for class: org.codehaus.groovy.ast.expr.EmptyExpression>: null

02-12-2024T07:06:37 - [TEST_STEP][PASSED] - sheetName = "Sheet1": null

02-12-2024T07:06:37 - [TEST_STEP][PASSED] - data = findTestData("PlanFact"): null

02-12-2024T07:06:37 - [TEST_STEP][PASSED] - n = data.getRowNumbers() + 1: null

02-12-2024T07:06:37 - [TEST_STEP][PASSED] - year = todaysDate.substring(todaysDate.length() - 4, todaysDate.length()): null

02-12-2024T07:06:37 - [TEST_STEP][PASSED] - y = year.toInteger(): null

02-12-2024T07:06:37 - [TEST_STEP][PASSED] - m = getText(findTestObject("Выполнение бизнес-плана/Выполнение бизнес-плана Балансы/Фильтр Дата")): Text of object 'Object Repository/Выполнение бизнес-плана/Выполнение бизнес-плана Балансы/Фильтр Дата' is: '1, 2, 3 кв., Октябрь 2024 года'

02-12-2024T07:06:37 - [MESSAGE][PASSED] - Text of object 'Object Repository/Выполнение бизнес-плана/Выполнение бизнес-плана Балансы/Фильтр Дата' is: '1, 2, 3 кв., Октябрь 2024 года'

02-12-2024T07:06:37 - [TEST_STEP][PASSED] - m = m.substring(0, m.indexOf("2024")): null

02-12-2024T07:06:37 - [TEST_STEP][PASSED] - m = m.trim(): null

02-12-2024T07:06:37 - [TEST_STEP][PASSED] - dashboardName = "Выполнение бизнес-плана": null

02-12-2024T07:06:37 - [TEST_STEP][PASSED] - workbook01 = getWorkbook(excelFilePath): null

02-12-2024T07:06:37 - [TEST_STEP][PASSED] - sheet01 = getExcelSheet(workbook01, sheetName): null

02-12-2024T07:06:37 - [TEST_STEP][PASSED] - setValueToCellByIndex(sheet01, n, 0, dashboardName): null

02-12-2024T07:06:37 - [TEST_STEP][PASSED] - setValueToCellByIndex(sheet01, n, 1, dZO): null

02-12-2024T07:06:37 - [TEST_STEP][PASSED] - setValueToCellByIndex(sheet01, n, 2, typeOfData): null

02-12-2024T07:06:37 - [TEST_STEP][PASSED] - setValueToCellByIndex(sheet01, n, 3, typeOfData): null

02-12-2024T07:06:37 - [TEST_STEP][PASSED] - if (typeOfData == "План"): null

02-12-2024T07:06:37 - [TEST_STEP][PASSED] - else if (typeOfData == "Факт"): null

02-12-2024T07:06:37 - [TEST_STEP][PASSED] - else if (vidget.contains("электроэнергии") == true): null

02-12-2024T07:06:37 - [TEST_STEP][PASSED] - if (tabR == null): null

02-12-2024T07:06:37 - [TEST_STEP][PASSED] - else: null

02-12-2024T07:06:37 - [TEST_STEP][PASSED] - if (tabR == "нет данных"): null

02-12-2024T07:06:37 - [TEST_STEP][PASSED] - setValueToCellByIndex(sheet01, n, 4, "нет данных"): null

02-12-2024T07:06:37 - [TEST_STEP][PASSED] - if (tabB == null): null

02-12-2024T07:06:37 - [TEST_STEP][PASSED] - else: null

02-12-2024T07:06:37 - [TEST_STEP][PASSED] - if (tabB == "нет данных"): null

02-12-2024T07:06:37 - [TEST_STEP][PASSED] - else: null

02-12-2024T07:06:37 - [TEST_STEP][PASSED] - TB = tabB.toInteger(): null

02-12-2024T07:06:37 - [TEST_STEP][PASSED] - setValueToCellByIndex(sheet01, n, 5, TB): null

02-12-2024T07:06:37 - [TEST_STEP][PASSED] - setValueToCellByIndex(sheet01, n, 6, m): null

02-12-2024T07:06:37 - [TEST_STEP][PASSED] - setValueToCellByIndex(sheet01, n, 7, y): null

02-12-2024T07:06:37 - [TEST_STEP][PASSED] - setValueToCellByIndex(sheet01, n, 8, todaysDate): null

02-12-2024T07:06:37 - [TEST_STEP][PASSED] - n = n + 1: null

02-12-2024T07:06:37 - [TEST_STEP][PASSED] - saveWorkbook(excelFilePath, workbook01): null

02-12-2024T07:06:37 - [TEST_STEP][PASSED] - typeOfData = "Факт Отпуск из сети": null

02-12-2024T07:06:37 - [TEST_STEP][PASSED] - tabR = GetOiSFactR(x = a): null

02-12-2024T07:06:37 - [TEST_STEP][PASSED] - i1 = <not implemented yet for class: org.codehaus.groovy.ast.expr.EmptyExpression>: null

02-12-2024T07:06:37 - [TEST_STEP][PASSED] - ii = <not implemented yet for class: org.codehaus.groovy.ast.expr.EmptyExpression>: null

02-12-2024T07:06:37 - [TEST_STEP][PASSED] - for ([ii = 1, ii < 5, (ii++)]): null

02-12-2024T07:06:37 - [TEST_STEP][PASSED] - i1 = x.indexOf("/") + 1: null

02-12-2024T07:06:37 - [TEST_STEP][PASSED] - if (i1 > -1): null

02-12-2024T07:06:37 - [TEST_STEP][PASSED] - x = x.substring(i1, x.length()): null

02-12-2024T07:06:37 - [TEST_STEP][PASSED] - println(x): null

02-12-2024T07:06:37 - [TEST_STEP][PASSED] - i1 = x.indexOf("/") + 1: null

02-12-2024T07:06:37 - [TEST_STEP][PASSED] - if (i1 > -1): null

02-12-2024T07:06:37 - [TEST_STEP][PASSED] - x = x.substring(i1, x.length()): null

02-12-2024T07:06:37 - [TEST_STEP][PASSED] - println(x): null

02-12-2024T07:06:37 - [TEST_STEP][PASSED] - i1 = x.indexOf("/") + 1: null

02-12-2024T07:06:37 - [TEST_STEP][PASSED] - if (i1 > -1): null

02-12-2024T07:06:37 - [TEST_STEP][PASSED] - x = x.substring(i1, x.length()): null

02-12-2024T07:06:37 - [TEST_STEP][PASSED] - println(x): null

02-12-2024T07:06:37 - [TEST_STEP][PASSED] - i1 = x.indexOf("/") + 1: null

02-12-2024T07:06:37 - [TEST_STEP][PASSED] - if (i1 > -1): null

02-12-2024T07:06:37 - [TEST_STEP][PASSED] - x = x.substring(i1, x.length()): null

02-12-2024T07:06:37 - [TEST_STEP][PASSED] - println(x): null

02-12-2024T07:06:37 - [TEST_STEP][PASSED] - i1 = x.indexOf("/"): null

02-12-2024T07:06:37 - [TEST_STEP][PASSED] - if (i1 > -1): null

02-12-2024T07:06:37 - [TEST_STEP][PASSED] - x = x.substring(0, i1): null

02-12-2024T07:06:37 - [TEST_STEP][PASSED] - println(x): null

02-12-2024T07:06:37 - [TEST_STEP][PASSED] - return x: null

02-12-2024T07:06:37 - [TEST_STEP][PASSED] - tabB = GetOiSFactB(x = b): null

02-12-2024T07:06:37 - [TEST_STEP][PASSED] - i1 = <not implemented yet for class: org.codehaus.groovy.ast.expr.EmptyExpression>: null

02-12-2024T07:06:37 - [TEST_STEP][PASSED] - ii = <not implemented yet for class: org.codehaus.groovy.ast.expr.EmptyExpression>: null

02-12-2024T07:06:37 - [TEST_STEP][PASSED] - for ([ii = 1, ii < 5, (ii++)]): null

02-12-2024T07:06:37 - [TEST_STEP][PASSED] - i1 = x.indexOf("/") + 1: null

02-12-2024T07:06:37 - [TEST_STEP][PASSED] - if (i1 > -1): null

02-12-2024T07:06:37 - [TEST_STEP][PASSED] - x = x.substring(i1, x.length()): null

02-12-2024T07:06:37 - [TEST_STEP][PASSED] - println(x): null

02-12-2024T07:06:37 - [TEST_STEP][PASSED] - i1 = x.indexOf("/") + 1: null

02-12-2024T07:06:37 - [TEST_STEP][PASSED] - if (i1 > -1): null

02-12-2024T07:06:37 - [TEST_STEP][PASSED] - x = x.substring(i1, x.length()): null

02-12-2024T07:06:37 - [TEST_STEP][PASSED] - println(x): null

02-12-2024T07:06:37 - [TEST_STEP][PASSED] - i1 = x.indexOf("/") + 1: null

02-12-2024T07:06:37 - [TEST_STEP][PASSED] - if (i1 > -1): null

02-12-2024T07:06:37 - [TEST_STEP][PASSED] - x = x.substring(i1, x.length()): null

02-12-2024T07:06:37 - [TEST_STEP][PASSED] - println(x): null

02-12-2024T07:06:37 - [TEST_STEP][PASSED] - i1 = x.indexOf("/") + 1: null

02-12-2024T07:06:37 - [TEST_STEP][PASSED] - if (i1 > -1): null

02-12-2024T07:06:37 - [TEST_STEP][PASSED] - x = x.substring(i1, x.length()): null

02-12-2024T07:06:37 - [TEST_STEP][PASSED] - println(x): null

02-12-2024T07:06:37 - [TEST_STEP][PASSED] - i1 = x.indexOf("/"): null

02-12-2024T07:06:37 - [TEST_STEP][PASSED] - if (i1 > -1): null

02-12-2024T07:06:37 - [TEST_STEP][PASSED] - x = x.substring(0, i1): null

02-12-2024T07:06:37 - [TEST_STEP][PASSED] - println(x): null

02-12-2024T07:06:37 - [TEST_STEP][FAILED] - return x: null

02-12-2024T07:06:37 - [TEST_STEP][FAILED] - if (verifyEqual(tabR, tabB) == false): null

02-12-2024T07:06:37 - [MESSAGE][FAILED] - Unable to verify equal between actual object 'нет данных' and expected object '22675442' (Root cause: com.kms.katalon.core.exception.StepFailedException: Actual object 'нет данных' and expected object '22675442' are not equal
	at com.kms.katalon.core.keyword.builtin.VerifyEqualKeyword$_verifyEqual_closure1.doCall(VerifyEqualKeyword.groovy:58)
	at com.kms.katalon.core.keyword.builtin.VerifyEqualKeyword$_verifyEqual_closure1.call(VerifyEqualKeyword.groovy)
	at com.kms.katalon.core.keyword.internal.KeywordMain.runKeyword(KeywordMain.groovy:75)
	at com.kms.katalon.core.keyword.builtin.VerifyEqualKeyword.verifyEqual(VerifyEqualKeyword.groovy:63)
	at com.kms.katalon.core.keyword.builtin.VerifyEqualKeyword.execute(VerifyEqualKeyword.groovy:44)
	at com.kms.katalon.core.keyword.internal.KeywordExecutor.executeKeywordForPlatform(KeywordExecutor.groovy:74)
	at com.kms.katalon.core.keyword.BuiltinKeywords.verifyEqual(BuiltinKeywords.groovy:146)
	at jdk.internal.reflect.GeneratedMethodAccessor25.invoke(Unknown Source)
	at java.base/jdk.internal.reflect.DelegatingMethodAccessorImpl.invoke(DelegatingMethodAccessorImpl.java:43)
	at Выполнение бизнес-плана сверка дашбордов.CompareDZOData(Выполнение бизнес-плана сверка дашбордов:717)
	at Выполнение бизнес-плана сверка дашбордов.run(Выполнение бизнес-плана сверка дашбордов:658)
	at com.kms.katalon.core.main.ScriptEngine.run(ScriptEngine.java:194)
	at com.kms.katalon.core.main.ScriptEngine.runScriptAsRawText(ScriptEngine.java:119)
	at com.kms.katalon.core.main.TestCaseExecutor.runScript(TestCaseExecutor.java:448)
	at com.kms.katalon.core.main.TestCaseExecutor.doExecute(TestCaseExecutor.java:439)
	at com.kms.katalon.core.main.TestCaseExecutor.processExecutionPhase(TestCaseExecutor.java:418)
	at com.kms.katalon.core.main.TestCaseExecutor.accessMainPhase(TestCaseExecutor.java:410)
	at com.kms.katalon.core.main.TestCaseExecutor.execute(TestCaseExecutor.java:285)
	at com.kms.katalon.core.common.CommonExecutor.accessTestCaseMainPhase(CommonExecutor.java:65)
	at com.kms.katalon.core.main.TestSuiteExecutor.accessTestSuiteMainPhase(TestSuiteExecutor.java:150)
	at com.kms.katalon.core.main.TestSuiteExecutor.execute(TestSuiteExecutor.java:106)
	at com.kms.katalon.core.main.TestCaseMain.startTestSuite(TestCaseMain.java:180)
	at TempTestSuite1733111659562.run(TempTestSuite1733111659562.groovy:35)
	at java.base/jdk.internal.reflect.NativeMethodAccessorImpl.invoke0(Native Method)
	at java.base/jdk.internal.reflect.NativeMethodAccessorImpl.invoke(NativeMethodAccessorImpl.java:77)
	at java.base/jdk.internal.reflect.DelegatingMethodAccessorImpl.invoke(DelegatingMethodAccessorImpl.java:43)
)

02-12-2024T07:06:37 - [TEST_STEP][PASSED] - result = WriteToExcel(typeOfData, todaysDate, PercPlanR, PercPlanB, PercFactR, PercFactB, x, tabR, tabB, o1R, o1B, vidget): null

02-12-2024T07:06:37 - [TEST_STEP][PASSED] - iii = dZO.indexOf("/"): null

02-12-2024T07:06:37 - [TEST_STEP][PASSED] - println(iii): null

02-12-2024T07:06:37 - [TEST_STEP][PASSED] - dZO = dZO.substring(0, iii): null

02-12-2024T07:06:37 - [TEST_STEP][PASSED] - println(dZO): null

02-12-2024T07:06:37 - [TEST_STEP][PASSED] - println(PercPlanR): null

02-12-2024T07:06:37 - [TEST_STEP][PASSED] - println(PercPlanB): null

02-12-2024T07:06:37 - [TEST_STEP][PASSED] - println(PercFactR): null

02-12-2024T07:06:37 - [TEST_STEP][PASSED] - println(PercFactB): null

02-12-2024T07:06:37 - [TEST_STEP][PASSED] - println(tabR): null

02-12-2024T07:06:37 - [TEST_STEP][PASSED] - println(tabB): null

02-12-2024T07:06:37 - [TEST_STEP][PASSED] - println(o1R): null

02-12-2024T07:06:37 - [TEST_STEP][PASSED] - println(o1B): null

02-12-2024T07:06:37 - [TEST_STEP][PASSED] - PR = <not implemented yet for class: org.codehaus.groovy.ast.expr.EmptyExpression>: null

02-12-2024T07:06:37 - [TEST_STEP][PASSED] - FR = <not implemented yet for class: org.codehaus.groovy.ast.expr.EmptyExpression>: null

02-12-2024T07:06:37 - [TEST_STEP][PASSED] - PB = <not implemented yet for class: org.codehaus.groovy.ast.expr.EmptyExpression>: null

02-12-2024T07:06:37 - [TEST_STEP][PASSED] - FB = <not implemented yet for class: org.codehaus.groovy.ast.expr.EmptyExpression>: null

02-12-2024T07:06:37 - [TEST_STEP][PASSED] - TR = <not implemented yet for class: org.codehaus.groovy.ast.expr.EmptyExpression>: null

02-12-2024T07:06:37 - [TEST_STEP][PASSED] - TB = <not implemented yet for class: org.codehaus.groovy.ast.expr.EmptyExpression>: null

02-12-2024T07:06:37 - [TEST_STEP][PASSED] - sheetName = "Sheet1": null

02-12-2024T07:06:37 - [TEST_STEP][PASSED] - data = findTestData("PlanFact"): null

02-12-2024T07:06:37 - [TEST_STEP][PASSED] - n = data.getRowNumbers() + 1: null

02-12-2024T07:06:37 - [TEST_STEP][PASSED] - year = todaysDate.substring(todaysDate.length() - 4, todaysDate.length()): null

02-12-2024T07:06:37 - [TEST_STEP][PASSED] - y = year.toInteger(): null

02-12-2024T07:06:37 - [TEST_STEP][PASSED] - m = getText(findTestObject("Выполнение бизнес-плана/Выполнение бизнес-плана Балансы/Фильтр Дата")): Text of object 'Object Repository/Выполнение бизнес-плана/Выполнение бизнес-плана Балансы/Фильтр Дата' is: '1, 2, 3 кв., Октябрь 2024 года'

02-12-2024T07:06:37 - [MESSAGE][PASSED] - Text of object 'Object Repository/Выполнение бизнес-плана/Выполнение бизнес-плана Балансы/Фильтр Дата' is: '1, 2, 3 кв., Октябрь 2024 года'

02-12-2024T07:06:37 - [TEST_STEP][PASSED] - m = m.substring(0, m.indexOf("2024")): null

02-12-2024T07:06:37 - [TEST_STEP][PASSED] - m = m.trim(): null

02-12-2024T07:06:37 - [TEST_STEP][PASSED] - dashboardName = "Выполнение бизнес-плана": null

02-12-2024T07:06:37 - [TEST_STEP][PASSED] - workbook01 = getWorkbook(excelFilePath): null

02-12-2024T07:06:38 - [TEST_STEP][PASSED] - sheet01 = getExcelSheet(workbook01, sheetName): null

02-12-2024T07:06:38 - [TEST_STEP][PASSED] - setValueToCellByIndex(sheet01, n, 0, dashboardName): null

02-12-2024T07:06:38 - [TEST_STEP][PASSED] - setValueToCellByIndex(sheet01, n, 1, dZO): null

02-12-2024T07:06:38 - [TEST_STEP][PASSED] - setValueToCellByIndex(sheet01, n, 2, typeOfData): null

02-12-2024T07:06:38 - [TEST_STEP][PASSED] - setValueToCellByIndex(sheet01, n, 3, typeOfData): null

02-12-2024T07:06:38 - [TEST_STEP][PASSED] - if (typeOfData == "План"): null

02-12-2024T07:06:38 - [TEST_STEP][PASSED] - else if (typeOfData == "Факт"): null

02-12-2024T07:06:38 - [TEST_STEP][PASSED] - else if (vidget.contains("электроэнергии") == true): null

02-12-2024T07:06:38 - [TEST_STEP][PASSED] - if (tabR == null): null

02-12-2024T07:06:38 - [TEST_STEP][PASSED] - else: null

02-12-2024T07:06:38 - [TEST_STEP][PASSED] - if (tabR == "нет данных"): null

02-12-2024T07:06:38 - [TEST_STEP][PASSED] - setValueToCellByIndex(sheet01, n, 4, "нет данных"): null

02-12-2024T07:06:38 - [TEST_STEP][PASSED] - if (tabB == null): null

02-12-2024T07:06:38 - [TEST_STEP][PASSED] - else: null

02-12-2024T07:06:38 - [TEST_STEP][PASSED] - if (tabB == "нет данных"): null

02-12-2024T07:06:38 - [TEST_STEP][PASSED] - else: null

02-12-2024T07:06:38 - [TEST_STEP][PASSED] - TB = tabB.toInteger(): null

02-12-2024T07:06:38 - [TEST_STEP][PASSED] - setValueToCellByIndex(sheet01, n, 5, TB): null

02-12-2024T07:06:38 - [TEST_STEP][PASSED] - setValueToCellByIndex(sheet01, n, 6, m): null

02-12-2024T07:06:38 - [TEST_STEP][PASSED] - setValueToCellByIndex(sheet01, n, 7, y): null

02-12-2024T07:06:38 - [TEST_STEP][PASSED] - setValueToCellByIndex(sheet01, n, 8, todaysDate): null

02-12-2024T07:06:38 - [TEST_STEP][PASSED] - n = n + 1: null

02-12-2024T07:06:38 - [TEST_STEP][PASSED] - saveWorkbook(excelFilePath, workbook01): null

02-12-2024T07:06:38 - [TEST_STEP][PASSED] - typeOfData = "Факт Потери": null

02-12-2024T07:06:38 - [TEST_STEP][PASSED] - tabR = GetPFactR(x = a): null

02-12-2024T07:06:38 - [TEST_STEP][PASSED] - i1 = <not implemented yet for class: org.codehaus.groovy.ast.expr.EmptyExpression>: null

02-12-2024T07:06:38 - [TEST_STEP][PASSED] - ii = <not implemented yet for class: org.codehaus.groovy.ast.expr.EmptyExpression>: null

02-12-2024T07:06:38 - [TEST_STEP][PASSED] - for ([ii = 1, ii < 6, (ii++)]): null

02-12-2024T07:06:38 - [TEST_STEP][PASSED] - i1 = x.indexOf("/") + 1: null

02-12-2024T07:06:38 - [TEST_STEP][PASSED] - if (i1 > -1): null

02-12-2024T07:06:38 - [TEST_STEP][PASSED] - x = x.substring(i1, x.length()): null

02-12-2024T07:06:38 - [TEST_STEP][PASSED] - println(x): null

02-12-2024T07:06:38 - [TEST_STEP][PASSED] - i1 = x.indexOf("/") + 1: null

02-12-2024T07:06:38 - [TEST_STEP][PASSED] - if (i1 > -1): null

02-12-2024T07:06:38 - [TEST_STEP][PASSED] - x = x.substring(i1, x.length()): null

02-12-2024T07:06:38 - [TEST_STEP][PASSED] - println(x): null

02-12-2024T07:06:38 - [TEST_STEP][PASSED] - i1 = x.indexOf("/") + 1: null

02-12-2024T07:06:38 - [TEST_STEP][PASSED] - if (i1 > -1): null

02-12-2024T07:06:38 - [TEST_STEP][PASSED] - x = x.substring(i1, x.length()): null

02-12-2024T07:06:38 - [TEST_STEP][PASSED] - println(x): null

02-12-2024T07:06:38 - [TEST_STEP][PASSED] - i1 = x.indexOf("/") + 1: null

02-12-2024T07:06:38 - [TEST_STEP][PASSED] - if (i1 > -1): null

02-12-2024T07:06:38 - [TEST_STEP][PASSED] - x = x.substring(i1, x.length()): null

02-12-2024T07:06:38 - [TEST_STEP][PASSED] - println(x): null

02-12-2024T07:06:38 - [TEST_STEP][PASSED] - i1 = x.indexOf("/") + 1: null

02-12-2024T07:06:38 - [TEST_STEP][PASSED] - if (i1 > -1): null

02-12-2024T07:06:38 - [TEST_STEP][PASSED] - x = x.substring(i1, x.length()): null

02-12-2024T07:06:38 - [TEST_STEP][PASSED] - println(x): null

02-12-2024T07:06:38 - [TEST_STEP][PASSED] - i1 = x.indexOf("/"): null

02-12-2024T07:06:38 - [TEST_STEP][PASSED] - if (i1 > -1): null

02-12-2024T07:06:38 - [TEST_STEP][PASSED] - x = x.substring(0, i1): null

02-12-2024T07:06:38 - [TEST_STEP][PASSED] - println(x): null

02-12-2024T07:06:38 - [TEST_STEP][PASSED] - return x: null

02-12-2024T07:06:38 - [TEST_STEP][PASSED] - tabB = GetPFactB(x = b): null

02-12-2024T07:06:38 - [TEST_STEP][PASSED] - i1 = <not implemented yet for class: org.codehaus.groovy.ast.expr.EmptyExpression>: null

02-12-2024T07:06:38 - [TEST_STEP][PASSED] - ii = <not implemented yet for class: org.codehaus.groovy.ast.expr.EmptyExpression>: null

02-12-2024T07:06:38 - [TEST_STEP][PASSED] - for ([ii = 1, ii < 6, (ii++)]): null

02-12-2024T07:06:38 - [TEST_STEP][PASSED] - i1 = x.indexOf("/") + 1: null

02-12-2024T07:06:38 - [TEST_STEP][PASSED] - if (i1 > -1): null

02-12-2024T07:06:38 - [TEST_STEP][PASSED] - x = x.substring(i1, x.length()): null

02-12-2024T07:06:38 - [TEST_STEP][PASSED] - println(x): null

02-12-2024T07:06:38 - [TEST_STEP][PASSED] - i1 = x.indexOf("/") + 1: null

02-12-2024T07:06:38 - [TEST_STEP][PASSED] - if (i1 > -1): null

02-12-2024T07:06:38 - [TEST_STEP][PASSED] - x = x.substring(i1, x.length()): null

02-12-2024T07:06:38 - [TEST_STEP][PASSED] - println(x): null

02-12-2024T07:06:38 - [TEST_STEP][PASSED] - i1 = x.indexOf("/") + 1: null

02-12-2024T07:06:38 - [TEST_STEP][PASSED] - if (i1 > -1): null

02-12-2024T07:06:38 - [TEST_STEP][PASSED] - x = x.substring(i1, x.length()): null

02-12-2024T07:06:38 - [TEST_STEP][PASSED] - println(x): null

02-12-2024T07:06:38 - [TEST_STEP][PASSED] - i1 = x.indexOf("/") + 1: null

02-12-2024T07:06:38 - [TEST_STEP][PASSED] - if (i1 > -1): null

02-12-2024T07:06:38 - [TEST_STEP][PASSED] - x = x.substring(i1, x.length()): null

02-12-2024T07:06:38 - [TEST_STEP][PASSED] - println(x): null

02-12-2024T07:06:38 - [TEST_STEP][PASSED] - i1 = x.indexOf("/") + 1: null

02-12-2024T07:06:38 - [TEST_STEP][PASSED] - if (i1 > -1): null

02-12-2024T07:06:38 - [TEST_STEP][PASSED] - x = x.substring(i1, x.length()): null

02-12-2024T07:06:38 - [TEST_STEP][PASSED] - println(x): null

02-12-2024T07:06:38 - [TEST_STEP][PASSED] - i1 = x.indexOf("/"): null

02-12-2024T07:06:38 - [TEST_STEP][PASSED] - if (i1 > -1): null

02-12-2024T07:06:38 - [TEST_STEP][PASSED] - x = x.substring(0, i1): null

02-12-2024T07:06:38 - [TEST_STEP][PASSED] - println(x): null

02-12-2024T07:06:38 - [TEST_STEP][FAILED] - return x: null

02-12-2024T07:06:38 - [TEST_STEP][PASSED] - println(tabR + "/" + tabB): null

02-12-2024T07:06:38 - [TEST_STEP][FAILED] - if (verifyEqual(tabR, tabB) == false): null

02-12-2024T07:06:38 - [MESSAGE][FAILED] - Unable to verify equal between actual object 'нет данных' and expected object '2127876' (Root cause: com.kms.katalon.core.exception.StepFailedException: Actual object 'нет данных' and expected object '2127876' are not equal
	at com.kms.katalon.core.keyword.builtin.VerifyEqualKeyword$_verifyEqual_closure1.doCall(VerifyEqualKeyword.groovy:58)
	at com.kms.katalon.core.keyword.builtin.VerifyEqualKeyword$_verifyEqual_closure1.call(VerifyEqualKeyword.groovy)
	at com.kms.katalon.core.keyword.internal.KeywordMain.runKeyword(KeywordMain.groovy:75)
	at com.kms.katalon.core.keyword.builtin.VerifyEqualKeyword.verifyEqual(VerifyEqualKeyword.groovy:63)
	at com.kms.katalon.core.keyword.builtin.VerifyEqualKeyword.execute(VerifyEqualKeyword.groovy:44)
	at com.kms.katalon.core.keyword.internal.KeywordExecutor.executeKeywordForPlatform(KeywordExecutor.groovy:74)
	at com.kms.katalon.core.keyword.BuiltinKeywords.verifyEqual(BuiltinKeywords.groovy:146)
	at jdk.internal.reflect.GeneratedMethodAccessor25.invoke(Unknown Source)
	at java.base/jdk.internal.reflect.DelegatingMethodAccessorImpl.invoke(DelegatingMethodAccessorImpl.java:43)
	at Выполнение бизнес-плана сверка дашбордов.CompareDZOData(Выполнение бизнес-плана сверка дашбордов:730)
	at Выполнение бизнес-плана сверка дашбордов.run(Выполнение бизнес-плана сверка дашбордов:658)
	at com.kms.katalon.core.main.ScriptEngine.run(ScriptEngine.java:194)
	at com.kms.katalon.core.main.ScriptEngine.runScriptAsRawText(ScriptEngine.java:119)
	at com.kms.katalon.core.main.TestCaseExecutor.runScript(TestCaseExecutor.java:448)
	at com.kms.katalon.core.main.TestCaseExecutor.doExecute(TestCaseExecutor.java:439)
	at com.kms.katalon.core.main.TestCaseExecutor.processExecutionPhase(TestCaseExecutor.java:418)
	at com.kms.katalon.core.main.TestCaseExecutor.accessMainPhase(TestCaseExecutor.java:410)
	at com.kms.katalon.core.main.TestCaseExecutor.execute(TestCaseExecutor.java:285)
	at com.kms.katalon.core.common.CommonExecutor.accessTestCaseMainPhase(CommonExecutor.java:65)
	at com.kms.katalon.core.main.TestSuiteExecutor.accessTestSuiteMainPhase(TestSuiteExecutor.java:150)
	at com.kms.katalon.core.main.TestSuiteExecutor.execute(TestSuiteExecutor.java:106)
	at com.kms.katalon.core.main.TestCaseMain.startTestSuite(TestCaseMain.java:180)
	at TempTestSuite1733111659562.run(TempTestSuite1733111659562.groovy:35)
	at java.base/jdk.internal.reflect.NativeMethodAccessorImpl.invoke0(Native Method)
	at java.base/jdk.internal.reflect.NativeMethodAccessorImpl.invoke(NativeMethodAccessorImpl.java:77)
	at java.base/jdk.internal.reflect.DelegatingMethodAccessorImpl.invoke(DelegatingMethodAccessorImpl.java:43)
)

02-12-2024T07:06:38 - [TEST_STEP][PASSED] - result = WriteToExcel(typeOfData, todaysDate, PercPlanR, PercPlanB, PercFactR, PercFactB, x, tabR, tabB, o1R, o1B, vidget): null

02-12-2024T07:06:38 - [TEST_STEP][PASSED] - iii = dZO.indexOf("/"): null

02-12-2024T07:06:38 - [TEST_STEP][PASSED] - println(iii): null

02-12-2024T07:06:38 - [TEST_STEP][PASSED] - dZO = dZO.substring(0, iii): null

02-12-2024T07:06:38 - [TEST_STEP][PASSED] - println(dZO): null

02-12-2024T07:06:38 - [TEST_STEP][PASSED] - println(PercPlanR): null

02-12-2024T07:06:38 - [TEST_STEP][PASSED] - println(PercPlanB): null

02-12-2024T07:06:38 - [TEST_STEP][PASSED] - println(PercFactR): null

02-12-2024T07:06:38 - [TEST_STEP][PASSED] - println(PercFactB): null

02-12-2024T07:06:38 - [TEST_STEP][PASSED] - println(tabR): null

02-12-2024T07:06:38 - [TEST_STEP][PASSED] - println(tabB): null

02-12-2024T07:06:38 - [TEST_STEP][PASSED] - println(o1R): null

02-12-2024T07:06:38 - [TEST_STEP][PASSED] - println(o1B): null

02-12-2024T07:06:38 - [TEST_STEP][PASSED] - PR = <not implemented yet for class: org.codehaus.groovy.ast.expr.EmptyExpression>: null

02-12-2024T07:06:38 - [TEST_STEP][PASSED] - FR = <not implemented yet for class: org.codehaus.groovy.ast.expr.EmptyExpression>: null

02-12-2024T07:06:38 - [TEST_STEP][PASSED] - PB = <not implemented yet for class: org.codehaus.groovy.ast.expr.EmptyExpression>: null

02-12-2024T07:06:38 - [TEST_STEP][PASSED] - FB = <not implemented yet for class: org.codehaus.groovy.ast.expr.EmptyExpression>: null

02-12-2024T07:06:38 - [TEST_STEP][PASSED] - TR = <not implemented yet for class: org.codehaus.groovy.ast.expr.EmptyExpression>: null

02-12-2024T07:06:38 - [TEST_STEP][PASSED] - TB = <not implemented yet for class: org.codehaus.groovy.ast.expr.EmptyExpression>: null

02-12-2024T07:06:38 - [TEST_STEP][PASSED] - sheetName = "Sheet1": null

02-12-2024T07:06:38 - [TEST_STEP][PASSED] - data = findTestData("PlanFact"): null

02-12-2024T07:06:38 - [TEST_STEP][PASSED] - n = data.getRowNumbers() + 1: null

02-12-2024T07:06:38 - [TEST_STEP][PASSED] - year = todaysDate.substring(todaysDate.length() - 4, todaysDate.length()): null

02-12-2024T07:06:38 - [TEST_STEP][PASSED] - y = year.toInteger(): null

02-12-2024T07:06:38 - [TEST_STEP][PASSED] - m = getText(findTestObject("Выполнение бизнес-плана/Выполнение бизнес-плана Балансы/Фильтр Дата")): Text of object 'Object Repository/Выполнение бизнес-плана/Выполнение бизнес-плана Балансы/Фильтр Дата' is: '1, 2, 3 кв., Октябрь 2024 года'

02-12-2024T07:06:38 - [MESSAGE][PASSED] - Text of object 'Object Repository/Выполнение бизнес-плана/Выполнение бизнес-плана Балансы/Фильтр Дата' is: '1, 2, 3 кв., Октябрь 2024 года'

02-12-2024T07:06:38 - [TEST_STEP][PASSED] - m = m.substring(0, m.indexOf("2024")): null

02-12-2024T07:06:38 - [TEST_STEP][PASSED] - m = m.trim(): null

02-12-2024T07:06:38 - [TEST_STEP][PASSED] - dashboardName = "Выполнение бизнес-плана": null

02-12-2024T07:06:38 - [TEST_STEP][PASSED] - workbook01 = getWorkbook(excelFilePath): null

02-12-2024T07:06:38 - [TEST_STEP][PASSED] - sheet01 = getExcelSheet(workbook01, sheetName): null

02-12-2024T07:06:38 - [TEST_STEP][PASSED] - setValueToCellByIndex(sheet01, n, 0, dashboardName): null

02-12-2024T07:06:38 - [TEST_STEP][PASSED] - setValueToCellByIndex(sheet01, n, 1, dZO): null

02-12-2024T07:06:38 - [TEST_STEP][PASSED] - setValueToCellByIndex(sheet01, n, 2, typeOfData): null

02-12-2024T07:06:38 - [TEST_STEP][PASSED] - setValueToCellByIndex(sheet01, n, 3, typeOfData): null

02-12-2024T07:06:38 - [TEST_STEP][PASSED] - if (typeOfData == "План"): null

02-12-2024T07:06:38 - [TEST_STEP][PASSED] - else if (typeOfData == "Факт"): null

02-12-2024T07:06:38 - [TEST_STEP][PASSED] - else if (vidget.contains("электроэнергии") == true): null

02-12-2024T07:06:38 - [TEST_STEP][PASSED] - if (tabR == null): null

02-12-2024T07:07:01 - [TEST_STEP][PASSED] - else: null

02-12-2024T07:07:01 - [TEST_STEP][PASSED] - if (tabR == "нет данных"): null

02-12-2024T07:07:01 - [TEST_STEP][PASSED] - setValueToCellByIndex(sheet01, n, 4, "нет данных"): null

02-12-2024T07:07:01 - [TEST_STEP][PASSED] - if (tabB == null): null

02-12-2024T07:07:01 - [TEST_STEP][PASSED] - else: null

02-12-2024T07:07:01 - [TEST_STEP][PASSED] - if (tabB == "нет данных"): null

02-12-2024T07:07:01 - [TEST_STEP][PASSED] - else: null

02-12-2024T07:07:01 - [TEST_STEP][PASSED] - TB = tabB.toInteger(): null

02-12-2024T07:07:01 - [TEST_STEP][PASSED] - setValueToCellByIndex(sheet01, n, 5, TB): null

02-12-2024T07:07:01 - [TEST_STEP][PASSED] - setValueToCellByIndex(sheet01, n, 6, m): null

02-12-2024T07:07:01 - [TEST_STEP][PASSED] - setValueToCellByIndex(sheet01, n, 7, y): null

02-12-2024T07:07:01 - [TEST_STEP][PASSED] - setValueToCellByIndex(sheet01, n, 8, todaysDate): null

02-12-2024T07:07:01 - [TEST_STEP][PASSED] - n = n + 1: null

02-12-2024T07:07:01 - [TEST_STEP][PASSED] - saveWorkbook(excelFilePath, workbook01): null

02-12-2024T07:07:01 - [TEST_STEP][PASSED] - vidget = "Показатели баланса электроэнергии по ДЗО – План": null

02-12-2024T07:07:01 - [TEST_STEP][PASSED] - typeOfData = "План Отпуск в сеть": null

02-12-2024T07:07:01 - [TEST_STEP][PASSED] - tabR = GetOvSPlanR(x = a): null

02-12-2024T07:07:01 - [TEST_STEP][PASSED] - i1 = <not implemented yet for class: org.codehaus.groovy.ast.expr.EmptyExpression>: null

02-12-2024T07:07:01 - [TEST_STEP][PASSED] - ii = <not implemented yet for class: org.codehaus.groovy.ast.expr.EmptyExpression>: null

02-12-2024T07:07:01 - [TEST_STEP][PASSED] - for ([ii = 1, ii < 7, (ii++)]): null

02-12-2024T07:07:01 - [TEST_STEP][PASSED] - i1 = x.indexOf("/") + 1: null

02-12-2024T07:07:01 - [TEST_STEP][PASSED] - if (i1 > -1): null

02-12-2024T07:07:01 - [TEST_STEP][PASSED] - x = x.substring(i1, x.length()): null

02-12-2024T07:07:01 - [TEST_STEP][PASSED] - println(x): null

02-12-2024T07:07:01 - [TEST_STEP][PASSED] - i1 = x.indexOf("/") + 1: null

02-12-2024T07:07:01 - [TEST_STEP][PASSED] - if (i1 > -1): null

02-12-2024T07:07:01 - [TEST_STEP][PASSED] - x = x.substring(i1, x.length()): null

02-12-2024T07:07:01 - [TEST_STEP][PASSED] - println(x): null

02-12-2024T07:07:01 - [TEST_STEP][PASSED] - i1 = x.indexOf("/") + 1: null

02-12-2024T07:07:01 - [TEST_STEP][PASSED] - if (i1 > -1): null

02-12-2024T07:07:01 - [TEST_STEP][PASSED] - x = x.substring(i1, x.length()): null

02-12-2024T07:07:01 - [TEST_STEP][PASSED] - println(x): null

02-12-2024T07:07:01 - [TEST_STEP][PASSED] - i1 = x.indexOf("/") + 1: null

02-12-2024T07:07:01 - [TEST_STEP][PASSED] - if (i1 > -1): null

02-12-2024T07:07:01 - [TEST_STEP][PASSED] - x = x.substring(i1, x.length()): null

02-12-2024T07:07:01 - [TEST_STEP][PASSED] - println(x): null

02-12-2024T07:07:01 - [TEST_STEP][PASSED] - i1 = x.indexOf("/") + 1: null

02-12-2024T07:07:01 - [TEST_STEP][PASSED] - if (i1 > -1): null

02-12-2024T07:07:01 - [TEST_STEP][PASSED] - x = x.substring(i1, x.length()): null

02-12-2024T07:07:01 - [TEST_STEP][PASSED] - println(x): null

02-12-2024T07:07:01 - [TEST_STEP][PASSED] - i1 = x.indexOf("/") + 1: null

02-12-2024T07:07:01 - [TEST_STEP][PASSED] - if (i1 > -1): null

02-12-2024T07:07:01 - [TEST_STEP][PASSED] - x = x.substring(i1, x.length()): null

02-12-2024T07:07:01 - [TEST_STEP][PASSED] - println(x): null

02-12-2024T07:07:01 - [TEST_STEP][PASSED] - i1 = x.indexOf("/"): null

02-12-2024T07:07:01 - [TEST_STEP][PASSED] - if (i1 > -1): null

02-12-2024T07:07:01 - [TEST_STEP][PASSED] - x = x.substring(0, i1): null

02-12-2024T07:07:01 - [TEST_STEP][PASSED] - println(x): null

02-12-2024T07:07:01 - [TEST_STEP][PASSED] - return x: null

02-12-2024T07:07:01 - [TEST_STEP][PASSED] - tabB = GetOvSPlanB(x = b): null

02-12-2024T07:07:01 - [TEST_STEP][PASSED] - i1 = <not implemented yet for class: org.codehaus.groovy.ast.expr.EmptyExpression>: null

02-12-2024T07:07:01 - [TEST_STEP][PASSED] - ii = <not implemented yet for class: org.codehaus.groovy.ast.expr.EmptyExpression>: null

02-12-2024T07:07:01 - [TEST_STEP][PASSED] - for ([ii = 1, ii < 7, (ii++)]): null

02-12-2024T07:07:01 - [TEST_STEP][PASSED] - i1 = x.indexOf("/") + 1: null

02-12-2024T07:07:01 - [TEST_STEP][PASSED] - if (i1 > -1): null

02-12-2024T07:07:01 - [TEST_STEP][PASSED] - x = x.substring(i1, x.length()): null

02-12-2024T07:07:01 - [TEST_STEP][PASSED] - println(x): null

02-12-2024T07:07:01 - [TEST_STEP][PASSED] - i1 = x.indexOf("/") + 1: null

02-12-2024T07:07:01 - [TEST_STEP][PASSED] - if (i1 > -1): null

02-12-2024T07:07:01 - [TEST_STEP][PASSED] - x = x.substring(i1, x.length()): null

02-12-2024T07:07:01 - [TEST_STEP][PASSED] - println(x): null

02-12-2024T07:07:01 - [TEST_STEP][PASSED] - i1 = x.indexOf("/") + 1: null

02-12-2024T07:07:01 - [TEST_STEP][PASSED] - if (i1 > -1): null

02-12-2024T07:07:01 - [TEST_STEP][PASSED] - x = x.substring(i1, x.length()): null

02-12-2024T07:07:01 - [TEST_STEP][PASSED] - println(x): null

02-12-2024T07:07:01 - [TEST_STEP][PASSED] - i1 = x.indexOf("/") + 1: null

02-12-2024T07:07:01 - [TEST_STEP][PASSED] - if (i1 > -1): null

02-12-2024T07:07:01 - [TEST_STEP][PASSED] - x = x.substring(i1, x.length()): null

02-12-2024T07:07:01 - [TEST_STEP][PASSED] - println(x): null

02-12-2024T07:07:01 - [TEST_STEP][PASSED] - i1 = x.indexOf("/") + 1: null

02-12-2024T07:07:01 - [TEST_STEP][PASSED] - if (i1 > -1): null

02-12-2024T07:07:01 - [TEST_STEP][PASSED] - x = x.substring(i1, x.length()): null

02-12-2024T07:07:01 - [TEST_STEP][PASSED] - println(x): null

02-12-2024T07:07:01 - [TEST_STEP][PASSED] - i1 = x.indexOf("/") + 1: null

02-12-2024T07:07:01 - [TEST_STEP][PASSED] - if (i1 > -1): null

02-12-2024T07:07:01 - [TEST_STEP][PASSED] - x = x.substring(i1, x.length()): null

02-12-2024T07:07:01 - [TEST_STEP][PASSED] - println(x): null

02-12-2024T07:07:01 - [TEST_STEP][PASSED] - i1 = x.indexOf("/"): null

02-12-2024T07:07:01 - [TEST_STEP][PASSED] - if (i1 > -1): null

02-12-2024T07:07:01 - [TEST_STEP][PASSED] - x = x.substring(0, i1): null

02-12-2024T07:07:01 - [TEST_STEP][PASSED] - println(x): null

02-12-2024T07:07:01 - [TEST_STEP][FAILED] - return x: null

02-12-2024T07:07:01 - [TEST_STEP][PASSED] - println(tabR + "/" + tabB): null

02-12-2024T07:07:01 - [TEST_STEP][FAILED] - if (verifyEqual(PercFactR, PercFactB) == false): null

02-12-2024T07:07:01 - [MESSAGE][FAILED] - Unable to verify equal between actual object 'нет данных' and expected object '8.58' (Root cause: com.kms.katalon.core.exception.StepFailedException: Actual object 'нет данных' and expected object '8.58' are not equal
	at com.kms.katalon.core.keyword.builtin.VerifyEqualKeyword$_verifyEqual_closure1.doCall(VerifyEqualKeyword.groovy:58)
	at com.kms.katalon.core.keyword.builtin.VerifyEqualKeyword$_verifyEqual_closure1.call(VerifyEqualKeyword.groovy)
	at com.kms.katalon.core.keyword.internal.KeywordMain.runKeyword(KeywordMain.groovy:75)
	at com.kms.katalon.core.keyword.builtin.VerifyEqualKeyword.verifyEqual(VerifyEqualKeyword.groovy:63)
	at com.kms.katalon.core.keyword.builtin.VerifyEqualKeyword.execute(VerifyEqualKeyword.groovy:44)
	at com.kms.katalon.core.keyword.internal.KeywordExecutor.executeKeywordForPlatform(KeywordExecutor.groovy:74)
	at com.kms.katalon.core.keyword.BuiltinKeywords.verifyEqual(BuiltinKeywords.groovy:146)
	at jdk.internal.reflect.GeneratedMethodAccessor25.invoke(Unknown Source)
	at java.base/jdk.internal.reflect.DelegatingMethodAccessorImpl.invoke(DelegatingMethodAccessorImpl.java:43)
	at Выполнение бизнес-плана сверка дашбордов.CompareDZOData(Выполнение бизнес-плана сверка дашбордов:745)
	at Выполнение бизнес-плана сверка дашбордов.run(Выполнение бизнес-плана сверка дашбордов:658)
	at com.kms.katalon.core.main.ScriptEngine.run(ScriptEngine.java:194)
	at com.kms.katalon.core.main.ScriptEngine.runScriptAsRawText(ScriptEngine.java:119)
	at com.kms.katalon.core.main.TestCaseExecutor.runScript(TestCaseExecutor.java:448)
	at com.kms.katalon.core.main.TestCaseExecutor.doExecute(TestCaseExecutor.java:439)
	at com.kms.katalon.core.main.TestCaseExecutor.processExecutionPhase(TestCaseExecutor.java:418)
	at com.kms.katalon.core.main.TestCaseExecutor.accessMainPhase(TestCaseExecutor.java:410)
	at com.kms.katalon.core.main.TestCaseExecutor.execute(TestCaseExecutor.java:285)
	at com.kms.katalon.core.common.CommonExecutor.accessTestCaseMainPhase(CommonExecutor.java:65)
	at com.kms.katalon.core.main.TestSuiteExecutor.accessTestSuiteMainPhase(TestSuiteExecutor.java:150)
	at com.kms.katalon.core.main.TestSuiteExecutor.execute(TestSuiteExecutor.java:106)
	at com.kms.katalon.core.main.TestCaseMain.startTestSuite(TestCaseMain.java:180)
	at TempTestSuite1733111659562.run(TempTestSuite1733111659562.groovy:35)
	at java.base/jdk.internal.reflect.NativeMethodAccessorImpl.invoke0(Native Method)
	at java.base/jdk.internal.reflect.NativeMethodAccessorImpl.invoke(NativeMethodAccessorImpl.java:77)
	at java.base/jdk.internal.reflect.DelegatingMethodAccessorImpl.invoke(DelegatingMethodAccessorImpl.java:43)
)

02-12-2024T07:07:01 - [TEST_STEP][PASSED] - result = WriteToExcel(typeOfData, todaysDate, PercPlanR, PercPlanB, PercFactR, PercFactB, x, tabR, tabB, o1R, o1B, vidget): null

02-12-2024T07:07:01 - [TEST_STEP][PASSED] - iii = dZO.indexOf("/"): null

02-12-2024T07:07:01 - [TEST_STEP][PASSED] - println(iii): null

02-12-2024T07:07:01 - [TEST_STEP][PASSED] - dZO = dZO.substring(0, iii): null

02-12-2024T07:07:01 - [TEST_STEP][PASSED] - println(dZO): null

02-12-2024T07:07:01 - [TEST_STEP][PASSED] - println(PercPlanR): null

02-12-2024T07:07:01 - [TEST_STEP][PASSED] - println(PercPlanB): null

02-12-2024T07:07:01 - [TEST_STEP][PASSED] - println(PercFactR): null

02-12-2024T07:07:01 - [TEST_STEP][PASSED] - println(PercFactB): null

02-12-2024T07:07:01 - [TEST_STEP][PASSED] - println(tabR): null

02-12-2024T07:07:01 - [TEST_STEP][PASSED] - println(tabB): null

02-12-2024T07:07:01 - [TEST_STEP][PASSED] - println(o1R): null

02-12-2024T07:07:01 - [TEST_STEP][PASSED] - println(o1B): null

02-12-2024T07:07:01 - [TEST_STEP][PASSED] - PR = <not implemented yet for class: org.codehaus.groovy.ast.expr.EmptyExpression>: null

02-12-2024T07:07:01 - [TEST_STEP][PASSED] - FR = <not implemented yet for class: org.codehaus.groovy.ast.expr.EmptyExpression>: null

02-12-2024T07:07:01 - [TEST_STEP][PASSED] - PB = <not implemented yet for class: org.codehaus.groovy.ast.expr.EmptyExpression>: null

02-12-2024T07:07:01 - [TEST_STEP][PASSED] - FB = <not implemented yet for class: org.codehaus.groovy.ast.expr.EmptyExpression>: null

02-12-2024T07:07:01 - [TEST_STEP][PASSED] - TR = <not implemented yet for class: org.codehaus.groovy.ast.expr.EmptyExpression>: null

02-12-2024T07:07:01 - [TEST_STEP][PASSED] - TB = <not implemented yet for class: org.codehaus.groovy.ast.expr.EmptyExpression>: null

02-12-2024T07:07:01 - [TEST_STEP][PASSED] - sheetName = "Sheet1": null

02-12-2024T07:07:01 - [TEST_STEP][PASSED] - data = findTestData("PlanFact"): null

02-12-2024T07:07:01 - [TEST_STEP][PASSED] - n = data.getRowNumbers() + 1: null

02-12-2024T07:07:01 - [TEST_STEP][PASSED] - year = todaysDate.substring(todaysDate.length() - 4, todaysDate.length()): null

02-12-2024T07:07:01 - [TEST_STEP][PASSED] - y = year.toInteger(): null

02-12-2024T07:07:01 - [TEST_STEP][PASSED] - m = getText(findTestObject("Выполнение бизнес-плана/Выполнение бизнес-плана Балансы/Фильтр Дата")): Text of object 'Object Repository/Выполнение бизнес-плана/Выполнение бизнес-плана Балансы/Фильтр Дата' is: '1, 2, 3 кв., Октябрь 2024 года'

02-12-2024T07:07:01 - [MESSAGE][PASSED] - Text of object 'Object Repository/Выполнение бизнес-плана/Выполнение бизнес-плана Балансы/Фильтр Дата' is: '1, 2, 3 кв., Октябрь 2024 года'

02-12-2024T07:07:01 - [TEST_STEP][PASSED] - m = m.substring(0, m.indexOf("2024")): null

02-12-2024T07:07:01 - [TEST_STEP][PASSED] - m = m.trim(): null

02-12-2024T07:07:01 - [TEST_STEP][PASSED] - dashboardName = "Выполнение бизнес-плана": null

02-12-2024T07:07:01 - [TEST_STEP][PASSED] - workbook01 = getWorkbook(excelFilePath): null

02-12-2024T07:07:01 - [TEST_STEP][PASSED] - sheet01 = getExcelSheet(workbook01, sheetName): null

02-12-2024T07:07:01 - [TEST_STEP][PASSED] - setValueToCellByIndex(sheet01, n, 0, dashboardName): null

02-12-2024T07:07:01 - [TEST_STEP][PASSED] - setValueToCellByIndex(sheet01, n, 1, dZO): null

02-12-2024T07:07:01 - [TEST_STEP][PASSED] - setValueToCellByIndex(sheet01, n, 2, typeOfData): null

02-12-2024T07:07:01 - [TEST_STEP][PASSED] - setValueToCellByIndex(sheet01, n, 3, typeOfData): null

02-12-2024T07:07:01 - [TEST_STEP][PASSED] - if (typeOfData == "План"): null

02-12-2024T07:07:01 - [TEST_STEP][PASSED] - else if (typeOfData == "Факт"): null

02-12-2024T07:07:01 - [TEST_STEP][PASSED] - else if (vidget.contains("электроэнергии") == true): null

02-12-2024T07:07:01 - [TEST_STEP][PASSED] - if (tabR == null): null

02-12-2024T07:07:01 - [TEST_STEP][PASSED] - else: null

02-12-2024T07:07:01 - [TEST_STEP][PASSED] - if (tabR == "нет данных"): null

02-12-2024T07:07:01 - [TEST_STEP][PASSED] - setValueToCellByIndex(sheet01, n, 4, "нет данных"): null

02-12-2024T07:07:01 - [TEST_STEP][PASSED] - if (tabB == null): null

02-12-2024T07:07:01 - [TEST_STEP][PASSED] - else: null

02-12-2024T07:07:01 - [TEST_STEP][PASSED] - if (tabB == "нет данных"): null

02-12-2024T07:07:01 - [TEST_STEP][PASSED] - else: null

02-12-2024T07:07:01 - [TEST_STEP][PASSED] - TB = tabB.toInteger(): null

02-12-2024T07:07:01 - [TEST_STEP][PASSED] - setValueToCellByIndex(sheet01, n, 5, TB): null

02-12-2024T07:07:01 - [TEST_STEP][PASSED] - setValueToCellByIndex(sheet01, n, 6, m): null

02-12-2024T07:07:01 - [TEST_STEP][PASSED] - setValueToCellByIndex(sheet01, n, 7, y): null

02-12-2024T07:07:01 - [TEST_STEP][PASSED] - setValueToCellByIndex(sheet01, n, 8, todaysDate): null

02-12-2024T07:07:01 - [TEST_STEP][PASSED] - n = n + 1: null

02-12-2024T07:07:01 - [TEST_STEP][PASSED] - saveWorkbook(excelFilePath, workbook01): null

02-12-2024T07:07:01 - [TEST_STEP][PASSED] - typeOfData = "План Отпуск из сети": null

02-12-2024T07:07:01 - [TEST_STEP][PASSED] - tabR = GetOiSPlanR(x = a): null

02-12-2024T07:07:01 - [TEST_STEP][PASSED] - i1 = <not implemented yet for class: org.codehaus.groovy.ast.expr.EmptyExpression>: null

02-12-2024T07:07:01 - [TEST_STEP][PASSED] - ii = <not implemented yet for class: org.codehaus.groovy.ast.expr.EmptyExpression>: null

02-12-2024T07:07:01 - [TEST_STEP][PASSED] - for ([ii = 1, ii < 8, (ii++)]): null

02-12-2024T07:07:01 - [TEST_STEP][PASSED] - i1 = x.indexOf("/") + 1: null

02-12-2024T07:07:01 - [TEST_STEP][PASSED] - if (i1 > -1): null

02-12-2024T07:07:01 - [TEST_STEP][PASSED] - x = x.substring(i1, x.length()): null

02-12-2024T07:07:01 - [TEST_STEP][PASSED] - println(x): null

02-12-2024T07:07:01 - [TEST_STEP][PASSED] - i1 = x.indexOf("/") + 1: null

02-12-2024T07:07:01 - [TEST_STEP][PASSED] - if (i1 > -1): null

02-12-2024T07:07:01 - [TEST_STEP][PASSED] - x = x.substring(i1, x.length()): null

02-12-2024T07:07:01 - [TEST_STEP][PASSED] - println(x): null

02-12-2024T07:07:01 - [TEST_STEP][PASSED] - i1 = x.indexOf("/") + 1: null

02-12-2024T07:07:01 - [TEST_STEP][PASSED] - if (i1 > -1): null

02-12-2024T07:07:01 - [TEST_STEP][PASSED] - x = x.substring(i1, x.length()): null

02-12-2024T07:07:01 - [TEST_STEP][PASSED] - println(x): null

02-12-2024T07:07:01 - [TEST_STEP][PASSED] - i1 = x.indexOf("/") + 1: null

02-12-2024T07:07:01 - [TEST_STEP][PASSED] - if (i1 > -1): null

02-12-2024T07:07:01 - [TEST_STEP][PASSED] - x = x.substring(i1, x.length()): null

02-12-2024T07:07:01 - [TEST_STEP][PASSED] - println(x): null

02-12-2024T07:07:01 - [TEST_STEP][PASSED] - i1 = x.indexOf("/") + 1: null

02-12-2024T07:07:01 - [TEST_STEP][PASSED] - if (i1 > -1): null

02-12-2024T07:07:01 - [TEST_STEP][PASSED] - x = x.substring(i1, x.length()): null

02-12-2024T07:07:01 - [TEST_STEP][PASSED] - println(x): null

02-12-2024T07:07:01 - [TEST_STEP][PASSED] - i1 = x.indexOf("/") + 1: null

02-12-2024T07:07:01 - [TEST_STEP][PASSED] - if (i1 > -1): null

02-12-2024T07:07:01 - [TEST_STEP][PASSED] - x = x.substring(i1, x.length()): null

02-12-2024T07:07:01 - [TEST_STEP][PASSED] - println(x): null

02-12-2024T07:07:01 - [TEST_STEP][PASSED] - i1 = x.indexOf("/") + 1: null

02-12-2024T07:07:01 - [TEST_STEP][PASSED] - if (i1 > -1): null

02-12-2024T07:07:01 - [TEST_STEP][PASSED] - x = x.substring(i1, x.length()): null

02-12-2024T07:07:01 - [TEST_STEP][PASSED] - println(x): null

02-12-2024T07:07:01 - [TEST_STEP][PASSED] - i1 = x.indexOf("/"): null

02-12-2024T07:07:01 - [TEST_STEP][PASSED] - if (i1 > -1): null

02-12-2024T07:07:01 - [TEST_STEP][PASSED] - x = x.substring(0, i1): null

02-12-2024T07:07:01 - [TEST_STEP][PASSED] - println(x): null

02-12-2024T07:07:01 - [TEST_STEP][PASSED] - return x: null

02-12-2024T07:07:01 - [TEST_STEP][PASSED] - tabB = GetOiSPlanB(x = b): null

02-12-2024T07:07:01 - [TEST_STEP][PASSED] - i1 = <not implemented yet for class: org.codehaus.groovy.ast.expr.EmptyExpression>: null

02-12-2024T07:07:01 - [TEST_STEP][PASSED] - ii = <not implemented yet for class: org.codehaus.groovy.ast.expr.EmptyExpression>: null

02-12-2024T07:07:01 - [TEST_STEP][PASSED] - for ([ii = 1, ii < 8, (ii++)]): null

02-12-2024T07:07:01 - [TEST_STEP][PASSED] - i1 = x.indexOf("/") + 1: null

02-12-2024T07:07:01 - [TEST_STEP][PASSED] - if (i1 > -1): null

02-12-2024T07:07:01 - [TEST_STEP][PASSED] - x = x.substring(i1, x.length()): null

02-12-2024T07:07:01 - [TEST_STEP][PASSED] - println(x): null

02-12-2024T07:07:01 - [TEST_STEP][PASSED] - i1 = x.indexOf("/") + 1: null

02-12-2024T07:07:01 - [TEST_STEP][PASSED] - if (i1 > -1): null

02-12-2024T07:07:01 - [TEST_STEP][PASSED] - x = x.substring(i1, x.length()): null

02-12-2024T07:07:01 - [TEST_STEP][PASSED] - println(x): null

02-12-2024T07:07:01 - [TEST_STEP][PASSED] - i1 = x.indexOf("/") + 1: null

02-12-2024T07:07:01 - [TEST_STEP][PASSED] - if (i1 > -1): null

02-12-2024T07:07:01 - [TEST_STEP][PASSED] - x = x.substring(i1, x.length()): null

02-12-2024T07:07:01 - [TEST_STEP][PASSED] - println(x): null

02-12-2024T07:07:01 - [TEST_STEP][PASSED] - i1 = x.indexOf("/") + 1: null

02-12-2024T07:07:01 - [TEST_STEP][PASSED] - if (i1 > -1): null

02-12-2024T07:07:01 - [TEST_STEP][PASSED] - x = x.substring(i1, x.length()): null

02-12-2024T07:07:01 - [TEST_STEP][PASSED] - println(x): null

02-12-2024T07:07:01 - [TEST_STEP][PASSED] - i1 = x.indexOf("/") + 1: null

02-12-2024T07:07:01 - [TEST_STEP][PASSED] - if (i1 > -1): null

02-12-2024T07:07:01 - [TEST_STEP][PASSED] - x = x.substring(i1, x.length()): null

02-12-2024T07:07:01 - [TEST_STEP][PASSED] - println(x): null

02-12-2024T07:07:01 - [TEST_STEP][PASSED] - i1 = x.indexOf("/") + 1: null

02-12-2024T07:07:01 - [TEST_STEP][PASSED] - if (i1 > -1): null

02-12-2024T07:07:01 - [TEST_STEP][PASSED] - x = x.substring(i1, x.length()): null

02-12-2024T07:07:01 - [TEST_STEP][PASSED] - println(x): null

02-12-2024T07:07:01 - [TEST_STEP][PASSED] - i1 = x.indexOf("/") + 1: null

02-12-2024T07:07:01 - [TEST_STEP][PASSED] - if (i1 > -1): null

02-12-2024T07:07:01 - [TEST_STEP][PASSED] - x = x.substring(i1, x.length()): null

02-12-2024T07:07:01 - [TEST_STEP][PASSED] - println(x): null

02-12-2024T07:07:01 - [TEST_STEP][PASSED] - i1 = x.indexOf("/"): null

02-12-2024T07:07:01 - [TEST_STEP][PASSED] - if (i1 > -1): null

02-12-2024T07:07:01 - [TEST_STEP][PASSED] - x = x.substring(0, i1): null

02-12-2024T07:07:01 - [TEST_STEP][PASSED] - println(x): null

02-12-2024T07:07:01 - [TEST_STEP][FAILED] - return x: null

02-12-2024T07:07:01 - [TEST_STEP][PASSED] - println(tabR + "/" + tabB): null

02-12-2024T07:07:01 - [TEST_STEP][FAILED] - if (verifyEqual(PercFactR, PercFactB) == false): null

02-12-2024T07:07:01 - [MESSAGE][FAILED] - Unable to verify equal between actual object 'нет данных' and expected object '8.58' (Root cause: com.kms.katalon.core.exception.StepFailedException: Actual object 'нет данных' and expected object '8.58' are not equal
	at com.kms.katalon.core.keyword.builtin.VerifyEqualKeyword$_verifyEqual_closure1.doCall(VerifyEqualKeyword.groovy:58)
	at com.kms.katalon.core.keyword.builtin.VerifyEqualKeyword$_verifyEqual_closure1.call(VerifyEqualKeyword.groovy)
	at com.kms.katalon.core.keyword.internal.KeywordMain.runKeyword(KeywordMain.groovy:75)
	at com.kms.katalon.core.keyword.builtin.VerifyEqualKeyword.verifyEqual(VerifyEqualKeyword.groovy:63)
	at com.kms.katalon.core.keyword.builtin.VerifyEqualKeyword.execute(VerifyEqualKeyword.groovy:44)
	at com.kms.katalon.core.keyword.internal.KeywordExecutor.executeKeywordForPlatform(KeywordExecutor.groovy:74)
	at com.kms.katalon.core.keyword.BuiltinKeywords.verifyEqual(BuiltinKeywords.groovy:146)
	at jdk.internal.reflect.GeneratedMethodAccessor25.invoke(Unknown Source)
	at java.base/jdk.internal.reflect.DelegatingMethodAccessorImpl.invoke(DelegatingMethodAccessorImpl.java:43)
	at Выполнение бизнес-плана сверка дашбордов.CompareDZOData(Выполнение бизнес-плана сверка дашбордов:758)
	at Выполнение бизнес-плана сверка дашбордов.run(Выполнение бизнес-плана сверка дашбордов:658)
	at com.kms.katalon.core.main.ScriptEngine.run(ScriptEngine.java:194)
	at com.kms.katalon.core.main.ScriptEngine.runScriptAsRawText(ScriptEngine.java:119)
	at com.kms.katalon.core.main.TestCaseExecutor.runScript(TestCaseExecutor.java:448)
	at com.kms.katalon.core.main.TestCaseExecutor.doExecute(TestCaseExecutor.java:439)
	at com.kms.katalon.core.main.TestCaseExecutor.processExecutionPhase(TestCaseExecutor.java:418)
	at com.kms.katalon.core.main.TestCaseExecutor.accessMainPhase(TestCaseExecutor.java:410)
	at com.kms.katalon.core.main.TestCaseExecutor.execute(TestCaseExecutor.java:285)
	at com.kms.katalon.core.common.CommonExecutor.accessTestCaseMainPhase(CommonExecutor.java:65)
	at com.kms.katalon.core.main.TestSuiteExecutor.accessTestSuiteMainPhase(TestSuiteExecutor.java:150)
	at com.kms.katalon.core.main.TestSuiteExecutor.execute(TestSuiteExecutor.java:106)
	at com.kms.katalon.core.main.TestCaseMain.startTestSuite(TestCaseMain.java:180)
	at TempTestSuite1733111659562.run(TempTestSuite1733111659562.groovy:35)
	at java.base/jdk.internal.reflect.NativeMethodAccessorImpl.invoke0(Native Method)
	at java.base/jdk.internal.reflect.NativeMethodAccessorImpl.invoke(NativeMethodAccessorImpl.java:77)
	at java.base/jdk.internal.reflect.DelegatingMethodAccessorImpl.invoke(DelegatingMethodAccessorImpl.java:43)
)

02-12-2024T07:07:01 - [TEST_STEP][PASSED] - result = WriteToExcel(typeOfData, todaysDate, PercPlanR, PercPlanB, PercFactR, PercFactB, x, tabR, tabB, o1R, o1B, vidget): null

02-12-2024T07:07:01 - [TEST_STEP][PASSED] - iii = dZO.indexOf("/"): null

02-12-2024T07:07:01 - [TEST_STEP][PASSED] - println(iii): null

02-12-2024T07:07:01 - [TEST_STEP][PASSED] - dZO = dZO.substring(0, iii): null

02-12-2024T07:07:01 - [TEST_STEP][PASSED] - println(dZO): null

02-12-2024T07:07:01 - [TEST_STEP][PASSED] - println(PercPlanR): null

02-12-2024T07:07:01 - [TEST_STEP][PASSED] - println(PercPlanB): null

02-12-2024T07:07:01 - [TEST_STEP][PASSED] - println(PercFactR): null

02-12-2024T07:07:01 - [TEST_STEP][PASSED] - println(PercFactB): null

02-12-2024T07:07:01 - [TEST_STEP][PASSED] - println(tabR): null

02-12-2024T07:07:01 - [TEST_STEP][PASSED] - println(tabB): null

02-12-2024T07:07:01 - [TEST_STEP][PASSED] - println(o1R): null

02-12-2024T07:07:01 - [TEST_STEP][PASSED] - println(o1B): null

02-12-2024T07:07:01 - [TEST_STEP][PASSED] - PR = <not implemented yet for class: org.codehaus.groovy.ast.expr.EmptyExpression>: null

02-12-2024T07:07:01 - [TEST_STEP][PASSED] - FR = <not implemented yet for class: org.codehaus.groovy.ast.expr.EmptyExpression>: null

02-12-2024T07:07:01 - [TEST_STEP][PASSED] - PB = <not implemented yet for class: org.codehaus.groovy.ast.expr.EmptyExpression>: null

02-12-2024T07:07:01 - [TEST_STEP][PASSED] - FB = <not implemented yet for class: org.codehaus.groovy.ast.expr.EmptyExpression>: null

02-12-2024T07:07:01 - [TEST_STEP][PASSED] - TR = <not implemented yet for class: org.codehaus.groovy.ast.expr.EmptyExpression>: null

02-12-2024T07:07:01 - [TEST_STEP][PASSED] - TB = <not implemented yet for class: org.codehaus.groovy.ast.expr.EmptyExpression>: null

02-12-2024T07:07:01 - [TEST_STEP][PASSED] - sheetName = "Sheet1": null

02-12-2024T07:07:01 - [TEST_STEP][PASSED] - data = findTestData("PlanFact"): null

02-12-2024T07:07:01 - [TEST_STEP][PASSED] - n = data.getRowNumbers() + 1: null

02-12-2024T07:07:01 - [TEST_STEP][PASSED] - year = todaysDate.substring(todaysDate.length() - 4, todaysDate.length()): null

02-12-2024T07:07:01 - [TEST_STEP][PASSED] - y = year.toInteger(): null

02-12-2024T07:07:01 - [TEST_STEP][PASSED] - m = getText(findTestObject("Выполнение бизнес-плана/Выполнение бизнес-плана Балансы/Фильтр Дата")): Text of object 'Object Repository/Выполнение бизнес-плана/Выполнение бизнес-плана Балансы/Фильтр Дата' is: '1, 2, 3 кв., Октябрь 2024 года'

02-12-2024T07:07:02 - [MESSAGE][PASSED] - Text of object 'Object Repository/Выполнение бизнес-плана/Выполнение бизнес-плана Балансы/Фильтр Дата' is: '1, 2, 3 кв., Октябрь 2024 года'

02-12-2024T07:07:02 - [TEST_STEP][PASSED] - m = m.substring(0, m.indexOf("2024")): null

02-12-2024T07:07:02 - [TEST_STEP][PASSED] - m = m.trim(): null

02-12-2024T07:07:02 - [TEST_STEP][PASSED] - dashboardName = "Выполнение бизнес-плана": null

02-12-2024T07:07:02 - [TEST_STEP][PASSED] - workbook01 = getWorkbook(excelFilePath): null

02-12-2024T07:07:02 - [TEST_STEP][PASSED] - sheet01 = getExcelSheet(workbook01, sheetName): null

02-12-2024T07:07:02 - [TEST_STEP][PASSED] - setValueToCellByIndex(sheet01, n, 0, dashboardName): null

02-12-2024T07:07:02 - [TEST_STEP][PASSED] - setValueToCellByIndex(sheet01, n, 1, dZO): null

02-12-2024T07:07:02 - [TEST_STEP][PASSED] - setValueToCellByIndex(sheet01, n, 2, typeOfData): null

02-12-2024T07:07:02 - [TEST_STEP][PASSED] - setValueToCellByIndex(sheet01, n, 3, typeOfData): null

02-12-2024T07:07:02 - [TEST_STEP][PASSED] - if (typeOfData == "План"): null

02-12-2024T07:07:02 - [TEST_STEP][PASSED] - else if (typeOfData == "Факт"): null

02-12-2024T07:07:02 - [TEST_STEP][PASSED] - else if (vidget.contains("электроэнергии") == true): null

02-12-2024T07:07:02 - [TEST_STEP][PASSED] - if (tabR == null): null

02-12-2024T07:07:02 - [TEST_STEP][PASSED] - else: null

02-12-2024T07:07:02 - [TEST_STEP][PASSED] - if (tabR == "нет данных"): null

02-12-2024T07:07:02 - [TEST_STEP][PASSED] - setValueToCellByIndex(sheet01, n, 4, "нет данных"): null

02-12-2024T07:07:02 - [TEST_STEP][PASSED] - if (tabB == null): null

02-12-2024T07:07:02 - [TEST_STEP][PASSED] - else: null

02-12-2024T07:07:02 - [TEST_STEP][PASSED] - if (tabB == "нет данных"): null

02-12-2024T07:07:02 - [TEST_STEP][PASSED] - else: null

02-12-2024T07:07:02 - [TEST_STEP][PASSED] - TB = tabB.toInteger(): null

02-12-2024T07:07:02 - [TEST_STEP][PASSED] - setValueToCellByIndex(sheet01, n, 5, TB): null

02-12-2024T07:07:02 - [TEST_STEP][PASSED] - setValueToCellByIndex(sheet01, n, 6, m): null

02-12-2024T07:07:02 - [TEST_STEP][PASSED] - setValueToCellByIndex(sheet01, n, 7, y): null

02-12-2024T07:07:02 - [TEST_STEP][PASSED] - setValueToCellByIndex(sheet01, n, 8, todaysDate): null

02-12-2024T07:07:02 - [TEST_STEP][PASSED] - n = n + 1: null

02-12-2024T07:07:02 - [TEST_STEP][PASSED] - saveWorkbook(excelFilePath, workbook01): null

02-12-2024T07:07:02 - [TEST_STEP][PASSED] - typeOfData = "План Потери": null

02-12-2024T07:07:02 - [TEST_STEP][PASSED] - tabR = GetPPlanR(x = a): null

02-12-2024T07:07:02 - [TEST_STEP][PASSED] - i1 = <not implemented yet for class: org.codehaus.groovy.ast.expr.EmptyExpression>: null

02-12-2024T07:07:02 - [TEST_STEP][PASSED] - ii = <not implemented yet for class: org.codehaus.groovy.ast.expr.EmptyExpression>: null

02-12-2024T07:07:02 - [TEST_STEP][PASSED] - for ([ii = 1, ii < 9, (ii++)]): null

02-12-2024T07:07:02 - [TEST_STEP][PASSED] - i1 = x.indexOf("/") + 1: null

02-12-2024T07:07:02 - [TEST_STEP][PASSED] - if (i1 > -1): null

02-12-2024T07:07:02 - [TEST_STEP][PASSED] - x = x.substring(i1, x.length()): null

02-12-2024T07:07:02 - [TEST_STEP][PASSED] - println(x): null

02-12-2024T07:07:02 - [TEST_STEP][PASSED] - i1 = x.indexOf("/") + 1: null

02-12-2024T07:07:02 - [TEST_STEP][PASSED] - if (i1 > -1): null

02-12-2024T07:07:02 - [TEST_STEP][PASSED] - x = x.substring(i1, x.length()): null

02-12-2024T07:07:02 - [TEST_STEP][PASSED] - println(x): null

02-12-2024T07:07:02 - [TEST_STEP][PASSED] - i1 = x.indexOf("/") + 1: null

02-12-2024T07:07:02 - [TEST_STEP][PASSED] - if (i1 > -1): null

02-12-2024T07:07:02 - [TEST_STEP][PASSED] - x = x.substring(i1, x.length()): null

02-12-2024T07:07:02 - [TEST_STEP][PASSED] - println(x): null

02-12-2024T07:07:02 - [TEST_STEP][PASSED] - i1 = x.indexOf("/") + 1: null

02-12-2024T07:07:02 - [TEST_STEP][PASSED] - if (i1 > -1): null

02-12-2024T07:07:02 - [TEST_STEP][PASSED] - x = x.substring(i1, x.length()): null

02-12-2024T07:07:02 - [TEST_STEP][PASSED] - println(x): null

02-12-2024T07:07:02 - [TEST_STEP][PASSED] - i1 = x.indexOf("/") + 1: null

02-12-2024T07:07:02 - [TEST_STEP][PASSED] - if (i1 > -1): null

02-12-2024T07:07:02 - [TEST_STEP][PASSED] - x = x.substring(i1, x.length()): null

02-12-2024T07:07:02 - [TEST_STEP][PASSED] - println(x): null

02-12-2024T07:07:02 - [TEST_STEP][PASSED] - i1 = x.indexOf("/") + 1: null

02-12-2024T07:07:02 - [TEST_STEP][PASSED] - if (i1 > -1): null

02-12-2024T07:07:02 - [TEST_STEP][PASSED] - x = x.substring(i1, x.length()): null

02-12-2024T07:07:02 - [TEST_STEP][PASSED] - println(x): null

02-12-2024T07:07:02 - [TEST_STEP][PASSED] - i1 = x.indexOf("/") + 1: null

02-12-2024T07:07:02 - [TEST_STEP][PASSED] - if (i1 > -1): null

02-12-2024T07:07:02 - [TEST_STEP][PASSED] - x = x.substring(i1, x.length()): null

02-12-2024T07:07:02 - [TEST_STEP][PASSED] - println(x): null

02-12-2024T07:07:02 - [TEST_STEP][PASSED] - i1 = x.indexOf("/") + 1: null

02-12-2024T07:07:02 - [TEST_STEP][PASSED] - if (i1 > -1): null

02-12-2024T07:07:02 - [TEST_STEP][PASSED] - x = x.substring(i1, x.length()): null

02-12-2024T07:07:02 - [TEST_STEP][PASSED] - println(x): null

02-12-2024T07:07:02 - [TEST_STEP][PASSED] - i1 = x.indexOf("/"): null

02-12-2024T07:07:02 - [TEST_STEP][PASSED] - if (i1 > -1): null

02-12-2024T07:07:02 - [TEST_STEP][PASSED] - x = x.substring(0, i1): null

02-12-2024T07:07:02 - [TEST_STEP][PASSED] - println(x): null

02-12-2024T07:07:02 - [TEST_STEP][PASSED] - return x: null

02-12-2024T07:07:02 - [TEST_STEP][PASSED] - tabB = GetPPlanB(x = b): null

02-12-2024T07:07:02 - [TEST_STEP][PASSED] - i1 = <not implemented yet for class: org.codehaus.groovy.ast.expr.EmptyExpression>: null

02-12-2024T07:07:02 - [TEST_STEP][PASSED] - ii = <not implemented yet for class: org.codehaus.groovy.ast.expr.EmptyExpression>: null

02-12-2024T07:07:02 - [TEST_STEP][PASSED] - for ([ii = 1, ii < 9, (ii++)]): null

02-12-2024T07:07:02 - [TEST_STEP][PASSED] - i1 = x.indexOf("/") + 1: null

02-12-2024T07:07:02 - [TEST_STEP][PASSED] - if (i1 > -1): null

02-12-2024T07:07:02 - [TEST_STEP][PASSED] - x = x.substring(i1, x.length()): null

02-12-2024T07:07:02 - [TEST_STEP][PASSED] - println(x): null

02-12-2024T07:07:02 - [TEST_STEP][PASSED] - i1 = x.indexOf("/") + 1: null

02-12-2024T07:07:02 - [TEST_STEP][PASSED] - if (i1 > -1): null

02-12-2024T07:07:02 - [TEST_STEP][PASSED] - x = x.substring(i1, x.length()): null

02-12-2024T07:07:02 - [TEST_STEP][PASSED] - println(x): null

02-12-2024T07:07:02 - [TEST_STEP][PASSED] - i1 = x.indexOf("/") + 1: null

02-12-2024T07:07:02 - [TEST_STEP][PASSED] - if (i1 > -1): null

02-12-2024T07:07:02 - [TEST_STEP][PASSED] - x = x.substring(i1, x.length()): null

02-12-2024T07:07:02 - [TEST_STEP][PASSED] - println(x): null

02-12-2024T07:07:02 - [TEST_STEP][PASSED] - i1 = x.indexOf("/") + 1: null

02-12-2024T07:07:02 - [TEST_STEP][PASSED] - if (i1 > -1): null

02-12-2024T07:07:02 - [TEST_STEP][PASSED] - x = x.substring(i1, x.length()): null

02-12-2024T07:07:02 - [TEST_STEP][PASSED] - println(x): null

02-12-2024T07:07:02 - [TEST_STEP][PASSED] - i1 = x.indexOf("/") + 1: null

02-12-2024T07:07:02 - [TEST_STEP][PASSED] - if (i1 > -1): null

02-12-2024T07:07:02 - [TEST_STEP][PASSED] - x = x.substring(i1, x.length()): null

02-12-2024T07:07:02 - [TEST_STEP][PASSED] - println(x): null

02-12-2024T07:07:02 - [TEST_STEP][PASSED] - i1 = x.indexOf("/") + 1: null

02-12-2024T07:07:02 - [TEST_STEP][PASSED] - if (i1 > -1): null

02-12-2024T07:07:02 - [TEST_STEP][PASSED] - x = x.substring(i1, x.length()): null

02-12-2024T07:07:02 - [TEST_STEP][PASSED] - println(x): null

02-12-2024T07:07:02 - [TEST_STEP][PASSED] - i1 = x.indexOf("/") + 1: null

02-12-2024T07:07:02 - [TEST_STEP][PASSED] - if (i1 > -1): null

02-12-2024T07:07:02 - [TEST_STEP][PASSED] - x = x.substring(i1, x.length()): null

02-12-2024T07:07:02 - [TEST_STEP][PASSED] - println(x): null

02-12-2024T07:07:02 - [TEST_STEP][PASSED] - i1 = x.indexOf("/") + 1: null

02-12-2024T07:07:02 - [TEST_STEP][PASSED] - if (i1 > -1): null

02-12-2024T07:07:02 - [TEST_STEP][PASSED] - x = x.substring(i1, x.length()): null

02-12-2024T07:07:02 - [TEST_STEP][PASSED] - println(x): null

02-12-2024T07:07:02 - [TEST_STEP][PASSED] - i1 = x.indexOf("/"): null

02-12-2024T07:07:02 - [TEST_STEP][PASSED] - if (i1 > -1): null

02-12-2024T07:07:02 - [TEST_STEP][PASSED] - x = x.substring(0, i1): null

02-12-2024T07:07:02 - [TEST_STEP][PASSED] - println(x): null

02-12-2024T07:07:02 - [TEST_STEP][FAILED] - return x: null

02-12-2024T07:07:02 - [TEST_STEP][PASSED] - println(tabR + "/" + tabB): null

02-12-2024T07:07:02 - [TEST_STEP][FAILED] - if (verifyEqual(PercFactR, PercFactB) == false): null

02-12-2024T07:07:02 - [MESSAGE][FAILED] - Unable to verify equal between actual object 'нет данных' and expected object '8.58' (Root cause: com.kms.katalon.core.exception.StepFailedException: Actual object 'нет данных' and expected object '8.58' are not equal
	at com.kms.katalon.core.keyword.builtin.VerifyEqualKeyword$_verifyEqual_closure1.doCall(VerifyEqualKeyword.groovy:58)
	at com.kms.katalon.core.keyword.builtin.VerifyEqualKeyword$_verifyEqual_closure1.call(VerifyEqualKeyword.groovy)
	at com.kms.katalon.core.keyword.internal.KeywordMain.runKeyword(KeywordMain.groovy:75)
	at com.kms.katalon.core.keyword.builtin.VerifyEqualKeyword.verifyEqual(VerifyEqualKeyword.groovy:63)
	at com.kms.katalon.core.keyword.builtin.VerifyEqualKeyword.execute(VerifyEqualKeyword.groovy:44)
	at com.kms.katalon.core.keyword.internal.KeywordExecutor.executeKeywordForPlatform(KeywordExecutor.groovy:74)
	at com.kms.katalon.core.keyword.BuiltinKeywords.verifyEqual(BuiltinKeywords.groovy:146)
	at jdk.internal.reflect.GeneratedMethodAccessor25.invoke(Unknown Source)
	at java.base/jdk.internal.reflect.DelegatingMethodAccessorImpl.invoke(DelegatingMethodAccessorImpl.java:43)
	at Выполнение бизнес-плана сверка дашбордов.CompareDZOData(Выполнение бизнес-плана сверка дашбордов:771)
	at Выполнение бизнес-плана сверка дашбордов.run(Выполнение бизнес-плана сверка дашбордов:658)
	at com.kms.katalon.core.main.ScriptEngine.run(ScriptEngine.java:194)
	at com.kms.katalon.core.main.ScriptEngine.runScriptAsRawText(ScriptEngine.java:119)
	at com.kms.katalon.core.main.TestCaseExecutor.runScript(TestCaseExecutor.java:448)
	at com.kms.katalon.core.main.TestCaseExecutor.doExecute(TestCaseExecutor.java:439)
	at com.kms.katalon.core.main.TestCaseExecutor.processExecutionPhase(TestCaseExecutor.java:418)
	at com.kms.katalon.core.main.TestCaseExecutor.accessMainPhase(TestCaseExecutor.java:410)
	at com.kms.katalon.core.main.TestCaseExecutor.execute(TestCaseExecutor.java:285)
	at com.kms.katalon.core.common.CommonExecutor.accessTestCaseMainPhase(CommonExecutor.java:65)
	at com.kms.katalon.core.main.TestSuiteExecutor.accessTestSuiteMainPhase(TestSuiteExecutor.java:150)
	at com.kms.katalon.core.main.TestSuiteExecutor.execute(TestSuiteExecutor.java:106)
	at com.kms.katalon.core.main.TestCaseMain.startTestSuite(TestCaseMain.java:180)
	at TempTestSuite1733111659562.run(TempTestSuite1733111659562.groovy:35)
	at java.base/jdk.internal.reflect.NativeMethodAccessorImpl.invoke0(Native Method)
	at java.base/jdk.internal.reflect.NativeMethodAccessorImpl.invoke(NativeMethodAccessorImpl.java:77)
	at java.base/jdk.internal.reflect.DelegatingMethodAccessorImpl.invoke(DelegatingMethodAccessorImpl.java:43)
)

02-12-2024T07:07:02 - [TEST_STEP][PASSED] - result = WriteToExcel(typeOfData, todaysDate, PercPlanR, PercPlanB, PercFactR, PercFactB, x, tabR, tabB, o1R, o1B, vidget): null

02-12-2024T07:07:02 - [TEST_STEP][PASSED] - iii = dZO.indexOf("/"): null

02-12-2024T07:07:02 - [TEST_STEP][PASSED] - println(iii): null

02-12-2024T07:07:02 - [TEST_STEP][PASSED] - dZO = dZO.substring(0, iii): null

02-12-2024T07:07:02 - [TEST_STEP][PASSED] - println(dZO): null

02-12-2024T07:07:02 - [TEST_STEP][PASSED] - println(PercPlanR): null

02-12-2024T07:07:02 - [TEST_STEP][PASSED] - println(PercPlanB): null

02-12-2024T07:07:02 - [TEST_STEP][PASSED] - println(PercFactR): null

02-12-2024T07:07:02 - [TEST_STEP][PASSED] - println(PercFactB): null

02-12-2024T07:07:02 - [TEST_STEP][PASSED] - println(tabR): null

02-12-2024T07:07:02 - [TEST_STEP][PASSED] - println(tabB): null

02-12-2024T07:07:02 - [TEST_STEP][PASSED] - println(o1R): null

02-12-2024T07:07:02 - [TEST_STEP][PASSED] - println(o1B): null

02-12-2024T07:07:02 - [TEST_STEP][PASSED] - PR = <not implemented yet for class: org.codehaus.groovy.ast.expr.EmptyExpression>: null

02-12-2024T07:07:02 - [TEST_STEP][PASSED] - FR = <not implemented yet for class: org.codehaus.groovy.ast.expr.EmptyExpression>: null

02-12-2024T07:07:02 - [TEST_STEP][PASSED] - PB = <not implemented yet for class: org.codehaus.groovy.ast.expr.EmptyExpression>: null

02-12-2024T07:07:02 - [TEST_STEP][PASSED] - FB = <not implemented yet for class: org.codehaus.groovy.ast.expr.EmptyExpression>: null

02-12-2024T07:07:02 - [TEST_STEP][PASSED] - TR = <not implemented yet for class: org.codehaus.groovy.ast.expr.EmptyExpression>: null

02-12-2024T07:07:02 - [TEST_STEP][PASSED] - TB = <not implemented yet for class: org.codehaus.groovy.ast.expr.EmptyExpression>: null

02-12-2024T07:07:02 - [TEST_STEP][PASSED] - sheetName = "Sheet1": null

02-12-2024T07:07:02 - [TEST_STEP][PASSED] - data = findTestData("PlanFact"): null

02-12-2024T07:07:02 - [TEST_STEP][PASSED] - n = data.getRowNumbers() + 1: null

02-12-2024T07:07:02 - [TEST_STEP][PASSED] - year = todaysDate.substring(todaysDate.length() - 4, todaysDate.length()): null

02-12-2024T07:07:02 - [TEST_STEP][PASSED] - y = year.toInteger(): null

02-12-2024T07:07:02 - [TEST_STEP][PASSED] - m = getText(findTestObject("Выполнение бизнес-плана/Выполнение бизнес-плана Балансы/Фильтр Дата")): Text of object 'Object Repository/Выполнение бизнес-плана/Выполнение бизнес-плана Балансы/Фильтр Дата' is: '1, 2, 3 кв., Октябрь 2024 года'

02-12-2024T07:07:02 - [MESSAGE][PASSED] - Text of object 'Object Repository/Выполнение бизнес-плана/Выполнение бизнес-плана Балансы/Фильтр Дата' is: '1, 2, 3 кв., Октябрь 2024 года'

02-12-2024T07:07:02 - [TEST_STEP][PASSED] - m = m.substring(0, m.indexOf("2024")): null

02-12-2024T07:07:02 - [TEST_STEP][PASSED] - m = m.trim(): null

02-12-2024T07:07:02 - [TEST_STEP][PASSED] - dashboardName = "Выполнение бизнес-плана": null

02-12-2024T07:07:02 - [TEST_STEP][PASSED] - workbook01 = getWorkbook(excelFilePath): null

02-12-2024T07:07:02 - [TEST_STEP][PASSED] - sheet01 = getExcelSheet(workbook01, sheetName): null

02-12-2024T07:07:02 - [TEST_STEP][PASSED] - setValueToCellByIndex(sheet01, n, 0, dashboardName): null

02-12-2024T07:07:02 - [TEST_STEP][PASSED] - setValueToCellByIndex(sheet01, n, 1, dZO): null

02-12-2024T07:07:02 - [TEST_STEP][PASSED] - setValueToCellByIndex(sheet01, n, 2, typeOfData): null

02-12-2024T07:07:02 - [TEST_STEP][PASSED] - setValueToCellByIndex(sheet01, n, 3, typeOfData): null

02-12-2024T07:07:02 - [TEST_STEP][PASSED] - if (typeOfData == "План"): null

02-12-2024T07:07:02 - [TEST_STEP][PASSED] - else if (typeOfData == "Факт"): null

02-12-2024T07:07:02 - [TEST_STEP][PASSED] - else if (vidget.contains("электроэнергии") == true): null

02-12-2024T07:07:02 - [TEST_STEP][PASSED] - if (tabR == null): null

02-12-2024T07:07:02 - [TEST_STEP][PASSED] - else: null

02-12-2024T07:07:02 - [TEST_STEP][PASSED] - if (tabR == "нет данных"): null

02-12-2024T07:07:02 - [TEST_STEP][PASSED] - setValueToCellByIndex(sheet01, n, 4, "нет данных"): null

02-12-2024T07:07:02 - [TEST_STEP][PASSED] - if (tabB == null): null

02-12-2024T07:07:02 - [TEST_STEP][PASSED] - else: null

02-12-2024T07:07:02 - [TEST_STEP][PASSED] - if (tabB == "нет данных"): null

02-12-2024T07:07:02 - [TEST_STEP][PASSED] - else: null

02-12-2024T07:07:02 - [TEST_STEP][PASSED] - TB = tabB.toInteger(): null

02-12-2024T07:07:02 - [TEST_STEP][PASSED] - setValueToCellByIndex(sheet01, n, 5, TB): null

02-12-2024T07:07:02 - [TEST_STEP][PASSED] - setValueToCellByIndex(sheet01, n, 6, m): null

02-12-2024T07:07:02 - [TEST_STEP][PASSED] - setValueToCellByIndex(sheet01, n, 7, y): null

02-12-2024T07:07:02 - [TEST_STEP][PASSED] - setValueToCellByIndex(sheet01, n, 8, todaysDate): null

02-12-2024T07:07:02 - [TEST_STEP][PASSED] - n = n + 1: null

02-12-2024T07:07:02 - [TEST_STEP][PASSED] - saveWorkbook(excelFilePath, workbook01): null

02-12-2024T07:07:03 - [TEST_STEP][PASSED] - ii2 = a.indexOf("ПАО"): null

02-12-2024T07:07:03 - [TEST_STEP][PASSED] - if (ii2 == -1): null

02-12-2024T07:07:03 - [TEST_STEP][PASSED] - vidget = "Отклонения фактического уровня потерь от бизнес-плана": null

02-12-2024T07:07:03 - [TEST_STEP][PASSED] - typeOfData = "Коэффициент": null

02-12-2024T07:07:03 - [TEST_STEP][PASSED] - o1R = Geto1R(x = a): null

02-12-2024T07:07:03 - [TEST_STEP][PASSED] - i1 = <not implemented yet for class: org.codehaus.groovy.ast.expr.EmptyExpression>: null

02-12-2024T07:07:03 - [TEST_STEP][PASSED] - ii = <not implemented yet for class: org.codehaus.groovy.ast.expr.EmptyExpression>: null

02-12-2024T07:07:03 - [TEST_STEP][PASSED] - for ([ii = 1, ii < 10, (ii++)]): null

02-12-2024T07:07:03 - [TEST_STEP][PASSED] - i1 = x.indexOf("/") + 1: null

02-12-2024T07:07:03 - [TEST_STEP][PASSED] - if (i1 > -1): null

02-12-2024T07:07:03 - [TEST_STEP][PASSED] - x = x.substring(i1, x.length()): null

02-12-2024T07:07:03 - [TEST_STEP][PASSED] - i1 = x.indexOf("/") + 1: null

02-12-2024T07:07:03 - [TEST_STEP][PASSED] - if (i1 > -1): null

02-12-2024T07:07:03 - [TEST_STEP][PASSED] - x = x.substring(i1, x.length()): null

02-12-2024T07:07:03 - [TEST_STEP][PASSED] - i1 = x.indexOf("/") + 1: null

02-12-2024T07:07:03 - [TEST_STEP][PASSED] - if (i1 > -1): null

02-12-2024T07:07:03 - [TEST_STEP][PASSED] - x = x.substring(i1, x.length()): null

02-12-2024T07:07:03 - [TEST_STEP][PASSED] - i1 = x.indexOf("/") + 1: null

02-12-2024T07:07:03 - [TEST_STEP][PASSED] - if (i1 > -1): null

02-12-2024T07:07:03 - [TEST_STEP][PASSED] - x = x.substring(i1, x.length()): null

02-12-2024T07:07:03 - [TEST_STEP][PASSED] - i1 = x.indexOf("/") + 1: null

02-12-2024T07:07:03 - [TEST_STEP][PASSED] - if (i1 > -1): null

02-12-2024T07:07:03 - [TEST_STEP][PASSED] - x = x.substring(i1, x.length()): null

02-12-2024T07:07:03 - [TEST_STEP][PASSED] - i1 = x.indexOf("/") + 1: null

02-12-2024T07:07:03 - [TEST_STEP][PASSED] - if (i1 > -1): null

02-12-2024T07:07:03 - [TEST_STEP][PASSED] - x = x.substring(i1, x.length()): null

02-12-2024T07:07:03 - [TEST_STEP][PASSED] - i1 = x.indexOf("/") + 1: null

02-12-2024T07:07:03 - [TEST_STEP][PASSED] - if (i1 > -1): null

02-12-2024T07:07:03 - [TEST_STEP][PASSED] - x = x.substring(i1, x.length()): null

02-12-2024T07:07:03 - [TEST_STEP][PASSED] - i1 = x.indexOf("/") + 1: null

02-12-2024T07:07:03 - [TEST_STEP][PASSED] - if (i1 > -1): null

02-12-2024T07:07:03 - [TEST_STEP][PASSED] - x = x.substring(i1, x.length()): null

02-12-2024T07:07:03 - [TEST_STEP][PASSED] - i1 = x.indexOf("/") + 1: null

02-12-2024T07:07:03 - [TEST_STEP][PASSED] - if (i1 > -1): null

02-12-2024T07:07:03 - [TEST_STEP][PASSED] - x = x.substring(i1, x.length()): null

02-12-2024T07:07:03 - [TEST_STEP][PASSED] - i1 = x.indexOf("/"): null

02-12-2024T07:07:03 - [TEST_STEP][PASSED] - if (i1 > -1): null

02-12-2024T07:07:03 - [TEST_STEP][PASSED] - println(x): null

02-12-2024T07:07:03 - [TEST_STEP][PASSED] - return x: null

02-12-2024T07:07:03 - [TEST_STEP][PASSED] - o1B = Geto1B(x = b): null

02-12-2024T07:07:03 - [TEST_STEP][PASSED] - i1 = <not implemented yet for class: org.codehaus.groovy.ast.expr.EmptyExpression>: null

02-12-2024T07:07:03 - [TEST_STEP][PASSED] - ii = <not implemented yet for class: org.codehaus.groovy.ast.expr.EmptyExpression>: null

02-12-2024T07:07:03 - [TEST_STEP][PASSED] - for ([ii = 1, ii < 10, (ii++)]): null

02-12-2024T07:07:03 - [TEST_STEP][PASSED] - i1 = x.indexOf("/") + 1: null

02-12-2024T07:07:03 - [TEST_STEP][PASSED] - if (i1 > -1): null

02-12-2024T07:07:03 - [TEST_STEP][PASSED] - x = x.substring(i1, x.length()): null

02-12-2024T07:07:03 - [TEST_STEP][PASSED] - i1 = x.indexOf("/") + 1: null

02-12-2024T07:07:03 - [TEST_STEP][PASSED] - if (i1 > -1): null

02-12-2024T07:07:03 - [TEST_STEP][PASSED] - x = x.substring(i1, x.length()): null

02-12-2024T07:07:03 - [TEST_STEP][PASSED] - i1 = x.indexOf("/") + 1: null

02-12-2024T07:07:03 - [TEST_STEP][PASSED] - if (i1 > -1): null

02-12-2024T07:07:03 - [TEST_STEP][PASSED] - x = x.substring(i1, x.length()): null

02-12-2024T07:07:03 - [TEST_STEP][PASSED] - i1 = x.indexOf("/") + 1: null

02-12-2024T07:07:03 - [TEST_STEP][PASSED] - if (i1 > -1): null

02-12-2024T07:07:03 - [TEST_STEP][PASSED] - x = x.substring(i1, x.length()): null

02-12-2024T07:07:03 - [TEST_STEP][PASSED] - i1 = x.indexOf("/") + 1: null

02-12-2024T07:07:03 - [TEST_STEP][PASSED] - if (i1 > -1): null

02-12-2024T07:07:03 - [TEST_STEP][PASSED] - x = x.substring(i1, x.length()): null

02-12-2024T07:07:03 - [TEST_STEP][PASSED] - i1 = x.indexOf("/") + 1: null

02-12-2024T07:07:03 - [TEST_STEP][PASSED] - if (i1 > -1): null

02-12-2024T07:07:03 - [TEST_STEP][PASSED] - x = x.substring(i1, x.length()): null

02-12-2024T07:07:03 - [TEST_STEP][PASSED] - i1 = x.indexOf("/") + 1: null

02-12-2024T07:07:03 - [TEST_STEP][PASSED] - if (i1 > -1): null

02-12-2024T07:07:03 - [TEST_STEP][PASSED] - x = x.substring(i1, x.length()): null

02-12-2024T07:07:03 - [TEST_STEP][PASSED] - i1 = x.indexOf("/") + 1: null

02-12-2024T07:07:03 - [TEST_STEP][PASSED] - if (i1 > -1): null

02-12-2024T07:07:03 - [TEST_STEP][PASSED] - x = x.substring(i1, x.length()): null

02-12-2024T07:07:03 - [TEST_STEP][PASSED] - i1 = x.indexOf("/") + 1: null

02-12-2024T07:07:03 - [TEST_STEP][PASSED] - if (i1 > -1): null

02-12-2024T07:07:03 - [TEST_STEP][PASSED] - x = x.substring(i1, x.length()): null

02-12-2024T07:07:03 - [TEST_STEP][PASSED] - i1 = x.indexOf("/"): null

02-12-2024T07:07:03 - [TEST_STEP][PASSED] - if (i1 > -1): null

02-12-2024T07:07:03 - [TEST_STEP][PASSED] - println(x): null

02-12-2024T07:07:03 - [TEST_STEP][FAILED] - return x: null

02-12-2024T07:07:03 - [TEST_STEP][PASSED] - println(o1R + "/" + o1B): null

02-12-2024T07:07:03 - [TEST_STEP][FAILED] - if (verifyEqual(PercFactR, PercFactB) == false): null

02-12-2024T07:07:03 - [MESSAGE][FAILED] - Unable to verify equal between actual object 'нет данных' and expected object '8.58' (Root cause: com.kms.katalon.core.exception.StepFailedException: Actual object 'нет данных' and expected object '8.58' are not equal
	at com.kms.katalon.core.keyword.builtin.VerifyEqualKeyword$_verifyEqual_closure1.doCall(VerifyEqualKeyword.groovy:58)
	at com.kms.katalon.core.keyword.builtin.VerifyEqualKeyword$_verifyEqual_closure1.call(VerifyEqualKeyword.groovy)
	at com.kms.katalon.core.keyword.internal.KeywordMain.runKeyword(KeywordMain.groovy:75)
	at com.kms.katalon.core.keyword.builtin.VerifyEqualKeyword.verifyEqual(VerifyEqualKeyword.groovy:63)
	at com.kms.katalon.core.keyword.builtin.VerifyEqualKeyword.execute(VerifyEqualKeyword.groovy:44)
	at com.kms.katalon.core.keyword.internal.KeywordExecutor.executeKeywordForPlatform(KeywordExecutor.groovy:74)
	at com.kms.katalon.core.keyword.BuiltinKeywords.verifyEqual(BuiltinKeywords.groovy:146)
	at jdk.internal.reflect.GeneratedMethodAccessor25.invoke(Unknown Source)
	at java.base/jdk.internal.reflect.DelegatingMethodAccessorImpl.invoke(DelegatingMethodAccessorImpl.java:43)
	at Выполнение бизнес-плана сверка дашбордов.CompareDZOData(Выполнение бизнес-плана сверка дашбордов:789)
	at Выполнение бизнес-плана сверка дашбордов.run(Выполнение бизнес-плана сверка дашбордов:658)
	at com.kms.katalon.core.main.ScriptEngine.run(ScriptEngine.java:194)
	at com.kms.katalon.core.main.ScriptEngine.runScriptAsRawText(ScriptEngine.java:119)
	at com.kms.katalon.core.main.TestCaseExecutor.runScript(TestCaseExecutor.java:448)
	at com.kms.katalon.core.main.TestCaseExecutor.doExecute(TestCaseExecutor.java:439)
	at com.kms.katalon.core.main.TestCaseExecutor.processExecutionPhase(TestCaseExecutor.java:418)
	at com.kms.katalon.core.main.TestCaseExecutor.accessMainPhase(TestCaseExecutor.java:410)
	at com.kms.katalon.core.main.TestCaseExecutor.execute(TestCaseExecutor.java:285)
	at com.kms.katalon.core.common.CommonExecutor.accessTestCaseMainPhase(CommonExecutor.java:65)
	at com.kms.katalon.core.main.TestSuiteExecutor.accessTestSuiteMainPhase(TestSuiteExecutor.java:150)
	at com.kms.katalon.core.main.TestSuiteExecutor.execute(TestSuiteExecutor.java:106)
	at com.kms.katalon.core.main.TestCaseMain.startTestSuite(TestCaseMain.java:180)
	at TempTestSuite1733111659562.run(TempTestSuite1733111659562.groovy:35)
	at java.base/jdk.internal.reflect.NativeMethodAccessorImpl.invoke0(Native Method)
	at java.base/jdk.internal.reflect.NativeMethodAccessorImpl.invoke(NativeMethodAccessorImpl.java:77)
	at java.base/jdk.internal.reflect.DelegatingMethodAccessorImpl.invoke(DelegatingMethodAccessorImpl.java:43)
)

02-12-2024T07:07:03 - [TEST_STEP][PASSED] - result = WriteToExcel(typeOfData, todaysDate, PercPlanR, PercPlanB, PercFactR, PercFactB, x, tabR, tabB, o1R, o1B, vidget): null

02-12-2024T07:07:03 - [TEST_STEP][PASSED] - iii = dZO.indexOf("/"): null

02-12-2024T07:07:03 - [TEST_STEP][PASSED] - println(iii): null

02-12-2024T07:07:03 - [TEST_STEP][PASSED] - dZO = dZO.substring(0, iii): null

02-12-2024T07:07:03 - [TEST_STEP][PASSED] - println(dZO): null

02-12-2024T07:07:03 - [TEST_STEP][PASSED] - println(PercPlanR): null

02-12-2024T07:07:03 - [TEST_STEP][PASSED] - println(PercPlanB): null

02-12-2024T07:07:03 - [TEST_STEP][PASSED] - println(PercFactR): null

02-12-2024T07:07:03 - [TEST_STEP][PASSED] - println(PercFactB): null

02-12-2024T07:07:03 - [TEST_STEP][PASSED] - println(tabR): null

02-12-2024T07:07:03 - [TEST_STEP][PASSED] - println(tabB): null

02-12-2024T07:07:03 - [TEST_STEP][PASSED] - println(o1R): null

02-12-2024T07:07:03 - [TEST_STEP][PASSED] - println(o1B): null

02-12-2024T07:07:03 - [TEST_STEP][PASSED] - PR = <not implemented yet for class: org.codehaus.groovy.ast.expr.EmptyExpression>: null

02-12-2024T07:07:03 - [TEST_STEP][PASSED] - FR = <not implemented yet for class: org.codehaus.groovy.ast.expr.EmptyExpression>: null

02-12-2024T07:07:03 - [TEST_STEP][PASSED] - PB = <not implemented yet for class: org.codehaus.groovy.ast.expr.EmptyExpression>: null

02-12-2024T07:07:03 - [TEST_STEP][PASSED] - FB = <not implemented yet for class: org.codehaus.groovy.ast.expr.EmptyExpression>: null

02-12-2024T07:07:03 - [TEST_STEP][PASSED] - TR = <not implemented yet for class: org.codehaus.groovy.ast.expr.EmptyExpression>: null

02-12-2024T07:07:03 - [TEST_STEP][PASSED] - TB = <not implemented yet for class: org.codehaus.groovy.ast.expr.EmptyExpression>: null

02-12-2024T07:07:03 - [TEST_STEP][PASSED] - sheetName = "Sheet1": null

02-12-2024T07:07:03 - [TEST_STEP][PASSED] - data = findTestData("PlanFact"): null

02-12-2024T07:07:03 - [TEST_STEP][PASSED] - n = data.getRowNumbers() + 1: null

02-12-2024T07:07:03 - [TEST_STEP][PASSED] - year = todaysDate.substring(todaysDate.length() - 4, todaysDate.length()): null

02-12-2024T07:07:03 - [TEST_STEP][PASSED] - y = year.toInteger(): null

02-12-2024T07:07:03 - [TEST_STEP][PASSED] - m = getText(findTestObject("Выполнение бизнес-плана/Выполнение бизнес-плана Балансы/Фильтр Дата")): Text of object 'Object Repository/Выполнение бизнес-плана/Выполнение бизнес-плана Балансы/Фильтр Дата' is: '1, 2, 3 кв., Октябрь 2024 года'

02-12-2024T07:07:03 - [MESSAGE][PASSED] - Text of object 'Object Repository/Выполнение бизнес-плана/Выполнение бизнес-плана Балансы/Фильтр Дата' is: '1, 2, 3 кв., Октябрь 2024 года'

02-12-2024T07:07:03 - [TEST_STEP][PASSED] - m = m.substring(0, m.indexOf("2024")): null

02-12-2024T07:07:03 - [TEST_STEP][PASSED] - m = m.trim(): null

02-12-2024T07:07:03 - [TEST_STEP][PASSED] - dashboardName = "Выполнение бизнес-плана": null

02-12-2024T07:07:03 - [TEST_STEP][PASSED] - workbook01 = getWorkbook(excelFilePath): null

02-12-2024T07:07:03 - [TEST_STEP][PASSED] - sheet01 = getExcelSheet(workbook01, sheetName): null

02-12-2024T07:07:03 - [TEST_STEP][PASSED] - setValueToCellByIndex(sheet01, n, 0, dashboardName): null

02-12-2024T07:07:03 - [TEST_STEP][PASSED] - setValueToCellByIndex(sheet01, n, 1, dZO): null

02-12-2024T07:07:03 - [TEST_STEP][PASSED] - setValueToCellByIndex(sheet01, n, 2, typeOfData): null

02-12-2024T07:07:03 - [TEST_STEP][PASSED] - setValueToCellByIndex(sheet01, n, 3, typeOfData): null

02-12-2024T07:07:03 - [TEST_STEP][PASSED] - if (typeOfData == "План"): null

02-12-2024T07:07:03 - [TEST_STEP][PASSED] - else if (typeOfData == "Факт"): null

02-12-2024T07:07:03 - [TEST_STEP][PASSED] - else if (vidget.contains("электроэнергии") == true): null

02-12-2024T07:07:03 - [TEST_STEP][PASSED] - else: null

02-12-2024T07:07:03 - [TEST_STEP][PASSED] - if (o1R == null): null

02-12-2024T07:07:03 - [TEST_STEP][PASSED] - else: null

02-12-2024T07:07:03 - [TEST_STEP][PASSED] - if (o1R == "нет данных"): null

02-12-2024T07:07:03 - [TEST_STEP][PASSED] - setValueToCellByIndex(sheet01, n, 4, "нет данных"): null

02-12-2024T07:07:03 - [TEST_STEP][PASSED] - if (o1B == null): null

02-12-2024T07:07:03 - [TEST_STEP][PASSED] - else: null

02-12-2024T07:07:03 - [TEST_STEP][PASSED] - if (o1B == "нет данных"): null

02-12-2024T07:07:03 - [TEST_STEP][PASSED] - else: null

02-12-2024T07:07:03 - [TEST_STEP][PASSED] - FB = o1B.toDouble(): null

02-12-2024T07:07:03 - [TEST_STEP][PASSED] - setValueToCellByIndex(sheet01, n, 5, FB): null

02-12-2024T07:07:03 - [TEST_STEP][PASSED] - setValueToCellByIndex(sheet01, n, 6, m): null

02-12-2024T07:07:03 - [TEST_STEP][PASSED] - setValueToCellByIndex(sheet01, n, 7, y): null

02-12-2024T07:07:03 - [TEST_STEP][PASSED] - setValueToCellByIndex(sheet01, n, 8, todaysDate): null

02-12-2024T07:07:03 - [TEST_STEP][PASSED] - n = n + 1: null

02-12-2024T07:07:03 - [TEST_STEP][FAILED] - saveWorkbook(excelFilePath, workbook01): null

02-12-2024T07:07:03 - [TEST_STEP][FAILED] - if (verifyEqual(yR, yB) == false): null

02-12-2024T07:07:03 - [MESSAGE][FAILED] - Unable to verify equal between actual object 'Россети Янтарь/нет данных/нет данных/нет данных/нет данных/нет данных/нет данных/нет данных/нет данных/нет данных' and expected object 'Россети Янтарь/8.82/8.76/3757223/3428012/329211/3603098/3285438/317660/-0.05' (Root cause: com.kms.katalon.core.exception.StepFailedException: Actual object 'Россети Янтарь/нет данных/нет данных/нет данных/нет данных/нет данных/нет данных/нет данных/нет данных/нет данных' and expected object 'Россети Янтарь/8.82/8.76/3757223/3428012/329211/3603098/3285438/317660/-0.05' are not equal
	at com.kms.katalon.core.keyword.builtin.VerifyEqualKeyword$_verifyEqual_closure1.doCall(VerifyEqualKeyword.groovy:58)
	at com.kms.katalon.core.keyword.builtin.VerifyEqualKeyword$_verifyEqual_closure1.call(VerifyEqualKeyword.groovy)
	at com.kms.katalon.core.keyword.internal.KeywordMain.runKeyword(KeywordMain.groovy:75)
	at com.kms.katalon.core.keyword.builtin.VerifyEqualKeyword.verifyEqual(VerifyEqualKeyword.groovy:63)
	at com.kms.katalon.core.keyword.builtin.VerifyEqualKeyword.execute(VerifyEqualKeyword.groovy:44)
	at com.kms.katalon.core.keyword.internal.KeywordExecutor.executeKeywordForPlatform(KeywordExecutor.groovy:74)
	at com.kms.katalon.core.keyword.BuiltinKeywords.verifyEqual(BuiltinKeywords.groovy:146)
	at jdk.internal.reflect.GeneratedMethodAccessor25.invoke(Unknown Source)
	at java.base/jdk.internal.reflect.DelegatingMethodAccessorImpl.invoke(DelegatingMethodAccessorImpl.java:43)
	at Выполнение бизнес-плана сверка дашбордов.run(Выполнение бизнес-плана сверка дашбордов:662)
	at com.kms.katalon.core.main.ScriptEngine.run(ScriptEngine.java:194)
	at com.kms.katalon.core.main.ScriptEngine.runScriptAsRawText(ScriptEngine.java:119)
	at com.kms.katalon.core.main.TestCaseExecutor.runScript(TestCaseExecutor.java:448)
	at com.kms.katalon.core.main.TestCaseExecutor.doExecute(TestCaseExecutor.java:439)
	at com.kms.katalon.core.main.TestCaseExecutor.processExecutionPhase(TestCaseExecutor.java:418)
	at com.kms.katalon.core.main.TestCaseExecutor.accessMainPhase(TestCaseExecutor.java:410)
	at com.kms.katalon.core.main.TestCaseExecutor.execute(TestCaseExecutor.java:285)
	at com.kms.katalon.core.common.CommonExecutor.accessTestCaseMainPhase(CommonExecutor.java:65)
	at com.kms.katalon.core.main.TestSuiteExecutor.accessTestSuiteMainPhase(TestSuiteExecutor.java:150)
	at com.kms.katalon.core.main.TestSuiteExecutor.execute(TestSuiteExecutor.java:106)
	at com.kms.katalon.core.main.TestCaseMain.startTestSuite(TestCaseMain.java:180)
	at TempTestSuite1733111659562.run(TempTestSuite1733111659562.groovy:35)
	at java.base/jdk.internal.reflect.NativeMethodAccessorImpl.invoke0(Native Method)
	at java.base/jdk.internal.reflect.NativeMethodAccessorImpl.invoke(NativeMethodAccessorImpl.java:77)
	at java.base/jdk.internal.reflect.DelegatingMethodAccessorImpl.invoke(DelegatingMethodAccessorImpl.java:43)
)

02-12-2024T07:07:03 - [TEST_STEP][PASSED] - result = CompareDZOData(a = yR, b = yB, dZO, typeOfData, PercPlanR, PercPlanB, PercFactR, PercFactB, todaysDate, x, vidget, tabR, tabB, o1R, o1B): null

02-12-2024T07:07:03 - [TEST_STEP][PASSED] - ii2 = <not implemented yet for class: org.codehaus.groovy.ast.expr.EmptyExpression>: null

02-12-2024T07:07:03 - [TEST_STEP][FAILED] - if (verifyEqual(a, b) == false): null

02-12-2024T07:07:03 - [MESSAGE][FAILED] - Unable to verify equal between actual object 'Россети Янтарь/нет данных/нет данных/нет данных/нет данных/нет данных/нет данных/нет данных/нет данных/нет данных' and expected object 'Россети Янтарь/8.82/8.76/3757223/3428012/329211/3603098/3285438/317660/-0.05' (Root cause: com.kms.katalon.core.exception.StepFailedException: Actual object 'Россети Янтарь/нет данных/нет данных/нет данных/нет данных/нет данных/нет данных/нет данных/нет данных/нет данных' and expected object 'Россети Янтарь/8.82/8.76/3757223/3428012/329211/3603098/3285438/317660/-0.05' are not equal
	at com.kms.katalon.core.keyword.builtin.VerifyEqualKeyword$_verifyEqual_closure1.doCall(VerifyEqualKeyword.groovy:58)
	at com.kms.katalon.core.keyword.builtin.VerifyEqualKeyword$_verifyEqual_closure1.call(VerifyEqualKeyword.groovy)
	at com.kms.katalon.core.keyword.internal.KeywordMain.runKeyword(KeywordMain.groovy:75)
	at com.kms.katalon.core.keyword.builtin.VerifyEqualKeyword.verifyEqual(VerifyEqualKeyword.groovy:63)
	at com.kms.katalon.core.keyword.builtin.VerifyEqualKeyword.execute(VerifyEqualKeyword.groovy:44)
	at com.kms.katalon.core.keyword.internal.KeywordExecutor.executeKeywordForPlatform(KeywordExecutor.groovy:74)
	at com.kms.katalon.core.keyword.BuiltinKeywords.verifyEqual(BuiltinKeywords.groovy:146)
	at jdk.internal.reflect.GeneratedMethodAccessor25.invoke(Unknown Source)
	at java.base/jdk.internal.reflect.DelegatingMethodAccessorImpl.invoke(DelegatingMethodAccessorImpl.java:43)
	at Выполнение бизнес-плана сверка дашбордов.CompareDZOData(Выполнение бизнес-плана сверка дашбордов:673)
	at Выполнение бизнес-плана сверка дашбордов.run(Выполнение бизнес-плана сверка дашбордов:663)
	at com.kms.katalon.core.main.ScriptEngine.run(ScriptEngine.java:194)
	at com.kms.katalon.core.main.ScriptEngine.runScriptAsRawText(ScriptEngine.java:119)
	at com.kms.katalon.core.main.TestCaseExecutor.runScript(TestCaseExecutor.java:448)
	at com.kms.katalon.core.main.TestCaseExecutor.doExecute(TestCaseExecutor.java:439)
	at com.kms.katalon.core.main.TestCaseExecutor.processExecutionPhase(TestCaseExecutor.java:418)
	at com.kms.katalon.core.main.TestCaseExecutor.accessMainPhase(TestCaseExecutor.java:410)
	at com.kms.katalon.core.main.TestCaseExecutor.execute(TestCaseExecutor.java:285)
	at com.kms.katalon.core.common.CommonExecutor.accessTestCaseMainPhase(CommonExecutor.java:65)
	at com.kms.katalon.core.main.TestSuiteExecutor.accessTestSuiteMainPhase(TestSuiteExecutor.java:150)
	at com.kms.katalon.core.main.TestSuiteExecutor.execute(TestSuiteExecutor.java:106)
	at com.kms.katalon.core.main.TestCaseMain.startTestSuite(TestCaseMain.java:180)
	at TempTestSuite1733111659562.run(TempTestSuite1733111659562.groovy:35)
	at java.base/jdk.internal.reflect.NativeMethodAccessorImpl.invoke0(Native Method)
	at java.base/jdk.internal.reflect.NativeMethodAccessorImpl.invoke(NativeMethodAccessorImpl.java:77)
	at java.base/jdk.internal.reflect.DelegatingMethodAccessorImpl.invoke(DelegatingMethodAccessorImpl.java:43)
)

02-12-2024T07:07:03 - [TEST_STEP][PASSED] - vidget = "Уровень потерь электроэнергии": null

02-12-2024T07:07:03 - [TEST_STEP][PASSED] - typeOfData = "План": null

02-12-2024T07:07:03 - [TEST_STEP][PASSED] - PercPlanR = GetPercPlanR(x = a): null

02-12-2024T07:07:03 - [TEST_STEP][PASSED] - i1 = <not implemented yet for class: org.codehaus.groovy.ast.expr.EmptyExpression>: null

02-12-2024T07:07:03 - [TEST_STEP][PASSED] - i1 = x.indexOf("/") + 1: null

02-12-2024T07:07:03 - [TEST_STEP][PASSED] - if (i1 > -1): null

02-12-2024T07:07:03 - [TEST_STEP][PASSED] - x = x.substring(i1, x.length()): null

02-12-2024T07:07:03 - [TEST_STEP][PASSED] - i1 = x.indexOf("/"): null

02-12-2024T07:07:03 - [TEST_STEP][PASSED] - if (i1 > -1): null

02-12-2024T07:07:03 - [TEST_STEP][PASSED] - x = x.substring(0, i1): null

02-12-2024T07:07:03 - [TEST_STEP][PASSED] - return x: null

02-12-2024T07:07:03 - [TEST_STEP][PASSED] - PercPlanB = GetPercPlanB(x = b): null

02-12-2024T07:07:03 - [TEST_STEP][PASSED] - i1 = <not implemented yet for class: org.codehaus.groovy.ast.expr.EmptyExpression>: null

02-12-2024T07:07:03 - [TEST_STEP][PASSED] - i1 = x.indexOf("/") + 1: null

02-12-2024T07:07:03 - [TEST_STEP][PASSED] - if (i1 > -1): null

02-12-2024T07:07:03 - [TEST_STEP][PASSED] - x = x.substring(i1, x.length()): null

02-12-2024T07:07:03 - [TEST_STEP][PASSED] - i1 = x.indexOf("/"): null

02-12-2024T07:07:03 - [TEST_STEP][PASSED] - if (i1 > -1): null

02-12-2024T07:07:03 - [TEST_STEP][PASSED] - x = x.substring(0, i1): null

02-12-2024T07:07:03 - [TEST_STEP][FAILED] - return x: null

02-12-2024T07:07:03 - [TEST_STEP][FAILED] - if (verifyEqual(PercPlanR, PercPlanB) == false): null

02-12-2024T07:07:03 - [MESSAGE][FAILED] - Unable to verify equal between actual object 'нет данных' and expected object '8.82' (Root cause: com.kms.katalon.core.exception.StepFailedException: Actual object 'нет данных' and expected object '8.82' are not equal
	at com.kms.katalon.core.keyword.builtin.VerifyEqualKeyword$_verifyEqual_closure1.doCall(VerifyEqualKeyword.groovy:58)
	at com.kms.katalon.core.keyword.builtin.VerifyEqualKeyword$_verifyEqual_closure1.call(VerifyEqualKeyword.groovy)
	at com.kms.katalon.core.keyword.internal.KeywordMain.runKeyword(KeywordMain.groovy:75)
	at com.kms.katalon.core.keyword.builtin.VerifyEqualKeyword.verifyEqual(VerifyEqualKeyword.groovy:63)
	at com.kms.katalon.core.keyword.builtin.VerifyEqualKeyword.execute(VerifyEqualKeyword.groovy:44)
	at com.kms.katalon.core.keyword.internal.KeywordExecutor.executeKeywordForPlatform(KeywordExecutor.groovy:74)
	at com.kms.katalon.core.keyword.BuiltinKeywords.verifyEqual(BuiltinKeywords.groovy:146)
	at jdk.internal.reflect.GeneratedMethodAccessor25.invoke(Unknown Source)
	at java.base/jdk.internal.reflect.DelegatingMethodAccessorImpl.invoke(DelegatingMethodAccessorImpl.java:43)
	at Выполнение бизнес-плана сверка дашбордов.CompareDZOData(Выполнение бизнес-плана сверка дашбордов:682)
	at Выполнение бизнес-плана сверка дашбордов.run(Выполнение бизнес-плана сверка дашбордов:663)
	at com.kms.katalon.core.main.ScriptEngine.run(ScriptEngine.java:194)
	at com.kms.katalon.core.main.ScriptEngine.runScriptAsRawText(ScriptEngine.java:119)
	at com.kms.katalon.core.main.TestCaseExecutor.runScript(TestCaseExecutor.java:448)
	at com.kms.katalon.core.main.TestCaseExecutor.doExecute(TestCaseExecutor.java:439)
	at com.kms.katalon.core.main.TestCaseExecutor.processExecutionPhase(TestCaseExecutor.java:418)
	at com.kms.katalon.core.main.TestCaseExecutor.accessMainPhase(TestCaseExecutor.java:410)
	at com.kms.katalon.core.main.TestCaseExecutor.execute(TestCaseExecutor.java:285)
	at com.kms.katalon.core.common.CommonExecutor.accessTestCaseMainPhase(CommonExecutor.java:65)
	at com.kms.katalon.core.main.TestSuiteExecutor.accessTestSuiteMainPhase(TestSuiteExecutor.java:150)
	at com.kms.katalon.core.main.TestSuiteExecutor.execute(TestSuiteExecutor.java:106)
	at com.kms.katalon.core.main.TestCaseMain.startTestSuite(TestCaseMain.java:180)
	at TempTestSuite1733111659562.run(TempTestSuite1733111659562.groovy:35)
	at java.base/jdk.internal.reflect.NativeMethodAccessorImpl.invoke0(Native Method)
	at java.base/jdk.internal.reflect.NativeMethodAccessorImpl.invoke(NativeMethodAccessorImpl.java:77)
	at java.base/jdk.internal.reflect.DelegatingMethodAccessorImpl.invoke(DelegatingMethodAccessorImpl.java:43)
)

02-12-2024T07:07:03 - [TEST_STEP][PASSED] - result = WriteToExcel(typeOfData, todaysDate, PercPlanR, PercPlanB, PercFactR, PercFactB, x, tabR, tabB, o1R, o1B, vidget): null

02-12-2024T07:07:03 - [TEST_STEP][PASSED] - iii = dZO.indexOf("/"): null

02-12-2024T07:07:03 - [TEST_STEP][PASSED] - println(iii): null

02-12-2024T07:07:03 - [TEST_STEP][PASSED] - dZO = dZO.substring(0, iii): null

02-12-2024T07:07:03 - [TEST_STEP][PASSED] - println(dZO): null

02-12-2024T07:07:03 - [TEST_STEP][PASSED] - println(PercPlanR): null

02-12-2024T07:07:03 - [TEST_STEP][PASSED] - println(PercPlanB): null

02-12-2024T07:07:03 - [TEST_STEP][PASSED] - println(PercFactR): null

02-12-2024T07:07:03 - [TEST_STEP][PASSED] - println(PercFactB): null

02-12-2024T07:07:03 - [TEST_STEP][PASSED] - println(tabR): null

02-12-2024T07:07:03 - [TEST_STEP][PASSED] - println(tabB): null

02-12-2024T07:07:03 - [TEST_STEP][PASSED] - println(o1R): null

02-12-2024T07:07:03 - [TEST_STEP][PASSED] - println(o1B): null

02-12-2024T07:07:03 - [TEST_STEP][PASSED] - PR = <not implemented yet for class: org.codehaus.groovy.ast.expr.EmptyExpression>: null

02-12-2024T07:07:03 - [TEST_STEP][PASSED] - FR = <not implemented yet for class: org.codehaus.groovy.ast.expr.EmptyExpression>: null

02-12-2024T07:07:03 - [TEST_STEP][PASSED] - PB = <not implemented yet for class: org.codehaus.groovy.ast.expr.EmptyExpression>: null

02-12-2024T07:07:03 - [TEST_STEP][PASSED] - FB = <not implemented yet for class: org.codehaus.groovy.ast.expr.EmptyExpression>: null

02-12-2024T07:07:03 - [TEST_STEP][PASSED] - TR = <not implemented yet for class: org.codehaus.groovy.ast.expr.EmptyExpression>: null

02-12-2024T07:07:03 - [TEST_STEP][PASSED] - TB = <not implemented yet for class: org.codehaus.groovy.ast.expr.EmptyExpression>: null

02-12-2024T07:07:03 - [TEST_STEP][PASSED] - sheetName = "Sheet1": null

02-12-2024T07:07:03 - [TEST_STEP][PASSED] - data = findTestData("PlanFact"): null

02-12-2024T07:07:03 - [TEST_STEP][PASSED] - n = data.getRowNumbers() + 1: null

02-12-2024T07:07:03 - [TEST_STEP][PASSED] - year = todaysDate.substring(todaysDate.length() - 4, todaysDate.length()): null

02-12-2024T07:07:03 - [TEST_STEP][PASSED] - y = year.toInteger(): null

02-12-2024T07:07:03 - [TEST_STEP][PASSED] - m = getText(findTestObject("Выполнение бизнес-плана/Выполнение бизнес-плана Балансы/Фильтр Дата")): Text of object 'Object Repository/Выполнение бизнес-плана/Выполнение бизнес-плана Балансы/Фильтр Дата' is: '1, 2, 3 кв., Октябрь 2024 года'

02-12-2024T07:07:04 - [MESSAGE][PASSED] - Text of object 'Object Repository/Выполнение бизнес-плана/Выполнение бизнес-плана Балансы/Фильтр Дата' is: '1, 2, 3 кв., Октябрь 2024 года'

02-12-2024T07:07:04 - [TEST_STEP][PASSED] - m = m.substring(0, m.indexOf("2024")): null

02-12-2024T07:07:04 - [TEST_STEP][PASSED] - m = m.trim(): null

02-12-2024T07:07:04 - [TEST_STEP][PASSED] - dashboardName = "Выполнение бизнес-плана": null

02-12-2024T07:07:04 - [TEST_STEP][PASSED] - workbook01 = getWorkbook(excelFilePath): null

02-12-2024T07:07:04 - [TEST_STEP][PASSED] - sheet01 = getExcelSheet(workbook01, sheetName): null

02-12-2024T07:07:04 - [TEST_STEP][PASSED] - setValueToCellByIndex(sheet01, n, 0, dashboardName): null

02-12-2024T07:07:04 - [TEST_STEP][PASSED] - setValueToCellByIndex(sheet01, n, 1, dZO): null

02-12-2024T07:07:04 - [TEST_STEP][PASSED] - setValueToCellByIndex(sheet01, n, 2, typeOfData): null

02-12-2024T07:07:04 - [TEST_STEP][PASSED] - setValueToCellByIndex(sheet01, n, 3, typeOfData): null

02-12-2024T07:07:04 - [TEST_STEP][PASSED] - if (typeOfData == "План"): null

02-12-2024T07:07:04 - [TEST_STEP][PASSED] - if (PercPlanR == null): null

02-12-2024T07:07:04 - [TEST_STEP][PASSED] - else: null

02-12-2024T07:07:04 - [TEST_STEP][PASSED] - if (PercPlanR == "нет данных"): null

02-12-2024T07:07:04 - [TEST_STEP][PASSED] - setValueToCellByIndex(sheet01, n, 4, "нет данных"): null

02-12-2024T07:07:04 - [TEST_STEP][PASSED] - if (PercPlanB == null): null

02-12-2024T07:07:04 - [TEST_STEP][PASSED] - else: null

02-12-2024T07:07:04 - [TEST_STEP][PASSED] - if (PercPlanB == "нет данных"): null

02-12-2024T07:07:04 - [TEST_STEP][PASSED] - else: null

02-12-2024T07:07:04 - [TEST_STEP][PASSED] - PB = PercPlanB.toDouble(): null

02-12-2024T07:07:04 - [TEST_STEP][PASSED] - setValueToCellByIndex(sheet01, n, 5, PB): null

02-12-2024T07:07:04 - [TEST_STEP][PASSED] - setValueToCellByIndex(sheet01, n, 6, m): null

02-12-2024T07:07:04 - [TEST_STEP][PASSED] - setValueToCellByIndex(sheet01, n, 7, y): null

02-12-2024T07:07:04 - [TEST_STEP][PASSED] - setValueToCellByIndex(sheet01, n, 8, todaysDate): null

02-12-2024T07:07:04 - [TEST_STEP][PASSED] - n = n + 1: null

02-12-2024T07:07:04 - [TEST_STEP][PASSED] - saveWorkbook(excelFilePath, workbook01): null

02-12-2024T07:07:04 - [TEST_STEP][PASSED] - typeOfData = "Факт": null

02-12-2024T07:07:04 - [TEST_STEP][PASSED] - PercFactR = GetPercFactR(x = a): null

02-12-2024T07:07:04 - [TEST_STEP][PASSED] - i1 = <not implemented yet for class: org.codehaus.groovy.ast.expr.EmptyExpression>: null

02-12-2024T07:07:04 - [TEST_STEP][PASSED] - ii = <not implemented yet for class: org.codehaus.groovy.ast.expr.EmptyExpression>: null

02-12-2024T07:07:04 - [TEST_STEP][PASSED] - for ([ii = 1, ii < 3, (ii++)]): null

02-12-2024T07:07:04 - [TEST_STEP][PASSED] - i1 = x.indexOf("/") + 1: null

02-12-2024T07:07:04 - [TEST_STEP][PASSED] - if (i1 > -1): null

02-12-2024T07:07:04 - [TEST_STEP][PASSED] - x = x.substring(i1, x.length()): null

02-12-2024T07:07:04 - [TEST_STEP][PASSED] - println(x): null

02-12-2024T07:07:04 - [TEST_STEP][PASSED] - i1 = x.indexOf("/") + 1: null

02-12-2024T07:07:04 - [TEST_STEP][PASSED] - if (i1 > -1): null

02-12-2024T07:07:04 - [TEST_STEP][PASSED] - x = x.substring(i1, x.length()): null

02-12-2024T07:07:04 - [TEST_STEP][PASSED] - println(x): null

02-12-2024T07:07:04 - [TEST_STEP][PASSED] - i1 = x.indexOf("/"): null

02-12-2024T07:07:04 - [TEST_STEP][PASSED] - if (i1 > -1): null

02-12-2024T07:07:04 - [TEST_STEP][PASSED] - x = x.substring(0, i1): null

02-12-2024T07:07:04 - [TEST_STEP][PASSED] - println(x): null

02-12-2024T07:07:04 - [TEST_STEP][PASSED] - return x: null

02-12-2024T07:07:04 - [TEST_STEP][PASSED] - PercFactB = GetPercFactB(x = b): null

02-12-2024T07:07:04 - [TEST_STEP][PASSED] - i1 = <not implemented yet for class: org.codehaus.groovy.ast.expr.EmptyExpression>: null

02-12-2024T07:07:04 - [TEST_STEP][PASSED] - ii = <not implemented yet for class: org.codehaus.groovy.ast.expr.EmptyExpression>: null

02-12-2024T07:07:04 - [TEST_STEP][PASSED] - for ([ii = 1, ii < 3, (ii++)]): null

02-12-2024T07:07:04 - [TEST_STEP][PASSED] - i1 = x.indexOf("/") + 1: null

02-12-2024T07:07:04 - [TEST_STEP][PASSED] - if (i1 > -1): null

02-12-2024T07:07:04 - [TEST_STEP][PASSED] - x = x.substring(i1, x.length()): null

02-12-2024T07:07:04 - [TEST_STEP][PASSED] - println(x): null

02-12-2024T07:07:04 - [TEST_STEP][PASSED] - i1 = x.indexOf("/") + 1: null

02-12-2024T07:07:04 - [TEST_STEP][PASSED] - if (i1 > -1): null

02-12-2024T07:07:04 - [TEST_STEP][PASSED] - x = x.substring(i1, x.length()): null

02-12-2024T07:07:04 - [TEST_STEP][PASSED] - println(x): null

02-12-2024T07:07:04 - [TEST_STEP][PASSED] - i1 = x.indexOf("/"): null

02-12-2024T07:07:04 - [TEST_STEP][PASSED] - if (i1 > -1): null

02-12-2024T07:07:04 - [TEST_STEP][PASSED] - x = x.substring(0, i1): null

02-12-2024T07:07:04 - [TEST_STEP][PASSED] - println(x): null

02-12-2024T07:07:04 - [TEST_STEP][FAILED] - return x: null

02-12-2024T07:07:04 - [TEST_STEP][FAILED] - if (verifyEqual(PercFactR, PercFactB) == false): null

02-12-2024T07:07:04 - [MESSAGE][FAILED] - Unable to verify equal between actual object 'нет данных' and expected object '8.76' (Root cause: com.kms.katalon.core.exception.StepFailedException: Actual object 'нет данных' and expected object '8.76' are not equal
	at com.kms.katalon.core.keyword.builtin.VerifyEqualKeyword$_verifyEqual_closure1.doCall(VerifyEqualKeyword.groovy:58)
	at com.kms.katalon.core.keyword.builtin.VerifyEqualKeyword$_verifyEqual_closure1.call(VerifyEqualKeyword.groovy)
	at com.kms.katalon.core.keyword.internal.KeywordMain.runKeyword(KeywordMain.groovy:75)
	at com.kms.katalon.core.keyword.builtin.VerifyEqualKeyword.verifyEqual(VerifyEqualKeyword.groovy:63)
	at com.kms.katalon.core.keyword.builtin.VerifyEqualKeyword.execute(VerifyEqualKeyword.groovy:44)
	at com.kms.katalon.core.keyword.internal.KeywordExecutor.executeKeywordForPlatform(KeywordExecutor.groovy:74)
	at com.kms.katalon.core.keyword.BuiltinKeywords.verifyEqual(BuiltinKeywords.groovy:146)
	at jdk.internal.reflect.GeneratedMethodAccessor25.invoke(Unknown Source)
	at java.base/jdk.internal.reflect.DelegatingMethodAccessorImpl.invoke(DelegatingMethodAccessorImpl.java:43)
	at Выполнение бизнес-плана сверка дашбордов.CompareDZOData(Выполнение бизнес-плана сверка дашбордов:693)
	at Выполнение бизнес-плана сверка дашбордов.run(Выполнение бизнес-плана сверка дашбордов:663)
	at com.kms.katalon.core.main.ScriptEngine.run(ScriptEngine.java:194)
	at com.kms.katalon.core.main.ScriptEngine.runScriptAsRawText(ScriptEngine.java:119)
	at com.kms.katalon.core.main.TestCaseExecutor.runScript(TestCaseExecutor.java:448)
	at com.kms.katalon.core.main.TestCaseExecutor.doExecute(TestCaseExecutor.java:439)
	at com.kms.katalon.core.main.TestCaseExecutor.processExecutionPhase(TestCaseExecutor.java:418)
	at com.kms.katalon.core.main.TestCaseExecutor.accessMainPhase(TestCaseExecutor.java:410)
	at com.kms.katalon.core.main.TestCaseExecutor.execute(TestCaseExecutor.java:285)
	at com.kms.katalon.core.common.CommonExecutor.accessTestCaseMainPhase(CommonExecutor.java:65)
	at com.kms.katalon.core.main.TestSuiteExecutor.accessTestSuiteMainPhase(TestSuiteExecutor.java:150)
	at com.kms.katalon.core.main.TestSuiteExecutor.execute(TestSuiteExecutor.java:106)
	at com.kms.katalon.core.main.TestCaseMain.startTestSuite(TestCaseMain.java:180)
	at TempTestSuite1733111659562.run(TempTestSuite1733111659562.groovy:35)
	at java.base/jdk.internal.reflect.NativeMethodAccessorImpl.invoke0(Native Method)
	at java.base/jdk.internal.reflect.NativeMethodAccessorImpl.invoke(NativeMethodAccessorImpl.java:77)
	at java.base/jdk.internal.reflect.DelegatingMethodAccessorImpl.invoke(DelegatingMethodAccessorImpl.java:43)
)

02-12-2024T07:07:04 - [TEST_STEP][PASSED] - result = WriteToExcel(typeOfData, todaysDate, PercPlanR, PercPlanB, PercFactR, PercFactB, x, tabR, tabB, o1R, o1B, vidget): null

02-12-2024T07:07:04 - [TEST_STEP][PASSED] - iii = dZO.indexOf("/"): null

02-12-2024T07:07:04 - [TEST_STEP][PASSED] - println(iii): null

02-12-2024T07:07:04 - [TEST_STEP][PASSED] - dZO = dZO.substring(0, iii): null

02-12-2024T07:07:04 - [TEST_STEP][PASSED] - println(dZO): null

02-12-2024T07:07:04 - [TEST_STEP][PASSED] - println(PercPlanR): null

02-12-2024T07:07:04 - [TEST_STEP][PASSED] - println(PercPlanB): null

02-12-2024T07:07:04 - [TEST_STEP][PASSED] - println(PercFactR): null

02-12-2024T07:07:04 - [TEST_STEP][PASSED] - println(PercFactB): null

02-12-2024T07:07:04 - [TEST_STEP][PASSED] - println(tabR): null

02-12-2024T07:07:04 - [TEST_STEP][PASSED] - println(tabB): null

02-12-2024T07:07:04 - [TEST_STEP][PASSED] - println(o1R): null

02-12-2024T07:07:04 - [TEST_STEP][PASSED] - println(o1B): null

02-12-2024T07:07:04 - [TEST_STEP][PASSED] - PR = <not implemented yet for class: org.codehaus.groovy.ast.expr.EmptyExpression>: null

02-12-2024T07:07:04 - [TEST_STEP][PASSED] - FR = <not implemented yet for class: org.codehaus.groovy.ast.expr.EmptyExpression>: null

02-12-2024T07:07:04 - [TEST_STEP][PASSED] - PB = <not implemented yet for class: org.codehaus.groovy.ast.expr.EmptyExpression>: null

02-12-2024T07:07:04 - [TEST_STEP][PASSED] - FB = <not implemented yet for class: org.codehaus.groovy.ast.expr.EmptyExpression>: null

02-12-2024T07:07:04 - [TEST_STEP][PASSED] - TR = <not implemented yet for class: org.codehaus.groovy.ast.expr.EmptyExpression>: null

02-12-2024T07:07:04 - [TEST_STEP][PASSED] - TB = <not implemented yet for class: org.codehaus.groovy.ast.expr.EmptyExpression>: null

02-12-2024T07:07:04 - [TEST_STEP][PASSED] - sheetName = "Sheet1": null

02-12-2024T07:07:04 - [TEST_STEP][PASSED] - data = findTestData("PlanFact"): null

02-12-2024T07:07:04 - [TEST_STEP][PASSED] - n = data.getRowNumbers() + 1: null

02-12-2024T07:07:04 - [TEST_STEP][PASSED] - year = todaysDate.substring(todaysDate.length() - 4, todaysDate.length()): null

02-12-2024T07:07:04 - [TEST_STEP][PASSED] - y = year.toInteger(): null

02-12-2024T07:07:04 - [TEST_STEP][PASSED] - m = getText(findTestObject("Выполнение бизнес-плана/Выполнение бизнес-плана Балансы/Фильтр Дата")): Text of object 'Object Repository/Выполнение бизнес-плана/Выполнение бизнес-плана Балансы/Фильтр Дата' is: '1, 2, 3 кв., Октябрь 2024 года'

02-12-2024T07:07:04 - [MESSAGE][PASSED] - Text of object 'Object Repository/Выполнение бизнес-плана/Выполнение бизнес-плана Балансы/Фильтр Дата' is: '1, 2, 3 кв., Октябрь 2024 года'

02-12-2024T07:07:04 - [TEST_STEP][PASSED] - m = m.substring(0, m.indexOf("2024")): null

02-12-2024T07:07:04 - [TEST_STEP][PASSED] - m = m.trim(): null

02-12-2024T07:07:04 - [TEST_STEP][PASSED] - dashboardName = "Выполнение бизнес-плана": null

02-12-2024T07:07:04 - [TEST_STEP][PASSED] - workbook01 = getWorkbook(excelFilePath): null

02-12-2024T07:07:04 - [TEST_STEP][PASSED] - sheet01 = getExcelSheet(workbook01, sheetName): null

02-12-2024T07:07:04 - [TEST_STEP][PASSED] - setValueToCellByIndex(sheet01, n, 0, dashboardName): null

02-12-2024T07:07:04 - [TEST_STEP][PASSED] - setValueToCellByIndex(sheet01, n, 1, dZO): null

02-12-2024T07:07:04 - [TEST_STEP][PASSED] - setValueToCellByIndex(sheet01, n, 2, typeOfData): null

02-12-2024T07:07:04 - [TEST_STEP][PASSED] - setValueToCellByIndex(sheet01, n, 3, typeOfData): null

02-12-2024T07:07:04 - [TEST_STEP][PASSED] - if (typeOfData == "План"): null

02-12-2024T07:07:04 - [TEST_STEP][PASSED] - else if (typeOfData == "Факт"): null

02-12-2024T07:07:04 - [TEST_STEP][PASSED] - if (PercFactR == null): null

02-12-2024T07:07:04 - [TEST_STEP][PASSED] - else: null

02-12-2024T07:07:04 - [TEST_STEP][PASSED] - if (PercFactR == "нет данных"): null

02-12-2024T07:07:04 - [TEST_STEP][PASSED] - setValueToCellByIndex(sheet01, n, 4, "нет данных"): null

02-12-2024T07:07:04 - [TEST_STEP][PASSED] - if (PercFactB == null): null

02-12-2024T07:07:04 - [TEST_STEP][PASSED] - else: null

02-12-2024T07:07:04 - [TEST_STEP][PASSED] - if (PercFactB == "нет данных"): null

02-12-2024T07:07:04 - [TEST_STEP][PASSED] - else: null

02-12-2024T07:07:04 - [TEST_STEP][PASSED] - FB = PercFactB.toDouble(): null

02-12-2024T07:07:04 - [TEST_STEP][PASSED] - setValueToCellByIndex(sheet01, n, 5, FB): null

02-12-2024T07:07:04 - [TEST_STEP][PASSED] - setValueToCellByIndex(sheet01, n, 6, m): null

02-12-2024T07:07:04 - [TEST_STEP][PASSED] - setValueToCellByIndex(sheet01, n, 7, y): null

02-12-2024T07:07:04 - [TEST_STEP][PASSED] - setValueToCellByIndex(sheet01, n, 8, todaysDate): null

02-12-2024T07:07:04 - [TEST_STEP][PASSED] - n = n + 1: null

02-12-2024T07:07:04 - [TEST_STEP][PASSED] - saveWorkbook(excelFilePath, workbook01): null

02-12-2024T07:07:05 - [TEST_STEP][PASSED] - vidget = "Показатели баланса электроэнергии по ДЗО – Факт": null

02-12-2024T07:07:05 - [TEST_STEP][PASSED] - typeOfData = "Факт Отпуск в сеть": null

02-12-2024T07:07:05 - [TEST_STEP][PASSED] - tabR = GetOvSFactR(x = a): null

02-12-2024T07:07:05 - [TEST_STEP][PASSED] - i1 = <not implemented yet for class: org.codehaus.groovy.ast.expr.EmptyExpression>: null

02-12-2024T07:07:05 - [TEST_STEP][PASSED] - ii = <not implemented yet for class: org.codehaus.groovy.ast.expr.EmptyExpression>: null

02-12-2024T07:07:05 - [TEST_STEP][PASSED] - for ([ii = 1, ii < 4, (ii++)]): null

02-12-2024T07:07:05 - [TEST_STEP][PASSED] - i1 = x.indexOf("/") + 1: null

02-12-2024T07:07:05 - [TEST_STEP][PASSED] - if (i1 > -1): null

02-12-2024T07:07:05 - [TEST_STEP][PASSED] - x = x.substring(i1, x.length()): null

02-12-2024T07:07:05 - [TEST_STEP][PASSED] - println(x): null

02-12-2024T07:07:05 - [TEST_STEP][PASSED] - i1 = x.indexOf("/") + 1: null

02-12-2024T07:07:05 - [TEST_STEP][PASSED] - if (i1 > -1): null

02-12-2024T07:07:05 - [TEST_STEP][PASSED] - x = x.substring(i1, x.length()): null

02-12-2024T07:07:05 - [TEST_STEP][PASSED] - println(x): null

02-12-2024T07:07:05 - [TEST_STEP][PASSED] - i1 = x.indexOf("/") + 1: null

02-12-2024T07:07:05 - [TEST_STEP][PASSED] - if (i1 > -1): null

02-12-2024T07:07:05 - [TEST_STEP][PASSED] - x = x.substring(i1, x.length()): null

02-12-2024T07:07:05 - [TEST_STEP][PASSED] - println(x): null

02-12-2024T07:07:05 - [TEST_STEP][PASSED] - i1 = x.indexOf("/"): null

02-12-2024T07:07:05 - [TEST_STEP][PASSED] - if (i1 > -1): null

02-12-2024T07:07:05 - [TEST_STEP][PASSED] - x = x.substring(0, i1): null

02-12-2024T07:07:05 - [TEST_STEP][PASSED] - println(x): null

02-12-2024T07:07:05 - [TEST_STEP][PASSED] - return x: null

02-12-2024T07:07:05 - [TEST_STEP][PASSED] - tabB = GetOvSFactB(x = b): null

02-12-2024T07:07:05 - [TEST_STEP][PASSED] - i1 = <not implemented yet for class: org.codehaus.groovy.ast.expr.EmptyExpression>: null

02-12-2024T07:07:05 - [TEST_STEP][PASSED] - ii = <not implemented yet for class: org.codehaus.groovy.ast.expr.EmptyExpression>: null

02-12-2024T07:07:05 - [TEST_STEP][PASSED] - for ([ii = 1, ii < 4, (ii++)]): null

02-12-2024T07:07:05 - [TEST_STEP][PASSED] - i1 = x.indexOf("/") + 1: null

02-12-2024T07:07:05 - [TEST_STEP][PASSED] - if (i1 > -1): null

02-12-2024T07:07:05 - [TEST_STEP][PASSED] - x = x.substring(i1, x.length()): null

02-12-2024T07:07:05 - [TEST_STEP][PASSED] - println(x): null

02-12-2024T07:07:05 - [TEST_STEP][PASSED] - i1 = x.indexOf("/") + 1: null

02-12-2024T07:07:05 - [TEST_STEP][PASSED] - if (i1 > -1): null

02-12-2024T07:07:05 - [TEST_STEP][PASSED] - x = x.substring(i1, x.length()): null

02-12-2024T07:07:05 - [TEST_STEP][PASSED] - println(x): null

02-12-2024T07:07:05 - [TEST_STEP][PASSED] - i1 = x.indexOf("/") + 1: null

02-12-2024T07:07:05 - [TEST_STEP][PASSED] - if (i1 > -1): null

02-12-2024T07:07:05 - [TEST_STEP][PASSED] - x = x.substring(i1, x.length()): null

02-12-2024T07:07:05 - [TEST_STEP][PASSED] - println(x): null

02-12-2024T07:07:05 - [TEST_STEP][PASSED] - i1 = x.indexOf("/"): null

02-12-2024T07:07:05 - [TEST_STEP][PASSED] - if (i1 > -1): null

02-12-2024T07:07:05 - [TEST_STEP][PASSED] - x = x.substring(0, i1): null

02-12-2024T07:07:05 - [TEST_STEP][PASSED] - println(x): null

02-12-2024T07:07:05 - [TEST_STEP][FAILED] - return x: null

02-12-2024T07:07:05 - [TEST_STEP][FAILED] - if (verifyEqual(tabR, tabB) == false): null

02-12-2024T07:07:05 - [MESSAGE][FAILED] - Unable to verify equal between actual object 'нет данных' and expected object '3757223' (Root cause: com.kms.katalon.core.exception.StepFailedException: Actual object 'нет данных' and expected object '3757223' are not equal
	at com.kms.katalon.core.keyword.builtin.VerifyEqualKeyword$_verifyEqual_closure1.doCall(VerifyEqualKeyword.groovy:58)
	at com.kms.katalon.core.keyword.builtin.VerifyEqualKeyword$_verifyEqual_closure1.call(VerifyEqualKeyword.groovy)
	at com.kms.katalon.core.keyword.internal.KeywordMain.runKeyword(KeywordMain.groovy:75)
	at com.kms.katalon.core.keyword.builtin.VerifyEqualKeyword.verifyEqual(VerifyEqualKeyword.groovy:63)
	at com.kms.katalon.core.keyword.builtin.VerifyEqualKeyword.execute(VerifyEqualKeyword.groovy:44)
	at com.kms.katalon.core.keyword.internal.KeywordExecutor.executeKeywordForPlatform(KeywordExecutor.groovy:74)
	at com.kms.katalon.core.keyword.BuiltinKeywords.verifyEqual(BuiltinKeywords.groovy:146)
	at jdk.internal.reflect.GeneratedMethodAccessor25.invoke(Unknown Source)
	at java.base/jdk.internal.reflect.DelegatingMethodAccessorImpl.invoke(DelegatingMethodAccessorImpl.java:43)
	at Выполнение бизнес-плана сверка дашбордов.CompareDZOData(Выполнение бизнес-плана сверка дашбордов:706)
	at Выполнение бизнес-плана сверка дашбордов.run(Выполнение бизнес-плана сверка дашбордов:663)
	at com.kms.katalon.core.main.ScriptEngine.run(ScriptEngine.java:194)
	at com.kms.katalon.core.main.ScriptEngine.runScriptAsRawText(ScriptEngine.java:119)
	at com.kms.katalon.core.main.TestCaseExecutor.runScript(TestCaseExecutor.java:448)
	at com.kms.katalon.core.main.TestCaseExecutor.doExecute(TestCaseExecutor.java:439)
	at com.kms.katalon.core.main.TestCaseExecutor.processExecutionPhase(TestCaseExecutor.java:418)
	at com.kms.katalon.core.main.TestCaseExecutor.accessMainPhase(TestCaseExecutor.java:410)
	at com.kms.katalon.core.main.TestCaseExecutor.execute(TestCaseExecutor.java:285)
	at com.kms.katalon.core.common.CommonExecutor.accessTestCaseMainPhase(CommonExecutor.java:65)
	at com.kms.katalon.core.main.TestSuiteExecutor.accessTestSuiteMainPhase(TestSuiteExecutor.java:150)
	at com.kms.katalon.core.main.TestSuiteExecutor.execute(TestSuiteExecutor.java:106)
	at com.kms.katalon.core.main.TestCaseMain.startTestSuite(TestCaseMain.java:180)
	at TempTestSuite1733111659562.run(TempTestSuite1733111659562.groovy:35)
	at java.base/jdk.internal.reflect.NativeMethodAccessorImpl.invoke0(Native Method)
	at java.base/jdk.internal.reflect.NativeMethodAccessorImpl.invoke(NativeMethodAccessorImpl.java:77)
	at java.base/jdk.internal.reflect.DelegatingMethodAccessorImpl.invoke(DelegatingMethodAccessorImpl.java:43)
)

02-12-2024T07:07:05 - [TEST_STEP][PASSED] - result = WriteToExcel(typeOfData, todaysDate, PercPlanR, PercPlanB, PercFactR, PercFactB, x, tabR, tabB, o1R, o1B, vidget): null

02-12-2024T07:07:05 - [TEST_STEP][PASSED] - iii = dZO.indexOf("/"): null

02-12-2024T07:07:05 - [TEST_STEP][PASSED] - println(iii): null

02-12-2024T07:07:05 - [TEST_STEP][PASSED] - dZO = dZO.substring(0, iii): null

02-12-2024T07:07:05 - [TEST_STEP][PASSED] - println(dZO): null

02-12-2024T07:07:05 - [TEST_STEP][PASSED] - println(PercPlanR): null

02-12-2024T07:07:05 - [TEST_STEP][PASSED] - println(PercPlanB): null

02-12-2024T07:07:05 - [TEST_STEP][PASSED] - println(PercFactR): null

02-12-2024T07:07:05 - [TEST_STEP][PASSED] - println(PercFactB): null

02-12-2024T07:07:05 - [TEST_STEP][PASSED] - println(tabR): null

02-12-2024T07:07:05 - [TEST_STEP][PASSED] - println(tabB): null

02-12-2024T07:07:05 - [TEST_STEP][PASSED] - println(o1R): null

02-12-2024T07:07:05 - [TEST_STEP][PASSED] - println(o1B): null

02-12-2024T07:07:05 - [TEST_STEP][PASSED] - PR = <not implemented yet for class: org.codehaus.groovy.ast.expr.EmptyExpression>: null

02-12-2024T07:07:05 - [TEST_STEP][PASSED] - FR = <not implemented yet for class: org.codehaus.groovy.ast.expr.EmptyExpression>: null

02-12-2024T07:07:05 - [TEST_STEP][PASSED] - PB = <not implemented yet for class: org.codehaus.groovy.ast.expr.EmptyExpression>: null

02-12-2024T07:07:05 - [TEST_STEP][PASSED] - FB = <not implemented yet for class: org.codehaus.groovy.ast.expr.EmptyExpression>: null

02-12-2024T07:07:05 - [TEST_STEP][PASSED] - TR = <not implemented yet for class: org.codehaus.groovy.ast.expr.EmptyExpression>: null

02-12-2024T07:07:05 - [TEST_STEP][PASSED] - TB = <not implemented yet for class: org.codehaus.groovy.ast.expr.EmptyExpression>: null

02-12-2024T07:07:05 - [TEST_STEP][PASSED] - sheetName = "Sheet1": null

02-12-2024T07:07:05 - [TEST_STEP][PASSED] - data = findTestData("PlanFact"): null

02-12-2024T07:07:05 - [TEST_STEP][PASSED] - n = data.getRowNumbers() + 1: null

02-12-2024T07:07:05 - [TEST_STEP][PASSED] - year = todaysDate.substring(todaysDate.length() - 4, todaysDate.length()): null

02-12-2024T07:07:05 - [TEST_STEP][PASSED] - y = year.toInteger(): null

02-12-2024T07:07:05 - [TEST_STEP][PASSED] - m = getText(findTestObject("Выполнение бизнес-плана/Выполнение бизнес-плана Балансы/Фильтр Дата")): Text of object 'Object Repository/Выполнение бизнес-плана/Выполнение бизнес-плана Балансы/Фильтр Дата' is: '1, 2, 3 кв., Октябрь 2024 года'

02-12-2024T07:07:05 - [MESSAGE][PASSED] - Text of object 'Object Repository/Выполнение бизнес-плана/Выполнение бизнес-плана Балансы/Фильтр Дата' is: '1, 2, 3 кв., Октябрь 2024 года'

02-12-2024T07:07:05 - [TEST_STEP][PASSED] - m = m.substring(0, m.indexOf("2024")): null

02-12-2024T07:07:05 - [TEST_STEP][PASSED] - m = m.trim(): null

02-12-2024T07:07:05 - [TEST_STEP][PASSED] - dashboardName = "Выполнение бизнес-плана": null

02-12-2024T07:07:05 - [TEST_STEP][PASSED] - workbook01 = getWorkbook(excelFilePath): null

02-12-2024T07:07:05 - [TEST_STEP][PASSED] - sheet01 = getExcelSheet(workbook01, sheetName): null

02-12-2024T07:07:05 - [TEST_STEP][PASSED] - setValueToCellByIndex(sheet01, n, 0, dashboardName): null

02-12-2024T07:07:05 - [TEST_STEP][PASSED] - setValueToCellByIndex(sheet01, n, 1, dZO): null

02-12-2024T07:07:05 - [TEST_STEP][PASSED] - setValueToCellByIndex(sheet01, n, 2, typeOfData): null

02-12-2024T07:07:05 - [TEST_STEP][PASSED] - setValueToCellByIndex(sheet01, n, 3, typeOfData): null

02-12-2024T07:07:05 - [TEST_STEP][PASSED] - if (typeOfData == "План"): null

02-12-2024T07:07:05 - [TEST_STEP][PASSED] - else if (typeOfData == "Факт"): null

02-12-2024T07:07:05 - [TEST_STEP][PASSED] - else if (vidget.contains("электроэнергии") == true): null

02-12-2024T07:07:05 - [TEST_STEP][PASSED] - if (tabR == null): null

02-12-2024T07:07:05 - [TEST_STEP][PASSED] - else: null

02-12-2024T07:07:05 - [TEST_STEP][PASSED] - if (tabR == "нет данных"): null

02-12-2024T07:07:05 - [TEST_STEP][PASSED] - setValueToCellByIndex(sheet01, n, 4, "нет данных"): null

02-12-2024T07:07:05 - [TEST_STEP][PASSED] - if (tabB == null): null

02-12-2024T07:07:05 - [TEST_STEP][PASSED] - else: null

02-12-2024T07:07:05 - [TEST_STEP][PASSED] - if (tabB == "нет данных"): null

02-12-2024T07:07:05 - [TEST_STEP][PASSED] - else: null

02-12-2024T07:07:05 - [TEST_STEP][PASSED] - TB = tabB.toInteger(): null

02-12-2024T07:07:05 - [TEST_STEP][PASSED] - setValueToCellByIndex(sheet01, n, 5, TB): null

02-12-2024T07:07:05 - [TEST_STEP][PASSED] - setValueToCellByIndex(sheet01, n, 6, m): null

02-12-2024T07:07:05 - [TEST_STEP][PASSED] - setValueToCellByIndex(sheet01, n, 7, y): null

02-12-2024T07:07:05 - [TEST_STEP][PASSED] - setValueToCellByIndex(sheet01, n, 8, todaysDate): null

02-12-2024T07:07:05 - [TEST_STEP][PASSED] - n = n + 1: null

02-12-2024T07:07:05 - [TEST_STEP][PASSED] - saveWorkbook(excelFilePath, workbook01): null

02-12-2024T07:07:05 - [TEST_STEP][PASSED] - typeOfData = "Факт Отпуск из сети": null

02-12-2024T07:07:05 - [TEST_STEP][PASSED] - tabR = GetOiSFactR(x = a): null

02-12-2024T07:07:05 - [TEST_STEP][PASSED] - i1 = <not implemented yet for class: org.codehaus.groovy.ast.expr.EmptyExpression>: null

02-12-2024T07:07:05 - [TEST_STEP][PASSED] - ii = <not implemented yet for class: org.codehaus.groovy.ast.expr.EmptyExpression>: null

02-12-2024T07:07:05 - [TEST_STEP][PASSED] - for ([ii = 1, ii < 5, (ii++)]): null

02-12-2024T07:07:05 - [TEST_STEP][PASSED] - i1 = x.indexOf("/") + 1: null

02-12-2024T07:07:05 - [TEST_STEP][PASSED] - if (i1 > -1): null

02-12-2024T07:07:05 - [TEST_STEP][PASSED] - x = x.substring(i1, x.length()): null

02-12-2024T07:07:05 - [TEST_STEP][PASSED] - println(x): null

02-12-2024T07:07:05 - [TEST_STEP][PASSED] - i1 = x.indexOf("/") + 1: null

02-12-2024T07:07:05 - [TEST_STEP][PASSED] - if (i1 > -1): null

02-12-2024T07:07:05 - [TEST_STEP][PASSED] - x = x.substring(i1, x.length()): null

02-12-2024T07:07:05 - [TEST_STEP][PASSED] - println(x): null

02-12-2024T07:07:05 - [TEST_STEP][PASSED] - i1 = x.indexOf("/") + 1: null

02-12-2024T07:07:05 - [TEST_STEP][PASSED] - if (i1 > -1): null

02-12-2024T07:07:05 - [TEST_STEP][PASSED] - x = x.substring(i1, x.length()): null

02-12-2024T07:07:05 - [TEST_STEP][PASSED] - println(x): null

02-12-2024T07:07:05 - [TEST_STEP][PASSED] - i1 = x.indexOf("/") + 1: null

02-12-2024T07:07:05 - [TEST_STEP][PASSED] - if (i1 > -1): null

02-12-2024T07:07:05 - [TEST_STEP][PASSED] - x = x.substring(i1, x.length()): null

02-12-2024T07:07:05 - [TEST_STEP][PASSED] - println(x): null

02-12-2024T07:07:05 - [TEST_STEP][PASSED] - i1 = x.indexOf("/"): null

02-12-2024T07:07:05 - [TEST_STEP][PASSED] - if (i1 > -1): null

02-12-2024T07:07:05 - [TEST_STEP][PASSED] - x = x.substring(0, i1): null

02-12-2024T07:07:05 - [TEST_STEP][PASSED] - println(x): null

02-12-2024T07:07:05 - [TEST_STEP][PASSED] - return x: null

02-12-2024T07:07:05 - [TEST_STEP][PASSED] - tabB = GetOiSFactB(x = b): null

02-12-2024T07:07:05 - [TEST_STEP][PASSED] - i1 = <not implemented yet for class: org.codehaus.groovy.ast.expr.EmptyExpression>: null

02-12-2024T07:07:05 - [TEST_STEP][PASSED] - ii = <not implemented yet for class: org.codehaus.groovy.ast.expr.EmptyExpression>: null

02-12-2024T07:07:05 - [TEST_STEP][PASSED] - for ([ii = 1, ii < 5, (ii++)]): null

02-12-2024T07:07:05 - [TEST_STEP][PASSED] - i1 = x.indexOf("/") + 1: null

02-12-2024T07:07:05 - [TEST_STEP][PASSED] - if (i1 > -1): null

02-12-2024T07:07:05 - [TEST_STEP][PASSED] - x = x.substring(i1, x.length()): null

02-12-2024T07:07:05 - [TEST_STEP][PASSED] - println(x): null

02-12-2024T07:07:05 - [TEST_STEP][PASSED] - i1 = x.indexOf("/") + 1: null

02-12-2024T07:07:05 - [TEST_STEP][PASSED] - if (i1 > -1): null

02-12-2024T07:07:05 - [TEST_STEP][PASSED] - x = x.substring(i1, x.length()): null

02-12-2024T07:07:05 - [TEST_STEP][PASSED] - println(x): null

02-12-2024T07:07:05 - [TEST_STEP][PASSED] - i1 = x.indexOf("/") + 1: null

02-12-2024T07:07:05 - [TEST_STEP][PASSED] - if (i1 > -1): null

02-12-2024T07:07:05 - [TEST_STEP][PASSED] - x = x.substring(i1, x.length()): null

02-12-2024T07:07:05 - [TEST_STEP][PASSED] - println(x): null

02-12-2024T07:07:05 - [TEST_STEP][PASSED] - i1 = x.indexOf("/") + 1: null

02-12-2024T07:07:05 - [TEST_STEP][PASSED] - if (i1 > -1): null

02-12-2024T07:07:05 - [TEST_STEP][PASSED] - x = x.substring(i1, x.length()): null

02-12-2024T07:07:05 - [TEST_STEP][PASSED] - println(x): null

02-12-2024T07:07:05 - [TEST_STEP][PASSED] - i1 = x.indexOf("/"): null

02-12-2024T07:07:05 - [TEST_STEP][PASSED] - if (i1 > -1): null

02-12-2024T07:07:05 - [TEST_STEP][PASSED] - x = x.substring(0, i1): null

02-12-2024T07:07:05 - [TEST_STEP][PASSED] - println(x): null

02-12-2024T07:07:05 - [TEST_STEP][FAILED] - return x: null

02-12-2024T07:07:05 - [TEST_STEP][FAILED] - if (verifyEqual(tabR, tabB) == false): null

02-12-2024T07:07:05 - [MESSAGE][FAILED] - Unable to verify equal between actual object 'нет данных' and expected object '3428012' (Root cause: com.kms.katalon.core.exception.StepFailedException: Actual object 'нет данных' and expected object '3428012' are not equal
	at com.kms.katalon.core.keyword.builtin.VerifyEqualKeyword$_verifyEqual_closure1.doCall(VerifyEqualKeyword.groovy:58)
	at com.kms.katalon.core.keyword.builtin.VerifyEqualKeyword$_verifyEqual_closure1.call(VerifyEqualKeyword.groovy)
	at com.kms.katalon.core.keyword.internal.KeywordMain.runKeyword(KeywordMain.groovy:75)
	at com.kms.katalon.core.keyword.builtin.VerifyEqualKeyword.verifyEqual(VerifyEqualKeyword.groovy:63)
	at com.kms.katalon.core.keyword.builtin.VerifyEqualKeyword.execute(VerifyEqualKeyword.groovy:44)
	at com.kms.katalon.core.keyword.internal.KeywordExecutor.executeKeywordForPlatform(KeywordExecutor.groovy:74)
	at com.kms.katalon.core.keyword.BuiltinKeywords.verifyEqual(BuiltinKeywords.groovy:146)
	at jdk.internal.reflect.GeneratedMethodAccessor25.invoke(Unknown Source)
	at java.base/jdk.internal.reflect.DelegatingMethodAccessorImpl.invoke(DelegatingMethodAccessorImpl.java:43)
	at Выполнение бизнес-плана сверка дашбордов.CompareDZOData(Выполнение бизнес-плана сверка дашбордов:717)
	at Выполнение бизнес-плана сверка дашбордов.run(Выполнение бизнес-плана сверка дашбордов:663)
	at com.kms.katalon.core.main.ScriptEngine.run(ScriptEngine.java:194)
	at com.kms.katalon.core.main.ScriptEngine.runScriptAsRawText(ScriptEngine.java:119)
	at com.kms.katalon.core.main.TestCaseExecutor.runScript(TestCaseExecutor.java:448)
	at com.kms.katalon.core.main.TestCaseExecutor.doExecute(TestCaseExecutor.java:439)
	at com.kms.katalon.core.main.TestCaseExecutor.processExecutionPhase(TestCaseExecutor.java:418)
	at com.kms.katalon.core.main.TestCaseExecutor.accessMainPhase(TestCaseExecutor.java:410)
	at com.kms.katalon.core.main.TestCaseExecutor.execute(TestCaseExecutor.java:285)
	at com.kms.katalon.core.common.CommonExecutor.accessTestCaseMainPhase(CommonExecutor.java:65)
	at com.kms.katalon.core.main.TestSuiteExecutor.accessTestSuiteMainPhase(TestSuiteExecutor.java:150)
	at com.kms.katalon.core.main.TestSuiteExecutor.execute(TestSuiteExecutor.java:106)
	at com.kms.katalon.core.main.TestCaseMain.startTestSuite(TestCaseMain.java:180)
	at TempTestSuite1733111659562.run(TempTestSuite1733111659562.groovy:35)
	at java.base/jdk.internal.reflect.NativeMethodAccessorImpl.invoke0(Native Method)
	at java.base/jdk.internal.reflect.NativeMethodAccessorImpl.invoke(NativeMethodAccessorImpl.java:77)
	at java.base/jdk.internal.reflect.DelegatingMethodAccessorImpl.invoke(DelegatingMethodAccessorImpl.java:43)
)

02-12-2024T07:07:05 - [TEST_STEP][PASSED] - result = WriteToExcel(typeOfData, todaysDate, PercPlanR, PercPlanB, PercFactR, PercFactB, x, tabR, tabB, o1R, o1B, vidget): null

02-12-2024T07:07:05 - [TEST_STEP][PASSED] - iii = dZO.indexOf("/"): null

02-12-2024T07:07:05 - [TEST_STEP][PASSED] - println(iii): null

02-12-2024T07:07:05 - [TEST_STEP][PASSED] - dZO = dZO.substring(0, iii): null

02-12-2024T07:07:05 - [TEST_STEP][PASSED] - println(dZO): null

02-12-2024T07:07:05 - [TEST_STEP][PASSED] - println(PercPlanR): null

02-12-2024T07:07:05 - [TEST_STEP][PASSED] - println(PercPlanB): null

02-12-2024T07:07:05 - [TEST_STEP][PASSED] - println(PercFactR): null

02-12-2024T07:07:05 - [TEST_STEP][PASSED] - println(PercFactB): null

02-12-2024T07:07:05 - [TEST_STEP][PASSED] - println(tabR): null

02-12-2024T07:07:05 - [TEST_STEP][PASSED] - println(tabB): null

02-12-2024T07:07:05 - [TEST_STEP][PASSED] - println(o1R): null

02-12-2024T07:07:05 - [TEST_STEP][PASSED] - println(o1B): null

02-12-2024T07:07:05 - [TEST_STEP][PASSED] - PR = <not implemented yet for class: org.codehaus.groovy.ast.expr.EmptyExpression>: null

02-12-2024T07:07:05 - [TEST_STEP][PASSED] - FR = <not implemented yet for class: org.codehaus.groovy.ast.expr.EmptyExpression>: null

02-12-2024T07:07:05 - [TEST_STEP][PASSED] - PB = <not implemented yet for class: org.codehaus.groovy.ast.expr.EmptyExpression>: null

02-12-2024T07:07:05 - [TEST_STEP][PASSED] - FB = <not implemented yet for class: org.codehaus.groovy.ast.expr.EmptyExpression>: null

02-12-2024T07:07:05 - [TEST_STEP][PASSED] - TR = <not implemented yet for class: org.codehaus.groovy.ast.expr.EmptyExpression>: null

02-12-2024T07:07:05 - [TEST_STEP][PASSED] - TB = <not implemented yet for class: org.codehaus.groovy.ast.expr.EmptyExpression>: null

02-12-2024T07:07:05 - [TEST_STEP][PASSED] - sheetName = "Sheet1": null

02-12-2024T07:07:05 - [TEST_STEP][PASSED] - data = findTestData("PlanFact"): null

02-12-2024T07:07:05 - [TEST_STEP][PASSED] - n = data.getRowNumbers() + 1: null

02-12-2024T07:07:05 - [TEST_STEP][PASSED] - year = todaysDate.substring(todaysDate.length() - 4, todaysDate.length()): null

02-12-2024T07:07:05 - [TEST_STEP][PASSED] - y = year.toInteger(): null

02-12-2024T07:07:05 - [TEST_STEP][PASSED] - m = getText(findTestObject("Выполнение бизнес-плана/Выполнение бизнес-плана Балансы/Фильтр Дата")): Text of object 'Object Repository/Выполнение бизнес-плана/Выполнение бизнес-плана Балансы/Фильтр Дата' is: '1, 2, 3 кв., Октябрь 2024 года'

02-12-2024T07:07:06 - [MESSAGE][PASSED] - Text of object 'Object Repository/Выполнение бизнес-плана/Выполнение бизнес-плана Балансы/Фильтр Дата' is: '1, 2, 3 кв., Октябрь 2024 года'

02-12-2024T07:07:06 - [TEST_STEP][PASSED] - m = m.substring(0, m.indexOf("2024")): null

02-12-2024T07:07:06 - [TEST_STEP][PASSED] - m = m.trim(): null

02-12-2024T07:07:06 - [TEST_STEP][PASSED] - dashboardName = "Выполнение бизнес-плана": null

02-12-2024T07:07:06 - [TEST_STEP][PASSED] - workbook01 = getWorkbook(excelFilePath): null

02-12-2024T07:07:06 - [TEST_STEP][PASSED] - sheet01 = getExcelSheet(workbook01, sheetName): null

02-12-2024T07:07:06 - [TEST_STEP][PASSED] - setValueToCellByIndex(sheet01, n, 0, dashboardName): null

02-12-2024T07:07:06 - [TEST_STEP][PASSED] - setValueToCellByIndex(sheet01, n, 1, dZO): null

02-12-2024T07:07:06 - [TEST_STEP][PASSED] - setValueToCellByIndex(sheet01, n, 2, typeOfData): null

02-12-2024T07:07:06 - [TEST_STEP][PASSED] - setValueToCellByIndex(sheet01, n, 3, typeOfData): null

02-12-2024T07:07:06 - [TEST_STEP][PASSED] - if (typeOfData == "План"): null

02-12-2024T07:07:06 - [TEST_STEP][PASSED] - else if (typeOfData == "Факт"): null

02-12-2024T07:07:06 - [TEST_STEP][PASSED] - else if (vidget.contains("электроэнергии") == true): null

02-12-2024T07:07:06 - [TEST_STEP][PASSED] - if (tabR == null): null

02-12-2024T07:07:06 - [TEST_STEP][PASSED] - else: null

02-12-2024T07:07:06 - [TEST_STEP][PASSED] - if (tabR == "нет данных"): null

02-12-2024T07:07:06 - [TEST_STEP][PASSED] - setValueToCellByIndex(sheet01, n, 4, "нет данных"): null

02-12-2024T07:07:06 - [TEST_STEP][PASSED] - if (tabB == null): null

02-12-2024T07:07:06 - [TEST_STEP][PASSED] - else: null

02-12-2024T07:07:06 - [TEST_STEP][PASSED] - if (tabB == "нет данных"): null

02-12-2024T07:07:06 - [TEST_STEP][PASSED] - else: null

02-12-2024T07:07:06 - [TEST_STEP][PASSED] - TB = tabB.toInteger(): null

02-12-2024T07:07:06 - [TEST_STEP][PASSED] - setValueToCellByIndex(sheet01, n, 5, TB): null

02-12-2024T07:07:06 - [TEST_STEP][PASSED] - setValueToCellByIndex(sheet01, n, 6, m): null

02-12-2024T07:07:06 - [TEST_STEP][PASSED] - setValueToCellByIndex(sheet01, n, 7, y): null

02-12-2024T07:07:06 - [TEST_STEP][PASSED] - setValueToCellByIndex(sheet01, n, 8, todaysDate): null

02-12-2024T07:07:06 - [TEST_STEP][PASSED] - n = n + 1: null

02-12-2024T07:07:06 - [TEST_STEP][PASSED] - saveWorkbook(excelFilePath, workbook01): null

02-12-2024T07:07:06 - [TEST_STEP][PASSED] - typeOfData = "Факт Потери": null

02-12-2024T07:07:06 - [TEST_STEP][PASSED] - tabR = GetPFactR(x = a): null

02-12-2024T07:07:06 - [TEST_STEP][PASSED] - i1 = <not implemented yet for class: org.codehaus.groovy.ast.expr.EmptyExpression>: null

02-12-2024T07:07:06 - [TEST_STEP][PASSED] - ii = <not implemented yet for class: org.codehaus.groovy.ast.expr.EmptyExpression>: null

02-12-2024T07:07:06 - [TEST_STEP][PASSED] - for ([ii = 1, ii < 6, (ii++)]): null

02-12-2024T07:07:06 - [TEST_STEP][PASSED] - i1 = x.indexOf("/") + 1: null

02-12-2024T07:07:06 - [TEST_STEP][PASSED] - if (i1 > -1): null

02-12-2024T07:07:06 - [TEST_STEP][PASSED] - x = x.substring(i1, x.length()): null

02-12-2024T07:07:06 - [TEST_STEP][PASSED] - println(x): null

02-12-2024T07:07:06 - [TEST_STEP][PASSED] - i1 = x.indexOf("/") + 1: null

02-12-2024T07:07:06 - [TEST_STEP][PASSED] - if (i1 > -1): null

02-12-2024T07:07:06 - [TEST_STEP][PASSED] - x = x.substring(i1, x.length()): null

02-12-2024T07:07:06 - [TEST_STEP][PASSED] - println(x): null

02-12-2024T07:07:06 - [TEST_STEP][PASSED] - i1 = x.indexOf("/") + 1: null

02-12-2024T07:07:06 - [TEST_STEP][PASSED] - if (i1 > -1): null

02-12-2024T07:07:06 - [TEST_STEP][PASSED] - x = x.substring(i1, x.length()): null

02-12-2024T07:07:06 - [TEST_STEP][PASSED] - println(x): null

02-12-2024T07:07:06 - [TEST_STEP][PASSED] - i1 = x.indexOf("/") + 1: null

02-12-2024T07:07:06 - [TEST_STEP][PASSED] - if (i1 > -1): null

02-12-2024T07:07:06 - [TEST_STEP][PASSED] - x = x.substring(i1, x.length()): null

02-12-2024T07:07:06 - [TEST_STEP][PASSED] - println(x): null

02-12-2024T07:07:06 - [TEST_STEP][PASSED] - i1 = x.indexOf("/") + 1: null

02-12-2024T07:07:06 - [TEST_STEP][PASSED] - if (i1 > -1): null

02-12-2024T07:07:06 - [TEST_STEP][PASSED] - x = x.substring(i1, x.length()): null

02-12-2024T07:07:06 - [TEST_STEP][PASSED] - println(x): null

02-12-2024T07:07:06 - [TEST_STEP][PASSED] - i1 = x.indexOf("/"): null

02-12-2024T07:07:06 - [TEST_STEP][PASSED] - if (i1 > -1): null

02-12-2024T07:07:06 - [TEST_STEP][PASSED] - x = x.substring(0, i1): null

02-12-2024T07:07:06 - [TEST_STEP][PASSED] - println(x): null

02-12-2024T07:07:06 - [TEST_STEP][PASSED] - return x: null

02-12-2024T07:07:06 - [TEST_STEP][PASSED] - tabB = GetPFactB(x = b): null

02-12-2024T07:07:06 - [TEST_STEP][PASSED] - i1 = <not implemented yet for class: org.codehaus.groovy.ast.expr.EmptyExpression>: null

02-12-2024T07:07:06 - [TEST_STEP][PASSED] - ii = <not implemented yet for class: org.codehaus.groovy.ast.expr.EmptyExpression>: null

02-12-2024T07:07:06 - [TEST_STEP][PASSED] - for ([ii = 1, ii < 6, (ii++)]): null

02-12-2024T07:07:06 - [TEST_STEP][PASSED] - i1 = x.indexOf("/") + 1: null

02-12-2024T07:07:06 - [TEST_STEP][PASSED] - if (i1 > -1): null

02-12-2024T07:07:06 - [TEST_STEP][PASSED] - x = x.substring(i1, x.length()): null

02-12-2024T07:07:06 - [TEST_STEP][PASSED] - println(x): null

02-12-2024T07:07:06 - [TEST_STEP][PASSED] - i1 = x.indexOf("/") + 1: null

02-12-2024T07:07:06 - [TEST_STEP][PASSED] - if (i1 > -1): null

02-12-2024T07:07:06 - [TEST_STEP][PASSED] - x = x.substring(i1, x.length()): null

02-12-2024T07:07:06 - [TEST_STEP][PASSED] - println(x): null

02-12-2024T07:07:06 - [TEST_STEP][PASSED] - i1 = x.indexOf("/") + 1: null

02-12-2024T07:07:06 - [TEST_STEP][PASSED] - if (i1 > -1): null

02-12-2024T07:07:06 - [TEST_STEP][PASSED] - x = x.substring(i1, x.length()): null

02-12-2024T07:07:06 - [TEST_STEP][PASSED] - println(x): null

02-12-2024T07:07:06 - [TEST_STEP][PASSED] - i1 = x.indexOf("/") + 1: null

02-12-2024T07:07:06 - [TEST_STEP][PASSED] - if (i1 > -1): null

02-12-2024T07:07:06 - [TEST_STEP][PASSED] - x = x.substring(i1, x.length()): null

02-12-2024T07:07:06 - [TEST_STEP][PASSED] - println(x): null

02-12-2024T07:07:06 - [TEST_STEP][PASSED] - i1 = x.indexOf("/") + 1: null

02-12-2024T07:07:06 - [TEST_STEP][PASSED] - if (i1 > -1): null

02-12-2024T07:07:06 - [TEST_STEP][PASSED] - x = x.substring(i1, x.length()): null

02-12-2024T07:07:06 - [TEST_STEP][PASSED] - println(x): null

02-12-2024T07:07:06 - [TEST_STEP][PASSED] - i1 = x.indexOf("/"): null

02-12-2024T07:07:06 - [TEST_STEP][PASSED] - if (i1 > -1): null

02-12-2024T07:07:06 - [TEST_STEP][PASSED] - x = x.substring(0, i1): null

02-12-2024T07:07:06 - [TEST_STEP][PASSED] - println(x): null

02-12-2024T07:07:06 - [TEST_STEP][FAILED] - return x: null

02-12-2024T07:07:06 - [TEST_STEP][PASSED] - println(tabR + "/" + tabB): null

02-12-2024T07:07:06 - [TEST_STEP][FAILED] - if (verifyEqual(tabR, tabB) == false): null

02-12-2024T07:07:06 - [MESSAGE][FAILED] - Unable to verify equal between actual object 'нет данных' and expected object '329211' (Root cause: com.kms.katalon.core.exception.StepFailedException: Actual object 'нет данных' and expected object '329211' are not equal
	at com.kms.katalon.core.keyword.builtin.VerifyEqualKeyword$_verifyEqual_closure1.doCall(VerifyEqualKeyword.groovy:58)
	at com.kms.katalon.core.keyword.builtin.VerifyEqualKeyword$_verifyEqual_closure1.call(VerifyEqualKeyword.groovy)
	at com.kms.katalon.core.keyword.internal.KeywordMain.runKeyword(KeywordMain.groovy:75)
	at com.kms.katalon.core.keyword.builtin.VerifyEqualKeyword.verifyEqual(VerifyEqualKeyword.groovy:63)
	at com.kms.katalon.core.keyword.builtin.VerifyEqualKeyword.execute(VerifyEqualKeyword.groovy:44)
	at com.kms.katalon.core.keyword.internal.KeywordExecutor.executeKeywordForPlatform(KeywordExecutor.groovy:74)
	at com.kms.katalon.core.keyword.BuiltinKeywords.verifyEqual(BuiltinKeywords.groovy:146)
	at jdk.internal.reflect.GeneratedMethodAccessor25.invoke(Unknown Source)
	at java.base/jdk.internal.reflect.DelegatingMethodAccessorImpl.invoke(DelegatingMethodAccessorImpl.java:43)
	at Выполнение бизнес-плана сверка дашбордов.CompareDZOData(Выполнение бизнес-плана сверка дашбордов:730)
	at Выполнение бизнес-плана сверка дашбордов.run(Выполнение бизнес-плана сверка дашбордов:663)
	at com.kms.katalon.core.main.ScriptEngine.run(ScriptEngine.java:194)
	at com.kms.katalon.core.main.ScriptEngine.runScriptAsRawText(ScriptEngine.java:119)
	at com.kms.katalon.core.main.TestCaseExecutor.runScript(TestCaseExecutor.java:448)
	at com.kms.katalon.core.main.TestCaseExecutor.doExecute(TestCaseExecutor.java:439)
	at com.kms.katalon.core.main.TestCaseExecutor.processExecutionPhase(TestCaseExecutor.java:418)
	at com.kms.katalon.core.main.TestCaseExecutor.accessMainPhase(TestCaseExecutor.java:410)
	at com.kms.katalon.core.main.TestCaseExecutor.execute(TestCaseExecutor.java:285)
	at com.kms.katalon.core.common.CommonExecutor.accessTestCaseMainPhase(CommonExecutor.java:65)
	at com.kms.katalon.core.main.TestSuiteExecutor.accessTestSuiteMainPhase(TestSuiteExecutor.java:150)
	at com.kms.katalon.core.main.TestSuiteExecutor.execute(TestSuiteExecutor.java:106)
	at com.kms.katalon.core.main.TestCaseMain.startTestSuite(TestCaseMain.java:180)
	at TempTestSuite1733111659562.run(TempTestSuite1733111659562.groovy:35)
	at java.base/jdk.internal.reflect.NativeMethodAccessorImpl.invoke0(Native Method)
	at java.base/jdk.internal.reflect.NativeMethodAccessorImpl.invoke(NativeMethodAccessorImpl.java:77)
	at java.base/jdk.internal.reflect.DelegatingMethodAccessorImpl.invoke(DelegatingMethodAccessorImpl.java:43)
)

02-12-2024T07:07:06 - [TEST_STEP][PASSED] - result = WriteToExcel(typeOfData, todaysDate, PercPlanR, PercPlanB, PercFactR, PercFactB, x, tabR, tabB, o1R, o1B, vidget): null

02-12-2024T07:07:06 - [TEST_STEP][PASSED] - iii = dZO.indexOf("/"): null

02-12-2024T07:07:06 - [TEST_STEP][PASSED] - println(iii): null

02-12-2024T07:07:06 - [TEST_STEP][PASSED] - dZO = dZO.substring(0, iii): null

02-12-2024T07:07:06 - [TEST_STEP][PASSED] - println(dZO): null

02-12-2024T07:07:06 - [TEST_STEP][PASSED] - println(PercPlanR): null

02-12-2024T07:07:06 - [TEST_STEP][PASSED] - println(PercPlanB): null

02-12-2024T07:07:06 - [TEST_STEP][PASSED] - println(PercFactR): null

02-12-2024T07:07:06 - [TEST_STEP][PASSED] - println(PercFactB): null

02-12-2024T07:07:06 - [TEST_STEP][PASSED] - println(tabR): null

02-12-2024T07:07:06 - [TEST_STEP][PASSED] - println(tabB): null

02-12-2024T07:07:06 - [TEST_STEP][PASSED] - println(o1R): null

02-12-2024T07:07:06 - [TEST_STEP][PASSED] - println(o1B): null

02-12-2024T07:07:06 - [TEST_STEP][PASSED] - PR = <not implemented yet for class: org.codehaus.groovy.ast.expr.EmptyExpression>: null

02-12-2024T07:07:06 - [TEST_STEP][PASSED] - FR = <not implemented yet for class: org.codehaus.groovy.ast.expr.EmptyExpression>: null

02-12-2024T07:07:06 - [TEST_STEP][PASSED] - PB = <not implemented yet for class: org.codehaus.groovy.ast.expr.EmptyExpression>: null

02-12-2024T07:07:06 - [TEST_STEP][PASSED] - FB = <not implemented yet for class: org.codehaus.groovy.ast.expr.EmptyExpression>: null

02-12-2024T07:07:06 - [TEST_STEP][PASSED] - TR = <not implemented yet for class: org.codehaus.groovy.ast.expr.EmptyExpression>: null

02-12-2024T07:07:06 - [TEST_STEP][PASSED] - TB = <not implemented yet for class: org.codehaus.groovy.ast.expr.EmptyExpression>: null

02-12-2024T07:07:06 - [TEST_STEP][PASSED] - sheetName = "Sheet1": null

02-12-2024T07:07:06 - [TEST_STEP][PASSED] - data = findTestData("PlanFact"): null

02-12-2024T07:07:06 - [TEST_STEP][PASSED] - n = data.getRowNumbers() + 1: null

02-12-2024T07:07:06 - [TEST_STEP][PASSED] - year = todaysDate.substring(todaysDate.length() - 4, todaysDate.length()): null

02-12-2024T07:07:06 - [TEST_STEP][PASSED] - y = year.toInteger(): null

02-12-2024T07:07:06 - [TEST_STEP][PASSED] - m = getText(findTestObject("Выполнение бизнес-плана/Выполнение бизнес-плана Балансы/Фильтр Дата")): Text of object 'Object Repository/Выполнение бизнес-плана/Выполнение бизнес-плана Балансы/Фильтр Дата' is: '1, 2, 3 кв., Октябрь 2024 года'

02-12-2024T07:07:06 - [MESSAGE][PASSED] - Text of object 'Object Repository/Выполнение бизнес-плана/Выполнение бизнес-плана Балансы/Фильтр Дата' is: '1, 2, 3 кв., Октябрь 2024 года'

02-12-2024T07:07:06 - [TEST_STEP][PASSED] - m = m.substring(0, m.indexOf("2024")): null

02-12-2024T07:07:06 - [TEST_STEP][PASSED] - m = m.trim(): null

02-12-2024T07:07:06 - [TEST_STEP][PASSED] - dashboardName = "Выполнение бизнес-плана": null

02-12-2024T07:07:06 - [TEST_STEP][PASSED] - workbook01 = getWorkbook(excelFilePath): null

02-12-2024T07:07:06 - [TEST_STEP][PASSED] - sheet01 = getExcelSheet(workbook01, sheetName): null

02-12-2024T07:07:06 - [TEST_STEP][PASSED] - setValueToCellByIndex(sheet01, n, 0, dashboardName): null

02-12-2024T07:07:06 - [TEST_STEP][PASSED] - setValueToCellByIndex(sheet01, n, 1, dZO): null

02-12-2024T07:07:06 - [TEST_STEP][PASSED] - setValueToCellByIndex(sheet01, n, 2, typeOfData): null

02-12-2024T07:07:06 - [TEST_STEP][PASSED] - setValueToCellByIndex(sheet01, n, 3, typeOfData): null

02-12-2024T07:07:06 - [TEST_STEP][PASSED] - if (typeOfData == "План"): null

02-12-2024T07:07:06 - [TEST_STEP][PASSED] - else if (typeOfData == "Факт"): null

02-12-2024T07:07:06 - [TEST_STEP][PASSED] - else if (vidget.contains("электроэнергии") == true): null

02-12-2024T07:07:06 - [TEST_STEP][PASSED] - if (tabR == null): null

02-12-2024T07:07:06 - [TEST_STEP][PASSED] - else: null

02-12-2024T07:07:06 - [TEST_STEP][PASSED] - if (tabR == "нет данных"): null

02-12-2024T07:07:06 - [TEST_STEP][PASSED] - setValueToCellByIndex(sheet01, n, 4, "нет данных"): null

02-12-2024T07:07:06 - [TEST_STEP][PASSED] - if (tabB == null): null

02-12-2024T07:07:06 - [TEST_STEP][PASSED] - else: null

02-12-2024T07:07:06 - [TEST_STEP][PASSED] - if (tabB == "нет данных"): null

02-12-2024T07:07:06 - [TEST_STEP][PASSED] - else: null

02-12-2024T07:07:06 - [TEST_STEP][PASSED] - TB = tabB.toInteger(): null

02-12-2024T07:07:06 - [TEST_STEP][PASSED] - setValueToCellByIndex(sheet01, n, 5, TB): null

02-12-2024T07:07:06 - [TEST_STEP][PASSED] - setValueToCellByIndex(sheet01, n, 6, m): null

02-12-2024T07:07:06 - [TEST_STEP][PASSED] - setValueToCellByIndex(sheet01, n, 7, y): null

02-12-2024T07:07:06 - [TEST_STEP][PASSED] - setValueToCellByIndex(sheet01, n, 8, todaysDate): null

02-12-2024T07:07:06 - [TEST_STEP][PASSED] - n = n + 1: null

02-12-2024T07:07:06 - [TEST_STEP][PASSED] - saveWorkbook(excelFilePath, workbook01): null

02-12-2024T07:07:07 - [TEST_STEP][PASSED] - vidget = "Показатели баланса электроэнергии по ДЗО – План": null

02-12-2024T07:07:07 - [TEST_STEP][PASSED] - typeOfData = "План Отпуск в сеть": null

02-12-2024T07:07:07 - [TEST_STEP][PASSED] - tabR = GetOvSPlanR(x = a): null

02-12-2024T07:07:07 - [TEST_STEP][PASSED] - i1 = <not implemented yet for class: org.codehaus.groovy.ast.expr.EmptyExpression>: null

02-12-2024T07:07:07 - [TEST_STEP][PASSED] - ii = <not implemented yet for class: org.codehaus.groovy.ast.expr.EmptyExpression>: null

02-12-2024T07:07:07 - [TEST_STEP][PASSED] - for ([ii = 1, ii < 7, (ii++)]): null

02-12-2024T07:07:07 - [TEST_STEP][PASSED] - i1 = x.indexOf("/") + 1: null

02-12-2024T07:07:07 - [TEST_STEP][PASSED] - if (i1 > -1): null

02-12-2024T07:07:07 - [TEST_STEP][PASSED] - x = x.substring(i1, x.length()): null

02-12-2024T07:07:07 - [TEST_STEP][PASSED] - println(x): null

02-12-2024T07:07:07 - [TEST_STEP][PASSED] - i1 = x.indexOf("/") + 1: null

02-12-2024T07:07:07 - [TEST_STEP][PASSED] - if (i1 > -1): null

02-12-2024T07:07:07 - [TEST_STEP][PASSED] - x = x.substring(i1, x.length()): null

02-12-2024T07:07:07 - [TEST_STEP][PASSED] - println(x): null

02-12-2024T07:07:07 - [TEST_STEP][PASSED] - i1 = x.indexOf("/") + 1: null

02-12-2024T07:07:07 - [TEST_STEP][PASSED] - if (i1 > -1): null

02-12-2024T07:07:07 - [TEST_STEP][PASSED] - x = x.substring(i1, x.length()): null

02-12-2024T07:07:07 - [TEST_STEP][PASSED] - println(x): null

02-12-2024T07:07:07 - [TEST_STEP][PASSED] - i1 = x.indexOf("/") + 1: null

02-12-2024T07:07:07 - [TEST_STEP][PASSED] - if (i1 > -1): null

02-12-2024T07:07:07 - [TEST_STEP][PASSED] - x = x.substring(i1, x.length()): null

02-12-2024T07:07:07 - [TEST_STEP][PASSED] - println(x): null

02-12-2024T07:07:07 - [TEST_STEP][PASSED] - i1 = x.indexOf("/") + 1: null

02-12-2024T07:07:07 - [TEST_STEP][PASSED] - if (i1 > -1): null

02-12-2024T07:07:07 - [TEST_STEP][PASSED] - x = x.substring(i1, x.length()): null

02-12-2024T07:07:07 - [TEST_STEP][PASSED] - println(x): null

02-12-2024T07:07:07 - [TEST_STEP][PASSED] - i1 = x.indexOf("/") + 1: null

02-12-2024T07:07:07 - [TEST_STEP][PASSED] - if (i1 > -1): null

02-12-2024T07:07:07 - [TEST_STEP][PASSED] - x = x.substring(i1, x.length()): null

02-12-2024T07:07:07 - [TEST_STEP][PASSED] - println(x): null

02-12-2024T07:07:07 - [TEST_STEP][PASSED] - i1 = x.indexOf("/"): null

02-12-2024T07:07:07 - [TEST_STEP][PASSED] - if (i1 > -1): null

02-12-2024T07:07:07 - [TEST_STEP][PASSED] - x = x.substring(0, i1): null

02-12-2024T07:07:07 - [TEST_STEP][PASSED] - println(x): null

02-12-2024T07:07:07 - [TEST_STEP][PASSED] - return x: null

02-12-2024T07:07:07 - [TEST_STEP][PASSED] - tabB = GetOvSPlanB(x = b): null

02-12-2024T07:07:07 - [TEST_STEP][PASSED] - i1 = <not implemented yet for class: org.codehaus.groovy.ast.expr.EmptyExpression>: null

02-12-2024T07:07:07 - [TEST_STEP][PASSED] - ii = <not implemented yet for class: org.codehaus.groovy.ast.expr.EmptyExpression>: null

02-12-2024T07:07:07 - [TEST_STEP][PASSED] - for ([ii = 1, ii < 7, (ii++)]): null

02-12-2024T07:07:07 - [TEST_STEP][PASSED] - i1 = x.indexOf("/") + 1: null

02-12-2024T07:07:07 - [TEST_STEP][PASSED] - if (i1 > -1): null

02-12-2024T07:07:07 - [TEST_STEP][PASSED] - x = x.substring(i1, x.length()): null

02-12-2024T07:07:07 - [TEST_STEP][PASSED] - println(x): null

02-12-2024T07:07:07 - [TEST_STEP][PASSED] - i1 = x.indexOf("/") + 1: null

02-12-2024T07:07:07 - [TEST_STEP][PASSED] - if (i1 > -1): null

02-12-2024T07:07:07 - [TEST_STEP][PASSED] - x = x.substring(i1, x.length()): null

02-12-2024T07:07:07 - [TEST_STEP][PASSED] - println(x): null

02-12-2024T07:07:07 - [TEST_STEP][PASSED] - i1 = x.indexOf("/") + 1: null

02-12-2024T07:07:07 - [TEST_STEP][PASSED] - if (i1 > -1): null

02-12-2024T07:07:07 - [TEST_STEP][PASSED] - x = x.substring(i1, x.length()): null

02-12-2024T07:07:07 - [TEST_STEP][PASSED] - println(x): null

02-12-2024T07:07:07 - [TEST_STEP][PASSED] - i1 = x.indexOf("/") + 1: null

02-12-2024T07:07:07 - [TEST_STEP][PASSED] - if (i1 > -1): null

02-12-2024T07:07:07 - [TEST_STEP][PASSED] - x = x.substring(i1, x.length()): null

02-12-2024T07:07:07 - [TEST_STEP][PASSED] - println(x): null

02-12-2024T07:07:07 - [TEST_STEP][PASSED] - i1 = x.indexOf("/") + 1: null

02-12-2024T07:07:07 - [TEST_STEP][PASSED] - if (i1 > -1): null

02-12-2024T07:07:07 - [TEST_STEP][PASSED] - x = x.substring(i1, x.length()): null

02-12-2024T07:07:07 - [TEST_STEP][PASSED] - println(x): null

02-12-2024T07:07:07 - [TEST_STEP][PASSED] - i1 = x.indexOf("/") + 1: null

02-12-2024T07:07:07 - [TEST_STEP][PASSED] - if (i1 > -1): null

02-12-2024T07:07:07 - [TEST_STEP][PASSED] - x = x.substring(i1, x.length()): null

02-12-2024T07:07:07 - [TEST_STEP][PASSED] - println(x): null

02-12-2024T07:07:07 - [TEST_STEP][PASSED] - i1 = x.indexOf("/"): null

02-12-2024T07:07:07 - [TEST_STEP][PASSED] - if (i1 > -1): null

02-12-2024T07:07:07 - [TEST_STEP][PASSED] - x = x.substring(0, i1): null

02-12-2024T07:07:07 - [TEST_STEP][PASSED] - println(x): null

02-12-2024T07:07:07 - [TEST_STEP][FAILED] - return x: null

02-12-2024T07:07:07 - [TEST_STEP][PASSED] - println(tabR + "/" + tabB): null

02-12-2024T07:07:07 - [TEST_STEP][FAILED] - if (verifyEqual(PercFactR, PercFactB) == false): null

02-12-2024T07:07:07 - [MESSAGE][FAILED] - Unable to verify equal between actual object 'нет данных' and expected object '8.76' (Root cause: com.kms.katalon.core.exception.StepFailedException: Actual object 'нет данных' and expected object '8.76' are not equal
	at com.kms.katalon.core.keyword.builtin.VerifyEqualKeyword$_verifyEqual_closure1.doCall(VerifyEqualKeyword.groovy:58)
	at com.kms.katalon.core.keyword.builtin.VerifyEqualKeyword$_verifyEqual_closure1.call(VerifyEqualKeyword.groovy)
	at com.kms.katalon.core.keyword.internal.KeywordMain.runKeyword(KeywordMain.groovy:75)
	at com.kms.katalon.core.keyword.builtin.VerifyEqualKeyword.verifyEqual(VerifyEqualKeyword.groovy:63)
	at com.kms.katalon.core.keyword.builtin.VerifyEqualKeyword.execute(VerifyEqualKeyword.groovy:44)
	at com.kms.katalon.core.keyword.internal.KeywordExecutor.executeKeywordForPlatform(KeywordExecutor.groovy:74)
	at com.kms.katalon.core.keyword.BuiltinKeywords.verifyEqual(BuiltinKeywords.groovy:146)
	at jdk.internal.reflect.GeneratedMethodAccessor25.invoke(Unknown Source)
	at java.base/jdk.internal.reflect.DelegatingMethodAccessorImpl.invoke(DelegatingMethodAccessorImpl.java:43)
	at Выполнение бизнес-плана сверка дашбордов.CompareDZOData(Выполнение бизнес-плана сверка дашбордов:745)
	at Выполнение бизнес-плана сверка дашбордов.run(Выполнение бизнес-плана сверка дашбордов:663)
	at com.kms.katalon.core.main.ScriptEngine.run(ScriptEngine.java:194)
	at com.kms.katalon.core.main.ScriptEngine.runScriptAsRawText(ScriptEngine.java:119)
	at com.kms.katalon.core.main.TestCaseExecutor.runScript(TestCaseExecutor.java:448)
	at com.kms.katalon.core.main.TestCaseExecutor.doExecute(TestCaseExecutor.java:439)
	at com.kms.katalon.core.main.TestCaseExecutor.processExecutionPhase(TestCaseExecutor.java:418)
	at com.kms.katalon.core.main.TestCaseExecutor.accessMainPhase(TestCaseExecutor.java:410)
	at com.kms.katalon.core.main.TestCaseExecutor.execute(TestCaseExecutor.java:285)
	at com.kms.katalon.core.common.CommonExecutor.accessTestCaseMainPhase(CommonExecutor.java:65)
	at com.kms.katalon.core.main.TestSuiteExecutor.accessTestSuiteMainPhase(TestSuiteExecutor.java:150)
	at com.kms.katalon.core.main.TestSuiteExecutor.execute(TestSuiteExecutor.java:106)
	at com.kms.katalon.core.main.TestCaseMain.startTestSuite(TestCaseMain.java:180)
	at TempTestSuite1733111659562.run(TempTestSuite1733111659562.groovy:35)
	at java.base/jdk.internal.reflect.NativeMethodAccessorImpl.invoke0(Native Method)
	at java.base/jdk.internal.reflect.NativeMethodAccessorImpl.invoke(NativeMethodAccessorImpl.java:77)
	at java.base/jdk.internal.reflect.DelegatingMethodAccessorImpl.invoke(DelegatingMethodAccessorImpl.java:43)
)

02-12-2024T07:07:07 - [TEST_STEP][PASSED] - result = WriteToExcel(typeOfData, todaysDate, PercPlanR, PercPlanB, PercFactR, PercFactB, x, tabR, tabB, o1R, o1B, vidget): null

02-12-2024T07:07:07 - [TEST_STEP][PASSED] - iii = dZO.indexOf("/"): null

02-12-2024T07:07:07 - [TEST_STEP][PASSED] - println(iii): null

02-12-2024T07:07:07 - [TEST_STEP][PASSED] - dZO = dZO.substring(0, iii): null

02-12-2024T07:07:07 - [TEST_STEP][PASSED] - println(dZO): null

02-12-2024T07:07:07 - [TEST_STEP][PASSED] - println(PercPlanR): null

02-12-2024T07:07:07 - [TEST_STEP][PASSED] - println(PercPlanB): null

02-12-2024T07:07:07 - [TEST_STEP][PASSED] - println(PercFactR): null

02-12-2024T07:07:07 - [TEST_STEP][PASSED] - println(PercFactB): null

02-12-2024T07:07:07 - [TEST_STEP][PASSED] - println(tabR): null

02-12-2024T07:07:07 - [TEST_STEP][PASSED] - println(tabB): null

02-12-2024T07:07:07 - [TEST_STEP][PASSED] - println(o1R): null

02-12-2024T07:07:07 - [TEST_STEP][PASSED] - println(o1B): null

02-12-2024T07:07:07 - [TEST_STEP][PASSED] - PR = <not implemented yet for class: org.codehaus.groovy.ast.expr.EmptyExpression>: null

02-12-2024T07:07:07 - [TEST_STEP][PASSED] - FR = <not implemented yet for class: org.codehaus.groovy.ast.expr.EmptyExpression>: null

02-12-2024T07:07:07 - [TEST_STEP][PASSED] - PB = <not implemented yet for class: org.codehaus.groovy.ast.expr.EmptyExpression>: null

02-12-2024T07:07:07 - [TEST_STEP][PASSED] - FB = <not implemented yet for class: org.codehaus.groovy.ast.expr.EmptyExpression>: null

02-12-2024T07:07:07 - [TEST_STEP][PASSED] - TR = <not implemented yet for class: org.codehaus.groovy.ast.expr.EmptyExpression>: null

02-12-2024T07:07:07 - [TEST_STEP][PASSED] - TB = <not implemented yet for class: org.codehaus.groovy.ast.expr.EmptyExpression>: null

02-12-2024T07:07:07 - [TEST_STEP][PASSED] - sheetName = "Sheet1": null

02-12-2024T07:07:07 - [TEST_STEP][PASSED] - data = findTestData("PlanFact"): null

02-12-2024T07:07:07 - [TEST_STEP][PASSED] - n = data.getRowNumbers() + 1: null

02-12-2024T07:07:07 - [TEST_STEP][PASSED] - year = todaysDate.substring(todaysDate.length() - 4, todaysDate.length()): null

02-12-2024T07:07:07 - [TEST_STEP][PASSED] - y = year.toInteger(): null

02-12-2024T07:07:07 - [TEST_STEP][PASSED] - m = getText(findTestObject("Выполнение бизнес-плана/Выполнение бизнес-плана Балансы/Фильтр Дата")): Text of object 'Object Repository/Выполнение бизнес-плана/Выполнение бизнес-плана Балансы/Фильтр Дата' is: '1, 2, 3 кв., Октябрь 2024 года'

02-12-2024T07:07:07 - [MESSAGE][PASSED] - Text of object 'Object Repository/Выполнение бизнес-плана/Выполнение бизнес-плана Балансы/Фильтр Дата' is: '1, 2, 3 кв., Октябрь 2024 года'

02-12-2024T07:07:07 - [TEST_STEP][PASSED] - m = m.substring(0, m.indexOf("2024")): null

02-12-2024T07:07:07 - [TEST_STEP][PASSED] - m = m.trim(): null

02-12-2024T07:07:07 - [TEST_STEP][PASSED] - dashboardName = "Выполнение бизнес-плана": null

02-12-2024T07:07:07 - [TEST_STEP][PASSED] - workbook01 = getWorkbook(excelFilePath): null

02-12-2024T07:07:07 - [TEST_STEP][PASSED] - sheet01 = getExcelSheet(workbook01, sheetName): null

02-12-2024T07:07:07 - [TEST_STEP][PASSED] - setValueToCellByIndex(sheet01, n, 0, dashboardName): null

02-12-2024T07:07:07 - [TEST_STEP][PASSED] - setValueToCellByIndex(sheet01, n, 1, dZO): null

02-12-2024T07:07:07 - [TEST_STEP][PASSED] - setValueToCellByIndex(sheet01, n, 2, typeOfData): null

02-12-2024T07:07:07 - [TEST_STEP][PASSED] - setValueToCellByIndex(sheet01, n, 3, typeOfData): null

02-12-2024T07:07:07 - [TEST_STEP][PASSED] - if (typeOfData == "План"): null

02-12-2024T07:07:07 - [TEST_STEP][PASSED] - else if (typeOfData == "Факт"): null

02-12-2024T07:07:07 - [TEST_STEP][PASSED] - else if (vidget.contains("электроэнергии") == true): null

02-12-2024T07:07:07 - [TEST_STEP][PASSED] - if (tabR == null): null

02-12-2024T07:07:07 - [TEST_STEP][PASSED] - else: null

02-12-2024T07:07:07 - [TEST_STEP][PASSED] - if (tabR == "нет данных"): null

02-12-2024T07:07:07 - [TEST_STEP][PASSED] - setValueToCellByIndex(sheet01, n, 4, "нет данных"): null

02-12-2024T07:07:07 - [TEST_STEP][PASSED] - if (tabB == null): null

02-12-2024T07:07:07 - [TEST_STEP][PASSED] - else: null

02-12-2024T07:07:07 - [TEST_STEP][PASSED] - if (tabB == "нет данных"): null

02-12-2024T07:07:07 - [TEST_STEP][PASSED] - else: null

02-12-2024T07:07:07 - [TEST_STEP][PASSED] - TB = tabB.toInteger(): null

02-12-2024T07:07:07 - [TEST_STEP][PASSED] - setValueToCellByIndex(sheet01, n, 5, TB): null

02-12-2024T07:07:07 - [TEST_STEP][PASSED] - setValueToCellByIndex(sheet01, n, 6, m): null

02-12-2024T07:07:07 - [TEST_STEP][PASSED] - setValueToCellByIndex(sheet01, n, 7, y): null

02-12-2024T07:07:07 - [TEST_STEP][PASSED] - setValueToCellByIndex(sheet01, n, 8, todaysDate): null

02-12-2024T07:07:07 - [TEST_STEP][PASSED] - n = n + 1: null

02-12-2024T07:07:07 - [TEST_STEP][PASSED] - saveWorkbook(excelFilePath, workbook01): null

02-12-2024T07:07:07 - [TEST_STEP][PASSED] - typeOfData = "План Отпуск из сети": null

02-12-2024T07:07:07 - [TEST_STEP][PASSED] - tabR = GetOiSPlanR(x = a): null

02-12-2024T07:07:07 - [TEST_STEP][PASSED] - i1 = <not implemented yet for class: org.codehaus.groovy.ast.expr.EmptyExpression>: null

02-12-2024T07:07:07 - [TEST_STEP][PASSED] - ii = <not implemented yet for class: org.codehaus.groovy.ast.expr.EmptyExpression>: null

02-12-2024T07:07:07 - [TEST_STEP][PASSED] - for ([ii = 1, ii < 8, (ii++)]): null

02-12-2024T07:07:07 - [TEST_STEP][PASSED] - i1 = x.indexOf("/") + 1: null

02-12-2024T07:07:07 - [TEST_STEP][PASSED] - if (i1 > -1): null

02-12-2024T07:07:07 - [TEST_STEP][PASSED] - x = x.substring(i1, x.length()): null

02-12-2024T07:07:07 - [TEST_STEP][PASSED] - println(x): null

02-12-2024T07:07:07 - [TEST_STEP][PASSED] - i1 = x.indexOf("/") + 1: null

02-12-2024T07:07:07 - [TEST_STEP][PASSED] - if (i1 > -1): null

02-12-2024T07:07:07 - [TEST_STEP][PASSED] - x = x.substring(i1, x.length()): null

02-12-2024T07:07:07 - [TEST_STEP][PASSED] - println(x): null

02-12-2024T07:07:07 - [TEST_STEP][PASSED] - i1 = x.indexOf("/") + 1: null

02-12-2024T07:07:07 - [TEST_STEP][PASSED] - if (i1 > -1): null

02-12-2024T07:07:07 - [TEST_STEP][PASSED] - x = x.substring(i1, x.length()): null

02-12-2024T07:07:07 - [TEST_STEP][PASSED] - println(x): null

02-12-2024T07:07:07 - [TEST_STEP][PASSED] - i1 = x.indexOf("/") + 1: null

02-12-2024T07:07:07 - [TEST_STEP][PASSED] - if (i1 > -1): null

02-12-2024T07:07:07 - [TEST_STEP][PASSED] - x = x.substring(i1, x.length()): null

02-12-2024T07:07:07 - [TEST_STEP][PASSED] - println(x): null

02-12-2024T07:07:07 - [TEST_STEP][PASSED] - i1 = x.indexOf("/") + 1: null

02-12-2024T07:07:07 - [TEST_STEP][PASSED] - if (i1 > -1): null

02-12-2024T07:07:07 - [TEST_STEP][PASSED] - x = x.substring(i1, x.length()): null

02-12-2024T07:07:07 - [TEST_STEP][PASSED] - println(x): null

02-12-2024T07:07:07 - [TEST_STEP][PASSED] - i1 = x.indexOf("/") + 1: null

02-12-2024T07:07:07 - [TEST_STEP][PASSED] - if (i1 > -1): null

02-12-2024T07:07:07 - [TEST_STEP][PASSED] - x = x.substring(i1, x.length()): null

02-12-2024T07:07:07 - [TEST_STEP][PASSED] - println(x): null

02-12-2024T07:07:07 - [TEST_STEP][PASSED] - i1 = x.indexOf("/") + 1: null

02-12-2024T07:07:07 - [TEST_STEP][PASSED] - if (i1 > -1): null

02-12-2024T07:07:07 - [TEST_STEP][PASSED] - x = x.substring(i1, x.length()): null

02-12-2024T07:07:07 - [TEST_STEP][PASSED] - println(x): null

02-12-2024T07:07:07 - [TEST_STEP][PASSED] - i1 = x.indexOf("/"): null

02-12-2024T07:07:07 - [TEST_STEP][PASSED] - if (i1 > -1): null

02-12-2024T07:07:07 - [TEST_STEP][PASSED] - x = x.substring(0, i1): null

02-12-2024T07:07:07 - [TEST_STEP][PASSED] - println(x): null

02-12-2024T07:07:07 - [TEST_STEP][PASSED] - return x: null

02-12-2024T07:07:07 - [TEST_STEP][PASSED] - tabB = GetOiSPlanB(x = b): null

02-12-2024T07:07:07 - [TEST_STEP][PASSED] - i1 = <not implemented yet for class: org.codehaus.groovy.ast.expr.EmptyExpression>: null

02-12-2024T07:07:07 - [TEST_STEP][PASSED] - ii = <not implemented yet for class: org.codehaus.groovy.ast.expr.EmptyExpression>: null

02-12-2024T07:07:07 - [TEST_STEP][PASSED] - for ([ii = 1, ii < 8, (ii++)]): null

02-12-2024T07:07:07 - [TEST_STEP][PASSED] - i1 = x.indexOf("/") + 1: null

02-12-2024T07:07:07 - [TEST_STEP][PASSED] - if (i1 > -1): null

02-12-2024T07:07:07 - [TEST_STEP][PASSED] - x = x.substring(i1, x.length()): null

02-12-2024T07:07:07 - [TEST_STEP][PASSED] - println(x): null

02-12-2024T07:07:07 - [TEST_STEP][PASSED] - i1 = x.indexOf("/") + 1: null

02-12-2024T07:07:07 - [TEST_STEP][PASSED] - if (i1 > -1): null

02-12-2024T07:07:07 - [TEST_STEP][PASSED] - x = x.substring(i1, x.length()): null

02-12-2024T07:07:07 - [TEST_STEP][PASSED] - println(x): null

02-12-2024T07:07:07 - [TEST_STEP][PASSED] - i1 = x.indexOf("/") + 1: null

02-12-2024T07:07:07 - [TEST_STEP][PASSED] - if (i1 > -1): null

02-12-2024T07:07:07 - [TEST_STEP][PASSED] - x = x.substring(i1, x.length()): null

02-12-2024T07:07:07 - [TEST_STEP][PASSED] - println(x): null

02-12-2024T07:07:07 - [TEST_STEP][PASSED] - i1 = x.indexOf("/") + 1: null

02-12-2024T07:07:07 - [TEST_STEP][PASSED] - if (i1 > -1): null

02-12-2024T07:07:07 - [TEST_STEP][PASSED] - x = x.substring(i1, x.length()): null

02-12-2024T07:07:07 - [TEST_STEP][PASSED] - println(x): null

02-12-2024T07:07:07 - [TEST_STEP][PASSED] - i1 = x.indexOf("/") + 1: null

02-12-2024T07:07:07 - [TEST_STEP][PASSED] - if (i1 > -1): null

02-12-2024T07:07:07 - [TEST_STEP][PASSED] - x = x.substring(i1, x.length()): null

02-12-2024T07:07:07 - [TEST_STEP][PASSED] - println(x): null

02-12-2024T07:07:07 - [TEST_STEP][PASSED] - i1 = x.indexOf("/") + 1: null

02-12-2024T07:07:07 - [TEST_STEP][PASSED] - if (i1 > -1): null

02-12-2024T07:07:07 - [TEST_STEP][PASSED] - x = x.substring(i1, x.length()): null

02-12-2024T07:07:07 - [TEST_STEP][PASSED] - println(x): null

02-12-2024T07:07:07 - [TEST_STEP][PASSED] - i1 = x.indexOf("/") + 1: null

02-12-2024T07:07:07 - [TEST_STEP][PASSED] - if (i1 > -1): null

02-12-2024T07:07:07 - [TEST_STEP][PASSED] - x = x.substring(i1, x.length()): null

02-12-2024T07:07:07 - [TEST_STEP][PASSED] - println(x): null

02-12-2024T07:07:07 - [TEST_STEP][PASSED] - i1 = x.indexOf("/"): null

02-12-2024T07:07:07 - [TEST_STEP][PASSED] - if (i1 > -1): null

02-12-2024T07:07:07 - [TEST_STEP][PASSED] - x = x.substring(0, i1): null

02-12-2024T07:07:07 - [TEST_STEP][PASSED] - println(x): null

02-12-2024T07:07:07 - [TEST_STEP][FAILED] - return x: null

02-12-2024T07:07:07 - [TEST_STEP][PASSED] - println(tabR + "/" + tabB): null

02-12-2024T07:07:07 - [TEST_STEP][FAILED] - if (verifyEqual(PercFactR, PercFactB) == false): null

02-12-2024T07:07:07 - [MESSAGE][FAILED] - Unable to verify equal between actual object 'нет данных' and expected object '8.76' (Root cause: com.kms.katalon.core.exception.StepFailedException: Actual object 'нет данных' and expected object '8.76' are not equal
	at com.kms.katalon.core.keyword.builtin.VerifyEqualKeyword$_verifyEqual_closure1.doCall(VerifyEqualKeyword.groovy:58)
	at com.kms.katalon.core.keyword.builtin.VerifyEqualKeyword$_verifyEqual_closure1.call(VerifyEqualKeyword.groovy)
	at com.kms.katalon.core.keyword.internal.KeywordMain.runKeyword(KeywordMain.groovy:75)
	at com.kms.katalon.core.keyword.builtin.VerifyEqualKeyword.verifyEqual(VerifyEqualKeyword.groovy:63)
	at com.kms.katalon.core.keyword.builtin.VerifyEqualKeyword.execute(VerifyEqualKeyword.groovy:44)
	at com.kms.katalon.core.keyword.internal.KeywordExecutor.executeKeywordForPlatform(KeywordExecutor.groovy:74)
	at com.kms.katalon.core.keyword.BuiltinKeywords.verifyEqual(BuiltinKeywords.groovy:146)
	at jdk.internal.reflect.GeneratedMethodAccessor25.invoke(Unknown Source)
	at java.base/jdk.internal.reflect.DelegatingMethodAccessorImpl.invoke(DelegatingMethodAccessorImpl.java:43)
	at Выполнение бизнес-плана сверка дашбордов.CompareDZOData(Выполнение бизнес-плана сверка дашбордов:758)
	at Выполнение бизнес-плана сверка дашбордов.run(Выполнение бизнес-плана сверка дашбордов:663)
	at com.kms.katalon.core.main.ScriptEngine.run(ScriptEngine.java:194)
	at com.kms.katalon.core.main.ScriptEngine.runScriptAsRawText(ScriptEngine.java:119)
	at com.kms.katalon.core.main.TestCaseExecutor.runScript(TestCaseExecutor.java:448)
	at com.kms.katalon.core.main.TestCaseExecutor.doExecute(TestCaseExecutor.java:439)
	at com.kms.katalon.core.main.TestCaseExecutor.processExecutionPhase(TestCaseExecutor.java:418)
	at com.kms.katalon.core.main.TestCaseExecutor.accessMainPhase(TestCaseExecutor.java:410)
	at com.kms.katalon.core.main.TestCaseExecutor.execute(TestCaseExecutor.java:285)
	at com.kms.katalon.core.common.CommonExecutor.accessTestCaseMainPhase(CommonExecutor.java:65)
	at com.kms.katalon.core.main.TestSuiteExecutor.accessTestSuiteMainPhase(TestSuiteExecutor.java:150)
	at com.kms.katalon.core.main.TestSuiteExecutor.execute(TestSuiteExecutor.java:106)
	at com.kms.katalon.core.main.TestCaseMain.startTestSuite(TestCaseMain.java:180)
	at TempTestSuite1733111659562.run(TempTestSuite1733111659562.groovy:35)
	at java.base/jdk.internal.reflect.NativeMethodAccessorImpl.invoke0(Native Method)
	at java.base/jdk.internal.reflect.NativeMethodAccessorImpl.invoke(NativeMethodAccessorImpl.java:77)
	at java.base/jdk.internal.reflect.DelegatingMethodAccessorImpl.invoke(DelegatingMethodAccessorImpl.java:43)
)

02-12-2024T07:07:07 - [TEST_STEP][PASSED] - result = WriteToExcel(typeOfData, todaysDate, PercPlanR, PercPlanB, PercFactR, PercFactB, x, tabR, tabB, o1R, o1B, vidget): null

02-12-2024T07:07:07 - [TEST_STEP][PASSED] - iii = dZO.indexOf("/"): null

02-12-2024T07:07:07 - [TEST_STEP][PASSED] - println(iii): null

02-12-2024T07:07:07 - [TEST_STEP][PASSED] - dZO = dZO.substring(0, iii): null

02-12-2024T07:07:07 - [TEST_STEP][PASSED] - println(dZO): null

02-12-2024T07:07:07 - [TEST_STEP][PASSED] - println(PercPlanR): null

02-12-2024T07:07:07 - [TEST_STEP][PASSED] - println(PercPlanB): null

02-12-2024T07:07:07 - [TEST_STEP][PASSED] - println(PercFactR): null

02-12-2024T07:07:07 - [TEST_STEP][PASSED] - println(PercFactB): null

02-12-2024T07:07:07 - [TEST_STEP][PASSED] - println(tabR): null

02-12-2024T07:07:07 - [TEST_STEP][PASSED] - println(tabB): null

02-12-2024T07:07:07 - [TEST_STEP][PASSED] - println(o1R): null

02-12-2024T07:07:07 - [TEST_STEP][PASSED] - println(o1B): null

02-12-2024T07:07:07 - [TEST_STEP][PASSED] - PR = <not implemented yet for class: org.codehaus.groovy.ast.expr.EmptyExpression>: null

02-12-2024T07:07:07 - [TEST_STEP][PASSED] - FR = <not implemented yet for class: org.codehaus.groovy.ast.expr.EmptyExpression>: null

02-12-2024T07:07:07 - [TEST_STEP][PASSED] - PB = <not implemented yet for class: org.codehaus.groovy.ast.expr.EmptyExpression>: null

02-12-2024T07:07:07 - [TEST_STEP][PASSED] - FB = <not implemented yet for class: org.codehaus.groovy.ast.expr.EmptyExpression>: null

02-12-2024T07:07:07 - [TEST_STEP][PASSED] - TR = <not implemented yet for class: org.codehaus.groovy.ast.expr.EmptyExpression>: null

02-12-2024T07:07:07 - [TEST_STEP][PASSED] - TB = <not implemented yet for class: org.codehaus.groovy.ast.expr.EmptyExpression>: null

02-12-2024T07:07:07 - [TEST_STEP][PASSED] - sheetName = "Sheet1": null

02-12-2024T07:07:07 - [TEST_STEP][PASSED] - data = findTestData("PlanFact"): null

02-12-2024T07:07:07 - [TEST_STEP][PASSED] - n = data.getRowNumbers() + 1: null

02-12-2024T07:07:07 - [TEST_STEP][PASSED] - year = todaysDate.substring(todaysDate.length() - 4, todaysDate.length()): null

02-12-2024T07:07:07 - [TEST_STEP][PASSED] - y = year.toInteger(): null

02-12-2024T07:07:07 - [TEST_STEP][PASSED] - m = getText(findTestObject("Выполнение бизнес-плана/Выполнение бизнес-плана Балансы/Фильтр Дата")): Text of object 'Object Repository/Выполнение бизнес-плана/Выполнение бизнес-плана Балансы/Фильтр Дата' is: '1, 2, 3 кв., Октябрь 2024 года'

02-12-2024T07:07:08 - [MESSAGE][PASSED] - Text of object 'Object Repository/Выполнение бизнес-плана/Выполнение бизнес-плана Балансы/Фильтр Дата' is: '1, 2, 3 кв., Октябрь 2024 года'

02-12-2024T07:07:08 - [TEST_STEP][PASSED] - m = m.substring(0, m.indexOf("2024")): null

02-12-2024T07:07:08 - [TEST_STEP][PASSED] - m = m.trim(): null

02-12-2024T07:07:08 - [TEST_STEP][PASSED] - dashboardName = "Выполнение бизнес-плана": null

02-12-2024T07:07:08 - [TEST_STEP][PASSED] - workbook01 = getWorkbook(excelFilePath): null

02-12-2024T07:07:08 - [TEST_STEP][PASSED] - sheet01 = getExcelSheet(workbook01, sheetName): null

02-12-2024T07:07:08 - [TEST_STEP][PASSED] - setValueToCellByIndex(sheet01, n, 0, dashboardName): null

02-12-2024T07:07:08 - [TEST_STEP][PASSED] - setValueToCellByIndex(sheet01, n, 1, dZO): null

02-12-2024T07:07:08 - [TEST_STEP][PASSED] - setValueToCellByIndex(sheet01, n, 2, typeOfData): null

02-12-2024T07:07:08 - [TEST_STEP][PASSED] - setValueToCellByIndex(sheet01, n, 3, typeOfData): null

02-12-2024T07:07:08 - [TEST_STEP][PASSED] - if (typeOfData == "План"): null

02-12-2024T07:07:08 - [TEST_STEP][PASSED] - else if (typeOfData == "Факт"): null

02-12-2024T07:07:08 - [TEST_STEP][PASSED] - else if (vidget.contains("электроэнергии") == true): null

02-12-2024T07:07:08 - [TEST_STEP][PASSED] - if (tabR == null): null

02-12-2024T07:07:08 - [TEST_STEP][PASSED] - else: null

02-12-2024T07:07:08 - [TEST_STEP][PASSED] - if (tabR == "нет данных"): null

02-12-2024T07:07:08 - [TEST_STEP][PASSED] - setValueToCellByIndex(sheet01, n, 4, "нет данных"): null

02-12-2024T07:07:08 - [TEST_STEP][PASSED] - if (tabB == null): null

02-12-2024T07:07:08 - [TEST_STEP][PASSED] - else: null

02-12-2024T07:07:08 - [TEST_STEP][PASSED] - if (tabB == "нет данных"): null

02-12-2024T07:07:08 - [TEST_STEP][PASSED] - else: null

02-12-2024T07:07:08 - [TEST_STEP][PASSED] - TB = tabB.toInteger(): null

02-12-2024T07:07:08 - [TEST_STEP][PASSED] - setValueToCellByIndex(sheet01, n, 5, TB): null

02-12-2024T07:07:08 - [TEST_STEP][PASSED] - setValueToCellByIndex(sheet01, n, 6, m): null

02-12-2024T07:07:08 - [TEST_STEP][PASSED] - setValueToCellByIndex(sheet01, n, 7, y): null

02-12-2024T07:07:08 - [TEST_STEP][PASSED] - setValueToCellByIndex(sheet01, n, 8, todaysDate): null

02-12-2024T07:07:08 - [TEST_STEP][PASSED] - n = n + 1: null

02-12-2024T07:07:08 - [TEST_STEP][PASSED] - saveWorkbook(excelFilePath, workbook01): null

02-12-2024T07:07:08 - [TEST_STEP][PASSED] - typeOfData = "План Потери": null

02-12-2024T07:07:08 - [TEST_STEP][PASSED] - tabR = GetPPlanR(x = a): null

02-12-2024T07:07:08 - [TEST_STEP][PASSED] - i1 = <not implemented yet for class: org.codehaus.groovy.ast.expr.EmptyExpression>: null

02-12-2024T07:07:08 - [TEST_STEP][PASSED] - ii = <not implemented yet for class: org.codehaus.groovy.ast.expr.EmptyExpression>: null

02-12-2024T07:07:08 - [TEST_STEP][PASSED] - for ([ii = 1, ii < 9, (ii++)]): null

02-12-2024T07:07:08 - [TEST_STEP][PASSED] - i1 = x.indexOf("/") + 1: null

02-12-2024T07:07:08 - [TEST_STEP][PASSED] - if (i1 > -1): null

02-12-2024T07:07:08 - [TEST_STEP][PASSED] - x = x.substring(i1, x.length()): null

02-12-2024T07:07:08 - [TEST_STEP][PASSED] - println(x): null

02-12-2024T07:07:08 - [TEST_STEP][PASSED] - i1 = x.indexOf("/") + 1: null

02-12-2024T07:07:08 - [TEST_STEP][PASSED] - if (i1 > -1): null

02-12-2024T07:07:08 - [TEST_STEP][PASSED] - x = x.substring(i1, x.length()): null

02-12-2024T07:07:08 - [TEST_STEP][PASSED] - println(x): null

02-12-2024T07:07:08 - [TEST_STEP][PASSED] - i1 = x.indexOf("/") + 1: null

02-12-2024T07:07:08 - [TEST_STEP][PASSED] - if (i1 > -1): null

02-12-2024T07:07:08 - [TEST_STEP][PASSED] - x = x.substring(i1, x.length()): null

02-12-2024T07:07:08 - [TEST_STEP][PASSED] - println(x): null

02-12-2024T07:07:08 - [TEST_STEP][PASSED] - i1 = x.indexOf("/") + 1: null

02-12-2024T07:07:08 - [TEST_STEP][PASSED] - if (i1 > -1): null

02-12-2024T07:07:08 - [TEST_STEP][PASSED] - x = x.substring(i1, x.length()): null

02-12-2024T07:07:08 - [TEST_STEP][PASSED] - println(x): null

02-12-2024T07:07:08 - [TEST_STEP][PASSED] - i1 = x.indexOf("/") + 1: null

02-12-2024T07:07:08 - [TEST_STEP][PASSED] - if (i1 > -1): null

02-12-2024T07:07:08 - [TEST_STEP][PASSED] - x = x.substring(i1, x.length()): null

02-12-2024T07:07:08 - [TEST_STEP][PASSED] - println(x): null

02-12-2024T07:07:08 - [TEST_STEP][PASSED] - i1 = x.indexOf("/") + 1: null

02-12-2024T07:07:08 - [TEST_STEP][PASSED] - if (i1 > -1): null

02-12-2024T07:07:08 - [TEST_STEP][PASSED] - x = x.substring(i1, x.length()): null

02-12-2024T07:07:08 - [TEST_STEP][PASSED] - println(x): null

02-12-2024T07:07:08 - [TEST_STEP][PASSED] - i1 = x.indexOf("/") + 1: null

02-12-2024T07:07:08 - [TEST_STEP][PASSED] - if (i1 > -1): null

02-12-2024T07:07:08 - [TEST_STEP][PASSED] - x = x.substring(i1, x.length()): null

02-12-2024T07:07:08 - [TEST_STEP][PASSED] - println(x): null

02-12-2024T07:07:08 - [TEST_STEP][PASSED] - i1 = x.indexOf("/") + 1: null

02-12-2024T07:07:08 - [TEST_STEP][PASSED] - if (i1 > -1): null

02-12-2024T07:07:08 - [TEST_STEP][PASSED] - x = x.substring(i1, x.length()): null

02-12-2024T07:07:08 - [TEST_STEP][PASSED] - println(x): null

02-12-2024T07:07:08 - [TEST_STEP][PASSED] - i1 = x.indexOf("/"): null

02-12-2024T07:07:08 - [TEST_STEP][PASSED] - if (i1 > -1): null

02-12-2024T07:07:08 - [TEST_STEP][PASSED] - x = x.substring(0, i1): null

02-12-2024T07:07:08 - [TEST_STEP][PASSED] - println(x): null

02-12-2024T07:07:08 - [TEST_STEP][PASSED] - return x: null

02-12-2024T07:07:08 - [TEST_STEP][PASSED] - tabB = GetPPlanB(x = b): null

02-12-2024T07:07:08 - [TEST_STEP][PASSED] - i1 = <not implemented yet for class: org.codehaus.groovy.ast.expr.EmptyExpression>: null

02-12-2024T07:07:08 - [TEST_STEP][PASSED] - ii = <not implemented yet for class: org.codehaus.groovy.ast.expr.EmptyExpression>: null

02-12-2024T07:07:08 - [TEST_STEP][PASSED] - for ([ii = 1, ii < 9, (ii++)]): null

02-12-2024T07:07:08 - [TEST_STEP][PASSED] - i1 = x.indexOf("/") + 1: null

02-12-2024T07:07:08 - [TEST_STEP][PASSED] - if (i1 > -1): null

02-12-2024T07:07:08 - [TEST_STEP][PASSED] - x = x.substring(i1, x.length()): null

02-12-2024T07:07:08 - [TEST_STEP][PASSED] - println(x): null

02-12-2024T07:07:08 - [TEST_STEP][PASSED] - i1 = x.indexOf("/") + 1: null

02-12-2024T07:07:08 - [TEST_STEP][PASSED] - if (i1 > -1): null

02-12-2024T07:07:08 - [TEST_STEP][PASSED] - x = x.substring(i1, x.length()): null

02-12-2024T07:07:08 - [TEST_STEP][PASSED] - println(x): null

02-12-2024T07:07:08 - [TEST_STEP][PASSED] - i1 = x.indexOf("/") + 1: null

02-12-2024T07:07:08 - [TEST_STEP][PASSED] - if (i1 > -1): null

02-12-2024T07:07:08 - [TEST_STEP][PASSED] - x = x.substring(i1, x.length()): null

02-12-2024T07:07:08 - [TEST_STEP][PASSED] - println(x): null

02-12-2024T07:07:08 - [TEST_STEP][PASSED] - i1 = x.indexOf("/") + 1: null

02-12-2024T07:07:08 - [TEST_STEP][PASSED] - if (i1 > -1): null

02-12-2024T07:07:08 - [TEST_STEP][PASSED] - x = x.substring(i1, x.length()): null

02-12-2024T07:07:08 - [TEST_STEP][PASSED] - println(x): null

02-12-2024T07:07:08 - [TEST_STEP][PASSED] - i1 = x.indexOf("/") + 1: null

02-12-2024T07:07:08 - [TEST_STEP][PASSED] - if (i1 > -1): null

02-12-2024T07:07:08 - [TEST_STEP][PASSED] - x = x.substring(i1, x.length()): null

02-12-2024T07:07:08 - [TEST_STEP][PASSED] - println(x): null

02-12-2024T07:07:08 - [TEST_STEP][PASSED] - i1 = x.indexOf("/") + 1: null

02-12-2024T07:07:08 - [TEST_STEP][PASSED] - if (i1 > -1): null

02-12-2024T07:07:08 - [TEST_STEP][PASSED] - x = x.substring(i1, x.length()): null

02-12-2024T07:07:08 - [TEST_STEP][PASSED] - println(x): null

02-12-2024T07:07:08 - [TEST_STEP][PASSED] - i1 = x.indexOf("/") + 1: null

02-12-2024T07:07:08 - [TEST_STEP][PASSED] - if (i1 > -1): null

02-12-2024T07:07:08 - [TEST_STEP][PASSED] - x = x.substring(i1, x.length()): null

02-12-2024T07:07:08 - [TEST_STEP][PASSED] - println(x): null

02-12-2024T07:07:08 - [TEST_STEP][PASSED] - i1 = x.indexOf("/") + 1: null

02-12-2024T07:07:08 - [TEST_STEP][PASSED] - if (i1 > -1): null

02-12-2024T07:07:08 - [TEST_STEP][PASSED] - x = x.substring(i1, x.length()): null

02-12-2024T07:07:08 - [TEST_STEP][PASSED] - println(x): null

02-12-2024T07:07:08 - [TEST_STEP][PASSED] - i1 = x.indexOf("/"): null

02-12-2024T07:07:08 - [TEST_STEP][PASSED] - if (i1 > -1): null

02-12-2024T07:07:08 - [TEST_STEP][PASSED] - x = x.substring(0, i1): null

02-12-2024T07:07:08 - [TEST_STEP][PASSED] - println(x): null

02-12-2024T07:07:08 - [TEST_STEP][FAILED] - return x: null

02-12-2024T07:07:08 - [TEST_STEP][PASSED] - println(tabR + "/" + tabB): null

02-12-2024T07:07:08 - [TEST_STEP][FAILED] - if (verifyEqual(PercFactR, PercFactB) == false): null

02-12-2024T07:07:08 - [MESSAGE][FAILED] - Unable to verify equal between actual object 'нет данных' and expected object '8.76' (Root cause: com.kms.katalon.core.exception.StepFailedException: Actual object 'нет данных' and expected object '8.76' are not equal
	at com.kms.katalon.core.keyword.builtin.VerifyEqualKeyword$_verifyEqual_closure1.doCall(VerifyEqualKeyword.groovy:58)
	at com.kms.katalon.core.keyword.builtin.VerifyEqualKeyword$_verifyEqual_closure1.call(VerifyEqualKeyword.groovy)
	at com.kms.katalon.core.keyword.internal.KeywordMain.runKeyword(KeywordMain.groovy:75)
	at com.kms.katalon.core.keyword.builtin.VerifyEqualKeyword.verifyEqual(VerifyEqualKeyword.groovy:63)
	at com.kms.katalon.core.keyword.builtin.VerifyEqualKeyword.execute(VerifyEqualKeyword.groovy:44)
	at com.kms.katalon.core.keyword.internal.KeywordExecutor.executeKeywordForPlatform(KeywordExecutor.groovy:74)
	at com.kms.katalon.core.keyword.BuiltinKeywords.verifyEqual(BuiltinKeywords.groovy:146)
	at jdk.internal.reflect.GeneratedMethodAccessor25.invoke(Unknown Source)
	at java.base/jdk.internal.reflect.DelegatingMethodAccessorImpl.invoke(DelegatingMethodAccessorImpl.java:43)
	at Выполнение бизнес-плана сверка дашбордов.CompareDZOData(Выполнение бизнес-плана сверка дашбордов:771)
	at Выполнение бизнес-плана сверка дашбордов.run(Выполнение бизнес-плана сверка дашбордов:663)
	at com.kms.katalon.core.main.ScriptEngine.run(ScriptEngine.java:194)
	at com.kms.katalon.core.main.ScriptEngine.runScriptAsRawText(ScriptEngine.java:119)
	at com.kms.katalon.core.main.TestCaseExecutor.runScript(TestCaseExecutor.java:448)
	at com.kms.katalon.core.main.TestCaseExecutor.doExecute(TestCaseExecutor.java:439)
	at com.kms.katalon.core.main.TestCaseExecutor.processExecutionPhase(TestCaseExecutor.java:418)
	at com.kms.katalon.core.main.TestCaseExecutor.accessMainPhase(TestCaseExecutor.java:410)
	at com.kms.katalon.core.main.TestCaseExecutor.execute(TestCaseExecutor.java:285)
	at com.kms.katalon.core.common.CommonExecutor.accessTestCaseMainPhase(CommonExecutor.java:65)
	at com.kms.katalon.core.main.TestSuiteExecutor.accessTestSuiteMainPhase(TestSuiteExecutor.java:150)
	at com.kms.katalon.core.main.TestSuiteExecutor.execute(TestSuiteExecutor.java:106)
	at com.kms.katalon.core.main.TestCaseMain.startTestSuite(TestCaseMain.java:180)
	at TempTestSuite1733111659562.run(TempTestSuite1733111659562.groovy:35)
	at java.base/jdk.internal.reflect.NativeMethodAccessorImpl.invoke0(Native Method)
	at java.base/jdk.internal.reflect.NativeMethodAccessorImpl.invoke(NativeMethodAccessorImpl.java:77)
	at java.base/jdk.internal.reflect.DelegatingMethodAccessorImpl.invoke(DelegatingMethodAccessorImpl.java:43)
)

02-12-2024T07:07:08 - [TEST_STEP][PASSED] - result = WriteToExcel(typeOfData, todaysDate, PercPlanR, PercPlanB, PercFactR, PercFactB, x, tabR, tabB, o1R, o1B, vidget): null

02-12-2024T07:07:08 - [TEST_STEP][PASSED] - iii = dZO.indexOf("/"): null

02-12-2024T07:07:08 - [TEST_STEP][PASSED] - println(iii): null

02-12-2024T07:07:08 - [TEST_STEP][PASSED] - dZO = dZO.substring(0, iii): null

02-12-2024T07:07:08 - [TEST_STEP][PASSED] - println(dZO): null

02-12-2024T07:07:08 - [TEST_STEP][PASSED] - println(PercPlanR): null

02-12-2024T07:07:08 - [TEST_STEP][PASSED] - println(PercPlanB): null

02-12-2024T07:07:08 - [TEST_STEP][PASSED] - println(PercFactR): null

02-12-2024T07:07:08 - [TEST_STEP][PASSED] - println(PercFactB): null

02-12-2024T07:07:08 - [TEST_STEP][PASSED] - println(tabR): null

02-12-2024T07:07:08 - [TEST_STEP][PASSED] - println(tabB): null

02-12-2024T07:07:08 - [TEST_STEP][PASSED] - println(o1R): null

02-12-2024T07:07:08 - [TEST_STEP][PASSED] - println(o1B): null

02-12-2024T07:07:08 - [TEST_STEP][PASSED] - PR = <not implemented yet for class: org.codehaus.groovy.ast.expr.EmptyExpression>: null

02-12-2024T07:07:08 - [TEST_STEP][PASSED] - FR = <not implemented yet for class: org.codehaus.groovy.ast.expr.EmptyExpression>: null

02-12-2024T07:07:08 - [TEST_STEP][PASSED] - PB = <not implemented yet for class: org.codehaus.groovy.ast.expr.EmptyExpression>: null

02-12-2024T07:07:08 - [TEST_STEP][PASSED] - FB = <not implemented yet for class: org.codehaus.groovy.ast.expr.EmptyExpression>: null

02-12-2024T07:07:08 - [TEST_STEP][PASSED] - TR = <not implemented yet for class: org.codehaus.groovy.ast.expr.EmptyExpression>: null

02-12-2024T07:07:08 - [TEST_STEP][PASSED] - TB = <not implemented yet for class: org.codehaus.groovy.ast.expr.EmptyExpression>: null

02-12-2024T07:07:08 - [TEST_STEP][PASSED] - sheetName = "Sheet1": null

02-12-2024T07:07:08 - [TEST_STEP][PASSED] - data = findTestData("PlanFact"): null

02-12-2024T07:07:08 - [TEST_STEP][PASSED] - n = data.getRowNumbers() + 1: null

02-12-2024T07:07:08 - [TEST_STEP][PASSED] - year = todaysDate.substring(todaysDate.length() - 4, todaysDate.length()): null

02-12-2024T07:07:08 - [TEST_STEP][PASSED] - y = year.toInteger(): null

02-12-2024T07:07:08 - [TEST_STEP][PASSED] - m = getText(findTestObject("Выполнение бизнес-плана/Выполнение бизнес-плана Балансы/Фильтр Дата")): Text of object 'Object Repository/Выполнение бизнес-плана/Выполнение бизнес-плана Балансы/Фильтр Дата' is: '1, 2, 3 кв., Октябрь 2024 года'

02-12-2024T07:07:08 - [MESSAGE][PASSED] - Text of object 'Object Repository/Выполнение бизнес-плана/Выполнение бизнес-плана Балансы/Фильтр Дата' is: '1, 2, 3 кв., Октябрь 2024 года'

02-12-2024T07:07:08 - [TEST_STEP][PASSED] - m = m.substring(0, m.indexOf("2024")): null

02-12-2024T07:07:08 - [TEST_STEP][PASSED] - m = m.trim(): null

02-12-2024T07:07:08 - [TEST_STEP][PASSED] - dashboardName = "Выполнение бизнес-плана": null

02-12-2024T07:07:08 - [TEST_STEP][PASSED] - workbook01 = getWorkbook(excelFilePath): null

02-12-2024T07:07:08 - [TEST_STEP][PASSED] - sheet01 = getExcelSheet(workbook01, sheetName): null

02-12-2024T07:07:08 - [TEST_STEP][PASSED] - setValueToCellByIndex(sheet01, n, 0, dashboardName): null

02-12-2024T07:07:08 - [TEST_STEP][PASSED] - setValueToCellByIndex(sheet01, n, 1, dZO): null

02-12-2024T07:07:08 - [TEST_STEP][PASSED] - setValueToCellByIndex(sheet01, n, 2, typeOfData): null

02-12-2024T07:07:08 - [TEST_STEP][PASSED] - setValueToCellByIndex(sheet01, n, 3, typeOfData): null

02-12-2024T07:07:08 - [TEST_STEP][PASSED] - if (typeOfData == "План"): null

02-12-2024T07:07:08 - [TEST_STEP][PASSED] - else if (typeOfData == "Факт"): null

02-12-2024T07:07:08 - [TEST_STEP][PASSED] - else if (vidget.contains("электроэнергии") == true): null

02-12-2024T07:07:08 - [TEST_STEP][PASSED] - if (tabR == null): null

02-12-2024T07:07:08 - [TEST_STEP][PASSED] - else: null

02-12-2024T07:07:08 - [TEST_STEP][PASSED] - if (tabR == "нет данных"): null

02-12-2024T07:07:08 - [TEST_STEP][PASSED] - setValueToCellByIndex(sheet01, n, 4, "нет данных"): null

02-12-2024T07:07:08 - [TEST_STEP][PASSED] - if (tabB == null): null

02-12-2024T07:07:08 - [TEST_STEP][PASSED] - else: null

02-12-2024T07:07:08 - [TEST_STEP][PASSED] - if (tabB == "нет данных"): null

02-12-2024T07:07:08 - [TEST_STEP][PASSED] - else: null

02-12-2024T07:07:08 - [TEST_STEP][PASSED] - TB = tabB.toInteger(): null

02-12-2024T07:07:08 - [TEST_STEP][PASSED] - setValueToCellByIndex(sheet01, n, 5, TB): null

02-12-2024T07:07:08 - [TEST_STEP][PASSED] - setValueToCellByIndex(sheet01, n, 6, m): null

02-12-2024T07:07:08 - [TEST_STEP][PASSED] - setValueToCellByIndex(sheet01, n, 7, y): null

02-12-2024T07:07:08 - [TEST_STEP][PASSED] - setValueToCellByIndex(sheet01, n, 8, todaysDate): null

02-12-2024T07:07:08 - [TEST_STEP][PASSED] - n = n + 1: null

02-12-2024T07:07:08 - [TEST_STEP][PASSED] - saveWorkbook(excelFilePath, workbook01): null

02-12-2024T07:07:08 - [TEST_STEP][PASSED] - ii2 = a.indexOf("ПАО"): null

02-12-2024T07:07:08 - [TEST_STEP][PASSED] - if (ii2 == -1): null

02-12-2024T07:07:08 - [TEST_STEP][PASSED] - vidget = "Отклонения фактического уровня потерь от бизнес-плана": null

02-12-2024T07:07:08 - [TEST_STEP][PASSED] - typeOfData = "Коэффициент": null

02-12-2024T07:07:08 - [TEST_STEP][PASSED] - o1R = Geto1R(x = a): null

02-12-2024T07:07:08 - [TEST_STEP][PASSED] - i1 = <not implemented yet for class: org.codehaus.groovy.ast.expr.EmptyExpression>: null

02-12-2024T07:07:08 - [TEST_STEP][PASSED] - ii = <not implemented yet for class: org.codehaus.groovy.ast.expr.EmptyExpression>: null

02-12-2024T07:07:08 - [TEST_STEP][PASSED] - for ([ii = 1, ii < 10, (ii++)]): null

02-12-2024T07:07:08 - [TEST_STEP][PASSED] - i1 = x.indexOf("/") + 1: null

02-12-2024T07:07:08 - [TEST_STEP][PASSED] - if (i1 > -1): null

02-12-2024T07:07:08 - [TEST_STEP][PASSED] - x = x.substring(i1, x.length()): null

02-12-2024T07:07:08 - [TEST_STEP][PASSED] - i1 = x.indexOf("/") + 1: null

02-12-2024T07:07:08 - [TEST_STEP][PASSED] - if (i1 > -1): null

02-12-2024T07:07:08 - [TEST_STEP][PASSED] - x = x.substring(i1, x.length()): null

02-12-2024T07:07:08 - [TEST_STEP][PASSED] - i1 = x.indexOf("/") + 1: null

02-12-2024T07:07:08 - [TEST_STEP][PASSED] - if (i1 > -1): null

02-12-2024T07:07:08 - [TEST_STEP][PASSED] - x = x.substring(i1, x.length()): null

02-12-2024T07:07:08 - [TEST_STEP][PASSED] - i1 = x.indexOf("/") + 1: null

02-12-2024T07:07:08 - [TEST_STEP][PASSED] - if (i1 > -1): null

02-12-2024T07:07:08 - [TEST_STEP][PASSED] - x = x.substring(i1, x.length()): null

02-12-2024T07:07:08 - [TEST_STEP][PASSED] - i1 = x.indexOf("/") + 1: null

02-12-2024T07:07:08 - [TEST_STEP][PASSED] - if (i1 > -1): null

02-12-2024T07:07:08 - [TEST_STEP][PASSED] - x = x.substring(i1, x.length()): null

02-12-2024T07:07:08 - [TEST_STEP][PASSED] - i1 = x.indexOf("/") + 1: null

02-12-2024T07:07:08 - [TEST_STEP][PASSED] - if (i1 > -1): null

02-12-2024T07:07:08 - [TEST_STEP][PASSED] - x = x.substring(i1, x.length()): null

02-12-2024T07:07:08 - [TEST_STEP][PASSED] - i1 = x.indexOf("/") + 1: null

02-12-2024T07:07:08 - [TEST_STEP][PASSED] - if (i1 > -1): null

02-12-2024T07:07:08 - [TEST_STEP][PASSED] - x = x.substring(i1, x.length()): null

02-12-2024T07:07:08 - [TEST_STEP][PASSED] - i1 = x.indexOf("/") + 1: null

02-12-2024T07:07:08 - [TEST_STEP][PASSED] - if (i1 > -1): null

02-12-2024T07:07:08 - [TEST_STEP][PASSED] - x = x.substring(i1, x.length()): null

02-12-2024T07:07:08 - [TEST_STEP][PASSED] - i1 = x.indexOf("/") + 1: null

02-12-2024T07:07:08 - [TEST_STEP][PASSED] - if (i1 > -1): null

02-12-2024T07:07:08 - [TEST_STEP][PASSED] - x = x.substring(i1, x.length()): null

02-12-2024T07:07:08 - [TEST_STEP][PASSED] - i1 = x.indexOf("/"): null

02-12-2024T07:07:08 - [TEST_STEP][PASSED] - if (i1 > -1): null

02-12-2024T07:07:08 - [TEST_STEP][PASSED] - println(x): null

02-12-2024T07:07:08 - [TEST_STEP][PASSED] - return x: null

02-12-2024T07:07:08 - [TEST_STEP][PASSED] - o1B = Geto1B(x = b): null

02-12-2024T07:07:08 - [TEST_STEP][PASSED] - i1 = <not implemented yet for class: org.codehaus.groovy.ast.expr.EmptyExpression>: null

02-12-2024T07:07:08 - [TEST_STEP][PASSED] - ii = <not implemented yet for class: org.codehaus.groovy.ast.expr.EmptyExpression>: null

02-12-2024T07:07:08 - [TEST_STEP][PASSED] - for ([ii = 1, ii < 10, (ii++)]): null

02-12-2024T07:07:08 - [TEST_STEP][PASSED] - i1 = x.indexOf("/") + 1: null

02-12-2024T07:07:08 - [TEST_STEP][PASSED] - if (i1 > -1): null

02-12-2024T07:07:08 - [TEST_STEP][PASSED] - x = x.substring(i1, x.length()): null

02-12-2024T07:07:08 - [TEST_STEP][PASSED] - i1 = x.indexOf("/") + 1: null

02-12-2024T07:07:08 - [TEST_STEP][PASSED] - if (i1 > -1): null

02-12-2024T07:07:08 - [TEST_STEP][PASSED] - x = x.substring(i1, x.length()): null

02-12-2024T07:07:08 - [TEST_STEP][PASSED] - i1 = x.indexOf("/") + 1: null

02-12-2024T07:07:08 - [TEST_STEP][PASSED] - if (i1 > -1): null

02-12-2024T07:07:08 - [TEST_STEP][PASSED] - x = x.substring(i1, x.length()): null

02-12-2024T07:07:08 - [TEST_STEP][PASSED] - i1 = x.indexOf("/") + 1: null

02-12-2024T07:07:08 - [TEST_STEP][PASSED] - if (i1 > -1): null

02-12-2024T07:07:08 - [TEST_STEP][PASSED] - x = x.substring(i1, x.length()): null

02-12-2024T07:07:08 - [TEST_STEP][PASSED] - i1 = x.indexOf("/") + 1: null

02-12-2024T07:07:08 - [TEST_STEP][PASSED] - if (i1 > -1): null

02-12-2024T07:07:08 - [TEST_STEP][PASSED] - x = x.substring(i1, x.length()): null

02-12-2024T07:07:08 - [TEST_STEP][PASSED] - i1 = x.indexOf("/") + 1: null

02-12-2024T07:07:08 - [TEST_STEP][PASSED] - if (i1 > -1): null

02-12-2024T07:07:08 - [TEST_STEP][PASSED] - x = x.substring(i1, x.length()): null

02-12-2024T07:07:08 - [TEST_STEP][PASSED] - i1 = x.indexOf("/") + 1: null

02-12-2024T07:07:08 - [TEST_STEP][PASSED] - if (i1 > -1): null

02-12-2024T07:07:08 - [TEST_STEP][PASSED] - x = x.substring(i1, x.length()): null

02-12-2024T07:07:08 - [TEST_STEP][PASSED] - i1 = x.indexOf("/") + 1: null

02-12-2024T07:07:08 - [TEST_STEP][PASSED] - if (i1 > -1): null

02-12-2024T07:07:08 - [TEST_STEP][PASSED] - x = x.substring(i1, x.length()): null

02-12-2024T07:07:08 - [TEST_STEP][PASSED] - i1 = x.indexOf("/") + 1: null

02-12-2024T07:07:08 - [TEST_STEP][PASSED] - if (i1 > -1): null

02-12-2024T07:07:08 - [TEST_STEP][PASSED] - x = x.substring(i1, x.length()): null

02-12-2024T07:07:08 - [TEST_STEP][PASSED] - i1 = x.indexOf("/"): null

02-12-2024T07:07:08 - [TEST_STEP][PASSED] - if (i1 > -1): null

02-12-2024T07:07:08 - [TEST_STEP][PASSED] - println(x): null

02-12-2024T07:07:08 - [TEST_STEP][FAILED] - return x: null

02-12-2024T07:07:08 - [TEST_STEP][PASSED] - println(o1R + "/" + o1B): null

02-12-2024T07:07:08 - [TEST_STEP][FAILED] - if (verifyEqual(PercFactR, PercFactB) == false): null

02-12-2024T07:07:08 - [MESSAGE][FAILED] - Unable to verify equal between actual object 'нет данных' and expected object '8.76' (Root cause: com.kms.katalon.core.exception.StepFailedException: Actual object 'нет данных' and expected object '8.76' are not equal
	at com.kms.katalon.core.keyword.builtin.VerifyEqualKeyword$_verifyEqual_closure1.doCall(VerifyEqualKeyword.groovy:58)
	at com.kms.katalon.core.keyword.builtin.VerifyEqualKeyword$_verifyEqual_closure1.call(VerifyEqualKeyword.groovy)
	at com.kms.katalon.core.keyword.internal.KeywordMain.runKeyword(KeywordMain.groovy:75)
	at com.kms.katalon.core.keyword.builtin.VerifyEqualKeyword.verifyEqual(VerifyEqualKeyword.groovy:63)
	at com.kms.katalon.core.keyword.builtin.VerifyEqualKeyword.execute(VerifyEqualKeyword.groovy:44)
	at com.kms.katalon.core.keyword.internal.KeywordExecutor.executeKeywordForPlatform(KeywordExecutor.groovy:74)
	at com.kms.katalon.core.keyword.BuiltinKeywords.verifyEqual(BuiltinKeywords.groovy:146)
	at jdk.internal.reflect.GeneratedMethodAccessor25.invoke(Unknown Source)
	at java.base/jdk.internal.reflect.DelegatingMethodAccessorImpl.invoke(DelegatingMethodAccessorImpl.java:43)
	at Выполнение бизнес-плана сверка дашбордов.CompareDZOData(Выполнение бизнес-плана сверка дашбордов:789)
	at Выполнение бизнес-плана сверка дашбордов.run(Выполнение бизнес-плана сверка дашбордов:663)
	at com.kms.katalon.core.main.ScriptEngine.run(ScriptEngine.java:194)
	at com.kms.katalon.core.main.ScriptEngine.runScriptAsRawText(ScriptEngine.java:119)
	at com.kms.katalon.core.main.TestCaseExecutor.runScript(TestCaseExecutor.java:448)
	at com.kms.katalon.core.main.TestCaseExecutor.doExecute(TestCaseExecutor.java:439)
	at com.kms.katalon.core.main.TestCaseExecutor.processExecutionPhase(TestCaseExecutor.java:418)
	at com.kms.katalon.core.main.TestCaseExecutor.accessMainPhase(TestCaseExecutor.java:410)
	at com.kms.katalon.core.main.TestCaseExecutor.execute(TestCaseExecutor.java:285)
	at com.kms.katalon.core.common.CommonExecutor.accessTestCaseMainPhase(CommonExecutor.java:65)
	at com.kms.katalon.core.main.TestSuiteExecutor.accessTestSuiteMainPhase(TestSuiteExecutor.java:150)
	at com.kms.katalon.core.main.TestSuiteExecutor.execute(TestSuiteExecutor.java:106)
	at com.kms.katalon.core.main.TestCaseMain.startTestSuite(TestCaseMain.java:180)
	at TempTestSuite1733111659562.run(TempTestSuite1733111659562.groovy:35)
	at java.base/jdk.internal.reflect.NativeMethodAccessorImpl.invoke0(Native Method)
	at java.base/jdk.internal.reflect.NativeMethodAccessorImpl.invoke(NativeMethodAccessorImpl.java:77)
	at java.base/jdk.internal.reflect.DelegatingMethodAccessorImpl.invoke(DelegatingMethodAccessorImpl.java:43)
)

02-12-2024T07:07:08 - [TEST_STEP][PASSED] - result = WriteToExcel(typeOfData, todaysDate, PercPlanR, PercPlanB, PercFactR, PercFactB, x, tabR, tabB, o1R, o1B, vidget): null

02-12-2024T07:07:08 - [TEST_STEP][PASSED] - iii = dZO.indexOf("/"): null

02-12-2024T07:07:08 - [TEST_STEP][PASSED] - println(iii): null

02-12-2024T07:07:08 - [TEST_STEP][PASSED] - dZO = dZO.substring(0, iii): null

02-12-2024T07:07:08 - [TEST_STEP][PASSED] - println(dZO): null

02-12-2024T07:07:08 - [TEST_STEP][PASSED] - println(PercPlanR): null

02-12-2024T07:07:08 - [TEST_STEP][PASSED] - println(PercPlanB): null

02-12-2024T07:07:08 - [TEST_STEP][PASSED] - println(PercFactR): null

02-12-2024T07:07:08 - [TEST_STEP][PASSED] - println(PercFactB): null

02-12-2024T07:07:08 - [TEST_STEP][PASSED] - println(tabR): null

02-12-2024T07:07:08 - [TEST_STEP][PASSED] - println(tabB): null

02-12-2024T07:07:08 - [TEST_STEP][PASSED] - println(o1R): null

02-12-2024T07:07:08 - [TEST_STEP][PASSED] - println(o1B): null

02-12-2024T07:07:08 - [TEST_STEP][PASSED] - PR = <not implemented yet for class: org.codehaus.groovy.ast.expr.EmptyExpression>: null

02-12-2024T07:07:08 - [TEST_STEP][PASSED] - FR = <not implemented yet for class: org.codehaus.groovy.ast.expr.EmptyExpression>: null

02-12-2024T07:07:08 - [TEST_STEP][PASSED] - PB = <not implemented yet for class: org.codehaus.groovy.ast.expr.EmptyExpression>: null

02-12-2024T07:07:08 - [TEST_STEP][PASSED] - FB = <not implemented yet for class: org.codehaus.groovy.ast.expr.EmptyExpression>: null

02-12-2024T07:07:08 - [TEST_STEP][PASSED] - TR = <not implemented yet for class: org.codehaus.groovy.ast.expr.EmptyExpression>: null

02-12-2024T07:07:08 - [TEST_STEP][PASSED] - TB = <not implemented yet for class: org.codehaus.groovy.ast.expr.EmptyExpression>: null

02-12-2024T07:07:08 - [TEST_STEP][PASSED] - sheetName = "Sheet1": null

02-12-2024T07:07:08 - [TEST_STEP][PASSED] - data = findTestData("PlanFact"): null

02-12-2024T07:07:09 - [TEST_STEP][PASSED] - n = data.getRowNumbers() + 1: null

02-12-2024T07:07:09 - [TEST_STEP][PASSED] - year = todaysDate.substring(todaysDate.length() - 4, todaysDate.length()): null

02-12-2024T07:07:09 - [TEST_STEP][PASSED] - y = year.toInteger(): null

02-12-2024T07:07:09 - [TEST_STEP][PASSED] - m = getText(findTestObject("Выполнение бизнес-плана/Выполнение бизнес-плана Балансы/Фильтр Дата")): Text of object 'Object Repository/Выполнение бизнес-плана/Выполнение бизнес-плана Балансы/Фильтр Дата' is: '1, 2, 3 кв., Октябрь 2024 года'

02-12-2024T07:07:09 - [MESSAGE][PASSED] - Text of object 'Object Repository/Выполнение бизнес-плана/Выполнение бизнес-плана Балансы/Фильтр Дата' is: '1, 2, 3 кв., Октябрь 2024 года'

02-12-2024T07:07:09 - [TEST_STEP][PASSED] - m = m.substring(0, m.indexOf("2024")): null

02-12-2024T07:07:09 - [TEST_STEP][PASSED] - m = m.trim(): null

02-12-2024T07:07:09 - [TEST_STEP][PASSED] - dashboardName = "Выполнение бизнес-плана": null

02-12-2024T07:07:09 - [TEST_STEP][PASSED] - workbook01 = getWorkbook(excelFilePath): null

02-12-2024T07:07:09 - [TEST_STEP][PASSED] - sheet01 = getExcelSheet(workbook01, sheetName): null

02-12-2024T07:07:09 - [TEST_STEP][PASSED] - setValueToCellByIndex(sheet01, n, 0, dashboardName): null

02-12-2024T07:07:09 - [TEST_STEP][PASSED] - setValueToCellByIndex(sheet01, n, 1, dZO): null

02-12-2024T07:07:09 - [TEST_STEP][PASSED] - setValueToCellByIndex(sheet01, n, 2, typeOfData): null

02-12-2024T07:07:09 - [TEST_STEP][PASSED] - setValueToCellByIndex(sheet01, n, 3, typeOfData): null

02-12-2024T07:07:09 - [TEST_STEP][PASSED] - if (typeOfData == "План"): null

02-12-2024T07:07:09 - [TEST_STEP][PASSED] - else if (typeOfData == "Факт"): null

02-12-2024T07:07:09 - [TEST_STEP][PASSED] - else if (vidget.contains("электроэнергии") == true): null

02-12-2024T07:07:09 - [TEST_STEP][PASSED] - else: null

02-12-2024T07:07:09 - [TEST_STEP][PASSED] - if (o1R == null): null

02-12-2024T07:07:09 - [TEST_STEP][PASSED] - else: null

02-12-2024T07:07:09 - [TEST_STEP][PASSED] - if (o1R == "нет данных"): null

02-12-2024T07:07:09 - [TEST_STEP][PASSED] - setValueToCellByIndex(sheet01, n, 4, "нет данных"): null

02-12-2024T07:07:09 - [TEST_STEP][PASSED] - if (o1B == null): null

02-12-2024T07:07:09 - [TEST_STEP][PASSED] - else: null

02-12-2024T07:07:09 - [TEST_STEP][PASSED] - if (o1B == "нет данных"): null

02-12-2024T07:07:09 - [TEST_STEP][PASSED] - else: null

02-12-2024T07:07:09 - [TEST_STEP][PASSED] - FB = o1B.toDouble(): null

02-12-2024T07:07:09 - [TEST_STEP][PASSED] - setValueToCellByIndex(sheet01, n, 5, FB): null

02-12-2024T07:07:09 - [TEST_STEP][PASSED] - setValueToCellByIndex(sheet01, n, 6, m): null

02-12-2024T07:07:09 - [TEST_STEP][PASSED] - setValueToCellByIndex(sheet01, n, 7, y): null

02-12-2024T07:07:09 - [TEST_STEP][PASSED] - setValueToCellByIndex(sheet01, n, 8, todaysDate): null

02-12-2024T07:07:09 - [TEST_STEP][PASSED] - n = n + 1: null

02-12-2024T07:07:09 - [TEST_STEP][PASSED] - saveWorkbook(excelFilePath, workbook01): null

02-12-2024T07:07:09 - [TEST_STEP][PASSED] - closeBrowser(): Browser is closed

02-12-2024T07:07:09 - [MESSAGE][PASSED] - Browser is closed]]></system-out>
         <system-err><![CDATA[02-12-2024T06:54:24 - [TEST_CASE][FAILED] - Test Cases/Сверки дашбордов/Выполнение бизнес-плана сверка дашбордов: Test Cases/Сверки дашбордов/Выполнение бизнес-плана сверка дашбордов FAILED.
Reason:
com.kms.katalon.core.exception.StepFailedException: Unable to verify object is present (Root cause: com.kms.katalon.core.exception.StepFailedException: Unable to verify object is present
	at com.kms.katalon.core.webui.keyword.internal.WebUIKeywordMain.stepFailed(WebUIKeywordMain.groovy:64)
	at com.kms.katalon.core.webui.keyword.internal.WebUIKeywordMain.runKeyword(WebUIKeywordMain.groovy:26)
	at com.kms.katalon.core.webui.keyword.builtin.VerifyElementPresentKeyword.verifyElementPresent(VerifyElementPresentKeyword.groovy:92)
	at com.kms.katalon.core.webui.keyword.builtin.VerifyElementPresentKeyword.execute(VerifyElementPresentKeyword.groovy:68)
	at com.kms.katalon.core.keyword.internal.KeywordExecutor.executeKeywordForPlatform(KeywordExecutor.groovy:74)
	at com.kms.katalon.core.webui.keyword.WebUiBuiltInKeywords.verifyElementPresent(WebUiBuiltInKeywords.groovy:1503)
	at Выполнение бизнес-плана сверка дашбордов.GetAllPAOData(Выполнение бизнес-плана сверка дашбордов:862)
	at Выполнение бизнес-плана сверка дашбордов.run(Выполнение бизнес-плана сверка дашбордов:362)
	at com.kms.katalon.core.main.ScriptEngine.run(ScriptEngine.java:194)
	at com.kms.katalon.core.main.ScriptEngine.runScriptAsRawText(ScriptEngine.java:119)
	at com.kms.katalon.core.main.TestCaseExecutor.runScript(TestCaseExecutor.java:448)
	at com.kms.katalon.core.main.TestCaseExecutor.doExecute(TestCaseExecutor.java:439)
	at com.kms.katalon.core.main.TestCaseExecutor.processExecutionPhase(TestCaseExecutor.java:418)
	at com.kms.katalon.core.main.TestCaseExecutor.accessMainPhase(TestCaseExecutor.java:410)
	at com.kms.katalon.core.main.TestCaseExecutor.execute(TestCaseExecutor.java:285)
	at com.kms.katalon.core.common.CommonExecutor.accessTestCaseMainPhase(CommonExecutor.java:65)
	at com.kms.katalon.core.main.TestSuiteExecutor.accessTestSuiteMainPhase(TestSuiteExecutor.java:150)
	at com.kms.katalon.core.main.TestSuiteExecutor.execute(TestSuiteExecutor.java:106)
	at com.kms.katalon.core.main.TestCaseMain.startTestSuite(TestCaseMain.java:180)
	at TempTestSuite1733111659562.run(TempTestSuite1733111659562.groovy:35)
	at java.base/jdk.internal.reflect.NativeMethodAccessorImpl.invoke0(Native Method)
	at java.base/jdk.internal.reflect.NativeMethodAccessorImpl.invoke(NativeMethodAccessorImpl.java:77)
	at java.base/jdk.internal.reflect.DelegatingMethodAccessorImpl.invoke(DelegatingMethodAccessorImpl.java:43)
Caused by: java.lang.IllegalArgumentException: Object is null
	at com.kms.katalon.core.helper.KeywordHelper.checkTestObjectParameter(KeywordHelper.java:33)
	at com.kms.katalon.core.webui.keyword.builtin.VerifyElementPresentKeyword$_verifyElementPresent_closure1.doCall(VerifyElementPresentKeyword.groovy:76)
	at com.kms.katalon.core.webui.keyword.builtin.VerifyElementPresentKeyword$_verifyElementPresent_closure1.call(VerifyElementPresentKeyword.groovy)
	at com.kms.katalon.core.webui.keyword.internal.WebUIKeywordMain.runKeyword(WebUIKeywordMain.groovy:20)
	at com.kms.katalon.core.webui.keyword.builtin.VerifyElementPresentKeyword.verifyElementPresent(VerifyElementPresentKeyword.groovy:92)
	at com.kms.katalon.core.webui.keyword.builtin.VerifyElementPresentKeyword.execute(VerifyElementPresentKeyword.groovy:68)
	at com.kms.katalon.core.keyword.internal.KeywordExecutor.executeKeywordForPlatform(KeywordExecutor.groovy:74)
	at com.kms.katalon.core.webui.keyword.WebUiBuiltInKeywords.verifyElementPresent(WebUiBuiltInKeywords.groovy:1503)
	at Script1719299571342.GetAllPAOData(Script1719299571342.groovy:862)
	at Script1719299571342.run(Script1719299571342.groovy:362)
	... 15 more
)
	at com.kms.katalon.core.keyword.internal.KeywordMain.stepFailed(KeywordMain.groovy:39)
	at com.kms.katalon.core.webui.keyword.internal.WebUIKeywordMain.stepFailed(WebUIKeywordMain.groovy:64)
	at com.kms.katalon.core.webui.keyword.internal.WebUIKeywordMain.runKeyword(WebUIKeywordMain.groovy:26)
	at com.kms.katalon.core.webui.keyword.builtin.VerifyElementPresentKeyword.verifyElementPresent(VerifyElementPresentKeyword.groovy:92)
	at com.kms.katalon.core.webui.keyword.builtin.VerifyElementPresentKeyword.execute(VerifyElementPresentKeyword.groovy:68)
	at com.kms.katalon.core.keyword.internal.KeywordExecutor.executeKeywordForPlatform(KeywordExecutor.groovy:74)
	at com.kms.katalon.core.webui.keyword.WebUiBuiltInKeywords.verifyElementPresent(WebUiBuiltInKeywords.groovy:1503)
	at Выполнение бизнес-плана сверка дашбордов.GetAllPAOData(Выполнение бизнес-плана сверка дашбордов:862)
	at Выполнение бизнес-плана сверка дашбордов.run(Выполнение бизнес-плана сверка дашбордов:362)
	at com.kms.katalon.core.main.ScriptEngine.run(ScriptEngine.java:194)
	at com.kms.katalon.core.main.ScriptEngine.runScriptAsRawText(ScriptEngine.java:119)
	at com.kms.katalon.core.main.TestCaseExecutor.runScript(TestCaseExecutor.java:448)
	at com.kms.katalon.core.main.TestCaseExecutor.doExecute(TestCaseExecutor.java:439)
	at com.kms.katalon.core.main.TestCaseExecutor.processExecutionPhase(TestCaseExecutor.java:418)
	at com.kms.katalon.core.main.TestCaseExecutor.accessMainPhase(TestCaseExecutor.java:410)
	at com.kms.katalon.core.main.TestCaseExecutor.execute(TestCaseExecutor.java:285)
	at com.kms.katalon.core.common.CommonExecutor.accessTestCaseMainPhase(CommonExecutor.java:65)
	at com.kms.katalon.core.main.TestSuiteExecutor.accessTestSuiteMainPhase(TestSuiteExecutor.java:150)
	at com.kms.katalon.core.main.TestSuiteExecutor.execute(TestSuiteExecutor.java:106)
	at com.kms.katalon.core.main.TestCaseMain.startTestSuite(TestCaseMain.java:180)
	at TempTestSuite1733111659562.run(TempTestSuite1733111659562.groovy:35)
	at java.base/jdk.internal.reflect.NativeMethodAccessorImpl.invoke0(Native Method)
	at java.base/jdk.internal.reflect.NativeMethodAccessorImpl.invoke(NativeMethodAccessorImpl.java:77)
	at java.base/jdk.internal.reflect.DelegatingMethodAccessorImpl.invoke(DelegatingMethodAccessorImpl.java:43)
Caused by: com.kms.katalon.core.exception.StepFailedException: Unable to verify object is present
	... 23 more
Caused by: java.lang.IllegalArgumentException: Object is null
	at com.kms.katalon.core.helper.KeywordHelper.checkTestObjectParameter(KeywordHelper.java:33)
	at com.kms.katalon.core.webui.keyword.builtin.VerifyElementPresentKeyword$_verifyElementPresent_closure1.doCall(VerifyElementPresentKeyword.groovy:76)
	at com.kms.katalon.core.webui.keyword.builtin.VerifyElementPresentKeyword$_verifyElementPresent_closure1.call(VerifyElementPresentKeyword.groovy)
	at com.kms.katalon.core.webui.keyword.internal.WebUIKeywordMain.runKeyword(WebUIKeywordMain.groovy:20)
	... 21 more]]></system-err>
      </testcase>
      <testcase name="Test Cases/Сверки дашбордов/Выручка в рублях сверка дашбордов ПАО Россети" time="5108.378" classname="Test Cases/Сверки дашбордов/Выручка в рублях сверка дашбордов ПАО Россети" status="FAILED">
         <failure type="FAILED" message="Test Cases/Сверки дашбордов/Выручка в рублях сверка дашбордов ПАО Россети FAILED.&#xa;Reason:&#xa;com.kms.katalon.core.exception.StepFailedException: Unable to verify equal between actual object '-25.61' and expected object '0.07' (Root cause: com.kms.katalon.core.exception.StepFailedException: Actual object '-25.61' and expected object '0.07' are not equal&#xa;	at com.kms.katalon.core.keyword.builtin.VerifyEqualKeyword$_verifyEqual_closure1.doCall(VerifyEqualKeyword.groovy:58)&#xa;	at com.kms.katalon.core.keyword.builtin.VerifyEqualKeyword$_verifyEqual_closure1.call(VerifyEqualKeyword.groovy)&#xa;	at com.kms.katalon.core.keyword.internal.KeywordMain.runKeyword(KeywordMain.groovy:75)&#xa;	at com.kms.katalon.core.keyword.builtin.VerifyEqualKeyword.verifyEqual(VerifyEqualKeyword.groovy:63)&#xa;	at com.kms.katalon.core.keyword.builtin.VerifyEqualKeyword.execute(VerifyEqualKeyword.groovy:44)&#xa;	at com.kms.katalon.core.keyword.internal.KeywordExecutor.executeKeywordForPlatform(KeywordExecutor.groovy:74)&#xa;	at com.kms.katalon.core.keyword.BuiltinKeywords.verifyEqual(BuiltinKeywords.groovy:146)&#xa;	at jdk.internal.reflect.GeneratedMethodAccessor25.invoke(Unknown Source)&#xa;	at java.base/jdk.internal.reflect.DelegatingMethodAccessorImpl.invoke(DelegatingMethodAccessorImpl.java:43)&#xa;	at Выручка в рублях сверка дашбордов ПАО Россети.Blocks(Выручка в рублях сверка дашбордов ПАО Россети:357)&#xa;	at Выручка в рублях сверка дашбордов ПАО Россети.ViruchkaChange(Выручка в рублях сверка дашбордов ПАО Россети:60)&#xa;	at Выручка в рублях сверка дашбордов ПАО Россети.run(Выручка в рублях сверка дашбордов ПАО Россети:55)&#xa;	at com.kms.katalon.core.main.ScriptEngine.run(ScriptEngine.java:194)&#xa;	at com.kms.katalon.core.main.ScriptEngine.runScriptAsRawText(ScriptEngine.java:119)&#xa;	at com.kms.katalon.core.main.TestCaseExecutor.runScript(TestCaseExecutor.java:448)&#xa;	at com.kms.katalon.core.main.TestCaseExecutor.doExecute(TestCaseExecutor.java:439)&#xa;	at com.kms.katalon.core.main.TestCaseExecutor.processExecutionPhase(TestCaseExecutor.java:418)&#xa;	at com.kms.katalon.core.main.TestCaseExecutor.accessMainPhase(TestCaseExecutor.java:410)&#xa;	at com.kms.katalon.core.main.TestCaseExecutor.execute(TestCaseExecutor.java:285)&#xa;	at com.kms.katalon.core.common.CommonExecutor.accessTestCaseMainPhase(CommonExecutor.java:65)&#xa;	at com.kms.katalon.core.main.TestSuiteExecutor.accessTestSuiteMainPhase(TestSuiteExecutor.java:150)&#xa;	at com.kms.katalon.core.main.TestSuiteExecutor.execute(TestSuiteExecutor.java:106)&#xa;	at com.kms.katalon.core.main.TestCaseMain.startTestSuite(TestCaseMain.java:180)&#xa;	at TempTestSuite1733111659562.run(TempTestSuite1733111659562.groovy:35)&#xa;	at java.base/jdk.internal.reflect.NativeMethodAccessorImpl.invoke0(Native Method)&#xa;	at java.base/jdk.internal.reflect.NativeMethodAccessorImpl.invoke(NativeMethodAccessorImpl.java:77)&#xa;	at java.base/jdk.internal.reflect.DelegatingMethodAccessorImpl.invoke(DelegatingMethodAccessorImpl.java:43)&#xa;)&#xa;	at com.kms.katalon.core.keyword.internal.KeywordMain.stepFailed(KeywordMain.groovy:39)&#xa;	at com.kms.katalon.core.keyword.internal.KeywordMain.stepFailed(KeywordMain.groovy)&#xa;	at com.kms.katalon.core.keyword.internal.KeywordMain.runKeyword(KeywordMain.groovy:77)&#xa;	at com.kms.katalon.core.keyword.builtin.VerifyEqualKeyword.verifyEqual(VerifyEqualKeyword.groovy:63)&#xa;	at com.kms.katalon.core.keyword.builtin.VerifyEqualKeyword.execute(VerifyEqualKeyword.groovy:44)&#xa;	at com.kms.katalon.core.keyword.internal.KeywordExecutor.executeKeywordForPlatform(KeywordExecutor.groovy:74)&#xa;	at com.kms.katalon.core.keyword.BuiltinKeywords.verifyEqual(BuiltinKeywords.groovy:146)&#xa;	at jdk.internal.reflect.GeneratedMethodAccessor25.invoke(Unknown Source)&#xa;	at java.base/jdk.internal.reflect.DelegatingMethodAccessorImpl.invoke(DelegatingMethodAccessorImpl.java:43)&#xa;	at Выручка в рублях сверка дашбордов ПАО Россети.Blocks(Выручка в рублях сверка дашбордов ПАО Россети:357)&#xa;	at Выручка в рублях сверка дашбордов ПАО Россети.ViruchkaChange(Выручка в рублях сверка дашбордов ПАО Россети:60)&#xa;	at Выручка в рублях сверка дашбордов ПАО Россети.run(Выручка в рублях сверка дашбордов ПАО Россети:55)&#xa;	at com.kms.katalon.core.main.ScriptEngine.run(ScriptEngine.java:194)&#xa;	at com.kms.katalon.core.main.ScriptEngine.runScriptAsRawText(ScriptEngine.java:119)&#xa;	at com.kms.katalon.core.main.TestCaseExecutor.runScript(TestCaseExecutor.java:448)&#xa;	at com.kms.katalon.core.main.TestCaseExecutor.doExecute(TestCaseExecutor.java:439)&#xa;	at com.kms.katalon.core.main.TestCaseExecutor.processExecutionPhase(TestCaseExecutor.java:418)&#xa;	at com.kms.katalon.core.main.TestCaseExecutor.accessMainPhase(TestCaseExecutor.java:410)&#xa;	at com.kms.katalon.core.main.TestCaseExecutor.execute(TestCaseExecutor.java:285)&#xa;	at com.kms.katalon.core.common.CommonExecutor.accessTestCaseMainPhase(CommonExecutor.java:65)&#xa;	at com.kms.katalon.core.main.TestSuiteExecutor.accessTestSuiteMainPhase(TestSuiteExecutor.java:150)&#xa;	at com.kms.katalon.core.main.TestSuiteExecutor.execute(TestSuiteExecutor.java:106)&#xa;	at com.kms.katalon.core.main.TestCaseMain.startTestSuite(TestCaseMain.java:180)&#xa;	at TempTestSuite1733111659562.run(TempTestSuite1733111659562.groovy:35)&#xa;	at java.base/jdk.internal.reflect.NativeMethodAccessorImpl.invoke0(Native Method)&#xa;	at java.base/jdk.internal.reflect.NativeMethodAccessorImpl.invoke(NativeMethodAccessorImpl.java:77)&#xa;	at java.base/jdk.internal.reflect.DelegatingMethodAccessorImpl.invoke(DelegatingMethodAccessorImpl.java:43)&#xa;Caused by: com.kms.katalon.core.exception.StepFailedException: Actual object '-25.61' and expected object '0.07' are not equal&#xa;	at com.kms.katalon.core.keyword.builtin.VerifyEqualKeyword$_verifyEqual_closure1.doCall(VerifyEqualKeyword.groovy:58)&#xa;	at com.kms.katalon.core.keyword.builtin.VerifyEqualKeyword$_verifyEqual_closure1.call(VerifyEqualKeyword.groovy)&#xa;	at com.kms.katalon.core.keyword.internal.KeywordMain.runKeyword(KeywordMain.groovy:75)&#xa;	... 24 more&#xa;"/>
         <system-out><![CDATA[02-12-2024T07:07:09 - [TEST_CASE][FAILED] - Test Cases/Сверки дашбордов/Выручка в рублях сверка дашбордов ПАО Россети: Test Cases/Сверки дашбордов/Выручка в рублях сверка дашбордов ПАО Россети FAILED.
Reason:
com.kms.katalon.core.exception.StepFailedException: Unable to verify equal between actual object '-25.61' and expected object '0.07' (Root cause: com.kms.katalon.core.exception.StepFailedException: Actual object '-25.61' and expected object '0.07' are not equal
	at com.kms.katalon.core.keyword.builtin.VerifyEqualKeyword$_verifyEqual_closure1.doCall(VerifyEqualKeyword.groovy:58)
	at com.kms.katalon.core.keyword.builtin.VerifyEqualKeyword$_verifyEqual_closure1.call(VerifyEqualKeyword.groovy)
	at com.kms.katalon.core.keyword.internal.KeywordMain.runKeyword(KeywordMain.groovy:75)
	at com.kms.katalon.core.keyword.builtin.VerifyEqualKeyword.verifyEqual(VerifyEqualKeyword.groovy:63)
	at com.kms.katalon.core.keyword.builtin.VerifyEqualKeyword.execute(VerifyEqualKeyword.groovy:44)
	at com.kms.katalon.core.keyword.internal.KeywordExecutor.executeKeywordForPlatform(KeywordExecutor.groovy:74)
	at com.kms.katalon.core.keyword.BuiltinKeywords.verifyEqual(BuiltinKeywords.groovy:146)
	at jdk.internal.reflect.GeneratedMethodAccessor25.invoke(Unknown Source)
	at java.base/jdk.internal.reflect.DelegatingMethodAccessorImpl.invoke(DelegatingMethodAccessorImpl.java:43)
	at Выручка в рублях сверка дашбордов ПАО Россети.Blocks(Выручка в рублях сверка дашбордов ПАО Россети:357)
	at Выручка в рублях сверка дашбордов ПАО Россети.ViruchkaChange(Выручка в рублях сверка дашбордов ПАО Россети:60)
	at Выручка в рублях сверка дашбордов ПАО Россети.run(Выручка в рублях сверка дашбордов ПАО Россети:55)
	at com.kms.katalon.core.main.ScriptEngine.run(ScriptEngine.java:194)
	at com.kms.katalon.core.main.ScriptEngine.runScriptAsRawText(ScriptEngine.java:119)
	at com.kms.katalon.core.main.TestCaseExecutor.runScript(TestCaseExecutor.java:448)
	at com.kms.katalon.core.main.TestCaseExecutor.doExecute(TestCaseExecutor.java:439)
	at com.kms.katalon.core.main.TestCaseExecutor.processExecutionPhase(TestCaseExecutor.java:418)
	at com.kms.katalon.core.main.TestCaseExecutor.accessMainPhase(TestCaseExecutor.java:410)
	at com.kms.katalon.core.main.TestCaseExecutor.execute(TestCaseExecutor.java:285)
	at com.kms.katalon.core.common.CommonExecutor.accessTestCaseMainPhase(CommonExecutor.java:65)
	at com.kms.katalon.core.main.TestSuiteExecutor.accessTestSuiteMainPhase(TestSuiteExecutor.java:150)
	at com.kms.katalon.core.main.TestSuiteExecutor.execute(TestSuiteExecutor.java:106)
	at com.kms.katalon.core.main.TestCaseMain.startTestSuite(TestCaseMain.java:180)
	at TempTestSuite1733111659562.run(TempTestSuite1733111659562.groovy:35)
	at java.base/jdk.internal.reflect.NativeMethodAccessorImpl.invoke0(Native Method)
	at java.base/jdk.internal.reflect.NativeMethodAccessorImpl.invoke(NativeMethodAccessorImpl.java:77)
	at java.base/jdk.internal.reflect.DelegatingMethodAccessorImpl.invoke(DelegatingMethodAccessorImpl.java:43)
)
	at com.kms.katalon.core.keyword.internal.KeywordMain.stepFailed(KeywordMain.groovy:39)
	at com.kms.katalon.core.keyword.internal.KeywordMain.stepFailed(KeywordMain.groovy)
	at com.kms.katalon.core.keyword.internal.KeywordMain.runKeyword(KeywordMain.groovy:77)
	at com.kms.katalon.core.keyword.builtin.VerifyEqualKeyword.verifyEqual(VerifyEqualKeyword.groovy:63)
	at com.kms.katalon.core.keyword.builtin.VerifyEqualKeyword.execute(VerifyEqualKeyword.groovy:44)
	at com.kms.katalon.core.keyword.internal.KeywordExecutor.executeKeywordForPlatform(KeywordExecutor.groovy:74)
	at com.kms.katalon.core.keyword.BuiltinKeywords.verifyEqual(BuiltinKeywords.groovy:146)
	at jdk.internal.reflect.GeneratedMethodAccessor25.invoke(Unknown Source)
	at java.base/jdk.internal.reflect.DelegatingMethodAccessorImpl.invoke(DelegatingMethodAccessorImpl.java:43)
	at Выручка в рублях сверка дашбордов ПАО Россети.Blocks(Выручка в рублях сверка дашбордов ПАО Россети:357)
	at Выручка в рублях сверка дашбордов ПАО Россети.ViruchkaChange(Выручка в рублях сверка дашбордов ПАО Россети:60)
	at Выручка в рублях сверка дашбордов ПАО Россети.run(Выручка в рублях сверка дашбордов ПАО Россети:55)
	at com.kms.katalon.core.main.ScriptEngine.run(ScriptEngine.java:194)
	at com.kms.katalon.core.main.ScriptEngine.runScriptAsRawText(ScriptEngine.java:119)
	at com.kms.katalon.core.main.TestCaseExecutor.runScript(TestCaseExecutor.java:448)
	at com.kms.katalon.core.main.TestCaseExecutor.doExecute(TestCaseExecutor.java:439)
	at com.kms.katalon.core.main.TestCaseExecutor.processExecutionPhase(TestCaseExecutor.java:418)
	at com.kms.katalon.core.main.TestCaseExecutor.accessMainPhase(TestCaseExecutor.java:410)
	at com.kms.katalon.core.main.TestCaseExecutor.execute(TestCaseExecutor.java:285)
	at com.kms.katalon.core.common.CommonExecutor.accessTestCaseMainPhase(CommonExecutor.java:65)
	at com.kms.katalon.core.main.TestSuiteExecutor.accessTestSuiteMainPhase(TestSuiteExecutor.java:150)
	at com.kms.katalon.core.main.TestSuiteExecutor.execute(TestSuiteExecutor.java:106)
	at com.kms.katalon.core.main.TestCaseMain.startTestSuite(TestCaseMain.java:180)
	at TempTestSuite1733111659562.run(TempTestSuite1733111659562.groovy:35)
	at java.base/jdk.internal.reflect.NativeMethodAccessorImpl.invoke0(Native Method)
	at java.base/jdk.internal.reflect.NativeMethodAccessorImpl.invoke(NativeMethodAccessorImpl.java:77)
	at java.base/jdk.internal.reflect.DelegatingMethodAccessorImpl.invoke(DelegatingMethodAccessorImpl.java:43)
Caused by: com.kms.katalon.core.exception.StepFailedException: Actual object '-25.61' and expected object '0.07' are not equal
	at com.kms.katalon.core.keyword.builtin.VerifyEqualKeyword$_verifyEqual_closure1.doCall(VerifyEqualKeyword.groovy:58)
	at com.kms.katalon.core.keyword.builtin.VerifyEqualKeyword$_verifyEqual_closure1.call(VerifyEqualKeyword.groovy)
	at com.kms.katalon.core.keyword.internal.KeywordMain.runKeyword(KeywordMain.groovy:75)
	... 24 more


02-12-2024T07:07:10 - [TEST_STEP][PASSED] - date = new java.util.Date(): null

02-12-2024T07:07:10 - [TEST_STEP][PASSED] - todaysDate = date.format("dd.MM.yyyy"): null

02-12-2024T07:07:10 - [TEST_STEP][PASSED] - println(todaysDate): null

02-12-2024T07:07:10 - [TEST_STEP][PASSED] - run = 1: null

02-12-2024T07:07:10 - [TEST_STEP][PASSED] - vir = 1: null

02-12-2024T07:07:10 - [TEST_STEP][PASSED] - block = 1: null

02-12-2024T07:07:10 - [TEST_STEP][PASSED] - vidget = <not implemented yet for class: org.codehaus.groovy.ast.expr.EmptyExpression>: null

02-12-2024T07:07:10 - [TEST_STEP][PASSED] - nameOfBlock = <not implemented yet for class: org.codehaus.groovy.ast.expr.EmptyExpression>: null

02-12-2024T07:07:10 - [TEST_STEP][PASSED] - typeOfData = <not implemented yet for class: org.codehaus.groovy.ast.expr.EmptyExpression>: null

02-12-2024T07:07:10 - [TEST_STEP][PASSED] - viruchka = <not implemented yet for class: org.codehaus.groovy.ast.expr.EmptyExpression>: null

02-12-2024T07:07:10 - [TEST_STEP][PASSED] - a = <not implemented yet for class: org.codehaus.groovy.ast.expr.EmptyExpression>: null

02-12-2024T07:07:10 - [TEST_STEP][PASSED] - b = <not implemented yet for class: org.codehaus.groovy.ast.expr.EmptyExpression>: null

02-12-2024T07:07:10 - [TEST_STEP][PASSED] - x = <not implemented yet for class: org.codehaus.groovy.ast.expr.EmptyExpression>: null

02-12-2024T07:07:10 - [TEST_STEP][PASSED] - y = <not implemented yet for class: org.codehaus.groovy.ast.expr.EmptyExpression>: null

02-12-2024T07:07:10 - [TEST_STEP][PASSED] - dZO = "ПАО Россети": null

02-12-2024T07:07:10 - [TEST_STEP][PASSED] - for ([run = 1, run < 3, (run++)]): null

02-12-2024T07:07:10 - [TEST_STEP][PASSED] - Script1710234207206.ViruchkaChange(run, vir, block, nameOfBlock, typeOfData, viruchka, vidget, todaysDate, a, b, dZO, x, y): null

02-12-2024T07:07:10 - [TEST_STEP][PASSED] - for ([vir = 1, vir < 4, (vir++)]): null

02-12-2024T07:07:10 - [TEST_STEP][PASSED] - Script1710234207206.Blocks(run, vir, block, nameOfBlock, typeOfData, viruchka, vidget, todaysDate, a, b, dZO, x, y): null

02-12-2024T07:07:10 - [TEST_STEP][PASSED] - i = <not implemented yet for class: org.codehaus.groovy.ast.expr.EmptyExpression>: null

02-12-2024T07:07:10 - [TEST_STEP][PASSED] - perc = "": null

02-12-2024T07:07:10 - [TEST_STEP][PASSED] - a1 = <not implemented yet for class: org.codehaus.groovy.ast.expr.EmptyExpression>: null

02-12-2024T07:07:10 - [TEST_STEP][PASSED] - a2 = <not implemented yet for class: org.codehaus.groovy.ast.expr.EmptyExpression>: null

02-12-2024T07:07:10 - [TEST_STEP][PASSED] - a30 = <not implemented yet for class: org.codehaus.groovy.ast.expr.EmptyExpression>: null

02-12-2024T07:07:10 - [TEST_STEP][PASSED] - a31 = <not implemented yet for class: org.codehaus.groovy.ast.expr.EmptyExpression>: null

02-12-2024T07:07:10 - [TEST_STEP][PASSED] - a32 = <not implemented yet for class: org.codehaus.groovy.ast.expr.EmptyExpression>: null

02-12-2024T07:07:10 - [TEST_STEP][PASSED] - a33 = <not implemented yet for class: org.codehaus.groovy.ast.expr.EmptyExpression>: null

02-12-2024T07:07:10 - [TEST_STEP][PASSED] - a34 = <not implemented yet for class: org.codehaus.groovy.ast.expr.EmptyExpression>: null

02-12-2024T07:07:10 - [TEST_STEP][PASSED] - a35 = <not implemented yet for class: org.codehaus.groovy.ast.expr.EmptyExpression>: null

02-12-2024T07:07:10 - [TEST_STEP][PASSED] - a36 = <not implemented yet for class: org.codehaus.groovy.ast.expr.EmptyExpression>: null

02-12-2024T07:07:10 - [TEST_STEP][PASSED] - a37 = <not implemented yet for class: org.codehaus.groovy.ast.expr.EmptyExpression>: null

02-12-2024T07:07:10 - [TEST_STEP][PASSED] - a38 = <not implemented yet for class: org.codehaus.groovy.ast.expr.EmptyExpression>: null

02-12-2024T07:07:10 - [TEST_STEP][PASSED] - a39 = <not implemented yet for class: org.codehaus.groovy.ast.expr.EmptyExpression>: null

02-12-2024T07:07:10 - [TEST_STEP][PASSED] - a310 = <not implemented yet for class: org.codehaus.groovy.ast.expr.EmptyExpression>: null

02-12-2024T07:07:10 - [TEST_STEP][PASSED] - a311 = <not implemented yet for class: org.codehaus.groovy.ast.expr.EmptyExpression>: null

02-12-2024T07:07:10 - [TEST_STEP][PASSED] - a312 = <not implemented yet for class: org.codehaus.groovy.ast.expr.EmptyExpression>: null

02-12-2024T07:07:10 - [TEST_STEP][PASSED] - a313 = <not implemented yet for class: org.codehaus.groovy.ast.expr.EmptyExpression>: null

02-12-2024T07:07:10 - [TEST_STEP][PASSED] - a314 = <not implemented yet for class: org.codehaus.groovy.ast.expr.EmptyExpression>: null

02-12-2024T07:07:10 - [TEST_STEP][PASSED] - a315 = <not implemented yet for class: org.codehaus.groovy.ast.expr.EmptyExpression>: null

02-12-2024T07:07:10 - [TEST_STEP][PASSED] - a316 = <not implemented yet for class: org.codehaus.groovy.ast.expr.EmptyExpression>: null

02-12-2024T07:07:10 - [TEST_STEP][PASSED] - a317 = <not implemented yet for class: org.codehaus.groovy.ast.expr.EmptyExpression>: null

02-12-2024T07:07:10 - [TEST_STEP][PASSED] - b1 = <not implemented yet for class: org.codehaus.groovy.ast.expr.EmptyExpression>: null

02-12-2024T07:07:10 - [TEST_STEP][PASSED] - b2 = <not implemented yet for class: org.codehaus.groovy.ast.expr.EmptyExpression>: null

02-12-2024T07:07:10 - [TEST_STEP][PASSED] - b30 = <not implemented yet for class: org.codehaus.groovy.ast.expr.EmptyExpression>: null

02-12-2024T07:07:10 - [TEST_STEP][PASSED] - b31 = <not implemented yet for class: org.codehaus.groovy.ast.expr.EmptyExpression>: null

02-12-2024T07:07:10 - [TEST_STEP][PASSED] - b32 = <not implemented yet for class: org.codehaus.groovy.ast.expr.EmptyExpression>: null

02-12-2024T07:07:10 - [TEST_STEP][PASSED] - b33 = <not implemented yet for class: org.codehaus.groovy.ast.expr.EmptyExpression>: null

02-12-2024T07:07:10 - [TEST_STEP][PASSED] - b34 = <not implemented yet for class: org.codehaus.groovy.ast.expr.EmptyExpression>: null

02-12-2024T07:07:10 - [TEST_STEP][PASSED] - b35 = <not implemented yet for class: org.codehaus.groovy.ast.expr.EmptyExpression>: null

02-12-2024T07:07:10 - [TEST_STEP][PASSED] - b36 = <not implemented yet for class: org.codehaus.groovy.ast.expr.EmptyExpression>: null

02-12-2024T07:07:10 - [TEST_STEP][PASSED] - b37 = <not implemented yet for class: org.codehaus.groovy.ast.expr.EmptyExpression>: null

02-12-2024T07:07:10 - [TEST_STEP][PASSED] - b38 = <not implemented yet for class: org.codehaus.groovy.ast.expr.EmptyExpression>: null

02-12-2024T07:07:10 - [TEST_STEP][PASSED] - b39 = <not implemented yet for class: org.codehaus.groovy.ast.expr.EmptyExpression>: null

02-12-2024T07:07:10 - [TEST_STEP][PASSED] - b310 = <not implemented yet for class: org.codehaus.groovy.ast.expr.EmptyExpression>: null

02-12-2024T07:07:10 - [TEST_STEP][PASSED] - b311 = <not implemented yet for class: org.codehaus.groovy.ast.expr.EmptyExpression>: null

02-12-2024T07:07:10 - [TEST_STEP][PASSED] - b312 = <not implemented yet for class: org.codehaus.groovy.ast.expr.EmptyExpression>: null

02-12-2024T07:07:10 - [TEST_STEP][PASSED] - b313 = <not implemented yet for class: org.codehaus.groovy.ast.expr.EmptyExpression>: null

02-12-2024T07:07:10 - [TEST_STEP][PASSED] - b314 = <not implemented yet for class: org.codehaus.groovy.ast.expr.EmptyExpression>: null

02-12-2024T07:07:10 - [TEST_STEP][PASSED] - b315 = <not implemented yet for class: org.codehaus.groovy.ast.expr.EmptyExpression>: null

02-12-2024T07:07:10 - [TEST_STEP][PASSED] - b316 = <not implemented yet for class: org.codehaus.groovy.ast.expr.EmptyExpression>: null

02-12-2024T07:07:10 - [TEST_STEP][PASSED] - b317 = <not implemented yet for class: org.codehaus.groovy.ast.expr.EmptyExpression>: null

02-12-2024T07:07:10 - [TEST_STEP][PASSED] - block = 1: null

02-12-2024T07:07:10 - [TEST_STEP][PASSED] - nameOfBlock = "": null

02-12-2024T07:07:10 - [TEST_STEP][PASSED] - Script1710234207206.PreSettings(run, vir, block, nameOfBlock, typeOfData, todaysDate): null

02-12-2024T07:07:10 - [TEST_STEP][PASSED] - openBrowser(""): Browser is opened with url: ''

02-12-2024T07:07:10 - [MESSAGE][INFO] - Starting 'Chrome' driver

02-12-2024T07:07:10 - [MESSAGE][INFO] - Action delay is set to 0 milliseconds

02-12-2024T07:07:11 - [MESSAGE][PASSED] - Browser is opened with url: ''

02-12-2024T07:07:11 - [TEST_STEP][PASSED] - refresh(): Refresh successfully

02-12-2024T07:07:11 - [MESSAGE][PASSED] - Refresh successfully

02-12-2024T07:07:11 - [TEST_STEP][PASSED] - delay(50): Delayed 50 second(s)

02-12-2024T07:08:01 - [MESSAGE][PASSED] - Delayed 50 second(s)

02-12-2024T07:08:01 - [TEST_STEP][PASSED] - println("run:" + run): null

02-12-2024T07:08:01 - [TEST_STEP][PASSED] - println("vir:" + vir): null

02-12-2024T07:08:01 - [TEST_STEP][PASSED] - println("block:" + block): null

02-12-2024T07:08:01 - [TEST_STEP][PASSED] - if (block == 1): null

02-12-2024T07:08:01 - [TEST_STEP][PASSED] - nameOfBlock = "": null

02-12-2024T07:08:01 - [TEST_STEP][PASSED] - println("nameOfBlock:" + nameOfBlock): null

02-12-2024T07:08:01 - [TEST_STEP][PASSED] - println("typeOfData:" + typeOfData): null

02-12-2024T07:08:01 - [TEST_STEP][PASSED] - println("todaysDate:" + todaysDate): null

02-12-2024T07:08:01 - [TEST_STEP][PASSED] - Script1710234207206.Autorization(block, nameOfBlock): null

02-12-2024T07:08:01 - [TEST_STEP][PASSED] - i = <not implemented yet for class: org.codehaus.groovy.ast.expr.EmptyExpression>: null

02-12-2024T07:08:01 - [TEST_STEP][PASSED] - ii = <not implemented yet for class: org.codehaus.groovy.ast.expr.EmptyExpression>: null

02-12-2024T07:08:01 - [TEST_STEP][PASSED] - urlData = <not implemented yet for class: org.codehaus.groovy.ast.expr.EmptyExpression>: null

02-12-2024T07:08:01 - [TEST_STEP][PASSED] - searchWord = <not implemented yet for class: org.codehaus.groovy.ast.expr.EmptyExpression>: null

02-12-2024T07:08:01 - [TEST_STEP][PASSED] - urlText = <not implemented yet for class: org.codehaus.groovy.ast.expr.EmptyExpression>: null

02-12-2024T07:08:01 - [TEST_STEP][PASSED] - println("block:" + block): null

02-12-2024T07:08:01 - [TEST_STEP][PASSED] - if (block == 1): null

02-12-2024T07:08:01 - [TEST_STEP][PASSED] - nameOfBlock = "": null

02-12-2024T07:08:01 - [TEST_STEP][PASSED] - println("nameOfBlock:" + nameOfBlock): null

02-12-2024T07:08:01 - [TEST_STEP][PASSED] - if (block == 1): Delayed 45 second(s)

02-12-2024T07:08:01 - [TEST_STEP][PASSED] - urlData = 2: null

02-12-2024T07:08:01 - [TEST_STEP][PASSED] - delay(45): Delayed 45 second(s)

02-12-2024T07:08:46 - [MESSAGE][PASSED] - Delayed 45 second(s)

02-12-2024T07:08:46 - [TEST_STEP][PASSED] - navigateToUrl(findTestData("PlanFact").getValue(10, urlData)): Navigate to 'https://bi.rosseti.digital/viewer?dashboardGuid=2301950b23be4ed89c1df75f2020051e&sheetGuid=b723206f698544fb87299f3095c00435&fit=true' successfully

02-12-2024T07:08:53 - [MESSAGE][PASSED] - Navigate to 'https://bi.rosseti.digital/viewer?dashboardGuid=2301950b23be4ed89c1df75f2020051e&sheetGuid=b723206f698544fb87299f3095c00435&fit=true' successfully

02-12-2024T07:08:53 - [TEST_STEP][PASSED] - urlText = getText(findTestObject("Страница авторизации/Text")): Text of object 'Object Repository/Страница авторизации/Text' is: 'Вход'

02-12-2024T07:08:55 - [MESSAGE][PASSED] - Text of object 'Object Repository/Страница авторизации/Text' is: 'Вход'

02-12-2024T07:08:55 - [TEST_STEP][PASSED] - searchWord = "Вход": null

02-12-2024T07:08:55 - [TEST_STEP][PASSED] - if (urlText == null || urlText.contains("ошибка") || urlText.contains(searchWord) == false): null

02-12-2024T07:08:55 - [TEST_STEP][PASSED] - if (verifyElementPresent(findTestObject("Страница авторизации/button_"), 30) == true): null

02-12-2024T07:08:56 - [MESSAGE][PASSED] - Object 'Object Repository/Страница авторизации/button_' is present

02-12-2024T07:08:56 - [TEST_STEP][PASSED] - setText(findTestObject("Страница авторизации/input__username"), findTestData("PlanFact").getValue(8, 1)): Text 'liazgina-di' is set on object 'Object Repository/Страница авторизации/input__username'

02-12-2024T07:08:56 - [MESSAGE][PASSED] - Text 'liazgina-di' is set on object 'Object Repository/Страница авторизации/input__username'

02-12-2024T07:08:56 - [TEST_STEP][PASSED] - setText(findTestObject("Страница авторизации/input__password"), findTestData("PlanFact").getValue(9, 1)): Text ')$%5srZ8o688Dm#q' is set on object 'Object Repository/Страница авторизации/input__password'

02-12-2024T07:08:57 - [MESSAGE][PASSED] - Text ')$%5srZ8o688Dm#q' is set on object 'Object Repository/Страница авторизации/input__password'

02-12-2024T07:08:57 - [TEST_STEP][PASSED] - click(findTestObject("Страница авторизации/button_")): Object: 'Object Repository/Страница авторизации/button_' is clicked on

02-12-2024T07:08:59 - [MESSAGE][PASSED] - Object: 'Object Repository/Страница авторизации/button_' is clicked on

02-12-2024T07:08:59 - [TEST_STEP][PASSED] - delay(45): Delayed 45 second(s)

02-12-2024T07:09:44 - [MESSAGE][PASSED] - Delayed 45 second(s)

02-12-2024T07:09:44 - [TEST_STEP][PASSED] - urlText = getText(findTestObject("Страница авторизации/Text")): Text of object 'Object Repository/Страница авторизации/Text' is: 'Период
1, 2, 3 кв., Октябрь 2024 года
Выручка
Все
Выполнение плановых показателей по ПАО Россети за 1, 2, 3 кв., Октябрь 2024 года
План
Факт
Динамика
2024 год
0 млн.руб.
100 000 млн.руб.
200 000 млн.руб.
300 000 млн.руб.
400 000 млн.руб.
500 000 млн.руб.
600 000 млн.руб.
700 000 млн.руб.
800 000 млн.руб.
900 000 млн.руб.
1 000 000 млн.руб.
1 100 000 млн.руб.
1 200 000 млн.руб.
1 300 000 млн.руб.
1 400 000 млн.руб.
1 180 677
1 181 459
↑
ДЗО 
Все
Внутренний оборот - выручка за услуги по передаче электрической энергии, учтенная в выручке за электроэнергию для конечных потребителей, при выполнении ДЗО функций гарантирующего поставщика
Подписи данных
⬤Отклонение
АО «Тываэнерго»
АО «Чеченэнерго»
Россети Волга
Россети Кубань
Россети Ленэнерго (ГК)
Россети Московский регион
Россети Северный Кавказ (ГК)
Россети Северо-Запад
Россети Сибирь (ГК)
Россети Томск
Россети Тюмень
Россети Урал (ГК)
Россети ФСК ЕЭС
Россети Центр
Россети Центр и Приволжье (ГК)
Россети Юг (ГК)
Россети Янтарь
-25 000млн.руб.
-20 000млн.руб.
-15 000млн.руб.
-10 000млн.руб.
-5 000млн.руб.
0млн.руб.
5 000млн.руб.
10 …
-30 000млн.руб.
300
101
156
3 953
4 462
7 500
888
878
1 274
238
-5 106
1 955
-24 344
2 435
4 419
1 357
318
млн.
%
Выручка
Отклонение выручки по ПАО Россети за 1, 2, 3 кв., Октябрь 2024 года (факт/план, млн. руб)
ПАО Россети
782.4 млн.руб.
 '

02-12-2024T07:09:45 - [MESSAGE][PASSED] - Text of object 'Object Repository/Страница авторизации/Text' is: 'Период
1, 2, 3 кв., Октябрь 2024 года
Выручка
Все
Выполнение плановых показателей по ПАО Россети за 1, 2, 3 кв., Октябрь 2024 года
План
Факт
Динамика
2024 год
0 млн.руб.
100 000 млн.руб.
200 000 млн.руб.
300 000 млн.руб.
400 000 млн.руб.
500 000 млн.руб.
600 000 млн.руб.
700 000 млн.руб.
800 000 млн.руб.
900 000 млн.руб.
1 000 000 млн.руб.
1 100 000 млн.руб.
1 200 000 млн.руб.
1 300 000 млн.руб.
1 400 000 млн.руб.
1 180 677
1 181 459
↑
ДЗО 
Все
Внутренний оборот - выручка за услуги по передаче электрической энергии, учтенная в выручке за электроэнергию для конечных потребителей, при выполнении ДЗО функций гарантирующего поставщика
Подписи данных
⬤Отклонение
АО «Тываэнерго»
АО «Чеченэнерго»
Россети Волга
Россети Кубань
Россети Ленэнерго (ГК)
Россети Московский регион
Россети Северный Кавказ (ГК)
Россети Северо-Запад
Россети Сибирь (ГК)
Россети Томск
Россети Тюмень
Россети Урал (ГК)
Россети ФСК ЕЭС
Россети Центр
Россети Центр и Приволжье (ГК)
Россети Юг (ГК)
Россети Янтарь
-25 000млн.руб.
-20 000млн.руб.
-15 000млн.руб.
-10 000млн.руб.
-5 000млн.руб.
0млн.руб.
5 000млн.руб.
10 …
-30 000млн.руб.
300
101
156
3 953
4 462
7 500
888
878
1 274
238
-5 106
1 955
-24 344
2 435
4 419
1 357
318
млн.
%
Выручка
Отклонение выручки по ПАО Россети за 1, 2, 3 кв., Октябрь 2024 года (факт/план, млн. руб)
ПАО Россети
782.4 млн.руб.
 '

02-12-2024T07:09:45 - [TEST_STEP][PASSED] - searchWord = "а": null

02-12-2024T07:09:45 - [TEST_STEP][PASSED] - if (urlText.contains("ошибка") || urlText.contains(searchWord) == false): null

02-12-2024T07:09:45 - [TEST_STEP][PASSED] - delay(45): Delayed 45 second(s)

02-12-2024T07:10:30 - [MESSAGE][PASSED] - Delayed 45 second(s)

02-12-2024T07:10:30 - [TEST_STEP][PASSED] - if (block == 2): null

02-12-2024T07:10:30 - [TEST_STEP][PASSED] - click(findTestObject("Выручка в рублях/Фильтр Период" + nameOfBlock)): Object: 'Object Repository/Выручка в рублях/Фильтр Период' is clicked on

02-12-2024T07:10:31 - [MESSAGE][PASSED] - Object: 'Object Repository/Выручка в рублях/Фильтр Период' is clicked on

02-12-2024T07:10:31 - [TEST_STEP][PASSED] - click(findTestObject("Выручка в рублях/Снять выделение в фильтре Дата" + nameOfBlock)): Object: 'Object Repository/Выручка в рублях/Снять выделение в фильтре Дата' is clicked on

02-12-2024T07:10:31 - [MESSAGE][PASSED] - Object: 'Object Repository/Выручка в рублях/Снять выделение в фильтре Дата' is clicked on

02-12-2024T07:10:31 - [TEST_STEP][PASSED] - click(findTestObject("Выручка в рублях/Применить в фильтре Дата" + nameOfBlock)): Object: 'Object Repository/Выручка в рублях/Применить в фильтре Дата' is clicked on

02-12-2024T07:10:32 - [MESSAGE][PASSED] - Object: 'Object Repository/Выручка в рублях/Применить в фильтре Дата' is clicked on

02-12-2024T07:10:32 - [TEST_STEP][PASSED] - delay(50): Delayed 50 second(s)

02-12-2024T07:11:22 - [MESSAGE][PASSED] - Delayed 50 second(s)

02-12-2024T07:11:22 - [TEST_STEP][PASSED] - click(findTestObject("Выручка в рублях/Фильтр Период" + nameOfBlock)): Object: 'Object Repository/Выручка в рублях/Фильтр Период' is clicked on

02-12-2024T07:11:22 - [MESSAGE][PASSED] - Object: 'Object Repository/Выручка в рублях/Фильтр Период' is clicked on

02-12-2024T07:11:22 - [TEST_STEP][PASSED] - click(findTestObject("Выручка в рублях/Снять выделение в фильтре Дата" + nameOfBlock)): Object: 'Object Repository/Выручка в рублях/Снять выделение в фильтре Дата' is clicked on

02-12-2024T07:11:22 - [MESSAGE][PASSED] - Object: 'Object Repository/Выручка в рублях/Снять выделение в фильтре Дата' is clicked on

02-12-2024T07:11:22 - [TEST_STEP][PASSED] - scrollToElement(findTestObject("Выручка в рублях/2024 список" + nameOfBlock), 30): Scroll to object 'Object Repository/Выручка в рублях/2024 список' successfully

02-12-2024T07:11:23 - [MESSAGE][PASSED] - Scroll to object 'Object Repository/Выручка в рублях/2024 список' successfully

02-12-2024T07:11:23 - [TEST_STEP][PASSED] - click(findTestObject("Выручка в рублях/2024 список" + nameOfBlock)): Object: 'Object Repository/Выручка в рублях/2024 список' is clicked on

02-12-2024T07:11:23 - [MESSAGE][PASSED] - Object: 'Object Repository/Выручка в рублях/2024 список' is clicked on

02-12-2024T07:11:23 - [TEST_STEP][PASSED] - scrollToElement(findTestObject("Выручка в рублях/1 квартал 2024 выбрать" + nameOfBlock), 30): Scroll to object 'Object Repository/Выручка в рублях/1 квартал 2024 выбрать' successfully

02-12-2024T07:11:24 - [MESSAGE][PASSED] - Scroll to object 'Object Repository/Выручка в рублях/1 квартал 2024 выбрать' successfully

02-12-2024T07:11:24 - [TEST_STEP][PASSED] - click(findTestObject("Выручка в рублях/1 квартал 2024 выбрать" + nameOfBlock)): Object: 'Object Repository/Выручка в рублях/1 квартал 2024 выбрать' is clicked on

02-12-2024T07:11:24 - [MESSAGE][PASSED] - Object: 'Object Repository/Выручка в рублях/1 квартал 2024 выбрать' is clicked on

02-12-2024T07:11:24 - [TEST_STEP][PASSED] - scrollToElement(findTestObject("Выручка в рублях/2 квартал 2024 выбрать" + nameOfBlock), 30): Scroll to object 'Object Repository/Выручка в рублях/2 квартал 2024 выбрать' successfully

02-12-2024T07:11:24 - [MESSAGE][PASSED] - Scroll to object 'Object Repository/Выручка в рублях/2 квартал 2024 выбрать' successfully

02-12-2024T07:11:24 - [TEST_STEP][PASSED] - click(findTestObject("Выручка в рублях/2 квартал 2024 выбрать" + nameOfBlock)): Object: 'Object Repository/Выручка в рублях/2 квартал 2024 выбрать' is clicked on

02-12-2024T07:11:25 - [MESSAGE][PASSED] - Object: 'Object Repository/Выручка в рублях/2 квартал 2024 выбрать' is clicked on

02-12-2024T07:11:25 - [TEST_STEP][PASSED] - scrollToElement(findTestObject("Выручка в рублях/3 квартал 2024 список" + nameOfBlock), 30): Scroll to object 'Object Repository/Выручка в рублях/3 квартал 2024 список' successfully

02-12-2024T07:11:25 - [MESSAGE][PASSED] - Scroll to object 'Object Repository/Выручка в рублях/3 квартал 2024 список' successfully

02-12-2024T07:11:25 - [TEST_STEP][PASSED] - click(findTestObject("Выручка в рублях/3 квартал 2024" + nameOfBlock)): Object: 'Object Repository/Выручка в рублях/3 квартал 2024' is clicked on

02-12-2024T07:11:26 - [MESSAGE][PASSED] - Object: 'Object Repository/Выручка в рублях/3 квартал 2024' is clicked on

02-12-2024T07:11:26 - [TEST_STEP][PASSED] - scrollToElement(findTestObject("Выручка в рублях/4 квартал 2024 список" + nameOfBlock), 30): Scroll to object 'Object Repository/Выручка в рублях/4 квартал 2024 список' successfully

02-12-2024T07:11:26 - [MESSAGE][PASSED] - Scroll to object 'Object Repository/Выручка в рублях/4 квартал 2024 список' successfully

02-12-2024T07:11:26 - [TEST_STEP][PASSED] - click(findTestObject("Выручка в рублях/4 квартал 2024 список" + nameOfBlock)): Object: 'Object Repository/Выручка в рублях/4 квартал 2024 список' is clicked on

02-12-2024T07:11:26 - [MESSAGE][PASSED] - Object: 'Object Repository/Выручка в рублях/4 квартал 2024 список' is clicked on

02-12-2024T07:11:26 - [TEST_STEP][PASSED] - scrollToElement(findTestObject("Выручка в рублях/Октябрь 2024" + nameOfBlock), 30): Scroll to object 'Object Repository/Выручка в рублях/Октябрь 2024' successfully

02-12-2024T07:11:27 - [MESSAGE][PASSED] - Scroll to object 'Object Repository/Выручка в рублях/Октябрь 2024' successfully

02-12-2024T07:11:27 - [TEST_STEP][PASSED] - click(findTestObject("Выручка в рублях/Октябрь 2024" + nameOfBlock)): Object: 'Object Repository/Выручка в рублях/Октябрь 2024' is clicked on

02-12-2024T07:11:27 - [MESSAGE][PASSED] - Object: 'Object Repository/Выручка в рублях/Октябрь 2024' is clicked on

02-12-2024T07:11:27 - [TEST_STEP][PASSED] - scrollToElement(findTestObject("Выручка в рублях/Заголовок дашборда" + nameOfBlock), 30): Scroll to object 'Object Repository/Выручка в рублях/Заголовок дашборда' successfully

02-12-2024T07:11:28 - [MESSAGE][PASSED] - Scroll to object 'Object Repository/Выручка в рублях/Заголовок дашборда' successfully

02-12-2024T07:11:28 - [TEST_STEP][PASSED] - click(findTestObject("Выручка в рублях/Применить в фильтре Дата" + nameOfBlock)): Object: 'Object Repository/Выручка в рублях/Применить в фильтре Дата' is clicked on

02-12-2024T07:11:28 - [MESSAGE][PASSED] - Object: 'Object Repository/Выручка в рублях/Применить в фильтре Дата' is clicked on

02-12-2024T07:11:28 - [TEST_STEP][PASSED] - delay(55): Delayed 55 second(s)

02-12-2024T07:12:23 - [MESSAGE][PASSED] - Delayed 55 second(s)

02-12-2024T07:12:23 - [TEST_STEP][PASSED] - click(findTestObject("Выручка в рублях/Фильтр ДЗО" + nameOfBlock)): Object: 'Object Repository/Выручка в рублях/Фильтр ДЗО' is clicked on

02-12-2024T07:12:23 - [MESSAGE][PASSED] - Object: 'Object Repository/Выручка в рублях/Фильтр ДЗО' is clicked on

02-12-2024T07:12:23 - [TEST_STEP][PASSED] - click(findTestObject("Выручка в рублях/Снять выделение в фильтре ДЗО" + nameOfBlock)): Object: 'Object Repository/Выручка в рублях/Снять выделение в фильтре ДЗО' is clicked on

02-12-2024T07:12:24 - [MESSAGE][PASSED] - Object: 'Object Repository/Выручка в рублях/Снять выделение в фильтре ДЗО' is clicked on

02-12-2024T07:12:24 - [TEST_STEP][PASSED] - click(findTestObject("Выручка в рублях/Применить в фильтре ДЗО" + nameOfBlock)): Object: 'Object Repository/Выручка в рублях/Применить в фильтре ДЗО' is clicked on

02-12-2024T07:12:25 - [MESSAGE][PASSED] - Object: 'Object Repository/Выручка в рублях/Применить в фильтре ДЗО' is clicked on

02-12-2024T07:12:25 - [TEST_STEP][PASSED] - delay(50): Delayed 50 second(s)

02-12-2024T07:13:15 - [MESSAGE][PASSED] - Delayed 50 second(s)

02-12-2024T07:13:15 - [TEST_STEP][PASSED] - Script1710234207206.Tumbler(run, vir, block, nameOfBlock): null

02-12-2024T07:13:15 - [TEST_STEP][PASSED] - println("run:" + run): null

02-12-2024T07:13:15 - [TEST_STEP][PASSED] - println("vir:" + vir): null

02-12-2024T07:13:15 - [TEST_STEP][PASSED] - println("block:" + block): null

02-12-2024T07:13:15 - [TEST_STEP][PASSED] - println("nameOfBlock:" + nameOfBlock): null

02-12-2024T07:13:15 - [TEST_STEP][PASSED] - if (vir == 1): null

02-12-2024T07:13:15 - [TEST_STEP][PASSED] - if (run == 2): null

02-12-2024T07:13:15 - [TEST_STEP][PASSED] - click(findTestObject("Выручка в рублях/Фильтр ДЗО" + nameOfBlock)): Object: 'Object Repository/Выручка в рублях/Фильтр ДЗО' is clicked on

02-12-2024T07:13:15 - [MESSAGE][PASSED] - Object: 'Object Repository/Выручка в рублях/Фильтр ДЗО' is clicked on

02-12-2024T07:13:15 - [TEST_STEP][PASSED] - Script1710234207206.Rosseti(nameOfBlock): null

02-12-2024T07:13:15 - [TEST_STEP][PASSED] - println("nameOfBlock:" + nameOfBlock): null

02-12-2024T07:13:15 - [TEST_STEP][PASSED] - click(findTestObject("Выручка в рублях/ПАО Россети" + nameOfBlock)): Object: 'Object Repository/Выручка в рублях/ПАО Россети' is clicked on

02-12-2024T07:13:15 - [MESSAGE][PASSED] - Object: 'Object Repository/Выручка в рублях/ПАО Россети' is clicked on

02-12-2024T07:13:15 - [TEST_STEP][PASSED] - click(findTestObject("Выручка в рублях/Применить в фильтре ДЗО" + nameOfBlock)): Object: 'Object Repository/Выручка в рублях/Применить в фильтре ДЗО' is clicked on

02-12-2024T07:13:16 - [MESSAGE][PASSED] - Object: 'Object Repository/Выручка в рублях/Применить в фильтре ДЗО' is clicked on

02-12-2024T07:13:16 - [TEST_STEP][PASSED] - if (run == 2): null

02-12-2024T07:13:16 - [TEST_STEP][PASSED] - if (vir == 1 || vir == 2): Text of object 'Object Repository/Выручка в рублях/График План' is: '1 180 677'

02-12-2024T07:13:16 - [TEST_STEP][PASSED] - a1 = getText(findTestObject("Выручка в рублях/График План")): Text of object 'Object Repository/Выручка в рублях/График План' is: '1 180 677'

02-12-2024T07:13:18 - [MESSAGE][PASSED] - Text of object 'Object Repository/Выручка в рублях/График План' is: '1 180 677'

02-12-2024T07:13:18 - [TEST_STEP][PASSED] - if (vir == 1 || vir == 2): Text of object 'Object Repository/Выручка в рублях/График Факт' is: '1 181 459'

02-12-2024T07:13:18 - [TEST_STEP][PASSED] - a2 = getText(findTestObject("Выручка в рублях/График Факт")): Text of object 'Object Repository/Выручка в рублях/График Факт' is: '1 181 459'

02-12-2024T07:13:18 - [MESSAGE][PASSED] - Text of object 'Object Repository/Выручка в рублях/График Факт' is: '1 181 459'

02-12-2024T07:13:18 - [TEST_STEP][PASSED] - a30 = getText(findTestObject("Выручка в рублях/span1" + perc)): Text of object 'Object Repository/Выручка в рублях/span1' is: '782.4 млн.руб.'

02-12-2024T07:13:19 - [MESSAGE][PASSED] - Text of object 'Object Repository/Выручка в рублях/span1' is: '782.4 млн.руб.'

02-12-2024T07:13:19 - [TEST_STEP][PASSED] - i = a30.indexOf("млн.руб."): null

02-12-2024T07:13:19 - [TEST_STEP][PASSED] - if (i > -1): null

02-12-2024T07:13:19 - [TEST_STEP][PASSED] - a30 = a30.substring(0, i): null

02-12-2024T07:13:19 - [TEST_STEP][PASSED] - a30 = a30.replaceAll(" ", ""): null

02-12-2024T07:13:19 - [TEST_STEP][PASSED] - if (a30.contains("%")): null

02-12-2024T07:13:19 - [TEST_STEP][PASSED] - a30 = ").trim(): null

02-12-2024T07:13:19 - [TEST_STEP][PASSED] - println("a30: " + a30): null

02-12-2024T07:13:19 - [TEST_STEP][PASSED] - if (vir == 1 || vir == 2): Text of object 'Object Repository/Выручка в рублях/span2' is: '300'

02-12-2024T07:13:19 - [TEST_STEP][PASSED] - a31 = ").trim(): Text of object 'Object Repository/Выручка в рублях/span2' is: '300'

02-12-2024T07:13:19 - [MESSAGE][PASSED] - Text of object 'Object Repository/Выручка в рублях/span2' is: '300'

02-12-2024T07:13:19 - [TEST_STEP][PASSED] - if (vir == 1 || vir == 2): Text of object 'Object Repository/Выручка в рублях/span3' is: '101'

02-12-2024T07:13:19 - [TEST_STEP][PASSED] - a32 = ").trim(): Text of object 'Object Repository/Выручка в рублях/span3' is: '101'

02-12-2024T07:13:19 - [MESSAGE][PASSED] - Text of object 'Object Repository/Выручка в рублях/span3' is: '101'

02-12-2024T07:13:19 - [TEST_STEP][PASSED] - if (vir == 1 || vir == 2): Text of object 'Object Repository/Выручка в рублях/span8' is: '888'

02-12-2024T07:13:19 - [TEST_STEP][PASSED] - a33 = ").trim(): Text of object 'Object Repository/Выручка в рублях/span4' is: '156'

02-12-2024T07:13:20 - [MESSAGE][PASSED] - Text of object 'Object Repository/Выручка в рублях/span4' is: '156'

02-12-2024T07:13:20 - [TEST_STEP][PASSED] - a34 = ").trim(): Text of object 'Object Repository/Выручка в рублях/span5' is: '3 953'

02-12-2024T07:13:20 - [MESSAGE][PASSED] - Text of object 'Object Repository/Выручка в рублях/span5' is: '3 953'

02-12-2024T07:13:20 - [TEST_STEP][PASSED] - a35 = ").trim(): Text of object 'Object Repository/Выручка в рублях/span6' is: '4 462'

02-12-2024T07:13:20 - [MESSAGE][PASSED] - Text of object 'Object Repository/Выручка в рублях/span6' is: '4 462'

02-12-2024T07:13:20 - [TEST_STEP][PASSED] - a36 = ").trim(): Text of object 'Object Repository/Выручка в рублях/span7' is: '7 500'

02-12-2024T07:13:20 - [MESSAGE][PASSED] - Text of object 'Object Repository/Выручка в рублях/span7' is: '7 500'

02-12-2024T07:13:20 - [TEST_STEP][PASSED] - a37 = ").trim(): Text of object 'Object Repository/Выручка в рублях/span8' is: '888'

02-12-2024T07:13:21 - [MESSAGE][PASSED] - Text of object 'Object Repository/Выручка в рублях/span8' is: '888'

02-12-2024T07:13:21 - [TEST_STEP][PASSED] - if (vir == 1 || vir == 2): Text of object 'Object Repository/Выручка в рублях/span17' is: '1 357'

02-12-2024T07:13:21 - [TEST_STEP][PASSED] - a38 = ").trim(): Text of object 'Object Repository/Выручка в рублях/span9' is: '878'

02-12-2024T07:13:21 - [MESSAGE][PASSED] - Text of object 'Object Repository/Выручка в рублях/span9' is: '878'

02-12-2024T07:13:21 - [TEST_STEP][PASSED] - a39 = ").trim(): Text of object 'Object Repository/Выручка в рублях/span10' is: '1 274'

02-12-2024T07:13:21 - [MESSAGE][PASSED] - Text of object 'Object Repository/Выручка в рублях/span10' is: '1 274'

02-12-2024T07:13:21 - [TEST_STEP][PASSED] - a310 = ").trim(): Text of object 'Object Repository/Выручка в рублях/span11' is: '238'

02-12-2024T07:13:22 - [MESSAGE][PASSED] - Text of object 'Object Repository/Выручка в рублях/span11' is: '238'

02-12-2024T07:13:22 - [TEST_STEP][PASSED] - a311 = ").trim(): Text of object 'Object Repository/Выручка в рублях/span12' is: '-5 106'

02-12-2024T07:13:22 - [MESSAGE][PASSED] - Text of object 'Object Repository/Выручка в рублях/span12' is: '-5 106'

02-12-2024T07:13:22 - [TEST_STEP][PASSED] - a312 = ").trim(): Text of object 'Object Repository/Выручка в рублях/span13' is: '1 955'

02-12-2024T07:13:22 - [MESSAGE][PASSED] - Text of object 'Object Repository/Выручка в рублях/span13' is: '1 955'

02-12-2024T07:13:22 - [TEST_STEP][PASSED] - a313 = ").trim(): Text of object 'Object Repository/Выручка в рублях/span14' is: '-24 344'

02-12-2024T07:13:23 - [MESSAGE][PASSED] - Text of object 'Object Repository/Выручка в рублях/span14' is: '-24 344'

02-12-2024T07:13:23 - [TEST_STEP][PASSED] - a314 = ").trim(): Text of object 'Object Repository/Выручка в рублях/span15' is: '2 435'

02-12-2024T07:13:23 - [MESSAGE][PASSED] - Text of object 'Object Repository/Выручка в рублях/span15' is: '2 435'

02-12-2024T07:13:23 - [TEST_STEP][PASSED] - a315 = ").trim(): Text of object 'Object Repository/Выручка в рублях/span16' is: '4 419'

02-12-2024T07:13:23 - [MESSAGE][PASSED] - Text of object 'Object Repository/Выручка в рублях/span16' is: '4 419'

02-12-2024T07:13:23 - [TEST_STEP][PASSED] - a316 = ").trim(): Text of object 'Object Repository/Выручка в рублях/span17' is: '1 357'

02-12-2024T07:13:23 - [MESSAGE][PASSED] - Text of object 'Object Repository/Выручка в рублях/span17' is: '1 357'

02-12-2024T07:13:23 - [TEST_STEP][PASSED] - if (vir == 1 || vir == 2): Text of object 'Object Repository/Выручка в рублях/span18' is: '318'

02-12-2024T07:13:23 - [TEST_STEP][PASSED] - a317 = ").trim(): Text of object 'Object Repository/Выручка в рублях/span18' is: '318'

02-12-2024T07:13:24 - [MESSAGE][PASSED] - Text of object 'Object Repository/Выручка в рублях/span18' is: '318'

02-12-2024T07:13:24 - [TEST_STEP][PASSED] - block = 2: null

02-12-2024T07:13:24 - [TEST_STEP][PASSED] - nameOfBlock = " Выручка": null

02-12-2024T07:13:24 - [TEST_STEP][PASSED] - Script1710234207206.PreSettings(run, vir, block, nameOfBlock, typeOfData, todaysDate): null

02-12-2024T07:13:24 - [TEST_STEP][PASSED] - openBrowser(""): Browser is opened with url: ''

02-12-2024T07:13:24 - [MESSAGE][WARNING] - A browser is already opened. Closing browser and opening a new one

02-12-2024T07:13:24 - [MESSAGE][INFO] - Starting 'Chrome' driver

02-12-2024T07:13:24 - [MESSAGE][INFO] - Action delay is set to 0 milliseconds

02-12-2024T07:13:25 - [MESSAGE][PASSED] - Browser is opened with url: ''

02-12-2024T07:13:25 - [TEST_STEP][PASSED] - refresh(): Refresh successfully

02-12-2024T07:13:25 - [MESSAGE][PASSED] - Refresh successfully

02-12-2024T07:13:25 - [TEST_STEP][PASSED] - delay(50): Delayed 50 second(s)

02-12-2024T07:14:15 - [MESSAGE][PASSED] - Delayed 50 second(s)

02-12-2024T07:14:15 - [TEST_STEP][PASSED] - println("run:" + run): null

02-12-2024T07:14:15 - [TEST_STEP][PASSED] - println("vir:" + vir): null

02-12-2024T07:14:15 - [TEST_STEP][PASSED] - println("block:" + block): null

02-12-2024T07:14:15 - [TEST_STEP][PASSED] - if (block == 1): null

02-12-2024T07:14:15 - [TEST_STEP][PASSED] - else: null

02-12-2024T07:14:15 - [TEST_STEP][PASSED] - nameOfBlock = " Выручка": null

02-12-2024T07:14:15 - [TEST_STEP][PASSED] - println("nameOfBlock:" + nameOfBlock): null

02-12-2024T07:14:15 - [TEST_STEP][PASSED] - println("typeOfData:" + typeOfData): null

02-12-2024T07:14:15 - [TEST_STEP][PASSED] - println("todaysDate:" + todaysDate): null

02-12-2024T07:14:15 - [TEST_STEP][PASSED] - Script1710234207206.Autorization(block, nameOfBlock): null

02-12-2024T07:14:15 - [TEST_STEP][PASSED] - i = <not implemented yet for class: org.codehaus.groovy.ast.expr.EmptyExpression>: null

02-12-2024T07:14:15 - [TEST_STEP][PASSED] - ii = <not implemented yet for class: org.codehaus.groovy.ast.expr.EmptyExpression>: null

02-12-2024T07:14:15 - [TEST_STEP][PASSED] - urlData = <not implemented yet for class: org.codehaus.groovy.ast.expr.EmptyExpression>: null

02-12-2024T07:14:15 - [TEST_STEP][PASSED] - searchWord = <not implemented yet for class: org.codehaus.groovy.ast.expr.EmptyExpression>: null

02-12-2024T07:14:15 - [TEST_STEP][PASSED] - urlText = <not implemented yet for class: org.codehaus.groovy.ast.expr.EmptyExpression>: null

02-12-2024T07:14:15 - [TEST_STEP][PASSED] - println("block:" + block): null

02-12-2024T07:14:15 - [TEST_STEP][PASSED] - if (block == 1): null

02-12-2024T07:14:15 - [TEST_STEP][PASSED] - else: null

02-12-2024T07:14:15 - [TEST_STEP][PASSED] - delay(45): Delayed 45 second(s)

02-12-2024T07:15:00 - [MESSAGE][PASSED] - Delayed 45 second(s)

02-12-2024T07:15:00 - [TEST_STEP][PASSED] - nameOfBlock = " Выручка": null

02-12-2024T07:15:00 - [TEST_STEP][PASSED] - println("nameOfBlock:" + nameOfBlock): null

02-12-2024T07:15:00 - [TEST_STEP][PASSED] - if (block == 1): null

02-12-2024T07:15:00 - [TEST_STEP][PASSED] - else: Delayed 45 second(s)

02-12-2024T07:15:00 - [TEST_STEP][PASSED] - urlData = 9: null

02-12-2024T07:15:00 - [TEST_STEP][PASSED] - delay(45): Delayed 45 second(s)

02-12-2024T07:15:45 - [MESSAGE][PASSED] - Delayed 45 second(s)

02-12-2024T07:15:45 - [TEST_STEP][PASSED] - navigateToUrl(findTestData("PlanFact").getValue(10, urlData)): Navigate to 'https://bi.rosseti.digital/viewer?dashboardGuid=a1fd28b3785d443cbc4d7690a1d78e31&sheetGuid=86092a20c5984827a0c87b24cac76a50&fit=true' successfully

02-12-2024T07:15:53 - [MESSAGE][PASSED] - Navigate to 'https://bi.rosseti.digital/viewer?dashboardGuid=a1fd28b3785d443cbc4d7690a1d78e31&sheetGuid=86092a20c5984827a0c87b24cac76a50&fit=true' successfully

02-12-2024T07:15:53 - [TEST_STEP][PASSED] - urlText = getText(findTestObject("Страница авторизации/Text")): Text of object 'Object Repository/Страница авторизации/Text' is: 'Вход'

02-12-2024T07:15:54 - [MESSAGE][PASSED] - Text of object 'Object Repository/Страница авторизации/Text' is: 'Вход'

02-12-2024T07:15:54 - [TEST_STEP][PASSED] - searchWord = "Вход": null

02-12-2024T07:15:54 - [TEST_STEP][PASSED] - if (urlText == null || urlText.contains("ошибка") || urlText.contains(searchWord) == false): null

02-12-2024T07:15:54 - [TEST_STEP][PASSED] - if (verifyElementPresent(findTestObject("Страница авторизации/button_"), 30) == true): null

02-12-2024T07:15:54 - [MESSAGE][PASSED] - Object 'Object Repository/Страница авторизации/button_' is present

02-12-2024T07:15:54 - [TEST_STEP][PASSED] - setText(findTestObject("Страница авторизации/input__username"), findTestData("PlanFact").getValue(8, 1)): Text 'liazgina-di' is set on object 'Object Repository/Страница авторизации/input__username'

02-12-2024T07:15:55 - [MESSAGE][PASSED] - Text 'liazgina-di' is set on object 'Object Repository/Страница авторизации/input__username'

02-12-2024T07:15:55 - [TEST_STEP][PASSED] - setText(findTestObject("Страница авторизации/input__password"), findTestData("PlanFact").getValue(9, 1)): Text ')$%5srZ8o688Dm#q' is set on object 'Object Repository/Страница авторизации/input__password'

02-12-2024T07:15:55 - [MESSAGE][PASSED] - Text ')$%5srZ8o688Dm#q' is set on object 'Object Repository/Страница авторизации/input__password'

02-12-2024T07:15:55 - [TEST_STEP][PASSED] - click(findTestObject("Страница авторизации/button_")): Object: 'Object Repository/Страница авторизации/button_' is clicked on

02-12-2024T07:15:58 - [MESSAGE][PASSED] - Object: 'Object Repository/Страница авторизации/button_' is clicked on

02-12-2024T07:15:58 - [TEST_STEP][PASSED] - delay(45): Delayed 45 second(s)

02-12-2024T07:16:43 - [MESSAGE][PASSED] - Delayed 45 second(s)

02-12-2024T07:16:43 - [TEST_STEP][PASSED] - urlText = getText(findTestObject("Страница авторизации/Text")): Text of object 'Object Repository/Страница авторизации/Text' is: 'Период
Январь, Февраль, Март, Апрель, Май, Июнь, Июль, Август, Сентябрь, Октябрь 2024 года
Выручка
Все
Выполнение плановых показателей по ПАО Россети за Январь, Февраль, Март, Апрель, Май, Июнь, Июль, Август, Сентябрь, Октябрь 2024 года
План
Факт
Динамика
2024 год
0 млн.руб.
100 000 млн.руб.
200 000 млн.руб.
300 000 млн.руб.
400 000 млн.руб.
500 000 млн.руб.
600 000 млн.руб.
700 000 млн.руб.
800 000 млн.руб.
900 000 млн.руб.
1 000 000 млн.руб.
1 100 000 млн.руб.
1 200 000 млн.руб.
1 300 000 млн.руб.
1 400 000 млн.руб.
1 180 677
1 181 459
↑
ДЗО 
Все
Подписи данных
⬤Отклонение
АО «Тываэнерго»
АО «Чеченэнерго»
Россети Волга
Россети Кубань
Россети Ленэнерго (ГК)
Россети Московский регион
Россети Северный Кавказ (ГК)
Россети Северо-Запад
Россети Сибирь (ГК)
Россети Томск
Россети Тюмень
Россети Урал (ГК)
Россети ФСК ЕЭС
Россети Центр
Россети Центр и Приволжье (ГК)
Россети Юг (ГК)
Россети Янтарь
-27 500 млн.руб.
-25 000 млн.руб.
-22 500 млн.руб.
-20 000 млн.руб.
-17 500 млн.руб.
-15 000 млн.руб.
-12 500 млн.руб.
-10 000 млн.руб.
-7 500 млн.руб.
-5 000 млн.руб.
-2 500 млн.руб.
0 млн.руб.
2 500 млн.руб.
5 000 млн.руб.
7 500 млн.руб.
10 000 млн.руб.
300
101
156
3 953
4 462
7 500
888
878
1 274
238
-5 106
1 955
-24 344
2 435
4 419
1 357
318
млн.
%
Выручка
Отклонение выручки по ПАО Россети за Январь, Февраль, Март, Апрель, Май, Июнь, Июль, Август, Сентябрь, Октябрь 2024 года (факт/план, млн. руб)
ПАО Россети
782.4 млн.руб.
Статус данных
×
Просьба обратить внимание
Данные занесены не полностью
ВЫБРАННЫЕ ЗНАЧЕНИЯ ФИЛЬТРОВ
ДЗО | ПЕРИОД
ПАО Россети: [«Выбраны все филиалы по всем ДЗО по всем категориям»]
2024: [Янв, Фев, Мар, Апр, Май, Июн, Июл, Авг, Сен, Окт]
*Внутренний оборот'

02-12-2024T07:16:43 - [MESSAGE][PASSED] - Text of object 'Object Repository/Страница авторизации/Text' is: 'Период
Январь, Февраль, Март, Апрель, Май, Июнь, Июль, Август, Сентябрь, Октябрь 2024 года
Выручка
Все
Выполнение плановых показателей по ПАО Россети за Январь, Февраль, Март, Апрель, Май, Июнь, Июль, Август, Сентябрь, Октябрь 2024 года
План
Факт
Динамика
2024 год
0 млн.руб.
100 000 млн.руб.
200 000 млн.руб.
300 000 млн.руб.
400 000 млн.руб.
500 000 млн.руб.
600 000 млн.руб.
700 000 млн.руб.
800 000 млн.руб.
900 000 млн.руб.
1 000 000 млн.руб.
1 100 000 млн.руб.
1 200 000 млн.руб.
1 300 000 млн.руб.
1 400 000 млн.руб.
1 180 677
1 181 459
↑
ДЗО 
Все
Подписи данных
⬤Отклонение
АО «Тываэнерго»
АО «Чеченэнерго»
Россети Волга
Россети Кубань
Россети Ленэнерго (ГК)
Россети Московский регион
Россети Северный Кавказ (ГК)
Россети Северо-Запад
Россети Сибирь (ГК)
Россети Томск
Россети Тюмень
Россети Урал (ГК)
Россети ФСК ЕЭС
Россети Центр
Россети Центр и Приволжье (ГК)
Россети Юг (ГК)
Россети Янтарь
-27 500 млн.руб.
-25 000 млн.руб.
-22 500 млн.руб.
-20 000 млн.руб.
-17 500 млн.руб.
-15 000 млн.руб.
-12 500 млн.руб.
-10 000 млн.руб.
-7 500 млн.руб.
-5 000 млн.руб.
-2 500 млн.руб.
0 млн.руб.
2 500 млн.руб.
5 000 млн.руб.
7 500 млн.руб.
10 000 млн.руб.
300
101
156
3 953
4 462
7 500
888
878
1 274
238
-5 106
1 955
-24 344
2 435
4 419
1 357
318
млн.
%
Выручка
Отклонение выручки по ПАО Россети за Январь, Февраль, Март, Апрель, Май, Июнь, Июль, Август, Сентябрь, Октябрь 2024 года (факт/план, млн. руб)
ПАО Россети
782.4 млн.руб.
Статус данных
×
Просьба обратить внимание
Данные занесены не полностью
ВЫБРАННЫЕ ЗНАЧЕНИЯ ФИЛЬТРОВ
ДЗО | ПЕРИОД
ПАО Россети: [«Выбраны все филиалы по всем ДЗО по всем категориям»]
2024: [Янв, Фев, Мар, Апр, Май, Июн, Июл, Авг, Сен, Окт]
*Внутренний оборот'

02-12-2024T07:16:43 - [TEST_STEP][PASSED] - searchWord = "а": null

02-12-2024T07:16:43 - [TEST_STEP][PASSED] - if (urlText.contains("ошибка") || urlText.contains(searchWord) == false): null

02-12-2024T07:16:43 - [TEST_STEP][PASSED] - delay(45): Delayed 45 second(s)

02-12-2024T07:17:28 - [MESSAGE][PASSED] - Delayed 45 second(s)

02-12-2024T07:17:28 - [TEST_STEP][PASSED] - if (block == 2): Delayed 50 second(s)

02-12-2024T07:17:28 - [TEST_STEP][PASSED] - opoveshenie = getText(findTestObject("Выручка в рублях/Просьба обратить внимание")): Text of object 'Object Repository/Выручка в рублях/Просьба обратить внимание' is: 'Просьба обратить внимание'

02-12-2024T07:17:29 - [MESSAGE][PASSED] - Text of object 'Object Repository/Выручка в рублях/Просьба обратить внимание' is: 'Просьба обратить внимание'

02-12-2024T07:17:29 - [TEST_STEP][PASSED] - if (opoveshenie == "Просьба обратить внимание"): Delayed 50 second(s)

02-12-2024T07:17:29 - [TEST_STEP][PASSED] - click(findTestObject("Выручка в рублях/Закрыть оповещение")): Object: 'Object Repository/Выручка в рублях/Закрыть оповещение' is clicked on

02-12-2024T07:17:29 - [MESSAGE][PASSED] - Object: 'Object Repository/Выручка в рублях/Закрыть оповещение' is clicked on

02-12-2024T07:17:29 - [TEST_STEP][PASSED] - delay(50): Delayed 50 second(s)

02-12-2024T07:18:19 - [MESSAGE][PASSED] - Delayed 50 second(s)

02-12-2024T07:18:19 - [TEST_STEP][PASSED] - click(findTestObject("Выручка в рублях/Фильтр Период" + nameOfBlock)): Object: 'Object Repository/Выручка в рублях/Фильтр Период Выручка' is clicked on

02-12-2024T07:18:19 - [MESSAGE][PASSED] - Object: 'Object Repository/Выручка в рублях/Фильтр Период Выручка' is clicked on

02-12-2024T07:18:19 - [TEST_STEP][PASSED] - click(findTestObject("Выручка в рублях/Снять выделение в фильтре Дата" + nameOfBlock)): Object: 'Object Repository/Выручка в рублях/Снять выделение в фильтре Дата Выручка' is clicked on

02-12-2024T07:18:20 - [MESSAGE][PASSED] - Object: 'Object Repository/Выручка в рублях/Снять выделение в фильтре Дата Выручка' is clicked on

02-12-2024T07:18:20 - [TEST_STEP][PASSED] - click(findTestObject("Выручка в рублях/Применить в фильтре Дата" + nameOfBlock)): Object: 'Object Repository/Выручка в рублях/Применить в фильтре Дата Выручка' is clicked on

02-12-2024T07:18:21 - [MESSAGE][PASSED] - Object: 'Object Repository/Выручка в рублях/Применить в фильтре Дата Выручка' is clicked on

02-12-2024T07:18:21 - [TEST_STEP][PASSED] - delay(50): Delayed 50 second(s)

02-12-2024T07:19:11 - [MESSAGE][PASSED] - Delayed 50 second(s)

02-12-2024T07:19:11 - [TEST_STEP][PASSED] - click(findTestObject("Выручка в рублях/Фильтр Период" + nameOfBlock)): Object: 'Object Repository/Выручка в рублях/Фильтр Период Выручка' is clicked on

02-12-2024T07:19:11 - [MESSAGE][PASSED] - Object: 'Object Repository/Выручка в рублях/Фильтр Период Выручка' is clicked on

02-12-2024T07:19:11 - [TEST_STEP][PASSED] - click(findTestObject("Выручка в рублях/Снять выделение в фильтре Дата" + nameOfBlock)): Object: 'Object Repository/Выручка в рублях/Снять выделение в фильтре Дата Выручка' is clicked on

02-12-2024T07:19:12 - [MESSAGE][PASSED] - Object: 'Object Repository/Выручка в рублях/Снять выделение в фильтре Дата Выручка' is clicked on

02-12-2024T07:19:12 - [TEST_STEP][PASSED] - scrollToElement(findTestObject("Выручка в рублях/2024 список" + nameOfBlock), 30): Scroll to object 'Object Repository/Выручка в рублях/2024 список Выручка' successfully

02-12-2024T07:19:12 - [MESSAGE][PASSED] - Scroll to object 'Object Repository/Выручка в рублях/2024 список Выручка' successfully

02-12-2024T07:19:12 - [TEST_STEP][PASSED] - click(findTestObject("Выручка в рублях/2024 список" + nameOfBlock)): Object: 'Object Repository/Выручка в рублях/2024 список Выручка' is clicked on

02-12-2024T07:19:12 - [MESSAGE][PASSED] - Object: 'Object Repository/Выручка в рублях/2024 список Выручка' is clicked on

02-12-2024T07:19:12 - [TEST_STEP][PASSED] - scrollToElement(findTestObject("Выручка в рублях/1 квартал 2024 выбрать" + nameOfBlock), 30): Scroll to object 'Object Repository/Выручка в рублях/1 квартал 2024 выбрать Выручка' successfully

02-12-2024T07:19:13 - [MESSAGE][PASSED] - Scroll to object 'Object Repository/Выручка в рублях/1 квартал 2024 выбрать Выручка' successfully

02-12-2024T07:19:13 - [TEST_STEP][PASSED] - click(findTestObject("Выручка в рублях/1 квартал 2024 выбрать" + nameOfBlock)): Object: 'Object Repository/Выручка в рублях/1 квартал 2024 выбрать Выручка' is clicked on

02-12-2024T07:19:13 - [MESSAGE][PASSED] - Object: 'Object Repository/Выручка в рублях/1 квартал 2024 выбрать Выручка' is clicked on

02-12-2024T07:19:13 - [TEST_STEP][PASSED] - scrollToElement(findTestObject("Выручка в рублях/2 квартал 2024 выбрать" + nameOfBlock), 30): Scroll to object 'Object Repository/Выручка в рублях/2 квартал 2024 выбрать Выручка' successfully

02-12-2024T07:19:13 - [MESSAGE][PASSED] - Scroll to object 'Object Repository/Выручка в рублях/2 квартал 2024 выбрать Выручка' successfully

02-12-2024T07:19:13 - [TEST_STEP][PASSED] - click(findTestObject("Выручка в рублях/2 квартал 2024 выбрать" + nameOfBlock)): Object: 'Object Repository/Выручка в рублях/2 квартал 2024 выбрать Выручка' is clicked on

02-12-2024T07:19:14 - [MESSAGE][PASSED] - Object: 'Object Repository/Выручка в рублях/2 квартал 2024 выбрать Выручка' is clicked on

02-12-2024T07:19:14 - [TEST_STEP][PASSED] - scrollToElement(findTestObject("Выручка в рублях/3 квартал 2024 список" + nameOfBlock), 30): Scroll to object 'Object Repository/Выручка в рублях/3 квартал 2024 список Выручка' successfully

02-12-2024T07:19:14 - [MESSAGE][PASSED] - Scroll to object 'Object Repository/Выручка в рублях/3 квартал 2024 список Выручка' successfully

02-12-2024T07:19:14 - [TEST_STEP][PASSED] - click(findTestObject("Выручка в рублях/3 квартал 2024" + nameOfBlock)): Object: 'Object Repository/Выручка в рублях/3 квартал 2024 Выручка' is clicked on

02-12-2024T07:19:15 - [MESSAGE][PASSED] - Object: 'Object Repository/Выручка в рублях/3 квартал 2024 Выручка' is clicked on

02-12-2024T07:19:15 - [TEST_STEP][PASSED] - scrollToElement(findTestObject("Выручка в рублях/4 квартал 2024 список" + nameOfBlock), 30): Scroll to object 'Object Repository/Выручка в рублях/4 квартал 2024 список Выручка' successfully

02-12-2024T07:19:15 - [MESSAGE][PASSED] - Scroll to object 'Object Repository/Выручка в рублях/4 квартал 2024 список Выручка' successfully

02-12-2024T07:19:15 - [TEST_STEP][PASSED] - click(findTestObject("Выручка в рублях/4 квартал 2024 список" + nameOfBlock)): Object: 'Object Repository/Выручка в рублях/4 квартал 2024 список Выручка' is clicked on

02-12-2024T07:19:15 - [MESSAGE][PASSED] - Object: 'Object Repository/Выручка в рублях/4 квартал 2024 список Выручка' is clicked on

02-12-2024T07:19:15 - [TEST_STEP][PASSED] - scrollToElement(findTestObject("Выручка в рублях/Октябрь 2024" + nameOfBlock), 30): Scroll to object 'Object Repository/Выручка в рублях/Октябрь 2024 Выручка' successfully

02-12-2024T07:19:16 - [MESSAGE][PASSED] - Scroll to object 'Object Repository/Выручка в рублях/Октябрь 2024 Выручка' successfully

02-12-2024T07:19:16 - [TEST_STEP][PASSED] - click(findTestObject("Выручка в рублях/Октябрь 2024" + nameOfBlock)): Object: 'Object Repository/Выручка в рублях/Октябрь 2024 Выручка' is clicked on

02-12-2024T07:19:16 - [MESSAGE][PASSED] - Object: 'Object Repository/Выручка в рублях/Октябрь 2024 Выручка' is clicked on

02-12-2024T07:19:16 - [TEST_STEP][PASSED] - scrollToElement(findTestObject("Выручка в рублях/Заголовок дашборда" + nameOfBlock), 30): Scroll to object 'Object Repository/Выручка в рублях/Заголовок дашборда Выручка' successfully

02-12-2024T07:19:17 - [MESSAGE][PASSED] - Scroll to object 'Object Repository/Выручка в рублях/Заголовок дашборда Выручка' successfully

02-12-2024T07:19:17 - [TEST_STEP][PASSED] - click(findTestObject("Выручка в рублях/Применить в фильтре Дата" + nameOfBlock)): Object: 'Object Repository/Выручка в рублях/Применить в фильтре Дата Выручка' is clicked on

02-12-2024T07:19:17 - [MESSAGE][PASSED] - Object: 'Object Repository/Выручка в рублях/Применить в фильтре Дата Выручка' is clicked on

02-12-2024T07:19:17 - [TEST_STEP][PASSED] - delay(55): Delayed 55 second(s)

02-12-2024T07:20:12 - [MESSAGE][PASSED] - Delayed 55 second(s)

02-12-2024T07:20:12 - [TEST_STEP][PASSED] - click(findTestObject("Выручка в рублях/Фильтр ДЗО" + nameOfBlock)): Object: 'Object Repository/Выручка в рублях/Фильтр ДЗО Выручка' is clicked on

02-12-2024T07:20:13 - [MESSAGE][PASSED] - Object: 'Object Repository/Выручка в рублях/Фильтр ДЗО Выручка' is clicked on

02-12-2024T07:20:13 - [TEST_STEP][PASSED] - click(findTestObject("Выручка в рублях/Снять выделение в фильтре ДЗО" + nameOfBlock)): Object: 'Object Repository/Выручка в рублях/Снять выделение в фильтре ДЗО Выручка' is clicked on

02-12-2024T07:20:13 - [MESSAGE][PASSED] - Object: 'Object Repository/Выручка в рублях/Снять выделение в фильтре ДЗО Выручка' is clicked on

02-12-2024T07:20:13 - [TEST_STEP][PASSED] - click(findTestObject("Выручка в рублях/Применить в фильтре ДЗО" + nameOfBlock)): Object: 'Object Repository/Выручка в рублях/Применить в фильтре ДЗО Выручка' is clicked on

02-12-2024T07:20:14 - [MESSAGE][PASSED] - Object: 'Object Repository/Выручка в рублях/Применить в фильтре ДЗО Выручка' is clicked on

02-12-2024T07:20:14 - [TEST_STEP][PASSED] - delay(50): Delayed 50 second(s)

02-12-2024T07:21:04 - [MESSAGE][PASSED] - Delayed 50 second(s)

02-12-2024T07:21:04 - [TEST_STEP][PASSED] - Script1710234207206.Tumbler(run, vir, block, nameOfBlock): null

02-12-2024T07:21:04 - [TEST_STEP][PASSED] - println("run:" + run): null

02-12-2024T07:21:04 - [TEST_STEP][PASSED] - println("vir:" + vir): null

02-12-2024T07:21:04 - [TEST_STEP][PASSED] - println("block:" + block): null

02-12-2024T07:21:04 - [TEST_STEP][PASSED] - println("nameOfBlock:" + nameOfBlock): null

02-12-2024T07:21:04 - [TEST_STEP][PASSED] - if (vir == 1): null

02-12-2024T07:21:04 - [TEST_STEP][PASSED] - if (run == 2): null

02-12-2024T07:21:04 - [TEST_STEP][PASSED] - click(findTestObject("Выручка в рублях/Фильтр ДЗО" + nameOfBlock)): Object: 'Object Repository/Выручка в рублях/Фильтр ДЗО Выручка' is clicked on

02-12-2024T07:21:04 - [MESSAGE][PASSED] - Object: 'Object Repository/Выручка в рублях/Фильтр ДЗО Выручка' is clicked on

02-12-2024T07:21:04 - [TEST_STEP][PASSED] - Script1710234207206.Rosseti(nameOfBlock): null

02-12-2024T07:21:04 - [TEST_STEP][PASSED] - println("nameOfBlock:" + nameOfBlock): null

02-12-2024T07:21:04 - [TEST_STEP][PASSED] - click(findTestObject("Выручка в рублях/ПАО Россети" + nameOfBlock)): Object: 'Object Repository/Выручка в рублях/ПАО Россети Выручка' is clicked on

02-12-2024T07:21:05 - [MESSAGE][PASSED] - Object: 'Object Repository/Выручка в рублях/ПАО Россети Выручка' is clicked on

02-12-2024T07:21:05 - [TEST_STEP][PASSED] - click(findTestObject("Выручка в рублях/Применить в фильтре ДЗО" + nameOfBlock)): Object: 'Object Repository/Выручка в рублях/Применить в фильтре ДЗО Выручка' is clicked on

02-12-2024T07:21:05 - [MESSAGE][PASSED] - Object: 'Object Repository/Выручка в рублях/Применить в фильтре ДЗО Выручка' is clicked on

02-12-2024T07:21:05 - [TEST_STEP][PASSED] - if (vir == 1 || vir == 2): Text of object 'Object Repository/Выручка в рублях/График План Выручка' is: '1 180 677'

02-12-2024T07:21:05 - [TEST_STEP][PASSED] - b1 = getText(findTestObject("Выручка в рублях/График План Выручка")): Text of object 'Object Repository/Выручка в рублях/График План Выручка' is: '1 180 677'

02-12-2024T07:21:07 - [MESSAGE][PASSED] - Text of object 'Object Repository/Выручка в рублях/График План Выручка' is: '1 180 677'

02-12-2024T07:21:07 - [TEST_STEP][PASSED] - if (vir == 1 || vir == 2): Text of object 'Object Repository/Выручка в рублях/График Факт Выручка' is: '1 181 459'

02-12-2024T07:21:07 - [TEST_STEP][PASSED] - b2 = getText(findTestObject("Выручка в рублях/График Факт Выручка")): Text of object 'Object Repository/Выручка в рублях/График Факт Выручка' is: '1 181 459'

02-12-2024T07:21:07 - [MESSAGE][PASSED] - Text of object 'Object Repository/Выручка в рублях/График Факт Выручка' is: '1 181 459'

02-12-2024T07:21:07 - [TEST_STEP][PASSED] - b30 = getText(findTestObject("Выручка в рублях/span1" + perc)): Text of object 'Object Repository/Выручка в рублях/span1' is: '782.4 млн.руб.'

02-12-2024T07:21:08 - [MESSAGE][PASSED] - Text of object 'Object Repository/Выручка в рублях/span1' is: '782.4 млн.руб.'

02-12-2024T07:21:08 - [TEST_STEP][PASSED] - i = b30.indexOf("млн.руб."): null

02-12-2024T07:21:08 - [TEST_STEP][PASSED] - if (i > -1): null

02-12-2024T07:21:08 - [TEST_STEP][PASSED] - b30 = b30.substring(0, i): null

02-12-2024T07:21:08 - [TEST_STEP][PASSED] - b30 = b30.replaceAll(" ", ""): null

02-12-2024T07:21:08 - [TEST_STEP][PASSED] - if (b30.contains("%")): null

02-12-2024T07:21:08 - [TEST_STEP][PASSED] - b30 = ").trim(): null

02-12-2024T07:21:08 - [TEST_STEP][PASSED] - println("b30: " + b30): null

02-12-2024T07:21:08 - [TEST_STEP][PASSED] - if (vir == 1 || vir == 2): Text of object 'Object Repository/Выручка в рублях/span2' is: '300'

02-12-2024T07:21:08 - [TEST_STEP][PASSED] - b31 = ").trim(): Text of object 'Object Repository/Выручка в рублях/span2' is: '300'

02-12-2024T07:21:08 - [MESSAGE][PASSED] - Text of object 'Object Repository/Выручка в рублях/span2' is: '300'

02-12-2024T07:21:08 - [TEST_STEP][PASSED] - if (vir == 1 || vir == 2): Text of object 'Object Repository/Выручка в рублях/span3' is: '101'

02-12-2024T07:21:08 - [TEST_STEP][PASSED] - b32 = ").trim(): Text of object 'Object Repository/Выручка в рублях/span3' is: '101'

02-12-2024T07:21:08 - [MESSAGE][PASSED] - Text of object 'Object Repository/Выручка в рублях/span3' is: '101'

02-12-2024T07:21:08 - [TEST_STEP][PASSED] - if (vir == 1 || vir == 2): Text of object 'Object Repository/Выручка в рублях/span8' is: '888'

02-12-2024T07:21:08 - [TEST_STEP][PASSED] - b33 = ").trim(): Text of object 'Object Repository/Выручка в рублях/span4' is: '156'

02-12-2024T07:21:09 - [MESSAGE][PASSED] - Text of object 'Object Repository/Выручка в рублях/span4' is: '156'

02-12-2024T07:21:09 - [TEST_STEP][PASSED] - b34 = ").trim(): Text of object 'Object Repository/Выручка в рублях/span5' is: '3 953'

02-12-2024T07:21:09 - [MESSAGE][PASSED] - Text of object 'Object Repository/Выручка в рублях/span5' is: '3 953'

02-12-2024T07:21:09 - [TEST_STEP][PASSED] - b35 = ").trim(): Text of object 'Object Repository/Выручка в рублях/span6' is: '4 462'

02-12-2024T07:21:09 - [MESSAGE][PASSED] - Text of object 'Object Repository/Выручка в рублях/span6' is: '4 462'

02-12-2024T07:21:09 - [TEST_STEP][PASSED] - b36 = ").trim(): Text of object 'Object Repository/Выручка в рублях/span7' is: '7 500'

02-12-2024T07:21:10 - [MESSAGE][PASSED] - Text of object 'Object Repository/Выручка в рублях/span7' is: '7 500'

02-12-2024T07:21:10 - [TEST_STEP][PASSED] - b37 = ").trim(): Text of object 'Object Repository/Выручка в рублях/span8' is: '888'

02-12-2024T07:21:10 - [MESSAGE][PASSED] - Text of object 'Object Repository/Выручка в рублях/span8' is: '888'

02-12-2024T07:21:10 - [TEST_STEP][PASSED] - if (vir == 1 || vir == 2): Text of object 'Object Repository/Выручка в рублях/span17' is: '1 357'

02-12-2024T07:21:10 - [TEST_STEP][PASSED] - b38 = ").trim(): Text of object 'Object Repository/Выручка в рублях/span9' is: '878'

02-12-2024T07:21:10 - [MESSAGE][PASSED] - Text of object 'Object Repository/Выручка в рублях/span9' is: '878'

02-12-2024T07:21:10 - [TEST_STEP][PASSED] - b39 = ").trim(): Text of object 'Object Repository/Выручка в рублях/span10' is: '1 274'

02-12-2024T07:21:10 - [MESSAGE][PASSED] - Text of object 'Object Repository/Выручка в рублях/span10' is: '1 274'

02-12-2024T07:21:10 - [TEST_STEP][PASSED] - b310 = ").trim(): Text of object 'Object Repository/Выручка в рублях/span11' is: '238'

02-12-2024T07:21:11 - [MESSAGE][PASSED] - Text of object 'Object Repository/Выручка в рублях/span11' is: '238'

02-12-2024T07:21:11 - [TEST_STEP][PASSED] - b311 = ").trim(): Text of object 'Object Repository/Выручка в рублях/span12' is: '-5 106'

02-12-2024T07:21:11 - [MESSAGE][PASSED] - Text of object 'Object Repository/Выручка в рублях/span12' is: '-5 106'

02-12-2024T07:21:11 - [TEST_STEP][PASSED] - b312 = ").trim(): Text of object 'Object Repository/Выручка в рублях/span13' is: '1 955'

02-12-2024T07:21:11 - [MESSAGE][PASSED] - Text of object 'Object Repository/Выручка в рублях/span13' is: '1 955'

02-12-2024T07:21:11 - [TEST_STEP][PASSED] - b313 = ").trim(): Text of object 'Object Repository/Выручка в рублях/span14' is: '-24 344'

02-12-2024T07:21:12 - [MESSAGE][PASSED] - Text of object 'Object Repository/Выручка в рублях/span14' is: '-24 344'

02-12-2024T07:21:12 - [TEST_STEP][PASSED] - b314 = ").trim(): Text of object 'Object Repository/Выручка в рублях/span15' is: '2 435'

02-12-2024T07:21:12 - [MESSAGE][PASSED] - Text of object 'Object Repository/Выручка в рублях/span15' is: '2 435'

02-12-2024T07:21:12 - [TEST_STEP][PASSED] - b315 = ").trim(): Text of object 'Object Repository/Выручка в рублях/span16' is: '4 419'

02-12-2024T07:21:12 - [MESSAGE][PASSED] - Text of object 'Object Repository/Выручка в рублях/span16' is: '4 419'

02-12-2024T07:21:12 - [TEST_STEP][PASSED] - b316 = ").trim(): Text of object 'Object Repository/Выручка в рублях/span17' is: '1 357'

02-12-2024T07:21:13 - [MESSAGE][PASSED] - Text of object 'Object Repository/Выручка в рублях/span17' is: '1 357'

02-12-2024T07:21:13 - [TEST_STEP][PASSED] - if (vir == 1 || vir == 2): Text of object 'Object Repository/Выручка в рублях/span18' is: '318'

02-12-2024T07:21:13 - [TEST_STEP][PASSED] - b317 = ").trim(): Text of object 'Object Repository/Выручка в рублях/span18' is: '318'

02-12-2024T07:21:13 - [MESSAGE][PASSED] - Text of object 'Object Repository/Выручка в рублях/span18' is: '318'

02-12-2024T07:21:13 - [TEST_STEP][PASSED] - dZO = "ПАО Россети": null

02-12-2024T07:21:13 - [TEST_STEP][PASSED] - if (verifyEqual(a1, b1) == false): Actual object '1 180 677' and expected object '1 180 677' are equal

02-12-2024T07:21:13 - [MESSAGE][PASSED] - Actual object '1 180 677' and expected object '1 180 677' are equal

02-12-2024T07:21:13 - [TEST_STEP][PASSED] - if (verifyEqual(a2, b2) == false): Actual object '1 181 459' and expected object '1 181 459' are equal

02-12-2024T07:21:13 - [MESSAGE][PASSED] - Actual object '1 181 459' and expected object '1 181 459' are equal

02-12-2024T07:21:13 - [TEST_STEP][PASSED] - vidget = "Отклонения": null

02-12-2024T07:21:13 - [TEST_STEP][PASSED] - if (verifyEqual(a30, b30) == false): Actual object '782.4' and expected object '782.4' are equal

02-12-2024T07:21:13 - [MESSAGE][PASSED] - Actual object '782.4' and expected object '782.4' are equal

02-12-2024T07:21:13 - [TEST_STEP][PASSED] - dZO = "АО «Тываэнерго»": null

02-12-2024T07:21:13 - [TEST_STEP][PASSED] - if (verifyEqual(a31, b31) == false): Actual object '300' and expected object '300' are equal

02-12-2024T07:21:13 - [MESSAGE][PASSED] - Actual object '300' and expected object '300' are equal

02-12-2024T07:21:13 - [TEST_STEP][PASSED] - dZO = "АО «Чеченэнерго»": null

02-12-2024T07:21:13 - [TEST_STEP][PASSED] - if (verifyEqual(a32, b32) == false): Actual object '101' and expected object '101' are equal

02-12-2024T07:21:13 - [MESSAGE][PASSED] - Actual object '101' and expected object '101' are equal

02-12-2024T07:21:13 - [TEST_STEP][PASSED] - dZO = "Россети Волга": null

02-12-2024T07:21:13 - [TEST_STEP][PASSED] - if (verifyEqual(a33, b33) == false): Actual object '156' and expected object '156' are equal

02-12-2024T07:21:13 - [MESSAGE][PASSED] - Actual object '156' and expected object '156' are equal

02-12-2024T07:21:13 - [TEST_STEP][PASSED] - dZO = "Россети Кубань": null

02-12-2024T07:21:13 - [TEST_STEP][PASSED] - if (verifyEqual(a34, b34) == false): Actual object '3 953' and expected object '3 953' are equal

02-12-2024T07:21:13 - [MESSAGE][PASSED] - Actual object '3 953' and expected object '3 953' are equal

02-12-2024T07:21:13 - [TEST_STEP][PASSED] - dZO = "Россети Ленэнерго (ГК)": null

02-12-2024T07:21:13 - [TEST_STEP][PASSED] - if (verifyEqual(a35, b35) == false): Actual object '4 462' and expected object '4 462' are equal

02-12-2024T07:21:13 - [MESSAGE][PASSED] - Actual object '4 462' and expected object '4 462' are equal

02-12-2024T07:21:13 - [TEST_STEP][PASSED] - dZO = "Россети Московский регион": null

02-12-2024T07:21:13 - [TEST_STEP][PASSED] - if (verifyEqual(a36, b36) == false): Actual object '7 500' and expected object '7 500' are equal

02-12-2024T07:21:13 - [MESSAGE][PASSED] - Actual object '7 500' and expected object '7 500' are equal

02-12-2024T07:21:13 - [TEST_STEP][PASSED] - dZO = "Россети Северный Кавказ (ГК)": null

02-12-2024T07:21:13 - [TEST_STEP][PASSED] - if (verifyEqual(a37, b37) == false): Actual object '888' and expected object '888' are equal

02-12-2024T07:21:13 - [MESSAGE][PASSED] - Actual object '888' and expected object '888' are equal

02-12-2024T07:21:13 - [TEST_STEP][PASSED] - dZO = "Россети Северо-Запад": null

02-12-2024T07:21:13 - [TEST_STEP][PASSED] - if (verifyEqual(a38, b38) == false): Actual object '878' and expected object '878' are equal

02-12-2024T07:21:13 - [MESSAGE][PASSED] - Actual object '878' and expected object '878' are equal

02-12-2024T07:21:13 - [TEST_STEP][PASSED] - dZO = "Россети Сибирь (ГК)": null

02-12-2024T07:21:13 - [TEST_STEP][PASSED] - if (verifyEqual(a39, b39) == false): Actual object '1 274' and expected object '1 274' are equal

02-12-2024T07:21:13 - [MESSAGE][PASSED] - Actual object '1 274' and expected object '1 274' are equal

02-12-2024T07:21:13 - [TEST_STEP][PASSED] - dZO = "Россети Томск": null

02-12-2024T07:21:13 - [TEST_STEP][PASSED] - if (verifyEqual(a310, b310) == false): Actual object '238' and expected object '238' are equal

02-12-2024T07:21:13 - [MESSAGE][PASSED] - Actual object '238' and expected object '238' are equal

02-12-2024T07:21:13 - [TEST_STEP][PASSED] - dZO = "Россети Тюмень": null

02-12-2024T07:21:13 - [TEST_STEP][PASSED] - if (verifyEqual(a311, b311) == false): Actual object '-5 106' and expected object '-5 106' are equal

02-12-2024T07:21:13 - [MESSAGE][PASSED] - Actual object '-5 106' and expected object '-5 106' are equal

02-12-2024T07:21:13 - [TEST_STEP][PASSED] - dZO = "Россети Урал (ГК)": null

02-12-2024T07:21:13 - [TEST_STEP][PASSED] - if (verifyEqual(a312, b312) == false): Actual object '1 955' and expected object '1 955' are equal

02-12-2024T07:21:13 - [MESSAGE][PASSED] - Actual object '1 955' and expected object '1 955' are equal

02-12-2024T07:21:13 - [TEST_STEP][PASSED] - dZO = "Россети ФСК ЕЭС": null

02-12-2024T07:21:13 - [TEST_STEP][PASSED] - if (verifyEqual(a313, b313) == false): Actual object '-24 344' and expected object '-24 344' are equal

02-12-2024T07:21:13 - [MESSAGE][PASSED] - Actual object '-24 344' and expected object '-24 344' are equal

02-12-2024T07:21:13 - [TEST_STEP][PASSED] - dZO = "Россети Центр": null

02-12-2024T07:21:13 - [TEST_STEP][PASSED] - if (verifyEqual(a314, b314) == false): Actual object '2 435' and expected object '2 435' are equal

02-12-2024T07:21:13 - [MESSAGE][PASSED] - Actual object '2 435' and expected object '2 435' are equal

02-12-2024T07:21:13 - [TEST_STEP][PASSED] - dZO = "Россети Центр и Приволжье (ГК)": null

02-12-2024T07:21:13 - [TEST_STEP][PASSED] - if (verifyEqual(a315, b315) == false): Actual object '4 419' and expected object '4 419' are equal

02-12-2024T07:21:13 - [MESSAGE][PASSED] - Actual object '4 419' and expected object '4 419' are equal

02-12-2024T07:21:13 - [TEST_STEP][PASSED] - dZO = "Россети Юг (ГК)": null

02-12-2024T07:21:13 - [TEST_STEP][PASSED] - if (verifyEqual(a316, b316) == false): Actual object '1 357' and expected object '1 357' are equal

02-12-2024T07:21:13 - [MESSAGE][PASSED] - Actual object '1 357' and expected object '1 357' are equal

02-12-2024T07:21:13 - [TEST_STEP][PASSED] - dZO = "Россети Янтарь": null

02-12-2024T07:21:13 - [TEST_STEP][PASSED] - if (verifyEqual(a317, b317) == false): Actual object '318' and expected object '318' are equal

02-12-2024T07:21:13 - [MESSAGE][PASSED] - Actual object '318' and expected object '318' are equal

02-12-2024T07:21:13 - [TEST_STEP][PASSED] - closeBrowser(): null

02-12-2024T07:21:13 - [MESSAGE][PASSED] - Browser is closed

02-12-2024T07:21:13 - [TEST_STEP][PASSED] - Script1710234207206.Blocks(run, vir, block, nameOfBlock, typeOfData, viruchka, vidget, todaysDate, a, b, dZO, x, y): null

02-12-2024T07:21:13 - [TEST_STEP][PASSED] - i = <not implemented yet for class: org.codehaus.groovy.ast.expr.EmptyExpression>: null

02-12-2024T07:21:13 - [TEST_STEP][PASSED] - perc = "": null

02-12-2024T07:21:13 - [TEST_STEP][PASSED] - a1 = <not implemented yet for class: org.codehaus.groovy.ast.expr.EmptyExpression>: null

02-12-2024T07:21:13 - [TEST_STEP][PASSED] - a2 = <not implemented yet for class: org.codehaus.groovy.ast.expr.EmptyExpression>: null

02-12-2024T07:21:13 - [TEST_STEP][PASSED] - a30 = <not implemented yet for class: org.codehaus.groovy.ast.expr.EmptyExpression>: null

02-12-2024T07:21:13 - [TEST_STEP][PASSED] - a31 = <not implemented yet for class: org.codehaus.groovy.ast.expr.EmptyExpression>: null

02-12-2024T07:21:13 - [TEST_STEP][PASSED] - a32 = <not implemented yet for class: org.codehaus.groovy.ast.expr.EmptyExpression>: null

02-12-2024T07:21:13 - [TEST_STEP][PASSED] - a33 = <not implemented yet for class: org.codehaus.groovy.ast.expr.EmptyExpression>: null

02-12-2024T07:21:13 - [TEST_STEP][PASSED] - a34 = <not implemented yet for class: org.codehaus.groovy.ast.expr.EmptyExpression>: null

02-12-2024T07:21:13 - [TEST_STEP][PASSED] - a35 = <not implemented yet for class: org.codehaus.groovy.ast.expr.EmptyExpression>: null

02-12-2024T07:21:13 - [TEST_STEP][PASSED] - a36 = <not implemented yet for class: org.codehaus.groovy.ast.expr.EmptyExpression>: null

02-12-2024T07:21:13 - [TEST_STEP][PASSED] - a37 = <not implemented yet for class: org.codehaus.groovy.ast.expr.EmptyExpression>: null

02-12-2024T07:21:13 - [TEST_STEP][PASSED] - a38 = <not implemented yet for class: org.codehaus.groovy.ast.expr.EmptyExpression>: null

02-12-2024T07:21:13 - [TEST_STEP][PASSED] - a39 = <not implemented yet for class: org.codehaus.groovy.ast.expr.EmptyExpression>: null

02-12-2024T07:21:13 - [TEST_STEP][PASSED] - a310 = <not implemented yet for class: org.codehaus.groovy.ast.expr.EmptyExpression>: null

02-12-2024T07:21:13 - [TEST_STEP][PASSED] - a311 = <not implemented yet for class: org.codehaus.groovy.ast.expr.EmptyExpression>: null

02-12-2024T07:21:13 - [TEST_STEP][PASSED] - a312 = <not implemented yet for class: org.codehaus.groovy.ast.expr.EmptyExpression>: null

02-12-2024T07:21:13 - [TEST_STEP][PASSED] - a313 = <not implemented yet for class: org.codehaus.groovy.ast.expr.EmptyExpression>: null

02-12-2024T07:21:13 - [TEST_STEP][PASSED] - a314 = <not implemented yet for class: org.codehaus.groovy.ast.expr.EmptyExpression>: null

02-12-2024T07:21:13 - [TEST_STEP][PASSED] - a315 = <not implemented yet for class: org.codehaus.groovy.ast.expr.EmptyExpression>: null

02-12-2024T07:21:13 - [TEST_STEP][PASSED] - a316 = <not implemented yet for class: org.codehaus.groovy.ast.expr.EmptyExpression>: null

02-12-2024T07:21:13 - [TEST_STEP][PASSED] - a317 = <not implemented yet for class: org.codehaus.groovy.ast.expr.EmptyExpression>: null

02-12-2024T07:21:13 - [TEST_STEP][PASSED] - b1 = <not implemented yet for class: org.codehaus.groovy.ast.expr.EmptyExpression>: null

02-12-2024T07:21:13 - [TEST_STEP][PASSED] - b2 = <not implemented yet for class: org.codehaus.groovy.ast.expr.EmptyExpression>: null

02-12-2024T07:21:13 - [TEST_STEP][PASSED] - b30 = <not implemented yet for class: org.codehaus.groovy.ast.expr.EmptyExpression>: null

02-12-2024T07:21:13 - [TEST_STEP][PASSED] - b31 = <not implemented yet for class: org.codehaus.groovy.ast.expr.EmptyExpression>: null

02-12-2024T07:21:13 - [TEST_STEP][PASSED] - b32 = <not implemented yet for class: org.codehaus.groovy.ast.expr.EmptyExpression>: null

02-12-2024T07:21:13 - [TEST_STEP][PASSED] - b33 = <not implemented yet for class: org.codehaus.groovy.ast.expr.EmptyExpression>: null

02-12-2024T07:21:13 - [TEST_STEP][PASSED] - b34 = <not implemented yet for class: org.codehaus.groovy.ast.expr.EmptyExpression>: null

02-12-2024T07:21:13 - [TEST_STEP][PASSED] - b35 = <not implemented yet for class: org.codehaus.groovy.ast.expr.EmptyExpression>: null

02-12-2024T07:21:13 - [TEST_STEP][PASSED] - b36 = <not implemented yet for class: org.codehaus.groovy.ast.expr.EmptyExpression>: null

02-12-2024T07:21:13 - [TEST_STEP][PASSED] - b37 = <not implemented yet for class: org.codehaus.groovy.ast.expr.EmptyExpression>: null

02-12-2024T07:21:13 - [TEST_STEP][PASSED] - b38 = <not implemented yet for class: org.codehaus.groovy.ast.expr.EmptyExpression>: null

02-12-2024T07:21:13 - [TEST_STEP][PASSED] - b39 = <not implemented yet for class: org.codehaus.groovy.ast.expr.EmptyExpression>: null

02-12-2024T07:21:13 - [TEST_STEP][PASSED] - b310 = <not implemented yet for class: org.codehaus.groovy.ast.expr.EmptyExpression>: null

02-12-2024T07:21:13 - [TEST_STEP][PASSED] - b311 = <not implemented yet for class: org.codehaus.groovy.ast.expr.EmptyExpression>: null

02-12-2024T07:21:13 - [TEST_STEP][PASSED] - b312 = <not implemented yet for class: org.codehaus.groovy.ast.expr.EmptyExpression>: null

02-12-2024T07:21:13 - [TEST_STEP][PASSED] - b313 = <not implemented yet for class: org.codehaus.groovy.ast.expr.EmptyExpression>: null

02-12-2024T07:21:13 - [TEST_STEP][PASSED] - b314 = <not implemented yet for class: org.codehaus.groovy.ast.expr.EmptyExpression>: null

02-12-2024T07:21:13 - [TEST_STEP][PASSED] - b315 = <not implemented yet for class: org.codehaus.groovy.ast.expr.EmptyExpression>: null

02-12-2024T07:21:13 - [TEST_STEP][PASSED] - b316 = <not implemented yet for class: org.codehaus.groovy.ast.expr.EmptyExpression>: null

02-12-2024T07:21:13 - [TEST_STEP][PASSED] - b317 = <not implemented yet for class: org.codehaus.groovy.ast.expr.EmptyExpression>: null

02-12-2024T07:21:13 - [TEST_STEP][PASSED] - block = 1: null

02-12-2024T07:21:13 - [TEST_STEP][PASSED] - nameOfBlock = "": null

02-12-2024T07:21:13 - [TEST_STEP][PASSED] - Script1710234207206.PreSettings(run, vir, block, nameOfBlock, typeOfData, todaysDate): null

02-12-2024T07:21:13 - [TEST_STEP][PASSED] - openBrowser(""): Browser is opened with url: ''

02-12-2024T07:21:13 - [MESSAGE][INFO] - Starting 'Chrome' driver

02-12-2024T07:21:13 - [MESSAGE][INFO] - Action delay is set to 0 milliseconds

02-12-2024T07:21:14 - [MESSAGE][PASSED] - Browser is opened with url: ''

02-12-2024T07:21:14 - [TEST_STEP][PASSED] - refresh(): Refresh successfully

02-12-2024T07:21:14 - [MESSAGE][PASSED] - Refresh successfully

02-12-2024T07:21:14 - [TEST_STEP][PASSED] - delay(50): Delayed 50 second(s)

02-12-2024T07:22:04 - [MESSAGE][PASSED] - Delayed 50 second(s)

02-12-2024T07:22:04 - [TEST_STEP][PASSED] - println("run:" + run): null

02-12-2024T07:22:04 - [TEST_STEP][PASSED] - println("vir:" + vir): null

02-12-2024T07:22:04 - [TEST_STEP][PASSED] - println("block:" + block): null

02-12-2024T07:22:04 - [TEST_STEP][PASSED] - if (block == 1): null

02-12-2024T07:22:04 - [TEST_STEP][PASSED] - nameOfBlock = "": null

02-12-2024T07:22:04 - [TEST_STEP][PASSED] - println("nameOfBlock:" + nameOfBlock): null

02-12-2024T07:22:04 - [TEST_STEP][PASSED] - println("typeOfData:" + typeOfData): null

02-12-2024T07:22:04 - [TEST_STEP][PASSED] - println("todaysDate:" + todaysDate): null

02-12-2024T07:22:04 - [TEST_STEP][PASSED] - Script1710234207206.Autorization(block, nameOfBlock): null

02-12-2024T07:22:04 - [TEST_STEP][PASSED] - i = <not implemented yet for class: org.codehaus.groovy.ast.expr.EmptyExpression>: null

02-12-2024T07:22:04 - [TEST_STEP][PASSED] - ii = <not implemented yet for class: org.codehaus.groovy.ast.expr.EmptyExpression>: null

02-12-2024T07:22:04 - [TEST_STEP][PASSED] - urlData = <not implemented yet for class: org.codehaus.groovy.ast.expr.EmptyExpression>: null

02-12-2024T07:22:04 - [TEST_STEP][PASSED] - searchWord = <not implemented yet for class: org.codehaus.groovy.ast.expr.EmptyExpression>: null

02-12-2024T07:22:04 - [TEST_STEP][PASSED] - urlText = <not implemented yet for class: org.codehaus.groovy.ast.expr.EmptyExpression>: null

02-12-2024T07:22:04 - [TEST_STEP][PASSED] - println("block:" + block): null

02-12-2024T07:22:04 - [TEST_STEP][PASSED] - if (block == 1): null

02-12-2024T07:22:04 - [TEST_STEP][PASSED] - nameOfBlock = "": null

02-12-2024T07:22:04 - [TEST_STEP][PASSED] - println("nameOfBlock:" + nameOfBlock): null

02-12-2024T07:22:04 - [TEST_STEP][PASSED] - if (block == 1): Delayed 45 second(s)

02-12-2024T07:22:04 - [TEST_STEP][PASSED] - urlData = 2: null

02-12-2024T07:22:04 - [TEST_STEP][PASSED] - delay(45): Delayed 45 second(s)

02-12-2024T07:22:49 - [MESSAGE][PASSED] - Delayed 45 second(s)

02-12-2024T07:22:49 - [TEST_STEP][PASSED] - navigateToUrl(findTestData("PlanFact").getValue(10, urlData)): Navigate to 'https://bi.rosseti.digital/viewer?dashboardGuid=2301950b23be4ed89c1df75f2020051e&sheetGuid=b723206f698544fb87299f3095c00435&fit=true' successfully

02-12-2024T07:22:56 - [MESSAGE][PASSED] - Navigate to 'https://bi.rosseti.digital/viewer?dashboardGuid=2301950b23be4ed89c1df75f2020051e&sheetGuid=b723206f698544fb87299f3095c00435&fit=true' successfully

02-12-2024T07:22:56 - [TEST_STEP][PASSED] - urlText = getText(findTestObject("Страница авторизации/Text")): Text of object 'Object Repository/Страница авторизации/Text' is: 'Вход'

02-12-2024T07:22:58 - [MESSAGE][PASSED] - Text of object 'Object Repository/Страница авторизации/Text' is: 'Вход'

02-12-2024T07:22:58 - [TEST_STEP][PASSED] - searchWord = "Вход": null

02-12-2024T07:22:58 - [TEST_STEP][PASSED] - if (urlText == null || urlText.contains("ошибка") || urlText.contains(searchWord) == false): null

02-12-2024T07:22:58 - [TEST_STEP][PASSED] - if (verifyElementPresent(findTestObject("Страница авторизации/button_"), 30) == true): null

02-12-2024T07:22:59 - [MESSAGE][PASSED] - Object 'Object Repository/Страница авторизации/button_' is present

02-12-2024T07:22:59 - [TEST_STEP][PASSED] - setText(findTestObject("Страница авторизации/input__username"), findTestData("PlanFact").getValue(8, 1)): Text 'liazgina-di' is set on object 'Object Repository/Страница авторизации/input__username'

02-12-2024T07:22:59 - [MESSAGE][PASSED] - Text 'liazgina-di' is set on object 'Object Repository/Страница авторизации/input__username'

02-12-2024T07:22:59 - [TEST_STEP][PASSED] - setText(findTestObject("Страница авторизации/input__password"), findTestData("PlanFact").getValue(9, 1)): Text ')$%5srZ8o688Dm#q' is set on object 'Object Repository/Страница авторизации/input__password'

02-12-2024T07:23:00 - [MESSAGE][PASSED] - Text ')$%5srZ8o688Dm#q' is set on object 'Object Repository/Страница авторизации/input__password'

02-12-2024T07:23:00 - [TEST_STEP][PASSED] - click(findTestObject("Страница авторизации/button_")): Object: 'Object Repository/Страница авторизации/button_' is clicked on

02-12-2024T07:23:03 - [MESSAGE][PASSED] - Object: 'Object Repository/Страница авторизации/button_' is clicked on

02-12-2024T07:23:03 - [TEST_STEP][PASSED] - delay(45): Delayed 45 second(s)

02-12-2024T07:23:48 - [MESSAGE][PASSED] - Delayed 45 second(s)

02-12-2024T07:23:48 - [TEST_STEP][PASSED] - urlText = getText(findTestObject("Страница авторизации/Text")): Text of object 'Object Repository/Страница авторизации/Text' is: 'Период
1, 2, 3 кв., Октябрь 2024 года
Выручка
Все
Выполнение плановых показателей по ПАО Россети за 1, 2, 3 кв., Октябрь 2024 года
План
Факт
Динамика
2024 год
0 млн.руб.
100 000 млн.руб.
200 000 млн.руб.
300 000 млн.руб.
400 000 млн.руб.
500 000 млн.руб.
600 000 млн.руб.
700 000 млн.руб.
800 000 млн.руб.
900 000 млн.руб.
1 000 000 млн.руб.
1 100 000 млн.руб.
1 200 000 млн.руб.
1 300 000 млн.руб.
1 400 000 млн.руб.
1 180 677
1 181 459
↑
ДЗО 
Все
Внутренний оборот - выручка за услуги по передаче электрической энергии, учтенная в выручке за электроэнергию для конечных потребителей, при выполнении ДЗО функций гарантирующего поставщика
Подписи данных
⬤Отклонение
АО «Тываэнерго»
АО «Чеченэнерго»
Россети Волга
Россети Кубань
Россети Ленэнерго (ГК)
Россети Московский регион
Россети Северный Кавказ (ГК)
Россети Северо-Запад
Россети Сибирь (ГК)
Россети Томск
Россети Тюмень
Россети Урал (ГК)
Россети ФСК ЕЭС
Россети Центр
Россети Центр и Приволжье (ГК)
Россети Юг (ГК)
Россети Янтарь
-25 000млн.руб.
-20 000млн.руб.
-15 000млн.руб.
-10 000млн.руб.
-5 000млн.руб.
0млн.руб.
5 000млн.руб.
10 …
-30 000млн.руб.
300
101
156
3 953
4 462
7 500
888
878
1 274
238
-5 106
1 955
-24 344
2 435
4 419
1 357
318
млн.
%
Выручка
Отклонение выручки по ПАО Россети за 1, 2, 3 кв., Октябрь 2024 года (факт/план, млн. руб)
ПАО Россети
782.4 млн.руб.
 '

02-12-2024T07:23:48 - [MESSAGE][PASSED] - Text of object 'Object Repository/Страница авторизации/Text' is: 'Период
1, 2, 3 кв., Октябрь 2024 года
Выручка
Все
Выполнение плановых показателей по ПАО Россети за 1, 2, 3 кв., Октябрь 2024 года
План
Факт
Динамика
2024 год
0 млн.руб.
100 000 млн.руб.
200 000 млн.руб.
300 000 млн.руб.
400 000 млн.руб.
500 000 млн.руб.
600 000 млн.руб.
700 000 млн.руб.
800 000 млн.руб.
900 000 млн.руб.
1 000 000 млн.руб.
1 100 000 млн.руб.
1 200 000 млн.руб.
1 300 000 млн.руб.
1 400 000 млн.руб.
1 180 677
1 181 459
↑
ДЗО 
Все
Внутренний оборот - выручка за услуги по передаче электрической энергии, учтенная в выручке за электроэнергию для конечных потребителей, при выполнении ДЗО функций гарантирующего поставщика
Подписи данных
⬤Отклонение
АО «Тываэнерго»
АО «Чеченэнерго»
Россети Волга
Россети Кубань
Россети Ленэнерго (ГК)
Россети Московский регион
Россети Северный Кавказ (ГК)
Россети Северо-Запад
Россети Сибирь (ГК)
Россети Томск
Россети Тюмень
Россети Урал (ГК)
Россети ФСК ЕЭС
Россети Центр
Россети Центр и Приволжье (ГК)
Россети Юг (ГК)
Россети Янтарь
-25 000млн.руб.
-20 000млн.руб.
-15 000млн.руб.
-10 000млн.руб.
-5 000млн.руб.
0млн.руб.
5 000млн.руб.
10 …
-30 000млн.руб.
300
101
156
3 953
4 462
7 500
888
878
1 274
238
-5 106
1 955
-24 344
2 435
4 419
1 357
318
млн.
%
Выручка
Отклонение выручки по ПАО Россети за 1, 2, 3 кв., Октябрь 2024 года (факт/план, млн. руб)
ПАО Россети
782.4 млн.руб.
 '

02-12-2024T07:23:48 - [TEST_STEP][PASSED] - searchWord = "а": null

02-12-2024T07:23:48 - [TEST_STEP][PASSED] - if (urlText.contains("ошибка") || urlText.contains(searchWord) == false): null

02-12-2024T07:23:48 - [TEST_STEP][PASSED] - delay(45): Delayed 45 second(s)

02-12-2024T07:24:33 - [MESSAGE][PASSED] - Delayed 45 second(s)

02-12-2024T07:24:33 - [TEST_STEP][PASSED] - if (block == 2): null

02-12-2024T07:24:33 - [TEST_STEP][PASSED] - click(findTestObject("Выручка в рублях/Фильтр Период" + nameOfBlock)): Object: 'Object Repository/Выручка в рублях/Фильтр Период' is clicked on

02-12-2024T07:24:34 - [MESSAGE][PASSED] - Object: 'Object Repository/Выручка в рублях/Фильтр Период' is clicked on

02-12-2024T07:24:34 - [TEST_STEP][PASSED] - click(findTestObject("Выручка в рублях/Снять выделение в фильтре Дата" + nameOfBlock)): Object: 'Object Repository/Выручка в рублях/Снять выделение в фильтре Дата' is clicked on

02-12-2024T07:24:34 - [MESSAGE][PASSED] - Object: 'Object Repository/Выручка в рублях/Снять выделение в фильтре Дата' is clicked on

02-12-2024T07:24:34 - [TEST_STEP][PASSED] - click(findTestObject("Выручка в рублях/Применить в фильтре Дата" + nameOfBlock)): Object: 'Object Repository/Выручка в рублях/Применить в фильтре Дата' is clicked on

02-12-2024T07:24:35 - [MESSAGE][PASSED] - Object: 'Object Repository/Выручка в рублях/Применить в фильтре Дата' is clicked on

02-12-2024T07:24:35 - [TEST_STEP][PASSED] - delay(50): Delayed 50 second(s)

02-12-2024T07:25:25 - [MESSAGE][PASSED] - Delayed 50 second(s)

02-12-2024T07:25:25 - [TEST_STEP][PASSED] - click(findTestObject("Выручка в рублях/Фильтр Период" + nameOfBlock)): Object: 'Object Repository/Выручка в рублях/Фильтр Период' is clicked on

02-12-2024T07:25:25 - [MESSAGE][PASSED] - Object: 'Object Repository/Выручка в рублях/Фильтр Период' is clicked on

02-12-2024T07:25:25 - [TEST_STEP][PASSED] - click(findTestObject("Выручка в рублях/Снять выделение в фильтре Дата" + nameOfBlock)): Object: 'Object Repository/Выручка в рублях/Снять выделение в фильтре Дата' is clicked on

02-12-2024T07:25:26 - [MESSAGE][PASSED] - Object: 'Object Repository/Выручка в рублях/Снять выделение в фильтре Дата' is clicked on

02-12-2024T07:25:26 - [TEST_STEP][PASSED] - scrollToElement(findTestObject("Выручка в рублях/2024 список" + nameOfBlock), 30): Scroll to object 'Object Repository/Выручка в рублях/2024 список' successfully

02-12-2024T07:25:26 - [MESSAGE][PASSED] - Scroll to object 'Object Repository/Выручка в рублях/2024 список' successfully

02-12-2024T07:25:26 - [TEST_STEP][PASSED] - click(findTestObject("Выручка в рублях/2024 список" + nameOfBlock)): Object: 'Object Repository/Выручка в рублях/2024 список' is clicked on

02-12-2024T07:25:26 - [MESSAGE][PASSED] - Object: 'Object Repository/Выручка в рублях/2024 список' is clicked on

02-12-2024T07:25:26 - [TEST_STEP][PASSED] - scrollToElement(findTestObject("Выручка в рублях/1 квартал 2024 выбрать" + nameOfBlock), 30): Scroll to object 'Object Repository/Выручка в рублях/1 квартал 2024 выбрать' successfully

02-12-2024T07:25:27 - [MESSAGE][PASSED] - Scroll to object 'Object Repository/Выручка в рублях/1 квартал 2024 выбрать' successfully

02-12-2024T07:25:27 - [TEST_STEP][PASSED] - click(findTestObject("Выручка в рублях/1 квартал 2024 выбрать" + nameOfBlock)): Object: 'Object Repository/Выручка в рублях/1 квартал 2024 выбрать' is clicked on

02-12-2024T07:25:27 - [MESSAGE][PASSED] - Object: 'Object Repository/Выручка в рублях/1 квартал 2024 выбрать' is clicked on

02-12-2024T07:25:27 - [TEST_STEP][PASSED] - scrollToElement(findTestObject("Выручка в рублях/2 квартал 2024 выбрать" + nameOfBlock), 30): Scroll to object 'Object Repository/Выручка в рублях/2 квартал 2024 выбрать' successfully

02-12-2024T07:25:28 - [MESSAGE][PASSED] - Scroll to object 'Object Repository/Выручка в рублях/2 квартал 2024 выбрать' successfully

02-12-2024T07:25:28 - [TEST_STEP][PASSED] - click(findTestObject("Выручка в рублях/2 квартал 2024 выбрать" + nameOfBlock)): Object: 'Object Repository/Выручка в рублях/2 квартал 2024 выбрать' is clicked on

02-12-2024T07:25:28 - [MESSAGE][PASSED] - Object: 'Object Repository/Выручка в рублях/2 квартал 2024 выбрать' is clicked on

02-12-2024T07:25:28 - [TEST_STEP][PASSED] - scrollToElement(findTestObject("Выручка в рублях/3 квартал 2024 список" + nameOfBlock), 30): Scroll to object 'Object Repository/Выручка в рублях/3 квартал 2024 список' successfully

02-12-2024T07:25:29 - [MESSAGE][PASSED] - Scroll to object 'Object Repository/Выручка в рублях/3 квартал 2024 список' successfully

02-12-2024T07:25:29 - [TEST_STEP][PASSED] - click(findTestObject("Выручка в рублях/3 квартал 2024" + nameOfBlock)): Object: 'Object Repository/Выручка в рублях/3 квартал 2024' is clicked on

02-12-2024T07:25:29 - [MESSAGE][PASSED] - Object: 'Object Repository/Выручка в рублях/3 квартал 2024' is clicked on

02-12-2024T07:25:29 - [TEST_STEP][PASSED] - scrollToElement(findTestObject("Выручка в рублях/4 квартал 2024 список" + nameOfBlock), 30): Scroll to object 'Object Repository/Выручка в рублях/4 квартал 2024 список' successfully

02-12-2024T07:25:29 - [MESSAGE][PASSED] - Scroll to object 'Object Repository/Выручка в рублях/4 квартал 2024 список' successfully

02-12-2024T07:25:29 - [TEST_STEP][PASSED] - click(findTestObject("Выручка в рублях/4 квартал 2024 список" + nameOfBlock)): Object: 'Object Repository/Выручка в рублях/4 квартал 2024 список' is clicked on

02-12-2024T07:25:30 - [MESSAGE][PASSED] - Object: 'Object Repository/Выручка в рублях/4 квартал 2024 список' is clicked on

02-12-2024T07:25:30 - [TEST_STEP][PASSED] - scrollToElement(findTestObject("Выручка в рублях/Октябрь 2024" + nameOfBlock), 30): Scroll to object 'Object Repository/Выручка в рублях/Октябрь 2024' successfully

02-12-2024T07:25:30 - [MESSAGE][PASSED] - Scroll to object 'Object Repository/Выручка в рублях/Октябрь 2024' successfully

02-12-2024T07:25:30 - [TEST_STEP][PASSED] - click(findTestObject("Выручка в рублях/Октябрь 2024" + nameOfBlock)): Object: 'Object Repository/Выручка в рублях/Октябрь 2024' is clicked on

02-12-2024T07:25:30 - [MESSAGE][PASSED] - Object: 'Object Repository/Выручка в рублях/Октябрь 2024' is clicked on

02-12-2024T07:25:30 - [TEST_STEP][PASSED] - scrollToElement(findTestObject("Выручка в рублях/Заголовок дашборда" + nameOfBlock), 30): Scroll to object 'Object Repository/Выручка в рублях/Заголовок дашборда' successfully

02-12-2024T07:25:31 - [MESSAGE][PASSED] - Scroll to object 'Object Repository/Выручка в рублях/Заголовок дашборда' successfully

02-12-2024T07:25:31 - [TEST_STEP][PASSED] - click(findTestObject("Выручка в рублях/Применить в фильтре Дата" + nameOfBlock)): Object: 'Object Repository/Выручка в рублях/Применить в фильтре Дата' is clicked on

02-12-2024T07:25:31 - [MESSAGE][PASSED] - Object: 'Object Repository/Выручка в рублях/Применить в фильтре Дата' is clicked on

02-12-2024T07:25:31 - [TEST_STEP][PASSED] - delay(55): Delayed 55 second(s)

02-12-2024T07:26:26 - [MESSAGE][PASSED] - Delayed 55 second(s)

02-12-2024T07:26:26 - [TEST_STEP][PASSED] - click(findTestObject("Выручка в рублях/Фильтр ДЗО" + nameOfBlock)): Object: 'Object Repository/Выручка в рублях/Фильтр ДЗО' is clicked on

02-12-2024T07:26:27 - [MESSAGE][PASSED] - Object: 'Object Repository/Выручка в рублях/Фильтр ДЗО' is clicked on

02-12-2024T07:26:27 - [TEST_STEP][PASSED] - click(findTestObject("Выручка в рублях/Снять выделение в фильтре ДЗО" + nameOfBlock)): Object: 'Object Repository/Выручка в рублях/Снять выделение в фильтре ДЗО' is clicked on

02-12-2024T07:26:27 - [MESSAGE][PASSED] - Object: 'Object Repository/Выручка в рублях/Снять выделение в фильтре ДЗО' is clicked on

02-12-2024T07:26:27 - [TEST_STEP][PASSED] - click(findTestObject("Выручка в рублях/Применить в фильтре ДЗО" + nameOfBlock)): Object: 'Object Repository/Выручка в рублях/Применить в фильтре ДЗО' is clicked on

02-12-2024T07:26:28 - [MESSAGE][PASSED] - Object: 'Object Repository/Выручка в рублях/Применить в фильтре ДЗО' is clicked on

02-12-2024T07:26:28 - [TEST_STEP][PASSED] - delay(50): Delayed 50 second(s)

02-12-2024T07:27:18 - [MESSAGE][PASSED] - Delayed 50 second(s)

02-12-2024T07:27:18 - [TEST_STEP][PASSED] - Script1710234207206.Tumbler(run, vir, block, nameOfBlock): null

02-12-2024T07:27:18 - [TEST_STEP][PASSED] - println("run:" + run): null

02-12-2024T07:27:18 - [TEST_STEP][PASSED] - println("vir:" + vir): null

02-12-2024T07:27:18 - [TEST_STEP][PASSED] - println("block:" + block): null

02-12-2024T07:27:18 - [TEST_STEP][PASSED] - println("nameOfBlock:" + nameOfBlock): null

02-12-2024T07:27:18 - [TEST_STEP][PASSED] - if (vir == 1): null

02-12-2024T07:27:18 - [TEST_STEP][PASSED] - else if (vir == 2): Object: 'Object Repository/Выручка в рублях/Применить в фильтре Выручка' is clicked on

02-12-2024T07:27:18 - [TEST_STEP][PASSED] - if (run == 2): null

02-12-2024T07:27:18 - [TEST_STEP][PASSED] - click(findTestObject("Выручка в рублях/Фильтр Выручка" + nameOfBlock)): Object: 'Object Repository/Выручка в рублях/Фильтр Выручка' is clicked on

02-12-2024T07:27:18 - [MESSAGE][PASSED] - Object: 'Object Repository/Выручка в рублях/Фильтр Выручка' is clicked on

02-12-2024T07:27:18 - [TEST_STEP][PASSED] - click(findTestObject("Выручка в рублях/Итого в фильтре Выручка" + nameOfBlock)): Object: 'Object Repository/Выручка в рублях/Итого в фильтре Выручка' is clicked on

02-12-2024T07:27:19 - [MESSAGE][PASSED] - Object: 'Object Repository/Выручка в рублях/Итого в фильтре Выручка' is clicked on

02-12-2024T07:27:19 - [TEST_STEP][PASSED] - click(findTestObject("Выручка в рублях/Применить в фильтре Выручка" + nameOfBlock)): Object: 'Object Repository/Выручка в рублях/Применить в фильтре Выручка' is clicked on

02-12-2024T07:27:20 - [MESSAGE][PASSED] - Object: 'Object Repository/Выручка в рублях/Применить в фильтре Выручка' is clicked on

02-12-2024T07:27:20 - [TEST_STEP][PASSED] - click(findTestObject("Выручка в рублях/Фильтр ДЗО" + nameOfBlock)): Object: 'Object Repository/Выручка в рублях/Фильтр ДЗО' is clicked on

02-12-2024T07:27:23 - [MESSAGE][PASSED] - Object: 'Object Repository/Выручка в рублях/Фильтр ДЗО' is clicked on

02-12-2024T07:27:23 - [TEST_STEP][PASSED] - Script1710234207206.Rosseti(nameOfBlock): null

02-12-2024T07:27:23 - [TEST_STEP][PASSED] - println("nameOfBlock:" + nameOfBlock): null

02-12-2024T07:27:23 - [TEST_STEP][PASSED] - click(findTestObject("Выручка в рублях/ПАО Россети" + nameOfBlock)): Object: 'Object Repository/Выручка в рублях/ПАО Россети' is clicked on

02-12-2024T07:27:23 - [MESSAGE][PASSED] - Object: 'Object Repository/Выручка в рублях/ПАО Россети' is clicked on

02-12-2024T07:27:23 - [TEST_STEP][PASSED] - click(findTestObject("Выручка в рублях/Применить в фильтре ДЗО" + nameOfBlock)): Object: 'Object Repository/Выручка в рублях/Применить в фильтре ДЗО' is clicked on

02-12-2024T07:27:24 - [MESSAGE][PASSED] - Object: 'Object Repository/Выручка в рублях/Применить в фильтре ДЗО' is clicked on

02-12-2024T07:27:24 - [TEST_STEP][PASSED] - if (run == 2): null

02-12-2024T07:27:24 - [TEST_STEP][PASSED] - if (vir == 1 || vir == 2): Text of object 'Object Repository/Выручка в рублях/График План' is: '1 160 716'

02-12-2024T07:27:24 - [TEST_STEP][PASSED] - a1 = getText(findTestObject("Выручка в рублях/График План")): Text of object 'Object Repository/Выручка в рублях/График План' is: '1 160 716'

02-12-2024T07:27:26 - [MESSAGE][PASSED] - Text of object 'Object Repository/Выручка в рублях/График План' is: '1 160 716'

02-12-2024T07:27:26 - [TEST_STEP][PASSED] - if (vir == 1 || vir == 2): Text of object 'Object Repository/Выручка в рублях/График Факт' is: '1 160 805'

02-12-2024T07:27:26 - [TEST_STEP][PASSED] - a2 = getText(findTestObject("Выручка в рублях/График Факт")): Text of object 'Object Repository/Выручка в рублях/График Факт' is: '1 160 805'

02-12-2024T07:27:26 - [MESSAGE][PASSED] - Text of object 'Object Repository/Выручка в рублях/График Факт' is: '1 160 805'

02-12-2024T07:27:26 - [TEST_STEP][PASSED] - a30 = getText(findTestObject("Выручка в рублях/span1" + perc)): Text of object 'Object Repository/Выручка в рублях/span1' is: '89.8 млн.руб.'

02-12-2024T07:27:27 - [MESSAGE][PASSED] - Text of object 'Object Repository/Выручка в рублях/span1' is: '89.8 млн.руб.'

02-12-2024T07:27:27 - [TEST_STEP][PASSED] - i = a30.indexOf("млн.руб."): null

02-12-2024T07:27:27 - [TEST_STEP][PASSED] - if (i > -1): null

02-12-2024T07:27:27 - [TEST_STEP][PASSED] - a30 = a30.substring(0, i): null

02-12-2024T07:27:27 - [TEST_STEP][PASSED] - a30 = a30.replaceAll(" ", ""): null

02-12-2024T07:27:27 - [TEST_STEP][PASSED] - if (a30.contains("%")): null

02-12-2024T07:27:27 - [TEST_STEP][PASSED] - a30 = ").trim(): null

02-12-2024T07:27:27 - [TEST_STEP][PASSED] - println("a30: " + a30): null

02-12-2024T07:27:27 - [TEST_STEP][PASSED] - if (vir == 1 || vir == 2): Text of object 'Object Repository/Выручка в рублях/span2' is: '383'

02-12-2024T07:27:27 - [TEST_STEP][PASSED] - a31 = ").trim(): Text of object 'Object Repository/Выручка в рублях/span2' is: '383'

02-12-2024T07:27:27 - [MESSAGE][PASSED] - Text of object 'Object Repository/Выручка в рублях/span2' is: '383'

02-12-2024T07:27:27 - [TEST_STEP][PASSED] - if (vir == 1 || vir == 2): Text of object 'Object Repository/Выручка в рублях/span3' is: '-12'

02-12-2024T07:27:27 - [TEST_STEP][PASSED] - a32 = ").trim(): Text of object 'Object Repository/Выручка в рублях/span3' is: '-12'

02-12-2024T07:27:27 - [MESSAGE][PASSED] - Text of object 'Object Repository/Выручка в рублях/span3' is: '-12'

02-12-2024T07:27:27 - [TEST_STEP][PASSED] - if (vir == 1 || vir == 2): Text of object 'Object Repository/Выручка в рублях/span8' is: '263'

02-12-2024T07:27:27 - [TEST_STEP][PASSED] - a33 = ").trim(): Text of object 'Object Repository/Выручка в рублях/span4' is: '156'

02-12-2024T07:27:28 - [MESSAGE][PASSED] - Text of object 'Object Repository/Выручка в рублях/span4' is: '156'

02-12-2024T07:27:28 - [TEST_STEP][PASSED] - a34 = ").trim(): Text of object 'Object Repository/Выручка в рублях/span5' is: '3 953'

02-12-2024T07:27:28 - [MESSAGE][PASSED] - Text of object 'Object Repository/Выручка в рублях/span5' is: '3 953'

02-12-2024T07:27:28 - [TEST_STEP][PASSED] - a35 = ").trim(): Text of object 'Object Repository/Выручка в рублях/span6' is: '4 462'

02-12-2024T07:27:28 - [MESSAGE][PASSED] - Text of object 'Object Repository/Выручка в рублях/span6' is: '4 462'

02-12-2024T07:27:28 - [TEST_STEP][PASSED] - a36 = ").trim(): Text of object 'Object Repository/Выручка в рублях/span7' is: '7 500'

02-12-2024T07:27:28 - [MESSAGE][PASSED] - Text of object 'Object Repository/Выручка в рублях/span7' is: '7 500'

02-12-2024T07:27:28 - [TEST_STEP][PASSED] - a37 = ").trim(): Text of object 'Object Repository/Выручка в рублях/span8' is: '263'

02-12-2024T07:27:29 - [MESSAGE][PASSED] - Text of object 'Object Repository/Выручка в рублях/span8' is: '263'

02-12-2024T07:27:29 - [TEST_STEP][PASSED] - if (vir == 1 || vir == 2): Text of object 'Object Repository/Выручка в рублях/span17' is: '1 319'

02-12-2024T07:27:29 - [TEST_STEP][PASSED] - a38 = ").trim(): Text of object 'Object Repository/Выручка в рублях/span9' is: '878'

02-12-2024T07:27:29 - [MESSAGE][PASSED] - Text of object 'Object Repository/Выручка в рублях/span9' is: '878'

02-12-2024T07:27:29 - [TEST_STEP][PASSED] - a39 = ").trim(): Text of object 'Object Repository/Выручка в рублях/span10' is: '1 274'

02-12-2024T07:27:29 - [MESSAGE][PASSED] - Text of object 'Object Repository/Выручка в рублях/span10' is: '1 274'

02-12-2024T07:27:29 - [TEST_STEP][PASSED] - a310 = ").trim(): Text of object 'Object Repository/Выручка в рублях/span11' is: '238'

02-12-2024T07:27:30 - [MESSAGE][PASSED] - Text of object 'Object Repository/Выручка в рублях/span11' is: '238'

02-12-2024T07:27:30 - [TEST_STEP][PASSED] - a311 = ").trim(): Text of object 'Object Repository/Выручка в рублях/span12' is: '-5 106'

02-12-2024T07:27:30 - [MESSAGE][PASSED] - Text of object 'Object Repository/Выручка в рублях/span12' is: '-5 106'

02-12-2024T07:27:30 - [TEST_STEP][PASSED] - a312 = ").trim(): Text of object 'Object Repository/Выручка в рублях/span13' is: '1 955'

02-12-2024T07:27:30 - [MESSAGE][PASSED] - Text of object 'Object Repository/Выручка в рублях/span13' is: '1 955'

02-12-2024T07:27:30 - [TEST_STEP][PASSED] - a313 = ").trim(): Text of object 'Object Repository/Выручка в рублях/span14' is: '-24 344'

02-12-2024T07:27:30 - [MESSAGE][PASSED] - Text of object 'Object Repository/Выручка в рублях/span14' is: '-24 344'

02-12-2024T07:27:30 - [TEST_STEP][PASSED] - a314 = ").trim(): Text of object 'Object Repository/Выручка в рублях/span15' is: '2 435'

02-12-2024T07:27:31 - [MESSAGE][PASSED] - Text of object 'Object Repository/Выручка в рублях/span15' is: '2 435'

02-12-2024T07:27:31 - [TEST_STEP][PASSED] - a315 = ").trim(): Text of object 'Object Repository/Выручка в рублях/span16' is: '4 419'

02-12-2024T07:27:31 - [MESSAGE][PASSED] - Text of object 'Object Repository/Выручка в рублях/span16' is: '4 419'

02-12-2024T07:27:31 - [TEST_STEP][PASSED] - a316 = ").trim(): Text of object 'Object Repository/Выручка в рублях/span17' is: '1 319'

02-12-2024T07:27:31 - [MESSAGE][PASSED] - Text of object 'Object Repository/Выручка в рублях/span17' is: '1 319'

02-12-2024T07:27:31 - [TEST_STEP][PASSED] - if (vir == 1 || vir == 2): Text of object 'Object Repository/Выручка в рублях/span18' is: '318'

02-12-2024T07:27:31 - [TEST_STEP][PASSED] - a317 = ").trim(): Text of object 'Object Repository/Выручка в рублях/span18' is: '318'

02-12-2024T07:27:32 - [MESSAGE][PASSED] - Text of object 'Object Repository/Выручка в рублях/span18' is: '318'

02-12-2024T07:27:32 - [TEST_STEP][PASSED] - block = 2: null

02-12-2024T07:27:32 - [TEST_STEP][PASSED] - nameOfBlock = " Выручка": null

02-12-2024T07:27:32 - [TEST_STEP][PASSED] - Script1710234207206.PreSettings(run, vir, block, nameOfBlock, typeOfData, todaysDate): null

02-12-2024T07:27:32 - [TEST_STEP][PASSED] - openBrowser(""): Browser is opened with url: ''

02-12-2024T07:27:32 - [MESSAGE][WARNING] - A browser is already opened. Closing browser and opening a new one

02-12-2024T07:27:32 - [MESSAGE][INFO] - Starting 'Chrome' driver

02-12-2024T07:27:32 - [MESSAGE][INFO] - Action delay is set to 0 milliseconds

02-12-2024T07:27:33 - [MESSAGE][PASSED] - Browser is opened with url: ''

02-12-2024T07:27:33 - [TEST_STEP][PASSED] - refresh(): Refresh successfully

02-12-2024T07:27:33 - [MESSAGE][PASSED] - Refresh successfully

02-12-2024T07:27:33 - [TEST_STEP][PASSED] - delay(50): Delayed 50 second(s)

02-12-2024T07:28:23 - [MESSAGE][PASSED] - Delayed 50 second(s)

02-12-2024T07:28:23 - [TEST_STEP][PASSED] - println("run:" + run): null

02-12-2024T07:28:23 - [TEST_STEP][PASSED] - println("vir:" + vir): null

02-12-2024T07:28:23 - [TEST_STEP][PASSED] - println("block:" + block): null

02-12-2024T07:28:23 - [TEST_STEP][PASSED] - if (block == 1): null

02-12-2024T07:28:23 - [TEST_STEP][PASSED] - else: null

02-12-2024T07:28:23 - [TEST_STEP][PASSED] - nameOfBlock = " Выручка": null

02-12-2024T07:28:23 - [TEST_STEP][PASSED] - println("nameOfBlock:" + nameOfBlock): null

02-12-2024T07:28:23 - [TEST_STEP][PASSED] - println("typeOfData:" + typeOfData): null

02-12-2024T07:28:23 - [TEST_STEP][PASSED] - println("todaysDate:" + todaysDate): null

02-12-2024T07:28:23 - [TEST_STEP][PASSED] - Script1710234207206.Autorization(block, nameOfBlock): null

02-12-2024T07:28:23 - [TEST_STEP][PASSED] - i = <not implemented yet for class: org.codehaus.groovy.ast.expr.EmptyExpression>: null

02-12-2024T07:28:23 - [TEST_STEP][PASSED] - ii = <not implemented yet for class: org.codehaus.groovy.ast.expr.EmptyExpression>: null

02-12-2024T07:28:23 - [TEST_STEP][PASSED] - urlData = <not implemented yet for class: org.codehaus.groovy.ast.expr.EmptyExpression>: null

02-12-2024T07:28:23 - [TEST_STEP][PASSED] - searchWord = <not implemented yet for class: org.codehaus.groovy.ast.expr.EmptyExpression>: null

02-12-2024T07:28:23 - [TEST_STEP][PASSED] - urlText = <not implemented yet for class: org.codehaus.groovy.ast.expr.EmptyExpression>: null

02-12-2024T07:28:23 - [TEST_STEP][PASSED] - println("block:" + block): null

02-12-2024T07:28:23 - [TEST_STEP][PASSED] - if (block == 1): null

02-12-2024T07:28:23 - [TEST_STEP][PASSED] - else: null

02-12-2024T07:28:23 - [TEST_STEP][PASSED] - delay(45): Delayed 45 second(s)

02-12-2024T07:29:08 - [MESSAGE][PASSED] - Delayed 45 second(s)

02-12-2024T07:29:08 - [TEST_STEP][PASSED] - nameOfBlock = " Выручка": null

02-12-2024T07:29:08 - [TEST_STEP][PASSED] - println("nameOfBlock:" + nameOfBlock): null

02-12-2024T07:29:08 - [TEST_STEP][PASSED] - if (block == 1): null

02-12-2024T07:29:08 - [TEST_STEP][PASSED] - else: Delayed 45 second(s)

02-12-2024T07:29:08 - [TEST_STEP][PASSED] - urlData = 9: null

02-12-2024T07:29:08 - [TEST_STEP][PASSED] - delay(45): Delayed 45 second(s)

02-12-2024T07:29:53 - [MESSAGE][PASSED] - Delayed 45 second(s)

02-12-2024T07:29:53 - [TEST_STEP][PASSED] - navigateToUrl(findTestData("PlanFact").getValue(10, urlData)): Navigate to 'https://bi.rosseti.digital/viewer?dashboardGuid=a1fd28b3785d443cbc4d7690a1d78e31&sheetGuid=86092a20c5984827a0c87b24cac76a50&fit=true' successfully

02-12-2024T07:29:57 - [MESSAGE][PASSED] - Navigate to 'https://bi.rosseti.digital/viewer?dashboardGuid=a1fd28b3785d443cbc4d7690a1d78e31&sheetGuid=86092a20c5984827a0c87b24cac76a50&fit=true' successfully

02-12-2024T07:29:57 - [TEST_STEP][PASSED] - urlText = getText(findTestObject("Страница авторизации/Text")): Text of object 'Object Repository/Страница авторизации/Text' is: 'Вход'

02-12-2024T07:30:00 - [MESSAGE][PASSED] - Text of object 'Object Repository/Страница авторизации/Text' is: 'Вход'

02-12-2024T07:30:00 - [TEST_STEP][PASSED] - searchWord = "Вход": null

02-12-2024T07:30:00 - [TEST_STEP][PASSED] - if (urlText == null || urlText.contains("ошибка") || urlText.contains(searchWord) == false): null

02-12-2024T07:30:00 - [TEST_STEP][PASSED] - if (verifyElementPresent(findTestObject("Страница авторизации/button_"), 30) == true): null

02-12-2024T07:30:00 - [MESSAGE][PASSED] - Object 'Object Repository/Страница авторизации/button_' is present

02-12-2024T07:30:00 - [TEST_STEP][PASSED] - setText(findTestObject("Страница авторизации/input__username"), findTestData("PlanFact").getValue(8, 1)): Text 'liazgina-di' is set on object 'Object Repository/Страница авторизации/input__username'

02-12-2024T07:30:01 - [MESSAGE][PASSED] - Text 'liazgina-di' is set on object 'Object Repository/Страница авторизации/input__username'

02-12-2024T07:30:01 - [TEST_STEP][PASSED] - setText(findTestObject("Страница авторизации/input__password"), findTestData("PlanFact").getValue(9, 1)): Text ')$%5srZ8o688Dm#q' is set on object 'Object Repository/Страница авторизации/input__password'

02-12-2024T07:30:02 - [MESSAGE][PASSED] - Text ')$%5srZ8o688Dm#q' is set on object 'Object Repository/Страница авторизации/input__password'

02-12-2024T07:30:02 - [TEST_STEP][PASSED] - click(findTestObject("Страница авторизации/button_")): Object: 'Object Repository/Страница авторизации/button_' is clicked on

02-12-2024T07:30:04 - [MESSAGE][PASSED] - Object: 'Object Repository/Страница авторизации/button_' is clicked on

02-12-2024T07:30:04 - [TEST_STEP][PASSED] - delay(45): Delayed 45 second(s)

02-12-2024T07:30:49 - [MESSAGE][PASSED] - Delayed 45 second(s)

02-12-2024T07:30:49 - [TEST_STEP][PASSED] - urlText = getText(findTestObject("Страница авторизации/Text")): Text of object 'Object Repository/Страница авторизации/Text' is: 'Период
Январь, Февраль, Март, Апрель, Май, Июнь, Июль, Август, Сентябрь, Октябрь 2024 года
Выручка
Все
Выполнение плановых показателей, млн.руб.
План
Факт
Динамика
2024 год
0 млн.руб.
100 000 млн.руб.
200 000 млн.руб.
300 000 млн.руб.
400 000 млн.руб.
500 000 млн.руб.
600 000 млн.руб.
700 000 млн.руб.
800 000 млн.руб.
900 000 млн.руб.
1 000 000 млн.руб.
1 100 000 млн.руб.
1 200 000 млн.руб.
1 300 000 млн.руб.
1 400 000 млн.руб.
1 180 677
1 181 459
↑
ДЗО 
Все
Подписи данных
⬤Отклонение
АО «Тываэнерго»
АО «Чеченэнерго»
Россети Волга
Россети Кубань
Россети Ленэнерго (ГК)
Россети Московский регион
Россети Северный Кавказ (ГК)
Россети Северо-Запад
Россети Сибирь (ГК)
Россети Томск
Россети Тюмень
Россети Урал (ГК)
Россети ФСК ЕЭС
Россети Центр
Россети Центр и Приволжье (ГК)
Россети Юг (ГК)
Россети Янтарь
-27 500 млн.руб.
-25 000 млн.руб.
-22 500 млн.руб.
-20 000 млн.руб.
-17 500 млн.руб.
-15 000 млн.руб.
-12 500 млн.руб.
-10 000 млн.руб.
-7 500 млн.руб.
-5 000 млн.руб.
-2 500 млн.руб.
0 млн.руб.
2 500 млн.руб.
5 000 млн.руб.
7 500 млн.руб.
10 000 млн.руб.
300
101
156
3 953
4 462
7 500
888
878
1 274
238
-5 106
1 955
-24 344
2 435
4 419
1 357
318
млн.
%
Выручка
Отклонение выручки по ПАО Россети за Январь, Февраль, Март, Апрель, Май, Июнь, Июль, Август, Сентябрь, Октябрь 2024 года (факт/план, млн. руб)
ПАО Россети
782.4 млн.руб.
Статус данных
×
Просьба обратить внимание
Данные занесены не полностью
ВЫБРАННЫЕ ЗНАЧЕНИЯ ФИЛЬТРОВ
ДЗО | ПЕРИОД
ПАО Россети: [«Выбраны все филиалы по всем ДЗО по всем категориям»]
2024: [Янв, Фев, Мар, Апр, Май, Июн, Июл, Авг, Сен, Окт]
*Внутренний оборот'

02-12-2024T07:30:50 - [MESSAGE][PASSED] - Text of object 'Object Repository/Страница авторизации/Text' is: 'Период
Январь, Февраль, Март, Апрель, Май, Июнь, Июль, Август, Сентябрь, Октябрь 2024 года
Выручка
Все
Выполнение плановых показателей, млн.руб.
План
Факт
Динамика
2024 год
0 млн.руб.
100 000 млн.руб.
200 000 млн.руб.
300 000 млн.руб.
400 000 млн.руб.
500 000 млн.руб.
600 000 млн.руб.
700 000 млн.руб.
800 000 млн.руб.
900 000 млн.руб.
1 000 000 млн.руб.
1 100 000 млн.руб.
1 200 000 млн.руб.
1 300 000 млн.руб.
1 400 000 млн.руб.
1 180 677
1 181 459
↑
ДЗО 
Все
Подписи данных
⬤Отклонение
АО «Тываэнерго»
АО «Чеченэнерго»
Россети Волга
Россети Кубань
Россети Ленэнерго (ГК)
Россети Московский регион
Россети Северный Кавказ (ГК)
Россети Северо-Запад
Россети Сибирь (ГК)
Россети Томск
Россети Тюмень
Россети Урал (ГК)
Россети ФСК ЕЭС
Россети Центр
Россети Центр и Приволжье (ГК)
Россети Юг (ГК)
Россети Янтарь
-27 500 млн.руб.
-25 000 млн.руб.
-22 500 млн.руб.
-20 000 млн.руб.
-17 500 млн.руб.
-15 000 млн.руб.
-12 500 млн.руб.
-10 000 млн.руб.
-7 500 млн.руб.
-5 000 млн.руб.
-2 500 млн.руб.
0 млн.руб.
2 500 млн.руб.
5 000 млн.руб.
7 500 млн.руб.
10 000 млн.руб.
300
101
156
3 953
4 462
7 500
888
878
1 274
238
-5 106
1 955
-24 344
2 435
4 419
1 357
318
млн.
%
Выручка
Отклонение выручки по ПАО Россети за Январь, Февраль, Март, Апрель, Май, Июнь, Июль, Август, Сентябрь, Октябрь 2024 года (факт/план, млн. руб)
ПАО Россети
782.4 млн.руб.
Статус данных
×
Просьба обратить внимание
Данные занесены не полностью
ВЫБРАННЫЕ ЗНАЧЕНИЯ ФИЛЬТРОВ
ДЗО | ПЕРИОД
ПАО Россети: [«Выбраны все филиалы по всем ДЗО по всем категориям»]
2024: [Янв, Фев, Мар, Апр, Май, Июн, Июл, Авг, Сен, Окт]
*Внутренний оборот'

02-12-2024T07:30:50 - [TEST_STEP][PASSED] - searchWord = "а": null

02-12-2024T07:30:50 - [TEST_STEP][PASSED] - if (urlText.contains("ошибка") || urlText.contains(searchWord) == false): null

02-12-2024T07:30:50 - [TEST_STEP][PASSED] - delay(45): Delayed 45 second(s)

02-12-2024T07:31:35 - [MESSAGE][PASSED] - Delayed 45 second(s)

02-12-2024T07:31:35 - [TEST_STEP][PASSED] - if (block == 2): Delayed 50 second(s)

02-12-2024T07:31:35 - [TEST_STEP][PASSED] - opoveshenie = getText(findTestObject("Выручка в рублях/Просьба обратить внимание")): Text of object 'Object Repository/Выручка в рублях/Просьба обратить внимание' is: 'Просьба обратить внимание'

02-12-2024T07:31:35 - [MESSAGE][PASSED] - Text of object 'Object Repository/Выручка в рублях/Просьба обратить внимание' is: 'Просьба обратить внимание'

02-12-2024T07:31:35 - [TEST_STEP][PASSED] - if (opoveshenie == "Просьба обратить внимание"): Delayed 50 second(s)

02-12-2024T07:31:35 - [TEST_STEP][PASSED] - click(findTestObject("Выручка в рублях/Закрыть оповещение")): Object: 'Object Repository/Выручка в рублях/Закрыть оповещение' is clicked on

02-12-2024T07:31:36 - [MESSAGE][PASSED] - Object: 'Object Repository/Выручка в рублях/Закрыть оповещение' is clicked on

02-12-2024T07:31:36 - [TEST_STEP][PASSED] - delay(50): Delayed 50 second(s)

02-12-2024T07:32:26 - [MESSAGE][PASSED] - Delayed 50 second(s)

02-12-2024T07:32:26 - [TEST_STEP][PASSED] - click(findTestObject("Выручка в рублях/Фильтр Период" + nameOfBlock)): Object: 'Object Repository/Выручка в рублях/Фильтр Период Выручка' is clicked on

02-12-2024T07:32:26 - [MESSAGE][PASSED] - Object: 'Object Repository/Выручка в рублях/Фильтр Период Выручка' is clicked on

02-12-2024T07:32:26 - [TEST_STEP][PASSED] - click(findTestObject("Выручка в рублях/Снять выделение в фильтре Дата" + nameOfBlock)): Object: 'Object Repository/Выручка в рублях/Снять выделение в фильтре Дата Выручка' is clicked on

02-12-2024T07:32:27 - [MESSAGE][PASSED] - Object: 'Object Repository/Выручка в рублях/Снять выделение в фильтре Дата Выручка' is clicked on

02-12-2024T07:32:27 - [TEST_STEP][PASSED] - click(findTestObject("Выручка в рублях/Применить в фильтре Дата" + nameOfBlock)): Object: 'Object Repository/Выручка в рублях/Применить в фильтре Дата Выручка' is clicked on

02-12-2024T07:32:27 - [MESSAGE][PASSED] - Object: 'Object Repository/Выручка в рублях/Применить в фильтре Дата Выручка' is clicked on

02-12-2024T07:32:27 - [TEST_STEP][PASSED] - delay(50): Delayed 50 second(s)

02-12-2024T07:33:17 - [MESSAGE][PASSED] - Delayed 50 second(s)

02-12-2024T07:33:17 - [TEST_STEP][PASSED] - click(findTestObject("Выручка в рублях/Фильтр Период" + nameOfBlock)): Object: 'Object Repository/Выручка в рублях/Фильтр Период Выручка' is clicked on

02-12-2024T07:33:17 - [MESSAGE][PASSED] - Object: 'Object Repository/Выручка в рублях/Фильтр Период Выручка' is clicked on

02-12-2024T07:33:17 - [TEST_STEP][PASSED] - click(findTestObject("Выручка в рублях/Снять выделение в фильтре Дата" + nameOfBlock)): Object: 'Object Repository/Выручка в рублях/Снять выделение в фильтре Дата Выручка' is clicked on

02-12-2024T07:33:18 - [MESSAGE][PASSED] - Object: 'Object Repository/Выручка в рублях/Снять выделение в фильтре Дата Выручка' is clicked on

02-12-2024T07:33:18 - [TEST_STEP][PASSED] - scrollToElement(findTestObject("Выручка в рублях/2024 список" + nameOfBlock), 30): Scroll to object 'Object Repository/Выручка в рублях/2024 список Выручка' successfully

02-12-2024T07:33:18 - [MESSAGE][PASSED] - Scroll to object 'Object Repository/Выручка в рублях/2024 список Выручка' successfully

02-12-2024T07:33:18 - [TEST_STEP][PASSED] - click(findTestObject("Выручка в рублях/2024 список" + nameOfBlock)): Object: 'Object Repository/Выручка в рублях/2024 список Выручка' is clicked on

02-12-2024T07:33:19 - [MESSAGE][PASSED] - Object: 'Object Repository/Выручка в рублях/2024 список Выручка' is clicked on

02-12-2024T07:33:19 - [TEST_STEP][PASSED] - scrollToElement(findTestObject("Выручка в рублях/1 квартал 2024 выбрать" + nameOfBlock), 30): Scroll to object 'Object Repository/Выручка в рублях/1 квартал 2024 выбрать Выручка' successfully

02-12-2024T07:33:19 - [MESSAGE][PASSED] - Scroll to object 'Object Repository/Выручка в рублях/1 квартал 2024 выбрать Выручка' successfully

02-12-2024T07:33:19 - [TEST_STEP][PASSED] - click(findTestObject("Выручка в рублях/1 квартал 2024 выбрать" + nameOfBlock)): Object: 'Object Repository/Выручка в рублях/1 квартал 2024 выбрать Выручка' is clicked on

02-12-2024T07:33:19 - [MESSAGE][PASSED] - Object: 'Object Repository/Выручка в рублях/1 квартал 2024 выбрать Выручка' is clicked on

02-12-2024T07:33:19 - [TEST_STEP][PASSED] - scrollToElement(findTestObject("Выручка в рублях/2 квартал 2024 выбрать" + nameOfBlock), 30): Scroll to object 'Object Repository/Выручка в рублях/2 квартал 2024 выбрать Выручка' successfully

02-12-2024T07:33:20 - [MESSAGE][PASSED] - Scroll to object 'Object Repository/Выручка в рублях/2 квартал 2024 выбрать Выручка' successfully

02-12-2024T07:33:20 - [TEST_STEP][PASSED] - click(findTestObject("Выручка в рублях/2 квартал 2024 выбрать" + nameOfBlock)): Object: 'Object Repository/Выручка в рублях/2 квартал 2024 выбрать Выручка' is clicked on

02-12-2024T07:33:20 - [MESSAGE][PASSED] - Object: 'Object Repository/Выручка в рублях/2 квартал 2024 выбрать Выручка' is clicked on

02-12-2024T07:33:20 - [TEST_STEP][PASSED] - scrollToElement(findTestObject("Выручка в рублях/3 квартал 2024 список" + nameOfBlock), 30): Scroll to object 'Object Repository/Выручка в рублях/3 квартал 2024 список Выручка' successfully

02-12-2024T07:33:21 - [MESSAGE][PASSED] - Scroll to object 'Object Repository/Выручка в рублях/3 квартал 2024 список Выручка' successfully

02-12-2024T07:33:21 - [TEST_STEP][PASSED] - click(findTestObject("Выручка в рублях/3 квартал 2024" + nameOfBlock)): Object: 'Object Repository/Выручка в рублях/3 квартал 2024 Выручка' is clicked on

02-12-2024T07:33:21 - [MESSAGE][PASSED] - Object: 'Object Repository/Выручка в рублях/3 квартал 2024 Выручка' is clicked on

02-12-2024T07:33:21 - [TEST_STEP][PASSED] - scrollToElement(findTestObject("Выручка в рублях/4 квартал 2024 список" + nameOfBlock), 30): Scroll to object 'Object Repository/Выручка в рублях/4 квартал 2024 список Выручка' successfully

02-12-2024T07:33:22 - [MESSAGE][PASSED] - Scroll to object 'Object Repository/Выручка в рублях/4 квартал 2024 список Выручка' successfully

02-12-2024T07:33:22 - [TEST_STEP][PASSED] - click(findTestObject("Выручка в рублях/4 квартал 2024 список" + nameOfBlock)): Object: 'Object Repository/Выручка в рублях/4 квартал 2024 список Выручка' is clicked on

02-12-2024T07:33:22 - [MESSAGE][PASSED] - Object: 'Object Repository/Выручка в рублях/4 квартал 2024 список Выручка' is clicked on

02-12-2024T07:33:22 - [TEST_STEP][PASSED] - scrollToElement(findTestObject("Выручка в рублях/Октябрь 2024" + nameOfBlock), 30): Scroll to object 'Object Repository/Выручка в рублях/Октябрь 2024 Выручка' successfully

02-12-2024T07:33:22 - [MESSAGE][PASSED] - Scroll to object 'Object Repository/Выручка в рублях/Октябрь 2024 Выручка' successfully

02-12-2024T07:33:22 - [TEST_STEP][PASSED] - click(findTestObject("Выручка в рублях/Октябрь 2024" + nameOfBlock)): Object: 'Object Repository/Выручка в рублях/Октябрь 2024 Выручка' is clicked on

02-12-2024T07:33:23 - [MESSAGE][PASSED] - Object: 'Object Repository/Выручка в рублях/Октябрь 2024 Выручка' is clicked on

02-12-2024T07:33:23 - [TEST_STEP][PASSED] - scrollToElement(findTestObject("Выручка в рублях/Заголовок дашборда" + nameOfBlock), 30): Scroll to object 'Object Repository/Выручка в рублях/Заголовок дашборда Выручка' successfully

02-12-2024T07:33:23 - [MESSAGE][PASSED] - Scroll to object 'Object Repository/Выручка в рублях/Заголовок дашборда Выручка' successfully

02-12-2024T07:33:23 - [TEST_STEP][PASSED] - click(findTestObject("Выручка в рублях/Применить в фильтре Дата" + nameOfBlock)): Object: 'Object Repository/Выручка в рублях/Применить в фильтре Дата Выручка' is clicked on

02-12-2024T07:33:24 - [MESSAGE][PASSED] - Object: 'Object Repository/Выручка в рублях/Применить в фильтре Дата Выручка' is clicked on

02-12-2024T07:33:24 - [TEST_STEP][PASSED] - delay(55): Delayed 55 second(s)

02-12-2024T07:34:19 - [MESSAGE][PASSED] - Delayed 55 second(s)

02-12-2024T07:34:19 - [TEST_STEP][PASSED] - click(findTestObject("Выручка в рублях/Фильтр ДЗО" + nameOfBlock)): Object: 'Object Repository/Выручка в рублях/Фильтр ДЗО Выручка' is clicked on

02-12-2024T07:34:19 - [MESSAGE][PASSED] - Object: 'Object Repository/Выручка в рублях/Фильтр ДЗО Выручка' is clicked on

02-12-2024T07:34:19 - [TEST_STEP][PASSED] - click(findTestObject("Выручка в рублях/Снять выделение в фильтре ДЗО" + nameOfBlock)): Object: 'Object Repository/Выручка в рублях/Снять выделение в фильтре ДЗО Выручка' is clicked on

02-12-2024T07:34:20 - [MESSAGE][PASSED] - Object: 'Object Repository/Выручка в рублях/Снять выделение в фильтре ДЗО Выручка' is clicked on

02-12-2024T07:34:20 - [TEST_STEP][PASSED] - click(findTestObject("Выручка в рублях/Применить в фильтре ДЗО" + nameOfBlock)): Object: 'Object Repository/Выручка в рублях/Применить в фильтре ДЗО Выручка' is clicked on

02-12-2024T07:34:20 - [MESSAGE][PASSED] - Object: 'Object Repository/Выручка в рублях/Применить в фильтре ДЗО Выручка' is clicked on

02-12-2024T07:34:20 - [TEST_STEP][PASSED] - delay(50): Delayed 50 second(s)

02-12-2024T07:35:10 - [MESSAGE][PASSED] - Delayed 50 second(s)

02-12-2024T07:35:10 - [TEST_STEP][PASSED] - Script1710234207206.Tumbler(run, vir, block, nameOfBlock): null

02-12-2024T07:35:10 - [TEST_STEP][PASSED] - println("run:" + run): null

02-12-2024T07:35:10 - [TEST_STEP][PASSED] - println("vir:" + vir): null

02-12-2024T07:35:10 - [TEST_STEP][PASSED] - println("block:" + block): null

02-12-2024T07:35:10 - [TEST_STEP][PASSED] - println("nameOfBlock:" + nameOfBlock): null

02-12-2024T07:35:10 - [TEST_STEP][PASSED] - if (vir == 1): null

02-12-2024T07:35:10 - [TEST_STEP][PASSED] - else if (vir == 2): Object: 'Object Repository/Выручка в рублях/Применить в фильтре Выручка Выручка' is clicked on

02-12-2024T07:35:10 - [TEST_STEP][PASSED] - if (run == 2): null

02-12-2024T07:35:10 - [TEST_STEP][PASSED] - click(findTestObject("Выручка в рублях/Фильтр Выручка" + nameOfBlock)): Object: 'Object Repository/Выручка в рублях/Фильтр Выручка Выручка' is clicked on

02-12-2024T07:35:11 - [MESSAGE][PASSED] - Object: 'Object Repository/Выручка в рублях/Фильтр Выручка Выручка' is clicked on

02-12-2024T07:35:11 - [TEST_STEP][PASSED] - click(findTestObject("Выручка в рублях/Итого в фильтре Выручка" + nameOfBlock)): Object: 'Object Repository/Выручка в рублях/Итого в фильтре Выручка Выручка' is clicked on

02-12-2024T07:35:11 - [MESSAGE][PASSED] - Object: 'Object Repository/Выручка в рублях/Итого в фильтре Выручка Выручка' is clicked on

02-12-2024T07:35:11 - [TEST_STEP][PASSED] - click(findTestObject("Выручка в рублях/Применить в фильтре Выручка" + nameOfBlock)): Object: 'Object Repository/Выручка в рублях/Применить в фильтре Выручка Выручка' is clicked on

02-12-2024T07:35:12 - [MESSAGE][PASSED] - Object: 'Object Repository/Выручка в рублях/Применить в фильтре Выручка Выручка' is clicked on

02-12-2024T07:35:12 - [TEST_STEP][PASSED] - click(findTestObject("Выручка в рублях/Фильтр ДЗО" + nameOfBlock)): Object: 'Object Repository/Выручка в рублях/Фильтр ДЗО Выручка' is clicked on

02-12-2024T07:35:14 - [MESSAGE][PASSED] - Object: 'Object Repository/Выручка в рублях/Фильтр ДЗО Выручка' is clicked on

02-12-2024T07:35:14 - [TEST_STEP][PASSED] - Script1710234207206.Rosseti(nameOfBlock): null

02-12-2024T07:35:14 - [TEST_STEP][PASSED] - println("nameOfBlock:" + nameOfBlock): null

02-12-2024T07:35:14 - [TEST_STEP][PASSED] - click(findTestObject("Выручка в рублях/ПАО Россети" + nameOfBlock)): Object: 'Object Repository/Выручка в рублях/ПАО Россети Выручка' is clicked on

02-12-2024T07:35:15 - [MESSAGE][PASSED] - Object: 'Object Repository/Выручка в рублях/ПАО Россети Выручка' is clicked on

02-12-2024T07:35:15 - [TEST_STEP][PASSED] - click(findTestObject("Выручка в рублях/Применить в фильтре ДЗО" + nameOfBlock)): Object: 'Object Repository/Выручка в рублях/Применить в фильтре ДЗО Выручка' is clicked on

02-12-2024T07:35:16 - [MESSAGE][PASSED] - Object: 'Object Repository/Выручка в рублях/Применить в фильтре ДЗО Выручка' is clicked on

02-12-2024T07:35:16 - [TEST_STEP][PASSED] - if (vir == 1 || vir == 2): Text of object 'Object Repository/Выручка в рублях/График План Выручка' is: '1 160 716'

02-12-2024T07:35:16 - [TEST_STEP][PASSED] - b1 = getText(findTestObject("Выручка в рублях/График План Выручка")): Text of object 'Object Repository/Выручка в рублях/График План Выручка' is: '1 160 716'

02-12-2024T07:35:17 - [MESSAGE][PASSED] - Text of object 'Object Repository/Выручка в рублях/График План Выручка' is: '1 160 716'

02-12-2024T07:35:17 - [TEST_STEP][PASSED] - if (vir == 1 || vir == 2): Text of object 'Object Repository/Выручка в рублях/График Факт Выручка' is: '1 160 805'

02-12-2024T07:35:17 - [TEST_STEP][PASSED] - b2 = getText(findTestObject("Выручка в рублях/График Факт Выручка")): Text of object 'Object Repository/Выручка в рублях/График Факт Выручка' is: '1 160 805'

02-12-2024T07:35:18 - [MESSAGE][PASSED] - Text of object 'Object Repository/Выручка в рублях/График Факт Выручка' is: '1 160 805'

02-12-2024T07:35:18 - [TEST_STEP][PASSED] - b30 = getText(findTestObject("Выручка в рублях/span1" + perc)): Text of object 'Object Repository/Выручка в рублях/span1' is: '89.8 млн.руб.'

02-12-2024T07:35:18 - [MESSAGE][PASSED] - Text of object 'Object Repository/Выручка в рублях/span1' is: '89.8 млн.руб.'

02-12-2024T07:35:18 - [TEST_STEP][PASSED] - i = b30.indexOf("млн.руб."): null

02-12-2024T07:35:18 - [TEST_STEP][PASSED] - if (i > -1): null

02-12-2024T07:35:18 - [TEST_STEP][PASSED] - b30 = b30.substring(0, i): null

02-12-2024T07:35:18 - [TEST_STEP][PASSED] - b30 = b30.replaceAll(" ", ""): null

02-12-2024T07:35:18 - [TEST_STEP][PASSED] - if (b30.contains("%")): null

02-12-2024T07:35:18 - [TEST_STEP][PASSED] - b30 = ").trim(): null

02-12-2024T07:35:18 - [TEST_STEP][PASSED] - println("b30: " + b30): null

02-12-2024T07:35:18 - [TEST_STEP][PASSED] - if (vir == 1 || vir == 2): Text of object 'Object Repository/Выручка в рублях/span2' is: '383'

02-12-2024T07:35:18 - [TEST_STEP][PASSED] - b31 = ").trim(): Text of object 'Object Repository/Выручка в рублях/span2' is: '383'

02-12-2024T07:35:18 - [MESSAGE][PASSED] - Text of object 'Object Repository/Выручка в рублях/span2' is: '383'

02-12-2024T07:35:18 - [TEST_STEP][PASSED] - if (vir == 1 || vir == 2): Text of object 'Object Repository/Выручка в рублях/span3' is: '-12'

02-12-2024T07:35:18 - [TEST_STEP][PASSED] - b32 = ").trim(): Text of object 'Object Repository/Выручка в рублях/span3' is: '-12'

02-12-2024T07:35:18 - [MESSAGE][PASSED] - Text of object 'Object Repository/Выручка в рублях/span3' is: '-12'

02-12-2024T07:35:18 - [TEST_STEP][PASSED] - if (vir == 1 || vir == 2): Text of object 'Object Repository/Выручка в рублях/span8' is: '263'

02-12-2024T07:35:18 - [TEST_STEP][PASSED] - b33 = ").trim(): Text of object 'Object Repository/Выручка в рублях/span4' is: '156'

02-12-2024T07:35:19 - [MESSAGE][PASSED] - Text of object 'Object Repository/Выручка в рублях/span4' is: '156'

02-12-2024T07:35:19 - [TEST_STEP][PASSED] - b34 = ").trim(): Text of object 'Object Repository/Выручка в рублях/span5' is: '3 953'

02-12-2024T07:35:19 - [MESSAGE][PASSED] - Text of object 'Object Repository/Выручка в рублях/span5' is: '3 953'

02-12-2024T07:35:19 - [TEST_STEP][PASSED] - b35 = ").trim(): Text of object 'Object Repository/Выручка в рублях/span6' is: '4 462'

02-12-2024T07:35:19 - [MESSAGE][PASSED] - Text of object 'Object Repository/Выручка в рублях/span6' is: '4 462'

02-12-2024T07:35:19 - [TEST_STEP][PASSED] - b36 = ").trim(): Text of object 'Object Repository/Выручка в рублях/span7' is: '7 500'

02-12-2024T07:35:20 - [MESSAGE][PASSED] - Text of object 'Object Repository/Выручка в рублях/span7' is: '7 500'

02-12-2024T07:35:20 - [TEST_STEP][PASSED] - b37 = ").trim(): Text of object 'Object Repository/Выручка в рублях/span8' is: '263'

02-12-2024T07:35:20 - [MESSAGE][PASSED] - Text of object 'Object Repository/Выручка в рублях/span8' is: '263'

02-12-2024T07:35:20 - [TEST_STEP][PASSED] - if (vir == 1 || vir == 2): Text of object 'Object Repository/Выручка в рублях/span17' is: '1 319'

02-12-2024T07:35:20 - [TEST_STEP][PASSED] - b38 = ").trim(): Text of object 'Object Repository/Выручка в рублях/span9' is: '878'

02-12-2024T07:35:20 - [MESSAGE][PASSED] - Text of object 'Object Repository/Выручка в рублях/span9' is: '878'

02-12-2024T07:35:20 - [TEST_STEP][PASSED] - b39 = ").trim(): Text of object 'Object Repository/Выручка в рублях/span10' is: '1 274'

02-12-2024T07:35:21 - [MESSAGE][PASSED] - Text of object 'Object Repository/Выручка в рублях/span10' is: '1 274'

02-12-2024T07:35:21 - [TEST_STEP][PASSED] - b310 = ").trim(): Text of object 'Object Repository/Выручка в рублях/span11' is: '238'

02-12-2024T07:35:21 - [MESSAGE][PASSED] - Text of object 'Object Repository/Выручка в рублях/span11' is: '238'

02-12-2024T07:35:21 - [TEST_STEP][PASSED] - b311 = ").trim(): Text of object 'Object Repository/Выручка в рублях/span12' is: '-5 106'

02-12-2024T07:35:21 - [MESSAGE][PASSED] - Text of object 'Object Repository/Выручка в рублях/span12' is: '-5 106'

02-12-2024T07:35:21 - [TEST_STEP][PASSED] - b312 = ").trim(): Text of object 'Object Repository/Выручка в рублях/span13' is: '1 955'

02-12-2024T07:35:21 - [MESSAGE][PASSED] - Text of object 'Object Repository/Выручка в рублях/span13' is: '1 955'

02-12-2024T07:35:21 - [TEST_STEP][PASSED] - b313 = ").trim(): Text of object 'Object Repository/Выручка в рублях/span14' is: '-24 344'

02-12-2024T07:35:22 - [MESSAGE][PASSED] - Text of object 'Object Repository/Выручка в рублях/span14' is: '-24 344'

02-12-2024T07:35:22 - [TEST_STEP][PASSED] - b314 = ").trim(): Text of object 'Object Repository/Выручка в рублях/span15' is: '2 435'

02-12-2024T07:35:22 - [MESSAGE][PASSED] - Text of object 'Object Repository/Выручка в рублях/span15' is: '2 435'

02-12-2024T07:35:22 - [TEST_STEP][PASSED] - b315 = ").trim(): Text of object 'Object Repository/Выручка в рублях/span16' is: '4 419'

02-12-2024T07:35:22 - [MESSAGE][PASSED] - Text of object 'Object Repository/Выручка в рублях/span16' is: '4 419'

02-12-2024T07:35:22 - [TEST_STEP][PASSED] - b316 = ").trim(): Text of object 'Object Repository/Выручка в рублях/span17' is: '1 319'

02-12-2024T07:35:23 - [MESSAGE][PASSED] - Text of object 'Object Repository/Выручка в рублях/span17' is: '1 319'

02-12-2024T07:35:23 - [TEST_STEP][PASSED] - if (vir == 1 || vir == 2): Text of object 'Object Repository/Выручка в рублях/span18' is: '318'

02-12-2024T07:35:23 - [TEST_STEP][PASSED] - b317 = ").trim(): Text of object 'Object Repository/Выручка в рублях/span18' is: '318'

02-12-2024T07:35:23 - [MESSAGE][PASSED] - Text of object 'Object Repository/Выручка в рублях/span18' is: '318'

02-12-2024T07:35:23 - [TEST_STEP][PASSED] - dZO = "ПАО Россети": null

02-12-2024T07:35:23 - [TEST_STEP][PASSED] - if (verifyEqual(a1, b1) == false): Actual object '1 160 716' and expected object '1 160 716' are equal

02-12-2024T07:35:23 - [MESSAGE][PASSED] - Actual object '1 160 716' and expected object '1 160 716' are equal

02-12-2024T07:35:23 - [TEST_STEP][PASSED] - if (verifyEqual(a2, b2) == false): Actual object '1 160 805' and expected object '1 160 805' are equal

02-12-2024T07:35:23 - [MESSAGE][PASSED] - Actual object '1 160 805' and expected object '1 160 805' are equal

02-12-2024T07:35:23 - [TEST_STEP][PASSED] - vidget = "Отклонения": null

02-12-2024T07:35:23 - [TEST_STEP][PASSED] - if (verifyEqual(a30, b30) == false): Actual object '89.8' and expected object '89.8' are equal

02-12-2024T07:35:23 - [MESSAGE][PASSED] - Actual object '89.8' and expected object '89.8' are equal

02-12-2024T07:35:23 - [TEST_STEP][PASSED] - dZO = "АО «Тываэнерго»": null

02-12-2024T07:35:23 - [TEST_STEP][PASSED] - if (verifyEqual(a31, b31) == false): Actual object '383' and expected object '383' are equal

02-12-2024T07:35:23 - [MESSAGE][PASSED] - Actual object '383' and expected object '383' are equal

02-12-2024T07:35:23 - [TEST_STEP][PASSED] - dZO = "АО «Чеченэнерго»": null

02-12-2024T07:35:23 - [TEST_STEP][PASSED] - if (verifyEqual(a32, b32) == false): Actual object '-12' and expected object '-12' are equal

02-12-2024T07:35:23 - [MESSAGE][PASSED] - Actual object '-12' and expected object '-12' are equal

02-12-2024T07:35:23 - [TEST_STEP][PASSED] - dZO = "Россети Волга": null

02-12-2024T07:35:23 - [TEST_STEP][PASSED] - if (verifyEqual(a33, b33) == false): Actual object '156' and expected object '156' are equal

02-12-2024T07:35:23 - [MESSAGE][PASSED] - Actual object '156' and expected object '156' are equal

02-12-2024T07:35:23 - [TEST_STEP][PASSED] - dZO = "Россети Кубань": null

02-12-2024T07:35:23 - [TEST_STEP][PASSED] - if (verifyEqual(a34, b34) == false): Actual object '3 953' and expected object '3 953' are equal

02-12-2024T07:35:23 - [MESSAGE][PASSED] - Actual object '3 953' and expected object '3 953' are equal

02-12-2024T07:35:23 - [TEST_STEP][PASSED] - dZO = "Россети Ленэнерго (ГК)": null

02-12-2024T07:35:23 - [TEST_STEP][PASSED] - if (verifyEqual(a35, b35) == false): Actual object '4 462' and expected object '4 462' are equal

02-12-2024T07:35:23 - [MESSAGE][PASSED] - Actual object '4 462' and expected object '4 462' are equal

02-12-2024T07:35:23 - [TEST_STEP][PASSED] - dZO = "Россети Московский регион": null

02-12-2024T07:35:23 - [TEST_STEP][PASSED] - if (verifyEqual(a36, b36) == false): Actual object '7 500' and expected object '7 500' are equal

02-12-2024T07:35:23 - [MESSAGE][PASSED] - Actual object '7 500' and expected object '7 500' are equal

02-12-2024T07:35:23 - [TEST_STEP][PASSED] - dZO = "Россети Северный Кавказ (ГК)": null

02-12-2024T07:35:23 - [TEST_STEP][PASSED] - if (verifyEqual(a37, b37) == false): Actual object '263' and expected object '263' are equal

02-12-2024T07:35:23 - [MESSAGE][PASSED] - Actual object '263' and expected object '263' are equal

02-12-2024T07:35:23 - [TEST_STEP][PASSED] - dZO = "Россети Северо-Запад": null

02-12-2024T07:35:23 - [TEST_STEP][PASSED] - if (verifyEqual(a38, b38) == false): Actual object '878' and expected object '878' are equal

02-12-2024T07:35:23 - [MESSAGE][PASSED] - Actual object '878' and expected object '878' are equal

02-12-2024T07:35:23 - [TEST_STEP][PASSED] - dZO = "Россети Сибирь (ГК)": null

02-12-2024T07:35:23 - [TEST_STEP][PASSED] - if (verifyEqual(a39, b39) == false): Actual object '1 274' and expected object '1 274' are equal

02-12-2024T07:35:23 - [MESSAGE][PASSED] - Actual object '1 274' and expected object '1 274' are equal

02-12-2024T07:35:23 - [TEST_STEP][PASSED] - dZO = "Россети Томск": null

02-12-2024T07:35:23 - [TEST_STEP][PASSED] - if (verifyEqual(a310, b310) == false): Actual object '238' and expected object '238' are equal

02-12-2024T07:35:23 - [MESSAGE][PASSED] - Actual object '238' and expected object '238' are equal

02-12-2024T07:35:23 - [TEST_STEP][PASSED] - dZO = "Россети Тюмень": null

02-12-2024T07:35:23 - [TEST_STEP][PASSED] - if (verifyEqual(a311, b311) == false): Actual object '-5 106' and expected object '-5 106' are equal

02-12-2024T07:35:23 - [MESSAGE][PASSED] - Actual object '-5 106' and expected object '-5 106' are equal

02-12-2024T07:35:23 - [TEST_STEP][PASSED] - dZO = "Россети Урал (ГК)": null

02-12-2024T07:35:23 - [TEST_STEP][PASSED] - if (verifyEqual(a312, b312) == false): Actual object '1 955' and expected object '1 955' are equal

02-12-2024T07:35:23 - [MESSAGE][PASSED] - Actual object '1 955' and expected object '1 955' are equal

02-12-2024T07:35:23 - [TEST_STEP][PASSED] - dZO = "Россети ФСК ЕЭС": null

02-12-2024T07:35:23 - [TEST_STEP][PASSED] - if (verifyEqual(a313, b313) == false): Actual object '-24 344' and expected object '-24 344' are equal

02-12-2024T07:35:23 - [MESSAGE][PASSED] - Actual object '-24 344' and expected object '-24 344' are equal

02-12-2024T07:35:23 - [TEST_STEP][PASSED] - dZO = "Россети Центр": null

02-12-2024T07:35:23 - [TEST_STEP][PASSED] - if (verifyEqual(a314, b314) == false): Actual object '2 435' and expected object '2 435' are equal

02-12-2024T07:35:23 - [MESSAGE][PASSED] - Actual object '2 435' and expected object '2 435' are equal

02-12-2024T07:35:23 - [TEST_STEP][PASSED] - dZO = "Россети Центр и Приволжье (ГК)": null

02-12-2024T07:35:23 - [TEST_STEP][PASSED] - if (verifyEqual(a315, b315) == false): Actual object '4 419' and expected object '4 419' are equal

02-12-2024T07:35:23 - [MESSAGE][PASSED] - Actual object '4 419' and expected object '4 419' are equal

02-12-2024T07:35:23 - [TEST_STEP][PASSED] - dZO = "Россети Юг (ГК)": null

02-12-2024T07:35:23 - [TEST_STEP][PASSED] - if (verifyEqual(a316, b316) == false): Actual object '1 319' and expected object '1 319' are equal

02-12-2024T07:35:23 - [MESSAGE][PASSED] - Actual object '1 319' and expected object '1 319' are equal

02-12-2024T07:35:23 - [TEST_STEP][PASSED] - dZO = "Россети Янтарь": null

02-12-2024T07:35:23 - [TEST_STEP][PASSED] - if (verifyEqual(a317, b317) == false): Actual object '318' and expected object '318' are equal

02-12-2024T07:35:23 - [MESSAGE][PASSED] - Actual object '318' and expected object '318' are equal

02-12-2024T07:35:23 - [TEST_STEP][PASSED] - closeBrowser(): null

02-12-2024T07:35:23 - [MESSAGE][PASSED] - Browser is closed

02-12-2024T07:35:23 - [TEST_STEP][PASSED] - Script1710234207206.Blocks(run, vir, block, nameOfBlock, typeOfData, viruchka, vidget, todaysDate, a, b, dZO, x, y): null

02-12-2024T07:35:23 - [TEST_STEP][PASSED] - i = <not implemented yet for class: org.codehaus.groovy.ast.expr.EmptyExpression>: null

02-12-2024T07:35:23 - [TEST_STEP][PASSED] - perc = "": null

02-12-2024T07:35:23 - [TEST_STEP][PASSED] - a1 = <not implemented yet for class: org.codehaus.groovy.ast.expr.EmptyExpression>: null

02-12-2024T07:35:23 - [TEST_STEP][PASSED] - a2 = <not implemented yet for class: org.codehaus.groovy.ast.expr.EmptyExpression>: null

02-12-2024T07:35:23 - [TEST_STEP][PASSED] - a30 = <not implemented yet for class: org.codehaus.groovy.ast.expr.EmptyExpression>: null

02-12-2024T07:35:23 - [TEST_STEP][PASSED] - a31 = <not implemented yet for class: org.codehaus.groovy.ast.expr.EmptyExpression>: null

02-12-2024T07:35:23 - [TEST_STEP][PASSED] - a32 = <not implemented yet for class: org.codehaus.groovy.ast.expr.EmptyExpression>: null

02-12-2024T07:35:23 - [TEST_STEP][PASSED] - a33 = <not implemented yet for class: org.codehaus.groovy.ast.expr.EmptyExpression>: null

02-12-2024T07:35:23 - [TEST_STEP][PASSED] - a34 = <not implemented yet for class: org.codehaus.groovy.ast.expr.EmptyExpression>: null

02-12-2024T07:35:23 - [TEST_STEP][PASSED] - a35 = <not implemented yet for class: org.codehaus.groovy.ast.expr.EmptyExpression>: null

02-12-2024T07:35:23 - [TEST_STEP][PASSED] - a36 = <not implemented yet for class: org.codehaus.groovy.ast.expr.EmptyExpression>: null

02-12-2024T07:35:23 - [TEST_STEP][PASSED] - a37 = <not implemented yet for class: org.codehaus.groovy.ast.expr.EmptyExpression>: null

02-12-2024T07:35:23 - [TEST_STEP][PASSED] - a38 = <not implemented yet for class: org.codehaus.groovy.ast.expr.EmptyExpression>: null

02-12-2024T07:35:23 - [TEST_STEP][PASSED] - a39 = <not implemented yet for class: org.codehaus.groovy.ast.expr.EmptyExpression>: null

02-12-2024T07:35:23 - [TEST_STEP][PASSED] - a310 = <not implemented yet for class: org.codehaus.groovy.ast.expr.EmptyExpression>: null

02-12-2024T07:35:23 - [TEST_STEP][PASSED] - a311 = <not implemented yet for class: org.codehaus.groovy.ast.expr.EmptyExpression>: null

02-12-2024T07:35:23 - [TEST_STEP][PASSED] - a312 = <not implemented yet for class: org.codehaus.groovy.ast.expr.EmptyExpression>: null

02-12-2024T07:35:23 - [TEST_STEP][PASSED] - a313 = <not implemented yet for class: org.codehaus.groovy.ast.expr.EmptyExpression>: null

02-12-2024T07:35:23 - [TEST_STEP][PASSED] - a314 = <not implemented yet for class: org.codehaus.groovy.ast.expr.EmptyExpression>: null

02-12-2024T07:35:23 - [TEST_STEP][PASSED] - a315 = <not implemented yet for class: org.codehaus.groovy.ast.expr.EmptyExpression>: null

02-12-2024T07:35:23 - [TEST_STEP][PASSED] - a316 = <not implemented yet for class: org.codehaus.groovy.ast.expr.EmptyExpression>: null

02-12-2024T07:35:23 - [TEST_STEP][PASSED] - a317 = <not implemented yet for class: org.codehaus.groovy.ast.expr.EmptyExpression>: null

02-12-2024T07:35:23 - [TEST_STEP][PASSED] - b1 = <not implemented yet for class: org.codehaus.groovy.ast.expr.EmptyExpression>: null

02-12-2024T07:35:23 - [TEST_STEP][PASSED] - b2 = <not implemented yet for class: org.codehaus.groovy.ast.expr.EmptyExpression>: null

02-12-2024T07:35:23 - [TEST_STEP][PASSED] - b30 = <not implemented yet for class: org.codehaus.groovy.ast.expr.EmptyExpression>: null

02-12-2024T07:35:23 - [TEST_STEP][PASSED] - b31 = <not implemented yet for class: org.codehaus.groovy.ast.expr.EmptyExpression>: null

02-12-2024T07:35:23 - [TEST_STEP][PASSED] - b32 = <not implemented yet for class: org.codehaus.groovy.ast.expr.EmptyExpression>: null

02-12-2024T07:35:23 - [TEST_STEP][PASSED] - b33 = <not implemented yet for class: org.codehaus.groovy.ast.expr.EmptyExpression>: null

02-12-2024T07:35:23 - [TEST_STEP][PASSED] - b34 = <not implemented yet for class: org.codehaus.groovy.ast.expr.EmptyExpression>: null

02-12-2024T07:35:23 - [TEST_STEP][PASSED] - b35 = <not implemented yet for class: org.codehaus.groovy.ast.expr.EmptyExpression>: null

02-12-2024T07:35:23 - [TEST_STEP][PASSED] - b36 = <not implemented yet for class: org.codehaus.groovy.ast.expr.EmptyExpression>: null

02-12-2024T07:35:23 - [TEST_STEP][PASSED] - b37 = <not implemented yet for class: org.codehaus.groovy.ast.expr.EmptyExpression>: null

02-12-2024T07:35:23 - [TEST_STEP][PASSED] - b38 = <not implemented yet for class: org.codehaus.groovy.ast.expr.EmptyExpression>: null

02-12-2024T07:35:23 - [TEST_STEP][PASSED] - b39 = <not implemented yet for class: org.codehaus.groovy.ast.expr.EmptyExpression>: null

02-12-2024T07:35:23 - [TEST_STEP][PASSED] - b310 = <not implemented yet for class: org.codehaus.groovy.ast.expr.EmptyExpression>: null

02-12-2024T07:35:23 - [TEST_STEP][PASSED] - b311 = <not implemented yet for class: org.codehaus.groovy.ast.expr.EmptyExpression>: null

02-12-2024T07:35:23 - [TEST_STEP][PASSED] - b312 = <not implemented yet for class: org.codehaus.groovy.ast.expr.EmptyExpression>: null

02-12-2024T07:35:23 - [TEST_STEP][PASSED] - b313 = <not implemented yet for class: org.codehaus.groovy.ast.expr.EmptyExpression>: null

02-12-2024T07:35:23 - [TEST_STEP][PASSED] - b314 = <not implemented yet for class: org.codehaus.groovy.ast.expr.EmptyExpression>: null

02-12-2024T07:35:23 - [TEST_STEP][PASSED] - b315 = <not implemented yet for class: org.codehaus.groovy.ast.expr.EmptyExpression>: null

02-12-2024T07:35:23 - [TEST_STEP][PASSED] - b316 = <not implemented yet for class: org.codehaus.groovy.ast.expr.EmptyExpression>: null

02-12-2024T07:35:23 - [TEST_STEP][PASSED] - b317 = <not implemented yet for class: org.codehaus.groovy.ast.expr.EmptyExpression>: null

02-12-2024T07:35:23 - [TEST_STEP][PASSED] - block = 1: null

02-12-2024T07:35:23 - [TEST_STEP][PASSED] - nameOfBlock = "": null

02-12-2024T07:35:23 - [TEST_STEP][PASSED] - Script1710234207206.PreSettings(run, vir, block, nameOfBlock, typeOfData, todaysDate): null

02-12-2024T07:35:23 - [TEST_STEP][PASSED] - openBrowser(""): Browser is opened with url: ''

02-12-2024T07:35:23 - [MESSAGE][INFO] - Starting 'Chrome' driver

02-12-2024T07:35:23 - [MESSAGE][INFO] - Action delay is set to 0 milliseconds

02-12-2024T07:35:24 - [MESSAGE][PASSED] - Browser is opened with url: ''

02-12-2024T07:35:24 - [TEST_STEP][PASSED] - refresh(): Refresh successfully

02-12-2024T07:35:24 - [MESSAGE][PASSED] - Refresh successfully

02-12-2024T07:35:24 - [TEST_STEP][PASSED] - delay(50): Delayed 50 second(s)

02-12-2024T07:36:14 - [MESSAGE][PASSED] - Delayed 50 second(s)

02-12-2024T07:36:14 - [TEST_STEP][PASSED] - println("run:" + run): null

02-12-2024T07:36:14 - [TEST_STEP][PASSED] - println("vir:" + vir): null

02-12-2024T07:36:14 - [TEST_STEP][PASSED] - println("block:" + block): null

02-12-2024T07:36:14 - [TEST_STEP][PASSED] - if (block == 1): null

02-12-2024T07:36:14 - [TEST_STEP][PASSED] - nameOfBlock = "": null

02-12-2024T07:36:14 - [TEST_STEP][PASSED] - println("nameOfBlock:" + nameOfBlock): null

02-12-2024T07:36:14 - [TEST_STEP][PASSED] - println("typeOfData:" + typeOfData): null

02-12-2024T07:36:14 - [TEST_STEP][PASSED] - println("todaysDate:" + todaysDate): null

02-12-2024T07:36:14 - [TEST_STEP][PASSED] - Script1710234207206.Autorization(block, nameOfBlock): null

02-12-2024T07:36:14 - [TEST_STEP][PASSED] - i = <not implemented yet for class: org.codehaus.groovy.ast.expr.EmptyExpression>: null

02-12-2024T07:36:14 - [TEST_STEP][PASSED] - ii = <not implemented yet for class: org.codehaus.groovy.ast.expr.EmptyExpression>: null

02-12-2024T07:36:14 - [TEST_STEP][PASSED] - urlData = <not implemented yet for class: org.codehaus.groovy.ast.expr.EmptyExpression>: null

02-12-2024T07:36:14 - [TEST_STEP][PASSED] - searchWord = <not implemented yet for class: org.codehaus.groovy.ast.expr.EmptyExpression>: null

02-12-2024T07:36:14 - [TEST_STEP][PASSED] - urlText = <not implemented yet for class: org.codehaus.groovy.ast.expr.EmptyExpression>: null

02-12-2024T07:36:14 - [TEST_STEP][PASSED] - println("block:" + block): null

02-12-2024T07:36:14 - [TEST_STEP][PASSED] - if (block == 1): null

02-12-2024T07:36:14 - [TEST_STEP][PASSED] - nameOfBlock = "": null

02-12-2024T07:36:14 - [TEST_STEP][PASSED] - println("nameOfBlock:" + nameOfBlock): null

02-12-2024T07:36:14 - [TEST_STEP][PASSED] - if (block == 1): Delayed 45 second(s)

02-12-2024T07:36:14 - [TEST_STEP][PASSED] - urlData = 2: null

02-12-2024T07:36:14 - [TEST_STEP][PASSED] - delay(45): Delayed 45 second(s)

02-12-2024T07:36:59 - [MESSAGE][PASSED] - Delayed 45 second(s)

02-12-2024T07:36:59 - [TEST_STEP][PASSED] - navigateToUrl(findTestData("PlanFact").getValue(10, urlData)): Navigate to 'https://bi.rosseti.digital/viewer?dashboardGuid=2301950b23be4ed89c1df75f2020051e&sheetGuid=b723206f698544fb87299f3095c00435&fit=true' successfully

02-12-2024T07:37:05 - [MESSAGE][PASSED] - Navigate to 'https://bi.rosseti.digital/viewer?dashboardGuid=2301950b23be4ed89c1df75f2020051e&sheetGuid=b723206f698544fb87299f3095c00435&fit=true' successfully

02-12-2024T07:37:05 - [TEST_STEP][PASSED] - urlText = getText(findTestObject("Страница авторизации/Text")): Text of object 'Object Repository/Страница авторизации/Text' is: 'Вход'

02-12-2024T07:37:08 - [MESSAGE][PASSED] - Text of object 'Object Repository/Страница авторизации/Text' is: 'Вход'

02-12-2024T07:37:08 - [TEST_STEP][PASSED] - searchWord = "Вход": null

02-12-2024T07:37:08 - [TEST_STEP][PASSED] - if (urlText == null || urlText.contains("ошибка") || urlText.contains(searchWord) == false): null

02-12-2024T07:37:08 - [TEST_STEP][PASSED] - if (verifyElementPresent(findTestObject("Страница авторизации/button_"), 30) == true): null

02-12-2024T07:37:08 - [MESSAGE][PASSED] - Object 'Object Repository/Страница авторизации/button_' is present

02-12-2024T07:37:08 - [TEST_STEP][PASSED] - setText(findTestObject("Страница авторизации/input__username"), findTestData("PlanFact").getValue(8, 1)): Text 'liazgina-di' is set on object 'Object Repository/Страница авторизации/input__username'

02-12-2024T07:37:09 - [MESSAGE][PASSED] - Text 'liazgina-di' is set on object 'Object Repository/Страница авторизации/input__username'

02-12-2024T07:37:09 - [TEST_STEP][PASSED] - setText(findTestObject("Страница авторизации/input__password"), findTestData("PlanFact").getValue(9, 1)): Text ')$%5srZ8o688Dm#q' is set on object 'Object Repository/Страница авторизации/input__password'

02-12-2024T07:37:10 - [MESSAGE][PASSED] - Text ')$%5srZ8o688Dm#q' is set on object 'Object Repository/Страница авторизации/input__password'

02-12-2024T07:37:10 - [TEST_STEP][PASSED] - click(findTestObject("Страница авторизации/button_")): Object: 'Object Repository/Страница авторизации/button_' is clicked on

02-12-2024T07:37:12 - [MESSAGE][PASSED] - Object: 'Object Repository/Страница авторизации/button_' is clicked on

02-12-2024T07:37:12 - [TEST_STEP][PASSED] - delay(45): Delayed 45 second(s)

02-12-2024T07:37:57 - [MESSAGE][PASSED] - Delayed 45 second(s)

02-12-2024T07:37:57 - [TEST_STEP][PASSED] - urlText = getText(findTestObject("Страница авторизации/Text")): Text of object 'Object Repository/Страница авторизации/Text' is: 'Период
1, 2, 3 кв., Октябрь 2024 года
Выручка
Все
Выполнение плановых показателей по ПАО Россети за 1, 2, 3 кв., Октябрь 2024 года
План
Факт
Динамика
2024 год
0 млн.руб.
100 000 млн.руб.
200 000 млн.руб.
300 000 млн.руб.
400 000 млн.руб.
500 000 млн.руб.
600 000 млн.руб.
700 000 млн.руб.
800 000 млн.руб.
900 000 млн.руб.
1 000 000 млн.руб.
1 100 000 млн.руб.
1 200 000 млн.руб.
1 300 000 млн.руб.
1 400 000 млн.руб.
1 180 677
1 181 459
↑
ДЗО 
Все
Внутренний оборот - выручка за услуги по передаче электрической энергии, учтенная в выручке за электроэнергию для конечных потребителей, при выполнении ДЗО функций гарантирующего поставщика
Подписи данных
⬤Отклонение
АО «Тываэнерго»
АО «Чеченэнерго»
Россети Волга
Россети Кубань
Россети Ленэнерго (ГК)
Россети Московский регион
Россети Северный Кавказ (ГК)
Россети Северо-Запад
Россети Сибирь (ГК)
Россети Томск
Россети Тюмень
Россети Урал (ГК)
Россети ФСК ЕЭС
Россети Центр
Россети Центр и Приволжье (ГК)
Россети Юг (ГК)
Россети Янтарь
-25 000млн.руб.
-20 000млн.руб.
-15 000млн.руб.
-10 000млн.руб.
-5 000млн.руб.
0млн.руб.
5 000млн.руб.
10 …
-30 000млн.руб.
300
101
156
3 953
4 462
7 500
888
878
1 274
238
-5 106
1 955
-24 344
2 435
4 419
1 357
318
млн.
%
Выручка
Отклонение выручки по ПАО Россети за 1, 2, 3 кв., Октябрь 2024 года (факт/план, млн. руб)
ПАО Россети
782.4 млн.руб.
 '

02-12-2024T07:37:57 - [MESSAGE][PASSED] - Text of object 'Object Repository/Страница авторизации/Text' is: 'Период
1, 2, 3 кв., Октябрь 2024 года
Выручка
Все
Выполнение плановых показателей по ПАО Россети за 1, 2, 3 кв., Октябрь 2024 года
План
Факт
Динамика
2024 год
0 млн.руб.
100 000 млн.руб.
200 000 млн.руб.
300 000 млн.руб.
400 000 млн.руб.
500 000 млн.руб.
600 000 млн.руб.
700 000 млн.руб.
800 000 млн.руб.
900 000 млн.руб.
1 000 000 млн.руб.
1 100 000 млн.руб.
1 200 000 млн.руб.
1 300 000 млн.руб.
1 400 000 млн.руб.
1 180 677
1 181 459
↑
ДЗО 
Все
Внутренний оборот - выручка за услуги по передаче электрической энергии, учтенная в выручке за электроэнергию для конечных потребителей, при выполнении ДЗО функций гарантирующего поставщика
Подписи данных
⬤Отклонение
АО «Тываэнерго»
АО «Чеченэнерго»
Россети Волга
Россети Кубань
Россети Ленэнерго (ГК)
Россети Московский регион
Россети Северный Кавказ (ГК)
Россети Северо-Запад
Россети Сибирь (ГК)
Россети Томск
Россети Тюмень
Россети Урал (ГК)
Россети ФСК ЕЭС
Россети Центр
Россети Центр и Приволжье (ГК)
Россети Юг (ГК)
Россети Янтарь
-25 000млн.руб.
-20 000млн.руб.
-15 000млн.руб.
-10 000млн.руб.
-5 000млн.руб.
0млн.руб.
5 000млн.руб.
10 …
-30 000млн.руб.
300
101
156
3 953
4 462
7 500
888
878
1 274
238
-5 106
1 955
-24 344
2 435
4 419
1 357
318
млн.
%
Выручка
Отклонение выручки по ПАО Россети за 1, 2, 3 кв., Октябрь 2024 года (факт/план, млн. руб)
ПАО Россети
782.4 млн.руб.
 '

02-12-2024T07:37:57 - [TEST_STEP][PASSED] - searchWord = "а": null

02-12-2024T07:37:57 - [TEST_STEP][PASSED] - if (urlText.contains("ошибка") || urlText.contains(searchWord) == false): null

02-12-2024T07:37:57 - [TEST_STEP][PASSED] - delay(45): Delayed 45 second(s)

02-12-2024T07:38:42 - [MESSAGE][PASSED] - Delayed 45 second(s)

02-12-2024T07:38:42 - [TEST_STEP][PASSED] - if (block == 2): null

02-12-2024T07:38:42 - [TEST_STEP][PASSED] - click(findTestObject("Выручка в рублях/Фильтр Период" + nameOfBlock)): Object: 'Object Repository/Выручка в рублях/Фильтр Период' is clicked on

02-12-2024T07:38:43 - [MESSAGE][PASSED] - Object: 'Object Repository/Выручка в рублях/Фильтр Период' is clicked on

02-12-2024T07:38:43 - [TEST_STEP][PASSED] - click(findTestObject("Выручка в рублях/Снять выделение в фильтре Дата" + nameOfBlock)): Object: 'Object Repository/Выручка в рублях/Снять выделение в фильтре Дата' is clicked on

02-12-2024T07:38:43 - [MESSAGE][PASSED] - Object: 'Object Repository/Выручка в рублях/Снять выделение в фильтре Дата' is clicked on

02-12-2024T07:38:43 - [TEST_STEP][PASSED] - click(findTestObject("Выручка в рублях/Применить в фильтре Дата" + nameOfBlock)): Object: 'Object Repository/Выручка в рублях/Применить в фильтре Дата' is clicked on

02-12-2024T07:38:44 - [MESSAGE][PASSED] - Object: 'Object Repository/Выручка в рублях/Применить в фильтре Дата' is clicked on

02-12-2024T07:38:44 - [TEST_STEP][PASSED] - delay(50): Delayed 50 second(s)

02-12-2024T07:39:34 - [MESSAGE][PASSED] - Delayed 50 second(s)

02-12-2024T07:39:34 - [TEST_STEP][PASSED] - click(findTestObject("Выручка в рублях/Фильтр Период" + nameOfBlock)): Object: 'Object Repository/Выручка в рублях/Фильтр Период' is clicked on

02-12-2024T07:39:34 - [MESSAGE][PASSED] - Object: 'Object Repository/Выручка в рублях/Фильтр Период' is clicked on

02-12-2024T07:39:34 - [TEST_STEP][PASSED] - click(findTestObject("Выручка в рублях/Снять выделение в фильтре Дата" + nameOfBlock)): Object: 'Object Repository/Выручка в рублях/Снять выделение в фильтре Дата' is clicked on

02-12-2024T07:39:35 - [MESSAGE][PASSED] - Object: 'Object Repository/Выручка в рублях/Снять выделение в фильтре Дата' is clicked on

02-12-2024T07:39:35 - [TEST_STEP][PASSED] - scrollToElement(findTestObject("Выручка в рублях/2024 список" + nameOfBlock), 30): Scroll to object 'Object Repository/Выручка в рублях/2024 список' successfully

02-12-2024T07:39:35 - [MESSAGE][PASSED] - Scroll to object 'Object Repository/Выручка в рублях/2024 список' successfully

02-12-2024T07:39:35 - [TEST_STEP][PASSED] - click(findTestObject("Выручка в рублях/2024 список" + nameOfBlock)): Object: 'Object Repository/Выручка в рублях/2024 список' is clicked on

02-12-2024T07:39:35 - [MESSAGE][PASSED] - Object: 'Object Repository/Выручка в рублях/2024 список' is clicked on

02-12-2024T07:39:35 - [TEST_STEP][PASSED] - scrollToElement(findTestObject("Выручка в рублях/1 квартал 2024 выбрать" + nameOfBlock), 30): Scroll to object 'Object Repository/Выручка в рублях/1 квартал 2024 выбрать' successfully

02-12-2024T07:39:36 - [MESSAGE][PASSED] - Scroll to object 'Object Repository/Выручка в рублях/1 квартал 2024 выбрать' successfully

02-12-2024T07:39:36 - [TEST_STEP][PASSED] - click(findTestObject("Выручка в рублях/1 квартал 2024 выбрать" + nameOfBlock)): Object: 'Object Repository/Выручка в рублях/1 квартал 2024 выбрать' is clicked on

02-12-2024T07:39:36 - [MESSAGE][PASSED] - Object: 'Object Repository/Выручка в рублях/1 квартал 2024 выбрать' is clicked on

02-12-2024T07:39:36 - [TEST_STEP][PASSED] - scrollToElement(findTestObject("Выручка в рублях/2 квартал 2024 выбрать" + nameOfBlock), 30): Scroll to object 'Object Repository/Выручка в рублях/2 квартал 2024 выбрать' successfully

02-12-2024T07:39:37 - [MESSAGE][PASSED] - Scroll to object 'Object Repository/Выручка в рублях/2 квартал 2024 выбрать' successfully

02-12-2024T07:39:37 - [TEST_STEP][PASSED] - click(findTestObject("Выручка в рублях/2 квартал 2024 выбрать" + nameOfBlock)): Object: 'Object Repository/Выручка в рублях/2 квартал 2024 выбрать' is clicked on

02-12-2024T07:39:37 - [MESSAGE][PASSED] - Object: 'Object Repository/Выручка в рублях/2 квартал 2024 выбрать' is clicked on

02-12-2024T07:39:37 - [TEST_STEP][PASSED] - scrollToElement(findTestObject("Выручка в рублях/3 квартал 2024 список" + nameOfBlock), 30): Scroll to object 'Object Repository/Выручка в рублях/3 квартал 2024 список' successfully

02-12-2024T07:39:38 - [MESSAGE][PASSED] - Scroll to object 'Object Repository/Выручка в рублях/3 квартал 2024 список' successfully

02-12-2024T07:39:38 - [TEST_STEP][PASSED] - click(findTestObject("Выручка в рублях/3 квартал 2024" + nameOfBlock)): Object: 'Object Repository/Выручка в рублях/3 квартал 2024' is clicked on

02-12-2024T07:39:38 - [MESSAGE][PASSED] - Object: 'Object Repository/Выручка в рублях/3 квартал 2024' is clicked on

02-12-2024T07:39:38 - [TEST_STEP][PASSED] - scrollToElement(findTestObject("Выручка в рублях/4 квартал 2024 список" + nameOfBlock), 30): Scroll to object 'Object Repository/Выручка в рублях/4 квартал 2024 список' successfully

02-12-2024T07:39:39 - [MESSAGE][PASSED] - Scroll to object 'Object Repository/Выручка в рублях/4 квартал 2024 список' successfully

02-12-2024T07:39:39 - [TEST_STEP][PASSED] - click(findTestObject("Выручка в рублях/4 квартал 2024 список" + nameOfBlock)): Object: 'Object Repository/Выручка в рублях/4 квартал 2024 список' is clicked on

02-12-2024T07:39:39 - [MESSAGE][PASSED] - Object: 'Object Repository/Выручка в рублях/4 квартал 2024 список' is clicked on

02-12-2024T07:39:39 - [TEST_STEP][PASSED] - scrollToElement(findTestObject("Выручка в рублях/Октябрь 2024" + nameOfBlock), 30): Scroll to object 'Object Repository/Выручка в рублях/Октябрь 2024' successfully

02-12-2024T07:39:39 - [MESSAGE][PASSED] - Scroll to object 'Object Repository/Выручка в рублях/Октябрь 2024' successfully

02-12-2024T07:39:39 - [TEST_STEP][PASSED] - click(findTestObject("Выручка в рублях/Октябрь 2024" + nameOfBlock)): Object: 'Object Repository/Выручка в рублях/Октябрь 2024' is clicked on

02-12-2024T07:39:39 - [MESSAGE][PASSED] - Object: 'Object Repository/Выручка в рублях/Октябрь 2024' is clicked on

02-12-2024T07:39:39 - [TEST_STEP][PASSED] - scrollToElement(findTestObject("Выручка в рублях/Заголовок дашборда" + nameOfBlock), 30): Scroll to object 'Object Repository/Выручка в рублях/Заголовок дашборда' successfully

02-12-2024T07:39:40 - [MESSAGE][PASSED] - Scroll to object 'Object Repository/Выручка в рублях/Заголовок дашборда' successfully

02-12-2024T07:39:40 - [TEST_STEP][PASSED] - click(findTestObject("Выручка в рублях/Применить в фильтре Дата" + nameOfBlock)): Object: 'Object Repository/Выручка в рублях/Применить в фильтре Дата' is clicked on

02-12-2024T07:39:41 - [MESSAGE][PASSED] - Object: 'Object Repository/Выручка в рублях/Применить в фильтре Дата' is clicked on

02-12-2024T07:39:41 - [TEST_STEP][PASSED] - delay(55): Delayed 55 second(s)

02-12-2024T07:40:36 - [MESSAGE][PASSED] - Delayed 55 second(s)

02-12-2024T07:40:36 - [TEST_STEP][PASSED] - click(findTestObject("Выручка в рублях/Фильтр ДЗО" + nameOfBlock)): Object: 'Object Repository/Выручка в рублях/Фильтр ДЗО' is clicked on

02-12-2024T07:40:36 - [MESSAGE][PASSED] - Object: 'Object Repository/Выручка в рублях/Фильтр ДЗО' is clicked on

02-12-2024T07:40:36 - [TEST_STEP][PASSED] - click(findTestObject("Выручка в рублях/Снять выделение в фильтре ДЗО" + nameOfBlock)): Object: 'Object Repository/Выручка в рублях/Снять выделение в фильтре ДЗО' is clicked on

02-12-2024T07:40:36 - [MESSAGE][PASSED] - Object: 'Object Repository/Выручка в рублях/Снять выделение в фильтре ДЗО' is clicked on

02-12-2024T07:40:36 - [TEST_STEP][PASSED] - click(findTestObject("Выручка в рублях/Применить в фильтре ДЗО" + nameOfBlock)): Object: 'Object Repository/Выручка в рублях/Применить в фильтре ДЗО' is clicked on

02-12-2024T07:40:37 - [MESSAGE][PASSED] - Object: 'Object Repository/Выручка в рублях/Применить в фильтре ДЗО' is clicked on

02-12-2024T07:40:37 - [TEST_STEP][PASSED] - delay(50): Delayed 50 second(s)

02-12-2024T07:41:27 - [MESSAGE][PASSED] - Delayed 50 second(s)

02-12-2024T07:41:27 - [TEST_STEP][PASSED] - Script1710234207206.Tumbler(run, vir, block, nameOfBlock): null

02-12-2024T07:41:27 - [TEST_STEP][PASSED] - println("run:" + run): null

02-12-2024T07:41:27 - [TEST_STEP][PASSED] - println("vir:" + vir): null

02-12-2024T07:41:27 - [TEST_STEP][PASSED] - println("block:" + block): null

02-12-2024T07:41:27 - [TEST_STEP][PASSED] - println("nameOfBlock:" + nameOfBlock): null

02-12-2024T07:41:27 - [TEST_STEP][PASSED] - if (vir == 1): null

02-12-2024T07:41:27 - [TEST_STEP][PASSED] - else if (vir == 2): null

02-12-2024T07:41:27 - [TEST_STEP][PASSED] - else if (vir == 3): Object: 'Object Repository/Выручка в рублях/Применить в фильтре Выручка' is clicked on

02-12-2024T07:41:27 - [TEST_STEP][PASSED] - if (run == 2): null

02-12-2024T07:41:27 - [TEST_STEP][PASSED] - click(findTestObject("Выручка в рублях/Фильтр Выручка" + nameOfBlock)): Object: 'Object Repository/Выручка в рублях/Фильтр Выручка' is clicked on

02-12-2024T07:41:27 - [MESSAGE][PASSED] - Object: 'Object Repository/Выручка в рублях/Фильтр Выручка' is clicked on

02-12-2024T07:41:27 - [TEST_STEP][PASSED] - click(findTestObject("Выручка в рублях/Внутренний оборот в фильтре Выручка" + nameOfBlock)): Object: 'Object Repository/Выручка в рублях/Внутренний оборот в фильтре Выручка' is clicked on

02-12-2024T07:41:28 - [MESSAGE][PASSED] - Object: 'Object Repository/Выручка в рублях/Внутренний оборот в фильтре Выручка' is clicked on

02-12-2024T07:41:28 - [TEST_STEP][PASSED] - click(findTestObject("Выручка в рублях/Применить в фильтре Выручка" + nameOfBlock)): Object: 'Object Repository/Выручка в рублях/Применить в фильтре Выручка' is clicked on

02-12-2024T07:41:29 - [MESSAGE][PASSED] - Object: 'Object Repository/Выручка в рублях/Применить в фильтре Выручка' is clicked on

02-12-2024T07:41:29 - [TEST_STEP][PASSED] - click(findTestObject("Выручка в рублях/Фильтр ДЗО" + nameOfBlock)): Object: 'Object Repository/Выручка в рублях/Фильтр ДЗО' is clicked on

02-12-2024T07:41:31 - [MESSAGE][PASSED] - Object: 'Object Repository/Выручка в рублях/Фильтр ДЗО' is clicked on

02-12-2024T07:41:31 - [TEST_STEP][PASSED] - Script1710234207206.Rosseti(nameOfBlock): null

02-12-2024T07:41:31 - [TEST_STEP][PASSED] - println("nameOfBlock:" + nameOfBlock): null

02-12-2024T07:41:31 - [TEST_STEP][PASSED] - click(findTestObject("Выручка в рублях/ПАО Россети" + nameOfBlock)): Object: 'Object Repository/Выручка в рублях/ПАО Россети' is clicked on

02-12-2024T07:41:31 - [MESSAGE][PASSED] - Object: 'Object Repository/Выручка в рублях/ПАО Россети' is clicked on

02-12-2024T07:41:31 - [TEST_STEP][PASSED] - click(findTestObject("Выручка в рублях/Применить в фильтре ДЗО" + nameOfBlock)): Object: 'Object Repository/Выручка в рублях/Применить в фильтре ДЗО' is clicked on

02-12-2024T07:41:32 - [MESSAGE][PASSED] - Object: 'Object Repository/Выручка в рублях/Применить в фильтре ДЗО' is clicked on

02-12-2024T07:41:32 - [TEST_STEP][PASSED] - if (run == 2): null

02-12-2024T07:41:32 - [TEST_STEP][PASSED] - if (vir == 1 || vir == 2): null

02-12-2024T07:41:32 - [TEST_STEP][PASSED] - else: Text of object 'Object Repository/Выручка в рублях/vir3Plan' is: '19 961'

02-12-2024T07:41:32 - [TEST_STEP][PASSED] - a1 = getText(findTestObject("Выручка в рублях/vir3Plan")): Text of object 'Object Repository/Выручка в рублях/vir3Plan' is: '19 961'

02-12-2024T07:41:35 - [MESSAGE][PASSED] - Text of object 'Object Repository/Выручка в рублях/vir3Plan' is: '19 961'

02-12-2024T07:41:35 - [TEST_STEP][PASSED] - if (vir == 1 || vir == 2): null

02-12-2024T07:41:35 - [TEST_STEP][PASSED] - else: Text of object 'Object Repository/Выручка в рублях/vir3Fact' is: '20 654'

02-12-2024T07:41:35 - [TEST_STEP][PASSED] - a2 = getText(findTestObject("Выручка в рублях/vir3Fact")): Text of object 'Object Repository/Выручка в рублях/vir3Fact' is: '20 654'

02-12-2024T07:41:35 - [MESSAGE][PASSED] - Text of object 'Object Repository/Выручка в рублях/vir3Fact' is: '20 654'

02-12-2024T07:41:35 - [TEST_STEP][PASSED] - a30 = getText(findTestObject("Выручка в рублях/span1" + perc)): Text of object 'Object Repository/Выручка в рублях/span1' is: '692.6 млн.руб.'

02-12-2024T07:41:36 - [MESSAGE][PASSED] - Text of object 'Object Repository/Выручка в рублях/span1' is: '692.6 млн.руб.'

02-12-2024T07:41:36 - [TEST_STEP][PASSED] - i = a30.indexOf("млн.руб."): null

02-12-2024T07:41:36 - [TEST_STEP][PASSED] - if (i > -1): null

02-12-2024T07:41:36 - [TEST_STEP][PASSED] - a30 = a30.substring(0, i): null

02-12-2024T07:41:36 - [TEST_STEP][PASSED] - a30 = a30.replaceAll(" ", ""): null

02-12-2024T07:41:36 - [TEST_STEP][PASSED] - if (a30.contains("%")): null

02-12-2024T07:41:36 - [TEST_STEP][PASSED] - a30 = ").trim(): null

02-12-2024T07:41:36 - [TEST_STEP][PASSED] - println("a30: " + a30): null

02-12-2024T07:41:36 - [TEST_STEP][PASSED] - if (vir == 1 || vir == 2): null

02-12-2024T07:41:36 - [TEST_STEP][PASSED] - else: Text of object 'Object Repository/Выручка в рублях/span15' is: '-84'

02-12-2024T07:41:36 - [TEST_STEP][PASSED] - a31 = ").trim(): Text of object 'Object Repository/Выручка в рублях/span15' is: '-84'

02-12-2024T07:41:36 - [MESSAGE][PASSED] - Text of object 'Object Repository/Выручка в рублях/span15' is: '-84'

02-12-2024T07:41:36 - [TEST_STEP][PASSED] - if (vir == 1 || vir == 2): null

02-12-2024T07:41:36 - [TEST_STEP][PASSED] - else: Text of object 'Object Repository/Выручка в рублях/span16' is: '113'

02-12-2024T07:41:36 - [TEST_STEP][PASSED] - a32 = ").trim(): Text of object 'Object Repository/Выручка в рублях/span16' is: '113'

02-12-2024T07:41:36 - [MESSAGE][PASSED] - Text of object 'Object Repository/Выручка в рублях/span16' is: '113'

02-12-2024T07:41:36 - [TEST_STEP][PASSED] - if (vir == 1 || vir == 2): null

02-12-2024T07:41:36 - [TEST_STEP][PASSED] - else: Text of object 'Object Repository/Выручка в рублях/span17' is: '625'

02-12-2024T07:41:36 - [TEST_STEP][PASSED] - a37 = ").trim(): Text of object 'Object Repository/Выручка в рублях/span17' is: '625'

02-12-2024T07:41:36 - [MESSAGE][PASSED] - Text of object 'Object Repository/Выручка в рублях/span17' is: '625'

02-12-2024T07:41:36 - [TEST_STEP][PASSED] - if (vir == 1 || vir == 2): null

02-12-2024T07:41:36 - [TEST_STEP][PASSED] - else: Text of object 'Object Repository/Выручка в рублях/span18' is: '38'

02-12-2024T07:41:36 - [TEST_STEP][PASSED] - a316 = ").trim(): Text of object 'Object Repository/Выручка в рублях/span18' is: '38'

02-12-2024T07:41:37 - [MESSAGE][PASSED] - Text of object 'Object Repository/Выручка в рублях/span18' is: '38'

02-12-2024T07:41:37 - [TEST_STEP][PASSED] - if (vir == 1 || vir == 2): null

02-12-2024T07:41:37 - [TEST_STEP][PASSED] - block = 2: null

02-12-2024T07:41:37 - [TEST_STEP][PASSED] - nameOfBlock = " Выручка": null

02-12-2024T07:41:37 - [TEST_STEP][PASSED] - Script1710234207206.PreSettings(run, vir, block, nameOfBlock, typeOfData, todaysDate): null

02-12-2024T07:41:37 - [TEST_STEP][PASSED] - openBrowser(""): Browser is opened with url: ''

02-12-2024T07:41:37 - [MESSAGE][WARNING] - A browser is already opened. Closing browser and opening a new one

02-12-2024T07:41:37 - [MESSAGE][INFO] - Starting 'Chrome' driver

02-12-2024T07:41:37 - [MESSAGE][INFO] - Action delay is set to 0 milliseconds

02-12-2024T07:41:38 - [MESSAGE][PASSED] - Browser is opened with url: ''

02-12-2024T07:41:38 - [TEST_STEP][PASSED] - refresh(): Refresh successfully

02-12-2024T07:41:38 - [MESSAGE][PASSED] - Refresh successfully

02-12-2024T07:41:38 - [TEST_STEP][PASSED] - delay(50): Delayed 50 second(s)

02-12-2024T07:42:28 - [MESSAGE][PASSED] - Delayed 50 second(s)

02-12-2024T07:42:28 - [TEST_STEP][PASSED] - println("run:" + run): null

02-12-2024T07:42:28 - [TEST_STEP][PASSED] - println("vir:" + vir): null

02-12-2024T07:42:28 - [TEST_STEP][PASSED] - println("block:" + block): null

02-12-2024T07:42:28 - [TEST_STEP][PASSED] - if (block == 1): null

02-12-2024T07:42:28 - [TEST_STEP][PASSED] - else: null

02-12-2024T07:42:28 - [TEST_STEP][PASSED] - nameOfBlock = " Выручка": null

02-12-2024T07:42:28 - [TEST_STEP][PASSED] - println("nameOfBlock:" + nameOfBlock): null

02-12-2024T07:42:28 - [TEST_STEP][PASSED] - println("typeOfData:" + typeOfData): null

02-12-2024T07:42:28 - [TEST_STEP][PASSED] - println("todaysDate:" + todaysDate): null

02-12-2024T07:42:28 - [TEST_STEP][PASSED] - Script1710234207206.Autorization(block, nameOfBlock): null

02-12-2024T07:42:28 - [TEST_STEP][PASSED] - i = <not implemented yet for class: org.codehaus.groovy.ast.expr.EmptyExpression>: null

02-12-2024T07:42:28 - [TEST_STEP][PASSED] - ii = <not implemented yet for class: org.codehaus.groovy.ast.expr.EmptyExpression>: null

02-12-2024T07:42:28 - [TEST_STEP][PASSED] - urlData = <not implemented yet for class: org.codehaus.groovy.ast.expr.EmptyExpression>: null

02-12-2024T07:42:28 - [TEST_STEP][PASSED] - searchWord = <not implemented yet for class: org.codehaus.groovy.ast.expr.EmptyExpression>: null

02-12-2024T07:42:28 - [TEST_STEP][PASSED] - urlText = <not implemented yet for class: org.codehaus.groovy.ast.expr.EmptyExpression>: null

02-12-2024T07:42:28 - [TEST_STEP][PASSED] - println("block:" + block): null

02-12-2024T07:42:28 - [TEST_STEP][PASSED] - if (block == 1): null

02-12-2024T07:42:28 - [TEST_STEP][PASSED] - else: null

02-12-2024T07:42:28 - [TEST_STEP][PASSED] - delay(45): Delayed 45 second(s)

02-12-2024T07:43:13 - [MESSAGE][PASSED] - Delayed 45 second(s)

02-12-2024T07:43:13 - [TEST_STEP][PASSED] - nameOfBlock = " Выручка": null

02-12-2024T07:43:13 - [TEST_STEP][PASSED] - println("nameOfBlock:" + nameOfBlock): null

02-12-2024T07:43:13 - [TEST_STEP][PASSED] - if (block == 1): null

02-12-2024T07:43:13 - [TEST_STEP][PASSED] - else: Delayed 45 second(s)

02-12-2024T07:43:13 - [TEST_STEP][PASSED] - urlData = 9: null

02-12-2024T07:43:13 - [TEST_STEP][PASSED] - delay(45): Delayed 45 second(s)

02-12-2024T07:43:58 - [MESSAGE][PASSED] - Delayed 45 second(s)

02-12-2024T07:43:58 - [TEST_STEP][PASSED] - navigateToUrl(findTestData("PlanFact").getValue(10, urlData)): Navigate to 'https://bi.rosseti.digital/viewer?dashboardGuid=a1fd28b3785d443cbc4d7690a1d78e31&sheetGuid=86092a20c5984827a0c87b24cac76a50&fit=true' successfully

02-12-2024T07:44:04 - [MESSAGE][PASSED] - Navigate to 'https://bi.rosseti.digital/viewer?dashboardGuid=a1fd28b3785d443cbc4d7690a1d78e31&sheetGuid=86092a20c5984827a0c87b24cac76a50&fit=true' successfully

02-12-2024T07:44:04 - [TEST_STEP][PASSED] - urlText = getText(findTestObject("Страница авторизации/Text")): Text of object 'Object Repository/Страница авторизации/Text' is: 'Вход'

02-12-2024T07:44:07 - [MESSAGE][PASSED] - Text of object 'Object Repository/Страница авторизации/Text' is: 'Вход'

02-12-2024T07:44:07 - [TEST_STEP][PASSED] - searchWord = "Вход": null

02-12-2024T07:44:07 - [TEST_STEP][PASSED] - if (urlText == null || urlText.contains("ошибка") || urlText.contains(searchWord) == false): null

02-12-2024T07:44:07 - [TEST_STEP][PASSED] - if (verifyElementPresent(findTestObject("Страница авторизации/button_"), 30) == true): null

02-12-2024T07:44:07 - [MESSAGE][PASSED] - Object 'Object Repository/Страница авторизации/button_' is present

02-12-2024T07:44:07 - [TEST_STEP][PASSED] - setText(findTestObject("Страница авторизации/input__username"), findTestData("PlanFact").getValue(8, 1)): Text 'liazgina-di' is set on object 'Object Repository/Страница авторизации/input__username'

02-12-2024T07:44:08 - [MESSAGE][PASSED] - Text 'liazgina-di' is set on object 'Object Repository/Страница авторизации/input__username'

02-12-2024T07:44:08 - [TEST_STEP][PASSED] - setText(findTestObject("Страница авторизации/input__password"), findTestData("PlanFact").getValue(9, 1)): Text ')$%5srZ8o688Dm#q' is set on object 'Object Repository/Страница авторизации/input__password'

02-12-2024T07:44:09 - [MESSAGE][PASSED] - Text ')$%5srZ8o688Dm#q' is set on object 'Object Repository/Страница авторизации/input__password'

02-12-2024T07:44:09 - [TEST_STEP][PASSED] - click(findTestObject("Страница авторизации/button_")): Object: 'Object Repository/Страница авторизации/button_' is clicked on

02-12-2024T07:44:11 - [MESSAGE][PASSED] - Object: 'Object Repository/Страница авторизации/button_' is clicked on

02-12-2024T07:44:11 - [TEST_STEP][PASSED] - delay(45): Delayed 45 second(s)

02-12-2024T07:44:56 - [MESSAGE][PASSED] - Delayed 45 second(s)

02-12-2024T07:44:56 - [TEST_STEP][PASSED] - urlText = getText(findTestObject("Страница авторизации/Text")): Text of object 'Object Repository/Страница авторизации/Text' is: 'Период
Выбрано: 4
Выручка
Все
Выполнение плановых показателей, млн.руб.
План
Факт
Динамика
2024 год
0 млн.руб.
100 000 млн.руб.
200 000 млн.руб.
300 000 млн.руб.
400 000 млн.руб.
500 000 млн.руб.
600 000 млн.руб.
700 000 млн.руб.
800 000 млн.руб.
900 000 млн.руб.
1 000 000 млн.руб.
1 100 000 млн.руб.
1 200 000 млн.руб.
1 300 000 млн.руб.
1 400 000 млн.руб.
1 180 677
1 181 459
↑
ДЗО 
Все
Подписи данных
⬤Отклонение
АО «Тываэнерго»
АО «Чеченэнерго»
Россети Волга
Россети Кубань
Россети Ленэнерго (ГК)
Россети Московский регион
Россети Северный Кавказ (ГК)
Россети Северо-Запад
Россети Сибирь (ГК)
Россети Томск
Россети Тюмень
Россети Урал (ГК)
Россети ФСК ЕЭС
Россети Центр
Россети Центр и Приволжье (ГК)
Россети Юг (ГК)
Россети Янтарь
-27 500 млн.руб.
-25 000 млн.руб.
-22 500 млн.руб.
-20 000 млн.руб.
-17 500 млн.руб.
-15 000 млн.руб.
-12 500 млн.руб.
-10 000 млн.руб.
-7 500 млн.руб.
-5 000 млн.руб.
-2 500 млн.руб.
0 млн.руб.
2 500 млн.руб.
5 000 млн.руб.
7 500 млн.руб.
10 000 млн.руб.
300
101
156
3 953
4 462
7 500
888
878
1 274
238
-5 106
1 955
-24 344
2 435
4 419
1 357
318
млн.
%
Выручка
Отклонение выручки (факт/план, млн. руб) 
ПАО Россети
782.4 млн.руб.
Статус данных
×
Просьба обратить внимание
Данные занесены не полностью
ВЫБРАННЫЕ ЗНАЧЕНИЯ ФИЛЬТРОВ
ДЗО | ПЕРИОД
ПАО Россети: [«Выбраны все филиалы по всем ДЗО по всем категориям»]
2024: [Янв, Фев, Мар, Апр, Май, Июн, Июл, Авг, Сен, Окт]
*Внутренний оборот'

02-12-2024T07:44:57 - [MESSAGE][PASSED] - Text of object 'Object Repository/Страница авторизации/Text' is: 'Период
Выбрано: 4
Выручка
Все
Выполнение плановых показателей, млн.руб.
План
Факт
Динамика
2024 год
0 млн.руб.
100 000 млн.руб.
200 000 млн.руб.
300 000 млн.руб.
400 000 млн.руб.
500 000 млн.руб.
600 000 млн.руб.
700 000 млн.руб.
800 000 млн.руб.
900 000 млн.руб.
1 000 000 млн.руб.
1 100 000 млн.руб.
1 200 000 млн.руб.
1 300 000 млн.руб.
1 400 000 млн.руб.
1 180 677
1 181 459
↑
ДЗО 
Все
Подписи данных
⬤Отклонение
АО «Тываэнерго»
АО «Чеченэнерго»
Россети Волга
Россети Кубань
Россети Ленэнерго (ГК)
Россети Московский регион
Россети Северный Кавказ (ГК)
Россети Северо-Запад
Россети Сибирь (ГК)
Россети Томск
Россети Тюмень
Россети Урал (ГК)
Россети ФСК ЕЭС
Россети Центр
Россети Центр и Приволжье (ГК)
Россети Юг (ГК)
Россети Янтарь
-27 500 млн.руб.
-25 000 млн.руб.
-22 500 млн.руб.
-20 000 млн.руб.
-17 500 млн.руб.
-15 000 млн.руб.
-12 500 млн.руб.
-10 000 млн.руб.
-7 500 млн.руб.
-5 000 млн.руб.
-2 500 млн.руб.
0 млн.руб.
2 500 млн.руб.
5 000 млн.руб.
7 500 млн.руб.
10 000 млн.руб.
300
101
156
3 953
4 462
7 500
888
878
1 274
238
-5 106
1 955
-24 344
2 435
4 419
1 357
318
млн.
%
Выручка
Отклонение выручки (факт/план, млн. руб) 
ПАО Россети
782.4 млн.руб.
Статус данных
×
Просьба обратить внимание
Данные занесены не полностью
ВЫБРАННЫЕ ЗНАЧЕНИЯ ФИЛЬТРОВ
ДЗО | ПЕРИОД
ПАО Россети: [«Выбраны все филиалы по всем ДЗО по всем категориям»]
2024: [Янв, Фев, Мар, Апр, Май, Июн, Июл, Авг, Сен, Окт]
*Внутренний оборот'

02-12-2024T07:44:57 - [TEST_STEP][PASSED] - searchWord = "а": null

02-12-2024T07:44:57 - [TEST_STEP][PASSED] - if (urlText.contains("ошибка") || urlText.contains(searchWord) == false): null

02-12-2024T07:44:57 - [TEST_STEP][PASSED] - delay(45): Delayed 45 second(s)

02-12-2024T07:45:42 - [MESSAGE][PASSED] - Delayed 45 second(s)

02-12-2024T07:45:42 - [TEST_STEP][PASSED] - if (block == 2): Delayed 50 second(s)

02-12-2024T07:45:42 - [TEST_STEP][PASSED] - opoveshenie = getText(findTestObject("Выручка в рублях/Просьба обратить внимание")): Text of object 'Object Repository/Выручка в рублях/Просьба обратить внимание' is: 'Просьба обратить внимание'

02-12-2024T07:45:42 - [MESSAGE][PASSED] - Text of object 'Object Repository/Выручка в рублях/Просьба обратить внимание' is: 'Просьба обратить внимание'

02-12-2024T07:45:42 - [TEST_STEP][PASSED] - if (opoveshenie == "Просьба обратить внимание"): Delayed 50 second(s)

02-12-2024T07:45:42 - [TEST_STEP][PASSED] - click(findTestObject("Выручка в рублях/Закрыть оповещение")): Object: 'Object Repository/Выручка в рублях/Закрыть оповещение' is clicked on

02-12-2024T07:45:43 - [MESSAGE][PASSED] - Object: 'Object Repository/Выручка в рублях/Закрыть оповещение' is clicked on

02-12-2024T07:45:43 - [TEST_STEP][PASSED] - delay(50): Delayed 50 second(s)

02-12-2024T07:46:33 - [MESSAGE][PASSED] - Delayed 50 second(s)

02-12-2024T07:46:33 - [TEST_STEP][PASSED] - click(findTestObject("Выручка в рублях/Фильтр Период" + nameOfBlock)): Object: 'Object Repository/Выручка в рублях/Фильтр Период Выручка' is clicked on

02-12-2024T07:46:33 - [MESSAGE][PASSED] - Object: 'Object Repository/Выручка в рублях/Фильтр Период Выручка' is clicked on

02-12-2024T07:46:33 - [TEST_STEP][PASSED] - click(findTestObject("Выручка в рублях/Снять выделение в фильтре Дата" + nameOfBlock)): Object: 'Object Repository/Выручка в рублях/Снять выделение в фильтре Дата Выручка' is clicked on

02-12-2024T07:46:34 - [MESSAGE][PASSED] - Object: 'Object Repository/Выручка в рублях/Снять выделение в фильтре Дата Выручка' is clicked on

02-12-2024T07:46:34 - [TEST_STEP][PASSED] - click(findTestObject("Выручка в рублях/Применить в фильтре Дата" + nameOfBlock)): Object: 'Object Repository/Выручка в рублях/Применить в фильтре Дата Выручка' is clicked on

02-12-2024T07:46:34 - [MESSAGE][PASSED] - Object: 'Object Repository/Выручка в рублях/Применить в фильтре Дата Выручка' is clicked on

02-12-2024T07:46:34 - [TEST_STEP][PASSED] - delay(50): Delayed 50 second(s)

02-12-2024T07:47:24 - [MESSAGE][PASSED] - Delayed 50 second(s)

02-12-2024T07:47:24 - [TEST_STEP][PASSED] - click(findTestObject("Выручка в рублях/Фильтр Период" + nameOfBlock)): Object: 'Object Repository/Выручка в рублях/Фильтр Период Выручка' is clicked on

02-12-2024T07:47:24 - [MESSAGE][PASSED] - Object: 'Object Repository/Выручка в рублях/Фильтр Период Выручка' is clicked on

02-12-2024T07:47:24 - [TEST_STEP][PASSED] - click(findTestObject("Выручка в рублях/Снять выделение в фильтре Дата" + nameOfBlock)): Object: 'Object Repository/Выручка в рублях/Снять выделение в фильтре Дата Выручка' is clicked on

02-12-2024T07:47:25 - [MESSAGE][PASSED] - Object: 'Object Repository/Выручка в рублях/Снять выделение в фильтре Дата Выручка' is clicked on

02-12-2024T07:47:25 - [TEST_STEP][PASSED] - scrollToElement(findTestObject("Выручка в рублях/2024 список" + nameOfBlock), 30): Scroll to object 'Object Repository/Выручка в рублях/2024 список Выручка' successfully

02-12-2024T07:47:25 - [MESSAGE][PASSED] - Scroll to object 'Object Repository/Выручка в рублях/2024 список Выручка' successfully

02-12-2024T07:47:25 - [TEST_STEP][PASSED] - click(findTestObject("Выручка в рублях/2024 список" + nameOfBlock)): Object: 'Object Repository/Выручка в рублях/2024 список Выручка' is clicked on

02-12-2024T07:47:26 - [MESSAGE][PASSED] - Object: 'Object Repository/Выручка в рублях/2024 список Выручка' is clicked on

02-12-2024T07:47:26 - [TEST_STEP][PASSED] - scrollToElement(findTestObject("Выручка в рублях/1 квартал 2024 выбрать" + nameOfBlock), 30): Scroll to object 'Object Repository/Выручка в рублях/1 квартал 2024 выбрать Выручка' successfully

02-12-2024T07:47:26 - [MESSAGE][PASSED] - Scroll to object 'Object Repository/Выручка в рублях/1 квартал 2024 выбрать Выручка' successfully

02-12-2024T07:47:26 - [TEST_STEP][PASSED] - click(findTestObject("Выручка в рублях/1 квартал 2024 выбрать" + nameOfBlock)): Object: 'Object Repository/Выручка в рублях/1 квартал 2024 выбрать Выручка' is clicked on

02-12-2024T07:47:26 - [MESSAGE][PASSED] - Object: 'Object Repository/Выручка в рублях/1 квартал 2024 выбрать Выручка' is clicked on

02-12-2024T07:47:26 - [TEST_STEP][PASSED] - scrollToElement(findTestObject("Выручка в рублях/2 квартал 2024 выбрать" + nameOfBlock), 30): Scroll to object 'Object Repository/Выручка в рублях/2 квартал 2024 выбрать Выручка' successfully

02-12-2024T07:47:27 - [MESSAGE][PASSED] - Scroll to object 'Object Repository/Выручка в рублях/2 квартал 2024 выбрать Выручка' successfully

02-12-2024T07:47:27 - [TEST_STEP][PASSED] - click(findTestObject("Выручка в рублях/2 квартал 2024 выбрать" + nameOfBlock)): Object: 'Object Repository/Выручка в рублях/2 квартал 2024 выбрать Выручка' is clicked on

02-12-2024T07:47:27 - [MESSAGE][PASSED] - Object: 'Object Repository/Выручка в рублях/2 квартал 2024 выбрать Выручка' is clicked on

02-12-2024T07:47:27 - [TEST_STEP][PASSED] - scrollToElement(findTestObject("Выручка в рублях/3 квартал 2024 список" + nameOfBlock), 30): Scroll to object 'Object Repository/Выручка в рублях/3 квартал 2024 список Выручка' successfully

02-12-2024T07:47:28 - [MESSAGE][PASSED] - Scroll to object 'Object Repository/Выручка в рублях/3 квартал 2024 список Выручка' successfully

02-12-2024T07:47:28 - [TEST_STEP][PASSED] - click(findTestObject("Выручка в рублях/3 квартал 2024" + nameOfBlock)): Object: 'Object Repository/Выручка в рублях/3 квартал 2024 Выручка' is clicked on

02-12-2024T07:47:28 - [MESSAGE][PASSED] - Object: 'Object Repository/Выручка в рублях/3 квартал 2024 Выручка' is clicked on

02-12-2024T07:47:28 - [TEST_STEP][PASSED] - scrollToElement(findTestObject("Выручка в рублях/4 квартал 2024 список" + nameOfBlock), 30): Scroll to object 'Object Repository/Выручка в рублях/4 квартал 2024 список Выручка' successfully

02-12-2024T07:47:29 - [MESSAGE][PASSED] - Scroll to object 'Object Repository/Выручка в рублях/4 квартал 2024 список Выручка' successfully

02-12-2024T07:47:29 - [TEST_STEP][PASSED] - click(findTestObject("Выручка в рублях/4 квартал 2024 список" + nameOfBlock)): Object: 'Object Repository/Выручка в рублях/4 квартал 2024 список Выручка' is clicked on

02-12-2024T07:47:29 - [MESSAGE][PASSED] - Object: 'Object Repository/Выручка в рублях/4 квартал 2024 список Выручка' is clicked on

02-12-2024T07:47:29 - [TEST_STEP][PASSED] - scrollToElement(findTestObject("Выручка в рублях/Октябрь 2024" + nameOfBlock), 30): Scroll to object 'Object Repository/Выручка в рублях/Октябрь 2024 Выручка' successfully

02-12-2024T07:47:29 - [MESSAGE][PASSED] - Scroll to object 'Object Repository/Выручка в рублях/Октябрь 2024 Выручка' successfully

02-12-2024T07:47:29 - [TEST_STEP][PASSED] - click(findTestObject("Выручка в рублях/Октябрь 2024" + nameOfBlock)): Object: 'Object Repository/Выручка в рублях/Октябрь 2024 Выручка' is clicked on

02-12-2024T07:47:30 - [MESSAGE][PASSED] - Object: 'Object Repository/Выручка в рублях/Октябрь 2024 Выручка' is clicked on

02-12-2024T07:47:30 - [TEST_STEP][PASSED] - scrollToElement(findTestObject("Выручка в рублях/Заголовок дашборда" + nameOfBlock), 30): Scroll to object 'Object Repository/Выручка в рублях/Заголовок дашборда Выручка' successfully

02-12-2024T07:47:30 - [MESSAGE][PASSED] - Scroll to object 'Object Repository/Выручка в рублях/Заголовок дашборда Выручка' successfully

02-12-2024T07:47:30 - [TEST_STEP][PASSED] - click(findTestObject("Выручка в рублях/Применить в фильтре Дата" + nameOfBlock)): Object: 'Object Repository/Выручка в рублях/Применить в фильтре Дата Выручка' is clicked on

02-12-2024T07:47:31 - [MESSAGE][PASSED] - Object: 'Object Repository/Выручка в рублях/Применить в фильтре Дата Выручка' is clicked on

02-12-2024T07:47:31 - [TEST_STEP][PASSED] - delay(55): Delayed 55 second(s)

02-12-2024T07:48:26 - [MESSAGE][PASSED] - Delayed 55 second(s)

02-12-2024T07:48:26 - [TEST_STEP][PASSED] - click(findTestObject("Выручка в рублях/Фильтр ДЗО" + nameOfBlock)): Object: 'Object Repository/Выручка в рублях/Фильтр ДЗО Выручка' is clicked on

02-12-2024T07:48:26 - [MESSAGE][PASSED] - Object: 'Object Repository/Выручка в рублях/Фильтр ДЗО Выручка' is clicked on

02-12-2024T07:48:26 - [TEST_STEP][PASSED] - click(findTestObject("Выручка в рублях/Снять выделение в фильтре ДЗО" + nameOfBlock)): Object: 'Object Repository/Выручка в рублях/Снять выделение в фильтре ДЗО Выручка' is clicked on

02-12-2024T07:48:27 - [MESSAGE][PASSED] - Object: 'Object Repository/Выручка в рублях/Снять выделение в фильтре ДЗО Выручка' is clicked on

02-12-2024T07:48:27 - [TEST_STEP][PASSED] - click(findTestObject("Выручка в рублях/Применить в фильтре ДЗО" + nameOfBlock)): Object: 'Object Repository/Выручка в рублях/Применить в фильтре ДЗО Выручка' is clicked on

02-12-2024T07:48:27 - [MESSAGE][PASSED] - Object: 'Object Repository/Выручка в рублях/Применить в фильтре ДЗО Выручка' is clicked on

02-12-2024T07:48:27 - [TEST_STEP][PASSED] - delay(50): Delayed 50 second(s)

02-12-2024T07:49:17 - [MESSAGE][PASSED] - Delayed 50 second(s)

02-12-2024T07:49:17 - [TEST_STEP][PASSED] - Script1710234207206.Tumbler(run, vir, block, nameOfBlock): null

02-12-2024T07:49:17 - [TEST_STEP][PASSED] - println("run:" + run): null

02-12-2024T07:49:17 - [TEST_STEP][PASSED] - println("vir:" + vir): null

02-12-2024T07:49:17 - [TEST_STEP][PASSED] - println("block:" + block): null

02-12-2024T07:49:17 - [TEST_STEP][PASSED] - println("nameOfBlock:" + nameOfBlock): null

02-12-2024T07:49:17 - [TEST_STEP][PASSED] - if (vir == 1): null

02-12-2024T07:49:17 - [TEST_STEP][PASSED] - else if (vir == 2): null

02-12-2024T07:49:17 - [TEST_STEP][PASSED] - else if (vir == 3): Object: 'Object Repository/Выручка в рублях/Применить в фильтре Выручка Выручка' is clicked on

02-12-2024T07:49:17 - [TEST_STEP][PASSED] - if (run == 2): null

02-12-2024T07:49:17 - [TEST_STEP][PASSED] - click(findTestObject("Выручка в рублях/Фильтр Выручка" + nameOfBlock)): Object: 'Object Repository/Выручка в рублях/Фильтр Выручка Выручка' is clicked on

02-12-2024T07:49:18 - [MESSAGE][PASSED] - Object: 'Object Repository/Выручка в рублях/Фильтр Выручка Выручка' is clicked on

02-12-2024T07:49:18 - [TEST_STEP][PASSED] - click(findTestObject("Выручка в рублях/Внутренний оборот в фильтре Выручка" + nameOfBlock)): Object: 'Object Repository/Выручка в рублях/Внутренний оборот в фильтре Выручка Выручка' is clicked on

02-12-2024T07:49:18 - [MESSAGE][PASSED] - Object: 'Object Repository/Выручка в рублях/Внутренний оборот в фильтре Выручка Выручка' is clicked on

02-12-2024T07:49:18 - [TEST_STEP][PASSED] - click(findTestObject("Выручка в рублях/Применить в фильтре Выручка" + nameOfBlock)): Object: 'Object Repository/Выручка в рублях/Применить в фильтре Выручка Выручка' is clicked on

02-12-2024T07:49:19 - [MESSAGE][PASSED] - Object: 'Object Repository/Выручка в рублях/Применить в фильтре Выручка Выручка' is clicked on

02-12-2024T07:49:19 - [TEST_STEP][PASSED] - click(findTestObject("Выручка в рублях/Фильтр ДЗО" + nameOfBlock)): Object: 'Object Repository/Выручка в рублях/Фильтр ДЗО Выручка' is clicked on

02-12-2024T07:49:21 - [MESSAGE][PASSED] - Object: 'Object Repository/Выручка в рублях/Фильтр ДЗО Выручка' is clicked on

02-12-2024T07:49:21 - [TEST_STEP][PASSED] - Script1710234207206.Rosseti(nameOfBlock): null

02-12-2024T07:49:21 - [TEST_STEP][PASSED] - println("nameOfBlock:" + nameOfBlock): null

02-12-2024T07:49:21 - [TEST_STEP][PASSED] - click(findTestObject("Выручка в рублях/ПАО Россети" + nameOfBlock)): Object: 'Object Repository/Выручка в рублях/ПАО Россети Выручка' is clicked on

02-12-2024T07:49:22 - [MESSAGE][PASSED] - Object: 'Object Repository/Выручка в рублях/ПАО Россети Выручка' is clicked on

02-12-2024T07:49:22 - [TEST_STEP][PASSED] - click(findTestObject("Выручка в рублях/Применить в фильтре ДЗО" + nameOfBlock)): Object: 'Object Repository/Выручка в рублях/Применить в фильтре ДЗО Выручка' is clicked on

02-12-2024T07:49:23 - [MESSAGE][PASSED] - Object: 'Object Repository/Выручка в рублях/Применить в фильтре ДЗО Выручка' is clicked on

02-12-2024T07:49:23 - [TEST_STEP][PASSED] - if (vir == 1 || vir == 2): null

02-12-2024T07:49:23 - [TEST_STEP][PASSED] - else: Text of object 'Object Repository/Выручка в рублях/vir3Plan Выручка' is: '19 961'

02-12-2024T07:49:23 - [TEST_STEP][PASSED] - b1 = getText(findTestObject("Выручка в рублях/vir3Plan Выручка")): Text of object 'Object Repository/Выручка в рублях/vir3Plan Выручка' is: '19 961'

02-12-2024T07:49:24 - [MESSAGE][PASSED] - Text of object 'Object Repository/Выручка в рублях/vir3Plan Выручка' is: '19 961'

02-12-2024T07:49:24 - [TEST_STEP][PASSED] - if (vir == 1 || vir == 2): null

02-12-2024T07:49:24 - [TEST_STEP][PASSED] - else: Text of object 'Object Repository/Выручка в рублях/vir3Fact Выручка' is: '20 654'

02-12-2024T07:49:24 - [TEST_STEP][PASSED] - b2 = getText(findTestObject("Выручка в рублях/vir3Fact Выручка")): Text of object 'Object Repository/Выручка в рублях/vir3Fact Выручка' is: '20 654'

02-12-2024T07:49:25 - [MESSAGE][PASSED] - Text of object 'Object Repository/Выручка в рублях/vir3Fact Выручка' is: '20 654'

02-12-2024T07:49:25 - [TEST_STEP][PASSED] - b30 = getText(findTestObject("Выручка в рублях/span1" + perc)): Text of object 'Object Repository/Выручка в рублях/span1' is: '692.6 млн.руб.'

02-12-2024T07:49:25 - [MESSAGE][PASSED] - Text of object 'Object Repository/Выручка в рублях/span1' is: '692.6 млн.руб.'

02-12-2024T07:49:25 - [TEST_STEP][PASSED] - i = b30.indexOf("млн.руб."): null

02-12-2024T07:49:25 - [TEST_STEP][PASSED] - if (i > -1): null

02-12-2024T07:49:25 - [TEST_STEP][PASSED] - b30 = b30.substring(0, i): null

02-12-2024T07:49:25 - [TEST_STEP][PASSED] - b30 = b30.replaceAll(" ", ""): null

02-12-2024T07:49:25 - [TEST_STEP][PASSED] - if (b30.contains("%")): null

02-12-2024T07:49:25 - [TEST_STEP][PASSED] - b30 = ").trim(): null

02-12-2024T07:49:25 - [TEST_STEP][PASSED] - println("b30: " + b30): null

02-12-2024T07:49:25 - [TEST_STEP][PASSED] - if (vir == 1 || vir == 2): null

02-12-2024T07:49:25 - [TEST_STEP][PASSED] - else: Text of object 'Object Repository/Выручка в рублях/span15' is: '-84'

02-12-2024T07:49:25 - [TEST_STEP][PASSED] - b31 = ").trim(): Text of object 'Object Repository/Выручка в рублях/span15' is: '-84'

02-12-2024T07:49:25 - [MESSAGE][PASSED] - Text of object 'Object Repository/Выручка в рублях/span15' is: '-84'

02-12-2024T07:49:25 - [TEST_STEP][PASSED] - if (vir == 1 || vir == 2): null

02-12-2024T07:49:25 - [TEST_STEP][PASSED] - else: Text of object 'Object Repository/Выручка в рублях/span16' is: '113'

02-12-2024T07:49:25 - [TEST_STEP][PASSED] - b32 = ").trim(): Text of object 'Object Repository/Выручка в рублях/span16' is: '113'

02-12-2024T07:49:26 - [MESSAGE][PASSED] - Text of object 'Object Repository/Выручка в рублях/span16' is: '113'

02-12-2024T07:49:26 - [TEST_STEP][PASSED] - if (vir == 1 || vir == 2): null

02-12-2024T07:49:26 - [TEST_STEP][PASSED] - else: Text of object 'Object Repository/Выручка в рублях/span17' is: '625'

02-12-2024T07:49:26 - [TEST_STEP][PASSED] - b37 = ").trim(): Text of object 'Object Repository/Выручка в рублях/span17' is: '625'

02-12-2024T07:49:26 - [MESSAGE][PASSED] - Text of object 'Object Repository/Выручка в рублях/span17' is: '625'

02-12-2024T07:49:26 - [TEST_STEP][PASSED] - if (vir == 1 || vir == 2): null

02-12-2024T07:49:26 - [TEST_STEP][PASSED] - else: Text of object 'Object Repository/Выручка в рублях/span18' is: '38'

02-12-2024T07:49:26 - [TEST_STEP][PASSED] - b316 = ").trim(): Text of object 'Object Repository/Выручка в рублях/span18' is: '38'

02-12-2024T07:49:26 - [MESSAGE][PASSED] - Text of object 'Object Repository/Выручка в рублях/span18' is: '38'

02-12-2024T07:49:26 - [TEST_STEP][PASSED] - if (vir == 1 || vir == 2): null

02-12-2024T07:49:26 - [TEST_STEP][PASSED] - dZO = "ПАО Россети": null

02-12-2024T07:49:26 - [TEST_STEP][PASSED] - if (verifyEqual(a1, b1) == false): Actual object '19 961' and expected object '19 961' are equal

02-12-2024T07:49:26 - [MESSAGE][PASSED] - Actual object '19 961' and expected object '19 961' are equal

02-12-2024T07:49:26 - [TEST_STEP][PASSED] - if (verifyEqual(a2, b2) == false): Actual object '20 654' and expected object '20 654' are equal

02-12-2024T07:49:26 - [MESSAGE][PASSED] - Actual object '20 654' and expected object '20 654' are equal

02-12-2024T07:49:26 - [TEST_STEP][PASSED] - vidget = "Отклонения": null

02-12-2024T07:49:26 - [TEST_STEP][PASSED] - if (verifyEqual(a30, b30) == false): Actual object '692.6' and expected object '692.6' are equal

02-12-2024T07:49:26 - [MESSAGE][PASSED] - Actual object '692.6' and expected object '692.6' are equal

02-12-2024T07:49:26 - [TEST_STEP][PASSED] - dZO = "АО «Тываэнерго»": null

02-12-2024T07:49:26 - [TEST_STEP][PASSED] - if (verifyEqual(a31, b31) == false): Actual object '-84' and expected object '-84' are equal

02-12-2024T07:49:26 - [MESSAGE][PASSED] - Actual object '-84' and expected object '-84' are equal

02-12-2024T07:49:26 - [TEST_STEP][PASSED] - dZO = "АО «Чеченэнерго»": null

02-12-2024T07:49:26 - [TEST_STEP][PASSED] - if (verifyEqual(a32, b32) == false): Actual object '113' and expected object '113' are equal

02-12-2024T07:49:26 - [MESSAGE][PASSED] - Actual object '113' and expected object '113' are equal

02-12-2024T07:49:26 - [TEST_STEP][PASSED] - dZO = "Россети Волга": null

02-12-2024T07:49:26 - [TEST_STEP][PASSED] - if (verifyEqual(a33, b33) == false): Actual object 'null' and expected object 'null' are equal

02-12-2024T07:49:26 - [MESSAGE][PASSED] - Actual object 'null' and expected object 'null' are equal

02-12-2024T07:49:26 - [TEST_STEP][PASSED] - dZO = "Россети Кубань": null

02-12-2024T07:49:26 - [TEST_STEP][PASSED] - if (verifyEqual(a34, b34) == false): Actual object 'null' and expected object 'null' are equal

02-12-2024T07:49:26 - [MESSAGE][PASSED] - Actual object 'null' and expected object 'null' are equal

02-12-2024T07:49:26 - [TEST_STEP][PASSED] - dZO = "Россети Ленэнерго (ГК)": null

02-12-2024T07:49:26 - [TEST_STEP][PASSED] - if (verifyEqual(a35, b35) == false): Actual object 'null' and expected object 'null' are equal

02-12-2024T07:49:26 - [MESSAGE][PASSED] - Actual object 'null' and expected object 'null' are equal

02-12-2024T07:49:26 - [TEST_STEP][PASSED] - dZO = "Россети Московский регион": null

02-12-2024T07:49:26 - [TEST_STEP][PASSED] - if (verifyEqual(a36, b36) == false): Actual object 'null' and expected object 'null' are equal

02-12-2024T07:49:26 - [MESSAGE][PASSED] - Actual object 'null' and expected object 'null' are equal

02-12-2024T07:49:26 - [TEST_STEP][PASSED] - dZO = "Россети Северный Кавказ (ГК)": null

02-12-2024T07:49:26 - [TEST_STEP][PASSED] - if (verifyEqual(a37, b37) == false): Actual object '625' and expected object '625' are equal

02-12-2024T07:49:26 - [MESSAGE][PASSED] - Actual object '625' and expected object '625' are equal

02-12-2024T07:49:26 - [TEST_STEP][PASSED] - dZO = "Россети Северо-Запад": null

02-12-2024T07:49:26 - [TEST_STEP][PASSED] - if (verifyEqual(a38, b38) == false): Actual object 'null' and expected object 'null' are equal

02-12-2024T07:49:26 - [MESSAGE][PASSED] - Actual object 'null' and expected object 'null' are equal

02-12-2024T07:49:26 - [TEST_STEP][PASSED] - dZO = "Россети Сибирь (ГК)": null

02-12-2024T07:49:26 - [TEST_STEP][PASSED] - if (verifyEqual(a39, b39) == false): Actual object 'null' and expected object 'null' are equal

02-12-2024T07:49:26 - [MESSAGE][PASSED] - Actual object 'null' and expected object 'null' are equal

02-12-2024T07:49:26 - [TEST_STEP][PASSED] - dZO = "Россети Томск": null

02-12-2024T07:49:26 - [TEST_STEP][PASSED] - if (verifyEqual(a310, b310) == false): Actual object 'null' and expected object 'null' are equal

02-12-2024T07:49:26 - [MESSAGE][PASSED] - Actual object 'null' and expected object 'null' are equal

02-12-2024T07:49:26 - [TEST_STEP][PASSED] - dZO = "Россети Тюмень": null

02-12-2024T07:49:26 - [TEST_STEP][PASSED] - if (verifyEqual(a311, b311) == false): Actual object 'null' and expected object 'null' are equal

02-12-2024T07:49:26 - [MESSAGE][PASSED] - Actual object 'null' and expected object 'null' are equal

02-12-2024T07:49:26 - [TEST_STEP][PASSED] - dZO = "Россети Урал (ГК)": null

02-12-2024T07:49:26 - [TEST_STEP][PASSED] - if (verifyEqual(a312, b312) == false): Actual object 'null' and expected object 'null' are equal

02-12-2024T07:49:26 - [MESSAGE][PASSED] - Actual object 'null' and expected object 'null' are equal

02-12-2024T07:49:26 - [TEST_STEP][PASSED] - dZO = "Россети ФСК ЕЭС": null

02-12-2024T07:49:26 - [TEST_STEP][PASSED] - if (verifyEqual(a313, b313) == false): Actual object 'null' and expected object 'null' are equal

02-12-2024T07:49:26 - [MESSAGE][PASSED] - Actual object 'null' and expected object 'null' are equal

02-12-2024T07:49:26 - [TEST_STEP][PASSED] - dZO = "Россети Центр": null

02-12-2024T07:49:26 - [TEST_STEP][PASSED] - if (verifyEqual(a314, b314) == false): Actual object 'null' and expected object 'null' are equal

02-12-2024T07:49:26 - [MESSAGE][PASSED] - Actual object 'null' and expected object 'null' are equal

02-12-2024T07:49:26 - [TEST_STEP][PASSED] - dZO = "Россети Центр и Приволжье (ГК)": null

02-12-2024T07:49:26 - [TEST_STEP][PASSED] - if (verifyEqual(a315, b315) == false): Actual object 'null' and expected object 'null' are equal

02-12-2024T07:49:26 - [MESSAGE][PASSED] - Actual object 'null' and expected object 'null' are equal

02-12-2024T07:49:26 - [TEST_STEP][PASSED] - dZO = "Россети Юг (ГК)": null

02-12-2024T07:49:26 - [TEST_STEP][PASSED] - if (verifyEqual(a316, b316) == false): Actual object '38' and expected object '38' are equal

02-12-2024T07:49:26 - [MESSAGE][PASSED] - Actual object '38' and expected object '38' are equal

02-12-2024T07:49:26 - [TEST_STEP][PASSED] - dZO = "Россети Янтарь": null

02-12-2024T07:49:26 - [TEST_STEP][PASSED] - if (verifyEqual(a317, b317) == false): Actual object 'null' and expected object 'null' are equal

02-12-2024T07:49:26 - [MESSAGE][PASSED] - Actual object 'null' and expected object 'null' are equal

02-12-2024T07:49:26 - [TEST_STEP][PASSED] - closeBrowser(): null

02-12-2024T07:49:27 - [MESSAGE][PASSED] - Browser is closed

02-12-2024T07:49:27 - [TEST_STEP][PASSED] - Script1710234207206.ViruchkaChange(run, vir, block, nameOfBlock, typeOfData, viruchka, vidget, todaysDate, a, b, dZO, x, y): null

02-12-2024T07:49:27 - [TEST_STEP][PASSED] - for ([vir = 1, vir < 4, (vir++)]): null

02-12-2024T07:49:27 - [TEST_STEP][PASSED] - Script1710234207206.Blocks(run, vir, block, nameOfBlock, typeOfData, viruchka, vidget, todaysDate, a, b, dZO, x, y): null

02-12-2024T07:49:27 - [TEST_STEP][PASSED] - i = <not implemented yet for class: org.codehaus.groovy.ast.expr.EmptyExpression>: null

02-12-2024T07:49:27 - [TEST_STEP][PASSED] - perc = "": null

02-12-2024T07:49:27 - [TEST_STEP][PASSED] - a1 = <not implemented yet for class: org.codehaus.groovy.ast.expr.EmptyExpression>: null

02-12-2024T07:49:27 - [TEST_STEP][PASSED] - a2 = <not implemented yet for class: org.codehaus.groovy.ast.expr.EmptyExpression>: null

02-12-2024T07:49:27 - [TEST_STEP][PASSED] - a30 = <not implemented yet for class: org.codehaus.groovy.ast.expr.EmptyExpression>: null

02-12-2024T07:49:27 - [TEST_STEP][PASSED] - a31 = <not implemented yet for class: org.codehaus.groovy.ast.expr.EmptyExpression>: null

02-12-2024T07:49:27 - [TEST_STEP][PASSED] - a32 = <not implemented yet for class: org.codehaus.groovy.ast.expr.EmptyExpression>: null

02-12-2024T07:49:27 - [TEST_STEP][PASSED] - a33 = <not implemented yet for class: org.codehaus.groovy.ast.expr.EmptyExpression>: null

02-12-2024T07:49:27 - [TEST_STEP][PASSED] - a34 = <not implemented yet for class: org.codehaus.groovy.ast.expr.EmptyExpression>: null

02-12-2024T07:49:27 - [TEST_STEP][PASSED] - a35 = <not implemented yet for class: org.codehaus.groovy.ast.expr.EmptyExpression>: null

02-12-2024T07:49:27 - [TEST_STEP][PASSED] - a36 = <not implemented yet for class: org.codehaus.groovy.ast.expr.EmptyExpression>: null

02-12-2024T07:49:27 - [TEST_STEP][PASSED] - a37 = <not implemented yet for class: org.codehaus.groovy.ast.expr.EmptyExpression>: null

02-12-2024T07:49:27 - [TEST_STEP][PASSED] - a38 = <not implemented yet for class: org.codehaus.groovy.ast.expr.EmptyExpression>: null

02-12-2024T07:49:27 - [TEST_STEP][PASSED] - a39 = <not implemented yet for class: org.codehaus.groovy.ast.expr.EmptyExpression>: null

02-12-2024T07:49:27 - [TEST_STEP][PASSED] - a310 = <not implemented yet for class: org.codehaus.groovy.ast.expr.EmptyExpression>: null

02-12-2024T07:49:27 - [TEST_STEP][PASSED] - a311 = <not implemented yet for class: org.codehaus.groovy.ast.expr.EmptyExpression>: null

02-12-2024T07:49:27 - [TEST_STEP][PASSED] - a312 = <not implemented yet for class: org.codehaus.groovy.ast.expr.EmptyExpression>: null

02-12-2024T07:49:27 - [TEST_STEP][PASSED] - a313 = <not implemented yet for class: org.codehaus.groovy.ast.expr.EmptyExpression>: null

02-12-2024T07:49:27 - [TEST_STEP][PASSED] - a314 = <not implemented yet for class: org.codehaus.groovy.ast.expr.EmptyExpression>: null

02-12-2024T07:49:27 - [TEST_STEP][PASSED] - a315 = <not implemented yet for class: org.codehaus.groovy.ast.expr.EmptyExpression>: null

02-12-2024T07:49:27 - [TEST_STEP][PASSED] - a316 = <not implemented yet for class: org.codehaus.groovy.ast.expr.EmptyExpression>: null

02-12-2024T07:49:27 - [TEST_STEP][PASSED] - a317 = <not implemented yet for class: org.codehaus.groovy.ast.expr.EmptyExpression>: null

02-12-2024T07:49:27 - [TEST_STEP][PASSED] - b1 = <not implemented yet for class: org.codehaus.groovy.ast.expr.EmptyExpression>: null

02-12-2024T07:49:27 - [TEST_STEP][PASSED] - b2 = <not implemented yet for class: org.codehaus.groovy.ast.expr.EmptyExpression>: null

02-12-2024T07:49:27 - [TEST_STEP][PASSED] - b30 = <not implemented yet for class: org.codehaus.groovy.ast.expr.EmptyExpression>: null

02-12-2024T07:49:27 - [TEST_STEP][PASSED] - b31 = <not implemented yet for class: org.codehaus.groovy.ast.expr.EmptyExpression>: null

02-12-2024T07:49:27 - [TEST_STEP][PASSED] - b32 = <not implemented yet for class: org.codehaus.groovy.ast.expr.EmptyExpression>: null

02-12-2024T07:49:27 - [TEST_STEP][PASSED] - b33 = <not implemented yet for class: org.codehaus.groovy.ast.expr.EmptyExpression>: null

02-12-2024T07:49:27 - [TEST_STEP][PASSED] - b34 = <not implemented yet for class: org.codehaus.groovy.ast.expr.EmptyExpression>: null

02-12-2024T07:49:27 - [TEST_STEP][PASSED] - b35 = <not implemented yet for class: org.codehaus.groovy.ast.expr.EmptyExpression>: null

02-12-2024T07:49:27 - [TEST_STEP][PASSED] - b36 = <not implemented yet for class: org.codehaus.groovy.ast.expr.EmptyExpression>: null

02-12-2024T07:49:27 - [TEST_STEP][PASSED] - b37 = <not implemented yet for class: org.codehaus.groovy.ast.expr.EmptyExpression>: null

02-12-2024T07:49:27 - [TEST_STEP][PASSED] - b38 = <not implemented yet for class: org.codehaus.groovy.ast.expr.EmptyExpression>: null

02-12-2024T07:49:27 - [TEST_STEP][PASSED] - b39 = <not implemented yet for class: org.codehaus.groovy.ast.expr.EmptyExpression>: null

02-12-2024T07:49:27 - [TEST_STEP][PASSED] - b310 = <not implemented yet for class: org.codehaus.groovy.ast.expr.EmptyExpression>: null

02-12-2024T07:49:27 - [TEST_STEP][PASSED] - b311 = <not implemented yet for class: org.codehaus.groovy.ast.expr.EmptyExpression>: null

02-12-2024T07:49:27 - [TEST_STEP][PASSED] - b312 = <not implemented yet for class: org.codehaus.groovy.ast.expr.EmptyExpression>: null

02-12-2024T07:49:27 - [TEST_STEP][PASSED] - b313 = <not implemented yet for class: org.codehaus.groovy.ast.expr.EmptyExpression>: null

02-12-2024T07:49:27 - [TEST_STEP][PASSED] - b314 = <not implemented yet for class: org.codehaus.groovy.ast.expr.EmptyExpression>: null

02-12-2024T07:49:27 - [TEST_STEP][PASSED] - b315 = <not implemented yet for class: org.codehaus.groovy.ast.expr.EmptyExpression>: null

02-12-2024T07:49:27 - [TEST_STEP][PASSED] - b316 = <not implemented yet for class: org.codehaus.groovy.ast.expr.EmptyExpression>: null

02-12-2024T07:49:27 - [TEST_STEP][PASSED] - b317 = <not implemented yet for class: org.codehaus.groovy.ast.expr.EmptyExpression>: null

02-12-2024T07:49:27 - [TEST_STEP][PASSED] - block = 1: null

02-12-2024T07:49:27 - [TEST_STEP][PASSED] - nameOfBlock = "": null

02-12-2024T07:49:27 - [TEST_STEP][PASSED] - Script1710234207206.PreSettings(run, vir, block, nameOfBlock, typeOfData, todaysDate): null

02-12-2024T07:49:27 - [TEST_STEP][PASSED] - openBrowser(""): Browser is opened with url: ''

02-12-2024T07:49:27 - [MESSAGE][INFO] - Starting 'Chrome' driver

02-12-2024T07:49:27 - [MESSAGE][INFO] - Action delay is set to 0 milliseconds

02-12-2024T07:49:27 - [MESSAGE][PASSED] - Browser is opened with url: ''

02-12-2024T07:49:27 - [TEST_STEP][PASSED] - refresh(): Refresh successfully

02-12-2024T07:49:27 - [MESSAGE][PASSED] - Refresh successfully

02-12-2024T07:49:27 - [TEST_STEP][PASSED] - delay(50): Delayed 50 second(s)

02-12-2024T07:50:17 - [MESSAGE][PASSED] - Delayed 50 second(s)

02-12-2024T07:50:17 - [TEST_STEP][PASSED] - println("run:" + run): null

02-12-2024T07:50:17 - [TEST_STEP][PASSED] - println("vir:" + vir): null

02-12-2024T07:50:17 - [TEST_STEP][PASSED] - println("block:" + block): null

02-12-2024T07:50:17 - [TEST_STEP][PASSED] - if (block == 1): null

02-12-2024T07:50:17 - [TEST_STEP][PASSED] - nameOfBlock = "": null

02-12-2024T07:50:17 - [TEST_STEP][PASSED] - println("nameOfBlock:" + nameOfBlock): null

02-12-2024T07:50:17 - [TEST_STEP][PASSED] - println("typeOfData:" + typeOfData): null

02-12-2024T07:50:17 - [TEST_STEP][PASSED] - println("todaysDate:" + todaysDate): null

02-12-2024T07:50:17 - [TEST_STEP][PASSED] - Script1710234207206.Autorization(block, nameOfBlock): null

02-12-2024T07:50:17 - [TEST_STEP][PASSED] - i = <not implemented yet for class: org.codehaus.groovy.ast.expr.EmptyExpression>: null

02-12-2024T07:50:17 - [TEST_STEP][PASSED] - ii = <not implemented yet for class: org.codehaus.groovy.ast.expr.EmptyExpression>: null

02-12-2024T07:50:17 - [TEST_STEP][PASSED] - urlData = <not implemented yet for class: org.codehaus.groovy.ast.expr.EmptyExpression>: null

02-12-2024T07:50:17 - [TEST_STEP][PASSED] - searchWord = <not implemented yet for class: org.codehaus.groovy.ast.expr.EmptyExpression>: null

02-12-2024T07:50:17 - [TEST_STEP][PASSED] - urlText = <not implemented yet for class: org.codehaus.groovy.ast.expr.EmptyExpression>: null

02-12-2024T07:50:17 - [TEST_STEP][PASSED] - println("block:" + block): null

02-12-2024T07:50:17 - [TEST_STEP][PASSED] - if (block == 1): null

02-12-2024T07:50:17 - [TEST_STEP][PASSED] - nameOfBlock = "": null

02-12-2024T07:50:17 - [TEST_STEP][PASSED] - println("nameOfBlock:" + nameOfBlock): null

02-12-2024T07:50:17 - [TEST_STEP][PASSED] - if (block == 1): Delayed 45 second(s)

02-12-2024T07:50:17 - [TEST_STEP][PASSED] - urlData = 2: null

02-12-2024T07:50:17 - [TEST_STEP][PASSED] - delay(45): Delayed 45 second(s)

02-12-2024T07:51:03 - [MESSAGE][PASSED] - Delayed 45 second(s)

02-12-2024T07:51:03 - [TEST_STEP][PASSED] - navigateToUrl(findTestData("PlanFact").getValue(10, urlData)): Navigate to 'https://bi.rosseti.digital/viewer?dashboardGuid=2301950b23be4ed89c1df75f2020051e&sheetGuid=b723206f698544fb87299f3095c00435&fit=true' successfully

02-12-2024T07:51:08 - [MESSAGE][PASSED] - Navigate to 'https://bi.rosseti.digital/viewer?dashboardGuid=2301950b23be4ed89c1df75f2020051e&sheetGuid=b723206f698544fb87299f3095c00435&fit=true' successfully

02-12-2024T07:51:08 - [TEST_STEP][PASSED] - urlText = getText(findTestObject("Страница авторизации/Text")): Text of object 'Object Repository/Страница авторизации/Text' is: 'Вход'

02-12-2024T07:51:11 - [MESSAGE][PASSED] - Text of object 'Object Repository/Страница авторизации/Text' is: 'Вход'

02-12-2024T07:51:11 - [TEST_STEP][PASSED] - searchWord = "Вход": null

02-12-2024T07:51:11 - [TEST_STEP][PASSED] - if (urlText == null || urlText.contains("ошибка") || urlText.contains(searchWord) == false): null

02-12-2024T07:51:11 - [TEST_STEP][PASSED] - if (verifyElementPresent(findTestObject("Страница авторизации/button_"), 30) == true): null

02-12-2024T07:51:12 - [MESSAGE][PASSED] - Object 'Object Repository/Страница авторизации/button_' is present

02-12-2024T07:51:12 - [TEST_STEP][PASSED] - setText(findTestObject("Страница авторизации/input__username"), findTestData("PlanFact").getValue(8, 1)): Text 'liazgina-di' is set on object 'Object Repository/Страница авторизации/input__username'

02-12-2024T07:51:12 - [MESSAGE][PASSED] - Text 'liazgina-di' is set on object 'Object Repository/Страница авторизации/input__username'

02-12-2024T07:51:12 - [TEST_STEP][PASSED] - setText(findTestObject("Страница авторизации/input__password"), findTestData("PlanFact").getValue(9, 1)): Text ')$%5srZ8o688Dm#q' is set on object 'Object Repository/Страница авторизации/input__password'

02-12-2024T07:51:13 - [MESSAGE][PASSED] - Text ')$%5srZ8o688Dm#q' is set on object 'Object Repository/Страница авторизации/input__password'

02-12-2024T07:51:13 - [TEST_STEP][PASSED] - click(findTestObject("Страница авторизации/button_")): Object: 'Object Repository/Страница авторизации/button_' is clicked on

02-12-2024T07:51:15 - [MESSAGE][PASSED] - Object: 'Object Repository/Страница авторизации/button_' is clicked on

02-12-2024T07:51:15 - [TEST_STEP][PASSED] - delay(45): Delayed 45 second(s)

02-12-2024T07:52:00 - [MESSAGE][PASSED] - Delayed 45 second(s)

02-12-2024T07:52:00 - [TEST_STEP][PASSED] - urlText = getText(findTestObject("Страница авторизации/Text")): Text of object 'Object Repository/Страница авторизации/Text' is: 'Период
1, 2, 3 кв., Октябрь 2024 года
Выручка
Все
Выполнение плановых показателей по ПАО Россети за 1, 2, 3 кв., Октябрь 2024 года
План
Факт
Динамика
2024 год
0 млн.руб.
100 000 млн.руб.
200 000 млн.руб.
300 000 млн.руб.
400 000 млн.руб.
500 000 млн.руб.
600 000 млн.руб.
700 000 млн.руб.
800 000 млн.руб.
900 000 млн.руб.
1 000 000 млн.руб.
1 100 000 млн.руб.
1 200 000 млн.руб.
1 300 000 млн.руб.
1 400 000 млн.руб.
1 180 677
1 181 459
↑
ДЗО 
Все
Внутренний оборот - выручка за услуги по передаче электрической энергии, учтенная в выручке за электроэнергию для конечных потребителей, при выполнении ДЗО функций гарантирующего поставщика
Подписи данных
⬤Отклонение
АО «Тываэнерго»
АО «Чеченэнерго»
Россети Волга
Россети Кубань
Россети Ленэнерго (ГК)
Россети Московский регион
Россети Северный Кавказ (ГК)
Россети Северо-Запад
Россети Сибирь (ГК)
Россети Томск
Россети Тюмень
Россети Урал (ГК)
Россети ФСК ЕЭС
Россети Центр
Россети Центр и Приволжье (ГК)
Россети Юг (ГК)
Россети Янтарь
-25 000млн.руб.
-20 000млн.руб.
-15 000млн.руб.
-10 000млн.руб.
-5 000млн.руб.
0млн.руб.
5 000млн.руб.
10 …
-30 000млн.руб.
300
101
156
3 953
4 462
7 500
888
878
1 274
238
-5 106
1 955
-24 344
2 435
4 419
1 357
318
млн.
%
Выручка
Отклонение выручки по ПАО Россети за 1, 2, 3 кв., Октябрь 2024 года (факт/план, млн. руб)
ПАО Россети
782.4 млн.руб.
 '

02-12-2024T07:52:01 - [MESSAGE][PASSED] - Text of object 'Object Repository/Страница авторизации/Text' is: 'Период
1, 2, 3 кв., Октябрь 2024 года
Выручка
Все
Выполнение плановых показателей по ПАО Россети за 1, 2, 3 кв., Октябрь 2024 года
План
Факт
Динамика
2024 год
0 млн.руб.
100 000 млн.руб.
200 000 млн.руб.
300 000 млн.руб.
400 000 млн.руб.
500 000 млн.руб.
600 000 млн.руб.
700 000 млн.руб.
800 000 млн.руб.
900 000 млн.руб.
1 000 000 млн.руб.
1 100 000 млн.руб.
1 200 000 млн.руб.
1 300 000 млн.руб.
1 400 000 млн.руб.
1 180 677
1 181 459
↑
ДЗО 
Все
Внутренний оборот - выручка за услуги по передаче электрической энергии, учтенная в выручке за электроэнергию для конечных потребителей, при выполнении ДЗО функций гарантирующего поставщика
Подписи данных
⬤Отклонение
АО «Тываэнерго»
АО «Чеченэнерго»
Россети Волга
Россети Кубань
Россети Ленэнерго (ГК)
Россети Московский регион
Россети Северный Кавказ (ГК)
Россети Северо-Запад
Россети Сибирь (ГК)
Россети Томск
Россети Тюмень
Россети Урал (ГК)
Россети ФСК ЕЭС
Россети Центр
Россети Центр и Приволжье (ГК)
Россети Юг (ГК)
Россети Янтарь
-25 000млн.руб.
-20 000млн.руб.
-15 000млн.руб.
-10 000млн.руб.
-5 000млн.руб.
0млн.руб.
5 000млн.руб.
10 …
-30 000млн.руб.
300
101
156
3 953
4 462
7 500
888
878
1 274
238
-5 106
1 955
-24 344
2 435
4 419
1 357
318
млн.
%
Выручка
Отклонение выручки по ПАО Россети за 1, 2, 3 кв., Октябрь 2024 года (факт/план, млн. руб)
ПАО Россети
782.4 млн.руб.
 '

02-12-2024T07:52:01 - [TEST_STEP][PASSED] - searchWord = "а": null

02-12-2024T07:52:01 - [TEST_STEP][PASSED] - if (urlText.contains("ошибка") || urlText.contains(searchWord) == false): null

02-12-2024T07:52:01 - [TEST_STEP][PASSED] - delay(45): Delayed 45 second(s)

02-12-2024T07:52:46 - [MESSAGE][PASSED] - Delayed 45 second(s)

02-12-2024T07:52:46 - [TEST_STEP][PASSED] - if (block == 2): null

02-12-2024T07:52:46 - [TEST_STEP][PASSED] - click(findTestObject("Выручка в рублях/Фильтр Период" + nameOfBlock)): Object: 'Object Repository/Выручка в рублях/Фильтр Период' is clicked on

02-12-2024T07:52:46 - [MESSAGE][PASSED] - Object: 'Object Repository/Выручка в рублях/Фильтр Период' is clicked on

02-12-2024T07:52:46 - [TEST_STEP][PASSED] - click(findTestObject("Выручка в рублях/Снять выделение в фильтре Дата" + nameOfBlock)): Object: 'Object Repository/Выручка в рублях/Снять выделение в фильтре Дата' is clicked on

02-12-2024T07:52:47 - [MESSAGE][PASSED] - Object: 'Object Repository/Выручка в рублях/Снять выделение в фильтре Дата' is clicked on

02-12-2024T07:52:47 - [TEST_STEP][PASSED] - click(findTestObject("Выручка в рублях/Применить в фильтре Дата" + nameOfBlock)): Object: 'Object Repository/Выручка в рублях/Применить в фильтре Дата' is clicked on

02-12-2024T07:52:48 - [MESSAGE][PASSED] - Object: 'Object Repository/Выручка в рублях/Применить в фильтре Дата' is clicked on

02-12-2024T07:52:48 - [TEST_STEP][PASSED] - delay(50): Delayed 50 second(s)

02-12-2024T07:53:38 - [MESSAGE][PASSED] - Delayed 50 second(s)

02-12-2024T07:53:38 - [TEST_STEP][PASSED] - click(findTestObject("Выручка в рублях/Фильтр Период" + nameOfBlock)): Object: 'Object Repository/Выручка в рублях/Фильтр Период' is clicked on

02-12-2024T07:53:38 - [MESSAGE][PASSED] - Object: 'Object Repository/Выручка в рублях/Фильтр Период' is clicked on

02-12-2024T07:53:38 - [TEST_STEP][PASSED] - click(findTestObject("Выручка в рублях/Снять выделение в фильтре Дата" + nameOfBlock)): Object: 'Object Repository/Выручка в рублях/Снять выделение в фильтре Дата' is clicked on

02-12-2024T07:53:38 - [MESSAGE][PASSED] - Object: 'Object Repository/Выручка в рублях/Снять выделение в фильтре Дата' is clicked on

02-12-2024T07:53:38 - [TEST_STEP][PASSED] - scrollToElement(findTestObject("Выручка в рублях/2024 список" + nameOfBlock), 30): Scroll to object 'Object Repository/Выручка в рублях/2024 список' successfully

02-12-2024T07:53:39 - [MESSAGE][PASSED] - Scroll to object 'Object Repository/Выручка в рублях/2024 список' successfully

02-12-2024T07:53:39 - [TEST_STEP][PASSED] - click(findTestObject("Выручка в рублях/2024 список" + nameOfBlock)): Object: 'Object Repository/Выручка в рублях/2024 список' is clicked on

02-12-2024T07:53:39 - [MESSAGE][PASSED] - Object: 'Object Repository/Выручка в рублях/2024 список' is clicked on

02-12-2024T07:53:39 - [TEST_STEP][PASSED] - scrollToElement(findTestObject("Выручка в рублях/1 квартал 2024 выбрать" + nameOfBlock), 30): Scroll to object 'Object Repository/Выручка в рублях/1 квартал 2024 выбрать' successfully

02-12-2024T07:53:40 - [MESSAGE][PASSED] - Scroll to object 'Object Repository/Выручка в рублях/1 квартал 2024 выбрать' successfully

02-12-2024T07:53:40 - [TEST_STEP][PASSED] - click(findTestObject("Выручка в рублях/1 квартал 2024 выбрать" + nameOfBlock)): Object: 'Object Repository/Выручка в рублях/1 квартал 2024 выбрать' is clicked on

02-12-2024T07:53:40 - [MESSAGE][PASSED] - Object: 'Object Repository/Выручка в рублях/1 квартал 2024 выбрать' is clicked on

02-12-2024T07:53:40 - [TEST_STEP][PASSED] - scrollToElement(findTestObject("Выручка в рублях/2 квартал 2024 выбрать" + nameOfBlock), 30): Scroll to object 'Object Repository/Выручка в рублях/2 квартал 2024 выбрать' successfully

02-12-2024T07:53:40 - [MESSAGE][PASSED] - Scroll to object 'Object Repository/Выручка в рублях/2 квартал 2024 выбрать' successfully

02-12-2024T07:53:40 - [TEST_STEP][PASSED] - click(findTestObject("Выручка в рублях/2 квартал 2024 выбрать" + nameOfBlock)): Object: 'Object Repository/Выручка в рублях/2 квартал 2024 выбрать' is clicked on

02-12-2024T07:53:41 - [MESSAGE][PASSED] - Object: 'Object Repository/Выручка в рублях/2 квартал 2024 выбрать' is clicked on

02-12-2024T07:53:41 - [TEST_STEP][PASSED] - scrollToElement(findTestObject("Выручка в рублях/3 квартал 2024 список" + nameOfBlock), 30): Scroll to object 'Object Repository/Выручка в рублях/3 квартал 2024 список' successfully

02-12-2024T07:53:41 - [MESSAGE][PASSED] - Scroll to object 'Object Repository/Выручка в рублях/3 квартал 2024 список' successfully

02-12-2024T07:53:41 - [TEST_STEP][PASSED] - click(findTestObject("Выручка в рублях/3 квартал 2024" + nameOfBlock)): Object: 'Object Repository/Выручка в рублях/3 квартал 2024' is clicked on

02-12-2024T07:53:42 - [MESSAGE][PASSED] - Object: 'Object Repository/Выручка в рублях/3 квартал 2024' is clicked on

02-12-2024T07:53:42 - [TEST_STEP][PASSED] - scrollToElement(findTestObject("Выручка в рублях/4 квартал 2024 список" + nameOfBlock), 30): Scroll to object 'Object Repository/Выручка в рублях/4 квартал 2024 список' successfully

02-12-2024T07:53:42 - [MESSAGE][PASSED] - Scroll to object 'Object Repository/Выручка в рублях/4 квартал 2024 список' successfully

02-12-2024T07:53:42 - [TEST_STEP][PASSED] - click(findTestObject("Выручка в рублях/4 квартал 2024 список" + nameOfBlock)): Object: 'Object Repository/Выручка в рублях/4 квартал 2024 список' is clicked on

02-12-2024T07:53:42 - [MESSAGE][PASSED] - Object: 'Object Repository/Выручка в рублях/4 квартал 2024 список' is clicked on

02-12-2024T07:53:42 - [TEST_STEP][PASSED] - scrollToElement(findTestObject("Выручка в рублях/Октябрь 2024" + nameOfBlock), 30): Scroll to object 'Object Repository/Выручка в рублях/Октябрь 2024' successfully

02-12-2024T07:53:43 - [MESSAGE][PASSED] - Scroll to object 'Object Repository/Выручка в рублях/Октябрь 2024' successfully

02-12-2024T07:53:43 - [TEST_STEP][PASSED] - click(findTestObject("Выручка в рублях/Октябрь 2024" + nameOfBlock)): Object: 'Object Repository/Выручка в рублях/Октябрь 2024' is clicked on

02-12-2024T07:53:43 - [MESSAGE][PASSED] - Object: 'Object Repository/Выручка в рублях/Октябрь 2024' is clicked on

02-12-2024T07:53:43 - [TEST_STEP][PASSED] - scrollToElement(findTestObject("Выручка в рублях/Заголовок дашборда" + nameOfBlock), 30): Scroll to object 'Object Repository/Выручка в рублях/Заголовок дашборда' successfully

02-12-2024T07:53:44 - [MESSAGE][PASSED] - Scroll to object 'Object Repository/Выручка в рублях/Заголовок дашборда' successfully

02-12-2024T07:53:44 - [TEST_STEP][PASSED] - click(findTestObject("Выручка в рублях/Применить в фильтре Дата" + nameOfBlock)): Object: 'Object Repository/Выручка в рублях/Применить в фильтре Дата' is clicked on

02-12-2024T07:53:44 - [MESSAGE][PASSED] - Object: 'Object Repository/Выручка в рублях/Применить в фильтре Дата' is clicked on

02-12-2024T07:53:44 - [TEST_STEP][PASSED] - delay(55): Delayed 55 second(s)

02-12-2024T07:54:39 - [MESSAGE][PASSED] - Delayed 55 second(s)

02-12-2024T07:54:39 - [TEST_STEP][PASSED] - click(findTestObject("Выручка в рублях/Фильтр ДЗО" + nameOfBlock)): Object: 'Object Repository/Выручка в рублях/Фильтр ДЗО' is clicked on

02-12-2024T07:54:39 - [MESSAGE][PASSED] - Object: 'Object Repository/Выручка в рублях/Фильтр ДЗО' is clicked on

02-12-2024T07:54:39 - [TEST_STEP][PASSED] - click(findTestObject("Выручка в рублях/Снять выделение в фильтре ДЗО" + nameOfBlock)): Object: 'Object Repository/Выручка в рублях/Снять выделение в фильтре ДЗО' is clicked on

02-12-2024T07:54:40 - [MESSAGE][PASSED] - Object: 'Object Repository/Выручка в рублях/Снять выделение в фильтре ДЗО' is clicked on

02-12-2024T07:54:40 - [TEST_STEP][PASSED] - click(findTestObject("Выручка в рублях/Применить в фильтре ДЗО" + nameOfBlock)): Object: 'Object Repository/Выручка в рублях/Применить в фильтре ДЗО' is clicked on

02-12-2024T07:54:41 - [MESSAGE][PASSED] - Object: 'Object Repository/Выручка в рублях/Применить в фильтре ДЗО' is clicked on

02-12-2024T07:54:41 - [TEST_STEP][PASSED] - delay(50): Delayed 50 second(s)

02-12-2024T07:55:31 - [MESSAGE][PASSED] - Delayed 50 second(s)

02-12-2024T07:55:31 - [TEST_STEP][PASSED] - Script1710234207206.Tumbler(run, vir, block, nameOfBlock): null

02-12-2024T07:55:31 - [TEST_STEP][PASSED] - println("run:" + run): null

02-12-2024T07:55:31 - [TEST_STEP][PASSED] - println("vir:" + vir): null

02-12-2024T07:55:31 - [TEST_STEP][PASSED] - println("block:" + block): null

02-12-2024T07:55:31 - [TEST_STEP][PASSED] - println("nameOfBlock:" + nameOfBlock): null

02-12-2024T07:55:31 - [TEST_STEP][PASSED] - if (vir == 1): Object: 'Object Repository/Выручка в рублях/Переключить отображение с млн на проценты Выручка в рублях' is clicked on

02-12-2024T07:55:31 - [TEST_STEP][PASSED] - if (run == 2): Object: 'Object Repository/Выручка в рублях/Переключить отображение с млн на проценты Выручка в рублях' is clicked on

02-12-2024T07:55:31 - [TEST_STEP][PASSED] - click(findTestObject("Выручка в рублях/Переключить отображение с млн на проценты Выручка в рублях" + nameOfBlock)): Object: 'Object Repository/Выручка в рублях/Переключить отображение с млн на проценты Выручка в рублях' is clicked on

02-12-2024T07:55:31 - [MESSAGE][PASSED] - Object: 'Object Repository/Выручка в рублях/Переключить отображение с млн на проценты Выручка в рублях' is clicked on

02-12-2024T07:55:31 - [TEST_STEP][PASSED] - click(findTestObject("Выручка в рублях/Фильтр ДЗО" + nameOfBlock)): Object: 'Object Repository/Выручка в рублях/Фильтр ДЗО' is clicked on

02-12-2024T07:55:31 - [MESSAGE][PASSED] - Object: 'Object Repository/Выручка в рублях/Фильтр ДЗО' is clicked on

02-12-2024T07:55:31 - [TEST_STEP][PASSED] - Script1710234207206.Rosseti(nameOfBlock): null

02-12-2024T07:55:31 - [TEST_STEP][PASSED] - println("nameOfBlock:" + nameOfBlock): null

02-12-2024T07:55:31 - [TEST_STEP][PASSED] - click(findTestObject("Выручка в рублях/ПАО Россети" + nameOfBlock)): Object: 'Object Repository/Выручка в рублях/ПАО Россети' is clicked on

02-12-2024T07:55:32 - [MESSAGE][PASSED] - Object: 'Object Repository/Выручка в рублях/ПАО Россети' is clicked on

02-12-2024T07:55:32 - [TEST_STEP][PASSED] - click(findTestObject("Выручка в рублях/Применить в фильтре ДЗО" + nameOfBlock)): Object: 'Object Repository/Выручка в рублях/Применить в фильтре ДЗО' is clicked on

02-12-2024T07:55:33 - [MESSAGE][PASSED] - Object: 'Object Repository/Выручка в рублях/Применить в фильтре ДЗО' is clicked on

02-12-2024T07:55:33 - [TEST_STEP][PASSED] - if (run == 2): null

02-12-2024T07:55:33 - [TEST_STEP][PASSED] - perc = " Perc": null

02-12-2024T07:55:33 - [TEST_STEP][PASSED] - if (vir == 1 || vir == 2): Text of object 'Object Repository/Выручка в рублях/График План' is: '1 180 677'

02-12-2024T07:55:33 - [TEST_STEP][PASSED] - a1 = getText(findTestObject("Выручка в рублях/График План")): Text of object 'Object Repository/Выручка в рублях/График План' is: '1 180 677'

02-12-2024T07:55:36 - [MESSAGE][PASSED] - Text of object 'Object Repository/Выручка в рублях/График План' is: '1 180 677'

02-12-2024T07:55:36 - [TEST_STEP][PASSED] - if (vir == 1 || vir == 2): Text of object 'Object Repository/Выручка в рублях/График Факт' is: '1 181 459'

02-12-2024T07:55:36 - [TEST_STEP][PASSED] - a2 = getText(findTestObject("Выручка в рублях/График Факт")): Text of object 'Object Repository/Выручка в рублях/График Факт' is: '1 181 459'

02-12-2024T07:55:36 - [MESSAGE][PASSED] - Text of object 'Object Repository/Выручка в рублях/График Факт' is: '1 181 459'

02-12-2024T07:55:36 - [TEST_STEP][PASSED] - a30 = getText(findTestObject("Выручка в рублях/span1" + perc)): Text of object 'Object Repository/Выручка в рублях/span1 Perc' is: '-25.61 %'

02-12-2024T07:55:37 - [MESSAGE][PASSED] - Text of object 'Object Repository/Выручка в рублях/span1 Perc' is: '-25.61 %'

02-12-2024T07:55:37 - [TEST_STEP][PASSED] - i = a30.indexOf("млн.руб."): null

02-12-2024T07:55:37 - [TEST_STEP][PASSED] - if (i > -1): null

02-12-2024T07:55:37 - [TEST_STEP][PASSED] - if (a30.contains("%")): null

02-12-2024T07:55:37 - [TEST_STEP][PASSED] - a30 = a30.replaceAll("%", ""): null

02-12-2024T07:55:37 - [TEST_STEP][PASSED] - a30 = ").trim(): null

02-12-2024T07:55:37 - [TEST_STEP][PASSED] - println("a30: " + a30): null

02-12-2024T07:55:37 - [TEST_STEP][PASSED] - if (vir == 1 || vir == 2): Text of object 'Object Repository/Выручка в рублях/span2 Perc' is: '19.44 %'

02-12-2024T07:55:37 - [TEST_STEP][PASSED] - a31 = ").trim(): Text of object 'Object Repository/Выручка в рублях/span2 Perc' is: '19.44 %'

02-12-2024T07:55:37 - [MESSAGE][PASSED] - Text of object 'Object Repository/Выручка в рублях/span2 Perc' is: '19.44 %'

02-12-2024T07:55:37 - [TEST_STEP][PASSED] - if (vir == 1 || vir == 2): Text of object 'Object Repository/Выручка в рублях/span3 Perc' is: '-48.66 %'

02-12-2024T07:55:37 - [TEST_STEP][PASSED] - a32 = ").trim(): Text of object 'Object Repository/Выручка в рублях/span3 Perc' is: '-48.66 %'

02-12-2024T07:55:37 - [MESSAGE][PASSED] - Text of object 'Object Repository/Выручка в рублях/span3 Perc' is: '-48.66 %'

02-12-2024T07:55:37 - [TEST_STEP][PASSED] - if (vir == 1 || vir == 2): Text of object 'Object Repository/Выручка в рублях/span8 Perc' is: '-48.99 %'

02-12-2024T07:55:37 - [TEST_STEP][PASSED] - a33 = ").trim(): Text of object 'Object Repository/Выручка в рублях/span4 Perc' is: '-49.88 %'

02-12-2024T07:55:38 - [MESSAGE][PASSED] - Text of object 'Object Repository/Выручка в рублях/span4 Perc' is: '-49.88 %'

02-12-2024T07:55:38 - [TEST_STEP][PASSED] - a34 = ").trim(): Text of object 'Object Repository/Выручка в рублях/span5 Perc' is: '-46.84 %'

02-12-2024T07:55:38 - [MESSAGE][PASSED] - Text of object 'Object Repository/Выручка в рублях/span5 Perc' is: '-46.84 %'

02-12-2024T07:55:38 - [TEST_STEP][PASSED] - a35 = ").trim(): Text of object 'Object Repository/Выручка в рублях/span6 Perc' is: '-47.31 %'

02-12-2024T07:55:38 - [MESSAGE][PASSED] - Text of object 'Object Repository/Выручка в рублях/span6 Perc' is: '-47.31 %'

02-12-2024T07:55:38 - [TEST_STEP][PASSED] - a36 = ").trim(): Text of object 'Object Repository/Выручка в рублях/span7 Perc' is: '4.39 %'

02-12-2024T07:55:39 - [MESSAGE][PASSED] - Text of object 'Object Repository/Выручка в рублях/span7 Perc' is: '4.39 %'

02-12-2024T07:55:39 - [TEST_STEP][PASSED] - a37 = ").trim(): Text of object 'Object Repository/Выручка в рублях/span8 Perc' is: '-48.99 %'

02-12-2024T07:55:39 - [MESSAGE][PASSED] - Text of object 'Object Repository/Выручка в рублях/span8 Perc' is: '-48.99 %'

02-12-2024T07:55:39 - [TEST_STEP][PASSED] - if (vir == 1 || vir == 2): Text of object 'Object Repository/Выручка в рублях/span17 Perc' is: '-48.42 %'

02-12-2024T07:55:39 - [TEST_STEP][PASSED] - a38 = ").trim(): Text of object 'Object Repository/Выручка в рублях/span9 Perc' is: '2.01 %'

02-12-2024T07:55:39 - [MESSAGE][PASSED] - Text of object 'Object Repository/Выручка в рублях/span9 Perc' is: '2.01 %'

02-12-2024T07:55:39 - [TEST_STEP][PASSED] - a39 = ").trim(): Text of object 'Object Repository/Выручка в рублях/span10 Perc' is: '2.23 %'

02-12-2024T07:55:40 - [MESSAGE][PASSED] - Text of object 'Object Repository/Выручка в рублях/span10 Perc' is: '2.23 %'

02-12-2024T07:55:40 - [TEST_STEP][PASSED] - a310 = ").trim(): Text of object 'Object Repository/Выручка в рублях/span11 Perc' is: '-48.47 %'

02-12-2024T07:55:40 - [MESSAGE][PASSED] - Text of object 'Object Repository/Выручка в рублях/span11 Perc' is: '-48.47 %'

02-12-2024T07:55:40 - [TEST_STEP][PASSED] - a311 = ").trim(): Text of object 'Object Repository/Выручка в рублях/span12 Perc' is: '-53.69 %'

02-12-2024T07:55:40 - [MESSAGE][PASSED] - Text of object 'Object Repository/Выручка в рублях/span12 Perc' is: '-53.69 %'

02-12-2024T07:55:40 - [TEST_STEP][PASSED] - a312 = ").trim(): Text of object 'Object Repository/Выручка в рублях/span13 Perc' is: '2.27 %'

02-12-2024T07:55:40 - [MESSAGE][PASSED] - Text of object 'Object Repository/Выручка в рублях/span13 Perc' is: '2.27 %'

02-12-2024T07:55:40 - [TEST_STEP][PASSED] - a313 = ").trim(): Text of object 'Object Repository/Выручка в рублях/span14 Perc' is: '-9.49 %'

02-12-2024T07:55:41 - [MESSAGE][PASSED] - Text of object 'Object Repository/Выручка в рублях/span14 Perc' is: '-9.49 %'

02-12-2024T07:55:41 - [TEST_STEP][PASSED] - a314 = ").trim(): Text of object 'Object Repository/Выручка в рублях/span15 Perc' is: '-31.28 %'

02-12-2024T07:55:41 - [MESSAGE][PASSED] - Text of object 'Object Repository/Выручка в рублях/span15 Perc' is: '-31.28 %'

02-12-2024T07:55:41 - [TEST_STEP][PASSED] - a315 = ").trim(): Text of object 'Object Repository/Выручка в рублях/span16 Perc' is: '4.33 %'

02-12-2024T07:55:41 - [MESSAGE][PASSED] - Text of object 'Object Repository/Выручка в рублях/span16 Perc' is: '4.33 %'

02-12-2024T07:55:41 - [TEST_STEP][PASSED] - a316 = ").trim(): Text of object 'Object Repository/Выручка в рублях/span17 Perc' is: '-48.42 %'

02-12-2024T07:55:42 - [MESSAGE][PASSED] - Text of object 'Object Repository/Выручка в рублях/span17 Perc' is: '-48.42 %'

02-12-2024T07:55:42 - [TEST_STEP][PASSED] - if (vir == 1 || vir == 2): Text of object 'Object Repository/Выручка в рублях/span18 Perc' is: '4.04 %'

02-12-2024T07:55:42 - [TEST_STEP][PASSED] - a317 = ").trim(): Text of object 'Object Repository/Выручка в рублях/span18 Perc' is: '4.04 %'

02-12-2024T07:55:42 - [MESSAGE][PASSED] - Text of object 'Object Repository/Выручка в рублях/span18 Perc' is: '4.04 %'

02-12-2024T07:55:42 - [TEST_STEP][PASSED] - block = 2: null

02-12-2024T07:55:42 - [TEST_STEP][PASSED] - nameOfBlock = " Выручка": null

02-12-2024T07:55:42 - [TEST_STEP][PASSED] - Script1710234207206.PreSettings(run, vir, block, nameOfBlock, typeOfData, todaysDate): null

02-12-2024T07:55:42 - [TEST_STEP][PASSED] - openBrowser(""): Browser is opened with url: ''

02-12-2024T07:55:42 - [MESSAGE][WARNING] - A browser is already opened. Closing browser and opening a new one

02-12-2024T07:55:42 - [MESSAGE][INFO] - Starting 'Chrome' driver

02-12-2024T07:55:42 - [MESSAGE][INFO] - Action delay is set to 0 milliseconds

02-12-2024T07:55:43 - [MESSAGE][PASSED] - Browser is opened with url: ''

02-12-2024T07:55:43 - [TEST_STEP][PASSED] - refresh(): Refresh successfully

02-12-2024T07:55:43 - [MESSAGE][PASSED] - Refresh successfully

02-12-2024T07:55:43 - [TEST_STEP][PASSED] - delay(50): Delayed 50 second(s)

02-12-2024T07:56:33 - [MESSAGE][PASSED] - Delayed 50 second(s)

02-12-2024T07:56:33 - [TEST_STEP][PASSED] - println("run:" + run): null

02-12-2024T07:56:33 - [TEST_STEP][PASSED] - println("vir:" + vir): null

02-12-2024T07:56:33 - [TEST_STEP][PASSED] - println("block:" + block): null

02-12-2024T07:56:33 - [TEST_STEP][PASSED] - if (block == 1): null

02-12-2024T07:56:33 - [TEST_STEP][PASSED] - else: null

02-12-2024T07:56:33 - [TEST_STEP][PASSED] - nameOfBlock = " Выручка": null

02-12-2024T07:56:33 - [TEST_STEP][PASSED] - println("nameOfBlock:" + nameOfBlock): null

02-12-2024T07:56:33 - [TEST_STEP][PASSED] - println("typeOfData:" + typeOfData): null

02-12-2024T07:56:33 - [TEST_STEP][PASSED] - println("todaysDate:" + todaysDate): null

02-12-2024T07:56:33 - [TEST_STEP][PASSED] - Script1710234207206.Autorization(block, nameOfBlock): null

02-12-2024T07:56:33 - [TEST_STEP][PASSED] - i = <not implemented yet for class: org.codehaus.groovy.ast.expr.EmptyExpression>: null

02-12-2024T07:56:33 - [TEST_STEP][PASSED] - ii = <not implemented yet for class: org.codehaus.groovy.ast.expr.EmptyExpression>: null

02-12-2024T07:56:33 - [TEST_STEP][PASSED] - urlData = <not implemented yet for class: org.codehaus.groovy.ast.expr.EmptyExpression>: null

02-12-2024T07:56:33 - [TEST_STEP][PASSED] - searchWord = <not implemented yet for class: org.codehaus.groovy.ast.expr.EmptyExpression>: null

02-12-2024T07:56:33 - [TEST_STEP][PASSED] - urlText = <not implemented yet for class: org.codehaus.groovy.ast.expr.EmptyExpression>: null

02-12-2024T07:56:33 - [TEST_STEP][PASSED] - println("block:" + block): null

02-12-2024T07:56:33 - [TEST_STEP][PASSED] - if (block == 1): null

02-12-2024T07:56:33 - [TEST_STEP][PASSED] - else: null

02-12-2024T07:56:33 - [TEST_STEP][PASSED] - delay(45): Delayed 45 second(s)

02-12-2024T07:57:18 - [MESSAGE][PASSED] - Delayed 45 second(s)

02-12-2024T07:57:18 - [TEST_STEP][PASSED] - nameOfBlock = " Выручка": null

02-12-2024T07:57:18 - [TEST_STEP][PASSED] - println("nameOfBlock:" + nameOfBlock): null

02-12-2024T07:57:18 - [TEST_STEP][PASSED] - if (block == 1): null

02-12-2024T07:57:18 - [TEST_STEP][PASSED] - else: Delayed 45 second(s)

02-12-2024T07:57:18 - [TEST_STEP][PASSED] - urlData = 9: null

02-12-2024T07:57:18 - [TEST_STEP][PASSED] - delay(45): Delayed 45 second(s)

02-12-2024T07:58:03 - [MESSAGE][PASSED] - Delayed 45 second(s)

02-12-2024T07:58:03 - [TEST_STEP][PASSED] - navigateToUrl(findTestData("PlanFact").getValue(10, urlData)): Navigate to 'https://bi.rosseti.digital/viewer?dashboardGuid=a1fd28b3785d443cbc4d7690a1d78e31&sheetGuid=86092a20c5984827a0c87b24cac76a50&fit=true' successfully

02-12-2024T07:58:08 - [MESSAGE][PASSED] - Navigate to 'https://bi.rosseti.digital/viewer?dashboardGuid=a1fd28b3785d443cbc4d7690a1d78e31&sheetGuid=86092a20c5984827a0c87b24cac76a50&fit=true' successfully

02-12-2024T07:58:08 - [TEST_STEP][PASSED] - urlText = getText(findTestObject("Страница авторизации/Text")): Text of object 'Object Repository/Страница авторизации/Text' is: 'Вход'

02-12-2024T07:58:11 - [MESSAGE][PASSED] - Text of object 'Object Repository/Страница авторизации/Text' is: 'Вход'

02-12-2024T07:58:11 - [TEST_STEP][PASSED] - searchWord = "Вход": null

02-12-2024T07:58:11 - [TEST_STEP][PASSED] - if (urlText == null || urlText.contains("ошибка") || urlText.contains(searchWord) == false): null

02-12-2024T07:58:11 - [TEST_STEP][PASSED] - if (verifyElementPresent(findTestObject("Страница авторизации/button_"), 30) == true): null

02-12-2024T07:58:11 - [MESSAGE][PASSED] - Object 'Object Repository/Страница авторизации/button_' is present

02-12-2024T07:58:11 - [TEST_STEP][PASSED] - setText(findTestObject("Страница авторизации/input__username"), findTestData("PlanFact").getValue(8, 1)): Text 'liazgina-di' is set on object 'Object Repository/Страница авторизации/input__username'

02-12-2024T07:58:12 - [MESSAGE][PASSED] - Text 'liazgina-di' is set on object 'Object Repository/Страница авторизации/input__username'

02-12-2024T07:58:12 - [TEST_STEP][PASSED] - setText(findTestObject("Страница авторизации/input__password"), findTestData("PlanFact").getValue(9, 1)): Text ')$%5srZ8o688Dm#q' is set on object 'Object Repository/Страница авторизации/input__password'

02-12-2024T07:58:13 - [MESSAGE][PASSED] - Text ')$%5srZ8o688Dm#q' is set on object 'Object Repository/Страница авторизации/input__password'

02-12-2024T07:58:13 - [TEST_STEP][PASSED] - click(findTestObject("Страница авторизации/button_")): Object: 'Object Repository/Страница авторизации/button_' is clicked on

02-12-2024T07:58:15 - [MESSAGE][PASSED] - Object: 'Object Repository/Страница авторизации/button_' is clicked on

02-12-2024T07:58:15 - [TEST_STEP][PASSED] - delay(45): Delayed 45 second(s)

02-12-2024T07:59:00 - [MESSAGE][PASSED] - Delayed 45 second(s)

02-12-2024T07:59:00 - [TEST_STEP][PASSED] - urlText = getText(findTestObject("Страница авторизации/Text")): Text of object 'Object Repository/Страница авторизации/Text' is: 'Период
Январь, Февраль, Март, Апрель, Май, Июнь, Июль, Август, Сентябрь, Октябрь 2024 года
Выручка
Все
Выполнение плановых показателей по ПАО Россети за Январь, Февраль, Март, Апрель, Май, Июнь, Июль, Август, Сентябрь, Октябрь 2024 года
План
Факт
Динамика
2024 год
0 млн.руб.
100 000 млн.руб.
200 000 млн.руб.
300 000 млн.руб.
400 000 млн.руб.
500 000 млн.руб.
600 000 млн.руб.
700 000 млн.руб.
800 000 млн.руб.
900 000 млн.руб.
1 000 000 млн.руб.
1 100 000 млн.руб.
1 200 000 млн.руб.
1 300 000 млн.руб.
1 400 000 млн.руб.
1 180 677
1 181 459
↑
ДЗО 
Все
Подписи данных
⬤Отклонение
АО «Тываэнерго»
АО «Чеченэнерго»
Россети Волга
Россети Кубань
Россети Ленэнерго (ГК)
Россети Московский регион
Россети Северный Кавказ (ГК)
Россети Северо-Запад
Россети Сибирь (ГК)
Россети Томск
Россети Тюмень
Россети Урал (ГК)
Россети ФСК ЕЭС
Россети Центр
Россети Центр и Приволжье (ГК)
Россети Юг (ГК)
Россети Янтарь
-27 500 млн.руб.
-25 000 млн.руб.
-22 500 млн.руб.
-20 000 млн.руб.
-17 500 млн.руб.
-15 000 млн.руб.
-12 500 млн.руб.
-10 000 млн.руб.
-7 500 млн.руб.
-5 000 млн.руб.
-2 500 млн.руб.
0 млн.руб.
2 500 млн.руб.
5 000 млн.руб.
7 500 млн.руб.
10 000 млн.руб.
300
101
156
3 953
4 462
7 500
888
878
1 274
238
-5 106
1 955
-24 344
2 435
4 419
1 357
318
млн.
%
Выручка
Отклонение выручки по ПАО Россети за Январь, Февраль, Март, Апрель, Май, Июнь, Июль, Август, Сентябрь, Октябрь 2024 года (факт/план, млн. руб)
ПАО Россети
782.4 млн.руб.
Статус данных
×
Просьба обратить внимание
Данные занесены не полностью
ВЫБРАННЫЕ ЗНАЧЕНИЯ ФИЛЬТРОВ
ДЗО | ПЕРИОД
ПАО Россети: [«Выбраны все филиалы по всем ДЗО по всем категориям»]
2024: [Янв, Фев, Мар, Апр, Май, Июн, Июл, Авг, Сен, Окт]
*Внутренний оборот'

02-12-2024T07:59:01 - [MESSAGE][PASSED] - Text of object 'Object Repository/Страница авторизации/Text' is: 'Период
Январь, Февраль, Март, Апрель, Май, Июнь, Июль, Август, Сентябрь, Октябрь 2024 года
Выручка
Все
Выполнение плановых показателей по ПАО Россети за Январь, Февраль, Март, Апрель, Май, Июнь, Июль, Август, Сентябрь, Октябрь 2024 года
План
Факт
Динамика
2024 год
0 млн.руб.
100 000 млн.руб.
200 000 млн.руб.
300 000 млн.руб.
400 000 млн.руб.
500 000 млн.руб.
600 000 млн.руб.
700 000 млн.руб.
800 000 млн.руб.
900 000 млн.руб.
1 000 000 млн.руб.
1 100 000 млн.руб.
1 200 000 млн.руб.
1 300 000 млн.руб.
1 400 000 млн.руб.
1 180 677
1 181 459
↑
ДЗО 
Все
Подписи данных
⬤Отклонение
АО «Тываэнерго»
АО «Чеченэнерго»
Россети Волга
Россети Кубань
Россети Ленэнерго (ГК)
Россети Московский регион
Россети Северный Кавказ (ГК)
Россети Северо-Запад
Россети Сибирь (ГК)
Россети Томск
Россети Тюмень
Россети Урал (ГК)
Россети ФСК ЕЭС
Россети Центр
Россети Центр и Приволжье (ГК)
Россети Юг (ГК)
Россети Янтарь
-27 500 млн.руб.
-25 000 млн.руб.
-22 500 млн.руб.
-20 000 млн.руб.
-17 500 млн.руб.
-15 000 млн.руб.
-12 500 млн.руб.
-10 000 млн.руб.
-7 500 млн.руб.
-5 000 млн.руб.
-2 500 млн.руб.
0 млн.руб.
2 500 млн.руб.
5 000 млн.руб.
7 500 млн.руб.
10 000 млн.руб.
300
101
156
3 953
4 462
7 500
888
878
1 274
238
-5 106
1 955
-24 344
2 435
4 419
1 357
318
млн.
%
Выручка
Отклонение выручки по ПАО Россети за Январь, Февраль, Март, Апрель, Май, Июнь, Июль, Август, Сентябрь, Октябрь 2024 года (факт/план, млн. руб)
ПАО Россети
782.4 млн.руб.
Статус данных
×
Просьба обратить внимание
Данные занесены не полностью
ВЫБРАННЫЕ ЗНАЧЕНИЯ ФИЛЬТРОВ
ДЗО | ПЕРИОД
ПАО Россети: [«Выбраны все филиалы по всем ДЗО по всем категориям»]
2024: [Янв, Фев, Мар, Апр, Май, Июн, Июл, Авг, Сен, Окт]
*Внутренний оборот'

02-12-2024T07:59:01 - [TEST_STEP][PASSED] - searchWord = "а": null

02-12-2024T07:59:01 - [TEST_STEP][PASSED] - if (urlText.contains("ошибка") || urlText.contains(searchWord) == false): null

02-12-2024T07:59:01 - [TEST_STEP][PASSED] - delay(45): Delayed 45 second(s)

02-12-2024T07:59:46 - [MESSAGE][PASSED] - Delayed 45 second(s)

02-12-2024T07:59:46 - [TEST_STEP][PASSED] - if (block == 2): Delayed 50 second(s)

02-12-2024T07:59:46 - [TEST_STEP][PASSED] - opoveshenie = getText(findTestObject("Выручка в рублях/Просьба обратить внимание")): Text of object 'Object Repository/Выручка в рублях/Просьба обратить внимание' is: 'Просьба обратить внимание'

02-12-2024T07:59:46 - [MESSAGE][PASSED] - Text of object 'Object Repository/Выручка в рублях/Просьба обратить внимание' is: 'Просьба обратить внимание'

02-12-2024T07:59:46 - [TEST_STEP][PASSED] - if (opoveshenie == "Просьба обратить внимание"): Delayed 50 second(s)

02-12-2024T07:59:46 - [TEST_STEP][PASSED] - click(findTestObject("Выручка в рублях/Закрыть оповещение")): Object: 'Object Repository/Выручка в рублях/Закрыть оповещение' is clicked on

02-12-2024T07:59:47 - [MESSAGE][PASSED] - Object: 'Object Repository/Выручка в рублях/Закрыть оповещение' is clicked on

02-12-2024T07:59:47 - [TEST_STEP][PASSED] - delay(50): Delayed 50 second(s)

02-12-2024T08:00:37 - [MESSAGE][PASSED] - Delayed 50 second(s)

02-12-2024T08:00:37 - [TEST_STEP][PASSED] - click(findTestObject("Выручка в рублях/Фильтр Период" + nameOfBlock)): Object: 'Object Repository/Выручка в рублях/Фильтр Период Выручка' is clicked on

02-12-2024T08:00:37 - [MESSAGE][PASSED] - Object: 'Object Repository/Выручка в рублях/Фильтр Период Выручка' is clicked on

02-12-2024T08:00:37 - [TEST_STEP][PASSED] - click(findTestObject("Выручка в рублях/Снять выделение в фильтре Дата" + nameOfBlock)): Object: 'Object Repository/Выручка в рублях/Снять выделение в фильтре Дата Выручка' is clicked on

02-12-2024T08:00:38 - [MESSAGE][PASSED] - Object: 'Object Repository/Выручка в рублях/Снять выделение в фильтре Дата Выручка' is clicked on

02-12-2024T08:00:38 - [TEST_STEP][PASSED] - click(findTestObject("Выручка в рублях/Применить в фильтре Дата" + nameOfBlock)): Object: 'Object Repository/Выручка в рублях/Применить в фильтре Дата Выручка' is clicked on

02-12-2024T08:00:38 - [MESSAGE][PASSED] - Object: 'Object Repository/Выручка в рублях/Применить в фильтре Дата Выручка' is clicked on

02-12-2024T08:00:38 - [TEST_STEP][PASSED] - delay(50): Delayed 50 second(s)

02-12-2024T08:01:28 - [MESSAGE][PASSED] - Delayed 50 second(s)

02-12-2024T08:01:28 - [TEST_STEP][PASSED] - click(findTestObject("Выручка в рублях/Фильтр Период" + nameOfBlock)): Object: 'Object Repository/Выручка в рублях/Фильтр Период Выручка' is clicked on

02-12-2024T08:01:29 - [MESSAGE][PASSED] - Object: 'Object Repository/Выручка в рублях/Фильтр Период Выручка' is clicked on

02-12-2024T08:01:29 - [TEST_STEP][PASSED] - click(findTestObject("Выручка в рублях/Снять выделение в фильтре Дата" + nameOfBlock)): Object: 'Object Repository/Выручка в рублях/Снять выделение в фильтре Дата Выручка' is clicked on

02-12-2024T08:01:29 - [MESSAGE][PASSED] - Object: 'Object Repository/Выручка в рублях/Снять выделение в фильтре Дата Выручка' is clicked on

02-12-2024T08:01:29 - [TEST_STEP][PASSED] - scrollToElement(findTestObject("Выручка в рублях/2024 список" + nameOfBlock), 30): Scroll to object 'Object Repository/Выручка в рублях/2024 список Выручка' successfully

02-12-2024T08:01:29 - [MESSAGE][PASSED] - Scroll to object 'Object Repository/Выручка в рублях/2024 список Выручка' successfully

02-12-2024T08:01:29 - [TEST_STEP][PASSED] - click(findTestObject("Выручка в рублях/2024 список" + nameOfBlock)): Object: 'Object Repository/Выручка в рублях/2024 список Выручка' is clicked on

02-12-2024T08:01:30 - [MESSAGE][PASSED] - Object: 'Object Repository/Выручка в рублях/2024 список Выручка' is clicked on

02-12-2024T08:01:30 - [TEST_STEP][PASSED] - scrollToElement(findTestObject("Выручка в рублях/1 квартал 2024 выбрать" + nameOfBlock), 30): Scroll to object 'Object Repository/Выручка в рублях/1 квартал 2024 выбрать Выручка' successfully

02-12-2024T08:01:30 - [MESSAGE][PASSED] - Scroll to object 'Object Repository/Выручка в рублях/1 квартал 2024 выбрать Выручка' successfully

02-12-2024T08:01:30 - [TEST_STEP][PASSED] - click(findTestObject("Выручка в рублях/1 квартал 2024 выбрать" + nameOfBlock)): Object: 'Object Repository/Выручка в рублях/1 квартал 2024 выбрать Выручка' is clicked on

02-12-2024T08:01:31 - [MESSAGE][PASSED] - Object: 'Object Repository/Выручка в рублях/1 квартал 2024 выбрать Выручка' is clicked on

02-12-2024T08:01:31 - [TEST_STEP][PASSED] - scrollToElement(findTestObject("Выручка в рублях/2 квартал 2024 выбрать" + nameOfBlock), 30): Scroll to object 'Object Repository/Выручка в рублях/2 квартал 2024 выбрать Выручка' successfully

02-12-2024T08:01:31 - [MESSAGE][PASSED] - Scroll to object 'Object Repository/Выручка в рублях/2 квартал 2024 выбрать Выручка' successfully

02-12-2024T08:01:31 - [TEST_STEP][PASSED] - click(findTestObject("Выручка в рублях/2 квартал 2024 выбрать" + nameOfBlock)): Object: 'Object Repository/Выручка в рублях/2 квартал 2024 выбрать Выручка' is clicked on

02-12-2024T08:01:31 - [MESSAGE][PASSED] - Object: 'Object Repository/Выручка в рублях/2 квартал 2024 выбрать Выручка' is clicked on

02-12-2024T08:01:31 - [TEST_STEP][PASSED] - scrollToElement(findTestObject("Выручка в рублях/3 квартал 2024 список" + nameOfBlock), 30): Scroll to object 'Object Repository/Выручка в рублях/3 квартал 2024 список Выручка' successfully

02-12-2024T08:01:32 - [MESSAGE][PASSED] - Scroll to object 'Object Repository/Выручка в рублях/3 квартал 2024 список Выручка' successfully

02-12-2024T08:01:32 - [TEST_STEP][PASSED] - click(findTestObject("Выручка в рублях/3 квартал 2024" + nameOfBlock)): Object: 'Object Repository/Выручка в рублях/3 квартал 2024 Выручка' is clicked on

02-12-2024T08:01:32 - [MESSAGE][PASSED] - Object: 'Object Repository/Выручка в рублях/3 квартал 2024 Выручка' is clicked on

02-12-2024T08:01:32 - [TEST_STEP][PASSED] - scrollToElement(findTestObject("Выручка в рублях/4 квартал 2024 список" + nameOfBlock), 30): Scroll to object 'Object Repository/Выручка в рублях/4 квартал 2024 список Выручка' successfully

02-12-2024T08:01:33 - [MESSAGE][PASSED] - Scroll to object 'Object Repository/Выручка в рублях/4 квартал 2024 список Выручка' successfully

02-12-2024T08:01:33 - [TEST_STEP][PASSED] - click(findTestObject("Выручка в рублях/4 квартал 2024 список" + nameOfBlock)): Object: 'Object Repository/Выручка в рублях/4 квартал 2024 список Выручка' is clicked on

02-12-2024T08:01:33 - [MESSAGE][PASSED] - Object: 'Object Repository/Выручка в рублях/4 квартал 2024 список Выручка' is clicked on

02-12-2024T08:01:33 - [TEST_STEP][PASSED] - scrollToElement(findTestObject("Выручка в рублях/Октябрь 2024" + nameOfBlock), 30): Scroll to object 'Object Repository/Выручка в рублях/Октябрь 2024 Выручка' successfully

02-12-2024T08:01:33 - [MESSAGE][PASSED] - Scroll to object 'Object Repository/Выручка в рублях/Октябрь 2024 Выручка' successfully

02-12-2024T08:01:33 - [TEST_STEP][PASSED] - click(findTestObject("Выручка в рублях/Октябрь 2024" + nameOfBlock)): Object: 'Object Repository/Выручка в рублях/Октябрь 2024 Выручка' is clicked on

02-12-2024T08:01:34 - [MESSAGE][PASSED] - Object: 'Object Repository/Выручка в рублях/Октябрь 2024 Выручка' is clicked on

02-12-2024T08:01:34 - [TEST_STEP][PASSED] - scrollToElement(findTestObject("Выручка в рублях/Заголовок дашборда" + nameOfBlock), 30): Scroll to object 'Object Repository/Выручка в рублях/Заголовок дашборда Выручка' successfully

02-12-2024T08:01:34 - [MESSAGE][PASSED] - Scroll to object 'Object Repository/Выручка в рублях/Заголовок дашборда Выручка' successfully

02-12-2024T08:01:34 - [TEST_STEP][PASSED] - click(findTestObject("Выручка в рублях/Применить в фильтре Дата" + nameOfBlock)): Object: 'Object Repository/Выручка в рублях/Применить в фильтре Дата Выручка' is clicked on

02-12-2024T08:01:35 - [MESSAGE][PASSED] - Object: 'Object Repository/Выручка в рублях/Применить в фильтре Дата Выручка' is clicked on

02-12-2024T08:01:35 - [TEST_STEP][PASSED] - delay(55): Delayed 55 second(s)

02-12-2024T08:02:30 - [MESSAGE][PASSED] - Delayed 55 second(s)

02-12-2024T08:02:30 - [TEST_STEP][PASSED] - click(findTestObject("Выручка в рублях/Фильтр ДЗО" + nameOfBlock)): Object: 'Object Repository/Выручка в рублях/Фильтр ДЗО Выручка' is clicked on

02-12-2024T08:02:30 - [MESSAGE][PASSED] - Object: 'Object Repository/Выручка в рублях/Фильтр ДЗО Выручка' is clicked on

02-12-2024T08:02:30 - [TEST_STEP][PASSED] - click(findTestObject("Выручка в рублях/Снять выделение в фильтре ДЗО" + nameOfBlock)): Object: 'Object Repository/Выручка в рублях/Снять выделение в фильтре ДЗО Выручка' is clicked on

02-12-2024T08:02:31 - [MESSAGE][PASSED] - Object: 'Object Repository/Выручка в рублях/Снять выделение в фильтре ДЗО Выручка' is clicked on

02-12-2024T08:02:31 - [TEST_STEP][PASSED] - click(findTestObject("Выручка в рублях/Применить в фильтре ДЗО" + nameOfBlock)): Object: 'Object Repository/Выручка в рублях/Применить в фильтре ДЗО Выручка' is clicked on

02-12-2024T08:02:31 - [MESSAGE][PASSED] - Object: 'Object Repository/Выручка в рублях/Применить в фильтре ДЗО Выручка' is clicked on

02-12-2024T08:02:31 - [TEST_STEP][PASSED] - delay(50): Delayed 50 second(s)

02-12-2024T08:03:21 - [MESSAGE][PASSED] - Delayed 50 second(s)

02-12-2024T08:03:21 - [TEST_STEP][PASSED] - Script1710234207206.Tumbler(run, vir, block, nameOfBlock): null

02-12-2024T08:03:21 - [TEST_STEP][PASSED] - println("run:" + run): null

02-12-2024T08:03:21 - [TEST_STEP][PASSED] - println("vir:" + vir): null

02-12-2024T08:03:21 - [TEST_STEP][PASSED] - println("block:" + block): null

02-12-2024T08:03:21 - [TEST_STEP][PASSED] - println("nameOfBlock:" + nameOfBlock): null

02-12-2024T08:03:21 - [TEST_STEP][PASSED] - if (vir == 1): Object: 'Object Repository/Выручка в рублях/Переключить отображение с млн на проценты Выручка в рублях Выручка' is clicked on

02-12-2024T08:03:21 - [TEST_STEP][PASSED] - if (run == 2): Object: 'Object Repository/Выручка в рублях/Переключить отображение с млн на проценты Выручка в рублях Выручка' is clicked on

02-12-2024T08:03:21 - [TEST_STEP][PASSED] - click(findTestObject("Выручка в рублях/Переключить отображение с млн на проценты Выручка в рублях" + nameOfBlock)): Object: 'Object Repository/Выручка в рублях/Переключить отображение с млн на проценты Выручка в рублях Выручка' is clicked on

02-12-2024T08:03:22 - [MESSAGE][PASSED] - Object: 'Object Repository/Выручка в рублях/Переключить отображение с млн на проценты Выручка в рублях Выручка' is clicked on

02-12-2024T08:03:22 - [TEST_STEP][PASSED] - click(findTestObject("Выручка в рублях/Фильтр ДЗО" + nameOfBlock)): Object: 'Object Repository/Выручка в рублях/Фильтр ДЗО Выручка' is clicked on

02-12-2024T08:03:22 - [MESSAGE][PASSED] - Object: 'Object Repository/Выручка в рублях/Фильтр ДЗО Выручка' is clicked on

02-12-2024T08:03:22 - [TEST_STEP][PASSED] - Script1710234207206.Rosseti(nameOfBlock): null

02-12-2024T08:03:22 - [TEST_STEP][PASSED] - println("nameOfBlock:" + nameOfBlock): null

02-12-2024T08:03:22 - [TEST_STEP][PASSED] - click(findTestObject("Выручка в рублях/ПАО Россети" + nameOfBlock)): Object: 'Object Repository/Выручка в рублях/ПАО Россети Выручка' is clicked on

02-12-2024T08:03:23 - [MESSAGE][PASSED] - Object: 'Object Repository/Выручка в рублях/ПАО Россети Выручка' is clicked on

02-12-2024T08:03:23 - [TEST_STEP][PASSED] - click(findTestObject("Выручка в рублях/Применить в фильтре ДЗО" + nameOfBlock)): Object: 'Object Repository/Выручка в рублях/Применить в фильтре ДЗО Выручка' is clicked on

02-12-2024T08:03:23 - [MESSAGE][PASSED] - Object: 'Object Repository/Выручка в рублях/Применить в фильтре ДЗО Выручка' is clicked on

02-12-2024T08:03:23 - [TEST_STEP][PASSED] - if (vir == 1 || vir == 2): Text of object 'Object Repository/Выручка в рублях/График План Выручка' is: '1 180 677'

02-12-2024T08:03:23 - [TEST_STEP][PASSED] - b1 = getText(findTestObject("Выручка в рублях/График План Выручка")): Text of object 'Object Repository/Выручка в рублях/График План Выручка' is: '1 180 677'

02-12-2024T08:03:25 - [MESSAGE][PASSED] - Text of object 'Object Repository/Выручка в рублях/График План Выручка' is: '1 180 677'

02-12-2024T08:03:25 - [TEST_STEP][PASSED] - if (vir == 1 || vir == 2): Text of object 'Object Repository/Выручка в рублях/График Факт Выручка' is: '1 181 459'

02-12-2024T08:03:25 - [TEST_STEP][PASSED] - b2 = getText(findTestObject("Выручка в рублях/График Факт Выручка")): Text of object 'Object Repository/Выручка в рублях/График Факт Выручка' is: '1 181 459'

02-12-2024T08:03:26 - [MESSAGE][PASSED] - Text of object 'Object Repository/Выручка в рублях/График Факт Выручка' is: '1 181 459'

02-12-2024T08:03:26 - [TEST_STEP][PASSED] - b30 = getText(findTestObject("Выручка в рублях/span1" + perc)): Text of object 'Object Repository/Выручка в рублях/span1 Perc' is: '0.07 %'

02-12-2024T08:03:26 - [MESSAGE][PASSED] - Text of object 'Object Repository/Выручка в рублях/span1 Perc' is: '0.07 %'

02-12-2024T08:03:26 - [TEST_STEP][PASSED] - i = b30.indexOf("млн.руб."): null

02-12-2024T08:03:26 - [TEST_STEP][PASSED] - if (i > -1): null

02-12-2024T08:03:26 - [TEST_STEP][PASSED] - if (b30.contains("%")): null

02-12-2024T08:03:26 - [TEST_STEP][PASSED] - b30 = b30.replaceAll("%", ""): null

02-12-2024T08:03:26 - [TEST_STEP][PASSED] - b30 = ").trim(): null

02-12-2024T08:03:26 - [TEST_STEP][PASSED] - println("b30: " + b30): null

02-12-2024T08:03:26 - [TEST_STEP][PASSED] - if (vir == 1 || vir == 2): Text of object 'Object Repository/Выручка в рублях/span2 Perc' is: '19.44 %'

02-12-2024T08:03:26 - [TEST_STEP][PASSED] - b31 = ").trim(): Text of object 'Object Repository/Выручка в рублях/span2 Perc' is: '19.44 %'

02-12-2024T08:03:26 - [MESSAGE][PASSED] - Text of object 'Object Repository/Выручка в рублях/span2 Perc' is: '19.44 %'

02-12-2024T08:03:26 - [TEST_STEP][PASSED] - if (vir == 1 || vir == 2): Text of object 'Object Repository/Выручка в рублях/span3 Perc' is: '2.68 %'

02-12-2024T08:03:26 - [TEST_STEP][PASSED] - b32 = ").trim(): Text of object 'Object Repository/Выручка в рублях/span3 Perc' is: '2.68 %'

02-12-2024T08:03:26 - [MESSAGE][PASSED] - Text of object 'Object Repository/Выручка в рублях/span3 Perc' is: '2.68 %'

02-12-2024T08:03:26 - [TEST_STEP][PASSED] - if (vir == 1 || vir == 2): Text of object 'Object Repository/Выручка в рублях/span8 Perc' is: '3.42 %'

02-12-2024T08:03:26 - [TEST_STEP][PASSED] - b33 = ").trim(): Text of object 'Object Repository/Выручка в рублях/span4 Perc' is: '0.24 %'

02-12-2024T08:03:27 - [MESSAGE][PASSED] - Text of object 'Object Repository/Выручка в рублях/span4 Perc' is: '0.24 %'

02-12-2024T08:03:27 - [TEST_STEP][PASSED] - b34 = ").trim(): Text of object 'Object Repository/Выручка в рублях/span5 Perc' is: '6.32 %'

02-12-2024T08:03:27 - [MESSAGE][PASSED] - Text of object 'Object Repository/Выручка в рублях/span5 Perc' is: '6.32 %'

02-12-2024T08:03:27 - [TEST_STEP][PASSED] - b35 = ").trim(): Text of object 'Object Repository/Выручка в рублях/span6 Perc' is: '5.38 %'

02-12-2024T08:03:27 - [MESSAGE][PASSED] - Text of object 'Object Repository/Выручка в рублях/span6 Perc' is: '5.38 %'

02-12-2024T08:03:27 - [TEST_STEP][PASSED] - b36 = ").trim(): Text of object 'Object Repository/Выручка в рублях/span7 Perc' is: '4.39 %'

02-12-2024T08:03:28 - [MESSAGE][PASSED] - Text of object 'Object Repository/Выручка в рублях/span7 Perc' is: '4.39 %'

02-12-2024T08:03:28 - [TEST_STEP][PASSED] - b37 = ").trim(): Text of object 'Object Repository/Выручка в рублях/span8 Perc' is: '3.42 %'

02-12-2024T08:03:28 - [MESSAGE][PASSED] - Text of object 'Object Repository/Выручка в рублях/span8 Perc' is: '3.42 %'

02-12-2024T08:03:28 - [TEST_STEP][PASSED] - if (vir == 1 || vir == 2): Text of object 'Object Repository/Выручка в рублях/span17 Perc' is: '3.17 %'

02-12-2024T08:03:28 - [TEST_STEP][PASSED] - b38 = ").trim(): Text of object 'Object Repository/Выручка в рублях/span9 Perc' is: '2.01 %'

02-12-2024T08:03:28 - [MESSAGE][PASSED] - Text of object 'Object Repository/Выручка в рублях/span9 Perc' is: '2.01 %'

02-12-2024T08:03:28 - [TEST_STEP][PASSED] - b39 = ").trim(): Text of object 'Object Repository/Выручка в рублях/span10 Perc' is: '2.23 %'

02-12-2024T08:03:29 - [MESSAGE][PASSED] - Text of object 'Object Repository/Выручка в рублях/span10 Perc' is: '2.23 %'

02-12-2024T08:03:29 - [TEST_STEP][PASSED] - b310 = ").trim(): Text of object 'Object Repository/Выручка в рублях/span11 Perc' is: '3.06 %'

02-12-2024T08:03:29 - [MESSAGE][PASSED] - Text of object 'Object Repository/Выручка в рублях/span11 Perc' is: '3.06 %'

02-12-2024T08:03:29 - [TEST_STEP][PASSED] - b311 = ").trim(): Text of object 'Object Repository/Выручка в рублях/span12 Perc' is: '-7.39 %'

02-12-2024T08:03:29 - [MESSAGE][PASSED] - Text of object 'Object Repository/Выручка в рублях/span12 Perc' is: '-7.39 %'

02-12-2024T08:03:29 - [TEST_STEP][PASSED] - b312 = ").trim(): Text of object 'Object Repository/Выручка в рублях/span13 Perc' is: '2.27 %'

02-12-2024T08:03:29 - [MESSAGE][PASSED] - Text of object 'Object Repository/Выручка в рублях/span13 Perc' is: '2.27 %'

02-12-2024T08:03:29 - [TEST_STEP][PASSED] - b313 = ").trim(): Text of object 'Object Repository/Выручка в рублях/span14 Perc' is: '-9.49 %'

02-12-2024T08:03:30 - [MESSAGE][PASSED] - Text of object 'Object Repository/Выручка в рублях/span14 Perc' is: '-9.49 %'

02-12-2024T08:03:30 - [TEST_STEP][PASSED] - b314 = ").trim(): Text of object 'Object Repository/Выручка в рублях/span15 Perc' is: '2.55 %'

02-12-2024T08:03:30 - [MESSAGE][PASSED] - Text of object 'Object Repository/Выручка в рублях/span15 Perc' is: '2.55 %'

02-12-2024T08:03:30 - [TEST_STEP][PASSED] - b315 = ").trim(): Text of object 'Object Repository/Выручка в рублях/span16 Perc' is: '4.33 %'

02-12-2024T08:03:30 - [MESSAGE][PASSED] - Text of object 'Object Repository/Выручка в рублях/span16 Perc' is: '4.33 %'

02-12-2024T08:03:30 - [TEST_STEP][PASSED] - b316 = ").trim(): Text of object 'Object Repository/Выручка в рублях/span17 Perc' is: '3.17 %'

02-12-2024T08:03:31 - [MESSAGE][PASSED] - Text of object 'Object Repository/Выручка в рублях/span17 Perc' is: '3.17 %'

02-12-2024T08:03:31 - [TEST_STEP][PASSED] - if (vir == 1 || vir == 2): Text of object 'Object Repository/Выручка в рублях/span18 Perc' is: '4.04 %'

02-12-2024T08:03:31 - [TEST_STEP][PASSED] - b317 = ").trim(): Text of object 'Object Repository/Выручка в рублях/span18 Perc' is: '4.04 %'

02-12-2024T08:03:31 - [MESSAGE][PASSED] - Text of object 'Object Repository/Выручка в рублях/span18 Perc' is: '4.04 %'

02-12-2024T08:03:31 - [TEST_STEP][PASSED] - dZO = "ПАО Россети": null

02-12-2024T08:03:31 - [TEST_STEP][PASSED] - if (verifyEqual(a1, b1) == false): Actual object '1 180 677' and expected object '1 180 677' are equal

02-12-2024T08:03:31 - [MESSAGE][PASSED] - Actual object '1 180 677' and expected object '1 180 677' are equal

02-12-2024T08:03:31 - [TEST_STEP][PASSED] - if (verifyEqual(a2, b2) == false): Actual object '1 181 459' and expected object '1 181 459' are equal

02-12-2024T08:03:31 - [MESSAGE][PASSED] - Actual object '1 181 459' and expected object '1 181 459' are equal

02-12-2024T08:03:31 - [TEST_STEP][PASSED] - vidget = "Отклонения": null

02-12-2024T08:03:31 - [TEST_STEP][FAILED] - if (verifyEqual(a30, b30) == false): null

02-12-2024T08:03:31 - [MESSAGE][FAILED] - Unable to verify equal between actual object '-25.61' and expected object '0.07' (Root cause: com.kms.katalon.core.exception.StepFailedException: Actual object '-25.61' and expected object '0.07' are not equal
	at com.kms.katalon.core.keyword.builtin.VerifyEqualKeyword$_verifyEqual_closure1.doCall(VerifyEqualKeyword.groovy:58)
	at com.kms.katalon.core.keyword.builtin.VerifyEqualKeyword$_verifyEqual_closure1.call(VerifyEqualKeyword.groovy)
	at com.kms.katalon.core.keyword.internal.KeywordMain.runKeyword(KeywordMain.groovy:75)
	at com.kms.katalon.core.keyword.builtin.VerifyEqualKeyword.verifyEqual(VerifyEqualKeyword.groovy:63)
	at com.kms.katalon.core.keyword.builtin.VerifyEqualKeyword.execute(VerifyEqualKeyword.groovy:44)
	at com.kms.katalon.core.keyword.internal.KeywordExecutor.executeKeywordForPlatform(KeywordExecutor.groovy:74)
	at com.kms.katalon.core.keyword.BuiltinKeywords.verifyEqual(BuiltinKeywords.groovy:146)
	at jdk.internal.reflect.GeneratedMethodAccessor25.invoke(Unknown Source)
	at java.base/jdk.internal.reflect.DelegatingMethodAccessorImpl.invoke(DelegatingMethodAccessorImpl.java:43)
	at Выручка в рублях сверка дашбордов ПАО Россети.Blocks(Выручка в рублях сверка дашбордов ПАО Россети:357)
	at Выручка в рублях сверка дашбордов ПАО Россети.ViruchkaChange(Выручка в рублях сверка дашбордов ПАО Россети:60)
	at Выручка в рублях сверка дашбордов ПАО Россети.run(Выручка в рублях сверка дашбордов ПАО Россети:55)
	at com.kms.katalon.core.main.ScriptEngine.run(ScriptEngine.java:194)
	at com.kms.katalon.core.main.ScriptEngine.runScriptAsRawText(ScriptEngine.java:119)
	at com.kms.katalon.core.main.TestCaseExecutor.runScript(TestCaseExecutor.java:448)
	at com.kms.katalon.core.main.TestCaseExecutor.doExecute(TestCaseExecutor.java:439)
	at com.kms.katalon.core.main.TestCaseExecutor.processExecutionPhase(TestCaseExecutor.java:418)
	at com.kms.katalon.core.main.TestCaseExecutor.accessMainPhase(TestCaseExecutor.java:410)
	at com.kms.katalon.core.main.TestCaseExecutor.execute(TestCaseExecutor.java:285)
	at com.kms.katalon.core.common.CommonExecutor.accessTestCaseMainPhase(CommonExecutor.java:65)
	at com.kms.katalon.core.main.TestSuiteExecutor.accessTestSuiteMainPhase(TestSuiteExecutor.java:150)
	at com.kms.katalon.core.main.TestSuiteExecutor.execute(TestSuiteExecutor.java:106)
	at com.kms.katalon.core.main.TestCaseMain.startTestSuite(TestCaseMain.java:180)
	at TempTestSuite1733111659562.run(TempTestSuite1733111659562.groovy:35)
	at java.base/jdk.internal.reflect.NativeMethodAccessorImpl.invoke0(Native Method)
	at java.base/jdk.internal.reflect.NativeMethodAccessorImpl.invoke(NativeMethodAccessorImpl.java:77)
	at java.base/jdk.internal.reflect.DelegatingMethodAccessorImpl.invoke(DelegatingMethodAccessorImpl.java:43)
)

02-12-2024T08:03:31 - [TEST_STEP][PASSED] - a = replaceAll("\s+", "").toDouble(): null

02-12-2024T08:03:31 - [TEST_STEP][PASSED] - b = replaceAll("\s+", "").toDouble(): null

02-12-2024T08:03:31 - [TEST_STEP][PASSED] - Script1710234207206.WriteToExcel(todaysDate, run, vir, block, typeOfData, viruchka, vidget, nameOfBlock, a, b, dZO): null

02-12-2024T08:03:31 - [TEST_STEP][PASSED] - println(run): null

02-12-2024T08:03:31 - [TEST_STEP][PASSED] - if (run == 1): null

02-12-2024T08:03:31 - [TEST_STEP][PASSED] - else if (run == 2): null

02-12-2024T08:03:31 - [TEST_STEP][PASSED] - typeOfData = "Проценты": null

02-12-2024T08:03:31 - [TEST_STEP][PASSED] - println("todaysDate:" + todaysDate): null

02-12-2024T08:03:31 - [TEST_STEP][PASSED] - println("typeOfData:" + typeOfData): null

02-12-2024T08:03:31 - [TEST_STEP][PASSED] - viruchka = getText(findTestObject("Выручка в рублях/Фильтр Выручка" + nameOfBlock)): Text of object 'Object Repository/Выручка в рублях/Фильтр Выручка Выручка' is: 'Все'

02-12-2024T08:03:31 - [MESSAGE][PASSED] - Text of object 'Object Repository/Выручка в рублях/Фильтр Выручка Выручка' is: 'Все'

02-12-2024T08:03:31 - [TEST_STEP][PASSED] - println("viruchka" + viruchka): null

02-12-2024T08:03:31 - [TEST_STEP][PASSED] - println("vidget" + vidget): null

02-12-2024T08:03:31 - [TEST_STEP][PASSED] - println("a" + a): null

02-12-2024T08:03:31 - [TEST_STEP][PASSED] - println("b" + b): null

02-12-2024T08:03:31 - [TEST_STEP][PASSED] - sheetName = "Sheet1": null

02-12-2024T08:03:31 - [TEST_STEP][PASSED] - data = findTestData("PlanFact"): null

02-12-2024T08:03:31 - [TEST_STEP][PASSED] - n = data.getRowNumbers() + 1: null

02-12-2024T08:03:31 - [TEST_STEP][PASSED] - period = getText(findTestObject("Выручка в рублях/Фильтр Период")): Text of object 'Object Repository/Выручка в рублях/Фильтр Период' is: 'Октябрь и 1, 2, 3 кв. 2024 года'

02-12-2024T08:03:32 - [MESSAGE][PASSED] - Text of object 'Object Repository/Выручка в рублях/Фильтр Период' is: 'Октябрь и 1, 2, 3 кв. 2024 года'

02-12-2024T08:03:32 - [TEST_STEP][PASSED] - println(period): null

02-12-2024T08:03:32 - [TEST_STEP][PASSED] - dashboardName = "Выручка в рублях": null

02-12-2024T08:03:32 - [TEST_STEP][PASSED] - workbook01 = getWorkbook(excelFilePath): null

02-12-2024T08:03:32 - [TEST_STEP][PASSED] - sheet01 = getExcelSheet(workbook01, sheetName): null

02-12-2024T08:03:32 - [TEST_STEP][PASSED] - setValueToCellByIndex(sheet01, n, 0, dashboardName): null

02-12-2024T08:03:32 - [TEST_STEP][PASSED] - setValueToCellByIndex(sheet01, n, 1, dZO): null

02-12-2024T08:03:32 - [TEST_STEP][PASSED] - setValueToCellByIndex(sheet01, n, 2, vidget): null

02-12-2024T08:03:32 - [TEST_STEP][PASSED] - setValueToCellByIndex(sheet01, n, 3, viruchka): null

02-12-2024T08:03:32 - [TEST_STEP][PASSED] - setValueToCellByIndex(sheet01, n, 4, typeOfData): null

02-12-2024T08:03:32 - [TEST_STEP][PASSED] - if (a == null): null

02-12-2024T08:03:32 - [TEST_STEP][PASSED] - else: null

02-12-2024T08:03:32 - [TEST_STEP][PASSED] - setValueToCellByIndex(sheet01, n, 5, a): null

02-12-2024T08:03:32 - [TEST_STEP][PASSED] - if (b == null): null

02-12-2024T08:03:32 - [TEST_STEP][PASSED] - else: null

02-12-2024T08:03:32 - [TEST_STEP][PASSED] - setValueToCellByIndex(sheet01, n, 6, b): null

02-12-2024T08:03:32 - [TEST_STEP][PASSED] - setValueToCellByIndex(sheet01, n, 7, period): null

02-12-2024T08:03:32 - [TEST_STEP][PASSED] - setValueToCellByIndex(sheet01, n, 8, todaysDate): null

02-12-2024T08:03:32 - [TEST_STEP][PASSED] - n = n + 1: null

02-12-2024T08:03:32 - [TEST_STEP][PASSED] - saveWorkbook(excelFilePath, workbook01): null

02-12-2024T08:03:32 - [TEST_STEP][PASSED] - dZO = "АО «Тываэнерго»": null

02-12-2024T08:03:32 - [TEST_STEP][PASSED] - if (verifyEqual(a31, b31) == false): Actual object '19.44' and expected object '19.44' are equal

02-12-2024T08:03:32 - [MESSAGE][PASSED] - Actual object '19.44' and expected object '19.44' are equal

02-12-2024T08:03:32 - [TEST_STEP][PASSED] - dZO = "АО «Чеченэнерго»": null

02-12-2024T08:03:32 - [TEST_STEP][FAILED] - if (verifyEqual(a32, b32) == false): null

02-12-2024T08:03:32 - [MESSAGE][FAILED] - Unable to verify equal between actual object '-48.66' and expected object '2.68' (Root cause: com.kms.katalon.core.exception.StepFailedException: Actual object '-48.66' and expected object '2.68' are not equal
	at com.kms.katalon.core.keyword.builtin.VerifyEqualKeyword$_verifyEqual_closure1.doCall(VerifyEqualKeyword.groovy:58)
	at com.kms.katalon.core.keyword.builtin.VerifyEqualKeyword$_verifyEqual_closure1.call(VerifyEqualKeyword.groovy)
	at com.kms.katalon.core.keyword.internal.KeywordMain.runKeyword(KeywordMain.groovy:75)
	at com.kms.katalon.core.keyword.builtin.VerifyEqualKeyword.verifyEqual(VerifyEqualKeyword.groovy:63)
	at com.kms.katalon.core.keyword.builtin.VerifyEqualKeyword.execute(VerifyEqualKeyword.groovy:44)
	at com.kms.katalon.core.keyword.internal.KeywordExecutor.executeKeywordForPlatform(KeywordExecutor.groovy:74)
	at com.kms.katalon.core.keyword.BuiltinKeywords.verifyEqual(BuiltinKeywords.groovy:146)
	at jdk.internal.reflect.GeneratedMethodAccessor25.invoke(Unknown Source)
	at java.base/jdk.internal.reflect.DelegatingMethodAccessorImpl.invoke(DelegatingMethodAccessorImpl.java:43)
	at Выручка в рублях сверка дашбордов ПАО Россети.Blocks(Выручка в рублях сверка дашбордов ПАО Россети:377)
	at Выручка в рублях сверка дашбордов ПАО Россети.ViruchkaChange(Выручка в рублях сверка дашбордов ПАО Россети:60)
	at Выручка в рублях сверка дашбордов ПАО Россети.run(Выручка в рублях сверка дашбордов ПАО Россети:55)
	at com.kms.katalon.core.main.ScriptEngine.run(ScriptEngine.java:194)
	at com.kms.katalon.core.main.ScriptEngine.runScriptAsRawText(ScriptEngine.java:119)
	at com.kms.katalon.core.main.TestCaseExecutor.runScript(TestCaseExecutor.java:448)
	at com.kms.katalon.core.main.TestCaseExecutor.doExecute(TestCaseExecutor.java:439)
	at com.kms.katalon.core.main.TestCaseExecutor.processExecutionPhase(TestCaseExecutor.java:418)
	at com.kms.katalon.core.main.TestCaseExecutor.accessMainPhase(TestCaseExecutor.java:410)
	at com.kms.katalon.core.main.TestCaseExecutor.execute(TestCaseExecutor.java:285)
	at com.kms.katalon.core.common.CommonExecutor.accessTestCaseMainPhase(CommonExecutor.java:65)
	at com.kms.katalon.core.main.TestSuiteExecutor.accessTestSuiteMainPhase(TestSuiteExecutor.java:150)
	at com.kms.katalon.core.main.TestSuiteExecutor.execute(TestSuiteExecutor.java:106)
	at com.kms.katalon.core.main.TestCaseMain.startTestSuite(TestCaseMain.java:180)
	at TempTestSuite1733111659562.run(TempTestSuite1733111659562.groovy:35)
	at java.base/jdk.internal.reflect.NativeMethodAccessorImpl.invoke0(Native Method)
	at java.base/jdk.internal.reflect.NativeMethodAccessorImpl.invoke(NativeMethodAccessorImpl.java:77)
	at java.base/jdk.internal.reflect.DelegatingMethodAccessorImpl.invoke(DelegatingMethodAccessorImpl.java:43)
)

02-12-2024T08:03:32 - [TEST_STEP][PASSED] - a = replaceAll("\s+", "").toDouble(): null

02-12-2024T08:03:32 - [TEST_STEP][PASSED] - b = replaceAll("\s+", "").toDouble(): null

02-12-2024T08:03:32 - [TEST_STEP][PASSED] - Script1710234207206.WriteToExcel(todaysDate, run, vir, block, typeOfData, viruchka, vidget, nameOfBlock, a, b, dZO): null

02-12-2024T08:03:32 - [TEST_STEP][PASSED] - println(run): null

02-12-2024T08:03:32 - [TEST_STEP][PASSED] - if (run == 1): null

02-12-2024T08:03:32 - [TEST_STEP][PASSED] - else if (run == 2): null

02-12-2024T08:03:32 - [TEST_STEP][PASSED] - typeOfData = "Проценты": null

02-12-2024T08:03:32 - [TEST_STEP][PASSED] - println("todaysDate:" + todaysDate): null

02-12-2024T08:03:32 - [TEST_STEP][PASSED] - println("typeOfData:" + typeOfData): null

02-12-2024T08:03:32 - [TEST_STEP][PASSED] - viruchka = getText(findTestObject("Выручка в рублях/Фильтр Выручка" + nameOfBlock)): Text of object 'Object Repository/Выручка в рублях/Фильтр Выручка Выручка' is: 'Все'

02-12-2024T08:03:32 - [MESSAGE][PASSED] - Text of object 'Object Repository/Выручка в рублях/Фильтр Выручка Выручка' is: 'Все'

02-12-2024T08:03:32 - [TEST_STEP][PASSED] - println("viruchka" + viruchka): null

02-12-2024T08:03:32 - [TEST_STEP][PASSED] - println("vidget" + vidget): null

02-12-2024T08:03:32 - [TEST_STEP][PASSED] - println("a" + a): null

02-12-2024T08:03:32 - [TEST_STEP][PASSED] - println("b" + b): null

02-12-2024T08:03:32 - [TEST_STEP][PASSED] - sheetName = "Sheet1": null

02-12-2024T08:03:32 - [TEST_STEP][PASSED] - data = findTestData("PlanFact"): null

02-12-2024T08:03:32 - [TEST_STEP][PASSED] - n = data.getRowNumbers() + 1: null

02-12-2024T08:03:32 - [TEST_STEP][PASSED] - period = getText(findTestObject("Выручка в рублях/Фильтр Период")): Text of object 'Object Repository/Выручка в рублях/Фильтр Период' is: 'Октябрь и 1, 2, 3 кв. 2024 года'

02-12-2024T08:03:33 - [MESSAGE][PASSED] - Text of object 'Object Repository/Выручка в рублях/Фильтр Период' is: 'Октябрь и 1, 2, 3 кв. 2024 года'

02-12-2024T08:03:33 - [TEST_STEP][PASSED] - println(period): null

02-12-2024T08:03:33 - [TEST_STEP][PASSED] - dashboardName = "Выручка в рублях": null

02-12-2024T08:03:33 - [TEST_STEP][PASSED] - workbook01 = getWorkbook(excelFilePath): null

02-12-2024T08:03:33 - [TEST_STEP][PASSED] - sheet01 = getExcelSheet(workbook01, sheetName): null

02-12-2024T08:03:33 - [TEST_STEP][PASSED] - setValueToCellByIndex(sheet01, n, 0, dashboardName): null

02-12-2024T08:03:33 - [TEST_STEP][PASSED] - setValueToCellByIndex(sheet01, n, 1, dZO): null

02-12-2024T08:03:33 - [TEST_STEP][PASSED] - setValueToCellByIndex(sheet01, n, 2, vidget): null

02-12-2024T08:03:33 - [TEST_STEP][PASSED] - setValueToCellByIndex(sheet01, n, 3, viruchka): null

02-12-2024T08:03:33 - [TEST_STEP][PASSED] - setValueToCellByIndex(sheet01, n, 4, typeOfData): null

02-12-2024T08:03:33 - [TEST_STEP][PASSED] - if (a == null): null

02-12-2024T08:03:33 - [TEST_STEP][PASSED] - else: null

02-12-2024T08:03:33 - [TEST_STEP][PASSED] - setValueToCellByIndex(sheet01, n, 5, a): null

02-12-2024T08:03:33 - [TEST_STEP][PASSED] - if (b == null): null

02-12-2024T08:03:33 - [TEST_STEP][PASSED] - else: null

02-12-2024T08:03:33 - [TEST_STEP][PASSED] - setValueToCellByIndex(sheet01, n, 6, b): null

02-12-2024T08:03:33 - [TEST_STEP][PASSED] - setValueToCellByIndex(sheet01, n, 7, period): null

02-12-2024T08:03:33 - [TEST_STEP][PASSED] - setValueToCellByIndex(sheet01, n, 8, todaysDate): null

02-12-2024T08:03:33 - [TEST_STEP][PASSED] - n = n + 1: null

02-12-2024T08:03:33 - [TEST_STEP][PASSED] - saveWorkbook(excelFilePath, workbook01): null

02-12-2024T08:03:33 - [TEST_STEP][PASSED] - dZO = "Россети Волга": null

02-12-2024T08:03:33 - [TEST_STEP][FAILED] - if (verifyEqual(a33, b33) == false): null

02-12-2024T08:03:33 - [MESSAGE][FAILED] - Unable to verify equal between actual object '-49.88' and expected object '0.24' (Root cause: com.kms.katalon.core.exception.StepFailedException: Actual object '-49.88' and expected object '0.24' are not equal
	at com.kms.katalon.core.keyword.builtin.VerifyEqualKeyword$_verifyEqual_closure1.doCall(VerifyEqualKeyword.groovy:58)
	at com.kms.katalon.core.keyword.builtin.VerifyEqualKeyword$_verifyEqual_closure1.call(VerifyEqualKeyword.groovy)
	at com.kms.katalon.core.keyword.internal.KeywordMain.runKeyword(KeywordMain.groovy:75)
	at com.kms.katalon.core.keyword.builtin.VerifyEqualKeyword.verifyEqual(VerifyEqualKeyword.groovy:63)
	at com.kms.katalon.core.keyword.builtin.VerifyEqualKeyword.execute(VerifyEqualKeyword.groovy:44)
	at com.kms.katalon.core.keyword.internal.KeywordExecutor.executeKeywordForPlatform(KeywordExecutor.groovy:74)
	at com.kms.katalon.core.keyword.BuiltinKeywords.verifyEqual(BuiltinKeywords.groovy:146)
	at jdk.internal.reflect.GeneratedMethodAccessor25.invoke(Unknown Source)
	at java.base/jdk.internal.reflect.DelegatingMethodAccessorImpl.invoke(DelegatingMethodAccessorImpl.java:43)
	at Выручка в рублях сверка дашбордов ПАО Россети.Blocks(Выручка в рублях сверка дашбордов ПАО Россети:387)
	at Выручка в рублях сверка дашбордов ПАО Россети.ViruchkaChange(Выручка в рублях сверка дашбордов ПАО Россети:60)
	at Выручка в рублях сверка дашбордов ПАО Россети.run(Выручка в рублях сверка дашбордов ПАО Россети:55)
	at com.kms.katalon.core.main.ScriptEngine.run(ScriptEngine.java:194)
	at com.kms.katalon.core.main.ScriptEngine.runScriptAsRawText(ScriptEngine.java:119)
	at com.kms.katalon.core.main.TestCaseExecutor.runScript(TestCaseExecutor.java:448)
	at com.kms.katalon.core.main.TestCaseExecutor.doExecute(TestCaseExecutor.java:439)
	at com.kms.katalon.core.main.TestCaseExecutor.processExecutionPhase(TestCaseExecutor.java:418)
	at com.kms.katalon.core.main.TestCaseExecutor.accessMainPhase(TestCaseExecutor.java:410)
	at com.kms.katalon.core.main.TestCaseExecutor.execute(TestCaseExecutor.java:285)
	at com.kms.katalon.core.common.CommonExecutor.accessTestCaseMainPhase(CommonExecutor.java:65)
	at com.kms.katalon.core.main.TestSuiteExecutor.accessTestSuiteMainPhase(TestSuiteExecutor.java:150)
	at com.kms.katalon.core.main.TestSuiteExecutor.execute(TestSuiteExecutor.java:106)
	at com.kms.katalon.core.main.TestCaseMain.startTestSuite(TestCaseMain.java:180)
	at TempTestSuite1733111659562.run(TempTestSuite1733111659562.groovy:35)
	at java.base/jdk.internal.reflect.NativeMethodAccessorImpl.invoke0(Native Method)
	at java.base/jdk.internal.reflect.NativeMethodAccessorImpl.invoke(NativeMethodAccessorImpl.java:77)
	at java.base/jdk.internal.reflect.DelegatingMethodAccessorImpl.invoke(DelegatingMethodAccessorImpl.java:43)
)

02-12-2024T08:03:33 - [TEST_STEP][PASSED] - a = replaceAll("\s+", "").toDouble(): null

02-12-2024T08:03:33 - [TEST_STEP][PASSED] - b = replaceAll("\s+", "").toDouble(): null

02-12-2024T08:03:33 - [TEST_STEP][PASSED] - Script1710234207206.WriteToExcel(todaysDate, run, vir, block, typeOfData, viruchka, vidget, nameOfBlock, a, b, dZO): null

02-12-2024T08:03:33 - [TEST_STEP][PASSED] - println(run): null

02-12-2024T08:03:33 - [TEST_STEP][PASSED] - if (run == 1): null

02-12-2024T08:03:33 - [TEST_STEP][PASSED] - else if (run == 2): null

02-12-2024T08:03:33 - [TEST_STEP][PASSED] - typeOfData = "Проценты": null

02-12-2024T08:03:33 - [TEST_STEP][PASSED] - println("todaysDate:" + todaysDate): null

02-12-2024T08:03:33 - [TEST_STEP][PASSED] - println("typeOfData:" + typeOfData): null

02-12-2024T08:03:33 - [TEST_STEP][PASSED] - viruchka = getText(findTestObject("Выручка в рублях/Фильтр Выручка" + nameOfBlock)): Text of object 'Object Repository/Выручка в рублях/Фильтр Выручка Выручка' is: 'Все'

02-12-2024T08:03:33 - [MESSAGE][PASSED] - Text of object 'Object Repository/Выручка в рублях/Фильтр Выручка Выручка' is: 'Все'

02-12-2024T08:03:33 - [TEST_STEP][PASSED] - println("viruchka" + viruchka): null

02-12-2024T08:03:33 - [TEST_STEP][PASSED] - println("vidget" + vidget): null

02-12-2024T08:03:33 - [TEST_STEP][PASSED] - println("a" + a): null

02-12-2024T08:03:33 - [TEST_STEP][PASSED] - println("b" + b): null

02-12-2024T08:03:33 - [TEST_STEP][PASSED] - sheetName = "Sheet1": null

02-12-2024T08:03:33 - [TEST_STEP][PASSED] - data = findTestData("PlanFact"): null

02-12-2024T08:03:33 - [TEST_STEP][PASSED] - n = data.getRowNumbers() + 1: null

02-12-2024T08:03:33 - [TEST_STEP][PASSED] - period = getText(findTestObject("Выручка в рублях/Фильтр Период")): Text of object 'Object Repository/Выручка в рублях/Фильтр Период' is: 'Октябрь и 1, 2, 3 кв. 2024 года'

02-12-2024T08:03:34 - [MESSAGE][PASSED] - Text of object 'Object Repository/Выручка в рублях/Фильтр Период' is: 'Октябрь и 1, 2, 3 кв. 2024 года'

02-12-2024T08:03:34 - [TEST_STEP][PASSED] - println(period): null

02-12-2024T08:03:34 - [TEST_STEP][PASSED] - dashboardName = "Выручка в рублях": null

02-12-2024T08:03:34 - [TEST_STEP][PASSED] - workbook01 = getWorkbook(excelFilePath): null

02-12-2024T08:03:34 - [TEST_STEP][PASSED] - sheet01 = getExcelSheet(workbook01, sheetName): null

02-12-2024T08:03:34 - [TEST_STEP][PASSED] - setValueToCellByIndex(sheet01, n, 0, dashboardName): null

02-12-2024T08:03:34 - [TEST_STEP][PASSED] - setValueToCellByIndex(sheet01, n, 1, dZO): null

02-12-2024T08:03:34 - [TEST_STEP][PASSED] - setValueToCellByIndex(sheet01, n, 2, vidget): null

02-12-2024T08:03:34 - [TEST_STEP][PASSED] - setValueToCellByIndex(sheet01, n, 3, viruchka): null

02-12-2024T08:03:34 - [TEST_STEP][PASSED] - setValueToCellByIndex(sheet01, n, 4, typeOfData): null

02-12-2024T08:03:34 - [TEST_STEP][PASSED] - if (a == null): null

02-12-2024T08:03:34 - [TEST_STEP][PASSED] - else: null

02-12-2024T08:03:34 - [TEST_STEP][PASSED] - setValueToCellByIndex(sheet01, n, 5, a): null

02-12-2024T08:03:34 - [TEST_STEP][PASSED] - if (b == null): null

02-12-2024T08:03:34 - [TEST_STEP][PASSED] - else: null

02-12-2024T08:03:34 - [TEST_STEP][PASSED] - setValueToCellByIndex(sheet01, n, 6, b): null

02-12-2024T08:03:34 - [TEST_STEP][PASSED] - setValueToCellByIndex(sheet01, n, 7, period): null

02-12-2024T08:03:34 - [TEST_STEP][PASSED] - setValueToCellByIndex(sheet01, n, 8, todaysDate): null

02-12-2024T08:03:34 - [TEST_STEP][PASSED] - n = n + 1: null

02-12-2024T08:03:34 - [TEST_STEP][PASSED] - saveWorkbook(excelFilePath, workbook01): null

02-12-2024T08:03:34 - [TEST_STEP][PASSED] - dZO = "Россети Кубань": null

02-12-2024T08:03:34 - [TEST_STEP][FAILED] - if (verifyEqual(a34, b34) == false): null

02-12-2024T08:03:34 - [MESSAGE][FAILED] - Unable to verify equal between actual object '-46.84' and expected object '6.32' (Root cause: com.kms.katalon.core.exception.StepFailedException: Actual object '-46.84' and expected object '6.32' are not equal
	at com.kms.katalon.core.keyword.builtin.VerifyEqualKeyword$_verifyEqual_closure1.doCall(VerifyEqualKeyword.groovy:58)
	at com.kms.katalon.core.keyword.builtin.VerifyEqualKeyword$_verifyEqual_closure1.call(VerifyEqualKeyword.groovy)
	at com.kms.katalon.core.keyword.internal.KeywordMain.runKeyword(KeywordMain.groovy:75)
	at com.kms.katalon.core.keyword.builtin.VerifyEqualKeyword.verifyEqual(VerifyEqualKeyword.groovy:63)
	at com.kms.katalon.core.keyword.builtin.VerifyEqualKeyword.execute(VerifyEqualKeyword.groovy:44)
	at com.kms.katalon.core.keyword.internal.KeywordExecutor.executeKeywordForPlatform(KeywordExecutor.groovy:74)
	at com.kms.katalon.core.keyword.BuiltinKeywords.verifyEqual(BuiltinKeywords.groovy:146)
	at jdk.internal.reflect.GeneratedMethodAccessor25.invoke(Unknown Source)
	at java.base/jdk.internal.reflect.DelegatingMethodAccessorImpl.invoke(DelegatingMethodAccessorImpl.java:43)
	at Выручка в рублях сверка дашбордов ПАО Россети.Blocks(Выручка в рублях сверка дашбордов ПАО Россети:397)
	at Выручка в рублях сверка дашбордов ПАО Россети.ViruchkaChange(Выручка в рублях сверка дашбордов ПАО Россети:60)
	at Выручка в рублях сверка дашбордов ПАО Россети.run(Выручка в рублях сверка дашбордов ПАО Россети:55)
	at com.kms.katalon.core.main.ScriptEngine.run(ScriptEngine.java:194)
	at com.kms.katalon.core.main.ScriptEngine.runScriptAsRawText(ScriptEngine.java:119)
	at com.kms.katalon.core.main.TestCaseExecutor.runScript(TestCaseExecutor.java:448)
	at com.kms.katalon.core.main.TestCaseExecutor.doExecute(TestCaseExecutor.java:439)
	at com.kms.katalon.core.main.TestCaseExecutor.processExecutionPhase(TestCaseExecutor.java:418)
	at com.kms.katalon.core.main.TestCaseExecutor.accessMainPhase(TestCaseExecutor.java:410)
	at com.kms.katalon.core.main.TestCaseExecutor.execute(TestCaseExecutor.java:285)
	at com.kms.katalon.core.common.CommonExecutor.accessTestCaseMainPhase(CommonExecutor.java:65)
	at com.kms.katalon.core.main.TestSuiteExecutor.accessTestSuiteMainPhase(TestSuiteExecutor.java:150)
	at com.kms.katalon.core.main.TestSuiteExecutor.execute(TestSuiteExecutor.java:106)
	at com.kms.katalon.core.main.TestCaseMain.startTestSuite(TestCaseMain.java:180)
	at TempTestSuite1733111659562.run(TempTestSuite1733111659562.groovy:35)
	at java.base/jdk.internal.reflect.NativeMethodAccessorImpl.invoke0(Native Method)
	at java.base/jdk.internal.reflect.NativeMethodAccessorImpl.invoke(NativeMethodAccessorImpl.java:77)
	at java.base/jdk.internal.reflect.DelegatingMethodAccessorImpl.invoke(DelegatingMethodAccessorImpl.java:43)
)

02-12-2024T08:03:34 - [TEST_STEP][PASSED] - a = replaceAll("\s+", "").toDouble(): null

02-12-2024T08:03:34 - [TEST_STEP][PASSED] - b = replaceAll("\s+", "").toDouble(): null

02-12-2024T08:03:34 - [TEST_STEP][PASSED] - Script1710234207206.WriteToExcel(todaysDate, run, vir, block, typeOfData, viruchka, vidget, nameOfBlock, a, b, dZO): null

02-12-2024T08:03:34 - [TEST_STEP][PASSED] - println(run): null

02-12-2024T08:03:34 - [TEST_STEP][PASSED] - if (run == 1): null

02-12-2024T08:03:34 - [TEST_STEP][PASSED] - else if (run == 2): null

02-12-2024T08:03:34 - [TEST_STEP][PASSED] - typeOfData = "Проценты": null

02-12-2024T08:03:34 - [TEST_STEP][PASSED] - println("todaysDate:" + todaysDate): null

02-12-2024T08:03:34 - [TEST_STEP][PASSED] - println("typeOfData:" + typeOfData): null

02-12-2024T08:03:34 - [TEST_STEP][PASSED] - viruchka = getText(findTestObject("Выручка в рублях/Фильтр Выручка" + nameOfBlock)): Text of object 'Object Repository/Выручка в рублях/Фильтр Выручка Выручка' is: 'Все'

02-12-2024T08:03:34 - [MESSAGE][PASSED] - Text of object 'Object Repository/Выручка в рублях/Фильтр Выручка Выручка' is: 'Все'

02-12-2024T08:03:34 - [TEST_STEP][PASSED] - println("viruchka" + viruchka): null

02-12-2024T08:03:34 - [TEST_STEP][PASSED] - println("vidget" + vidget): null

02-12-2024T08:03:34 - [TEST_STEP][PASSED] - println("a" + a): null

02-12-2024T08:03:34 - [TEST_STEP][PASSED] - println("b" + b): null

02-12-2024T08:03:34 - [TEST_STEP][PASSED] - sheetName = "Sheet1": null

02-12-2024T08:03:34 - [TEST_STEP][PASSED] - data = findTestData("PlanFact"): null

02-12-2024T08:03:34 - [TEST_STEP][PASSED] - n = data.getRowNumbers() + 1: null

02-12-2024T08:03:34 - [TEST_STEP][PASSED] - period = getText(findTestObject("Выручка в рублях/Фильтр Период")): Text of object 'Object Repository/Выручка в рублях/Фильтр Период' is: 'Октябрь и 1, 2, 3 кв. 2024 года'

02-12-2024T08:03:34 - [MESSAGE][PASSED] - Text of object 'Object Repository/Выручка в рублях/Фильтр Период' is: 'Октябрь и 1, 2, 3 кв. 2024 года'

02-12-2024T08:03:34 - [TEST_STEP][PASSED] - println(period): null

02-12-2024T08:03:34 - [TEST_STEP][PASSED] - dashboardName = "Выручка в рублях": null

02-12-2024T08:03:34 - [TEST_STEP][PASSED] - workbook01 = getWorkbook(excelFilePath): null

02-12-2024T08:03:35 - [TEST_STEP][PASSED] - sheet01 = getExcelSheet(workbook01, sheetName): null

02-12-2024T08:03:35 - [TEST_STEP][PASSED] - setValueToCellByIndex(sheet01, n, 0, dashboardName): null

02-12-2024T08:03:35 - [TEST_STEP][PASSED] - setValueToCellByIndex(sheet01, n, 1, dZO): null

02-12-2024T08:03:35 - [TEST_STEP][PASSED] - setValueToCellByIndex(sheet01, n, 2, vidget): null

02-12-2024T08:03:35 - [TEST_STEP][PASSED] - setValueToCellByIndex(sheet01, n, 3, viruchka): null

02-12-2024T08:03:35 - [TEST_STEP][PASSED] - setValueToCellByIndex(sheet01, n, 4, typeOfData): null

02-12-2024T08:03:35 - [TEST_STEP][PASSED] - if (a == null): null

02-12-2024T08:03:35 - [TEST_STEP][PASSED] - else: null

02-12-2024T08:03:35 - [TEST_STEP][PASSED] - setValueToCellByIndex(sheet01, n, 5, a): null

02-12-2024T08:03:35 - [TEST_STEP][PASSED] - if (b == null): null

02-12-2024T08:03:35 - [TEST_STEP][PASSED] - else: null

02-12-2024T08:03:35 - [TEST_STEP][PASSED] - setValueToCellByIndex(sheet01, n, 6, b): null

02-12-2024T08:03:35 - [TEST_STEP][PASSED] - setValueToCellByIndex(sheet01, n, 7, period): null

02-12-2024T08:03:35 - [TEST_STEP][PASSED] - setValueToCellByIndex(sheet01, n, 8, todaysDate): null

02-12-2024T08:03:35 - [TEST_STEP][PASSED] - n = n + 1: null

02-12-2024T08:03:35 - [TEST_STEP][PASSED] - saveWorkbook(excelFilePath, workbook01): null

02-12-2024T08:03:35 - [TEST_STEP][PASSED] - dZO = "Россети Ленэнерго (ГК)": null

02-12-2024T08:03:35 - [TEST_STEP][FAILED] - if (verifyEqual(a35, b35) == false): null

02-12-2024T08:03:35 - [MESSAGE][FAILED] - Unable to verify equal between actual object '-47.31' and expected object '5.38' (Root cause: com.kms.katalon.core.exception.StepFailedException: Actual object '-47.31' and expected object '5.38' are not equal
	at com.kms.katalon.core.keyword.builtin.VerifyEqualKeyword$_verifyEqual_closure1.doCall(VerifyEqualKeyword.groovy:58)
	at com.kms.katalon.core.keyword.builtin.VerifyEqualKeyword$_verifyEqual_closure1.call(VerifyEqualKeyword.groovy)
	at com.kms.katalon.core.keyword.internal.KeywordMain.runKeyword(KeywordMain.groovy:75)
	at com.kms.katalon.core.keyword.builtin.VerifyEqualKeyword.verifyEqual(VerifyEqualKeyword.groovy:63)
	at com.kms.katalon.core.keyword.builtin.VerifyEqualKeyword.execute(VerifyEqualKeyword.groovy:44)
	at com.kms.katalon.core.keyword.internal.KeywordExecutor.executeKeywordForPlatform(KeywordExecutor.groovy:74)
	at com.kms.katalon.core.keyword.BuiltinKeywords.verifyEqual(BuiltinKeywords.groovy:146)
	at jdk.internal.reflect.GeneratedMethodAccessor25.invoke(Unknown Source)
	at java.base/jdk.internal.reflect.DelegatingMethodAccessorImpl.invoke(DelegatingMethodAccessorImpl.java:43)
	at Выручка в рублях сверка дашбордов ПАО Россети.Blocks(Выручка в рублях сверка дашбордов ПАО Россети:407)
	at Выручка в рублях сверка дашбордов ПАО Россети.ViruchkaChange(Выручка в рублях сверка дашбордов ПАО Россети:60)
	at Выручка в рублях сверка дашбордов ПАО Россети.run(Выручка в рублях сверка дашбордов ПАО Россети:55)
	at com.kms.katalon.core.main.ScriptEngine.run(ScriptEngine.java:194)
	at com.kms.katalon.core.main.ScriptEngine.runScriptAsRawText(ScriptEngine.java:119)
	at com.kms.katalon.core.main.TestCaseExecutor.runScript(TestCaseExecutor.java:448)
	at com.kms.katalon.core.main.TestCaseExecutor.doExecute(TestCaseExecutor.java:439)
	at com.kms.katalon.core.main.TestCaseExecutor.processExecutionPhase(TestCaseExecutor.java:418)
	at com.kms.katalon.core.main.TestCaseExecutor.accessMainPhase(TestCaseExecutor.java:410)
	at com.kms.katalon.core.main.TestCaseExecutor.execute(TestCaseExecutor.java:285)
	at com.kms.katalon.core.common.CommonExecutor.accessTestCaseMainPhase(CommonExecutor.java:65)
	at com.kms.katalon.core.main.TestSuiteExecutor.accessTestSuiteMainPhase(TestSuiteExecutor.java:150)
	at com.kms.katalon.core.main.TestSuiteExecutor.execute(TestSuiteExecutor.java:106)
	at com.kms.katalon.core.main.TestCaseMain.startTestSuite(TestCaseMain.java:180)
	at TempTestSuite1733111659562.run(TempTestSuite1733111659562.groovy:35)
	at java.base/jdk.internal.reflect.NativeMethodAccessorImpl.invoke0(Native Method)
	at java.base/jdk.internal.reflect.NativeMethodAccessorImpl.invoke(NativeMethodAccessorImpl.java:77)
	at java.base/jdk.internal.reflect.DelegatingMethodAccessorImpl.invoke(DelegatingMethodAccessorImpl.java:43)
)

02-12-2024T08:03:35 - [TEST_STEP][PASSED] - a = replaceAll("\s+", "").toDouble(): null

02-12-2024T08:03:35 - [TEST_STEP][PASSED] - b = replaceAll("\s+", "").toDouble(): null

02-12-2024T08:03:35 - [TEST_STEP][PASSED] - Script1710234207206.WriteToExcel(todaysDate, run, vir, block, typeOfData, viruchka, vidget, nameOfBlock, a, b, dZO): null

02-12-2024T08:03:35 - [TEST_STEP][PASSED] - println(run): null

02-12-2024T08:03:35 - [TEST_STEP][PASSED] - if (run == 1): null

02-12-2024T08:03:35 - [TEST_STEP][PASSED] - else if (run == 2): null

02-12-2024T08:03:35 - [TEST_STEP][PASSED] - typeOfData = "Проценты": null

02-12-2024T08:03:35 - [TEST_STEP][PASSED] - println("todaysDate:" + todaysDate): null

02-12-2024T08:03:35 - [TEST_STEP][PASSED] - println("typeOfData:" + typeOfData): null

02-12-2024T08:03:35 - [TEST_STEP][PASSED] - viruchka = getText(findTestObject("Выручка в рублях/Фильтр Выручка" + nameOfBlock)): Text of object 'Object Repository/Выручка в рублях/Фильтр Выручка Выручка' is: 'Все'

02-12-2024T08:03:35 - [MESSAGE][PASSED] - Text of object 'Object Repository/Выручка в рублях/Фильтр Выручка Выручка' is: 'Все'

02-12-2024T08:03:35 - [TEST_STEP][PASSED] - println("viruchka" + viruchka): null

02-12-2024T08:03:35 - [TEST_STEP][PASSED] - println("vidget" + vidget): null

02-12-2024T08:03:35 - [TEST_STEP][PASSED] - println("a" + a): null

02-12-2024T08:03:35 - [TEST_STEP][PASSED] - println("b" + b): null

02-12-2024T08:03:35 - [TEST_STEP][PASSED] - sheetName = "Sheet1": null

02-12-2024T08:03:35 - [TEST_STEP][PASSED] - data = findTestData("PlanFact"): null

02-12-2024T08:03:35 - [TEST_STEP][PASSED] - n = data.getRowNumbers() + 1: null

02-12-2024T08:03:35 - [TEST_STEP][PASSED] - period = getText(findTestObject("Выручка в рублях/Фильтр Период")): Text of object 'Object Repository/Выручка в рублях/Фильтр Период' is: 'Октябрь и 1, 2, 3 кв. 2024 года'

02-12-2024T08:03:35 - [MESSAGE][PASSED] - Text of object 'Object Repository/Выручка в рублях/Фильтр Период' is: 'Октябрь и 1, 2, 3 кв. 2024 года'

02-12-2024T08:03:35 - [TEST_STEP][PASSED] - println(period): null

02-12-2024T08:03:35 - [TEST_STEP][PASSED] - dashboardName = "Выручка в рублях": null

02-12-2024T08:03:35 - [TEST_STEP][PASSED] - workbook01 = getWorkbook(excelFilePath): null

02-12-2024T08:03:35 - [TEST_STEP][PASSED] - sheet01 = getExcelSheet(workbook01, sheetName): null

02-12-2024T08:03:35 - [TEST_STEP][PASSED] - setValueToCellByIndex(sheet01, n, 0, dashboardName): null

02-12-2024T08:03:35 - [TEST_STEP][PASSED] - setValueToCellByIndex(sheet01, n, 1, dZO): null

02-12-2024T08:03:35 - [TEST_STEP][PASSED] - setValueToCellByIndex(sheet01, n, 2, vidget): null

02-12-2024T08:03:35 - [TEST_STEP][PASSED] - setValueToCellByIndex(sheet01, n, 3, viruchka): null

02-12-2024T08:03:35 - [TEST_STEP][PASSED] - setValueToCellByIndex(sheet01, n, 4, typeOfData): null

02-12-2024T08:03:35 - [TEST_STEP][PASSED] - if (a == null): null

02-12-2024T08:03:35 - [TEST_STEP][PASSED] - else: null

02-12-2024T08:03:35 - [TEST_STEP][PASSED] - setValueToCellByIndex(sheet01, n, 5, a): null

02-12-2024T08:03:35 - [TEST_STEP][PASSED] - if (b == null): null

02-12-2024T08:03:35 - [TEST_STEP][PASSED] - else: null

02-12-2024T08:03:35 - [TEST_STEP][PASSED] - setValueToCellByIndex(sheet01, n, 6, b): null

02-12-2024T08:03:35 - [TEST_STEP][PASSED] - setValueToCellByIndex(sheet01, n, 7, period): null

02-12-2024T08:03:35 - [TEST_STEP][PASSED] - setValueToCellByIndex(sheet01, n, 8, todaysDate): null

02-12-2024T08:03:35 - [TEST_STEP][PASSED] - n = n + 1: null

02-12-2024T08:03:35 - [TEST_STEP][PASSED] - saveWorkbook(excelFilePath, workbook01): null

02-12-2024T08:03:36 - [TEST_STEP][PASSED] - dZO = "Россети Московский регион": null

02-12-2024T08:03:36 - [TEST_STEP][PASSED] - if (verifyEqual(a36, b36) == false): Actual object '4.39' and expected object '4.39' are equal

02-12-2024T08:03:36 - [MESSAGE][PASSED] - Actual object '4.39' and expected object '4.39' are equal

02-12-2024T08:03:36 - [TEST_STEP][PASSED] - dZO = "Россети Северный Кавказ (ГК)": null

02-12-2024T08:03:36 - [TEST_STEP][FAILED] - if (verifyEqual(a37, b37) == false): null

02-12-2024T08:03:36 - [MESSAGE][FAILED] - Unable to verify equal between actual object '-48.99' and expected object '3.42' (Root cause: com.kms.katalon.core.exception.StepFailedException: Actual object '-48.99' and expected object '3.42' are not equal
	at com.kms.katalon.core.keyword.builtin.VerifyEqualKeyword$_verifyEqual_closure1.doCall(VerifyEqualKeyword.groovy:58)
	at com.kms.katalon.core.keyword.builtin.VerifyEqualKeyword$_verifyEqual_closure1.call(VerifyEqualKeyword.groovy)
	at com.kms.katalon.core.keyword.internal.KeywordMain.runKeyword(KeywordMain.groovy:75)
	at com.kms.katalon.core.keyword.builtin.VerifyEqualKeyword.verifyEqual(VerifyEqualKeyword.groovy:63)
	at com.kms.katalon.core.keyword.builtin.VerifyEqualKeyword.execute(VerifyEqualKeyword.groovy:44)
	at com.kms.katalon.core.keyword.internal.KeywordExecutor.executeKeywordForPlatform(KeywordExecutor.groovy:74)
	at com.kms.katalon.core.keyword.BuiltinKeywords.verifyEqual(BuiltinKeywords.groovy:146)
	at jdk.internal.reflect.GeneratedMethodAccessor25.invoke(Unknown Source)
	at java.base/jdk.internal.reflect.DelegatingMethodAccessorImpl.invoke(DelegatingMethodAccessorImpl.java:43)
	at Выручка в рублях сверка дашбордов ПАО Россети.Blocks(Выручка в рублях сверка дашбордов ПАО Россети:427)
	at Выручка в рублях сверка дашбордов ПАО Россети.ViruchkaChange(Выручка в рублях сверка дашбордов ПАО Россети:60)
	at Выручка в рублях сверка дашбордов ПАО Россети.run(Выручка в рублях сверка дашбордов ПАО Россети:55)
	at com.kms.katalon.core.main.ScriptEngine.run(ScriptEngine.java:194)
	at com.kms.katalon.core.main.ScriptEngine.runScriptAsRawText(ScriptEngine.java:119)
	at com.kms.katalon.core.main.TestCaseExecutor.runScript(TestCaseExecutor.java:448)
	at com.kms.katalon.core.main.TestCaseExecutor.doExecute(TestCaseExecutor.java:439)
	at com.kms.katalon.core.main.TestCaseExecutor.processExecutionPhase(TestCaseExecutor.java:418)
	at com.kms.katalon.core.main.TestCaseExecutor.accessMainPhase(TestCaseExecutor.java:410)
	at com.kms.katalon.core.main.TestCaseExecutor.execute(TestCaseExecutor.java:285)
	at com.kms.katalon.core.common.CommonExecutor.accessTestCaseMainPhase(CommonExecutor.java:65)
	at com.kms.katalon.core.main.TestSuiteExecutor.accessTestSuiteMainPhase(TestSuiteExecutor.java:150)
	at com.kms.katalon.core.main.TestSuiteExecutor.execute(TestSuiteExecutor.java:106)
	at com.kms.katalon.core.main.TestCaseMain.startTestSuite(TestCaseMain.java:180)
	at TempTestSuite1733111659562.run(TempTestSuite1733111659562.groovy:35)
	at java.base/jdk.internal.reflect.NativeMethodAccessorImpl.invoke0(Native Method)
	at java.base/jdk.internal.reflect.NativeMethodAccessorImpl.invoke(NativeMethodAccessorImpl.java:77)
	at java.base/jdk.internal.reflect.DelegatingMethodAccessorImpl.invoke(DelegatingMethodAccessorImpl.java:43)
)

02-12-2024T08:03:36 - [TEST_STEP][PASSED] - a = replaceAll("\s+", "").toDouble(): null

02-12-2024T08:03:36 - [TEST_STEP][PASSED] - b = replaceAll("\s+", "").toDouble(): null

02-12-2024T08:03:36 - [TEST_STEP][PASSED] - Script1710234207206.WriteToExcel(todaysDate, run, vir, block, typeOfData, viruchka, vidget, nameOfBlock, a, b, dZO): null

02-12-2024T08:03:36 - [TEST_STEP][PASSED] - println(run): null

02-12-2024T08:03:36 - [TEST_STEP][PASSED] - if (run == 1): null

02-12-2024T08:03:36 - [TEST_STEP][PASSED] - else if (run == 2): null

02-12-2024T08:03:36 - [TEST_STEP][PASSED] - typeOfData = "Проценты": null

02-12-2024T08:03:36 - [TEST_STEP][PASSED] - println("todaysDate:" + todaysDate): null

02-12-2024T08:03:36 - [TEST_STEP][PASSED] - println("typeOfData:" + typeOfData): null

02-12-2024T08:03:36 - [TEST_STEP][PASSED] - viruchka = getText(findTestObject("Выручка в рублях/Фильтр Выручка" + nameOfBlock)): Text of object 'Object Repository/Выручка в рублях/Фильтр Выручка Выручка' is: 'Все'

02-12-2024T08:03:36 - [MESSAGE][PASSED] - Text of object 'Object Repository/Выручка в рублях/Фильтр Выручка Выручка' is: 'Все'

02-12-2024T08:03:36 - [TEST_STEP][PASSED] - println("viruchka" + viruchka): null

02-12-2024T08:03:36 - [TEST_STEP][PASSED] - println("vidget" + vidget): null

02-12-2024T08:03:36 - [TEST_STEP][PASSED] - println("a" + a): null

02-12-2024T08:03:36 - [TEST_STEP][PASSED] - println("b" + b): null

02-12-2024T08:03:36 - [TEST_STEP][PASSED] - sheetName = "Sheet1": null

02-12-2024T08:03:36 - [TEST_STEP][PASSED] - data = findTestData("PlanFact"): null

02-12-2024T08:03:36 - [TEST_STEP][PASSED] - n = data.getRowNumbers() + 1: null

02-12-2024T08:03:36 - [TEST_STEP][PASSED] - period = getText(findTestObject("Выручка в рублях/Фильтр Период")): Text of object 'Object Repository/Выручка в рублях/Фильтр Период' is: 'Октябрь и 1, 2, 3 кв. 2024 года'

02-12-2024T08:03:36 - [MESSAGE][PASSED] - Text of object 'Object Repository/Выручка в рублях/Фильтр Период' is: 'Октябрь и 1, 2, 3 кв. 2024 года'

02-12-2024T08:03:36 - [TEST_STEP][PASSED] - println(period): null

02-12-2024T08:03:36 - [TEST_STEP][PASSED] - dashboardName = "Выручка в рублях": null

02-12-2024T08:03:36 - [TEST_STEP][PASSED] - workbook01 = getWorkbook(excelFilePath): null

02-12-2024T08:03:36 - [TEST_STEP][PASSED] - sheet01 = getExcelSheet(workbook01, sheetName): null

02-12-2024T08:03:36 - [TEST_STEP][PASSED] - setValueToCellByIndex(sheet01, n, 0, dashboardName): null

02-12-2024T08:03:36 - [TEST_STEP][PASSED] - setValueToCellByIndex(sheet01, n, 1, dZO): null

02-12-2024T08:03:36 - [TEST_STEP][PASSED] - setValueToCellByIndex(sheet01, n, 2, vidget): null

02-12-2024T08:03:36 - [TEST_STEP][PASSED] - setValueToCellByIndex(sheet01, n, 3, viruchka): null

02-12-2024T08:03:36 - [TEST_STEP][PASSED] - setValueToCellByIndex(sheet01, n, 4, typeOfData): null

02-12-2024T08:03:36 - [TEST_STEP][PASSED] - if (a == null): null

02-12-2024T08:03:36 - [TEST_STEP][PASSED] - else: null

02-12-2024T08:03:36 - [TEST_STEP][PASSED] - setValueToCellByIndex(sheet01, n, 5, a): null

02-12-2024T08:03:36 - [TEST_STEP][PASSED] - if (b == null): null

02-12-2024T08:03:36 - [TEST_STEP][PASSED] - else: null

02-12-2024T08:03:36 - [TEST_STEP][PASSED] - setValueToCellByIndex(sheet01, n, 6, b): null

02-12-2024T08:03:36 - [TEST_STEP][PASSED] - setValueToCellByIndex(sheet01, n, 7, period): null

02-12-2024T08:03:36 - [TEST_STEP][PASSED] - setValueToCellByIndex(sheet01, n, 8, todaysDate): null

02-12-2024T08:03:36 - [TEST_STEP][PASSED] - n = n + 1: null

02-12-2024T08:03:36 - [TEST_STEP][PASSED] - saveWorkbook(excelFilePath, workbook01): null

02-12-2024T08:03:37 - [TEST_STEP][PASSED] - dZO = "Россети Северо-Запад": null

02-12-2024T08:03:37 - [TEST_STEP][PASSED] - if (verifyEqual(a38, b38) == false): Actual object '2.01' and expected object '2.01' are equal

02-12-2024T08:03:37 - [MESSAGE][PASSED] - Actual object '2.01' and expected object '2.01' are equal

02-12-2024T08:03:37 - [TEST_STEP][PASSED] - dZO = "Россети Сибирь (ГК)": null

02-12-2024T08:03:37 - [TEST_STEP][PASSED] - if (verifyEqual(a39, b39) == false): Actual object '2.23' and expected object '2.23' are equal

02-12-2024T08:03:37 - [MESSAGE][PASSED] - Actual object '2.23' and expected object '2.23' are equal

02-12-2024T08:03:37 - [TEST_STEP][PASSED] - dZO = "Россети Томск": null

02-12-2024T08:03:37 - [TEST_STEP][FAILED] - if (verifyEqual(a310, b310) == false): null

02-12-2024T08:03:37 - [MESSAGE][FAILED] - Unable to verify equal between actual object '-48.47' and expected object '3.06' (Root cause: com.kms.katalon.core.exception.StepFailedException: Actual object '-48.47' and expected object '3.06' are not equal
	at com.kms.katalon.core.keyword.builtin.VerifyEqualKeyword$_verifyEqual_closure1.doCall(VerifyEqualKeyword.groovy:58)
	at com.kms.katalon.core.keyword.builtin.VerifyEqualKeyword$_verifyEqual_closure1.call(VerifyEqualKeyword.groovy)
	at com.kms.katalon.core.keyword.internal.KeywordMain.runKeyword(KeywordMain.groovy:75)
	at com.kms.katalon.core.keyword.builtin.VerifyEqualKeyword.verifyEqual(VerifyEqualKeyword.groovy:63)
	at com.kms.katalon.core.keyword.builtin.VerifyEqualKeyword.execute(VerifyEqualKeyword.groovy:44)
	at com.kms.katalon.core.keyword.internal.KeywordExecutor.executeKeywordForPlatform(KeywordExecutor.groovy:74)
	at com.kms.katalon.core.keyword.BuiltinKeywords.verifyEqual(BuiltinKeywords.groovy:146)
	at jdk.internal.reflect.GeneratedMethodAccessor25.invoke(Unknown Source)
	at java.base/jdk.internal.reflect.DelegatingMethodAccessorImpl.invoke(DelegatingMethodAccessorImpl.java:43)
	at Выручка в рублях сверка дашбордов ПАО Россети.Blocks(Выручка в рублях сверка дашбордов ПАО Россети:457)
	at Выручка в рублях сверка дашбордов ПАО Россети.ViruchkaChange(Выручка в рублях сверка дашбордов ПАО Россети:60)
	at Выручка в рублях сверка дашбордов ПАО Россети.run(Выручка в рублях сверка дашбордов ПАО Россети:55)
	at com.kms.katalon.core.main.ScriptEngine.run(ScriptEngine.java:194)
	at com.kms.katalon.core.main.ScriptEngine.runScriptAsRawText(ScriptEngine.java:119)
	at com.kms.katalon.core.main.TestCaseExecutor.runScript(TestCaseExecutor.java:448)
	at com.kms.katalon.core.main.TestCaseExecutor.doExecute(TestCaseExecutor.java:439)
	at com.kms.katalon.core.main.TestCaseExecutor.processExecutionPhase(TestCaseExecutor.java:418)
	at com.kms.katalon.core.main.TestCaseExecutor.accessMainPhase(TestCaseExecutor.java:410)
	at com.kms.katalon.core.main.TestCaseExecutor.execute(TestCaseExecutor.java:285)
	at com.kms.katalon.core.common.CommonExecutor.accessTestCaseMainPhase(CommonExecutor.java:65)
	at com.kms.katalon.core.main.TestSuiteExecutor.accessTestSuiteMainPhase(TestSuiteExecutor.java:150)
	at com.kms.katalon.core.main.TestSuiteExecutor.execute(TestSuiteExecutor.java:106)
	at com.kms.katalon.core.main.TestCaseMain.startTestSuite(TestCaseMain.java:180)
	at TempTestSuite1733111659562.run(TempTestSuite1733111659562.groovy:35)
	at java.base/jdk.internal.reflect.NativeMethodAccessorImpl.invoke0(Native Method)
	at java.base/jdk.internal.reflect.NativeMethodAccessorImpl.invoke(NativeMethodAccessorImpl.java:77)
	at java.base/jdk.internal.reflect.DelegatingMethodAccessorImpl.invoke(DelegatingMethodAccessorImpl.java:43)
)

02-12-2024T08:03:37 - [TEST_STEP][PASSED] - a = replaceAll("\s+", "").toDouble(): null

02-12-2024T08:03:37 - [TEST_STEP][PASSED] - b = replaceAll("\s+", "").toDouble(): null

02-12-2024T08:03:37 - [TEST_STEP][PASSED] - Script1710234207206.WriteToExcel(todaysDate, run, vir, block, typeOfData, viruchka, vidget, nameOfBlock, a, b, dZO): null

02-12-2024T08:03:37 - [TEST_STEP][PASSED] - println(run): null

02-12-2024T08:03:37 - [TEST_STEP][PASSED] - if (run == 1): null

02-12-2024T08:03:37 - [TEST_STEP][PASSED] - else if (run == 2): null

02-12-2024T08:03:37 - [TEST_STEP][PASSED] - typeOfData = "Проценты": null

02-12-2024T08:03:37 - [TEST_STEP][PASSED] - println("todaysDate:" + todaysDate): null

02-12-2024T08:03:37 - [TEST_STEP][PASSED] - println("typeOfData:" + typeOfData): null

02-12-2024T08:03:37 - [TEST_STEP][PASSED] - viruchka = getText(findTestObject("Выручка в рублях/Фильтр Выручка" + nameOfBlock)): Text of object 'Object Repository/Выручка в рублях/Фильтр Выручка Выручка' is: 'Все'

02-12-2024T08:03:37 - [MESSAGE][PASSED] - Text of object 'Object Repository/Выручка в рублях/Фильтр Выручка Выручка' is: 'Все'

02-12-2024T08:03:37 - [TEST_STEP][PASSED] - println("viruchka" + viruchka): null

02-12-2024T08:03:37 - [TEST_STEP][PASSED] - println("vidget" + vidget): null

02-12-2024T08:03:37 - [TEST_STEP][PASSED] - println("a" + a): null

02-12-2024T08:03:37 - [TEST_STEP][PASSED] - println("b" + b): null

02-12-2024T08:03:37 - [TEST_STEP][PASSED] - sheetName = "Sheet1": null

02-12-2024T08:03:37 - [TEST_STEP][PASSED] - data = findTestData("PlanFact"): null

02-12-2024T08:03:37 - [TEST_STEP][PASSED] - n = data.getRowNumbers() + 1: null

02-12-2024T08:03:37 - [TEST_STEP][PASSED] - period = getText(findTestObject("Выручка в рублях/Фильтр Период")): Text of object 'Object Repository/Выручка в рублях/Фильтр Период' is: 'Октябрь и 1, 2, 3 кв. 2024 года'

02-12-2024T08:03:37 - [MESSAGE][PASSED] - Text of object 'Object Repository/Выручка в рублях/Фильтр Период' is: 'Октябрь и 1, 2, 3 кв. 2024 года'

02-12-2024T08:03:37 - [TEST_STEP][PASSED] - println(period): null

02-12-2024T08:03:37 - [TEST_STEP][PASSED] - dashboardName = "Выручка в рублях": null

02-12-2024T08:03:37 - [TEST_STEP][PASSED] - workbook01 = getWorkbook(excelFilePath): null

02-12-2024T08:03:37 - [TEST_STEP][PASSED] - sheet01 = getExcelSheet(workbook01, sheetName): null

02-12-2024T08:03:37 - [TEST_STEP][PASSED] - setValueToCellByIndex(sheet01, n, 0, dashboardName): null

02-12-2024T08:03:37 - [TEST_STEP][PASSED] - setValueToCellByIndex(sheet01, n, 1, dZO): null

02-12-2024T08:03:37 - [TEST_STEP][PASSED] - setValueToCellByIndex(sheet01, n, 2, vidget): null

02-12-2024T08:03:37 - [TEST_STEP][PASSED] - setValueToCellByIndex(sheet01, n, 3, viruchka): null

02-12-2024T08:03:37 - [TEST_STEP][PASSED] - setValueToCellByIndex(sheet01, n, 4, typeOfData): null

02-12-2024T08:03:37 - [TEST_STEP][PASSED] - if (a == null): null

02-12-2024T08:03:37 - [TEST_STEP][PASSED] - else: null

02-12-2024T08:03:37 - [TEST_STEP][PASSED] - setValueToCellByIndex(sheet01, n, 5, a): null

02-12-2024T08:03:37 - [TEST_STEP][PASSED] - if (b == null): null

02-12-2024T08:03:37 - [TEST_STEP][PASSED] - else: null

02-12-2024T08:03:37 - [TEST_STEP][PASSED] - setValueToCellByIndex(sheet01, n, 6, b): null

02-12-2024T08:03:37 - [TEST_STEP][PASSED] - setValueToCellByIndex(sheet01, n, 7, period): null

02-12-2024T08:03:37 - [TEST_STEP][PASSED] - setValueToCellByIndex(sheet01, n, 8, todaysDate): null

02-12-2024T08:03:37 - [TEST_STEP][PASSED] - n = n + 1: null

02-12-2024T08:03:37 - [TEST_STEP][PASSED] - saveWorkbook(excelFilePath, workbook01): null

02-12-2024T08:03:38 - [TEST_STEP][PASSED] - dZO = "Россети Тюмень": null

02-12-2024T08:03:38 - [TEST_STEP][FAILED] - if (verifyEqual(a311, b311) == false): null

02-12-2024T08:03:38 - [MESSAGE][FAILED] - Unable to verify equal between actual object '-53.69' and expected object '-7.39' (Root cause: com.kms.katalon.core.exception.StepFailedException: Actual object '-53.69' and expected object '-7.39' are not equal
	at com.kms.katalon.core.keyword.builtin.VerifyEqualKeyword$_verifyEqual_closure1.doCall(VerifyEqualKeyword.groovy:58)
	at com.kms.katalon.core.keyword.builtin.VerifyEqualKeyword$_verifyEqual_closure1.call(VerifyEqualKeyword.groovy)
	at com.kms.katalon.core.keyword.internal.KeywordMain.runKeyword(KeywordMain.groovy:75)
	at com.kms.katalon.core.keyword.builtin.VerifyEqualKeyword.verifyEqual(VerifyEqualKeyword.groovy:63)
	at com.kms.katalon.core.keyword.builtin.VerifyEqualKeyword.execute(VerifyEqualKeyword.groovy:44)
	at com.kms.katalon.core.keyword.internal.KeywordExecutor.executeKeywordForPlatform(KeywordExecutor.groovy:74)
	at com.kms.katalon.core.keyword.BuiltinKeywords.verifyEqual(BuiltinKeywords.groovy:146)
	at jdk.internal.reflect.GeneratedMethodAccessor25.invoke(Unknown Source)
	at java.base/jdk.internal.reflect.DelegatingMethodAccessorImpl.invoke(DelegatingMethodAccessorImpl.java:43)
	at Выручка в рублях сверка дашбордов ПАО Россети.Blocks(Выручка в рублях сверка дашбордов ПАО Россети:467)
	at Выручка в рублях сверка дашбордов ПАО Россети.ViruchkaChange(Выручка в рублях сверка дашбордов ПАО Россети:60)
	at Выручка в рублях сверка дашбордов ПАО Россети.run(Выручка в рублях сверка дашбордов ПАО Россети:55)
	at com.kms.katalon.core.main.ScriptEngine.run(ScriptEngine.java:194)
	at com.kms.katalon.core.main.ScriptEngine.runScriptAsRawText(ScriptEngine.java:119)
	at com.kms.katalon.core.main.TestCaseExecutor.runScript(TestCaseExecutor.java:448)
	at com.kms.katalon.core.main.TestCaseExecutor.doExecute(TestCaseExecutor.java:439)
	at com.kms.katalon.core.main.TestCaseExecutor.processExecutionPhase(TestCaseExecutor.java:418)
	at com.kms.katalon.core.main.TestCaseExecutor.accessMainPhase(TestCaseExecutor.java:410)
	at com.kms.katalon.core.main.TestCaseExecutor.execute(TestCaseExecutor.java:285)
	at com.kms.katalon.core.common.CommonExecutor.accessTestCaseMainPhase(CommonExecutor.java:65)
	at com.kms.katalon.core.main.TestSuiteExecutor.accessTestSuiteMainPhase(TestSuiteExecutor.java:150)
	at com.kms.katalon.core.main.TestSuiteExecutor.execute(TestSuiteExecutor.java:106)
	at com.kms.katalon.core.main.TestCaseMain.startTestSuite(TestCaseMain.java:180)
	at TempTestSuite1733111659562.run(TempTestSuite1733111659562.groovy:35)
	at java.base/jdk.internal.reflect.NativeMethodAccessorImpl.invoke0(Native Method)
	at java.base/jdk.internal.reflect.NativeMethodAccessorImpl.invoke(NativeMethodAccessorImpl.java:77)
	at java.base/jdk.internal.reflect.DelegatingMethodAccessorImpl.invoke(DelegatingMethodAccessorImpl.java:43)
)

02-12-2024T08:03:38 - [TEST_STEP][PASSED] - a = replaceAll("\s+", "").toDouble(): null

02-12-2024T08:03:38 - [TEST_STEP][PASSED] - b = replaceAll("\s+", "").toDouble(): null

02-12-2024T08:03:38 - [TEST_STEP][PASSED] - Script1710234207206.WriteToExcel(todaysDate, run, vir, block, typeOfData, viruchka, vidget, nameOfBlock, a, b, dZO): null

02-12-2024T08:03:38 - [TEST_STEP][PASSED] - println(run): null

02-12-2024T08:03:38 - [TEST_STEP][PASSED] - if (run == 1): null

02-12-2024T08:03:38 - [TEST_STEP][PASSED] - else if (run == 2): null

02-12-2024T08:03:38 - [TEST_STEP][PASSED] - typeOfData = "Проценты": null

02-12-2024T08:03:38 - [TEST_STEP][PASSED] - println("todaysDate:" + todaysDate): null

02-12-2024T08:03:38 - [TEST_STEP][PASSED] - println("typeOfData:" + typeOfData): null

02-12-2024T08:03:38 - [TEST_STEP][PASSED] - viruchka = getText(findTestObject("Выручка в рублях/Фильтр Выручка" + nameOfBlock)): Text of object 'Object Repository/Выручка в рублях/Фильтр Выручка Выручка' is: 'Все'

02-12-2024T08:03:38 - [MESSAGE][PASSED] - Text of object 'Object Repository/Выручка в рублях/Фильтр Выручка Выручка' is: 'Все'

02-12-2024T08:03:38 - [TEST_STEP][PASSED] - println("viruchka" + viruchka): null

02-12-2024T08:03:38 - [TEST_STEP][PASSED] - println("vidget" + vidget): null

02-12-2024T08:03:38 - [TEST_STEP][PASSED] - println("a" + a): null

02-12-2024T08:03:38 - [TEST_STEP][PASSED] - println("b" + b): null

02-12-2024T08:03:38 - [TEST_STEP][PASSED] - sheetName = "Sheet1": null

02-12-2024T08:03:38 - [TEST_STEP][PASSED] - data = findTestData("PlanFact"): null

02-12-2024T08:03:38 - [TEST_STEP][PASSED] - n = data.getRowNumbers() + 1: null

02-12-2024T08:03:38 - [TEST_STEP][PASSED] - period = getText(findTestObject("Выручка в рублях/Фильтр Период")): Text of object 'Object Repository/Выручка в рублях/Фильтр Период' is: 'Октябрь и 1, 2, 3 кв. 2024 года'

02-12-2024T08:03:38 - [MESSAGE][PASSED] - Text of object 'Object Repository/Выручка в рублях/Фильтр Период' is: 'Октябрь и 1, 2, 3 кв. 2024 года'

02-12-2024T08:03:38 - [TEST_STEP][PASSED] - println(period): null

02-12-2024T08:03:38 - [TEST_STEP][PASSED] - dashboardName = "Выручка в рублях": null

02-12-2024T08:03:38 - [TEST_STEP][PASSED] - workbook01 = getWorkbook(excelFilePath): null

02-12-2024T08:03:38 - [TEST_STEP][PASSED] - sheet01 = getExcelSheet(workbook01, sheetName): null

02-12-2024T08:03:38 - [TEST_STEP][PASSED] - setValueToCellByIndex(sheet01, n, 0, dashboardName): null

02-12-2024T08:03:38 - [TEST_STEP][PASSED] - setValueToCellByIndex(sheet01, n, 1, dZO): null

02-12-2024T08:03:38 - [TEST_STEP][PASSED] - setValueToCellByIndex(sheet01, n, 2, vidget): null

02-12-2024T08:03:38 - [TEST_STEP][PASSED] - setValueToCellByIndex(sheet01, n, 3, viruchka): null

02-12-2024T08:03:38 - [TEST_STEP][PASSED] - setValueToCellByIndex(sheet01, n, 4, typeOfData): null

02-12-2024T08:03:38 - [TEST_STEP][PASSED] - if (a == null): null

02-12-2024T08:03:38 - [TEST_STEP][PASSED] - else: null

02-12-2024T08:03:38 - [TEST_STEP][PASSED] - setValueToCellByIndex(sheet01, n, 5, a): null

02-12-2024T08:03:38 - [TEST_STEP][PASSED] - if (b == null): null

02-12-2024T08:03:38 - [TEST_STEP][PASSED] - else: null

02-12-2024T08:03:38 - [TEST_STEP][PASSED] - setValueToCellByIndex(sheet01, n, 6, b): null

02-12-2024T08:03:38 - [TEST_STEP][PASSED] - setValueToCellByIndex(sheet01, n, 7, period): null

02-12-2024T08:03:38 - [TEST_STEP][PASSED] - setValueToCellByIndex(sheet01, n, 8, todaysDate): null

02-12-2024T08:03:38 - [TEST_STEP][PASSED] - n = n + 1: null

02-12-2024T08:03:38 - [TEST_STEP][PASSED] - saveWorkbook(excelFilePath, workbook01): null

02-12-2024T08:03:39 - [TEST_STEP][PASSED] - dZO = "Россети Урал (ГК)": null

02-12-2024T08:03:39 - [TEST_STEP][PASSED] - if (verifyEqual(a312, b312) == false): Actual object '2.27' and expected object '2.27' are equal

02-12-2024T08:03:39 - [MESSAGE][PASSED] - Actual object '2.27' and expected object '2.27' are equal

02-12-2024T08:03:39 - [TEST_STEP][PASSED] - dZO = "Россети ФСК ЕЭС": null

02-12-2024T08:03:39 - [TEST_STEP][PASSED] - if (verifyEqual(a313, b313) == false): Actual object '-9.49' and expected object '-9.49' are equal

02-12-2024T08:03:39 - [MESSAGE][PASSED] - Actual object '-9.49' and expected object '-9.49' are equal

02-12-2024T08:03:39 - [TEST_STEP][PASSED] - dZO = "Россети Центр": null

02-12-2024T08:03:39 - [TEST_STEP][FAILED] - if (verifyEqual(a314, b314) == false): null

02-12-2024T08:03:39 - [MESSAGE][FAILED] - Unable to verify equal between actual object '-31.28' and expected object '2.55' (Root cause: com.kms.katalon.core.exception.StepFailedException: Actual object '-31.28' and expected object '2.55' are not equal
	at com.kms.katalon.core.keyword.builtin.VerifyEqualKeyword$_verifyEqual_closure1.doCall(VerifyEqualKeyword.groovy:58)
	at com.kms.katalon.core.keyword.builtin.VerifyEqualKeyword$_verifyEqual_closure1.call(VerifyEqualKeyword.groovy)
	at com.kms.katalon.core.keyword.internal.KeywordMain.runKeyword(KeywordMain.groovy:75)
	at com.kms.katalon.core.keyword.builtin.VerifyEqualKeyword.verifyEqual(VerifyEqualKeyword.groovy:63)
	at com.kms.katalon.core.keyword.builtin.VerifyEqualKeyword.execute(VerifyEqualKeyword.groovy:44)
	at com.kms.katalon.core.keyword.internal.KeywordExecutor.executeKeywordForPlatform(KeywordExecutor.groovy:74)
	at com.kms.katalon.core.keyword.BuiltinKeywords.verifyEqual(BuiltinKeywords.groovy:146)
	at jdk.internal.reflect.GeneratedMethodAccessor25.invoke(Unknown Source)
	at java.base/jdk.internal.reflect.DelegatingMethodAccessorImpl.invoke(DelegatingMethodAccessorImpl.java:43)
	at Выручка в рублях сверка дашбордов ПАО Россети.Blocks(Выручка в рублях сверка дашбордов ПАО Россети:497)
	at Выручка в рублях сверка дашбордов ПАО Россети.ViruchkaChange(Выручка в рублях сверка дашбордов ПАО Россети:60)
	at Выручка в рублях сверка дашбордов ПАО Россети.run(Выручка в рублях сверка дашбордов ПАО Россети:55)
	at com.kms.katalon.core.main.ScriptEngine.run(ScriptEngine.java:194)
	at com.kms.katalon.core.main.ScriptEngine.runScriptAsRawText(ScriptEngine.java:119)
	at com.kms.katalon.core.main.TestCaseExecutor.runScript(TestCaseExecutor.java:448)
	at com.kms.katalon.core.main.TestCaseExecutor.doExecute(TestCaseExecutor.java:439)
	at com.kms.katalon.core.main.TestCaseExecutor.processExecutionPhase(TestCaseExecutor.java:418)
	at com.kms.katalon.core.main.TestCaseExecutor.accessMainPhase(TestCaseExecutor.java:410)
	at com.kms.katalon.core.main.TestCaseExecutor.execute(TestCaseExecutor.java:285)
	at com.kms.katalon.core.common.CommonExecutor.accessTestCaseMainPhase(CommonExecutor.java:65)
	at com.kms.katalon.core.main.TestSuiteExecutor.accessTestSuiteMainPhase(TestSuiteExecutor.java:150)
	at com.kms.katalon.core.main.TestSuiteExecutor.execute(TestSuiteExecutor.java:106)
	at com.kms.katalon.core.main.TestCaseMain.startTestSuite(TestCaseMain.java:180)
	at TempTestSuite1733111659562.run(TempTestSuite1733111659562.groovy:35)
	at java.base/jdk.internal.reflect.NativeMethodAccessorImpl.invoke0(Native Method)
	at java.base/jdk.internal.reflect.NativeMethodAccessorImpl.invoke(NativeMethodAccessorImpl.java:77)
	at java.base/jdk.internal.reflect.DelegatingMethodAccessorImpl.invoke(DelegatingMethodAccessorImpl.java:43)
)

02-12-2024T08:03:39 - [TEST_STEP][PASSED] - a = replaceAll("\s+", "").toDouble(): null

02-12-2024T08:03:39 - [TEST_STEP][PASSED] - b = replaceAll("\s+", "").toDouble(): null

02-12-2024T08:03:39 - [TEST_STEP][PASSED] - Script1710234207206.WriteToExcel(todaysDate, run, vir, block, typeOfData, viruchka, vidget, nameOfBlock, a, b, dZO): null

02-12-2024T08:03:39 - [TEST_STEP][PASSED] - println(run): null

02-12-2024T08:03:39 - [TEST_STEP][PASSED] - if (run == 1): null

02-12-2024T08:03:39 - [TEST_STEP][PASSED] - else if (run == 2): null

02-12-2024T08:03:39 - [TEST_STEP][PASSED] - typeOfData = "Проценты": null

02-12-2024T08:03:39 - [TEST_STEP][PASSED] - println("todaysDate:" + todaysDate): null

02-12-2024T08:03:39 - [TEST_STEP][PASSED] - println("typeOfData:" + typeOfData): null

02-12-2024T08:03:39 - [TEST_STEP][PASSED] - viruchka = getText(findTestObject("Выручка в рублях/Фильтр Выручка" + nameOfBlock)): Text of object 'Object Repository/Выручка в рублях/Фильтр Выручка Выручка' is: 'Все'

02-12-2024T08:03:39 - [MESSAGE][PASSED] - Text of object 'Object Repository/Выручка в рублях/Фильтр Выручка Выручка' is: 'Все'

02-12-2024T08:03:39 - [TEST_STEP][PASSED] - println("viruchka" + viruchka): null

02-12-2024T08:03:39 - [TEST_STEP][PASSED] - println("vidget" + vidget): null

02-12-2024T08:03:39 - [TEST_STEP][PASSED] - println("a" + a): null

02-12-2024T08:03:39 - [TEST_STEP][PASSED] - println("b" + b): null

02-12-2024T08:03:39 - [TEST_STEP][PASSED] - sheetName = "Sheet1": null

02-12-2024T08:03:39 - [TEST_STEP][PASSED] - data = findTestData("PlanFact"): null

02-12-2024T08:03:39 - [TEST_STEP][PASSED] - n = data.getRowNumbers() + 1: null

02-12-2024T08:03:39 - [TEST_STEP][PASSED] - period = getText(findTestObject("Выручка в рублях/Фильтр Период")): Text of object 'Object Repository/Выручка в рублях/Фильтр Период' is: 'Октябрь и 1, 2, 3 кв. 2024 года'

02-12-2024T08:03:39 - [MESSAGE][PASSED] - Text of object 'Object Repository/Выручка в рублях/Фильтр Период' is: 'Октябрь и 1, 2, 3 кв. 2024 года'

02-12-2024T08:03:39 - [TEST_STEP][PASSED] - println(period): null

02-12-2024T08:03:39 - [TEST_STEP][PASSED] - dashboardName = "Выручка в рублях": null

02-12-2024T08:03:39 - [TEST_STEP][PASSED] - workbook01 = getWorkbook(excelFilePath): null

02-12-2024T08:03:39 - [TEST_STEP][PASSED] - sheet01 = getExcelSheet(workbook01, sheetName): null

02-12-2024T08:03:39 - [TEST_STEP][PASSED] - setValueToCellByIndex(sheet01, n, 0, dashboardName): null

02-12-2024T08:03:39 - [TEST_STEP][PASSED] - setValueToCellByIndex(sheet01, n, 1, dZO): null

02-12-2024T08:03:39 - [TEST_STEP][PASSED] - setValueToCellByIndex(sheet01, n, 2, vidget): null

02-12-2024T08:03:39 - [TEST_STEP][PASSED] - setValueToCellByIndex(sheet01, n, 3, viruchka): null

02-12-2024T08:03:39 - [TEST_STEP][PASSED] - setValueToCellByIndex(sheet01, n, 4, typeOfData): null

02-12-2024T08:03:39 - [TEST_STEP][PASSED] - if (a == null): null

02-12-2024T08:03:39 - [TEST_STEP][PASSED] - else: null

02-12-2024T08:03:39 - [TEST_STEP][PASSED] - setValueToCellByIndex(sheet01, n, 5, a): null

02-12-2024T08:03:39 - [TEST_STEP][PASSED] - if (b == null): null

02-12-2024T08:03:39 - [TEST_STEP][PASSED] - else: null

02-12-2024T08:03:39 - [TEST_STEP][PASSED] - setValueToCellByIndex(sheet01, n, 6, b): null

02-12-2024T08:03:39 - [TEST_STEP][PASSED] - setValueToCellByIndex(sheet01, n, 7, period): null

02-12-2024T08:03:39 - [TEST_STEP][PASSED] - setValueToCellByIndex(sheet01, n, 8, todaysDate): null

02-12-2024T08:03:39 - [TEST_STEP][PASSED] - n = n + 1: null

02-12-2024T08:03:39 - [TEST_STEP][PASSED] - saveWorkbook(excelFilePath, workbook01): null

02-12-2024T08:03:39 - [TEST_STEP][PASSED] - dZO = "Россети Центр и Приволжье (ГК)": null

02-12-2024T08:03:39 - [TEST_STEP][PASSED] - if (verifyEqual(a315, b315) == false): Actual object '4.33' and expected object '4.33' are equal

02-12-2024T08:03:39 - [MESSAGE][PASSED] - Actual object '4.33' and expected object '4.33' are equal

02-12-2024T08:03:39 - [TEST_STEP][PASSED] - dZO = "Россети Юг (ГК)": null

02-12-2024T08:03:39 - [TEST_STEP][FAILED] - if (verifyEqual(a316, b316) == false): null

02-12-2024T08:03:39 - [MESSAGE][FAILED] - Unable to verify equal between actual object '-48.42' and expected object '3.17' (Root cause: com.kms.katalon.core.exception.StepFailedException: Actual object '-48.42' and expected object '3.17' are not equal
	at com.kms.katalon.core.keyword.builtin.VerifyEqualKeyword$_verifyEqual_closure1.doCall(VerifyEqualKeyword.groovy:58)
	at com.kms.katalon.core.keyword.builtin.VerifyEqualKeyword$_verifyEqual_closure1.call(VerifyEqualKeyword.groovy)
	at com.kms.katalon.core.keyword.internal.KeywordMain.runKeyword(KeywordMain.groovy:75)
	at com.kms.katalon.core.keyword.builtin.VerifyEqualKeyword.verifyEqual(VerifyEqualKeyword.groovy:63)
	at com.kms.katalon.core.keyword.builtin.VerifyEqualKeyword.execute(VerifyEqualKeyword.groovy:44)
	at com.kms.katalon.core.keyword.internal.KeywordExecutor.executeKeywordForPlatform(KeywordExecutor.groovy:74)
	at com.kms.katalon.core.keyword.BuiltinKeywords.verifyEqual(BuiltinKeywords.groovy:146)
	at jdk.internal.reflect.GeneratedMethodAccessor25.invoke(Unknown Source)
	at java.base/jdk.internal.reflect.DelegatingMethodAccessorImpl.invoke(DelegatingMethodAccessorImpl.java:43)
	at Выручка в рублях сверка дашбордов ПАО Россети.Blocks(Выручка в рублях сверка дашбордов ПАО Россети:517)
	at Выручка в рублях сверка дашбордов ПАО Россети.ViruchkaChange(Выручка в рублях сверка дашбордов ПАО Россети:60)
	at Выручка в рублях сверка дашбордов ПАО Россети.run(Выручка в рублях сверка дашбордов ПАО Россети:55)
	at com.kms.katalon.core.main.ScriptEngine.run(ScriptEngine.java:194)
	at com.kms.katalon.core.main.ScriptEngine.runScriptAsRawText(ScriptEngine.java:119)
	at com.kms.katalon.core.main.TestCaseExecutor.runScript(TestCaseExecutor.java:448)
	at com.kms.katalon.core.main.TestCaseExecutor.doExecute(TestCaseExecutor.java:439)
	at com.kms.katalon.core.main.TestCaseExecutor.processExecutionPhase(TestCaseExecutor.java:418)
	at com.kms.katalon.core.main.TestCaseExecutor.accessMainPhase(TestCaseExecutor.java:410)
	at com.kms.katalon.core.main.TestCaseExecutor.execute(TestCaseExecutor.java:285)
	at com.kms.katalon.core.common.CommonExecutor.accessTestCaseMainPhase(CommonExecutor.java:65)
	at com.kms.katalon.core.main.TestSuiteExecutor.accessTestSuiteMainPhase(TestSuiteExecutor.java:150)
	at com.kms.katalon.core.main.TestSuiteExecutor.execute(TestSuiteExecutor.java:106)
	at com.kms.katalon.core.main.TestCaseMain.startTestSuite(TestCaseMain.java:180)
	at TempTestSuite1733111659562.run(TempTestSuite1733111659562.groovy:35)
	at java.base/jdk.internal.reflect.NativeMethodAccessorImpl.invoke0(Native Method)
	at java.base/jdk.internal.reflect.NativeMethodAccessorImpl.invoke(NativeMethodAccessorImpl.java:77)
	at java.base/jdk.internal.reflect.DelegatingMethodAccessorImpl.invoke(DelegatingMethodAccessorImpl.java:43)
)

02-12-2024T08:03:40 - [TEST_STEP][PASSED] - a = replaceAll("\s+", "").toDouble(): null

02-12-2024T08:03:40 - [TEST_STEP][PASSED] - b = replaceAll("\s+", "").toDouble(): null

02-12-2024T08:03:40 - [TEST_STEP][PASSED] - Script1710234207206.WriteToExcel(todaysDate, run, vir, block, typeOfData, viruchka, vidget, nameOfBlock, a, b, dZO): null

02-12-2024T08:03:40 - [TEST_STEP][PASSED] - println(run): null

02-12-2024T08:03:40 - [TEST_STEP][PASSED] - if (run == 1): null

02-12-2024T08:03:40 - [TEST_STEP][PASSED] - else if (run == 2): null

02-12-2024T08:03:40 - [TEST_STEP][PASSED] - typeOfData = "Проценты": null

02-12-2024T08:03:40 - [TEST_STEP][PASSED] - println("todaysDate:" + todaysDate): null

02-12-2024T08:03:40 - [TEST_STEP][PASSED] - println("typeOfData:" + typeOfData): null

02-12-2024T08:03:40 - [TEST_STEP][PASSED] - viruchka = getText(findTestObject("Выручка в рублях/Фильтр Выручка" + nameOfBlock)): Text of object 'Object Repository/Выручка в рублях/Фильтр Выручка Выручка' is: 'Все'

02-12-2024T08:03:40 - [MESSAGE][PASSED] - Text of object 'Object Repository/Выручка в рублях/Фильтр Выручка Выручка' is: 'Все'

02-12-2024T08:03:40 - [TEST_STEP][PASSED] - println("viruchka" + viruchka): null

02-12-2024T08:03:40 - [TEST_STEP][PASSED] - println("vidget" + vidget): null

02-12-2024T08:03:40 - [TEST_STEP][PASSED] - println("a" + a): null

02-12-2024T08:03:40 - [TEST_STEP][PASSED] - println("b" + b): null

02-12-2024T08:03:40 - [TEST_STEP][PASSED] - sheetName = "Sheet1": null

02-12-2024T08:03:40 - [TEST_STEP][PASSED] - data = findTestData("PlanFact"): null

02-12-2024T08:03:40 - [TEST_STEP][PASSED] - n = data.getRowNumbers() + 1: null

02-12-2024T08:03:40 - [TEST_STEP][PASSED] - period = getText(findTestObject("Выручка в рублях/Фильтр Период")): Text of object 'Object Repository/Выручка в рублях/Фильтр Период' is: 'Октябрь и 1, 2, 3 кв. 2024 года'

02-12-2024T08:03:40 - [MESSAGE][PASSED] - Text of object 'Object Repository/Выручка в рублях/Фильтр Период' is: 'Октябрь и 1, 2, 3 кв. 2024 года'

02-12-2024T08:03:40 - [TEST_STEP][PASSED] - println(period): null

02-12-2024T08:03:40 - [TEST_STEP][PASSED] - dashboardName = "Выручка в рублях": null

02-12-2024T08:03:40 - [TEST_STEP][PASSED] - workbook01 = getWorkbook(excelFilePath): null

02-12-2024T08:03:40 - [TEST_STEP][PASSED] - sheet01 = getExcelSheet(workbook01, sheetName): null

02-12-2024T08:03:40 - [TEST_STEP][PASSED] - setValueToCellByIndex(sheet01, n, 0, dashboardName): null

02-12-2024T08:03:40 - [TEST_STEP][PASSED] - setValueToCellByIndex(sheet01, n, 1, dZO): null

02-12-2024T08:03:40 - [TEST_STEP][PASSED] - setValueToCellByIndex(sheet01, n, 2, vidget): null

02-12-2024T08:03:40 - [TEST_STEP][PASSED] - setValueToCellByIndex(sheet01, n, 3, viruchka): null

02-12-2024T08:03:40 - [TEST_STEP][PASSED] - setValueToCellByIndex(sheet01, n, 4, typeOfData): null

02-12-2024T08:03:40 - [TEST_STEP][PASSED] - if (a == null): null

02-12-2024T08:03:40 - [TEST_STEP][PASSED] - else: null

02-12-2024T08:03:40 - [TEST_STEP][PASSED] - setValueToCellByIndex(sheet01, n, 5, a): null

02-12-2024T08:03:40 - [TEST_STEP][PASSED] - if (b == null): null

02-12-2024T08:03:40 - [TEST_STEP][PASSED] - else: null

02-12-2024T08:03:40 - [TEST_STEP][PASSED] - setValueToCellByIndex(sheet01, n, 6, b): null

02-12-2024T08:03:40 - [TEST_STEP][PASSED] - setValueToCellByIndex(sheet01, n, 7, period): null

02-12-2024T08:03:40 - [TEST_STEP][PASSED] - setValueToCellByIndex(sheet01, n, 8, todaysDate): null

02-12-2024T08:03:40 - [TEST_STEP][PASSED] - n = n + 1: null

02-12-2024T08:03:40 - [TEST_STEP][PASSED] - saveWorkbook(excelFilePath, workbook01): null

02-12-2024T08:03:40 - [TEST_STEP][PASSED] - dZO = "Россети Янтарь": null

02-12-2024T08:03:40 - [TEST_STEP][PASSED] - if (verifyEqual(a317, b317) == false): Actual object '4.04' and expected object '4.04' are equal

02-12-2024T08:03:40 - [MESSAGE][PASSED] - Actual object '4.04' and expected object '4.04' are equal

02-12-2024T08:03:40 - [TEST_STEP][PASSED] - closeBrowser(): null

02-12-2024T08:03:41 - [MESSAGE][PASSED] - Browser is closed

02-12-2024T08:03:41 - [TEST_STEP][PASSED] - Script1710234207206.Blocks(run, vir, block, nameOfBlock, typeOfData, viruchka, vidget, todaysDate, a, b, dZO, x, y): null

02-12-2024T08:03:41 - [TEST_STEP][PASSED] - i = <not implemented yet for class: org.codehaus.groovy.ast.expr.EmptyExpression>: null

02-12-2024T08:03:41 - [TEST_STEP][PASSED] - perc = "": null

02-12-2024T08:03:41 - [TEST_STEP][PASSED] - a1 = <not implemented yet for class: org.codehaus.groovy.ast.expr.EmptyExpression>: null

02-12-2024T08:03:41 - [TEST_STEP][PASSED] - a2 = <not implemented yet for class: org.codehaus.groovy.ast.expr.EmptyExpression>: null

02-12-2024T08:03:41 - [TEST_STEP][PASSED] - a30 = <not implemented yet for class: org.codehaus.groovy.ast.expr.EmptyExpression>: null

02-12-2024T08:03:41 - [TEST_STEP][PASSED] - a31 = <not implemented yet for class: org.codehaus.groovy.ast.expr.EmptyExpression>: null

02-12-2024T08:03:41 - [TEST_STEP][PASSED] - a32 = <not implemented yet for class: org.codehaus.groovy.ast.expr.EmptyExpression>: null

02-12-2024T08:03:41 - [TEST_STEP][PASSED] - a33 = <not implemented yet for class: org.codehaus.groovy.ast.expr.EmptyExpression>: null

02-12-2024T08:03:41 - [TEST_STEP][PASSED] - a34 = <not implemented yet for class: org.codehaus.groovy.ast.expr.EmptyExpression>: null

02-12-2024T08:03:41 - [TEST_STEP][PASSED] - a35 = <not implemented yet for class: org.codehaus.groovy.ast.expr.EmptyExpression>: null

02-12-2024T08:03:41 - [TEST_STEP][PASSED] - a36 = <not implemented yet for class: org.codehaus.groovy.ast.expr.EmptyExpression>: null

02-12-2024T08:03:41 - [TEST_STEP][PASSED] - a37 = <not implemented yet for class: org.codehaus.groovy.ast.expr.EmptyExpression>: null

02-12-2024T08:03:41 - [TEST_STEP][PASSED] - a38 = <not implemented yet for class: org.codehaus.groovy.ast.expr.EmptyExpression>: null

02-12-2024T08:03:41 - [TEST_STEP][PASSED] - a39 = <not implemented yet for class: org.codehaus.groovy.ast.expr.EmptyExpression>: null

02-12-2024T08:03:41 - [TEST_STEP][PASSED] - a310 = <not implemented yet for class: org.codehaus.groovy.ast.expr.EmptyExpression>: null

02-12-2024T08:03:41 - [TEST_STEP][PASSED] - a311 = <not implemented yet for class: org.codehaus.groovy.ast.expr.EmptyExpression>: null

02-12-2024T08:03:41 - [TEST_STEP][PASSED] - a312 = <not implemented yet for class: org.codehaus.groovy.ast.expr.EmptyExpression>: null

02-12-2024T08:03:41 - [TEST_STEP][PASSED] - a313 = <not implemented yet for class: org.codehaus.groovy.ast.expr.EmptyExpression>: null

02-12-2024T08:03:41 - [TEST_STEP][PASSED] - a314 = <not implemented yet for class: org.codehaus.groovy.ast.expr.EmptyExpression>: null

02-12-2024T08:03:41 - [TEST_STEP][PASSED] - a315 = <not implemented yet for class: org.codehaus.groovy.ast.expr.EmptyExpression>: null

02-12-2024T08:03:41 - [TEST_STEP][PASSED] - a316 = <not implemented yet for class: org.codehaus.groovy.ast.expr.EmptyExpression>: null

02-12-2024T08:03:41 - [TEST_STEP][PASSED] - a317 = <not implemented yet for class: org.codehaus.groovy.ast.expr.EmptyExpression>: null

02-12-2024T08:03:41 - [TEST_STEP][PASSED] - b1 = <not implemented yet for class: org.codehaus.groovy.ast.expr.EmptyExpression>: null

02-12-2024T08:03:41 - [TEST_STEP][PASSED] - b2 = <not implemented yet for class: org.codehaus.groovy.ast.expr.EmptyExpression>: null

02-12-2024T08:03:41 - [TEST_STEP][PASSED] - b30 = <not implemented yet for class: org.codehaus.groovy.ast.expr.EmptyExpression>: null

02-12-2024T08:03:41 - [TEST_STEP][PASSED] - b31 = <not implemented yet for class: org.codehaus.groovy.ast.expr.EmptyExpression>: null

02-12-2024T08:03:41 - [TEST_STEP][PASSED] - b32 = <not implemented yet for class: org.codehaus.groovy.ast.expr.EmptyExpression>: null

02-12-2024T08:03:41 - [TEST_STEP][PASSED] - b33 = <not implemented yet for class: org.codehaus.groovy.ast.expr.EmptyExpression>: null

02-12-2024T08:03:41 - [TEST_STEP][PASSED] - b34 = <not implemented yet for class: org.codehaus.groovy.ast.expr.EmptyExpression>: null

02-12-2024T08:03:41 - [TEST_STEP][PASSED] - b35 = <not implemented yet for class: org.codehaus.groovy.ast.expr.EmptyExpression>: null

02-12-2024T08:03:41 - [TEST_STEP][PASSED] - b36 = <not implemented yet for class: org.codehaus.groovy.ast.expr.EmptyExpression>: null

02-12-2024T08:03:41 - [TEST_STEP][PASSED] - b37 = <not implemented yet for class: org.codehaus.groovy.ast.expr.EmptyExpression>: null

02-12-2024T08:03:41 - [TEST_STEP][PASSED] - b38 = <not implemented yet for class: org.codehaus.groovy.ast.expr.EmptyExpression>: null

02-12-2024T08:03:41 - [TEST_STEP][PASSED] - b39 = <not implemented yet for class: org.codehaus.groovy.ast.expr.EmptyExpression>: null

02-12-2024T08:03:41 - [TEST_STEP][PASSED] - b310 = <not implemented yet for class: org.codehaus.groovy.ast.expr.EmptyExpression>: null

02-12-2024T08:03:41 - [TEST_STEP][PASSED] - b311 = <not implemented yet for class: org.codehaus.groovy.ast.expr.EmptyExpression>: null

02-12-2024T08:03:41 - [TEST_STEP][PASSED] - b312 = <not implemented yet for class: org.codehaus.groovy.ast.expr.EmptyExpression>: null

02-12-2024T08:03:41 - [TEST_STEP][PASSED] - b313 = <not implemented yet for class: org.codehaus.groovy.ast.expr.EmptyExpression>: null

02-12-2024T08:03:41 - [TEST_STEP][PASSED] - b314 = <not implemented yet for class: org.codehaus.groovy.ast.expr.EmptyExpression>: null

02-12-2024T08:03:41 - [TEST_STEP][PASSED] - b315 = <not implemented yet for class: org.codehaus.groovy.ast.expr.EmptyExpression>: null

02-12-2024T08:03:41 - [TEST_STEP][PASSED] - b316 = <not implemented yet for class: org.codehaus.groovy.ast.expr.EmptyExpression>: null

02-12-2024T08:03:41 - [TEST_STEP][PASSED] - b317 = <not implemented yet for class: org.codehaus.groovy.ast.expr.EmptyExpression>: null

02-12-2024T08:03:41 - [TEST_STEP][PASSED] - block = 1: null

02-12-2024T08:03:41 - [TEST_STEP][PASSED] - nameOfBlock = "": null

02-12-2024T08:03:41 - [TEST_STEP][PASSED] - Script1710234207206.PreSettings(run, vir, block, nameOfBlock, typeOfData, todaysDate): null

02-12-2024T08:03:41 - [TEST_STEP][PASSED] - openBrowser(""): Browser is opened with url: ''

02-12-2024T08:03:41 - [MESSAGE][INFO] - Starting 'Chrome' driver

02-12-2024T08:03:41 - [MESSAGE][INFO] - Action delay is set to 0 milliseconds

02-12-2024T08:03:42 - [MESSAGE][PASSED] - Browser is opened with url: ''

02-12-2024T08:03:42 - [TEST_STEP][PASSED] - refresh(): Refresh successfully

02-12-2024T08:03:42 - [MESSAGE][PASSED] - Refresh successfully

02-12-2024T08:03:42 - [TEST_STEP][PASSED] - delay(50): Delayed 50 second(s)

02-12-2024T08:04:32 - [MESSAGE][PASSED] - Delayed 50 second(s)

02-12-2024T08:04:32 - [TEST_STEP][PASSED] - println("run:" + run): null

02-12-2024T08:04:32 - [TEST_STEP][PASSED] - println("vir:" + vir): null

02-12-2024T08:04:32 - [TEST_STEP][PASSED] - println("block:" + block): null

02-12-2024T08:04:32 - [TEST_STEP][PASSED] - if (block == 1): null

02-12-2024T08:04:32 - [TEST_STEP][PASSED] - nameOfBlock = "": null

02-12-2024T08:04:32 - [TEST_STEP][PASSED] - println("nameOfBlock:" + nameOfBlock): null

02-12-2024T08:04:32 - [TEST_STEP][PASSED] - println("typeOfData:" + typeOfData): null

02-12-2024T08:04:32 - [TEST_STEP][PASSED] - println("todaysDate:" + todaysDate): null

02-12-2024T08:04:32 - [TEST_STEP][PASSED] - Script1710234207206.Autorization(block, nameOfBlock): null

02-12-2024T08:04:32 - [TEST_STEP][PASSED] - i = <not implemented yet for class: org.codehaus.groovy.ast.expr.EmptyExpression>: null

02-12-2024T08:04:32 - [TEST_STEP][PASSED] - ii = <not implemented yet for class: org.codehaus.groovy.ast.expr.EmptyExpression>: null

02-12-2024T08:04:32 - [TEST_STEP][PASSED] - urlData = <not implemented yet for class: org.codehaus.groovy.ast.expr.EmptyExpression>: null

02-12-2024T08:04:32 - [TEST_STEP][PASSED] - searchWord = <not implemented yet for class: org.codehaus.groovy.ast.expr.EmptyExpression>: null

02-12-2024T08:04:32 - [TEST_STEP][PASSED] - urlText = <not implemented yet for class: org.codehaus.groovy.ast.expr.EmptyExpression>: null

02-12-2024T08:04:32 - [TEST_STEP][PASSED] - println("block:" + block): null

02-12-2024T08:04:32 - [TEST_STEP][PASSED] - if (block == 1): null

02-12-2024T08:04:32 - [TEST_STEP][PASSED] - nameOfBlock = "": null

02-12-2024T08:04:32 - [TEST_STEP][PASSED] - println("nameOfBlock:" + nameOfBlock): null

02-12-2024T08:04:32 - [TEST_STEP][PASSED] - if (block == 1): Delayed 45 second(s)

02-12-2024T08:04:32 - [TEST_STEP][PASSED] - urlData = 2: null

02-12-2024T08:04:32 - [TEST_STEP][PASSED] - delay(45): Delayed 45 second(s)

02-12-2024T08:05:17 - [MESSAGE][PASSED] - Delayed 45 second(s)

02-12-2024T08:05:17 - [TEST_STEP][PASSED] - navigateToUrl(findTestData("PlanFact").getValue(10, urlData)): Navigate to 'https://bi.rosseti.digital/viewer?dashboardGuid=2301950b23be4ed89c1df75f2020051e&sheetGuid=b723206f698544fb87299f3095c00435&fit=true' successfully

02-12-2024T08:05:24 - [MESSAGE][PASSED] - Navigate to 'https://bi.rosseti.digital/viewer?dashboardGuid=2301950b23be4ed89c1df75f2020051e&sheetGuid=b723206f698544fb87299f3095c00435&fit=true' successfully

02-12-2024T08:05:24 - [TEST_STEP][PASSED] - urlText = getText(findTestObject("Страница авторизации/Text")): Text of object 'Object Repository/Страница авторизации/Text' is: 'Вход'

02-12-2024T08:05:25 - [MESSAGE][PASSED] - Text of object 'Object Repository/Страница авторизации/Text' is: 'Вход'

02-12-2024T08:05:25 - [TEST_STEP][PASSED] - searchWord = "Вход": null

02-12-2024T08:05:25 - [TEST_STEP][PASSED] - if (urlText == null || urlText.contains("ошибка") || urlText.contains(searchWord) == false): null

02-12-2024T08:05:25 - [TEST_STEP][PASSED] - if (verifyElementPresent(findTestObject("Страница авторизации/button_"), 30) == true): null

02-12-2024T08:05:25 - [MESSAGE][PASSED] - Object 'Object Repository/Страница авторизации/button_' is present

02-12-2024T08:05:25 - [TEST_STEP][PASSED] - setText(findTestObject("Страница авторизации/input__username"), findTestData("PlanFact").getValue(8, 1)): Text 'liazgina-di' is set on object 'Object Repository/Страница авторизации/input__username'

02-12-2024T08:05:26 - [MESSAGE][PASSED] - Text 'liazgina-di' is set on object 'Object Repository/Страница авторизации/input__username'

02-12-2024T08:05:26 - [TEST_STEP][PASSED] - setText(findTestObject("Страница авторизации/input__password"), findTestData("PlanFact").getValue(9, 1)): Text ')$%5srZ8o688Dm#q' is set on object 'Object Repository/Страница авторизации/input__password'

02-12-2024T08:05:26 - [MESSAGE][PASSED] - Text ')$%5srZ8o688Dm#q' is set on object 'Object Repository/Страница авторизации/input__password'

02-12-2024T08:05:26 - [TEST_STEP][PASSED] - click(findTestObject("Страница авторизации/button_")): Object: 'Object Repository/Страница авторизации/button_' is clicked on

02-12-2024T08:05:29 - [MESSAGE][PASSED] - Object: 'Object Repository/Страница авторизации/button_' is clicked on

02-12-2024T08:05:29 - [TEST_STEP][PASSED] - delay(45): Delayed 45 second(s)

02-12-2024T08:06:14 - [MESSAGE][PASSED] - Delayed 45 second(s)

02-12-2024T08:06:14 - [TEST_STEP][PASSED] - urlText = getText(findTestObject("Страница авторизации/Text")): Text of object 'Object Repository/Страница авторизации/Text' is: 'Период
1, 2, 3 кв., Октябрь 2024 года
Выручка
Все
Выполнение плановых показателей по ПАО Россети за 1, 2, 3 кв., Октябрь 2024 года
План
Факт
Динамика
2024 год
0 млн.руб.
100 000 млн.руб.
200 000 млн.руб.
300 000 млн.руб.
400 000 млн.руб.
500 000 млн.руб.
600 000 млн.руб.
700 000 млн.руб.
800 000 млн.руб.
900 000 млн.руб.
1 000 000 млн.руб.
1 100 000 млн.руб.
1 200 000 млн.руб.
1 300 000 млн.руб.
1 400 000 млн.руб.
1 180 677
1 181 459
↑
ДЗО 
Все
Внутренний оборот - выручка за услуги по передаче электрической энергии, учтенная в выручке за электроэнергию для конечных потребителей, при выполнении ДЗО функций гарантирующего поставщика
Подписи данных
⬤Отклонение
АО «Тываэнерго»
АО «Чеченэнерго»
Россети Волга
Россети Кубань
Россети Ленэнерго (ГК)
Россети Московский регион
Россети Северный Кавказ (ГК)
Россети Северо-Запад
Россети Сибирь (ГК)
Россети Томск
Россети Тюмень
Россети Урал (ГК)
Россети ФСК ЕЭС
Россети Центр
Россети Центр и Приволжье (ГК)
Россети Юг (ГК)
Россети Янтарь
-25 000млн.руб.
-20 000млн.руб.
-15 000млн.руб.
-10 000млн.руб.
-5 000млн.руб.
0млн.руб.
5 000млн.руб.
10 …
-30 000млн.руб.
300
101
156
3 953
4 462
7 500
888
878
1 274
238
-5 106
1 955
-24 344
2 435
4 419
1 357
318
млн.
%
Выручка
Отклонение выручки по ПАО Россети за 1, 2, 3 кв., Октябрь 2024 года (факт/план, млн. руб)
ПАО Россети
782.4 млн.руб.
 '

02-12-2024T08:06:15 - [MESSAGE][PASSED] - Text of object 'Object Repository/Страница авторизации/Text' is: 'Период
1, 2, 3 кв., Октябрь 2024 года
Выручка
Все
Выполнение плановых показателей по ПАО Россети за 1, 2, 3 кв., Октябрь 2024 года
План
Факт
Динамика
2024 год
0 млн.руб.
100 000 млн.руб.
200 000 млн.руб.
300 000 млн.руб.
400 000 млн.руб.
500 000 млн.руб.
600 000 млн.руб.
700 000 млн.руб.
800 000 млн.руб.
900 000 млн.руб.
1 000 000 млн.руб.
1 100 000 млн.руб.
1 200 000 млн.руб.
1 300 000 млн.руб.
1 400 000 млн.руб.
1 180 677
1 181 459
↑
ДЗО 
Все
Внутренний оборот - выручка за услуги по передаче электрической энергии, учтенная в выручке за электроэнергию для конечных потребителей, при выполнении ДЗО функций гарантирующего поставщика
Подписи данных
⬤Отклонение
АО «Тываэнерго»
АО «Чеченэнерго»
Россети Волга
Россети Кубань
Россети Ленэнерго (ГК)
Россети Московский регион
Россети Северный Кавказ (ГК)
Россети Северо-Запад
Россети Сибирь (ГК)
Россети Томск
Россети Тюмень
Россети Урал (ГК)
Россети ФСК ЕЭС
Россети Центр
Россети Центр и Приволжье (ГК)
Россети Юг (ГК)
Россети Янтарь
-25 000млн.руб.
-20 000млн.руб.
-15 000млн.руб.
-10 000млн.руб.
-5 000млн.руб.
0млн.руб.
5 000млн.руб.
10 …
-30 000млн.руб.
300
101
156
3 953
4 462
7 500
888
878
1 274
238
-5 106
1 955
-24 344
2 435
4 419
1 357
318
млн.
%
Выручка
Отклонение выручки по ПАО Россети за 1, 2, 3 кв., Октябрь 2024 года (факт/план, млн. руб)
ПАО Россети
782.4 млн.руб.
 '

02-12-2024T08:06:15 - [TEST_STEP][PASSED] - searchWord = "а": null

02-12-2024T08:06:15 - [TEST_STEP][PASSED] - if (urlText.contains("ошибка") || urlText.contains(searchWord) == false): null

02-12-2024T08:06:15 - [TEST_STEP][PASSED] - delay(45): Delayed 45 second(s)

02-12-2024T08:07:00 - [MESSAGE][PASSED] - Delayed 45 second(s)

02-12-2024T08:07:00 - [TEST_STEP][PASSED] - if (block == 2): null

02-12-2024T08:07:00 - [TEST_STEP][PASSED] - click(findTestObject("Выручка в рублях/Фильтр Период" + nameOfBlock)): Object: 'Object Repository/Выручка в рублях/Фильтр Период' is clicked on

02-12-2024T08:07:00 - [MESSAGE][PASSED] - Object: 'Object Repository/Выручка в рублях/Фильтр Период' is clicked on

02-12-2024T08:07:00 - [TEST_STEP][PASSED] - click(findTestObject("Выручка в рублях/Снять выделение в фильтре Дата" + nameOfBlock)): Object: 'Object Repository/Выручка в рублях/Снять выделение в фильтре Дата' is clicked on

02-12-2024T08:07:00 - [MESSAGE][PASSED] - Object: 'Object Repository/Выручка в рублях/Снять выделение в фильтре Дата' is clicked on

02-12-2024T08:07:00 - [TEST_STEP][PASSED] - click(findTestObject("Выручка в рублях/Применить в фильтре Дата" + nameOfBlock)): Object: 'Object Repository/Выручка в рублях/Применить в фильтре Дата' is clicked on

02-12-2024T08:07:01 - [MESSAGE][PASSED] - Object: 'Object Repository/Выручка в рублях/Применить в фильтре Дата' is clicked on

02-12-2024T08:07:01 - [TEST_STEP][PASSED] - delay(50): Delayed 50 second(s)

02-12-2024T08:07:51 - [MESSAGE][PASSED] - Delayed 50 second(s)

02-12-2024T08:07:51 - [TEST_STEP][PASSED] - click(findTestObject("Выручка в рублях/Фильтр Период" + nameOfBlock)): Object: 'Object Repository/Выручка в рублях/Фильтр Период' is clicked on

02-12-2024T08:07:51 - [MESSAGE][PASSED] - Object: 'Object Repository/Выручка в рублях/Фильтр Период' is clicked on

02-12-2024T08:07:51 - [TEST_STEP][PASSED] - click(findTestObject("Выручка в рублях/Снять выделение в фильтре Дата" + nameOfBlock)): Object: 'Object Repository/Выручка в рублях/Снять выделение в фильтре Дата' is clicked on

02-12-2024T08:07:52 - [MESSAGE][PASSED] - Object: 'Object Repository/Выручка в рублях/Снять выделение в фильтре Дата' is clicked on

02-12-2024T08:07:52 - [TEST_STEP][PASSED] - scrollToElement(findTestObject("Выручка в рублях/2024 список" + nameOfBlock), 30): Scroll to object 'Object Repository/Выручка в рублях/2024 список' successfully

02-12-2024T08:07:52 - [MESSAGE][PASSED] - Scroll to object 'Object Repository/Выручка в рублях/2024 список' successfully

02-12-2024T08:07:52 - [TEST_STEP][PASSED] - click(findTestObject("Выручка в рублях/2024 список" + nameOfBlock)): Object: 'Object Repository/Выручка в рублях/2024 список' is clicked on

02-12-2024T08:07:52 - [MESSAGE][PASSED] - Object: 'Object Repository/Выручка в рублях/2024 список' is clicked on

02-12-2024T08:07:52 - [TEST_STEP][PASSED] - scrollToElement(findTestObject("Выручка в рублях/1 квартал 2024 выбрать" + nameOfBlock), 30): Scroll to object 'Object Repository/Выручка в рублях/1 квартал 2024 выбрать' successfully

02-12-2024T08:07:53 - [MESSAGE][PASSED] - Scroll to object 'Object Repository/Выручка в рублях/1 квартал 2024 выбрать' successfully

02-12-2024T08:07:53 - [TEST_STEP][PASSED] - click(findTestObject("Выручка в рублях/1 квартал 2024 выбрать" + nameOfBlock)): Object: 'Object Repository/Выручка в рублях/1 квартал 2024 выбрать' is clicked on

02-12-2024T08:07:53 - [MESSAGE][PASSED] - Object: 'Object Repository/Выручка в рублях/1 квартал 2024 выбрать' is clicked on

02-12-2024T08:07:53 - [TEST_STEP][PASSED] - scrollToElement(findTestObject("Выручка в рублях/2 квартал 2024 выбрать" + nameOfBlock), 30): Scroll to object 'Object Repository/Выручка в рублях/2 квартал 2024 выбрать' successfully

02-12-2024T08:07:54 - [MESSAGE][PASSED] - Scroll to object 'Object Repository/Выручка в рублях/2 квартал 2024 выбрать' successfully

02-12-2024T08:07:54 - [TEST_STEP][PASSED] - click(findTestObject("Выручка в рублях/2 квартал 2024 выбрать" + nameOfBlock)): Object: 'Object Repository/Выручка в рублях/2 квартал 2024 выбрать' is clicked on

02-12-2024T08:07:54 - [MESSAGE][PASSED] - Object: 'Object Repository/Выручка в рублях/2 квартал 2024 выбрать' is clicked on

02-12-2024T08:07:54 - [TEST_STEP][PASSED] - scrollToElement(findTestObject("Выручка в рублях/3 квартал 2024 список" + nameOfBlock), 30): Scroll to object 'Object Repository/Выручка в рублях/3 квартал 2024 список' successfully

02-12-2024T08:07:55 - [MESSAGE][PASSED] - Scroll to object 'Object Repository/Выручка в рублях/3 квартал 2024 список' successfully

02-12-2024T08:07:55 - [TEST_STEP][PASSED] - click(findTestObject("Выручка в рублях/3 квартал 2024" + nameOfBlock)): Object: 'Object Repository/Выручка в рублях/3 квартал 2024' is clicked on

02-12-2024T08:07:55 - [MESSAGE][PASSED] - Object: 'Object Repository/Выручка в рублях/3 квартал 2024' is clicked on

02-12-2024T08:07:55 - [TEST_STEP][PASSED] - scrollToElement(findTestObject("Выручка в рублях/4 квартал 2024 список" + nameOfBlock), 30): Scroll to object 'Object Repository/Выручка в рублях/4 квартал 2024 список' successfully

02-12-2024T08:07:55 - [MESSAGE][PASSED] - Scroll to object 'Object Repository/Выручка в рублях/4 квартал 2024 список' successfully

02-12-2024T08:07:55 - [TEST_STEP][PASSED] - click(findTestObject("Выручка в рублях/4 квартал 2024 список" + nameOfBlock)): Object: 'Object Repository/Выручка в рублях/4 квартал 2024 список' is clicked on

02-12-2024T08:07:56 - [MESSAGE][PASSED] - Object: 'Object Repository/Выручка в рублях/4 квартал 2024 список' is clicked on

02-12-2024T08:07:56 - [TEST_STEP][PASSED] - scrollToElement(findTestObject("Выручка в рублях/Октябрь 2024" + nameOfBlock), 30): Scroll to object 'Object Repository/Выручка в рублях/Октябрь 2024' successfully

02-12-2024T08:07:56 - [MESSAGE][PASSED] - Scroll to object 'Object Repository/Выручка в рублях/Октябрь 2024' successfully

02-12-2024T08:07:56 - [TEST_STEP][PASSED] - click(findTestObject("Выручка в рублях/Октябрь 2024" + nameOfBlock)): Object: 'Object Repository/Выручка в рублях/Октябрь 2024' is clicked on

02-12-2024T08:07:56 - [MESSAGE][PASSED] - Object: 'Object Repository/Выручка в рублях/Октябрь 2024' is clicked on

02-12-2024T08:07:56 - [TEST_STEP][PASSED] - scrollToElement(findTestObject("Выручка в рублях/Заголовок дашборда" + nameOfBlock), 30): Scroll to object 'Object Repository/Выручка в рублях/Заголовок дашборда' successfully

02-12-2024T08:07:57 - [MESSAGE][PASSED] - Scroll to object 'Object Repository/Выручка в рублях/Заголовок дашборда' successfully

02-12-2024T08:07:57 - [TEST_STEP][PASSED] - click(findTestObject("Выручка в рублях/Применить в фильтре Дата" + nameOfBlock)): Object: 'Object Repository/Выручка в рублях/Применить в фильтре Дата' is clicked on

02-12-2024T08:07:57 - [MESSAGE][PASSED] - Object: 'Object Repository/Выручка в рублях/Применить в фильтре Дата' is clicked on

02-12-2024T08:07:57 - [TEST_STEP][PASSED] - delay(55): Delayed 55 second(s)

02-12-2024T08:08:52 - [MESSAGE][PASSED] - Delayed 55 second(s)

02-12-2024T08:08:52 - [TEST_STEP][PASSED] - click(findTestObject("Выручка в рублях/Фильтр ДЗО" + nameOfBlock)): Object: 'Object Repository/Выручка в рублях/Фильтр ДЗО' is clicked on

02-12-2024T08:08:53 - [MESSAGE][PASSED] - Object: 'Object Repository/Выручка в рублях/Фильтр ДЗО' is clicked on

02-12-2024T08:08:53 - [TEST_STEP][PASSED] - click(findTestObject("Выручка в рублях/Снять выделение в фильтре ДЗО" + nameOfBlock)): Object: 'Object Repository/Выручка в рублях/Снять выделение в фильтре ДЗО' is clicked on

02-12-2024T08:08:53 - [MESSAGE][PASSED] - Object: 'Object Repository/Выручка в рублях/Снять выделение в фильтре ДЗО' is clicked on

02-12-2024T08:08:53 - [TEST_STEP][PASSED] - click(findTestObject("Выручка в рублях/Применить в фильтре ДЗО" + nameOfBlock)): Object: 'Object Repository/Выручка в рублях/Применить в фильтре ДЗО' is clicked on

02-12-2024T08:08:54 - [MESSAGE][PASSED] - Object: 'Object Repository/Выручка в рублях/Применить в фильтре ДЗО' is clicked on

02-12-2024T08:08:54 - [TEST_STEP][PASSED] - delay(50): Delayed 50 second(s)

02-12-2024T08:09:44 - [MESSAGE][PASSED] - Delayed 50 second(s)

02-12-2024T08:09:44 - [TEST_STEP][PASSED] - Script1710234207206.Tumbler(run, vir, block, nameOfBlock): null

02-12-2024T08:09:44 - [TEST_STEP][PASSED] - println("run:" + run): null

02-12-2024T08:09:44 - [TEST_STEP][PASSED] - println("vir:" + vir): null

02-12-2024T08:09:44 - [TEST_STEP][PASSED] - println("block:" + block): null

02-12-2024T08:09:44 - [TEST_STEP][PASSED] - println("nameOfBlock:" + nameOfBlock): null

02-12-2024T08:09:44 - [TEST_STEP][PASSED] - if (vir == 1): null

02-12-2024T08:09:44 - [TEST_STEP][PASSED] - else if (vir == 2): Object: 'Object Repository/Выручка в рублях/Применить в фильтре Выручка' is clicked on

02-12-2024T08:09:44 - [TEST_STEP][PASSED] - if (run == 2): Object: 'Object Repository/Выручка в рублях/Переключить отображение с млн на проценты Выручка в рублях' is clicked on

02-12-2024T08:09:44 - [TEST_STEP][PASSED] - click(findTestObject("Выручка в рублях/Переключить отображение с млн на проценты Выручка в рублях" + nameOfBlock)): Object: 'Object Repository/Выручка в рублях/Переключить отображение с млн на проценты Выручка в рублях' is clicked on

02-12-2024T08:09:44 - [MESSAGE][PASSED] - Object: 'Object Repository/Выручка в рублях/Переключить отображение с млн на проценты Выручка в рублях' is clicked on

02-12-2024T08:09:44 - [TEST_STEP][PASSED] - click(findTestObject("Выручка в рублях/Фильтр Выручка" + nameOfBlock)): Object: 'Object Repository/Выручка в рублях/Фильтр Выручка' is clicked on

02-12-2024T08:09:45 - [MESSAGE][PASSED] - Object: 'Object Repository/Выручка в рублях/Фильтр Выручка' is clicked on

02-12-2024T08:09:45 - [TEST_STEP][PASSED] - click(findTestObject("Выручка в рублях/Итого в фильтре Выручка" + nameOfBlock)): Object: 'Object Repository/Выручка в рублях/Итого в фильтре Выручка' is clicked on

02-12-2024T08:09:45 - [MESSAGE][PASSED] - Object: 'Object Repository/Выручка в рублях/Итого в фильтре Выручка' is clicked on

02-12-2024T08:09:45 - [TEST_STEP][PASSED] - click(findTestObject("Выручка в рублях/Применить в фильтре Выручка" + nameOfBlock)): Object: 'Object Repository/Выручка в рублях/Применить в фильтре Выручка' is clicked on

02-12-2024T08:09:46 - [MESSAGE][PASSED] - Object: 'Object Repository/Выручка в рублях/Применить в фильтре Выручка' is clicked on

02-12-2024T08:09:46 - [TEST_STEP][PASSED] - click(findTestObject("Выручка в рублях/Фильтр ДЗО" + nameOfBlock)): Object: 'Object Repository/Выручка в рублях/Фильтр ДЗО' is clicked on

02-12-2024T08:09:50 - [MESSAGE][PASSED] - Object: 'Object Repository/Выручка в рублях/Фильтр ДЗО' is clicked on

02-12-2024T08:09:50 - [TEST_STEP][PASSED] - Script1710234207206.Rosseti(nameOfBlock): null

02-12-2024T08:09:50 - [TEST_STEP][PASSED] - println("nameOfBlock:" + nameOfBlock): null

02-12-2024T08:09:50 - [TEST_STEP][PASSED] - click(findTestObject("Выручка в рублях/ПАО Россети" + nameOfBlock)): Object: 'Object Repository/Выручка в рублях/ПАО Россети' is clicked on

02-12-2024T08:09:50 - [MESSAGE][PASSED] - Object: 'Object Repository/Выручка в рублях/ПАО Россети' is clicked on

02-12-2024T08:09:50 - [TEST_STEP][PASSED] - click(findTestObject("Выручка в рублях/Применить в фильтре ДЗО" + nameOfBlock)): Object: 'Object Repository/Выручка в рублях/Применить в фильтре ДЗО' is clicked on

02-12-2024T08:09:51 - [MESSAGE][PASSED] - Object: 'Object Repository/Выручка в рублях/Применить в фильтре ДЗО' is clicked on

02-12-2024T08:09:51 - [TEST_STEP][PASSED] - if (run == 2): null

02-12-2024T08:09:51 - [TEST_STEP][PASSED] - perc = " Perc": null

02-12-2024T08:09:51 - [TEST_STEP][PASSED] - if (vir == 1 || vir == 2): Text of object 'Object Repository/Выручка в рублях/График План' is: '1 160 716'

02-12-2024T08:09:51 - [TEST_STEP][PASSED] - a1 = getText(findTestObject("Выручка в рублях/График План")): Text of object 'Object Repository/Выручка в рублях/График План' is: '1 160 716'

02-12-2024T08:09:53 - [MESSAGE][PASSED] - Text of object 'Object Repository/Выручка в рублях/График План' is: '1 160 716'

02-12-2024T08:09:53 - [TEST_STEP][PASSED] - if (vir == 1 || vir == 2): Text of object 'Object Repository/Выручка в рублях/График Факт' is: '1 160 805'

02-12-2024T08:09:53 - [TEST_STEP][PASSED] - a2 = getText(findTestObject("Выручка в рублях/График Факт")): Text of object 'Object Repository/Выручка в рублях/График Факт' is: '1 160 805'

02-12-2024T08:09:53 - [MESSAGE][PASSED] - Text of object 'Object Repository/Выручка в рублях/График Факт' is: '1 160 805'

02-12-2024T08:09:53 - [TEST_STEP][PASSED] - a30 = getText(findTestObject("Выручка в рублях/span1" + perc)): Text of object 'Object Repository/Выручка в рублях/span1 Perc' is: '-25.07 %'

02-12-2024T08:09:53 - [MESSAGE][PASSED] - Text of object 'Object Repository/Выручка в рублях/span1 Perc' is: '-25.07 %'

02-12-2024T08:09:53 - [TEST_STEP][PASSED] - i = a30.indexOf("млн.руб."): null

02-12-2024T08:09:53 - [TEST_STEP][PASSED] - if (i > -1): null

02-12-2024T08:09:53 - [TEST_STEP][PASSED] - if (a30.contains("%")): null

02-12-2024T08:09:53 - [TEST_STEP][PASSED] - a30 = a30.replaceAll("%", ""): null

02-12-2024T08:09:53 - [TEST_STEP][PASSED] - a30 = ").trim(): null

02-12-2024T08:09:53 - [TEST_STEP][PASSED] - println("a30: " + a30): null

02-12-2024T08:09:53 - [TEST_STEP][PASSED] - if (vir == 1 || vir == 2): Text of object 'Object Repository/Выручка в рублях/span2 Perc' is: '310.93 %'

02-12-2024T08:09:53 - [TEST_STEP][PASSED] - a31 = ").trim(): Text of object 'Object Repository/Выручка в рублях/span2 Perc' is: '310.93 %'

02-12-2024T08:09:54 - [MESSAGE][PASSED] - Text of object 'Object Repository/Выручка в рублях/span2 Perc' is: '310.93 %'

02-12-2024T08:09:54 - [TEST_STEP][PASSED] - if (vir == 1 || vir == 2): Text of object 'Object Repository/Выручка в рублях/span3 Perc' is: '-72.82 %'

02-12-2024T08:09:54 - [TEST_STEP][PASSED] - a32 = ").trim(): Text of object 'Object Repository/Выручка в рублях/span3 Perc' is: '-72.82 %'

02-12-2024T08:09:54 - [MESSAGE][PASSED] - Text of object 'Object Repository/Выручка в рублях/span3 Perc' is: '-72.82 %'

02-12-2024T08:09:54 - [TEST_STEP][PASSED] - if (vir == 1 || vir == 2): Text of object 'Object Repository/Выручка в рублях/span8 Perc' is: '-49.02 %'

02-12-2024T08:09:54 - [TEST_STEP][PASSED] - a33 = ").trim(): Text of object 'Object Repository/Выручка в рублях/span4 Perc' is: '-49.88 %'

02-12-2024T08:09:54 - [MESSAGE][PASSED] - Text of object 'Object Repository/Выручка в рублях/span4 Perc' is: '-49.88 %'

02-12-2024T08:09:54 - [TEST_STEP][PASSED] - a34 = ").trim(): Text of object 'Object Repository/Выручка в рублях/span5 Perc' is: '-46.84 %'

02-12-2024T08:09:54 - [MESSAGE][PASSED] - Text of object 'Object Repository/Выручка в рублях/span5 Perc' is: '-46.84 %'

02-12-2024T08:09:54 - [TEST_STEP][PASSED] - a35 = ").trim(): Text of object 'Object Repository/Выручка в рублях/span6 Perc' is: '-47.31 %'

02-12-2024T08:09:55 - [MESSAGE][PASSED] - Text of object 'Object Repository/Выручка в рублях/span6 Perc' is: '-47.31 %'

02-12-2024T08:09:55 - [TEST_STEP][PASSED] - a36 = ").trim(): Text of object 'Object Repository/Выручка в рублях/span7 Perc' is: '4.39 %'

02-12-2024T08:09:55 - [MESSAGE][PASSED] - Text of object 'Object Repository/Выручка в рублях/span7 Perc' is: '4.39 %'

02-12-2024T08:09:55 - [TEST_STEP][PASSED] - a37 = ").trim(): Text of object 'Object Repository/Выручка в рублях/span8 Perc' is: '-49.02 %'

02-12-2024T08:09:55 - [MESSAGE][PASSED] - Text of object 'Object Repository/Выручка в рублях/span8 Perc' is: '-49.02 %'

02-12-2024T08:09:55 - [TEST_STEP][PASSED] - if (vir == 1 || vir == 2): Text of object 'Object Repository/Выручка в рублях/span17 Perc' is: '-48.44 %'

02-12-2024T08:09:55 - [TEST_STEP][PASSED] - a38 = ").trim(): Text of object 'Object Repository/Выручка в рублях/span9 Perc' is: '2.01 %'

02-12-2024T08:09:56 - [MESSAGE][PASSED] - Text of object 'Object Repository/Выручка в рублях/span9 Perc' is: '2.01 %'

02-12-2024T08:09:56 - [TEST_STEP][PASSED] - a39 = ").trim(): Text of object 'Object Repository/Выручка в рублях/span10 Perc' is: '2.23 %'

02-12-2024T08:09:56 - [MESSAGE][PASSED] - Text of object 'Object Repository/Выручка в рублях/span10 Perc' is: '2.23 %'

02-12-2024T08:09:56 - [TEST_STEP][PASSED] - a310 = ").trim(): Text of object 'Object Repository/Выручка в рублях/span11 Perc' is: '-48.47 %'

02-12-2024T08:09:56 - [MESSAGE][PASSED] - Text of object 'Object Repository/Выручка в рублях/span11 Perc' is: '-48.47 %'

02-12-2024T08:09:56 - [TEST_STEP][PASSED] - a311 = ").trim(): Text of object 'Object Repository/Выручка в рублях/span12 Perc' is: '-53.69 %'

02-12-2024T08:09:57 - [MESSAGE][PASSED] - Text of object 'Object Repository/Выручка в рублях/span12 Perc' is: '-53.69 %'

02-12-2024T08:09:57 - [TEST_STEP][PASSED] - a312 = ").trim(): Text of object 'Object Repository/Выручка в рублях/span13 Perc' is: '2.27 %'

02-12-2024T08:09:57 - [MESSAGE][PASSED] - Text of object 'Object Repository/Выручка в рублях/span13 Perc' is: '2.27 %'

02-12-2024T08:09:57 - [TEST_STEP][PASSED] - a313 = ").trim(): Text of object 'Object Repository/Выручка в рублях/span14 Perc' is: '-9.49 %'

02-12-2024T08:09:57 - [MESSAGE][PASSED] - Text of object 'Object Repository/Выручка в рублях/span14 Perc' is: '-9.49 %'

02-12-2024T08:09:57 - [TEST_STEP][PASSED] - a314 = ").trim(): Text of object 'Object Repository/Выручка в рублях/span15 Perc' is: '-31.28 %'

02-12-2024T08:09:57 - [MESSAGE][PASSED] - Text of object 'Object Repository/Выручка в рублях/span15 Perc' is: '-31.28 %'

02-12-2024T08:09:57 - [TEST_STEP][PASSED] - a315 = ").trim(): Text of object 'Object Repository/Выручка в рублях/span16 Perc' is: '4.33 %'

02-12-2024T08:09:58 - [MESSAGE][PASSED] - Text of object 'Object Repository/Выручка в рублях/span16 Perc' is: '4.33 %'

02-12-2024T08:09:58 - [TEST_STEP][PASSED] - a316 = ").trim(): Text of object 'Object Repository/Выручка в рублях/span17 Perc' is: '-48.44 %'

02-12-2024T08:09:58 - [MESSAGE][PASSED] - Text of object 'Object Repository/Выручка в рублях/span17 Perc' is: '-48.44 %'

02-12-2024T08:09:58 - [TEST_STEP][PASSED] - if (vir == 1 || vir == 2): Text of object 'Object Repository/Выручка в рублях/span18 Perc' is: '4.04 %'

02-12-2024T08:09:58 - [TEST_STEP][PASSED] - a317 = ").trim(): Text of object 'Object Repository/Выручка в рублях/span18 Perc' is: '4.04 %'

02-12-2024T08:09:58 - [MESSAGE][PASSED] - Text of object 'Object Repository/Выручка в рублях/span18 Perc' is: '4.04 %'

02-12-2024T08:09:58 - [TEST_STEP][PASSED] - block = 2: null

02-12-2024T08:09:58 - [TEST_STEP][PASSED] - nameOfBlock = " Выручка": null

02-12-2024T08:09:58 - [TEST_STEP][PASSED] - Script1710234207206.PreSettings(run, vir, block, nameOfBlock, typeOfData, todaysDate): null

02-12-2024T08:09:58 - [TEST_STEP][PASSED] - openBrowser(""): Browser is opened with url: ''

02-12-2024T08:09:58 - [MESSAGE][WARNING] - A browser is already opened. Closing browser and opening a new one

02-12-2024T08:09:59 - [MESSAGE][INFO] - Starting 'Chrome' driver

02-12-2024T08:09:59 - [MESSAGE][INFO] - Action delay is set to 0 milliseconds

02-12-2024T08:09:59 - [MESSAGE][PASSED] - Browser is opened with url: ''

02-12-2024T08:09:59 - [TEST_STEP][PASSED] - refresh(): Refresh successfully

02-12-2024T08:09:59 - [MESSAGE][PASSED] - Refresh successfully

02-12-2024T08:09:59 - [TEST_STEP][PASSED] - delay(50): Delayed 50 second(s)

02-12-2024T08:10:49 - [MESSAGE][PASSED] - Delayed 50 second(s)

02-12-2024T08:10:49 - [TEST_STEP][PASSED] - println("run:" + run): null

02-12-2024T08:10:49 - [TEST_STEP][PASSED] - println("vir:" + vir): null

02-12-2024T08:10:49 - [TEST_STEP][PASSED] - println("block:" + block): null

02-12-2024T08:10:49 - [TEST_STEP][PASSED] - if (block == 1): null

02-12-2024T08:10:49 - [TEST_STEP][PASSED] - else: null

02-12-2024T08:10:49 - [TEST_STEP][PASSED] - nameOfBlock = " Выручка": null

02-12-2024T08:10:49 - [TEST_STEP][PASSED] - println("nameOfBlock:" + nameOfBlock): null

02-12-2024T08:10:49 - [TEST_STEP][PASSED] - println("typeOfData:" + typeOfData): null

02-12-2024T08:10:49 - [TEST_STEP][PASSED] - println("todaysDate:" + todaysDate): null

02-12-2024T08:10:49 - [TEST_STEP][PASSED] - Script1710234207206.Autorization(block, nameOfBlock): null

02-12-2024T08:10:49 - [TEST_STEP][PASSED] - i = <not implemented yet for class: org.codehaus.groovy.ast.expr.EmptyExpression>: null

02-12-2024T08:10:49 - [TEST_STEP][PASSED] - ii = <not implemented yet for class: org.codehaus.groovy.ast.expr.EmptyExpression>: null

02-12-2024T08:10:49 - [TEST_STEP][PASSED] - urlData = <not implemented yet for class: org.codehaus.groovy.ast.expr.EmptyExpression>: null

02-12-2024T08:10:49 - [TEST_STEP][PASSED] - searchWord = <not implemented yet for class: org.codehaus.groovy.ast.expr.EmptyExpression>: null

02-12-2024T08:10:49 - [TEST_STEP][PASSED] - urlText = <not implemented yet for class: org.codehaus.groovy.ast.expr.EmptyExpression>: null

02-12-2024T08:10:49 - [TEST_STEP][PASSED] - println("block:" + block): null

02-12-2024T08:10:49 - [TEST_STEP][PASSED] - if (block == 1): null

02-12-2024T08:10:49 - [TEST_STEP][PASSED] - else: null

02-12-2024T08:10:49 - [TEST_STEP][PASSED] - delay(45): Delayed 45 second(s)

02-12-2024T08:11:34 - [MESSAGE][PASSED] - Delayed 45 second(s)

02-12-2024T08:11:34 - [TEST_STEP][PASSED] - nameOfBlock = " Выручка": null

02-12-2024T08:11:34 - [TEST_STEP][PASSED] - println("nameOfBlock:" + nameOfBlock): null

02-12-2024T08:11:34 - [TEST_STEP][PASSED] - if (block == 1): null

02-12-2024T08:11:34 - [TEST_STEP][PASSED] - else: Delayed 45 second(s)

02-12-2024T08:11:34 - [TEST_STEP][PASSED] - urlData = 9: null

02-12-2024T08:11:34 - [TEST_STEP][PASSED] - delay(45): Delayed 45 second(s)

02-12-2024T08:12:20 - [MESSAGE][PASSED] - Delayed 45 second(s)

02-12-2024T08:12:20 - [TEST_STEP][PASSED] - navigateToUrl(findTestData("PlanFact").getValue(10, urlData)): Navigate to 'https://bi.rosseti.digital/viewer?dashboardGuid=a1fd28b3785d443cbc4d7690a1d78e31&sheetGuid=86092a20c5984827a0c87b24cac76a50&fit=true' successfully

02-12-2024T08:12:31 - [MESSAGE][PASSED] - Navigate to 'https://bi.rosseti.digital/viewer?dashboardGuid=a1fd28b3785d443cbc4d7690a1d78e31&sheetGuid=86092a20c5984827a0c87b24cac76a50&fit=true' successfully

02-12-2024T08:12:31 - [TEST_STEP][PASSED] - urlText = getText(findTestObject("Страница авторизации/Text")): Text of object 'Object Repository/Страница авторизации/Text' is: 'Вход'

02-12-2024T08:12:35 - [MESSAGE][PASSED] - Text of object 'Object Repository/Страница авторизации/Text' is: 'Вход'

02-12-2024T08:12:35 - [TEST_STEP][PASSED] - searchWord = "Вход": null

02-12-2024T08:12:35 - [TEST_STEP][PASSED] - if (urlText == null || urlText.contains("ошибка") || urlText.contains(searchWord) == false): null

02-12-2024T08:12:35 - [TEST_STEP][PASSED] - if (verifyElementPresent(findTestObject("Страница авторизации/button_"), 30) == true): null

02-12-2024T08:12:36 - [MESSAGE][PASSED] - Object 'Object Repository/Страница авторизации/button_' is present

02-12-2024T08:12:36 - [TEST_STEP][PASSED] - setText(findTestObject("Страница авторизации/input__username"), findTestData("PlanFact").getValue(8, 1)): Text 'liazgina-di' is set on object 'Object Repository/Страница авторизации/input__username'

02-12-2024T08:12:36 - [MESSAGE][PASSED] - Text 'liazgina-di' is set on object 'Object Repository/Страница авторизации/input__username'

02-12-2024T08:12:36 - [TEST_STEP][PASSED] - setText(findTestObject("Страница авторизации/input__password"), findTestData("PlanFact").getValue(9, 1)): Text ')$%5srZ8o688Dm#q' is set on object 'Object Repository/Страница авторизации/input__password'

02-12-2024T08:12:37 - [MESSAGE][PASSED] - Text ')$%5srZ8o688Dm#q' is set on object 'Object Repository/Страница авторизации/input__password'

02-12-2024T08:12:37 - [TEST_STEP][PASSED] - click(findTestObject("Страница авторизации/button_")): Object: 'Object Repository/Страница авторизации/button_' is clicked on

02-12-2024T08:12:39 - [MESSAGE][PASSED] - Object: 'Object Repository/Страница авторизации/button_' is clicked on

02-12-2024T08:12:39 - [TEST_STEP][PASSED] - delay(45): Delayed 45 second(s)

02-12-2024T08:13:24 - [MESSAGE][PASSED] - Delayed 45 second(s)

02-12-2024T08:13:24 - [TEST_STEP][PASSED] - urlText = getText(findTestObject("Страница авторизации/Text")): Text of object 'Object Repository/Страница авторизации/Text' is: 'Период
Январь, Февраль, Март, Апрель, Май, Июнь, Июль, Август, Сентябрь, Октябрь 2024 года
Выручка
Все
Выполнение плановых показателей по ПАО Россети за Январь, Февраль, Март, Апрель, Май, Июнь, Июль, Август, Сентябрь, Октябрь 2024 года
План
Факт
Динамика
2024 год
0 млн.руб.
100 000 млн.руб.
200 000 млн.руб.
300 000 млн.руб.
400 000 млн.руб.
500 000 млн.руб.
600 000 млн.руб.
700 000 млн.руб.
800 000 млн.руб.
900 000 млн.руб.
1 000 000 млн.руб.
1 100 000 млн.руб.
1 200 000 млн.руб.
1 300 000 млн.руб.
1 400 000 млн.руб.
1 180 677
1 181 459
↑
ДЗО 
Все
Подписи данных
⬤Отклонение
АО «Тываэнерго»
АО «Чеченэнерго»
Россети Волга
Россети Кубань
Россети Ленэнерго (ГК)
Россети Московский регион
Россети Северный Кавказ (ГК)
Россети Северо-Запад
Россети Сибирь (ГК)
Россети Томск
Россети Тюмень
Россети Урал (ГК)
Россети ФСК ЕЭС
Россети Центр
Россети Центр и Приволжье (ГК)
Россети Юг (ГК)
Россети Янтарь
-27 500 млн.руб.
-25 000 млн.руб.
-22 500 млн.руб.
-20 000 млн.руб.
-17 500 млн.руб.
-15 000 млн.руб.
-12 500 млн.руб.
-10 000 млн.руб.
-7 500 млн.руб.
-5 000 млн.руб.
-2 500 млн.руб.
0 млн.руб.
2 500 млн.руб.
5 000 млн.руб.
7 500 млн.руб.
10 000 млн.руб.
300
101
156
3 953
4 462
7 500
888
878
1 274
238
-5 106
1 955
-24 344
2 435
4 419
1 357
318
млн.
%
Выручка
Отклонение выручки (факт/план, млн. руб) 
ПАО Россети
782.4 млн.руб.
Статус данных
×
Просьба обратить внимание
Данные занесены не полностью
ВЫБРАННЫЕ ЗНАЧЕНИЯ ФИЛЬТРОВ
ДЗО | ПЕРИОД
ПАО Россети: [«Выбраны все филиалы по всем ДЗО по всем категориям»]
2024: [Янв, Фев, Мар, Апр, Май, Июн, Июл, Авг, Сен, Окт]
*Внутренний оборот'

02-12-2024T08:13:25 - [MESSAGE][PASSED] - Text of object 'Object Repository/Страница авторизации/Text' is: 'Период
Январь, Февраль, Март, Апрель, Май, Июнь, Июль, Август, Сентябрь, Октябрь 2024 года
Выручка
Все
Выполнение плановых показателей по ПАО Россети за Январь, Февраль, Март, Апрель, Май, Июнь, Июль, Август, Сентябрь, Октябрь 2024 года
План
Факт
Динамика
2024 год
0 млн.руб.
100 000 млн.руб.
200 000 млн.руб.
300 000 млн.руб.
400 000 млн.руб.
500 000 млн.руб.
600 000 млн.руб.
700 000 млн.руб.
800 000 млн.руб.
900 000 млн.руб.
1 000 000 млн.руб.
1 100 000 млн.руб.
1 200 000 млн.руб.
1 300 000 млн.руб.
1 400 000 млн.руб.
1 180 677
1 181 459
↑
ДЗО 
Все
Подписи данных
⬤Отклонение
АО «Тываэнерго»
АО «Чеченэнерго»
Россети Волга
Россети Кубань
Россети Ленэнерго (ГК)
Россети Московский регион
Россети Северный Кавказ (ГК)
Россети Северо-Запад
Россети Сибирь (ГК)
Россети Томск
Россети Тюмень
Россети Урал (ГК)
Россети ФСК ЕЭС
Россети Центр
Россети Центр и Приволжье (ГК)
Россети Юг (ГК)
Россети Янтарь
-27 500 млн.руб.
-25 000 млн.руб.
-22 500 млн.руб.
-20 000 млн.руб.
-17 500 млн.руб.
-15 000 млн.руб.
-12 500 млн.руб.
-10 000 млн.руб.
-7 500 млн.руб.
-5 000 млн.руб.
-2 500 млн.руб.
0 млн.руб.
2 500 млн.руб.
5 000 млн.руб.
7 500 млн.руб.
10 000 млн.руб.
300
101
156
3 953
4 462
7 500
888
878
1 274
238
-5 106
1 955
-24 344
2 435
4 419
1 357
318
млн.
%
Выручка
Отклонение выручки (факт/план, млн. руб) 
ПАО Россети
782.4 млн.руб.
Статус данных
×
Просьба обратить внимание
Данные занесены не полностью
ВЫБРАННЫЕ ЗНАЧЕНИЯ ФИЛЬТРОВ
ДЗО | ПЕРИОД
ПАО Россети: [«Выбраны все филиалы по всем ДЗО по всем категориям»]
2024: [Янв, Фев, Мар, Апр, Май, Июн, Июл, Авг, Сен, Окт]
*Внутренний оборот'

02-12-2024T08:13:25 - [TEST_STEP][PASSED] - searchWord = "а": null

02-12-2024T08:13:25 - [TEST_STEP][PASSED] - if (urlText.contains("ошибка") || urlText.contains(searchWord) == false): null

02-12-2024T08:13:25 - [TEST_STEP][PASSED] - delay(45): Delayed 45 second(s)

02-12-2024T08:14:10 - [MESSAGE][PASSED] - Delayed 45 second(s)

02-12-2024T08:14:10 - [TEST_STEP][PASSED] - if (block == 2): Delayed 50 second(s)

02-12-2024T08:14:10 - [TEST_STEP][PASSED] - opoveshenie = getText(findTestObject("Выручка в рублях/Просьба обратить внимание")): Text of object 'Object Repository/Выручка в рублях/Просьба обратить внимание' is: 'Просьба обратить внимание'

02-12-2024T08:14:11 - [MESSAGE][PASSED] - Text of object 'Object Repository/Выручка в рублях/Просьба обратить внимание' is: 'Просьба обратить внимание'

02-12-2024T08:14:11 - [TEST_STEP][PASSED] - if (opoveshenie == "Просьба обратить внимание"): Delayed 50 second(s)

02-12-2024T08:14:11 - [TEST_STEP][PASSED] - click(findTestObject("Выручка в рублях/Закрыть оповещение")): Object: 'Object Repository/Выручка в рублях/Закрыть оповещение' is clicked on

02-12-2024T08:14:11 - [MESSAGE][PASSED] - Object: 'Object Repository/Выручка в рублях/Закрыть оповещение' is clicked on

02-12-2024T08:14:11 - [TEST_STEP][PASSED] - delay(50): Delayed 50 second(s)

02-12-2024T08:15:01 - [MESSAGE][PASSED] - Delayed 50 second(s)

02-12-2024T08:15:01 - [TEST_STEP][PASSED] - click(findTestObject("Выручка в рублях/Фильтр Период" + nameOfBlock)): Object: 'Object Repository/Выручка в рублях/Фильтр Период Выручка' is clicked on

02-12-2024T08:15:01 - [MESSAGE][PASSED] - Object: 'Object Repository/Выручка в рублях/Фильтр Период Выручка' is clicked on

02-12-2024T08:15:01 - [TEST_STEP][PASSED] - click(findTestObject("Выручка в рублях/Снять выделение в фильтре Дата" + nameOfBlock)): Object: 'Object Repository/Выручка в рублях/Снять выделение в фильтре Дата Выручка' is clicked on

02-12-2024T08:15:02 - [MESSAGE][PASSED] - Object: 'Object Repository/Выручка в рублях/Снять выделение в фильтре Дата Выручка' is clicked on

02-12-2024T08:15:02 - [TEST_STEP][PASSED] - click(findTestObject("Выручка в рублях/Применить в фильтре Дата" + nameOfBlock)): Object: 'Object Repository/Выручка в рублях/Применить в фильтре Дата Выручка' is clicked on

02-12-2024T08:15:02 - [MESSAGE][PASSED] - Object: 'Object Repository/Выручка в рублях/Применить в фильтре Дата Выручка' is clicked on

02-12-2024T08:15:02 - [TEST_STEP][PASSED] - delay(50): Delayed 50 second(s)

02-12-2024T08:15:52 - [MESSAGE][PASSED] - Delayed 50 second(s)

02-12-2024T08:15:52 - [TEST_STEP][PASSED] - click(findTestObject("Выручка в рублях/Фильтр Период" + nameOfBlock)): Object: 'Object Repository/Выручка в рублях/Фильтр Период Выручка' is clicked on

02-12-2024T08:15:53 - [MESSAGE][PASSED] - Object: 'Object Repository/Выручка в рублях/Фильтр Период Выручка' is clicked on

02-12-2024T08:15:53 - [TEST_STEP][PASSED] - click(findTestObject("Выручка в рублях/Снять выделение в фильтре Дата" + nameOfBlock)): Object: 'Object Repository/Выручка в рублях/Снять выделение в фильтре Дата Выручка' is clicked on

02-12-2024T08:15:53 - [MESSAGE][PASSED] - Object: 'Object Repository/Выручка в рублях/Снять выделение в фильтре Дата Выручка' is clicked on

02-12-2024T08:15:53 - [TEST_STEP][PASSED] - scrollToElement(findTestObject("Выручка в рублях/2024 список" + nameOfBlock), 30): Scroll to object 'Object Repository/Выручка в рублях/2024 список Выручка' successfully

02-12-2024T08:15:54 - [MESSAGE][PASSED] - Scroll to object 'Object Repository/Выручка в рублях/2024 список Выручка' successfully

02-12-2024T08:15:54 - [TEST_STEP][PASSED] - click(findTestObject("Выручка в рублях/2024 список" + nameOfBlock)): Object: 'Object Repository/Выручка в рублях/2024 список Выручка' is clicked on

02-12-2024T08:15:54 - [MESSAGE][PASSED] - Object: 'Object Repository/Выручка в рублях/2024 список Выручка' is clicked on

02-12-2024T08:15:54 - [TEST_STEP][PASSED] - scrollToElement(findTestObject("Выручка в рублях/1 квартал 2024 выбрать" + nameOfBlock), 30): Scroll to object 'Object Repository/Выручка в рублях/1 квартал 2024 выбрать Выручка' successfully

02-12-2024T08:15:54 - [MESSAGE][PASSED] - Scroll to object 'Object Repository/Выручка в рублях/1 квартал 2024 выбрать Выручка' successfully

02-12-2024T08:15:54 - [TEST_STEP][PASSED] - click(findTestObject("Выручка в рублях/1 квартал 2024 выбрать" + nameOfBlock)): Object: 'Object Repository/Выручка в рублях/1 квартал 2024 выбрать Выручка' is clicked on

02-12-2024T08:15:55 - [MESSAGE][PASSED] - Object: 'Object Repository/Выручка в рублях/1 квартал 2024 выбрать Выручка' is clicked on

02-12-2024T08:15:55 - [TEST_STEP][PASSED] - scrollToElement(findTestObject("Выручка в рублях/2 квартал 2024 выбрать" + nameOfBlock), 30): Scroll to object 'Object Repository/Выручка в рублях/2 квартал 2024 выбрать Выручка' successfully

02-12-2024T08:15:55 - [MESSAGE][PASSED] - Scroll to object 'Object Repository/Выручка в рублях/2 квартал 2024 выбрать Выручка' successfully

02-12-2024T08:15:55 - [TEST_STEP][PASSED] - click(findTestObject("Выручка в рублях/2 квартал 2024 выбрать" + nameOfBlock)): Object: 'Object Repository/Выручка в рублях/2 квартал 2024 выбрать Выручка' is clicked on

02-12-2024T08:15:55 - [MESSAGE][PASSED] - Object: 'Object Repository/Выручка в рублях/2 квартал 2024 выбрать Выручка' is clicked on

02-12-2024T08:15:55 - [TEST_STEP][PASSED] - scrollToElement(findTestObject("Выручка в рублях/3 квартал 2024 список" + nameOfBlock), 30): Scroll to object 'Object Repository/Выручка в рублях/3 квартал 2024 список Выручка' successfully

02-12-2024T08:15:56 - [MESSAGE][PASSED] - Scroll to object 'Object Repository/Выручка в рублях/3 квартал 2024 список Выручка' successfully

02-12-2024T08:15:56 - [TEST_STEP][PASSED] - click(findTestObject("Выручка в рублях/3 квартал 2024" + nameOfBlock)): Object: 'Object Repository/Выручка в рублях/3 квартал 2024 Выручка' is clicked on

02-12-2024T08:15:56 - [MESSAGE][PASSED] - Object: 'Object Repository/Выручка в рублях/3 квартал 2024 Выручка' is clicked on

02-12-2024T08:15:56 - [TEST_STEP][PASSED] - scrollToElement(findTestObject("Выручка в рублях/4 квартал 2024 список" + nameOfBlock), 30): Scroll to object 'Object Repository/Выручка в рублях/4 квартал 2024 список Выручка' successfully

02-12-2024T08:15:57 - [MESSAGE][PASSED] - Scroll to object 'Object Repository/Выручка в рублях/4 квартал 2024 список Выручка' successfully

02-12-2024T08:15:57 - [TEST_STEP][PASSED] - click(findTestObject("Выручка в рублях/4 квартал 2024 список" + nameOfBlock)): Object: 'Object Repository/Выручка в рублях/4 квартал 2024 список Выручка' is clicked on

02-12-2024T08:15:57 - [MESSAGE][PASSED] - Object: 'Object Repository/Выручка в рублях/4 квартал 2024 список Выручка' is clicked on

02-12-2024T08:15:57 - [TEST_STEP][PASSED] - scrollToElement(findTestObject("Выручка в рублях/Октябрь 2024" + nameOfBlock), 30): Scroll to object 'Object Repository/Выручка в рублях/Октябрь 2024 Выручка' successfully

02-12-2024T08:15:57 - [MESSAGE][PASSED] - Scroll to object 'Object Repository/Выручка в рублях/Октябрь 2024 Выручка' successfully

02-12-2024T08:15:57 - [TEST_STEP][PASSED] - click(findTestObject("Выручка в рублях/Октябрь 2024" + nameOfBlock)): Object: 'Object Repository/Выручка в рублях/Октябрь 2024 Выручка' is clicked on

02-12-2024T08:15:58 - [MESSAGE][PASSED] - Object: 'Object Repository/Выручка в рублях/Октябрь 2024 Выручка' is clicked on

02-12-2024T08:15:58 - [TEST_STEP][PASSED] - scrollToElement(findTestObject("Выручка в рублях/Заголовок дашборда" + nameOfBlock), 30): Scroll to object 'Object Repository/Выручка в рублях/Заголовок дашборда Выручка' successfully

02-12-2024T08:15:58 - [MESSAGE][PASSED] - Scroll to object 'Object Repository/Выручка в рублях/Заголовок дашборда Выручка' successfully

02-12-2024T08:15:58 - [TEST_STEP][PASSED] - click(findTestObject("Выручка в рублях/Применить в фильтре Дата" + nameOfBlock)): Object: 'Object Repository/Выручка в рублях/Применить в фильтре Дата Выручка' is clicked on

02-12-2024T08:15:59 - [MESSAGE][PASSED] - Object: 'Object Repository/Выручка в рублях/Применить в фильтре Дата Выручка' is clicked on

02-12-2024T08:15:59 - [TEST_STEP][PASSED] - delay(55): Delayed 55 second(s)

02-12-2024T08:16:54 - [MESSAGE][PASSED] - Delayed 55 second(s)

02-12-2024T08:16:54 - [TEST_STEP][PASSED] - click(findTestObject("Выручка в рублях/Фильтр ДЗО" + nameOfBlock)): Object: 'Object Repository/Выручка в рублях/Фильтр ДЗО Выручка' is clicked on

02-12-2024T08:16:54 - [MESSAGE][PASSED] - Object: 'Object Repository/Выручка в рублях/Фильтр ДЗО Выручка' is clicked on

02-12-2024T08:16:54 - [TEST_STEP][PASSED] - click(findTestObject("Выручка в рублях/Снять выделение в фильтре ДЗО" + nameOfBlock)): Object: 'Object Repository/Выручка в рублях/Снять выделение в фильтре ДЗО Выручка' is clicked on

02-12-2024T08:16:55 - [MESSAGE][PASSED] - Object: 'Object Repository/Выручка в рублях/Снять выделение в фильтре ДЗО Выручка' is clicked on

02-12-2024T08:16:55 - [TEST_STEP][PASSED] - click(findTestObject("Выручка в рублях/Применить в фильтре ДЗО" + nameOfBlock)): Object: 'Object Repository/Выручка в рублях/Применить в фильтре ДЗО Выручка' is clicked on

02-12-2024T08:16:55 - [MESSAGE][PASSED] - Object: 'Object Repository/Выручка в рублях/Применить в фильтре ДЗО Выручка' is clicked on

02-12-2024T08:16:55 - [TEST_STEP][PASSED] - delay(50): Delayed 50 second(s)

02-12-2024T08:17:45 - [MESSAGE][PASSED] - Delayed 50 second(s)

02-12-2024T08:17:45 - [TEST_STEP][PASSED] - Script1710234207206.Tumbler(run, vir, block, nameOfBlock): null

02-12-2024T08:17:45 - [TEST_STEP][PASSED] - println("run:" + run): null

02-12-2024T08:17:45 - [TEST_STEP][PASSED] - println("vir:" + vir): null

02-12-2024T08:17:45 - [TEST_STEP][PASSED] - println("block:" + block): null

02-12-2024T08:17:45 - [TEST_STEP][PASSED] - println("nameOfBlock:" + nameOfBlock): null

02-12-2024T08:17:45 - [TEST_STEP][PASSED] - if (vir == 1): null

02-12-2024T08:17:45 - [TEST_STEP][PASSED] - else if (vir == 2): Object: 'Object Repository/Выручка в рублях/Применить в фильтре Выручка Выручка' is clicked on

02-12-2024T08:17:45 - [TEST_STEP][PASSED] - if (run == 2): Object: 'Object Repository/Выручка в рублях/Переключить отображение с млн на проценты Выручка в рублях Выручка' is clicked on

02-12-2024T08:17:45 - [TEST_STEP][PASSED] - click(findTestObject("Выручка в рублях/Переключить отображение с млн на проценты Выручка в рублях" + nameOfBlock)): Object: 'Object Repository/Выручка в рублях/Переключить отображение с млн на проценты Выручка в рублях Выручка' is clicked on

02-12-2024T08:17:46 - [MESSAGE][PASSED] - Object: 'Object Repository/Выручка в рублях/Переключить отображение с млн на проценты Выручка в рублях Выручка' is clicked on

02-12-2024T08:17:46 - [TEST_STEP][PASSED] - click(findTestObject("Выручка в рублях/Фильтр Выручка" + nameOfBlock)): Object: 'Object Repository/Выручка в рублях/Фильтр Выручка Выручка' is clicked on

02-12-2024T08:17:46 - [MESSAGE][PASSED] - Object: 'Object Repository/Выручка в рублях/Фильтр Выручка Выручка' is clicked on

02-12-2024T08:17:46 - [TEST_STEP][PASSED] - click(findTestObject("Выручка в рублях/Итого в фильтре Выручка" + nameOfBlock)): Object: 'Object Repository/Выручка в рублях/Итого в фильтре Выручка Выручка' is clicked on

02-12-2024T08:17:47 - [MESSAGE][PASSED] - Object: 'Object Repository/Выручка в рублях/Итого в фильтре Выручка Выручка' is clicked on

02-12-2024T08:17:47 - [TEST_STEP][PASSED] - click(findTestObject("Выручка в рублях/Применить в фильтре Выручка" + nameOfBlock)): Object: 'Object Repository/Выручка в рублях/Применить в фильтре Выручка Выручка' is clicked on

02-12-2024T08:17:47 - [MESSAGE][PASSED] - Object: 'Object Repository/Выручка в рублях/Применить в фильтре Выручка Выручка' is clicked on

02-12-2024T08:17:47 - [TEST_STEP][PASSED] - click(findTestObject("Выручка в рублях/Фильтр ДЗО" + nameOfBlock)): Object: 'Object Repository/Выручка в рублях/Фильтр ДЗО Выручка' is clicked on

02-12-2024T08:17:50 - [MESSAGE][PASSED] - Object: 'Object Repository/Выручка в рублях/Фильтр ДЗО Выручка' is clicked on

02-12-2024T08:17:50 - [TEST_STEP][PASSED] - Script1710234207206.Rosseti(nameOfBlock): null

02-12-2024T08:17:50 - [TEST_STEP][PASSED] - println("nameOfBlock:" + nameOfBlock): null

02-12-2024T08:17:50 - [TEST_STEP][PASSED] - click(findTestObject("Выручка в рублях/ПАО Россети" + nameOfBlock)): Object: 'Object Repository/Выручка в рублях/ПАО Россети Выручка' is clicked on

02-12-2024T08:17:50 - [MESSAGE][PASSED] - Object: 'Object Repository/Выручка в рублях/ПАО Россети Выручка' is clicked on

02-12-2024T08:17:50 - [TEST_STEP][PASSED] - click(findTestObject("Выручка в рублях/Применить в фильтре ДЗО" + nameOfBlock)): Object: 'Object Repository/Выручка в рублях/Применить в фильтре ДЗО Выручка' is clicked on

02-12-2024T08:17:51 - [MESSAGE][PASSED] - Object: 'Object Repository/Выручка в рублях/Применить в фильтре ДЗО Выручка' is clicked on

02-12-2024T08:17:51 - [TEST_STEP][PASSED] - if (vir == 1 || vir == 2): Text of object 'Object Repository/Выручка в рублях/График План Выручка' is: '1 160 716'

02-12-2024T08:17:51 - [TEST_STEP][PASSED] - b1 = getText(findTestObject("Выручка в рублях/График План Выручка")): Text of object 'Object Repository/Выручка в рублях/График План Выручка' is: '1 160 716'

02-12-2024T08:17:53 - [MESSAGE][PASSED] - Text of object 'Object Repository/Выручка в рублях/График План Выручка' is: '1 160 716'

02-12-2024T08:17:53 - [TEST_STEP][PASSED] - if (vir == 1 || vir == 2): Text of object 'Object Repository/Выручка в рублях/График Факт Выручка' is: '1 160 805'

02-12-2024T08:17:53 - [TEST_STEP][PASSED] - b2 = getText(findTestObject("Выручка в рублях/График Факт Выручка")): Text of object 'Object Repository/Выручка в рублях/График Факт Выручка' is: '1 160 805'

02-12-2024T08:17:53 - [MESSAGE][PASSED] - Text of object 'Object Repository/Выручка в рублях/График Факт Выручка' is: '1 160 805'

02-12-2024T08:17:53 - [TEST_STEP][PASSED] - b30 = getText(findTestObject("Выручка в рублях/span1" + perc)): Text of object 'Object Repository/Выручка в рублях/span1 Perc' is: '0.01 %'

02-12-2024T08:17:54 - [MESSAGE][PASSED] - Text of object 'Object Repository/Выручка в рублях/span1 Perc' is: '0.01 %'

02-12-2024T08:17:54 - [TEST_STEP][PASSED] - i = b30.indexOf("млн.руб."): null

02-12-2024T08:17:54 - [TEST_STEP][PASSED] - if (i > -1): null

02-12-2024T08:17:54 - [TEST_STEP][PASSED] - if (b30.contains("%")): null

02-12-2024T08:17:54 - [TEST_STEP][PASSED] - b30 = b30.replaceAll("%", ""): null

02-12-2024T08:17:54 - [TEST_STEP][PASSED] - b30 = ").trim(): null

02-12-2024T08:17:54 - [TEST_STEP][PASSED] - println("b30: " + b30): null

02-12-2024T08:17:54 - [TEST_STEP][PASSED] - if (vir == 1 || vir == 2): Text of object 'Object Repository/Выручка в рублях/span2 Perc' is: '310.93 %'

02-12-2024T08:17:54 - [TEST_STEP][PASSED] - b31 = ").trim(): Text of object 'Object Repository/Выручка в рублях/span2 Perc' is: '310.93 %'

02-12-2024T08:17:54 - [MESSAGE][PASSED] - Text of object 'Object Repository/Выручка в рублях/span2 Perc' is: '310.93 %'

02-12-2024T08:17:54 - [TEST_STEP][PASSED] - if (vir == 1 || vir == 2): Text of object 'Object Repository/Выручка в рублях/span3 Perc' is: '-45.65 %'

02-12-2024T08:17:54 - [TEST_STEP][PASSED] - b32 = ").trim(): Text of object 'Object Repository/Выручка в рублях/span3 Perc' is: '-45.65 %'

02-12-2024T08:17:54 - [MESSAGE][PASSED] - Text of object 'Object Repository/Выручка в рублях/span3 Perc' is: '-45.65 %'

02-12-2024T08:17:54 - [TEST_STEP][PASSED] - if (vir == 1 || vir == 2): Text of object 'Object Repository/Выручка в рублях/span8 Perc' is: '2.26 %'

02-12-2024T08:17:54 - [TEST_STEP][PASSED] - b33 = ").trim(): Text of object 'Object Repository/Выручка в рублях/span4 Perc' is: '0.24 %'

02-12-2024T08:17:54 - [MESSAGE][PASSED] - Text of object 'Object Repository/Выручка в рублях/span4 Perc' is: '0.24 %'

02-12-2024T08:17:54 - [TEST_STEP][PASSED] - b34 = ").trim(): Text of object 'Object Repository/Выручка в рублях/span5 Perc' is: '6.32 %'

02-12-2024T08:17:55 - [MESSAGE][PASSED] - Text of object 'Object Repository/Выручка в рублях/span5 Perc' is: '6.32 %'

02-12-2024T08:17:55 - [TEST_STEP][PASSED] - b35 = ").trim(): Text of object 'Object Repository/Выручка в рублях/span6 Perc' is: '5.38 %'

02-12-2024T08:17:55 - [MESSAGE][PASSED] - Text of object 'Object Repository/Выручка в рублях/span6 Perc' is: '5.38 %'

02-12-2024T08:17:55 - [TEST_STEP][PASSED] - b36 = ").trim(): Text of object 'Object Repository/Выручка в рублях/span7 Perc' is: '4.39 %'

02-12-2024T08:17:55 - [MESSAGE][PASSED] - Text of object 'Object Repository/Выручка в рублях/span7 Perc' is: '4.39 %'

02-12-2024T08:17:55 - [TEST_STEP][PASSED] - b37 = ").trim(): Text of object 'Object Repository/Выручка в рублях/span8 Perc' is: '2.26 %'

02-12-2024T08:17:56 - [MESSAGE][PASSED] - Text of object 'Object Repository/Выручка в рублях/span8 Perc' is: '2.26 %'

02-12-2024T08:17:56 - [TEST_STEP][PASSED] - if (vir == 1 || vir == 2): Text of object 'Object Repository/Выручка в рублях/span17 Perc' is: '3.11 %'

02-12-2024T08:17:56 - [TEST_STEP][PASSED] - b38 = ").trim(): Text of object 'Object Repository/Выручка в рублях/span9 Perc' is: '2.01 %'

02-12-2024T08:17:56 - [MESSAGE][PASSED] - Text of object 'Object Repository/Выручка в рублях/span9 Perc' is: '2.01 %'

02-12-2024T08:17:56 - [TEST_STEP][PASSED] - b39 = ").trim(): Text of object 'Object Repository/Выручка в рублях/span10 Perc' is: '2.23 %'

02-12-2024T08:17:56 - [MESSAGE][PASSED] - Text of object 'Object Repository/Выручка в рублях/span10 Perc' is: '2.23 %'

02-12-2024T08:17:56 - [TEST_STEP][PASSED] - b310 = ").trim(): Text of object 'Object Repository/Выручка в рублях/span11 Perc' is: '3.06 %'

02-12-2024T08:17:56 - [MESSAGE][PASSED] - Text of object 'Object Repository/Выручка в рублях/span11 Perc' is: '3.06 %'

02-12-2024T08:17:56 - [TEST_STEP][PASSED] - b311 = ").trim(): Text of object 'Object Repository/Выручка в рублях/span12 Perc' is: '-7.39 %'

02-12-2024T08:17:57 - [MESSAGE][PASSED] - Text of object 'Object Repository/Выручка в рублях/span12 Perc' is: '-7.39 %'

02-12-2024T08:17:57 - [TEST_STEP][PASSED] - b312 = ").trim(): Text of object 'Object Repository/Выручка в рублях/span13 Perc' is: '2.27 %'

02-12-2024T08:17:57 - [MESSAGE][PASSED] - Text of object 'Object Repository/Выручка в рублях/span13 Perc' is: '2.27 %'

02-12-2024T08:17:57 - [TEST_STEP][PASSED] - b313 = ").trim(): Text of object 'Object Repository/Выручка в рублях/span14 Perc' is: '-9.49 %'

02-12-2024T08:17:57 - [MESSAGE][PASSED] - Text of object 'Object Repository/Выручка в рублях/span14 Perc' is: '-9.49 %'

02-12-2024T08:17:57 - [TEST_STEP][PASSED] - b314 = ").trim(): Text of object 'Object Repository/Выручка в рублях/span15 Perc' is: '2.55 %'

02-12-2024T08:17:58 - [MESSAGE][PASSED] - Text of object 'Object Repository/Выручка в рублях/span15 Perc' is: '2.55 %'

02-12-2024T08:17:58 - [TEST_STEP][PASSED] - b315 = ").trim(): Text of object 'Object Repository/Выручка в рублях/span16 Perc' is: '4.33 %'

02-12-2024T08:17:58 - [MESSAGE][PASSED] - Text of object 'Object Repository/Выручка в рублях/span16 Perc' is: '4.33 %'

02-12-2024T08:17:58 - [TEST_STEP][PASSED] - b316 = ").trim(): Text of object 'Object Repository/Выручка в рублях/span17 Perc' is: '3.11 %'

02-12-2024T08:17:58 - [MESSAGE][PASSED] - Text of object 'Object Repository/Выручка в рублях/span17 Perc' is: '3.11 %'

02-12-2024T08:17:58 - [TEST_STEP][PASSED] - if (vir == 1 || vir == 2): Text of object 'Object Repository/Выручка в рублях/span18 Perc' is: '4.04 %'

02-12-2024T08:17:58 - [TEST_STEP][PASSED] - b317 = ").trim(): Text of object 'Object Repository/Выручка в рублях/span18 Perc' is: '4.04 %'

02-12-2024T08:17:59 - [MESSAGE][PASSED] - Text of object 'Object Repository/Выручка в рублях/span18 Perc' is: '4.04 %'

02-12-2024T08:17:59 - [TEST_STEP][PASSED] - dZO = "ПАО Россети": null

02-12-2024T08:17:59 - [TEST_STEP][PASSED] - if (verifyEqual(a1, b1) == false): Actual object '1 160 716' and expected object '1 160 716' are equal

02-12-2024T08:17:59 - [MESSAGE][PASSED] - Actual object '1 160 716' and expected object '1 160 716' are equal

02-12-2024T08:17:59 - [TEST_STEP][PASSED] - if (verifyEqual(a2, b2) == false): Actual object '1 160 805' and expected object '1 160 805' are equal

02-12-2024T08:17:59 - [MESSAGE][PASSED] - Actual object '1 160 805' and expected object '1 160 805' are equal

02-12-2024T08:17:59 - [TEST_STEP][PASSED] - vidget = "Отклонения": null

02-12-2024T08:17:59 - [TEST_STEP][FAILED] - if (verifyEqual(a30, b30) == false): null

02-12-2024T08:17:59 - [MESSAGE][FAILED] - Unable to verify equal between actual object '-25.07' and expected object '0.01' (Root cause: com.kms.katalon.core.exception.StepFailedException: Actual object '-25.07' and expected object '0.01' are not equal
	at com.kms.katalon.core.keyword.builtin.VerifyEqualKeyword$_verifyEqual_closure1.doCall(VerifyEqualKeyword.groovy:58)
	at com.kms.katalon.core.keyword.builtin.VerifyEqualKeyword$_verifyEqual_closure1.call(VerifyEqualKeyword.groovy)
	at com.kms.katalon.core.keyword.internal.KeywordMain.runKeyword(KeywordMain.groovy:75)
	at com.kms.katalon.core.keyword.builtin.VerifyEqualKeyword.verifyEqual(VerifyEqualKeyword.groovy:63)
	at com.kms.katalon.core.keyword.builtin.VerifyEqualKeyword.execute(VerifyEqualKeyword.groovy:44)
	at com.kms.katalon.core.keyword.internal.KeywordExecutor.executeKeywordForPlatform(KeywordExecutor.groovy:74)
	at com.kms.katalon.core.keyword.BuiltinKeywords.verifyEqual(BuiltinKeywords.groovy:146)
	at jdk.internal.reflect.GeneratedMethodAccessor25.invoke(Unknown Source)
	at java.base/jdk.internal.reflect.DelegatingMethodAccessorImpl.invoke(DelegatingMethodAccessorImpl.java:43)
	at Выручка в рублях сверка дашбордов ПАО Россети.Blocks(Выручка в рублях сверка дашбордов ПАО Россети:357)
	at Выручка в рублях сверка дашбордов ПАО Россети.ViruchkaChange(Выручка в рублях сверка дашбордов ПАО Россети:60)
	at Выручка в рублях сверка дашбордов ПАО Россети.run(Выручка в рублях сверка дашбордов ПАО Россети:55)
	at com.kms.katalon.core.main.ScriptEngine.run(ScriptEngine.java:194)
	at com.kms.katalon.core.main.ScriptEngine.runScriptAsRawText(ScriptEngine.java:119)
	at com.kms.katalon.core.main.TestCaseExecutor.runScript(TestCaseExecutor.java:448)
	at com.kms.katalon.core.main.TestCaseExecutor.doExecute(TestCaseExecutor.java:439)
	at com.kms.katalon.core.main.TestCaseExecutor.processExecutionPhase(TestCaseExecutor.java:418)
	at com.kms.katalon.core.main.TestCaseExecutor.accessMainPhase(TestCaseExecutor.java:410)
	at com.kms.katalon.core.main.TestCaseExecutor.execute(TestCaseExecutor.java:285)
	at com.kms.katalon.core.common.CommonExecutor.accessTestCaseMainPhase(CommonExecutor.java:65)
	at com.kms.katalon.core.main.TestSuiteExecutor.accessTestSuiteMainPhase(TestSuiteExecutor.java:150)
	at com.kms.katalon.core.main.TestSuiteExecutor.execute(TestSuiteExecutor.java:106)
	at com.kms.katalon.core.main.TestCaseMain.startTestSuite(TestCaseMain.java:180)
	at TempTestSuite1733111659562.run(TempTestSuite1733111659562.groovy:35)
	at java.base/jdk.internal.reflect.NativeMethodAccessorImpl.invoke0(Native Method)
	at java.base/jdk.internal.reflect.NativeMethodAccessorImpl.invoke(NativeMethodAccessorImpl.java:77)
	at java.base/jdk.internal.reflect.DelegatingMethodAccessorImpl.invoke(DelegatingMethodAccessorImpl.java:43)
)

02-12-2024T08:17:59 - [TEST_STEP][PASSED] - a = replaceAll("\s+", "").toDouble(): null

02-12-2024T08:17:59 - [TEST_STEP][PASSED] - b = replaceAll("\s+", "").toDouble(): null

02-12-2024T08:17:59 - [TEST_STEP][PASSED] - Script1710234207206.WriteToExcel(todaysDate, run, vir, block, typeOfData, viruchka, vidget, nameOfBlock, a, b, dZO): null

02-12-2024T08:17:59 - [TEST_STEP][PASSED] - println(run): null

02-12-2024T08:17:59 - [TEST_STEP][PASSED] - if (run == 1): null

02-12-2024T08:17:59 - [TEST_STEP][PASSED] - else if (run == 2): null

02-12-2024T08:17:59 - [TEST_STEP][PASSED] - typeOfData = "Проценты": null

02-12-2024T08:17:59 - [TEST_STEP][PASSED] - println("todaysDate:" + todaysDate): null

02-12-2024T08:17:59 - [TEST_STEP][PASSED] - println("typeOfData:" + typeOfData): null

02-12-2024T08:17:59 - [TEST_STEP][PASSED] - viruchka = getText(findTestObject("Выручка в рублях/Фильтр Выручка" + nameOfBlock)): Text of object 'Object Repository/Выручка в рублях/Фильтр Выручка Выручка' is: 'ПЕРЕДАЧА ЭЛЕКТРОЭНЕРГИИ (ИТОГО, по всем видам тарифа)'

02-12-2024T08:17:59 - [MESSAGE][PASSED] - Text of object 'Object Repository/Выручка в рублях/Фильтр Выручка Выручка' is: 'ПЕРЕДАЧА ЭЛЕКТРОЭНЕРГИИ (ИТОГО, по всем видам тарифа)'

02-12-2024T08:17:59 - [TEST_STEP][PASSED] - println("viruchka" + viruchka): null

02-12-2024T08:17:59 - [TEST_STEP][PASSED] - println("vidget" + vidget): null

02-12-2024T08:17:59 - [TEST_STEP][PASSED] - println("a" + a): null

02-12-2024T08:17:59 - [TEST_STEP][PASSED] - println("b" + b): null

02-12-2024T08:17:59 - [TEST_STEP][PASSED] - sheetName = "Sheet1": null

02-12-2024T08:17:59 - [TEST_STEP][PASSED] - data = findTestData("PlanFact"): null

02-12-2024T08:17:59 - [TEST_STEP][PASSED] - n = data.getRowNumbers() + 1: null

02-12-2024T08:17:59 - [TEST_STEP][PASSED] - period = getText(findTestObject("Выручка в рублях/Фильтр Период")): Text of object 'Object Repository/Выручка в рублях/Фильтр Период' is: 'Октябрь и 1, 2, 3 кв. 2024 года'

02-12-2024T08:17:59 - [MESSAGE][PASSED] - Text of object 'Object Repository/Выручка в рублях/Фильтр Период' is: 'Октябрь и 1, 2, 3 кв. 2024 года'

02-12-2024T08:17:59 - [TEST_STEP][PASSED] - println(period): null

02-12-2024T08:17:59 - [TEST_STEP][PASSED] - dashboardName = "Выручка в рублях": null

02-12-2024T08:17:59 - [TEST_STEP][PASSED] - workbook01 = getWorkbook(excelFilePath): null

02-12-2024T08:17:59 - [TEST_STEP][PASSED] - sheet01 = getExcelSheet(workbook01, sheetName): null

02-12-2024T08:17:59 - [TEST_STEP][PASSED] - setValueToCellByIndex(sheet01, n, 0, dashboardName): null

02-12-2024T08:17:59 - [TEST_STEP][PASSED] - setValueToCellByIndex(sheet01, n, 1, dZO): null

02-12-2024T08:17:59 - [TEST_STEP][PASSED] - setValueToCellByIndex(sheet01, n, 2, vidget): null

02-12-2024T08:17:59 - [TEST_STEP][PASSED] - setValueToCellByIndex(sheet01, n, 3, viruchka): null

02-12-2024T08:17:59 - [TEST_STEP][PASSED] - setValueToCellByIndex(sheet01, n, 4, typeOfData): null

02-12-2024T08:17:59 - [TEST_STEP][PASSED] - if (a == null): null

02-12-2024T08:17:59 - [TEST_STEP][PASSED] - else: null

02-12-2024T08:17:59 - [TEST_STEP][PASSED] - setValueToCellByIndex(sheet01, n, 5, a): null

02-12-2024T08:17:59 - [TEST_STEP][PASSED] - if (b == null): null

02-12-2024T08:17:59 - [TEST_STEP][PASSED] - else: null

02-12-2024T08:17:59 - [TEST_STEP][PASSED] - setValueToCellByIndex(sheet01, n, 6, b): null

02-12-2024T08:17:59 - [TEST_STEP][PASSED] - setValueToCellByIndex(sheet01, n, 7, period): null

02-12-2024T08:17:59 - [TEST_STEP][PASSED] - setValueToCellByIndex(sheet01, n, 8, todaysDate): null

02-12-2024T08:17:59 - [TEST_STEP][PASSED] - n = n + 1: null

02-12-2024T08:17:59 - [TEST_STEP][PASSED] - saveWorkbook(excelFilePath, workbook01): null

02-12-2024T08:18:00 - [TEST_STEP][PASSED] - dZO = "АО «Тываэнерго»": null

02-12-2024T08:18:00 - [TEST_STEP][PASSED] - if (verifyEqual(a31, b31) == false): Actual object '310.93' and expected object '310.93' are equal

02-12-2024T08:18:00 - [MESSAGE][PASSED] - Actual object '310.93' and expected object '310.93' are equal

02-12-2024T08:18:00 - [TEST_STEP][PASSED] - dZO = "АО «Чеченэнерго»": null

02-12-2024T08:18:00 - [TEST_STEP][FAILED] - if (verifyEqual(a32, b32) == false): null

02-12-2024T08:18:00 - [MESSAGE][FAILED] - Unable to verify equal between actual object '-72.82' and expected object '-45.65' (Root cause: com.kms.katalon.core.exception.StepFailedException: Actual object '-72.82' and expected object '-45.65' are not equal
	at com.kms.katalon.core.keyword.builtin.VerifyEqualKeyword$_verifyEqual_closure1.doCall(VerifyEqualKeyword.groovy:58)
	at com.kms.katalon.core.keyword.builtin.VerifyEqualKeyword$_verifyEqual_closure1.call(VerifyEqualKeyword.groovy)
	at com.kms.katalon.core.keyword.internal.KeywordMain.runKeyword(KeywordMain.groovy:75)
	at com.kms.katalon.core.keyword.builtin.VerifyEqualKeyword.verifyEqual(VerifyEqualKeyword.groovy:63)
	at com.kms.katalon.core.keyword.builtin.VerifyEqualKeyword.execute(VerifyEqualKeyword.groovy:44)
	at com.kms.katalon.core.keyword.internal.KeywordExecutor.executeKeywordForPlatform(KeywordExecutor.groovy:74)
	at com.kms.katalon.core.keyword.BuiltinKeywords.verifyEqual(BuiltinKeywords.groovy:146)
	at jdk.internal.reflect.GeneratedMethodAccessor25.invoke(Unknown Source)
	at java.base/jdk.internal.reflect.DelegatingMethodAccessorImpl.invoke(DelegatingMethodAccessorImpl.java:43)
	at Выручка в рублях сверка дашбордов ПАО Россети.Blocks(Выручка в рублях сверка дашбордов ПАО Россети:377)
	at Выручка в рублях сверка дашбордов ПАО Россети.ViruchkaChange(Выручка в рублях сверка дашбордов ПАО Россети:60)
	at Выручка в рублях сверка дашбордов ПАО Россети.run(Выручка в рублях сверка дашбордов ПАО Россети:55)
	at com.kms.katalon.core.main.ScriptEngine.run(ScriptEngine.java:194)
	at com.kms.katalon.core.main.ScriptEngine.runScriptAsRawText(ScriptEngine.java:119)
	at com.kms.katalon.core.main.TestCaseExecutor.runScript(TestCaseExecutor.java:448)
	at com.kms.katalon.core.main.TestCaseExecutor.doExecute(TestCaseExecutor.java:439)
	at com.kms.katalon.core.main.TestCaseExecutor.processExecutionPhase(TestCaseExecutor.java:418)
	at com.kms.katalon.core.main.TestCaseExecutor.accessMainPhase(TestCaseExecutor.java:410)
	at com.kms.katalon.core.main.TestCaseExecutor.execute(TestCaseExecutor.java:285)
	at com.kms.katalon.core.common.CommonExecutor.accessTestCaseMainPhase(CommonExecutor.java:65)
	at com.kms.katalon.core.main.TestSuiteExecutor.accessTestSuiteMainPhase(TestSuiteExecutor.java:150)
	at com.kms.katalon.core.main.TestSuiteExecutor.execute(TestSuiteExecutor.java:106)
	at com.kms.katalon.core.main.TestCaseMain.startTestSuite(TestCaseMain.java:180)
	at TempTestSuite1733111659562.run(TempTestSuite1733111659562.groovy:35)
	at java.base/jdk.internal.reflect.NativeMethodAccessorImpl.invoke0(Native Method)
	at java.base/jdk.internal.reflect.NativeMethodAccessorImpl.invoke(NativeMethodAccessorImpl.java:77)
	at java.base/jdk.internal.reflect.DelegatingMethodAccessorImpl.invoke(DelegatingMethodAccessorImpl.java:43)
)

02-12-2024T08:18:00 - [TEST_STEP][PASSED] - a = replaceAll("\s+", "").toDouble(): null

02-12-2024T08:18:00 - [TEST_STEP][PASSED] - b = replaceAll("\s+", "").toDouble(): null

02-12-2024T08:18:00 - [TEST_STEP][PASSED] - Script1710234207206.WriteToExcel(todaysDate, run, vir, block, typeOfData, viruchka, vidget, nameOfBlock, a, b, dZO): null

02-12-2024T08:18:00 - [TEST_STEP][PASSED] - println(run): null

02-12-2024T08:18:00 - [TEST_STEP][PASSED] - if (run == 1): null

02-12-2024T08:18:00 - [TEST_STEP][PASSED] - else if (run == 2): null

02-12-2024T08:18:00 - [TEST_STEP][PASSED] - typeOfData = "Проценты": null

02-12-2024T08:18:00 - [TEST_STEP][PASSED] - println("todaysDate:" + todaysDate): null

02-12-2024T08:18:00 - [TEST_STEP][PASSED] - println("typeOfData:" + typeOfData): null

02-12-2024T08:18:00 - [TEST_STEP][PASSED] - viruchka = getText(findTestObject("Выручка в рублях/Фильтр Выручка" + nameOfBlock)): Text of object 'Object Repository/Выручка в рублях/Фильтр Выручка Выручка' is: 'ПЕРЕДАЧА ЭЛЕКТРОЭНЕРГИИ (ИТОГО, по всем видам тарифа)'

02-12-2024T08:18:00 - [MESSAGE][PASSED] - Text of object 'Object Repository/Выручка в рублях/Фильтр Выручка Выручка' is: 'ПЕРЕДАЧА ЭЛЕКТРОЭНЕРГИИ (ИТОГО, по всем видам тарифа)'

02-12-2024T08:18:00 - [TEST_STEP][PASSED] - println("viruchka" + viruchka): null

02-12-2024T08:18:00 - [TEST_STEP][PASSED] - println("vidget" + vidget): null

02-12-2024T08:18:00 - [TEST_STEP][PASSED] - println("a" + a): null

02-12-2024T08:18:00 - [TEST_STEP][PASSED] - println("b" + b): null

02-12-2024T08:18:00 - [TEST_STEP][PASSED] - sheetName = "Sheet1": null

02-12-2024T08:18:00 - [TEST_STEP][PASSED] - data = findTestData("PlanFact"): null

02-12-2024T08:18:00 - [TEST_STEP][PASSED] - n = data.getRowNumbers() + 1: null

02-12-2024T08:18:00 - [TEST_STEP][PASSED] - period = getText(findTestObject("Выручка в рублях/Фильтр Период")): Text of object 'Object Repository/Выручка в рублях/Фильтр Период' is: 'Октябрь и 1, 2, 3 кв. 2024 года'

02-12-2024T08:18:00 - [MESSAGE][PASSED] - Text of object 'Object Repository/Выручка в рублях/Фильтр Период' is: 'Октябрь и 1, 2, 3 кв. 2024 года'

02-12-2024T08:18:00 - [TEST_STEP][PASSED] - println(period): null

02-12-2024T08:18:00 - [TEST_STEP][PASSED] - dashboardName = "Выручка в рублях": null

02-12-2024T08:18:00 - [TEST_STEP][PASSED] - workbook01 = getWorkbook(excelFilePath): null

02-12-2024T08:18:00 - [TEST_STEP][PASSED] - sheet01 = getExcelSheet(workbook01, sheetName): null

02-12-2024T08:18:00 - [TEST_STEP][PASSED] - setValueToCellByIndex(sheet01, n, 0, dashboardName): null

02-12-2024T08:18:00 - [TEST_STEP][PASSED] - setValueToCellByIndex(sheet01, n, 1, dZO): null

02-12-2024T08:18:00 - [TEST_STEP][PASSED] - setValueToCellByIndex(sheet01, n, 2, vidget): null

02-12-2024T08:18:00 - [TEST_STEP][PASSED] - setValueToCellByIndex(sheet01, n, 3, viruchka): null

02-12-2024T08:18:00 - [TEST_STEP][PASSED] - setValueToCellByIndex(sheet01, n, 4, typeOfData): null

02-12-2024T08:18:00 - [TEST_STEP][PASSED] - if (a == null): null

02-12-2024T08:18:00 - [TEST_STEP][PASSED] - else: null

02-12-2024T08:18:00 - [TEST_STEP][PASSED] - setValueToCellByIndex(sheet01, n, 5, a): null

02-12-2024T08:18:00 - [TEST_STEP][PASSED] - if (b == null): null

02-12-2024T08:18:00 - [TEST_STEP][PASSED] - else: null

02-12-2024T08:18:00 - [TEST_STEP][PASSED] - setValueToCellByIndex(sheet01, n, 6, b): null

02-12-2024T08:18:00 - [TEST_STEP][PASSED] - setValueToCellByIndex(sheet01, n, 7, period): null

02-12-2024T08:18:00 - [TEST_STEP][PASSED] - setValueToCellByIndex(sheet01, n, 8, todaysDate): null

02-12-2024T08:18:00 - [TEST_STEP][PASSED] - n = n + 1: null

02-12-2024T08:18:00 - [TEST_STEP][PASSED] - saveWorkbook(excelFilePath, workbook01): null

02-12-2024T08:18:00 - [TEST_STEP][PASSED] - dZO = "Россети Волга": null

02-12-2024T08:18:00 - [TEST_STEP][FAILED] - if (verifyEqual(a33, b33) == false): null

02-12-2024T08:18:00 - [MESSAGE][FAILED] - Unable to verify equal between actual object '-49.88' and expected object '0.24' (Root cause: com.kms.katalon.core.exception.StepFailedException: Actual object '-49.88' and expected object '0.24' are not equal
	at com.kms.katalon.core.keyword.builtin.VerifyEqualKeyword$_verifyEqual_closure1.doCall(VerifyEqualKeyword.groovy:58)
	at com.kms.katalon.core.keyword.builtin.VerifyEqualKeyword$_verifyEqual_closure1.call(VerifyEqualKeyword.groovy)
	at com.kms.katalon.core.keyword.internal.KeywordMain.runKeyword(KeywordMain.groovy:75)
	at com.kms.katalon.core.keyword.builtin.VerifyEqualKeyword.verifyEqual(VerifyEqualKeyword.groovy:63)
	at com.kms.katalon.core.keyword.builtin.VerifyEqualKeyword.execute(VerifyEqualKeyword.groovy:44)
	at com.kms.katalon.core.keyword.internal.KeywordExecutor.executeKeywordForPlatform(KeywordExecutor.groovy:74)
	at com.kms.katalon.core.keyword.BuiltinKeywords.verifyEqual(BuiltinKeywords.groovy:146)
	at jdk.internal.reflect.GeneratedMethodAccessor25.invoke(Unknown Source)
	at java.base/jdk.internal.reflect.DelegatingMethodAccessorImpl.invoke(DelegatingMethodAccessorImpl.java:43)
	at Выручка в рублях сверка дашбордов ПАО Россети.Blocks(Выручка в рублях сверка дашбордов ПАО Россети:387)
	at Выручка в рублях сверка дашбордов ПАО Россети.ViruchkaChange(Выручка в рублях сверка дашбордов ПАО Россети:60)
	at Выручка в рублях сверка дашбордов ПАО Россети.run(Выручка в рублях сверка дашбордов ПАО Россети:55)
	at com.kms.katalon.core.main.ScriptEngine.run(ScriptEngine.java:194)
	at com.kms.katalon.core.main.ScriptEngine.runScriptAsRawText(ScriptEngine.java:119)
	at com.kms.katalon.core.main.TestCaseExecutor.runScript(TestCaseExecutor.java:448)
	at com.kms.katalon.core.main.TestCaseExecutor.doExecute(TestCaseExecutor.java:439)
	at com.kms.katalon.core.main.TestCaseExecutor.processExecutionPhase(TestCaseExecutor.java:418)
	at com.kms.katalon.core.main.TestCaseExecutor.accessMainPhase(TestCaseExecutor.java:410)
	at com.kms.katalon.core.main.TestCaseExecutor.execute(TestCaseExecutor.java:285)
	at com.kms.katalon.core.common.CommonExecutor.accessTestCaseMainPhase(CommonExecutor.java:65)
	at com.kms.katalon.core.main.TestSuiteExecutor.accessTestSuiteMainPhase(TestSuiteExecutor.java:150)
	at com.kms.katalon.core.main.TestSuiteExecutor.execute(TestSuiteExecutor.java:106)
	at com.kms.katalon.core.main.TestCaseMain.startTestSuite(TestCaseMain.java:180)
	at TempTestSuite1733111659562.run(TempTestSuite1733111659562.groovy:35)
	at java.base/jdk.internal.reflect.NativeMethodAccessorImpl.invoke0(Native Method)
	at java.base/jdk.internal.reflect.NativeMethodAccessorImpl.invoke(NativeMethodAccessorImpl.java:77)
	at java.base/jdk.internal.reflect.DelegatingMethodAccessorImpl.invoke(DelegatingMethodAccessorImpl.java:43)
)

02-12-2024T08:18:01 - [TEST_STEP][PASSED] - a = replaceAll("\s+", "").toDouble(): null

02-12-2024T08:18:01 - [TEST_STEP][PASSED] - b = replaceAll("\s+", "").toDouble(): null

02-12-2024T08:18:01 - [TEST_STEP][PASSED] - Script1710234207206.WriteToExcel(todaysDate, run, vir, block, typeOfData, viruchka, vidget, nameOfBlock, a, b, dZO): null

02-12-2024T08:18:01 - [TEST_STEP][PASSED] - println(run): null

02-12-2024T08:18:01 - [TEST_STEP][PASSED] - if (run == 1): null

02-12-2024T08:18:01 - [TEST_STEP][PASSED] - else if (run == 2): null

02-12-2024T08:18:01 - [TEST_STEP][PASSED] - typeOfData = "Проценты": null

02-12-2024T08:18:01 - [TEST_STEP][PASSED] - println("todaysDate:" + todaysDate): null

02-12-2024T08:18:01 - [TEST_STEP][PASSED] - println("typeOfData:" + typeOfData): null

02-12-2024T08:18:01 - [TEST_STEP][PASSED] - viruchka = getText(findTestObject("Выручка в рублях/Фильтр Выручка" + nameOfBlock)): Text of object 'Object Repository/Выручка в рублях/Фильтр Выручка Выручка' is: 'ПЕРЕДАЧА ЭЛЕКТРОЭНЕРГИИ (ИТОГО, по всем видам тарифа)'

02-12-2024T08:18:01 - [MESSAGE][PASSED] - Text of object 'Object Repository/Выручка в рублях/Фильтр Выручка Выручка' is: 'ПЕРЕДАЧА ЭЛЕКТРОЭНЕРГИИ (ИТОГО, по всем видам тарифа)'

02-12-2024T08:18:01 - [TEST_STEP][PASSED] - println("viruchka" + viruchka): null

02-12-2024T08:18:01 - [TEST_STEP][PASSED] - println("vidget" + vidget): null

02-12-2024T08:18:01 - [TEST_STEP][PASSED] - println("a" + a): null

02-12-2024T08:18:01 - [TEST_STEP][PASSED] - println("b" + b): null

02-12-2024T08:18:01 - [TEST_STEP][PASSED] - sheetName = "Sheet1": null

02-12-2024T08:18:01 - [TEST_STEP][PASSED] - data = findTestData("PlanFact"): null

02-12-2024T08:18:01 - [TEST_STEP][PASSED] - n = data.getRowNumbers() + 1: null

02-12-2024T08:18:01 - [TEST_STEP][PASSED] - period = getText(findTestObject("Выручка в рублях/Фильтр Период")): Text of object 'Object Repository/Выручка в рублях/Фильтр Период' is: 'Октябрь и 1, 2, 3 кв. 2024 года'

02-12-2024T08:18:01 - [MESSAGE][PASSED] - Text of object 'Object Repository/Выручка в рублях/Фильтр Период' is: 'Октябрь и 1, 2, 3 кв. 2024 года'

02-12-2024T08:18:01 - [TEST_STEP][PASSED] - println(period): null

02-12-2024T08:18:01 - [TEST_STEP][PASSED] - dashboardName = "Выручка в рублях": null

02-12-2024T08:18:01 - [TEST_STEP][PASSED] - workbook01 = getWorkbook(excelFilePath): null

02-12-2024T08:18:01 - [TEST_STEP][PASSED] - sheet01 = getExcelSheet(workbook01, sheetName): null

02-12-2024T08:18:01 - [TEST_STEP][PASSED] - setValueToCellByIndex(sheet01, n, 0, dashboardName): null

02-12-2024T08:18:01 - [TEST_STEP][PASSED] - setValueToCellByIndex(sheet01, n, 1, dZO): null

02-12-2024T08:18:01 - [TEST_STEP][PASSED] - setValueToCellByIndex(sheet01, n, 2, vidget): null

02-12-2024T08:18:01 - [TEST_STEP][PASSED] - setValueToCellByIndex(sheet01, n, 3, viruchka): null

02-12-2024T08:18:01 - [TEST_STEP][PASSED] - setValueToCellByIndex(sheet01, n, 4, typeOfData): null

02-12-2024T08:18:01 - [TEST_STEP][PASSED] - if (a == null): null

02-12-2024T08:18:01 - [TEST_STEP][PASSED] - else: null

02-12-2024T08:18:01 - [TEST_STEP][PASSED] - setValueToCellByIndex(sheet01, n, 5, a): null

02-12-2024T08:18:01 - [TEST_STEP][PASSED] - if (b == null): null

02-12-2024T08:18:01 - [TEST_STEP][PASSED] - else: null

02-12-2024T08:18:01 - [TEST_STEP][PASSED] - setValueToCellByIndex(sheet01, n, 6, b): null

02-12-2024T08:18:01 - [TEST_STEP][PASSED] - setValueToCellByIndex(sheet01, n, 7, period): null

02-12-2024T08:18:01 - [TEST_STEP][PASSED] - setValueToCellByIndex(sheet01, n, 8, todaysDate): null

02-12-2024T08:18:01 - [TEST_STEP][PASSED] - n = n + 1: null

02-12-2024T08:18:01 - [TEST_STEP][PASSED] - saveWorkbook(excelFilePath, workbook01): null

02-12-2024T08:18:01 - [TEST_STEP][PASSED] - dZO = "Россети Кубань": null

02-12-2024T08:18:01 - [TEST_STEP][FAILED] - if (verifyEqual(a34, b34) == false): null

02-12-2024T08:18:01 - [MESSAGE][FAILED] - Unable to verify equal between actual object '-46.84' and expected object '6.32' (Root cause: com.kms.katalon.core.exception.StepFailedException: Actual object '-46.84' and expected object '6.32' are not equal
	at com.kms.katalon.core.keyword.builtin.VerifyEqualKeyword$_verifyEqual_closure1.doCall(VerifyEqualKeyword.groovy:58)
	at com.kms.katalon.core.keyword.builtin.VerifyEqualKeyword$_verifyEqual_closure1.call(VerifyEqualKeyword.groovy)
	at com.kms.katalon.core.keyword.internal.KeywordMain.runKeyword(KeywordMain.groovy:75)
	at com.kms.katalon.core.keyword.builtin.VerifyEqualKeyword.verifyEqual(VerifyEqualKeyword.groovy:63)
	at com.kms.katalon.core.keyword.builtin.VerifyEqualKeyword.execute(VerifyEqualKeyword.groovy:44)
	at com.kms.katalon.core.keyword.internal.KeywordExecutor.executeKeywordForPlatform(KeywordExecutor.groovy:74)
	at com.kms.katalon.core.keyword.BuiltinKeywords.verifyEqual(BuiltinKeywords.groovy:146)
	at jdk.internal.reflect.GeneratedMethodAccessor25.invoke(Unknown Source)
	at java.base/jdk.internal.reflect.DelegatingMethodAccessorImpl.invoke(DelegatingMethodAccessorImpl.java:43)
	at Выручка в рублях сверка дашбордов ПАО Россети.Blocks(Выручка в рублях сверка дашбордов ПАО Россети:397)
	at Выручка в рублях сверка дашбордов ПАО Россети.ViruchkaChange(Выручка в рублях сверка дашбордов ПАО Россети:60)
	at Выручка в рублях сверка дашбордов ПАО Россети.run(Выручка в рублях сверка дашбордов ПАО Россети:55)
	at com.kms.katalon.core.main.ScriptEngine.run(ScriptEngine.java:194)
	at com.kms.katalon.core.main.ScriptEngine.runScriptAsRawText(ScriptEngine.java:119)
	at com.kms.katalon.core.main.TestCaseExecutor.runScript(TestCaseExecutor.java:448)
	at com.kms.katalon.core.main.TestCaseExecutor.doExecute(TestCaseExecutor.java:439)
	at com.kms.katalon.core.main.TestCaseExecutor.processExecutionPhase(TestCaseExecutor.java:418)
	at com.kms.katalon.core.main.TestCaseExecutor.accessMainPhase(TestCaseExecutor.java:410)
	at com.kms.katalon.core.main.TestCaseExecutor.execute(TestCaseExecutor.java:285)
	at com.kms.katalon.core.common.CommonExecutor.accessTestCaseMainPhase(CommonExecutor.java:65)
	at com.kms.katalon.core.main.TestSuiteExecutor.accessTestSuiteMainPhase(TestSuiteExecutor.java:150)
	at com.kms.katalon.core.main.TestSuiteExecutor.execute(TestSuiteExecutor.java:106)
	at com.kms.katalon.core.main.TestCaseMain.startTestSuite(TestCaseMain.java:180)
	at TempTestSuite1733111659562.run(TempTestSuite1733111659562.groovy:35)
	at java.base/jdk.internal.reflect.NativeMethodAccessorImpl.invoke0(Native Method)
	at java.base/jdk.internal.reflect.NativeMethodAccessorImpl.invoke(NativeMethodAccessorImpl.java:77)
	at java.base/jdk.internal.reflect.DelegatingMethodAccessorImpl.invoke(DelegatingMethodAccessorImpl.java:43)
)

02-12-2024T08:18:01 - [TEST_STEP][PASSED] - a = replaceAll("\s+", "").toDouble(): null

02-12-2024T08:18:01 - [TEST_STEP][PASSED] - b = replaceAll("\s+", "").toDouble(): null

02-12-2024T08:18:01 - [TEST_STEP][PASSED] - Script1710234207206.WriteToExcel(todaysDate, run, vir, block, typeOfData, viruchka, vidget, nameOfBlock, a, b, dZO): null

02-12-2024T08:18:01 - [TEST_STEP][PASSED] - println(run): null

02-12-2024T08:18:01 - [TEST_STEP][PASSED] - if (run == 1): null

02-12-2024T08:18:01 - [TEST_STEP][PASSED] - else if (run == 2): null

02-12-2024T08:18:01 - [TEST_STEP][PASSED] - typeOfData = "Проценты": null

02-12-2024T08:18:01 - [TEST_STEP][PASSED] - println("todaysDate:" + todaysDate): null

02-12-2024T08:18:01 - [TEST_STEP][PASSED] - println("typeOfData:" + typeOfData): null

02-12-2024T08:18:01 - [TEST_STEP][PASSED] - viruchka = getText(findTestObject("Выручка в рублях/Фильтр Выручка" + nameOfBlock)): Text of object 'Object Repository/Выручка в рублях/Фильтр Выручка Выручка' is: 'ПЕРЕДАЧА ЭЛЕКТРОЭНЕРГИИ (ИТОГО, по всем видам тарифа)'

02-12-2024T08:18:02 - [MESSAGE][PASSED] - Text of object 'Object Repository/Выручка в рублях/Фильтр Выручка Выручка' is: 'ПЕРЕДАЧА ЭЛЕКТРОЭНЕРГИИ (ИТОГО, по всем видам тарифа)'

02-12-2024T08:18:02 - [TEST_STEP][PASSED] - println("viruchka" + viruchka): null

02-12-2024T08:18:02 - [TEST_STEP][PASSED] - println("vidget" + vidget): null

02-12-2024T08:18:02 - [TEST_STEP][PASSED] - println("a" + a): null

02-12-2024T08:18:02 - [TEST_STEP][PASSED] - println("b" + b): null

02-12-2024T08:18:02 - [TEST_STEP][PASSED] - sheetName = "Sheet1": null

02-12-2024T08:18:02 - [TEST_STEP][PASSED] - data = findTestData("PlanFact"): null

02-12-2024T08:18:02 - [TEST_STEP][PASSED] - n = data.getRowNumbers() + 1: null

02-12-2024T08:18:02 - [TEST_STEP][PASSED] - period = getText(findTestObject("Выручка в рублях/Фильтр Период")): Text of object 'Object Repository/Выручка в рублях/Фильтр Период' is: 'Октябрь и 1, 2, 3 кв. 2024 года'

02-12-2024T08:18:02 - [MESSAGE][PASSED] - Text of object 'Object Repository/Выручка в рублях/Фильтр Период' is: 'Октябрь и 1, 2, 3 кв. 2024 года'

02-12-2024T08:18:02 - [TEST_STEP][PASSED] - println(period): null

02-12-2024T08:18:02 - [TEST_STEP][PASSED] - dashboardName = "Выручка в рублях": null

02-12-2024T08:18:02 - [TEST_STEP][PASSED] - workbook01 = getWorkbook(excelFilePath): null

02-12-2024T08:18:02 - [TEST_STEP][PASSED] - sheet01 = getExcelSheet(workbook01, sheetName): null

02-12-2024T08:18:02 - [TEST_STEP][PASSED] - setValueToCellByIndex(sheet01, n, 0, dashboardName): null

02-12-2024T08:18:02 - [TEST_STEP][PASSED] - setValueToCellByIndex(sheet01, n, 1, dZO): null

02-12-2024T08:18:02 - [TEST_STEP][PASSED] - setValueToCellByIndex(sheet01, n, 2, vidget): null

02-12-2024T08:18:02 - [TEST_STEP][PASSED] - setValueToCellByIndex(sheet01, n, 3, viruchka): null

02-12-2024T08:18:02 - [TEST_STEP][PASSED] - setValueToCellByIndex(sheet01, n, 4, typeOfData): null

02-12-2024T08:18:02 - [TEST_STEP][PASSED] - if (a == null): null

02-12-2024T08:18:02 - [TEST_STEP][PASSED] - else: null

02-12-2024T08:18:02 - [TEST_STEP][PASSED] - setValueToCellByIndex(sheet01, n, 5, a): null

02-12-2024T08:18:02 - [TEST_STEP][PASSED] - if (b == null): null

02-12-2024T08:18:02 - [TEST_STEP][PASSED] - else: null

02-12-2024T08:18:02 - [TEST_STEP][PASSED] - setValueToCellByIndex(sheet01, n, 6, b): null

02-12-2024T08:18:02 - [TEST_STEP][PASSED] - setValueToCellByIndex(sheet01, n, 7, period): null

02-12-2024T08:18:02 - [TEST_STEP][PASSED] - setValueToCellByIndex(sheet01, n, 8, todaysDate): null

02-12-2024T08:18:02 - [TEST_STEP][PASSED] - n = n + 1: null

02-12-2024T08:18:02 - [TEST_STEP][PASSED] - saveWorkbook(excelFilePath, workbook01): null

02-12-2024T08:18:02 - [TEST_STEP][PASSED] - dZO = "Россети Ленэнерго (ГК)": null

02-12-2024T08:18:02 - [TEST_STEP][FAILED] - if (verifyEqual(a35, b35) == false): null

02-12-2024T08:18:02 - [MESSAGE][FAILED] - Unable to verify equal between actual object '-47.31' and expected object '5.38' (Root cause: com.kms.katalon.core.exception.StepFailedException: Actual object '-47.31' and expected object '5.38' are not equal
	at com.kms.katalon.core.keyword.builtin.VerifyEqualKeyword$_verifyEqual_closure1.doCall(VerifyEqualKeyword.groovy:58)
	at com.kms.katalon.core.keyword.builtin.VerifyEqualKeyword$_verifyEqual_closure1.call(VerifyEqualKeyword.groovy)
	at com.kms.katalon.core.keyword.internal.KeywordMain.runKeyword(KeywordMain.groovy:75)
	at com.kms.katalon.core.keyword.builtin.VerifyEqualKeyword.verifyEqual(VerifyEqualKeyword.groovy:63)
	at com.kms.katalon.core.keyword.builtin.VerifyEqualKeyword.execute(VerifyEqualKeyword.groovy:44)
	at com.kms.katalon.core.keyword.internal.KeywordExecutor.executeKeywordForPlatform(KeywordExecutor.groovy:74)
	at com.kms.katalon.core.keyword.BuiltinKeywords.verifyEqual(BuiltinKeywords.groovy:146)
	at jdk.internal.reflect.GeneratedMethodAccessor25.invoke(Unknown Source)
	at java.base/jdk.internal.reflect.DelegatingMethodAccessorImpl.invoke(DelegatingMethodAccessorImpl.java:43)
	at Выручка в рублях сверка дашбордов ПАО Россети.Blocks(Выручка в рублях сверка дашбордов ПАО Россети:407)
	at Выручка в рублях сверка дашбордов ПАО Россети.ViruchkaChange(Выручка в рублях сверка дашбордов ПАО Россети:60)
	at Выручка в рублях сверка дашбордов ПАО Россети.run(Выручка в рублях сверка дашбордов ПАО Россети:55)
	at com.kms.katalon.core.main.ScriptEngine.run(ScriptEngine.java:194)
	at com.kms.katalon.core.main.ScriptEngine.runScriptAsRawText(ScriptEngine.java:119)
	at com.kms.katalon.core.main.TestCaseExecutor.runScript(TestCaseExecutor.java:448)
	at com.kms.katalon.core.main.TestCaseExecutor.doExecute(TestCaseExecutor.java:439)
	at com.kms.katalon.core.main.TestCaseExecutor.processExecutionPhase(TestCaseExecutor.java:418)
	at com.kms.katalon.core.main.TestCaseExecutor.accessMainPhase(TestCaseExecutor.java:410)
	at com.kms.katalon.core.main.TestCaseExecutor.execute(TestCaseExecutor.java:285)
	at com.kms.katalon.core.common.CommonExecutor.accessTestCaseMainPhase(CommonExecutor.java:65)
	at com.kms.katalon.core.main.TestSuiteExecutor.accessTestSuiteMainPhase(TestSuiteExecutor.java:150)
	at com.kms.katalon.core.main.TestSuiteExecutor.execute(TestSuiteExecutor.java:106)
	at com.kms.katalon.core.main.TestCaseMain.startTestSuite(TestCaseMain.java:180)
	at TempTestSuite1733111659562.run(TempTestSuite1733111659562.groovy:35)
	at java.base/jdk.internal.reflect.NativeMethodAccessorImpl.invoke0(Native Method)
	at java.base/jdk.internal.reflect.NativeMethodAccessorImpl.invoke(NativeMethodAccessorImpl.java:77)
	at java.base/jdk.internal.reflect.DelegatingMethodAccessorImpl.invoke(DelegatingMethodAccessorImpl.java:43)
)

02-12-2024T08:18:02 - [TEST_STEP][PASSED] - a = replaceAll("\s+", "").toDouble(): null

02-12-2024T08:18:02 - [TEST_STEP][PASSED] - b = replaceAll("\s+", "").toDouble(): null

02-12-2024T08:18:02 - [TEST_STEP][PASSED] - Script1710234207206.WriteToExcel(todaysDate, run, vir, block, typeOfData, viruchka, vidget, nameOfBlock, a, b, dZO): null

02-12-2024T08:18:02 - [TEST_STEP][PASSED] - println(run): null

02-12-2024T08:18:02 - [TEST_STEP][PASSED] - if (run == 1): null

02-12-2024T08:18:02 - [TEST_STEP][PASSED] - else if (run == 2): null

02-12-2024T08:18:02 - [TEST_STEP][PASSED] - typeOfData = "Проценты": null

02-12-2024T08:18:02 - [TEST_STEP][PASSED] - println("todaysDate:" + todaysDate): null

02-12-2024T08:18:02 - [TEST_STEP][PASSED] - println("typeOfData:" + typeOfData): null

02-12-2024T08:18:02 - [TEST_STEP][PASSED] - viruchka = getText(findTestObject("Выручка в рублях/Фильтр Выручка" + nameOfBlock)): Text of object 'Object Repository/Выручка в рублях/Фильтр Выручка Выручка' is: 'ПЕРЕДАЧА ЭЛЕКТРОЭНЕРГИИ (ИТОГО, по всем видам тарифа)'

02-12-2024T08:18:03 - [MESSAGE][PASSED] - Text of object 'Object Repository/Выручка в рублях/Фильтр Выручка Выручка' is: 'ПЕРЕДАЧА ЭЛЕКТРОЭНЕРГИИ (ИТОГО, по всем видам тарифа)'

02-12-2024T08:18:03 - [TEST_STEP][PASSED] - println("viruchka" + viruchka): null

02-12-2024T08:18:03 - [TEST_STEP][PASSED] - println("vidget" + vidget): null

02-12-2024T08:18:03 - [TEST_STEP][PASSED] - println("a" + a): null

02-12-2024T08:18:03 - [TEST_STEP][PASSED] - println("b" + b): null

02-12-2024T08:18:03 - [TEST_STEP][PASSED] - sheetName = "Sheet1": null

02-12-2024T08:18:03 - [TEST_STEP][PASSED] - data = findTestData("PlanFact"): null

02-12-2024T08:18:03 - [TEST_STEP][PASSED] - n = data.getRowNumbers() + 1: null

02-12-2024T08:18:03 - [TEST_STEP][PASSED] - period = getText(findTestObject("Выручка в рублях/Фильтр Период")): Text of object 'Object Repository/Выручка в рублях/Фильтр Период' is: 'Октябрь и 1, 2, 3 кв. 2024 года'

02-12-2024T08:18:03 - [MESSAGE][PASSED] - Text of object 'Object Repository/Выручка в рублях/Фильтр Период' is: 'Октябрь и 1, 2, 3 кв. 2024 года'

02-12-2024T08:18:03 - [TEST_STEP][PASSED] - println(period): null

02-12-2024T08:18:03 - [TEST_STEP][PASSED] - dashboardName = "Выручка в рублях": null

02-12-2024T08:18:03 - [TEST_STEP][PASSED] - workbook01 = getWorkbook(excelFilePath): null

02-12-2024T08:18:03 - [TEST_STEP][PASSED] - sheet01 = getExcelSheet(workbook01, sheetName): null

02-12-2024T08:18:03 - [TEST_STEP][PASSED] - setValueToCellByIndex(sheet01, n, 0, dashboardName): null

02-12-2024T08:18:03 - [TEST_STEP][PASSED] - setValueToCellByIndex(sheet01, n, 1, dZO): null

02-12-2024T08:18:03 - [TEST_STEP][PASSED] - setValueToCellByIndex(sheet01, n, 2, vidget): null

02-12-2024T08:18:03 - [TEST_STEP][PASSED] - setValueToCellByIndex(sheet01, n, 3, viruchka): null

02-12-2024T08:18:03 - [TEST_STEP][PASSED] - setValueToCellByIndex(sheet01, n, 4, typeOfData): null

02-12-2024T08:18:03 - [TEST_STEP][PASSED] - if (a == null): null

02-12-2024T08:18:03 - [TEST_STEP][PASSED] - else: null

02-12-2024T08:18:03 - [TEST_STEP][PASSED] - setValueToCellByIndex(sheet01, n, 5, a): null

02-12-2024T08:18:03 - [TEST_STEP][PASSED] - if (b == null): null

02-12-2024T08:18:03 - [TEST_STEP][PASSED] - else: null

02-12-2024T08:18:03 - [TEST_STEP][PASSED] - setValueToCellByIndex(sheet01, n, 6, b): null

02-12-2024T08:18:03 - [TEST_STEP][PASSED] - setValueToCellByIndex(sheet01, n, 7, period): null

02-12-2024T08:18:03 - [TEST_STEP][PASSED] - setValueToCellByIndex(sheet01, n, 8, todaysDate): null

02-12-2024T08:18:03 - [TEST_STEP][PASSED] - n = n + 1: null

02-12-2024T08:18:03 - [TEST_STEP][PASSED] - saveWorkbook(excelFilePath, workbook01): null

02-12-2024T08:18:03 - [TEST_STEP][PASSED] - dZO = "Россети Московский регион": null

02-12-2024T08:18:03 - [TEST_STEP][PASSED] - if (verifyEqual(a36, b36) == false): Actual object '4.39' and expected object '4.39' are equal

02-12-2024T08:18:03 - [MESSAGE][PASSED] - Actual object '4.39' and expected object '4.39' are equal

02-12-2024T08:18:03 - [TEST_STEP][PASSED] - dZO = "Россети Северный Кавказ (ГК)": null

02-12-2024T08:18:03 - [TEST_STEP][FAILED] - if (verifyEqual(a37, b37) == false): null

02-12-2024T08:18:03 - [MESSAGE][FAILED] - Unable to verify equal between actual object '-49.02' and expected object '2.26' (Root cause: com.kms.katalon.core.exception.StepFailedException: Actual object '-49.02' and expected object '2.26' are not equal
	at com.kms.katalon.core.keyword.builtin.VerifyEqualKeyword$_verifyEqual_closure1.doCall(VerifyEqualKeyword.groovy:58)
	at com.kms.katalon.core.keyword.builtin.VerifyEqualKeyword$_verifyEqual_closure1.call(VerifyEqualKeyword.groovy)
	at com.kms.katalon.core.keyword.internal.KeywordMain.runKeyword(KeywordMain.groovy:75)
	at com.kms.katalon.core.keyword.builtin.VerifyEqualKeyword.verifyEqual(VerifyEqualKeyword.groovy:63)
	at com.kms.katalon.core.keyword.builtin.VerifyEqualKeyword.execute(VerifyEqualKeyword.groovy:44)
	at com.kms.katalon.core.keyword.internal.KeywordExecutor.executeKeywordForPlatform(KeywordExecutor.groovy:74)
	at com.kms.katalon.core.keyword.BuiltinKeywords.verifyEqual(BuiltinKeywords.groovy:146)
	at jdk.internal.reflect.GeneratedMethodAccessor25.invoke(Unknown Source)
	at java.base/jdk.internal.reflect.DelegatingMethodAccessorImpl.invoke(DelegatingMethodAccessorImpl.java:43)
	at Выручка в рублях сверка дашбордов ПАО Россети.Blocks(Выручка в рублях сверка дашбордов ПАО Россети:427)
	at Выручка в рублях сверка дашбордов ПАО Россети.ViruchkaChange(Выручка в рублях сверка дашбордов ПАО Россети:60)
	at Выручка в рублях сверка дашбордов ПАО Россети.run(Выручка в рублях сверка дашбордов ПАО Россети:55)
	at com.kms.katalon.core.main.ScriptEngine.run(ScriptEngine.java:194)
	at com.kms.katalon.core.main.ScriptEngine.runScriptAsRawText(ScriptEngine.java:119)
	at com.kms.katalon.core.main.TestCaseExecutor.runScript(TestCaseExecutor.java:448)
	at com.kms.katalon.core.main.TestCaseExecutor.doExecute(TestCaseExecutor.java:439)
	at com.kms.katalon.core.main.TestCaseExecutor.processExecutionPhase(TestCaseExecutor.java:418)
	at com.kms.katalon.core.main.TestCaseExecutor.accessMainPhase(TestCaseExecutor.java:410)
	at com.kms.katalon.core.main.TestCaseExecutor.execute(TestCaseExecutor.java:285)
	at com.kms.katalon.core.common.CommonExecutor.accessTestCaseMainPhase(CommonExecutor.java:65)
	at com.kms.katalon.core.main.TestSuiteExecutor.accessTestSuiteMainPhase(TestSuiteExecutor.java:150)
	at com.kms.katalon.core.main.TestSuiteExecutor.execute(TestSuiteExecutor.java:106)
	at com.kms.katalon.core.main.TestCaseMain.startTestSuite(TestCaseMain.java:180)
	at TempTestSuite1733111659562.run(TempTestSuite1733111659562.groovy:35)
	at java.base/jdk.internal.reflect.NativeMethodAccessorImpl.invoke0(Native Method)
	at java.base/jdk.internal.reflect.NativeMethodAccessorImpl.invoke(NativeMethodAccessorImpl.java:77)
	at java.base/jdk.internal.reflect.DelegatingMethodAccessorImpl.invoke(DelegatingMethodAccessorImpl.java:43)
)

02-12-2024T08:18:03 - [TEST_STEP][PASSED] - a = replaceAll("\s+", "").toDouble(): null

02-12-2024T08:18:03 - [TEST_STEP][PASSED] - b = replaceAll("\s+", "").toDouble(): null

02-12-2024T08:18:03 - [TEST_STEP][PASSED] - Script1710234207206.WriteToExcel(todaysDate, run, vir, block, typeOfData, viruchka, vidget, nameOfBlock, a, b, dZO): null

02-12-2024T08:18:03 - [TEST_STEP][PASSED] - println(run): null

02-12-2024T08:18:03 - [TEST_STEP][PASSED] - if (run == 1): null

02-12-2024T08:18:03 - [TEST_STEP][PASSED] - else if (run == 2): null

02-12-2024T08:18:03 - [TEST_STEP][PASSED] - typeOfData = "Проценты": null

02-12-2024T08:18:03 - [TEST_STEP][PASSED] - println("todaysDate:" + todaysDate): null

02-12-2024T08:18:03 - [TEST_STEP][PASSED] - println("typeOfData:" + typeOfData): null

02-12-2024T08:18:03 - [TEST_STEP][PASSED] - viruchka = getText(findTestObject("Выручка в рублях/Фильтр Выручка" + nameOfBlock)): Text of object 'Object Repository/Выручка в рублях/Фильтр Выручка Выручка' is: 'ПЕРЕДАЧА ЭЛЕКТРОЭНЕРГИИ (ИТОГО, по всем видам тарифа)'

02-12-2024T08:18:04 - [MESSAGE][PASSED] - Text of object 'Object Repository/Выручка в рублях/Фильтр Выручка Выручка' is: 'ПЕРЕДАЧА ЭЛЕКТРОЭНЕРГИИ (ИТОГО, по всем видам тарифа)'

02-12-2024T08:18:04 - [TEST_STEP][PASSED] - println("viruchka" + viruchka): null

02-12-2024T08:18:04 - [TEST_STEP][PASSED] - println("vidget" + vidget): null

02-12-2024T08:18:04 - [TEST_STEP][PASSED] - println("a" + a): null

02-12-2024T08:18:04 - [TEST_STEP][PASSED] - println("b" + b): null

02-12-2024T08:18:04 - [TEST_STEP][PASSED] - sheetName = "Sheet1": null

02-12-2024T08:18:04 - [TEST_STEP][PASSED] - data = findTestData("PlanFact"): null

02-12-2024T08:18:04 - [TEST_STEP][PASSED] - n = data.getRowNumbers() + 1: null

02-12-2024T08:18:04 - [TEST_STEP][PASSED] - period = getText(findTestObject("Выручка в рублях/Фильтр Период")): Text of object 'Object Repository/Выручка в рублях/Фильтр Период' is: 'Октябрь и 1, 2, 3 кв. 2024 года'

02-12-2024T08:18:04 - [MESSAGE][PASSED] - Text of object 'Object Repository/Выручка в рублях/Фильтр Период' is: 'Октябрь и 1, 2, 3 кв. 2024 года'

02-12-2024T08:18:04 - [TEST_STEP][PASSED] - println(period): null

02-12-2024T08:18:04 - [TEST_STEP][PASSED] - dashboardName = "Выручка в рублях": null

02-12-2024T08:18:04 - [TEST_STEP][PASSED] - workbook01 = getWorkbook(excelFilePath): null

02-12-2024T08:18:04 - [TEST_STEP][PASSED] - sheet01 = getExcelSheet(workbook01, sheetName): null

02-12-2024T08:18:04 - [TEST_STEP][PASSED] - setValueToCellByIndex(sheet01, n, 0, dashboardName): null

02-12-2024T08:18:04 - [TEST_STEP][PASSED] - setValueToCellByIndex(sheet01, n, 1, dZO): null

02-12-2024T08:18:04 - [TEST_STEP][PASSED] - setValueToCellByIndex(sheet01, n, 2, vidget): null

02-12-2024T08:18:04 - [TEST_STEP][PASSED] - setValueToCellByIndex(sheet01, n, 3, viruchka): null

02-12-2024T08:18:04 - [TEST_STEP][PASSED] - setValueToCellByIndex(sheet01, n, 4, typeOfData): null

02-12-2024T08:18:04 - [TEST_STEP][PASSED] - if (a == null): null

02-12-2024T08:18:04 - [TEST_STEP][PASSED] - else: null

02-12-2024T08:18:04 - [TEST_STEP][PASSED] - setValueToCellByIndex(sheet01, n, 5, a): null

02-12-2024T08:18:04 - [TEST_STEP][PASSED] - if (b == null): null

02-12-2024T08:18:04 - [TEST_STEP][PASSED] - else: null

02-12-2024T08:18:04 - [TEST_STEP][PASSED] - setValueToCellByIndex(sheet01, n, 6, b): null

02-12-2024T08:18:04 - [TEST_STEP][PASSED] - setValueToCellByIndex(sheet01, n, 7, period): null

02-12-2024T08:18:04 - [TEST_STEP][PASSED] - setValueToCellByIndex(sheet01, n, 8, todaysDate): null

02-12-2024T08:18:04 - [TEST_STEP][PASSED] - n = n + 1: null

02-12-2024T08:18:04 - [TEST_STEP][PASSED] - saveWorkbook(excelFilePath, workbook01): null

02-12-2024T08:18:04 - [TEST_STEP][PASSED] - dZO = "Россети Северо-Запад": null

02-12-2024T08:18:04 - [TEST_STEP][PASSED] - if (verifyEqual(a38, b38) == false): Actual object '2.01' and expected object '2.01' are equal

02-12-2024T08:18:04 - [MESSAGE][PASSED] - Actual object '2.01' and expected object '2.01' are equal

02-12-2024T08:18:04 - [TEST_STEP][PASSED] - dZO = "Россети Сибирь (ГК)": null

02-12-2024T08:18:04 - [TEST_STEP][PASSED] - if (verifyEqual(a39, b39) == false): Actual object '2.23' and expected object '2.23' are equal

02-12-2024T08:18:04 - [MESSAGE][PASSED] - Actual object '2.23' and expected object '2.23' are equal

02-12-2024T08:18:04 - [TEST_STEP][PASSED] - dZO = "Россети Томск": null

02-12-2024T08:18:04 - [TEST_STEP][FAILED] - if (verifyEqual(a310, b310) == false): null

02-12-2024T08:18:04 - [MESSAGE][FAILED] - Unable to verify equal between actual object '-48.47' and expected object '3.06' (Root cause: com.kms.katalon.core.exception.StepFailedException: Actual object '-48.47' and expected object '3.06' are not equal
	at com.kms.katalon.core.keyword.builtin.VerifyEqualKeyword$_verifyEqual_closure1.doCall(VerifyEqualKeyword.groovy:58)
	at com.kms.katalon.core.keyword.builtin.VerifyEqualKeyword$_verifyEqual_closure1.call(VerifyEqualKeyword.groovy)
	at com.kms.katalon.core.keyword.internal.KeywordMain.runKeyword(KeywordMain.groovy:75)
	at com.kms.katalon.core.keyword.builtin.VerifyEqualKeyword.verifyEqual(VerifyEqualKeyword.groovy:63)
	at com.kms.katalon.core.keyword.builtin.VerifyEqualKeyword.execute(VerifyEqualKeyword.groovy:44)
	at com.kms.katalon.core.keyword.internal.KeywordExecutor.executeKeywordForPlatform(KeywordExecutor.groovy:74)
	at com.kms.katalon.core.keyword.BuiltinKeywords.verifyEqual(BuiltinKeywords.groovy:146)
	at jdk.internal.reflect.GeneratedMethodAccessor25.invoke(Unknown Source)
	at java.base/jdk.internal.reflect.DelegatingMethodAccessorImpl.invoke(DelegatingMethodAccessorImpl.java:43)
	at Выручка в рублях сверка дашбордов ПАО Россети.Blocks(Выручка в рублях сверка дашбордов ПАО Россети:457)
	at Выручка в рублях сверка дашбордов ПАО Россети.ViruchkaChange(Выручка в рублях сверка дашбордов ПАО Россети:60)
	at Выручка в рублях сверка дашбордов ПАО Россети.run(Выручка в рублях сверка дашбордов ПАО Россети:55)
	at com.kms.katalon.core.main.ScriptEngine.run(ScriptEngine.java:194)
	at com.kms.katalon.core.main.ScriptEngine.runScriptAsRawText(ScriptEngine.java:119)
	at com.kms.katalon.core.main.TestCaseExecutor.runScript(TestCaseExecutor.java:448)
	at com.kms.katalon.core.main.TestCaseExecutor.doExecute(TestCaseExecutor.java:439)
	at com.kms.katalon.core.main.TestCaseExecutor.processExecutionPhase(TestCaseExecutor.java:418)
	at com.kms.katalon.core.main.TestCaseExecutor.accessMainPhase(TestCaseExecutor.java:410)
	at com.kms.katalon.core.main.TestCaseExecutor.execute(TestCaseExecutor.java:285)
	at com.kms.katalon.core.common.CommonExecutor.accessTestCaseMainPhase(CommonExecutor.java:65)
	at com.kms.katalon.core.main.TestSuiteExecutor.accessTestSuiteMainPhase(TestSuiteExecutor.java:150)
	at com.kms.katalon.core.main.TestSuiteExecutor.execute(TestSuiteExecutor.java:106)
	at com.kms.katalon.core.main.TestCaseMain.startTestSuite(TestCaseMain.java:180)
	at TempTestSuite1733111659562.run(TempTestSuite1733111659562.groovy:35)
	at java.base/jdk.internal.reflect.NativeMethodAccessorImpl.invoke0(Native Method)
	at java.base/jdk.internal.reflect.NativeMethodAccessorImpl.invoke(NativeMethodAccessorImpl.java:77)
	at java.base/jdk.internal.reflect.DelegatingMethodAccessorImpl.invoke(DelegatingMethodAccessorImpl.java:43)
)

02-12-2024T08:18:04 - [TEST_STEP][PASSED] - a = replaceAll("\s+", "").toDouble(): null

02-12-2024T08:18:04 - [TEST_STEP][PASSED] - b = replaceAll("\s+", "").toDouble(): null

02-12-2024T08:18:04 - [TEST_STEP][PASSED] - Script1710234207206.WriteToExcel(todaysDate, run, vir, block, typeOfData, viruchka, vidget, nameOfBlock, a, b, dZO): null

02-12-2024T08:18:04 - [TEST_STEP][PASSED] - println(run): null

02-12-2024T08:18:04 - [TEST_STEP][PASSED] - if (run == 1): null

02-12-2024T08:18:04 - [TEST_STEP][PASSED] - else if (run == 2): null

02-12-2024T08:18:04 - [TEST_STEP][PASSED] - typeOfData = "Проценты": null

02-12-2024T08:18:04 - [TEST_STEP][PASSED] - println("todaysDate:" + todaysDate): null

02-12-2024T08:18:04 - [TEST_STEP][PASSED] - println("typeOfData:" + typeOfData): null

02-12-2024T08:18:04 - [TEST_STEP][PASSED] - viruchka = getText(findTestObject("Выручка в рублях/Фильтр Выручка" + nameOfBlock)): Text of object 'Object Repository/Выручка в рублях/Фильтр Выручка Выручка' is: 'ПЕРЕДАЧА ЭЛЕКТРОЭНЕРГИИ (ИТОГО, по всем видам тарифа)'

02-12-2024T08:18:05 - [MESSAGE][PASSED] - Text of object 'Object Repository/Выручка в рублях/Фильтр Выручка Выручка' is: 'ПЕРЕДАЧА ЭЛЕКТРОЭНЕРГИИ (ИТОГО, по всем видам тарифа)'

02-12-2024T08:18:05 - [TEST_STEP][PASSED] - println("viruchka" + viruchka): null

02-12-2024T08:18:05 - [TEST_STEP][PASSED] - println("vidget" + vidget): null

02-12-2024T08:18:05 - [TEST_STEP][PASSED] - println("a" + a): null

02-12-2024T08:18:05 - [TEST_STEP][PASSED] - println("b" + b): null

02-12-2024T08:18:05 - [TEST_STEP][PASSED] - sheetName = "Sheet1": null

02-12-2024T08:18:05 - [TEST_STEP][PASSED] - data = findTestData("PlanFact"): null

02-12-2024T08:18:05 - [TEST_STEP][PASSED] - n = data.getRowNumbers() + 1: null

02-12-2024T08:18:05 - [TEST_STEP][PASSED] - period = getText(findTestObject("Выручка в рублях/Фильтр Период")): Text of object 'Object Repository/Выручка в рублях/Фильтр Период' is: 'Октябрь и 1, 2, 3 кв. 2024 года'

02-12-2024T08:18:05 - [MESSAGE][PASSED] - Text of object 'Object Repository/Выручка в рублях/Фильтр Период' is: 'Октябрь и 1, 2, 3 кв. 2024 года'

02-12-2024T08:18:05 - [TEST_STEP][PASSED] - println(period): null

02-12-2024T08:18:05 - [TEST_STEP][PASSED] - dashboardName = "Выручка в рублях": null

02-12-2024T08:18:05 - [TEST_STEP][PASSED] - workbook01 = getWorkbook(excelFilePath): null

02-12-2024T08:18:05 - [TEST_STEP][PASSED] - sheet01 = getExcelSheet(workbook01, sheetName): null

02-12-2024T08:18:05 - [TEST_STEP][PASSED] - setValueToCellByIndex(sheet01, n, 0, dashboardName): null

02-12-2024T08:18:05 - [TEST_STEP][PASSED] - setValueToCellByIndex(sheet01, n, 1, dZO): null

02-12-2024T08:18:05 - [TEST_STEP][PASSED] - setValueToCellByIndex(sheet01, n, 2, vidget): null

02-12-2024T08:18:05 - [TEST_STEP][PASSED] - setValueToCellByIndex(sheet01, n, 3, viruchka): null

02-12-2024T08:18:05 - [TEST_STEP][PASSED] - setValueToCellByIndex(sheet01, n, 4, typeOfData): null

02-12-2024T08:18:05 - [TEST_STEP][PASSED] - if (a == null): null

02-12-2024T08:18:05 - [TEST_STEP][PASSED] - else: null

02-12-2024T08:18:05 - [TEST_STEP][PASSED] - setValueToCellByIndex(sheet01, n, 5, a): null

02-12-2024T08:18:05 - [TEST_STEP][PASSED] - if (b == null): null

02-12-2024T08:18:05 - [TEST_STEP][PASSED] - else: null

02-12-2024T08:18:05 - [TEST_STEP][PASSED] - setValueToCellByIndex(sheet01, n, 6, b): null

02-12-2024T08:18:05 - [TEST_STEP][PASSED] - setValueToCellByIndex(sheet01, n, 7, period): null

02-12-2024T08:18:05 - [TEST_STEP][PASSED] - setValueToCellByIndex(sheet01, n, 8, todaysDate): null

02-12-2024T08:18:05 - [TEST_STEP][PASSED] - n = n + 1: null

02-12-2024T08:18:05 - [TEST_STEP][PASSED] - saveWorkbook(excelFilePath, workbook01): null

02-12-2024T08:18:05 - [TEST_STEP][PASSED] - dZO = "Россети Тюмень": null

02-12-2024T08:18:05 - [TEST_STEP][FAILED] - if (verifyEqual(a311, b311) == false): null

02-12-2024T08:18:05 - [MESSAGE][FAILED] - Unable to verify equal between actual object '-53.69' and expected object '-7.39' (Root cause: com.kms.katalon.core.exception.StepFailedException: Actual object '-53.69' and expected object '-7.39' are not equal
	at com.kms.katalon.core.keyword.builtin.VerifyEqualKeyword$_verifyEqual_closure1.doCall(VerifyEqualKeyword.groovy:58)
	at com.kms.katalon.core.keyword.builtin.VerifyEqualKeyword$_verifyEqual_closure1.call(VerifyEqualKeyword.groovy)
	at com.kms.katalon.core.keyword.internal.KeywordMain.runKeyword(KeywordMain.groovy:75)
	at com.kms.katalon.core.keyword.builtin.VerifyEqualKeyword.verifyEqual(VerifyEqualKeyword.groovy:63)
	at com.kms.katalon.core.keyword.builtin.VerifyEqualKeyword.execute(VerifyEqualKeyword.groovy:44)
	at com.kms.katalon.core.keyword.internal.KeywordExecutor.executeKeywordForPlatform(KeywordExecutor.groovy:74)
	at com.kms.katalon.core.keyword.BuiltinKeywords.verifyEqual(BuiltinKeywords.groovy:146)
	at jdk.internal.reflect.GeneratedMethodAccessor25.invoke(Unknown Source)
	at java.base/jdk.internal.reflect.DelegatingMethodAccessorImpl.invoke(DelegatingMethodAccessorImpl.java:43)
	at Выручка в рублях сверка дашбордов ПАО Россети.Blocks(Выручка в рублях сверка дашбордов ПАО Россети:467)
	at Выручка в рублях сверка дашбордов ПАО Россети.ViruchkaChange(Выручка в рублях сверка дашбордов ПАО Россети:60)
	at Выручка в рублях сверка дашбордов ПАО Россети.run(Выручка в рублях сверка дашбордов ПАО Россети:55)
	at com.kms.katalon.core.main.ScriptEngine.run(ScriptEngine.java:194)
	at com.kms.katalon.core.main.ScriptEngine.runScriptAsRawText(ScriptEngine.java:119)
	at com.kms.katalon.core.main.TestCaseExecutor.runScript(TestCaseExecutor.java:448)
	at com.kms.katalon.core.main.TestCaseExecutor.doExecute(TestCaseExecutor.java:439)
	at com.kms.katalon.core.main.TestCaseExecutor.processExecutionPhase(TestCaseExecutor.java:418)
	at com.kms.katalon.core.main.TestCaseExecutor.accessMainPhase(TestCaseExecutor.java:410)
	at com.kms.katalon.core.main.TestCaseExecutor.execute(TestCaseExecutor.java:285)
	at com.kms.katalon.core.common.CommonExecutor.accessTestCaseMainPhase(CommonExecutor.java:65)
	at com.kms.katalon.core.main.TestSuiteExecutor.accessTestSuiteMainPhase(TestSuiteExecutor.java:150)
	at com.kms.katalon.core.main.TestSuiteExecutor.execute(TestSuiteExecutor.java:106)
	at com.kms.katalon.core.main.TestCaseMain.startTestSuite(TestCaseMain.java:180)
	at TempTestSuite1733111659562.run(TempTestSuite1733111659562.groovy:35)
	at java.base/jdk.internal.reflect.NativeMethodAccessorImpl.invoke0(Native Method)
	at java.base/jdk.internal.reflect.NativeMethodAccessorImpl.invoke(NativeMethodAccessorImpl.java:77)
	at java.base/jdk.internal.reflect.DelegatingMethodAccessorImpl.invoke(DelegatingMethodAccessorImpl.java:43)
)

02-12-2024T08:18:05 - [TEST_STEP][PASSED] - a = replaceAll("\s+", "").toDouble(): null

02-12-2024T08:18:05 - [TEST_STEP][PASSED] - b = replaceAll("\s+", "").toDouble(): null

02-12-2024T08:18:05 - [TEST_STEP][PASSED] - Script1710234207206.WriteToExcel(todaysDate, run, vir, block, typeOfData, viruchka, vidget, nameOfBlock, a, b, dZO): null

02-12-2024T08:18:05 - [TEST_STEP][PASSED] - println(run): null

02-12-2024T08:18:05 - [TEST_STEP][PASSED] - if (run == 1): null

02-12-2024T08:18:05 - [TEST_STEP][PASSED] - else if (run == 2): null

02-12-2024T08:18:05 - [TEST_STEP][PASSED] - typeOfData = "Проценты": null

02-12-2024T08:18:05 - [TEST_STEP][PASSED] - println("todaysDate:" + todaysDate): null

02-12-2024T08:18:05 - [TEST_STEP][PASSED] - println("typeOfData:" + typeOfData): null

02-12-2024T08:18:05 - [TEST_STEP][PASSED] - viruchka = getText(findTestObject("Выручка в рублях/Фильтр Выручка" + nameOfBlock)): Text of object 'Object Repository/Выручка в рублях/Фильтр Выручка Выручка' is: 'ПЕРЕДАЧА ЭЛЕКТРОЭНЕРГИИ (ИТОГО, по всем видам тарифа)'

02-12-2024T08:18:06 - [MESSAGE][PASSED] - Text of object 'Object Repository/Выручка в рублях/Фильтр Выручка Выручка' is: 'ПЕРЕДАЧА ЭЛЕКТРОЭНЕРГИИ (ИТОГО, по всем видам тарифа)'

02-12-2024T08:18:06 - [TEST_STEP][PASSED] - println("viruchka" + viruchka): null

02-12-2024T08:18:06 - [TEST_STEP][PASSED] - println("vidget" + vidget): null

02-12-2024T08:18:06 - [TEST_STEP][PASSED] - println("a" + a): null

02-12-2024T08:18:06 - [TEST_STEP][PASSED] - println("b" + b): null

02-12-2024T08:18:06 - [TEST_STEP][PASSED] - sheetName = "Sheet1": null

02-12-2024T08:18:06 - [TEST_STEP][PASSED] - data = findTestData("PlanFact"): null

02-12-2024T08:18:06 - [TEST_STEP][PASSED] - n = data.getRowNumbers() + 1: null

02-12-2024T08:18:06 - [TEST_STEP][PASSED] - period = getText(findTestObject("Выручка в рублях/Фильтр Период")): Text of object 'Object Repository/Выручка в рублях/Фильтр Период' is: 'Октябрь и 1, 2, 3 кв. 2024 года'

02-12-2024T08:18:06 - [MESSAGE][PASSED] - Text of object 'Object Repository/Выручка в рублях/Фильтр Период' is: 'Октябрь и 1, 2, 3 кв. 2024 года'

02-12-2024T08:18:06 - [TEST_STEP][PASSED] - println(period): null

02-12-2024T08:18:06 - [TEST_STEP][PASSED] - dashboardName = "Выручка в рублях": null

02-12-2024T08:18:06 - [TEST_STEP][PASSED] - workbook01 = getWorkbook(excelFilePath): null

02-12-2024T08:18:06 - [TEST_STEP][PASSED] - sheet01 = getExcelSheet(workbook01, sheetName): null

02-12-2024T08:18:06 - [TEST_STEP][PASSED] - setValueToCellByIndex(sheet01, n, 0, dashboardName): null

02-12-2024T08:18:06 - [TEST_STEP][PASSED] - setValueToCellByIndex(sheet01, n, 1, dZO): null

02-12-2024T08:18:06 - [TEST_STEP][PASSED] - setValueToCellByIndex(sheet01, n, 2, vidget): null

02-12-2024T08:18:06 - [TEST_STEP][PASSED] - setValueToCellByIndex(sheet01, n, 3, viruchka): null

02-12-2024T08:18:06 - [TEST_STEP][PASSED] - setValueToCellByIndex(sheet01, n, 4, typeOfData): null

02-12-2024T08:18:06 - [TEST_STEP][PASSED] - if (a == null): null

02-12-2024T08:18:06 - [TEST_STEP][PASSED] - else: null

02-12-2024T08:18:06 - [TEST_STEP][PASSED] - setValueToCellByIndex(sheet01, n, 5, a): null

02-12-2024T08:18:06 - [TEST_STEP][PASSED] - if (b == null): null

02-12-2024T08:18:06 - [TEST_STEP][PASSED] - else: null

02-12-2024T08:18:06 - [TEST_STEP][PASSED] - setValueToCellByIndex(sheet01, n, 6, b): null

02-12-2024T08:18:06 - [TEST_STEP][PASSED] - setValueToCellByIndex(sheet01, n, 7, period): null

02-12-2024T08:18:06 - [TEST_STEP][PASSED] - setValueToCellByIndex(sheet01, n, 8, todaysDate): null

02-12-2024T08:18:06 - [TEST_STEP][PASSED] - n = n + 1: null

02-12-2024T08:18:06 - [TEST_STEP][PASSED] - saveWorkbook(excelFilePath, workbook01): null

02-12-2024T08:18:06 - [TEST_STEP][PASSED] - dZO = "Россети Урал (ГК)": null

02-12-2024T08:18:06 - [TEST_STEP][PASSED] - if (verifyEqual(a312, b312) == false): Actual object '2.27' and expected object '2.27' are equal

02-12-2024T08:18:06 - [MESSAGE][PASSED] - Actual object '2.27' and expected object '2.27' are equal

02-12-2024T08:18:06 - [TEST_STEP][PASSED] - dZO = "Россети ФСК ЕЭС": null

02-12-2024T08:18:06 - [TEST_STEP][PASSED] - if (verifyEqual(a313, b313) == false): Actual object '-9.49' and expected object '-9.49' are equal

02-12-2024T08:18:06 - [MESSAGE][PASSED] - Actual object '-9.49' and expected object '-9.49' are equal

02-12-2024T08:18:06 - [TEST_STEP][PASSED] - dZO = "Россети Центр": null

02-12-2024T08:18:06 - [TEST_STEP][FAILED] - if (verifyEqual(a314, b314) == false): null

02-12-2024T08:18:06 - [MESSAGE][FAILED] - Unable to verify equal between actual object '-31.28' and expected object '2.55' (Root cause: com.kms.katalon.core.exception.StepFailedException: Actual object '-31.28' and expected object '2.55' are not equal
	at com.kms.katalon.core.keyword.builtin.VerifyEqualKeyword$_verifyEqual_closure1.doCall(VerifyEqualKeyword.groovy:58)
	at com.kms.katalon.core.keyword.builtin.VerifyEqualKeyword$_verifyEqual_closure1.call(VerifyEqualKeyword.groovy)
	at com.kms.katalon.core.keyword.internal.KeywordMain.runKeyword(KeywordMain.groovy:75)
	at com.kms.katalon.core.keyword.builtin.VerifyEqualKeyword.verifyEqual(VerifyEqualKeyword.groovy:63)
	at com.kms.katalon.core.keyword.builtin.VerifyEqualKeyword.execute(VerifyEqualKeyword.groovy:44)
	at com.kms.katalon.core.keyword.internal.KeywordExecutor.executeKeywordForPlatform(KeywordExecutor.groovy:74)
	at com.kms.katalon.core.keyword.BuiltinKeywords.verifyEqual(BuiltinKeywords.groovy:146)
	at jdk.internal.reflect.GeneratedMethodAccessor25.invoke(Unknown Source)
	at java.base/jdk.internal.reflect.DelegatingMethodAccessorImpl.invoke(DelegatingMethodAccessorImpl.java:43)
	at Выручка в рублях сверка дашбордов ПАО Россети.Blocks(Выручка в рублях сверка дашбордов ПАО Россети:497)
	at Выручка в рублях сверка дашбордов ПАО Россети.ViruchkaChange(Выручка в рублях сверка дашбордов ПАО Россети:60)
	at Выручка в рублях сверка дашбордов ПАО Россети.run(Выручка в рублях сверка дашбордов ПАО Россети:55)
	at com.kms.katalon.core.main.ScriptEngine.run(ScriptEngine.java:194)
	at com.kms.katalon.core.main.ScriptEngine.runScriptAsRawText(ScriptEngine.java:119)
	at com.kms.katalon.core.main.TestCaseExecutor.runScript(TestCaseExecutor.java:448)
	at com.kms.katalon.core.main.TestCaseExecutor.doExecute(TestCaseExecutor.java:439)
	at com.kms.katalon.core.main.TestCaseExecutor.processExecutionPhase(TestCaseExecutor.java:418)
	at com.kms.katalon.core.main.TestCaseExecutor.accessMainPhase(TestCaseExecutor.java:410)
	at com.kms.katalon.core.main.TestCaseExecutor.execute(TestCaseExecutor.java:285)
	at com.kms.katalon.core.common.CommonExecutor.accessTestCaseMainPhase(CommonExecutor.java:65)
	at com.kms.katalon.core.main.TestSuiteExecutor.accessTestSuiteMainPhase(TestSuiteExecutor.java:150)
	at com.kms.katalon.core.main.TestSuiteExecutor.execute(TestSuiteExecutor.java:106)
	at com.kms.katalon.core.main.TestCaseMain.startTestSuite(TestCaseMain.java:180)
	at TempTestSuite1733111659562.run(TempTestSuite1733111659562.groovy:35)
	at java.base/jdk.internal.reflect.NativeMethodAccessorImpl.invoke0(Native Method)
	at java.base/jdk.internal.reflect.NativeMethodAccessorImpl.invoke(NativeMethodAccessorImpl.java:77)
	at java.base/jdk.internal.reflect.DelegatingMethodAccessorImpl.invoke(DelegatingMethodAccessorImpl.java:43)
)

02-12-2024T08:18:06 - [TEST_STEP][PASSED] - a = replaceAll("\s+", "").toDouble(): null

02-12-2024T08:18:06 - [TEST_STEP][PASSED] - b = replaceAll("\s+", "").toDouble(): null

02-12-2024T08:18:06 - [TEST_STEP][PASSED] - Script1710234207206.WriteToExcel(todaysDate, run, vir, block, typeOfData, viruchka, vidget, nameOfBlock, a, b, dZO): null

02-12-2024T08:18:06 - [TEST_STEP][PASSED] - println(run): null

02-12-2024T08:18:06 - [TEST_STEP][PASSED] - if (run == 1): null

02-12-2024T08:18:06 - [TEST_STEP][PASSED] - else if (run == 2): null

02-12-2024T08:18:06 - [TEST_STEP][PASSED] - typeOfData = "Проценты": null

02-12-2024T08:18:06 - [TEST_STEP][PASSED] - println("todaysDate:" + todaysDate): null

02-12-2024T08:18:06 - [TEST_STEP][PASSED] - println("typeOfData:" + typeOfData): null

02-12-2024T08:18:06 - [TEST_STEP][PASSED] - viruchka = getText(findTestObject("Выручка в рублях/Фильтр Выручка" + nameOfBlock)): Text of object 'Object Repository/Выручка в рублях/Фильтр Выручка Выручка' is: 'ПЕРЕДАЧА ЭЛЕКТРОЭНЕРГИИ (ИТОГО, по всем видам тарифа)'

02-12-2024T08:18:07 - [MESSAGE][PASSED] - Text of object 'Object Repository/Выручка в рублях/Фильтр Выручка Выручка' is: 'ПЕРЕДАЧА ЭЛЕКТРОЭНЕРГИИ (ИТОГО, по всем видам тарифа)'

02-12-2024T08:18:07 - [TEST_STEP][PASSED] - println("viruchka" + viruchka): null

02-12-2024T08:18:07 - [TEST_STEP][PASSED] - println("vidget" + vidget): null

02-12-2024T08:18:07 - [TEST_STEP][PASSED] - println("a" + a): null

02-12-2024T08:18:07 - [TEST_STEP][PASSED] - println("b" + b): null

02-12-2024T08:18:07 - [TEST_STEP][PASSED] - sheetName = "Sheet1": null

02-12-2024T08:18:07 - [TEST_STEP][PASSED] - data = findTestData("PlanFact"): null

02-12-2024T08:18:07 - [TEST_STEP][PASSED] - n = data.getRowNumbers() + 1: null

02-12-2024T08:18:07 - [TEST_STEP][PASSED] - period = getText(findTestObject("Выручка в рублях/Фильтр Период")): Text of object 'Object Repository/Выручка в рублях/Фильтр Период' is: 'Октябрь и 1, 2, 3 кв. 2024 года'

02-12-2024T08:18:07 - [MESSAGE][PASSED] - Text of object 'Object Repository/Выручка в рублях/Фильтр Период' is: 'Октябрь и 1, 2, 3 кв. 2024 года'

02-12-2024T08:18:07 - [TEST_STEP][PASSED] - println(period): null

02-12-2024T08:18:07 - [TEST_STEP][PASSED] - dashboardName = "Выручка в рублях": null

02-12-2024T08:18:07 - [TEST_STEP][PASSED] - workbook01 = getWorkbook(excelFilePath): null

02-12-2024T08:18:07 - [TEST_STEP][PASSED] - sheet01 = getExcelSheet(workbook01, sheetName): null

02-12-2024T08:18:07 - [TEST_STEP][PASSED] - setValueToCellByIndex(sheet01, n, 0, dashboardName): null

02-12-2024T08:18:07 - [TEST_STEP][PASSED] - setValueToCellByIndex(sheet01, n, 1, dZO): null

02-12-2024T08:18:07 - [TEST_STEP][PASSED] - setValueToCellByIndex(sheet01, n, 2, vidget): null

02-12-2024T08:18:07 - [TEST_STEP][PASSED] - setValueToCellByIndex(sheet01, n, 3, viruchka): null

02-12-2024T08:18:07 - [TEST_STEP][PASSED] - setValueToCellByIndex(sheet01, n, 4, typeOfData): null

02-12-2024T08:18:07 - [TEST_STEP][PASSED] - if (a == null): null

02-12-2024T08:18:07 - [TEST_STEP][PASSED] - else: null

02-12-2024T08:18:07 - [TEST_STEP][PASSED] - setValueToCellByIndex(sheet01, n, 5, a): null

02-12-2024T08:18:07 - [TEST_STEP][PASSED] - if (b == null): null

02-12-2024T08:18:07 - [TEST_STEP][PASSED] - else: null

02-12-2024T08:18:07 - [TEST_STEP][PASSED] - setValueToCellByIndex(sheet01, n, 6, b): null

02-12-2024T08:18:07 - [TEST_STEP][PASSED] - setValueToCellByIndex(sheet01, n, 7, period): null

02-12-2024T08:18:07 - [TEST_STEP][PASSED] - setValueToCellByIndex(sheet01, n, 8, todaysDate): null

02-12-2024T08:18:07 - [TEST_STEP][PASSED] - n = n + 1: null

02-12-2024T08:18:07 - [TEST_STEP][PASSED] - saveWorkbook(excelFilePath, workbook01): null

02-12-2024T08:18:07 - [TEST_STEP][PASSED] - dZO = "Россети Центр и Приволжье (ГК)": null

02-12-2024T08:18:07 - [TEST_STEP][PASSED] - if (verifyEqual(a315, b315) == false): Actual object '4.33' and expected object '4.33' are equal

02-12-2024T08:18:07 - [MESSAGE][PASSED] - Actual object '4.33' and expected object '4.33' are equal

02-12-2024T08:18:07 - [TEST_STEP][PASSED] - dZO = "Россети Юг (ГК)": null

02-12-2024T08:18:07 - [TEST_STEP][FAILED] - if (verifyEqual(a316, b316) == false): null

02-12-2024T08:18:07 - [MESSAGE][FAILED] - Unable to verify equal between actual object '-48.44' and expected object '3.11' (Root cause: com.kms.katalon.core.exception.StepFailedException: Actual object '-48.44' and expected object '3.11' are not equal
	at com.kms.katalon.core.keyword.builtin.VerifyEqualKeyword$_verifyEqual_closure1.doCall(VerifyEqualKeyword.groovy:58)
	at com.kms.katalon.core.keyword.builtin.VerifyEqualKeyword$_verifyEqual_closure1.call(VerifyEqualKeyword.groovy)
	at com.kms.katalon.core.keyword.internal.KeywordMain.runKeyword(KeywordMain.groovy:75)
	at com.kms.katalon.core.keyword.builtin.VerifyEqualKeyword.verifyEqual(VerifyEqualKeyword.groovy:63)
	at com.kms.katalon.core.keyword.builtin.VerifyEqualKeyword.execute(VerifyEqualKeyword.groovy:44)
	at com.kms.katalon.core.keyword.internal.KeywordExecutor.executeKeywordForPlatform(KeywordExecutor.groovy:74)
	at com.kms.katalon.core.keyword.BuiltinKeywords.verifyEqual(BuiltinKeywords.groovy:146)
	at jdk.internal.reflect.GeneratedMethodAccessor25.invoke(Unknown Source)
	at java.base/jdk.internal.reflect.DelegatingMethodAccessorImpl.invoke(DelegatingMethodAccessorImpl.java:43)
	at Выручка в рублях сверка дашбордов ПАО Россети.Blocks(Выручка в рублях сверка дашбордов ПАО Россети:517)
	at Выручка в рублях сверка дашбордов ПАО Россети.ViruchkaChange(Выручка в рублях сверка дашбордов ПАО Россети:60)
	at Выручка в рублях сверка дашбордов ПАО Россети.run(Выручка в рублях сверка дашбордов ПАО Россети:55)
	at com.kms.katalon.core.main.ScriptEngine.run(ScriptEngine.java:194)
	at com.kms.katalon.core.main.ScriptEngine.runScriptAsRawText(ScriptEngine.java:119)
	at com.kms.katalon.core.main.TestCaseExecutor.runScript(TestCaseExecutor.java:448)
	at com.kms.katalon.core.main.TestCaseExecutor.doExecute(TestCaseExecutor.java:439)
	at com.kms.katalon.core.main.TestCaseExecutor.processExecutionPhase(TestCaseExecutor.java:418)
	at com.kms.katalon.core.main.TestCaseExecutor.accessMainPhase(TestCaseExecutor.java:410)
	at com.kms.katalon.core.main.TestCaseExecutor.execute(TestCaseExecutor.java:285)
	at com.kms.katalon.core.common.CommonExecutor.accessTestCaseMainPhase(CommonExecutor.java:65)
	at com.kms.katalon.core.main.TestSuiteExecutor.accessTestSuiteMainPhase(TestSuiteExecutor.java:150)
	at com.kms.katalon.core.main.TestSuiteExecutor.execute(TestSuiteExecutor.java:106)
	at com.kms.katalon.core.main.TestCaseMain.startTestSuite(TestCaseMain.java:180)
	at TempTestSuite1733111659562.run(TempTestSuite1733111659562.groovy:35)
	at java.base/jdk.internal.reflect.NativeMethodAccessorImpl.invoke0(Native Method)
	at java.base/jdk.internal.reflect.NativeMethodAccessorImpl.invoke(NativeMethodAccessorImpl.java:77)
	at java.base/jdk.internal.reflect.DelegatingMethodAccessorImpl.invoke(DelegatingMethodAccessorImpl.java:43)
)

02-12-2024T08:18:07 - [TEST_STEP][PASSED] - a = replaceAll("\s+", "").toDouble(): null

02-12-2024T08:18:07 - [TEST_STEP][PASSED] - b = replaceAll("\s+", "").toDouble(): null

02-12-2024T08:18:07 - [TEST_STEP][PASSED] - Script1710234207206.WriteToExcel(todaysDate, run, vir, block, typeOfData, viruchka, vidget, nameOfBlock, a, b, dZO): null

02-12-2024T08:18:07 - [TEST_STEP][PASSED] - println(run): null

02-12-2024T08:18:07 - [TEST_STEP][PASSED] - if (run == 1): null

02-12-2024T08:18:07 - [TEST_STEP][PASSED] - else if (run == 2): null

02-12-2024T08:18:07 - [TEST_STEP][PASSED] - typeOfData = "Проценты": null

02-12-2024T08:18:07 - [TEST_STEP][PASSED] - println("todaysDate:" + todaysDate): null

02-12-2024T08:18:07 - [TEST_STEP][PASSED] - println("typeOfData:" + typeOfData): null

02-12-2024T08:18:07 - [TEST_STEP][PASSED] - viruchka = getText(findTestObject("Выручка в рублях/Фильтр Выручка" + nameOfBlock)): Text of object 'Object Repository/Выручка в рублях/Фильтр Выручка Выручка' is: 'ПЕРЕДАЧА ЭЛЕКТРОЭНЕРГИИ (ИТОГО, по всем видам тарифа)'

02-12-2024T08:18:07 - [MESSAGE][PASSED] - Text of object 'Object Repository/Выручка в рублях/Фильтр Выручка Выручка' is: 'ПЕРЕДАЧА ЭЛЕКТРОЭНЕРГИИ (ИТОГО, по всем видам тарифа)'

02-12-2024T08:18:07 - [TEST_STEP][PASSED] - println("viruchka" + viruchka): null

02-12-2024T08:18:07 - [TEST_STEP][PASSED] - println("vidget" + vidget): null

02-12-2024T08:18:07 - [TEST_STEP][PASSED] - println("a" + a): null

02-12-2024T08:18:07 - [TEST_STEP][PASSED] - println("b" + b): null

02-12-2024T08:18:07 - [TEST_STEP][PASSED] - sheetName = "Sheet1": null

02-12-2024T08:18:07 - [TEST_STEP][PASSED] - data = findTestData("PlanFact"): null

02-12-2024T08:18:08 - [TEST_STEP][PASSED] - n = data.getRowNumbers() + 1: null

02-12-2024T08:18:08 - [TEST_STEP][PASSED] - period = getText(findTestObject("Выручка в рублях/Фильтр Период")): Text of object 'Object Repository/Выручка в рублях/Фильтр Период' is: 'Октябрь и 1, 2, 3 кв. 2024 года'

02-12-2024T08:18:08 - [MESSAGE][PASSED] - Text of object 'Object Repository/Выручка в рублях/Фильтр Период' is: 'Октябрь и 1, 2, 3 кв. 2024 года'

02-12-2024T08:18:08 - [TEST_STEP][PASSED] - println(period): null

02-12-2024T08:18:08 - [TEST_STEP][PASSED] - dashboardName = "Выручка в рублях": null

02-12-2024T08:18:08 - [TEST_STEP][PASSED] - workbook01 = getWorkbook(excelFilePath): null

02-12-2024T08:18:08 - [TEST_STEP][PASSED] - sheet01 = getExcelSheet(workbook01, sheetName): null

02-12-2024T08:18:08 - [TEST_STEP][PASSED] - setValueToCellByIndex(sheet01, n, 0, dashboardName): null

02-12-2024T08:18:08 - [TEST_STEP][PASSED] - setValueToCellByIndex(sheet01, n, 1, dZO): null

02-12-2024T08:18:08 - [TEST_STEP][PASSED] - setValueToCellByIndex(sheet01, n, 2, vidget): null

02-12-2024T08:18:08 - [TEST_STEP][PASSED] - setValueToCellByIndex(sheet01, n, 3, viruchka): null

02-12-2024T08:18:08 - [TEST_STEP][PASSED] - setValueToCellByIndex(sheet01, n, 4, typeOfData): null

02-12-2024T08:18:08 - [TEST_STEP][PASSED] - if (a == null): null

02-12-2024T08:18:08 - [TEST_STEP][PASSED] - else: null

02-12-2024T08:18:08 - [TEST_STEP][PASSED] - setValueToCellByIndex(sheet01, n, 5, a): null

02-12-2024T08:18:08 - [TEST_STEP][PASSED] - if (b == null): null

02-12-2024T08:18:08 - [TEST_STEP][PASSED] - else: null

02-12-2024T08:18:08 - [TEST_STEP][PASSED] - setValueToCellByIndex(sheet01, n, 6, b): null

02-12-2024T08:18:08 - [TEST_STEP][PASSED] - setValueToCellByIndex(sheet01, n, 7, period): null

02-12-2024T08:18:08 - [TEST_STEP][PASSED] - setValueToCellByIndex(sheet01, n, 8, todaysDate): null

02-12-2024T08:18:08 - [TEST_STEP][PASSED] - n = n + 1: null

02-12-2024T08:18:08 - [TEST_STEP][PASSED] - saveWorkbook(excelFilePath, workbook01): null

02-12-2024T08:18:08 - [TEST_STEP][PASSED] - dZO = "Россети Янтарь": null

02-12-2024T08:18:08 - [TEST_STEP][PASSED] - if (verifyEqual(a317, b317) == false): Actual object '4.04' and expected object '4.04' are equal

02-12-2024T08:18:08 - [MESSAGE][PASSED] - Actual object '4.04' and expected object '4.04' are equal

02-12-2024T08:18:08 - [TEST_STEP][PASSED] - closeBrowser(): null

02-12-2024T08:18:09 - [MESSAGE][PASSED] - Browser is closed

02-12-2024T08:18:09 - [TEST_STEP][PASSED] - Script1710234207206.Blocks(run, vir, block, nameOfBlock, typeOfData, viruchka, vidget, todaysDate, a, b, dZO, x, y): null

02-12-2024T08:18:09 - [TEST_STEP][PASSED] - i = <not implemented yet for class: org.codehaus.groovy.ast.expr.EmptyExpression>: null

02-12-2024T08:18:09 - [TEST_STEP][PASSED] - perc = "": null

02-12-2024T08:18:09 - [TEST_STEP][PASSED] - a1 = <not implemented yet for class: org.codehaus.groovy.ast.expr.EmptyExpression>: null

02-12-2024T08:18:09 - [TEST_STEP][PASSED] - a2 = <not implemented yet for class: org.codehaus.groovy.ast.expr.EmptyExpression>: null

02-12-2024T08:18:09 - [TEST_STEP][PASSED] - a30 = <not implemented yet for class: org.codehaus.groovy.ast.expr.EmptyExpression>: null

02-12-2024T08:18:09 - [TEST_STEP][PASSED] - a31 = <not implemented yet for class: org.codehaus.groovy.ast.expr.EmptyExpression>: null

02-12-2024T08:18:09 - [TEST_STEP][PASSED] - a32 = <not implemented yet for class: org.codehaus.groovy.ast.expr.EmptyExpression>: null

02-12-2024T08:18:09 - [TEST_STEP][PASSED] - a33 = <not implemented yet for class: org.codehaus.groovy.ast.expr.EmptyExpression>: null

02-12-2024T08:18:09 - [TEST_STEP][PASSED] - a34 = <not implemented yet for class: org.codehaus.groovy.ast.expr.EmptyExpression>: null

02-12-2024T08:18:09 - [TEST_STEP][PASSED] - a35 = <not implemented yet for class: org.codehaus.groovy.ast.expr.EmptyExpression>: null

02-12-2024T08:18:09 - [TEST_STEP][PASSED] - a36 = <not implemented yet for class: org.codehaus.groovy.ast.expr.EmptyExpression>: null

02-12-2024T08:18:09 - [TEST_STEP][PASSED] - a37 = <not implemented yet for class: org.codehaus.groovy.ast.expr.EmptyExpression>: null

02-12-2024T08:18:09 - [TEST_STEP][PASSED] - a38 = <not implemented yet for class: org.codehaus.groovy.ast.expr.EmptyExpression>: null

02-12-2024T08:18:09 - [TEST_STEP][PASSED] - a39 = <not implemented yet for class: org.codehaus.groovy.ast.expr.EmptyExpression>: null

02-12-2024T08:18:09 - [TEST_STEP][PASSED] - a310 = <not implemented yet for class: org.codehaus.groovy.ast.expr.EmptyExpression>: null

02-12-2024T08:18:09 - [TEST_STEP][PASSED] - a311 = <not implemented yet for class: org.codehaus.groovy.ast.expr.EmptyExpression>: null

02-12-2024T08:18:09 - [TEST_STEP][PASSED] - a312 = <not implemented yet for class: org.codehaus.groovy.ast.expr.EmptyExpression>: null

02-12-2024T08:18:09 - [TEST_STEP][PASSED] - a313 = <not implemented yet for class: org.codehaus.groovy.ast.expr.EmptyExpression>: null

02-12-2024T08:18:09 - [TEST_STEP][PASSED] - a314 = <not implemented yet for class: org.codehaus.groovy.ast.expr.EmptyExpression>: null

02-12-2024T08:18:09 - [TEST_STEP][PASSED] - a315 = <not implemented yet for class: org.codehaus.groovy.ast.expr.EmptyExpression>: null

02-12-2024T08:18:09 - [TEST_STEP][PASSED] - a316 = <not implemented yet for class: org.codehaus.groovy.ast.expr.EmptyExpression>: null

02-12-2024T08:18:09 - [TEST_STEP][PASSED] - a317 = <not implemented yet for class: org.codehaus.groovy.ast.expr.EmptyExpression>: null

02-12-2024T08:18:09 - [TEST_STEP][PASSED] - b1 = <not implemented yet for class: org.codehaus.groovy.ast.expr.EmptyExpression>: null

02-12-2024T08:18:09 - [TEST_STEP][PASSED] - b2 = <not implemented yet for class: org.codehaus.groovy.ast.expr.EmptyExpression>: null

02-12-2024T08:18:09 - [TEST_STEP][PASSED] - b30 = <not implemented yet for class: org.codehaus.groovy.ast.expr.EmptyExpression>: null

02-12-2024T08:18:09 - [TEST_STEP][PASSED] - b31 = <not implemented yet for class: org.codehaus.groovy.ast.expr.EmptyExpression>: null

02-12-2024T08:18:09 - [TEST_STEP][PASSED] - b32 = <not implemented yet for class: org.codehaus.groovy.ast.expr.EmptyExpression>: null

02-12-2024T08:18:09 - [TEST_STEP][PASSED] - b33 = <not implemented yet for class: org.codehaus.groovy.ast.expr.EmptyExpression>: null

02-12-2024T08:18:09 - [TEST_STEP][PASSED] - b34 = <not implemented yet for class: org.codehaus.groovy.ast.expr.EmptyExpression>: null

02-12-2024T08:18:09 - [TEST_STEP][PASSED] - b35 = <not implemented yet for class: org.codehaus.groovy.ast.expr.EmptyExpression>: null

02-12-2024T08:18:09 - [TEST_STEP][PASSED] - b36 = <not implemented yet for class: org.codehaus.groovy.ast.expr.EmptyExpression>: null

02-12-2024T08:18:09 - [TEST_STEP][PASSED] - b37 = <not implemented yet for class: org.codehaus.groovy.ast.expr.EmptyExpression>: null

02-12-2024T08:18:09 - [TEST_STEP][PASSED] - b38 = <not implemented yet for class: org.codehaus.groovy.ast.expr.EmptyExpression>: null

02-12-2024T08:18:09 - [TEST_STEP][PASSED] - b39 = <not implemented yet for class: org.codehaus.groovy.ast.expr.EmptyExpression>: null

02-12-2024T08:18:09 - [TEST_STEP][PASSED] - b310 = <not implemented yet for class: org.codehaus.groovy.ast.expr.EmptyExpression>: null

02-12-2024T08:18:09 - [TEST_STEP][PASSED] - b311 = <not implemented yet for class: org.codehaus.groovy.ast.expr.EmptyExpression>: null

02-12-2024T08:18:09 - [TEST_STEP][PASSED] - b312 = <not implemented yet for class: org.codehaus.groovy.ast.expr.EmptyExpression>: null

02-12-2024T08:18:09 - [TEST_STEP][PASSED] - b313 = <not implemented yet for class: org.codehaus.groovy.ast.expr.EmptyExpression>: null

02-12-2024T08:18:09 - [TEST_STEP][PASSED] - b314 = <not implemented yet for class: org.codehaus.groovy.ast.expr.EmptyExpression>: null

02-12-2024T08:18:09 - [TEST_STEP][PASSED] - b315 = <not implemented yet for class: org.codehaus.groovy.ast.expr.EmptyExpression>: null

02-12-2024T08:18:09 - [TEST_STEP][PASSED] - b316 = <not implemented yet for class: org.codehaus.groovy.ast.expr.EmptyExpression>: null

02-12-2024T08:18:09 - [TEST_STEP][PASSED] - b317 = <not implemented yet for class: org.codehaus.groovy.ast.expr.EmptyExpression>: null

02-12-2024T08:18:09 - [TEST_STEP][PASSED] - block = 1: null

02-12-2024T08:18:09 - [TEST_STEP][PASSED] - nameOfBlock = "": null

02-12-2024T08:18:09 - [TEST_STEP][PASSED] - Script1710234207206.PreSettings(run, vir, block, nameOfBlock, typeOfData, todaysDate): null

02-12-2024T08:18:09 - [TEST_STEP][PASSED] - openBrowser(""): Browser is opened with url: ''

02-12-2024T08:18:09 - [MESSAGE][INFO] - Starting 'Chrome' driver

02-12-2024T08:18:09 - [MESSAGE][INFO] - Action delay is set to 0 milliseconds

02-12-2024T08:18:09 - [MESSAGE][PASSED] - Browser is opened with url: ''

02-12-2024T08:18:09 - [TEST_STEP][PASSED] - refresh(): Refresh successfully

02-12-2024T08:18:10 - [MESSAGE][PASSED] - Refresh successfully

02-12-2024T08:18:10 - [TEST_STEP][PASSED] - delay(50): Delayed 50 second(s)

02-12-2024T08:19:00 - [MESSAGE][PASSED] - Delayed 50 second(s)

02-12-2024T08:19:00 - [TEST_STEP][PASSED] - println("run:" + run): null

02-12-2024T08:19:00 - [TEST_STEP][PASSED] - println("vir:" + vir): null

02-12-2024T08:19:00 - [TEST_STEP][PASSED] - println("block:" + block): null

02-12-2024T08:19:00 - [TEST_STEP][PASSED] - if (block == 1): null

02-12-2024T08:19:00 - [TEST_STEP][PASSED] - nameOfBlock = "": null

02-12-2024T08:19:00 - [TEST_STEP][PASSED] - println("nameOfBlock:" + nameOfBlock): null

02-12-2024T08:19:00 - [TEST_STEP][PASSED] - println("typeOfData:" + typeOfData): null

02-12-2024T08:19:00 - [TEST_STEP][PASSED] - println("todaysDate:" + todaysDate): null

02-12-2024T08:19:00 - [TEST_STEP][PASSED] - Script1710234207206.Autorization(block, nameOfBlock): null

02-12-2024T08:19:00 - [TEST_STEP][PASSED] - i = <not implemented yet for class: org.codehaus.groovy.ast.expr.EmptyExpression>: null

02-12-2024T08:19:00 - [TEST_STEP][PASSED] - ii = <not implemented yet for class: org.codehaus.groovy.ast.expr.EmptyExpression>: null

02-12-2024T08:19:00 - [TEST_STEP][PASSED] - urlData = <not implemented yet for class: org.codehaus.groovy.ast.expr.EmptyExpression>: null

02-12-2024T08:19:00 - [TEST_STEP][PASSED] - searchWord = <not implemented yet for class: org.codehaus.groovy.ast.expr.EmptyExpression>: null

02-12-2024T08:19:00 - [TEST_STEP][PASSED] - urlText = <not implemented yet for class: org.codehaus.groovy.ast.expr.EmptyExpression>: null

02-12-2024T08:19:00 - [TEST_STEP][PASSED] - println("block:" + block): null

02-12-2024T08:19:00 - [TEST_STEP][PASSED] - if (block == 1): null

02-12-2024T08:19:00 - [TEST_STEP][PASSED] - nameOfBlock = "": null

02-12-2024T08:19:00 - [TEST_STEP][PASSED] - println("nameOfBlock:" + nameOfBlock): null

02-12-2024T08:19:00 - [TEST_STEP][PASSED] - if (block == 1): Delayed 45 second(s)

02-12-2024T08:19:00 - [TEST_STEP][PASSED] - urlData = 2: null

02-12-2024T08:19:00 - [TEST_STEP][PASSED] - delay(45): Delayed 45 second(s)

02-12-2024T08:19:45 - [MESSAGE][PASSED] - Delayed 45 second(s)

02-12-2024T08:19:45 - [TEST_STEP][PASSED] - navigateToUrl(findTestData("PlanFact").getValue(10, urlData)): Navigate to 'https://bi.rosseti.digital/viewer?dashboardGuid=2301950b23be4ed89c1df75f2020051e&sheetGuid=b723206f698544fb87299f3095c00435&fit=true' successfully

02-12-2024T08:19:51 - [MESSAGE][PASSED] - Navigate to 'https://bi.rosseti.digital/viewer?dashboardGuid=2301950b23be4ed89c1df75f2020051e&sheetGuid=b723206f698544fb87299f3095c00435&fit=true' successfully

02-12-2024T08:19:51 - [TEST_STEP][PASSED] - urlText = getText(findTestObject("Страница авторизации/Text")): Text of object 'Object Repository/Страница авторизации/Text' is: 'Вход'

02-12-2024T08:19:54 - [MESSAGE][PASSED] - Text of object 'Object Repository/Страница авторизации/Text' is: 'Вход'

02-12-2024T08:19:54 - [TEST_STEP][PASSED] - searchWord = "Вход": null

02-12-2024T08:19:54 - [TEST_STEP][PASSED] - if (urlText == null || urlText.contains("ошибка") || urlText.contains(searchWord) == false): null

02-12-2024T08:19:54 - [TEST_STEP][PASSED] - if (verifyElementPresent(findTestObject("Страница авторизации/button_"), 30) == true): null

02-12-2024T08:19:54 - [MESSAGE][PASSED] - Object 'Object Repository/Страница авторизации/button_' is present

02-12-2024T08:19:54 - [TEST_STEP][PASSED] - setText(findTestObject("Страница авторизации/input__username"), findTestData("PlanFact").getValue(8, 1)): Text 'liazgina-di' is set on object 'Object Repository/Страница авторизации/input__username'

02-12-2024T08:19:54 - [MESSAGE][PASSED] - Text 'liazgina-di' is set on object 'Object Repository/Страница авторизации/input__username'

02-12-2024T08:19:54 - [TEST_STEP][PASSED] - setText(findTestObject("Страница авторизации/input__password"), findTestData("PlanFact").getValue(9, 1)): Text ')$%5srZ8o688Dm#q' is set on object 'Object Repository/Страница авторизации/input__password'

02-12-2024T08:19:55 - [MESSAGE][PASSED] - Text ')$%5srZ8o688Dm#q' is set on object 'Object Repository/Страница авторизации/input__password'

02-12-2024T08:19:55 - [TEST_STEP][PASSED] - click(findTestObject("Страница авторизации/button_")): Object: 'Object Repository/Страница авторизации/button_' is clicked on

02-12-2024T08:19:58 - [MESSAGE][PASSED] - Object: 'Object Repository/Страница авторизации/button_' is clicked on

02-12-2024T08:19:58 - [TEST_STEP][PASSED] - delay(45): Delayed 45 second(s)

02-12-2024T08:20:43 - [MESSAGE][PASSED] - Delayed 45 second(s)

02-12-2024T08:20:43 - [TEST_STEP][PASSED] - urlText = getText(findTestObject("Страница авторизации/Text")): Text of object 'Object Repository/Страница авторизации/Text' is: 'Период
1, 2, 3 кв., Октябрь 2024 года
Выручка
Все
Выполнение плановых показателей по ПАО Россети за 1, 2, 3 кв., Октябрь 2024 года
План
Факт
Динамика
2024 год
0 млн.руб.
100 000 млн.руб.
200 000 млн.руб.
300 000 млн.руб.
400 000 млн.руб.
500 000 млн.руб.
600 000 млн.руб.
700 000 млн.руб.
800 000 млн.руб.
900 000 млн.руб.
1 000 000 млн.руб.
1 100 000 млн.руб.
1 200 000 млн.руб.
1 300 000 млн.руб.
1 400 000 млн.руб.
1 180 677
1 181 459
↑
ДЗО 
Все
Внутренний оборот - выручка за услуги по передаче электрической энергии, учтенная в выручке за электроэнергию для конечных потребителей, при выполнении ДЗО функций гарантирующего поставщика
Подписи данных
⬤Отклонение
АО «Тываэнерго»
АО «Чеченэнерго»
Россети Волга
Россети Кубань
Россети Ленэнерго (ГК)
Россети Московский регион
Россети Северный Кавказ (ГК)
Россети Северо-Запад
Россети Сибирь (ГК)
Россети Томск
Россети Тюмень
Россети Урал (ГК)
Россети ФСК ЕЭС
Россети Центр
Россети Центр и Приволжье (ГК)
Россети Юг (ГК)
Россети Янтарь
-25 000млн.руб.
-20 000млн.руб.
-15 000млн.руб.
-10 000млн.руб.
-5 000млн.руб.
0млн.руб.
5 000млн.руб.
10 …
-30 000млн.руб.
300
101
156
3 953
4 462
7 500
888
878
1 274
238
-5 106
1 955
-24 344
2 435
4 419
1 357
318
млн.
%
Выручка
Отклонение выручки по ПАО Россети за 1, 2, 3 кв., Октябрь 2024 года (факт/план, млн. руб)
ПАО Россети
782.4 млн.руб.
 '

02-12-2024T08:20:44 - [MESSAGE][PASSED] - Text of object 'Object Repository/Страница авторизации/Text' is: 'Период
1, 2, 3 кв., Октябрь 2024 года
Выручка
Все
Выполнение плановых показателей по ПАО Россети за 1, 2, 3 кв., Октябрь 2024 года
План
Факт
Динамика
2024 год
0 млн.руб.
100 000 млн.руб.
200 000 млн.руб.
300 000 млн.руб.
400 000 млн.руб.
500 000 млн.руб.
600 000 млн.руб.
700 000 млн.руб.
800 000 млн.руб.
900 000 млн.руб.
1 000 000 млн.руб.
1 100 000 млн.руб.
1 200 000 млн.руб.
1 300 000 млн.руб.
1 400 000 млн.руб.
1 180 677
1 181 459
↑
ДЗО 
Все
Внутренний оборот - выручка за услуги по передаче электрической энергии, учтенная в выручке за электроэнергию для конечных потребителей, при выполнении ДЗО функций гарантирующего поставщика
Подписи данных
⬤Отклонение
АО «Тываэнерго»
АО «Чеченэнерго»
Россети Волга
Россети Кубань
Россети Ленэнерго (ГК)
Россети Московский регион
Россети Северный Кавказ (ГК)
Россети Северо-Запад
Россети Сибирь (ГК)
Россети Томск
Россети Тюмень
Россети Урал (ГК)
Россети ФСК ЕЭС
Россети Центр
Россети Центр и Приволжье (ГК)
Россети Юг (ГК)
Россети Янтарь
-25 000млн.руб.
-20 000млн.руб.
-15 000млн.руб.
-10 000млн.руб.
-5 000млн.руб.
0млн.руб.
5 000млн.руб.
10 …
-30 000млн.руб.
300
101
156
3 953
4 462
7 500
888
878
1 274
238
-5 106
1 955
-24 344
2 435
4 419
1 357
318
млн.
%
Выручка
Отклонение выручки по ПАО Россети за 1, 2, 3 кв., Октябрь 2024 года (факт/план, млн. руб)
ПАО Россети
782.4 млн.руб.
 '

02-12-2024T08:20:44 - [TEST_STEP][PASSED] - searchWord = "а": null

02-12-2024T08:20:44 - [TEST_STEP][PASSED] - if (urlText.contains("ошибка") || urlText.contains(searchWord) == false): null

02-12-2024T08:20:44 - [TEST_STEP][PASSED] - delay(45): Delayed 45 second(s)

02-12-2024T08:21:29 - [MESSAGE][PASSED] - Delayed 45 second(s)

02-12-2024T08:21:29 - [TEST_STEP][PASSED] - if (block == 2): null

02-12-2024T08:21:29 - [TEST_STEP][PASSED] - click(findTestObject("Выручка в рублях/Фильтр Период" + nameOfBlock)): Object: 'Object Repository/Выручка в рублях/Фильтр Период' is clicked on

02-12-2024T08:21:29 - [MESSAGE][PASSED] - Object: 'Object Repository/Выручка в рублях/Фильтр Период' is clicked on

02-12-2024T08:21:29 - [TEST_STEP][PASSED] - click(findTestObject("Выручка в рублях/Снять выделение в фильтре Дата" + nameOfBlock)): Object: 'Object Repository/Выручка в рублях/Снять выделение в фильтре Дата' is clicked on

02-12-2024T08:21:29 - [MESSAGE][PASSED] - Object: 'Object Repository/Выручка в рублях/Снять выделение в фильтре Дата' is clicked on

02-12-2024T08:21:29 - [TEST_STEP][PASSED] - click(findTestObject("Выручка в рублях/Применить в фильтре Дата" + nameOfBlock)): Object: 'Object Repository/Выручка в рублях/Применить в фильтре Дата' is clicked on

02-12-2024T08:21:30 - [MESSAGE][PASSED] - Object: 'Object Repository/Выручка в рублях/Применить в фильтре Дата' is clicked on

02-12-2024T08:21:30 - [TEST_STEP][PASSED] - delay(50): Delayed 50 second(s)

02-12-2024T08:22:20 - [MESSAGE][PASSED] - Delayed 50 second(s)

02-12-2024T08:22:20 - [TEST_STEP][PASSED] - click(findTestObject("Выручка в рублях/Фильтр Период" + nameOfBlock)): Object: 'Object Repository/Выручка в рублях/Фильтр Период' is clicked on

02-12-2024T08:22:20 - [MESSAGE][PASSED] - Object: 'Object Repository/Выручка в рублях/Фильтр Период' is clicked on

02-12-2024T08:22:20 - [TEST_STEP][PASSED] - click(findTestObject("Выручка в рублях/Снять выделение в фильтре Дата" + nameOfBlock)): Object: 'Object Repository/Выручка в рублях/Снять выделение в фильтре Дата' is clicked on

02-12-2024T08:22:21 - [MESSAGE][PASSED] - Object: 'Object Repository/Выручка в рублях/Снять выделение в фильтре Дата' is clicked on

02-12-2024T08:22:21 - [TEST_STEP][PASSED] - scrollToElement(findTestObject("Выручка в рублях/2024 список" + nameOfBlock), 30): Scroll to object 'Object Repository/Выручка в рублях/2024 список' successfully

02-12-2024T08:22:21 - [MESSAGE][PASSED] - Scroll to object 'Object Repository/Выручка в рублях/2024 список' successfully

02-12-2024T08:22:21 - [TEST_STEP][PASSED] - click(findTestObject("Выручка в рублях/2024 список" + nameOfBlock)): Object: 'Object Repository/Выручка в рублях/2024 список' is clicked on

02-12-2024T08:22:21 - [MESSAGE][PASSED] - Object: 'Object Repository/Выручка в рублях/2024 список' is clicked on

02-12-2024T08:22:21 - [TEST_STEP][PASSED] - scrollToElement(findTestObject("Выручка в рублях/1 квартал 2024 выбрать" + nameOfBlock), 30): Scroll to object 'Object Repository/Выручка в рублях/1 квартал 2024 выбрать' successfully

02-12-2024T08:22:22 - [MESSAGE][PASSED] - Scroll to object 'Object Repository/Выручка в рублях/1 квартал 2024 выбрать' successfully

02-12-2024T08:22:22 - [TEST_STEP][PASSED] - click(findTestObject("Выручка в рублях/1 квартал 2024 выбрать" + nameOfBlock)): Object: 'Object Repository/Выручка в рублях/1 квартал 2024 выбрать' is clicked on

02-12-2024T08:22:22 - [MESSAGE][PASSED] - Object: 'Object Repository/Выручка в рублях/1 квартал 2024 выбрать' is clicked on

02-12-2024T08:22:22 - [TEST_STEP][PASSED] - scrollToElement(findTestObject("Выручка в рублях/2 квартал 2024 выбрать" + nameOfBlock), 30): Scroll to object 'Object Repository/Выручка в рублях/2 квартал 2024 выбрать' successfully

02-12-2024T08:22:23 - [MESSAGE][PASSED] - Scroll to object 'Object Repository/Выручка в рублях/2 квартал 2024 выбрать' successfully

02-12-2024T08:22:23 - [TEST_STEP][PASSED] - click(findTestObject("Выручка в рублях/2 квартал 2024 выбрать" + nameOfBlock)): Object: 'Object Repository/Выручка в рублях/2 квартал 2024 выбрать' is clicked on

02-12-2024T08:22:23 - [MESSAGE][PASSED] - Object: 'Object Repository/Выручка в рублях/2 квартал 2024 выбрать' is clicked on

02-12-2024T08:22:23 - [TEST_STEP][PASSED] - scrollToElement(findTestObject("Выручка в рублях/3 квартал 2024 список" + nameOfBlock), 30): Scroll to object 'Object Repository/Выручка в рублях/3 квартал 2024 список' successfully

02-12-2024T08:22:24 - [MESSAGE][PASSED] - Scroll to object 'Object Repository/Выручка в рублях/3 квартал 2024 список' successfully

02-12-2024T08:22:24 - [TEST_STEP][PASSED] - click(findTestObject("Выручка в рублях/3 квартал 2024" + nameOfBlock)): Object: 'Object Repository/Выручка в рублях/3 квартал 2024' is clicked on

02-12-2024T08:22:24 - [MESSAGE][PASSED] - Object: 'Object Repository/Выручка в рублях/3 квартал 2024' is clicked on

02-12-2024T08:22:24 - [TEST_STEP][PASSED] - scrollToElement(findTestObject("Выручка в рублях/4 квартал 2024 список" + nameOfBlock), 30): Scroll to object 'Object Repository/Выручка в рублях/4 квартал 2024 список' successfully

02-12-2024T08:22:25 - [MESSAGE][PASSED] - Scroll to object 'Object Repository/Выручка в рублях/4 квартал 2024 список' successfully

02-12-2024T08:22:25 - [TEST_STEP][PASSED] - click(findTestObject("Выручка в рублях/4 квартал 2024 список" + nameOfBlock)): Object: 'Object Repository/Выручка в рублях/4 квартал 2024 список' is clicked on

02-12-2024T08:22:25 - [MESSAGE][PASSED] - Object: 'Object Repository/Выручка в рублях/4 квартал 2024 список' is clicked on

02-12-2024T08:22:25 - [TEST_STEP][PASSED] - scrollToElement(findTestObject("Выручка в рублях/Октябрь 2024" + nameOfBlock), 30): Scroll to object 'Object Repository/Выручка в рублях/Октябрь 2024' successfully

02-12-2024T08:22:25 - [MESSAGE][PASSED] - Scroll to object 'Object Repository/Выручка в рублях/Октябрь 2024' successfully

02-12-2024T08:22:25 - [TEST_STEP][PASSED] - click(findTestObject("Выручка в рублях/Октябрь 2024" + nameOfBlock)): Object: 'Object Repository/Выручка в рублях/Октябрь 2024' is clicked on

02-12-2024T08:22:26 - [MESSAGE][PASSED] - Object: 'Object Repository/Выручка в рублях/Октябрь 2024' is clicked on

02-12-2024T08:22:26 - [TEST_STEP][PASSED] - scrollToElement(findTestObject("Выручка в рублях/Заголовок дашборда" + nameOfBlock), 30): Scroll to object 'Object Repository/Выручка в рублях/Заголовок дашборда' successfully

02-12-2024T08:22:26 - [MESSAGE][PASSED] - Scroll to object 'Object Repository/Выручка в рублях/Заголовок дашборда' successfully

02-12-2024T08:22:26 - [TEST_STEP][PASSED] - click(findTestObject("Выручка в рублях/Применить в фильтре Дата" + nameOfBlock)): Object: 'Object Repository/Выручка в рублях/Применить в фильтре Дата' is clicked on

02-12-2024T08:22:27 - [MESSAGE][PASSED] - Object: 'Object Repository/Выручка в рублях/Применить в фильтре Дата' is clicked on

02-12-2024T08:22:27 - [TEST_STEP][PASSED] - delay(55): Delayed 55 second(s)

02-12-2024T08:23:22 - [MESSAGE][PASSED] - Delayed 55 second(s)

02-12-2024T08:23:22 - [TEST_STEP][PASSED] - click(findTestObject("Выручка в рублях/Фильтр ДЗО" + nameOfBlock)): Object: 'Object Repository/Выручка в рублях/Фильтр ДЗО' is clicked on

02-12-2024T08:23:22 - [MESSAGE][PASSED] - Object: 'Object Repository/Выручка в рублях/Фильтр ДЗО' is clicked on

02-12-2024T08:23:22 - [TEST_STEP][PASSED] - click(findTestObject("Выручка в рублях/Снять выделение в фильтре ДЗО" + nameOfBlock)): Object: 'Object Repository/Выручка в рублях/Снять выделение в фильтре ДЗО' is clicked on

02-12-2024T08:23:22 - [MESSAGE][PASSED] - Object: 'Object Repository/Выручка в рублях/Снять выделение в фильтре ДЗО' is clicked on

02-12-2024T08:23:22 - [TEST_STEP][PASSED] - click(findTestObject("Выручка в рублях/Применить в фильтре ДЗО" + nameOfBlock)): Object: 'Object Repository/Выручка в рублях/Применить в фильтре ДЗО' is clicked on

02-12-2024T08:23:23 - [MESSAGE][PASSED] - Object: 'Object Repository/Выручка в рублях/Применить в фильтре ДЗО' is clicked on

02-12-2024T08:23:23 - [TEST_STEP][PASSED] - delay(50): Delayed 50 second(s)

02-12-2024T08:24:13 - [MESSAGE][PASSED] - Delayed 50 second(s)

02-12-2024T08:24:13 - [TEST_STEP][PASSED] - Script1710234207206.Tumbler(run, vir, block, nameOfBlock): null

02-12-2024T08:24:13 - [TEST_STEP][PASSED] - println("run:" + run): null

02-12-2024T08:24:13 - [TEST_STEP][PASSED] - println("vir:" + vir): null

02-12-2024T08:24:13 - [TEST_STEP][PASSED] - println("block:" + block): null

02-12-2024T08:24:13 - [TEST_STEP][PASSED] - println("nameOfBlock:" + nameOfBlock): null

02-12-2024T08:24:13 - [TEST_STEP][PASSED] - if (vir == 1): null

02-12-2024T08:24:13 - [TEST_STEP][PASSED] - else if (vir == 2): null

02-12-2024T08:24:13 - [TEST_STEP][PASSED] - else if (vir == 3): Object: 'Object Repository/Выручка в рублях/Применить в фильтре Выручка' is clicked on

02-12-2024T08:24:13 - [TEST_STEP][PASSED] - if (run == 2): Object: 'Object Repository/Выручка в рублях/Переключить отображение с млн на проценты Выручка в рублях' is clicked on

02-12-2024T08:24:13 - [TEST_STEP][PASSED] - click(findTestObject("Выручка в рублях/Переключить отображение с млн на проценты Выручка в рублях" + nameOfBlock)): Object: 'Object Repository/Выручка в рублях/Переключить отображение с млн на проценты Выручка в рублях' is clicked on

02-12-2024T08:24:13 - [MESSAGE][PASSED] - Object: 'Object Repository/Выручка в рублях/Переключить отображение с млн на проценты Выручка в рублях' is clicked on

02-12-2024T08:24:13 - [TEST_STEP][PASSED] - click(findTestObject("Выручка в рублях/Фильтр Выручка" + nameOfBlock)): Object: 'Object Repository/Выручка в рублях/Фильтр Выручка' is clicked on

02-12-2024T08:24:14 - [MESSAGE][PASSED] - Object: 'Object Repository/Выручка в рублях/Фильтр Выручка' is clicked on

02-12-2024T08:24:14 - [TEST_STEP][PASSED] - click(findTestObject("Выручка в рублях/Внутренний оборот в фильтре Выручка" + nameOfBlock)): Object: 'Object Repository/Выручка в рублях/Внутренний оборот в фильтре Выручка' is clicked on

02-12-2024T08:24:14 - [MESSAGE][PASSED] - Object: 'Object Repository/Выручка в рублях/Внутренний оборот в фильтре Выручка' is clicked on

02-12-2024T08:24:14 - [TEST_STEP][PASSED] - click(findTestObject("Выручка в рублях/Применить в фильтре Выручка" + nameOfBlock)): Object: 'Object Repository/Выручка в рублях/Применить в фильтре Выручка' is clicked on

02-12-2024T08:24:15 - [MESSAGE][PASSED] - Object: 'Object Repository/Выручка в рублях/Применить в фильтре Выручка' is clicked on

02-12-2024T08:24:15 - [TEST_STEP][PASSED] - click(findTestObject("Выручка в рублях/Фильтр ДЗО" + nameOfBlock)): Object: 'Object Repository/Выручка в рублях/Фильтр ДЗО' is clicked on

02-12-2024T08:24:18 - [MESSAGE][PASSED] - Object: 'Object Repository/Выручка в рублях/Фильтр ДЗО' is clicked on

02-12-2024T08:24:18 - [TEST_STEP][PASSED] - Script1710234207206.Rosseti(nameOfBlock): null

02-12-2024T08:24:18 - [TEST_STEP][PASSED] - println("nameOfBlock:" + nameOfBlock): null

02-12-2024T08:24:18 - [TEST_STEP][PASSED] - click(findTestObject("Выручка в рублях/ПАО Россети" + nameOfBlock)): Object: 'Object Repository/Выручка в рублях/ПАО Россети' is clicked on

02-12-2024T08:24:19 - [MESSAGE][PASSED] - Object: 'Object Repository/Выручка в рублях/ПАО Россети' is clicked on

02-12-2024T08:24:19 - [TEST_STEP][PASSED] - click(findTestObject("Выручка в рублях/Применить в фильтре ДЗО" + nameOfBlock)): Object: 'Object Repository/Выручка в рублях/Применить в фильтре ДЗО' is clicked on

02-12-2024T08:24:20 - [MESSAGE][PASSED] - Object: 'Object Repository/Выручка в рублях/Применить в фильтре ДЗО' is clicked on

02-12-2024T08:24:20 - [TEST_STEP][PASSED] - if (run == 2): null

02-12-2024T08:24:20 - [TEST_STEP][PASSED] - perc = " Perc": null

02-12-2024T08:24:20 - [TEST_STEP][PASSED] - if (vir == 1 || vir == 2): null

02-12-2024T08:24:20 - [TEST_STEP][PASSED] - else: Text of object 'Object Repository/Выручка в рублях/vir3Plan' is: '19 961'

02-12-2024T08:24:20 - [TEST_STEP][PASSED] - a1 = getText(findTestObject("Выручка в рублях/vir3Plan")): Text of object 'Object Repository/Выручка в рублях/vir3Plan' is: '19 961'

02-12-2024T08:24:22 - [MESSAGE][PASSED] - Text of object 'Object Repository/Выручка в рублях/vir3Plan' is: '19 961'

02-12-2024T08:24:22 - [TEST_STEP][PASSED] - if (vir == 1 || vir == 2): null

02-12-2024T08:24:22 - [TEST_STEP][PASSED] - else: Text of object 'Object Repository/Выручка в рублях/vir3Fact' is: '20 654'

02-12-2024T08:24:22 - [TEST_STEP][PASSED] - a2 = getText(findTestObject("Выручка в рублях/vir3Fact")): Text of object 'Object Repository/Выручка в рублях/vir3Fact' is: '20 654'

02-12-2024T08:24:22 - [MESSAGE][PASSED] - Text of object 'Object Repository/Выручка в рублях/vir3Fact' is: '20 654'

02-12-2024T08:24:22 - [TEST_STEP][PASSED] - a30 = getText(findTestObject("Выручка в рублях/span1" + perc)): Text of object 'Object Repository/Выручка в рублях/span1 Perc' is: '-47.24 %'

02-12-2024T08:24:23 - [MESSAGE][PASSED] - Text of object 'Object Repository/Выручка в рублях/span1 Perc' is: '-47.24 %'

02-12-2024T08:24:23 - [TEST_STEP][PASSED] - i = a30.indexOf("млн.руб."): null

02-12-2024T08:24:23 - [TEST_STEP][PASSED] - if (i > -1): null

02-12-2024T08:24:23 - [TEST_STEP][PASSED] - if (a30.contains("%")): null

02-12-2024T08:24:23 - [TEST_STEP][PASSED] - a30 = a30.replaceAll("%", ""): null

02-12-2024T08:24:23 - [TEST_STEP][PASSED] - a30 = ").trim(): null

02-12-2024T08:24:23 - [TEST_STEP][PASSED] - println("a30: " + a30): null

02-12-2024T08:24:23 - [TEST_STEP][PASSED] - if (vir == 1 || vir == 2): null

02-12-2024T08:24:23 - [TEST_STEP][PASSED] - else: Text of object 'Object Repository/Выручка в рублях/span15 Perc' is: '-5.9 %'

02-12-2024T08:24:23 - [TEST_STEP][PASSED] - a31 = ").trim(): Text of object 'Object Repository/Выручка в рублях/span15 Perc' is: '-5.9 %'

02-12-2024T08:24:23 - [MESSAGE][PASSED] - Text of object 'Object Repository/Выручка в рублях/span15 Perc' is: '-5.9 %'

02-12-2024T08:24:23 - [TEST_STEP][PASSED] - if (vir == 1 || vir == 2): null

02-12-2024T08:24:23 - [TEST_STEP][PASSED] - else: Text of object 'Object Repository/Выручка в рублях/span16 Perc' is: '-48.49 %'

02-12-2024T08:24:23 - [TEST_STEP][PASSED] - a32 = ").trim(): Text of object 'Object Repository/Выручка в рублях/span16 Perc' is: '-48.49 %'

02-12-2024T08:24:23 - [MESSAGE][PASSED] - Text of object 'Object Repository/Выручка в рублях/span16 Perc' is: '-48.49 %'

02-12-2024T08:24:23 - [TEST_STEP][PASSED] - if (vir == 1 || vir == 2): null

02-12-2024T08:24:23 - [TEST_STEP][PASSED] - else: Text of object 'Object Repository/Выручка в рублях/span17 Perc' is: '-48.97 %'

02-12-2024T08:24:23 - [TEST_STEP][PASSED] - a37 = ").trim(): Text of object 'Object Repository/Выручка в рублях/span17 Perc' is: '-48.97 %'

02-12-2024T08:24:24 - [MESSAGE][PASSED] - Text of object 'Object Repository/Выручка в рублях/span17 Perc' is: '-48.97 %'

02-12-2024T08:24:24 - [TEST_STEP][PASSED] - if (vir == 1 || vir == 2): null

02-12-2024T08:24:24 - [TEST_STEP][PASSED] - else: Text of object 'Object Repository/Выручка в рублях/span18 Perc' is: '-45.96 %'

02-12-2024T08:24:24 - [TEST_STEP][PASSED] - a316 = ").trim(): Text of object 'Object Repository/Выручка в рублях/span18 Perc' is: '-45.96 %'

02-12-2024T08:24:24 - [MESSAGE][PASSED] - Text of object 'Object Repository/Выручка в рублях/span18 Perc' is: '-45.96 %'

02-12-2024T08:24:24 - [TEST_STEP][PASSED] - if (vir == 1 || vir == 2): null

02-12-2024T08:24:24 - [TEST_STEP][PASSED] - block = 2: null

02-12-2024T08:24:24 - [TEST_STEP][PASSED] - nameOfBlock = " Выручка": null

02-12-2024T08:24:24 - [TEST_STEP][PASSED] - Script1710234207206.PreSettings(run, vir, block, nameOfBlock, typeOfData, todaysDate): null

02-12-2024T08:24:24 - [TEST_STEP][PASSED] - openBrowser(""): Browser is opened with url: ''

02-12-2024T08:24:24 - [MESSAGE][WARNING] - A browser is already opened. Closing browser and opening a new one

02-12-2024T08:24:24 - [MESSAGE][INFO] - Starting 'Chrome' driver

02-12-2024T08:24:24 - [MESSAGE][INFO] - Action delay is set to 0 milliseconds

02-12-2024T08:24:26 - [MESSAGE][PASSED] - Browser is opened with url: ''

02-12-2024T08:24:26 - [TEST_STEP][PASSED] - refresh(): Refresh successfully

02-12-2024T08:24:26 - [MESSAGE][PASSED] - Refresh successfully

02-12-2024T08:24:26 - [TEST_STEP][PASSED] - delay(50): Delayed 50 second(s)

02-12-2024T08:25:16 - [MESSAGE][PASSED] - Delayed 50 second(s)

02-12-2024T08:25:16 - [TEST_STEP][PASSED] - println("run:" + run): null

02-12-2024T08:25:16 - [TEST_STEP][PASSED] - println("vir:" + vir): null

02-12-2024T08:25:16 - [TEST_STEP][PASSED] - println("block:" + block): null

02-12-2024T08:25:16 - [TEST_STEP][PASSED] - if (block == 1): null

02-12-2024T08:25:16 - [TEST_STEP][PASSED] - else: null

02-12-2024T08:25:16 - [TEST_STEP][PASSED] - nameOfBlock = " Выручка": null

02-12-2024T08:25:16 - [TEST_STEP][PASSED] - println("nameOfBlock:" + nameOfBlock): null

02-12-2024T08:25:16 - [TEST_STEP][PASSED] - println("typeOfData:" + typeOfData): null

02-12-2024T08:25:16 - [TEST_STEP][PASSED] - println("todaysDate:" + todaysDate): null

02-12-2024T08:25:16 - [TEST_STEP][PASSED] - Script1710234207206.Autorization(block, nameOfBlock): null

02-12-2024T08:25:16 - [TEST_STEP][PASSED] - i = <not implemented yet for class: org.codehaus.groovy.ast.expr.EmptyExpression>: null

02-12-2024T08:25:16 - [TEST_STEP][PASSED] - ii = <not implemented yet for class: org.codehaus.groovy.ast.expr.EmptyExpression>: null

02-12-2024T08:25:16 - [TEST_STEP][PASSED] - urlData = <not implemented yet for class: org.codehaus.groovy.ast.expr.EmptyExpression>: null

02-12-2024T08:25:16 - [TEST_STEP][PASSED] - searchWord = <not implemented yet for class: org.codehaus.groovy.ast.expr.EmptyExpression>: null

02-12-2024T08:25:16 - [TEST_STEP][PASSED] - urlText = <not implemented yet for class: org.codehaus.groovy.ast.expr.EmptyExpression>: null

02-12-2024T08:25:16 - [TEST_STEP][PASSED] - println("block:" + block): null

02-12-2024T08:25:16 - [TEST_STEP][PASSED] - if (block == 1): null

02-12-2024T08:25:16 - [TEST_STEP][PASSED] - else: null

02-12-2024T08:25:16 - [TEST_STEP][PASSED] - delay(45): Delayed 45 second(s)

02-12-2024T08:26:01 - [MESSAGE][PASSED] - Delayed 45 second(s)

02-12-2024T08:26:01 - [TEST_STEP][PASSED] - nameOfBlock = " Выручка": null

02-12-2024T08:26:01 - [TEST_STEP][PASSED] - println("nameOfBlock:" + nameOfBlock): null

02-12-2024T08:26:01 - [TEST_STEP][PASSED] - if (block == 1): null

02-12-2024T08:26:01 - [TEST_STEP][PASSED] - else: Delayed 45 second(s)

02-12-2024T08:26:01 - [TEST_STEP][PASSED] - urlData = 9: null

02-12-2024T08:26:01 - [TEST_STEP][PASSED] - delay(45): Delayed 45 second(s)

02-12-2024T08:26:46 - [MESSAGE][PASSED] - Delayed 45 second(s)

02-12-2024T08:26:46 - [TEST_STEP][PASSED] - navigateToUrl(findTestData("PlanFact").getValue(10, urlData)): Navigate to 'https://bi.rosseti.digital/viewer?dashboardGuid=a1fd28b3785d443cbc4d7690a1d78e31&sheetGuid=86092a20c5984827a0c87b24cac76a50&fit=true' successfully

02-12-2024T08:26:51 - [MESSAGE][PASSED] - Navigate to 'https://bi.rosseti.digital/viewer?dashboardGuid=a1fd28b3785d443cbc4d7690a1d78e31&sheetGuid=86092a20c5984827a0c87b24cac76a50&fit=true' successfully

02-12-2024T08:26:51 - [TEST_STEP][PASSED] - urlText = getText(findTestObject("Страница авторизации/Text")): Text of object 'Object Repository/Страница авторизации/Text' is: 'Вход'

02-12-2024T08:26:54 - [MESSAGE][PASSED] - Text of object 'Object Repository/Страница авторизации/Text' is: 'Вход'

02-12-2024T08:26:54 - [TEST_STEP][PASSED] - searchWord = "Вход": null

02-12-2024T08:26:54 - [TEST_STEP][PASSED] - if (urlText == null || urlText.contains("ошибка") || urlText.contains(searchWord) == false): null

02-12-2024T08:26:54 - [TEST_STEP][PASSED] - if (verifyElementPresent(findTestObject("Страница авторизации/button_"), 30) == true): null

02-12-2024T08:26:54 - [MESSAGE][PASSED] - Object 'Object Repository/Страница авторизации/button_' is present

02-12-2024T08:26:54 - [TEST_STEP][PASSED] - setText(findTestObject("Страница авторизации/input__username"), findTestData("PlanFact").getValue(8, 1)): Text 'liazgina-di' is set on object 'Object Repository/Страница авторизации/input__username'

02-12-2024T08:26:55 - [MESSAGE][PASSED] - Text 'liazgina-di' is set on object 'Object Repository/Страница авторизации/input__username'

02-12-2024T08:26:55 - [TEST_STEP][PASSED] - setText(findTestObject("Страница авторизации/input__password"), findTestData("PlanFact").getValue(9, 1)): Text ')$%5srZ8o688Dm#q' is set on object 'Object Repository/Страница авторизации/input__password'

02-12-2024T08:26:56 - [MESSAGE][PASSED] - Text ')$%5srZ8o688Dm#q' is set on object 'Object Repository/Страница авторизации/input__password'

02-12-2024T08:26:56 - [TEST_STEP][PASSED] - click(findTestObject("Страница авторизации/button_")): Object: 'Object Repository/Страница авторизации/button_' is clicked on

02-12-2024T08:26:58 - [MESSAGE][PASSED] - Object: 'Object Repository/Страница авторизации/button_' is clicked on

02-12-2024T08:26:58 - [TEST_STEP][PASSED] - delay(45): Delayed 45 second(s)

02-12-2024T08:27:43 - [MESSAGE][PASSED] - Delayed 45 second(s)

02-12-2024T08:27:43 - [TEST_STEP][PASSED] - urlText = getText(findTestObject("Страница авторизации/Text")): Text of object 'Object Repository/Страница авторизации/Text' is: 'Период
Январь, Февраль, Март, Апрель, Май, Июнь, Июль, Август, Сентябрь, Октябрь 2024 года
Выручка
Все
Выполнение плановых показателей по ПАО Россети за Январь, Февраль, Март, Апрель, Май, Июнь, Июль, Август, Сентябрь, Октябрь 2024 года
План
Факт
Динамика
2024 год
0 млн.руб.
100 000 млн.руб.
200 000 млн.руб.
300 000 млн.руб.
400 000 млн.руб.
500 000 млн.руб.
600 000 млн.руб.
700 000 млн.руб.
800 000 млн.руб.
900 000 млн.руб.
1 000 000 млн.руб.
1 100 000 млн.руб.
1 200 000 млн.руб.
1 300 000 млн.руб.
1 400 000 млн.руб.
1 180 677
1 181 459
↑
ДЗО 
Все
Подписи данных
⬤Отклонение
АО «Тываэнерго»
АО «Чеченэнерго»
Россети Волга
Россети Кубань
Россети Ленэнерго (ГК)
Россети Московский регион
Россети Северный Кавказ (ГК)
Россети Северо-Запад
Россети Сибирь (ГК)
Россети Томск
Россети Тюмень
Россети Урал (ГК)
Россети ФСК ЕЭС
Россети Центр
Россети Центр и Приволжье (ГК)
Россети Юг (ГК)
Россети Янтарь
-27 500 млн.руб.
-25 000 млн.руб.
-22 500 млн.руб.
-20 000 млн.руб.
-17 500 млн.руб.
-15 000 млн.руб.
-12 500 млн.руб.
-10 000 млн.руб.
-7 500 млн.руб.
-5 000 млн.руб.
-2 500 млн.руб.
0 млн.руб.
2 500 млн.руб.
5 000 млн.руб.
7 500 млн.руб.
10 000 млн.руб.
300
101
156
3 953
4 462
7 500
888
878
1 274
238
-5 106
1 955
-24 344
2 435
4 419
1 357
318
млн.
%
Выручка
Отклонение выручки по ПАО Россети за Январь, Февраль, Март, Апрель, Май, Июнь, Июль, Август, Сентябрь, Октябрь 2024 года (факт/план, млн. руб)
ПАО Россети
782.4 млн.руб.
Статус данных
×
Просьба обратить внимание
Данные занесены не полностью
ВЫБРАННЫЕ ЗНАЧЕНИЯ ФИЛЬТРОВ
ДЗО | ПЕРИОД
ПАО Россети: [«Выбраны все филиалы по всем ДЗО по всем категориям»]
2024: [Янв, Фев, Мар, Апр, Май, Июн, Июл, Авг, Сен, Окт]
*Внутренний оборот'

02-12-2024T08:27:44 - [MESSAGE][PASSED] - Text of object 'Object Repository/Страница авторизации/Text' is: 'Период
Январь, Февраль, Март, Апрель, Май, Июнь, Июль, Август, Сентябрь, Октябрь 2024 года
Выручка
Все
Выполнение плановых показателей по ПАО Россети за Январь, Февраль, Март, Апрель, Май, Июнь, Июль, Август, Сентябрь, Октябрь 2024 года
План
Факт
Динамика
2024 год
0 млн.руб.
100 000 млн.руб.
200 000 млн.руб.
300 000 млн.руб.
400 000 млн.руб.
500 000 млн.руб.
600 000 млн.руб.
700 000 млн.руб.
800 000 млн.руб.
900 000 млн.руб.
1 000 000 млн.руб.
1 100 000 млн.руб.
1 200 000 млн.руб.
1 300 000 млн.руб.
1 400 000 млн.руб.
1 180 677
1 181 459
↑
ДЗО 
Все
Подписи данных
⬤Отклонение
АО «Тываэнерго»
АО «Чеченэнерго»
Россети Волга
Россети Кубань
Россети Ленэнерго (ГК)
Россети Московский регион
Россети Северный Кавказ (ГК)
Россети Северо-Запад
Россети Сибирь (ГК)
Россети Томск
Россети Тюмень
Россети Урал (ГК)
Россети ФСК ЕЭС
Россети Центр
Россети Центр и Приволжье (ГК)
Россети Юг (ГК)
Россети Янтарь
-27 500 млн.руб.
-25 000 млн.руб.
-22 500 млн.руб.
-20 000 млн.руб.
-17 500 млн.руб.
-15 000 млн.руб.
-12 500 млн.руб.
-10 000 млн.руб.
-7 500 млн.руб.
-5 000 млн.руб.
-2 500 млн.руб.
0 млн.руб.
2 500 млн.руб.
5 000 млн.руб.
7 500 млн.руб.
10 000 млн.руб.
300
101
156
3 953
4 462
7 500
888
878
1 274
238
-5 106
1 955
-24 344
2 435
4 419
1 357
318
млн.
%
Выручка
Отклонение выручки по ПАО Россети за Январь, Февраль, Март, Апрель, Май, Июнь, Июль, Август, Сентябрь, Октябрь 2024 года (факт/план, млн. руб)
ПАО Россети
782.4 млн.руб.
Статус данных
×
Просьба обратить внимание
Данные занесены не полностью
ВЫБРАННЫЕ ЗНАЧЕНИЯ ФИЛЬТРОВ
ДЗО | ПЕРИОД
ПАО Россети: [«Выбраны все филиалы по всем ДЗО по всем категориям»]
2024: [Янв, Фев, Мар, Апр, Май, Июн, Июл, Авг, Сен, Окт]
*Внутренний оборот'

02-12-2024T08:27:44 - [TEST_STEP][PASSED] - searchWord = "а": null

02-12-2024T08:27:44 - [TEST_STEP][PASSED] - if (urlText.contains("ошибка") || urlText.contains(searchWord) == false): null

02-12-2024T08:27:44 - [TEST_STEP][PASSED] - delay(45): Delayed 45 second(s)

02-12-2024T08:28:29 - [MESSAGE][PASSED] - Delayed 45 second(s)

02-12-2024T08:28:29 - [TEST_STEP][PASSED] - if (block == 2): Delayed 50 second(s)

02-12-2024T08:28:29 - [TEST_STEP][PASSED] - opoveshenie = getText(findTestObject("Выручка в рублях/Просьба обратить внимание")): Text of object 'Object Repository/Выручка в рублях/Просьба обратить внимание' is: 'Просьба обратить внимание'

02-12-2024T08:28:29 - [MESSAGE][PASSED] - Text of object 'Object Repository/Выручка в рублях/Просьба обратить внимание' is: 'Просьба обратить внимание'

02-12-2024T08:28:29 - [TEST_STEP][PASSED] - if (opoveshenie == "Просьба обратить внимание"): Delayed 50 second(s)

02-12-2024T08:28:29 - [TEST_STEP][PASSED] - click(findTestObject("Выручка в рублях/Закрыть оповещение")): Object: 'Object Repository/Выручка в рублях/Закрыть оповещение' is clicked on

02-12-2024T08:28:30 - [MESSAGE][PASSED] - Object: 'Object Repository/Выручка в рублях/Закрыть оповещение' is clicked on

02-12-2024T08:28:30 - [TEST_STEP][PASSED] - delay(50): Delayed 50 second(s)

02-12-2024T08:29:20 - [MESSAGE][PASSED] - Delayed 50 second(s)

02-12-2024T08:29:20 - [TEST_STEP][PASSED] - click(findTestObject("Выручка в рублях/Фильтр Период" + nameOfBlock)): Object: 'Object Repository/Выручка в рублях/Фильтр Период Выручка' is clicked on

02-12-2024T08:29:20 - [MESSAGE][PASSED] - Object: 'Object Repository/Выручка в рублях/Фильтр Период Выручка' is clicked on

02-12-2024T08:29:20 - [TEST_STEP][PASSED] - click(findTestObject("Выручка в рублях/Снять выделение в фильтре Дата" + nameOfBlock)): Object: 'Object Repository/Выручка в рублях/Снять выделение в фильтре Дата Выручка' is clicked on

02-12-2024T08:29:21 - [MESSAGE][PASSED] - Object: 'Object Repository/Выручка в рублях/Снять выделение в фильтре Дата Выручка' is clicked on

02-12-2024T08:29:21 - [TEST_STEP][PASSED] - click(findTestObject("Выручка в рублях/Применить в фильтре Дата" + nameOfBlock)): Object: 'Object Repository/Выручка в рублях/Применить в фильтре Дата Выручка' is clicked on

02-12-2024T08:29:21 - [MESSAGE][PASSED] - Object: 'Object Repository/Выручка в рублях/Применить в фильтре Дата Выручка' is clicked on

02-12-2024T08:29:21 - [TEST_STEP][PASSED] - delay(50): Delayed 50 second(s)

02-12-2024T08:30:11 - [MESSAGE][PASSED] - Delayed 50 second(s)

02-12-2024T08:30:11 - [TEST_STEP][PASSED] - click(findTestObject("Выручка в рублях/Фильтр Период" + nameOfBlock)): Object: 'Object Repository/Выручка в рублях/Фильтр Период Выручка' is clicked on

02-12-2024T08:30:12 - [MESSAGE][PASSED] - Object: 'Object Repository/Выручка в рублях/Фильтр Период Выручка' is clicked on

02-12-2024T08:30:12 - [TEST_STEP][PASSED] - click(findTestObject("Выручка в рублях/Снять выделение в фильтре Дата" + nameOfBlock)): Object: 'Object Repository/Выручка в рублях/Снять выделение в фильтре Дата Выручка' is clicked on

02-12-2024T08:30:12 - [MESSAGE][PASSED] - Object: 'Object Repository/Выручка в рублях/Снять выделение в фильтре Дата Выручка' is clicked on

02-12-2024T08:30:12 - [TEST_STEP][PASSED] - scrollToElement(findTestObject("Выручка в рублях/2024 список" + nameOfBlock), 30): Scroll to object 'Object Repository/Выручка в рублях/2024 список Выручка' successfully

02-12-2024T08:30:12 - [MESSAGE][PASSED] - Scroll to object 'Object Repository/Выручка в рублях/2024 список Выручка' successfully

02-12-2024T08:30:12 - [TEST_STEP][PASSED] - click(findTestObject("Выручка в рублях/2024 список" + nameOfBlock)): Object: 'Object Repository/Выручка в рублях/2024 список Выручка' is clicked on

02-12-2024T08:30:13 - [MESSAGE][PASSED] - Object: 'Object Repository/Выручка в рублях/2024 список Выручка' is clicked on

02-12-2024T08:30:13 - [TEST_STEP][PASSED] - scrollToElement(findTestObject("Выручка в рублях/1 квартал 2024 выбрать" + nameOfBlock), 30): Scroll to object 'Object Repository/Выручка в рублях/1 квартал 2024 выбрать Выручка' successfully

02-12-2024T08:30:13 - [MESSAGE][PASSED] - Scroll to object 'Object Repository/Выручка в рублях/1 квартал 2024 выбрать Выручка' successfully

02-12-2024T08:30:13 - [TEST_STEP][PASSED] - click(findTestObject("Выручка в рублях/1 квартал 2024 выбрать" + nameOfBlock)): Object: 'Object Repository/Выручка в рублях/1 квартал 2024 выбрать Выручка' is clicked on

02-12-2024T08:30:14 - [MESSAGE][PASSED] - Object: 'Object Repository/Выручка в рублях/1 квартал 2024 выбрать Выручка' is clicked on

02-12-2024T08:30:14 - [TEST_STEP][PASSED] - scrollToElement(findTestObject("Выручка в рублях/2 квартал 2024 выбрать" + nameOfBlock), 30): Scroll to object 'Object Repository/Выручка в рублях/2 квартал 2024 выбрать Выручка' successfully

02-12-2024T08:30:14 - [MESSAGE][PASSED] - Scroll to object 'Object Repository/Выручка в рублях/2 квартал 2024 выбрать Выручка' successfully

02-12-2024T08:30:14 - [TEST_STEP][PASSED] - click(findTestObject("Выручка в рублях/2 квартал 2024 выбрать" + nameOfBlock)): Object: 'Object Repository/Выручка в рублях/2 квартал 2024 выбрать Выручка' is clicked on

02-12-2024T08:30:14 - [MESSAGE][PASSED] - Object: 'Object Repository/Выручка в рублях/2 квартал 2024 выбрать Выручка' is clicked on

02-12-2024T08:30:14 - [TEST_STEP][PASSED] - scrollToElement(findTestObject("Выручка в рублях/3 квартал 2024 список" + nameOfBlock), 30): Scroll to object 'Object Repository/Выручка в рублях/3 квартал 2024 список Выручка' successfully

02-12-2024T08:30:15 - [MESSAGE][PASSED] - Scroll to object 'Object Repository/Выручка в рублях/3 квартал 2024 список Выручка' successfully

02-12-2024T08:30:15 - [TEST_STEP][PASSED] - click(findTestObject("Выручка в рублях/3 квартал 2024" + nameOfBlock)): Object: 'Object Repository/Выручка в рублях/3 квартал 2024 Выручка' is clicked on

02-12-2024T08:30:15 - [MESSAGE][PASSED] - Object: 'Object Repository/Выручка в рублях/3 квартал 2024 Выручка' is clicked on

02-12-2024T08:30:15 - [TEST_STEP][PASSED] - scrollToElement(findTestObject("Выручка в рублях/4 квартал 2024 список" + nameOfBlock), 30): Scroll to object 'Object Repository/Выручка в рублях/4 квартал 2024 список Выручка' successfully

02-12-2024T08:30:16 - [MESSAGE][PASSED] - Scroll to object 'Object Repository/Выручка в рублях/4 квартал 2024 список Выручка' successfully

02-12-2024T08:30:16 - [TEST_STEP][PASSED] - click(findTestObject("Выручка в рублях/4 квартал 2024 список" + nameOfBlock)): Object: 'Object Repository/Выручка в рублях/4 квартал 2024 список Выручка' is clicked on

02-12-2024T08:30:16 - [MESSAGE][PASSED] - Object: 'Object Repository/Выручка в рублях/4 квартал 2024 список Выручка' is clicked on

02-12-2024T08:30:16 - [TEST_STEP][PASSED] - scrollToElement(findTestObject("Выручка в рублях/Октябрь 2024" + nameOfBlock), 30): Scroll to object 'Object Repository/Выручка в рублях/Октябрь 2024 Выручка' successfully

02-12-2024T08:30:16 - [MESSAGE][PASSED] - Scroll to object 'Object Repository/Выручка в рублях/Октябрь 2024 Выручка' successfully

02-12-2024T08:30:16 - [TEST_STEP][PASSED] - click(findTestObject("Выручка в рублях/Октябрь 2024" + nameOfBlock)): Object: 'Object Repository/Выручка в рублях/Октябрь 2024 Выручка' is clicked on

02-12-2024T08:30:17 - [MESSAGE][PASSED] - Object: 'Object Repository/Выручка в рублях/Октябрь 2024 Выручка' is clicked on

02-12-2024T08:30:17 - [TEST_STEP][PASSED] - scrollToElement(findTestObject("Выручка в рублях/Заголовок дашборда" + nameOfBlock), 30): Scroll to object 'Object Repository/Выручка в рублях/Заголовок дашборда Выручка' successfully

02-12-2024T08:30:17 - [MESSAGE][PASSED] - Scroll to object 'Object Repository/Выручка в рублях/Заголовок дашборда Выручка' successfully

02-12-2024T08:30:17 - [TEST_STEP][PASSED] - click(findTestObject("Выручка в рублях/Применить в фильтре Дата" + nameOfBlock)): Object: 'Object Repository/Выручка в рублях/Применить в фильтре Дата Выручка' is clicked on

02-12-2024T08:30:18 - [MESSAGE][PASSED] - Object: 'Object Repository/Выручка в рублях/Применить в фильтре Дата Выручка' is clicked on

02-12-2024T08:30:18 - [TEST_STEP][PASSED] - delay(55): Delayed 55 second(s)

02-12-2024T08:31:13 - [MESSAGE][PASSED] - Delayed 55 second(s)

02-12-2024T08:31:13 - [TEST_STEP][PASSED] - click(findTestObject("Выручка в рублях/Фильтр ДЗО" + nameOfBlock)): Object: 'Object Repository/Выручка в рублях/Фильтр ДЗО Выручка' is clicked on

02-12-2024T08:31:13 - [MESSAGE][PASSED] - Object: 'Object Repository/Выручка в рублях/Фильтр ДЗО Выручка' is clicked on

02-12-2024T08:31:13 - [TEST_STEP][PASSED] - click(findTestObject("Выручка в рублях/Снять выделение в фильтре ДЗО" + nameOfBlock)): Object: 'Object Repository/Выручка в рублях/Снять выделение в фильтре ДЗО Выручка' is clicked on

02-12-2024T08:31:14 - [MESSAGE][PASSED] - Object: 'Object Repository/Выручка в рублях/Снять выделение в фильтре ДЗО Выручка' is clicked on

02-12-2024T08:31:14 - [TEST_STEP][PASSED] - click(findTestObject("Выручка в рублях/Применить в фильтре ДЗО" + nameOfBlock)): Object: 'Object Repository/Выручка в рублях/Применить в фильтре ДЗО Выручка' is clicked on

02-12-2024T08:31:14 - [MESSAGE][PASSED] - Object: 'Object Repository/Выручка в рублях/Применить в фильтре ДЗО Выручка' is clicked on

02-12-2024T08:31:14 - [TEST_STEP][PASSED] - delay(50): Delayed 50 second(s)

02-12-2024T08:32:04 - [MESSAGE][PASSED] - Delayed 50 second(s)

02-12-2024T08:32:04 - [TEST_STEP][PASSED] - Script1710234207206.Tumbler(run, vir, block, nameOfBlock): null

02-12-2024T08:32:04 - [TEST_STEP][PASSED] - println("run:" + run): null

02-12-2024T08:32:04 - [TEST_STEP][PASSED] - println("vir:" + vir): null

02-12-2024T08:32:04 - [TEST_STEP][PASSED] - println("block:" + block): null

02-12-2024T08:32:04 - [TEST_STEP][PASSED] - println("nameOfBlock:" + nameOfBlock): null

02-12-2024T08:32:04 - [TEST_STEP][PASSED] - if (vir == 1): null

02-12-2024T08:32:04 - [TEST_STEP][PASSED] - else if (vir == 2): null

02-12-2024T08:32:04 - [TEST_STEP][PASSED] - else if (vir == 3): Object: 'Object Repository/Выручка в рублях/Применить в фильтре Выручка Выручка' is clicked on

02-12-2024T08:32:04 - [TEST_STEP][PASSED] - if (run == 2): Object: 'Object Repository/Выручка в рублях/Переключить отображение с млн на проценты Выручка в рублях Выручка' is clicked on

02-12-2024T08:32:04 - [TEST_STEP][PASSED] - click(findTestObject("Выручка в рублях/Переключить отображение с млн на проценты Выручка в рублях" + nameOfBlock)): Object: 'Object Repository/Выручка в рублях/Переключить отображение с млн на проценты Выручка в рублях Выручка' is clicked on

02-12-2024T08:32:05 - [MESSAGE][PASSED] - Object: 'Object Repository/Выручка в рублях/Переключить отображение с млн на проценты Выручка в рублях Выручка' is clicked on

02-12-2024T08:32:05 - [TEST_STEP][PASSED] - click(findTestObject("Выручка в рублях/Фильтр Выручка" + nameOfBlock)): Object: 'Object Repository/Выручка в рублях/Фильтр Выручка Выручка' is clicked on

02-12-2024T08:32:05 - [MESSAGE][PASSED] - Object: 'Object Repository/Выручка в рублях/Фильтр Выручка Выручка' is clicked on

02-12-2024T08:32:05 - [TEST_STEP][PASSED] - click(findTestObject("Выручка в рублях/Внутренний оборот в фильтре Выручка" + nameOfBlock)): Object: 'Object Repository/Выручка в рублях/Внутренний оборот в фильтре Выручка Выручка' is clicked on

02-12-2024T08:32:06 - [MESSAGE][PASSED] - Object: 'Object Repository/Выручка в рублях/Внутренний оборот в фильтре Выручка Выручка' is clicked on

02-12-2024T08:32:06 - [TEST_STEP][PASSED] - click(findTestObject("Выручка в рублях/Применить в фильтре Выручка" + nameOfBlock)): Object: 'Object Repository/Выручка в рублях/Применить в фильтре Выручка Выручка' is clicked on

02-12-2024T08:32:06 - [MESSAGE][PASSED] - Object: 'Object Repository/Выручка в рублях/Применить в фильтре Выручка Выручка' is clicked on

02-12-2024T08:32:06 - [TEST_STEP][PASSED] - click(findTestObject("Выручка в рублях/Фильтр ДЗО" + nameOfBlock)): Object: 'Object Repository/Выручка в рублях/Фильтр ДЗО Выручка' is clicked on

02-12-2024T08:32:09 - [MESSAGE][PASSED] - Object: 'Object Repository/Выручка в рублях/Фильтр ДЗО Выручка' is clicked on

02-12-2024T08:32:09 - [TEST_STEP][PASSED] - Script1710234207206.Rosseti(nameOfBlock): null

02-12-2024T08:32:09 - [TEST_STEP][PASSED] - println("nameOfBlock:" + nameOfBlock): null

02-12-2024T08:32:09 - [TEST_STEP][PASSED] - click(findTestObject("Выручка в рублях/ПАО Россети" + nameOfBlock)): Object: 'Object Repository/Выручка в рублях/ПАО Россети Выручка' is clicked on

02-12-2024T08:32:09 - [MESSAGE][PASSED] - Object: 'Object Repository/Выручка в рублях/ПАО Россети Выручка' is clicked on

02-12-2024T08:32:09 - [TEST_STEP][PASSED] - click(findTestObject("Выручка в рублях/Применить в фильтре ДЗО" + nameOfBlock)): Object: 'Object Repository/Выручка в рублях/Применить в фильтре ДЗО Выручка' is clicked on

02-12-2024T08:32:10 - [MESSAGE][PASSED] - Object: 'Object Repository/Выручка в рублях/Применить в фильтре ДЗО Выручка' is clicked on

02-12-2024T08:32:10 - [TEST_STEP][PASSED] - if (vir == 1 || vir == 2): null

02-12-2024T08:32:10 - [TEST_STEP][PASSED] - else: Text of object 'Object Repository/Выручка в рублях/vir3Plan Выручка' is: '19 961'

02-12-2024T08:32:10 - [TEST_STEP][PASSED] - b1 = getText(findTestObject("Выручка в рублях/vir3Plan Выручка")): Text of object 'Object Repository/Выручка в рублях/vir3Plan Выручка' is: '19 961'

02-12-2024T08:32:12 - [MESSAGE][PASSED] - Text of object 'Object Repository/Выручка в рублях/vir3Plan Выручка' is: '19 961'

02-12-2024T08:32:12 - [TEST_STEP][PASSED] - if (vir == 1 || vir == 2): null

02-12-2024T08:32:12 - [TEST_STEP][PASSED] - else: Text of object 'Object Repository/Выручка в рублях/vir3Fact Выручка' is: '20 654'

02-12-2024T08:32:12 - [TEST_STEP][PASSED] - b2 = getText(findTestObject("Выручка в рублях/vir3Fact Выручка")): Text of object 'Object Repository/Выручка в рублях/vir3Fact Выручка' is: '20 654'

02-12-2024T08:32:12 - [MESSAGE][PASSED] - Text of object 'Object Repository/Выручка в рублях/vir3Fact Выручка' is: '20 654'

02-12-2024T08:32:12 - [TEST_STEP][PASSED] - b30 = getText(findTestObject("Выручка в рублях/span1" + perc)): Text of object 'Object Repository/Выручка в рублях/span1 Perc' is: '3.47 %'

02-12-2024T08:32:12 - [MESSAGE][PASSED] - Text of object 'Object Repository/Выручка в рублях/span1 Perc' is: '3.47 %'

02-12-2024T08:32:12 - [TEST_STEP][PASSED] - i = b30.indexOf("млн.руб."): null

02-12-2024T08:32:12 - [TEST_STEP][PASSED] - if (i > -1): null

02-12-2024T08:32:12 - [TEST_STEP][PASSED] - if (b30.contains("%")): null

02-12-2024T08:32:12 - [TEST_STEP][PASSED] - b30 = b30.replaceAll("%", ""): null

02-12-2024T08:32:12 - [TEST_STEP][PASSED] - b30 = ").trim(): null

02-12-2024T08:32:12 - [TEST_STEP][PASSED] - println("b30: " + b30): null

02-12-2024T08:32:12 - [TEST_STEP][PASSED] - if (vir == 1 || vir == 2): null

02-12-2024T08:32:12 - [TEST_STEP][PASSED] - else: Text of object 'Object Repository/Выручка в рублях/span15 Perc' is: '-5.9 %'

02-12-2024T08:32:12 - [TEST_STEP][PASSED] - b31 = ").trim(): Text of object 'Object Repository/Выручка в рублях/span15 Perc' is: '-5.9 %'

02-12-2024T08:32:13 - [MESSAGE][PASSED] - Text of object 'Object Repository/Выручка в рублях/span15 Perc' is: '-5.9 %'

02-12-2024T08:32:13 - [TEST_STEP][PASSED] - if (vir == 1 || vir == 2): null

02-12-2024T08:32:13 - [TEST_STEP][PASSED] - else: Text of object 'Object Repository/Выручка в рублях/span16 Perc' is: '3.02 %'

02-12-2024T08:32:13 - [TEST_STEP][PASSED] - b32 = ").trim(): Text of object 'Object Repository/Выручка в рублях/span16 Perc' is: '3.02 %'

02-12-2024T08:32:13 - [MESSAGE][PASSED] - Text of object 'Object Repository/Выручка в рублях/span16 Perc' is: '3.02 %'

02-12-2024T08:32:13 - [TEST_STEP][PASSED] - if (vir == 1 || vir == 2): null

02-12-2024T08:32:13 - [TEST_STEP][PASSED] - else: Text of object 'Object Repository/Выручка в рублях/span17 Perc' is: '4.36 %'

02-12-2024T08:32:13 - [TEST_STEP][PASSED] - b37 = ").trim(): Text of object 'Object Repository/Выручка в рублях/span17 Perc' is: '4.36 %'

02-12-2024T08:32:13 - [MESSAGE][PASSED] - Text of object 'Object Repository/Выручка в рублях/span17 Perc' is: '4.36 %'

02-12-2024T08:32:13 - [TEST_STEP][PASSED] - if (vir == 1 || vir == 2): null

02-12-2024T08:32:13 - [TEST_STEP][PASSED] - else: Text of object 'Object Repository/Выручка в рублях/span18 Perc' is: '8.08 %'

02-12-2024T08:32:13 - [TEST_STEP][PASSED] - b316 = ").trim(): Text of object 'Object Repository/Выручка в рублях/span18 Perc' is: '8.08 %'

02-12-2024T08:32:14 - [MESSAGE][PASSED] - Text of object 'Object Repository/Выручка в рублях/span18 Perc' is: '8.08 %'

02-12-2024T08:32:14 - [TEST_STEP][PASSED] - if (vir == 1 || vir == 2): null

02-12-2024T08:32:14 - [TEST_STEP][PASSED] - dZO = "ПАО Россети": null

02-12-2024T08:32:14 - [TEST_STEP][PASSED] - if (verifyEqual(a1, b1) == false): Actual object '19 961' and expected object '19 961' are equal

02-12-2024T08:32:14 - [MESSAGE][PASSED] - Actual object '19 961' and expected object '19 961' are equal

02-12-2024T08:32:14 - [TEST_STEP][PASSED] - if (verifyEqual(a2, b2) == false): Actual object '20 654' and expected object '20 654' are equal

02-12-2024T08:32:14 - [MESSAGE][PASSED] - Actual object '20 654' and expected object '20 654' are equal

02-12-2024T08:32:14 - [TEST_STEP][PASSED] - vidget = "Отклонения": null

02-12-2024T08:32:14 - [TEST_STEP][FAILED] - if (verifyEqual(a30, b30) == false): null

02-12-2024T08:32:14 - [MESSAGE][FAILED] - Unable to verify equal between actual object '-47.24' and expected object '3.47' (Root cause: com.kms.katalon.core.exception.StepFailedException: Actual object '-47.24' and expected object '3.47' are not equal
	at com.kms.katalon.core.keyword.builtin.VerifyEqualKeyword$_verifyEqual_closure1.doCall(VerifyEqualKeyword.groovy:58)
	at com.kms.katalon.core.keyword.builtin.VerifyEqualKeyword$_verifyEqual_closure1.call(VerifyEqualKeyword.groovy)
	at com.kms.katalon.core.keyword.internal.KeywordMain.runKeyword(KeywordMain.groovy:75)
	at com.kms.katalon.core.keyword.builtin.VerifyEqualKeyword.verifyEqual(VerifyEqualKeyword.groovy:63)
	at com.kms.katalon.core.keyword.builtin.VerifyEqualKeyword.execute(VerifyEqualKeyword.groovy:44)
	at com.kms.katalon.core.keyword.internal.KeywordExecutor.executeKeywordForPlatform(KeywordExecutor.groovy:74)
	at com.kms.katalon.core.keyword.BuiltinKeywords.verifyEqual(BuiltinKeywords.groovy:146)
	at jdk.internal.reflect.GeneratedMethodAccessor25.invoke(Unknown Source)
	at java.base/jdk.internal.reflect.DelegatingMethodAccessorImpl.invoke(DelegatingMethodAccessorImpl.java:43)
	at Выручка в рублях сверка дашбордов ПАО Россети.Blocks(Выручка в рублях сверка дашбордов ПАО Россети:357)
	at Выручка в рублях сверка дашбордов ПАО Россети.ViruchkaChange(Выручка в рублях сверка дашбордов ПАО Россети:60)
	at Выручка в рублях сверка дашбордов ПАО Россети.run(Выручка в рублях сверка дашбордов ПАО Россети:55)
	at com.kms.katalon.core.main.ScriptEngine.run(ScriptEngine.java:194)
	at com.kms.katalon.core.main.ScriptEngine.runScriptAsRawText(ScriptEngine.java:119)
	at com.kms.katalon.core.main.TestCaseExecutor.runScript(TestCaseExecutor.java:448)
	at com.kms.katalon.core.main.TestCaseExecutor.doExecute(TestCaseExecutor.java:439)
	at com.kms.katalon.core.main.TestCaseExecutor.processExecutionPhase(TestCaseExecutor.java:418)
	at com.kms.katalon.core.main.TestCaseExecutor.accessMainPhase(TestCaseExecutor.java:410)
	at com.kms.katalon.core.main.TestCaseExecutor.execute(TestCaseExecutor.java:285)
	at com.kms.katalon.core.common.CommonExecutor.accessTestCaseMainPhase(CommonExecutor.java:65)
	at com.kms.katalon.core.main.TestSuiteExecutor.accessTestSuiteMainPhase(TestSuiteExecutor.java:150)
	at com.kms.katalon.core.main.TestSuiteExecutor.execute(TestSuiteExecutor.java:106)
	at com.kms.katalon.core.main.TestCaseMain.startTestSuite(TestCaseMain.java:180)
	at TempTestSuite1733111659562.run(TempTestSuite1733111659562.groovy:35)
	at java.base/jdk.internal.reflect.NativeMethodAccessorImpl.invoke0(Native Method)
	at java.base/jdk.internal.reflect.NativeMethodAccessorImpl.invoke(NativeMethodAccessorImpl.java:77)
	at java.base/jdk.internal.reflect.DelegatingMethodAccessorImpl.invoke(DelegatingMethodAccessorImpl.java:43)
)

02-12-2024T08:32:14 - [TEST_STEP][PASSED] - a = replaceAll("\s+", "").toDouble(): null

02-12-2024T08:32:14 - [TEST_STEP][PASSED] - b = replaceAll("\s+", "").toDouble(): null

02-12-2024T08:32:14 - [TEST_STEP][PASSED] - Script1710234207206.WriteToExcel(todaysDate, run, vir, block, typeOfData, viruchka, vidget, nameOfBlock, a, b, dZO): null

02-12-2024T08:32:14 - [TEST_STEP][PASSED] - println(run): null

02-12-2024T08:32:14 - [TEST_STEP][PASSED] - if (run == 1): null

02-12-2024T08:32:14 - [TEST_STEP][PASSED] - else if (run == 2): null

02-12-2024T08:32:14 - [TEST_STEP][PASSED] - typeOfData = "Проценты": null

02-12-2024T08:32:14 - [TEST_STEP][PASSED] - println("todaysDate:" + todaysDate): null

02-12-2024T08:32:14 - [TEST_STEP][PASSED] - println("typeOfData:" + typeOfData): null

02-12-2024T08:32:14 - [TEST_STEP][PASSED] - viruchka = getText(findTestObject("Выручка в рублях/Фильтр Выручка" + nameOfBlock)): Text of object 'Object Repository/Выручка в рублях/Фильтр Выручка Выручка' is: 'ПЕРЕДАЧА ЭЛЕКТРОЭНЕРГИИ, внутренний оборот'

02-12-2024T08:32:14 - [MESSAGE][PASSED] - Text of object 'Object Repository/Выручка в рублях/Фильтр Выручка Выручка' is: 'ПЕРЕДАЧА ЭЛЕКТРОЭНЕРГИИ, внутренний оборот'

02-12-2024T08:32:14 - [TEST_STEP][PASSED] - println("viruchka" + viruchka): null

02-12-2024T08:32:14 - [TEST_STEP][PASSED] - println("vidget" + vidget): null

02-12-2024T08:32:14 - [TEST_STEP][PASSED] - println("a" + a): null

02-12-2024T08:32:14 - [TEST_STEP][PASSED] - println("b" + b): null

02-12-2024T08:32:14 - [TEST_STEP][PASSED] - sheetName = "Sheet1": null

02-12-2024T08:32:14 - [TEST_STEP][PASSED] - data = findTestData("PlanFact"): null

02-12-2024T08:32:14 - [TEST_STEP][PASSED] - n = data.getRowNumbers() + 1: null

02-12-2024T08:32:14 - [TEST_STEP][PASSED] - period = getText(findTestObject("Выручка в рублях/Фильтр Период")): Text of object 'Object Repository/Выручка в рублях/Фильтр Период' is: 'Октябрь и 1, 2, 3 кв. 2024 года'

02-12-2024T08:32:14 - [MESSAGE][PASSED] - Text of object 'Object Repository/Выручка в рублях/Фильтр Период' is: 'Октябрь и 1, 2, 3 кв. 2024 года'

02-12-2024T08:32:14 - [TEST_STEP][PASSED] - println(period): null

02-12-2024T08:32:14 - [TEST_STEP][PASSED] - dashboardName = "Выручка в рублях": null

02-12-2024T08:32:14 - [TEST_STEP][PASSED] - workbook01 = getWorkbook(excelFilePath): null

02-12-2024T08:32:14 - [TEST_STEP][PASSED] - sheet01 = getExcelSheet(workbook01, sheetName): null

02-12-2024T08:32:14 - [TEST_STEP][PASSED] - setValueToCellByIndex(sheet01, n, 0, dashboardName): null

02-12-2024T08:32:14 - [TEST_STEP][PASSED] - setValueToCellByIndex(sheet01, n, 1, dZO): null

02-12-2024T08:32:14 - [TEST_STEP][PASSED] - setValueToCellByIndex(sheet01, n, 2, vidget): null

02-12-2024T08:32:14 - [TEST_STEP][PASSED] - setValueToCellByIndex(sheet01, n, 3, viruchka): null

02-12-2024T08:32:14 - [TEST_STEP][PASSED] - setValueToCellByIndex(sheet01, n, 4, typeOfData): null

02-12-2024T08:32:14 - [TEST_STEP][PASSED] - if (a == null): null

02-12-2024T08:32:14 - [TEST_STEP][PASSED] - else: null

02-12-2024T08:32:14 - [TEST_STEP][PASSED] - setValueToCellByIndex(sheet01, n, 5, a): null

02-12-2024T08:32:14 - [TEST_STEP][PASSED] - if (b == null): null

02-12-2024T08:32:14 - [TEST_STEP][PASSED] - else: null

02-12-2024T08:32:14 - [TEST_STEP][PASSED] - setValueToCellByIndex(sheet01, n, 6, b): null

02-12-2024T08:32:14 - [TEST_STEP][PASSED] - setValueToCellByIndex(sheet01, n, 7, period): null

02-12-2024T08:32:14 - [TEST_STEP][PASSED] - setValueToCellByIndex(sheet01, n, 8, todaysDate): null

02-12-2024T08:32:14 - [TEST_STEP][PASSED] - n = n + 1: null

02-12-2024T08:32:14 - [TEST_STEP][PASSED] - saveWorkbook(excelFilePath, workbook01): null

02-12-2024T08:32:15 - [TEST_STEP][PASSED] - dZO = "АО «Тываэнерго»": null

02-12-2024T08:32:15 - [TEST_STEP][PASSED] - if (verifyEqual(a31, b31) == false): Actual object '-5.9' and expected object '-5.9' are equal

02-12-2024T08:32:15 - [MESSAGE][PASSED] - Actual object '-5.9' and expected object '-5.9' are equal

02-12-2024T08:32:15 - [TEST_STEP][PASSED] - dZO = "АО «Чеченэнерго»": null

02-12-2024T08:32:15 - [TEST_STEP][FAILED] - if (verifyEqual(a32, b32) == false): null

02-12-2024T08:32:15 - [MESSAGE][FAILED] - Unable to verify equal between actual object '-48.49' and expected object '3.02' (Root cause: com.kms.katalon.core.exception.StepFailedException: Actual object '-48.49' and expected object '3.02' are not equal
	at com.kms.katalon.core.keyword.builtin.VerifyEqualKeyword$_verifyEqual_closure1.doCall(VerifyEqualKeyword.groovy:58)
	at com.kms.katalon.core.keyword.builtin.VerifyEqualKeyword$_verifyEqual_closure1.call(VerifyEqualKeyword.groovy)
	at com.kms.katalon.core.keyword.internal.KeywordMain.runKeyword(KeywordMain.groovy:75)
	at com.kms.katalon.core.keyword.builtin.VerifyEqualKeyword.verifyEqual(VerifyEqualKeyword.groovy:63)
	at com.kms.katalon.core.keyword.builtin.VerifyEqualKeyword.execute(VerifyEqualKeyword.groovy:44)
	at com.kms.katalon.core.keyword.internal.KeywordExecutor.executeKeywordForPlatform(KeywordExecutor.groovy:74)
	at com.kms.katalon.core.keyword.BuiltinKeywords.verifyEqual(BuiltinKeywords.groovy:146)
	at jdk.internal.reflect.GeneratedMethodAccessor25.invoke(Unknown Source)
	at java.base/jdk.internal.reflect.DelegatingMethodAccessorImpl.invoke(DelegatingMethodAccessorImpl.java:43)
	at Выручка в рублях сверка дашбордов ПАО Россети.Blocks(Выручка в рублях сверка дашбордов ПАО Россети:377)
	at Выручка в рублях сверка дашбордов ПАО Россети.ViruchkaChange(Выручка в рублях сверка дашбордов ПАО Россети:60)
	at Выручка в рублях сверка дашбордов ПАО Россети.run(Выручка в рублях сверка дашбордов ПАО Россети:55)
	at com.kms.katalon.core.main.ScriptEngine.run(ScriptEngine.java:194)
	at com.kms.katalon.core.main.ScriptEngine.runScriptAsRawText(ScriptEngine.java:119)
	at com.kms.katalon.core.main.TestCaseExecutor.runScript(TestCaseExecutor.java:448)
	at com.kms.katalon.core.main.TestCaseExecutor.doExecute(TestCaseExecutor.java:439)
	at com.kms.katalon.core.main.TestCaseExecutor.processExecutionPhase(TestCaseExecutor.java:418)
	at com.kms.katalon.core.main.TestCaseExecutor.accessMainPhase(TestCaseExecutor.java:410)
	at com.kms.katalon.core.main.TestCaseExecutor.execute(TestCaseExecutor.java:285)
	at com.kms.katalon.core.common.CommonExecutor.accessTestCaseMainPhase(CommonExecutor.java:65)
	at com.kms.katalon.core.main.TestSuiteExecutor.accessTestSuiteMainPhase(TestSuiteExecutor.java:150)
	at com.kms.katalon.core.main.TestSuiteExecutor.execute(TestSuiteExecutor.java:106)
	at com.kms.katalon.core.main.TestCaseMain.startTestSuite(TestCaseMain.java:180)
	at TempTestSuite1733111659562.run(TempTestSuite1733111659562.groovy:35)
	at java.base/jdk.internal.reflect.NativeMethodAccessorImpl.invoke0(Native Method)
	at java.base/jdk.internal.reflect.NativeMethodAccessorImpl.invoke(NativeMethodAccessorImpl.java:77)
	at java.base/jdk.internal.reflect.DelegatingMethodAccessorImpl.invoke(DelegatingMethodAccessorImpl.java:43)
)

02-12-2024T08:32:15 - [TEST_STEP][PASSED] - a = replaceAll("\s+", "").toDouble(): null

02-12-2024T08:32:15 - [TEST_STEP][PASSED] - b = replaceAll("\s+", "").toDouble(): null

02-12-2024T08:32:15 - [TEST_STEP][PASSED] - Script1710234207206.WriteToExcel(todaysDate, run, vir, block, typeOfData, viruchka, vidget, nameOfBlock, a, b, dZO): null

02-12-2024T08:32:15 - [TEST_STEP][PASSED] - println(run): null

02-12-2024T08:32:15 - [TEST_STEP][PASSED] - if (run == 1): null

02-12-2024T08:32:15 - [TEST_STEP][PASSED] - else if (run == 2): null

02-12-2024T08:32:15 - [TEST_STEP][PASSED] - typeOfData = "Проценты": null

02-12-2024T08:32:15 - [TEST_STEP][PASSED] - println("todaysDate:" + todaysDate): null

02-12-2024T08:32:15 - [TEST_STEP][PASSED] - println("typeOfData:" + typeOfData): null

02-12-2024T08:32:15 - [TEST_STEP][PASSED] - viruchka = getText(findTestObject("Выручка в рублях/Фильтр Выручка" + nameOfBlock)): Text of object 'Object Repository/Выручка в рублях/Фильтр Выручка Выручка' is: 'ПЕРЕДАЧА ЭЛЕКТРОЭНЕРГИИ, внутренний оборот'

02-12-2024T08:32:15 - [MESSAGE][PASSED] - Text of object 'Object Repository/Выручка в рублях/Фильтр Выручка Выручка' is: 'ПЕРЕДАЧА ЭЛЕКТРОЭНЕРГИИ, внутренний оборот'

02-12-2024T08:32:15 - [TEST_STEP][PASSED] - println("viruchka" + viruchka): null

02-12-2024T08:32:15 - [TEST_STEP][PASSED] - println("vidget" + vidget): null

02-12-2024T08:32:15 - [TEST_STEP][PASSED] - println("a" + a): null

02-12-2024T08:32:15 - [TEST_STEP][PASSED] - println("b" + b): null

02-12-2024T08:32:15 - [TEST_STEP][PASSED] - sheetName = "Sheet1": null

02-12-2024T08:32:15 - [TEST_STEP][PASSED] - data = findTestData("PlanFact"): null

02-12-2024T08:32:15 - [TEST_STEP][PASSED] - n = data.getRowNumbers() + 1: null

02-12-2024T08:32:15 - [TEST_STEP][PASSED] - period = getText(findTestObject("Выручка в рублях/Фильтр Период")): Text of object 'Object Repository/Выручка в рублях/Фильтр Период' is: 'Октябрь и 1, 2, 3 кв. 2024 года'

02-12-2024T08:32:15 - [MESSAGE][PASSED] - Text of object 'Object Repository/Выручка в рублях/Фильтр Период' is: 'Октябрь и 1, 2, 3 кв. 2024 года'

02-12-2024T08:32:15 - [TEST_STEP][PASSED] - println(period): null

02-12-2024T08:32:15 - [TEST_STEP][PASSED] - dashboardName = "Выручка в рублях": null

02-12-2024T08:32:15 - [TEST_STEP][PASSED] - workbook01 = getWorkbook(excelFilePath): null

02-12-2024T08:32:15 - [TEST_STEP][PASSED] - sheet01 = getExcelSheet(workbook01, sheetName): null

02-12-2024T08:32:15 - [TEST_STEP][PASSED] - setValueToCellByIndex(sheet01, n, 0, dashboardName): null

02-12-2024T08:32:15 - [TEST_STEP][PASSED] - setValueToCellByIndex(sheet01, n, 1, dZO): null

02-12-2024T08:32:15 - [TEST_STEP][PASSED] - setValueToCellByIndex(sheet01, n, 2, vidget): null

02-12-2024T08:32:15 - [TEST_STEP][PASSED] - setValueToCellByIndex(sheet01, n, 3, viruchka): null

02-12-2024T08:32:15 - [TEST_STEP][PASSED] - setValueToCellByIndex(sheet01, n, 4, typeOfData): null

02-12-2024T08:32:15 - [TEST_STEP][PASSED] - if (a == null): null

02-12-2024T08:32:15 - [TEST_STEP][PASSED] - else: null

02-12-2024T08:32:15 - [TEST_STEP][PASSED] - setValueToCellByIndex(sheet01, n, 5, a): null

02-12-2024T08:32:15 - [TEST_STEP][PASSED] - if (b == null): null

02-12-2024T08:32:15 - [TEST_STEP][PASSED] - else: null

02-12-2024T08:32:15 - [TEST_STEP][PASSED] - setValueToCellByIndex(sheet01, n, 6, b): null

02-12-2024T08:32:15 - [TEST_STEP][PASSED] - setValueToCellByIndex(sheet01, n, 7, period): null

02-12-2024T08:32:15 - [TEST_STEP][PASSED] - setValueToCellByIndex(sheet01, n, 8, todaysDate): null

02-12-2024T08:32:15 - [TEST_STEP][PASSED] - n = n + 1: null

02-12-2024T08:32:15 - [TEST_STEP][PASSED] - saveWorkbook(excelFilePath, workbook01): null

02-12-2024T08:32:16 - [TEST_STEP][PASSED] - dZO = "Россети Волга": null

02-12-2024T08:32:16 - [TEST_STEP][PASSED] - if (verifyEqual(a33, b33) == false): Actual object 'null' and expected object 'null' are equal

02-12-2024T08:32:16 - [MESSAGE][PASSED] - Actual object 'null' and expected object 'null' are equal

02-12-2024T08:32:16 - [TEST_STEP][PASSED] - dZO = "Россети Кубань": null

02-12-2024T08:32:16 - [TEST_STEP][PASSED] - if (verifyEqual(a34, b34) == false): Actual object 'null' and expected object 'null' are equal

02-12-2024T08:32:16 - [MESSAGE][PASSED] - Actual object 'null' and expected object 'null' are equal

02-12-2024T08:32:16 - [TEST_STEP][PASSED] - dZO = "Россети Ленэнерго (ГК)": null

02-12-2024T08:32:16 - [TEST_STEP][PASSED] - if (verifyEqual(a35, b35) == false): Actual object 'null' and expected object 'null' are equal

02-12-2024T08:32:16 - [MESSAGE][PASSED] - Actual object 'null' and expected object 'null' are equal

02-12-2024T08:32:16 - [TEST_STEP][PASSED] - dZO = "Россети Московский регион": null

02-12-2024T08:32:16 - [TEST_STEP][PASSED] - if (verifyEqual(a36, b36) == false): Actual object 'null' and expected object 'null' are equal

02-12-2024T08:32:16 - [MESSAGE][PASSED] - Actual object 'null' and expected object 'null' are equal

02-12-2024T08:32:16 - [TEST_STEP][PASSED] - dZO = "Россети Северный Кавказ (ГК)": null

02-12-2024T08:32:16 - [TEST_STEP][FAILED] - if (verifyEqual(a37, b37) == false): null

02-12-2024T08:32:16 - [MESSAGE][FAILED] - Unable to verify equal between actual object '-48.97' and expected object '4.36' (Root cause: com.kms.katalon.core.exception.StepFailedException: Actual object '-48.97' and expected object '4.36' are not equal
	at com.kms.katalon.core.keyword.builtin.VerifyEqualKeyword$_verifyEqual_closure1.doCall(VerifyEqualKeyword.groovy:58)
	at com.kms.katalon.core.keyword.builtin.VerifyEqualKeyword$_verifyEqual_closure1.call(VerifyEqualKeyword.groovy)
	at com.kms.katalon.core.keyword.internal.KeywordMain.runKeyword(KeywordMain.groovy:75)
	at com.kms.katalon.core.keyword.builtin.VerifyEqualKeyword.verifyEqual(VerifyEqualKeyword.groovy:63)
	at com.kms.katalon.core.keyword.builtin.VerifyEqualKeyword.execute(VerifyEqualKeyword.groovy:44)
	at com.kms.katalon.core.keyword.internal.KeywordExecutor.executeKeywordForPlatform(KeywordExecutor.groovy:74)
	at com.kms.katalon.core.keyword.BuiltinKeywords.verifyEqual(BuiltinKeywords.groovy:146)
	at jdk.internal.reflect.GeneratedMethodAccessor25.invoke(Unknown Source)
	at java.base/jdk.internal.reflect.DelegatingMethodAccessorImpl.invoke(DelegatingMethodAccessorImpl.java:43)
	at Выручка в рублях сверка дашбордов ПАО Россети.Blocks(Выручка в рублях сверка дашбордов ПАО Россети:427)
	at Выручка в рублях сверка дашбордов ПАО Россети.ViruchkaChange(Выручка в рублях сверка дашбордов ПАО Россети:60)
	at Выручка в рублях сверка дашбордов ПАО Россети.run(Выручка в рублях сверка дашбордов ПАО Россети:55)
	at com.kms.katalon.core.main.ScriptEngine.run(ScriptEngine.java:194)
	at com.kms.katalon.core.main.ScriptEngine.runScriptAsRawText(ScriptEngine.java:119)
	at com.kms.katalon.core.main.TestCaseExecutor.runScript(TestCaseExecutor.java:448)
	at com.kms.katalon.core.main.TestCaseExecutor.doExecute(TestCaseExecutor.java:439)
	at com.kms.katalon.core.main.TestCaseExecutor.processExecutionPhase(TestCaseExecutor.java:418)
	at com.kms.katalon.core.main.TestCaseExecutor.accessMainPhase(TestCaseExecutor.java:410)
	at com.kms.katalon.core.main.TestCaseExecutor.execute(TestCaseExecutor.java:285)
	at com.kms.katalon.core.common.CommonExecutor.accessTestCaseMainPhase(CommonExecutor.java:65)
	at com.kms.katalon.core.main.TestSuiteExecutor.accessTestSuiteMainPhase(TestSuiteExecutor.java:150)
	at com.kms.katalon.core.main.TestSuiteExecutor.execute(TestSuiteExecutor.java:106)
	at com.kms.katalon.core.main.TestCaseMain.startTestSuite(TestCaseMain.java:180)
	at TempTestSuite1733111659562.run(TempTestSuite1733111659562.groovy:35)
	at java.base/jdk.internal.reflect.NativeMethodAccessorImpl.invoke0(Native Method)
	at java.base/jdk.internal.reflect.NativeMethodAccessorImpl.invoke(NativeMethodAccessorImpl.java:77)
	at java.base/jdk.internal.reflect.DelegatingMethodAccessorImpl.invoke(DelegatingMethodAccessorImpl.java:43)
)

02-12-2024T08:32:16 - [TEST_STEP][PASSED] - a = replaceAll("\s+", "").toDouble(): null

02-12-2024T08:32:16 - [TEST_STEP][PASSED] - b = replaceAll("\s+", "").toDouble(): null

02-12-2024T08:32:16 - [TEST_STEP][PASSED] - Script1710234207206.WriteToExcel(todaysDate, run, vir, block, typeOfData, viruchka, vidget, nameOfBlock, a, b, dZO): null

02-12-2024T08:32:16 - [TEST_STEP][PASSED] - println(run): null

02-12-2024T08:32:16 - [TEST_STEP][PASSED] - if (run == 1): null

02-12-2024T08:32:16 - [TEST_STEP][PASSED] - else if (run == 2): null

02-12-2024T08:32:16 - [TEST_STEP][PASSED] - typeOfData = "Проценты": null

02-12-2024T08:32:16 - [TEST_STEP][PASSED] - println("todaysDate:" + todaysDate): null

02-12-2024T08:32:16 - [TEST_STEP][PASSED] - println("typeOfData:" + typeOfData): null

02-12-2024T08:32:16 - [TEST_STEP][PASSED] - viruchka = getText(findTestObject("Выручка в рублях/Фильтр Выручка" + nameOfBlock)): Text of object 'Object Repository/Выручка в рублях/Фильтр Выручка Выручка' is: 'ПЕРЕДАЧА ЭЛЕКТРОЭНЕРГИИ, внутренний оборот'

02-12-2024T08:32:16 - [MESSAGE][PASSED] - Text of object 'Object Repository/Выручка в рублях/Фильтр Выручка Выручка' is: 'ПЕРЕДАЧА ЭЛЕКТРОЭНЕРГИИ, внутренний оборот'

02-12-2024T08:32:16 - [TEST_STEP][PASSED] - println("viruchka" + viruchka): null

02-12-2024T08:32:16 - [TEST_STEP][PASSED] - println("vidget" + vidget): null

02-12-2024T08:32:16 - [TEST_STEP][PASSED] - println("a" + a): null

02-12-2024T08:32:16 - [TEST_STEP][PASSED] - println("b" + b): null

02-12-2024T08:32:16 - [TEST_STEP][PASSED] - sheetName = "Sheet1": null

02-12-2024T08:32:16 - [TEST_STEP][PASSED] - data = findTestData("PlanFact"): null

02-12-2024T08:32:16 - [TEST_STEP][PASSED] - n = data.getRowNumbers() + 1: null

02-12-2024T08:32:16 - [TEST_STEP][PASSED] - period = getText(findTestObject("Выручка в рублях/Фильтр Период")): Text of object 'Object Repository/Выручка в рублях/Фильтр Период' is: 'Октябрь и 1, 2, 3 кв. 2024 года'

02-12-2024T08:32:16 - [MESSAGE][PASSED] - Text of object 'Object Repository/Выручка в рублях/Фильтр Период' is: 'Октябрь и 1, 2, 3 кв. 2024 года'

02-12-2024T08:32:16 - [TEST_STEP][PASSED] - println(period): null

02-12-2024T08:32:16 - [TEST_STEP][PASSED] - dashboardName = "Выручка в рублях": null

02-12-2024T08:32:16 - [TEST_STEP][PASSED] - workbook01 = getWorkbook(excelFilePath): null

02-12-2024T08:32:16 - [TEST_STEP][PASSED] - sheet01 = getExcelSheet(workbook01, sheetName): null

02-12-2024T08:32:16 - [TEST_STEP][PASSED] - setValueToCellByIndex(sheet01, n, 0, dashboardName): null

02-12-2024T08:32:16 - [TEST_STEP][PASSED] - setValueToCellByIndex(sheet01, n, 1, dZO): null

02-12-2024T08:32:16 - [TEST_STEP][PASSED] - setValueToCellByIndex(sheet01, n, 2, vidget): null

02-12-2024T08:32:16 - [TEST_STEP][PASSED] - setValueToCellByIndex(sheet01, n, 3, viruchka): null

02-12-2024T08:32:16 - [TEST_STEP][PASSED] - setValueToCellByIndex(sheet01, n, 4, typeOfData): null

02-12-2024T08:32:16 - [TEST_STEP][PASSED] - if (a == null): null

02-12-2024T08:32:16 - [TEST_STEP][PASSED] - else: null

02-12-2024T08:32:16 - [TEST_STEP][PASSED] - setValueToCellByIndex(sheet01, n, 5, a): null

02-12-2024T08:32:16 - [TEST_STEP][PASSED] - if (b == null): null

02-12-2024T08:32:16 - [TEST_STEP][PASSED] - else: null

02-12-2024T08:32:16 - [TEST_STEP][PASSED] - setValueToCellByIndex(sheet01, n, 6, b): null

02-12-2024T08:32:16 - [TEST_STEP][PASSED] - setValueToCellByIndex(sheet01, n, 7, period): null

02-12-2024T08:32:16 - [TEST_STEP][PASSED] - setValueToCellByIndex(sheet01, n, 8, todaysDate): null

02-12-2024T08:32:16 - [TEST_STEP][PASSED] - n = n + 1: null

02-12-2024T08:32:16 - [TEST_STEP][PASSED] - saveWorkbook(excelFilePath, workbook01): null

02-12-2024T08:32:16 - [TEST_STEP][PASSED] - dZO = "Россети Северо-Запад": null

02-12-2024T08:32:16 - [TEST_STEP][PASSED] - if (verifyEqual(a38, b38) == false): Actual object 'null' and expected object 'null' are equal

02-12-2024T08:32:16 - [MESSAGE][PASSED] - Actual object 'null' and expected object 'null' are equal

02-12-2024T08:32:16 - [TEST_STEP][PASSED] - dZO = "Россети Сибирь (ГК)": null

02-12-2024T08:32:16 - [TEST_STEP][PASSED] - if (verifyEqual(a39, b39) == false): Actual object 'null' and expected object 'null' are equal

02-12-2024T08:32:16 - [MESSAGE][PASSED] - Actual object 'null' and expected object 'null' are equal

02-12-2024T08:32:16 - [TEST_STEP][PASSED] - dZO = "Россети Томск": null

02-12-2024T08:32:16 - [TEST_STEP][PASSED] - if (verifyEqual(a310, b310) == false): Actual object 'null' and expected object 'null' are equal

02-12-2024T08:32:16 - [MESSAGE][PASSED] - Actual object 'null' and expected object 'null' are equal

02-12-2024T08:32:16 - [TEST_STEP][PASSED] - dZO = "Россети Тюмень": null

02-12-2024T08:32:16 - [TEST_STEP][PASSED] - if (verifyEqual(a311, b311) == false): Actual object 'null' and expected object 'null' are equal

02-12-2024T08:32:16 - [MESSAGE][PASSED] - Actual object 'null' and expected object 'null' are equal

02-12-2024T08:32:16 - [TEST_STEP][PASSED] - dZO = "Россети Урал (ГК)": null

02-12-2024T08:32:16 - [TEST_STEP][PASSED] - if (verifyEqual(a312, b312) == false): Actual object 'null' and expected object 'null' are equal

02-12-2024T08:32:16 - [MESSAGE][PASSED] - Actual object 'null' and expected object 'null' are equal

02-12-2024T08:32:16 - [TEST_STEP][PASSED] - dZO = "Россети ФСК ЕЭС": null

02-12-2024T08:32:16 - [TEST_STEP][PASSED] - if (verifyEqual(a313, b313) == false): Actual object 'null' and expected object 'null' are equal

02-12-2024T08:32:16 - [MESSAGE][PASSED] - Actual object 'null' and expected object 'null' are equal

02-12-2024T08:32:16 - [TEST_STEP][PASSED] - dZO = "Россети Центр": null

02-12-2024T08:32:16 - [TEST_STEP][PASSED] - if (verifyEqual(a314, b314) == false): Actual object 'null' and expected object 'null' are equal

02-12-2024T08:32:16 - [MESSAGE][PASSED] - Actual object 'null' and expected object 'null' are equal

02-12-2024T08:32:16 - [TEST_STEP][PASSED] - dZO = "Россети Центр и Приволжье (ГК)": null

02-12-2024T08:32:16 - [TEST_STEP][PASSED] - if (verifyEqual(a315, b315) == false): Actual object 'null' and expected object 'null' are equal

02-12-2024T08:32:16 - [MESSAGE][PASSED] - Actual object 'null' and expected object 'null' are equal

02-12-2024T08:32:16 - [TEST_STEP][PASSED] - dZO = "Россети Юг (ГК)": null

02-12-2024T08:32:16 - [TEST_STEP][FAILED] - if (verifyEqual(a316, b316) == false): null

02-12-2024T08:32:16 - [MESSAGE][FAILED] - Unable to verify equal between actual object '-45.96' and expected object '8.08' (Root cause: com.kms.katalon.core.exception.StepFailedException: Actual object '-45.96' and expected object '8.08' are not equal
	at com.kms.katalon.core.keyword.builtin.VerifyEqualKeyword$_verifyEqual_closure1.doCall(VerifyEqualKeyword.groovy:58)
	at com.kms.katalon.core.keyword.builtin.VerifyEqualKeyword$_verifyEqual_closure1.call(VerifyEqualKeyword.groovy)
	at com.kms.katalon.core.keyword.internal.KeywordMain.runKeyword(KeywordMain.groovy:75)
	at com.kms.katalon.core.keyword.builtin.VerifyEqualKeyword.verifyEqual(VerifyEqualKeyword.groovy:63)
	at com.kms.katalon.core.keyword.builtin.VerifyEqualKeyword.execute(VerifyEqualKeyword.groovy:44)
	at com.kms.katalon.core.keyword.internal.KeywordExecutor.executeKeywordForPlatform(KeywordExecutor.groovy:74)
	at com.kms.katalon.core.keyword.BuiltinKeywords.verifyEqual(BuiltinKeywords.groovy:146)
	at jdk.internal.reflect.GeneratedMethodAccessor25.invoke(Unknown Source)
	at java.base/jdk.internal.reflect.DelegatingMethodAccessorImpl.invoke(DelegatingMethodAccessorImpl.java:43)
	at Выручка в рублях сверка дашбордов ПАО Россети.Blocks(Выручка в рублях сверка дашбордов ПАО Россети:517)
	at Выручка в рублях сверка дашбордов ПАО Россети.ViruchkaChange(Выручка в рублях сверка дашбордов ПАО Россети:60)
	at Выручка в рублях сверка дашбордов ПАО Россети.run(Выручка в рублях сверка дашбордов ПАО Россети:55)
	at com.kms.katalon.core.main.ScriptEngine.run(ScriptEngine.java:194)
	at com.kms.katalon.core.main.ScriptEngine.runScriptAsRawText(ScriptEngine.java:119)
	at com.kms.katalon.core.main.TestCaseExecutor.runScript(TestCaseExecutor.java:448)
	at com.kms.katalon.core.main.TestCaseExecutor.doExecute(TestCaseExecutor.java:439)
	at com.kms.katalon.core.main.TestCaseExecutor.processExecutionPhase(TestCaseExecutor.java:418)
	at com.kms.katalon.core.main.TestCaseExecutor.accessMainPhase(TestCaseExecutor.java:410)
	at com.kms.katalon.core.main.TestCaseExecutor.execute(TestCaseExecutor.java:285)
	at com.kms.katalon.core.common.CommonExecutor.accessTestCaseMainPhase(CommonExecutor.java:65)
	at com.kms.katalon.core.main.TestSuiteExecutor.accessTestSuiteMainPhase(TestSuiteExecutor.java:150)
	at com.kms.katalon.core.main.TestSuiteExecutor.execute(TestSuiteExecutor.java:106)
	at com.kms.katalon.core.main.TestCaseMain.startTestSuite(TestCaseMain.java:180)
	at TempTestSuite1733111659562.run(TempTestSuite1733111659562.groovy:35)
	at java.base/jdk.internal.reflect.NativeMethodAccessorImpl.invoke0(Native Method)
	at java.base/jdk.internal.reflect.NativeMethodAccessorImpl.invoke(NativeMethodAccessorImpl.java:77)
	at java.base/jdk.internal.reflect.DelegatingMethodAccessorImpl.invoke(DelegatingMethodAccessorImpl.java:43)
)

02-12-2024T08:32:17 - [TEST_STEP][PASSED] - a = replaceAll("\s+", "").toDouble(): null

02-12-2024T08:32:17 - [TEST_STEP][PASSED] - b = replaceAll("\s+", "").toDouble(): null

02-12-2024T08:32:17 - [TEST_STEP][PASSED] - Script1710234207206.WriteToExcel(todaysDate, run, vir, block, typeOfData, viruchka, vidget, nameOfBlock, a, b, dZO): null

02-12-2024T08:32:17 - [TEST_STEP][PASSED] - println(run): null

02-12-2024T08:32:17 - [TEST_STEP][PASSED] - if (run == 1): null

02-12-2024T08:32:17 - [TEST_STEP][PASSED] - else if (run == 2): null

02-12-2024T08:32:17 - [TEST_STEP][PASSED] - typeOfData = "Проценты": null

02-12-2024T08:32:17 - [TEST_STEP][PASSED] - println("todaysDate:" + todaysDate): null

02-12-2024T08:32:17 - [TEST_STEP][PASSED] - println("typeOfData:" + typeOfData): null

02-12-2024T08:32:17 - [TEST_STEP][PASSED] - viruchka = getText(findTestObject("Выручка в рублях/Фильтр Выручка" + nameOfBlock)): Text of object 'Object Repository/Выручка в рублях/Фильтр Выручка Выручка' is: 'ПЕРЕДАЧА ЭЛЕКТРОЭНЕРГИИ, внутренний оборот'

02-12-2024T08:32:17 - [MESSAGE][PASSED] - Text of object 'Object Repository/Выручка в рублях/Фильтр Выручка Выручка' is: 'ПЕРЕДАЧА ЭЛЕКТРОЭНЕРГИИ, внутренний оборот'

02-12-2024T08:32:17 - [TEST_STEP][PASSED] - println("viruchka" + viruchka): null

02-12-2024T08:32:17 - [TEST_STEP][PASSED] - println("vidget" + vidget): null

02-12-2024T08:32:17 - [TEST_STEP][PASSED] - println("a" + a): null

02-12-2024T08:32:17 - [TEST_STEP][PASSED] - println("b" + b): null

02-12-2024T08:32:17 - [TEST_STEP][PASSED] - sheetName = "Sheet1": null

02-12-2024T08:32:17 - [TEST_STEP][PASSED] - data = findTestData("PlanFact"): null

02-12-2024T08:32:17 - [TEST_STEP][PASSED] - n = data.getRowNumbers() + 1: null

02-12-2024T08:32:17 - [TEST_STEP][PASSED] - period = getText(findTestObject("Выручка в рублях/Фильтр Период")): Text of object 'Object Repository/Выручка в рублях/Фильтр Период' is: 'Октябрь и 1, 2, 3 кв. 2024 года'

02-12-2024T08:32:17 - [MESSAGE][PASSED] - Text of object 'Object Repository/Выручка в рублях/Фильтр Период' is: 'Октябрь и 1, 2, 3 кв. 2024 года'

02-12-2024T08:32:17 - [TEST_STEP][PASSED] - println(period): null

02-12-2024T08:32:17 - [TEST_STEP][PASSED] - dashboardName = "Выручка в рублях": null

02-12-2024T08:32:17 - [TEST_STEP][PASSED] - workbook01 = getWorkbook(excelFilePath): null

02-12-2024T08:32:17 - [TEST_STEP][PASSED] - sheet01 = getExcelSheet(workbook01, sheetName): null

02-12-2024T08:32:17 - [TEST_STEP][PASSED] - setValueToCellByIndex(sheet01, n, 0, dashboardName): null

02-12-2024T08:32:17 - [TEST_STEP][PASSED] - setValueToCellByIndex(sheet01, n, 1, dZO): null

02-12-2024T08:32:17 - [TEST_STEP][PASSED] - setValueToCellByIndex(sheet01, n, 2, vidget): null

02-12-2024T08:32:17 - [TEST_STEP][PASSED] - setValueToCellByIndex(sheet01, n, 3, viruchka): null

02-12-2024T08:32:17 - [TEST_STEP][PASSED] - setValueToCellByIndex(sheet01, n, 4, typeOfData): null

02-12-2024T08:32:17 - [TEST_STEP][PASSED] - if (a == null): null

02-12-2024T08:32:17 - [TEST_STEP][PASSED] - else: null

02-12-2024T08:32:17 - [TEST_STEP][PASSED] - setValueToCellByIndex(sheet01, n, 5, a): null

02-12-2024T08:32:17 - [TEST_STEP][PASSED] - if (b == null): null

02-12-2024T08:32:17 - [TEST_STEP][PASSED] - else: null

02-12-2024T08:32:17 - [TEST_STEP][PASSED] - setValueToCellByIndex(sheet01, n, 6, b): null

02-12-2024T08:32:17 - [TEST_STEP][PASSED] - setValueToCellByIndex(sheet01, n, 7, period): null

02-12-2024T08:32:17 - [TEST_STEP][PASSED] - setValueToCellByIndex(sheet01, n, 8, todaysDate): null

02-12-2024T08:32:17 - [TEST_STEP][PASSED] - n = n + 1: null

02-12-2024T08:32:17 - [TEST_STEP][PASSED] - saveWorkbook(excelFilePath, workbook01): null

02-12-2024T08:32:17 - [TEST_STEP][PASSED] - dZO = "Россети Янтарь": null

02-12-2024T08:32:17 - [TEST_STEP][PASSED] - if (verifyEqual(a317, b317) == false): Actual object 'null' and expected object 'null' are equal

02-12-2024T08:32:17 - [MESSAGE][PASSED] - Actual object 'null' and expected object 'null' are equal

02-12-2024T08:32:17 - [TEST_STEP][PASSED] - closeBrowser(): Browser is closed

02-12-2024T08:32:18 - [MESSAGE][PASSED] - Browser is closed]]></system-out>
         <system-err><![CDATA[02-12-2024T07:07:09 - [TEST_CASE][FAILED] - Test Cases/Сверки дашбордов/Выручка в рублях сверка дашбордов ПАО Россети: Test Cases/Сверки дашбордов/Выручка в рублях сверка дашбордов ПАО Россети FAILED.
Reason:
com.kms.katalon.core.exception.StepFailedException: Unable to verify equal between actual object '-25.61' and expected object '0.07' (Root cause: com.kms.katalon.core.exception.StepFailedException: Actual object '-25.61' and expected object '0.07' are not equal
	at com.kms.katalon.core.keyword.builtin.VerifyEqualKeyword$_verifyEqual_closure1.doCall(VerifyEqualKeyword.groovy:58)
	at com.kms.katalon.core.keyword.builtin.VerifyEqualKeyword$_verifyEqual_closure1.call(VerifyEqualKeyword.groovy)
	at com.kms.katalon.core.keyword.internal.KeywordMain.runKeyword(KeywordMain.groovy:75)
	at com.kms.katalon.core.keyword.builtin.VerifyEqualKeyword.verifyEqual(VerifyEqualKeyword.groovy:63)
	at com.kms.katalon.core.keyword.builtin.VerifyEqualKeyword.execute(VerifyEqualKeyword.groovy:44)
	at com.kms.katalon.core.keyword.internal.KeywordExecutor.executeKeywordForPlatform(KeywordExecutor.groovy:74)
	at com.kms.katalon.core.keyword.BuiltinKeywords.verifyEqual(BuiltinKeywords.groovy:146)
	at jdk.internal.reflect.GeneratedMethodAccessor25.invoke(Unknown Source)
	at java.base/jdk.internal.reflect.DelegatingMethodAccessorImpl.invoke(DelegatingMethodAccessorImpl.java:43)
	at Выручка в рублях сверка дашбордов ПАО Россети.Blocks(Выручка в рублях сверка дашбордов ПАО Россети:357)
	at Выручка в рублях сверка дашбордов ПАО Россети.ViruchkaChange(Выручка в рублях сверка дашбордов ПАО Россети:60)
	at Выручка в рублях сверка дашбордов ПАО Россети.run(Выручка в рублях сверка дашбордов ПАО Россети:55)
	at com.kms.katalon.core.main.ScriptEngine.run(ScriptEngine.java:194)
	at com.kms.katalon.core.main.ScriptEngine.runScriptAsRawText(ScriptEngine.java:119)
	at com.kms.katalon.core.main.TestCaseExecutor.runScript(TestCaseExecutor.java:448)
	at com.kms.katalon.core.main.TestCaseExecutor.doExecute(TestCaseExecutor.java:439)
	at com.kms.katalon.core.main.TestCaseExecutor.processExecutionPhase(TestCaseExecutor.java:418)
	at com.kms.katalon.core.main.TestCaseExecutor.accessMainPhase(TestCaseExecutor.java:410)
	at com.kms.katalon.core.main.TestCaseExecutor.execute(TestCaseExecutor.java:285)
	at com.kms.katalon.core.common.CommonExecutor.accessTestCaseMainPhase(CommonExecutor.java:65)
	at com.kms.katalon.core.main.TestSuiteExecutor.accessTestSuiteMainPhase(TestSuiteExecutor.java:150)
	at com.kms.katalon.core.main.TestSuiteExecutor.execute(TestSuiteExecutor.java:106)
	at com.kms.katalon.core.main.TestCaseMain.startTestSuite(TestCaseMain.java:180)
	at TempTestSuite1733111659562.run(TempTestSuite1733111659562.groovy:35)
	at java.base/jdk.internal.reflect.NativeMethodAccessorImpl.invoke0(Native Method)
	at java.base/jdk.internal.reflect.NativeMethodAccessorImpl.invoke(NativeMethodAccessorImpl.java:77)
	at java.base/jdk.internal.reflect.DelegatingMethodAccessorImpl.invoke(DelegatingMethodAccessorImpl.java:43)
)
	at com.kms.katalon.core.keyword.internal.KeywordMain.stepFailed(KeywordMain.groovy:39)
	at com.kms.katalon.core.keyword.internal.KeywordMain.stepFailed(KeywordMain.groovy)
	at com.kms.katalon.core.keyword.internal.KeywordMain.runKeyword(KeywordMain.groovy:77)
	at com.kms.katalon.core.keyword.builtin.VerifyEqualKeyword.verifyEqual(VerifyEqualKeyword.groovy:63)
	at com.kms.katalon.core.keyword.builtin.VerifyEqualKeyword.execute(VerifyEqualKeyword.groovy:44)
	at com.kms.katalon.core.keyword.internal.KeywordExecutor.executeKeywordForPlatform(KeywordExecutor.groovy:74)
	at com.kms.katalon.core.keyword.BuiltinKeywords.verifyEqual(BuiltinKeywords.groovy:146)
	at jdk.internal.reflect.GeneratedMethodAccessor25.invoke(Unknown Source)
	at java.base/jdk.internal.reflect.DelegatingMethodAccessorImpl.invoke(DelegatingMethodAccessorImpl.java:43)
	at Выручка в рублях сверка дашбордов ПАО Россети.Blocks(Выручка в рублях сверка дашбордов ПАО Россети:357)
	at Выручка в рублях сверка дашбордов ПАО Россети.ViruchkaChange(Выручка в рублях сверка дашбордов ПАО Россети:60)
	at Выручка в рублях сверка дашбордов ПАО Россети.run(Выручка в рублях сверка дашбордов ПАО Россети:55)
	at com.kms.katalon.core.main.ScriptEngine.run(ScriptEngine.java:194)
	at com.kms.katalon.core.main.ScriptEngine.runScriptAsRawText(ScriptEngine.java:119)
	at com.kms.katalon.core.main.TestCaseExecutor.runScript(TestCaseExecutor.java:448)
	at com.kms.katalon.core.main.TestCaseExecutor.doExecute(TestCaseExecutor.java:439)
	at com.kms.katalon.core.main.TestCaseExecutor.processExecutionPhase(TestCaseExecutor.java:418)
	at com.kms.katalon.core.main.TestCaseExecutor.accessMainPhase(TestCaseExecutor.java:410)
	at com.kms.katalon.core.main.TestCaseExecutor.execute(TestCaseExecutor.java:285)
	at com.kms.katalon.core.common.CommonExecutor.accessTestCaseMainPhase(CommonExecutor.java:65)
	at com.kms.katalon.core.main.TestSuiteExecutor.accessTestSuiteMainPhase(TestSuiteExecutor.java:150)
	at com.kms.katalon.core.main.TestSuiteExecutor.execute(TestSuiteExecutor.java:106)
	at com.kms.katalon.core.main.TestCaseMain.startTestSuite(TestCaseMain.java:180)
	at TempTestSuite1733111659562.run(TempTestSuite1733111659562.groovy:35)
	at java.base/jdk.internal.reflect.NativeMethodAccessorImpl.invoke0(Native Method)
	at java.base/jdk.internal.reflect.NativeMethodAccessorImpl.invoke(NativeMethodAccessorImpl.java:77)
	at java.base/jdk.internal.reflect.DelegatingMethodAccessorImpl.invoke(DelegatingMethodAccessorImpl.java:43)
Caused by: com.kms.katalon.core.exception.StepFailedException: Actual object '-25.61' and expected object '0.07' are not equal
	at com.kms.katalon.core.keyword.builtin.VerifyEqualKeyword$_verifyEqual_closure1.doCall(VerifyEqualKeyword.groovy:58)
	at com.kms.katalon.core.keyword.builtin.VerifyEqualKeyword$_verifyEqual_closure1.call(VerifyEqualKeyword.groovy)
	at com.kms.katalon.core.keyword.internal.KeywordMain.runKeyword(KeywordMain.groovy:75)
	... 24 more]]></system-err>
      </testcase>
      <system-out><![CDATA[02-12-2024T06:54:24 - [TEST_SUITE][FAILED] - Сверка дашбордов из разных блоков: Test Cases/Сверки дашбордов/Выполнение бизнес-плана сверка дашбордов FAILED.
Reason:
com.kms.katalon.core.exception.StepFailedException: Unable to verify object is present (Root cause: com.kms.katalon.core.exception.StepFailedException: Unable to verify object is present
	at com.kms.katalon.core.webui.keyword.internal.WebUIKeywordMain.stepFailed(WebUIKeywordMain.groovy:64)
	at com.kms.katalon.core.webui.keyword.internal.WebUIKeywordMain.runKeyword(WebUIKeywordMain.groovy:26)
	at com.kms.katalon.core.webui.keyword.builtin.VerifyElementPresentKeyword.verifyElementPresent(VerifyElementPresentKeyword.groovy:92)
	at com.kms.katalon.core.webui.keyword.builtin.VerifyElementPresentKeyword.execute(VerifyElementPresentKeyword.groovy:68)
	at com.kms.katalon.core.keyword.internal.KeywordExecutor.executeKeywordForPlatform(KeywordExecutor.groovy:74)
	at com.kms.katalon.core.webui.keyword.WebUiBuiltInKeywords.verifyElementPresent(WebUiBuiltInKeywords.groovy:1503)
	at Выполнение бизнес-плана сверка дашбордов.GetAllPAOData(Выполнение бизнес-плана сверка дашбордов:862)
	at Выполнение бизнес-плана сверка дашбордов.run(Выполнение бизнес-плана сверка дашбордов:362)
	at com.kms.katalon.core.main.ScriptEngine.run(ScriptEngine.java:194)
	at com.kms.katalon.core.main.ScriptEngine.runScriptAsRawText(ScriptEngine.java:119)
	at com.kms.katalon.core.main.TestCaseExecutor.runScript(TestCaseExecutor.java:448)
	at com.kms.katalon.core.main.TestCaseExecutor.doExecute(TestCaseExecutor.java:439)
	at com.kms.katalon.core.main.TestCaseExecutor.processExecutionPhase(TestCaseExecutor.java:418)
	at com.kms.katalon.core.main.TestCaseExecutor.accessMainPhase(TestCaseExecutor.java:410)
	at com.kms.katalon.core.main.TestCaseExecutor.execute(TestCaseExecutor.java:285)
	at com.kms.katalon.core.common.CommonExecutor.accessTestCaseMainPhase(CommonExecutor.java:65)
	at com.kms.katalon.core.main.TestSuiteExecutor.accessTestSuiteMainPhase(TestSuiteExecutor.java:150)
	at com.kms.katalon.core.main.TestSuiteExecutor.execute(TestSuiteExecutor.java:106)
	at com.kms.katalon.core.main.TestCaseMain.startTestSuite(TestCaseMain.java:180)
	at TempTestSuite1733111659562.run(TempTestSuite1733111659562.groovy:35)
	at java.base/jdk.internal.reflect.NativeMethodAccessorImpl.invoke0(Native Method)
	at java.base/jdk.internal.reflect.NativeMethodAccessorImpl.invoke(NativeMethodAccessorImpl.java:77)
	at java.base/jdk.internal.reflect.DelegatingMethodAccessorImpl.invoke(DelegatingMethodAccessorImpl.java:43)
Caused by: java.lang.IllegalArgumentException: Object is null
	at com.kms.katalon.core.helper.KeywordHelper.checkTestObjectParameter(KeywordHelper.java:33)
	at com.kms.katalon.core.webui.keyword.builtin.VerifyElementPresentKeyword$_verifyElementPresent_closure1.doCall(VerifyElementPresentKeyword.groovy:76)
	at com.kms.katalon.core.webui.keyword.builtin.VerifyElementPresentKeyword$_verifyElementPresent_closure1.call(VerifyElementPresentKeyword.groovy)
	at com.kms.katalon.core.webui.keyword.internal.WebUIKeywordMain.runKeyword(WebUIKeywordMain.groovy:20)
	at com.kms.katalon.core.webui.keyword.builtin.VerifyElementPresentKeyword.verifyElementPresent(VerifyElementPresentKeyword.groovy:92)
	at com.kms.katalon.core.webui.keyword.builtin.VerifyElementPresentKeyword.execute(VerifyElementPresentKeyword.groovy:68)
	at com.kms.katalon.core.keyword.internal.KeywordExecutor.executeKeywordForPlatform(KeywordExecutor.groovy:74)
	at com.kms.katalon.core.webui.keyword.WebUiBuiltInKeywords.verifyElementPresent(WebUiBuiltInKeywords.groovy:1503)
	at Script1719299571342.GetAllPAOData(Script1719299571342.groovy:862)
	at Script1719299571342.run(Script1719299571342.groovy:362)
	... 15 more
)
	at com.kms.katalon.core.keyword.internal.KeywordMain.stepFailed(KeywordMain.groovy:39)
	at com.kms.katalon.core.webui.keyword.internal.WebUIKeywordMain.stepFailed(WebUIKeywordMain.groovy:64)
	at com.kms.katalon.core.webui.keyword.internal.WebUIKeywordMain.runKeyword(WebUIKeywordMain.groovy:26)
	at com.kms.katalon.core.webui.keyword.builtin.VerifyElementPresentKeyword.verifyElementPresent(VerifyElementPresentKeyword.groovy:92)
	at com.kms.katalon.core.webui.keyword.builtin.VerifyElementPresentKeyword.execute(VerifyElementPresentKeyword.groovy:68)
	at com.kms.katalon.core.keyword.internal.KeywordExecutor.executeKeywordForPlatform(KeywordExecutor.groovy:74)
	at com.kms.katalon.core.webui.keyword.WebUiBuiltInKeywords.verifyElementPresent(WebUiBuiltInKeywords.groovy:1503)
	at Выполнение бизнес-плана сверка дашбордов.GetAllPAOData(Выполнение бизнес-плана сверка дашбордов:862)
	at Выполнение бизнес-плана сверка дашбордов.run(Выполнение бизнес-плана сверка дашбордов:362)
	at com.kms.katalon.core.main.ScriptEngine.run(ScriptEngine.java:194)
	at com.kms.katalon.core.main.ScriptEngine.runScriptAsRawText(ScriptEngine.java:119)
	at com.kms.katalon.core.main.TestCaseExecutor.runScript(TestCaseExecutor.java:448)
	at com.kms.katalon.core.main.TestCaseExecutor.doExecute(TestCaseExecutor.java:439)
	at com.kms.katalon.core.main.TestCaseExecutor.processExecutionPhase(TestCaseExecutor.java:418)
	at com.kms.katalon.core.main.TestCaseExecutor.accessMainPhase(TestCaseExecutor.java:410)
	at com.kms.katalon.core.main.TestCaseExecutor.execute(TestCaseExecutor.java:285)
	at com.kms.katalon.core.common.CommonExecutor.accessTestCaseMainPhase(CommonExecutor.java:65)
	at com.kms.katalon.core.main.TestSuiteExecutor.accessTestSuiteMainPhase(TestSuiteExecutor.java:150)
	at com.kms.katalon.core.main.TestSuiteExecutor.execute(TestSuiteExecutor.java:106)
	at com.kms.katalon.core.main.TestCaseMain.startTestSuite(TestCaseMain.java:180)
	at TempTestSuite1733111659562.run(TempTestSuite1733111659562.groovy:35)
	at java.base/jdk.internal.reflect.NativeMethodAccessorImpl.invoke0(Native Method)
	at java.base/jdk.internal.reflect.NativeMethodAccessorImpl.invoke(NativeMethodAccessorImpl.java:77)
	at java.base/jdk.internal.reflect.DelegatingMethodAccessorImpl.invoke(DelegatingMethodAccessorImpl.java:43)
Caused by: com.kms.katalon.core.exception.StepFailedException: Unable to verify object is present
	... 23 more
Caused by: java.lang.IllegalArgumentException: Object is null
	at com.kms.katalon.core.helper.KeywordHelper.checkTestObjectParameter(KeywordHelper.java:33)
	at com.kms.katalon.core.webui.keyword.builtin.VerifyElementPresentKeyword$_verifyElementPresent_closure1.doCall(VerifyElementPresentKeyword.groovy:76)
	at com.kms.katalon.core.webui.keyword.builtin.VerifyElementPresentKeyword$_verifyElementPresent_closure1.call(VerifyElementPresentKeyword.groovy)
	at com.kms.katalon.core.webui.keyword.internal.WebUIKeywordMain.runKeyword(WebUIKeywordMain.groovy:20)
	... 21 more]]></system-out>
      <system-err><![CDATA[02-12-2024T06:54:24 - [TEST_SUITE][FAILED] - Сверка дашбордов из разных блоков: Test Cases/Сверки дашбордов/Выполнение бизнес-плана сверка дашбордов FAILED.
Reason:
com.kms.katalon.core.exception.StepFailedException: Unable to verify object is present (Root cause: com.kms.katalon.core.exception.StepFailedException: Unable to verify object is present
	at com.kms.katalon.core.webui.keyword.internal.WebUIKeywordMain.stepFailed(WebUIKeywordMain.groovy:64)
	at com.kms.katalon.core.webui.keyword.internal.WebUIKeywordMain.runKeyword(WebUIKeywordMain.groovy:26)
	at com.kms.katalon.core.webui.keyword.builtin.VerifyElementPresentKeyword.verifyElementPresent(VerifyElementPresentKeyword.groovy:92)
	at com.kms.katalon.core.webui.keyword.builtin.VerifyElementPresentKeyword.execute(VerifyElementPresentKeyword.groovy:68)
	at com.kms.katalon.core.keyword.internal.KeywordExecutor.executeKeywordForPlatform(KeywordExecutor.groovy:74)
	at com.kms.katalon.core.webui.keyword.WebUiBuiltInKeywords.verifyElementPresent(WebUiBuiltInKeywords.groovy:1503)
	at Выполнение бизнес-плана сверка дашбордов.GetAllPAOData(Выполнение бизнес-плана сверка дашбордов:862)
	at Выполнение бизнес-плана сверка дашбордов.run(Выполнение бизнес-плана сверка дашбордов:362)
	at com.kms.katalon.core.main.ScriptEngine.run(ScriptEngine.java:194)
	at com.kms.katalon.core.main.ScriptEngine.runScriptAsRawText(ScriptEngine.java:119)
	at com.kms.katalon.core.main.TestCaseExecutor.runScript(TestCaseExecutor.java:448)
	at com.kms.katalon.core.main.TestCaseExecutor.doExecute(TestCaseExecutor.java:439)
	at com.kms.katalon.core.main.TestCaseExecutor.processExecutionPhase(TestCaseExecutor.java:418)
	at com.kms.katalon.core.main.TestCaseExecutor.accessMainPhase(TestCaseExecutor.java:410)
	at com.kms.katalon.core.main.TestCaseExecutor.execute(TestCaseExecutor.java:285)
	at com.kms.katalon.core.common.CommonExecutor.accessTestCaseMainPhase(CommonExecutor.java:65)
	at com.kms.katalon.core.main.TestSuiteExecutor.accessTestSuiteMainPhase(TestSuiteExecutor.java:150)
	at com.kms.katalon.core.main.TestSuiteExecutor.execute(TestSuiteExecutor.java:106)
	at com.kms.katalon.core.main.TestCaseMain.startTestSuite(TestCaseMain.java:180)
	at TempTestSuite1733111659562.run(TempTestSuite1733111659562.groovy:35)
	at java.base/jdk.internal.reflect.NativeMethodAccessorImpl.invoke0(Native Method)
	at java.base/jdk.internal.reflect.NativeMethodAccessorImpl.invoke(NativeMethodAccessorImpl.java:77)
	at java.base/jdk.internal.reflect.DelegatingMethodAccessorImpl.invoke(DelegatingMethodAccessorImpl.java:43)
Caused by: java.lang.IllegalArgumentException: Object is null
	at com.kms.katalon.core.helper.KeywordHelper.checkTestObjectParameter(KeywordHelper.java:33)
	at com.kms.katalon.core.webui.keyword.builtin.VerifyElementPresentKeyword$_verifyElementPresent_closure1.doCall(VerifyElementPresentKeyword.groovy:76)
	at com.kms.katalon.core.webui.keyword.builtin.VerifyElementPresentKeyword$_verifyElementPresent_closure1.call(VerifyElementPresentKeyword.groovy)
	at com.kms.katalon.core.webui.keyword.internal.WebUIKeywordMain.runKeyword(WebUIKeywordMain.groovy:20)
	at com.kms.katalon.core.webui.keyword.builtin.VerifyElementPresentKeyword.verifyElementPresent(VerifyElementPresentKeyword.groovy:92)
	at com.kms.katalon.core.webui.keyword.builtin.VerifyElementPresentKeyword.execute(VerifyElementPresentKeyword.groovy:68)
	at com.kms.katalon.core.keyword.internal.KeywordExecutor.executeKeywordForPlatform(KeywordExecutor.groovy:74)
	at com.kms.katalon.core.webui.keyword.WebUiBuiltInKeywords.verifyElementPresent(WebUiBuiltInKeywords.groovy:1503)
	at Script1719299571342.GetAllPAOData(Script1719299571342.groovy:862)
	at Script1719299571342.run(Script1719299571342.groovy:362)
	... 15 more
)
	at com.kms.katalon.core.keyword.internal.KeywordMain.stepFailed(KeywordMain.groovy:39)
	at com.kms.katalon.core.webui.keyword.internal.WebUIKeywordMain.stepFailed(WebUIKeywordMain.groovy:64)
	at com.kms.katalon.core.webui.keyword.internal.WebUIKeywordMain.runKeyword(WebUIKeywordMain.groovy:26)
	at com.kms.katalon.core.webui.keyword.builtin.VerifyElementPresentKeyword.verifyElementPresent(VerifyElementPresentKeyword.groovy:92)
	at com.kms.katalon.core.webui.keyword.builtin.VerifyElementPresentKeyword.execute(VerifyElementPresentKeyword.groovy:68)
	at com.kms.katalon.core.keyword.internal.KeywordExecutor.executeKeywordForPlatform(KeywordExecutor.groovy:74)
	at com.kms.katalon.core.webui.keyword.WebUiBuiltInKeywords.verifyElementPresent(WebUiBuiltInKeywords.groovy:1503)
	at Выполнение бизнес-плана сверка дашбордов.GetAllPAOData(Выполнение бизнес-плана сверка дашбордов:862)
	at Выполнение бизнес-плана сверка дашбордов.run(Выполнение бизнес-плана сверка дашбордов:362)
	at com.kms.katalon.core.main.ScriptEngine.run(ScriptEngine.java:194)
	at com.kms.katalon.core.main.ScriptEngine.runScriptAsRawText(ScriptEngine.java:119)
	at com.kms.katalon.core.main.TestCaseExecutor.runScript(TestCaseExecutor.java:448)
	at com.kms.katalon.core.main.TestCaseExecutor.doExecute(TestCaseExecutor.java:439)
	at com.kms.katalon.core.main.TestCaseExecutor.processExecutionPhase(TestCaseExecutor.java:418)
	at com.kms.katalon.core.main.TestCaseExecutor.accessMainPhase(TestCaseExecutor.java:410)
	at com.kms.katalon.core.main.TestCaseExecutor.execute(TestCaseExecutor.java:285)
	at com.kms.katalon.core.common.CommonExecutor.accessTestCaseMainPhase(CommonExecutor.java:65)
	at com.kms.katalon.core.main.TestSuiteExecutor.accessTestSuiteMainPhase(TestSuiteExecutor.java:150)
	at com.kms.katalon.core.main.TestSuiteExecutor.execute(TestSuiteExecutor.java:106)
	at com.kms.katalon.core.main.TestCaseMain.startTestSuite(TestCaseMain.java:180)
	at TempTestSuite1733111659562.run(TempTestSuite1733111659562.groovy:35)
	at java.base/jdk.internal.reflect.NativeMethodAccessorImpl.invoke0(Native Method)
	at java.base/jdk.internal.reflect.NativeMethodAccessorImpl.invoke(NativeMethodAccessorImpl.java:77)
	at java.base/jdk.internal.reflect.DelegatingMethodAccessorImpl.invoke(DelegatingMethodAccessorImpl.java:43)
Caused by: com.kms.katalon.core.exception.StepFailedException: Unable to verify object is present
	... 23 more
Caused by: java.lang.IllegalArgumentException: Object is null
	at com.kms.katalon.core.helper.KeywordHelper.checkTestObjectParameter(KeywordHelper.java:33)
	at com.kms.katalon.core.webui.keyword.builtin.VerifyElementPresentKeyword$_verifyElementPresent_closure1.doCall(VerifyElementPresentKeyword.groovy:76)
	at com.kms.katalon.core.webui.keyword.builtin.VerifyElementPresentKeyword$_verifyElementPresent_closure1.call(VerifyElementPresentKeyword.groovy)
	at com.kms.katalon.core.webui.keyword.internal.WebUIKeywordMain.runKeyword(WebUIKeywordMain.groovy:20)
	... 21 more]]></system-err>
   </testsuite>
</testsuites>
