<?xml version="1.0" encoding="UTF-8"?>
<testsuites name="Сверка дашбордов из разных блоков" time="13508.359" tests="6" failures="4" errors="0">
   <testsuite name="Сверка дашбордов из разных блоков" tests="6" failures="4" errors="0" time="13508.359" skipped="0" timestamp="07-03-2025T04:53:43" hostname="liazgina-di - UVV-WS904-D.ot.ru" id="Test Suites/Пн-Ср-Пт/Сверка дашбордов из разных блоков">
      <properties>
         <property name="deviceName" value=""/>
         <property name="devicePlatform"/>
         <property name="logFolder" value="C:\\Users\\LIAZGINA-DI\\git\\SPORU\\Reports\\20250307_045338\\\u041F\u043D-\u0421\u0440-\u041F\u0442\\\u0421\u0432\u0435\u0440\u043A\u0430 \u0434\u0430\u0448\u0431\u043E\u0440\u0434\u043E\u0432 \u0438\u0437 \u0440\u0430\u0437\u043D\u044B\u0445 \u0431\u043B\u043E\u043A\u043E\u0432\\20250307_045338"/>
         <property name="logFiles" value="C:\\Users\\LIAZGINA-DI\\git\\SPORU\\Reports\\20250307_045338\\\u041F\u043D-\u0421\u0440-\u041F\u0442\\\u0421\u0432\u0435\u0440\u043A\u0430 \u0434\u0430\u0448\u0431\u043E\u0440\u0434\u043E\u0432 \u0438\u0437 \u0440\u0430\u0437\u043D\u044B\u0445 \u0431\u043B\u043E\u043A\u043E\u0432\\20250307_045338\\execution0.log"/>
         <property name="attachments" value="C:\\Users\\LIAZGINA-DI\\git\\SPORU\\Reports\\20250307_045338\\\u041F\u043D-\u0421\u0440-\u041F\u0442\\\u0421\u0432\u0435\u0440\u043A\u0430 \u0434\u0430\u0448\u0431\u043E\u0440\u0434\u043E\u0432 \u0438\u0437 \u0440\u0430\u0437\u043D\u044B\u0445 \u0431\u043B\u043E\u043A\u043E\u0432\\20250307_045338\\1741312927427.png, C:\\Users\\LIAZGINA-DI\\git\\SPORU\\Reports\\20250307_045338\\\u041F\u043D-\u0421\u0440-\u041F\u0442\\\u0421\u0432\u0435\u0440\u043A\u0430 \u0434\u0430\u0448\u0431\u043E\u0440\u0434\u043E\u0432 \u0438\u0437 \u0440\u0430\u0437\u043D\u044B\u0445 \u0431\u043B\u043E\u043A\u043E\u0432\\20250307_045338\\1741313427170.png, C:\\Users\\LIAZGINA-DI\\git\\SPORU\\Reports\\20250307_045338\\\u041F\u043D-\u0421\u0440-\u041F\u0442\\\u0421\u0432\u0435\u0440\u043A\u0430 \u0434\u0430\u0448\u0431\u043E\u0440\u0434\u043E\u0432 \u0438\u0437 \u0440\u0430\u0437\u043D\u044B\u0445 \u0431\u043B\u043E\u043A\u043E\u0432\\20250307_045338\\1741313929318.png, C:\\Users\\LIAZGINA-DI\\git\\SPORU\\Reports\\20250307_045338\\\u041F\u043D-\u0421\u0440-\u041F\u0442\\\u0421\u0432\u0435\u0440\u043A\u0430 \u0434\u0430\u0448\u0431\u043E\u0440\u0434\u043E\u0432 \u0438\u0437 \u0440\u0430\u0437\u043D\u044B\u0445 \u0431\u043B\u043E\u043A\u043E\u0432\\20250307_045338\\1741321103342.png, C:\\Users\\LIAZGINA-DI\\git\\SPORU\\Reports\\20250307_045338\\\u041F\u043D-\u0421\u0440-\u041F\u0442\\\u0421\u0432\u0435\u0440\u043A\u0430 \u0434\u0430\u0448\u0431\u043E\u0440\u0434\u043E\u0432 \u0438\u0437 \u0440\u0430\u0437\u043D\u044B\u0445 \u0431\u043B\u043E\u043A\u043E\u0432\\20250307_045338\\1741325931757.png"/>
         <property name="hostName" value="liazgina-di - UVV-WS904-D.ot.ru"/>
         <property name="os" value="Windows 10 64bit"/>
         <property name="katalonVersion" value="9.5.0.217"/>
         <property name="browser" value="Chrome 133.0.0.0"/>
         <property name="hostAddress" value="192.168.0.19"/>
         <property name="sessionId" value="40266dc4dcc643d88ad3688af9d177c2"/>
         <property name="seleniumVersion" value="3.141.59"/>
         <property name="proxyInformation" value="ProxyInformation { proxyOption=NO_PROXY, proxyServerType=HTTP, username=, password=********, proxyServerAddress=, proxyServerPort=0, executionList=&quot;&quot;, isApplyToDesiredCapabilities=true }"/>
         <property name="platform" value="Windows 10"/>
      </properties>
      <testcase name="Test Cases/Сверки дашбордов/Блок руководителя сверка дашбордов под разными учётками" time="8451.109" classname="Test Cases/Сверки дашбордов/Блок руководителя сверка дашбордов под разными учётками" status="FAILED">
         <failure type="FAILED" message="Test Cases/Сверки дашбордов/Блок руководителя сверка дашбордов под разными учётками FAILED.&#xa;Reason:&#xa;com.kms.katalon.core.exception.StepFailedException: Unable to get text of object 'Object Repository/Выполнение бизнес-плана/table' (Root cause: com.kms.katalon.core.exception.StepFailedException: Unable to get text of object 'Object Repository/Выполнение бизнес-плана/table'&#xa;	at com.kms.katalon.core.webui.keyword.internal.WebUIKeywordMain.stepFailed(WebUIKeywordMain.groovy:64)&#xa;	at com.kms.katalon.core.webui.keyword.internal.WebUIKeywordMain.runKeyword(WebUIKeywordMain.groovy:26)&#xa;	at com.kms.katalon.core.webui.keyword.builtin.GetTextKeyword.getText(GetTextKeyword.groovy:88)&#xa;	at com.kms.katalon.core.webui.keyword.builtin.GetTextKeyword.execute(GetTextKeyword.groovy:67)&#xa;	at com.kms.katalon.core.keyword.internal.KeywordExecutor.executeKeywordForPlatform(KeywordExecutor.groovy:74)&#xa;	at com.kms.katalon.core.webui.keyword.WebUiBuiltInKeywords.getText(WebUiBuiltInKeywords.groovy:957)&#xa;	at Блок руководителя сверка дашбордов под разными учётками.VipolnenieBiznesPlana(Блок руководителя сверка дашбордов под разными учётками:278)&#xa;	at Блок руководителя сверка дашбордов под разными учётками.run(Блок руководителя сверка дашбордов под разными учётками:52)&#xa;	at com.kms.katalon.core.main.ScriptEngine.run(ScriptEngine.java:194)&#xa;	at com.kms.katalon.core.main.ScriptEngine.runScriptAsRawText(ScriptEngine.java:119)&#xa;	at com.kms.katalon.core.main.TestCaseExecutor.runScript(TestCaseExecutor.java:448)&#xa;	at com.kms.katalon.core.main.TestCaseExecutor.doExecute(TestCaseExecutor.java:439)&#xa;	at com.kms.katalon.core.main.TestCaseExecutor.processExecutionPhase(TestCaseExecutor.java:418)&#xa;	at com.kms.katalon.core.main.TestCaseExecutor.accessMainPhase(TestCaseExecutor.java:410)&#xa;	at com.kms.katalon.core.main.TestCaseExecutor.execute(TestCaseExecutor.java:285)&#xa;	at com.kms.katalon.core.common.CommonExecutor.accessTestCaseMainPhase(CommonExecutor.java:65)&#xa;	at com.kms.katalon.core.main.TestSuiteExecutor.accessTestSuiteMainPhase(TestSuiteExecutor.java:150)&#xa;	at com.kms.katalon.core.main.TestSuiteExecutor.execute(TestSuiteExecutor.java:106)&#xa;	at com.kms.katalon.core.main.TestCaseMain.startTestSuite(TestCaseMain.java:180)&#xa;	at TempTestSuite1741312418653.run(TempTestSuite1741312418653.groovy:35)&#xa;	at java.base/jdk.internal.reflect.NativeMethodAccessorImpl.invoke0(Native Method)&#xa;	at java.base/jdk.internal.reflect.NativeMethodAccessorImpl.invoke(NativeMethodAccessorImpl.java:77)&#xa;	at java.base/jdk.internal.reflect.DelegatingMethodAccessorImpl.invoke(DelegatingMethodAccessorImpl.java:43)&#xa;Caused by: com.kms.katalon.core.webui.exception.WebElementNotFoundException: Web element with id: 'Object Repository/Выполнение бизнес-плана/table' located by '//div[@id='grid-25be55ef81e941d9a5e47136b644a838']' not found&#xa;	at com.kms.katalon.core.webui.common.WebUiCommonHelper.findWebElement(WebUiCommonHelper.java:1426)&#xa;	at com.kms.katalon.core.webui.keyword.internal.WebUIAbstractKeyword.findWebElement(WebUIAbstractKeyword.groovy:27)&#xa;	at com.kms.katalon.core.webui.keyword.internal.WebUIAbstractKeyword.findWebElement(WebUIAbstractKeyword.groovy:26)&#xa;	at com.kms.katalon.core.webui.keyword.builtin.GetTextKeyword$_getText_closure1.doCall(GetTextKeyword.groovy:78)&#xa;	at com.kms.katalon.core.webui.keyword.builtin.GetTextKeyword$_getText_closure1.call(GetTextKeyword.groovy)&#xa;	at com.kms.katalon.core.webui.keyword.internal.WebUIKeywordMain.runKeyword(WebUIKeywordMain.groovy:20)&#xa;	at com.kms.katalon.core.webui.keyword.builtin.GetTextKeyword.getText(GetTextKeyword.groovy:88)&#xa;	at com.kms.katalon.core.webui.keyword.builtin.GetTextKeyword.execute(GetTextKeyword.groovy:67)&#xa;	at com.kms.katalon.core.keyword.internal.KeywordExecutor.executeKeywordForPlatform(KeywordExecutor.groovy:74)&#xa;	at com.kms.katalon.core.webui.keyword.WebUiBuiltInKeywords.getText(WebUiBuiltInKeywords.groovy:957)&#xa;	at Script1686231490255.VipolnenieBiznesPlana(Script1686231490255.groovy:278)&#xa;	at Script1686231490255.run(Script1686231490255.groovy:52)&#xa;	... 15 more&#xa;)&#xa;	at com.kms.katalon.core.keyword.internal.KeywordMain.stepFailed(KeywordMain.groovy:39)&#xa;	at com.kms.katalon.core.webui.keyword.internal.WebUIKeywordMain.stepFailed(WebUIKeywordMain.groovy:64)&#xa;	at com.kms.katalon.core.webui.keyword.internal.WebUIKeywordMain.runKeyword(WebUIKeywordMain.groovy:26)&#xa;	at com.kms.katalon.core.webui.keyword.builtin.GetTextKeyword.getText(GetTextKeyword.groovy:88)&#xa;	at com.kms.katalon.core.webui.keyword.builtin.GetTextKeyword.execute(GetTextKeyword.groovy:67)&#xa;	at com.kms.katalon.core.keyword.internal.KeywordExecutor.executeKeywordForPlatform(KeywordExecutor.groovy:74)&#xa;	at com.kms.katalon.core.webui.keyword.WebUiBuiltInKeywords.getText(WebUiBuiltInKeywords.groovy:957)&#xa;	at Блок руководителя сверка дашбордов под разными учётками.VipolnenieBiznesPlana(Блок руководителя сверка дашбордов под разными учётками:278)&#xa;	at Блок руководителя сверка дашбордов под разными учётками.run(Блок руководителя сверка дашбордов под разными учётками:52)&#xa;	at com.kms.katalon.core.main.ScriptEngine.run(ScriptEngine.java:194)&#xa;	at com.kms.katalon.core.main.ScriptEngine.runScriptAsRawText(ScriptEngine.java:119)&#xa;	at com.kms.katalon.core.main.TestCaseExecutor.runScript(TestCaseExecutor.java:448)&#xa;	at com.kms.katalon.core.main.TestCaseExecutor.doExecute(TestCaseExecutor.java:439)&#xa;	at com.kms.katalon.core.main.TestCaseExecutor.processExecutionPhase(TestCaseExecutor.java:418)&#xa;	at com.kms.katalon.core.main.TestCaseExecutor.accessMainPhase(TestCaseExecutor.java:410)&#xa;	at com.kms.katalon.core.main.TestCaseExecutor.execute(TestCaseExecutor.java:285)&#xa;	at com.kms.katalon.core.common.CommonExecutor.accessTestCaseMainPhase(CommonExecutor.java:65)&#xa;	at com.kms.katalon.core.main.TestSuiteExecutor.accessTestSuiteMainPhase(TestSuiteExecutor.java:150)&#xa;	at com.kms.katalon.core.main.TestSuiteExecutor.execute(TestSuiteExecutor.java:106)&#xa;	at com.kms.katalon.core.main.TestCaseMain.startTestSuite(TestCaseMain.java:180)&#xa;	at TempTestSuite1741312418653.run(TempTestSuite1741312418653.groovy:35)&#xa;	at java.base/jdk.internal.reflect.NativeMethodAccessorImpl.invoke0(Native Method)&#xa;	at java.base/jdk.internal.reflect.NativeMethodAccessorImpl.invoke(NativeMethodAccessorImpl.java:77)&#xa;	at java.base/jdk.internal.reflect.DelegatingMethodAccessorImpl.invoke(DelegatingMethodAccessorImpl.java:43)&#xa;Caused by: com.kms.katalon.core.exception.StepFailedException: Unable to get text of object 'Object Repository/Выполнение бизнес-плана/table'&#xa;	... 23 more&#xa;Caused by: com.kms.katalon.core.webui.exception.WebElementNotFoundException: Web element with id: 'Object Repository/Выполнение бизнес-плана/table' located by '//div[@id='grid-25be55ef81e941d9a5e47136b644a838']' not found&#xa;	at com.kms.katalon.core.webui.common.WebUiCommonHelper.findWebElement(WebUiCommonHelper.java:1426)&#xa;	at com.kms.katalon.core.webui.keyword.internal.WebUIAbstractKeyword.findWebElement(WebUIAbstractKeyword.groovy:27)&#xa;	at com.kms.katalon.core.webui.keyword.internal.WebUIAbstractKeyword.findWebElement(WebUIAbstractKeyword.groovy:26)&#xa;	at com.kms.katalon.core.webui.keyword.builtin.GetTextKeyword$_getText_closure1.doCall(GetTextKeyword.groovy:78)&#xa;	at com.kms.katalon.core.webui.keyword.builtin.GetTextKeyword$_getText_closure1.call(GetTextKeyword.groovy)&#xa;	at com.kms.katalon.core.webui.keyword.internal.WebUIKeywordMain.runKeyword(WebUIKeywordMain.groovy:20)&#xa;	... 21 more&#xa;"/>
         <system-out><![CDATA[07-03-2025T04:53:43 - [TEST_CASE][FAILED] - Test Cases/Сверки дашбордов/Блок руководителя сверка дашбордов под разными учётками: Test Cases/Сверки дашбордов/Блок руководителя сверка дашбордов под разными учётками FAILED.
Reason:
com.kms.katalon.core.exception.StepFailedException: Unable to get text of object 'Object Repository/Выполнение бизнес-плана/table' (Root cause: com.kms.katalon.core.exception.StepFailedException: Unable to get text of object 'Object Repository/Выполнение бизнес-плана/table'
	at com.kms.katalon.core.webui.keyword.internal.WebUIKeywordMain.stepFailed(WebUIKeywordMain.groovy:64)
	at com.kms.katalon.core.webui.keyword.internal.WebUIKeywordMain.runKeyword(WebUIKeywordMain.groovy:26)
	at com.kms.katalon.core.webui.keyword.builtin.GetTextKeyword.getText(GetTextKeyword.groovy:88)
	at com.kms.katalon.core.webui.keyword.builtin.GetTextKeyword.execute(GetTextKeyword.groovy:67)
	at com.kms.katalon.core.keyword.internal.KeywordExecutor.executeKeywordForPlatform(KeywordExecutor.groovy:74)
	at com.kms.katalon.core.webui.keyword.WebUiBuiltInKeywords.getText(WebUiBuiltInKeywords.groovy:957)
	at Блок руководителя сверка дашбордов под разными учётками.VipolnenieBiznesPlana(Блок руководителя сверка дашбордов под разными учётками:278)
	at Блок руководителя сверка дашбордов под разными учётками.run(Блок руководителя сверка дашбордов под разными учётками:52)
	at com.kms.katalon.core.main.ScriptEngine.run(ScriptEngine.java:194)
	at com.kms.katalon.core.main.ScriptEngine.runScriptAsRawText(ScriptEngine.java:119)
	at com.kms.katalon.core.main.TestCaseExecutor.runScript(TestCaseExecutor.java:448)
	at com.kms.katalon.core.main.TestCaseExecutor.doExecute(TestCaseExecutor.java:439)
	at com.kms.katalon.core.main.TestCaseExecutor.processExecutionPhase(TestCaseExecutor.java:418)
	at com.kms.katalon.core.main.TestCaseExecutor.accessMainPhase(TestCaseExecutor.java:410)
	at com.kms.katalon.core.main.TestCaseExecutor.execute(TestCaseExecutor.java:285)
	at com.kms.katalon.core.common.CommonExecutor.accessTestCaseMainPhase(CommonExecutor.java:65)
	at com.kms.katalon.core.main.TestSuiteExecutor.accessTestSuiteMainPhase(TestSuiteExecutor.java:150)
	at com.kms.katalon.core.main.TestSuiteExecutor.execute(TestSuiteExecutor.java:106)
	at com.kms.katalon.core.main.TestCaseMain.startTestSuite(TestCaseMain.java:180)
	at TempTestSuite1741312418653.run(TempTestSuite1741312418653.groovy:35)
	at java.base/jdk.internal.reflect.NativeMethodAccessorImpl.invoke0(Native Method)
	at java.base/jdk.internal.reflect.NativeMethodAccessorImpl.invoke(NativeMethodAccessorImpl.java:77)
	at java.base/jdk.internal.reflect.DelegatingMethodAccessorImpl.invoke(DelegatingMethodAccessorImpl.java:43)
Caused by: com.kms.katalon.core.webui.exception.WebElementNotFoundException: Web element with id: 'Object Repository/Выполнение бизнес-плана/table' located by '//div[@id='grid-25be55ef81e941d9a5e47136b644a838']' not found
	at com.kms.katalon.core.webui.common.WebUiCommonHelper.findWebElement(WebUiCommonHelper.java:1426)
	at com.kms.katalon.core.webui.keyword.internal.WebUIAbstractKeyword.findWebElement(WebUIAbstractKeyword.groovy:27)
	at com.kms.katalon.core.webui.keyword.internal.WebUIAbstractKeyword.findWebElement(WebUIAbstractKeyword.groovy:26)
	at com.kms.katalon.core.webui.keyword.builtin.GetTextKeyword$_getText_closure1.doCall(GetTextKeyword.groovy:78)
	at com.kms.katalon.core.webui.keyword.builtin.GetTextKeyword$_getText_closure1.call(GetTextKeyword.groovy)
	at com.kms.katalon.core.webui.keyword.internal.WebUIKeywordMain.runKeyword(WebUIKeywordMain.groovy:20)
	at com.kms.katalon.core.webui.keyword.builtin.GetTextKeyword.getText(GetTextKeyword.groovy:88)
	at com.kms.katalon.core.webui.keyword.builtin.GetTextKeyword.execute(GetTextKeyword.groovy:67)
	at com.kms.katalon.core.keyword.internal.KeywordExecutor.executeKeywordForPlatform(KeywordExecutor.groovy:74)
	at com.kms.katalon.core.webui.keyword.WebUiBuiltInKeywords.getText(WebUiBuiltInKeywords.groovy:957)
	at Script1686231490255.VipolnenieBiznesPlana(Script1686231490255.groovy:278)
	at Script1686231490255.run(Script1686231490255.groovy:52)
	... 15 more
)
	at com.kms.katalon.core.keyword.internal.KeywordMain.stepFailed(KeywordMain.groovy:39)
	at com.kms.katalon.core.webui.keyword.internal.WebUIKeywordMain.stepFailed(WebUIKeywordMain.groovy:64)
	at com.kms.katalon.core.webui.keyword.internal.WebUIKeywordMain.runKeyword(WebUIKeywordMain.groovy:26)
	at com.kms.katalon.core.webui.keyword.builtin.GetTextKeyword.getText(GetTextKeyword.groovy:88)
	at com.kms.katalon.core.webui.keyword.builtin.GetTextKeyword.execute(GetTextKeyword.groovy:67)
	at com.kms.katalon.core.keyword.internal.KeywordExecutor.executeKeywordForPlatform(KeywordExecutor.groovy:74)
	at com.kms.katalon.core.webui.keyword.WebUiBuiltInKeywords.getText(WebUiBuiltInKeywords.groovy:957)
	at Блок руководителя сверка дашбордов под разными учётками.VipolnenieBiznesPlana(Блок руководителя сверка дашбордов под разными учётками:278)
	at Блок руководителя сверка дашбордов под разными учётками.run(Блок руководителя сверка дашбордов под разными учётками:52)
	at com.kms.katalon.core.main.ScriptEngine.run(ScriptEngine.java:194)
	at com.kms.katalon.core.main.ScriptEngine.runScriptAsRawText(ScriptEngine.java:119)
	at com.kms.katalon.core.main.TestCaseExecutor.runScript(TestCaseExecutor.java:448)
	at com.kms.katalon.core.main.TestCaseExecutor.doExecute(TestCaseExecutor.java:439)
	at com.kms.katalon.core.main.TestCaseExecutor.processExecutionPhase(TestCaseExecutor.java:418)
	at com.kms.katalon.core.main.TestCaseExecutor.accessMainPhase(TestCaseExecutor.java:410)
	at com.kms.katalon.core.main.TestCaseExecutor.execute(TestCaseExecutor.java:285)
	at com.kms.katalon.core.common.CommonExecutor.accessTestCaseMainPhase(CommonExecutor.java:65)
	at com.kms.katalon.core.main.TestSuiteExecutor.accessTestSuiteMainPhase(TestSuiteExecutor.java:150)
	at com.kms.katalon.core.main.TestSuiteExecutor.execute(TestSuiteExecutor.java:106)
	at com.kms.katalon.core.main.TestCaseMain.startTestSuite(TestCaseMain.java:180)
	at TempTestSuite1741312418653.run(TempTestSuite1741312418653.groovy:35)
	at java.base/jdk.internal.reflect.NativeMethodAccessorImpl.invoke0(Native Method)
	at java.base/jdk.internal.reflect.NativeMethodAccessorImpl.invoke(NativeMethodAccessorImpl.java:77)
	at java.base/jdk.internal.reflect.DelegatingMethodAccessorImpl.invoke(DelegatingMethodAccessorImpl.java:43)
Caused by: com.kms.katalon.core.exception.StepFailedException: Unable to get text of object 'Object Repository/Выполнение бизнес-плана/table'
	... 23 more
Caused by: com.kms.katalon.core.webui.exception.WebElementNotFoundException: Web element with id: 'Object Repository/Выполнение бизнес-плана/table' located by '//div[@id='grid-25be55ef81e941d9a5e47136b644a838']' not found
	at com.kms.katalon.core.webui.common.WebUiCommonHelper.findWebElement(WebUiCommonHelper.java:1426)
	at com.kms.katalon.core.webui.keyword.internal.WebUIAbstractKeyword.findWebElement(WebUIAbstractKeyword.groovy:27)
	at com.kms.katalon.core.webui.keyword.internal.WebUIAbstractKeyword.findWebElement(WebUIAbstractKeyword.groovy:26)
	at com.kms.katalon.core.webui.keyword.builtin.GetTextKeyword$_getText_closure1.doCall(GetTextKeyword.groovy:78)
	at com.kms.katalon.core.webui.keyword.builtin.GetTextKeyword$_getText_closure1.call(GetTextKeyword.groovy)
	at com.kms.katalon.core.webui.keyword.internal.WebUIKeywordMain.runKeyword(WebUIKeywordMain.groovy:20)
	... 21 more


07-03-2025T04:53:45 - [TEST_STEP][PASSED] - run = 1: null

07-03-2025T04:53:45 - [TEST_STEP][PASSED] - data = findTestData("PlanFact"): null

07-03-2025T04:53:45 - [TEST_STEP][PASSED] - n = <not implemented yet for class: org.codehaus.groovy.ast.expr.EmptyExpression>: null

07-03-2025T04:53:45 - [TEST_STEP][PASSED] - urlData = <not implemented yet for class: org.codehaus.groovy.ast.expr.EmptyExpression>: null

07-03-2025T04:53:45 - [TEST_STEP][PASSED] - dashboardName = <not implemented yet for class: org.codehaus.groovy.ast.expr.EmptyExpression>: null

07-03-2025T04:53:45 - [TEST_STEP][PASSED] - a1 = <not implemented yet for class: org.codehaus.groovy.ast.expr.EmptyExpression>: null

07-03-2025T04:53:45 - [TEST_STEP][PASSED] - a2 = <not implemented yet for class: org.codehaus.groovy.ast.expr.EmptyExpression>: null

07-03-2025T04:53:45 - [TEST_STEP][PASSED] - a3 = <not implemented yet for class: org.codehaus.groovy.ast.expr.EmptyExpression>: null

07-03-2025T04:53:45 - [TEST_STEP][PASSED] - a4 = <not implemented yet for class: org.codehaus.groovy.ast.expr.EmptyExpression>: null

07-03-2025T04:53:45 - [TEST_STEP][PASSED] - a5 = <not implemented yet for class: org.codehaus.groovy.ast.expr.EmptyExpression>: null

07-03-2025T04:53:45 - [TEST_STEP][PASSED] - a6 = <not implemented yet for class: org.codehaus.groovy.ast.expr.EmptyExpression>: null

07-03-2025T04:53:45 - [TEST_STEP][PASSED] - a7 = <not implemented yet for class: org.codehaus.groovy.ast.expr.EmptyExpression>: null

07-03-2025T04:53:45 - [TEST_STEP][PASSED] - a8 = <not implemented yet for class: org.codehaus.groovy.ast.expr.EmptyExpression>: null

07-03-2025T04:53:45 - [TEST_STEP][PASSED] - a9 = <not implemented yet for class: org.codehaus.groovy.ast.expr.EmptyExpression>: null

07-03-2025T04:53:45 - [TEST_STEP][PASSED] - user = <not implemented yet for class: org.codehaus.groovy.ast.expr.EmptyExpression>: null

07-03-2025T04:53:45 - [TEST_STEP][PASSED] - for ([run = 1, run < 4, (run++)]): null

07-03-2025T04:53:45 - [TEST_STEP][PASSED] - VipolnenieBiznesPlana(user, dashboardName, n, data, run, a1, a2, a3, a4, a5, a6, a7, a8, a9, urlData): null

07-03-2025T04:53:45 - [TEST_STEP][PASSED] - n = data.getRowNumbers() + 1: null

07-03-2025T04:53:45 - [TEST_STEP][PASSED] - println(n): null

07-03-2025T04:53:45 - [TEST_STEP][PASSED] - dashboardName = "Выполнение бизнес-плана": null

07-03-2025T04:53:45 - [TEST_STEP][PASSED] - openBrowser(""): Browser is opened with url: ''

07-03-2025T04:53:46 - [MESSAGE][INFO] - Starting 'Chrome' driver

07-03-2025T04:53:46 - [MESSAGE][INFO] - Action delay is set to 0 milliseconds

07-03-2025T04:53:48 - [MESSAGE][PASSED] - Browser is opened with url: ''

07-03-2025T04:53:48 - [TEST_STEP][PASSED] - urlData = 1: null

07-03-2025T04:53:48 - [TEST_STEP][PASSED] - Script1686231490255.CheckPageDownload(urlData, run): null

07-03-2025T04:53:48 - [TEST_STEP][PASSED] - i = 1: null

07-03-2025T04:53:48 - [TEST_STEP][PASSED] - ii = 0: null

07-03-2025T04:53:48 - [TEST_STEP][PASSED] - urlText = <not implemented yet for class: org.codehaus.groovy.ast.expr.EmptyExpression>: null

07-03-2025T04:53:48 - [TEST_STEP][PASSED] - searchWord = <not implemented yet for class: org.codehaus.groovy.ast.expr.EmptyExpression>: null

07-03-2025T04:53:48 - [TEST_STEP][PASSED] - deleteAllCookies(): Delete all cookies successfully

07-03-2025T04:53:48 - [MESSAGE][PASSED] - Delete all cookies successfully

07-03-2025T04:53:48 - [TEST_STEP][PASSED] - refresh(): Refresh successfully

07-03-2025T04:53:48 - [MESSAGE][PASSED] - Refresh successfully

07-03-2025T04:53:48 - [TEST_STEP][PASSED] - delay(70): Delayed 70 second(s)

07-03-2025T04:54:58 - [MESSAGE][PASSED] - Delayed 70 second(s)

07-03-2025T04:54:58 - [TEST_STEP][PASSED] - navigateToUrl(findTestData("PlanFact").getValue(10, urlData)): Navigate to 'https://bi.rosseti.digital/viewer?dashboardGuid=d154a8eaf6824e2b9de1bb04dd061c18&sheetGuid=1305e8ce744049e1abdacea1ea397a26&fit=true' successfully

07-03-2025T04:55:03 - [MESSAGE][PASSED] - Navigate to 'https://bi.rosseti.digital/viewer?dashboardGuid=d154a8eaf6824e2b9de1bb04dd061c18&sheetGuid=1305e8ce744049e1abdacea1ea397a26&fit=true' successfully

07-03-2025T04:55:03 - [TEST_STEP][PASSED] - pageLoaded1 = verifyElementPresent(findTestObject("Страница авторизации/Text"), 30): Object 'Object Repository/Страница авторизации/Text' is present

07-03-2025T04:55:04 - [MESSAGE][PASSED] - Object 'Object Repository/Страница авторизации/Text' is present

07-03-2025T04:55:04 - [TEST_STEP][PASSED] - if (pageLoaded1 == false): null

07-03-2025T04:55:04 - [TEST_STEP][PASSED] - urlText = getText(findTestObject("Страница авторизации/Text")): Text of object 'Object Repository/Страница авторизации/Text' is: 'Вход'

07-03-2025T04:55:04 - [MESSAGE][PASSED] - Text of object 'Object Repository/Страница авторизации/Text' is: 'Вход'

07-03-2025T04:55:04 - [TEST_STEP][PASSED] - delay(70): Delayed 70 second(s)

07-03-2025T04:56:14 - [MESSAGE][PASSED] - Delayed 70 second(s)

07-03-2025T04:56:14 - [TEST_STEP][PASSED] - searchWord = "Вход": null

07-03-2025T04:56:14 - [TEST_STEP][PASSED] - if (urlText.contains(searchWord) == false): null

07-03-2025T04:56:14 - [TEST_STEP][PASSED] - setText(findTestObject("Страница авторизации/input__username"), findTestData("PlanFact").getValue(8, run)): Text 'liazgina-di' is set on object 'Object Repository/Страница авторизации/input__username'

07-03-2025T04:56:15 - [MESSAGE][PASSED] - Text 'liazgina-di' is set on object 'Object Repository/Страница авторизации/input__username'

07-03-2025T04:56:15 - [TEST_STEP][PASSED] - setText(findTestObject("Страница авторизации/input__password"), findTestData("PlanFact").getValue(9, run)): Text ')$%5srZ8o688Dm#q' is set on object 'Object Repository/Страница авторизации/input__password'

07-03-2025T04:56:15 - [MESSAGE][PASSED] - Text ')$%5srZ8o688Dm#q' is set on object 'Object Repository/Страница авторизации/input__password'

07-03-2025T04:56:15 - [TEST_STEP][PASSED] - click(findTestObject("Страница авторизации/button_")): Object: 'Object Repository/Страница авторизации/button_' is clicked on

07-03-2025T04:56:17 - [MESSAGE][PASSED] - Object: 'Object Repository/Страница авторизации/button_' is clicked on

07-03-2025T04:56:17 - [TEST_STEP][PASSED] - delay(70): Delayed 70 second(s)

07-03-2025T04:57:27 - [MESSAGE][PASSED] - Delayed 70 second(s)

07-03-2025T04:57:27 - [TEST_STEP][PASSED] - searchWord = "а": null

07-03-2025T04:57:27 - [TEST_STEP][PASSED] - pageLoaded2 = verifyElementPresent(findTestObject("Страница авторизации/Text"), 50): Object 'Object Repository/Страница авторизации/Text' is present

07-03-2025T04:57:27 - [MESSAGE][PASSED] - Object 'Object Repository/Страница авторизации/Text' is present

07-03-2025T04:57:28 - [TEST_STEP][PASSED] - if (pageLoaded2 == false): null

07-03-2025T04:57:28 - [TEST_STEP][PASSED] - urlText = getText(findTestObject("Страница авторизации/Text")): Text of object 'Object Repository/Страница авторизации/Text' is: 'ДЗО 
ПАО Россети
Период
Январь 2025 года
Отклонения фактического уровня потерь от бизнес-плана, п.п.
-0.01
-0.92
-0.43
-2.42
-0.30
-0.28
-2.45
Россети ФСК ЕЭС
Россети Волга
Россети Московский регион
Россети Северо-Запад
Россети Томск
Россети Урал (ГК)
Россети Янтарь
-4
-2
0
2
4
6
8

Уровень потерь электроэнергии
Россети ФСК ЕЭС
Россети Волга
Россети Московский регион
Россети Северо-Запад
Россети Томск
Россети Урал (ГК)
Россети Янтарь
0
10
20
30
40
50
60
70
4.01
|
6.39
|
9.74
|
7.39
|
11.82
|
7.40
|
12.35
|
4.00
5.47
9.32
4.97
11.52
7.12
9.90
п.п.
2.94
Итого
0
1
2
3
4
%
5.23 5.23
8.17 8.17
План
Факт
1
100

● Бизнес-план выполнен● ●● Превышение бизнес-плана
Отклонения фактического уровня потерь от бизнес-плана за 3 месяца (нарастающим итогом), п.п.
-0.2-0.2
-8.3-8.3
3.13.1
-0.4-0.4
-0.6-0.6
-0.0-0.0
0.20.2
3.93.9
-0.4-0.4
-8.8-8.8
-0.0-0.0
0.20.2
-0.2-0.2
-0.5-0.5
-0.3-0.3
-0.5-0.5
-0.1-0.1
-0.2-0.2
-8.4-8.4
2.92.9
-0.4-0.4
-0.5-0.5
-0.0-0.0
0.20.2
3.83.8
-0.3-0.3
-7.9-7.9
-0.0-0.0
0.20.2
-0.2-0.2
-0.5-0.5
-0.2-0.2
-0.3-0.3
-0.1-0.1
-0.0-0.0
-0.9-0.9
-0.4-0.4
-2.4-2.4
-0.3-0.3
-0.3-0.3
-2.4-2.4
Россети ФСКЕЭС
АО«Тываэнерго»
АО«Чеченэнерго»
Россети Волга
РоссетиКубань
РоссетиЛенэнерго(ГК)
РоссетиМосковскийрегион
РоссетиСеверныйКавказ (ГК)
Россети Северо-Запад
Россети Сибирь(ГК)
Россети Томск
Россети Тюмень
Россети Урал(ГК)
Россети Центр
Россети Центри Приволжье(ГК)
Россети Юг (Г…
РоссетиЯнтарь
-10
0
10
п.п.
Отклонения фактического уровня потерь от бизнес-плана за 3 месяца (нарастающим итогом)
-0.2-0.2
-1.5-1.5
-0.1-0.1
-0.6-0.6
-95.8-95.8
-0.0-0.0
-0.7-0.7
1.31.3
-0.5-0.5
-0.2-0.2
-90.8-90.8
0.10.1
-0.4-0.4
0.10.1
0.00.0
-0.1-0.1
-0.2-0.2
-0.3-0.3
-0.6-0.6
-0.1-0.1
-0.0-0.0
-1.2-1.2
-89.4-89.4
-0.5-0.5
-90.2-90.2
-0.4-0.4
-1.0-1.0
-0.0-0.0
-0.7-0.7
-80.6-80.6
-1.0-1.0
-0.4-0.4
-0.1-0.1
-0.2-0.2
-0.8-0.8
-1.0-1.0
-0.2-0.2
-0.5-0.5
-1.2-1.2
0.00.0
-7.3-7.3
-0.0-0.0
-0.3-0.3
-1.3-1.3
-0.2-0.2
-0.5-0.5
-43.5-43.5
-1.0-1.0
-0.0-0.0
1.21.2
1.51.5
-0.7-0.7
1.21.2
-0.5-0.5
0.50.5
-0.2-0.2
0.10.1
-40.4-40.4
0.70.7
-0.0-0.0
-0.4-0.4
-0.0-0.0
-0.1-0.1
0.20.2
-0.1-0.1
-0.1-0.1
-0.4-0.4
-0.4-0.4
-0.6-0.6
-1.9-1.9
0.00.0
-0.6-0.6
1.21.2
0.70.7
-0.0-0.0
2.72.7
0.40.4
-1.3-1.3
-44.7-44.7
-0.4-0.4
-37.3-37.3
-0.7-0.7
2.32.3
-0.9-0.9
-0.0-0.0
-0.4-0.4
-39.6-39.6
-0.4-0.4
1.91.9
1.31.3
9.99.9
-0.7-0.7
-0.4-0.4
-0.6-0.6
-0.1-0.1
0.10.1
-1.3-1.3
0.90.9
0.90.9
2.12.1
-0.8-0.8
-0.8-0.8
-0.3-0.3
9.99.9
0.50.5
10.310.3
Итого по ФС…
Каббалкэнерго
Калмэнерго
Калугаэнерго
Карачаево-Черкесскэнерго
Карельский филиал
Кировэнерго
Костромаэнерго
Красноярскэнерго
Кубаньэнерго
Кузбассэнерго-РЭС
Курскэнерго
Ленинградская область
Липецкэнерго
Мариэнерго
Мордовэнерго
Московская область
Мурманский филиал
Нижновэнерго
Новгородский филиал
ООО «БрянскЭлектро»
Омскэнерго
Орелэнерго
Оренбургэнерго
Пензаэнерго
Пермэнерго
Псковский филиал
Россети Тюмень
Россети Янтарь
Ростовэнерго
Рязаньэнерго
Самарские РС
Саратовские РС
Свердловэнерго
Севкавказэнерго
Смоленскэнерго
Ставропольэнерго
Тамбовэнерго
Тверьэнерго
Томская распределительная компания
Тулэнерго
Удмуртэнерго
Ульяновские РС
Хакасэнерго
Челябэнерго
Читаэнерго
Чувашэнерго
Ярэнерго
г. Москва
г. Санкт-Петербург
филиал в Республике Коми
АО "Тываэнерго"
АО «ВМЭС»
АО «Воронежская горэлектросеть»
АО «Тульские городские электрические сети»
АО «Чеченэнерго»
АО «Ярославская электросетевая компания»
АО ЕЭСК
Алтайэнерго
Архангельский филиал
Астраханьэнерго
Белгородэнерго
Брянскэнерго
Бурятэнерго
Владимирэнерго
Волгоградэнерго
Вологодский филиал
Воронежэнерго
Дагэнерго
Ивэнерго
Ингушэнерго
-180
60

Статус данных
Просьба обратить внимание
— все данные не занесены
Факт
План
Итого – Факт
Отпуск в сеть 49 783 908
Отпуск из сети 45 718 992
Потери 4 064 916
Итого – План
Отпуск из сети 0
Потери 0
undefined undefined
Выполнение бизнес-плана в части показателя «Уровень потерь электроэнергии»
Показатели баланса электроэнергии по ДЗО – Факт 
57 256 396 3 856 981 9 778 647 3 075 072 476 306 6 843 010 462 838
55 054 236 3 645 880 8 867 734 2 922 288 421 425 6 355 760 417 011
2 202 160 211 102 910 913 152 783 54 881 487 250 45 827
Показатели баланса электроэнергии по ДЗО – План
58 806 842 4 033 660 10 346 741 3 272 134 504 635 7 177 213 489 942
56 540 011 3 775 836 9 338 688 3 030 349 444 962 6 646 123 429 434
2 266 831 257 824 1 008 053 241 785 59 673 531 090 60 508'

07-03-2025T04:57:29 - [MESSAGE][PASSED] - Text of object 'Object Repository/Страница авторизации/Text' is: 'ДЗО 
ПАО Россети
Период
Январь 2025 года
Отклонения фактического уровня потерь от бизнес-плана, п.п.
-0.01
-0.92
-0.43
-2.42
-0.30
-0.28
-2.45
Россети ФСК ЕЭС
Россети Волга
Россети Московский регион
Россети Северо-Запад
Россети Томск
Россети Урал (ГК)
Россети Янтарь
-4
-2
0
2
4
6
8

Уровень потерь электроэнергии
Россети ФСК ЕЭС
Россети Волга
Россети Московский регион
Россети Северо-Запад
Россети Томск
Россети Урал (ГК)
Россети Янтарь
0
10
20
30
40
50
60
70
4.01
|
6.39
|
9.74
|
7.39
|
11.82
|
7.40
|
12.35
|
4.00
5.47
9.32
4.97
11.52
7.12
9.90
п.п.
2.94
Итого
0
1
2
3
4
%
5.23 5.23
8.17 8.17
План
Факт
1
100

● Бизнес-план выполнен● ●● Превышение бизнес-плана
Отклонения фактического уровня потерь от бизнес-плана за 3 месяца (нарастающим итогом), п.п.
-0.2-0.2
-8.3-8.3
3.13.1
-0.4-0.4
-0.6-0.6
-0.0-0.0
0.20.2
3.93.9
-0.4-0.4
-8.8-8.8
-0.0-0.0
0.20.2
-0.2-0.2
-0.5-0.5
-0.3-0.3
-0.5-0.5
-0.1-0.1
-0.2-0.2
-8.4-8.4
2.92.9
-0.4-0.4
-0.5-0.5
-0.0-0.0
0.20.2
3.83.8
-0.3-0.3
-7.9-7.9
-0.0-0.0
0.20.2
-0.2-0.2
-0.5-0.5
-0.2-0.2
-0.3-0.3
-0.1-0.1
-0.0-0.0
-0.9-0.9
-0.4-0.4
-2.4-2.4
-0.3-0.3
-0.3-0.3
-2.4-2.4
Россети ФСКЕЭС
АО«Тываэнерго»
АО«Чеченэнерго»
Россети Волга
РоссетиКубань
РоссетиЛенэнерго(ГК)
РоссетиМосковскийрегион
РоссетиСеверныйКавказ (ГК)
Россети Северо-Запад
Россети Сибирь(ГК)
Россети Томск
Россети Тюмень
Россети Урал(ГК)
Россети Центр
Россети Центри Приволжье(ГК)
Россети Юг (Г…
РоссетиЯнтарь
-10
0
10
п.п.
Отклонения фактического уровня потерь от бизнес-плана за 3 месяца (нарастающим итогом)
-0.2-0.2
-1.5-1.5
-0.1-0.1
-0.6-0.6
-95.8-95.8
-0.0-0.0
-0.7-0.7
1.31.3
-0.5-0.5
-0.2-0.2
-90.8-90.8
0.10.1
-0.4-0.4
0.10.1
0.00.0
-0.1-0.1
-0.2-0.2
-0.3-0.3
-0.6-0.6
-0.1-0.1
-0.0-0.0
-1.2-1.2
-89.4-89.4
-0.5-0.5
-90.2-90.2
-0.4-0.4
-1.0-1.0
-0.0-0.0
-0.7-0.7
-80.6-80.6
-1.0-1.0
-0.4-0.4
-0.1-0.1
-0.2-0.2
-0.8-0.8
-1.0-1.0
-0.2-0.2
-0.5-0.5
-1.2-1.2
0.00.0
-7.3-7.3
-0.0-0.0
-0.3-0.3
-1.3-1.3
-0.2-0.2
-0.5-0.5
-43.5-43.5
-1.0-1.0
-0.0-0.0
1.21.2
1.51.5
-0.7-0.7
1.21.2
-0.5-0.5
0.50.5
-0.2-0.2
0.10.1
-40.4-40.4
0.70.7
-0.0-0.0
-0.4-0.4
-0.0-0.0
-0.1-0.1
0.20.2
-0.1-0.1
-0.1-0.1
-0.4-0.4
-0.4-0.4
-0.6-0.6
-1.9-1.9
0.00.0
-0.6-0.6
1.21.2
0.70.7
-0.0-0.0
2.72.7
0.40.4
-1.3-1.3
-44.7-44.7
-0.4-0.4
-37.3-37.3
-0.7-0.7
2.32.3
-0.9-0.9
-0.0-0.0
-0.4-0.4
-39.6-39.6
-0.4-0.4
1.91.9
1.31.3
9.99.9
-0.7-0.7
-0.4-0.4
-0.6-0.6
-0.1-0.1
0.10.1
-1.3-1.3
0.90.9
0.90.9
2.12.1
-0.8-0.8
-0.8-0.8
-0.3-0.3
9.99.9
0.50.5
10.310.3
Итого по ФС…
Каббалкэнерго
Калмэнерго
Калугаэнерго
Карачаево-Черкесскэнерго
Карельский филиал
Кировэнерго
Костромаэнерго
Красноярскэнерго
Кубаньэнерго
Кузбассэнерго-РЭС
Курскэнерго
Ленинградская область
Липецкэнерго
Мариэнерго
Мордовэнерго
Московская область
Мурманский филиал
Нижновэнерго
Новгородский филиал
ООО «БрянскЭлектро»
Омскэнерго
Орелэнерго
Оренбургэнерго
Пензаэнерго
Пермэнерго
Псковский филиал
Россети Тюмень
Россети Янтарь
Ростовэнерго
Рязаньэнерго
Самарские РС
Саратовские РС
Свердловэнерго
Севкавказэнерго
Смоленскэнерго
Ставропольэнерго
Тамбовэнерго
Тверьэнерго
Томская распределительная компания
Тулэнерго
Удмуртэнерго
Ульяновские РС
Хакасэнерго
Челябэнерго
Читаэнерго
Чувашэнерго
Ярэнерго
г. Москва
г. Санкт-Петербург
филиал в Республике Коми
АО "Тываэнерго"
АО «ВМЭС»
АО «Воронежская горэлектросеть»
АО «Тульские городские электрические сети»
АО «Чеченэнерго»
АО «Ярославская электросетевая компания»
АО ЕЭСК
Алтайэнерго
Архангельский филиал
Астраханьэнерго
Белгородэнерго
Брянскэнерго
Бурятэнерго
Владимирэнерго
Волгоградэнерго
Вологодский филиал
Воронежэнерго
Дагэнерго
Ивэнерго
Ингушэнерго
-180
60

Статус данных
Просьба обратить внимание
— все данные не занесены
Факт
План
Итого – Факт
Отпуск в сеть 49 783 908
Отпуск из сети 45 718 992
Потери 4 064 916
Итого – План
Отпуск из сети 0
Потери 0
undefined undefined
Выполнение бизнес-плана в части показателя «Уровень потерь электроэнергии»
Показатели баланса электроэнергии по ДЗО – Факт 
57 256 396 3 856 981 9 778 647 3 075 072 476 306 6 843 010 462 838
55 054 236 3 645 880 8 867 734 2 922 288 421 425 6 355 760 417 011
2 202 160 211 102 910 913 152 783 54 881 487 250 45 827
Показатели баланса электроэнергии по ДЗО – План
58 806 842 4 033 660 10 346 741 3 272 134 504 635 7 177 213 489 942
56 540 011 3 775 836 9 338 688 3 030 349 444 962 6 646 123 429 434
2 266 831 257 824 1 008 053 241 785 59 673 531 090 60 508'

07-03-2025T04:57:29 - [TEST_STEP][PASSED] - if (urlText.contains("ошибка") || urlText.contains(searchWord) == false): null

07-03-2025T04:57:29 - [TEST_STEP][PASSED] - Script1686231490255.ZakrytOpoveshenie(): null

07-03-2025T04:57:29 - [TEST_STEP][PASSED] - opoveshenie = getText(findTestObject("Выполнение бизнес-плана/Просьба обратить внимание")): Text of object 'Object Repository/Выполнение бизнес-плана/Просьба обратить внимание' is: 'Просьба обратить внимание'

07-03-2025T04:57:30 - [MESSAGE][PASSED] - Text of object 'Object Repository/Выполнение бизнес-плана/Просьба обратить внимание' is: 'Просьба обратить внимание'

07-03-2025T04:57:30 - [TEST_STEP][PASSED] - println(opoveshenie): null

07-03-2025T04:57:30 - [TEST_STEP][PASSED] - if (opoveshenie == "Просьба обратить внимание"): Object: 'Object Repository/Выполнение бизнес-плана/Закрыть оповещение' is clicked on

07-03-2025T04:57:30 - [TEST_STEP][PASSED] - click(findTestObject("Выполнение бизнес-плана/Закрыть оповещение")): Object: 'Object Repository/Выполнение бизнес-плана/Закрыть оповещение' is clicked on

07-03-2025T04:57:30 - [MESSAGE][PASSED] - Object: 'Object Repository/Выполнение бизнес-плана/Закрыть оповещение' is clicked on

07-03-2025T04:57:30 - [TEST_STEP][PASSED] - click(findTestObject("Object Repository/Выполнение бизнес-плана/Фильтр Дата")): Object: 'Object Repository/Выполнение бизнес-плана/Фильтр Дата' is clicked on

07-03-2025T04:57:30 - [MESSAGE][PASSED] - Object: 'Object Repository/Выполнение бизнес-плана/Фильтр Дата' is clicked on

07-03-2025T04:57:30 - [TEST_STEP][PASSED] - click(findTestObject("Выполнение бизнес-плана/Снять выделение в фильтре Дата")): Object: 'Object Repository/Выполнение бизнес-плана/Снять выделение в фильтре Дата' is clicked on

07-03-2025T04:57:31 - [MESSAGE][PASSED] - Object: 'Object Repository/Выполнение бизнес-плана/Снять выделение в фильтре Дата' is clicked on

07-03-2025T04:57:31 - [TEST_STEP][PASSED] - click(findTestObject("Object Repository/Выполнение бизнес-плана/Применить в фильтре Дата")): Object: 'Object Repository/Выполнение бизнес-плана/Применить в фильтре Дата' is clicked on

07-03-2025T04:57:32 - [MESSAGE][PASSED] - Object: 'Object Repository/Выполнение бизнес-плана/Применить в фильтре Дата' is clicked on

07-03-2025T04:57:32 - [TEST_STEP][PASSED] - delay(70): Delayed 70 second(s)

07-03-2025T04:58:42 - [MESSAGE][PASSED] - Delayed 70 second(s)

07-03-2025T04:58:42 - [TEST_STEP][PASSED] - Script1686231490255.ZakrytOpoveshenie(): null

07-03-2025T04:58:42 - [TEST_STEP][PASSED] - opoveshenie = getText(findTestObject("Выполнение бизнес-плана/Просьба обратить внимание")): Text of object 'Object Repository/Выполнение бизнес-плана/Просьба обратить внимание' is: 'Просьба обратить внимание'

07-03-2025T04:58:42 - [MESSAGE][PASSED] - Text of object 'Object Repository/Выполнение бизнес-плана/Просьба обратить внимание' is: 'Просьба обратить внимание'

07-03-2025T04:58:42 - [TEST_STEP][PASSED] - println(opoveshenie): null

07-03-2025T04:58:42 - [TEST_STEP][PASSED] - if (opoveshenie == "Просьба обратить внимание"): Object: 'Object Repository/Выполнение бизнес-плана/Закрыть оповещение' is clicked on

07-03-2025T04:58:42 - [TEST_STEP][PASSED] - click(findTestObject("Выполнение бизнес-плана/Закрыть оповещение")): Object: 'Object Repository/Выполнение бизнес-плана/Закрыть оповещение' is clicked on

07-03-2025T04:58:42 - [MESSAGE][PASSED] - Object: 'Object Repository/Выполнение бизнес-плана/Закрыть оповещение' is clicked on

07-03-2025T04:58:42 - [TEST_STEP][PASSED] - click(findTestObject("Object Repository/Выполнение бизнес-плана/Фильтр Дата")): Object: 'Object Repository/Выполнение бизнес-плана/Фильтр Дата' is clicked on

07-03-2025T04:58:43 - [MESSAGE][PASSED] - Object: 'Object Repository/Выполнение бизнес-плана/Фильтр Дата' is clicked on

07-03-2025T04:58:43 - [TEST_STEP][PASSED] - scrollToElement(findTestObject("Выполнение бизнес-плана/2025 список"), 30): Scroll to object 'Object Repository/Выполнение бизнес-плана/2025 список' successfully

07-03-2025T04:58:43 - [MESSAGE][PASSED] - Scroll to object 'Object Repository/Выполнение бизнес-плана/2025 список' successfully

07-03-2025T04:58:43 - [TEST_STEP][PASSED] - click(findTestObject("Выполнение бизнес-плана/2025 список"), CONTINUE_ON_FAILURE): Object: 'Object Repository/Выполнение бизнес-плана/2025 список' is clicked on

07-03-2025T04:58:44 - [MESSAGE][PASSED] - Object: 'Object Repository/Выполнение бизнес-плана/2025 список' is clicked on

07-03-2025T04:58:44 - [TEST_STEP][PASSED] - scrollToElement(findTestObject("Выполнение бизнес-плана/1 квартал 2025 список"), 30): Scroll to object 'Object Repository/Выполнение бизнес-плана/1 квартал 2025 список' successfully

07-03-2025T04:58:44 - [MESSAGE][PASSED] - Scroll to object 'Object Repository/Выполнение бизнес-плана/1 квартал 2025 список' successfully

07-03-2025T04:58:44 - [TEST_STEP][PASSED] - click(findTestObject("Выполнение бизнес-плана/1 квартал 2025 список"), CONTINUE_ON_FAILURE): Object: 'Object Repository/Выполнение бизнес-плана/1 квартал 2025 список' is clicked on

07-03-2025T04:58:45 - [MESSAGE][PASSED] - Object: 'Object Repository/Выполнение бизнес-плана/1 квартал 2025 список' is clicked on

07-03-2025T04:58:45 - [TEST_STEP][PASSED] - click(findTestObject("Выполнение бизнес-плана/Январь 2025"), CONTINUE_ON_FAILURE): Object: 'Object Repository/Выполнение бизнес-плана/Январь 2025' is clicked on

07-03-2025T04:58:45 - [MESSAGE][PASSED] - Object: 'Object Repository/Выполнение бизнес-плана/Январь 2025' is clicked on

07-03-2025T04:58:45 - [TEST_STEP][PASSED] - scrollToElement(findTestObject("Выполнение бизнес-плана/Январь 2025"), 30): Scroll to object 'Object Repository/Выполнение бизнес-плана/Январь 2025' successfully

07-03-2025T04:58:46 - [MESSAGE][PASSED] - Scroll to object 'Object Repository/Выполнение бизнес-плана/Январь 2025' successfully

07-03-2025T04:58:46 - [TEST_STEP][PASSED] - click(findTestObject("Object Repository/Выполнение бизнес-плана/Применить в фильтре Дата")): Object: 'Object Repository/Выполнение бизнес-плана/Применить в фильтре Дата' is clicked on

07-03-2025T04:58:47 - [MESSAGE][PASSED] - Object: 'Object Repository/Выполнение бизнес-плана/Применить в фильтре Дата' is clicked on

07-03-2025T04:58:47 - [TEST_STEP][PASSED] - scrollToElement(findTestObject("Выполнение бизнес-плана/Заголовок дашборда"), 30): Scroll to object 'Object Repository/Выполнение бизнес-плана/Заголовок дашборда' successfully

07-03-2025T04:59:12 - [MESSAGE][PASSED] - Scroll to object 'Object Repository/Выполнение бизнес-плана/Заголовок дашборда' successfully

07-03-2025T04:59:12 - [TEST_STEP][PASSED] - delay(70): Delayed 70 second(s)

07-03-2025T05:00:22 - [MESSAGE][PASSED] - Delayed 70 second(s)

07-03-2025T05:00:22 - [TEST_STEP][PASSED] - Script1686231490255.ZakrytOpoveshenie(): null

07-03-2025T05:00:22 - [TEST_STEP][PASSED] - opoveshenie = getText(findTestObject("Выполнение бизнес-плана/Просьба обратить внимание")): Text of object 'Object Repository/Выполнение бизнес-плана/Просьба обратить внимание' is: 'Просьба обратить внимание'

07-03-2025T05:00:22 - [MESSAGE][PASSED] - Text of object 'Object Repository/Выполнение бизнес-плана/Просьба обратить внимание' is: 'Просьба обратить внимание'

07-03-2025T05:00:22 - [TEST_STEP][PASSED] - println(opoveshenie): null

07-03-2025T05:00:22 - [TEST_STEP][PASSED] - if (opoveshenie == "Просьба обратить внимание"): Object: 'Object Repository/Выполнение бизнес-плана/Закрыть оповещение' is clicked on

07-03-2025T05:00:22 - [TEST_STEP][PASSED] - click(findTestObject("Выполнение бизнес-плана/Закрыть оповещение")): Object: 'Object Repository/Выполнение бизнес-плана/Закрыть оповещение' is clicked on

07-03-2025T05:00:23 - [MESSAGE][PASSED] - Object: 'Object Repository/Выполнение бизнес-плана/Закрыть оповещение' is clicked on

07-03-2025T05:00:23 - [TEST_STEP][PASSED] - click(findTestObject("Object Repository/Выполнение бизнес-плана/Фильтр ДЗО")): Object: 'Object Repository/Выполнение бизнес-плана/Фильтр ДЗО' is clicked on

07-03-2025T05:00:23 - [MESSAGE][PASSED] - Object: 'Object Repository/Выполнение бизнес-плана/Фильтр ДЗО' is clicked on

07-03-2025T05:00:23 - [TEST_STEP][PASSED] - click(findTestObject("Выполнение бизнес-плана/Снять выделение в фильтре ДЗО")): Object: 'Object Repository/Выполнение бизнес-плана/Снять выделение в фильтре ДЗО' is clicked on

07-03-2025T05:00:24 - [MESSAGE][PASSED] - Object: 'Object Repository/Выполнение бизнес-плана/Снять выделение в фильтре ДЗО' is clicked on

07-03-2025T05:00:24 - [TEST_STEP][PASSED] - click(findTestObject("Выполнение бизнес-плана/ПАО Россети")): Object: 'Object Repository/Выполнение бизнес-плана/ПАО Россети' is clicked on

07-03-2025T05:00:24 - [MESSAGE][PASSED] - Object: 'Object Repository/Выполнение бизнес-плана/ПАО Россети' is clicked on

07-03-2025T05:00:24 - [TEST_STEP][PASSED] - click(findTestObject("Object Repository/Выполнение бизнес-плана/Применить в фильтре ДЗО")): Object: 'Object Repository/Выполнение бизнес-плана/Применить в фильтре ДЗО' is clicked on

07-03-2025T05:00:25 - [MESSAGE][PASSED] - Object: 'Object Repository/Выполнение бизнес-плана/Применить в фильтре ДЗО' is clicked on

07-03-2025T05:00:25 - [TEST_STEP][PASSED] - delay(70): Delayed 70 second(s)

07-03-2025T05:01:35 - [MESSAGE][PASSED] - Delayed 70 second(s)

07-03-2025T05:01:35 - [TEST_STEP][FAILED] - if (run == 1): null

07-03-2025T05:01:35 - [TEST_STEP][PASSED] - user = "админ": null

07-03-2025T05:01:35 - [TEST_STEP][PASSED] - a1 = getText(findTestObject("Выполнение бизнес-плана/Проценты")): Text of object 'Object Repository/Выполнение бизнес-плана/Проценты' is: '%
5.23 5.23
8.17 8.17
План
Факт
1
100'

07-03-2025T05:01:35 - [MESSAGE][PASSED] - Text of object 'Object Repository/Выполнение бизнес-плана/Проценты' is: '%
5.23 5.23
8.17 8.17
План
Факт
1
100'

07-03-2025T05:01:35 - [TEST_STEP][PASSED] - a2 = getText(findTestObject("Выполнение бизнес-плана/vidget 2")): Text of object 'Object Repository/Выполнение бизнес-плана/vidget 2' is: 'Россети ФСК ЕЭС
Россети Волга
Россети Московский регион
Россети Северо-Запад
Россети Томск
Россети Урал (ГК)
Россети Янтарь
0
10
20
30
40
50
60
70'

07-03-2025T05:01:36 - [MESSAGE][PASSED] - Text of object 'Object Repository/Выполнение бизнес-плана/vidget 2' is: 'Россети ФСК ЕЭС
Россети Волга
Россети Московский регион
Россети Северо-Запад
Россети Томск
Россети Урал (ГК)
Россети Янтарь
0
10
20
30
40
50
60
70'

07-03-2025T05:01:36 - [TEST_STEP][FAILED] - a3 = getText(findTestObject("Выполнение бизнес-плана/table")): Unable to get text of object 'Object Repository/Выполнение бизнес-плана/table' (Root cause: com.kms.katalon.core.exception.StepFailedException: Unable to get text of object 'Object Repository/Выполнение бизнес-плана/table'
	at com.kms.katalon.core.webui.keyword.internal.WebUIKeywordMain.stepFailed(WebUIKeywordMain.groovy:64)
	at com.kms.katalon.core.webui.keyword.internal.WebUIKeywordMain.runKeyword(WebUIKeywordMain.groovy:26)
	at com.kms.katalon.core.webui.keyword.builtin.GetTextKeyword.getText(GetTextKeyword.groovy:88)
	at com.kms.katalon.core.webui.keyword.builtin.GetTextKeyword.execute(GetTextKeyword.groovy:67)
	at com.kms.katalon.core.keyword.internal.KeywordExecutor.executeKeywordForPlatform(KeywordExecutor.groovy:74)
	at com.kms.katalon.core.webui.keyword.WebUiBuiltInKeywords.getText(WebUiBuiltInKeywords.groovy:957)
	at Блок руководителя сверка дашбордов под разными учётками.VipolnenieBiznesPlana(Блок руководителя сверка дашбордов под разными учётками:278)
	at Блок руководителя сверка дашбордов под разными учётками.run(Блок руководителя сверка дашбордов под разными учётками:52)
	at com.kms.katalon.core.main.ScriptEngine.run(ScriptEngine.java:194)
	at com.kms.katalon.core.main.ScriptEngine.runScriptAsRawText(ScriptEngine.java:119)
	at com.kms.katalon.core.main.TestCaseExecutor.runScript(TestCaseExecutor.java:448)
	at com.kms.katalon.core.main.TestCaseExecutor.doExecute(TestCaseExecutor.java:439)
	at com.kms.katalon.core.main.TestCaseExecutor.processExecutionPhase(TestCaseExecutor.java:418)
	at com.kms.katalon.core.main.TestCaseExecutor.accessMainPhase(TestCaseExecutor.java:410)
	at com.kms.katalon.core.main.TestCaseExecutor.execute(TestCaseExecutor.java:285)
	at com.kms.katalon.core.common.CommonExecutor.accessTestCaseMainPhase(CommonExecutor.java:65)
	at com.kms.katalon.core.main.TestSuiteExecutor.accessTestSuiteMainPhase(TestSuiteExecutor.java:150)
	at com.kms.katalon.core.main.TestSuiteExecutor.execute(TestSuiteExecutor.java:106)
	at com.kms.katalon.core.main.TestCaseMain.startTestSuite(TestCaseMain.java:180)
	at TempTestSuite1741312418653.run(TempTestSuite1741312418653.groovy:35)
	at java.base/jdk.internal.reflect.NativeMethodAccessorImpl.invoke0(Native Method)
	at java.base/jdk.internal.reflect.NativeMethodAccessorImpl.invoke(NativeMethodAccessorImpl.java:77)
	at java.base/jdk.internal.reflect.DelegatingMethodAccessorImpl.invoke(DelegatingMethodAccessorImpl.java:43)
Caused by: com.kms.katalon.core.webui.exception.WebElementNotFoundException: Web element with id: 'Object Repository/Выполнение бизнес-плана/table' located by '//div[@id='grid-25be55ef81e941d9a5e47136b644a838']' not found
	at com.kms.katalon.core.webui.common.WebUiCommonHelper.findWebElement(WebUiCommonHelper.java:1426)
	at com.kms.katalon.core.webui.keyword.internal.WebUIAbstractKeyword.findWebElement(WebUIAbstractKeyword.groovy:27)
	at com.kms.katalon.core.webui.keyword.internal.WebUIAbstractKeyword.findWebElement(WebUIAbstractKeyword.groovy:26)
	at com.kms.katalon.core.webui.keyword.builtin.GetTextKeyword$_getText_closure1.doCall(GetTextKeyword.groovy:78)
	at com.kms.katalon.core.webui.keyword.builtin.GetTextKeyword$_getText_closure1.call(GetTextKeyword.groovy)
	at com.kms.katalon.core.webui.keyword.internal.WebUIKeywordMain.runKeyword(WebUIKeywordMain.groovy:20)
	at com.kms.katalon.core.webui.keyword.builtin.GetTextKeyword.getText(GetTextKeyword.groovy:88)
	at com.kms.katalon.core.webui.keyword.builtin.GetTextKeyword.execute(GetTextKeyword.groovy:67)
	at com.kms.katalon.core.keyword.internal.KeywordExecutor.executeKeywordForPlatform(KeywordExecutor.groovy:74)
	at com.kms.katalon.core.webui.keyword.WebUiBuiltInKeywords.getText(WebUiBuiltInKeywords.groovy:957)
	at Script1686231490255.VipolnenieBiznesPlana(Script1686231490255.groovy:278)
	at Script1686231490255.run(Script1686231490255.groovy:52)
	... 15 more
)

07-03-2025T05:02:07 - [MESSAGE][INFO] - Unable to find the element located by 'By.xpath: //div[@id='grid-25be55ef81e941d9a5e47136b644a838']'. Please recheck the objects properties to make sure the desired element is located. 

07-03-2025T05:02:07 - [MESSAGE][FAILED] - Unable to get text of object 'Object Repository/Выполнение бизнес-плана/table' (Root cause: com.kms.katalon.core.exception.StepFailedException: Unable to get text of object 'Object Repository/Выполнение бизнес-плана/table'
	at com.kms.katalon.core.webui.keyword.internal.WebUIKeywordMain.stepFailed(WebUIKeywordMain.groovy:64)
	at com.kms.katalon.core.webui.keyword.internal.WebUIKeywordMain.runKeyword(WebUIKeywordMain.groovy:26)
	at com.kms.katalon.core.webui.keyword.builtin.GetTextKeyword.getText(GetTextKeyword.groovy:88)
	at com.kms.katalon.core.webui.keyword.builtin.GetTextKeyword.execute(GetTextKeyword.groovy:67)
	at com.kms.katalon.core.keyword.internal.KeywordExecutor.executeKeywordForPlatform(KeywordExecutor.groovy:74)
	at com.kms.katalon.core.webui.keyword.WebUiBuiltInKeywords.getText(WebUiBuiltInKeywords.groovy:957)
	at Блок руководителя сверка дашбордов под разными учётками.VipolnenieBiznesPlana(Блок руководителя сверка дашбордов под разными учётками:278)
	at Блок руководителя сверка дашбордов под разными учётками.run(Блок руководителя сверка дашбордов под разными учётками:52)
	at com.kms.katalon.core.main.ScriptEngine.run(ScriptEngine.java:194)
	at com.kms.katalon.core.main.ScriptEngine.runScriptAsRawText(ScriptEngine.java:119)
	at com.kms.katalon.core.main.TestCaseExecutor.runScript(TestCaseExecutor.java:448)
	at com.kms.katalon.core.main.TestCaseExecutor.doExecute(TestCaseExecutor.java:439)
	at com.kms.katalon.core.main.TestCaseExecutor.processExecutionPhase(TestCaseExecutor.java:418)
	at com.kms.katalon.core.main.TestCaseExecutor.accessMainPhase(TestCaseExecutor.java:410)
	at com.kms.katalon.core.main.TestCaseExecutor.execute(TestCaseExecutor.java:285)
	at com.kms.katalon.core.common.CommonExecutor.accessTestCaseMainPhase(CommonExecutor.java:65)
	at com.kms.katalon.core.main.TestSuiteExecutor.accessTestSuiteMainPhase(TestSuiteExecutor.java:150)
	at com.kms.katalon.core.main.TestSuiteExecutor.execute(TestSuiteExecutor.java:106)
	at com.kms.katalon.core.main.TestCaseMain.startTestSuite(TestCaseMain.java:180)
	at TempTestSuite1741312418653.run(TempTestSuite1741312418653.groovy:35)
	at java.base/jdk.internal.reflect.NativeMethodAccessorImpl.invoke0(Native Method)
	at java.base/jdk.internal.reflect.NativeMethodAccessorImpl.invoke(NativeMethodAccessorImpl.java:77)
	at java.base/jdk.internal.reflect.DelegatingMethodAccessorImpl.invoke(DelegatingMethodAccessorImpl.java:43)
Caused by: com.kms.katalon.core.webui.exception.WebElementNotFoundException: Web element with id: 'Object Repository/Выполнение бизнес-плана/table' located by '//div[@id='grid-25be55ef81e941d9a5e47136b644a838']' not found
	at com.kms.katalon.core.webui.common.WebUiCommonHelper.findWebElement(WebUiCommonHelper.java:1426)
	at com.kms.katalon.core.webui.keyword.internal.WebUIAbstractKeyword.findWebElement(WebUIAbstractKeyword.groovy:27)
	at com.kms.katalon.core.webui.keyword.internal.WebUIAbstractKeyword.findWebElement(WebUIAbstractKeyword.groovy:26)
	at com.kms.katalon.core.webui.keyword.builtin.GetTextKeyword$_getText_closure1.doCall(GetTextKeyword.groovy:78)
	at com.kms.katalon.core.webui.keyword.builtin.GetTextKeyword$_getText_closure1.call(GetTextKeyword.groovy)
	at com.kms.katalon.core.webui.keyword.internal.WebUIKeywordMain.runKeyword(WebUIKeywordMain.groovy:20)
	at com.kms.katalon.core.webui.keyword.builtin.GetTextKeyword.getText(GetTextKeyword.groovy:88)
	at com.kms.katalon.core.webui.keyword.builtin.GetTextKeyword.execute(GetTextKeyword.groovy:67)
	at com.kms.katalon.core.keyword.internal.KeywordExecutor.executeKeywordForPlatform(KeywordExecutor.groovy:74)
	at com.kms.katalon.core.webui.keyword.WebUiBuiltInKeywords.getText(WebUiBuiltInKeywords.groovy:957)
	at Script1686231490255.VipolnenieBiznesPlana(Script1686231490255.groovy:278)
	at Script1686231490255.run(Script1686231490255.groovy:52)
	... 15 more
)
[[ATTACHMENT|C:\\Users\\LIAZGINA-DI\\git\\SPORU\\Reports\\20250307_045338\\\u041F\u043D-\u0421\u0440-\u041F\u0442\\\u0421\u0432\u0435\u0440\u043A\u0430 \u0434\u0430\u0448\u0431\u043E\u0440\u0434\u043E\u0432 \u0438\u0437 \u0440\u0430\u0437\u043D\u044B\u0445 \u0431\u043B\u043E\u043A\u043E\u0432\\20250307_045338\\1741312927427.png]]

07-03-2025T05:02:07 - [TEST_STEP][PASSED] - a4 = getText(findTestObject("Выполнение бизнес-плана/Список ДЗО")): Text of object 'Object Repository/Выполнение бизнес-плана/Список ДЗО' is: '-0.01
-0.92
-0.43
-2.42
-0.30
-0.28
-2.45
Россети ФСК ЕЭС
Россети Волга
Россети Московский регион
Россети Северо-Запад
Россети Томск
Россети Урал (ГК)
Россети Янтарь
-4
-2
0
2
4
6
8'

07-03-2025T05:02:07 - [MESSAGE][PASSED] - Text of object 'Object Repository/Выполнение бизнес-плана/Список ДЗО' is: '-0.01
-0.92
-0.43
-2.42
-0.30
-0.28
-2.45
Россети ФСК ЕЭС
Россети Волга
Россети Московский регион
Россети Северо-Запад
Россети Томск
Россети Урал (ГК)
Россети Янтарь
-4
-2
0
2
4
6
8'

07-03-2025T05:02:07 - [TEST_STEP][PASSED] - a5 = getText(findTestObject("Выполнение бизнес-плана/svg1")): Text of object 'Object Repository/Выполнение бизнес-плана/svg1' is: '%
5.23 5.23
8.17 8.17
План
Факт
1
100'

07-03-2025T05:02:08 - [MESSAGE][PASSED] - Text of object 'Object Repository/Выполнение бизнес-плана/svg1' is: '%
5.23 5.23
8.17 8.17
План
Факт
1
100'

07-03-2025T05:02:08 - [TEST_STEP][PASSED] - a6 = getText(findTestObject("Выполнение бизнес-плана/svg2")): Text of object 'Object Repository/Выполнение бизнес-плана/svg2' is: 'п.п.
2.94
Итого
0
1
2
3
4'

07-03-2025T05:02:08 - [MESSAGE][PASSED] - Text of object 'Object Repository/Выполнение бизнес-плана/svg2' is: 'п.п.
2.94
Итого
0
1
2
3
4'

07-03-2025T05:02:08 - [TEST_STEP][PASSED] - a7 = getText(findTestObject("Выполнение бизнес-плана/Значения со страницы Выполнение бизнес-плана/Факт Отпуск в сеть за отчётный период ПАО Россети")): Text of object 'Object Repository/Выполнение бизнес-плана/Значения со страницы Выполнение бизнес-плана/Факт Отпуск в сеть за отчётный период ПАО Россети' is: ''

07-03-2025T05:02:08 - [MESSAGE][PASSED] - Text of object 'Object Repository/Выполнение бизнес-плана/Значения со страницы Выполнение бизнес-плана/Факт Отпуск в сеть за отчётный период ПАО Россети' is: ''

07-03-2025T05:02:08 - [TEST_STEP][PASSED] - a8 = getText(findTestObject("Выполнение бизнес-плана/Значения со страницы Выполнение бизнес-плана/Факт Отпуск из сети за отчётный период ПАО Россети")): Text of object 'Object Repository/Выполнение бизнес-плана/Значения со страницы Выполнение бизнес-плана/Факт Отпуск из сети за отчётный период ПАО Россети' is: '0'

07-03-2025T05:02:09 - [MESSAGE][PASSED] - Text of object 'Object Repository/Выполнение бизнес-плана/Значения со страницы Выполнение бизнес-плана/Факт Отпуск из сети за отчётный период ПАО Россети' is: '0'

07-03-2025T05:02:09 - [TEST_STEP][PASSED] - a9 = getText(findTestObject("Выполнение бизнес-плана/Значения со страницы Выполнение бизнес-плана/Факт Потери за отчётный период ПАО Россети")): Text of object 'Object Repository/Выполнение бизнес-плана/Значения со страницы Выполнение бизнес-плана/Факт Потери за отчётный период ПАО Россети' is: '0'

07-03-2025T05:02:09 - [MESSAGE][PASSED] - Text of object 'Object Repository/Выполнение бизнес-плана/Значения со страницы Выполнение бизнес-плана/Факт Потери за отчётный период ПАО Россети' is: '0'

07-03-2025T05:02:09 - [TEST_STEP][PASSED] - Script1686231490255.WriteToExcel(user, dashboardName, n, data, run, a1, a2, a3, a4, a5, a6, a7, a8, a9): null

07-03-2025T05:02:09 - [TEST_STEP][PASSED] - sheetName = "Sheet1": null

07-03-2025T05:02:09 - [TEST_STEP][PASSED] - workbook01 = getWorkbook(excelFilePath): null

07-03-2025T05:02:09 - [TEST_STEP][PASSED] - sheet01 = getExcelSheet(workbook01, sheetName): null

07-03-2025T05:02:09 - [TEST_STEP][PASSED] - setValueToCellByIndex(sheet01, n, 0, dashboardName): null

07-03-2025T05:02:09 - [TEST_STEP][PASSED] - setValueToCellByIndex(sheet01, n, 10, user): null

07-03-2025T05:02:09 - [TEST_STEP][PASSED] - setValueToCellByIndex(sheet01, n, 1, a1): null

07-03-2025T05:02:09 - [TEST_STEP][PASSED] - setValueToCellByIndex(sheet01, n, 2, a2): null

07-03-2025T05:02:09 - [TEST_STEP][PASSED] - setValueToCellByIndex(sheet01, n, 3, a3): null

07-03-2025T05:02:09 - [TEST_STEP][PASSED] - setValueToCellByIndex(sheet01, n, 4, a4): null

07-03-2025T05:02:09 - [TEST_STEP][PASSED] - setValueToCellByIndex(sheet01, n, 5, a5): null

07-03-2025T05:02:09 - [TEST_STEP][PASSED] - setValueToCellByIndex(sheet01, n, 6, a6): null

07-03-2025T05:02:09 - [TEST_STEP][PASSED] - setValueToCellByIndex(sheet01, n, 7, a7): null

07-03-2025T05:02:09 - [TEST_STEP][PASSED] - setValueToCellByIndex(sheet01, n, 8, a8): null

07-03-2025T05:02:09 - [TEST_STEP][PASSED] - setValueToCellByIndex(sheet01, n, 9, a9): null

07-03-2025T05:02:09 - [TEST_STEP][PASSED] - n = n + 1: null

07-03-2025T05:02:09 - [TEST_STEP][PASSED] - saveWorkbook(excelFilePath, workbook01): null

07-03-2025T05:02:10 - [TEST_STEP][PASSED] - if (run == 2): null

07-03-2025T05:02:10 - [TEST_STEP][PASSED] - if (run == 3): null

07-03-2025T05:02:10 - [TEST_STEP][PASSED] - closeBrowser(): null

07-03-2025T05:02:10 - [MESSAGE][PASSED] - Browser is closed

07-03-2025T05:02:10 - [TEST_STEP][PASSED] - VipolnenieBiznesPlana(user, dashboardName, n, data, run, a1, a2, a3, a4, a5, a6, a7, a8, a9, urlData): null

07-03-2025T05:02:10 - [TEST_STEP][PASSED] - n = data.getRowNumbers() + 1: null

07-03-2025T05:02:10 - [TEST_STEP][PASSED] - println(n): null

07-03-2025T05:02:10 - [TEST_STEP][PASSED] - dashboardName = "Выполнение бизнес-плана": null

07-03-2025T05:02:10 - [TEST_STEP][PASSED] - openBrowser(""): Browser is opened with url: ''

07-03-2025T05:02:10 - [MESSAGE][INFO] - Starting 'Chrome' driver

07-03-2025T05:02:10 - [MESSAGE][INFO] - Action delay is set to 0 milliseconds

07-03-2025T05:02:11 - [MESSAGE][PASSED] - Browser is opened with url: ''

07-03-2025T05:02:11 - [TEST_STEP][PASSED] - urlData = 1: null

07-03-2025T05:02:11 - [TEST_STEP][PASSED] - Script1686231490255.CheckPageDownload(urlData, run): null

07-03-2025T05:02:11 - [TEST_STEP][PASSED] - i = 1: null

07-03-2025T05:02:11 - [TEST_STEP][PASSED] - ii = 0: null

07-03-2025T05:02:11 - [TEST_STEP][PASSED] - urlText = <not implemented yet for class: org.codehaus.groovy.ast.expr.EmptyExpression>: null

07-03-2025T05:02:11 - [TEST_STEP][PASSED] - searchWord = <not implemented yet for class: org.codehaus.groovy.ast.expr.EmptyExpression>: null

07-03-2025T05:02:11 - [TEST_STEP][PASSED] - deleteAllCookies(): Delete all cookies successfully

07-03-2025T05:02:11 - [MESSAGE][PASSED] - Delete all cookies successfully

07-03-2025T05:02:11 - [TEST_STEP][PASSED] - refresh(): Refresh successfully

07-03-2025T05:02:11 - [MESSAGE][PASSED] - Refresh successfully

07-03-2025T05:02:11 - [TEST_STEP][PASSED] - delay(70): Delayed 70 second(s)

07-03-2025T05:03:21 - [MESSAGE][PASSED] - Delayed 70 second(s)

07-03-2025T05:03:21 - [TEST_STEP][PASSED] - navigateToUrl(findTestData("PlanFact").getValue(10, urlData)): Navigate to 'https://bi.rosseti.digital/viewer?dashboardGuid=d154a8eaf6824e2b9de1bb04dd061c18&sheetGuid=1305e8ce744049e1abdacea1ea397a26&fit=true' successfully

07-03-2025T05:03:26 - [MESSAGE][PASSED] - Navigate to 'https://bi.rosseti.digital/viewer?dashboardGuid=d154a8eaf6824e2b9de1bb04dd061c18&sheetGuid=1305e8ce744049e1abdacea1ea397a26&fit=true' successfully

07-03-2025T05:03:26 - [TEST_STEP][PASSED] - pageLoaded1 = verifyElementPresent(findTestObject("Страница авторизации/Text"), 30): Object 'Object Repository/Страница авторизации/Text' is present

07-03-2025T05:03:28 - [MESSAGE][PASSED] - Object 'Object Repository/Страница авторизации/Text' is present

07-03-2025T05:03:28 - [TEST_STEP][PASSED] - if (pageLoaded1 == false): null

07-03-2025T05:03:28 - [TEST_STEP][PASSED] - urlText = getText(findTestObject("Страница авторизации/Text")): Text of object 'Object Repository/Страница авторизации/Text' is: 'Вход'

07-03-2025T05:03:28 - [MESSAGE][PASSED] - Text of object 'Object Repository/Страница авторизации/Text' is: 'Вход'

07-03-2025T05:03:28 - [TEST_STEP][PASSED] - delay(70): Delayed 70 second(s)

07-03-2025T05:04:38 - [MESSAGE][PASSED] - Delayed 70 second(s)

07-03-2025T05:04:38 - [TEST_STEP][PASSED] - searchWord = "Вход": null

07-03-2025T05:04:38 - [TEST_STEP][PASSED] - if (urlText.contains(searchWord) == false): null

07-03-2025T05:04:38 - [TEST_STEP][PASSED] - setText(findTestObject("Страница авторизации/input__username"), findTestData("PlanFact").getValue(8, run)): Text 'Andreeva-EV' is set on object 'Object Repository/Страница авторизации/input__username'

07-03-2025T05:04:39 - [MESSAGE][PASSED] - Text 'Andreeva-EV' is set on object 'Object Repository/Страница авторизации/input__username'

07-03-2025T05:04:39 - [TEST_STEP][PASSED] - setText(findTestObject("Страница авторизации/input__password"), findTestData("PlanFact").getValue(9, run)): Text '2nPePKDwCPH3ul7xMZ' is set on object 'Object Repository/Страница авторизации/input__password'

07-03-2025T05:04:40 - [MESSAGE][PASSED] - Text '2nPePKDwCPH3ul7xMZ' is set on object 'Object Repository/Страница авторизации/input__password'

07-03-2025T05:04:40 - [TEST_STEP][PASSED] - click(findTestObject("Страница авторизации/button_")): Object: 'Object Repository/Страница авторизации/button_' is clicked on

07-03-2025T05:04:40 - [MESSAGE][PASSED] - Object: 'Object Repository/Страница авторизации/button_' is clicked on

07-03-2025T05:04:40 - [TEST_STEP][PASSED] - delay(70): Delayed 70 second(s)

07-03-2025T05:05:50 - [MESSAGE][PASSED] - Delayed 70 second(s)

07-03-2025T05:05:50 - [TEST_STEP][PASSED] - searchWord = "а": null

07-03-2025T05:05:50 - [TEST_STEP][PASSED] - pageLoaded2 = verifyElementPresent(findTestObject("Страница авторизации/Text"), 50): Object 'Object Repository/Страница авторизации/Text' is present

07-03-2025T05:05:51 - [MESSAGE][PASSED] - Object 'Object Repository/Страница авторизации/Text' is present

07-03-2025T05:05:51 - [TEST_STEP][PASSED] - if (pageLoaded2 == false): null

07-03-2025T05:05:51 - [TEST_STEP][PASSED] - urlText = getText(findTestObject("Страница авторизации/Text")): Text of object 'Object Repository/Страница авторизации/Text' is: 'ДЗО 
ПАО Россети
Период
Январь 2025 года
Отклонения фактического уровня потерь от бизнес-плана, п.п.
-0.01
-0.92
-0.43
-2.42
-0.30
-0.28
-2.45
Россети ФСК ЕЭС
Россети Волга
Россети Московский регион
Россети Северо-Запад
Россети Томск
Россети Урал (ГК)
Россети Янтарь
-4
-2
0
2
4
6
8

Уровень потерь электроэнергии
Россети ФСК ЕЭС
Россети Волга
Россети Московский регион
Россети Северо-Запад
Россети Томск
Россети Урал (ГК)
Россети Янтарь
0
10
20
30
40
50
60
70
4.01
|
6.39
|
9.74
|
7.39
|
11.82
|
7.40
|
12.35
|
4.00
5.47
9.32
4.97
11.52
7.12
9.90
п.п.
2.94
Итого
0
1
2
3
4
%
5.23 5.23
8.17 8.17
План
Факт
1
100

● Бизнес-план выполнен● ●● Превышение бизнес-плана
Отклонения фактического уровня потерь от бизнес-плана за 3 месяца (нарастающим итогом), п.п.
-0.2-0.2
-8.3-8.3
3.13.1
-0.4-0.4
-0.6-0.6
-0.0-0.0
0.20.2
3.93.9
-0.4-0.4
-8.8-8.8
-0.0-0.0
0.20.2
-0.2-0.2
-0.5-0.5
-0.3-0.3
-0.5-0.5
-0.1-0.1
-0.2-0.2
-8.4-8.4
2.92.9
-0.4-0.4
-0.5-0.5
-0.0-0.0
0.20.2
3.83.8
-0.3-0.3
-7.9-7.9
-0.0-0.0
0.20.2
-0.2-0.2
-0.5-0.5
-0.2-0.2
-0.3-0.3
-0.1-0.1
-0.0-0.0
-0.9-0.9
-0.4-0.4
-2.4-2.4
-0.3-0.3
-0.3-0.3
-2.4-2.4
Россети ФСКЕЭС
АО«Тываэнерго»
АО«Чеченэнерго»
Россети Волга
РоссетиКубань
РоссетиЛенэнерго(ГК)
РоссетиМосковскийрегион
РоссетиСеверныйКавказ (ГК)
Россети Северо-Запад
Россети Сибирь(ГК)
Россети Томск
Россети Тюмень
Россети Урал(ГК)
Россети Центр
Россети Центри Приволжье(ГК)
Россети Юг (Г…
РоссетиЯнтарь
-10
0
10
п.п.
Отклонения фактического уровня потерь от бизнес-плана за 3 месяца (нарастающим итогом)
-0.2-0.2
-1.5-1.5
-0.1-0.1
-0.6-0.6
-95.8-95.8
-0.0-0.0
-0.7-0.7
1.31.3
-0.5-0.5
-0.2-0.2
-90.8-90.8
0.10.1
-0.4-0.4
0.10.1
0.00.0
-0.1-0.1
-0.2-0.2
-0.3-0.3
-0.6-0.6
-0.1-0.1
-0.0-0.0
-1.2-1.2
-89.4-89.4
-0.5-0.5
-90.2-90.2
-0.4-0.4
-1.0-1.0
-0.0-0.0
-0.7-0.7
-80.6-80.6
-1.0-1.0
-0.4-0.4
-0.1-0.1
-0.2-0.2
-0.8-0.8
-1.0-1.0
-0.2-0.2
-0.5-0.5
-1.2-1.2
0.00.0
-7.3-7.3
-0.0-0.0
-0.3-0.3
-1.3-1.3
-0.2-0.2
-0.5-0.5
-43.5-43.5
-1.0-1.0
-0.0-0.0
1.21.2
1.51.5
-0.7-0.7
1.21.2
-0.5-0.5
0.50.5
-0.2-0.2
0.10.1
-40.4-40.4
0.70.7
-0.0-0.0
-0.4-0.4
-0.0-0.0
-0.1-0.1
0.20.2
-0.1-0.1
-0.1-0.1
-0.4-0.4
-0.4-0.4
-0.6-0.6
-1.9-1.9
0.00.0
-0.6-0.6
1.21.2
0.70.7
-0.0-0.0
2.72.7
0.40.4
-1.3-1.3
-44.7-44.7
-0.4-0.4
-37.3-37.3
-0.7-0.7
2.32.3
-0.9-0.9
-0.0-0.0
-0.4-0.4
-39.6-39.6
-0.4-0.4
1.91.9
1.31.3
9.99.9
-0.7-0.7
-0.4-0.4
-0.6-0.6
-0.1-0.1
0.10.1
-1.3-1.3
0.90.9
0.90.9
2.12.1
-0.8-0.8
-0.8-0.8
-0.3-0.3
9.99.9
0.50.5
10.310.3
Итого по ФС…
Каббалкэнерго
Калмэнерго
Калугаэнерго
Карачаево-Черкесскэнерго
Карельский филиал
Кировэнерго
Костромаэнерго
Красноярскэнерго
Кубаньэнерго
Кузбассэнерго-РЭС
Курскэнерго
Ленинградская область
Липецкэнерго
Мариэнерго
Мордовэнерго
Московская область
Мурманский филиал
Нижновэнерго
Новгородский филиал
ООО «БрянскЭлектро»
Омскэнерго
Орелэнерго
Оренбургэнерго
Пензаэнерго
Пермэнерго
Псковский филиал
Россети Тюмень
Россети Янтарь
Ростовэнерго
Рязаньэнерго
Самарские РС
Саратовские РС
Свердловэнерго
Севкавказэнерго
Смоленскэнерго
Ставропольэнерго
Тамбовэнерго
Тверьэнерго
Томская распределительная компания
Тулэнерго
Удмуртэнерго
Ульяновские РС
Хакасэнерго
Челябэнерго
Читаэнерго
Чувашэнерго
Ярэнерго
г. Москва
г. Санкт-Петербург
филиал в Республике Коми
АО "Тываэнерго"
АО «ВМЭС»
АО «Воронежская горэлектросеть»
АО «Тульские городские электрические сети»
АО «Чеченэнерго»
АО «Ярославская электросетевая компания»
АО ЕЭСК
Алтайэнерго
Архангельский филиал
Астраханьэнерго
Белгородэнерго
Брянскэнерго
Бурятэнерго
Владимирэнерго
Волгоградэнерго
Вологодский филиал
Воронежэнерго
Дагэнерго
Ивэнерго
Ингушэнерго
-180
60

Статус данных
Просьба обратить внимание
— все данные не занесены
Факт
План
Итого – Факт
Отпуск в сеть 49 783 908
Отпуск из сети 45 718 992
Потери 4 064 916
Итого – План
Отпуск из сети 0
Потери 0
undefined undefined
Выполнение бизнес-плана в части показателя «Уровень потерь электроэнергии»
Показатели баланса электроэнергии по ДЗО – Факт 
57 256 396 3 856 981 9 778 647 3 075 072 476 306 6 843 010 462 838
55 054 236 3 645 880 8 867 734 2 922 288 421 425 6 355 760 417 011
2 202 160 211 102 910 913 152 783 54 881 487 250 45 827
Показатели баланса электроэнергии по ДЗО – План
58 806 842 4 033 660 10 346 741 3 272 134 504 635 7 177 213 489 942
56 540 011 3 775 836 9 338 688 3 030 349 444 962 6 646 123 429 434
2 266 831 257 824 1 008 053 241 785 59 673 531 090 60 508'

07-03-2025T05:05:53 - [MESSAGE][PASSED] - Text of object 'Object Repository/Страница авторизации/Text' is: 'ДЗО 
ПАО Россети
Период
Январь 2025 года
Отклонения фактического уровня потерь от бизнес-плана, п.п.
-0.01
-0.92
-0.43
-2.42
-0.30
-0.28
-2.45
Россети ФСК ЕЭС
Россети Волга
Россети Московский регион
Россети Северо-Запад
Россети Томск
Россети Урал (ГК)
Россети Янтарь
-4
-2
0
2
4
6
8

Уровень потерь электроэнергии
Россети ФСК ЕЭС
Россети Волга
Россети Московский регион
Россети Северо-Запад
Россети Томск
Россети Урал (ГК)
Россети Янтарь
0
10
20
30
40
50
60
70
4.01
|
6.39
|
9.74
|
7.39
|
11.82
|
7.40
|
12.35
|
4.00
5.47
9.32
4.97
11.52
7.12
9.90
п.п.
2.94
Итого
0
1
2
3
4
%
5.23 5.23
8.17 8.17
План
Факт
1
100

● Бизнес-план выполнен● ●● Превышение бизнес-плана
Отклонения фактического уровня потерь от бизнес-плана за 3 месяца (нарастающим итогом), п.п.
-0.2-0.2
-8.3-8.3
3.13.1
-0.4-0.4
-0.6-0.6
-0.0-0.0
0.20.2
3.93.9
-0.4-0.4
-8.8-8.8
-0.0-0.0
0.20.2
-0.2-0.2
-0.5-0.5
-0.3-0.3
-0.5-0.5
-0.1-0.1
-0.2-0.2
-8.4-8.4
2.92.9
-0.4-0.4
-0.5-0.5
-0.0-0.0
0.20.2
3.83.8
-0.3-0.3
-7.9-7.9
-0.0-0.0
0.20.2
-0.2-0.2
-0.5-0.5
-0.2-0.2
-0.3-0.3
-0.1-0.1
-0.0-0.0
-0.9-0.9
-0.4-0.4
-2.4-2.4
-0.3-0.3
-0.3-0.3
-2.4-2.4
Россети ФСКЕЭС
АО«Тываэнерго»
АО«Чеченэнерго»
Россети Волга
РоссетиКубань
РоссетиЛенэнерго(ГК)
РоссетиМосковскийрегион
РоссетиСеверныйКавказ (ГК)
Россети Северо-Запад
Россети Сибирь(ГК)
Россети Томск
Россети Тюмень
Россети Урал(ГК)
Россети Центр
Россети Центри Приволжье(ГК)
Россети Юг (Г…
РоссетиЯнтарь
-10
0
10
п.п.
Отклонения фактического уровня потерь от бизнес-плана за 3 месяца (нарастающим итогом)
-0.2-0.2
-1.5-1.5
-0.1-0.1
-0.6-0.6
-95.8-95.8
-0.0-0.0
-0.7-0.7
1.31.3
-0.5-0.5
-0.2-0.2
-90.8-90.8
0.10.1
-0.4-0.4
0.10.1
0.00.0
-0.1-0.1
-0.2-0.2
-0.3-0.3
-0.6-0.6
-0.1-0.1
-0.0-0.0
-1.2-1.2
-89.4-89.4
-0.5-0.5
-90.2-90.2
-0.4-0.4
-1.0-1.0
-0.0-0.0
-0.7-0.7
-80.6-80.6
-1.0-1.0
-0.4-0.4
-0.1-0.1
-0.2-0.2
-0.8-0.8
-1.0-1.0
-0.2-0.2
-0.5-0.5
-1.2-1.2
0.00.0
-7.3-7.3
-0.0-0.0
-0.3-0.3
-1.3-1.3
-0.2-0.2
-0.5-0.5
-43.5-43.5
-1.0-1.0
-0.0-0.0
1.21.2
1.51.5
-0.7-0.7
1.21.2
-0.5-0.5
0.50.5
-0.2-0.2
0.10.1
-40.4-40.4
0.70.7
-0.0-0.0
-0.4-0.4
-0.0-0.0
-0.1-0.1
0.20.2
-0.1-0.1
-0.1-0.1
-0.4-0.4
-0.4-0.4
-0.6-0.6
-1.9-1.9
0.00.0
-0.6-0.6
1.21.2
0.70.7
-0.0-0.0
2.72.7
0.40.4
-1.3-1.3
-44.7-44.7
-0.4-0.4
-37.3-37.3
-0.7-0.7
2.32.3
-0.9-0.9
-0.0-0.0
-0.4-0.4
-39.6-39.6
-0.4-0.4
1.91.9
1.31.3
9.99.9
-0.7-0.7
-0.4-0.4
-0.6-0.6
-0.1-0.1
0.10.1
-1.3-1.3
0.90.9
0.90.9
2.12.1
-0.8-0.8
-0.8-0.8
-0.3-0.3
9.99.9
0.50.5
10.310.3
Итого по ФС…
Каббалкэнерго
Калмэнерго
Калугаэнерго
Карачаево-Черкесскэнерго
Карельский филиал
Кировэнерго
Костромаэнерго
Красноярскэнерго
Кубаньэнерго
Кузбассэнерго-РЭС
Курскэнерго
Ленинградская область
Липецкэнерго
Мариэнерго
Мордовэнерго
Московская область
Мурманский филиал
Нижновэнерго
Новгородский филиал
ООО «БрянскЭлектро»
Омскэнерго
Орелэнерго
Оренбургэнерго
Пензаэнерго
Пермэнерго
Псковский филиал
Россети Тюмень
Россети Янтарь
Ростовэнерго
Рязаньэнерго
Самарские РС
Саратовские РС
Свердловэнерго
Севкавказэнерго
Смоленскэнерго
Ставропольэнерго
Тамбовэнерго
Тверьэнерго
Томская распределительная компания
Тулэнерго
Удмуртэнерго
Ульяновские РС
Хакасэнерго
Челябэнерго
Читаэнерго
Чувашэнерго
Ярэнерго
г. Москва
г. Санкт-Петербург
филиал в Республике Коми
АО "Тываэнерго"
АО «ВМЭС»
АО «Воронежская горэлектросеть»
АО «Тульские городские электрические сети»
АО «Чеченэнерго»
АО «Ярославская электросетевая компания»
АО ЕЭСК
Алтайэнерго
Архангельский филиал
Астраханьэнерго
Белгородэнерго
Брянскэнерго
Бурятэнерго
Владимирэнерго
Волгоградэнерго
Вологодский филиал
Воронежэнерго
Дагэнерго
Ивэнерго
Ингушэнерго
-180
60

Статус данных
Просьба обратить внимание
— все данные не занесены
Факт
План
Итого – Факт
Отпуск в сеть 49 783 908
Отпуск из сети 45 718 992
Потери 4 064 916
Итого – План
Отпуск из сети 0
Потери 0
undefined undefined
Выполнение бизнес-плана в части показателя «Уровень потерь электроэнергии»
Показатели баланса электроэнергии по ДЗО – Факт 
57 256 396 3 856 981 9 778 647 3 075 072 476 306 6 843 010 462 838
55 054 236 3 645 880 8 867 734 2 922 288 421 425 6 355 760 417 011
2 202 160 211 102 910 913 152 783 54 881 487 250 45 827
Показатели баланса электроэнергии по ДЗО – План
58 806 842 4 033 660 10 346 741 3 272 134 504 635 7 177 213 489 942
56 540 011 3 775 836 9 338 688 3 030 349 444 962 6 646 123 429 434
2 266 831 257 824 1 008 053 241 785 59 673 531 090 60 508'

07-03-2025T05:05:53 - [TEST_STEP][PASSED] - if (urlText.contains("ошибка") || urlText.contains(searchWord) == false): null

07-03-2025T05:05:53 - [TEST_STEP][PASSED] - Script1686231490255.ZakrytOpoveshenie(): null

07-03-2025T05:05:53 - [TEST_STEP][PASSED] - opoveshenie = getText(findTestObject("Выполнение бизнес-плана/Просьба обратить внимание")): Text of object 'Object Repository/Выполнение бизнес-плана/Просьба обратить внимание' is: 'Просьба обратить внимание'

07-03-2025T05:05:53 - [MESSAGE][PASSED] - Text of object 'Object Repository/Выполнение бизнес-плана/Просьба обратить внимание' is: 'Просьба обратить внимание'

07-03-2025T05:05:53 - [TEST_STEP][PASSED] - println(opoveshenie): null

07-03-2025T05:05:53 - [TEST_STEP][PASSED] - if (opoveshenie == "Просьба обратить внимание"): Object: 'Object Repository/Выполнение бизнес-плана/Закрыть оповещение' is clicked on

07-03-2025T05:05:53 - [TEST_STEP][PASSED] - click(findTestObject("Выполнение бизнес-плана/Закрыть оповещение")): Object: 'Object Repository/Выполнение бизнес-плана/Закрыть оповещение' is clicked on

07-03-2025T05:05:53 - [MESSAGE][PASSED] - Object: 'Object Repository/Выполнение бизнес-плана/Закрыть оповещение' is clicked on

07-03-2025T05:05:53 - [TEST_STEP][PASSED] - click(findTestObject("Object Repository/Выполнение бизнес-плана/Фильтр Дата")): Object: 'Object Repository/Выполнение бизнес-плана/Фильтр Дата' is clicked on

07-03-2025T05:05:54 - [MESSAGE][PASSED] - Object: 'Object Repository/Выполнение бизнес-плана/Фильтр Дата' is clicked on

07-03-2025T05:05:54 - [TEST_STEP][PASSED] - click(findTestObject("Выполнение бизнес-плана/Снять выделение в фильтре Дата")): Object: 'Object Repository/Выполнение бизнес-плана/Снять выделение в фильтре Дата' is clicked on

07-03-2025T05:05:54 - [MESSAGE][PASSED] - Object: 'Object Repository/Выполнение бизнес-плана/Снять выделение в фильтре Дата' is clicked on

07-03-2025T05:05:54 - [TEST_STEP][PASSED] - click(findTestObject("Object Repository/Выполнение бизнес-плана/Применить в фильтре Дата")): Object: 'Object Repository/Выполнение бизнес-плана/Применить в фильтре Дата' is clicked on

07-03-2025T05:05:55 - [MESSAGE][PASSED] - Object: 'Object Repository/Выполнение бизнес-плана/Применить в фильтре Дата' is clicked on

07-03-2025T05:05:55 - [TEST_STEP][PASSED] - delay(70): Delayed 70 second(s)

07-03-2025T05:07:05 - [MESSAGE][PASSED] - Delayed 70 second(s)

07-03-2025T05:07:05 - [TEST_STEP][PASSED] - Script1686231490255.ZakrytOpoveshenie(): null

07-03-2025T05:07:05 - [TEST_STEP][PASSED] - opoveshenie = getText(findTestObject("Выполнение бизнес-плана/Просьба обратить внимание")): Text of object 'Object Repository/Выполнение бизнес-плана/Просьба обратить внимание' is: 'Просьба обратить внимание'

07-03-2025T05:07:05 - [MESSAGE][PASSED] - Text of object 'Object Repository/Выполнение бизнес-плана/Просьба обратить внимание' is: 'Просьба обратить внимание'

07-03-2025T05:07:05 - [TEST_STEP][PASSED] - println(opoveshenie): null

07-03-2025T05:07:05 - [TEST_STEP][PASSED] - if (opoveshenie == "Просьба обратить внимание"): Object: 'Object Repository/Выполнение бизнес-плана/Закрыть оповещение' is clicked on

07-03-2025T05:07:05 - [TEST_STEP][PASSED] - click(findTestObject("Выполнение бизнес-плана/Закрыть оповещение")): Object: 'Object Repository/Выполнение бизнес-плана/Закрыть оповещение' is clicked on

07-03-2025T05:07:06 - [MESSAGE][PASSED] - Object: 'Object Repository/Выполнение бизнес-плана/Закрыть оповещение' is clicked on

07-03-2025T05:07:06 - [TEST_STEP][PASSED] - click(findTestObject("Object Repository/Выполнение бизнес-плана/Фильтр Дата")): Object: 'Object Repository/Выполнение бизнес-плана/Фильтр Дата' is clicked on

07-03-2025T05:07:06 - [MESSAGE][PASSED] - Object: 'Object Repository/Выполнение бизнес-плана/Фильтр Дата' is clicked on

07-03-2025T05:07:06 - [TEST_STEP][PASSED] - scrollToElement(findTestObject("Выполнение бизнес-плана/2025 список"), 30): Scroll to object 'Object Repository/Выполнение бизнес-плана/2025 список' successfully

07-03-2025T05:07:07 - [MESSAGE][PASSED] - Scroll to object 'Object Repository/Выполнение бизнес-плана/2025 список' successfully

07-03-2025T05:07:07 - [TEST_STEP][PASSED] - click(findTestObject("Выполнение бизнес-плана/2025 список"), CONTINUE_ON_FAILURE): Object: 'Object Repository/Выполнение бизнес-плана/2025 список' is clicked on

07-03-2025T05:07:07 - [MESSAGE][PASSED] - Object: 'Object Repository/Выполнение бизнес-плана/2025 список' is clicked on

07-03-2025T05:07:07 - [TEST_STEP][PASSED] - scrollToElement(findTestObject("Выполнение бизнес-плана/1 квартал 2025 список"), 30): Scroll to object 'Object Repository/Выполнение бизнес-плана/1 квартал 2025 список' successfully

07-03-2025T05:07:08 - [MESSAGE][PASSED] - Scroll to object 'Object Repository/Выполнение бизнес-плана/1 квартал 2025 список' successfully

07-03-2025T05:07:08 - [TEST_STEP][PASSED] - click(findTestObject("Выполнение бизнес-плана/1 квартал 2025 список"), CONTINUE_ON_FAILURE): Object: 'Object Repository/Выполнение бизнес-плана/1 квартал 2025 список' is clicked on

07-03-2025T05:07:08 - [MESSAGE][PASSED] - Object: 'Object Repository/Выполнение бизнес-плана/1 квартал 2025 список' is clicked on

07-03-2025T05:07:08 - [TEST_STEP][PASSED] - click(findTestObject("Выполнение бизнес-плана/Январь 2025"), CONTINUE_ON_FAILURE): Object: 'Object Repository/Выполнение бизнес-плана/Январь 2025' is clicked on

07-03-2025T05:07:08 - [MESSAGE][PASSED] - Object: 'Object Repository/Выполнение бизнес-плана/Январь 2025' is clicked on

07-03-2025T05:07:08 - [TEST_STEP][PASSED] - scrollToElement(findTestObject("Выполнение бизнес-плана/Январь 2025"), 30): Scroll to object 'Object Repository/Выполнение бизнес-плана/Январь 2025' successfully

07-03-2025T05:07:09 - [MESSAGE][PASSED] - Scroll to object 'Object Repository/Выполнение бизнес-плана/Январь 2025' successfully

07-03-2025T05:07:09 - [TEST_STEP][PASSED] - click(findTestObject("Object Repository/Выполнение бизнес-плана/Применить в фильтре Дата")): Object: 'Object Repository/Выполнение бизнес-плана/Применить в фильтре Дата' is clicked on

07-03-2025T05:07:10 - [MESSAGE][PASSED] - Object: 'Object Repository/Выполнение бизнес-плана/Применить в фильтре Дата' is clicked on

07-03-2025T05:07:10 - [TEST_STEP][PASSED] - scrollToElement(findTestObject("Выполнение бизнес-плана/Заголовок дашборда"), 30): Scroll to object 'Object Repository/Выполнение бизнес-плана/Заголовок дашборда' successfully

07-03-2025T05:07:32 - [MESSAGE][PASSED] - Scroll to object 'Object Repository/Выполнение бизнес-плана/Заголовок дашборда' successfully

07-03-2025T05:07:32 - [TEST_STEP][PASSED] - delay(70): Delayed 70 second(s)

07-03-2025T05:08:42 - [MESSAGE][PASSED] - Delayed 70 second(s)

07-03-2025T05:08:42 - [TEST_STEP][PASSED] - Script1686231490255.ZakrytOpoveshenie(): null

07-03-2025T05:08:42 - [TEST_STEP][PASSED] - opoveshenie = getText(findTestObject("Выполнение бизнес-плана/Просьба обратить внимание")): Text of object 'Object Repository/Выполнение бизнес-плана/Просьба обратить внимание' is: 'Просьба обратить внимание'

07-03-2025T05:08:42 - [MESSAGE][PASSED] - Text of object 'Object Repository/Выполнение бизнес-плана/Просьба обратить внимание' is: 'Просьба обратить внимание'

07-03-2025T05:08:42 - [TEST_STEP][PASSED] - println(opoveshenie): null

07-03-2025T05:08:42 - [TEST_STEP][PASSED] - if (opoveshenie == "Просьба обратить внимание"): Object: 'Object Repository/Выполнение бизнес-плана/Закрыть оповещение' is clicked on

07-03-2025T05:08:42 - [TEST_STEP][PASSED] - click(findTestObject("Выполнение бизнес-плана/Закрыть оповещение")): Object: 'Object Repository/Выполнение бизнес-плана/Закрыть оповещение' is clicked on

07-03-2025T05:08:43 - [MESSAGE][PASSED] - Object: 'Object Repository/Выполнение бизнес-плана/Закрыть оповещение' is clicked on

07-03-2025T05:08:43 - [TEST_STEP][PASSED] - click(findTestObject("Object Repository/Выполнение бизнес-плана/Фильтр ДЗО")): Object: 'Object Repository/Выполнение бизнес-плана/Фильтр ДЗО' is clicked on

07-03-2025T05:08:43 - [MESSAGE][PASSED] - Object: 'Object Repository/Выполнение бизнес-плана/Фильтр ДЗО' is clicked on

07-03-2025T05:08:43 - [TEST_STEP][PASSED] - click(findTestObject("Выполнение бизнес-плана/Снять выделение в фильтре ДЗО")): Object: 'Object Repository/Выполнение бизнес-плана/Снять выделение в фильтре ДЗО' is clicked on

07-03-2025T05:08:43 - [MESSAGE][PASSED] - Object: 'Object Repository/Выполнение бизнес-плана/Снять выделение в фильтре ДЗО' is clicked on

07-03-2025T05:08:43 - [TEST_STEP][PASSED] - click(findTestObject("Выполнение бизнес-плана/ПАО Россети")): Object: 'Object Repository/Выполнение бизнес-плана/ПАО Россети' is clicked on

07-03-2025T05:08:44 - [MESSAGE][PASSED] - Object: 'Object Repository/Выполнение бизнес-плана/ПАО Россети' is clicked on

07-03-2025T05:08:44 - [TEST_STEP][PASSED] - click(findTestObject("Object Repository/Выполнение бизнес-плана/Применить в фильтре ДЗО")): Object: 'Object Repository/Выполнение бизнес-плана/Применить в фильтре ДЗО' is clicked on

07-03-2025T05:08:45 - [MESSAGE][PASSED] - Object: 'Object Repository/Выполнение бизнес-плана/Применить в фильтре ДЗО' is clicked on

07-03-2025T05:08:45 - [TEST_STEP][PASSED] - delay(70): Delayed 70 second(s)

07-03-2025T05:09:55 - [MESSAGE][PASSED] - Delayed 70 second(s)

07-03-2025T05:09:55 - [TEST_STEP][PASSED] - if (run == 1): null

07-03-2025T05:09:55 - [TEST_STEP][FAILED] - if (run == 2): null

07-03-2025T05:09:55 - [TEST_STEP][PASSED] - user = "Андреева": null

07-03-2025T05:09:55 - [TEST_STEP][PASSED] - a1 = getText(findTestObject("Выполнение бизнес-плана/Проценты")): Text of object 'Object Repository/Выполнение бизнес-плана/Проценты' is: '%
5.23 5.23
8.17 8.17
План
Факт
1
100'

07-03-2025T05:09:55 - [MESSAGE][PASSED] - Text of object 'Object Repository/Выполнение бизнес-плана/Проценты' is: '%
5.23 5.23
8.17 8.17
План
Факт
1
100'

07-03-2025T05:09:55 - [TEST_STEP][PASSED] - a2 = getText(findTestObject("Выполнение бизнес-плана/vidget 2")): Text of object 'Object Repository/Выполнение бизнес-плана/vidget 2' is: 'Россети ФСК ЕЭС
Россети Волга
Россети Московский регион
Россети Северо-Запад
Россети Томск
Россети Урал (ГК)
Россети Янтарь
0
10
20
30
40
50
60
70'

07-03-2025T05:09:55 - [MESSAGE][PASSED] - Text of object 'Object Repository/Выполнение бизнес-плана/vidget 2' is: 'Россети ФСК ЕЭС
Россети Волга
Россети Московский регион
Россети Северо-Запад
Россети Томск
Россети Урал (ГК)
Россети Янтарь
0
10
20
30
40
50
60
70'

07-03-2025T05:09:55 - [TEST_STEP][FAILED] - a3 = getText(findTestObject("Выполнение бизнес-плана/table")): Unable to get text of object 'Object Repository/Выполнение бизнес-плана/table' (Root cause: com.kms.katalon.core.exception.StepFailedException: Unable to get text of object 'Object Repository/Выполнение бизнес-плана/table'
	at com.kms.katalon.core.webui.keyword.internal.WebUIKeywordMain.stepFailed(WebUIKeywordMain.groovy:64)
	at com.kms.katalon.core.webui.keyword.internal.WebUIKeywordMain.runKeyword(WebUIKeywordMain.groovy:26)
	at com.kms.katalon.core.webui.keyword.builtin.GetTextKeyword.getText(GetTextKeyword.groovy:88)
	at com.kms.katalon.core.webui.keyword.builtin.GetTextKeyword.execute(GetTextKeyword.groovy:67)
	at com.kms.katalon.core.keyword.internal.KeywordExecutor.executeKeywordForPlatform(KeywordExecutor.groovy:74)
	at com.kms.katalon.core.webui.keyword.WebUiBuiltInKeywords.getText(WebUiBuiltInKeywords.groovy:957)
	at Блок руководителя сверка дашбордов под разными учётками.VipolnenieBiznesPlana(Блок руководителя сверка дашбордов под разными учётками:302)
	at Блок руководителя сверка дашбордов под разными учётками.run(Блок руководителя сверка дашбордов под разными учётками:52)
	at com.kms.katalon.core.main.ScriptEngine.run(ScriptEngine.java:194)
	at com.kms.katalon.core.main.ScriptEngine.runScriptAsRawText(ScriptEngine.java:119)
	at com.kms.katalon.core.main.TestCaseExecutor.runScript(TestCaseExecutor.java:448)
	at com.kms.katalon.core.main.TestCaseExecutor.doExecute(TestCaseExecutor.java:439)
	at com.kms.katalon.core.main.TestCaseExecutor.processExecutionPhase(TestCaseExecutor.java:418)
	at com.kms.katalon.core.main.TestCaseExecutor.accessMainPhase(TestCaseExecutor.java:410)
	at com.kms.katalon.core.main.TestCaseExecutor.execute(TestCaseExecutor.java:285)
	at com.kms.katalon.core.common.CommonExecutor.accessTestCaseMainPhase(CommonExecutor.java:65)
	at com.kms.katalon.core.main.TestSuiteExecutor.accessTestSuiteMainPhase(TestSuiteExecutor.java:150)
	at com.kms.katalon.core.main.TestSuiteExecutor.execute(TestSuiteExecutor.java:106)
	at com.kms.katalon.core.main.TestCaseMain.startTestSuite(TestCaseMain.java:180)
	at TempTestSuite1741312418653.run(TempTestSuite1741312418653.groovy:35)
	at java.base/jdk.internal.reflect.NativeMethodAccessorImpl.invoke0(Native Method)
	at java.base/jdk.internal.reflect.NativeMethodAccessorImpl.invoke(NativeMethodAccessorImpl.java:77)
	at java.base/jdk.internal.reflect.DelegatingMethodAccessorImpl.invoke(DelegatingMethodAccessorImpl.java:43)
Caused by: com.kms.katalon.core.webui.exception.WebElementNotFoundException: Web element with id: 'Object Repository/Выполнение бизнес-плана/table' located by '//div[@id='grid-25be55ef81e941d9a5e47136b644a838']' not found
	at com.kms.katalon.core.webui.common.WebUiCommonHelper.findWebElement(WebUiCommonHelper.java:1426)
	at com.kms.katalon.core.webui.keyword.internal.WebUIAbstractKeyword.findWebElement(WebUIAbstractKeyword.groovy:27)
	at com.kms.katalon.core.webui.keyword.internal.WebUIAbstractKeyword.findWebElement(WebUIAbstractKeyword.groovy:26)
	at com.kms.katalon.core.webui.keyword.builtin.GetTextKeyword$_getText_closure1.doCall(GetTextKeyword.groovy:78)
	at com.kms.katalon.core.webui.keyword.builtin.GetTextKeyword$_getText_closure1.call(GetTextKeyword.groovy)
	at com.kms.katalon.core.webui.keyword.internal.WebUIKeywordMain.runKeyword(WebUIKeywordMain.groovy:20)
	at com.kms.katalon.core.webui.keyword.builtin.GetTextKeyword.getText(GetTextKeyword.groovy:88)
	at com.kms.katalon.core.webui.keyword.builtin.GetTextKeyword.execute(GetTextKeyword.groovy:67)
	at com.kms.katalon.core.keyword.internal.KeywordExecutor.executeKeywordForPlatform(KeywordExecutor.groovy:74)
	at com.kms.katalon.core.webui.keyword.WebUiBuiltInKeywords.getText(WebUiBuiltInKeywords.groovy:957)
	at Script1686231490255.VipolnenieBiznesPlana(Script1686231490255.groovy:302)
	at Script1686231490255.run(Script1686231490255.groovy:52)
	... 15 more
)

07-03-2025T05:10:27 - [MESSAGE][INFO] - Unable to find the element located by 'By.xpath: //div[@id='grid-25be55ef81e941d9a5e47136b644a838']'. Please recheck the objects properties to make sure the desired element is located. 

07-03-2025T05:10:27 - [MESSAGE][FAILED] - Unable to get text of object 'Object Repository/Выполнение бизнес-плана/table' (Root cause: com.kms.katalon.core.exception.StepFailedException: Unable to get text of object 'Object Repository/Выполнение бизнес-плана/table'
	at com.kms.katalon.core.webui.keyword.internal.WebUIKeywordMain.stepFailed(WebUIKeywordMain.groovy:64)
	at com.kms.katalon.core.webui.keyword.internal.WebUIKeywordMain.runKeyword(WebUIKeywordMain.groovy:26)
	at com.kms.katalon.core.webui.keyword.builtin.GetTextKeyword.getText(GetTextKeyword.groovy:88)
	at com.kms.katalon.core.webui.keyword.builtin.GetTextKeyword.execute(GetTextKeyword.groovy:67)
	at com.kms.katalon.core.keyword.internal.KeywordExecutor.executeKeywordForPlatform(KeywordExecutor.groovy:74)
	at com.kms.katalon.core.webui.keyword.WebUiBuiltInKeywords.getText(WebUiBuiltInKeywords.groovy:957)
	at Блок руководителя сверка дашбордов под разными учётками.VipolnenieBiznesPlana(Блок руководителя сверка дашбордов под разными учётками:302)
	at Блок руководителя сверка дашбордов под разными учётками.run(Блок руководителя сверка дашбордов под разными учётками:52)
	at com.kms.katalon.core.main.ScriptEngine.run(ScriptEngine.java:194)
	at com.kms.katalon.core.main.ScriptEngine.runScriptAsRawText(ScriptEngine.java:119)
	at com.kms.katalon.core.main.TestCaseExecutor.runScript(TestCaseExecutor.java:448)
	at com.kms.katalon.core.main.TestCaseExecutor.doExecute(TestCaseExecutor.java:439)
	at com.kms.katalon.core.main.TestCaseExecutor.processExecutionPhase(TestCaseExecutor.java:418)
	at com.kms.katalon.core.main.TestCaseExecutor.accessMainPhase(TestCaseExecutor.java:410)
	at com.kms.katalon.core.main.TestCaseExecutor.execute(TestCaseExecutor.java:285)
	at com.kms.katalon.core.common.CommonExecutor.accessTestCaseMainPhase(CommonExecutor.java:65)
	at com.kms.katalon.core.main.TestSuiteExecutor.accessTestSuiteMainPhase(TestSuiteExecutor.java:150)
	at com.kms.katalon.core.main.TestSuiteExecutor.execute(TestSuiteExecutor.java:106)
	at com.kms.katalon.core.main.TestCaseMain.startTestSuite(TestCaseMain.java:180)
	at TempTestSuite1741312418653.run(TempTestSuite1741312418653.groovy:35)
	at java.base/jdk.internal.reflect.NativeMethodAccessorImpl.invoke0(Native Method)
	at java.base/jdk.internal.reflect.NativeMethodAccessorImpl.invoke(NativeMethodAccessorImpl.java:77)
	at java.base/jdk.internal.reflect.DelegatingMethodAccessorImpl.invoke(DelegatingMethodAccessorImpl.java:43)
Caused by: com.kms.katalon.core.webui.exception.WebElementNotFoundException: Web element with id: 'Object Repository/Выполнение бизнес-плана/table' located by '//div[@id='grid-25be55ef81e941d9a5e47136b644a838']' not found
	at com.kms.katalon.core.webui.common.WebUiCommonHelper.findWebElement(WebUiCommonHelper.java:1426)
	at com.kms.katalon.core.webui.keyword.internal.WebUIAbstractKeyword.findWebElement(WebUIAbstractKeyword.groovy:27)
	at com.kms.katalon.core.webui.keyword.internal.WebUIAbstractKeyword.findWebElement(WebUIAbstractKeyword.groovy:26)
	at com.kms.katalon.core.webui.keyword.builtin.GetTextKeyword$_getText_closure1.doCall(GetTextKeyword.groovy:78)
	at com.kms.katalon.core.webui.keyword.builtin.GetTextKeyword$_getText_closure1.call(GetTextKeyword.groovy)
	at com.kms.katalon.core.webui.keyword.internal.WebUIKeywordMain.runKeyword(WebUIKeywordMain.groovy:20)
	at com.kms.katalon.core.webui.keyword.builtin.GetTextKeyword.getText(GetTextKeyword.groovy:88)
	at com.kms.katalon.core.webui.keyword.builtin.GetTextKeyword.execute(GetTextKeyword.groovy:67)
	at com.kms.katalon.core.keyword.internal.KeywordExecutor.executeKeywordForPlatform(KeywordExecutor.groovy:74)
	at com.kms.katalon.core.webui.keyword.WebUiBuiltInKeywords.getText(WebUiBuiltInKeywords.groovy:957)
	at Script1686231490255.VipolnenieBiznesPlana(Script1686231490255.groovy:302)
	at Script1686231490255.run(Script1686231490255.groovy:52)
	... 15 more
)
[[ATTACHMENT|C:\\Users\\LIAZGINA-DI\\git\\SPORU\\Reports\\20250307_045338\\\u041F\u043D-\u0421\u0440-\u041F\u0442\\\u0421\u0432\u0435\u0440\u043A\u0430 \u0434\u0430\u0448\u0431\u043E\u0440\u0434\u043E\u0432 \u0438\u0437 \u0440\u0430\u0437\u043D\u044B\u0445 \u0431\u043B\u043E\u043A\u043E\u0432\\20250307_045338\\1741313427170.png]]

07-03-2025T05:10:27 - [TEST_STEP][PASSED] - a4 = getText(findTestObject("Выполнение бизнес-плана/Список ДЗО")): Text of object 'Object Repository/Выполнение бизнес-плана/Список ДЗО' is: '-0.01
-0.92
-0.43
-2.42
-0.30
-0.28
-2.45
Россети ФСК ЕЭС
Россети Волга
Россети Московский регион
Россети Северо-Запад
Россети Томск
Россети Урал (ГК)
Россети Янтарь
-4
-2
0
2
4
6
8'

07-03-2025T05:10:27 - [MESSAGE][PASSED] - Text of object 'Object Repository/Выполнение бизнес-плана/Список ДЗО' is: '-0.01
-0.92
-0.43
-2.42
-0.30
-0.28
-2.45
Россети ФСК ЕЭС
Россети Волга
Россети Московский регион
Россети Северо-Запад
Россети Томск
Россети Урал (ГК)
Россети Янтарь
-4
-2
0
2
4
6
8'

07-03-2025T05:10:27 - [TEST_STEP][PASSED] - a5 = getText(findTestObject("Выполнение бизнес-плана/svg1")): Text of object 'Object Repository/Выполнение бизнес-плана/svg1' is: '%
5.23 5.23
8.17 8.17
План
Факт
1
100'

07-03-2025T05:10:27 - [MESSAGE][PASSED] - Text of object 'Object Repository/Выполнение бизнес-плана/svg1' is: '%
5.23 5.23
8.17 8.17
План
Факт
1
100'

07-03-2025T05:10:27 - [TEST_STEP][PASSED] - a6 = getText(findTestObject("Выполнение бизнес-плана/svg2")): Text of object 'Object Repository/Выполнение бизнес-плана/svg2' is: 'п.п.
2.94
Итого
0
1
2
3
4'

07-03-2025T05:10:28 - [MESSAGE][PASSED] - Text of object 'Object Repository/Выполнение бизнес-плана/svg2' is: 'п.п.
2.94
Итого
0
1
2
3
4'

07-03-2025T05:10:28 - [TEST_STEP][PASSED] - a7 = getText(findTestObject("Выполнение бизнес-плана/Значения со страницы Выполнение бизнес-плана/Факт Отпуск в сеть за отчётный период ПАО Россети")): Text of object 'Object Repository/Выполнение бизнес-плана/Значения со страницы Выполнение бизнес-плана/Факт Отпуск в сеть за отчётный период ПАО Россети' is: ''

07-03-2025T05:10:28 - [MESSAGE][PASSED] - Text of object 'Object Repository/Выполнение бизнес-плана/Значения со страницы Выполнение бизнес-плана/Факт Отпуск в сеть за отчётный период ПАО Россети' is: ''

07-03-2025T05:10:28 - [TEST_STEP][PASSED] - a8 = getText(findTestObject("Выполнение бизнес-плана/Значения со страницы Выполнение бизнес-плана/Факт Отпуск из сети за отчётный период ПАО Россети")): Text of object 'Object Repository/Выполнение бизнес-плана/Значения со страницы Выполнение бизнес-плана/Факт Отпуск из сети за отчётный период ПАО Россети' is: '0'

07-03-2025T05:10:28 - [MESSAGE][PASSED] - Text of object 'Object Repository/Выполнение бизнес-плана/Значения со страницы Выполнение бизнес-плана/Факт Отпуск из сети за отчётный период ПАО Россети' is: '0'

07-03-2025T05:10:28 - [TEST_STEP][PASSED] - a9 = getText(findTestObject("Выполнение бизнес-плана/Значения со страницы Выполнение бизнес-плана/Факт Потери за отчётный период ПАО Россети")): Text of object 'Object Repository/Выполнение бизнес-плана/Значения со страницы Выполнение бизнес-плана/Факт Потери за отчётный период ПАО Россети' is: '0'

07-03-2025T05:10:29 - [MESSAGE][PASSED] - Text of object 'Object Repository/Выполнение бизнес-плана/Значения со страницы Выполнение бизнес-плана/Факт Потери за отчётный период ПАО Россети' is: '0'

07-03-2025T05:10:29 - [TEST_STEP][PASSED] - n = n + 1: null

07-03-2025T05:10:29 - [TEST_STEP][PASSED] - b = data.getRowNumbers() + 1: null

07-03-2025T05:10:29 - [TEST_STEP][PASSED] - verifyEqual(findTestData("PlanFact").getValue(2, b), a1): Actual object '%
5.23 5.23
8.17 8.17
План
Факт
1
100' and expected object '%
5.23 5.23
8.17 8.17
План
Факт
1
100' are equal

07-03-2025T05:10:29 - [MESSAGE][PASSED] - Actual object '%
5.23 5.23
8.17 8.17
План
Факт
1
100' and expected object '%
5.23 5.23
8.17 8.17
План
Факт
1
100' are equal

07-03-2025T05:10:29 - [TEST_STEP][PASSED] - verifyEqual(findTestData("PlanFact").getValue(3, b), a2): Actual object 'Россети ФСК ЕЭС
Россети Волга
Россети Московский регион
Россети Северо-Запад
Россети Томск
Россети Урал (ГК)
Россети Янтарь
0
10
20
30
40
50
60
70' and expected object 'Россети ФСК ЕЭС
Россети Волга
Россети Московский регион
Россети Северо-Запад
Россети Томск
Россети Урал (ГК)
Россети Янтарь
0
10
20
30
40
50
60
70' are equal

07-03-2025T05:10:29 - [MESSAGE][PASSED] - Actual object 'Россети ФСК ЕЭС
Россети Волга
Россети Московский регион
Россети Северо-Запад
Россети Томск
Россети Урал (ГК)
Россети Янтарь
0
10
20
30
40
50
60
70' and expected object 'Россети ФСК ЕЭС
Россети Волга
Россети Московский регион
Россети Северо-Запад
Россети Томск
Россети Урал (ГК)
Россети Янтарь
0
10
20
30
40
50
60
70' are equal

07-03-2025T05:10:29 - [TEST_STEP][FAILED] - verifyEqual(findTestData("PlanFact").getValue(4, b), a3): Unable to verify equal between actual object '' and expected object 'null' (Root cause: com.kms.katalon.core.exception.StepFailedException: Actual object '' and expected object 'null' are not equal
	at com.kms.katalon.core.keyword.builtin.VerifyEqualKeyword$_verifyEqual_closure1.doCall(VerifyEqualKeyword.groovy:58)
	at com.kms.katalon.core.keyword.builtin.VerifyEqualKeyword$_verifyEqual_closure1.call(VerifyEqualKeyword.groovy)
	at com.kms.katalon.core.keyword.internal.KeywordMain.runKeyword(KeywordMain.groovy:75)
	at com.kms.katalon.core.keyword.builtin.VerifyEqualKeyword.verifyEqual(VerifyEqualKeyword.groovy:63)
	at com.kms.katalon.core.keyword.builtin.VerifyEqualKeyword.execute(VerifyEqualKeyword.groovy:44)
	at com.kms.katalon.core.keyword.internal.KeywordExecutor.executeKeywordForPlatform(KeywordExecutor.groovy:74)
	at com.kms.katalon.core.keyword.BuiltinKeywords.verifyEqual(BuiltinKeywords.groovy:146)
	at java.base/jdk.internal.reflect.NativeMethodAccessorImpl.invoke0(Native Method)
	at java.base/jdk.internal.reflect.NativeMethodAccessorImpl.invoke(NativeMethodAccessorImpl.java:77)
	at java.base/jdk.internal.reflect.DelegatingMethodAccessorImpl.invoke(DelegatingMethodAccessorImpl.java:43)
	at Блок руководителя сверка дашбордов под разными учётками.VipolnenieBiznesPlana(Блок руководителя сверка дашбордов под разными учётками:324)
	at Блок руководителя сверка дашбордов под разными учётками.run(Блок руководителя сверка дашбордов под разными учётками:52)
	at com.kms.katalon.core.main.ScriptEngine.run(ScriptEngine.java:194)
	at com.kms.katalon.core.main.ScriptEngine.runScriptAsRawText(ScriptEngine.java:119)
	at com.kms.katalon.core.main.TestCaseExecutor.runScript(TestCaseExecutor.java:448)
	at com.kms.katalon.core.main.TestCaseExecutor.doExecute(TestCaseExecutor.java:439)
	at com.kms.katalon.core.main.TestCaseExecutor.processExecutionPhase(TestCaseExecutor.java:418)
	at com.kms.katalon.core.main.TestCaseExecutor.accessMainPhase(TestCaseExecutor.java:410)
	at com.kms.katalon.core.main.TestCaseExecutor.execute(TestCaseExecutor.java:285)
	at com.kms.katalon.core.common.CommonExecutor.accessTestCaseMainPhase(CommonExecutor.java:65)
	at com.kms.katalon.core.main.TestSuiteExecutor.accessTestSuiteMainPhase(TestSuiteExecutor.java:150)
	at com.kms.katalon.core.main.TestSuiteExecutor.execute(TestSuiteExecutor.java:106)
	at com.kms.katalon.core.main.TestCaseMain.startTestSuite(TestCaseMain.java:180)
	at TempTestSuite1741312418653.run(TempTestSuite1741312418653.groovy:35)
	at java.base/jdk.internal.reflect.NativeMethodAccessorImpl.invoke0(Native Method)
	at java.base/jdk.internal.reflect.NativeMethodAccessorImpl.invoke(NativeMethodAccessorImpl.java:77)
	at java.base/jdk.internal.reflect.DelegatingMethodAccessorImpl.invoke(DelegatingMethodAccessorImpl.java:43)
)

07-03-2025T05:10:29 - [MESSAGE][FAILED] - Unable to verify equal between actual object '' and expected object 'null' (Root cause: com.kms.katalon.core.exception.StepFailedException: Actual object '' and expected object 'null' are not equal
	at com.kms.katalon.core.keyword.builtin.VerifyEqualKeyword$_verifyEqual_closure1.doCall(VerifyEqualKeyword.groovy:58)
	at com.kms.katalon.core.keyword.builtin.VerifyEqualKeyword$_verifyEqual_closure1.call(VerifyEqualKeyword.groovy)
	at com.kms.katalon.core.keyword.internal.KeywordMain.runKeyword(KeywordMain.groovy:75)
	at com.kms.katalon.core.keyword.builtin.VerifyEqualKeyword.verifyEqual(VerifyEqualKeyword.groovy:63)
	at com.kms.katalon.core.keyword.builtin.VerifyEqualKeyword.execute(VerifyEqualKeyword.groovy:44)
	at com.kms.katalon.core.keyword.internal.KeywordExecutor.executeKeywordForPlatform(KeywordExecutor.groovy:74)
	at com.kms.katalon.core.keyword.BuiltinKeywords.verifyEqual(BuiltinKeywords.groovy:146)
	at java.base/jdk.internal.reflect.NativeMethodAccessorImpl.invoke0(Native Method)
	at java.base/jdk.internal.reflect.NativeMethodAccessorImpl.invoke(NativeMethodAccessorImpl.java:77)
	at java.base/jdk.internal.reflect.DelegatingMethodAccessorImpl.invoke(DelegatingMethodAccessorImpl.java:43)
	at Блок руководителя сверка дашбордов под разными учётками.VipolnenieBiznesPlana(Блок руководителя сверка дашбордов под разными учётками:324)
	at Блок руководителя сверка дашбордов под разными учётками.run(Блок руководителя сверка дашбордов под разными учётками:52)
	at com.kms.katalon.core.main.ScriptEngine.run(ScriptEngine.java:194)
	at com.kms.katalon.core.main.ScriptEngine.runScriptAsRawText(ScriptEngine.java:119)
	at com.kms.katalon.core.main.TestCaseExecutor.runScript(TestCaseExecutor.java:448)
	at com.kms.katalon.core.main.TestCaseExecutor.doExecute(TestCaseExecutor.java:439)
	at com.kms.katalon.core.main.TestCaseExecutor.processExecutionPhase(TestCaseExecutor.java:418)
	at com.kms.katalon.core.main.TestCaseExecutor.accessMainPhase(TestCaseExecutor.java:410)
	at com.kms.katalon.core.main.TestCaseExecutor.execute(TestCaseExecutor.java:285)
	at com.kms.katalon.core.common.CommonExecutor.accessTestCaseMainPhase(CommonExecutor.java:65)
	at com.kms.katalon.core.main.TestSuiteExecutor.accessTestSuiteMainPhase(TestSuiteExecutor.java:150)
	at com.kms.katalon.core.main.TestSuiteExecutor.execute(TestSuiteExecutor.java:106)
	at com.kms.katalon.core.main.TestCaseMain.startTestSuite(TestCaseMain.java:180)
	at TempTestSuite1741312418653.run(TempTestSuite1741312418653.groovy:35)
	at java.base/jdk.internal.reflect.NativeMethodAccessorImpl.invoke0(Native Method)
	at java.base/jdk.internal.reflect.NativeMethodAccessorImpl.invoke(NativeMethodAccessorImpl.java:77)
	at java.base/jdk.internal.reflect.DelegatingMethodAccessorImpl.invoke(DelegatingMethodAccessorImpl.java:43)
)

07-03-2025T05:10:29 - [TEST_STEP][PASSED] - verifyEqual(findTestData("PlanFact").getValue(5, b), a4): Actual object '-0.01
-0.92
-0.43
-2.42
-0.30
-0.28
-2.45
Россети ФСК ЕЭС
Россети Волга
Россети Московский регион
Россети Северо-Запад
Россети Томск
Россети Урал (ГК)
Россети Янтарь
-4
-2
0
2
4
6
8' and expected object '-0.01
-0.92
-0.43
-2.42
-0.30
-0.28
-2.45
Россети ФСК ЕЭС
Россети Волга
Россети Московский регион
Россети Северо-Запад
Россети Томск
Россети Урал (ГК)
Россети Янтарь
-4
-2
0
2
4
6
8' are equal

07-03-2025T05:10:29 - [MESSAGE][PASSED] - Actual object '-0.01
-0.92
-0.43
-2.42
-0.30
-0.28
-2.45
Россети ФСК ЕЭС
Россети Волга
Россети Московский регион
Россети Северо-Запад
Россети Томск
Россети Урал (ГК)
Россети Янтарь
-4
-2
0
2
4
6
8' and expected object '-0.01
-0.92
-0.43
-2.42
-0.30
-0.28
-2.45
Россети ФСК ЕЭС
Россети Волга
Россети Московский регион
Россети Северо-Запад
Россети Томск
Россети Урал (ГК)
Россети Янтарь
-4
-2
0
2
4
6
8' are equal

07-03-2025T05:10:29 - [TEST_STEP][PASSED] - verifyEqual(findTestData("PlanFact").getValue(6, b), a5): Actual object '%
5.23 5.23
8.17 8.17
План
Факт
1
100' and expected object '%
5.23 5.23
8.17 8.17
План
Факт
1
100' are equal

07-03-2025T05:10:29 - [MESSAGE][PASSED] - Actual object '%
5.23 5.23
8.17 8.17
План
Факт
1
100' and expected object '%
5.23 5.23
8.17 8.17
План
Факт
1
100' are equal

07-03-2025T05:10:29 - [TEST_STEP][PASSED] - verifyEqual(findTestData("PlanFact").getValue(7, b), a6): Actual object 'п.п.
2.94
Итого
0
1
2
3
4' and expected object 'п.п.
2.94
Итого
0
1
2
3
4' are equal

07-03-2025T05:10:29 - [MESSAGE][PASSED] - Actual object 'п.п.
2.94
Итого
0
1
2
3
4' and expected object 'п.п.
2.94
Итого
0
1
2
3
4' are equal

07-03-2025T05:10:29 - [TEST_STEP][PASSED] - verifyEqual(findTestData("PlanFact").getValue(8, b), a7): Actual object '' and expected object '' are equal

07-03-2025T05:10:29 - [MESSAGE][PASSED] - Actual object '' and expected object '' are equal

07-03-2025T05:10:29 - [TEST_STEP][PASSED] - verifyEqual(findTestData("PlanFact").getValue(9, b), a8): Actual object '0' and expected object '0' are equal

07-03-2025T05:10:29 - [MESSAGE][PASSED] - Actual object '0' and expected object '0' are equal

07-03-2025T05:10:29 - [TEST_STEP][PASSED] - verifyEqual(findTestData("PlanFact").getValue(10, b), a9): Actual object '0' and expected object '0' are equal

07-03-2025T05:10:29 - [MESSAGE][PASSED] - Actual object '0' and expected object '0' are equal

07-03-2025T05:10:29 - [TEST_STEP][PASSED] - Script1686231490255.WriteToExcel(user, dashboardName, n, data, run, a1, a2, a3, a4, a5, a6, a7, a8, a9): null

07-03-2025T05:10:29 - [TEST_STEP][PASSED] - sheetName = "Sheet1": null

07-03-2025T05:10:29 - [TEST_STEP][PASSED] - workbook01 = getWorkbook(excelFilePath): null

07-03-2025T05:10:29 - [TEST_STEP][PASSED] - sheet01 = getExcelSheet(workbook01, sheetName): null

07-03-2025T05:10:29 - [TEST_STEP][PASSED] - setValueToCellByIndex(sheet01, n, 0, dashboardName): null

07-03-2025T05:10:29 - [TEST_STEP][PASSED] - setValueToCellByIndex(sheet01, n, 10, user): null

07-03-2025T05:10:29 - [TEST_STEP][PASSED] - setValueToCellByIndex(sheet01, n, 1, a1): null

07-03-2025T05:10:29 - [TEST_STEP][PASSED] - setValueToCellByIndex(sheet01, n, 2, a2): null

07-03-2025T05:10:29 - [TEST_STEP][PASSED] - setValueToCellByIndex(sheet01, n, 3, a3): null

07-03-2025T05:10:29 - [TEST_STEP][PASSED] - setValueToCellByIndex(sheet01, n, 4, a4): null

07-03-2025T05:10:29 - [TEST_STEP][PASSED] - setValueToCellByIndex(sheet01, n, 5, a5): null

07-03-2025T05:10:29 - [TEST_STEP][PASSED] - setValueToCellByIndex(sheet01, n, 6, a6): null

07-03-2025T05:10:29 - [TEST_STEP][PASSED] - setValueToCellByIndex(sheet01, n, 7, a7): null

07-03-2025T05:10:29 - [TEST_STEP][PASSED] - setValueToCellByIndex(sheet01, n, 8, a8): null

07-03-2025T05:10:29 - [TEST_STEP][PASSED] - setValueToCellByIndex(sheet01, n, 9, a9): null

07-03-2025T05:10:29 - [TEST_STEP][PASSED] - n = n + 1: null

07-03-2025T05:10:29 - [TEST_STEP][PASSED] - saveWorkbook(excelFilePath, workbook01): null

07-03-2025T05:10:30 - [TEST_STEP][PASSED] - if (run == 3): null

07-03-2025T05:10:30 - [TEST_STEP][PASSED] - closeBrowser(): null

07-03-2025T05:10:30 - [MESSAGE][PASSED] - Browser is closed

07-03-2025T05:10:30 - [TEST_STEP][PASSED] - VipolnenieBiznesPlana(user, dashboardName, n, data, run, a1, a2, a3, a4, a5, a6, a7, a8, a9, urlData): null

07-03-2025T05:10:30 - [TEST_STEP][PASSED] - n = data.getRowNumbers() + 1: null

07-03-2025T05:10:30 - [TEST_STEP][PASSED] - println(n): null

07-03-2025T05:10:30 - [TEST_STEP][PASSED] - dashboardName = "Выполнение бизнес-плана": null

07-03-2025T05:10:30 - [TEST_STEP][PASSED] - openBrowser(""): Browser is opened with url: ''

07-03-2025T05:10:30 - [MESSAGE][INFO] - Starting 'Chrome' driver

07-03-2025T05:10:30 - [MESSAGE][INFO] - Action delay is set to 0 milliseconds

07-03-2025T05:10:31 - [MESSAGE][PASSED] - Browser is opened with url: ''

07-03-2025T05:10:31 - [TEST_STEP][PASSED] - urlData = 1: null

07-03-2025T05:10:31 - [TEST_STEP][PASSED] - Script1686231490255.CheckPageDownload(urlData, run): null

07-03-2025T05:10:31 - [TEST_STEP][PASSED] - i = 1: null

07-03-2025T05:10:31 - [TEST_STEP][PASSED] - ii = 0: null

07-03-2025T05:10:31 - [TEST_STEP][PASSED] - urlText = <not implemented yet for class: org.codehaus.groovy.ast.expr.EmptyExpression>: null

07-03-2025T05:10:31 - [TEST_STEP][PASSED] - searchWord = <not implemented yet for class: org.codehaus.groovy.ast.expr.EmptyExpression>: null

07-03-2025T05:10:31 - [TEST_STEP][PASSED] - deleteAllCookies(): Delete all cookies successfully

07-03-2025T05:10:31 - [MESSAGE][PASSED] - Delete all cookies successfully

07-03-2025T05:10:31 - [TEST_STEP][PASSED] - refresh(): Refresh successfully

07-03-2025T05:10:31 - [MESSAGE][PASSED] - Refresh successfully

07-03-2025T05:10:31 - [TEST_STEP][PASSED] - delay(70): Delayed 70 second(s)

07-03-2025T05:11:41 - [MESSAGE][PASSED] - Delayed 70 second(s)

07-03-2025T05:11:41 - [TEST_STEP][PASSED] - navigateToUrl(findTestData("PlanFact").getValue(10, urlData)): Navigate to 'https://bi.rosseti.digital/viewer?dashboardGuid=d154a8eaf6824e2b9de1bb04dd061c18&sheetGuid=1305e8ce744049e1abdacea1ea397a26&fit=true' successfully

07-03-2025T05:11:47 - [MESSAGE][PASSED] - Navigate to 'https://bi.rosseti.digital/viewer?dashboardGuid=d154a8eaf6824e2b9de1bb04dd061c18&sheetGuid=1305e8ce744049e1abdacea1ea397a26&fit=true' successfully

07-03-2025T05:11:47 - [TEST_STEP][PASSED] - pageLoaded1 = verifyElementPresent(findTestObject("Страница авторизации/Text"), 30): Object 'Object Repository/Страница авторизации/Text' is present

07-03-2025T05:11:48 - [MESSAGE][PASSED] - Object 'Object Repository/Страница авторизации/Text' is present

07-03-2025T05:11:48 - [TEST_STEP][PASSED] - if (pageLoaded1 == false): null

07-03-2025T05:11:48 - [TEST_STEP][PASSED] - urlText = getText(findTestObject("Страница авторизации/Text")): Text of object 'Object Repository/Страница авторизации/Text' is: 'Вход'

07-03-2025T05:11:49 - [MESSAGE][PASSED] - Text of object 'Object Repository/Страница авторизации/Text' is: 'Вход'

07-03-2025T05:11:49 - [TEST_STEP][PASSED] - delay(70): Delayed 70 second(s)

07-03-2025T05:12:59 - [MESSAGE][PASSED] - Delayed 70 second(s)

07-03-2025T05:12:59 - [TEST_STEP][PASSED] - searchWord = "Вход": null

07-03-2025T05:12:59 - [TEST_STEP][PASSED] - if (urlText.contains(searchWord) == false): null

07-03-2025T05:12:59 - [TEST_STEP][PASSED] - setText(findTestObject("Страница авторизации/input__username"), findTestData("PlanFact").getValue(8, run)): Text 'Petrova-OV' is set on object 'Object Repository/Страница авторизации/input__username'

07-03-2025T05:12:59 - [MESSAGE][PASSED] - Text 'Petrova-OV' is set on object 'Object Repository/Страница авторизации/input__username'

07-03-2025T05:12:59 - [TEST_STEP][PASSED] - setText(findTestObject("Страница авторизации/input__password"), findTestData("PlanFact").getValue(9, run)): Text '4Ex@~R53r&3x&BVe7' is set on object 'Object Repository/Страница авторизации/input__password'

07-03-2025T05:13:00 - [MESSAGE][PASSED] - Text '4Ex@~R53r&3x&BVe7' is set on object 'Object Repository/Страница авторизации/input__password'

07-03-2025T05:13:00 - [TEST_STEP][PASSED] - click(findTestObject("Страница авторизации/button_")): Object: 'Object Repository/Страница авторизации/button_' is clicked on

07-03-2025T05:13:01 - [MESSAGE][PASSED] - Object: 'Object Repository/Страница авторизации/button_' is clicked on

07-03-2025T05:13:01 - [TEST_STEP][PASSED] - delay(70): Delayed 70 second(s)

07-03-2025T05:14:11 - [MESSAGE][PASSED] - Delayed 70 second(s)

07-03-2025T05:14:11 - [TEST_STEP][PASSED] - searchWord = "а": null

07-03-2025T05:14:11 - [TEST_STEP][PASSED] - pageLoaded2 = verifyElementPresent(findTestObject("Страница авторизации/Text"), 50): Object 'Object Repository/Страница авторизации/Text' is present

07-03-2025T05:14:12 - [MESSAGE][PASSED] - Object 'Object Repository/Страница авторизации/Text' is present

07-03-2025T05:14:12 - [TEST_STEP][PASSED] - if (pageLoaded2 == false): null

07-03-2025T05:14:12 - [TEST_STEP][PASSED] - urlText = getText(findTestObject("Страница авторизации/Text")): Text of object 'Object Repository/Страница авторизации/Text' is: 'ДЗО 
ПАО Россети
Период
Январь 2025 года
Отклонения фактического уровня потерь от бизнес-плана, п.п.
-0.01
-0.92
-0.43
-2.42
-0.30
-0.28
-2.45
Россети ФСК ЕЭС
Россети Волга
Россети Московский регион
Россети Северо-Запад
Россети Томск
Россети Урал (ГК)
Россети Янтарь
-4
-2
0
2
4
6
8

Уровень потерь электроэнергии
Россети ФСК ЕЭС
Россети Волга
Россети Московский регион
Россети Северо-Запад
Россети Томск
Россети Урал (ГК)
Россети Янтарь
0
10
20
30
40
50
60
70
4.01
|
6.39
|
9.74
|
7.39
|
11.82
|
7.40
|
12.35
|
4.00
5.47
9.32
4.97
11.52
7.12
9.90
п.п.
2.94
Итого
0
1
2
3
4
%
5.23 5.23
8.17 8.17
План
Факт
1
100

● Бизнес-план выполнен● ●● Превышение бизнес-плана
Отклонения фактического уровня потерь от бизнес-плана за 3 месяца (нарастающим итогом), п.п.
-0.2-0.2
-8.3-8.3
3.13.1
-0.4-0.4
-0.6-0.6
-0.0-0.0
0.20.2
3.93.9
-0.4-0.4
-8.8-8.8
-0.0-0.0
0.20.2
-0.2-0.2
-0.5-0.5
-0.3-0.3
-0.5-0.5
-0.1-0.1
-0.2-0.2
-8.4-8.4
2.92.9
-0.4-0.4
-0.5-0.5
-0.0-0.0
0.20.2
3.83.8
-0.3-0.3
-7.9-7.9
-0.0-0.0
0.20.2
-0.2-0.2
-0.5-0.5
-0.2-0.2
-0.3-0.3
-0.1-0.1
-0.0-0.0
-0.9-0.9
-0.4-0.4
-2.4-2.4
-0.3-0.3
-0.3-0.3
-2.4-2.4
Россети ФСКЕЭС
АО«Тываэнерго»
АО«Чеченэнерго»
Россети Волга
РоссетиКубань
РоссетиЛенэнерго(ГК)
РоссетиМосковскийрегион
РоссетиСеверныйКавказ (ГК)
Россети Северо-Запад
Россети Сибирь(ГК)
Россети Томск
Россети Тюмень
Россети Урал(ГК)
Россети Центр
Россети Центри Приволжье(ГК)
Россети Юг (Г…
РоссетиЯнтарь
-10
0
10
п.п.
Отклонения фактического уровня потерь от бизнес-плана за 3 месяца (нарастающим итогом)
-0.2-0.2
-1.5-1.5
-0.1-0.1
-0.6-0.6
-95.8-95.8
-0.0-0.0
-0.7-0.7
1.31.3
-0.5-0.5
-0.2-0.2
-90.8-90.8
0.10.1
-0.4-0.4
0.10.1
0.00.0
-0.1-0.1
-0.2-0.2
-0.3-0.3
-0.6-0.6
-0.1-0.1
-0.0-0.0
-1.2-1.2
-89.4-89.4
-0.5-0.5
-90.2-90.2
-0.4-0.4
-1.0-1.0
-0.0-0.0
-0.7-0.7
-80.6-80.6
-1.0-1.0
-0.4-0.4
-0.1-0.1
-0.2-0.2
-0.8-0.8
-1.0-1.0
-0.2-0.2
-0.5-0.5
-1.2-1.2
0.00.0
-7.3-7.3
-0.0-0.0
-0.3-0.3
-1.3-1.3
-0.2-0.2
-0.5-0.5
-43.5-43.5
-1.0-1.0
-0.0-0.0
1.21.2
1.51.5
-0.7-0.7
1.21.2
-0.5-0.5
0.50.5
-0.2-0.2
0.10.1
-40.4-40.4
0.70.7
-0.0-0.0
-0.4-0.4
-0.0-0.0
-0.1-0.1
0.20.2
-0.1-0.1
-0.1-0.1
-0.4-0.4
-0.4-0.4
-0.6-0.6
-1.9-1.9
0.00.0
-0.6-0.6
1.21.2
0.70.7
-0.0-0.0
2.72.7
0.40.4
-1.3-1.3
-44.7-44.7
-0.4-0.4
-37.3-37.3
-0.7-0.7
2.32.3
-0.9-0.9
-0.0-0.0
-0.4-0.4
-39.6-39.6
-0.4-0.4
1.91.9
1.31.3
9.99.9
-0.7-0.7
-0.4-0.4
-0.6-0.6
-0.1-0.1
0.10.1
-1.3-1.3
0.90.9
0.90.9
2.12.1
-0.8-0.8
-0.8-0.8
-0.3-0.3
9.99.9
0.50.5
10.310.3
Итого по ФС…
Каббалкэнерго
Калмэнерго
Калугаэнерго
Карачаево-Черкесскэнерго
Карельский филиал
Кировэнерго
Костромаэнерго
Красноярскэнерго
Кубаньэнерго
Кузбассэнерго-РЭС
Курскэнерго
Ленинградская область
Липецкэнерго
Мариэнерго
Мордовэнерго
Московская область
Мурманский филиал
Нижновэнерго
Новгородский филиал
ООО «БрянскЭлектро»
Омскэнерго
Орелэнерго
Оренбургэнерго
Пензаэнерго
Пермэнерго
Псковский филиал
Россети Тюмень
Россети Янтарь
Ростовэнерго
Рязаньэнерго
Самарские РС
Саратовские РС
Свердловэнерго
Севкавказэнерго
Смоленскэнерго
Ставропольэнерго
Тамбовэнерго
Тверьэнерго
Томская распределительная компания
Тулэнерго
Удмуртэнерго
Ульяновские РС
Хакасэнерго
Челябэнерго
Читаэнерго
Чувашэнерго
Ярэнерго
г. Москва
г. Санкт-Петербург
филиал в Республике Коми
АО "Тываэнерго"
АО «ВМЭС»
АО «Воронежская горэлектросеть»
АО «Тульские городские электрические сети»
АО «Чеченэнерго»
АО «Ярославская электросетевая компания»
АО ЕЭСК
Алтайэнерго
Архангельский филиал
Астраханьэнерго
Белгородэнерго
Брянскэнерго
Бурятэнерго
Владимирэнерго
Волгоградэнерго
Вологодский филиал
Воронежэнерго
Дагэнерго
Ивэнерго
Ингушэнерго
-180
60

Статус данных
Просьба обратить внимание
— все данные не занесены
Факт
План
Итого – Факт
Отпуск в сеть 49 783 908
Отпуск из сети 45 718 992
Потери 4 064 916
Итого – План
Отпуск из сети 0
Потери 0
undefined undefined
Выполнение бизнес-плана в части показателя «Уровень потерь электроэнергии»
Показатели баланса электроэнергии по ДЗО – Факт 
57 256 396 3 856 981 9 778 647 3 075 072 476 306 6 843 010 462 838
55 054 236 3 645 880 8 867 734 2 922 288 421 425 6 355 760 417 011
2 202 160 211 102 910 913 152 783 54 881 487 250 45 827
Показатели баланса электроэнергии по ДЗО – План
58 806 842 4 033 660 10 346 741 3 272 134 504 635 7 177 213 489 942
56 540 011 3 775 836 9 338 688 3 030 349 444 962 6 646 123 429 434
2 266 831 257 824 1 008 053 241 785 59 673 531 090 60 508'

07-03-2025T05:14:14 - [MESSAGE][PASSED] - Text of object 'Object Repository/Страница авторизации/Text' is: 'ДЗО 
ПАО Россети
Период
Январь 2025 года
Отклонения фактического уровня потерь от бизнес-плана, п.п.
-0.01
-0.92
-0.43
-2.42
-0.30
-0.28
-2.45
Россети ФСК ЕЭС
Россети Волга
Россети Московский регион
Россети Северо-Запад
Россети Томск
Россети Урал (ГК)
Россети Янтарь
-4
-2
0
2
4
6
8

Уровень потерь электроэнергии
Россети ФСК ЕЭС
Россети Волга
Россети Московский регион
Россети Северо-Запад
Россети Томск
Россети Урал (ГК)
Россети Янтарь
0
10
20
30
40
50
60
70
4.01
|
6.39
|
9.74
|
7.39
|
11.82
|
7.40
|
12.35
|
4.00
5.47
9.32
4.97
11.52
7.12
9.90
п.п.
2.94
Итого
0
1
2
3
4
%
5.23 5.23
8.17 8.17
План
Факт
1
100

● Бизнес-план выполнен● ●● Превышение бизнес-плана
Отклонения фактического уровня потерь от бизнес-плана за 3 месяца (нарастающим итогом), п.п.
-0.2-0.2
-8.3-8.3
3.13.1
-0.4-0.4
-0.6-0.6
-0.0-0.0
0.20.2
3.93.9
-0.4-0.4
-8.8-8.8
-0.0-0.0
0.20.2
-0.2-0.2
-0.5-0.5
-0.3-0.3
-0.5-0.5
-0.1-0.1
-0.2-0.2
-8.4-8.4
2.92.9
-0.4-0.4
-0.5-0.5
-0.0-0.0
0.20.2
3.83.8
-0.3-0.3
-7.9-7.9
-0.0-0.0
0.20.2
-0.2-0.2
-0.5-0.5
-0.2-0.2
-0.3-0.3
-0.1-0.1
-0.0-0.0
-0.9-0.9
-0.4-0.4
-2.4-2.4
-0.3-0.3
-0.3-0.3
-2.4-2.4
Россети ФСКЕЭС
АО«Тываэнерго»
АО«Чеченэнерго»
Россети Волга
РоссетиКубань
РоссетиЛенэнерго(ГК)
РоссетиМосковскийрегион
РоссетиСеверныйКавказ (ГК)
Россети Северо-Запад
Россети Сибирь(ГК)
Россети Томск
Россети Тюмень
Россети Урал(ГК)
Россети Центр
Россети Центри Приволжье(ГК)
Россети Юг (Г…
РоссетиЯнтарь
-10
0
10
п.п.
Отклонения фактического уровня потерь от бизнес-плана за 3 месяца (нарастающим итогом)
-0.2-0.2
-1.5-1.5
-0.1-0.1
-0.6-0.6
-95.8-95.8
-0.0-0.0
-0.7-0.7
1.31.3
-0.5-0.5
-0.2-0.2
-90.8-90.8
0.10.1
-0.4-0.4
0.10.1
0.00.0
-0.1-0.1
-0.2-0.2
-0.3-0.3
-0.6-0.6
-0.1-0.1
-0.0-0.0
-1.2-1.2
-89.4-89.4
-0.5-0.5
-90.2-90.2
-0.4-0.4
-1.0-1.0
-0.0-0.0
-0.7-0.7
-80.6-80.6
-1.0-1.0
-0.4-0.4
-0.1-0.1
-0.2-0.2
-0.8-0.8
-1.0-1.0
-0.2-0.2
-0.5-0.5
-1.2-1.2
0.00.0
-7.3-7.3
-0.0-0.0
-0.3-0.3
-1.3-1.3
-0.2-0.2
-0.5-0.5
-43.5-43.5
-1.0-1.0
-0.0-0.0
1.21.2
1.51.5
-0.7-0.7
1.21.2
-0.5-0.5
0.50.5
-0.2-0.2
0.10.1
-40.4-40.4
0.70.7
-0.0-0.0
-0.4-0.4
-0.0-0.0
-0.1-0.1
0.20.2
-0.1-0.1
-0.1-0.1
-0.4-0.4
-0.4-0.4
-0.6-0.6
-1.9-1.9
0.00.0
-0.6-0.6
1.21.2
0.70.7
-0.0-0.0
2.72.7
0.40.4
-1.3-1.3
-44.7-44.7
-0.4-0.4
-37.3-37.3
-0.7-0.7
2.32.3
-0.9-0.9
-0.0-0.0
-0.4-0.4
-39.6-39.6
-0.4-0.4
1.91.9
1.31.3
9.99.9
-0.7-0.7
-0.4-0.4
-0.6-0.6
-0.1-0.1
0.10.1
-1.3-1.3
0.90.9
0.90.9
2.12.1
-0.8-0.8
-0.8-0.8
-0.3-0.3
9.99.9
0.50.5
10.310.3
Итого по ФС…
Каббалкэнерго
Калмэнерго
Калугаэнерго
Карачаево-Черкесскэнерго
Карельский филиал
Кировэнерго
Костромаэнерго
Красноярскэнерго
Кубаньэнерго
Кузбассэнерго-РЭС
Курскэнерго
Ленинградская область
Липецкэнерго
Мариэнерго
Мордовэнерго
Московская область
Мурманский филиал
Нижновэнерго
Новгородский филиал
ООО «БрянскЭлектро»
Омскэнерго
Орелэнерго
Оренбургэнерго
Пензаэнерго
Пермэнерго
Псковский филиал
Россети Тюмень
Россети Янтарь
Ростовэнерго
Рязаньэнерго
Самарские РС
Саратовские РС
Свердловэнерго
Севкавказэнерго
Смоленскэнерго
Ставропольэнерго
Тамбовэнерго
Тверьэнерго
Томская распределительная компания
Тулэнерго
Удмуртэнерго
Ульяновские РС
Хакасэнерго
Челябэнерго
Читаэнерго
Чувашэнерго
Ярэнерго
г. Москва
г. Санкт-Петербург
филиал в Республике Коми
АО "Тываэнерго"
АО «ВМЭС»
АО «Воронежская горэлектросеть»
АО «Тульские городские электрические сети»
АО «Чеченэнерго»
АО «Ярославская электросетевая компания»
АО ЕЭСК
Алтайэнерго
Архангельский филиал
Астраханьэнерго
Белгородэнерго
Брянскэнерго
Бурятэнерго
Владимирэнерго
Волгоградэнерго
Вологодский филиал
Воронежэнерго
Дагэнерго
Ивэнерго
Ингушэнерго
-180
60

Статус данных
Просьба обратить внимание
— все данные не занесены
Факт
План
Итого – Факт
Отпуск в сеть 49 783 908
Отпуск из сети 45 718 992
Потери 4 064 916
Итого – План
Отпуск из сети 0
Потери 0
undefined undefined
Выполнение бизнес-плана в части показателя «Уровень потерь электроэнергии»
Показатели баланса электроэнергии по ДЗО – Факт 
57 256 396 3 856 981 9 778 647 3 075 072 476 306 6 843 010 462 838
55 054 236 3 645 880 8 867 734 2 922 288 421 425 6 355 760 417 011
2 202 160 211 102 910 913 152 783 54 881 487 250 45 827
Показатели баланса электроэнергии по ДЗО – План
58 806 842 4 033 660 10 346 741 3 272 134 504 635 7 177 213 489 942
56 540 011 3 775 836 9 338 688 3 030 349 444 962 6 646 123 429 434
2 266 831 257 824 1 008 053 241 785 59 673 531 090 60 508'

07-03-2025T05:14:14 - [TEST_STEP][PASSED] - if (urlText.contains("ошибка") || urlText.contains(searchWord) == false): null

07-03-2025T05:14:14 - [TEST_STEP][PASSED] - Script1686231490255.ZakrytOpoveshenie(): null

07-03-2025T05:14:14 - [TEST_STEP][PASSED] - opoveshenie = getText(findTestObject("Выполнение бизнес-плана/Просьба обратить внимание")): Text of object 'Object Repository/Выполнение бизнес-плана/Просьба обратить внимание' is: 'Просьба обратить внимание'

07-03-2025T05:14:14 - [MESSAGE][PASSED] - Text of object 'Object Repository/Выполнение бизнес-плана/Просьба обратить внимание' is: 'Просьба обратить внимание'

07-03-2025T05:14:14 - [TEST_STEP][PASSED] - println(opoveshenie): null

07-03-2025T05:14:14 - [TEST_STEP][PASSED] - if (opoveshenie == "Просьба обратить внимание"): Object: 'Object Repository/Выполнение бизнес-плана/Закрыть оповещение' is clicked on

07-03-2025T05:14:14 - [TEST_STEP][PASSED] - click(findTestObject("Выполнение бизнес-плана/Закрыть оповещение")): Object: 'Object Repository/Выполнение бизнес-плана/Закрыть оповещение' is clicked on

07-03-2025T05:14:14 - [MESSAGE][PASSED] - Object: 'Object Repository/Выполнение бизнес-плана/Закрыть оповещение' is clicked on

07-03-2025T05:14:14 - [TEST_STEP][PASSED] - click(findTestObject("Object Repository/Выполнение бизнес-плана/Фильтр Дата")): Object: 'Object Repository/Выполнение бизнес-плана/Фильтр Дата' is clicked on

07-03-2025T05:14:15 - [MESSAGE][PASSED] - Object: 'Object Repository/Выполнение бизнес-плана/Фильтр Дата' is clicked on

07-03-2025T05:14:15 - [TEST_STEP][PASSED] - click(findTestObject("Выполнение бизнес-плана/Снять выделение в фильтре Дата")): Object: 'Object Repository/Выполнение бизнес-плана/Снять выделение в фильтре Дата' is clicked on

07-03-2025T05:14:15 - [MESSAGE][PASSED] - Object: 'Object Repository/Выполнение бизнес-плана/Снять выделение в фильтре Дата' is clicked on

07-03-2025T05:14:15 - [TEST_STEP][PASSED] - click(findTestObject("Object Repository/Выполнение бизнес-плана/Применить в фильтре Дата")): Object: 'Object Repository/Выполнение бизнес-плана/Применить в фильтре Дата' is clicked on

07-03-2025T05:14:16 - [MESSAGE][PASSED] - Object: 'Object Repository/Выполнение бизнес-плана/Применить в фильтре Дата' is clicked on

07-03-2025T05:14:16 - [TEST_STEP][PASSED] - delay(70): Delayed 70 second(s)

07-03-2025T05:15:26 - [MESSAGE][PASSED] - Delayed 70 second(s)

07-03-2025T05:15:26 - [TEST_STEP][PASSED] - Script1686231490255.ZakrytOpoveshenie(): null

07-03-2025T05:15:26 - [TEST_STEP][PASSED] - opoveshenie = getText(findTestObject("Выполнение бизнес-плана/Просьба обратить внимание")): Text of object 'Object Repository/Выполнение бизнес-плана/Просьба обратить внимание' is: 'Просьба обратить внимание'

07-03-2025T05:15:26 - [MESSAGE][PASSED] - Text of object 'Object Repository/Выполнение бизнес-плана/Просьба обратить внимание' is: 'Просьба обратить внимание'

07-03-2025T05:15:26 - [TEST_STEP][PASSED] - println(opoveshenie): null

07-03-2025T05:15:26 - [TEST_STEP][PASSED] - if (opoveshenie == "Просьба обратить внимание"): Object: 'Object Repository/Выполнение бизнес-плана/Закрыть оповещение' is clicked on

07-03-2025T05:15:26 - [TEST_STEP][PASSED] - click(findTestObject("Выполнение бизнес-плана/Закрыть оповещение")): Object: 'Object Repository/Выполнение бизнес-плана/Закрыть оповещение' is clicked on

07-03-2025T05:15:27 - [MESSAGE][PASSED] - Object: 'Object Repository/Выполнение бизнес-плана/Закрыть оповещение' is clicked on

07-03-2025T05:15:27 - [TEST_STEP][PASSED] - click(findTestObject("Object Repository/Выполнение бизнес-плана/Фильтр Дата")): Object: 'Object Repository/Выполнение бизнес-плана/Фильтр Дата' is clicked on

07-03-2025T05:15:27 - [MESSAGE][PASSED] - Object: 'Object Repository/Выполнение бизнес-плана/Фильтр Дата' is clicked on

07-03-2025T05:15:27 - [TEST_STEP][PASSED] - scrollToElement(findTestObject("Выполнение бизнес-плана/2025 список"), 30): Scroll to object 'Object Repository/Выполнение бизнес-плана/2025 список' successfully

07-03-2025T05:15:28 - [MESSAGE][PASSED] - Scroll to object 'Object Repository/Выполнение бизнес-плана/2025 список' successfully

07-03-2025T05:15:28 - [TEST_STEP][PASSED] - click(findTestObject("Выполнение бизнес-плана/2025 список"), CONTINUE_ON_FAILURE): Object: 'Object Repository/Выполнение бизнес-плана/2025 список' is clicked on

07-03-2025T05:15:28 - [MESSAGE][PASSED] - Object: 'Object Repository/Выполнение бизнес-плана/2025 список' is clicked on

07-03-2025T05:15:28 - [TEST_STEP][PASSED] - scrollToElement(findTestObject("Выполнение бизнес-плана/1 квартал 2025 список"), 30): Scroll to object 'Object Repository/Выполнение бизнес-плана/1 квартал 2025 список' successfully

07-03-2025T05:15:29 - [MESSAGE][PASSED] - Scroll to object 'Object Repository/Выполнение бизнес-плана/1 квартал 2025 список' successfully

07-03-2025T05:15:29 - [TEST_STEP][PASSED] - click(findTestObject("Выполнение бизнес-плана/1 квартал 2025 список"), CONTINUE_ON_FAILURE): Object: 'Object Repository/Выполнение бизнес-плана/1 квартал 2025 список' is clicked on

07-03-2025T05:15:29 - [MESSAGE][PASSED] - Object: 'Object Repository/Выполнение бизнес-плана/1 квартал 2025 список' is clicked on

07-03-2025T05:15:29 - [TEST_STEP][PASSED] - click(findTestObject("Выполнение бизнес-плана/Январь 2025"), CONTINUE_ON_FAILURE): Object: 'Object Repository/Выполнение бизнес-плана/Январь 2025' is clicked on

07-03-2025T05:15:29 - [MESSAGE][PASSED] - Object: 'Object Repository/Выполнение бизнес-плана/Январь 2025' is clicked on

07-03-2025T05:15:29 - [TEST_STEP][PASSED] - scrollToElement(findTestObject("Выполнение бизнес-плана/Январь 2025"), 30): Scroll to object 'Object Repository/Выполнение бизнес-плана/Январь 2025' successfully

07-03-2025T05:15:30 - [MESSAGE][PASSED] - Scroll to object 'Object Repository/Выполнение бизнес-плана/Январь 2025' successfully

07-03-2025T05:15:30 - [TEST_STEP][PASSED] - click(findTestObject("Object Repository/Выполнение бизнес-плана/Применить в фильтре Дата")): Object: 'Object Repository/Выполнение бизнес-плана/Применить в фильтре Дата' is clicked on

07-03-2025T05:15:31 - [MESSAGE][PASSED] - Object: 'Object Repository/Выполнение бизнес-плана/Применить в фильтре Дата' is clicked on

07-03-2025T05:15:31 - [TEST_STEP][PASSED] - scrollToElement(findTestObject("Выполнение бизнес-плана/Заголовок дашборда"), 30): Scroll to object 'Object Repository/Выполнение бизнес-плана/Заголовок дашборда' successfully

07-03-2025T05:15:54 - [MESSAGE][PASSED] - Scroll to object 'Object Repository/Выполнение бизнес-плана/Заголовок дашборда' successfully

07-03-2025T05:15:54 - [TEST_STEP][PASSED] - delay(70): Delayed 70 second(s)

07-03-2025T05:17:04 - [MESSAGE][PASSED] - Delayed 70 second(s)

07-03-2025T05:17:04 - [TEST_STEP][PASSED] - Script1686231490255.ZakrytOpoveshenie(): null

07-03-2025T05:17:04 - [TEST_STEP][PASSED] - opoveshenie = getText(findTestObject("Выполнение бизнес-плана/Просьба обратить внимание")): Text of object 'Object Repository/Выполнение бизнес-плана/Просьба обратить внимание' is: 'Просьба обратить внимание'

07-03-2025T05:17:04 - [MESSAGE][PASSED] - Text of object 'Object Repository/Выполнение бизнес-плана/Просьба обратить внимание' is: 'Просьба обратить внимание'

07-03-2025T05:17:04 - [TEST_STEP][PASSED] - println(opoveshenie): null

07-03-2025T05:17:04 - [TEST_STEP][PASSED] - if (opoveshenie == "Просьба обратить внимание"): Object: 'Object Repository/Выполнение бизнес-плана/Закрыть оповещение' is clicked on

07-03-2025T05:17:04 - [TEST_STEP][PASSED] - click(findTestObject("Выполнение бизнес-плана/Закрыть оповещение")): Object: 'Object Repository/Выполнение бизнес-плана/Закрыть оповещение' is clicked on

07-03-2025T05:17:05 - [MESSAGE][PASSED] - Object: 'Object Repository/Выполнение бизнес-плана/Закрыть оповещение' is clicked on

07-03-2025T05:17:05 - [TEST_STEP][PASSED] - click(findTestObject("Object Repository/Выполнение бизнес-плана/Фильтр ДЗО")): Object: 'Object Repository/Выполнение бизнес-плана/Фильтр ДЗО' is clicked on

07-03-2025T05:17:05 - [MESSAGE][PASSED] - Object: 'Object Repository/Выполнение бизнес-плана/Фильтр ДЗО' is clicked on

07-03-2025T05:17:05 - [TEST_STEP][PASSED] - click(findTestObject("Выполнение бизнес-плана/Снять выделение в фильтре ДЗО")): Object: 'Object Repository/Выполнение бизнес-плана/Снять выделение в фильтре ДЗО' is clicked on

07-03-2025T05:17:06 - [MESSAGE][PASSED] - Object: 'Object Repository/Выполнение бизнес-плана/Снять выделение в фильтре ДЗО' is clicked on

07-03-2025T05:17:06 - [TEST_STEP][PASSED] - click(findTestObject("Выполнение бизнес-плана/ПАО Россети")): Object: 'Object Repository/Выполнение бизнес-плана/ПАО Россети' is clicked on

07-03-2025T05:17:06 - [MESSAGE][PASSED] - Object: 'Object Repository/Выполнение бизнес-плана/ПАО Россети' is clicked on

07-03-2025T05:17:06 - [TEST_STEP][PASSED] - click(findTestObject("Object Repository/Выполнение бизнес-плана/Применить в фильтре ДЗО")): Object: 'Object Repository/Выполнение бизнес-плана/Применить в фильтре ДЗО' is clicked on

07-03-2025T05:17:07 - [MESSAGE][PASSED] - Object: 'Object Repository/Выполнение бизнес-плана/Применить в фильтре ДЗО' is clicked on

07-03-2025T05:17:07 - [TEST_STEP][PASSED] - delay(70): Delayed 70 second(s)

07-03-2025T05:18:17 - [MESSAGE][PASSED] - Delayed 70 second(s)

07-03-2025T05:18:17 - [TEST_STEP][PASSED] - if (run == 1): null

07-03-2025T05:18:17 - [TEST_STEP][PASSED] - if (run == 2): null

07-03-2025T05:18:17 - [TEST_STEP][FAILED] - if (run == 3): null

07-03-2025T05:18:17 - [TEST_STEP][PASSED] - user = "Попова": null

07-03-2025T05:18:17 - [TEST_STEP][PASSED] - a1 = getText(findTestObject("Выполнение бизнес-плана/Проценты")): Text of object 'Object Repository/Выполнение бизнес-плана/Проценты' is: '%
5.23 5.23
8.17 8.17
План
Факт
1
100'

07-03-2025T05:18:17 - [MESSAGE][PASSED] - Text of object 'Object Repository/Выполнение бизнес-плана/Проценты' is: '%
5.23 5.23
8.17 8.17
План
Факт
1
100'

07-03-2025T05:18:17 - [TEST_STEP][PASSED] - a2 = getText(findTestObject("Выполнение бизнес-плана/vidget 2")): Text of object 'Object Repository/Выполнение бизнес-плана/vidget 2' is: 'Россети ФСК ЕЭС
Россети Волга
Россети Московский регион
Россети Северо-Запад
Россети Томск
Россети Урал (ГК)
Россети Янтарь
0
10
20
30
40
50
60
70'

07-03-2025T05:18:18 - [MESSAGE][PASSED] - Text of object 'Object Repository/Выполнение бизнес-плана/vidget 2' is: 'Россети ФСК ЕЭС
Россети Волга
Россети Московский регион
Россети Северо-Запад
Россети Томск
Россети Урал (ГК)
Россети Янтарь
0
10
20
30
40
50
60
70'

07-03-2025T05:18:18 - [TEST_STEP][FAILED] - a3 = getText(findTestObject("Выполнение бизнес-плана/table")): Unable to get text of object 'Object Repository/Выполнение бизнес-плана/table' (Root cause: com.kms.katalon.core.exception.StepFailedException: Unable to get text of object 'Object Repository/Выполнение бизнес-плана/table'
	at com.kms.katalon.core.webui.keyword.internal.WebUIKeywordMain.stepFailed(WebUIKeywordMain.groovy:64)
	at com.kms.katalon.core.webui.keyword.internal.WebUIKeywordMain.runKeyword(WebUIKeywordMain.groovy:26)
	at com.kms.katalon.core.webui.keyword.builtin.GetTextKeyword.getText(GetTextKeyword.groovy:88)
	at com.kms.katalon.core.webui.keyword.builtin.GetTextKeyword.execute(GetTextKeyword.groovy:67)
	at com.kms.katalon.core.keyword.internal.KeywordExecutor.executeKeywordForPlatform(KeywordExecutor.groovy:74)
	at com.kms.katalon.core.webui.keyword.WebUiBuiltInKeywords.getText(WebUiBuiltInKeywords.groovy:957)
	at Блок руководителя сверка дашбордов под разными учётками.VipolnenieBiznesPlana(Блок руководителя сверка дашбордов под разными учётками:348)
	at Блок руководителя сверка дашбордов под разными учётками.run(Блок руководителя сверка дашбордов под разными учётками:52)
	at com.kms.katalon.core.main.ScriptEngine.run(ScriptEngine.java:194)
	at com.kms.katalon.core.main.ScriptEngine.runScriptAsRawText(ScriptEngine.java:119)
	at com.kms.katalon.core.main.TestCaseExecutor.runScript(TestCaseExecutor.java:448)
	at com.kms.katalon.core.main.TestCaseExecutor.doExecute(TestCaseExecutor.java:439)
	at com.kms.katalon.core.main.TestCaseExecutor.processExecutionPhase(TestCaseExecutor.java:418)
	at com.kms.katalon.core.main.TestCaseExecutor.accessMainPhase(TestCaseExecutor.java:410)
	at com.kms.katalon.core.main.TestCaseExecutor.execute(TestCaseExecutor.java:285)
	at com.kms.katalon.core.common.CommonExecutor.accessTestCaseMainPhase(CommonExecutor.java:65)
	at com.kms.katalon.core.main.TestSuiteExecutor.accessTestSuiteMainPhase(TestSuiteExecutor.java:150)
	at com.kms.katalon.core.main.TestSuiteExecutor.execute(TestSuiteExecutor.java:106)
	at com.kms.katalon.core.main.TestCaseMain.startTestSuite(TestCaseMain.java:180)
	at TempTestSuite1741312418653.run(TempTestSuite1741312418653.groovy:35)
	at java.base/jdk.internal.reflect.NativeMethodAccessorImpl.invoke0(Native Method)
	at java.base/jdk.internal.reflect.NativeMethodAccessorImpl.invoke(NativeMethodAccessorImpl.java:77)
	at java.base/jdk.internal.reflect.DelegatingMethodAccessorImpl.invoke(DelegatingMethodAccessorImpl.java:43)
Caused by: com.kms.katalon.core.webui.exception.WebElementNotFoundException: Web element with id: 'Object Repository/Выполнение бизнес-плана/table' located by '//div[@id='grid-25be55ef81e941d9a5e47136b644a838']' not found
	at com.kms.katalon.core.webui.common.WebUiCommonHelper.findWebElement(WebUiCommonHelper.java:1426)
	at com.kms.katalon.core.webui.keyword.internal.WebUIAbstractKeyword.findWebElement(WebUIAbstractKeyword.groovy:27)
	at com.kms.katalon.core.webui.keyword.internal.WebUIAbstractKeyword.findWebElement(WebUIAbstractKeyword.groovy:26)
	at com.kms.katalon.core.webui.keyword.builtin.GetTextKeyword$_getText_closure1.doCall(GetTextKeyword.groovy:78)
	at com.kms.katalon.core.webui.keyword.builtin.GetTextKeyword$_getText_closure1.call(GetTextKeyword.groovy)
	at com.kms.katalon.core.webui.keyword.internal.WebUIKeywordMain.runKeyword(WebUIKeywordMain.groovy:20)
	at com.kms.katalon.core.webui.keyword.builtin.GetTextKeyword.getText(GetTextKeyword.groovy:88)
	at com.kms.katalon.core.webui.keyword.builtin.GetTextKeyword.execute(GetTextKeyword.groovy:67)
	at com.kms.katalon.core.keyword.internal.KeywordExecutor.executeKeywordForPlatform(KeywordExecutor.groovy:74)
	at com.kms.katalon.core.webui.keyword.WebUiBuiltInKeywords.getText(WebUiBuiltInKeywords.groovy:957)
	at Script1686231490255.VipolnenieBiznesPlana(Script1686231490255.groovy:348)
	at Script1686231490255.run(Script1686231490255.groovy:52)
	... 15 more
)

07-03-2025T05:18:49 - [MESSAGE][INFO] - Unable to find the element located by 'By.xpath: //div[@id='grid-25be55ef81e941d9a5e47136b644a838']'. Please recheck the objects properties to make sure the desired element is located. 

07-03-2025T05:18:49 - [MESSAGE][FAILED] - Unable to get text of object 'Object Repository/Выполнение бизнес-плана/table' (Root cause: com.kms.katalon.core.exception.StepFailedException: Unable to get text of object 'Object Repository/Выполнение бизнес-плана/table'
	at com.kms.katalon.core.webui.keyword.internal.WebUIKeywordMain.stepFailed(WebUIKeywordMain.groovy:64)
	at com.kms.katalon.core.webui.keyword.internal.WebUIKeywordMain.runKeyword(WebUIKeywordMain.groovy:26)
	at com.kms.katalon.core.webui.keyword.builtin.GetTextKeyword.getText(GetTextKeyword.groovy:88)
	at com.kms.katalon.core.webui.keyword.builtin.GetTextKeyword.execute(GetTextKeyword.groovy:67)
	at com.kms.katalon.core.keyword.internal.KeywordExecutor.executeKeywordForPlatform(KeywordExecutor.groovy:74)
	at com.kms.katalon.core.webui.keyword.WebUiBuiltInKeywords.getText(WebUiBuiltInKeywords.groovy:957)
	at Блок руководителя сверка дашбордов под разными учётками.VipolnenieBiznesPlana(Блок руководителя сверка дашбордов под разными учётками:348)
	at Блок руководителя сверка дашбордов под разными учётками.run(Блок руководителя сверка дашбордов под разными учётками:52)
	at com.kms.katalon.core.main.ScriptEngine.run(ScriptEngine.java:194)
	at com.kms.katalon.core.main.ScriptEngine.runScriptAsRawText(ScriptEngine.java:119)
	at com.kms.katalon.core.main.TestCaseExecutor.runScript(TestCaseExecutor.java:448)
	at com.kms.katalon.core.main.TestCaseExecutor.doExecute(TestCaseExecutor.java:439)
	at com.kms.katalon.core.main.TestCaseExecutor.processExecutionPhase(TestCaseExecutor.java:418)
	at com.kms.katalon.core.main.TestCaseExecutor.accessMainPhase(TestCaseExecutor.java:410)
	at com.kms.katalon.core.main.TestCaseExecutor.execute(TestCaseExecutor.java:285)
	at com.kms.katalon.core.common.CommonExecutor.accessTestCaseMainPhase(CommonExecutor.java:65)
	at com.kms.katalon.core.main.TestSuiteExecutor.accessTestSuiteMainPhase(TestSuiteExecutor.java:150)
	at com.kms.katalon.core.main.TestSuiteExecutor.execute(TestSuiteExecutor.java:106)
	at com.kms.katalon.core.main.TestCaseMain.startTestSuite(TestCaseMain.java:180)
	at TempTestSuite1741312418653.run(TempTestSuite1741312418653.groovy:35)
	at java.base/jdk.internal.reflect.NativeMethodAccessorImpl.invoke0(Native Method)
	at java.base/jdk.internal.reflect.NativeMethodAccessorImpl.invoke(NativeMethodAccessorImpl.java:77)
	at java.base/jdk.internal.reflect.DelegatingMethodAccessorImpl.invoke(DelegatingMethodAccessorImpl.java:43)
Caused by: com.kms.katalon.core.webui.exception.WebElementNotFoundException: Web element with id: 'Object Repository/Выполнение бизнес-плана/table' located by '//div[@id='grid-25be55ef81e941d9a5e47136b644a838']' not found
	at com.kms.katalon.core.webui.common.WebUiCommonHelper.findWebElement(WebUiCommonHelper.java:1426)
	at com.kms.katalon.core.webui.keyword.internal.WebUIAbstractKeyword.findWebElement(WebUIAbstractKeyword.groovy:27)
	at com.kms.katalon.core.webui.keyword.internal.WebUIAbstractKeyword.findWebElement(WebUIAbstractKeyword.groovy:26)
	at com.kms.katalon.core.webui.keyword.builtin.GetTextKeyword$_getText_closure1.doCall(GetTextKeyword.groovy:78)
	at com.kms.katalon.core.webui.keyword.builtin.GetTextKeyword$_getText_closure1.call(GetTextKeyword.groovy)
	at com.kms.katalon.core.webui.keyword.internal.WebUIKeywordMain.runKeyword(WebUIKeywordMain.groovy:20)
	at com.kms.katalon.core.webui.keyword.builtin.GetTextKeyword.getText(GetTextKeyword.groovy:88)
	at com.kms.katalon.core.webui.keyword.builtin.GetTextKeyword.execute(GetTextKeyword.groovy:67)
	at com.kms.katalon.core.keyword.internal.KeywordExecutor.executeKeywordForPlatform(KeywordExecutor.groovy:74)
	at com.kms.katalon.core.webui.keyword.WebUiBuiltInKeywords.getText(WebUiBuiltInKeywords.groovy:957)
	at Script1686231490255.VipolnenieBiznesPlana(Script1686231490255.groovy:348)
	at Script1686231490255.run(Script1686231490255.groovy:52)
	... 15 more
)
[[ATTACHMENT|C:\\Users\\LIAZGINA-DI\\git\\SPORU\\Reports\\20250307_045338\\\u041F\u043D-\u0421\u0440-\u041F\u0442\\\u0421\u0432\u0435\u0440\u043A\u0430 \u0434\u0430\u0448\u0431\u043E\u0440\u0434\u043E\u0432 \u0438\u0437 \u0440\u0430\u0437\u043D\u044B\u0445 \u0431\u043B\u043E\u043A\u043E\u0432\\20250307_045338\\1741313929318.png]]

07-03-2025T05:18:49 - [TEST_STEP][PASSED] - a4 = getText(findTestObject("Выполнение бизнес-плана/Список ДЗО")): Text of object 'Object Repository/Выполнение бизнес-плана/Список ДЗО' is: '-0.01
-0.92
-0.43
-2.42
-0.30
-0.28
-2.45
Россети ФСК ЕЭС
Россети Волга
Россети Московский регион
Россети Северо-Запад
Россети Томск
Россети Урал (ГК)
Россети Янтарь
-4
-2
0
2
4
6
8'

07-03-2025T05:18:49 - [MESSAGE][PASSED] - Text of object 'Object Repository/Выполнение бизнес-плана/Список ДЗО' is: '-0.01
-0.92
-0.43
-2.42
-0.30
-0.28
-2.45
Россети ФСК ЕЭС
Россети Волга
Россети Московский регион
Россети Северо-Запад
Россети Томск
Россети Урал (ГК)
Россети Янтарь
-4
-2
0
2
4
6
8'

07-03-2025T05:18:49 - [TEST_STEP][PASSED] - a5 = getText(findTestObject("Выполнение бизнес-плана/svg1")): Text of object 'Object Repository/Выполнение бизнес-плана/svg1' is: '%
5.23 5.23
8.17 8.17
План
Факт
1
100'

07-03-2025T05:18:50 - [MESSAGE][PASSED] - Text of object 'Object Repository/Выполнение бизнес-плана/svg1' is: '%
5.23 5.23
8.17 8.17
План
Факт
1
100'

07-03-2025T05:18:50 - [TEST_STEP][PASSED] - a6 = getText(findTestObject("Выполнение бизнес-плана/svg2")): Text of object 'Object Repository/Выполнение бизнес-плана/svg2' is: 'п.п.
2.94
Итого
0
1
2
3
4'

07-03-2025T05:18:50 - [MESSAGE][PASSED] - Text of object 'Object Repository/Выполнение бизнес-плана/svg2' is: 'п.п.
2.94
Итого
0
1
2
3
4'

07-03-2025T05:18:50 - [TEST_STEP][PASSED] - a7 = getText(findTestObject("Выполнение бизнес-плана/Значения со страницы Выполнение бизнес-плана/Факт Отпуск в сеть за отчётный период ПАО Россети")): Text of object 'Object Repository/Выполнение бизнес-плана/Значения со страницы Выполнение бизнес-плана/Факт Отпуск в сеть за отчётный период ПАО Россети' is: ''

07-03-2025T05:18:50 - [MESSAGE][PASSED] - Text of object 'Object Repository/Выполнение бизнес-плана/Значения со страницы Выполнение бизнес-плана/Факт Отпуск в сеть за отчётный период ПАО Россети' is: ''

07-03-2025T05:18:50 - [TEST_STEP][PASSED] - a8 = getText(findTestObject("Выполнение бизнес-плана/Значения со страницы Выполнение бизнес-плана/Факт Отпуск из сети за отчётный период ПАО Россети")): Text of object 'Object Repository/Выполнение бизнес-плана/Значения со страницы Выполнение бизнес-плана/Факт Отпуск из сети за отчётный период ПАО Россети' is: '0'

07-03-2025T05:18:50 - [MESSAGE][PASSED] - Text of object 'Object Repository/Выполнение бизнес-плана/Значения со страницы Выполнение бизнес-плана/Факт Отпуск из сети за отчётный период ПАО Россети' is: '0'

07-03-2025T05:18:50 - [TEST_STEP][PASSED] - a9 = getText(findTestObject("Выполнение бизнес-плана/Значения со страницы Выполнение бизнес-плана/Факт Потери за отчётный период ПАО Россети")): Text of object 'Object Repository/Выполнение бизнес-плана/Значения со страницы Выполнение бизнес-плана/Факт Потери за отчётный период ПАО Россети' is: '0'

07-03-2025T05:18:51 - [MESSAGE][PASSED] - Text of object 'Object Repository/Выполнение бизнес-плана/Значения со страницы Выполнение бизнес-плана/Факт Потери за отчётный период ПАО Россети' is: '0'

07-03-2025T05:18:51 - [TEST_STEP][PASSED] - n = n + 2: null

07-03-2025T05:18:51 - [TEST_STEP][PASSED] - b = data.getRowNumbers() + 1: null

07-03-2025T05:18:51 - [TEST_STEP][PASSED] - verifyEqual(findTestData("PlanFact").getValue(2, b), a1): Actual object '%
5.23 5.23
8.17 8.17
План
Факт
1
100' and expected object '%
5.23 5.23
8.17 8.17
План
Факт
1
100' are equal

07-03-2025T05:18:51 - [MESSAGE][PASSED] - Actual object '%
5.23 5.23
8.17 8.17
План
Факт
1
100' and expected object '%
5.23 5.23
8.17 8.17
План
Факт
1
100' are equal

07-03-2025T05:18:51 - [TEST_STEP][PASSED] - verifyEqual(findTestData("PlanFact").getValue(3, b), a2): Actual object 'Россети ФСК ЕЭС
Россети Волга
Россети Московский регион
Россети Северо-Запад
Россети Томск
Россети Урал (ГК)
Россети Янтарь
0
10
20
30
40
50
60
70' and expected object 'Россети ФСК ЕЭС
Россети Волга
Россети Московский регион
Россети Северо-Запад
Россети Томск
Россети Урал (ГК)
Россети Янтарь
0
10
20
30
40
50
60
70' are equal

07-03-2025T05:18:51 - [MESSAGE][PASSED] - Actual object 'Россети ФСК ЕЭС
Россети Волга
Россети Московский регион
Россети Северо-Запад
Россети Томск
Россети Урал (ГК)
Россети Янтарь
0
10
20
30
40
50
60
70' and expected object 'Россети ФСК ЕЭС
Россети Волга
Россети Московский регион
Россети Северо-Запад
Россети Томск
Россети Урал (ГК)
Россети Янтарь
0
10
20
30
40
50
60
70' are equal

07-03-2025T05:18:51 - [TEST_STEP][FAILED] - verifyEqual(findTestData("PlanFact").getValue(4, b), a3): Unable to verify equal between actual object '' and expected object 'null' (Root cause: com.kms.katalon.core.exception.StepFailedException: Actual object '' and expected object 'null' are not equal
	at com.kms.katalon.core.keyword.builtin.VerifyEqualKeyword$_verifyEqual_closure1.doCall(VerifyEqualKeyword.groovy:58)
	at com.kms.katalon.core.keyword.builtin.VerifyEqualKeyword$_verifyEqual_closure1.call(VerifyEqualKeyword.groovy)
	at com.kms.katalon.core.keyword.internal.KeywordMain.runKeyword(KeywordMain.groovy:75)
	at com.kms.katalon.core.keyword.builtin.VerifyEqualKeyword.verifyEqual(VerifyEqualKeyword.groovy:63)
	at com.kms.katalon.core.keyword.builtin.VerifyEqualKeyword.execute(VerifyEqualKeyword.groovy:44)
	at com.kms.katalon.core.keyword.internal.KeywordExecutor.executeKeywordForPlatform(KeywordExecutor.groovy:74)
	at com.kms.katalon.core.keyword.BuiltinKeywords.verifyEqual(BuiltinKeywords.groovy:146)
	at java.base/jdk.internal.reflect.NativeMethodAccessorImpl.invoke0(Native Method)
	at java.base/jdk.internal.reflect.NativeMethodAccessorImpl.invoke(NativeMethodAccessorImpl.java:77)
	at java.base/jdk.internal.reflect.DelegatingMethodAccessorImpl.invoke(DelegatingMethodAccessorImpl.java:43)
	at Блок руководителя сверка дашбордов под разными учётками.VipolnenieBiznesPlana(Блок руководителя сверка дашбордов под разными учётками:370)
	at Блок руководителя сверка дашбордов под разными учётками.run(Блок руководителя сверка дашбордов под разными учётками:52)
	at com.kms.katalon.core.main.ScriptEngine.run(ScriptEngine.java:194)
	at com.kms.katalon.core.main.ScriptEngine.runScriptAsRawText(ScriptEngine.java:119)
	at com.kms.katalon.core.main.TestCaseExecutor.runScript(TestCaseExecutor.java:448)
	at com.kms.katalon.core.main.TestCaseExecutor.doExecute(TestCaseExecutor.java:439)
	at com.kms.katalon.core.main.TestCaseExecutor.processExecutionPhase(TestCaseExecutor.java:418)
	at com.kms.katalon.core.main.TestCaseExecutor.accessMainPhase(TestCaseExecutor.java:410)
	at com.kms.katalon.core.main.TestCaseExecutor.execute(TestCaseExecutor.java:285)
	at com.kms.katalon.core.common.CommonExecutor.accessTestCaseMainPhase(CommonExecutor.java:65)
	at com.kms.katalon.core.main.TestSuiteExecutor.accessTestSuiteMainPhase(TestSuiteExecutor.java:150)
	at com.kms.katalon.core.main.TestSuiteExecutor.execute(TestSuiteExecutor.java:106)
	at com.kms.katalon.core.main.TestCaseMain.startTestSuite(TestCaseMain.java:180)
	at TempTestSuite1741312418653.run(TempTestSuite1741312418653.groovy:35)
	at java.base/jdk.internal.reflect.NativeMethodAccessorImpl.invoke0(Native Method)
	at java.base/jdk.internal.reflect.NativeMethodAccessorImpl.invoke(NativeMethodAccessorImpl.java:77)
	at java.base/jdk.internal.reflect.DelegatingMethodAccessorImpl.invoke(DelegatingMethodAccessorImpl.java:43)
)

07-03-2025T05:18:51 - [MESSAGE][FAILED] - Unable to verify equal between actual object '' and expected object 'null' (Root cause: com.kms.katalon.core.exception.StepFailedException: Actual object '' and expected object 'null' are not equal
	at com.kms.katalon.core.keyword.builtin.VerifyEqualKeyword$_verifyEqual_closure1.doCall(VerifyEqualKeyword.groovy:58)
	at com.kms.katalon.core.keyword.builtin.VerifyEqualKeyword$_verifyEqual_closure1.call(VerifyEqualKeyword.groovy)
	at com.kms.katalon.core.keyword.internal.KeywordMain.runKeyword(KeywordMain.groovy:75)
	at com.kms.katalon.core.keyword.builtin.VerifyEqualKeyword.verifyEqual(VerifyEqualKeyword.groovy:63)
	at com.kms.katalon.core.keyword.builtin.VerifyEqualKeyword.execute(VerifyEqualKeyword.groovy:44)
	at com.kms.katalon.core.keyword.internal.KeywordExecutor.executeKeywordForPlatform(KeywordExecutor.groovy:74)
	at com.kms.katalon.core.keyword.BuiltinKeywords.verifyEqual(BuiltinKeywords.groovy:146)
	at java.base/jdk.internal.reflect.NativeMethodAccessorImpl.invoke0(Native Method)
	at java.base/jdk.internal.reflect.NativeMethodAccessorImpl.invoke(NativeMethodAccessorImpl.java:77)
	at java.base/jdk.internal.reflect.DelegatingMethodAccessorImpl.invoke(DelegatingMethodAccessorImpl.java:43)
	at Блок руководителя сверка дашбордов под разными учётками.VipolnenieBiznesPlana(Блок руководителя сверка дашбордов под разными учётками:370)
	at Блок руководителя сверка дашбордов под разными учётками.run(Блок руководителя сверка дашбордов под разными учётками:52)
	at com.kms.katalon.core.main.ScriptEngine.run(ScriptEngine.java:194)
	at com.kms.katalon.core.main.ScriptEngine.runScriptAsRawText(ScriptEngine.java:119)
	at com.kms.katalon.core.main.TestCaseExecutor.runScript(TestCaseExecutor.java:448)
	at com.kms.katalon.core.main.TestCaseExecutor.doExecute(TestCaseExecutor.java:439)
	at com.kms.katalon.core.main.TestCaseExecutor.processExecutionPhase(TestCaseExecutor.java:418)
	at com.kms.katalon.core.main.TestCaseExecutor.accessMainPhase(TestCaseExecutor.java:410)
	at com.kms.katalon.core.main.TestCaseExecutor.execute(TestCaseExecutor.java:285)
	at com.kms.katalon.core.common.CommonExecutor.accessTestCaseMainPhase(CommonExecutor.java:65)
	at com.kms.katalon.core.main.TestSuiteExecutor.accessTestSuiteMainPhase(TestSuiteExecutor.java:150)
	at com.kms.katalon.core.main.TestSuiteExecutor.execute(TestSuiteExecutor.java:106)
	at com.kms.katalon.core.main.TestCaseMain.startTestSuite(TestCaseMain.java:180)
	at TempTestSuite1741312418653.run(TempTestSuite1741312418653.groovy:35)
	at java.base/jdk.internal.reflect.NativeMethodAccessorImpl.invoke0(Native Method)
	at java.base/jdk.internal.reflect.NativeMethodAccessorImpl.invoke(NativeMethodAccessorImpl.java:77)
	at java.base/jdk.internal.reflect.DelegatingMethodAccessorImpl.invoke(DelegatingMethodAccessorImpl.java:43)
)

07-03-2025T05:18:51 - [TEST_STEP][PASSED] - verifyEqual(findTestData("PlanFact").getValue(5, b), a4): Actual object '-0.01
-0.92
-0.43
-2.42
-0.30
-0.28
-2.45
Россети ФСК ЕЭС
Россети Волга
Россети Московский регион
Россети Северо-Запад
Россети Томск
Россети Урал (ГК)
Россети Янтарь
-4
-2
0
2
4
6
8' and expected object '-0.01
-0.92
-0.43
-2.42
-0.30
-0.28
-2.45
Россети ФСК ЕЭС
Россети Волга
Россети Московский регион
Россети Северо-Запад
Россети Томск
Россети Урал (ГК)
Россети Янтарь
-4
-2
0
2
4
6
8' are equal

07-03-2025T05:18:51 - [MESSAGE][PASSED] - Actual object '-0.01
-0.92
-0.43
-2.42
-0.30
-0.28
-2.45
Россети ФСК ЕЭС
Россети Волга
Россети Московский регион
Россети Северо-Запад
Россети Томск
Россети Урал (ГК)
Россети Янтарь
-4
-2
0
2
4
6
8' and expected object '-0.01
-0.92
-0.43
-2.42
-0.30
-0.28
-2.45
Россети ФСК ЕЭС
Россети Волга
Россети Московский регион
Россети Северо-Запад
Россети Томск
Россети Урал (ГК)
Россети Янтарь
-4
-2
0
2
4
6
8' are equal

07-03-2025T05:18:51 - [TEST_STEP][PASSED] - verifyEqual(findTestData("PlanFact").getValue(6, b), a5): Actual object '%
5.23 5.23
8.17 8.17
План
Факт
1
100' and expected object '%
5.23 5.23
8.17 8.17
План
Факт
1
100' are equal

07-03-2025T05:18:51 - [MESSAGE][PASSED] - Actual object '%
5.23 5.23
8.17 8.17
План
Факт
1
100' and expected object '%
5.23 5.23
8.17 8.17
План
Факт
1
100' are equal

07-03-2025T05:18:51 - [TEST_STEP][PASSED] - verifyEqual(findTestData("PlanFact").getValue(7, b), a6): Actual object 'п.п.
2.94
Итого
0
1
2
3
4' and expected object 'п.п.
2.94
Итого
0
1
2
3
4' are equal

07-03-2025T05:18:51 - [MESSAGE][PASSED] - Actual object 'п.п.
2.94
Итого
0
1
2
3
4' and expected object 'п.п.
2.94
Итого
0
1
2
3
4' are equal

07-03-2025T05:18:51 - [TEST_STEP][PASSED] - verifyEqual(findTestData("PlanFact").getValue(8, b), a7): Actual object '' and expected object '' are equal

07-03-2025T05:18:51 - [MESSAGE][PASSED] - Actual object '' and expected object '' are equal

07-03-2025T05:18:51 - [TEST_STEP][PASSED] - verifyEqual(findTestData("PlanFact").getValue(9, b), a8): Actual object '0' and expected object '0' are equal

07-03-2025T05:18:51 - [MESSAGE][PASSED] - Actual object '0' and expected object '0' are equal

07-03-2025T05:18:51 - [TEST_STEP][PASSED] - verifyEqual(findTestData("PlanFact").getValue(10, b), a9): Actual object '0' and expected object '0' are equal

07-03-2025T05:18:51 - [MESSAGE][PASSED] - Actual object '0' and expected object '0' are equal

07-03-2025T05:18:51 - [TEST_STEP][PASSED] - Script1686231490255.WriteToExcel(user, dashboardName, n, data, run, a1, a2, a3, a4, a5, a6, a7, a8, a9): null

07-03-2025T05:18:51 - [TEST_STEP][PASSED] - sheetName = "Sheet1": null

07-03-2025T05:18:51 - [TEST_STEP][PASSED] - workbook01 = getWorkbook(excelFilePath): null

07-03-2025T05:18:51 - [TEST_STEP][PASSED] - sheet01 = getExcelSheet(workbook01, sheetName): null

07-03-2025T05:18:51 - [TEST_STEP][PASSED] - setValueToCellByIndex(sheet01, n, 0, dashboardName): null

07-03-2025T05:18:51 - [TEST_STEP][PASSED] - setValueToCellByIndex(sheet01, n, 10, user): null

07-03-2025T05:18:51 - [TEST_STEP][PASSED] - setValueToCellByIndex(sheet01, n, 1, a1): null

07-03-2025T05:18:51 - [TEST_STEP][PASSED] - setValueToCellByIndex(sheet01, n, 2, a2): null

07-03-2025T05:18:51 - [TEST_STEP][PASSED] - setValueToCellByIndex(sheet01, n, 3, a3): null

07-03-2025T05:18:51 - [TEST_STEP][PASSED] - setValueToCellByIndex(sheet01, n, 4, a4): null

07-03-2025T05:18:51 - [TEST_STEP][PASSED] - setValueToCellByIndex(sheet01, n, 5, a5): null

07-03-2025T05:18:51 - [TEST_STEP][PASSED] - setValueToCellByIndex(sheet01, n, 6, a6): null

07-03-2025T05:18:51 - [TEST_STEP][PASSED] - setValueToCellByIndex(sheet01, n, 7, a7): null

07-03-2025T05:18:51 - [TEST_STEP][PASSED] - setValueToCellByIndex(sheet01, n, 8, a8): null

07-03-2025T05:18:51 - [TEST_STEP][PASSED] - setValueToCellByIndex(sheet01, n, 9, a9): null

07-03-2025T05:18:51 - [TEST_STEP][PASSED] - n = n + 1: null

07-03-2025T05:18:51 - [TEST_STEP][PASSED] - saveWorkbook(excelFilePath, workbook01): null

07-03-2025T05:18:52 - [TEST_STEP][PASSED] - closeBrowser(): Browser is closed

07-03-2025T05:18:52 - [MESSAGE][PASSED] - Browser is closed

07-03-2025T05:18:52 - [TEST_STEP][PASSED] - delay(70): Delayed 70 second(s)

07-03-2025T05:20:02 - [MESSAGE][PASSED] - Delayed 70 second(s)

07-03-2025T05:20:02 - [TEST_STEP][PASSED] - for ([run = 1, run < 4, (run++)]): null

07-03-2025T05:20:02 - [TEST_STEP][PASSED] - ViruchkaVRublyah(user, dashboardName, n, data, run, a1, a2, a3, a4, a5, a6, a7, a8, a9, urlData): null

07-03-2025T05:20:02 - [TEST_STEP][PASSED] - n = data.getRowNumbers() + 1: null

07-03-2025T05:20:02 - [TEST_STEP][PASSED] - println(n): null

07-03-2025T05:20:02 - [TEST_STEP][PASSED] - dashboardName = "Вырука в рублях": null

07-03-2025T05:20:02 - [TEST_STEP][PASSED] - openBrowser(""): Browser is opened with url: ''

07-03-2025T05:20:02 - [MESSAGE][INFO] - Starting 'Chrome' driver

07-03-2025T05:20:02 - [MESSAGE][INFO] - Action delay is set to 0 milliseconds

07-03-2025T05:20:03 - [MESSAGE][PASSED] - Browser is opened with url: ''

07-03-2025T05:20:03 - [TEST_STEP][PASSED] - urlData = 2: null

07-03-2025T05:20:03 - [TEST_STEP][PASSED] - Script1686231490255.CheckPageDownload(urlData, run): null

07-03-2025T05:20:03 - [TEST_STEP][PASSED] - i = 1: null

07-03-2025T05:20:03 - [TEST_STEP][PASSED] - ii = 0: null

07-03-2025T05:20:03 - [TEST_STEP][PASSED] - urlText = <not implemented yet for class: org.codehaus.groovy.ast.expr.EmptyExpression>: null

07-03-2025T05:20:03 - [TEST_STEP][PASSED] - searchWord = <not implemented yet for class: org.codehaus.groovy.ast.expr.EmptyExpression>: null

07-03-2025T05:20:03 - [TEST_STEP][PASSED] - deleteAllCookies(): Delete all cookies successfully

07-03-2025T05:20:03 - [MESSAGE][PASSED] - Delete all cookies successfully

07-03-2025T05:20:03 - [TEST_STEP][PASSED] - refresh(): Refresh successfully

07-03-2025T05:20:03 - [MESSAGE][PASSED] - Refresh successfully

07-03-2025T05:20:03 - [TEST_STEP][PASSED] - delay(70): Delayed 70 second(s)

07-03-2025T05:21:13 - [MESSAGE][PASSED] - Delayed 70 second(s)

07-03-2025T05:21:13 - [TEST_STEP][PASSED] - navigateToUrl(findTestData("PlanFact").getValue(10, urlData)): Navigate to 'https://bi.rosseti.digital/viewer?dashboardGuid=2301950b23be4ed89c1df75f2020051e&sheetGuid=b723206f698544fb87299f3095c00435&fit=true' successfully

07-03-2025T05:21:17 - [MESSAGE][PASSED] - Navigate to 'https://bi.rosseti.digital/viewer?dashboardGuid=2301950b23be4ed89c1df75f2020051e&sheetGuid=b723206f698544fb87299f3095c00435&fit=true' successfully

07-03-2025T05:21:17 - [TEST_STEP][PASSED] - pageLoaded1 = verifyElementPresent(findTestObject("Страница авторизации/Text"), 30): Object 'Object Repository/Страница авторизации/Text' is present

07-03-2025T05:21:19 - [MESSAGE][PASSED] - Object 'Object Repository/Страница авторизации/Text' is present

07-03-2025T05:21:19 - [TEST_STEP][PASSED] - if (pageLoaded1 == false): null

07-03-2025T05:21:19 - [TEST_STEP][PASSED] - urlText = getText(findTestObject("Страница авторизации/Text")): Text of object 'Object Repository/Страница авторизации/Text' is: 'Вход'

07-03-2025T05:21:19 - [MESSAGE][PASSED] - Text of object 'Object Repository/Страница авторизации/Text' is: 'Вход'

07-03-2025T05:21:19 - [TEST_STEP][PASSED] - delay(70): Delayed 70 second(s)

07-03-2025T05:22:29 - [MESSAGE][PASSED] - Delayed 70 second(s)

07-03-2025T05:22:29 - [TEST_STEP][PASSED] - searchWord = "Вход": null

07-03-2025T05:22:29 - [TEST_STEP][PASSED] - if (urlText.contains(searchWord) == false): null

07-03-2025T05:22:29 - [TEST_STEP][PASSED] - setText(findTestObject("Страница авторизации/input__username"), findTestData("PlanFact").getValue(8, run)): Text 'liazgina-di' is set on object 'Object Repository/Страница авторизации/input__username'

07-03-2025T05:22:30 - [MESSAGE][PASSED] - Text 'liazgina-di' is set on object 'Object Repository/Страница авторизации/input__username'

07-03-2025T05:22:30 - [TEST_STEP][PASSED] - setText(findTestObject("Страница авторизации/input__password"), findTestData("PlanFact").getValue(9, run)): Text ')$%5srZ8o688Dm#q' is set on object 'Object Repository/Страница авторизации/input__password'

07-03-2025T05:22:30 - [MESSAGE][PASSED] - Text ')$%5srZ8o688Dm#q' is set on object 'Object Repository/Страница авторизации/input__password'

07-03-2025T05:22:30 - [TEST_STEP][PASSED] - click(findTestObject("Страница авторизации/button_")): Object: 'Object Repository/Страница авторизации/button_' is clicked on

07-03-2025T05:22:32 - [MESSAGE][PASSED] - Object: 'Object Repository/Страница авторизации/button_' is clicked on

07-03-2025T05:22:32 - [TEST_STEP][PASSED] - delay(70): Delayed 70 second(s)

07-03-2025T05:23:42 - [MESSAGE][PASSED] - Delayed 70 second(s)

07-03-2025T05:23:42 - [TEST_STEP][PASSED] - searchWord = "а": null

07-03-2025T05:23:42 - [TEST_STEP][PASSED] - pageLoaded2 = verifyElementPresent(findTestObject("Страница авторизации/Text"), 50): Object 'Object Repository/Страница авторизации/Text' is present

07-03-2025T05:23:42 - [MESSAGE][PASSED] - Object 'Object Repository/Страница авторизации/Text' is present

07-03-2025T05:23:42 - [TEST_STEP][PASSED] - if (pageLoaded2 == false): null

07-03-2025T05:23:42 - [TEST_STEP][PASSED] - urlText = getText(findTestObject("Страница авторизации/Text")): Text of object 'Object Repository/Страница авторизации/Text' is: 'Период
Январь 2025 года
Выручка
Все
Выполнение плановых показателей по ПАО Россети за Январь 2025 года
План
Факт
Динамика
2025 год
0 млн.руб.
20 000 млн.руб.
40 000 млн.руб.
60 000 млн.руб.
80 000 млн.руб.
100 000 млн.руб.
120 000 млн.руб.
140 000 млн.руб.
160 000 млн.руб.
180 000 млн.руб.
200 000 млн.руб.
121 309
157 865
↑
ДЗО 
ПАО Россети
Внутренний оборот - выручка за услуги по передаче электрической энергии, учтенная в выручке за электроэнергию для конечных потребителей, при выполнении ДЗО функций гарантирующего поставщика
Подписи данных
⬤Отклонение
АО "РЭС"
АО «Тываэнерго»
АО «Чеченэнерго»
Россети Волга
Россети Кубань
Россети Ленэнерго (ГК)
Россети Московский регион
Россети Северный Кавказ (ГК)
Россети Северо-Запад
Россети Сибирь (ГК)
Россети Томск
Россети Тюмень
Россети Урал (ГК)
Россети ФСК ЕЭС
Россети Центр
Россети Центр и Приволжье (ГК)
Россети Юг (ГК)
Россети Янтарь
-2 000 млн.руб.
0 млн.руб.
2 000 млн.руб.
4 000 млн.руб.
6 000 млн.руб.
8 000 млн.руб.
10 000 млн.руб.
12 000 млн.руб.
14 000 млн.руб.
-73
274
463
1 630
-54
-403
8 709
3 799
-251
11 296
-58
-1 104
-474
-59
-675
13 055
500
-19
млн.
%
Выручка
Отклонение выручки по ПАО Россети за Январь 2025 года (факт/план, млн. руб)
ПАО Россети
36 556 млн.руб.
 '

07-03-2025T05:23:43 - [MESSAGE][PASSED] - Text of object 'Object Repository/Страница авторизации/Text' is: 'Период
Январь 2025 года
Выручка
Все
Выполнение плановых показателей по ПАО Россети за Январь 2025 года
План
Факт
Динамика
2025 год
0 млн.руб.
20 000 млн.руб.
40 000 млн.руб.
60 000 млн.руб.
80 000 млн.руб.
100 000 млн.руб.
120 000 млн.руб.
140 000 млн.руб.
160 000 млн.руб.
180 000 млн.руб.
200 000 млн.руб.
121 309
157 865
↑
ДЗО 
ПАО Россети
Внутренний оборот - выручка за услуги по передаче электрической энергии, учтенная в выручке за электроэнергию для конечных потребителей, при выполнении ДЗО функций гарантирующего поставщика
Подписи данных
⬤Отклонение
АО "РЭС"
АО «Тываэнерго»
АО «Чеченэнерго»
Россети Волга
Россети Кубань
Россети Ленэнерго (ГК)
Россети Московский регион
Россети Северный Кавказ (ГК)
Россети Северо-Запад
Россети Сибирь (ГК)
Россети Томск
Россети Тюмень
Россети Урал (ГК)
Россети ФСК ЕЭС
Россети Центр
Россети Центр и Приволжье (ГК)
Россети Юг (ГК)
Россети Янтарь
-2 000 млн.руб.
0 млн.руб.
2 000 млн.руб.
4 000 млн.руб.
6 000 млн.руб.
8 000 млн.руб.
10 000 млн.руб.
12 000 млн.руб.
14 000 млн.руб.
-73
274
463
1 630
-54
-403
8 709
3 799
-251
11 296
-58
-1 104
-474
-59
-675
13 055
500
-19
млн.
%
Выручка
Отклонение выручки по ПАО Россети за Январь 2025 года (факт/план, млн. руб)
ПАО Россети
36 556 млн.руб.
 '

07-03-2025T05:23:43 - [TEST_STEP][PASSED] - if (urlText.contains("ошибка") || urlText.contains(searchWord) == false): null

07-03-2025T05:23:43 - [TEST_STEP][PASSED] - click(findTestObject("Выручка в рублях/Фильтр Период")): Object: 'Object Repository/Выручка в рублях/Фильтр Период' is clicked on

07-03-2025T05:23:43 - [MESSAGE][PASSED] - Object: 'Object Repository/Выручка в рублях/Фильтр Период' is clicked on

07-03-2025T05:23:43 - [TEST_STEP][PASSED] - click(findTestObject("Выручка в рублях/Снять выделение в фильтре Дата")): Object: 'Object Repository/Выручка в рублях/Снять выделение в фильтре Дата' is clicked on

07-03-2025T05:23:44 - [MESSAGE][PASSED] - Object: 'Object Repository/Выручка в рублях/Снять выделение в фильтре Дата' is clicked on

07-03-2025T05:23:44 - [TEST_STEP][PASSED] - click(findTestObject("Выручка в рублях/Применить в фильтре Дата")): Object: 'Object Repository/Выручка в рублях/Применить в фильтре Дата' is clicked on

07-03-2025T05:23:44 - [MESSAGE][PASSED] - Object: 'Object Repository/Выручка в рублях/Применить в фильтре Дата' is clicked on

07-03-2025T05:23:44 - [TEST_STEP][PASSED] - click(findTestObject("Выручка в рублях/Фильтр Период")): Object: 'Object Repository/Выручка в рублях/Фильтр Период' is clicked on

07-03-2025T05:23:46 - [MESSAGE][PASSED] - Object: 'Object Repository/Выручка в рублях/Фильтр Период' is clicked on

07-03-2025T05:23:46 - [TEST_STEP][PASSED] - click(findTestObject("Выручка в рублях/Снять выделение в фильтре Дата")): Object: 'Object Repository/Выручка в рублях/Снять выделение в фильтре Дата' is clicked on

07-03-2025T05:23:47 - [MESSAGE][PASSED] - Object: 'Object Repository/Выручка в рублях/Снять выделение в фильтре Дата' is clicked on

07-03-2025T05:23:47 - [TEST_STEP][PASSED] - scrollToElement(findTestObject("Выручка в рублях/2025 список"), 30): Scroll to object 'Object Repository/Выручка в рублях/2025 список' successfully

07-03-2025T05:23:47 - [MESSAGE][PASSED] - Scroll to object 'Object Repository/Выручка в рублях/2025 список' successfully

07-03-2025T05:23:47 - [TEST_STEP][PASSED] - click(findTestObject("Выручка в рублях/2025 список")): Object: 'Object Repository/Выручка в рублях/2025 список' is clicked on

07-03-2025T05:23:47 - [MESSAGE][PASSED] - Object: 'Object Repository/Выручка в рублях/2025 список' is clicked on

07-03-2025T05:23:47 - [TEST_STEP][PASSED] - scrollToElement(findTestObject("Выручка в рублях/1 квартал 2025 список"), 30): Scroll to object 'Object Repository/Выручка в рублях/1 квартал 2025 список' successfully

07-03-2025T05:23:48 - [MESSAGE][PASSED] - Scroll to object 'Object Repository/Выручка в рублях/1 квартал 2025 список' successfully

07-03-2025T05:23:48 - [TEST_STEP][PASSED] - click(findTestObject("Выручка в рублях/1 квартал 2025 список"), CONTINUE_ON_FAILURE): Object: 'Object Repository/Выручка в рублях/1 квартал 2025 список' is clicked on

07-03-2025T05:23:48 - [MESSAGE][PASSED] - Object: 'Object Repository/Выручка в рублях/1 квартал 2025 список' is clicked on

07-03-2025T05:23:48 - [TEST_STEP][PASSED] - scrollToElement(findTestObject("Выручка в рублях/Январь 2025"), 30): Scroll to object 'Object Repository/Выручка в рублях/Январь 2025' successfully

07-03-2025T05:23:48 - [MESSAGE][PASSED] - Scroll to object 'Object Repository/Выручка в рублях/Январь 2025' successfully

07-03-2025T05:23:48 - [TEST_STEP][PASSED] - click(findTestObject("Выручка в рублях/Январь 2025"), CONTINUE_ON_FAILURE): Object: 'Object Repository/Выручка в рублях/Январь 2025' is clicked on

07-03-2025T05:23:49 - [MESSAGE][PASSED] - Object: 'Object Repository/Выручка в рублях/Январь 2025' is clicked on

07-03-2025T05:23:49 - [TEST_STEP][PASSED] - click(findTestObject("Выручка в рублях/Применить в фильтре Дата")): Object: 'Object Repository/Выручка в рублях/Применить в фильтре Дата' is clicked on

07-03-2025T05:23:50 - [MESSAGE][PASSED] - Object: 'Object Repository/Выручка в рублях/Применить в фильтре Дата' is clicked on

07-03-2025T05:23:50 - [TEST_STEP][PASSED] - scrollToElement(findTestObject("Выручка в рублях/Заголовок дашборда"), 30): Scroll to object 'Object Repository/Выручка в рублях/Заголовок дашборда' successfully

07-03-2025T05:23:51 - [MESSAGE][PASSED] - Scroll to object 'Object Repository/Выручка в рублях/Заголовок дашборда' successfully

07-03-2025T05:23:51 - [TEST_STEP][PASSED] - delay(70): Delayed 70 second(s)

07-03-2025T05:25:01 - [MESSAGE][PASSED] - Delayed 70 second(s)

07-03-2025T05:25:01 - [TEST_STEP][PASSED] - a5 = "": null

07-03-2025T05:25:01 - [TEST_STEP][PASSED] - a6 = "": null

07-03-2025T05:25:01 - [TEST_STEP][PASSED] - a7 = "": null

07-03-2025T05:25:01 - [TEST_STEP][PASSED] - a8 = "": null

07-03-2025T05:25:01 - [TEST_STEP][PASSED] - a9 = "": null

07-03-2025T05:25:01 - [TEST_STEP][PASSED] - if (run == 1): null

07-03-2025T05:25:01 - [TEST_STEP][PASSED] - user = "админ": null

07-03-2025T05:25:01 - [TEST_STEP][PASSED] - a1 = getText(findTestObject("Выручка в рублях/График План")): Text of object 'Object Repository/Выручка в рублях/График План' is: '121 309'

07-03-2025T05:25:01 - [MESSAGE][PASSED] - Text of object 'Object Repository/Выручка в рублях/График План' is: '121 309'

07-03-2025T05:25:01 - [TEST_STEP][PASSED] - a2 = getText(findTestObject("Выручка в рублях/График Факт")): Text of object 'Object Repository/Выручка в рублях/График Факт' is: '157 865'

07-03-2025T05:25:01 - [MESSAGE][PASSED] - Text of object 'Object Repository/Выручка в рублях/График Факт' is: '157 865'

07-03-2025T05:25:01 - [TEST_STEP][PASSED] - a3 = getText(findTestObject("Выручка в рублях/График Отклонение выручки")): Text of object 'Object Repository/Выручка в рублях/График Отклонение выручки' is: 'Период
Январь 2025 года
Выручка
Все
Выполнение плановых показателей по ПАО Россети за Январь 2025 года
План
Факт
Динамика
2025 год
0 млн.руб.
20 000 млн.руб.
40 000 млн.руб.
60 000 млн.руб.
80 000 млн.руб.
100 000 млн.руб.
120 000 млн.руб.
140 000 млн.руб.
160 000 млн.руб.
180 000 млн.руб.
200 000 млн.руб.
121 309
157 865
↑
ДЗО 
ПАО Россети
Внутренний оборот - выручка за услуги по передаче электрической энергии, учтенная в выручке за электроэнергию для конечных потребителей, при выполнении ДЗО функций гарантирующего поставщика
Подписи данных
⬤Отклонение
АО "РЭС"
АО «Тываэнерго»
АО «Чеченэнерго»
Россети Волга
Россети Кубань
Россети Ленэнерго (ГК)
Россети Московский регион
Россети Северный Кавказ (ГК)
Россети Северо-Запад
Россети Сибирь (ГК)
Россети Томск
Россети Тюмень
Россети Урал (ГК)
Россети ФСК ЕЭС
Россети Центр
Россети Центр и Приволжье (ГК)
Россети Юг (ГК)
Россети Янтарь
-2 000 млн.руб.
0 млн.руб.
2 000 млн.руб.
4 000 млн.руб.
6 000 млн.руб.
8 000 млн.руб.
10 000 млн.руб.
12 000 млн.руб.
14 000 млн.руб.
-73
274
463
1 630
-54
-403
8 709
3 799
-251
11 296
-58
-1 104
-474
-59
-675
13 055
500
-19
млн.
%
Выручка
Отклонение выручки по ПАО Россети за Январь 2025 года (факт/план, млн. руб)
ПАО Россети
36 556 млн.руб.
 '

07-03-2025T05:25:02 - [MESSAGE][PASSED] - Text of object 'Object Repository/Выручка в рублях/График Отклонение выручки' is: 'Период
Январь 2025 года
Выручка
Все
Выполнение плановых показателей по ПАО Россети за Январь 2025 года
План
Факт
Динамика
2025 год
0 млн.руб.
20 000 млн.руб.
40 000 млн.руб.
60 000 млн.руб.
80 000 млн.руб.
100 000 млн.руб.
120 000 млн.руб.
140 000 млн.руб.
160 000 млн.руб.
180 000 млн.руб.
200 000 млн.руб.
121 309
157 865
↑
ДЗО 
ПАО Россети
Внутренний оборот - выручка за услуги по передаче электрической энергии, учтенная в выручке за электроэнергию для конечных потребителей, при выполнении ДЗО функций гарантирующего поставщика
Подписи данных
⬤Отклонение
АО "РЭС"
АО «Тываэнерго»
АО «Чеченэнерго»
Россети Волга
Россети Кубань
Россети Ленэнерго (ГК)
Россети Московский регион
Россети Северный Кавказ (ГК)
Россети Северо-Запад
Россети Сибирь (ГК)
Россети Томск
Россети Тюмень
Россети Урал (ГК)
Россети ФСК ЕЭС
Россети Центр
Россети Центр и Приволжье (ГК)
Россети Юг (ГК)
Россети Янтарь
-2 000 млн.руб.
0 млн.руб.
2 000 млн.руб.
4 000 млн.руб.
6 000 млн.руб.
8 000 млн.руб.
10 000 млн.руб.
12 000 млн.руб.
14 000 млн.руб.
-73
274
463
1 630
-54
-403
8 709
3 799
-251
11 296
-58
-1 104
-474
-59
-675
13 055
500
-19
млн.
%
Выручка
Отклонение выручки по ПАО Россети за Январь 2025 года (факт/план, млн. руб)
ПАО Россети
36 556 млн.руб.
 '

07-03-2025T05:25:02 - [TEST_STEP][PASSED] - a3 = a3.substring(a3.lastIndexOf("Отклонение")): null

07-03-2025T05:25:02 - [TEST_STEP][PASSED] - click(findTestObject("Выручка в рублях/Переключить отображение с млн на проценты Выручка в рублях")): Object: 'Object Repository/Выручка в рублях/Переключить отображение с млн на проценты Выручка в рублях' is clicked on

07-03-2025T05:25:02 - [MESSAGE][PASSED] - Object: 'Object Repository/Выручка в рублях/Переключить отображение с млн на проценты Выручка в рублях' is clicked on

07-03-2025T05:25:02 - [TEST_STEP][PASSED] - a4 = getText(findTestObject("Выручка в рублях/График Отклонение выручки")): Text of object 'Object Repository/Выручка в рублях/График Отклонение выручки' is: 'Период
Январь 2025 года
Выручка
Все
Выполнение плановых показателей по ПАО Россети за Январь 2025 года
План
Факт
Динамика
2025 год
0 млн.руб.
20 000 млн.руб.
40 000 млн.руб.
60 000 млн.руб.
80 000 млн.руб.
100 000 млн.руб.
120 000 млн.руб.
140 000 млн.руб.
160 000 млн.руб.
180 000 млн.руб.
200 000 млн.руб.
121 309
157 865
↑
ДЗО 
ПАО Россети
Отклонение выручки по ПАО Россети за Январь 2025 года (факт/план, %)
ПАО Россети
-100 %
Внутренний оборот - выручка за услуги по передаче электрической энергии, учтенная в выручке за электроэнергию для конечных потребителей, при выполнении ДЗО функций гарантирующего поставщика
⬤Отклонение
АО "РЭС"
Россети Волга
Россети Кубань
Россети Ленэнерго (ГК)
Россети Московский регион
Россети Северо-Запад
Россети Томск
Россети Тюмень
Россети Урал (ГК)
Россети ФСК ЕЭС
Россети Центр
Россети Юг (ГК)
Россети Янтарь
- 110 %
- 100 %
-90 %
-80 %
-70 %
-60 %
-50 %
-40 %
-30 %
-20 %
-10 %
0 %
-100 %
-100 %
-100 %
-100 %
-100 %
-100 %
-100 %
-100 %
-100 %
-100 %
-100 %
-100 %
-100 %
Подписи данных
млн.
%
Выручка
 '

07-03-2025T05:25:03 - [MESSAGE][PASSED] - Text of object 'Object Repository/Выручка в рублях/График Отклонение выручки' is: 'Период
Январь 2025 года
Выручка
Все
Выполнение плановых показателей по ПАО Россети за Январь 2025 года
План
Факт
Динамика
2025 год
0 млн.руб.
20 000 млн.руб.
40 000 млн.руб.
60 000 млн.руб.
80 000 млн.руб.
100 000 млн.руб.
120 000 млн.руб.
140 000 млн.руб.
160 000 млн.руб.
180 000 млн.руб.
200 000 млн.руб.
121 309
157 865
↑
ДЗО 
ПАО Россети
Отклонение выручки по ПАО Россети за Январь 2025 года (факт/план, %)
ПАО Россети
-100 %
Внутренний оборот - выручка за услуги по передаче электрической энергии, учтенная в выручке за электроэнергию для конечных потребителей, при выполнении ДЗО функций гарантирующего поставщика
⬤Отклонение
АО "РЭС"
Россети Волга
Россети Кубань
Россети Ленэнерго (ГК)
Россети Московский регион
Россети Северо-Запад
Россети Томск
Россети Тюмень
Россети Урал (ГК)
Россети ФСК ЕЭС
Россети Центр
Россети Юг (ГК)
Россети Янтарь
- 110 %
- 100 %
-90 %
-80 %
-70 %
-60 %
-50 %
-40 %
-30 %
-20 %
-10 %
0 %
-100 %
-100 %
-100 %
-100 %
-100 %
-100 %
-100 %
-100 %
-100 %
-100 %
-100 %
-100 %
-100 %
Подписи данных
млн.
%
Выручка
 '

07-03-2025T05:25:03 - [TEST_STEP][PASSED] - a4 = a4.substring(a4.lastIndexOf("Отклонение")): null

07-03-2025T05:25:03 - [TEST_STEP][PASSED] - click(findTestObject("Выручка в рублях/Переключить отображение с процентов на млн Выручка в рублях")): Object: 'Object Repository/Выручка в рублях/Переключить отображение с процентов на млн Выручка в рублях' is clicked on

07-03-2025T05:25:03 - [MESSAGE][PASSED] - Object: 'Object Repository/Выручка в рублях/Переключить отображение с процентов на млн Выручка в рублях' is clicked on

07-03-2025T05:25:03 - [TEST_STEP][PASSED] - n = n + 3: null

07-03-2025T05:25:03 - [TEST_STEP][PASSED] - Script1686231490255.WriteToExcel(user, dashboardName, n, data, run, a1, a2, a3, a4, a5, a6, a7, a8, a9): null

07-03-2025T05:25:03 - [TEST_STEP][PASSED] - sheetName = "Sheet1": null

07-03-2025T05:25:03 - [TEST_STEP][PASSED] - workbook01 = getWorkbook(excelFilePath): null

07-03-2025T05:25:03 - [TEST_STEP][PASSED] - sheet01 = getExcelSheet(workbook01, sheetName): null

07-03-2025T05:25:03 - [TEST_STEP][PASSED] - setValueToCellByIndex(sheet01, n, 0, dashboardName): null

07-03-2025T05:25:03 - [TEST_STEP][PASSED] - setValueToCellByIndex(sheet01, n, 10, user): null

07-03-2025T05:25:03 - [TEST_STEP][PASSED] - setValueToCellByIndex(sheet01, n, 1, a1): null

07-03-2025T05:25:03 - [TEST_STEP][PASSED] - setValueToCellByIndex(sheet01, n, 2, a2): null

07-03-2025T05:25:03 - [TEST_STEP][PASSED] - setValueToCellByIndex(sheet01, n, 3, a3): null

07-03-2025T05:25:03 - [TEST_STEP][PASSED] - setValueToCellByIndex(sheet01, n, 4, a4): null

07-03-2025T05:25:03 - [TEST_STEP][PASSED] - setValueToCellByIndex(sheet01, n, 5, a5): null

07-03-2025T05:25:03 - [TEST_STEP][PASSED] - setValueToCellByIndex(sheet01, n, 6, a6): null

07-03-2025T05:25:03 - [TEST_STEP][PASSED] - setValueToCellByIndex(sheet01, n, 7, a7): null

07-03-2025T05:25:03 - [TEST_STEP][PASSED] - setValueToCellByIndex(sheet01, n, 8, a8): null

07-03-2025T05:25:03 - [TEST_STEP][PASSED] - setValueToCellByIndex(sheet01, n, 9, a9): null

07-03-2025T05:25:03 - [TEST_STEP][PASSED] - n = n + 1: null

07-03-2025T05:25:03 - [TEST_STEP][PASSED] - saveWorkbook(excelFilePath, workbook01): null

07-03-2025T05:25:04 - [TEST_STEP][PASSED] - if (run == 2): null

07-03-2025T05:25:04 - [TEST_STEP][PASSED] - if (run == 3): null

07-03-2025T05:25:04 - [TEST_STEP][PASSED] - closeBrowser(): null

07-03-2025T05:25:04 - [MESSAGE][PASSED] - Browser is closed

07-03-2025T05:25:04 - [TEST_STEP][PASSED] - ViruchkaVRublyah(user, dashboardName, n, data, run, a1, a2, a3, a4, a5, a6, a7, a8, a9, urlData): null

07-03-2025T05:25:04 - [TEST_STEP][PASSED] - n = data.getRowNumbers() + 1: null

07-03-2025T05:25:04 - [TEST_STEP][PASSED] - println(n): null

07-03-2025T05:25:04 - [TEST_STEP][PASSED] - dashboardName = "Вырука в рублях": null

07-03-2025T05:25:04 - [TEST_STEP][PASSED] - openBrowser(""): Browser is opened with url: ''

07-03-2025T05:25:04 - [MESSAGE][INFO] - Starting 'Chrome' driver

07-03-2025T05:25:04 - [MESSAGE][INFO] - Action delay is set to 0 milliseconds

07-03-2025T05:25:05 - [MESSAGE][PASSED] - Browser is opened with url: ''

07-03-2025T05:25:05 - [TEST_STEP][PASSED] - urlData = 2: null

07-03-2025T05:25:05 - [TEST_STEP][PASSED] - Script1686231490255.CheckPageDownload(urlData, run): null

07-03-2025T05:25:05 - [TEST_STEP][PASSED] - i = 1: null

07-03-2025T05:25:05 - [TEST_STEP][PASSED] - ii = 0: null

07-03-2025T05:25:05 - [TEST_STEP][PASSED] - urlText = <not implemented yet for class: org.codehaus.groovy.ast.expr.EmptyExpression>: null

07-03-2025T05:25:05 - [TEST_STEP][PASSED] - searchWord = <not implemented yet for class: org.codehaus.groovy.ast.expr.EmptyExpression>: null

07-03-2025T05:25:05 - [TEST_STEP][PASSED] - deleteAllCookies(): Delete all cookies successfully

07-03-2025T05:25:05 - [MESSAGE][PASSED] - Delete all cookies successfully

07-03-2025T05:25:05 - [TEST_STEP][PASSED] - refresh(): Refresh successfully

07-03-2025T05:25:05 - [MESSAGE][PASSED] - Refresh successfully

07-03-2025T05:25:05 - [TEST_STEP][PASSED] - delay(70): Delayed 70 second(s)

07-03-2025T05:26:15 - [MESSAGE][PASSED] - Delayed 70 second(s)

07-03-2025T05:26:15 - [TEST_STEP][PASSED] - navigateToUrl(findTestData("PlanFact").getValue(10, urlData)): Navigate to 'https://bi.rosseti.digital/viewer?dashboardGuid=2301950b23be4ed89c1df75f2020051e&sheetGuid=b723206f698544fb87299f3095c00435&fit=true' successfully

07-03-2025T05:26:19 - [MESSAGE][PASSED] - Navigate to 'https://bi.rosseti.digital/viewer?dashboardGuid=2301950b23be4ed89c1df75f2020051e&sheetGuid=b723206f698544fb87299f3095c00435&fit=true' successfully

07-03-2025T05:26:19 - [TEST_STEP][PASSED] - pageLoaded1 = verifyElementPresent(findTestObject("Страница авторизации/Text"), 30): Object 'Object Repository/Страница авторизации/Text' is present

07-03-2025T05:26:20 - [MESSAGE][PASSED] - Object 'Object Repository/Страница авторизации/Text' is present

07-03-2025T05:26:20 - [TEST_STEP][PASSED] - if (pageLoaded1 == false): null

07-03-2025T05:26:20 - [TEST_STEP][PASSED] - urlText = getText(findTestObject("Страница авторизации/Text")): Text of object 'Object Repository/Страница авторизации/Text' is: 'Вход'

07-03-2025T05:26:21 - [MESSAGE][PASSED] - Text of object 'Object Repository/Страница авторизации/Text' is: 'Вход'

07-03-2025T05:26:21 - [TEST_STEP][PASSED] - delay(70): Delayed 70 second(s)

07-03-2025T05:27:31 - [MESSAGE][PASSED] - Delayed 70 second(s)

07-03-2025T05:27:31 - [TEST_STEP][PASSED] - searchWord = "Вход": null

07-03-2025T05:27:31 - [TEST_STEP][PASSED] - if (urlText.contains(searchWord) == false): null

07-03-2025T05:27:31 - [TEST_STEP][PASSED] - setText(findTestObject("Страница авторизации/input__username"), findTestData("PlanFact").getValue(8, run)): Text 'Andreeva-EV' is set on object 'Object Repository/Страница авторизации/input__username'

07-03-2025T05:27:31 - [MESSAGE][PASSED] - Text 'Andreeva-EV' is set on object 'Object Repository/Страница авторизации/input__username'

07-03-2025T05:27:31 - [TEST_STEP][PASSED] - setText(findTestObject("Страница авторизации/input__password"), findTestData("PlanFact").getValue(9, run)): Text '2nPePKDwCPH3ul7xMZ' is set on object 'Object Repository/Страница авторизации/input__password'

07-03-2025T05:27:32 - [MESSAGE][PASSED] - Text '2nPePKDwCPH3ul7xMZ' is set on object 'Object Repository/Страница авторизации/input__password'

07-03-2025T05:27:32 - [TEST_STEP][PASSED] - click(findTestObject("Страница авторизации/button_")): Object: 'Object Repository/Страница авторизации/button_' is clicked on

07-03-2025T05:27:33 - [MESSAGE][PASSED] - Object: 'Object Repository/Страница авторизации/button_' is clicked on

07-03-2025T05:27:33 - [TEST_STEP][PASSED] - delay(70): Delayed 70 second(s)

07-03-2025T05:28:43 - [MESSAGE][PASSED] - Delayed 70 second(s)

07-03-2025T05:28:43 - [TEST_STEP][PASSED] - searchWord = "а": null

07-03-2025T05:28:43 - [TEST_STEP][PASSED] - pageLoaded2 = verifyElementPresent(findTestObject("Страница авторизации/Text"), 50): Object 'Object Repository/Страница авторизации/Text' is present

07-03-2025T05:28:43 - [MESSAGE][PASSED] - Object 'Object Repository/Страница авторизации/Text' is present

07-03-2025T05:28:43 - [TEST_STEP][PASSED] - if (pageLoaded2 == false): null

07-03-2025T05:28:43 - [TEST_STEP][PASSED] - urlText = getText(findTestObject("Страница авторизации/Text")): Text of object 'Object Repository/Страница авторизации/Text' is: 'Период
Январь 2025 года
Выручка
Все
Выполнение плановых показателей по ПАО Россети за Январь 2025 года
План
Факт
Динамика
2025 год
0 млн.руб.
20 000 млн.руб.
40 000 млн.руб.
60 000 млн.руб.
80 000 млн.руб.
100 000 млн.руб.
120 000 млн.руб.
140 000 млн.руб.
160 000 млн.руб.
180 000 млн.руб.
200 000 млн.руб.
121 309
157 865
↑
ДЗО 
ПАО Россети
Внутренний оборот - выручка за услуги по передаче электрической энергии, учтенная в выручке за электроэнергию для конечных потребителей, при выполнении ДЗО функций гарантирующего поставщика
Подписи данных
⬤Отклонение
АО "РЭС"
АО «Тываэнерго»
АО «Чеченэнерго»
Россети Волга
Россети Кубань
Россети Ленэнерго (ГК)
Россети Московский регион
Россети Северный Кавказ (ГК)
Россети Северо-Запад
Россети Сибирь (ГК)
Россети Томск
Россети Тюмень
Россети Урал (ГК)
Россети ФСК ЕЭС
Россети Центр
Россети Центр и Приволжье (ГК)
Россети Юг (ГК)
Россети Янтарь
-2 000 млн.руб.
0 млн.руб.
2 000 млн.руб.
4 000 млн.руб.
6 000 млн.руб.
8 000 млн.руб.
10 000 млн.руб.
12 000 млн.руб.
14 000 млн.руб.
-73
274
463
1 630
-54
-403
8 709
3 799
-251
11 296
-58
-1 104
-474
-59
-675
13 055
500
-19
млн.
%
Выручка
Отклонение выручки по ПАО Россети за Январь 2025 года (факт/план, млн. руб)
ПАО Россети
36 556 млн.руб.
 '

07-03-2025T05:28:44 - [MESSAGE][PASSED] - Text of object 'Object Repository/Страница авторизации/Text' is: 'Период
Январь 2025 года
Выручка
Все
Выполнение плановых показателей по ПАО Россети за Январь 2025 года
План
Факт
Динамика
2025 год
0 млн.руб.
20 000 млн.руб.
40 000 млн.руб.
60 000 млн.руб.
80 000 млн.руб.
100 000 млн.руб.
120 000 млн.руб.
140 000 млн.руб.
160 000 млн.руб.
180 000 млн.руб.
200 000 млн.руб.
121 309
157 865
↑
ДЗО 
ПАО Россети
Внутренний оборот - выручка за услуги по передаче электрической энергии, учтенная в выручке за электроэнергию для конечных потребителей, при выполнении ДЗО функций гарантирующего поставщика
Подписи данных
⬤Отклонение
АО "РЭС"
АО «Тываэнерго»
АО «Чеченэнерго»
Россети Волга
Россети Кубань
Россети Ленэнерго (ГК)
Россети Московский регион
Россети Северный Кавказ (ГК)
Россети Северо-Запад
Россети Сибирь (ГК)
Россети Томск
Россети Тюмень
Россети Урал (ГК)
Россети ФСК ЕЭС
Россети Центр
Россети Центр и Приволжье (ГК)
Россети Юг (ГК)
Россети Янтарь
-2 000 млн.руб.
0 млн.руб.
2 000 млн.руб.
4 000 млн.руб.
6 000 млн.руб.
8 000 млн.руб.
10 000 млн.руб.
12 000 млн.руб.
14 000 млн.руб.
-73
274
463
1 630
-54
-403
8 709
3 799
-251
11 296
-58
-1 104
-474
-59
-675
13 055
500
-19
млн.
%
Выручка
Отклонение выручки по ПАО Россети за Январь 2025 года (факт/план, млн. руб)
ПАО Россети
36 556 млн.руб.
 '

07-03-2025T05:28:44 - [TEST_STEP][PASSED] - if (urlText.contains("ошибка") || urlText.contains(searchWord) == false): null

07-03-2025T05:28:44 - [TEST_STEP][PASSED] - click(findTestObject("Выручка в рублях/Фильтр Период")): Object: 'Object Repository/Выручка в рублях/Фильтр Период' is clicked on

07-03-2025T05:28:44 - [MESSAGE][PASSED] - Object: 'Object Repository/Выручка в рублях/Фильтр Период' is clicked on

07-03-2025T05:28:44 - [TEST_STEP][PASSED] - click(findTestObject("Выручка в рублях/Снять выделение в фильтре Дата")): Object: 'Object Repository/Выручка в рублях/Снять выделение в фильтре Дата' is clicked on

07-03-2025T05:28:45 - [MESSAGE][PASSED] - Object: 'Object Repository/Выручка в рублях/Снять выделение в фильтре Дата' is clicked on

07-03-2025T05:28:45 - [TEST_STEP][PASSED] - click(findTestObject("Выручка в рублях/Применить в фильтре Дата")): Object: 'Object Repository/Выручка в рублях/Применить в фильтре Дата' is clicked on

07-03-2025T05:28:45 - [MESSAGE][PASSED] - Object: 'Object Repository/Выручка в рублях/Применить в фильтре Дата' is clicked on

07-03-2025T05:28:45 - [TEST_STEP][PASSED] - click(findTestObject("Выручка в рублях/Фильтр Период")): Object: 'Object Repository/Выручка в рублях/Фильтр Период' is clicked on

07-03-2025T05:28:54 - [MESSAGE][PASSED] - Object: 'Object Repository/Выручка в рублях/Фильтр Период' is clicked on

07-03-2025T05:28:54 - [TEST_STEP][PASSED] - click(findTestObject("Выручка в рублях/Снять выделение в фильтре Дата")): Object: 'Object Repository/Выручка в рублях/Снять выделение в фильтре Дата' is clicked on

07-03-2025T05:28:55 - [MESSAGE][PASSED] - Object: 'Object Repository/Выручка в рублях/Снять выделение в фильтре Дата' is clicked on

07-03-2025T05:28:55 - [TEST_STEP][PASSED] - scrollToElement(findTestObject("Выручка в рублях/2025 список"), 30): Scroll to object 'Object Repository/Выручка в рублях/2025 список' successfully

07-03-2025T05:28:55 - [MESSAGE][PASSED] - Scroll to object 'Object Repository/Выручка в рублях/2025 список' successfully

07-03-2025T05:28:55 - [TEST_STEP][PASSED] - click(findTestObject("Выручка в рублях/2025 список")): Object: 'Object Repository/Выручка в рублях/2025 список' is clicked on

07-03-2025T05:28:55 - [MESSAGE][PASSED] - Object: 'Object Repository/Выручка в рублях/2025 список' is clicked on

07-03-2025T05:28:55 - [TEST_STEP][PASSED] - scrollToElement(findTestObject("Выручка в рублях/1 квартал 2025 список"), 30): Scroll to object 'Object Repository/Выручка в рублях/1 квартал 2025 список' successfully

07-03-2025T05:28:56 - [MESSAGE][PASSED] - Scroll to object 'Object Repository/Выручка в рублях/1 квартал 2025 список' successfully

07-03-2025T05:28:56 - [TEST_STEP][PASSED] - click(findTestObject("Выручка в рублях/1 квартал 2025 список"), CONTINUE_ON_FAILURE): Object: 'Object Repository/Выручка в рублях/1 квартал 2025 список' is clicked on

07-03-2025T05:28:56 - [MESSAGE][PASSED] - Object: 'Object Repository/Выручка в рублях/1 квартал 2025 список' is clicked on

07-03-2025T05:28:56 - [TEST_STEP][PASSED] - scrollToElement(findTestObject("Выручка в рублях/Январь 2025"), 30): Scroll to object 'Object Repository/Выручка в рублях/Январь 2025' successfully

07-03-2025T05:28:56 - [MESSAGE][PASSED] - Scroll to object 'Object Repository/Выручка в рублях/Январь 2025' successfully

07-03-2025T05:28:56 - [TEST_STEP][PASSED] - click(findTestObject("Выручка в рублях/Январь 2025"), CONTINUE_ON_FAILURE): Object: 'Object Repository/Выручка в рублях/Январь 2025' is clicked on

07-03-2025T05:28:57 - [MESSAGE][PASSED] - Object: 'Object Repository/Выручка в рублях/Январь 2025' is clicked on

07-03-2025T05:28:57 - [TEST_STEP][PASSED] - click(findTestObject("Выручка в рублях/Применить в фильтре Дата")): Object: 'Object Repository/Выручка в рублях/Применить в фильтре Дата' is clicked on

07-03-2025T05:28:57 - [MESSAGE][PASSED] - Object: 'Object Repository/Выручка в рублях/Применить в фильтре Дата' is clicked on

07-03-2025T05:28:57 - [TEST_STEP][PASSED] - scrollToElement(findTestObject("Выручка в рублях/Заголовок дашборда"), 30): Scroll to object 'Object Repository/Выручка в рублях/Заголовок дашборда' successfully

07-03-2025T05:28:59 - [MESSAGE][PASSED] - Scroll to object 'Object Repository/Выручка в рублях/Заголовок дашборда' successfully

07-03-2025T05:28:59 - [TEST_STEP][PASSED] - delay(70): Delayed 70 second(s)

07-03-2025T05:30:09 - [MESSAGE][PASSED] - Delayed 70 second(s)

07-03-2025T05:30:09 - [TEST_STEP][PASSED] - a5 = "": null

07-03-2025T05:30:09 - [TEST_STEP][PASSED] - a6 = "": null

07-03-2025T05:30:09 - [TEST_STEP][PASSED] - a7 = "": null

07-03-2025T05:30:09 - [TEST_STEP][PASSED] - a8 = "": null

07-03-2025T05:30:09 - [TEST_STEP][PASSED] - a9 = "": null

07-03-2025T05:30:09 - [TEST_STEP][PASSED] - if (run == 1): null

07-03-2025T05:30:09 - [TEST_STEP][PASSED] - if (run == 2): null

07-03-2025T05:30:09 - [TEST_STEP][PASSED] - user = "Андреева": null

07-03-2025T05:30:09 - [TEST_STEP][PASSED] - a1 = getText(findTestObject("Выручка в рублях/График План")): Text of object 'Object Repository/Выручка в рублях/График План' is: '121 309'

07-03-2025T05:30:09 - [MESSAGE][PASSED] - Text of object 'Object Repository/Выручка в рублях/График План' is: '121 309'

07-03-2025T05:30:09 - [TEST_STEP][PASSED] - a2 = getText(findTestObject("Выручка в рублях/График Факт")): Text of object 'Object Repository/Выручка в рублях/График Факт' is: '157 865'

07-03-2025T05:30:10 - [MESSAGE][PASSED] - Text of object 'Object Repository/Выручка в рублях/График Факт' is: '157 865'

07-03-2025T05:30:10 - [TEST_STEP][PASSED] - a3 = getText(findTestObject("Выручка в рублях/График Отклонение выручки")): Text of object 'Object Repository/Выручка в рублях/График Отклонение выручки' is: 'Период
Январь 2025 года
Выручка
Все
Выполнение плановых показателей по ПАО Россети за Январь 2025 года
План
Факт
Динамика
2025 год
0 млн.руб.
20 000 млн.руб.
40 000 млн.руб.
60 000 млн.руб.
80 000 млн.руб.
100 000 млн.руб.
120 000 млн.руб.
140 000 млн.руб.
160 000 млн.руб.
180 000 млн.руб.
200 000 млн.руб.
121 309
157 865
↑
ДЗО 
ПАО Россети
Внутренний оборот - выручка за услуги по передаче электрической энергии, учтенная в выручке за электроэнергию для конечных потребителей, при выполнении ДЗО функций гарантирующего поставщика
Подписи данных
⬤Отклонение
АО "РЭС"
АО «Тываэнерго»
АО «Чеченэнерго»
Россети Волга
Россети Кубань
Россети Ленэнерго (ГК)
Россети Московский регион
Россети Северный Кавказ (ГК)
Россети Северо-Запад
Россети Сибирь (ГК)
Россети Томск
Россети Тюмень
Россети Урал (ГК)
Россети ФСК ЕЭС
Россети Центр
Россети Центр и Приволжье (ГК)
Россети Юг (ГК)
Россети Янтарь
-2 000 млн.руб.
0 млн.руб.
2 000 млн.руб.
4 000 млн.руб.
6 000 млн.руб.
8 000 млн.руб.
10 000 млн.руб.
12 000 млн.руб.
14 000 млн.руб.
-73
274
463
1 630
-54
-403
8 709
3 799
-251
11 296
-58
-1 104
-474
-59
-675
13 055
500
-19
млн.
%
Выручка
Отклонение выручки по ПАО Россети за Январь 2025 года (факт/план, млн. руб)
ПАО Россети
36 556 млн.руб.
 '

07-03-2025T05:30:10 - [MESSAGE][PASSED] - Text of object 'Object Repository/Выручка в рублях/График Отклонение выручки' is: 'Период
Январь 2025 года
Выручка
Все
Выполнение плановых показателей по ПАО Россети за Январь 2025 года
План
Факт
Динамика
2025 год
0 млн.руб.
20 000 млн.руб.
40 000 млн.руб.
60 000 млн.руб.
80 000 млн.руб.
100 000 млн.руб.
120 000 млн.руб.
140 000 млн.руб.
160 000 млн.руб.
180 000 млн.руб.
200 000 млн.руб.
121 309
157 865
↑
ДЗО 
ПАО Россети
Внутренний оборот - выручка за услуги по передаче электрической энергии, учтенная в выручке за электроэнергию для конечных потребителей, при выполнении ДЗО функций гарантирующего поставщика
Подписи данных
⬤Отклонение
АО "РЭС"
АО «Тываэнерго»
АО «Чеченэнерго»
Россети Волга
Россети Кубань
Россети Ленэнерго (ГК)
Россети Московский регион
Россети Северный Кавказ (ГК)
Россети Северо-Запад
Россети Сибирь (ГК)
Россети Томск
Россети Тюмень
Россети Урал (ГК)
Россети ФСК ЕЭС
Россети Центр
Россети Центр и Приволжье (ГК)
Россети Юг (ГК)
Россети Янтарь
-2 000 млн.руб.
0 млн.руб.
2 000 млн.руб.
4 000 млн.руб.
6 000 млн.руб.
8 000 млн.руб.
10 000 млн.руб.
12 000 млн.руб.
14 000 млн.руб.
-73
274
463
1 630
-54
-403
8 709
3 799
-251
11 296
-58
-1 104
-474
-59
-675
13 055
500
-19
млн.
%
Выручка
Отклонение выручки по ПАО Россети за Январь 2025 года (факт/план, млн. руб)
ПАО Россети
36 556 млн.руб.
 '

07-03-2025T05:30:10 - [TEST_STEP][PASSED] - a3 = a3.substring(a3.lastIndexOf("Отклонение")): null

07-03-2025T05:30:10 - [TEST_STEP][PASSED] - click(findTestObject("Выручка в рублях/Переключить отображение с млн на проценты Выручка в рублях")): Object: 'Object Repository/Выручка в рублях/Переключить отображение с млн на проценты Выручка в рублях' is clicked on

07-03-2025T05:30:10 - [MESSAGE][PASSED] - Object: 'Object Repository/Выручка в рублях/Переключить отображение с млн на проценты Выручка в рублях' is clicked on

07-03-2025T05:30:10 - [TEST_STEP][PASSED] - a4 = getText(findTestObject("Выручка в рублях/График Отклонение выручки")): Text of object 'Object Repository/Выручка в рублях/График Отклонение выручки' is: 'Период
Январь 2025 года
Выручка
Все
Выполнение плановых показателей по ПАО Россети за Январь 2025 года
План
Факт
Динамика
2025 год
0 млн.руб.
20 000 млн.руб.
40 000 млн.руб.
60 000 млн.руб.
80 000 млн.руб.
100 000 млн.руб.
120 000 млн.руб.
140 000 млн.руб.
160 000 млн.руб.
180 000 млн.руб.
200 000 млн.руб.
121 309
157 865
↑
ДЗО 
ПАО Россети
Отклонение выручки по ПАО Россети за Январь 2025 года (факт/план, %)
ПАО Россети
-100 %
Внутренний оборот - выручка за услуги по передаче электрической энергии, учтенная в выручке за электроэнергию для конечных потребителей, при выполнении ДЗО функций гарантирующего поставщика
⬤Отклонение
АО "РЭС"
Россети Волга
Россети Кубань
Россети Ленэнерго (ГК)
Россети Московский регион
Россети Северо-Запад
Россети Томск
Россети Тюмень
Россети Урал (ГК)
Россети ФСК ЕЭС
Россети Центр
Россети Юг (ГК)
Россети Янтарь
- 110 %
- 100 %
-90 %
-80 %
-70 %
-60 %
-50 %
-40 %
-30 %
-20 %
-10 %
0 %
-100 %
-100 %
-100 %
-100 %
-100 %
-100 %
-100 %
-100 %
-100 %
-100 %
-100 %
-100 %
-100 %
Подписи данных
млн.
%
Выручка
 '

07-03-2025T05:30:11 - [MESSAGE][PASSED] - Text of object 'Object Repository/Выручка в рублях/График Отклонение выручки' is: 'Период
Январь 2025 года
Выручка
Все
Выполнение плановых показателей по ПАО Россети за Январь 2025 года
План
Факт
Динамика
2025 год
0 млн.руб.
20 000 млн.руб.
40 000 млн.руб.
60 000 млн.руб.
80 000 млн.руб.
100 000 млн.руб.
120 000 млн.руб.
140 000 млн.руб.
160 000 млн.руб.
180 000 млн.руб.
200 000 млн.руб.
121 309
157 865
↑
ДЗО 
ПАО Россети
Отклонение выручки по ПАО Россети за Январь 2025 года (факт/план, %)
ПАО Россети
-100 %
Внутренний оборот - выручка за услуги по передаче электрической энергии, учтенная в выручке за электроэнергию для конечных потребителей, при выполнении ДЗО функций гарантирующего поставщика
⬤Отклонение
АО "РЭС"
Россети Волга
Россети Кубань
Россети Ленэнерго (ГК)
Россети Московский регион
Россети Северо-Запад
Россети Томск
Россети Тюмень
Россети Урал (ГК)
Россети ФСК ЕЭС
Россети Центр
Россети Юг (ГК)
Россети Янтарь
- 110 %
- 100 %
-90 %
-80 %
-70 %
-60 %
-50 %
-40 %
-30 %
-20 %
-10 %
0 %
-100 %
-100 %
-100 %
-100 %
-100 %
-100 %
-100 %
-100 %
-100 %
-100 %
-100 %
-100 %
-100 %
Подписи данных
млн.
%
Выручка
 '

07-03-2025T05:30:11 - [TEST_STEP][PASSED] - a4 = a4.substring(a4.lastIndexOf("Отклонение")): null

07-03-2025T05:30:11 - [TEST_STEP][PASSED] - click(findTestObject("Выручка в рублях/Переключить отображение с процентов на млн Выручка в рублях")): Object: 'Object Repository/Выручка в рублях/Переключить отображение с процентов на млн Выручка в рублях' is clicked on

07-03-2025T05:30:11 - [MESSAGE][PASSED] - Object: 'Object Repository/Выручка в рублях/Переключить отображение с процентов на млн Выручка в рублях' is clicked on

07-03-2025T05:30:11 - [TEST_STEP][PASSED] - n = n + 4: null

07-03-2025T05:30:11 - [TEST_STEP][PASSED] - b = n - run + 1: null

07-03-2025T05:30:11 - [TEST_STEP][PASSED] - verifyEqual(findTestData("PlanFact").getValue(2, b), a1): Actual object '121 309' and expected object '121 309' are equal

07-03-2025T05:30:12 - [MESSAGE][PASSED] - Actual object '121 309' and expected object '121 309' are equal

07-03-2025T05:30:12 - [TEST_STEP][PASSED] - verifyEqual(findTestData("PlanFact").getValue(3, b), a2): Actual object '157 865' and expected object '157 865' are equal

07-03-2025T05:30:12 - [MESSAGE][PASSED] - Actual object '157 865' and expected object '157 865' are equal

07-03-2025T05:30:12 - [TEST_STEP][PASSED] - verifyEqual(findTestData("PlanFact").getValue(4, b), a3): Actual object 'Отклонение выручки по ПАО Россети за Январь 2025 года (факт/план, млн. руб)
ПАО Россети
36 556 млн.руб.
 ' and expected object 'Отклонение выручки по ПАО Россети за Январь 2025 года (факт/план, млн. руб)
ПАО Россети
36 556 млн.руб.
 ' are equal

07-03-2025T05:30:12 - [MESSAGE][PASSED] - Actual object 'Отклонение выручки по ПАО Россети за Январь 2025 года (факт/план, млн. руб)
ПАО Россети
36 556 млн.руб.
 ' and expected object 'Отклонение выручки по ПАО Россети за Январь 2025 года (факт/план, млн. руб)
ПАО Россети
36 556 млн.руб.
 ' are equal

07-03-2025T05:30:12 - [TEST_STEP][PASSED] - verifyEqual(findTestData("PlanFact").getValue(5, b), a4): Actual object 'Отклонение
АО "РЭС"
Россети Волга
Россети Кубань
Россети Ленэнерго (ГК)
Россети Московский регион
Россети Северо-Запад
Россети Томск
Россети Тюмень
Россети Урал (ГК)
Россети ФСК ЕЭС
Россети Центр
Россети Юг (ГК)
Россети Янтарь
- 110 %
- 100 %
-90 %
-80 %
-70 %
-60 %
-50 %
-40 %
-30 %
-20 %
-10 %
0 %
-100 %
-100 %
-100 %
-100 %
-100 %
-100 %
-100 %
-100 %
-100 %
-100 %
-100 %
-100 %
-100 %
Подписи данных
млн.
%
Выручка
 ' and expected object 'Отклонение
АО "РЭС"
Россети Волга
Россети Кубань
Россети Ленэнерго (ГК)
Россети Московский регион
Россети Северо-Запад
Россети Томск
Россети Тюмень
Россети Урал (ГК)
Россети ФСК ЕЭС
Россети Центр
Россети Юг (ГК)
Россети Янтарь
- 110 %
- 100 %
-90 %
-80 %
-70 %
-60 %
-50 %
-40 %
-30 %
-20 %
-10 %
0 %
-100 %
-100 %
-100 %
-100 %
-100 %
-100 %
-100 %
-100 %
-100 %
-100 %
-100 %
-100 %
-100 %
Подписи данных
млн.
%
Выручка
 ' are equal

07-03-2025T05:30:12 - [MESSAGE][PASSED] - Actual object 'Отклонение
АО "РЭС"
Россети Волга
Россети Кубань
Россети Ленэнерго (ГК)
Россети Московский регион
Россети Северо-Запад
Россети Томск
Россети Тюмень
Россети Урал (ГК)
Россети ФСК ЕЭС
Россети Центр
Россети Юг (ГК)
Россети Янтарь
- 110 %
- 100 %
-90 %
-80 %
-70 %
-60 %
-50 %
-40 %
-30 %
-20 %
-10 %
0 %
-100 %
-100 %
-100 %
-100 %
-100 %
-100 %
-100 %
-100 %
-100 %
-100 %
-100 %
-100 %
-100 %
Подписи данных
млн.
%
Выручка
 ' and expected object 'Отклонение
АО "РЭС"
Россети Волга
Россети Кубань
Россети Ленэнерго (ГК)
Россети Московский регион
Россети Северо-Запад
Россети Томск
Россети Тюмень
Россети Урал (ГК)
Россети ФСК ЕЭС
Россети Центр
Россети Юг (ГК)
Россети Янтарь
- 110 %
- 100 %
-90 %
-80 %
-70 %
-60 %
-50 %
-40 %
-30 %
-20 %
-10 %
0 %
-100 %
-100 %
-100 %
-100 %
-100 %
-100 %
-100 %
-100 %
-100 %
-100 %
-100 %
-100 %
-100 %
Подписи данных
млн.
%
Выручка
 ' are equal

07-03-2025T05:30:12 - [TEST_STEP][PASSED] - Script1686231490255.WriteToExcel(user, dashboardName, n, data, run, a1, a2, a3, a4, a5, a6, a7, a8, a9): null

07-03-2025T05:30:12 - [TEST_STEP][PASSED] - sheetName = "Sheet1": null

07-03-2025T05:30:12 - [TEST_STEP][PASSED] - workbook01 = getWorkbook(excelFilePath): null

07-03-2025T05:30:12 - [TEST_STEP][PASSED] - sheet01 = getExcelSheet(workbook01, sheetName): null

07-03-2025T05:30:12 - [TEST_STEP][PASSED] - setValueToCellByIndex(sheet01, n, 0, dashboardName): null

07-03-2025T05:30:12 - [TEST_STEP][PASSED] - setValueToCellByIndex(sheet01, n, 10, user): null

07-03-2025T05:30:12 - [TEST_STEP][PASSED] - setValueToCellByIndex(sheet01, n, 1, a1): null

07-03-2025T05:30:12 - [TEST_STEP][PASSED] - setValueToCellByIndex(sheet01, n, 2, a2): null

07-03-2025T05:30:12 - [TEST_STEP][PASSED] - setValueToCellByIndex(sheet01, n, 3, a3): null

07-03-2025T05:30:12 - [TEST_STEP][PASSED] - setValueToCellByIndex(sheet01, n, 4, a4): null

07-03-2025T05:30:12 - [TEST_STEP][PASSED] - setValueToCellByIndex(sheet01, n, 5, a5): null

07-03-2025T05:30:12 - [TEST_STEP][PASSED] - setValueToCellByIndex(sheet01, n, 6, a6): null

07-03-2025T05:30:12 - [TEST_STEP][PASSED] - setValueToCellByIndex(sheet01, n, 7, a7): null

07-03-2025T05:30:12 - [TEST_STEP][PASSED] - setValueToCellByIndex(sheet01, n, 8, a8): null

07-03-2025T05:30:12 - [TEST_STEP][PASSED] - setValueToCellByIndex(sheet01, n, 9, a9): null

07-03-2025T05:30:12 - [TEST_STEP][PASSED] - n = n + 1: null

07-03-2025T05:30:12 - [TEST_STEP][PASSED] - saveWorkbook(excelFilePath, workbook01): null

07-03-2025T05:30:12 - [TEST_STEP][PASSED] - if (run == 3): null

07-03-2025T05:30:12 - [TEST_STEP][PASSED] - closeBrowser(): null

07-03-2025T05:30:12 - [MESSAGE][PASSED] - Browser is closed

07-03-2025T05:30:12 - [TEST_STEP][PASSED] - ViruchkaVRublyah(user, dashboardName, n, data, run, a1, a2, a3, a4, a5, a6, a7, a8, a9, urlData): null

07-03-2025T05:30:12 - [TEST_STEP][PASSED] - n = data.getRowNumbers() + 1: null

07-03-2025T05:30:12 - [TEST_STEP][PASSED] - println(n): null

07-03-2025T05:30:12 - [TEST_STEP][PASSED] - dashboardName = "Вырука в рублях": null

07-03-2025T05:30:12 - [TEST_STEP][PASSED] - openBrowser(""): Browser is opened with url: ''

07-03-2025T05:30:12 - [MESSAGE][INFO] - Starting 'Chrome' driver

07-03-2025T05:30:12 - [MESSAGE][INFO] - Action delay is set to 0 milliseconds

07-03-2025T05:30:13 - [MESSAGE][PASSED] - Browser is opened with url: ''

07-03-2025T05:30:13 - [TEST_STEP][PASSED] - urlData = 2: null

07-03-2025T05:30:13 - [TEST_STEP][PASSED] - Script1686231490255.CheckPageDownload(urlData, run): null

07-03-2025T05:30:13 - [TEST_STEP][PASSED] - i = 1: null

07-03-2025T05:30:13 - [TEST_STEP][PASSED] - ii = 0: null

07-03-2025T05:30:13 - [TEST_STEP][PASSED] - urlText = <not implemented yet for class: org.codehaus.groovy.ast.expr.EmptyExpression>: null

07-03-2025T05:30:13 - [TEST_STEP][PASSED] - searchWord = <not implemented yet for class: org.codehaus.groovy.ast.expr.EmptyExpression>: null

07-03-2025T05:30:13 - [TEST_STEP][PASSED] - deleteAllCookies(): Delete all cookies successfully

07-03-2025T05:30:13 - [MESSAGE][PASSED] - Delete all cookies successfully

07-03-2025T05:30:13 - [TEST_STEP][PASSED] - refresh(): Refresh successfully

07-03-2025T05:30:13 - [MESSAGE][PASSED] - Refresh successfully

07-03-2025T05:30:13 - [TEST_STEP][PASSED] - delay(70): Delayed 70 second(s)

07-03-2025T05:31:23 - [MESSAGE][PASSED] - Delayed 70 second(s)

07-03-2025T05:31:23 - [TEST_STEP][PASSED] - navigateToUrl(findTestData("PlanFact").getValue(10, urlData)): Navigate to 'https://bi.rosseti.digital/viewer?dashboardGuid=2301950b23be4ed89c1df75f2020051e&sheetGuid=b723206f698544fb87299f3095c00435&fit=true' successfully

07-03-2025T05:31:28 - [MESSAGE][PASSED] - Navigate to 'https://bi.rosseti.digital/viewer?dashboardGuid=2301950b23be4ed89c1df75f2020051e&sheetGuid=b723206f698544fb87299f3095c00435&fit=true' successfully

07-03-2025T05:31:28 - [TEST_STEP][PASSED] - pageLoaded1 = verifyElementPresent(findTestObject("Страница авторизации/Text"), 30): Object 'Object Repository/Страница авторизации/Text' is present

07-03-2025T05:31:29 - [MESSAGE][PASSED] - Object 'Object Repository/Страница авторизации/Text' is present

07-03-2025T05:31:29 - [TEST_STEP][PASSED] - if (pageLoaded1 == false): null

07-03-2025T05:31:29 - [TEST_STEP][PASSED] - urlText = getText(findTestObject("Страница авторизации/Text")): Text of object 'Object Repository/Страница авторизации/Text' is: 'Вход'

07-03-2025T05:31:30 - [MESSAGE][PASSED] - Text of object 'Object Repository/Страница авторизации/Text' is: 'Вход'

07-03-2025T05:31:30 - [TEST_STEP][PASSED] - delay(70): Delayed 70 second(s)

07-03-2025T05:32:40 - [MESSAGE][PASSED] - Delayed 70 second(s)

07-03-2025T05:32:40 - [TEST_STEP][PASSED] - searchWord = "Вход": null

07-03-2025T05:32:40 - [TEST_STEP][PASSED] - if (urlText.contains(searchWord) == false): null

07-03-2025T05:32:40 - [TEST_STEP][PASSED] - setText(findTestObject("Страница авторизации/input__username"), findTestData("PlanFact").getValue(8, run)): Text 'Petrova-OV' is set on object 'Object Repository/Страница авторизации/input__username'

07-03-2025T05:32:40 - [MESSAGE][PASSED] - Text 'Petrova-OV' is set on object 'Object Repository/Страница авторизации/input__username'

07-03-2025T05:32:40 - [TEST_STEP][PASSED] - setText(findTestObject("Страница авторизации/input__password"), findTestData("PlanFact").getValue(9, run)): Text '4Ex@~R53r&3x&BVe7' is set on object 'Object Repository/Страница авторизации/input__password'

07-03-2025T05:32:41 - [MESSAGE][PASSED] - Text '4Ex@~R53r&3x&BVe7' is set on object 'Object Repository/Страница авторизации/input__password'

07-03-2025T05:32:41 - [TEST_STEP][PASSED] - click(findTestObject("Страница авторизации/button_")): Object: 'Object Repository/Страница авторизации/button_' is clicked on

07-03-2025T05:32:42 - [MESSAGE][PASSED] - Object: 'Object Repository/Страница авторизации/button_' is clicked on

07-03-2025T05:32:42 - [TEST_STEP][PASSED] - delay(70): Delayed 70 second(s)

07-03-2025T05:33:52 - [MESSAGE][PASSED] - Delayed 70 second(s)

07-03-2025T05:33:52 - [TEST_STEP][PASSED] - searchWord = "а": null

07-03-2025T05:33:52 - [TEST_STEP][PASSED] - pageLoaded2 = verifyElementPresent(findTestObject("Страница авторизации/Text"), 50): Object 'Object Repository/Страница авторизации/Text' is present

07-03-2025T05:33:53 - [MESSAGE][PASSED] - Object 'Object Repository/Страница авторизации/Text' is present

07-03-2025T05:33:53 - [TEST_STEP][PASSED] - if (pageLoaded2 == false): null

07-03-2025T05:33:53 - [TEST_STEP][PASSED] - urlText = getText(findTestObject("Страница авторизации/Text")): Text of object 'Object Repository/Страница авторизации/Text' is: 'Период
Январь 2025 года
Выручка
Все
Выполнение плановых показателей по ПАО Россети за Январь 2025 года
План
Факт
Динамика
2025 год
0 млн.руб.
20 000 млн.руб.
40 000 млн.руб.
60 000 млн.руб.
80 000 млн.руб.
100 000 млн.руб.
120 000 млн.руб.
140 000 млн.руб.
160 000 млн.руб.
180 000 млн.руб.
200 000 млн.руб.
121 309
157 865
↑
ДЗО 
ПАО Россети
Внутренний оборот - выручка за услуги по передаче электрической энергии, учтенная в выручке за электроэнергию для конечных потребителей, при выполнении ДЗО функций гарантирующего поставщика
Подписи данных
⬤Отклонение
АО "РЭС"
АО «Тываэнерго»
АО «Чеченэнерго»
Россети Волга
Россети Кубань
Россети Ленэнерго (ГК)
Россети Московский регион
Россети Северный Кавказ (ГК)
Россети Северо-Запад
Россети Сибирь (ГК)
Россети Томск
Россети Тюмень
Россети Урал (ГК)
Россети ФСК ЕЭС
Россети Центр
Россети Центр и Приволжье (ГК)
Россети Юг (ГК)
Россети Янтарь
-2 000 млн.руб.
0 млн.руб.
2 000 млн.руб.
4 000 млн.руб.
6 000 млн.руб.
8 000 млн.руб.
10 000 млн.руб.
12 000 млн.руб.
14 000 млн.руб.
-73
274
463
1 630
-54
-403
8 709
3 799
-251
11 296
-58
-1 104
-474
-59
-675
13 055
500
-19
млн.
%
Выручка
Отклонение выручки по ПАО Россети за Январь 2025 года (факт/план, млн. руб)
ПАО Россети
36 556 млн.руб.
 '

07-03-2025T05:33:53 - [MESSAGE][PASSED] - Text of object 'Object Repository/Страница авторизации/Text' is: 'Период
Январь 2025 года
Выручка
Все
Выполнение плановых показателей по ПАО Россети за Январь 2025 года
План
Факт
Динамика
2025 год
0 млн.руб.
20 000 млн.руб.
40 000 млн.руб.
60 000 млн.руб.
80 000 млн.руб.
100 000 млн.руб.
120 000 млн.руб.
140 000 млн.руб.
160 000 млн.руб.
180 000 млн.руб.
200 000 млн.руб.
121 309
157 865
↑
ДЗО 
ПАО Россети
Внутренний оборот - выручка за услуги по передаче электрической энергии, учтенная в выручке за электроэнергию для конечных потребителей, при выполнении ДЗО функций гарантирующего поставщика
Подписи данных
⬤Отклонение
АО "РЭС"
АО «Тываэнерго»
АО «Чеченэнерго»
Россети Волга
Россети Кубань
Россети Ленэнерго (ГК)
Россети Московский регион
Россети Северный Кавказ (ГК)
Россети Северо-Запад
Россети Сибирь (ГК)
Россети Томск
Россети Тюмень
Россети Урал (ГК)
Россети ФСК ЕЭС
Россети Центр
Россети Центр и Приволжье (ГК)
Россети Юг (ГК)
Россети Янтарь
-2 000 млн.руб.
0 млн.руб.
2 000 млн.руб.
4 000 млн.руб.
6 000 млн.руб.
8 000 млн.руб.
10 000 млн.руб.
12 000 млн.руб.
14 000 млн.руб.
-73
274
463
1 630
-54
-403
8 709
3 799
-251
11 296
-58
-1 104
-474
-59
-675
13 055
500
-19
млн.
%
Выручка
Отклонение выручки по ПАО Россети за Январь 2025 года (факт/план, млн. руб)
ПАО Россети
36 556 млн.руб.
 '

07-03-2025T05:33:53 - [TEST_STEP][PASSED] - if (urlText.contains("ошибка") || urlText.contains(searchWord) == false): null

07-03-2025T05:33:53 - [TEST_STEP][PASSED] - click(findTestObject("Выручка в рублях/Фильтр Период")): Object: 'Object Repository/Выручка в рублях/Фильтр Период' is clicked on

07-03-2025T05:33:54 - [MESSAGE][PASSED] - Object: 'Object Repository/Выручка в рублях/Фильтр Период' is clicked on

07-03-2025T05:33:54 - [TEST_STEP][PASSED] - click(findTestObject("Выручка в рублях/Снять выделение в фильтре Дата")): Object: 'Object Repository/Выручка в рублях/Снять выделение в фильтре Дата' is clicked on

07-03-2025T05:33:54 - [MESSAGE][PASSED] - Object: 'Object Repository/Выручка в рублях/Снять выделение в фильтре Дата' is clicked on

07-03-2025T05:33:54 - [TEST_STEP][PASSED] - click(findTestObject("Выручка в рублях/Применить в фильтре Дата")): Object: 'Object Repository/Выручка в рублях/Применить в фильтре Дата' is clicked on

07-03-2025T05:33:55 - [MESSAGE][PASSED] - Object: 'Object Repository/Выручка в рублях/Применить в фильтре Дата' is clicked on

07-03-2025T05:33:55 - [TEST_STEP][PASSED] - click(findTestObject("Выручка в рублях/Фильтр Период")): Object: 'Object Repository/Выручка в рублях/Фильтр Период' is clicked on

07-03-2025T05:33:57 - [MESSAGE][PASSED] - Object: 'Object Repository/Выручка в рублях/Фильтр Период' is clicked on

07-03-2025T05:33:57 - [TEST_STEP][PASSED] - click(findTestObject("Выручка в рублях/Снять выделение в фильтре Дата")): Object: 'Object Repository/Выручка в рублях/Снять выделение в фильтре Дата' is clicked on

07-03-2025T05:33:57 - [MESSAGE][PASSED] - Object: 'Object Repository/Выручка в рублях/Снять выделение в фильтре Дата' is clicked on

07-03-2025T05:33:57 - [TEST_STEP][PASSED] - scrollToElement(findTestObject("Выручка в рублях/2025 список"), 30): Scroll to object 'Object Repository/Выручка в рублях/2025 список' successfully

07-03-2025T05:33:58 - [MESSAGE][PASSED] - Scroll to object 'Object Repository/Выручка в рублях/2025 список' successfully

07-03-2025T05:33:58 - [TEST_STEP][PASSED] - click(findTestObject("Выручка в рублях/2025 список")): Object: 'Object Repository/Выручка в рублях/2025 список' is clicked on

07-03-2025T05:33:58 - [MESSAGE][PASSED] - Object: 'Object Repository/Выручка в рублях/2025 список' is clicked on

07-03-2025T05:33:58 - [TEST_STEP][PASSED] - scrollToElement(findTestObject("Выручка в рублях/1 квартал 2025 список"), 30): Scroll to object 'Object Repository/Выручка в рублях/1 квартал 2025 список' successfully

07-03-2025T05:33:59 - [MESSAGE][PASSED] - Scroll to object 'Object Repository/Выручка в рублях/1 квартал 2025 список' successfully

07-03-2025T05:33:59 - [TEST_STEP][PASSED] - click(findTestObject("Выручка в рублях/1 квартал 2025 список"), CONTINUE_ON_FAILURE): Object: 'Object Repository/Выручка в рублях/1 квартал 2025 список' is clicked on

07-03-2025T05:33:59 - [MESSAGE][PASSED] - Object: 'Object Repository/Выручка в рублях/1 квартал 2025 список' is clicked on

07-03-2025T05:33:59 - [TEST_STEP][PASSED] - scrollToElement(findTestObject("Выручка в рублях/Январь 2025"), 30): Scroll to object 'Object Repository/Выручка в рублях/Январь 2025' successfully

07-03-2025T05:33:59 - [MESSAGE][PASSED] - Scroll to object 'Object Repository/Выручка в рублях/Январь 2025' successfully

07-03-2025T05:33:59 - [TEST_STEP][PASSED] - click(findTestObject("Выручка в рублях/Январь 2025"), CONTINUE_ON_FAILURE): Object: 'Object Repository/Выручка в рублях/Январь 2025' is clicked on

07-03-2025T05:34:00 - [MESSAGE][PASSED] - Object: 'Object Repository/Выручка в рублях/Январь 2025' is clicked on

07-03-2025T05:34:00 - [TEST_STEP][PASSED] - click(findTestObject("Выручка в рублях/Применить в фильтре Дата")): Object: 'Object Repository/Выручка в рублях/Применить в фильтре Дата' is clicked on

07-03-2025T05:34:00 - [MESSAGE][PASSED] - Object: 'Object Repository/Выручка в рублях/Применить в фильтре Дата' is clicked on

07-03-2025T05:34:00 - [TEST_STEP][PASSED] - scrollToElement(findTestObject("Выручка в рублях/Заголовок дашборда"), 30): Scroll to object 'Object Repository/Выручка в рублях/Заголовок дашборда' successfully

07-03-2025T05:34:01 - [MESSAGE][PASSED] - Scroll to object 'Object Repository/Выручка в рублях/Заголовок дашборда' successfully

07-03-2025T05:34:01 - [TEST_STEP][PASSED] - delay(70): Delayed 70 second(s)

07-03-2025T05:35:11 - [MESSAGE][PASSED] - Delayed 70 second(s)

07-03-2025T05:35:11 - [TEST_STEP][PASSED] - a5 = "": null

07-03-2025T05:35:11 - [TEST_STEP][PASSED] - a6 = "": null

07-03-2025T05:35:11 - [TEST_STEP][PASSED] - a7 = "": null

07-03-2025T05:35:11 - [TEST_STEP][PASSED] - a8 = "": null

07-03-2025T05:35:11 - [TEST_STEP][PASSED] - a9 = "": null

07-03-2025T05:35:11 - [TEST_STEP][PASSED] - if (run == 1): null

07-03-2025T05:35:11 - [TEST_STEP][PASSED] - if (run == 2): null

07-03-2025T05:35:11 - [TEST_STEP][PASSED] - if (run == 3): null

07-03-2025T05:35:11 - [TEST_STEP][PASSED] - user = "Попова": null

07-03-2025T05:35:11 - [TEST_STEP][PASSED] - a1 = getText(findTestObject("Выручка в рублях/График План")): Text of object 'Object Repository/Выручка в рублях/График План' is: '121 309'

07-03-2025T05:35:12 - [MESSAGE][PASSED] - Text of object 'Object Repository/Выручка в рублях/График План' is: '121 309'

07-03-2025T05:35:12 - [TEST_STEP][PASSED] - a2 = getText(findTestObject("Выручка в рублях/График Факт")): Text of object 'Object Repository/Выручка в рублях/График Факт' is: '157 865'

07-03-2025T05:35:12 - [MESSAGE][PASSED] - Text of object 'Object Repository/Выручка в рублях/График Факт' is: '157 865'

07-03-2025T05:35:12 - [TEST_STEP][PASSED] - a3 = getText(findTestObject("Выручка в рублях/График Отклонение выручки")): Text of object 'Object Repository/Выручка в рублях/График Отклонение выручки' is: 'Период
Январь 2025 года
Выручка
Все
Выполнение плановых показателей по ПАО Россети за Январь 2025 года
План
Факт
Динамика
2025 год
0 млн.руб.
20 000 млн.руб.
40 000 млн.руб.
60 000 млн.руб.
80 000 млн.руб.
100 000 млн.руб.
120 000 млн.руб.
140 000 млн.руб.
160 000 млн.руб.
180 000 млн.руб.
200 000 млн.руб.
121 309
157 865
↑
ДЗО 
ПАО Россети
Внутренний оборот - выручка за услуги по передаче электрической энергии, учтенная в выручке за электроэнергию для конечных потребителей, при выполнении ДЗО функций гарантирующего поставщика
Подписи данных
⬤Отклонение
АО "РЭС"
АО «Тываэнерго»
АО «Чеченэнерго»
Россети Волга
Россети Кубань
Россети Ленэнерго (ГК)
Россети Московский регион
Россети Северный Кавказ (ГК)
Россети Северо-Запад
Россети Сибирь (ГК)
Россети Томск
Россети Тюмень
Россети Урал (ГК)
Россети ФСК ЕЭС
Россети Центр
Россети Центр и Приволжье (ГК)
Россети Юг (ГК)
Россети Янтарь
-2 000 млн.руб.
0 млн.руб.
2 000 млн.руб.
4 000 млн.руб.
6 000 млн.руб.
8 000 млн.руб.
10 000 млн.руб.
12 000 млн.руб.
14 000 млн.руб.
-73
274
463
1 630
-54
-403
8 709
3 799
-251
11 296
-58
-1 104
-474
-59
-675
13 055
500
-19
млн.
%
Выручка
Отклонение выручки по ПАО Россети за Январь 2025 года (факт/план, млн. руб)
ПАО Россети
36 556 млн.руб.
 '

07-03-2025T05:35:12 - [MESSAGE][PASSED] - Text of object 'Object Repository/Выручка в рублях/График Отклонение выручки' is: 'Период
Январь 2025 года
Выручка
Все
Выполнение плановых показателей по ПАО Россети за Январь 2025 года
План
Факт
Динамика
2025 год
0 млн.руб.
20 000 млн.руб.
40 000 млн.руб.
60 000 млн.руб.
80 000 млн.руб.
100 000 млн.руб.
120 000 млн.руб.
140 000 млн.руб.
160 000 млн.руб.
180 000 млн.руб.
200 000 млн.руб.
121 309
157 865
↑
ДЗО 
ПАО Россети
Внутренний оборот - выручка за услуги по передаче электрической энергии, учтенная в выручке за электроэнергию для конечных потребителей, при выполнении ДЗО функций гарантирующего поставщика
Подписи данных
⬤Отклонение
АО "РЭС"
АО «Тываэнерго»
АО «Чеченэнерго»
Россети Волга
Россети Кубань
Россети Ленэнерго (ГК)
Россети Московский регион
Россети Северный Кавказ (ГК)
Россети Северо-Запад
Россети Сибирь (ГК)
Россети Томск
Россети Тюмень
Россети Урал (ГК)
Россети ФСК ЕЭС
Россети Центр
Россети Центр и Приволжье (ГК)
Россети Юг (ГК)
Россети Янтарь
-2 000 млн.руб.
0 млн.руб.
2 000 млн.руб.
4 000 млн.руб.
6 000 млн.руб.
8 000 млн.руб.
10 000 млн.руб.
12 000 млн.руб.
14 000 млн.руб.
-73
274
463
1 630
-54
-403
8 709
3 799
-251
11 296
-58
-1 104
-474
-59
-675
13 055
500
-19
млн.
%
Выручка
Отклонение выручки по ПАО Россети за Январь 2025 года (факт/план, млн. руб)
ПАО Россети
36 556 млн.руб.
 '

07-03-2025T05:35:12 - [TEST_STEP][PASSED] - a3 = a3.substring(a3.lastIndexOf("Отклонение")): null

07-03-2025T05:35:12 - [TEST_STEP][PASSED] - click(findTestObject("Выручка в рублях/Переключить отображение с млн на проценты Выручка в рублях")): Object: 'Object Repository/Выручка в рублях/Переключить отображение с млн на проценты Выручка в рублях' is clicked on

07-03-2025T05:35:13 - [MESSAGE][PASSED] - Object: 'Object Repository/Выручка в рублях/Переключить отображение с млн на проценты Выручка в рублях' is clicked on

07-03-2025T05:35:13 - [TEST_STEP][PASSED] - a4 = getText(findTestObject("Выручка в рублях/График Отклонение выручки")): Text of object 'Object Repository/Выручка в рублях/График Отклонение выручки' is: 'Период
Январь 2025 года
Выручка
Все
Выполнение плановых показателей по ПАО Россети за Январь 2025 года
План
Факт
Динамика
2025 год
0 млн.руб.
20 000 млн.руб.
40 000 млн.руб.
60 000 млн.руб.
80 000 млн.руб.
100 000 млн.руб.
120 000 млн.руб.
140 000 млн.руб.
160 000 млн.руб.
180 000 млн.руб.
200 000 млн.руб.
121 309
157 865
↑
ДЗО 
ПАО Россети
Отклонение выручки по ПАО Россети за Январь 2025 года (факт/план, %)
ПАО Россети
-100 %
Внутренний оборот - выручка за услуги по передаче электрической энергии, учтенная в выручке за электроэнергию для конечных потребителей, при выполнении ДЗО функций гарантирующего поставщика
⬤Отклонение
АО "РЭС"
Россети Волга
Россети Кубань
Россети Ленэнерго (ГК)
Россети Московский регион
Россети Северо-Запад
Россети Томск
Россети Тюмень
Россети Урал (ГК)
Россети ФСК ЕЭС
Россети Центр
Россети Юг (ГК)
Россети Янтарь
- 110 %
- 100 %
-90 %
-80 %
-70 %
-60 %
-50 %
-40 %
-30 %
-20 %
-10 %
0 %
-100 %
-100 %
-100 %
-100 %
-100 %
-100 %
-100 %
-100 %
-100 %
-100 %
-100 %
-100 %
-100 %
Подписи данных
млн.
%
Выручка
 '

07-03-2025T05:35:13 - [MESSAGE][PASSED] - Text of object 'Object Repository/Выручка в рублях/График Отклонение выручки' is: 'Период
Январь 2025 года
Выручка
Все
Выполнение плановых показателей по ПАО Россети за Январь 2025 года
План
Факт
Динамика
2025 год
0 млн.руб.
20 000 млн.руб.
40 000 млн.руб.
60 000 млн.руб.
80 000 млн.руб.
100 000 млн.руб.
120 000 млн.руб.
140 000 млн.руб.
160 000 млн.руб.
180 000 млн.руб.
200 000 млн.руб.
121 309
157 865
↑
ДЗО 
ПАО Россети
Отклонение выручки по ПАО Россети за Январь 2025 года (факт/план, %)
ПАО Россети
-100 %
Внутренний оборот - выручка за услуги по передаче электрической энергии, учтенная в выручке за электроэнергию для конечных потребителей, при выполнении ДЗО функций гарантирующего поставщика
⬤Отклонение
АО "РЭС"
Россети Волга
Россети Кубань
Россети Ленэнерго (ГК)
Россети Московский регион
Россети Северо-Запад
Россети Томск
Россети Тюмень
Россети Урал (ГК)
Россети ФСК ЕЭС
Россети Центр
Россети Юг (ГК)
Россети Янтарь
- 110 %
- 100 %
-90 %
-80 %
-70 %
-60 %
-50 %
-40 %
-30 %
-20 %
-10 %
0 %
-100 %
-100 %
-100 %
-100 %
-100 %
-100 %
-100 %
-100 %
-100 %
-100 %
-100 %
-100 %
-100 %
Подписи данных
млн.
%
Выручка
 '

07-03-2025T05:35:13 - [TEST_STEP][PASSED] - a4 = a4.substring(a4.lastIndexOf("Отклонение")): null

07-03-2025T05:35:13 - [TEST_STEP][PASSED] - click(findTestObject("Выручка в рублях/Переключить отображение с процентов на млн Выручка в рублях")): Object: 'Object Repository/Выручка в рублях/Переключить отображение с процентов на млн Выручка в рублях' is clicked on

07-03-2025T05:35:14 - [MESSAGE][PASSED] - Object: 'Object Repository/Выручка в рублях/Переключить отображение с процентов на млн Выручка в рублях' is clicked on

07-03-2025T05:35:14 - [TEST_STEP][PASSED] - n = n + 5: null

07-03-2025T05:35:14 - [TEST_STEP][PASSED] - b = n - run + 1: null

07-03-2025T05:35:14 - [TEST_STEP][PASSED] - verifyEqual(findTestData("PlanFact").getValue(2, b), a1): Actual object '121 309' and expected object '121 309' are equal

07-03-2025T05:35:14 - [MESSAGE][PASSED] - Actual object '121 309' and expected object '121 309' are equal

07-03-2025T05:35:14 - [TEST_STEP][PASSED] - verifyEqual(findTestData("PlanFact").getValue(3, b), a2): Actual object '157 865' and expected object '157 865' are equal

07-03-2025T05:35:14 - [MESSAGE][PASSED] - Actual object '157 865' and expected object '157 865' are equal

07-03-2025T05:35:14 - [TEST_STEP][PASSED] - verifyEqual(findTestData("PlanFact").getValue(4, b), a3): Actual object 'Отклонение выручки по ПАО Россети за Январь 2025 года (факт/план, млн. руб)
ПАО Россети
36 556 млн.руб.
 ' and expected object 'Отклонение выручки по ПАО Россети за Январь 2025 года (факт/план, млн. руб)
ПАО Россети
36 556 млн.руб.
 ' are equal

07-03-2025T05:35:14 - [MESSAGE][PASSED] - Actual object 'Отклонение выручки по ПАО Россети за Январь 2025 года (факт/план, млн. руб)
ПАО Россети
36 556 млн.руб.
 ' and expected object 'Отклонение выручки по ПАО Россети за Январь 2025 года (факт/план, млн. руб)
ПАО Россети
36 556 млн.руб.
 ' are equal

07-03-2025T05:35:14 - [TEST_STEP][PASSED] - verifyEqual(findTestData("PlanFact").getValue(5, b), a4): Actual object 'Отклонение
АО "РЭС"
Россети Волга
Россети Кубань
Россети Ленэнерго (ГК)
Россети Московский регион
Россети Северо-Запад
Россети Томск
Россети Тюмень
Россети Урал (ГК)
Россети ФСК ЕЭС
Россети Центр
Россети Юг (ГК)
Россети Янтарь
- 110 %
- 100 %
-90 %
-80 %
-70 %
-60 %
-50 %
-40 %
-30 %
-20 %
-10 %
0 %
-100 %
-100 %
-100 %
-100 %
-100 %
-100 %
-100 %
-100 %
-100 %
-100 %
-100 %
-100 %
-100 %
Подписи данных
млн.
%
Выручка
 ' and expected object 'Отклонение
АО "РЭС"
Россети Волга
Россети Кубань
Россети Ленэнерго (ГК)
Россети Московский регион
Россети Северо-Запад
Россети Томск
Россети Тюмень
Россети Урал (ГК)
Россети ФСК ЕЭС
Россети Центр
Россети Юг (ГК)
Россети Янтарь
- 110 %
- 100 %
-90 %
-80 %
-70 %
-60 %
-50 %
-40 %
-30 %
-20 %
-10 %
0 %
-100 %
-100 %
-100 %
-100 %
-100 %
-100 %
-100 %
-100 %
-100 %
-100 %
-100 %
-100 %
-100 %
Подписи данных
млн.
%
Выручка
 ' are equal

07-03-2025T05:35:14 - [MESSAGE][PASSED] - Actual object 'Отклонение
АО "РЭС"
Россети Волга
Россети Кубань
Россети Ленэнерго (ГК)
Россети Московский регион
Россети Северо-Запад
Россети Томск
Россети Тюмень
Россети Урал (ГК)
Россети ФСК ЕЭС
Россети Центр
Россети Юг (ГК)
Россети Янтарь
- 110 %
- 100 %
-90 %
-80 %
-70 %
-60 %
-50 %
-40 %
-30 %
-20 %
-10 %
0 %
-100 %
-100 %
-100 %
-100 %
-100 %
-100 %
-100 %
-100 %
-100 %
-100 %
-100 %
-100 %
-100 %
Подписи данных
млн.
%
Выручка
 ' and expected object 'Отклонение
АО "РЭС"
Россети Волга
Россети Кубань
Россети Ленэнерго (ГК)
Россети Московский регион
Россети Северо-Запад
Россети Томск
Россети Тюмень
Россети Урал (ГК)
Россети ФСК ЕЭС
Россети Центр
Россети Юг (ГК)
Россети Янтарь
- 110 %
- 100 %
-90 %
-80 %
-70 %
-60 %
-50 %
-40 %
-30 %
-20 %
-10 %
0 %
-100 %
-100 %
-100 %
-100 %
-100 %
-100 %
-100 %
-100 %
-100 %
-100 %
-100 %
-100 %
-100 %
Подписи данных
млн.
%
Выручка
 ' are equal

07-03-2025T05:35:14 - [TEST_STEP][PASSED] - Script1686231490255.WriteToExcel(user, dashboardName, n, data, run, a1, a2, a3, a4, a5, a6, a7, a8, a9): null

07-03-2025T05:35:14 - [TEST_STEP][PASSED] - sheetName = "Sheet1": null

07-03-2025T05:35:14 - [TEST_STEP][PASSED] - workbook01 = getWorkbook(excelFilePath): null

07-03-2025T05:35:14 - [TEST_STEP][PASSED] - sheet01 = getExcelSheet(workbook01, sheetName): null

07-03-2025T05:35:14 - [TEST_STEP][PASSED] - setValueToCellByIndex(sheet01, n, 0, dashboardName): null

07-03-2025T05:35:14 - [TEST_STEP][PASSED] - setValueToCellByIndex(sheet01, n, 10, user): null

07-03-2025T05:35:14 - [TEST_STEP][PASSED] - setValueToCellByIndex(sheet01, n, 1, a1): null

07-03-2025T05:35:14 - [TEST_STEP][PASSED] - setValueToCellByIndex(sheet01, n, 2, a2): null

07-03-2025T05:35:14 - [TEST_STEP][PASSED] - setValueToCellByIndex(sheet01, n, 3, a3): null

07-03-2025T05:35:14 - [TEST_STEP][PASSED] - setValueToCellByIndex(sheet01, n, 4, a4): null

07-03-2025T05:35:14 - [TEST_STEP][PASSED] - setValueToCellByIndex(sheet01, n, 5, a5): null

07-03-2025T05:35:14 - [TEST_STEP][PASSED] - setValueToCellByIndex(sheet01, n, 6, a6): null

07-03-2025T05:35:14 - [TEST_STEP][PASSED] - setValueToCellByIndex(sheet01, n, 7, a7): null

07-03-2025T05:35:14 - [TEST_STEP][PASSED] - setValueToCellByIndex(sheet01, n, 8, a8): null

07-03-2025T05:35:14 - [TEST_STEP][PASSED] - setValueToCellByIndex(sheet01, n, 9, a9): null

07-03-2025T05:35:14 - [TEST_STEP][PASSED] - n = n + 1: null

07-03-2025T05:35:14 - [TEST_STEP][PASSED] - saveWorkbook(excelFilePath, workbook01): null

07-03-2025T05:35:14 - [TEST_STEP][PASSED] - closeBrowser(): Browser is closed

07-03-2025T05:35:14 - [MESSAGE][PASSED] - Browser is closed

07-03-2025T05:35:14 - [TEST_STEP][PASSED] - delay(70): Delayed 70 second(s)

07-03-2025T05:36:24 - [MESSAGE][PASSED] - Delayed 70 second(s)

07-03-2025T05:36:24 - [TEST_STEP][PASSED] - for ([run = 1, run < 4, (run++)]): null

07-03-2025T05:36:24 - [TEST_STEP][PASSED] - ObyemPoter(user, dashboardName, n, data, run, a1, a2, a3, a4, a5, a6, a7, a8, a9, urlData): null

07-03-2025T05:36:24 - [TEST_STEP][PASSED] - n = data.getRowNumbers() + 1: null

07-03-2025T05:36:24 - [TEST_STEP][PASSED] - println(n): null

07-03-2025T05:36:24 - [TEST_STEP][PASSED] - dashboardName = "Объём потерь": null

07-03-2025T05:36:24 - [TEST_STEP][PASSED] - openBrowser(""): Browser is opened with url: ''

07-03-2025T05:36:24 - [MESSAGE][INFO] - Starting 'Chrome' driver

07-03-2025T05:36:24 - [MESSAGE][INFO] - Action delay is set to 0 milliseconds

07-03-2025T05:36:25 - [MESSAGE][PASSED] - Browser is opened with url: ''

07-03-2025T05:36:25 - [TEST_STEP][PASSED] - urlData = 14: null

07-03-2025T05:36:25 - [TEST_STEP][PASSED] - Script1686231490255.CheckPageDownload(urlData, run): null

07-03-2025T05:36:25 - [TEST_STEP][PASSED] - i = 1: null

07-03-2025T05:36:25 - [TEST_STEP][PASSED] - ii = 0: null

07-03-2025T05:36:25 - [TEST_STEP][PASSED] - urlText = <not implemented yet for class: org.codehaus.groovy.ast.expr.EmptyExpression>: null

07-03-2025T05:36:25 - [TEST_STEP][PASSED] - searchWord = <not implemented yet for class: org.codehaus.groovy.ast.expr.EmptyExpression>: null

07-03-2025T05:36:25 - [TEST_STEP][PASSED] - deleteAllCookies(): Delete all cookies successfully

07-03-2025T05:36:25 - [MESSAGE][PASSED] - Delete all cookies successfully

07-03-2025T05:36:25 - [TEST_STEP][PASSED] - refresh(): Refresh successfully

07-03-2025T05:36:25 - [MESSAGE][PASSED] - Refresh successfully

07-03-2025T05:36:25 - [TEST_STEP][PASSED] - delay(70): Delayed 70 second(s)

07-03-2025T05:37:35 - [MESSAGE][PASSED] - Delayed 70 second(s)

07-03-2025T05:37:35 - [TEST_STEP][PASSED] - navigateToUrl(findTestData("PlanFact").getValue(10, urlData)): Navigate to 'https://bi.rosseti.digital/viewer?dashboardGuid=d154a8eaf6824e2b9de1bb04dd061c18&sheetGuid=aa9766f159804cfeb6006ba98edf3a23&fit=true' successfully

07-03-2025T05:37:46 - [MESSAGE][PASSED] - Navigate to 'https://bi.rosseti.digital/viewer?dashboardGuid=d154a8eaf6824e2b9de1bb04dd061c18&sheetGuid=aa9766f159804cfeb6006ba98edf3a23&fit=true' successfully

07-03-2025T05:37:46 - [TEST_STEP][PASSED] - pageLoaded1 = verifyElementPresent(findTestObject("Страница авторизации/Text"), 30): Object 'Object Repository/Страница авторизации/Text' is present

07-03-2025T05:37:48 - [MESSAGE][PASSED] - Object 'Object Repository/Страница авторизации/Text' is present

07-03-2025T05:37:48 - [TEST_STEP][PASSED] - if (pageLoaded1 == false): null

07-03-2025T05:37:48 - [TEST_STEP][PASSED] - urlText = getText(findTestObject("Страница авторизации/Text")): Text of object 'Object Repository/Страница авторизации/Text' is: 'Вход'

07-03-2025T05:37:48 - [MESSAGE][PASSED] - Text of object 'Object Repository/Страница авторизации/Text' is: 'Вход'

07-03-2025T05:37:48 - [TEST_STEP][PASSED] - delay(70): Delayed 70 second(s)

07-03-2025T05:38:58 - [MESSAGE][PASSED] - Delayed 70 second(s)

07-03-2025T05:38:58 - [TEST_STEP][PASSED] - searchWord = "Вход": null

07-03-2025T05:38:58 - [TEST_STEP][PASSED] - if (urlText.contains(searchWord) == false): null

07-03-2025T05:38:58 - [TEST_STEP][PASSED] - setText(findTestObject("Страница авторизации/input__username"), findTestData("PlanFact").getValue(8, run)): Text 'liazgina-di' is set on object 'Object Repository/Страница авторизации/input__username'

07-03-2025T05:38:59 - [MESSAGE][PASSED] - Text 'liazgina-di' is set on object 'Object Repository/Страница авторизации/input__username'

07-03-2025T05:38:59 - [TEST_STEP][PASSED] - setText(findTestObject("Страница авторизации/input__password"), findTestData("PlanFact").getValue(9, run)): Text ')$%5srZ8o688Dm#q' is set on object 'Object Repository/Страница авторизации/input__password'

07-03-2025T05:38:59 - [MESSAGE][PASSED] - Text ')$%5srZ8o688Dm#q' is set on object 'Object Repository/Страница авторизации/input__password'

07-03-2025T05:38:59 - [TEST_STEP][PASSED] - click(findTestObject("Страница авторизации/button_")): Object: 'Object Repository/Страница авторизации/button_' is clicked on

07-03-2025T05:39:00 - [MESSAGE][PASSED] - Object: 'Object Repository/Страница авторизации/button_' is clicked on

07-03-2025T05:39:00 - [TEST_STEP][PASSED] - delay(70): Delayed 70 second(s)

07-03-2025T05:40:10 - [MESSAGE][PASSED] - Delayed 70 second(s)

07-03-2025T05:40:10 - [TEST_STEP][PASSED] - searchWord = "а": null

07-03-2025T05:40:10 - [TEST_STEP][PASSED] - pageLoaded2 = verifyElementPresent(findTestObject("Страница авторизации/Text"), 50): Object 'Object Repository/Страница авторизации/Text' is present

07-03-2025T05:40:11 - [MESSAGE][PASSED] - Object 'Object Repository/Страница авторизации/Text' is present

07-03-2025T05:40:11 - [TEST_STEP][PASSED] - if (pageLoaded2 == false): null

07-03-2025T05:40:11 - [TEST_STEP][PASSED] - urlText = getText(findTestObject("Страница авторизации/Text")): Text of object 'Object Repository/Страница авторизации/Text' is: 'ДЗО 
Все
Период
2025 год - 1 квартал - Январь, 2024 год - 1 квартал - Январь, 2023 год - 1 квартал - Январь
тыс. кВт⋅ч
п.п.
Объем потерь
8 783 3018 783 301
9 468 8399 468 839
4 064 9164 064 916
2023 год
2024 год
2025 год
0
2 000
4 000
6 000
8 000
10 000
Уровень потерь
10.5910.59
10.6510.65
8.178.17
Факт
2023 год
2024 год
2025 год
0
2
4
6
8
10
12
●● Отклонения, тыс. кВт⋅ч
тыс. кВт⋅ч
Отклонения объема потерь
685 538685 538
-5 403 923-5 403 923
2023/2024
2024/2025
-6 000 000
-5 000 000
-4 000 000
-3 000 000
-2 000 000
-1 000 000
0
1 000 000
●● Отклонения, п.п.
п.п.
Отклонения уровня потерь
0.060.06
-2.49-2.49
2023/2024
2024/2025
-3
-2
-1
0
1
Фактические данные по объему и уровню потерь электроэнергии'

07-03-2025T05:40:11 - [MESSAGE][PASSED] - Text of object 'Object Repository/Страница авторизации/Text' is: 'ДЗО 
Все
Период
2025 год - 1 квартал - Январь, 2024 год - 1 квартал - Январь, 2023 год - 1 квартал - Январь
тыс. кВт⋅ч
п.п.
Объем потерь
8 783 3018 783 301
9 468 8399 468 839
4 064 9164 064 916
2023 год
2024 год
2025 год
0
2 000
4 000
6 000
8 000
10 000
Уровень потерь
10.5910.59
10.6510.65
8.178.17
Факт
2023 год
2024 год
2025 год
0
2
4
6
8
10
12
●● Отклонения, тыс. кВт⋅ч
тыс. кВт⋅ч
Отклонения объема потерь
685 538685 538
-5 403 923-5 403 923
2023/2024
2024/2025
-6 000 000
-5 000 000
-4 000 000
-3 000 000
-2 000 000
-1 000 000
0
1 000 000
●● Отклонения, п.п.
п.п.
Отклонения уровня потерь
0.060.06
-2.49-2.49
2023/2024
2024/2025
-3
-2
-1
0
1
Фактические данные по объему и уровню потерь электроэнергии'

07-03-2025T05:40:11 - [TEST_STEP][PASSED] - if (urlText.contains("ошибка") || urlText.contains(searchWord) == false): null

07-03-2025T05:40:11 - [TEST_STEP][PASSED] - a9 = "": null

07-03-2025T05:40:11 - [TEST_STEP][PASSED] - a3 = "": null

07-03-2025T05:40:11 - [TEST_STEP][PASSED] - a6 = "": null

07-03-2025T05:40:11 - [TEST_STEP][PASSED] - if (run == 1): null

07-03-2025T05:40:11 - [TEST_STEP][PASSED] - user = "админ": null

07-03-2025T05:40:11 - [TEST_STEP][PASSED] - a1 = getText(findTestObject("Объем потерь/divObemPoter")): Text of object 'Object Repository/Объем потерь/divObemPoter' is: 'Объем потерь
8 783 3018 783 301
9 468 8399 468 839
4 064 9164 064 916
2023 год
2024 год
2025 год
0
2 000
4 000
6 000
8 000
10 000'

07-03-2025T05:40:11 - [MESSAGE][PASSED] - Text of object 'Object Repository/Объем потерь/divObemPoter' is: 'Объем потерь
8 783 3018 783 301
9 468 8399 468 839
4 064 9164 064 916
2023 год
2024 год
2025 год
0
2 000
4 000
6 000
8 000
10 000'

07-03-2025T05:40:11 - [TEST_STEP][PASSED] - a2 = getText(findTestObject("Объем потерь/divUrovenPoter")): Text of object 'Object Repository/Объем потерь/divUrovenPoter' is: 'Уровень потерь
10.5910.59
10.6510.65
8.178.17
Факт
2023 год
2024 год
2025 год
0
2
4
6
8
10
12'

07-03-2025T05:40:12 - [MESSAGE][PASSED] - Text of object 'Object Repository/Объем потерь/divUrovenPoter' is: 'Уровень потерь
10.5910.59
10.6510.65
8.178.17
Факт
2023 год
2024 год
2025 год
0
2
4
6
8
10
12'

07-03-2025T05:40:12 - [TEST_STEP][PASSED] - a3 = getText(findTestObject("Объем потерь/divOtkloneniyaObemaPoter")): Text of object 'Object Repository/Объем потерь/divOtkloneniyaObemaPoter' is: '●● Отклонения, тыс. кВт⋅ч
тыс. кВт⋅ч
Отклонения объема потерь
685 538685 538
-5 403 923-5 403 923
2023/2024
2024/2025
-6 000 000
-5 000 000
-4 000 000
-3 000 000
-2 000 000
-1 000 000
0
1 000 000'

07-03-2025T05:40:12 - [MESSAGE][PASSED] - Text of object 'Object Repository/Объем потерь/divOtkloneniyaObemaPoter' is: '●● Отклонения, тыс. кВт⋅ч
тыс. кВт⋅ч
Отклонения объема потерь
685 538685 538
-5 403 923-5 403 923
2023/2024
2024/2025
-6 000 000
-5 000 000
-4 000 000
-3 000 000
-2 000 000
-1 000 000
0
1 000 000'

07-03-2025T05:40:12 - [TEST_STEP][PASSED] - a4 = getText(findTestObject("Объем потерь/divOtkloneniyaUrovnyaPoter")): Text of object 'Object Repository/Объем потерь/divOtkloneniyaUrovnyaPoter' is: '●● Отклонения, п.п.
п.п.
Отклонения уровня потерь
0.060.06
-2.49-2.49
2023/2024
2024/2025
-3
-2
-1
0
1'

07-03-2025T05:40:12 - [MESSAGE][PASSED] - Text of object 'Object Repository/Объем потерь/divOtkloneniyaUrovnyaPoter' is: '●● Отклонения, п.п.
п.п.
Отклонения уровня потерь
0.060.06
-2.49-2.49
2023/2024
2024/2025
-3
-2
-1
0
1'

07-03-2025T05:40:12 - [TEST_STEP][PASSED] - n = n + 6: null

07-03-2025T05:40:12 - [TEST_STEP][PASSED] - Script1686231490255.WriteToExcel(user, dashboardName, n, data, run, a1, a2, a3, a4, a5, a6, a7, a8, a9): null

07-03-2025T05:40:12 - [TEST_STEP][PASSED] - sheetName = "Sheet1": null

07-03-2025T05:40:12 - [TEST_STEP][PASSED] - workbook01 = getWorkbook(excelFilePath): null

07-03-2025T05:40:12 - [TEST_STEP][PASSED] - sheet01 = getExcelSheet(workbook01, sheetName): null

07-03-2025T05:40:12 - [TEST_STEP][PASSED] - setValueToCellByIndex(sheet01, n, 0, dashboardName): null

07-03-2025T05:40:12 - [TEST_STEP][PASSED] - setValueToCellByIndex(sheet01, n, 10, user): null

07-03-2025T05:40:12 - [TEST_STEP][PASSED] - setValueToCellByIndex(sheet01, n, 1, a1): null

07-03-2025T05:40:12 - [TEST_STEP][PASSED] - setValueToCellByIndex(sheet01, n, 2, a2): null

07-03-2025T05:40:12 - [TEST_STEP][PASSED] - setValueToCellByIndex(sheet01, n, 3, a3): null

07-03-2025T05:40:12 - [TEST_STEP][PASSED] - setValueToCellByIndex(sheet01, n, 4, a4): null

07-03-2025T05:40:12 - [TEST_STEP][PASSED] - setValueToCellByIndex(sheet01, n, 5, a5): null

07-03-2025T05:40:12 - [TEST_STEP][PASSED] - setValueToCellByIndex(sheet01, n, 6, a6): null

07-03-2025T05:40:12 - [TEST_STEP][PASSED] - setValueToCellByIndex(sheet01, n, 7, a7): null

07-03-2025T05:40:12 - [TEST_STEP][PASSED] - setValueToCellByIndex(sheet01, n, 8, a8): null

07-03-2025T05:40:12 - [TEST_STEP][PASSED] - setValueToCellByIndex(sheet01, n, 9, a9): null

07-03-2025T05:40:12 - [TEST_STEP][PASSED] - n = n + 1: null

07-03-2025T05:40:12 - [TEST_STEP][PASSED] - saveWorkbook(excelFilePath, workbook01): null

07-03-2025T05:40:13 - [TEST_STEP][PASSED] - if (run == 2): null

07-03-2025T05:40:13 - [TEST_STEP][PASSED] - if (run == 3): null

07-03-2025T05:40:13 - [TEST_STEP][PASSED] - closeBrowser(): null

07-03-2025T05:40:13 - [MESSAGE][PASSED] - Browser is closed

07-03-2025T05:40:13 - [TEST_STEP][PASSED] - ObyemPoter(user, dashboardName, n, data, run, a1, a2, a3, a4, a5, a6, a7, a8, a9, urlData): null

07-03-2025T05:40:13 - [TEST_STEP][PASSED] - n = data.getRowNumbers() + 1: null

07-03-2025T05:40:13 - [TEST_STEP][PASSED] - println(n): null

07-03-2025T05:40:13 - [TEST_STEP][PASSED] - dashboardName = "Объём потерь": null

07-03-2025T05:40:13 - [TEST_STEP][PASSED] - openBrowser(""): Browser is opened with url: ''

07-03-2025T05:40:13 - [MESSAGE][INFO] - Starting 'Chrome' driver

07-03-2025T05:40:13 - [MESSAGE][INFO] - Action delay is set to 0 milliseconds

07-03-2025T05:40:14 - [MESSAGE][PASSED] - Browser is opened with url: ''

07-03-2025T05:40:14 - [TEST_STEP][PASSED] - urlData = 14: null

07-03-2025T05:40:14 - [TEST_STEP][PASSED] - Script1686231490255.CheckPageDownload(urlData, run): null

07-03-2025T05:40:14 - [TEST_STEP][PASSED] - i = 1: null

07-03-2025T05:40:14 - [TEST_STEP][PASSED] - ii = 0: null

07-03-2025T05:40:14 - [TEST_STEP][PASSED] - urlText = <not implemented yet for class: org.codehaus.groovy.ast.expr.EmptyExpression>: null

07-03-2025T05:40:14 - [TEST_STEP][PASSED] - searchWord = <not implemented yet for class: org.codehaus.groovy.ast.expr.EmptyExpression>: null

07-03-2025T05:40:14 - [TEST_STEP][PASSED] - deleteAllCookies(): Delete all cookies successfully

07-03-2025T05:40:14 - [MESSAGE][PASSED] - Delete all cookies successfully

07-03-2025T05:40:14 - [TEST_STEP][PASSED] - refresh(): Refresh successfully

07-03-2025T05:40:14 - [MESSAGE][PASSED] - Refresh successfully

07-03-2025T05:40:14 - [TEST_STEP][PASSED] - delay(70): Delayed 70 second(s)

07-03-2025T05:41:24 - [MESSAGE][PASSED] - Delayed 70 second(s)

07-03-2025T05:41:24 - [TEST_STEP][PASSED] - navigateToUrl(findTestData("PlanFact").getValue(10, urlData)): Navigate to 'https://bi.rosseti.digital/viewer?dashboardGuid=d154a8eaf6824e2b9de1bb04dd061c18&sheetGuid=aa9766f159804cfeb6006ba98edf3a23&fit=true' successfully

07-03-2025T05:41:27 - [MESSAGE][PASSED] - Navigate to 'https://bi.rosseti.digital/viewer?dashboardGuid=d154a8eaf6824e2b9de1bb04dd061c18&sheetGuid=aa9766f159804cfeb6006ba98edf3a23&fit=true' successfully

07-03-2025T05:41:27 - [TEST_STEP][PASSED] - pageLoaded1 = verifyElementPresent(findTestObject("Страница авторизации/Text"), 30): Object 'Object Repository/Страница авторизации/Text' is present

07-03-2025T05:41:29 - [MESSAGE][PASSED] - Object 'Object Repository/Страница авторизации/Text' is present

07-03-2025T05:41:29 - [TEST_STEP][PASSED] - if (pageLoaded1 == false): null

07-03-2025T05:41:29 - [TEST_STEP][PASSED] - urlText = getText(findTestObject("Страница авторизации/Text")): Text of object 'Object Repository/Страница авторизации/Text' is: 'Вход'

07-03-2025T05:41:29 - [MESSAGE][PASSED] - Text of object 'Object Repository/Страница авторизации/Text' is: 'Вход'

07-03-2025T05:41:29 - [TEST_STEP][PASSED] - delay(70): Delayed 70 second(s)

07-03-2025T05:42:39 - [MESSAGE][PASSED] - Delayed 70 second(s)

07-03-2025T05:42:39 - [TEST_STEP][PASSED] - searchWord = "Вход": null

07-03-2025T05:42:39 - [TEST_STEP][PASSED] - if (urlText.contains(searchWord) == false): null

07-03-2025T05:42:39 - [TEST_STEP][PASSED] - setText(findTestObject("Страница авторизации/input__username"), findTestData("PlanFact").getValue(8, run)): Text 'Andreeva-EV' is set on object 'Object Repository/Страница авторизации/input__username'

07-03-2025T05:42:40 - [MESSAGE][PASSED] - Text 'Andreeva-EV' is set on object 'Object Repository/Страница авторизации/input__username'

07-03-2025T05:42:40 - [TEST_STEP][PASSED] - setText(findTestObject("Страница авторизации/input__password"), findTestData("PlanFact").getValue(9, run)): Text '2nPePKDwCPH3ul7xMZ' is set on object 'Object Repository/Страница авторизации/input__password'

07-03-2025T05:42:40 - [MESSAGE][PASSED] - Text '2nPePKDwCPH3ul7xMZ' is set on object 'Object Repository/Страница авторизации/input__password'

07-03-2025T05:42:40 - [TEST_STEP][PASSED] - click(findTestObject("Страница авторизации/button_")): Object: 'Object Repository/Страница авторизации/button_' is clicked on

07-03-2025T05:42:41 - [MESSAGE][PASSED] - Object: 'Object Repository/Страница авторизации/button_' is clicked on

07-03-2025T05:42:41 - [TEST_STEP][PASSED] - delay(70): Delayed 70 second(s)

07-03-2025T05:43:51 - [MESSAGE][PASSED] - Delayed 70 second(s)

07-03-2025T05:43:51 - [TEST_STEP][PASSED] - searchWord = "а": null

07-03-2025T05:43:51 - [TEST_STEP][PASSED] - pageLoaded2 = verifyElementPresent(findTestObject("Страница авторизации/Text"), 50): Object 'Object Repository/Страница авторизации/Text' is present

07-03-2025T05:43:52 - [MESSAGE][PASSED] - Object 'Object Repository/Страница авторизации/Text' is present

07-03-2025T05:43:52 - [TEST_STEP][PASSED] - if (pageLoaded2 == false): null

07-03-2025T05:43:52 - [TEST_STEP][PASSED] - urlText = getText(findTestObject("Страница авторизации/Text")): Text of object 'Object Repository/Страница авторизации/Text' is: 'ДЗО 
Все
Период
2025 год - 1 квартал - Январь, 2024 год - 1 квартал - Январь, 2023 год - 1 квартал - Январь
тыс. кВт⋅ч
п.п.
Объем потерь
8 783 3018 783 301
9 468 8399 468 839
4 064 9164 064 916
2023 год
2024 год
2025 год
0
2 000
4 000
6 000
8 000
10 000
Уровень потерь
10.5910.59
10.6510.65
8.178.17
Факт
2023 год
2024 год
2025 год
0
2
4
6
8
10
12
●● Отклонения, тыс. кВт⋅ч
тыс. кВт⋅ч
Отклонения объема потерь
685 538685 538
-5 403 923-5 403 923
2023/2024
2024/2025
-6 000 000
-5 000 000
-4 000 000
-3 000 000
-2 000 000
-1 000 000
0
1 000 000
●● Отклонения, п.п.
п.п.
Отклонения уровня потерь
0.060.06
-2.49-2.49
2023/2024
2024/2025
-3
-2
-1
0
1
Фактические данные по объему и уровню потерь электроэнергии'

07-03-2025T05:43:52 - [MESSAGE][PASSED] - Text of object 'Object Repository/Страница авторизации/Text' is: 'ДЗО 
Все
Период
2025 год - 1 квартал - Январь, 2024 год - 1 квартал - Январь, 2023 год - 1 квартал - Январь
тыс. кВт⋅ч
п.п.
Объем потерь
8 783 3018 783 301
9 468 8399 468 839
4 064 9164 064 916
2023 год
2024 год
2025 год
0
2 000
4 000
6 000
8 000
10 000
Уровень потерь
10.5910.59
10.6510.65
8.178.17
Факт
2023 год
2024 год
2025 год
0
2
4
6
8
10
12
●● Отклонения, тыс. кВт⋅ч
тыс. кВт⋅ч
Отклонения объема потерь
685 538685 538
-5 403 923-5 403 923
2023/2024
2024/2025
-6 000 000
-5 000 000
-4 000 000
-3 000 000
-2 000 000
-1 000 000
0
1 000 000
●● Отклонения, п.п.
п.п.
Отклонения уровня потерь
0.060.06
-2.49-2.49
2023/2024
2024/2025
-3
-2
-1
0
1
Фактические данные по объему и уровню потерь электроэнергии'

07-03-2025T05:43:52 - [TEST_STEP][PASSED] - if (urlText.contains("ошибка") || urlText.contains(searchWord) == false): null

07-03-2025T05:43:52 - [TEST_STEP][PASSED] - a9 = "": null

07-03-2025T05:43:52 - [TEST_STEP][PASSED] - a3 = "": null

07-03-2025T05:43:52 - [TEST_STEP][PASSED] - a6 = "": null

07-03-2025T05:43:52 - [TEST_STEP][PASSED] - if (run == 1): null

07-03-2025T05:43:52 - [TEST_STEP][PASSED] - if (run == 2): null

07-03-2025T05:43:52 - [TEST_STEP][PASSED] - user = "Андреева": null

07-03-2025T05:43:52 - [TEST_STEP][PASSED] - a1 = getText(findTestObject("Объем потерь/divObemPoter")): Text of object 'Object Repository/Объем потерь/divObemPoter' is: 'Объем потерь
8 783 3018 783 301
9 468 8399 468 839
4 064 9164 064 916
2023 год
2024 год
2025 год
0
2 000
4 000
6 000
8 000
10 000'

07-03-2025T05:43:52 - [MESSAGE][PASSED] - Text of object 'Object Repository/Объем потерь/divObemPoter' is: 'Объем потерь
8 783 3018 783 301
9 468 8399 468 839
4 064 9164 064 916
2023 год
2024 год
2025 год
0
2 000
4 000
6 000
8 000
10 000'

07-03-2025T05:43:52 - [TEST_STEP][PASSED] - a2 = getText(findTestObject("Объем потерь/divUrovenPoter")): Text of object 'Object Repository/Объем потерь/divUrovenPoter' is: 'Уровень потерь
10.5910.59
10.6510.65
8.178.17
Факт
2023 год
2024 год
2025 год
0
2
4
6
8
10
12'

07-03-2025T05:43:53 - [MESSAGE][PASSED] - Text of object 'Object Repository/Объем потерь/divUrovenPoter' is: 'Уровень потерь
10.5910.59
10.6510.65
8.178.17
Факт
2023 год
2024 год
2025 год
0
2
4
6
8
10
12'

07-03-2025T05:43:53 - [TEST_STEP][PASSED] - a3 = getText(findTestObject("Объем потерь/divOtkloneniyaObemaPoter")): Text of object 'Object Repository/Объем потерь/divOtkloneniyaObemaPoter' is: '●● Отклонения, тыс. кВт⋅ч
тыс. кВт⋅ч
Отклонения объема потерь
685 538685 538
-5 403 923-5 403 923
2023/2024
2024/2025
-6 000 000
-5 000 000
-4 000 000
-3 000 000
-2 000 000
-1 000 000
0
1 000 000'

07-03-2025T05:43:53 - [MESSAGE][PASSED] - Text of object 'Object Repository/Объем потерь/divOtkloneniyaObemaPoter' is: '●● Отклонения, тыс. кВт⋅ч
тыс. кВт⋅ч
Отклонения объема потерь
685 538685 538
-5 403 923-5 403 923
2023/2024
2024/2025
-6 000 000
-5 000 000
-4 000 000
-3 000 000
-2 000 000
-1 000 000
0
1 000 000'

07-03-2025T05:43:53 - [TEST_STEP][PASSED] - a4 = getText(findTestObject("Объем потерь/divOtkloneniyaUrovnyaPoter")): Text of object 'Object Repository/Объем потерь/divOtkloneniyaUrovnyaPoter' is: '●● Отклонения, п.п.
п.п.
Отклонения уровня потерь
0.060.06
-2.49-2.49
2023/2024
2024/2025
-3
-2
-1
0
1'

07-03-2025T05:43:53 - [MESSAGE][PASSED] - Text of object 'Object Repository/Объем потерь/divOtkloneniyaUrovnyaPoter' is: '●● Отклонения, п.п.
п.п.
Отклонения уровня потерь
0.060.06
-2.49-2.49
2023/2024
2024/2025
-3
-2
-1
0
1'

07-03-2025T05:43:53 - [TEST_STEP][PASSED] - n = n + 7: null

07-03-2025T05:43:53 - [TEST_STEP][PASSED] - b = n - run + 1: null

07-03-2025T05:43:53 - [TEST_STEP][PASSED] - verifyEqual(findTestData("PlanFact").getValue(2, b), a1): Actual object 'Объем потерь
8 783 3018 783 301
9 468 8399 468 839
4 064 9164 064 916
2023 год
2024 год
2025 год
0
2 000
4 000
6 000
8 000
10 000' and expected object 'Объем потерь
8 783 3018 783 301
9 468 8399 468 839
4 064 9164 064 916
2023 год
2024 год
2025 год
0
2 000
4 000
6 000
8 000
10 000' are equal

07-03-2025T05:43:53 - [MESSAGE][PASSED] - Actual object 'Объем потерь
8 783 3018 783 301
9 468 8399 468 839
4 064 9164 064 916
2023 год
2024 год
2025 год
0
2 000
4 000
6 000
8 000
10 000' and expected object 'Объем потерь
8 783 3018 783 301
9 468 8399 468 839
4 064 9164 064 916
2023 год
2024 год
2025 год
0
2 000
4 000
6 000
8 000
10 000' are equal

07-03-2025T05:43:53 - [TEST_STEP][PASSED] - verifyEqual(findTestData("PlanFact").getValue(3, b), a2): Actual object 'Уровень потерь
10.5910.59
10.6510.65
8.178.17
Факт
2023 год
2024 год
2025 год
0
2
4
6
8
10
12' and expected object 'Уровень потерь
10.5910.59
10.6510.65
8.178.17
Факт
2023 год
2024 год
2025 год
0
2
4
6
8
10
12' are equal

07-03-2025T05:43:53 - [MESSAGE][PASSED] - Actual object 'Уровень потерь
10.5910.59
10.6510.65
8.178.17
Факт
2023 год
2024 год
2025 год
0
2
4
6
8
10
12' and expected object 'Уровень потерь
10.5910.59
10.6510.65
8.178.17
Факт
2023 год
2024 год
2025 год
0
2
4
6
8
10
12' are equal

07-03-2025T05:43:53 - [TEST_STEP][PASSED] - verifyEqual(findTestData("PlanFact").getValue(4, b), a3): Actual object '●● Отклонения, тыс. кВт⋅ч
тыс. кВт⋅ч
Отклонения объема потерь
685 538685 538
-5 403 923-5 403 923
2023/2024
2024/2025
-6 000 000
-5 000 000
-4 000 000
-3 000 000
-2 000 000
-1 000 000
0
1 000 000' and expected object '●● Отклонения, тыс. кВт⋅ч
тыс. кВт⋅ч
Отклонения объема потерь
685 538685 538
-5 403 923-5 403 923
2023/2024
2024/2025
-6 000 000
-5 000 000
-4 000 000
-3 000 000
-2 000 000
-1 000 000
0
1 000 000' are equal

07-03-2025T05:43:54 - [MESSAGE][PASSED] - Actual object '●● Отклонения, тыс. кВт⋅ч
тыс. кВт⋅ч
Отклонения объема потерь
685 538685 538
-5 403 923-5 403 923
2023/2024
2024/2025
-6 000 000
-5 000 000
-4 000 000
-3 000 000
-2 000 000
-1 000 000
0
1 000 000' and expected object '●● Отклонения, тыс. кВт⋅ч
тыс. кВт⋅ч
Отклонения объема потерь
685 538685 538
-5 403 923-5 403 923
2023/2024
2024/2025
-6 000 000
-5 000 000
-4 000 000
-3 000 000
-2 000 000
-1 000 000
0
1 000 000' are equal

07-03-2025T05:43:54 - [TEST_STEP][PASSED] - verifyEqual(findTestData("PlanFact").getValue(5, b), a4): Actual object '●● Отклонения, п.п.
п.п.
Отклонения уровня потерь
0.060.06
-2.49-2.49
2023/2024
2024/2025
-3
-2
-1
0
1' and expected object '●● Отклонения, п.п.
п.п.
Отклонения уровня потерь
0.060.06
-2.49-2.49
2023/2024
2024/2025
-3
-2
-1
0
1' are equal

07-03-2025T05:43:54 - [MESSAGE][PASSED] - Actual object '●● Отклонения, п.п.
п.п.
Отклонения уровня потерь
0.060.06
-2.49-2.49
2023/2024
2024/2025
-3
-2
-1
0
1' and expected object '●● Отклонения, п.п.
п.п.
Отклонения уровня потерь
0.060.06
-2.49-2.49
2023/2024
2024/2025
-3
-2
-1
0
1' are equal

07-03-2025T05:43:54 - [TEST_STEP][PASSED] - Script1686231490255.WriteToExcel(user, dashboardName, n, data, run, a1, a2, a3, a4, a5, a6, a7, a8, a9): null

07-03-2025T05:43:54 - [TEST_STEP][PASSED] - sheetName = "Sheet1": null

07-03-2025T05:43:54 - [TEST_STEP][PASSED] - workbook01 = getWorkbook(excelFilePath): null

07-03-2025T05:43:54 - [TEST_STEP][PASSED] - sheet01 = getExcelSheet(workbook01, sheetName): null

07-03-2025T05:43:54 - [TEST_STEP][PASSED] - setValueToCellByIndex(sheet01, n, 0, dashboardName): null

07-03-2025T05:43:54 - [TEST_STEP][PASSED] - setValueToCellByIndex(sheet01, n, 10, user): null

07-03-2025T05:43:54 - [TEST_STEP][PASSED] - setValueToCellByIndex(sheet01, n, 1, a1): null

07-03-2025T05:43:54 - [TEST_STEP][PASSED] - setValueToCellByIndex(sheet01, n, 2, a2): null

07-03-2025T05:43:54 - [TEST_STEP][PASSED] - setValueToCellByIndex(sheet01, n, 3, a3): null

07-03-2025T05:43:54 - [TEST_STEP][PASSED] - setValueToCellByIndex(sheet01, n, 4, a4): null

07-03-2025T05:43:54 - [TEST_STEP][PASSED] - setValueToCellByIndex(sheet01, n, 5, a5): null

07-03-2025T05:43:54 - [TEST_STEP][PASSED] - setValueToCellByIndex(sheet01, n, 6, a6): null

07-03-2025T05:43:54 - [TEST_STEP][PASSED] - setValueToCellByIndex(sheet01, n, 7, a7): null

07-03-2025T05:43:54 - [TEST_STEP][PASSED] - setValueToCellByIndex(sheet01, n, 8, a8): null

07-03-2025T05:43:54 - [TEST_STEP][PASSED] - setValueToCellByIndex(sheet01, n, 9, a9): null

07-03-2025T05:43:54 - [TEST_STEP][PASSED] - n = n + 1: null

07-03-2025T05:43:54 - [TEST_STEP][PASSED] - saveWorkbook(excelFilePath, workbook01): null

07-03-2025T05:43:54 - [TEST_STEP][PASSED] - if (run == 3): null

07-03-2025T05:43:54 - [TEST_STEP][PASSED] - closeBrowser(): null

07-03-2025T05:43:54 - [MESSAGE][PASSED] - Browser is closed

07-03-2025T05:43:54 - [TEST_STEP][PASSED] - ObyemPoter(user, dashboardName, n, data, run, a1, a2, a3, a4, a5, a6, a7, a8, a9, urlData): null

07-03-2025T05:43:54 - [TEST_STEP][PASSED] - n = data.getRowNumbers() + 1: null

07-03-2025T05:43:54 - [TEST_STEP][PASSED] - println(n): null

07-03-2025T05:43:54 - [TEST_STEP][PASSED] - dashboardName = "Объём потерь": null

07-03-2025T05:43:54 - [TEST_STEP][PASSED] - openBrowser(""): Browser is opened with url: ''

07-03-2025T05:43:54 - [MESSAGE][INFO] - Starting 'Chrome' driver

07-03-2025T05:43:54 - [MESSAGE][INFO] - Action delay is set to 0 milliseconds

07-03-2025T05:43:55 - [MESSAGE][PASSED] - Browser is opened with url: ''

07-03-2025T05:43:55 - [TEST_STEP][PASSED] - urlData = 14: null

07-03-2025T05:43:55 - [TEST_STEP][PASSED] - Script1686231490255.CheckPageDownload(urlData, run): null

07-03-2025T05:43:55 - [TEST_STEP][PASSED] - i = 1: null

07-03-2025T05:43:55 - [TEST_STEP][PASSED] - ii = 0: null

07-03-2025T05:43:55 - [TEST_STEP][PASSED] - urlText = <not implemented yet for class: org.codehaus.groovy.ast.expr.EmptyExpression>: null

07-03-2025T05:43:55 - [TEST_STEP][PASSED] - searchWord = <not implemented yet for class: org.codehaus.groovy.ast.expr.EmptyExpression>: null

07-03-2025T05:43:55 - [TEST_STEP][PASSED] - deleteAllCookies(): Delete all cookies successfully

07-03-2025T05:43:55 - [MESSAGE][PASSED] - Delete all cookies successfully

07-03-2025T05:43:55 - [TEST_STEP][PASSED] - refresh(): Refresh successfully

07-03-2025T05:43:55 - [MESSAGE][PASSED] - Refresh successfully

07-03-2025T05:43:55 - [TEST_STEP][PASSED] - delay(70): Delayed 70 second(s)

07-03-2025T05:45:05 - [MESSAGE][PASSED] - Delayed 70 second(s)

07-03-2025T05:45:05 - [TEST_STEP][PASSED] - navigateToUrl(findTestData("PlanFact").getValue(10, urlData)): Navigate to 'https://bi.rosseti.digital/viewer?dashboardGuid=d154a8eaf6824e2b9de1bb04dd061c18&sheetGuid=aa9766f159804cfeb6006ba98edf3a23&fit=true' successfully

07-03-2025T05:45:10 - [MESSAGE][PASSED] - Navigate to 'https://bi.rosseti.digital/viewer?dashboardGuid=d154a8eaf6824e2b9de1bb04dd061c18&sheetGuid=aa9766f159804cfeb6006ba98edf3a23&fit=true' successfully

07-03-2025T05:45:10 - [TEST_STEP][PASSED] - pageLoaded1 = verifyElementPresent(findTestObject("Страница авторизации/Text"), 30): Object 'Object Repository/Страница авторизации/Text' is present

07-03-2025T05:45:12 - [MESSAGE][PASSED] - Object 'Object Repository/Страница авторизации/Text' is present

07-03-2025T05:45:12 - [TEST_STEP][PASSED] - if (pageLoaded1 == false): null

07-03-2025T05:45:12 - [TEST_STEP][PASSED] - urlText = getText(findTestObject("Страница авторизации/Text")): Text of object 'Object Repository/Страница авторизации/Text' is: 'Вход'

07-03-2025T05:45:12 - [MESSAGE][PASSED] - Text of object 'Object Repository/Страница авторизации/Text' is: 'Вход'

07-03-2025T05:45:12 - [TEST_STEP][PASSED] - delay(70): Delayed 70 second(s)

07-03-2025T05:46:22 - [MESSAGE][PASSED] - Delayed 70 second(s)

07-03-2025T05:46:22 - [TEST_STEP][PASSED] - searchWord = "Вход": null

07-03-2025T05:46:22 - [TEST_STEP][PASSED] - if (urlText.contains(searchWord) == false): null

07-03-2025T05:46:22 - [TEST_STEP][PASSED] - setText(findTestObject("Страница авторизации/input__username"), findTestData("PlanFact").getValue(8, run)): Text 'Petrova-OV' is set on object 'Object Repository/Страница авторизации/input__username'

07-03-2025T05:46:23 - [MESSAGE][PASSED] - Text 'Petrova-OV' is set on object 'Object Repository/Страница авторизации/input__username'

07-03-2025T05:46:23 - [TEST_STEP][PASSED] - setText(findTestObject("Страница авторизации/input__password"), findTestData("PlanFact").getValue(9, run)): Text '4Ex@~R53r&3x&BVe7' is set on object 'Object Repository/Страница авторизации/input__password'

07-03-2025T05:46:23 - [MESSAGE][PASSED] - Text '4Ex@~R53r&3x&BVe7' is set on object 'Object Repository/Страница авторизации/input__password'

07-03-2025T05:46:23 - [TEST_STEP][PASSED] - click(findTestObject("Страница авторизации/button_")): Object: 'Object Repository/Страница авторизации/button_' is clicked on

07-03-2025T05:46:25 - [MESSAGE][PASSED] - Object: 'Object Repository/Страница авторизации/button_' is clicked on

07-03-2025T05:46:25 - [TEST_STEP][PASSED] - delay(70): Delayed 70 second(s)

07-03-2025T05:47:35 - [MESSAGE][PASSED] - Delayed 70 second(s)

07-03-2025T05:47:35 - [TEST_STEP][PASSED] - searchWord = "а": null

07-03-2025T05:47:35 - [TEST_STEP][PASSED] - pageLoaded2 = verifyElementPresent(findTestObject("Страница авторизации/Text"), 50): Object 'Object Repository/Страница авторизации/Text' is present

07-03-2025T05:47:35 - [MESSAGE][PASSED] - Object 'Object Repository/Страница авторизации/Text' is present

07-03-2025T05:47:35 - [TEST_STEP][PASSED] - if (pageLoaded2 == false): null

07-03-2025T05:47:35 - [TEST_STEP][PASSED] - urlText = getText(findTestObject("Страница авторизации/Text")): Text of object 'Object Repository/Страница авторизации/Text' is: 'ДЗО 
Все
Период
2025 год - 1 квартал - Январь, 2024 год - 1 квартал - Январь, 2023 год - 1 квартал - Январь
тыс. кВт⋅ч
п.п.
Объем потерь
8 783 3018 783 301
9 468 8399 468 839
4 064 9164 064 916
2023 год
2024 год
2025 год
0
2 000
4 000
6 000
8 000
10 000
Уровень потерь
10.5910.59
10.6510.65
8.178.17
Факт
2023 год
2024 год
2025 год
0
2
4
6
8
10
12
●● Отклонения, тыс. кВт⋅ч
тыс. кВт⋅ч
Отклонения объема потерь
685 538685 538
-5 403 923-5 403 923
2023/2024
2024/2025
-6 000 000
-5 000 000
-4 000 000
-3 000 000
-2 000 000
-1 000 000
0
1 000 000
●● Отклонения, п.п.
п.п.
Отклонения уровня потерь
0.060.06
-2.49-2.49
2023/2024
2024/2025
-3
-2
-1
0
1
Фактические данные по объему и уровню потерь электроэнергии'

07-03-2025T05:47:36 - [MESSAGE][PASSED] - Text of object 'Object Repository/Страница авторизации/Text' is: 'ДЗО 
Все
Период
2025 год - 1 квартал - Январь, 2024 год - 1 квартал - Январь, 2023 год - 1 квартал - Январь
тыс. кВт⋅ч
п.п.
Объем потерь
8 783 3018 783 301
9 468 8399 468 839
4 064 9164 064 916
2023 год
2024 год
2025 год
0
2 000
4 000
6 000
8 000
10 000
Уровень потерь
10.5910.59
10.6510.65
8.178.17
Факт
2023 год
2024 год
2025 год
0
2
4
6
8
10
12
●● Отклонения, тыс. кВт⋅ч
тыс. кВт⋅ч
Отклонения объема потерь
685 538685 538
-5 403 923-5 403 923
2023/2024
2024/2025
-6 000 000
-5 000 000
-4 000 000
-3 000 000
-2 000 000
-1 000 000
0
1 000 000
●● Отклонения, п.п.
п.п.
Отклонения уровня потерь
0.060.06
-2.49-2.49
2023/2024
2024/2025
-3
-2
-1
0
1
Фактические данные по объему и уровню потерь электроэнергии'

07-03-2025T05:47:36 - [TEST_STEP][PASSED] - if (urlText.contains("ошибка") || urlText.contains(searchWord) == false): null

07-03-2025T05:47:36 - [TEST_STEP][PASSED] - a9 = "": null

07-03-2025T05:47:36 - [TEST_STEP][PASSED] - a3 = "": null

07-03-2025T05:47:36 - [TEST_STEP][PASSED] - a6 = "": null

07-03-2025T05:47:36 - [TEST_STEP][PASSED] - if (run == 1): null

07-03-2025T05:47:36 - [TEST_STEP][PASSED] - if (run == 2): null

07-03-2025T05:47:36 - [TEST_STEP][PASSED] - if (run == 3): null

07-03-2025T05:47:36 - [TEST_STEP][PASSED] - user = "Попова": null

07-03-2025T05:47:36 - [TEST_STEP][PASSED] - a1 = getText(findTestObject("Объем потерь/divObemPoter")): Text of object 'Object Repository/Объем потерь/divObemPoter' is: 'Объем потерь
8 783 3018 783 301
9 468 8399 468 839
4 064 9164 064 916
2023 год
2024 год
2025 год
0
2 000
4 000
6 000
8 000
10 000'

07-03-2025T05:47:36 - [MESSAGE][PASSED] - Text of object 'Object Repository/Объем потерь/divObemPoter' is: 'Объем потерь
8 783 3018 783 301
9 468 8399 468 839
4 064 9164 064 916
2023 год
2024 год
2025 год
0
2 000
4 000
6 000
8 000
10 000'

07-03-2025T05:47:36 - [TEST_STEP][PASSED] - a2 = getText(findTestObject("Объем потерь/divUrovenPoter")): Text of object 'Object Repository/Объем потерь/divUrovenPoter' is: 'Уровень потерь
10.5910.59
10.6510.65
8.178.17
Факт
2023 год
2024 год
2025 год
0
2
4
6
8
10
12'

07-03-2025T05:47:36 - [MESSAGE][PASSED] - Text of object 'Object Repository/Объем потерь/divUrovenPoter' is: 'Уровень потерь
10.5910.59
10.6510.65
8.178.17
Факт
2023 год
2024 год
2025 год
0
2
4
6
8
10
12'

07-03-2025T05:47:36 - [TEST_STEP][PASSED] - a3 = getText(findTestObject("Объем потерь/divOtkloneniyaObemaPoter")): Text of object 'Object Repository/Объем потерь/divOtkloneniyaObemaPoter' is: '●● Отклонения, тыс. кВт⋅ч
тыс. кВт⋅ч
Отклонения объема потерь
685 538685 538
-5 403 923-5 403 923
2023/2024
2024/2025
-6 000 000
-5 000 000
-4 000 000
-3 000 000
-2 000 000
-1 000 000
0
1 000 000'

07-03-2025T05:47:36 - [MESSAGE][PASSED] - Text of object 'Object Repository/Объем потерь/divOtkloneniyaObemaPoter' is: '●● Отклонения, тыс. кВт⋅ч
тыс. кВт⋅ч
Отклонения объема потерь
685 538685 538
-5 403 923-5 403 923
2023/2024
2024/2025
-6 000 000
-5 000 000
-4 000 000
-3 000 000
-2 000 000
-1 000 000
0
1 000 000'

07-03-2025T05:47:36 - [TEST_STEP][PASSED] - a4 = getText(findTestObject("Объем потерь/divOtkloneniyaUrovnyaPoter")): Text of object 'Object Repository/Объем потерь/divOtkloneniyaUrovnyaPoter' is: '●● Отклонения, п.п.
п.п.
Отклонения уровня потерь
0.060.06
-2.49-2.49
2023/2024
2024/2025
-3
-2
-1
0
1'

07-03-2025T05:47:37 - [MESSAGE][PASSED] - Text of object 'Object Repository/Объем потерь/divOtkloneniyaUrovnyaPoter' is: '●● Отклонения, п.п.
п.п.
Отклонения уровня потерь
0.060.06
-2.49-2.49
2023/2024
2024/2025
-3
-2
-1
0
1'

07-03-2025T05:47:37 - [TEST_STEP][PASSED] - n = n + 8: null

07-03-2025T05:47:37 - [TEST_STEP][PASSED] - b = n - run + 1: null

07-03-2025T05:47:37 - [TEST_STEP][PASSED] - verifyEqual(findTestData("PlanFact").getValue(2, b), a1): Actual object 'Объем потерь
8 783 3018 783 301
9 468 8399 468 839
4 064 9164 064 916
2023 год
2024 год
2025 год
0
2 000
4 000
6 000
8 000
10 000' and expected object 'Объем потерь
8 783 3018 783 301
9 468 8399 468 839
4 064 9164 064 916
2023 год
2024 год
2025 год
0
2 000
4 000
6 000
8 000
10 000' are equal

07-03-2025T05:47:37 - [MESSAGE][PASSED] - Actual object 'Объем потерь
8 783 3018 783 301
9 468 8399 468 839
4 064 9164 064 916
2023 год
2024 год
2025 год
0
2 000
4 000
6 000
8 000
10 000' and expected object 'Объем потерь
8 783 3018 783 301
9 468 8399 468 839
4 064 9164 064 916
2023 год
2024 год
2025 год
0
2 000
4 000
6 000
8 000
10 000' are equal

07-03-2025T05:47:37 - [TEST_STEP][PASSED] - verifyEqual(findTestData("PlanFact").getValue(3, b), a2): Actual object 'Уровень потерь
10.5910.59
10.6510.65
8.178.17
Факт
2023 год
2024 год
2025 год
0
2
4
6
8
10
12' and expected object 'Уровень потерь
10.5910.59
10.6510.65
8.178.17
Факт
2023 год
2024 год
2025 год
0
2
4
6
8
10
12' are equal

07-03-2025T05:47:37 - [MESSAGE][PASSED] - Actual object 'Уровень потерь
10.5910.59
10.6510.65
8.178.17
Факт
2023 год
2024 год
2025 год
0
2
4
6
8
10
12' and expected object 'Уровень потерь
10.5910.59
10.6510.65
8.178.17
Факт
2023 год
2024 год
2025 год
0
2
4
6
8
10
12' are equal

07-03-2025T05:47:37 - [TEST_STEP][PASSED] - verifyEqual(findTestData("PlanFact").getValue(4, b), a3): Actual object '●● Отклонения, тыс. кВт⋅ч
тыс. кВт⋅ч
Отклонения объема потерь
685 538685 538
-5 403 923-5 403 923
2023/2024
2024/2025
-6 000 000
-5 000 000
-4 000 000
-3 000 000
-2 000 000
-1 000 000
0
1 000 000' and expected object '●● Отклонения, тыс. кВт⋅ч
тыс. кВт⋅ч
Отклонения объема потерь
685 538685 538
-5 403 923-5 403 923
2023/2024
2024/2025
-6 000 000
-5 000 000
-4 000 000
-3 000 000
-2 000 000
-1 000 000
0
1 000 000' are equal

07-03-2025T05:47:37 - [MESSAGE][PASSED] - Actual object '●● Отклонения, тыс. кВт⋅ч
тыс. кВт⋅ч
Отклонения объема потерь
685 538685 538
-5 403 923-5 403 923
2023/2024
2024/2025
-6 000 000
-5 000 000
-4 000 000
-3 000 000
-2 000 000
-1 000 000
0
1 000 000' and expected object '●● Отклонения, тыс. кВт⋅ч
тыс. кВт⋅ч
Отклонения объема потерь
685 538685 538
-5 403 923-5 403 923
2023/2024
2024/2025
-6 000 000
-5 000 000
-4 000 000
-3 000 000
-2 000 000
-1 000 000
0
1 000 000' are equal

07-03-2025T05:47:37 - [TEST_STEP][PASSED] - verifyEqual(findTestData("PlanFact").getValue(5, b), a4): Actual object '●● Отклонения, п.п.
п.п.
Отклонения уровня потерь
0.060.06
-2.49-2.49
2023/2024
2024/2025
-3
-2
-1
0
1' and expected object '●● Отклонения, п.п.
п.п.
Отклонения уровня потерь
0.060.06
-2.49-2.49
2023/2024
2024/2025
-3
-2
-1
0
1' are equal

07-03-2025T05:47:37 - [MESSAGE][PASSED] - Actual object '●● Отклонения, п.п.
п.п.
Отклонения уровня потерь
0.060.06
-2.49-2.49
2023/2024
2024/2025
-3
-2
-1
0
1' and expected object '●● Отклонения, п.п.
п.п.
Отклонения уровня потерь
0.060.06
-2.49-2.49
2023/2024
2024/2025
-3
-2
-1
0
1' are equal

07-03-2025T05:47:37 - [TEST_STEP][PASSED] - Script1686231490255.WriteToExcel(user, dashboardName, n, data, run, a1, a2, a3, a4, a5, a6, a7, a8, a9): null

07-03-2025T05:47:37 - [TEST_STEP][PASSED] - sheetName = "Sheet1": null

07-03-2025T05:47:37 - [TEST_STEP][PASSED] - workbook01 = getWorkbook(excelFilePath): null

07-03-2025T05:47:37 - [TEST_STEP][PASSED] - sheet01 = getExcelSheet(workbook01, sheetName): null

07-03-2025T05:47:37 - [TEST_STEP][PASSED] - setValueToCellByIndex(sheet01, n, 0, dashboardName): null

07-03-2025T05:47:37 - [TEST_STEP][PASSED] - setValueToCellByIndex(sheet01, n, 10, user): null

07-03-2025T05:47:37 - [TEST_STEP][PASSED] - setValueToCellByIndex(sheet01, n, 1, a1): null

07-03-2025T05:47:37 - [TEST_STEP][PASSED] - setValueToCellByIndex(sheet01, n, 2, a2): null

07-03-2025T05:47:37 - [TEST_STEP][PASSED] - setValueToCellByIndex(sheet01, n, 3, a3): null

07-03-2025T05:47:37 - [TEST_STEP][PASSED] - setValueToCellByIndex(sheet01, n, 4, a4): null

07-03-2025T05:47:37 - [TEST_STEP][PASSED] - setValueToCellByIndex(sheet01, n, 5, a5): null

07-03-2025T05:47:37 - [TEST_STEP][PASSED] - setValueToCellByIndex(sheet01, n, 6, a6): null

07-03-2025T05:47:37 - [TEST_STEP][PASSED] - setValueToCellByIndex(sheet01, n, 7, a7): null

07-03-2025T05:47:37 - [TEST_STEP][PASSED] - setValueToCellByIndex(sheet01, n, 8, a8): null

07-03-2025T05:47:37 - [TEST_STEP][PASSED] - setValueToCellByIndex(sheet01, n, 9, a9): null

07-03-2025T05:47:37 - [TEST_STEP][PASSED] - n = n + 1: null

07-03-2025T05:47:37 - [TEST_STEP][PASSED] - saveWorkbook(excelFilePath, workbook01): null

07-03-2025T05:47:37 - [TEST_STEP][PASSED] - closeBrowser(): Browser is closed

07-03-2025T05:47:37 - [MESSAGE][PASSED] - Browser is closed

07-03-2025T05:47:37 - [TEST_STEP][PASSED] - delay(70): Delayed 70 second(s)

07-03-2025T05:48:47 - [MESSAGE][PASSED] - Delayed 70 second(s)

07-03-2025T05:48:48 - [TEST_STEP][PASSED] - for ([run = 1, run < 4, (run++)]): null

07-03-2025T05:48:48 - [TEST_STEP][PASSED] - OtpuskIzSeti(user, dashboardName, n, data, run, a1, a2, a3, a4, a5, a6, a7, a8, a9, urlData): null

07-03-2025T05:48:48 - [TEST_STEP][PASSED] - n = data.getRowNumbers() + 1: null

07-03-2025T05:48:48 - [TEST_STEP][PASSED] - println(n): null

07-03-2025T05:48:48 - [TEST_STEP][PASSED] - dashboardName = "Отпуск из сети": null

07-03-2025T05:48:48 - [TEST_STEP][PASSED] - openBrowser(""): Browser is opened with url: ''

07-03-2025T05:48:48 - [MESSAGE][INFO] - Starting 'Chrome' driver

07-03-2025T05:48:48 - [MESSAGE][INFO] - Action delay is set to 0 milliseconds

07-03-2025T05:48:48 - [MESSAGE][PASSED] - Browser is opened with url: ''

07-03-2025T05:48:48 - [TEST_STEP][PASSED] - urlData = 15: null

07-03-2025T05:48:48 - [TEST_STEP][PASSED] - Script1686231490255.CheckPageDownload(urlData, run): null

07-03-2025T05:48:48 - [TEST_STEP][PASSED] - i = 1: null

07-03-2025T05:48:48 - [TEST_STEP][PASSED] - ii = 0: null

07-03-2025T05:48:48 - [TEST_STEP][PASSED] - urlText = <not implemented yet for class: org.codehaus.groovy.ast.expr.EmptyExpression>: null

07-03-2025T05:48:48 - [TEST_STEP][PASSED] - searchWord = <not implemented yet for class: org.codehaus.groovy.ast.expr.EmptyExpression>: null

07-03-2025T05:48:48 - [TEST_STEP][PASSED] - deleteAllCookies(): Delete all cookies successfully

07-03-2025T05:48:48 - [MESSAGE][PASSED] - Delete all cookies successfully

07-03-2025T05:48:48 - [TEST_STEP][PASSED] - refresh(): Refresh successfully

07-03-2025T05:48:48 - [MESSAGE][PASSED] - Refresh successfully

07-03-2025T05:48:48 - [TEST_STEP][PASSED] - delay(70): Delayed 70 second(s)

07-03-2025T05:49:58 - [MESSAGE][PASSED] - Delayed 70 second(s)

07-03-2025T05:49:58 - [TEST_STEP][PASSED] - navigateToUrl(findTestData("PlanFact").getValue(10, urlData)): Navigate to 'https://bi.rosseti.digital/viewer?dashboardGuid=d154a8eaf6824e2b9de1bb04dd061c18&sheetGuid=f217cc6775674247871931fed0993c14&fit=true' successfully

07-03-2025T05:50:04 - [MESSAGE][PASSED] - Navigate to 'https://bi.rosseti.digital/viewer?dashboardGuid=d154a8eaf6824e2b9de1bb04dd061c18&sheetGuid=f217cc6775674247871931fed0993c14&fit=true' successfully

07-03-2025T05:50:04 - [TEST_STEP][PASSED] - pageLoaded1 = verifyElementPresent(findTestObject("Страница авторизации/Text"), 30): Object 'Object Repository/Страница авторизации/Text' is present

07-03-2025T05:50:05 - [MESSAGE][PASSED] - Object 'Object Repository/Страница авторизации/Text' is present

07-03-2025T05:50:05 - [TEST_STEP][PASSED] - if (pageLoaded1 == false): null

07-03-2025T05:50:05 - [TEST_STEP][PASSED] - urlText = getText(findTestObject("Страница авторизации/Text")): Text of object 'Object Repository/Страница авторизации/Text' is: 'Вход'

07-03-2025T05:50:05 - [MESSAGE][PASSED] - Text of object 'Object Repository/Страница авторизации/Text' is: 'Вход'

07-03-2025T05:50:05 - [TEST_STEP][PASSED] - delay(70): Delayed 70 second(s)

07-03-2025T05:51:15 - [MESSAGE][PASSED] - Delayed 70 second(s)

07-03-2025T05:51:15 - [TEST_STEP][PASSED] - searchWord = "Вход": null

07-03-2025T05:51:15 - [TEST_STEP][PASSED] - if (urlText.contains(searchWord) == false): null

07-03-2025T05:51:15 - [TEST_STEP][PASSED] - setText(findTestObject("Страница авторизации/input__username"), findTestData("PlanFact").getValue(8, run)): Text 'liazgina-di' is set on object 'Object Repository/Страница авторизации/input__username'

07-03-2025T05:51:16 - [MESSAGE][PASSED] - Text 'liazgina-di' is set on object 'Object Repository/Страница авторизации/input__username'

07-03-2025T05:51:16 - [TEST_STEP][PASSED] - setText(findTestObject("Страница авторизации/input__password"), findTestData("PlanFact").getValue(9, run)): Text ')$%5srZ8o688Dm#q' is set on object 'Object Repository/Страница авторизации/input__password'

07-03-2025T05:51:17 - [MESSAGE][PASSED] - Text ')$%5srZ8o688Dm#q' is set on object 'Object Repository/Страница авторизации/input__password'

07-03-2025T05:51:17 - [TEST_STEP][PASSED] - click(findTestObject("Страница авторизации/button_")): Object: 'Object Repository/Страница авторизации/button_' is clicked on

07-03-2025T05:51:18 - [MESSAGE][PASSED] - Object: 'Object Repository/Страница авторизации/button_' is clicked on

07-03-2025T05:51:18 - [TEST_STEP][PASSED] - delay(70): Delayed 70 second(s)

07-03-2025T05:52:28 - [MESSAGE][PASSED] - Delayed 70 second(s)

07-03-2025T05:52:28 - [TEST_STEP][PASSED] - searchWord = "а": null

07-03-2025T05:52:28 - [TEST_STEP][PASSED] - pageLoaded2 = verifyElementPresent(findTestObject("Страница авторизации/Text"), 50): Object 'Object Repository/Страница авторизации/Text' is present

07-03-2025T05:52:28 - [MESSAGE][PASSED] - Object 'Object Repository/Страница авторизации/Text' is present

07-03-2025T05:52:28 - [TEST_STEP][PASSED] - if (pageLoaded2 == false): null

07-03-2025T05:52:28 - [TEST_STEP][PASSED] - urlText = getText(findTestObject("Страница авторизации/Text")): Text of object 'Object Repository/Страница авторизации/Text' is: 'ДЗО 
Все
Период
2025 год - 1 квартал - Январь, 2024 год - 1 квартал - Январь, 2023 год - 1 квартал - Январь
Отпуск из сети
Факт
2023 год
2024 год
0
5 000
10 000
15 000
20 000
25 000
30 000
35 000
40 000
45 000
50 000
55 000
51 858 414
530 278
●● Отклонения, тыс. кВт⋅ч
тыс. кВт⋅ч
Отклонения по отпуску из сети
-51 328 135-51 328 135
2023/2024
-60 000 000
-50 000 000
-40 000 000
-30 000 000
-20 000 000
-10 000 000
0
●● Отклонения, %
%
Отклонения по отпуску из сети
-98.98-98.98
2023/2024
-100
0
-125
-75
-50
-25
тыс. кВт⋅ч
Фактические данные по отпуску из сети'

07-03-2025T05:52:29 - [MESSAGE][PASSED] - Text of object 'Object Repository/Страница авторизации/Text' is: 'ДЗО 
Все
Период
2025 год - 1 квартал - Январь, 2024 год - 1 квартал - Январь, 2023 год - 1 квартал - Январь
Отпуск из сети
Факт
2023 год
2024 год
0
5 000
10 000
15 000
20 000
25 000
30 000
35 000
40 000
45 000
50 000
55 000
51 858 414
530 278
●● Отклонения, тыс. кВт⋅ч
тыс. кВт⋅ч
Отклонения по отпуску из сети
-51 328 135-51 328 135
2023/2024
-60 000 000
-50 000 000
-40 000 000
-30 000 000
-20 000 000
-10 000 000
0
●● Отклонения, %
%
Отклонения по отпуску из сети
-98.98-98.98
2023/2024
-100
0
-125
-75
-50
-25
тыс. кВт⋅ч
Фактические данные по отпуску из сети'

07-03-2025T05:52:29 - [TEST_STEP][PASSED] - if (urlText.contains("ошибка") || urlText.contains(searchWord) == false): null

07-03-2025T05:52:29 - [TEST_STEP][PASSED] - a6 = "": null

07-03-2025T05:52:29 - [TEST_STEP][PASSED] - a7 = "": null

07-03-2025T05:52:29 - [TEST_STEP][PASSED] - a8 = "": null

07-03-2025T05:52:29 - [TEST_STEP][PASSED] - a9 = "": null

07-03-2025T05:52:29 - [TEST_STEP][PASSED] - if (run == 1): null

07-03-2025T05:52:29 - [TEST_STEP][PASSED] - user = "админ": null

07-03-2025T05:52:29 - [TEST_STEP][PASSED] - a1 = getText(findTestObject("Отпуск из сети/span1")): Text of object 'Object Repository/Отпуск из сети/span1' is: ''

07-03-2025T05:52:29 - [MESSAGE][PASSED] - Text of object 'Object Repository/Отпуск из сети/span1' is: ''

07-03-2025T05:52:29 - [TEST_STEP][PASSED] - a2 = getText(findTestObject("Отпуск из сети/span2")): Text of object 'Object Repository/Отпуск из сети/span2' is: '51 858 414'

07-03-2025T05:52:30 - [MESSAGE][PASSED] - Text of object 'Object Repository/Отпуск из сети/span2' is: '51 858 414'

07-03-2025T05:52:30 - [TEST_STEP][PASSED] - a3 = getText(findTestObject("Отпуск из сети/span3")): Text of object 'Object Repository/Отпуск из сети/span3' is: '530 278'

07-03-2025T05:52:30 - [MESSAGE][PASSED] - Text of object 'Object Repository/Отпуск из сети/span3' is: '530 278'

07-03-2025T05:52:30 - [TEST_STEP][PASSED] - a4 = getText(findTestObject("Отпуск из сети/График1")): Text of object 'Object Repository/Отпуск из сети/График1' is: '●● Отклонения, тыс. кВт⋅ч
тыс. кВт⋅ч
Отклонения по отпуску из сети
-51 328 135-51 328 135
2023/2024
-60 000 000
-50 000 000
-40 000 000
-30 000 000
-20 000 000
-10 000 000
0'

07-03-2025T05:52:30 - [MESSAGE][PASSED] - Text of object 'Object Repository/Отпуск из сети/График1' is: '●● Отклонения, тыс. кВт⋅ч
тыс. кВт⋅ч
Отклонения по отпуску из сети
-51 328 135-51 328 135
2023/2024
-60 000 000
-50 000 000
-40 000 000
-30 000 000
-20 000 000
-10 000 000
0'

07-03-2025T05:52:30 - [TEST_STEP][PASSED] - a5 = getText(findTestObject("Отпуск из сети/График2")): Text of object 'Object Repository/Отпуск из сети/График2' is: '●● Отклонения, %
%
Отклонения по отпуску из сети
-98.98-98.98
2023/2024
-100
0
-125
-75
-50
-25'

07-03-2025T05:52:30 - [MESSAGE][PASSED] - Text of object 'Object Repository/Отпуск из сети/График2' is: '●● Отклонения, %
%
Отклонения по отпуску из сети
-98.98-98.98
2023/2024
-100
0
-125
-75
-50
-25'

07-03-2025T05:52:30 - [TEST_STEP][PASSED] - n = n + 9: null

07-03-2025T05:52:30 - [TEST_STEP][PASSED] - Script1686231490255.WriteToExcel(user, dashboardName, n, data, run, a1, a2, a3, a4, a5, a6, a7, a8, a9): null

07-03-2025T05:52:30 - [TEST_STEP][PASSED] - sheetName = "Sheet1": null

07-03-2025T05:52:30 - [TEST_STEP][PASSED] - workbook01 = getWorkbook(excelFilePath): null

07-03-2025T05:52:30 - [TEST_STEP][PASSED] - sheet01 = getExcelSheet(workbook01, sheetName): null

07-03-2025T05:52:30 - [TEST_STEP][PASSED] - setValueToCellByIndex(sheet01, n, 0, dashboardName): null

07-03-2025T05:52:30 - [TEST_STEP][PASSED] - setValueToCellByIndex(sheet01, n, 10, user): null

07-03-2025T05:52:30 - [TEST_STEP][PASSED] - setValueToCellByIndex(sheet01, n, 1, a1): null

07-03-2025T05:52:30 - [TEST_STEP][PASSED] - setValueToCellByIndex(sheet01, n, 2, a2): null

07-03-2025T05:52:30 - [TEST_STEP][PASSED] - setValueToCellByIndex(sheet01, n, 3, a3): null

07-03-2025T05:52:30 - [TEST_STEP][PASSED] - setValueToCellByIndex(sheet01, n, 4, a4): null

07-03-2025T05:52:30 - [TEST_STEP][PASSED] - setValueToCellByIndex(sheet01, n, 5, a5): null

07-03-2025T05:52:30 - [TEST_STEP][PASSED] - setValueToCellByIndex(sheet01, n, 6, a6): null

07-03-2025T05:52:30 - [TEST_STEP][PASSED] - setValueToCellByIndex(sheet01, n, 7, a7): null

07-03-2025T05:52:30 - [TEST_STEP][PASSED] - setValueToCellByIndex(sheet01, n, 8, a8): null

07-03-2025T05:52:30 - [TEST_STEP][PASSED] - setValueToCellByIndex(sheet01, n, 9, a9): null

07-03-2025T05:52:30 - [TEST_STEP][PASSED] - n = n + 1: null

07-03-2025T05:52:30 - [TEST_STEP][PASSED] - saveWorkbook(excelFilePath, workbook01): null

07-03-2025T05:52:31 - [TEST_STEP][PASSED] - if (run == 2): null

07-03-2025T05:52:31 - [TEST_STEP][PASSED] - if (run == 3): null

07-03-2025T05:52:31 - [TEST_STEP][PASSED] - closeBrowser(): null

07-03-2025T05:52:31 - [MESSAGE][PASSED] - Browser is closed

07-03-2025T05:52:31 - [TEST_STEP][PASSED] - OtpuskIzSeti(user, dashboardName, n, data, run, a1, a2, a3, a4, a5, a6, a7, a8, a9, urlData): null

07-03-2025T05:52:31 - [TEST_STEP][PASSED] - n = data.getRowNumbers() + 1: null

07-03-2025T05:52:31 - [TEST_STEP][PASSED] - println(n): null

07-03-2025T05:52:31 - [TEST_STEP][PASSED] - dashboardName = "Отпуск из сети": null

07-03-2025T05:52:31 - [TEST_STEP][PASSED] - openBrowser(""): Browser is opened with url: ''

07-03-2025T05:52:31 - [MESSAGE][INFO] - Starting 'Chrome' driver

07-03-2025T05:52:31 - [MESSAGE][INFO] - Action delay is set to 0 milliseconds

07-03-2025T05:52:32 - [MESSAGE][PASSED] - Browser is opened with url: ''

07-03-2025T05:52:32 - [TEST_STEP][PASSED] - urlData = 15: null

07-03-2025T05:52:32 - [TEST_STEP][PASSED] - Script1686231490255.CheckPageDownload(urlData, run): null

07-03-2025T05:52:32 - [TEST_STEP][PASSED] - i = 1: null

07-03-2025T05:52:32 - [TEST_STEP][PASSED] - ii = 0: null

07-03-2025T05:52:32 - [TEST_STEP][PASSED] - urlText = <not implemented yet for class: org.codehaus.groovy.ast.expr.EmptyExpression>: null

07-03-2025T05:52:32 - [TEST_STEP][PASSED] - searchWord = <not implemented yet for class: org.codehaus.groovy.ast.expr.EmptyExpression>: null

07-03-2025T05:52:32 - [TEST_STEP][PASSED] - deleteAllCookies(): Delete all cookies successfully

07-03-2025T05:52:32 - [MESSAGE][PASSED] - Delete all cookies successfully

07-03-2025T05:52:32 - [TEST_STEP][PASSED] - refresh(): Refresh successfully

07-03-2025T05:52:32 - [MESSAGE][PASSED] - Refresh successfully

07-03-2025T05:52:32 - [TEST_STEP][PASSED] - delay(70): Delayed 70 second(s)

07-03-2025T05:53:42 - [MESSAGE][PASSED] - Delayed 70 second(s)

07-03-2025T05:53:42 - [TEST_STEP][PASSED] - navigateToUrl(findTestData("PlanFact").getValue(10, urlData)): Navigate to 'https://bi.rosseti.digital/viewer?dashboardGuid=d154a8eaf6824e2b9de1bb04dd061c18&sheetGuid=f217cc6775674247871931fed0993c14&fit=true' successfully

07-03-2025T05:53:47 - [MESSAGE][PASSED] - Navigate to 'https://bi.rosseti.digital/viewer?dashboardGuid=d154a8eaf6824e2b9de1bb04dd061c18&sheetGuid=f217cc6775674247871931fed0993c14&fit=true' successfully

07-03-2025T05:53:47 - [TEST_STEP][PASSED] - pageLoaded1 = verifyElementPresent(findTestObject("Страница авторизации/Text"), 30): Object 'Object Repository/Страница авторизации/Text' is present

07-03-2025T05:53:48 - [MESSAGE][PASSED] - Object 'Object Repository/Страница авторизации/Text' is present

07-03-2025T05:53:48 - [TEST_STEP][PASSED] - if (pageLoaded1 == false): null

07-03-2025T05:53:48 - [TEST_STEP][PASSED] - urlText = getText(findTestObject("Страница авторизации/Text")): Text of object 'Object Repository/Страница авторизации/Text' is: 'Вход'

07-03-2025T05:53:48 - [MESSAGE][PASSED] - Text of object 'Object Repository/Страница авторизации/Text' is: 'Вход'

07-03-2025T05:53:48 - [TEST_STEP][PASSED] - delay(70): Delayed 70 second(s)

07-03-2025T05:54:58 - [MESSAGE][PASSED] - Delayed 70 second(s)

07-03-2025T05:54:58 - [TEST_STEP][PASSED] - searchWord = "Вход": null

07-03-2025T05:54:58 - [TEST_STEP][PASSED] - if (urlText.contains(searchWord) == false): null

07-03-2025T05:54:58 - [TEST_STEP][PASSED] - setText(findTestObject("Страница авторизации/input__username"), findTestData("PlanFact").getValue(8, run)): Text 'Andreeva-EV' is set on object 'Object Repository/Страница авторизации/input__username'

07-03-2025T05:54:59 - [MESSAGE][PASSED] - Text 'Andreeva-EV' is set on object 'Object Repository/Страница авторизации/input__username'

07-03-2025T05:54:59 - [TEST_STEP][PASSED] - setText(findTestObject("Страница авторизации/input__password"), findTestData("PlanFact").getValue(9, run)): Text '2nPePKDwCPH3ul7xMZ' is set on object 'Object Repository/Страница авторизации/input__password'

07-03-2025T05:55:00 - [MESSAGE][PASSED] - Text '2nPePKDwCPH3ul7xMZ' is set on object 'Object Repository/Страница авторизации/input__password'

07-03-2025T05:55:00 - [TEST_STEP][PASSED] - click(findTestObject("Страница авторизации/button_")): Object: 'Object Repository/Страница авторизации/button_' is clicked on

07-03-2025T05:55:01 - [MESSAGE][PASSED] - Object: 'Object Repository/Страница авторизации/button_' is clicked on

07-03-2025T05:55:01 - [TEST_STEP][PASSED] - delay(70): Delayed 70 second(s)

07-03-2025T05:56:11 - [MESSAGE][PASSED] - Delayed 70 second(s)

07-03-2025T05:56:11 - [TEST_STEP][PASSED] - searchWord = "а": null

07-03-2025T05:56:11 - [TEST_STEP][PASSED] - pageLoaded2 = verifyElementPresent(findTestObject("Страница авторизации/Text"), 50): Object 'Object Repository/Страница авторизации/Text' is present

07-03-2025T05:56:12 - [MESSAGE][PASSED] - Object 'Object Repository/Страница авторизации/Text' is present

07-03-2025T05:56:12 - [TEST_STEP][PASSED] - if (pageLoaded2 == false): null

07-03-2025T05:56:12 - [TEST_STEP][PASSED] - urlText = getText(findTestObject("Страница авторизации/Text")): Text of object 'Object Repository/Страница авторизации/Text' is: 'ДЗО 
Все
Период
2025 год - 1 квартал - Январь, 2024 год - 1 квартал - Январь, 2023 год - 1 квартал - Январь
Отпуск из сети
Факт
2023 год
2024 год
0
5 000
10 000
15 000
20 000
25 000
30 000
35 000
40 000
45 000
50 000
55 000
51 858 414
530 278
●● Отклонения, тыс. кВт⋅ч
тыс. кВт⋅ч
Отклонения по отпуску из сети
-51 328 135-51 328 135
2023/2024
-60 000 000
-50 000 000
-40 000 000
-30 000 000
-20 000 000
-10 000 000
0
●● Отклонения, %
%
Отклонения по отпуску из сети
-98.98-98.98
2023/2024
-100
0
-125
-75
-50
-25
тыс. кВт⋅ч
Фактические данные по отпуску из сети'

07-03-2025T05:56:12 - [MESSAGE][PASSED] - Text of object 'Object Repository/Страница авторизации/Text' is: 'ДЗО 
Все
Период
2025 год - 1 квартал - Январь, 2024 год - 1 квартал - Январь, 2023 год - 1 квартал - Январь
Отпуск из сети
Факт
2023 год
2024 год
0
5 000
10 000
15 000
20 000
25 000
30 000
35 000
40 000
45 000
50 000
55 000
51 858 414
530 278
●● Отклонения, тыс. кВт⋅ч
тыс. кВт⋅ч
Отклонения по отпуску из сети
-51 328 135-51 328 135
2023/2024
-60 000 000
-50 000 000
-40 000 000
-30 000 000
-20 000 000
-10 000 000
0
●● Отклонения, %
%
Отклонения по отпуску из сети
-98.98-98.98
2023/2024
-100
0
-125
-75
-50
-25
тыс. кВт⋅ч
Фактические данные по отпуску из сети'

07-03-2025T05:56:12 - [TEST_STEP][PASSED] - if (urlText.contains("ошибка") || urlText.contains(searchWord) == false): null

07-03-2025T05:56:12 - [TEST_STEP][PASSED] - a6 = "": null

07-03-2025T05:56:12 - [TEST_STEP][PASSED] - a7 = "": null

07-03-2025T05:56:12 - [TEST_STEP][PASSED] - a8 = "": null

07-03-2025T05:56:12 - [TEST_STEP][PASSED] - a9 = "": null

07-03-2025T05:56:12 - [TEST_STEP][PASSED] - if (run == 1): null

07-03-2025T05:56:12 - [TEST_STEP][PASSED] - if (run == 2): null

07-03-2025T05:56:12 - [TEST_STEP][PASSED] - user = "Андреева": null

07-03-2025T05:56:12 - [TEST_STEP][PASSED] - a1 = getText(findTestObject("Отпуск из сети/span1")): Text of object 'Object Repository/Отпуск из сети/span1' is: ''

07-03-2025T05:56:12 - [MESSAGE][PASSED] - Text of object 'Object Repository/Отпуск из сети/span1' is: ''

07-03-2025T05:56:12 - [TEST_STEP][PASSED] - a2 = getText(findTestObject("Отпуск из сети/span2")): Text of object 'Object Repository/Отпуск из сети/span2' is: '51 858 414'

07-03-2025T05:56:13 - [MESSAGE][PASSED] - Text of object 'Object Repository/Отпуск из сети/span2' is: '51 858 414'

07-03-2025T05:56:13 - [TEST_STEP][PASSED] - a3 = getText(findTestObject("Отпуск из сети/span3")): Text of object 'Object Repository/Отпуск из сети/span3' is: '530 278'

07-03-2025T05:56:13 - [MESSAGE][PASSED] - Text of object 'Object Repository/Отпуск из сети/span3' is: '530 278'

07-03-2025T05:56:13 - [TEST_STEP][PASSED] - a4 = getText(findTestObject("Отпуск из сети/График1")): Text of object 'Object Repository/Отпуск из сети/График1' is: '●● Отклонения, тыс. кВт⋅ч
тыс. кВт⋅ч
Отклонения по отпуску из сети
-51 328 135-51 328 135
2023/2024
-60 000 000
-50 000 000
-40 000 000
-30 000 000
-20 000 000
-10 000 000
0'

07-03-2025T05:56:13 - [MESSAGE][PASSED] - Text of object 'Object Repository/Отпуск из сети/График1' is: '●● Отклонения, тыс. кВт⋅ч
тыс. кВт⋅ч
Отклонения по отпуску из сети
-51 328 135-51 328 135
2023/2024
-60 000 000
-50 000 000
-40 000 000
-30 000 000
-20 000 000
-10 000 000
0'

07-03-2025T05:56:13 - [TEST_STEP][PASSED] - a5 = getText(findTestObject("Отпуск из сети/График2")): Text of object 'Object Repository/Отпуск из сети/График2' is: '●● Отклонения, %
%
Отклонения по отпуску из сети
-98.98-98.98
2023/2024
-100
0
-125
-75
-50
-25'

07-03-2025T05:56:14 - [MESSAGE][PASSED] - Text of object 'Object Repository/Отпуск из сети/График2' is: '●● Отклонения, %
%
Отклонения по отпуску из сети
-98.98-98.98
2023/2024
-100
0
-125
-75
-50
-25'

07-03-2025T05:56:14 - [TEST_STEP][PASSED] - n = n + 10: null

07-03-2025T05:56:14 - [TEST_STEP][PASSED] - b = n - run + 1: null

07-03-2025T05:56:14 - [TEST_STEP][PASSED] - verifyEqual(findTestData("PlanFact").getValue(2, b), a1): Actual object '' and expected object '' are equal

07-03-2025T05:56:14 - [MESSAGE][PASSED] - Actual object '' and expected object '' are equal

07-03-2025T05:56:14 - [TEST_STEP][PASSED] - verifyEqual(findTestData("PlanFact").getValue(3, b), a2): Actual object '51 858 414' and expected object '51 858 414' are equal

07-03-2025T05:56:14 - [MESSAGE][PASSED] - Actual object '51 858 414' and expected object '51 858 414' are equal

07-03-2025T05:56:14 - [TEST_STEP][PASSED] - verifyEqual(findTestData("PlanFact").getValue(4, b), a3): Actual object '530 278' and expected object '530 278' are equal

07-03-2025T05:56:14 - [MESSAGE][PASSED] - Actual object '530 278' and expected object '530 278' are equal

07-03-2025T05:56:14 - [TEST_STEP][PASSED] - verifyEqual(findTestData("PlanFact").getValue(5, b), a4): Actual object '●● Отклонения, тыс. кВт⋅ч
тыс. кВт⋅ч
Отклонения по отпуску из сети
-51 328 135-51 328 135
2023/2024
-60 000 000
-50 000 000
-40 000 000
-30 000 000
-20 000 000
-10 000 000
0' and expected object '●● Отклонения, тыс. кВт⋅ч
тыс. кВт⋅ч
Отклонения по отпуску из сети
-51 328 135-51 328 135
2023/2024
-60 000 000
-50 000 000
-40 000 000
-30 000 000
-20 000 000
-10 000 000
0' are equal

07-03-2025T05:56:14 - [MESSAGE][PASSED] - Actual object '●● Отклонения, тыс. кВт⋅ч
тыс. кВт⋅ч
Отклонения по отпуску из сети
-51 328 135-51 328 135
2023/2024
-60 000 000
-50 000 000
-40 000 000
-30 000 000
-20 000 000
-10 000 000
0' and expected object '●● Отклонения, тыс. кВт⋅ч
тыс. кВт⋅ч
Отклонения по отпуску из сети
-51 328 135-51 328 135
2023/2024
-60 000 000
-50 000 000
-40 000 000
-30 000 000
-20 000 000
-10 000 000
0' are equal

07-03-2025T05:56:14 - [TEST_STEP][PASSED] - verifyEqual(findTestData("PlanFact").getValue(6, b), a5): Actual object '●● Отклонения, %
%
Отклонения по отпуску из сети
-98.98-98.98
2023/2024
-100
0
-125
-75
-50
-25' and expected object '●● Отклонения, %
%
Отклонения по отпуску из сети
-98.98-98.98
2023/2024
-100
0
-125
-75
-50
-25' are equal

07-03-2025T05:56:14 - [MESSAGE][PASSED] - Actual object '●● Отклонения, %
%
Отклонения по отпуску из сети
-98.98-98.98
2023/2024
-100
0
-125
-75
-50
-25' and expected object '●● Отклонения, %
%
Отклонения по отпуску из сети
-98.98-98.98
2023/2024
-100
0
-125
-75
-50
-25' are equal

07-03-2025T05:56:14 - [TEST_STEP][PASSED] - Script1686231490255.WriteToExcel(user, dashboardName, n, data, run, a1, a2, a3, a4, a5, a6, a7, a8, a9): null

07-03-2025T05:56:14 - [TEST_STEP][PASSED] - sheetName = "Sheet1": null

07-03-2025T05:56:14 - [TEST_STEP][PASSED] - workbook01 = getWorkbook(excelFilePath): null

07-03-2025T05:56:14 - [TEST_STEP][PASSED] - sheet01 = getExcelSheet(workbook01, sheetName): null

07-03-2025T05:56:14 - [TEST_STEP][PASSED] - setValueToCellByIndex(sheet01, n, 0, dashboardName): null

07-03-2025T05:56:14 - [TEST_STEP][PASSED] - setValueToCellByIndex(sheet01, n, 10, user): null

07-03-2025T05:56:14 - [TEST_STEP][PASSED] - setValueToCellByIndex(sheet01, n, 1, a1): null

07-03-2025T05:56:14 - [TEST_STEP][PASSED] - setValueToCellByIndex(sheet01, n, 2, a2): null

07-03-2025T05:56:14 - [TEST_STEP][PASSED] - setValueToCellByIndex(sheet01, n, 3, a3): null

07-03-2025T05:56:14 - [TEST_STEP][PASSED] - setValueToCellByIndex(sheet01, n, 4, a4): null

07-03-2025T05:56:14 - [TEST_STEP][PASSED] - setValueToCellByIndex(sheet01, n, 5, a5): null

07-03-2025T05:56:14 - [TEST_STEP][PASSED] - setValueToCellByIndex(sheet01, n, 6, a6): null

07-03-2025T05:56:14 - [TEST_STEP][PASSED] - setValueToCellByIndex(sheet01, n, 7, a7): null

07-03-2025T05:56:14 - [TEST_STEP][PASSED] - setValueToCellByIndex(sheet01, n, 8, a8): null

07-03-2025T05:56:14 - [TEST_STEP][PASSED] - setValueToCellByIndex(sheet01, n, 9, a9): null

07-03-2025T05:56:14 - [TEST_STEP][PASSED] - n = n + 1: null

07-03-2025T05:56:14 - [TEST_STEP][PASSED] - saveWorkbook(excelFilePath, workbook01): null

07-03-2025T05:56:14 - [TEST_STEP][PASSED] - if (run == 3): null

07-03-2025T05:56:14 - [TEST_STEP][PASSED] - closeBrowser(): null

07-03-2025T05:56:14 - [MESSAGE][PASSED] - Browser is closed

07-03-2025T05:56:14 - [TEST_STEP][PASSED] - OtpuskIzSeti(user, dashboardName, n, data, run, a1, a2, a3, a4, a5, a6, a7, a8, a9, urlData): null

07-03-2025T05:56:14 - [TEST_STEP][PASSED] - n = data.getRowNumbers() + 1: null

07-03-2025T05:56:14 - [TEST_STEP][PASSED] - println(n): null

07-03-2025T05:56:14 - [TEST_STEP][PASSED] - dashboardName = "Отпуск из сети": null

07-03-2025T05:56:14 - [TEST_STEP][PASSED] - openBrowser(""): Browser is opened with url: ''

07-03-2025T05:56:14 - [MESSAGE][INFO] - Starting 'Chrome' driver

07-03-2025T05:56:14 - [MESSAGE][INFO] - Action delay is set to 0 milliseconds

07-03-2025T05:56:15 - [MESSAGE][PASSED] - Browser is opened with url: ''

07-03-2025T05:56:15 - [TEST_STEP][PASSED] - urlData = 15: null

07-03-2025T05:56:15 - [TEST_STEP][PASSED] - Script1686231490255.CheckPageDownload(urlData, run): null

07-03-2025T05:56:15 - [TEST_STEP][PASSED] - i = 1: null

07-03-2025T05:56:15 - [TEST_STEP][PASSED] - ii = 0: null

07-03-2025T05:56:15 - [TEST_STEP][PASSED] - urlText = <not implemented yet for class: org.codehaus.groovy.ast.expr.EmptyExpression>: null

07-03-2025T05:56:15 - [TEST_STEP][PASSED] - searchWord = <not implemented yet for class: org.codehaus.groovy.ast.expr.EmptyExpression>: null

07-03-2025T05:56:15 - [TEST_STEP][PASSED] - deleteAllCookies(): Delete all cookies successfully

07-03-2025T05:56:15 - [MESSAGE][PASSED] - Delete all cookies successfully

07-03-2025T05:56:15 - [TEST_STEP][PASSED] - refresh(): Refresh successfully

07-03-2025T05:56:15 - [MESSAGE][PASSED] - Refresh successfully

07-03-2025T05:56:15 - [TEST_STEP][PASSED] - delay(70): Delayed 70 second(s)

07-03-2025T05:57:25 - [MESSAGE][PASSED] - Delayed 70 second(s)

07-03-2025T05:57:25 - [TEST_STEP][PASSED] - navigateToUrl(findTestData("PlanFact").getValue(10, urlData)): Navigate to 'https://bi.rosseti.digital/viewer?dashboardGuid=d154a8eaf6824e2b9de1bb04dd061c18&sheetGuid=f217cc6775674247871931fed0993c14&fit=true' successfully

07-03-2025T05:57:29 - [MESSAGE][PASSED] - Navigate to 'https://bi.rosseti.digital/viewer?dashboardGuid=d154a8eaf6824e2b9de1bb04dd061c18&sheetGuid=f217cc6775674247871931fed0993c14&fit=true' successfully

07-03-2025T05:57:29 - [TEST_STEP][PASSED] - pageLoaded1 = verifyElementPresent(findTestObject("Страница авторизации/Text"), 30): Object 'Object Repository/Страница авторизации/Text' is present

07-03-2025T05:57:31 - [MESSAGE][PASSED] - Object 'Object Repository/Страница авторизации/Text' is present

07-03-2025T05:57:31 - [TEST_STEP][PASSED] - if (pageLoaded1 == false): null

07-03-2025T05:57:31 - [TEST_STEP][PASSED] - urlText = getText(findTestObject("Страница авторизации/Text")): Text of object 'Object Repository/Страница авторизации/Text' is: 'Вход'

07-03-2025T05:57:31 - [MESSAGE][PASSED] - Text of object 'Object Repository/Страница авторизации/Text' is: 'Вход'

07-03-2025T05:57:31 - [TEST_STEP][PASSED] - delay(70): Delayed 70 second(s)

07-03-2025T05:58:41 - [MESSAGE][PASSED] - Delayed 70 second(s)

07-03-2025T05:58:41 - [TEST_STEP][PASSED] - searchWord = "Вход": null

07-03-2025T05:58:41 - [TEST_STEP][PASSED] - if (urlText.contains(searchWord) == false): null

07-03-2025T05:58:41 - [TEST_STEP][PASSED] - setText(findTestObject("Страница авторизации/input__username"), findTestData("PlanFact").getValue(8, run)): Text 'Petrova-OV' is set on object 'Object Repository/Страница авторизации/input__username'

07-03-2025T05:58:41 - [MESSAGE][PASSED] - Text 'Petrova-OV' is set on object 'Object Repository/Страница авторизации/input__username'

07-03-2025T05:58:41 - [TEST_STEP][PASSED] - setText(findTestObject("Страница авторизации/input__password"), findTestData("PlanFact").getValue(9, run)): Text '4Ex@~R53r&3x&BVe7' is set on object 'Object Repository/Страница авторизации/input__password'

07-03-2025T05:58:42 - [MESSAGE][PASSED] - Text '4Ex@~R53r&3x&BVe7' is set on object 'Object Repository/Страница авторизации/input__password'

07-03-2025T05:58:42 - [TEST_STEP][PASSED] - click(findTestObject("Страница авторизации/button_")): Object: 'Object Repository/Страница авторизации/button_' is clicked on

07-03-2025T05:58:43 - [MESSAGE][PASSED] - Object: 'Object Repository/Страница авторизации/button_' is clicked on

07-03-2025T05:58:43 - [TEST_STEP][PASSED] - delay(70): Delayed 70 second(s)

07-03-2025T05:59:53 - [MESSAGE][PASSED] - Delayed 70 second(s)

07-03-2025T05:59:53 - [TEST_STEP][PASSED] - searchWord = "а": null

07-03-2025T05:59:53 - [TEST_STEP][PASSED] - pageLoaded2 = verifyElementPresent(findTestObject("Страница авторизации/Text"), 50): Object 'Object Repository/Страница авторизации/Text' is present

07-03-2025T05:59:53 - [MESSAGE][PASSED] - Object 'Object Repository/Страница авторизации/Text' is present

07-03-2025T05:59:53 - [TEST_STEP][PASSED] - if (pageLoaded2 == false): null

07-03-2025T05:59:53 - [TEST_STEP][PASSED] - urlText = getText(findTestObject("Страница авторизации/Text")): Text of object 'Object Repository/Страница авторизации/Text' is: 'ДЗО 
Все
Период
2025 год - 1 квартал - Январь, 2024 год - 1 квартал - Январь, 2023 год - 1 квартал - Январь
Отпуск из сети
Факт
2023 год
2024 год
0
5 000
10 000
15 000
20 000
25 000
30 000
35 000
40 000
45 000
50 000
55 000
51 858 414
530 278
●● Отклонения, тыс. кВт⋅ч
тыс. кВт⋅ч
Отклонения по отпуску из сети
-51 328 135-51 328 135
2023/2024
-60 000 000
-50 000 000
-40 000 000
-30 000 000
-20 000 000
-10 000 000
0
●● Отклонения, %
%
Отклонения по отпуску из сети
-98.98-98.98
2023/2024
-100
0
-125
-75
-50
-25
тыс. кВт⋅ч
Фактические данные по отпуску из сети'

07-03-2025T05:59:54 - [MESSAGE][PASSED] - Text of object 'Object Repository/Страница авторизации/Text' is: 'ДЗО 
Все
Период
2025 год - 1 квартал - Январь, 2024 год - 1 квартал - Январь, 2023 год - 1 квартал - Январь
Отпуск из сети
Факт
2023 год
2024 год
0
5 000
10 000
15 000
20 000
25 000
30 000
35 000
40 000
45 000
50 000
55 000
51 858 414
530 278
●● Отклонения, тыс. кВт⋅ч
тыс. кВт⋅ч
Отклонения по отпуску из сети
-51 328 135-51 328 135
2023/2024
-60 000 000
-50 000 000
-40 000 000
-30 000 000
-20 000 000
-10 000 000
0
●● Отклонения, %
%
Отклонения по отпуску из сети
-98.98-98.98
2023/2024
-100
0
-125
-75
-50
-25
тыс. кВт⋅ч
Фактические данные по отпуску из сети'

07-03-2025T05:59:54 - [TEST_STEP][PASSED] - if (urlText.contains("ошибка") || urlText.contains(searchWord) == false): null

07-03-2025T05:59:54 - [TEST_STEP][PASSED] - a6 = "": null

07-03-2025T05:59:54 - [TEST_STEP][PASSED] - a7 = "": null

07-03-2025T05:59:54 - [TEST_STEP][PASSED] - a8 = "": null

07-03-2025T05:59:54 - [TEST_STEP][PASSED] - a9 = "": null

07-03-2025T05:59:54 - [TEST_STEP][PASSED] - if (run == 1): null

07-03-2025T05:59:54 - [TEST_STEP][PASSED] - if (run == 2): null

07-03-2025T05:59:54 - [TEST_STEP][PASSED] - if (run == 3): null

07-03-2025T05:59:54 - [TEST_STEP][PASSED] - user = "Попова": null

07-03-2025T05:59:54 - [TEST_STEP][PASSED] - a1 = getText(findTestObject("Отпуск из сети/span1")): Text of object 'Object Repository/Отпуск из сети/span1' is: ''

07-03-2025T05:59:54 - [MESSAGE][PASSED] - Text of object 'Object Repository/Отпуск из сети/span1' is: ''

07-03-2025T05:59:54 - [TEST_STEP][PASSED] - a2 = getText(findTestObject("Отпуск из сети/span2")): Text of object 'Object Repository/Отпуск из сети/span2' is: '51 858 414'

07-03-2025T05:59:54 - [MESSAGE][PASSED] - Text of object 'Object Repository/Отпуск из сети/span2' is: '51 858 414'

07-03-2025T05:59:54 - [TEST_STEP][PASSED] - a3 = getText(findTestObject("Отпуск из сети/span3")): Text of object 'Object Repository/Отпуск из сети/span3' is: '530 278'

07-03-2025T05:59:55 - [MESSAGE][PASSED] - Text of object 'Object Repository/Отпуск из сети/span3' is: '530 278'

07-03-2025T05:59:55 - [TEST_STEP][PASSED] - a4 = getText(findTestObject("Отпуск из сети/График1")): Text of object 'Object Repository/Отпуск из сети/График1' is: '●● Отклонения, тыс. кВт⋅ч
тыс. кВт⋅ч
Отклонения по отпуску из сети
-51 328 135-51 328 135
2023/2024
-60 000 000
-50 000 000
-40 000 000
-30 000 000
-20 000 000
-10 000 000
0'

07-03-2025T05:59:55 - [MESSAGE][PASSED] - Text of object 'Object Repository/Отпуск из сети/График1' is: '●● Отклонения, тыс. кВт⋅ч
тыс. кВт⋅ч
Отклонения по отпуску из сети
-51 328 135-51 328 135
2023/2024
-60 000 000
-50 000 000
-40 000 000
-30 000 000
-20 000 000
-10 000 000
0'

07-03-2025T05:59:55 - [TEST_STEP][PASSED] - a5 = getText(findTestObject("Отпуск из сети/График2")): Text of object 'Object Repository/Отпуск из сети/График2' is: '●● Отклонения, %
%
Отклонения по отпуску из сети
-98.98-98.98
2023/2024
-100
0
-125
-75
-50
-25'

07-03-2025T05:59:55 - [MESSAGE][PASSED] - Text of object 'Object Repository/Отпуск из сети/График2' is: '●● Отклонения, %
%
Отклонения по отпуску из сети
-98.98-98.98
2023/2024
-100
0
-125
-75
-50
-25'

07-03-2025T05:59:55 - [TEST_STEP][PASSED] - n = n + 11: null

07-03-2025T05:59:55 - [TEST_STEP][PASSED] - b = n - run + 1: null

07-03-2025T05:59:55 - [TEST_STEP][PASSED] - verifyEqual(findTestData("PlanFact").getValue(2, b), a1): Actual object '' and expected object '' are equal

07-03-2025T05:59:55 - [MESSAGE][PASSED] - Actual object '' and expected object '' are equal

07-03-2025T05:59:55 - [TEST_STEP][PASSED] - verifyEqual(findTestData("PlanFact").getValue(3, b), a2): Actual object '51 858 414' and expected object '51 858 414' are equal

07-03-2025T05:59:55 - [MESSAGE][PASSED] - Actual object '51 858 414' and expected object '51 858 414' are equal

07-03-2025T05:59:55 - [TEST_STEP][PASSED] - verifyEqual(findTestData("PlanFact").getValue(4, b), a3): Actual object '530 278' and expected object '530 278' are equal

07-03-2025T05:59:55 - [MESSAGE][PASSED] - Actual object '530 278' and expected object '530 278' are equal

07-03-2025T05:59:55 - [TEST_STEP][PASSED] - verifyEqual(findTestData("PlanFact").getValue(5, b), a4): Actual object '●● Отклонения, тыс. кВт⋅ч
тыс. кВт⋅ч
Отклонения по отпуску из сети
-51 328 135-51 328 135
2023/2024
-60 000 000
-50 000 000
-40 000 000
-30 000 000
-20 000 000
-10 000 000
0' and expected object '●● Отклонения, тыс. кВт⋅ч
тыс. кВт⋅ч
Отклонения по отпуску из сети
-51 328 135-51 328 135
2023/2024
-60 000 000
-50 000 000
-40 000 000
-30 000 000
-20 000 000
-10 000 000
0' are equal

07-03-2025T05:59:56 - [MESSAGE][PASSED] - Actual object '●● Отклонения, тыс. кВт⋅ч
тыс. кВт⋅ч
Отклонения по отпуску из сети
-51 328 135-51 328 135
2023/2024
-60 000 000
-50 000 000
-40 000 000
-30 000 000
-20 000 000
-10 000 000
0' and expected object '●● Отклонения, тыс. кВт⋅ч
тыс. кВт⋅ч
Отклонения по отпуску из сети
-51 328 135-51 328 135
2023/2024
-60 000 000
-50 000 000
-40 000 000
-30 000 000
-20 000 000
-10 000 000
0' are equal

07-03-2025T05:59:56 - [TEST_STEP][PASSED] - verifyEqual(findTestData("PlanFact").getValue(6, b), a5): Actual object '●● Отклонения, %
%
Отклонения по отпуску из сети
-98.98-98.98
2023/2024
-100
0
-125
-75
-50
-25' and expected object '●● Отклонения, %
%
Отклонения по отпуску из сети
-98.98-98.98
2023/2024
-100
0
-125
-75
-50
-25' are equal

07-03-2025T05:59:56 - [MESSAGE][PASSED] - Actual object '●● Отклонения, %
%
Отклонения по отпуску из сети
-98.98-98.98
2023/2024
-100
0
-125
-75
-50
-25' and expected object '●● Отклонения, %
%
Отклонения по отпуску из сети
-98.98-98.98
2023/2024
-100
0
-125
-75
-50
-25' are equal

07-03-2025T05:59:56 - [TEST_STEP][PASSED] - Script1686231490255.WriteToExcel(user, dashboardName, n, data, run, a1, a2, a3, a4, a5, a6, a7, a8, a9): null

07-03-2025T05:59:56 - [TEST_STEP][PASSED] - sheetName = "Sheet1": null

07-03-2025T05:59:56 - [TEST_STEP][PASSED] - workbook01 = getWorkbook(excelFilePath): null

07-03-2025T05:59:56 - [TEST_STEP][PASSED] - sheet01 = getExcelSheet(workbook01, sheetName): null

07-03-2025T05:59:56 - [TEST_STEP][PASSED] - setValueToCellByIndex(sheet01, n, 0, dashboardName): null

07-03-2025T05:59:56 - [TEST_STEP][PASSED] - setValueToCellByIndex(sheet01, n, 10, user): null

07-03-2025T05:59:56 - [TEST_STEP][PASSED] - setValueToCellByIndex(sheet01, n, 1, a1): null

07-03-2025T05:59:56 - [TEST_STEP][PASSED] - setValueToCellByIndex(sheet01, n, 2, a2): null

07-03-2025T05:59:56 - [TEST_STEP][PASSED] - setValueToCellByIndex(sheet01, n, 3, a3): null

07-03-2025T05:59:56 - [TEST_STEP][PASSED] - setValueToCellByIndex(sheet01, n, 4, a4): null

07-03-2025T05:59:56 - [TEST_STEP][PASSED] - setValueToCellByIndex(sheet01, n, 5, a5): null

07-03-2025T05:59:56 - [TEST_STEP][PASSED] - setValueToCellByIndex(sheet01, n, 6, a6): null

07-03-2025T05:59:56 - [TEST_STEP][PASSED] - setValueToCellByIndex(sheet01, n, 7, a7): null

07-03-2025T05:59:56 - [TEST_STEP][PASSED] - setValueToCellByIndex(sheet01, n, 8, a8): null

07-03-2025T05:59:56 - [TEST_STEP][PASSED] - setValueToCellByIndex(sheet01, n, 9, a9): null

07-03-2025T05:59:56 - [TEST_STEP][PASSED] - n = n + 1: null

07-03-2025T05:59:56 - [TEST_STEP][PASSED] - saveWorkbook(excelFilePath, workbook01): null

07-03-2025T05:59:56 - [TEST_STEP][PASSED] - closeBrowser(): Browser is closed

07-03-2025T05:59:56 - [MESSAGE][PASSED] - Browser is closed

07-03-2025T05:59:56 - [TEST_STEP][PASSED] - delay(70): Delayed 70 second(s)

07-03-2025T06:01:06 - [MESSAGE][PASSED] - Delayed 70 second(s)

07-03-2025T06:01:06 - [TEST_STEP][PASSED] - for ([run = 1, run < 4, (run++)]): null

07-03-2025T06:01:06 - [TEST_STEP][PASSED] - OtpuskVSet(user, dashboardName, n, data, run, a1, a2, a3, a4, a5, a6, a7, a8, a9, urlData): null

07-03-2025T06:01:06 - [TEST_STEP][PASSED] - n = data.getRowNumbers() + 1: null

07-03-2025T06:01:06 - [TEST_STEP][PASSED] - println(n): null

07-03-2025T06:01:06 - [TEST_STEP][PASSED] - dashboardName = "Отпуск в сеть": null

07-03-2025T06:01:06 - [TEST_STEP][PASSED] - openBrowser(""): Browser is opened with url: ''

07-03-2025T06:01:06 - [MESSAGE][INFO] - Starting 'Chrome' driver

07-03-2025T06:01:06 - [MESSAGE][INFO] - Action delay is set to 0 milliseconds

07-03-2025T06:01:07 - [MESSAGE][PASSED] - Browser is opened with url: ''

07-03-2025T06:01:07 - [TEST_STEP][PASSED] - urlData = 16: null

07-03-2025T06:01:07 - [TEST_STEP][PASSED] - Script1686231490255.CheckPageDownload(urlData, run): null

07-03-2025T06:01:07 - [TEST_STEP][PASSED] - i = 1: null

07-03-2025T06:01:07 - [TEST_STEP][PASSED] - ii = 0: null

07-03-2025T06:01:07 - [TEST_STEP][PASSED] - urlText = <not implemented yet for class: org.codehaus.groovy.ast.expr.EmptyExpression>: null

07-03-2025T06:01:07 - [TEST_STEP][PASSED] - searchWord = <not implemented yet for class: org.codehaus.groovy.ast.expr.EmptyExpression>: null

07-03-2025T06:01:07 - [TEST_STEP][PASSED] - deleteAllCookies(): Delete all cookies successfully

07-03-2025T06:01:07 - [MESSAGE][PASSED] - Delete all cookies successfully

07-03-2025T06:01:07 - [TEST_STEP][PASSED] - refresh(): Refresh successfully

07-03-2025T06:01:07 - [MESSAGE][PASSED] - Refresh successfully

07-03-2025T06:01:07 - [TEST_STEP][PASSED] - delay(70): Delayed 70 second(s)

07-03-2025T06:02:17 - [MESSAGE][PASSED] - Delayed 70 second(s)

07-03-2025T06:02:17 - [TEST_STEP][PASSED] - navigateToUrl(findTestData("PlanFact").getValue(10, urlData)): Navigate to 'https://bi.rosseti.digital/viewer?dashboardGuid=d154a8eaf6824e2b9de1bb04dd061c18&sheetGuid=33f591ea3cbf498897e314a4cd5a9f29&fit=true' successfully

07-03-2025T06:02:21 - [MESSAGE][PASSED] - Navigate to 'https://bi.rosseti.digital/viewer?dashboardGuid=d154a8eaf6824e2b9de1bb04dd061c18&sheetGuid=33f591ea3cbf498897e314a4cd5a9f29&fit=true' successfully

07-03-2025T06:02:21 - [TEST_STEP][PASSED] - pageLoaded1 = verifyElementPresent(findTestObject("Страница авторизации/Text"), 30): Object 'Object Repository/Страница авторизации/Text' is present

07-03-2025T06:02:22 - [MESSAGE][PASSED] - Object 'Object Repository/Страница авторизации/Text' is present

07-03-2025T06:02:22 - [TEST_STEP][PASSED] - if (pageLoaded1 == false): null

07-03-2025T06:02:22 - [TEST_STEP][PASSED] - urlText = getText(findTestObject("Страница авторизации/Text")): Text of object 'Object Repository/Страница авторизации/Text' is: 'Вход'

07-03-2025T06:02:22 - [MESSAGE][PASSED] - Text of object 'Object Repository/Страница авторизации/Text' is: 'Вход'

07-03-2025T06:02:22 - [TEST_STEP][PASSED] - delay(70): Delayed 70 second(s)

07-03-2025T06:03:32 - [MESSAGE][PASSED] - Delayed 70 second(s)

07-03-2025T06:03:32 - [TEST_STEP][PASSED] - searchWord = "Вход": null

07-03-2025T06:03:32 - [TEST_STEP][PASSED] - if (urlText.contains(searchWord) == false): null

07-03-2025T06:03:32 - [TEST_STEP][PASSED] - setText(findTestObject("Страница авторизации/input__username"), findTestData("PlanFact").getValue(8, run)): Text 'liazgina-di' is set on object 'Object Repository/Страница авторизации/input__username'

07-03-2025T06:03:33 - [MESSAGE][PASSED] - Text 'liazgina-di' is set on object 'Object Repository/Страница авторизации/input__username'

07-03-2025T06:03:33 - [TEST_STEP][PASSED] - setText(findTestObject("Страница авторизации/input__password"), findTestData("PlanFact").getValue(9, run)): Text ')$%5srZ8o688Dm#q' is set on object 'Object Repository/Страница авторизации/input__password'

07-03-2025T06:03:34 - [MESSAGE][PASSED] - Text ')$%5srZ8o688Dm#q' is set on object 'Object Repository/Страница авторизации/input__password'

07-03-2025T06:03:34 - [TEST_STEP][PASSED] - click(findTestObject("Страница авторизации/button_")): Object: 'Object Repository/Страница авторизации/button_' is clicked on

07-03-2025T06:03:35 - [MESSAGE][PASSED] - Object: 'Object Repository/Страница авторизации/button_' is clicked on

07-03-2025T06:03:35 - [TEST_STEP][PASSED] - delay(70): Delayed 70 second(s)

07-03-2025T06:04:45 - [MESSAGE][PASSED] - Delayed 70 second(s)

07-03-2025T06:04:45 - [TEST_STEP][PASSED] - searchWord = "а": null

07-03-2025T06:04:45 - [TEST_STEP][PASSED] - pageLoaded2 = verifyElementPresent(findTestObject("Страница авторизации/Text"), 50): Object 'Object Repository/Страница авторизации/Text' is present

07-03-2025T06:04:45 - [MESSAGE][PASSED] - Object 'Object Repository/Страница авторизации/Text' is present

07-03-2025T06:04:45 - [TEST_STEP][PASSED] - if (pageLoaded2 == false): null

07-03-2025T06:04:45 - [TEST_STEP][PASSED] - urlText = getText(findTestObject("Страница авторизации/Text")): Text of object 'Object Repository/Страница авторизации/Text' is: 'ДЗО 
Все
Период
2025 год - 1 квартал - Январь, 2024 год - 1 квартал - Январь, 2023 год - 1 квартал - Январь
тыс. кВт⋅ч
Отпуск в сеть
Факт
2023 год
2024 год
0
5 000
10 000
15 000
20 000
25 000
30 000
35 000
40 000
45 000
50 000
55 000
60 000
65 000
57 789 443
648 220
●● Отклонения, %
%
Отклонения по отпуску в сеть
-98.88-98.88
2023/2024
-100
0
-125
-75
-50
-25
●● Отклонения, тыс. кВт⋅ч
тыс. кВт⋅ч
Отклонения по отпуску в сеть
-57 141 223-57 141 223
2023/2024
-60 000 000
-50 000 000
-40 000 000
-30 000 000
-20 000 000
-10 000 000
0
Фактические данные по отпуску в сеть'

07-03-2025T06:04:46 - [MESSAGE][PASSED] - Text of object 'Object Repository/Страница авторизации/Text' is: 'ДЗО 
Все
Период
2025 год - 1 квартал - Январь, 2024 год - 1 квартал - Январь, 2023 год - 1 квартал - Январь
тыс. кВт⋅ч
Отпуск в сеть
Факт
2023 год
2024 год
0
5 000
10 000
15 000
20 000
25 000
30 000
35 000
40 000
45 000
50 000
55 000
60 000
65 000
57 789 443
648 220
●● Отклонения, %
%
Отклонения по отпуску в сеть
-98.88-98.88
2023/2024
-100
0
-125
-75
-50
-25
●● Отклонения, тыс. кВт⋅ч
тыс. кВт⋅ч
Отклонения по отпуску в сеть
-57 141 223-57 141 223
2023/2024
-60 000 000
-50 000 000
-40 000 000
-30 000 000
-20 000 000
-10 000 000
0
Фактические данные по отпуску в сеть'

07-03-2025T06:04:46 - [TEST_STEP][PASSED] - if (urlText.contains("ошибка") || urlText.contains(searchWord) == false): null

07-03-2025T06:04:46 - [TEST_STEP][PASSED] - a5 = "": null

07-03-2025T06:04:46 - [TEST_STEP][PASSED] - a6 = "": null

07-03-2025T06:04:46 - [TEST_STEP][PASSED] - a7 = "": null

07-03-2025T06:04:46 - [TEST_STEP][PASSED] - a8 = "": null

07-03-2025T06:04:46 - [TEST_STEP][PASSED] - a9 = "": null

07-03-2025T06:04:46 - [TEST_STEP][PASSED] - if (run == 1): null

07-03-2025T06:04:46 - [TEST_STEP][PASSED] - user = "админ": null

07-03-2025T06:04:46 - [TEST_STEP][PASSED] - a1 = getText(findTestObject("Отпуск в сеть/span1")): Text of object 'Object Repository/Отпуск в сеть/span1' is: '57 789 443'

07-03-2025T06:04:46 - [MESSAGE][PASSED] - Text of object 'Object Repository/Отпуск в сеть/span1' is: '57 789 443'

07-03-2025T06:04:46 - [TEST_STEP][PASSED] - a2 = getText(findTestObject("Отпуск в сеть/span2")): Text of object 'Object Repository/Отпуск в сеть/span2' is: '648 220'

07-03-2025T06:04:47 - [MESSAGE][PASSED] - Text of object 'Object Repository/Отпуск в сеть/span2' is: '648 220'

07-03-2025T06:04:47 - [TEST_STEP][PASSED] - a3 = getText(findTestObject("Отпуск в сеть/График1")): Text of object 'Object Repository/Отпуск в сеть/График1' is: '●● Отклонения, тыс. кВт⋅ч
тыс. кВт⋅ч
Отклонения по отпуску в сеть
-57 141 223-57 141 223
2023/2024
-60 000 000
-50 000 000
-40 000 000
-30 000 000
-20 000 000
-10 000 000
0'

07-03-2025T06:04:47 - [MESSAGE][PASSED] - Text of object 'Object Repository/Отпуск в сеть/График1' is: '●● Отклонения, тыс. кВт⋅ч
тыс. кВт⋅ч
Отклонения по отпуску в сеть
-57 141 223-57 141 223
2023/2024
-60 000 000
-50 000 000
-40 000 000
-30 000 000
-20 000 000
-10 000 000
0'

07-03-2025T06:04:47 - [TEST_STEP][PASSED] - a4 = getText(findTestObject("Отпуск в сеть/График2")): Text of object 'Object Repository/Отпуск в сеть/График2' is: '●● Отклонения, %
%
Отклонения по отпуску в сеть
-98.88-98.88
2023/2024
-100
0
-125
-75
-50
-25'

07-03-2025T06:04:47 - [MESSAGE][PASSED] - Text of object 'Object Repository/Отпуск в сеть/График2' is: '●● Отклонения, %
%
Отклонения по отпуску в сеть
-98.88-98.88
2023/2024
-100
0
-125
-75
-50
-25'

07-03-2025T06:04:47 - [TEST_STEP][PASSED] - n = n + 12: null

07-03-2025T06:04:47 - [TEST_STEP][PASSED] - Script1686231490255.WriteToExcel(user, dashboardName, n, data, run, a1, a2, a3, a4, a5, a6, a7, a8, a9): null

07-03-2025T06:04:47 - [TEST_STEP][PASSED] - sheetName = "Sheet1": null

07-03-2025T06:04:47 - [TEST_STEP][PASSED] - workbook01 = getWorkbook(excelFilePath): null

07-03-2025T06:04:47 - [TEST_STEP][PASSED] - sheet01 = getExcelSheet(workbook01, sheetName): null

07-03-2025T06:04:47 - [TEST_STEP][PASSED] - setValueToCellByIndex(sheet01, n, 0, dashboardName): null

07-03-2025T06:04:47 - [TEST_STEP][PASSED] - setValueToCellByIndex(sheet01, n, 10, user): null

07-03-2025T06:04:47 - [TEST_STEP][PASSED] - setValueToCellByIndex(sheet01, n, 1, a1): null

07-03-2025T06:04:47 - [TEST_STEP][PASSED] - setValueToCellByIndex(sheet01, n, 2, a2): null

07-03-2025T06:04:47 - [TEST_STEP][PASSED] - setValueToCellByIndex(sheet01, n, 3, a3): null

07-03-2025T06:04:47 - [TEST_STEP][PASSED] - setValueToCellByIndex(sheet01, n, 4, a4): null

07-03-2025T06:04:47 - [TEST_STEP][PASSED] - setValueToCellByIndex(sheet01, n, 5, a5): null

07-03-2025T06:04:47 - [TEST_STEP][PASSED] - setValueToCellByIndex(sheet01, n, 6, a6): null

07-03-2025T06:04:47 - [TEST_STEP][PASSED] - setValueToCellByIndex(sheet01, n, 7, a7): null

07-03-2025T06:04:47 - [TEST_STEP][PASSED] - setValueToCellByIndex(sheet01, n, 8, a8): null

07-03-2025T06:04:47 - [TEST_STEP][PASSED] - setValueToCellByIndex(sheet01, n, 9, a9): null

07-03-2025T06:04:47 - [TEST_STEP][PASSED] - n = n + 1: null

07-03-2025T06:04:47 - [TEST_STEP][PASSED] - saveWorkbook(excelFilePath, workbook01): null

07-03-2025T06:04:48 - [TEST_STEP][PASSED] - if (run == 2): null

07-03-2025T06:04:48 - [TEST_STEP][PASSED] - if (run == 3): null

07-03-2025T06:04:48 - [TEST_STEP][PASSED] - closeBrowser(): null

07-03-2025T06:04:48 - [MESSAGE][PASSED] - Browser is closed

07-03-2025T06:04:48 - [TEST_STEP][PASSED] - OtpuskVSet(user, dashboardName, n, data, run, a1, a2, a3, a4, a5, a6, a7, a8, a9, urlData): null

07-03-2025T06:04:48 - [TEST_STEP][PASSED] - n = data.getRowNumbers() + 1: null

07-03-2025T06:04:48 - [TEST_STEP][PASSED] - println(n): null

07-03-2025T06:04:48 - [TEST_STEP][PASSED] - dashboardName = "Отпуск в сеть": null

07-03-2025T06:04:48 - [TEST_STEP][PASSED] - openBrowser(""): Browser is opened with url: ''

07-03-2025T06:04:48 - [MESSAGE][INFO] - Starting 'Chrome' driver

07-03-2025T06:04:48 - [MESSAGE][INFO] - Action delay is set to 0 milliseconds

07-03-2025T06:04:49 - [MESSAGE][PASSED] - Browser is opened with url: ''

07-03-2025T06:04:49 - [TEST_STEP][PASSED] - urlData = 16: null

07-03-2025T06:04:49 - [TEST_STEP][PASSED] - Script1686231490255.CheckPageDownload(urlData, run): null

07-03-2025T06:04:49 - [TEST_STEP][PASSED] - i = 1: null

07-03-2025T06:04:49 - [TEST_STEP][PASSED] - ii = 0: null

07-03-2025T06:04:49 - [TEST_STEP][PASSED] - urlText = <not implemented yet for class: org.codehaus.groovy.ast.expr.EmptyExpression>: null

07-03-2025T06:04:49 - [TEST_STEP][PASSED] - searchWord = <not implemented yet for class: org.codehaus.groovy.ast.expr.EmptyExpression>: null

07-03-2025T06:04:49 - [TEST_STEP][PASSED] - deleteAllCookies(): Delete all cookies successfully

07-03-2025T06:04:49 - [MESSAGE][PASSED] - Delete all cookies successfully

07-03-2025T06:04:49 - [TEST_STEP][PASSED] - refresh(): Refresh successfully

07-03-2025T06:04:49 - [MESSAGE][PASSED] - Refresh successfully

07-03-2025T06:04:49 - [TEST_STEP][PASSED] - delay(70): Delayed 70 second(s)

07-03-2025T06:05:59 - [MESSAGE][PASSED] - Delayed 70 second(s)

07-03-2025T06:05:59 - [TEST_STEP][PASSED] - navigateToUrl(findTestData("PlanFact").getValue(10, urlData)): Navigate to 'https://bi.rosseti.digital/viewer?dashboardGuid=d154a8eaf6824e2b9de1bb04dd061c18&sheetGuid=33f591ea3cbf498897e314a4cd5a9f29&fit=true' successfully

07-03-2025T06:06:03 - [MESSAGE][PASSED] - Navigate to 'https://bi.rosseti.digital/viewer?dashboardGuid=d154a8eaf6824e2b9de1bb04dd061c18&sheetGuid=33f591ea3cbf498897e314a4cd5a9f29&fit=true' successfully

07-03-2025T06:06:03 - [TEST_STEP][PASSED] - pageLoaded1 = verifyElementPresent(findTestObject("Страница авторизации/Text"), 30): Object 'Object Repository/Страница авторизации/Text' is present

07-03-2025T06:06:04 - [MESSAGE][PASSED] - Object 'Object Repository/Страница авторизации/Text' is present

07-03-2025T06:06:04 - [TEST_STEP][PASSED] - if (pageLoaded1 == false): null

07-03-2025T06:06:04 - [TEST_STEP][PASSED] - urlText = getText(findTestObject("Страница авторизации/Text")): Text of object 'Object Repository/Страница авторизации/Text' is: 'Вход'

07-03-2025T06:06:04 - [MESSAGE][PASSED] - Text of object 'Object Repository/Страница авторизации/Text' is: 'Вход'

07-03-2025T06:06:04 - [TEST_STEP][PASSED] - delay(70): Delayed 70 second(s)

07-03-2025T06:07:14 - [MESSAGE][PASSED] - Delayed 70 second(s)

07-03-2025T06:07:14 - [TEST_STEP][PASSED] - searchWord = "Вход": null

07-03-2025T06:07:14 - [TEST_STEP][PASSED] - if (urlText.contains(searchWord) == false): null

07-03-2025T06:07:14 - [TEST_STEP][PASSED] - setText(findTestObject("Страница авторизации/input__username"), findTestData("PlanFact").getValue(8, run)): Text 'Andreeva-EV' is set on object 'Object Repository/Страница авторизации/input__username'

07-03-2025T06:07:15 - [MESSAGE][PASSED] - Text 'Andreeva-EV' is set on object 'Object Repository/Страница авторизации/input__username'

07-03-2025T06:07:15 - [TEST_STEP][PASSED] - setText(findTestObject("Страница авторизации/input__password"), findTestData("PlanFact").getValue(9, run)): Text '2nPePKDwCPH3ul7xMZ' is set on object 'Object Repository/Страница авторизации/input__password'

07-03-2025T06:07:16 - [MESSAGE][PASSED] - Text '2nPePKDwCPH3ul7xMZ' is set on object 'Object Repository/Страница авторизации/input__password'

07-03-2025T06:07:16 - [TEST_STEP][PASSED] - click(findTestObject("Страница авторизации/button_")): Object: 'Object Repository/Страница авторизации/button_' is clicked on

07-03-2025T06:07:18 - [MESSAGE][PASSED] - Object: 'Object Repository/Страница авторизации/button_' is clicked on

07-03-2025T06:07:18 - [TEST_STEP][PASSED] - delay(70): Delayed 70 second(s)

07-03-2025T06:08:28 - [MESSAGE][PASSED] - Delayed 70 second(s)

07-03-2025T06:08:28 - [TEST_STEP][PASSED] - searchWord = "а": null

07-03-2025T06:08:28 - [TEST_STEP][PASSED] - pageLoaded2 = verifyElementPresent(findTestObject("Страница авторизации/Text"), 50): Object 'Object Repository/Страница авторизации/Text' is present

07-03-2025T06:08:28 - [MESSAGE][PASSED] - Object 'Object Repository/Страница авторизации/Text' is present

07-03-2025T06:08:28 - [TEST_STEP][PASSED] - if (pageLoaded2 == false): null

07-03-2025T06:08:28 - [TEST_STEP][PASSED] - urlText = getText(findTestObject("Страница авторизации/Text")): Text of object 'Object Repository/Страница авторизации/Text' is: 'ДЗО 
Все
Период
2025 год - 1 квартал - Январь, 2024 год - 1 квартал - Январь, 2023 год - 1 квартал - Январь
тыс. кВт⋅ч
Отпуск в сеть
Факт
2023 год
2024 год
0
5 000
10 000
15 000
20 000
25 000
30 000
35 000
40 000
45 000
50 000
55 000
60 000
65 000
57 789 443
648 220
●● Отклонения, %
%
Отклонения по отпуску в сеть
-98.88-98.88
2023/2024
-100
0
-125
-75
-50
-25
●● Отклонения, тыс. кВт⋅ч
тыс. кВт⋅ч
Отклонения по отпуску в сеть
-57 141 223-57 141 223
2023/2024
-60 000 000
-50 000 000
-40 000 000
-30 000 000
-20 000 000
-10 000 000
0
Фактические данные по отпуску в сеть'

07-03-2025T06:08:29 - [MESSAGE][PASSED] - Text of object 'Object Repository/Страница авторизации/Text' is: 'ДЗО 
Все
Период
2025 год - 1 квартал - Январь, 2024 год - 1 квартал - Январь, 2023 год - 1 квартал - Январь
тыс. кВт⋅ч
Отпуск в сеть
Факт
2023 год
2024 год
0
5 000
10 000
15 000
20 000
25 000
30 000
35 000
40 000
45 000
50 000
55 000
60 000
65 000
57 789 443
648 220
●● Отклонения, %
%
Отклонения по отпуску в сеть
-98.88-98.88
2023/2024
-100
0
-125
-75
-50
-25
●● Отклонения, тыс. кВт⋅ч
тыс. кВт⋅ч
Отклонения по отпуску в сеть
-57 141 223-57 141 223
2023/2024
-60 000 000
-50 000 000
-40 000 000
-30 000 000
-20 000 000
-10 000 000
0
Фактические данные по отпуску в сеть'

07-03-2025T06:08:29 - [TEST_STEP][PASSED] - if (urlText.contains("ошибка") || urlText.contains(searchWord) == false): null

07-03-2025T06:08:29 - [TEST_STEP][PASSED] - a5 = "": null

07-03-2025T06:08:29 - [TEST_STEP][PASSED] - a6 = "": null

07-03-2025T06:08:29 - [TEST_STEP][PASSED] - a7 = "": null

07-03-2025T06:08:29 - [TEST_STEP][PASSED] - a8 = "": null

07-03-2025T06:08:29 - [TEST_STEP][PASSED] - a9 = "": null

07-03-2025T06:08:29 - [TEST_STEP][PASSED] - if (run == 1): null

07-03-2025T06:08:29 - [TEST_STEP][PASSED] - if (run == 2): null

07-03-2025T06:08:29 - [TEST_STEP][PASSED] - user = "Андреева": null

07-03-2025T06:08:29 - [TEST_STEP][PASSED] - a1 = getText(findTestObject("Отпуск в сеть/span1")): Text of object 'Object Repository/Отпуск в сеть/span1' is: '57 789 443'

07-03-2025T06:08:29 - [MESSAGE][PASSED] - Text of object 'Object Repository/Отпуск в сеть/span1' is: '57 789 443'

07-03-2025T06:08:29 - [TEST_STEP][PASSED] - a2 = getText(findTestObject("Отпуск в сеть/span2")): Text of object 'Object Repository/Отпуск в сеть/span2' is: '648 220'

07-03-2025T06:08:29 - [MESSAGE][PASSED] - Text of object 'Object Repository/Отпуск в сеть/span2' is: '648 220'

07-03-2025T06:08:29 - [TEST_STEP][PASSED] - a3 = getText(findTestObject("Отпуск в сеть/График1")): Text of object 'Object Repository/Отпуск в сеть/График1' is: '●● Отклонения, тыс. кВт⋅ч
тыс. кВт⋅ч
Отклонения по отпуску в сеть
-57 141 223-57 141 223
2023/2024
-60 000 000
-50 000 000
-40 000 000
-30 000 000
-20 000 000
-10 000 000
0'

07-03-2025T06:08:30 - [MESSAGE][PASSED] - Text of object 'Object Repository/Отпуск в сеть/График1' is: '●● Отклонения, тыс. кВт⋅ч
тыс. кВт⋅ч
Отклонения по отпуску в сеть
-57 141 223-57 141 223
2023/2024
-60 000 000
-50 000 000
-40 000 000
-30 000 000
-20 000 000
-10 000 000
0'

07-03-2025T06:08:30 - [TEST_STEP][PASSED] - a4 = getText(findTestObject("Отпуск в сеть/График2")): Text of object 'Object Repository/Отпуск в сеть/График2' is: '●● Отклонения, %
%
Отклонения по отпуску в сеть
-98.88-98.88
2023/2024
-100
0
-125
-75
-50
-25'

07-03-2025T06:08:30 - [MESSAGE][PASSED] - Text of object 'Object Repository/Отпуск в сеть/График2' is: '●● Отклонения, %
%
Отклонения по отпуску в сеть
-98.88-98.88
2023/2024
-100
0
-125
-75
-50
-25'

07-03-2025T06:08:30 - [TEST_STEP][PASSED] - n = n + 13: null

07-03-2025T06:08:30 - [TEST_STEP][PASSED] - b = n - run + 1: null

07-03-2025T06:08:30 - [TEST_STEP][PASSED] - verifyEqual(findTestData("PlanFact").getValue(2, b), a1): Actual object '57 789 443' and expected object '57 789 443' are equal

07-03-2025T06:08:30 - [MESSAGE][PASSED] - Actual object '57 789 443' and expected object '57 789 443' are equal

07-03-2025T06:08:30 - [TEST_STEP][PASSED] - verifyEqual(findTestData("PlanFact").getValue(3, b), a2): Actual object '648 220' and expected object '648 220' are equal

07-03-2025T06:08:30 - [MESSAGE][PASSED] - Actual object '648 220' and expected object '648 220' are equal

07-03-2025T06:08:30 - [TEST_STEP][PASSED] - verifyEqual(findTestData("PlanFact").getValue(4, b), a3): Actual object '●● Отклонения, тыс. кВт⋅ч
тыс. кВт⋅ч
Отклонения по отпуску в сеть
-57 141 223-57 141 223
2023/2024
-60 000 000
-50 000 000
-40 000 000
-30 000 000
-20 000 000
-10 000 000
0' and expected object '●● Отклонения, тыс. кВт⋅ч
тыс. кВт⋅ч
Отклонения по отпуску в сеть
-57 141 223-57 141 223
2023/2024
-60 000 000
-50 000 000
-40 000 000
-30 000 000
-20 000 000
-10 000 000
0' are equal

07-03-2025T06:08:30 - [MESSAGE][PASSED] - Actual object '●● Отклонения, тыс. кВт⋅ч
тыс. кВт⋅ч
Отклонения по отпуску в сеть
-57 141 223-57 141 223
2023/2024
-60 000 000
-50 000 000
-40 000 000
-30 000 000
-20 000 000
-10 000 000
0' and expected object '●● Отклонения, тыс. кВт⋅ч
тыс. кВт⋅ч
Отклонения по отпуску в сеть
-57 141 223-57 141 223
2023/2024
-60 000 000
-50 000 000
-40 000 000
-30 000 000
-20 000 000
-10 000 000
0' are equal

07-03-2025T06:08:30 - [TEST_STEP][PASSED] - verifyEqual(findTestData("PlanFact").getValue(5, b), a4): Actual object '●● Отклонения, %
%
Отклонения по отпуску в сеть
-98.88-98.88
2023/2024
-100
0
-125
-75
-50
-25' and expected object '●● Отклонения, %
%
Отклонения по отпуску в сеть
-98.88-98.88
2023/2024
-100
0
-125
-75
-50
-25' are equal

07-03-2025T06:08:30 - [MESSAGE][PASSED] - Actual object '●● Отклонения, %
%
Отклонения по отпуску в сеть
-98.88-98.88
2023/2024
-100
0
-125
-75
-50
-25' and expected object '●● Отклонения, %
%
Отклонения по отпуску в сеть
-98.88-98.88
2023/2024
-100
0
-125
-75
-50
-25' are equal

07-03-2025T06:08:30 - [TEST_STEP][PASSED] - Script1686231490255.WriteToExcel(user, dashboardName, n, data, run, a1, a2, a3, a4, a5, a6, a7, a8, a9): null

07-03-2025T06:08:30 - [TEST_STEP][PASSED] - sheetName = "Sheet1": null

07-03-2025T06:08:30 - [TEST_STEP][PASSED] - workbook01 = getWorkbook(excelFilePath): null

07-03-2025T06:08:30 - [TEST_STEP][PASSED] - sheet01 = getExcelSheet(workbook01, sheetName): null

07-03-2025T06:08:30 - [TEST_STEP][PASSED] - setValueToCellByIndex(sheet01, n, 0, dashboardName): null

07-03-2025T06:08:30 - [TEST_STEP][PASSED] - setValueToCellByIndex(sheet01, n, 10, user): null

07-03-2025T06:08:30 - [TEST_STEP][PASSED] - setValueToCellByIndex(sheet01, n, 1, a1): null

07-03-2025T06:08:30 - [TEST_STEP][PASSED] - setValueToCellByIndex(sheet01, n, 2, a2): null

07-03-2025T06:08:30 - [TEST_STEP][PASSED] - setValueToCellByIndex(sheet01, n, 3, a3): null

07-03-2025T06:08:30 - [TEST_STEP][PASSED] - setValueToCellByIndex(sheet01, n, 4, a4): null

07-03-2025T06:08:30 - [TEST_STEP][PASSED] - setValueToCellByIndex(sheet01, n, 5, a5): null

07-03-2025T06:08:30 - [TEST_STEP][PASSED] - setValueToCellByIndex(sheet01, n, 6, a6): null

07-03-2025T06:08:30 - [TEST_STEP][PASSED] - setValueToCellByIndex(sheet01, n, 7, a7): null

07-03-2025T06:08:30 - [TEST_STEP][PASSED] - setValueToCellByIndex(sheet01, n, 8, a8): null

07-03-2025T06:08:30 - [TEST_STEP][PASSED] - setValueToCellByIndex(sheet01, n, 9, a9): null

07-03-2025T06:08:30 - [TEST_STEP][PASSED] - n = n + 1: null

07-03-2025T06:08:30 - [TEST_STEP][PASSED] - saveWorkbook(excelFilePath, workbook01): null

07-03-2025T06:08:30 - [TEST_STEP][PASSED] - if (run == 3): null

07-03-2025T06:08:30 - [TEST_STEP][PASSED] - closeBrowser(): null

07-03-2025T06:08:31 - [MESSAGE][PASSED] - Browser is closed

07-03-2025T06:08:31 - [TEST_STEP][PASSED] - OtpuskVSet(user, dashboardName, n, data, run, a1, a2, a3, a4, a5, a6, a7, a8, a9, urlData): null

07-03-2025T06:08:31 - [TEST_STEP][PASSED] - n = data.getRowNumbers() + 1: null

07-03-2025T06:08:31 - [TEST_STEP][PASSED] - println(n): null

07-03-2025T06:08:31 - [TEST_STEP][PASSED] - dashboardName = "Отпуск в сеть": null

07-03-2025T06:08:31 - [TEST_STEP][PASSED] - openBrowser(""): Browser is opened with url: ''

07-03-2025T06:08:31 - [MESSAGE][INFO] - Starting 'Chrome' driver

07-03-2025T06:08:31 - [MESSAGE][INFO] - Action delay is set to 0 milliseconds

07-03-2025T06:08:31 - [MESSAGE][PASSED] - Browser is opened with url: ''

07-03-2025T06:08:31 - [TEST_STEP][PASSED] - urlData = 16: null

07-03-2025T06:08:32 - [TEST_STEP][PASSED] - Script1686231490255.CheckPageDownload(urlData, run): null

07-03-2025T06:08:32 - [TEST_STEP][PASSED] - i = 1: null

07-03-2025T06:08:32 - [TEST_STEP][PASSED] - ii = 0: null

07-03-2025T06:08:32 - [TEST_STEP][PASSED] - urlText = <not implemented yet for class: org.codehaus.groovy.ast.expr.EmptyExpression>: null

07-03-2025T06:08:32 - [TEST_STEP][PASSED] - searchWord = <not implemented yet for class: org.codehaus.groovy.ast.expr.EmptyExpression>: null

07-03-2025T06:08:32 - [TEST_STEP][PASSED] - deleteAllCookies(): Delete all cookies successfully

07-03-2025T06:08:32 - [MESSAGE][PASSED] - Delete all cookies successfully

07-03-2025T06:08:32 - [TEST_STEP][PASSED] - refresh(): Refresh successfully

07-03-2025T06:08:32 - [MESSAGE][PASSED] - Refresh successfully

07-03-2025T06:08:32 - [TEST_STEP][PASSED] - delay(70): Delayed 70 second(s)

07-03-2025T06:09:42 - [MESSAGE][PASSED] - Delayed 70 second(s)

07-03-2025T06:09:42 - [TEST_STEP][PASSED] - navigateToUrl(findTestData("PlanFact").getValue(10, urlData)): Navigate to 'https://bi.rosseti.digital/viewer?dashboardGuid=d154a8eaf6824e2b9de1bb04dd061c18&sheetGuid=33f591ea3cbf498897e314a4cd5a9f29&fit=true' successfully

07-03-2025T06:09:46 - [MESSAGE][PASSED] - Navigate to 'https://bi.rosseti.digital/viewer?dashboardGuid=d154a8eaf6824e2b9de1bb04dd061c18&sheetGuid=33f591ea3cbf498897e314a4cd5a9f29&fit=true' successfully

07-03-2025T06:09:46 - [TEST_STEP][PASSED] - pageLoaded1 = verifyElementPresent(findTestObject("Страница авторизации/Text"), 30): Object 'Object Repository/Страница авторизации/Text' is present

07-03-2025T06:09:47 - [MESSAGE][PASSED] - Object 'Object Repository/Страница авторизации/Text' is present

07-03-2025T06:09:47 - [TEST_STEP][PASSED] - if (pageLoaded1 == false): null

07-03-2025T06:09:47 - [TEST_STEP][PASSED] - urlText = getText(findTestObject("Страница авторизации/Text")): Text of object 'Object Repository/Страница авторизации/Text' is: 'Вход'

07-03-2025T06:09:48 - [MESSAGE][PASSED] - Text of object 'Object Repository/Страница авторизации/Text' is: 'Вход'

07-03-2025T06:09:48 - [TEST_STEP][PASSED] - delay(70): Delayed 70 second(s)

07-03-2025T06:10:58 - [MESSAGE][PASSED] - Delayed 70 second(s)

07-03-2025T06:10:58 - [TEST_STEP][PASSED] - searchWord = "Вход": null

07-03-2025T06:10:58 - [TEST_STEP][PASSED] - if (urlText.contains(searchWord) == false): null

07-03-2025T06:10:58 - [TEST_STEP][PASSED] - setText(findTestObject("Страница авторизации/input__username"), findTestData("PlanFact").getValue(8, run)): Text 'Petrova-OV' is set on object 'Object Repository/Страница авторизации/input__username'

07-03-2025T06:10:58 - [MESSAGE][PASSED] - Text 'Petrova-OV' is set on object 'Object Repository/Страница авторизации/input__username'

07-03-2025T06:10:58 - [TEST_STEP][PASSED] - setText(findTestObject("Страница авторизации/input__password"), findTestData("PlanFact").getValue(9, run)): Text '4Ex@~R53r&3x&BVe7' is set on object 'Object Repository/Страница авторизации/input__password'

07-03-2025T06:10:59 - [MESSAGE][PASSED] - Text '4Ex@~R53r&3x&BVe7' is set on object 'Object Repository/Страница авторизации/input__password'

07-03-2025T06:10:59 - [TEST_STEP][PASSED] - click(findTestObject("Страница авторизации/button_")): Object: 'Object Repository/Страница авторизации/button_' is clicked on

07-03-2025T06:11:00 - [MESSAGE][PASSED] - Object: 'Object Repository/Страница авторизации/button_' is clicked on

07-03-2025T06:11:00 - [TEST_STEP][PASSED] - delay(70): Delayed 70 second(s)

07-03-2025T06:12:11 - [MESSAGE][PASSED] - Delayed 70 second(s)

07-03-2025T06:12:11 - [TEST_STEP][PASSED] - searchWord = "а": null

07-03-2025T06:12:11 - [TEST_STEP][PASSED] - pageLoaded2 = verifyElementPresent(findTestObject("Страница авторизации/Text"), 50): Object 'Object Repository/Страница авторизации/Text' is present

07-03-2025T06:12:11 - [MESSAGE][PASSED] - Object 'Object Repository/Страница авторизации/Text' is present

07-03-2025T06:12:11 - [TEST_STEP][PASSED] - if (pageLoaded2 == false): null

07-03-2025T06:12:11 - [TEST_STEP][PASSED] - urlText = getText(findTestObject("Страница авторизации/Text")): Text of object 'Object Repository/Страница авторизации/Text' is: 'ДЗО 
Все
Период
2025 год - 1 квартал - Январь, 2024 год - 1 квартал - Январь, 2023 год - 1 квартал - Январь
тыс. кВт⋅ч
Отпуск в сеть
Факт
2023 год
2024 год
0
5 000
10 000
15 000
20 000
25 000
30 000
35 000
40 000
45 000
50 000
55 000
60 000
65 000
57 789 443
648 220
●● Отклонения, %
%
Отклонения по отпуску в сеть
-98.88-98.88
2023/2024
-100
0
-125
-75
-50
-25
●● Отклонения, тыс. кВт⋅ч
тыс. кВт⋅ч
Отклонения по отпуску в сеть
-57 141 223-57 141 223
2023/2024
-60 000 000
-50 000 000
-40 000 000
-30 000 000
-20 000 000
-10 000 000
0
Фактические данные по отпуску в сеть'

07-03-2025T06:12:11 - [MESSAGE][PASSED] - Text of object 'Object Repository/Страница авторизации/Text' is: 'ДЗО 
Все
Период
2025 год - 1 квартал - Январь, 2024 год - 1 квартал - Январь, 2023 год - 1 квартал - Январь
тыс. кВт⋅ч
Отпуск в сеть
Факт
2023 год
2024 год
0
5 000
10 000
15 000
20 000
25 000
30 000
35 000
40 000
45 000
50 000
55 000
60 000
65 000
57 789 443
648 220
●● Отклонения, %
%
Отклонения по отпуску в сеть
-98.88-98.88
2023/2024
-100
0
-125
-75
-50
-25
●● Отклонения, тыс. кВт⋅ч
тыс. кВт⋅ч
Отклонения по отпуску в сеть
-57 141 223-57 141 223
2023/2024
-60 000 000
-50 000 000
-40 000 000
-30 000 000
-20 000 000
-10 000 000
0
Фактические данные по отпуску в сеть'

07-03-2025T06:12:11 - [TEST_STEP][PASSED] - if (urlText.contains("ошибка") || urlText.contains(searchWord) == false): null

07-03-2025T06:12:11 - [TEST_STEP][PASSED] - a5 = "": null

07-03-2025T06:12:11 - [TEST_STEP][PASSED] - a6 = "": null

07-03-2025T06:12:11 - [TEST_STEP][PASSED] - a7 = "": null

07-03-2025T06:12:11 - [TEST_STEP][PASSED] - a8 = "": null

07-03-2025T06:12:11 - [TEST_STEP][PASSED] - a9 = "": null

07-03-2025T06:12:11 - [TEST_STEP][PASSED] - if (run == 1): null

07-03-2025T06:12:11 - [TEST_STEP][PASSED] - if (run == 2): null

07-03-2025T06:12:11 - [TEST_STEP][PASSED] - if (run == 3): null

07-03-2025T06:12:11 - [TEST_STEP][PASSED] - user = "Попова": null

07-03-2025T06:12:11 - [TEST_STEP][PASSED] - a1 = getText(findTestObject("Отпуск в сеть/span1")): Text of object 'Object Repository/Отпуск в сеть/span1' is: '57 789 443'

07-03-2025T06:12:12 - [MESSAGE][PASSED] - Text of object 'Object Repository/Отпуск в сеть/span1' is: '57 789 443'

07-03-2025T06:12:12 - [TEST_STEP][PASSED] - a2 = getText(findTestObject("Отпуск в сеть/span2")): Text of object 'Object Repository/Отпуск в сеть/span2' is: '648 220'

07-03-2025T06:12:12 - [MESSAGE][PASSED] - Text of object 'Object Repository/Отпуск в сеть/span2' is: '648 220'

07-03-2025T06:12:12 - [TEST_STEP][PASSED] - a3 = getText(findTestObject("Отпуск в сеть/График1")): Text of object 'Object Repository/Отпуск в сеть/График1' is: '●● Отклонения, тыс. кВт⋅ч
тыс. кВт⋅ч
Отклонения по отпуску в сеть
-57 141 223-57 141 223
2023/2024
-60 000 000
-50 000 000
-40 000 000
-30 000 000
-20 000 000
-10 000 000
0'

07-03-2025T06:12:12 - [MESSAGE][PASSED] - Text of object 'Object Repository/Отпуск в сеть/График1' is: '●● Отклонения, тыс. кВт⋅ч
тыс. кВт⋅ч
Отклонения по отпуску в сеть
-57 141 223-57 141 223
2023/2024
-60 000 000
-50 000 000
-40 000 000
-30 000 000
-20 000 000
-10 000 000
0'

07-03-2025T06:12:12 - [TEST_STEP][PASSED] - a4 = getText(findTestObject("Отпуск в сеть/График2")): Text of object 'Object Repository/Отпуск в сеть/График2' is: '●● Отклонения, %
%
Отклонения по отпуску в сеть
-98.88-98.88
2023/2024
-100
0
-125
-75
-50
-25'

07-03-2025T06:12:13 - [MESSAGE][PASSED] - Text of object 'Object Repository/Отпуск в сеть/График2' is: '●● Отклонения, %
%
Отклонения по отпуску в сеть
-98.88-98.88
2023/2024
-100
0
-125
-75
-50
-25'

07-03-2025T06:12:13 - [TEST_STEP][PASSED] - n = n + 14: null

07-03-2025T06:12:13 - [TEST_STEP][PASSED] - b = n - run + 1: null

07-03-2025T06:12:13 - [TEST_STEP][PASSED] - verifyEqual(findTestData("PlanFact").getValue(2, b), a1): Actual object '57 789 443' and expected object '57 789 443' are equal

07-03-2025T06:12:13 - [MESSAGE][PASSED] - Actual object '57 789 443' and expected object '57 789 443' are equal

07-03-2025T06:12:13 - [TEST_STEP][PASSED] - verifyEqual(findTestData("PlanFact").getValue(3, b), a2): Actual object '648 220' and expected object '648 220' are equal

07-03-2025T06:12:13 - [MESSAGE][PASSED] - Actual object '648 220' and expected object '648 220' are equal

07-03-2025T06:12:13 - [TEST_STEP][PASSED] - verifyEqual(findTestData("PlanFact").getValue(4, b), a3): Actual object '●● Отклонения, тыс. кВт⋅ч
тыс. кВт⋅ч
Отклонения по отпуску в сеть
-57 141 223-57 141 223
2023/2024
-60 000 000
-50 000 000
-40 000 000
-30 000 000
-20 000 000
-10 000 000
0' and expected object '●● Отклонения, тыс. кВт⋅ч
тыс. кВт⋅ч
Отклонения по отпуску в сеть
-57 141 223-57 141 223
2023/2024
-60 000 000
-50 000 000
-40 000 000
-30 000 000
-20 000 000
-10 000 000
0' are equal

07-03-2025T06:12:13 - [MESSAGE][PASSED] - Actual object '●● Отклонения, тыс. кВт⋅ч
тыс. кВт⋅ч
Отклонения по отпуску в сеть
-57 141 223-57 141 223
2023/2024
-60 000 000
-50 000 000
-40 000 000
-30 000 000
-20 000 000
-10 000 000
0' and expected object '●● Отклонения, тыс. кВт⋅ч
тыс. кВт⋅ч
Отклонения по отпуску в сеть
-57 141 223-57 141 223
2023/2024
-60 000 000
-50 000 000
-40 000 000
-30 000 000
-20 000 000
-10 000 000
0' are equal

07-03-2025T06:12:13 - [TEST_STEP][PASSED] - verifyEqual(findTestData("PlanFact").getValue(5, b), a4): Actual object '●● Отклонения, %
%
Отклонения по отпуску в сеть
-98.88-98.88
2023/2024
-100
0
-125
-75
-50
-25' and expected object '●● Отклонения, %
%
Отклонения по отпуску в сеть
-98.88-98.88
2023/2024
-100
0
-125
-75
-50
-25' are equal

07-03-2025T06:12:13 - [MESSAGE][PASSED] - Actual object '●● Отклонения, %
%
Отклонения по отпуску в сеть
-98.88-98.88
2023/2024
-100
0
-125
-75
-50
-25' and expected object '●● Отклонения, %
%
Отклонения по отпуску в сеть
-98.88-98.88
2023/2024
-100
0
-125
-75
-50
-25' are equal

07-03-2025T06:12:13 - [TEST_STEP][PASSED] - Script1686231490255.WriteToExcel(user, dashboardName, n, data, run, a1, a2, a3, a4, a5, a6, a7, a8, a9): null

07-03-2025T06:12:13 - [TEST_STEP][PASSED] - sheetName = "Sheet1": null

07-03-2025T06:12:13 - [TEST_STEP][PASSED] - workbook01 = getWorkbook(excelFilePath): null

07-03-2025T06:12:13 - [TEST_STEP][PASSED] - sheet01 = getExcelSheet(workbook01, sheetName): null

07-03-2025T06:12:13 - [TEST_STEP][PASSED] - setValueToCellByIndex(sheet01, n, 0, dashboardName): null

07-03-2025T06:12:13 - [TEST_STEP][PASSED] - setValueToCellByIndex(sheet01, n, 10, user): null

07-03-2025T06:12:13 - [TEST_STEP][PASSED] - setValueToCellByIndex(sheet01, n, 1, a1): null

07-03-2025T06:12:13 - [TEST_STEP][PASSED] - setValueToCellByIndex(sheet01, n, 2, a2): null

07-03-2025T06:12:13 - [TEST_STEP][PASSED] - setValueToCellByIndex(sheet01, n, 3, a3): null

07-03-2025T06:12:13 - [TEST_STEP][PASSED] - setValueToCellByIndex(sheet01, n, 4, a4): null

07-03-2025T06:12:13 - [TEST_STEP][PASSED] - setValueToCellByIndex(sheet01, n, 5, a5): null

07-03-2025T06:12:13 - [TEST_STEP][PASSED] - setValueToCellByIndex(sheet01, n, 6, a6): null

07-03-2025T06:12:13 - [TEST_STEP][PASSED] - setValueToCellByIndex(sheet01, n, 7, a7): null

07-03-2025T06:12:13 - [TEST_STEP][PASSED] - setValueToCellByIndex(sheet01, n, 8, a8): null

07-03-2025T06:12:13 - [TEST_STEP][PASSED] - setValueToCellByIndex(sheet01, n, 9, a9): null

07-03-2025T06:12:13 - [TEST_STEP][PASSED] - n = n + 1: null

07-03-2025T06:12:13 - [TEST_STEP][PASSED] - saveWorkbook(excelFilePath, workbook01): null

07-03-2025T06:12:13 - [TEST_STEP][PASSED] - closeBrowser(): Browser is closed

07-03-2025T06:12:13 - [MESSAGE][PASSED] - Browser is closed

07-03-2025T06:12:13 - [TEST_STEP][PASSED] - delay(70): Delayed 70 second(s)

07-03-2025T06:13:23 - [MESSAGE][PASSED] - Delayed 70 second(s)

07-03-2025T06:13:23 - [TEST_STEP][PASSED] - for ([run = 1, run < 4, (run++)]): null

07-03-2025T06:13:23 - [TEST_STEP][PASSED] - KotlovoyPolezniyOtpusk(user, dashboardName, n, data, run, a1, a2, a3, a4, a5, a6, a7, a8, a9, urlData): null

07-03-2025T06:13:23 - [TEST_STEP][PASSED] - n = data.getRowNumbers() + 1: null

07-03-2025T06:13:23 - [TEST_STEP][PASSED] - println(n): null

07-03-2025T06:13:23 - [TEST_STEP][PASSED] - dashboardName = "Котловой полезный отпуск": null

07-03-2025T06:13:23 - [TEST_STEP][PASSED] - openBrowser(""): Browser is opened with url: ''

07-03-2025T06:13:23 - [MESSAGE][INFO] - Starting 'Chrome' driver

07-03-2025T06:13:23 - [MESSAGE][INFO] - Action delay is set to 0 milliseconds

07-03-2025T06:13:24 - [MESSAGE][PASSED] - Browser is opened with url: ''

07-03-2025T06:13:24 - [TEST_STEP][PASSED] - urlData = 18: null

07-03-2025T06:13:24 - [TEST_STEP][PASSED] - Script1686231490255.CheckPageDownload(urlData, run): null

07-03-2025T06:13:24 - [TEST_STEP][PASSED] - i = 1: null

07-03-2025T06:13:24 - [TEST_STEP][PASSED] - ii = 0: null

07-03-2025T06:13:24 - [TEST_STEP][PASSED] - urlText = <not implemented yet for class: org.codehaus.groovy.ast.expr.EmptyExpression>: null

07-03-2025T06:13:24 - [TEST_STEP][PASSED] - searchWord = <not implemented yet for class: org.codehaus.groovy.ast.expr.EmptyExpression>: null

07-03-2025T06:13:24 - [TEST_STEP][PASSED] - deleteAllCookies(): Delete all cookies successfully

07-03-2025T06:13:24 - [MESSAGE][PASSED] - Delete all cookies successfully

07-03-2025T06:13:24 - [TEST_STEP][PASSED] - refresh(): Refresh successfully

07-03-2025T06:13:24 - [MESSAGE][PASSED] - Refresh successfully

07-03-2025T06:13:24 - [TEST_STEP][PASSED] - delay(70): Delayed 70 second(s)

07-03-2025T06:14:34 - [MESSAGE][PASSED] - Delayed 70 second(s)

07-03-2025T06:14:34 - [TEST_STEP][PASSED] - navigateToUrl(findTestData("PlanFact").getValue(10, urlData)): Navigate to 'https://bi.rosseti.digital/viewer?dashboardGuid=2301950b23be4ed89c1df75f2020051e&sheetGuid=9de09c51f7e14f6a9e9103985ef32ea6&fit=true' successfully

07-03-2025T06:14:38 - [MESSAGE][PASSED] - Navigate to 'https://bi.rosseti.digital/viewer?dashboardGuid=2301950b23be4ed89c1df75f2020051e&sheetGuid=9de09c51f7e14f6a9e9103985ef32ea6&fit=true' successfully

07-03-2025T06:14:38 - [TEST_STEP][PASSED] - pageLoaded1 = verifyElementPresent(findTestObject("Страница авторизации/Text"), 30): Object 'Object Repository/Страница авторизации/Text' is present

07-03-2025T06:14:39 - [MESSAGE][PASSED] - Object 'Object Repository/Страница авторизации/Text' is present

07-03-2025T06:14:39 - [TEST_STEP][PASSED] - if (pageLoaded1 == false): null

07-03-2025T06:14:39 - [TEST_STEP][PASSED] - urlText = getText(findTestObject("Страница авторизации/Text")): Text of object 'Object Repository/Страница авторизации/Text' is: 'Вход'

07-03-2025T06:14:39 - [MESSAGE][PASSED] - Text of object 'Object Repository/Страница авторизации/Text' is: 'Вход'

07-03-2025T06:14:39 - [TEST_STEP][PASSED] - delay(70): Delayed 70 second(s)

07-03-2025T06:15:49 - [MESSAGE][PASSED] - Delayed 70 second(s)

07-03-2025T06:15:49 - [TEST_STEP][PASSED] - searchWord = "Вход": null

07-03-2025T06:15:49 - [TEST_STEP][PASSED] - if (urlText.contains(searchWord) == false): null

07-03-2025T06:15:49 - [TEST_STEP][PASSED] - setText(findTestObject("Страница авторизации/input__username"), findTestData("PlanFact").getValue(8, run)): Text 'liazgina-di' is set on object 'Object Repository/Страница авторизации/input__username'

07-03-2025T06:15:50 - [MESSAGE][PASSED] - Text 'liazgina-di' is set on object 'Object Repository/Страница авторизации/input__username'

07-03-2025T06:15:50 - [TEST_STEP][PASSED] - setText(findTestObject("Страница авторизации/input__password"), findTestData("PlanFact").getValue(9, run)): Text ')$%5srZ8o688Dm#q' is set on object 'Object Repository/Страница авторизации/input__password'

07-03-2025T06:15:51 - [MESSAGE][PASSED] - Text ')$%5srZ8o688Dm#q' is set on object 'Object Repository/Страница авторизации/input__password'

07-03-2025T06:15:51 - [TEST_STEP][PASSED] - click(findTestObject("Страница авторизации/button_")): Object: 'Object Repository/Страница авторизации/button_' is clicked on

07-03-2025T06:15:52 - [MESSAGE][PASSED] - Object: 'Object Repository/Страница авторизации/button_' is clicked on

07-03-2025T06:15:52 - [TEST_STEP][PASSED] - delay(70): Delayed 70 second(s)

07-03-2025T06:17:02 - [MESSAGE][PASSED] - Delayed 70 second(s)

07-03-2025T06:17:02 - [TEST_STEP][PASSED] - searchWord = "а": null

07-03-2025T06:17:02 - [TEST_STEP][PASSED] - pageLoaded2 = verifyElementPresent(findTestObject("Страница авторизации/Text"), 50): Object 'Object Repository/Страница авторизации/Text' is present

07-03-2025T06:17:02 - [MESSAGE][PASSED] - Object 'Object Repository/Страница авторизации/Text' is present

07-03-2025T06:17:02 - [TEST_STEP][PASSED] - if (pageLoaded2 == false): null

07-03-2025T06:17:02 - [TEST_STEP][PASSED] - urlText = getText(findTestObject("Страница авторизации/Text")): Text of object 'Object Repository/Страница авторизации/Text' is: 'Период
Январь 2025 года
Выручка
Все
ДЗО 
ПАО Россети
Внутренний оборот – выручка за услуги по передаче электрической энергии, входящая в стоимость электроэнергии (продажа) при выполнении ДЗО функций гарантирующего поставщика
Подписи данных
Отклонение котлового полезного отпуска ПАО Россети за Январь 2025 года (факт/план, млн. кВтч)
ПАО Россети
15 130 млн.кВтч.
млн.
%
Котловой полезный отпуск
Выполнение плановых показателей по ПАО Россети за Январь 2025 года
План
Факт
Динамика
2025 год
0 млн.кВтч.
5 000 млн.кВтч.
10 000 млн.кВтч.
15 000 млн.кВтч.
20 000 млн.кВтч.
25 000 млн.кВтч.
30 000 млн.кВтч.
35 000 млн.кВтч.
40 000 млн.кВтч.
45 000 млн.кВтч.
50 000 млн.кВтч.
55 000 млн.кВтч.
60 000 млн.кВтч.
65 000 млн.кВтч.
49 942
52 559
↑
⬤Отклонение
АО "РЭС"
АО «Тываэнерго»
АО «Чеченэнерго»
Россети Волга
Россети Кубань
Россети Ленэнерго (ГК)
Россети Московский регион
Россети Северный Кавказ (ГК)
Россети Северо-Запад
Россети Сибирь (ГК)
Россети Томск
Россети Тюмень
Россети Урал (ГК)
Россети ФСК ЕЭС
Россети Центр
Россети Центр и Приволжье (ГК)
Россети Юг (ГК)
Россети Янтарь
-1 000млн.кВтч.
0млн.кВтч.
1 000млн.кВтч.
2 000млн.кВтч.
3 000млн.кВтч.
4 000млн.кВтч.
5 000млн.кВтч.
6 00…
-44
7
-15
-154
-102
-178
-370
-188
-91
100
-27
-476
-253
-23
-255
4 741
-67
-12'

07-03-2025T06:17:03 - [MESSAGE][PASSED] - Text of object 'Object Repository/Страница авторизации/Text' is: 'Период
Январь 2025 года
Выручка
Все
ДЗО 
ПАО Россети
Внутренний оборот – выручка за услуги по передаче электрической энергии, входящая в стоимость электроэнергии (продажа) при выполнении ДЗО функций гарантирующего поставщика
Подписи данных
Отклонение котлового полезного отпуска ПАО Россети за Январь 2025 года (факт/план, млн. кВтч)
ПАО Россети
15 130 млн.кВтч.
млн.
%
Котловой полезный отпуск
Выполнение плановых показателей по ПАО Россети за Январь 2025 года
План
Факт
Динамика
2025 год
0 млн.кВтч.
5 000 млн.кВтч.
10 000 млн.кВтч.
15 000 млн.кВтч.
20 000 млн.кВтч.
25 000 млн.кВтч.
30 000 млн.кВтч.
35 000 млн.кВтч.
40 000 млн.кВтч.
45 000 млн.кВтч.
50 000 млн.кВтч.
55 000 млн.кВтч.
60 000 млн.кВтч.
65 000 млн.кВтч.
49 942
52 559
↑
⬤Отклонение
АО "РЭС"
АО «Тываэнерго»
АО «Чеченэнерго»
Россети Волга
Россети Кубань
Россети Ленэнерго (ГК)
Россети Московский регион
Россети Северный Кавказ (ГК)
Россети Северо-Запад
Россети Сибирь (ГК)
Россети Томск
Россети Тюмень
Россети Урал (ГК)
Россети ФСК ЕЭС
Россети Центр
Россети Центр и Приволжье (ГК)
Россети Юг (ГК)
Россети Янтарь
-1 000млн.кВтч.
0млн.кВтч.
1 000млн.кВтч.
2 000млн.кВтч.
3 000млн.кВтч.
4 000млн.кВтч.
5 000млн.кВтч.
6 00…
-44
7
-15
-154
-102
-178
-370
-188
-91
100
-27
-476
-253
-23
-255
4 741
-67
-12'

07-03-2025T06:17:03 - [TEST_STEP][PASSED] - if (urlText.contains("ошибка") || urlText.contains(searchWord) == false): null

07-03-2025T06:17:03 - [TEST_STEP][PASSED] - a2 = "": null

07-03-2025T06:17:03 - [TEST_STEP][PASSED] - a3 = "": null

07-03-2025T06:17:03 - [TEST_STEP][PASSED] - a4 = "": null

07-03-2025T06:17:03 - [TEST_STEP][PASSED] - a5 = "": null

07-03-2025T06:17:03 - [TEST_STEP][PASSED] - a6 = "": null

07-03-2025T06:17:03 - [TEST_STEP][PASSED] - a7 = "": null

07-03-2025T06:17:03 - [TEST_STEP][PASSED] - a8 = "": null

07-03-2025T06:17:03 - [TEST_STEP][PASSED] - a9 = "": null

07-03-2025T06:17:03 - [TEST_STEP][PASSED] - if (run == 1): null

07-03-2025T06:17:03 - [TEST_STEP][PASSED] - user = "админ": null

07-03-2025T06:17:03 - [TEST_STEP][PASSED] - a1 = getText(findTestObject("Котловой полезный отпуск/График 1")): Text of object 'Object Repository/Котловой полезный отпуск/График 1' is: 'Период
Январь 2025 года
Выручка
Все
ДЗО 
ПАО Россети
Внутренний оборот – выручка за услуги по передаче электрической энергии, входящая в стоимость электроэнергии (продажа) при выполнении ДЗО функций гарантирующего поставщика
Подписи данных
Отклонение котлового полезного отпуска ПАО Россети за Январь 2025 года (факт/план, млн. кВтч)
ПАО Россети
15 130 млн.кВтч.
млн.
%
Котловой полезный отпуск
Выполнение плановых показателей по ПАО Россети за Январь 2025 года
План
Факт
Динамика
2025 год
0 млн.кВтч.
5 000 млн.кВтч.
10 000 млн.кВтч.
15 000 млн.кВтч.
20 000 млн.кВтч.
25 000 млн.кВтч.
30 000 млн.кВтч.
35 000 млн.кВтч.
40 000 млн.кВтч.
45 000 млн.кВтч.
50 000 млн.кВтч.
55 000 млн.кВтч.
60 000 млн.кВтч.
65 000 млн.кВтч.
49 942
52 559
↑
⬤Отклонение
АО "РЭС"
АО «Тываэнерго»
АО «Чеченэнерго»
Россети Волга
Россети Кубань
Россети Ленэнерго (ГК)
Россети Московский регион
Россети Северный Кавказ (ГК)
Россети Северо-Запад
Россети Сибирь (ГК)
Россети Томск
Россети Тюмень
Россети Урал (ГК)
Россети ФСК ЕЭС
Россети Центр
Россети Центр и Приволжье (ГК)
Россети Юг (ГК)
Россети Янтарь
-1 000млн.кВтч.
0млн.кВтч.
1 000млн.кВтч.
2 000млн.кВтч.
3 000млн.кВтч.
4 000млн.кВтч.
5 000млн.кВтч.
6 00…
-44
7
-15
-154
-102
-178
-370
-188
-91
100
-27
-476
-253
-23
-255
4 741
-67
-12'

07-03-2025T06:17:03 - [MESSAGE][PASSED] - Text of object 'Object Repository/Котловой полезный отпуск/График 1' is: 'Период
Январь 2025 года
Выручка
Все
ДЗО 
ПАО Россети
Внутренний оборот – выручка за услуги по передаче электрической энергии, входящая в стоимость электроэнергии (продажа) при выполнении ДЗО функций гарантирующего поставщика
Подписи данных
Отклонение котлового полезного отпуска ПАО Россети за Январь 2025 года (факт/план, млн. кВтч)
ПАО Россети
15 130 млн.кВтч.
млн.
%
Котловой полезный отпуск
Выполнение плановых показателей по ПАО Россети за Январь 2025 года
План
Факт
Динамика
2025 год
0 млн.кВтч.
5 000 млн.кВтч.
10 000 млн.кВтч.
15 000 млн.кВтч.
20 000 млн.кВтч.
25 000 млн.кВтч.
30 000 млн.кВтч.
35 000 млн.кВтч.
40 000 млн.кВтч.
45 000 млн.кВтч.
50 000 млн.кВтч.
55 000 млн.кВтч.
60 000 млн.кВтч.
65 000 млн.кВтч.
49 942
52 559
↑
⬤Отклонение
АО "РЭС"
АО «Тываэнерго»
АО «Чеченэнерго»
Россети Волга
Россети Кубань
Россети Ленэнерго (ГК)
Россети Московский регион
Россети Северный Кавказ (ГК)
Россети Северо-Запад
Россети Сибирь (ГК)
Россети Томск
Россети Тюмень
Россети Урал (ГК)
Россети ФСК ЕЭС
Россети Центр
Россети Центр и Приволжье (ГК)
Россети Юг (ГК)
Россети Янтарь
-1 000млн.кВтч.
0млн.кВтч.
1 000млн.кВтч.
2 000млн.кВтч.
3 000млн.кВтч.
4 000млн.кВтч.
5 000млн.кВтч.
6 00…
-44
7
-15
-154
-102
-178
-370
-188
-91
100
-27
-476
-253
-23
-255
4 741
-67
-12'

07-03-2025T06:17:03 - [TEST_STEP][PASSED] - a1 = replaceAll("[\r?
|
]", "").replaceAll("\s+", ""): null

07-03-2025T06:17:03 - [TEST_STEP][PASSED] - if (a1 == ""): null

07-03-2025T06:17:03 - [TEST_STEP][PASSED] - n = n + 21: null

07-03-2025T06:17:03 - [TEST_STEP][PASSED] - Script1686231490255.WriteToExcel(user, dashboardName, n, data, run, a1, a2, a3, a4, a5, a6, a7, a8, a9): null

07-03-2025T06:17:03 - [TEST_STEP][PASSED] - sheetName = "Sheet1": null

07-03-2025T06:17:03 - [TEST_STEP][PASSED] - workbook01 = getWorkbook(excelFilePath): null

07-03-2025T06:17:03 - [TEST_STEP][PASSED] - sheet01 = getExcelSheet(workbook01, sheetName): null

07-03-2025T06:17:03 - [TEST_STEP][PASSED] - setValueToCellByIndex(sheet01, n, 0, dashboardName): null

07-03-2025T06:17:03 - [TEST_STEP][PASSED] - setValueToCellByIndex(sheet01, n, 10, user): null

07-03-2025T06:17:03 - [TEST_STEP][PASSED] - setValueToCellByIndex(sheet01, n, 1, a1): null

07-03-2025T06:17:03 - [TEST_STEP][PASSED] - setValueToCellByIndex(sheet01, n, 2, a2): null

07-03-2025T06:17:03 - [TEST_STEP][PASSED] - setValueToCellByIndex(sheet01, n, 3, a3): null

07-03-2025T06:17:03 - [TEST_STEP][PASSED] - setValueToCellByIndex(sheet01, n, 4, a4): null

07-03-2025T06:17:03 - [TEST_STEP][PASSED] - setValueToCellByIndex(sheet01, n, 5, a5): null

07-03-2025T06:17:03 - [TEST_STEP][PASSED] - setValueToCellByIndex(sheet01, n, 6, a6): null

07-03-2025T06:17:03 - [TEST_STEP][PASSED] - setValueToCellByIndex(sheet01, n, 7, a7): null

07-03-2025T06:17:03 - [TEST_STEP][PASSED] - setValueToCellByIndex(sheet01, n, 8, a8): null

07-03-2025T06:17:03 - [TEST_STEP][PASSED] - setValueToCellByIndex(sheet01, n, 9, a9): null

07-03-2025T06:17:03 - [TEST_STEP][PASSED] - n = n + 1: null

07-03-2025T06:17:03 - [TEST_STEP][PASSED] - saveWorkbook(excelFilePath, workbook01): null

07-03-2025T06:17:04 - [TEST_STEP][PASSED] - if (run == 2): null

07-03-2025T06:17:04 - [TEST_STEP][PASSED] - if (run == 3): null

07-03-2025T06:17:04 - [TEST_STEP][PASSED] - closeBrowser(): null

07-03-2025T06:17:04 - [MESSAGE][PASSED] - Browser is closed

07-03-2025T06:17:04 - [TEST_STEP][PASSED] - KotlovoyPolezniyOtpusk(user, dashboardName, n, data, run, a1, a2, a3, a4, a5, a6, a7, a8, a9, urlData): null

07-03-2025T06:17:04 - [TEST_STEP][PASSED] - n = data.getRowNumbers() + 1: null

07-03-2025T06:17:04 - [TEST_STEP][PASSED] - println(n): null

07-03-2025T06:17:04 - [TEST_STEP][PASSED] - dashboardName = "Котловой полезный отпуск": null

07-03-2025T06:17:04 - [TEST_STEP][PASSED] - openBrowser(""): Browser is opened with url: ''

07-03-2025T06:17:04 - [MESSAGE][INFO] - Starting 'Chrome' driver

07-03-2025T06:17:04 - [MESSAGE][INFO] - Action delay is set to 0 milliseconds

07-03-2025T06:17:05 - [MESSAGE][PASSED] - Browser is opened with url: ''

07-03-2025T06:17:05 - [TEST_STEP][PASSED] - urlData = 18: null

07-03-2025T06:17:05 - [TEST_STEP][PASSED] - Script1686231490255.CheckPageDownload(urlData, run): null

07-03-2025T06:17:05 - [TEST_STEP][PASSED] - i = 1: null

07-03-2025T06:17:05 - [TEST_STEP][PASSED] - ii = 0: null

07-03-2025T06:17:05 - [TEST_STEP][PASSED] - urlText = <not implemented yet for class: org.codehaus.groovy.ast.expr.EmptyExpression>: null

07-03-2025T06:17:05 - [TEST_STEP][PASSED] - searchWord = <not implemented yet for class: org.codehaus.groovy.ast.expr.EmptyExpression>: null

07-03-2025T06:17:05 - [TEST_STEP][PASSED] - deleteAllCookies(): Delete all cookies successfully

07-03-2025T06:17:05 - [MESSAGE][PASSED] - Delete all cookies successfully

07-03-2025T06:17:05 - [TEST_STEP][PASSED] - refresh(): Refresh successfully

07-03-2025T06:17:05 - [MESSAGE][PASSED] - Refresh successfully

07-03-2025T06:17:05 - [TEST_STEP][PASSED] - delay(70): Delayed 70 second(s)

07-03-2025T06:18:15 - [MESSAGE][PASSED] - Delayed 70 second(s)

07-03-2025T06:18:15 - [TEST_STEP][PASSED] - navigateToUrl(findTestData("PlanFact").getValue(10, urlData)): Navigate to 'https://bi.rosseti.digital/viewer?dashboardGuid=2301950b23be4ed89c1df75f2020051e&sheetGuid=9de09c51f7e14f6a9e9103985ef32ea6&fit=true' successfully

07-03-2025T06:18:19 - [MESSAGE][PASSED] - Navigate to 'https://bi.rosseti.digital/viewer?dashboardGuid=2301950b23be4ed89c1df75f2020051e&sheetGuid=9de09c51f7e14f6a9e9103985ef32ea6&fit=true' successfully

07-03-2025T06:18:19 - [TEST_STEP][PASSED] - pageLoaded1 = verifyElementPresent(findTestObject("Страница авторизации/Text"), 30): Object 'Object Repository/Страница авторизации/Text' is present

07-03-2025T06:18:20 - [MESSAGE][PASSED] - Object 'Object Repository/Страница авторизации/Text' is present

07-03-2025T06:18:20 - [TEST_STEP][PASSED] - if (pageLoaded1 == false): null

07-03-2025T06:18:20 - [TEST_STEP][PASSED] - urlText = getText(findTestObject("Страница авторизации/Text")): Text of object 'Object Repository/Страница авторизации/Text' is: 'Вход'

07-03-2025T06:18:20 - [MESSAGE][PASSED] - Text of object 'Object Repository/Страница авторизации/Text' is: 'Вход'

07-03-2025T06:18:20 - [TEST_STEP][PASSED] - delay(70): Delayed 70 second(s)

07-03-2025T06:19:30 - [MESSAGE][PASSED] - Delayed 70 second(s)

07-03-2025T06:19:30 - [TEST_STEP][PASSED] - searchWord = "Вход": null

07-03-2025T06:19:30 - [TEST_STEP][PASSED] - if (urlText.contains(searchWord) == false): null

07-03-2025T06:19:30 - [TEST_STEP][PASSED] - setText(findTestObject("Страница авторизации/input__username"), findTestData("PlanFact").getValue(8, run)): Text 'Andreeva-EV' is set on object 'Object Repository/Страница авторизации/input__username'

07-03-2025T06:19:31 - [MESSAGE][PASSED] - Text 'Andreeva-EV' is set on object 'Object Repository/Страница авторизации/input__username'

07-03-2025T06:19:31 - [TEST_STEP][PASSED] - setText(findTestObject("Страница авторизации/input__password"), findTestData("PlanFact").getValue(9, run)): Text '2nPePKDwCPH3ul7xMZ' is set on object 'Object Repository/Страница авторизации/input__password'

07-03-2025T06:19:32 - [MESSAGE][PASSED] - Text '2nPePKDwCPH3ul7xMZ' is set on object 'Object Repository/Страница авторизации/input__password'

07-03-2025T06:19:32 - [TEST_STEP][PASSED] - click(findTestObject("Страница авторизации/button_")): Object: 'Object Repository/Страница авторизации/button_' is clicked on

07-03-2025T06:19:33 - [MESSAGE][PASSED] - Object: 'Object Repository/Страница авторизации/button_' is clicked on

07-03-2025T06:19:33 - [TEST_STEP][PASSED] - delay(70): Delayed 70 second(s)

07-03-2025T06:20:43 - [MESSAGE][PASSED] - Delayed 70 second(s)

07-03-2025T06:20:43 - [TEST_STEP][PASSED] - searchWord = "а": null

07-03-2025T06:20:43 - [TEST_STEP][PASSED] - pageLoaded2 = verifyElementPresent(findTestObject("Страница авторизации/Text"), 50): Object 'Object Repository/Страница авторизации/Text' is present

07-03-2025T06:20:44 - [MESSAGE][PASSED] - Object 'Object Repository/Страница авторизации/Text' is present

07-03-2025T06:20:44 - [TEST_STEP][PASSED] - if (pageLoaded2 == false): null

07-03-2025T06:20:44 - [TEST_STEP][PASSED] - urlText = getText(findTestObject("Страница авторизации/Text")): Text of object 'Object Repository/Страница авторизации/Text' is: 'Период
Январь 2025 года
Выручка
Все
ДЗО 
ПАО Россети
Внутренний оборот – выручка за услуги по передаче электрической энергии, входящая в стоимость электроэнергии (продажа) при выполнении ДЗО функций гарантирующего поставщика
Подписи данных
Отклонение котлового полезного отпуска ПАО Россети за Январь 2025 года (факт/план, млн. кВтч)
ПАО Россети
15 130 млн.кВтч.
млн.
%
Котловой полезный отпуск
Выполнение плановых показателей по ПАО Россети за Январь 2025 года
План
Факт
Динамика
2025 год
0 млн.кВтч.
5 000 млн.кВтч.
10 000 млн.кВтч.
15 000 млн.кВтч.
20 000 млн.кВтч.
25 000 млн.кВтч.
30 000 млн.кВтч.
35 000 млн.кВтч.
40 000 млн.кВтч.
45 000 млн.кВтч.
50 000 млн.кВтч.
55 000 млн.кВтч.
60 000 млн.кВтч.
65 000 млн.кВтч.
49 942
52 559
↑
⬤Отклонение
АО "РЭС"
АО «Тываэнерго»
АО «Чеченэнерго»
Россети Волга
Россети Кубань
Россети Ленэнерго (ГК)
Россети Московский регион
Россети Северный Кавказ (ГК)
Россети Северо-Запад
Россети Сибирь (ГК)
Россети Томск
Россети Тюмень
Россети Урал (ГК)
Россети ФСК ЕЭС
Россети Центр
Россети Центр и Приволжье (ГК)
Россети Юг (ГК)
Россети Янтарь
-1 000млн.кВтч.
0млн.кВтч.
1 000млн.кВтч.
2 000млн.кВтч.
3 000млн.кВтч.
4 000млн.кВтч.
5 000млн.кВтч.
6 00…
-44
7
-15
-154
-102
-178
-370
-188
-91
100
-27
-476
-253
-23
-255
4 741
-67
-12'

07-03-2025T06:20:44 - [MESSAGE][PASSED] - Text of object 'Object Repository/Страница авторизации/Text' is: 'Период
Январь 2025 года
Выручка
Все
ДЗО 
ПАО Россети
Внутренний оборот – выручка за услуги по передаче электрической энергии, входящая в стоимость электроэнергии (продажа) при выполнении ДЗО функций гарантирующего поставщика
Подписи данных
Отклонение котлового полезного отпуска ПАО Россети за Январь 2025 года (факт/план, млн. кВтч)
ПАО Россети
15 130 млн.кВтч.
млн.
%
Котловой полезный отпуск
Выполнение плановых показателей по ПАО Россети за Январь 2025 года
План
Факт
Динамика
2025 год
0 млн.кВтч.
5 000 млн.кВтч.
10 000 млн.кВтч.
15 000 млн.кВтч.
20 000 млн.кВтч.
25 000 млн.кВтч.
30 000 млн.кВтч.
35 000 млн.кВтч.
40 000 млн.кВтч.
45 000 млн.кВтч.
50 000 млн.кВтч.
55 000 млн.кВтч.
60 000 млн.кВтч.
65 000 млн.кВтч.
49 942
52 559
↑
⬤Отклонение
АО "РЭС"
АО «Тываэнерго»
АО «Чеченэнерго»
Россети Волга
Россети Кубань
Россети Ленэнерго (ГК)
Россети Московский регион
Россети Северный Кавказ (ГК)
Россети Северо-Запад
Россети Сибирь (ГК)
Россети Томск
Россети Тюмень
Россети Урал (ГК)
Россети ФСК ЕЭС
Россети Центр
Россети Центр и Приволжье (ГК)
Россети Юг (ГК)
Россети Янтарь
-1 000млн.кВтч.
0млн.кВтч.
1 000млн.кВтч.
2 000млн.кВтч.
3 000млн.кВтч.
4 000млн.кВтч.
5 000млн.кВтч.
6 00…
-44
7
-15
-154
-102
-178
-370
-188
-91
100
-27
-476
-253
-23
-255
4 741
-67
-12'

07-03-2025T06:20:44 - [TEST_STEP][PASSED] - if (urlText.contains("ошибка") || urlText.contains(searchWord) == false): null

07-03-2025T06:20:44 - [TEST_STEP][PASSED] - a2 = "": null

07-03-2025T06:20:44 - [TEST_STEP][PASSED] - a3 = "": null

07-03-2025T06:20:44 - [TEST_STEP][PASSED] - a4 = "": null

07-03-2025T06:20:44 - [TEST_STEP][PASSED] - a5 = "": null

07-03-2025T06:20:44 - [TEST_STEP][PASSED] - a6 = "": null

07-03-2025T06:20:44 - [TEST_STEP][PASSED] - a7 = "": null

07-03-2025T06:20:44 - [TEST_STEP][PASSED] - a8 = "": null

07-03-2025T06:20:44 - [TEST_STEP][PASSED] - a9 = "": null

07-03-2025T06:20:44 - [TEST_STEP][PASSED] - if (run == 1): null

07-03-2025T06:20:44 - [TEST_STEP][PASSED] - if (run == 2): null

07-03-2025T06:20:44 - [TEST_STEP][PASSED] - user = "Андреева": null

07-03-2025T06:20:44 - [TEST_STEP][PASSED] - a1 = getText(findTestObject("Котловой полезный отпуск/График 1")): Text of object 'Object Repository/Котловой полезный отпуск/График 1' is: 'Период
Январь 2025 года
Выручка
Все
ДЗО 
ПАО Россети
Внутренний оборот – выручка за услуги по передаче электрической энергии, входящая в стоимость электроэнергии (продажа) при выполнении ДЗО функций гарантирующего поставщика
Подписи данных
Отклонение котлового полезного отпуска ПАО Россети за Январь 2025 года (факт/план, млн. кВтч)
ПАО Россети
15 130 млн.кВтч.
млн.
%
Котловой полезный отпуск
Выполнение плановых показателей по ПАО Россети за Январь 2025 года
План
Факт
Динамика
2025 год
0 млн.кВтч.
5 000 млн.кВтч.
10 000 млн.кВтч.
15 000 млн.кВтч.
20 000 млн.кВтч.
25 000 млн.кВтч.
30 000 млн.кВтч.
35 000 млн.кВтч.
40 000 млн.кВтч.
45 000 млн.кВтч.
50 000 млн.кВтч.
55 000 млн.кВтч.
60 000 млн.кВтч.
65 000 млн.кВтч.
49 942
52 559
↑
⬤Отклонение
АО "РЭС"
АО «Тываэнерго»
АО «Чеченэнерго»
Россети Волга
Россети Кубань
Россети Ленэнерго (ГК)
Россети Московский регион
Россети Северный Кавказ (ГК)
Россети Северо-Запад
Россети Сибирь (ГК)
Россети Томск
Россети Тюмень
Россети Урал (ГК)
Россети ФСК ЕЭС
Россети Центр
Россети Центр и Приволжье (ГК)
Россети Юг (ГК)
Россети Янтарь
-1 000млн.кВтч.
0млн.кВтч.
1 000млн.кВтч.
2 000млн.кВтч.
3 000млн.кВтч.
4 000млн.кВтч.
5 000млн.кВтч.
6 00…
-44
7
-15
-154
-102
-178
-370
-188
-91
100
-27
-476
-253
-23
-255
4 741
-67
-12'

07-03-2025T06:20:45 - [MESSAGE][PASSED] - Text of object 'Object Repository/Котловой полезный отпуск/График 1' is: 'Период
Январь 2025 года
Выручка
Все
ДЗО 
ПАО Россети
Внутренний оборот – выручка за услуги по передаче электрической энергии, входящая в стоимость электроэнергии (продажа) при выполнении ДЗО функций гарантирующего поставщика
Подписи данных
Отклонение котлового полезного отпуска ПАО Россети за Январь 2025 года (факт/план, млн. кВтч)
ПАО Россети
15 130 млн.кВтч.
млн.
%
Котловой полезный отпуск
Выполнение плановых показателей по ПАО Россети за Январь 2025 года
План
Факт
Динамика
2025 год
0 млн.кВтч.
5 000 млн.кВтч.
10 000 млн.кВтч.
15 000 млн.кВтч.
20 000 млн.кВтч.
25 000 млн.кВтч.
30 000 млн.кВтч.
35 000 млн.кВтч.
40 000 млн.кВтч.
45 000 млн.кВтч.
50 000 млн.кВтч.
55 000 млн.кВтч.
60 000 млн.кВтч.
65 000 млн.кВтч.
49 942
52 559
↑
⬤Отклонение
АО "РЭС"
АО «Тываэнерго»
АО «Чеченэнерго»
Россети Волга
Россети Кубань
Россети Ленэнерго (ГК)
Россети Московский регион
Россети Северный Кавказ (ГК)
Россети Северо-Запад
Россети Сибирь (ГК)
Россети Томск
Россети Тюмень
Россети Урал (ГК)
Россети ФСК ЕЭС
Россети Центр
Россети Центр и Приволжье (ГК)
Россети Юг (ГК)
Россети Янтарь
-1 000млн.кВтч.
0млн.кВтч.
1 000млн.кВтч.
2 000млн.кВтч.
3 000млн.кВтч.
4 000млн.кВтч.
5 000млн.кВтч.
6 00…
-44
7
-15
-154
-102
-178
-370
-188
-91
100
-27
-476
-253
-23
-255
4 741
-67
-12'

07-03-2025T06:20:45 - [TEST_STEP][PASSED] - a1 = replaceAll("[\r?
|
]", "").replaceAll("\s+", ""): null

07-03-2025T06:20:45 - [TEST_STEP][PASSED] - if (a1 == ""): null

07-03-2025T06:20:45 - [TEST_STEP][PASSED] - n = n + 22: null

07-03-2025T06:20:45 - [TEST_STEP][PASSED] - b = n - run + 1: null

07-03-2025T06:20:45 - [TEST_STEP][PASSED] - verifyEqual(findTestData("PlanFact").getValue(2, b), a1): Actual object '202520251513020252025050001000015000200002500030000350004000045000500005500060000650004994252559↑⬤10000100020003000400050006004471515410217837018891100274762532325547416712' and expected object '202520251513020252025050001000015000200002500030000350004000045000500005500060000650004994252559↑⬤10000100020003000400050006004471515410217837018891100274762532325547416712' are equal

07-03-2025T06:20:45 - [MESSAGE][PASSED] - Actual object '202520251513020252025050001000015000200002500030000350004000045000500005500060000650004994252559↑⬤10000100020003000400050006004471515410217837018891100274762532325547416712' and expected object '202520251513020252025050001000015000200002500030000350004000045000500005500060000650004994252559↑⬤10000100020003000400050006004471515410217837018891100274762532325547416712' are equal

07-03-2025T06:20:45 - [TEST_STEP][PASSED] - Script1686231490255.WriteToExcel(user, dashboardName, n, data, run, a1, a2, a3, a4, a5, a6, a7, a8, a9): null

07-03-2025T06:20:45 - [TEST_STEP][PASSED] - sheetName = "Sheet1": null

07-03-2025T06:20:45 - [TEST_STEP][PASSED] - workbook01 = getWorkbook(excelFilePath): null

07-03-2025T06:20:45 - [TEST_STEP][PASSED] - sheet01 = getExcelSheet(workbook01, sheetName): null

07-03-2025T06:20:45 - [TEST_STEP][PASSED] - setValueToCellByIndex(sheet01, n, 0, dashboardName): null

07-03-2025T06:20:45 - [TEST_STEP][PASSED] - setValueToCellByIndex(sheet01, n, 10, user): null

07-03-2025T06:20:45 - [TEST_STEP][PASSED] - setValueToCellByIndex(sheet01, n, 1, a1): null

07-03-2025T06:20:45 - [TEST_STEP][PASSED] - setValueToCellByIndex(sheet01, n, 2, a2): null

07-03-2025T06:20:45 - [TEST_STEP][PASSED] - setValueToCellByIndex(sheet01, n, 3, a3): null

07-03-2025T06:20:45 - [TEST_STEP][PASSED] - setValueToCellByIndex(sheet01, n, 4, a4): null

07-03-2025T06:20:45 - [TEST_STEP][PASSED] - setValueToCellByIndex(sheet01, n, 5, a5): null

07-03-2025T06:20:45 - [TEST_STEP][PASSED] - setValueToCellByIndex(sheet01, n, 6, a6): null

07-03-2025T06:20:45 - [TEST_STEP][PASSED] - setValueToCellByIndex(sheet01, n, 7, a7): null

07-03-2025T06:20:45 - [TEST_STEP][PASSED] - setValueToCellByIndex(sheet01, n, 8, a8): null

07-03-2025T06:20:45 - [TEST_STEP][PASSED] - setValueToCellByIndex(sheet01, n, 9, a9): null

07-03-2025T06:20:45 - [TEST_STEP][PASSED] - n = n + 1: null

07-03-2025T06:20:45 - [TEST_STEP][PASSED] - saveWorkbook(excelFilePath, workbook01): null

07-03-2025T06:20:45 - [TEST_STEP][PASSED] - if (run == 3): null

07-03-2025T06:20:45 - [TEST_STEP][PASSED] - closeBrowser(): null

07-03-2025T06:20:45 - [MESSAGE][PASSED] - Browser is closed

07-03-2025T06:20:45 - [TEST_STEP][PASSED] - KotlovoyPolezniyOtpusk(user, dashboardName, n, data, run, a1, a2, a3, a4, a5, a6, a7, a8, a9, urlData): null

07-03-2025T06:20:45 - [TEST_STEP][PASSED] - n = data.getRowNumbers() + 1: null

07-03-2025T06:20:45 - [TEST_STEP][PASSED] - println(n): null

07-03-2025T06:20:45 - [TEST_STEP][PASSED] - dashboardName = "Котловой полезный отпуск": null

07-03-2025T06:20:45 - [TEST_STEP][PASSED] - openBrowser(""): Browser is opened with url: ''

07-03-2025T06:20:45 - [MESSAGE][INFO] - Starting 'Chrome' driver

07-03-2025T06:20:45 - [MESSAGE][INFO] - Action delay is set to 0 milliseconds

07-03-2025T06:20:46 - [MESSAGE][PASSED] - Browser is opened with url: ''

07-03-2025T06:20:46 - [TEST_STEP][PASSED] - urlData = 18: null

07-03-2025T06:20:46 - [TEST_STEP][PASSED] - Script1686231490255.CheckPageDownload(urlData, run): null

07-03-2025T06:20:46 - [TEST_STEP][PASSED] - i = 1: null

07-03-2025T06:20:46 - [TEST_STEP][PASSED] - ii = 0: null

07-03-2025T06:20:46 - [TEST_STEP][PASSED] - urlText = <not implemented yet for class: org.codehaus.groovy.ast.expr.EmptyExpression>: null

07-03-2025T06:20:46 - [TEST_STEP][PASSED] - searchWord = <not implemented yet for class: org.codehaus.groovy.ast.expr.EmptyExpression>: null

07-03-2025T06:20:46 - [TEST_STEP][PASSED] - deleteAllCookies(): Delete all cookies successfully

07-03-2025T06:20:46 - [MESSAGE][PASSED] - Delete all cookies successfully

07-03-2025T06:20:46 - [TEST_STEP][PASSED] - refresh(): Refresh successfully

07-03-2025T06:20:47 - [MESSAGE][PASSED] - Refresh successfully

07-03-2025T06:20:47 - [TEST_STEP][PASSED] - delay(70): Delayed 70 second(s)

07-03-2025T06:21:57 - [MESSAGE][PASSED] - Delayed 70 second(s)

07-03-2025T06:21:57 - [TEST_STEP][PASSED] - navigateToUrl(findTestData("PlanFact").getValue(10, urlData)): Navigate to 'https://bi.rosseti.digital/viewer?dashboardGuid=2301950b23be4ed89c1df75f2020051e&sheetGuid=9de09c51f7e14f6a9e9103985ef32ea6&fit=true' successfully

07-03-2025T06:22:00 - [MESSAGE][PASSED] - Navigate to 'https://bi.rosseti.digital/viewer?dashboardGuid=2301950b23be4ed89c1df75f2020051e&sheetGuid=9de09c51f7e14f6a9e9103985ef32ea6&fit=true' successfully

07-03-2025T06:22:00 - [TEST_STEP][PASSED] - pageLoaded1 = verifyElementPresent(findTestObject("Страница авторизации/Text"), 30): Object 'Object Repository/Страница авторизации/Text' is present

07-03-2025T06:22:01 - [MESSAGE][PASSED] - Object 'Object Repository/Страница авторизации/Text' is present

07-03-2025T06:22:01 - [TEST_STEP][PASSED] - if (pageLoaded1 == false): null

07-03-2025T06:22:01 - [TEST_STEP][PASSED] - urlText = getText(findTestObject("Страница авторизации/Text")): Text of object 'Object Repository/Страница авторизации/Text' is: 'Вход'

07-03-2025T06:22:01 - [MESSAGE][PASSED] - Text of object 'Object Repository/Страница авторизации/Text' is: 'Вход'

07-03-2025T06:22:01 - [TEST_STEP][PASSED] - delay(70): Delayed 70 second(s)

07-03-2025T06:23:11 - [MESSAGE][PASSED] - Delayed 70 second(s)

07-03-2025T06:23:11 - [TEST_STEP][PASSED] - searchWord = "Вход": null

07-03-2025T06:23:11 - [TEST_STEP][PASSED] - if (urlText.contains(searchWord) == false): null

07-03-2025T06:23:11 - [TEST_STEP][PASSED] - setText(findTestObject("Страница авторизации/input__username"), findTestData("PlanFact").getValue(8, run)): Text 'Petrova-OV' is set on object 'Object Repository/Страница авторизации/input__username'

07-03-2025T06:23:12 - [MESSAGE][PASSED] - Text 'Petrova-OV' is set on object 'Object Repository/Страница авторизации/input__username'

07-03-2025T06:23:12 - [TEST_STEP][PASSED] - setText(findTestObject("Страница авторизации/input__password"), findTestData("PlanFact").getValue(9, run)): Text '4Ex@~R53r&3x&BVe7' is set on object 'Object Repository/Страница авторизации/input__password'

07-03-2025T06:23:13 - [MESSAGE][PASSED] - Text '4Ex@~R53r&3x&BVe7' is set on object 'Object Repository/Страница авторизации/input__password'

07-03-2025T06:23:13 - [TEST_STEP][PASSED] - click(findTestObject("Страница авторизации/button_")): Object: 'Object Repository/Страница авторизации/button_' is clicked on

07-03-2025T06:23:14 - [MESSAGE][PASSED] - Object: 'Object Repository/Страница авторизации/button_' is clicked on

07-03-2025T06:23:14 - [TEST_STEP][PASSED] - delay(70): Delayed 70 second(s)

07-03-2025T06:24:24 - [MESSAGE][PASSED] - Delayed 70 second(s)

07-03-2025T06:24:24 - [TEST_STEP][PASSED] - searchWord = "а": null

07-03-2025T06:24:24 - [TEST_STEP][PASSED] - pageLoaded2 = verifyElementPresent(findTestObject("Страница авторизации/Text"), 50): Object 'Object Repository/Страница авторизации/Text' is present

07-03-2025T06:24:24 - [MESSAGE][PASSED] - Object 'Object Repository/Страница авторизации/Text' is present

07-03-2025T06:24:24 - [TEST_STEP][PASSED] - if (pageLoaded2 == false): null

07-03-2025T06:24:24 - [TEST_STEP][PASSED] - urlText = getText(findTestObject("Страница авторизации/Text")): Text of object 'Object Repository/Страница авторизации/Text' is: 'Период
Январь 2025 года
Выручка
Все
ДЗО 
ПАО Россети
Внутренний оборот – выручка за услуги по передаче электрической энергии, входящая в стоимость электроэнергии (продажа) при выполнении ДЗО функций гарантирующего поставщика
Подписи данных
Отклонение котлового полезного отпуска ПАО Россети за Январь 2025 года (факт/план, млн. кВтч)
ПАО Россети
15 130 млн.кВтч.
млн.
%
Котловой полезный отпуск
Выполнение плановых показателей по ПАО Россети за Январь 2025 года
План
Факт
Динамика
2025 год
0 млн.кВтч.
5 000 млн.кВтч.
10 000 млн.кВтч.
15 000 млн.кВтч.
20 000 млн.кВтч.
25 000 млн.кВтч.
30 000 млн.кВтч.
35 000 млн.кВтч.
40 000 млн.кВтч.
45 000 млн.кВтч.
50 000 млн.кВтч.
55 000 млн.кВтч.
60 000 млн.кВтч.
65 000 млн.кВтч.
49 942
52 559
↑
⬤Отклонение
АО "РЭС"
АО «Тываэнерго»
АО «Чеченэнерго»
Россети Волга
Россети Кубань
Россети Ленэнерго (ГК)
Россети Московский регион
Россети Северный Кавказ (ГК)
Россети Северо-Запад
Россети Сибирь (ГК)
Россети Томск
Россети Тюмень
Россети Урал (ГК)
Россети ФСК ЕЭС
Россети Центр
Россети Центр и Приволжье (ГК)
Россети Юг (ГК)
Россети Янтарь
-1 000млн.кВтч.
0млн.кВтч.
1 000млн.кВтч.
2 000млн.кВтч.
3 000млн.кВтч.
4 000млн.кВтч.
5 000млн.кВтч.
6 00…
-44
7
-15
-154
-102
-178
-370
-188
-91
100
-27
-476
-253
-23
-255
4 741
-67
-12'

07-03-2025T06:24:25 - [MESSAGE][PASSED] - Text of object 'Object Repository/Страница авторизации/Text' is: 'Период
Январь 2025 года
Выручка
Все
ДЗО 
ПАО Россети
Внутренний оборот – выручка за услуги по передаче электрической энергии, входящая в стоимость электроэнергии (продажа) при выполнении ДЗО функций гарантирующего поставщика
Подписи данных
Отклонение котлового полезного отпуска ПАО Россети за Январь 2025 года (факт/план, млн. кВтч)
ПАО Россети
15 130 млн.кВтч.
млн.
%
Котловой полезный отпуск
Выполнение плановых показателей по ПАО Россети за Январь 2025 года
План
Факт
Динамика
2025 год
0 млн.кВтч.
5 000 млн.кВтч.
10 000 млн.кВтч.
15 000 млн.кВтч.
20 000 млн.кВтч.
25 000 млн.кВтч.
30 000 млн.кВтч.
35 000 млн.кВтч.
40 000 млн.кВтч.
45 000 млн.кВтч.
50 000 млн.кВтч.
55 000 млн.кВтч.
60 000 млн.кВтч.
65 000 млн.кВтч.
49 942
52 559
↑
⬤Отклонение
АО "РЭС"
АО «Тываэнерго»
АО «Чеченэнерго»
Россети Волга
Россети Кубань
Россети Ленэнерго (ГК)
Россети Московский регион
Россети Северный Кавказ (ГК)
Россети Северо-Запад
Россети Сибирь (ГК)
Россети Томск
Россети Тюмень
Россети Урал (ГК)
Россети ФСК ЕЭС
Россети Центр
Россети Центр и Приволжье (ГК)
Россети Юг (ГК)
Россети Янтарь
-1 000млн.кВтч.
0млн.кВтч.
1 000млн.кВтч.
2 000млн.кВтч.
3 000млн.кВтч.
4 000млн.кВтч.
5 000млн.кВтч.
6 00…
-44
7
-15
-154
-102
-178
-370
-188
-91
100
-27
-476
-253
-23
-255
4 741
-67
-12'

07-03-2025T06:24:25 - [TEST_STEP][PASSED] - if (urlText.contains("ошибка") || urlText.contains(searchWord) == false): null

07-03-2025T06:24:25 - [TEST_STEP][PASSED] - a2 = "": null

07-03-2025T06:24:25 - [TEST_STEP][PASSED] - a3 = "": null

07-03-2025T06:24:25 - [TEST_STEP][PASSED] - a4 = "": null

07-03-2025T06:24:25 - [TEST_STEP][PASSED] - a5 = "": null

07-03-2025T06:24:25 - [TEST_STEP][PASSED] - a6 = "": null

07-03-2025T06:24:25 - [TEST_STEP][PASSED] - a7 = "": null

07-03-2025T06:24:25 - [TEST_STEP][PASSED] - a8 = "": null

07-03-2025T06:24:25 - [TEST_STEP][PASSED] - a9 = "": null

07-03-2025T06:24:25 - [TEST_STEP][PASSED] - if (run == 1): null

07-03-2025T06:24:25 - [TEST_STEP][PASSED] - if (run == 2): null

07-03-2025T06:24:25 - [TEST_STEP][PASSED] - if (run == 3): null

07-03-2025T06:24:25 - [TEST_STEP][PASSED] - user = "Попова": null

07-03-2025T06:24:25 - [TEST_STEP][PASSED] - a1 = getText(findTestObject("Котловой полезный отпуск/График 1")): Text of object 'Object Repository/Котловой полезный отпуск/График 1' is: 'Период
Январь 2025 года
Выручка
Все
ДЗО 
ПАО Россети
Внутренний оборот – выручка за услуги по передаче электрической энергии, входящая в стоимость электроэнергии (продажа) при выполнении ДЗО функций гарантирующего поставщика
Подписи данных
Отклонение котлового полезного отпуска ПАО Россети за Январь 2025 года (факт/план, млн. кВтч)
ПАО Россети
15 130 млн.кВтч.
млн.
%
Котловой полезный отпуск
Выполнение плановых показателей по ПАО Россети за Январь 2025 года
План
Факт
Динамика
2025 год
0 млн.кВтч.
5 000 млн.кВтч.
10 000 млн.кВтч.
15 000 млн.кВтч.
20 000 млн.кВтч.
25 000 млн.кВтч.
30 000 млн.кВтч.
35 000 млн.кВтч.
40 000 млн.кВтч.
45 000 млн.кВтч.
50 000 млн.кВтч.
55 000 млн.кВтч.
60 000 млн.кВтч.
65 000 млн.кВтч.
49 942
52 559
↑
⬤Отклонение
АО "РЭС"
АО «Тываэнерго»
АО «Чеченэнерго»
Россети Волга
Россети Кубань
Россети Ленэнерго (ГК)
Россети Московский регион
Россети Северный Кавказ (ГК)
Россети Северо-Запад
Россети Сибирь (ГК)
Россети Томск
Россети Тюмень
Россети Урал (ГК)
Россети ФСК ЕЭС
Россети Центр
Россети Центр и Приволжье (ГК)
Россети Юг (ГК)
Россети Янтарь
-1 000млн.кВтч.
0млн.кВтч.
1 000млн.кВтч.
2 000млн.кВтч.
3 000млн.кВтч.
4 000млн.кВтч.
5 000млн.кВтч.
6 00…
-44
7
-15
-154
-102
-178
-370
-188
-91
100
-27
-476
-253
-23
-255
4 741
-67
-12'

07-03-2025T06:24:25 - [MESSAGE][PASSED] - Text of object 'Object Repository/Котловой полезный отпуск/График 1' is: 'Период
Январь 2025 года
Выручка
Все
ДЗО 
ПАО Россети
Внутренний оборот – выручка за услуги по передаче электрической энергии, входящая в стоимость электроэнергии (продажа) при выполнении ДЗО функций гарантирующего поставщика
Подписи данных
Отклонение котлового полезного отпуска ПАО Россети за Январь 2025 года (факт/план, млн. кВтч)
ПАО Россети
15 130 млн.кВтч.
млн.
%
Котловой полезный отпуск
Выполнение плановых показателей по ПАО Россети за Январь 2025 года
План
Факт
Динамика
2025 год
0 млн.кВтч.
5 000 млн.кВтч.
10 000 млн.кВтч.
15 000 млн.кВтч.
20 000 млн.кВтч.
25 000 млн.кВтч.
30 000 млн.кВтч.
35 000 млн.кВтч.
40 000 млн.кВтч.
45 000 млн.кВтч.
50 000 млн.кВтч.
55 000 млн.кВтч.
60 000 млн.кВтч.
65 000 млн.кВтч.
49 942
52 559
↑
⬤Отклонение
АО "РЭС"
АО «Тываэнерго»
АО «Чеченэнерго»
Россети Волга
Россети Кубань
Россети Ленэнерго (ГК)
Россети Московский регион
Россети Северный Кавказ (ГК)
Россети Северо-Запад
Россети Сибирь (ГК)
Россети Томск
Россети Тюмень
Россети Урал (ГК)
Россети ФСК ЕЭС
Россети Центр
Россети Центр и Приволжье (ГК)
Россети Юг (ГК)
Россети Янтарь
-1 000млн.кВтч.
0млн.кВтч.
1 000млн.кВтч.
2 000млн.кВтч.
3 000млн.кВтч.
4 000млн.кВтч.
5 000млн.кВтч.
6 00…
-44
7
-15
-154
-102
-178
-370
-188
-91
100
-27
-476
-253
-23
-255
4 741
-67
-12'

07-03-2025T06:24:25 - [TEST_STEP][PASSED] - a1 = replaceAll("[\r?
|
]", "").replaceAll("\s+", ""): null

07-03-2025T06:24:25 - [TEST_STEP][PASSED] - if (a1 == ""): null

07-03-2025T06:24:25 - [TEST_STEP][PASSED] - n = n + 23: null

07-03-2025T06:24:25 - [TEST_STEP][PASSED] - b = n - run + 1: null

07-03-2025T06:24:25 - [TEST_STEP][PASSED] - verifyEqual(findTestData("PlanFact").getValue(2, b), a1): Actual object '202520251513020252025050001000015000200002500030000350004000045000500005500060000650004994252559↑⬤10000100020003000400050006004471515410217837018891100274762532325547416712' and expected object '202520251513020252025050001000015000200002500030000350004000045000500005500060000650004994252559↑⬤10000100020003000400050006004471515410217837018891100274762532325547416712' are equal

07-03-2025T06:24:25 - [MESSAGE][PASSED] - Actual object '202520251513020252025050001000015000200002500030000350004000045000500005500060000650004994252559↑⬤10000100020003000400050006004471515410217837018891100274762532325547416712' and expected object '202520251513020252025050001000015000200002500030000350004000045000500005500060000650004994252559↑⬤10000100020003000400050006004471515410217837018891100274762532325547416712' are equal

07-03-2025T06:24:25 - [TEST_STEP][PASSED] - Script1686231490255.WriteToExcel(user, dashboardName, n, data, run, a1, a2, a3, a4, a5, a6, a7, a8, a9): null

07-03-2025T06:24:25 - [TEST_STEP][PASSED] - sheetName = "Sheet1": null

07-03-2025T06:24:25 - [TEST_STEP][PASSED] - workbook01 = getWorkbook(excelFilePath): null

07-03-2025T06:24:25 - [TEST_STEP][PASSED] - sheet01 = getExcelSheet(workbook01, sheetName): null

07-03-2025T06:24:25 - [TEST_STEP][PASSED] - setValueToCellByIndex(sheet01, n, 0, dashboardName): null

07-03-2025T06:24:25 - [TEST_STEP][PASSED] - setValueToCellByIndex(sheet01, n, 10, user): null

07-03-2025T06:24:25 - [TEST_STEP][PASSED] - setValueToCellByIndex(sheet01, n, 1, a1): null

07-03-2025T06:24:25 - [TEST_STEP][PASSED] - setValueToCellByIndex(sheet01, n, 2, a2): null

07-03-2025T06:24:25 - [TEST_STEP][PASSED] - setValueToCellByIndex(sheet01, n, 3, a3): null

07-03-2025T06:24:25 - [TEST_STEP][PASSED] - setValueToCellByIndex(sheet01, n, 4, a4): null

07-03-2025T06:24:25 - [TEST_STEP][PASSED] - setValueToCellByIndex(sheet01, n, 5, a5): null

07-03-2025T06:24:25 - [TEST_STEP][PASSED] - setValueToCellByIndex(sheet01, n, 6, a6): null

07-03-2025T06:24:25 - [TEST_STEP][PASSED] - setValueToCellByIndex(sheet01, n, 7, a7): null

07-03-2025T06:24:25 - [TEST_STEP][PASSED] - setValueToCellByIndex(sheet01, n, 8, a8): null

07-03-2025T06:24:25 - [TEST_STEP][PASSED] - setValueToCellByIndex(sheet01, n, 9, a9): null

07-03-2025T06:24:25 - [TEST_STEP][PASSED] - n = n + 1: null

07-03-2025T06:24:25 - [TEST_STEP][PASSED] - saveWorkbook(excelFilePath, workbook01): null

07-03-2025T06:24:26 - [TEST_STEP][PASSED] - closeBrowser(): Browser is closed

07-03-2025T06:24:26 - [MESSAGE][PASSED] - Browser is closed

07-03-2025T06:24:26 - [TEST_STEP][PASSED] - delay(70): Delayed 70 second(s)

07-03-2025T06:25:36 - [MESSAGE][PASSED] - Delayed 70 second(s)

07-03-2025T06:25:36 - [TEST_STEP][PASSED] - for ([run = 1, run < 4, (run++)]): null

07-03-2025T06:25:36 - [TEST_STEP][PASSED] - FaktorniyAnaliz(user, dashboardName, n, data, run, a1, a2, a3, a4, a5, a6, a7, a8, a9, urlData): null

07-03-2025T06:25:36 - [TEST_STEP][PASSED] - n = data.getRowNumbers() + 1: null

07-03-2025T06:25:36 - [TEST_STEP][PASSED] - println(n): null

07-03-2025T06:25:36 - [TEST_STEP][PASSED] - dashboardName = "Факторный анализ": null

07-03-2025T06:25:36 - [TEST_STEP][PASSED] - openBrowser(""): Browser is opened with url: ''

07-03-2025T06:25:36 - [MESSAGE][INFO] - Starting 'Chrome' driver

07-03-2025T06:25:36 - [MESSAGE][INFO] - Action delay is set to 0 milliseconds

07-03-2025T06:25:37 - [MESSAGE][PASSED] - Browser is opened with url: ''

07-03-2025T06:25:37 - [TEST_STEP][PASSED] - urlData = 3: null

07-03-2025T06:25:37 - [TEST_STEP][PASSED] - Script1686231490255.CheckPageDownload(urlData, run): null

07-03-2025T06:25:37 - [TEST_STEP][PASSED] - i = 1: null

07-03-2025T06:25:37 - [TEST_STEP][PASSED] - ii = 0: null

07-03-2025T06:25:37 - [TEST_STEP][PASSED] - urlText = <not implemented yet for class: org.codehaus.groovy.ast.expr.EmptyExpression>: null

07-03-2025T06:25:37 - [TEST_STEP][PASSED] - searchWord = <not implemented yet for class: org.codehaus.groovy.ast.expr.EmptyExpression>: null

07-03-2025T06:25:37 - [TEST_STEP][PASSED] - deleteAllCookies(): Delete all cookies successfully

07-03-2025T06:25:37 - [MESSAGE][PASSED] - Delete all cookies successfully

07-03-2025T06:25:37 - [TEST_STEP][PASSED] - refresh(): Refresh successfully

07-03-2025T06:25:37 - [MESSAGE][PASSED] - Refresh successfully

07-03-2025T06:25:37 - [TEST_STEP][PASSED] - delay(70): Delayed 70 second(s)

07-03-2025T06:26:47 - [MESSAGE][PASSED] - Delayed 70 second(s)

07-03-2025T06:26:47 - [TEST_STEP][PASSED] - navigateToUrl(findTestData("PlanFact").getValue(10, urlData)): Navigate to 'https://bi.rosseti.digital/viewer?dashboardGuid=2301950b23be4ed89c1df75f2020051e&sheetGuid=ccd7d7486b3d4e6fa0ee9b1eaebed46c&fit=true' successfully

07-03-2025T06:26:53 - [MESSAGE][PASSED] - Navigate to 'https://bi.rosseti.digital/viewer?dashboardGuid=2301950b23be4ed89c1df75f2020051e&sheetGuid=ccd7d7486b3d4e6fa0ee9b1eaebed46c&fit=true' successfully

07-03-2025T06:26:53 - [TEST_STEP][PASSED] - pageLoaded1 = verifyElementPresent(findTestObject("Страница авторизации/Text"), 30): Object 'Object Repository/Страница авторизации/Text' is present

07-03-2025T06:26:53 - [MESSAGE][PASSED] - Object 'Object Repository/Страница авторизации/Text' is present

07-03-2025T06:26:53 - [TEST_STEP][PASSED] - if (pageLoaded1 == false): null

07-03-2025T06:26:53 - [TEST_STEP][PASSED] - urlText = getText(findTestObject("Страница авторизации/Text")): Text of object 'Object Repository/Страница авторизации/Text' is: 'Вход'

07-03-2025T06:26:53 - [MESSAGE][PASSED] - Text of object 'Object Repository/Страница авторизации/Text' is: 'Вход'

07-03-2025T06:26:53 - [TEST_STEP][PASSED] - delay(70): Delayed 70 second(s)

07-03-2025T06:28:03 - [MESSAGE][PASSED] - Delayed 70 second(s)

07-03-2025T06:28:03 - [TEST_STEP][PASSED] - searchWord = "Вход": null

07-03-2025T06:28:03 - [TEST_STEP][PASSED] - if (urlText.contains(searchWord) == false): null

07-03-2025T06:28:03 - [TEST_STEP][PASSED] - setText(findTestObject("Страница авторизации/input__username"), findTestData("PlanFact").getValue(8, run)): Text 'liazgina-di' is set on object 'Object Repository/Страница авторизации/input__username'

07-03-2025T06:28:04 - [MESSAGE][PASSED] - Text 'liazgina-di' is set on object 'Object Repository/Страница авторизации/input__username'

07-03-2025T06:28:04 - [TEST_STEP][PASSED] - setText(findTestObject("Страница авторизации/input__password"), findTestData("PlanFact").getValue(9, run)): Text ')$%5srZ8o688Dm#q' is set on object 'Object Repository/Страница авторизации/input__password'

07-03-2025T06:28:05 - [MESSAGE][PASSED] - Text ')$%5srZ8o688Dm#q' is set on object 'Object Repository/Страница авторизации/input__password'

07-03-2025T06:28:05 - [TEST_STEP][PASSED] - click(findTestObject("Страница авторизации/button_")): Object: 'Object Repository/Страница авторизации/button_' is clicked on

07-03-2025T06:28:05 - [MESSAGE][PASSED] - Object: 'Object Repository/Страница авторизации/button_' is clicked on

07-03-2025T06:28:05 - [TEST_STEP][PASSED] - delay(70): Delayed 70 second(s)

07-03-2025T06:29:15 - [MESSAGE][PASSED] - Delayed 70 second(s)

07-03-2025T06:29:15 - [TEST_STEP][PASSED] - searchWord = "а": null

07-03-2025T06:29:15 - [TEST_STEP][PASSED] - pageLoaded2 = verifyElementPresent(findTestObject("Страница авторизации/Text"), 50): Object 'Object Repository/Страница авторизации/Text' is present

07-03-2025T06:29:16 - [MESSAGE][PASSED] - Object 'Object Repository/Страница авторизации/Text' is present

07-03-2025T06:29:16 - [TEST_STEP][PASSED] - if (pageLoaded2 == false): null

07-03-2025T06:29:16 - [TEST_STEP][PASSED] - urlText = getText(findTestObject("Страница авторизации/Text")): Text of object 'Object Repository/Страница авторизации/Text' is: 'Период
Январь 2025 года
ДЗО 
ПАО Россети
Подписи данных
Итого отклонения по группе компаний: 36 556 млн.руб.
Филиал
Месяц
Факторный анализ
Всего отклонения по факторам по ПАО Россети за Январь 2025 года
ДЗО
Филиал
Отклонение (объём услуг)
Отклонение (средний тариф)
АО "РЭС" АО "РЭС" -76 3
АО «Тываэнерго» АО "Тываэнерго" 19 4
АО «Чеченэнерго» АО «Чеченэнерго» -35 -48
Россети Волга Мордовэнерго - 150 -6
Оренбургэнерго -62 -9
Пензаэнерго -35 -1
Самарские РС -78 142
Саратовские РС -77 -49
Ульяновские РС 14 6
Чувашэнерго -4 12
Россети Кубань Кубаньэнерго - 341 287
Россети Ленэнерго (ГК) Ленинградская область - 311 187
г. Санкт-Петербург - 291 12
Россети Московский регион Московская область - 780 53
г. Москва - 195 -5
Россети Северный Кавказ (ГК) Дагэнерго - 238 -48
Ингушэнерго -60 14
Каббалкэнерго 20 -4
Карачаево-Черкесскэнерго -10 - 109
Севкавказэнерго - 121 -10
Ставропольэнерго -68 28
Россети Северо-Запад Архангельский филиал -52 21
Вологодский филиал -40 10
Карельский филиал -50 -15
Мурманский филиал 20 -17
Новгородский филиал -49 0
Псковский филиал -48 13
филиал в Республике Коми -53 9
Россети Сибирь (ГК) Алтайэнерго 39 16
Бурятэнерго 10 -7
ГАЭС 9 2
Красноярскэнерго 117 -4
Кузбассэнерго-РЭС 37 147
Омскэнерго -2 -21
Хакасэнерго -10 -12
Читаэнерго -1 25
Россети Томск Томская распределительная компания -62 5
Россети Тюмень Россети Тюмень - 986 - 117
Россети Урал (ГК) Пермэнерго - 187 5
Свердловэнерго - 152 -4
Челябэнерго - 141 5
Россети ФСК ЕЭС Итого по ФСК ЕЭС - 311 252
Россети Центр Белгородэнерго -85 14
Брянскэнерго -50 -8
Воронежэнерго -98 -2
Костромаэнерго -42 3
Курскэнерго -32 8
Липецкэнерго -79 20
Орелэнерго -40 5
Смоленскэнерго -52 -7
Тамбовэнерго -25 -5
Тверьэнерго - 133 0
Ярэнерго -60 -7
Россети Центр и Приволжье (ГК) Владимирэнерго 0 1 448
Ивэнерго 0 779
Калугаэнерго 0 1 441
Кировэнерго 0 1 158
Мариэнерго 0 478
Нижновэнерго 0 3 348
Рязаньэнерго 0 1 093
Тулэнерго 0 1 695
Удмуртэнерго 0 1 616
Россети Юг (ГК) АО «ВМЭС» 0 4
Астраханьэнерго 1 -6
Волгоградэнерго - 140 -12
Калмэнерго -8 2
Ростовэнерго -47 16
Россети Янтарь Россети Янтарь -31 12
Отклонения выручки по факторам по выбранным ДЗО, руб
-121 309-121 309
701701
Отклонение (объём услуг)
Отклонение (средний тариф)
ПАО Россети'

07-03-2025T06:29:16 - [MESSAGE][PASSED] - Text of object 'Object Repository/Страница авторизации/Text' is: 'Период
Январь 2025 года
ДЗО 
ПАО Россети
Подписи данных
Итого отклонения по группе компаний: 36 556 млн.руб.
Филиал
Месяц
Факторный анализ
Всего отклонения по факторам по ПАО Россети за Январь 2025 года
ДЗО
Филиал
Отклонение (объём услуг)
Отклонение (средний тариф)
АО "РЭС" АО "РЭС" -76 3
АО «Тываэнерго» АО "Тываэнерго" 19 4
АО «Чеченэнерго» АО «Чеченэнерго» -35 -48
Россети Волга Мордовэнерго - 150 -6
Оренбургэнерго -62 -9
Пензаэнерго -35 -1
Самарские РС -78 142
Саратовские РС -77 -49
Ульяновские РС 14 6
Чувашэнерго -4 12
Россети Кубань Кубаньэнерго - 341 287
Россети Ленэнерго (ГК) Ленинградская область - 311 187
г. Санкт-Петербург - 291 12
Россети Московский регион Московская область - 780 53
г. Москва - 195 -5
Россети Северный Кавказ (ГК) Дагэнерго - 238 -48
Ингушэнерго -60 14
Каббалкэнерго 20 -4
Карачаево-Черкесскэнерго -10 - 109
Севкавказэнерго - 121 -10
Ставропольэнерго -68 28
Россети Северо-Запад Архангельский филиал -52 21
Вологодский филиал -40 10
Карельский филиал -50 -15
Мурманский филиал 20 -17
Новгородский филиал -49 0
Псковский филиал -48 13
филиал в Республике Коми -53 9
Россети Сибирь (ГК) Алтайэнерго 39 16
Бурятэнерго 10 -7
ГАЭС 9 2
Красноярскэнерго 117 -4
Кузбассэнерго-РЭС 37 147
Омскэнерго -2 -21
Хакасэнерго -10 -12
Читаэнерго -1 25
Россети Томск Томская распределительная компания -62 5
Россети Тюмень Россети Тюмень - 986 - 117
Россети Урал (ГК) Пермэнерго - 187 5
Свердловэнерго - 152 -4
Челябэнерго - 141 5
Россети ФСК ЕЭС Итого по ФСК ЕЭС - 311 252
Россети Центр Белгородэнерго -85 14
Брянскэнерго -50 -8
Воронежэнерго -98 -2
Костромаэнерго -42 3
Курскэнерго -32 8
Липецкэнерго -79 20
Орелэнерго -40 5
Смоленскэнерго -52 -7
Тамбовэнерго -25 -5
Тверьэнерго - 133 0
Ярэнерго -60 -7
Россети Центр и Приволжье (ГК) Владимирэнерго 0 1 448
Ивэнерго 0 779
Калугаэнерго 0 1 441
Кировэнерго 0 1 158
Мариэнерго 0 478
Нижновэнерго 0 3 348
Рязаньэнерго 0 1 093
Тулэнерго 0 1 695
Удмуртэнерго 0 1 616
Россети Юг (ГК) АО «ВМЭС» 0 4
Астраханьэнерго 1 -6
Волгоградэнерго - 140 -12
Калмэнерго -8 2
Ростовэнерго -47 16
Россети Янтарь Россети Янтарь -31 12
Отклонения выручки по факторам по выбранным ДЗО, руб
-121 309-121 309
701701
Отклонение (объём услуг)
Отклонение (средний тариф)
ПАО Россети'

07-03-2025T06:29:16 - [TEST_STEP][PASSED] - if (urlText.contains("ошибка") || urlText.contains(searchWord) == false): null

07-03-2025T06:29:16 - [TEST_STEP][PASSED] - click(findTestObject("Факторный анализ/Фильтр Период")): Object: 'Object Repository/Факторный анализ/Фильтр Период' is clicked on

07-03-2025T06:29:17 - [MESSAGE][PASSED] - Object: 'Object Repository/Факторный анализ/Фильтр Период' is clicked on

07-03-2025T06:29:17 - [TEST_STEP][PASSED] - click(findTestObject("Факторный анализ/Снять выделение в фильтре Дата")): Object: 'Object Repository/Факторный анализ/Снять выделение в фильтре Дата' is clicked on

07-03-2025T06:29:17 - [MESSAGE][PASSED] - Object: 'Object Repository/Факторный анализ/Снять выделение в фильтре Дата' is clicked on

07-03-2025T06:29:17 - [TEST_STEP][PASSED] - click(findTestObject("Факторный анализ/Применить в фильтре Дата")): Object: 'Object Repository/Факторный анализ/Применить в фильтре Дата' is clicked on

07-03-2025T06:29:18 - [MESSAGE][PASSED] - Object: 'Object Repository/Факторный анализ/Применить в фильтре Дата' is clicked on

07-03-2025T06:29:18 - [TEST_STEP][PASSED] - click(findTestObject("Факторный анализ/Фильтр Период")): Object: 'Object Repository/Факторный анализ/Фильтр Период' is clicked on

07-03-2025T06:29:20 - [MESSAGE][PASSED] - Object: 'Object Repository/Факторный анализ/Фильтр Период' is clicked on

07-03-2025T06:29:20 - [TEST_STEP][PASSED] - click(findTestObject("Факторный анализ/Снять выделение в фильтре Дата")): Object: 'Object Repository/Факторный анализ/Снять выделение в фильтре Дата' is clicked on

07-03-2025T06:29:20 - [MESSAGE][PASSED] - Object: 'Object Repository/Факторный анализ/Снять выделение в фильтре Дата' is clicked on

07-03-2025T06:29:20 - [TEST_STEP][PASSED] - scrollToElement(findTestObject("Факторный анализ/2025 список"), 30): Scroll to object 'Object Repository/Факторный анализ/2025 список' successfully

07-03-2025T06:29:21 - [MESSAGE][PASSED] - Scroll to object 'Object Repository/Факторный анализ/2025 список' successfully

07-03-2025T06:29:21 - [TEST_STEP][PASSED] - click(findTestObject("Факторный анализ/2025 список")): Object: 'Object Repository/Факторный анализ/2025 список' is clicked on

07-03-2025T06:29:21 - [MESSAGE][PASSED] - Object: 'Object Repository/Факторный анализ/2025 список' is clicked on

07-03-2025T06:29:21 - [TEST_STEP][PASSED] - scrollToElement(findTestObject("Факторный анализ/1 квартал 2025 список"), 30): Scroll to object 'Object Repository/Факторный анализ/1 квартал 2025 список' successfully

07-03-2025T06:29:21 - [MESSAGE][PASSED] - Scroll to object 'Object Repository/Факторный анализ/1 квартал 2025 список' successfully

07-03-2025T06:29:21 - [TEST_STEP][PASSED] - click(findTestObject("Факторный анализ/1 квартал 2025 список"), CONTINUE_ON_FAILURE): Object: 'Object Repository/Факторный анализ/1 квартал 2025 список' is clicked on

07-03-2025T06:29:22 - [MESSAGE][PASSED] - Object: 'Object Repository/Факторный анализ/1 квартал 2025 список' is clicked on

07-03-2025T06:29:22 - [TEST_STEP][PASSED] - scrollToElement(findTestObject("Факторный анализ/Январь 2025"), 30): Scroll to object 'Object Repository/Факторный анализ/Январь 2025' successfully

07-03-2025T06:29:22 - [MESSAGE][PASSED] - Scroll to object 'Object Repository/Факторный анализ/Январь 2025' successfully

07-03-2025T06:29:22 - [TEST_STEP][PASSED] - click(findTestObject("Факторный анализ/Январь 2025"), CONTINUE_ON_FAILURE): Object: 'Object Repository/Факторный анализ/Январь 2025' is clicked on

07-03-2025T06:29:22 - [MESSAGE][PASSED] - Object: 'Object Repository/Факторный анализ/Январь 2025' is clicked on

07-03-2025T06:29:22 - [TEST_STEP][PASSED] - scrollToElement(findTestObject("Факторный анализ/Заголовок дашборда"), 30): Scroll to object 'Object Repository/Факторный анализ/Заголовок дашборда' successfully

07-03-2025T06:29:23 - [MESSAGE][PASSED] - Scroll to object 'Object Repository/Факторный анализ/Заголовок дашборда' successfully

07-03-2025T06:29:23 - [TEST_STEP][PASSED] - click(findTestObject("Факторный анализ/Применить в фильтре Дата")): Object: 'Object Repository/Факторный анализ/Применить в фильтре Дата' is clicked on

07-03-2025T06:29:23 - [MESSAGE][PASSED] - Object: 'Object Repository/Факторный анализ/Применить в фильтре Дата' is clicked on

07-03-2025T06:29:23 - [TEST_STEP][PASSED] - a5 = "": null

07-03-2025T06:29:23 - [TEST_STEP][PASSED] - a6 = "": null

07-03-2025T06:29:23 - [TEST_STEP][PASSED] - a7 = "": null

07-03-2025T06:29:23 - [TEST_STEP][PASSED] - a8 = "": null

07-03-2025T06:29:23 - [TEST_STEP][PASSED] - a9 = "": null

07-03-2025T06:29:23 - [TEST_STEP][PASSED] - if (run == 1): null

07-03-2025T06:29:23 - [TEST_STEP][PASSED] - user = "админ": null

07-03-2025T06:29:23 - [TEST_STEP][PASSED] - a1 = getText(findTestObject("Факторный анализ/span1 Блок руководителя")): Text of object 'Object Repository/Факторный анализ/span1 Блок руководителя' is: ''

07-03-2025T06:29:25 - [MESSAGE][PASSED] - Text of object 'Object Repository/Факторный анализ/span1 Блок руководителя' is: ''

07-03-2025T06:29:25 - [TEST_STEP][PASSED] - a2 = getText(findTestObject("Факторный анализ/span2 Блок руководителя")): Text of object 'Object Repository/Факторный анализ/span2 Блок руководителя' is: ''

07-03-2025T06:29:25 - [MESSAGE][PASSED] - Text of object 'Object Repository/Факторный анализ/span2 Блок руководителя' is: ''

07-03-2025T06:29:25 - [TEST_STEP][PASSED] - a3 = getText(findTestObject("Факторный анализ/График Всего отклонения по факторам Блок руководителя")): Text of object 'Object Repository/Факторный анализ/График Всего отклонения по факторам Блок руководителя' is: 'ДЗО
Филиал
Отклонение (объём услуг)
Отклонение (средний тариф)
АО "РЭС" АО "РЭС" -76 3
АО «Тываэнерго» АО "Тываэнерго" 19 4
АО «Чеченэнерго» АО «Чеченэнерго» -35 -48
Россети Волга Мордовэнерго - 150 -6
Оренбургэнерго -62 -9
Пензаэнерго -35 -1
Самарские РС -78 142
Саратовские РС -77 -49
Ульяновские РС 14 6
Чувашэнерго -4 12
Россети Кубань Кубаньэнерго - 341 287
Россети Ленэнерго (ГК) Ленинградская область - 311 187
г. Санкт-Петербург - 291 12
Россети Московский регион Московская область - 780 53
г. Москва - 195 -5
Россети Северный Кавказ (ГК) Дагэнерго - 238 -48
Ингушэнерго -60 14
Каббалкэнерго 20 -4
Карачаево-Черкесскэнерго -10 - 109
Севкавказэнерго - 121 -10
Ставропольэнерго -68 28
Россети Северо-Запад Архангельский филиал -52 21
Вологодский филиал -40 10
Карельский филиал -50 -15
Мурманский филиал 20 -17
Новгородский филиал -49 0
Псковский филиал -48 13
филиал в Республике Коми -53 9
Россети Сибирь (ГК) Алтайэнерго 39 16
Бурятэнерго 10 -7
ГАЭС 9 2
Красноярскэнерго 117 -4
Кузбассэнерго-РЭС 37 147
Омскэнерго -2 -21
Хакасэнерго -10 -12
Читаэнерго -1 25
Россети Томск Томская распределительная компания -62 5
Россети Тюмень Россети Тюмень - 986 - 117
Россети Урал (ГК) Пермэнерго - 187 5
Свердловэнерго - 152 -4
Челябэнерго - 141 5
Россети ФСК ЕЭС Итого по ФСК ЕЭС - 311 252
Россети Центр Белгородэнерго -85 14
Брянскэнерго -50 -8
Воронежэнерго -98 -2
Костромаэнерго -42 3
Курскэнерго -32 8
Липецкэнерго -79 20
Орелэнерго -40 5
Смоленскэнерго -52 -7
Тамбовэнерго -25 -5
Тверьэнерго - 133 0
Ярэнерго -60 -7
Россети Центр и Приволжье (ГК) Владимирэнерго 0 1 448
Ивэнерго 0 779
Калугаэнерго 0 1 441
Кировэнерго 0 1 158
Мариэнерго 0 478
Нижновэнерго 0 3 348
Рязаньэнерго 0 1 093
Тулэнерго 0 1 695
Удмуртэнерго 0 1 616
Россети Юг (ГК) АО «ВМЭС» 0 4
Астраханьэнерго 1 -6
Волгоградэнерго - 140 -12
Калмэнерго -8 2
Ростовэнерго -47 16
Россети Янтарь Россети Янтарь -31 12'

07-03-2025T06:29:25 - [MESSAGE][PASSED] - Text of object 'Object Repository/Факторный анализ/График Всего отклонения по факторам Блок руководителя' is: 'ДЗО
Филиал
Отклонение (объём услуг)
Отклонение (средний тариф)
АО "РЭС" АО "РЭС" -76 3
АО «Тываэнерго» АО "Тываэнерго" 19 4
АО «Чеченэнерго» АО «Чеченэнерго» -35 -48
Россети Волга Мордовэнерго - 150 -6
Оренбургэнерго -62 -9
Пензаэнерго -35 -1
Самарские РС -78 142
Саратовские РС -77 -49
Ульяновские РС 14 6
Чувашэнерго -4 12
Россети Кубань Кубаньэнерго - 341 287
Россети Ленэнерго (ГК) Ленинградская область - 311 187
г. Санкт-Петербург - 291 12
Россети Московский регион Московская область - 780 53
г. Москва - 195 -5
Россети Северный Кавказ (ГК) Дагэнерго - 238 -48
Ингушэнерго -60 14
Каббалкэнерго 20 -4
Карачаево-Черкесскэнерго -10 - 109
Севкавказэнерго - 121 -10
Ставропольэнерго -68 28
Россети Северо-Запад Архангельский филиал -52 21
Вологодский филиал -40 10
Карельский филиал -50 -15
Мурманский филиал 20 -17
Новгородский филиал -49 0
Псковский филиал -48 13
филиал в Республике Коми -53 9
Россети Сибирь (ГК) Алтайэнерго 39 16
Бурятэнерго 10 -7
ГАЭС 9 2
Красноярскэнерго 117 -4
Кузбассэнерго-РЭС 37 147
Омскэнерго -2 -21
Хакасэнерго -10 -12
Читаэнерго -1 25
Россети Томск Томская распределительная компания -62 5
Россети Тюмень Россети Тюмень - 986 - 117
Россети Урал (ГК) Пермэнерго - 187 5
Свердловэнерго - 152 -4
Челябэнерго - 141 5
Россети ФСК ЕЭС Итого по ФСК ЕЭС - 311 252
Россети Центр Белгородэнерго -85 14
Брянскэнерго -50 -8
Воронежэнерго -98 -2
Костромаэнерго -42 3
Курскэнерго -32 8
Липецкэнерго -79 20
Орелэнерго -40 5
Смоленскэнерго -52 -7
Тамбовэнерго -25 -5
Тверьэнерго - 133 0
Ярэнерго -60 -7
Россети Центр и Приволжье (ГК) Владимирэнерго 0 1 448
Ивэнерго 0 779
Калугаэнерго 0 1 441
Кировэнерго 0 1 158
Мариэнерго 0 478
Нижновэнерго 0 3 348
Рязаньэнерго 0 1 093
Тулэнерго 0 1 695
Удмуртэнерго 0 1 616
Россети Юг (ГК) АО «ВМЭС» 0 4
Астраханьэнерго 1 -6
Волгоградэнерго - 140 -12
Калмэнерго -8 2
Ростовэнерго -47 16
Россети Янтарь Россети Янтарь -31 12'

07-03-2025T06:29:25 - [TEST_STEP][PASSED] - click(findTestObject("Факторный анализ/Переключить отображение с филиала на месяц")): Object: 'Object Repository/Факторный анализ/Переключить отображение с филиала на месяц' is clicked on

07-03-2025T06:29:26 - [MESSAGE][PASSED] - Object: 'Object Repository/Факторный анализ/Переключить отображение с филиала на месяц' is clicked on

07-03-2025T06:29:26 - [TEST_STEP][PASSED] - a4 = getText(findTestObject("Факторный анализ/График Всего отклонения по факторам Блок руководителя")): Text of object 'Object Repository/Факторный анализ/График Всего отклонения по факторам Блок руководителя' is: 'ДЗО
Филиал
Отклонение (объём услуг)
Отклонение (средний тариф)
АО "РЭС" АО "РЭС" -76 3
АО «Тываэнерго» АО "Тываэнерго" 19 4
АО «Чеченэнерго» АО «Чеченэнерго» -35 -48
Россети Волга Мордовэнерго - 150 -6
Оренбургэнерго -62 -9
Пензаэнерго -35 -1
Самарские РС -78 142
Саратовские РС -77 -49
Ульяновские РС 14 6
Чувашэнерго -4 12
Россети Кубань Кубаньэнерго - 341 287
Россети Ленэнерго (ГК) Ленинградская область - 311 187
г. Санкт-Петербург - 291 12
Россети Московский регион Московская область - 780 53
г. Москва - 195 -5
Россети Северный Кавказ (ГК) Дагэнерго - 238 -48
Ингушэнерго -60 14
Каббалкэнерго 20 -4
Карачаево-Черкесскэнерго -10 - 109
Севкавказэнерго - 121 -10
Ставропольэнерго -68 28
Россети Северо-Запад Архангельский филиал -52 21
Вологодский филиал -40 10
Карельский филиал -50 -15
Мурманский филиал 20 -17
Новгородский филиал -49 0
Псковский филиал -48 13
филиал в Республике Коми -53 9
Россети Сибирь (ГК) Алтайэнерго 39 16
Бурятэнерго 10 -7
ГАЭС 9 2
Красноярскэнерго 117 -4
Кузбассэнерго-РЭС 37 147
Омскэнерго -2 -21
Хакасэнерго -10 -12
Читаэнерго -1 25
Россети Томск Томская распределительная компания -62 5
Россети Тюмень Россети Тюмень - 986 - 117
Россети Урал (ГК) Пермэнерго - 187 5
Свердловэнерго - 152 -4
Челябэнерго - 141 5
Россети ФСК ЕЭС Итого по ФСК ЕЭС - 311 252
Россети Центр Белгородэнерго -85 14
Брянскэнерго -50 -8
Воронежэнерго -98 -2
Костромаэнерго -42 3
Курскэнерго -32 8
Липецкэнерго -79 20
Орелэнерго -40 5
Смоленскэнерго -52 -7
Тамбовэнерго -25 -5
Тверьэнерго - 133 0
Ярэнерго -60 -7
Россети Центр и Приволжье (ГК) Владимирэнерго 0 1 448
Ивэнерго 0 779
Калугаэнерго 0 1 441
Кировэнерго 0 1 158
Мариэнерго 0 478
Нижновэнерго 0 3 348
Рязаньэнерго 0 1 093
Тулэнерго 0 1 695
Удмуртэнерго 0 1 616
Россети Юг (ГК) АО «ВМЭС» 0 4
Астраханьэнерго 1 -6
Волгоградэнерго - 140 -12
Калмэнерго -8 2
Ростовэнерго -47 16
Россети Янтарь Россети Янтарь -31 12'

07-03-2025T06:29:26 - [MESSAGE][PASSED] - Text of object 'Object Repository/Факторный анализ/График Всего отклонения по факторам Блок руководителя' is: 'ДЗО
Филиал
Отклонение (объём услуг)
Отклонение (средний тариф)
АО "РЭС" АО "РЭС" -76 3
АО «Тываэнерго» АО "Тываэнерго" 19 4
АО «Чеченэнерго» АО «Чеченэнерго» -35 -48
Россети Волга Мордовэнерго - 150 -6
Оренбургэнерго -62 -9
Пензаэнерго -35 -1
Самарские РС -78 142
Саратовские РС -77 -49
Ульяновские РС 14 6
Чувашэнерго -4 12
Россети Кубань Кубаньэнерго - 341 287
Россети Ленэнерго (ГК) Ленинградская область - 311 187
г. Санкт-Петербург - 291 12
Россети Московский регион Московская область - 780 53
г. Москва - 195 -5
Россети Северный Кавказ (ГК) Дагэнерго - 238 -48
Ингушэнерго -60 14
Каббалкэнерго 20 -4
Карачаево-Черкесскэнерго -10 - 109
Севкавказэнерго - 121 -10
Ставропольэнерго -68 28
Россети Северо-Запад Архангельский филиал -52 21
Вологодский филиал -40 10
Карельский филиал -50 -15
Мурманский филиал 20 -17
Новгородский филиал -49 0
Псковский филиал -48 13
филиал в Республике Коми -53 9
Россети Сибирь (ГК) Алтайэнерго 39 16
Бурятэнерго 10 -7
ГАЭС 9 2
Красноярскэнерго 117 -4
Кузбассэнерго-РЭС 37 147
Омскэнерго -2 -21
Хакасэнерго -10 -12
Читаэнерго -1 25
Россети Томск Томская распределительная компания -62 5
Россети Тюмень Россети Тюмень - 986 - 117
Россети Урал (ГК) Пермэнерго - 187 5
Свердловэнерго - 152 -4
Челябэнерго - 141 5
Россети ФСК ЕЭС Итого по ФСК ЕЭС - 311 252
Россети Центр Белгородэнерго -85 14
Брянскэнерго -50 -8
Воронежэнерго -98 -2
Костромаэнерго -42 3
Курскэнерго -32 8
Липецкэнерго -79 20
Орелэнерго -40 5
Смоленскэнерго -52 -7
Тамбовэнерго -25 -5
Тверьэнерго - 133 0
Ярэнерго -60 -7
Россети Центр и Приволжье (ГК) Владимирэнерго 0 1 448
Ивэнерго 0 779
Калугаэнерго 0 1 441
Кировэнерго 0 1 158
Мариэнерго 0 478
Нижновэнерго 0 3 348
Рязаньэнерго 0 1 093
Тулэнерго 0 1 695
Удмуртэнерго 0 1 616
Россети Юг (ГК) АО «ВМЭС» 0 4
Астраханьэнерго 1 -6
Волгоградэнерго - 140 -12
Калмэнерго -8 2
Ростовэнерго -47 16
Россети Янтарь Россети Янтарь -31 12'

07-03-2025T06:29:26 - [TEST_STEP][PASSED] - n = n + 24: null

07-03-2025T06:29:26 - [TEST_STEP][PASSED] - Script1686231490255.WriteToExcel(user, dashboardName, n, data, run, a1, a2, a3, a4, a5, a6, a7, a8, a9): null

07-03-2025T06:29:26 - [TEST_STEP][PASSED] - sheetName = "Sheet1": null

07-03-2025T06:29:26 - [TEST_STEP][PASSED] - workbook01 = getWorkbook(excelFilePath): null

07-03-2025T06:29:26 - [TEST_STEP][PASSED] - sheet01 = getExcelSheet(workbook01, sheetName): null

07-03-2025T06:29:26 - [TEST_STEP][PASSED] - setValueToCellByIndex(sheet01, n, 0, dashboardName): null

07-03-2025T06:29:26 - [TEST_STEP][PASSED] - setValueToCellByIndex(sheet01, n, 10, user): null

07-03-2025T06:29:26 - [TEST_STEP][PASSED] - setValueToCellByIndex(sheet01, n, 1, a1): null

07-03-2025T06:29:26 - [TEST_STEP][PASSED] - setValueToCellByIndex(sheet01, n, 2, a2): null

07-03-2025T06:29:26 - [TEST_STEP][PASSED] - setValueToCellByIndex(sheet01, n, 3, a3): null

07-03-2025T06:29:26 - [TEST_STEP][PASSED] - setValueToCellByIndex(sheet01, n, 4, a4): null

07-03-2025T06:29:26 - [TEST_STEP][PASSED] - setValueToCellByIndex(sheet01, n, 5, a5): null

07-03-2025T06:29:26 - [TEST_STEP][PASSED] - setValueToCellByIndex(sheet01, n, 6, a6): null

07-03-2025T06:29:26 - [TEST_STEP][PASSED] - setValueToCellByIndex(sheet01, n, 7, a7): null

07-03-2025T06:29:26 - [TEST_STEP][PASSED] - setValueToCellByIndex(sheet01, n, 8, a8): null

07-03-2025T06:29:26 - [TEST_STEP][PASSED] - setValueToCellByIndex(sheet01, n, 9, a9): null

07-03-2025T06:29:26 - [TEST_STEP][PASSED] - n = n + 1: null

07-03-2025T06:29:26 - [TEST_STEP][PASSED] - saveWorkbook(excelFilePath, workbook01): null

07-03-2025T06:29:26 - [TEST_STEP][PASSED] - if (run == 2): null

07-03-2025T06:29:26 - [TEST_STEP][PASSED] - if (run == 3): null

07-03-2025T06:29:26 - [TEST_STEP][PASSED] - closeBrowser(): null

07-03-2025T06:29:27 - [MESSAGE][PASSED] - Browser is closed

07-03-2025T06:29:27 - [TEST_STEP][PASSED] - FaktorniyAnaliz(user, dashboardName, n, data, run, a1, a2, a3, a4, a5, a6, a7, a8, a9, urlData): null

07-03-2025T06:29:27 - [TEST_STEP][PASSED] - n = data.getRowNumbers() + 1: null

07-03-2025T06:29:27 - [TEST_STEP][PASSED] - println(n): null

07-03-2025T06:29:27 - [TEST_STEP][PASSED] - dashboardName = "Факторный анализ": null

07-03-2025T06:29:27 - [TEST_STEP][PASSED] - openBrowser(""): Browser is opened with url: ''

07-03-2025T06:29:27 - [MESSAGE][INFO] - Starting 'Chrome' driver

07-03-2025T06:29:27 - [MESSAGE][INFO] - Action delay is set to 0 milliseconds

07-03-2025T06:29:28 - [MESSAGE][PASSED] - Browser is opened with url: ''

07-03-2025T06:29:28 - [TEST_STEP][PASSED] - urlData = 3: null

07-03-2025T06:29:28 - [TEST_STEP][PASSED] - Script1686231490255.CheckPageDownload(urlData, run): null

07-03-2025T06:29:28 - [TEST_STEP][PASSED] - i = 1: null

07-03-2025T06:29:28 - [TEST_STEP][PASSED] - ii = 0: null

07-03-2025T06:29:28 - [TEST_STEP][PASSED] - urlText = <not implemented yet for class: org.codehaus.groovy.ast.expr.EmptyExpression>: null

07-03-2025T06:29:28 - [TEST_STEP][PASSED] - searchWord = <not implemented yet for class: org.codehaus.groovy.ast.expr.EmptyExpression>: null

07-03-2025T06:29:28 - [TEST_STEP][PASSED] - deleteAllCookies(): Delete all cookies successfully

07-03-2025T06:29:28 - [MESSAGE][PASSED] - Delete all cookies successfully

07-03-2025T06:29:28 - [TEST_STEP][PASSED] - refresh(): Refresh successfully

07-03-2025T06:29:28 - [MESSAGE][PASSED] - Refresh successfully

07-03-2025T06:29:28 - [TEST_STEP][PASSED] - delay(70): Delayed 70 second(s)

07-03-2025T06:30:38 - [MESSAGE][PASSED] - Delayed 70 second(s)

07-03-2025T06:30:38 - [TEST_STEP][PASSED] - navigateToUrl(findTestData("PlanFact").getValue(10, urlData)): Navigate to 'https://bi.rosseti.digital/viewer?dashboardGuid=2301950b23be4ed89c1df75f2020051e&sheetGuid=ccd7d7486b3d4e6fa0ee9b1eaebed46c&fit=true' successfully

07-03-2025T06:30:41 - [MESSAGE][PASSED] - Navigate to 'https://bi.rosseti.digital/viewer?dashboardGuid=2301950b23be4ed89c1df75f2020051e&sheetGuid=ccd7d7486b3d4e6fa0ee9b1eaebed46c&fit=true' successfully

07-03-2025T06:30:41 - [TEST_STEP][PASSED] - pageLoaded1 = verifyElementPresent(findTestObject("Страница авторизации/Text"), 30): Object 'Object Repository/Страница авторизации/Text' is present

07-03-2025T06:30:43 - [MESSAGE][PASSED] - Object 'Object Repository/Страница авторизации/Text' is present

07-03-2025T06:30:43 - [TEST_STEP][PASSED] - if (pageLoaded1 == false): null

07-03-2025T06:30:43 - [TEST_STEP][PASSED] - urlText = getText(findTestObject("Страница авторизации/Text")): Text of object 'Object Repository/Страница авторизации/Text' is: 'Вход'

07-03-2025T06:30:43 - [MESSAGE][PASSED] - Text of object 'Object Repository/Страница авторизации/Text' is: 'Вход'

07-03-2025T06:30:43 - [TEST_STEP][PASSED] - delay(70): Delayed 70 second(s)

07-03-2025T06:31:53 - [MESSAGE][PASSED] - Delayed 70 second(s)

07-03-2025T06:31:53 - [TEST_STEP][PASSED] - searchWord = "Вход": null

07-03-2025T06:31:53 - [TEST_STEP][PASSED] - if (urlText.contains(searchWord) == false): null

07-03-2025T06:31:53 - [TEST_STEP][PASSED] - setText(findTestObject("Страница авторизации/input__username"), findTestData("PlanFact").getValue(8, run)): Text 'Andreeva-EV' is set on object 'Object Repository/Страница авторизации/input__username'

07-03-2025T06:31:54 - [MESSAGE][PASSED] - Text 'Andreeva-EV' is set on object 'Object Repository/Страница авторизации/input__username'

07-03-2025T06:31:54 - [TEST_STEP][PASSED] - setText(findTestObject("Страница авторизации/input__password"), findTestData("PlanFact").getValue(9, run)): Text '2nPePKDwCPH3ul7xMZ' is set on object 'Object Repository/Страница авторизации/input__password'

07-03-2025T06:31:55 - [MESSAGE][PASSED] - Text '2nPePKDwCPH3ul7xMZ' is set on object 'Object Repository/Страница авторизации/input__password'

07-03-2025T06:31:55 - [TEST_STEP][PASSED] - click(findTestObject("Страница авторизации/button_")): Object: 'Object Repository/Страница авторизации/button_' is clicked on

07-03-2025T06:31:55 - [MESSAGE][PASSED] - Object: 'Object Repository/Страница авторизации/button_' is clicked on

07-03-2025T06:31:55 - [TEST_STEP][PASSED] - delay(70): Delayed 70 second(s)

07-03-2025T06:33:05 - [MESSAGE][PASSED] - Delayed 70 second(s)

07-03-2025T06:33:05 - [TEST_STEP][PASSED] - searchWord = "а": null

07-03-2025T06:33:05 - [TEST_STEP][PASSED] - pageLoaded2 = verifyElementPresent(findTestObject("Страница авторизации/Text"), 50): Object 'Object Repository/Страница авторизации/Text' is present

07-03-2025T06:33:06 - [MESSAGE][PASSED] - Object 'Object Repository/Страница авторизации/Text' is present

07-03-2025T06:33:06 - [TEST_STEP][PASSED] - if (pageLoaded2 == false): null

07-03-2025T06:33:06 - [TEST_STEP][PASSED] - urlText = getText(findTestObject("Страница авторизации/Text")): Text of object 'Object Repository/Страница авторизации/Text' is: 'Период
Январь 2025 года
ДЗО 
ПАО Россети
Подписи данных
Итого отклонения по группе компаний: 36 556 млн.руб.
Филиал
Месяц
Факторный анализ
Всего отклонения по факторам по ПАО Россети за Январь 2025 года
ДЗО
Филиал
Отклонение (объём услуг)
Отклонение (средний тариф)
АО "РЭС" АО "РЭС" -76 3
АО «Тываэнерго» АО "Тываэнерго" 19 4
АО «Чеченэнерго» АО «Чеченэнерго» -35 -48
Россети Волга Мордовэнерго - 150 -6
Оренбургэнерго -62 -9
Пензаэнерго -35 -1
Самарские РС -78 142
Саратовские РС -77 -49
Ульяновские РС 14 6
Чувашэнерго -4 12
Россети Кубань Кубаньэнерго - 341 287
Россети Ленэнерго (ГК) Ленинградская область - 311 187
г. Санкт-Петербург - 291 12
Россети Московский регион Московская область - 780 53
г. Москва - 195 -5
Россети Северный Кавказ (ГК) Дагэнерго - 238 -48
Ингушэнерго -60 14
Каббалкэнерго 20 -4
Карачаево-Черкесскэнерго -10 - 109
Севкавказэнерго - 121 -10
Ставропольэнерго -68 28
Россети Северо-Запад Архангельский филиал -52 21
Вологодский филиал -40 10
Карельский филиал -50 -15
Мурманский филиал 20 -17
Новгородский филиал -49 0
Псковский филиал -48 13
филиал в Республике Коми -53 9
Россети Сибирь (ГК) Алтайэнерго 39 16
Бурятэнерго 10 -7
ГАЭС 9 2
Красноярскэнерго 117 -4
Кузбассэнерго-РЭС 37 147
Омскэнерго -2 -21
Хакасэнерго -10 -12
Читаэнерго -1 25
Россети Томск Томская распределительная компания -62 5
Россети Тюмень Россети Тюмень - 986 - 117
Россети Урал (ГК) Пермэнерго - 187 5
Свердловэнерго - 152 -4
Челябэнерго - 141 5
Россети ФСК ЕЭС Итого по ФСК ЕЭС - 311 252
Россети Центр Белгородэнерго -85 14
Брянскэнерго -50 -8
Воронежэнерго -98 -2
Костромаэнерго -42 3
Курскэнерго -32 8
Липецкэнерго -79 20
Орелэнерго -40 5
Смоленскэнерго -52 -7
Тамбовэнерго -25 -5
Тверьэнерго - 133 0
Ярэнерго -60 -7
Россети Центр и Приволжье (ГК) Владимирэнерго 0 1 448
Ивэнерго 0 779
Калугаэнерго 0 1 441
Кировэнерго 0 1 158
Мариэнерго 0 478
Нижновэнерго 0 3 348
Рязаньэнерго 0 1 093
Тулэнерго 0 1 695
Удмуртэнерго 0 1 616
Россети Юг (ГК) АО «ВМЭС» 0 4
Астраханьэнерго 1 -6
Волгоградэнерго - 140 -12
Калмэнерго -8 2
Ростовэнерго -47 16
Россети Янтарь Россети Янтарь -31 12
Отклонения выручки по факторам по выбранным ДЗО, руб
-121 309-121 309
701701
Отклонение (объём услуг)
Отклонение (средний тариф)
ПАО Россети'

07-03-2025T06:33:06 - [MESSAGE][PASSED] - Text of object 'Object Repository/Страница авторизации/Text' is: 'Период
Январь 2025 года
ДЗО 
ПАО Россети
Подписи данных
Итого отклонения по группе компаний: 36 556 млн.руб.
Филиал
Месяц
Факторный анализ
Всего отклонения по факторам по ПАО Россети за Январь 2025 года
ДЗО
Филиал
Отклонение (объём услуг)
Отклонение (средний тариф)
АО "РЭС" АО "РЭС" -76 3
АО «Тываэнерго» АО "Тываэнерго" 19 4
АО «Чеченэнерго» АО «Чеченэнерго» -35 -48
Россети Волга Мордовэнерго - 150 -6
Оренбургэнерго -62 -9
Пензаэнерго -35 -1
Самарские РС -78 142
Саратовские РС -77 -49
Ульяновские РС 14 6
Чувашэнерго -4 12
Россети Кубань Кубаньэнерго - 341 287
Россети Ленэнерго (ГК) Ленинградская область - 311 187
г. Санкт-Петербург - 291 12
Россети Московский регион Московская область - 780 53
г. Москва - 195 -5
Россети Северный Кавказ (ГК) Дагэнерго - 238 -48
Ингушэнерго -60 14
Каббалкэнерго 20 -4
Карачаево-Черкесскэнерго -10 - 109
Севкавказэнерго - 121 -10
Ставропольэнерго -68 28
Россети Северо-Запад Архангельский филиал -52 21
Вологодский филиал -40 10
Карельский филиал -50 -15
Мурманский филиал 20 -17
Новгородский филиал -49 0
Псковский филиал -48 13
филиал в Республике Коми -53 9
Россети Сибирь (ГК) Алтайэнерго 39 16
Бурятэнерго 10 -7
ГАЭС 9 2
Красноярскэнерго 117 -4
Кузбассэнерго-РЭС 37 147
Омскэнерго -2 -21
Хакасэнерго -10 -12
Читаэнерго -1 25
Россети Томск Томская распределительная компания -62 5
Россети Тюмень Россети Тюмень - 986 - 117
Россети Урал (ГК) Пермэнерго - 187 5
Свердловэнерго - 152 -4
Челябэнерго - 141 5
Россети ФСК ЕЭС Итого по ФСК ЕЭС - 311 252
Россети Центр Белгородэнерго -85 14
Брянскэнерго -50 -8
Воронежэнерго -98 -2
Костромаэнерго -42 3
Курскэнерго -32 8
Липецкэнерго -79 20
Орелэнерго -40 5
Смоленскэнерго -52 -7
Тамбовэнерго -25 -5
Тверьэнерго - 133 0
Ярэнерго -60 -7
Россети Центр и Приволжье (ГК) Владимирэнерго 0 1 448
Ивэнерго 0 779
Калугаэнерго 0 1 441
Кировэнерго 0 1 158
Мариэнерго 0 478
Нижновэнерго 0 3 348
Рязаньэнерго 0 1 093
Тулэнерго 0 1 695
Удмуртэнерго 0 1 616
Россети Юг (ГК) АО «ВМЭС» 0 4
Астраханьэнерго 1 -6
Волгоградэнерго - 140 -12
Калмэнерго -8 2
Ростовэнерго -47 16
Россети Янтарь Россети Янтарь -31 12
Отклонения выручки по факторам по выбранным ДЗО, руб
-121 309-121 309
701701
Отклонение (объём услуг)
Отклонение (средний тариф)
ПАО Россети'

07-03-2025T06:33:06 - [TEST_STEP][PASSED] - if (urlText.contains("ошибка") || urlText.contains(searchWord) == false): null

07-03-2025T06:33:06 - [TEST_STEP][PASSED] - click(findTestObject("Факторный анализ/Фильтр Период")): Object: 'Object Repository/Факторный анализ/Фильтр Период' is clicked on

07-03-2025T06:33:07 - [MESSAGE][PASSED] - Object: 'Object Repository/Факторный анализ/Фильтр Период' is clicked on

07-03-2025T06:33:07 - [TEST_STEP][PASSED] - click(findTestObject("Факторный анализ/Снять выделение в фильтре Дата")): Object: 'Object Repository/Факторный анализ/Снять выделение в фильтре Дата' is clicked on

07-03-2025T06:33:07 - [MESSAGE][PASSED] - Object: 'Object Repository/Факторный анализ/Снять выделение в фильтре Дата' is clicked on

07-03-2025T06:33:07 - [TEST_STEP][PASSED] - click(findTestObject("Факторный анализ/Применить в фильтре Дата")): Object: 'Object Repository/Факторный анализ/Применить в фильтре Дата' is clicked on

07-03-2025T06:33:08 - [MESSAGE][PASSED] - Object: 'Object Repository/Факторный анализ/Применить в фильтре Дата' is clicked on

07-03-2025T06:33:08 - [TEST_STEP][PASSED] - click(findTestObject("Факторный анализ/Фильтр Период")): Object: 'Object Repository/Факторный анализ/Фильтр Период' is clicked on

07-03-2025T06:33:10 - [MESSAGE][PASSED] - Object: 'Object Repository/Факторный анализ/Фильтр Период' is clicked on

07-03-2025T06:33:10 - [TEST_STEP][PASSED] - click(findTestObject("Факторный анализ/Снять выделение в фильтре Дата")): Object: 'Object Repository/Факторный анализ/Снять выделение в фильтре Дата' is clicked on

07-03-2025T06:33:10 - [MESSAGE][PASSED] - Object: 'Object Repository/Факторный анализ/Снять выделение в фильтре Дата' is clicked on

07-03-2025T06:33:10 - [TEST_STEP][PASSED] - scrollToElement(findTestObject("Факторный анализ/2025 список"), 30): Scroll to object 'Object Repository/Факторный анализ/2025 список' successfully

07-03-2025T06:33:11 - [MESSAGE][PASSED] - Scroll to object 'Object Repository/Факторный анализ/2025 список' successfully

07-03-2025T06:33:11 - [TEST_STEP][PASSED] - click(findTestObject("Факторный анализ/2025 список")): Object: 'Object Repository/Факторный анализ/2025 список' is clicked on

07-03-2025T06:33:11 - [MESSAGE][PASSED] - Object: 'Object Repository/Факторный анализ/2025 список' is clicked on

07-03-2025T06:33:11 - [TEST_STEP][PASSED] - scrollToElement(findTestObject("Факторный анализ/1 квартал 2025 список"), 30): Scroll to object 'Object Repository/Факторный анализ/1 квартал 2025 список' successfully

07-03-2025T06:33:12 - [MESSAGE][PASSED] - Scroll to object 'Object Repository/Факторный анализ/1 квартал 2025 список' successfully

07-03-2025T06:33:12 - [TEST_STEP][PASSED] - click(findTestObject("Факторный анализ/1 квартал 2025 список"), CONTINUE_ON_FAILURE): Object: 'Object Repository/Факторный анализ/1 квартал 2025 список' is clicked on

07-03-2025T06:33:12 - [MESSAGE][PASSED] - Object: 'Object Repository/Факторный анализ/1 квартал 2025 список' is clicked on

07-03-2025T06:33:12 - [TEST_STEP][PASSED] - scrollToElement(findTestObject("Факторный анализ/Январь 2025"), 30): Scroll to object 'Object Repository/Факторный анализ/Январь 2025' successfully

07-03-2025T06:33:12 - [MESSAGE][PASSED] - Scroll to object 'Object Repository/Факторный анализ/Январь 2025' successfully

07-03-2025T06:33:12 - [TEST_STEP][PASSED] - click(findTestObject("Факторный анализ/Январь 2025"), CONTINUE_ON_FAILURE): Object: 'Object Repository/Факторный анализ/Январь 2025' is clicked on

07-03-2025T06:33:12 - [MESSAGE][PASSED] - Object: 'Object Repository/Факторный анализ/Январь 2025' is clicked on

07-03-2025T06:33:12 - [TEST_STEP][PASSED] - scrollToElement(findTestObject("Факторный анализ/Заголовок дашборда"), 30): Scroll to object 'Object Repository/Факторный анализ/Заголовок дашборда' successfully

07-03-2025T06:33:13 - [MESSAGE][PASSED] - Scroll to object 'Object Repository/Факторный анализ/Заголовок дашборда' successfully

07-03-2025T06:33:13 - [TEST_STEP][PASSED] - click(findTestObject("Факторный анализ/Применить в фильтре Дата")): Object: 'Object Repository/Факторный анализ/Применить в фильтре Дата' is clicked on

07-03-2025T06:33:14 - [MESSAGE][PASSED] - Object: 'Object Repository/Факторный анализ/Применить в фильтре Дата' is clicked on

07-03-2025T06:33:14 - [TEST_STEP][PASSED] - a5 = "": null

07-03-2025T06:33:14 - [TEST_STEP][PASSED] - a6 = "": null

07-03-2025T06:33:14 - [TEST_STEP][PASSED] - a7 = "": null

07-03-2025T06:33:14 - [TEST_STEP][PASSED] - a8 = "": null

07-03-2025T06:33:14 - [TEST_STEP][PASSED] - a9 = "": null

07-03-2025T06:33:14 - [TEST_STEP][PASSED] - if (run == 1): null

07-03-2025T06:33:14 - [TEST_STEP][PASSED] - if (run == 2): null

07-03-2025T06:33:14 - [TEST_STEP][PASSED] - user = "Андреева": null

07-03-2025T06:33:14 - [TEST_STEP][PASSED] - a1 = getText(findTestObject("Факторный анализ/span1 Блок руководителя")): Text of object 'Object Repository/Факторный анализ/span1 Блок руководителя' is: ''

07-03-2025T06:33:15 - [MESSAGE][PASSED] - Text of object 'Object Repository/Факторный анализ/span1 Блок руководителя' is: ''

07-03-2025T06:33:15 - [TEST_STEP][PASSED] - a2 = getText(findTestObject("Факторный анализ/span2 Блок руководителя")): Text of object 'Object Repository/Факторный анализ/span2 Блок руководителя' is: ''

07-03-2025T06:33:15 - [MESSAGE][PASSED] - Text of object 'Object Repository/Факторный анализ/span2 Блок руководителя' is: ''

07-03-2025T06:33:15 - [TEST_STEP][PASSED] - a3 = getText(findTestObject("Факторный анализ/График Всего отклонения по факторам Блок руководителя")): Text of object 'Object Repository/Факторный анализ/График Всего отклонения по факторам Блок руководителя' is: 'ДЗО
Филиал
Отклонение (объём услуг)
Отклонение (средний тариф)
АО "РЭС" АО "РЭС" -76 3
АО «Тываэнерго» АО "Тываэнерго" 19 4
АО «Чеченэнерго» АО «Чеченэнерго» -35 -48
Россети Волга Мордовэнерго - 150 -6
Оренбургэнерго -62 -9
Пензаэнерго -35 -1
Самарские РС -78 142
Саратовские РС -77 -49
Ульяновские РС 14 6
Чувашэнерго -4 12
Россети Кубань Кубаньэнерго - 341 287
Россети Ленэнерго (ГК) Ленинградская область - 311 187
г. Санкт-Петербург - 291 12
Россети Московский регион Московская область - 780 53
г. Москва - 195 -5
Россети Северный Кавказ (ГК) Дагэнерго - 238 -48
Ингушэнерго -60 14
Каббалкэнерго 20 -4
Карачаево-Черкесскэнерго -10 - 109
Севкавказэнерго - 121 -10
Ставропольэнерго -68 28
Россети Северо-Запад Архангельский филиал -52 21
Вологодский филиал -40 10
Карельский филиал -50 -15
Мурманский филиал 20 -17
Новгородский филиал -49 0
Псковский филиал -48 13
филиал в Республике Коми -53 9
Россети Сибирь (ГК) Алтайэнерго 39 16
Бурятэнерго 10 -7
ГАЭС 9 2
Красноярскэнерго 117 -4
Кузбассэнерго-РЭС 37 147
Омскэнерго -2 -21
Хакасэнерго -10 -12
Читаэнерго -1 25
Россети Томск Томская распределительная компания -62 5
Россети Тюмень Россети Тюмень - 986 - 117
Россети Урал (ГК) Пермэнерго - 187 5
Свердловэнерго - 152 -4
Челябэнерго - 141 5
Россети ФСК ЕЭС Итого по ФСК ЕЭС - 311 252
Россети Центр Белгородэнерго -85 14
Брянскэнерго -50 -8
Воронежэнерго -98 -2
Костромаэнерго -42 3
Курскэнерго -32 8
Липецкэнерго -79 20
Орелэнерго -40 5
Смоленскэнерго -52 -7
Тамбовэнерго -25 -5
Тверьэнерго - 133 0
Ярэнерго -60 -7
Россети Центр и Приволжье (ГК) Владимирэнерго 0 1 448
Ивэнерго 0 779
Калугаэнерго 0 1 441
Кировэнерго 0 1 158
Мариэнерго 0 478
Нижновэнерго 0 3 348
Рязаньэнерго 0 1 093
Тулэнерго 0 1 695
Удмуртэнерго 0 1 616
Россети Юг (ГК) АО «ВМЭС» 0 4
Астраханьэнерго 1 -6
Волгоградэнерго - 140 -12
Калмэнерго -8 2
Ростовэнерго -47 16
Россети Янтарь Россети Янтарь -31 12'

07-03-2025T06:33:15 - [MESSAGE][PASSED] - Text of object 'Object Repository/Факторный анализ/График Всего отклонения по факторам Блок руководителя' is: 'ДЗО
Филиал
Отклонение (объём услуг)
Отклонение (средний тариф)
АО "РЭС" АО "РЭС" -76 3
АО «Тываэнерго» АО "Тываэнерго" 19 4
АО «Чеченэнерго» АО «Чеченэнерго» -35 -48
Россети Волга Мордовэнерго - 150 -6
Оренбургэнерго -62 -9
Пензаэнерго -35 -1
Самарские РС -78 142
Саратовские РС -77 -49
Ульяновские РС 14 6
Чувашэнерго -4 12
Россети Кубань Кубаньэнерго - 341 287
Россети Ленэнерго (ГК) Ленинградская область - 311 187
г. Санкт-Петербург - 291 12
Россети Московский регион Московская область - 780 53
г. Москва - 195 -5
Россети Северный Кавказ (ГК) Дагэнерго - 238 -48
Ингушэнерго -60 14
Каббалкэнерго 20 -4
Карачаево-Черкесскэнерго -10 - 109
Севкавказэнерго - 121 -10
Ставропольэнерго -68 28
Россети Северо-Запад Архангельский филиал -52 21
Вологодский филиал -40 10
Карельский филиал -50 -15
Мурманский филиал 20 -17
Новгородский филиал -49 0
Псковский филиал -48 13
филиал в Республике Коми -53 9
Россети Сибирь (ГК) Алтайэнерго 39 16
Бурятэнерго 10 -7
ГАЭС 9 2
Красноярскэнерго 117 -4
Кузбассэнерго-РЭС 37 147
Омскэнерго -2 -21
Хакасэнерго -10 -12
Читаэнерго -1 25
Россети Томск Томская распределительная компания -62 5
Россети Тюмень Россети Тюмень - 986 - 117
Россети Урал (ГК) Пермэнерго - 187 5
Свердловэнерго - 152 -4
Челябэнерго - 141 5
Россети ФСК ЕЭС Итого по ФСК ЕЭС - 311 252
Россети Центр Белгородэнерго -85 14
Брянскэнерго -50 -8
Воронежэнерго -98 -2
Костромаэнерго -42 3
Курскэнерго -32 8
Липецкэнерго -79 20
Орелэнерго -40 5
Смоленскэнерго -52 -7
Тамбовэнерго -25 -5
Тверьэнерго - 133 0
Ярэнерго -60 -7
Россети Центр и Приволжье (ГК) Владимирэнерго 0 1 448
Ивэнерго 0 779
Калугаэнерго 0 1 441
Кировэнерго 0 1 158
Мариэнерго 0 478
Нижновэнерго 0 3 348
Рязаньэнерго 0 1 093
Тулэнерго 0 1 695
Удмуртэнерго 0 1 616
Россети Юг (ГК) АО «ВМЭС» 0 4
Астраханьэнерго 1 -6
Волгоградэнерго - 140 -12
Калмэнерго -8 2
Ростовэнерго -47 16
Россети Янтарь Россети Янтарь -31 12'

07-03-2025T06:33:15 - [TEST_STEP][PASSED] - click(findTestObject("Факторный анализ/Переключить отображение с филиала на месяц")): Object: 'Object Repository/Факторный анализ/Переключить отображение с филиала на месяц' is clicked on

07-03-2025T06:33:16 - [MESSAGE][PASSED] - Object: 'Object Repository/Факторный анализ/Переключить отображение с филиала на месяц' is clicked on

07-03-2025T06:33:16 - [TEST_STEP][PASSED] - a4 = getText(findTestObject("Факторный анализ/График Всего отклонения по факторам Блок руководителя")): Text of object 'Object Repository/Факторный анализ/График Всего отклонения по факторам Блок руководителя' is: 'ДЗО
Филиал
Отклонение (объём услуг)
Отклонение (средний тариф)
АО "РЭС" АО "РЭС" -76 3
АО «Тываэнерго» АО "Тываэнерго" 19 4
АО «Чеченэнерго» АО «Чеченэнерго» -35 -48
Россети Волга Мордовэнерго - 150 -6
Оренбургэнерго -62 -9
Пензаэнерго -35 -1
Самарские РС -78 142
Саратовские РС -77 -49
Ульяновские РС 14 6
Чувашэнерго -4 12
Россети Кубань Кубаньэнерго - 341 287
Россети Ленэнерго (ГК) Ленинградская область - 311 187
г. Санкт-Петербург - 291 12
Россети Московский регион Московская область - 780 53
г. Москва - 195 -5
Россети Северный Кавказ (ГК) Дагэнерго - 238 -48
Ингушэнерго -60 14
Каббалкэнерго 20 -4
Карачаево-Черкесскэнерго -10 - 109
Севкавказэнерго - 121 -10
Ставропольэнерго -68 28
Россети Северо-Запад Архангельский филиал -52 21
Вологодский филиал -40 10
Карельский филиал -50 -15
Мурманский филиал 20 -17
Новгородский филиал -49 0
Псковский филиал -48 13
филиал в Республике Коми -53 9
Россети Сибирь (ГК) Алтайэнерго 39 16
Бурятэнерго 10 -7
ГАЭС 9 2
Красноярскэнерго 117 -4
Кузбассэнерго-РЭС 37 147
Омскэнерго -2 -21
Хакасэнерго -10 -12
Читаэнерго -1 25
Россети Томск Томская распределительная компания -62 5
Россети Тюмень Россети Тюмень - 986 - 117
Россети Урал (ГК) Пермэнерго - 187 5
Свердловэнерго - 152 -4
Челябэнерго - 141 5
Россети ФСК ЕЭС Итого по ФСК ЕЭС - 311 252
Россети Центр Белгородэнерго -85 14
Брянскэнерго -50 -8
Воронежэнерго -98 -2
Костромаэнерго -42 3
Курскэнерго -32 8
Липецкэнерго -79 20
Орелэнерго -40 5
Смоленскэнерго -52 -7
Тамбовэнерго -25 -5
Тверьэнерго - 133 0
Ярэнерго -60 -7
Россети Центр и Приволжье (ГК) Владимирэнерго 0 1 448
Ивэнерго 0 779
Калугаэнерго 0 1 441
Кировэнерго 0 1 158
Мариэнерго 0 478
Нижновэнерго 0 3 348
Рязаньэнерго 0 1 093
Тулэнерго 0 1 695
Удмуртэнерго 0 1 616
Россети Юг (ГК) АО «ВМЭС» 0 4
Астраханьэнерго 1 -6
Волгоградэнерго - 140 -12
Калмэнерго -8 2
Ростовэнерго -47 16
Россети Янтарь Россети Янтарь -31 12'

07-03-2025T06:33:16 - [MESSAGE][PASSED] - Text of object 'Object Repository/Факторный анализ/График Всего отклонения по факторам Блок руководителя' is: 'ДЗО
Филиал
Отклонение (объём услуг)
Отклонение (средний тариф)
АО "РЭС" АО "РЭС" -76 3
АО «Тываэнерго» АО "Тываэнерго" 19 4
АО «Чеченэнерго» АО «Чеченэнерго» -35 -48
Россети Волга Мордовэнерго - 150 -6
Оренбургэнерго -62 -9
Пензаэнерго -35 -1
Самарские РС -78 142
Саратовские РС -77 -49
Ульяновские РС 14 6
Чувашэнерго -4 12
Россети Кубань Кубаньэнерго - 341 287
Россети Ленэнерго (ГК) Ленинградская область - 311 187
г. Санкт-Петербург - 291 12
Россети Московский регион Московская область - 780 53
г. Москва - 195 -5
Россети Северный Кавказ (ГК) Дагэнерго - 238 -48
Ингушэнерго -60 14
Каббалкэнерго 20 -4
Карачаево-Черкесскэнерго -10 - 109
Севкавказэнерго - 121 -10
Ставропольэнерго -68 28
Россети Северо-Запад Архангельский филиал -52 21
Вологодский филиал -40 10
Карельский филиал -50 -15
Мурманский филиал 20 -17
Новгородский филиал -49 0
Псковский филиал -48 13
филиал в Республике Коми -53 9
Россети Сибирь (ГК) Алтайэнерго 39 16
Бурятэнерго 10 -7
ГАЭС 9 2
Красноярскэнерго 117 -4
Кузбассэнерго-РЭС 37 147
Омскэнерго -2 -21
Хакасэнерго -10 -12
Читаэнерго -1 25
Россети Томск Томская распределительная компания -62 5
Россети Тюмень Россети Тюмень - 986 - 117
Россети Урал (ГК) Пермэнерго - 187 5
Свердловэнерго - 152 -4
Челябэнерго - 141 5
Россети ФСК ЕЭС Итого по ФСК ЕЭС - 311 252
Россети Центр Белгородэнерго -85 14
Брянскэнерго -50 -8
Воронежэнерго -98 -2
Костромаэнерго -42 3
Курскэнерго -32 8
Липецкэнерго -79 20
Орелэнерго -40 5
Смоленскэнерго -52 -7
Тамбовэнерго -25 -5
Тверьэнерго - 133 0
Ярэнерго -60 -7
Россети Центр и Приволжье (ГК) Владимирэнерго 0 1 448
Ивэнерго 0 779
Калугаэнерго 0 1 441
Кировэнерго 0 1 158
Мариэнерго 0 478
Нижновэнерго 0 3 348
Рязаньэнерго 0 1 093
Тулэнерго 0 1 695
Удмуртэнерго 0 1 616
Россети Юг (ГК) АО «ВМЭС» 0 4
Астраханьэнерго 1 -6
Волгоградэнерго - 140 -12
Калмэнерго -8 2
Ростовэнерго -47 16
Россети Янтарь Россети Янтарь -31 12'

07-03-2025T06:33:16 - [TEST_STEP][PASSED] - n = n + 25: null

07-03-2025T06:33:16 - [TEST_STEP][PASSED] - b = n - run + 1: null

07-03-2025T06:33:16 - [TEST_STEP][PASSED] - verifyEqual(findTestData("PlanFact").getValue(2, b), a1): Actual object '' and expected object '' are equal

07-03-2025T06:33:16 - [MESSAGE][PASSED] - Actual object '' and expected object '' are equal

07-03-2025T06:33:16 - [TEST_STEP][PASSED] - verifyEqual(findTestData("PlanFact").getValue(3, b), a2): Actual object '' and expected object '' are equal

07-03-2025T06:33:16 - [MESSAGE][PASSED] - Actual object '' and expected object '' are equal

07-03-2025T06:33:16 - [TEST_STEP][PASSED] - verifyEqual(findTestData("PlanFact").getValue(4, b), a3): Actual object 'ДЗО
Филиал
Отклонение (объём услуг)
Отклонение (средний тариф)
АО "РЭС" АО "РЭС" -76 3
АО «Тываэнерго» АО "Тываэнерго" 19 4
АО «Чеченэнерго» АО «Чеченэнерго» -35 -48
Россети Волга Мордовэнерго - 150 -6
Оренбургэнерго -62 -9
Пензаэнерго -35 -1
Самарские РС -78 142
Саратовские РС -77 -49
Ульяновские РС 14 6
Чувашэнерго -4 12
Россети Кубань Кубаньэнерго - 341 287
Россети Ленэнерго (ГК) Ленинградская область - 311 187
г. Санкт-Петербург - 291 12
Россети Московский регион Московская область - 780 53
г. Москва - 195 -5
Россети Северный Кавказ (ГК) Дагэнерго - 238 -48
Ингушэнерго -60 14
Каббалкэнерго 20 -4
Карачаево-Черкесскэнерго -10 - 109
Севкавказэнерго - 121 -10
Ставропольэнерго -68 28
Россети Северо-Запад Архангельский филиал -52 21
Вологодский филиал -40 10
Карельский филиал -50 -15
Мурманский филиал 20 -17
Новгородский филиал -49 0
Псковский филиал -48 13
филиал в Республике Коми -53 9
Россети Сибирь (ГК) Алтайэнерго 39 16
Бурятэнерго 10 -7
ГАЭС 9 2
Красноярскэнерго 117 -4
Кузбассэнерго-РЭС 37 147
Омскэнерго -2 -21
Хакасэнерго -10 -12
Читаэнерго -1 25
Россети Томск Томская распределительная компания -62 5
Россети Тюмень Россети Тюмень - 986 - 117
Россети Урал (ГК) Пермэнерго - 187 5
Свердловэнерго - 152 -4
Челябэнерго - 141 5
Россети ФСК ЕЭС Итого по ФСК ЕЭС - 311 252
Россети Центр Белгородэнерго -85 14
Брянскэнерго -50 -8
Воронежэнерго -98 -2
Костромаэнерго -42 3
Курскэнерго -32 8
Липецкэнерго -79 20
Орелэнерго -40 5
Смоленскэнерго -52 -7
Тамбовэнерго -25 -5
Тверьэнерго - 133 0
Ярэнерго -60 -7
Россети Центр и Приволжье (ГК) Владимирэнерго 0 1 448
Ивэнерго 0 779
Калугаэнерго 0 1 441
Кировэнерго 0 1 158
Мариэнерго 0 478
Нижновэнерго 0 3 348
Рязаньэнерго 0 1 093
Тулэнерго 0 1 695
Удмуртэнерго 0 1 616
Россети Юг (ГК) АО «ВМЭС» 0 4
Астраханьэнерго 1 -6
Волгоградэнерго - 140 -12
Калмэнерго -8 2
Ростовэнерго -47 16
Россети Янтарь Россети Янтарь -31 12' and expected object 'ДЗО
Филиал
Отклонение (объём услуг)
Отклонение (средний тариф)
АО "РЭС" АО "РЭС" -76 3
АО «Тываэнерго» АО "Тываэнерго" 19 4
АО «Чеченэнерго» АО «Чеченэнерго» -35 -48
Россети Волга Мордовэнерго - 150 -6
Оренбургэнерго -62 -9
Пензаэнерго -35 -1
Самарские РС -78 142
Саратовские РС -77 -49
Ульяновские РС 14 6
Чувашэнерго -4 12
Россети Кубань Кубаньэнерго - 341 287
Россети Ленэнерго (ГК) Ленинградская область - 311 187
г. Санкт-Петербург - 291 12
Россети Московский регион Московская область - 780 53
г. Москва - 195 -5
Россети Северный Кавказ (ГК) Дагэнерго - 238 -48
Ингушэнерго -60 14
Каббалкэнерго 20 -4
Карачаево-Черкесскэнерго -10 - 109
Севкавказэнерго - 121 -10
Ставропольэнерго -68 28
Россети Северо-Запад Архангельский филиал -52 21
Вологодский филиал -40 10
Карельский филиал -50 -15
Мурманский филиал 20 -17
Новгородский филиал -49 0
Псковский филиал -48 13
филиал в Республике Коми -53 9
Россети Сибирь (ГК) Алтайэнерго 39 16
Бурятэнерго 10 -7
ГАЭС 9 2
Красноярскэнерго 117 -4
Кузбассэнерго-РЭС 37 147
Омскэнерго -2 -21
Хакасэнерго -10 -12
Читаэнерго -1 25
Россети Томск Томская распределительная компания -62 5
Россети Тюмень Россети Тюмень - 986 - 117
Россети Урал (ГК) Пермэнерго - 187 5
Свердловэнерго - 152 -4
Челябэнерго - 141 5
Россети ФСК ЕЭС Итого по ФСК ЕЭС - 311 252
Россети Центр Белгородэнерго -85 14
Брянскэнерго -50 -8
Воронежэнерго -98 -2
Костромаэнерго -42 3
Курскэнерго -32 8
Липецкэнерго -79 20
Орелэнерго -40 5
Смоленскэнерго -52 -7
Тамбовэнерго -25 -5
Тверьэнерго - 133 0
Ярэнерго -60 -7
Россети Центр и Приволжье (ГК) Владимирэнерго 0 1 448
Ивэнерго 0 779
Калугаэнерго 0 1 441
Кировэнерго 0 1 158
Мариэнерго 0 478
Нижновэнерго 0 3 348
Рязаньэнерго 0 1 093
Тулэнерго 0 1 695
Удмуртэнерго 0 1 616
Россети Юг (ГК) АО «ВМЭС» 0 4
Астраханьэнерго 1 -6
Волгоградэнерго - 140 -12
Калмэнерго -8 2
Ростовэнерго -47 16
Россети Янтарь Россети Янтарь -31 12' are equal

07-03-2025T06:33:16 - [MESSAGE][PASSED] - Actual object 'ДЗО
Филиал
Отклонение (объём услуг)
Отклонение (средний тариф)
АО "РЭС" АО "РЭС" -76 3
АО «Тываэнерго» АО "Тываэнерго" 19 4
АО «Чеченэнерго» АО «Чеченэнерго» -35 -48
Россети Волга Мордовэнерго - 150 -6
Оренбургэнерго -62 -9
Пензаэнерго -35 -1
Самарские РС -78 142
Саратовские РС -77 -49
Ульяновские РС 14 6
Чувашэнерго -4 12
Россети Кубань Кубаньэнерго - 341 287
Россети Ленэнерго (ГК) Ленинградская область - 311 187
г. Санкт-Петербург - 291 12
Россети Московский регион Московская область - 780 53
г. Москва - 195 -5
Россети Северный Кавказ (ГК) Дагэнерго - 238 -48
Ингушэнерго -60 14
Каббалкэнерго 20 -4
Карачаево-Черкесскэнерго -10 - 109
Севкавказэнерго - 121 -10
Ставропольэнерго -68 28
Россети Северо-Запад Архангельский филиал -52 21
Вологодский филиал -40 10
Карельский филиал -50 -15
Мурманский филиал 20 -17
Новгородский филиал -49 0
Псковский филиал -48 13
филиал в Республике Коми -53 9
Россети Сибирь (ГК) Алтайэнерго 39 16
Бурятэнерго 10 -7
ГАЭС 9 2
Красноярскэнерго 117 -4
Кузбассэнерго-РЭС 37 147
Омскэнерго -2 -21
Хакасэнерго -10 -12
Читаэнерго -1 25
Россети Томск Томская распределительная компания -62 5
Россети Тюмень Россети Тюмень - 986 - 117
Россети Урал (ГК) Пермэнерго - 187 5
Свердловэнерго - 152 -4
Челябэнерго - 141 5
Россети ФСК ЕЭС Итого по ФСК ЕЭС - 311 252
Россети Центр Белгородэнерго -85 14
Брянскэнерго -50 -8
Воронежэнерго -98 -2
Костромаэнерго -42 3
Курскэнерго -32 8
Липецкэнерго -79 20
Орелэнерго -40 5
Смоленскэнерго -52 -7
Тамбовэнерго -25 -5
Тверьэнерго - 133 0
Ярэнерго -60 -7
Россети Центр и Приволжье (ГК) Владимирэнерго 0 1 448
Ивэнерго 0 779
Калугаэнерго 0 1 441
Кировэнерго 0 1 158
Мариэнерго 0 478
Нижновэнерго 0 3 348
Рязаньэнерго 0 1 093
Тулэнерго 0 1 695
Удмуртэнерго 0 1 616
Россети Юг (ГК) АО «ВМЭС» 0 4
Астраханьэнерго 1 -6
Волгоградэнерго - 140 -12
Калмэнерго -8 2
Ростовэнерго -47 16
Россети Янтарь Россети Янтарь -31 12' and expected object 'ДЗО
Филиал
Отклонение (объём услуг)
Отклонение (средний тариф)
АО "РЭС" АО "РЭС" -76 3
АО «Тываэнерго» АО "Тываэнерго" 19 4
АО «Чеченэнерго» АО «Чеченэнерго» -35 -48
Россети Волга Мордовэнерго - 150 -6
Оренбургэнерго -62 -9
Пензаэнерго -35 -1
Самарские РС -78 142
Саратовские РС -77 -49
Ульяновские РС 14 6
Чувашэнерго -4 12
Россети Кубань Кубаньэнерго - 341 287
Россети Ленэнерго (ГК) Ленинградская область - 311 187
г. Санкт-Петербург - 291 12
Россети Московский регион Московская область - 780 53
г. Москва - 195 -5
Россети Северный Кавказ (ГК) Дагэнерго - 238 -48
Ингушэнерго -60 14
Каббалкэнерго 20 -4
Карачаево-Черкесскэнерго -10 - 109
Севкавказэнерго - 121 -10
Ставропольэнерго -68 28
Россети Северо-Запад Архангельский филиал -52 21
Вологодский филиал -40 10
Карельский филиал -50 -15
Мурманский филиал 20 -17
Новгородский филиал -49 0
Псковский филиал -48 13
филиал в Республике Коми -53 9
Россети Сибирь (ГК) Алтайэнерго 39 16
Бурятэнерго 10 -7
ГАЭС 9 2
Красноярскэнерго 117 -4
Кузбассэнерго-РЭС 37 147
Омскэнерго -2 -21
Хакасэнерго -10 -12
Читаэнерго -1 25
Россети Томск Томская распределительная компания -62 5
Россети Тюмень Россети Тюмень - 986 - 117
Россети Урал (ГК) Пермэнерго - 187 5
Свердловэнерго - 152 -4
Челябэнерго - 141 5
Россети ФСК ЕЭС Итого по ФСК ЕЭС - 311 252
Россети Центр Белгородэнерго -85 14
Брянскэнерго -50 -8
Воронежэнерго -98 -2
Костромаэнерго -42 3
Курскэнерго -32 8
Липецкэнерго -79 20
Орелэнерго -40 5
Смоленскэнерго -52 -7
Тамбовэнерго -25 -5
Тверьэнерго - 133 0
Ярэнерго -60 -7
Россети Центр и Приволжье (ГК) Владимирэнерго 0 1 448
Ивэнерго 0 779
Калугаэнерго 0 1 441
Кировэнерго 0 1 158
Мариэнерго 0 478
Нижновэнерго 0 3 348
Рязаньэнерго 0 1 093
Тулэнерго 0 1 695
Удмуртэнерго 0 1 616
Россети Юг (ГК) АО «ВМЭС» 0 4
Астраханьэнерго 1 -6
Волгоградэнерго - 140 -12
Калмэнерго -8 2
Ростовэнерго -47 16
Россети Янтарь Россети Янтарь -31 12' are equal

07-03-2025T06:33:16 - [TEST_STEP][PASSED] - verifyEqual(findTestData("PlanFact").getValue(5, b), a4): Actual object 'ДЗО
Филиал
Отклонение (объём услуг)
Отклонение (средний тариф)
АО "РЭС" АО "РЭС" -76 3
АО «Тываэнерго» АО "Тываэнерго" 19 4
АО «Чеченэнерго» АО «Чеченэнерго» -35 -48
Россети Волга Мордовэнерго - 150 -6
Оренбургэнерго -62 -9
Пензаэнерго -35 -1
Самарские РС -78 142
Саратовские РС -77 -49
Ульяновские РС 14 6
Чувашэнерго -4 12
Россети Кубань Кубаньэнерго - 341 287
Россети Ленэнерго (ГК) Ленинградская область - 311 187
г. Санкт-Петербург - 291 12
Россети Московский регион Московская область - 780 53
г. Москва - 195 -5
Россети Северный Кавказ (ГК) Дагэнерго - 238 -48
Ингушэнерго -60 14
Каббалкэнерго 20 -4
Карачаево-Черкесскэнерго -10 - 109
Севкавказэнерго - 121 -10
Ставропольэнерго -68 28
Россети Северо-Запад Архангельский филиал -52 21
Вологодский филиал -40 10
Карельский филиал -50 -15
Мурманский филиал 20 -17
Новгородский филиал -49 0
Псковский филиал -48 13
филиал в Республике Коми -53 9
Россети Сибирь (ГК) Алтайэнерго 39 16
Бурятэнерго 10 -7
ГАЭС 9 2
Красноярскэнерго 117 -4
Кузбассэнерго-РЭС 37 147
Омскэнерго -2 -21
Хакасэнерго -10 -12
Читаэнерго -1 25
Россети Томск Томская распределительная компания -62 5
Россети Тюмень Россети Тюмень - 986 - 117
Россети Урал (ГК) Пермэнерго - 187 5
Свердловэнерго - 152 -4
Челябэнерго - 141 5
Россети ФСК ЕЭС Итого по ФСК ЕЭС - 311 252
Россети Центр Белгородэнерго -85 14
Брянскэнерго -50 -8
Воронежэнерго -98 -2
Костромаэнерго -42 3
Курскэнерго -32 8
Липецкэнерго -79 20
Орелэнерго -40 5
Смоленскэнерго -52 -7
Тамбовэнерго -25 -5
Тверьэнерго - 133 0
Ярэнерго -60 -7
Россети Центр и Приволжье (ГК) Владимирэнерго 0 1 448
Ивэнерго 0 779
Калугаэнерго 0 1 441
Кировэнерго 0 1 158
Мариэнерго 0 478
Нижновэнерго 0 3 348
Рязаньэнерго 0 1 093
Тулэнерго 0 1 695
Удмуртэнерго 0 1 616
Россети Юг (ГК) АО «ВМЭС» 0 4
Астраханьэнерго 1 -6
Волгоградэнерго - 140 -12
Калмэнерго -8 2
Ростовэнерго -47 16
Россети Янтарь Россети Янтарь -31 12' and expected object 'ДЗО
Филиал
Отклонение (объём услуг)
Отклонение (средний тариф)
АО "РЭС" АО "РЭС" -76 3
АО «Тываэнерго» АО "Тываэнерго" 19 4
АО «Чеченэнерго» АО «Чеченэнерго» -35 -48
Россети Волга Мордовэнерго - 150 -6
Оренбургэнерго -62 -9
Пензаэнерго -35 -1
Самарские РС -78 142
Саратовские РС -77 -49
Ульяновские РС 14 6
Чувашэнерго -4 12
Россети Кубань Кубаньэнерго - 341 287
Россети Ленэнерго (ГК) Ленинградская область - 311 187
г. Санкт-Петербург - 291 12
Россети Московский регион Московская область - 780 53
г. Москва - 195 -5
Россети Северный Кавказ (ГК) Дагэнерго - 238 -48
Ингушэнерго -60 14
Каббалкэнерго 20 -4
Карачаево-Черкесскэнерго -10 - 109
Севкавказэнерго - 121 -10
Ставропольэнерго -68 28
Россети Северо-Запад Архангельский филиал -52 21
Вологодский филиал -40 10
Карельский филиал -50 -15
Мурманский филиал 20 -17
Новгородский филиал -49 0
Псковский филиал -48 13
филиал в Республике Коми -53 9
Россети Сибирь (ГК) Алтайэнерго 39 16
Бурятэнерго 10 -7
ГАЭС 9 2
Красноярскэнерго 117 -4
Кузбассэнерго-РЭС 37 147
Омскэнерго -2 -21
Хакасэнерго -10 -12
Читаэнерго -1 25
Россети Томск Томская распределительная компания -62 5
Россети Тюмень Россети Тюмень - 986 - 117
Россети Урал (ГК) Пермэнерго - 187 5
Свердловэнерго - 152 -4
Челябэнерго - 141 5
Россети ФСК ЕЭС Итого по ФСК ЕЭС - 311 252
Россети Центр Белгородэнерго -85 14
Брянскэнерго -50 -8
Воронежэнерго -98 -2
Костромаэнерго -42 3
Курскэнерго -32 8
Липецкэнерго -79 20
Орелэнерго -40 5
Смоленскэнерго -52 -7
Тамбовэнерго -25 -5
Тверьэнерго - 133 0
Ярэнерго -60 -7
Россети Центр и Приволжье (ГК) Владимирэнерго 0 1 448
Ивэнерго 0 779
Калугаэнерго 0 1 441
Кировэнерго 0 1 158
Мариэнерго 0 478
Нижновэнерго 0 3 348
Рязаньэнерго 0 1 093
Тулэнерго 0 1 695
Удмуртэнерго 0 1 616
Россети Юг (ГК) АО «ВМЭС» 0 4
Астраханьэнерго 1 -6
Волгоградэнерго - 140 -12
Калмэнерго -8 2
Ростовэнерго -47 16
Россети Янтарь Россети Янтарь -31 12' are equal

07-03-2025T06:33:16 - [MESSAGE][PASSED] - Actual object 'ДЗО
Филиал
Отклонение (объём услуг)
Отклонение (средний тариф)
АО "РЭС" АО "РЭС" -76 3
АО «Тываэнерго» АО "Тываэнерго" 19 4
АО «Чеченэнерго» АО «Чеченэнерго» -35 -48
Россети Волга Мордовэнерго - 150 -6
Оренбургэнерго -62 -9
Пензаэнерго -35 -1
Самарские РС -78 142
Саратовские РС -77 -49
Ульяновские РС 14 6
Чувашэнерго -4 12
Россети Кубань Кубаньэнерго - 341 287
Россети Ленэнерго (ГК) Ленинградская область - 311 187
г. Санкт-Петербург - 291 12
Россети Московский регион Московская область - 780 53
г. Москва - 195 -5
Россети Северный Кавказ (ГК) Дагэнерго - 238 -48
Ингушэнерго -60 14
Каббалкэнерго 20 -4
Карачаево-Черкесскэнерго -10 - 109
Севкавказэнерго - 121 -10
Ставропольэнерго -68 28
Россети Северо-Запад Архангельский филиал -52 21
Вологодский филиал -40 10
Карельский филиал -50 -15
Мурманский филиал 20 -17
Новгородский филиал -49 0
Псковский филиал -48 13
филиал в Республике Коми -53 9
Россети Сибирь (ГК) Алтайэнерго 39 16
Бурятэнерго 10 -7
ГАЭС 9 2
Красноярскэнерго 117 -4
Кузбассэнерго-РЭС 37 147
Омскэнерго -2 -21
Хакасэнерго -10 -12
Читаэнерго -1 25
Россети Томск Томская распределительная компания -62 5
Россети Тюмень Россети Тюмень - 986 - 117
Россети Урал (ГК) Пермэнерго - 187 5
Свердловэнерго - 152 -4
Челябэнерго - 141 5
Россети ФСК ЕЭС Итого по ФСК ЕЭС - 311 252
Россети Центр Белгородэнерго -85 14
Брянскэнерго -50 -8
Воронежэнерго -98 -2
Костромаэнерго -42 3
Курскэнерго -32 8
Липецкэнерго -79 20
Орелэнерго -40 5
Смоленскэнерго -52 -7
Тамбовэнерго -25 -5
Тверьэнерго - 133 0
Ярэнерго -60 -7
Россети Центр и Приволжье (ГК) Владимирэнерго 0 1 448
Ивэнерго 0 779
Калугаэнерго 0 1 441
Кировэнерго 0 1 158
Мариэнерго 0 478
Нижновэнерго 0 3 348
Рязаньэнерго 0 1 093
Тулэнерго 0 1 695
Удмуртэнерго 0 1 616
Россети Юг (ГК) АО «ВМЭС» 0 4
Астраханьэнерго 1 -6
Волгоградэнерго - 140 -12
Калмэнерго -8 2
Ростовэнерго -47 16
Россети Янтарь Россети Янтарь -31 12' and expected object 'ДЗО
Филиал
Отклонение (объём услуг)
Отклонение (средний тариф)
АО "РЭС" АО "РЭС" -76 3
АО «Тываэнерго» АО "Тываэнерго" 19 4
АО «Чеченэнерго» АО «Чеченэнерго» -35 -48
Россети Волга Мордовэнерго - 150 -6
Оренбургэнерго -62 -9
Пензаэнерго -35 -1
Самарские РС -78 142
Саратовские РС -77 -49
Ульяновские РС 14 6
Чувашэнерго -4 12
Россети Кубань Кубаньэнерго - 341 287
Россети Ленэнерго (ГК) Ленинградская область - 311 187
г. Санкт-Петербург - 291 12
Россети Московский регион Московская область - 780 53
г. Москва - 195 -5
Россети Северный Кавказ (ГК) Дагэнерго - 238 -48
Ингушэнерго -60 14
Каббалкэнерго 20 -4
Карачаево-Черкесскэнерго -10 - 109
Севкавказэнерго - 121 -10
Ставропольэнерго -68 28
Россети Северо-Запад Архангельский филиал -52 21
Вологодский филиал -40 10
Карельский филиал -50 -15
Мурманский филиал 20 -17
Новгородский филиал -49 0
Псковский филиал -48 13
филиал в Республике Коми -53 9
Россети Сибирь (ГК) Алтайэнерго 39 16
Бурятэнерго 10 -7
ГАЭС 9 2
Красноярскэнерго 117 -4
Кузбассэнерго-РЭС 37 147
Омскэнерго -2 -21
Хакасэнерго -10 -12
Читаэнерго -1 25
Россети Томск Томская распределительная компания -62 5
Россети Тюмень Россети Тюмень - 986 - 117
Россети Урал (ГК) Пермэнерго - 187 5
Свердловэнерго - 152 -4
Челябэнерго - 141 5
Россети ФСК ЕЭС Итого по ФСК ЕЭС - 311 252
Россети Центр Белгородэнерго -85 14
Брянскэнерго -50 -8
Воронежэнерго -98 -2
Костромаэнерго -42 3
Курскэнерго -32 8
Липецкэнерго -79 20
Орелэнерго -40 5
Смоленскэнерго -52 -7
Тамбовэнерго -25 -5
Тверьэнерго - 133 0
Ярэнерго -60 -7
Россети Центр и Приволжье (ГК) Владимирэнерго 0 1 448
Ивэнерго 0 779
Калугаэнерго 0 1 441
Кировэнерго 0 1 158
Мариэнерго 0 478
Нижновэнерго 0 3 348
Рязаньэнерго 0 1 093
Тулэнерго 0 1 695
Удмуртэнерго 0 1 616
Россети Юг (ГК) АО «ВМЭС» 0 4
Астраханьэнерго 1 -6
Волгоградэнерго - 140 -12
Калмэнерго -8 2
Ростовэнерго -47 16
Россети Янтарь Россети Янтарь -31 12' are equal

07-03-2025T06:33:16 - [TEST_STEP][PASSED] - Script1686231490255.WriteToExcel(user, dashboardName, n, data, run, a1, a2, a3, a4, a5, a6, a7, a8, a9): null

07-03-2025T06:33:16 - [TEST_STEP][PASSED] - sheetName = "Sheet1": null

07-03-2025T06:33:16 - [TEST_STEP][PASSED] - workbook01 = getWorkbook(excelFilePath): null

07-03-2025T06:33:16 - [TEST_STEP][PASSED] - sheet01 = getExcelSheet(workbook01, sheetName): null

07-03-2025T06:33:16 - [TEST_STEP][PASSED] - setValueToCellByIndex(sheet01, n, 0, dashboardName): null

07-03-2025T06:33:16 - [TEST_STEP][PASSED] - setValueToCellByIndex(sheet01, n, 10, user): null

07-03-2025T06:33:16 - [TEST_STEP][PASSED] - setValueToCellByIndex(sheet01, n, 1, a1): null

07-03-2025T06:33:16 - [TEST_STEP][PASSED] - setValueToCellByIndex(sheet01, n, 2, a2): null

07-03-2025T06:33:16 - [TEST_STEP][PASSED] - setValueToCellByIndex(sheet01, n, 3, a3): null

07-03-2025T06:33:16 - [TEST_STEP][PASSED] - setValueToCellByIndex(sheet01, n, 4, a4): null

07-03-2025T06:33:16 - [TEST_STEP][PASSED] - setValueToCellByIndex(sheet01, n, 5, a5): null

07-03-2025T06:33:16 - [TEST_STEP][PASSED] - setValueToCellByIndex(sheet01, n, 6, a6): null

07-03-2025T06:33:16 - [TEST_STEP][PASSED] - setValueToCellByIndex(sheet01, n, 7, a7): null

07-03-2025T06:33:16 - [TEST_STEP][PASSED] - setValueToCellByIndex(sheet01, n, 8, a8): null

07-03-2025T06:33:16 - [TEST_STEP][PASSED] - setValueToCellByIndex(sheet01, n, 9, a9): null

07-03-2025T06:33:16 - [TEST_STEP][PASSED] - n = n + 1: null

07-03-2025T06:33:16 - [TEST_STEP][PASSED] - saveWorkbook(excelFilePath, workbook01): null

07-03-2025T06:33:17 - [TEST_STEP][PASSED] - if (run == 3): null

07-03-2025T06:33:17 - [TEST_STEP][PASSED] - closeBrowser(): null

07-03-2025T06:33:17 - [MESSAGE][PASSED] - Browser is closed

07-03-2025T06:33:17 - [TEST_STEP][PASSED] - FaktorniyAnaliz(user, dashboardName, n, data, run, a1, a2, a3, a4, a5, a6, a7, a8, a9, urlData): null

07-03-2025T06:33:17 - [TEST_STEP][PASSED] - n = data.getRowNumbers() + 1: null

07-03-2025T06:33:17 - [TEST_STEP][PASSED] - println(n): null

07-03-2025T06:33:17 - [TEST_STEP][PASSED] - dashboardName = "Факторный анализ": null

07-03-2025T06:33:17 - [TEST_STEP][PASSED] - openBrowser(""): Browser is opened with url: ''

07-03-2025T06:33:17 - [MESSAGE][INFO] - Starting 'Chrome' driver

07-03-2025T06:33:17 - [MESSAGE][INFO] - Action delay is set to 0 milliseconds

07-03-2025T06:33:18 - [MESSAGE][PASSED] - Browser is opened with url: ''

07-03-2025T06:33:18 - [TEST_STEP][PASSED] - urlData = 3: null

07-03-2025T06:33:18 - [TEST_STEP][PASSED] - Script1686231490255.CheckPageDownload(urlData, run): null

07-03-2025T06:33:18 - [TEST_STEP][PASSED] - i = 1: null

07-03-2025T06:33:18 - [TEST_STEP][PASSED] - ii = 0: null

07-03-2025T06:33:18 - [TEST_STEP][PASSED] - urlText = <not implemented yet for class: org.codehaus.groovy.ast.expr.EmptyExpression>: null

07-03-2025T06:33:18 - [TEST_STEP][PASSED] - searchWord = <not implemented yet for class: org.codehaus.groovy.ast.expr.EmptyExpression>: null

07-03-2025T06:33:18 - [TEST_STEP][PASSED] - deleteAllCookies(): Delete all cookies successfully

07-03-2025T06:33:18 - [MESSAGE][PASSED] - Delete all cookies successfully

07-03-2025T06:33:18 - [TEST_STEP][PASSED] - refresh(): Refresh successfully

07-03-2025T06:33:18 - [MESSAGE][PASSED] - Refresh successfully

07-03-2025T06:33:18 - [TEST_STEP][PASSED] - delay(70): Delayed 70 second(s)

07-03-2025T06:34:28 - [MESSAGE][PASSED] - Delayed 70 second(s)

07-03-2025T06:34:28 - [TEST_STEP][PASSED] - navigateToUrl(findTestData("PlanFact").getValue(10, urlData)): Navigate to 'https://bi.rosseti.digital/viewer?dashboardGuid=2301950b23be4ed89c1df75f2020051e&sheetGuid=ccd7d7486b3d4e6fa0ee9b1eaebed46c&fit=true' successfully

07-03-2025T06:34:32 - [MESSAGE][PASSED] - Navigate to 'https://bi.rosseti.digital/viewer?dashboardGuid=2301950b23be4ed89c1df75f2020051e&sheetGuid=ccd7d7486b3d4e6fa0ee9b1eaebed46c&fit=true' successfully

07-03-2025T06:34:32 - [TEST_STEP][PASSED] - pageLoaded1 = verifyElementPresent(findTestObject("Страница авторизации/Text"), 30): Object 'Object Repository/Страница авторизации/Text' is present

07-03-2025T06:34:34 - [MESSAGE][PASSED] - Object 'Object Repository/Страница авторизации/Text' is present

07-03-2025T06:34:34 - [TEST_STEP][PASSED] - if (pageLoaded1 == false): null

07-03-2025T06:34:34 - [TEST_STEP][PASSED] - urlText = getText(findTestObject("Страница авторизации/Text")): Text of object 'Object Repository/Страница авторизации/Text' is: 'Вход'

07-03-2025T06:34:34 - [MESSAGE][PASSED] - Text of object 'Object Repository/Страница авторизации/Text' is: 'Вход'

07-03-2025T06:34:34 - [TEST_STEP][PASSED] - delay(70): Delayed 70 second(s)

07-03-2025T06:35:44 - [MESSAGE][PASSED] - Delayed 70 second(s)

07-03-2025T06:35:44 - [TEST_STEP][PASSED] - searchWord = "Вход": null

07-03-2025T06:35:44 - [TEST_STEP][PASSED] - if (urlText.contains(searchWord) == false): null

07-03-2025T06:35:44 - [TEST_STEP][PASSED] - setText(findTestObject("Страница авторизации/input__username"), findTestData("PlanFact").getValue(8, run)): Text 'Petrova-OV' is set on object 'Object Repository/Страница авторизации/input__username'

07-03-2025T06:35:45 - [MESSAGE][PASSED] - Text 'Petrova-OV' is set on object 'Object Repository/Страница авторизации/input__username'

07-03-2025T06:35:45 - [TEST_STEP][PASSED] - setText(findTestObject("Страница авторизации/input__password"), findTestData("PlanFact").getValue(9, run)): Text '4Ex@~R53r&3x&BVe7' is set on object 'Object Repository/Страница авторизации/input__password'

07-03-2025T06:35:46 - [MESSAGE][PASSED] - Text '4Ex@~R53r&3x&BVe7' is set on object 'Object Repository/Страница авторизации/input__password'

07-03-2025T06:35:46 - [TEST_STEP][PASSED] - click(findTestObject("Страница авторизации/button_")): Object: 'Object Repository/Страница авторизации/button_' is clicked on

07-03-2025T06:35:47 - [MESSAGE][PASSED] - Object: 'Object Repository/Страница авторизации/button_' is clicked on

07-03-2025T06:35:47 - [TEST_STEP][PASSED] - delay(70): Delayed 70 second(s)

07-03-2025T06:36:57 - [MESSAGE][PASSED] - Delayed 70 second(s)

07-03-2025T06:36:57 - [TEST_STEP][PASSED] - searchWord = "а": null

07-03-2025T06:36:57 - [TEST_STEP][PASSED] - pageLoaded2 = verifyElementPresent(findTestObject("Страница авторизации/Text"), 50): Object 'Object Repository/Страница авторизации/Text' is present

07-03-2025T06:36:58 - [MESSAGE][PASSED] - Object 'Object Repository/Страница авторизации/Text' is present

07-03-2025T06:36:58 - [TEST_STEP][PASSED] - if (pageLoaded2 == false): null

07-03-2025T06:36:58 - [TEST_STEP][PASSED] - urlText = getText(findTestObject("Страница авторизации/Text")): Text of object 'Object Repository/Страница авторизации/Text' is: 'Период
Январь 2025 года
ДЗО 
ПАО Россети
Подписи данных
Итого отклонения по группе компаний: 36 556 млн.руб.
Филиал
Месяц
Факторный анализ
Всего отклонения по факторам по ПАО Россети за Январь 2025 года
ДЗО
Филиал
Отклонение (объём услуг)
Отклонение (средний тариф)
АО "РЭС" АО "РЭС" -76 3
АО «Тываэнерго» АО "Тываэнерго" 19 4
АО «Чеченэнерго» АО «Чеченэнерго» -35 -48
Россети Волга Мордовэнерго - 150 -6
Оренбургэнерго -62 -9
Пензаэнерго -35 -1
Самарские РС -78 142
Саратовские РС -77 -49
Ульяновские РС 14 6
Чувашэнерго -4 12
Россети Кубань Кубаньэнерго - 341 287
Россети Ленэнерго (ГК) Ленинградская область - 311 187
г. Санкт-Петербург - 291 12
Россети Московский регион Московская область - 780 53
г. Москва - 195 -5
Россети Северный Кавказ (ГК) Дагэнерго - 238 -48
Ингушэнерго -60 14
Каббалкэнерго 20 -4
Карачаево-Черкесскэнерго -10 - 109
Севкавказэнерго - 121 -10
Ставропольэнерго -68 28
Россети Северо-Запад Архангельский филиал -52 21
Вологодский филиал -40 10
Карельский филиал -50 -15
Мурманский филиал 20 -17
Новгородский филиал -49 0
Псковский филиал -48 13
филиал в Республике Коми -53 9
Россети Сибирь (ГК) Алтайэнерго 39 16
Бурятэнерго 10 -7
ГАЭС 9 2
Красноярскэнерго 117 -4
Кузбассэнерго-РЭС 37 147
Омскэнерго -2 -21
Хакасэнерго -10 -12
Читаэнерго -1 25
Россети Томск Томская распределительная компания -62 5
Россети Тюмень Россети Тюмень - 986 - 117
Россети Урал (ГК) Пермэнерго - 187 5
Свердловэнерго - 152 -4
Челябэнерго - 141 5
Россети ФСК ЕЭС Итого по ФСК ЕЭС - 311 252
Россети Центр Белгородэнерго -85 14
Брянскэнерго -50 -8
Воронежэнерго -98 -2
Костромаэнерго -42 3
Курскэнерго -32 8
Липецкэнерго -79 20
Орелэнерго -40 5
Смоленскэнерго -52 -7
Тамбовэнерго -25 -5
Тверьэнерго - 133 0
Ярэнерго -60 -7
Россети Центр и Приволжье (ГК) Владимирэнерго 0 1 448
Ивэнерго 0 779
Калугаэнерго 0 1 441
Кировэнерго 0 1 158
Мариэнерго 0 478
Нижновэнерго 0 3 348
Рязаньэнерго 0 1 093
Тулэнерго 0 1 695
Удмуртэнерго 0 1 616
Россети Юг (ГК) АО «ВМЭС» 0 4
Астраханьэнерго 1 -6
Волгоградэнерго - 140 -12
Калмэнерго -8 2
Ростовэнерго -47 16
Россети Янтарь Россети Янтарь -31 12
Отклонения выручки по факторам по выбранным ДЗО, руб
-121 309-121 309
701701
Отклонение (объём услуг)
Отклонение (средний тариф)
ПАО Россети'

07-03-2025T06:36:58 - [MESSAGE][PASSED] - Text of object 'Object Repository/Страница авторизации/Text' is: 'Период
Январь 2025 года
ДЗО 
ПАО Россети
Подписи данных
Итого отклонения по группе компаний: 36 556 млн.руб.
Филиал
Месяц
Факторный анализ
Всего отклонения по факторам по ПАО Россети за Январь 2025 года
ДЗО
Филиал
Отклонение (объём услуг)
Отклонение (средний тариф)
АО "РЭС" АО "РЭС" -76 3
АО «Тываэнерго» АО "Тываэнерго" 19 4
АО «Чеченэнерго» АО «Чеченэнерго» -35 -48
Россети Волга Мордовэнерго - 150 -6
Оренбургэнерго -62 -9
Пензаэнерго -35 -1
Самарские РС -78 142
Саратовские РС -77 -49
Ульяновские РС 14 6
Чувашэнерго -4 12
Россети Кубань Кубаньэнерго - 341 287
Россети Ленэнерго (ГК) Ленинградская область - 311 187
г. Санкт-Петербург - 291 12
Россети Московский регион Московская область - 780 53
г. Москва - 195 -5
Россети Северный Кавказ (ГК) Дагэнерго - 238 -48
Ингушэнерго -60 14
Каббалкэнерго 20 -4
Карачаево-Черкесскэнерго -10 - 109
Севкавказэнерго - 121 -10
Ставропольэнерго -68 28
Россети Северо-Запад Архангельский филиал -52 21
Вологодский филиал -40 10
Карельский филиал -50 -15
Мурманский филиал 20 -17
Новгородский филиал -49 0
Псковский филиал -48 13
филиал в Республике Коми -53 9
Россети Сибирь (ГК) Алтайэнерго 39 16
Бурятэнерго 10 -7
ГАЭС 9 2
Красноярскэнерго 117 -4
Кузбассэнерго-РЭС 37 147
Омскэнерго -2 -21
Хакасэнерго -10 -12
Читаэнерго -1 25
Россети Томск Томская распределительная компания -62 5
Россети Тюмень Россети Тюмень - 986 - 117
Россети Урал (ГК) Пермэнерго - 187 5
Свердловэнерго - 152 -4
Челябэнерго - 141 5
Россети ФСК ЕЭС Итого по ФСК ЕЭС - 311 252
Россети Центр Белгородэнерго -85 14
Брянскэнерго -50 -8
Воронежэнерго -98 -2
Костромаэнерго -42 3
Курскэнерго -32 8
Липецкэнерго -79 20
Орелэнерго -40 5
Смоленскэнерго -52 -7
Тамбовэнерго -25 -5
Тверьэнерго - 133 0
Ярэнерго -60 -7
Россети Центр и Приволжье (ГК) Владимирэнерго 0 1 448
Ивэнерго 0 779
Калугаэнерго 0 1 441
Кировэнерго 0 1 158
Мариэнерго 0 478
Нижновэнерго 0 3 348
Рязаньэнерго 0 1 093
Тулэнерго 0 1 695
Удмуртэнерго 0 1 616
Россети Юг (ГК) АО «ВМЭС» 0 4
Астраханьэнерго 1 -6
Волгоградэнерго - 140 -12
Калмэнерго -8 2
Ростовэнерго -47 16
Россети Янтарь Россети Янтарь -31 12
Отклонения выручки по факторам по выбранным ДЗО, руб
-121 309-121 309
701701
Отклонение (объём услуг)
Отклонение (средний тариф)
ПАО Россети'

07-03-2025T06:36:58 - [TEST_STEP][PASSED] - if (urlText.contains("ошибка") || urlText.contains(searchWord) == false): null

07-03-2025T06:36:58 - [TEST_STEP][PASSED] - click(findTestObject("Факторный анализ/Фильтр Период")): Object: 'Object Repository/Факторный анализ/Фильтр Период' is clicked on

07-03-2025T06:36:59 - [MESSAGE][PASSED] - Object: 'Object Repository/Факторный анализ/Фильтр Период' is clicked on

07-03-2025T06:36:59 - [TEST_STEP][PASSED] - click(findTestObject("Факторный анализ/Снять выделение в фильтре Дата")): Object: 'Object Repository/Факторный анализ/Снять выделение в фильтре Дата' is clicked on

07-03-2025T06:36:59 - [MESSAGE][PASSED] - Object: 'Object Repository/Факторный анализ/Снять выделение в фильтре Дата' is clicked on

07-03-2025T06:36:59 - [TEST_STEP][PASSED] - click(findTestObject("Факторный анализ/Применить в фильтре Дата")): Object: 'Object Repository/Факторный анализ/Применить в фильтре Дата' is clicked on

07-03-2025T06:37:00 - [MESSAGE][PASSED] - Object: 'Object Repository/Факторный анализ/Применить в фильтре Дата' is clicked on

07-03-2025T06:37:00 - [TEST_STEP][PASSED] - click(findTestObject("Факторный анализ/Фильтр Период")): Object: 'Object Repository/Факторный анализ/Фильтр Период' is clicked on

07-03-2025T06:37:03 - [MESSAGE][PASSED] - Object: 'Object Repository/Факторный анализ/Фильтр Период' is clicked on

07-03-2025T06:37:03 - [TEST_STEP][PASSED] - click(findTestObject("Факторный анализ/Снять выделение в фильтре Дата")): Object: 'Object Repository/Факторный анализ/Снять выделение в фильтре Дата' is clicked on

07-03-2025T06:37:03 - [MESSAGE][PASSED] - Object: 'Object Repository/Факторный анализ/Снять выделение в фильтре Дата' is clicked on

07-03-2025T06:37:03 - [TEST_STEP][PASSED] - scrollToElement(findTestObject("Факторный анализ/2025 список"), 30): Scroll to object 'Object Repository/Факторный анализ/2025 список' successfully

07-03-2025T06:37:03 - [MESSAGE][PASSED] - Scroll to object 'Object Repository/Факторный анализ/2025 список' successfully

07-03-2025T06:37:03 - [TEST_STEP][PASSED] - click(findTestObject("Факторный анализ/2025 список")): Object: 'Object Repository/Факторный анализ/2025 список' is clicked on

07-03-2025T06:37:04 - [MESSAGE][PASSED] - Object: 'Object Repository/Факторный анализ/2025 список' is clicked on

07-03-2025T06:37:04 - [TEST_STEP][PASSED] - scrollToElement(findTestObject("Факторный анализ/1 квартал 2025 список"), 30): Scroll to object 'Object Repository/Факторный анализ/1 квартал 2025 список' successfully

07-03-2025T06:37:04 - [MESSAGE][PASSED] - Scroll to object 'Object Repository/Факторный анализ/1 квартал 2025 список' successfully

07-03-2025T06:37:04 - [TEST_STEP][PASSED] - click(findTestObject("Факторный анализ/1 квартал 2025 список"), CONTINUE_ON_FAILURE): Object: 'Object Repository/Факторный анализ/1 квартал 2025 список' is clicked on

07-03-2025T06:37:04 - [MESSAGE][PASSED] - Object: 'Object Repository/Факторный анализ/1 квартал 2025 список' is clicked on

07-03-2025T06:37:04 - [TEST_STEP][PASSED] - scrollToElement(findTestObject("Факторный анализ/Январь 2025"), 30): Scroll to object 'Object Repository/Факторный анализ/Январь 2025' successfully

07-03-2025T06:37:05 - [MESSAGE][PASSED] - Scroll to object 'Object Repository/Факторный анализ/Январь 2025' successfully

07-03-2025T06:37:05 - [TEST_STEP][PASSED] - click(findTestObject("Факторный анализ/Январь 2025"), CONTINUE_ON_FAILURE): Object: 'Object Repository/Факторный анализ/Январь 2025' is clicked on

07-03-2025T06:37:05 - [MESSAGE][PASSED] - Object: 'Object Repository/Факторный анализ/Январь 2025' is clicked on

07-03-2025T06:37:05 - [TEST_STEP][PASSED] - scrollToElement(findTestObject("Факторный анализ/Заголовок дашборда"), 30): Scroll to object 'Object Repository/Факторный анализ/Заголовок дашборда' successfully

07-03-2025T06:37:06 - [MESSAGE][PASSED] - Scroll to object 'Object Repository/Факторный анализ/Заголовок дашборда' successfully

07-03-2025T06:37:06 - [TEST_STEP][PASSED] - click(findTestObject("Факторный анализ/Применить в фильтре Дата")): Object: 'Object Repository/Факторный анализ/Применить в фильтре Дата' is clicked on

07-03-2025T06:37:06 - [MESSAGE][PASSED] - Object: 'Object Repository/Факторный анализ/Применить в фильтре Дата' is clicked on

07-03-2025T06:37:06 - [TEST_STEP][PASSED] - a5 = "": null

07-03-2025T06:37:06 - [TEST_STEP][PASSED] - a6 = "": null

07-03-2025T06:37:06 - [TEST_STEP][PASSED] - a7 = "": null

07-03-2025T06:37:06 - [TEST_STEP][PASSED] - a8 = "": null

07-03-2025T06:37:06 - [TEST_STEP][PASSED] - a9 = "": null

07-03-2025T06:37:06 - [TEST_STEP][PASSED] - if (run == 1): null

07-03-2025T06:37:06 - [TEST_STEP][PASSED] - if (run == 2): null

07-03-2025T06:37:06 - [TEST_STEP][PASSED] - if (run == 3): null

07-03-2025T06:37:06 - [TEST_STEP][PASSED] - user = "Попова": null

07-03-2025T06:37:06 - [TEST_STEP][PASSED] - a1 = getText(findTestObject("Факторный анализ/span1 Блок руководителя")): Text of object 'Object Repository/Факторный анализ/span1 Блок руководителя' is: ''

07-03-2025T06:37:07 - [MESSAGE][PASSED] - Text of object 'Object Repository/Факторный анализ/span1 Блок руководителя' is: ''

07-03-2025T06:37:07 - [TEST_STEP][PASSED] - a2 = getText(findTestObject("Факторный анализ/span2 Блок руководителя")): Text of object 'Object Repository/Факторный анализ/span2 Блок руководителя' is: ''

07-03-2025T06:37:08 - [MESSAGE][PASSED] - Text of object 'Object Repository/Факторный анализ/span2 Блок руководителя' is: ''

07-03-2025T06:37:08 - [TEST_STEP][PASSED] - a3 = getText(findTestObject("Факторный анализ/График Всего отклонения по факторам Блок руководителя")): Text of object 'Object Repository/Факторный анализ/График Всего отклонения по факторам Блок руководителя' is: 'ДЗО
Филиал
Отклонение (объём услуг)
Отклонение (средний тариф)
АО "РЭС" АО "РЭС" -76 3
АО «Тываэнерго» АО "Тываэнерго" 19 4
АО «Чеченэнерго» АО «Чеченэнерго» -35 -48
Россети Волга Мордовэнерго - 150 -6
Оренбургэнерго -62 -9
Пензаэнерго -35 -1
Самарские РС -78 142
Саратовские РС -77 -49
Ульяновские РС 14 6
Чувашэнерго -4 12
Россети Кубань Кубаньэнерго - 341 287
Россети Ленэнерго (ГК) Ленинградская область - 311 187
г. Санкт-Петербург - 291 12
Россети Московский регион Московская область - 780 53
г. Москва - 195 -5
Россети Северный Кавказ (ГК) Дагэнерго - 238 -48
Ингушэнерго -60 14
Каббалкэнерго 20 -4
Карачаево-Черкесскэнерго -10 - 109
Севкавказэнерго - 121 -10
Ставропольэнерго -68 28
Россети Северо-Запад Архангельский филиал -52 21
Вологодский филиал -40 10
Карельский филиал -50 -15
Мурманский филиал 20 -17
Новгородский филиал -49 0
Псковский филиал -48 13
филиал в Республике Коми -53 9
Россети Сибирь (ГК) Алтайэнерго 39 16
Бурятэнерго 10 -7
ГАЭС 9 2
Красноярскэнерго 117 -4
Кузбассэнерго-РЭС 37 147
Омскэнерго -2 -21
Хакасэнерго -10 -12
Читаэнерго -1 25
Россети Томск Томская распределительная компания -62 5
Россети Тюмень Россети Тюмень - 986 - 117
Россети Урал (ГК) Пермэнерго - 187 5
Свердловэнерго - 152 -4
Челябэнерго - 141 5
Россети ФСК ЕЭС Итого по ФСК ЕЭС - 311 252
Россети Центр Белгородэнерго -85 14
Брянскэнерго -50 -8
Воронежэнерго -98 -2
Костромаэнерго -42 3
Курскэнерго -32 8
Липецкэнерго -79 20
Орелэнерго -40 5
Смоленскэнерго -52 -7
Тамбовэнерго -25 -5
Тверьэнерго - 133 0
Ярэнерго -60 -7
Россети Центр и Приволжье (ГК) Владимирэнерго 0 1 448
Ивэнерго 0 779
Калугаэнерго 0 1 441
Кировэнерго 0 1 158
Мариэнерго 0 478
Нижновэнерго 0 3 348
Рязаньэнерго 0 1 093
Тулэнерго 0 1 695
Удмуртэнерго 0 1 616
Россети Юг (ГК) АО «ВМЭС» 0 4
Астраханьэнерго 1 -6
Волгоградэнерго - 140 -12
Калмэнерго -8 2
Ростовэнерго -47 16
Россети Янтарь Россети Янтарь -31 12'

07-03-2025T06:37:08 - [MESSAGE][PASSED] - Text of object 'Object Repository/Факторный анализ/График Всего отклонения по факторам Блок руководителя' is: 'ДЗО
Филиал
Отклонение (объём услуг)
Отклонение (средний тариф)
АО "РЭС" АО "РЭС" -76 3
АО «Тываэнерго» АО "Тываэнерго" 19 4
АО «Чеченэнерго» АО «Чеченэнерго» -35 -48
Россети Волга Мордовэнерго - 150 -6
Оренбургэнерго -62 -9
Пензаэнерго -35 -1
Самарские РС -78 142
Саратовские РС -77 -49
Ульяновские РС 14 6
Чувашэнерго -4 12
Россети Кубань Кубаньэнерго - 341 287
Россети Ленэнерго (ГК) Ленинградская область - 311 187
г. Санкт-Петербург - 291 12
Россети Московский регион Московская область - 780 53
г. Москва - 195 -5
Россети Северный Кавказ (ГК) Дагэнерго - 238 -48
Ингушэнерго -60 14
Каббалкэнерго 20 -4
Карачаево-Черкесскэнерго -10 - 109
Севкавказэнерго - 121 -10
Ставропольэнерго -68 28
Россети Северо-Запад Архангельский филиал -52 21
Вологодский филиал -40 10
Карельский филиал -50 -15
Мурманский филиал 20 -17
Новгородский филиал -49 0
Псковский филиал -48 13
филиал в Республике Коми -53 9
Россети Сибирь (ГК) Алтайэнерго 39 16
Бурятэнерго 10 -7
ГАЭС 9 2
Красноярскэнерго 117 -4
Кузбассэнерго-РЭС 37 147
Омскэнерго -2 -21
Хакасэнерго -10 -12
Читаэнерго -1 25
Россети Томск Томская распределительная компания -62 5
Россети Тюмень Россети Тюмень - 986 - 117
Россети Урал (ГК) Пермэнерго - 187 5
Свердловэнерго - 152 -4
Челябэнерго - 141 5
Россети ФСК ЕЭС Итого по ФСК ЕЭС - 311 252
Россети Центр Белгородэнерго -85 14
Брянскэнерго -50 -8
Воронежэнерго -98 -2
Костромаэнерго -42 3
Курскэнерго -32 8
Липецкэнерго -79 20
Орелэнерго -40 5
Смоленскэнерго -52 -7
Тамбовэнерго -25 -5
Тверьэнерго - 133 0
Ярэнерго -60 -7
Россети Центр и Приволжье (ГК) Владимирэнерго 0 1 448
Ивэнерго 0 779
Калугаэнерго 0 1 441
Кировэнерго 0 1 158
Мариэнерго 0 478
Нижновэнерго 0 3 348
Рязаньэнерго 0 1 093
Тулэнерго 0 1 695
Удмуртэнерго 0 1 616
Россети Юг (ГК) АО «ВМЭС» 0 4
Астраханьэнерго 1 -6
Волгоградэнерго - 140 -12
Калмэнерго -8 2
Ростовэнерго -47 16
Россети Янтарь Россети Янтарь -31 12'

07-03-2025T06:37:08 - [TEST_STEP][PASSED] - click(findTestObject("Факторный анализ/Переключить отображение с филиала на месяц")): Object: 'Object Repository/Факторный анализ/Переключить отображение с филиала на месяц' is clicked on

07-03-2025T06:37:08 - [MESSAGE][PASSED] - Object: 'Object Repository/Факторный анализ/Переключить отображение с филиала на месяц' is clicked on

07-03-2025T06:37:08 - [TEST_STEP][PASSED] - a4 = getText(findTestObject("Факторный анализ/График Всего отклонения по факторам Блок руководителя")): Text of object 'Object Repository/Факторный анализ/График Всего отклонения по факторам Блок руководителя' is: 'ДЗО
Филиал
Отклонение (объём услуг)
Отклонение (средний тариф)
АО "РЭС" АО "РЭС" -76 3
АО «Тываэнерго» АО "Тываэнерго" 19 4
АО «Чеченэнерго» АО «Чеченэнерго» -35 -48
Россети Волга Мордовэнерго - 150 -6
Оренбургэнерго -62 -9
Пензаэнерго -35 -1
Самарские РС -78 142
Саратовские РС -77 -49
Ульяновские РС 14 6
Чувашэнерго -4 12
Россети Кубань Кубаньэнерго - 341 287
Россети Ленэнерго (ГК) Ленинградская область - 311 187
г. Санкт-Петербург - 291 12
Россети Московский регион Московская область - 780 53
г. Москва - 195 -5
Россети Северный Кавказ (ГК) Дагэнерго - 238 -48
Ингушэнерго -60 14
Каббалкэнерго 20 -4
Карачаево-Черкесскэнерго -10 - 109
Севкавказэнерго - 121 -10
Ставропольэнерго -68 28
Россети Северо-Запад Архангельский филиал -52 21
Вологодский филиал -40 10
Карельский филиал -50 -15
Мурманский филиал 20 -17
Новгородский филиал -49 0
Псковский филиал -48 13
филиал в Республике Коми -53 9
Россети Сибирь (ГК) Алтайэнерго 39 16
Бурятэнерго 10 -7
ГАЭС 9 2
Красноярскэнерго 117 -4
Кузбассэнерго-РЭС 37 147
Омскэнерго -2 -21
Хакасэнерго -10 -12
Читаэнерго -1 25
Россети Томск Томская распределительная компания -62 5
Россети Тюмень Россети Тюмень - 986 - 117
Россети Урал (ГК) Пермэнерго - 187 5
Свердловэнерго - 152 -4
Челябэнерго - 141 5
Россети ФСК ЕЭС Итого по ФСК ЕЭС - 311 252
Россети Центр Белгородэнерго -85 14
Брянскэнерго -50 -8
Воронежэнерго -98 -2
Костромаэнерго -42 3
Курскэнерго -32 8
Липецкэнерго -79 20
Орелэнерго -40 5
Смоленскэнерго -52 -7
Тамбовэнерго -25 -5
Тверьэнерго - 133 0
Ярэнерго -60 -7
Россети Центр и Приволжье (ГК) Владимирэнерго 0 1 448
Ивэнерго 0 779
Калугаэнерго 0 1 441
Кировэнерго 0 1 158
Мариэнерго 0 478
Нижновэнерго 0 3 348
Рязаньэнерго 0 1 093
Тулэнерго 0 1 695
Удмуртэнерго 0 1 616
Россети Юг (ГК) АО «ВМЭС» 0 4
Астраханьэнерго 1 -6
Волгоградэнерго - 140 -12
Калмэнерго -8 2
Ростовэнерго -47 16
Россети Янтарь Россети Янтарь -31 12'

07-03-2025T06:37:09 - [MESSAGE][PASSED] - Text of object 'Object Repository/Факторный анализ/График Всего отклонения по факторам Блок руководителя' is: 'ДЗО
Филиал
Отклонение (объём услуг)
Отклонение (средний тариф)
АО "РЭС" АО "РЭС" -76 3
АО «Тываэнерго» АО "Тываэнерго" 19 4
АО «Чеченэнерго» АО «Чеченэнерго» -35 -48
Россети Волга Мордовэнерго - 150 -6
Оренбургэнерго -62 -9
Пензаэнерго -35 -1
Самарские РС -78 142
Саратовские РС -77 -49
Ульяновские РС 14 6
Чувашэнерго -4 12
Россети Кубань Кубаньэнерго - 341 287
Россети Ленэнерго (ГК) Ленинградская область - 311 187
г. Санкт-Петербург - 291 12
Россети Московский регион Московская область - 780 53
г. Москва - 195 -5
Россети Северный Кавказ (ГК) Дагэнерго - 238 -48
Ингушэнерго -60 14
Каббалкэнерго 20 -4
Карачаево-Черкесскэнерго -10 - 109
Севкавказэнерго - 121 -10
Ставропольэнерго -68 28
Россети Северо-Запад Архангельский филиал -52 21
Вологодский филиал -40 10
Карельский филиал -50 -15
Мурманский филиал 20 -17
Новгородский филиал -49 0
Псковский филиал -48 13
филиал в Республике Коми -53 9
Россети Сибирь (ГК) Алтайэнерго 39 16
Бурятэнерго 10 -7
ГАЭС 9 2
Красноярскэнерго 117 -4
Кузбассэнерго-РЭС 37 147
Омскэнерго -2 -21
Хакасэнерго -10 -12
Читаэнерго -1 25
Россети Томск Томская распределительная компания -62 5
Россети Тюмень Россети Тюмень - 986 - 117
Россети Урал (ГК) Пермэнерго - 187 5
Свердловэнерго - 152 -4
Челябэнерго - 141 5
Россети ФСК ЕЭС Итого по ФСК ЕЭС - 311 252
Россети Центр Белгородэнерго -85 14
Брянскэнерго -50 -8
Воронежэнерго -98 -2
Костромаэнерго -42 3
Курскэнерго -32 8
Липецкэнерго -79 20
Орелэнерго -40 5
Смоленскэнерго -52 -7
Тамбовэнерго -25 -5
Тверьэнерго - 133 0
Ярэнерго -60 -7
Россети Центр и Приволжье (ГК) Владимирэнерго 0 1 448
Ивэнерго 0 779
Калугаэнерго 0 1 441
Кировэнерго 0 1 158
Мариэнерго 0 478
Нижновэнерго 0 3 348
Рязаньэнерго 0 1 093
Тулэнерго 0 1 695
Удмуртэнерго 0 1 616
Россети Юг (ГК) АО «ВМЭС» 0 4
Астраханьэнерго 1 -6
Волгоградэнерго - 140 -12
Калмэнерго -8 2
Ростовэнерго -47 16
Россети Янтарь Россети Янтарь -31 12'

07-03-2025T06:37:09 - [TEST_STEP][PASSED] - n = n + 26: null

07-03-2025T06:37:09 - [TEST_STEP][PASSED] - b = n - run + 1: null

07-03-2025T06:37:09 - [TEST_STEP][PASSED] - verifyEqual(findTestData("PlanFact").getValue(2, b), a1): Actual object '' and expected object '' are equal

07-03-2025T06:37:09 - [MESSAGE][PASSED] - Actual object '' and expected object '' are equal

07-03-2025T06:37:09 - [TEST_STEP][PASSED] - verifyEqual(findTestData("PlanFact").getValue(3, b), a2): Actual object '' and expected object '' are equal

07-03-2025T06:37:09 - [MESSAGE][PASSED] - Actual object '' and expected object '' are equal

07-03-2025T06:37:09 - [TEST_STEP][PASSED] - verifyEqual(findTestData("PlanFact").getValue(4, b), a3): Actual object 'ДЗО
Филиал
Отклонение (объём услуг)
Отклонение (средний тариф)
АО "РЭС" АО "РЭС" -76 3
АО «Тываэнерго» АО "Тываэнерго" 19 4
АО «Чеченэнерго» АО «Чеченэнерго» -35 -48
Россети Волга Мордовэнерго - 150 -6
Оренбургэнерго -62 -9
Пензаэнерго -35 -1
Самарские РС -78 142
Саратовские РС -77 -49
Ульяновские РС 14 6
Чувашэнерго -4 12
Россети Кубань Кубаньэнерго - 341 287
Россети Ленэнерго (ГК) Ленинградская область - 311 187
г. Санкт-Петербург - 291 12
Россети Московский регион Московская область - 780 53
г. Москва - 195 -5
Россети Северный Кавказ (ГК) Дагэнерго - 238 -48
Ингушэнерго -60 14
Каббалкэнерго 20 -4
Карачаево-Черкесскэнерго -10 - 109
Севкавказэнерго - 121 -10
Ставропольэнерго -68 28
Россети Северо-Запад Архангельский филиал -52 21
Вологодский филиал -40 10
Карельский филиал -50 -15
Мурманский филиал 20 -17
Новгородский филиал -49 0
Псковский филиал -48 13
филиал в Республике Коми -53 9
Россети Сибирь (ГК) Алтайэнерго 39 16
Бурятэнерго 10 -7
ГАЭС 9 2
Красноярскэнерго 117 -4
Кузбассэнерго-РЭС 37 147
Омскэнерго -2 -21
Хакасэнерго -10 -12
Читаэнерго -1 25
Россети Томск Томская распределительная компания -62 5
Россети Тюмень Россети Тюмень - 986 - 117
Россети Урал (ГК) Пермэнерго - 187 5
Свердловэнерго - 152 -4
Челябэнерго - 141 5
Россети ФСК ЕЭС Итого по ФСК ЕЭС - 311 252
Россети Центр Белгородэнерго -85 14
Брянскэнерго -50 -8
Воронежэнерго -98 -2
Костромаэнерго -42 3
Курскэнерго -32 8
Липецкэнерго -79 20
Орелэнерго -40 5
Смоленскэнерго -52 -7
Тамбовэнерго -25 -5
Тверьэнерго - 133 0
Ярэнерго -60 -7
Россети Центр и Приволжье (ГК) Владимирэнерго 0 1 448
Ивэнерго 0 779
Калугаэнерго 0 1 441
Кировэнерго 0 1 158
Мариэнерго 0 478
Нижновэнерго 0 3 348
Рязаньэнерго 0 1 093
Тулэнерго 0 1 695
Удмуртэнерго 0 1 616
Россети Юг (ГК) АО «ВМЭС» 0 4
Астраханьэнерго 1 -6
Волгоградэнерго - 140 -12
Калмэнерго -8 2
Ростовэнерго -47 16
Россети Янтарь Россети Янтарь -31 12' and expected object 'ДЗО
Филиал
Отклонение (объём услуг)
Отклонение (средний тариф)
АО "РЭС" АО "РЭС" -76 3
АО «Тываэнерго» АО "Тываэнерго" 19 4
АО «Чеченэнерго» АО «Чеченэнерго» -35 -48
Россети Волга Мордовэнерго - 150 -6
Оренбургэнерго -62 -9
Пензаэнерго -35 -1
Самарские РС -78 142
Саратовские РС -77 -49
Ульяновские РС 14 6
Чувашэнерго -4 12
Россети Кубань Кубаньэнерго - 341 287
Россети Ленэнерго (ГК) Ленинградская область - 311 187
г. Санкт-Петербург - 291 12
Россети Московский регион Московская область - 780 53
г. Москва - 195 -5
Россети Северный Кавказ (ГК) Дагэнерго - 238 -48
Ингушэнерго -60 14
Каббалкэнерго 20 -4
Карачаево-Черкесскэнерго -10 - 109
Севкавказэнерго - 121 -10
Ставропольэнерго -68 28
Россети Северо-Запад Архангельский филиал -52 21
Вологодский филиал -40 10
Карельский филиал -50 -15
Мурманский филиал 20 -17
Новгородский филиал -49 0
Псковский филиал -48 13
филиал в Республике Коми -53 9
Россети Сибирь (ГК) Алтайэнерго 39 16
Бурятэнерго 10 -7
ГАЭС 9 2
Красноярскэнерго 117 -4
Кузбассэнерго-РЭС 37 147
Омскэнерго -2 -21
Хакасэнерго -10 -12
Читаэнерго -1 25
Россети Томск Томская распределительная компания -62 5
Россети Тюмень Россети Тюмень - 986 - 117
Россети Урал (ГК) Пермэнерго - 187 5
Свердловэнерго - 152 -4
Челябэнерго - 141 5
Россети ФСК ЕЭС Итого по ФСК ЕЭС - 311 252
Россети Центр Белгородэнерго -85 14
Брянскэнерго -50 -8
Воронежэнерго -98 -2
Костромаэнерго -42 3
Курскэнерго -32 8
Липецкэнерго -79 20
Орелэнерго -40 5
Смоленскэнерго -52 -7
Тамбовэнерго -25 -5
Тверьэнерго - 133 0
Ярэнерго -60 -7
Россети Центр и Приволжье (ГК) Владимирэнерго 0 1 448
Ивэнерго 0 779
Калугаэнерго 0 1 441
Кировэнерго 0 1 158
Мариэнерго 0 478
Нижновэнерго 0 3 348
Рязаньэнерго 0 1 093
Тулэнерго 0 1 695
Удмуртэнерго 0 1 616
Россети Юг (ГК) АО «ВМЭС» 0 4
Астраханьэнерго 1 -6
Волгоградэнерго - 140 -12
Калмэнерго -8 2
Ростовэнерго -47 16
Россети Янтарь Россети Янтарь -31 12' are equal

07-03-2025T06:37:09 - [MESSAGE][PASSED] - Actual object 'ДЗО
Филиал
Отклонение (объём услуг)
Отклонение (средний тариф)
АО "РЭС" АО "РЭС" -76 3
АО «Тываэнерго» АО "Тываэнерго" 19 4
АО «Чеченэнерго» АО «Чеченэнерго» -35 -48
Россети Волга Мордовэнерго - 150 -6
Оренбургэнерго -62 -9
Пензаэнерго -35 -1
Самарские РС -78 142
Саратовские РС -77 -49
Ульяновские РС 14 6
Чувашэнерго -4 12
Россети Кубань Кубаньэнерго - 341 287
Россети Ленэнерго (ГК) Ленинградская область - 311 187
г. Санкт-Петербург - 291 12
Россети Московский регион Московская область - 780 53
г. Москва - 195 -5
Россети Северный Кавказ (ГК) Дагэнерго - 238 -48
Ингушэнерго -60 14
Каббалкэнерго 20 -4
Карачаево-Черкесскэнерго -10 - 109
Севкавказэнерго - 121 -10
Ставропольэнерго -68 28
Россети Северо-Запад Архангельский филиал -52 21
Вологодский филиал -40 10
Карельский филиал -50 -15
Мурманский филиал 20 -17
Новгородский филиал -49 0
Псковский филиал -48 13
филиал в Республике Коми -53 9
Россети Сибирь (ГК) Алтайэнерго 39 16
Бурятэнерго 10 -7
ГАЭС 9 2
Красноярскэнерго 117 -4
Кузбассэнерго-РЭС 37 147
Омскэнерго -2 -21
Хакасэнерго -10 -12
Читаэнерго -1 25
Россети Томск Томская распределительная компания -62 5
Россети Тюмень Россети Тюмень - 986 - 117
Россети Урал (ГК) Пермэнерго - 187 5
Свердловэнерго - 152 -4
Челябэнерго - 141 5
Россети ФСК ЕЭС Итого по ФСК ЕЭС - 311 252
Россети Центр Белгородэнерго -85 14
Брянскэнерго -50 -8
Воронежэнерго -98 -2
Костромаэнерго -42 3
Курскэнерго -32 8
Липецкэнерго -79 20
Орелэнерго -40 5
Смоленскэнерго -52 -7
Тамбовэнерго -25 -5
Тверьэнерго - 133 0
Ярэнерго -60 -7
Россети Центр и Приволжье (ГК) Владимирэнерго 0 1 448
Ивэнерго 0 779
Калугаэнерго 0 1 441
Кировэнерго 0 1 158
Мариэнерго 0 478
Нижновэнерго 0 3 348
Рязаньэнерго 0 1 093
Тулэнерго 0 1 695
Удмуртэнерго 0 1 616
Россети Юг (ГК) АО «ВМЭС» 0 4
Астраханьэнерго 1 -6
Волгоградэнерго - 140 -12
Калмэнерго -8 2
Ростовэнерго -47 16
Россети Янтарь Россети Янтарь -31 12' and expected object 'ДЗО
Филиал
Отклонение (объём услуг)
Отклонение (средний тариф)
АО "РЭС" АО "РЭС" -76 3
АО «Тываэнерго» АО "Тываэнерго" 19 4
АО «Чеченэнерго» АО «Чеченэнерго» -35 -48
Россети Волга Мордовэнерго - 150 -6
Оренбургэнерго -62 -9
Пензаэнерго -35 -1
Самарские РС -78 142
Саратовские РС -77 -49
Ульяновские РС 14 6
Чувашэнерго -4 12
Россети Кубань Кубаньэнерго - 341 287
Россети Ленэнерго (ГК) Ленинградская область - 311 187
г. Санкт-Петербург - 291 12
Россети Московский регион Московская область - 780 53
г. Москва - 195 -5
Россети Северный Кавказ (ГК) Дагэнерго - 238 -48
Ингушэнерго -60 14
Каббалкэнерго 20 -4
Карачаево-Черкесскэнерго -10 - 109
Севкавказэнерго - 121 -10
Ставропольэнерго -68 28
Россети Северо-Запад Архангельский филиал -52 21
Вологодский филиал -40 10
Карельский филиал -50 -15
Мурманский филиал 20 -17
Новгородский филиал -49 0
Псковский филиал -48 13
филиал в Республике Коми -53 9
Россети Сибирь (ГК) Алтайэнерго 39 16
Бурятэнерго 10 -7
ГАЭС 9 2
Красноярскэнерго 117 -4
Кузбассэнерго-РЭС 37 147
Омскэнерго -2 -21
Хакасэнерго -10 -12
Читаэнерго -1 25
Россети Томск Томская распределительная компания -62 5
Россети Тюмень Россети Тюмень - 986 - 117
Россети Урал (ГК) Пермэнерго - 187 5
Свердловэнерго - 152 -4
Челябэнерго - 141 5
Россети ФСК ЕЭС Итого по ФСК ЕЭС - 311 252
Россети Центр Белгородэнерго -85 14
Брянскэнерго -50 -8
Воронежэнерго -98 -2
Костромаэнерго -42 3
Курскэнерго -32 8
Липецкэнерго -79 20
Орелэнерго -40 5
Смоленскэнерго -52 -7
Тамбовэнерго -25 -5
Тверьэнерго - 133 0
Ярэнерго -60 -7
Россети Центр и Приволжье (ГК) Владимирэнерго 0 1 448
Ивэнерго 0 779
Калугаэнерго 0 1 441
Кировэнерго 0 1 158
Мариэнерго 0 478
Нижновэнерго 0 3 348
Рязаньэнерго 0 1 093
Тулэнерго 0 1 695
Удмуртэнерго 0 1 616
Россети Юг (ГК) АО «ВМЭС» 0 4
Астраханьэнерго 1 -6
Волгоградэнерго - 140 -12
Калмэнерго -8 2
Ростовэнерго -47 16
Россети Янтарь Россети Янтарь -31 12' are equal

07-03-2025T06:37:09 - [TEST_STEP][PASSED] - verifyEqual(findTestData("PlanFact").getValue(5, b), a4): Actual object 'ДЗО
Филиал
Отклонение (объём услуг)
Отклонение (средний тариф)
АО "РЭС" АО "РЭС" -76 3
АО «Тываэнерго» АО "Тываэнерго" 19 4
АО «Чеченэнерго» АО «Чеченэнерго» -35 -48
Россети Волга Мордовэнерго - 150 -6
Оренбургэнерго -62 -9
Пензаэнерго -35 -1
Самарские РС -78 142
Саратовские РС -77 -49
Ульяновские РС 14 6
Чувашэнерго -4 12
Россети Кубань Кубаньэнерго - 341 287
Россети Ленэнерго (ГК) Ленинградская область - 311 187
г. Санкт-Петербург - 291 12
Россети Московский регион Московская область - 780 53
г. Москва - 195 -5
Россети Северный Кавказ (ГК) Дагэнерго - 238 -48
Ингушэнерго -60 14
Каббалкэнерго 20 -4
Карачаево-Черкесскэнерго -10 - 109
Севкавказэнерго - 121 -10
Ставропольэнерго -68 28
Россети Северо-Запад Архангельский филиал -52 21
Вологодский филиал -40 10
Карельский филиал -50 -15
Мурманский филиал 20 -17
Новгородский филиал -49 0
Псковский филиал -48 13
филиал в Республике Коми -53 9
Россети Сибирь (ГК) Алтайэнерго 39 16
Бурятэнерго 10 -7
ГАЭС 9 2
Красноярскэнерго 117 -4
Кузбассэнерго-РЭС 37 147
Омскэнерго -2 -21
Хакасэнерго -10 -12
Читаэнерго -1 25
Россети Томск Томская распределительная компания -62 5
Россети Тюмень Россети Тюмень - 986 - 117
Россети Урал (ГК) Пермэнерго - 187 5
Свердловэнерго - 152 -4
Челябэнерго - 141 5
Россети ФСК ЕЭС Итого по ФСК ЕЭС - 311 252
Россети Центр Белгородэнерго -85 14
Брянскэнерго -50 -8
Воронежэнерго -98 -2
Костромаэнерго -42 3
Курскэнерго -32 8
Липецкэнерго -79 20
Орелэнерго -40 5
Смоленскэнерго -52 -7
Тамбовэнерго -25 -5
Тверьэнерго - 133 0
Ярэнерго -60 -7
Россети Центр и Приволжье (ГК) Владимирэнерго 0 1 448
Ивэнерго 0 779
Калугаэнерго 0 1 441
Кировэнерго 0 1 158
Мариэнерго 0 478
Нижновэнерго 0 3 348
Рязаньэнерго 0 1 093
Тулэнерго 0 1 695
Удмуртэнерго 0 1 616
Россети Юг (ГК) АО «ВМЭС» 0 4
Астраханьэнерго 1 -6
Волгоградэнерго - 140 -12
Калмэнерго -8 2
Ростовэнерго -47 16
Россети Янтарь Россети Янтарь -31 12' and expected object 'ДЗО
Филиал
Отклонение (объём услуг)
Отклонение (средний тариф)
АО "РЭС" АО "РЭС" -76 3
АО «Тываэнерго» АО "Тываэнерго" 19 4
АО «Чеченэнерго» АО «Чеченэнерго» -35 -48
Россети Волга Мордовэнерго - 150 -6
Оренбургэнерго -62 -9
Пензаэнерго -35 -1
Самарские РС -78 142
Саратовские РС -77 -49
Ульяновские РС 14 6
Чувашэнерго -4 12
Россети Кубань Кубаньэнерго - 341 287
Россети Ленэнерго (ГК) Ленинградская область - 311 187
г. Санкт-Петербург - 291 12
Россети Московский регион Московская область - 780 53
г. Москва - 195 -5
Россети Северный Кавказ (ГК) Дагэнерго - 238 -48
Ингушэнерго -60 14
Каббалкэнерго 20 -4
Карачаево-Черкесскэнерго -10 - 109
Севкавказэнерго - 121 -10
Ставропольэнерго -68 28
Россети Северо-Запад Архангельский филиал -52 21
Вологодский филиал -40 10
Карельский филиал -50 -15
Мурманский филиал 20 -17
Новгородский филиал -49 0
Псковский филиал -48 13
филиал в Республике Коми -53 9
Россети Сибирь (ГК) Алтайэнерго 39 16
Бурятэнерго 10 -7
ГАЭС 9 2
Красноярскэнерго 117 -4
Кузбассэнерго-РЭС 37 147
Омскэнерго -2 -21
Хакасэнерго -10 -12
Читаэнерго -1 25
Россети Томск Томская распределительная компания -62 5
Россети Тюмень Россети Тюмень - 986 - 117
Россети Урал (ГК) Пермэнерго - 187 5
Свердловэнерго - 152 -4
Челябэнерго - 141 5
Россети ФСК ЕЭС Итого по ФСК ЕЭС - 311 252
Россети Центр Белгородэнерго -85 14
Брянскэнерго -50 -8
Воронежэнерго -98 -2
Костромаэнерго -42 3
Курскэнерго -32 8
Липецкэнерго -79 20
Орелэнерго -40 5
Смоленскэнерго -52 -7
Тамбовэнерго -25 -5
Тверьэнерго - 133 0
Ярэнерго -60 -7
Россети Центр и Приволжье (ГК) Владимирэнерго 0 1 448
Ивэнерго 0 779
Калугаэнерго 0 1 441
Кировэнерго 0 1 158
Мариэнерго 0 478
Нижновэнерго 0 3 348
Рязаньэнерго 0 1 093
Тулэнерго 0 1 695
Удмуртэнерго 0 1 616
Россети Юг (ГК) АО «ВМЭС» 0 4
Астраханьэнерго 1 -6
Волгоградэнерго - 140 -12
Калмэнерго -8 2
Ростовэнерго -47 16
Россети Янтарь Россети Янтарь -31 12' are equal

07-03-2025T06:37:09 - [MESSAGE][PASSED] - Actual object 'ДЗО
Филиал
Отклонение (объём услуг)
Отклонение (средний тариф)
АО "РЭС" АО "РЭС" -76 3
АО «Тываэнерго» АО "Тываэнерго" 19 4
АО «Чеченэнерго» АО «Чеченэнерго» -35 -48
Россети Волга Мордовэнерго - 150 -6
Оренбургэнерго -62 -9
Пензаэнерго -35 -1
Самарские РС -78 142
Саратовские РС -77 -49
Ульяновские РС 14 6
Чувашэнерго -4 12
Россети Кубань Кубаньэнерго - 341 287
Россети Ленэнерго (ГК) Ленинградская область - 311 187
г. Санкт-Петербург - 291 12
Россети Московский регион Московская область - 780 53
г. Москва - 195 -5
Россети Северный Кавказ (ГК) Дагэнерго - 238 -48
Ингушэнерго -60 14
Каббалкэнерго 20 -4
Карачаево-Черкесскэнерго -10 - 109
Севкавказэнерго - 121 -10
Ставропольэнерго -68 28
Россети Северо-Запад Архангельский филиал -52 21
Вологодский филиал -40 10
Карельский филиал -50 -15
Мурманский филиал 20 -17
Новгородский филиал -49 0
Псковский филиал -48 13
филиал в Республике Коми -53 9
Россети Сибирь (ГК) Алтайэнерго 39 16
Бурятэнерго 10 -7
ГАЭС 9 2
Красноярскэнерго 117 -4
Кузбассэнерго-РЭС 37 147
Омскэнерго -2 -21
Хакасэнерго -10 -12
Читаэнерго -1 25
Россети Томск Томская распределительная компания -62 5
Россети Тюмень Россети Тюмень - 986 - 117
Россети Урал (ГК) Пермэнерго - 187 5
Свердловэнерго - 152 -4
Челябэнерго - 141 5
Россети ФСК ЕЭС Итого по ФСК ЕЭС - 311 252
Россети Центр Белгородэнерго -85 14
Брянскэнерго -50 -8
Воронежэнерго -98 -2
Костромаэнерго -42 3
Курскэнерго -32 8
Липецкэнерго -79 20
Орелэнерго -40 5
Смоленскэнерго -52 -7
Тамбовэнерго -25 -5
Тверьэнерго - 133 0
Ярэнерго -60 -7
Россети Центр и Приволжье (ГК) Владимирэнерго 0 1 448
Ивэнерго 0 779
Калугаэнерго 0 1 441
Кировэнерго 0 1 158
Мариэнерго 0 478
Нижновэнерго 0 3 348
Рязаньэнерго 0 1 093
Тулэнерго 0 1 695
Удмуртэнерго 0 1 616
Россети Юг (ГК) АО «ВМЭС» 0 4
Астраханьэнерго 1 -6
Волгоградэнерго - 140 -12
Калмэнерго -8 2
Ростовэнерго -47 16
Россети Янтарь Россети Янтарь -31 12' and expected object 'ДЗО
Филиал
Отклонение (объём услуг)
Отклонение (средний тариф)
АО "РЭС" АО "РЭС" -76 3
АО «Тываэнерго» АО "Тываэнерго" 19 4
АО «Чеченэнерго» АО «Чеченэнерго» -35 -48
Россети Волга Мордовэнерго - 150 -6
Оренбургэнерго -62 -9
Пензаэнерго -35 -1
Самарские РС -78 142
Саратовские РС -77 -49
Ульяновские РС 14 6
Чувашэнерго -4 12
Россети Кубань Кубаньэнерго - 341 287
Россети Ленэнерго (ГК) Ленинградская область - 311 187
г. Санкт-Петербург - 291 12
Россети Московский регион Московская область - 780 53
г. Москва - 195 -5
Россети Северный Кавказ (ГК) Дагэнерго - 238 -48
Ингушэнерго -60 14
Каббалкэнерго 20 -4
Карачаево-Черкесскэнерго -10 - 109
Севкавказэнерго - 121 -10
Ставропольэнерго -68 28
Россети Северо-Запад Архангельский филиал -52 21
Вологодский филиал -40 10
Карельский филиал -50 -15
Мурманский филиал 20 -17
Новгородский филиал -49 0
Псковский филиал -48 13
филиал в Республике Коми -53 9
Россети Сибирь (ГК) Алтайэнерго 39 16
Бурятэнерго 10 -7
ГАЭС 9 2
Красноярскэнерго 117 -4
Кузбассэнерго-РЭС 37 147
Омскэнерго -2 -21
Хакасэнерго -10 -12
Читаэнерго -1 25
Россети Томск Томская распределительная компания -62 5
Россети Тюмень Россети Тюмень - 986 - 117
Россети Урал (ГК) Пермэнерго - 187 5
Свердловэнерго - 152 -4
Челябэнерго - 141 5
Россети ФСК ЕЭС Итого по ФСК ЕЭС - 311 252
Россети Центр Белгородэнерго -85 14
Брянскэнерго -50 -8
Воронежэнерго -98 -2
Костромаэнерго -42 3
Курскэнерго -32 8
Липецкэнерго -79 20
Орелэнерго -40 5
Смоленскэнерго -52 -7
Тамбовэнерго -25 -5
Тверьэнерго - 133 0
Ярэнерго -60 -7
Россети Центр и Приволжье (ГК) Владимирэнерго 0 1 448
Ивэнерго 0 779
Калугаэнерго 0 1 441
Кировэнерго 0 1 158
Мариэнерго 0 478
Нижновэнерго 0 3 348
Рязаньэнерго 0 1 093
Тулэнерго 0 1 695
Удмуртэнерго 0 1 616
Россети Юг (ГК) АО «ВМЭС» 0 4
Астраханьэнерго 1 -6
Волгоградэнерго - 140 -12
Калмэнерго -8 2
Ростовэнерго -47 16
Россети Янтарь Россети Янтарь -31 12' are equal

07-03-2025T06:37:09 - [TEST_STEP][PASSED] - Script1686231490255.WriteToExcel(user, dashboardName, n, data, run, a1, a2, a3, a4, a5, a6, a7, a8, a9): null

07-03-2025T06:37:09 - [TEST_STEP][PASSED] - sheetName = "Sheet1": null

07-03-2025T06:37:09 - [TEST_STEP][PASSED] - workbook01 = getWorkbook(excelFilePath): null

07-03-2025T06:37:09 - [TEST_STEP][PASSED] - sheet01 = getExcelSheet(workbook01, sheetName): null

07-03-2025T06:37:09 - [TEST_STEP][PASSED] - setValueToCellByIndex(sheet01, n, 0, dashboardName): null

07-03-2025T06:37:09 - [TEST_STEP][PASSED] - setValueToCellByIndex(sheet01, n, 10, user): null

07-03-2025T06:37:09 - [TEST_STEP][PASSED] - setValueToCellByIndex(sheet01, n, 1, a1): null

07-03-2025T06:37:09 - [TEST_STEP][PASSED] - setValueToCellByIndex(sheet01, n, 2, a2): null

07-03-2025T06:37:09 - [TEST_STEP][PASSED] - setValueToCellByIndex(sheet01, n, 3, a3): null

07-03-2025T06:37:09 - [TEST_STEP][PASSED] - setValueToCellByIndex(sheet01, n, 4, a4): null

07-03-2025T06:37:09 - [TEST_STEP][PASSED] - setValueToCellByIndex(sheet01, n, 5, a5): null

07-03-2025T06:37:09 - [TEST_STEP][PASSED] - setValueToCellByIndex(sheet01, n, 6, a6): null

07-03-2025T06:37:09 - [TEST_STEP][PASSED] - setValueToCellByIndex(sheet01, n, 7, a7): null

07-03-2025T06:37:09 - [TEST_STEP][PASSED] - setValueToCellByIndex(sheet01, n, 8, a8): null

07-03-2025T06:37:09 - [TEST_STEP][PASSED] - setValueToCellByIndex(sheet01, n, 9, a9): null

07-03-2025T06:37:09 - [TEST_STEP][PASSED] - n = n + 1: null

07-03-2025T06:37:09 - [TEST_STEP][PASSED] - saveWorkbook(excelFilePath, workbook01): null

07-03-2025T06:37:09 - [TEST_STEP][PASSED] - closeBrowser(): Browser is closed

07-03-2025T06:37:09 - [MESSAGE][PASSED] - Browser is closed

07-03-2025T06:37:09 - [TEST_STEP][PASSED] - delay(70): Delayed 70 second(s)

07-03-2025T06:38:19 - [MESSAGE][PASSED] - Delayed 70 second(s)

07-03-2025T06:38:19 - [TEST_STEP][PASSED] - for ([run = 1, run < 4, (run++)]): null

07-03-2025T06:38:19 - [TEST_STEP][PASSED] - ViruchkaPoDZO(user, dashboardName, n, data, run, a1, a2, a3, a4, a5, a6, a7, a8, a9, urlData): null

07-03-2025T06:38:19 - [TEST_STEP][PASSED] - n = data.getRowNumbers() + 1: null

07-03-2025T06:38:19 - [TEST_STEP][PASSED] - println(n): null

07-03-2025T06:38:19 - [TEST_STEP][PASSED] - dashboardName = "Выручка по ДЗО": null

07-03-2025T06:38:19 - [TEST_STEP][PASSED] - openBrowser(""): Browser is opened with url: ''

07-03-2025T06:38:19 - [MESSAGE][INFO] - Starting 'Chrome' driver

07-03-2025T06:38:19 - [MESSAGE][INFO] - Action delay is set to 0 milliseconds

07-03-2025T06:38:20 - [MESSAGE][PASSED] - Browser is opened with url: ''

07-03-2025T06:38:20 - [TEST_STEP][PASSED] - urlData = 5: null

07-03-2025T06:38:20 - [TEST_STEP][PASSED] - Script1686231490255.CheckPageDownload(urlData, run): null

07-03-2025T06:38:20 - [TEST_STEP][PASSED] - i = 1: null

07-03-2025T06:38:20 - [TEST_STEP][PASSED] - ii = 0: null

07-03-2025T06:38:20 - [TEST_STEP][PASSED] - urlText = <not implemented yet for class: org.codehaus.groovy.ast.expr.EmptyExpression>: null

07-03-2025T06:38:20 - [TEST_STEP][PASSED] - searchWord = <not implemented yet for class: org.codehaus.groovy.ast.expr.EmptyExpression>: null

07-03-2025T06:38:20 - [TEST_STEP][PASSED] - deleteAllCookies(): Delete all cookies successfully

07-03-2025T06:38:20 - [MESSAGE][PASSED] - Delete all cookies successfully

07-03-2025T06:38:20 - [TEST_STEP][PASSED] - refresh(): Refresh successfully

07-03-2025T06:38:20 - [MESSAGE][PASSED] - Refresh successfully

07-03-2025T06:38:20 - [TEST_STEP][PASSED] - delay(70): Delayed 70 second(s)

07-03-2025T06:39:30 - [MESSAGE][PASSED] - Delayed 70 second(s)

07-03-2025T06:39:30 - [TEST_STEP][PASSED] - navigateToUrl(findTestData("PlanFact").getValue(10, urlData)): Navigate to 'https://bi.rosseti.digital/viewer?dashboardGuid=2301950b23be4ed89c1df75f2020051e&sheetGuid=31530aa0b6664c09b016b7f2ab9d853e&fit=true' successfully

07-03-2025T06:39:34 - [MESSAGE][PASSED] - Navigate to 'https://bi.rosseti.digital/viewer?dashboardGuid=2301950b23be4ed89c1df75f2020051e&sheetGuid=31530aa0b6664c09b016b7f2ab9d853e&fit=true' successfully

07-03-2025T06:39:34 - [TEST_STEP][PASSED] - pageLoaded1 = verifyElementPresent(findTestObject("Страница авторизации/Text"), 30): Object 'Object Repository/Страница авторизации/Text' is present

07-03-2025T06:39:35 - [MESSAGE][PASSED] - Object 'Object Repository/Страница авторизации/Text' is present

07-03-2025T06:39:35 - [TEST_STEP][PASSED] - if (pageLoaded1 == false): null

07-03-2025T06:39:35 - [TEST_STEP][PASSED] - urlText = getText(findTestObject("Страница авторизации/Text")): Text of object 'Object Repository/Страница авторизации/Text' is: 'Вход'

07-03-2025T06:39:36 - [MESSAGE][PASSED] - Text of object 'Object Repository/Страница авторизации/Text' is: 'Вход'

07-03-2025T06:39:36 - [TEST_STEP][PASSED] - delay(70): Delayed 70 second(s)

07-03-2025T06:40:46 - [MESSAGE][PASSED] - Delayed 70 second(s)

07-03-2025T06:40:46 - [TEST_STEP][PASSED] - searchWord = "Вход": null

07-03-2025T06:40:46 - [TEST_STEP][PASSED] - if (urlText.contains(searchWord) == false): null

07-03-2025T06:40:46 - [TEST_STEP][PASSED] - setText(findTestObject("Страница авторизации/input__username"), findTestData("PlanFact").getValue(8, run)): Text 'liazgina-di' is set on object 'Object Repository/Страница авторизации/input__username'

07-03-2025T06:40:46 - [MESSAGE][PASSED] - Text 'liazgina-di' is set on object 'Object Repository/Страница авторизации/input__username'

07-03-2025T06:40:46 - [TEST_STEP][PASSED] - setText(findTestObject("Страница авторизации/input__password"), findTestData("PlanFact").getValue(9, run)): Text ')$%5srZ8o688Dm#q' is set on object 'Object Repository/Страница авторизации/input__password'

07-03-2025T06:40:47 - [MESSAGE][PASSED] - Text ')$%5srZ8o688Dm#q' is set on object 'Object Repository/Страница авторизации/input__password'

07-03-2025T06:40:47 - [TEST_STEP][PASSED] - click(findTestObject("Страница авторизации/button_")): Object: 'Object Repository/Страница авторизации/button_' is clicked on

07-03-2025T06:40:48 - [MESSAGE][PASSED] - Object: 'Object Repository/Страница авторизации/button_' is clicked on

07-03-2025T06:40:48 - [TEST_STEP][PASSED] - delay(70): Delayed 70 second(s)

07-03-2025T06:41:58 - [MESSAGE][PASSED] - Delayed 70 second(s)

07-03-2025T06:41:58 - [TEST_STEP][PASSED] - searchWord = "а": null

07-03-2025T06:41:58 - [TEST_STEP][PASSED] - pageLoaded2 = verifyElementPresent(findTestObject("Страница авторизации/Text"), 50): Object 'Object Repository/Страница авторизации/Text' is present

07-03-2025T06:41:59 - [MESSAGE][PASSED] - Object 'Object Repository/Страница авторизации/Text' is present

07-03-2025T06:41:59 - [TEST_STEP][PASSED] - if (pageLoaded2 == false): null

07-03-2025T06:41:59 - [TEST_STEP][PASSED] - urlText = getText(findTestObject("Страница авторизации/Text")): Text of object 'Object Repository/Страница авторизации/Text' is: 'Период
Январь 2025 года
Выручка
Все
ДЗО 
ПАО Россети
Выручка по ДЗО
Выполнение плановых показателей по ПАО Россети за Январь 2025 года
2 275 2 275
0 0
0 0
8 938 8 938
7 813 7 813
11 645 11 645
12 788 12 788
0 0
7 066 7 066
0 0
1 091 1 091
10 368 10 368
10 920 10 920
28 393 28 393
12 599 12 599
0 0
6 349 6 349
1 064 1 064
2 202 2 202
274 274
463 463
10 568 10 568
7 759 7 759
11 241 11 241
21 497 21 497
3 799 3 799
6 815 6 815
11 296 11 296
1 034 1 034
9 265 9 265
10 446 10 446
28 334 28 334
11 924 11 924
13 055 13 055
6 848 6 848
1 045 1 045
План
Факт
АО "РЭС"
АО «Тываэнерго»
АО «Чеченэнерго»
Россети Волга
Россети Кубань
Россети Ленэнерго (ГК)
Россети Московский регион
Россети Северный Кавказ (ГК)
Россети Северо-Запад
Россети Сибирь (ГК)
Россети Томск
Россети Тюмень
Россети Урал (ГК)
Россети ФСК ЕЭС
Россети Центр
Россети Центр и Приволжье (ГК)
Россети Юг (ГК)
Россети Янтарь
0 млн. руб.
2 500 млн. руб.
5 000 млн. руб.
7 500 млн. руб.
10 000 млн. руб.
12 500 млн. руб.
15 000 млн. руб.
17 500 млн. руб.
20 000 млн. руб.
22 500 млн. руб.
25 000 млн. руб.
27 500 млн. руб.
30 000 млн. руб.
Выполнение плановых показателей по ПАО Россети за Январь 2025 года
1,4%1,4%
0,17%0,17%
0,29%0,29%
6,69%6,69%
4,92%4,92%
7,12%7,12%
13,62%13,62%
2,41%2,41%
4,32%4,32%
7,16%7,16%
0,65%0,65%
5,87%5,87%
6,62%6,62%
17,95%17,95%
7,55%7,55%
8,27%8,27%
4,34%4,34%
0,66%0,66%
АО "РЭС"
АО «Тываэнерго»
АО «Чеченэнерго»
Россети Волга
Россети Кубань
Россети Ленэнерго (ГК)
Россети Московский регион
Россети Северный Кавказ (ГК)
Россети Северо-Запад
Россети Сибирь (ГК)
Россети Томск
Россети Тюмень
Россети Урал (ГК)
Россети ФСК ЕЭС
Россети Центр
Россети Центр и Приволжье (ГК)
Россети Юг (ГК)
Россети Янтарь'

07-03-2025T06:41:59 - [MESSAGE][PASSED] - Text of object 'Object Repository/Страница авторизации/Text' is: 'Период
Январь 2025 года
Выручка
Все
ДЗО 
ПАО Россети
Выручка по ДЗО
Выполнение плановых показателей по ПАО Россети за Январь 2025 года
2 275 2 275
0 0
0 0
8 938 8 938
7 813 7 813
11 645 11 645
12 788 12 788
0 0
7 066 7 066
0 0
1 091 1 091
10 368 10 368
10 920 10 920
28 393 28 393
12 599 12 599
0 0
6 349 6 349
1 064 1 064
2 202 2 202
274 274
463 463
10 568 10 568
7 759 7 759
11 241 11 241
21 497 21 497
3 799 3 799
6 815 6 815
11 296 11 296
1 034 1 034
9 265 9 265
10 446 10 446
28 334 28 334
11 924 11 924
13 055 13 055
6 848 6 848
1 045 1 045
План
Факт
АО "РЭС"
АО «Тываэнерго»
АО «Чеченэнерго»
Россети Волга
Россети Кубань
Россети Ленэнерго (ГК)
Россети Московский регион
Россети Северный Кавказ (ГК)
Россети Северо-Запад
Россети Сибирь (ГК)
Россети Томск
Россети Тюмень
Россети Урал (ГК)
Россети ФСК ЕЭС
Россети Центр
Россети Центр и Приволжье (ГК)
Россети Юг (ГК)
Россети Янтарь
0 млн. руб.
2 500 млн. руб.
5 000 млн. руб.
7 500 млн. руб.
10 000 млн. руб.
12 500 млн. руб.
15 000 млн. руб.
17 500 млн. руб.
20 000 млн. руб.
22 500 млн. руб.
25 000 млн. руб.
27 500 млн. руб.
30 000 млн. руб.
Выполнение плановых показателей по ПАО Россети за Январь 2025 года
1,4%1,4%
0,17%0,17%
0,29%0,29%
6,69%6,69%
4,92%4,92%
7,12%7,12%
13,62%13,62%
2,41%2,41%
4,32%4,32%
7,16%7,16%
0,65%0,65%
5,87%5,87%
6,62%6,62%
17,95%17,95%
7,55%7,55%
8,27%8,27%
4,34%4,34%
0,66%0,66%
АО "РЭС"
АО «Тываэнерго»
АО «Чеченэнерго»
Россети Волга
Россети Кубань
Россети Ленэнерго (ГК)
Россети Московский регион
Россети Северный Кавказ (ГК)
Россети Северо-Запад
Россети Сибирь (ГК)
Россети Томск
Россети Тюмень
Россети Урал (ГК)
Россети ФСК ЕЭС
Россети Центр
Россети Центр и Приволжье (ГК)
Россети Юг (ГК)
Россети Янтарь'

07-03-2025T06:41:59 - [TEST_STEP][PASSED] - if (urlText.contains("ошибка") || urlText.contains(searchWord) == false): null

07-03-2025T06:41:59 - [TEST_STEP][PASSED] - click(findTestObject("Выручка по ДЗО/Фильтр Дата")): Object: 'Object Repository/Выручка по ДЗО/Фильтр Дата' is clicked on

07-03-2025T06:42:00 - [MESSAGE][PASSED] - Object: 'Object Repository/Выручка по ДЗО/Фильтр Дата' is clicked on

07-03-2025T06:42:00 - [TEST_STEP][PASSED] - click(findTestObject("Выручка по ДЗО/Снять выделение в фильтре Дата")): Object: 'Object Repository/Выручка по ДЗО/Снять выделение в фильтре Дата' is clicked on

07-03-2025T06:42:00 - [MESSAGE][PASSED] - Object: 'Object Repository/Выручка по ДЗО/Снять выделение в фильтре Дата' is clicked on

07-03-2025T06:42:00 - [TEST_STEP][PASSED] - click(findTestObject("Выручка по ДЗО/Применить в фильтре Дата")): Object: 'Object Repository/Выручка по ДЗО/Применить в фильтре Дата' is clicked on

07-03-2025T06:42:01 - [MESSAGE][PASSED] - Object: 'Object Repository/Выручка по ДЗО/Применить в фильтре Дата' is clicked on

07-03-2025T06:42:01 - [TEST_STEP][PASSED] - click(findTestObject("Выручка по ДЗО/Фильтр Дата")): Object: 'Object Repository/Выручка по ДЗО/Фильтр Дата' is clicked on

07-03-2025T06:42:02 - [MESSAGE][PASSED] - Object: 'Object Repository/Выручка по ДЗО/Фильтр Дата' is clicked on

07-03-2025T06:42:02 - [TEST_STEP][PASSED] - click(findTestObject("Выручка по ДЗО/Снять выделение в фильтре Дата")): Object: 'Object Repository/Выручка по ДЗО/Снять выделение в фильтре Дата' is clicked on

07-03-2025T06:42:02 - [MESSAGE][PASSED] - Object: 'Object Repository/Выручка по ДЗО/Снять выделение в фильтре Дата' is clicked on

07-03-2025T06:42:02 - [TEST_STEP][PASSED] - scrollToElement(findTestObject("Выручка по ДЗО/2025 список"), 30): Scroll to object 'Object Repository/Выручка по ДЗО/2025 список' successfully

07-03-2025T06:42:03 - [MESSAGE][PASSED] - Scroll to object 'Object Repository/Выручка по ДЗО/2025 список' successfully

07-03-2025T06:42:03 - [TEST_STEP][PASSED] - click(findTestObject("Выручка по ДЗО/2025 список")): Object: 'Object Repository/Выручка по ДЗО/2025 список' is clicked on

07-03-2025T06:42:03 - [MESSAGE][PASSED] - Object: 'Object Repository/Выручка по ДЗО/2025 список' is clicked on

07-03-2025T06:42:03 - [TEST_STEP][PASSED] - scrollToElement(findTestObject("Выручка по ДЗО/1 квартал 2025 список"), 30): Scroll to object 'Object Repository/Выручка по ДЗО/1 квартал 2025 список' successfully

07-03-2025T06:42:04 - [MESSAGE][PASSED] - Scroll to object 'Object Repository/Выручка по ДЗО/1 квартал 2025 список' successfully

07-03-2025T06:42:04 - [TEST_STEP][PASSED] - click(findTestObject("Выручка по ДЗО/1 квартал 2025 список"), CONTINUE_ON_FAILURE): Object: 'Object Repository/Выручка по ДЗО/1 квартал 2025 список' is clicked on

07-03-2025T06:42:04 - [MESSAGE][PASSED] - Object: 'Object Repository/Выручка по ДЗО/1 квартал 2025 список' is clicked on

07-03-2025T06:42:04 - [TEST_STEP][PASSED] - scrollToElement(findTestObject("Выручка по ДЗО/Январь 2025"), 30): Scroll to object 'Object Repository/Выручка по ДЗО/Январь 2025' successfully

07-03-2025T06:42:04 - [MESSAGE][PASSED] - Scroll to object 'Object Repository/Выручка по ДЗО/Январь 2025' successfully

07-03-2025T06:42:04 - [TEST_STEP][PASSED] - click(findTestObject("Выручка по ДЗО/Январь 2025"), CONTINUE_ON_FAILURE): Object: 'Object Repository/Выручка по ДЗО/Январь 2025' is clicked on

07-03-2025T06:42:05 - [MESSAGE][PASSED] - Object: 'Object Repository/Выручка по ДЗО/Январь 2025' is clicked on

07-03-2025T06:42:05 - [TEST_STEP][PASSED] - scrollToElement(findTestObject("Выручка по ДЗО/Заголовок дашборда"), 30): Scroll to object 'Object Repository/Выручка по ДЗО/Заголовок дашборда' successfully

07-03-2025T06:42:05 - [MESSAGE][PASSED] - Scroll to object 'Object Repository/Выручка по ДЗО/Заголовок дашборда' successfully

07-03-2025T06:42:05 - [TEST_STEP][PASSED] - click(findTestObject("Выручка по ДЗО/Применить в фильтре Дата")): Object: 'Object Repository/Выручка по ДЗО/Применить в фильтре Дата' is clicked on

07-03-2025T06:42:06 - [MESSAGE][PASSED] - Object: 'Object Repository/Выручка по ДЗО/Применить в фильтре Дата' is clicked on

07-03-2025T06:42:06 - [TEST_STEP][PASSED] - a3 = "": null

07-03-2025T06:42:06 - [TEST_STEP][PASSED] - a4 = "": null

07-03-2025T06:42:06 - [TEST_STEP][PASSED] - a5 = "": null

07-03-2025T06:42:06 - [TEST_STEP][PASSED] - a6 = "": null

07-03-2025T06:42:06 - [TEST_STEP][PASSED] - a7 = "": null

07-03-2025T06:42:06 - [TEST_STEP][PASSED] - a8 = "": null

07-03-2025T06:42:06 - [TEST_STEP][PASSED] - a9 = "": null

07-03-2025T06:42:06 - [TEST_STEP][PASSED] - if (run == 1): null

07-03-2025T06:42:06 - [TEST_STEP][PASSED] - user = "админ": null

07-03-2025T06:42:06 - [TEST_STEP][PASSED] - a1 = getText(findTestObject("Выручка по ДЗО/График1 Выполнение плановых показателей Блок руководителя")): Text of object 'Object Repository/Выручка по ДЗО/График1 Выполнение плановых показателей Блок руководителя' is: '2 275 2 275
0 0
0 0
8 938 8 938
7 813 7 813
11 645 11 645
12 788 12 788
0 0
7 066 7 066
0 0
1 091 1 091
10 368 10 368
10 920 10 920
28 393 28 393
12 599 12 599
0 0
6 349 6 349
1 064 1 064
2 202 2 202
274 274
463 463
10 568 10 568
7 759 7 759
11 241 11 241
21 497 21 497
3 799 3 799
6 815 6 815
11 296 11 296
1 034 1 034
9 265 9 265
10 446 10 446
28 334 28 334
11 924 11 924
13 055 13 055
6 848 6 848
1 045 1 045
План
Факт
АО "РЭС"
АО «Тываэнерго»
АО «Чеченэнерго»
Россети Волга
Россети Кубань
Россети Ленэнерго (ГК)
Россети Московский регион
Россети Северный Кавказ (ГК)
Россети Северо-Запад
Россети Сибирь (ГК)
Россети Томск
Россети Тюмень
Россети Урал (ГК)
Россети ФСК ЕЭС
Россети Центр
Россети Центр и Приволжье (ГК)
Россети Юг (ГК)
Россети Янтарь
0 млн. руб.
2 500 млн. руб.
5 000 млн. руб.
7 500 млн. руб.
10 000 млн. руб.
12 500 млн. руб.
15 000 млн. руб.
17 500 млн. руб.
20 000 млн. руб.
22 500 млн. руб.
25 000 млн. руб.
27 500 млн. руб.
30 000 млн. руб.'

07-03-2025T06:42:07 - [MESSAGE][PASSED] - Text of object 'Object Repository/Выручка по ДЗО/График1 Выполнение плановых показателей Блок руководителя' is: '2 275 2 275
0 0
0 0
8 938 8 938
7 813 7 813
11 645 11 645
12 788 12 788
0 0
7 066 7 066
0 0
1 091 1 091
10 368 10 368
10 920 10 920
28 393 28 393
12 599 12 599
0 0
6 349 6 349
1 064 1 064
2 202 2 202
274 274
463 463
10 568 10 568
7 759 7 759
11 241 11 241
21 497 21 497
3 799 3 799
6 815 6 815
11 296 11 296
1 034 1 034
9 265 9 265
10 446 10 446
28 334 28 334
11 924 11 924
13 055 13 055
6 848 6 848
1 045 1 045
План
Факт
АО "РЭС"
АО «Тываэнерго»
АО «Чеченэнерго»
Россети Волга
Россети Кубань
Россети Ленэнерго (ГК)
Россети Московский регион
Россети Северный Кавказ (ГК)
Россети Северо-Запад
Россети Сибирь (ГК)
Россети Томск
Россети Тюмень
Россети Урал (ГК)
Россети ФСК ЕЭС
Россети Центр
Россети Центр и Приволжье (ГК)
Россети Юг (ГК)
Россети Янтарь
0 млн. руб.
2 500 млн. руб.
5 000 млн. руб.
7 500 млн. руб.
10 000 млн. руб.
12 500 млн. руб.
15 000 млн. руб.
17 500 млн. руб.
20 000 млн. руб.
22 500 млн. руб.
25 000 млн. руб.
27 500 млн. руб.
30 000 млн. руб.'

07-03-2025T06:42:07 - [TEST_STEP][PASSED] - a2 = getText(findTestObject("Выручка по ДЗО/График2 Выполнение плановых показателей Блок руководителя")): Text of object 'Object Repository/Выручка по ДЗО/График2 Выполнение плановых показателей Блок руководителя' is: '1,4%1,4%
0,17%0,17%
0,29%0,29%
6,69%6,69%
4,92%4,92%
7,12%7,12%
13,62%13,62%
2,41%2,41%
4,32%4,32%
7,16%7,16%
0,65%0,65%
5,87%5,87%
6,62%6,62%
17,95%17,95%
7,55%7,55%
8,27%8,27%
4,34%4,34%
0,66%0,66%
АО "РЭС"
АО «Тываэнерго»
АО «Чеченэнерго»
Россети Волга
Россети Кубань
Россети Ленэнерго (ГК)
Россети Московский регион
Россети Северный Кавказ (ГК)
Россети Северо-Запад
Россети Сибирь (ГК)
Россети Томск
Россети Тюмень
Россети Урал (ГК)
Россети ФСК ЕЭС
Россети Центр
Россети Центр и Приволжье (ГК)
Россети Юг (ГК)
Россети Янтарь
Россети Центр и Приволжье (ГК): 13 054 893,11'

07-03-2025T06:42:07 - [MESSAGE][PASSED] - Text of object 'Object Repository/Выручка по ДЗО/График2 Выполнение плановых показателей Блок руководителя' is: '1,4%1,4%
0,17%0,17%
0,29%0,29%
6,69%6,69%
4,92%4,92%
7,12%7,12%
13,62%13,62%
2,41%2,41%
4,32%4,32%
7,16%7,16%
0,65%0,65%
5,87%5,87%
6,62%6,62%
17,95%17,95%
7,55%7,55%
8,27%8,27%
4,34%4,34%
0,66%0,66%
АО "РЭС"
АО «Тываэнерго»
АО «Чеченэнерго»
Россети Волга
Россети Кубань
Россети Ленэнерго (ГК)
Россети Московский регион
Россети Северный Кавказ (ГК)
Россети Северо-Запад
Россети Сибирь (ГК)
Россети Томск
Россети Тюмень
Россети Урал (ГК)
Россети ФСК ЕЭС
Россети Центр
Россети Центр и Приволжье (ГК)
Россети Юг (ГК)
Россети Янтарь
Россети Центр и Приволжье (ГК): 13 054 893,11'

07-03-2025T06:42:07 - [TEST_STEP][PASSED] - a2 = indexOf("АО «Тываэнерго»")).replaceAll("[а-яА-Я]", ""): null

07-03-2025T06:42:07 - [TEST_STEP][PASSED] - n = n + 27: null

07-03-2025T06:42:07 - [TEST_STEP][PASSED] - Script1686231490255.WriteToExcel(user, dashboardName, n, data, run, a1, a2, a3, a4, a5, a6, a7, a8, a9): null

07-03-2025T06:42:07 - [TEST_STEP][PASSED] - sheetName = "Sheet1": null

07-03-2025T06:42:07 - [TEST_STEP][PASSED] - workbook01 = getWorkbook(excelFilePath): null

07-03-2025T06:42:07 - [TEST_STEP][PASSED] - sheet01 = getExcelSheet(workbook01, sheetName): null

07-03-2025T06:42:07 - [TEST_STEP][PASSED] - setValueToCellByIndex(sheet01, n, 0, dashboardName): null

07-03-2025T06:42:07 - [TEST_STEP][PASSED] - setValueToCellByIndex(sheet01, n, 10, user): null

07-03-2025T06:42:07 - [TEST_STEP][PASSED] - setValueToCellByIndex(sheet01, n, 1, a1): null

07-03-2025T06:42:07 - [TEST_STEP][PASSED] - setValueToCellByIndex(sheet01, n, 2, a2): null

07-03-2025T06:42:07 - [TEST_STEP][PASSED] - setValueToCellByIndex(sheet01, n, 3, a3): null

07-03-2025T06:42:07 - [TEST_STEP][PASSED] - setValueToCellByIndex(sheet01, n, 4, a4): null

07-03-2025T06:42:07 - [TEST_STEP][PASSED] - setValueToCellByIndex(sheet01, n, 5, a5): null

07-03-2025T06:42:07 - [TEST_STEP][PASSED] - setValueToCellByIndex(sheet01, n, 6, a6): null

07-03-2025T06:42:07 - [TEST_STEP][PASSED] - setValueToCellByIndex(sheet01, n, 7, a7): null

07-03-2025T06:42:07 - [TEST_STEP][PASSED] - setValueToCellByIndex(sheet01, n, 8, a8): null

07-03-2025T06:42:07 - [TEST_STEP][PASSED] - setValueToCellByIndex(sheet01, n, 9, a9): null

07-03-2025T06:42:07 - [TEST_STEP][PASSED] - n = n + 1: null

07-03-2025T06:42:07 - [TEST_STEP][PASSED] - saveWorkbook(excelFilePath, workbook01): null

07-03-2025T06:42:07 - [TEST_STEP][PASSED] - if (run == 2): null

07-03-2025T06:42:07 - [TEST_STEP][PASSED] - if (run == 3): null

07-03-2025T06:42:07 - [TEST_STEP][PASSED] - closeBrowser(): null

07-03-2025T06:42:07 - [MESSAGE][PASSED] - Browser is closed

07-03-2025T06:42:07 - [TEST_STEP][PASSED] - ViruchkaPoDZO(user, dashboardName, n, data, run, a1, a2, a3, a4, a5, a6, a7, a8, a9, urlData): null

07-03-2025T06:42:07 - [TEST_STEP][PASSED] - n = data.getRowNumbers() + 1: null

07-03-2025T06:42:07 - [TEST_STEP][PASSED] - println(n): null

07-03-2025T06:42:07 - [TEST_STEP][PASSED] - dashboardName = "Выручка по ДЗО": null

07-03-2025T06:42:07 - [TEST_STEP][PASSED] - openBrowser(""): Browser is opened with url: ''

07-03-2025T06:42:07 - [MESSAGE][INFO] - Starting 'Chrome' driver

07-03-2025T06:42:07 - [MESSAGE][INFO] - Action delay is set to 0 milliseconds

07-03-2025T06:42:08 - [MESSAGE][PASSED] - Browser is opened with url: ''

07-03-2025T06:42:08 - [TEST_STEP][PASSED] - urlData = 5: null

07-03-2025T06:42:08 - [TEST_STEP][PASSED] - Script1686231490255.CheckPageDownload(urlData, run): null

07-03-2025T06:42:08 - [TEST_STEP][PASSED] - i = 1: null

07-03-2025T06:42:08 - [TEST_STEP][PASSED] - ii = 0: null

07-03-2025T06:42:08 - [TEST_STEP][PASSED] - urlText = <not implemented yet for class: org.codehaus.groovy.ast.expr.EmptyExpression>: null

07-03-2025T06:42:08 - [TEST_STEP][PASSED] - searchWord = <not implemented yet for class: org.codehaus.groovy.ast.expr.EmptyExpression>: null

07-03-2025T06:42:08 - [TEST_STEP][PASSED] - deleteAllCookies(): Delete all cookies successfully

07-03-2025T06:42:08 - [MESSAGE][PASSED] - Delete all cookies successfully

07-03-2025T06:42:08 - [TEST_STEP][PASSED] - refresh(): Refresh successfully

07-03-2025T06:42:08 - [MESSAGE][PASSED] - Refresh successfully

07-03-2025T06:42:08 - [TEST_STEP][PASSED] - delay(70): Delayed 70 second(s)

07-03-2025T06:43:18 - [MESSAGE][PASSED] - Delayed 70 second(s)

07-03-2025T06:43:18 - [TEST_STEP][PASSED] - navigateToUrl(findTestData("PlanFact").getValue(10, urlData)): Navigate to 'https://bi.rosseti.digital/viewer?dashboardGuid=2301950b23be4ed89c1df75f2020051e&sheetGuid=31530aa0b6664c09b016b7f2ab9d853e&fit=true' successfully

07-03-2025T06:43:22 - [MESSAGE][PASSED] - Navigate to 'https://bi.rosseti.digital/viewer?dashboardGuid=2301950b23be4ed89c1df75f2020051e&sheetGuid=31530aa0b6664c09b016b7f2ab9d853e&fit=true' successfully

07-03-2025T06:43:22 - [TEST_STEP][PASSED] - pageLoaded1 = verifyElementPresent(findTestObject("Страница авторизации/Text"), 30): Object 'Object Repository/Страница авторизации/Text' is present

07-03-2025T06:43:24 - [MESSAGE][PASSED] - Object 'Object Repository/Страница авторизации/Text' is present

07-03-2025T06:43:24 - [TEST_STEP][PASSED] - if (pageLoaded1 == false): null

07-03-2025T06:43:24 - [TEST_STEP][PASSED] - urlText = getText(findTestObject("Страница авторизации/Text")): Text of object 'Object Repository/Страница авторизации/Text' is: 'Вход'

07-03-2025T06:43:24 - [MESSAGE][PASSED] - Text of object 'Object Repository/Страница авторизации/Text' is: 'Вход'

07-03-2025T06:43:24 - [TEST_STEP][PASSED] - delay(70): Delayed 70 second(s)

07-03-2025T06:44:34 - [MESSAGE][PASSED] - Delayed 70 second(s)

07-03-2025T06:44:34 - [TEST_STEP][PASSED] - searchWord = "Вход": null

07-03-2025T06:44:34 - [TEST_STEP][PASSED] - if (urlText.contains(searchWord) == false): null

07-03-2025T06:44:34 - [TEST_STEP][PASSED] - setText(findTestObject("Страница авторизации/input__username"), findTestData("PlanFact").getValue(8, run)): Text 'Andreeva-EV' is set on object 'Object Repository/Страница авторизации/input__username'

07-03-2025T06:44:35 - [MESSAGE][PASSED] - Text 'Andreeva-EV' is set on object 'Object Repository/Страница авторизации/input__username'

07-03-2025T06:44:35 - [TEST_STEP][PASSED] - setText(findTestObject("Страница авторизации/input__password"), findTestData("PlanFact").getValue(9, run)): Text '2nPePKDwCPH3ul7xMZ' is set on object 'Object Repository/Страница авторизации/input__password'

07-03-2025T06:44:35 - [MESSAGE][PASSED] - Text '2nPePKDwCPH3ul7xMZ' is set on object 'Object Repository/Страница авторизации/input__password'

07-03-2025T06:44:35 - [TEST_STEP][PASSED] - click(findTestObject("Страница авторизации/button_")): Object: 'Object Repository/Страница авторизации/button_' is clicked on

07-03-2025T06:44:36 - [MESSAGE][PASSED] - Object: 'Object Repository/Страница авторизации/button_' is clicked on

07-03-2025T06:44:36 - [TEST_STEP][PASSED] - delay(70): Delayed 70 second(s)

07-03-2025T06:45:46 - [MESSAGE][PASSED] - Delayed 70 second(s)

07-03-2025T06:45:46 - [TEST_STEP][PASSED] - searchWord = "а": null

07-03-2025T06:45:46 - [TEST_STEP][PASSED] - pageLoaded2 = verifyElementPresent(findTestObject("Страница авторизации/Text"), 50): Object 'Object Repository/Страница авторизации/Text' is present

07-03-2025T06:45:46 - [MESSAGE][PASSED] - Object 'Object Repository/Страница авторизации/Text' is present

07-03-2025T06:45:46 - [TEST_STEP][PASSED] - if (pageLoaded2 == false): null

07-03-2025T06:45:46 - [TEST_STEP][PASSED] - urlText = getText(findTestObject("Страница авторизации/Text")): Text of object 'Object Repository/Страница авторизации/Text' is: 'Период
Январь 2025 года
Выручка
Все
ДЗО 
ПАО Россети
Выручка по ДЗО
Выполнение плановых показателей по ПАО Россети за Январь 2025 года
2 275 2 275
0 0
0 0
8 938 8 938
7 813 7 813
11 645 11 645
12 788 12 788
0 0
7 066 7 066
0 0
1 091 1 091
10 368 10 368
10 920 10 920
28 393 28 393
12 599 12 599
0 0
6 349 6 349
1 064 1 064
2 202 2 202
274 274
463 463
10 568 10 568
7 759 7 759
11 241 11 241
21 497 21 497
3 799 3 799
6 815 6 815
11 296 11 296
1 034 1 034
9 265 9 265
10 446 10 446
28 334 28 334
11 924 11 924
13 055 13 055
6 848 6 848
1 045 1 045
План
Факт
АО "РЭС"
АО «Тываэнерго»
АО «Чеченэнерго»
Россети Волга
Россети Кубань
Россети Ленэнерго (ГК)
Россети Московский регион
Россети Северный Кавказ (ГК)
Россети Северо-Запад
Россети Сибирь (ГК)
Россети Томск
Россети Тюмень
Россети Урал (ГК)
Россети ФСК ЕЭС
Россети Центр
Россети Центр и Приволжье (ГК)
Россети Юг (ГК)
Россети Янтарь
0 млн. руб.
2 500 млн. руб.
5 000 млн. руб.
7 500 млн. руб.
10 000 млн. руб.
12 500 млн. руб.
15 000 млн. руб.
17 500 млн. руб.
20 000 млн. руб.
22 500 млн. руб.
25 000 млн. руб.
27 500 млн. руб.
30 000 млн. руб.
Выполнение плановых показателей по ПАО Россети за Январь 2025 года
1,4%1,4%
0,17%0,17%
0,29%0,29%
6,69%6,69%
4,92%4,92%
7,12%7,12%
13,62%13,62%
2,41%2,41%
4,32%4,32%
7,16%7,16%
0,65%0,65%
5,87%5,87%
6,62%6,62%
17,95%17,95%
7,55%7,55%
8,27%8,27%
4,34%4,34%
0,66%0,66%
АО "РЭС"
АО «Тываэнерго»
АО «Чеченэнерго»
Россети Волга
Россети Кубань
Россети Ленэнерго (ГК)
Россети Московский регион
Россети Северный Кавказ (ГК)
Россети Северо-Запад
Россети Сибирь (ГК)
Россети Томск
Россети Тюмень
Россети Урал (ГК)
Россети ФСК ЕЭС
Россети Центр
Россети Центр и Приволжье (ГК)
Россети Юг (ГК)
Россети Янтарь'

07-03-2025T06:45:47 - [MESSAGE][PASSED] - Text of object 'Object Repository/Страница авторизации/Text' is: 'Период
Январь 2025 года
Выручка
Все
ДЗО 
ПАО Россети
Выручка по ДЗО
Выполнение плановых показателей по ПАО Россети за Январь 2025 года
2 275 2 275
0 0
0 0
8 938 8 938
7 813 7 813
11 645 11 645
12 788 12 788
0 0
7 066 7 066
0 0
1 091 1 091
10 368 10 368
10 920 10 920
28 393 28 393
12 599 12 599
0 0
6 349 6 349
1 064 1 064
2 202 2 202
274 274
463 463
10 568 10 568
7 759 7 759
11 241 11 241
21 497 21 497
3 799 3 799
6 815 6 815
11 296 11 296
1 034 1 034
9 265 9 265
10 446 10 446
28 334 28 334
11 924 11 924
13 055 13 055
6 848 6 848
1 045 1 045
План
Факт
АО "РЭС"
АО «Тываэнерго»
АО «Чеченэнерго»
Россети Волга
Россети Кубань
Россети Ленэнерго (ГК)
Россети Московский регион
Россети Северный Кавказ (ГК)
Россети Северо-Запад
Россети Сибирь (ГК)
Россети Томск
Россети Тюмень
Россети Урал (ГК)
Россети ФСК ЕЭС
Россети Центр
Россети Центр и Приволжье (ГК)
Россети Юг (ГК)
Россети Янтарь
0 млн. руб.
2 500 млн. руб.
5 000 млн. руб.
7 500 млн. руб.
10 000 млн. руб.
12 500 млн. руб.
15 000 млн. руб.
17 500 млн. руб.
20 000 млн. руб.
22 500 млн. руб.
25 000 млн. руб.
27 500 млн. руб.
30 000 млн. руб.
Выполнение плановых показателей по ПАО Россети за Январь 2025 года
1,4%1,4%
0,17%0,17%
0,29%0,29%
6,69%6,69%
4,92%4,92%
7,12%7,12%
13,62%13,62%
2,41%2,41%
4,32%4,32%
7,16%7,16%
0,65%0,65%
5,87%5,87%
6,62%6,62%
17,95%17,95%
7,55%7,55%
8,27%8,27%
4,34%4,34%
0,66%0,66%
АО "РЭС"
АО «Тываэнерго»
АО «Чеченэнерго»
Россети Волга
Россети Кубань
Россети Ленэнерго (ГК)
Россети Московский регион
Россети Северный Кавказ (ГК)
Россети Северо-Запад
Россети Сибирь (ГК)
Россети Томск
Россети Тюмень
Россети Урал (ГК)
Россети ФСК ЕЭС
Россети Центр
Россети Центр и Приволжье (ГК)
Россети Юг (ГК)
Россети Янтарь'

07-03-2025T06:45:47 - [TEST_STEP][PASSED] - if (urlText.contains("ошибка") || urlText.contains(searchWord) == false): null

07-03-2025T06:45:47 - [TEST_STEP][PASSED] - click(findTestObject("Выручка по ДЗО/Фильтр Дата")): Object: 'Object Repository/Выручка по ДЗО/Фильтр Дата' is clicked on

07-03-2025T06:45:47 - [MESSAGE][PASSED] - Object: 'Object Repository/Выручка по ДЗО/Фильтр Дата' is clicked on

07-03-2025T06:45:47 - [TEST_STEP][PASSED] - click(findTestObject("Выручка по ДЗО/Снять выделение в фильтре Дата")): Object: 'Object Repository/Выручка по ДЗО/Снять выделение в фильтре Дата' is clicked on

07-03-2025T06:45:48 - [MESSAGE][PASSED] - Object: 'Object Repository/Выручка по ДЗО/Снять выделение в фильтре Дата' is clicked on

07-03-2025T06:45:48 - [TEST_STEP][PASSED] - click(findTestObject("Выручка по ДЗО/Применить в фильтре Дата")): Object: 'Object Repository/Выручка по ДЗО/Применить в фильтре Дата' is clicked on

07-03-2025T06:45:48 - [MESSAGE][PASSED] - Object: 'Object Repository/Выручка по ДЗО/Применить в фильтре Дата' is clicked on

07-03-2025T06:45:48 - [TEST_STEP][PASSED] - click(findTestObject("Выручка по ДЗО/Фильтр Дата")): Object: 'Object Repository/Выручка по ДЗО/Фильтр Дата' is clicked on

07-03-2025T06:45:50 - [MESSAGE][PASSED] - Object: 'Object Repository/Выручка по ДЗО/Фильтр Дата' is clicked on

07-03-2025T06:45:50 - [TEST_STEP][PASSED] - click(findTestObject("Выручка по ДЗО/Снять выделение в фильтре Дата")): Object: 'Object Repository/Выручка по ДЗО/Снять выделение в фильтре Дата' is clicked on

07-03-2025T06:45:51 - [MESSAGE][PASSED] - Object: 'Object Repository/Выручка по ДЗО/Снять выделение в фильтре Дата' is clicked on

07-03-2025T06:45:51 - [TEST_STEP][PASSED] - scrollToElement(findTestObject("Выручка по ДЗО/2025 список"), 30): Scroll to object 'Object Repository/Выручка по ДЗО/2025 список' successfully

07-03-2025T06:45:51 - [MESSAGE][PASSED] - Scroll to object 'Object Repository/Выручка по ДЗО/2025 список' successfully

07-03-2025T06:45:51 - [TEST_STEP][PASSED] - click(findTestObject("Выручка по ДЗО/2025 список")): Object: 'Object Repository/Выручка по ДЗО/2025 список' is clicked on

07-03-2025T06:45:51 - [MESSAGE][PASSED] - Object: 'Object Repository/Выручка по ДЗО/2025 список' is clicked on

07-03-2025T06:45:51 - [TEST_STEP][PASSED] - scrollToElement(findTestObject("Выручка по ДЗО/1 квартал 2025 список"), 30): Scroll to object 'Object Repository/Выручка по ДЗО/1 квартал 2025 список' successfully

07-03-2025T06:45:52 - [MESSAGE][PASSED] - Scroll to object 'Object Repository/Выручка по ДЗО/1 квартал 2025 список' successfully

07-03-2025T06:45:52 - [TEST_STEP][PASSED] - click(findTestObject("Выручка по ДЗО/1 квартал 2025 список"), CONTINUE_ON_FAILURE): Object: 'Object Repository/Выручка по ДЗО/1 квартал 2025 список' is clicked on

07-03-2025T06:45:52 - [MESSAGE][PASSED] - Object: 'Object Repository/Выручка по ДЗО/1 квартал 2025 список' is clicked on

07-03-2025T06:45:52 - [TEST_STEP][PASSED] - scrollToElement(findTestObject("Выручка по ДЗО/Январь 2025"), 30): Scroll to object 'Object Repository/Выручка по ДЗО/Январь 2025' successfully

07-03-2025T06:45:52 - [MESSAGE][PASSED] - Scroll to object 'Object Repository/Выручка по ДЗО/Январь 2025' successfully

07-03-2025T06:45:52 - [TEST_STEP][PASSED] - click(findTestObject("Выручка по ДЗО/Январь 2025"), CONTINUE_ON_FAILURE): Object: 'Object Repository/Выручка по ДЗО/Январь 2025' is clicked on

07-03-2025T06:45:53 - [MESSAGE][PASSED] - Object: 'Object Repository/Выручка по ДЗО/Январь 2025' is clicked on

07-03-2025T06:45:53 - [TEST_STEP][PASSED] - scrollToElement(findTestObject("Выручка по ДЗО/Заголовок дашборда"), 30): Scroll to object 'Object Repository/Выручка по ДЗО/Заголовок дашборда' successfully

07-03-2025T06:45:53 - [MESSAGE][PASSED] - Scroll to object 'Object Repository/Выручка по ДЗО/Заголовок дашборда' successfully

07-03-2025T06:45:53 - [TEST_STEP][PASSED] - click(findTestObject("Выручка по ДЗО/Применить в фильтре Дата")): Object: 'Object Repository/Выручка по ДЗО/Применить в фильтре Дата' is clicked on

07-03-2025T06:45:54 - [MESSAGE][PASSED] - Object: 'Object Repository/Выручка по ДЗО/Применить в фильтре Дата' is clicked on

07-03-2025T06:45:54 - [TEST_STEP][PASSED] - a3 = "": null

07-03-2025T06:45:54 - [TEST_STEP][PASSED] - a4 = "": null

07-03-2025T06:45:54 - [TEST_STEP][PASSED] - a5 = "": null

07-03-2025T06:45:54 - [TEST_STEP][PASSED] - a6 = "": null

07-03-2025T06:45:54 - [TEST_STEP][PASSED] - a7 = "": null

07-03-2025T06:45:54 - [TEST_STEP][PASSED] - a8 = "": null

07-03-2025T06:45:54 - [TEST_STEP][PASSED] - a9 = "": null

07-03-2025T06:45:54 - [TEST_STEP][PASSED] - if (run == 1): null

07-03-2025T06:45:54 - [TEST_STEP][PASSED] - if (run == 2): null

07-03-2025T06:45:54 - [TEST_STEP][PASSED] - user = "Андреева": null

07-03-2025T06:45:54 - [TEST_STEP][PASSED] - a1 = getText(findTestObject("Выручка по ДЗО/График1 Выполнение плановых показателей Блок руководителя")): Text of object 'Object Repository/Выручка по ДЗО/График1 Выполнение плановых показателей Блок руководителя' is: '2 275 2 275
0 0
0 0
8 938 8 938
7 813 7 813
11 645 11 645
12 788 12 788
0 0
7 066 7 066
0 0
1 091 1 091
10 368 10 368
10 920 10 920
28 393 28 393
12 599 12 599
0 0
6 349 6 349
1 064 1 064
2 202 2 202
274 274
463 463
10 568 10 568
7 759 7 759
11 241 11 241
21 497 21 497
3 799 3 799
6 815 6 815
11 296 11 296
1 034 1 034
9 265 9 265
10 446 10 446
28 334 28 334
11 924 11 924
13 055 13 055
6 848 6 848
1 045 1 045
План
Факт
АО "РЭС"
АО «Тываэнерго»
АО «Чеченэнерго»
Россети Волга
Россети Кубань
Россети Ленэнерго (ГК)
Россети Московский регион
Россети Северный Кавказ (ГК)
Россети Северо-Запад
Россети Сибирь (ГК)
Россети Томск
Россети Тюмень
Россети Урал (ГК)
Россети ФСК ЕЭС
Россети Центр
Россети Центр и Приволжье (ГК)
Россети Юг (ГК)
Россети Янтарь
0 млн. руб.
2 500 млн. руб.
5 000 млн. руб.
7 500 млн. руб.
10 000 млн. руб.
12 500 млн. руб.
15 000 млн. руб.
17 500 млн. руб.
20 000 млн. руб.
22 500 млн. руб.
25 000 млн. руб.
27 500 млн. руб.
30 000 млн. руб.'

07-03-2025T06:45:55 - [MESSAGE][PASSED] - Text of object 'Object Repository/Выручка по ДЗО/График1 Выполнение плановых показателей Блок руководителя' is: '2 275 2 275
0 0
0 0
8 938 8 938
7 813 7 813
11 645 11 645
12 788 12 788
0 0
7 066 7 066
0 0
1 091 1 091
10 368 10 368
10 920 10 920
28 393 28 393
12 599 12 599
0 0
6 349 6 349
1 064 1 064
2 202 2 202
274 274
463 463
10 568 10 568
7 759 7 759
11 241 11 241
21 497 21 497
3 799 3 799
6 815 6 815
11 296 11 296
1 034 1 034
9 265 9 265
10 446 10 446
28 334 28 334
11 924 11 924
13 055 13 055
6 848 6 848
1 045 1 045
План
Факт
АО "РЭС"
АО «Тываэнерго»
АО «Чеченэнерго»
Россети Волга
Россети Кубань
Россети Ленэнерго (ГК)
Россети Московский регион
Россети Северный Кавказ (ГК)
Россети Северо-Запад
Россети Сибирь (ГК)
Россети Томск
Россети Тюмень
Россети Урал (ГК)
Россети ФСК ЕЭС
Россети Центр
Россети Центр и Приволжье (ГК)
Россети Юг (ГК)
Россети Янтарь
0 млн. руб.
2 500 млн. руб.
5 000 млн. руб.
7 500 млн. руб.
10 000 млн. руб.
12 500 млн. руб.
15 000 млн. руб.
17 500 млн. руб.
20 000 млн. руб.
22 500 млн. руб.
25 000 млн. руб.
27 500 млн. руб.
30 000 млн. руб.'

07-03-2025T06:45:55 - [TEST_STEP][PASSED] - a2 = getText(findTestObject("Выручка по ДЗО/График2 Выполнение плановых показателей Блок руководителя")): Text of object 'Object Repository/Выручка по ДЗО/График2 Выполнение плановых показателей Блок руководителя' is: '1,4%1,4%
0,17%0,17%
0,29%0,29%
6,69%6,69%
4,92%4,92%
7,12%7,12%
13,62%13,62%
2,41%2,41%
4,32%4,32%
7,16%7,16%
0,65%0,65%
5,87%5,87%
6,62%6,62%
17,95%17,95%
7,55%7,55%
8,27%8,27%
4,34%4,34%
0,66%0,66%
АО "РЭС"
АО «Тываэнерго»
АО «Чеченэнерго»
Россети Волга
Россети Кубань
Россети Ленэнерго (ГК)
Россети Московский регион
Россети Северный Кавказ (ГК)
Россети Северо-Запад
Россети Сибирь (ГК)
Россети Томск
Россети Тюмень
Россети Урал (ГК)
Россети ФСК ЕЭС
Россети Центр
Россети Центр и Приволжье (ГК)
Россети Юг (ГК)
Россети Янтарь
Россети Центр и Приволжье (ГК): 13 054 893,11'

07-03-2025T06:45:55 - [MESSAGE][PASSED] - Text of object 'Object Repository/Выручка по ДЗО/График2 Выполнение плановых показателей Блок руководителя' is: '1,4%1,4%
0,17%0,17%
0,29%0,29%
6,69%6,69%
4,92%4,92%
7,12%7,12%
13,62%13,62%
2,41%2,41%
4,32%4,32%
7,16%7,16%
0,65%0,65%
5,87%5,87%
6,62%6,62%
17,95%17,95%
7,55%7,55%
8,27%8,27%
4,34%4,34%
0,66%0,66%
АО "РЭС"
АО «Тываэнерго»
АО «Чеченэнерго»
Россети Волга
Россети Кубань
Россети Ленэнерго (ГК)
Россети Московский регион
Россети Северный Кавказ (ГК)
Россети Северо-Запад
Россети Сибирь (ГК)
Россети Томск
Россети Тюмень
Россети Урал (ГК)
Россети ФСК ЕЭС
Россети Центр
Россети Центр и Приволжье (ГК)
Россети Юг (ГК)
Россети Янтарь
Россети Центр и Приволжье (ГК): 13 054 893,11'

07-03-2025T06:45:55 - [TEST_STEP][PASSED] - a2 = indexOf("АО «Тываэнерго»")).replaceAll("[а-яА-Я]", ""): null

07-03-2025T06:45:55 - [TEST_STEP][PASSED] - n = n + 28: null

07-03-2025T06:45:55 - [TEST_STEP][PASSED] - b = n - run + 1: null

07-03-2025T06:45:55 - [TEST_STEP][PASSED] - verifyEqual(findTestData("PlanFact").getValue(2, b), a1): Actual object '2 275 2 275
0 0
0 0
8 938 8 938
7 813 7 813
11 645 11 645
12 788 12 788
0 0
7 066 7 066
0 0
1 091 1 091
10 368 10 368
10 920 10 920
28 393 28 393
12 599 12 599
0 0
6 349 6 349
1 064 1 064
2 202 2 202
274 274
463 463
10 568 10 568
7 759 7 759
11 241 11 241
21 497 21 497
3 799 3 799
6 815 6 815
11 296 11 296
1 034 1 034
9 265 9 265
10 446 10 446
28 334 28 334
11 924 11 924
13 055 13 055
6 848 6 848
1 045 1 045
План
Факт
АО "РЭС"
АО «Тываэнерго»
АО «Чеченэнерго»
Россети Волга
Россети Кубань
Россети Ленэнерго (ГК)
Россети Московский регион
Россети Северный Кавказ (ГК)
Россети Северо-Запад
Россети Сибирь (ГК)
Россети Томск
Россети Тюмень
Россети Урал (ГК)
Россети ФСК ЕЭС
Россети Центр
Россети Центр и Приволжье (ГК)
Россети Юг (ГК)
Россети Янтарь
0 млн. руб.
2 500 млн. руб.
5 000 млн. руб.
7 500 млн. руб.
10 000 млн. руб.
12 500 млн. руб.
15 000 млн. руб.
17 500 млн. руб.
20 000 млн. руб.
22 500 млн. руб.
25 000 млн. руб.
27 500 млн. руб.
30 000 млн. руб.' and expected object '2 275 2 275
0 0
0 0
8 938 8 938
7 813 7 813
11 645 11 645
12 788 12 788
0 0
7 066 7 066
0 0
1 091 1 091
10 368 10 368
10 920 10 920
28 393 28 393
12 599 12 599
0 0
6 349 6 349
1 064 1 064
2 202 2 202
274 274
463 463
10 568 10 568
7 759 7 759
11 241 11 241
21 497 21 497
3 799 3 799
6 815 6 815
11 296 11 296
1 034 1 034
9 265 9 265
10 446 10 446
28 334 28 334
11 924 11 924
13 055 13 055
6 848 6 848
1 045 1 045
План
Факт
АО "РЭС"
АО «Тываэнерго»
АО «Чеченэнерго»
Россети Волга
Россети Кубань
Россети Ленэнерго (ГК)
Россети Московский регион
Россети Северный Кавказ (ГК)
Россети Северо-Запад
Россети Сибирь (ГК)
Россети Томск
Россети Тюмень
Россети Урал (ГК)
Россети ФСК ЕЭС
Россети Центр
Россети Центр и Приволжье (ГК)
Россети Юг (ГК)
Россети Янтарь
0 млн. руб.
2 500 млн. руб.
5 000 млн. руб.
7 500 млн. руб.
10 000 млн. руб.
12 500 млн. руб.
15 000 млн. руб.
17 500 млн. руб.
20 000 млн. руб.
22 500 млн. руб.
25 000 млн. руб.
27 500 млн. руб.
30 000 млн. руб.' are equal

07-03-2025T06:45:55 - [MESSAGE][PASSED] - Actual object '2 275 2 275
0 0
0 0
8 938 8 938
7 813 7 813
11 645 11 645
12 788 12 788
0 0
7 066 7 066
0 0
1 091 1 091
10 368 10 368
10 920 10 920
28 393 28 393
12 599 12 599
0 0
6 349 6 349
1 064 1 064
2 202 2 202
274 274
463 463
10 568 10 568
7 759 7 759
11 241 11 241
21 497 21 497
3 799 3 799
6 815 6 815
11 296 11 296
1 034 1 034
9 265 9 265
10 446 10 446
28 334 28 334
11 924 11 924
13 055 13 055
6 848 6 848
1 045 1 045
План
Факт
АО "РЭС"
АО «Тываэнерго»
АО «Чеченэнерго»
Россети Волга
Россети Кубань
Россети Ленэнерго (ГК)
Россети Московский регион
Россети Северный Кавказ (ГК)
Россети Северо-Запад
Россети Сибирь (ГК)
Россети Томск
Россети Тюмень
Россети Урал (ГК)
Россети ФСК ЕЭС
Россети Центр
Россети Центр и Приволжье (ГК)
Россети Юг (ГК)
Россети Янтарь
0 млн. руб.
2 500 млн. руб.
5 000 млн. руб.
7 500 млн. руб.
10 000 млн. руб.
12 500 млн. руб.
15 000 млн. руб.
17 500 млн. руб.
20 000 млн. руб.
22 500 млн. руб.
25 000 млн. руб.
27 500 млн. руб.
30 000 млн. руб.' and expected object '2 275 2 275
0 0
0 0
8 938 8 938
7 813 7 813
11 645 11 645
12 788 12 788
0 0
7 066 7 066
0 0
1 091 1 091
10 368 10 368
10 920 10 920
28 393 28 393
12 599 12 599
0 0
6 349 6 349
1 064 1 064
2 202 2 202
274 274
463 463
10 568 10 568
7 759 7 759
11 241 11 241
21 497 21 497
3 799 3 799
6 815 6 815
11 296 11 296
1 034 1 034
9 265 9 265
10 446 10 446
28 334 28 334
11 924 11 924
13 055 13 055
6 848 6 848
1 045 1 045
План
Факт
АО "РЭС"
АО «Тываэнерго»
АО «Чеченэнерго»
Россети Волга
Россети Кубань
Россети Ленэнерго (ГК)
Россети Московский регион
Россети Северный Кавказ (ГК)
Россети Северо-Запад
Россети Сибирь (ГК)
Россети Томск
Россети Тюмень
Россети Урал (ГК)
Россети ФСК ЕЭС
Россети Центр
Россети Центр и Приволжье (ГК)
Россети Юг (ГК)
Россети Янтарь
0 млн. руб.
2 500 млн. руб.
5 000 млн. руб.
7 500 млн. руб.
10 000 млн. руб.
12 500 млн. руб.
15 000 млн. руб.
17 500 млн. руб.
20 000 млн. руб.
22 500 млн. руб.
25 000 млн. руб.
27 500 млн. руб.
30 000 млн. руб.' are equal

07-03-2025T06:45:55 - [TEST_STEP][PASSED] - verifyEqual(findTestData("PlanFact").getValue(3, b), a2): Actual object '1,4%1,4%
0,17%0,17%
0,29%0,29%
6,69%6,69%
4,92%4,92%
7,12%7,12%
13,62%13,62%
2,41%2,41%
4,32%4,32%
7,16%7,16%
0,65%0,65%
5,87%5,87%
6,62%6,62%
17,95%17,95%
7,55%7,55%
8,27%8,27%
4,34%4,34%
0,66%0,66%
 ""
' and expected object '1,4%1,4%
0,17%0,17%
0,29%0,29%
6,69%6,69%
4,92%4,92%
7,12%7,12%
13,62%13,62%
2,41%2,41%
4,32%4,32%
7,16%7,16%
0,65%0,65%
5,87%5,87%
6,62%6,62%
17,95%17,95%
7,55%7,55%
8,27%8,27%
4,34%4,34%
0,66%0,66%
 ""
' are equal

07-03-2025T06:45:55 - [MESSAGE][PASSED] - Actual object '1,4%1,4%
0,17%0,17%
0,29%0,29%
6,69%6,69%
4,92%4,92%
7,12%7,12%
13,62%13,62%
2,41%2,41%
4,32%4,32%
7,16%7,16%
0,65%0,65%
5,87%5,87%
6,62%6,62%
17,95%17,95%
7,55%7,55%
8,27%8,27%
4,34%4,34%
0,66%0,66%
 ""
' and expected object '1,4%1,4%
0,17%0,17%
0,29%0,29%
6,69%6,69%
4,92%4,92%
7,12%7,12%
13,62%13,62%
2,41%2,41%
4,32%4,32%
7,16%7,16%
0,65%0,65%
5,87%5,87%
6,62%6,62%
17,95%17,95%
7,55%7,55%
8,27%8,27%
4,34%4,34%
0,66%0,66%
 ""
' are equal

07-03-2025T06:45:55 - [TEST_STEP][PASSED] - Script1686231490255.WriteToExcel(user, dashboardName, n, data, run, a1, a2, a3, a4, a5, a6, a7, a8, a9): null

07-03-2025T06:45:55 - [TEST_STEP][PASSED] - sheetName = "Sheet1": null

07-03-2025T06:45:55 - [TEST_STEP][PASSED] - workbook01 = getWorkbook(excelFilePath): null

07-03-2025T06:45:55 - [TEST_STEP][PASSED] - sheet01 = getExcelSheet(workbook01, sheetName): null

07-03-2025T06:45:55 - [TEST_STEP][PASSED] - setValueToCellByIndex(sheet01, n, 0, dashboardName): null

07-03-2025T06:45:55 - [TEST_STEP][PASSED] - setValueToCellByIndex(sheet01, n, 10, user): null

07-03-2025T06:45:55 - [TEST_STEP][PASSED] - setValueToCellByIndex(sheet01, n, 1, a1): null

07-03-2025T06:45:55 - [TEST_STEP][PASSED] - setValueToCellByIndex(sheet01, n, 2, a2): null

07-03-2025T06:45:55 - [TEST_STEP][PASSED] - setValueToCellByIndex(sheet01, n, 3, a3): null

07-03-2025T06:45:55 - [TEST_STEP][PASSED] - setValueToCellByIndex(sheet01, n, 4, a4): null

07-03-2025T06:45:55 - [TEST_STEP][PASSED] - setValueToCellByIndex(sheet01, n, 5, a5): null

07-03-2025T06:45:55 - [TEST_STEP][PASSED] - setValueToCellByIndex(sheet01, n, 6, a6): null

07-03-2025T06:45:55 - [TEST_STEP][PASSED] - setValueToCellByIndex(sheet01, n, 7, a7): null

07-03-2025T06:45:55 - [TEST_STEP][PASSED] - setValueToCellByIndex(sheet01, n, 8, a8): null

07-03-2025T06:45:55 - [TEST_STEP][PASSED] - setValueToCellByIndex(sheet01, n, 9, a9): null

07-03-2025T06:45:55 - [TEST_STEP][PASSED] - n = n + 1: null

07-03-2025T06:45:55 - [TEST_STEP][PASSED] - saveWorkbook(excelFilePath, workbook01): null

07-03-2025T06:45:55 - [TEST_STEP][PASSED] - if (run == 3): null

07-03-2025T06:45:55 - [TEST_STEP][PASSED] - closeBrowser(): null

07-03-2025T06:45:55 - [MESSAGE][PASSED] - Browser is closed

07-03-2025T06:45:55 - [TEST_STEP][PASSED] - ViruchkaPoDZO(user, dashboardName, n, data, run, a1, a2, a3, a4, a5, a6, a7, a8, a9, urlData): null

07-03-2025T06:45:55 - [TEST_STEP][PASSED] - n = data.getRowNumbers() + 1: null

07-03-2025T06:45:55 - [TEST_STEP][PASSED] - println(n): null

07-03-2025T06:45:55 - [TEST_STEP][PASSED] - dashboardName = "Выручка по ДЗО": null

07-03-2025T06:45:55 - [TEST_STEP][PASSED] - openBrowser(""): Browser is opened with url: ''

07-03-2025T06:45:55 - [MESSAGE][INFO] - Starting 'Chrome' driver

07-03-2025T06:45:55 - [MESSAGE][INFO] - Action delay is set to 0 milliseconds

07-03-2025T06:45:56 - [MESSAGE][PASSED] - Browser is opened with url: ''

07-03-2025T06:45:56 - [TEST_STEP][PASSED] - urlData = 5: null

07-03-2025T06:45:56 - [TEST_STEP][PASSED] - Script1686231490255.CheckPageDownload(urlData, run): null

07-03-2025T06:45:56 - [TEST_STEP][PASSED] - i = 1: null

07-03-2025T06:45:56 - [TEST_STEP][PASSED] - ii = 0: null

07-03-2025T06:45:56 - [TEST_STEP][PASSED] - urlText = <not implemented yet for class: org.codehaus.groovy.ast.expr.EmptyExpression>: null

07-03-2025T06:45:56 - [TEST_STEP][PASSED] - searchWord = <not implemented yet for class: org.codehaus.groovy.ast.expr.EmptyExpression>: null

07-03-2025T06:45:56 - [TEST_STEP][PASSED] - deleteAllCookies(): Delete all cookies successfully

07-03-2025T06:45:57 - [MESSAGE][PASSED] - Delete all cookies successfully

07-03-2025T06:45:57 - [TEST_STEP][PASSED] - refresh(): Refresh successfully

07-03-2025T06:45:57 - [MESSAGE][PASSED] - Refresh successfully

07-03-2025T06:45:57 - [TEST_STEP][PASSED] - delay(70): Delayed 70 second(s)

07-03-2025T06:47:07 - [MESSAGE][PASSED] - Delayed 70 second(s)

07-03-2025T06:47:07 - [TEST_STEP][PASSED] - navigateToUrl(findTestData("PlanFact").getValue(10, urlData)): Navigate to 'https://bi.rosseti.digital/viewer?dashboardGuid=2301950b23be4ed89c1df75f2020051e&sheetGuid=31530aa0b6664c09b016b7f2ab9d853e&fit=true' successfully

07-03-2025T06:47:10 - [MESSAGE][PASSED] - Navigate to 'https://bi.rosseti.digital/viewer?dashboardGuid=2301950b23be4ed89c1df75f2020051e&sheetGuid=31530aa0b6664c09b016b7f2ab9d853e&fit=true' successfully

07-03-2025T06:47:10 - [TEST_STEP][PASSED] - pageLoaded1 = verifyElementPresent(findTestObject("Страница авторизации/Text"), 30): Object 'Object Repository/Страница авторизации/Text' is present

07-03-2025T06:47:12 - [MESSAGE][PASSED] - Object 'Object Repository/Страница авторизации/Text' is present

07-03-2025T06:47:12 - [TEST_STEP][PASSED] - if (pageLoaded1 == false): null

07-03-2025T06:47:12 - [TEST_STEP][PASSED] - urlText = getText(findTestObject("Страница авторизации/Text")): Text of object 'Object Repository/Страница авторизации/Text' is: 'Вход'

07-03-2025T06:47:12 - [MESSAGE][PASSED] - Text of object 'Object Repository/Страница авторизации/Text' is: 'Вход'

07-03-2025T06:47:12 - [TEST_STEP][PASSED] - delay(70): Delayed 70 second(s)

07-03-2025T06:48:22 - [MESSAGE][PASSED] - Delayed 70 second(s)

07-03-2025T06:48:22 - [TEST_STEP][PASSED] - searchWord = "Вход": null

07-03-2025T06:48:22 - [TEST_STEP][PASSED] - if (urlText.contains(searchWord) == false): null

07-03-2025T06:48:22 - [TEST_STEP][PASSED] - setText(findTestObject("Страница авторизации/input__username"), findTestData("PlanFact").getValue(8, run)): Text 'Petrova-OV' is set on object 'Object Repository/Страница авторизации/input__username'

07-03-2025T06:48:23 - [MESSAGE][PASSED] - Text 'Petrova-OV' is set on object 'Object Repository/Страница авторизации/input__username'

07-03-2025T06:48:23 - [TEST_STEP][PASSED] - setText(findTestObject("Страница авторизации/input__password"), findTestData("PlanFact").getValue(9, run)): Text '4Ex@~R53r&3x&BVe7' is set on object 'Object Repository/Страница авторизации/input__password'

07-03-2025T06:48:23 - [MESSAGE][PASSED] - Text '4Ex@~R53r&3x&BVe7' is set on object 'Object Repository/Страница авторизации/input__password'

07-03-2025T06:48:23 - [TEST_STEP][PASSED] - click(findTestObject("Страница авторизации/button_")): Object: 'Object Repository/Страница авторизации/button_' is clicked on

07-03-2025T06:48:25 - [MESSAGE][PASSED] - Object: 'Object Repository/Страница авторизации/button_' is clicked on

07-03-2025T06:48:25 - [TEST_STEP][PASSED] - delay(70): Delayed 70 second(s)

07-03-2025T06:49:35 - [MESSAGE][PASSED] - Delayed 70 second(s)

07-03-2025T06:49:35 - [TEST_STEP][PASSED] - searchWord = "а": null

07-03-2025T06:49:35 - [TEST_STEP][PASSED] - pageLoaded2 = verifyElementPresent(findTestObject("Страница авторизации/Text"), 50): Object 'Object Repository/Страница авторизации/Text' is present

07-03-2025T06:49:36 - [MESSAGE][PASSED] - Object 'Object Repository/Страница авторизации/Text' is present

07-03-2025T06:49:36 - [TEST_STEP][PASSED] - if (pageLoaded2 == false): null

07-03-2025T06:49:36 - [TEST_STEP][PASSED] - urlText = getText(findTestObject("Страница авторизации/Text")): Text of object 'Object Repository/Страница авторизации/Text' is: 'Период
Январь 2025 года
Выручка
Все
ДЗО 
ПАО Россети
Выручка по ДЗО
Выполнение плановых показателей по ПАО Россети за Январь 2025 года
2 275 2 275
0 0
0 0
8 938 8 938
7 813 7 813
11 645 11 645
12 788 12 788
0 0
7 066 7 066
0 0
1 091 1 091
10 368 10 368
10 920 10 920
28 393 28 393
12 599 12 599
0 0
6 349 6 349
1 064 1 064
2 202 2 202
274 274
463 463
10 568 10 568
7 759 7 759
11 241 11 241
21 497 21 497
3 799 3 799
6 815 6 815
11 296 11 296
1 034 1 034
9 265 9 265
10 446 10 446
28 334 28 334
11 924 11 924
13 055 13 055
6 848 6 848
1 045 1 045
План
Факт
АО "РЭС"
АО «Тываэнерго»
АО «Чеченэнерго»
Россети Волга
Россети Кубань
Россети Ленэнерго (ГК)
Россети Московский регион
Россети Северный Кавказ (ГК)
Россети Северо-Запад
Россети Сибирь (ГК)
Россети Томск
Россети Тюмень
Россети Урал (ГК)
Россети ФСК ЕЭС
Россети Центр
Россети Центр и Приволжье (ГК)
Россети Юг (ГК)
Россети Янтарь
0 млн. руб.
2 500 млн. руб.
5 000 млн. руб.
7 500 млн. руб.
10 000 млн. руб.
12 500 млн. руб.
15 000 млн. руб.
17 500 млн. руб.
20 000 млн. руб.
22 500 млн. руб.
25 000 млн. руб.
27 500 млн. руб.
30 000 млн. руб.
Выполнение плановых показателей по ПАО Россети за Январь 2025 года
1,4%1,4%
0,17%0,17%
0,29%0,29%
6,69%6,69%
4,92%4,92%
7,12%7,12%
13,62%13,62%
2,41%2,41%
4,32%4,32%
7,16%7,16%
0,65%0,65%
5,87%5,87%
6,62%6,62%
17,95%17,95%
7,55%7,55%
8,27%8,27%
4,34%4,34%
0,66%0,66%
АО "РЭС"
АО «Тываэнерго»
АО «Чеченэнерго»
Россети Волга
Россети Кубань
Россети Ленэнерго (ГК)
Россети Московский регион
Россети Северный Кавказ (ГК)
Россети Северо-Запад
Россети Сибирь (ГК)
Россети Томск
Россети Тюмень
Россети Урал (ГК)
Россети ФСК ЕЭС
Россети Центр
Россети Центр и Приволжье (ГК)
Россети Юг (ГК)
Россети Янтарь'

07-03-2025T06:49:36 - [MESSAGE][PASSED] - Text of object 'Object Repository/Страница авторизации/Text' is: 'Период
Январь 2025 года
Выручка
Все
ДЗО 
ПАО Россети
Выручка по ДЗО
Выполнение плановых показателей по ПАО Россети за Январь 2025 года
2 275 2 275
0 0
0 0
8 938 8 938
7 813 7 813
11 645 11 645
12 788 12 788
0 0
7 066 7 066
0 0
1 091 1 091
10 368 10 368
10 920 10 920
28 393 28 393
12 599 12 599
0 0
6 349 6 349
1 064 1 064
2 202 2 202
274 274
463 463
10 568 10 568
7 759 7 759
11 241 11 241
21 497 21 497
3 799 3 799
6 815 6 815
11 296 11 296
1 034 1 034
9 265 9 265
10 446 10 446
28 334 28 334
11 924 11 924
13 055 13 055
6 848 6 848
1 045 1 045
План
Факт
АО "РЭС"
АО «Тываэнерго»
АО «Чеченэнерго»
Россети Волга
Россети Кубань
Россети Ленэнерго (ГК)
Россети Московский регион
Россети Северный Кавказ (ГК)
Россети Северо-Запад
Россети Сибирь (ГК)
Россети Томск
Россети Тюмень
Россети Урал (ГК)
Россети ФСК ЕЭС
Россети Центр
Россети Центр и Приволжье (ГК)
Россети Юг (ГК)
Россети Янтарь
0 млн. руб.
2 500 млн. руб.
5 000 млн. руб.
7 500 млн. руб.
10 000 млн. руб.
12 500 млн. руб.
15 000 млн. руб.
17 500 млн. руб.
20 000 млн. руб.
22 500 млн. руб.
25 000 млн. руб.
27 500 млн. руб.
30 000 млн. руб.
Выполнение плановых показателей по ПАО Россети за Январь 2025 года
1,4%1,4%
0,17%0,17%
0,29%0,29%
6,69%6,69%
4,92%4,92%
7,12%7,12%
13,62%13,62%
2,41%2,41%
4,32%4,32%
7,16%7,16%
0,65%0,65%
5,87%5,87%
6,62%6,62%
17,95%17,95%
7,55%7,55%
8,27%8,27%
4,34%4,34%
0,66%0,66%
АО "РЭС"
АО «Тываэнерго»
АО «Чеченэнерго»
Россети Волга
Россети Кубань
Россети Ленэнерго (ГК)
Россети Московский регион
Россети Северный Кавказ (ГК)
Россети Северо-Запад
Россети Сибирь (ГК)
Россети Томск
Россети Тюмень
Россети Урал (ГК)
Россети ФСК ЕЭС
Россети Центр
Россети Центр и Приволжье (ГК)
Россети Юг (ГК)
Россети Янтарь'

07-03-2025T06:49:36 - [TEST_STEP][PASSED] - if (urlText.contains("ошибка") || urlText.contains(searchWord) == false): null

07-03-2025T06:49:36 - [TEST_STEP][PASSED] - click(findTestObject("Выручка по ДЗО/Фильтр Дата")): Object: 'Object Repository/Выручка по ДЗО/Фильтр Дата' is clicked on

07-03-2025T06:49:37 - [MESSAGE][PASSED] - Object: 'Object Repository/Выручка по ДЗО/Фильтр Дата' is clicked on

07-03-2025T06:49:37 - [TEST_STEP][PASSED] - click(findTestObject("Выручка по ДЗО/Снять выделение в фильтре Дата")): Object: 'Object Repository/Выручка по ДЗО/Снять выделение в фильтре Дата' is clicked on

07-03-2025T06:49:37 - [MESSAGE][PASSED] - Object: 'Object Repository/Выручка по ДЗО/Снять выделение в фильтре Дата' is clicked on

07-03-2025T06:49:37 - [TEST_STEP][PASSED] - click(findTestObject("Выручка по ДЗО/Применить в фильтре Дата")): Object: 'Object Repository/Выручка по ДЗО/Применить в фильтре Дата' is clicked on

07-03-2025T06:49:38 - [MESSAGE][PASSED] - Object: 'Object Repository/Выручка по ДЗО/Применить в фильтре Дата' is clicked on

07-03-2025T06:49:38 - [TEST_STEP][PASSED] - click(findTestObject("Выручка по ДЗО/Фильтр Дата")): Object: 'Object Repository/Выручка по ДЗО/Фильтр Дата' is clicked on

07-03-2025T06:49:39 - [MESSAGE][PASSED] - Object: 'Object Repository/Выручка по ДЗО/Фильтр Дата' is clicked on

07-03-2025T06:49:39 - [TEST_STEP][PASSED] - click(findTestObject("Выручка по ДЗО/Снять выделение в фильтре Дата")): Object: 'Object Repository/Выручка по ДЗО/Снять выделение в фильтре Дата' is clicked on

07-03-2025T06:49:40 - [MESSAGE][PASSED] - Object: 'Object Repository/Выручка по ДЗО/Снять выделение в фильтре Дата' is clicked on

07-03-2025T06:49:40 - [TEST_STEP][PASSED] - scrollToElement(findTestObject("Выручка по ДЗО/2025 список"), 30): Scroll to object 'Object Repository/Выручка по ДЗО/2025 список' successfully

07-03-2025T06:49:40 - [MESSAGE][PASSED] - Scroll to object 'Object Repository/Выручка по ДЗО/2025 список' successfully

07-03-2025T06:49:40 - [TEST_STEP][PASSED] - click(findTestObject("Выручка по ДЗО/2025 список")): Object: 'Object Repository/Выручка по ДЗО/2025 список' is clicked on

07-03-2025T06:49:40 - [MESSAGE][PASSED] - Object: 'Object Repository/Выручка по ДЗО/2025 список' is clicked on

07-03-2025T06:49:40 - [TEST_STEP][PASSED] - scrollToElement(findTestObject("Выручка по ДЗО/1 квартал 2025 список"), 30): Scroll to object 'Object Repository/Выручка по ДЗО/1 квартал 2025 список' successfully

07-03-2025T06:49:41 - [MESSAGE][PASSED] - Scroll to object 'Object Repository/Выручка по ДЗО/1 квартал 2025 список' successfully

07-03-2025T06:49:41 - [TEST_STEP][PASSED] - click(findTestObject("Выручка по ДЗО/1 квартал 2025 список"), CONTINUE_ON_FAILURE): Object: 'Object Repository/Выручка по ДЗО/1 квартал 2025 список' is clicked on

07-03-2025T06:49:41 - [MESSAGE][PASSED] - Object: 'Object Repository/Выручка по ДЗО/1 квартал 2025 список' is clicked on

07-03-2025T06:49:41 - [TEST_STEP][PASSED] - scrollToElement(findTestObject("Выручка по ДЗО/Январь 2025"), 30): Scroll to object 'Object Repository/Выручка по ДЗО/Январь 2025' successfully

07-03-2025T06:49:41 - [MESSAGE][PASSED] - Scroll to object 'Object Repository/Выручка по ДЗО/Январь 2025' successfully

07-03-2025T06:49:41 - [TEST_STEP][PASSED] - click(findTestObject("Выручка по ДЗО/Январь 2025"), CONTINUE_ON_FAILURE): Object: 'Object Repository/Выручка по ДЗО/Январь 2025' is clicked on

07-03-2025T06:49:42 - [MESSAGE][PASSED] - Object: 'Object Repository/Выручка по ДЗО/Январь 2025' is clicked on

07-03-2025T06:49:42 - [TEST_STEP][PASSED] - scrollToElement(findTestObject("Выручка по ДЗО/Заголовок дашборда"), 30): Scroll to object 'Object Repository/Выручка по ДЗО/Заголовок дашборда' successfully

07-03-2025T06:49:42 - [MESSAGE][PASSED] - Scroll to object 'Object Repository/Выручка по ДЗО/Заголовок дашборда' successfully

07-03-2025T06:49:42 - [TEST_STEP][PASSED] - click(findTestObject("Выручка по ДЗО/Применить в фильтре Дата")): Object: 'Object Repository/Выручка по ДЗО/Применить в фильтре Дата' is clicked on

07-03-2025T06:49:43 - [MESSAGE][PASSED] - Object: 'Object Repository/Выручка по ДЗО/Применить в фильтре Дата' is clicked on

07-03-2025T06:49:43 - [TEST_STEP][PASSED] - a3 = "": null

07-03-2025T06:49:43 - [TEST_STEP][PASSED] - a4 = "": null

07-03-2025T06:49:43 - [TEST_STEP][PASSED] - a5 = "": null

07-03-2025T06:49:43 - [TEST_STEP][PASSED] - a6 = "": null

07-03-2025T06:49:43 - [TEST_STEP][PASSED] - a7 = "": null

07-03-2025T06:49:43 - [TEST_STEP][PASSED] - a8 = "": null

07-03-2025T06:49:43 - [TEST_STEP][PASSED] - a9 = "": null

07-03-2025T06:49:43 - [TEST_STEP][PASSED] - if (run == 1): null

07-03-2025T06:49:43 - [TEST_STEP][PASSED] - if (run == 2): null

07-03-2025T06:49:43 - [TEST_STEP][PASSED] - if (run == 3): null

07-03-2025T06:49:43 - [TEST_STEP][PASSED] - user = "Попова": null

07-03-2025T06:49:43 - [TEST_STEP][PASSED] - a1 = getText(findTestObject("Выручка по ДЗО/График1 Выполнение плановых показателей Блок руководителя")): Text of object 'Object Repository/Выручка по ДЗО/График1 Выполнение плановых показателей Блок руководителя' is: '2 275 2 275
0 0
0 0
8 938 8 938
7 813 7 813
11 645 11 645
12 788 12 788
0 0
7 066 7 066
0 0
1 091 1 091
10 368 10 368
10 920 10 920
28 393 28 393
12 599 12 599
0 0
6 349 6 349
1 064 1 064
2 202 2 202
274 274
463 463
10 568 10 568
7 759 7 759
11 241 11 241
21 497 21 497
3 799 3 799
6 815 6 815
11 296 11 296
1 034 1 034
9 265 9 265
10 446 10 446
28 334 28 334
11 924 11 924
13 055 13 055
6 848 6 848
1 045 1 045
План
Факт
АО "РЭС"
АО «Тываэнерго»
АО «Чеченэнерго»
Россети Волга
Россети Кубань
Россети Ленэнерго (ГК)
Россети Московский регион
Россети Северный Кавказ (ГК)
Россети Северо-Запад
Россети Сибирь (ГК)
Россети Томск
Россети Тюмень
Россети Урал (ГК)
Россети ФСК ЕЭС
Россети Центр
Россети Центр и Приволжье (ГК)
Россети Юг (ГК)
Россети Янтарь
0 млн. руб.
2 500 млн. руб.
5 000 млн. руб.
7 500 млн. руб.
10 000 млн. руб.
12 500 млн. руб.
15 000 млн. руб.
17 500 млн. руб.
20 000 млн. руб.
22 500 млн. руб.
25 000 млн. руб.
27 500 млн. руб.
30 000 млн. руб.'

07-03-2025T06:49:44 - [MESSAGE][PASSED] - Text of object 'Object Repository/Выручка по ДЗО/График1 Выполнение плановых показателей Блок руководителя' is: '2 275 2 275
0 0
0 0
8 938 8 938
7 813 7 813
11 645 11 645
12 788 12 788
0 0
7 066 7 066
0 0
1 091 1 091
10 368 10 368
10 920 10 920
28 393 28 393
12 599 12 599
0 0
6 349 6 349
1 064 1 064
2 202 2 202
274 274
463 463
10 568 10 568
7 759 7 759
11 241 11 241
21 497 21 497
3 799 3 799
6 815 6 815
11 296 11 296
1 034 1 034
9 265 9 265
10 446 10 446
28 334 28 334
11 924 11 924
13 055 13 055
6 848 6 848
1 045 1 045
План
Факт
АО "РЭС"
АО «Тываэнерго»
АО «Чеченэнерго»
Россети Волга
Россети Кубань
Россети Ленэнерго (ГК)
Россети Московский регион
Россети Северный Кавказ (ГК)
Россети Северо-Запад
Россети Сибирь (ГК)
Россети Томск
Россети Тюмень
Россети Урал (ГК)
Россети ФСК ЕЭС
Россети Центр
Россети Центр и Приволжье (ГК)
Россети Юг (ГК)
Россети Янтарь
0 млн. руб.
2 500 млн. руб.
5 000 млн. руб.
7 500 млн. руб.
10 000 млн. руб.
12 500 млн. руб.
15 000 млн. руб.
17 500 млн. руб.
20 000 млн. руб.
22 500 млн. руб.
25 000 млн. руб.
27 500 млн. руб.
30 000 млн. руб.'

07-03-2025T06:49:44 - [TEST_STEP][PASSED] - a2 = getText(findTestObject("Выручка по ДЗО/График2 Выполнение плановых показателей Блок руководителя")): Text of object 'Object Repository/Выручка по ДЗО/График2 Выполнение плановых показателей Блок руководителя' is: '1,4%1,4%
0,17%0,17%
0,29%0,29%
6,69%6,69%
4,92%4,92%
7,12%7,12%
13,62%13,62%
2,41%2,41%
4,32%4,32%
7,16%7,16%
0,65%0,65%
5,87%5,87%
6,62%6,62%
17,95%17,95%
7,55%7,55%
8,27%8,27%
4,34%4,34%
0,66%0,66%
АО "РЭС"
АО «Тываэнерго»
АО «Чеченэнерго»
Россети Волга
Россети Кубань
Россети Ленэнерго (ГК)
Россети Московский регион
Россети Северный Кавказ (ГК)
Россети Северо-Запад
Россети Сибирь (ГК)
Россети Томск
Россети Тюмень
Россети Урал (ГК)
Россети ФСК ЕЭС
Россети Центр
Россети Центр и Приволжье (ГК)
Россети Юг (ГК)
Россети Янтарь
Россети Центр и Приволжье (ГК): 13 054 893,11'

07-03-2025T06:49:44 - [MESSAGE][PASSED] - Text of object 'Object Repository/Выручка по ДЗО/График2 Выполнение плановых показателей Блок руководителя' is: '1,4%1,4%
0,17%0,17%
0,29%0,29%
6,69%6,69%
4,92%4,92%
7,12%7,12%
13,62%13,62%
2,41%2,41%
4,32%4,32%
7,16%7,16%
0,65%0,65%
5,87%5,87%
6,62%6,62%
17,95%17,95%
7,55%7,55%
8,27%8,27%
4,34%4,34%
0,66%0,66%
АО "РЭС"
АО «Тываэнерго»
АО «Чеченэнерго»
Россети Волга
Россети Кубань
Россети Ленэнерго (ГК)
Россети Московский регион
Россети Северный Кавказ (ГК)
Россети Северо-Запад
Россети Сибирь (ГК)
Россети Томск
Россети Тюмень
Россети Урал (ГК)
Россети ФСК ЕЭС
Россети Центр
Россети Центр и Приволжье (ГК)
Россети Юг (ГК)
Россети Янтарь
Россети Центр и Приволжье (ГК): 13 054 893,11'

07-03-2025T06:49:44 - [TEST_STEP][PASSED] - a2 = indexOf("АО «Тываэнерго»")).replaceAll("[а-яА-Я]", ""): null

07-03-2025T06:49:44 - [TEST_STEP][PASSED] - n = n + 29: null

07-03-2025T06:49:44 - [TEST_STEP][PASSED] - b = n - run + 1: null

07-03-2025T06:49:44 - [TEST_STEP][PASSED] - verifyEqual(findTestData("PlanFact").getValue(2, b), a1): Actual object '2 275 2 275
0 0
0 0
8 938 8 938
7 813 7 813
11 645 11 645
12 788 12 788
0 0
7 066 7 066
0 0
1 091 1 091
10 368 10 368
10 920 10 920
28 393 28 393
12 599 12 599
0 0
6 349 6 349
1 064 1 064
2 202 2 202
274 274
463 463
10 568 10 568
7 759 7 759
11 241 11 241
21 497 21 497
3 799 3 799
6 815 6 815
11 296 11 296
1 034 1 034
9 265 9 265
10 446 10 446
28 334 28 334
11 924 11 924
13 055 13 055
6 848 6 848
1 045 1 045
План
Факт
АО "РЭС"
АО «Тываэнерго»
АО «Чеченэнерго»
Россети Волга
Россети Кубань
Россети Ленэнерго (ГК)
Россети Московский регион
Россети Северный Кавказ (ГК)
Россети Северо-Запад
Россети Сибирь (ГК)
Россети Томск
Россети Тюмень
Россети Урал (ГК)
Россети ФСК ЕЭС
Россети Центр
Россети Центр и Приволжье (ГК)
Россети Юг (ГК)
Россети Янтарь
0 млн. руб.
2 500 млн. руб.
5 000 млн. руб.
7 500 млн. руб.
10 000 млн. руб.
12 500 млн. руб.
15 000 млн. руб.
17 500 млн. руб.
20 000 млн. руб.
22 500 млн. руб.
25 000 млн. руб.
27 500 млн. руб.
30 000 млн. руб.' and expected object '2 275 2 275
0 0
0 0
8 938 8 938
7 813 7 813
11 645 11 645
12 788 12 788
0 0
7 066 7 066
0 0
1 091 1 091
10 368 10 368
10 920 10 920
28 393 28 393
12 599 12 599
0 0
6 349 6 349
1 064 1 064
2 202 2 202
274 274
463 463
10 568 10 568
7 759 7 759
11 241 11 241
21 497 21 497
3 799 3 799
6 815 6 815
11 296 11 296
1 034 1 034
9 265 9 265
10 446 10 446
28 334 28 334
11 924 11 924
13 055 13 055
6 848 6 848
1 045 1 045
План
Факт
АО "РЭС"
АО «Тываэнерго»
АО «Чеченэнерго»
Россети Волга
Россети Кубань
Россети Ленэнерго (ГК)
Россети Московский регион
Россети Северный Кавказ (ГК)
Россети Северо-Запад
Россети Сибирь (ГК)
Россети Томск
Россети Тюмень
Россети Урал (ГК)
Россети ФСК ЕЭС
Россети Центр
Россети Центр и Приволжье (ГК)
Россети Юг (ГК)
Россети Янтарь
0 млн. руб.
2 500 млн. руб.
5 000 млн. руб.
7 500 млн. руб.
10 000 млн. руб.
12 500 млн. руб.
15 000 млн. руб.
17 500 млн. руб.
20 000 млн. руб.
22 500 млн. руб.
25 000 млн. руб.
27 500 млн. руб.
30 000 млн. руб.' are equal

07-03-2025T06:49:44 - [MESSAGE][PASSED] - Actual object '2 275 2 275
0 0
0 0
8 938 8 938
7 813 7 813
11 645 11 645
12 788 12 788
0 0
7 066 7 066
0 0
1 091 1 091
10 368 10 368
10 920 10 920
28 393 28 393
12 599 12 599
0 0
6 349 6 349
1 064 1 064
2 202 2 202
274 274
463 463
10 568 10 568
7 759 7 759
11 241 11 241
21 497 21 497
3 799 3 799
6 815 6 815
11 296 11 296
1 034 1 034
9 265 9 265
10 446 10 446
28 334 28 334
11 924 11 924
13 055 13 055
6 848 6 848
1 045 1 045
План
Факт
АО "РЭС"
АО «Тываэнерго»
АО «Чеченэнерго»
Россети Волга
Россети Кубань
Россети Ленэнерго (ГК)
Россети Московский регион
Россети Северный Кавказ (ГК)
Россети Северо-Запад
Россети Сибирь (ГК)
Россети Томск
Россети Тюмень
Россети Урал (ГК)
Россети ФСК ЕЭС
Россети Центр
Россети Центр и Приволжье (ГК)
Россети Юг (ГК)
Россети Янтарь
0 млн. руб.
2 500 млн. руб.
5 000 млн. руб.
7 500 млн. руб.
10 000 млн. руб.
12 500 млн. руб.
15 000 млн. руб.
17 500 млн. руб.
20 000 млн. руб.
22 500 млн. руб.
25 000 млн. руб.
27 500 млн. руб.
30 000 млн. руб.' and expected object '2 275 2 275
0 0
0 0
8 938 8 938
7 813 7 813
11 645 11 645
12 788 12 788
0 0
7 066 7 066
0 0
1 091 1 091
10 368 10 368
10 920 10 920
28 393 28 393
12 599 12 599
0 0
6 349 6 349
1 064 1 064
2 202 2 202
274 274
463 463
10 568 10 568
7 759 7 759
11 241 11 241
21 497 21 497
3 799 3 799
6 815 6 815
11 296 11 296
1 034 1 034
9 265 9 265
10 446 10 446
28 334 28 334
11 924 11 924
13 055 13 055
6 848 6 848
1 045 1 045
План
Факт
АО "РЭС"
АО «Тываэнерго»
АО «Чеченэнерго»
Россети Волга
Россети Кубань
Россети Ленэнерго (ГК)
Россети Московский регион
Россети Северный Кавказ (ГК)
Россети Северо-Запад
Россети Сибирь (ГК)
Россети Томск
Россети Тюмень
Россети Урал (ГК)
Россети ФСК ЕЭС
Россети Центр
Россети Центр и Приволжье (ГК)
Россети Юг (ГК)
Россети Янтарь
0 млн. руб.
2 500 млн. руб.
5 000 млн. руб.
7 500 млн. руб.
10 000 млн. руб.
12 500 млн. руб.
15 000 млн. руб.
17 500 млн. руб.
20 000 млн. руб.
22 500 млн. руб.
25 000 млн. руб.
27 500 млн. руб.
30 000 млн. руб.' are equal

07-03-2025T06:49:44 - [TEST_STEP][PASSED] - verifyEqual(findTestData("PlanFact").getValue(3, b), a2): Actual object '1,4%1,4%
0,17%0,17%
0,29%0,29%
6,69%6,69%
4,92%4,92%
7,12%7,12%
13,62%13,62%
2,41%2,41%
4,32%4,32%
7,16%7,16%
0,65%0,65%
5,87%5,87%
6,62%6,62%
17,95%17,95%
7,55%7,55%
8,27%8,27%
4,34%4,34%
0,66%0,66%
 ""
' and expected object '1,4%1,4%
0,17%0,17%
0,29%0,29%
6,69%6,69%
4,92%4,92%
7,12%7,12%
13,62%13,62%
2,41%2,41%
4,32%4,32%
7,16%7,16%
0,65%0,65%
5,87%5,87%
6,62%6,62%
17,95%17,95%
7,55%7,55%
8,27%8,27%
4,34%4,34%
0,66%0,66%
 ""
' are equal

07-03-2025T06:49:44 - [MESSAGE][PASSED] - Actual object '1,4%1,4%
0,17%0,17%
0,29%0,29%
6,69%6,69%
4,92%4,92%
7,12%7,12%
13,62%13,62%
2,41%2,41%
4,32%4,32%
7,16%7,16%
0,65%0,65%
5,87%5,87%
6,62%6,62%
17,95%17,95%
7,55%7,55%
8,27%8,27%
4,34%4,34%
0,66%0,66%
 ""
' and expected object '1,4%1,4%
0,17%0,17%
0,29%0,29%
6,69%6,69%
4,92%4,92%
7,12%7,12%
13,62%13,62%
2,41%2,41%
4,32%4,32%
7,16%7,16%
0,65%0,65%
5,87%5,87%
6,62%6,62%
17,95%17,95%
7,55%7,55%
8,27%8,27%
4,34%4,34%
0,66%0,66%
 ""
' are equal

07-03-2025T06:49:44 - [TEST_STEP][PASSED] - Script1686231490255.WriteToExcel(user, dashboardName, n, data, run, a1, a2, a3, a4, a5, a6, a7, a8, a9): null

07-03-2025T06:49:44 - [TEST_STEP][PASSED] - sheetName = "Sheet1": null

07-03-2025T06:49:44 - [TEST_STEP][PASSED] - workbook01 = getWorkbook(excelFilePath): null

07-03-2025T06:49:44 - [TEST_STEP][PASSED] - sheet01 = getExcelSheet(workbook01, sheetName): null

07-03-2025T06:49:44 - [TEST_STEP][PASSED] - setValueToCellByIndex(sheet01, n, 0, dashboardName): null

07-03-2025T06:49:44 - [TEST_STEP][PASSED] - setValueToCellByIndex(sheet01, n, 10, user): null

07-03-2025T06:49:44 - [TEST_STEP][PASSED] - setValueToCellByIndex(sheet01, n, 1, a1): null

07-03-2025T06:49:44 - [TEST_STEP][PASSED] - setValueToCellByIndex(sheet01, n, 2, a2): null

07-03-2025T06:49:44 - [TEST_STEP][PASSED] - setValueToCellByIndex(sheet01, n, 3, a3): null

07-03-2025T06:49:44 - [TEST_STEP][PASSED] - setValueToCellByIndex(sheet01, n, 4, a4): null

07-03-2025T06:49:44 - [TEST_STEP][PASSED] - setValueToCellByIndex(sheet01, n, 5, a5): null

07-03-2025T06:49:44 - [TEST_STEP][PASSED] - setValueToCellByIndex(sheet01, n, 6, a6): null

07-03-2025T06:49:44 - [TEST_STEP][PASSED] - setValueToCellByIndex(sheet01, n, 7, a7): null

07-03-2025T06:49:44 - [TEST_STEP][PASSED] - setValueToCellByIndex(sheet01, n, 8, a8): null

07-03-2025T06:49:44 - [TEST_STEP][PASSED] - setValueToCellByIndex(sheet01, n, 9, a9): null

07-03-2025T06:49:44 - [TEST_STEP][PASSED] - n = n + 1: null

07-03-2025T06:49:44 - [TEST_STEP][PASSED] - saveWorkbook(excelFilePath, workbook01): null

07-03-2025T06:49:44 - [TEST_STEP][PASSED] - closeBrowser(): Browser is closed

07-03-2025T06:49:45 - [MESSAGE][PASSED] - Browser is closed

07-03-2025T06:49:45 - [TEST_STEP][PASSED] - delay(70): Delayed 70 second(s)

07-03-2025T06:50:55 - [MESSAGE][PASSED] - Delayed 70 second(s)

07-03-2025T06:50:55 - [TEST_STEP][PASSED] - for ([run = 1, run < 4, (run++)]): null

07-03-2025T06:50:55 - [TEST_STEP][PASSED] - PrognozPoDZO(user, dashboardName, n, data, run, a1, a2, a3, a4, a5, a6, a7, a8, a9, urlData): null

07-03-2025T06:50:55 - [TEST_STEP][PASSED] - n = data.getRowNumbers() + 1: null

07-03-2025T06:50:55 - [TEST_STEP][PASSED] - println(n): null

07-03-2025T06:50:55 - [TEST_STEP][PASSED] - dashboardName = "Прогноз по ДЗО": null

07-03-2025T06:50:55 - [TEST_STEP][PASSED] - openBrowser(""): Browser is opened with url: ''

07-03-2025T06:50:55 - [MESSAGE][INFO] - Starting 'Chrome' driver

07-03-2025T06:50:55 - [MESSAGE][INFO] - Action delay is set to 0 milliseconds

07-03-2025T06:50:56 - [MESSAGE][PASSED] - Browser is opened with url: ''

07-03-2025T06:50:56 - [TEST_STEP][PASSED] - urlData = 19: null

07-03-2025T06:50:56 - [TEST_STEP][PASSED] - Script1686231490255.CheckPageDownload(urlData, run): null

07-03-2025T06:50:56 - [TEST_STEP][PASSED] - i = 1: null

07-03-2025T06:50:56 - [TEST_STEP][PASSED] - ii = 0: null

07-03-2025T06:50:56 - [TEST_STEP][PASSED] - urlText = <not implemented yet for class: org.codehaus.groovy.ast.expr.EmptyExpression>: null

07-03-2025T06:50:56 - [TEST_STEP][PASSED] - searchWord = <not implemented yet for class: org.codehaus.groovy.ast.expr.EmptyExpression>: null

07-03-2025T06:50:56 - [TEST_STEP][PASSED] - deleteAllCookies(): Delete all cookies successfully

07-03-2025T06:50:56 - [MESSAGE][PASSED] - Delete all cookies successfully

07-03-2025T06:50:56 - [TEST_STEP][PASSED] - refresh(): Refresh successfully

07-03-2025T06:50:56 - [MESSAGE][PASSED] - Refresh successfully

07-03-2025T06:50:56 - [TEST_STEP][PASSED] - delay(70): Delayed 70 second(s)

07-03-2025T06:52:06 - [MESSAGE][PASSED] - Delayed 70 second(s)

07-03-2025T06:52:06 - [TEST_STEP][PASSED] - navigateToUrl(findTestData("PlanFact").getValue(10, urlData)): Navigate to 'https://bi.rosseti.digital/viewer?dashboardGuid=d6acb5b1a7114a9791b34de39263106e&sheetGuid=752a4d1009e74632abe0071aea7fa3c6&fit=true' successfully

07-03-2025T06:52:10 - [MESSAGE][PASSED] - Navigate to 'https://bi.rosseti.digital/viewer?dashboardGuid=d6acb5b1a7114a9791b34de39263106e&sheetGuid=752a4d1009e74632abe0071aea7fa3c6&fit=true' successfully

07-03-2025T06:52:10 - [TEST_STEP][PASSED] - pageLoaded1 = verifyElementPresent(findTestObject("Страница авторизации/Text"), 30): Object 'Object Repository/Страница авторизации/Text' is present

07-03-2025T06:52:12 - [MESSAGE][PASSED] - Object 'Object Repository/Страница авторизации/Text' is present

07-03-2025T06:52:12 - [TEST_STEP][PASSED] - if (pageLoaded1 == false): null

07-03-2025T06:52:12 - [TEST_STEP][PASSED] - urlText = getText(findTestObject("Страница авторизации/Text")): Text of object 'Object Repository/Страница авторизации/Text' is: 'Вход'

07-03-2025T06:52:12 - [MESSAGE][PASSED] - Text of object 'Object Repository/Страница авторизации/Text' is: 'Вход'

07-03-2025T06:52:12 - [TEST_STEP][PASSED] - delay(70): Delayed 70 second(s)

07-03-2025T06:53:22 - [MESSAGE][PASSED] - Delayed 70 second(s)

07-03-2025T06:53:22 - [TEST_STEP][PASSED] - searchWord = "Вход": null

07-03-2025T06:53:22 - [TEST_STEP][PASSED] - if (urlText.contains(searchWord) == false): null

07-03-2025T06:53:22 - [TEST_STEP][PASSED] - setText(findTestObject("Страница авторизации/input__username"), findTestData("PlanFact").getValue(8, run)): Text 'liazgina-di' is set on object 'Object Repository/Страница авторизации/input__username'

07-03-2025T06:53:23 - [MESSAGE][PASSED] - Text 'liazgina-di' is set on object 'Object Repository/Страница авторизации/input__username'

07-03-2025T06:53:23 - [TEST_STEP][PASSED] - setText(findTestObject("Страница авторизации/input__password"), findTestData("PlanFact").getValue(9, run)): Text ')$%5srZ8o688Dm#q' is set on object 'Object Repository/Страница авторизации/input__password'

07-03-2025T06:53:24 - [MESSAGE][PASSED] - Text ')$%5srZ8o688Dm#q' is set on object 'Object Repository/Страница авторизации/input__password'

07-03-2025T06:53:24 - [TEST_STEP][PASSED] - click(findTestObject("Страница авторизации/button_")): Object: 'Object Repository/Страница авторизации/button_' is clicked on

07-03-2025T06:53:25 - [MESSAGE][PASSED] - Object: 'Object Repository/Страница авторизации/button_' is clicked on

07-03-2025T06:53:25 - [TEST_STEP][PASSED] - delay(70): Delayed 70 second(s)

07-03-2025T06:54:35 - [MESSAGE][PASSED] - Delayed 70 second(s)

07-03-2025T06:54:35 - [TEST_STEP][PASSED] - searchWord = "а": null

07-03-2025T06:54:35 - [TEST_STEP][PASSED] - pageLoaded2 = verifyElementPresent(findTestObject("Страница авторизации/Text"), 50): Object 'Object Repository/Страница авторизации/Text' is present

07-03-2025T06:54:35 - [MESSAGE][PASSED] - Object 'Object Repository/Страница авторизации/Text' is present

07-03-2025T06:54:35 - [TEST_STEP][PASSED] - if (pageLoaded2 == false): null

07-03-2025T06:54:35 - [TEST_STEP][PASSED] - urlText = getText(findTestObject("Страница авторизации/Text")): Text of object 'Object Repository/Страница авторизации/Text' is: 'Сравнение с 
План
абс.
%
Отклонения по ПАО Россети на 2025 год
⬤ Отклонение, %
Выручка отклонения по ПАО Россети на 2025 год
⬤ Отклонение, %
Год 
2025 год
Динамика электропотребления, млрд. кВт.ч.
У виджета нет данных
Выручка, млрд. руб.
У виджета нет данных
Прогноз на месяц 
Ноябрь
КПО/Отпуск из сети 
Отпуск из сети, млн. кВт.ч
Организация 
Все

Прогноз электропотребления и выручки за услуги по передаче в разрезе ДЗО'

07-03-2025T06:54:36 - [MESSAGE][PASSED] - Text of object 'Object Repository/Страница авторизации/Text' is: 'Сравнение с 
План
абс.
%
Отклонения по ПАО Россети на 2025 год
⬤ Отклонение, %
Выручка отклонения по ПАО Россети на 2025 год
⬤ Отклонение, %
Год 
2025 год
Динамика электропотребления, млрд. кВт.ч.
У виджета нет данных
Выручка, млрд. руб.
У виджета нет данных
Прогноз на месяц 
Ноябрь
КПО/Отпуск из сети 
Отпуск из сети, млн. кВт.ч
Организация 
Все

Прогноз электропотребления и выручки за услуги по передаче в разрезе ДЗО'

07-03-2025T06:54:36 - [TEST_STEP][PASSED] - if (urlText.contains("ошибка") || urlText.contains(searchWord) == false): null

07-03-2025T06:54:36 - [TEST_STEP][PASSED] - a3 = "": null

07-03-2025T06:54:36 - [TEST_STEP][PASSED] - a4 = "": null

07-03-2025T06:54:36 - [TEST_STEP][PASSED] - a5 = "": null

07-03-2025T06:54:36 - [TEST_STEP][PASSED] - a6 = "": null

07-03-2025T06:54:36 - [TEST_STEP][PASSED] - a7 = "": null

07-03-2025T06:54:36 - [TEST_STEP][PASSED] - a8 = "": null

07-03-2025T06:54:36 - [TEST_STEP][PASSED] - a9 = "": null

07-03-2025T06:54:36 - [TEST_STEP][PASSED] - if (run == 1): null

07-03-2025T06:54:36 - [TEST_STEP][PASSED] - user = "админ": null

07-03-2025T06:54:36 - [TEST_STEP][PASSED] - a1 = getText(findTestObject("Прогноз по ДЗО/График1")): Text of object 'Object Repository/Прогноз по ДЗО/График1' is: 'Динамика электропотребления, млрд. кВт.ч.
У виджета нет данных'

07-03-2025T06:54:36 - [MESSAGE][PASSED] - Text of object 'Object Repository/Прогноз по ДЗО/График1' is: 'Динамика электропотребления, млрд. кВт.ч.
У виджета нет данных'

07-03-2025T06:54:36 - [TEST_STEP][PASSED] - i = a1.indexOf("по ПАО Россети на 2023 год"): null

07-03-2025T06:54:36 - [TEST_STEP][PASSED] - if (i > -1): null

07-03-2025T06:54:36 - [TEST_STEP][PASSED] - i = a1.indexOf("Динамика электропотребления, млн. кВт.ч."): null

07-03-2025T06:54:36 - [TEST_STEP][PASSED] - if (i > -1): null

07-03-2025T06:54:36 - [TEST_STEP][PASSED] - a1 = a1.trim(): null

07-03-2025T06:54:36 - [TEST_STEP][PASSED] - a2 = getText(findTestObject("Прогноз по ДЗО/График2")): Text of object 'Object Repository/Прогноз по ДЗО/График2' is: 'Выручка, млрд. руб.
У виджета нет данных'

07-03-2025T06:54:36 - [MESSAGE][PASSED] - Text of object 'Object Repository/Прогноз по ДЗО/График2' is: 'Выручка, млрд. руб.
У виджета нет данных'

07-03-2025T06:54:36 - [TEST_STEP][PASSED] - a3 = getText(findTestObject("Прогноз по ДЗО/График3")): Text of object 'Object Repository/Прогноз по ДЗО/График3' is: 'Отклонения по ПАО Россети на 2025 год
⬤ Отклонение, %'

07-03-2025T06:54:37 - [MESSAGE][PASSED] - Text of object 'Object Repository/Прогноз по ДЗО/График3' is: 'Отклонения по ПАО Россети на 2025 год
⬤ Отклонение, %'

07-03-2025T06:54:37 - [TEST_STEP][PASSED] - a4 = getText(findTestObject("Прогноз по ДЗО/График4")): Text of object 'Object Repository/Прогноз по ДЗО/График4' is: 'Выручка отклонения по ПАО Россети на 2025 год
⬤ Отклонение, %'

07-03-2025T06:54:37 - [MESSAGE][PASSED] - Text of object 'Object Repository/Прогноз по ДЗО/График4' is: 'Выручка отклонения по ПАО Россети на 2025 год
⬤ Отклонение, %'

07-03-2025T06:54:37 - [TEST_STEP][PASSED] - click(findTestObject("Прогноз по ДЗО/Переключить отображение с процентов на абс Блок руководителя")): Object: 'Object Repository/Прогноз по ДЗО/Переключить отображение с процентов на абс Блок руководителя' is clicked on

07-03-2025T06:54:37 - [MESSAGE][PASSED] - Object: 'Object Repository/Прогноз по ДЗО/Переключить отображение с процентов на абс Блок руководителя' is clicked on

07-03-2025T06:54:37 - [TEST_STEP][PASSED] - a5 = getText(findTestObject("Прогноз по ДЗО/График5")): Text of object 'Object Repository/Прогноз по ДЗО/График5' is: 'Отклонения по ПАО Россети на 2025 год
⬤ Отклонение, млн. кВт.ч'

07-03-2025T06:54:37 - [MESSAGE][PASSED] - Text of object 'Object Repository/Прогноз по ДЗО/График5' is: 'Отклонения по ПАО Россети на 2025 год
⬤ Отклонение, млн. кВт.ч'

07-03-2025T06:54:37 - [TEST_STEP][PASSED] - a6 = getText(findTestObject("Прогноз по ДЗО/График6")): Text of object 'Object Repository/Прогноз по ДЗО/График6' is: 'Выручка отклонения по ПАО Россети на 2025 год
⬤ Отклонение, млн. руб'

07-03-2025T06:54:38 - [MESSAGE][PASSED] - Text of object 'Object Repository/Прогноз по ДЗО/График6' is: 'Выручка отклонения по ПАО Россети на 2025 год
⬤ Отклонение, млн. руб'

07-03-2025T06:54:38 - [TEST_STEP][PASSED] - click(findTestObject("Прогноз по ДЗО/Переключить отображение с абс на проценты")): Object: 'Object Repository/Прогноз по ДЗО/Переключить отображение с абс на проценты' is clicked on

07-03-2025T06:54:38 - [MESSAGE][PASSED] - Object: 'Object Repository/Прогноз по ДЗО/Переключить отображение с абс на проценты' is clicked on

07-03-2025T06:54:38 - [TEST_STEP][PASSED] - n = n + 30: null

07-03-2025T06:54:38 - [TEST_STEP][PASSED] - Script1686231490255.WriteToExcel(user, dashboardName, n, data, run, a1, a2, a3, a4, a5, a6, a7, a8, a9): null

07-03-2025T06:54:38 - [TEST_STEP][PASSED] - sheetName = "Sheet1": null

07-03-2025T06:54:38 - [TEST_STEP][PASSED] - workbook01 = getWorkbook(excelFilePath): null

07-03-2025T06:54:38 - [TEST_STEP][PASSED] - sheet01 = getExcelSheet(workbook01, sheetName): null

07-03-2025T06:54:38 - [TEST_STEP][PASSED] - setValueToCellByIndex(sheet01, n, 0, dashboardName): null

07-03-2025T06:54:38 - [TEST_STEP][PASSED] - setValueToCellByIndex(sheet01, n, 10, user): null

07-03-2025T06:54:38 - [TEST_STEP][PASSED] - setValueToCellByIndex(sheet01, n, 1, a1): null

07-03-2025T06:54:38 - [TEST_STEP][PASSED] - setValueToCellByIndex(sheet01, n, 2, a2): null

07-03-2025T06:54:38 - [TEST_STEP][PASSED] - setValueToCellByIndex(sheet01, n, 3, a3): null

07-03-2025T06:54:38 - [TEST_STEP][PASSED] - setValueToCellByIndex(sheet01, n, 4, a4): null

07-03-2025T06:54:38 - [TEST_STEP][PASSED] - setValueToCellByIndex(sheet01, n, 5, a5): null

07-03-2025T06:54:38 - [TEST_STEP][PASSED] - setValueToCellByIndex(sheet01, n, 6, a6): null

07-03-2025T06:54:38 - [TEST_STEP][PASSED] - setValueToCellByIndex(sheet01, n, 7, a7): null

07-03-2025T06:54:38 - [TEST_STEP][PASSED] - setValueToCellByIndex(sheet01, n, 8, a8): null

07-03-2025T06:54:38 - [TEST_STEP][PASSED] - setValueToCellByIndex(sheet01, n, 9, a9): null

07-03-2025T06:54:38 - [TEST_STEP][PASSED] - n = n + 1: null

07-03-2025T06:54:38 - [TEST_STEP][PASSED] - saveWorkbook(excelFilePath, workbook01): null

07-03-2025T06:54:38 - [TEST_STEP][PASSED] - if (run == 2): null

07-03-2025T06:54:38 - [TEST_STEP][PASSED] - if (run == 3): null

07-03-2025T06:54:38 - [TEST_STEP][PASSED] - closeBrowser(): null

07-03-2025T06:54:39 - [MESSAGE][PASSED] - Browser is closed

07-03-2025T06:54:39 - [TEST_STEP][PASSED] - PrognozPoDZO(user, dashboardName, n, data, run, a1, a2, a3, a4, a5, a6, a7, a8, a9, urlData): null

07-03-2025T06:54:39 - [TEST_STEP][PASSED] - n = data.getRowNumbers() + 1: null

07-03-2025T06:54:39 - [TEST_STEP][PASSED] - println(n): null

07-03-2025T06:54:39 - [TEST_STEP][PASSED] - dashboardName = "Прогноз по ДЗО": null

07-03-2025T06:54:39 - [TEST_STEP][PASSED] - openBrowser(""): Browser is opened with url: ''

07-03-2025T06:54:39 - [MESSAGE][INFO] - Starting 'Chrome' driver

07-03-2025T06:54:39 - [MESSAGE][INFO] - Action delay is set to 0 milliseconds

07-03-2025T06:54:40 - [MESSAGE][PASSED] - Browser is opened with url: ''

07-03-2025T06:54:40 - [TEST_STEP][PASSED] - urlData = 19: null

07-03-2025T06:54:40 - [TEST_STEP][PASSED] - Script1686231490255.CheckPageDownload(urlData, run): null

07-03-2025T06:54:40 - [TEST_STEP][PASSED] - i = 1: null

07-03-2025T06:54:40 - [TEST_STEP][PASSED] - ii = 0: null

07-03-2025T06:54:40 - [TEST_STEP][PASSED] - urlText = <not implemented yet for class: org.codehaus.groovy.ast.expr.EmptyExpression>: null

07-03-2025T06:54:40 - [TEST_STEP][PASSED] - searchWord = <not implemented yet for class: org.codehaus.groovy.ast.expr.EmptyExpression>: null

07-03-2025T06:54:40 - [TEST_STEP][PASSED] - deleteAllCookies(): Delete all cookies successfully

07-03-2025T06:54:40 - [MESSAGE][PASSED] - Delete all cookies successfully

07-03-2025T06:54:40 - [TEST_STEP][PASSED] - refresh(): Refresh successfully

07-03-2025T06:54:40 - [MESSAGE][PASSED] - Refresh successfully

07-03-2025T06:54:40 - [TEST_STEP][PASSED] - delay(70): Delayed 70 second(s)

07-03-2025T06:55:50 - [MESSAGE][PASSED] - Delayed 70 second(s)

07-03-2025T06:55:50 - [TEST_STEP][PASSED] - navigateToUrl(findTestData("PlanFact").getValue(10, urlData)): Navigate to 'https://bi.rosseti.digital/viewer?dashboardGuid=d6acb5b1a7114a9791b34de39263106e&sheetGuid=752a4d1009e74632abe0071aea7fa3c6&fit=true' successfully

07-03-2025T06:55:53 - [MESSAGE][PASSED] - Navigate to 'https://bi.rosseti.digital/viewer?dashboardGuid=d6acb5b1a7114a9791b34de39263106e&sheetGuid=752a4d1009e74632abe0071aea7fa3c6&fit=true' successfully

07-03-2025T06:55:53 - [TEST_STEP][PASSED] - pageLoaded1 = verifyElementPresent(findTestObject("Страница авторизации/Text"), 30): Object 'Object Repository/Страница авторизации/Text' is present

07-03-2025T06:55:55 - [MESSAGE][PASSED] - Object 'Object Repository/Страница авторизации/Text' is present

07-03-2025T06:55:55 - [TEST_STEP][PASSED] - if (pageLoaded1 == false): null

07-03-2025T06:55:55 - [TEST_STEP][PASSED] - urlText = getText(findTestObject("Страница авторизации/Text")): Text of object 'Object Repository/Страница авторизации/Text' is: 'Вход'

07-03-2025T06:55:55 - [MESSAGE][PASSED] - Text of object 'Object Repository/Страница авторизации/Text' is: 'Вход'

07-03-2025T06:55:55 - [TEST_STEP][PASSED] - delay(70): Delayed 70 second(s)

07-03-2025T06:57:05 - [MESSAGE][PASSED] - Delayed 70 second(s)

07-03-2025T06:57:05 - [TEST_STEP][PASSED] - searchWord = "Вход": null

07-03-2025T06:57:05 - [TEST_STEP][PASSED] - if (urlText.contains(searchWord) == false): null

07-03-2025T06:57:05 - [TEST_STEP][PASSED] - setText(findTestObject("Страница авторизации/input__username"), findTestData("PlanFact").getValue(8, run)): Text 'Andreeva-EV' is set on object 'Object Repository/Страница авторизации/input__username'

07-03-2025T06:57:06 - [MESSAGE][PASSED] - Text 'Andreeva-EV' is set on object 'Object Repository/Страница авторизации/input__username'

07-03-2025T06:57:06 - [TEST_STEP][PASSED] - setText(findTestObject("Страница авторизации/input__password"), findTestData("PlanFact").getValue(9, run)): Text '2nPePKDwCPH3ul7xMZ' is set on object 'Object Repository/Страница авторизации/input__password'

07-03-2025T06:57:07 - [MESSAGE][PASSED] - Text '2nPePKDwCPH3ul7xMZ' is set on object 'Object Repository/Страница авторизации/input__password'

07-03-2025T06:57:07 - [TEST_STEP][PASSED] - click(findTestObject("Страница авторизации/button_")): Object: 'Object Repository/Страница авторизации/button_' is clicked on

07-03-2025T06:57:09 - [MESSAGE][PASSED] - Object: 'Object Repository/Страница авторизации/button_' is clicked on

07-03-2025T06:57:09 - [TEST_STEP][PASSED] - delay(70): Delayed 70 second(s)

07-03-2025T06:58:19 - [MESSAGE][PASSED] - Delayed 70 second(s)

07-03-2025T06:58:19 - [TEST_STEP][PASSED] - searchWord = "а": null

07-03-2025T06:58:19 - [TEST_STEP][PASSED] - pageLoaded2 = verifyElementPresent(findTestObject("Страница авторизации/Text"), 50): Object 'Object Repository/Страница авторизации/Text' is present

07-03-2025T06:58:19 - [MESSAGE][PASSED] - Object 'Object Repository/Страница авторизации/Text' is present

07-03-2025T06:58:19 - [TEST_STEP][PASSED] - if (pageLoaded2 == false): null

07-03-2025T06:58:19 - [TEST_STEP][PASSED] - urlText = getText(findTestObject("Страница авторизации/Text")): Text of object 'Object Repository/Страница авторизации/Text' is: 'Сравнение с 
План
абс.
%
Отклонения по ПАО Россети на 2025 год
⬤ Отклонение, %
Выручка отклонения по ПАО Россети на 2025 год
⬤ Отклонение, %
Год 
2025 год
Динамика электропотребления, млрд. кВт.ч.
У виджета нет данных
Выручка, млрд. руб.
У виджета нет данных
Прогноз на месяц 
Ноябрь
КПО/Отпуск из сети 
Отпуск из сети, млн. кВт.ч
Организация 
Все

Прогноз электропотребления и выручки за услуги по передаче в разрезе ДЗО'

07-03-2025T06:58:20 - [MESSAGE][PASSED] - Text of object 'Object Repository/Страница авторизации/Text' is: 'Сравнение с 
План
абс.
%
Отклонения по ПАО Россети на 2025 год
⬤ Отклонение, %
Выручка отклонения по ПАО Россети на 2025 год
⬤ Отклонение, %
Год 
2025 год
Динамика электропотребления, млрд. кВт.ч.
У виджета нет данных
Выручка, млрд. руб.
У виджета нет данных
Прогноз на месяц 
Ноябрь
КПО/Отпуск из сети 
Отпуск из сети, млн. кВт.ч
Организация 
Все

Прогноз электропотребления и выручки за услуги по передаче в разрезе ДЗО'

07-03-2025T06:58:20 - [TEST_STEP][PASSED] - if (urlText.contains("ошибка") || urlText.contains(searchWord) == false): null

07-03-2025T06:58:20 - [TEST_STEP][PASSED] - a3 = "": null

07-03-2025T06:58:20 - [TEST_STEP][PASSED] - a4 = "": null

07-03-2025T06:58:20 - [TEST_STEP][PASSED] - a5 = "": null

07-03-2025T06:58:20 - [TEST_STEP][PASSED] - a6 = "": null

07-03-2025T06:58:20 - [TEST_STEP][PASSED] - a7 = "": null

07-03-2025T06:58:20 - [TEST_STEP][PASSED] - a8 = "": null

07-03-2025T06:58:20 - [TEST_STEP][PASSED] - a9 = "": null

07-03-2025T06:58:20 - [TEST_STEP][PASSED] - if (run == 1): null

07-03-2025T06:58:20 - [TEST_STEP][PASSED] - if (run == 2): null

07-03-2025T06:58:20 - [TEST_STEP][PASSED] - user = "Андреева": null

07-03-2025T06:58:20 - [TEST_STEP][PASSED] - a1 = getText(findTestObject("Прогноз по ДЗО/График1")): Text of object 'Object Repository/Прогноз по ДЗО/График1' is: 'Динамика электропотребления, млрд. кВт.ч.
У виджета нет данных'

07-03-2025T06:58:20 - [MESSAGE][PASSED] - Text of object 'Object Repository/Прогноз по ДЗО/График1' is: 'Динамика электропотребления, млрд. кВт.ч.
У виджета нет данных'

07-03-2025T06:58:20 - [TEST_STEP][PASSED] - i = a1.indexOf("по ПАО Россети на 2023 год"): null

07-03-2025T06:58:20 - [TEST_STEP][PASSED] - if (i > -1): null

07-03-2025T06:58:20 - [TEST_STEP][PASSED] - i = a1.indexOf("Динамика электропотребления, млн. кВт.ч."): null

07-03-2025T06:58:20 - [TEST_STEP][PASSED] - if (i > -1): null

07-03-2025T06:58:20 - [TEST_STEP][PASSED] - a1 = a1.trim(): null

07-03-2025T06:58:20 - [TEST_STEP][PASSED] - a2 = getText(findTestObject("Прогноз по ДЗО/График2")): Text of object 'Object Repository/Прогноз по ДЗО/График2' is: 'Выручка, млрд. руб.
У виджета нет данных'

07-03-2025T06:58:20 - [MESSAGE][PASSED] - Text of object 'Object Repository/Прогноз по ДЗО/График2' is: 'Выручка, млрд. руб.
У виджета нет данных'

07-03-2025T06:58:20 - [TEST_STEP][PASSED] - a3 = getText(findTestObject("Прогноз по ДЗО/График3")): Text of object 'Object Repository/Прогноз по ДЗО/График3' is: 'Отклонения по ПАО Россети на 2025 год
⬤ Отклонение, %'

07-03-2025T06:58:21 - [MESSAGE][PASSED] - Text of object 'Object Repository/Прогноз по ДЗО/График3' is: 'Отклонения по ПАО Россети на 2025 год
⬤ Отклонение, %'

07-03-2025T06:58:21 - [TEST_STEP][PASSED] - a4 = getText(findTestObject("Прогноз по ДЗО/График4")): Text of object 'Object Repository/Прогноз по ДЗО/График4' is: 'Выручка отклонения по ПАО Россети на 2025 год
⬤ Отклонение, %'

07-03-2025T06:58:21 - [MESSAGE][PASSED] - Text of object 'Object Repository/Прогноз по ДЗО/График4' is: 'Выручка отклонения по ПАО Россети на 2025 год
⬤ Отклонение, %'

07-03-2025T06:58:21 - [TEST_STEP][PASSED] - click(findTestObject("Прогноз по ДЗО/Переключить отображение с процентов на абс Блок руководителя")): Object: 'Object Repository/Прогноз по ДЗО/Переключить отображение с процентов на абс Блок руководителя' is clicked on

07-03-2025T06:58:21 - [MESSAGE][PASSED] - Object: 'Object Repository/Прогноз по ДЗО/Переключить отображение с процентов на абс Блок руководителя' is clicked on

07-03-2025T06:58:21 - [TEST_STEP][PASSED] - a5 = getText(findTestObject("Прогноз по ДЗО/График5")): Text of object 'Object Repository/Прогноз по ДЗО/График5' is: 'Отклонения по ПАО Россети на 2025 год
⬤ Отклонение, млн. кВт.ч'

07-03-2025T06:58:21 - [MESSAGE][PASSED] - Text of object 'Object Repository/Прогноз по ДЗО/График5' is: 'Отклонения по ПАО Россети на 2025 год
⬤ Отклонение, млн. кВт.ч'

07-03-2025T06:58:21 - [TEST_STEP][PASSED] - a6 = getText(findTestObject("Прогноз по ДЗО/График6")): Text of object 'Object Repository/Прогноз по ДЗО/График6' is: 'Выручка отклонения по ПАО Россети на 2025 год
⬤ Отклонение, млн. руб'

07-03-2025T06:58:22 - [MESSAGE][PASSED] - Text of object 'Object Repository/Прогноз по ДЗО/График6' is: 'Выручка отклонения по ПАО Россети на 2025 год
⬤ Отклонение, млн. руб'

07-03-2025T06:58:22 - [TEST_STEP][PASSED] - click(findTestObject("Прогноз по ДЗО/Переключить отображение с абс на проценты")): Object: 'Object Repository/Прогноз по ДЗО/Переключить отображение с абс на проценты' is clicked on

07-03-2025T06:58:22 - [MESSAGE][PASSED] - Object: 'Object Repository/Прогноз по ДЗО/Переключить отображение с абс на проценты' is clicked on

07-03-2025T06:58:22 - [TEST_STEP][PASSED] - n = n + 31: null

07-03-2025T06:58:22 - [TEST_STEP][PASSED] - b = n - run + 1: null

07-03-2025T06:58:22 - [TEST_STEP][PASSED] - verifyEqual(findTestData("PlanFact").getValue(2, b), a1): Actual object 'Динамика электропотребления, млрд. кВт.ч.
У виджета нет данных' and expected object 'Динамика электропотребления, млрд. кВт.ч.
У виджета нет данных' are equal

07-03-2025T06:58:22 - [MESSAGE][PASSED] - Actual object 'Динамика электропотребления, млрд. кВт.ч.
У виджета нет данных' and expected object 'Динамика электропотребления, млрд. кВт.ч.
У виджета нет данных' are equal

07-03-2025T06:58:22 - [TEST_STEP][PASSED] - verifyEqual(findTestData("PlanFact").getValue(3, b), a2): Actual object 'Выручка, млрд. руб.
У виджета нет данных' and expected object 'Выручка, млрд. руб.
У виджета нет данных' are equal

07-03-2025T06:58:22 - [MESSAGE][PASSED] - Actual object 'Выручка, млрд. руб.
У виджета нет данных' and expected object 'Выручка, млрд. руб.
У виджета нет данных' are equal

07-03-2025T06:58:22 - [TEST_STEP][PASSED] - verifyEqual(findTestData("PlanFact").getValue(4, b), a3): Actual object 'Отклонения по ПАО Россети на 2025 год
⬤ Отклонение, %' and expected object 'Отклонения по ПАО Россети на 2025 год
⬤ Отклонение, %' are equal

07-03-2025T06:58:22 - [MESSAGE][PASSED] - Actual object 'Отклонения по ПАО Россети на 2025 год
⬤ Отклонение, %' and expected object 'Отклонения по ПАО Россети на 2025 год
⬤ Отклонение, %' are equal

07-03-2025T06:58:22 - [TEST_STEP][PASSED] - verifyEqual(findTestData("PlanFact").getValue(5, b), a4): Actual object 'Выручка отклонения по ПАО Россети на 2025 год
⬤ Отклонение, %' and expected object 'Выручка отклонения по ПАО Россети на 2025 год
⬤ Отклонение, %' are equal

07-03-2025T06:58:22 - [MESSAGE][PASSED] - Actual object 'Выручка отклонения по ПАО Россети на 2025 год
⬤ Отклонение, %' and expected object 'Выручка отклонения по ПАО Россети на 2025 год
⬤ Отклонение, %' are equal

07-03-2025T06:58:22 - [TEST_STEP][PASSED] - verifyEqual(findTestData("PlanFact").getValue(6, b), a5): Actual object 'Отклонения по ПАО Россети на 2025 год
⬤ Отклонение, млн. кВт.ч' and expected object 'Отклонения по ПАО Россети на 2025 год
⬤ Отклонение, млн. кВт.ч' are equal

07-03-2025T06:58:22 - [MESSAGE][PASSED] - Actual object 'Отклонения по ПАО Россети на 2025 год
⬤ Отклонение, млн. кВт.ч' and expected object 'Отклонения по ПАО Россети на 2025 год
⬤ Отклонение, млн. кВт.ч' are equal

07-03-2025T06:58:22 - [TEST_STEP][PASSED] - verifyEqual(findTestData("PlanFact").getValue(7, b), a6): Actual object 'Выручка отклонения по ПАО Россети на 2025 год
⬤ Отклонение, млн. руб' and expected object 'Выручка отклонения по ПАО Россети на 2025 год
⬤ Отклонение, млн. руб' are equal

07-03-2025T06:58:22 - [MESSAGE][PASSED] - Actual object 'Выручка отклонения по ПАО Россети на 2025 год
⬤ Отклонение, млн. руб' and expected object 'Выручка отклонения по ПАО Россети на 2025 год
⬤ Отклонение, млн. руб' are equal

07-03-2025T06:58:22 - [TEST_STEP][PASSED] - Script1686231490255.WriteToExcel(user, dashboardName, n, data, run, a1, a2, a3, a4, a5, a6, a7, a8, a9): null

07-03-2025T06:58:22 - [TEST_STEP][PASSED] - sheetName = "Sheet1": null

07-03-2025T06:58:22 - [TEST_STEP][PASSED] - workbook01 = getWorkbook(excelFilePath): null

07-03-2025T06:58:22 - [TEST_STEP][PASSED] - sheet01 = getExcelSheet(workbook01, sheetName): null

07-03-2025T06:58:22 - [TEST_STEP][PASSED] - setValueToCellByIndex(sheet01, n, 0, dashboardName): null

07-03-2025T06:58:22 - [TEST_STEP][PASSED] - setValueToCellByIndex(sheet01, n, 10, user): null

07-03-2025T06:58:22 - [TEST_STEP][PASSED] - setValueToCellByIndex(sheet01, n, 1, a1): null

07-03-2025T06:58:22 - [TEST_STEP][PASSED] - setValueToCellByIndex(sheet01, n, 2, a2): null

07-03-2025T06:58:22 - [TEST_STEP][PASSED] - setValueToCellByIndex(sheet01, n, 3, a3): null

07-03-2025T06:58:22 - [TEST_STEP][PASSED] - setValueToCellByIndex(sheet01, n, 4, a4): null

07-03-2025T06:58:22 - [TEST_STEP][PASSED] - setValueToCellByIndex(sheet01, n, 5, a5): null

07-03-2025T06:58:22 - [TEST_STEP][PASSED] - setValueToCellByIndex(sheet01, n, 6, a6): null

07-03-2025T06:58:22 - [TEST_STEP][PASSED] - setValueToCellByIndex(sheet01, n, 7, a7): null

07-03-2025T06:58:22 - [TEST_STEP][PASSED] - setValueToCellByIndex(sheet01, n, 8, a8): null

07-03-2025T06:58:22 - [TEST_STEP][PASSED] - setValueToCellByIndex(sheet01, n, 9, a9): null

07-03-2025T06:58:22 - [TEST_STEP][PASSED] - n = n + 1: null

07-03-2025T06:58:22 - [TEST_STEP][PASSED] - saveWorkbook(excelFilePath, workbook01): null

07-03-2025T06:58:23 - [TEST_STEP][PASSED] - if (run == 3): null

07-03-2025T06:58:23 - [TEST_STEP][PASSED] - closeBrowser(): null

07-03-2025T06:58:23 - [MESSAGE][PASSED] - Browser is closed

07-03-2025T06:58:23 - [TEST_STEP][PASSED] - PrognozPoDZO(user, dashboardName, n, data, run, a1, a2, a3, a4, a5, a6, a7, a8, a9, urlData): null

07-03-2025T06:58:23 - [TEST_STEP][PASSED] - n = data.getRowNumbers() + 1: null

07-03-2025T06:58:23 - [TEST_STEP][PASSED] - println(n): null

07-03-2025T06:58:23 - [TEST_STEP][PASSED] - dashboardName = "Прогноз по ДЗО": null

07-03-2025T06:58:23 - [TEST_STEP][PASSED] - openBrowser(""): Browser is opened with url: ''

07-03-2025T06:58:23 - [MESSAGE][INFO] - Starting 'Chrome' driver

07-03-2025T06:58:23 - [MESSAGE][INFO] - Action delay is set to 0 milliseconds

07-03-2025T06:58:24 - [MESSAGE][PASSED] - Browser is opened with url: ''

07-03-2025T06:58:24 - [TEST_STEP][PASSED] - urlData = 19: null

07-03-2025T06:58:24 - [TEST_STEP][PASSED] - Script1686231490255.CheckPageDownload(urlData, run): null

07-03-2025T06:58:24 - [TEST_STEP][PASSED] - i = 1: null

07-03-2025T06:58:24 - [TEST_STEP][PASSED] - ii = 0: null

07-03-2025T06:58:24 - [TEST_STEP][PASSED] - urlText = <not implemented yet for class: org.codehaus.groovy.ast.expr.EmptyExpression>: null

07-03-2025T06:58:24 - [TEST_STEP][PASSED] - searchWord = <not implemented yet for class: org.codehaus.groovy.ast.expr.EmptyExpression>: null

07-03-2025T06:58:24 - [TEST_STEP][PASSED] - deleteAllCookies(): Delete all cookies successfully

07-03-2025T06:58:24 - [MESSAGE][PASSED] - Delete all cookies successfully

07-03-2025T06:58:24 - [TEST_STEP][PASSED] - refresh(): Refresh successfully

07-03-2025T06:58:24 - [MESSAGE][PASSED] - Refresh successfully

07-03-2025T06:58:24 - [TEST_STEP][PASSED] - delay(70): Delayed 70 second(s)

07-03-2025T06:59:34 - [MESSAGE][PASSED] - Delayed 70 second(s)

07-03-2025T06:59:34 - [TEST_STEP][PASSED] - navigateToUrl(findTestData("PlanFact").getValue(10, urlData)): Navigate to 'https://bi.rosseti.digital/viewer?dashboardGuid=d6acb5b1a7114a9791b34de39263106e&sheetGuid=752a4d1009e74632abe0071aea7fa3c6&fit=true' successfully

07-03-2025T06:59:44 - [MESSAGE][PASSED] - Navigate to 'https://bi.rosseti.digital/viewer?dashboardGuid=d6acb5b1a7114a9791b34de39263106e&sheetGuid=752a4d1009e74632abe0071aea7fa3c6&fit=true' successfully

07-03-2025T06:59:44 - [TEST_STEP][PASSED] - pageLoaded1 = verifyElementPresent(findTestObject("Страница авторизации/Text"), 30): Object 'Object Repository/Страница авторизации/Text' is present

07-03-2025T06:59:44 - [MESSAGE][PASSED] - Object 'Object Repository/Страница авторизации/Text' is present

07-03-2025T06:59:44 - [TEST_STEP][PASSED] - if (pageLoaded1 == false): null

07-03-2025T06:59:44 - [TEST_STEP][PASSED] - urlText = getText(findTestObject("Страница авторизации/Text")): Text of object 'Object Repository/Страница авторизации/Text' is: 'Вход'

07-03-2025T06:59:44 - [MESSAGE][PASSED] - Text of object 'Object Repository/Страница авторизации/Text' is: 'Вход'

07-03-2025T06:59:44 - [TEST_STEP][PASSED] - delay(70): Delayed 70 second(s)

07-03-2025T07:00:54 - [MESSAGE][PASSED] - Delayed 70 second(s)

07-03-2025T07:00:54 - [TEST_STEP][PASSED] - searchWord = "Вход": null

07-03-2025T07:00:54 - [TEST_STEP][PASSED] - if (urlText.contains(searchWord) == false): null

07-03-2025T07:00:54 - [TEST_STEP][PASSED] - setText(findTestObject("Страница авторизации/input__username"), findTestData("PlanFact").getValue(8, run)): Text 'Petrova-OV' is set on object 'Object Repository/Страница авторизации/input__username'

07-03-2025T07:00:55 - [MESSAGE][PASSED] - Text 'Petrova-OV' is set on object 'Object Repository/Страница авторизации/input__username'

07-03-2025T07:00:55 - [TEST_STEP][PASSED] - setText(findTestObject("Страница авторизации/input__password"), findTestData("PlanFact").getValue(9, run)): Text '4Ex@~R53r&3x&BVe7' is set on object 'Object Repository/Страница авторизации/input__password'

07-03-2025T07:00:56 - [MESSAGE][PASSED] - Text '4Ex@~R53r&3x&BVe7' is set on object 'Object Repository/Страница авторизации/input__password'

07-03-2025T07:00:56 - [TEST_STEP][PASSED] - click(findTestObject("Страница авторизации/button_")): Object: 'Object Repository/Страница авторизации/button_' is clicked on

07-03-2025T07:00:58 - [MESSAGE][PASSED] - Object: 'Object Repository/Страница авторизации/button_' is clicked on

07-03-2025T07:00:58 - [TEST_STEP][PASSED] - delay(70): Delayed 70 second(s)

07-03-2025T07:02:08 - [MESSAGE][PASSED] - Delayed 70 second(s)

07-03-2025T07:02:08 - [TEST_STEP][PASSED] - searchWord = "а": null

07-03-2025T07:02:08 - [TEST_STEP][PASSED] - pageLoaded2 = verifyElementPresent(findTestObject("Страница авторизации/Text"), 50): Object 'Object Repository/Страница авторизации/Text' is present

07-03-2025T07:02:08 - [MESSAGE][PASSED] - Object 'Object Repository/Страница авторизации/Text' is present

07-03-2025T07:02:08 - [TEST_STEP][PASSED] - if (pageLoaded2 == false): null

07-03-2025T07:02:08 - [TEST_STEP][PASSED] - urlText = getText(findTestObject("Страница авторизации/Text")): Text of object 'Object Repository/Страница авторизации/Text' is: 'Сравнение с 
План
абс.
%
Отклонения по ПАО Россети на 2025 год
⬤ Отклонение, %
Выручка отклонения по ПАО Россети на 2025 год
⬤ Отклонение, %
Год 
2025 год
Динамика электропотребления, млрд. кВт.ч.
У виджета нет данных
Выручка, млрд. руб.
У виджета нет данных
Прогноз на месяц 
Ноябрь
КПО/Отпуск из сети 
Отпуск из сети, млн. кВт.ч
Организация 
Все

Прогноз электропотребления и выручки за услуги по передаче в разрезе ДЗО'

07-03-2025T07:02:09 - [MESSAGE][PASSED] - Text of object 'Object Repository/Страница авторизации/Text' is: 'Сравнение с 
План
абс.
%
Отклонения по ПАО Россети на 2025 год
⬤ Отклонение, %
Выручка отклонения по ПАО Россети на 2025 год
⬤ Отклонение, %
Год 
2025 год
Динамика электропотребления, млрд. кВт.ч.
У виджета нет данных
Выручка, млрд. руб.
У виджета нет данных
Прогноз на месяц 
Ноябрь
КПО/Отпуск из сети 
Отпуск из сети, млн. кВт.ч
Организация 
Все

Прогноз электропотребления и выручки за услуги по передаче в разрезе ДЗО'

07-03-2025T07:02:09 - [TEST_STEP][PASSED] - if (urlText.contains("ошибка") || urlText.contains(searchWord) == false): null

07-03-2025T07:02:09 - [TEST_STEP][PASSED] - a3 = "": null

07-03-2025T07:02:09 - [TEST_STEP][PASSED] - a4 = "": null

07-03-2025T07:02:09 - [TEST_STEP][PASSED] - a5 = "": null

07-03-2025T07:02:09 - [TEST_STEP][PASSED] - a6 = "": null

07-03-2025T07:02:09 - [TEST_STEP][PASSED] - a7 = "": null

07-03-2025T07:02:09 - [TEST_STEP][PASSED] - a8 = "": null

07-03-2025T07:02:09 - [TEST_STEP][PASSED] - a9 = "": null

07-03-2025T07:02:09 - [TEST_STEP][PASSED] - if (run == 1): null

07-03-2025T07:02:09 - [TEST_STEP][PASSED] - if (run == 2): null

07-03-2025T07:02:09 - [TEST_STEP][PASSED] - if (run == 3): null

07-03-2025T07:02:09 - [TEST_STEP][PASSED] - user = "Попова": null

07-03-2025T07:02:09 - [TEST_STEP][PASSED] - a1 = getText(findTestObject("Прогноз по ДЗО/График1")): Text of object 'Object Repository/Прогноз по ДЗО/График1' is: 'Динамика электропотребления, млрд. кВт.ч.
У виджета нет данных'

07-03-2025T07:02:09 - [MESSAGE][PASSED] - Text of object 'Object Repository/Прогноз по ДЗО/График1' is: 'Динамика электропотребления, млрд. кВт.ч.
У виджета нет данных'

07-03-2025T07:02:09 - [TEST_STEP][PASSED] - i = a1.indexOf("по ПАО Россети на 2023 год"): null

07-03-2025T07:02:09 - [TEST_STEP][PASSED] - if (i > -1): null

07-03-2025T07:02:09 - [TEST_STEP][PASSED] - i = a1.indexOf("Динамика электропотребления, млн. кВт.ч."): null

07-03-2025T07:02:09 - [TEST_STEP][PASSED] - if (i > -1): null

07-03-2025T07:02:09 - [TEST_STEP][PASSED] - a1 = a1.trim(): null

07-03-2025T07:02:09 - [TEST_STEP][PASSED] - a2 = getText(findTestObject("Прогноз по ДЗО/График2")): Text of object 'Object Repository/Прогноз по ДЗО/График2' is: 'Выручка, млрд. руб.
У виджета нет данных'

07-03-2025T07:02:09 - [MESSAGE][PASSED] - Text of object 'Object Repository/Прогноз по ДЗО/График2' is: 'Выручка, млрд. руб.
У виджета нет данных'

07-03-2025T07:02:09 - [TEST_STEP][PASSED] - a3 = getText(findTestObject("Прогноз по ДЗО/График3")): Text of object 'Object Repository/Прогноз по ДЗО/График3' is: 'Отклонения по ПАО Россети на 2025 год
⬤ Отклонение, %'

07-03-2025T07:02:10 - [MESSAGE][PASSED] - Text of object 'Object Repository/Прогноз по ДЗО/График3' is: 'Отклонения по ПАО Россети на 2025 год
⬤ Отклонение, %'

07-03-2025T07:02:10 - [TEST_STEP][PASSED] - a4 = getText(findTestObject("Прогноз по ДЗО/График4")): Text of object 'Object Repository/Прогноз по ДЗО/График4' is: 'Выручка отклонения по ПАО Россети на 2025 год
⬤ Отклонение, %'

07-03-2025T07:02:10 - [MESSAGE][PASSED] - Text of object 'Object Repository/Прогноз по ДЗО/График4' is: 'Выручка отклонения по ПАО Россети на 2025 год
⬤ Отклонение, %'

07-03-2025T07:02:10 - [TEST_STEP][PASSED] - click(findTestObject("Прогноз по ДЗО/Переключить отображение с процентов на абс Блок руководителя")): Object: 'Object Repository/Прогноз по ДЗО/Переключить отображение с процентов на абс Блок руководителя' is clicked on

07-03-2025T07:02:10 - [MESSAGE][PASSED] - Object: 'Object Repository/Прогноз по ДЗО/Переключить отображение с процентов на абс Блок руководителя' is clicked on

07-03-2025T07:02:10 - [TEST_STEP][PASSED] - a5 = getText(findTestObject("Прогноз по ДЗО/График5")): Text of object 'Object Repository/Прогноз по ДЗО/График5' is: 'Отклонения по ПАО Россети на 2025 год
⬤ Отклонение, млн. кВт.ч'

07-03-2025T07:02:11 - [MESSAGE][PASSED] - Text of object 'Object Repository/Прогноз по ДЗО/График5' is: 'Отклонения по ПАО Россети на 2025 год
⬤ Отклонение, млн. кВт.ч'

07-03-2025T07:02:11 - [TEST_STEP][PASSED] - a6 = getText(findTestObject("Прогноз по ДЗО/График6")): Text of object 'Object Repository/Прогноз по ДЗО/График6' is: 'Выручка отклонения по ПАО Россети на 2025 год
⬤ Отклонение, млн. руб'

07-03-2025T07:02:11 - [MESSAGE][PASSED] - Text of object 'Object Repository/Прогноз по ДЗО/График6' is: 'Выручка отклонения по ПАО Россети на 2025 год
⬤ Отклонение, млн. руб'

07-03-2025T07:02:11 - [TEST_STEP][PASSED] - click(findTestObject("Прогноз по ДЗО/Переключить отображение с абс на проценты")): Object: 'Object Repository/Прогноз по ДЗО/Переключить отображение с абс на проценты' is clicked on

07-03-2025T07:02:11 - [MESSAGE][PASSED] - Object: 'Object Repository/Прогноз по ДЗО/Переключить отображение с абс на проценты' is clicked on

07-03-2025T07:02:11 - [TEST_STEP][PASSED] - n = n + 32: null

07-03-2025T07:02:11 - [TEST_STEP][PASSED] - b = n - run + 1: null

07-03-2025T07:02:11 - [TEST_STEP][PASSED] - verifyEqual(findTestData("PlanFact").getValue(2, b), a1): Actual object 'Динамика электропотребления, млрд. кВт.ч.
У виджета нет данных' and expected object 'Динамика электропотребления, млрд. кВт.ч.
У виджета нет данных' are equal

07-03-2025T07:02:11 - [MESSAGE][PASSED] - Actual object 'Динамика электропотребления, млрд. кВт.ч.
У виджета нет данных' and expected object 'Динамика электропотребления, млрд. кВт.ч.
У виджета нет данных' are equal

07-03-2025T07:02:11 - [TEST_STEP][PASSED] - verifyEqual(findTestData("PlanFact").getValue(3, b), a2): Actual object 'Выручка, млрд. руб.
У виджета нет данных' and expected object 'Выручка, млрд. руб.
У виджета нет данных' are equal

07-03-2025T07:02:11 - [MESSAGE][PASSED] - Actual object 'Выручка, млрд. руб.
У виджета нет данных' and expected object 'Выручка, млрд. руб.
У виджета нет данных' are equal

07-03-2025T07:02:11 - [TEST_STEP][PASSED] - verifyEqual(findTestData("PlanFact").getValue(4, b), a3): Actual object 'Отклонения по ПАО Россети на 2025 год
⬤ Отклонение, %' and expected object 'Отклонения по ПАО Россети на 2025 год
⬤ Отклонение, %' are equal

07-03-2025T07:02:11 - [MESSAGE][PASSED] - Actual object 'Отклонения по ПАО Россети на 2025 год
⬤ Отклонение, %' and expected object 'Отклонения по ПАО Россети на 2025 год
⬤ Отклонение, %' are equal

07-03-2025T07:02:11 - [TEST_STEP][PASSED] - verifyEqual(findTestData("PlanFact").getValue(5, b), a4): Actual object 'Выручка отклонения по ПАО Россети на 2025 год
⬤ Отклонение, %' and expected object 'Выручка отклонения по ПАО Россети на 2025 год
⬤ Отклонение, %' are equal

07-03-2025T07:02:12 - [MESSAGE][PASSED] - Actual object 'Выручка отклонения по ПАО Россети на 2025 год
⬤ Отклонение, %' and expected object 'Выручка отклонения по ПАО Россети на 2025 год
⬤ Отклонение, %' are equal

07-03-2025T07:02:12 - [TEST_STEP][PASSED] - verifyEqual(findTestData("PlanFact").getValue(6, b), a5): Actual object 'Отклонения по ПАО Россети на 2025 год
⬤ Отклонение, млн. кВт.ч' and expected object 'Отклонения по ПАО Россети на 2025 год
⬤ Отклонение, млн. кВт.ч' are equal

07-03-2025T07:02:12 - [MESSAGE][PASSED] - Actual object 'Отклонения по ПАО Россети на 2025 год
⬤ Отклонение, млн. кВт.ч' and expected object 'Отклонения по ПАО Россети на 2025 год
⬤ Отклонение, млн. кВт.ч' are equal

07-03-2025T07:02:12 - [TEST_STEP][PASSED] - verifyEqual(findTestData("PlanFact").getValue(7, b), a6): Actual object 'Выручка отклонения по ПАО Россети на 2025 год
⬤ Отклонение, млн. руб' and expected object 'Выручка отклонения по ПАО Россети на 2025 год
⬤ Отклонение, млн. руб' are equal

07-03-2025T07:02:12 - [MESSAGE][PASSED] - Actual object 'Выручка отклонения по ПАО Россети на 2025 год
⬤ Отклонение, млн. руб' and expected object 'Выручка отклонения по ПАО Россети на 2025 год
⬤ Отклонение, млн. руб' are equal

07-03-2025T07:02:12 - [TEST_STEP][PASSED] - Script1686231490255.WriteToExcel(user, dashboardName, n, data, run, a1, a2, a3, a4, a5, a6, a7, a8, a9): null

07-03-2025T07:02:12 - [TEST_STEP][PASSED] - sheetName = "Sheet1": null

07-03-2025T07:02:12 - [TEST_STEP][PASSED] - workbook01 = getWorkbook(excelFilePath): null

07-03-2025T07:02:12 - [TEST_STEP][PASSED] - sheet01 = getExcelSheet(workbook01, sheetName): null

07-03-2025T07:02:12 - [TEST_STEP][PASSED] - setValueToCellByIndex(sheet01, n, 0, dashboardName): null

07-03-2025T07:02:12 - [TEST_STEP][PASSED] - setValueToCellByIndex(sheet01, n, 10, user): null

07-03-2025T07:02:12 - [TEST_STEP][PASSED] - setValueToCellByIndex(sheet01, n, 1, a1): null

07-03-2025T07:02:12 - [TEST_STEP][PASSED] - setValueToCellByIndex(sheet01, n, 2, a2): null

07-03-2025T07:02:12 - [TEST_STEP][PASSED] - setValueToCellByIndex(sheet01, n, 3, a3): null

07-03-2025T07:02:12 - [TEST_STEP][PASSED] - setValueToCellByIndex(sheet01, n, 4, a4): null

07-03-2025T07:02:12 - [TEST_STEP][PASSED] - setValueToCellByIndex(sheet01, n, 5, a5): null

07-03-2025T07:02:12 - [TEST_STEP][PASSED] - setValueToCellByIndex(sheet01, n, 6, a6): null

07-03-2025T07:02:12 - [TEST_STEP][PASSED] - setValueToCellByIndex(sheet01, n, 7, a7): null

07-03-2025T07:02:12 - [TEST_STEP][PASSED] - setValueToCellByIndex(sheet01, n, 8, a8): null

07-03-2025T07:02:12 - [TEST_STEP][PASSED] - setValueToCellByIndex(sheet01, n, 9, a9): null

07-03-2025T07:02:12 - [TEST_STEP][PASSED] - n = n + 1: null

07-03-2025T07:02:12 - [TEST_STEP][PASSED] - saveWorkbook(excelFilePath, workbook01): null

07-03-2025T07:02:12 - [TEST_STEP][PASSED] - closeBrowser(): Browser is closed

07-03-2025T07:02:12 - [MESSAGE][PASSED] - Browser is closed

07-03-2025T07:02:12 - [TEST_STEP][PASSED] - delay(70): Delayed 70 second(s)

07-03-2025T07:03:22 - [MESSAGE][PASSED] - Delayed 70 second(s)

07-03-2025T07:03:22 - [TEST_STEP][PASSED] - for ([run = 1, run < 4, (run++)]): null

07-03-2025T07:03:22 - [TEST_STEP][PASSED] - PrognozPoOtraslyam(user, dashboardName, n, data, run, a1, a2, a3, a4, a5, a6, a7, a8, a9, urlData): null

07-03-2025T07:03:22 - [TEST_STEP][PASSED] - n = data.getRowNumbers() + 1: null

07-03-2025T07:03:22 - [TEST_STEP][PASSED] - println(n): null

07-03-2025T07:03:22 - [TEST_STEP][PASSED] - dashboardName = "Прогноз по отраслям": null

07-03-2025T07:03:22 - [TEST_STEP][PASSED] - openBrowser(""): Browser is opened with url: ''

07-03-2025T07:03:22 - [MESSAGE][INFO] - Starting 'Chrome' driver

07-03-2025T07:03:22 - [MESSAGE][INFO] - Action delay is set to 0 milliseconds

07-03-2025T07:03:23 - [MESSAGE][PASSED] - Browser is opened with url: ''

07-03-2025T07:03:23 - [TEST_STEP][PASSED] - urlData = 6: null

07-03-2025T07:03:23 - [TEST_STEP][PASSED] - Script1686231490255.CheckPageDownload(urlData, run): null

07-03-2025T07:03:23 - [TEST_STEP][PASSED] - i = 1: null

07-03-2025T07:03:23 - [TEST_STEP][PASSED] - ii = 0: null

07-03-2025T07:03:23 - [TEST_STEP][PASSED] - urlText = <not implemented yet for class: org.codehaus.groovy.ast.expr.EmptyExpression>: null

07-03-2025T07:03:23 - [TEST_STEP][PASSED] - searchWord = <not implemented yet for class: org.codehaus.groovy.ast.expr.EmptyExpression>: null

07-03-2025T07:03:23 - [TEST_STEP][PASSED] - deleteAllCookies(): Delete all cookies successfully

07-03-2025T07:03:23 - [MESSAGE][PASSED] - Delete all cookies successfully

07-03-2025T07:03:23 - [TEST_STEP][PASSED] - refresh(): Refresh successfully

07-03-2025T07:03:23 - [MESSAGE][PASSED] - Refresh successfully

07-03-2025T07:03:23 - [TEST_STEP][PASSED] - delay(70): Delayed 70 second(s)

07-03-2025T07:04:33 - [MESSAGE][PASSED] - Delayed 70 second(s)

07-03-2025T07:04:33 - [TEST_STEP][PASSED] - navigateToUrl(findTestData("PlanFact").getValue(10, urlData)): Navigate to 'https://bi.rosseti.digital/viewer?dashboardGuid=d6acb5b1a7114a9791b34de39263106e&sheetGuid=0b6d261d7f7b4424a967aa8f3a724189&fit=true' successfully

07-03-2025T07:04:42 - [MESSAGE][PASSED] - Navigate to 'https://bi.rosseti.digital/viewer?dashboardGuid=d6acb5b1a7114a9791b34de39263106e&sheetGuid=0b6d261d7f7b4424a967aa8f3a724189&fit=true' successfully

07-03-2025T07:04:42 - [TEST_STEP][PASSED] - pageLoaded1 = verifyElementPresent(findTestObject("Страница авторизации/Text"), 30): Object 'Object Repository/Страница авторизации/Text' is present

07-03-2025T07:04:42 - [MESSAGE][PASSED] - Object 'Object Repository/Страница авторизации/Text' is present

07-03-2025T07:04:42 - [TEST_STEP][PASSED] - if (pageLoaded1 == false): null

07-03-2025T07:04:42 - [TEST_STEP][PASSED] - urlText = getText(findTestObject("Страница авторизации/Text")): Text of object 'Object Repository/Страница авторизации/Text' is: 'Вход'

07-03-2025T07:04:43 - [MESSAGE][PASSED] - Text of object 'Object Repository/Страница авторизации/Text' is: 'Вход'

07-03-2025T07:04:43 - [TEST_STEP][PASSED] - delay(70): Delayed 70 second(s)

07-03-2025T07:05:53 - [MESSAGE][PASSED] - Delayed 70 second(s)

07-03-2025T07:05:53 - [TEST_STEP][PASSED] - searchWord = "Вход": null

07-03-2025T07:05:53 - [TEST_STEP][PASSED] - if (urlText.contains(searchWord) == false): null

07-03-2025T07:05:53 - [TEST_STEP][PASSED] - setText(findTestObject("Страница авторизации/input__username"), findTestData("PlanFact").getValue(8, run)): Text 'liazgina-di' is set on object 'Object Repository/Страница авторизации/input__username'

07-03-2025T07:05:53 - [MESSAGE][PASSED] - Text 'liazgina-di' is set on object 'Object Repository/Страница авторизации/input__username'

07-03-2025T07:05:53 - [TEST_STEP][PASSED] - setText(findTestObject("Страница авторизации/input__password"), findTestData("PlanFact").getValue(9, run)): Text ')$%5srZ8o688Dm#q' is set on object 'Object Repository/Страница авторизации/input__password'

07-03-2025T07:05:54 - [MESSAGE][PASSED] - Text ')$%5srZ8o688Dm#q' is set on object 'Object Repository/Страница авторизации/input__password'

07-03-2025T07:05:54 - [TEST_STEP][PASSED] - click(findTestObject("Страница авторизации/button_")): Object: 'Object Repository/Страница авторизации/button_' is clicked on

07-03-2025T07:05:55 - [MESSAGE][PASSED] - Object: 'Object Repository/Страница авторизации/button_' is clicked on

07-03-2025T07:05:55 - [TEST_STEP][PASSED] - delay(70): Delayed 70 second(s)

07-03-2025T07:07:05 - [MESSAGE][PASSED] - Delayed 70 second(s)

07-03-2025T07:07:05 - [TEST_STEP][PASSED] - searchWord = "а": null

07-03-2025T07:07:05 - [TEST_STEP][PASSED] - pageLoaded2 = verifyElementPresent(findTestObject("Страница авторизации/Text"), 50): Object 'Object Repository/Страница авторизации/Text' is present

07-03-2025T07:07:05 - [MESSAGE][PASSED] - Object 'Object Repository/Страница авторизации/Text' is present

07-03-2025T07:07:05 - [TEST_STEP][PASSED] - if (pageLoaded2 == false): null

07-03-2025T07:07:05 - [TEST_STEP][PASSED] - urlText = getText(findTestObject("Страница авторизации/Text")): Text of object 'Object Repository/Страница авторизации/Text' is: 'Год 
2023 год
Сравнение с 
План
Динамика электропотребления, млрд. кВт.ч. по ПАО Россети на 2023 год
10 10
190 190
36 36
14 14
9 9
14 14
4 4
17 17
80 80
19 19
82 82
588 588
10 10
197 197
37 37
48 48
10 10
15 15
4 4
18 18
80 80
19 19
82 82
608 608
План
Ожидаемое (прогноз по конца года)
Интер РАО (дляФСК)
Промышленныепотребители
Транспорт
Нефтедобыча
Нефтепереработка
Нефтепроводы
Газопроводы
Сельскоехозяйство ипищеваяпромышленность
Непромышленныепотребители
Государственные(муниципальные)организации ипрочиебюджетныепотребители
Население иприравненныегруппыпотребителей
Территориальныесетевыеорганизации
Выручка по ПАО Россети на 2023 год
5 5
319 319
81 81
16 16
16 16
20 20
2 2
56 56
215 215
67 67
218 218
239 239
6 6
331 331
82 82
77 77
20 20
20 20
3 3
57 57
220 220
68 68
214 214
258 258
План
Ожидаемое (прогноз по конца года)
Интер РАО (дляФСК)
Промышленныепотребители
Транспорт
Нефтедобыча
Нефтепереработка
Нефтепроводы
Газопроводы
Сельскоехозяйство ипищеваяпромышленность
Непромышленныепотребители
Государственные(муниципальные)организации ипрочиебюджетныепотребители
Население иприравненныегруппыпотребителей
Территориальныесетевыеорганизации
Отклонения по ПАО Россети на 2023 год
-4.7% -4.7%
3.8% 3.8%
1.9% 1.9%
230.3% 230.3%
10.9% 10.9%
4.2% 4.2%
21.7% 21.7%
3.9% 3.9%
-0.6% -0.6%
1.6% 1.6%
-1.0% -1.0%
3.3% 3.3%
⬤ Отклонение, %
Интер РАО (для ФСК)
Промышленные потребители
Транспорт
Нефтедобыча
Нефтепереработка
Нефтепроводы
Газопроводы
Сельское хозяйство и пищевая пр…
Непромышленные потребители
Государственные (муниципальные…
Население и приравненные групп…
Территориальные сетевые органи…
Выручка отклонения по ПАО Россети на 2023 год
15.6% 15.6%
3.8% 3.8%
1.2% 1.2%
398.2% 398.2%
26.9% 26.9%
-0.6% -0.6%
26.9% 26.9%
1.5% 1.5%
2.7% 2.7%
2.0% 2.0%
-2.0% -2.0%
7.9% 7.9%
⬤ Отклонение, %
Интер РАО (для ФСК)
Промышленные потребители
Транспорт
Нефтедобыча
Нефтепереработка
Нефтепроводы
Газопроводы
Сельское хозяйство и пищевая пр…
Непромышленные потребители
Государственные (муниципальные…
Население и приравненные групп…
Территориальные сетевые органи…
абс.
%
Прогноз на месяц 
Ноябрь
КПО/Отпуск из сети 
Отпуск из сети, млн. кВт.ч
Организация 
Все
Прогноз электропотребления и выручки за услуги по передаче в разрезе отраслей'

07-03-2025T07:07:06 - [MESSAGE][PASSED] - Text of object 'Object Repository/Страница авторизации/Text' is: 'Год 
2023 год
Сравнение с 
План
Динамика электропотребления, млрд. кВт.ч. по ПАО Россети на 2023 год
10 10
190 190
36 36
14 14
9 9
14 14
4 4
17 17
80 80
19 19
82 82
588 588
10 10
197 197
37 37
48 48
10 10
15 15
4 4
18 18
80 80
19 19
82 82
608 608
План
Ожидаемое (прогноз по конца года)
Интер РАО (дляФСК)
Промышленныепотребители
Транспорт
Нефтедобыча
Нефтепереработка
Нефтепроводы
Газопроводы
Сельскоехозяйство ипищеваяпромышленность
Непромышленныепотребители
Государственные(муниципальные)организации ипрочиебюджетныепотребители
Население иприравненныегруппыпотребителей
Территориальныесетевыеорганизации
Выручка по ПАО Россети на 2023 год
5 5
319 319
81 81
16 16
16 16
20 20
2 2
56 56
215 215
67 67
218 218
239 239
6 6
331 331
82 82
77 77
20 20
20 20
3 3
57 57
220 220
68 68
214 214
258 258
План
Ожидаемое (прогноз по конца года)
Интер РАО (дляФСК)
Промышленныепотребители
Транспорт
Нефтедобыча
Нефтепереработка
Нефтепроводы
Газопроводы
Сельскоехозяйство ипищеваяпромышленность
Непромышленныепотребители
Государственные(муниципальные)организации ипрочиебюджетныепотребители
Население иприравненныегруппыпотребителей
Территориальныесетевыеорганизации
Отклонения по ПАО Россети на 2023 год
-4.7% -4.7%
3.8% 3.8%
1.9% 1.9%
230.3% 230.3%
10.9% 10.9%
4.2% 4.2%
21.7% 21.7%
3.9% 3.9%
-0.6% -0.6%
1.6% 1.6%
-1.0% -1.0%
3.3% 3.3%
⬤ Отклонение, %
Интер РАО (для ФСК)
Промышленные потребители
Транспорт
Нефтедобыча
Нефтепереработка
Нефтепроводы
Газопроводы
Сельское хозяйство и пищевая пр…
Непромышленные потребители
Государственные (муниципальные…
Население и приравненные групп…
Территориальные сетевые органи…
Выручка отклонения по ПАО Россети на 2023 год
15.6% 15.6%
3.8% 3.8%
1.2% 1.2%
398.2% 398.2%
26.9% 26.9%
-0.6% -0.6%
26.9% 26.9%
1.5% 1.5%
2.7% 2.7%
2.0% 2.0%
-2.0% -2.0%
7.9% 7.9%
⬤ Отклонение, %
Интер РАО (для ФСК)
Промышленные потребители
Транспорт
Нефтедобыча
Нефтепереработка
Нефтепроводы
Газопроводы
Сельское хозяйство и пищевая пр…
Непромышленные потребители
Государственные (муниципальные…
Население и приравненные групп…
Территориальные сетевые органи…
абс.
%
Прогноз на месяц 
Ноябрь
КПО/Отпуск из сети 
Отпуск из сети, млн. кВт.ч
Организация 
Все
Прогноз электропотребления и выручки за услуги по передаче в разрезе отраслей'

07-03-2025T07:07:06 - [TEST_STEP][PASSED] - if (urlText.contains("ошибка") || urlText.contains(searchWord) == false): null

07-03-2025T07:07:06 - [TEST_STEP][PASSED] - a3 = "": null

07-03-2025T07:07:06 - [TEST_STEP][PASSED] - a4 = "": null

07-03-2025T07:07:06 - [TEST_STEP][PASSED] - a5 = "": null

07-03-2025T07:07:06 - [TEST_STEP][PASSED] - a6 = "": null

07-03-2025T07:07:06 - [TEST_STEP][PASSED] - a7 = "": null

07-03-2025T07:07:06 - [TEST_STEP][PASSED] - a8 = "": null

07-03-2025T07:07:06 - [TEST_STEP][PASSED] - a9 = "": null

07-03-2025T07:07:06 - [TEST_STEP][PASSED] - if (run == 1): null

07-03-2025T07:07:06 - [TEST_STEP][PASSED] - user = "админ": null

07-03-2025T07:07:06 - [TEST_STEP][PASSED] - a1 = getText(findTestObject("Прогноз по отраслям/Виджеты дашборда")): Text of object 'Object Repository/Прогноз по отраслям/Виджеты дашборда' is: 'Год 
2023 год
Сравнение с 
План
Динамика электропотребления, млрд. кВт.ч. по ПАО Россети на 2023 год
10 10
190 190
36 36
14 14
9 9
14 14
4 4
17 17
80 80
19 19
82 82
588 588
10 10
197 197
37 37
48 48
10 10
15 15
4 4
18 18
80 80
19 19
82 82
608 608
План
Ожидаемое (прогноз по конца года)
Интер РАО (дляФСК)
Промышленныепотребители
Транспорт
Нефтедобыча
Нефтепереработка
Нефтепроводы
Газопроводы
Сельскоехозяйство ипищеваяпромышленность
Непромышленныепотребители
Государственные(муниципальные)организации ипрочиебюджетныепотребители
Население иприравненныегруппыпотребителей
Территориальныесетевыеорганизации
Выручка по ПАО Россети на 2023 год
5 5
319 319
81 81
16 16
16 16
20 20
2 2
56 56
215 215
67 67
218 218
239 239
6 6
331 331
82 82
77 77
20 20
20 20
3 3
57 57
220 220
68 68
214 214
258 258
План
Ожидаемое (прогноз по конца года)
Интер РАО (дляФСК)
Промышленныепотребители
Транспорт
Нефтедобыча
Нефтепереработка
Нефтепроводы
Газопроводы
Сельскоехозяйство ипищеваяпромышленность
Непромышленныепотребители
Государственные(муниципальные)организации ипрочиебюджетныепотребители
Население иприравненныегруппыпотребителей
Территориальныесетевыеорганизации
Отклонения по ПАО Россети на 2023 год
-4.7% -4.7%
3.8% 3.8%
1.9% 1.9%
230.3% 230.3%
10.9% 10.9%
4.2% 4.2%
21.7% 21.7%
3.9% 3.9%
-0.6% -0.6%
1.6% 1.6%
-1.0% -1.0%
3.3% 3.3%
⬤ Отклонение, %
Интер РАО (для ФСК)
Промышленные потребители
Транспорт
Нефтедобыча
Нефтепереработка
Нефтепроводы
Газопроводы
Сельское хозяйство и пищевая пр…
Непромышленные потребители
Государственные (муниципальные…
Население и приравненные групп…
Территориальные сетевые органи…
Выручка отклонения по ПАО Россети на 2023 год
15.6% 15.6%
3.8% 3.8%
1.2% 1.2%
398.2% 398.2%
26.9% 26.9%
-0.6% -0.6%
26.9% 26.9%
1.5% 1.5%
2.7% 2.7%
2.0% 2.0%
-2.0% -2.0%
7.9% 7.9%
⬤ Отклонение, %
Интер РАО (для ФСК)
Промышленные потребители
Транспорт
Нефтедобыча
Нефтепереработка
Нефтепроводы
Газопроводы
Сельское хозяйство и пищевая пр…
Непромышленные потребители
Государственные (муниципальные…
Население и приравненные групп…
Территориальные сетевые органи…
абс.
%
Прогноз на месяц 
Ноябрь
КПО/Отпуск из сети 
Отпуск из сети, млн. кВт.ч
Организация 
Все
Прогноз электропотребления и выручки за услуги по передаче в разрезе отраслей'

07-03-2025T07:07:06 - [MESSAGE][PASSED] - Text of object 'Object Repository/Прогноз по отраслям/Виджеты дашборда' is: 'Год 
2023 год
Сравнение с 
План
Динамика электропотребления, млрд. кВт.ч. по ПАО Россети на 2023 год
10 10
190 190
36 36
14 14
9 9
14 14
4 4
17 17
80 80
19 19
82 82
588 588
10 10
197 197
37 37
48 48
10 10
15 15
4 4
18 18
80 80
19 19
82 82
608 608
План
Ожидаемое (прогноз по конца года)
Интер РАО (дляФСК)
Промышленныепотребители
Транспорт
Нефтедобыча
Нефтепереработка
Нефтепроводы
Газопроводы
Сельскоехозяйство ипищеваяпромышленность
Непромышленныепотребители
Государственные(муниципальные)организации ипрочиебюджетныепотребители
Население иприравненныегруппыпотребителей
Территориальныесетевыеорганизации
Выручка по ПАО Россети на 2023 год
5 5
319 319
81 81
16 16
16 16
20 20
2 2
56 56
215 215
67 67
218 218
239 239
6 6
331 331
82 82
77 77
20 20
20 20
3 3
57 57
220 220
68 68
214 214
258 258
План
Ожидаемое (прогноз по конца года)
Интер РАО (дляФСК)
Промышленныепотребители
Транспорт
Нефтедобыча
Нефтепереработка
Нефтепроводы
Газопроводы
Сельскоехозяйство ипищеваяпромышленность
Непромышленныепотребители
Государственные(муниципальные)организации ипрочиебюджетныепотребители
Население иприравненныегруппыпотребителей
Территориальныесетевыеорганизации
Отклонения по ПАО Россети на 2023 год
-4.7% -4.7%
3.8% 3.8%
1.9% 1.9%
230.3% 230.3%
10.9% 10.9%
4.2% 4.2%
21.7% 21.7%
3.9% 3.9%
-0.6% -0.6%
1.6% 1.6%
-1.0% -1.0%
3.3% 3.3%
⬤ Отклонение, %
Интер РАО (для ФСК)
Промышленные потребители
Транспорт
Нефтедобыча
Нефтепереработка
Нефтепроводы
Газопроводы
Сельское хозяйство и пищевая пр…
Непромышленные потребители
Государственные (муниципальные…
Население и приравненные групп…
Территориальные сетевые органи…
Выручка отклонения по ПАО Россети на 2023 год
15.6% 15.6%
3.8% 3.8%
1.2% 1.2%
398.2% 398.2%
26.9% 26.9%
-0.6% -0.6%
26.9% 26.9%
1.5% 1.5%
2.7% 2.7%
2.0% 2.0%
-2.0% -2.0%
7.9% 7.9%
⬤ Отклонение, %
Интер РАО (для ФСК)
Промышленные потребители
Транспорт
Нефтедобыча
Нефтепереработка
Нефтепроводы
Газопроводы
Сельское хозяйство и пищевая пр…
Непромышленные потребители
Государственные (муниципальные…
Население и приравненные групп…
Территориальные сетевые органи…
абс.
%
Прогноз на месяц 
Ноябрь
КПО/Отпуск из сети 
Отпуск из сети, млн. кВт.ч
Организация 
Все
Прогноз электропотребления и выручки за услуги по передаче в разрезе отраслей'

07-03-2025T07:07:06 - [TEST_STEP][PASSED] - click(findTestObject("Прогноз по отраслям/Переключить отображение с процентов на абс Блок руководителя")): Object: 'Object Repository/Прогноз по отраслям/Переключить отображение с процентов на абс Блок руководителя' is clicked on

07-03-2025T07:07:06 - [MESSAGE][PASSED] - Object: 'Object Repository/Прогноз по отраслям/Переключить отображение с процентов на абс Блок руководителя' is clicked on

07-03-2025T07:07:06 - [TEST_STEP][PASSED] - a2 = getText(findTestObject("Прогноз по отраслям/Виджеты дашборда")): Text of object 'Object Repository/Прогноз по отраслям/Виджеты дашборда' is: 'Год 
2023 год
Сравнение с 
План
Отклонения по ПАО Россети на 2023 год
-492.2 -492.2
7 165.1 7 165.1
689.3 689.3
33 271.7 33 271.7
986.4 986.4
593.8 593.8
764.0 764.0
670.4 670.4
-592.4 -592.4
308.8 308.8
-940.9 -940.9
19 604.1 19 604.1
⬤ Отклонение, млн. кВт.ч
Интер РАО (для ФСК)
Промышленные потребители
Транспорт
Нефтедобыча
Нефтепереработка
Нефтепроводы
Газопроводы
Сельское хозяйство и пищевая пр…
Непромышленные потребители
Государственные (муниципальные…
Население и приравненные групп…
Территориальные сетевые органи…
Выручка отклонения по ПАО Россети на 2023 год
794.9 794.9
12 195.0 12 195.0
972.7 972.7
61 803.9 61 803.9
4 222.3 4 222.3
-121.8 -121.8
666.2 666.2
873.2 873.2
5 809.6 5 809.6
1 342.6 1 342.6
-4 463.2 -4 463.2
18 375.5 18 375.5
⬤ Отклонение, млн. руб.
Интер РАО (для ФСК)
Промышленные потребители
Транспорт
Нефтедобыча
Нефтепереработка
Нефтепроводы
Газопроводы
Сельское хозяйство и пищевая пр…
Непромышленные потребители
Государственные (муниципальные…
Население и приравненные групп…
Территориальные сетевые органи…
Динамика электропотребления, млрд. кВт.ч. по ПАО Россети на 2023 год
10 10
190 190
36 36
14 14
9 9
14 14
4 4
17 17
80 80
19 19
82 82
588 588
10 10
197 197
37 37
48 48
10 10
15 15
4 4
18 18
80 80
19 19
82 82
608 608
План
Ожидаемое (прогноз по конца года)
Интер РАО (дляФСК)
Промышленныепотребители
Транспорт
Нефтедобыча
Нефтепереработка
Нефтепроводы
Газопроводы
Сельскоехозяйство ипищеваяпромышленность
Непромышленныепотребители
Государственные(муниципальные)организации ипрочиебюджетныепотребители
Население иприравненныегруппыпотребителей
Территориальныесетевыеорганизации
Выручка по ПАО Россети на 2023 год
5 5
319 319
81 81
16 16
16 16
20 20
2 2
56 56
215 215
67 67
218 218
239 239
6 6
331 331
82 82
77 77
20 20
20 20
3 3
57 57
220 220
68 68
214 214
258 258
План
Ожидаемое (прогноз по конца года)
Интер РАО (дляФСК)
Промышленныепотребители
Транспорт
Нефтедобыча
Нефтепереработка
Нефтепроводы
Газопроводы
Сельскоехозяйство ипищеваяпромышленность
Непромышленныепотребители
Государственные(муниципальные)организации ипрочиебюджетныепотребители
Население иприравненныегруппыпотребителей
Территориальныесетевыеорганизации
абс.
%
Прогноз на месяц 
Ноябрь
КПО/Отпуск из сети 
Отпуск из сети, млн. кВт.ч
Организация 
Все
Прогноз электропотребления и выручки за услуги по передаче в разрезе отраслей'

07-03-2025T07:07:07 - [MESSAGE][PASSED] - Text of object 'Object Repository/Прогноз по отраслям/Виджеты дашборда' is: 'Год 
2023 год
Сравнение с 
План
Отклонения по ПАО Россети на 2023 год
-492.2 -492.2
7 165.1 7 165.1
689.3 689.3
33 271.7 33 271.7
986.4 986.4
593.8 593.8
764.0 764.0
670.4 670.4
-592.4 -592.4
308.8 308.8
-940.9 -940.9
19 604.1 19 604.1
⬤ Отклонение, млн. кВт.ч
Интер РАО (для ФСК)
Промышленные потребители
Транспорт
Нефтедобыча
Нефтепереработка
Нефтепроводы
Газопроводы
Сельское хозяйство и пищевая пр…
Непромышленные потребители
Государственные (муниципальные…
Население и приравненные групп…
Территориальные сетевые органи…
Выручка отклонения по ПАО Россети на 2023 год
794.9 794.9
12 195.0 12 195.0
972.7 972.7
61 803.9 61 803.9
4 222.3 4 222.3
-121.8 -121.8
666.2 666.2
873.2 873.2
5 809.6 5 809.6
1 342.6 1 342.6
-4 463.2 -4 463.2
18 375.5 18 375.5
⬤ Отклонение, млн. руб.
Интер РАО (для ФСК)
Промышленные потребители
Транспорт
Нефтедобыча
Нефтепереработка
Нефтепроводы
Газопроводы
Сельское хозяйство и пищевая пр…
Непромышленные потребители
Государственные (муниципальные…
Население и приравненные групп…
Территориальные сетевые органи…
Динамика электропотребления, млрд. кВт.ч. по ПАО Россети на 2023 год
10 10
190 190
36 36
14 14
9 9
14 14
4 4
17 17
80 80
19 19
82 82
588 588
10 10
197 197
37 37
48 48
10 10
15 15
4 4
18 18
80 80
19 19
82 82
608 608
План
Ожидаемое (прогноз по конца года)
Интер РАО (дляФСК)
Промышленныепотребители
Транспорт
Нефтедобыча
Нефтепереработка
Нефтепроводы
Газопроводы
Сельскоехозяйство ипищеваяпромышленность
Непромышленныепотребители
Государственные(муниципальные)организации ипрочиебюджетныепотребители
Население иприравненныегруппыпотребителей
Территориальныесетевыеорганизации
Выручка по ПАО Россети на 2023 год
5 5
319 319
81 81
16 16
16 16
20 20
2 2
56 56
215 215
67 67
218 218
239 239
6 6
331 331
82 82
77 77
20 20
20 20
3 3
57 57
220 220
68 68
214 214
258 258
План
Ожидаемое (прогноз по конца года)
Интер РАО (дляФСК)
Промышленныепотребители
Транспорт
Нефтедобыча
Нефтепереработка
Нефтепроводы
Газопроводы
Сельскоехозяйство ипищеваяпромышленность
Непромышленныепотребители
Государственные(муниципальные)организации ипрочиебюджетныепотребители
Население иприравненныегруппыпотребителей
Территориальныесетевыеорганизации
абс.
%
Прогноз на месяц 
Ноябрь
КПО/Отпуск из сети 
Отпуск из сети, млн. кВт.ч
Организация 
Все
Прогноз электропотребления и выручки за услуги по передаче в разрезе отраслей'

07-03-2025T07:07:07 - [TEST_STEP][PASSED] - click(findTestObject("Прогноз по отраслям/Переключить отображение с абс на проценты")): Object: 'Object Repository/Прогноз по отраслям/Переключить отображение с абс на проценты' is clicked on

07-03-2025T07:07:07 - [MESSAGE][PASSED] - Object: 'Object Repository/Прогноз по отраслям/Переключить отображение с абс на проценты' is clicked on

07-03-2025T07:07:07 - [TEST_STEP][PASSED] - i = a1.indexOf("млрд. кВт.ч."): null

07-03-2025T07:07:07 - [TEST_STEP][PASSED] - if (i > -1): null

07-03-2025T07:07:07 - [TEST_STEP][PASSED] - a1 = a1.substring(0, i) + a1.substring(i + 12, a1.length()): null

07-03-2025T07:07:07 - [TEST_STEP][PASSED] - i = a1.indexOf("Выручка"): null

07-03-2025T07:07:07 - [TEST_STEP][PASSED] - if (i > -1): null

07-03-2025T07:07:07 - [TEST_STEP][PASSED] - a1 = a1.substring(0, i) + a1.substring(i + 8, a1.length()): null

07-03-2025T07:07:07 - [TEST_STEP][PASSED] - i = a1.indexOf("по ПАО Россети на 2023 год"): null

07-03-2025T07:07:07 - [TEST_STEP][PASSED] - if (i > -1): null

07-03-2025T07:07:07 - [TEST_STEP][PASSED] - a1 = a1.substring(0, i) + a1.substring(i + 27, a1.length()): null

07-03-2025T07:07:07 - [TEST_STEP][PASSED] - i = a1.indexOf("по ПАО Россети на 2023 год"): null

07-03-2025T07:07:07 - [TEST_STEP][PASSED] - if (i > -1): null

07-03-2025T07:07:07 - [TEST_STEP][PASSED] - a1 = a1.substring(0, i) + a1.substring(i + 27, a1.length()): null

07-03-2025T07:07:07 - [TEST_STEP][PASSED] - i = a1.indexOf("по ПАО Россети на 2023 год"): null

07-03-2025T07:07:07 - [TEST_STEP][PASSED] - if (i > -1): null

07-03-2025T07:07:07 - [TEST_STEP][PASSED] - a1 = a1.substring(0, i) + a1.substring(i + 27, a1.length()): null

07-03-2025T07:07:07 - [TEST_STEP][PASSED] - i = a1.indexOf("Отклонения"): null

07-03-2025T07:07:07 - [TEST_STEP][PASSED] - if (i > -1): null

07-03-2025T07:07:07 - [TEST_STEP][PASSED] - a1 = a1.substring(0, i) + a1.substring(i + 11, a1.length()): null

07-03-2025T07:07:07 - [TEST_STEP][PASSED] - n = n + 33: null

07-03-2025T07:07:07 - [TEST_STEP][PASSED] - Script1686231490255.WriteToExcel(user, dashboardName, n, data, run, a1, a2, a3, a4, a5, a6, a7, a8, a9): null

07-03-2025T07:07:07 - [TEST_STEP][PASSED] - sheetName = "Sheet1": null

07-03-2025T07:07:07 - [TEST_STEP][PASSED] - workbook01 = getWorkbook(excelFilePath): null

07-03-2025T07:07:07 - [TEST_STEP][PASSED] - sheet01 = getExcelSheet(workbook01, sheetName): null

07-03-2025T07:07:07 - [TEST_STEP][PASSED] - setValueToCellByIndex(sheet01, n, 0, dashboardName): null

07-03-2025T07:07:07 - [TEST_STEP][PASSED] - setValueToCellByIndex(sheet01, n, 10, user): null

07-03-2025T07:07:07 - [TEST_STEP][PASSED] - setValueToCellByIndex(sheet01, n, 1, a1): null

07-03-2025T07:07:07 - [TEST_STEP][PASSED] - setValueToCellByIndex(sheet01, n, 2, a2): null

07-03-2025T07:07:07 - [TEST_STEP][PASSED] - setValueToCellByIndex(sheet01, n, 3, a3): null

07-03-2025T07:07:07 - [TEST_STEP][PASSED] - setValueToCellByIndex(sheet01, n, 4, a4): null

07-03-2025T07:07:07 - [TEST_STEP][PASSED] - setValueToCellByIndex(sheet01, n, 5, a5): null

07-03-2025T07:07:07 - [TEST_STEP][PASSED] - setValueToCellByIndex(sheet01, n, 6, a6): null

07-03-2025T07:07:07 - [TEST_STEP][PASSED] - setValueToCellByIndex(sheet01, n, 7, a7): null

07-03-2025T07:07:07 - [TEST_STEP][PASSED] - setValueToCellByIndex(sheet01, n, 8, a8): null

07-03-2025T07:07:07 - [TEST_STEP][PASSED] - setValueToCellByIndex(sheet01, n, 9, a9): null

07-03-2025T07:07:07 - [TEST_STEP][PASSED] - n = n + 1: null

07-03-2025T07:07:07 - [TEST_STEP][PASSED] - saveWorkbook(excelFilePath, workbook01): null

07-03-2025T07:07:08 - [TEST_STEP][PASSED] - if (run == 2): null

07-03-2025T07:07:08 - [TEST_STEP][PASSED] - if (run == 3): null

07-03-2025T07:07:08 - [TEST_STEP][PASSED] - closeBrowser(): null

07-03-2025T07:07:08 - [MESSAGE][PASSED] - Browser is closed

07-03-2025T07:07:08 - [TEST_STEP][PASSED] - PrognozPoOtraslyam(user, dashboardName, n, data, run, a1, a2, a3, a4, a5, a6, a7, a8, a9, urlData): null

07-03-2025T07:07:08 - [TEST_STEP][PASSED] - n = data.getRowNumbers() + 1: null

07-03-2025T07:07:08 - [TEST_STEP][PASSED] - println(n): null

07-03-2025T07:07:08 - [TEST_STEP][PASSED] - dashboardName = "Прогноз по отраслям": null

07-03-2025T07:07:08 - [TEST_STEP][PASSED] - openBrowser(""): Browser is opened with url: ''

07-03-2025T07:07:08 - [MESSAGE][INFO] - Starting 'Chrome' driver

07-03-2025T07:07:08 - [MESSAGE][INFO] - Action delay is set to 0 milliseconds

07-03-2025T07:07:09 - [MESSAGE][PASSED] - Browser is opened with url: ''

07-03-2025T07:07:09 - [TEST_STEP][PASSED] - urlData = 6: null

07-03-2025T07:07:09 - [TEST_STEP][PASSED] - Script1686231490255.CheckPageDownload(urlData, run): null

07-03-2025T07:07:09 - [TEST_STEP][PASSED] - i = 1: null

07-03-2025T07:07:09 - [TEST_STEP][PASSED] - ii = 0: null

07-03-2025T07:07:09 - [TEST_STEP][PASSED] - urlText = <not implemented yet for class: org.codehaus.groovy.ast.expr.EmptyExpression>: null

07-03-2025T07:07:09 - [TEST_STEP][PASSED] - searchWord = <not implemented yet for class: org.codehaus.groovy.ast.expr.EmptyExpression>: null

07-03-2025T07:07:09 - [TEST_STEP][PASSED] - deleteAllCookies(): Delete all cookies successfully

07-03-2025T07:07:09 - [MESSAGE][PASSED] - Delete all cookies successfully

07-03-2025T07:07:09 - [TEST_STEP][PASSED] - refresh(): Refresh successfully

07-03-2025T07:07:09 - [MESSAGE][PASSED] - Refresh successfully

07-03-2025T07:07:09 - [TEST_STEP][PASSED] - delay(70): Delayed 70 second(s)

07-03-2025T07:08:19 - [MESSAGE][PASSED] - Delayed 70 second(s)

07-03-2025T07:08:19 - [TEST_STEP][PASSED] - navigateToUrl(findTestData("PlanFact").getValue(10, urlData)): Navigate to 'https://bi.rosseti.digital/viewer?dashboardGuid=d6acb5b1a7114a9791b34de39263106e&sheetGuid=0b6d261d7f7b4424a967aa8f3a724189&fit=true' successfully

07-03-2025T07:08:24 - [MESSAGE][PASSED] - Navigate to 'https://bi.rosseti.digital/viewer?dashboardGuid=d6acb5b1a7114a9791b34de39263106e&sheetGuid=0b6d261d7f7b4424a967aa8f3a724189&fit=true' successfully

07-03-2025T07:08:24 - [TEST_STEP][PASSED] - pageLoaded1 = verifyElementPresent(findTestObject("Страница авторизации/Text"), 30): Object 'Object Repository/Страница авторизации/Text' is present

07-03-2025T07:08:25 - [MESSAGE][PASSED] - Object 'Object Repository/Страница авторизации/Text' is present

07-03-2025T07:08:25 - [TEST_STEP][PASSED] - if (pageLoaded1 == false): null

07-03-2025T07:08:25 - [TEST_STEP][PASSED] - urlText = getText(findTestObject("Страница авторизации/Text")): Text of object 'Object Repository/Страница авторизации/Text' is: 'Вход'

07-03-2025T07:08:26 - [MESSAGE][PASSED] - Text of object 'Object Repository/Страница авторизации/Text' is: 'Вход'

07-03-2025T07:08:26 - [TEST_STEP][PASSED] - delay(70): Delayed 70 second(s)

07-03-2025T07:09:36 - [MESSAGE][PASSED] - Delayed 70 second(s)

07-03-2025T07:09:36 - [TEST_STEP][PASSED] - searchWord = "Вход": null

07-03-2025T07:09:36 - [TEST_STEP][PASSED] - if (urlText.contains(searchWord) == false): null

07-03-2025T07:09:36 - [TEST_STEP][PASSED] - setText(findTestObject("Страница авторизации/input__username"), findTestData("PlanFact").getValue(8, run)): Text 'Andreeva-EV' is set on object 'Object Repository/Страница авторизации/input__username'

07-03-2025T07:09:36 - [MESSAGE][PASSED] - Text 'Andreeva-EV' is set on object 'Object Repository/Страница авторизации/input__username'

07-03-2025T07:09:36 - [TEST_STEP][PASSED] - setText(findTestObject("Страница авторизации/input__password"), findTestData("PlanFact").getValue(9, run)): Text '2nPePKDwCPH3ul7xMZ' is set on object 'Object Repository/Страница авторизации/input__password'

07-03-2025T07:09:37 - [MESSAGE][PASSED] - Text '2nPePKDwCPH3ul7xMZ' is set on object 'Object Repository/Страница авторизации/input__password'

07-03-2025T07:09:37 - [TEST_STEP][PASSED] - click(findTestObject("Страница авторизации/button_")): Object: 'Object Repository/Страница авторизации/button_' is clicked on

07-03-2025T07:09:38 - [MESSAGE][PASSED] - Object: 'Object Repository/Страница авторизации/button_' is clicked on

07-03-2025T07:09:38 - [TEST_STEP][PASSED] - delay(70): Delayed 70 second(s)

07-03-2025T07:10:48 - [MESSAGE][PASSED] - Delayed 70 second(s)

07-03-2025T07:10:48 - [TEST_STEP][PASSED] - searchWord = "а": null

07-03-2025T07:10:48 - [TEST_STEP][PASSED] - pageLoaded2 = verifyElementPresent(findTestObject("Страница авторизации/Text"), 50): Object 'Object Repository/Страница авторизации/Text' is present

07-03-2025T07:10:49 - [MESSAGE][PASSED] - Object 'Object Repository/Страница авторизации/Text' is present

07-03-2025T07:10:49 - [TEST_STEP][PASSED] - if (pageLoaded2 == false): null

07-03-2025T07:10:49 - [TEST_STEP][PASSED] - urlText = getText(findTestObject("Страница авторизации/Text")): Text of object 'Object Repository/Страница авторизации/Text' is: 'Год 
2023 год
Сравнение с 
План
Динамика электропотребления, млрд. кВт.ч. по ПАО Россети на 2023 год
10 10
190 190
36 36
14 14
9 9
14 14
4 4
17 17
80 80
19 19
82 82
588 588
10 10
197 197
37 37
48 48
10 10
15 15
4 4
18 18
80 80
19 19
82 82
608 608
План
Ожидаемое (прогноз по конца года)
Интер РАО (дляФСК)
Промышленныепотребители
Транспорт
Нефтедобыча
Нефтепереработка
Нефтепроводы
Газопроводы
Сельскоехозяйство ипищеваяпромышленность
Непромышленныепотребители
Государственные(муниципальные)организации ипрочиебюджетныепотребители
Население иприравненныегруппыпотребителей
Территориальныесетевыеорганизации
Выручка по ПАО Россети на 2023 год
5 5
319 319
81 81
16 16
16 16
20 20
2 2
56 56
215 215
67 67
218 218
239 239
6 6
331 331
82 82
77 77
20 20
20 20
3 3
57 57
220 220
68 68
214 214
258 258
План
Ожидаемое (прогноз по конца года)
Интер РАО (дляФСК)
Промышленныепотребители
Транспорт
Нефтедобыча
Нефтепереработка
Нефтепроводы
Газопроводы
Сельскоехозяйство ипищеваяпромышленность
Непромышленныепотребители
Государственные(муниципальные)организации ипрочиебюджетныепотребители
Население иприравненныегруппыпотребителей
Территориальныесетевыеорганизации
Отклонения по ПАО Россети на 2023 год
-4.7% -4.7%
3.8% 3.8%
1.9% 1.9%
230.3% 230.3%
10.9% 10.9%
4.2% 4.2%
21.7% 21.7%
3.9% 3.9%
-0.6% -0.6%
1.6% 1.6%
-1.0% -1.0%
3.3% 3.3%
⬤ Отклонение, %
Интер РАО (для ФСК)
Промышленные потребители
Транспорт
Нефтедобыча
Нефтепереработка
Нефтепроводы
Газопроводы
Сельское хозяйство и пищевая пр…
Непромышленные потребители
Государственные (муниципальные…
Население и приравненные групп…
Территориальные сетевые органи…
Выручка отклонения по ПАО Россети на 2023 год
15.6% 15.6%
3.8% 3.8%
1.2% 1.2%
398.2% 398.2%
26.9% 26.9%
-0.6% -0.6%
26.9% 26.9%
1.5% 1.5%
2.7% 2.7%
2.0% 2.0%
-2.0% -2.0%
7.9% 7.9%
⬤ Отклонение, %
Интер РАО (для ФСК)
Промышленные потребители
Транспорт
Нефтедобыча
Нефтепереработка
Нефтепроводы
Газопроводы
Сельское хозяйство и пищевая пр…
Непромышленные потребители
Государственные (муниципальные…
Население и приравненные групп…
Территориальные сетевые органи…
абс.
%
Прогноз на месяц 
Ноябрь
КПО/Отпуск из сети 
Отпуск из сети, млн. кВт.ч
Организация 
Все
Прогноз электропотребления и выручки за услуги по передаче в разрезе отраслей'

07-03-2025T07:10:49 - [MESSAGE][PASSED] - Text of object 'Object Repository/Страница авторизации/Text' is: 'Год 
2023 год
Сравнение с 
План
Динамика электропотребления, млрд. кВт.ч. по ПАО Россети на 2023 год
10 10
190 190
36 36
14 14
9 9
14 14
4 4
17 17
80 80
19 19
82 82
588 588
10 10
197 197
37 37
48 48
10 10
15 15
4 4
18 18
80 80
19 19
82 82
608 608
План
Ожидаемое (прогноз по конца года)
Интер РАО (дляФСК)
Промышленныепотребители
Транспорт
Нефтедобыча
Нефтепереработка
Нефтепроводы
Газопроводы
Сельскоехозяйство ипищеваяпромышленность
Непромышленныепотребители
Государственные(муниципальные)организации ипрочиебюджетныепотребители
Население иприравненныегруппыпотребителей
Территориальныесетевыеорганизации
Выручка по ПАО Россети на 2023 год
5 5
319 319
81 81
16 16
16 16
20 20
2 2
56 56
215 215
67 67
218 218
239 239
6 6
331 331
82 82
77 77
20 20
20 20
3 3
57 57
220 220
68 68
214 214
258 258
План
Ожидаемое (прогноз по конца года)
Интер РАО (дляФСК)
Промышленныепотребители
Транспорт
Нефтедобыча
Нефтепереработка
Нефтепроводы
Газопроводы
Сельскоехозяйство ипищеваяпромышленность
Непромышленныепотребители
Государственные(муниципальные)организации ипрочиебюджетныепотребители
Население иприравненныегруппыпотребителей
Территориальныесетевыеорганизации
Отклонения по ПАО Россети на 2023 год
-4.7% -4.7%
3.8% 3.8%
1.9% 1.9%
230.3% 230.3%
10.9% 10.9%
4.2% 4.2%
21.7% 21.7%
3.9% 3.9%
-0.6% -0.6%
1.6% 1.6%
-1.0% -1.0%
3.3% 3.3%
⬤ Отклонение, %
Интер РАО (для ФСК)
Промышленные потребители
Транспорт
Нефтедобыча
Нефтепереработка
Нефтепроводы
Газопроводы
Сельское хозяйство и пищевая пр…
Непромышленные потребители
Государственные (муниципальные…
Население и приравненные групп…
Территориальные сетевые органи…
Выручка отклонения по ПАО Россети на 2023 год
15.6% 15.6%
3.8% 3.8%
1.2% 1.2%
398.2% 398.2%
26.9% 26.9%
-0.6% -0.6%
26.9% 26.9%
1.5% 1.5%
2.7% 2.7%
2.0% 2.0%
-2.0% -2.0%
7.9% 7.9%
⬤ Отклонение, %
Интер РАО (для ФСК)
Промышленные потребители
Транспорт
Нефтедобыча
Нефтепереработка
Нефтепроводы
Газопроводы
Сельское хозяйство и пищевая пр…
Непромышленные потребители
Государственные (муниципальные…
Население и приравненные групп…
Территориальные сетевые органи…
абс.
%
Прогноз на месяц 
Ноябрь
КПО/Отпуск из сети 
Отпуск из сети, млн. кВт.ч
Организация 
Все
Прогноз электропотребления и выручки за услуги по передаче в разрезе отраслей'

07-03-2025T07:10:49 - [TEST_STEP][PASSED] - if (urlText.contains("ошибка") || urlText.contains(searchWord) == false): null

07-03-2025T07:10:49 - [TEST_STEP][PASSED] - a3 = "": null

07-03-2025T07:10:49 - [TEST_STEP][PASSED] - a4 = "": null

07-03-2025T07:10:49 - [TEST_STEP][PASSED] - a5 = "": null

07-03-2025T07:10:49 - [TEST_STEP][PASSED] - a6 = "": null

07-03-2025T07:10:49 - [TEST_STEP][PASSED] - a7 = "": null

07-03-2025T07:10:49 - [TEST_STEP][PASSED] - a8 = "": null

07-03-2025T07:10:49 - [TEST_STEP][PASSED] - a9 = "": null

07-03-2025T07:10:49 - [TEST_STEP][PASSED] - if (run == 1): null

07-03-2025T07:10:49 - [TEST_STEP][PASSED] - if (run == 2): null

07-03-2025T07:10:49 - [TEST_STEP][PASSED] - user = "Андреева": null

07-03-2025T07:10:49 - [TEST_STEP][PASSED] - a1 = getText(findTestObject("Прогноз по отраслям/Виджеты дашборда")): Text of object 'Object Repository/Прогноз по отраслям/Виджеты дашборда' is: 'Год 
2023 год
Сравнение с 
План
Динамика электропотребления, млрд. кВт.ч. по ПАО Россети на 2023 год
10 10
190 190
36 36
14 14
9 9
14 14
4 4
17 17
80 80
19 19
82 82
588 588
10 10
197 197
37 37
48 48
10 10
15 15
4 4
18 18
80 80
19 19
82 82
608 608
План
Ожидаемое (прогноз по конца года)
Интер РАО (дляФСК)
Промышленныепотребители
Транспорт
Нефтедобыча
Нефтепереработка
Нефтепроводы
Газопроводы
Сельскоехозяйство ипищеваяпромышленность
Непромышленныепотребители
Государственные(муниципальные)организации ипрочиебюджетныепотребители
Население иприравненныегруппыпотребителей
Территориальныесетевыеорганизации
Выручка по ПАО Россети на 2023 год
5 5
319 319
81 81
16 16
16 16
20 20
2 2
56 56
215 215
67 67
218 218
239 239
6 6
331 331
82 82
77 77
20 20
20 20
3 3
57 57
220 220
68 68
214 214
258 258
План
Ожидаемое (прогноз по конца года)
Интер РАО (дляФСК)
Промышленныепотребители
Транспорт
Нефтедобыча
Нефтепереработка
Нефтепроводы
Газопроводы
Сельскоехозяйство ипищеваяпромышленность
Непромышленныепотребители
Государственные(муниципальные)организации ипрочиебюджетныепотребители
Население иприравненныегруппыпотребителей
Территориальныесетевыеорганизации
Отклонения по ПАО Россети на 2023 год
-4.7% -4.7%
3.8% 3.8%
1.9% 1.9%
230.3% 230.3%
10.9% 10.9%
4.2% 4.2%
21.7% 21.7%
3.9% 3.9%
-0.6% -0.6%
1.6% 1.6%
-1.0% -1.0%
3.3% 3.3%
⬤ Отклонение, %
Интер РАО (для ФСК)
Промышленные потребители
Транспорт
Нефтедобыча
Нефтепереработка
Нефтепроводы
Газопроводы
Сельское хозяйство и пищевая пр…
Непромышленные потребители
Государственные (муниципальные…
Население и приравненные групп…
Территориальные сетевые органи…
Выручка отклонения по ПАО Россети на 2023 год
15.6% 15.6%
3.8% 3.8%
1.2% 1.2%
398.2% 398.2%
26.9% 26.9%
-0.6% -0.6%
26.9% 26.9%
1.5% 1.5%
2.7% 2.7%
2.0% 2.0%
-2.0% -2.0%
7.9% 7.9%
⬤ Отклонение, %
Интер РАО (для ФСК)
Промышленные потребители
Транспорт
Нефтедобыча
Нефтепереработка
Нефтепроводы
Газопроводы
Сельское хозяйство и пищевая пр…
Непромышленные потребители
Государственные (муниципальные…
Население и приравненные групп…
Территориальные сетевые органи…
абс.
%
Прогноз на месяц 
Ноябрь
КПО/Отпуск из сети 
Отпуск из сети, млн. кВт.ч
Организация 
Все
Прогноз электропотребления и выручки за услуги по передаче в разрезе отраслей'

07-03-2025T07:10:50 - [MESSAGE][PASSED] - Text of object 'Object Repository/Прогноз по отраслям/Виджеты дашборда' is: 'Год 
2023 год
Сравнение с 
План
Динамика электропотребления, млрд. кВт.ч. по ПАО Россети на 2023 год
10 10
190 190
36 36
14 14
9 9
14 14
4 4
17 17
80 80
19 19
82 82
588 588
10 10
197 197
37 37
48 48
10 10
15 15
4 4
18 18
80 80
19 19
82 82
608 608
План
Ожидаемое (прогноз по конца года)
Интер РАО (дляФСК)
Промышленныепотребители
Транспорт
Нефтедобыча
Нефтепереработка
Нефтепроводы
Газопроводы
Сельскоехозяйство ипищеваяпромышленность
Непромышленныепотребители
Государственные(муниципальные)организации ипрочиебюджетныепотребители
Население иприравненныегруппыпотребителей
Территориальныесетевыеорганизации
Выручка по ПАО Россети на 2023 год
5 5
319 319
81 81
16 16
16 16
20 20
2 2
56 56
215 215
67 67
218 218
239 239
6 6
331 331
82 82
77 77
20 20
20 20
3 3
57 57
220 220
68 68
214 214
258 258
План
Ожидаемое (прогноз по конца года)
Интер РАО (дляФСК)
Промышленныепотребители
Транспорт
Нефтедобыча
Нефтепереработка
Нефтепроводы
Газопроводы
Сельскоехозяйство ипищеваяпромышленность
Непромышленныепотребители
Государственные(муниципальные)организации ипрочиебюджетныепотребители
Население иприравненныегруппыпотребителей
Территориальныесетевыеорганизации
Отклонения по ПАО Россети на 2023 год
-4.7% -4.7%
3.8% 3.8%
1.9% 1.9%
230.3% 230.3%
10.9% 10.9%
4.2% 4.2%
21.7% 21.7%
3.9% 3.9%
-0.6% -0.6%
1.6% 1.6%
-1.0% -1.0%
3.3% 3.3%
⬤ Отклонение, %
Интер РАО (для ФСК)
Промышленные потребители
Транспорт
Нефтедобыча
Нефтепереработка
Нефтепроводы
Газопроводы
Сельское хозяйство и пищевая пр…
Непромышленные потребители
Государственные (муниципальные…
Население и приравненные групп…
Территориальные сетевые органи…
Выручка отклонения по ПАО Россети на 2023 год
15.6% 15.6%
3.8% 3.8%
1.2% 1.2%
398.2% 398.2%
26.9% 26.9%
-0.6% -0.6%
26.9% 26.9%
1.5% 1.5%
2.7% 2.7%
2.0% 2.0%
-2.0% -2.0%
7.9% 7.9%
⬤ Отклонение, %
Интер РАО (для ФСК)
Промышленные потребители
Транспорт
Нефтедобыча
Нефтепереработка
Нефтепроводы
Газопроводы
Сельское хозяйство и пищевая пр…
Непромышленные потребители
Государственные (муниципальные…
Население и приравненные групп…
Территориальные сетевые органи…
абс.
%
Прогноз на месяц 
Ноябрь
КПО/Отпуск из сети 
Отпуск из сети, млн. кВт.ч
Организация 
Все
Прогноз электропотребления и выручки за услуги по передаче в разрезе отраслей'

07-03-2025T07:10:50 - [TEST_STEP][PASSED] - click(findTestObject("Прогноз по отраслям/Переключить отображение с процентов на абс Блок руководителя")): Object: 'Object Repository/Прогноз по отраслям/Переключить отображение с процентов на абс Блок руководителя' is clicked on

07-03-2025T07:10:50 - [MESSAGE][PASSED] - Object: 'Object Repository/Прогноз по отраслям/Переключить отображение с процентов на абс Блок руководителя' is clicked on

07-03-2025T07:10:50 - [TEST_STEP][PASSED] - a2 = getText(findTestObject("Прогноз по отраслям/Виджеты дашборда")): Text of object 'Object Repository/Прогноз по отраслям/Виджеты дашборда' is: 'Год 
2023 год
Сравнение с 
План
Отклонения по ПАО Россети на 2023 год
-492.2 -492.2
7 165.1 7 165.1
689.3 689.3
33 271.7 33 271.7
986.4 986.4
593.8 593.8
764.0 764.0
670.4 670.4
-592.4 -592.4
308.8 308.8
-940.9 -940.9
19 604.1 19 604.1
⬤ Отклонение, млн. кВт.ч
Интер РАО (для ФСК)
Промышленные потребители
Транспорт
Нефтедобыча
Нефтепереработка
Нефтепроводы
Газопроводы
Сельское хозяйство и пищевая пр…
Непромышленные потребители
Государственные (муниципальные…
Население и приравненные групп…
Территориальные сетевые органи…
Выручка отклонения по ПАО Россети на 2023 год
794.9 794.9
12 195.0 12 195.0
972.7 972.7
61 803.9 61 803.9
4 222.3 4 222.3
-121.8 -121.8
666.2 666.2
873.2 873.2
5 809.6 5 809.6
1 342.6 1 342.6
-4 463.2 -4 463.2
18 375.5 18 375.5
⬤ Отклонение, млн. руб.
Интер РАО (для ФСК)
Промышленные потребители
Транспорт
Нефтедобыча
Нефтепереработка
Нефтепроводы
Газопроводы
Сельское хозяйство и пищевая пр…
Непромышленные потребители
Государственные (муниципальные…
Население и приравненные групп…
Территориальные сетевые органи…
Динамика электропотребления, млрд. кВт.ч. по ПАО Россети на 2023 год
10 10
190 190
36 36
14 14
9 9
14 14
4 4
17 17
80 80
19 19
82 82
588 588
10 10
197 197
37 37
48 48
10 10
15 15
4 4
18 18
80 80
19 19
82 82
608 608
План
Ожидаемое (прогноз по конца года)
Интер РАО (дляФСК)
Промышленныепотребители
Транспорт
Нефтедобыча
Нефтепереработка
Нефтепроводы
Газопроводы
Сельскоехозяйство ипищеваяпромышленность
Непромышленныепотребители
Государственные(муниципальные)организации ипрочиебюджетныепотребители
Население иприравненныегруппыпотребителей
Территориальныесетевыеорганизации
Выручка по ПАО Россети на 2023 год
5 5
319 319
81 81
16 16
16 16
20 20
2 2
56 56
215 215
67 67
218 218
239 239
6 6
331 331
82 82
77 77
20 20
20 20
3 3
57 57
220 220
68 68
214 214
258 258
План
Ожидаемое (прогноз по конца года)
Интер РАО (дляФСК)
Промышленныепотребители
Транспорт
Нефтедобыча
Нефтепереработка
Нефтепроводы
Газопроводы
Сельскоехозяйство ипищеваяпромышленность
Непромышленныепотребители
Государственные(муниципальные)организации ипрочиебюджетныепотребители
Население иприравненныегруппыпотребителей
Территориальныесетевыеорганизации
абс.
%
Прогноз на месяц 
Ноябрь
КПО/Отпуск из сети 
Отпуск из сети, млн. кВт.ч
Организация 
Все
Прогноз электропотребления и выручки за услуги по передаче в разрезе отраслей'

07-03-2025T07:10:51 - [MESSAGE][PASSED] - Text of object 'Object Repository/Прогноз по отраслям/Виджеты дашборда' is: 'Год 
2023 год
Сравнение с 
План
Отклонения по ПАО Россети на 2023 год
-492.2 -492.2
7 165.1 7 165.1
689.3 689.3
33 271.7 33 271.7
986.4 986.4
593.8 593.8
764.0 764.0
670.4 670.4
-592.4 -592.4
308.8 308.8
-940.9 -940.9
19 604.1 19 604.1
⬤ Отклонение, млн. кВт.ч
Интер РАО (для ФСК)
Промышленные потребители
Транспорт
Нефтедобыча
Нефтепереработка
Нефтепроводы
Газопроводы
Сельское хозяйство и пищевая пр…
Непромышленные потребители
Государственные (муниципальные…
Население и приравненные групп…
Территориальные сетевые органи…
Выручка отклонения по ПАО Россети на 2023 год
794.9 794.9
12 195.0 12 195.0
972.7 972.7
61 803.9 61 803.9
4 222.3 4 222.3
-121.8 -121.8
666.2 666.2
873.2 873.2
5 809.6 5 809.6
1 342.6 1 342.6
-4 463.2 -4 463.2
18 375.5 18 375.5
⬤ Отклонение, млн. руб.
Интер РАО (для ФСК)
Промышленные потребители
Транспорт
Нефтедобыча
Нефтепереработка
Нефтепроводы
Газопроводы
Сельское хозяйство и пищевая пр…
Непромышленные потребители
Государственные (муниципальные…
Население и приравненные групп…
Территориальные сетевые органи…
Динамика электропотребления, млрд. кВт.ч. по ПАО Россети на 2023 год
10 10
190 190
36 36
14 14
9 9
14 14
4 4
17 17
80 80
19 19
82 82
588 588
10 10
197 197
37 37
48 48
10 10
15 15
4 4
18 18
80 80
19 19
82 82
608 608
План
Ожидаемое (прогноз по конца года)
Интер РАО (дляФСК)
Промышленныепотребители
Транспорт
Нефтедобыча
Нефтепереработка
Нефтепроводы
Газопроводы
Сельскоехозяйство ипищеваяпромышленность
Непромышленныепотребители
Государственные(муниципальные)организации ипрочиебюджетныепотребители
Население иприравненныегруппыпотребителей
Территориальныесетевыеорганизации
Выручка по ПАО Россети на 2023 год
5 5
319 319
81 81
16 16
16 16
20 20
2 2
56 56
215 215
67 67
218 218
239 239
6 6
331 331
82 82
77 77
20 20
20 20
3 3
57 57
220 220
68 68
214 214
258 258
План
Ожидаемое (прогноз по конца года)
Интер РАО (дляФСК)
Промышленныепотребители
Транспорт
Нефтедобыча
Нефтепереработка
Нефтепроводы
Газопроводы
Сельскоехозяйство ипищеваяпромышленность
Непромышленныепотребители
Государственные(муниципальные)организации ипрочиебюджетныепотребители
Население иприравненныегруппыпотребителей
Территориальныесетевыеорганизации
абс.
%
Прогноз на месяц 
Ноябрь
КПО/Отпуск из сети 
Отпуск из сети, млн. кВт.ч
Организация 
Все
Прогноз электропотребления и выручки за услуги по передаче в разрезе отраслей'

07-03-2025T07:10:51 - [TEST_STEP][PASSED] - click(findTestObject("Прогноз по отраслям/Переключить отображение с абс на проценты")): Object: 'Object Repository/Прогноз по отраслям/Переключить отображение с абс на проценты' is clicked on

07-03-2025T07:10:51 - [MESSAGE][PASSED] - Object: 'Object Repository/Прогноз по отраслям/Переключить отображение с абс на проценты' is clicked on

07-03-2025T07:10:51 - [TEST_STEP][PASSED] - i = a1.indexOf("млрд. кВт.ч."): null

07-03-2025T07:10:51 - [TEST_STEP][PASSED] - if (i > -1): null

07-03-2025T07:10:51 - [TEST_STEP][PASSED] - a1 = a1.substring(0, i) + a1.substring(i + 12, a1.length()): null

07-03-2025T07:10:51 - [TEST_STEP][PASSED] - i = a1.indexOf("по ПАО Россети на 2023 год"): null

07-03-2025T07:10:51 - [TEST_STEP][PASSED] - if (i > -1): null

07-03-2025T07:10:51 - [TEST_STEP][PASSED] - a1 = a1.substring(0, i) + a1.substring(i + 27, a1.length()): null

07-03-2025T07:10:51 - [TEST_STEP][PASSED] - i = a1.indexOf("Выручка"): null

07-03-2025T07:10:51 - [TEST_STEP][PASSED] - if (i > -1): null

07-03-2025T07:10:51 - [TEST_STEP][PASSED] - a1 = a1.substring(0, i) + a1.substring(i + 8, a1.length()): null

07-03-2025T07:10:51 - [TEST_STEP][PASSED] - i = a1.indexOf("по ПАО Россети на 2023 год"): null

07-03-2025T07:10:51 - [TEST_STEP][PASSED] - if (i > -1): null

07-03-2025T07:10:51 - [TEST_STEP][PASSED] - a1 = a1.substring(0, i) + a1.substring(i + 27, a1.length()): null

07-03-2025T07:10:51 - [TEST_STEP][PASSED] - i = a1.indexOf("по ПАО Россети на 2023 год"): null

07-03-2025T07:10:51 - [TEST_STEP][PASSED] - if (i > -1): null

07-03-2025T07:10:51 - [TEST_STEP][PASSED] - a1 = a1.substring(0, i) + a1.substring(i + 27, a1.length()): null

07-03-2025T07:10:51 - [TEST_STEP][PASSED] - i = a1.indexOf("Отклонения по ПАО Россети на 2023 год"): null

07-03-2025T07:10:51 - [TEST_STEP][PASSED] - if (i > -1): null

07-03-2025T07:10:51 - [TEST_STEP][PASSED] - i = a1.indexOf("Отклонения"): null

07-03-2025T07:10:51 - [TEST_STEP][PASSED] - if (i > -1): null

07-03-2025T07:10:51 - [TEST_STEP][PASSED] - a1 = a1.substring(0, i) + a1.substring(i + 11, a1.length()): null

07-03-2025T07:10:51 - [TEST_STEP][PASSED] - n = n + 34: null

07-03-2025T07:10:51 - [TEST_STEP][PASSED] - b = n - run + 1: null

07-03-2025T07:10:51 - [TEST_STEP][PASSED] - verifyEqual(findTestData("PlanFact").getValue(2, b), a1): Actual object 'Год 
2023 год
Сравнение с 
План
Динамика электропотребления,  10 10
190 190
36 36
14 14
9 9
14 14
4 4
17 17
80 80
19 19
82 82
588 588
10 10
197 197
37 37
48 48
10 10
15 15
4 4
18 18
80 80
19 19
82 82
608 608
План
Ожидаемое (прогноз по конца года)
Интер РАО (дляФСК)
Промышленныепотребители
Транспорт
Нефтедобыча
Нефтепереработка
Нефтепроводы
Газопроводы
Сельскоехозяйство ипищеваяпромышленность
Непромышленныепотребители
Государственные(муниципальные)организации ипрочиебюджетныепотребители
Население иприравненныегруппыпотребителей
Территориальныесетевыеорганизации
5 5
319 319
81 81
16 16
16 16
20 20
2 2
56 56
215 215
67 67
218 218
239 239
6 6
331 331
82 82
77 77
20 20
20 20
3 3
57 57
220 220
68 68
214 214
258 258
План
Ожидаемое (прогноз по конца года)
Интер РАО (дляФСК)
Промышленныепотребители
Транспорт
Нефтедобыча
Нефтепереработка
Нефтепроводы
Газопроводы
Сельскоехозяйство ипищеваяпромышленность
Непромышленныепотребители
Государственные(муниципальные)организации ипрочиебюджетныепотребители
Население иприравненныегруппыпотребителей
Территориальныесетевыеорганизации
-4.7% -4.7%
3.8% 3.8%
1.9% 1.9%
230.3% 230.3%
10.9% 10.9%
4.2% 4.2%
21.7% 21.7%
3.9% 3.9%
-0.6% -0.6%
1.6% 1.6%
-1.0% -1.0%
3.3% 3.3%
⬤ Отклонение, %
Интер РАО (для ФСК)
Промышленные потребители
Транспорт
Нефтедобыча
Нефтепереработка
Нефтепроводы
Газопроводы
Сельское хозяйство и пищевая пр…
Непромышленные потребители
Государственные (муниципальные…
Население и приравненные групп…
Территориальные сетевые органи…
Выручка отклонения по ПАО Россети на 2023 год
15.6% 15.6%
3.8% 3.8%
1.2% 1.2%
398.2% 398.2%
26.9% 26.9%
-0.6% -0.6%
26.9% 26.9%
1.5% 1.5%
2.7% 2.7%
2.0% 2.0%
-2.0% -2.0%
7.9% 7.9%
⬤ Отклонение, %
Интер РАО (для ФСК)
Промышленные потребители
Транспорт
Нефтедобыча
Нефтепереработка
Нефтепроводы
Газопроводы
Сельское хозяйство и пищевая пр…
Непромышленные потребители
Государственные (муниципальные…
Население и приравненные групп…
Территориальные сетевые органи…
абс.
%
Прогноз на месяц 
Ноябрь
КПО/Отпуск из сети 
Отпуск из сети, млн. кВт.ч
Организация 
Все
Прогноз электропотребления и выручки за услуги по передаче в разрезе отраслей' and expected object 'Год 
2023 год
Сравнение с 
План
Динамика электропотребления,  10 10
190 190
36 36
14 14
9 9
14 14
4 4
17 17
80 80
19 19
82 82
588 588
10 10
197 197
37 37
48 48
10 10
15 15
4 4
18 18
80 80
19 19
82 82
608 608
План
Ожидаемое (прогноз по конца года)
Интер РАО (дляФСК)
Промышленныепотребители
Транспорт
Нефтедобыча
Нефтепереработка
Нефтепроводы
Газопроводы
Сельскоехозяйство ипищеваяпромышленность
Непромышленныепотребители
Государственные(муниципальные)организации ипрочиебюджетныепотребители
Население иприравненныегруппыпотребителей
Территориальныесетевыеорганизации
5 5
319 319
81 81
16 16
16 16
20 20
2 2
56 56
215 215
67 67
218 218
239 239
6 6
331 331
82 82
77 77
20 20
20 20
3 3
57 57
220 220
68 68
214 214
258 258
План
Ожидаемое (прогноз по конца года)
Интер РАО (дляФСК)
Промышленныепотребители
Транспорт
Нефтедобыча
Нефтепереработка
Нефтепроводы
Газопроводы
Сельскоехозяйство ипищеваяпромышленность
Непромышленныепотребители
Государственные(муниципальные)организации ипрочиебюджетныепотребители
Население иприравненныегруппыпотребителей
Территориальныесетевыеорганизации
-4.7% -4.7%
3.8% 3.8%
1.9% 1.9%
230.3% 230.3%
10.9% 10.9%
4.2% 4.2%
21.7% 21.7%
3.9% 3.9%
-0.6% -0.6%
1.6% 1.6%
-1.0% -1.0%
3.3% 3.3%
⬤ Отклонение, %
Интер РАО (для ФСК)
Промышленные потребители
Транспорт
Нефтедобыча
Нефтепереработка
Нефтепроводы
Газопроводы
Сельское хозяйство и пищевая пр…
Непромышленные потребители
Государственные (муниципальные…
Население и приравненные групп…
Территориальные сетевые органи…
Выручка отклонения по ПАО Россети на 2023 год
15.6% 15.6%
3.8% 3.8%
1.2% 1.2%
398.2% 398.2%
26.9% 26.9%
-0.6% -0.6%
26.9% 26.9%
1.5% 1.5%
2.7% 2.7%
2.0% 2.0%
-2.0% -2.0%
7.9% 7.9%
⬤ Отклонение, %
Интер РАО (для ФСК)
Промышленные потребители
Транспорт
Нефтедобыча
Нефтепереработка
Нефтепроводы
Газопроводы
Сельское хозяйство и пищевая пр…
Непромышленные потребители
Государственные (муниципальные…
Население и приравненные групп…
Территориальные сетевые органи…
абс.
%
Прогноз на месяц 
Ноябрь
КПО/Отпуск из сети 
Отпуск из сети, млн. кВт.ч
Организация 
Все
Прогноз электропотребления и выручки за услуги по передаче в разрезе отраслей' are equal

07-03-2025T07:10:51 - [MESSAGE][PASSED] - Actual object 'Год 
2023 год
Сравнение с 
План
Динамика электропотребления,  10 10
190 190
36 36
14 14
9 9
14 14
4 4
17 17
80 80
19 19
82 82
588 588
10 10
197 197
37 37
48 48
10 10
15 15
4 4
18 18
80 80
19 19
82 82
608 608
План
Ожидаемое (прогноз по конца года)
Интер РАО (дляФСК)
Промышленныепотребители
Транспорт
Нефтедобыча
Нефтепереработка
Нефтепроводы
Газопроводы
Сельскоехозяйство ипищеваяпромышленность
Непромышленныепотребители
Государственные(муниципальные)организации ипрочиебюджетныепотребители
Население иприравненныегруппыпотребителей
Территориальныесетевыеорганизации
5 5
319 319
81 81
16 16
16 16
20 20
2 2
56 56
215 215
67 67
218 218
239 239
6 6
331 331
82 82
77 77
20 20
20 20
3 3
57 57
220 220
68 68
214 214
258 258
План
Ожидаемое (прогноз по конца года)
Интер РАО (дляФСК)
Промышленныепотребители
Транспорт
Нефтедобыча
Нефтепереработка
Нефтепроводы
Газопроводы
Сельскоехозяйство ипищеваяпромышленность
Непромышленныепотребители
Государственные(муниципальные)организации ипрочиебюджетныепотребители
Население иприравненныегруппыпотребителей
Территориальныесетевыеорганизации
-4.7% -4.7%
3.8% 3.8%
1.9% 1.9%
230.3% 230.3%
10.9% 10.9%
4.2% 4.2%
21.7% 21.7%
3.9% 3.9%
-0.6% -0.6%
1.6% 1.6%
-1.0% -1.0%
3.3% 3.3%
⬤ Отклонение, %
Интер РАО (для ФСК)
Промышленные потребители
Транспорт
Нефтедобыча
Нефтепереработка
Нефтепроводы
Газопроводы
Сельское хозяйство и пищевая пр…
Непромышленные потребители
Государственные (муниципальные…
Население и приравненные групп…
Территориальные сетевые органи…
Выручка отклонения по ПАО Россети на 2023 год
15.6% 15.6%
3.8% 3.8%
1.2% 1.2%
398.2% 398.2%
26.9% 26.9%
-0.6% -0.6%
26.9% 26.9%
1.5% 1.5%
2.7% 2.7%
2.0% 2.0%
-2.0% -2.0%
7.9% 7.9%
⬤ Отклонение, %
Интер РАО (для ФСК)
Промышленные потребители
Транспорт
Нефтедобыча
Нефтепереработка
Нефтепроводы
Газопроводы
Сельское хозяйство и пищевая пр…
Непромышленные потребители
Государственные (муниципальные…
Население и приравненные групп…
Территориальные сетевые органи…
абс.
%
Прогноз на месяц 
Ноябрь
КПО/Отпуск из сети 
Отпуск из сети, млн. кВт.ч
Организация 
Все
Прогноз электропотребления и выручки за услуги по передаче в разрезе отраслей' and expected object 'Год 
2023 год
Сравнение с 
План
Динамика электропотребления,  10 10
190 190
36 36
14 14
9 9
14 14
4 4
17 17
80 80
19 19
82 82
588 588
10 10
197 197
37 37
48 48
10 10
15 15
4 4
18 18
80 80
19 19
82 82
608 608
План
Ожидаемое (прогноз по конца года)
Интер РАО (дляФСК)
Промышленныепотребители
Транспорт
Нефтедобыча
Нефтепереработка
Нефтепроводы
Газопроводы
Сельскоехозяйство ипищеваяпромышленность
Непромышленныепотребители
Государственные(муниципальные)организации ипрочиебюджетныепотребители
Население иприравненныегруппыпотребителей
Территориальныесетевыеорганизации
5 5
319 319
81 81
16 16
16 16
20 20
2 2
56 56
215 215
67 67
218 218
239 239
6 6
331 331
82 82
77 77
20 20
20 20
3 3
57 57
220 220
68 68
214 214
258 258
План
Ожидаемое (прогноз по конца года)
Интер РАО (дляФСК)
Промышленныепотребители
Транспорт
Нефтедобыча
Нефтепереработка
Нефтепроводы
Газопроводы
Сельскоехозяйство ипищеваяпромышленность
Непромышленныепотребители
Государственные(муниципальные)организации ипрочиебюджетныепотребители
Население иприравненныегруппыпотребителей
Территориальныесетевыеорганизации
-4.7% -4.7%
3.8% 3.8%
1.9% 1.9%
230.3% 230.3%
10.9% 10.9%
4.2% 4.2%
21.7% 21.7%
3.9% 3.9%
-0.6% -0.6%
1.6% 1.6%
-1.0% -1.0%
3.3% 3.3%
⬤ Отклонение, %
Интер РАО (для ФСК)
Промышленные потребители
Транспорт
Нефтедобыча
Нефтепереработка
Нефтепроводы
Газопроводы
Сельское хозяйство и пищевая пр…
Непромышленные потребители
Государственные (муниципальные…
Население и приравненные групп…
Территориальные сетевые органи…
Выручка отклонения по ПАО Россети на 2023 год
15.6% 15.6%
3.8% 3.8%
1.2% 1.2%
398.2% 398.2%
26.9% 26.9%
-0.6% -0.6%
26.9% 26.9%
1.5% 1.5%
2.7% 2.7%
2.0% 2.0%
-2.0% -2.0%
7.9% 7.9%
⬤ Отклонение, %
Интер РАО (для ФСК)
Промышленные потребители
Транспорт
Нефтедобыча
Нефтепереработка
Нефтепроводы
Газопроводы
Сельское хозяйство и пищевая пр…
Непромышленные потребители
Государственные (муниципальные…
Население и приравненные групп…
Территориальные сетевые органи…
абс.
%
Прогноз на месяц 
Ноябрь
КПО/Отпуск из сети 
Отпуск из сети, млн. кВт.ч
Организация 
Все
Прогноз электропотребления и выручки за услуги по передаче в разрезе отраслей' are equal

07-03-2025T07:10:51 - [TEST_STEP][PASSED] - verifyEqual(findTestData("PlanFact").getValue(3, b), a2): Actual object 'Год 
2023 год
Сравнение с 
План
Отклонения по ПАО Россети на 2023 год
-492.2 -492.2
7 165.1 7 165.1
689.3 689.3
33 271.7 33 271.7
986.4 986.4
593.8 593.8
764.0 764.0
670.4 670.4
-592.4 -592.4
308.8 308.8
-940.9 -940.9
19 604.1 19 604.1
⬤ Отклонение, млн. кВт.ч
Интер РАО (для ФСК)
Промышленные потребители
Транспорт
Нефтедобыча
Нефтепереработка
Нефтепроводы
Газопроводы
Сельское хозяйство и пищевая пр…
Непромышленные потребители
Государственные (муниципальные…
Население и приравненные групп…
Территориальные сетевые органи…
Выручка отклонения по ПАО Россети на 2023 год
794.9 794.9
12 195.0 12 195.0
972.7 972.7
61 803.9 61 803.9
4 222.3 4 222.3
-121.8 -121.8
666.2 666.2
873.2 873.2
5 809.6 5 809.6
1 342.6 1 342.6
-4 463.2 -4 463.2
18 375.5 18 375.5
⬤ Отклонение, млн. руб.
Интер РАО (для ФСК)
Промышленные потребители
Транспорт
Нефтедобыча
Нефтепереработка
Нефтепроводы
Газопроводы
Сельское хозяйство и пищевая пр…
Непромышленные потребители
Государственные (муниципальные…
Население и приравненные групп…
Территориальные сетевые органи…
Динамика электропотребления, млрд. кВт.ч. по ПАО Россети на 2023 год
10 10
190 190
36 36
14 14
9 9
14 14
4 4
17 17
80 80
19 19
82 82
588 588
10 10
197 197
37 37
48 48
10 10
15 15
4 4
18 18
80 80
19 19
82 82
608 608
План
Ожидаемое (прогноз по конца года)
Интер РАО (дляФСК)
Промышленныепотребители
Транспорт
Нефтедобыча
Нефтепереработка
Нефтепроводы
Газопроводы
Сельскоехозяйство ипищеваяпромышленность
Непромышленныепотребители
Государственные(муниципальные)организации ипрочиебюджетныепотребители
Население иприравненныегруппыпотребителей
Территориальныесетевыеорганизации
Выручка по ПАО Россети на 2023 год
5 5
319 319
81 81
16 16
16 16
20 20
2 2
56 56
215 215
67 67
218 218
239 239
6 6
331 331
82 82
77 77
20 20
20 20
3 3
57 57
220 220
68 68
214 214
258 258
План
Ожидаемое (прогноз по конца года)
Интер РАО (дляФСК)
Промышленныепотребители
Транспорт
Нефтедобыча
Нефтепереработка
Нефтепроводы
Газопроводы
Сельскоехозяйство ипищеваяпромышленность
Непромышленныепотребители
Государственные(муниципальные)организации ипрочиебюджетныепотребители
Население иприравненныегруппыпотребителей
Территориальныесетевыеорганизации
абс.
%
Прогноз на месяц 
Ноябрь
КПО/Отпуск из сети 
Отпуск из сети, млн. кВт.ч
Организация 
Все
Прогноз электропотребления и выручки за услуги по передаче в разрезе отраслей' and expected object 'Год 
2023 год
Сравнение с 
План
Отклонения по ПАО Россети на 2023 год
-492.2 -492.2
7 165.1 7 165.1
689.3 689.3
33 271.7 33 271.7
986.4 986.4
593.8 593.8
764.0 764.0
670.4 670.4
-592.4 -592.4
308.8 308.8
-940.9 -940.9
19 604.1 19 604.1
⬤ Отклонение, млн. кВт.ч
Интер РАО (для ФСК)
Промышленные потребители
Транспорт
Нефтедобыча
Нефтепереработка
Нефтепроводы
Газопроводы
Сельское хозяйство и пищевая пр…
Непромышленные потребители
Государственные (муниципальные…
Население и приравненные групп…
Территориальные сетевые органи…
Выручка отклонения по ПАО Россети на 2023 год
794.9 794.9
12 195.0 12 195.0
972.7 972.7
61 803.9 61 803.9
4 222.3 4 222.3
-121.8 -121.8
666.2 666.2
873.2 873.2
5 809.6 5 809.6
1 342.6 1 342.6
-4 463.2 -4 463.2
18 375.5 18 375.5
⬤ Отклонение, млн. руб.
Интер РАО (для ФСК)
Промышленные потребители
Транспорт
Нефтедобыча
Нефтепереработка
Нефтепроводы
Газопроводы
Сельское хозяйство и пищевая пр…
Непромышленные потребители
Государственные (муниципальные…
Население и приравненные групп…
Территориальные сетевые органи…
Динамика электропотребления, млрд. кВт.ч. по ПАО Россети на 2023 год
10 10
190 190
36 36
14 14
9 9
14 14
4 4
17 17
80 80
19 19
82 82
588 588
10 10
197 197
37 37
48 48
10 10
15 15
4 4
18 18
80 80
19 19
82 82
608 608
План
Ожидаемое (прогноз по конца года)
Интер РАО (дляФСК)
Промышленныепотребители
Транспорт
Нефтедобыча
Нефтепереработка
Нефтепроводы
Газопроводы
Сельскоехозяйство ипищеваяпромышленность
Непромышленныепотребители
Государственные(муниципальные)организации ипрочиебюджетныепотребители
Население иприравненныегруппыпотребителей
Территориальныесетевыеорганизации
Выручка по ПАО Россети на 2023 год
5 5
319 319
81 81
16 16
16 16
20 20
2 2
56 56
215 215
67 67
218 218
239 239
6 6
331 331
82 82
77 77
20 20
20 20
3 3
57 57
220 220
68 68
214 214
258 258
План
Ожидаемое (прогноз по конца года)
Интер РАО (дляФСК)
Промышленныепотребители
Транспорт
Нефтедобыча
Нефтепереработка
Нефтепроводы
Газопроводы
Сельскоехозяйство ипищеваяпромышленность
Непромышленныепотребители
Государственные(муниципальные)организации ипрочиебюджетныепотребители
Население иприравненныегруппыпотребителей
Территориальныесетевыеорганизации
абс.
%
Прогноз на месяц 
Ноябрь
КПО/Отпуск из сети 
Отпуск из сети, млн. кВт.ч
Организация 
Все
Прогноз электропотребления и выручки за услуги по передаче в разрезе отраслей' are equal

07-03-2025T07:10:51 - [MESSAGE][PASSED] - Actual object 'Год 
2023 год
Сравнение с 
План
Отклонения по ПАО Россети на 2023 год
-492.2 -492.2
7 165.1 7 165.1
689.3 689.3
33 271.7 33 271.7
986.4 986.4
593.8 593.8
764.0 764.0
670.4 670.4
-592.4 -592.4
308.8 308.8
-940.9 -940.9
19 604.1 19 604.1
⬤ Отклонение, млн. кВт.ч
Интер РАО (для ФСК)
Промышленные потребители
Транспорт
Нефтедобыча
Нефтепереработка
Нефтепроводы
Газопроводы
Сельское хозяйство и пищевая пр…
Непромышленные потребители
Государственные (муниципальные…
Население и приравненные групп…
Территориальные сетевые органи…
Выручка отклонения по ПАО Россети на 2023 год
794.9 794.9
12 195.0 12 195.0
972.7 972.7
61 803.9 61 803.9
4 222.3 4 222.3
-121.8 -121.8
666.2 666.2
873.2 873.2
5 809.6 5 809.6
1 342.6 1 342.6
-4 463.2 -4 463.2
18 375.5 18 375.5
⬤ Отклонение, млн. руб.
Интер РАО (для ФСК)
Промышленные потребители
Транспорт
Нефтедобыча
Нефтепереработка
Нефтепроводы
Газопроводы
Сельское хозяйство и пищевая пр…
Непромышленные потребители
Государственные (муниципальные…
Население и приравненные групп…
Территориальные сетевые органи…
Динамика электропотребления, млрд. кВт.ч. по ПАО Россети на 2023 год
10 10
190 190
36 36
14 14
9 9
14 14
4 4
17 17
80 80
19 19
82 82
588 588
10 10
197 197
37 37
48 48
10 10
15 15
4 4
18 18
80 80
19 19
82 82
608 608
План
Ожидаемое (прогноз по конца года)
Интер РАО (дляФСК)
Промышленныепотребители
Транспорт
Нефтедобыча
Нефтепереработка
Нефтепроводы
Газопроводы
Сельскоехозяйство ипищеваяпромышленность
Непромышленныепотребители
Государственные(муниципальные)организации ипрочиебюджетныепотребители
Население иприравненныегруппыпотребителей
Территориальныесетевыеорганизации
Выручка по ПАО Россети на 2023 год
5 5
319 319
81 81
16 16
16 16
20 20
2 2
56 56
215 215
67 67
218 218
239 239
6 6
331 331
82 82
77 77
20 20
20 20
3 3
57 57
220 220
68 68
214 214
258 258
План
Ожидаемое (прогноз по конца года)
Интер РАО (дляФСК)
Промышленныепотребители
Транспорт
Нефтедобыча
Нефтепереработка
Нефтепроводы
Газопроводы
Сельскоехозяйство ипищеваяпромышленность
Непромышленныепотребители
Государственные(муниципальные)организации ипрочиебюджетныепотребители
Население иприравненныегруппыпотребителей
Территориальныесетевыеорганизации
абс.
%
Прогноз на месяц 
Ноябрь
КПО/Отпуск из сети 
Отпуск из сети, млн. кВт.ч
Организация 
Все
Прогноз электропотребления и выручки за услуги по передаче в разрезе отраслей' and expected object 'Год 
2023 год
Сравнение с 
План
Отклонения по ПАО Россети на 2023 год
-492.2 -492.2
7 165.1 7 165.1
689.3 689.3
33 271.7 33 271.7
986.4 986.4
593.8 593.8
764.0 764.0
670.4 670.4
-592.4 -592.4
308.8 308.8
-940.9 -940.9
19 604.1 19 604.1
⬤ Отклонение, млн. кВт.ч
Интер РАО (для ФСК)
Промышленные потребители
Транспорт
Нефтедобыча
Нефтепереработка
Нефтепроводы
Газопроводы
Сельское хозяйство и пищевая пр…
Непромышленные потребители
Государственные (муниципальные…
Население и приравненные групп…
Территориальные сетевые органи…
Выручка отклонения по ПАО Россети на 2023 год
794.9 794.9
12 195.0 12 195.0
972.7 972.7
61 803.9 61 803.9
4 222.3 4 222.3
-121.8 -121.8
666.2 666.2
873.2 873.2
5 809.6 5 809.6
1 342.6 1 342.6
-4 463.2 -4 463.2
18 375.5 18 375.5
⬤ Отклонение, млн. руб.
Интер РАО (для ФСК)
Промышленные потребители
Транспорт
Нефтедобыча
Нефтепереработка
Нефтепроводы
Газопроводы
Сельское хозяйство и пищевая пр…
Непромышленные потребители
Государственные (муниципальные…
Население и приравненные групп…
Территориальные сетевые органи…
Динамика электропотребления, млрд. кВт.ч. по ПАО Россети на 2023 год
10 10
190 190
36 36
14 14
9 9
14 14
4 4
17 17
80 80
19 19
82 82
588 588
10 10
197 197
37 37
48 48
10 10
15 15
4 4
18 18
80 80
19 19
82 82
608 608
План
Ожидаемое (прогноз по конца года)
Интер РАО (дляФСК)
Промышленныепотребители
Транспорт
Нефтедобыча
Нефтепереработка
Нефтепроводы
Газопроводы
Сельскоехозяйство ипищеваяпромышленность
Непромышленныепотребители
Государственные(муниципальные)организации ипрочиебюджетныепотребители
Население иприравненныегруппыпотребителей
Территориальныесетевыеорганизации
Выручка по ПАО Россети на 2023 год
5 5
319 319
81 81
16 16
16 16
20 20
2 2
56 56
215 215
67 67
218 218
239 239
6 6
331 331
82 82
77 77
20 20
20 20
3 3
57 57
220 220
68 68
214 214
258 258
План
Ожидаемое (прогноз по конца года)
Интер РАО (дляФСК)
Промышленныепотребители
Транспорт
Нефтедобыча
Нефтепереработка
Нефтепроводы
Газопроводы
Сельскоехозяйство ипищеваяпромышленность
Непромышленныепотребители
Государственные(муниципальные)организации ипрочиебюджетныепотребители
Население иприравненныегруппыпотребителей
Территориальныесетевыеорганизации
абс.
%
Прогноз на месяц 
Ноябрь
КПО/Отпуск из сети 
Отпуск из сети, млн. кВт.ч
Организация 
Все
Прогноз электропотребления и выручки за услуги по передаче в разрезе отраслей' are equal

07-03-2025T07:10:51 - [TEST_STEP][PASSED] - Script1686231490255.WriteToExcel(user, dashboardName, n, data, run, a1, a2, a3, a4, a5, a6, a7, a8, a9): null

07-03-2025T07:10:51 - [TEST_STEP][PASSED] - sheetName = "Sheet1": null

07-03-2025T07:10:51 - [TEST_STEP][PASSED] - workbook01 = getWorkbook(excelFilePath): null

07-03-2025T07:10:51 - [TEST_STEP][PASSED] - sheet01 = getExcelSheet(workbook01, sheetName): null

07-03-2025T07:10:51 - [TEST_STEP][PASSED] - setValueToCellByIndex(sheet01, n, 0, dashboardName): null

07-03-2025T07:10:51 - [TEST_STEP][PASSED] - setValueToCellByIndex(sheet01, n, 10, user): null

07-03-2025T07:10:51 - [TEST_STEP][PASSED] - setValueToCellByIndex(sheet01, n, 1, a1): null

07-03-2025T07:10:51 - [TEST_STEP][PASSED] - setValueToCellByIndex(sheet01, n, 2, a2): null

07-03-2025T07:10:51 - [TEST_STEP][PASSED] - setValueToCellByIndex(sheet01, n, 3, a3): null

07-03-2025T07:10:51 - [TEST_STEP][PASSED] - setValueToCellByIndex(sheet01, n, 4, a4): null

07-03-2025T07:10:51 - [TEST_STEP][PASSED] - setValueToCellByIndex(sheet01, n, 5, a5): null

07-03-2025T07:10:51 - [TEST_STEP][PASSED] - setValueToCellByIndex(sheet01, n, 6, a6): null

07-03-2025T07:10:51 - [TEST_STEP][PASSED] - setValueToCellByIndex(sheet01, n, 7, a7): null

07-03-2025T07:10:51 - [TEST_STEP][PASSED] - setValueToCellByIndex(sheet01, n, 8, a8): null

07-03-2025T07:10:51 - [TEST_STEP][PASSED] - setValueToCellByIndex(sheet01, n, 9, a9): null

07-03-2025T07:10:51 - [TEST_STEP][PASSED] - n = n + 1: null

07-03-2025T07:10:51 - [TEST_STEP][PASSED] - saveWorkbook(excelFilePath, workbook01): null

07-03-2025T07:10:51 - [TEST_STEP][PASSED] - if (run == 3): null

07-03-2025T07:10:51 - [TEST_STEP][PASSED] - closeBrowser(): null

07-03-2025T07:10:52 - [MESSAGE][PASSED] - Browser is closed

07-03-2025T07:10:52 - [TEST_STEP][PASSED] - PrognozPoOtraslyam(user, dashboardName, n, data, run, a1, a2, a3, a4, a5, a6, a7, a8, a9, urlData): null

07-03-2025T07:10:52 - [TEST_STEP][PASSED] - n = data.getRowNumbers() + 1: null

07-03-2025T07:10:52 - [TEST_STEP][PASSED] - println(n): null

07-03-2025T07:10:52 - [TEST_STEP][PASSED] - dashboardName = "Прогноз по отраслям": null

07-03-2025T07:10:52 - [TEST_STEP][PASSED] - openBrowser(""): Browser is opened with url: ''

07-03-2025T07:10:52 - [MESSAGE][INFO] - Starting 'Chrome' driver

07-03-2025T07:10:52 - [MESSAGE][INFO] - Action delay is set to 0 milliseconds

07-03-2025T07:10:53 - [MESSAGE][PASSED] - Browser is opened with url: ''

07-03-2025T07:10:53 - [TEST_STEP][PASSED] - urlData = 6: null

07-03-2025T07:10:53 - [TEST_STEP][PASSED] - Script1686231490255.CheckPageDownload(urlData, run): null

07-03-2025T07:10:53 - [TEST_STEP][PASSED] - i = 1: null

07-03-2025T07:10:53 - [TEST_STEP][PASSED] - ii = 0: null

07-03-2025T07:10:53 - [TEST_STEP][PASSED] - urlText = <not implemented yet for class: org.codehaus.groovy.ast.expr.EmptyExpression>: null

07-03-2025T07:10:53 - [TEST_STEP][PASSED] - searchWord = <not implemented yet for class: org.codehaus.groovy.ast.expr.EmptyExpression>: null

07-03-2025T07:10:53 - [TEST_STEP][PASSED] - deleteAllCookies(): Delete all cookies successfully

07-03-2025T07:10:53 - [MESSAGE][PASSED] - Delete all cookies successfully

07-03-2025T07:10:53 - [TEST_STEP][PASSED] - refresh(): Refresh successfully

07-03-2025T07:10:53 - [MESSAGE][PASSED] - Refresh successfully

07-03-2025T07:10:53 - [TEST_STEP][PASSED] - delay(70): Delayed 70 second(s)

07-03-2025T07:12:03 - [MESSAGE][PASSED] - Delayed 70 second(s)

07-03-2025T07:12:03 - [TEST_STEP][PASSED] - navigateToUrl(findTestData("PlanFact").getValue(10, urlData)): Navigate to 'https://bi.rosseti.digital/viewer?dashboardGuid=d6acb5b1a7114a9791b34de39263106e&sheetGuid=0b6d261d7f7b4424a967aa8f3a724189&fit=true' successfully

07-03-2025T07:12:06 - [MESSAGE][PASSED] - Navigate to 'https://bi.rosseti.digital/viewer?dashboardGuid=d6acb5b1a7114a9791b34de39263106e&sheetGuid=0b6d261d7f7b4424a967aa8f3a724189&fit=true' successfully

07-03-2025T07:12:06 - [TEST_STEP][PASSED] - pageLoaded1 = verifyElementPresent(findTestObject("Страница авторизации/Text"), 30): Object 'Object Repository/Страница авторизации/Text' is present

07-03-2025T07:12:08 - [MESSAGE][PASSED] - Object 'Object Repository/Страница авторизации/Text' is present

07-03-2025T07:12:08 - [TEST_STEP][PASSED] - if (pageLoaded1 == false): null

07-03-2025T07:12:08 - [TEST_STEP][PASSED] - urlText = getText(findTestObject("Страница авторизации/Text")): Text of object 'Object Repository/Страница авторизации/Text' is: 'Вход'

07-03-2025T07:12:08 - [MESSAGE][PASSED] - Text of object 'Object Repository/Страница авторизации/Text' is: 'Вход'

07-03-2025T07:12:08 - [TEST_STEP][PASSED] - delay(70): Delayed 70 second(s)

07-03-2025T07:13:19 - [MESSAGE][PASSED] - Delayed 70 second(s)

07-03-2025T07:13:19 - [TEST_STEP][PASSED] - searchWord = "Вход": null

07-03-2025T07:13:19 - [TEST_STEP][PASSED] - if (urlText.contains(searchWord) == false): null

07-03-2025T07:13:19 - [TEST_STEP][PASSED] - setText(findTestObject("Страница авторизации/input__username"), findTestData("PlanFact").getValue(8, run)): Text 'Petrova-OV' is set on object 'Object Repository/Страница авторизации/input__username'

07-03-2025T07:13:19 - [MESSAGE][PASSED] - Text 'Petrova-OV' is set on object 'Object Repository/Страница авторизации/input__username'

07-03-2025T07:13:19 - [TEST_STEP][PASSED] - setText(findTestObject("Страница авторизации/input__password"), findTestData("PlanFact").getValue(9, run)): Text '4Ex@~R53r&3x&BVe7' is set on object 'Object Repository/Страница авторизации/input__password'

07-03-2025T07:13:20 - [MESSAGE][PASSED] - Text '4Ex@~R53r&3x&BVe7' is set on object 'Object Repository/Страница авторизации/input__password'

07-03-2025T07:13:20 - [TEST_STEP][PASSED] - click(findTestObject("Страница авторизации/button_")): Object: 'Object Repository/Страница авторизации/button_' is clicked on

07-03-2025T07:13:21 - [MESSAGE][PASSED] - Object: 'Object Repository/Страница авторизации/button_' is clicked on

07-03-2025T07:13:21 - [TEST_STEP][PASSED] - delay(70): Delayed 70 second(s)

07-03-2025T07:14:31 - [MESSAGE][PASSED] - Delayed 70 second(s)

07-03-2025T07:14:31 - [TEST_STEP][PASSED] - searchWord = "а": null

07-03-2025T07:14:31 - [TEST_STEP][PASSED] - pageLoaded2 = verifyElementPresent(findTestObject("Страница авторизации/Text"), 50): Object 'Object Repository/Страница авторизации/Text' is present

07-03-2025T07:14:31 - [MESSAGE][PASSED] - Object 'Object Repository/Страница авторизации/Text' is present

07-03-2025T07:14:31 - [TEST_STEP][PASSED] - if (pageLoaded2 == false): null

07-03-2025T07:14:31 - [TEST_STEP][PASSED] - urlText = getText(findTestObject("Страница авторизации/Text")): Text of object 'Object Repository/Страница авторизации/Text' is: 'Год 
2023 год
Сравнение с 
План
Динамика электропотребления, млрд. кВт.ч. по ПАО Россети на 2023 год
10 10
190 190
36 36
14 14
9 9
14 14
4 4
17 17
80 80
19 19
82 82
588 588
10 10
197 197
37 37
48 48
10 10
15 15
4 4
18 18
80 80
19 19
82 82
608 608
План
Ожидаемое (прогноз по конца года)
Интер РАО (дляФСК)
Промышленныепотребители
Транспорт
Нефтедобыча
Нефтепереработка
Нефтепроводы
Газопроводы
Сельскоехозяйство ипищеваяпромышленность
Непромышленныепотребители
Государственные(муниципальные)организации ипрочиебюджетныепотребители
Население иприравненныегруппыпотребителей
Территориальныесетевыеорганизации
Выручка по ПАО Россети на 2023 год
5 5
319 319
81 81
16 16
16 16
20 20
2 2
56 56
215 215
67 67
218 218
239 239
6 6
331 331
82 82
77 77
20 20
20 20
3 3
57 57
220 220
68 68
214 214
258 258
План
Ожидаемое (прогноз по конца года)
Интер РАО (дляФСК)
Промышленныепотребители
Транспорт
Нефтедобыча
Нефтепереработка
Нефтепроводы
Газопроводы
Сельскоехозяйство ипищеваяпромышленность
Непромышленныепотребители
Государственные(муниципальные)организации ипрочиебюджетныепотребители
Население иприравненныегруппыпотребителей
Территориальныесетевыеорганизации
Отклонения по ПАО Россети на 2023 год
-4.7% -4.7%
3.8% 3.8%
1.9% 1.9%
230.3% 230.3%
10.9% 10.9%
4.2% 4.2%
21.7% 21.7%
3.9% 3.9%
-0.6% -0.6%
1.6% 1.6%
-1.0% -1.0%
3.3% 3.3%
⬤ Отклонение, %
Интер РАО (для ФСК)
Промышленные потребители
Транспорт
Нефтедобыча
Нефтепереработка
Нефтепроводы
Газопроводы
Сельское хозяйство и пищевая пр…
Непромышленные потребители
Государственные (муниципальные…
Население и приравненные групп…
Территориальные сетевые органи…
Выручка отклонения по ПАО Россети на 2023 год
15.6% 15.6%
3.8% 3.8%
1.2% 1.2%
398.2% 398.2%
26.9% 26.9%
-0.6% -0.6%
26.9% 26.9%
1.5% 1.5%
2.7% 2.7%
2.0% 2.0%
-2.0% -2.0%
7.9% 7.9%
⬤ Отклонение, %
Интер РАО (для ФСК)
Промышленные потребители
Транспорт
Нефтедобыча
Нефтепереработка
Нефтепроводы
Газопроводы
Сельское хозяйство и пищевая пр…
Непромышленные потребители
Государственные (муниципальные…
Население и приравненные групп…
Территориальные сетевые органи…
абс.
%
Прогноз на месяц 
Ноябрь
КПО/Отпуск из сети 
Отпуск из сети, млн. кВт.ч
Организация 
Все
Прогноз электропотребления и выручки за услуги по передаче в разрезе отраслей'

07-03-2025T07:14:32 - [MESSAGE][PASSED] - Text of object 'Object Repository/Страница авторизации/Text' is: 'Год 
2023 год
Сравнение с 
План
Динамика электропотребления, млрд. кВт.ч. по ПАО Россети на 2023 год
10 10
190 190
36 36
14 14
9 9
14 14
4 4
17 17
80 80
19 19
82 82
588 588
10 10
197 197
37 37
48 48
10 10
15 15
4 4
18 18
80 80
19 19
82 82
608 608
План
Ожидаемое (прогноз по конца года)
Интер РАО (дляФСК)
Промышленныепотребители
Транспорт
Нефтедобыча
Нефтепереработка
Нефтепроводы
Газопроводы
Сельскоехозяйство ипищеваяпромышленность
Непромышленныепотребители
Государственные(муниципальные)организации ипрочиебюджетныепотребители
Население иприравненныегруппыпотребителей
Территориальныесетевыеорганизации
Выручка по ПАО Россети на 2023 год
5 5
319 319
81 81
16 16
16 16
20 20
2 2
56 56
215 215
67 67
218 218
239 239
6 6
331 331
82 82
77 77
20 20
20 20
3 3
57 57
220 220
68 68
214 214
258 258
План
Ожидаемое (прогноз по конца года)
Интер РАО (дляФСК)
Промышленныепотребители
Транспорт
Нефтедобыча
Нефтепереработка
Нефтепроводы
Газопроводы
Сельскоехозяйство ипищеваяпромышленность
Непромышленныепотребители
Государственные(муниципальные)организации ипрочиебюджетныепотребители
Население иприравненныегруппыпотребителей
Территориальныесетевыеорганизации
Отклонения по ПАО Россети на 2023 год
-4.7% -4.7%
3.8% 3.8%
1.9% 1.9%
230.3% 230.3%
10.9% 10.9%
4.2% 4.2%
21.7% 21.7%
3.9% 3.9%
-0.6% -0.6%
1.6% 1.6%
-1.0% -1.0%
3.3% 3.3%
⬤ Отклонение, %
Интер РАО (для ФСК)
Промышленные потребители
Транспорт
Нефтедобыча
Нефтепереработка
Нефтепроводы
Газопроводы
Сельское хозяйство и пищевая пр…
Непромышленные потребители
Государственные (муниципальные…
Население и приравненные групп…
Территориальные сетевые органи…
Выручка отклонения по ПАО Россети на 2023 год
15.6% 15.6%
3.8% 3.8%
1.2% 1.2%
398.2% 398.2%
26.9% 26.9%
-0.6% -0.6%
26.9% 26.9%
1.5% 1.5%
2.7% 2.7%
2.0% 2.0%
-2.0% -2.0%
7.9% 7.9%
⬤ Отклонение, %
Интер РАО (для ФСК)
Промышленные потребители
Транспорт
Нефтедобыча
Нефтепереработка
Нефтепроводы
Газопроводы
Сельское хозяйство и пищевая пр…
Непромышленные потребители
Государственные (муниципальные…
Население и приравненные групп…
Территориальные сетевые органи…
абс.
%
Прогноз на месяц 
Ноябрь
КПО/Отпуск из сети 
Отпуск из сети, млн. кВт.ч
Организация 
Все
Прогноз электропотребления и выручки за услуги по передаче в разрезе отраслей'

07-03-2025T07:14:32 - [TEST_STEP][PASSED] - if (urlText.contains("ошибка") || urlText.contains(searchWord) == false): null

07-03-2025T07:14:32 - [TEST_STEP][PASSED] - a3 = "": null

07-03-2025T07:14:32 - [TEST_STEP][PASSED] - a4 = "": null

07-03-2025T07:14:32 - [TEST_STEP][PASSED] - a5 = "": null

07-03-2025T07:14:32 - [TEST_STEP][PASSED] - a6 = "": null

07-03-2025T07:14:32 - [TEST_STEP][PASSED] - a7 = "": null

07-03-2025T07:14:32 - [TEST_STEP][PASSED] - a8 = "": null

07-03-2025T07:14:32 - [TEST_STEP][PASSED] - a9 = "": null

07-03-2025T07:14:32 - [TEST_STEP][PASSED] - if (run == 1): null

07-03-2025T07:14:32 - [TEST_STEP][PASSED] - if (run == 2): null

07-03-2025T07:14:32 - [TEST_STEP][PASSED] - if (run == 3): null

07-03-2025T07:14:32 - [TEST_STEP][PASSED] - user = "Попова": null

07-03-2025T07:14:32 - [TEST_STEP][PASSED] - a1 = getText(findTestObject("Прогноз по отраслям/Виджеты дашборда")): Text of object 'Object Repository/Прогноз по отраслям/Виджеты дашборда' is: 'Год 
2023 год
Сравнение с 
План
Динамика электропотребления, млрд. кВт.ч. по ПАО Россети на 2023 год
10 10
190 190
36 36
14 14
9 9
14 14
4 4
17 17
80 80
19 19
82 82
588 588
10 10
197 197
37 37
48 48
10 10
15 15
4 4
18 18
80 80
19 19
82 82
608 608
План
Ожидаемое (прогноз по конца года)
Интер РАО (дляФСК)
Промышленныепотребители
Транспорт
Нефтедобыча
Нефтепереработка
Нефтепроводы
Газопроводы
Сельскоехозяйство ипищеваяпромышленность
Непромышленныепотребители
Государственные(муниципальные)организации ипрочиебюджетныепотребители
Население иприравненныегруппыпотребителей
Территориальныесетевыеорганизации
Выручка по ПАО Россети на 2023 год
5 5
319 319
81 81
16 16
16 16
20 20
2 2
56 56
215 215
67 67
218 218
239 239
6 6
331 331
82 82
77 77
20 20
20 20
3 3
57 57
220 220
68 68
214 214
258 258
План
Ожидаемое (прогноз по конца года)
Интер РАО (дляФСК)
Промышленныепотребители
Транспорт
Нефтедобыча
Нефтепереработка
Нефтепроводы
Газопроводы
Сельскоехозяйство ипищеваяпромышленность
Непромышленныепотребители
Государственные(муниципальные)организации ипрочиебюджетныепотребители
Население иприравненныегруппыпотребителей
Территориальныесетевыеорганизации
Отклонения по ПАО Россети на 2023 год
-4.7% -4.7%
3.8% 3.8%
1.9% 1.9%
230.3% 230.3%
10.9% 10.9%
4.2% 4.2%
21.7% 21.7%
3.9% 3.9%
-0.6% -0.6%
1.6% 1.6%
-1.0% -1.0%
3.3% 3.3%
⬤ Отклонение, %
Интер РАО (для ФСК)
Промышленные потребители
Транспорт
Нефтедобыча
Нефтепереработка
Нефтепроводы
Газопроводы
Сельское хозяйство и пищевая пр…
Непромышленные потребители
Государственные (муниципальные…
Население и приравненные групп…
Территориальные сетевые органи…
Выручка отклонения по ПАО Россети на 2023 год
15.6% 15.6%
3.8% 3.8%
1.2% 1.2%
398.2% 398.2%
26.9% 26.9%
-0.6% -0.6%
26.9% 26.9%
1.5% 1.5%
2.7% 2.7%
2.0% 2.0%
-2.0% -2.0%
7.9% 7.9%
⬤ Отклонение, %
Интер РАО (для ФСК)
Промышленные потребители
Транспорт
Нефтедобыча
Нефтепереработка
Нефтепроводы
Газопроводы
Сельское хозяйство и пищевая пр…
Непромышленные потребители
Государственные (муниципальные…
Население и приравненные групп…
Территориальные сетевые органи…
абс.
%
Прогноз на месяц 
Ноябрь
КПО/Отпуск из сети 
Отпуск из сети, млн. кВт.ч
Организация 
Все
Прогноз электропотребления и выручки за услуги по передаче в разрезе отраслей'

07-03-2025T07:14:32 - [MESSAGE][PASSED] - Text of object 'Object Repository/Прогноз по отраслям/Виджеты дашборда' is: 'Год 
2023 год
Сравнение с 
План
Динамика электропотребления, млрд. кВт.ч. по ПАО Россети на 2023 год
10 10
190 190
36 36
14 14
9 9
14 14
4 4
17 17
80 80
19 19
82 82
588 588
10 10
197 197
37 37
48 48
10 10
15 15
4 4
18 18
80 80
19 19
82 82
608 608
План
Ожидаемое (прогноз по конца года)
Интер РАО (дляФСК)
Промышленныепотребители
Транспорт
Нефтедобыча
Нефтепереработка
Нефтепроводы
Газопроводы
Сельскоехозяйство ипищеваяпромышленность
Непромышленныепотребители
Государственные(муниципальные)организации ипрочиебюджетныепотребители
Население иприравненныегруппыпотребителей
Территориальныесетевыеорганизации
Выручка по ПАО Россети на 2023 год
5 5
319 319
81 81
16 16
16 16
20 20
2 2
56 56
215 215
67 67
218 218
239 239
6 6
331 331
82 82
77 77
20 20
20 20
3 3
57 57
220 220
68 68
214 214
258 258
План
Ожидаемое (прогноз по конца года)
Интер РАО (дляФСК)
Промышленныепотребители
Транспорт
Нефтедобыча
Нефтепереработка
Нефтепроводы
Газопроводы
Сельскоехозяйство ипищеваяпромышленность
Непромышленныепотребители
Государственные(муниципальные)организации ипрочиебюджетныепотребители
Население иприравненныегруппыпотребителей
Территориальныесетевыеорганизации
Отклонения по ПАО Россети на 2023 год
-4.7% -4.7%
3.8% 3.8%
1.9% 1.9%
230.3% 230.3%
10.9% 10.9%
4.2% 4.2%
21.7% 21.7%
3.9% 3.9%
-0.6% -0.6%
1.6% 1.6%
-1.0% -1.0%
3.3% 3.3%
⬤ Отклонение, %
Интер РАО (для ФСК)
Промышленные потребители
Транспорт
Нефтедобыча
Нефтепереработка
Нефтепроводы
Газопроводы
Сельское хозяйство и пищевая пр…
Непромышленные потребители
Государственные (муниципальные…
Население и приравненные групп…
Территориальные сетевые органи…
Выручка отклонения по ПАО Россети на 2023 год
15.6% 15.6%
3.8% 3.8%
1.2% 1.2%
398.2% 398.2%
26.9% 26.9%
-0.6% -0.6%
26.9% 26.9%
1.5% 1.5%
2.7% 2.7%
2.0% 2.0%
-2.0% -2.0%
7.9% 7.9%
⬤ Отклонение, %
Интер РАО (для ФСК)
Промышленные потребители
Транспорт
Нефтедобыча
Нефтепереработка
Нефтепроводы
Газопроводы
Сельское хозяйство и пищевая пр…
Непромышленные потребители
Государственные (муниципальные…
Население и приравненные групп…
Территориальные сетевые органи…
абс.
%
Прогноз на месяц 
Ноябрь
КПО/Отпуск из сети 
Отпуск из сети, млн. кВт.ч
Организация 
Все
Прогноз электропотребления и выручки за услуги по передаче в разрезе отраслей'

07-03-2025T07:14:32 - [TEST_STEP][PASSED] - click(findTestObject("Прогноз по отраслям/Переключить отображение с процентов на абс Блок руководителя")): Object: 'Object Repository/Прогноз по отраслям/Переключить отображение с процентов на абс Блок руководителя' is clicked on

07-03-2025T07:14:33 - [MESSAGE][PASSED] - Object: 'Object Repository/Прогноз по отраслям/Переключить отображение с процентов на абс Блок руководителя' is clicked on

07-03-2025T07:14:33 - [TEST_STEP][PASSED] - a2 = getText(findTestObject("Прогноз по отраслям/Виджеты дашборда")): Text of object 'Object Repository/Прогноз по отраслям/Виджеты дашборда' is: 'Год 
2023 год
Сравнение с 
План
Отклонения по ПАО Россети на 2023 год
-492.2 -492.2
7 165.1 7 165.1
689.3 689.3
33 271.7 33 271.7
986.4 986.4
593.8 593.8
764.0 764.0
670.4 670.4
-592.4 -592.4
308.8 308.8
-940.9 -940.9
19 604.1 19 604.1
⬤ Отклонение, млн. кВт.ч
Интер РАО (для ФСК)
Промышленные потребители
Транспорт
Нефтедобыча
Нефтепереработка
Нефтепроводы
Газопроводы
Сельское хозяйство и пищевая пр…
Непромышленные потребители
Государственные (муниципальные…
Население и приравненные групп…
Территориальные сетевые органи…
Выручка отклонения по ПАО Россети на 2023 год
794.9 794.9
12 195.0 12 195.0
972.7 972.7
61 803.9 61 803.9
4 222.3 4 222.3
-121.8 -121.8
666.2 666.2
873.2 873.2
5 809.6 5 809.6
1 342.6 1 342.6
-4 463.2 -4 463.2
18 375.5 18 375.5
⬤ Отклонение, млн. руб.
Интер РАО (для ФСК)
Промышленные потребители
Транспорт
Нефтедобыча
Нефтепереработка
Нефтепроводы
Газопроводы
Сельское хозяйство и пищевая пр…
Непромышленные потребители
Государственные (муниципальные…
Население и приравненные групп…
Территориальные сетевые органи…
Динамика электропотребления, млрд. кВт.ч. по ПАО Россети на 2023 год
10 10
190 190
36 36
14 14
9 9
14 14
4 4
17 17
80 80
19 19
82 82
588 588
10 10
197 197
37 37
48 48
10 10
15 15
4 4
18 18
80 80
19 19
82 82
608 608
План
Ожидаемое (прогноз по конца года)
Интер РАО (дляФСК)
Промышленныепотребители
Транспорт
Нефтедобыча
Нефтепереработка
Нефтепроводы
Газопроводы
Сельскоехозяйство ипищеваяпромышленность
Непромышленныепотребители
Государственные(муниципальные)организации ипрочиебюджетныепотребители
Население иприравненныегруппыпотребителей
Территориальныесетевыеорганизации
Выручка по ПАО Россети на 2023 год
5 5
319 319
81 81
16 16
16 16
20 20
2 2
56 56
215 215
67 67
218 218
239 239
6 6
331 331
82 82
77 77
20 20
20 20
3 3
57 57
220 220
68 68
214 214
258 258
План
Ожидаемое (прогноз по конца года)
Интер РАО (дляФСК)
Промышленныепотребители
Транспорт
Нефтедобыча
Нефтепереработка
Нефтепроводы
Газопроводы
Сельскоехозяйство ипищеваяпромышленность
Непромышленныепотребители
Государственные(муниципальные)организации ипрочиебюджетныепотребители
Население иприравненныегруппыпотребителей
Территориальныесетевыеорганизации
абс.
%
Прогноз на месяц 
Ноябрь
КПО/Отпуск из сети 
Отпуск из сети, млн. кВт.ч
Организация 
Все
Прогноз электропотребления и выручки за услуги по передаче в разрезе отраслей'

07-03-2025T07:14:33 - [MESSAGE][PASSED] - Text of object 'Object Repository/Прогноз по отраслям/Виджеты дашборда' is: 'Год 
2023 год
Сравнение с 
План
Отклонения по ПАО Россети на 2023 год
-492.2 -492.2
7 165.1 7 165.1
689.3 689.3
33 271.7 33 271.7
986.4 986.4
593.8 593.8
764.0 764.0
670.4 670.4
-592.4 -592.4
308.8 308.8
-940.9 -940.9
19 604.1 19 604.1
⬤ Отклонение, млн. кВт.ч
Интер РАО (для ФСК)
Промышленные потребители
Транспорт
Нефтедобыча
Нефтепереработка
Нефтепроводы
Газопроводы
Сельское хозяйство и пищевая пр…
Непромышленные потребители
Государственные (муниципальные…
Население и приравненные групп…
Территориальные сетевые органи…
Выручка отклонения по ПАО Россети на 2023 год
794.9 794.9
12 195.0 12 195.0
972.7 972.7
61 803.9 61 803.9
4 222.3 4 222.3
-121.8 -121.8
666.2 666.2
873.2 873.2
5 809.6 5 809.6
1 342.6 1 342.6
-4 463.2 -4 463.2
18 375.5 18 375.5
⬤ Отклонение, млн. руб.
Интер РАО (для ФСК)
Промышленные потребители
Транспорт
Нефтедобыча
Нефтепереработка
Нефтепроводы
Газопроводы
Сельское хозяйство и пищевая пр…
Непромышленные потребители
Государственные (муниципальные…
Население и приравненные групп…
Территориальные сетевые органи…
Динамика электропотребления, млрд. кВт.ч. по ПАО Россети на 2023 год
10 10
190 190
36 36
14 14
9 9
14 14
4 4
17 17
80 80
19 19
82 82
588 588
10 10
197 197
37 37
48 48
10 10
15 15
4 4
18 18
80 80
19 19
82 82
608 608
План
Ожидаемое (прогноз по конца года)
Интер РАО (дляФСК)
Промышленныепотребители
Транспорт
Нефтедобыча
Нефтепереработка
Нефтепроводы
Газопроводы
Сельскоехозяйство ипищеваяпромышленность
Непромышленныепотребители
Государственные(муниципальные)организации ипрочиебюджетныепотребители
Население иприравненныегруппыпотребителей
Территориальныесетевыеорганизации
Выручка по ПАО Россети на 2023 год
5 5
319 319
81 81
16 16
16 16
20 20
2 2
56 56
215 215
67 67
218 218
239 239
6 6
331 331
82 82
77 77
20 20
20 20
3 3
57 57
220 220
68 68
214 214
258 258
План
Ожидаемое (прогноз по конца года)
Интер РАО (дляФСК)
Промышленныепотребители
Транспорт
Нефтедобыча
Нефтепереработка
Нефтепроводы
Газопроводы
Сельскоехозяйство ипищеваяпромышленность
Непромышленныепотребители
Государственные(муниципальные)организации ипрочиебюджетныепотребители
Население иприравненныегруппыпотребителей
Территориальныесетевыеорганизации
абс.
%
Прогноз на месяц 
Ноябрь
КПО/Отпуск из сети 
Отпуск из сети, млн. кВт.ч
Организация 
Все
Прогноз электропотребления и выручки за услуги по передаче в разрезе отраслей'

07-03-2025T07:14:33 - [TEST_STEP][PASSED] - click(findTestObject("Прогноз по отраслям/Переключить отображение с абс на проценты")): Object: 'Object Repository/Прогноз по отраслям/Переключить отображение с абс на проценты' is clicked on

07-03-2025T07:14:34 - [MESSAGE][PASSED] - Object: 'Object Repository/Прогноз по отраслям/Переключить отображение с абс на проценты' is clicked on

07-03-2025T07:14:34 - [TEST_STEP][PASSED] - i = a1.indexOf("млрд. кВт.ч."): null

07-03-2025T07:14:34 - [TEST_STEP][PASSED] - if (i > -1): null

07-03-2025T07:14:34 - [TEST_STEP][PASSED] - a1 = a1.substring(0, i) + a1.substring(i + 12, a1.length()): null

07-03-2025T07:14:34 - [TEST_STEP][PASSED] - i = a1.indexOf("Выручка, млрд. руб."): null

07-03-2025T07:14:34 - [TEST_STEP][PASSED] - if (i > -1): null

07-03-2025T07:14:34 - [TEST_STEP][PASSED] - i = a1.indexOf("Выручка"): null

07-03-2025T07:14:34 - [TEST_STEP][PASSED] - if (i > -1): null

07-03-2025T07:14:34 - [TEST_STEP][PASSED] - a1 = a1.substring(0, i) + a1.substring(i + 8, a1.length()): null

07-03-2025T07:14:34 - [TEST_STEP][PASSED] - i = a1.indexOf("по ПАО Россети на 2023 год"): null

07-03-2025T07:14:34 - [TEST_STEP][PASSED] - if (i > -1): null

07-03-2025T07:14:34 - [TEST_STEP][PASSED] - a1 = a1.substring(0, i) + a1.substring(i + 27, a1.length()): null

07-03-2025T07:14:34 - [TEST_STEP][PASSED] - i = a1.indexOf("Отклонения"): null

07-03-2025T07:14:34 - [TEST_STEP][PASSED] - if (i > -1): null

07-03-2025T07:14:34 - [TEST_STEP][PASSED] - a1 = a1.substring(0, i) + a1.substring(i + 11, a1.length()): null

07-03-2025T07:14:34 - [TEST_STEP][PASSED] - i = a1.indexOf("по ПАО Россети на 2023 год"): null

07-03-2025T07:14:34 - [TEST_STEP][PASSED] - if (i > -1): null

07-03-2025T07:14:34 - [TEST_STEP][PASSED] - a1 = a1.substring(0, i) + a1.substring(i + 27, a1.length()): null

07-03-2025T07:14:34 - [TEST_STEP][PASSED] - i = a1.indexOf("по ПАО Россети на 2023 год"): null

07-03-2025T07:14:34 - [TEST_STEP][PASSED] - if (i > -1): null

07-03-2025T07:14:34 - [TEST_STEP][PASSED] - a1 = a1.substring(0, i) + a1.substring(i + 27, a1.length()): null

07-03-2025T07:14:34 - [TEST_STEP][PASSED] - println(a1): null

07-03-2025T07:14:34 - [TEST_STEP][PASSED] - n = n + 35: null

07-03-2025T07:14:34 - [TEST_STEP][PASSED] - b = n - run + 1: null

07-03-2025T07:14:34 - [TEST_STEP][PASSED] - verifyEqual(findTestData("PlanFact").getValue(2, b), a1): Actual object 'Год 
2023 год
Сравнение с 
План
Динамика электропотребления,  10 10
190 190
36 36
14 14
9 9
14 14
4 4
17 17
80 80
19 19
82 82
588 588
10 10
197 197
37 37
48 48
10 10
15 15
4 4
18 18
80 80
19 19
82 82
608 608
План
Ожидаемое (прогноз по конца года)
Интер РАО (дляФСК)
Промышленныепотребители
Транспорт
Нефтедобыча
Нефтепереработка
Нефтепроводы
Газопроводы
Сельскоехозяйство ипищеваяпромышленность
Непромышленныепотребители
Государственные(муниципальные)организации ипрочиебюджетныепотребители
Население иприравненныегруппыпотребителей
Территориальныесетевыеорганизации
5 5
319 319
81 81
16 16
16 16
20 20
2 2
56 56
215 215
67 67
218 218
239 239
6 6
331 331
82 82
77 77
20 20
20 20
3 3
57 57
220 220
68 68
214 214
258 258
План
Ожидаемое (прогноз по конца года)
Интер РАО (дляФСК)
Промышленныепотребители
Транспорт
Нефтедобыча
Нефтепереработка
Нефтепроводы
Газопроводы
Сельскоехозяйство ипищеваяпромышленность
Непромышленныепотребители
Государственные(муниципальные)организации ипрочиебюджетныепотребители
Население иприравненныегруппыпотребителей
Территориальныесетевыеорганизации
-4.7% -4.7%
3.8% 3.8%
1.9% 1.9%
230.3% 230.3%
10.9% 10.9%
4.2% 4.2%
21.7% 21.7%
3.9% 3.9%
-0.6% -0.6%
1.6% 1.6%
-1.0% -1.0%
3.3% 3.3%
⬤ Отклонение, %
Интер РАО (для ФСК)
Промышленные потребители
Транспорт
Нефтедобыча
Нефтепереработка
Нефтепроводы
Газопроводы
Сельское хозяйство и пищевая пр…
Непромышленные потребители
Государственные (муниципальные…
Население и приравненные групп…
Территориальные сетевые органи…
Выручка отклонения по ПАО Россети на 2023 год
15.6% 15.6%
3.8% 3.8%
1.2% 1.2%
398.2% 398.2%
26.9% 26.9%
-0.6% -0.6%
26.9% 26.9%
1.5% 1.5%
2.7% 2.7%
2.0% 2.0%
-2.0% -2.0%
7.9% 7.9%
⬤ Отклонение, %
Интер РАО (для ФСК)
Промышленные потребители
Транспорт
Нефтедобыча
Нефтепереработка
Нефтепроводы
Газопроводы
Сельское хозяйство и пищевая пр…
Непромышленные потребители
Государственные (муниципальные…
Население и приравненные групп…
Территориальные сетевые органи…
абс.
%
Прогноз на месяц 
Ноябрь
КПО/Отпуск из сети 
Отпуск из сети, млн. кВт.ч
Организация 
Все
Прогноз электропотребления и выручки за услуги по передаче в разрезе отраслей' and expected object 'Год 
2023 год
Сравнение с 
План
Динамика электропотребления,  10 10
190 190
36 36
14 14
9 9
14 14
4 4
17 17
80 80
19 19
82 82
588 588
10 10
197 197
37 37
48 48
10 10
15 15
4 4
18 18
80 80
19 19
82 82
608 608
План
Ожидаемое (прогноз по конца года)
Интер РАО (дляФСК)
Промышленныепотребители
Транспорт
Нефтедобыча
Нефтепереработка
Нефтепроводы
Газопроводы
Сельскоехозяйство ипищеваяпромышленность
Непромышленныепотребители
Государственные(муниципальные)организации ипрочиебюджетныепотребители
Население иприравненныегруппыпотребителей
Территориальныесетевыеорганизации
5 5
319 319
81 81
16 16
16 16
20 20
2 2
56 56
215 215
67 67
218 218
239 239
6 6
331 331
82 82
77 77
20 20
20 20
3 3
57 57
220 220
68 68
214 214
258 258
План
Ожидаемое (прогноз по конца года)
Интер РАО (дляФСК)
Промышленныепотребители
Транспорт
Нефтедобыча
Нефтепереработка
Нефтепроводы
Газопроводы
Сельскоехозяйство ипищеваяпромышленность
Непромышленныепотребители
Государственные(муниципальные)организации ипрочиебюджетныепотребители
Население иприравненныегруппыпотребителей
Территориальныесетевыеорганизации
-4.7% -4.7%
3.8% 3.8%
1.9% 1.9%
230.3% 230.3%
10.9% 10.9%
4.2% 4.2%
21.7% 21.7%
3.9% 3.9%
-0.6% -0.6%
1.6% 1.6%
-1.0% -1.0%
3.3% 3.3%
⬤ Отклонение, %
Интер РАО (для ФСК)
Промышленные потребители
Транспорт
Нефтедобыча
Нефтепереработка
Нефтепроводы
Газопроводы
Сельское хозяйство и пищевая пр…
Непромышленные потребители
Государственные (муниципальные…
Население и приравненные групп…
Территориальные сетевые органи…
Выручка отклонения по ПАО Россети на 2023 год
15.6% 15.6%
3.8% 3.8%
1.2% 1.2%
398.2% 398.2%
26.9% 26.9%
-0.6% -0.6%
26.9% 26.9%
1.5% 1.5%
2.7% 2.7%
2.0% 2.0%
-2.0% -2.0%
7.9% 7.9%
⬤ Отклонение, %
Интер РАО (для ФСК)
Промышленные потребители
Транспорт
Нефтедобыча
Нефтепереработка
Нефтепроводы
Газопроводы
Сельское хозяйство и пищевая пр…
Непромышленные потребители
Государственные (муниципальные…
Население и приравненные групп…
Территориальные сетевые органи…
абс.
%
Прогноз на месяц 
Ноябрь
КПО/Отпуск из сети 
Отпуск из сети, млн. кВт.ч
Организация 
Все
Прогноз электропотребления и выручки за услуги по передаче в разрезе отраслей' are equal

07-03-2025T07:14:34 - [MESSAGE][PASSED] - Actual object 'Год 
2023 год
Сравнение с 
План
Динамика электропотребления,  10 10
190 190
36 36
14 14
9 9
14 14
4 4
17 17
80 80
19 19
82 82
588 588
10 10
197 197
37 37
48 48
10 10
15 15
4 4
18 18
80 80
19 19
82 82
608 608
План
Ожидаемое (прогноз по конца года)
Интер РАО (дляФСК)
Промышленныепотребители
Транспорт
Нефтедобыча
Нефтепереработка
Нефтепроводы
Газопроводы
Сельскоехозяйство ипищеваяпромышленность
Непромышленныепотребители
Государственные(муниципальные)организации ипрочиебюджетныепотребители
Население иприравненныегруппыпотребителей
Территориальныесетевыеорганизации
5 5
319 319
81 81
16 16
16 16
20 20
2 2
56 56
215 215
67 67
218 218
239 239
6 6
331 331
82 82
77 77
20 20
20 20
3 3
57 57
220 220
68 68
214 214
258 258
План
Ожидаемое (прогноз по конца года)
Интер РАО (дляФСК)
Промышленныепотребители
Транспорт
Нефтедобыча
Нефтепереработка
Нефтепроводы
Газопроводы
Сельскоехозяйство ипищеваяпромышленность
Непромышленныепотребители
Государственные(муниципальные)организации ипрочиебюджетныепотребители
Население иприравненныегруппыпотребителей
Территориальныесетевыеорганизации
-4.7% -4.7%
3.8% 3.8%
1.9% 1.9%
230.3% 230.3%
10.9% 10.9%
4.2% 4.2%
21.7% 21.7%
3.9% 3.9%
-0.6% -0.6%
1.6% 1.6%
-1.0% -1.0%
3.3% 3.3%
⬤ Отклонение, %
Интер РАО (для ФСК)
Промышленные потребители
Транспорт
Нефтедобыча
Нефтепереработка
Нефтепроводы
Газопроводы
Сельское хозяйство и пищевая пр…
Непромышленные потребители
Государственные (муниципальные…
Население и приравненные групп…
Территориальные сетевые органи…
Выручка отклонения по ПАО Россети на 2023 год
15.6% 15.6%
3.8% 3.8%
1.2% 1.2%
398.2% 398.2%
26.9% 26.9%
-0.6% -0.6%
26.9% 26.9%
1.5% 1.5%
2.7% 2.7%
2.0% 2.0%
-2.0% -2.0%
7.9% 7.9%
⬤ Отклонение, %
Интер РАО (для ФСК)
Промышленные потребители
Транспорт
Нефтедобыча
Нефтепереработка
Нефтепроводы
Газопроводы
Сельское хозяйство и пищевая пр…
Непромышленные потребители
Государственные (муниципальные…
Население и приравненные групп…
Территориальные сетевые органи…
абс.
%
Прогноз на месяц 
Ноябрь
КПО/Отпуск из сети 
Отпуск из сети, млн. кВт.ч
Организация 
Все
Прогноз электропотребления и выручки за услуги по передаче в разрезе отраслей' and expected object 'Год 
2023 год
Сравнение с 
План
Динамика электропотребления,  10 10
190 190
36 36
14 14
9 9
14 14
4 4
17 17
80 80
19 19
82 82
588 588
10 10
197 197
37 37
48 48
10 10
15 15
4 4
18 18
80 80
19 19
82 82
608 608
План
Ожидаемое (прогноз по конца года)
Интер РАО (дляФСК)
Промышленныепотребители
Транспорт
Нефтедобыча
Нефтепереработка
Нефтепроводы
Газопроводы
Сельскоехозяйство ипищеваяпромышленность
Непромышленныепотребители
Государственные(муниципальные)организации ипрочиебюджетныепотребители
Население иприравненныегруппыпотребителей
Территориальныесетевыеорганизации
5 5
319 319
81 81
16 16
16 16
20 20
2 2
56 56
215 215
67 67
218 218
239 239
6 6
331 331
82 82
77 77
20 20
20 20
3 3
57 57
220 220
68 68
214 214
258 258
План
Ожидаемое (прогноз по конца года)
Интер РАО (дляФСК)
Промышленныепотребители
Транспорт
Нефтедобыча
Нефтепереработка
Нефтепроводы
Газопроводы
Сельскоехозяйство ипищеваяпромышленность
Непромышленныепотребители
Государственные(муниципальные)организации ипрочиебюджетныепотребители
Население иприравненныегруппыпотребителей
Территориальныесетевыеорганизации
-4.7% -4.7%
3.8% 3.8%
1.9% 1.9%
230.3% 230.3%
10.9% 10.9%
4.2% 4.2%
21.7% 21.7%
3.9% 3.9%
-0.6% -0.6%
1.6% 1.6%
-1.0% -1.0%
3.3% 3.3%
⬤ Отклонение, %
Интер РАО (для ФСК)
Промышленные потребители
Транспорт
Нефтедобыча
Нефтепереработка
Нефтепроводы
Газопроводы
Сельское хозяйство и пищевая пр…
Непромышленные потребители
Государственные (муниципальные…
Население и приравненные групп…
Территориальные сетевые органи…
Выручка отклонения по ПАО Россети на 2023 год
15.6% 15.6%
3.8% 3.8%
1.2% 1.2%
398.2% 398.2%
26.9% 26.9%
-0.6% -0.6%
26.9% 26.9%
1.5% 1.5%
2.7% 2.7%
2.0% 2.0%
-2.0% -2.0%
7.9% 7.9%
⬤ Отклонение, %
Интер РАО (для ФСК)
Промышленные потребители
Транспорт
Нефтедобыча
Нефтепереработка
Нефтепроводы
Газопроводы
Сельское хозяйство и пищевая пр…
Непромышленные потребители
Государственные (муниципальные…
Население и приравненные групп…
Территориальные сетевые органи…
абс.
%
Прогноз на месяц 
Ноябрь
КПО/Отпуск из сети 
Отпуск из сети, млн. кВт.ч
Организация 
Все
Прогноз электропотребления и выручки за услуги по передаче в разрезе отраслей' are equal

07-03-2025T07:14:34 - [TEST_STEP][PASSED] - verifyEqual(findTestData("PlanFact").getValue(3, b), a2): Actual object 'Год 
2023 год
Сравнение с 
План
Отклонения по ПАО Россети на 2023 год
-492.2 -492.2
7 165.1 7 165.1
689.3 689.3
33 271.7 33 271.7
986.4 986.4
593.8 593.8
764.0 764.0
670.4 670.4
-592.4 -592.4
308.8 308.8
-940.9 -940.9
19 604.1 19 604.1
⬤ Отклонение, млн. кВт.ч
Интер РАО (для ФСК)
Промышленные потребители
Транспорт
Нефтедобыча
Нефтепереработка
Нефтепроводы
Газопроводы
Сельское хозяйство и пищевая пр…
Непромышленные потребители
Государственные (муниципальные…
Население и приравненные групп…
Территориальные сетевые органи…
Выручка отклонения по ПАО Россети на 2023 год
794.9 794.9
12 195.0 12 195.0
972.7 972.7
61 803.9 61 803.9
4 222.3 4 222.3
-121.8 -121.8
666.2 666.2
873.2 873.2
5 809.6 5 809.6
1 342.6 1 342.6
-4 463.2 -4 463.2
18 375.5 18 375.5
⬤ Отклонение, млн. руб.
Интер РАО (для ФСК)
Промышленные потребители
Транспорт
Нефтедобыча
Нефтепереработка
Нефтепроводы
Газопроводы
Сельское хозяйство и пищевая пр…
Непромышленные потребители
Государственные (муниципальные…
Население и приравненные групп…
Территориальные сетевые органи…
Динамика электропотребления, млрд. кВт.ч. по ПАО Россети на 2023 год
10 10
190 190
36 36
14 14
9 9
14 14
4 4
17 17
80 80
19 19
82 82
588 588
10 10
197 197
37 37
48 48
10 10
15 15
4 4
18 18
80 80
19 19
82 82
608 608
План
Ожидаемое (прогноз по конца года)
Интер РАО (дляФСК)
Промышленныепотребители
Транспорт
Нефтедобыча
Нефтепереработка
Нефтепроводы
Газопроводы
Сельскоехозяйство ипищеваяпромышленность
Непромышленныепотребители
Государственные(муниципальные)организации ипрочиебюджетныепотребители
Население иприравненныегруппыпотребителей
Территориальныесетевыеорганизации
Выручка по ПАО Россети на 2023 год
5 5
319 319
81 81
16 16
16 16
20 20
2 2
56 56
215 215
67 67
218 218
239 239
6 6
331 331
82 82
77 77
20 20
20 20
3 3
57 57
220 220
68 68
214 214
258 258
План
Ожидаемое (прогноз по конца года)
Интер РАО (дляФСК)
Промышленныепотребители
Транспорт
Нефтедобыча
Нефтепереработка
Нефтепроводы
Газопроводы
Сельскоехозяйство ипищеваяпромышленность
Непромышленныепотребители
Государственные(муниципальные)организации ипрочиебюджетныепотребители
Население иприравненныегруппыпотребителей
Территориальныесетевыеорганизации
абс.
%
Прогноз на месяц 
Ноябрь
КПО/Отпуск из сети 
Отпуск из сети, млн. кВт.ч
Организация 
Все
Прогноз электропотребления и выручки за услуги по передаче в разрезе отраслей' and expected object 'Год 
2023 год
Сравнение с 
План
Отклонения по ПАО Россети на 2023 год
-492.2 -492.2
7 165.1 7 165.1
689.3 689.3
33 271.7 33 271.7
986.4 986.4
593.8 593.8
764.0 764.0
670.4 670.4
-592.4 -592.4
308.8 308.8
-940.9 -940.9
19 604.1 19 604.1
⬤ Отклонение, млн. кВт.ч
Интер РАО (для ФСК)
Промышленные потребители
Транспорт
Нефтедобыча
Нефтепереработка
Нефтепроводы
Газопроводы
Сельское хозяйство и пищевая пр…
Непромышленные потребители
Государственные (муниципальные…
Население и приравненные групп…
Территориальные сетевые органи…
Выручка отклонения по ПАО Россети на 2023 год
794.9 794.9
12 195.0 12 195.0
972.7 972.7
61 803.9 61 803.9
4 222.3 4 222.3
-121.8 -121.8
666.2 666.2
873.2 873.2
5 809.6 5 809.6
1 342.6 1 342.6
-4 463.2 -4 463.2
18 375.5 18 375.5
⬤ Отклонение, млн. руб.
Интер РАО (для ФСК)
Промышленные потребители
Транспорт
Нефтедобыча
Нефтепереработка
Нефтепроводы
Газопроводы
Сельское хозяйство и пищевая пр…
Непромышленные потребители
Государственные (муниципальные…
Население и приравненные групп…
Территориальные сетевые органи…
Динамика электропотребления, млрд. кВт.ч. по ПАО Россети на 2023 год
10 10
190 190
36 36
14 14
9 9
14 14
4 4
17 17
80 80
19 19
82 82
588 588
10 10
197 197
37 37
48 48
10 10
15 15
4 4
18 18
80 80
19 19
82 82
608 608
План
Ожидаемое (прогноз по конца года)
Интер РАО (дляФСК)
Промышленныепотребители
Транспорт
Нефтедобыча
Нефтепереработка
Нефтепроводы
Газопроводы
Сельскоехозяйство ипищеваяпромышленность
Непромышленныепотребители
Государственные(муниципальные)организации ипрочиебюджетныепотребители
Население иприравненныегруппыпотребителей
Территориальныесетевыеорганизации
Выручка по ПАО Россети на 2023 год
5 5
319 319
81 81
16 16
16 16
20 20
2 2
56 56
215 215
67 67
218 218
239 239
6 6
331 331
82 82
77 77
20 20
20 20
3 3
57 57
220 220
68 68
214 214
258 258
План
Ожидаемое (прогноз по конца года)
Интер РАО (дляФСК)
Промышленныепотребители
Транспорт
Нефтедобыча
Нефтепереработка
Нефтепроводы
Газопроводы
Сельскоехозяйство ипищеваяпромышленность
Непромышленныепотребители
Государственные(муниципальные)организации ипрочиебюджетныепотребители
Население иприравненныегруппыпотребителей
Территориальныесетевыеорганизации
абс.
%
Прогноз на месяц 
Ноябрь
КПО/Отпуск из сети 
Отпуск из сети, млн. кВт.ч
Организация 
Все
Прогноз электропотребления и выручки за услуги по передаче в разрезе отраслей' are equal

07-03-2025T07:14:34 - [MESSAGE][PASSED] - Actual object 'Год 
2023 год
Сравнение с 
План
Отклонения по ПАО Россети на 2023 год
-492.2 -492.2
7 165.1 7 165.1
689.3 689.3
33 271.7 33 271.7
986.4 986.4
593.8 593.8
764.0 764.0
670.4 670.4
-592.4 -592.4
308.8 308.8
-940.9 -940.9
19 604.1 19 604.1
⬤ Отклонение, млн. кВт.ч
Интер РАО (для ФСК)
Промышленные потребители
Транспорт
Нефтедобыча
Нефтепереработка
Нефтепроводы
Газопроводы
Сельское хозяйство и пищевая пр…
Непромышленные потребители
Государственные (муниципальные…
Население и приравненные групп…
Территориальные сетевые органи…
Выручка отклонения по ПАО Россети на 2023 год
794.9 794.9
12 195.0 12 195.0
972.7 972.7
61 803.9 61 803.9
4 222.3 4 222.3
-121.8 -121.8
666.2 666.2
873.2 873.2
5 809.6 5 809.6
1 342.6 1 342.6
-4 463.2 -4 463.2
18 375.5 18 375.5
⬤ Отклонение, млн. руб.
Интер РАО (для ФСК)
Промышленные потребители
Транспорт
Нефтедобыча
Нефтепереработка
Нефтепроводы
Газопроводы
Сельское хозяйство и пищевая пр…
Непромышленные потребители
Государственные (муниципальные…
Население и приравненные групп…
Территориальные сетевые органи…
Динамика электропотребления, млрд. кВт.ч. по ПАО Россети на 2023 год
10 10
190 190
36 36
14 14
9 9
14 14
4 4
17 17
80 80
19 19
82 82
588 588
10 10
197 197
37 37
48 48
10 10
15 15
4 4
18 18
80 80
19 19
82 82
608 608
План
Ожидаемое (прогноз по конца года)
Интер РАО (дляФСК)
Промышленныепотребители
Транспорт
Нефтедобыча
Нефтепереработка
Нефтепроводы
Газопроводы
Сельскоехозяйство ипищеваяпромышленность
Непромышленныепотребители
Государственные(муниципальные)организации ипрочиебюджетныепотребители
Население иприравненныегруппыпотребителей
Территориальныесетевыеорганизации
Выручка по ПАО Россети на 2023 год
5 5
319 319
81 81
16 16
16 16
20 20
2 2
56 56
215 215
67 67
218 218
239 239
6 6
331 331
82 82
77 77
20 20
20 20
3 3
57 57
220 220
68 68
214 214
258 258
План
Ожидаемое (прогноз по конца года)
Интер РАО (дляФСК)
Промышленныепотребители
Транспорт
Нефтедобыча
Нефтепереработка
Нефтепроводы
Газопроводы
Сельскоехозяйство ипищеваяпромышленность
Непромышленныепотребители
Государственные(муниципальные)организации ипрочиебюджетныепотребители
Население иприравненныегруппыпотребителей
Территориальныесетевыеорганизации
абс.
%
Прогноз на месяц 
Ноябрь
КПО/Отпуск из сети 
Отпуск из сети, млн. кВт.ч
Организация 
Все
Прогноз электропотребления и выручки за услуги по передаче в разрезе отраслей' and expected object 'Год 
2023 год
Сравнение с 
План
Отклонения по ПАО Россети на 2023 год
-492.2 -492.2
7 165.1 7 165.1
689.3 689.3
33 271.7 33 271.7
986.4 986.4
593.8 593.8
764.0 764.0
670.4 670.4
-592.4 -592.4
308.8 308.8
-940.9 -940.9
19 604.1 19 604.1
⬤ Отклонение, млн. кВт.ч
Интер РАО (для ФСК)
Промышленные потребители
Транспорт
Нефтедобыча
Нефтепереработка
Нефтепроводы
Газопроводы
Сельское хозяйство и пищевая пр…
Непромышленные потребители
Государственные (муниципальные…
Население и приравненные групп…
Территориальные сетевые органи…
Выручка отклонения по ПАО Россети на 2023 год
794.9 794.9
12 195.0 12 195.0
972.7 972.7
61 803.9 61 803.9
4 222.3 4 222.3
-121.8 -121.8
666.2 666.2
873.2 873.2
5 809.6 5 809.6
1 342.6 1 342.6
-4 463.2 -4 463.2
18 375.5 18 375.5
⬤ Отклонение, млн. руб.
Интер РАО (для ФСК)
Промышленные потребители
Транспорт
Нефтедобыча
Нефтепереработка
Нефтепроводы
Газопроводы
Сельское хозяйство и пищевая пр…
Непромышленные потребители
Государственные (муниципальные…
Население и приравненные групп…
Территориальные сетевые органи…
Динамика электропотребления, млрд. кВт.ч. по ПАО Россети на 2023 год
10 10
190 190
36 36
14 14
9 9
14 14
4 4
17 17
80 80
19 19
82 82
588 588
10 10
197 197
37 37
48 48
10 10
15 15
4 4
18 18
80 80
19 19
82 82
608 608
План
Ожидаемое (прогноз по конца года)
Интер РАО (дляФСК)
Промышленныепотребители
Транспорт
Нефтедобыча
Нефтепереработка
Нефтепроводы
Газопроводы
Сельскоехозяйство ипищеваяпромышленность
Непромышленныепотребители
Государственные(муниципальные)организации ипрочиебюджетныепотребители
Население иприравненныегруппыпотребителей
Территориальныесетевыеорганизации
Выручка по ПАО Россети на 2023 год
5 5
319 319
81 81
16 16
16 16
20 20
2 2
56 56
215 215
67 67
218 218
239 239
6 6
331 331
82 82
77 77
20 20
20 20
3 3
57 57
220 220
68 68
214 214
258 258
План
Ожидаемое (прогноз по конца года)
Интер РАО (дляФСК)
Промышленныепотребители
Транспорт
Нефтедобыча
Нефтепереработка
Нефтепроводы
Газопроводы
Сельскоехозяйство ипищеваяпромышленность
Непромышленныепотребители
Государственные(муниципальные)организации ипрочиебюджетныепотребители
Население иприравненныегруппыпотребителей
Территориальныесетевыеорганизации
абс.
%
Прогноз на месяц 
Ноябрь
КПО/Отпуск из сети 
Отпуск из сети, млн. кВт.ч
Организация 
Все
Прогноз электропотребления и выручки за услуги по передаче в разрезе отраслей' are equal

07-03-2025T07:14:34 - [TEST_STEP][PASSED] - Script1686231490255.WriteToExcel(user, dashboardName, n, data, run, a1, a2, a3, a4, a5, a6, a7, a8, a9): null

07-03-2025T07:14:34 - [TEST_STEP][PASSED] - sheetName = "Sheet1": null

07-03-2025T07:14:34 - [TEST_STEP][PASSED] - workbook01 = getWorkbook(excelFilePath): null

07-03-2025T07:14:34 - [TEST_STEP][PASSED] - sheet01 = getExcelSheet(workbook01, sheetName): null

07-03-2025T07:14:34 - [TEST_STEP][PASSED] - setValueToCellByIndex(sheet01, n, 0, dashboardName): null

07-03-2025T07:14:34 - [TEST_STEP][PASSED] - setValueToCellByIndex(sheet01, n, 10, user): null

07-03-2025T07:14:34 - [TEST_STEP][PASSED] - setValueToCellByIndex(sheet01, n, 1, a1): null

07-03-2025T07:14:34 - [TEST_STEP][PASSED] - setValueToCellByIndex(sheet01, n, 2, a2): null

07-03-2025T07:14:34 - [TEST_STEP][PASSED] - setValueToCellByIndex(sheet01, n, 3, a3): null

07-03-2025T07:14:34 - [TEST_STEP][PASSED] - setValueToCellByIndex(sheet01, n, 4, a4): null

07-03-2025T07:14:34 - [TEST_STEP][PASSED] - setValueToCellByIndex(sheet01, n, 5, a5): null

07-03-2025T07:14:34 - [TEST_STEP][PASSED] - setValueToCellByIndex(sheet01, n, 6, a6): null

07-03-2025T07:14:34 - [TEST_STEP][PASSED] - setValueToCellByIndex(sheet01, n, 7, a7): null

07-03-2025T07:14:34 - [TEST_STEP][PASSED] - setValueToCellByIndex(sheet01, n, 8, a8): null

07-03-2025T07:14:34 - [TEST_STEP][PASSED] - setValueToCellByIndex(sheet01, n, 9, a9): null

07-03-2025T07:14:34 - [TEST_STEP][PASSED] - n = n + 1: null

07-03-2025T07:14:34 - [TEST_STEP][PASSED] - saveWorkbook(excelFilePath, workbook01): null

07-03-2025T07:14:34 - [TEST_STEP][PASSED] - closeBrowser(): Browser is closed

07-03-2025T07:14:34 - [MESSAGE][PASSED] - Browser is closed]]></system-out>
         <system-err><![CDATA[07-03-2025T04:53:43 - [TEST_CASE][FAILED] - Test Cases/Сверки дашбордов/Блок руководителя сверка дашбордов под разными учётками: Test Cases/Сверки дашбордов/Блок руководителя сверка дашбордов под разными учётками FAILED.
Reason:
com.kms.katalon.core.exception.StepFailedException: Unable to get text of object 'Object Repository/Выполнение бизнес-плана/table' (Root cause: com.kms.katalon.core.exception.StepFailedException: Unable to get text of object 'Object Repository/Выполнение бизнес-плана/table'
	at com.kms.katalon.core.webui.keyword.internal.WebUIKeywordMain.stepFailed(WebUIKeywordMain.groovy:64)
	at com.kms.katalon.core.webui.keyword.internal.WebUIKeywordMain.runKeyword(WebUIKeywordMain.groovy:26)
	at com.kms.katalon.core.webui.keyword.builtin.GetTextKeyword.getText(GetTextKeyword.groovy:88)
	at com.kms.katalon.core.webui.keyword.builtin.GetTextKeyword.execute(GetTextKeyword.groovy:67)
	at com.kms.katalon.core.keyword.internal.KeywordExecutor.executeKeywordForPlatform(KeywordExecutor.groovy:74)
	at com.kms.katalon.core.webui.keyword.WebUiBuiltInKeywords.getText(WebUiBuiltInKeywords.groovy:957)
	at Блок руководителя сверка дашбордов под разными учётками.VipolnenieBiznesPlana(Блок руководителя сверка дашбордов под разными учётками:278)
	at Блок руководителя сверка дашбордов под разными учётками.run(Блок руководителя сверка дашбордов под разными учётками:52)
	at com.kms.katalon.core.main.ScriptEngine.run(ScriptEngine.java:194)
	at com.kms.katalon.core.main.ScriptEngine.runScriptAsRawText(ScriptEngine.java:119)
	at com.kms.katalon.core.main.TestCaseExecutor.runScript(TestCaseExecutor.java:448)
	at com.kms.katalon.core.main.TestCaseExecutor.doExecute(TestCaseExecutor.java:439)
	at com.kms.katalon.core.main.TestCaseExecutor.processExecutionPhase(TestCaseExecutor.java:418)
	at com.kms.katalon.core.main.TestCaseExecutor.accessMainPhase(TestCaseExecutor.java:410)
	at com.kms.katalon.core.main.TestCaseExecutor.execute(TestCaseExecutor.java:285)
	at com.kms.katalon.core.common.CommonExecutor.accessTestCaseMainPhase(CommonExecutor.java:65)
	at com.kms.katalon.core.main.TestSuiteExecutor.accessTestSuiteMainPhase(TestSuiteExecutor.java:150)
	at com.kms.katalon.core.main.TestSuiteExecutor.execute(TestSuiteExecutor.java:106)
	at com.kms.katalon.core.main.TestCaseMain.startTestSuite(TestCaseMain.java:180)
	at TempTestSuite1741312418653.run(TempTestSuite1741312418653.groovy:35)
	at java.base/jdk.internal.reflect.NativeMethodAccessorImpl.invoke0(Native Method)
	at java.base/jdk.internal.reflect.NativeMethodAccessorImpl.invoke(NativeMethodAccessorImpl.java:77)
	at java.base/jdk.internal.reflect.DelegatingMethodAccessorImpl.invoke(DelegatingMethodAccessorImpl.java:43)
Caused by: com.kms.katalon.core.webui.exception.WebElementNotFoundException: Web element with id: 'Object Repository/Выполнение бизнес-плана/table' located by '//div[@id='grid-25be55ef81e941d9a5e47136b644a838']' not found
	at com.kms.katalon.core.webui.common.WebUiCommonHelper.findWebElement(WebUiCommonHelper.java:1426)
	at com.kms.katalon.core.webui.keyword.internal.WebUIAbstractKeyword.findWebElement(WebUIAbstractKeyword.groovy:27)
	at com.kms.katalon.core.webui.keyword.internal.WebUIAbstractKeyword.findWebElement(WebUIAbstractKeyword.groovy:26)
	at com.kms.katalon.core.webui.keyword.builtin.GetTextKeyword$_getText_closure1.doCall(GetTextKeyword.groovy:78)
	at com.kms.katalon.core.webui.keyword.builtin.GetTextKeyword$_getText_closure1.call(GetTextKeyword.groovy)
	at com.kms.katalon.core.webui.keyword.internal.WebUIKeywordMain.runKeyword(WebUIKeywordMain.groovy:20)
	at com.kms.katalon.core.webui.keyword.builtin.GetTextKeyword.getText(GetTextKeyword.groovy:88)
	at com.kms.katalon.core.webui.keyword.builtin.GetTextKeyword.execute(GetTextKeyword.groovy:67)
	at com.kms.katalon.core.keyword.internal.KeywordExecutor.executeKeywordForPlatform(KeywordExecutor.groovy:74)
	at com.kms.katalon.core.webui.keyword.WebUiBuiltInKeywords.getText(WebUiBuiltInKeywords.groovy:957)
	at Script1686231490255.VipolnenieBiznesPlana(Script1686231490255.groovy:278)
	at Script1686231490255.run(Script1686231490255.groovy:52)
	... 15 more
)
	at com.kms.katalon.core.keyword.internal.KeywordMain.stepFailed(KeywordMain.groovy:39)
	at com.kms.katalon.core.webui.keyword.internal.WebUIKeywordMain.stepFailed(WebUIKeywordMain.groovy:64)
	at com.kms.katalon.core.webui.keyword.internal.WebUIKeywordMain.runKeyword(WebUIKeywordMain.groovy:26)
	at com.kms.katalon.core.webui.keyword.builtin.GetTextKeyword.getText(GetTextKeyword.groovy:88)
	at com.kms.katalon.core.webui.keyword.builtin.GetTextKeyword.execute(GetTextKeyword.groovy:67)
	at com.kms.katalon.core.keyword.internal.KeywordExecutor.executeKeywordForPlatform(KeywordExecutor.groovy:74)
	at com.kms.katalon.core.webui.keyword.WebUiBuiltInKeywords.getText(WebUiBuiltInKeywords.groovy:957)
	at Блок руководителя сверка дашбордов под разными учётками.VipolnenieBiznesPlana(Блок руководителя сверка дашбордов под разными учётками:278)
	at Блок руководителя сверка дашбордов под разными учётками.run(Блок руководителя сверка дашбордов под разными учётками:52)
	at com.kms.katalon.core.main.ScriptEngine.run(ScriptEngine.java:194)
	at com.kms.katalon.core.main.ScriptEngine.runScriptAsRawText(ScriptEngine.java:119)
	at com.kms.katalon.core.main.TestCaseExecutor.runScript(TestCaseExecutor.java:448)
	at com.kms.katalon.core.main.TestCaseExecutor.doExecute(TestCaseExecutor.java:439)
	at com.kms.katalon.core.main.TestCaseExecutor.processExecutionPhase(TestCaseExecutor.java:418)
	at com.kms.katalon.core.main.TestCaseExecutor.accessMainPhase(TestCaseExecutor.java:410)
	at com.kms.katalon.core.main.TestCaseExecutor.execute(TestCaseExecutor.java:285)
	at com.kms.katalon.core.common.CommonExecutor.accessTestCaseMainPhase(CommonExecutor.java:65)
	at com.kms.katalon.core.main.TestSuiteExecutor.accessTestSuiteMainPhase(TestSuiteExecutor.java:150)
	at com.kms.katalon.core.main.TestSuiteExecutor.execute(TestSuiteExecutor.java:106)
	at com.kms.katalon.core.main.TestCaseMain.startTestSuite(TestCaseMain.java:180)
	at TempTestSuite1741312418653.run(TempTestSuite1741312418653.groovy:35)
	at java.base/jdk.internal.reflect.NativeMethodAccessorImpl.invoke0(Native Method)
	at java.base/jdk.internal.reflect.NativeMethodAccessorImpl.invoke(NativeMethodAccessorImpl.java:77)
	at java.base/jdk.internal.reflect.DelegatingMethodAccessorImpl.invoke(DelegatingMethodAccessorImpl.java:43)
Caused by: com.kms.katalon.core.exception.StepFailedException: Unable to get text of object 'Object Repository/Выполнение бизнес-плана/table'
	... 23 more
Caused by: com.kms.katalon.core.webui.exception.WebElementNotFoundException: Web element with id: 'Object Repository/Выполнение бизнес-плана/table' located by '//div[@id='grid-25be55ef81e941d9a5e47136b644a838']' not found
	at com.kms.katalon.core.webui.common.WebUiCommonHelper.findWebElement(WebUiCommonHelper.java:1426)
	at com.kms.katalon.core.webui.keyword.internal.WebUIAbstractKeyword.findWebElement(WebUIAbstractKeyword.groovy:27)
	at com.kms.katalon.core.webui.keyword.internal.WebUIAbstractKeyword.findWebElement(WebUIAbstractKeyword.groovy:26)
	at com.kms.katalon.core.webui.keyword.builtin.GetTextKeyword$_getText_closure1.doCall(GetTextKeyword.groovy:78)
	at com.kms.katalon.core.webui.keyword.builtin.GetTextKeyword$_getText_closure1.call(GetTextKeyword.groovy)
	at com.kms.katalon.core.webui.keyword.internal.WebUIKeywordMain.runKeyword(WebUIKeywordMain.groovy:20)
	... 21 more]]></system-err>
      </testcase>
      <testcase name="Test Cases/Сверки дашбордов/Выполнение бизнес-плана сверка дашбордов" time="228.653" classname="Test Cases/Сверки дашбордов/Выполнение бизнес-плана сверка дашбордов" status="FAILED">
         <failure type="FAILED" message="Test Cases/Сверки дашбордов/Выполнение бизнес-плана сверка дашбордов FAILED.&#xa;Reason:&#xa;com.kms.katalon.core.exception.StepFailedException: Unable to get text of object 'Object Repository/Выполнение бизнес-плана/Значения со страницы Выполнение бизнес-плана/Table Data/План Потери за отчётный период 1' (Root cause: com.kms.katalon.core.exception.StepFailedException: Unable to get text of object 'Object Repository/Выполнение бизнес-плана/Значения со страницы Выполнение бизнес-плана/Table Data/План Потери за отчётный период 1'&#xa;	at com.kms.katalon.core.webui.keyword.internal.WebUIKeywordMain.stepFailed(WebUIKeywordMain.groovy:64)&#xa;	at com.kms.katalon.core.webui.keyword.internal.WebUIKeywordMain.runKeyword(WebUIKeywordMain.groovy:26)&#xa;	at com.kms.katalon.core.webui.keyword.builtin.GetTextKeyword.getText(GetTextKeyword.groovy:88)&#xa;	at com.kms.katalon.core.webui.keyword.builtin.GetTextKeyword.execute(GetTextKeyword.groovy:67)&#xa;	at com.kms.katalon.core.keyword.internal.KeywordExecutor.executeKeywordForPlatform(KeywordExecutor.groovy:74)&#xa;	at com.kms.katalon.core.webui.keyword.WebUiBuiltInKeywords.getText(WebUiBuiltInKeywords.groovy:957)&#xa;	at Выполнение бизнес-плана сверка дашбордов.GetAllData(Выполнение бизнес-плана сверка дашбордов:985)&#xa;	at Выполнение бизнес-плана сверка дашбордов.run(Выполнение бизнес-плана сверка дашбордов:156)&#xa;	at com.kms.katalon.core.main.ScriptEngine.run(ScriptEngine.java:194)&#xa;	at com.kms.katalon.core.main.ScriptEngine.runScriptAsRawText(ScriptEngine.java:119)&#xa;	at com.kms.katalon.core.main.TestCaseExecutor.runScript(TestCaseExecutor.java:448)&#xa;	at com.kms.katalon.core.main.TestCaseExecutor.doExecute(TestCaseExecutor.java:439)&#xa;	at com.kms.katalon.core.main.TestCaseExecutor.processExecutionPhase(TestCaseExecutor.java:418)&#xa;	at com.kms.katalon.core.main.TestCaseExecutor.accessMainPhase(TestCaseExecutor.java:410)&#xa;	at com.kms.katalon.core.main.TestCaseExecutor.execute(TestCaseExecutor.java:285)&#xa;	at com.kms.katalon.core.common.CommonExecutor.accessTestCaseMainPhase(CommonExecutor.java:65)&#xa;	at com.kms.katalon.core.main.TestSuiteExecutor.accessTestSuiteMainPhase(TestSuiteExecutor.java:150)&#xa;	at com.kms.katalon.core.main.TestSuiteExecutor.execute(TestSuiteExecutor.java:106)&#xa;	at com.kms.katalon.core.main.TestCaseMain.startTestSuite(TestCaseMain.java:180)&#xa;	at TempTestSuite1741312418653.run(TempTestSuite1741312418653.groovy:35)&#xa;	at java.base/jdk.internal.reflect.NativeMethodAccessorImpl.invoke0(Native Method)&#xa;	at java.base/jdk.internal.reflect.NativeMethodAccessorImpl.invoke(NativeMethodAccessorImpl.java:77)&#xa;	at java.base/jdk.internal.reflect.DelegatingMethodAccessorImpl.invoke(DelegatingMethodAccessorImpl.java:43)&#xa;Caused by: com.kms.katalon.core.webui.exception.WebElementNotFoundException: Web element with id: 'Object Repository/Выполнение бизнес-плана/Значения со страницы Выполнение бизнес-плана/Table Data/План Потери за отчётный период 1' located by '(.//*[normalize-space(text()) and normalize-space(.)='Показатели баланса электроэнергии по ДЗО – План'])[2]/following::td[35]' not found&#xa;	at com.kms.katalon.core.webui.common.WebUiCommonHelper.findWebElement(WebUiCommonHelper.java:1426)&#xa;	at com.kms.katalon.core.webui.keyword.internal.WebUIAbstractKeyword.findWebElement(WebUIAbstractKeyword.groovy:27)&#xa;	at com.kms.katalon.core.webui.keyword.internal.WebUIAbstractKeyword.findWebElement(WebUIAbstractKeyword.groovy:26)&#xa;	at com.kms.katalon.core.webui.keyword.builtin.GetTextKeyword$_getText_closure1.doCall(GetTextKeyword.groovy:78)&#xa;	at com.kms.katalon.core.webui.keyword.builtin.GetTextKeyword$_getText_closure1.call(GetTextKeyword.groovy)&#xa;	at com.kms.katalon.core.webui.keyword.internal.WebUIKeywordMain.runKeyword(WebUIKeywordMain.groovy:20)&#xa;	at com.kms.katalon.core.webui.keyword.builtin.GetTextKeyword.getText(GetTextKeyword.groovy:88)&#xa;	at com.kms.katalon.core.webui.keyword.builtin.GetTextKeyword.execute(GetTextKeyword.groovy:67)&#xa;	at com.kms.katalon.core.keyword.internal.KeywordExecutor.executeKeywordForPlatform(KeywordExecutor.groovy:74)&#xa;	at com.kms.katalon.core.webui.keyword.WebUiBuiltInKeywords.getText(WebUiBuiltInKeywords.groovy:957)&#xa;	at Script1719299571342.GetAllData(Script1719299571342.groovy:985)&#xa;	at Script1719299571342.run(Script1719299571342.groovy:156)&#xa;	... 15 more&#xa;)&#xa;	at com.kms.katalon.core.keyword.internal.KeywordMain.stepFailed(KeywordMain.groovy:39)&#xa;	at com.kms.katalon.core.webui.keyword.internal.WebUIKeywordMain.stepFailed(WebUIKeywordMain.groovy:64)&#xa;	at com.kms.katalon.core.webui.keyword.internal.WebUIKeywordMain.runKeyword(WebUIKeywordMain.groovy:26)&#xa;	at com.kms.katalon.core.webui.keyword.builtin.GetTextKeyword.getText(GetTextKeyword.groovy:88)&#xa;	at com.kms.katalon.core.webui.keyword.builtin.GetTextKeyword.execute(GetTextKeyword.groovy:67)&#xa;	at com.kms.katalon.core.keyword.internal.KeywordExecutor.executeKeywordForPlatform(KeywordExecutor.groovy:74)&#xa;	at com.kms.katalon.core.webui.keyword.WebUiBuiltInKeywords.getText(WebUiBuiltInKeywords.groovy:957)&#xa;	at Выполнение бизнес-плана сверка дашбордов.GetAllData(Выполнение бизнес-плана сверка дашбордов:985)&#xa;	at Выполнение бизнес-плана сверка дашбордов.run(Выполнение бизнес-плана сверка дашбордов:156)&#xa;	at com.kms.katalon.core.main.ScriptEngine.run(ScriptEngine.java:194)&#xa;	at com.kms.katalon.core.main.ScriptEngine.runScriptAsRawText(ScriptEngine.java:119)&#xa;	at com.kms.katalon.core.main.TestCaseExecutor.runScript(TestCaseExecutor.java:448)&#xa;	at com.kms.katalon.core.main.TestCaseExecutor.doExecute(TestCaseExecutor.java:439)&#xa;	at com.kms.katalon.core.main.TestCaseExecutor.processExecutionPhase(TestCaseExecutor.java:418)&#xa;	at com.kms.katalon.core.main.TestCaseExecutor.accessMainPhase(TestCaseExecutor.java:410)&#xa;	at com.kms.katalon.core.main.TestCaseExecutor.execute(TestCaseExecutor.java:285)&#xa;	at com.kms.katalon.core.common.CommonExecutor.accessTestCaseMainPhase(CommonExecutor.java:65)&#xa;	at com.kms.katalon.core.main.TestSuiteExecutor.accessTestSuiteMainPhase(TestSuiteExecutor.java:150)&#xa;	at com.kms.katalon.core.main.TestSuiteExecutor.execute(TestSuiteExecutor.java:106)&#xa;	at com.kms.katalon.core.main.TestCaseMain.startTestSuite(TestCaseMain.java:180)&#xa;	at TempTestSuite1741312418653.run(TempTestSuite1741312418653.groovy:35)&#xa;	at java.base/jdk.internal.reflect.NativeMethodAccessorImpl.invoke0(Native Method)&#xa;	at java.base/jdk.internal.reflect.NativeMethodAccessorImpl.invoke(NativeMethodAccessorImpl.java:77)&#xa;	at java.base/jdk.internal.reflect.DelegatingMethodAccessorImpl.invoke(DelegatingMethodAccessorImpl.java:43)&#xa;Caused by: com.kms.katalon.core.exception.StepFailedException: Unable to get text of object 'Object Repository/Выполнение бизнес-плана/Значения со страницы Выполнение бизнес-плана/Table Data/План Потери за отчётный период 1'&#xa;	... 23 more&#xa;Caused by: com.kms.katalon.core.webui.exception.WebElementNotFoundException: Web element with id: 'Object Repository/Выполнение бизнес-плана/Значения со страницы Выполнение бизнес-плана/Table Data/План Потери за отчётный период 1' located by '(.//*[normalize-space(text()) and normalize-space(.)='Показатели баланса электроэнергии по ДЗО – План'])[2]/following::td[35]' not found&#xa;	at com.kms.katalon.core.webui.common.WebUiCommonHelper.findWebElement(WebUiCommonHelper.java:1426)&#xa;	at com.kms.katalon.core.webui.keyword.internal.WebUIAbstractKeyword.findWebElement(WebUIAbstractKeyword.groovy:27)&#xa;	at com.kms.katalon.core.webui.keyword.internal.WebUIAbstractKeyword.findWebElement(WebUIAbstractKeyword.groovy:26)&#xa;	at com.kms.katalon.core.webui.keyword.builtin.GetTextKeyword$_getText_closure1.doCall(GetTextKeyword.groovy:78)&#xa;	at com.kms.katalon.core.webui.keyword.builtin.GetTextKeyword$_getText_closure1.call(GetTextKeyword.groovy)&#xa;	at com.kms.katalon.core.webui.keyword.internal.WebUIKeywordMain.runKeyword(WebUIKeywordMain.groovy:20)&#xa;	... 21 more&#xa;"/>
         <system-out><![CDATA[07-03-2025T07:14:34 - [TEST_CASE][FAILED] - Test Cases/Сверки дашбордов/Выполнение бизнес-плана сверка дашбордов: Test Cases/Сверки дашбордов/Выполнение бизнес-плана сверка дашбордов FAILED.
Reason:
com.kms.katalon.core.exception.StepFailedException: Unable to get text of object 'Object Repository/Выполнение бизнес-плана/Значения со страницы Выполнение бизнес-плана/Table Data/План Потери за отчётный период 1' (Root cause: com.kms.katalon.core.exception.StepFailedException: Unable to get text of object 'Object Repository/Выполнение бизнес-плана/Значения со страницы Выполнение бизнес-плана/Table Data/План Потери за отчётный период 1'
	at com.kms.katalon.core.webui.keyword.internal.WebUIKeywordMain.stepFailed(WebUIKeywordMain.groovy:64)
	at com.kms.katalon.core.webui.keyword.internal.WebUIKeywordMain.runKeyword(WebUIKeywordMain.groovy:26)
	at com.kms.katalon.core.webui.keyword.builtin.GetTextKeyword.getText(GetTextKeyword.groovy:88)
	at com.kms.katalon.core.webui.keyword.builtin.GetTextKeyword.execute(GetTextKeyword.groovy:67)
	at com.kms.katalon.core.keyword.internal.KeywordExecutor.executeKeywordForPlatform(KeywordExecutor.groovy:74)
	at com.kms.katalon.core.webui.keyword.WebUiBuiltInKeywords.getText(WebUiBuiltInKeywords.groovy:957)
	at Выполнение бизнес-плана сверка дашбордов.GetAllData(Выполнение бизнес-плана сверка дашбордов:985)
	at Выполнение бизнес-плана сверка дашбордов.run(Выполнение бизнес-плана сверка дашбордов:156)
	at com.kms.katalon.core.main.ScriptEngine.run(ScriptEngine.java:194)
	at com.kms.katalon.core.main.ScriptEngine.runScriptAsRawText(ScriptEngine.java:119)
	at com.kms.katalon.core.main.TestCaseExecutor.runScript(TestCaseExecutor.java:448)
	at com.kms.katalon.core.main.TestCaseExecutor.doExecute(TestCaseExecutor.java:439)
	at com.kms.katalon.core.main.TestCaseExecutor.processExecutionPhase(TestCaseExecutor.java:418)
	at com.kms.katalon.core.main.TestCaseExecutor.accessMainPhase(TestCaseExecutor.java:410)
	at com.kms.katalon.core.main.TestCaseExecutor.execute(TestCaseExecutor.java:285)
	at com.kms.katalon.core.common.CommonExecutor.accessTestCaseMainPhase(CommonExecutor.java:65)
	at com.kms.katalon.core.main.TestSuiteExecutor.accessTestSuiteMainPhase(TestSuiteExecutor.java:150)
	at com.kms.katalon.core.main.TestSuiteExecutor.execute(TestSuiteExecutor.java:106)
	at com.kms.katalon.core.main.TestCaseMain.startTestSuite(TestCaseMain.java:180)
	at TempTestSuite1741312418653.run(TempTestSuite1741312418653.groovy:35)
	at java.base/jdk.internal.reflect.NativeMethodAccessorImpl.invoke0(Native Method)
	at java.base/jdk.internal.reflect.NativeMethodAccessorImpl.invoke(NativeMethodAccessorImpl.java:77)
	at java.base/jdk.internal.reflect.DelegatingMethodAccessorImpl.invoke(DelegatingMethodAccessorImpl.java:43)
Caused by: com.kms.katalon.core.webui.exception.WebElementNotFoundException: Web element with id: 'Object Repository/Выполнение бизнес-плана/Значения со страницы Выполнение бизнес-плана/Table Data/План Потери за отчётный период 1' located by '(.//*[normalize-space(text()) and normalize-space(.)='Показатели баланса электроэнергии по ДЗО – План'])[2]/following::td[35]' not found
	at com.kms.katalon.core.webui.common.WebUiCommonHelper.findWebElement(WebUiCommonHelper.java:1426)
	at com.kms.katalon.core.webui.keyword.internal.WebUIAbstractKeyword.findWebElement(WebUIAbstractKeyword.groovy:27)
	at com.kms.katalon.core.webui.keyword.internal.WebUIAbstractKeyword.findWebElement(WebUIAbstractKeyword.groovy:26)
	at com.kms.katalon.core.webui.keyword.builtin.GetTextKeyword$_getText_closure1.doCall(GetTextKeyword.groovy:78)
	at com.kms.katalon.core.webui.keyword.builtin.GetTextKeyword$_getText_closure1.call(GetTextKeyword.groovy)
	at com.kms.katalon.core.webui.keyword.internal.WebUIKeywordMain.runKeyword(WebUIKeywordMain.groovy:20)
	at com.kms.katalon.core.webui.keyword.builtin.GetTextKeyword.getText(GetTextKeyword.groovy:88)
	at com.kms.katalon.core.webui.keyword.builtin.GetTextKeyword.execute(GetTextKeyword.groovy:67)
	at com.kms.katalon.core.keyword.internal.KeywordExecutor.executeKeywordForPlatform(KeywordExecutor.groovy:74)
	at com.kms.katalon.core.webui.keyword.WebUiBuiltInKeywords.getText(WebUiBuiltInKeywords.groovy:957)
	at Script1719299571342.GetAllData(Script1719299571342.groovy:985)
	at Script1719299571342.run(Script1719299571342.groovy:156)
	... 15 more
)
	at com.kms.katalon.core.keyword.internal.KeywordMain.stepFailed(KeywordMain.groovy:39)
	at com.kms.katalon.core.webui.keyword.internal.WebUIKeywordMain.stepFailed(WebUIKeywordMain.groovy:64)
	at com.kms.katalon.core.webui.keyword.internal.WebUIKeywordMain.runKeyword(WebUIKeywordMain.groovy:26)
	at com.kms.katalon.core.webui.keyword.builtin.GetTextKeyword.getText(GetTextKeyword.groovy:88)
	at com.kms.katalon.core.webui.keyword.builtin.GetTextKeyword.execute(GetTextKeyword.groovy:67)
	at com.kms.katalon.core.keyword.internal.KeywordExecutor.executeKeywordForPlatform(KeywordExecutor.groovy:74)
	at com.kms.katalon.core.webui.keyword.WebUiBuiltInKeywords.getText(WebUiBuiltInKeywords.groovy:957)
	at Выполнение бизнес-плана сверка дашбордов.GetAllData(Выполнение бизнес-плана сверка дашбордов:985)
	at Выполнение бизнес-плана сверка дашбордов.run(Выполнение бизнес-плана сверка дашбордов:156)
	at com.kms.katalon.core.main.ScriptEngine.run(ScriptEngine.java:194)
	at com.kms.katalon.core.main.ScriptEngine.runScriptAsRawText(ScriptEngine.java:119)
	at com.kms.katalon.core.main.TestCaseExecutor.runScript(TestCaseExecutor.java:448)
	at com.kms.katalon.core.main.TestCaseExecutor.doExecute(TestCaseExecutor.java:439)
	at com.kms.katalon.core.main.TestCaseExecutor.processExecutionPhase(TestCaseExecutor.java:418)
	at com.kms.katalon.core.main.TestCaseExecutor.accessMainPhase(TestCaseExecutor.java:410)
	at com.kms.katalon.core.main.TestCaseExecutor.execute(TestCaseExecutor.java:285)
	at com.kms.katalon.core.common.CommonExecutor.accessTestCaseMainPhase(CommonExecutor.java:65)
	at com.kms.katalon.core.main.TestSuiteExecutor.accessTestSuiteMainPhase(TestSuiteExecutor.java:150)
	at com.kms.katalon.core.main.TestSuiteExecutor.execute(TestSuiteExecutor.java:106)
	at com.kms.katalon.core.main.TestCaseMain.startTestSuite(TestCaseMain.java:180)
	at TempTestSuite1741312418653.run(TempTestSuite1741312418653.groovy:35)
	at java.base/jdk.internal.reflect.NativeMethodAccessorImpl.invoke0(Native Method)
	at java.base/jdk.internal.reflect.NativeMethodAccessorImpl.invoke(NativeMethodAccessorImpl.java:77)
	at java.base/jdk.internal.reflect.DelegatingMethodAccessorImpl.invoke(DelegatingMethodAccessorImpl.java:43)
Caused by: com.kms.katalon.core.exception.StepFailedException: Unable to get text of object 'Object Repository/Выполнение бизнес-плана/Значения со страницы Выполнение бизнес-плана/Table Data/План Потери за отчётный период 1'
	... 23 more
Caused by: com.kms.katalon.core.webui.exception.WebElementNotFoundException: Web element with id: 'Object Repository/Выполнение бизнес-плана/Значения со страницы Выполнение бизнес-плана/Table Data/План Потери за отчётный период 1' located by '(.//*[normalize-space(text()) and normalize-space(.)='Показатели баланса электроэнергии по ДЗО – План'])[2]/following::td[35]' not found
	at com.kms.katalon.core.webui.common.WebUiCommonHelper.findWebElement(WebUiCommonHelper.java:1426)
	at com.kms.katalon.core.webui.keyword.internal.WebUIAbstractKeyword.findWebElement(WebUIAbstractKeyword.groovy:27)
	at com.kms.katalon.core.webui.keyword.internal.WebUIAbstractKeyword.findWebElement(WebUIAbstractKeyword.groovy:26)
	at com.kms.katalon.core.webui.keyword.builtin.GetTextKeyword$_getText_closure1.doCall(GetTextKeyword.groovy:78)
	at com.kms.katalon.core.webui.keyword.builtin.GetTextKeyword$_getText_closure1.call(GetTextKeyword.groovy)
	at com.kms.katalon.core.webui.keyword.internal.WebUIKeywordMain.runKeyword(WebUIKeywordMain.groovy:20)
	... 21 more


07-03-2025T07:14:35 - [TEST_STEP][PASSED] - date = new java.util.Date(): null

07-03-2025T07:14:35 - [TEST_STEP][PASSED] - todaysDate = date.format("dd.MM.yyyy"): null

07-03-2025T07:14:35 - [TEST_STEP][PASSED] - blockNum = <not implemented yet for class: org.codehaus.groovy.ast.expr.EmptyExpression>: null

07-03-2025T07:14:35 - [TEST_STEP][PASSED] - path = <not implemented yet for class: org.codehaus.groovy.ast.expr.EmptyExpression>: null

07-03-2025T07:14:35 - [TEST_STEP][PASSED] - typeOfData = <not implemented yet for class: org.codehaus.groovy.ast.expr.EmptyExpression>: null

07-03-2025T07:14:35 - [TEST_STEP][PASSED] - i = <not implemented yet for class: org.codehaus.groovy.ast.expr.EmptyExpression>: null

07-03-2025T07:14:35 - [TEST_STEP][PASSED] - dZO = <not implemented yet for class: org.codehaus.groovy.ast.expr.EmptyExpression>: null

07-03-2025T07:14:35 - [TEST_STEP][PASSED] - vidget = <not implemented yet for class: org.codehaus.groovy.ast.expr.EmptyExpression>: null

07-03-2025T07:14:35 - [TEST_STEP][PASSED] - tabR = <not implemented yet for class: org.codehaus.groovy.ast.expr.EmptyExpression>: null

07-03-2025T07:14:35 - [TEST_STEP][PASSED] - tabB = <not implemented yet for class: org.codehaus.groovy.ast.expr.EmptyExpression>: null

07-03-2025T07:14:35 - [TEST_STEP][PASSED] - o1R = <not implemented yet for class: org.codehaus.groovy.ast.expr.EmptyExpression>: null

07-03-2025T07:14:35 - [TEST_STEP][PASSED] - o1B = <not implemented yet for class: org.codehaus.groovy.ast.expr.EmptyExpression>: null

07-03-2025T07:14:35 - [TEST_STEP][PASSED] - PercPlanR = <not implemented yet for class: org.codehaus.groovy.ast.expr.EmptyExpression>: null

07-03-2025T07:14:35 - [TEST_STEP][PASSED] - PercPlanB = <not implemented yet for class: org.codehaus.groovy.ast.expr.EmptyExpression>: null

07-03-2025T07:14:35 - [TEST_STEP][PASSED] - PercFactR = <not implemented yet for class: org.codehaus.groovy.ast.expr.EmptyExpression>: null

07-03-2025T07:14:35 - [TEST_STEP][PASSED] - PercFactB = <not implemented yet for class: org.codehaus.groovy.ast.expr.EmptyExpression>: null

07-03-2025T07:14:35 - [TEST_STEP][PASSED] - pRR = "ПАО Россети/": null

07-03-2025T07:14:35 - [TEST_STEP][PASSED] - fR = "Россети ФСК ЕЭС/": null

07-03-2025T07:14:35 - [TEST_STEP][PASSED] - tyR = "АО "Тываэнерго"/": null

07-03-2025T07:14:35 - [TEST_STEP][PASSED] - chR = "Чеченэнерго": null

07-03-2025T07:14:35 - [TEST_STEP][PASSED] - vR = "Россети Волга/": null

07-03-2025T07:14:35 - [TEST_STEP][PASSED] - kR = "Россети Кубань/": null

07-03-2025T07:14:35 - [TEST_STEP][PASSED] - lR = "Россети Ленэнерго (ГК)/": null

07-03-2025T07:14:35 - [TEST_STEP][PASSED] - mR = "Россети Московский регион/": null

07-03-2025T07:14:35 - [TEST_STEP][PASSED] - sKR = "Россети Северный Кавказ (ГК)/": null

07-03-2025T07:14:35 - [TEST_STEP][PASSED] - sZR = "Россети Северо-Запад/": null

07-03-2025T07:14:35 - [TEST_STEP][PASSED] - siR = "Россети Сибирь (ГК)/": null

07-03-2025T07:14:35 - [TEST_STEP][PASSED] - tomR = "Россети Томск/": null

07-03-2025T07:14:35 - [TEST_STEP][PASSED] - tyumR = "Россети Тюмень/": null

07-03-2025T07:14:35 - [TEST_STEP][PASSED] - urR = "Россети Урал (ГК)/": null

07-03-2025T07:14:35 - [TEST_STEP][PASSED] - cenR = "Россети Центр (ГК)/": null

07-03-2025T07:14:35 - [TEST_STEP][PASSED] - cIPR = "Россети Центр и Приволжье (ГК)/": null

07-03-2025T07:14:35 - [TEST_STEP][PASSED] - ugR = "Россети Юг (ГК)/": null

07-03-2025T07:14:35 - [TEST_STEP][PASSED] - yR = "Россети Янтарь/": null

07-03-2025T07:14:35 - [TEST_STEP][PASSED] - pRB = "ПАО Россети/": null

07-03-2025T07:14:35 - [TEST_STEP][PASSED] - fB = "Россети ФСК ЕЭС/": null

07-03-2025T07:14:35 - [TEST_STEP][PASSED] - tyB = "АО "Тываэнерго"/": null

07-03-2025T07:14:35 - [TEST_STEP][PASSED] - chB = "Чеченэнерго": null

07-03-2025T07:14:35 - [TEST_STEP][PASSED] - vB = "Россети Волга/": null

07-03-2025T07:14:35 - [TEST_STEP][PASSED] - kB = "Россети Кубань/": null

07-03-2025T07:14:35 - [TEST_STEP][PASSED] - lB = "Россети Ленэнерго (ГК)/": null

07-03-2025T07:14:35 - [TEST_STEP][PASSED] - mB = "Россети Московский регион/": null

07-03-2025T07:14:35 - [TEST_STEP][PASSED] - sKB = "Россети Северный Кавказ (ГК)/": null

07-03-2025T07:14:35 - [TEST_STEP][PASSED] - sZB = "Россети Северо-Запад/": null

07-03-2025T07:14:35 - [TEST_STEP][PASSED] - siB = "Россети Сибирь (ГК)/": null

07-03-2025T07:14:35 - [TEST_STEP][PASSED] - tomB = "Россети Томск/": null

07-03-2025T07:14:35 - [TEST_STEP][PASSED] - tyumB = "Россети Тюмень/": null

07-03-2025T07:14:35 - [TEST_STEP][PASSED] - urB = "Россети Урал (ГК)/": null

07-03-2025T07:14:35 - [TEST_STEP][PASSED] - cenB = "Россети Центр (ГК)/": null

07-03-2025T07:14:35 - [TEST_STEP][PASSED] - cIPB = "Россети Центр и Приволжье (ГК)/": null

07-03-2025T07:14:35 - [TEST_STEP][PASSED] - ugB = "Россети Юг (ГК)/": null

07-03-2025T07:14:35 - [TEST_STEP][PASSED] - yB = "Россети Янтарь/": null

07-03-2025T07:14:35 - [TEST_STEP][PASSED] - VseDZO = <not implemented yet for class: org.codehaus.groovy.ast.expr.EmptyExpression>: null

07-03-2025T07:14:35 - [TEST_STEP][PASSED] - a = <not implemented yet for class: org.codehaus.groovy.ast.expr.EmptyExpression>: null

07-03-2025T07:14:35 - [TEST_STEP][PASSED] - b = <not implemented yet for class: org.codehaus.groovy.ast.expr.EmptyExpression>: null

07-03-2025T07:14:35 - [TEST_STEP][PASSED] - dZONum = 0: null

07-03-2025T07:14:35 - [TEST_STEP][PASSED] - x = <not implemented yet for class: org.codehaus.groovy.ast.expr.EmptyExpression>: null

07-03-2025T07:14:35 - [TEST_STEP][PASSED] - blockNum = 1: null

07-03-2025T07:14:35 - [TEST_STEP][PASSED] - path = "Object Repository/Выполнение бизнес-плана/": null

07-03-2025T07:14:35 - [TEST_STEP][PASSED] - Script1719299571342.Presettings(blockNum, path): null

07-03-2025T07:14:35 - [TEST_STEP][PASSED] - blockNumber = <not implemented yet for class: org.codehaus.groovy.ast.expr.EmptyExpression>: null

07-03-2025T07:14:35 - [TEST_STEP][PASSED] - urlText = <not implemented yet for class: org.codehaus.groovy.ast.expr.EmptyExpression>: null

07-03-2025T07:14:35 - [TEST_STEP][PASSED] - searchWord = <not implemented yet for class: org.codehaus.groovy.ast.expr.EmptyExpression>: null

07-03-2025T07:14:35 - [TEST_STEP][PASSED] - i = <not implemented yet for class: org.codehaus.groovy.ast.expr.EmptyExpression>: null

07-03-2025T07:14:35 - [TEST_STEP][PASSED] - ii = <not implemented yet for class: org.codehaus.groovy.ast.expr.EmptyExpression>: null

07-03-2025T07:14:35 - [TEST_STEP][PASSED] - openBrowser(""): Browser is opened with url: ''

07-03-2025T07:14:35 - [MESSAGE][INFO] - Starting 'Chrome' driver

07-03-2025T07:14:35 - [MESSAGE][INFO] - Action delay is set to 0 milliseconds

07-03-2025T07:14:36 - [MESSAGE][PASSED] - Browser is opened with url: ''

07-03-2025T07:14:36 - [TEST_STEP][PASSED] - if (blockNum == 1): null

07-03-2025T07:14:36 - [TEST_STEP][PASSED] - path = "Object Repository/Выполнение бизнес-плана/": null

07-03-2025T07:14:36 - [TEST_STEP][PASSED] - blockNumber = 1: null

07-03-2025T07:14:36 - [TEST_STEP][PASSED] - navigateToUrl(findTestData("PlanFact").getValue(10, blockNumber)): Navigate to 'https://bi.rosseti.digital/viewer?dashboardGuid=d154a8eaf6824e2b9de1bb04dd061c18&sheetGuid=1305e8ce744049e1abdacea1ea397a26&fit=true' successfully

07-03-2025T07:14:40 - [MESSAGE][PASSED] - Navigate to 'https://bi.rosseti.digital/viewer?dashboardGuid=d154a8eaf6824e2b9de1bb04dd061c18&sheetGuid=1305e8ce744049e1abdacea1ea397a26&fit=true' successfully

07-03-2025T07:14:40 - [TEST_STEP][PASSED] - urlText = getText(findTestObject("Страница авторизации/Text")): Text of object 'Object Repository/Страница авторизации/Text' is: 'Вход'

07-03-2025T07:14:42 - [MESSAGE][PASSED] - Text of object 'Object Repository/Страница авторизации/Text' is: 'Вход'

07-03-2025T07:14:42 - [TEST_STEP][PASSED] - delay(10): Delayed 10 second(s)

07-03-2025T07:14:52 - [MESSAGE][PASSED] - Delayed 10 second(s)

07-03-2025T07:14:52 - [TEST_STEP][PASSED] - searchWord = "Вход": null

07-03-2025T07:14:52 - [TEST_STEP][PASSED] - if (urlText.contains(searchWord) == false): null

07-03-2025T07:14:52 - [TEST_STEP][PASSED] - setText(findTestObject("Страница авторизации/input__username"), findTestData("PlanFact").getValue(8, 1)): Text 'liazgina-di' is set on object 'Object Repository/Страница авторизации/input__username'

07-03-2025T07:14:53 - [MESSAGE][PASSED] - Text 'liazgina-di' is set on object 'Object Repository/Страница авторизации/input__username'

07-03-2025T07:14:53 - [TEST_STEP][PASSED] - setText(findTestObject("Страница авторизации/input__password"), findTestData("PlanFact").getValue(9, 1)): Text ')$%5srZ8o688Dm#q' is set on object 'Object Repository/Страница авторизации/input__password'

07-03-2025T07:14:54 - [MESSAGE][PASSED] - Text ')$%5srZ8o688Dm#q' is set on object 'Object Repository/Страница авторизации/input__password'

07-03-2025T07:14:54 - [TEST_STEP][PASSED] - click(findTestObject("Страница авторизации/button_")): Object: 'Object Repository/Страница авторизации/button_' is clicked on

07-03-2025T07:14:55 - [MESSAGE][PASSED] - Object: 'Object Repository/Страница авторизации/button_' is clicked on

07-03-2025T07:14:55 - [TEST_STEP][PASSED] - delay(50): Delayed 50 second(s)

07-03-2025T07:15:45 - [MESSAGE][PASSED] - Delayed 50 second(s)

07-03-2025T07:15:45 - [TEST_STEP][PASSED] - searchWord = "ДЗО": null

07-03-2025T07:15:45 - [TEST_STEP][PASSED] - urlText = getText(findTestObject("Страница авторизации/Text")): Text of object 'Object Repository/Страница авторизации/Text' is: 'ДЗО 
ПАО Россети
Период
Январь 2025 года
Отклонения фактического уровня потерь от бизнес-плана, п.п.
-0.01
-0.92
-0.43
-2.42
-0.30
-0.28
-2.45
Россети ФСК ЕЭС
Россети Волга
Россети Московский регион
Россети Северо-Запад
Россети Томск
Россети Урал (ГК)
Россети Янтарь
-4
-2
0
2
4
6
8

Уровень потерь электроэнергии
Россети ФСК ЕЭС
Россети Волга
Россети Московский регион
Россети Северо-Запад
Россети Томск
Россети Урал (ГК)
Россети Янтарь
0
10
20
30
40
50
60
70
4.01
|
6.39
|
9.74
|
7.39
|
11.82
|
7.40
|
12.35
|
4.00
5.47
9.32
4.97
11.52
7.12
9.90
п.п.
2.94
Итого
0
1
2
3
4
%
5.23 5.23
8.17 8.17
План
Факт
1
100

● Бизнес-план выполнен● ●● Превышение бизнес-плана
Отклонения фактического уровня потерь от бизнес-плана за 3 месяца (нарастающим итогом), п.п.
-0.2-0.2
-8.3-8.3
3.13.1
-0.4-0.4
-0.6-0.6
-0.0-0.0
0.20.2
3.93.9
-0.4-0.4
-8.8-8.8
-0.0-0.0
0.20.2
-0.2-0.2
-0.5-0.5
-0.3-0.3
-0.5-0.5
-0.1-0.1
-0.2-0.2
-8.4-8.4
2.92.9
-0.4-0.4
-0.5-0.5
-0.0-0.0
0.20.2
3.83.8
-0.3-0.3
-7.9-7.9
-0.0-0.0
0.20.2
-0.2-0.2
-0.5-0.5
-0.2-0.2
-0.3-0.3
-0.1-0.1
-0.0-0.0
-0.9-0.9
-0.4-0.4
-2.4-2.4
-0.3-0.3
-0.3-0.3
-2.4-2.4
Россети ФСКЕЭС
АО«Тываэнерго»
АО«Чеченэнерго»
Россети Волга
РоссетиКубань
РоссетиЛенэнерго(ГК)
РоссетиМосковскийрегион
РоссетиСеверныйКавказ (ГК)
Россети Северо-Запад
Россети Сибирь(ГК)
Россети Томск
Россети Тюмень
Россети Урал(ГК)
Россети Центр
Россети Центри Приволжье(ГК)
Россети Юг (Г…
РоссетиЯнтарь
-10
0
10
п.п.
Отклонения фактического уровня потерь от бизнес-плана за 3 месяца (нарастающим итогом)
-0.2-0.2
-1.5-1.5
-0.1-0.1
-0.6-0.6
-95.8-95.8
-0.0-0.0
-0.7-0.7
1.31.3
-0.5-0.5
-0.2-0.2
-90.8-90.8
0.10.1
-0.4-0.4
0.10.1
0.00.0
-0.1-0.1
-0.2-0.2
-0.3-0.3
-0.6-0.6
-0.1-0.1
-0.0-0.0
-1.2-1.2
-89.4-89.4
-0.5-0.5
-90.2-90.2
-0.4-0.4
-1.0-1.0
-0.0-0.0
-0.7-0.7
-80.6-80.6
-1.0-1.0
-0.4-0.4
-0.1-0.1
-0.2-0.2
-0.8-0.8
-1.0-1.0
-0.2-0.2
-0.5-0.5
-1.2-1.2
0.00.0
-7.3-7.3
-0.0-0.0
-0.3-0.3
-1.3-1.3
-0.2-0.2
-0.5-0.5
-43.5-43.5
-1.0-1.0
-0.0-0.0
1.21.2
1.51.5
-0.7-0.7
1.21.2
-0.5-0.5
0.50.5
-0.2-0.2
0.10.1
-40.4-40.4
0.70.7
-0.0-0.0
-0.4-0.4
-0.0-0.0
-0.1-0.1
0.20.2
-0.1-0.1
-0.1-0.1
-0.4-0.4
-0.4-0.4
-0.6-0.6
-1.9-1.9
0.00.0
-0.6-0.6
1.21.2
0.70.7
-0.0-0.0
2.72.7
0.40.4
-1.3-1.3
-44.7-44.7
-0.4-0.4
-37.3-37.3
-0.7-0.7
2.32.3
-0.9-0.9
-0.0-0.0
-0.4-0.4
-39.6-39.6
-0.4-0.4
1.91.9
1.31.3
9.99.9
-0.7-0.7
-0.4-0.4
-0.6-0.6
-0.1-0.1
0.10.1
-1.3-1.3
0.90.9
0.90.9
2.12.1
-0.8-0.8
-0.8-0.8
-0.3-0.3
9.99.9
0.50.5
10.310.3
Итого по ФС…
Каббалкэнерго
Калмэнерго
Калугаэнерго
Карачаево-Черкесскэнерго
Карельский филиал
Кировэнерго
Костромаэнерго
Красноярскэнерго
Кубаньэнерго
Кузбассэнерго-РЭС
Курскэнерго
Ленинградская область
Липецкэнерго
Мариэнерго
Мордовэнерго
Московская область
Мурманский филиал
Нижновэнерго
Новгородский филиал
ООО «БрянскЭлектро»
Омскэнерго
Орелэнерго
Оренбургэнерго
Пензаэнерго
Пермэнерго
Псковский филиал
Россети Тюмень
Россети Янтарь
Ростовэнерго
Рязаньэнерго
Самарские РС
Саратовские РС
Свердловэнерго
Севкавказэнерго
Смоленскэнерго
Ставропольэнерго
Тамбовэнерго
Тверьэнерго
Томская распределительная компания
Тулэнерго
Удмуртэнерго
Ульяновские РС
Хакасэнерго
Челябэнерго
Читаэнерго
Чувашэнерго
Ярэнерго
г. Москва
г. Санкт-Петербург
филиал в Республике Коми
АО "Тываэнерго"
АО «ВМЭС»
АО «Воронежская горэлектросеть»
АО «Тульские городские электрические сети»
АО «Чеченэнерго»
АО «Ярославская электросетевая компания»
АО ЕЭСК
Алтайэнерго
Архангельский филиал
Астраханьэнерго
Белгородэнерго
Брянскэнерго
Бурятэнерго
Владимирэнерго
Волгоградэнерго
Вологодский филиал
Воронежэнерго
Дагэнерго
Ивэнерго
Ингушэнерго
-180
60

Статус данных
Просьба обратить внимание
— все данные не занесены
Факт
План
Итого – Факт
Отпуск в сеть 49 783 908
Отпуск из сети 45 718 992
Потери 4 064 916
Итого – План
Отпуск из сети 0
Потери 0
undefined undefined
Выполнение бизнес-плана в части показателя «Уровень потерь электроэнергии»
Показатели баланса электроэнергии по ДЗО – Факт 
57 256 396 3 856 981 9 778 647 3 075 072 476 306 6 843 010 462 838
55 054 236 3 645 880 8 867 734 2 922 288 421 425 6 355 760 417 011
2 202 160 211 102 910 913 152 783 54 881 487 250 45 827
Показатели баланса электроэнергии по ДЗО – План
58 806 842 4 033 660 10 346 741 3 272 134 504 635 7 177 213 489 942
56 540 011 3 775 836 9 338 688 3 030 349 444 962 6 646 123 429 434
2 266 831 257 824 1 008 053 241 785 59 673 531 090 60 508'

07-03-2025T07:15:47 - [MESSAGE][PASSED] - Text of object 'Object Repository/Страница авторизации/Text' is: 'ДЗО 
ПАО Россети
Период
Январь 2025 года
Отклонения фактического уровня потерь от бизнес-плана, п.п.
-0.01
-0.92
-0.43
-2.42
-0.30
-0.28
-2.45
Россети ФСК ЕЭС
Россети Волга
Россети Московский регион
Россети Северо-Запад
Россети Томск
Россети Урал (ГК)
Россети Янтарь
-4
-2
0
2
4
6
8

Уровень потерь электроэнергии
Россети ФСК ЕЭС
Россети Волга
Россети Московский регион
Россети Северо-Запад
Россети Томск
Россети Урал (ГК)
Россети Янтарь
0
10
20
30
40
50
60
70
4.01
|
6.39
|
9.74
|
7.39
|
11.82
|
7.40
|
12.35
|
4.00
5.47
9.32
4.97
11.52
7.12
9.90
п.п.
2.94
Итого
0
1
2
3
4
%
5.23 5.23
8.17 8.17
План
Факт
1
100

● Бизнес-план выполнен● ●● Превышение бизнес-плана
Отклонения фактического уровня потерь от бизнес-плана за 3 месяца (нарастающим итогом), п.п.
-0.2-0.2
-8.3-8.3
3.13.1
-0.4-0.4
-0.6-0.6
-0.0-0.0
0.20.2
3.93.9
-0.4-0.4
-8.8-8.8
-0.0-0.0
0.20.2
-0.2-0.2
-0.5-0.5
-0.3-0.3
-0.5-0.5
-0.1-0.1
-0.2-0.2
-8.4-8.4
2.92.9
-0.4-0.4
-0.5-0.5
-0.0-0.0
0.20.2
3.83.8
-0.3-0.3
-7.9-7.9
-0.0-0.0
0.20.2
-0.2-0.2
-0.5-0.5
-0.2-0.2
-0.3-0.3
-0.1-0.1
-0.0-0.0
-0.9-0.9
-0.4-0.4
-2.4-2.4
-0.3-0.3
-0.3-0.3
-2.4-2.4
Россети ФСКЕЭС
АО«Тываэнерго»
АО«Чеченэнерго»
Россети Волга
РоссетиКубань
РоссетиЛенэнерго(ГК)
РоссетиМосковскийрегион
РоссетиСеверныйКавказ (ГК)
Россети Северо-Запад
Россети Сибирь(ГК)
Россети Томск
Россети Тюмень
Россети Урал(ГК)
Россети Центр
Россети Центри Приволжье(ГК)
Россети Юг (Г…
РоссетиЯнтарь
-10
0
10
п.п.
Отклонения фактического уровня потерь от бизнес-плана за 3 месяца (нарастающим итогом)
-0.2-0.2
-1.5-1.5
-0.1-0.1
-0.6-0.6
-95.8-95.8
-0.0-0.0
-0.7-0.7
1.31.3
-0.5-0.5
-0.2-0.2
-90.8-90.8
0.10.1
-0.4-0.4
0.10.1
0.00.0
-0.1-0.1
-0.2-0.2
-0.3-0.3
-0.6-0.6
-0.1-0.1
-0.0-0.0
-1.2-1.2
-89.4-89.4
-0.5-0.5
-90.2-90.2
-0.4-0.4
-1.0-1.0
-0.0-0.0
-0.7-0.7
-80.6-80.6
-1.0-1.0
-0.4-0.4
-0.1-0.1
-0.2-0.2
-0.8-0.8
-1.0-1.0
-0.2-0.2
-0.5-0.5
-1.2-1.2
0.00.0
-7.3-7.3
-0.0-0.0
-0.3-0.3
-1.3-1.3
-0.2-0.2
-0.5-0.5
-43.5-43.5
-1.0-1.0
-0.0-0.0
1.21.2
1.51.5
-0.7-0.7
1.21.2
-0.5-0.5
0.50.5
-0.2-0.2
0.10.1
-40.4-40.4
0.70.7
-0.0-0.0
-0.4-0.4
-0.0-0.0
-0.1-0.1
0.20.2
-0.1-0.1
-0.1-0.1
-0.4-0.4
-0.4-0.4
-0.6-0.6
-1.9-1.9
0.00.0
-0.6-0.6
1.21.2
0.70.7
-0.0-0.0
2.72.7
0.40.4
-1.3-1.3
-44.7-44.7
-0.4-0.4
-37.3-37.3
-0.7-0.7
2.32.3
-0.9-0.9
-0.0-0.0
-0.4-0.4
-39.6-39.6
-0.4-0.4
1.91.9
1.31.3
9.99.9
-0.7-0.7
-0.4-0.4
-0.6-0.6
-0.1-0.1
0.10.1
-1.3-1.3
0.90.9
0.90.9
2.12.1
-0.8-0.8
-0.8-0.8
-0.3-0.3
9.99.9
0.50.5
10.310.3
Итого по ФС…
Каббалкэнерго
Калмэнерго
Калугаэнерго
Карачаево-Черкесскэнерго
Карельский филиал
Кировэнерго
Костромаэнерго
Красноярскэнерго
Кубаньэнерго
Кузбассэнерго-РЭС
Курскэнерго
Ленинградская область
Липецкэнерго
Мариэнерго
Мордовэнерго
Московская область
Мурманский филиал
Нижновэнерго
Новгородский филиал
ООО «БрянскЭлектро»
Омскэнерго
Орелэнерго
Оренбургэнерго
Пензаэнерго
Пермэнерго
Псковский филиал
Россети Тюмень
Россети Янтарь
Ростовэнерго
Рязаньэнерго
Самарские РС
Саратовские РС
Свердловэнерго
Севкавказэнерго
Смоленскэнерго
Ставропольэнерго
Тамбовэнерго
Тверьэнерго
Томская распределительная компания
Тулэнерго
Удмуртэнерго
Ульяновские РС
Хакасэнерго
Челябэнерго
Читаэнерго
Чувашэнерго
Ярэнерго
г. Москва
г. Санкт-Петербург
филиал в Республике Коми
АО "Тываэнерго"
АО «ВМЭС»
АО «Воронежская горэлектросеть»
АО «Тульские городские электрические сети»
АО «Чеченэнерго»
АО «Ярославская электросетевая компания»
АО ЕЭСК
Алтайэнерго
Архангельский филиал
Астраханьэнерго
Белгородэнерго
Брянскэнерго
Бурятэнерго
Владимирэнерго
Волгоградэнерго
Вологодский филиал
Воронежэнерго
Дагэнерго
Ивэнерго
Ингушэнерго
-180
60

Статус данных
Просьба обратить внимание
— все данные не занесены
Факт
План
Итого – Факт
Отпуск в сеть 49 783 908
Отпуск из сети 45 718 992
Потери 4 064 916
Итого – План
Отпуск из сети 0
Потери 0
undefined undefined
Выполнение бизнес-плана в части показателя «Уровень потерь электроэнергии»
Показатели баланса электроэнергии по ДЗО – Факт 
57 256 396 3 856 981 9 778 647 3 075 072 476 306 6 843 010 462 838
55 054 236 3 645 880 8 867 734 2 922 288 421 425 6 355 760 417 011
2 202 160 211 102 910 913 152 783 54 881 487 250 45 827
Показатели баланса электроэнергии по ДЗО – План
58 806 842 4 033 660 10 346 741 3 272 134 504 635 7 177 213 489 942
56 540 011 3 775 836 9 338 688 3 030 349 444 962 6 646 123 429 434
2 266 831 257 824 1 008 053 241 785 59 673 531 090 60 508'

07-03-2025T07:15:47 - [TEST_STEP][PASSED] - if (urlText.contains("ошибка") || urlText.contains(searchWord) == false): null

07-03-2025T07:15:47 - [TEST_STEP][PASSED] - Script1719299571342.ZakrytOpoveshenie(): null

07-03-2025T07:15:47 - [TEST_STEP][PASSED] - opoveshenie = getText(findTestObject("Выполнение бизнес-плана/Просьба обратить внимание")): Text of object 'Object Repository/Выполнение бизнес-плана/Просьба обратить внимание' is: 'Просьба обратить внимание'

07-03-2025T07:15:47 - [MESSAGE][PASSED] - Text of object 'Object Repository/Выполнение бизнес-плана/Просьба обратить внимание' is: 'Просьба обратить внимание'

07-03-2025T07:15:47 - [TEST_STEP][PASSED] - if (opoveshenie == "Просьба обратить внимание"): Object: 'Object Repository/Выполнение бизнес-плана/Закрыть оповещение' is clicked on

07-03-2025T07:15:47 - [TEST_STEP][PASSED] - click(findTestObject("Выполнение бизнес-плана/Закрыть оповещение")): Object: 'Object Repository/Выполнение бизнес-плана/Закрыть оповещение' is clicked on

07-03-2025T07:15:48 - [MESSAGE][PASSED] - Object: 'Object Repository/Выполнение бизнес-плана/Закрыть оповещение' is clicked on

07-03-2025T07:15:48 - [TEST_STEP][PASSED] - click(findTestObject(path + "Фильтр Дата")): Object: 'Object Repository/Выполнение бизнес-плана/Фильтр Дата' is clicked on

07-03-2025T07:15:48 - [MESSAGE][PASSED] - Object: 'Object Repository/Выполнение бизнес-плана/Фильтр Дата' is clicked on

07-03-2025T07:15:48 - [TEST_STEP][PASSED] - click(findTestObject(path + "Снять выделение в фильтре Дата")): Object: 'Object Repository/Выполнение бизнес-плана/Снять выделение в фильтре Дата' is clicked on

07-03-2025T07:15:49 - [MESSAGE][PASSED] - Object: 'Object Repository/Выполнение бизнес-плана/Снять выделение в фильтре Дата' is clicked on

07-03-2025T07:15:49 - [TEST_STEP][PASSED] - click(findTestObject(path + "Применить в фильтре Дата")): Object: 'Object Repository/Выполнение бизнес-плана/Применить в фильтре Дата' is clicked on

07-03-2025T07:15:49 - [MESSAGE][PASSED] - Object: 'Object Repository/Выполнение бизнес-плана/Применить в фильтре Дата' is clicked on

07-03-2025T07:15:49 - [TEST_STEP][PASSED] - delay(50): Delayed 50 second(s)

07-03-2025T07:16:39 - [MESSAGE][PASSED] - Delayed 50 second(s)

07-03-2025T07:16:39 - [TEST_STEP][PASSED] - Script1719299571342.ZakrytOpoveshenie(): null

07-03-2025T07:16:39 - [TEST_STEP][PASSED] - opoveshenie = getText(findTestObject("Выполнение бизнес-плана/Просьба обратить внимание")): Text of object 'Object Repository/Выполнение бизнес-плана/Просьба обратить внимание' is: 'Просьба обратить внимание'

07-03-2025T07:16:40 - [MESSAGE][PASSED] - Text of object 'Object Repository/Выполнение бизнес-плана/Просьба обратить внимание' is: 'Просьба обратить внимание'

07-03-2025T07:16:40 - [TEST_STEP][PASSED] - if (opoveshenie == "Просьба обратить внимание"): Object: 'Object Repository/Выполнение бизнес-плана/Закрыть оповещение' is clicked on

07-03-2025T07:16:40 - [TEST_STEP][PASSED] - click(findTestObject("Выполнение бизнес-плана/Закрыть оповещение")): Object: 'Object Repository/Выполнение бизнес-плана/Закрыть оповещение' is clicked on

07-03-2025T07:16:40 - [MESSAGE][PASSED] - Object: 'Object Repository/Выполнение бизнес-плана/Закрыть оповещение' is clicked on

07-03-2025T07:16:40 - [TEST_STEP][PASSED] - click(findTestObject(path + "Фильтр Дата")): Object: 'Object Repository/Выполнение бизнес-плана/Фильтр Дата' is clicked on

07-03-2025T07:16:40 - [MESSAGE][PASSED] - Object: 'Object Repository/Выполнение бизнес-плана/Фильтр Дата' is clicked on

07-03-2025T07:16:40 - [TEST_STEP][PASSED] - scrollToElement(findTestObject(path + "2025 список"), 30): Scroll to object 'Object Repository/Выполнение бизнес-плана/2025 список' successfully

07-03-2025T07:16:41 - [MESSAGE][PASSED] - Scroll to object 'Object Repository/Выполнение бизнес-плана/2025 список' successfully

07-03-2025T07:16:41 - [TEST_STEP][PASSED] - click(findTestObject(path + "2025 список")): Object: 'Object Repository/Выполнение бизнес-плана/2025 список' is clicked on

07-03-2025T07:16:42 - [MESSAGE][PASSED] - Object: 'Object Repository/Выполнение бизнес-плана/2025 список' is clicked on

07-03-2025T07:16:42 - [TEST_STEP][PASSED] - scrollToElement(findTestObject(path + "1 квартал 2025 список"), 30): Scroll to object 'Object Repository/Выполнение бизнес-плана/1 квартал 2025 список' successfully

07-03-2025T07:16:42 - [MESSAGE][PASSED] - Scroll to object 'Object Repository/Выполнение бизнес-плана/1 квартал 2025 список' successfully

07-03-2025T07:16:42 - [TEST_STEP][PASSED] - click(findTestObject(path + "1 квартал 2025 список")): Object: 'Object Repository/Выполнение бизнес-плана/1 квартал 2025 список' is clicked on

07-03-2025T07:16:42 - [MESSAGE][PASSED] - Object: 'Object Repository/Выполнение бизнес-плана/1 квартал 2025 список' is clicked on

07-03-2025T07:16:42 - [TEST_STEP][PASSED] - scrollToElement(findTestObject(path + "Январь 2025"), 30): Scroll to object 'Object Repository/Выполнение бизнес-плана/Январь 2025' successfully

07-03-2025T07:16:43 - [MESSAGE][PASSED] - Scroll to object 'Object Repository/Выполнение бизнес-плана/Январь 2025' successfully

07-03-2025T07:16:43 - [TEST_STEP][PASSED] - click(findTestObject(path + "Январь 2025")): Object: 'Object Repository/Выполнение бизнес-плана/Январь 2025' is clicked on

07-03-2025T07:16:43 - [MESSAGE][PASSED] - Object: 'Object Repository/Выполнение бизнес-плана/Январь 2025' is clicked on

07-03-2025T07:16:43 - [TEST_STEP][PASSED] - scrollToElement(findTestObject(path + "Заголовок дашборда"), 30): Scroll to object 'Object Repository/Выполнение бизнес-плана/Заголовок дашборда' successfully

07-03-2025T07:16:43 - [MESSAGE][PASSED] - Scroll to object 'Object Repository/Выполнение бизнес-плана/Заголовок дашборда' successfully

07-03-2025T07:16:43 - [TEST_STEP][PASSED] - click(findTestObject(path + "Применить в фильтре Дата")): Object: 'Object Repository/Выполнение бизнес-плана/Применить в фильтре Дата' is clicked on

07-03-2025T07:16:44 - [MESSAGE][PASSED] - Object: 'Object Repository/Выполнение бизнес-плана/Применить в фильтре Дата' is clicked on

07-03-2025T07:16:44 - [TEST_STEP][PASSED] - delay(30): Delayed 30 second(s)

07-03-2025T07:17:14 - [MESSAGE][PASSED] - Delayed 30 second(s)

07-03-2025T07:17:14 - [TEST_STEP][PASSED] - Script1719299571342.ZakrytOpoveshenie(): null

07-03-2025T07:17:14 - [TEST_STEP][PASSED] - opoveshenie = getText(findTestObject("Выполнение бизнес-плана/Просьба обратить внимание")): Text of object 'Object Repository/Выполнение бизнес-плана/Просьба обратить внимание' is: 'Просьба обратить внимание'

07-03-2025T07:17:15 - [MESSAGE][PASSED] - Text of object 'Object Repository/Выполнение бизнес-плана/Просьба обратить внимание' is: 'Просьба обратить внимание'

07-03-2025T07:17:15 - [TEST_STEP][PASSED] - if (opoveshenie == "Просьба обратить внимание"): Object: 'Object Repository/Выполнение бизнес-плана/Закрыть оповещение' is clicked on

07-03-2025T07:17:15 - [TEST_STEP][PASSED] - click(findTestObject("Выполнение бизнес-плана/Закрыть оповещение")): Object: 'Object Repository/Выполнение бизнес-плана/Закрыть оповещение' is clicked on

07-03-2025T07:17:15 - [MESSAGE][PASSED] - Object: 'Object Repository/Выполнение бизнес-плана/Закрыть оповещение' is clicked on

07-03-2025T07:17:15 - [TEST_STEP][PASSED] - click(findTestObject(path + "Фильтр ДЗО")): Object: 'Object Repository/Выполнение бизнес-плана/Фильтр ДЗО' is clicked on

07-03-2025T07:17:15 - [MESSAGE][PASSED] - Object: 'Object Repository/Выполнение бизнес-плана/Фильтр ДЗО' is clicked on

07-03-2025T07:17:15 - [TEST_STEP][PASSED] - click(findTestObject(path + "Снять выделение в фильтре ДЗО")): Object: 'Object Repository/Выполнение бизнес-плана/Снять выделение в фильтре ДЗО' is clicked on

07-03-2025T07:17:16 - [MESSAGE][PASSED] - Object: 'Object Repository/Выполнение бизнес-плана/Снять выделение в фильтре ДЗО' is clicked on

07-03-2025T07:17:16 - [TEST_STEP][PASSED] - click(findTestObject(path + "ПАО Россети")): Object: 'Object Repository/Выполнение бизнес-плана/ПАО Россети' is clicked on

07-03-2025T07:17:16 - [MESSAGE][PASSED] - Object: 'Object Repository/Выполнение бизнес-плана/ПАО Россети' is clicked on

07-03-2025T07:17:16 - [TEST_STEP][PASSED] - click(findTestObject(path + "Применить в фильтре ДЗО")): Object: 'Object Repository/Выполнение бизнес-плана/Применить в фильтре ДЗО' is clicked on

07-03-2025T07:17:17 - [MESSAGE][PASSED] - Object: 'Object Repository/Выполнение бизнес-плана/Применить в фильтре ДЗО' is clicked on

07-03-2025T07:17:17 - [TEST_STEP][PASSED] - delay(30): Delayed 30 second(s)

07-03-2025T07:17:47 - [MESSAGE][PASSED] - Delayed 30 second(s)

07-03-2025T07:17:47 - [TEST_STEP][PASSED] - VseDZO = getText(findTestObject(path + "Список ДЗО")): Text of object 'Object Repository/Выполнение бизнес-плана/Список ДЗО' is: '-0.01
-0.92
-0.43
-2.42
-0.30
-0.28
-2.45
Россети ФСК ЕЭС
Россети Волга
Россети Московский регион
Россети Северо-Запад
Россети Томск
Россети Урал (ГК)
Россети Янтарь
-4
-2
0
2
4
6
8'

07-03-2025T07:17:48 - [MESSAGE][PASSED] - Text of object 'Object Repository/Выполнение бизнес-плана/Список ДЗО' is: '-0.01
-0.92
-0.43
-2.42
-0.30
-0.28
-2.45
Россети ФСК ЕЭС
Россети Волга
Россети Московский регион
Россети Северо-Запад
Россети Томск
Россети Урал (ГК)
Россети Янтарь
-4
-2
0
2
4
6
8'

07-03-2025T07:17:48 - [TEST_STEP][PASSED] - pRR = GetAllPAOData(path, dZONum, VseDZO, z = "ПАО Россети/"): null

07-03-2025T07:17:48 - [TEST_STEP][PASSED] - path2 = "Значения со страницы Выполнение бизнес-плана/Table Data/": null

07-03-2025T07:17:48 - [TEST_STEP][PASSED] - ii = <not implemented yet for class: org.codehaus.groovy.ast.expr.EmptyExpression>: null

07-03-2025T07:17:48 - [TEST_STEP][PASSED] - i1 = <not implemented yet for class: org.codehaus.groovy.ast.expr.EmptyExpression>: null

07-03-2025T07:17:48 - [TEST_STEP][PASSED] - z = <not implemented yet for class: org.codehaus.groovy.ast.expr.EmptyExpression>: null

07-03-2025T07:17:48 - [TEST_STEP][PASSED] - z1 = <not implemented yet for class: org.codehaus.groovy.ast.expr.EmptyExpression>: null

07-03-2025T07:17:48 - [TEST_STEP][PASSED] - println("path: " + path): null

07-03-2025T07:17:48 - [TEST_STEP][PASSED] - z = getText(findTestObject(path + "Итого")).replaceAll("[\r?
|
]", "/"): Text of object 'Object Repository/Выполнение бизнес-плана/Итого' is: '%
5.23 5.23
8.17 8.17
План
Факт
1
100'

07-03-2025T07:17:48 - [MESSAGE][PASSED] - Text of object 'Object Repository/Выполнение бизнес-плана/Итого' is: '%
5.23 5.23
8.17 8.17
План
Факт
1
100'

07-03-2025T07:17:48 - [TEST_STEP][PASSED] - ii = z.indexOf("%") + 2: null

07-03-2025T07:17:48 - [TEST_STEP][PASSED] - if (ii > -1): null

07-03-2025T07:17:48 - [TEST_STEP][PASSED] - z = z.substring(ii, z.length()): null

07-03-2025T07:17:48 - [TEST_STEP][PASSED] - println(z): null

07-03-2025T07:17:48 - [TEST_STEP][PASSED] - ii = z.indexOf("/1/100") - 1: null

07-03-2025T07:17:48 - [TEST_STEP][PASSED] - if (ii > -1): null

07-03-2025T07:17:48 - [TEST_STEP][PASSED] - z = z.substring(0, ii): null

07-03-2025T07:17:48 - [TEST_STEP][PASSED] - println(z): null

07-03-2025T07:17:48 - [TEST_STEP][PASSED] - ii = z.indexOf("План"): null

07-03-2025T07:17:48 - [TEST_STEP][PASSED] - if (ii > -1): null

07-03-2025T07:17:48 - [TEST_STEP][PASSED] - z = z.substring(0, ii): null

07-03-2025T07:17:48 - [TEST_STEP][PASSED] - println(z): null

07-03-2025T07:17:48 - [TEST_STEP][PASSED] - ii = z.indexOf("/") + 1: null

07-03-2025T07:17:48 - [TEST_STEP][PASSED] - z1 = z.substring(0, ii): null

07-03-2025T07:17:48 - [TEST_STEP][PASSED] - println(z1): null

07-03-2025T07:17:48 - [TEST_STEP][PASSED] - z = z.substring(ii, z.length()): null

07-03-2025T07:17:48 - [TEST_STEP][PASSED] - println(z): null

07-03-2025T07:17:48 - [TEST_STEP][PASSED] - ii = z1.length() / 2: null

07-03-2025T07:17:48 - [TEST_STEP][PASSED] - z1 = replaceAll("[\r?
|
]", "/").trim(): null

07-03-2025T07:17:48 - [TEST_STEP][PASSED] - println(z1): null

07-03-2025T07:17:48 - [TEST_STEP][PASSED] - ii = z.length() / 2: null

07-03-2025T07:17:48 - [TEST_STEP][PASSED] - z = replace("/", "").trim(): null

07-03-2025T07:17:48 - [TEST_STEP][PASSED] - println(z): null

07-03-2025T07:17:48 - [TEST_STEP][PASSED] - x = x + z1 + "/" + z: null

07-03-2025T07:17:48 - [TEST_STEP][PASSED] - println(x): null

07-03-2025T07:17:48 - [TEST_STEP][PASSED] - if (verifyElementPresent(findTestObject(path + "Таблица Итого-Факт"), 30)): null

07-03-2025T07:17:48 - [MESSAGE][PASSED] - Object 'Object Repository/Выполнение бизнес-плана/Таблица Итого-Факт' is present

07-03-2025T07:17:48 - [TEST_STEP][PASSED] - z = replaceAll("\s+", "").replaceAll("[а-яА-Я]", ""): Text of object 'Object Repository/Выполнение бизнес-плана/Таблица Итого-Факт' is: 'Отпуск в сеть 49 783 908
Отпуск из сети 45 718 992
Потери 4 064 916'

07-03-2025T07:17:49 - [MESSAGE][PASSED] - Text of object 'Object Repository/Выполнение бизнес-плана/Таблица Итого-Факт' is: 'Отпуск в сеть 49 783 908
Отпуск из сети 45 718 992
Потери 4 064 916'

07-03-2025T07:17:49 - [TEST_STEP][PASSED] - println(z): null

07-03-2025T07:17:49 - [TEST_STEP][PASSED] - x = x + "/" + z: null

07-03-2025T07:17:49 - [TEST_STEP][PASSED] - println(x): null

07-03-2025T07:17:49 - [TEST_STEP][PASSED] - click(findTestObject(path + "Кнопка План")): Object: 'Object Repository/Выполнение бизнес-плана/Кнопка План' is clicked on

07-03-2025T07:17:49 - [MESSAGE][PASSED] - Object: 'Object Repository/Выполнение бизнес-плана/Кнопка План' is clicked on

07-03-2025T07:17:49 - [TEST_STEP][PASSED] - z = replaceAll("\s+", "").replaceAll("[а-яА-Я]", ""): Text of object 'Object Repository/Выполнение бизнес-плана/Таблица Итого-План' is: 'Отпуск из сети 0
Потери 0
undefined undefined'

07-03-2025T07:17:49 - [MESSAGE][PASSED] - Text of object 'Object Repository/Выполнение бизнес-плана/Таблица Итого-План' is: 'Отпуск из сети 0
Потери 0
undefined undefined'

07-03-2025T07:17:49 - [TEST_STEP][PASSED] - x = x + "/" + z: null

07-03-2025T07:17:49 - [TEST_STEP][PASSED] - println(x): null

07-03-2025T07:17:49 - [TEST_STEP][PASSED] - click(findTestObject(path + "Кнопка Факт")): Object: 'Object Repository/Выполнение бизнес-плана/Кнопка Факт' is clicked on

07-03-2025T07:17:50 - [MESSAGE][PASSED] - Object: 'Object Repository/Выполнение бизнес-плана/Кнопка Факт' is clicked on

07-03-2025T07:17:50 - [TEST_STEP][PASSED] - return x: null

07-03-2025T07:17:50 - [TEST_STEP][PASSED] - println("pRR: " + pRR): null

07-03-2025T07:17:50 - [TEST_STEP][PASSED] - i = VseDZO.indexOf("ЕЭС"): null

07-03-2025T07:17:50 - [TEST_STEP][PASSED] - if (i > -1): null

07-03-2025T07:17:50 - [TEST_STEP][PASSED] - dZONum = dZONum + 1: null

07-03-2025T07:17:50 - [TEST_STEP][PASSED] - fR = GetAllData(path, dZONum, VseDZO, x = "Россети ФСК ЕЭС/"): null

07-03-2025T07:17:50 - [TEST_STEP][PASSED] - ii = <not implemented yet for class: org.codehaus.groovy.ast.expr.EmptyExpression>: null

07-03-2025T07:17:50 - [TEST_STEP][PASSED] - i1 = <not implemented yet for class: org.codehaus.groovy.ast.expr.EmptyExpression>: null

07-03-2025T07:17:50 - [TEST_STEP][PASSED] - z = <not implemented yet for class: org.codehaus.groovy.ast.expr.EmptyExpression>: null

07-03-2025T07:17:50 - [TEST_STEP][PASSED] - path2 = "Значения со страницы Выполнение бизнес-плана/Table Data/": null

07-03-2025T07:17:50 - [TEST_STEP][PASSED] - println("path: " + path): null

07-03-2025T07:17:50 - [TEST_STEP][PASSED] - println("dZONum: " + dZONum): null

07-03-2025T07:17:50 - [TEST_STEP][PASSED] - z = getText(findTestObject(path + "spanPlan" + dZONum)): Text of object 'Object Repository/Выполнение бизнес-плана/spanPlan1' is: '4.01
|'

07-03-2025T07:17:50 - [MESSAGE][PASSED] - Text of object 'Object Repository/Выполнение бизнес-плана/spanPlan1' is: '4.01
|'

07-03-2025T07:17:50 - [TEST_STEP][PASSED] - println(z): null

07-03-2025T07:17:50 - [TEST_STEP][PASSED] - ii = z.indexOf("|"): null

07-03-2025T07:17:50 - [TEST_STEP][PASSED] - if (ii > -1): null

07-03-2025T07:17:50 - [TEST_STEP][PASSED] - z = z.substring(0, z.length() - 1): null

07-03-2025T07:17:50 - [TEST_STEP][PASSED] - println(z): null

07-03-2025T07:17:50 - [TEST_STEP][PASSED] - z = z.replaceAll("\s+", ""): null

07-03-2025T07:17:50 - [TEST_STEP][PASSED] - z = z.replace("[\r?
|
]", "/"): null

07-03-2025T07:17:50 - [TEST_STEP][PASSED] - println(z): null

07-03-2025T07:17:50 - [TEST_STEP][PASSED] - x = x + z: null

07-03-2025T07:17:50 - [TEST_STEP][PASSED] - z = getText(findTestObject(path + "spanFact" + dZONum)): Text of object 'Object Repository/Выполнение бизнес-плана/spanFact1' is: '4.00'

07-03-2025T07:17:50 - [MESSAGE][PASSED] - Text of object 'Object Repository/Выполнение бизнес-плана/spanFact1' is: '4.00'

07-03-2025T07:17:50 - [TEST_STEP][PASSED] - ii = z.indexOf("|"): null

07-03-2025T07:17:50 - [TEST_STEP][PASSED] - if (ii > -1): null

07-03-2025T07:17:50 - [TEST_STEP][PASSED] - x = x + "/" + z: null

07-03-2025T07:17:50 - [TEST_STEP][PASSED] - z = getText(findTestObject(path + path2 + "Факт Отпуск в сеть за отчётный период " + dZONum)).replaceAll("\s+", ""): Text of object 'Object Repository/Выполнение бизнес-плана/Значения со страницы Выполнение бизнес-плана/Table Data/Факт Отпуск в сеть за отчётный период 1' is: '57 256 396'

07-03-2025T07:17:50 - [MESSAGE][PASSED] - Text of object 'Object Repository/Выполнение бизнес-плана/Значения со страницы Выполнение бизнес-плана/Table Data/Факт Отпуск в сеть за отчётный период 1' is: '57 256 396'

07-03-2025T07:17:50 - [TEST_STEP][PASSED] - println("z=" + z): null

07-03-2025T07:17:50 - [TEST_STEP][PASSED] - x = x + "/" + z: null

07-03-2025T07:17:50 - [TEST_STEP][PASSED] - z = getText(findTestObject(path + path2 + "Факт Отпуск из сети за отчётный период " + dZONum)).replaceAll("\s+", ""): Text of object 'Object Repository/Выполнение бизнес-плана/Значения со страницы Выполнение бизнес-плана/Table Data/Факт Отпуск из сети за отчётный период 1' is: '152 783'

07-03-2025T07:17:51 - [MESSAGE][PASSED] - Text of object 'Object Repository/Выполнение бизнес-плана/Значения со страницы Выполнение бизнес-плана/Table Data/Факт Отпуск из сети за отчётный период 1' is: '152 783'

07-03-2025T07:17:51 - [TEST_STEP][PASSED] - x = x + "/" + z: null

07-03-2025T07:17:51 - [TEST_STEP][PASSED] - z = getText(findTestObject(path + path2 + "Факт Потери за отчётный период " + dZONum)).replaceAll("\s+", ""): Text of object 'Object Repository/Выполнение бизнес-плана/Значения со страницы Выполнение бизнес-плана/Table Data/Факт Потери за отчётный период 1' is: '429 434'

07-03-2025T07:17:51 - [MESSAGE][PASSED] - Text of object 'Object Repository/Выполнение бизнес-плана/Значения со страницы Выполнение бизнес-плана/Table Data/Факт Потери за отчётный период 1' is: '429 434'

07-03-2025T07:17:51 - [TEST_STEP][PASSED] - x = x + "/" + z: null

07-03-2025T07:17:51 - [TEST_STEP][PASSED] - z = getText(findTestObject(path + path2 + "План Отпуск в сеть за отчётный период " + dZONum)).replaceAll("\s+", ""): Text of object 'Object Repository/Выполнение бизнес-плана/Значения со страницы Выполнение бизнес-плана/Table Data/План Отпуск в сеть за отчётный период 1' is: '58 806 842'

07-03-2025T07:17:51 - [MESSAGE][PASSED] - Text of object 'Object Repository/Выполнение бизнес-плана/Значения со страницы Выполнение бизнес-плана/Table Data/План Отпуск в сеть за отчётный период 1' is: '58 806 842'

07-03-2025T07:17:51 - [TEST_STEP][PASSED] - x = x + "/" + z: null

07-03-2025T07:17:51 - [TEST_STEP][PASSED] - z = getText(findTestObject(path + path2 + "План Отпуск из сети за отчётный период " + dZONum)).replaceAll("\s+", ""): Text of object 'Object Repository/Выполнение бизнес-плана/Значения со страницы Выполнение бизнес-плана/Table Data/План Отпуск из сети за отчётный период 1' is: '241 785'

07-03-2025T07:17:52 - [MESSAGE][PASSED] - Text of object 'Object Repository/Выполнение бизнес-плана/Значения со страницы Выполнение бизнес-плана/Table Data/План Отпуск из сети за отчётный период 1' is: '241 785'

07-03-2025T07:17:52 - [TEST_STEP][PASSED] - x = x + "/" + z: null

07-03-2025T07:17:52 - [TEST_STEP][ERROR] - z = getText(findTestObject(path + path2 + "План Потери за отчётный период " + dZONum)).replaceAll("\s+", ""): Test Cases/Сверки дашбордов/Выполнение бизнес-плана сверка дашбордов FAILED.
Reason:
java.lang.NullPointerException: Cannot invoke method replaceAll() on null object
	at Выполнение бизнес-плана сверка дашбордов.GetAllData(Выполнение бизнес-плана сверка дашбордов:985)
	at Выполнение бизнес-плана сверка дашбордов.run(Выполнение бизнес-плана сверка дашбордов:156)
	at com.kms.katalon.core.main.ScriptEngine.run(ScriptEngine.java:194)
	at com.kms.katalon.core.main.ScriptEngine.runScriptAsRawText(ScriptEngine.java:119)
	at com.kms.katalon.core.main.TestCaseExecutor.runScript(TestCaseExecutor.java:448)
	at com.kms.katalon.core.main.TestCaseExecutor.doExecute(TestCaseExecutor.java:439)
	at com.kms.katalon.core.main.TestCaseExecutor.processExecutionPhase(TestCaseExecutor.java:418)
	at com.kms.katalon.core.main.TestCaseExecutor.accessMainPhase(TestCaseExecutor.java:410)
	at com.kms.katalon.core.main.TestCaseExecutor.execute(TestCaseExecutor.java:285)
	at com.kms.katalon.core.common.CommonExecutor.accessTestCaseMainPhase(CommonExecutor.java:65)
	at com.kms.katalon.core.main.TestSuiteExecutor.accessTestSuiteMainPhase(TestSuiteExecutor.java:150)
	at com.kms.katalon.core.main.TestSuiteExecutor.execute(TestSuiteExecutor.java:106)
	at com.kms.katalon.core.main.TestCaseMain.startTestSuite(TestCaseMain.java:180)
	at TempTestSuite1741312418653.run(TempTestSuite1741312418653.groovy:35)
	at java.base/jdk.internal.reflect.NativeMethodAccessorImpl.invoke0(Native Method)
	at java.base/jdk.internal.reflect.NativeMethodAccessorImpl.invoke(NativeMethodAccessorImpl.java:77)
	at java.base/jdk.internal.reflect.DelegatingMethodAccessorImpl.invoke(DelegatingMethodAccessorImpl.java:43)


07-03-2025T07:18:23 - [MESSAGE][INFO] - Unable to find the element located by 'By.xpath: (.//*[normalize-space(text()) and normalize-space(.)='Показатели баланса электроэнергии по ДЗО – План'])[2]/following::td[35]'. Please recheck the objects properties to make sure the desired element is located. 

07-03-2025T07:18:23 - [MESSAGE][FAILED] - Unable to get text of object 'Object Repository/Выполнение бизнес-плана/Значения со страницы Выполнение бизнес-плана/Table Data/План Потери за отчётный период 1' (Root cause: com.kms.katalon.core.exception.StepFailedException: Unable to get text of object 'Object Repository/Выполнение бизнес-плана/Значения со страницы Выполнение бизнес-плана/Table Data/План Потери за отчётный период 1'
	at com.kms.katalon.core.webui.keyword.internal.WebUIKeywordMain.stepFailed(WebUIKeywordMain.groovy:64)
	at com.kms.katalon.core.webui.keyword.internal.WebUIKeywordMain.runKeyword(WebUIKeywordMain.groovy:26)
	at com.kms.katalon.core.webui.keyword.builtin.GetTextKeyword.getText(GetTextKeyword.groovy:88)
	at com.kms.katalon.core.webui.keyword.builtin.GetTextKeyword.execute(GetTextKeyword.groovy:67)
	at com.kms.katalon.core.keyword.internal.KeywordExecutor.executeKeywordForPlatform(KeywordExecutor.groovy:74)
	at com.kms.katalon.core.webui.keyword.WebUiBuiltInKeywords.getText(WebUiBuiltInKeywords.groovy:957)
	at Выполнение бизнес-плана сверка дашбордов.GetAllData(Выполнение бизнес-плана сверка дашбордов:985)
	at Выполнение бизнес-плана сверка дашбордов.run(Выполнение бизнес-плана сверка дашбордов:156)
	at com.kms.katalon.core.main.ScriptEngine.run(ScriptEngine.java:194)
	at com.kms.katalon.core.main.ScriptEngine.runScriptAsRawText(ScriptEngine.java:119)
	at com.kms.katalon.core.main.TestCaseExecutor.runScript(TestCaseExecutor.java:448)
	at com.kms.katalon.core.main.TestCaseExecutor.doExecute(TestCaseExecutor.java:439)
	at com.kms.katalon.core.main.TestCaseExecutor.processExecutionPhase(TestCaseExecutor.java:418)
	at com.kms.katalon.core.main.TestCaseExecutor.accessMainPhase(TestCaseExecutor.java:410)
	at com.kms.katalon.core.main.TestCaseExecutor.execute(TestCaseExecutor.java:285)
	at com.kms.katalon.core.common.CommonExecutor.accessTestCaseMainPhase(CommonExecutor.java:65)
	at com.kms.katalon.core.main.TestSuiteExecutor.accessTestSuiteMainPhase(TestSuiteExecutor.java:150)
	at com.kms.katalon.core.main.TestSuiteExecutor.execute(TestSuiteExecutor.java:106)
	at com.kms.katalon.core.main.TestCaseMain.startTestSuite(TestCaseMain.java:180)
	at TempTestSuite1741312418653.run(TempTestSuite1741312418653.groovy:35)
	at java.base/jdk.internal.reflect.NativeMethodAccessorImpl.invoke0(Native Method)
	at java.base/jdk.internal.reflect.NativeMethodAccessorImpl.invoke(NativeMethodAccessorImpl.java:77)
	at java.base/jdk.internal.reflect.DelegatingMethodAccessorImpl.invoke(DelegatingMethodAccessorImpl.java:43)
Caused by: com.kms.katalon.core.webui.exception.WebElementNotFoundException: Web element with id: 'Object Repository/Выполнение бизнес-плана/Значения со страницы Выполнение бизнес-плана/Table Data/План Потери за отчётный период 1' located by '(.//*[normalize-space(text()) and normalize-space(.)='Показатели баланса электроэнергии по ДЗО – План'])[2]/following::td[35]' not found
	at com.kms.katalon.core.webui.common.WebUiCommonHelper.findWebElement(WebUiCommonHelper.java:1426)
	at com.kms.katalon.core.webui.keyword.internal.WebUIAbstractKeyword.findWebElement(WebUIAbstractKeyword.groovy:27)
	at com.kms.katalon.core.webui.keyword.internal.WebUIAbstractKeyword.findWebElement(WebUIAbstractKeyword.groovy:26)
	at com.kms.katalon.core.webui.keyword.builtin.GetTextKeyword$_getText_closure1.doCall(GetTextKeyword.groovy:78)
	at com.kms.katalon.core.webui.keyword.builtin.GetTextKeyword$_getText_closure1.call(GetTextKeyword.groovy)
	at com.kms.katalon.core.webui.keyword.internal.WebUIKeywordMain.runKeyword(WebUIKeywordMain.groovy:20)
	at com.kms.katalon.core.webui.keyword.builtin.GetTextKeyword.getText(GetTextKeyword.groovy:88)
	at com.kms.katalon.core.webui.keyword.builtin.GetTextKeyword.execute(GetTextKeyword.groovy:67)
	at com.kms.katalon.core.keyword.internal.KeywordExecutor.executeKeywordForPlatform(KeywordExecutor.groovy:74)
	at com.kms.katalon.core.webui.keyword.WebUiBuiltInKeywords.getText(WebUiBuiltInKeywords.groovy:957)
	at Script1719299571342.GetAllData(Script1719299571342.groovy:985)
	at Script1719299571342.run(Script1719299571342.groovy:156)
	... 15 more
)
[[ATTACHMENT|C:\\Users\\LIAZGINA-DI\\git\\SPORU\\Reports\\20250307_045338\\\u041F\u043D-\u0421\u0440-\u041F\u0442\\\u0421\u0432\u0435\u0440\u043A\u0430 \u0434\u0430\u0448\u0431\u043E\u0440\u0434\u043E\u0432 \u0438\u0437 \u0440\u0430\u0437\u043D\u044B\u0445 \u0431\u043B\u043E\u043A\u043E\u0432\\20250307_045338\\1741321103342.png]]

07-03-2025T07:18:23 - [MESSAGE][ERROR] - Test Cases/Сверки дашбордов/Выполнение бизнес-плана сверка дашбордов FAILED.
Reason:
java.lang.NullPointerException: Cannot invoke method replaceAll() on null object
	at Выполнение бизнес-плана сверка дашбордов.GetAllData(Выполнение бизнес-плана сверка дашбордов:985)
	at Выполнение бизнес-плана сверка дашбордов.run(Выполнение бизнес-плана сверка дашбордов:156)
	at com.kms.katalon.core.main.ScriptEngine.run(ScriptEngine.java:194)
	at com.kms.katalon.core.main.ScriptEngine.runScriptAsRawText(ScriptEngine.java:119)
	at com.kms.katalon.core.main.TestCaseExecutor.runScript(TestCaseExecutor.java:448)
	at com.kms.katalon.core.main.TestCaseExecutor.doExecute(TestCaseExecutor.java:439)
	at com.kms.katalon.core.main.TestCaseExecutor.processExecutionPhase(TestCaseExecutor.java:418)
	at com.kms.katalon.core.main.TestCaseExecutor.accessMainPhase(TestCaseExecutor.java:410)
	at com.kms.katalon.core.main.TestCaseExecutor.execute(TestCaseExecutor.java:285)
	at com.kms.katalon.core.common.CommonExecutor.accessTestCaseMainPhase(CommonExecutor.java:65)
	at com.kms.katalon.core.main.TestSuiteExecutor.accessTestSuiteMainPhase(TestSuiteExecutor.java:150)
	at com.kms.katalon.core.main.TestSuiteExecutor.execute(TestSuiteExecutor.java:106)
	at com.kms.katalon.core.main.TestCaseMain.startTestSuite(TestCaseMain.java:180)
	at TempTestSuite1741312418653.run(TempTestSuite1741312418653.groovy:35)
	at java.base/jdk.internal.reflect.NativeMethodAccessorImpl.invoke0(Native Method)
	at java.base/jdk.internal.reflect.NativeMethodAccessorImpl.invoke(NativeMethodAccessorImpl.java:77)
	at java.base/jdk.internal.reflect.DelegatingMethodAccessorImpl.invoke(DelegatingMethodAccessorImpl.java:43)]]></system-out>
         <system-err><![CDATA[07-03-2025T07:14:34 - [TEST_CASE][FAILED] - Test Cases/Сверки дашбордов/Выполнение бизнес-плана сверка дашбордов: Test Cases/Сверки дашбордов/Выполнение бизнес-плана сверка дашбордов FAILED.
Reason:
com.kms.katalon.core.exception.StepFailedException: Unable to get text of object 'Object Repository/Выполнение бизнес-плана/Значения со страницы Выполнение бизнес-плана/Table Data/План Потери за отчётный период 1' (Root cause: com.kms.katalon.core.exception.StepFailedException: Unable to get text of object 'Object Repository/Выполнение бизнес-плана/Значения со страницы Выполнение бизнес-плана/Table Data/План Потери за отчётный период 1'
	at com.kms.katalon.core.webui.keyword.internal.WebUIKeywordMain.stepFailed(WebUIKeywordMain.groovy:64)
	at com.kms.katalon.core.webui.keyword.internal.WebUIKeywordMain.runKeyword(WebUIKeywordMain.groovy:26)
	at com.kms.katalon.core.webui.keyword.builtin.GetTextKeyword.getText(GetTextKeyword.groovy:88)
	at com.kms.katalon.core.webui.keyword.builtin.GetTextKeyword.execute(GetTextKeyword.groovy:67)
	at com.kms.katalon.core.keyword.internal.KeywordExecutor.executeKeywordForPlatform(KeywordExecutor.groovy:74)
	at com.kms.katalon.core.webui.keyword.WebUiBuiltInKeywords.getText(WebUiBuiltInKeywords.groovy:957)
	at Выполнение бизнес-плана сверка дашбордов.GetAllData(Выполнение бизнес-плана сверка дашбордов:985)
	at Выполнение бизнес-плана сверка дашбордов.run(Выполнение бизнес-плана сверка дашбордов:156)
	at com.kms.katalon.core.main.ScriptEngine.run(ScriptEngine.java:194)
	at com.kms.katalon.core.main.ScriptEngine.runScriptAsRawText(ScriptEngine.java:119)
	at com.kms.katalon.core.main.TestCaseExecutor.runScript(TestCaseExecutor.java:448)
	at com.kms.katalon.core.main.TestCaseExecutor.doExecute(TestCaseExecutor.java:439)
	at com.kms.katalon.core.main.TestCaseExecutor.processExecutionPhase(TestCaseExecutor.java:418)
	at com.kms.katalon.core.main.TestCaseExecutor.accessMainPhase(TestCaseExecutor.java:410)
	at com.kms.katalon.core.main.TestCaseExecutor.execute(TestCaseExecutor.java:285)
	at com.kms.katalon.core.common.CommonExecutor.accessTestCaseMainPhase(CommonExecutor.java:65)
	at com.kms.katalon.core.main.TestSuiteExecutor.accessTestSuiteMainPhase(TestSuiteExecutor.java:150)
	at com.kms.katalon.core.main.TestSuiteExecutor.execute(TestSuiteExecutor.java:106)
	at com.kms.katalon.core.main.TestCaseMain.startTestSuite(TestCaseMain.java:180)
	at TempTestSuite1741312418653.run(TempTestSuite1741312418653.groovy:35)
	at java.base/jdk.internal.reflect.NativeMethodAccessorImpl.invoke0(Native Method)
	at java.base/jdk.internal.reflect.NativeMethodAccessorImpl.invoke(NativeMethodAccessorImpl.java:77)
	at java.base/jdk.internal.reflect.DelegatingMethodAccessorImpl.invoke(DelegatingMethodAccessorImpl.java:43)
Caused by: com.kms.katalon.core.webui.exception.WebElementNotFoundException: Web element with id: 'Object Repository/Выполнение бизнес-плана/Значения со страницы Выполнение бизнес-плана/Table Data/План Потери за отчётный период 1' located by '(.//*[normalize-space(text()) and normalize-space(.)='Показатели баланса электроэнергии по ДЗО – План'])[2]/following::td[35]' not found
	at com.kms.katalon.core.webui.common.WebUiCommonHelper.findWebElement(WebUiCommonHelper.java:1426)
	at com.kms.katalon.core.webui.keyword.internal.WebUIAbstractKeyword.findWebElement(WebUIAbstractKeyword.groovy:27)
	at com.kms.katalon.core.webui.keyword.internal.WebUIAbstractKeyword.findWebElement(WebUIAbstractKeyword.groovy:26)
	at com.kms.katalon.core.webui.keyword.builtin.GetTextKeyword$_getText_closure1.doCall(GetTextKeyword.groovy:78)
	at com.kms.katalon.core.webui.keyword.builtin.GetTextKeyword$_getText_closure1.call(GetTextKeyword.groovy)
	at com.kms.katalon.core.webui.keyword.internal.WebUIKeywordMain.runKeyword(WebUIKeywordMain.groovy:20)
	at com.kms.katalon.core.webui.keyword.builtin.GetTextKeyword.getText(GetTextKeyword.groovy:88)
	at com.kms.katalon.core.webui.keyword.builtin.GetTextKeyword.execute(GetTextKeyword.groovy:67)
	at com.kms.katalon.core.keyword.internal.KeywordExecutor.executeKeywordForPlatform(KeywordExecutor.groovy:74)
	at com.kms.katalon.core.webui.keyword.WebUiBuiltInKeywords.getText(WebUiBuiltInKeywords.groovy:957)
	at Script1719299571342.GetAllData(Script1719299571342.groovy:985)
	at Script1719299571342.run(Script1719299571342.groovy:156)
	... 15 more
)
	at com.kms.katalon.core.keyword.internal.KeywordMain.stepFailed(KeywordMain.groovy:39)
	at com.kms.katalon.core.webui.keyword.internal.WebUIKeywordMain.stepFailed(WebUIKeywordMain.groovy:64)
	at com.kms.katalon.core.webui.keyword.internal.WebUIKeywordMain.runKeyword(WebUIKeywordMain.groovy:26)
	at com.kms.katalon.core.webui.keyword.builtin.GetTextKeyword.getText(GetTextKeyword.groovy:88)
	at com.kms.katalon.core.webui.keyword.builtin.GetTextKeyword.execute(GetTextKeyword.groovy:67)
	at com.kms.katalon.core.keyword.internal.KeywordExecutor.executeKeywordForPlatform(KeywordExecutor.groovy:74)
	at com.kms.katalon.core.webui.keyword.WebUiBuiltInKeywords.getText(WebUiBuiltInKeywords.groovy:957)
	at Выполнение бизнес-плана сверка дашбордов.GetAllData(Выполнение бизнес-плана сверка дашбордов:985)
	at Выполнение бизнес-плана сверка дашбордов.run(Выполнение бизнес-плана сверка дашбордов:156)
	at com.kms.katalon.core.main.ScriptEngine.run(ScriptEngine.java:194)
	at com.kms.katalon.core.main.ScriptEngine.runScriptAsRawText(ScriptEngine.java:119)
	at com.kms.katalon.core.main.TestCaseExecutor.runScript(TestCaseExecutor.java:448)
	at com.kms.katalon.core.main.TestCaseExecutor.doExecute(TestCaseExecutor.java:439)
	at com.kms.katalon.core.main.TestCaseExecutor.processExecutionPhase(TestCaseExecutor.java:418)
	at com.kms.katalon.core.main.TestCaseExecutor.accessMainPhase(TestCaseExecutor.java:410)
	at com.kms.katalon.core.main.TestCaseExecutor.execute(TestCaseExecutor.java:285)
	at com.kms.katalon.core.common.CommonExecutor.accessTestCaseMainPhase(CommonExecutor.java:65)
	at com.kms.katalon.core.main.TestSuiteExecutor.accessTestSuiteMainPhase(TestSuiteExecutor.java:150)
	at com.kms.katalon.core.main.TestSuiteExecutor.execute(TestSuiteExecutor.java:106)
	at com.kms.katalon.core.main.TestCaseMain.startTestSuite(TestCaseMain.java:180)
	at TempTestSuite1741312418653.run(TempTestSuite1741312418653.groovy:35)
	at java.base/jdk.internal.reflect.NativeMethodAccessorImpl.invoke0(Native Method)
	at java.base/jdk.internal.reflect.NativeMethodAccessorImpl.invoke(NativeMethodAccessorImpl.java:77)
	at java.base/jdk.internal.reflect.DelegatingMethodAccessorImpl.invoke(DelegatingMethodAccessorImpl.java:43)
Caused by: com.kms.katalon.core.exception.StepFailedException: Unable to get text of object 'Object Repository/Выполнение бизнес-плана/Значения со страницы Выполнение бизнес-плана/Table Data/План Потери за отчётный период 1'
	... 23 more
Caused by: com.kms.katalon.core.webui.exception.WebElementNotFoundException: Web element with id: 'Object Repository/Выполнение бизнес-плана/Значения со страницы Выполнение бизнес-плана/Table Data/План Потери за отчётный период 1' located by '(.//*[normalize-space(text()) and normalize-space(.)='Показатели баланса электроэнергии по ДЗО – План'])[2]/following::td[35]' not found
	at com.kms.katalon.core.webui.common.WebUiCommonHelper.findWebElement(WebUiCommonHelper.java:1426)
	at com.kms.katalon.core.webui.keyword.internal.WebUIAbstractKeyword.findWebElement(WebUIAbstractKeyword.groovy:27)
	at com.kms.katalon.core.webui.keyword.internal.WebUIAbstractKeyword.findWebElement(WebUIAbstractKeyword.groovy:26)
	at com.kms.katalon.core.webui.keyword.builtin.GetTextKeyword$_getText_closure1.doCall(GetTextKeyword.groovy:78)
	at com.kms.katalon.core.webui.keyword.builtin.GetTextKeyword$_getText_closure1.call(GetTextKeyword.groovy)
	at com.kms.katalon.core.webui.keyword.internal.WebUIKeywordMain.runKeyword(WebUIKeywordMain.groovy:20)
	... 21 more]]></system-err>
      </testcase>
      <testcase name="Test Cases/Сверки дашбордов/Выручка в рублях сверка дашбордов ПАО Россети" time="3336.401" classname="Test Cases/Сверки дашбордов/Выручка в рублях сверка дашбордов ПАО Россети" status="FAILED">
         <failure type="FAILED" message="Test Cases/Сверки дашбордов/Выручка в рублях сверка дашбордов ПАО Россети FAILED.&#xa;Reason:&#xa;com.kms.katalon.core.exception.StepFailedException: Unable to verify equal between actual object '36556' and expected object '8156' (Root cause: com.kms.katalon.core.exception.StepFailedException: Actual object '36556' and expected object '8156' are not equal&#xa;	at com.kms.katalon.core.keyword.builtin.VerifyEqualKeyword$_verifyEqual_closure1.doCall(VerifyEqualKeyword.groovy:58)&#xa;	at com.kms.katalon.core.keyword.builtin.VerifyEqualKeyword$_verifyEqual_closure1.call(VerifyEqualKeyword.groovy)&#xa;	at com.kms.katalon.core.keyword.internal.KeywordMain.runKeyword(KeywordMain.groovy:75)&#xa;	at com.kms.katalon.core.keyword.builtin.VerifyEqualKeyword.verifyEqual(VerifyEqualKeyword.groovy:63)&#xa;	at com.kms.katalon.core.keyword.builtin.VerifyEqualKeyword.execute(VerifyEqualKeyword.groovy:44)&#xa;	at com.kms.katalon.core.keyword.internal.KeywordExecutor.executeKeywordForPlatform(KeywordExecutor.groovy:74)&#xa;	at com.kms.katalon.core.keyword.BuiltinKeywords.verifyEqual(BuiltinKeywords.groovy:146)&#xa;	at jdk.internal.reflect.GeneratedMethodAccessor23.invoke(Unknown Source)&#xa;	at java.base/jdk.internal.reflect.DelegatingMethodAccessorImpl.invoke(DelegatingMethodAccessorImpl.java:43)&#xa;	at Выручка в рублях сверка дашбордов ПАО Россети.Blocks(Выручка в рублях сверка дашбордов ПАО Россети:357)&#xa;	at Выручка в рублях сверка дашбордов ПАО Россети.ViruchkaChange(Выручка в рублях сверка дашбордов ПАО Россети:60)&#xa;	at Выручка в рублях сверка дашбордов ПАО Россети.run(Выручка в рублях сверка дашбордов ПАО Россети:55)&#xa;	at com.kms.katalon.core.main.ScriptEngine.run(ScriptEngine.java:194)&#xa;	at com.kms.katalon.core.main.ScriptEngine.runScriptAsRawText(ScriptEngine.java:119)&#xa;	at com.kms.katalon.core.main.TestCaseExecutor.runScript(TestCaseExecutor.java:448)&#xa;	at com.kms.katalon.core.main.TestCaseExecutor.doExecute(TestCaseExecutor.java:439)&#xa;	at com.kms.katalon.core.main.TestCaseExecutor.processExecutionPhase(TestCaseExecutor.java:418)&#xa;	at com.kms.katalon.core.main.TestCaseExecutor.accessMainPhase(TestCaseExecutor.java:410)&#xa;	at com.kms.katalon.core.main.TestCaseExecutor.execute(TestCaseExecutor.java:285)&#xa;	at com.kms.katalon.core.common.CommonExecutor.accessTestCaseMainPhase(CommonExecutor.java:65)&#xa;	at com.kms.katalon.core.main.TestSuiteExecutor.accessTestSuiteMainPhase(TestSuiteExecutor.java:150)&#xa;	at com.kms.katalon.core.main.TestSuiteExecutor.execute(TestSuiteExecutor.java:106)&#xa;	at com.kms.katalon.core.main.TestCaseMain.startTestSuite(TestCaseMain.java:180)&#xa;	at TempTestSuite1741312418653.run(TempTestSuite1741312418653.groovy:35)&#xa;	at java.base/jdk.internal.reflect.NativeMethodAccessorImpl.invoke0(Native Method)&#xa;	at java.base/jdk.internal.reflect.NativeMethodAccessorImpl.invoke(NativeMethodAccessorImpl.java:77)&#xa;	at java.base/jdk.internal.reflect.DelegatingMethodAccessorImpl.invoke(DelegatingMethodAccessorImpl.java:43)&#xa;)&#xa;	at com.kms.katalon.core.keyword.internal.KeywordMain.stepFailed(KeywordMain.groovy:39)&#xa;	at com.kms.katalon.core.keyword.internal.KeywordMain.stepFailed(KeywordMain.groovy)&#xa;	at com.kms.katalon.core.keyword.internal.KeywordMain.runKeyword(KeywordMain.groovy:77)&#xa;	at com.kms.katalon.core.keyword.builtin.VerifyEqualKeyword.verifyEqual(VerifyEqualKeyword.groovy:63)&#xa;	at com.kms.katalon.core.keyword.builtin.VerifyEqualKeyword.execute(VerifyEqualKeyword.groovy:44)&#xa;	at com.kms.katalon.core.keyword.internal.KeywordExecutor.executeKeywordForPlatform(KeywordExecutor.groovy:74)&#xa;	at com.kms.katalon.core.keyword.BuiltinKeywords.verifyEqual(BuiltinKeywords.groovy:146)&#xa;	at jdk.internal.reflect.GeneratedMethodAccessor23.invoke(Unknown Source)&#xa;	at java.base/jdk.internal.reflect.DelegatingMethodAccessorImpl.invoke(DelegatingMethodAccessorImpl.java:43)&#xa;	at Выручка в рублях сверка дашбордов ПАО Россети.Blocks(Выручка в рублях сверка дашбордов ПАО Россети:357)&#xa;	at Выручка в рублях сверка дашбордов ПАО Россети.ViruchkaChange(Выручка в рублях сверка дашбордов ПАО Россети:60)&#xa;	at Выручка в рублях сверка дашбордов ПАО Россети.run(Выручка в рублях сверка дашбордов ПАО Россети:55)&#xa;	at com.kms.katalon.core.main.ScriptEngine.run(ScriptEngine.java:194)&#xa;	at com.kms.katalon.core.main.ScriptEngine.runScriptAsRawText(ScriptEngine.java:119)&#xa;	at com.kms.katalon.core.main.TestCaseExecutor.runScript(TestCaseExecutor.java:448)&#xa;	at com.kms.katalon.core.main.TestCaseExecutor.doExecute(TestCaseExecutor.java:439)&#xa;	at com.kms.katalon.core.main.TestCaseExecutor.processExecutionPhase(TestCaseExecutor.java:418)&#xa;	at com.kms.katalon.core.main.TestCaseExecutor.accessMainPhase(TestCaseExecutor.java:410)&#xa;	at com.kms.katalon.core.main.TestCaseExecutor.execute(TestCaseExecutor.java:285)&#xa;	at com.kms.katalon.core.common.CommonExecutor.accessTestCaseMainPhase(CommonExecutor.java:65)&#xa;	at com.kms.katalon.core.main.TestSuiteExecutor.accessTestSuiteMainPhase(TestSuiteExecutor.java:150)&#xa;	at com.kms.katalon.core.main.TestSuiteExecutor.execute(TestSuiteExecutor.java:106)&#xa;	at com.kms.katalon.core.main.TestCaseMain.startTestSuite(TestCaseMain.java:180)&#xa;	at TempTestSuite1741312418653.run(TempTestSuite1741312418653.groovy:35)&#xa;	at java.base/jdk.internal.reflect.NativeMethodAccessorImpl.invoke0(Native Method)&#xa;	at java.base/jdk.internal.reflect.NativeMethodAccessorImpl.invoke(NativeMethodAccessorImpl.java:77)&#xa;	at java.base/jdk.internal.reflect.DelegatingMethodAccessorImpl.invoke(DelegatingMethodAccessorImpl.java:43)&#xa;Caused by: com.kms.katalon.core.exception.StepFailedException: Actual object '36556' and expected object '8156' are not equal&#xa;	at com.kms.katalon.core.keyword.builtin.VerifyEqualKeyword$_verifyEqual_closure1.doCall(VerifyEqualKeyword.groovy:58)&#xa;	at com.kms.katalon.core.keyword.builtin.VerifyEqualKeyword$_verifyEqual_closure1.call(VerifyEqualKeyword.groovy)&#xa;	at com.kms.katalon.core.keyword.internal.KeywordMain.runKeyword(KeywordMain.groovy:75)&#xa;	... 24 more&#xa;"/>
         <system-out><![CDATA[07-03-2025T07:18:23 - [TEST_CASE][FAILED] - Test Cases/Сверки дашбордов/Выручка в рублях сверка дашбордов ПАО Россети: Test Cases/Сверки дашбордов/Выручка в рублях сверка дашбордов ПАО Россети FAILED.
Reason:
com.kms.katalon.core.exception.StepFailedException: Unable to verify equal between actual object '36556' and expected object '8156' (Root cause: com.kms.katalon.core.exception.StepFailedException: Actual object '36556' and expected object '8156' are not equal
	at com.kms.katalon.core.keyword.builtin.VerifyEqualKeyword$_verifyEqual_closure1.doCall(VerifyEqualKeyword.groovy:58)
	at com.kms.katalon.core.keyword.builtin.VerifyEqualKeyword$_verifyEqual_closure1.call(VerifyEqualKeyword.groovy)
	at com.kms.katalon.core.keyword.internal.KeywordMain.runKeyword(KeywordMain.groovy:75)
	at com.kms.katalon.core.keyword.builtin.VerifyEqualKeyword.verifyEqual(VerifyEqualKeyword.groovy:63)
	at com.kms.katalon.core.keyword.builtin.VerifyEqualKeyword.execute(VerifyEqualKeyword.groovy:44)
	at com.kms.katalon.core.keyword.internal.KeywordExecutor.executeKeywordForPlatform(KeywordExecutor.groovy:74)
	at com.kms.katalon.core.keyword.BuiltinKeywords.verifyEqual(BuiltinKeywords.groovy:146)
	at jdk.internal.reflect.GeneratedMethodAccessor23.invoke(Unknown Source)
	at java.base/jdk.internal.reflect.DelegatingMethodAccessorImpl.invoke(DelegatingMethodAccessorImpl.java:43)
	at Выручка в рублях сверка дашбордов ПАО Россети.Blocks(Выручка в рублях сверка дашбордов ПАО Россети:357)
	at Выручка в рублях сверка дашбордов ПАО Россети.ViruchkaChange(Выручка в рублях сверка дашбордов ПАО Россети:60)
	at Выручка в рублях сверка дашбордов ПАО Россети.run(Выручка в рублях сверка дашбордов ПАО Россети:55)
	at com.kms.katalon.core.main.ScriptEngine.run(ScriptEngine.java:194)
	at com.kms.katalon.core.main.ScriptEngine.runScriptAsRawText(ScriptEngine.java:119)
	at com.kms.katalon.core.main.TestCaseExecutor.runScript(TestCaseExecutor.java:448)
	at com.kms.katalon.core.main.TestCaseExecutor.doExecute(TestCaseExecutor.java:439)
	at com.kms.katalon.core.main.TestCaseExecutor.processExecutionPhase(TestCaseExecutor.java:418)
	at com.kms.katalon.core.main.TestCaseExecutor.accessMainPhase(TestCaseExecutor.java:410)
	at com.kms.katalon.core.main.TestCaseExecutor.execute(TestCaseExecutor.java:285)
	at com.kms.katalon.core.common.CommonExecutor.accessTestCaseMainPhase(CommonExecutor.java:65)
	at com.kms.katalon.core.main.TestSuiteExecutor.accessTestSuiteMainPhase(TestSuiteExecutor.java:150)
	at com.kms.katalon.core.main.TestSuiteExecutor.execute(TestSuiteExecutor.java:106)
	at com.kms.katalon.core.main.TestCaseMain.startTestSuite(TestCaseMain.java:180)
	at TempTestSuite1741312418653.run(TempTestSuite1741312418653.groovy:35)
	at java.base/jdk.internal.reflect.NativeMethodAccessorImpl.invoke0(Native Method)
	at java.base/jdk.internal.reflect.NativeMethodAccessorImpl.invoke(NativeMethodAccessorImpl.java:77)
	at java.base/jdk.internal.reflect.DelegatingMethodAccessorImpl.invoke(DelegatingMethodAccessorImpl.java:43)
)
	at com.kms.katalon.core.keyword.internal.KeywordMain.stepFailed(KeywordMain.groovy:39)
	at com.kms.katalon.core.keyword.internal.KeywordMain.stepFailed(KeywordMain.groovy)
	at com.kms.katalon.core.keyword.internal.KeywordMain.runKeyword(KeywordMain.groovy:77)
	at com.kms.katalon.core.keyword.builtin.VerifyEqualKeyword.verifyEqual(VerifyEqualKeyword.groovy:63)
	at com.kms.katalon.core.keyword.builtin.VerifyEqualKeyword.execute(VerifyEqualKeyword.groovy:44)
	at com.kms.katalon.core.keyword.internal.KeywordExecutor.executeKeywordForPlatform(KeywordExecutor.groovy:74)
	at com.kms.katalon.core.keyword.BuiltinKeywords.verifyEqual(BuiltinKeywords.groovy:146)
	at jdk.internal.reflect.GeneratedMethodAccessor23.invoke(Unknown Source)
	at java.base/jdk.internal.reflect.DelegatingMethodAccessorImpl.invoke(DelegatingMethodAccessorImpl.java:43)
	at Выручка в рублях сверка дашбордов ПАО Россети.Blocks(Выручка в рублях сверка дашбордов ПАО Россети:357)
	at Выручка в рублях сверка дашбордов ПАО Россети.ViruchkaChange(Выручка в рублях сверка дашбордов ПАО Россети:60)
	at Выручка в рублях сверка дашбордов ПАО Россети.run(Выручка в рублях сверка дашбордов ПАО Россети:55)
	at com.kms.katalon.core.main.ScriptEngine.run(ScriptEngine.java:194)
	at com.kms.katalon.core.main.ScriptEngine.runScriptAsRawText(ScriptEngine.java:119)
	at com.kms.katalon.core.main.TestCaseExecutor.runScript(TestCaseExecutor.java:448)
	at com.kms.katalon.core.main.TestCaseExecutor.doExecute(TestCaseExecutor.java:439)
	at com.kms.katalon.core.main.TestCaseExecutor.processExecutionPhase(TestCaseExecutor.java:418)
	at com.kms.katalon.core.main.TestCaseExecutor.accessMainPhase(TestCaseExecutor.java:410)
	at com.kms.katalon.core.main.TestCaseExecutor.execute(TestCaseExecutor.java:285)
	at com.kms.katalon.core.common.CommonExecutor.accessTestCaseMainPhase(CommonExecutor.java:65)
	at com.kms.katalon.core.main.TestSuiteExecutor.accessTestSuiteMainPhase(TestSuiteExecutor.java:150)
	at com.kms.katalon.core.main.TestSuiteExecutor.execute(TestSuiteExecutor.java:106)
	at com.kms.katalon.core.main.TestCaseMain.startTestSuite(TestCaseMain.java:180)
	at TempTestSuite1741312418653.run(TempTestSuite1741312418653.groovy:35)
	at java.base/jdk.internal.reflect.NativeMethodAccessorImpl.invoke0(Native Method)
	at java.base/jdk.internal.reflect.NativeMethodAccessorImpl.invoke(NativeMethodAccessorImpl.java:77)
	at java.base/jdk.internal.reflect.DelegatingMethodAccessorImpl.invoke(DelegatingMethodAccessorImpl.java:43)
Caused by: com.kms.katalon.core.exception.StepFailedException: Actual object '36556' and expected object '8156' are not equal
	at com.kms.katalon.core.keyword.builtin.VerifyEqualKeyword$_verifyEqual_closure1.doCall(VerifyEqualKeyword.groovy:58)
	at com.kms.katalon.core.keyword.builtin.VerifyEqualKeyword$_verifyEqual_closure1.call(VerifyEqualKeyword.groovy)
	at com.kms.katalon.core.keyword.internal.KeywordMain.runKeyword(KeywordMain.groovy:75)
	... 24 more


07-03-2025T07:18:23 - [TEST_STEP][PASSED] - date = new java.util.Date(): null

07-03-2025T07:18:23 - [TEST_STEP][PASSED] - todaysDate = date.format("dd.MM.yyyy"): null

07-03-2025T07:18:23 - [TEST_STEP][PASSED] - println(todaysDate): null

07-03-2025T07:18:23 - [TEST_STEP][PASSED] - run = 1: null

07-03-2025T07:18:23 - [TEST_STEP][PASSED] - vir = 1: null

07-03-2025T07:18:23 - [TEST_STEP][PASSED] - block = 1: null

07-03-2025T07:18:23 - [TEST_STEP][PASSED] - vidget = <not implemented yet for class: org.codehaus.groovy.ast.expr.EmptyExpression>: null

07-03-2025T07:18:23 - [TEST_STEP][PASSED] - nameOfBlock = <not implemented yet for class: org.codehaus.groovy.ast.expr.EmptyExpression>: null

07-03-2025T07:18:23 - [TEST_STEP][PASSED] - typeOfData = <not implemented yet for class: org.codehaus.groovy.ast.expr.EmptyExpression>: null

07-03-2025T07:18:23 - [TEST_STEP][PASSED] - viruchka = <not implemented yet for class: org.codehaus.groovy.ast.expr.EmptyExpression>: null

07-03-2025T07:18:23 - [TEST_STEP][PASSED] - a = <not implemented yet for class: org.codehaus.groovy.ast.expr.EmptyExpression>: null

07-03-2025T07:18:23 - [TEST_STEP][PASSED] - b = <not implemented yet for class: org.codehaus.groovy.ast.expr.EmptyExpression>: null

07-03-2025T07:18:23 - [TEST_STEP][PASSED] - x = <not implemented yet for class: org.codehaus.groovy.ast.expr.EmptyExpression>: null

07-03-2025T07:18:23 - [TEST_STEP][PASSED] - y = <not implemented yet for class: org.codehaus.groovy.ast.expr.EmptyExpression>: null

07-03-2025T07:18:23 - [TEST_STEP][PASSED] - dZO = "ПАО Россети": null

07-03-2025T07:18:23 - [TEST_STEP][PASSED] - for ([run = 1, run < 3, (run++)]): null

07-03-2025T07:18:23 - [TEST_STEP][PASSED] - Script1710234207206.ViruchkaChange(run, vir, block, nameOfBlock, typeOfData, viruchka, vidget, todaysDate, a, b, dZO, x, y): null

07-03-2025T07:18:23 - [TEST_STEP][PASSED] - for ([vir = 1, vir < 4, (vir++)]): null

07-03-2025T07:18:23 - [TEST_STEP][PASSED] - Script1710234207206.Blocks(run, vir, block, nameOfBlock, typeOfData, viruchka, vidget, todaysDate, a, b, dZO, x, y): null

07-03-2025T07:18:23 - [TEST_STEP][PASSED] - i = <not implemented yet for class: org.codehaus.groovy.ast.expr.EmptyExpression>: null

07-03-2025T07:18:23 - [TEST_STEP][PASSED] - perc = "": null

07-03-2025T07:18:23 - [TEST_STEP][PASSED] - a1 = <not implemented yet for class: org.codehaus.groovy.ast.expr.EmptyExpression>: null

07-03-2025T07:18:23 - [TEST_STEP][PASSED] - a2 = <not implemented yet for class: org.codehaus.groovy.ast.expr.EmptyExpression>: null

07-03-2025T07:18:23 - [TEST_STEP][PASSED] - a30 = <not implemented yet for class: org.codehaus.groovy.ast.expr.EmptyExpression>: null

07-03-2025T07:18:23 - [TEST_STEP][PASSED] - a31 = <not implemented yet for class: org.codehaus.groovy.ast.expr.EmptyExpression>: null

07-03-2025T07:18:23 - [TEST_STEP][PASSED] - a32 = <not implemented yet for class: org.codehaus.groovy.ast.expr.EmptyExpression>: null

07-03-2025T07:18:23 - [TEST_STEP][PASSED] - a33 = <not implemented yet for class: org.codehaus.groovy.ast.expr.EmptyExpression>: null

07-03-2025T07:18:23 - [TEST_STEP][PASSED] - a34 = <not implemented yet for class: org.codehaus.groovy.ast.expr.EmptyExpression>: null

07-03-2025T07:18:23 - [TEST_STEP][PASSED] - a35 = <not implemented yet for class: org.codehaus.groovy.ast.expr.EmptyExpression>: null

07-03-2025T07:18:23 - [TEST_STEP][PASSED] - a36 = <not implemented yet for class: org.codehaus.groovy.ast.expr.EmptyExpression>: null

07-03-2025T07:18:23 - [TEST_STEP][PASSED] - a37 = <not implemented yet for class: org.codehaus.groovy.ast.expr.EmptyExpression>: null

07-03-2025T07:18:23 - [TEST_STEP][PASSED] - a38 = <not implemented yet for class: org.codehaus.groovy.ast.expr.EmptyExpression>: null

07-03-2025T07:18:23 - [TEST_STEP][PASSED] - a39 = <not implemented yet for class: org.codehaus.groovy.ast.expr.EmptyExpression>: null

07-03-2025T07:18:23 - [TEST_STEP][PASSED] - a310 = <not implemented yet for class: org.codehaus.groovy.ast.expr.EmptyExpression>: null

07-03-2025T07:18:23 - [TEST_STEP][PASSED] - a311 = <not implemented yet for class: org.codehaus.groovy.ast.expr.EmptyExpression>: null

07-03-2025T07:18:23 - [TEST_STEP][PASSED] - a312 = <not implemented yet for class: org.codehaus.groovy.ast.expr.EmptyExpression>: null

07-03-2025T07:18:23 - [TEST_STEP][PASSED] - a313 = <not implemented yet for class: org.codehaus.groovy.ast.expr.EmptyExpression>: null

07-03-2025T07:18:23 - [TEST_STEP][PASSED] - a314 = <not implemented yet for class: org.codehaus.groovy.ast.expr.EmptyExpression>: null

07-03-2025T07:18:23 - [TEST_STEP][PASSED] - a315 = <not implemented yet for class: org.codehaus.groovy.ast.expr.EmptyExpression>: null

07-03-2025T07:18:23 - [TEST_STEP][PASSED] - a316 = <not implemented yet for class: org.codehaus.groovy.ast.expr.EmptyExpression>: null

07-03-2025T07:18:23 - [TEST_STEP][PASSED] - a317 = <not implemented yet for class: org.codehaus.groovy.ast.expr.EmptyExpression>: null

07-03-2025T07:18:23 - [TEST_STEP][PASSED] - b1 = <not implemented yet for class: org.codehaus.groovy.ast.expr.EmptyExpression>: null

07-03-2025T07:18:23 - [TEST_STEP][PASSED] - b2 = <not implemented yet for class: org.codehaus.groovy.ast.expr.EmptyExpression>: null

07-03-2025T07:18:23 - [TEST_STEP][PASSED] - b30 = <not implemented yet for class: org.codehaus.groovy.ast.expr.EmptyExpression>: null

07-03-2025T07:18:23 - [TEST_STEP][PASSED] - b31 = <not implemented yet for class: org.codehaus.groovy.ast.expr.EmptyExpression>: null

07-03-2025T07:18:23 - [TEST_STEP][PASSED] - b32 = <not implemented yet for class: org.codehaus.groovy.ast.expr.EmptyExpression>: null

07-03-2025T07:18:23 - [TEST_STEP][PASSED] - b33 = <not implemented yet for class: org.codehaus.groovy.ast.expr.EmptyExpression>: null

07-03-2025T07:18:23 - [TEST_STEP][PASSED] - b34 = <not implemented yet for class: org.codehaus.groovy.ast.expr.EmptyExpression>: null

07-03-2025T07:18:23 - [TEST_STEP][PASSED] - b35 = <not implemented yet for class: org.codehaus.groovy.ast.expr.EmptyExpression>: null

07-03-2025T07:18:23 - [TEST_STEP][PASSED] - b36 = <not implemented yet for class: org.codehaus.groovy.ast.expr.EmptyExpression>: null

07-03-2025T07:18:23 - [TEST_STEP][PASSED] - b37 = <not implemented yet for class: org.codehaus.groovy.ast.expr.EmptyExpression>: null

07-03-2025T07:18:23 - [TEST_STEP][PASSED] - b38 = <not implemented yet for class: org.codehaus.groovy.ast.expr.EmptyExpression>: null

07-03-2025T07:18:23 - [TEST_STEP][PASSED] - b39 = <not implemented yet for class: org.codehaus.groovy.ast.expr.EmptyExpression>: null

07-03-2025T07:18:23 - [TEST_STEP][PASSED] - b310 = <not implemented yet for class: org.codehaus.groovy.ast.expr.EmptyExpression>: null

07-03-2025T07:18:23 - [TEST_STEP][PASSED] - b311 = <not implemented yet for class: org.codehaus.groovy.ast.expr.EmptyExpression>: null

07-03-2025T07:18:23 - [TEST_STEP][PASSED] - b312 = <not implemented yet for class: org.codehaus.groovy.ast.expr.EmptyExpression>: null

07-03-2025T07:18:23 - [TEST_STEP][PASSED] - b313 = <not implemented yet for class: org.codehaus.groovy.ast.expr.EmptyExpression>: null

07-03-2025T07:18:23 - [TEST_STEP][PASSED] - b314 = <not implemented yet for class: org.codehaus.groovy.ast.expr.EmptyExpression>: null

07-03-2025T07:18:23 - [TEST_STEP][PASSED] - b315 = <not implemented yet for class: org.codehaus.groovy.ast.expr.EmptyExpression>: null

07-03-2025T07:18:23 - [TEST_STEP][PASSED] - b316 = <not implemented yet for class: org.codehaus.groovy.ast.expr.EmptyExpression>: null

07-03-2025T07:18:23 - [TEST_STEP][PASSED] - b317 = <not implemented yet for class: org.codehaus.groovy.ast.expr.EmptyExpression>: null

07-03-2025T07:18:23 - [TEST_STEP][PASSED] - block = 1: null

07-03-2025T07:18:23 - [TEST_STEP][PASSED] - nameOfBlock = "": null

07-03-2025T07:18:23 - [TEST_STEP][PASSED] - Script1710234207206.PreSettings(run, vir, block, nameOfBlock, typeOfData, todaysDate): null

07-03-2025T07:18:23 - [TEST_STEP][PASSED] - openBrowser(""): Browser is opened with url: ''

07-03-2025T07:18:23 - [MESSAGE][WARNING] - A browser is already opened. Closing browser and opening a new one

07-03-2025T07:18:24 - [MESSAGE][INFO] - Starting 'Chrome' driver

07-03-2025T07:18:24 - [MESSAGE][INFO] - Action delay is set to 0 milliseconds

07-03-2025T07:18:25 - [MESSAGE][PASSED] - Browser is opened with url: ''

07-03-2025T07:18:25 - [TEST_STEP][PASSED] - refresh(): Refresh successfully

07-03-2025T07:18:25 - [MESSAGE][PASSED] - Refresh successfully

07-03-2025T07:18:25 - [TEST_STEP][PASSED] - delay(50): Delayed 50 second(s)

07-03-2025T07:19:15 - [MESSAGE][PASSED] - Delayed 50 second(s)

07-03-2025T07:19:15 - [TEST_STEP][PASSED] - println("run:" + run): null

07-03-2025T07:19:15 - [TEST_STEP][PASSED] - println("vir:" + vir): null

07-03-2025T07:19:15 - [TEST_STEP][PASSED] - println("block:" + block): null

07-03-2025T07:19:15 - [TEST_STEP][PASSED] - if (block == 1): null

07-03-2025T07:19:15 - [TEST_STEP][PASSED] - nameOfBlock = "": null

07-03-2025T07:19:15 - [TEST_STEP][PASSED] - println("nameOfBlock:" + nameOfBlock): null

07-03-2025T07:19:15 - [TEST_STEP][PASSED] - println("typeOfData:" + typeOfData): null

07-03-2025T07:19:15 - [TEST_STEP][PASSED] - println("todaysDate:" + todaysDate): null

07-03-2025T07:19:15 - [TEST_STEP][PASSED] - Script1710234207206.Autorization(block, nameOfBlock): null

07-03-2025T07:19:15 - [TEST_STEP][PASSED] - i = <not implemented yet for class: org.codehaus.groovy.ast.expr.EmptyExpression>: null

07-03-2025T07:19:15 - [TEST_STEP][PASSED] - ii = <not implemented yet for class: org.codehaus.groovy.ast.expr.EmptyExpression>: null

07-03-2025T07:19:15 - [TEST_STEP][PASSED] - urlData = <not implemented yet for class: org.codehaus.groovy.ast.expr.EmptyExpression>: null

07-03-2025T07:19:15 - [TEST_STEP][PASSED] - searchWord = <not implemented yet for class: org.codehaus.groovy.ast.expr.EmptyExpression>: null

07-03-2025T07:19:15 - [TEST_STEP][PASSED] - urlText = <not implemented yet for class: org.codehaus.groovy.ast.expr.EmptyExpression>: null

07-03-2025T07:19:15 - [TEST_STEP][PASSED] - println("block:" + block): null

07-03-2025T07:19:15 - [TEST_STEP][PASSED] - if (block == 1): null

07-03-2025T07:19:15 - [TEST_STEP][PASSED] - nameOfBlock = "": null

07-03-2025T07:19:15 - [TEST_STEP][PASSED] - println("nameOfBlock:" + nameOfBlock): null

07-03-2025T07:19:15 - [TEST_STEP][PASSED] - if (block == 1): Delayed 45 second(s)

07-03-2025T07:19:15 - [TEST_STEP][PASSED] - urlData = 2: null

07-03-2025T07:19:15 - [TEST_STEP][PASSED] - delay(45): Delayed 45 second(s)

07-03-2025T07:20:00 - [MESSAGE][PASSED] - Delayed 45 second(s)

07-03-2025T07:20:00 - [TEST_STEP][PASSED] - navigateToUrl(findTestData("PlanFact").getValue(10, urlData)): Navigate to 'https://bi.rosseti.digital/viewer?dashboardGuid=2301950b23be4ed89c1df75f2020051e&sheetGuid=b723206f698544fb87299f3095c00435&fit=true' successfully

07-03-2025T07:20:04 - [MESSAGE][PASSED] - Navigate to 'https://bi.rosseti.digital/viewer?dashboardGuid=2301950b23be4ed89c1df75f2020051e&sheetGuid=b723206f698544fb87299f3095c00435&fit=true' successfully

07-03-2025T07:20:04 - [TEST_STEP][PASSED] - urlText = getText(findTestObject("Страница авторизации/Text")): Text of object 'Object Repository/Страница авторизации/Text' is: 'Вход'

07-03-2025T07:20:06 - [MESSAGE][PASSED] - Text of object 'Object Repository/Страница авторизации/Text' is: 'Вход'

07-03-2025T07:20:06 - [TEST_STEP][PASSED] - searchWord = "Вход": null

07-03-2025T07:20:06 - [TEST_STEP][PASSED] - if (urlText == null || urlText.contains("ошибка") || urlText.contains(searchWord) == false): null

07-03-2025T07:20:06 - [TEST_STEP][PASSED] - if (verifyElementPresent(findTestObject("Страница авторизации/button_"), 30) == true): null

07-03-2025T07:20:06 - [MESSAGE][PASSED] - Object 'Object Repository/Страница авторизации/button_' is present

07-03-2025T07:20:06 - [TEST_STEP][PASSED] - setText(findTestObject("Страница авторизации/input__username"), findTestData("PlanFact").getValue(8, 1)): Text 'liazgina-di' is set on object 'Object Repository/Страница авторизации/input__username'

07-03-2025T07:20:07 - [MESSAGE][PASSED] - Text 'liazgina-di' is set on object 'Object Repository/Страница авторизации/input__username'

07-03-2025T07:20:07 - [TEST_STEP][PASSED] - setText(findTestObject("Страница авторизации/input__password"), findTestData("PlanFact").getValue(9, 1)): Text ')$%5srZ8o688Dm#q' is set on object 'Object Repository/Страница авторизации/input__password'

07-03-2025T07:20:07 - [MESSAGE][PASSED] - Text ')$%5srZ8o688Dm#q' is set on object 'Object Repository/Страница авторизации/input__password'

07-03-2025T07:20:07 - [TEST_STEP][PASSED] - click(findTestObject("Страница авторизации/button_")): Object: 'Object Repository/Страница авторизации/button_' is clicked on

07-03-2025T07:20:08 - [MESSAGE][PASSED] - Object: 'Object Repository/Страница авторизации/button_' is clicked on

07-03-2025T07:20:08 - [TEST_STEP][PASSED] - delay(45): Delayed 45 second(s)

07-03-2025T07:20:53 - [MESSAGE][PASSED] - Delayed 45 second(s)

07-03-2025T07:20:53 - [TEST_STEP][PASSED] - urlText = getText(findTestObject("Страница авторизации/Text")): Text of object 'Object Repository/Страница авторизации/Text' is: 'Период
Январь 2025 года
Выручка
Все
Выполнение плановых показателей по ПАО Россети за Январь 2025 года
План
Факт
Динамика
2025 год
0 млн.руб.
20 000 млн.руб.
40 000 млн.руб.
60 000 млн.руб.
80 000 млн.руб.
100 000 млн.руб.
120 000 млн.руб.
140 000 млн.руб.
160 000 млн.руб.
180 000 млн.руб.
200 000 млн.руб.
121 309
157 865
↑
ДЗО 
ПАО Россети
Внутренний оборот - выручка за услуги по передаче электрической энергии, учтенная в выручке за электроэнергию для конечных потребителей, при выполнении ДЗО функций гарантирующего поставщика
Подписи данных
⬤Отклонение
АО "РЭС"
АО «Тываэнерго»
АО «Чеченэнерго»
Россети Волга
Россети Кубань
Россети Ленэнерго (ГК)
Россети Московский регион
Россети Северный Кавказ (ГК)
Россети Северо-Запад
Россети Сибирь (ГК)
Россети Томск
Россети Тюмень
Россети Урал (ГК)
Россети ФСК ЕЭС
Россети Центр
Россети Центр и Приволжье (ГК)
Россети Юг (ГК)
Россети Янтарь
-2 000 млн.руб.
0 млн.руб.
2 000 млн.руб.
4 000 млн.руб.
6 000 млн.руб.
8 000 млн.руб.
10 000 млн.руб.
12 000 млн.руб.
14 000 млн.руб.
-73
274
463
1 630
-54
-403
8 709
3 799
-251
11 296
-58
-1 104
-474
-59
-675
13 055
500
-19
млн.
%
Выручка
Отклонение выручки по ПАО Россети за Январь 2025 года (факт/план, млн. руб)
ПАО Россети
36 556 млн.руб.
 '

07-03-2025T07:20:54 - [MESSAGE][PASSED] - Text of object 'Object Repository/Страница авторизации/Text' is: 'Период
Январь 2025 года
Выручка
Все
Выполнение плановых показателей по ПАО Россети за Январь 2025 года
План
Факт
Динамика
2025 год
0 млн.руб.
20 000 млн.руб.
40 000 млн.руб.
60 000 млн.руб.
80 000 млн.руб.
100 000 млн.руб.
120 000 млн.руб.
140 000 млн.руб.
160 000 млн.руб.
180 000 млн.руб.
200 000 млн.руб.
121 309
157 865
↑
ДЗО 
ПАО Россети
Внутренний оборот - выручка за услуги по передаче электрической энергии, учтенная в выручке за электроэнергию для конечных потребителей, при выполнении ДЗО функций гарантирующего поставщика
Подписи данных
⬤Отклонение
АО "РЭС"
АО «Тываэнерго»
АО «Чеченэнерго»
Россети Волга
Россети Кубань
Россети Ленэнерго (ГК)
Россети Московский регион
Россети Северный Кавказ (ГК)
Россети Северо-Запад
Россети Сибирь (ГК)
Россети Томск
Россети Тюмень
Россети Урал (ГК)
Россети ФСК ЕЭС
Россети Центр
Россети Центр и Приволжье (ГК)
Россети Юг (ГК)
Россети Янтарь
-2 000 млн.руб.
0 млн.руб.
2 000 млн.руб.
4 000 млн.руб.
6 000 млн.руб.
8 000 млн.руб.
10 000 млн.руб.
12 000 млн.руб.
14 000 млн.руб.
-73
274
463
1 630
-54
-403
8 709
3 799
-251
11 296
-58
-1 104
-474
-59
-675
13 055
500
-19
млн.
%
Выручка
Отклонение выручки по ПАО Россети за Январь 2025 года (факт/план, млн. руб)
ПАО Россети
36 556 млн.руб.
 '

07-03-2025T07:20:54 - [TEST_STEP][PASSED] - searchWord = "а": null

07-03-2025T07:20:54 - [TEST_STEP][PASSED] - if (urlText.contains("ошибка") || urlText.contains(searchWord) == false): null

07-03-2025T07:20:54 - [TEST_STEP][PASSED] - delay(45): Delayed 45 second(s)

07-03-2025T07:21:39 - [MESSAGE][PASSED] - Delayed 45 second(s)

07-03-2025T07:21:39 - [TEST_STEP][PASSED] - if (block == 2): null

07-03-2025T07:21:39 - [TEST_STEP][PASSED] - click(findTestObject("Выручка в рублях/Фильтр Период" + nameOfBlock)): Object: 'Object Repository/Выручка в рублях/Фильтр Период' is clicked on

07-03-2025T07:21:40 - [MESSAGE][PASSED] - Object: 'Object Repository/Выручка в рублях/Фильтр Период' is clicked on

07-03-2025T07:21:40 - [TEST_STEP][PASSED] - click(findTestObject("Выручка в рублях/Снять выделение в фильтре Дата" + nameOfBlock)): Object: 'Object Repository/Выручка в рублях/Снять выделение в фильтре Дата' is clicked on

07-03-2025T07:21:40 - [MESSAGE][PASSED] - Object: 'Object Repository/Выручка в рублях/Снять выделение в фильтре Дата' is clicked on

07-03-2025T07:21:40 - [TEST_STEP][PASSED] - click(findTestObject("Выручка в рублях/Применить в фильтре Дата" + nameOfBlock)): Object: 'Object Repository/Выручка в рублях/Применить в фильтре Дата' is clicked on

07-03-2025T07:21:41 - [MESSAGE][PASSED] - Object: 'Object Repository/Выручка в рублях/Применить в фильтре Дата' is clicked on

07-03-2025T07:21:41 - [TEST_STEP][PASSED] - delay(50): Delayed 50 second(s)

07-03-2025T07:22:31 - [MESSAGE][PASSED] - Delayed 50 second(s)

07-03-2025T07:22:31 - [TEST_STEP][PASSED] - click(findTestObject("Выручка в рублях/Фильтр Период" + nameOfBlock)): Object: 'Object Repository/Выручка в рублях/Фильтр Период' is clicked on

07-03-2025T07:22:31 - [MESSAGE][PASSED] - Object: 'Object Repository/Выручка в рублях/Фильтр Период' is clicked on

07-03-2025T07:22:31 - [TEST_STEP][PASSED] - click(findTestObject("Выручка в рублях/Снять выделение в фильтре Дата" + nameOfBlock)): Object: 'Object Repository/Выручка в рублях/Снять выделение в фильтре Дата' is clicked on

07-03-2025T07:22:31 - [MESSAGE][PASSED] - Object: 'Object Repository/Выручка в рублях/Снять выделение в фильтре Дата' is clicked on

07-03-2025T07:22:31 - [TEST_STEP][PASSED] - scrollToElement(findTestObject("Выручка в рублях/2025 список" + nameOfBlock), 30): Scroll to object 'Object Repository/Выручка в рублях/2025 список' successfully

07-03-2025T07:22:32 - [MESSAGE][PASSED] - Scroll to object 'Object Repository/Выручка в рублях/2025 список' successfully

07-03-2025T07:22:32 - [TEST_STEP][PASSED] - click(findTestObject("Выручка в рублях/2025 список" + nameOfBlock)): Object: 'Object Repository/Выручка в рублях/2025 список' is clicked on

07-03-2025T07:22:32 - [MESSAGE][PASSED] - Object: 'Object Repository/Выручка в рублях/2025 список' is clicked on

07-03-2025T07:22:32 - [TEST_STEP][PASSED] - scrollToElement(findTestObject("Выручка в рублях/1 квартал 2025 список Выручка"), 30): Scroll to object 'Object Repository/Выручка в рублях/1 квартал 2025 список Выручка' successfully

07-03-2025T07:22:33 - [MESSAGE][PASSED] - Scroll to object 'Object Repository/Выручка в рублях/1 квартал 2025 список Выручка' successfully

07-03-2025T07:22:33 - [TEST_STEP][PASSED] - click(findTestObject("Выручка в рублях/1 квартал 2025 список" + nameOfBlock)): Object: 'Object Repository/Выручка в рублях/1 квартал 2025 список' is clicked on

07-03-2025T07:22:33 - [MESSAGE][PASSED] - Object: 'Object Repository/Выручка в рублях/1 квартал 2025 список' is clicked on

07-03-2025T07:22:33 - [TEST_STEP][PASSED] - scrollToElement(findTestObject("Выручка в рублях/Январь 2025" + nameOfBlock), 30): Scroll to object 'Object Repository/Выручка в рублях/Январь 2025' successfully

07-03-2025T07:22:33 - [MESSAGE][PASSED] - Scroll to object 'Object Repository/Выручка в рублях/Январь 2025' successfully

07-03-2025T07:22:33 - [TEST_STEP][PASSED] - click(findTestObject("Выручка в рублях/Январь 2025" + nameOfBlock)): Object: 'Object Repository/Выручка в рублях/Январь 2025' is clicked on

07-03-2025T07:22:34 - [MESSAGE][PASSED] - Object: 'Object Repository/Выручка в рублях/Январь 2025' is clicked on

07-03-2025T07:22:34 - [TEST_STEP][PASSED] - scrollToElement(findTestObject("Выручка в рублях/Заголовок дашборда" + nameOfBlock), 30): Scroll to object 'Object Repository/Выручка в рублях/Заголовок дашборда' successfully

07-03-2025T07:22:34 - [MESSAGE][PASSED] - Scroll to object 'Object Repository/Выручка в рублях/Заголовок дашборда' successfully

07-03-2025T07:22:34 - [TEST_STEP][PASSED] - click(findTestObject("Выручка в рублях/Применить в фильтре Дата" + nameOfBlock)): Object: 'Object Repository/Выручка в рублях/Применить в фильтре Дата' is clicked on

07-03-2025T07:22:35 - [MESSAGE][PASSED] - Object: 'Object Repository/Выручка в рублях/Применить в фильтре Дата' is clicked on

07-03-2025T07:22:35 - [TEST_STEP][PASSED] - delay(55): Delayed 55 second(s)

07-03-2025T07:23:30 - [MESSAGE][PASSED] - Delayed 55 second(s)

07-03-2025T07:23:30 - [TEST_STEP][PASSED] - click(findTestObject("Выручка в рублях/Фильтр ДЗО" + nameOfBlock)): Object: 'Object Repository/Выручка в рублях/Фильтр ДЗО' is clicked on

07-03-2025T07:23:30 - [MESSAGE][PASSED] - Object: 'Object Repository/Выручка в рублях/Фильтр ДЗО' is clicked on

07-03-2025T07:23:30 - [TEST_STEP][PASSED] - click(findTestObject("Выручка в рублях/Снять выделение в фильтре ДЗО" + nameOfBlock)): Object: 'Object Repository/Выручка в рублях/Снять выделение в фильтре ДЗО' is clicked on

07-03-2025T07:23:30 - [MESSAGE][PASSED] - Object: 'Object Repository/Выручка в рублях/Снять выделение в фильтре ДЗО' is clicked on

07-03-2025T07:23:30 - [TEST_STEP][PASSED] - click(findTestObject("Выручка в рублях/Применить в фильтре ДЗО" + nameOfBlock)): Object: 'Object Repository/Выручка в рублях/Применить в фильтре ДЗО' is clicked on

07-03-2025T07:23:31 - [MESSAGE][PASSED] - Object: 'Object Repository/Выручка в рублях/Применить в фильтре ДЗО' is clicked on

07-03-2025T07:23:31 - [TEST_STEP][PASSED] - delay(50): Delayed 50 second(s)

07-03-2025T07:24:21 - [MESSAGE][PASSED] - Delayed 50 second(s)

07-03-2025T07:24:21 - [TEST_STEP][PASSED] - Script1710234207206.Tumbler(run, vir, block, nameOfBlock): null

07-03-2025T07:24:21 - [TEST_STEP][PASSED] - println("run:" + run): null

07-03-2025T07:24:21 - [TEST_STEP][PASSED] - println("vir:" + vir): null

07-03-2025T07:24:21 - [TEST_STEP][PASSED] - println("block:" + block): null

07-03-2025T07:24:21 - [TEST_STEP][PASSED] - println("nameOfBlock:" + nameOfBlock): null

07-03-2025T07:24:21 - [TEST_STEP][PASSED] - if (vir == 1): null

07-03-2025T07:24:21 - [TEST_STEP][PASSED] - if (run == 2): null

07-03-2025T07:24:21 - [TEST_STEP][PASSED] - click(findTestObject("Выручка в рублях/Фильтр ДЗО" + nameOfBlock)): Object: 'Object Repository/Выручка в рублях/Фильтр ДЗО' is clicked on

07-03-2025T07:24:21 - [MESSAGE][PASSED] - Object: 'Object Repository/Выручка в рублях/Фильтр ДЗО' is clicked on

07-03-2025T07:24:21 - [TEST_STEP][PASSED] - Script1710234207206.Rosseti(nameOfBlock): null

07-03-2025T07:24:21 - [TEST_STEP][PASSED] - println("nameOfBlock:" + nameOfBlock): null

07-03-2025T07:24:21 - [TEST_STEP][PASSED] - click(findTestObject("Выручка в рублях/ПАО Россети" + nameOfBlock)): Object: 'Object Repository/Выручка в рублях/ПАО Россети' is clicked on

07-03-2025T07:24:22 - [MESSAGE][PASSED] - Object: 'Object Repository/Выручка в рублях/ПАО Россети' is clicked on

07-03-2025T07:24:22 - [TEST_STEP][PASSED] - click(findTestObject("Выручка в рублях/Применить в фильтре ДЗО" + nameOfBlock)): Object: 'Object Repository/Выручка в рублях/Применить в фильтре ДЗО' is clicked on

07-03-2025T07:24:23 - [MESSAGE][PASSED] - Object: 'Object Repository/Выручка в рублях/Применить в фильтре ДЗО' is clicked on

07-03-2025T07:24:23 - [TEST_STEP][PASSED] - if (run == 2): null

07-03-2025T07:24:23 - [TEST_STEP][PASSED] - if (vir == 1 || vir == 2): Text of object 'Object Repository/Выручка в рублях/График План' is: '121 309'

07-03-2025T07:24:23 - [TEST_STEP][PASSED] - a1 = getText(findTestObject("Выручка в рублях/График План")): Text of object 'Object Repository/Выручка в рублях/График План' is: '121 309'

07-03-2025T07:24:24 - [MESSAGE][PASSED] - Text of object 'Object Repository/Выручка в рублях/График План' is: '121 309'

07-03-2025T07:24:24 - [TEST_STEP][PASSED] - if (vir == 1 || vir == 2): Text of object 'Object Repository/Выручка в рублях/График Факт' is: '157 865'

07-03-2025T07:24:24 - [TEST_STEP][PASSED] - a2 = getText(findTestObject("Выручка в рублях/График Факт")): Text of object 'Object Repository/Выручка в рублях/График Факт' is: '157 865'

07-03-2025T07:24:24 - [MESSAGE][PASSED] - Text of object 'Object Repository/Выручка в рублях/График Факт' is: '157 865'

07-03-2025T07:24:24 - [TEST_STEP][PASSED] - a30 = getText(findTestObject("Выручка в рублях/span1" + perc)): Text of object 'Object Repository/Выручка в рублях/span1' is: '36 556 млн.руб.'

07-03-2025T07:24:24 - [MESSAGE][PASSED] - Text of object 'Object Repository/Выручка в рублях/span1' is: '36 556 млн.руб.'

07-03-2025T07:24:24 - [TEST_STEP][PASSED] - i = a30.indexOf("млн.руб."): null

07-03-2025T07:24:24 - [TEST_STEP][PASSED] - if (i > -1): null

07-03-2025T07:24:24 - [TEST_STEP][PASSED] - a30 = a30.substring(0, i): null

07-03-2025T07:24:24 - [TEST_STEP][PASSED] - a30 = a30.replaceAll(" ", ""): null

07-03-2025T07:24:24 - [TEST_STEP][PASSED] - if (a30.contains("%")): null

07-03-2025T07:24:24 - [TEST_STEP][PASSED] - a30 = ").trim(): null

07-03-2025T07:24:24 - [TEST_STEP][PASSED] - println("a30: " + a30): null

07-03-2025T07:24:24 - [TEST_STEP][PASSED] - if (vir == 1 || vir == 2): Text of object 'Object Repository/Выручка в рублях/span2' is: '274'

07-03-2025T07:24:24 - [TEST_STEP][PASSED] - a31 = ").trim(): Text of object 'Object Repository/Выручка в рублях/span2' is: '274'

07-03-2025T07:24:25 - [MESSAGE][PASSED] - Text of object 'Object Repository/Выручка в рублях/span2' is: '274'

07-03-2025T07:24:25 - [TEST_STEP][PASSED] - if (vir == 1 || vir == 2): Text of object 'Object Repository/Выручка в рублях/span3' is: '463'

07-03-2025T07:24:25 - [TEST_STEP][PASSED] - a32 = ").trim(): Text of object 'Object Repository/Выручка в рублях/span3' is: '463'

07-03-2025T07:24:25 - [MESSAGE][PASSED] - Text of object 'Object Repository/Выручка в рублях/span3' is: '463'

07-03-2025T07:24:25 - [TEST_STEP][PASSED] - if (vir == 1 || vir == 2): Text of object 'Object Repository/Выручка в рублях/span8' is: '3 799'

07-03-2025T07:24:25 - [TEST_STEP][PASSED] - a33 = ").trim(): Text of object 'Object Repository/Выручка в рублях/span4' is: '1 630'

07-03-2025T07:24:25 - [MESSAGE][PASSED] - Text of object 'Object Repository/Выручка в рублях/span4' is: '1 630'

07-03-2025T07:24:25 - [TEST_STEP][PASSED] - a34 = ").trim(): Text of object 'Object Repository/Выручка в рублях/span5' is: '-54'

07-03-2025T07:24:26 - [MESSAGE][PASSED] - Text of object 'Object Repository/Выручка в рублях/span5' is: '-54'

07-03-2025T07:24:26 - [TEST_STEP][PASSED] - a35 = ").trim(): Text of object 'Object Repository/Выручка в рублях/span6' is: '-403'

07-03-2025T07:24:26 - [MESSAGE][PASSED] - Text of object 'Object Repository/Выручка в рублях/span6' is: '-403'

07-03-2025T07:24:26 - [TEST_STEP][PASSED] - a36 = ").trim(): Text of object 'Object Repository/Выручка в рублях/span7' is: '8 709'

07-03-2025T07:24:26 - [MESSAGE][PASSED] - Text of object 'Object Repository/Выручка в рублях/span7' is: '8 709'

07-03-2025T07:24:26 - [TEST_STEP][PASSED] - a37 = ").trim(): Text of object 'Object Repository/Выручка в рублях/span8' is: '3 799'

07-03-2025T07:24:27 - [MESSAGE][PASSED] - Text of object 'Object Repository/Выручка в рублях/span8' is: '3 799'

07-03-2025T07:24:27 - [TEST_STEP][PASSED] - if (vir == 1 || vir == 2): Text of object 'Object Repository/Выручка в рублях/span17' is: '500'

07-03-2025T07:24:27 - [TEST_STEP][PASSED] - a38 = ").trim(): Text of object 'Object Repository/Выручка в рублях/span9' is: '-251'

07-03-2025T07:24:27 - [MESSAGE][PASSED] - Text of object 'Object Repository/Выручка в рублях/span9' is: '-251'

07-03-2025T07:24:27 - [TEST_STEP][PASSED] - a39 = ").trim(): Text of object 'Object Repository/Выручка в рублях/span10' is: '11 296'

07-03-2025T07:24:27 - [MESSAGE][PASSED] - Text of object 'Object Repository/Выручка в рублях/span10' is: '11 296'

07-03-2025T07:24:27 - [TEST_STEP][PASSED] - a310 = ").trim(): Text of object 'Object Repository/Выручка в рублях/span11' is: '-58'

07-03-2025T07:24:27 - [MESSAGE][PASSED] - Text of object 'Object Repository/Выручка в рублях/span11' is: '-58'

07-03-2025T07:24:27 - [TEST_STEP][PASSED] - a311 = ").trim(): Text of object 'Object Repository/Выручка в рублях/span12' is: '-1 104'

07-03-2025T07:24:28 - [MESSAGE][PASSED] - Text of object 'Object Repository/Выручка в рублях/span12' is: '-1 104'

07-03-2025T07:24:28 - [TEST_STEP][PASSED] - a312 = ").trim(): Text of object 'Object Repository/Выручка в рублях/span13' is: '-474'

07-03-2025T07:24:28 - [MESSAGE][PASSED] - Text of object 'Object Repository/Выручка в рублях/span13' is: '-474'

07-03-2025T07:24:28 - [TEST_STEP][PASSED] - a313 = ").trim(): Text of object 'Object Repository/Выручка в рублях/span14' is: '-59'

07-03-2025T07:24:28 - [MESSAGE][PASSED] - Text of object 'Object Repository/Выручка в рублях/span14' is: '-59'

07-03-2025T07:24:28 - [TEST_STEP][PASSED] - a314 = ").trim(): Text of object 'Object Repository/Выручка в рублях/span15' is: '-675'

07-03-2025T07:24:29 - [MESSAGE][PASSED] - Text of object 'Object Repository/Выручка в рублях/span15' is: '-675'

07-03-2025T07:24:29 - [TEST_STEP][PASSED] - a315 = ").trim(): Text of object 'Object Repository/Выручка в рублях/span16' is: '13 055'

07-03-2025T07:24:29 - [MESSAGE][PASSED] - Text of object 'Object Repository/Выручка в рублях/span16' is: '13 055'

07-03-2025T07:24:29 - [TEST_STEP][PASSED] - a316 = ").trim(): Text of object 'Object Repository/Выручка в рублях/span17' is: '500'

07-03-2025T07:24:29 - [MESSAGE][PASSED] - Text of object 'Object Repository/Выручка в рублях/span17' is: '500'

07-03-2025T07:24:29 - [TEST_STEP][PASSED] - if (vir == 1 || vir == 2): Text of object 'Object Repository/Выручка в рублях/span18' is: '-19'

07-03-2025T07:24:29 - [TEST_STEP][PASSED] - a317 = ").trim(): Text of object 'Object Repository/Выручка в рублях/span18' is: '-19'

07-03-2025T07:24:30 - [MESSAGE][PASSED] - Text of object 'Object Repository/Выручка в рублях/span18' is: '-19'

07-03-2025T07:24:30 - [TEST_STEP][PASSED] - block = 2: null

07-03-2025T07:24:30 - [TEST_STEP][PASSED] - nameOfBlock = " Выручка": null

07-03-2025T07:24:30 - [TEST_STEP][PASSED] - Script1710234207206.PreSettings(run, vir, block, nameOfBlock, typeOfData, todaysDate): null

07-03-2025T07:24:30 - [TEST_STEP][PASSED] - openBrowser(""): Browser is opened with url: ''

07-03-2025T07:24:30 - [MESSAGE][WARNING] - A browser is already opened. Closing browser and opening a new one

07-03-2025T07:24:30 - [MESSAGE][INFO] - Starting 'Chrome' driver

07-03-2025T07:24:30 - [MESSAGE][INFO] - Action delay is set to 0 milliseconds

07-03-2025T07:24:31 - [MESSAGE][PASSED] - Browser is opened with url: ''

07-03-2025T07:24:31 - [TEST_STEP][PASSED] - refresh(): Refresh successfully

07-03-2025T07:24:31 - [MESSAGE][PASSED] - Refresh successfully

07-03-2025T07:24:31 - [TEST_STEP][PASSED] - delay(50): Delayed 50 second(s)

07-03-2025T07:25:21 - [MESSAGE][PASSED] - Delayed 50 second(s)

07-03-2025T07:25:21 - [TEST_STEP][PASSED] - println("run:" + run): null

07-03-2025T07:25:21 - [TEST_STEP][PASSED] - println("vir:" + vir): null

07-03-2025T07:25:21 - [TEST_STEP][PASSED] - println("block:" + block): null

07-03-2025T07:25:21 - [TEST_STEP][PASSED] - if (block == 1): null

07-03-2025T07:25:21 - [TEST_STEP][PASSED] - else: null

07-03-2025T07:25:21 - [TEST_STEP][PASSED] - nameOfBlock = " Выручка": null

07-03-2025T07:25:21 - [TEST_STEP][PASSED] - println("nameOfBlock:" + nameOfBlock): null

07-03-2025T07:25:21 - [TEST_STEP][PASSED] - println("typeOfData:" + typeOfData): null

07-03-2025T07:25:21 - [TEST_STEP][PASSED] - println("todaysDate:" + todaysDate): null

07-03-2025T07:25:21 - [TEST_STEP][PASSED] - Script1710234207206.Autorization(block, nameOfBlock): null

07-03-2025T07:25:21 - [TEST_STEP][PASSED] - i = <not implemented yet for class: org.codehaus.groovy.ast.expr.EmptyExpression>: null

07-03-2025T07:25:21 - [TEST_STEP][PASSED] - ii = <not implemented yet for class: org.codehaus.groovy.ast.expr.EmptyExpression>: null

07-03-2025T07:25:21 - [TEST_STEP][PASSED] - urlData = <not implemented yet for class: org.codehaus.groovy.ast.expr.EmptyExpression>: null

07-03-2025T07:25:21 - [TEST_STEP][PASSED] - searchWord = <not implemented yet for class: org.codehaus.groovy.ast.expr.EmptyExpression>: null

07-03-2025T07:25:21 - [TEST_STEP][PASSED] - urlText = <not implemented yet for class: org.codehaus.groovy.ast.expr.EmptyExpression>: null

07-03-2025T07:25:21 - [TEST_STEP][PASSED] - println("block:" + block): null

07-03-2025T07:25:21 - [TEST_STEP][PASSED] - if (block == 1): null

07-03-2025T07:25:21 - [TEST_STEP][PASSED] - else: null

07-03-2025T07:25:21 - [TEST_STEP][PASSED] - delay(45): Delayed 45 second(s)

07-03-2025T07:26:06 - [MESSAGE][PASSED] - Delayed 45 second(s)

07-03-2025T07:26:06 - [TEST_STEP][PASSED] - nameOfBlock = " Выручка": null

07-03-2025T07:26:06 - [TEST_STEP][PASSED] - println("nameOfBlock:" + nameOfBlock): null

07-03-2025T07:26:06 - [TEST_STEP][PASSED] - if (block == 1): null

07-03-2025T07:26:06 - [TEST_STEP][PASSED] - else: Delayed 45 second(s)

07-03-2025T07:26:06 - [TEST_STEP][PASSED] - urlData = 9: null

07-03-2025T07:26:06 - [TEST_STEP][PASSED] - delay(45): Delayed 45 second(s)

07-03-2025T07:26:51 - [MESSAGE][PASSED] - Delayed 45 second(s)

07-03-2025T07:26:51 - [TEST_STEP][PASSED] - navigateToUrl(findTestData("PlanFact").getValue(10, urlData)): Navigate to 'https://bi.rosseti.digital/viewer?dashboardGuid=a1fd28b3785d443cbc4d7690a1d78e31&sheetGuid=86092a20c5984827a0c87b24cac76a50&fit=true' successfully

07-03-2025T07:26:54 - [MESSAGE][PASSED] - Navigate to 'https://bi.rosseti.digital/viewer?dashboardGuid=a1fd28b3785d443cbc4d7690a1d78e31&sheetGuid=86092a20c5984827a0c87b24cac76a50&fit=true' successfully

07-03-2025T07:26:54 - [TEST_STEP][PASSED] - urlText = getText(findTestObject("Страница авторизации/Text")): Text of object 'Object Repository/Страница авторизации/Text' is: 'Вход'

07-03-2025T07:26:56 - [MESSAGE][PASSED] - Text of object 'Object Repository/Страница авторизации/Text' is: 'Вход'

07-03-2025T07:26:56 - [TEST_STEP][PASSED] - searchWord = "Вход": null

07-03-2025T07:26:56 - [TEST_STEP][PASSED] - if (urlText == null || urlText.contains("ошибка") || urlText.contains(searchWord) == false): null

07-03-2025T07:26:56 - [TEST_STEP][PASSED] - if (verifyElementPresent(findTestObject("Страница авторизации/button_"), 30) == true): null

07-03-2025T07:26:56 - [MESSAGE][PASSED] - Object 'Object Repository/Страница авторизации/button_' is present

07-03-2025T07:26:56 - [TEST_STEP][PASSED] - setText(findTestObject("Страница авторизации/input__username"), findTestData("PlanFact").getValue(8, 1)): Text 'liazgina-di' is set on object 'Object Repository/Страница авторизации/input__username'

07-03-2025T07:26:57 - [MESSAGE][PASSED] - Text 'liazgina-di' is set on object 'Object Repository/Страница авторизации/input__username'

07-03-2025T07:26:57 - [TEST_STEP][PASSED] - setText(findTestObject("Страница авторизации/input__password"), findTestData("PlanFact").getValue(9, 1)): Text ')$%5srZ8o688Dm#q' is set on object 'Object Repository/Страница авторизации/input__password'

07-03-2025T07:26:57 - [MESSAGE][PASSED] - Text ')$%5srZ8o688Dm#q' is set on object 'Object Repository/Страница авторизации/input__password'

07-03-2025T07:26:57 - [TEST_STEP][PASSED] - click(findTestObject("Страница авторизации/button_")): Object: 'Object Repository/Страница авторизации/button_' is clicked on

07-03-2025T07:26:58 - [MESSAGE][PASSED] - Object: 'Object Repository/Страница авторизации/button_' is clicked on

07-03-2025T07:26:58 - [TEST_STEP][PASSED] - delay(45): Delayed 45 second(s)

07-03-2025T07:27:43 - [MESSAGE][PASSED] - Delayed 45 second(s)

07-03-2025T07:27:43 - [TEST_STEP][PASSED] - urlText = getText(findTestObject("Страница авторизации/Text")): Text of object 'Object Repository/Страница авторизации/Text' is: 'Период
2025 - 1 квартал - Январь
Выручка
Все
Выполнение плановых показателей, млн.руб.
План
Факт
Динамика
2025 год
0 млн.руб.
20 000 млн.руб.
40 000 млн.руб.
60 000 млн.руб.
80 000 млн.руб.
100 000 млн.руб.
120 000 млн.руб.
140 000 млн.руб.
160 000 млн.руб.
180 000 млн.руб.
200 000 млн.руб.
121 309
157 865
↑
ДЗО 
Все
Подписи данных
⬤Отклонение
АО "РЭС"
АО «Тываэнерго»
АО «Чеченэнерго»
Россети Волга
Россети Кубань
Россети Ленэнерго (ГК)
Россети Московский регион
Россети Северный Кавказ (ГК)
Россети Северо-Запад
Россети Сибирь (ГК)
Россети Томск
Россети Тюмень
Россети Урал (ГК)
Россети ФСК ЕЭС
Россети Центр
Россети Центр и Приволжье (ГК)
Россети Юг (ГК)
Россети Янтарь
-2 000млн.руб.
0 млн.руб.
2 000млн.руб.
4 000млн.руб.
6 000млн.руб.
8 000млн.руб.
10 000млн.руб.
12 000млн.руб.
14 0…
-73
23
-83
-295
-54
-403
-927
-606
-251
348
-58
-1 104
-474
-59
-675
13 055
-191
-19
млн.
%
Выручка
Отклонение выручки (факт/план, млн. руб) 
ПАО Россети
8 156 млн.руб.
Статус данных
×
Просьба обратить внимание
Данные занесены не полностью
ВЫБРАННЫЕ ЗНАЧЕНИЯ ФИЛЬТРОВ
ДЗО | ПЕРИОД
ПАО Россети: [«Выбраны все филиалы по всем ДЗО по всем категориям»]
2025: [Янв]
*Внутренний оборот'

07-03-2025T07:27:44 - [MESSAGE][PASSED] - Text of object 'Object Repository/Страница авторизации/Text' is: 'Период
2025 - 1 квартал - Январь
Выручка
Все
Выполнение плановых показателей, млн.руб.
План
Факт
Динамика
2025 год
0 млн.руб.
20 000 млн.руб.
40 000 млн.руб.
60 000 млн.руб.
80 000 млн.руб.
100 000 млн.руб.
120 000 млн.руб.
140 000 млн.руб.
160 000 млн.руб.
180 000 млн.руб.
200 000 млн.руб.
121 309
157 865
↑
ДЗО 
Все
Подписи данных
⬤Отклонение
АО "РЭС"
АО «Тываэнерго»
АО «Чеченэнерго»
Россети Волга
Россети Кубань
Россети Ленэнерго (ГК)
Россети Московский регион
Россети Северный Кавказ (ГК)
Россети Северо-Запад
Россети Сибирь (ГК)
Россети Томск
Россети Тюмень
Россети Урал (ГК)
Россети ФСК ЕЭС
Россети Центр
Россети Центр и Приволжье (ГК)
Россети Юг (ГК)
Россети Янтарь
-2 000млн.руб.
0 млн.руб.
2 000млн.руб.
4 000млн.руб.
6 000млн.руб.
8 000млн.руб.
10 000млн.руб.
12 000млн.руб.
14 0…
-73
23
-83
-295
-54
-403
-927
-606
-251
348
-58
-1 104
-474
-59
-675
13 055
-191
-19
млн.
%
Выручка
Отклонение выручки (факт/план, млн. руб) 
ПАО Россети
8 156 млн.руб.
Статус данных
×
Просьба обратить внимание
Данные занесены не полностью
ВЫБРАННЫЕ ЗНАЧЕНИЯ ФИЛЬТРОВ
ДЗО | ПЕРИОД
ПАО Россети: [«Выбраны все филиалы по всем ДЗО по всем категориям»]
2025: [Янв]
*Внутренний оборот'

07-03-2025T07:27:44 - [TEST_STEP][PASSED] - searchWord = "а": null

07-03-2025T07:27:44 - [TEST_STEP][PASSED] - if (urlText.contains("ошибка") || urlText.contains(searchWord) == false): null

07-03-2025T07:27:44 - [TEST_STEP][PASSED] - delay(45): Delayed 45 second(s)

07-03-2025T07:28:29 - [MESSAGE][PASSED] - Delayed 45 second(s)

07-03-2025T07:28:29 - [TEST_STEP][PASSED] - if (block == 2): Delayed 50 second(s)

07-03-2025T07:28:29 - [TEST_STEP][PASSED] - opoveshenie = getText(findTestObject("Выручка в рублях/Просьба обратить внимание")): Text of object 'Object Repository/Выручка в рублях/Просьба обратить внимание' is: 'Просьба обратить внимание'

07-03-2025T07:28:30 - [MESSAGE][PASSED] - Text of object 'Object Repository/Выручка в рублях/Просьба обратить внимание' is: 'Просьба обратить внимание'

07-03-2025T07:28:30 - [TEST_STEP][PASSED] - if (opoveshenie == "Просьба обратить внимание"): Delayed 50 second(s)

07-03-2025T07:28:30 - [TEST_STEP][PASSED] - click(findTestObject("Выручка в рублях/Закрыть оповещение")): Object: 'Object Repository/Выручка в рублях/Закрыть оповещение' is clicked on

07-03-2025T07:28:30 - [MESSAGE][PASSED] - Object: 'Object Repository/Выручка в рублях/Закрыть оповещение' is clicked on

07-03-2025T07:28:30 - [TEST_STEP][PASSED] - delay(50): Delayed 50 second(s)

07-03-2025T07:29:20 - [MESSAGE][PASSED] - Delayed 50 second(s)

07-03-2025T07:29:20 - [TEST_STEP][PASSED] - click(findTestObject("Выручка в рублях/Фильтр Период" + nameOfBlock)): Object: 'Object Repository/Выручка в рублях/Фильтр Период Выручка' is clicked on

07-03-2025T07:29:20 - [MESSAGE][PASSED] - Object: 'Object Repository/Выручка в рублях/Фильтр Период Выручка' is clicked on

07-03-2025T07:29:20 - [TEST_STEP][PASSED] - click(findTestObject("Выручка в рублях/Снять выделение в фильтре Дата" + nameOfBlock)): Object: 'Object Repository/Выручка в рублях/Снять выделение в фильтре Дата Выручка' is clicked on

07-03-2025T07:29:21 - [MESSAGE][PASSED] - Object: 'Object Repository/Выручка в рублях/Снять выделение в фильтре Дата Выручка' is clicked on

07-03-2025T07:29:21 - [TEST_STEP][PASSED] - click(findTestObject("Выручка в рублях/Применить в фильтре Дата" + nameOfBlock)): Object: 'Object Repository/Выручка в рублях/Применить в фильтре Дата Выручка' is clicked on

07-03-2025T07:29:21 - [MESSAGE][PASSED] - Object: 'Object Repository/Выручка в рублях/Применить в фильтре Дата Выручка' is clicked on

07-03-2025T07:29:21 - [TEST_STEP][PASSED] - delay(50): Delayed 50 second(s)

07-03-2025T07:30:11 - [MESSAGE][PASSED] - Delayed 50 second(s)

07-03-2025T07:30:11 - [TEST_STEP][PASSED] - click(findTestObject("Выручка в рублях/Фильтр Период" + nameOfBlock)): Object: 'Object Repository/Выручка в рублях/Фильтр Период Выручка' is clicked on

07-03-2025T07:30:12 - [MESSAGE][PASSED] - Object: 'Object Repository/Выручка в рублях/Фильтр Период Выручка' is clicked on

07-03-2025T07:30:12 - [TEST_STEP][PASSED] - click(findTestObject("Выручка в рублях/Снять выделение в фильтре Дата" + nameOfBlock)): Object: 'Object Repository/Выручка в рублях/Снять выделение в фильтре Дата Выручка' is clicked on

07-03-2025T07:30:12 - [MESSAGE][PASSED] - Object: 'Object Repository/Выручка в рублях/Снять выделение в фильтре Дата Выручка' is clicked on

07-03-2025T07:30:12 - [TEST_STEP][PASSED] - scrollToElement(findTestObject("Выручка в рублях/2025 список" + nameOfBlock), 30): Scroll to object 'Object Repository/Выручка в рублях/2025 список Выручка' successfully

07-03-2025T07:30:13 - [MESSAGE][PASSED] - Scroll to object 'Object Repository/Выручка в рублях/2025 список Выручка' successfully

07-03-2025T07:30:13 - [TEST_STEP][PASSED] - click(findTestObject("Выручка в рублях/2025 список" + nameOfBlock)): Object: 'Object Repository/Выручка в рублях/2025 список Выручка' is clicked on

07-03-2025T07:30:13 - [MESSAGE][PASSED] - Object: 'Object Repository/Выручка в рублях/2025 список Выручка' is clicked on

07-03-2025T07:30:13 - [TEST_STEP][PASSED] - scrollToElement(findTestObject("Выручка в рублях/1 квартал 2025 список Выручка"), 30): Scroll to object 'Object Repository/Выручка в рублях/1 квартал 2025 список Выручка' successfully

07-03-2025T07:30:14 - [MESSAGE][PASSED] - Scroll to object 'Object Repository/Выручка в рублях/1 квартал 2025 список Выручка' successfully

07-03-2025T07:30:14 - [TEST_STEP][PASSED] - click(findTestObject("Выручка в рублях/1 квартал 2025 список" + nameOfBlock)): Object: 'Object Repository/Выручка в рублях/1 квартал 2025 список Выручка' is clicked on

07-03-2025T07:30:14 - [MESSAGE][PASSED] - Object: 'Object Repository/Выручка в рублях/1 квартал 2025 список Выручка' is clicked on

07-03-2025T07:30:14 - [TEST_STEP][PASSED] - scrollToElement(findTestObject("Выручка в рублях/Январь 2025" + nameOfBlock), 30): Scroll to object 'Object Repository/Выручка в рублях/Январь 2025 Выручка' successfully

07-03-2025T07:30:14 - [MESSAGE][PASSED] - Scroll to object 'Object Repository/Выручка в рублях/Январь 2025 Выручка' successfully

07-03-2025T07:30:14 - [TEST_STEP][PASSED] - click(findTestObject("Выручка в рублях/Январь 2025" + nameOfBlock)): Object: 'Object Repository/Выручка в рублях/Январь 2025 Выручка' is clicked on

07-03-2025T07:30:15 - [MESSAGE][PASSED] - Object: 'Object Repository/Выручка в рублях/Январь 2025 Выручка' is clicked on

07-03-2025T07:30:15 - [TEST_STEP][PASSED] - scrollToElement(findTestObject("Выручка в рублях/Заголовок дашборда" + nameOfBlock), 30): Scroll to object 'Object Repository/Выручка в рублях/Заголовок дашборда Выручка' successfully

07-03-2025T07:30:15 - [MESSAGE][PASSED] - Scroll to object 'Object Repository/Выручка в рублях/Заголовок дашборда Выручка' successfully

07-03-2025T07:30:15 - [TEST_STEP][PASSED] - click(findTestObject("Выручка в рублях/Применить в фильтре Дата" + nameOfBlock)): Object: 'Object Repository/Выручка в рублях/Применить в фильтре Дата Выручка' is clicked on

07-03-2025T07:30:16 - [MESSAGE][PASSED] - Object: 'Object Repository/Выручка в рублях/Применить в фильтре Дата Выручка' is clicked on

07-03-2025T07:30:16 - [TEST_STEP][PASSED] - delay(55): Delayed 55 second(s)

07-03-2025T07:31:11 - [MESSAGE][PASSED] - Delayed 55 second(s)

07-03-2025T07:31:11 - [TEST_STEP][PASSED] - click(findTestObject("Выручка в рублях/Фильтр ДЗО" + nameOfBlock)): Object: 'Object Repository/Выручка в рублях/Фильтр ДЗО Выручка' is clicked on

07-03-2025T07:31:11 - [MESSAGE][PASSED] - Object: 'Object Repository/Выручка в рублях/Фильтр ДЗО Выручка' is clicked on

07-03-2025T07:31:11 - [TEST_STEP][PASSED] - click(findTestObject("Выручка в рублях/Снять выделение в фильтре ДЗО" + nameOfBlock)): Object: 'Object Repository/Выручка в рублях/Снять выделение в фильтре ДЗО Выручка' is clicked on

07-03-2025T07:31:11 - [MESSAGE][PASSED] - Object: 'Object Repository/Выручка в рублях/Снять выделение в фильтре ДЗО Выручка' is clicked on

07-03-2025T07:31:11 - [TEST_STEP][PASSED] - click(findTestObject("Выручка в рублях/Применить в фильтре ДЗО" + nameOfBlock)): Object: 'Object Repository/Выручка в рублях/Применить в фильтре ДЗО Выручка' is clicked on

07-03-2025T07:31:12 - [MESSAGE][PASSED] - Object: 'Object Repository/Выручка в рублях/Применить в фильтре ДЗО Выручка' is clicked on

07-03-2025T07:31:12 - [TEST_STEP][PASSED] - delay(50): Delayed 50 second(s)

07-03-2025T07:32:02 - [MESSAGE][PASSED] - Delayed 50 second(s)

07-03-2025T07:32:02 - [TEST_STEP][PASSED] - Script1710234207206.Tumbler(run, vir, block, nameOfBlock): null

07-03-2025T07:32:02 - [TEST_STEP][PASSED] - println("run:" + run): null

07-03-2025T07:32:02 - [TEST_STEP][PASSED] - println("vir:" + vir): null

07-03-2025T07:32:02 - [TEST_STEP][PASSED] - println("block:" + block): null

07-03-2025T07:32:02 - [TEST_STEP][PASSED] - println("nameOfBlock:" + nameOfBlock): null

07-03-2025T07:32:02 - [TEST_STEP][PASSED] - if (vir == 1): null

07-03-2025T07:32:02 - [TEST_STEP][PASSED] - if (run == 2): null

07-03-2025T07:32:02 - [TEST_STEP][PASSED] - click(findTestObject("Выручка в рублях/Фильтр ДЗО" + nameOfBlock)): Object: 'Object Repository/Выручка в рублях/Фильтр ДЗО Выручка' is clicked on

07-03-2025T07:32:02 - [MESSAGE][PASSED] - Object: 'Object Repository/Выручка в рублях/Фильтр ДЗО Выручка' is clicked on

07-03-2025T07:32:02 - [TEST_STEP][PASSED] - Script1710234207206.Rosseti(nameOfBlock): null

07-03-2025T07:32:02 - [TEST_STEP][PASSED] - println("nameOfBlock:" + nameOfBlock): null

07-03-2025T07:32:02 - [TEST_STEP][PASSED] - click(findTestObject("Выручка в рублях/ПАО Россети" + nameOfBlock)): Object: 'Object Repository/Выручка в рублях/ПАО Россети Выручка' is clicked on

07-03-2025T07:32:03 - [MESSAGE][PASSED] - Object: 'Object Repository/Выручка в рублях/ПАО Россети Выручка' is clicked on

07-03-2025T07:32:03 - [TEST_STEP][PASSED] - click(findTestObject("Выручка в рублях/Применить в фильтре ДЗО" + nameOfBlock)): Object: 'Object Repository/Выручка в рублях/Применить в фильтре ДЗО Выручка' is clicked on

07-03-2025T07:32:04 - [MESSAGE][PASSED] - Object: 'Object Repository/Выручка в рублях/Применить в фильтре ДЗО Выручка' is clicked on

07-03-2025T07:32:04 - [TEST_STEP][PASSED] - if (vir == 1 || vir == 2): Text of object 'Object Repository/Выручка в рублях/График План Выручка' is: '121 309'

07-03-2025T07:32:04 - [TEST_STEP][PASSED] - b1 = getText(findTestObject("Выручка в рублях/График План Выручка")): Text of object 'Object Repository/Выручка в рублях/График План Выручка' is: '121 309'

07-03-2025T07:32:05 - [MESSAGE][PASSED] - Text of object 'Object Repository/Выручка в рублях/График План Выручка' is: '121 309'

07-03-2025T07:32:05 - [TEST_STEP][PASSED] - if (vir == 1 || vir == 2): Text of object 'Object Repository/Выручка в рублях/График Факт Выручка' is: '157 865'

07-03-2025T07:32:05 - [TEST_STEP][PASSED] - b2 = getText(findTestObject("Выручка в рублях/График Факт Выручка")): Text of object 'Object Repository/Выручка в рублях/График Факт Выручка' is: '157 865'

07-03-2025T07:32:05 - [MESSAGE][PASSED] - Text of object 'Object Repository/Выручка в рублях/График Факт Выручка' is: '157 865'

07-03-2025T07:32:05 - [TEST_STEP][PASSED] - b30 = getText(findTestObject("Выручка в рублях/span1" + perc)): Text of object 'Object Repository/Выручка в рублях/span1' is: '8 156 млн.руб.'

07-03-2025T07:32:05 - [MESSAGE][PASSED] - Text of object 'Object Repository/Выручка в рублях/span1' is: '8 156 млн.руб.'

07-03-2025T07:32:05 - [TEST_STEP][PASSED] - i = b30.indexOf("млн.руб."): null

07-03-2025T07:32:05 - [TEST_STEP][PASSED] - if (i > -1): null

07-03-2025T07:32:05 - [TEST_STEP][PASSED] - b30 = b30.substring(0, i): null

07-03-2025T07:32:05 - [TEST_STEP][PASSED] - b30 = b30.replaceAll(" ", ""): null

07-03-2025T07:32:05 - [TEST_STEP][PASSED] - if (b30.contains("%")): null

07-03-2025T07:32:05 - [TEST_STEP][PASSED] - b30 = ").trim(): null

07-03-2025T07:32:05 - [TEST_STEP][PASSED] - println("b30: " + b30): null

07-03-2025T07:32:05 - [TEST_STEP][PASSED] - if (vir == 1 || vir == 2): Text of object 'Object Repository/Выручка в рублях/span2' is: '23'

07-03-2025T07:32:05 - [TEST_STEP][PASSED] - b31 = ").trim(): Text of object 'Object Repository/Выручка в рублях/span2' is: '23'

07-03-2025T07:32:06 - [MESSAGE][PASSED] - Text of object 'Object Repository/Выручка в рублях/span2' is: '23'

07-03-2025T07:32:06 - [TEST_STEP][PASSED] - if (vir == 1 || vir == 2): Text of object 'Object Repository/Выручка в рублях/span3' is: '-83'

07-03-2025T07:32:06 - [TEST_STEP][PASSED] - b32 = ").trim(): Text of object 'Object Repository/Выручка в рублях/span3' is: '-83'

07-03-2025T07:32:06 - [MESSAGE][PASSED] - Text of object 'Object Repository/Выручка в рублях/span3' is: '-83'

07-03-2025T07:32:06 - [TEST_STEP][PASSED] - if (vir == 1 || vir == 2): Text of object 'Object Repository/Выручка в рублях/span8' is: '-606'

07-03-2025T07:32:06 - [TEST_STEP][PASSED] - b33 = ").trim(): Text of object 'Object Repository/Выручка в рублях/span4' is: '-295'

07-03-2025T07:32:06 - [MESSAGE][PASSED] - Text of object 'Object Repository/Выручка в рублях/span4' is: '-295'

07-03-2025T07:32:06 - [TEST_STEP][PASSED] - b34 = ").trim(): Text of object 'Object Repository/Выручка в рублях/span5' is: '-54'

07-03-2025T07:32:07 - [MESSAGE][PASSED] - Text of object 'Object Repository/Выручка в рублях/span5' is: '-54'

07-03-2025T07:32:07 - [TEST_STEP][PASSED] - b35 = ").trim(): Text of object 'Object Repository/Выручка в рублях/span6' is: '-403'

07-03-2025T07:32:07 - [MESSAGE][PASSED] - Text of object 'Object Repository/Выручка в рублях/span6' is: '-403'

07-03-2025T07:32:07 - [TEST_STEP][PASSED] - b36 = ").trim(): Text of object 'Object Repository/Выручка в рублях/span7' is: '-927'

07-03-2025T07:32:07 - [MESSAGE][PASSED] - Text of object 'Object Repository/Выручка в рублях/span7' is: '-927'

07-03-2025T07:32:07 - [TEST_STEP][PASSED] - b37 = ").trim(): Text of object 'Object Repository/Выручка в рублях/span8' is: '-606'

07-03-2025T07:32:07 - [MESSAGE][PASSED] - Text of object 'Object Repository/Выручка в рублях/span8' is: '-606'

07-03-2025T07:32:07 - [TEST_STEP][PASSED] - if (vir == 1 || vir == 2): Text of object 'Object Repository/Выручка в рублях/span17' is: '-191'

07-03-2025T07:32:07 - [TEST_STEP][PASSED] - b38 = ").trim(): Text of object 'Object Repository/Выручка в рублях/span9' is: '-251'

07-03-2025T07:32:08 - [MESSAGE][PASSED] - Text of object 'Object Repository/Выручка в рублях/span9' is: '-251'

07-03-2025T07:32:08 - [TEST_STEP][PASSED] - b39 = ").trim(): Text of object 'Object Repository/Выручка в рублях/span10' is: '348'

07-03-2025T07:32:08 - [MESSAGE][PASSED] - Text of object 'Object Repository/Выручка в рублях/span10' is: '348'

07-03-2025T07:32:08 - [TEST_STEP][PASSED] - b310 = ").trim(): Text of object 'Object Repository/Выручка в рублях/span11' is: '-58'

07-03-2025T07:32:08 - [MESSAGE][PASSED] - Text of object 'Object Repository/Выручка в рублях/span11' is: '-58'

07-03-2025T07:32:08 - [TEST_STEP][PASSED] - b311 = ").trim(): Text of object 'Object Repository/Выручка в рублях/span12' is: '-1 104'

07-03-2025T07:32:09 - [MESSAGE][PASSED] - Text of object 'Object Repository/Выручка в рублях/span12' is: '-1 104'

07-03-2025T07:32:09 - [TEST_STEP][PASSED] - b312 = ").trim(): Text of object 'Object Repository/Выручка в рублях/span13' is: '-474'

07-03-2025T07:32:09 - [MESSAGE][PASSED] - Text of object 'Object Repository/Выручка в рублях/span13' is: '-474'

07-03-2025T07:32:09 - [TEST_STEP][PASSED] - b313 = ").trim(): Text of object 'Object Repository/Выручка в рублях/span14' is: '-59'

07-03-2025T07:32:09 - [MESSAGE][PASSED] - Text of object 'Object Repository/Выручка в рублях/span14' is: '-59'

07-03-2025T07:32:09 - [TEST_STEP][PASSED] - b314 = ").trim(): Text of object 'Object Repository/Выручка в рублях/span15' is: '-675'

07-03-2025T07:32:10 - [MESSAGE][PASSED] - Text of object 'Object Repository/Выручка в рублях/span15' is: '-675'

07-03-2025T07:32:10 - [TEST_STEP][PASSED] - b315 = ").trim(): Text of object 'Object Repository/Выручка в рублях/span16' is: '13 055'

07-03-2025T07:32:10 - [MESSAGE][PASSED] - Text of object 'Object Repository/Выручка в рублях/span16' is: '13 055'

07-03-2025T07:32:10 - [TEST_STEP][PASSED] - b316 = ").trim(): Text of object 'Object Repository/Выручка в рублях/span17' is: '-191'

07-03-2025T07:32:10 - [MESSAGE][PASSED] - Text of object 'Object Repository/Выручка в рублях/span17' is: '-191'

07-03-2025T07:32:10 - [TEST_STEP][PASSED] - if (vir == 1 || vir == 2): Text of object 'Object Repository/Выручка в рублях/span18' is: '-19'

07-03-2025T07:32:10 - [TEST_STEP][PASSED] - b317 = ").trim(): Text of object 'Object Repository/Выручка в рублях/span18' is: '-19'

07-03-2025T07:32:10 - [MESSAGE][PASSED] - Text of object 'Object Repository/Выручка в рублях/span18' is: '-19'

07-03-2025T07:32:10 - [TEST_STEP][PASSED] - dZO = "ПАО Россети": null

07-03-2025T07:32:10 - [TEST_STEP][PASSED] - if (verifyEqual(a1, b1) == false): Actual object '121 309' and expected object '121 309' are equal

07-03-2025T07:32:10 - [MESSAGE][PASSED] - Actual object '121 309' and expected object '121 309' are equal

07-03-2025T07:32:10 - [TEST_STEP][PASSED] - if (verifyEqual(a2, b2) == false): Actual object '157 865' and expected object '157 865' are equal

07-03-2025T07:32:10 - [MESSAGE][PASSED] - Actual object '157 865' and expected object '157 865' are equal

07-03-2025T07:32:10 - [TEST_STEP][PASSED] - vidget = "Отклонения": null

07-03-2025T07:32:10 - [TEST_STEP][FAILED] - if (verifyEqual(a30, b30) == false): null

07-03-2025T07:32:10 - [MESSAGE][FAILED] - Unable to verify equal between actual object '36556' and expected object '8156' (Root cause: com.kms.katalon.core.exception.StepFailedException: Actual object '36556' and expected object '8156' are not equal
	at com.kms.katalon.core.keyword.builtin.VerifyEqualKeyword$_verifyEqual_closure1.doCall(VerifyEqualKeyword.groovy:58)
	at com.kms.katalon.core.keyword.builtin.VerifyEqualKeyword$_verifyEqual_closure1.call(VerifyEqualKeyword.groovy)
	at com.kms.katalon.core.keyword.internal.KeywordMain.runKeyword(KeywordMain.groovy:75)
	at com.kms.katalon.core.keyword.builtin.VerifyEqualKeyword.verifyEqual(VerifyEqualKeyword.groovy:63)
	at com.kms.katalon.core.keyword.builtin.VerifyEqualKeyword.execute(VerifyEqualKeyword.groovy:44)
	at com.kms.katalon.core.keyword.internal.KeywordExecutor.executeKeywordForPlatform(KeywordExecutor.groovy:74)
	at com.kms.katalon.core.keyword.BuiltinKeywords.verifyEqual(BuiltinKeywords.groovy:146)
	at jdk.internal.reflect.GeneratedMethodAccessor23.invoke(Unknown Source)
	at java.base/jdk.internal.reflect.DelegatingMethodAccessorImpl.invoke(DelegatingMethodAccessorImpl.java:43)
	at Выручка в рублях сверка дашбордов ПАО Россети.Blocks(Выручка в рублях сверка дашбордов ПАО Россети:357)
	at Выручка в рублях сверка дашбордов ПАО Россети.ViruchkaChange(Выручка в рублях сверка дашбордов ПАО Россети:60)
	at Выручка в рублях сверка дашбордов ПАО Россети.run(Выручка в рублях сверка дашбордов ПАО Россети:55)
	at com.kms.katalon.core.main.ScriptEngine.run(ScriptEngine.java:194)
	at com.kms.katalon.core.main.ScriptEngine.runScriptAsRawText(ScriptEngine.java:119)
	at com.kms.katalon.core.main.TestCaseExecutor.runScript(TestCaseExecutor.java:448)
	at com.kms.katalon.core.main.TestCaseExecutor.doExecute(TestCaseExecutor.java:439)
	at com.kms.katalon.core.main.TestCaseExecutor.processExecutionPhase(TestCaseExecutor.java:418)
	at com.kms.katalon.core.main.TestCaseExecutor.accessMainPhase(TestCaseExecutor.java:410)
	at com.kms.katalon.core.main.TestCaseExecutor.execute(TestCaseExecutor.java:285)
	at com.kms.katalon.core.common.CommonExecutor.accessTestCaseMainPhase(CommonExecutor.java:65)
	at com.kms.katalon.core.main.TestSuiteExecutor.accessTestSuiteMainPhase(TestSuiteExecutor.java:150)
	at com.kms.katalon.core.main.TestSuiteExecutor.execute(TestSuiteExecutor.java:106)
	at com.kms.katalon.core.main.TestCaseMain.startTestSuite(TestCaseMain.java:180)
	at TempTestSuite1741312418653.run(TempTestSuite1741312418653.groovy:35)
	at java.base/jdk.internal.reflect.NativeMethodAccessorImpl.invoke0(Native Method)
	at java.base/jdk.internal.reflect.NativeMethodAccessorImpl.invoke(NativeMethodAccessorImpl.java:77)
	at java.base/jdk.internal.reflect.DelegatingMethodAccessorImpl.invoke(DelegatingMethodAccessorImpl.java:43)
)

07-03-2025T07:32:10 - [TEST_STEP][PASSED] - a = replaceAll("\s+", "").trim(): null

07-03-2025T07:32:10 - [TEST_STEP][PASSED] - b = replaceAll("\s+", "").trim(): null

07-03-2025T07:32:10 - [TEST_STEP][PASSED] - Script1710234207206.WriteToExcel(todaysDate, run, vir, block, typeOfData, viruchka, vidget, nameOfBlock, a, b, dZO, x, y): null

07-03-2025T07:32:10 - [TEST_STEP][PASSED] - println(run): null

07-03-2025T07:32:10 - [TEST_STEP][PASSED] - if (run == 1): null

07-03-2025T07:32:10 - [TEST_STEP][PASSED] - typeOfData = "Млн": null

07-03-2025T07:32:10 - [TEST_STEP][PASSED] - println("todaysDate:" + todaysDate): null

07-03-2025T07:32:10 - [TEST_STEP][PASSED] - println("typeOfData:" + typeOfData): null

07-03-2025T07:32:10 - [TEST_STEP][PASSED] - viruchka = getText(findTestObject("Выручка в рублях/Фильтр Выручка" + nameOfBlock)): Text of object 'Object Repository/Выручка в рублях/Фильтр Выручка Выручка' is: 'Все'

07-03-2025T07:32:11 - [MESSAGE][PASSED] - Text of object 'Object Repository/Выручка в рублях/Фильтр Выручка Выручка' is: 'Все'

07-03-2025T07:32:11 - [TEST_STEP][PASSED] - println("viruchka" + viruchka): null

07-03-2025T07:32:11 - [TEST_STEP][PASSED] - println("vidget" + vidget): null

07-03-2025T07:32:11 - [TEST_STEP][PASSED] - println("a" + a): null

07-03-2025T07:32:11 - [TEST_STEP][PASSED] - println("b" + b): null

07-03-2025T07:32:11 - [TEST_STEP][PASSED] - sheetName = "Sheet1": null

07-03-2025T07:32:11 - [TEST_STEP][PASSED] - data = findTestData("PlanFact"): null

07-03-2025T07:32:11 - [TEST_STEP][PASSED] - n = data.getRowNumbers() + 1: null

07-03-2025T07:32:11 - [TEST_STEP][PASSED] - period = getText(findTestObject("Выручка в рублях/Фильтр Период")).trim(): Text of object 'Object Repository/Выручка в рублях/Фильтр Период' is: 'Январь 2025 года'

07-03-2025T07:32:11 - [MESSAGE][PASSED] - Text of object 'Object Repository/Выручка в рублях/Фильтр Период' is: 'Январь 2025 года'

07-03-2025T07:32:11 - [TEST_STEP][PASSED] - println(period): null

07-03-2025T07:32:11 - [TEST_STEP][PASSED] - if (period.findAll("[а-яА-Я]") == false): null

07-03-2025T07:32:11 - [TEST_STEP][PASSED] - dashboardName = "Выручка в рублях": null

07-03-2025T07:32:11 - [TEST_STEP][PASSED] - if (a == ""): null

07-03-2025T07:32:11 - [TEST_STEP][PASSED] - else: null

07-03-2025T07:32:11 - [TEST_STEP][PASSED] - x = a.toDouble(): null

07-03-2025T07:32:11 - [TEST_STEP][PASSED] - if (b == ""): null

07-03-2025T07:32:11 - [TEST_STEP][PASSED] - else: null

07-03-2025T07:32:11 - [TEST_STEP][PASSED] - y = b.toDouble(): null

07-03-2025T07:32:11 - [TEST_STEP][PASSED] - workbook01 = getWorkbook(excelFilePath): null

07-03-2025T07:32:11 - [TEST_STEP][PASSED] - sheet01 = getExcelSheet(workbook01, sheetName): null

07-03-2025T07:32:11 - [TEST_STEP][PASSED] - setValueToCellByIndex(sheet01, n, 0, dashboardName): null

07-03-2025T07:32:11 - [TEST_STEP][PASSED] - setValueToCellByIndex(sheet01, n, 1, dZO): null

07-03-2025T07:32:11 - [TEST_STEP][PASSED] - setValueToCellByIndex(sheet01, n, 2, vidget): null

07-03-2025T07:32:11 - [TEST_STEP][PASSED] - setValueToCellByIndex(sheet01, n, 3, viruchka): null

07-03-2025T07:32:11 - [TEST_STEP][PASSED] - setValueToCellByIndex(sheet01, n, 4, typeOfData): null

07-03-2025T07:32:11 - [TEST_STEP][PASSED] - if (a == "нет данных"): null

07-03-2025T07:32:11 - [TEST_STEP][PASSED] - else: null

07-03-2025T07:32:11 - [TEST_STEP][PASSED] - setValueToCellByIndex(sheet01, n, 5, x): null

07-03-2025T07:32:11 - [TEST_STEP][PASSED] - if (b == "нет данных"): null

07-03-2025T07:32:11 - [TEST_STEP][PASSED] - else: null

07-03-2025T07:32:11 - [TEST_STEP][PASSED] - setValueToCellByIndex(sheet01, n, 6, y): null

07-03-2025T07:32:11 - [TEST_STEP][PASSED] - setValueToCellByIndex(sheet01, n, 7, period): null

07-03-2025T07:32:11 - [TEST_STEP][PASSED] - setValueToCellByIndex(sheet01, n, 8, todaysDate): null

07-03-2025T07:32:11 - [TEST_STEP][PASSED] - n = n + 1: null

07-03-2025T07:32:11 - [TEST_STEP][PASSED] - saveWorkbook(excelFilePath, workbook01): null

07-03-2025T07:32:12 - [TEST_STEP][PASSED] - x = "": null

07-03-2025T07:32:12 - [TEST_STEP][PASSED] - y = "": null

07-03-2025T07:32:12 - [TEST_STEP][PASSED] - dZO = "АО «Тываэнерго»": null

07-03-2025T07:32:12 - [TEST_STEP][FAILED] - if (verifyEqual(a31, b31) == false): null

07-03-2025T07:32:12 - [MESSAGE][FAILED] - Unable to verify equal between actual object '274' and expected object '23' (Root cause: com.kms.katalon.core.exception.StepFailedException: Actual object '274' and expected object '23' are not equal
	at com.kms.katalon.core.keyword.builtin.VerifyEqualKeyword$_verifyEqual_closure1.doCall(VerifyEqualKeyword.groovy:58)
	at com.kms.katalon.core.keyword.builtin.VerifyEqualKeyword$_verifyEqual_closure1.call(VerifyEqualKeyword.groovy)
	at com.kms.katalon.core.keyword.internal.KeywordMain.runKeyword(KeywordMain.groovy:75)
	at com.kms.katalon.core.keyword.builtin.VerifyEqualKeyword.verifyEqual(VerifyEqualKeyword.groovy:63)
	at com.kms.katalon.core.keyword.builtin.VerifyEqualKeyword.execute(VerifyEqualKeyword.groovy:44)
	at com.kms.katalon.core.keyword.internal.KeywordExecutor.executeKeywordForPlatform(KeywordExecutor.groovy:74)
	at com.kms.katalon.core.keyword.BuiltinKeywords.verifyEqual(BuiltinKeywords.groovy:146)
	at jdk.internal.reflect.GeneratedMethodAccessor23.invoke(Unknown Source)
	at java.base/jdk.internal.reflect.DelegatingMethodAccessorImpl.invoke(DelegatingMethodAccessorImpl.java:43)
	at Выручка в рублях сверка дашбордов ПАО Россети.Blocks(Выручка в рублях сверка дашбордов ПАО Россети:367)
	at Выручка в рублях сверка дашбордов ПАО Россети.ViruchkaChange(Выручка в рублях сверка дашбордов ПАО Россети:60)
	at Выручка в рублях сверка дашбордов ПАО Россети.run(Выручка в рублях сверка дашбордов ПАО Россети:55)
	at com.kms.katalon.core.main.ScriptEngine.run(ScriptEngine.java:194)
	at com.kms.katalon.core.main.ScriptEngine.runScriptAsRawText(ScriptEngine.java:119)
	at com.kms.katalon.core.main.TestCaseExecutor.runScript(TestCaseExecutor.java:448)
	at com.kms.katalon.core.main.TestCaseExecutor.doExecute(TestCaseExecutor.java:439)
	at com.kms.katalon.core.main.TestCaseExecutor.processExecutionPhase(TestCaseExecutor.java:418)
	at com.kms.katalon.core.main.TestCaseExecutor.accessMainPhase(TestCaseExecutor.java:410)
	at com.kms.katalon.core.main.TestCaseExecutor.execute(TestCaseExecutor.java:285)
	at com.kms.katalon.core.common.CommonExecutor.accessTestCaseMainPhase(CommonExecutor.java:65)
	at com.kms.katalon.core.main.TestSuiteExecutor.accessTestSuiteMainPhase(TestSuiteExecutor.java:150)
	at com.kms.katalon.core.main.TestSuiteExecutor.execute(TestSuiteExecutor.java:106)
	at com.kms.katalon.core.main.TestCaseMain.startTestSuite(TestCaseMain.java:180)
	at TempTestSuite1741312418653.run(TempTestSuite1741312418653.groovy:35)
	at java.base/jdk.internal.reflect.NativeMethodAccessorImpl.invoke0(Native Method)
	at java.base/jdk.internal.reflect.NativeMethodAccessorImpl.invoke(NativeMethodAccessorImpl.java:77)
	at java.base/jdk.internal.reflect.DelegatingMethodAccessorImpl.invoke(DelegatingMethodAccessorImpl.java:43)
)

07-03-2025T07:32:12 - [TEST_STEP][PASSED] - a = replaceAll("\s+", "").trim(): null

07-03-2025T07:32:12 - [TEST_STEP][PASSED] - b = replaceAll("\s+", "").trim(): null

07-03-2025T07:32:12 - [TEST_STEP][PASSED] - Script1710234207206.WriteToExcel(todaysDate, run, vir, block, typeOfData, viruchka, vidget, nameOfBlock, a, b, dZO, x, y): null

07-03-2025T07:32:12 - [TEST_STEP][PASSED] - println(run): null

07-03-2025T07:32:12 - [TEST_STEP][PASSED] - if (run == 1): null

07-03-2025T07:32:12 - [TEST_STEP][PASSED] - typeOfData = "Млн": null

07-03-2025T07:32:12 - [TEST_STEP][PASSED] - println("todaysDate:" + todaysDate): null

07-03-2025T07:32:12 - [TEST_STEP][PASSED] - println("typeOfData:" + typeOfData): null

07-03-2025T07:32:12 - [TEST_STEP][PASSED] - viruchka = getText(findTestObject("Выручка в рублях/Фильтр Выручка" + nameOfBlock)): Text of object 'Object Repository/Выручка в рублях/Фильтр Выручка Выручка' is: 'Все'

07-03-2025T07:32:12 - [MESSAGE][PASSED] - Text of object 'Object Repository/Выручка в рублях/Фильтр Выручка Выручка' is: 'Все'

07-03-2025T07:32:12 - [TEST_STEP][PASSED] - println("viruchka" + viruchka): null

07-03-2025T07:32:12 - [TEST_STEP][PASSED] - println("vidget" + vidget): null

07-03-2025T07:32:12 - [TEST_STEP][PASSED] - println("a" + a): null

07-03-2025T07:32:12 - [TEST_STEP][PASSED] - println("b" + b): null

07-03-2025T07:32:12 - [TEST_STEP][PASSED] - sheetName = "Sheet1": null

07-03-2025T07:32:12 - [TEST_STEP][PASSED] - data = findTestData("PlanFact"): null

07-03-2025T07:32:12 - [TEST_STEP][PASSED] - n = data.getRowNumbers() + 1: null

07-03-2025T07:32:12 - [TEST_STEP][PASSED] - period = getText(findTestObject("Выручка в рублях/Фильтр Период")).trim(): Text of object 'Object Repository/Выручка в рублях/Фильтр Период' is: 'Январь 2025 года'

07-03-2025T07:32:12 - [MESSAGE][PASSED] - Text of object 'Object Repository/Выручка в рублях/Фильтр Период' is: 'Январь 2025 года'

07-03-2025T07:32:12 - [TEST_STEP][PASSED] - println(period): null

07-03-2025T07:32:12 - [TEST_STEP][PASSED] - if (period.findAll("[а-яА-Я]") == false): null

07-03-2025T07:32:12 - [TEST_STEP][PASSED] - dashboardName = "Выручка в рублях": null

07-03-2025T07:32:12 - [TEST_STEP][PASSED] - if (a == ""): null

07-03-2025T07:32:12 - [TEST_STEP][PASSED] - else: null

07-03-2025T07:32:12 - [TEST_STEP][PASSED] - x = a.toDouble(): null

07-03-2025T07:32:12 - [TEST_STEP][PASSED] - if (b == ""): null

07-03-2025T07:32:12 - [TEST_STEP][PASSED] - else: null

07-03-2025T07:32:12 - [TEST_STEP][PASSED] - y = b.toDouble(): null

07-03-2025T07:32:12 - [TEST_STEP][PASSED] - workbook01 = getWorkbook(excelFilePath): null

07-03-2025T07:32:12 - [TEST_STEP][PASSED] - sheet01 = getExcelSheet(workbook01, sheetName): null

07-03-2025T07:32:12 - [TEST_STEP][PASSED] - setValueToCellByIndex(sheet01, n, 0, dashboardName): null

07-03-2025T07:32:12 - [TEST_STEP][PASSED] - setValueToCellByIndex(sheet01, n, 1, dZO): null

07-03-2025T07:32:12 - [TEST_STEP][PASSED] - setValueToCellByIndex(sheet01, n, 2, vidget): null

07-03-2025T07:32:12 - [TEST_STEP][PASSED] - setValueToCellByIndex(sheet01, n, 3, viruchka): null

07-03-2025T07:32:12 - [TEST_STEP][PASSED] - setValueToCellByIndex(sheet01, n, 4, typeOfData): null

07-03-2025T07:32:12 - [TEST_STEP][PASSED] - if (a == "нет данных"): null

07-03-2025T07:32:12 - [TEST_STEP][PASSED] - else: null

07-03-2025T07:32:12 - [TEST_STEP][PASSED] - setValueToCellByIndex(sheet01, n, 5, x): null

07-03-2025T07:32:12 - [TEST_STEP][PASSED] - if (b == "нет данных"): null

07-03-2025T07:32:12 - [TEST_STEP][PASSED] - else: null

07-03-2025T07:32:12 - [TEST_STEP][PASSED] - setValueToCellByIndex(sheet01, n, 6, y): null

07-03-2025T07:32:12 - [TEST_STEP][PASSED] - setValueToCellByIndex(sheet01, n, 7, period): null

07-03-2025T07:32:12 - [TEST_STEP][PASSED] - setValueToCellByIndex(sheet01, n, 8, todaysDate): null

07-03-2025T07:32:12 - [TEST_STEP][PASSED] - n = n + 1: null

07-03-2025T07:32:12 - [TEST_STEP][PASSED] - saveWorkbook(excelFilePath, workbook01): null

07-03-2025T07:32:12 - [TEST_STEP][PASSED] - x = "": null

07-03-2025T07:32:12 - [TEST_STEP][PASSED] - y = "": null

07-03-2025T07:32:12 - [TEST_STEP][PASSED] - dZO = "АО «Чеченэнерго»": null

07-03-2025T07:32:12 - [TEST_STEP][FAILED] - if (verifyEqual(a32, b32) == false): null

07-03-2025T07:32:12 - [MESSAGE][FAILED] - Unable to verify equal between actual object '463' and expected object '-83' (Root cause: com.kms.katalon.core.exception.StepFailedException: Actual object '463' and expected object '-83' are not equal
	at com.kms.katalon.core.keyword.builtin.VerifyEqualKeyword$_verifyEqual_closure1.doCall(VerifyEqualKeyword.groovy:58)
	at com.kms.katalon.core.keyword.builtin.VerifyEqualKeyword$_verifyEqual_closure1.call(VerifyEqualKeyword.groovy)
	at com.kms.katalon.core.keyword.internal.KeywordMain.runKeyword(KeywordMain.groovy:75)
	at com.kms.katalon.core.keyword.builtin.VerifyEqualKeyword.verifyEqual(VerifyEqualKeyword.groovy:63)
	at com.kms.katalon.core.keyword.builtin.VerifyEqualKeyword.execute(VerifyEqualKeyword.groovy:44)
	at com.kms.katalon.core.keyword.internal.KeywordExecutor.executeKeywordForPlatform(KeywordExecutor.groovy:74)
	at com.kms.katalon.core.keyword.BuiltinKeywords.verifyEqual(BuiltinKeywords.groovy:146)
	at jdk.internal.reflect.GeneratedMethodAccessor23.invoke(Unknown Source)
	at java.base/jdk.internal.reflect.DelegatingMethodAccessorImpl.invoke(DelegatingMethodAccessorImpl.java:43)
	at Выручка в рублях сверка дашбордов ПАО Россети.Blocks(Выручка в рублях сверка дашбордов ПАО Россети:378)
	at Выручка в рублях сверка дашбордов ПАО Россети.ViruchkaChange(Выручка в рублях сверка дашбордов ПАО Россети:60)
	at Выручка в рублях сверка дашбордов ПАО Россети.run(Выручка в рублях сверка дашбордов ПАО Россети:55)
	at com.kms.katalon.core.main.ScriptEngine.run(ScriptEngine.java:194)
	at com.kms.katalon.core.main.ScriptEngine.runScriptAsRawText(ScriptEngine.java:119)
	at com.kms.katalon.core.main.TestCaseExecutor.runScript(TestCaseExecutor.java:448)
	at com.kms.katalon.core.main.TestCaseExecutor.doExecute(TestCaseExecutor.java:439)
	at com.kms.katalon.core.main.TestCaseExecutor.processExecutionPhase(TestCaseExecutor.java:418)
	at com.kms.katalon.core.main.TestCaseExecutor.accessMainPhase(TestCaseExecutor.java:410)
	at com.kms.katalon.core.main.TestCaseExecutor.execute(TestCaseExecutor.java:285)
	at com.kms.katalon.core.common.CommonExecutor.accessTestCaseMainPhase(CommonExecutor.java:65)
	at com.kms.katalon.core.main.TestSuiteExecutor.accessTestSuiteMainPhase(TestSuiteExecutor.java:150)
	at com.kms.katalon.core.main.TestSuiteExecutor.execute(TestSuiteExecutor.java:106)
	at com.kms.katalon.core.main.TestCaseMain.startTestSuite(TestCaseMain.java:180)
	at TempTestSuite1741312418653.run(TempTestSuite1741312418653.groovy:35)
	at java.base/jdk.internal.reflect.NativeMethodAccessorImpl.invoke0(Native Method)
	at java.base/jdk.internal.reflect.NativeMethodAccessorImpl.invoke(NativeMethodAccessorImpl.java:77)
	at java.base/jdk.internal.reflect.DelegatingMethodAccessorImpl.invoke(DelegatingMethodAccessorImpl.java:43)
)

07-03-2025T07:32:12 - [TEST_STEP][PASSED] - a = replaceAll("\s+", "").trim(): null

07-03-2025T07:32:12 - [TEST_STEP][PASSED] - b = replaceAll("\s+", "").trim(): null

07-03-2025T07:32:12 - [TEST_STEP][PASSED] - Script1710234207206.WriteToExcel(todaysDate, run, vir, block, typeOfData, viruchka, vidget, nameOfBlock, a, b, dZO, x, y): null

07-03-2025T07:32:12 - [TEST_STEP][PASSED] - println(run): null

07-03-2025T07:32:12 - [TEST_STEP][PASSED] - if (run == 1): null

07-03-2025T07:32:12 - [TEST_STEP][PASSED] - typeOfData = "Млн": null

07-03-2025T07:32:12 - [TEST_STEP][PASSED] - println("todaysDate:" + todaysDate): null

07-03-2025T07:32:12 - [TEST_STEP][PASSED] - println("typeOfData:" + typeOfData): null

07-03-2025T07:32:12 - [TEST_STEP][PASSED] - viruchka = getText(findTestObject("Выручка в рублях/Фильтр Выручка" + nameOfBlock)): Text of object 'Object Repository/Выручка в рублях/Фильтр Выручка Выручка' is: 'Все'

07-03-2025T07:32:13 - [MESSAGE][PASSED] - Text of object 'Object Repository/Выручка в рублях/Фильтр Выручка Выручка' is: 'Все'

07-03-2025T07:32:13 - [TEST_STEP][PASSED] - println("viruchka" + viruchka): null

07-03-2025T07:32:13 - [TEST_STEP][PASSED] - println("vidget" + vidget): null

07-03-2025T07:32:13 - [TEST_STEP][PASSED] - println("a" + a): null

07-03-2025T07:32:13 - [TEST_STEP][PASSED] - println("b" + b): null

07-03-2025T07:32:13 - [TEST_STEP][PASSED] - sheetName = "Sheet1": null

07-03-2025T07:32:13 - [TEST_STEP][PASSED] - data = findTestData("PlanFact"): null

07-03-2025T07:32:13 - [TEST_STEP][PASSED] - n = data.getRowNumbers() + 1: null

07-03-2025T07:32:13 - [TEST_STEP][PASSED] - period = getText(findTestObject("Выручка в рублях/Фильтр Период")).trim(): Text of object 'Object Repository/Выручка в рублях/Фильтр Период' is: 'Январь 2025 года'

07-03-2025T07:32:13 - [MESSAGE][PASSED] - Text of object 'Object Repository/Выручка в рублях/Фильтр Период' is: 'Январь 2025 года'

07-03-2025T07:32:13 - [TEST_STEP][PASSED] - println(period): null

07-03-2025T07:32:13 - [TEST_STEP][PASSED] - if (period.findAll("[а-яА-Я]") == false): null

07-03-2025T07:32:13 - [TEST_STEP][PASSED] - dashboardName = "Выручка в рублях": null

07-03-2025T07:32:13 - [TEST_STEP][PASSED] - if (a == ""): null

07-03-2025T07:32:13 - [TEST_STEP][PASSED] - else: null

07-03-2025T07:32:13 - [TEST_STEP][PASSED] - x = a.toDouble(): null

07-03-2025T07:32:13 - [TEST_STEP][PASSED] - if (b == ""): null

07-03-2025T07:32:13 - [TEST_STEP][PASSED] - else: null

07-03-2025T07:32:13 - [TEST_STEP][PASSED] - y = b.toDouble(): null

07-03-2025T07:32:13 - [TEST_STEP][PASSED] - workbook01 = getWorkbook(excelFilePath): null

07-03-2025T07:32:13 - [TEST_STEP][PASSED] - sheet01 = getExcelSheet(workbook01, sheetName): null

07-03-2025T07:32:13 - [TEST_STEP][PASSED] - setValueToCellByIndex(sheet01, n, 0, dashboardName): null

07-03-2025T07:32:13 - [TEST_STEP][PASSED] - setValueToCellByIndex(sheet01, n, 1, dZO): null

07-03-2025T07:32:13 - [TEST_STEP][PASSED] - setValueToCellByIndex(sheet01, n, 2, vidget): null

07-03-2025T07:32:13 - [TEST_STEP][PASSED] - setValueToCellByIndex(sheet01, n, 3, viruchka): null

07-03-2025T07:32:13 - [TEST_STEP][PASSED] - setValueToCellByIndex(sheet01, n, 4, typeOfData): null

07-03-2025T07:32:13 - [TEST_STEP][PASSED] - if (a == "нет данных"): null

07-03-2025T07:32:13 - [TEST_STEP][PASSED] - else: null

07-03-2025T07:32:13 - [TEST_STEP][PASSED] - setValueToCellByIndex(sheet01, n, 5, x): null

07-03-2025T07:32:13 - [TEST_STEP][PASSED] - if (b == "нет данных"): null

07-03-2025T07:32:13 - [TEST_STEP][PASSED] - else: null

07-03-2025T07:32:13 - [TEST_STEP][PASSED] - setValueToCellByIndex(sheet01, n, 6, y): null

07-03-2025T07:32:13 - [TEST_STEP][PASSED] - setValueToCellByIndex(sheet01, n, 7, period): null

07-03-2025T07:32:13 - [TEST_STEP][PASSED] - setValueToCellByIndex(sheet01, n, 8, todaysDate): null

07-03-2025T07:32:13 - [TEST_STEP][PASSED] - n = n + 1: null

07-03-2025T07:32:13 - [TEST_STEP][PASSED] - saveWorkbook(excelFilePath, workbook01): null

07-03-2025T07:32:13 - [TEST_STEP][PASSED] - x = "": null

07-03-2025T07:32:13 - [TEST_STEP][PASSED] - y = "": null

07-03-2025T07:32:13 - [TEST_STEP][PASSED] - dZO = "Россети Волга": null

07-03-2025T07:32:13 - [TEST_STEP][FAILED] - if (verifyEqual(a33, b33) == false): null

07-03-2025T07:32:13 - [MESSAGE][FAILED] - Unable to verify equal between actual object '1 630' and expected object '-295' (Root cause: com.kms.katalon.core.exception.StepFailedException: Actual object '1 630' and expected object '-295' are not equal
	at com.kms.katalon.core.keyword.builtin.VerifyEqualKeyword$_verifyEqual_closure1.doCall(VerifyEqualKeyword.groovy:58)
	at com.kms.katalon.core.keyword.builtin.VerifyEqualKeyword$_verifyEqual_closure1.call(VerifyEqualKeyword.groovy)
	at com.kms.katalon.core.keyword.internal.KeywordMain.runKeyword(KeywordMain.groovy:75)
	at com.kms.katalon.core.keyword.builtin.VerifyEqualKeyword.verifyEqual(VerifyEqualKeyword.groovy:63)
	at com.kms.katalon.core.keyword.builtin.VerifyEqualKeyword.execute(VerifyEqualKeyword.groovy:44)
	at com.kms.katalon.core.keyword.internal.KeywordExecutor.executeKeywordForPlatform(KeywordExecutor.groovy:74)
	at com.kms.katalon.core.keyword.BuiltinKeywords.verifyEqual(BuiltinKeywords.groovy:146)
	at jdk.internal.reflect.GeneratedMethodAccessor23.invoke(Unknown Source)
	at java.base/jdk.internal.reflect.DelegatingMethodAccessorImpl.invoke(DelegatingMethodAccessorImpl.java:43)
	at Выручка в рублях сверка дашбордов ПАО Россети.Blocks(Выручка в рублях сверка дашбордов ПАО Россети:388)
	at Выручка в рублях сверка дашбордов ПАО Россети.ViruchkaChange(Выручка в рублях сверка дашбордов ПАО Россети:60)
	at Выручка в рублях сверка дашбордов ПАО Россети.run(Выручка в рублях сверка дашбордов ПАО Россети:55)
	at com.kms.katalon.core.main.ScriptEngine.run(ScriptEngine.java:194)
	at com.kms.katalon.core.main.ScriptEngine.runScriptAsRawText(ScriptEngine.java:119)
	at com.kms.katalon.core.main.TestCaseExecutor.runScript(TestCaseExecutor.java:448)
	at com.kms.katalon.core.main.TestCaseExecutor.doExecute(TestCaseExecutor.java:439)
	at com.kms.katalon.core.main.TestCaseExecutor.processExecutionPhase(TestCaseExecutor.java:418)
	at com.kms.katalon.core.main.TestCaseExecutor.accessMainPhase(TestCaseExecutor.java:410)
	at com.kms.katalon.core.main.TestCaseExecutor.execute(TestCaseExecutor.java:285)
	at com.kms.katalon.core.common.CommonExecutor.accessTestCaseMainPhase(CommonExecutor.java:65)
	at com.kms.katalon.core.main.TestSuiteExecutor.accessTestSuiteMainPhase(TestSuiteExecutor.java:150)
	at com.kms.katalon.core.main.TestSuiteExecutor.execute(TestSuiteExecutor.java:106)
	at com.kms.katalon.core.main.TestCaseMain.startTestSuite(TestCaseMain.java:180)
	at TempTestSuite1741312418653.run(TempTestSuite1741312418653.groovy:35)
	at java.base/jdk.internal.reflect.NativeMethodAccessorImpl.invoke0(Native Method)
	at java.base/jdk.internal.reflect.NativeMethodAccessorImpl.invoke(NativeMethodAccessorImpl.java:77)
	at java.base/jdk.internal.reflect.DelegatingMethodAccessorImpl.invoke(DelegatingMethodAccessorImpl.java:43)
)

07-03-2025T07:32:13 - [TEST_STEP][PASSED] - a = replaceAll("\s+", "").trim(): null

07-03-2025T07:32:13 - [TEST_STEP][PASSED] - b = replaceAll("\s+", "").trim(): null

07-03-2025T07:32:13 - [TEST_STEP][PASSED] - Script1710234207206.WriteToExcel(todaysDate, run, vir, block, typeOfData, viruchka, vidget, nameOfBlock, a, b, dZO, x, y): null

07-03-2025T07:32:13 - [TEST_STEP][PASSED] - println(run): null

07-03-2025T07:32:13 - [TEST_STEP][PASSED] - if (run == 1): null

07-03-2025T07:32:13 - [TEST_STEP][PASSED] - typeOfData = "Млн": null

07-03-2025T07:32:13 - [TEST_STEP][PASSED] - println("todaysDate:" + todaysDate): null

07-03-2025T07:32:13 - [TEST_STEP][PASSED] - println("typeOfData:" + typeOfData): null

07-03-2025T07:32:13 - [TEST_STEP][PASSED] - viruchka = getText(findTestObject("Выручка в рублях/Фильтр Выручка" + nameOfBlock)): Text of object 'Object Repository/Выручка в рублях/Фильтр Выручка Выручка' is: 'Все'

07-03-2025T07:32:14 - [MESSAGE][PASSED] - Text of object 'Object Repository/Выручка в рублях/Фильтр Выручка Выручка' is: 'Все'

07-03-2025T07:32:14 - [TEST_STEP][PASSED] - println("viruchka" + viruchka): null

07-03-2025T07:32:14 - [TEST_STEP][PASSED] - println("vidget" + vidget): null

07-03-2025T07:32:14 - [TEST_STEP][PASSED] - println("a" + a): null

07-03-2025T07:32:14 - [TEST_STEP][PASSED] - println("b" + b): null

07-03-2025T07:32:14 - [TEST_STEP][PASSED] - sheetName = "Sheet1": null

07-03-2025T07:32:14 - [TEST_STEP][PASSED] - data = findTestData("PlanFact"): null

07-03-2025T07:32:14 - [TEST_STEP][PASSED] - n = data.getRowNumbers() + 1: null

07-03-2025T07:32:14 - [TEST_STEP][PASSED] - period = getText(findTestObject("Выручка в рублях/Фильтр Период")).trim(): Text of object 'Object Repository/Выручка в рублях/Фильтр Период' is: 'Январь 2025 года'

07-03-2025T07:32:14 - [MESSAGE][PASSED] - Text of object 'Object Repository/Выручка в рублях/Фильтр Период' is: 'Январь 2025 года'

07-03-2025T07:32:14 - [TEST_STEP][PASSED] - println(period): null

07-03-2025T07:32:14 - [TEST_STEP][PASSED] - if (period.findAll("[а-яА-Я]") == false): null

07-03-2025T07:32:14 - [TEST_STEP][PASSED] - dashboardName = "Выручка в рублях": null

07-03-2025T07:32:14 - [TEST_STEP][PASSED] - if (a == ""): null

07-03-2025T07:32:14 - [TEST_STEP][PASSED] - else: null

07-03-2025T07:32:14 - [TEST_STEP][PASSED] - x = a.toDouble(): null

07-03-2025T07:32:14 - [TEST_STEP][PASSED] - if (b == ""): null

07-03-2025T07:32:14 - [TEST_STEP][PASSED] - else: null

07-03-2025T07:32:14 - [TEST_STEP][PASSED] - y = b.toDouble(): null

07-03-2025T07:32:14 - [TEST_STEP][PASSED] - workbook01 = getWorkbook(excelFilePath): null

07-03-2025T07:32:14 - [TEST_STEP][PASSED] - sheet01 = getExcelSheet(workbook01, sheetName): null

07-03-2025T07:32:14 - [TEST_STEP][PASSED] - setValueToCellByIndex(sheet01, n, 0, dashboardName): null

07-03-2025T07:32:14 - [TEST_STEP][PASSED] - setValueToCellByIndex(sheet01, n, 1, dZO): null

07-03-2025T07:32:14 - [TEST_STEP][PASSED] - setValueToCellByIndex(sheet01, n, 2, vidget): null

07-03-2025T07:32:14 - [TEST_STEP][PASSED] - setValueToCellByIndex(sheet01, n, 3, viruchka): null

07-03-2025T07:32:14 - [TEST_STEP][PASSED] - setValueToCellByIndex(sheet01, n, 4, typeOfData): null

07-03-2025T07:32:14 - [TEST_STEP][PASSED] - if (a == "нет данных"): null

07-03-2025T07:32:14 - [TEST_STEP][PASSED] - else: null

07-03-2025T07:32:14 - [TEST_STEP][PASSED] - setValueToCellByIndex(sheet01, n, 5, x): null

07-03-2025T07:32:14 - [TEST_STEP][PASSED] - if (b == "нет данных"): null

07-03-2025T07:32:14 - [TEST_STEP][PASSED] - else: null

07-03-2025T07:32:14 - [TEST_STEP][PASSED] - setValueToCellByIndex(sheet01, n, 6, y): null

07-03-2025T07:32:14 - [TEST_STEP][PASSED] - setValueToCellByIndex(sheet01, n, 7, period): null

07-03-2025T07:32:14 - [TEST_STEP][PASSED] - setValueToCellByIndex(sheet01, n, 8, todaysDate): null

07-03-2025T07:32:14 - [TEST_STEP][PASSED] - n = n + 1: null

07-03-2025T07:32:14 - [TEST_STEP][PASSED] - saveWorkbook(excelFilePath, workbook01): null

07-03-2025T07:32:14 - [TEST_STEP][PASSED] - x = "": null

07-03-2025T07:32:14 - [TEST_STEP][PASSED] - y = "": null

07-03-2025T07:32:14 - [TEST_STEP][PASSED] - dZO = "Россети Кубань": null

07-03-2025T07:32:14 - [TEST_STEP][PASSED] - if (verifyEqual(a34, b34) == false): Actual object '-54' and expected object '-54' are equal

07-03-2025T07:32:14 - [MESSAGE][PASSED] - Actual object '-54' and expected object '-54' are equal

07-03-2025T07:32:14 - [TEST_STEP][PASSED] - dZO = "Россети Ленэнерго (ГК)": null

07-03-2025T07:32:14 - [TEST_STEP][PASSED] - if (verifyEqual(a35, b35) == false): Actual object '-403' and expected object '-403' are equal

07-03-2025T07:32:14 - [MESSAGE][PASSED] - Actual object '-403' and expected object '-403' are equal

07-03-2025T07:32:14 - [TEST_STEP][PASSED] - dZO = "Россети Московский регион": null

07-03-2025T07:32:14 - [TEST_STEP][FAILED] - if (verifyEqual(a36, b36) == false): null

07-03-2025T07:32:14 - [MESSAGE][FAILED] - Unable to verify equal between actual object '8 709' and expected object '-927' (Root cause: com.kms.katalon.core.exception.StepFailedException: Actual object '8 709' and expected object '-927' are not equal
	at com.kms.katalon.core.keyword.builtin.VerifyEqualKeyword$_verifyEqual_closure1.doCall(VerifyEqualKeyword.groovy:58)
	at com.kms.katalon.core.keyword.builtin.VerifyEqualKeyword$_verifyEqual_closure1.call(VerifyEqualKeyword.groovy)
	at com.kms.katalon.core.keyword.internal.KeywordMain.runKeyword(KeywordMain.groovy:75)
	at com.kms.katalon.core.keyword.builtin.VerifyEqualKeyword.verifyEqual(VerifyEqualKeyword.groovy:63)
	at com.kms.katalon.core.keyword.builtin.VerifyEqualKeyword.execute(VerifyEqualKeyword.groovy:44)
	at com.kms.katalon.core.keyword.internal.KeywordExecutor.executeKeywordForPlatform(KeywordExecutor.groovy:74)
	at com.kms.katalon.core.keyword.BuiltinKeywords.verifyEqual(BuiltinKeywords.groovy:146)
	at jdk.internal.reflect.GeneratedMethodAccessor23.invoke(Unknown Source)
	at java.base/jdk.internal.reflect.DelegatingMethodAccessorImpl.invoke(DelegatingMethodAccessorImpl.java:43)
	at Выручка в рублях сверка дашбордов ПАО Россети.Blocks(Выручка в рублях сверка дашбордов ПАО Россети:418)
	at Выручка в рублях сверка дашбордов ПАО Россети.ViruchkaChange(Выручка в рублях сверка дашбордов ПАО Россети:60)
	at Выручка в рублях сверка дашбордов ПАО Россети.run(Выручка в рублях сверка дашбордов ПАО Россети:55)
	at com.kms.katalon.core.main.ScriptEngine.run(ScriptEngine.java:194)
	at com.kms.katalon.core.main.ScriptEngine.runScriptAsRawText(ScriptEngine.java:119)
	at com.kms.katalon.core.main.TestCaseExecutor.runScript(TestCaseExecutor.java:448)
	at com.kms.katalon.core.main.TestCaseExecutor.doExecute(TestCaseExecutor.java:439)
	at com.kms.katalon.core.main.TestCaseExecutor.processExecutionPhase(TestCaseExecutor.java:418)
	at com.kms.katalon.core.main.TestCaseExecutor.accessMainPhase(TestCaseExecutor.java:410)
	at com.kms.katalon.core.main.TestCaseExecutor.execute(TestCaseExecutor.java:285)
	at com.kms.katalon.core.common.CommonExecutor.accessTestCaseMainPhase(CommonExecutor.java:65)
	at com.kms.katalon.core.main.TestSuiteExecutor.accessTestSuiteMainPhase(TestSuiteExecutor.java:150)
	at com.kms.katalon.core.main.TestSuiteExecutor.execute(TestSuiteExecutor.java:106)
	at com.kms.katalon.core.main.TestCaseMain.startTestSuite(TestCaseMain.java:180)
	at TempTestSuite1741312418653.run(TempTestSuite1741312418653.groovy:35)
	at java.base/jdk.internal.reflect.NativeMethodAccessorImpl.invoke0(Native Method)
	at java.base/jdk.internal.reflect.NativeMethodAccessorImpl.invoke(NativeMethodAccessorImpl.java:77)
	at java.base/jdk.internal.reflect.DelegatingMethodAccessorImpl.invoke(DelegatingMethodAccessorImpl.java:43)
)

07-03-2025T07:32:14 - [TEST_STEP][PASSED] - a = replaceAll("\s+", "").trim(): null

07-03-2025T07:32:14 - [TEST_STEP][PASSED] - b = replaceAll("\s+", "").trim(): null

07-03-2025T07:32:14 - [TEST_STEP][PASSED] - Script1710234207206.WriteToExcel(todaysDate, run, vir, block, typeOfData, viruchka, vidget, nameOfBlock, a, b, dZO, x, y): null

07-03-2025T07:32:14 - [TEST_STEP][PASSED] - println(run): null

07-03-2025T07:32:14 - [TEST_STEP][PASSED] - if (run == 1): null

07-03-2025T07:32:14 - [TEST_STEP][PASSED] - typeOfData = "Млн": null

07-03-2025T07:32:14 - [TEST_STEP][PASSED] - println("todaysDate:" + todaysDate): null

07-03-2025T07:32:14 - [TEST_STEP][PASSED] - println("typeOfData:" + typeOfData): null

07-03-2025T07:32:14 - [TEST_STEP][PASSED] - viruchka = getText(findTestObject("Выручка в рублях/Фильтр Выручка" + nameOfBlock)): Text of object 'Object Repository/Выручка в рублях/Фильтр Выручка Выручка' is: 'Все'

07-03-2025T07:32:15 - [MESSAGE][PASSED] - Text of object 'Object Repository/Выручка в рублях/Фильтр Выручка Выручка' is: 'Все'

07-03-2025T07:32:15 - [TEST_STEP][PASSED] - println("viruchka" + viruchka): null

07-03-2025T07:32:15 - [TEST_STEP][PASSED] - println("vidget" + vidget): null

07-03-2025T07:32:15 - [TEST_STEP][PASSED] - println("a" + a): null

07-03-2025T07:32:15 - [TEST_STEP][PASSED] - println("b" + b): null

07-03-2025T07:32:15 - [TEST_STEP][PASSED] - sheetName = "Sheet1": null

07-03-2025T07:32:15 - [TEST_STEP][PASSED] - data = findTestData("PlanFact"): null

07-03-2025T07:32:15 - [TEST_STEP][PASSED] - n = data.getRowNumbers() + 1: null

07-03-2025T07:32:15 - [TEST_STEP][PASSED] - period = getText(findTestObject("Выручка в рублях/Фильтр Период")).trim(): Text of object 'Object Repository/Выручка в рублях/Фильтр Период' is: 'Январь 2025 года'

07-03-2025T07:32:15 - [MESSAGE][PASSED] - Text of object 'Object Repository/Выручка в рублях/Фильтр Период' is: 'Январь 2025 года'

07-03-2025T07:32:15 - [TEST_STEP][PASSED] - println(period): null

07-03-2025T07:32:15 - [TEST_STEP][PASSED] - if (period.findAll("[а-яА-Я]") == false): null

07-03-2025T07:32:15 - [TEST_STEP][PASSED] - dashboardName = "Выручка в рублях": null

07-03-2025T07:32:15 - [TEST_STEP][PASSED] - if (a == ""): null

07-03-2025T07:32:15 - [TEST_STEP][PASSED] - else: null

07-03-2025T07:32:15 - [TEST_STEP][PASSED] - x = a.toDouble(): null

07-03-2025T07:32:15 - [TEST_STEP][PASSED] - if (b == ""): null

07-03-2025T07:32:15 - [TEST_STEP][PASSED] - else: null

07-03-2025T07:32:15 - [TEST_STEP][PASSED] - y = b.toDouble(): null

07-03-2025T07:32:15 - [TEST_STEP][PASSED] - workbook01 = getWorkbook(excelFilePath): null

07-03-2025T07:32:15 - [TEST_STEP][PASSED] - sheet01 = getExcelSheet(workbook01, sheetName): null

07-03-2025T07:32:15 - [TEST_STEP][PASSED] - setValueToCellByIndex(sheet01, n, 0, dashboardName): null

07-03-2025T07:32:15 - [TEST_STEP][PASSED] - setValueToCellByIndex(sheet01, n, 1, dZO): null

07-03-2025T07:32:15 - [TEST_STEP][PASSED] - setValueToCellByIndex(sheet01, n, 2, vidget): null

07-03-2025T07:32:15 - [TEST_STEP][PASSED] - setValueToCellByIndex(sheet01, n, 3, viruchka): null

07-03-2025T07:32:15 - [TEST_STEP][PASSED] - setValueToCellByIndex(sheet01, n, 4, typeOfData): null

07-03-2025T07:32:15 - [TEST_STEP][PASSED] - if (a == "нет данных"): null

07-03-2025T07:32:15 - [TEST_STEP][PASSED] - else: null

07-03-2025T07:32:15 - [TEST_STEP][PASSED] - setValueToCellByIndex(sheet01, n, 5, x): null

07-03-2025T07:32:15 - [TEST_STEP][PASSED] - if (b == "нет данных"): null

07-03-2025T07:32:15 - [TEST_STEP][PASSED] - else: null

07-03-2025T07:32:15 - [TEST_STEP][PASSED] - setValueToCellByIndex(sheet01, n, 6, y): null

07-03-2025T07:32:15 - [TEST_STEP][PASSED] - setValueToCellByIndex(sheet01, n, 7, period): null

07-03-2025T07:32:15 - [TEST_STEP][PASSED] - setValueToCellByIndex(sheet01, n, 8, todaysDate): null

07-03-2025T07:32:15 - [TEST_STEP][PASSED] - n = n + 1: null

07-03-2025T07:32:15 - [TEST_STEP][PASSED] - saveWorkbook(excelFilePath, workbook01): null

07-03-2025T07:32:15 - [TEST_STEP][PASSED] - x = "": null

07-03-2025T07:32:15 - [TEST_STEP][PASSED] - y = "": null

07-03-2025T07:32:15 - [TEST_STEP][PASSED] - dZO = "Россети Северный Кавказ (ГК)": null

07-03-2025T07:32:15 - [TEST_STEP][FAILED] - if (verifyEqual(a37, b37) == false): null

07-03-2025T07:32:15 - [MESSAGE][FAILED] - Unable to verify equal between actual object '3 799' and expected object '-606' (Root cause: com.kms.katalon.core.exception.StepFailedException: Actual object '3 799' and expected object '-606' are not equal
	at com.kms.katalon.core.keyword.builtin.VerifyEqualKeyword$_verifyEqual_closure1.doCall(VerifyEqualKeyword.groovy:58)
	at com.kms.katalon.core.keyword.builtin.VerifyEqualKeyword$_verifyEqual_closure1.call(VerifyEqualKeyword.groovy)
	at com.kms.katalon.core.keyword.internal.KeywordMain.runKeyword(KeywordMain.groovy:75)
	at com.kms.katalon.core.keyword.builtin.VerifyEqualKeyword.verifyEqual(VerifyEqualKeyword.groovy:63)
	at com.kms.katalon.core.keyword.builtin.VerifyEqualKeyword.execute(VerifyEqualKeyword.groovy:44)
	at com.kms.katalon.core.keyword.internal.KeywordExecutor.executeKeywordForPlatform(KeywordExecutor.groovy:74)
	at com.kms.katalon.core.keyword.BuiltinKeywords.verifyEqual(BuiltinKeywords.groovy:146)
	at jdk.internal.reflect.GeneratedMethodAccessor23.invoke(Unknown Source)
	at java.base/jdk.internal.reflect.DelegatingMethodAccessorImpl.invoke(DelegatingMethodAccessorImpl.java:43)
	at Выручка в рублях сверка дашбордов ПАО Россети.Blocks(Выручка в рублях сверка дашбордов ПАО Россети:428)
	at Выручка в рублях сверка дашбордов ПАО Россети.ViruchkaChange(Выручка в рублях сверка дашбордов ПАО Россети:60)
	at Выручка в рублях сверка дашбордов ПАО Россети.run(Выручка в рублях сверка дашбордов ПАО Россети:55)
	at com.kms.katalon.core.main.ScriptEngine.run(ScriptEngine.java:194)
	at com.kms.katalon.core.main.ScriptEngine.runScriptAsRawText(ScriptEngine.java:119)
	at com.kms.katalon.core.main.TestCaseExecutor.runScript(TestCaseExecutor.java:448)
	at com.kms.katalon.core.main.TestCaseExecutor.doExecute(TestCaseExecutor.java:439)
	at com.kms.katalon.core.main.TestCaseExecutor.processExecutionPhase(TestCaseExecutor.java:418)
	at com.kms.katalon.core.main.TestCaseExecutor.accessMainPhase(TestCaseExecutor.java:410)
	at com.kms.katalon.core.main.TestCaseExecutor.execute(TestCaseExecutor.java:285)
	at com.kms.katalon.core.common.CommonExecutor.accessTestCaseMainPhase(CommonExecutor.java:65)
	at com.kms.katalon.core.main.TestSuiteExecutor.accessTestSuiteMainPhase(TestSuiteExecutor.java:150)
	at com.kms.katalon.core.main.TestSuiteExecutor.execute(TestSuiteExecutor.java:106)
	at com.kms.katalon.core.main.TestCaseMain.startTestSuite(TestCaseMain.java:180)
	at TempTestSuite1741312418653.run(TempTestSuite1741312418653.groovy:35)
	at java.base/jdk.internal.reflect.NativeMethodAccessorImpl.invoke0(Native Method)
	at java.base/jdk.internal.reflect.NativeMethodAccessorImpl.invoke(NativeMethodAccessorImpl.java:77)
	at java.base/jdk.internal.reflect.DelegatingMethodAccessorImpl.invoke(DelegatingMethodAccessorImpl.java:43)
)

07-03-2025T07:32:15 - [TEST_STEP][PASSED] - a = replaceAll("\s+", "").trim(): null

07-03-2025T07:32:15 - [TEST_STEP][PASSED] - b = replaceAll("\s+", "").trim(): null

07-03-2025T07:32:15 - [TEST_STEP][PASSED] - Script1710234207206.WriteToExcel(todaysDate, run, vir, block, typeOfData, viruchka, vidget, nameOfBlock, a, b, dZO, x, y): null

07-03-2025T07:32:15 - [TEST_STEP][PASSED] - println(run): null

07-03-2025T07:32:15 - [TEST_STEP][PASSED] - if (run == 1): null

07-03-2025T07:32:15 - [TEST_STEP][PASSED] - typeOfData = "Млн": null

07-03-2025T07:32:15 - [TEST_STEP][PASSED] - println("todaysDate:" + todaysDate): null

07-03-2025T07:32:15 - [TEST_STEP][PASSED] - println("typeOfData:" + typeOfData): null

07-03-2025T07:32:15 - [TEST_STEP][PASSED] - viruchka = getText(findTestObject("Выручка в рублях/Фильтр Выручка" + nameOfBlock)): Text of object 'Object Repository/Выручка в рублях/Фильтр Выручка Выручка' is: 'Все'

07-03-2025T07:32:16 - [MESSAGE][PASSED] - Text of object 'Object Repository/Выручка в рублях/Фильтр Выручка Выручка' is: 'Все'

07-03-2025T07:32:16 - [TEST_STEP][PASSED] - println("viruchka" + viruchka): null

07-03-2025T07:32:16 - [TEST_STEP][PASSED] - println("vidget" + vidget): null

07-03-2025T07:32:16 - [TEST_STEP][PASSED] - println("a" + a): null

07-03-2025T07:32:16 - [TEST_STEP][PASSED] - println("b" + b): null

07-03-2025T07:32:16 - [TEST_STEP][PASSED] - sheetName = "Sheet1": null

07-03-2025T07:32:16 - [TEST_STEP][PASSED] - data = findTestData("PlanFact"): null

07-03-2025T07:32:16 - [TEST_STEP][PASSED] - n = data.getRowNumbers() + 1: null

07-03-2025T07:32:16 - [TEST_STEP][PASSED] - period = getText(findTestObject("Выручка в рублях/Фильтр Период")).trim(): Text of object 'Object Repository/Выручка в рублях/Фильтр Период' is: 'Январь 2025 года'

07-03-2025T07:32:16 - [MESSAGE][PASSED] - Text of object 'Object Repository/Выручка в рублях/Фильтр Период' is: 'Январь 2025 года'

07-03-2025T07:32:16 - [TEST_STEP][PASSED] - println(period): null

07-03-2025T07:32:16 - [TEST_STEP][PASSED] - if (period.findAll("[а-яА-Я]") == false): null

07-03-2025T07:32:16 - [TEST_STEP][PASSED] - dashboardName = "Выручка в рублях": null

07-03-2025T07:32:16 - [TEST_STEP][PASSED] - if (a == ""): null

07-03-2025T07:32:16 - [TEST_STEP][PASSED] - else: null

07-03-2025T07:32:16 - [TEST_STEP][PASSED] - x = a.toDouble(): null

07-03-2025T07:32:16 - [TEST_STEP][PASSED] - if (b == ""): null

07-03-2025T07:32:16 - [TEST_STEP][PASSED] - else: null

07-03-2025T07:32:16 - [TEST_STEP][PASSED] - y = b.toDouble(): null

07-03-2025T07:32:16 - [TEST_STEP][PASSED] - workbook01 = getWorkbook(excelFilePath): null

07-03-2025T07:32:16 - [TEST_STEP][PASSED] - sheet01 = getExcelSheet(workbook01, sheetName): null

07-03-2025T07:32:16 - [TEST_STEP][PASSED] - setValueToCellByIndex(sheet01, n, 0, dashboardName): null

07-03-2025T07:32:16 - [TEST_STEP][PASSED] - setValueToCellByIndex(sheet01, n, 1, dZO): null

07-03-2025T07:32:16 - [TEST_STEP][PASSED] - setValueToCellByIndex(sheet01, n, 2, vidget): null

07-03-2025T07:32:16 - [TEST_STEP][PASSED] - setValueToCellByIndex(sheet01, n, 3, viruchka): null

07-03-2025T07:32:16 - [TEST_STEP][PASSED] - setValueToCellByIndex(sheet01, n, 4, typeOfData): null

07-03-2025T07:32:16 - [TEST_STEP][PASSED] - if (a == "нет данных"): null

07-03-2025T07:32:16 - [TEST_STEP][PASSED] - else: null

07-03-2025T07:32:16 - [TEST_STEP][PASSED] - setValueToCellByIndex(sheet01, n, 5, x): null

07-03-2025T07:32:16 - [TEST_STEP][PASSED] - if (b == "нет данных"): null

07-03-2025T07:32:16 - [TEST_STEP][PASSED] - else: null

07-03-2025T07:32:16 - [TEST_STEP][PASSED] - setValueToCellByIndex(sheet01, n, 6, y): null

07-03-2025T07:32:16 - [TEST_STEP][PASSED] - setValueToCellByIndex(sheet01, n, 7, period): null

07-03-2025T07:32:16 - [TEST_STEP][PASSED] - setValueToCellByIndex(sheet01, n, 8, todaysDate): null

07-03-2025T07:32:16 - [TEST_STEP][PASSED] - n = n + 1: null

07-03-2025T07:32:16 - [TEST_STEP][PASSED] - saveWorkbook(excelFilePath, workbook01): null

07-03-2025T07:32:16 - [TEST_STEP][PASSED] - x = "": null

07-03-2025T07:32:16 - [TEST_STEP][PASSED] - y = "": null

07-03-2025T07:32:16 - [TEST_STEP][PASSED] - dZO = "Россети Северо-Запад": null

07-03-2025T07:32:16 - [TEST_STEP][PASSED] - if (verifyEqual(a38, b38) == false): Actual object '-251' and expected object '-251' are equal

07-03-2025T07:32:16 - [MESSAGE][PASSED] - Actual object '-251' and expected object '-251' are equal

07-03-2025T07:32:16 - [TEST_STEP][PASSED] - dZO = "Россети Сибирь (ГК)": null

07-03-2025T07:32:16 - [TEST_STEP][FAILED] - if (verifyEqual(a39, b39) == false): null

07-03-2025T07:32:16 - [MESSAGE][FAILED] - Unable to verify equal between actual object '11 296' and expected object '348' (Root cause: com.kms.katalon.core.exception.StepFailedException: Actual object '11 296' and expected object '348' are not equal
	at com.kms.katalon.core.keyword.builtin.VerifyEqualKeyword$_verifyEqual_closure1.doCall(VerifyEqualKeyword.groovy:58)
	at com.kms.katalon.core.keyword.builtin.VerifyEqualKeyword$_verifyEqual_closure1.call(VerifyEqualKeyword.groovy)
	at com.kms.katalon.core.keyword.internal.KeywordMain.runKeyword(KeywordMain.groovy:75)
	at com.kms.katalon.core.keyword.builtin.VerifyEqualKeyword.verifyEqual(VerifyEqualKeyword.groovy:63)
	at com.kms.katalon.core.keyword.builtin.VerifyEqualKeyword.execute(VerifyEqualKeyword.groovy:44)
	at com.kms.katalon.core.keyword.internal.KeywordExecutor.executeKeywordForPlatform(KeywordExecutor.groovy:74)
	at com.kms.katalon.core.keyword.BuiltinKeywords.verifyEqual(BuiltinKeywords.groovy:146)
	at jdk.internal.reflect.GeneratedMethodAccessor23.invoke(Unknown Source)
	at java.base/jdk.internal.reflect.DelegatingMethodAccessorImpl.invoke(DelegatingMethodAccessorImpl.java:43)
	at Выручка в рублях сверка дашбордов ПАО Россети.Blocks(Выручка в рублях сверка дашбордов ПАО Россети:448)
	at Выручка в рублях сверка дашбордов ПАО Россети.ViruchkaChange(Выручка в рублях сверка дашбордов ПАО Россети:60)
	at Выручка в рублях сверка дашбордов ПАО Россети.run(Выручка в рублях сверка дашбордов ПАО Россети:55)
	at com.kms.katalon.core.main.ScriptEngine.run(ScriptEngine.java:194)
	at com.kms.katalon.core.main.ScriptEngine.runScriptAsRawText(ScriptEngine.java:119)
	at com.kms.katalon.core.main.TestCaseExecutor.runScript(TestCaseExecutor.java:448)
	at com.kms.katalon.core.main.TestCaseExecutor.doExecute(TestCaseExecutor.java:439)
	at com.kms.katalon.core.main.TestCaseExecutor.processExecutionPhase(TestCaseExecutor.java:418)
	at com.kms.katalon.core.main.TestCaseExecutor.accessMainPhase(TestCaseExecutor.java:410)
	at com.kms.katalon.core.main.TestCaseExecutor.execute(TestCaseExecutor.java:285)
	at com.kms.katalon.core.common.CommonExecutor.accessTestCaseMainPhase(CommonExecutor.java:65)
	at com.kms.katalon.core.main.TestSuiteExecutor.accessTestSuiteMainPhase(TestSuiteExecutor.java:150)
	at com.kms.katalon.core.main.TestSuiteExecutor.execute(TestSuiteExecutor.java:106)
	at com.kms.katalon.core.main.TestCaseMain.startTestSuite(TestCaseMain.java:180)
	at TempTestSuite1741312418653.run(TempTestSuite1741312418653.groovy:35)
	at java.base/jdk.internal.reflect.NativeMethodAccessorImpl.invoke0(Native Method)
	at java.base/jdk.internal.reflect.NativeMethodAccessorImpl.invoke(NativeMethodAccessorImpl.java:77)
	at java.base/jdk.internal.reflect.DelegatingMethodAccessorImpl.invoke(DelegatingMethodAccessorImpl.java:43)
)

07-03-2025T07:32:16 - [TEST_STEP][PASSED] - a = replaceAll("\s+", "").trim(): null

07-03-2025T07:32:16 - [TEST_STEP][PASSED] - b = replaceAll("\s+", "").trim(): null

07-03-2025T07:32:16 - [TEST_STEP][PASSED] - Script1710234207206.WriteToExcel(todaysDate, run, vir, block, typeOfData, viruchka, vidget, nameOfBlock, a, b, dZO, x, y): null

07-03-2025T07:32:16 - [TEST_STEP][PASSED] - println(run): null

07-03-2025T07:32:16 - [TEST_STEP][PASSED] - if (run == 1): null

07-03-2025T07:32:16 - [TEST_STEP][PASSED] - typeOfData = "Млн": null

07-03-2025T07:32:16 - [TEST_STEP][PASSED] - println("todaysDate:" + todaysDate): null

07-03-2025T07:32:16 - [TEST_STEP][PASSED] - println("typeOfData:" + typeOfData): null

07-03-2025T07:32:16 - [TEST_STEP][PASSED] - viruchka = getText(findTestObject("Выручка в рублях/Фильтр Выручка" + nameOfBlock)): Text of object 'Object Repository/Выручка в рублях/Фильтр Выручка Выручка' is: 'Все'

07-03-2025T07:32:17 - [MESSAGE][PASSED] - Text of object 'Object Repository/Выручка в рублях/Фильтр Выручка Выручка' is: 'Все'

07-03-2025T07:32:17 - [TEST_STEP][PASSED] - println("viruchka" + viruchka): null

07-03-2025T07:32:17 - [TEST_STEP][PASSED] - println("vidget" + vidget): null

07-03-2025T07:32:17 - [TEST_STEP][PASSED] - println("a" + a): null

07-03-2025T07:32:17 - [TEST_STEP][PASSED] - println("b" + b): null

07-03-2025T07:32:17 - [TEST_STEP][PASSED] - sheetName = "Sheet1": null

07-03-2025T07:32:17 - [TEST_STEP][PASSED] - data = findTestData("PlanFact"): null

07-03-2025T07:32:17 - [TEST_STEP][PASSED] - n = data.getRowNumbers() + 1: null

07-03-2025T07:32:17 - [TEST_STEP][PASSED] - period = getText(findTestObject("Выручка в рублях/Фильтр Период")).trim(): Text of object 'Object Repository/Выручка в рублях/Фильтр Период' is: 'Январь 2025 года'

07-03-2025T07:32:17 - [MESSAGE][PASSED] - Text of object 'Object Repository/Выручка в рублях/Фильтр Период' is: 'Январь 2025 года'

07-03-2025T07:32:17 - [TEST_STEP][PASSED] - println(period): null

07-03-2025T07:32:17 - [TEST_STEP][PASSED] - if (period.findAll("[а-яА-Я]") == false): null

07-03-2025T07:32:17 - [TEST_STEP][PASSED] - dashboardName = "Выручка в рублях": null

07-03-2025T07:32:17 - [TEST_STEP][PASSED] - if (a == ""): null

07-03-2025T07:32:17 - [TEST_STEP][PASSED] - else: null

07-03-2025T07:32:17 - [TEST_STEP][PASSED] - x = a.toDouble(): null

07-03-2025T07:32:17 - [TEST_STEP][PASSED] - if (b == ""): null

07-03-2025T07:32:17 - [TEST_STEP][PASSED] - else: null

07-03-2025T07:32:17 - [TEST_STEP][PASSED] - y = b.toDouble(): null

07-03-2025T07:32:17 - [TEST_STEP][PASSED] - workbook01 = getWorkbook(excelFilePath): null

07-03-2025T07:32:17 - [TEST_STEP][PASSED] - sheet01 = getExcelSheet(workbook01, sheetName): null

07-03-2025T07:32:17 - [TEST_STEP][PASSED] - setValueToCellByIndex(sheet01, n, 0, dashboardName): null

07-03-2025T07:32:17 - [TEST_STEP][PASSED] - setValueToCellByIndex(sheet01, n, 1, dZO): null

07-03-2025T07:32:17 - [TEST_STEP][PASSED] - setValueToCellByIndex(sheet01, n, 2, vidget): null

07-03-2025T07:32:17 - [TEST_STEP][PASSED] - setValueToCellByIndex(sheet01, n, 3, viruchka): null

07-03-2025T07:32:17 - [TEST_STEP][PASSED] - setValueToCellByIndex(sheet01, n, 4, typeOfData): null

07-03-2025T07:32:17 - [TEST_STEP][PASSED] - if (a == "нет данных"): null

07-03-2025T07:32:17 - [TEST_STEP][PASSED] - else: null

07-03-2025T07:32:17 - [TEST_STEP][PASSED] - setValueToCellByIndex(sheet01, n, 5, x): null

07-03-2025T07:32:17 - [TEST_STEP][PASSED] - if (b == "нет данных"): null

07-03-2025T07:32:17 - [TEST_STEP][PASSED] - else: null

07-03-2025T07:32:17 - [TEST_STEP][PASSED] - setValueToCellByIndex(sheet01, n, 6, y): null

07-03-2025T07:32:17 - [TEST_STEP][PASSED] - setValueToCellByIndex(sheet01, n, 7, period): null

07-03-2025T07:32:17 - [TEST_STEP][PASSED] - setValueToCellByIndex(sheet01, n, 8, todaysDate): null

07-03-2025T07:32:17 - [TEST_STEP][PASSED] - n = n + 1: null

07-03-2025T07:32:17 - [TEST_STEP][PASSED] - saveWorkbook(excelFilePath, workbook01): null

07-03-2025T07:32:17 - [TEST_STEP][PASSED] - x = "": null

07-03-2025T07:32:17 - [TEST_STEP][PASSED] - y = "": null

07-03-2025T07:32:17 - [TEST_STEP][PASSED] - dZO = "Россети Томск": null

07-03-2025T07:32:17 - [TEST_STEP][PASSED] - if (verifyEqual(a310, b310) == false): Actual object '-58' and expected object '-58' are equal

07-03-2025T07:32:17 - [MESSAGE][PASSED] - Actual object '-58' and expected object '-58' are equal

07-03-2025T07:32:17 - [TEST_STEP][PASSED] - dZO = "Россети Тюмень": null

07-03-2025T07:32:17 - [TEST_STEP][PASSED] - if (verifyEqual(a311, b311) == false): Actual object '-1 104' and expected object '-1 104' are equal

07-03-2025T07:32:17 - [MESSAGE][PASSED] - Actual object '-1 104' and expected object '-1 104' are equal

07-03-2025T07:32:17 - [TEST_STEP][PASSED] - dZO = "Россети Урал (ГК)": null

07-03-2025T07:32:17 - [TEST_STEP][PASSED] - if (verifyEqual(a312, b312) == false): Actual object '-474' and expected object '-474' are equal

07-03-2025T07:32:17 - [MESSAGE][PASSED] - Actual object '-474' and expected object '-474' are equal

07-03-2025T07:32:17 - [TEST_STEP][PASSED] - dZO = "Россети ФСК ЕЭС": null

07-03-2025T07:32:17 - [TEST_STEP][PASSED] - if (verifyEqual(a313, b313) == false): Actual object '-59' and expected object '-59' are equal

07-03-2025T07:32:17 - [MESSAGE][PASSED] - Actual object '-59' and expected object '-59' are equal

07-03-2025T07:32:17 - [TEST_STEP][PASSED] - dZO = "Россети Центр": null

07-03-2025T07:32:17 - [TEST_STEP][PASSED] - if (verifyEqual(a314, b314) == false): Actual object '-675' and expected object '-675' are equal

07-03-2025T07:32:17 - [MESSAGE][PASSED] - Actual object '-675' and expected object '-675' are equal

07-03-2025T07:32:17 - [TEST_STEP][PASSED] - dZO = "Россети Центр и Приволжье (ГК)": null

07-03-2025T07:32:17 - [TEST_STEP][PASSED] - if (verifyEqual(a315, b315) == false): Actual object '13 055' and expected object '13 055' are equal

07-03-2025T07:32:17 - [MESSAGE][PASSED] - Actual object '13 055' and expected object '13 055' are equal

07-03-2025T07:32:17 - [TEST_STEP][PASSED] - dZO = "Россети Юг (ГК)": null

07-03-2025T07:32:17 - [TEST_STEP][FAILED] - if (verifyEqual(a316, b316) == false): null

07-03-2025T07:32:17 - [MESSAGE][FAILED] - Unable to verify equal between actual object '500' and expected object '-191' (Root cause: com.kms.katalon.core.exception.StepFailedException: Actual object '500' and expected object '-191' are not equal
	at com.kms.katalon.core.keyword.builtin.VerifyEqualKeyword$_verifyEqual_closure1.doCall(VerifyEqualKeyword.groovy:58)
	at com.kms.katalon.core.keyword.builtin.VerifyEqualKeyword$_verifyEqual_closure1.call(VerifyEqualKeyword.groovy)
	at com.kms.katalon.core.keyword.internal.KeywordMain.runKeyword(KeywordMain.groovy:75)
	at com.kms.katalon.core.keyword.builtin.VerifyEqualKeyword.verifyEqual(VerifyEqualKeyword.groovy:63)
	at com.kms.katalon.core.keyword.builtin.VerifyEqualKeyword.execute(VerifyEqualKeyword.groovy:44)
	at com.kms.katalon.core.keyword.internal.KeywordExecutor.executeKeywordForPlatform(KeywordExecutor.groovy:74)
	at com.kms.katalon.core.keyword.BuiltinKeywords.verifyEqual(BuiltinKeywords.groovy:146)
	at jdk.internal.reflect.GeneratedMethodAccessor23.invoke(Unknown Source)
	at java.base/jdk.internal.reflect.DelegatingMethodAccessorImpl.invoke(DelegatingMethodAccessorImpl.java:43)
	at Выручка в рублях сверка дашбордов ПАО Россети.Blocks(Выручка в рублях сверка дашбордов ПАО Россети:518)
	at Выручка в рублях сверка дашбордов ПАО Россети.ViruchkaChange(Выручка в рублях сверка дашбордов ПАО Россети:60)
	at Выручка в рублях сверка дашбордов ПАО Россети.run(Выручка в рублях сверка дашбордов ПАО Россети:55)
	at com.kms.katalon.core.main.ScriptEngine.run(ScriptEngine.java:194)
	at com.kms.katalon.core.main.ScriptEngine.runScriptAsRawText(ScriptEngine.java:119)
	at com.kms.katalon.core.main.TestCaseExecutor.runScript(TestCaseExecutor.java:448)
	at com.kms.katalon.core.main.TestCaseExecutor.doExecute(TestCaseExecutor.java:439)
	at com.kms.katalon.core.main.TestCaseExecutor.processExecutionPhase(TestCaseExecutor.java:418)
	at com.kms.katalon.core.main.TestCaseExecutor.accessMainPhase(TestCaseExecutor.java:410)
	at com.kms.katalon.core.main.TestCaseExecutor.execute(TestCaseExecutor.java:285)
	at com.kms.katalon.core.common.CommonExecutor.accessTestCaseMainPhase(CommonExecutor.java:65)
	at com.kms.katalon.core.main.TestSuiteExecutor.accessTestSuiteMainPhase(TestSuiteExecutor.java:150)
	at com.kms.katalon.core.main.TestSuiteExecutor.execute(TestSuiteExecutor.java:106)
	at com.kms.katalon.core.main.TestCaseMain.startTestSuite(TestCaseMain.java:180)
	at TempTestSuite1741312418653.run(TempTestSuite1741312418653.groovy:35)
	at java.base/jdk.internal.reflect.NativeMethodAccessorImpl.invoke0(Native Method)
	at java.base/jdk.internal.reflect.NativeMethodAccessorImpl.invoke(NativeMethodAccessorImpl.java:77)
	at java.base/jdk.internal.reflect.DelegatingMethodAccessorImpl.invoke(DelegatingMethodAccessorImpl.java:43)
)

07-03-2025T07:32:17 - [TEST_STEP][PASSED] - a = replaceAll("\s+", "").trim(): null

07-03-2025T07:32:17 - [TEST_STEP][PASSED] - b = replaceAll("\s+", "").trim(): null

07-03-2025T07:32:17 - [TEST_STEP][PASSED] - Script1710234207206.WriteToExcel(todaysDate, run, vir, block, typeOfData, viruchka, vidget, nameOfBlock, a, b, dZO, x, y): null

07-03-2025T07:32:17 - [TEST_STEP][PASSED] - println(run): null

07-03-2025T07:32:17 - [TEST_STEP][PASSED] - if (run == 1): null

07-03-2025T07:32:17 - [TEST_STEP][PASSED] - typeOfData = "Млн": null

07-03-2025T07:32:17 - [TEST_STEP][PASSED] - println("todaysDate:" + todaysDate): null

07-03-2025T07:32:17 - [TEST_STEP][PASSED] - println("typeOfData:" + typeOfData): null

07-03-2025T07:32:17 - [TEST_STEP][PASSED] - viruchka = getText(findTestObject("Выручка в рублях/Фильтр Выручка" + nameOfBlock)): Text of object 'Object Repository/Выручка в рублях/Фильтр Выручка Выручка' is: 'Все'

07-03-2025T07:32:18 - [MESSAGE][PASSED] - Text of object 'Object Repository/Выручка в рублях/Фильтр Выручка Выручка' is: 'Все'

07-03-2025T07:32:18 - [TEST_STEP][PASSED] - println("viruchka" + viruchka): null

07-03-2025T07:32:18 - [TEST_STEP][PASSED] - println("vidget" + vidget): null

07-03-2025T07:32:18 - [TEST_STEP][PASSED] - println("a" + a): null

07-03-2025T07:32:18 - [TEST_STEP][PASSED] - println("b" + b): null

07-03-2025T07:32:18 - [TEST_STEP][PASSED] - sheetName = "Sheet1": null

07-03-2025T07:32:18 - [TEST_STEP][PASSED] - data = findTestData("PlanFact"): null

07-03-2025T07:32:18 - [TEST_STEP][PASSED] - n = data.getRowNumbers() + 1: null

07-03-2025T07:32:18 - [TEST_STEP][PASSED] - period = getText(findTestObject("Выручка в рублях/Фильтр Период")).trim(): Text of object 'Object Repository/Выручка в рублях/Фильтр Период' is: 'Январь 2025 года'

07-03-2025T07:32:18 - [MESSAGE][PASSED] - Text of object 'Object Repository/Выручка в рублях/Фильтр Период' is: 'Январь 2025 года'

07-03-2025T07:32:18 - [TEST_STEP][PASSED] - println(period): null

07-03-2025T07:32:18 - [TEST_STEP][PASSED] - if (period.findAll("[а-яА-Я]") == false): null

07-03-2025T07:32:18 - [TEST_STEP][PASSED] - dashboardName = "Выручка в рублях": null

07-03-2025T07:32:18 - [TEST_STEP][PASSED] - if (a == ""): null

07-03-2025T07:32:18 - [TEST_STEP][PASSED] - else: null

07-03-2025T07:32:18 - [TEST_STEP][PASSED] - x = a.toDouble(): null

07-03-2025T07:32:18 - [TEST_STEP][PASSED] - if (b == ""): null

07-03-2025T07:32:18 - [TEST_STEP][PASSED] - else: null

07-03-2025T07:32:18 - [TEST_STEP][PASSED] - y = b.toDouble(): null

07-03-2025T07:32:18 - [TEST_STEP][PASSED] - workbook01 = getWorkbook(excelFilePath): null

07-03-2025T07:32:18 - [TEST_STEP][PASSED] - sheet01 = getExcelSheet(workbook01, sheetName): null

07-03-2025T07:32:18 - [TEST_STEP][PASSED] - setValueToCellByIndex(sheet01, n, 0, dashboardName): null

07-03-2025T07:32:18 - [TEST_STEP][PASSED] - setValueToCellByIndex(sheet01, n, 1, dZO): null

07-03-2025T07:32:18 - [TEST_STEP][PASSED] - setValueToCellByIndex(sheet01, n, 2, vidget): null

07-03-2025T07:32:18 - [TEST_STEP][PASSED] - setValueToCellByIndex(sheet01, n, 3, viruchka): null

07-03-2025T07:32:18 - [TEST_STEP][PASSED] - setValueToCellByIndex(sheet01, n, 4, typeOfData): null

07-03-2025T07:32:18 - [TEST_STEP][PASSED] - if (a == "нет данных"): null

07-03-2025T07:32:18 - [TEST_STEP][PASSED] - else: null

07-03-2025T07:32:18 - [TEST_STEP][PASSED] - setValueToCellByIndex(sheet01, n, 5, x): null

07-03-2025T07:32:18 - [TEST_STEP][PASSED] - if (b == "нет данных"): null

07-03-2025T07:32:18 - [TEST_STEP][PASSED] - else: null

07-03-2025T07:32:18 - [TEST_STEP][PASSED] - setValueToCellByIndex(sheet01, n, 6, y): null

07-03-2025T07:32:18 - [TEST_STEP][PASSED] - setValueToCellByIndex(sheet01, n, 7, period): null

07-03-2025T07:32:18 - [TEST_STEP][PASSED] - setValueToCellByIndex(sheet01, n, 8, todaysDate): null

07-03-2025T07:32:18 - [TEST_STEP][PASSED] - n = n + 1: null

07-03-2025T07:32:18 - [TEST_STEP][PASSED] - saveWorkbook(excelFilePath, workbook01): null

07-03-2025T07:32:18 - [TEST_STEP][PASSED] - x = "": null

07-03-2025T07:32:18 - [TEST_STEP][PASSED] - y = "": null

07-03-2025T07:32:18 - [TEST_STEP][PASSED] - dZO = "Россети Янтарь": null

07-03-2025T07:32:18 - [TEST_STEP][PASSED] - if (verifyEqual(a317, b317) == false): Actual object '-19' and expected object '-19' are equal

07-03-2025T07:32:18 - [MESSAGE][PASSED] - Actual object '-19' and expected object '-19' are equal

07-03-2025T07:32:18 - [TEST_STEP][PASSED] - closeBrowser(): null

07-03-2025T07:32:18 - [MESSAGE][PASSED] - Browser is closed

07-03-2025T07:32:18 - [TEST_STEP][PASSED] - Script1710234207206.Blocks(run, vir, block, nameOfBlock, typeOfData, viruchka, vidget, todaysDate, a, b, dZO, x, y): null

07-03-2025T07:32:18 - [TEST_STEP][PASSED] - i = <not implemented yet for class: org.codehaus.groovy.ast.expr.EmptyExpression>: null

07-03-2025T07:32:18 - [TEST_STEP][PASSED] - perc = "": null

07-03-2025T07:32:18 - [TEST_STEP][PASSED] - a1 = <not implemented yet for class: org.codehaus.groovy.ast.expr.EmptyExpression>: null

07-03-2025T07:32:18 - [TEST_STEP][PASSED] - a2 = <not implemented yet for class: org.codehaus.groovy.ast.expr.EmptyExpression>: null

07-03-2025T07:32:18 - [TEST_STEP][PASSED] - a30 = <not implemented yet for class: org.codehaus.groovy.ast.expr.EmptyExpression>: null

07-03-2025T07:32:18 - [TEST_STEP][PASSED] - a31 = <not implemented yet for class: org.codehaus.groovy.ast.expr.EmptyExpression>: null

07-03-2025T07:32:18 - [TEST_STEP][PASSED] - a32 = <not implemented yet for class: org.codehaus.groovy.ast.expr.EmptyExpression>: null

07-03-2025T07:32:18 - [TEST_STEP][PASSED] - a33 = <not implemented yet for class: org.codehaus.groovy.ast.expr.EmptyExpression>: null

07-03-2025T07:32:18 - [TEST_STEP][PASSED] - a34 = <not implemented yet for class: org.codehaus.groovy.ast.expr.EmptyExpression>: null

07-03-2025T07:32:18 - [TEST_STEP][PASSED] - a35 = <not implemented yet for class: org.codehaus.groovy.ast.expr.EmptyExpression>: null

07-03-2025T07:32:18 - [TEST_STEP][PASSED] - a36 = <not implemented yet for class: org.codehaus.groovy.ast.expr.EmptyExpression>: null

07-03-2025T07:32:18 - [TEST_STEP][PASSED] - a37 = <not implemented yet for class: org.codehaus.groovy.ast.expr.EmptyExpression>: null

07-03-2025T07:32:18 - [TEST_STEP][PASSED] - a38 = <not implemented yet for class: org.codehaus.groovy.ast.expr.EmptyExpression>: null

07-03-2025T07:32:18 - [TEST_STEP][PASSED] - a39 = <not implemented yet for class: org.codehaus.groovy.ast.expr.EmptyExpression>: null

07-03-2025T07:32:18 - [TEST_STEP][PASSED] - a310 = <not implemented yet for class: org.codehaus.groovy.ast.expr.EmptyExpression>: null

07-03-2025T07:32:18 - [TEST_STEP][PASSED] - a311 = <not implemented yet for class: org.codehaus.groovy.ast.expr.EmptyExpression>: null

07-03-2025T07:32:18 - [TEST_STEP][PASSED] - a312 = <not implemented yet for class: org.codehaus.groovy.ast.expr.EmptyExpression>: null

07-03-2025T07:32:18 - [TEST_STEP][PASSED] - a313 = <not implemented yet for class: org.codehaus.groovy.ast.expr.EmptyExpression>: null

07-03-2025T07:32:18 - [TEST_STEP][PASSED] - a314 = <not implemented yet for class: org.codehaus.groovy.ast.expr.EmptyExpression>: null

07-03-2025T07:32:18 - [TEST_STEP][PASSED] - a315 = <not implemented yet for class: org.codehaus.groovy.ast.expr.EmptyExpression>: null

07-03-2025T07:32:18 - [TEST_STEP][PASSED] - a316 = <not implemented yet for class: org.codehaus.groovy.ast.expr.EmptyExpression>: null

07-03-2025T07:32:18 - [TEST_STEP][PASSED] - a317 = <not implemented yet for class: org.codehaus.groovy.ast.expr.EmptyExpression>: null

07-03-2025T07:32:18 - [TEST_STEP][PASSED] - b1 = <not implemented yet for class: org.codehaus.groovy.ast.expr.EmptyExpression>: null

07-03-2025T07:32:18 - [TEST_STEP][PASSED] - b2 = <not implemented yet for class: org.codehaus.groovy.ast.expr.EmptyExpression>: null

07-03-2025T07:32:18 - [TEST_STEP][PASSED] - b30 = <not implemented yet for class: org.codehaus.groovy.ast.expr.EmptyExpression>: null

07-03-2025T07:32:18 - [TEST_STEP][PASSED] - b31 = <not implemented yet for class: org.codehaus.groovy.ast.expr.EmptyExpression>: null

07-03-2025T07:32:18 - [TEST_STEP][PASSED] - b32 = <not implemented yet for class: org.codehaus.groovy.ast.expr.EmptyExpression>: null

07-03-2025T07:32:18 - [TEST_STEP][PASSED] - b33 = <not implemented yet for class: org.codehaus.groovy.ast.expr.EmptyExpression>: null

07-03-2025T07:32:18 - [TEST_STEP][PASSED] - b34 = <not implemented yet for class: org.codehaus.groovy.ast.expr.EmptyExpression>: null

07-03-2025T07:32:18 - [TEST_STEP][PASSED] - b35 = <not implemented yet for class: org.codehaus.groovy.ast.expr.EmptyExpression>: null

07-03-2025T07:32:18 - [TEST_STEP][PASSED] - b36 = <not implemented yet for class: org.codehaus.groovy.ast.expr.EmptyExpression>: null

07-03-2025T07:32:18 - [TEST_STEP][PASSED] - b37 = <not implemented yet for class: org.codehaus.groovy.ast.expr.EmptyExpression>: null

07-03-2025T07:32:18 - [TEST_STEP][PASSED] - b38 = <not implemented yet for class: org.codehaus.groovy.ast.expr.EmptyExpression>: null

07-03-2025T07:32:18 - [TEST_STEP][PASSED] - b39 = <not implemented yet for class: org.codehaus.groovy.ast.expr.EmptyExpression>: null

07-03-2025T07:32:18 - [TEST_STEP][PASSED] - b310 = <not implemented yet for class: org.codehaus.groovy.ast.expr.EmptyExpression>: null

07-03-2025T07:32:18 - [TEST_STEP][PASSED] - b311 = <not implemented yet for class: org.codehaus.groovy.ast.expr.EmptyExpression>: null

07-03-2025T07:32:18 - [TEST_STEP][PASSED] - b312 = <not implemented yet for class: org.codehaus.groovy.ast.expr.EmptyExpression>: null

07-03-2025T07:32:18 - [TEST_STEP][PASSED] - b313 = <not implemented yet for class: org.codehaus.groovy.ast.expr.EmptyExpression>: null

07-03-2025T07:32:18 - [TEST_STEP][PASSED] - b314 = <not implemented yet for class: org.codehaus.groovy.ast.expr.EmptyExpression>: null

07-03-2025T07:32:18 - [TEST_STEP][PASSED] - b315 = <not implemented yet for class: org.codehaus.groovy.ast.expr.EmptyExpression>: null

07-03-2025T07:32:18 - [TEST_STEP][PASSED] - b316 = <not implemented yet for class: org.codehaus.groovy.ast.expr.EmptyExpression>: null

07-03-2025T07:32:18 - [TEST_STEP][PASSED] - b317 = <not implemented yet for class: org.codehaus.groovy.ast.expr.EmptyExpression>: null

07-03-2025T07:32:18 - [TEST_STEP][PASSED] - block = 1: null

07-03-2025T07:32:18 - [TEST_STEP][PASSED] - nameOfBlock = "": null

07-03-2025T07:32:18 - [TEST_STEP][PASSED] - Script1710234207206.PreSettings(run, vir, block, nameOfBlock, typeOfData, todaysDate): null

07-03-2025T07:32:18 - [TEST_STEP][PASSED] - openBrowser(""): Browser is opened with url: ''

07-03-2025T07:32:18 - [MESSAGE][INFO] - Starting 'Chrome' driver

07-03-2025T07:32:18 - [MESSAGE][INFO] - Action delay is set to 0 milliseconds

07-03-2025T07:32:20 - [MESSAGE][PASSED] - Browser is opened with url: ''

07-03-2025T07:32:20 - [TEST_STEP][PASSED] - refresh(): Refresh successfully

07-03-2025T07:32:20 - [MESSAGE][PASSED] - Refresh successfully

07-03-2025T07:32:20 - [TEST_STEP][PASSED] - delay(50): Delayed 50 second(s)

07-03-2025T07:33:10 - [MESSAGE][PASSED] - Delayed 50 second(s)

07-03-2025T07:33:10 - [TEST_STEP][PASSED] - println("run:" + run): null

07-03-2025T07:33:10 - [TEST_STEP][PASSED] - println("vir:" + vir): null

07-03-2025T07:33:10 - [TEST_STEP][PASSED] - println("block:" + block): null

07-03-2025T07:33:10 - [TEST_STEP][PASSED] - if (block == 1): null

07-03-2025T07:33:10 - [TEST_STEP][PASSED] - nameOfBlock = "": null

07-03-2025T07:33:10 - [TEST_STEP][PASSED] - println("nameOfBlock:" + nameOfBlock): null

07-03-2025T07:33:10 - [TEST_STEP][PASSED] - println("typeOfData:" + typeOfData): null

07-03-2025T07:33:10 - [TEST_STEP][PASSED] - println("todaysDate:" + todaysDate): null

07-03-2025T07:33:10 - [TEST_STEP][PASSED] - Script1710234207206.Autorization(block, nameOfBlock): null

07-03-2025T07:33:10 - [TEST_STEP][PASSED] - i = <not implemented yet for class: org.codehaus.groovy.ast.expr.EmptyExpression>: null

07-03-2025T07:33:10 - [TEST_STEP][PASSED] - ii = <not implemented yet for class: org.codehaus.groovy.ast.expr.EmptyExpression>: null

07-03-2025T07:33:10 - [TEST_STEP][PASSED] - urlData = <not implemented yet for class: org.codehaus.groovy.ast.expr.EmptyExpression>: null

07-03-2025T07:33:10 - [TEST_STEP][PASSED] - searchWord = <not implemented yet for class: org.codehaus.groovy.ast.expr.EmptyExpression>: null

07-03-2025T07:33:10 - [TEST_STEP][PASSED] - urlText = <not implemented yet for class: org.codehaus.groovy.ast.expr.EmptyExpression>: null

07-03-2025T07:33:10 - [TEST_STEP][PASSED] - println("block:" + block): null

07-03-2025T07:33:10 - [TEST_STEP][PASSED] - if (block == 1): null

07-03-2025T07:33:10 - [TEST_STEP][PASSED] - nameOfBlock = "": null

07-03-2025T07:33:10 - [TEST_STEP][PASSED] - println("nameOfBlock:" + nameOfBlock): null

07-03-2025T07:33:10 - [TEST_STEP][PASSED] - if (block == 1): Delayed 45 second(s)

07-03-2025T07:33:10 - [TEST_STEP][PASSED] - urlData = 2: null

07-03-2025T07:33:10 - [TEST_STEP][PASSED] - delay(45): Delayed 45 second(s)

07-03-2025T07:33:55 - [MESSAGE][PASSED] - Delayed 45 second(s)

07-03-2025T07:33:55 - [TEST_STEP][PASSED] - navigateToUrl(findTestData("PlanFact").getValue(10, urlData)): Navigate to 'https://bi.rosseti.digital/viewer?dashboardGuid=2301950b23be4ed89c1df75f2020051e&sheetGuid=b723206f698544fb87299f3095c00435&fit=true' successfully

07-03-2025T07:34:02 - [MESSAGE][PASSED] - Navigate to 'https://bi.rosseti.digital/viewer?dashboardGuid=2301950b23be4ed89c1df75f2020051e&sheetGuid=b723206f698544fb87299f3095c00435&fit=true' successfully

07-03-2025T07:34:02 - [TEST_STEP][PASSED] - urlText = getText(findTestObject("Страница авторизации/Text")): Text of object 'Object Repository/Страница авторизации/Text' is: 'Вход'

07-03-2025T07:34:02 - [MESSAGE][PASSED] - Text of object 'Object Repository/Страница авторизации/Text' is: 'Вход'

07-03-2025T07:34:02 - [TEST_STEP][PASSED] - searchWord = "Вход": null

07-03-2025T07:34:02 - [TEST_STEP][PASSED] - if (urlText == null || urlText.contains("ошибка") || urlText.contains(searchWord) == false): null

07-03-2025T07:34:02 - [TEST_STEP][PASSED] - if (verifyElementPresent(findTestObject("Страница авторизации/button_"), 30) == true): null

07-03-2025T07:34:02 - [MESSAGE][PASSED] - Object 'Object Repository/Страница авторизации/button_' is present

07-03-2025T07:34:02 - [TEST_STEP][PASSED] - setText(findTestObject("Страница авторизации/input__username"), findTestData("PlanFact").getValue(8, 1)): Text 'liazgina-di' is set on object 'Object Repository/Страница авторизации/input__username'

07-03-2025T07:34:03 - [MESSAGE][PASSED] - Text 'liazgina-di' is set on object 'Object Repository/Страница авторизации/input__username'

07-03-2025T07:34:03 - [TEST_STEP][PASSED] - setText(findTestObject("Страница авторизации/input__password"), findTestData("PlanFact").getValue(9, 1)): Text ')$%5srZ8o688Dm#q' is set on object 'Object Repository/Страница авторизации/input__password'

07-03-2025T07:34:04 - [MESSAGE][PASSED] - Text ')$%5srZ8o688Dm#q' is set on object 'Object Repository/Страница авторизации/input__password'

07-03-2025T07:34:04 - [TEST_STEP][PASSED] - click(findTestObject("Страница авторизации/button_")): Object: 'Object Repository/Страница авторизации/button_' is clicked on

07-03-2025T07:34:04 - [MESSAGE][PASSED] - Object: 'Object Repository/Страница авторизации/button_' is clicked on

07-03-2025T07:34:04 - [TEST_STEP][PASSED] - delay(45): Delayed 45 second(s)

07-03-2025T07:34:49 - [MESSAGE][PASSED] - Delayed 45 second(s)

07-03-2025T07:34:49 - [TEST_STEP][PASSED] - urlText = getText(findTestObject("Страница авторизации/Text")): Text of object 'Object Repository/Страница авторизации/Text' is: 'Период
Январь 2025 года
Выручка
Все
Выполнение плановых показателей по ПАО Россети за Январь 2025 года
План
Факт
Динамика
2025 год
0 млн.руб.
20 000 млн.руб.
40 000 млн.руб.
60 000 млн.руб.
80 000 млн.руб.
100 000 млн.руб.
120 000 млн.руб.
140 000 млн.руб.
160 000 млн.руб.
180 000 млн.руб.
200 000 млн.руб.
121 309
157 865
↑
ДЗО 
ПАО Россети
Внутренний оборот - выручка за услуги по передаче электрической энергии, учтенная в выручке за электроэнергию для конечных потребителей, при выполнении ДЗО функций гарантирующего поставщика
Подписи данных
⬤Отклонение
АО "РЭС"
АО «Тываэнерго»
АО «Чеченэнерго»
Россети Волга
Россети Кубань
Россети Ленэнерго (ГК)
Россети Московский регион
Россети Северный Кавказ (ГК)
Россети Северо-Запад
Россети Сибирь (ГК)
Россети Томск
Россети Тюмень
Россети Урал (ГК)
Россети ФСК ЕЭС
Россети Центр
Россети Центр и Приволжье (ГК)
Россети Юг (ГК)
Россети Янтарь
-2 000 млн.руб.
0 млн.руб.
2 000 млн.руб.
4 000 млн.руб.
6 000 млн.руб.
8 000 млн.руб.
10 000 млн.руб.
12 000 млн.руб.
14 000 млн.руб.
-73
274
463
1 630
-54
-403
8 709
3 799
-251
11 296
-58
-1 104
-474
-59
-675
13 055
500
-19
млн.
%
Выручка
Отклонение выручки по ПАО Россети за Январь 2025 года (факт/план, млн. руб)
ПАО Россети
36 556 млн.руб.
 '

07-03-2025T07:34:50 - [MESSAGE][PASSED] - Text of object 'Object Repository/Страница авторизации/Text' is: 'Период
Январь 2025 года
Выручка
Все
Выполнение плановых показателей по ПАО Россети за Январь 2025 года
План
Факт
Динамика
2025 год
0 млн.руб.
20 000 млн.руб.
40 000 млн.руб.
60 000 млн.руб.
80 000 млн.руб.
100 000 млн.руб.
120 000 млн.руб.
140 000 млн.руб.
160 000 млн.руб.
180 000 млн.руб.
200 000 млн.руб.
121 309
157 865
↑
ДЗО 
ПАО Россети
Внутренний оборот - выручка за услуги по передаче электрической энергии, учтенная в выручке за электроэнергию для конечных потребителей, при выполнении ДЗО функций гарантирующего поставщика
Подписи данных
⬤Отклонение
АО "РЭС"
АО «Тываэнерго»
АО «Чеченэнерго»
Россети Волга
Россети Кубань
Россети Ленэнерго (ГК)
Россети Московский регион
Россети Северный Кавказ (ГК)
Россети Северо-Запад
Россети Сибирь (ГК)
Россети Томск
Россети Тюмень
Россети Урал (ГК)
Россети ФСК ЕЭС
Россети Центр
Россети Центр и Приволжье (ГК)
Россети Юг (ГК)
Россети Янтарь
-2 000 млн.руб.
0 млн.руб.
2 000 млн.руб.
4 000 млн.руб.
6 000 млн.руб.
8 000 млн.руб.
10 000 млн.руб.
12 000 млн.руб.
14 000 млн.руб.
-73
274
463
1 630
-54
-403
8 709
3 799
-251
11 296
-58
-1 104
-474
-59
-675
13 055
500
-19
млн.
%
Выручка
Отклонение выручки по ПАО Россети за Январь 2025 года (факт/план, млн. руб)
ПАО Россети
36 556 млн.руб.
 '

07-03-2025T07:34:50 - [TEST_STEP][PASSED] - searchWord = "а": null

07-03-2025T07:34:50 - [TEST_STEP][PASSED] - if (urlText.contains("ошибка") || urlText.contains(searchWord) == false): null

07-03-2025T07:34:50 - [TEST_STEP][PASSED] - delay(45): Delayed 45 second(s)

07-03-2025T07:35:35 - [MESSAGE][PASSED] - Delayed 45 second(s)

07-03-2025T07:35:35 - [TEST_STEP][PASSED] - if (block == 2): null

07-03-2025T07:35:35 - [TEST_STEP][PASSED] - click(findTestObject("Выручка в рублях/Фильтр Период" + nameOfBlock)): Object: 'Object Repository/Выручка в рублях/Фильтр Период' is clicked on

07-03-2025T07:35:36 - [MESSAGE][PASSED] - Object: 'Object Repository/Выручка в рублях/Фильтр Период' is clicked on

07-03-2025T07:35:36 - [TEST_STEP][PASSED] - click(findTestObject("Выручка в рублях/Снять выделение в фильтре Дата" + nameOfBlock)): Object: 'Object Repository/Выручка в рублях/Снять выделение в фильтре Дата' is clicked on

07-03-2025T07:35:36 - [MESSAGE][PASSED] - Object: 'Object Repository/Выручка в рублях/Снять выделение в фильтре Дата' is clicked on

07-03-2025T07:35:36 - [TEST_STEP][PASSED] - click(findTestObject("Выручка в рублях/Применить в фильтре Дата" + nameOfBlock)): Object: 'Object Repository/Выручка в рублях/Применить в фильтре Дата' is clicked on

07-03-2025T07:35:37 - [MESSAGE][PASSED] - Object: 'Object Repository/Выручка в рублях/Применить в фильтре Дата' is clicked on

07-03-2025T07:35:37 - [TEST_STEP][PASSED] - delay(50): Delayed 50 second(s)

07-03-2025T07:36:27 - [MESSAGE][PASSED] - Delayed 50 second(s)

07-03-2025T07:36:27 - [TEST_STEP][PASSED] - click(findTestObject("Выручка в рублях/Фильтр Период" + nameOfBlock)): Object: 'Object Repository/Выручка в рублях/Фильтр Период' is clicked on

07-03-2025T07:36:27 - [MESSAGE][PASSED] - Object: 'Object Repository/Выручка в рублях/Фильтр Период' is clicked on

07-03-2025T07:36:27 - [TEST_STEP][PASSED] - click(findTestObject("Выручка в рублях/Снять выделение в фильтре Дата" + nameOfBlock)): Object: 'Object Repository/Выручка в рублях/Снять выделение в фильтре Дата' is clicked on

07-03-2025T07:36:28 - [MESSAGE][PASSED] - Object: 'Object Repository/Выручка в рублях/Снять выделение в фильтре Дата' is clicked on

07-03-2025T07:36:28 - [TEST_STEP][PASSED] - scrollToElement(findTestObject("Выручка в рублях/2025 список" + nameOfBlock), 30): Scroll to object 'Object Repository/Выручка в рублях/2025 список' successfully

07-03-2025T07:36:28 - [MESSAGE][PASSED] - Scroll to object 'Object Repository/Выручка в рублях/2025 список' successfully

07-03-2025T07:36:28 - [TEST_STEP][PASSED] - click(findTestObject("Выручка в рублях/2025 список" + nameOfBlock)): Object: 'Object Repository/Выручка в рублях/2025 список' is clicked on

07-03-2025T07:36:28 - [MESSAGE][PASSED] - Object: 'Object Repository/Выручка в рублях/2025 список' is clicked on

07-03-2025T07:36:28 - [TEST_STEP][PASSED] - scrollToElement(findTestObject("Выручка в рублях/1 квартал 2025 список Выручка"), 30): Scroll to object 'Object Repository/Выручка в рублях/1 квартал 2025 список Выручка' successfully

07-03-2025T07:36:29 - [MESSAGE][PASSED] - Scroll to object 'Object Repository/Выручка в рублях/1 квартал 2025 список Выручка' successfully

07-03-2025T07:36:29 - [TEST_STEP][PASSED] - click(findTestObject("Выручка в рублях/1 квартал 2025 список" + nameOfBlock)): Object: 'Object Repository/Выручка в рублях/1 квартал 2025 список' is clicked on

07-03-2025T07:36:29 - [MESSAGE][PASSED] - Object: 'Object Repository/Выручка в рублях/1 квартал 2025 список' is clicked on

07-03-2025T07:36:29 - [TEST_STEP][PASSED] - scrollToElement(findTestObject("Выручка в рублях/Январь 2025" + nameOfBlock), 30): Scroll to object 'Object Repository/Выручка в рублях/Январь 2025' successfully

07-03-2025T07:36:29 - [MESSAGE][PASSED] - Scroll to object 'Object Repository/Выручка в рублях/Январь 2025' successfully

07-03-2025T07:36:29 - [TEST_STEP][PASSED] - click(findTestObject("Выручка в рублях/Январь 2025" + nameOfBlock)): Object: 'Object Repository/Выручка в рублях/Январь 2025' is clicked on

07-03-2025T07:36:30 - [MESSAGE][PASSED] - Object: 'Object Repository/Выручка в рублях/Январь 2025' is clicked on

07-03-2025T07:36:30 - [TEST_STEP][PASSED] - scrollToElement(findTestObject("Выручка в рублях/Заголовок дашборда" + nameOfBlock), 30): Scroll to object 'Object Repository/Выручка в рублях/Заголовок дашборда' successfully

07-03-2025T07:36:30 - [MESSAGE][PASSED] - Scroll to object 'Object Repository/Выручка в рублях/Заголовок дашборда' successfully

07-03-2025T07:36:30 - [TEST_STEP][PASSED] - click(findTestObject("Выручка в рублях/Применить в фильтре Дата" + nameOfBlock)): Object: 'Object Repository/Выручка в рублях/Применить в фильтре Дата' is clicked on

07-03-2025T07:36:31 - [MESSAGE][PASSED] - Object: 'Object Repository/Выручка в рублях/Применить в фильтре Дата' is clicked on

07-03-2025T07:36:31 - [TEST_STEP][PASSED] - delay(55): Delayed 55 second(s)

07-03-2025T07:37:26 - [MESSAGE][PASSED] - Delayed 55 second(s)

07-03-2025T07:37:26 - [TEST_STEP][PASSED] - click(findTestObject("Выручка в рублях/Фильтр ДЗО" + nameOfBlock)): Object: 'Object Repository/Выручка в рублях/Фильтр ДЗО' is clicked on

07-03-2025T07:37:26 - [MESSAGE][PASSED] - Object: 'Object Repository/Выручка в рублях/Фильтр ДЗО' is clicked on

07-03-2025T07:37:26 - [TEST_STEP][PASSED] - click(findTestObject("Выручка в рублях/Снять выделение в фильтре ДЗО" + nameOfBlock)): Object: 'Object Repository/Выручка в рублях/Снять выделение в фильтре ДЗО' is clicked on

07-03-2025T07:37:27 - [MESSAGE][PASSED] - Object: 'Object Repository/Выручка в рублях/Снять выделение в фильтре ДЗО' is clicked on

07-03-2025T07:37:27 - [TEST_STEP][PASSED] - click(findTestObject("Выручка в рублях/Применить в фильтре ДЗО" + nameOfBlock)): Object: 'Object Repository/Выручка в рублях/Применить в фильтре ДЗО' is clicked on

07-03-2025T07:37:27 - [MESSAGE][PASSED] - Object: 'Object Repository/Выручка в рублях/Применить в фильтре ДЗО' is clicked on

07-03-2025T07:37:27 - [TEST_STEP][PASSED] - delay(50): Delayed 50 second(s)

07-03-2025T07:38:17 - [MESSAGE][PASSED] - Delayed 50 second(s)

07-03-2025T07:38:17 - [TEST_STEP][PASSED] - Script1710234207206.Tumbler(run, vir, block, nameOfBlock): null

07-03-2025T07:38:17 - [TEST_STEP][PASSED] - println("run:" + run): null

07-03-2025T07:38:17 - [TEST_STEP][PASSED] - println("vir:" + vir): null

07-03-2025T07:38:17 - [TEST_STEP][PASSED] - println("block:" + block): null

07-03-2025T07:38:17 - [TEST_STEP][PASSED] - println("nameOfBlock:" + nameOfBlock): null

07-03-2025T07:38:17 - [TEST_STEP][PASSED] - if (vir == 1): null

07-03-2025T07:38:17 - [TEST_STEP][PASSED] - else if (vir == 2): Object: 'Object Repository/Выручка в рублях/Применить в фильтре Выручка' is clicked on

07-03-2025T07:38:17 - [TEST_STEP][PASSED] - if (run == 2): null

07-03-2025T07:38:17 - [TEST_STEP][PASSED] - click(findTestObject("Выручка в рублях/Фильтр Выручка" + nameOfBlock)): Object: 'Object Repository/Выручка в рублях/Фильтр Выручка' is clicked on

07-03-2025T07:38:17 - [MESSAGE][PASSED] - Object: 'Object Repository/Выручка в рублях/Фильтр Выручка' is clicked on

07-03-2025T07:38:17 - [TEST_STEP][PASSED] - click(findTestObject("Выручка в рублях/Итого в фильтре Выручка" + nameOfBlock)): Object: 'Object Repository/Выручка в рублях/Итого в фильтре Выручка' is clicked on

07-03-2025T07:38:18 - [MESSAGE][PASSED] - Object: 'Object Repository/Выручка в рублях/Итого в фильтре Выручка' is clicked on

07-03-2025T07:38:18 - [TEST_STEP][PASSED] - click(findTestObject("Выручка в рублях/Применить в фильтре Выручка" + nameOfBlock)): Object: 'Object Repository/Выручка в рублях/Применить в фильтре Выручка' is clicked on

07-03-2025T07:38:19 - [MESSAGE][PASSED] - Object: 'Object Repository/Выручка в рублях/Применить в фильтре Выручка' is clicked on

07-03-2025T07:38:19 - [TEST_STEP][PASSED] - click(findTestObject("Выручка в рублях/Фильтр ДЗО" + nameOfBlock)): Object: 'Object Repository/Выручка в рублях/Фильтр ДЗО' is clicked on

07-03-2025T07:38:20 - [MESSAGE][PASSED] - Object: 'Object Repository/Выручка в рублях/Фильтр ДЗО' is clicked on

07-03-2025T07:38:20 - [TEST_STEP][PASSED] - Script1710234207206.Rosseti(nameOfBlock): null

07-03-2025T07:38:20 - [TEST_STEP][PASSED] - println("nameOfBlock:" + nameOfBlock): null

07-03-2025T07:38:20 - [TEST_STEP][PASSED] - click(findTestObject("Выручка в рублях/ПАО Россети" + nameOfBlock)): Object: 'Object Repository/Выручка в рублях/ПАО Россети' is clicked on

07-03-2025T07:38:20 - [MESSAGE][PASSED] - Object: 'Object Repository/Выручка в рублях/ПАО Россети' is clicked on

07-03-2025T07:38:20 - [TEST_STEP][PASSED] - click(findTestObject("Выручка в рублях/Применить в фильтре ДЗО" + nameOfBlock)): Object: 'Object Repository/Выручка в рублях/Применить в фильтре ДЗО' is clicked on

07-03-2025T07:38:21 - [MESSAGE][PASSED] - Object: 'Object Repository/Выручка в рублях/Применить в фильтре ДЗО' is clicked on

07-03-2025T07:38:21 - [TEST_STEP][PASSED] - if (run == 2): null

07-03-2025T07:38:21 - [TEST_STEP][PASSED] - if (vir == 1 || vir == 2): Text of object 'Object Repository/Выручка в рублях/График План' is: '121 255'

07-03-2025T07:38:21 - [TEST_STEP][PASSED] - a1 = getText(findTestObject("Выручка в рублях/График План")): Text of object 'Object Repository/Выручка в рублях/График План' is: '121 255'

07-03-2025T07:38:22 - [MESSAGE][PASSED] - Text of object 'Object Repository/Выручка в рублях/График План' is: '121 255'

07-03-2025T07:38:22 - [TEST_STEP][PASSED] - if (vir == 1 || vir == 2): Text of object 'Object Repository/Выручка в рублях/График Факт' is: '155 462'

07-03-2025T07:38:22 - [TEST_STEP][PASSED] - a2 = getText(findTestObject("Выручка в рублях/График Факт")): Text of object 'Object Repository/Выручка в рублях/График Факт' is: '155 462'

07-03-2025T07:38:23 - [MESSAGE][PASSED] - Text of object 'Object Repository/Выручка в рублях/График Факт' is: '155 462'

07-03-2025T07:38:23 - [TEST_STEP][PASSED] - a30 = getText(findTestObject("Выручка в рублях/span1" + perc)): Text of object 'Object Repository/Выручка в рублях/span1' is: '34 207.4 млн.руб.'

07-03-2025T07:38:23 - [MESSAGE][PASSED] - Text of object 'Object Repository/Выручка в рублях/span1' is: '34 207.4 млн.руб.'

07-03-2025T07:38:23 - [TEST_STEP][PASSED] - i = a30.indexOf("млн.руб."): null

07-03-2025T07:38:23 - [TEST_STEP][PASSED] - if (i > -1): null

07-03-2025T07:38:23 - [TEST_STEP][PASSED] - a30 = a30.substring(0, i): null

07-03-2025T07:38:23 - [TEST_STEP][PASSED] - a30 = a30.replaceAll(" ", ""): null

07-03-2025T07:38:23 - [TEST_STEP][PASSED] - if (a30.contains("%")): null

07-03-2025T07:38:23 - [TEST_STEP][PASSED] - a30 = ").trim(): null

07-03-2025T07:38:23 - [TEST_STEP][PASSED] - println("a30: " + a30): null

07-03-2025T07:38:23 - [TEST_STEP][PASSED] - if (vir == 1 || vir == 2): Text of object 'Object Repository/Выручка в рублях/span2' is: '-73'

07-03-2025T07:38:23 - [TEST_STEP][PASSED] - a31 = ").trim(): Text of object 'Object Repository/Выручка в рублях/span2' is: '-73'

07-03-2025T07:38:23 - [MESSAGE][PASSED] - Text of object 'Object Repository/Выручка в рублях/span2' is: '-73'

07-03-2025T07:38:23 - [TEST_STEP][PASSED] - if (vir == 1 || vir == 2): Text of object 'Object Repository/Выручка в рублях/span3' is: '115'

07-03-2025T07:38:23 - [TEST_STEP][PASSED] - a32 = ").trim(): Text of object 'Object Repository/Выручка в рублях/span3' is: '115'

07-03-2025T07:38:24 - [MESSAGE][PASSED] - Text of object 'Object Repository/Выручка в рублях/span3' is: '115'

07-03-2025T07:38:24 - [TEST_STEP][PASSED] - if (vir == 1 || vir == 2): Text of object 'Object Repository/Выручка в рублях/span8' is: '2 072'

07-03-2025T07:38:24 - [TEST_STEP][PASSED] - a33 = ").trim(): Text of object 'Object Repository/Выручка в рублях/span4' is: '1 630'

07-03-2025T07:38:24 - [MESSAGE][PASSED] - Text of object 'Object Repository/Выручка в рублях/span4' is: '1 630'

07-03-2025T07:38:24 - [TEST_STEP][PASSED] - a34 = ").trim(): Text of object 'Object Repository/Выручка в рублях/span5' is: '-54'

07-03-2025T07:38:24 - [MESSAGE][PASSED] - Text of object 'Object Repository/Выручка в рублях/span5' is: '-54'

07-03-2025T07:38:24 - [TEST_STEP][PASSED] - a35 = ").trim(): Text of object 'Object Repository/Выручка в рублях/span6' is: '-403'

07-03-2025T07:38:24 - [MESSAGE][PASSED] - Text of object 'Object Repository/Выручка в рублях/span6' is: '-403'

07-03-2025T07:38:24 - [TEST_STEP][PASSED] - a36 = ").trim(): Text of object 'Object Repository/Выручка в рублях/span7' is: '8 709'

07-03-2025T07:38:25 - [MESSAGE][PASSED] - Text of object 'Object Repository/Выручка в рублях/span7' is: '8 709'

07-03-2025T07:38:25 - [TEST_STEP][PASSED] - a37 = ").trim(): Text of object 'Object Repository/Выручка в рублях/span8' is: '2 072'

07-03-2025T07:38:25 - [MESSAGE][PASSED] - Text of object 'Object Repository/Выручка в рублях/span8' is: '2 072'

07-03-2025T07:38:25 - [TEST_STEP][PASSED] - if (vir == 1 || vir == 2): Text of object 'Object Repository/Выручка в рублях/span17' is: '499'

07-03-2025T07:38:25 - [TEST_STEP][PASSED] - a38 = ").trim(): Text of object 'Object Repository/Выручка в рублях/span9' is: '-251'

07-03-2025T07:38:25 - [MESSAGE][PASSED] - Text of object 'Object Repository/Выручка в рублях/span9' is: '-251'

07-03-2025T07:38:25 - [TEST_STEP][PASSED] - a39 = ").trim(): Text of object 'Object Repository/Выручка в рублях/span10' is: '11 296'

07-03-2025T07:38:26 - [MESSAGE][PASSED] - Text of object 'Object Repository/Выручка в рублях/span10' is: '11 296'

07-03-2025T07:38:26 - [TEST_STEP][PASSED] - a310 = ").trim(): Text of object 'Object Repository/Выручка в рублях/span11' is: '-58'

07-03-2025T07:38:26 - [MESSAGE][PASSED] - Text of object 'Object Repository/Выручка в рублях/span11' is: '-58'

07-03-2025T07:38:26 - [TEST_STEP][PASSED] - a311 = ").trim(): Text of object 'Object Repository/Выручка в рублях/span12' is: '-1 104'

07-03-2025T07:38:26 - [MESSAGE][PASSED] - Text of object 'Object Repository/Выручка в рублях/span12' is: '-1 104'

07-03-2025T07:38:26 - [TEST_STEP][PASSED] - a312 = ").trim(): Text of object 'Object Repository/Выручка в рублях/span13' is: '-474'

07-03-2025T07:38:26 - [MESSAGE][PASSED] - Text of object 'Object Repository/Выручка в рублях/span13' is: '-474'

07-03-2025T07:38:26 - [TEST_STEP][PASSED] - a313 = ").trim(): Text of object 'Object Repository/Выручка в рублях/span14' is: '-59'

07-03-2025T07:38:27 - [MESSAGE][PASSED] - Text of object 'Object Repository/Выручка в рублях/span14' is: '-59'

07-03-2025T07:38:27 - [TEST_STEP][PASSED] - a314 = ").trim(): Text of object 'Object Repository/Выручка в рублях/span15' is: '-675'

07-03-2025T07:38:27 - [MESSAGE][PASSED] - Text of object 'Object Repository/Выручка в рублях/span15' is: '-675'

07-03-2025T07:38:27 - [TEST_STEP][PASSED] - a315 = ").trim(): Text of object 'Object Repository/Выручка в рублях/span16' is: '13 055'

07-03-2025T07:38:27 - [MESSAGE][PASSED] - Text of object 'Object Repository/Выручка в рублях/span16' is: '13 055'

07-03-2025T07:38:27 - [TEST_STEP][PASSED] - a316 = ").trim(): Text of object 'Object Repository/Выручка в рублях/span17' is: '499'

07-03-2025T07:38:28 - [MESSAGE][PASSED] - Text of object 'Object Repository/Выручка в рублях/span17' is: '499'

07-03-2025T07:38:28 - [TEST_STEP][PASSED] - if (vir == 1 || vir == 2): Text of object 'Object Repository/Выручка в рублях/span18' is: '-19'

07-03-2025T07:38:28 - [TEST_STEP][PASSED] - a317 = ").trim(): Text of object 'Object Repository/Выручка в рублях/span18' is: '-19'

07-03-2025T07:38:28 - [MESSAGE][PASSED] - Text of object 'Object Repository/Выручка в рублях/span18' is: '-19'

07-03-2025T07:38:28 - [TEST_STEP][PASSED] - block = 2: null

07-03-2025T07:38:28 - [TEST_STEP][PASSED] - nameOfBlock = " Выручка": null

07-03-2025T07:38:28 - [TEST_STEP][PASSED] - Script1710234207206.PreSettings(run, vir, block, nameOfBlock, typeOfData, todaysDate): null

07-03-2025T07:38:28 - [TEST_STEP][PASSED] - openBrowser(""): Browser is opened with url: ''

07-03-2025T07:38:28 - [MESSAGE][WARNING] - A browser is already opened. Closing browser and opening a new one

07-03-2025T07:38:28 - [MESSAGE][INFO] - Starting 'Chrome' driver

07-03-2025T07:38:28 - [MESSAGE][INFO] - Action delay is set to 0 milliseconds

07-03-2025T07:38:29 - [MESSAGE][PASSED] - Browser is opened with url: ''

07-03-2025T07:38:29 - [TEST_STEP][PASSED] - refresh(): Refresh successfully

07-03-2025T07:38:29 - [MESSAGE][PASSED] - Refresh successfully

07-03-2025T07:38:29 - [TEST_STEP][PASSED] - delay(50): Delayed 50 second(s)

07-03-2025T07:39:19 - [MESSAGE][PASSED] - Delayed 50 second(s)

07-03-2025T07:39:19 - [TEST_STEP][PASSED] - println("run:" + run): null

07-03-2025T07:39:19 - [TEST_STEP][PASSED] - println("vir:" + vir): null

07-03-2025T07:39:19 - [TEST_STEP][PASSED] - println("block:" + block): null

07-03-2025T07:39:19 - [TEST_STEP][PASSED] - if (block == 1): null

07-03-2025T07:39:19 - [TEST_STEP][PASSED] - else: null

07-03-2025T07:39:19 - [TEST_STEP][PASSED] - nameOfBlock = " Выручка": null

07-03-2025T07:39:19 - [TEST_STEP][PASSED] - println("nameOfBlock:" + nameOfBlock): null

07-03-2025T07:39:19 - [TEST_STEP][PASSED] - println("typeOfData:" + typeOfData): null

07-03-2025T07:39:19 - [TEST_STEP][PASSED] - println("todaysDate:" + todaysDate): null

07-03-2025T07:39:19 - [TEST_STEP][PASSED] - Script1710234207206.Autorization(block, nameOfBlock): null

07-03-2025T07:39:19 - [TEST_STEP][PASSED] - i = <not implemented yet for class: org.codehaus.groovy.ast.expr.EmptyExpression>: null

07-03-2025T07:39:19 - [TEST_STEP][PASSED] - ii = <not implemented yet for class: org.codehaus.groovy.ast.expr.EmptyExpression>: null

07-03-2025T07:39:19 - [TEST_STEP][PASSED] - urlData = <not implemented yet for class: org.codehaus.groovy.ast.expr.EmptyExpression>: null

07-03-2025T07:39:19 - [TEST_STEP][PASSED] - searchWord = <not implemented yet for class: org.codehaus.groovy.ast.expr.EmptyExpression>: null

07-03-2025T07:39:19 - [TEST_STEP][PASSED] - urlText = <not implemented yet for class: org.codehaus.groovy.ast.expr.EmptyExpression>: null

07-03-2025T07:39:19 - [TEST_STEP][PASSED] - println("block:" + block): null

07-03-2025T07:39:19 - [TEST_STEP][PASSED] - if (block == 1): null

07-03-2025T07:39:19 - [TEST_STEP][PASSED] - else: null

07-03-2025T07:39:19 - [TEST_STEP][PASSED] - delay(45): Delayed 45 second(s)

07-03-2025T07:40:04 - [MESSAGE][PASSED] - Delayed 45 second(s)

07-03-2025T07:40:04 - [TEST_STEP][PASSED] - nameOfBlock = " Выручка": null

07-03-2025T07:40:04 - [TEST_STEP][PASSED] - println("nameOfBlock:" + nameOfBlock): null

07-03-2025T07:40:04 - [TEST_STEP][PASSED] - if (block == 1): null

07-03-2025T07:40:04 - [TEST_STEP][PASSED] - else: Delayed 45 second(s)

07-03-2025T07:40:04 - [TEST_STEP][PASSED] - urlData = 9: null

07-03-2025T07:40:04 - [TEST_STEP][PASSED] - delay(45): Delayed 45 second(s)

07-03-2025T07:40:49 - [MESSAGE][PASSED] - Delayed 45 second(s)

07-03-2025T07:40:49 - [TEST_STEP][PASSED] - navigateToUrl(findTestData("PlanFact").getValue(10, urlData)): Navigate to 'https://bi.rosseti.digital/viewer?dashboardGuid=a1fd28b3785d443cbc4d7690a1d78e31&sheetGuid=86092a20c5984827a0c87b24cac76a50&fit=true' successfully

07-03-2025T07:40:53 - [MESSAGE][PASSED] - Navigate to 'https://bi.rosseti.digital/viewer?dashboardGuid=a1fd28b3785d443cbc4d7690a1d78e31&sheetGuid=86092a20c5984827a0c87b24cac76a50&fit=true' successfully

07-03-2025T07:40:53 - [TEST_STEP][PASSED] - urlText = getText(findTestObject("Страница авторизации/Text")): Text of object 'Object Repository/Страница авторизации/Text' is: 'Вход'

07-03-2025T07:40:55 - [MESSAGE][PASSED] - Text of object 'Object Repository/Страница авторизации/Text' is: 'Вход'

07-03-2025T07:40:55 - [TEST_STEP][PASSED] - searchWord = "Вход": null

07-03-2025T07:40:55 - [TEST_STEP][PASSED] - if (urlText == null || urlText.contains("ошибка") || urlText.contains(searchWord) == false): null

07-03-2025T07:40:55 - [TEST_STEP][PASSED] - if (verifyElementPresent(findTestObject("Страница авторизации/button_"), 30) == true): null

07-03-2025T07:40:55 - [MESSAGE][PASSED] - Object 'Object Repository/Страница авторизации/button_' is present

07-03-2025T07:40:55 - [TEST_STEP][PASSED] - setText(findTestObject("Страница авторизации/input__username"), findTestData("PlanFact").getValue(8, 1)): Text 'liazgina-di' is set on object 'Object Repository/Страница авторизации/input__username'

07-03-2025T07:40:55 - [MESSAGE][PASSED] - Text 'liazgina-di' is set on object 'Object Repository/Страница авторизации/input__username'

07-03-2025T07:40:55 - [TEST_STEP][PASSED] - setText(findTestObject("Страница авторизации/input__password"), findTestData("PlanFact").getValue(9, 1)): Text ')$%5srZ8o688Dm#q' is set on object 'Object Repository/Страница авторизации/input__password'

07-03-2025T07:40:56 - [MESSAGE][PASSED] - Text ')$%5srZ8o688Dm#q' is set on object 'Object Repository/Страница авторизации/input__password'

07-03-2025T07:40:56 - [TEST_STEP][PASSED] - click(findTestObject("Страница авторизации/button_")): Object: 'Object Repository/Страница авторизации/button_' is clicked on

07-03-2025T07:40:57 - [MESSAGE][PASSED] - Object: 'Object Repository/Страница авторизации/button_' is clicked on

07-03-2025T07:40:57 - [TEST_STEP][PASSED] - delay(45): Delayed 45 second(s)

07-03-2025T07:41:42 - [MESSAGE][PASSED] - Delayed 45 second(s)

07-03-2025T07:41:42 - [TEST_STEP][PASSED] - urlText = getText(findTestObject("Страница авторизации/Text")): Text of object 'Object Repository/Страница авторизации/Text' is: 'Период
Январь 2025 года
Выручка
Все
Выполнение плановых показателей по ПАО Россети за Январь 2025 года
План
Факт
Динамика
2025 год
0 млн.руб.
20 000 млн.руб.
40 000 млн.руб.
60 000 млн.руб.
80 000 млн.руб.
100 000 млн.руб.
120 000 млн.руб.
140 000 млн.руб.
160 000 млн.руб.
180 000 млн.руб.
200 000 млн.руб.
121 309
157 865
↑
ДЗО 
Все
Подписи данных
⬤Отклонение
АО "РЭС"
АО «Тываэнерго»
АО «Чеченэнерго»
Россети Волга
Россети Кубань
Россети Ленэнерго (ГК)
Россети Московский регион
Россети Северный Кавказ (ГК)
Россети Северо-Запад
Россети Сибирь (ГК)
Россети Томск
Россети Тюмень
Россети Урал (ГК)
Россети ФСК ЕЭС
Россети Центр
Россети Центр и Приволжье (ГК)
Россети Юг (ГК)
Россети Янтарь
-2 000млн.руб.
0 млн.руб.
2 000млн.руб.
4 000млн.руб.
6 000млн.руб.
8 000млн.руб.
10 000млн.руб.
12 000млн.руб.
14 0…
-73
23
-83
-295
-54
-403
-927
-606
-251
348
-58
-1 104
-474
-59
-675
13 055
-191
-19
млн.
%
Выручка
Отклонение выручки по ПАО Россети за Январь 2025 года (факт/план, млн. руб)
ПАО Россети
8 156 млн.руб.
Статус данных
×
Просьба обратить внимание
Данные занесены не полностью
ВЫБРАННЫЕ ЗНАЧЕНИЯ ФИЛЬТРОВ
ДЗО | ПЕРИОД
ПАО Россети: [«Выбраны все филиалы по всем ДЗО по всем категориям»]
2025: [Янв]
*Внутренний оборот'

07-03-2025T07:41:43 - [MESSAGE][PASSED] - Text of object 'Object Repository/Страница авторизации/Text' is: 'Период
Январь 2025 года
Выручка
Все
Выполнение плановых показателей по ПАО Россети за Январь 2025 года
План
Факт
Динамика
2025 год
0 млн.руб.
20 000 млн.руб.
40 000 млн.руб.
60 000 млн.руб.
80 000 млн.руб.
100 000 млн.руб.
120 000 млн.руб.
140 000 млн.руб.
160 000 млн.руб.
180 000 млн.руб.
200 000 млн.руб.
121 309
157 865
↑
ДЗО 
Все
Подписи данных
⬤Отклонение
АО "РЭС"
АО «Тываэнерго»
АО «Чеченэнерго»
Россети Волга
Россети Кубань
Россети Ленэнерго (ГК)
Россети Московский регион
Россети Северный Кавказ (ГК)
Россети Северо-Запад
Россети Сибирь (ГК)
Россети Томск
Россети Тюмень
Россети Урал (ГК)
Россети ФСК ЕЭС
Россети Центр
Россети Центр и Приволжье (ГК)
Россети Юг (ГК)
Россети Янтарь
-2 000млн.руб.
0 млн.руб.
2 000млн.руб.
4 000млн.руб.
6 000млн.руб.
8 000млн.руб.
10 000млн.руб.
12 000млн.руб.
14 0…
-73
23
-83
-295
-54
-403
-927
-606
-251
348
-58
-1 104
-474
-59
-675
13 055
-191
-19
млн.
%
Выручка
Отклонение выручки по ПАО Россети за Январь 2025 года (факт/план, млн. руб)
ПАО Россети
8 156 млн.руб.
Статус данных
×
Просьба обратить внимание
Данные занесены не полностью
ВЫБРАННЫЕ ЗНАЧЕНИЯ ФИЛЬТРОВ
ДЗО | ПЕРИОД
ПАО Россети: [«Выбраны все филиалы по всем ДЗО по всем категориям»]
2025: [Янв]
*Внутренний оборот'

07-03-2025T07:41:43 - [TEST_STEP][PASSED] - searchWord = "а": null

07-03-2025T07:41:43 - [TEST_STEP][PASSED] - if (urlText.contains("ошибка") || urlText.contains(searchWord) == false): null

07-03-2025T07:41:43 - [TEST_STEP][PASSED] - delay(45): Delayed 45 second(s)

07-03-2025T07:42:28 - [MESSAGE][PASSED] - Delayed 45 second(s)

07-03-2025T07:42:28 - [TEST_STEP][PASSED] - if (block == 2): Delayed 50 second(s)

07-03-2025T07:42:28 - [TEST_STEP][PASSED] - opoveshenie = getText(findTestObject("Выручка в рублях/Просьба обратить внимание")): Text of object 'Object Repository/Выручка в рублях/Просьба обратить внимание' is: 'Просьба обратить внимание'

07-03-2025T07:42:28 - [MESSAGE][PASSED] - Text of object 'Object Repository/Выручка в рублях/Просьба обратить внимание' is: 'Просьба обратить внимание'

07-03-2025T07:42:28 - [TEST_STEP][PASSED] - if (opoveshenie == "Просьба обратить внимание"): Delayed 50 second(s)

07-03-2025T07:42:28 - [TEST_STEP][PASSED] - click(findTestObject("Выручка в рублях/Закрыть оповещение")): Object: 'Object Repository/Выручка в рублях/Закрыть оповещение' is clicked on

07-03-2025T07:42:29 - [MESSAGE][PASSED] - Object: 'Object Repository/Выручка в рублях/Закрыть оповещение' is clicked on

07-03-2025T07:42:29 - [TEST_STEP][PASSED] - delay(50): Delayed 50 second(s)

07-03-2025T07:43:19 - [MESSAGE][PASSED] - Delayed 50 second(s)

07-03-2025T07:43:19 - [TEST_STEP][PASSED] - click(findTestObject("Выручка в рублях/Фильтр Период" + nameOfBlock)): Object: 'Object Repository/Выручка в рублях/Фильтр Период Выручка' is clicked on

07-03-2025T07:43:19 - [MESSAGE][PASSED] - Object: 'Object Repository/Выручка в рублях/Фильтр Период Выручка' is clicked on

07-03-2025T07:43:19 - [TEST_STEP][PASSED] - click(findTestObject("Выручка в рублях/Снять выделение в фильтре Дата" + nameOfBlock)): Object: 'Object Repository/Выручка в рублях/Снять выделение в фильтре Дата Выручка' is clicked on

07-03-2025T07:43:20 - [MESSAGE][PASSED] - Object: 'Object Repository/Выручка в рублях/Снять выделение в фильтре Дата Выручка' is clicked on

07-03-2025T07:43:20 - [TEST_STEP][PASSED] - click(findTestObject("Выручка в рублях/Применить в фильтре Дата" + nameOfBlock)): Object: 'Object Repository/Выручка в рублях/Применить в фильтре Дата Выручка' is clicked on

07-03-2025T07:43:20 - [MESSAGE][PASSED] - Object: 'Object Repository/Выручка в рублях/Применить в фильтре Дата Выручка' is clicked on

07-03-2025T07:43:20 - [TEST_STEP][PASSED] - delay(50): Delayed 50 second(s)

07-03-2025T07:44:10 - [MESSAGE][PASSED] - Delayed 50 second(s)

07-03-2025T07:44:10 - [TEST_STEP][PASSED] - click(findTestObject("Выручка в рублях/Фильтр Период" + nameOfBlock)): Object: 'Object Repository/Выручка в рублях/Фильтр Период Выручка' is clicked on

07-03-2025T07:44:11 - [MESSAGE][PASSED] - Object: 'Object Repository/Выручка в рублях/Фильтр Период Выручка' is clicked on

07-03-2025T07:44:11 - [TEST_STEP][PASSED] - click(findTestObject("Выручка в рублях/Снять выделение в фильтре Дата" + nameOfBlock)): Object: 'Object Repository/Выручка в рублях/Снять выделение в фильтре Дата Выручка' is clicked on

07-03-2025T07:44:11 - [MESSAGE][PASSED] - Object: 'Object Repository/Выручка в рублях/Снять выделение в фильтре Дата Выручка' is clicked on

07-03-2025T07:44:11 - [TEST_STEP][PASSED] - scrollToElement(findTestObject("Выручка в рублях/2025 список" + nameOfBlock), 30): Scroll to object 'Object Repository/Выручка в рублях/2025 список Выручка' successfully

07-03-2025T07:44:11 - [MESSAGE][PASSED] - Scroll to object 'Object Repository/Выручка в рублях/2025 список Выручка' successfully

07-03-2025T07:44:11 - [TEST_STEP][PASSED] - click(findTestObject("Выручка в рублях/2025 список" + nameOfBlock)): Object: 'Object Repository/Выручка в рублях/2025 список Выручка' is clicked on

07-03-2025T07:44:12 - [MESSAGE][PASSED] - Object: 'Object Repository/Выручка в рублях/2025 список Выручка' is clicked on

07-03-2025T07:44:12 - [TEST_STEP][PASSED] - scrollToElement(findTestObject("Выручка в рублях/1 квартал 2025 список Выручка"), 30): Scroll to object 'Object Repository/Выручка в рублях/1 квартал 2025 список Выручка' successfully

07-03-2025T07:44:13 - [MESSAGE][PASSED] - Scroll to object 'Object Repository/Выручка в рублях/1 квартал 2025 список Выручка' successfully

07-03-2025T07:44:13 - [TEST_STEP][PASSED] - click(findTestObject("Выручка в рублях/1 квартал 2025 список" + nameOfBlock)): Object: 'Object Repository/Выручка в рублях/1 квартал 2025 список Выручка' is clicked on

07-03-2025T07:44:13 - [MESSAGE][PASSED] - Object: 'Object Repository/Выручка в рублях/1 квартал 2025 список Выручка' is clicked on

07-03-2025T07:44:13 - [TEST_STEP][PASSED] - scrollToElement(findTestObject("Выручка в рублях/Январь 2025" + nameOfBlock), 30): Scroll to object 'Object Repository/Выручка в рублях/Январь 2025 Выручка' successfully

07-03-2025T07:44:13 - [MESSAGE][PASSED] - Scroll to object 'Object Repository/Выручка в рублях/Январь 2025 Выручка' successfully

07-03-2025T07:44:13 - [TEST_STEP][PASSED] - click(findTestObject("Выручка в рублях/Январь 2025" + nameOfBlock)): Object: 'Object Repository/Выручка в рублях/Январь 2025 Выручка' is clicked on

07-03-2025T07:44:13 - [MESSAGE][PASSED] - Object: 'Object Repository/Выручка в рублях/Январь 2025 Выручка' is clicked on

07-03-2025T07:44:13 - [TEST_STEP][PASSED] - scrollToElement(findTestObject("Выручка в рублях/Заголовок дашборда" + nameOfBlock), 30): Scroll to object 'Object Repository/Выручка в рублях/Заголовок дашборда Выручка' successfully

07-03-2025T07:44:14 - [MESSAGE][PASSED] - Scroll to object 'Object Repository/Выручка в рублях/Заголовок дашборда Выручка' successfully

07-03-2025T07:44:14 - [TEST_STEP][PASSED] - click(findTestObject("Выручка в рублях/Применить в фильтре Дата" + nameOfBlock)): Object: 'Object Repository/Выручка в рублях/Применить в фильтре Дата Выручка' is clicked on

07-03-2025T07:44:15 - [MESSAGE][PASSED] - Object: 'Object Repository/Выручка в рублях/Применить в фильтре Дата Выручка' is clicked on

07-03-2025T07:44:15 - [TEST_STEP][PASSED] - delay(55): Delayed 55 second(s)

07-03-2025T07:45:10 - [MESSAGE][PASSED] - Delayed 55 second(s)

07-03-2025T07:45:10 - [TEST_STEP][PASSED] - click(findTestObject("Выручка в рублях/Фильтр ДЗО" + nameOfBlock)): Object: 'Object Repository/Выручка в рублях/Фильтр ДЗО Выручка' is clicked on

07-03-2025T07:45:10 - [MESSAGE][PASSED] - Object: 'Object Repository/Выручка в рублях/Фильтр ДЗО Выручка' is clicked on

07-03-2025T07:45:10 - [TEST_STEP][PASSED] - click(findTestObject("Выручка в рублях/Снять выделение в фильтре ДЗО" + nameOfBlock)): Object: 'Object Repository/Выручка в рублях/Снять выделение в фильтре ДЗО Выручка' is clicked on

07-03-2025T07:45:11 - [MESSAGE][PASSED] - Object: 'Object Repository/Выручка в рублях/Снять выделение в фильтре ДЗО Выручка' is clicked on

07-03-2025T07:45:11 - [TEST_STEP][PASSED] - click(findTestObject("Выручка в рублях/Применить в фильтре ДЗО" + nameOfBlock)): Object: 'Object Repository/Выручка в рублях/Применить в фильтре ДЗО Выручка' is clicked on

07-03-2025T07:45:11 - [MESSAGE][PASSED] - Object: 'Object Repository/Выручка в рублях/Применить в фильтре ДЗО Выручка' is clicked on

07-03-2025T07:45:11 - [TEST_STEP][PASSED] - delay(50): Delayed 50 second(s)

07-03-2025T07:46:01 - [MESSAGE][PASSED] - Delayed 50 second(s)

07-03-2025T07:46:01 - [TEST_STEP][PASSED] - Script1710234207206.Tumbler(run, vir, block, nameOfBlock): null

07-03-2025T07:46:01 - [TEST_STEP][PASSED] - println("run:" + run): null

07-03-2025T07:46:01 - [TEST_STEP][PASSED] - println("vir:" + vir): null

07-03-2025T07:46:01 - [TEST_STEP][PASSED] - println("block:" + block): null

07-03-2025T07:46:01 - [TEST_STEP][PASSED] - println("nameOfBlock:" + nameOfBlock): null

07-03-2025T07:46:01 - [TEST_STEP][PASSED] - if (vir == 1): null

07-03-2025T07:46:01 - [TEST_STEP][PASSED] - else if (vir == 2): Object: 'Object Repository/Выручка в рублях/Применить в фильтре Выручка Выручка' is clicked on

07-03-2025T07:46:01 - [TEST_STEP][PASSED] - if (run == 2): null

07-03-2025T07:46:01 - [TEST_STEP][PASSED] - click(findTestObject("Выручка в рублях/Фильтр Выручка" + nameOfBlock)): Object: 'Object Repository/Выручка в рублях/Фильтр Выручка Выручка' is clicked on

07-03-2025T07:46:01 - [MESSAGE][PASSED] - Object: 'Object Repository/Выручка в рублях/Фильтр Выручка Выручка' is clicked on

07-03-2025T07:46:01 - [TEST_STEP][PASSED] - click(findTestObject("Выручка в рублях/Итого в фильтре Выручка" + nameOfBlock)): Object: 'Object Repository/Выручка в рублях/Итого в фильтре Выручка Выручка' is clicked on

07-03-2025T07:46:02 - [MESSAGE][PASSED] - Object: 'Object Repository/Выручка в рублях/Итого в фильтре Выручка Выручка' is clicked on

07-03-2025T07:46:02 - [TEST_STEP][PASSED] - click(findTestObject("Выручка в рублях/Применить в фильтре Выручка" + nameOfBlock)): Object: 'Object Repository/Выручка в рублях/Применить в фильтре Выручка Выручка' is clicked on

07-03-2025T07:46:03 - [MESSAGE][PASSED] - Object: 'Object Repository/Выручка в рублях/Применить в фильтре Выручка Выручка' is clicked on

07-03-2025T07:46:03 - [TEST_STEP][PASSED] - click(findTestObject("Выручка в рублях/Фильтр ДЗО" + nameOfBlock)): Object: 'Object Repository/Выручка в рублях/Фильтр ДЗО Выручка' is clicked on

07-03-2025T07:46:04 - [MESSAGE][PASSED] - Object: 'Object Repository/Выручка в рублях/Фильтр ДЗО Выручка' is clicked on

07-03-2025T07:46:04 - [TEST_STEP][PASSED] - Script1710234207206.Rosseti(nameOfBlock): null

07-03-2025T07:46:04 - [TEST_STEP][PASSED] - println("nameOfBlock:" + nameOfBlock): null

07-03-2025T07:46:04 - [TEST_STEP][PASSED] - click(findTestObject("Выручка в рублях/ПАО Россети" + nameOfBlock)): Object: 'Object Repository/Выручка в рублях/ПАО Россети Выручка' is clicked on

07-03-2025T07:46:05 - [MESSAGE][PASSED] - Object: 'Object Repository/Выручка в рублях/ПАО Россети Выручка' is clicked on

07-03-2025T07:46:05 - [TEST_STEP][PASSED] - click(findTestObject("Выручка в рублях/Применить в фильтре ДЗО" + nameOfBlock)): Object: 'Object Repository/Выручка в рублях/Применить в фильтре ДЗО Выручка' is clicked on

07-03-2025T07:46:05 - [MESSAGE][PASSED] - Object: 'Object Repository/Выручка в рублях/Применить в фильтре ДЗО Выручка' is clicked on

07-03-2025T07:46:05 - [TEST_STEP][PASSED] - if (vir == 1 || vir == 2): Text of object 'Object Repository/Выручка в рублях/График План Выручка' is: '121 255'

07-03-2025T07:46:05 - [TEST_STEP][PASSED] - b1 = getText(findTestObject("Выручка в рублях/График План Выручка")): Text of object 'Object Repository/Выручка в рублях/График План Выручка' is: '121 255'

07-03-2025T07:46:07 - [MESSAGE][PASSED] - Text of object 'Object Repository/Выручка в рублях/График План Выручка' is: '121 255'

07-03-2025T07:46:07 - [TEST_STEP][PASSED] - if (vir == 1 || vir == 2): Text of object 'Object Repository/Выручка в рублях/График Факт Выручка' is: '155 462'

07-03-2025T07:46:07 - [TEST_STEP][PASSED] - b2 = getText(findTestObject("Выручка в рублях/График Факт Выручка")): Text of object 'Object Repository/Выручка в рублях/График Факт Выручка' is: '155 462'

07-03-2025T07:46:07 - [MESSAGE][PASSED] - Text of object 'Object Repository/Выручка в рублях/График Факт Выручка' is: '155 462'

07-03-2025T07:46:07 - [TEST_STEP][PASSED] - b30 = getText(findTestObject("Выручка в рублях/span1" + perc)): Text of object 'Object Repository/Выручка в рублях/span1' is: '8 725 млн.руб.'

07-03-2025T07:46:07 - [MESSAGE][PASSED] - Text of object 'Object Repository/Выручка в рублях/span1' is: '8 725 млн.руб.'

07-03-2025T07:46:07 - [TEST_STEP][PASSED] - i = b30.indexOf("млн.руб."): null

07-03-2025T07:46:07 - [TEST_STEP][PASSED] - if (i > -1): null

07-03-2025T07:46:07 - [TEST_STEP][PASSED] - b30 = b30.substring(0, i): null

07-03-2025T07:46:07 - [TEST_STEP][PASSED] - b30 = b30.replaceAll(" ", ""): null

07-03-2025T07:46:07 - [TEST_STEP][PASSED] - if (b30.contains("%")): null

07-03-2025T07:46:07 - [TEST_STEP][PASSED] - b30 = ").trim(): null

07-03-2025T07:46:07 - [TEST_STEP][PASSED] - println("b30: " + b30): null

07-03-2025T07:46:07 - [TEST_STEP][PASSED] - if (vir == 1 || vir == 2): Text of object 'Object Repository/Выручка в рублях/span2' is: '-73'

07-03-2025T07:46:07 - [TEST_STEP][PASSED] - b31 = ").trim(): Text of object 'Object Repository/Выручка в рублях/span2' is: '-73'

07-03-2025T07:46:07 - [MESSAGE][PASSED] - Text of object 'Object Repository/Выручка в рублях/span2' is: '-73'

07-03-2025T07:46:07 - [TEST_STEP][PASSED] - if (vir == 1 || vir == 2): Text of object 'Object Repository/Выручка в рублях/span3' is: '-0'

07-03-2025T07:46:07 - [TEST_STEP][PASSED] - b32 = ").trim(): Text of object 'Object Repository/Выручка в рублях/span3' is: '-0'

07-03-2025T07:46:08 - [MESSAGE][PASSED] - Text of object 'Object Repository/Выручка в рублях/span3' is: '-0'

07-03-2025T07:46:08 - [TEST_STEP][PASSED] - if (vir == 1 || vir == 2): Text of object 'Object Repository/Выручка в рублях/span8' is: '-96'

07-03-2025T07:46:08 - [TEST_STEP][PASSED] - b33 = ").trim(): Text of object 'Object Repository/Выручка в рублях/span4' is: '-295'

07-03-2025T07:46:08 - [MESSAGE][PASSED] - Text of object 'Object Repository/Выручка в рублях/span4' is: '-295'

07-03-2025T07:46:08 - [TEST_STEP][PASSED] - b34 = ").trim(): Text of object 'Object Repository/Выручка в рублях/span5' is: '-54'

07-03-2025T07:46:08 - [MESSAGE][PASSED] - Text of object 'Object Repository/Выручка в рублях/span5' is: '-54'

07-03-2025T07:46:08 - [TEST_STEP][PASSED] - b35 = ").trim(): Text of object 'Object Repository/Выручка в рублях/span6' is: '-403'

07-03-2025T07:46:09 - [MESSAGE][PASSED] - Text of object 'Object Repository/Выручка в рублях/span6' is: '-403'

07-03-2025T07:46:09 - [TEST_STEP][PASSED] - b36 = ").trim(): Text of object 'Object Repository/Выручка в рублях/span7' is: '-927'

07-03-2025T07:46:09 - [MESSAGE][PASSED] - Text of object 'Object Repository/Выручка в рублях/span7' is: '-927'

07-03-2025T07:46:09 - [TEST_STEP][PASSED] - b37 = ").trim(): Text of object 'Object Repository/Выручка в рублях/span8' is: '-96'

07-03-2025T07:46:09 - [MESSAGE][PASSED] - Text of object 'Object Repository/Выручка в рублях/span8' is: '-96'

07-03-2025T07:46:09 - [TEST_STEP][PASSED] - if (vir == 1 || vir == 2): Text of object 'Object Repository/Выручка в рублях/span17' is: '-191'

07-03-2025T07:46:09 - [TEST_STEP][PASSED] - b38 = ").trim(): Text of object 'Object Repository/Выручка в рублях/span9' is: '-251'

07-03-2025T07:46:10 - [MESSAGE][PASSED] - Text of object 'Object Repository/Выручка в рублях/span9' is: '-251'

07-03-2025T07:46:10 - [TEST_STEP][PASSED] - b39 = ").trim(): Text of object 'Object Repository/Выручка в рублях/span10' is: '348'

07-03-2025T07:46:10 - [MESSAGE][PASSED] - Text of object 'Object Repository/Выручка в рублях/span10' is: '348'

07-03-2025T07:46:10 - [TEST_STEP][PASSED] - b310 = ").trim(): Text of object 'Object Repository/Выручка в рублях/span11' is: '-58'

07-03-2025T07:46:10 - [MESSAGE][PASSED] - Text of object 'Object Repository/Выручка в рублях/span11' is: '-58'

07-03-2025T07:46:10 - [TEST_STEP][PASSED] - b311 = ").trim(): Text of object 'Object Repository/Выручка в рублях/span12' is: '-1 104'

07-03-2025T07:46:10 - [MESSAGE][PASSED] - Text of object 'Object Repository/Выручка в рублях/span12' is: '-1 104'

07-03-2025T07:46:10 - [TEST_STEP][PASSED] - b312 = ").trim(): Text of object 'Object Repository/Выручка в рублях/span13' is: '-474'

07-03-2025T07:46:11 - [MESSAGE][PASSED] - Text of object 'Object Repository/Выручка в рублях/span13' is: '-474'

07-03-2025T07:46:11 - [TEST_STEP][PASSED] - b313 = ").trim(): Text of object 'Object Repository/Выручка в рублях/span14' is: '-59'

07-03-2025T07:46:11 - [MESSAGE][PASSED] - Text of object 'Object Repository/Выручка в рублях/span14' is: '-59'

07-03-2025T07:46:11 - [TEST_STEP][PASSED] - b314 = ").trim(): Text of object 'Object Repository/Выручка в рублях/span15' is: '-675'

07-03-2025T07:46:11 - [MESSAGE][PASSED] - Text of object 'Object Repository/Выручка в рублях/span15' is: '-675'

07-03-2025T07:46:11 - [TEST_STEP][PASSED] - b315 = ").trim(): Text of object 'Object Repository/Выручка в рублях/span16' is: '13 055'

07-03-2025T07:46:12 - [MESSAGE][PASSED] - Text of object 'Object Repository/Выручка в рублях/span16' is: '13 055'

07-03-2025T07:46:12 - [TEST_STEP][PASSED] - b316 = ").trim(): Text of object 'Object Repository/Выручка в рублях/span17' is: '-191'

07-03-2025T07:46:12 - [MESSAGE][PASSED] - Text of object 'Object Repository/Выручка в рублях/span17' is: '-191'

07-03-2025T07:46:12 - [TEST_STEP][PASSED] - if (vir == 1 || vir == 2): Text of object 'Object Repository/Выручка в рублях/span18' is: '-19'

07-03-2025T07:46:12 - [TEST_STEP][PASSED] - b317 = ").trim(): Text of object 'Object Repository/Выручка в рублях/span18' is: '-19'

07-03-2025T07:46:12 - [MESSAGE][PASSED] - Text of object 'Object Repository/Выручка в рублях/span18' is: '-19'

07-03-2025T07:46:12 - [TEST_STEP][PASSED] - dZO = "ПАО Россети": null

07-03-2025T07:46:12 - [TEST_STEP][PASSED] - if (verifyEqual(a1, b1) == false): Actual object '121 255' and expected object '121 255' are equal

07-03-2025T07:46:12 - [MESSAGE][PASSED] - Actual object '121 255' and expected object '121 255' are equal

07-03-2025T07:46:12 - [TEST_STEP][PASSED] - if (verifyEqual(a2, b2) == false): Actual object '155 462' and expected object '155 462' are equal

07-03-2025T07:46:12 - [MESSAGE][PASSED] - Actual object '155 462' and expected object '155 462' are equal

07-03-2025T07:46:12 - [TEST_STEP][PASSED] - vidget = "Отклонения": null

07-03-2025T07:46:12 - [TEST_STEP][FAILED] - if (verifyEqual(a30, b30) == false): null

07-03-2025T07:46:12 - [MESSAGE][FAILED] - Unable to verify equal between actual object '34207.4' and expected object '8725' (Root cause: com.kms.katalon.core.exception.StepFailedException: Actual object '34207.4' and expected object '8725' are not equal
	at com.kms.katalon.core.keyword.builtin.VerifyEqualKeyword$_verifyEqual_closure1.doCall(VerifyEqualKeyword.groovy:58)
	at com.kms.katalon.core.keyword.builtin.VerifyEqualKeyword$_verifyEqual_closure1.call(VerifyEqualKeyword.groovy)
	at com.kms.katalon.core.keyword.internal.KeywordMain.runKeyword(KeywordMain.groovy:75)
	at com.kms.katalon.core.keyword.builtin.VerifyEqualKeyword.verifyEqual(VerifyEqualKeyword.groovy:63)
	at com.kms.katalon.core.keyword.builtin.VerifyEqualKeyword.execute(VerifyEqualKeyword.groovy:44)
	at com.kms.katalon.core.keyword.internal.KeywordExecutor.executeKeywordForPlatform(KeywordExecutor.groovy:74)
	at com.kms.katalon.core.keyword.BuiltinKeywords.verifyEqual(BuiltinKeywords.groovy:146)
	at jdk.internal.reflect.GeneratedMethodAccessor23.invoke(Unknown Source)
	at java.base/jdk.internal.reflect.DelegatingMethodAccessorImpl.invoke(DelegatingMethodAccessorImpl.java:43)
	at Выручка в рублях сверка дашбордов ПАО Россети.Blocks(Выручка в рублях сверка дашбордов ПАО Россети:357)
	at Выручка в рублях сверка дашбордов ПАО Россети.ViruchkaChange(Выручка в рублях сверка дашбордов ПАО Россети:60)
	at Выручка в рублях сверка дашбордов ПАО Россети.run(Выручка в рублях сверка дашбордов ПАО Россети:55)
	at com.kms.katalon.core.main.ScriptEngine.run(ScriptEngine.java:194)
	at com.kms.katalon.core.main.ScriptEngine.runScriptAsRawText(ScriptEngine.java:119)
	at com.kms.katalon.core.main.TestCaseExecutor.runScript(TestCaseExecutor.java:448)
	at com.kms.katalon.core.main.TestCaseExecutor.doExecute(TestCaseExecutor.java:439)
	at com.kms.katalon.core.main.TestCaseExecutor.processExecutionPhase(TestCaseExecutor.java:418)
	at com.kms.katalon.core.main.TestCaseExecutor.accessMainPhase(TestCaseExecutor.java:410)
	at com.kms.katalon.core.main.TestCaseExecutor.execute(TestCaseExecutor.java:285)
	at com.kms.katalon.core.common.CommonExecutor.accessTestCaseMainPhase(CommonExecutor.java:65)
	at com.kms.katalon.core.main.TestSuiteExecutor.accessTestSuiteMainPhase(TestSuiteExecutor.java:150)
	at com.kms.katalon.core.main.TestSuiteExecutor.execute(TestSuiteExecutor.java:106)
	at com.kms.katalon.core.main.TestCaseMain.startTestSuite(TestCaseMain.java:180)
	at TempTestSuite1741312418653.run(TempTestSuite1741312418653.groovy:35)
	at java.base/jdk.internal.reflect.NativeMethodAccessorImpl.invoke0(Native Method)
	at java.base/jdk.internal.reflect.NativeMethodAccessorImpl.invoke(NativeMethodAccessorImpl.java:77)
	at java.base/jdk.internal.reflect.DelegatingMethodAccessorImpl.invoke(DelegatingMethodAccessorImpl.java:43)
)

07-03-2025T07:46:12 - [TEST_STEP][PASSED] - a = replaceAll("\s+", "").trim(): null

07-03-2025T07:46:12 - [TEST_STEP][PASSED] - b = replaceAll("\s+", "").trim(): null

07-03-2025T07:46:12 - [TEST_STEP][PASSED] - Script1710234207206.WriteToExcel(todaysDate, run, vir, block, typeOfData, viruchka, vidget, nameOfBlock, a, b, dZO, x, y): null

07-03-2025T07:46:12 - [TEST_STEP][PASSED] - println(run): null

07-03-2025T07:46:12 - [TEST_STEP][PASSED] - if (run == 1): null

07-03-2025T07:46:12 - [TEST_STEP][PASSED] - typeOfData = "Млн": null

07-03-2025T07:46:12 - [TEST_STEP][PASSED] - println("todaysDate:" + todaysDate): null

07-03-2025T07:46:12 - [TEST_STEP][PASSED] - println("typeOfData:" + typeOfData): null

07-03-2025T07:46:12 - [TEST_STEP][PASSED] - viruchka = getText(findTestObject("Выручка в рублях/Фильтр Выручка" + nameOfBlock)): Text of object 'Object Repository/Выручка в рублях/Фильтр Выручка Выручка' is: 'ПЕРЕДАЧА ЭЛЕКТРОЭНЕРГИИ (ИТОГО, по всем видам тарифа)'

07-03-2025T07:46:12 - [MESSAGE][PASSED] - Text of object 'Object Repository/Выручка в рублях/Фильтр Выручка Выручка' is: 'ПЕРЕДАЧА ЭЛЕКТРОЭНЕРГИИ (ИТОГО, по всем видам тарифа)'

07-03-2025T07:46:12 - [TEST_STEP][PASSED] - println("viruchka" + viruchka): null

07-03-2025T07:46:12 - [TEST_STEP][PASSED] - println("vidget" + vidget): null

07-03-2025T07:46:12 - [TEST_STEP][PASSED] - println("a" + a): null

07-03-2025T07:46:12 - [TEST_STEP][PASSED] - println("b" + b): null

07-03-2025T07:46:12 - [TEST_STEP][PASSED] - sheetName = "Sheet1": null

07-03-2025T07:46:12 - [TEST_STEP][PASSED] - data = findTestData("PlanFact"): null

07-03-2025T07:46:13 - [TEST_STEP][PASSED] - n = data.getRowNumbers() + 1: null

07-03-2025T07:46:13 - [TEST_STEP][PASSED] - period = getText(findTestObject("Выручка в рублях/Фильтр Период")).trim(): Text of object 'Object Repository/Выручка в рублях/Фильтр Период' is: 'Январь 2025 года'

07-03-2025T07:46:13 - [MESSAGE][PASSED] - Text of object 'Object Repository/Выручка в рублях/Фильтр Период' is: 'Январь 2025 года'

07-03-2025T07:46:13 - [TEST_STEP][PASSED] - println(period): null

07-03-2025T07:46:13 - [TEST_STEP][PASSED] - if (period.findAll("[а-яА-Я]") == false): null

07-03-2025T07:46:13 - [TEST_STEP][PASSED] - dashboardName = "Выручка в рублях": null

07-03-2025T07:46:13 - [TEST_STEP][PASSED] - if (a == ""): null

07-03-2025T07:46:13 - [TEST_STEP][PASSED] - else: null

07-03-2025T07:46:13 - [TEST_STEP][PASSED] - x = a.toDouble(): null

07-03-2025T07:46:13 - [TEST_STEP][PASSED] - if (b == ""): null

07-03-2025T07:46:13 - [TEST_STEP][PASSED] - else: null

07-03-2025T07:46:13 - [TEST_STEP][PASSED] - y = b.toDouble(): null

07-03-2025T07:46:13 - [TEST_STEP][PASSED] - workbook01 = getWorkbook(excelFilePath): null

07-03-2025T07:46:13 - [TEST_STEP][PASSED] - sheet01 = getExcelSheet(workbook01, sheetName): null

07-03-2025T07:46:13 - [TEST_STEP][PASSED] - setValueToCellByIndex(sheet01, n, 0, dashboardName): null

07-03-2025T07:46:13 - [TEST_STEP][PASSED] - setValueToCellByIndex(sheet01, n, 1, dZO): null

07-03-2025T07:46:13 - [TEST_STEP][PASSED] - setValueToCellByIndex(sheet01, n, 2, vidget): null

07-03-2025T07:46:13 - [TEST_STEP][PASSED] - setValueToCellByIndex(sheet01, n, 3, viruchka): null

07-03-2025T07:46:13 - [TEST_STEP][PASSED] - setValueToCellByIndex(sheet01, n, 4, typeOfData): null

07-03-2025T07:46:13 - [TEST_STEP][PASSED] - if (a == "нет данных"): null

07-03-2025T07:46:13 - [TEST_STEP][PASSED] - else: null

07-03-2025T07:46:13 - [TEST_STEP][PASSED] - setValueToCellByIndex(sheet01, n, 5, x): null

07-03-2025T07:46:13 - [TEST_STEP][PASSED] - if (b == "нет данных"): null

07-03-2025T07:46:13 - [TEST_STEP][PASSED] - else: null

07-03-2025T07:46:13 - [TEST_STEP][PASSED] - setValueToCellByIndex(sheet01, n, 6, y): null

07-03-2025T07:46:13 - [TEST_STEP][PASSED] - setValueToCellByIndex(sheet01, n, 7, period): null

07-03-2025T07:46:13 - [TEST_STEP][PASSED] - setValueToCellByIndex(sheet01, n, 8, todaysDate): null

07-03-2025T07:46:13 - [TEST_STEP][PASSED] - n = n + 1: null

07-03-2025T07:46:13 - [TEST_STEP][PASSED] - saveWorkbook(excelFilePath, workbook01): null

07-03-2025T07:46:13 - [TEST_STEP][PASSED] - x = "": null

07-03-2025T07:46:13 - [TEST_STEP][PASSED] - y = "": null

07-03-2025T07:46:13 - [TEST_STEP][PASSED] - dZO = "АО «Тываэнерго»": null

07-03-2025T07:46:13 - [TEST_STEP][PASSED] - if (verifyEqual(a31, b31) == false): Actual object '-73' and expected object '-73' are equal

07-03-2025T07:46:13 - [MESSAGE][PASSED] - Actual object '-73' and expected object '-73' are equal

07-03-2025T07:46:13 - [TEST_STEP][PASSED] - dZO = "АО «Чеченэнерго»": null

07-03-2025T07:46:13 - [TEST_STEP][FAILED] - if (verifyEqual(a32, b32) == false): null

07-03-2025T07:46:13 - [MESSAGE][FAILED] - Unable to verify equal between actual object '115' and expected object '-0' (Root cause: com.kms.katalon.core.exception.StepFailedException: Actual object '115' and expected object '-0' are not equal
	at com.kms.katalon.core.keyword.builtin.VerifyEqualKeyword$_verifyEqual_closure1.doCall(VerifyEqualKeyword.groovy:58)
	at com.kms.katalon.core.keyword.builtin.VerifyEqualKeyword$_verifyEqual_closure1.call(VerifyEqualKeyword.groovy)
	at com.kms.katalon.core.keyword.internal.KeywordMain.runKeyword(KeywordMain.groovy:75)
	at com.kms.katalon.core.keyword.builtin.VerifyEqualKeyword.verifyEqual(VerifyEqualKeyword.groovy:63)
	at com.kms.katalon.core.keyword.builtin.VerifyEqualKeyword.execute(VerifyEqualKeyword.groovy:44)
	at com.kms.katalon.core.keyword.internal.KeywordExecutor.executeKeywordForPlatform(KeywordExecutor.groovy:74)
	at com.kms.katalon.core.keyword.BuiltinKeywords.verifyEqual(BuiltinKeywords.groovy:146)
	at jdk.internal.reflect.GeneratedMethodAccessor23.invoke(Unknown Source)
	at java.base/jdk.internal.reflect.DelegatingMethodAccessorImpl.invoke(DelegatingMethodAccessorImpl.java:43)
	at Выручка в рублях сверка дашбордов ПАО Россети.Blocks(Выручка в рублях сверка дашбордов ПАО Россети:378)
	at Выручка в рублях сверка дашбордов ПАО Россети.ViruchkaChange(Выручка в рублях сверка дашбордов ПАО Россети:60)
	at Выручка в рублях сверка дашбордов ПАО Россети.run(Выручка в рублях сверка дашбордов ПАО Россети:55)
	at com.kms.katalon.core.main.ScriptEngine.run(ScriptEngine.java:194)
	at com.kms.katalon.core.main.ScriptEngine.runScriptAsRawText(ScriptEngine.java:119)
	at com.kms.katalon.core.main.TestCaseExecutor.runScript(TestCaseExecutor.java:448)
	at com.kms.katalon.core.main.TestCaseExecutor.doExecute(TestCaseExecutor.java:439)
	at com.kms.katalon.core.main.TestCaseExecutor.processExecutionPhase(TestCaseExecutor.java:418)
	at com.kms.katalon.core.main.TestCaseExecutor.accessMainPhase(TestCaseExecutor.java:410)
	at com.kms.katalon.core.main.TestCaseExecutor.execute(TestCaseExecutor.java:285)
	at com.kms.katalon.core.common.CommonExecutor.accessTestCaseMainPhase(CommonExecutor.java:65)
	at com.kms.katalon.core.main.TestSuiteExecutor.accessTestSuiteMainPhase(TestSuiteExecutor.java:150)
	at com.kms.katalon.core.main.TestSuiteExecutor.execute(TestSuiteExecutor.java:106)
	at com.kms.katalon.core.main.TestCaseMain.startTestSuite(TestCaseMain.java:180)
	at TempTestSuite1741312418653.run(TempTestSuite1741312418653.groovy:35)
	at java.base/jdk.internal.reflect.NativeMethodAccessorImpl.invoke0(Native Method)
	at java.base/jdk.internal.reflect.NativeMethodAccessorImpl.invoke(NativeMethodAccessorImpl.java:77)
	at java.base/jdk.internal.reflect.DelegatingMethodAccessorImpl.invoke(DelegatingMethodAccessorImpl.java:43)
)

07-03-2025T07:46:13 - [TEST_STEP][PASSED] - a = replaceAll("\s+", "").trim(): null

07-03-2025T07:46:13 - [TEST_STEP][PASSED] - b = replaceAll("\s+", "").trim(): null

07-03-2025T07:46:13 - [TEST_STEP][PASSED] - Script1710234207206.WriteToExcel(todaysDate, run, vir, block, typeOfData, viruchka, vidget, nameOfBlock, a, b, dZO, x, y): null

07-03-2025T07:46:13 - [TEST_STEP][PASSED] - println(run): null

07-03-2025T07:46:13 - [TEST_STEP][PASSED] - if (run == 1): null

07-03-2025T07:46:13 - [TEST_STEP][PASSED] - typeOfData = "Млн": null

07-03-2025T07:46:13 - [TEST_STEP][PASSED] - println("todaysDate:" + todaysDate): null

07-03-2025T07:46:13 - [TEST_STEP][PASSED] - println("typeOfData:" + typeOfData): null

07-03-2025T07:46:13 - [TEST_STEP][PASSED] - viruchka = getText(findTestObject("Выручка в рублях/Фильтр Выручка" + nameOfBlock)): Text of object 'Object Repository/Выручка в рублях/Фильтр Выручка Выручка' is: 'ПЕРЕДАЧА ЭЛЕКТРОЭНЕРГИИ (ИТОГО, по всем видам тарифа)'

07-03-2025T07:46:13 - [MESSAGE][PASSED] - Text of object 'Object Repository/Выручка в рублях/Фильтр Выручка Выручка' is: 'ПЕРЕДАЧА ЭЛЕКТРОЭНЕРГИИ (ИТОГО, по всем видам тарифа)'

07-03-2025T07:46:13 - [TEST_STEP][PASSED] - println("viruchka" + viruchka): null

07-03-2025T07:46:13 - [TEST_STEP][PASSED] - println("vidget" + vidget): null

07-03-2025T07:46:13 - [TEST_STEP][PASSED] - println("a" + a): null

07-03-2025T07:46:13 - [TEST_STEP][PASSED] - println("b" + b): null

07-03-2025T07:46:13 - [TEST_STEP][PASSED] - sheetName = "Sheet1": null

07-03-2025T07:46:13 - [TEST_STEP][PASSED] - data = findTestData("PlanFact"): null

07-03-2025T07:46:14 - [TEST_STEP][PASSED] - n = data.getRowNumbers() + 1: null

07-03-2025T07:46:14 - [TEST_STEP][PASSED] - period = getText(findTestObject("Выручка в рублях/Фильтр Период")).trim(): Text of object 'Object Repository/Выручка в рублях/Фильтр Период' is: 'Январь 2025 года'

07-03-2025T07:46:14 - [MESSAGE][PASSED] - Text of object 'Object Repository/Выручка в рублях/Фильтр Период' is: 'Январь 2025 года'

07-03-2025T07:46:14 - [TEST_STEP][PASSED] - println(period): null

07-03-2025T07:46:14 - [TEST_STEP][PASSED] - if (period.findAll("[а-яА-Я]") == false): null

07-03-2025T07:46:14 - [TEST_STEP][PASSED] - dashboardName = "Выручка в рублях": null

07-03-2025T07:46:14 - [TEST_STEP][PASSED] - if (a == ""): null

07-03-2025T07:46:14 - [TEST_STEP][PASSED] - else: null

07-03-2025T07:46:14 - [TEST_STEP][PASSED] - x = a.toDouble(): null

07-03-2025T07:46:14 - [TEST_STEP][PASSED] - if (b == ""): null

07-03-2025T07:46:14 - [TEST_STEP][PASSED] - else: null

07-03-2025T07:46:14 - [TEST_STEP][PASSED] - y = b.toDouble(): null

07-03-2025T07:46:14 - [TEST_STEP][PASSED] - workbook01 = getWorkbook(excelFilePath): null

07-03-2025T07:46:14 - [TEST_STEP][PASSED] - sheet01 = getExcelSheet(workbook01, sheetName): null

07-03-2025T07:46:14 - [TEST_STEP][PASSED] - setValueToCellByIndex(sheet01, n, 0, dashboardName): null

07-03-2025T07:46:14 - [TEST_STEP][PASSED] - setValueToCellByIndex(sheet01, n, 1, dZO): null

07-03-2025T07:46:14 - [TEST_STEP][PASSED] - setValueToCellByIndex(sheet01, n, 2, vidget): null

07-03-2025T07:46:14 - [TEST_STEP][PASSED] - setValueToCellByIndex(sheet01, n, 3, viruchka): null

07-03-2025T07:46:14 - [TEST_STEP][PASSED] - setValueToCellByIndex(sheet01, n, 4, typeOfData): null

07-03-2025T07:46:14 - [TEST_STEP][PASSED] - if (a == "нет данных"): null

07-03-2025T07:46:14 - [TEST_STEP][PASSED] - else: null

07-03-2025T07:46:14 - [TEST_STEP][PASSED] - setValueToCellByIndex(sheet01, n, 5, x): null

07-03-2025T07:46:14 - [TEST_STEP][PASSED] - if (b == "нет данных"): null

07-03-2025T07:46:14 - [TEST_STEP][PASSED] - else: null

07-03-2025T07:46:14 - [TEST_STEP][PASSED] - setValueToCellByIndex(sheet01, n, 6, y): null

07-03-2025T07:46:14 - [TEST_STEP][PASSED] - setValueToCellByIndex(sheet01, n, 7, period): null

07-03-2025T07:46:14 - [TEST_STEP][PASSED] - setValueToCellByIndex(sheet01, n, 8, todaysDate): null

07-03-2025T07:46:14 - [TEST_STEP][PASSED] - n = n + 1: null

07-03-2025T07:46:14 - [TEST_STEP][PASSED] - saveWorkbook(excelFilePath, workbook01): null

07-03-2025T07:46:14 - [TEST_STEP][PASSED] - x = "": null

07-03-2025T07:46:14 - [TEST_STEP][PASSED] - y = "": null

07-03-2025T07:46:14 - [TEST_STEP][PASSED] - dZO = "Россети Волга": null

07-03-2025T07:46:14 - [TEST_STEP][FAILED] - if (verifyEqual(a33, b33) == false): null

07-03-2025T07:46:14 - [MESSAGE][FAILED] - Unable to verify equal between actual object '1 630' and expected object '-295' (Root cause: com.kms.katalon.core.exception.StepFailedException: Actual object '1 630' and expected object '-295' are not equal
	at com.kms.katalon.core.keyword.builtin.VerifyEqualKeyword$_verifyEqual_closure1.doCall(VerifyEqualKeyword.groovy:58)
	at com.kms.katalon.core.keyword.builtin.VerifyEqualKeyword$_verifyEqual_closure1.call(VerifyEqualKeyword.groovy)
	at com.kms.katalon.core.keyword.internal.KeywordMain.runKeyword(KeywordMain.groovy:75)
	at com.kms.katalon.core.keyword.builtin.VerifyEqualKeyword.verifyEqual(VerifyEqualKeyword.groovy:63)
	at com.kms.katalon.core.keyword.builtin.VerifyEqualKeyword.execute(VerifyEqualKeyword.groovy:44)
	at com.kms.katalon.core.keyword.internal.KeywordExecutor.executeKeywordForPlatform(KeywordExecutor.groovy:74)
	at com.kms.katalon.core.keyword.BuiltinKeywords.verifyEqual(BuiltinKeywords.groovy:146)
	at jdk.internal.reflect.GeneratedMethodAccessor23.invoke(Unknown Source)
	at java.base/jdk.internal.reflect.DelegatingMethodAccessorImpl.invoke(DelegatingMethodAccessorImpl.java:43)
	at Выручка в рублях сверка дашбордов ПАО Россети.Blocks(Выручка в рублях сверка дашбордов ПАО Россети:388)
	at Выручка в рублях сверка дашбордов ПАО Россети.ViruchkaChange(Выручка в рублях сверка дашбордов ПАО Россети:60)
	at Выручка в рублях сверка дашбордов ПАО Россети.run(Выручка в рублях сверка дашбордов ПАО Россети:55)
	at com.kms.katalon.core.main.ScriptEngine.run(ScriptEngine.java:194)
	at com.kms.katalon.core.main.ScriptEngine.runScriptAsRawText(ScriptEngine.java:119)
	at com.kms.katalon.core.main.TestCaseExecutor.runScript(TestCaseExecutor.java:448)
	at com.kms.katalon.core.main.TestCaseExecutor.doExecute(TestCaseExecutor.java:439)
	at com.kms.katalon.core.main.TestCaseExecutor.processExecutionPhase(TestCaseExecutor.java:418)
	at com.kms.katalon.core.main.TestCaseExecutor.accessMainPhase(TestCaseExecutor.java:410)
	at com.kms.katalon.core.main.TestCaseExecutor.execute(TestCaseExecutor.java:285)
	at com.kms.katalon.core.common.CommonExecutor.accessTestCaseMainPhase(CommonExecutor.java:65)
	at com.kms.katalon.core.main.TestSuiteExecutor.accessTestSuiteMainPhase(TestSuiteExecutor.java:150)
	at com.kms.katalon.core.main.TestSuiteExecutor.execute(TestSuiteExecutor.java:106)
	at com.kms.katalon.core.main.TestCaseMain.startTestSuite(TestCaseMain.java:180)
	at TempTestSuite1741312418653.run(TempTestSuite1741312418653.groovy:35)
	at java.base/jdk.internal.reflect.NativeMethodAccessorImpl.invoke0(Native Method)
	at java.base/jdk.internal.reflect.NativeMethodAccessorImpl.invoke(NativeMethodAccessorImpl.java:77)
	at java.base/jdk.internal.reflect.DelegatingMethodAccessorImpl.invoke(DelegatingMethodAccessorImpl.java:43)
)

07-03-2025T07:46:14 - [TEST_STEP][PASSED] - a = replaceAll("\s+", "").trim(): null

07-03-2025T07:46:14 - [TEST_STEP][PASSED] - b = replaceAll("\s+", "").trim(): null

07-03-2025T07:46:14 - [TEST_STEP][PASSED] - Script1710234207206.WriteToExcel(todaysDate, run, vir, block, typeOfData, viruchka, vidget, nameOfBlock, a, b, dZO, x, y): null

07-03-2025T07:46:14 - [TEST_STEP][PASSED] - println(run): null

07-03-2025T07:46:14 - [TEST_STEP][PASSED] - if (run == 1): null

07-03-2025T07:46:14 - [TEST_STEP][PASSED] - typeOfData = "Млн": null

07-03-2025T07:46:14 - [TEST_STEP][PASSED] - println("todaysDate:" + todaysDate): null

07-03-2025T07:46:14 - [TEST_STEP][PASSED] - println("typeOfData:" + typeOfData): null

07-03-2025T07:46:14 - [TEST_STEP][PASSED] - viruchka = getText(findTestObject("Выручка в рублях/Фильтр Выручка" + nameOfBlock)): Text of object 'Object Repository/Выручка в рублях/Фильтр Выручка Выручка' is: 'ПЕРЕДАЧА ЭЛЕКТРОЭНЕРГИИ (ИТОГО, по всем видам тарифа)'

07-03-2025T07:46:14 - [MESSAGE][PASSED] - Text of object 'Object Repository/Выручка в рублях/Фильтр Выручка Выручка' is: 'ПЕРЕДАЧА ЭЛЕКТРОЭНЕРГИИ (ИТОГО, по всем видам тарифа)'

07-03-2025T07:46:14 - [TEST_STEP][PASSED] - println("viruchka" + viruchka): null

07-03-2025T07:46:14 - [TEST_STEP][PASSED] - println("vidget" + vidget): null

07-03-2025T07:46:14 - [TEST_STEP][PASSED] - println("a" + a): null

07-03-2025T07:46:14 - [TEST_STEP][PASSED] - println("b" + b): null

07-03-2025T07:46:14 - [TEST_STEP][PASSED] - sheetName = "Sheet1": null

07-03-2025T07:46:14 - [TEST_STEP][PASSED] - data = findTestData("PlanFact"): null

07-03-2025T07:46:14 - [TEST_STEP][PASSED] - n = data.getRowNumbers() + 1: null

07-03-2025T07:46:14 - [TEST_STEP][PASSED] - period = getText(findTestObject("Выручка в рублях/Фильтр Период")).trim(): Text of object 'Object Repository/Выручка в рублях/Фильтр Период' is: 'Январь 2025 года'

07-03-2025T07:46:15 - [MESSAGE][PASSED] - Text of object 'Object Repository/Выручка в рублях/Фильтр Период' is: 'Январь 2025 года'

07-03-2025T07:46:15 - [TEST_STEP][PASSED] - println(period): null

07-03-2025T07:46:15 - [TEST_STEP][PASSED] - if (period.findAll("[а-яА-Я]") == false): null

07-03-2025T07:46:15 - [TEST_STEP][PASSED] - dashboardName = "Выручка в рублях": null

07-03-2025T07:46:15 - [TEST_STEP][PASSED] - if (a == ""): null

07-03-2025T07:46:15 - [TEST_STEP][PASSED] - else: null

07-03-2025T07:46:15 - [TEST_STEP][PASSED] - x = a.toDouble(): null

07-03-2025T07:46:15 - [TEST_STEP][PASSED] - if (b == ""): null

07-03-2025T07:46:15 - [TEST_STEP][PASSED] - else: null

07-03-2025T07:46:15 - [TEST_STEP][PASSED] - y = b.toDouble(): null

07-03-2025T07:46:15 - [TEST_STEP][PASSED] - workbook01 = getWorkbook(excelFilePath): null

07-03-2025T07:46:15 - [TEST_STEP][PASSED] - sheet01 = getExcelSheet(workbook01, sheetName): null

07-03-2025T07:46:15 - [TEST_STEP][PASSED] - setValueToCellByIndex(sheet01, n, 0, dashboardName): null

07-03-2025T07:46:15 - [TEST_STEP][PASSED] - setValueToCellByIndex(sheet01, n, 1, dZO): null

07-03-2025T07:46:15 - [TEST_STEP][PASSED] - setValueToCellByIndex(sheet01, n, 2, vidget): null

07-03-2025T07:46:15 - [TEST_STEP][PASSED] - setValueToCellByIndex(sheet01, n, 3, viruchka): null

07-03-2025T07:46:15 - [TEST_STEP][PASSED] - setValueToCellByIndex(sheet01, n, 4, typeOfData): null

07-03-2025T07:46:15 - [TEST_STEP][PASSED] - if (a == "нет данных"): null

07-03-2025T07:46:15 - [TEST_STEP][PASSED] - else: null

07-03-2025T07:46:15 - [TEST_STEP][PASSED] - setValueToCellByIndex(sheet01, n, 5, x): null

07-03-2025T07:46:15 - [TEST_STEP][PASSED] - if (b == "нет данных"): null

07-03-2025T07:46:15 - [TEST_STEP][PASSED] - else: null

07-03-2025T07:46:15 - [TEST_STEP][PASSED] - setValueToCellByIndex(sheet01, n, 6, y): null

07-03-2025T07:46:15 - [TEST_STEP][PASSED] - setValueToCellByIndex(sheet01, n, 7, period): null

07-03-2025T07:46:15 - [TEST_STEP][PASSED] - setValueToCellByIndex(sheet01, n, 8, todaysDate): null

07-03-2025T07:46:15 - [TEST_STEP][PASSED] - n = n + 1: null

07-03-2025T07:46:15 - [TEST_STEP][PASSED] - saveWorkbook(excelFilePath, workbook01): null

07-03-2025T07:46:15 - [TEST_STEP][PASSED] - x = "": null

07-03-2025T07:46:15 - [TEST_STEP][PASSED] - y = "": null

07-03-2025T07:46:15 - [TEST_STEP][PASSED] - dZO = "Россети Кубань": null

07-03-2025T07:46:15 - [TEST_STEP][PASSED] - if (verifyEqual(a34, b34) == false): Actual object '-54' and expected object '-54' are equal

07-03-2025T07:46:15 - [MESSAGE][PASSED] - Actual object '-54' and expected object '-54' are equal

07-03-2025T07:46:15 - [TEST_STEP][PASSED] - dZO = "Россети Ленэнерго (ГК)": null

07-03-2025T07:46:15 - [TEST_STEP][PASSED] - if (verifyEqual(a35, b35) == false): Actual object '-403' and expected object '-403' are equal

07-03-2025T07:46:15 - [MESSAGE][PASSED] - Actual object '-403' and expected object '-403' are equal

07-03-2025T07:46:15 - [TEST_STEP][PASSED] - dZO = "Россети Московский регион": null

07-03-2025T07:46:15 - [TEST_STEP][FAILED] - if (verifyEqual(a36, b36) == false): null

07-03-2025T07:46:15 - [MESSAGE][FAILED] - Unable to verify equal between actual object '8 709' and expected object '-927' (Root cause: com.kms.katalon.core.exception.StepFailedException: Actual object '8 709' and expected object '-927' are not equal
	at com.kms.katalon.core.keyword.builtin.VerifyEqualKeyword$_verifyEqual_closure1.doCall(VerifyEqualKeyword.groovy:58)
	at com.kms.katalon.core.keyword.builtin.VerifyEqualKeyword$_verifyEqual_closure1.call(VerifyEqualKeyword.groovy)
	at com.kms.katalon.core.keyword.internal.KeywordMain.runKeyword(KeywordMain.groovy:75)
	at com.kms.katalon.core.keyword.builtin.VerifyEqualKeyword.verifyEqual(VerifyEqualKeyword.groovy:63)
	at com.kms.katalon.core.keyword.builtin.VerifyEqualKeyword.execute(VerifyEqualKeyword.groovy:44)
	at com.kms.katalon.core.keyword.internal.KeywordExecutor.executeKeywordForPlatform(KeywordExecutor.groovy:74)
	at com.kms.katalon.core.keyword.BuiltinKeywords.verifyEqual(BuiltinKeywords.groovy:146)
	at jdk.internal.reflect.GeneratedMethodAccessor23.invoke(Unknown Source)
	at java.base/jdk.internal.reflect.DelegatingMethodAccessorImpl.invoke(DelegatingMethodAccessorImpl.java:43)
	at Выручка в рублях сверка дашбордов ПАО Россети.Blocks(Выручка в рублях сверка дашбордов ПАО Россети:418)
	at Выручка в рублях сверка дашбордов ПАО Россети.ViruchkaChange(Выручка в рублях сверка дашбордов ПАО Россети:60)
	at Выручка в рублях сверка дашбордов ПАО Россети.run(Выручка в рублях сверка дашбордов ПАО Россети:55)
	at com.kms.katalon.core.main.ScriptEngine.run(ScriptEngine.java:194)
	at com.kms.katalon.core.main.ScriptEngine.runScriptAsRawText(ScriptEngine.java:119)
	at com.kms.katalon.core.main.TestCaseExecutor.runScript(TestCaseExecutor.java:448)
	at com.kms.katalon.core.main.TestCaseExecutor.doExecute(TestCaseExecutor.java:439)
	at com.kms.katalon.core.main.TestCaseExecutor.processExecutionPhase(TestCaseExecutor.java:418)
	at com.kms.katalon.core.main.TestCaseExecutor.accessMainPhase(TestCaseExecutor.java:410)
	at com.kms.katalon.core.main.TestCaseExecutor.execute(TestCaseExecutor.java:285)
	at com.kms.katalon.core.common.CommonExecutor.accessTestCaseMainPhase(CommonExecutor.java:65)
	at com.kms.katalon.core.main.TestSuiteExecutor.accessTestSuiteMainPhase(TestSuiteExecutor.java:150)
	at com.kms.katalon.core.main.TestSuiteExecutor.execute(TestSuiteExecutor.java:106)
	at com.kms.katalon.core.main.TestCaseMain.startTestSuite(TestCaseMain.java:180)
	at TempTestSuite1741312418653.run(TempTestSuite1741312418653.groovy:35)
	at java.base/jdk.internal.reflect.NativeMethodAccessorImpl.invoke0(Native Method)
	at java.base/jdk.internal.reflect.NativeMethodAccessorImpl.invoke(NativeMethodAccessorImpl.java:77)
	at java.base/jdk.internal.reflect.DelegatingMethodAccessorImpl.invoke(DelegatingMethodAccessorImpl.java:43)
)

07-03-2025T07:46:15 - [TEST_STEP][PASSED] - a = replaceAll("\s+", "").trim(): null

07-03-2025T07:46:15 - [TEST_STEP][PASSED] - b = replaceAll("\s+", "").trim(): null

07-03-2025T07:46:15 - [TEST_STEP][PASSED] - Script1710234207206.WriteToExcel(todaysDate, run, vir, block, typeOfData, viruchka, vidget, nameOfBlock, a, b, dZO, x, y): null

07-03-2025T07:46:15 - [TEST_STEP][PASSED] - println(run): null

07-03-2025T07:46:15 - [TEST_STEP][PASSED] - if (run == 1): null

07-03-2025T07:46:15 - [TEST_STEP][PASSED] - typeOfData = "Млн": null

07-03-2025T07:46:15 - [TEST_STEP][PASSED] - println("todaysDate:" + todaysDate): null

07-03-2025T07:46:15 - [TEST_STEP][PASSED] - println("typeOfData:" + typeOfData): null

07-03-2025T07:46:15 - [TEST_STEP][PASSED] - viruchka = getText(findTestObject("Выручка в рублях/Фильтр Выручка" + nameOfBlock)): Text of object 'Object Repository/Выручка в рублях/Фильтр Выручка Выручка' is: 'ПЕРЕДАЧА ЭЛЕКТРОЭНЕРГИИ (ИТОГО, по всем видам тарифа)'

07-03-2025T07:46:15 - [MESSAGE][PASSED] - Text of object 'Object Repository/Выручка в рублях/Фильтр Выручка Выручка' is: 'ПЕРЕДАЧА ЭЛЕКТРОЭНЕРГИИ (ИТОГО, по всем видам тарифа)'

07-03-2025T07:46:15 - [TEST_STEP][PASSED] - println("viruchka" + viruchka): null

07-03-2025T07:46:15 - [TEST_STEP][PASSED] - println("vidget" + vidget): null

07-03-2025T07:46:15 - [TEST_STEP][PASSED] - println("a" + a): null

07-03-2025T07:46:15 - [TEST_STEP][PASSED] - println("b" + b): null

07-03-2025T07:46:15 - [TEST_STEP][PASSED] - sheetName = "Sheet1": null

07-03-2025T07:46:15 - [TEST_STEP][PASSED] - data = findTestData("PlanFact"): null

07-03-2025T07:46:15 - [TEST_STEP][PASSED] - n = data.getRowNumbers() + 1: null

07-03-2025T07:46:15 - [TEST_STEP][PASSED] - period = getText(findTestObject("Выручка в рублях/Фильтр Период")).trim(): Text of object 'Object Repository/Выручка в рублях/Фильтр Период' is: 'Январь 2025 года'

07-03-2025T07:46:16 - [MESSAGE][PASSED] - Text of object 'Object Repository/Выручка в рублях/Фильтр Период' is: 'Январь 2025 года'

07-03-2025T07:46:16 - [TEST_STEP][PASSED] - println(period): null

07-03-2025T07:46:16 - [TEST_STEP][PASSED] - if (period.findAll("[а-яА-Я]") == false): null

07-03-2025T07:46:16 - [TEST_STEP][PASSED] - dashboardName = "Выручка в рублях": null

07-03-2025T07:46:16 - [TEST_STEP][PASSED] - if (a == ""): null

07-03-2025T07:46:16 - [TEST_STEP][PASSED] - else: null

07-03-2025T07:46:16 - [TEST_STEP][PASSED] - x = a.toDouble(): null

07-03-2025T07:46:16 - [TEST_STEP][PASSED] - if (b == ""): null

07-03-2025T07:46:16 - [TEST_STEP][PASSED] - else: null

07-03-2025T07:46:16 - [TEST_STEP][PASSED] - y = b.toDouble(): null

07-03-2025T07:46:16 - [TEST_STEP][PASSED] - workbook01 = getWorkbook(excelFilePath): null

07-03-2025T07:46:16 - [TEST_STEP][PASSED] - sheet01 = getExcelSheet(workbook01, sheetName): null

07-03-2025T07:46:16 - [TEST_STEP][PASSED] - setValueToCellByIndex(sheet01, n, 0, dashboardName): null

07-03-2025T07:46:16 - [TEST_STEP][PASSED] - setValueToCellByIndex(sheet01, n, 1, dZO): null

07-03-2025T07:46:16 - [TEST_STEP][PASSED] - setValueToCellByIndex(sheet01, n, 2, vidget): null

07-03-2025T07:46:16 - [TEST_STEP][PASSED] - setValueToCellByIndex(sheet01, n, 3, viruchka): null

07-03-2025T07:46:16 - [TEST_STEP][PASSED] - setValueToCellByIndex(sheet01, n, 4, typeOfData): null

07-03-2025T07:46:16 - [TEST_STEP][PASSED] - if (a == "нет данных"): null

07-03-2025T07:46:16 - [TEST_STEP][PASSED] - else: null

07-03-2025T07:46:16 - [TEST_STEP][PASSED] - setValueToCellByIndex(sheet01, n, 5, x): null

07-03-2025T07:46:16 - [TEST_STEP][PASSED] - if (b == "нет данных"): null

07-03-2025T07:46:16 - [TEST_STEP][PASSED] - else: null

07-03-2025T07:46:16 - [TEST_STEP][PASSED] - setValueToCellByIndex(sheet01, n, 6, y): null

07-03-2025T07:46:16 - [TEST_STEP][PASSED] - setValueToCellByIndex(sheet01, n, 7, period): null

07-03-2025T07:46:16 - [TEST_STEP][PASSED] - setValueToCellByIndex(sheet01, n, 8, todaysDate): null

07-03-2025T07:46:16 - [TEST_STEP][PASSED] - n = n + 1: null

07-03-2025T07:46:16 - [TEST_STEP][PASSED] - saveWorkbook(excelFilePath, workbook01): null

07-03-2025T07:46:16 - [TEST_STEP][PASSED] - x = "": null

07-03-2025T07:46:16 - [TEST_STEP][PASSED] - y = "": null

07-03-2025T07:46:16 - [TEST_STEP][PASSED] - dZO = "Россети Северный Кавказ (ГК)": null

07-03-2025T07:46:16 - [TEST_STEP][FAILED] - if (verifyEqual(a37, b37) == false): null

07-03-2025T07:46:16 - [MESSAGE][FAILED] - Unable to verify equal between actual object '2 072' and expected object '-96' (Root cause: com.kms.katalon.core.exception.StepFailedException: Actual object '2 072' and expected object '-96' are not equal
	at com.kms.katalon.core.keyword.builtin.VerifyEqualKeyword$_verifyEqual_closure1.doCall(VerifyEqualKeyword.groovy:58)
	at com.kms.katalon.core.keyword.builtin.VerifyEqualKeyword$_verifyEqual_closure1.call(VerifyEqualKeyword.groovy)
	at com.kms.katalon.core.keyword.internal.KeywordMain.runKeyword(KeywordMain.groovy:75)
	at com.kms.katalon.core.keyword.builtin.VerifyEqualKeyword.verifyEqual(VerifyEqualKeyword.groovy:63)
	at com.kms.katalon.core.keyword.builtin.VerifyEqualKeyword.execute(VerifyEqualKeyword.groovy:44)
	at com.kms.katalon.core.keyword.internal.KeywordExecutor.executeKeywordForPlatform(KeywordExecutor.groovy:74)
	at com.kms.katalon.core.keyword.BuiltinKeywords.verifyEqual(BuiltinKeywords.groovy:146)
	at jdk.internal.reflect.GeneratedMethodAccessor23.invoke(Unknown Source)
	at java.base/jdk.internal.reflect.DelegatingMethodAccessorImpl.invoke(DelegatingMethodAccessorImpl.java:43)
	at Выручка в рублях сверка дашбордов ПАО Россети.Blocks(Выручка в рублях сверка дашбордов ПАО Россети:428)
	at Выручка в рублях сверка дашбордов ПАО Россети.ViruchkaChange(Выручка в рублях сверка дашбордов ПАО Россети:60)
	at Выручка в рублях сверка дашбордов ПАО Россети.run(Выручка в рублях сверка дашбордов ПАО Россети:55)
	at com.kms.katalon.core.main.ScriptEngine.run(ScriptEngine.java:194)
	at com.kms.katalon.core.main.ScriptEngine.runScriptAsRawText(ScriptEngine.java:119)
	at com.kms.katalon.core.main.TestCaseExecutor.runScript(TestCaseExecutor.java:448)
	at com.kms.katalon.core.main.TestCaseExecutor.doExecute(TestCaseExecutor.java:439)
	at com.kms.katalon.core.main.TestCaseExecutor.processExecutionPhase(TestCaseExecutor.java:418)
	at com.kms.katalon.core.main.TestCaseExecutor.accessMainPhase(TestCaseExecutor.java:410)
	at com.kms.katalon.core.main.TestCaseExecutor.execute(TestCaseExecutor.java:285)
	at com.kms.katalon.core.common.CommonExecutor.accessTestCaseMainPhase(CommonExecutor.java:65)
	at com.kms.katalon.core.main.TestSuiteExecutor.accessTestSuiteMainPhase(TestSuiteExecutor.java:150)
	at com.kms.katalon.core.main.TestSuiteExecutor.execute(TestSuiteExecutor.java:106)
	at com.kms.katalon.core.main.TestCaseMain.startTestSuite(TestCaseMain.java:180)
	at TempTestSuite1741312418653.run(TempTestSuite1741312418653.groovy:35)
	at java.base/jdk.internal.reflect.NativeMethodAccessorImpl.invoke0(Native Method)
	at java.base/jdk.internal.reflect.NativeMethodAccessorImpl.invoke(NativeMethodAccessorImpl.java:77)
	at java.base/jdk.internal.reflect.DelegatingMethodAccessorImpl.invoke(DelegatingMethodAccessorImpl.java:43)
)

07-03-2025T07:46:16 - [TEST_STEP][PASSED] - a = replaceAll("\s+", "").trim(): null

07-03-2025T07:46:16 - [TEST_STEP][PASSED] - b = replaceAll("\s+", "").trim(): null

07-03-2025T07:46:16 - [TEST_STEP][PASSED] - Script1710234207206.WriteToExcel(todaysDate, run, vir, block, typeOfData, viruchka, vidget, nameOfBlock, a, b, dZO, x, y): null

07-03-2025T07:46:16 - [TEST_STEP][PASSED] - println(run): null

07-03-2025T07:46:16 - [TEST_STEP][PASSED] - if (run == 1): null

07-03-2025T07:46:16 - [TEST_STEP][PASSED] - typeOfData = "Млн": null

07-03-2025T07:46:16 - [TEST_STEP][PASSED] - println("todaysDate:" + todaysDate): null

07-03-2025T07:46:16 - [TEST_STEP][PASSED] - println("typeOfData:" + typeOfData): null

07-03-2025T07:46:16 - [TEST_STEP][PASSED] - viruchka = getText(findTestObject("Выручка в рублях/Фильтр Выручка" + nameOfBlock)): Text of object 'Object Repository/Выручка в рублях/Фильтр Выручка Выручка' is: 'ПЕРЕДАЧА ЭЛЕКТРОЭНЕРГИИ (ИТОГО, по всем видам тарифа)'

07-03-2025T07:46:16 - [MESSAGE][PASSED] - Text of object 'Object Repository/Выручка в рублях/Фильтр Выручка Выручка' is: 'ПЕРЕДАЧА ЭЛЕКТРОЭНЕРГИИ (ИТОГО, по всем видам тарифа)'

07-03-2025T07:46:16 - [TEST_STEP][PASSED] - println("viruchka" + viruchka): null

07-03-2025T07:46:16 - [TEST_STEP][PASSED] - println("vidget" + vidget): null

07-03-2025T07:46:16 - [TEST_STEP][PASSED] - println("a" + a): null

07-03-2025T07:46:16 - [TEST_STEP][PASSED] - println("b" + b): null

07-03-2025T07:46:16 - [TEST_STEP][PASSED] - sheetName = "Sheet1": null

07-03-2025T07:46:16 - [TEST_STEP][PASSED] - data = findTestData("PlanFact"): null

07-03-2025T07:46:16 - [TEST_STEP][PASSED] - n = data.getRowNumbers() + 1: null

07-03-2025T07:46:16 - [TEST_STEP][PASSED] - period = getText(findTestObject("Выручка в рублях/Фильтр Период")).trim(): Text of object 'Object Repository/Выручка в рублях/Фильтр Период' is: 'Январь 2025 года'

07-03-2025T07:46:17 - [MESSAGE][PASSED] - Text of object 'Object Repository/Выручка в рублях/Фильтр Период' is: 'Январь 2025 года'

07-03-2025T07:46:17 - [TEST_STEP][PASSED] - println(period): null

07-03-2025T07:46:17 - [TEST_STEP][PASSED] - if (period.findAll("[а-яА-Я]") == false): null

07-03-2025T07:46:17 - [TEST_STEP][PASSED] - dashboardName = "Выручка в рублях": null

07-03-2025T07:46:17 - [TEST_STEP][PASSED] - if (a == ""): null

07-03-2025T07:46:17 - [TEST_STEP][PASSED] - else: null

07-03-2025T07:46:17 - [TEST_STEP][PASSED] - x = a.toDouble(): null

07-03-2025T07:46:17 - [TEST_STEP][PASSED] - if (b == ""): null

07-03-2025T07:46:17 - [TEST_STEP][PASSED] - else: null

07-03-2025T07:46:17 - [TEST_STEP][PASSED] - y = b.toDouble(): null

07-03-2025T07:46:17 - [TEST_STEP][PASSED] - workbook01 = getWorkbook(excelFilePath): null

07-03-2025T07:46:17 - [TEST_STEP][PASSED] - sheet01 = getExcelSheet(workbook01, sheetName): null

07-03-2025T07:46:17 - [TEST_STEP][PASSED] - setValueToCellByIndex(sheet01, n, 0, dashboardName): null

07-03-2025T07:46:17 - [TEST_STEP][PASSED] - setValueToCellByIndex(sheet01, n, 1, dZO): null

07-03-2025T07:46:17 - [TEST_STEP][PASSED] - setValueToCellByIndex(sheet01, n, 2, vidget): null

07-03-2025T07:46:17 - [TEST_STEP][PASSED] - setValueToCellByIndex(sheet01, n, 3, viruchka): null

07-03-2025T07:46:17 - [TEST_STEP][PASSED] - setValueToCellByIndex(sheet01, n, 4, typeOfData): null

07-03-2025T07:46:17 - [TEST_STEP][PASSED] - if (a == "нет данных"): null

07-03-2025T07:46:17 - [TEST_STEP][PASSED] - else: null

07-03-2025T07:46:17 - [TEST_STEP][PASSED] - setValueToCellByIndex(sheet01, n, 5, x): null

07-03-2025T07:46:17 - [TEST_STEP][PASSED] - if (b == "нет данных"): null

07-03-2025T07:46:17 - [TEST_STEP][PASSED] - else: null

07-03-2025T07:46:17 - [TEST_STEP][PASSED] - setValueToCellByIndex(sheet01, n, 6, y): null

07-03-2025T07:46:17 - [TEST_STEP][PASSED] - setValueToCellByIndex(sheet01, n, 7, period): null

07-03-2025T07:46:17 - [TEST_STEP][PASSED] - setValueToCellByIndex(sheet01, n, 8, todaysDate): null

07-03-2025T07:46:17 - [TEST_STEP][PASSED] - n = n + 1: null

07-03-2025T07:46:17 - [TEST_STEP][PASSED] - saveWorkbook(excelFilePath, workbook01): null

07-03-2025T07:46:17 - [TEST_STEP][PASSED] - x = "": null

07-03-2025T07:46:17 - [TEST_STEP][PASSED] - y = "": null

07-03-2025T07:46:17 - [TEST_STEP][PASSED] - dZO = "Россети Северо-Запад": null

07-03-2025T07:46:17 - [TEST_STEP][PASSED] - if (verifyEqual(a38, b38) == false): Actual object '-251' and expected object '-251' are equal

07-03-2025T07:46:17 - [MESSAGE][PASSED] - Actual object '-251' and expected object '-251' are equal

07-03-2025T07:46:17 - [TEST_STEP][PASSED] - dZO = "Россети Сибирь (ГК)": null

07-03-2025T07:46:17 - [TEST_STEP][FAILED] - if (verifyEqual(a39, b39) == false): null

07-03-2025T07:46:17 - [MESSAGE][FAILED] - Unable to verify equal between actual object '11 296' and expected object '348' (Root cause: com.kms.katalon.core.exception.StepFailedException: Actual object '11 296' and expected object '348' are not equal
	at com.kms.katalon.core.keyword.builtin.VerifyEqualKeyword$_verifyEqual_closure1.doCall(VerifyEqualKeyword.groovy:58)
	at com.kms.katalon.core.keyword.builtin.VerifyEqualKeyword$_verifyEqual_closure1.call(VerifyEqualKeyword.groovy)
	at com.kms.katalon.core.keyword.internal.KeywordMain.runKeyword(KeywordMain.groovy:75)
	at com.kms.katalon.core.keyword.builtin.VerifyEqualKeyword.verifyEqual(VerifyEqualKeyword.groovy:63)
	at com.kms.katalon.core.keyword.builtin.VerifyEqualKeyword.execute(VerifyEqualKeyword.groovy:44)
	at com.kms.katalon.core.keyword.internal.KeywordExecutor.executeKeywordForPlatform(KeywordExecutor.groovy:74)
	at com.kms.katalon.core.keyword.BuiltinKeywords.verifyEqual(BuiltinKeywords.groovy:146)
	at jdk.internal.reflect.GeneratedMethodAccessor23.invoke(Unknown Source)
	at java.base/jdk.internal.reflect.DelegatingMethodAccessorImpl.invoke(DelegatingMethodAccessorImpl.java:43)
	at Выручка в рублях сверка дашбордов ПАО Россети.Blocks(Выручка в рублях сверка дашбордов ПАО Россети:448)
	at Выручка в рублях сверка дашбордов ПАО Россети.ViruchkaChange(Выручка в рублях сверка дашбордов ПАО Россети:60)
	at Выручка в рублях сверка дашбордов ПАО Россети.run(Выручка в рублях сверка дашбордов ПАО Россети:55)
	at com.kms.katalon.core.main.ScriptEngine.run(ScriptEngine.java:194)
	at com.kms.katalon.core.main.ScriptEngine.runScriptAsRawText(ScriptEngine.java:119)
	at com.kms.katalon.core.main.TestCaseExecutor.runScript(TestCaseExecutor.java:448)
	at com.kms.katalon.core.main.TestCaseExecutor.doExecute(TestCaseExecutor.java:439)
	at com.kms.katalon.core.main.TestCaseExecutor.processExecutionPhase(TestCaseExecutor.java:418)
	at com.kms.katalon.core.main.TestCaseExecutor.accessMainPhase(TestCaseExecutor.java:410)
	at com.kms.katalon.core.main.TestCaseExecutor.execute(TestCaseExecutor.java:285)
	at com.kms.katalon.core.common.CommonExecutor.accessTestCaseMainPhase(CommonExecutor.java:65)
	at com.kms.katalon.core.main.TestSuiteExecutor.accessTestSuiteMainPhase(TestSuiteExecutor.java:150)
	at com.kms.katalon.core.main.TestSuiteExecutor.execute(TestSuiteExecutor.java:106)
	at com.kms.katalon.core.main.TestCaseMain.startTestSuite(TestCaseMain.java:180)
	at TempTestSuite1741312418653.run(TempTestSuite1741312418653.groovy:35)
	at java.base/jdk.internal.reflect.NativeMethodAccessorImpl.invoke0(Native Method)
	at java.base/jdk.internal.reflect.NativeMethodAccessorImpl.invoke(NativeMethodAccessorImpl.java:77)
	at java.base/jdk.internal.reflect.DelegatingMethodAccessorImpl.invoke(DelegatingMethodAccessorImpl.java:43)
)

07-03-2025T07:46:17 - [TEST_STEP][PASSED] - a = replaceAll("\s+", "").trim(): null

07-03-2025T07:46:17 - [TEST_STEP][PASSED] - b = replaceAll("\s+", "").trim(): null

07-03-2025T07:46:17 - [TEST_STEP][PASSED] - Script1710234207206.WriteToExcel(todaysDate, run, vir, block, typeOfData, viruchka, vidget, nameOfBlock, a, b, dZO, x, y): null

07-03-2025T07:46:17 - [TEST_STEP][PASSED] - println(run): null

07-03-2025T07:46:17 - [TEST_STEP][PASSED] - if (run == 1): null

07-03-2025T07:46:17 - [TEST_STEP][PASSED] - typeOfData = "Млн": null

07-03-2025T07:46:17 - [TEST_STEP][PASSED] - println("todaysDate:" + todaysDate): null

07-03-2025T07:46:17 - [TEST_STEP][PASSED] - println("typeOfData:" + typeOfData): null

07-03-2025T07:46:17 - [TEST_STEP][PASSED] - viruchka = getText(findTestObject("Выручка в рублях/Фильтр Выручка" + nameOfBlock)): Text of object 'Object Repository/Выручка в рублях/Фильтр Выручка Выручка' is: 'ПЕРЕДАЧА ЭЛЕКТРОЭНЕРГИИ (ИТОГО, по всем видам тарифа)'

07-03-2025T07:46:17 - [MESSAGE][PASSED] - Text of object 'Object Repository/Выручка в рублях/Фильтр Выручка Выручка' is: 'ПЕРЕДАЧА ЭЛЕКТРОЭНЕРГИИ (ИТОГО, по всем видам тарифа)'

07-03-2025T07:46:17 - [TEST_STEP][PASSED] - println("viruchka" + viruchka): null

07-03-2025T07:46:17 - [TEST_STEP][PASSED] - println("vidget" + vidget): null

07-03-2025T07:46:17 - [TEST_STEP][PASSED] - println("a" + a): null

07-03-2025T07:46:17 - [TEST_STEP][PASSED] - println("b" + b): null

07-03-2025T07:46:17 - [TEST_STEP][PASSED] - sheetName = "Sheet1": null

07-03-2025T07:46:17 - [TEST_STEP][PASSED] - data = findTestData("PlanFact"): null

07-03-2025T07:46:17 - [TEST_STEP][PASSED] - n = data.getRowNumbers() + 1: null

07-03-2025T07:46:17 - [TEST_STEP][PASSED] - period = getText(findTestObject("Выручка в рублях/Фильтр Период")).trim(): Text of object 'Object Repository/Выручка в рублях/Фильтр Период' is: 'Январь 2025 года'

07-03-2025T07:46:18 - [MESSAGE][PASSED] - Text of object 'Object Repository/Выручка в рублях/Фильтр Период' is: 'Январь 2025 года'

07-03-2025T07:46:18 - [TEST_STEP][PASSED] - println(period): null

07-03-2025T07:46:18 - [TEST_STEP][PASSED] - if (period.findAll("[а-яА-Я]") == false): null

07-03-2025T07:46:18 - [TEST_STEP][PASSED] - dashboardName = "Выручка в рублях": null

07-03-2025T07:46:18 - [TEST_STEP][PASSED] - if (a == ""): null

07-03-2025T07:46:18 - [TEST_STEP][PASSED] - else: null

07-03-2025T07:46:18 - [TEST_STEP][PASSED] - x = a.toDouble(): null

07-03-2025T07:46:18 - [TEST_STEP][PASSED] - if (b == ""): null

07-03-2025T07:46:18 - [TEST_STEP][PASSED] - else: null

07-03-2025T07:46:18 - [TEST_STEP][PASSED] - y = b.toDouble(): null

07-03-2025T07:46:18 - [TEST_STEP][PASSED] - workbook01 = getWorkbook(excelFilePath): null

07-03-2025T07:46:18 - [TEST_STEP][PASSED] - sheet01 = getExcelSheet(workbook01, sheetName): null

07-03-2025T07:46:18 - [TEST_STEP][PASSED] - setValueToCellByIndex(sheet01, n, 0, dashboardName): null

07-03-2025T07:46:18 - [TEST_STEP][PASSED] - setValueToCellByIndex(sheet01, n, 1, dZO): null

07-03-2025T07:46:18 - [TEST_STEP][PASSED] - setValueToCellByIndex(sheet01, n, 2, vidget): null

07-03-2025T07:46:18 - [TEST_STEP][PASSED] - setValueToCellByIndex(sheet01, n, 3, viruchka): null

07-03-2025T07:46:18 - [TEST_STEP][PASSED] - setValueToCellByIndex(sheet01, n, 4, typeOfData): null

07-03-2025T07:46:18 - [TEST_STEP][PASSED] - if (a == "нет данных"): null

07-03-2025T07:46:18 - [TEST_STEP][PASSED] - else: null

07-03-2025T07:46:18 - [TEST_STEP][PASSED] - setValueToCellByIndex(sheet01, n, 5, x): null

07-03-2025T07:46:18 - [TEST_STEP][PASSED] - if (b == "нет данных"): null

07-03-2025T07:46:18 - [TEST_STEP][PASSED] - else: null

07-03-2025T07:46:18 - [TEST_STEP][PASSED] - setValueToCellByIndex(sheet01, n, 6, y): null

07-03-2025T07:46:18 - [TEST_STEP][PASSED] - setValueToCellByIndex(sheet01, n, 7, period): null

07-03-2025T07:46:18 - [TEST_STEP][PASSED] - setValueToCellByIndex(sheet01, n, 8, todaysDate): null

07-03-2025T07:46:18 - [TEST_STEP][PASSED] - n = n + 1: null

07-03-2025T07:46:18 - [TEST_STEP][PASSED] - saveWorkbook(excelFilePath, workbook01): null

07-03-2025T07:46:18 - [TEST_STEP][PASSED] - x = "": null

07-03-2025T07:46:18 - [TEST_STEP][PASSED] - y = "": null

07-03-2025T07:46:18 - [TEST_STEP][PASSED] - dZO = "Россети Томск": null

07-03-2025T07:46:18 - [TEST_STEP][PASSED] - if (verifyEqual(a310, b310) == false): Actual object '-58' and expected object '-58' are equal

07-03-2025T07:46:18 - [MESSAGE][PASSED] - Actual object '-58' and expected object '-58' are equal

07-03-2025T07:46:18 - [TEST_STEP][PASSED] - dZO = "Россети Тюмень": null

07-03-2025T07:46:18 - [TEST_STEP][PASSED] - if (verifyEqual(a311, b311) == false): Actual object '-1 104' and expected object '-1 104' are equal

07-03-2025T07:46:18 - [MESSAGE][PASSED] - Actual object '-1 104' and expected object '-1 104' are equal

07-03-2025T07:46:18 - [TEST_STEP][PASSED] - dZO = "Россети Урал (ГК)": null

07-03-2025T07:46:18 - [TEST_STEP][PASSED] - if (verifyEqual(a312, b312) == false): Actual object '-474' and expected object '-474' are equal

07-03-2025T07:46:18 - [MESSAGE][PASSED] - Actual object '-474' and expected object '-474' are equal

07-03-2025T07:46:18 - [TEST_STEP][PASSED] - dZO = "Россети ФСК ЕЭС": null

07-03-2025T07:46:18 - [TEST_STEP][PASSED] - if (verifyEqual(a313, b313) == false): Actual object '-59' and expected object '-59' are equal

07-03-2025T07:46:18 - [MESSAGE][PASSED] - Actual object '-59' and expected object '-59' are equal

07-03-2025T07:46:18 - [TEST_STEP][PASSED] - dZO = "Россети Центр": null

07-03-2025T07:46:18 - [TEST_STEP][PASSED] - if (verifyEqual(a314, b314) == false): Actual object '-675' and expected object '-675' are equal

07-03-2025T07:46:18 - [MESSAGE][PASSED] - Actual object '-675' and expected object '-675' are equal

07-03-2025T07:46:18 - [TEST_STEP][PASSED] - dZO = "Россети Центр и Приволжье (ГК)": null

07-03-2025T07:46:18 - [TEST_STEP][PASSED] - if (verifyEqual(a315, b315) == false): Actual object '13 055' and expected object '13 055' are equal

07-03-2025T07:46:18 - [MESSAGE][PASSED] - Actual object '13 055' and expected object '13 055' are equal

07-03-2025T07:46:18 - [TEST_STEP][PASSED] - dZO = "Россети Юг (ГК)": null

07-03-2025T07:46:18 - [TEST_STEP][FAILED] - if (verifyEqual(a316, b316) == false): null

07-03-2025T07:46:18 - [MESSAGE][FAILED] - Unable to verify equal between actual object '499' and expected object '-191' (Root cause: com.kms.katalon.core.exception.StepFailedException: Actual object '499' and expected object '-191' are not equal
	at com.kms.katalon.core.keyword.builtin.VerifyEqualKeyword$_verifyEqual_closure1.doCall(VerifyEqualKeyword.groovy:58)
	at com.kms.katalon.core.keyword.builtin.VerifyEqualKeyword$_verifyEqual_closure1.call(VerifyEqualKeyword.groovy)
	at com.kms.katalon.core.keyword.internal.KeywordMain.runKeyword(KeywordMain.groovy:75)
	at com.kms.katalon.core.keyword.builtin.VerifyEqualKeyword.verifyEqual(VerifyEqualKeyword.groovy:63)
	at com.kms.katalon.core.keyword.builtin.VerifyEqualKeyword.execute(VerifyEqualKeyword.groovy:44)
	at com.kms.katalon.core.keyword.internal.KeywordExecutor.executeKeywordForPlatform(KeywordExecutor.groovy:74)
	at com.kms.katalon.core.keyword.BuiltinKeywords.verifyEqual(BuiltinKeywords.groovy:146)
	at jdk.internal.reflect.GeneratedMethodAccessor23.invoke(Unknown Source)
	at java.base/jdk.internal.reflect.DelegatingMethodAccessorImpl.invoke(DelegatingMethodAccessorImpl.java:43)
	at Выручка в рублях сверка дашбордов ПАО Россети.Blocks(Выручка в рублях сверка дашбордов ПАО Россети:518)
	at Выручка в рублях сверка дашбордов ПАО Россети.ViruchkaChange(Выручка в рублях сверка дашбордов ПАО Россети:60)
	at Выручка в рублях сверка дашбордов ПАО Россети.run(Выручка в рублях сверка дашбордов ПАО Россети:55)
	at com.kms.katalon.core.main.ScriptEngine.run(ScriptEngine.java:194)
	at com.kms.katalon.core.main.ScriptEngine.runScriptAsRawText(ScriptEngine.java:119)
	at com.kms.katalon.core.main.TestCaseExecutor.runScript(TestCaseExecutor.java:448)
	at com.kms.katalon.core.main.TestCaseExecutor.doExecute(TestCaseExecutor.java:439)
	at com.kms.katalon.core.main.TestCaseExecutor.processExecutionPhase(TestCaseExecutor.java:418)
	at com.kms.katalon.core.main.TestCaseExecutor.accessMainPhase(TestCaseExecutor.java:410)
	at com.kms.katalon.core.main.TestCaseExecutor.execute(TestCaseExecutor.java:285)
	at com.kms.katalon.core.common.CommonExecutor.accessTestCaseMainPhase(CommonExecutor.java:65)
	at com.kms.katalon.core.main.TestSuiteExecutor.accessTestSuiteMainPhase(TestSuiteExecutor.java:150)
	at com.kms.katalon.core.main.TestSuiteExecutor.execute(TestSuiteExecutor.java:106)
	at com.kms.katalon.core.main.TestCaseMain.startTestSuite(TestCaseMain.java:180)
	at TempTestSuite1741312418653.run(TempTestSuite1741312418653.groovy:35)
	at java.base/jdk.internal.reflect.NativeMethodAccessorImpl.invoke0(Native Method)
	at java.base/jdk.internal.reflect.NativeMethodAccessorImpl.invoke(NativeMethodAccessorImpl.java:77)
	at java.base/jdk.internal.reflect.DelegatingMethodAccessorImpl.invoke(DelegatingMethodAccessorImpl.java:43)
)

07-03-2025T07:46:18 - [TEST_STEP][PASSED] - a = replaceAll("\s+", "").trim(): null

07-03-2025T07:46:18 - [TEST_STEP][PASSED] - b = replaceAll("\s+", "").trim(): null

07-03-2025T07:46:18 - [TEST_STEP][PASSED] - Script1710234207206.WriteToExcel(todaysDate, run, vir, block, typeOfData, viruchka, vidget, nameOfBlock, a, b, dZO, x, y): null

07-03-2025T07:46:18 - [TEST_STEP][PASSED] - println(run): null

07-03-2025T07:46:18 - [TEST_STEP][PASSED] - if (run == 1): null

07-03-2025T07:46:18 - [TEST_STEP][PASSED] - typeOfData = "Млн": null

07-03-2025T07:46:18 - [TEST_STEP][PASSED] - println("todaysDate:" + todaysDate): null

07-03-2025T07:46:18 - [TEST_STEP][PASSED] - println("typeOfData:" + typeOfData): null

07-03-2025T07:46:18 - [TEST_STEP][PASSED] - viruchka = getText(findTestObject("Выручка в рублях/Фильтр Выручка" + nameOfBlock)): Text of object 'Object Repository/Выручка в рублях/Фильтр Выручка Выручка' is: 'ПЕРЕДАЧА ЭЛЕКТРОЭНЕРГИИ (ИТОГО, по всем видам тарифа)'

07-03-2025T07:46:18 - [MESSAGE][PASSED] - Text of object 'Object Repository/Выручка в рублях/Фильтр Выручка Выручка' is: 'ПЕРЕДАЧА ЭЛЕКТРОЭНЕРГИИ (ИТОГО, по всем видам тарифа)'

07-03-2025T07:46:18 - [TEST_STEP][PASSED] - println("viruchka" + viruchka): null

07-03-2025T07:46:18 - [TEST_STEP][PASSED] - println("vidget" + vidget): null

07-03-2025T07:46:18 - [TEST_STEP][PASSED] - println("a" + a): null

07-03-2025T07:46:18 - [TEST_STEP][PASSED] - println("b" + b): null

07-03-2025T07:46:18 - [TEST_STEP][PASSED] - sheetName = "Sheet1": null

07-03-2025T07:46:18 - [TEST_STEP][PASSED] - data = findTestData("PlanFact"): null

07-03-2025T07:46:18 - [TEST_STEP][PASSED] - n = data.getRowNumbers() + 1: null

07-03-2025T07:46:18 - [TEST_STEP][PASSED] - period = getText(findTestObject("Выручка в рублях/Фильтр Период")).trim(): Text of object 'Object Repository/Выручка в рублях/Фильтр Период' is: 'Январь 2025 года'

07-03-2025T07:46:19 - [MESSAGE][PASSED] - Text of object 'Object Repository/Выручка в рублях/Фильтр Период' is: 'Январь 2025 года'

07-03-2025T07:46:19 - [TEST_STEP][PASSED] - println(period): null

07-03-2025T07:46:19 - [TEST_STEP][PASSED] - if (period.findAll("[а-яА-Я]") == false): null

07-03-2025T07:46:19 - [TEST_STEP][PASSED] - dashboardName = "Выручка в рублях": null

07-03-2025T07:46:19 - [TEST_STEP][PASSED] - if (a == ""): null

07-03-2025T07:46:19 - [TEST_STEP][PASSED] - else: null

07-03-2025T07:46:19 - [TEST_STEP][PASSED] - x = a.toDouble(): null

07-03-2025T07:46:19 - [TEST_STEP][PASSED] - if (b == ""): null

07-03-2025T07:46:19 - [TEST_STEP][PASSED] - else: null

07-03-2025T07:46:19 - [TEST_STEP][PASSED] - y = b.toDouble(): null

07-03-2025T07:46:19 - [TEST_STEP][PASSED] - workbook01 = getWorkbook(excelFilePath): null

07-03-2025T07:46:19 - [TEST_STEP][PASSED] - sheet01 = getExcelSheet(workbook01, sheetName): null

07-03-2025T07:46:19 - [TEST_STEP][PASSED] - setValueToCellByIndex(sheet01, n, 0, dashboardName): null

07-03-2025T07:46:19 - [TEST_STEP][PASSED] - setValueToCellByIndex(sheet01, n, 1, dZO): null

07-03-2025T07:46:19 - [TEST_STEP][PASSED] - setValueToCellByIndex(sheet01, n, 2, vidget): null

07-03-2025T07:46:19 - [TEST_STEP][PASSED] - setValueToCellByIndex(sheet01, n, 3, viruchka): null

07-03-2025T07:46:19 - [TEST_STEP][PASSED] - setValueToCellByIndex(sheet01, n, 4, typeOfData): null

07-03-2025T07:46:19 - [TEST_STEP][PASSED] - if (a == "нет данных"): null

07-03-2025T07:46:19 - [TEST_STEP][PASSED] - else: null

07-03-2025T07:46:19 - [TEST_STEP][PASSED] - setValueToCellByIndex(sheet01, n, 5, x): null

07-03-2025T07:46:19 - [TEST_STEP][PASSED] - if (b == "нет данных"): null

07-03-2025T07:46:19 - [TEST_STEP][PASSED] - else: null

07-03-2025T07:46:19 - [TEST_STEP][PASSED] - setValueToCellByIndex(sheet01, n, 6, y): null

07-03-2025T07:46:19 - [TEST_STEP][PASSED] - setValueToCellByIndex(sheet01, n, 7, period): null

07-03-2025T07:46:19 - [TEST_STEP][PASSED] - setValueToCellByIndex(sheet01, n, 8, todaysDate): null

07-03-2025T07:46:19 - [TEST_STEP][PASSED] - n = n + 1: null

07-03-2025T07:46:19 - [TEST_STEP][PASSED] - saveWorkbook(excelFilePath, workbook01): null

07-03-2025T07:46:19 - [TEST_STEP][PASSED] - x = "": null

07-03-2025T07:46:19 - [TEST_STEP][PASSED] - y = "": null

07-03-2025T07:46:19 - [TEST_STEP][PASSED] - dZO = "Россети Янтарь": null

07-03-2025T07:46:19 - [TEST_STEP][PASSED] - if (verifyEqual(a317, b317) == false): Actual object '-19' and expected object '-19' are equal

07-03-2025T07:46:19 - [MESSAGE][PASSED] - Actual object '-19' and expected object '-19' are equal

07-03-2025T07:46:19 - [TEST_STEP][PASSED] - closeBrowser(): null

07-03-2025T07:46:19 - [MESSAGE][PASSED] - Browser is closed

07-03-2025T07:46:19 - [TEST_STEP][PASSED] - Script1710234207206.Blocks(run, vir, block, nameOfBlock, typeOfData, viruchka, vidget, todaysDate, a, b, dZO, x, y): null

07-03-2025T07:46:19 - [TEST_STEP][PASSED] - i = <not implemented yet for class: org.codehaus.groovy.ast.expr.EmptyExpression>: null

07-03-2025T07:46:19 - [TEST_STEP][PASSED] - perc = "": null

07-03-2025T07:46:19 - [TEST_STEP][PASSED] - a1 = <not implemented yet for class: org.codehaus.groovy.ast.expr.EmptyExpression>: null

07-03-2025T07:46:19 - [TEST_STEP][PASSED] - a2 = <not implemented yet for class: org.codehaus.groovy.ast.expr.EmptyExpression>: null

07-03-2025T07:46:19 - [TEST_STEP][PASSED] - a30 = <not implemented yet for class: org.codehaus.groovy.ast.expr.EmptyExpression>: null

07-03-2025T07:46:19 - [TEST_STEP][PASSED] - a31 = <not implemented yet for class: org.codehaus.groovy.ast.expr.EmptyExpression>: null

07-03-2025T07:46:19 - [TEST_STEP][PASSED] - a32 = <not implemented yet for class: org.codehaus.groovy.ast.expr.EmptyExpression>: null

07-03-2025T07:46:19 - [TEST_STEP][PASSED] - a33 = <not implemented yet for class: org.codehaus.groovy.ast.expr.EmptyExpression>: null

07-03-2025T07:46:19 - [TEST_STEP][PASSED] - a34 = <not implemented yet for class: org.codehaus.groovy.ast.expr.EmptyExpression>: null

07-03-2025T07:46:19 - [TEST_STEP][PASSED] - a35 = <not implemented yet for class: org.codehaus.groovy.ast.expr.EmptyExpression>: null

07-03-2025T07:46:19 - [TEST_STEP][PASSED] - a36 = <not implemented yet for class: org.codehaus.groovy.ast.expr.EmptyExpression>: null

07-03-2025T07:46:19 - [TEST_STEP][PASSED] - a37 = <not implemented yet for class: org.codehaus.groovy.ast.expr.EmptyExpression>: null

07-03-2025T07:46:19 - [TEST_STEP][PASSED] - a38 = <not implemented yet for class: org.codehaus.groovy.ast.expr.EmptyExpression>: null

07-03-2025T07:46:19 - [TEST_STEP][PASSED] - a39 = <not implemented yet for class: org.codehaus.groovy.ast.expr.EmptyExpression>: null

07-03-2025T07:46:19 - [TEST_STEP][PASSED] - a310 = <not implemented yet for class: org.codehaus.groovy.ast.expr.EmptyExpression>: null

07-03-2025T07:46:19 - [TEST_STEP][PASSED] - a311 = <not implemented yet for class: org.codehaus.groovy.ast.expr.EmptyExpression>: null

07-03-2025T07:46:19 - [TEST_STEP][PASSED] - a312 = <not implemented yet for class: org.codehaus.groovy.ast.expr.EmptyExpression>: null

07-03-2025T07:46:19 - [TEST_STEP][PASSED] - a313 = <not implemented yet for class: org.codehaus.groovy.ast.expr.EmptyExpression>: null

07-03-2025T07:46:19 - [TEST_STEP][PASSED] - a314 = <not implemented yet for class: org.codehaus.groovy.ast.expr.EmptyExpression>: null

07-03-2025T07:46:19 - [TEST_STEP][PASSED] - a315 = <not implemented yet for class: org.codehaus.groovy.ast.expr.EmptyExpression>: null

07-03-2025T07:46:19 - [TEST_STEP][PASSED] - a316 = <not implemented yet for class: org.codehaus.groovy.ast.expr.EmptyExpression>: null

07-03-2025T07:46:19 - [TEST_STEP][PASSED] - a317 = <not implemented yet for class: org.codehaus.groovy.ast.expr.EmptyExpression>: null

07-03-2025T07:46:19 - [TEST_STEP][PASSED] - b1 = <not implemented yet for class: org.codehaus.groovy.ast.expr.EmptyExpression>: null

07-03-2025T07:46:19 - [TEST_STEP][PASSED] - b2 = <not implemented yet for class: org.codehaus.groovy.ast.expr.EmptyExpression>: null

07-03-2025T07:46:19 - [TEST_STEP][PASSED] - b30 = <not implemented yet for class: org.codehaus.groovy.ast.expr.EmptyExpression>: null

07-03-2025T07:46:19 - [TEST_STEP][PASSED] - b31 = <not implemented yet for class: org.codehaus.groovy.ast.expr.EmptyExpression>: null

07-03-2025T07:46:19 - [TEST_STEP][PASSED] - b32 = <not implemented yet for class: org.codehaus.groovy.ast.expr.EmptyExpression>: null

07-03-2025T07:46:19 - [TEST_STEP][PASSED] - b33 = <not implemented yet for class: org.codehaus.groovy.ast.expr.EmptyExpression>: null

07-03-2025T07:46:19 - [TEST_STEP][PASSED] - b34 = <not implemented yet for class: org.codehaus.groovy.ast.expr.EmptyExpression>: null

07-03-2025T07:46:19 - [TEST_STEP][PASSED] - b35 = <not implemented yet for class: org.codehaus.groovy.ast.expr.EmptyExpression>: null

07-03-2025T07:46:19 - [TEST_STEP][PASSED] - b36 = <not implemented yet for class: org.codehaus.groovy.ast.expr.EmptyExpression>: null

07-03-2025T07:46:19 - [TEST_STEP][PASSED] - b37 = <not implemented yet for class: org.codehaus.groovy.ast.expr.EmptyExpression>: null

07-03-2025T07:46:19 - [TEST_STEP][PASSED] - b38 = <not implemented yet for class: org.codehaus.groovy.ast.expr.EmptyExpression>: null

07-03-2025T07:46:19 - [TEST_STEP][PASSED] - b39 = <not implemented yet for class: org.codehaus.groovy.ast.expr.EmptyExpression>: null

07-03-2025T07:46:19 - [TEST_STEP][PASSED] - b310 = <not implemented yet for class: org.codehaus.groovy.ast.expr.EmptyExpression>: null

07-03-2025T07:46:19 - [TEST_STEP][PASSED] - b311 = <not implemented yet for class: org.codehaus.groovy.ast.expr.EmptyExpression>: null

07-03-2025T07:46:19 - [TEST_STEP][PASSED] - b312 = <not implemented yet for class: org.codehaus.groovy.ast.expr.EmptyExpression>: null

07-03-2025T07:46:19 - [TEST_STEP][PASSED] - b313 = <not implemented yet for class: org.codehaus.groovy.ast.expr.EmptyExpression>: null

07-03-2025T07:46:19 - [TEST_STEP][PASSED] - b314 = <not implemented yet for class: org.codehaus.groovy.ast.expr.EmptyExpression>: null

07-03-2025T07:46:19 - [TEST_STEP][PASSED] - b315 = <not implemented yet for class: org.codehaus.groovy.ast.expr.EmptyExpression>: null

07-03-2025T07:46:19 - [TEST_STEP][PASSED] - b316 = <not implemented yet for class: org.codehaus.groovy.ast.expr.EmptyExpression>: null

07-03-2025T07:46:19 - [TEST_STEP][PASSED] - b317 = <not implemented yet for class: org.codehaus.groovy.ast.expr.EmptyExpression>: null

07-03-2025T07:46:19 - [TEST_STEP][PASSED] - block = 1: null

07-03-2025T07:46:19 - [TEST_STEP][PASSED] - nameOfBlock = "": null

07-03-2025T07:46:19 - [TEST_STEP][PASSED] - Script1710234207206.PreSettings(run, vir, block, nameOfBlock, typeOfData, todaysDate): null

07-03-2025T07:46:19 - [TEST_STEP][PASSED] - openBrowser(""): Browser is opened with url: ''

07-03-2025T07:46:19 - [MESSAGE][INFO] - Starting 'Chrome' driver

07-03-2025T07:46:19 - [MESSAGE][INFO] - Action delay is set to 0 milliseconds

07-03-2025T07:46:20 - [MESSAGE][PASSED] - Browser is opened with url: ''

07-03-2025T07:46:20 - [TEST_STEP][PASSED] - refresh(): Refresh successfully

07-03-2025T07:46:20 - [MESSAGE][PASSED] - Refresh successfully

07-03-2025T07:46:20 - [TEST_STEP][PASSED] - delay(50): Delayed 50 second(s)

07-03-2025T07:47:10 - [MESSAGE][PASSED] - Delayed 50 second(s)

07-03-2025T07:47:10 - [TEST_STEP][PASSED] - println("run:" + run): null

07-03-2025T07:47:10 - [TEST_STEP][PASSED] - println("vir:" + vir): null

07-03-2025T07:47:10 - [TEST_STEP][PASSED] - println("block:" + block): null

07-03-2025T07:47:10 - [TEST_STEP][PASSED] - if (block == 1): null

07-03-2025T07:47:10 - [TEST_STEP][PASSED] - nameOfBlock = "": null

07-03-2025T07:47:10 - [TEST_STEP][PASSED] - println("nameOfBlock:" + nameOfBlock): null

07-03-2025T07:47:10 - [TEST_STEP][PASSED] - println("typeOfData:" + typeOfData): null

07-03-2025T07:47:10 - [TEST_STEP][PASSED] - println("todaysDate:" + todaysDate): null

07-03-2025T07:47:10 - [TEST_STEP][PASSED] - Script1710234207206.Autorization(block, nameOfBlock): null

07-03-2025T07:47:10 - [TEST_STEP][PASSED] - i = <not implemented yet for class: org.codehaus.groovy.ast.expr.EmptyExpression>: null

07-03-2025T07:47:10 - [TEST_STEP][PASSED] - ii = <not implemented yet for class: org.codehaus.groovy.ast.expr.EmptyExpression>: null

07-03-2025T07:47:10 - [TEST_STEP][PASSED] - urlData = <not implemented yet for class: org.codehaus.groovy.ast.expr.EmptyExpression>: null

07-03-2025T07:47:10 - [TEST_STEP][PASSED] - searchWord = <not implemented yet for class: org.codehaus.groovy.ast.expr.EmptyExpression>: null

07-03-2025T07:47:10 - [TEST_STEP][PASSED] - urlText = <not implemented yet for class: org.codehaus.groovy.ast.expr.EmptyExpression>: null

07-03-2025T07:47:10 - [TEST_STEP][PASSED] - println("block:" + block): null

07-03-2025T07:47:10 - [TEST_STEP][PASSED] - if (block == 1): null

07-03-2025T07:47:10 - [TEST_STEP][PASSED] - nameOfBlock = "": null

07-03-2025T07:47:10 - [TEST_STEP][PASSED] - println("nameOfBlock:" + nameOfBlock): null

07-03-2025T07:47:10 - [TEST_STEP][PASSED] - if (block == 1): Delayed 45 second(s)

07-03-2025T07:47:10 - [TEST_STEP][PASSED] - urlData = 2: null

07-03-2025T07:47:10 - [TEST_STEP][PASSED] - delay(45): Delayed 45 second(s)

07-03-2025T07:47:55 - [MESSAGE][PASSED] - Delayed 45 second(s)

07-03-2025T07:47:55 - [TEST_STEP][PASSED] - navigateToUrl(findTestData("PlanFact").getValue(10, urlData)): Navigate to 'https://bi.rosseti.digital/viewer?dashboardGuid=2301950b23be4ed89c1df75f2020051e&sheetGuid=b723206f698544fb87299f3095c00435&fit=true' successfully

07-03-2025T07:47:59 - [MESSAGE][PASSED] - Navigate to 'https://bi.rosseti.digital/viewer?dashboardGuid=2301950b23be4ed89c1df75f2020051e&sheetGuid=b723206f698544fb87299f3095c00435&fit=true' successfully

07-03-2025T07:47:59 - [TEST_STEP][PASSED] - urlText = getText(findTestObject("Страница авторизации/Text")): Text of object 'Object Repository/Страница авторизации/Text' is: 'Вход'

07-03-2025T07:48:01 - [MESSAGE][PASSED] - Text of object 'Object Repository/Страница авторизации/Text' is: 'Вход'

07-03-2025T07:48:01 - [TEST_STEP][PASSED] - searchWord = "Вход": null

07-03-2025T07:48:01 - [TEST_STEP][PASSED] - if (urlText == null || urlText.contains("ошибка") || urlText.contains(searchWord) == false): null

07-03-2025T07:48:01 - [TEST_STEP][PASSED] - if (verifyElementPresent(findTestObject("Страница авторизации/button_"), 30) == true): null

07-03-2025T07:48:02 - [MESSAGE][PASSED] - Object 'Object Repository/Страница авторизации/button_' is present

07-03-2025T07:48:02 - [TEST_STEP][PASSED] - setText(findTestObject("Страница авторизации/input__username"), findTestData("PlanFact").getValue(8, 1)): Text 'liazgina-di' is set on object 'Object Repository/Страница авторизации/input__username'

07-03-2025T07:48:02 - [MESSAGE][PASSED] - Text 'liazgina-di' is set on object 'Object Repository/Страница авторизации/input__username'

07-03-2025T07:48:02 - [TEST_STEP][PASSED] - setText(findTestObject("Страница авторизации/input__password"), findTestData("PlanFact").getValue(9, 1)): Text ')$%5srZ8o688Dm#q' is set on object 'Object Repository/Страница авторизации/input__password'

07-03-2025T07:48:03 - [MESSAGE][PASSED] - Text ')$%5srZ8o688Dm#q' is set on object 'Object Repository/Страница авторизации/input__password'

07-03-2025T07:48:03 - [TEST_STEP][PASSED] - click(findTestObject("Страница авторизации/button_")): Object: 'Object Repository/Страница авторизации/button_' is clicked on

07-03-2025T07:48:05 - [MESSAGE][PASSED] - Object: 'Object Repository/Страница авторизации/button_' is clicked on

07-03-2025T07:48:05 - [TEST_STEP][PASSED] - delay(45): Delayed 45 second(s)

07-03-2025T07:48:50 - [MESSAGE][PASSED] - Delayed 45 second(s)

07-03-2025T07:48:50 - [TEST_STEP][PASSED] - urlText = getText(findTestObject("Страница авторизации/Text")): Text of object 'Object Repository/Страница авторизации/Text' is: 'Период
Январь 2025 года
Выручка
Все
Выполнение плановых показателей по ПАО Россети за Январь 2025 года
План
Факт
Динамика
2025 год
0 млн.руб.
20 000 млн.руб.
40 000 млн.руб.
60 000 млн.руб.
80 000 млн.руб.
100 000 млн.руб.
120 000 млн.руб.
140 000 млн.руб.
160 000 млн.руб.
180 000 млн.руб.
200 000 млн.руб.
121 309
157 865
↑
ДЗО 
ПАО Россети
Внутренний оборот - выручка за услуги по передаче электрической энергии, учтенная в выручке за электроэнергию для конечных потребителей, при выполнении ДЗО функций гарантирующего поставщика
Подписи данных
⬤Отклонение
АО "РЭС"
АО «Тываэнерго»
АО «Чеченэнерго»
Россети Волга
Россети Кубань
Россети Ленэнерго (ГК)
Россети Московский регион
Россети Северный Кавказ (ГК)
Россети Северо-Запад
Россети Сибирь (ГК)
Россети Томск
Россети Тюмень
Россети Урал (ГК)
Россети ФСК ЕЭС
Россети Центр
Россети Центр и Приволжье (ГК)
Россети Юг (ГК)
Россети Янтарь
-2 000 млн.руб.
0 млн.руб.
2 000 млн.руб.
4 000 млн.руб.
6 000 млн.руб.
8 000 млн.руб.
10 000 млн.руб.
12 000 млн.руб.
14 000 млн.руб.
-73
274
463
1 630
-54
-403
8 709
3 799
-251
11 296
-58
-1 104
-474
-59
-675
13 055
500
-19
млн.
%
Выручка
Отклонение выручки по ПАО Россети за Январь 2025 года (факт/план, млн. руб)
ПАО Россети
36 556 млн.руб.
 '

07-03-2025T07:48:51 - [MESSAGE][PASSED] - Text of object 'Object Repository/Страница авторизации/Text' is: 'Период
Январь 2025 года
Выручка
Все
Выполнение плановых показателей по ПАО Россети за Январь 2025 года
План
Факт
Динамика
2025 год
0 млн.руб.
20 000 млн.руб.
40 000 млн.руб.
60 000 млн.руб.
80 000 млн.руб.
100 000 млн.руб.
120 000 млн.руб.
140 000 млн.руб.
160 000 млн.руб.
180 000 млн.руб.
200 000 млн.руб.
121 309
157 865
↑
ДЗО 
ПАО Россети
Внутренний оборот - выручка за услуги по передаче электрической энергии, учтенная в выручке за электроэнергию для конечных потребителей, при выполнении ДЗО функций гарантирующего поставщика
Подписи данных
⬤Отклонение
АО "РЭС"
АО «Тываэнерго»
АО «Чеченэнерго»
Россети Волга
Россети Кубань
Россети Ленэнерго (ГК)
Россети Московский регион
Россети Северный Кавказ (ГК)
Россети Северо-Запад
Россети Сибирь (ГК)
Россети Томск
Россети Тюмень
Россети Урал (ГК)
Россети ФСК ЕЭС
Россети Центр
Россети Центр и Приволжье (ГК)
Россети Юг (ГК)
Россети Янтарь
-2 000 млн.руб.
0 млн.руб.
2 000 млн.руб.
4 000 млн.руб.
6 000 млн.руб.
8 000 млн.руб.
10 000 млн.руб.
12 000 млн.руб.
14 000 млн.руб.
-73
274
463
1 630
-54
-403
8 709
3 799
-251
11 296
-58
-1 104
-474
-59
-675
13 055
500
-19
млн.
%
Выручка
Отклонение выручки по ПАО Россети за Январь 2025 года (факт/план, млн. руб)
ПАО Россети
36 556 млн.руб.
 '

07-03-2025T07:48:51 - [TEST_STEP][PASSED] - searchWord = "а": null

07-03-2025T07:48:51 - [TEST_STEP][PASSED] - if (urlText.contains("ошибка") || urlText.contains(searchWord) == false): null

07-03-2025T07:48:51 - [TEST_STEP][PASSED] - delay(45): Delayed 45 second(s)

07-03-2025T07:49:36 - [MESSAGE][PASSED] - Delayed 45 second(s)

07-03-2025T07:49:36 - [TEST_STEP][PASSED] - if (block == 2): null

07-03-2025T07:49:36 - [TEST_STEP][PASSED] - click(findTestObject("Выручка в рублях/Фильтр Период" + nameOfBlock)): Object: 'Object Repository/Выручка в рублях/Фильтр Период' is clicked on

07-03-2025T07:49:36 - [MESSAGE][PASSED] - Object: 'Object Repository/Выручка в рублях/Фильтр Период' is clicked on

07-03-2025T07:49:36 - [TEST_STEP][PASSED] - click(findTestObject("Выручка в рублях/Снять выделение в фильтре Дата" + nameOfBlock)): Object: 'Object Repository/Выручка в рублях/Снять выделение в фильтре Дата' is clicked on

07-03-2025T07:49:37 - [MESSAGE][PASSED] - Object: 'Object Repository/Выручка в рублях/Снять выделение в фильтре Дата' is clicked on

07-03-2025T07:49:37 - [TEST_STEP][PASSED] - click(findTestObject("Выручка в рублях/Применить в фильтре Дата" + nameOfBlock)): Object: 'Object Repository/Выручка в рублях/Применить в фильтре Дата' is clicked on

07-03-2025T07:49:37 - [MESSAGE][PASSED] - Object: 'Object Repository/Выручка в рублях/Применить в фильтре Дата' is clicked on

07-03-2025T07:49:37 - [TEST_STEP][PASSED] - delay(50): Delayed 50 second(s)

07-03-2025T07:50:27 - [MESSAGE][PASSED] - Delayed 50 second(s)

07-03-2025T07:50:27 - [TEST_STEP][PASSED] - click(findTestObject("Выручка в рублях/Фильтр Период" + nameOfBlock)): Object: 'Object Repository/Выручка в рублях/Фильтр Период' is clicked on

07-03-2025T07:50:27 - [MESSAGE][PASSED] - Object: 'Object Repository/Выручка в рублях/Фильтр Период' is clicked on

07-03-2025T07:50:27 - [TEST_STEP][PASSED] - click(findTestObject("Выручка в рублях/Снять выделение в фильтре Дата" + nameOfBlock)): Object: 'Object Repository/Выручка в рублях/Снять выделение в фильтре Дата' is clicked on

07-03-2025T07:50:28 - [MESSAGE][PASSED] - Object: 'Object Repository/Выручка в рублях/Снять выделение в фильтре Дата' is clicked on

07-03-2025T07:50:28 - [TEST_STEP][PASSED] - scrollToElement(findTestObject("Выручка в рублях/2025 список" + nameOfBlock), 30): Scroll to object 'Object Repository/Выручка в рублях/2025 список' successfully

07-03-2025T07:50:28 - [MESSAGE][PASSED] - Scroll to object 'Object Repository/Выручка в рублях/2025 список' successfully

07-03-2025T07:50:28 - [TEST_STEP][PASSED] - click(findTestObject("Выручка в рублях/2025 список" + nameOfBlock)): Object: 'Object Repository/Выручка в рублях/2025 список' is clicked on

07-03-2025T07:50:29 - [MESSAGE][PASSED] - Object: 'Object Repository/Выручка в рублях/2025 список' is clicked on

07-03-2025T07:50:29 - [TEST_STEP][PASSED] - scrollToElement(findTestObject("Выручка в рублях/1 квартал 2025 список Выручка"), 30): Scroll to object 'Object Repository/Выручка в рублях/1 квартал 2025 список Выручка' successfully

07-03-2025T07:50:29 - [MESSAGE][PASSED] - Scroll to object 'Object Repository/Выручка в рублях/1 квартал 2025 список Выручка' successfully

07-03-2025T07:50:29 - [TEST_STEP][PASSED] - click(findTestObject("Выручка в рублях/1 квартал 2025 список" + nameOfBlock)): Object: 'Object Repository/Выручка в рублях/1 квартал 2025 список' is clicked on

07-03-2025T07:50:29 - [MESSAGE][PASSED] - Object: 'Object Repository/Выручка в рублях/1 квартал 2025 список' is clicked on

07-03-2025T07:50:29 - [TEST_STEP][PASSED] - scrollToElement(findTestObject("Выручка в рублях/Январь 2025" + nameOfBlock), 30): Scroll to object 'Object Repository/Выручка в рублях/Январь 2025' successfully

07-03-2025T07:50:30 - [MESSAGE][PASSED] - Scroll to object 'Object Repository/Выручка в рублях/Январь 2025' successfully

07-03-2025T07:50:30 - [TEST_STEP][PASSED] - click(findTestObject("Выручка в рублях/Январь 2025" + nameOfBlock)): Object: 'Object Repository/Выручка в рублях/Январь 2025' is clicked on

07-03-2025T07:50:30 - [MESSAGE][PASSED] - Object: 'Object Repository/Выручка в рублях/Январь 2025' is clicked on

07-03-2025T07:50:30 - [TEST_STEP][PASSED] - scrollToElement(findTestObject("Выручка в рублях/Заголовок дашборда" + nameOfBlock), 30): Scroll to object 'Object Repository/Выручка в рублях/Заголовок дашборда' successfully

07-03-2025T07:50:31 - [MESSAGE][PASSED] - Scroll to object 'Object Repository/Выручка в рублях/Заголовок дашборда' successfully

07-03-2025T07:50:31 - [TEST_STEP][PASSED] - click(findTestObject("Выручка в рублях/Применить в фильтре Дата" + nameOfBlock)): Object: 'Object Repository/Выручка в рублях/Применить в фильтре Дата' is clicked on

07-03-2025T07:50:31 - [MESSAGE][PASSED] - Object: 'Object Repository/Выручка в рублях/Применить в фильтре Дата' is clicked on

07-03-2025T07:50:31 - [TEST_STEP][PASSED] - delay(55): Delayed 55 second(s)

07-03-2025T07:51:26 - [MESSAGE][PASSED] - Delayed 55 second(s)

07-03-2025T07:51:26 - [TEST_STEP][PASSED] - click(findTestObject("Выручка в рублях/Фильтр ДЗО" + nameOfBlock)): Object: 'Object Repository/Выручка в рублях/Фильтр ДЗО' is clicked on

07-03-2025T07:51:26 - [MESSAGE][PASSED] - Object: 'Object Repository/Выручка в рублях/Фильтр ДЗО' is clicked on

07-03-2025T07:51:26 - [TEST_STEP][PASSED] - click(findTestObject("Выручка в рублях/Снять выделение в фильтре ДЗО" + nameOfBlock)): Object: 'Object Repository/Выручка в рублях/Снять выделение в фильтре ДЗО' is clicked on

07-03-2025T07:51:27 - [MESSAGE][PASSED] - Object: 'Object Repository/Выручка в рублях/Снять выделение в фильтре ДЗО' is clicked on

07-03-2025T07:51:27 - [TEST_STEP][PASSED] - click(findTestObject("Выручка в рублях/Применить в фильтре ДЗО" + nameOfBlock)): Object: 'Object Repository/Выручка в рублях/Применить в фильтре ДЗО' is clicked on

07-03-2025T07:51:27 - [MESSAGE][PASSED] - Object: 'Object Repository/Выручка в рублях/Применить в фильтре ДЗО' is clicked on

07-03-2025T07:51:27 - [TEST_STEP][PASSED] - delay(50): Delayed 50 second(s)

07-03-2025T07:52:18 - [MESSAGE][PASSED] - Delayed 50 second(s)

07-03-2025T07:52:18 - [TEST_STEP][PASSED] - Script1710234207206.Tumbler(run, vir, block, nameOfBlock): null

07-03-2025T07:52:18 - [TEST_STEP][PASSED] - println("run:" + run): null

07-03-2025T07:52:18 - [TEST_STEP][PASSED] - println("vir:" + vir): null

07-03-2025T07:52:18 - [TEST_STEP][PASSED] - println("block:" + block): null

07-03-2025T07:52:18 - [TEST_STEP][PASSED] - println("nameOfBlock:" + nameOfBlock): null

07-03-2025T07:52:18 - [TEST_STEP][PASSED] - if (vir == 1): null

07-03-2025T07:52:18 - [TEST_STEP][PASSED] - else if (vir == 2): null

07-03-2025T07:52:18 - [TEST_STEP][PASSED] - else if (vir == 3): Object: 'Object Repository/Выручка в рублях/Применить в фильтре Выручка' is clicked on

07-03-2025T07:52:18 - [TEST_STEP][PASSED] - if (run == 2): null

07-03-2025T07:52:18 - [TEST_STEP][PASSED] - click(findTestObject("Выручка в рублях/Фильтр Выручка" + nameOfBlock)): Object: 'Object Repository/Выручка в рублях/Фильтр Выручка' is clicked on

07-03-2025T07:52:18 - [MESSAGE][PASSED] - Object: 'Object Repository/Выручка в рублях/Фильтр Выручка' is clicked on

07-03-2025T07:52:18 - [TEST_STEP][PASSED] - click(findTestObject("Выручка в рублях/Внутренний оборот в фильтре Выручка" + nameOfBlock)): Object: 'Object Repository/Выручка в рублях/Внутренний оборот в фильтре Выручка' is clicked on

07-03-2025T07:52:18 - [MESSAGE][PASSED] - Object: 'Object Repository/Выручка в рублях/Внутренний оборот в фильтре Выручка' is clicked on

07-03-2025T07:52:18 - [TEST_STEP][PASSED] - click(findTestObject("Выручка в рублях/Применить в фильтре Выручка" + nameOfBlock)): Object: 'Object Repository/Выручка в рублях/Применить в фильтре Выручка' is clicked on

07-03-2025T07:52:19 - [MESSAGE][PASSED] - Object: 'Object Repository/Выручка в рублях/Применить в фильтре Выручка' is clicked on

07-03-2025T07:52:19 - [TEST_STEP][PASSED] - click(findTestObject("Выручка в рублях/Фильтр ДЗО" + nameOfBlock)): Object: 'Object Repository/Выручка в рублях/Фильтр ДЗО' is clicked on

07-03-2025T07:52:20 - [MESSAGE][PASSED] - Object: 'Object Repository/Выручка в рублях/Фильтр ДЗО' is clicked on

07-03-2025T07:52:20 - [TEST_STEP][PASSED] - Script1710234207206.Rosseti(nameOfBlock): null

07-03-2025T07:52:20 - [TEST_STEP][PASSED] - println("nameOfBlock:" + nameOfBlock): null

07-03-2025T07:52:20 - [TEST_STEP][PASSED] - click(findTestObject("Выручка в рублях/ПАО Россети" + nameOfBlock)): Object: 'Object Repository/Выручка в рублях/ПАО Россети' is clicked on

07-03-2025T07:52:21 - [MESSAGE][PASSED] - Object: 'Object Repository/Выручка в рублях/ПАО Россети' is clicked on

07-03-2025T07:52:21 - [TEST_STEP][PASSED] - click(findTestObject("Выручка в рублях/Применить в фильтре ДЗО" + nameOfBlock)): Object: 'Object Repository/Выручка в рублях/Применить в фильтре ДЗО' is clicked on

07-03-2025T07:52:21 - [MESSAGE][PASSED] - Object: 'Object Repository/Выручка в рублях/Применить в фильтре ДЗО' is clicked on

07-03-2025T07:52:21 - [TEST_STEP][PASSED] - if (run == 2): null

07-03-2025T07:52:21 - [TEST_STEP][PASSED] - if (vir == 1 || vir == 2): null

07-03-2025T07:52:21 - [TEST_STEP][PASSED] - else: Text of object 'Object Repository/Выручка в рублях/vir3Plan' is: '54'

07-03-2025T07:52:21 - [TEST_STEP][PASSED] - a1 = getText(findTestObject("Выручка в рублях/vir3Plan")): Text of object 'Object Repository/Выручка в рублях/vir3Plan' is: '54'

07-03-2025T07:52:22 - [MESSAGE][PASSED] - Text of object 'Object Repository/Выручка в рублях/vir3Plan' is: '54'

07-03-2025T07:52:22 - [TEST_STEP][PASSED] - if (vir == 1 || vir == 2): null

07-03-2025T07:52:22 - [TEST_STEP][PASSED] - else: Text of object 'Object Repository/Выручка в рублях/vir3Fact' is: '2 402'

07-03-2025T07:52:22 - [TEST_STEP][PASSED] - a2 = getText(findTestObject("Выручка в рублях/vir3Fact")): Text of object 'Object Repository/Выручка в рублях/vir3Fact' is: '2 402'

07-03-2025T07:52:23 - [MESSAGE][PASSED] - Text of object 'Object Repository/Выручка в рублях/vir3Fact' is: '2 402'

07-03-2025T07:52:23 - [TEST_STEP][PASSED] - a30 = getText(findTestObject("Выручка в рублях/span1" + perc)): Text of object 'Object Repository/Выручка в рублях/span1' is: '2 348.5 млн.руб.'

07-03-2025T07:52:23 - [MESSAGE][PASSED] - Text of object 'Object Repository/Выручка в рублях/span1' is: '2 348.5 млн.руб.'

07-03-2025T07:52:23 - [TEST_STEP][PASSED] - i = a30.indexOf("млн.руб."): null

07-03-2025T07:52:23 - [TEST_STEP][PASSED] - if (i > -1): null

07-03-2025T07:52:23 - [TEST_STEP][PASSED] - a30 = a30.substring(0, i): null

07-03-2025T07:52:23 - [TEST_STEP][PASSED] - a30 = a30.replaceAll(" ", ""): null

07-03-2025T07:52:23 - [TEST_STEP][PASSED] - if (a30.contains("%")): null

07-03-2025T07:52:23 - [TEST_STEP][PASSED] - a30 = ").trim(): null

07-03-2025T07:52:23 - [TEST_STEP][PASSED] - println("a30: " + a30): null

07-03-2025T07:52:23 - [TEST_STEP][PASSED] - if (vir == 1 || vir == 2): null

07-03-2025T07:52:23 - [TEST_STEP][PASSED] - else: Text of object 'Object Repository/Выручка в рублях/span15' is: '159'

07-03-2025T07:52:23 - [TEST_STEP][PASSED] - a31 = ").trim(): Text of object 'Object Repository/Выручка в рублях/span15' is: '159'

07-03-2025T07:52:23 - [MESSAGE][PASSED] - Text of object 'Object Repository/Выручка в рублях/span15' is: '159'

07-03-2025T07:52:23 - [TEST_STEP][PASSED] - if (vir == 1 || vir == 2): null

07-03-2025T07:52:23 - [TEST_STEP][PASSED] - else: Text of object 'Object Repository/Выручка в рублях/span16' is: '463'

07-03-2025T07:52:23 - [TEST_STEP][PASSED] - a32 = ").trim(): Text of object 'Object Repository/Выручка в рублях/span16' is: '463'

07-03-2025T07:52:24 - [MESSAGE][PASSED] - Text of object 'Object Repository/Выручка в рублях/span16' is: '463'

07-03-2025T07:52:24 - [TEST_STEP][PASSED] - if (vir == 1 || vir == 2): null

07-03-2025T07:52:24 - [TEST_STEP][PASSED] - else: Text of object 'Object Repository/Выручка в рублях/span17' is: '1 727'

07-03-2025T07:52:24 - [TEST_STEP][PASSED] - a37 = ").trim(): Text of object 'Object Repository/Выручка в рублях/span17' is: '1 727'

07-03-2025T07:52:24 - [MESSAGE][PASSED] - Text of object 'Object Repository/Выручка в рублях/span17' is: '1 727'

07-03-2025T07:52:24 - [TEST_STEP][PASSED] - if (vir == 1 || vir == 2): null

07-03-2025T07:52:24 - [TEST_STEP][PASSED] - else: Text of object 'Object Repository/Выручка в рублях/span18' is: '0'

07-03-2025T07:52:24 - [TEST_STEP][PASSED] - a316 = ").trim(): Text of object 'Object Repository/Выручка в рублях/span18' is: '0'

07-03-2025T07:52:24 - [MESSAGE][PASSED] - Text of object 'Object Repository/Выручка в рублях/span18' is: '0'

07-03-2025T07:52:24 - [TEST_STEP][PASSED] - if (vir == 1 || vir == 2): null

07-03-2025T07:52:24 - [TEST_STEP][PASSED] - block = 2: null

07-03-2025T07:52:24 - [TEST_STEP][PASSED] - nameOfBlock = " Выручка": null

07-03-2025T07:52:24 - [TEST_STEP][PASSED] - Script1710234207206.PreSettings(run, vir, block, nameOfBlock, typeOfData, todaysDate): null

07-03-2025T07:52:24 - [TEST_STEP][PASSED] - openBrowser(""): Browser is opened with url: ''

07-03-2025T07:52:24 - [MESSAGE][WARNING] - A browser is already opened. Closing browser and opening a new one

07-03-2025T07:52:25 - [MESSAGE][INFO] - Starting 'Chrome' driver

07-03-2025T07:52:25 - [MESSAGE][INFO] - Action delay is set to 0 milliseconds

07-03-2025T07:52:26 - [MESSAGE][PASSED] - Browser is opened with url: ''

07-03-2025T07:52:26 - [TEST_STEP][PASSED] - refresh(): Refresh successfully

07-03-2025T07:52:26 - [MESSAGE][PASSED] - Refresh successfully

07-03-2025T07:52:26 - [TEST_STEP][PASSED] - delay(50): Delayed 50 second(s)

07-03-2025T07:53:16 - [MESSAGE][PASSED] - Delayed 50 second(s)

07-03-2025T07:53:16 - [TEST_STEP][PASSED] - println("run:" + run): null

07-03-2025T07:53:16 - [TEST_STEP][PASSED] - println("vir:" + vir): null

07-03-2025T07:53:16 - [TEST_STEP][PASSED] - println("block:" + block): null

07-03-2025T07:53:16 - [TEST_STEP][PASSED] - if (block == 1): null

07-03-2025T07:53:16 - [TEST_STEP][PASSED] - else: null

07-03-2025T07:53:16 - [TEST_STEP][PASSED] - nameOfBlock = " Выручка": null

07-03-2025T07:53:16 - [TEST_STEP][PASSED] - println("nameOfBlock:" + nameOfBlock): null

07-03-2025T07:53:16 - [TEST_STEP][PASSED] - println("typeOfData:" + typeOfData): null

07-03-2025T07:53:16 - [TEST_STEP][PASSED] - println("todaysDate:" + todaysDate): null

07-03-2025T07:53:16 - [TEST_STEP][PASSED] - Script1710234207206.Autorization(block, nameOfBlock): null

07-03-2025T07:53:16 - [TEST_STEP][PASSED] - i = <not implemented yet for class: org.codehaus.groovy.ast.expr.EmptyExpression>: null

07-03-2025T07:53:16 - [TEST_STEP][PASSED] - ii = <not implemented yet for class: org.codehaus.groovy.ast.expr.EmptyExpression>: null

07-03-2025T07:53:16 - [TEST_STEP][PASSED] - urlData = <not implemented yet for class: org.codehaus.groovy.ast.expr.EmptyExpression>: null

07-03-2025T07:53:16 - [TEST_STEP][PASSED] - searchWord = <not implemented yet for class: org.codehaus.groovy.ast.expr.EmptyExpression>: null

07-03-2025T07:53:16 - [TEST_STEP][PASSED] - urlText = <not implemented yet for class: org.codehaus.groovy.ast.expr.EmptyExpression>: null

07-03-2025T07:53:16 - [TEST_STEP][PASSED] - println("block:" + block): null

07-03-2025T07:53:16 - [TEST_STEP][PASSED] - if (block == 1): null

07-03-2025T07:53:16 - [TEST_STEP][PASSED] - else: null

07-03-2025T07:53:16 - [TEST_STEP][PASSED] - delay(45): Delayed 45 second(s)

07-03-2025T07:54:01 - [MESSAGE][PASSED] - Delayed 45 second(s)

07-03-2025T07:54:01 - [TEST_STEP][PASSED] - nameOfBlock = " Выручка": null

07-03-2025T07:54:01 - [TEST_STEP][PASSED] - println("nameOfBlock:" + nameOfBlock): null

07-03-2025T07:54:01 - [TEST_STEP][PASSED] - if (block == 1): null

07-03-2025T07:54:01 - [TEST_STEP][PASSED] - else: Delayed 45 second(s)

07-03-2025T07:54:01 - [TEST_STEP][PASSED] - urlData = 9: null

07-03-2025T07:54:01 - [TEST_STEP][PASSED] - delay(45): Delayed 45 second(s)

07-03-2025T07:54:46 - [MESSAGE][PASSED] - Delayed 45 second(s)

07-03-2025T07:54:46 - [TEST_STEP][PASSED] - navigateToUrl(findTestData("PlanFact").getValue(10, urlData)): Navigate to 'https://bi.rosseti.digital/viewer?dashboardGuid=a1fd28b3785d443cbc4d7690a1d78e31&sheetGuid=86092a20c5984827a0c87b24cac76a50&fit=true' successfully

07-03-2025T07:54:49 - [MESSAGE][PASSED] - Navigate to 'https://bi.rosseti.digital/viewer?dashboardGuid=a1fd28b3785d443cbc4d7690a1d78e31&sheetGuid=86092a20c5984827a0c87b24cac76a50&fit=true' successfully

07-03-2025T07:54:49 - [TEST_STEP][PASSED] - urlText = getText(findTestObject("Страница авторизации/Text")): Text of object 'Object Repository/Страница авторизации/Text' is: 'Вход'

07-03-2025T07:54:51 - [MESSAGE][PASSED] - Text of object 'Object Repository/Страница авторизации/Text' is: 'Вход'

07-03-2025T07:54:51 - [TEST_STEP][PASSED] - searchWord = "Вход": null

07-03-2025T07:54:51 - [TEST_STEP][PASSED] - if (urlText == null || urlText.contains("ошибка") || urlText.contains(searchWord) == false): null

07-03-2025T07:54:51 - [TEST_STEP][PASSED] - if (verifyElementPresent(findTestObject("Страница авторизации/button_"), 30) == true): null

07-03-2025T07:54:51 - [MESSAGE][PASSED] - Object 'Object Repository/Страница авторизации/button_' is present

07-03-2025T07:54:51 - [TEST_STEP][PASSED] - setText(findTestObject("Страница авторизации/input__username"), findTestData("PlanFact").getValue(8, 1)): Text 'liazgina-di' is set on object 'Object Repository/Страница авторизации/input__username'

07-03-2025T07:54:52 - [MESSAGE][PASSED] - Text 'liazgina-di' is set on object 'Object Repository/Страница авторизации/input__username'

07-03-2025T07:54:52 - [TEST_STEP][PASSED] - setText(findTestObject("Страница авторизации/input__password"), findTestData("PlanFact").getValue(9, 1)): Text ')$%5srZ8o688Dm#q' is set on object 'Object Repository/Страница авторизации/input__password'

07-03-2025T07:54:52 - [MESSAGE][PASSED] - Text ')$%5srZ8o688Dm#q' is set on object 'Object Repository/Страница авторизации/input__password'

07-03-2025T07:54:52 - [TEST_STEP][PASSED] - click(findTestObject("Страница авторизации/button_")): Object: 'Object Repository/Страница авторизации/button_' is clicked on

07-03-2025T07:54:54 - [MESSAGE][PASSED] - Object: 'Object Repository/Страница авторизации/button_' is clicked on

07-03-2025T07:54:54 - [TEST_STEP][PASSED] - delay(45): Delayed 45 second(s)

07-03-2025T07:55:39 - [MESSAGE][PASSED] - Delayed 45 second(s)

07-03-2025T07:55:39 - [TEST_STEP][PASSED] - urlText = getText(findTestObject("Страница авторизации/Text")): Text of object 'Object Repository/Страница авторизации/Text' is: 'Период
Январь 2025 года
Выручка
Все
Выполнение плановых показателей по ПАО Россети за Январь 2025 года
План
Факт
Динамика
2025 год
0 млн.руб.
20 000 млн.руб.
40 000 млн.руб.
60 000 млн.руб.
80 000 млн.руб.
100 000 млн.руб.
120 000 млн.руб.
140 000 млн.руб.
160 000 млн.руб.
180 000 млн.руб.
200 000 млн.руб.
121 309
157 865
↑
ДЗО 
Все
Подписи данных
⬤Отклонение
АО "РЭС"
АО «Тываэнерго»
АО «Чеченэнерго»
Россети Волга
Россети Кубань
Россети Ленэнерго (ГК)
Россети Московский регион
Россети Северный Кавказ (ГК)
Россети Северо-Запад
Россети Сибирь (ГК)
Россети Томск
Россети Тюмень
Россети Урал (ГК)
Россети ФСК ЕЭС
Россети Центр
Россети Центр и Приволжье (ГК)
Россети Юг (ГК)
Россети Янтарь
-2 000млн.руб.
0 млн.руб.
2 000млн.руб.
4 000млн.руб.
6 000млн.руб.
8 000млн.руб.
10 000млн.руб.
12 000млн.руб.
14 0…
-73
23
-83
-295
-54
-403
-927
-606
-251
348
-58
-1 104
-474
-59
-675
13 055
-191
-19
млн.
%
Выручка
Отклонение выручки по ПАО Россети за Январь 2025 года (факт/план, млн. руб)
ПАО Россети
8 156 млн.руб.
Статус данных
×
Просьба обратить внимание
Данные занесены не полностью
ВЫБРАННЫЕ ЗНАЧЕНИЯ ФИЛЬТРОВ
ДЗО | ПЕРИОД
ПАО Россети: [«Выбраны все филиалы по всем ДЗО по всем категориям»]
2025: [Янв]
*Внутренний оборот'

07-03-2025T07:55:39 - [MESSAGE][PASSED] - Text of object 'Object Repository/Страница авторизации/Text' is: 'Период
Январь 2025 года
Выручка
Все
Выполнение плановых показателей по ПАО Россети за Январь 2025 года
План
Факт
Динамика
2025 год
0 млн.руб.
20 000 млн.руб.
40 000 млн.руб.
60 000 млн.руб.
80 000 млн.руб.
100 000 млн.руб.
120 000 млн.руб.
140 000 млн.руб.
160 000 млн.руб.
180 000 млн.руб.
200 000 млн.руб.
121 309
157 865
↑
ДЗО 
Все
Подписи данных
⬤Отклонение
АО "РЭС"
АО «Тываэнерго»
АО «Чеченэнерго»
Россети Волга
Россети Кубань
Россети Ленэнерго (ГК)
Россети Московский регион
Россети Северный Кавказ (ГК)
Россети Северо-Запад
Россети Сибирь (ГК)
Россети Томск
Россети Тюмень
Россети Урал (ГК)
Россети ФСК ЕЭС
Россети Центр
Россети Центр и Приволжье (ГК)
Россети Юг (ГК)
Россети Янтарь
-2 000млн.руб.
0 млн.руб.
2 000млн.руб.
4 000млн.руб.
6 000млн.руб.
8 000млн.руб.
10 000млн.руб.
12 000млн.руб.
14 0…
-73
23
-83
-295
-54
-403
-927
-606
-251
348
-58
-1 104
-474
-59
-675
13 055
-191
-19
млн.
%
Выручка
Отклонение выручки по ПАО Россети за Январь 2025 года (факт/план, млн. руб)
ПАО Россети
8 156 млн.руб.
Статус данных
×
Просьба обратить внимание
Данные занесены не полностью
ВЫБРАННЫЕ ЗНАЧЕНИЯ ФИЛЬТРОВ
ДЗО | ПЕРИОД
ПАО Россети: [«Выбраны все филиалы по всем ДЗО по всем категориям»]
2025: [Янв]
*Внутренний оборот'

07-03-2025T07:55:39 - [TEST_STEP][PASSED] - searchWord = "а": null

07-03-2025T07:55:39 - [TEST_STEP][PASSED] - if (urlText.contains("ошибка") || urlText.contains(searchWord) == false): null

07-03-2025T07:55:39 - [TEST_STEP][PASSED] - delay(45): Delayed 45 second(s)

07-03-2025T07:56:24 - [MESSAGE][PASSED] - Delayed 45 second(s)

07-03-2025T07:56:24 - [TEST_STEP][PASSED] - if (block == 2): Delayed 50 second(s)

07-03-2025T07:56:24 - [TEST_STEP][PASSED] - opoveshenie = getText(findTestObject("Выручка в рублях/Просьба обратить внимание")): Text of object 'Object Repository/Выручка в рублях/Просьба обратить внимание' is: 'Просьба обратить внимание'

07-03-2025T07:56:25 - [MESSAGE][PASSED] - Text of object 'Object Repository/Выручка в рублях/Просьба обратить внимание' is: 'Просьба обратить внимание'

07-03-2025T07:56:25 - [TEST_STEP][PASSED] - if (opoveshenie == "Просьба обратить внимание"): Delayed 50 second(s)

07-03-2025T07:56:25 - [TEST_STEP][PASSED] - click(findTestObject("Выручка в рублях/Закрыть оповещение")): Object: 'Object Repository/Выручка в рублях/Закрыть оповещение' is clicked on

07-03-2025T07:56:25 - [MESSAGE][PASSED] - Object: 'Object Repository/Выручка в рублях/Закрыть оповещение' is clicked on

07-03-2025T07:56:25 - [TEST_STEP][PASSED] - delay(50): Delayed 50 second(s)

07-03-2025T07:57:15 - [MESSAGE][PASSED] - Delayed 50 second(s)

07-03-2025T07:57:15 - [TEST_STEP][PASSED] - click(findTestObject("Выручка в рублях/Фильтр Период" + nameOfBlock)): Object: 'Object Repository/Выручка в рублях/Фильтр Период Выручка' is clicked on

07-03-2025T07:57:15 - [MESSAGE][PASSED] - Object: 'Object Repository/Выручка в рублях/Фильтр Период Выручка' is clicked on

07-03-2025T07:57:15 - [TEST_STEP][PASSED] - click(findTestObject("Выручка в рублях/Снять выделение в фильтре Дата" + nameOfBlock)): Object: 'Object Repository/Выручка в рублях/Снять выделение в фильтре Дата Выручка' is clicked on

07-03-2025T07:57:16 - [MESSAGE][PASSED] - Object: 'Object Repository/Выручка в рублях/Снять выделение в фильтре Дата Выручка' is clicked on

07-03-2025T07:57:16 - [TEST_STEP][PASSED] - click(findTestObject("Выручка в рублях/Применить в фильтре Дата" + nameOfBlock)): Object: 'Object Repository/Выручка в рублях/Применить в фильтре Дата Выручка' is clicked on

07-03-2025T07:57:17 - [MESSAGE][PASSED] - Object: 'Object Repository/Выручка в рублях/Применить в фильтре Дата Выручка' is clicked on

07-03-2025T07:57:17 - [TEST_STEP][PASSED] - delay(50): Delayed 50 second(s)

07-03-2025T07:58:07 - [MESSAGE][PASSED] - Delayed 50 second(s)

07-03-2025T07:58:07 - [TEST_STEP][PASSED] - click(findTestObject("Выручка в рублях/Фильтр Период" + nameOfBlock)): Object: 'Object Repository/Выручка в рублях/Фильтр Период Выручка' is clicked on

07-03-2025T07:58:07 - [MESSAGE][PASSED] - Object: 'Object Repository/Выручка в рублях/Фильтр Период Выручка' is clicked on

07-03-2025T07:58:07 - [TEST_STEP][PASSED] - click(findTestObject("Выручка в рублях/Снять выделение в фильтре Дата" + nameOfBlock)): Object: 'Object Repository/Выручка в рублях/Снять выделение в фильтре Дата Выручка' is clicked on

07-03-2025T07:58:07 - [MESSAGE][PASSED] - Object: 'Object Repository/Выручка в рублях/Снять выделение в фильтре Дата Выручка' is clicked on

07-03-2025T07:58:07 - [TEST_STEP][PASSED] - scrollToElement(findTestObject("Выручка в рублях/2025 список" + nameOfBlock), 30): Scroll to object 'Object Repository/Выручка в рублях/2025 список Выручка' successfully

07-03-2025T07:58:08 - [MESSAGE][PASSED] - Scroll to object 'Object Repository/Выручка в рублях/2025 список Выручка' successfully

07-03-2025T07:58:08 - [TEST_STEP][PASSED] - click(findTestObject("Выручка в рублях/2025 список" + nameOfBlock)): Object: 'Object Repository/Выручка в рублях/2025 список Выручка' is clicked on

07-03-2025T07:58:08 - [MESSAGE][PASSED] - Object: 'Object Repository/Выручка в рублях/2025 список Выручка' is clicked on

07-03-2025T07:58:08 - [TEST_STEP][PASSED] - scrollToElement(findTestObject("Выручка в рублях/1 квартал 2025 список Выручка"), 30): Scroll to object 'Object Repository/Выручка в рублях/1 квартал 2025 список Выручка' successfully

07-03-2025T07:58:09 - [MESSAGE][PASSED] - Scroll to object 'Object Repository/Выручка в рублях/1 квартал 2025 список Выручка' successfully

07-03-2025T07:58:09 - [TEST_STEP][PASSED] - click(findTestObject("Выручка в рублях/1 квартал 2025 список" + nameOfBlock)): Object: 'Object Repository/Выручка в рублях/1 квартал 2025 список Выручка' is clicked on

07-03-2025T07:58:09 - [MESSAGE][PASSED] - Object: 'Object Repository/Выручка в рублях/1 квартал 2025 список Выручка' is clicked on

07-03-2025T07:58:09 - [TEST_STEP][PASSED] - scrollToElement(findTestObject("Выручка в рублях/Январь 2025" + nameOfBlock), 30): Scroll to object 'Object Repository/Выручка в рублях/Январь 2025 Выручка' successfully

07-03-2025T07:58:09 - [MESSAGE][PASSED] - Scroll to object 'Object Repository/Выручка в рублях/Январь 2025 Выручка' successfully

07-03-2025T07:58:09 - [TEST_STEP][PASSED] - click(findTestObject("Выручка в рублях/Январь 2025" + nameOfBlock)): Object: 'Object Repository/Выручка в рублях/Январь 2025 Выручка' is clicked on

07-03-2025T07:58:10 - [MESSAGE][PASSED] - Object: 'Object Repository/Выручка в рублях/Январь 2025 Выручка' is clicked on

07-03-2025T07:58:10 - [TEST_STEP][PASSED] - scrollToElement(findTestObject("Выручка в рублях/Заголовок дашборда" + nameOfBlock), 30): Scroll to object 'Object Repository/Выручка в рублях/Заголовок дашборда Выручка' successfully

07-03-2025T07:58:10 - [MESSAGE][PASSED] - Scroll to object 'Object Repository/Выручка в рублях/Заголовок дашборда Выручка' successfully

07-03-2025T07:58:10 - [TEST_STEP][PASSED] - click(findTestObject("Выручка в рублях/Применить в фильтре Дата" + nameOfBlock)): Object: 'Object Repository/Выручка в рублях/Применить в фильтре Дата Выручка' is clicked on

07-03-2025T07:58:11 - [MESSAGE][PASSED] - Object: 'Object Repository/Выручка в рублях/Применить в фильтре Дата Выручка' is clicked on

07-03-2025T07:58:11 - [TEST_STEP][PASSED] - delay(55): Delayed 55 second(s)

07-03-2025T07:59:06 - [MESSAGE][PASSED] - Delayed 55 second(s)

07-03-2025T07:59:06 - [TEST_STEP][PASSED] - click(findTestObject("Выручка в рублях/Фильтр ДЗО" + nameOfBlock)): Object: 'Object Repository/Выручка в рублях/Фильтр ДЗО Выручка' is clicked on

07-03-2025T07:59:06 - [MESSAGE][PASSED] - Object: 'Object Repository/Выручка в рублях/Фильтр ДЗО Выручка' is clicked on

07-03-2025T07:59:06 - [TEST_STEP][PASSED] - click(findTestObject("Выручка в рублях/Снять выделение в фильтре ДЗО" + nameOfBlock)): Object: 'Object Repository/Выручка в рублях/Снять выделение в фильтре ДЗО Выручка' is clicked on

07-03-2025T07:59:07 - [MESSAGE][PASSED] - Object: 'Object Repository/Выручка в рублях/Снять выделение в фильтре ДЗО Выручка' is clicked on

07-03-2025T07:59:07 - [TEST_STEP][PASSED] - click(findTestObject("Выручка в рублях/Применить в фильтре ДЗО" + nameOfBlock)): Object: 'Object Repository/Выручка в рублях/Применить в фильтре ДЗО Выручка' is clicked on

07-03-2025T07:59:07 - [MESSAGE][PASSED] - Object: 'Object Repository/Выручка в рублях/Применить в фильтре ДЗО Выручка' is clicked on

07-03-2025T07:59:07 - [TEST_STEP][PASSED] - delay(50): Delayed 50 second(s)

07-03-2025T07:59:57 - [MESSAGE][PASSED] - Delayed 50 second(s)

07-03-2025T07:59:57 - [TEST_STEP][PASSED] - Script1710234207206.Tumbler(run, vir, block, nameOfBlock): null

07-03-2025T07:59:57 - [TEST_STEP][PASSED] - println("run:" + run): null

07-03-2025T07:59:57 - [TEST_STEP][PASSED] - println("vir:" + vir): null

07-03-2025T07:59:57 - [TEST_STEP][PASSED] - println("block:" + block): null

07-03-2025T07:59:57 - [TEST_STEP][PASSED] - println("nameOfBlock:" + nameOfBlock): null

07-03-2025T07:59:57 - [TEST_STEP][PASSED] - if (vir == 1): null

07-03-2025T07:59:57 - [TEST_STEP][PASSED] - else if (vir == 2): null

07-03-2025T07:59:57 - [TEST_STEP][PASSED] - else if (vir == 3): Object: 'Object Repository/Выручка в рублях/Применить в фильтре Выручка Выручка' is clicked on

07-03-2025T07:59:57 - [TEST_STEP][PASSED] - if (run == 2): null

07-03-2025T07:59:57 - [TEST_STEP][PASSED] - click(findTestObject("Выручка в рублях/Фильтр Выручка" + nameOfBlock)): Object: 'Object Repository/Выручка в рублях/Фильтр Выручка Выручка' is clicked on

07-03-2025T07:59:58 - [MESSAGE][PASSED] - Object: 'Object Repository/Выручка в рублях/Фильтр Выручка Выручка' is clicked on

07-03-2025T07:59:58 - [TEST_STEP][PASSED] - click(findTestObject("Выручка в рублях/Внутренний оборот в фильтре Выручка" + nameOfBlock)): Object: 'Object Repository/Выручка в рублях/Внутренний оборот в фильтре Выручка Выручка' is clicked on

07-03-2025T07:59:58 - [MESSAGE][PASSED] - Object: 'Object Repository/Выручка в рублях/Внутренний оборот в фильтре Выручка Выручка' is clicked on

07-03-2025T07:59:58 - [TEST_STEP][PASSED] - click(findTestObject("Выручка в рублях/Применить в фильтре Выручка" + nameOfBlock)): Object: 'Object Repository/Выручка в рублях/Применить в фильтре Выручка Выручка' is clicked on

07-03-2025T07:59:59 - [MESSAGE][PASSED] - Object: 'Object Repository/Выручка в рублях/Применить в фильтре Выручка Выручка' is clicked on

07-03-2025T07:59:59 - [TEST_STEP][PASSED] - click(findTestObject("Выручка в рублях/Фильтр ДЗО" + nameOfBlock)): Object: 'Object Repository/Выручка в рублях/Фильтр ДЗО Выручка' is clicked on

07-03-2025T08:00:00 - [MESSAGE][PASSED] - Object: 'Object Repository/Выручка в рублях/Фильтр ДЗО Выручка' is clicked on

07-03-2025T08:00:00 - [TEST_STEP][PASSED] - Script1710234207206.Rosseti(nameOfBlock): null

07-03-2025T08:00:00 - [TEST_STEP][PASSED] - println("nameOfBlock:" + nameOfBlock): null

07-03-2025T08:00:00 - [TEST_STEP][PASSED] - click(findTestObject("Выручка в рублях/ПАО Россети" + nameOfBlock)): Object: 'Object Repository/Выручка в рублях/ПАО Россети Выручка' is clicked on

07-03-2025T08:00:01 - [MESSAGE][PASSED] - Object: 'Object Repository/Выручка в рублях/ПАО Россети Выручка' is clicked on

07-03-2025T08:00:01 - [TEST_STEP][PASSED] - click(findTestObject("Выручка в рублях/Применить в фильтре ДЗО" + nameOfBlock)): Object: 'Object Repository/Выручка в рублях/Применить в фильтре ДЗО Выручка' is clicked on

07-03-2025T08:00:02 - [MESSAGE][PASSED] - Object: 'Object Repository/Выручка в рублях/Применить в фильтре ДЗО Выручка' is clicked on

07-03-2025T08:00:02 - [TEST_STEP][PASSED] - if (vir == 1 || vir == 2): null

07-03-2025T08:00:02 - [TEST_STEP][PASSED] - else: Text of object 'Object Repository/Выручка в рублях/vir3Plan Выручка' is: '54'

07-03-2025T08:00:02 - [TEST_STEP][PASSED] - b1 = getText(findTestObject("Выручка в рублях/vir3Plan Выручка")): Text of object 'Object Repository/Выручка в рублях/vir3Plan Выручка' is: '54'

07-03-2025T08:00:03 - [MESSAGE][PASSED] - Text of object 'Object Repository/Выручка в рублях/vir3Plan Выручка' is: '54'

07-03-2025T08:00:03 - [TEST_STEP][PASSED] - if (vir == 1 || vir == 2): null

07-03-2025T08:00:03 - [TEST_STEP][PASSED] - else: Text of object 'Object Repository/Выручка в рублях/vir3Fact Выручка' is: '2 402'

07-03-2025T08:00:03 - [TEST_STEP][PASSED] - b2 = getText(findTestObject("Выручка в рублях/vir3Fact Выручка")): Text of object 'Object Repository/Выручка в рублях/vir3Fact Выручка' is: '2 402'

07-03-2025T08:00:03 - [MESSAGE][PASSED] - Text of object 'Object Repository/Выручка в рублях/vir3Fact Выручка' is: '2 402'

07-03-2025T08:00:03 - [TEST_STEP][PASSED] - b30 = getText(findTestObject("Выручка в рублях/span1" + perc)): Text of object 'Object Repository/Выручка в рублях/span1' is: '-569 млн.руб.'

07-03-2025T08:00:03 - [MESSAGE][PASSED] - Text of object 'Object Repository/Выручка в рублях/span1' is: '-569 млн.руб.'

07-03-2025T08:00:03 - [TEST_STEP][PASSED] - i = b30.indexOf("млн.руб."): null

07-03-2025T08:00:03 - [TEST_STEP][PASSED] - if (i > -1): null

07-03-2025T08:00:03 - [TEST_STEP][PASSED] - b30 = b30.substring(0, i): null

07-03-2025T08:00:03 - [TEST_STEP][PASSED] - b30 = b30.replaceAll(" ", ""): null

07-03-2025T08:00:03 - [TEST_STEP][PASSED] - if (b30.contains("%")): null

07-03-2025T08:00:03 - [TEST_STEP][PASSED] - b30 = ").trim(): null

07-03-2025T08:00:03 - [TEST_STEP][PASSED] - println("b30: " + b30): null

07-03-2025T08:00:03 - [TEST_STEP][PASSED] - if (vir == 1 || vir == 2): null

07-03-2025T08:00:03 - [TEST_STEP][PASSED] - else: Text of object 'Object Repository/Выручка в рублях/span15' is: '23'

07-03-2025T08:00:03 - [TEST_STEP][PASSED] - b31 = ").trim(): Text of object 'Object Repository/Выручка в рублях/span15' is: '23'

07-03-2025T08:00:03 - [MESSAGE][PASSED] - Text of object 'Object Repository/Выручка в рублях/span15' is: '23'

07-03-2025T08:00:03 - [TEST_STEP][PASSED] - if (vir == 1 || vir == 2): null

07-03-2025T08:00:03 - [TEST_STEP][PASSED] - else: Text of object 'Object Repository/Выручка в рублях/span16' is: '-83'

07-03-2025T08:00:03 - [TEST_STEP][PASSED] - b32 = ").trim(): Text of object 'Object Repository/Выручка в рублях/span16' is: '-83'

07-03-2025T08:00:04 - [MESSAGE][PASSED] - Text of object 'Object Repository/Выручка в рублях/span16' is: '-83'

07-03-2025T08:00:04 - [TEST_STEP][PASSED] - if (vir == 1 || vir == 2): null

07-03-2025T08:00:04 - [TEST_STEP][PASSED] - else: Text of object 'Object Repository/Выручка в рублях/span17' is: '-509'

07-03-2025T08:00:04 - [TEST_STEP][PASSED] - b37 = ").trim(): Text of object 'Object Repository/Выручка в рублях/span17' is: '-509'

07-03-2025T08:00:04 - [MESSAGE][PASSED] - Text of object 'Object Repository/Выручка в рублях/span17' is: '-509'

07-03-2025T08:00:04 - [TEST_STEP][PASSED] - if (vir == 1 || vir == 2): null

07-03-2025T08:00:04 - [TEST_STEP][PASSED] - else: Text of object 'Object Repository/Выручка в рублях/span18' is: '0'

07-03-2025T08:00:04 - [TEST_STEP][PASSED] - b316 = ").trim(): Text of object 'Object Repository/Выручка в рублях/span18' is: '0'

07-03-2025T08:00:04 - [MESSAGE][PASSED] - Text of object 'Object Repository/Выручка в рублях/span18' is: '0'

07-03-2025T08:00:04 - [TEST_STEP][PASSED] - if (vir == 1 || vir == 2): null

07-03-2025T08:00:04 - [TEST_STEP][PASSED] - dZO = "ПАО Россети": null

07-03-2025T08:00:04 - [TEST_STEP][PASSED] - if (verifyEqual(a1, b1) == false): Actual object '54' and expected object '54' are equal

07-03-2025T08:00:04 - [MESSAGE][PASSED] - Actual object '54' and expected object '54' are equal

07-03-2025T08:00:04 - [TEST_STEP][PASSED] - if (verifyEqual(a2, b2) == false): Actual object '2 402' and expected object '2 402' are equal

07-03-2025T08:00:04 - [MESSAGE][PASSED] - Actual object '2 402' and expected object '2 402' are equal

07-03-2025T08:00:04 - [TEST_STEP][PASSED] - vidget = "Отклонения": null

07-03-2025T08:00:04 - [TEST_STEP][FAILED] - if (verifyEqual(a30, b30) == false): null

07-03-2025T08:00:04 - [MESSAGE][FAILED] - Unable to verify equal between actual object '2348.5' and expected object '-569' (Root cause: com.kms.katalon.core.exception.StepFailedException: Actual object '2348.5' and expected object '-569' are not equal
	at com.kms.katalon.core.keyword.builtin.VerifyEqualKeyword$_verifyEqual_closure1.doCall(VerifyEqualKeyword.groovy:58)
	at com.kms.katalon.core.keyword.builtin.VerifyEqualKeyword$_verifyEqual_closure1.call(VerifyEqualKeyword.groovy)
	at com.kms.katalon.core.keyword.internal.KeywordMain.runKeyword(KeywordMain.groovy:75)
	at com.kms.katalon.core.keyword.builtin.VerifyEqualKeyword.verifyEqual(VerifyEqualKeyword.groovy:63)
	at com.kms.katalon.core.keyword.builtin.VerifyEqualKeyword.execute(VerifyEqualKeyword.groovy:44)
	at com.kms.katalon.core.keyword.internal.KeywordExecutor.executeKeywordForPlatform(KeywordExecutor.groovy:74)
	at com.kms.katalon.core.keyword.BuiltinKeywords.verifyEqual(BuiltinKeywords.groovy:146)
	at jdk.internal.reflect.GeneratedMethodAccessor23.invoke(Unknown Source)
	at java.base/jdk.internal.reflect.DelegatingMethodAccessorImpl.invoke(DelegatingMethodAccessorImpl.java:43)
	at Выручка в рублях сверка дашбордов ПАО Россети.Blocks(Выручка в рублях сверка дашбордов ПАО Россети:357)
	at Выручка в рублях сверка дашбордов ПАО Россети.ViruchkaChange(Выручка в рублях сверка дашбордов ПАО Россети:60)
	at Выручка в рублях сверка дашбордов ПАО Россети.run(Выручка в рублях сверка дашбордов ПАО Россети:55)
	at com.kms.katalon.core.main.ScriptEngine.run(ScriptEngine.java:194)
	at com.kms.katalon.core.main.ScriptEngine.runScriptAsRawText(ScriptEngine.java:119)
	at com.kms.katalon.core.main.TestCaseExecutor.runScript(TestCaseExecutor.java:448)
	at com.kms.katalon.core.main.TestCaseExecutor.doExecute(TestCaseExecutor.java:439)
	at com.kms.katalon.core.main.TestCaseExecutor.processExecutionPhase(TestCaseExecutor.java:418)
	at com.kms.katalon.core.main.TestCaseExecutor.accessMainPhase(TestCaseExecutor.java:410)
	at com.kms.katalon.core.main.TestCaseExecutor.execute(TestCaseExecutor.java:285)
	at com.kms.katalon.core.common.CommonExecutor.accessTestCaseMainPhase(CommonExecutor.java:65)
	at com.kms.katalon.core.main.TestSuiteExecutor.accessTestSuiteMainPhase(TestSuiteExecutor.java:150)
	at com.kms.katalon.core.main.TestSuiteExecutor.execute(TestSuiteExecutor.java:106)
	at com.kms.katalon.core.main.TestCaseMain.startTestSuite(TestCaseMain.java:180)
	at TempTestSuite1741312418653.run(TempTestSuite1741312418653.groovy:35)
	at java.base/jdk.internal.reflect.NativeMethodAccessorImpl.invoke0(Native Method)
	at java.base/jdk.internal.reflect.NativeMethodAccessorImpl.invoke(NativeMethodAccessorImpl.java:77)
	at java.base/jdk.internal.reflect.DelegatingMethodAccessorImpl.invoke(DelegatingMethodAccessorImpl.java:43)
)

07-03-2025T08:00:04 - [TEST_STEP][PASSED] - a = replaceAll("\s+", "").trim(): null

07-03-2025T08:00:04 - [TEST_STEP][PASSED] - b = replaceAll("\s+", "").trim(): null

07-03-2025T08:00:04 - [TEST_STEP][PASSED] - Script1710234207206.WriteToExcel(todaysDate, run, vir, block, typeOfData, viruchka, vidget, nameOfBlock, a, b, dZO, x, y): null

07-03-2025T08:00:04 - [TEST_STEP][PASSED] - println(run): null

07-03-2025T08:00:04 - [TEST_STEP][PASSED] - if (run == 1): null

07-03-2025T08:00:04 - [TEST_STEP][PASSED] - typeOfData = "Млн": null

07-03-2025T08:00:04 - [TEST_STEP][PASSED] - println("todaysDate:" + todaysDate): null

07-03-2025T08:00:04 - [TEST_STEP][PASSED] - println("typeOfData:" + typeOfData): null

07-03-2025T08:00:04 - [TEST_STEP][PASSED] - viruchka = getText(findTestObject("Выручка в рублях/Фильтр Выручка" + nameOfBlock)): Text of object 'Object Repository/Выручка в рублях/Фильтр Выручка Выручка' is: 'ПЕРЕДАЧА ЭЛЕКТРОЭНЕРГИИ, внутренний оборот'

07-03-2025T08:00:05 - [MESSAGE][PASSED] - Text of object 'Object Repository/Выручка в рублях/Фильтр Выручка Выручка' is: 'ПЕРЕДАЧА ЭЛЕКТРОЭНЕРГИИ, внутренний оборот'

07-03-2025T08:00:05 - [TEST_STEP][PASSED] - println("viruchka" + viruchka): null

07-03-2025T08:00:05 - [TEST_STEP][PASSED] - println("vidget" + vidget): null

07-03-2025T08:00:05 - [TEST_STEP][PASSED] - println("a" + a): null

07-03-2025T08:00:05 - [TEST_STEP][PASSED] - println("b" + b): null

07-03-2025T08:00:05 - [TEST_STEP][PASSED] - sheetName = "Sheet1": null

07-03-2025T08:00:05 - [TEST_STEP][PASSED] - data = findTestData("PlanFact"): null

07-03-2025T08:00:05 - [TEST_STEP][PASSED] - n = data.getRowNumbers() + 1: null

07-03-2025T08:00:05 - [TEST_STEP][PASSED] - period = getText(findTestObject("Выручка в рублях/Фильтр Период")).trim(): Text of object 'Object Repository/Выручка в рублях/Фильтр Период' is: 'Январь 2025 года'

07-03-2025T08:00:05 - [MESSAGE][PASSED] - Text of object 'Object Repository/Выручка в рублях/Фильтр Период' is: 'Январь 2025 года'

07-03-2025T08:00:05 - [TEST_STEP][PASSED] - println(period): null

07-03-2025T08:00:05 - [TEST_STEP][PASSED] - if (period.findAll("[а-яА-Я]") == false): null

07-03-2025T08:00:05 - [TEST_STEP][PASSED] - dashboardName = "Выручка в рублях": null

07-03-2025T08:00:05 - [TEST_STEP][PASSED] - if (a == ""): null

07-03-2025T08:00:05 - [TEST_STEP][PASSED] - else: null

07-03-2025T08:00:05 - [TEST_STEP][PASSED] - x = a.toDouble(): null

07-03-2025T08:00:05 - [TEST_STEP][PASSED] - if (b == ""): null

07-03-2025T08:00:05 - [TEST_STEP][PASSED] - else: null

07-03-2025T08:00:05 - [TEST_STEP][PASSED] - y = b.toDouble(): null

07-03-2025T08:00:05 - [TEST_STEP][PASSED] - workbook01 = getWorkbook(excelFilePath): null

07-03-2025T08:00:05 - [TEST_STEP][PASSED] - sheet01 = getExcelSheet(workbook01, sheetName): null

07-03-2025T08:00:05 - [TEST_STEP][PASSED] - setValueToCellByIndex(sheet01, n, 0, dashboardName): null

07-03-2025T08:00:05 - [TEST_STEP][PASSED] - setValueToCellByIndex(sheet01, n, 1, dZO): null

07-03-2025T08:00:05 - [TEST_STEP][PASSED] - setValueToCellByIndex(sheet01, n, 2, vidget): null

07-03-2025T08:00:05 - [TEST_STEP][PASSED] - setValueToCellByIndex(sheet01, n, 3, viruchka): null

07-03-2025T08:00:05 - [TEST_STEP][PASSED] - setValueToCellByIndex(sheet01, n, 4, typeOfData): null

07-03-2025T08:00:05 - [TEST_STEP][PASSED] - if (a == "нет данных"): null

07-03-2025T08:00:05 - [TEST_STEP][PASSED] - else: null

07-03-2025T08:00:05 - [TEST_STEP][PASSED] - setValueToCellByIndex(sheet01, n, 5, x): null

07-03-2025T08:00:05 - [TEST_STEP][PASSED] - if (b == "нет данных"): null

07-03-2025T08:00:05 - [TEST_STEP][PASSED] - else: null

07-03-2025T08:00:05 - [TEST_STEP][PASSED] - setValueToCellByIndex(sheet01, n, 6, y): null

07-03-2025T08:00:05 - [TEST_STEP][PASSED] - setValueToCellByIndex(sheet01, n, 7, period): null

07-03-2025T08:00:05 - [TEST_STEP][PASSED] - setValueToCellByIndex(sheet01, n, 8, todaysDate): null

07-03-2025T08:00:05 - [TEST_STEP][PASSED] - n = n + 1: null

07-03-2025T08:00:05 - [TEST_STEP][PASSED] - saveWorkbook(excelFilePath, workbook01): null

07-03-2025T08:00:05 - [TEST_STEP][PASSED] - x = "": null

07-03-2025T08:00:05 - [TEST_STEP][PASSED] - y = "": null

07-03-2025T08:00:05 - [TEST_STEP][PASSED] - dZO = "АО «Тываэнерго»": null

07-03-2025T08:00:05 - [TEST_STEP][FAILED] - if (verifyEqual(a31, b31) == false): null

07-03-2025T08:00:05 - [MESSAGE][FAILED] - Unable to verify equal between actual object '159' and expected object '23' (Root cause: com.kms.katalon.core.exception.StepFailedException: Actual object '159' and expected object '23' are not equal
	at com.kms.katalon.core.keyword.builtin.VerifyEqualKeyword$_verifyEqual_closure1.doCall(VerifyEqualKeyword.groovy:58)
	at com.kms.katalon.core.keyword.builtin.VerifyEqualKeyword$_verifyEqual_closure1.call(VerifyEqualKeyword.groovy)
	at com.kms.katalon.core.keyword.internal.KeywordMain.runKeyword(KeywordMain.groovy:75)
	at com.kms.katalon.core.keyword.builtin.VerifyEqualKeyword.verifyEqual(VerifyEqualKeyword.groovy:63)
	at com.kms.katalon.core.keyword.builtin.VerifyEqualKeyword.execute(VerifyEqualKeyword.groovy:44)
	at com.kms.katalon.core.keyword.internal.KeywordExecutor.executeKeywordForPlatform(KeywordExecutor.groovy:74)
	at com.kms.katalon.core.keyword.BuiltinKeywords.verifyEqual(BuiltinKeywords.groovy:146)
	at jdk.internal.reflect.GeneratedMethodAccessor23.invoke(Unknown Source)
	at java.base/jdk.internal.reflect.DelegatingMethodAccessorImpl.invoke(DelegatingMethodAccessorImpl.java:43)
	at Выручка в рублях сверка дашбордов ПАО Россети.Blocks(Выручка в рублях сверка дашбордов ПАО Россети:367)
	at Выручка в рублях сверка дашбордов ПАО Россети.ViruchkaChange(Выручка в рублях сверка дашбордов ПАО Россети:60)
	at Выручка в рублях сверка дашбордов ПАО Россети.run(Выручка в рублях сверка дашбордов ПАО Россети:55)
	at com.kms.katalon.core.main.ScriptEngine.run(ScriptEngine.java:194)
	at com.kms.katalon.core.main.ScriptEngine.runScriptAsRawText(ScriptEngine.java:119)
	at com.kms.katalon.core.main.TestCaseExecutor.runScript(TestCaseExecutor.java:448)
	at com.kms.katalon.core.main.TestCaseExecutor.doExecute(TestCaseExecutor.java:439)
	at com.kms.katalon.core.main.TestCaseExecutor.processExecutionPhase(TestCaseExecutor.java:418)
	at com.kms.katalon.core.main.TestCaseExecutor.accessMainPhase(TestCaseExecutor.java:410)
	at com.kms.katalon.core.main.TestCaseExecutor.execute(TestCaseExecutor.java:285)
	at com.kms.katalon.core.common.CommonExecutor.accessTestCaseMainPhase(CommonExecutor.java:65)
	at com.kms.katalon.core.main.TestSuiteExecutor.accessTestSuiteMainPhase(TestSuiteExecutor.java:150)
	at com.kms.katalon.core.main.TestSuiteExecutor.execute(TestSuiteExecutor.java:106)
	at com.kms.katalon.core.main.TestCaseMain.startTestSuite(TestCaseMain.java:180)
	at TempTestSuite1741312418653.run(TempTestSuite1741312418653.groovy:35)
	at java.base/jdk.internal.reflect.NativeMethodAccessorImpl.invoke0(Native Method)
	at java.base/jdk.internal.reflect.NativeMethodAccessorImpl.invoke(NativeMethodAccessorImpl.java:77)
	at java.base/jdk.internal.reflect.DelegatingMethodAccessorImpl.invoke(DelegatingMethodAccessorImpl.java:43)
)

07-03-2025T08:00:05 - [TEST_STEP][PASSED] - a = replaceAll("\s+", "").trim(): null

07-03-2025T08:00:05 - [TEST_STEP][PASSED] - b = replaceAll("\s+", "").trim(): null

07-03-2025T08:00:05 - [TEST_STEP][PASSED] - Script1710234207206.WriteToExcel(todaysDate, run, vir, block, typeOfData, viruchka, vidget, nameOfBlock, a, b, dZO, x, y): null

07-03-2025T08:00:05 - [TEST_STEP][PASSED] - println(run): null

07-03-2025T08:00:05 - [TEST_STEP][PASSED] - if (run == 1): null

07-03-2025T08:00:05 - [TEST_STEP][PASSED] - typeOfData = "Млн": null

07-03-2025T08:00:05 - [TEST_STEP][PASSED] - println("todaysDate:" + todaysDate): null

07-03-2025T08:00:05 - [TEST_STEP][PASSED] - println("typeOfData:" + typeOfData): null

07-03-2025T08:00:05 - [TEST_STEP][PASSED] - viruchka = getText(findTestObject("Выручка в рублях/Фильтр Выручка" + nameOfBlock)): Text of object 'Object Repository/Выручка в рублях/Фильтр Выручка Выручка' is: 'ПЕРЕДАЧА ЭЛЕКТРОЭНЕРГИИ, внутренний оборот'

07-03-2025T08:00:06 - [MESSAGE][PASSED] - Text of object 'Object Repository/Выручка в рублях/Фильтр Выручка Выручка' is: 'ПЕРЕДАЧА ЭЛЕКТРОЭНЕРГИИ, внутренний оборот'

07-03-2025T08:00:06 - [TEST_STEP][PASSED] - println("viruchka" + viruchka): null

07-03-2025T08:00:06 - [TEST_STEP][PASSED] - println("vidget" + vidget): null

07-03-2025T08:00:06 - [TEST_STEP][PASSED] - println("a" + a): null

07-03-2025T08:00:06 - [TEST_STEP][PASSED] - println("b" + b): null

07-03-2025T08:00:06 - [TEST_STEP][PASSED] - sheetName = "Sheet1": null

07-03-2025T08:00:06 - [TEST_STEP][PASSED] - data = findTestData("PlanFact"): null

07-03-2025T08:00:06 - [TEST_STEP][PASSED] - n = data.getRowNumbers() + 1: null

07-03-2025T08:00:06 - [TEST_STEP][PASSED] - period = getText(findTestObject("Выручка в рублях/Фильтр Период")).trim(): Text of object 'Object Repository/Выручка в рублях/Фильтр Период' is: 'Январь 2025 года'

07-03-2025T08:00:06 - [MESSAGE][PASSED] - Text of object 'Object Repository/Выручка в рублях/Фильтр Период' is: 'Январь 2025 года'

07-03-2025T08:00:06 - [TEST_STEP][PASSED] - println(period): null

07-03-2025T08:00:06 - [TEST_STEP][PASSED] - if (period.findAll("[а-яА-Я]") == false): null

07-03-2025T08:00:06 - [TEST_STEP][PASSED] - dashboardName = "Выручка в рублях": null

07-03-2025T08:00:06 - [TEST_STEP][PASSED] - if (a == ""): null

07-03-2025T08:00:06 - [TEST_STEP][PASSED] - else: null

07-03-2025T08:00:06 - [TEST_STEP][PASSED] - x = a.toDouble(): null

07-03-2025T08:00:06 - [TEST_STEP][PASSED] - if (b == ""): null

07-03-2025T08:00:06 - [TEST_STEP][PASSED] - else: null

07-03-2025T08:00:06 - [TEST_STEP][PASSED] - y = b.toDouble(): null

07-03-2025T08:00:06 - [TEST_STEP][PASSED] - workbook01 = getWorkbook(excelFilePath): null

07-03-2025T08:00:06 - [TEST_STEP][PASSED] - sheet01 = getExcelSheet(workbook01, sheetName): null

07-03-2025T08:00:06 - [TEST_STEP][PASSED] - setValueToCellByIndex(sheet01, n, 0, dashboardName): null

07-03-2025T08:00:06 - [TEST_STEP][PASSED] - setValueToCellByIndex(sheet01, n, 1, dZO): null

07-03-2025T08:00:06 - [TEST_STEP][PASSED] - setValueToCellByIndex(sheet01, n, 2, vidget): null

07-03-2025T08:00:06 - [TEST_STEP][PASSED] - setValueToCellByIndex(sheet01, n, 3, viruchka): null

07-03-2025T08:00:06 - [TEST_STEP][PASSED] - setValueToCellByIndex(sheet01, n, 4, typeOfData): null

07-03-2025T08:00:06 - [TEST_STEP][PASSED] - if (a == "нет данных"): null

07-03-2025T08:00:06 - [TEST_STEP][PASSED] - else: null

07-03-2025T08:00:06 - [TEST_STEP][PASSED] - setValueToCellByIndex(sheet01, n, 5, x): null

07-03-2025T08:00:06 - [TEST_STEP][PASSED] - if (b == "нет данных"): null

07-03-2025T08:00:06 - [TEST_STEP][PASSED] - else: null

07-03-2025T08:00:06 - [TEST_STEP][PASSED] - setValueToCellByIndex(sheet01, n, 6, y): null

07-03-2025T08:00:06 - [TEST_STEP][PASSED] - setValueToCellByIndex(sheet01, n, 7, period): null

07-03-2025T08:00:06 - [TEST_STEP][PASSED] - setValueToCellByIndex(sheet01, n, 8, todaysDate): null

07-03-2025T08:00:06 - [TEST_STEP][PASSED] - n = n + 1: null

07-03-2025T08:00:06 - [TEST_STEP][PASSED] - saveWorkbook(excelFilePath, workbook01): null

07-03-2025T08:00:06 - [TEST_STEP][PASSED] - x = "": null

07-03-2025T08:00:06 - [TEST_STEP][PASSED] - y = "": null

07-03-2025T08:00:06 - [TEST_STEP][PASSED] - dZO = "АО «Чеченэнерго»": null

07-03-2025T08:00:06 - [TEST_STEP][FAILED] - if (verifyEqual(a32, b32) == false): null

07-03-2025T08:00:06 - [MESSAGE][FAILED] - Unable to verify equal between actual object '463' and expected object '-83' (Root cause: com.kms.katalon.core.exception.StepFailedException: Actual object '463' and expected object '-83' are not equal
	at com.kms.katalon.core.keyword.builtin.VerifyEqualKeyword$_verifyEqual_closure1.doCall(VerifyEqualKeyword.groovy:58)
	at com.kms.katalon.core.keyword.builtin.VerifyEqualKeyword$_verifyEqual_closure1.call(VerifyEqualKeyword.groovy)
	at com.kms.katalon.core.keyword.internal.KeywordMain.runKeyword(KeywordMain.groovy:75)
	at com.kms.katalon.core.keyword.builtin.VerifyEqualKeyword.verifyEqual(VerifyEqualKeyword.groovy:63)
	at com.kms.katalon.core.keyword.builtin.VerifyEqualKeyword.execute(VerifyEqualKeyword.groovy:44)
	at com.kms.katalon.core.keyword.internal.KeywordExecutor.executeKeywordForPlatform(KeywordExecutor.groovy:74)
	at com.kms.katalon.core.keyword.BuiltinKeywords.verifyEqual(BuiltinKeywords.groovy:146)
	at jdk.internal.reflect.GeneratedMethodAccessor23.invoke(Unknown Source)
	at java.base/jdk.internal.reflect.DelegatingMethodAccessorImpl.invoke(DelegatingMethodAccessorImpl.java:43)
	at Выручка в рублях сверка дашбордов ПАО Россети.Blocks(Выручка в рублях сверка дашбордов ПАО Россети:378)
	at Выручка в рублях сверка дашбордов ПАО Россети.ViruchkaChange(Выручка в рублях сверка дашбордов ПАО Россети:60)
	at Выручка в рублях сверка дашбордов ПАО Россети.run(Выручка в рублях сверка дашбордов ПАО Россети:55)
	at com.kms.katalon.core.main.ScriptEngine.run(ScriptEngine.java:194)
	at com.kms.katalon.core.main.ScriptEngine.runScriptAsRawText(ScriptEngine.java:119)
	at com.kms.katalon.core.main.TestCaseExecutor.runScript(TestCaseExecutor.java:448)
	at com.kms.katalon.core.main.TestCaseExecutor.doExecute(TestCaseExecutor.java:439)
	at com.kms.katalon.core.main.TestCaseExecutor.processExecutionPhase(TestCaseExecutor.java:418)
	at com.kms.katalon.core.main.TestCaseExecutor.accessMainPhase(TestCaseExecutor.java:410)
	at com.kms.katalon.core.main.TestCaseExecutor.execute(TestCaseExecutor.java:285)
	at com.kms.katalon.core.common.CommonExecutor.accessTestCaseMainPhase(CommonExecutor.java:65)
	at com.kms.katalon.core.main.TestSuiteExecutor.accessTestSuiteMainPhase(TestSuiteExecutor.java:150)
	at com.kms.katalon.core.main.TestSuiteExecutor.execute(TestSuiteExecutor.java:106)
	at com.kms.katalon.core.main.TestCaseMain.startTestSuite(TestCaseMain.java:180)
	at TempTestSuite1741312418653.run(TempTestSuite1741312418653.groovy:35)
	at java.base/jdk.internal.reflect.NativeMethodAccessorImpl.invoke0(Native Method)
	at java.base/jdk.internal.reflect.NativeMethodAccessorImpl.invoke(NativeMethodAccessorImpl.java:77)
	at java.base/jdk.internal.reflect.DelegatingMethodAccessorImpl.invoke(DelegatingMethodAccessorImpl.java:43)
)

07-03-2025T08:00:06 - [TEST_STEP][PASSED] - a = replaceAll("\s+", "").trim(): null

07-03-2025T08:00:06 - [TEST_STEP][PASSED] - b = replaceAll("\s+", "").trim(): null

07-03-2025T08:00:06 - [TEST_STEP][PASSED] - Script1710234207206.WriteToExcel(todaysDate, run, vir, block, typeOfData, viruchka, vidget, nameOfBlock, a, b, dZO, x, y): null

07-03-2025T08:00:06 - [TEST_STEP][PASSED] - println(run): null

07-03-2025T08:00:06 - [TEST_STEP][PASSED] - if (run == 1): null

07-03-2025T08:00:06 - [TEST_STEP][PASSED] - typeOfData = "Млн": null

07-03-2025T08:00:06 - [TEST_STEP][PASSED] - println("todaysDate:" + todaysDate): null

07-03-2025T08:00:06 - [TEST_STEP][PASSED] - println("typeOfData:" + typeOfData): null

07-03-2025T08:00:06 - [TEST_STEP][PASSED] - viruchka = getText(findTestObject("Выручка в рублях/Фильтр Выручка" + nameOfBlock)): Text of object 'Object Repository/Выручка в рублях/Фильтр Выручка Выручка' is: 'ПЕРЕДАЧА ЭЛЕКТРОЭНЕРГИИ, внутренний оборот'

07-03-2025T08:00:07 - [MESSAGE][PASSED] - Text of object 'Object Repository/Выручка в рублях/Фильтр Выручка Выручка' is: 'ПЕРЕДАЧА ЭЛЕКТРОЭНЕРГИИ, внутренний оборот'

07-03-2025T08:00:07 - [TEST_STEP][PASSED] - println("viruchka" + viruchka): null

07-03-2025T08:00:07 - [TEST_STEP][PASSED] - println("vidget" + vidget): null

07-03-2025T08:00:07 - [TEST_STEP][PASSED] - println("a" + a): null

07-03-2025T08:00:07 - [TEST_STEP][PASSED] - println("b" + b): null

07-03-2025T08:00:07 - [TEST_STEP][PASSED] - sheetName = "Sheet1": null

07-03-2025T08:00:07 - [TEST_STEP][PASSED] - data = findTestData("PlanFact"): null

07-03-2025T08:00:07 - [TEST_STEP][PASSED] - n = data.getRowNumbers() + 1: null

07-03-2025T08:00:07 - [TEST_STEP][PASSED] - period = getText(findTestObject("Выручка в рублях/Фильтр Период")).trim(): Text of object 'Object Repository/Выручка в рублях/Фильтр Период' is: 'Январь 2025 года'

07-03-2025T08:00:07 - [MESSAGE][PASSED] - Text of object 'Object Repository/Выручка в рублях/Фильтр Период' is: 'Январь 2025 года'

07-03-2025T08:00:07 - [TEST_STEP][PASSED] - println(period): null

07-03-2025T08:00:07 - [TEST_STEP][PASSED] - if (period.findAll("[а-яА-Я]") == false): null

07-03-2025T08:00:07 - [TEST_STEP][PASSED] - dashboardName = "Выручка в рублях": null

07-03-2025T08:00:07 - [TEST_STEP][PASSED] - if (a == ""): null

07-03-2025T08:00:07 - [TEST_STEP][PASSED] - else: null

07-03-2025T08:00:07 - [TEST_STEP][PASSED] - x = a.toDouble(): null

07-03-2025T08:00:07 - [TEST_STEP][PASSED] - if (b == ""): null

07-03-2025T08:00:07 - [TEST_STEP][PASSED] - else: null

07-03-2025T08:00:07 - [TEST_STEP][PASSED] - y = b.toDouble(): null

07-03-2025T08:00:07 - [TEST_STEP][PASSED] - workbook01 = getWorkbook(excelFilePath): null

07-03-2025T08:00:07 - [TEST_STEP][PASSED] - sheet01 = getExcelSheet(workbook01, sheetName): null

07-03-2025T08:00:07 - [TEST_STEP][PASSED] - setValueToCellByIndex(sheet01, n, 0, dashboardName): null

07-03-2025T08:00:07 - [TEST_STEP][PASSED] - setValueToCellByIndex(sheet01, n, 1, dZO): null

07-03-2025T08:00:07 - [TEST_STEP][PASSED] - setValueToCellByIndex(sheet01, n, 2, vidget): null

07-03-2025T08:00:07 - [TEST_STEP][PASSED] - setValueToCellByIndex(sheet01, n, 3, viruchka): null

07-03-2025T08:00:07 - [TEST_STEP][PASSED] - setValueToCellByIndex(sheet01, n, 4, typeOfData): null

07-03-2025T08:00:07 - [TEST_STEP][PASSED] - if (a == "нет данных"): null

07-03-2025T08:00:07 - [TEST_STEP][PASSED] - else: null

07-03-2025T08:00:07 - [TEST_STEP][PASSED] - setValueToCellByIndex(sheet01, n, 5, x): null

07-03-2025T08:00:07 - [TEST_STEP][PASSED] - if (b == "нет данных"): null

07-03-2025T08:00:07 - [TEST_STEP][PASSED] - else: null

07-03-2025T08:00:07 - [TEST_STEP][PASSED] - setValueToCellByIndex(sheet01, n, 6, y): null

07-03-2025T08:00:07 - [TEST_STEP][PASSED] - setValueToCellByIndex(sheet01, n, 7, period): null

07-03-2025T08:00:07 - [TEST_STEP][PASSED] - setValueToCellByIndex(sheet01, n, 8, todaysDate): null

07-03-2025T08:00:07 - [TEST_STEP][PASSED] - n = n + 1: null

07-03-2025T08:00:07 - [TEST_STEP][PASSED] - saveWorkbook(excelFilePath, workbook01): null

07-03-2025T08:00:07 - [TEST_STEP][PASSED] - x = "": null

07-03-2025T08:00:07 - [TEST_STEP][PASSED] - y = "": null

07-03-2025T08:00:07 - [TEST_STEP][PASSED] - dZO = "Россети Волга": null

07-03-2025T08:00:07 - [TEST_STEP][PASSED] - if (verifyEqual(a33, b33) == false): Actual object 'null' and expected object 'null' are equal

07-03-2025T08:00:07 - [MESSAGE][PASSED] - Actual object 'null' and expected object 'null' are equal

07-03-2025T08:00:07 - [TEST_STEP][PASSED] - dZO = "Россети Кубань": null

07-03-2025T08:00:07 - [TEST_STEP][PASSED] - if (verifyEqual(a34, b34) == false): Actual object 'null' and expected object 'null' are equal

07-03-2025T08:00:07 - [MESSAGE][PASSED] - Actual object 'null' and expected object 'null' are equal

07-03-2025T08:00:07 - [TEST_STEP][PASSED] - dZO = "Россети Ленэнерго (ГК)": null

07-03-2025T08:00:07 - [TEST_STEP][PASSED] - if (verifyEqual(a35, b35) == false): Actual object 'null' and expected object 'null' are equal

07-03-2025T08:00:07 - [MESSAGE][PASSED] - Actual object 'null' and expected object 'null' are equal

07-03-2025T08:00:07 - [TEST_STEP][PASSED] - dZO = "Россети Московский регион": null

07-03-2025T08:00:07 - [TEST_STEP][PASSED] - if (verifyEqual(a36, b36) == false): Actual object 'null' and expected object 'null' are equal

07-03-2025T08:00:07 - [MESSAGE][PASSED] - Actual object 'null' and expected object 'null' are equal

07-03-2025T08:00:07 - [TEST_STEP][PASSED] - dZO = "Россети Северный Кавказ (ГК)": null

07-03-2025T08:00:07 - [TEST_STEP][FAILED] - if (verifyEqual(a37, b37) == false): null

07-03-2025T08:00:07 - [MESSAGE][FAILED] - Unable to verify equal between actual object '1 727' and expected object '-509' (Root cause: com.kms.katalon.core.exception.StepFailedException: Actual object '1 727' and expected object '-509' are not equal
	at com.kms.katalon.core.keyword.builtin.VerifyEqualKeyword$_verifyEqual_closure1.doCall(VerifyEqualKeyword.groovy:58)
	at com.kms.katalon.core.keyword.builtin.VerifyEqualKeyword$_verifyEqual_closure1.call(VerifyEqualKeyword.groovy)
	at com.kms.katalon.core.keyword.internal.KeywordMain.runKeyword(KeywordMain.groovy:75)
	at com.kms.katalon.core.keyword.builtin.VerifyEqualKeyword.verifyEqual(VerifyEqualKeyword.groovy:63)
	at com.kms.katalon.core.keyword.builtin.VerifyEqualKeyword.execute(VerifyEqualKeyword.groovy:44)
	at com.kms.katalon.core.keyword.internal.KeywordExecutor.executeKeywordForPlatform(KeywordExecutor.groovy:74)
	at com.kms.katalon.core.keyword.BuiltinKeywords.verifyEqual(BuiltinKeywords.groovy:146)
	at jdk.internal.reflect.GeneratedMethodAccessor23.invoke(Unknown Source)
	at java.base/jdk.internal.reflect.DelegatingMethodAccessorImpl.invoke(DelegatingMethodAccessorImpl.java:43)
	at Выручка в рублях сверка дашбордов ПАО Россети.Blocks(Выручка в рублях сверка дашбордов ПАО Россети:428)
	at Выручка в рублях сверка дашбордов ПАО Россети.ViruchkaChange(Выручка в рублях сверка дашбордов ПАО Россети:60)
	at Выручка в рублях сверка дашбордов ПАО Россети.run(Выручка в рублях сверка дашбордов ПАО Россети:55)
	at com.kms.katalon.core.main.ScriptEngine.run(ScriptEngine.java:194)
	at com.kms.katalon.core.main.ScriptEngine.runScriptAsRawText(ScriptEngine.java:119)
	at com.kms.katalon.core.main.TestCaseExecutor.runScript(TestCaseExecutor.java:448)
	at com.kms.katalon.core.main.TestCaseExecutor.doExecute(TestCaseExecutor.java:439)
	at com.kms.katalon.core.main.TestCaseExecutor.processExecutionPhase(TestCaseExecutor.java:418)
	at com.kms.katalon.core.main.TestCaseExecutor.accessMainPhase(TestCaseExecutor.java:410)
	at com.kms.katalon.core.main.TestCaseExecutor.execute(TestCaseExecutor.java:285)
	at com.kms.katalon.core.common.CommonExecutor.accessTestCaseMainPhase(CommonExecutor.java:65)
	at com.kms.katalon.core.main.TestSuiteExecutor.accessTestSuiteMainPhase(TestSuiteExecutor.java:150)
	at com.kms.katalon.core.main.TestSuiteExecutor.execute(TestSuiteExecutor.java:106)
	at com.kms.katalon.core.main.TestCaseMain.startTestSuite(TestCaseMain.java:180)
	at TempTestSuite1741312418653.run(TempTestSuite1741312418653.groovy:35)
	at java.base/jdk.internal.reflect.NativeMethodAccessorImpl.invoke0(Native Method)
	at java.base/jdk.internal.reflect.NativeMethodAccessorImpl.invoke(NativeMethodAccessorImpl.java:77)
	at java.base/jdk.internal.reflect.DelegatingMethodAccessorImpl.invoke(DelegatingMethodAccessorImpl.java:43)
)

07-03-2025T08:00:07 - [TEST_STEP][PASSED] - a = replaceAll("\s+", "").trim(): null

07-03-2025T08:00:07 - [TEST_STEP][PASSED] - b = replaceAll("\s+", "").trim(): null

07-03-2025T08:00:07 - [TEST_STEP][PASSED] - Script1710234207206.WriteToExcel(todaysDate, run, vir, block, typeOfData, viruchka, vidget, nameOfBlock, a, b, dZO, x, y): null

07-03-2025T08:00:07 - [TEST_STEP][PASSED] - println(run): null

07-03-2025T08:00:07 - [TEST_STEP][PASSED] - if (run == 1): null

07-03-2025T08:00:07 - [TEST_STEP][PASSED] - typeOfData = "Млн": null

07-03-2025T08:00:07 - [TEST_STEP][PASSED] - println("todaysDate:" + todaysDate): null

07-03-2025T08:00:07 - [TEST_STEP][PASSED] - println("typeOfData:" + typeOfData): null

07-03-2025T08:00:07 - [TEST_STEP][PASSED] - viruchka = getText(findTestObject("Выручка в рублях/Фильтр Выручка" + nameOfBlock)): Text of object 'Object Repository/Выручка в рублях/Фильтр Выручка Выручка' is: 'ПЕРЕДАЧА ЭЛЕКТРОЭНЕРГИИ, внутренний оборот'

07-03-2025T08:00:08 - [MESSAGE][PASSED] - Text of object 'Object Repository/Выручка в рублях/Фильтр Выручка Выручка' is: 'ПЕРЕДАЧА ЭЛЕКТРОЭНЕРГИИ, внутренний оборот'

07-03-2025T08:00:08 - [TEST_STEP][PASSED] - println("viruchka" + viruchka): null

07-03-2025T08:00:08 - [TEST_STEP][PASSED] - println("vidget" + vidget): null

07-03-2025T08:00:08 - [TEST_STEP][PASSED] - println("a" + a): null

07-03-2025T08:00:08 - [TEST_STEP][PASSED] - println("b" + b): null

07-03-2025T08:00:08 - [TEST_STEP][PASSED] - sheetName = "Sheet1": null

07-03-2025T08:00:08 - [TEST_STEP][PASSED] - data = findTestData("PlanFact"): null

07-03-2025T08:00:08 - [TEST_STEP][PASSED] - n = data.getRowNumbers() + 1: null

07-03-2025T08:00:08 - [TEST_STEP][PASSED] - period = getText(findTestObject("Выручка в рублях/Фильтр Период")).trim(): Text of object 'Object Repository/Выручка в рублях/Фильтр Период' is: 'Январь 2025 года'

07-03-2025T08:00:08 - [MESSAGE][PASSED] - Text of object 'Object Repository/Выручка в рублях/Фильтр Период' is: 'Январь 2025 года'

07-03-2025T08:00:08 - [TEST_STEP][PASSED] - println(period): null

07-03-2025T08:00:08 - [TEST_STEP][PASSED] - if (period.findAll("[а-яА-Я]") == false): null

07-03-2025T08:00:08 - [TEST_STEP][PASSED] - dashboardName = "Выручка в рублях": null

07-03-2025T08:00:08 - [TEST_STEP][PASSED] - if (a == ""): null

07-03-2025T08:00:08 - [TEST_STEP][PASSED] - else: null

07-03-2025T08:00:08 - [TEST_STEP][PASSED] - x = a.toDouble(): null

07-03-2025T08:00:08 - [TEST_STEP][PASSED] - if (b == ""): null

07-03-2025T08:00:08 - [TEST_STEP][PASSED] - else: null

07-03-2025T08:00:08 - [TEST_STEP][PASSED] - y = b.toDouble(): null

07-03-2025T08:00:08 - [TEST_STEP][PASSED] - workbook01 = getWorkbook(excelFilePath): null

07-03-2025T08:00:08 - [TEST_STEP][PASSED] - sheet01 = getExcelSheet(workbook01, sheetName): null

07-03-2025T08:00:08 - [TEST_STEP][PASSED] - setValueToCellByIndex(sheet01, n, 0, dashboardName): null

07-03-2025T08:00:08 - [TEST_STEP][PASSED] - setValueToCellByIndex(sheet01, n, 1, dZO): null

07-03-2025T08:00:08 - [TEST_STEP][PASSED] - setValueToCellByIndex(sheet01, n, 2, vidget): null

07-03-2025T08:00:08 - [TEST_STEP][PASSED] - setValueToCellByIndex(sheet01, n, 3, viruchka): null

07-03-2025T08:00:08 - [TEST_STEP][PASSED] - setValueToCellByIndex(sheet01, n, 4, typeOfData): null

07-03-2025T08:00:08 - [TEST_STEP][PASSED] - if (a == "нет данных"): null

07-03-2025T08:00:08 - [TEST_STEP][PASSED] - else: null

07-03-2025T08:00:08 - [TEST_STEP][PASSED] - setValueToCellByIndex(sheet01, n, 5, x): null

07-03-2025T08:00:08 - [TEST_STEP][PASSED] - if (b == "нет данных"): null

07-03-2025T08:00:08 - [TEST_STEP][PASSED] - else: null

07-03-2025T08:00:08 - [TEST_STEP][PASSED] - setValueToCellByIndex(sheet01, n, 6, y): null

07-03-2025T08:00:08 - [TEST_STEP][PASSED] - setValueToCellByIndex(sheet01, n, 7, period): null

07-03-2025T08:00:08 - [TEST_STEP][PASSED] - setValueToCellByIndex(sheet01, n, 8, todaysDate): null

07-03-2025T08:00:08 - [TEST_STEP][PASSED] - n = n + 1: null

07-03-2025T08:00:08 - [TEST_STEP][PASSED] - saveWorkbook(excelFilePath, workbook01): null

07-03-2025T08:00:08 - [TEST_STEP][PASSED] - x = "": null

07-03-2025T08:00:08 - [TEST_STEP][PASSED] - y = "": null

07-03-2025T08:00:08 - [TEST_STEP][PASSED] - dZO = "Россети Северо-Запад": null

07-03-2025T08:00:08 - [TEST_STEP][PASSED] - if (verifyEqual(a38, b38) == false): Actual object 'null' and expected object 'null' are equal

07-03-2025T08:00:08 - [MESSAGE][PASSED] - Actual object 'null' and expected object 'null' are equal

07-03-2025T08:00:08 - [TEST_STEP][PASSED] - dZO = "Россети Сибирь (ГК)": null

07-03-2025T08:00:08 - [TEST_STEP][PASSED] - if (verifyEqual(a39, b39) == false): Actual object 'null' and expected object 'null' are equal

07-03-2025T08:00:08 - [MESSAGE][PASSED] - Actual object 'null' and expected object 'null' are equal

07-03-2025T08:00:08 - [TEST_STEP][PASSED] - dZO = "Россети Томск": null

07-03-2025T08:00:08 - [TEST_STEP][PASSED] - if (verifyEqual(a310, b310) == false): Actual object 'null' and expected object 'null' are equal

07-03-2025T08:00:08 - [MESSAGE][PASSED] - Actual object 'null' and expected object 'null' are equal

07-03-2025T08:00:08 - [TEST_STEP][PASSED] - dZO = "Россети Тюмень": null

07-03-2025T08:00:08 - [TEST_STEP][PASSED] - if (verifyEqual(a311, b311) == false): Actual object 'null' and expected object 'null' are equal

07-03-2025T08:00:08 - [MESSAGE][PASSED] - Actual object 'null' and expected object 'null' are equal

07-03-2025T08:00:08 - [TEST_STEP][PASSED] - dZO = "Россети Урал (ГК)": null

07-03-2025T08:00:08 - [TEST_STEP][PASSED] - if (verifyEqual(a312, b312) == false): Actual object 'null' and expected object 'null' are equal

07-03-2025T08:00:08 - [MESSAGE][PASSED] - Actual object 'null' and expected object 'null' are equal

07-03-2025T08:00:08 - [TEST_STEP][PASSED] - dZO = "Россети ФСК ЕЭС": null

07-03-2025T08:00:08 - [TEST_STEP][PASSED] - if (verifyEqual(a313, b313) == false): Actual object 'null' and expected object 'null' are equal

07-03-2025T08:00:08 - [MESSAGE][PASSED] - Actual object 'null' and expected object 'null' are equal

07-03-2025T08:00:08 - [TEST_STEP][PASSED] - dZO = "Россети Центр": null

07-03-2025T08:00:08 - [TEST_STEP][PASSED] - if (verifyEqual(a314, b314) == false): Actual object 'null' and expected object 'null' are equal

07-03-2025T08:00:08 - [MESSAGE][PASSED] - Actual object 'null' and expected object 'null' are equal

07-03-2025T08:00:08 - [TEST_STEP][PASSED] - dZO = "Россети Центр и Приволжье (ГК)": null

07-03-2025T08:00:08 - [TEST_STEP][PASSED] - if (verifyEqual(a315, b315) == false): Actual object 'null' and expected object 'null' are equal

07-03-2025T08:00:08 - [MESSAGE][PASSED] - Actual object 'null' and expected object 'null' are equal

07-03-2025T08:00:08 - [TEST_STEP][PASSED] - dZO = "Россети Юг (ГК)": null

07-03-2025T08:00:08 - [TEST_STEP][PASSED] - if (verifyEqual(a316, b316) == false): Actual object '0' and expected object '0' are equal

07-03-2025T08:00:08 - [MESSAGE][PASSED] - Actual object '0' and expected object '0' are equal

07-03-2025T08:00:08 - [TEST_STEP][PASSED] - dZO = "Россети Янтарь": null

07-03-2025T08:00:08 - [TEST_STEP][PASSED] - if (verifyEqual(a317, b317) == false): Actual object 'null' and expected object 'null' are equal

07-03-2025T08:00:08 - [MESSAGE][PASSED] - Actual object 'null' and expected object 'null' are equal

07-03-2025T08:00:08 - [TEST_STEP][PASSED] - closeBrowser(): null

07-03-2025T08:00:09 - [MESSAGE][PASSED] - Browser is closed

07-03-2025T08:00:09 - [TEST_STEP][PASSED] - Script1710234207206.ViruchkaChange(run, vir, block, nameOfBlock, typeOfData, viruchka, vidget, todaysDate, a, b, dZO, x, y): null

07-03-2025T08:00:09 - [TEST_STEP][PASSED] - for ([vir = 1, vir < 4, (vir++)]): null

07-03-2025T08:00:09 - [TEST_STEP][PASSED] - Script1710234207206.Blocks(run, vir, block, nameOfBlock, typeOfData, viruchka, vidget, todaysDate, a, b, dZO, x, y): null

07-03-2025T08:00:09 - [TEST_STEP][PASSED] - i = <not implemented yet for class: org.codehaus.groovy.ast.expr.EmptyExpression>: null

07-03-2025T08:00:09 - [TEST_STEP][PASSED] - perc = "": null

07-03-2025T08:00:09 - [TEST_STEP][PASSED] - a1 = <not implemented yet for class: org.codehaus.groovy.ast.expr.EmptyExpression>: null

07-03-2025T08:00:09 - [TEST_STEP][PASSED] - a2 = <not implemented yet for class: org.codehaus.groovy.ast.expr.EmptyExpression>: null

07-03-2025T08:00:09 - [TEST_STEP][PASSED] - a30 = <not implemented yet for class: org.codehaus.groovy.ast.expr.EmptyExpression>: null

07-03-2025T08:00:09 - [TEST_STEP][PASSED] - a31 = <not implemented yet for class: org.codehaus.groovy.ast.expr.EmptyExpression>: null

07-03-2025T08:00:09 - [TEST_STEP][PASSED] - a32 = <not implemented yet for class: org.codehaus.groovy.ast.expr.EmptyExpression>: null

07-03-2025T08:00:09 - [TEST_STEP][PASSED] - a33 = <not implemented yet for class: org.codehaus.groovy.ast.expr.EmptyExpression>: null

07-03-2025T08:00:09 - [TEST_STEP][PASSED] - a34 = <not implemented yet for class: org.codehaus.groovy.ast.expr.EmptyExpression>: null

07-03-2025T08:00:09 - [TEST_STEP][PASSED] - a35 = <not implemented yet for class: org.codehaus.groovy.ast.expr.EmptyExpression>: null

07-03-2025T08:00:09 - [TEST_STEP][PASSED] - a36 = <not implemented yet for class: org.codehaus.groovy.ast.expr.EmptyExpression>: null

07-03-2025T08:00:09 - [TEST_STEP][PASSED] - a37 = <not implemented yet for class: org.codehaus.groovy.ast.expr.EmptyExpression>: null

07-03-2025T08:00:09 - [TEST_STEP][PASSED] - a38 = <not implemented yet for class: org.codehaus.groovy.ast.expr.EmptyExpression>: null

07-03-2025T08:00:09 - [TEST_STEP][PASSED] - a39 = <not implemented yet for class: org.codehaus.groovy.ast.expr.EmptyExpression>: null

07-03-2025T08:00:09 - [TEST_STEP][PASSED] - a310 = <not implemented yet for class: org.codehaus.groovy.ast.expr.EmptyExpression>: null

07-03-2025T08:00:09 - [TEST_STEP][PASSED] - a311 = <not implemented yet for class: org.codehaus.groovy.ast.expr.EmptyExpression>: null

07-03-2025T08:00:09 - [TEST_STEP][PASSED] - a312 = <not implemented yet for class: org.codehaus.groovy.ast.expr.EmptyExpression>: null

07-03-2025T08:00:09 - [TEST_STEP][PASSED] - a313 = <not implemented yet for class: org.codehaus.groovy.ast.expr.EmptyExpression>: null

07-03-2025T08:00:09 - [TEST_STEP][PASSED] - a314 = <not implemented yet for class: org.codehaus.groovy.ast.expr.EmptyExpression>: null

07-03-2025T08:00:09 - [TEST_STEP][PASSED] - a315 = <not implemented yet for class: org.codehaus.groovy.ast.expr.EmptyExpression>: null

07-03-2025T08:00:09 - [TEST_STEP][PASSED] - a316 = <not implemented yet for class: org.codehaus.groovy.ast.expr.EmptyExpression>: null

07-03-2025T08:00:09 - [TEST_STEP][PASSED] - a317 = <not implemented yet for class: org.codehaus.groovy.ast.expr.EmptyExpression>: null

07-03-2025T08:00:09 - [TEST_STEP][PASSED] - b1 = <not implemented yet for class: org.codehaus.groovy.ast.expr.EmptyExpression>: null

07-03-2025T08:00:09 - [TEST_STEP][PASSED] - b2 = <not implemented yet for class: org.codehaus.groovy.ast.expr.EmptyExpression>: null

07-03-2025T08:00:09 - [TEST_STEP][PASSED] - b30 = <not implemented yet for class: org.codehaus.groovy.ast.expr.EmptyExpression>: null

07-03-2025T08:00:09 - [TEST_STEP][PASSED] - b31 = <not implemented yet for class: org.codehaus.groovy.ast.expr.EmptyExpression>: null

07-03-2025T08:00:09 - [TEST_STEP][PASSED] - b32 = <not implemented yet for class: org.codehaus.groovy.ast.expr.EmptyExpression>: null

07-03-2025T08:00:09 - [TEST_STEP][PASSED] - b33 = <not implemented yet for class: org.codehaus.groovy.ast.expr.EmptyExpression>: null

07-03-2025T08:00:09 - [TEST_STEP][PASSED] - b34 = <not implemented yet for class: org.codehaus.groovy.ast.expr.EmptyExpression>: null

07-03-2025T08:00:09 - [TEST_STEP][PASSED] - b35 = <not implemented yet for class: org.codehaus.groovy.ast.expr.EmptyExpression>: null

07-03-2025T08:00:09 - [TEST_STEP][PASSED] - b36 = <not implemented yet for class: org.codehaus.groovy.ast.expr.EmptyExpression>: null

07-03-2025T08:00:09 - [TEST_STEP][PASSED] - b37 = <not implemented yet for class: org.codehaus.groovy.ast.expr.EmptyExpression>: null

07-03-2025T08:00:09 - [TEST_STEP][PASSED] - b38 = <not implemented yet for class: org.codehaus.groovy.ast.expr.EmptyExpression>: null

07-03-2025T08:00:09 - [TEST_STEP][PASSED] - b39 = <not implemented yet for class: org.codehaus.groovy.ast.expr.EmptyExpression>: null

07-03-2025T08:00:09 - [TEST_STEP][PASSED] - b310 = <not implemented yet for class: org.codehaus.groovy.ast.expr.EmptyExpression>: null

07-03-2025T08:00:09 - [TEST_STEP][PASSED] - b311 = <not implemented yet for class: org.codehaus.groovy.ast.expr.EmptyExpression>: null

07-03-2025T08:00:09 - [TEST_STEP][PASSED] - b312 = <not implemented yet for class: org.codehaus.groovy.ast.expr.EmptyExpression>: null

07-03-2025T08:00:09 - [TEST_STEP][PASSED] - b313 = <not implemented yet for class: org.codehaus.groovy.ast.expr.EmptyExpression>: null

07-03-2025T08:00:09 - [TEST_STEP][PASSED] - b314 = <not implemented yet for class: org.codehaus.groovy.ast.expr.EmptyExpression>: null

07-03-2025T08:00:09 - [TEST_STEP][PASSED] - b315 = <not implemented yet for class: org.codehaus.groovy.ast.expr.EmptyExpression>: null

07-03-2025T08:00:09 - [TEST_STEP][PASSED] - b316 = <not implemented yet for class: org.codehaus.groovy.ast.expr.EmptyExpression>: null

07-03-2025T08:00:09 - [TEST_STEP][PASSED] - b317 = <not implemented yet for class: org.codehaus.groovy.ast.expr.EmptyExpression>: null

07-03-2025T08:00:09 - [TEST_STEP][PASSED] - block = 1: null

07-03-2025T08:00:09 - [TEST_STEP][PASSED] - nameOfBlock = "": null

07-03-2025T08:00:09 - [TEST_STEP][PASSED] - Script1710234207206.PreSettings(run, vir, block, nameOfBlock, typeOfData, todaysDate): null

07-03-2025T08:00:09 - [TEST_STEP][PASSED] - openBrowser(""): Browser is opened with url: ''

07-03-2025T08:00:09 - [MESSAGE][INFO] - Starting 'Chrome' driver

07-03-2025T08:00:09 - [MESSAGE][INFO] - Action delay is set to 0 milliseconds

07-03-2025T08:00:10 - [MESSAGE][PASSED] - Browser is opened with url: ''

07-03-2025T08:00:10 - [TEST_STEP][PASSED] - refresh(): Refresh successfully

07-03-2025T08:00:10 - [MESSAGE][PASSED] - Refresh successfully

07-03-2025T08:00:10 - [TEST_STEP][PASSED] - delay(50): Delayed 50 second(s)

07-03-2025T08:01:00 - [MESSAGE][PASSED] - Delayed 50 second(s)

07-03-2025T08:01:00 - [TEST_STEP][PASSED] - println("run:" + run): null

07-03-2025T08:01:00 - [TEST_STEP][PASSED] - println("vir:" + vir): null

07-03-2025T08:01:00 - [TEST_STEP][PASSED] - println("block:" + block): null

07-03-2025T08:01:00 - [TEST_STEP][PASSED] - if (block == 1): null

07-03-2025T08:01:00 - [TEST_STEP][PASSED] - nameOfBlock = "": null

07-03-2025T08:01:00 - [TEST_STEP][PASSED] - println("nameOfBlock:" + nameOfBlock): null

07-03-2025T08:01:00 - [TEST_STEP][PASSED] - println("typeOfData:" + typeOfData): null

07-03-2025T08:01:00 - [TEST_STEP][PASSED] - println("todaysDate:" + todaysDate): null

07-03-2025T08:01:00 - [TEST_STEP][PASSED] - Script1710234207206.Autorization(block, nameOfBlock): null

07-03-2025T08:01:00 - [TEST_STEP][PASSED] - i = <not implemented yet for class: org.codehaus.groovy.ast.expr.EmptyExpression>: null

07-03-2025T08:01:00 - [TEST_STEP][PASSED] - ii = <not implemented yet for class: org.codehaus.groovy.ast.expr.EmptyExpression>: null

07-03-2025T08:01:00 - [TEST_STEP][PASSED] - urlData = <not implemented yet for class: org.codehaus.groovy.ast.expr.EmptyExpression>: null

07-03-2025T08:01:00 - [TEST_STEP][PASSED] - searchWord = <not implemented yet for class: org.codehaus.groovy.ast.expr.EmptyExpression>: null

07-03-2025T08:01:00 - [TEST_STEP][PASSED] - urlText = <not implemented yet for class: org.codehaus.groovy.ast.expr.EmptyExpression>: null

07-03-2025T08:01:00 - [TEST_STEP][PASSED] - println("block:" + block): null

07-03-2025T08:01:00 - [TEST_STEP][PASSED] - if (block == 1): null

07-03-2025T08:01:00 - [TEST_STEP][PASSED] - nameOfBlock = "": null

07-03-2025T08:01:00 - [TEST_STEP][PASSED] - println("nameOfBlock:" + nameOfBlock): null

07-03-2025T08:01:00 - [TEST_STEP][PASSED] - if (block == 1): Delayed 45 second(s)

07-03-2025T08:01:00 - [TEST_STEP][PASSED] - urlData = 2: null

07-03-2025T08:01:00 - [TEST_STEP][PASSED] - delay(45): Delayed 45 second(s)

07-03-2025T08:01:45 - [MESSAGE][PASSED] - Delayed 45 second(s)

07-03-2025T08:01:45 - [TEST_STEP][PASSED] - navigateToUrl(findTestData("PlanFact").getValue(10, urlData)): Navigate to 'https://bi.rosseti.digital/viewer?dashboardGuid=2301950b23be4ed89c1df75f2020051e&sheetGuid=b723206f698544fb87299f3095c00435&fit=true' successfully

07-03-2025T08:01:48 - [MESSAGE][PASSED] - Navigate to 'https://bi.rosseti.digital/viewer?dashboardGuid=2301950b23be4ed89c1df75f2020051e&sheetGuid=b723206f698544fb87299f3095c00435&fit=true' successfully

07-03-2025T08:01:48 - [TEST_STEP][PASSED] - urlText = getText(findTestObject("Страница авторизации/Text")): Text of object 'Object Repository/Страница авторизации/Text' is: 'Вход'

07-03-2025T08:01:51 - [MESSAGE][PASSED] - Text of object 'Object Repository/Страница авторизации/Text' is: 'Вход'

07-03-2025T08:01:51 - [TEST_STEP][PASSED] - searchWord = "Вход": null

07-03-2025T08:01:51 - [TEST_STEP][PASSED] - if (urlText == null || urlText.contains("ошибка") || urlText.contains(searchWord) == false): null

07-03-2025T08:01:51 - [TEST_STEP][PASSED] - if (verifyElementPresent(findTestObject("Страница авторизации/button_"), 30) == true): null

07-03-2025T08:01:51 - [MESSAGE][PASSED] - Object 'Object Repository/Страница авторизации/button_' is present

07-03-2025T08:01:51 - [TEST_STEP][PASSED] - setText(findTestObject("Страница авторизации/input__username"), findTestData("PlanFact").getValue(8, 1)): Text 'liazgina-di' is set on object 'Object Repository/Страница авторизации/input__username'

07-03-2025T08:01:52 - [MESSAGE][PASSED] - Text 'liazgina-di' is set on object 'Object Repository/Страница авторизации/input__username'

07-03-2025T08:01:52 - [TEST_STEP][PASSED] - setText(findTestObject("Страница авторизации/input__password"), findTestData("PlanFact").getValue(9, 1)): Text ')$%5srZ8o688Dm#q' is set on object 'Object Repository/Страница авторизации/input__password'

07-03-2025T08:01:52 - [MESSAGE][PASSED] - Text ')$%5srZ8o688Dm#q' is set on object 'Object Repository/Страница авторизации/input__password'

07-03-2025T08:01:52 - [TEST_STEP][PASSED] - click(findTestObject("Страница авторизации/button_")): Object: 'Object Repository/Страница авторизации/button_' is clicked on

07-03-2025T08:01:54 - [MESSAGE][PASSED] - Object: 'Object Repository/Страница авторизации/button_' is clicked on

07-03-2025T08:01:54 - [TEST_STEP][PASSED] - delay(45): Delayed 45 second(s)

07-03-2025T08:02:39 - [MESSAGE][PASSED] - Delayed 45 second(s)

07-03-2025T08:02:39 - [TEST_STEP][PASSED] - urlText = getText(findTestObject("Страница авторизации/Text")): Text of object 'Object Repository/Страница авторизации/Text' is: 'Период
Январь 2025 года
Выручка
Все
Выполнение плановых показателей по ПАО Россети за Январь 2025 года
План
Факт
Динамика
2025 год
0 млн.руб.
20 000 млн.руб.
40 000 млн.руб.
60 000 млн.руб.
80 000 млн.руб.
100 000 млн.руб.
120 000 млн.руб.
140 000 млн.руб.
160 000 млн.руб.
180 000 млн.руб.
200 000 млн.руб.
121 309
157 865
↑
ДЗО 
ПАО Россети
Внутренний оборот - выручка за услуги по передаче электрической энергии, учтенная в выручке за электроэнергию для конечных потребителей, при выполнении ДЗО функций гарантирующего поставщика
Подписи данных
⬤Отклонение
АО "РЭС"
АО «Тываэнерго»
АО «Чеченэнерго»
Россети Волга
Россети Кубань
Россети Ленэнерго (ГК)
Россети Московский регион
Россети Северный Кавказ (ГК)
Россети Северо-Запад
Россети Сибирь (ГК)
Россети Томск
Россети Тюмень
Россети Урал (ГК)
Россети ФСК ЕЭС
Россети Центр
Россети Центр и Приволжье (ГК)
Россети Юг (ГК)
Россети Янтарь
-2 000 млн.руб.
0 млн.руб.
2 000 млн.руб.
4 000 млн.руб.
6 000 млн.руб.
8 000 млн.руб.
10 000 млн.руб.
12 000 млн.руб.
14 000 млн.руб.
-73
274
463
1 630
-54
-403
8 709
3 799
-251
11 296
-58
-1 104
-474
-59
-675
13 055
500
-19
млн.
%
Выручка
Отклонение выручки по ПАО Россети за Январь 2025 года (факт/план, млн. руб)
ПАО Россети
36 556 млн.руб.
 '

07-03-2025T08:02:40 - [MESSAGE][PASSED] - Text of object 'Object Repository/Страница авторизации/Text' is: 'Период
Январь 2025 года
Выручка
Все
Выполнение плановых показателей по ПАО Россети за Январь 2025 года
План
Факт
Динамика
2025 год
0 млн.руб.
20 000 млн.руб.
40 000 млн.руб.
60 000 млн.руб.
80 000 млн.руб.
100 000 млн.руб.
120 000 млн.руб.
140 000 млн.руб.
160 000 млн.руб.
180 000 млн.руб.
200 000 млн.руб.
121 309
157 865
↑
ДЗО 
ПАО Россети
Внутренний оборот - выручка за услуги по передаче электрической энергии, учтенная в выручке за электроэнергию для конечных потребителей, при выполнении ДЗО функций гарантирующего поставщика
Подписи данных
⬤Отклонение
АО "РЭС"
АО «Тываэнерго»
АО «Чеченэнерго»
Россети Волга
Россети Кубань
Россети Ленэнерго (ГК)
Россети Московский регион
Россети Северный Кавказ (ГК)
Россети Северо-Запад
Россети Сибирь (ГК)
Россети Томск
Россети Тюмень
Россети Урал (ГК)
Россети ФСК ЕЭС
Россети Центр
Россети Центр и Приволжье (ГК)
Россети Юг (ГК)
Россети Янтарь
-2 000 млн.руб.
0 млн.руб.
2 000 млн.руб.
4 000 млн.руб.
6 000 млн.руб.
8 000 млн.руб.
10 000 млн.руб.
12 000 млн.руб.
14 000 млн.руб.
-73
274
463
1 630
-54
-403
8 709
3 799
-251
11 296
-58
-1 104
-474
-59
-675
13 055
500
-19
млн.
%
Выручка
Отклонение выручки по ПАО Россети за Январь 2025 года (факт/план, млн. руб)
ПАО Россети
36 556 млн.руб.
 '

07-03-2025T08:02:40 - [TEST_STEP][PASSED] - searchWord = "а": null

07-03-2025T08:02:40 - [TEST_STEP][PASSED] - if (urlText.contains("ошибка") || urlText.contains(searchWord) == false): null

07-03-2025T08:02:40 - [TEST_STEP][PASSED] - delay(45): Delayed 45 second(s)

07-03-2025T08:03:25 - [MESSAGE][PASSED] - Delayed 45 second(s)

07-03-2025T08:03:25 - [TEST_STEP][PASSED] - if (block == 2): null

07-03-2025T08:03:25 - [TEST_STEP][PASSED] - click(findTestObject("Выручка в рублях/Фильтр Период" + nameOfBlock)): Object: 'Object Repository/Выручка в рублях/Фильтр Период' is clicked on

07-03-2025T08:03:25 - [MESSAGE][PASSED] - Object: 'Object Repository/Выручка в рублях/Фильтр Период' is clicked on

07-03-2025T08:03:25 - [TEST_STEP][PASSED] - click(findTestObject("Выручка в рублях/Снять выделение в фильтре Дата" + nameOfBlock)): Object: 'Object Repository/Выручка в рублях/Снять выделение в фильтре Дата' is clicked on

07-03-2025T08:03:26 - [MESSAGE][PASSED] - Object: 'Object Repository/Выручка в рублях/Снять выделение в фильтре Дата' is clicked on

07-03-2025T08:03:26 - [TEST_STEP][PASSED] - click(findTestObject("Выручка в рублях/Применить в фильтре Дата" + nameOfBlock)): Object: 'Object Repository/Выручка в рублях/Применить в фильтре Дата' is clicked on

07-03-2025T08:03:26 - [MESSAGE][PASSED] - Object: 'Object Repository/Выручка в рублях/Применить в фильтре Дата' is clicked on

07-03-2025T08:03:26 - [TEST_STEP][PASSED] - delay(50): Delayed 50 second(s)

07-03-2025T08:04:16 - [MESSAGE][PASSED] - Delayed 50 second(s)

07-03-2025T08:04:16 - [TEST_STEP][PASSED] - click(findTestObject("Выручка в рублях/Фильтр Период" + nameOfBlock)): Object: 'Object Repository/Выручка в рублях/Фильтр Период' is clicked on

07-03-2025T08:04:17 - [MESSAGE][PASSED] - Object: 'Object Repository/Выручка в рублях/Фильтр Период' is clicked on

07-03-2025T08:04:17 - [TEST_STEP][PASSED] - click(findTestObject("Выручка в рублях/Снять выделение в фильтре Дата" + nameOfBlock)): Object: 'Object Repository/Выручка в рублях/Снять выделение в фильтре Дата' is clicked on

07-03-2025T08:04:17 - [MESSAGE][PASSED] - Object: 'Object Repository/Выручка в рублях/Снять выделение в фильтре Дата' is clicked on

07-03-2025T08:04:17 - [TEST_STEP][PASSED] - scrollToElement(findTestObject("Выручка в рублях/2025 список" + nameOfBlock), 30): Scroll to object 'Object Repository/Выручка в рублях/2025 список' successfully

07-03-2025T08:04:18 - [MESSAGE][PASSED] - Scroll to object 'Object Repository/Выручка в рублях/2025 список' successfully

07-03-2025T08:04:18 - [TEST_STEP][PASSED] - click(findTestObject("Выручка в рублях/2025 список" + nameOfBlock)): Object: 'Object Repository/Выручка в рублях/2025 список' is clicked on

07-03-2025T08:04:18 - [MESSAGE][PASSED] - Object: 'Object Repository/Выручка в рублях/2025 список' is clicked on

07-03-2025T08:04:18 - [TEST_STEP][PASSED] - scrollToElement(findTestObject("Выручка в рублях/1 квартал 2025 список Выручка"), 30): Scroll to object 'Object Repository/Выручка в рублях/1 квартал 2025 список Выручка' successfully

07-03-2025T08:04:18 - [MESSAGE][PASSED] - Scroll to object 'Object Repository/Выручка в рублях/1 квартал 2025 список Выручка' successfully

07-03-2025T08:04:18 - [TEST_STEP][PASSED] - click(findTestObject("Выручка в рублях/1 квартал 2025 список" + nameOfBlock)): Object: 'Object Repository/Выручка в рублях/1 квартал 2025 список' is clicked on

07-03-2025T08:04:19 - [MESSAGE][PASSED] - Object: 'Object Repository/Выручка в рублях/1 квартал 2025 список' is clicked on

07-03-2025T08:04:19 - [TEST_STEP][PASSED] - scrollToElement(findTestObject("Выручка в рублях/Январь 2025" + nameOfBlock), 30): Scroll to object 'Object Repository/Выручка в рублях/Январь 2025' successfully

07-03-2025T08:04:19 - [MESSAGE][PASSED] - Scroll to object 'Object Repository/Выручка в рублях/Январь 2025' successfully

07-03-2025T08:04:19 - [TEST_STEP][PASSED] - click(findTestObject("Выручка в рублях/Январь 2025" + nameOfBlock)): Object: 'Object Repository/Выручка в рублях/Январь 2025' is clicked on

07-03-2025T08:04:19 - [MESSAGE][PASSED] - Object: 'Object Repository/Выручка в рублях/Январь 2025' is clicked on

07-03-2025T08:04:19 - [TEST_STEP][PASSED] - scrollToElement(findTestObject("Выручка в рублях/Заголовок дашборда" + nameOfBlock), 30): Scroll to object 'Object Repository/Выручка в рублях/Заголовок дашборда' successfully

07-03-2025T08:04:20 - [MESSAGE][PASSED] - Scroll to object 'Object Repository/Выручка в рублях/Заголовок дашборда' successfully

07-03-2025T08:04:20 - [TEST_STEP][PASSED] - click(findTestObject("Выручка в рублях/Применить в фильтре Дата" + nameOfBlock)): Object: 'Object Repository/Выручка в рублях/Применить в фильтре Дата' is clicked on

07-03-2025T08:04:20 - [MESSAGE][PASSED] - Object: 'Object Repository/Выручка в рублях/Применить в фильтре Дата' is clicked on

07-03-2025T08:04:20 - [TEST_STEP][PASSED] - delay(55): Delayed 55 second(s)

07-03-2025T08:05:15 - [MESSAGE][PASSED] - Delayed 55 second(s)

07-03-2025T08:05:15 - [TEST_STEP][PASSED] - click(findTestObject("Выручка в рублях/Фильтр ДЗО" + nameOfBlock)): Object: 'Object Repository/Выручка в рублях/Фильтр ДЗО' is clicked on

07-03-2025T08:05:16 - [MESSAGE][PASSED] - Object: 'Object Repository/Выручка в рублях/Фильтр ДЗО' is clicked on

07-03-2025T08:05:16 - [TEST_STEP][PASSED] - click(findTestObject("Выручка в рублях/Снять выделение в фильтре ДЗО" + nameOfBlock)): Object: 'Object Repository/Выручка в рублях/Снять выделение в фильтре ДЗО' is clicked on

07-03-2025T08:05:16 - [MESSAGE][PASSED] - Object: 'Object Repository/Выручка в рублях/Снять выделение в фильтре ДЗО' is clicked on

07-03-2025T08:05:16 - [TEST_STEP][PASSED] - click(findTestObject("Выручка в рублях/Применить в фильтре ДЗО" + nameOfBlock)): Object: 'Object Repository/Выручка в рублях/Применить в фильтре ДЗО' is clicked on

07-03-2025T08:05:17 - [MESSAGE][PASSED] - Object: 'Object Repository/Выручка в рублях/Применить в фильтре ДЗО' is clicked on

07-03-2025T08:05:17 - [TEST_STEP][PASSED] - delay(50): Delayed 50 second(s)

07-03-2025T08:06:07 - [MESSAGE][PASSED] - Delayed 50 second(s)

07-03-2025T08:06:07 - [TEST_STEP][PASSED] - Script1710234207206.Tumbler(run, vir, block, nameOfBlock): null

07-03-2025T08:06:07 - [TEST_STEP][PASSED] - println("run:" + run): null

07-03-2025T08:06:07 - [TEST_STEP][PASSED] - println("vir:" + vir): null

07-03-2025T08:06:07 - [TEST_STEP][PASSED] - println("block:" + block): null

07-03-2025T08:06:07 - [TEST_STEP][PASSED] - println("nameOfBlock:" + nameOfBlock): null

07-03-2025T08:06:07 - [TEST_STEP][PASSED] - if (vir == 1): Object: 'Object Repository/Выручка в рублях/Переключить отображение с млн на проценты Выручка в рублях' is clicked on

07-03-2025T08:06:07 - [TEST_STEP][PASSED] - if (run == 2): Object: 'Object Repository/Выручка в рублях/Переключить отображение с млн на проценты Выручка в рублях' is clicked on

07-03-2025T08:06:07 - [TEST_STEP][PASSED] - click(findTestObject("Выручка в рублях/Переключить отображение с млн на проценты Выручка в рублях" + nameOfBlock)): Object: 'Object Repository/Выручка в рублях/Переключить отображение с млн на проценты Выручка в рублях' is clicked on

07-03-2025T08:06:07 - [MESSAGE][PASSED] - Object: 'Object Repository/Выручка в рублях/Переключить отображение с млн на проценты Выручка в рублях' is clicked on

07-03-2025T08:06:07 - [TEST_STEP][PASSED] - click(findTestObject("Выручка в рублях/Фильтр ДЗО" + nameOfBlock)): Object: 'Object Repository/Выручка в рублях/Фильтр ДЗО' is clicked on

07-03-2025T08:06:08 - [MESSAGE][PASSED] - Object: 'Object Repository/Выручка в рублях/Фильтр ДЗО' is clicked on

07-03-2025T08:06:08 - [TEST_STEP][PASSED] - Script1710234207206.Rosseti(nameOfBlock): null

07-03-2025T08:06:08 - [TEST_STEP][PASSED] - println("nameOfBlock:" + nameOfBlock): null

07-03-2025T08:06:08 - [TEST_STEP][PASSED] - click(findTestObject("Выручка в рублях/ПАО Россети" + nameOfBlock)): Object: 'Object Repository/Выручка в рублях/ПАО Россети' is clicked on

07-03-2025T08:06:08 - [MESSAGE][PASSED] - Object: 'Object Repository/Выручка в рублях/ПАО Россети' is clicked on

07-03-2025T08:06:08 - [TEST_STEP][PASSED] - click(findTestObject("Выручка в рублях/Применить в фильтре ДЗО" + nameOfBlock)): Object: 'Object Repository/Выручка в рублях/Применить в фильтре ДЗО' is clicked on

07-03-2025T08:06:09 - [MESSAGE][PASSED] - Object: 'Object Repository/Выручка в рублях/Применить в фильтре ДЗО' is clicked on

07-03-2025T08:06:09 - [TEST_STEP][PASSED] - if (run == 2): null

07-03-2025T08:06:09 - [TEST_STEP][PASSED] - perc = " Perc": null

07-03-2025T08:06:09 - [TEST_STEP][PASSED] - if (vir == 1 || vir == 2): Text of object 'Object Repository/Выручка в рублях/График План' is: '121 309'

07-03-2025T08:06:09 - [TEST_STEP][PASSED] - a1 = getText(findTestObject("Выручка в рублях/График План")): Text of object 'Object Repository/Выручка в рублях/График План' is: '121 309'

07-03-2025T08:06:10 - [MESSAGE][PASSED] - Text of object 'Object Repository/Выручка в рублях/График План' is: '121 309'

07-03-2025T08:06:10 - [TEST_STEP][PASSED] - if (vir == 1 || vir == 2): Text of object 'Object Repository/Выручка в рублях/График Факт' is: '157 865'

07-03-2025T08:06:10 - [TEST_STEP][PASSED] - a2 = getText(findTestObject("Выручка в рублях/График Факт")): Text of object 'Object Repository/Выручка в рублях/График Факт' is: '157 865'

07-03-2025T08:06:10 - [MESSAGE][PASSED] - Text of object 'Object Repository/Выручка в рублях/График Факт' is: '157 865'

07-03-2025T08:06:10 - [TEST_STEP][PASSED] - a30 = getText(findTestObject("Выручка в рублях/span1" + perc)): Text of object 'Object Repository/Выручка в рублях/span1 Perc' is: '-100 %'

07-03-2025T08:06:11 - [MESSAGE][PASSED] - Text of object 'Object Repository/Выручка в рублях/span1 Perc' is: '-100 %'

07-03-2025T08:06:11 - [TEST_STEP][PASSED] - i = a30.indexOf("млн.руб."): null

07-03-2025T08:06:11 - [TEST_STEP][PASSED] - if (i > -1): null

07-03-2025T08:06:11 - [TEST_STEP][PASSED] - if (a30.contains("%")): null

07-03-2025T08:06:11 - [TEST_STEP][PASSED] - a30 = a30.replaceAll("%", ""): null

07-03-2025T08:06:11 - [TEST_STEP][PASSED] - a30 = ").trim(): null

07-03-2025T08:06:11 - [TEST_STEP][PASSED] - println("a30: " + a30): null

07-03-2025T08:06:11 - [TEST_STEP][PASSED] - if (vir == 1 || vir == 2): Text of object 'Object Repository/Выручка в рублях/span2 Perc' is: 'ПАО Россети'

07-03-2025T08:06:11 - [TEST_STEP][PASSED] - a31 = ").trim(): Text of object 'Object Repository/Выручка в рублях/span2 Perc' is: 'ПАО Россети'

07-03-2025T08:06:11 - [MESSAGE][PASSED] - Text of object 'Object Repository/Выручка в рублях/span2 Perc' is: 'ПАО Россети'

07-03-2025T08:06:11 - [TEST_STEP][PASSED] - if (vir == 1 || vir == 2): Text of object 'Object Repository/Выручка в рублях/span3 Perc' is: ''

07-03-2025T08:06:11 - [TEST_STEP][PASSED] - a32 = ").trim(): Text of object 'Object Repository/Выручка в рублях/span3 Perc' is: ''

07-03-2025T08:06:11 - [MESSAGE][PASSED] - Text of object 'Object Repository/Выручка в рублях/span3 Perc' is: ''

07-03-2025T08:06:11 - [TEST_STEP][PASSED] - if (vir == 1 || vir == 2): Text of object 'Object Repository/Выручка в рублях/span8 Perc' is: '-100 %'

07-03-2025T08:06:11 - [TEST_STEP][PASSED] - a33 = ").trim(): Text of object 'Object Repository/Выручка в рублях/span4 Perc' is: ''

07-03-2025T08:06:11 - [MESSAGE][PASSED] - Text of object 'Object Repository/Выручка в рублях/span4 Perc' is: ''

07-03-2025T08:06:11 - [TEST_STEP][PASSED] - a34 = ").trim(): Text of object 'Object Repository/Выручка в рублях/span5 Perc' is: '-100 %'

07-03-2025T08:06:12 - [MESSAGE][PASSED] - Text of object 'Object Repository/Выручка в рублях/span5 Perc' is: '-100 %'

07-03-2025T08:06:12 - [TEST_STEP][PASSED] - a35 = ").trim(): Text of object 'Object Repository/Выручка в рублях/span6 Perc' is: '-100 %'

07-03-2025T08:06:12 - [MESSAGE][PASSED] - Text of object 'Object Repository/Выручка в рублях/span6 Perc' is: '-100 %'

07-03-2025T08:06:12 - [TEST_STEP][PASSED] - a36 = ").trim(): Text of object 'Object Repository/Выручка в рублях/span7 Perc' is: '-100 %'

07-03-2025T08:06:12 - [MESSAGE][PASSED] - Text of object 'Object Repository/Выручка в рублях/span7 Perc' is: '-100 %'

07-03-2025T08:06:12 - [TEST_STEP][PASSED] - a37 = ").trim(): Text of object 'Object Repository/Выручка в рублях/span8 Perc' is: '-100 %'

07-03-2025T08:06:13 - [MESSAGE][PASSED] - Text of object 'Object Repository/Выручка в рублях/span8 Perc' is: '-100 %'

07-03-2025T08:06:13 - [TEST_STEP][PASSED] - if (vir == 1 || vir == 2): Text of object 'Object Repository/Выручка в рублях/span17 Perc' is: '-100 %'

07-03-2025T08:06:13 - [TEST_STEP][PASSED] - a38 = ").trim(): Text of object 'Object Repository/Выручка в рублях/span9 Perc' is: '-100 %'

07-03-2025T08:06:13 - [MESSAGE][PASSED] - Text of object 'Object Repository/Выручка в рублях/span9 Perc' is: '-100 %'

07-03-2025T08:06:13 - [TEST_STEP][PASSED] - a39 = ").trim(): Text of object 'Object Repository/Выручка в рублях/span10 Perc' is: '-100 %'

07-03-2025T08:06:13 - [MESSAGE][PASSED] - Text of object 'Object Repository/Выручка в рублях/span10 Perc' is: '-100 %'

07-03-2025T08:06:13 - [TEST_STEP][PASSED] - a310 = ").trim(): Text of object 'Object Repository/Выручка в рублях/span11 Perc' is: '-100 %'

07-03-2025T08:06:13 - [MESSAGE][PASSED] - Text of object 'Object Repository/Выручка в рублях/span11 Perc' is: '-100 %'

07-03-2025T08:06:13 - [TEST_STEP][PASSED] - a311 = ").trim(): Text of object 'Object Repository/Выручка в рублях/span12 Perc' is: '-100 %'

07-03-2025T08:06:14 - [MESSAGE][PASSED] - Text of object 'Object Repository/Выручка в рублях/span12 Perc' is: '-100 %'

07-03-2025T08:06:14 - [TEST_STEP][PASSED] - a312 = ").trim(): Text of object 'Object Repository/Выручка в рублях/span13 Perc' is: '-100 %'

07-03-2025T08:06:14 - [MESSAGE][PASSED] - Text of object 'Object Repository/Выручка в рублях/span13 Perc' is: '-100 %'

07-03-2025T08:06:14 - [TEST_STEP][PASSED] - a313 = ").trim(): Text of object 'Object Repository/Выручка в рублях/span14 Perc' is: '-100 %'

07-03-2025T08:06:14 - [MESSAGE][PASSED] - Text of object 'Object Repository/Выручка в рублях/span14 Perc' is: '-100 %'

07-03-2025T08:06:14 - [TEST_STEP][PASSED] - a314 = ").trim(): Text of object 'Object Repository/Выручка в рублях/span15 Perc' is: '-100 %'

07-03-2025T08:06:15 - [MESSAGE][PASSED] - Text of object 'Object Repository/Выручка в рублях/span15 Perc' is: '-100 %'

07-03-2025T08:06:15 - [TEST_STEP][PASSED] - a315 = ").trim(): Text of object 'Object Repository/Выручка в рублях/span16 Perc' is: '-100 %'

07-03-2025T08:06:15 - [MESSAGE][PASSED] - Text of object 'Object Repository/Выручка в рублях/span16 Perc' is: '-100 %'

07-03-2025T08:06:15 - [TEST_STEP][PASSED] - a316 = ").trim(): Text of object 'Object Repository/Выручка в рублях/span17 Perc' is: '-100 %'

07-03-2025T08:06:15 - [MESSAGE][PASSED] - Text of object 'Object Repository/Выручка в рублях/span17 Perc' is: '-100 %'

07-03-2025T08:06:15 - [TEST_STEP][PASSED] - if (vir == 1 || vir == 2): Text of object 'Object Repository/Выручка в рублях/span18 Perc' is: '-100 %'

07-03-2025T08:06:15 - [TEST_STEP][PASSED] - a317 = ").trim(): Text of object 'Object Repository/Выручка в рублях/span18 Perc' is: '-100 %'

07-03-2025T08:06:16 - [MESSAGE][PASSED] - Text of object 'Object Repository/Выручка в рублях/span18 Perc' is: '-100 %'

07-03-2025T08:06:16 - [TEST_STEP][PASSED] - block = 2: null

07-03-2025T08:06:16 - [TEST_STEP][PASSED] - nameOfBlock = " Выручка": null

07-03-2025T08:06:16 - [TEST_STEP][PASSED] - Script1710234207206.PreSettings(run, vir, block, nameOfBlock, typeOfData, todaysDate): null

07-03-2025T08:06:16 - [TEST_STEP][PASSED] - openBrowser(""): Browser is opened with url: ''

07-03-2025T08:06:16 - [MESSAGE][WARNING] - A browser is already opened. Closing browser and opening a new one

07-03-2025T08:06:16 - [MESSAGE][INFO] - Starting 'Chrome' driver

07-03-2025T08:06:16 - [MESSAGE][INFO] - Action delay is set to 0 milliseconds

07-03-2025T08:06:17 - [MESSAGE][PASSED] - Browser is opened with url: ''

07-03-2025T08:06:17 - [TEST_STEP][PASSED] - refresh(): Refresh successfully

07-03-2025T08:06:17 - [MESSAGE][PASSED] - Refresh successfully

07-03-2025T08:06:17 - [TEST_STEP][PASSED] - delay(50): Delayed 50 second(s)

07-03-2025T08:07:07 - [MESSAGE][PASSED] - Delayed 50 second(s)

07-03-2025T08:07:07 - [TEST_STEP][PASSED] - println("run:" + run): null

07-03-2025T08:07:07 - [TEST_STEP][PASSED] - println("vir:" + vir): null

07-03-2025T08:07:07 - [TEST_STEP][PASSED] - println("block:" + block): null

07-03-2025T08:07:07 - [TEST_STEP][PASSED] - if (block == 1): null

07-03-2025T08:07:07 - [TEST_STEP][PASSED] - else: null

07-03-2025T08:07:07 - [TEST_STEP][PASSED] - nameOfBlock = " Выручка": null

07-03-2025T08:07:07 - [TEST_STEP][PASSED] - println("nameOfBlock:" + nameOfBlock): null

07-03-2025T08:07:07 - [TEST_STEP][PASSED] - println("typeOfData:" + typeOfData): null

07-03-2025T08:07:07 - [TEST_STEP][PASSED] - println("todaysDate:" + todaysDate): null

07-03-2025T08:07:07 - [TEST_STEP][PASSED] - Script1710234207206.Autorization(block, nameOfBlock): null

07-03-2025T08:07:07 - [TEST_STEP][PASSED] - i = <not implemented yet for class: org.codehaus.groovy.ast.expr.EmptyExpression>: null

07-03-2025T08:07:07 - [TEST_STEP][PASSED] - ii = <not implemented yet for class: org.codehaus.groovy.ast.expr.EmptyExpression>: null

07-03-2025T08:07:07 - [TEST_STEP][PASSED] - urlData = <not implemented yet for class: org.codehaus.groovy.ast.expr.EmptyExpression>: null

07-03-2025T08:07:07 - [TEST_STEP][PASSED] - searchWord = <not implemented yet for class: org.codehaus.groovy.ast.expr.EmptyExpression>: null

07-03-2025T08:07:07 - [TEST_STEP][PASSED] - urlText = <not implemented yet for class: org.codehaus.groovy.ast.expr.EmptyExpression>: null

07-03-2025T08:07:07 - [TEST_STEP][PASSED] - println("block:" + block): null

07-03-2025T08:07:07 - [TEST_STEP][PASSED] - if (block == 1): null

07-03-2025T08:07:07 - [TEST_STEP][PASSED] - else: null

07-03-2025T08:07:07 - [TEST_STEP][PASSED] - delay(45): Delayed 45 second(s)

07-03-2025T08:07:52 - [MESSAGE][PASSED] - Delayed 45 second(s)

07-03-2025T08:07:52 - [TEST_STEP][PASSED] - nameOfBlock = " Выручка": null

07-03-2025T08:07:52 - [TEST_STEP][PASSED] - println("nameOfBlock:" + nameOfBlock): null

07-03-2025T08:07:52 - [TEST_STEP][PASSED] - if (block == 1): null

07-03-2025T08:07:52 - [TEST_STEP][PASSED] - else: Delayed 45 second(s)

07-03-2025T08:07:52 - [TEST_STEP][PASSED] - urlData = 9: null

07-03-2025T08:07:52 - [TEST_STEP][PASSED] - delay(45): Delayed 45 second(s)

07-03-2025T08:08:37 - [MESSAGE][PASSED] - Delayed 45 second(s)

07-03-2025T08:08:37 - [TEST_STEP][PASSED] - navigateToUrl(findTestData("PlanFact").getValue(10, urlData)): Navigate to 'https://bi.rosseti.digital/viewer?dashboardGuid=a1fd28b3785d443cbc4d7690a1d78e31&sheetGuid=86092a20c5984827a0c87b24cac76a50&fit=true' successfully

07-03-2025T08:08:41 - [MESSAGE][PASSED] - Navigate to 'https://bi.rosseti.digital/viewer?dashboardGuid=a1fd28b3785d443cbc4d7690a1d78e31&sheetGuid=86092a20c5984827a0c87b24cac76a50&fit=true' successfully

07-03-2025T08:08:41 - [TEST_STEP][PASSED] - urlText = getText(findTestObject("Страница авторизации/Text")): Text of object 'Object Repository/Страница авторизации/Text' is: 'Вход'

07-03-2025T08:08:43 - [MESSAGE][PASSED] - Text of object 'Object Repository/Страница авторизации/Text' is: 'Вход'

07-03-2025T08:08:43 - [TEST_STEP][PASSED] - searchWord = "Вход": null

07-03-2025T08:08:43 - [TEST_STEP][PASSED] - if (urlText == null || urlText.contains("ошибка") || urlText.contains(searchWord) == false): null

07-03-2025T08:08:43 - [TEST_STEP][PASSED] - if (verifyElementPresent(findTestObject("Страница авторизации/button_"), 30) == true): null

07-03-2025T08:08:43 - [MESSAGE][PASSED] - Object 'Object Repository/Страница авторизации/button_' is present

07-03-2025T08:08:43 - [TEST_STEP][PASSED] - setText(findTestObject("Страница авторизации/input__username"), findTestData("PlanFact").getValue(8, 1)): Text 'liazgina-di' is set on object 'Object Repository/Страница авторизации/input__username'

07-03-2025T08:08:44 - [MESSAGE][PASSED] - Text 'liazgina-di' is set on object 'Object Repository/Страница авторизации/input__username'

07-03-2025T08:08:44 - [TEST_STEP][PASSED] - setText(findTestObject("Страница авторизации/input__password"), findTestData("PlanFact").getValue(9, 1)): Text ')$%5srZ8o688Dm#q' is set on object 'Object Repository/Страница авторизации/input__password'

07-03-2025T08:08:44 - [MESSAGE][PASSED] - Text ')$%5srZ8o688Dm#q' is set on object 'Object Repository/Страница авторизации/input__password'

07-03-2025T08:08:44 - [TEST_STEP][PASSED] - click(findTestObject("Страница авторизации/button_")): Object: 'Object Repository/Страница авторизации/button_' is clicked on

07-03-2025T08:08:45 - [MESSAGE][PASSED] - Object: 'Object Repository/Страница авторизации/button_' is clicked on

07-03-2025T08:08:45 - [TEST_STEP][PASSED] - delay(45): Delayed 45 second(s)

07-03-2025T08:09:30 - [MESSAGE][PASSED] - Delayed 45 second(s)

07-03-2025T08:09:30 - [TEST_STEP][PASSED] - urlText = getText(findTestObject("Страница авторизации/Text")): Text of object 'Object Repository/Страница авторизации/Text' is: 'Период
Январь 2025 года
Выручка
Все
Выполнение плановых показателей по ПАО Россети за Январь 2025 года
План
Факт
Динамика
2025 год
0 млн.руб.
20 000 млн.руб.
40 000 млн.руб.
60 000 млн.руб.
80 000 млн.руб.
100 000 млн.руб.
120 000 млн.руб.
140 000 млн.руб.
160 000 млн.руб.
180 000 млн.руб.
200 000 млн.руб.
121 309
157 865
↑
ДЗО 
Все
Подписи данных
⬤Отклонение
АО "РЭС"
АО «Тываэнерго»
АО «Чеченэнерго»
Россети Волга
Россети Кубань
Россети Ленэнерго (ГК)
Россети Московский регион
Россети Северный Кавказ (ГК)
Россети Северо-Запад
Россети Сибирь (ГК)
Россети Томск
Россети Тюмень
Россети Урал (ГК)
Россети ФСК ЕЭС
Россети Центр
Россети Центр и Приволжье (ГК)
Россети Юг (ГК)
Россети Янтарь
-2 000млн.руб.
0 млн.руб.
2 000млн.руб.
4 000млн.руб.
6 000млн.руб.
8 000млн.руб.
10 000млн.руб.
12 000млн.руб.
14 0…
-73
23
-83
-295
-54
-403
-927
-606
-251
348
-58
-1 104
-474
-59
-675
13 055
-191
-19
млн.
%
Выручка
Отклонение выручки по ПАО Россети за Январь 2025 года (факт/план, млн. руб)
ПАО Россети
8 156 млн.руб.
Статус данных
×
Просьба обратить внимание
Данные занесены не полностью
ВЫБРАННЫЕ ЗНАЧЕНИЯ ФИЛЬТРОВ
ДЗО | ПЕРИОД
ПАО Россети: [«Выбраны все филиалы по всем ДЗО по всем категориям»]
2025: [Янв]
*Внутренний оборот'

07-03-2025T08:09:31 - [MESSAGE][PASSED] - Text of object 'Object Repository/Страница авторизации/Text' is: 'Период
Январь 2025 года
Выручка
Все
Выполнение плановых показателей по ПАО Россети за Январь 2025 года
План
Факт
Динамика
2025 год
0 млн.руб.
20 000 млн.руб.
40 000 млн.руб.
60 000 млн.руб.
80 000 млн.руб.
100 000 млн.руб.
120 000 млн.руб.
140 000 млн.руб.
160 000 млн.руб.
180 000 млн.руб.
200 000 млн.руб.
121 309
157 865
↑
ДЗО 
Все
Подписи данных
⬤Отклонение
АО "РЭС"
АО «Тываэнерго»
АО «Чеченэнерго»
Россети Волга
Россети Кубань
Россети Ленэнерго (ГК)
Россети Московский регион
Россети Северный Кавказ (ГК)
Россети Северо-Запад
Россети Сибирь (ГК)
Россети Томск
Россети Тюмень
Россети Урал (ГК)
Россети ФСК ЕЭС
Россети Центр
Россети Центр и Приволжье (ГК)
Россети Юг (ГК)
Россети Янтарь
-2 000млн.руб.
0 млн.руб.
2 000млн.руб.
4 000млн.руб.
6 000млн.руб.
8 000млн.руб.
10 000млн.руб.
12 000млн.руб.
14 0…
-73
23
-83
-295
-54
-403
-927
-606
-251
348
-58
-1 104
-474
-59
-675
13 055
-191
-19
млн.
%
Выручка
Отклонение выручки по ПАО Россети за Январь 2025 года (факт/план, млн. руб)
ПАО Россети
8 156 млн.руб.
Статус данных
×
Просьба обратить внимание
Данные занесены не полностью
ВЫБРАННЫЕ ЗНАЧЕНИЯ ФИЛЬТРОВ
ДЗО | ПЕРИОД
ПАО Россети: [«Выбраны все филиалы по всем ДЗО по всем категориям»]
2025: [Янв]
*Внутренний оборот'

07-03-2025T08:09:31 - [TEST_STEP][PASSED] - searchWord = "а": null

07-03-2025T08:09:31 - [TEST_STEP][PASSED] - if (urlText.contains("ошибка") || urlText.contains(searchWord) == false): null

07-03-2025T08:09:31 - [TEST_STEP][PASSED] - delay(45): Delayed 45 second(s)

07-03-2025T08:10:16 - [MESSAGE][PASSED] - Delayed 45 second(s)

07-03-2025T08:10:16 - [TEST_STEP][PASSED] - if (block == 2): Delayed 50 second(s)

07-03-2025T08:10:16 - [TEST_STEP][PASSED] - opoveshenie = getText(findTestObject("Выручка в рублях/Просьба обратить внимание")): Text of object 'Object Repository/Выручка в рублях/Просьба обратить внимание' is: 'Просьба обратить внимание'

07-03-2025T08:10:16 - [MESSAGE][PASSED] - Text of object 'Object Repository/Выручка в рублях/Просьба обратить внимание' is: 'Просьба обратить внимание'

07-03-2025T08:10:16 - [TEST_STEP][PASSED] - if (opoveshenie == "Просьба обратить внимание"): Delayed 50 second(s)

07-03-2025T08:10:16 - [TEST_STEP][PASSED] - click(findTestObject("Выручка в рублях/Закрыть оповещение")): Object: 'Object Repository/Выручка в рублях/Закрыть оповещение' is clicked on

07-03-2025T08:10:17 - [MESSAGE][PASSED] - Object: 'Object Repository/Выручка в рублях/Закрыть оповещение' is clicked on

07-03-2025T08:10:17 - [TEST_STEP][PASSED] - delay(50): Delayed 50 second(s)

07-03-2025T08:11:07 - [MESSAGE][PASSED] - Delayed 50 second(s)

07-03-2025T08:11:07 - [TEST_STEP][PASSED] - click(findTestObject("Выручка в рублях/Фильтр Период" + nameOfBlock)): Object: 'Object Repository/Выручка в рублях/Фильтр Период Выручка' is clicked on

07-03-2025T08:11:07 - [MESSAGE][PASSED] - Object: 'Object Repository/Выручка в рублях/Фильтр Период Выручка' is clicked on

07-03-2025T08:11:07 - [TEST_STEP][PASSED] - click(findTestObject("Выручка в рублях/Снять выделение в фильтре Дата" + nameOfBlock)): Object: 'Object Repository/Выручка в рублях/Снять выделение в фильтре Дата Выручка' is clicked on

07-03-2025T08:11:08 - [MESSAGE][PASSED] - Object: 'Object Repository/Выручка в рублях/Снять выделение в фильтре Дата Выручка' is clicked on

07-03-2025T08:11:08 - [TEST_STEP][PASSED] - click(findTestObject("Выручка в рублях/Применить в фильтре Дата" + nameOfBlock)): Object: 'Object Repository/Выручка в рублях/Применить в фильтре Дата Выручка' is clicked on

07-03-2025T08:11:08 - [MESSAGE][PASSED] - Object: 'Object Repository/Выручка в рублях/Применить в фильтре Дата Выручка' is clicked on

07-03-2025T08:11:08 - [TEST_STEP][PASSED] - delay(50): Delayed 50 second(s)

07-03-2025T08:11:58 - [MESSAGE][PASSED] - Delayed 50 second(s)

07-03-2025T08:11:58 - [TEST_STEP][PASSED] - click(findTestObject("Выручка в рублях/Фильтр Период" + nameOfBlock)): Object: 'Object Repository/Выручка в рублях/Фильтр Период Выручка' is clicked on

07-03-2025T08:11:59 - [MESSAGE][PASSED] - Object: 'Object Repository/Выручка в рублях/Фильтр Период Выручка' is clicked on

07-03-2025T08:11:59 - [TEST_STEP][PASSED] - click(findTestObject("Выручка в рублях/Снять выделение в фильтре Дата" + nameOfBlock)): Object: 'Object Repository/Выручка в рублях/Снять выделение в фильтре Дата Выручка' is clicked on

07-03-2025T08:11:59 - [MESSAGE][PASSED] - Object: 'Object Repository/Выручка в рублях/Снять выделение в фильтре Дата Выручка' is clicked on

07-03-2025T08:11:59 - [TEST_STEP][PASSED] - scrollToElement(findTestObject("Выручка в рублях/2025 список" + nameOfBlock), 30): Scroll to object 'Object Repository/Выручка в рублях/2025 список Выручка' successfully

07-03-2025T08:11:59 - [MESSAGE][PASSED] - Scroll to object 'Object Repository/Выручка в рублях/2025 список Выручка' successfully

07-03-2025T08:11:59 - [TEST_STEP][PASSED] - click(findTestObject("Выручка в рублях/2025 список" + nameOfBlock)): Object: 'Object Repository/Выручка в рублях/2025 список Выручка' is clicked on

07-03-2025T08:12:00 - [MESSAGE][PASSED] - Object: 'Object Repository/Выручка в рублях/2025 список Выручка' is clicked on

07-03-2025T08:12:00 - [TEST_STEP][PASSED] - scrollToElement(findTestObject("Выручка в рублях/1 квартал 2025 список Выручка"), 30): Scroll to object 'Object Repository/Выручка в рублях/1 квартал 2025 список Выручка' successfully

07-03-2025T08:12:01 - [MESSAGE][PASSED] - Scroll to object 'Object Repository/Выручка в рублях/1 квартал 2025 список Выручка' successfully

07-03-2025T08:12:01 - [TEST_STEP][PASSED] - click(findTestObject("Выручка в рублях/1 квартал 2025 список" + nameOfBlock)): Object: 'Object Repository/Выручка в рублях/1 квартал 2025 список Выручка' is clicked on

07-03-2025T08:12:01 - [MESSAGE][PASSED] - Object: 'Object Repository/Выручка в рублях/1 квартал 2025 список Выручка' is clicked on

07-03-2025T08:12:01 - [TEST_STEP][PASSED] - scrollToElement(findTestObject("Выручка в рублях/Январь 2025" + nameOfBlock), 30): Scroll to object 'Object Repository/Выручка в рублях/Январь 2025 Выручка' successfully

07-03-2025T08:12:01 - [MESSAGE][PASSED] - Scroll to object 'Object Repository/Выручка в рублях/Январь 2025 Выручка' successfully

07-03-2025T08:12:01 - [TEST_STEP][PASSED] - click(findTestObject("Выручка в рублях/Январь 2025" + nameOfBlock)): Object: 'Object Repository/Выручка в рублях/Январь 2025 Выручка' is clicked on

07-03-2025T08:12:01 - [MESSAGE][PASSED] - Object: 'Object Repository/Выручка в рублях/Январь 2025 Выручка' is clicked on

07-03-2025T08:12:01 - [TEST_STEP][PASSED] - scrollToElement(findTestObject("Выручка в рублях/Заголовок дашборда" + nameOfBlock), 30): Scroll to object 'Object Repository/Выручка в рублях/Заголовок дашборда Выручка' successfully

07-03-2025T08:12:02 - [MESSAGE][PASSED] - Scroll to object 'Object Repository/Выручка в рублях/Заголовок дашборда Выручка' successfully

07-03-2025T08:12:02 - [TEST_STEP][PASSED] - click(findTestObject("Выручка в рублях/Применить в фильтре Дата" + nameOfBlock)): Object: 'Object Repository/Выручка в рублях/Применить в фильтре Дата Выручка' is clicked on

07-03-2025T08:12:03 - [MESSAGE][PASSED] - Object: 'Object Repository/Выручка в рублях/Применить в фильтре Дата Выручка' is clicked on

07-03-2025T08:12:03 - [TEST_STEP][PASSED] - delay(55): Delayed 55 second(s)

07-03-2025T08:12:58 - [MESSAGE][PASSED] - Delayed 55 second(s)

07-03-2025T08:12:58 - [TEST_STEP][PASSED] - click(findTestObject("Выручка в рублях/Фильтр ДЗО" + nameOfBlock)): Object: 'Object Repository/Выручка в рублях/Фильтр ДЗО Выручка' is clicked on

07-03-2025T08:12:58 - [MESSAGE][PASSED] - Object: 'Object Repository/Выручка в рублях/Фильтр ДЗО Выручка' is clicked on

07-03-2025T08:12:58 - [TEST_STEP][PASSED] - click(findTestObject("Выручка в рублях/Снять выделение в фильтре ДЗО" + nameOfBlock)): Object: 'Object Repository/Выручка в рублях/Снять выделение в фильтре ДЗО Выручка' is clicked on

07-03-2025T08:12:59 - [MESSAGE][PASSED] - Object: 'Object Repository/Выручка в рублях/Снять выделение в фильтре ДЗО Выручка' is clicked on

07-03-2025T08:12:59 - [TEST_STEP][PASSED] - click(findTestObject("Выручка в рублях/Применить в фильтре ДЗО" + nameOfBlock)): Object: 'Object Repository/Выручка в рублях/Применить в фильтре ДЗО Выручка' is clicked on

07-03-2025T08:12:59 - [MESSAGE][PASSED] - Object: 'Object Repository/Выручка в рублях/Применить в фильтре ДЗО Выручка' is clicked on

07-03-2025T08:12:59 - [TEST_STEP][PASSED] - delay(50): Delayed 50 second(s)

07-03-2025T08:13:49 - [MESSAGE][PASSED] - Delayed 50 second(s)

07-03-2025T08:13:49 - [TEST_STEP][PASSED] - Script1710234207206.Tumbler(run, vir, block, nameOfBlock): null

07-03-2025T08:13:49 - [TEST_STEP][PASSED] - println("run:" + run): null

07-03-2025T08:13:49 - [TEST_STEP][PASSED] - println("vir:" + vir): null

07-03-2025T08:13:49 - [TEST_STEP][PASSED] - println("block:" + block): null

07-03-2025T08:13:49 - [TEST_STEP][PASSED] - println("nameOfBlock:" + nameOfBlock): null

07-03-2025T08:13:49 - [TEST_STEP][PASSED] - if (vir == 1): Object: 'Object Repository/Выручка в рублях/Переключить отображение с млн на проценты Выручка в рублях Выручка' is clicked on

07-03-2025T08:13:49 - [TEST_STEP][PASSED] - if (run == 2): Object: 'Object Repository/Выручка в рублях/Переключить отображение с млн на проценты Выручка в рублях Выручка' is clicked on

07-03-2025T08:13:49 - [TEST_STEP][PASSED] - click(findTestObject("Выручка в рублях/Переключить отображение с млн на проценты Выручка в рублях" + nameOfBlock)): Object: 'Object Repository/Выручка в рублях/Переключить отображение с млн на проценты Выручка в рублях Выручка' is clicked on

07-03-2025T08:13:50 - [MESSAGE][PASSED] - Object: 'Object Repository/Выручка в рублях/Переключить отображение с млн на проценты Выручка в рублях Выручка' is clicked on

07-03-2025T08:13:50 - [TEST_STEP][PASSED] - click(findTestObject("Выручка в рублях/Фильтр ДЗО" + nameOfBlock)): Object: 'Object Repository/Выручка в рублях/Фильтр ДЗО Выручка' is clicked on

07-03-2025T08:13:50 - [MESSAGE][PASSED] - Object: 'Object Repository/Выручка в рублях/Фильтр ДЗО Выручка' is clicked on

07-03-2025T08:13:50 - [TEST_STEP][PASSED] - Script1710234207206.Rosseti(nameOfBlock): null

07-03-2025T08:13:50 - [TEST_STEP][PASSED] - println("nameOfBlock:" + nameOfBlock): null

07-03-2025T08:13:50 - [TEST_STEP][PASSED] - click(findTestObject("Выручка в рублях/ПАО Россети" + nameOfBlock)): Object: 'Object Repository/Выручка в рублях/ПАО Россети Выручка' is clicked on

07-03-2025T08:13:50 - [MESSAGE][PASSED] - Object: 'Object Repository/Выручка в рублях/ПАО Россети Выручка' is clicked on

07-03-2025T08:13:50 - [TEST_STEP][PASSED] - click(findTestObject("Выручка в рублях/Применить в фильтре ДЗО" + nameOfBlock)): Object: 'Object Repository/Выручка в рублях/Применить в фильтре ДЗО Выручка' is clicked on

07-03-2025T08:13:51 - [MESSAGE][PASSED] - Object: 'Object Repository/Выручка в рублях/Применить в фильтре ДЗО Выручка' is clicked on

07-03-2025T08:13:51 - [TEST_STEP][PASSED] - if (vir == 1 || vir == 2): Text of object 'Object Repository/Выручка в рублях/График План Выручка' is: '121 309'

07-03-2025T08:13:51 - [TEST_STEP][PASSED] - b1 = getText(findTestObject("Выручка в рублях/График План Выручка")): Text of object 'Object Repository/Выручка в рублях/График План Выручка' is: '121 309'

07-03-2025T08:13:52 - [MESSAGE][PASSED] - Text of object 'Object Repository/Выручка в рублях/График План Выручка' is: '121 309'

07-03-2025T08:13:52 - [TEST_STEP][PASSED] - if (vir == 1 || vir == 2): Text of object 'Object Repository/Выручка в рублях/График Факт Выручка' is: '157 865'

07-03-2025T08:13:52 - [TEST_STEP][PASSED] - b2 = getText(findTestObject("Выручка в рублях/График Факт Выручка")): Text of object 'Object Repository/Выручка в рублях/График Факт Выручка' is: '157 865'

07-03-2025T08:13:52 - [MESSAGE][PASSED] - Text of object 'Object Repository/Выручка в рублях/График Факт Выручка' is: '157 865'

07-03-2025T08:13:52 - [TEST_STEP][PASSED] - b30 = getText(findTestObject("Выручка в рублях/span1" + perc)): Text of object 'Object Repository/Выручка в рублях/span1 Perc' is: '30.13 %'

07-03-2025T08:13:53 - [MESSAGE][PASSED] - Text of object 'Object Repository/Выручка в рублях/span1 Perc' is: '30.13 %'

07-03-2025T08:13:53 - [TEST_STEP][PASSED] - i = b30.indexOf("млн.руб."): null

07-03-2025T08:13:53 - [TEST_STEP][PASSED] - if (i > -1): null

07-03-2025T08:13:53 - [TEST_STEP][PASSED] - if (b30.contains("%")): null

07-03-2025T08:13:53 - [TEST_STEP][PASSED] - b30 = b30.replaceAll("%", ""): null

07-03-2025T08:13:53 - [TEST_STEP][PASSED] - b30 = ").trim(): null

07-03-2025T08:13:53 - [TEST_STEP][PASSED] - println("b30: " + b30): null

07-03-2025T08:13:53 - [TEST_STEP][PASSED] - if (vir == 1 || vir == 2): Text of object 'Object Repository/Выручка в рублях/span2 Perc' is: ''

07-03-2025T08:13:53 - [TEST_STEP][PASSED] - b31 = ").trim(): Text of object 'Object Repository/Выручка в рублях/span2 Perc' is: ''

07-03-2025T08:13:53 - [MESSAGE][PASSED] - Text of object 'Object Repository/Выручка в рублях/span2 Perc' is: ''

07-03-2025T08:13:53 - [TEST_STEP][PASSED] - if (vir == 1 || vir == 2): Text of object 'Object Repository/Выручка в рублях/span3 Perc' is: '30.13 %'

07-03-2025T08:13:53 - [TEST_STEP][PASSED] - b32 = ").trim(): Text of object 'Object Repository/Выручка в рублях/span3 Perc' is: '30.13 %'

07-03-2025T08:13:53 - [MESSAGE][PASSED] - Text of object 'Object Repository/Выручка в рублях/span3 Perc' is: '30.13 %'

07-03-2025T08:13:53 - [TEST_STEP][PASSED] - if (vir == 1 || vir == 2): Text of object 'Object Repository/Выручка в рублях/span8 Perc' is: '-0.69 %'

07-03-2025T08:13:53 - [TEST_STEP][PASSED] - b33 = ").trim(): Text of object 'Object Repository/Выручка в рублях/span4 Perc' is: ''

07-03-2025T08:13:54 - [MESSAGE][PASSED] - Text of object 'Object Repository/Выручка в рублях/span4 Perc' is: ''

07-03-2025T08:13:54 - [TEST_STEP][PASSED] - b34 = ").trim(): Text of object 'Object Repository/Выручка в рублях/span5 Perc' is: ''

07-03-2025T08:13:54 - [MESSAGE][PASSED] - Text of object 'Object Repository/Выручка в рублях/span5 Perc' is: ''

07-03-2025T08:13:54 - [TEST_STEP][PASSED] - b35 = ").trim(): Text of object 'Object Repository/Выручка в рублях/span6 Perc' is: '-3.2 %'

07-03-2025T08:13:54 - [MESSAGE][PASSED] - Text of object 'Object Repository/Выручка в рублях/span6 Perc' is: '-3.2 %'

07-03-2025T08:13:54 - [TEST_STEP][PASSED] - b36 = ").trim(): Text of object 'Object Repository/Выручка в рублях/span7 Perc' is: '18.24 %'

07-03-2025T08:13:54 - [MESSAGE][PASSED] - Text of object 'Object Repository/Выручка в рублях/span7 Perc' is: '18.24 %'

07-03-2025T08:13:54 - [TEST_STEP][PASSED] - b37 = ").trim(): Text of object 'Object Repository/Выручка в рублях/span8 Perc' is: '-0.69 %'

07-03-2025T08:13:55 - [MESSAGE][PASSED] - Text of object 'Object Repository/Выручка в рублях/span8 Perc' is: '-0.69 %'

07-03-2025T08:13:55 - [TEST_STEP][PASSED] - if (vir == 1 || vir == 2): Text of object 'Object Repository/Выручка в рублях/span17 Perc' is: '7.87 %'

07-03-2025T08:13:55 - [TEST_STEP][PASSED] - b38 = ").trim(): Text of object 'Object Repository/Выручка в рублях/span9 Perc' is: '-3.46 %'

07-03-2025T08:13:55 - [MESSAGE][PASSED] - Text of object 'Object Repository/Выручка в рублях/span9 Perc' is: '-3.46 %'

07-03-2025T08:13:55 - [TEST_STEP][PASSED] - b39 = ").trim(): Text of object 'Object Repository/Выручка в рублях/span10 Perc' is: '68.11 %'

07-03-2025T08:13:55 - [MESSAGE][PASSED] - Text of object 'Object Repository/Выручка в рублях/span10 Perc' is: '68.11 %'

07-03-2025T08:13:55 - [TEST_STEP][PASSED] - b310 = ").trim(): Text of object 'Object Repository/Выручка в рублях/span11 Perc' is: '-3.55 %'

07-03-2025T08:13:56 - [MESSAGE][PASSED] - Text of object 'Object Repository/Выручка в рублях/span11 Perc' is: '-3.55 %'

07-03-2025T08:13:56 - [TEST_STEP][PASSED] - b311 = ").trim(): Text of object 'Object Repository/Выручка в рублях/span12 Perc' is: '-5.3 %'

07-03-2025T08:13:56 - [MESSAGE][PASSED] - Text of object 'Object Repository/Выручка в рублях/span12 Perc' is: '-5.3 %'

07-03-2025T08:13:56 - [TEST_STEP][PASSED] - b312 = ").trim(): Text of object 'Object Repository/Выручка в рублях/span13 Perc' is: '-10.64 %'

07-03-2025T08:13:56 - [MESSAGE][PASSED] - Text of object 'Object Repository/Выручка в рублях/span13 Perc' is: '-10.64 %'

07-03-2025T08:13:56 - [TEST_STEP][PASSED] - b313 = ").trim(): Text of object 'Object Repository/Выручка в рублях/span14 Perc' is: '-4.34 %'

07-03-2025T08:13:57 - [MESSAGE][PASSED] - Text of object 'Object Repository/Выручка в рублях/span14 Perc' is: '-4.34 %'

07-03-2025T08:13:57 - [TEST_STEP][PASSED] - b314 = ").trim(): Text of object 'Object Repository/Выручка в рублях/span15 Perc' is: '-0.21 %'

07-03-2025T08:13:57 - [MESSAGE][PASSED] - Text of object 'Object Repository/Выручка в рублях/span15 Perc' is: '-0.21 %'

07-03-2025T08:13:57 - [TEST_STEP][PASSED] - b315 = ").trim(): Text of object 'Object Repository/Выручка в рублях/span16 Perc' is: '-5.32 %'

07-03-2025T08:13:57 - [MESSAGE][PASSED] - Text of object 'Object Repository/Выручка в рублях/span16 Perc' is: '-5.32 %'

07-03-2025T08:13:57 - [TEST_STEP][PASSED] - b316 = ").trim(): Text of object 'Object Repository/Выручка в рублях/span17 Perc' is: '7.87 %'

07-03-2025T08:13:57 - [MESSAGE][PASSED] - Text of object 'Object Repository/Выручка в рублях/span17 Perc' is: '7.87 %'

07-03-2025T08:13:57 - [TEST_STEP][PASSED] - if (vir == 1 || vir == 2): Text of object 'Object Repository/Выручка в рублях/span18 Perc' is: '-1.75 %'

07-03-2025T08:13:57 - [TEST_STEP][PASSED] - b317 = ").trim(): Text of object 'Object Repository/Выручка в рублях/span18 Perc' is: '-1.75 %'

07-03-2025T08:13:58 - [MESSAGE][PASSED] - Text of object 'Object Repository/Выручка в рублях/span18 Perc' is: '-1.75 %'

07-03-2025T08:13:58 - [TEST_STEP][PASSED] - dZO = "ПАО Россети": null

07-03-2025T08:13:58 - [TEST_STEP][PASSED] - if (verifyEqual(a1, b1) == false): Actual object '121 309' and expected object '121 309' are equal

07-03-2025T08:13:58 - [MESSAGE][PASSED] - Actual object '121 309' and expected object '121 309' are equal

07-03-2025T08:13:58 - [TEST_STEP][PASSED] - if (verifyEqual(a2, b2) == false): Actual object '157 865' and expected object '157 865' are equal

07-03-2025T08:13:58 - [MESSAGE][PASSED] - Actual object '157 865' and expected object '157 865' are equal

07-03-2025T08:13:58 - [TEST_STEP][PASSED] - vidget = "Отклонения": null

07-03-2025T08:13:58 - [TEST_STEP][FAILED] - if (verifyEqual(a30, b30) == false): null

07-03-2025T08:13:58 - [MESSAGE][FAILED] - Unable to verify equal between actual object '-100' and expected object '30.13' (Root cause: com.kms.katalon.core.exception.StepFailedException: Actual object '-100' and expected object '30.13' are not equal
	at com.kms.katalon.core.keyword.builtin.VerifyEqualKeyword$_verifyEqual_closure1.doCall(VerifyEqualKeyword.groovy:58)
	at com.kms.katalon.core.keyword.builtin.VerifyEqualKeyword$_verifyEqual_closure1.call(VerifyEqualKeyword.groovy)
	at com.kms.katalon.core.keyword.internal.KeywordMain.runKeyword(KeywordMain.groovy:75)
	at com.kms.katalon.core.keyword.builtin.VerifyEqualKeyword.verifyEqual(VerifyEqualKeyword.groovy:63)
	at com.kms.katalon.core.keyword.builtin.VerifyEqualKeyword.execute(VerifyEqualKeyword.groovy:44)
	at com.kms.katalon.core.keyword.internal.KeywordExecutor.executeKeywordForPlatform(KeywordExecutor.groovy:74)
	at com.kms.katalon.core.keyword.BuiltinKeywords.verifyEqual(BuiltinKeywords.groovy:146)
	at jdk.internal.reflect.GeneratedMethodAccessor23.invoke(Unknown Source)
	at java.base/jdk.internal.reflect.DelegatingMethodAccessorImpl.invoke(DelegatingMethodAccessorImpl.java:43)
	at Выручка в рублях сверка дашбордов ПАО Россети.Blocks(Выручка в рублях сверка дашбордов ПАО Россети:357)
	at Выручка в рублях сверка дашбордов ПАО Россети.ViruchkaChange(Выручка в рублях сверка дашбордов ПАО Россети:60)
	at Выручка в рублях сверка дашбордов ПАО Россети.run(Выручка в рублях сверка дашбордов ПАО Россети:55)
	at com.kms.katalon.core.main.ScriptEngine.run(ScriptEngine.java:194)
	at com.kms.katalon.core.main.ScriptEngine.runScriptAsRawText(ScriptEngine.java:119)
	at com.kms.katalon.core.main.TestCaseExecutor.runScript(TestCaseExecutor.java:448)
	at com.kms.katalon.core.main.TestCaseExecutor.doExecute(TestCaseExecutor.java:439)
	at com.kms.katalon.core.main.TestCaseExecutor.processExecutionPhase(TestCaseExecutor.java:418)
	at com.kms.katalon.core.main.TestCaseExecutor.accessMainPhase(TestCaseExecutor.java:410)
	at com.kms.katalon.core.main.TestCaseExecutor.execute(TestCaseExecutor.java:285)
	at com.kms.katalon.core.common.CommonExecutor.accessTestCaseMainPhase(CommonExecutor.java:65)
	at com.kms.katalon.core.main.TestSuiteExecutor.accessTestSuiteMainPhase(TestSuiteExecutor.java:150)
	at com.kms.katalon.core.main.TestSuiteExecutor.execute(TestSuiteExecutor.java:106)
	at com.kms.katalon.core.main.TestCaseMain.startTestSuite(TestCaseMain.java:180)
	at TempTestSuite1741312418653.run(TempTestSuite1741312418653.groovy:35)
	at java.base/jdk.internal.reflect.NativeMethodAccessorImpl.invoke0(Native Method)
	at java.base/jdk.internal.reflect.NativeMethodAccessorImpl.invoke(NativeMethodAccessorImpl.java:77)
	at java.base/jdk.internal.reflect.DelegatingMethodAccessorImpl.invoke(DelegatingMethodAccessorImpl.java:43)
)

07-03-2025T08:13:58 - [TEST_STEP][PASSED] - a = replaceAll("\s+", "").trim(): null

07-03-2025T08:13:58 - [TEST_STEP][PASSED] - b = replaceAll("\s+", "").trim(): null

07-03-2025T08:13:58 - [TEST_STEP][PASSED] - Script1710234207206.WriteToExcel(todaysDate, run, vir, block, typeOfData, viruchka, vidget, nameOfBlock, a, b, dZO, x, y): null

07-03-2025T08:13:58 - [TEST_STEP][PASSED] - println(run): null

07-03-2025T08:13:58 - [TEST_STEP][PASSED] - if (run == 1): null

07-03-2025T08:13:58 - [TEST_STEP][PASSED] - else if (run == 2): null

07-03-2025T08:13:58 - [TEST_STEP][PASSED] - typeOfData = "Проценты": null

07-03-2025T08:13:58 - [TEST_STEP][PASSED] - println("todaysDate:" + todaysDate): null

07-03-2025T08:13:58 - [TEST_STEP][PASSED] - println("typeOfData:" + typeOfData): null

07-03-2025T08:13:58 - [TEST_STEP][PASSED] - viruchka = getText(findTestObject("Выручка в рублях/Фильтр Выручка" + nameOfBlock)): Text of object 'Object Repository/Выручка в рублях/Фильтр Выручка Выручка' is: 'Все'

07-03-2025T08:13:58 - [MESSAGE][PASSED] - Text of object 'Object Repository/Выручка в рублях/Фильтр Выручка Выручка' is: 'Все'

07-03-2025T08:13:58 - [TEST_STEP][PASSED] - println("viruchka" + viruchka): null

07-03-2025T08:13:58 - [TEST_STEP][PASSED] - println("vidget" + vidget): null

07-03-2025T08:13:58 - [TEST_STEP][PASSED] - println("a" + a): null

07-03-2025T08:13:58 - [TEST_STEP][PASSED] - println("b" + b): null

07-03-2025T08:13:58 - [TEST_STEP][PASSED] - sheetName = "Sheet1": null

07-03-2025T08:13:58 - [TEST_STEP][PASSED] - data = findTestData("PlanFact"): null

07-03-2025T08:13:58 - [TEST_STEP][PASSED] - n = data.getRowNumbers() + 1: null

07-03-2025T08:13:58 - [TEST_STEP][PASSED] - period = getText(findTestObject("Выручка в рублях/Фильтр Период")).trim(): Text of object 'Object Repository/Выручка в рублях/Фильтр Период' is: 'Январь 2025 года'

07-03-2025T08:13:58 - [MESSAGE][PASSED] - Text of object 'Object Repository/Выручка в рублях/Фильтр Период' is: 'Январь 2025 года'

07-03-2025T08:13:58 - [TEST_STEP][PASSED] - println(period): null

07-03-2025T08:13:58 - [TEST_STEP][PASSED] - if (period.findAll("[а-яА-Я]") == false): null

07-03-2025T08:13:58 - [TEST_STEP][PASSED] - dashboardName = "Выручка в рублях": null

07-03-2025T08:13:58 - [TEST_STEP][PASSED] - if (a == ""): null

07-03-2025T08:13:58 - [TEST_STEP][PASSED] - else: null

07-03-2025T08:13:58 - [TEST_STEP][PASSED] - x = a.toDouble(): null

07-03-2025T08:13:58 - [TEST_STEP][PASSED] - if (b == ""): null

07-03-2025T08:13:58 - [TEST_STEP][PASSED] - else: null

07-03-2025T08:13:58 - [TEST_STEP][PASSED] - y = b.toDouble(): null

07-03-2025T08:13:58 - [TEST_STEP][PASSED] - workbook01 = getWorkbook(excelFilePath): null

07-03-2025T08:13:58 - [TEST_STEP][PASSED] - sheet01 = getExcelSheet(workbook01, sheetName): null

07-03-2025T08:13:58 - [TEST_STEP][PASSED] - setValueToCellByIndex(sheet01, n, 0, dashboardName): null

07-03-2025T08:13:58 - [TEST_STEP][PASSED] - setValueToCellByIndex(sheet01, n, 1, dZO): null

07-03-2025T08:13:58 - [TEST_STEP][PASSED] - setValueToCellByIndex(sheet01, n, 2, vidget): null

07-03-2025T08:13:58 - [TEST_STEP][PASSED] - setValueToCellByIndex(sheet01, n, 3, viruchka): null

07-03-2025T08:13:58 - [TEST_STEP][PASSED] - setValueToCellByIndex(sheet01, n, 4, typeOfData): null

07-03-2025T08:13:58 - [TEST_STEP][PASSED] - if (a == "нет данных"): null

07-03-2025T08:13:58 - [TEST_STEP][PASSED] - else: null

07-03-2025T08:13:58 - [TEST_STEP][PASSED] - setValueToCellByIndex(sheet01, n, 5, x): null

07-03-2025T08:13:58 - [TEST_STEP][PASSED] - if (b == "нет данных"): null

07-03-2025T08:13:58 - [TEST_STEP][PASSED] - else: null

07-03-2025T08:13:58 - [TEST_STEP][PASSED] - setValueToCellByIndex(sheet01, n, 6, y): null

07-03-2025T08:13:58 - [TEST_STEP][PASSED] - setValueToCellByIndex(sheet01, n, 7, period): null

07-03-2025T08:13:58 - [TEST_STEP][PASSED] - setValueToCellByIndex(sheet01, n, 8, todaysDate): null

07-03-2025T08:13:58 - [TEST_STEP][PASSED] - n = n + 1: null

07-03-2025T08:13:58 - [TEST_STEP][PASSED] - saveWorkbook(excelFilePath, workbook01): null

07-03-2025T08:13:59 - [TEST_STEP][PASSED] - x = "": null

07-03-2025T08:13:59 - [TEST_STEP][PASSED] - y = "": null

07-03-2025T08:13:59 - [TEST_STEP][PASSED] - dZO = "АО «Тываэнерго»": null

07-03-2025T08:13:59 - [TEST_STEP][FAILED] - if (verifyEqual(a31, b31) == false): null

07-03-2025T08:13:59 - [MESSAGE][FAILED] - Unable to verify equal between actual object 'ПАО Россети' and expected object '' (Root cause: com.kms.katalon.core.exception.StepFailedException: Actual object 'ПАО Россети' and expected object '' are not equal
	at com.kms.katalon.core.keyword.builtin.VerifyEqualKeyword$_verifyEqual_closure1.doCall(VerifyEqualKeyword.groovy:58)
	at com.kms.katalon.core.keyword.builtin.VerifyEqualKeyword$_verifyEqual_closure1.call(VerifyEqualKeyword.groovy)
	at com.kms.katalon.core.keyword.internal.KeywordMain.runKeyword(KeywordMain.groovy:75)
	at com.kms.katalon.core.keyword.builtin.VerifyEqualKeyword.verifyEqual(VerifyEqualKeyword.groovy:63)
	at com.kms.katalon.core.keyword.builtin.VerifyEqualKeyword.execute(VerifyEqualKeyword.groovy:44)
	at com.kms.katalon.core.keyword.internal.KeywordExecutor.executeKeywordForPlatform(KeywordExecutor.groovy:74)
	at com.kms.katalon.core.keyword.BuiltinKeywords.verifyEqual(BuiltinKeywords.groovy:146)
	at jdk.internal.reflect.GeneratedMethodAccessor23.invoke(Unknown Source)
	at java.base/jdk.internal.reflect.DelegatingMethodAccessorImpl.invoke(DelegatingMethodAccessorImpl.java:43)
	at Выручка в рублях сверка дашбордов ПАО Россети.Blocks(Выручка в рублях сверка дашбордов ПАО Россети:367)
	at Выручка в рублях сверка дашбордов ПАО Россети.ViruchkaChange(Выручка в рублях сверка дашбордов ПАО Россети:60)
	at Выручка в рублях сверка дашбордов ПАО Россети.run(Выручка в рублях сверка дашбордов ПАО Россети:55)
	at com.kms.katalon.core.main.ScriptEngine.run(ScriptEngine.java:194)
	at com.kms.katalon.core.main.ScriptEngine.runScriptAsRawText(ScriptEngine.java:119)
	at com.kms.katalon.core.main.TestCaseExecutor.runScript(TestCaseExecutor.java:448)
	at com.kms.katalon.core.main.TestCaseExecutor.doExecute(TestCaseExecutor.java:439)
	at com.kms.katalon.core.main.TestCaseExecutor.processExecutionPhase(TestCaseExecutor.java:418)
	at com.kms.katalon.core.main.TestCaseExecutor.accessMainPhase(TestCaseExecutor.java:410)
	at com.kms.katalon.core.main.TestCaseExecutor.execute(TestCaseExecutor.java:285)
	at com.kms.katalon.core.common.CommonExecutor.accessTestCaseMainPhase(CommonExecutor.java:65)
	at com.kms.katalon.core.main.TestSuiteExecutor.accessTestSuiteMainPhase(TestSuiteExecutor.java:150)
	at com.kms.katalon.core.main.TestSuiteExecutor.execute(TestSuiteExecutor.java:106)
	at com.kms.katalon.core.main.TestCaseMain.startTestSuite(TestCaseMain.java:180)
	at TempTestSuite1741312418653.run(TempTestSuite1741312418653.groovy:35)
	at java.base/jdk.internal.reflect.NativeMethodAccessorImpl.invoke0(Native Method)
	at java.base/jdk.internal.reflect.NativeMethodAccessorImpl.invoke(NativeMethodAccessorImpl.java:77)
	at java.base/jdk.internal.reflect.DelegatingMethodAccessorImpl.invoke(DelegatingMethodAccessorImpl.java:43)
)

07-03-2025T08:13:59 - [TEST_STEP][PASSED] - a = replaceAll("\s+", "").trim(): null

07-03-2025T08:13:59 - [TEST_STEP][PASSED] - b = replaceAll("\s+", "").trim(): null

07-03-2025T08:13:59 - [TEST_STEP][PASSED] - Script1710234207206.WriteToExcel(todaysDate, run, vir, block, typeOfData, viruchka, vidget, nameOfBlock, a, b, dZO, x, y): null

07-03-2025T08:13:59 - [TEST_STEP][PASSED] - println(run): null

07-03-2025T08:13:59 - [TEST_STEP][PASSED] - if (run == 1): null

07-03-2025T08:13:59 - [TEST_STEP][PASSED] - else if (run == 2): null

07-03-2025T08:13:59 - [TEST_STEP][PASSED] - typeOfData = "Проценты": null

07-03-2025T08:13:59 - [TEST_STEP][PASSED] - println("todaysDate:" + todaysDate): null

07-03-2025T08:13:59 - [TEST_STEP][PASSED] - println("typeOfData:" + typeOfData): null

07-03-2025T08:13:59 - [TEST_STEP][PASSED] - viruchka = getText(findTestObject("Выручка в рублях/Фильтр Выручка" + nameOfBlock)): Text of object 'Object Repository/Выручка в рублях/Фильтр Выручка Выручка' is: 'Все'

07-03-2025T08:13:59 - [MESSAGE][PASSED] - Text of object 'Object Repository/Выручка в рублях/Фильтр Выручка Выручка' is: 'Все'

07-03-2025T08:13:59 - [TEST_STEP][PASSED] - println("viruchka" + viruchka): null

07-03-2025T08:13:59 - [TEST_STEP][PASSED] - println("vidget" + vidget): null

07-03-2025T08:13:59 - [TEST_STEP][PASSED] - println("a" + a): null

07-03-2025T08:13:59 - [TEST_STEP][PASSED] - println("b" + b): null

07-03-2025T08:13:59 - [TEST_STEP][PASSED] - sheetName = "Sheet1": null

07-03-2025T08:13:59 - [TEST_STEP][PASSED] - data = findTestData("PlanFact"): null

07-03-2025T08:13:59 - [TEST_STEP][PASSED] - n = data.getRowNumbers() + 1: null

07-03-2025T08:13:59 - [TEST_STEP][PASSED] - period = getText(findTestObject("Выручка в рублях/Фильтр Период")).trim(): Text of object 'Object Repository/Выручка в рублях/Фильтр Период' is: 'Январь 2025 года'

07-03-2025T08:13:59 - [MESSAGE][PASSED] - Text of object 'Object Repository/Выручка в рублях/Фильтр Период' is: 'Январь 2025 года'

07-03-2025T08:13:59 - [TEST_STEP][PASSED] - println(period): null

07-03-2025T08:13:59 - [TEST_STEP][PASSED] - if (period.findAll("[а-яА-Я]") == false): null

07-03-2025T08:13:59 - [TEST_STEP][PASSED] - dashboardName = "Выручка в рублях": null

07-03-2025T08:13:59 - [TEST_STEP][PASSED] - if (a == ""): null

07-03-2025T08:13:59 - [TEST_STEP][ERROR] - else: Test Cases/Сверки дашбордов/Выручка в рублях сверка дашбордов ПАО Россети FAILED.
Reason:
java.lang.NumberFormatException: For input string: "ПАОРоссети"
	at java.base/jdk.internal.math.FloatingDecimal.readJavaFormatString(FloatingDecimal.java:2054)
	at java.base/jdk.internal.math.FloatingDecimal.parseDouble(FloatingDecimal.java:110)
	at Выручка в рублях сверка дашбордов ПАО Россети.WriteToExcel(Выручка в рублях сверка дашбордов ПАО Россети:807)
	at Выручка в рублях сверка дашбордов ПАО Россети.Blocks(Выручка в рублях сверка дашбордов ПАО Россети:373)
	at Выручка в рублях сверка дашбордов ПАО Россети.ViruchkaChange(Выручка в рублях сверка дашбордов ПАО Россети:60)
	at Выручка в рублях сверка дашбордов ПАО Россети.run(Выручка в рублях сверка дашбордов ПАО Россети:55)
	at com.kms.katalon.core.main.ScriptEngine.run(ScriptEngine.java:194)
	at com.kms.katalon.core.main.ScriptEngine.runScriptAsRawText(ScriptEngine.java:119)
	at com.kms.katalon.core.main.TestCaseExecutor.runScript(TestCaseExecutor.java:448)
	at com.kms.katalon.core.main.TestCaseExecutor.doExecute(TestCaseExecutor.java:439)
	at com.kms.katalon.core.main.TestCaseExecutor.processExecutionPhase(TestCaseExecutor.java:418)
	at com.kms.katalon.core.main.TestCaseExecutor.accessMainPhase(TestCaseExecutor.java:410)
	at com.kms.katalon.core.main.TestCaseExecutor.execute(TestCaseExecutor.java:285)
	at com.kms.katalon.core.common.CommonExecutor.accessTestCaseMainPhase(CommonExecutor.java:65)
	at com.kms.katalon.core.main.TestSuiteExecutor.accessTestSuiteMainPhase(TestSuiteExecutor.java:150)
	at com.kms.katalon.core.main.TestSuiteExecutor.execute(TestSuiteExecutor.java:106)
	at com.kms.katalon.core.main.TestCaseMain.startTestSuite(TestCaseMain.java:180)
	at TempTestSuite1741312418653.run(TempTestSuite1741312418653.groovy:35)
	at java.base/jdk.internal.reflect.NativeMethodAccessorImpl.invoke0(Native Method)
	at java.base/jdk.internal.reflect.NativeMethodAccessorImpl.invoke(NativeMethodAccessorImpl.java:77)
	at java.base/jdk.internal.reflect.DelegatingMethodAccessorImpl.invoke(DelegatingMethodAccessorImpl.java:43)


07-03-2025T08:13:59 - [TEST_STEP][ERROR] - x = a.toDouble(): Test Cases/Сверки дашбордов/Выручка в рублях сверка дашбордов ПАО Россети FAILED.
Reason:
java.lang.NumberFormatException: For input string: "ПАОРоссети"
	at java.base/jdk.internal.math.FloatingDecimal.readJavaFormatString(FloatingDecimal.java:2054)
	at java.base/jdk.internal.math.FloatingDecimal.parseDouble(FloatingDecimal.java:110)
	at Выручка в рублях сверка дашбордов ПАО Россети.WriteToExcel(Выручка в рублях сверка дашбордов ПАО Россети:807)
	at Выручка в рублях сверка дашбордов ПАО Россети.Blocks(Выручка в рублях сверка дашбордов ПАО Россети:373)
	at Выручка в рублях сверка дашбордов ПАО Россети.ViruchkaChange(Выручка в рублях сверка дашбордов ПАО Россети:60)
	at Выручка в рублях сверка дашбордов ПАО Россети.run(Выручка в рублях сверка дашбордов ПАО Россети:55)
	at com.kms.katalon.core.main.ScriptEngine.run(ScriptEngine.java:194)
	at com.kms.katalon.core.main.ScriptEngine.runScriptAsRawText(ScriptEngine.java:119)
	at com.kms.katalon.core.main.TestCaseExecutor.runScript(TestCaseExecutor.java:448)
	at com.kms.katalon.core.main.TestCaseExecutor.doExecute(TestCaseExecutor.java:439)
	at com.kms.katalon.core.main.TestCaseExecutor.processExecutionPhase(TestCaseExecutor.java:418)
	at com.kms.katalon.core.main.TestCaseExecutor.accessMainPhase(TestCaseExecutor.java:410)
	at com.kms.katalon.core.main.TestCaseExecutor.execute(TestCaseExecutor.java:285)
	at com.kms.katalon.core.common.CommonExecutor.accessTestCaseMainPhase(CommonExecutor.java:65)
	at com.kms.katalon.core.main.TestSuiteExecutor.accessTestSuiteMainPhase(TestSuiteExecutor.java:150)
	at com.kms.katalon.core.main.TestSuiteExecutor.execute(TestSuiteExecutor.java:106)
	at com.kms.katalon.core.main.TestCaseMain.startTestSuite(TestCaseMain.java:180)
	at TempTestSuite1741312418653.run(TempTestSuite1741312418653.groovy:35)
	at java.base/jdk.internal.reflect.NativeMethodAccessorImpl.invoke0(Native Method)
	at java.base/jdk.internal.reflect.NativeMethodAccessorImpl.invoke(NativeMethodAccessorImpl.java:77)
	at java.base/jdk.internal.reflect.DelegatingMethodAccessorImpl.invoke(DelegatingMethodAccessorImpl.java:43)


07-03-2025T08:13:59 - [MESSAGE][ERROR] - Test Cases/Сверки дашбордов/Выручка в рублях сверка дашбордов ПАО Россети FAILED.
Reason:
java.lang.NumberFormatException: For input string: "ПАОРоссети"
	at java.base/jdk.internal.math.FloatingDecimal.readJavaFormatString(FloatingDecimal.java:2054)
	at java.base/jdk.internal.math.FloatingDecimal.parseDouble(FloatingDecimal.java:110)
	at Выручка в рублях сверка дашбордов ПАО Россети.WriteToExcel(Выручка в рублях сверка дашбордов ПАО Россети:807)
	at Выручка в рублях сверка дашбордов ПАО Россети.Blocks(Выручка в рублях сверка дашбордов ПАО Россети:373)
	at Выручка в рублях сверка дашбордов ПАО Россети.ViruchkaChange(Выручка в рублях сверка дашбордов ПАО Россети:60)
	at Выручка в рублях сверка дашбордов ПАО Россети.run(Выручка в рублях сверка дашбордов ПАО Россети:55)
	at com.kms.katalon.core.main.ScriptEngine.run(ScriptEngine.java:194)
	at com.kms.katalon.core.main.ScriptEngine.runScriptAsRawText(ScriptEngine.java:119)
	at com.kms.katalon.core.main.TestCaseExecutor.runScript(TestCaseExecutor.java:448)
	at com.kms.katalon.core.main.TestCaseExecutor.doExecute(TestCaseExecutor.java:439)
	at com.kms.katalon.core.main.TestCaseExecutor.processExecutionPhase(TestCaseExecutor.java:418)
	at com.kms.katalon.core.main.TestCaseExecutor.accessMainPhase(TestCaseExecutor.java:410)
	at com.kms.katalon.core.main.TestCaseExecutor.execute(TestCaseExecutor.java:285)
	at com.kms.katalon.core.common.CommonExecutor.accessTestCaseMainPhase(CommonExecutor.java:65)
	at com.kms.katalon.core.main.TestSuiteExecutor.accessTestSuiteMainPhase(TestSuiteExecutor.java:150)
	at com.kms.katalon.core.main.TestSuiteExecutor.execute(TestSuiteExecutor.java:106)
	at com.kms.katalon.core.main.TestCaseMain.startTestSuite(TestCaseMain.java:180)
	at TempTestSuite1741312418653.run(TempTestSuite1741312418653.groovy:35)
	at java.base/jdk.internal.reflect.NativeMethodAccessorImpl.invoke0(Native Method)
	at java.base/jdk.internal.reflect.NativeMethodAccessorImpl.invoke(NativeMethodAccessorImpl.java:77)
	at java.base/jdk.internal.reflect.DelegatingMethodAccessorImpl.invoke(DelegatingMethodAccessorImpl.java:43)]]></system-out>
         <system-err><![CDATA[07-03-2025T07:18:23 - [TEST_CASE][FAILED] - Test Cases/Сверки дашбордов/Выручка в рублях сверка дашбордов ПАО Россети: Test Cases/Сверки дашбордов/Выручка в рублях сверка дашбордов ПАО Россети FAILED.
Reason:
com.kms.katalon.core.exception.StepFailedException: Unable to verify equal between actual object '36556' and expected object '8156' (Root cause: com.kms.katalon.core.exception.StepFailedException: Actual object '36556' and expected object '8156' are not equal
	at com.kms.katalon.core.keyword.builtin.VerifyEqualKeyword$_verifyEqual_closure1.doCall(VerifyEqualKeyword.groovy:58)
	at com.kms.katalon.core.keyword.builtin.VerifyEqualKeyword$_verifyEqual_closure1.call(VerifyEqualKeyword.groovy)
	at com.kms.katalon.core.keyword.internal.KeywordMain.runKeyword(KeywordMain.groovy:75)
	at com.kms.katalon.core.keyword.builtin.VerifyEqualKeyword.verifyEqual(VerifyEqualKeyword.groovy:63)
	at com.kms.katalon.core.keyword.builtin.VerifyEqualKeyword.execute(VerifyEqualKeyword.groovy:44)
	at com.kms.katalon.core.keyword.internal.KeywordExecutor.executeKeywordForPlatform(KeywordExecutor.groovy:74)
	at com.kms.katalon.core.keyword.BuiltinKeywords.verifyEqual(BuiltinKeywords.groovy:146)
	at jdk.internal.reflect.GeneratedMethodAccessor23.invoke(Unknown Source)
	at java.base/jdk.internal.reflect.DelegatingMethodAccessorImpl.invoke(DelegatingMethodAccessorImpl.java:43)
	at Выручка в рублях сверка дашбордов ПАО Россети.Blocks(Выручка в рублях сверка дашбордов ПАО Россети:357)
	at Выручка в рублях сверка дашбордов ПАО Россети.ViruchkaChange(Выручка в рублях сверка дашбордов ПАО Россети:60)
	at Выручка в рублях сверка дашбордов ПАО Россети.run(Выручка в рублях сверка дашбордов ПАО Россети:55)
	at com.kms.katalon.core.main.ScriptEngine.run(ScriptEngine.java:194)
	at com.kms.katalon.core.main.ScriptEngine.runScriptAsRawText(ScriptEngine.java:119)
	at com.kms.katalon.core.main.TestCaseExecutor.runScript(TestCaseExecutor.java:448)
	at com.kms.katalon.core.main.TestCaseExecutor.doExecute(TestCaseExecutor.java:439)
	at com.kms.katalon.core.main.TestCaseExecutor.processExecutionPhase(TestCaseExecutor.java:418)
	at com.kms.katalon.core.main.TestCaseExecutor.accessMainPhase(TestCaseExecutor.java:410)
	at com.kms.katalon.core.main.TestCaseExecutor.execute(TestCaseExecutor.java:285)
	at com.kms.katalon.core.common.CommonExecutor.accessTestCaseMainPhase(CommonExecutor.java:65)
	at com.kms.katalon.core.main.TestSuiteExecutor.accessTestSuiteMainPhase(TestSuiteExecutor.java:150)
	at com.kms.katalon.core.main.TestSuiteExecutor.execute(TestSuiteExecutor.java:106)
	at com.kms.katalon.core.main.TestCaseMain.startTestSuite(TestCaseMain.java:180)
	at TempTestSuite1741312418653.run(TempTestSuite1741312418653.groovy:35)
	at java.base/jdk.internal.reflect.NativeMethodAccessorImpl.invoke0(Native Method)
	at java.base/jdk.internal.reflect.NativeMethodAccessorImpl.invoke(NativeMethodAccessorImpl.java:77)
	at java.base/jdk.internal.reflect.DelegatingMethodAccessorImpl.invoke(DelegatingMethodAccessorImpl.java:43)
)
	at com.kms.katalon.core.keyword.internal.KeywordMain.stepFailed(KeywordMain.groovy:39)
	at com.kms.katalon.core.keyword.internal.KeywordMain.stepFailed(KeywordMain.groovy)
	at com.kms.katalon.core.keyword.internal.KeywordMain.runKeyword(KeywordMain.groovy:77)
	at com.kms.katalon.core.keyword.builtin.VerifyEqualKeyword.verifyEqual(VerifyEqualKeyword.groovy:63)
	at com.kms.katalon.core.keyword.builtin.VerifyEqualKeyword.execute(VerifyEqualKeyword.groovy:44)
	at com.kms.katalon.core.keyword.internal.KeywordExecutor.executeKeywordForPlatform(KeywordExecutor.groovy:74)
	at com.kms.katalon.core.keyword.BuiltinKeywords.verifyEqual(BuiltinKeywords.groovy:146)
	at jdk.internal.reflect.GeneratedMethodAccessor23.invoke(Unknown Source)
	at java.base/jdk.internal.reflect.DelegatingMethodAccessorImpl.invoke(DelegatingMethodAccessorImpl.java:43)
	at Выручка в рублях сверка дашбордов ПАО Россети.Blocks(Выручка в рублях сверка дашбордов ПАО Россети:357)
	at Выручка в рублях сверка дашбордов ПАО Россети.ViruchkaChange(Выручка в рублях сверка дашбордов ПАО Россети:60)
	at Выручка в рублях сверка дашбордов ПАО Россети.run(Выручка в рублях сверка дашбордов ПАО Россети:55)
	at com.kms.katalon.core.main.ScriptEngine.run(ScriptEngine.java:194)
	at com.kms.katalon.core.main.ScriptEngine.runScriptAsRawText(ScriptEngine.java:119)
	at com.kms.katalon.core.main.TestCaseExecutor.runScript(TestCaseExecutor.java:448)
	at com.kms.katalon.core.main.TestCaseExecutor.doExecute(TestCaseExecutor.java:439)
	at com.kms.katalon.core.main.TestCaseExecutor.processExecutionPhase(TestCaseExecutor.java:418)
	at com.kms.katalon.core.main.TestCaseExecutor.accessMainPhase(TestCaseExecutor.java:410)
	at com.kms.katalon.core.main.TestCaseExecutor.execute(TestCaseExecutor.java:285)
	at com.kms.katalon.core.common.CommonExecutor.accessTestCaseMainPhase(CommonExecutor.java:65)
	at com.kms.katalon.core.main.TestSuiteExecutor.accessTestSuiteMainPhase(TestSuiteExecutor.java:150)
	at com.kms.katalon.core.main.TestSuiteExecutor.execute(TestSuiteExecutor.java:106)
	at com.kms.katalon.core.main.TestCaseMain.startTestSuite(TestCaseMain.java:180)
	at TempTestSuite1741312418653.run(TempTestSuite1741312418653.groovy:35)
	at java.base/jdk.internal.reflect.NativeMethodAccessorImpl.invoke0(Native Method)
	at java.base/jdk.internal.reflect.NativeMethodAccessorImpl.invoke(NativeMethodAccessorImpl.java:77)
	at java.base/jdk.internal.reflect.DelegatingMethodAccessorImpl.invoke(DelegatingMethodAccessorImpl.java:43)
Caused by: com.kms.katalon.core.exception.StepFailedException: Actual object '36556' and expected object '8156' are not equal
	at com.kms.katalon.core.keyword.builtin.VerifyEqualKeyword$_verifyEqual_closure1.doCall(VerifyEqualKeyword.groovy:58)
	at com.kms.katalon.core.keyword.builtin.VerifyEqualKeyword$_verifyEqual_closure1.call(VerifyEqualKeyword.groovy)
	at com.kms.katalon.core.keyword.internal.KeywordMain.runKeyword(KeywordMain.groovy:75)
	... 24 more]]></system-err>
      </testcase>
      <testcase name="Test Cases/Сверки дашбордов/Выручка по ДЗО сверка дашбордов" time="144.883" classname="Test Cases/Сверки дашбордов/Выручка по ДЗО сверка дашбордов" status="PASSED">
         <system-out><![CDATA[07-03-2025T08:13:59 - [TEST_CASE][PASSED] - Test Cases/Сверки дашбордов/Выручка по ДЗО сверка дашбордов: Test Cases/Сверки дашбордов/Выручка по ДЗО сверка дашбордов

07-03-2025T08:14:00 - [TEST_STEP][PASSED] - date = new java.util.Date(): null

07-03-2025T08:14:00 - [TEST_STEP][PASSED] - todaysDate = date.format("dd.MM.yyyy"): null

07-03-2025T08:14:00 - [TEST_STEP][PASSED] - println(todaysDate): null

07-03-2025T08:14:00 - [TEST_STEP][PASSED] - openBrowser(""): Browser is opened with url: ''

07-03-2025T08:14:00 - [MESSAGE][WARNING] - A browser is already opened. Closing browser and opening a new one

07-03-2025T08:14:00 - [MESSAGE][INFO] - Starting 'Chrome' driver

07-03-2025T08:14:00 - [MESSAGE][INFO] - Action delay is set to 0 milliseconds

07-03-2025T08:14:01 - [MESSAGE][PASSED] - Browser is opened with url: ''

07-03-2025T08:14:01 - [TEST_STEP][PASSED] - navigateToUrl(findTestData("PlanFact").getValue(10, 5)): Navigate to 'https://bi.rosseti.digital/viewer?dashboardGuid=2301950b23be4ed89c1df75f2020051e&sheetGuid=31530aa0b6664c09b016b7f2ab9d853e&fit=true' successfully

07-03-2025T08:14:05 - [MESSAGE][PASSED] - Navigate to 'https://bi.rosseti.digital/viewer?dashboardGuid=2301950b23be4ed89c1df75f2020051e&sheetGuid=31530aa0b6664c09b016b7f2ab9d853e&fit=true' successfully

07-03-2025T08:14:05 - [TEST_STEP][PASSED] - setText(findTestObject("Страница авторизации/input__username"), findTestData("PlanFact").getValue(8, 1)): Text 'liazgina-di' is set on object 'Object Repository/Страница авторизации/input__username'

07-03-2025T08:14:07 - [MESSAGE][PASSED] - Text 'liazgina-di' is set on object 'Object Repository/Страница авторизации/input__username'

07-03-2025T08:14:07 - [TEST_STEP][PASSED] - setText(findTestObject("Страница авторизации/input__password"), findTestData("PlanFact").getValue(9, 1)): Text ')$%5srZ8o688Dm#q' is set on object 'Object Repository/Страница авторизации/input__password'

07-03-2025T08:14:08 - [MESSAGE][PASSED] - Text ')$%5srZ8o688Dm#q' is set on object 'Object Repository/Страница авторизации/input__password'

07-03-2025T08:14:08 - [TEST_STEP][PASSED] - click(findTestObject("Страница авторизации/button_")): Object: 'Object Repository/Страница авторизации/button_' is clicked on

07-03-2025T08:14:09 - [MESSAGE][PASSED] - Object: 'Object Repository/Страница авторизации/button_' is clicked on

07-03-2025T08:14:09 - [TEST_STEP][PASSED] - delay(30): Delayed 30 second(s)

07-03-2025T08:14:39 - [MESSAGE][PASSED] - Delayed 30 second(s)

07-03-2025T08:14:39 - [TEST_STEP][PASSED] - click(findTestObject("Выручка по ДЗО/Фильтр Дата")): Object: 'Object Repository/Выручка по ДЗО/Фильтр Дата' is clicked on

07-03-2025T08:14:40 - [MESSAGE][PASSED] - Object: 'Object Repository/Выручка по ДЗО/Фильтр Дата' is clicked on

07-03-2025T08:14:40 - [TEST_STEP][PASSED] - click(findTestObject("Выручка по ДЗО/Снять выделение в фильтре Дата")): Object: 'Object Repository/Выручка по ДЗО/Снять выделение в фильтре Дата' is clicked on

07-03-2025T08:14:40 - [MESSAGE][PASSED] - Object: 'Object Repository/Выручка по ДЗО/Снять выделение в фильтре Дата' is clicked on

07-03-2025T08:14:40 - [TEST_STEP][PASSED] - click(findTestObject("Выручка по ДЗО/Применить в фильтре Дата")): Object: 'Object Repository/Выручка по ДЗО/Применить в фильтре Дата' is clicked on

07-03-2025T08:14:41 - [MESSAGE][PASSED] - Object: 'Object Repository/Выручка по ДЗО/Применить в фильтре Дата' is clicked on

07-03-2025T08:14:41 - [TEST_STEP][PASSED] - click(findTestObject("Выручка по ДЗО/Фильтр Дата")): Object: 'Object Repository/Выручка по ДЗО/Фильтр Дата' is clicked on

07-03-2025T08:14:42 - [MESSAGE][PASSED] - Object: 'Object Repository/Выручка по ДЗО/Фильтр Дата' is clicked on

07-03-2025T08:14:42 - [TEST_STEP][PASSED] - click(findTestObject("Выручка по ДЗО/Снять выделение в фильтре Дата")): Object: 'Object Repository/Выручка по ДЗО/Снять выделение в фильтре Дата' is clicked on

07-03-2025T08:14:43 - [MESSAGE][PASSED] - Object: 'Object Repository/Выручка по ДЗО/Снять выделение в фильтре Дата' is clicked on

07-03-2025T08:14:43 - [TEST_STEP][PASSED] - scrollToElement(findTestObject("Выручка по ДЗО/2025 список"), 30): Scroll to object 'Object Repository/Выручка по ДЗО/2025 список' successfully

07-03-2025T08:14:43 - [MESSAGE][PASSED] - Scroll to object 'Object Repository/Выручка по ДЗО/2025 список' successfully

07-03-2025T08:14:43 - [TEST_STEP][PASSED] - click(findTestObject("Выручка по ДЗО/2025 список")): Object: 'Object Repository/Выручка по ДЗО/2025 список' is clicked on

07-03-2025T08:14:43 - [MESSAGE][PASSED] - Object: 'Object Repository/Выручка по ДЗО/2025 список' is clicked on

07-03-2025T08:14:43 - [TEST_STEP][PASSED] - scrollToElement(findTestObject("Выручка по ДЗО/1 квартал 2025 список"), 30): Scroll to object 'Object Repository/Выручка по ДЗО/1 квартал 2025 список' successfully

07-03-2025T08:14:44 - [MESSAGE][PASSED] - Scroll to object 'Object Repository/Выручка по ДЗО/1 квартал 2025 список' successfully

07-03-2025T08:14:44 - [TEST_STEP][PASSED] - click(findTestObject("Выручка по ДЗО/1 квартал 2025 список"), CONTINUE_ON_FAILURE): Object: 'Object Repository/Выручка по ДЗО/1 квартал 2025 список' is clicked on

07-03-2025T08:14:44 - [MESSAGE][PASSED] - Object: 'Object Repository/Выручка по ДЗО/1 квартал 2025 список' is clicked on

07-03-2025T08:14:44 - [TEST_STEP][PASSED] - scrollToElement(findTestObject("Выручка по ДЗО/Январь 2025"), 30): Scroll to object 'Object Repository/Выручка по ДЗО/Январь 2025' successfully

07-03-2025T08:14:45 - [MESSAGE][PASSED] - Scroll to object 'Object Repository/Выручка по ДЗО/Январь 2025' successfully

07-03-2025T08:14:45 - [TEST_STEP][PASSED] - click(findTestObject("Выручка по ДЗО/Январь 2025"), CONTINUE_ON_FAILURE): Object: 'Object Repository/Выручка по ДЗО/Январь 2025' is clicked on

07-03-2025T08:14:45 - [MESSAGE][PASSED] - Object: 'Object Repository/Выручка по ДЗО/Январь 2025' is clicked on

07-03-2025T08:14:45 - [TEST_STEP][PASSED] - scrollToElement(findTestObject("Выручка по ДЗО/Заголовок дашборда"), 30): Scroll to object 'Object Repository/Выручка по ДЗО/Заголовок дашборда' successfully

07-03-2025T08:14:45 - [MESSAGE][PASSED] - Scroll to object 'Object Repository/Выручка по ДЗО/Заголовок дашборда' successfully

07-03-2025T08:14:45 - [TEST_STEP][PASSED] - click(findTestObject("Выручка по ДЗО/Применить в фильтре Дата")): Object: 'Object Repository/Выручка по ДЗО/Применить в фильтре Дата' is clicked on

07-03-2025T08:14:46 - [MESSAGE][PASSED] - Object: 'Object Repository/Выручка по ДЗО/Применить в фильтре Дата' is clicked on

07-03-2025T08:14:46 - [TEST_STEP][PASSED] - delay(30): Delayed 30 second(s)

07-03-2025T08:15:16 - [MESSAGE][PASSED] - Delayed 30 second(s)

07-03-2025T08:15:16 - [TEST_STEP][PASSED] - a1 = getText(findTestObject("Выручка по ДЗО/График1 Выполнение плановых показателей Блок руководителя")): Text of object 'Object Repository/Выручка по ДЗО/График1 Выполнение плановых показателей Блок руководителя' is: '2 275 2 275
0 0
0 0
8 938 8 938
7 813 7 813
11 645 11 645
12 788 12 788
0 0
7 066 7 066
0 0
1 091 1 091
10 368 10 368
10 920 10 920
28 393 28 393
12 599 12 599
0 0
6 349 6 349
1 064 1 064
2 202 2 202
274 274
463 463
10 568 10 568
7 759 7 759
11 241 11 241
21 497 21 497
3 799 3 799
6 815 6 815
11 296 11 296
1 034 1 034
9 265 9 265
10 446 10 446
28 334 28 334
11 924 11 924
13 055 13 055
6 848 6 848
1 045 1 045
План
Факт
АО "РЭС"
АО «Тываэнерго»
АО «Чеченэнерго»
Россети Волга
Россети Кубань
Россети Ленэнерго (ГК)
Россети Московский регион
Россети Северный Кавказ (ГК)
Россети Северо-Запад
Россети Сибирь (ГК)
Россети Томск
Россети Тюмень
Россети Урал (ГК)
Россети ФСК ЕЭС
Россети Центр
Россети Центр и Приволжье (ГК)
Россети Юг (ГК)
Россети Янтарь
0 млн. руб.
2 500 млн. руб.
5 000 млн. руб.
7 500 млн. руб.
10 000 млн. руб.
12 500 млн. руб.
15 000 млн. руб.
17 500 млн. руб.
20 000 млн. руб.
22 500 млн. руб.
25 000 млн. руб.
27 500 млн. руб.
30 000 млн. руб.'

07-03-2025T08:15:16 - [MESSAGE][PASSED] - Text of object 'Object Repository/Выручка по ДЗО/График1 Выполнение плановых показателей Блок руководителя' is: '2 275 2 275
0 0
0 0
8 938 8 938
7 813 7 813
11 645 11 645
12 788 12 788
0 0
7 066 7 066
0 0
1 091 1 091
10 368 10 368
10 920 10 920
28 393 28 393
12 599 12 599
0 0
6 349 6 349
1 064 1 064
2 202 2 202
274 274
463 463
10 568 10 568
7 759 7 759
11 241 11 241
21 497 21 497
3 799 3 799
6 815 6 815
11 296 11 296
1 034 1 034
9 265 9 265
10 446 10 446
28 334 28 334
11 924 11 924
13 055 13 055
6 848 6 848
1 045 1 045
План
Факт
АО "РЭС"
АО «Тываэнерго»
АО «Чеченэнерго»
Россети Волга
Россети Кубань
Россети Ленэнерго (ГК)
Россети Московский регион
Россети Северный Кавказ (ГК)
Россети Северо-Запад
Россети Сибирь (ГК)
Россети Томск
Россети Тюмень
Россети Урал (ГК)
Россети ФСК ЕЭС
Россети Центр
Россети Центр и Приволжье (ГК)
Россети Юг (ГК)
Россети Янтарь
0 млн. руб.
2 500 млн. руб.
5 000 млн. руб.
7 500 млн. руб.
10 000 млн. руб.
12 500 млн. руб.
15 000 млн. руб.
17 500 млн. руб.
20 000 млн. руб.
22 500 млн. руб.
25 000 млн. руб.
27 500 млн. руб.
30 000 млн. руб.'

07-03-2025T08:15:16 - [TEST_STEP][PASSED] - println("a1: " + a1): null

07-03-2025T08:15:16 - [TEST_STEP][PASSED] - i = a1.indexOf("План"): null

07-03-2025T08:15:16 - [TEST_STEP][PASSED] - a1 = a1.substring(0, i): null

07-03-2025T08:15:16 - [TEST_STEP][PASSED] - println("a1: " + a1): null

07-03-2025T08:15:16 - [TEST_STEP][PASSED] - a2 = getText(findTestObject("Выручка по ДЗО/График2 Выполнение плановых показателей Блок руководителя")): Text of object 'Object Repository/Выручка по ДЗО/График2 Выполнение плановых показателей Блок руководителя' is: '1,4%1,4%
0,17%0,17%
0,29%0,29%
6,69%6,69%
4,92%4,92%
7,12%7,12%
13,62%13,62%
2,41%2,41%
4,32%4,32%
7,16%7,16%
0,65%0,65%
5,87%5,87%
6,62%6,62%
17,95%17,95%
7,55%7,55%
8,27%8,27%
4,34%4,34%
0,66%0,66%
АО "РЭС"
АО «Тываэнерго»
АО «Чеченэнерго»
Россети Волга
Россети Кубань
Россети Ленэнерго (ГК)
Россети Московский регион
Россети Северный Кавказ (ГК)
Россети Северо-Запад
Россети Сибирь (ГК)
Россети Томск
Россети Тюмень
Россети Урал (ГК)
Россети ФСК ЕЭС
Россети Центр
Россети Центр и Приволжье (ГК)
Россети Юг (ГК)
Россети Янтарь
Россети Центр и Приволжье (ГК): 13 054 893,11'

07-03-2025T08:15:17 - [MESSAGE][PASSED] - Text of object 'Object Repository/Выручка по ДЗО/График2 Выполнение плановых показателей Блок руководителя' is: '1,4%1,4%
0,17%0,17%
0,29%0,29%
6,69%6,69%
4,92%4,92%
7,12%7,12%
13,62%13,62%
2,41%2,41%
4,32%4,32%
7,16%7,16%
0,65%0,65%
5,87%5,87%
6,62%6,62%
17,95%17,95%
7,55%7,55%
8,27%8,27%
4,34%4,34%
0,66%0,66%
АО "РЭС"
АО «Тываэнерго»
АО «Чеченэнерго»
Россети Волга
Россети Кубань
Россети Ленэнерго (ГК)
Россети Московский регион
Россети Северный Кавказ (ГК)
Россети Северо-Запад
Россети Сибирь (ГК)
Россети Томск
Россети Тюмень
Россети Урал (ГК)
Россети ФСК ЕЭС
Россети Центр
Россети Центр и Приволжье (ГК)
Россети Юг (ГК)
Россети Янтарь
Россети Центр и Приволжье (ГК): 13 054 893,11'

07-03-2025T08:15:17 - [TEST_STEP][PASSED] - println("a2: " + a2): null

07-03-2025T08:15:17 - [TEST_STEP][PASSED] - i = a2.indexOf("АО «Тываэнерго»"): null

07-03-2025T08:15:17 - [TEST_STEP][PASSED] - a2 = a2.substring(0, i): null

07-03-2025T08:15:17 - [TEST_STEP][PASSED] - navigateToUrl(findTestData("PlanFact").getValue(10, 10)): Navigate to 'https://bi.rosseti.digital/viewer?dashboardGuid=a1fd28b3785d443cbc4d7690a1d78e31&sheetGuid=4a2f47326819444da0508dec5c59e502&fit=true' successfully

07-03-2025T08:15:17 - [MESSAGE][PASSED] - Navigate to 'https://bi.rosseti.digital/viewer?dashboardGuid=a1fd28b3785d443cbc4d7690a1d78e31&sheetGuid=4a2f47326819444da0508dec5c59e502&fit=true' successfully

07-03-2025T08:15:17 - [TEST_STEP][PASSED] - delay(30): Delayed 30 second(s)

07-03-2025T08:15:47 - [MESSAGE][PASSED] - Delayed 30 second(s)

07-03-2025T08:15:47 - [TEST_STEP][PASSED] - click(findTestObject("Выручка по ДЗО/Фильтр Дата Выручка")): Object: 'Object Repository/Выручка по ДЗО/Фильтр Дата Выручка' is clicked on

07-03-2025T08:15:47 - [MESSAGE][PASSED] - Object: 'Object Repository/Выручка по ДЗО/Фильтр Дата Выручка' is clicked on

07-03-2025T08:15:47 - [TEST_STEP][PASSED] - click(findTestObject("Выручка по ДЗО/Снять выделение в фильтре Дата Выручка")): Object: 'Object Repository/Выручка по ДЗО/Снять выделение в фильтре Дата Выручка' is clicked on

07-03-2025T08:15:48 - [MESSAGE][PASSED] - Object: 'Object Repository/Выручка по ДЗО/Снять выделение в фильтре Дата Выручка' is clicked on

07-03-2025T08:15:48 - [TEST_STEP][PASSED] - click(findTestObject("Выручка по ДЗО/Применить в фильтре Дата Выручка")): Object: 'Object Repository/Выручка по ДЗО/Применить в фильтре Дата Выручка' is clicked on

07-03-2025T08:15:49 - [MESSAGE][PASSED] - Object: 'Object Repository/Выручка по ДЗО/Применить в фильтре Дата Выручка' is clicked on

07-03-2025T08:15:49 - [TEST_STEP][PASSED] - click(findTestObject("Выручка по ДЗО/Фильтр Дата Выручка")): Object: 'Object Repository/Выручка по ДЗО/Фильтр Дата Выручка' is clicked on

07-03-2025T08:15:50 - [MESSAGE][PASSED] - Object: 'Object Repository/Выручка по ДЗО/Фильтр Дата Выручка' is clicked on

07-03-2025T08:15:50 - [TEST_STEP][PASSED] - click(findTestObject("Выручка по ДЗО/Снять выделение в фильтре Дата Выручка")): Object: 'Object Repository/Выручка по ДЗО/Снять выделение в фильтре Дата Выручка' is clicked on

07-03-2025T08:15:50 - [MESSAGE][PASSED] - Object: 'Object Repository/Выручка по ДЗО/Снять выделение в фильтре Дата Выручка' is clicked on

07-03-2025T08:15:50 - [TEST_STEP][PASSED] - scrollToElement(findTestObject("Выручка по ДЗО/2025 список"), 30): Scroll to object 'Object Repository/Выручка по ДЗО/2025 список' successfully

07-03-2025T08:15:50 - [MESSAGE][PASSED] - Scroll to object 'Object Repository/Выручка по ДЗО/2025 список' successfully

07-03-2025T08:15:50 - [TEST_STEP][PASSED] - click(findTestObject("Выручка по ДЗО/2025 список")): Object: 'Object Repository/Выручка по ДЗО/2025 список' is clicked on

07-03-2025T08:15:51 - [MESSAGE][PASSED] - Object: 'Object Repository/Выручка по ДЗО/2025 список' is clicked on

07-03-2025T08:15:51 - [TEST_STEP][PASSED] - scrollToElement(findTestObject("Выручка по ДЗО/1 квартал 2025 список"), 30): Scroll to object 'Object Repository/Выручка по ДЗО/1 квартал 2025 список' successfully

07-03-2025T08:15:51 - [MESSAGE][PASSED] - Scroll to object 'Object Repository/Выручка по ДЗО/1 квартал 2025 список' successfully

07-03-2025T08:15:51 - [TEST_STEP][PASSED] - click(findTestObject("Выручка по ДЗО/1 квартал 2025 список"), CONTINUE_ON_FAILURE): Object: 'Object Repository/Выручка по ДЗО/1 квартал 2025 список' is clicked on

07-03-2025T08:15:52 - [MESSAGE][PASSED] - Object: 'Object Repository/Выручка по ДЗО/1 квартал 2025 список' is clicked on

07-03-2025T08:15:52 - [TEST_STEP][PASSED] - scrollToElement(findTestObject("Выручка по ДЗО/Январь 2025"), 30): Scroll to object 'Object Repository/Выручка по ДЗО/Январь 2025' successfully

07-03-2025T08:15:52 - [MESSAGE][PASSED] - Scroll to object 'Object Repository/Выручка по ДЗО/Январь 2025' successfully

07-03-2025T08:15:52 - [TEST_STEP][PASSED] - click(findTestObject("Выручка по ДЗО/Январь 2025"), CONTINUE_ON_FAILURE): Object: 'Object Repository/Выручка по ДЗО/Январь 2025' is clicked on

07-03-2025T08:15:52 - [MESSAGE][PASSED] - Object: 'Object Repository/Выручка по ДЗО/Январь 2025' is clicked on

07-03-2025T08:15:52 - [TEST_STEP][PASSED] - scrollToElement(findTestObject("Выручка по ДЗО/Заголовок дашборда Выручка"), 30): Scroll to object 'Object Repository/Выручка по ДЗО/Заголовок дашборда Выручка' successfully

07-03-2025T08:15:53 - [MESSAGE][PASSED] - Scroll to object 'Object Repository/Выручка по ДЗО/Заголовок дашборда Выручка' successfully

07-03-2025T08:15:53 - [TEST_STEP][PASSED] - click(findTestObject("Выручка по ДЗО/Применить в фильтре Дата Выручка")): Object: 'Object Repository/Выручка по ДЗО/Применить в фильтре Дата Выручка' is clicked on

07-03-2025T08:15:53 - [MESSAGE][PASSED] - Object: 'Object Repository/Выручка по ДЗО/Применить в фильтре Дата Выручка' is clicked on

07-03-2025T08:15:53 - [TEST_STEP][PASSED] - delay(30): Delayed 30 second(s)

07-03-2025T08:16:23 - [MESSAGE][PASSED] - Delayed 30 second(s)

07-03-2025T08:16:23 - [TEST_STEP][PASSED] - b1 = getText(findTestObject("Выручка по ДЗО/График1 Выполнение плановых показателей Выручка")): Text of object 'Object Repository/Выручка по ДЗО/График1 Выполнение плановых показателей Выручка' is: '2 275 2 275
0 0
0 0
8 938 8 938
7 813 7 813
11 645 11 645
12 788 12 788
0 0
7 066 7 066
0 0
1 091 1 091
10 368 10 368
10 920 10 920
28 393 28 393
12 599 12 599
0 0
6 349 6 349
1 064 1 064
2 202 2 202
274 274
463 463
10 568 10 568
7 759 7 759
11 241 11 241
21 497 21 497
3 799 3 799
6 815 6 815
11 296 11 296
1 034 1 034
9 265 9 265
10 446 10 446
28 334 28 334
11 924 11 924
13 055 13 055
6 848 6 848
1 045 1 045
План
Факт
АО "РЭС"
АО «Тываэнерго»
АО «Чеченэнерго»
Россети Волга
Россети Кубань
Россети Ленэнерго (ГК)
Россети Московский регион
Россети Северный Кавказ (ГК)
Россети Северо-Запад
Россети Сибирь (ГК)
Россети Томск
Россети Тюмень
Россети Урал (ГК)
Россети ФСК ЕЭС
Россети Центр
Россети Центр и Приволжье (ГК)
Россети Юг (ГК)
Россети Янтарь
0 млн. руб.
5 000 млн. руб.
10 000 млн. руб.
15 000 млн. руб.
20 000 млн. руб.
25 000 млн. руб.
30 000 млн. руб.'

07-03-2025T08:16:24 - [MESSAGE][PASSED] - Text of object 'Object Repository/Выручка по ДЗО/График1 Выполнение плановых показателей Выручка' is: '2 275 2 275
0 0
0 0
8 938 8 938
7 813 7 813
11 645 11 645
12 788 12 788
0 0
7 066 7 066
0 0
1 091 1 091
10 368 10 368
10 920 10 920
28 393 28 393
12 599 12 599
0 0
6 349 6 349
1 064 1 064
2 202 2 202
274 274
463 463
10 568 10 568
7 759 7 759
11 241 11 241
21 497 21 497
3 799 3 799
6 815 6 815
11 296 11 296
1 034 1 034
9 265 9 265
10 446 10 446
28 334 28 334
11 924 11 924
13 055 13 055
6 848 6 848
1 045 1 045
План
Факт
АО "РЭС"
АО «Тываэнерго»
АО «Чеченэнерго»
Россети Волга
Россети Кубань
Россети Ленэнерго (ГК)
Россети Московский регион
Россети Северный Кавказ (ГК)
Россети Северо-Запад
Россети Сибирь (ГК)
Россети Томск
Россети Тюмень
Россети Урал (ГК)
Россети ФСК ЕЭС
Россети Центр
Россети Центр и Приволжье (ГК)
Россети Юг (ГК)
Россети Янтарь
0 млн. руб.
5 000 млн. руб.
10 000 млн. руб.
15 000 млн. руб.
20 000 млн. руб.
25 000 млн. руб.
30 000 млн. руб.'

07-03-2025T08:16:24 - [TEST_STEP][PASSED] - println("b1: " + b1): null

07-03-2025T08:16:24 - [TEST_STEP][PASSED] - i = b1.indexOf("План"): null

07-03-2025T08:16:24 - [TEST_STEP][PASSED] - b1 = b1.substring(0, i): null

07-03-2025T08:16:24 - [TEST_STEP][PASSED] - println("b1: " + b1): null

07-03-2025T08:16:24 - [TEST_STEP][PASSED] - b2 = getText(findTestObject("Выручка по ДЗО/График2 Выполнение плановых показателей Выручка")): Text of object 'Object Repository/Выручка по ДЗО/График2 Выполнение плановых показателей Выручка' is: '1,4%1,4%
0,17%0,17%
0,29%0,29%
6,69%6,69%
4,92%4,92%
7,12%7,12%
13,62%13,62%
2,41%2,41%
4,32%4,32%
7,16%7,16%
0,65%0,65%
5,87%5,87%
6,62%6,62%
17,95%17,95%
7,55%7,55%
8,27%8,27%
4,34%4,34%
0,66%0,66%
АО "РЭС"
АО «Тываэнерго»
АО «Чеченэнерго»
Россети Волга
Россети Кубань
Россети Ленэнерго (ГК)
Россети Московский регион
Россети Северный Кавказ (ГК)
Россети Северо-Запад
Россети Сибирь (ГК)
Россети Томск
Россети Тюмень
Россети Урал (ГК)
Россети ФСК ЕЭС
Россети Центр
Россети Центр и Приволжье (ГК)
Россети Юг (ГК)
Россети Янтарь'

07-03-2025T08:16:24 - [MESSAGE][PASSED] - Text of object 'Object Repository/Выручка по ДЗО/График2 Выполнение плановых показателей Выручка' is: '1,4%1,4%
0,17%0,17%
0,29%0,29%
6,69%6,69%
4,92%4,92%
7,12%7,12%
13,62%13,62%
2,41%2,41%
4,32%4,32%
7,16%7,16%
0,65%0,65%
5,87%5,87%
6,62%6,62%
17,95%17,95%
7,55%7,55%
8,27%8,27%
4,34%4,34%
0,66%0,66%
АО "РЭС"
АО «Тываэнерго»
АО «Чеченэнерго»
Россети Волга
Россети Кубань
Россети Ленэнерго (ГК)
Россети Московский регион
Россети Северный Кавказ (ГК)
Россети Северо-Запад
Россети Сибирь (ГК)
Россети Томск
Россети Тюмень
Россети Урал (ГК)
Россети ФСК ЕЭС
Россети Центр
Россети Центр и Приволжье (ГК)
Россети Юг (ГК)
Россети Янтарь'

07-03-2025T08:16:24 - [TEST_STEP][PASSED] - i = b2.indexOf("АО «Тываэнерго»"): null

07-03-2025T08:16:24 - [TEST_STEP][PASSED] - b2 = b2.substring(0, i): null

07-03-2025T08:16:24 - [TEST_STEP][PASSED] - println(b2): null

07-03-2025T08:16:24 - [TEST_STEP][PASSED] - verifyEqual(a1, b1): Actual object '2 275 2 275
0 0
0 0
8 938 8 938
7 813 7 813
11 645 11 645
12 788 12 788
0 0
7 066 7 066
0 0
1 091 1 091
10 368 10 368
10 920 10 920
28 393 28 393
12 599 12 599
0 0
6 349 6 349
1 064 1 064
2 202 2 202
274 274
463 463
10 568 10 568
7 759 7 759
11 241 11 241
21 497 21 497
3 799 3 799
6 815 6 815
11 296 11 296
1 034 1 034
9 265 9 265
10 446 10 446
28 334 28 334
11 924 11 924
13 055 13 055
6 848 6 848
1 045 1 045
' and expected object '2 275 2 275
0 0
0 0
8 938 8 938
7 813 7 813
11 645 11 645
12 788 12 788
0 0
7 066 7 066
0 0
1 091 1 091
10 368 10 368
10 920 10 920
28 393 28 393
12 599 12 599
0 0
6 349 6 349
1 064 1 064
2 202 2 202
274 274
463 463
10 568 10 568
7 759 7 759
11 241 11 241
21 497 21 497
3 799 3 799
6 815 6 815
11 296 11 296
1 034 1 034
9 265 9 265
10 446 10 446
28 334 28 334
11 924 11 924
13 055 13 055
6 848 6 848
1 045 1 045
' are equal

07-03-2025T08:16:24 - [MESSAGE][PASSED] - Actual object '2 275 2 275
0 0
0 0
8 938 8 938
7 813 7 813
11 645 11 645
12 788 12 788
0 0
7 066 7 066
0 0
1 091 1 091
10 368 10 368
10 920 10 920
28 393 28 393
12 599 12 599
0 0
6 349 6 349
1 064 1 064
2 202 2 202
274 274
463 463
10 568 10 568
7 759 7 759
11 241 11 241
21 497 21 497
3 799 3 799
6 815 6 815
11 296 11 296
1 034 1 034
9 265 9 265
10 446 10 446
28 334 28 334
11 924 11 924
13 055 13 055
6 848 6 848
1 045 1 045
' and expected object '2 275 2 275
0 0
0 0
8 938 8 938
7 813 7 813
11 645 11 645
12 788 12 788
0 0
7 066 7 066
0 0
1 091 1 091
10 368 10 368
10 920 10 920
28 393 28 393
12 599 12 599
0 0
6 349 6 349
1 064 1 064
2 202 2 202
274 274
463 463
10 568 10 568
7 759 7 759
11 241 11 241
21 497 21 497
3 799 3 799
6 815 6 815
11 296 11 296
1 034 1 034
9 265 9 265
10 446 10 446
28 334 28 334
11 924 11 924
13 055 13 055
6 848 6 848
1 045 1 045
' are equal

07-03-2025T08:16:24 - [TEST_STEP][PASSED] - if (verifyEqual(a1, b1) == true): Actual object '2 275 2 275
0 0
0 0
8 938 8 938
7 813 7 813
11 645 11 645
12 788 12 788
0 0
7 066 7 066
0 0
1 091 1 091
10 368 10 368
10 920 10 920
28 393 28 393
12 599 12 599
0 0
6 349 6 349
1 064 1 064
2 202 2 202
274 274
463 463
10 568 10 568
7 759 7 759
11 241 11 241
21 497 21 497
3 799 3 799
6 815 6 815
11 296 11 296
1 034 1 034
9 265 9 265
10 446 10 446
28 334 28 334
11 924 11 924
13 055 13 055
6 848 6 848
1 045 1 045
' and expected object '2 275 2 275
0 0
0 0
8 938 8 938
7 813 7 813
11 645 11 645
12 788 12 788
0 0
7 066 7 066
0 0
1 091 1 091
10 368 10 368
10 920 10 920
28 393 28 393
12 599 12 599
0 0
6 349 6 349
1 064 1 064
2 202 2 202
274 274
463 463
10 568 10 568
7 759 7 759
11 241 11 241
21 497 21 497
3 799 3 799
6 815 6 815
11 296 11 296
1 034 1 034
9 265 9 265
10 446 10 446
28 334 28 334
11 924 11 924
13 055 13 055
6 848 6 848
1 045 1 045
' are equal

07-03-2025T08:16:24 - [MESSAGE][PASSED] - Actual object '2 275 2 275
0 0
0 0
8 938 8 938
7 813 7 813
11 645 11 645
12 788 12 788
0 0
7 066 7 066
0 0
1 091 1 091
10 368 10 368
10 920 10 920
28 393 28 393
12 599 12 599
0 0
6 349 6 349
1 064 1 064
2 202 2 202
274 274
463 463
10 568 10 568
7 759 7 759
11 241 11 241
21 497 21 497
3 799 3 799
6 815 6 815
11 296 11 296
1 034 1 034
9 265 9 265
10 446 10 446
28 334 28 334
11 924 11 924
13 055 13 055
6 848 6 848
1 045 1 045
' and expected object '2 275 2 275
0 0
0 0
8 938 8 938
7 813 7 813
11 645 11 645
12 788 12 788
0 0
7 066 7 066
0 0
1 091 1 091
10 368 10 368
10 920 10 920
28 393 28 393
12 599 12 599
0 0
6 349 6 349
1 064 1 064
2 202 2 202
274 274
463 463
10 568 10 568
7 759 7 759
11 241 11 241
21 497 21 497
3 799 3 799
6 815 6 815
11 296 11 296
1 034 1 034
9 265 9 265
10 446 10 446
28 334 28 334
11 924 11 924
13 055 13 055
6 848 6 848
1 045 1 045
' are equal

07-03-2025T08:16:24 - [TEST_STEP][PASSED] - verifyEqual(a2, b2): Actual object '1,4%1,4%
0,17%0,17%
0,29%0,29%
6,69%6,69%
4,92%4,92%
7,12%7,12%
13,62%13,62%
2,41%2,41%
4,32%4,32%
7,16%7,16%
0,65%0,65%
5,87%5,87%
6,62%6,62%
17,95%17,95%
7,55%7,55%
8,27%8,27%
4,34%4,34%
0,66%0,66%
АО "РЭС"
' and expected object '1,4%1,4%
0,17%0,17%
0,29%0,29%
6,69%6,69%
4,92%4,92%
7,12%7,12%
13,62%13,62%
2,41%2,41%
4,32%4,32%
7,16%7,16%
0,65%0,65%
5,87%5,87%
6,62%6,62%
17,95%17,95%
7,55%7,55%
8,27%8,27%
4,34%4,34%
0,66%0,66%
АО "РЭС"
' are equal

07-03-2025T08:16:24 - [MESSAGE][PASSED] - Actual object '1,4%1,4%
0,17%0,17%
0,29%0,29%
6,69%6,69%
4,92%4,92%
7,12%7,12%
13,62%13,62%
2,41%2,41%
4,32%4,32%
7,16%7,16%
0,65%0,65%
5,87%5,87%
6,62%6,62%
17,95%17,95%
7,55%7,55%
8,27%8,27%
4,34%4,34%
0,66%0,66%
АО "РЭС"
' and expected object '1,4%1,4%
0,17%0,17%
0,29%0,29%
6,69%6,69%
4,92%4,92%
7,12%7,12%
13,62%13,62%
2,41%2,41%
4,32%4,32%
7,16%7,16%
0,65%0,65%
5,87%5,87%
6,62%6,62%
17,95%17,95%
7,55%7,55%
8,27%8,27%
4,34%4,34%
0,66%0,66%
АО "РЭС"
' are equal

07-03-2025T08:16:24 - [TEST_STEP][PASSED] - if (verifyEqual(a2, b2) == true): Actual object '1,4%1,4%
0,17%0,17%
0,29%0,29%
6,69%6,69%
4,92%4,92%
7,12%7,12%
13,62%13,62%
2,41%2,41%
4,32%4,32%
7,16%7,16%
0,65%0,65%
5,87%5,87%
6,62%6,62%
17,95%17,95%
7,55%7,55%
8,27%8,27%
4,34%4,34%
0,66%0,66%
АО "РЭС"
' and expected object '1,4%1,4%
0,17%0,17%
0,29%0,29%
6,69%6,69%
4,92%4,92%
7,12%7,12%
13,62%13,62%
2,41%2,41%
4,32%4,32%
7,16%7,16%
0,65%0,65%
5,87%5,87%
6,62%6,62%
17,95%17,95%
7,55%7,55%
8,27%8,27%
4,34%4,34%
0,66%0,66%
АО "РЭС"
' are equal

07-03-2025T08:16:24 - [MESSAGE][PASSED] - Actual object '1,4%1,4%
0,17%0,17%
0,29%0,29%
6,69%6,69%
4,92%4,92%
7,12%7,12%
13,62%13,62%
2,41%2,41%
4,32%4,32%
7,16%7,16%
0,65%0,65%
5,87%5,87%
6,62%6,62%
17,95%17,95%
7,55%7,55%
8,27%8,27%
4,34%4,34%
0,66%0,66%
АО "РЭС"
' and expected object '1,4%1,4%
0,17%0,17%
0,29%0,29%
6,69%6,69%
4,92%4,92%
7,12%7,12%
13,62%13,62%
2,41%2,41%
4,32%4,32%
7,16%7,16%
0,65%0,65%
5,87%5,87%
6,62%6,62%
17,95%17,95%
7,55%7,55%
8,27%8,27%
4,34%4,34%
0,66%0,66%
АО "РЭС"
' are equal

07-03-2025T08:16:24 - [TEST_STEP][PASSED] - closeBrowser(): Browser is closed

07-03-2025T08:16:24 - [MESSAGE][PASSED] - Browser is closed]]></system-out>
         <system-err><![CDATA[]]></system-err>
      </testcase>
      <testcase name="Test Cases/Сверки дашбордов/Прогноз по отраслям сверка дашбордов" time="1152.155" classname="Test Cases/Сверки дашбордов/Прогноз по отраслям сверка дашбордов" status="PASSED">
         <system-out><![CDATA[07-03-2025T08:16:24 - [TEST_CASE][PASSED] - Test Cases/Сверки дашбордов/Прогноз по отраслям сверка дашбордов: Test Cases/Сверки дашбордов/Прогноз по отраслям сверка дашбордов

07-03-2025T08:16:25 - [TEST_STEP][PASSED] - date = new java.util.Date(): null

07-03-2025T08:16:25 - [TEST_STEP][PASSED] - todaysDate = date.format("dd.MM.yyyy"): null

07-03-2025T08:16:25 - [TEST_STEP][PASSED] - println(todaysDate): null

07-03-2025T08:16:25 - [TEST_STEP][PASSED] - typeOfData = <not implemented yet for class: org.codehaus.groovy.ast.expr.EmptyExpression>: null

07-03-2025T08:16:25 - [TEST_STEP][PASSED] - filterSravnenie = <not implemented yet for class: org.codehaus.groovy.ast.expr.EmptyExpression>: null

07-03-2025T08:16:25 - [TEST_STEP][PASSED] - kpoOtpusk = <not implemented yet for class: org.codehaus.groovy.ast.expr.EmptyExpression>: null

07-03-2025T08:16:25 - [TEST_STEP][PASSED] - openBrowser(""): Browser is opened with url: ''

07-03-2025T08:16:25 - [MESSAGE][INFO] - Starting 'Chrome' driver

07-03-2025T08:16:25 - [MESSAGE][INFO] - Action delay is set to 0 milliseconds

07-03-2025T08:16:25 - [MESSAGE][PASSED] - Browser is opened with url: ''

07-03-2025T08:16:25 - [TEST_STEP][PASSED] - navigateToUrl(findTestData("PlanFact").getValue(10, 6)): Navigate to 'https://bi.rosseti.digital/viewer?dashboardGuid=d6acb5b1a7114a9791b34de39263106e&sheetGuid=0b6d261d7f7b4424a967aa8f3a724189&fit=true' successfully

07-03-2025T08:16:35 - [MESSAGE][PASSED] - Navigate to 'https://bi.rosseti.digital/viewer?dashboardGuid=d6acb5b1a7114a9791b34de39263106e&sheetGuid=0b6d261d7f7b4424a967aa8f3a724189&fit=true' successfully

07-03-2025T08:16:35 - [TEST_STEP][PASSED] - setText(findTestObject("Страница авторизации/input__username"), findTestData("PlanFact").getValue(8, 1)): Text 'liazgina-di' is set on object 'Object Repository/Страница авторизации/input__username'

07-03-2025T08:16:38 - [MESSAGE][PASSED] - Text 'liazgina-di' is set on object 'Object Repository/Страница авторизации/input__username'

07-03-2025T08:16:38 - [TEST_STEP][PASSED] - setText(findTestObject("Страница авторизации/input__password"), findTestData("PlanFact").getValue(9, 1)): Text ')$%5srZ8o688Dm#q' is set on object 'Object Repository/Страница авторизации/input__password'

07-03-2025T08:16:39 - [MESSAGE][PASSED] - Text ')$%5srZ8o688Dm#q' is set on object 'Object Repository/Страница авторизации/input__password'

07-03-2025T08:16:39 - [TEST_STEP][PASSED] - click(findTestObject("Страница авторизации/button_")): Object: 'Object Repository/Страница авторизации/button_' is clicked on

07-03-2025T08:16:41 - [MESSAGE][PASSED] - Object: 'Object Repository/Страница авторизации/button_' is clicked on

07-03-2025T08:16:41 - [TEST_STEP][PASSED] - delay(50): Delayed 50 second(s)

07-03-2025T08:17:31 - [MESSAGE][PASSED] - Delayed 50 second(s)

07-03-2025T08:17:31 - [TEST_STEP][PASSED] - click(findTestObject("Прогноз по отраслям/Фильтр Месяц")): Object: 'Object Repository/Прогноз по отраслям/Фильтр Месяц' is clicked on

07-03-2025T08:17:31 - [MESSAGE][PASSED] - Object: 'Object Repository/Прогноз по отраслям/Фильтр Месяц' is clicked on

07-03-2025T08:17:31 - [TEST_STEP][PASSED] - scrollToElement(findTestObject("Прогноз по отраслям/Ноябрь"), 30): Scroll to object 'Object Repository/Прогноз по отраслям/Ноябрь' successfully

07-03-2025T08:17:31 - [MESSAGE][PASSED] - Scroll to object 'Object Repository/Прогноз по отраслям/Ноябрь' successfully

07-03-2025T08:17:31 - [TEST_STEP][PASSED] - click(findTestObject("Прогноз по отраслям/Ноябрь"), CONTINUE_ON_FAILURE): Object: 'Object Repository/Прогноз по отраслям/Ноябрь' is clicked on

07-03-2025T08:17:32 - [MESSAGE][PASSED] - Object: 'Object Repository/Прогноз по отраслям/Ноябрь' is clicked on

07-03-2025T08:17:32 - [TEST_STEP][PASSED] - scrollToElement(findTestObject("Прогноз по отраслям/Заголовок дашборда"), 30): Scroll to object 'Object Repository/Прогноз по отраслям/Заголовок дашборда' successfully

07-03-2025T08:17:33 - [MESSAGE][PASSED] - Scroll to object 'Object Repository/Прогноз по отраслям/Заголовок дашборда' successfully

07-03-2025T08:17:33 - [TEST_STEP][PASSED] - click(findTestObject("Прогноз по отраслям/Фильтр Сравнение с")): Object: 'Object Repository/Прогноз по отраслям/Фильтр Сравнение с' is clicked on

07-03-2025T08:17:34 - [MESSAGE][PASSED] - Object: 'Object Repository/Прогноз по отраслям/Фильтр Сравнение с' is clicked on

07-03-2025T08:17:34 - [TEST_STEP][PASSED] - click(findTestObject("Прогноз по отраслям/Факт прошлого года")): Object: 'Object Repository/Прогноз по отраслям/Факт прошлого года' is clicked on

07-03-2025T08:17:34 - [MESSAGE][PASSED] - Object: 'Object Repository/Прогноз по отраслям/Факт прошлого года' is clicked on

07-03-2025T08:17:34 - [TEST_STEP][PASSED] - click(findTestObject("Прогноз по отраслям/Фильтр КПО-Отпуск")): Object: 'Object Repository/Прогноз по отраслям/Фильтр КПО-Отпуск' is clicked on

07-03-2025T08:17:36 - [MESSAGE][PASSED] - Object: 'Object Repository/Прогноз по отраслям/Фильтр КПО-Отпуск' is clicked on

07-03-2025T08:17:36 - [TEST_STEP][PASSED] - click(findTestObject("Прогноз по отраслям/Отпуск")): Object: 'Object Repository/Прогноз по отраслям/Отпуск' is clicked on

07-03-2025T08:17:37 - [MESSAGE][PASSED] - Object: 'Object Repository/Прогноз по отраслям/Отпуск' is clicked on

07-03-2025T08:17:37 - [TEST_STEP][PASSED] - delay(40): Delayed 40 second(s)

07-03-2025T08:18:17 - [MESSAGE][PASSED] - Delayed 40 second(s)

07-03-2025T08:18:17 - [TEST_STEP][PASSED] - a1 = getText(findTestObject("Прогноз по отраслям/Виджеты дашборда")): Text of object 'Object Repository/Прогноз по отраслям/Виджеты дашборда' is: 'Год 
2023 год
Сравнение с 
Факт прошлого года
Динамика электропотребления, млрд. кВт.ч. по ПАО Россети на 2023 год
12 12
186 186
36 36
50 50
10 10
19 19
0 0
17 17
85 85
19 19
82 82
604 604
10 10
197 197
37 37
48 48
10 10
15 15
4 4
18 18
80 80
19 19
82 82
608 608
Факт прошлого года
Ожидаемое (прогноз по конца года)
Интер РАО (дляФСК)
Промышленныепотребители
Транспорт
Нефтедобыча
Нефтепереработка
Нефтепроводы
Газопроводы
Сельскоехозяйство ипищеваяпромышленность
Непромышленныепотребители
Государственные(муниципальные)организации ипрочиебюджетныепотребители
Население иприравненныегруппыпотребителей
Территориальныесетевыеорганизации
Выручка по ПАО Россети на 2023 год
5 5
285 285
72 72
72 72
18 18
22 22
0 0
50 50
201 201
61 61
190 190
227 227
6 6
331 331
82 82
77 77
20 20
20 20
3 3
57 57
220 220
68 68
214 214
258 258
Факт прошлого года
Ожидаемое (прогноз по конца года)
Интер РАО (дляФСК)
Промышленныепотребители
Транспорт
Нефтедобыча
Нефтепереработка
Нефтепроводы
Газопроводы
Сельскоехозяйство ипищеваяпромышленность
Непромышленныепотребители
Государственные(муниципальные)организации ипрочиебюджетныепотребители
Население иприравненныегруппыпотребителей
Территориальныесетевыеорганизации
Отклонения по ПАО Россети на 2023 год
-18.5% -18.5%
5.9% 5.9%
3.6% 3.6%
-3.9% -3.9%
0.9% 0.9%
-20.7% -20.7%
3 313.2% 3 313.2%
3.8% 3.8%
-5.6% -5.6%
1.3% 1.3%
-0.9% -0.9%
0.7% 0.7%
⬤ Отклонение, %
Интер РАО (для ФСК)
Промышленные потребители
Транспорт
Нефтедобыча
Нефтепереработка
Нефтепроводы
Газопроводы
Сельское хозяйство и пищевая пр…
Непромышленные потребители
Государственные (муниципальные…
Население и приравненные групп…
Территориальные сетевые органи…
Выручка отклонения по ПАО Россети на 2023 год
7.7% 7.7%
16.0% 16.0%
13.2% 13.2%
6.7% 6.7%
13.3% 13.3%
-7.7% -7.7%
1 331.5% 1 331.5%
14.2% 14.2%
9.9% 9.9%
12.0% 12.0%
12.4% 12.4%
13.7% 13.7%
⬤ Отклонение, %
Интер РАО (для ФСК)
Промышленные потребители
Транспорт
Нефтедобыча
Нефтепереработка
Нефтепроводы
Газопроводы
Сельское хозяйство и пищевая пр…
Непромышленные потребители
Государственные (муниципальные…
Население и приравненные групп…
Территориальные сетевые органи…
абс.
%
Прогноз на месяц 
Ноябрь
КПО/Отпуск из сети 
Отпуск из сети, млн. кВт.ч
Организация 
Все
Прогноз электропотребления и выручки за услуги по передаче в разрезе отраслей'

07-03-2025T08:18:17 - [MESSAGE][PASSED] - Text of object 'Object Repository/Прогноз по отраслям/Виджеты дашборда' is: 'Год 
2023 год
Сравнение с 
Факт прошлого года
Динамика электропотребления, млрд. кВт.ч. по ПАО Россети на 2023 год
12 12
186 186
36 36
50 50
10 10
19 19
0 0
17 17
85 85
19 19
82 82
604 604
10 10
197 197
37 37
48 48
10 10
15 15
4 4
18 18
80 80
19 19
82 82
608 608
Факт прошлого года
Ожидаемое (прогноз по конца года)
Интер РАО (дляФСК)
Промышленныепотребители
Транспорт
Нефтедобыча
Нефтепереработка
Нефтепроводы
Газопроводы
Сельскоехозяйство ипищеваяпромышленность
Непромышленныепотребители
Государственные(муниципальные)организации ипрочиебюджетныепотребители
Население иприравненныегруппыпотребителей
Территориальныесетевыеорганизации
Выручка по ПАО Россети на 2023 год
5 5
285 285
72 72
72 72
18 18
22 22
0 0
50 50
201 201
61 61
190 190
227 227
6 6
331 331
82 82
77 77
20 20
20 20
3 3
57 57
220 220
68 68
214 214
258 258
Факт прошлого года
Ожидаемое (прогноз по конца года)
Интер РАО (дляФСК)
Промышленныепотребители
Транспорт
Нефтедобыча
Нефтепереработка
Нефтепроводы
Газопроводы
Сельскоехозяйство ипищеваяпромышленность
Непромышленныепотребители
Государственные(муниципальные)организации ипрочиебюджетныепотребители
Население иприравненныегруппыпотребителей
Территориальныесетевыеорганизации
Отклонения по ПАО Россети на 2023 год
-18.5% -18.5%
5.9% 5.9%
3.6% 3.6%
-3.9% -3.9%
0.9% 0.9%
-20.7% -20.7%
3 313.2% 3 313.2%
3.8% 3.8%
-5.6% -5.6%
1.3% 1.3%
-0.9% -0.9%
0.7% 0.7%
⬤ Отклонение, %
Интер РАО (для ФСК)
Промышленные потребители
Транспорт
Нефтедобыча
Нефтепереработка
Нефтепроводы
Газопроводы
Сельское хозяйство и пищевая пр…
Непромышленные потребители
Государственные (муниципальные…
Население и приравненные групп…
Территориальные сетевые органи…
Выручка отклонения по ПАО Россети на 2023 год
7.7% 7.7%
16.0% 16.0%
13.2% 13.2%
6.7% 6.7%
13.3% 13.3%
-7.7% -7.7%
1 331.5% 1 331.5%
14.2% 14.2%
9.9% 9.9%
12.0% 12.0%
12.4% 12.4%
13.7% 13.7%
⬤ Отклонение, %
Интер РАО (для ФСК)
Промышленные потребители
Транспорт
Нефтедобыча
Нефтепереработка
Нефтепроводы
Газопроводы
Сельское хозяйство и пищевая пр…
Непромышленные потребители
Государственные (муниципальные…
Население и приравненные групп…
Территориальные сетевые органи…
абс.
%
Прогноз на месяц 
Ноябрь
КПО/Отпуск из сети 
Отпуск из сети, млн. кВт.ч
Организация 
Все
Прогноз электропотребления и выручки за услуги по передаче в разрезе отраслей'

07-03-2025T08:18:17 - [TEST_STEP][PASSED] - a1 = a1.replaceAll("[^0-9]", ""): null

07-03-2025T08:18:17 - [TEST_STEP][PASSED] - println("a1:" + a1): null

07-03-2025T08:18:17 - [TEST_STEP][PASSED] - click(findTestObject("Прогноз по отраслям/Фильтр Сравнение с")): Object: 'Object Repository/Прогноз по отраслям/Фильтр Сравнение с' is clicked on

07-03-2025T08:18:17 - [MESSAGE][PASSED] - Object: 'Object Repository/Прогноз по отраслям/Фильтр Сравнение с' is clicked on

07-03-2025T08:18:17 - [TEST_STEP][PASSED] - click(findTestObject("Прогноз по отраслям/План")): Object: 'Object Repository/Прогноз по отраслям/План' is clicked on

07-03-2025T08:18:18 - [MESSAGE][PASSED] - Object: 'Object Repository/Прогноз по отраслям/План' is clicked on

07-03-2025T08:18:18 - [TEST_STEP][PASSED] - delay(40): Delayed 40 second(s)

07-03-2025T08:18:58 - [MESSAGE][PASSED] - Delayed 40 second(s)

07-03-2025T08:18:58 - [TEST_STEP][PASSED] - a2 = getText(findTestObject("Прогноз по отраслям/Виджеты дашборда")): Text of object 'Object Repository/Прогноз по отраслям/Виджеты дашборда' is: 'Год 
2023 год
Сравнение с 
План
Динамика электропотребления, млрд. кВт.ч. по ПАО Россети на 2023 год
10 10
190 190
36 36
14 14
9 9
14 14
4 4
17 17
80 80
19 19
82 82
588 588
10 10
197 197
37 37
48 48
10 10
15 15
4 4
18 18
80 80
19 19
82 82
608 608
План
Ожидаемое (прогноз по конца года)
Интер РАО (дляФСК)
Промышленныепотребители
Транспорт
Нефтедобыча
Нефтепереработка
Нефтепроводы
Газопроводы
Сельскоехозяйство ипищеваяпромышленность
Непромышленныепотребители
Государственные(муниципальные)организации ипрочиебюджетныепотребители
Население иприравненныегруппыпотребителей
Территориальныесетевыеорганизации
Выручка по ПАО Россети на 2023 год
5 5
319 319
81 81
16 16
16 16
20 20
2 2
56 56
215 215
67 67
218 218
239 239
6 6
331 331
82 82
77 77
20 20
20 20
3 3
57 57
220 220
68 68
214 214
258 258
План
Ожидаемое (прогноз по конца года)
Интер РАО (дляФСК)
Промышленныепотребители
Транспорт
Нефтедобыча
Нефтепереработка
Нефтепроводы
Газопроводы
Сельскоехозяйство ипищеваяпромышленность
Непромышленныепотребители
Государственные(муниципальные)организации ипрочиебюджетныепотребители
Население иприравненныегруппыпотребителей
Территориальныесетевыеорганизации
Отклонения по ПАО Россети на 2023 год
-4.7% -4.7%
3.8% 3.8%
1.9% 1.9%
230.3% 230.3%
10.9% 10.9%
4.2% 4.2%
21.7% 21.7%
3.9% 3.9%
-0.6% -0.6%
1.6% 1.6%
-1.0% -1.0%
3.3% 3.3%
⬤ Отклонение, %
Интер РАО (для ФСК)
Промышленные потребители
Транспорт
Нефтедобыча
Нефтепереработка
Нефтепроводы
Газопроводы
Сельское хозяйство и пищевая пр…
Непромышленные потребители
Государственные (муниципальные…
Население и приравненные групп…
Территориальные сетевые органи…
Выручка отклонения по ПАО Россети на 2023 год
15.6% 15.6%
3.8% 3.8%
1.2% 1.2%
398.2% 398.2%
26.9% 26.9%
-0.6% -0.6%
26.9% 26.9%
1.5% 1.5%
2.7% 2.7%
2.0% 2.0%
-2.0% -2.0%
7.9% 7.9%
⬤ Отклонение, %
Интер РАО (для ФСК)
Промышленные потребители
Транспорт
Нефтедобыча
Нефтепереработка
Нефтепроводы
Газопроводы
Сельское хозяйство и пищевая пр…
Непромышленные потребители
Государственные (муниципальные…
Население и приравненные групп…
Территориальные сетевые органи…
абс.
%
Прогноз на месяц 
Ноябрь
КПО/Отпуск из сети 
Отпуск из сети, млн. кВт.ч
Организация 
Все
Прогноз электропотребления и выручки за услуги по передаче в разрезе отраслей'

07-03-2025T08:18:59 - [MESSAGE][PASSED] - Text of object 'Object Repository/Прогноз по отраслям/Виджеты дашборда' is: 'Год 
2023 год
Сравнение с 
План
Динамика электропотребления, млрд. кВт.ч. по ПАО Россети на 2023 год
10 10
190 190
36 36
14 14
9 9
14 14
4 4
17 17
80 80
19 19
82 82
588 588
10 10
197 197
37 37
48 48
10 10
15 15
4 4
18 18
80 80
19 19
82 82
608 608
План
Ожидаемое (прогноз по конца года)
Интер РАО (дляФСК)
Промышленныепотребители
Транспорт
Нефтедобыча
Нефтепереработка
Нефтепроводы
Газопроводы
Сельскоехозяйство ипищеваяпромышленность
Непромышленныепотребители
Государственные(муниципальные)организации ипрочиебюджетныепотребители
Население иприравненныегруппыпотребителей
Территориальныесетевыеорганизации
Выручка по ПАО Россети на 2023 год
5 5
319 319
81 81
16 16
16 16
20 20
2 2
56 56
215 215
67 67
218 218
239 239
6 6
331 331
82 82
77 77
20 20
20 20
3 3
57 57
220 220
68 68
214 214
258 258
План
Ожидаемое (прогноз по конца года)
Интер РАО (дляФСК)
Промышленныепотребители
Транспорт
Нефтедобыча
Нефтепереработка
Нефтепроводы
Газопроводы
Сельскоехозяйство ипищеваяпромышленность
Непромышленныепотребители
Государственные(муниципальные)организации ипрочиебюджетныепотребители
Население иприравненныегруппыпотребителей
Территориальныесетевыеорганизации
Отклонения по ПАО Россети на 2023 год
-4.7% -4.7%
3.8% 3.8%
1.9% 1.9%
230.3% 230.3%
10.9% 10.9%
4.2% 4.2%
21.7% 21.7%
3.9% 3.9%
-0.6% -0.6%
1.6% 1.6%
-1.0% -1.0%
3.3% 3.3%
⬤ Отклонение, %
Интер РАО (для ФСК)
Промышленные потребители
Транспорт
Нефтедобыча
Нефтепереработка
Нефтепроводы
Газопроводы
Сельское хозяйство и пищевая пр…
Непромышленные потребители
Государственные (муниципальные…
Население и приравненные групп…
Территориальные сетевые органи…
Выручка отклонения по ПАО Россети на 2023 год
15.6% 15.6%
3.8% 3.8%
1.2% 1.2%
398.2% 398.2%
26.9% 26.9%
-0.6% -0.6%
26.9% 26.9%
1.5% 1.5%
2.7% 2.7%
2.0% 2.0%
-2.0% -2.0%
7.9% 7.9%
⬤ Отклонение, %
Интер РАО (для ФСК)
Промышленные потребители
Транспорт
Нефтедобыча
Нефтепереработка
Нефтепроводы
Газопроводы
Сельское хозяйство и пищевая пр…
Непромышленные потребители
Государственные (муниципальные…
Население и приравненные групп…
Территориальные сетевые органи…
абс.
%
Прогноз на месяц 
Ноябрь
КПО/Отпуск из сети 
Отпуск из сети, млн. кВт.ч
Организация 
Все
Прогноз электропотребления и выручки за услуги по передаче в разрезе отраслей'

07-03-2025T08:18:59 - [TEST_STEP][PASSED] - a2 = a2.replaceAll("[^0-9]", ""): null

07-03-2025T08:18:59 - [TEST_STEP][PASSED] - println("a2:" + a2): null

07-03-2025T08:18:59 - [TEST_STEP][PASSED] - click(findTestObject("Прогноз по отраслям/Фильтр Сравнение с")): Object: 'Object Repository/Прогноз по отраслям/Фильтр Сравнение с' is clicked on

07-03-2025T08:18:59 - [MESSAGE][PASSED] - Object: 'Object Repository/Прогноз по отраслям/Фильтр Сравнение с' is clicked on

07-03-2025T08:18:59 - [TEST_STEP][PASSED] - click(findTestObject("Прогноз по отраслям/План СУ")): Object: 'Object Repository/Прогноз по отраслям/План СУ' is clicked on

07-03-2025T08:19:00 - [MESSAGE][PASSED] - Object: 'Object Repository/Прогноз по отраслям/План СУ' is clicked on

07-03-2025T08:19:00 - [TEST_STEP][PASSED] - delay(40): Delayed 40 second(s)

07-03-2025T08:19:40 - [MESSAGE][PASSED] - Delayed 40 second(s)

07-03-2025T08:19:40 - [TEST_STEP][PASSED] - a3 = getText(findTestObject("Прогноз по отраслям/Виджеты дашборда")): Text of object 'Object Repository/Прогноз по отраслям/Виджеты дашборда' is: 'Год 
2023 год
Сравнение с 
План/СУ
Динамика электропотребления, млрд. кВт.ч. по ПАО Россети на 2023 год
10 10
181 181
36 36
15 15
9 9
14 14
4 4
16 16
86 86
19 19
79 79
586 586
10 10
197 197
37 37
48 48
10 10
15 15
4 4
18 18
80 80
19 19
82 82
608 608
СУ
Ожидаемое (прогноз по конца года)
Интер РАО (дляФСК)
Промышленныепотребители
Транспорт
Нефтедобыча
Нефтепереработка
Нефтепроводы
Газопроводы
Сельскоехозяйство ипищеваяпромышленность
Непромышленныепотребители
Государственные(муниципальные)организации ипрочиебюджетныепотребители
Население иприравненныегруппыпотребителей
Территориальныесетевыеорганизации
Выручка по ПАО Россети на 2023 год
6 6
331 331
82 82
77 77
20 20
20 20
3 3
57 57
220 220
68 68
214 214
258 258
Ожидаемое (прогноз по конца года)
Интер РАО (дляФСК)
Промышленныепотребители
Транспорт
Нефтедобыча
Нефтепереработка
Нефтепроводы
Газопроводы
Сельскоехозяйство ипищеваяпромышленность
Непромышленныепотребители
Государственные(муниципальные)организации ипрочиебюджетныепотребители
Население иприравненныегруппыпотребителей
Территориальныесетевыеорганизации
Отклонения по ПАО Россети на 2023 год
2.5% 2.5%
8.9% 8.9%
3.5% 3.5%
221.4% 221.4%
12.8% 12.8%
6.9% 6.9%
13.5% 13.5%
8.1% 8.1%
-6.9% -6.9%
2.3% 2.3%
3.1% 3.1%
3.8% 3.8%
⬤ Отклонение, %
Интер РАО (для ФСК)
Промышленные потребители
Транспорт
Нефтедобыча
Нефтепереработка
Нефтепроводы
Газопроводы
Сельское хозяйство и пищевая пр…
Непромышленные потребители
Государственные (муниципальные…
Население и приравненные групп…
Территориальные сетевые органи…
Выручка отклонения по ПАО Россети на 2023 год
⬤ Отклонение, %
Интер РАО (для ФСК)
Промышленные потребители
Транспорт
Нефтедобыча
Нефтепереработка
Нефтепроводы
Газопроводы
Сельское хозяйство и пищевая пр…
Непромышленные потребители
Государственные (муниципальные…
Население и приравненные групп…
Территориальные сетевые органи…
абс.
%
Прогноз на месяц 
Ноябрь
КПО/Отпуск из сети 
Отпуск из сети, млн. кВт.ч
Организация 
Все
Прогноз электропотребления и выручки за услуги по передаче в разрезе отраслей'

07-03-2025T08:19:41 - [MESSAGE][PASSED] - Text of object 'Object Repository/Прогноз по отраслям/Виджеты дашборда' is: 'Год 
2023 год
Сравнение с 
План/СУ
Динамика электропотребления, млрд. кВт.ч. по ПАО Россети на 2023 год
10 10
181 181
36 36
15 15
9 9
14 14
4 4
16 16
86 86
19 19
79 79
586 586
10 10
197 197
37 37
48 48
10 10
15 15
4 4
18 18
80 80
19 19
82 82
608 608
СУ
Ожидаемое (прогноз по конца года)
Интер РАО (дляФСК)
Промышленныепотребители
Транспорт
Нефтедобыча
Нефтепереработка
Нефтепроводы
Газопроводы
Сельскоехозяйство ипищеваяпромышленность
Непромышленныепотребители
Государственные(муниципальные)организации ипрочиебюджетныепотребители
Население иприравненныегруппыпотребителей
Территориальныесетевыеорганизации
Выручка по ПАО Россети на 2023 год
6 6
331 331
82 82
77 77
20 20
20 20
3 3
57 57
220 220
68 68
214 214
258 258
Ожидаемое (прогноз по конца года)
Интер РАО (дляФСК)
Промышленныепотребители
Транспорт
Нефтедобыча
Нефтепереработка
Нефтепроводы
Газопроводы
Сельскоехозяйство ипищеваяпромышленность
Непромышленныепотребители
Государственные(муниципальные)организации ипрочиебюджетныепотребители
Население иприравненныегруппыпотребителей
Территориальныесетевыеорганизации
Отклонения по ПАО Россети на 2023 год
2.5% 2.5%
8.9% 8.9%
3.5% 3.5%
221.4% 221.4%
12.8% 12.8%
6.9% 6.9%
13.5% 13.5%
8.1% 8.1%
-6.9% -6.9%
2.3% 2.3%
3.1% 3.1%
3.8% 3.8%
⬤ Отклонение, %
Интер РАО (для ФСК)
Промышленные потребители
Транспорт
Нефтедобыча
Нефтепереработка
Нефтепроводы
Газопроводы
Сельское хозяйство и пищевая пр…
Непромышленные потребители
Государственные (муниципальные…
Население и приравненные групп…
Территориальные сетевые органи…
Выручка отклонения по ПАО Россети на 2023 год
⬤ Отклонение, %
Интер РАО (для ФСК)
Промышленные потребители
Транспорт
Нефтедобыча
Нефтепереработка
Нефтепроводы
Газопроводы
Сельское хозяйство и пищевая пр…
Непромышленные потребители
Государственные (муниципальные…
Население и приравненные групп…
Территориальные сетевые органи…
абс.
%
Прогноз на месяц 
Ноябрь
КПО/Отпуск из сети 
Отпуск из сети, млн. кВт.ч
Организация 
Все
Прогноз электропотребления и выручки за услуги по передаче в разрезе отраслей'

07-03-2025T08:19:41 - [TEST_STEP][PASSED] - a3 = a3.replaceAll("[^0-9]", ""): null

07-03-2025T08:19:41 - [TEST_STEP][PASSED] - println("a3:" + a3): null

07-03-2025T08:19:41 - [TEST_STEP][PASSED] - click(findTestObject("Прогноз по отраслям/Фильтр Сравнение с")): Object: 'Object Repository/Прогноз по отраслям/Фильтр Сравнение с' is clicked on

07-03-2025T08:19:41 - [MESSAGE][PASSED] - Object: 'Object Repository/Прогноз по отраслям/Фильтр Сравнение с' is clicked on

07-03-2025T08:19:41 - [TEST_STEP][PASSED] - click(findTestObject("Прогноз по отраслям/Факт прошлого года")): Object: 'Object Repository/Прогноз по отраслям/Факт прошлого года' is clicked on

07-03-2025T08:19:42 - [MESSAGE][PASSED] - Object: 'Object Repository/Прогноз по отраслям/Факт прошлого года' is clicked on

07-03-2025T08:19:42 - [TEST_STEP][PASSED] - click(findTestObject("Прогноз по отраслям/Фильтр КПО-Отпуск")): Object: 'Object Repository/Прогноз по отраслям/Фильтр КПО-Отпуск' is clicked on

07-03-2025T08:19:44 - [MESSAGE][PASSED] - Object: 'Object Repository/Прогноз по отраслям/Фильтр КПО-Отпуск' is clicked on

07-03-2025T08:19:44 - [TEST_STEP][PASSED] - click(findTestObject("Прогноз по отраслям/КПО")): Object: 'Object Repository/Прогноз по отраслям/КПО' is clicked on

07-03-2025T08:19:44 - [MESSAGE][PASSED] - Object: 'Object Repository/Прогноз по отраслям/КПО' is clicked on

07-03-2025T08:19:44 - [TEST_STEP][PASSED] - delay(40): Delayed 40 second(s)

07-03-2025T08:20:24 - [MESSAGE][PASSED] - Delayed 40 second(s)

07-03-2025T08:20:24 - [TEST_STEP][PASSED] - a4 = getText(findTestObject("Прогноз по отраслям/Виджеты дашборда")): Text of object 'Object Repository/Прогноз по отраслям/Виджеты дашборда' is: 'Год 
2023 год
Сравнение с 
Факт прошлого года
Динамика электропотребления, млрд. кВт.ч. по ПАО Россети на 2023 год
0 0
120 120
38 38
41 41
8 8
10 10
0 0
19 19
77 77
25 25
122 122
61 61
0 0
120 120
39 39
39 39
8 8
8 8
1 1
20 20
78 78
26 26
121 121
60 60
Факт прошлого года
Ожидаемое (прогноз по конца года)
Интер РАО (дляФСК)
Промышленныепотребители
Транспорт
Нефтедобыча
Нефтепереработка
Нефтепроводы
Газопроводы
Сельскоехозяйство ипищеваяпромышленность
Непромышленныепотребители
Государственные(муниципальные)организации ипрочиебюджетныепотребители
Население иприравненныегруппыпотребителей
Территориальныесетевыеорганизации
Выручка по ПАО Россети на 2023 год
5 5
285 285
72 72
72 72
18 18
22 22
0 0
50 50
201 201
61 61
190 190
227 227
6 6
331 331
82 82
77 77
20 20
20 20
3 3
57 57
220 220
68 68
214 214
258 258
Факт прошлого года
Ожидаемое (прогноз по конца года)
Интер РАО (дляФСК)
Промышленныепотребители
Транспорт
Нефтедобыча
Нефтепереработка
Нефтепроводы
Газопроводы
Сельскоехозяйство ипищеваяпромышленность
Непромышленныепотребители
Государственные(муниципальные)организации ипрочиебюджетныепотребители
Население иприравненныегруппыпотребителей
Территориальныесетевыеорганизации
Отклонения по ПАО Россети на 2023 год
0.5% 0.5%
0.9% 0.9%
-5.9% -5.9%
3.1% 3.1%
-17.9% -17.9%
578.4% 578.4%
2.3% 2.3%
1.8% 1.8%
2.1% 2.1%
-0.9% -0.9%
-0.2% -0.2%
⬤ Отклонение, %
Интер РАО (для ФСК)
Промышленные потребители
Транспорт
Нефтедобыча
Нефтепереработка
Нефтепроводы
Газопроводы
Сельское хозяйство и пищевая пр…
Непромышленные потребители
Государственные (муниципальные…
Население и приравненные групп…
Территориальные сетевые органи…
Выручка отклонения по ПАО Россети на 2023 год
7.7% 7.7%
16.0% 16.0%
13.2% 13.2%
6.7% 6.7%
13.3% 13.3%
-7.7% -7.7%
1 331.5% 1 331.5%
14.2% 14.2%
9.9% 9.9%
12.0% 12.0%
12.4% 12.4%
13.7% 13.7%
⬤ Отклонение, %
Интер РАО (для ФСК)
Промышленные потребители
Транспорт
Нефтедобыча
Нефтепереработка
Нефтепроводы
Газопроводы
Сельское хозяйство и пищевая пр…
Непромышленные потребители
Государственные (муниципальные…
Население и приравненные групп…
Территориальные сетевые органи…
абс.
%
Прогноз на месяц 
Ноябрь
КПО/Отпуск из сети 
Котловой полезный отпуск, млн. кВт.ч
Организация 
Все
Прогноз электропотребления и выручки за услуги по передаче в разрезе отраслей'

07-03-2025T08:20:25 - [MESSAGE][PASSED] - Text of object 'Object Repository/Прогноз по отраслям/Виджеты дашборда' is: 'Год 
2023 год
Сравнение с 
Факт прошлого года
Динамика электропотребления, млрд. кВт.ч. по ПАО Россети на 2023 год
0 0
120 120
38 38
41 41
8 8
10 10
0 0
19 19
77 77
25 25
122 122
61 61
0 0
120 120
39 39
39 39
8 8
8 8
1 1
20 20
78 78
26 26
121 121
60 60
Факт прошлого года
Ожидаемое (прогноз по конца года)
Интер РАО (дляФСК)
Промышленныепотребители
Транспорт
Нефтедобыча
Нефтепереработка
Нефтепроводы
Газопроводы
Сельскоехозяйство ипищеваяпромышленность
Непромышленныепотребители
Государственные(муниципальные)организации ипрочиебюджетныепотребители
Население иприравненныегруппыпотребителей
Территориальныесетевыеорганизации
Выручка по ПАО Россети на 2023 год
5 5
285 285
72 72
72 72
18 18
22 22
0 0
50 50
201 201
61 61
190 190
227 227
6 6
331 331
82 82
77 77
20 20
20 20
3 3
57 57
220 220
68 68
214 214
258 258
Факт прошлого года
Ожидаемое (прогноз по конца года)
Интер РАО (дляФСК)
Промышленныепотребители
Транспорт
Нефтедобыча
Нефтепереработка
Нефтепроводы
Газопроводы
Сельскоехозяйство ипищеваяпромышленность
Непромышленныепотребители
Государственные(муниципальные)организации ипрочиебюджетныепотребители
Население иприравненныегруппыпотребителей
Территориальныесетевыеорганизации
Отклонения по ПАО Россети на 2023 год
0.5% 0.5%
0.9% 0.9%
-5.9% -5.9%
3.1% 3.1%
-17.9% -17.9%
578.4% 578.4%
2.3% 2.3%
1.8% 1.8%
2.1% 2.1%
-0.9% -0.9%
-0.2% -0.2%
⬤ Отклонение, %
Интер РАО (для ФСК)
Промышленные потребители
Транспорт
Нефтедобыча
Нефтепереработка
Нефтепроводы
Газопроводы
Сельское хозяйство и пищевая пр…
Непромышленные потребители
Государственные (муниципальные…
Население и приравненные групп…
Территориальные сетевые органи…
Выручка отклонения по ПАО Россети на 2023 год
7.7% 7.7%
16.0% 16.0%
13.2% 13.2%
6.7% 6.7%
13.3% 13.3%
-7.7% -7.7%
1 331.5% 1 331.5%
14.2% 14.2%
9.9% 9.9%
12.0% 12.0%
12.4% 12.4%
13.7% 13.7%
⬤ Отклонение, %
Интер РАО (для ФСК)
Промышленные потребители
Транспорт
Нефтедобыча
Нефтепереработка
Нефтепроводы
Газопроводы
Сельское хозяйство и пищевая пр…
Непромышленные потребители
Государственные (муниципальные…
Население и приравненные групп…
Территориальные сетевые органи…
абс.
%
Прогноз на месяц 
Ноябрь
КПО/Отпуск из сети 
Котловой полезный отпуск, млн. кВт.ч
Организация 
Все
Прогноз электропотребления и выручки за услуги по передаче в разрезе отраслей'

07-03-2025T08:20:25 - [TEST_STEP][PASSED] - a4 = a4.replaceAll("[^0-9]", ""): null

07-03-2025T08:20:25 - [TEST_STEP][PASSED] - println("a4:" + a4): null

07-03-2025T08:20:25 - [TEST_STEP][PASSED] - click(findTestObject("Прогноз по отраслям/Фильтр Сравнение с")): Object: 'Object Repository/Прогноз по отраслям/Фильтр Сравнение с' is clicked on

07-03-2025T08:20:25 - [MESSAGE][PASSED] - Object: 'Object Repository/Прогноз по отраслям/Фильтр Сравнение с' is clicked on

07-03-2025T08:20:25 - [TEST_STEP][PASSED] - click(findTestObject("Прогноз по отраслям/План")): Object: 'Object Repository/Прогноз по отраслям/План' is clicked on

07-03-2025T08:20:26 - [MESSAGE][PASSED] - Object: 'Object Repository/Прогноз по отраслям/План' is clicked on

07-03-2025T08:20:26 - [TEST_STEP][PASSED] - delay(40): Delayed 40 second(s)

07-03-2025T08:21:06 - [MESSAGE][PASSED] - Delayed 40 second(s)

07-03-2025T08:21:06 - [TEST_STEP][PASSED] - a5 = getText(findTestObject("Прогноз по отраслям/Виджеты дашборда")): Text of object 'Object Repository/Прогноз по отраслям/Виджеты дашборда' is: 'Год 
2023 год
Сравнение с 
План
Динамика электропотребления, млрд. кВт.ч. по ПАО Россети на 2023 год
0 0
119 119
37 37
7 7
7 7
8 8
1 1
19 19
75 75
25 25
123 123
55 55
0 0
120 120
39 39
39 39
8 8
8 8
1 1
20 20
78 78
26 26
121 121
60 60
План
Ожидаемое (прогноз по конца года)
Интер РАО (дляФСК)
Промышленныепотребители
Транспорт
Нефтедобыча
Нефтепереработка
Нефтепроводы
Газопроводы
Сельскоехозяйство ипищеваяпромышленность
Непромышленныепотребители
Государственные(муниципальные)организации ипрочиебюджетныепотребители
Население иприравненныегруппыпотребителей
Территориальныесетевыеорганизации
Выручка по ПАО Россети на 2023 год
5 5
319 319
81 81
16 16
16 16
20 20
2 2
56 56
215 215
67 67
218 218
239 239
6 6
331 331
82 82
77 77
20 20
20 20
3 3
57 57
220 220
68 68
214 214
258 258
План
Ожидаемое (прогноз по конца года)
Интер РАО (дляФСК)
Промышленныепотребители
Транспорт
Нефтедобыча
Нефтепереработка
Нефтепроводы
Газопроводы
Сельскоехозяйство ипищеваяпромышленность
Непромышленныепотребители
Государственные(муниципальные)организации ипрочиебюджетныепотребители
Население иприравненныегруппыпотребителей
Территориальныесетевыеорганизации
Отклонения по ПАО Россети на 2023 год
1.2% 1.2%
3.2% 3.2%
492.1% 492.1%
18.1% 18.1%
4.4% 4.4%
11.9% 11.9%
1.2% 1.2%
4.1% 4.1%
2.4% 2.4%
-1.4% -1.4%
9.7% 9.7%
⬤ Отклонение, %
Интер РАО (для ФСК)
Промышленные потребители
Транспорт
Нефтедобыча
Нефтепереработка
Нефтепроводы
Газопроводы
Сельское хозяйство и пищевая пр…
Непромышленные потребители
Государственные (муниципальные…
Население и приравненные групп…
Территориальные сетевые органи…
Выручка отклонения по ПАО Россети на 2023 год
15.6% 15.6%
3.8% 3.8%
1.2% 1.2%
398.2% 398.2%
26.9% 26.9%
-0.6% -0.6%
26.9% 26.9%
1.5% 1.5%
2.7% 2.7%
2.0% 2.0%
-2.0% -2.0%
7.9% 7.9%
⬤ Отклонение, %
Интер РАО (для ФСК)
Промышленные потребители
Транспорт
Нефтедобыча
Нефтепереработка
Нефтепроводы
Газопроводы
Сельское хозяйство и пищевая пр…
Непромышленные потребители
Государственные (муниципальные…
Население и приравненные групп…
Территориальные сетевые органи…
абс.
%
Прогноз на месяц 
Ноябрь
КПО/Отпуск из сети 
Котловой полезный отпуск, млн. кВт.ч
Организация 
Все
Прогноз электропотребления и выручки за услуги по передаче в разрезе отраслей'

07-03-2025T08:21:07 - [MESSAGE][PASSED] - Text of object 'Object Repository/Прогноз по отраслям/Виджеты дашборда' is: 'Год 
2023 год
Сравнение с 
План
Динамика электропотребления, млрд. кВт.ч. по ПАО Россети на 2023 год
0 0
119 119
37 37
7 7
7 7
8 8
1 1
19 19
75 75
25 25
123 123
55 55
0 0
120 120
39 39
39 39
8 8
8 8
1 1
20 20
78 78
26 26
121 121
60 60
План
Ожидаемое (прогноз по конца года)
Интер РАО (дляФСК)
Промышленныепотребители
Транспорт
Нефтедобыча
Нефтепереработка
Нефтепроводы
Газопроводы
Сельскоехозяйство ипищеваяпромышленность
Непромышленныепотребители
Государственные(муниципальные)организации ипрочиебюджетныепотребители
Население иприравненныегруппыпотребителей
Территориальныесетевыеорганизации
Выручка по ПАО Россети на 2023 год
5 5
319 319
81 81
16 16
16 16
20 20
2 2
56 56
215 215
67 67
218 218
239 239
6 6
331 331
82 82
77 77
20 20
20 20
3 3
57 57
220 220
68 68
214 214
258 258
План
Ожидаемое (прогноз по конца года)
Интер РАО (дляФСК)
Промышленныепотребители
Транспорт
Нефтедобыча
Нефтепереработка
Нефтепроводы
Газопроводы
Сельскоехозяйство ипищеваяпромышленность
Непромышленныепотребители
Государственные(муниципальные)организации ипрочиебюджетныепотребители
Население иприравненныегруппыпотребителей
Территориальныесетевыеорганизации
Отклонения по ПАО Россети на 2023 год
1.2% 1.2%
3.2% 3.2%
492.1% 492.1%
18.1% 18.1%
4.4% 4.4%
11.9% 11.9%
1.2% 1.2%
4.1% 4.1%
2.4% 2.4%
-1.4% -1.4%
9.7% 9.7%
⬤ Отклонение, %
Интер РАО (для ФСК)
Промышленные потребители
Транспорт
Нефтедобыча
Нефтепереработка
Нефтепроводы
Газопроводы
Сельское хозяйство и пищевая пр…
Непромышленные потребители
Государственные (муниципальные…
Население и приравненные групп…
Территориальные сетевые органи…
Выручка отклонения по ПАО Россети на 2023 год
15.6% 15.6%
3.8% 3.8%
1.2% 1.2%
398.2% 398.2%
26.9% 26.9%
-0.6% -0.6%
26.9% 26.9%
1.5% 1.5%
2.7% 2.7%
2.0% 2.0%
-2.0% -2.0%
7.9% 7.9%
⬤ Отклонение, %
Интер РАО (для ФСК)
Промышленные потребители
Транспорт
Нефтедобыча
Нефтепереработка
Нефтепроводы
Газопроводы
Сельское хозяйство и пищевая пр…
Непромышленные потребители
Государственные (муниципальные…
Население и приравненные групп…
Территориальные сетевые органи…
абс.
%
Прогноз на месяц 
Ноябрь
КПО/Отпуск из сети 
Котловой полезный отпуск, млн. кВт.ч
Организация 
Все
Прогноз электропотребления и выручки за услуги по передаче в разрезе отраслей'

07-03-2025T08:21:07 - [TEST_STEP][PASSED] - println("a5:" + a5): null

07-03-2025T08:21:07 - [TEST_STEP][PASSED] - a5 = a5.replaceAll("[^0-9]", ""): null

07-03-2025T08:21:07 - [TEST_STEP][PASSED] - println("a5:" + a5): null

07-03-2025T08:21:07 - [TEST_STEP][PASSED] - click(findTestObject("Прогноз по отраслям/Фильтр Сравнение с")): Object: 'Object Repository/Прогноз по отраслям/Фильтр Сравнение с' is clicked on

07-03-2025T08:21:07 - [MESSAGE][PASSED] - Object: 'Object Repository/Прогноз по отраслям/Фильтр Сравнение с' is clicked on

07-03-2025T08:21:07 - [TEST_STEP][PASSED] - click(findTestObject("Прогноз по отраслям/План СУ")): Object: 'Object Repository/Прогноз по отраслям/План СУ' is clicked on

07-03-2025T08:21:08 - [MESSAGE][PASSED] - Object: 'Object Repository/Прогноз по отраслям/План СУ' is clicked on

07-03-2025T08:21:08 - [TEST_STEP][PASSED] - delay(40): Delayed 40 second(s)

07-03-2025T08:21:48 - [MESSAGE][PASSED] - Delayed 40 second(s)

07-03-2025T08:21:48 - [TEST_STEP][PASSED] - a6 = getText(findTestObject("Прогноз по отраслям/Виджеты дашборда")): Text of object 'Object Repository/Прогноз по отраслям/Виджеты дашборда' is: 'Год 
2023 год
Сравнение с 
План/СУ
Динамика электропотребления, млрд. кВт.ч. по ПАО Россети на 2023 год
0 0
0 0
0 0
0 0
0 0
0 0
0 0
0 0
0 0
0 0
0 0
0 0
0 0
120 120
39 39
39 39
8 8
8 8
1 1
20 20
78 78
26 26
121 121
60 60
СУ
Ожидаемое (прогноз по конца года)
Интер РАО (дляФСК)
Промышленныепотребители
Транспорт
Нефтедобыча
Нефтепереработка
Нефтепроводы
Газопроводы
Сельскоехозяйство ипищеваяпромышленность
Непромышленныепотребители
Государственные(муниципальные)организации ипрочиебюджетныепотребители
Население иприравненныегруппыпотребителей
Территориальныесетевыеорганизации
Выручка по ПАО Россети на 2023 год
6 6
331 331
82 82
77 77
20 20
20 20
3 3
57 57
220 220
68 68
214 214
258 258
Ожидаемое (прогноз по конца года)
Интер РАО (дляФСК)
Промышленныепотребители
Транспорт
Нефтедобыча
Нефтепереработка
Нефтепроводы
Газопроводы
Сельскоехозяйство ипищеваяпромышленность
Непромышленныепотребители
Государственные(муниципальные)организации ипрочиебюджетныепотребители
Население иприравненныегруппыпотребителей
Территориальныесетевыеорганизации
Отклонения по ПАО Россети на 2023 год
⬤ Отклонение, %
Интер РАО (для ФСК)
Промышленные потребители
Транспорт
Нефтедобыча
Нефтепереработка
Нефтепроводы
Газопроводы
Сельское хозяйство и пищевая пр…
Непромышленные потребители
Государственные (муниципальные…
Население и приравненные групп…
Территориальные сетевые органи…
Выручка отклонения по ПАО Россети на 2023 год
⬤ Отклонение, %
Интер РАО (для ФСК)
Промышленные потребители
Транспорт
Нефтедобыча
Нефтепереработка
Нефтепроводы
Газопроводы
Сельское хозяйство и пищевая пр…
Непромышленные потребители
Государственные (муниципальные…
Население и приравненные групп…
Территориальные сетевые органи…
абс.
%
Прогноз на месяц 
Ноябрь
КПО/Отпуск из сети 
Котловой полезный отпуск, млн. кВт.ч
Организация 
Все
Прогноз электропотребления и выручки за услуги по передаче в разрезе отраслей'

07-03-2025T08:21:48 - [MESSAGE][PASSED] - Text of object 'Object Repository/Прогноз по отраслям/Виджеты дашборда' is: 'Год 
2023 год
Сравнение с 
План/СУ
Динамика электропотребления, млрд. кВт.ч. по ПАО Россети на 2023 год
0 0
0 0
0 0
0 0
0 0
0 0
0 0
0 0
0 0
0 0
0 0
0 0
0 0
120 120
39 39
39 39
8 8
8 8
1 1
20 20
78 78
26 26
121 121
60 60
СУ
Ожидаемое (прогноз по конца года)
Интер РАО (дляФСК)
Промышленныепотребители
Транспорт
Нефтедобыча
Нефтепереработка
Нефтепроводы
Газопроводы
Сельскоехозяйство ипищеваяпромышленность
Непромышленныепотребители
Государственные(муниципальные)организации ипрочиебюджетныепотребители
Население иприравненныегруппыпотребителей
Территориальныесетевыеорганизации
Выручка по ПАО Россети на 2023 год
6 6
331 331
82 82
77 77
20 20
20 20
3 3
57 57
220 220
68 68
214 214
258 258
Ожидаемое (прогноз по конца года)
Интер РАО (дляФСК)
Промышленныепотребители
Транспорт
Нефтедобыча
Нефтепереработка
Нефтепроводы
Газопроводы
Сельскоехозяйство ипищеваяпромышленность
Непромышленныепотребители
Государственные(муниципальные)организации ипрочиебюджетныепотребители
Население иприравненныегруппыпотребителей
Территориальныесетевыеорганизации
Отклонения по ПАО Россети на 2023 год
⬤ Отклонение, %
Интер РАО (для ФСК)
Промышленные потребители
Транспорт
Нефтедобыча
Нефтепереработка
Нефтепроводы
Газопроводы
Сельское хозяйство и пищевая пр…
Непромышленные потребители
Государственные (муниципальные…
Население и приравненные групп…
Территориальные сетевые органи…
Выручка отклонения по ПАО Россети на 2023 год
⬤ Отклонение, %
Интер РАО (для ФСК)
Промышленные потребители
Транспорт
Нефтедобыча
Нефтепереработка
Нефтепроводы
Газопроводы
Сельское хозяйство и пищевая пр…
Непромышленные потребители
Государственные (муниципальные…
Население и приравненные групп…
Территориальные сетевые органи…
абс.
%
Прогноз на месяц 
Ноябрь
КПО/Отпуск из сети 
Котловой полезный отпуск, млн. кВт.ч
Организация 
Все
Прогноз электропотребления и выручки за услуги по передаче в разрезе отраслей'

07-03-2025T08:21:48 - [TEST_STEP][PASSED] - a6 = a6.replaceAll("[^0-9]", ""): null

07-03-2025T08:21:48 - [TEST_STEP][PASSED] - println("a6:" + a6): null

07-03-2025T08:21:48 - [TEST_STEP][PASSED] - click(findTestObject("Прогноз по отраслям/Переключить отображение с процентов на абс Блок руководителя")): Object: 'Object Repository/Прогноз по отраслям/Переключить отображение с процентов на абс Блок руководителя' is clicked on

07-03-2025T08:21:49 - [MESSAGE][PASSED] - Object: 'Object Repository/Прогноз по отраслям/Переключить отображение с процентов на абс Блок руководителя' is clicked on

07-03-2025T08:21:49 - [TEST_STEP][PASSED] - click(findTestObject("Прогноз по отраслям/Фильтр Сравнение с")): Object: 'Object Repository/Прогноз по отраслям/Фильтр Сравнение с' is clicked on

07-03-2025T08:21:49 - [MESSAGE][PASSED] - Object: 'Object Repository/Прогноз по отраслям/Фильтр Сравнение с' is clicked on

07-03-2025T08:21:49 - [TEST_STEP][PASSED] - click(findTestObject("Прогноз по отраслям/Факт прошлого года")): Object: 'Object Repository/Прогноз по отраслям/Факт прошлого года' is clicked on

07-03-2025T08:21:50 - [MESSAGE][PASSED] - Object: 'Object Repository/Прогноз по отраслям/Факт прошлого года' is clicked on

07-03-2025T08:21:50 - [TEST_STEP][PASSED] - click(findTestObject("Прогноз по отраслям/Фильтр КПО-Отпуск")): Object: 'Object Repository/Прогноз по отраслям/Фильтр КПО-Отпуск' is clicked on

07-03-2025T08:21:51 - [MESSAGE][PASSED] - Object: 'Object Repository/Прогноз по отраслям/Фильтр КПО-Отпуск' is clicked on

07-03-2025T08:21:51 - [TEST_STEP][PASSED] - click(findTestObject("Прогноз по отраслям/Отпуск")): Object: 'Object Repository/Прогноз по отраслям/Отпуск' is clicked on

07-03-2025T08:21:52 - [MESSAGE][PASSED] - Object: 'Object Repository/Прогноз по отраслям/Отпуск' is clicked on

07-03-2025T08:21:52 - [TEST_STEP][PASSED] - delay(40): Delayed 40 second(s)

07-03-2025T08:22:32 - [MESSAGE][PASSED] - Delayed 40 second(s)

07-03-2025T08:22:32 - [TEST_STEP][PASSED] - a7 = getText(findTestObject("Прогноз по отраслям/Виджеты дашборда")): Text of object 'Object Repository/Прогноз по отраслям/Виджеты дашборда' is: 'Год 
2023 год
Сравнение с 
Факт прошлого года
Отклонения по ПАО Россети на 2023 год
-2 263.5 -2 263.5
11 054.6 11 054.6
1 280.2 1 280.2
-1 947.5 -1 947.5
90.9 90.9
-3 845.0 -3 845.0
4 162.1 4 162.1
651.7 651.7
-4 727.7 -4 727.7
256.5 256.5
-723.9 -723.9
4 292.3 4 292.3
⬤ Отклонение, млн. кВт.ч
Интер РАО (для ФСК)
Промышленные потребители
Транспорт
Нефтедобыча
Нефтепереработка
Нефтепроводы
Газопроводы
Сельское хозяйство и пищевая пр…
Непромышленные потребители
Государственные (муниципальные…
Население и приравненные групп…
Территориальные сетевые органи…
Выручка отклонения по ПАО Россети на 2023 год
421.3 421.3
45 574.9 45 574.9
9 547.5 9 547.5
4 889.3 4 889.3
2 337.4 2 337.4
-1 682.6 -1 682.6
2 919.4 2 919.4
7 110.2 7 110.2
19 840.8 19 840.8
7 289.5 7 289.5
23 664.8 23 664.8
31 028.3 31 028.3
⬤ Отклонение, млн. руб.
Интер РАО (для ФСК)
Промышленные потребители
Транспорт
Нефтедобыча
Нефтепереработка
Нефтепроводы
Газопроводы
Сельское хозяйство и пищевая пр…
Непромышленные потребители
Государственные (муниципальные…
Население и приравненные групп…
Территориальные сетевые органи…
Динамика электропотребления, млрд. кВт.ч. по ПАО Россети на 2023 год
12 12
186 186
36 36
50 50
10 10
19 19
0 0
17 17
85 85
19 19
82 82
604 604
10 10
197 197
37 37
48 48
10 10
15 15
4 4
18 18
80 80
19 19
82 82
608 608
Факт прошлого года
Ожидаемое (прогноз по конца года)
Интер РАО (дляФСК)
Промышленныепотребители
Транспорт
Нефтедобыча
Нефтепереработка
Нефтепроводы
Газопроводы
Сельскоехозяйство ипищеваяпромышленность
Непромышленныепотребители
Государственные(муниципальные)организации ипрочиебюджетныепотребители
Население иприравненныегруппыпотребителей
Территориальныесетевыеорганизации
Выручка по ПАО Россети на 2023 год
5 5
285 285
72 72
72 72
18 18
22 22
0 0
50 50
201 201
61 61
190 190
227 227
6 6
331 331
82 82
77 77
20 20
20 20
3 3
57 57
220 220
68 68
214 214
258 258
Факт прошлого года
Ожидаемое (прогноз по конца года)
Интер РАО (дляФСК)
Промышленныепотребители
Транспорт
Нефтедобыча
Нефтепереработка
Нефтепроводы
Газопроводы
Сельскоехозяйство ипищеваяпромышленность
Непромышленныепотребители
Государственные(муниципальные)организации ипрочиебюджетныепотребители
Население иприравненныегруппыпотребителей
Территориальныесетевыеорганизации
абс.
%
Прогноз на месяц 
Ноябрь
КПО/Отпуск из сети 
Отпуск из сети, млн. кВт.ч
Организация 
Все
Прогноз электропотребления и выручки за услуги по передаче в разрезе отраслей'

07-03-2025T08:22:32 - [MESSAGE][PASSED] - Text of object 'Object Repository/Прогноз по отраслям/Виджеты дашборда' is: 'Год 
2023 год
Сравнение с 
Факт прошлого года
Отклонения по ПАО Россети на 2023 год
-2 263.5 -2 263.5
11 054.6 11 054.6
1 280.2 1 280.2
-1 947.5 -1 947.5
90.9 90.9
-3 845.0 -3 845.0
4 162.1 4 162.1
651.7 651.7
-4 727.7 -4 727.7
256.5 256.5
-723.9 -723.9
4 292.3 4 292.3
⬤ Отклонение, млн. кВт.ч
Интер РАО (для ФСК)
Промышленные потребители
Транспорт
Нефтедобыча
Нефтепереработка
Нефтепроводы
Газопроводы
Сельское хозяйство и пищевая пр…
Непромышленные потребители
Государственные (муниципальные…
Население и приравненные групп…
Территориальные сетевые органи…
Выручка отклонения по ПАО Россети на 2023 год
421.3 421.3
45 574.9 45 574.9
9 547.5 9 547.5
4 889.3 4 889.3
2 337.4 2 337.4
-1 682.6 -1 682.6
2 919.4 2 919.4
7 110.2 7 110.2
19 840.8 19 840.8
7 289.5 7 289.5
23 664.8 23 664.8
31 028.3 31 028.3
⬤ Отклонение, млн. руб.
Интер РАО (для ФСК)
Промышленные потребители
Транспорт
Нефтедобыча
Нефтепереработка
Нефтепроводы
Газопроводы
Сельское хозяйство и пищевая пр…
Непромышленные потребители
Государственные (муниципальные…
Население и приравненные групп…
Территориальные сетевые органи…
Динамика электропотребления, млрд. кВт.ч. по ПАО Россети на 2023 год
12 12
186 186
36 36
50 50
10 10
19 19
0 0
17 17
85 85
19 19
82 82
604 604
10 10
197 197
37 37
48 48
10 10
15 15
4 4
18 18
80 80
19 19
82 82
608 608
Факт прошлого года
Ожидаемое (прогноз по конца года)
Интер РАО (дляФСК)
Промышленныепотребители
Транспорт
Нефтедобыча
Нефтепереработка
Нефтепроводы
Газопроводы
Сельскоехозяйство ипищеваяпромышленность
Непромышленныепотребители
Государственные(муниципальные)организации ипрочиебюджетныепотребители
Население иприравненныегруппыпотребителей
Территориальныесетевыеорганизации
Выручка по ПАО Россети на 2023 год
5 5
285 285
72 72
72 72
18 18
22 22
0 0
50 50
201 201
61 61
190 190
227 227
6 6
331 331
82 82
77 77
20 20
20 20
3 3
57 57
220 220
68 68
214 214
258 258
Факт прошлого года
Ожидаемое (прогноз по конца года)
Интер РАО (дляФСК)
Промышленныепотребители
Транспорт
Нефтедобыча
Нефтепереработка
Нефтепроводы
Газопроводы
Сельскоехозяйство ипищеваяпромышленность
Непромышленныепотребители
Государственные(муниципальные)организации ипрочиебюджетныепотребители
Население иприравненныегруппыпотребителей
Территориальныесетевыеорганизации
абс.
%
Прогноз на месяц 
Ноябрь
КПО/Отпуск из сети 
Отпуск из сети, млн. кВт.ч
Организация 
Все
Прогноз электропотребления и выручки за услуги по передаче в разрезе отраслей'

07-03-2025T08:22:32 - [TEST_STEP][PASSED] - a7 = a7.replaceAll("[^0-9]", ""): null

07-03-2025T08:22:32 - [TEST_STEP][PASSED] - println("a7:" + a7): null

07-03-2025T08:22:32 - [TEST_STEP][PASSED] - click(findTestObject("Прогноз по отраслям/Фильтр Сравнение с")): Object: 'Object Repository/Прогноз по отраслям/Фильтр Сравнение с' is clicked on

07-03-2025T08:22:33 - [MESSAGE][PASSED] - Object: 'Object Repository/Прогноз по отраслям/Фильтр Сравнение с' is clicked on

07-03-2025T08:22:33 - [TEST_STEP][PASSED] - click(findTestObject("Прогноз по отраслям/План")): Object: 'Object Repository/Прогноз по отраслям/План' is clicked on

07-03-2025T08:22:34 - [MESSAGE][PASSED] - Object: 'Object Repository/Прогноз по отраслям/План' is clicked on

07-03-2025T08:22:34 - [TEST_STEP][PASSED] - delay(40): Delayed 40 second(s)

07-03-2025T08:23:14 - [MESSAGE][PASSED] - Delayed 40 second(s)

07-03-2025T08:23:14 - [TEST_STEP][PASSED] - a8 = getText(findTestObject("Прогноз по отраслям/Виджеты дашборда")): Text of object 'Object Repository/Прогноз по отраслям/Виджеты дашборда' is: 'Год 
2023 год
Сравнение с 
План
Отклонения по ПАО Россети на 2023 год
-492.2 -492.2
7 165.1 7 165.1
689.3 689.3
33 271.7 33 271.7
986.4 986.4
593.8 593.8
764.0 764.0
670.4 670.4
-592.4 -592.4
308.8 308.8
-940.9 -940.9
19 604.1 19 604.1
⬤ Отклонение, млн. кВт.ч
Интер РАО (для ФСК)
Промышленные потребители
Транспорт
Нефтедобыча
Нефтепереработка
Нефтепроводы
Газопроводы
Сельское хозяйство и пищевая пр…
Непромышленные потребители
Государственные (муниципальные…
Население и приравненные групп…
Территориальные сетевые органи…
Выручка отклонения по ПАО Россети на 2023 год
794.9 794.9
12 195.0 12 195.0
972.7 972.7
61 803.9 61 803.9
4 222.3 4 222.3
-121.8 -121.8
666.2 666.2
873.2 873.2
5 809.6 5 809.6
1 342.6 1 342.6
-4 463.2 -4 463.2
18 375.5 18 375.5
⬤ Отклонение, млн. руб.
Интер РАО (для ФСК)
Промышленные потребители
Транспорт
Нефтедобыча
Нефтепереработка
Нефтепроводы
Газопроводы
Сельское хозяйство и пищевая пр…
Непромышленные потребители
Государственные (муниципальные…
Население и приравненные групп…
Территориальные сетевые органи…
Динамика электропотребления, млрд. кВт.ч. по ПАО Россети на 2023 год
10 10
190 190
36 36
14 14
9 9
14 14
4 4
17 17
80 80
19 19
82 82
588 588
10 10
197 197
37 37
48 48
10 10
15 15
4 4
18 18
80 80
19 19
82 82
608 608
План
Ожидаемое (прогноз по конца года)
Интер РАО (дляФСК)
Промышленныепотребители
Транспорт
Нефтедобыча
Нефтепереработка
Нефтепроводы
Газопроводы
Сельскоехозяйство ипищеваяпромышленность
Непромышленныепотребители
Государственные(муниципальные)организации ипрочиебюджетныепотребители
Население иприравненныегруппыпотребителей
Территориальныесетевыеорганизации
Выручка по ПАО Россети на 2023 год
5 5
319 319
81 81
16 16
16 16
20 20
2 2
56 56
215 215
67 67
218 218
239 239
6 6
331 331
82 82
77 77
20 20
20 20
3 3
57 57
220 220
68 68
214 214
258 258
План
Ожидаемое (прогноз по конца года)
Интер РАО (дляФСК)
Промышленныепотребители
Транспорт
Нефтедобыча
Нефтепереработка
Нефтепроводы
Газопроводы
Сельскоехозяйство ипищеваяпромышленность
Непромышленныепотребители
Государственные(муниципальные)организации ипрочиебюджетныепотребители
Население иприравненныегруппыпотребителей
Территориальныесетевыеорганизации
абс.
%
Прогноз на месяц 
Ноябрь
КПО/Отпуск из сети 
Отпуск из сети, млн. кВт.ч
Организация 
Все
Прогноз электропотребления и выручки за услуги по передаче в разрезе отраслей'

07-03-2025T08:23:14 - [MESSAGE][PASSED] - Text of object 'Object Repository/Прогноз по отраслям/Виджеты дашборда' is: 'Год 
2023 год
Сравнение с 
План
Отклонения по ПАО Россети на 2023 год
-492.2 -492.2
7 165.1 7 165.1
689.3 689.3
33 271.7 33 271.7
986.4 986.4
593.8 593.8
764.0 764.0
670.4 670.4
-592.4 -592.4
308.8 308.8
-940.9 -940.9
19 604.1 19 604.1
⬤ Отклонение, млн. кВт.ч
Интер РАО (для ФСК)
Промышленные потребители
Транспорт
Нефтедобыча
Нефтепереработка
Нефтепроводы
Газопроводы
Сельское хозяйство и пищевая пр…
Непромышленные потребители
Государственные (муниципальные…
Население и приравненные групп…
Территориальные сетевые органи…
Выручка отклонения по ПАО Россети на 2023 год
794.9 794.9
12 195.0 12 195.0
972.7 972.7
61 803.9 61 803.9
4 222.3 4 222.3
-121.8 -121.8
666.2 666.2
873.2 873.2
5 809.6 5 809.6
1 342.6 1 342.6
-4 463.2 -4 463.2
18 375.5 18 375.5
⬤ Отклонение, млн. руб.
Интер РАО (для ФСК)
Промышленные потребители
Транспорт
Нефтедобыча
Нефтепереработка
Нефтепроводы
Газопроводы
Сельское хозяйство и пищевая пр…
Непромышленные потребители
Государственные (муниципальные…
Население и приравненные групп…
Территориальные сетевые органи…
Динамика электропотребления, млрд. кВт.ч. по ПАО Россети на 2023 год
10 10
190 190
36 36
14 14
9 9
14 14
4 4
17 17
80 80
19 19
82 82
588 588
10 10
197 197
37 37
48 48
10 10
15 15
4 4
18 18
80 80
19 19
82 82
608 608
План
Ожидаемое (прогноз по конца года)
Интер РАО (дляФСК)
Промышленныепотребители
Транспорт
Нефтедобыча
Нефтепереработка
Нефтепроводы
Газопроводы
Сельскоехозяйство ипищеваяпромышленность
Непромышленныепотребители
Государственные(муниципальные)организации ипрочиебюджетныепотребители
Население иприравненныегруппыпотребителей
Территориальныесетевыеорганизации
Выручка по ПАО Россети на 2023 год
5 5
319 319
81 81
16 16
16 16
20 20
2 2
56 56
215 215
67 67
218 218
239 239
6 6
331 331
82 82
77 77
20 20
20 20
3 3
57 57
220 220
68 68
214 214
258 258
План
Ожидаемое (прогноз по конца года)
Интер РАО (дляФСК)
Промышленныепотребители
Транспорт
Нефтедобыча
Нефтепереработка
Нефтепроводы
Газопроводы
Сельскоехозяйство ипищеваяпромышленность
Непромышленныепотребители
Государственные(муниципальные)организации ипрочиебюджетныепотребители
Население иприравненныегруппыпотребителей
Территориальныесетевыеорганизации
абс.
%
Прогноз на месяц 
Ноябрь
КПО/Отпуск из сети 
Отпуск из сети, млн. кВт.ч
Организация 
Все
Прогноз электропотребления и выручки за услуги по передаче в разрезе отраслей'

07-03-2025T08:23:14 - [TEST_STEP][PASSED] - a8 = a8.replaceAll("[^0-9]", ""): null

07-03-2025T08:23:14 - [TEST_STEP][PASSED] - println("a8:" + a8): null

07-03-2025T08:23:14 - [TEST_STEP][PASSED] - click(findTestObject("Прогноз по отраслям/Фильтр Сравнение с")): Object: 'Object Repository/Прогноз по отраслям/Фильтр Сравнение с' is clicked on

07-03-2025T08:23:15 - [MESSAGE][PASSED] - Object: 'Object Repository/Прогноз по отраслям/Фильтр Сравнение с' is clicked on

07-03-2025T08:23:15 - [TEST_STEP][PASSED] - click(findTestObject("Прогноз по отраслям/План СУ")): Object: 'Object Repository/Прогноз по отраслям/План СУ' is clicked on

07-03-2025T08:23:15 - [MESSAGE][PASSED] - Object: 'Object Repository/Прогноз по отраслям/План СУ' is clicked on

07-03-2025T08:23:15 - [TEST_STEP][PASSED] - delay(40): Delayed 40 second(s)

07-03-2025T08:23:55 - [MESSAGE][PASSED] - Delayed 40 second(s)

07-03-2025T08:23:55 - [TEST_STEP][PASSED] - a9 = getText(findTestObject("Прогноз по отраслям/Виджеты дашборда")): Text of object 'Object Repository/Прогноз по отраслям/Виджеты дашборда' is: 'Год 
2023 год
Сравнение с 
План/СУ
Отклонения по ПАО Россети на 2023 год
243.5 243.5
16 024.4 16 024.4
1 255.1 1 255.1
32 869.9 32 869.9
1 135.7 1 135.7
950.0 950.0
511.1 511.1
1 324.2 1 324.2
-5 962.8 -5 962.8
433.5 433.5
2 431.5 2 431.5
22 321.4 22 321.4
⬤ Отклонение, млн. кВт.ч
Интер РАО (для ФСК)
Промышленные потребители
Транспорт
Нефтедобыча
Нефтепереработка
Нефтепроводы
Газопроводы
Сельское хозяйство и пищевая пр…
Непромышленные потребители
Государственные (муниципальные…
Население и приравненные групп…
Территориальные сетевые органи…
Выручка отклонения по ПАО Россети на 2023 год
⬤ Отклонение, млн. руб.
Интер РАО (для ФСК)
Промышленные потребители
Транспорт
Нефтедобыча
Нефтепереработка
Нефтепроводы
Газопроводы
Сельское хозяйство и пищевая пр…
Непромышленные потребители
Государственные (муниципальные…
Население и приравненные групп…
Территориальные сетевые органи…
Динамика электропотребления, млрд. кВт.ч. по ПАО Россети на 2023 год
10 10
181 181
36 36
15 15
9 9
14 14
4 4
16 16
86 86
19 19
79 79
586 586
10 10
197 197
37 37
48 48
10 10
15 15
4 4
18 18
80 80
19 19
82 82
608 608
СУ
Ожидаемое (прогноз по конца года)
Интер РАО (дляФСК)
Промышленныепотребители
Транспорт
Нефтедобыча
Нефтепереработка
Нефтепроводы
Газопроводы
Сельскоехозяйство ипищеваяпромышленность
Непромышленныепотребители
Государственные(муниципальные)организации ипрочиебюджетныепотребители
Население иприравненныегруппыпотребителей
Территориальныесетевыеорганизации
Выручка по ПАО Россети на 2023 год
6 6
331 331
82 82
77 77
20 20
20 20
3 3
57 57
220 220
68 68
214 214
258 258
Ожидаемое (прогноз по конца года)
Интер РАО (дляФСК)
Промышленныепотребители
Транспорт
Нефтедобыча
Нефтепереработка
Нефтепроводы
Газопроводы
Сельскоехозяйство ипищеваяпромышленность
Непромышленныепотребители
Государственные(муниципальные)организации ипрочиебюджетныепотребители
Население иприравненныегруппыпотребителей
Территориальныесетевыеорганизации
абс.
%
Прогноз на месяц 
Ноябрь
КПО/Отпуск из сети 
Отпуск из сети, млн. кВт.ч
Организация 
Все
Прогноз электропотребления и выручки за услуги по передаче в разрезе отраслей'

07-03-2025T08:23:56 - [MESSAGE][PASSED] - Text of object 'Object Repository/Прогноз по отраслям/Виджеты дашборда' is: 'Год 
2023 год
Сравнение с 
План/СУ
Отклонения по ПАО Россети на 2023 год
243.5 243.5
16 024.4 16 024.4
1 255.1 1 255.1
32 869.9 32 869.9
1 135.7 1 135.7
950.0 950.0
511.1 511.1
1 324.2 1 324.2
-5 962.8 -5 962.8
433.5 433.5
2 431.5 2 431.5
22 321.4 22 321.4
⬤ Отклонение, млн. кВт.ч
Интер РАО (для ФСК)
Промышленные потребители
Транспорт
Нефтедобыча
Нефтепереработка
Нефтепроводы
Газопроводы
Сельское хозяйство и пищевая пр…
Непромышленные потребители
Государственные (муниципальные…
Население и приравненные групп…
Территориальные сетевые органи…
Выручка отклонения по ПАО Россети на 2023 год
⬤ Отклонение, млн. руб.
Интер РАО (для ФСК)
Промышленные потребители
Транспорт
Нефтедобыча
Нефтепереработка
Нефтепроводы
Газопроводы
Сельское хозяйство и пищевая пр…
Непромышленные потребители
Государственные (муниципальные…
Население и приравненные групп…
Территориальные сетевые органи…
Динамика электропотребления, млрд. кВт.ч. по ПАО Россети на 2023 год
10 10
181 181
36 36
15 15
9 9
14 14
4 4
16 16
86 86
19 19
79 79
586 586
10 10
197 197
37 37
48 48
10 10
15 15
4 4
18 18
80 80
19 19
82 82
608 608
СУ
Ожидаемое (прогноз по конца года)
Интер РАО (дляФСК)
Промышленныепотребители
Транспорт
Нефтедобыча
Нефтепереработка
Нефтепроводы
Газопроводы
Сельскоехозяйство ипищеваяпромышленность
Непромышленныепотребители
Государственные(муниципальные)организации ипрочиебюджетныепотребители
Население иприравненныегруппыпотребителей
Территориальныесетевыеорганизации
Выручка по ПАО Россети на 2023 год
6 6
331 331
82 82
77 77
20 20
20 20
3 3
57 57
220 220
68 68
214 214
258 258
Ожидаемое (прогноз по конца года)
Интер РАО (дляФСК)
Промышленныепотребители
Транспорт
Нефтедобыча
Нефтепереработка
Нефтепроводы
Газопроводы
Сельскоехозяйство ипищеваяпромышленность
Непромышленныепотребители
Государственные(муниципальные)организации ипрочиебюджетныепотребители
Население иприравненныегруппыпотребителей
Территориальныесетевыеорганизации
абс.
%
Прогноз на месяц 
Ноябрь
КПО/Отпуск из сети 
Отпуск из сети, млн. кВт.ч
Организация 
Все
Прогноз электропотребления и выручки за услуги по передаче в разрезе отраслей'

07-03-2025T08:23:56 - [TEST_STEP][PASSED] - a9 = a9.replaceAll("[^0-9]", ""): null

07-03-2025T08:23:56 - [TEST_STEP][PASSED] - println("a9:" + a9): null

07-03-2025T08:23:56 - [TEST_STEP][PASSED] - click(findTestObject("Прогноз по отраслям/Фильтр Сравнение с")): Object: 'Object Repository/Прогноз по отраслям/Фильтр Сравнение с' is clicked on

07-03-2025T08:23:56 - [MESSAGE][PASSED] - Object: 'Object Repository/Прогноз по отраслям/Фильтр Сравнение с' is clicked on

07-03-2025T08:23:56 - [TEST_STEP][PASSED] - click(findTestObject("Прогноз по отраслям/Факт прошлого года")): Object: 'Object Repository/Прогноз по отраслям/Факт прошлого года' is clicked on

07-03-2025T08:23:57 - [MESSAGE][PASSED] - Object: 'Object Repository/Прогноз по отраслям/Факт прошлого года' is clicked on

07-03-2025T08:23:57 - [TEST_STEP][PASSED] - click(findTestObject("Прогноз по отраслям/Фильтр КПО-Отпуск")): Object: 'Object Repository/Прогноз по отраслям/Фильтр КПО-Отпуск' is clicked on

07-03-2025T08:23:58 - [MESSAGE][PASSED] - Object: 'Object Repository/Прогноз по отраслям/Фильтр КПО-Отпуск' is clicked on

07-03-2025T08:23:58 - [TEST_STEP][PASSED] - click(findTestObject("Прогноз по отраслям/КПО")): Object: 'Object Repository/Прогноз по отраслям/КПО' is clicked on

07-03-2025T08:23:59 - [MESSAGE][PASSED] - Object: 'Object Repository/Прогноз по отраслям/КПО' is clicked on

07-03-2025T08:23:59 - [TEST_STEP][PASSED] - delay(40): Delayed 40 second(s)

07-03-2025T08:24:39 - [MESSAGE][PASSED] - Delayed 40 second(s)

07-03-2025T08:24:39 - [TEST_STEP][PASSED] - a10 = getText(findTestObject("Прогноз по отраслям/Виджеты дашборда")): Text of object 'Object Repository/Прогноз по отраслям/Виджеты дашборда' is: 'Год 
2023 год
Сравнение с 
Факт прошлого года
Отклонения по ПАО Россети на 2023 год
0.0 0.0
646.5 646.5
341.1 341.1
-2 455.6 -2 455.6
245.6 245.6
-1 796.0 -1 796.0
676.2 676.2
452.4 452.4
1 386.2 1 386.2
527.5 527.5
-1 130.4 -1 130.4
-128.7 -128.7
⬤ Отклонение, млн. кВт.ч
Интер РАО (для ФСК)
Промышленные потребители
Транспорт
Нефтедобыча
Нефтепереработка
Нефтепроводы
Газопроводы
Сельское хозяйство и пищевая пр…
Непромышленные потребители
Государственные (муниципальные…
Население и приравненные групп…
Территориальные сетевые органи…
Выручка отклонения по ПАО Россети на 2023 год
421.3 421.3
45 574.9 45 574.9
9 547.5 9 547.5
4 889.3 4 889.3
2 337.4 2 337.4
-1 682.6 -1 682.6
2 919.4 2 919.4
7 110.2 7 110.2
19 840.8 19 840.8
7 289.5 7 289.5
23 664.8 23 664.8
31 028.3 31 028.3
⬤ Отклонение, млн. руб.
Интер РАО (для ФСК)
Промышленные потребители
Транспорт
Нефтедобыча
Нефтепереработка
Нефтепроводы
Газопроводы
Сельское хозяйство и пищевая пр…
Непромышленные потребители
Государственные (муниципальные…
Население и приравненные групп…
Территориальные сетевые органи…
Динамика электропотребления, млрд. кВт.ч. по ПАО Россети на 2023 год
0 0
120 120
38 38
41 41
8 8
10 10
0 0
19 19
77 77
25 25
122 122
61 61
0 0
120 120
39 39
39 39
8 8
8 8
1 1
20 20
78 78
26 26
121 121
60 60
Факт прошлого года
Ожидаемое (прогноз по конца года)
Интер РАО (дляФСК)
Промышленныепотребители
Транспорт
Нефтедобыча
Нефтепереработка
Нефтепроводы
Газопроводы
Сельскоехозяйство ипищеваяпромышленность
Непромышленныепотребители
Государственные(муниципальные)организации ипрочиебюджетныепотребители
Население иприравненныегруппыпотребителей
Территориальныесетевыеорганизации
Выручка по ПАО Россети на 2023 год
5 5
285 285
72 72
72 72
18 18
22 22
0 0
50 50
201 201
61 61
190 190
227 227
6 6
331 331
82 82
77 77
20 20
20 20
3 3
57 57
220 220
68 68
214 214
258 258
Факт прошлого года
Ожидаемое (прогноз по конца года)
Интер РАО (дляФСК)
Промышленныепотребители
Транспорт
Нефтедобыча
Нефтепереработка
Нефтепроводы
Газопроводы
Сельскоехозяйство ипищеваяпромышленность
Непромышленныепотребители
Государственные(муниципальные)организации ипрочиебюджетныепотребители
Население иприравненныегруппыпотребителей
Территориальныесетевыеорганизации
абс.
%
Прогноз на месяц 
Ноябрь
КПО/Отпуск из сети 
Котловой полезный отпуск, млн. кВт.ч
Организация 
Все
Прогноз электропотребления и выручки за услуги по передаче в разрезе отраслей'

07-03-2025T08:24:40 - [MESSAGE][PASSED] - Text of object 'Object Repository/Прогноз по отраслям/Виджеты дашборда' is: 'Год 
2023 год
Сравнение с 
Факт прошлого года
Отклонения по ПАО Россети на 2023 год
0.0 0.0
646.5 646.5
341.1 341.1
-2 455.6 -2 455.6
245.6 245.6
-1 796.0 -1 796.0
676.2 676.2
452.4 452.4
1 386.2 1 386.2
527.5 527.5
-1 130.4 -1 130.4
-128.7 -128.7
⬤ Отклонение, млн. кВт.ч
Интер РАО (для ФСК)
Промышленные потребители
Транспорт
Нефтедобыча
Нефтепереработка
Нефтепроводы
Газопроводы
Сельское хозяйство и пищевая пр…
Непромышленные потребители
Государственные (муниципальные…
Население и приравненные групп…
Территориальные сетевые органи…
Выручка отклонения по ПАО Россети на 2023 год
421.3 421.3
45 574.9 45 574.9
9 547.5 9 547.5
4 889.3 4 889.3
2 337.4 2 337.4
-1 682.6 -1 682.6
2 919.4 2 919.4
7 110.2 7 110.2
19 840.8 19 840.8
7 289.5 7 289.5
23 664.8 23 664.8
31 028.3 31 028.3
⬤ Отклонение, млн. руб.
Интер РАО (для ФСК)
Промышленные потребители
Транспорт
Нефтедобыча
Нефтепереработка
Нефтепроводы
Газопроводы
Сельское хозяйство и пищевая пр…
Непромышленные потребители
Государственные (муниципальные…
Население и приравненные групп…
Территориальные сетевые органи…
Динамика электропотребления, млрд. кВт.ч. по ПАО Россети на 2023 год
0 0
120 120
38 38
41 41
8 8
10 10
0 0
19 19
77 77
25 25
122 122
61 61
0 0
120 120
39 39
39 39
8 8
8 8
1 1
20 20
78 78
26 26
121 121
60 60
Факт прошлого года
Ожидаемое (прогноз по конца года)
Интер РАО (дляФСК)
Промышленныепотребители
Транспорт
Нефтедобыча
Нефтепереработка
Нефтепроводы
Газопроводы
Сельскоехозяйство ипищеваяпромышленность
Непромышленныепотребители
Государственные(муниципальные)организации ипрочиебюджетныепотребители
Население иприравненныегруппыпотребителей
Территориальныесетевыеорганизации
Выручка по ПАО Россети на 2023 год
5 5
285 285
72 72
72 72
18 18
22 22
0 0
50 50
201 201
61 61
190 190
227 227
6 6
331 331
82 82
77 77
20 20
20 20
3 3
57 57
220 220
68 68
214 214
258 258
Факт прошлого года
Ожидаемое (прогноз по конца года)
Интер РАО (дляФСК)
Промышленныепотребители
Транспорт
Нефтедобыча
Нефтепереработка
Нефтепроводы
Газопроводы
Сельскоехозяйство ипищеваяпромышленность
Непромышленныепотребители
Государственные(муниципальные)организации ипрочиебюджетныепотребители
Население иприравненныегруппыпотребителей
Территориальныесетевыеорганизации
абс.
%
Прогноз на месяц 
Ноябрь
КПО/Отпуск из сети 
Котловой полезный отпуск, млн. кВт.ч
Организация 
Все
Прогноз электропотребления и выручки за услуги по передаче в разрезе отраслей'

07-03-2025T08:24:40 - [TEST_STEP][PASSED] - a10 = a10.replaceAll("[^0-9]", ""): null

07-03-2025T08:24:40 - [TEST_STEP][PASSED] - println("a10:" + a10): null

07-03-2025T08:24:40 - [TEST_STEP][PASSED] - click(findTestObject("Прогноз по отраслям/Фильтр Сравнение с")): Object: 'Object Repository/Прогноз по отраслям/Фильтр Сравнение с' is clicked on

07-03-2025T08:24:40 - [MESSAGE][PASSED] - Object: 'Object Repository/Прогноз по отраслям/Фильтр Сравнение с' is clicked on

07-03-2025T08:24:40 - [TEST_STEP][PASSED] - click(findTestObject("Прогноз по отраслям/План")): Object: 'Object Repository/Прогноз по отраслям/План' is clicked on

07-03-2025T08:24:41 - [MESSAGE][PASSED] - Object: 'Object Repository/Прогноз по отраслям/План' is clicked on

07-03-2025T08:24:41 - [TEST_STEP][PASSED] - delay(40): Delayed 40 second(s)

07-03-2025T08:25:21 - [MESSAGE][PASSED] - Delayed 40 second(s)

07-03-2025T08:25:21 - [TEST_STEP][PASSED] - a11 = getText(findTestObject("Прогноз по отраслям/Виджеты дашборда")): Text of object 'Object Repository/Прогноз по отраслям/Виджеты дашборда' is: 'Год 
2023 год
Сравнение с 
План
Отклонения по ПАО Россети на 2023 год
0.0 0.0
1 471.7 1 471.7
1 186.5 1 186.5
32 445.2 32 445.2
1 268.3 1 268.3
349.4 349.4
84.3 84.3
239.8 239.8
2 969.4 2 969.4
589.2 589.2
-1 798.4 -1 798.4
5 359.3 5 359.3
⬤ Отклонение, млн. кВт.ч
Интер РАО (для ФСК)
Промышленные потребители
Транспорт
Нефтедобыча
Нефтепереработка
Нефтепроводы
Газопроводы
Сельское хозяйство и пищевая пр…
Непромышленные потребители
Государственные (муниципальные…
Население и приравненные групп…
Территориальные сетевые органи…
Выручка отклонения по ПАО Россети на 2023 год
794.9 794.9
12 195.0 12 195.0
972.7 972.7
61 803.9 61 803.9
4 222.3 4 222.3
-121.8 -121.8
666.2 666.2
873.2 873.2
5 809.6 5 809.6
1 342.6 1 342.6
-4 463.2 -4 463.2
18 375.5 18 375.5
⬤ Отклонение, млн. руб.
Интер РАО (для ФСК)
Промышленные потребители
Транспорт
Нефтедобыча
Нефтепереработка
Нефтепроводы
Газопроводы
Сельское хозяйство и пищевая пр…
Непромышленные потребители
Государственные (муниципальные…
Население и приравненные групп…
Территориальные сетевые органи…
Динамика электропотребления, млрд. кВт.ч. по ПАО Россети на 2023 год
0 0
119 119
37 37
7 7
7 7
8 8
1 1
19 19
75 75
25 25
123 123
55 55
0 0
120 120
39 39
39 39
8 8
8 8
1 1
20 20
78 78
26 26
121 121
60 60
План
Ожидаемое (прогноз по конца года)
Интер РАО (дляФСК)
Промышленныепотребители
Транспорт
Нефтедобыча
Нефтепереработка
Нефтепроводы
Газопроводы
Сельскоехозяйство ипищеваяпромышленность
Непромышленныепотребители
Государственные(муниципальные)организации ипрочиебюджетныепотребители
Население иприравненныегруппыпотребителей
Территориальныесетевыеорганизации
Выручка по ПАО Россети на 2023 год
5 5
319 319
81 81
16 16
16 16
20 20
2 2
56 56
215 215
67 67
218 218
239 239
6 6
331 331
82 82
77 77
20 20
20 20
3 3
57 57
220 220
68 68
214 214
258 258
План
Ожидаемое (прогноз по конца года)
Интер РАО (дляФСК)
Промышленныепотребители
Транспорт
Нефтедобыча
Нефтепереработка
Нефтепроводы
Газопроводы
Сельскоехозяйство ипищеваяпромышленность
Непромышленныепотребители
Государственные(муниципальные)организации ипрочиебюджетныепотребители
Население иприравненныегруппыпотребителей
Территориальныесетевыеорганизации
абс.
%
Прогноз на месяц 
Ноябрь
КПО/Отпуск из сети 
Котловой полезный отпуск, млн. кВт.ч
Организация 
Все
Прогноз электропотребления и выручки за услуги по передаче в разрезе отраслей'

07-03-2025T08:25:22 - [MESSAGE][PASSED] - Text of object 'Object Repository/Прогноз по отраслям/Виджеты дашборда' is: 'Год 
2023 год
Сравнение с 
План
Отклонения по ПАО Россети на 2023 год
0.0 0.0
1 471.7 1 471.7
1 186.5 1 186.5
32 445.2 32 445.2
1 268.3 1 268.3
349.4 349.4
84.3 84.3
239.8 239.8
2 969.4 2 969.4
589.2 589.2
-1 798.4 -1 798.4
5 359.3 5 359.3
⬤ Отклонение, млн. кВт.ч
Интер РАО (для ФСК)
Промышленные потребители
Транспорт
Нефтедобыча
Нефтепереработка
Нефтепроводы
Газопроводы
Сельское хозяйство и пищевая пр…
Непромышленные потребители
Государственные (муниципальные…
Население и приравненные групп…
Территориальные сетевые органи…
Выручка отклонения по ПАО Россети на 2023 год
794.9 794.9
12 195.0 12 195.0
972.7 972.7
61 803.9 61 803.9
4 222.3 4 222.3
-121.8 -121.8
666.2 666.2
873.2 873.2
5 809.6 5 809.6
1 342.6 1 342.6
-4 463.2 -4 463.2
18 375.5 18 375.5
⬤ Отклонение, млн. руб.
Интер РАО (для ФСК)
Промышленные потребители
Транспорт
Нефтедобыча
Нефтепереработка
Нефтепроводы
Газопроводы
Сельское хозяйство и пищевая пр…
Непромышленные потребители
Государственные (муниципальные…
Население и приравненные групп…
Территориальные сетевые органи…
Динамика электропотребления, млрд. кВт.ч. по ПАО Россети на 2023 год
0 0
119 119
37 37
7 7
7 7
8 8
1 1
19 19
75 75
25 25
123 123
55 55
0 0
120 120
39 39
39 39
8 8
8 8
1 1
20 20
78 78
26 26
121 121
60 60
План
Ожидаемое (прогноз по конца года)
Интер РАО (дляФСК)
Промышленныепотребители
Транспорт
Нефтедобыча
Нефтепереработка
Нефтепроводы
Газопроводы
Сельскоехозяйство ипищеваяпромышленность
Непромышленныепотребители
Государственные(муниципальные)организации ипрочиебюджетныепотребители
Население иприравненныегруппыпотребителей
Территориальныесетевыеорганизации
Выручка по ПАО Россети на 2023 год
5 5
319 319
81 81
16 16
16 16
20 20
2 2
56 56
215 215
67 67
218 218
239 239
6 6
331 331
82 82
77 77
20 20
20 20
3 3
57 57
220 220
68 68
214 214
258 258
План
Ожидаемое (прогноз по конца года)
Интер РАО (дляФСК)
Промышленныепотребители
Транспорт
Нефтедобыча
Нефтепереработка
Нефтепроводы
Газопроводы
Сельскоехозяйство ипищеваяпромышленность
Непромышленныепотребители
Государственные(муниципальные)организации ипрочиебюджетныепотребители
Население иприравненныегруппыпотребителей
Территориальныесетевыеорганизации
абс.
%
Прогноз на месяц 
Ноябрь
КПО/Отпуск из сети 
Котловой полезный отпуск, млн. кВт.ч
Организация 
Все
Прогноз электропотребления и выручки за услуги по передаче в разрезе отраслей'

07-03-2025T08:25:22 - [TEST_STEP][PASSED] - println("a11:" + a11): null

07-03-2025T08:25:22 - [TEST_STEP][PASSED] - a11 = a11.replaceAll("[^0-9]", ""): null

07-03-2025T08:25:22 - [TEST_STEP][PASSED] - println("a11:" + a11): null

07-03-2025T08:25:22 - [TEST_STEP][PASSED] - click(findTestObject("Прогноз по отраслям/Фильтр Сравнение с")): Object: 'Object Repository/Прогноз по отраслям/Фильтр Сравнение с' is clicked on

07-03-2025T08:25:22 - [MESSAGE][PASSED] - Object: 'Object Repository/Прогноз по отраслям/Фильтр Сравнение с' is clicked on

07-03-2025T08:25:22 - [TEST_STEP][PASSED] - click(findTestObject("Прогноз по отраслям/План СУ")): Object: 'Object Repository/Прогноз по отраслям/План СУ' is clicked on

07-03-2025T08:25:23 - [MESSAGE][PASSED] - Object: 'Object Repository/Прогноз по отраслям/План СУ' is clicked on

07-03-2025T08:25:23 - [TEST_STEP][PASSED] - delay(40): Delayed 40 second(s)

07-03-2025T08:26:03 - [MESSAGE][PASSED] - Delayed 40 second(s)

07-03-2025T08:26:03 - [TEST_STEP][PASSED] - a12 = getText(findTestObject("Прогноз по отраслям/Виджеты дашборда")): Text of object 'Object Repository/Прогноз по отраслям/Виджеты дашборда' is: 'Год 
2023 год
Сравнение с 
План/СУ
Отклонения по ПАО Россети на 2023 год
0.0 0.0
120 322.6 120 322.6
38 655.4 38 655.4
39 037.8 39 037.8
8 291.7 8 291.7
8 259.5 8 259.5
793.1 793.1
19 706.6 19 706.6
78 310.2 78 310.2
25 579.5 25 579.5
121 219.7 121 219.7
60 414.9 60 414.9
⬤ Отклонение, млн. кВт.ч
Интер РАО (для ФСК)
Промышленные потребители
Транспорт
Нефтедобыча
Нефтепереработка
Нефтепроводы
Газопроводы
Сельское хозяйство и пищевая пр…
Непромышленные потребители
Государственные (муниципальные…
Население и приравненные групп…
Территориальные сетевые органи…
Выручка отклонения по ПАО Россети на 2023 год
⬤ Отклонение, млн. руб.
Интер РАО (для ФСК)
Промышленные потребители
Транспорт
Нефтедобыча
Нефтепереработка
Нефтепроводы
Газопроводы
Сельское хозяйство и пищевая пр…
Непромышленные потребители
Государственные (муниципальные…
Население и приравненные групп…
Территориальные сетевые органи…
Динамика электропотребления, млрд. кВт.ч. по ПАО Россети на 2023 год
0 0
0 0
0 0
0 0
0 0
0 0
0 0
0 0
0 0
0 0
0 0
0 0
0 0
120 120
39 39
39 39
8 8
8 8
1 1
20 20
78 78
26 26
121 121
60 60
СУ
Ожидаемое (прогноз по конца года)
Интер РАО (дляФСК)
Промышленныепотребители
Транспорт
Нефтедобыча
Нефтепереработка
Нефтепроводы
Газопроводы
Сельскоехозяйство ипищеваяпромышленность
Непромышленныепотребители
Государственные(муниципальные)организации ипрочиебюджетныепотребители
Население иприравненныегруппыпотребителей
Территориальныесетевыеорганизации
Выручка по ПАО Россети на 2023 год
6 6
331 331
82 82
77 77
20 20
20 20
3 3
57 57
220 220
68 68
214 214
258 258
Ожидаемое (прогноз по конца года)
Интер РАО (дляФСК)
Промышленныепотребители
Транспорт
Нефтедобыча
Нефтепереработка
Нефтепроводы
Газопроводы
Сельскоехозяйство ипищеваяпромышленность
Непромышленныепотребители
Государственные(муниципальные)организации ипрочиебюджетныепотребители
Население иприравненныегруппыпотребителей
Территориальныесетевыеорганизации
абс.
%
Прогноз на месяц 
Ноябрь
КПО/Отпуск из сети 
Котловой полезный отпуск, млн. кВт.ч
Организация 
Все
Прогноз электропотребления и выручки за услуги по передаче в разрезе отраслей'

07-03-2025T08:26:03 - [MESSAGE][PASSED] - Text of object 'Object Repository/Прогноз по отраслям/Виджеты дашборда' is: 'Год 
2023 год
Сравнение с 
План/СУ
Отклонения по ПАО Россети на 2023 год
0.0 0.0
120 322.6 120 322.6
38 655.4 38 655.4
39 037.8 39 037.8
8 291.7 8 291.7
8 259.5 8 259.5
793.1 793.1
19 706.6 19 706.6
78 310.2 78 310.2
25 579.5 25 579.5
121 219.7 121 219.7
60 414.9 60 414.9
⬤ Отклонение, млн. кВт.ч
Интер РАО (для ФСК)
Промышленные потребители
Транспорт
Нефтедобыча
Нефтепереработка
Нефтепроводы
Газопроводы
Сельское хозяйство и пищевая пр…
Непромышленные потребители
Государственные (муниципальные…
Население и приравненные групп…
Территориальные сетевые органи…
Выручка отклонения по ПАО Россети на 2023 год
⬤ Отклонение, млн. руб.
Интер РАО (для ФСК)
Промышленные потребители
Транспорт
Нефтедобыча
Нефтепереработка
Нефтепроводы
Газопроводы
Сельское хозяйство и пищевая пр…
Непромышленные потребители
Государственные (муниципальные…
Население и приравненные групп…
Территориальные сетевые органи…
Динамика электропотребления, млрд. кВт.ч. по ПАО Россети на 2023 год
0 0
0 0
0 0
0 0
0 0
0 0
0 0
0 0
0 0
0 0
0 0
0 0
0 0
120 120
39 39
39 39
8 8
8 8
1 1
20 20
78 78
26 26
121 121
60 60
СУ
Ожидаемое (прогноз по конца года)
Интер РАО (дляФСК)
Промышленныепотребители
Транспорт
Нефтедобыча
Нефтепереработка
Нефтепроводы
Газопроводы
Сельскоехозяйство ипищеваяпромышленность
Непромышленныепотребители
Государственные(муниципальные)организации ипрочиебюджетныепотребители
Население иприравненныегруппыпотребителей
Территориальныесетевыеорганизации
Выручка по ПАО Россети на 2023 год
6 6
331 331
82 82
77 77
20 20
20 20
3 3
57 57
220 220
68 68
214 214
258 258
Ожидаемое (прогноз по конца года)
Интер РАО (дляФСК)
Промышленныепотребители
Транспорт
Нефтедобыча
Нефтепереработка
Нефтепроводы
Газопроводы
Сельскоехозяйство ипищеваяпромышленность
Непромышленныепотребители
Государственные(муниципальные)организации ипрочиебюджетныепотребители
Население иприравненныегруппыпотребителей
Территориальныесетевыеорганизации
абс.
%
Прогноз на месяц 
Ноябрь
КПО/Отпуск из сети 
Котловой полезный отпуск, млн. кВт.ч
Организация 
Все
Прогноз электропотребления и выручки за услуги по передаче в разрезе отраслей'

07-03-2025T08:26:03 - [TEST_STEP][PASSED] - a12 = a12.replaceAll("[^0-9]", ""): null

07-03-2025T08:26:03 - [TEST_STEP][PASSED] - println("a12:" + a12): null

07-03-2025T08:26:03 - [TEST_STEP][PASSED] - navigateToUrl(findTestData("PlanFact").getValue(10, 12)): Navigate to 'https://bi.rosseti.digital/viewer?dashboardGuid=d218b6eb1b7845df8f1994d6a65c072b&sheetGuid=3059d1e0f28043ee8c80901707e9c246&fit=true' successfully

07-03-2025T08:26:04 - [MESSAGE][PASSED] - Navigate to 'https://bi.rosseti.digital/viewer?dashboardGuid=d218b6eb1b7845df8f1994d6a65c072b&sheetGuid=3059d1e0f28043ee8c80901707e9c246&fit=true' successfully

07-03-2025T08:26:04 - [TEST_STEP][PASSED] - delay(50): Delayed 50 second(s)

07-03-2025T08:26:54 - [MESSAGE][PASSED] - Delayed 50 second(s)

07-03-2025T08:26:54 - [TEST_STEP][PASSED] - click(findTestObject("Прогноз по отраслям/Фильтр месяц Стресс")): Object: 'Object Repository/Прогноз по отраслям/Фильтр месяц Стресс' is clicked on

07-03-2025T08:26:54 - [MESSAGE][PASSED] - Object: 'Object Repository/Прогноз по отраслям/Фильтр месяц Стресс' is clicked on

07-03-2025T08:26:54 - [TEST_STEP][PASSED] - scrollToElement(findTestObject("Прогноз по отраслям/Ноябрь Стресс"), 30): Scroll to object 'Object Repository/Прогноз по отраслям/Ноябрь Стресс' successfully

07-03-2025T08:26:55 - [MESSAGE][PASSED] - Scroll to object 'Object Repository/Прогноз по отраслям/Ноябрь Стресс' successfully

07-03-2025T08:26:55 - [TEST_STEP][PASSED] - click(findTestObject("Прогноз по отраслям/Ноябрь Стресс")): Object: 'Object Repository/Прогноз по отраслям/Ноябрь Стресс' is clicked on

07-03-2025T08:26:56 - [MESSAGE][PASSED] - Object: 'Object Repository/Прогноз по отраслям/Ноябрь Стресс' is clicked on

07-03-2025T08:26:56 - [TEST_STEP][PASSED] - scrollToElement(findTestObject("Прогноз по отраслям/Заголовок дашборда Стресс"), 30): Scroll to object 'Object Repository/Прогноз по отраслям/Заголовок дашборда Стресс' successfully

07-03-2025T08:26:57 - [MESSAGE][PASSED] - Scroll to object 'Object Repository/Прогноз по отраслям/Заголовок дашборда Стресс' successfully

07-03-2025T08:26:57 - [TEST_STEP][PASSED] - click(findTestObject("Прогноз по отраслям/Фильтр Сравнение с Стресс")): Object: 'Object Repository/Прогноз по отраслям/Фильтр Сравнение с Стресс' is clicked on

07-03-2025T08:26:57 - [MESSAGE][PASSED] - Object: 'Object Repository/Прогноз по отраслям/Фильтр Сравнение с Стресс' is clicked on

07-03-2025T08:26:57 - [TEST_STEP][PASSED] - click(findTestObject("Прогноз по отраслям/Факт прошлого года Стресс")): Object: 'Object Repository/Прогноз по отраслям/Факт прошлого года Стресс' is clicked on

07-03-2025T08:26:59 - [MESSAGE][PASSED] - Object: 'Object Repository/Прогноз по отраслям/Факт прошлого года Стресс' is clicked on

07-03-2025T08:26:59 - [TEST_STEP][PASSED] - click(findTestObject("Прогноз по отраслям/Фильтр КПО-Отпуск Стресс")): Object: 'Object Repository/Прогноз по отраслям/Фильтр КПО-Отпуск Стресс' is clicked on

07-03-2025T08:27:00 - [MESSAGE][PASSED] - Object: 'Object Repository/Прогноз по отраслям/Фильтр КПО-Отпуск Стресс' is clicked on

07-03-2025T08:27:00 - [TEST_STEP][PASSED] - click(findTestObject("Прогноз по отраслям/Отпуск Стресс")): Object: 'Object Repository/Прогноз по отраслям/Отпуск Стресс' is clicked on

07-03-2025T08:27:01 - [MESSAGE][PASSED] - Object: 'Object Repository/Прогноз по отраслям/Отпуск Стресс' is clicked on

07-03-2025T08:27:01 - [TEST_STEP][PASSED] - delay(40): Delayed 40 second(s)

07-03-2025T08:27:41 - [MESSAGE][PASSED] - Delayed 40 second(s)

07-03-2025T08:27:41 - [TEST_STEP][PASSED] - b1 = getText(findTestObject("Прогноз по отраслям/Виджеты дашборда")): Text of object 'Object Repository/Прогноз по отраслям/Виджеты дашборда' is: 'Год 
2023 год
Сравнение с 
Факт прошлого года
Динамика электропотребления, млрд. кВт.ч., по ПАО Россети на 2023 год
12 12
186 186
36 36
50 50
10 10
19 19
0 0
17 17
85 85
19 19
82 82
604 604
10 10
197 197
37 37
48 48
10 10
15 15
4 4
18 18
80 80
19 19
82 82
608 608
Факт прошлого года
Ожидаемое (прогноз до конца года)
Интер РАО(для ФСК)
Промышленныепотребители
Транспорт
Нефтедобыча
Нефтеперераб…
Нефтепроводы
Газопроводы
Сельское хозя…
Непромышлен…
Государственн…
Население иприравненныегруппыпотребителей
Территориальн…
Выручка, млрд. руб, по ПАО Россети на 2023 год
5 5
285 285
72 72
72 72
18 18
22 22
0 0
50 50
201 201
61 61
190 190
227 227
6 6
331 331
82 82
77 77
20 20
20 20
3 3
57 57
220 220
68 68
214 214
258 258
Факт прошлого года
Ожидаемое (прогноз до конца года)
Интер РАО(для ФСК)
Промышленныепотребители
Транспорт
Нефтедобыча
Нефтеперераб…
Нефтепроводы
Газопроводы
Сельское хозя…
Непромышлен…
Государственн…
Население иприравненныегруппыпотребителей
Территориальн…
Отклонения по ПАО Россети на 2023 год
-18.5% -18.5%
5.9% 5.9%
3.6% 3.6%
-3.9% -3.9%
0.9% 0.9%
-20.7% -20.7%
3 313.2% 3 313.2%
3.8% 3.8%
-5.6% -5.6%
1.3% 1.3%
-0.9% -0.9%
0.7% 0.7%
⬤ Отклонение, %
Интер РАО (для ФСК)
Промышленные потребители
Транспорт
Нефтедобыча
Нефтепереработка
Нефтепроводы
Газопроводы
Сельское хозяйство и пищевая про…
Непромышленные потребители
Государственные (муниципальные)…
Население и приравненные группы…
Территориальные сетевые организ…
Выручка отклонения по ПАО Россети на 2023 год
7.7% 7.7%
16.0% 16.0%
13.2% 13.2%
6.7% 6.7%
13.3% 13.3%
-7.7% -7.7%
1 331.5% 1 331.5%
14.2% 14.2%
9.9% 9.9%
12.0% 12.0%
12.4% 12.4%
13.7% 13.7%
⬤ Отклонение, %
Интер РАО (для ФСК)
Промышленные потребители
Транспорт
Нефтедобыча
Нефтепереработка
Нефтепроводы
Газопроводы
Сельское хозяйство и пищевая про…
Непромышленные потребители
Государственные (муниципальные)…
Население и приравненные группы…
Территориальные сетевые организ…
абс.
%
Прогноз на месяц 
Ноябрь
КПО/Отпуск из сети 
Отпуск из сети, млн. кВт.ч
Организация 
Все
Прогноз электропотребления и выручки за услуги по передаче в разрезе отраслей'

07-03-2025T08:27:42 - [MESSAGE][PASSED] - Text of object 'Object Repository/Прогноз по отраслям/Виджеты дашборда' is: 'Год 
2023 год
Сравнение с 
Факт прошлого года
Динамика электропотребления, млрд. кВт.ч., по ПАО Россети на 2023 год
12 12
186 186
36 36
50 50
10 10
19 19
0 0
17 17
85 85
19 19
82 82
604 604
10 10
197 197
37 37
48 48
10 10
15 15
4 4
18 18
80 80
19 19
82 82
608 608
Факт прошлого года
Ожидаемое (прогноз до конца года)
Интер РАО(для ФСК)
Промышленныепотребители
Транспорт
Нефтедобыча
Нефтеперераб…
Нефтепроводы
Газопроводы
Сельское хозя…
Непромышлен…
Государственн…
Население иприравненныегруппыпотребителей
Территориальн…
Выручка, млрд. руб, по ПАО Россети на 2023 год
5 5
285 285
72 72
72 72
18 18
22 22
0 0
50 50
201 201
61 61
190 190
227 227
6 6
331 331
82 82
77 77
20 20
20 20
3 3
57 57
220 220
68 68
214 214
258 258
Факт прошлого года
Ожидаемое (прогноз до конца года)
Интер РАО(для ФСК)
Промышленныепотребители
Транспорт
Нефтедобыча
Нефтеперераб…
Нефтепроводы
Газопроводы
Сельское хозя…
Непромышлен…
Государственн…
Население иприравненныегруппыпотребителей
Территориальн…
Отклонения по ПАО Россети на 2023 год
-18.5% -18.5%
5.9% 5.9%
3.6% 3.6%
-3.9% -3.9%
0.9% 0.9%
-20.7% -20.7%
3 313.2% 3 313.2%
3.8% 3.8%
-5.6% -5.6%
1.3% 1.3%
-0.9% -0.9%
0.7% 0.7%
⬤ Отклонение, %
Интер РАО (для ФСК)
Промышленные потребители
Транспорт
Нефтедобыча
Нефтепереработка
Нефтепроводы
Газопроводы
Сельское хозяйство и пищевая про…
Непромышленные потребители
Государственные (муниципальные)…
Население и приравненные группы…
Территориальные сетевые организ…
Выручка отклонения по ПАО Россети на 2023 год
7.7% 7.7%
16.0% 16.0%
13.2% 13.2%
6.7% 6.7%
13.3% 13.3%
-7.7% -7.7%
1 331.5% 1 331.5%
14.2% 14.2%
9.9% 9.9%
12.0% 12.0%
12.4% 12.4%
13.7% 13.7%
⬤ Отклонение, %
Интер РАО (для ФСК)
Промышленные потребители
Транспорт
Нефтедобыча
Нефтепереработка
Нефтепроводы
Газопроводы
Сельское хозяйство и пищевая про…
Непромышленные потребители
Государственные (муниципальные)…
Население и приравненные группы…
Территориальные сетевые организ…
абс.
%
Прогноз на месяц 
Ноябрь
КПО/Отпуск из сети 
Отпуск из сети, млн. кВт.ч
Организация 
Все
Прогноз электропотребления и выручки за услуги по передаче в разрезе отраслей'

07-03-2025T08:27:42 - [TEST_STEP][PASSED] - b1 = b1.replaceAll("[^0-9]", ""): null

07-03-2025T08:27:42 - [TEST_STEP][PASSED] - println("b1:" + b1): null

07-03-2025T08:27:42 - [TEST_STEP][PASSED] - click(findTestObject("Прогноз по отраслям/Фильтр Сравнение с Стресс")): Object: 'Object Repository/Прогноз по отраслям/Фильтр Сравнение с Стресс' is clicked on

07-03-2025T08:27:42 - [MESSAGE][PASSED] - Object: 'Object Repository/Прогноз по отраслям/Фильтр Сравнение с Стресс' is clicked on

07-03-2025T08:27:42 - [TEST_STEP][PASSED] - click(findTestObject("Прогноз по отраслям/План Стресс")): Object: 'Object Repository/Прогноз по отраслям/План Стресс' is clicked on

07-03-2025T08:27:44 - [MESSAGE][PASSED] - Object: 'Object Repository/Прогноз по отраслям/План Стресс' is clicked on

07-03-2025T08:27:44 - [TEST_STEP][PASSED] - delay(40): Delayed 40 second(s)

07-03-2025T08:28:24 - [MESSAGE][PASSED] - Delayed 40 second(s)

07-03-2025T08:28:24 - [TEST_STEP][PASSED] - b2 = getText(findTestObject("Прогноз по отраслям/Виджеты дашборда")): Text of object 'Object Repository/Прогноз по отраслям/Виджеты дашборда' is: 'Год 
2023 год
Сравнение с 
План
Динамика электропотребления, млрд. кВт.ч., по ПАО Россети на 2023 год
10 10
190 190
36 36
14 14
9 9
14 14
4 4
17 17
80 80
19 19
82 82
588 588
10 10
197 197
37 37
48 48
10 10
15 15
4 4
18 18
80 80
19 19
82 82
608 608
План
Ожидаемое (прогноз до конца года)
Интер РАО(для ФСК)
Промышленныепотребители
Транспорт
Нефтедобыча
Нефтеперераб…
Нефтепроводы
Газопроводы
Сельское хозя…
Непромышлен…
Государственн…
Население иприравненныегруппыпотребителей
Территориальн…
Выручка, млрд. руб, по ПАО Россети на 2023 год
5 5
319 319
81 81
16 16
16 16
20 20
2 2
56 56
215 215
67 67
218 218
239 239
6 6
331 331
82 82
77 77
20 20
20 20
3 3
57 57
220 220
68 68
214 214
258 258
План
Ожидаемое (прогноз до конца года)
Интер РАО(для ФСК)
Промышленныепотребители
Транспорт
Нефтедобыча
Нефтеперераб…
Нефтепроводы
Газопроводы
Сельское хозя…
Непромышлен…
Государственн…
Население иприравненныегруппыпотребителей
Территориальн…
Отклонения по ПАО Россети на 2023 год
-4.7% -4.7%
3.8% 3.8%
1.9% 1.9%
230.3% 230.3%
10.9% 10.9%
4.2% 4.2%
21.7% 21.7%
3.9% 3.9%
-0.6% -0.6%
1.6% 1.6%
-1.0% -1.0%
3.3% 3.3%
⬤ Отклонение, %
Интер РАО (для ФСК)
Промышленные потребители
Транспорт
Нефтедобыча
Нефтепереработка
Нефтепроводы
Газопроводы
Сельское хозяйство и пищевая про…
Непромышленные потребители
Государственные (муниципальные)…
Население и приравненные группы…
Территориальные сетевые организ…
Выручка отклонения по ПАО Россети на 2023 год
15.6% 15.6%
3.8% 3.8%
1.2% 1.2%
398.2% 398.2%
26.9% 26.9%
-0.6% -0.6%
26.9% 26.9%
1.5% 1.5%
2.7% 2.7%
2.0% 2.0%
-2.0% -2.0%
7.9% 7.9%
⬤ Отклонение, %
Интер РАО (для ФСК)
Промышленные потребители
Транспорт
Нефтедобыча
Нефтепереработка
Нефтепроводы
Газопроводы
Сельское хозяйство и пищевая про…
Непромышленные потребители
Государственные (муниципальные)…
Население и приравненные группы…
Территориальные сетевые организ…
абс.
%
Прогноз на месяц 
Ноябрь
КПО/Отпуск из сети 
Отпуск из сети, млн. кВт.ч
Организация 
Все
Прогноз электропотребления и выручки за услуги по передаче в разрезе отраслей'

07-03-2025T08:28:24 - [MESSAGE][PASSED] - Text of object 'Object Repository/Прогноз по отраслям/Виджеты дашборда' is: 'Год 
2023 год
Сравнение с 
План
Динамика электропотребления, млрд. кВт.ч., по ПАО Россети на 2023 год
10 10
190 190
36 36
14 14
9 9
14 14
4 4
17 17
80 80
19 19
82 82
588 588
10 10
197 197
37 37
48 48
10 10
15 15
4 4
18 18
80 80
19 19
82 82
608 608
План
Ожидаемое (прогноз до конца года)
Интер РАО(для ФСК)
Промышленныепотребители
Транспорт
Нефтедобыча
Нефтеперераб…
Нефтепроводы
Газопроводы
Сельское хозя…
Непромышлен…
Государственн…
Население иприравненныегруппыпотребителей
Территориальн…
Выручка, млрд. руб, по ПАО Россети на 2023 год
5 5
319 319
81 81
16 16
16 16
20 20
2 2
56 56
215 215
67 67
218 218
239 239
6 6
331 331
82 82
77 77
20 20
20 20
3 3
57 57
220 220
68 68
214 214
258 258
План
Ожидаемое (прогноз до конца года)
Интер РАО(для ФСК)
Промышленныепотребители
Транспорт
Нефтедобыча
Нефтеперераб…
Нефтепроводы
Газопроводы
Сельское хозя…
Непромышлен…
Государственн…
Население иприравненныегруппыпотребителей
Территориальн…
Отклонения по ПАО Россети на 2023 год
-4.7% -4.7%
3.8% 3.8%
1.9% 1.9%
230.3% 230.3%
10.9% 10.9%
4.2% 4.2%
21.7% 21.7%
3.9% 3.9%
-0.6% -0.6%
1.6% 1.6%
-1.0% -1.0%
3.3% 3.3%
⬤ Отклонение, %
Интер РАО (для ФСК)
Промышленные потребители
Транспорт
Нефтедобыча
Нефтепереработка
Нефтепроводы
Газопроводы
Сельское хозяйство и пищевая про…
Непромышленные потребители
Государственные (муниципальные)…
Население и приравненные группы…
Территориальные сетевые организ…
Выручка отклонения по ПАО Россети на 2023 год
15.6% 15.6%
3.8% 3.8%
1.2% 1.2%
398.2% 398.2%
26.9% 26.9%
-0.6% -0.6%
26.9% 26.9%
1.5% 1.5%
2.7% 2.7%
2.0% 2.0%
-2.0% -2.0%
7.9% 7.9%
⬤ Отклонение, %
Интер РАО (для ФСК)
Промышленные потребители
Транспорт
Нефтедобыча
Нефтепереработка
Нефтепроводы
Газопроводы
Сельское хозяйство и пищевая про…
Непромышленные потребители
Государственные (муниципальные)…
Население и приравненные группы…
Территориальные сетевые организ…
абс.
%
Прогноз на месяц 
Ноябрь
КПО/Отпуск из сети 
Отпуск из сети, млн. кВт.ч
Организация 
Все
Прогноз электропотребления и выручки за услуги по передаче в разрезе отраслей'

07-03-2025T08:28:24 - [TEST_STEP][PASSED] - b2 = b2.replaceAll("[^0-9]", ""): null

07-03-2025T08:28:24 - [TEST_STEP][PASSED] - println("b2:" + b2): null

07-03-2025T08:28:24 - [TEST_STEP][PASSED] - click(findTestObject("Прогноз по отраслям/Фильтр Сравнение с Стресс")): Object: 'Object Repository/Прогноз по отраслям/Фильтр Сравнение с Стресс' is clicked on

07-03-2025T08:28:25 - [MESSAGE][PASSED] - Object: 'Object Repository/Прогноз по отраслям/Фильтр Сравнение с Стресс' is clicked on

07-03-2025T08:28:25 - [TEST_STEP][PASSED] - click(findTestObject("Прогноз по отраслям/План СУ Стресс")): Object: 'Object Repository/Прогноз по отраслям/План СУ Стресс' is clicked on

07-03-2025T08:28:26 - [MESSAGE][PASSED] - Object: 'Object Repository/Прогноз по отраслям/План СУ Стресс' is clicked on

07-03-2025T08:28:26 - [TEST_STEP][PASSED] - delay(40): Delayed 40 second(s)

07-03-2025T08:29:06 - [MESSAGE][PASSED] - Delayed 40 second(s)

07-03-2025T08:29:06 - [TEST_STEP][PASSED] - b3 = getText(findTestObject("Прогноз по отраслям/Виджеты дашборда")): Text of object 'Object Repository/Прогноз по отраслям/Виджеты дашборда' is: 'Год 
2023 год
Сравнение с 
План/СУ
Динамика электропотребления, млрд. кВт.ч., по ПАО Россети на 2023 год
10 10
181 181
36 36
15 15
9 9
14 14
4 4
16 16
86 86
19 19
79 79
586 586
10 10
197 197
37 37
48 48
10 10
15 15
4 4
18 18
80 80
19 19
82 82
608 608
СУ
Ожидаемое (прогноз до конца года)
Интер РАО(для ФСК)
Промышленныепотребители
Транспорт
Нефтедобыча
Нефтеперераб…
Нефтепроводы
Газопроводы
Сельское хозя…
Непромышлен…
Государственн…
Население иприравненныегруппыпотребителей
Территориальн…
Выручка, млрд. руб, по ПАО Россети на 2023 год
6 6
331 331
82 82
77 77
20 20
20 20
3 3
57 57
220 220
68 68
214 214
258 258
Ожидаемое (прогноз до конца года)
Интер РАО(для ФСК)
Промышленныепотребители
Транспорт
Нефтедобыча
Нефтеперераб…
Нефтепроводы
Газопроводы
Сельское хозя…
Непромышлен…
Государственн…
Население иприравненныегруппыпотребителей
Территориальн…
Отклонения по ПАО Россети на 2023 год
2.5% 2.5%
8.9% 8.9%
3.5% 3.5%
221.4% 221.4%
12.8% 12.8%
6.9% 6.9%
13.5% 13.5%
8.1% 8.1%
-6.9% -6.9%
2.3% 2.3%
3.1% 3.1%
3.8% 3.8%
⬤ Отклонение, %
Интер РАО (для ФСК)
Промышленные потребители
Транспорт
Нефтедобыча
Нефтепереработка
Нефтепроводы
Газопроводы
Сельское хозяйство и пищевая про…
Непромышленные потребители
Государственные (муниципальные)…
Население и приравненные группы…
Территориальные сетевые организ…
Выручка отклонения по ПАО Россети на 2023 год
⬤ Отклонение, %
Интер РАО (для ФСК)
Промышленные потребители
Транспорт
Нефтедобыча
Нефтепереработка
Нефтепроводы
Газопроводы
Сельское хозяйство и пищевая про…
Непромышленные потребители
Государственные (муниципальные)…
Население и приравненные группы…
Территориальные сетевые организ…
абс.
%
Прогноз на месяц 
Ноябрь
КПО/Отпуск из сети 
Отпуск из сети, млн. кВт.ч
Организация 
Все
Прогноз электропотребления и выручки за услуги по передаче в разрезе отраслей'

07-03-2025T08:29:06 - [MESSAGE][PASSED] - Text of object 'Object Repository/Прогноз по отраслям/Виджеты дашборда' is: 'Год 
2023 год
Сравнение с 
План/СУ
Динамика электропотребления, млрд. кВт.ч., по ПАО Россети на 2023 год
10 10
181 181
36 36
15 15
9 9
14 14
4 4
16 16
86 86
19 19
79 79
586 586
10 10
197 197
37 37
48 48
10 10
15 15
4 4
18 18
80 80
19 19
82 82
608 608
СУ
Ожидаемое (прогноз до конца года)
Интер РАО(для ФСК)
Промышленныепотребители
Транспорт
Нефтедобыча
Нефтеперераб…
Нефтепроводы
Газопроводы
Сельское хозя…
Непромышлен…
Государственн…
Население иприравненныегруппыпотребителей
Территориальн…
Выручка, млрд. руб, по ПАО Россети на 2023 год
6 6
331 331
82 82
77 77
20 20
20 20
3 3
57 57
220 220
68 68
214 214
258 258
Ожидаемое (прогноз до конца года)
Интер РАО(для ФСК)
Промышленныепотребители
Транспорт
Нефтедобыча
Нефтеперераб…
Нефтепроводы
Газопроводы
Сельское хозя…
Непромышлен…
Государственн…
Население иприравненныегруппыпотребителей
Территориальн…
Отклонения по ПАО Россети на 2023 год
2.5% 2.5%
8.9% 8.9%
3.5% 3.5%
221.4% 221.4%
12.8% 12.8%
6.9% 6.9%
13.5% 13.5%
8.1% 8.1%
-6.9% -6.9%
2.3% 2.3%
3.1% 3.1%
3.8% 3.8%
⬤ Отклонение, %
Интер РАО (для ФСК)
Промышленные потребители
Транспорт
Нефтедобыча
Нефтепереработка
Нефтепроводы
Газопроводы
Сельское хозяйство и пищевая про…
Непромышленные потребители
Государственные (муниципальные)…
Население и приравненные группы…
Территориальные сетевые организ…
Выручка отклонения по ПАО Россети на 2023 год
⬤ Отклонение, %
Интер РАО (для ФСК)
Промышленные потребители
Транспорт
Нефтедобыча
Нефтепереработка
Нефтепроводы
Газопроводы
Сельское хозяйство и пищевая про…
Непромышленные потребители
Государственные (муниципальные)…
Население и приравненные группы…
Территориальные сетевые организ…
абс.
%
Прогноз на месяц 
Ноябрь
КПО/Отпуск из сети 
Отпуск из сети, млн. кВт.ч
Организация 
Все
Прогноз электропотребления и выручки за услуги по передаче в разрезе отраслей'

07-03-2025T08:29:06 - [TEST_STEP][PASSED] - b3 = b3.replaceAll("[^0-9]", ""): null

07-03-2025T08:29:06 - [TEST_STEP][PASSED] - println("b3:" + b3): null

07-03-2025T08:29:06 - [TEST_STEP][PASSED] - click(findTestObject("Прогноз по отраслям/Фильтр Сравнение с Стресс")): Object: 'Object Repository/Прогноз по отраслям/Фильтр Сравнение с Стресс' is clicked on

07-03-2025T08:29:07 - [MESSAGE][PASSED] - Object: 'Object Repository/Прогноз по отраслям/Фильтр Сравнение с Стресс' is clicked on

07-03-2025T08:29:07 - [TEST_STEP][PASSED] - click(findTestObject("Прогноз по отраслям/Факт прошлого года Стресс")): Object: 'Object Repository/Прогноз по отраслям/Факт прошлого года Стресс' is clicked on

07-03-2025T08:29:08 - [MESSAGE][PASSED] - Object: 'Object Repository/Прогноз по отраслям/Факт прошлого года Стресс' is clicked on

07-03-2025T08:29:08 - [TEST_STEP][PASSED] - click(findTestObject("Прогноз по отраслям/Фильтр КПО-Отпуск Стресс")): Object: 'Object Repository/Прогноз по отраслям/Фильтр КПО-Отпуск Стресс' is clicked on

07-03-2025T08:29:10 - [MESSAGE][PASSED] - Object: 'Object Repository/Прогноз по отраслям/Фильтр КПО-Отпуск Стресс' is clicked on

07-03-2025T08:29:10 - [TEST_STEP][PASSED] - click(findTestObject("Прогноз по отраслям/КПО Стресс")): Object: 'Object Repository/Прогноз по отраслям/КПО Стресс' is clicked on

07-03-2025T08:29:11 - [MESSAGE][PASSED] - Object: 'Object Repository/Прогноз по отраслям/КПО Стресс' is clicked on

07-03-2025T08:29:11 - [TEST_STEP][PASSED] - delay(40): Delayed 40 second(s)

07-03-2025T08:29:51 - [MESSAGE][PASSED] - Delayed 40 second(s)

07-03-2025T08:29:51 - [TEST_STEP][PASSED] - b4 = getText(findTestObject("Прогноз по отраслям/Виджеты дашборда")): Text of object 'Object Repository/Прогноз по отраслям/Виджеты дашборда' is: 'Год 
2023 год
Сравнение с 
Факт прошлого года
Динамика электропотребления, млрд. кВт.ч., по ПАО Россети на 2023 год
0 0
120 120
38 38
41 41
8 8
10 10
0 0
19 19
77 77
25 25
122 122
61 61
0 0
120 120
39 39
39 39
8 8
8 8
1 1
20 20
78 78
26 26
121 121
60 60
Факт прошлого года
Ожидаемое (прогноз до конца года)
Интер РАО(для ФСК)
Промышленныепотребители
Транспорт
Нефтедобыча
Нефтеперераб…
Нефтепроводы
Газопроводы
Сельское хозя…
Непромышлен…
Государственн…
Население иприравненныегруппыпотребителей
Территориальн…
Выручка, млрд. руб, по ПАО Россети на 2023 год
5 5
285 285
72 72
72 72
18 18
22 22
0 0
50 50
201 201
61 61
190 190
227 227
6 6
331 331
82 82
77 77
20 20
20 20
3 3
57 57
220 220
68 68
214 214
258 258
Факт прошлого года
Ожидаемое (прогноз до конца года)
Интер РАО(для ФСК)
Промышленныепотребители
Транспорт
Нефтедобыча
Нефтеперераб…
Нефтепроводы
Газопроводы
Сельское хозя…
Непромышлен…
Государственн…
Население иприравненныегруппыпотребителей
Территориальн…
Отклонения по ПАО Россети на 2023 год
0.5% 0.5%
0.9% 0.9%
-5.9% -5.9%
3.1% 3.1%
-17.9% -17.9%
578.4% 578.4%
2.3% 2.3%
1.8% 1.8%
2.1% 2.1%
-0.9% -0.9%
-0.2% -0.2%
⬤ Отклонение, %
Интер РАО (для ФСК)
Промышленные потребители
Транспорт
Нефтедобыча
Нефтепереработка
Нефтепроводы
Газопроводы
Сельское хозяйство и пищевая про…
Непромышленные потребители
Государственные (муниципальные)…
Население и приравненные группы…
Территориальные сетевые организ…
Выручка отклонения по ПАО Россети на 2023 год
7.7% 7.7%
16.0% 16.0%
13.2% 13.2%
6.7% 6.7%
13.3% 13.3%
-7.7% -7.7%
1 331.5% 1 331.5%
14.2% 14.2%
9.9% 9.9%
12.0% 12.0%
12.4% 12.4%
13.7% 13.7%
⬤ Отклонение, %
Интер РАО (для ФСК)
Промышленные потребители
Транспорт
Нефтедобыча
Нефтепереработка
Нефтепроводы
Газопроводы
Сельское хозяйство и пищевая про…
Непромышленные потребители
Государственные (муниципальные)…
Население и приравненные группы…
Территориальные сетевые организ…
абс.
%
Прогноз на месяц 
Ноябрь
КПО/Отпуск из сети 
Котловой полезный отпуск, млн. кВт.ч
Организация 
Все
Прогноз электропотребления и выручки за услуги по передаче в разрезе отраслей'

07-03-2025T08:29:52 - [MESSAGE][PASSED] - Text of object 'Object Repository/Прогноз по отраслям/Виджеты дашборда' is: 'Год 
2023 год
Сравнение с 
Факт прошлого года
Динамика электропотребления, млрд. кВт.ч., по ПАО Россети на 2023 год
0 0
120 120
38 38
41 41
8 8
10 10
0 0
19 19
77 77
25 25
122 122
61 61
0 0
120 120
39 39
39 39
8 8
8 8
1 1
20 20
78 78
26 26
121 121
60 60
Факт прошлого года
Ожидаемое (прогноз до конца года)
Интер РАО(для ФСК)
Промышленныепотребители
Транспорт
Нефтедобыча
Нефтеперераб…
Нефтепроводы
Газопроводы
Сельское хозя…
Непромышлен…
Государственн…
Население иприравненныегруппыпотребителей
Территориальн…
Выручка, млрд. руб, по ПАО Россети на 2023 год
5 5
285 285
72 72
72 72
18 18
22 22
0 0
50 50
201 201
61 61
190 190
227 227
6 6
331 331
82 82
77 77
20 20
20 20
3 3
57 57
220 220
68 68
214 214
258 258
Факт прошлого года
Ожидаемое (прогноз до конца года)
Интер РАО(для ФСК)
Промышленныепотребители
Транспорт
Нефтедобыча
Нефтеперераб…
Нефтепроводы
Газопроводы
Сельское хозя…
Непромышлен…
Государственн…
Население иприравненныегруппыпотребителей
Территориальн…
Отклонения по ПАО Россети на 2023 год
0.5% 0.5%
0.9% 0.9%
-5.9% -5.9%
3.1% 3.1%
-17.9% -17.9%
578.4% 578.4%
2.3% 2.3%
1.8% 1.8%
2.1% 2.1%
-0.9% -0.9%
-0.2% -0.2%
⬤ Отклонение, %
Интер РАО (для ФСК)
Промышленные потребители
Транспорт
Нефтедобыча
Нефтепереработка
Нефтепроводы
Газопроводы
Сельское хозяйство и пищевая про…
Непромышленные потребители
Государственные (муниципальные)…
Население и приравненные группы…
Территориальные сетевые организ…
Выручка отклонения по ПАО Россети на 2023 год
7.7% 7.7%
16.0% 16.0%
13.2% 13.2%
6.7% 6.7%
13.3% 13.3%
-7.7% -7.7%
1 331.5% 1 331.5%
14.2% 14.2%
9.9% 9.9%
12.0% 12.0%
12.4% 12.4%
13.7% 13.7%
⬤ Отклонение, %
Интер РАО (для ФСК)
Промышленные потребители
Транспорт
Нефтедобыча
Нефтепереработка
Нефтепроводы
Газопроводы
Сельское хозяйство и пищевая про…
Непромышленные потребители
Государственные (муниципальные)…
Население и приравненные группы…
Территориальные сетевые организ…
абс.
%
Прогноз на месяц 
Ноябрь
КПО/Отпуск из сети 
Котловой полезный отпуск, млн. кВт.ч
Организация 
Все
Прогноз электропотребления и выручки за услуги по передаче в разрезе отраслей'

07-03-2025T08:29:52 - [TEST_STEP][PASSED] - b4 = b4.replaceAll("[^0-9]", ""): null

07-03-2025T08:29:52 - [TEST_STEP][PASSED] - println("b4:" + b4): null

07-03-2025T08:29:52 - [TEST_STEP][PASSED] - click(findTestObject("Прогноз по отраслям/Фильтр Сравнение с Стресс")): Object: 'Object Repository/Прогноз по отраслям/Фильтр Сравнение с Стресс' is clicked on

07-03-2025T08:29:52 - [MESSAGE][PASSED] - Object: 'Object Repository/Прогноз по отраслям/Фильтр Сравнение с Стресс' is clicked on

07-03-2025T08:29:52 - [TEST_STEP][PASSED] - click(findTestObject("Прогноз по отраслям/План Стресс")): Object: 'Object Repository/Прогноз по отраслям/План Стресс' is clicked on

07-03-2025T08:29:53 - [MESSAGE][PASSED] - Object: 'Object Repository/Прогноз по отраслям/План Стресс' is clicked on

07-03-2025T08:29:53 - [TEST_STEP][PASSED] - delay(40): Delayed 40 second(s)

07-03-2025T08:30:33 - [MESSAGE][PASSED] - Delayed 40 second(s)

07-03-2025T08:30:33 - [TEST_STEP][PASSED] - b5 = getText(findTestObject("Прогноз по отраслям/Виджеты дашборда")): Text of object 'Object Repository/Прогноз по отраслям/Виджеты дашборда' is: 'Год 
2023 год
Сравнение с 
План
Динамика электропотребления, млрд. кВт.ч., по ПАО Россети на 2023 год
0 0
119 119
37 37
7 7
7 7
8 8
1 1
19 19
75 75
25 25
123 123
55 55
0 0
120 120
39 39
39 39
8 8
8 8
1 1
20 20
78 78
26 26
121 121
60 60
План
Ожидаемое (прогноз до конца года)
Интер РАО(для ФСК)
Промышленныепотребители
Транспорт
Нефтедобыча
Нефтеперераб…
Нефтепроводы
Газопроводы
Сельское хозя…
Непромышлен…
Государственн…
Население иприравненныегруппыпотребителей
Территориальн…
Выручка, млрд. руб, по ПАО Россети на 2023 год
5 5
319 319
81 81
16 16
16 16
20 20
2 2
56 56
215 215
67 67
218 218
239 239
6 6
331 331
82 82
77 77
20 20
20 20
3 3
57 57
220 220
68 68
214 214
258 258
План
Ожидаемое (прогноз до конца года)
Интер РАО(для ФСК)
Промышленныепотребители
Транспорт
Нефтедобыча
Нефтеперераб…
Нефтепроводы
Газопроводы
Сельское хозя…
Непромышлен…
Государственн…
Население иприравненныегруппыпотребителей
Территориальн…
Отклонения по ПАО Россети на 2023 год
1.2% 1.2%
3.2% 3.2%
492.1% 492.1%
18.1% 18.1%
4.4% 4.4%
11.9% 11.9%
1.2% 1.2%
4.1% 4.1%
2.4% 2.4%
-1.4% -1.4%
9.7% 9.7%
⬤ Отклонение, %
Интер РАО (для ФСК)
Промышленные потребители
Транспорт
Нефтедобыча
Нефтепереработка
Нефтепроводы
Газопроводы
Сельское хозяйство и пищевая про…
Непромышленные потребители
Государственные (муниципальные)…
Население и приравненные группы…
Территориальные сетевые организ…
Выручка отклонения по ПАО Россети на 2023 год
15.6% 15.6%
3.8% 3.8%
1.2% 1.2%
398.2% 398.2%
26.9% 26.9%
-0.6% -0.6%
26.9% 26.9%
1.5% 1.5%
2.7% 2.7%
2.0% 2.0%
-2.0% -2.0%
7.9% 7.9%
⬤ Отклонение, %
Интер РАО (для ФСК)
Промышленные потребители
Транспорт
Нефтедобыча
Нефтепереработка
Нефтепроводы
Газопроводы
Сельское хозяйство и пищевая про…
Непромышленные потребители
Государственные (муниципальные)…
Население и приравненные группы…
Территориальные сетевые организ…
абс.
%
Прогноз на месяц 
Ноябрь
КПО/Отпуск из сети 
Котловой полезный отпуск, млн. кВт.ч
Организация 
Все
Прогноз электропотребления и выручки за услуги по передаче в разрезе отраслей'

07-03-2025T08:30:34 - [MESSAGE][PASSED] - Text of object 'Object Repository/Прогноз по отраслям/Виджеты дашборда' is: 'Год 
2023 год
Сравнение с 
План
Динамика электропотребления, млрд. кВт.ч., по ПАО Россети на 2023 год
0 0
119 119
37 37
7 7
7 7
8 8
1 1
19 19
75 75
25 25
123 123
55 55
0 0
120 120
39 39
39 39
8 8
8 8
1 1
20 20
78 78
26 26
121 121
60 60
План
Ожидаемое (прогноз до конца года)
Интер РАО(для ФСК)
Промышленныепотребители
Транспорт
Нефтедобыча
Нефтеперераб…
Нефтепроводы
Газопроводы
Сельское хозя…
Непромышлен…
Государственн…
Население иприравненныегруппыпотребителей
Территориальн…
Выручка, млрд. руб, по ПАО Россети на 2023 год
5 5
319 319
81 81
16 16
16 16
20 20
2 2
56 56
215 215
67 67
218 218
239 239
6 6
331 331
82 82
77 77
20 20
20 20
3 3
57 57
220 220
68 68
214 214
258 258
План
Ожидаемое (прогноз до конца года)
Интер РАО(для ФСК)
Промышленныепотребители
Транспорт
Нефтедобыча
Нефтеперераб…
Нефтепроводы
Газопроводы
Сельское хозя…
Непромышлен…
Государственн…
Население иприравненныегруппыпотребителей
Территориальн…
Отклонения по ПАО Россети на 2023 год
1.2% 1.2%
3.2% 3.2%
492.1% 492.1%
18.1% 18.1%
4.4% 4.4%
11.9% 11.9%
1.2% 1.2%
4.1% 4.1%
2.4% 2.4%
-1.4% -1.4%
9.7% 9.7%
⬤ Отклонение, %
Интер РАО (для ФСК)
Промышленные потребители
Транспорт
Нефтедобыча
Нефтепереработка
Нефтепроводы
Газопроводы
Сельское хозяйство и пищевая про…
Непромышленные потребители
Государственные (муниципальные)…
Население и приравненные группы…
Территориальные сетевые организ…
Выручка отклонения по ПАО Россети на 2023 год
15.6% 15.6%
3.8% 3.8%
1.2% 1.2%
398.2% 398.2%
26.9% 26.9%
-0.6% -0.6%
26.9% 26.9%
1.5% 1.5%
2.7% 2.7%
2.0% 2.0%
-2.0% -2.0%
7.9% 7.9%
⬤ Отклонение, %
Интер РАО (для ФСК)
Промышленные потребители
Транспорт
Нефтедобыча
Нефтепереработка
Нефтепроводы
Газопроводы
Сельское хозяйство и пищевая про…
Непромышленные потребители
Государственные (муниципальные)…
Население и приравненные группы…
Территориальные сетевые организ…
абс.
%
Прогноз на месяц 
Ноябрь
КПО/Отпуск из сети 
Котловой полезный отпуск, млн. кВт.ч
Организация 
Все
Прогноз электропотребления и выручки за услуги по передаче в разрезе отраслей'

07-03-2025T08:30:34 - [TEST_STEP][PASSED] - println("b5:" + b5): null

07-03-2025T08:30:34 - [TEST_STEP][PASSED] - b5 = b5.replaceAll("[^0-9]", ""): null

07-03-2025T08:30:34 - [TEST_STEP][PASSED] - println("b5:" + b5): null

07-03-2025T08:30:34 - [TEST_STEP][PASSED] - click(findTestObject("Прогноз по отраслям/Фильтр Сравнение с Стресс")): Object: 'Object Repository/Прогноз по отраслям/Фильтр Сравнение с Стресс' is clicked on

07-03-2025T08:30:34 - [MESSAGE][PASSED] - Object: 'Object Repository/Прогноз по отраслям/Фильтр Сравнение с Стресс' is clicked on

07-03-2025T08:30:34 - [TEST_STEP][PASSED] - click(findTestObject("Прогноз по отраслям/План СУ Стресс")): Object: 'Object Repository/Прогноз по отраслям/План СУ Стресс' is clicked on

07-03-2025T08:30:36 - [MESSAGE][PASSED] - Object: 'Object Repository/Прогноз по отраслям/План СУ Стресс' is clicked on

07-03-2025T08:30:36 - [TEST_STEP][PASSED] - delay(40): Delayed 40 second(s)

07-03-2025T08:31:16 - [MESSAGE][PASSED] - Delayed 40 second(s)

07-03-2025T08:31:16 - [TEST_STEP][PASSED] - b6 = getText(findTestObject("Прогноз по отраслям/Виджеты дашборда")): Text of object 'Object Repository/Прогноз по отраслям/Виджеты дашборда' is: 'Год 
2023 год
Сравнение с 
План/СУ
Динамика электропотребления, млрд. кВт.ч., по ПАО Россети на 2023 год
0 0
0 0
0 0
0 0
0 0
0 0
0 0
0 0
0 0
0 0
0 0
0 0
0 0
120 120
39 39
39 39
8 8
8 8
1 1
20 20
78 78
26 26
121 121
60 60
СУ
Ожидаемое (прогноз до конца года)
Интер РАО(для ФСК)
Промышленныепотребители
Транспорт
Нефтедобыча
Нефтеперераб…
Нефтепроводы
Газопроводы
Сельское хозя…
Непромышлен…
Государственн…
Население иприравненныегруппыпотребителей
Территориальн…
Выручка, млрд. руб, по ПАО Россети на 2023 год
6 6
331 331
82 82
77 77
20 20
20 20
3 3
57 57
220 220
68 68
214 214
258 258
Ожидаемое (прогноз до конца года)
Интер РАО(для ФСК)
Промышленныепотребители
Транспорт
Нефтедобыча
Нефтеперераб…
Нефтепроводы
Газопроводы
Сельское хозя…
Непромышлен…
Государственн…
Население иприравненныегруппыпотребителей
Территориальн…
Отклонения по ПАО Россети на 2023 год
⬤ Отклонение, %
Интер РАО (для ФСК)
Промышленные потребители
Транспорт
Нефтедобыча
Нефтепереработка
Нефтепроводы
Газопроводы
Сельское хозяйство и пищевая про…
Непромышленные потребители
Государственные (муниципальные)…
Население и приравненные группы…
Территориальные сетевые организ…
Выручка отклонения по ПАО Россети на 2023 год
⬤ Отклонение, %
Интер РАО (для ФСК)
Промышленные потребители
Транспорт
Нефтедобыча
Нефтепереработка
Нефтепроводы
Газопроводы
Сельское хозяйство и пищевая про…
Непромышленные потребители
Государственные (муниципальные)…
Население и приравненные группы…
Территориальные сетевые организ…
абс.
%
Прогноз на месяц 
Ноябрь
КПО/Отпуск из сети 
Котловой полезный отпуск, млн. кВт.ч
Организация 
Все
Прогноз электропотребления и выручки за услуги по передаче в разрезе отраслей'

07-03-2025T08:31:16 - [MESSAGE][PASSED] - Text of object 'Object Repository/Прогноз по отраслям/Виджеты дашборда' is: 'Год 
2023 год
Сравнение с 
План/СУ
Динамика электропотребления, млрд. кВт.ч., по ПАО Россети на 2023 год
0 0
0 0
0 0
0 0
0 0
0 0
0 0
0 0
0 0
0 0
0 0
0 0
0 0
120 120
39 39
39 39
8 8
8 8
1 1
20 20
78 78
26 26
121 121
60 60
СУ
Ожидаемое (прогноз до конца года)
Интер РАО(для ФСК)
Промышленныепотребители
Транспорт
Нефтедобыча
Нефтеперераб…
Нефтепроводы
Газопроводы
Сельское хозя…
Непромышлен…
Государственн…
Население иприравненныегруппыпотребителей
Территориальн…
Выручка, млрд. руб, по ПАО Россети на 2023 год
6 6
331 331
82 82
77 77
20 20
20 20
3 3
57 57
220 220
68 68
214 214
258 258
Ожидаемое (прогноз до конца года)
Интер РАО(для ФСК)
Промышленныепотребители
Транспорт
Нефтедобыча
Нефтеперераб…
Нефтепроводы
Газопроводы
Сельское хозя…
Непромышлен…
Государственн…
Население иприравненныегруппыпотребителей
Территориальн…
Отклонения по ПАО Россети на 2023 год
⬤ Отклонение, %
Интер РАО (для ФСК)
Промышленные потребители
Транспорт
Нефтедобыча
Нефтепереработка
Нефтепроводы
Газопроводы
Сельское хозяйство и пищевая про…
Непромышленные потребители
Государственные (муниципальные)…
Население и приравненные группы…
Территориальные сетевые организ…
Выручка отклонения по ПАО Россети на 2023 год
⬤ Отклонение, %
Интер РАО (для ФСК)
Промышленные потребители
Транспорт
Нефтедобыча
Нефтепереработка
Нефтепроводы
Газопроводы
Сельское хозяйство и пищевая про…
Непромышленные потребители
Государственные (муниципальные)…
Население и приравненные группы…
Территориальные сетевые организ…
абс.
%
Прогноз на месяц 
Ноябрь
КПО/Отпуск из сети 
Котловой полезный отпуск, млн. кВт.ч
Организация 
Все
Прогноз электропотребления и выручки за услуги по передаче в разрезе отраслей'

07-03-2025T08:31:16 - [TEST_STEP][PASSED] - b6 = b6.replaceAll("[^0-9]", ""): null

07-03-2025T08:31:16 - [TEST_STEP][PASSED] - println("b6:" + b6): null

07-03-2025T08:31:16 - [TEST_STEP][PASSED] - click(findTestObject("Прогноз по отраслям/Переключить отображение с процентов на абс Стресс-сценарий")): Object: 'Object Repository/Прогноз по отраслям/Переключить отображение с процентов на абс Стресс-сценарий' is clicked on

07-03-2025T08:31:17 - [MESSAGE][PASSED] - Object: 'Object Repository/Прогноз по отраслям/Переключить отображение с процентов на абс Стресс-сценарий' is clicked on

07-03-2025T08:31:17 - [TEST_STEP][PASSED] - click(findTestObject("Прогноз по отраслям/Фильтр Сравнение с Стресс")): Object: 'Object Repository/Прогноз по отраслям/Фильтр Сравнение с Стресс' is clicked on

07-03-2025T08:31:17 - [MESSAGE][PASSED] - Object: 'Object Repository/Прогноз по отраслям/Фильтр Сравнение с Стресс' is clicked on

07-03-2025T08:31:17 - [TEST_STEP][PASSED] - click(findTestObject("Прогноз по отраслям/Факт прошлого года Стресс")): Object: 'Object Repository/Прогноз по отраслям/Факт прошлого года Стресс' is clicked on

07-03-2025T08:31:18 - [MESSAGE][PASSED] - Object: 'Object Repository/Прогноз по отраслям/Факт прошлого года Стресс' is clicked on

07-03-2025T08:31:18 - [TEST_STEP][PASSED] - click(findTestObject("Прогноз по отраслям/Фильтр КПО-Отпуск Стресс")): Object: 'Object Repository/Прогноз по отраслям/Фильтр КПО-Отпуск Стресс' is clicked on

07-03-2025T08:31:20 - [MESSAGE][PASSED] - Object: 'Object Repository/Прогноз по отраслям/Фильтр КПО-Отпуск Стресс' is clicked on

07-03-2025T08:31:20 - [TEST_STEP][PASSED] - click(findTestObject("Прогноз по отраслям/Отпуск Стресс")): Object: 'Object Repository/Прогноз по отраслям/Отпуск Стресс' is clicked on

07-03-2025T08:31:21 - [MESSAGE][PASSED] - Object: 'Object Repository/Прогноз по отраслям/Отпуск Стресс' is clicked on

07-03-2025T08:31:21 - [TEST_STEP][PASSED] - delay(40): Delayed 40 second(s)

07-03-2025T08:32:01 - [MESSAGE][PASSED] - Delayed 40 second(s)

07-03-2025T08:32:01 - [TEST_STEP][PASSED] - b7 = getText(findTestObject("Прогноз по отраслям/Виджеты дашборда")): Text of object 'Object Repository/Прогноз по отраслям/Виджеты дашборда' is: 'Год 
2023 год
Сравнение с 
Факт прошлого года
Отклонения по ПАО Россети на 2023 год
-2 263.5 -2 263.5
11 054.6 11 054.6
1 280.2 1 280.2
-1 947.5 -1 947.5
90.9 90.9
-3 845.0 -3 845.0
4 162.1 4 162.1
651.7 651.7
-4 727.7 -4 727.7
256.5 256.5
-723.9 -723.9
4 292.3 4 292.3
⬤ Отклонение, млн. кВт.ч
Интер РАО (для ФСК)
Промышленные потребители
Транспорт
Нефтедобыча
Нефтепереработка
Нефтепроводы
Газопроводы
Сельское хозяйство и пищевая про…
Непромышленные потребители
Государственные (муниципальные…
Население и приравненные группы…
Территориальные сетевые организ…
Выручка отклонения по ПАО Россети на 2023 год
421.3 421.3
45 574.9 45 574.9
9 547.5 9 547.5
4 889.3 4 889.3
2 337.4 2 337.4
-1 682.6 -1 682.6
2 919.4 2 919.4
7 110.2 7 110.2
19 840.8 19 840.8
7 289.5 7 289.5
23 664.8 23 664.8
31 028.3 31 028.3
⬤ Отклонение, млн. руб
Интер РАО (для ФСК)
Промышленные потребители
Транспорт
Нефтедобыча
Нефтепереработка
Нефтепроводы
Газопроводы
Сельское хозяйство и пищевая про…
Непромышленные потребители
Государственные (муниципальные…
Население и приравненные группы…
Территориальные сетевые организ…
Динамика электропотребления, млрд. кВт.ч., по ПАО Россети на 2023 год
12 12
186 186
36 36
50 50
10 10
19 19
0 0
17 17
85 85
19 19
82 82
604 604
10 10
197 197
37 37
48 48
10 10
15 15
4 4
18 18
80 80
19 19
82 82
608 608
Факт прошлого года
Ожидаемое (прогноз до конца года)
Интер РАО(для ФСК)
Промышленныепотребители
Транспорт
Нефтедобыча
Нефтеперераб…
Нефтепроводы
Газопроводы
Сельское хозя…
Непромышлен…
Государственн…
Население иприравненныегруппыпотребителей
Территориальн…
Выручка, млрд. руб, по ПАО Россети на 2023 год
5 5
285 285
72 72
72 72
18 18
22 22
0 0
50 50
201 201
61 61
190 190
227 227
6 6
331 331
82 82
77 77
20 20
20 20
3 3
57 57
220 220
68 68
214 214
258 258
Факт прошлого года
Ожидаемое (прогноз до конца года)
Интер РАО(для ФСК)
Промышленныепотребители
Транспорт
Нефтедобыча
Нефтеперераб…
Нефтепроводы
Газопроводы
Сельское хозя…
Непромышлен…
Государственн…
Население иприравненныегруппыпотребителей
Территориальн…
абс.
%
Прогноз на месяц 
Ноябрь
КПО/Отпуск из сети 
Отпуск из сети, млн. кВт.ч
Организация 
Все
Прогноз электропотребления и выручки за услуги по передаче в разрезе отраслей'

07-03-2025T08:32:02 - [MESSAGE][PASSED] - Text of object 'Object Repository/Прогноз по отраслям/Виджеты дашборда' is: 'Год 
2023 год
Сравнение с 
Факт прошлого года
Отклонения по ПАО Россети на 2023 год
-2 263.5 -2 263.5
11 054.6 11 054.6
1 280.2 1 280.2
-1 947.5 -1 947.5
90.9 90.9
-3 845.0 -3 845.0
4 162.1 4 162.1
651.7 651.7
-4 727.7 -4 727.7
256.5 256.5
-723.9 -723.9
4 292.3 4 292.3
⬤ Отклонение, млн. кВт.ч
Интер РАО (для ФСК)
Промышленные потребители
Транспорт
Нефтедобыча
Нефтепереработка
Нефтепроводы
Газопроводы
Сельское хозяйство и пищевая про…
Непромышленные потребители
Государственные (муниципальные…
Население и приравненные группы…
Территориальные сетевые организ…
Выручка отклонения по ПАО Россети на 2023 год
421.3 421.3
45 574.9 45 574.9
9 547.5 9 547.5
4 889.3 4 889.3
2 337.4 2 337.4
-1 682.6 -1 682.6
2 919.4 2 919.4
7 110.2 7 110.2
19 840.8 19 840.8
7 289.5 7 289.5
23 664.8 23 664.8
31 028.3 31 028.3
⬤ Отклонение, млн. руб
Интер РАО (для ФСК)
Промышленные потребители
Транспорт
Нефтедобыча
Нефтепереработка
Нефтепроводы
Газопроводы
Сельское хозяйство и пищевая про…
Непромышленные потребители
Государственные (муниципальные…
Население и приравненные группы…
Территориальные сетевые организ…
Динамика электропотребления, млрд. кВт.ч., по ПАО Россети на 2023 год
12 12
186 186
36 36
50 50
10 10
19 19
0 0
17 17
85 85
19 19
82 82
604 604
10 10
197 197
37 37
48 48
10 10
15 15
4 4
18 18
80 80
19 19
82 82
608 608
Факт прошлого года
Ожидаемое (прогноз до конца года)
Интер РАО(для ФСК)
Промышленныепотребители
Транспорт
Нефтедобыча
Нефтеперераб…
Нефтепроводы
Газопроводы
Сельское хозя…
Непромышлен…
Государственн…
Население иприравненныегруппыпотребителей
Территориальн…
Выручка, млрд. руб, по ПАО Россети на 2023 год
5 5
285 285
72 72
72 72
18 18
22 22
0 0
50 50
201 201
61 61
190 190
227 227
6 6
331 331
82 82
77 77
20 20
20 20
3 3
57 57
220 220
68 68
214 214
258 258
Факт прошлого года
Ожидаемое (прогноз до конца года)
Интер РАО(для ФСК)
Промышленныепотребители
Транспорт
Нефтедобыча
Нефтеперераб…
Нефтепроводы
Газопроводы
Сельское хозя…
Непромышлен…
Государственн…
Население иприравненныегруппыпотребителей
Территориальн…
абс.
%
Прогноз на месяц 
Ноябрь
КПО/Отпуск из сети 
Отпуск из сети, млн. кВт.ч
Организация 
Все
Прогноз электропотребления и выручки за услуги по передаче в разрезе отраслей'

07-03-2025T08:32:02 - [TEST_STEP][PASSED] - b7 = b7.replaceAll("[^0-9]", ""): null

07-03-2025T08:32:02 - [TEST_STEP][PASSED] - println("b7:" + b7): null

07-03-2025T08:32:02 - [TEST_STEP][PASSED] - click(findTestObject("Прогноз по отраслям/Фильтр Сравнение с Стресс")): Object: 'Object Repository/Прогноз по отраслям/Фильтр Сравнение с Стресс' is clicked on

07-03-2025T08:32:02 - [MESSAGE][PASSED] - Object: 'Object Repository/Прогноз по отраслям/Фильтр Сравнение с Стресс' is clicked on

07-03-2025T08:32:02 - [TEST_STEP][PASSED] - click(findTestObject("Прогноз по отраслям/План Стресс")): Object: 'Object Repository/Прогноз по отраслям/План Стресс' is clicked on

07-03-2025T08:32:03 - [MESSAGE][PASSED] - Object: 'Object Repository/Прогноз по отраслям/План Стресс' is clicked on

07-03-2025T08:32:03 - [TEST_STEP][PASSED] - delay(40): Delayed 40 second(s)

07-03-2025T08:32:43 - [MESSAGE][PASSED] - Delayed 40 second(s)

07-03-2025T08:32:43 - [TEST_STEP][PASSED] - b8 = getText(findTestObject("Прогноз по отраслям/Виджеты дашборда")): Text of object 'Object Repository/Прогноз по отраслям/Виджеты дашборда' is: 'Год 
2023 год
Сравнение с 
План
Отклонения по ПАО Россети на 2023 год
-492.2 -492.2
7 165.1 7 165.1
689.3 689.3
33 271.7 33 271.7
986.4 986.4
593.8 593.8
764.0 764.0
670.4 670.4
-592.4 -592.4
308.8 308.8
-940.9 -940.9
19 604.1 19 604.1
⬤ Отклонение, млн. кВт.ч
Интер РАО (для ФСК)
Промышленные потребители
Транспорт
Нефтедобыча
Нефтепереработка
Нефтепроводы
Газопроводы
Сельское хозяйство и пищевая про…
Непромышленные потребители
Государственные (муниципальные…
Население и приравненные группы…
Территориальные сетевые организ…
Выручка отклонения по ПАО Россети на 2023 год
794.9 794.9
12 195.0 12 195.0
972.7 972.7
61 803.9 61 803.9
4 222.3 4 222.3
-121.8 -121.8
666.2 666.2
873.2 873.2
5 809.6 5 809.6
1 342.6 1 342.6
-4 463.2 -4 463.2
18 375.5 18 375.5
⬤ Отклонение, млн. руб
Интер РАО (для ФСК)
Промышленные потребители
Транспорт
Нефтедобыча
Нефтепереработка
Нефтепроводы
Газопроводы
Сельское хозяйство и пищевая про…
Непромышленные потребители
Государственные (муниципальные…
Население и приравненные группы…
Территориальные сетевые организ…
Динамика электропотребления, млрд. кВт.ч., по ПАО Россети на 2023 год
10 10
190 190
36 36
14 14
9 9
14 14
4 4
17 17
80 80
19 19
82 82
588 588
10 10
197 197
37 37
48 48
10 10
15 15
4 4
18 18
80 80
19 19
82 82
608 608
План
Ожидаемое (прогноз до конца года)
Интер РАО(для ФСК)
Промышленныепотребители
Транспорт
Нефтедобыча
Нефтеперераб…
Нефтепроводы
Газопроводы
Сельское хозя…
Непромышлен…
Государственн…
Население иприравненныегруппыпотребителей
Территориальн…
Выручка, млрд. руб, по ПАО Россети на 2023 год
5 5
319 319
81 81
16 16
16 16
20 20
2 2
56 56
215 215
67 67
218 218
239 239
6 6
331 331
82 82
77 77
20 20
20 20
3 3
57 57
220 220
68 68
214 214
258 258
План
Ожидаемое (прогноз до конца года)
Интер РАО(для ФСК)
Промышленныепотребители
Транспорт
Нефтедобыча
Нефтеперераб…
Нефтепроводы
Газопроводы
Сельское хозя…
Непромышлен…
Государственн…
Население иприравненныегруппыпотребителей
Территориальн…
абс.
%
Прогноз на месяц 
Ноябрь
КПО/Отпуск из сети 
Отпуск из сети, млн. кВт.ч
Организация 
Все
Прогноз электропотребления и выручки за услуги по передаче в разрезе отраслей'

07-03-2025T08:32:44 - [MESSAGE][PASSED] - Text of object 'Object Repository/Прогноз по отраслям/Виджеты дашборда' is: 'Год 
2023 год
Сравнение с 
План
Отклонения по ПАО Россети на 2023 год
-492.2 -492.2
7 165.1 7 165.1
689.3 689.3
33 271.7 33 271.7
986.4 986.4
593.8 593.8
764.0 764.0
670.4 670.4
-592.4 -592.4
308.8 308.8
-940.9 -940.9
19 604.1 19 604.1
⬤ Отклонение, млн. кВт.ч
Интер РАО (для ФСК)
Промышленные потребители
Транспорт
Нефтедобыча
Нефтепереработка
Нефтепроводы
Газопроводы
Сельское хозяйство и пищевая про…
Непромышленные потребители
Государственные (муниципальные…
Население и приравненные группы…
Территориальные сетевые организ…
Выручка отклонения по ПАО Россети на 2023 год
794.9 794.9
12 195.0 12 195.0
972.7 972.7
61 803.9 61 803.9
4 222.3 4 222.3
-121.8 -121.8
666.2 666.2
873.2 873.2
5 809.6 5 809.6
1 342.6 1 342.6
-4 463.2 -4 463.2
18 375.5 18 375.5
⬤ Отклонение, млн. руб
Интер РАО (для ФСК)
Промышленные потребители
Транспорт
Нефтедобыча
Нефтепереработка
Нефтепроводы
Газопроводы
Сельское хозяйство и пищевая про…
Непромышленные потребители
Государственные (муниципальные…
Население и приравненные группы…
Территориальные сетевые организ…
Динамика электропотребления, млрд. кВт.ч., по ПАО Россети на 2023 год
10 10
190 190
36 36
14 14
9 9
14 14
4 4
17 17
80 80
19 19
82 82
588 588
10 10
197 197
37 37
48 48
10 10
15 15
4 4
18 18
80 80
19 19
82 82
608 608
План
Ожидаемое (прогноз до конца года)
Интер РАО(для ФСК)
Промышленныепотребители
Транспорт
Нефтедобыча
Нефтеперераб…
Нефтепроводы
Газопроводы
Сельское хозя…
Непромышлен…
Государственн…
Население иприравненныегруппыпотребителей
Территориальн…
Выручка, млрд. руб, по ПАО Россети на 2023 год
5 5
319 319
81 81
16 16
16 16
20 20
2 2
56 56
215 215
67 67
218 218
239 239
6 6
331 331
82 82
77 77
20 20
20 20
3 3
57 57
220 220
68 68
214 214
258 258
План
Ожидаемое (прогноз до конца года)
Интер РАО(для ФСК)
Промышленныепотребители
Транспорт
Нефтедобыча
Нефтеперераб…
Нефтепроводы
Газопроводы
Сельское хозя…
Непромышлен…
Государственн…
Население иприравненныегруппыпотребителей
Территориальн…
абс.
%
Прогноз на месяц 
Ноябрь
КПО/Отпуск из сети 
Отпуск из сети, млн. кВт.ч
Организация 
Все
Прогноз электропотребления и выручки за услуги по передаче в разрезе отраслей'

07-03-2025T08:32:44 - [TEST_STEP][PASSED] - b8 = b8.replaceAll("[^0-9]", ""): null

07-03-2025T08:32:44 - [TEST_STEP][PASSED] - println("b8:" + b8): null

07-03-2025T08:32:44 - [TEST_STEP][PASSED] - click(findTestObject("Прогноз по отраслям/Фильтр Сравнение с Стресс")): Object: 'Object Repository/Прогноз по отраслям/Фильтр Сравнение с Стресс' is clicked on

07-03-2025T08:32:44 - [MESSAGE][PASSED] - Object: 'Object Repository/Прогноз по отраслям/Фильтр Сравнение с Стресс' is clicked on

07-03-2025T08:32:44 - [TEST_STEP][PASSED] - click(findTestObject("Прогноз по отраслям/План СУ Стресс")): Object: 'Object Repository/Прогноз по отраслям/План СУ Стресс' is clicked on

07-03-2025T08:32:46 - [MESSAGE][PASSED] - Object: 'Object Repository/Прогноз по отраслям/План СУ Стресс' is clicked on

07-03-2025T08:32:46 - [TEST_STEP][PASSED] - delay(40): Delayed 40 second(s)

07-03-2025T08:33:26 - [MESSAGE][PASSED] - Delayed 40 second(s)

07-03-2025T08:33:26 - [TEST_STEP][PASSED] - b9 = getText(findTestObject("Прогноз по отраслям/Виджеты дашборда")): Text of object 'Object Repository/Прогноз по отраслям/Виджеты дашборда' is: 'Год 
2023 год
Сравнение с 
План/СУ
Отклонения по ПАО Россети на 2023 год
243.5 243.5
16 024.4 16 024.4
1 255.1 1 255.1
32 869.9 32 869.9
1 135.7 1 135.7
950.0 950.0
511.1 511.1
1 324.2 1 324.2
-5 962.8 -5 962.8
433.5 433.5
2 431.5 2 431.5
22 321.4 22 321.4
⬤ Отклонение, млн. кВт.ч
Интер РАО (для ФСК)
Промышленные потребители
Транспорт
Нефтедобыча
Нефтепереработка
Нефтепроводы
Газопроводы
Сельское хозяйство и пищевая про…
Непромышленные потребители
Государственные (муниципальные…
Население и приравненные группы…
Территориальные сетевые организ…
Выручка отклонения по ПАО Россети на 2023 год
⬤ Отклонение, млн. руб
Интер РАО (для ФСК)
Промышленные потребители
Транспорт
Нефтедобыча
Нефтепереработка
Нефтепроводы
Газопроводы
Сельское хозяйство и пищевая про…
Непромышленные потребители
Государственные (муниципальные…
Население и приравненные группы…
Территориальные сетевые организ…
Динамика электропотребления, млрд. кВт.ч., по ПАО Россети на 2023 год
10 10
181 181
36 36
15 15
9 9
14 14
4 4
16 16
86 86
19 19
79 79
586 586
10 10
197 197
37 37
48 48
10 10
15 15
4 4
18 18
80 80
19 19
82 82
608 608
СУ
Ожидаемое (прогноз до конца года)
Интер РАО(для ФСК)
Промышленныепотребители
Транспорт
Нефтедобыча
Нефтеперераб…
Нефтепроводы
Газопроводы
Сельское хозя…
Непромышлен…
Государственн…
Население иприравненныегруппыпотребителей
Территориальн…
Выручка, млрд. руб, по ПАО Россети на 2023 год
6 6
331 331
82 82
77 77
20 20
20 20
3 3
57 57
220 220
68 68
214 214
258 258
Ожидаемое (прогноз до конца года)
Интер РАО(для ФСК)
Промышленныепотребители
Транспорт
Нефтедобыча
Нефтеперераб…
Нефтепроводы
Газопроводы
Сельское хозя…
Непромышлен…
Государственн…
Население иприравненныегруппыпотребителей
Территориальн…
абс.
%
Прогноз на месяц 
Ноябрь
КПО/Отпуск из сети 
Отпуск из сети, млн. кВт.ч
Организация 
Все
Прогноз электропотребления и выручки за услуги по передаче в разрезе отраслей'

07-03-2025T08:33:26 - [MESSAGE][PASSED] - Text of object 'Object Repository/Прогноз по отраслям/Виджеты дашборда' is: 'Год 
2023 год
Сравнение с 
План/СУ
Отклонения по ПАО Россети на 2023 год
243.5 243.5
16 024.4 16 024.4
1 255.1 1 255.1
32 869.9 32 869.9
1 135.7 1 135.7
950.0 950.0
511.1 511.1
1 324.2 1 324.2
-5 962.8 -5 962.8
433.5 433.5
2 431.5 2 431.5
22 321.4 22 321.4
⬤ Отклонение, млн. кВт.ч
Интер РАО (для ФСК)
Промышленные потребители
Транспорт
Нефтедобыча
Нефтепереработка
Нефтепроводы
Газопроводы
Сельское хозяйство и пищевая про…
Непромышленные потребители
Государственные (муниципальные…
Население и приравненные группы…
Территориальные сетевые организ…
Выручка отклонения по ПАО Россети на 2023 год
⬤ Отклонение, млн. руб
Интер РАО (для ФСК)
Промышленные потребители
Транспорт
Нефтедобыча
Нефтепереработка
Нефтепроводы
Газопроводы
Сельское хозяйство и пищевая про…
Непромышленные потребители
Государственные (муниципальные…
Население и приравненные группы…
Территориальные сетевые организ…
Динамика электропотребления, млрд. кВт.ч., по ПАО Россети на 2023 год
10 10
181 181
36 36
15 15
9 9
14 14
4 4
16 16
86 86
19 19
79 79
586 586
10 10
197 197
37 37
48 48
10 10
15 15
4 4
18 18
80 80
19 19
82 82
608 608
СУ
Ожидаемое (прогноз до конца года)
Интер РАО(для ФСК)
Промышленныепотребители
Транспорт
Нефтедобыча
Нефтеперераб…
Нефтепроводы
Газопроводы
Сельское хозя…
Непромышлен…
Государственн…
Население иприравненныегруппыпотребителей
Территориальн…
Выручка, млрд. руб, по ПАО Россети на 2023 год
6 6
331 331
82 82
77 77
20 20
20 20
3 3
57 57
220 220
68 68
214 214
258 258
Ожидаемое (прогноз до конца года)
Интер РАО(для ФСК)
Промышленныепотребители
Транспорт
Нефтедобыча
Нефтеперераб…
Нефтепроводы
Газопроводы
Сельское хозя…
Непромышлен…
Государственн…
Население иприравненныегруппыпотребителей
Территориальн…
абс.
%
Прогноз на месяц 
Ноябрь
КПО/Отпуск из сети 
Отпуск из сети, млн. кВт.ч
Организация 
Все
Прогноз электропотребления и выручки за услуги по передаче в разрезе отраслей'

07-03-2025T08:33:26 - [TEST_STEP][PASSED] - b9 = b9.replaceAll("[^0-9]", ""): null

07-03-2025T08:33:26 - [TEST_STEP][PASSED] - println("b9:" + b9): null

07-03-2025T08:33:26 - [TEST_STEP][PASSED] - click(findTestObject("Прогноз по отраслям/Фильтр Сравнение с Стресс")): Object: 'Object Repository/Прогноз по отраслям/Фильтр Сравнение с Стресс' is clicked on

07-03-2025T08:33:26 - [MESSAGE][PASSED] - Object: 'Object Repository/Прогноз по отраслям/Фильтр Сравнение с Стресс' is clicked on

07-03-2025T08:33:26 - [TEST_STEP][PASSED] - click(findTestObject("Прогноз по отраслям/Факт прошлого года Стресс")): Object: 'Object Repository/Прогноз по отраслям/Факт прошлого года Стресс' is clicked on

07-03-2025T08:33:28 - [MESSAGE][PASSED] - Object: 'Object Repository/Прогноз по отраслям/Факт прошлого года Стресс' is clicked on

07-03-2025T08:33:28 - [TEST_STEP][PASSED] - click(findTestObject("Прогноз по отраслям/Фильтр КПО-Отпуск Стресс")): Object: 'Object Repository/Прогноз по отраслям/Фильтр КПО-Отпуск Стресс' is clicked on

07-03-2025T08:33:30 - [MESSAGE][PASSED] - Object: 'Object Repository/Прогноз по отраслям/Фильтр КПО-Отпуск Стресс' is clicked on

07-03-2025T08:33:30 - [TEST_STEP][PASSED] - click(findTestObject("Прогноз по отраслям/КПО Стресс")): Object: 'Object Repository/Прогноз по отраслям/КПО Стресс' is clicked on

07-03-2025T08:33:31 - [MESSAGE][PASSED] - Object: 'Object Repository/Прогноз по отраслям/КПО Стресс' is clicked on

07-03-2025T08:33:31 - [TEST_STEP][PASSED] - delay(40): Delayed 40 second(s)

07-03-2025T08:34:11 - [MESSAGE][PASSED] - Delayed 40 second(s)

07-03-2025T08:34:11 - [TEST_STEP][PASSED] - b10 = getText(findTestObject("Прогноз по отраслям/Виджеты дашборда")): Text of object 'Object Repository/Прогноз по отраслям/Виджеты дашборда' is: 'Год 
2023 год
Сравнение с 
Факт прошлого года
Отклонения по ПАО Россети на 2023 год
0.0 0.0
646.5 646.5
341.1 341.1
-2 455.6 -2 455.6
245.6 245.6
-1 796.0 -1 796.0
676.2 676.2
452.4 452.4
1 386.2 1 386.2
527.5 527.5
-1 130.4 -1 130.4
-128.7 -128.7
⬤ Отклонение, млн. кВт.ч
Интер РАО (для ФСК)
Промышленные потребители
Транспорт
Нефтедобыча
Нефтепереработка
Нефтепроводы
Газопроводы
Сельское хозяйство и пищевая про…
Непромышленные потребители
Государственные (муниципальные…
Население и приравненные группы…
Территориальные сетевые организ…
Выручка отклонения по ПАО Россети на 2023 год
421.3 421.3
45 574.9 45 574.9
9 547.5 9 547.5
4 889.3 4 889.3
2 337.4 2 337.4
-1 682.6 -1 682.6
2 919.4 2 919.4
7 110.2 7 110.2
19 840.8 19 840.8
7 289.5 7 289.5
23 664.8 23 664.8
31 028.3 31 028.3
⬤ Отклонение, млн. руб
Интер РАО (для ФСК)
Промышленные потребители
Транспорт
Нефтедобыча
Нефтепереработка
Нефтепроводы
Газопроводы
Сельское хозяйство и пищевая про…
Непромышленные потребители
Государственные (муниципальные…
Население и приравненные группы…
Территориальные сетевые организ…
Динамика электропотребления, млрд. кВт.ч., по ПАО Россети на 2023 год
0 0
120 120
38 38
41 41
8 8
10 10
0 0
19 19
77 77
25 25
122 122
61 61
0 0
120 120
39 39
39 39
8 8
8 8
1 1
20 20
78 78
26 26
121 121
60 60
Факт прошлого года
Ожидаемое (прогноз до конца года)
Интер РАО(для ФСК)
Промышленныепотребители
Транспорт
Нефтедобыча
Нефтеперераб…
Нефтепроводы
Газопроводы
Сельское хозя…
Непромышлен…
Государственн…
Население иприравненныегруппыпотребителей
Территориальн…
Выручка, млрд. руб, по ПАО Россети на 2023 год
5 5
285 285
72 72
72 72
18 18
22 22
0 0
50 50
201 201
61 61
190 190
227 227
6 6
331 331
82 82
77 77
20 20
20 20
3 3
57 57
220 220
68 68
214 214
258 258
Факт прошлого года
Ожидаемое (прогноз до конца года)
Интер РАО(для ФСК)
Промышленныепотребители
Транспорт
Нефтедобыча
Нефтеперераб…
Нефтепроводы
Газопроводы
Сельское хозя…
Непромышлен…
Государственн…
Население иприравненныегруппыпотребителей
Территориальн…
абс.
%
Прогноз на месяц 
Ноябрь
КПО/Отпуск из сети 
Котловой полезный отпуск, млн. кВт.ч
Организация 
Все
Прогноз электропотребления и выручки за услуги по передаче в разрезе отраслей'

07-03-2025T08:34:11 - [MESSAGE][PASSED] - Text of object 'Object Repository/Прогноз по отраслям/Виджеты дашборда' is: 'Год 
2023 год
Сравнение с 
Факт прошлого года
Отклонения по ПАО Россети на 2023 год
0.0 0.0
646.5 646.5
341.1 341.1
-2 455.6 -2 455.6
245.6 245.6
-1 796.0 -1 796.0
676.2 676.2
452.4 452.4
1 386.2 1 386.2
527.5 527.5
-1 130.4 -1 130.4
-128.7 -128.7
⬤ Отклонение, млн. кВт.ч
Интер РАО (для ФСК)
Промышленные потребители
Транспорт
Нефтедобыча
Нефтепереработка
Нефтепроводы
Газопроводы
Сельское хозяйство и пищевая про…
Непромышленные потребители
Государственные (муниципальные…
Население и приравненные группы…
Территориальные сетевые организ…
Выручка отклонения по ПАО Россети на 2023 год
421.3 421.3
45 574.9 45 574.9
9 547.5 9 547.5
4 889.3 4 889.3
2 337.4 2 337.4
-1 682.6 -1 682.6
2 919.4 2 919.4
7 110.2 7 110.2
19 840.8 19 840.8
7 289.5 7 289.5
23 664.8 23 664.8
31 028.3 31 028.3
⬤ Отклонение, млн. руб
Интер РАО (для ФСК)
Промышленные потребители
Транспорт
Нефтедобыча
Нефтепереработка
Нефтепроводы
Газопроводы
Сельское хозяйство и пищевая про…
Непромышленные потребители
Государственные (муниципальные…
Население и приравненные группы…
Территориальные сетевые организ…
Динамика электропотребления, млрд. кВт.ч., по ПАО Россети на 2023 год
0 0
120 120
38 38
41 41
8 8
10 10
0 0
19 19
77 77
25 25
122 122
61 61
0 0
120 120
39 39
39 39
8 8
8 8
1 1
20 20
78 78
26 26
121 121
60 60
Факт прошлого года
Ожидаемое (прогноз до конца года)
Интер РАО(для ФСК)
Промышленныепотребители
Транспорт
Нефтедобыча
Нефтеперераб…
Нефтепроводы
Газопроводы
Сельское хозя…
Непромышлен…
Государственн…
Население иприравненныегруппыпотребителей
Территориальн…
Выручка, млрд. руб, по ПАО Россети на 2023 год
5 5
285 285
72 72
72 72
18 18
22 22
0 0
50 50
201 201
61 61
190 190
227 227
6 6
331 331
82 82
77 77
20 20
20 20
3 3
57 57
220 220
68 68
214 214
258 258
Факт прошлого года
Ожидаемое (прогноз до конца года)
Интер РАО(для ФСК)
Промышленныепотребители
Транспорт
Нефтедобыча
Нефтеперераб…
Нефтепроводы
Газопроводы
Сельское хозя…
Непромышлен…
Государственн…
Население иприравненныегруппыпотребителей
Территориальн…
абс.
%
Прогноз на месяц 
Ноябрь
КПО/Отпуск из сети 
Котловой полезный отпуск, млн. кВт.ч
Организация 
Все
Прогноз электропотребления и выручки за услуги по передаче в разрезе отраслей'

07-03-2025T08:34:11 - [TEST_STEP][PASSED] - b10 = b10.replaceAll("[^0-9]", ""): null

07-03-2025T08:34:11 - [TEST_STEP][PASSED] - println("b10:" + b10): null

07-03-2025T08:34:11 - [TEST_STEP][PASSED] - click(findTestObject("Прогноз по отраслям/Фильтр Сравнение с Стресс")): Object: 'Object Repository/Прогноз по отраслям/Фильтр Сравнение с Стресс' is clicked on

07-03-2025T08:34:12 - [MESSAGE][PASSED] - Object: 'Object Repository/Прогноз по отраслям/Фильтр Сравнение с Стресс' is clicked on

07-03-2025T08:34:12 - [TEST_STEP][PASSED] - click(findTestObject("Прогноз по отраслям/План Стресс")): Object: 'Object Repository/Прогноз по отраслям/План Стресс' is clicked on

07-03-2025T08:34:13 - [MESSAGE][PASSED] - Object: 'Object Repository/Прогноз по отраслям/План Стресс' is clicked on

07-03-2025T08:34:13 - [TEST_STEP][PASSED] - delay(40): Delayed 40 second(s)

07-03-2025T08:34:53 - [MESSAGE][PASSED] - Delayed 40 second(s)

07-03-2025T08:34:53 - [TEST_STEP][PASSED] - b11 = getText(findTestObject("Прогноз по отраслям/Виджеты дашборда")): Text of object 'Object Repository/Прогноз по отраслям/Виджеты дашборда' is: 'Год 
2023 год
Сравнение с 
План
Отклонения по ПАО Россети на 2023 год
0.0 0.0
1 471.7 1 471.7
1 186.5 1 186.5
32 445.2 32 445.2
1 268.3 1 268.3
349.4 349.4
84.3 84.3
239.8 239.8
2 969.4 2 969.4
589.2 589.2
-1 798.4 -1 798.4
5 359.3 5 359.3
⬤ Отклонение, млн. кВт.ч
Интер РАО (для ФСК)
Промышленные потребители
Транспорт
Нефтедобыча
Нефтепереработка
Нефтепроводы
Газопроводы
Сельское хозяйство и пищевая про…
Непромышленные потребители
Государственные (муниципальные…
Население и приравненные группы…
Территориальные сетевые организ…
Выручка отклонения по ПАО Россети на 2023 год
794.9 794.9
12 195.0 12 195.0
972.7 972.7
61 803.9 61 803.9
4 222.3 4 222.3
-121.8 -121.8
666.2 666.2
873.2 873.2
5 809.6 5 809.6
1 342.6 1 342.6
-4 463.2 -4 463.2
18 375.5 18 375.5
⬤ Отклонение, млн. руб
Интер РАО (для ФСК)
Промышленные потребители
Транспорт
Нефтедобыча
Нефтепереработка
Нефтепроводы
Газопроводы
Сельское хозяйство и пищевая про…
Непромышленные потребители
Государственные (муниципальные…
Население и приравненные группы…
Территориальные сетевые организ…
Динамика электропотребления, млрд. кВт.ч., по ПАО Россети на 2023 год
0 0
119 119
37 37
7 7
7 7
8 8
1 1
19 19
75 75
25 25
123 123
55 55
0 0
120 120
39 39
39 39
8 8
8 8
1 1
20 20
78 78
26 26
121 121
60 60
План
Ожидаемое (прогноз до конца года)
Интер РАО(для ФСК)
Промышленныепотребители
Транспорт
Нефтедобыча
Нефтеперераб…
Нефтепроводы
Газопроводы
Сельское хозя…
Непромышлен…
Государственн…
Население иприравненныегруппыпотребителей
Территориальн…
Выручка, млрд. руб, по ПАО Россети на 2023 год
5 5
319 319
81 81
16 16
16 16
20 20
2 2
56 56
215 215
67 67
218 218
239 239
6 6
331 331
82 82
77 77
20 20
20 20
3 3
57 57
220 220
68 68
214 214
258 258
План
Ожидаемое (прогноз до конца года)
Интер РАО(для ФСК)
Промышленныепотребители
Транспорт
Нефтедобыча
Нефтеперераб…
Нефтепроводы
Газопроводы
Сельское хозя…
Непромышлен…
Государственн…
Население иприравненныегруппыпотребителей
Территориальн…
абс.
%
Прогноз на месяц 
Ноябрь
КПО/Отпуск из сети 
Котловой полезный отпуск, млн. кВт.ч
Организация 
Все
Прогноз электропотребления и выручки за услуги по передаче в разрезе отраслей'

07-03-2025T08:34:54 - [MESSAGE][PASSED] - Text of object 'Object Repository/Прогноз по отраслям/Виджеты дашборда' is: 'Год 
2023 год
Сравнение с 
План
Отклонения по ПАО Россети на 2023 год
0.0 0.0
1 471.7 1 471.7
1 186.5 1 186.5
32 445.2 32 445.2
1 268.3 1 268.3
349.4 349.4
84.3 84.3
239.8 239.8
2 969.4 2 969.4
589.2 589.2
-1 798.4 -1 798.4
5 359.3 5 359.3
⬤ Отклонение, млн. кВт.ч
Интер РАО (для ФСК)
Промышленные потребители
Транспорт
Нефтедобыча
Нефтепереработка
Нефтепроводы
Газопроводы
Сельское хозяйство и пищевая про…
Непромышленные потребители
Государственные (муниципальные…
Население и приравненные группы…
Территориальные сетевые организ…
Выручка отклонения по ПАО Россети на 2023 год
794.9 794.9
12 195.0 12 195.0
972.7 972.7
61 803.9 61 803.9
4 222.3 4 222.3
-121.8 -121.8
666.2 666.2
873.2 873.2
5 809.6 5 809.6
1 342.6 1 342.6
-4 463.2 -4 463.2
18 375.5 18 375.5
⬤ Отклонение, млн. руб
Интер РАО (для ФСК)
Промышленные потребители
Транспорт
Нефтедобыча
Нефтепереработка
Нефтепроводы
Газопроводы
Сельское хозяйство и пищевая про…
Непромышленные потребители
Государственные (муниципальные…
Население и приравненные группы…
Территориальные сетевые организ…
Динамика электропотребления, млрд. кВт.ч., по ПАО Россети на 2023 год
0 0
119 119
37 37
7 7
7 7
8 8
1 1
19 19
75 75
25 25
123 123
55 55
0 0
120 120
39 39
39 39
8 8
8 8
1 1
20 20
78 78
26 26
121 121
60 60
План
Ожидаемое (прогноз до конца года)
Интер РАО(для ФСК)
Промышленныепотребители
Транспорт
Нефтедобыча
Нефтеперераб…
Нефтепроводы
Газопроводы
Сельское хозя…
Непромышлен…
Государственн…
Население иприравненныегруппыпотребителей
Территориальн…
Выручка, млрд. руб, по ПАО Россети на 2023 год
5 5
319 319
81 81
16 16
16 16
20 20
2 2
56 56
215 215
67 67
218 218
239 239
6 6
331 331
82 82
77 77
20 20
20 20
3 3
57 57
220 220
68 68
214 214
258 258
План
Ожидаемое (прогноз до конца года)
Интер РАО(для ФСК)
Промышленныепотребители
Транспорт
Нефтедобыча
Нефтеперераб…
Нефтепроводы
Газопроводы
Сельское хозя…
Непромышлен…
Государственн…
Население иприравненныегруппыпотребителей
Территориальн…
абс.
%
Прогноз на месяц 
Ноябрь
КПО/Отпуск из сети 
Котловой полезный отпуск, млн. кВт.ч
Организация 
Все
Прогноз электропотребления и выручки за услуги по передаче в разрезе отраслей'

07-03-2025T08:34:54 - [TEST_STEP][PASSED] - println("b11:" + b11): null

07-03-2025T08:34:54 - [TEST_STEP][PASSED] - b11 = b11.replaceAll("[^0-9]", ""): null

07-03-2025T08:34:54 - [TEST_STEP][PASSED] - println("b11:" + b11): null

07-03-2025T08:34:54 - [TEST_STEP][PASSED] - click(findTestObject("Прогноз по отраслям/Фильтр Сравнение с Стресс")): Object: 'Object Repository/Прогноз по отраслям/Фильтр Сравнение с Стресс' is clicked on

07-03-2025T08:34:54 - [MESSAGE][PASSED] - Object: 'Object Repository/Прогноз по отраслям/Фильтр Сравнение с Стресс' is clicked on

07-03-2025T08:34:54 - [TEST_STEP][PASSED] - click(findTestObject("Прогноз по отраслям/План СУ Стресс")): Object: 'Object Repository/Прогноз по отраслям/План СУ Стресс' is clicked on

07-03-2025T08:34:55 - [MESSAGE][PASSED] - Object: 'Object Repository/Прогноз по отраслям/План СУ Стресс' is clicked on

07-03-2025T08:34:55 - [TEST_STEP][PASSED] - delay(40): Delayed 40 second(s)

07-03-2025T08:35:36 - [MESSAGE][PASSED] - Delayed 40 second(s)

07-03-2025T08:35:36 - [TEST_STEP][PASSED] - b12 = getText(findTestObject("Прогноз по отраслям/Виджеты дашборда")): Text of object 'Object Repository/Прогноз по отраслям/Виджеты дашборда' is: 'Год 
2023 год
Сравнение с 
План/СУ
Отклонения по ПАО Россети на 2023 год
0.0 0.0
120 322.6 120 322.6
38 655.4 38 655.4
39 037.8 39 037.8
8 291.7 8 291.7
8 259.5 8 259.5
793.1 793.1
19 706.6 19 706.6
78 310.2 78 310.2
25 579.5 25 579.5
121 219.7 121 219.7
60 414.9 60 414.9
⬤ Отклонение, млн. кВт.ч
Интер РАО (для ФСК)
Промышленные потребители
Транспорт
Нефтедобыча
Нефтепереработка
Нефтепроводы
Газопроводы
Сельское хозяйство и пищевая про…
Непромышленные потребители
Государственные (муниципальные…
Население и приравненные группы…
Территориальные сетевые организ…
Выручка отклонения по ПАО Россети на 2023 год
⬤ Отклонение, млн. руб
Интер РАО (для ФСК)
Промышленные потребители
Транспорт
Нефтедобыча
Нефтепереработка
Нефтепроводы
Газопроводы
Сельское хозяйство и пищевая про…
Непромышленные потребители
Государственные (муниципальные…
Население и приравненные группы…
Территориальные сетевые организ…
Динамика электропотребления, млрд. кВт.ч., по ПАО Россети на 2023 год
0 0
0 0
0 0
0 0
0 0
0 0
0 0
0 0
0 0
0 0
0 0
0 0
0 0
120 120
39 39
39 39
8 8
8 8
1 1
20 20
78 78
26 26
121 121
60 60
СУ
Ожидаемое (прогноз до конца года)
Интер РАО(для ФСК)
Промышленныепотребители
Транспорт
Нефтедобыча
Нефтеперераб…
Нефтепроводы
Газопроводы
Сельское хозя…
Непромышлен…
Государственн…
Население иприравненныегруппыпотребителей
Территориальн…
Выручка, млрд. руб, по ПАО Россети на 2023 год
6 6
331 331
82 82
77 77
20 20
20 20
3 3
57 57
220 220
68 68
214 214
258 258
Ожидаемое (прогноз до конца года)
Интер РАО(для ФСК)
Промышленныепотребители
Транспорт
Нефтедобыча
Нефтеперераб…
Нефтепроводы
Газопроводы
Сельское хозя…
Непромышлен…
Государственн…
Население иприравненныегруппыпотребителей
Территориальн…
абс.
%
Прогноз на месяц 
Ноябрь
КПО/Отпуск из сети 
Котловой полезный отпуск, млн. кВт.ч
Организация 
Все
Прогноз электропотребления и выручки за услуги по передаче в разрезе отраслей'

07-03-2025T08:35:36 - [MESSAGE][PASSED] - Text of object 'Object Repository/Прогноз по отраслям/Виджеты дашборда' is: 'Год 
2023 год
Сравнение с 
План/СУ
Отклонения по ПАО Россети на 2023 год
0.0 0.0
120 322.6 120 322.6
38 655.4 38 655.4
39 037.8 39 037.8
8 291.7 8 291.7
8 259.5 8 259.5
793.1 793.1
19 706.6 19 706.6
78 310.2 78 310.2
25 579.5 25 579.5
121 219.7 121 219.7
60 414.9 60 414.9
⬤ Отклонение, млн. кВт.ч
Интер РАО (для ФСК)
Промышленные потребители
Транспорт
Нефтедобыча
Нефтепереработка
Нефтепроводы
Газопроводы
Сельское хозяйство и пищевая про…
Непромышленные потребители
Государственные (муниципальные…
Население и приравненные группы…
Территориальные сетевые организ…
Выручка отклонения по ПАО Россети на 2023 год
⬤ Отклонение, млн. руб
Интер РАО (для ФСК)
Промышленные потребители
Транспорт
Нефтедобыча
Нефтепереработка
Нефтепроводы
Газопроводы
Сельское хозяйство и пищевая про…
Непромышленные потребители
Государственные (муниципальные…
Население и приравненные группы…
Территориальные сетевые организ…
Динамика электропотребления, млрд. кВт.ч., по ПАО Россети на 2023 год
0 0
0 0
0 0
0 0
0 0
0 0
0 0
0 0
0 0
0 0
0 0
0 0
0 0
120 120
39 39
39 39
8 8
8 8
1 1
20 20
78 78
26 26
121 121
60 60
СУ
Ожидаемое (прогноз до конца года)
Интер РАО(для ФСК)
Промышленныепотребители
Транспорт
Нефтедобыча
Нефтеперераб…
Нефтепроводы
Газопроводы
Сельское хозя…
Непромышлен…
Государственн…
Население иприравненныегруппыпотребителей
Территориальн…
Выручка, млрд. руб, по ПАО Россети на 2023 год
6 6
331 331
82 82
77 77
20 20
20 20
3 3
57 57
220 220
68 68
214 214
258 258
Ожидаемое (прогноз до конца года)
Интер РАО(для ФСК)
Промышленныепотребители
Транспорт
Нефтедобыча
Нефтеперераб…
Нефтепроводы
Газопроводы
Сельское хозя…
Непромышлен…
Государственн…
Население иприравненныегруппыпотребителей
Территориальн…
абс.
%
Прогноз на месяц 
Ноябрь
КПО/Отпуск из сети 
Котловой полезный отпуск, млн. кВт.ч
Организация 
Все
Прогноз электропотребления и выручки за услуги по передаче в разрезе отраслей'

07-03-2025T08:35:36 - [TEST_STEP][PASSED] - b12 = b12.replaceAll("[^0-9]", ""): null

07-03-2025T08:35:36 - [TEST_STEP][PASSED] - println("b12:" + b12): null

07-03-2025T08:35:36 - [TEST_STEP][PASSED] - if (verifyEqual(a1, b1) == true): Actual object '20232023121218618636365050101019190017178585191982826046041010197197373748481010151544181880801919828260860820235528528572727272181822220050502012016161190190227227663313318282777720202020335757220220686821421425825820231851855959363639390909207207331323313238385656131309090707202377771601601321326767133133777713315133151421429999120120124124137137' and expected object '20232023121218618636365050101019190017178585191982826046041010197197373748481010151544181880801919828260860820235528528572727272181822220050502012016161190190227227663313318282777720202020335757220220686821421425825820231851855959363639390909207207331323313238385656131309090707202377771601601321326767133133777713315133151421429999120120124124137137' are equal

07-03-2025T08:35:36 - [MESSAGE][PASSED] - Actual object '20232023121218618636365050101019190017178585191982826046041010197197373748481010151544181880801919828260860820235528528572727272181822220050502012016161190190227227663313318282777720202020335757220220686821421425825820231851855959363639390909207207331323313238385656131309090707202377771601601321326767133133777713315133151421429999120120124124137137' and expected object '20232023121218618636365050101019190017178585191982826046041010197197373748481010151544181880801919828260860820235528528572727272181822220050502012016161190190227227663313318282777720202020335757220220686821421425825820231851855959363639390909207207331323313238385656131309090707202377771601601321326767133133777713315133151421429999120120124124137137' are equal

07-03-2025T08:35:36 - [TEST_STEP][PASSED] - if (verifyEqual(a2, b2) == true): Actual object '202320231010190190363614149914144417178080191982825885881010197197373748481010151544181880801919828260860820235531931981811616161620202256562152156767218218239239663313318282777720202020335757220220686821421425825820234747383819192303230310910942422172173939060616161010333320231561563838121239823982269269060626926915152727202020207979' and expected object '202320231010190190363614149914144417178080191982825885881010197197373748481010151544181880801919828260860820235531931981811616161620202256562152156767218218239239663313318282777720202020335757220220686821421425825820234747383819192303230310910942422172173939060616161010333320231561563838121239823982269269060626926915152727202020207979' are equal

07-03-2025T08:35:36 - [MESSAGE][PASSED] - Actual object '202320231010190190363614149914144417178080191982825885881010197197373748481010151544181880801919828260860820235531931981811616161620202256562152156767218218239239663313318282777720202020335757220220686821421425825820234747383819192303230310910942422172173939060616161010333320231561563838121239823982269269060626926915152727202020207979' and expected object '202320231010190190363614149914144417178080191982825885881010197197373748481010151544181880801919828260860820235531931981811616161620202256562152156767218218239239663313318282777720202020335757220220686821421425825820234747383819192303230310910942422172173939060616161010333320231561563838121239823982269269060626926915152727202020207979' are equal

07-03-2025T08:35:36 - [TEST_STEP][PASSED] - if (verifyEqual(a3, b3) == true): Actual object '2023202310101811813636151599141444161686861919797958658610101971973737484810101515441818808019198282608608202366331331828277772020202033575722022068682142142582582023252589893535221422141281286969135135818169692323313138382023' and expected object '2023202310101811813636151599141444161686861919797958658610101971973737484810101515441818808019198282608608202366331331828277772020202033575722022068682142142582582023252589893535221422141281286969135135818169692323313138382023' are equal

07-03-2025T08:35:36 - [MESSAGE][PASSED] - Actual object '2023202310101811813636151599141444161686861919797958658610101971973737484810101515441818808019198282608608202366331331828277772020202033575722022068682142142582582023252589893535221422141281286969135135818169692323313138382023' and expected object '2023202310101811813636151599141444161686861919797958658610101971973737484810101515441818808019198282608608202366331331828277772020202033575722022068682142142582582023252589893535221422141281286969135135818169692323313138382023' are equal

07-03-2025T08:35:36 - [TEST_STEP][PASSED] - if (verifyEqual(a4, b4) == true): Actual object '20232023001201203838414188101000191977772525122122616100120120393939398888112020787826261211216060202355285285727272721818222200505020120161611901902272276633133182827777202020203357572202206868214214258258202305050909595931311791795784578423231818212109090202202377771601601321326767133133777713315133151421429999120120124124137137' and expected object '20232023001201203838414188101000191977772525122122616100120120393939398888112020787826261211216060202355285285727272721818222200505020120161611901902272276633133182827777202020203357572202206868214214258258202305050909595931311791795784578423231818212109090202202377771601601321326767133133777713315133151421429999120120124124137137' are equal

07-03-2025T08:35:36 - [MESSAGE][PASSED] - Actual object '20232023001201203838414188101000191977772525122122616100120120393939398888112020787826261211216060202355285285727272721818222200505020120161611901902272276633133182827777202020203357572202206868214214258258202305050909595931311791795784578423231818212109090202202377771601601321326767133133777713315133151421429999120120124124137137' and expected object '20232023001201203838414188101000191977772525122122616100120120393939398888112020787826261211216060202355285285727272721818222200505020120161611901902272276633133182827777202020203357572202206868214214258258202305050909595931311791795784578423231818212109090202202377771601601321326767133133777713315133151421429999120120124124137137' are equal

07-03-2025T08:35:36 - [TEST_STEP][PASSED] - if (verifyEqual(a5, b5) == true): Actual object '20232023001191193737777788111919757525251231235555001201203939393988881120207878262612112160602023553193198181161616162020225656215215676721821823923966331331828277772020202033575722022068682142142582582023121232324921492118118144441191191212414124241414979720231561563838121239823982269269060626926915152727202020207979' and expected object '20232023001191193737777788111919757525251231235555001201203939393988881120207878262612112160602023553193198181161616162020225656215215676721821823923966331331828277772020202033575722022068682142142582582023121232324921492118118144441191191212414124241414979720231561563838121239823982269269060626926915152727202020207979' are equal

07-03-2025T08:35:36 - [MESSAGE][PASSED] - Actual object '20232023001191193737777788111919757525251231235555001201203939393988881120207878262612112160602023553193198181161616162020225656215215676721821823923966331331828277772020202033575722022068682142142582582023121232324921492118118144441191191212414124241414979720231561563838121239823982269269060626926915152727202020207979' and expected object '20232023001191193737777788111919757525251231235555001201203939393988881120207878262612112160602023553193198181161616162020225656215215676721821823923966331331828277772020202033575722022068682142142582582023121232324921492118118144441191191212414124241414979720231561563838121239823982269269060626926915152727202020207979' are equal

07-03-2025T08:35:36 - [TEST_STEP][PASSED] - if (verifyEqual(a6, b6) == true): Actual object '20232023000000000000000000000000001201203939393988881120207878262612112160602023663313318282777720202020335757220220686821421425825820232023' and expected object '20232023000000000000000000000000001201203939393988881120207878262612112160602023663313318282777720202020335757220220686821421425825820232023' are equal

07-03-2025T08:35:36 - [MESSAGE][PASSED] - Actual object '20232023000000000000000000000000001201203939393988881120207878262612112160602023663313318282777720202020335757220220686821421425825820232023' and expected object '20232023000000000000000000000000001201203939393988881120207878262612112160602023663313318282777720202020335757220220686821421425825820232023' are equal

07-03-2025T08:35:36 - [TEST_STEP][PASSED] - if (verifyEqual(a7, b7) == true): Actual object '202320232263522635110546110546128021280219475194759099093845038450416214162165176517472774727725652565723972394292342923202342134213455749455749954759547548893488932337423374168261682629194291947110271102198408198408728957289523664823664831028331028320231212186186363650501010191900171785851919828260460410101971973737484810101515441818808019198282608608202355285285727272721818222200505020120161611901902272276633133182827777202020203357572202206868214214258258' and expected object '202320232263522635110546110546128021280219475194759099093845038450416214162165176517472774727725652565723972394292342923202342134213455749455749954759547548893488932337423374168261682629194291947110271102198408198408728957289523664823664831028331028320231212186186363650501010191900171785851919828260460410101971973737484810101515441818808019198282608608202355285285727272721818222200505020120161611901902272276633133182827777202020203357572202206868214214258258' are equal

07-03-2025T08:35:36 - [MESSAGE][PASSED] - Actual object '202320232263522635110546110546128021280219475194759099093845038450416214162165176517472774727725652565723972394292342923202342134213455749455749954759547548893488932337423374168261682629194291947110271102198408198408728957289523664823664831028331028320231212186186363650501010191900171785851919828260460410101971973737484810101515441818808019198282608608202355285285727272721818222200505020120161611901902272276633133182827777202020203357572202206868214214258258' and expected object '202320232263522635110546110546128021280219475194759099093845038450416214162165176517472774727725652565723972394292342923202342134213455749455749954759547548893488932337423374168261682629194291947110271102198408198408728957289523664823664831028331028320231212186186363650501010191900171785851919828260460410101971973737484810101515441818808019198282608608202355285285727272721818222200505020120161611901902272276633133182827777202020203357572202206868214214258258' are equal

07-03-2025T08:35:36 - [TEST_STEP][PASSED] - if (verifyEqual(a8, b8) == true): Actual object '202320234922492271651716516893689333271733271798649864593859387640764067046704592459243088308894099409196041196041202379497949121950121950972797276180396180394222342223121812186662666287328732580965809613426134264463244632183755183755202310101901903636141499141444171780801919828258858810101971973737484810101515441818808019198282608608202355319319818116161616202022565621521567672182182392396633133182827777202020203357572202206868214214258258' and expected object '202320234922492271651716516893689333271733271798649864593859387640764067046704592459243088308894099409196041196041202379497949121950121950972797276180396180394222342223121812186662666287328732580965809613426134264463244632183755183755202310101901903636141499141444171780801919828258858810101971973737484810101515441818808019198282608608202355319319818116161616202022565621521567672182182392396633133182827777202020203357572202206868214214258258' are equal

07-03-2025T08:35:36 - [MESSAGE][PASSED] - Actual object '202320234922492271651716516893689333271733271798649864593859387640764067046704592459243088308894099409196041196041202379497949121950121950972797276180396180394222342223121812186662666287328732580965809613426134264463244632183755183755202310101901903636141499141444171780801919828258858810101971973737484810101515441818808019198282608608202355319319818116161616202022565621521567672182182392396633133182827777202020203357572202206868214214258258' and expected object '202320234922492271651716516893689333271733271798649864593859387640764067046704592459243088308894099409196041196041202379497949121950121950972797276180396180394222342223121812186662666287328732580965809613426134264463244632183755183755202310101901903636141499141444171780801919828258858810101971973737484810101515441818808019198282608608202355319319818116161616202022565621521567672182182392396633133182827777202020203357572202206868214214258258' are equal

07-03-2025T08:35:36 - [TEST_STEP][PASSED] - if (verifyEqual(a9, b9) == true): Actual object '202320232435243516024416024412551125513286993286991135711357950095005111511113242132425962859628433543352431524315223214223214202320231010181181363615159914144416168686191979795865861010197197373748481010151544181880801919828260860820236633133182827777202020203357572202206868214214258258' and expected object '202320232435243516024416024412551125513286993286991135711357950095005111511113242132425962859628433543352431524315223214223214202320231010181181363615159914144416168686191979795865861010197197373748481010151544181880801919828260860820236633133182827777202020203357572202206868214214258258' are equal

07-03-2025T08:35:36 - [MESSAGE][PASSED] - Actual object '202320232435243516024416024412551125513286993286991135711357950095005111511113242132425962859628433543352431524315223214223214202320231010181181363615159914144416168686191979795865861010197197373748481010151544181880801919828260860820236633133182827777202020203357572202206868214214258258' and expected object '202320232435243516024416024412551125513286993286991135711357950095005111511113242132425962859628433543352431524315223214223214202320231010181181363615159914144416168686191979795865861010197197373748481010151544181880801919828260860820236633133182827777202020203357572202206868214214258258' are equal

07-03-2025T08:35:36 - [TEST_STEP][PASSED] - if (verifyEqual(a10, b10) == true): Actual object '20232023000064656465341134112455624556245624561796017960676267624524452413862138625275527511304113041287128720234213421345574945574995475954754889348893233742337416826168262919429194711027110219840819840872895728952366482366483102833102832023001201203838414188101000191977772525122122616100120120393939398888112020787826261211216060202355285285727272721818222200505020120161611901902272276633133182827777202020203357572202206868214214258258' and expected object '20232023000064656465341134112455624556245624561796017960676267624524452413862138625275527511304113041287128720234213421345574945574995475954754889348893233742337416826168262919429194711027110219840819840872895728952366482366483102833102832023001201203838414188101000191977772525122122616100120120393939398888112020787826261211216060202355285285727272721818222200505020120161611901902272276633133182827777202020203357572202206868214214258258' are equal

07-03-2025T08:35:36 - [MESSAGE][PASSED] - Actual object '20232023000064656465341134112455624556245624561796017960676267624524452413862138625275527511304113041287128720234213421345574945574995475954754889348893233742337416826168262919429194711027110219840819840872895728952366482366483102833102832023001201203838414188101000191977772525122122616100120120393939398888112020787826261211216060202355285285727272721818222200505020120161611901902272276633133182827777202020203357572202206868214214258258' and expected object '20232023000064656465341134112455624556245624561796017960676267624524452413862138625275527511304113041287128720234213421345574945574995475954754889348893233742337416826168262919429194711027110219840819840872895728952366482366483102833102832023001201203838414188101000191977772525122122616100120120393939398888112020787826261211216060202355285285727272721818222200505020120161611901902272276633133182827777202020203357572202206868214214258258' are equal

07-03-2025T08:35:36 - [TEST_STEP][PASSED] - if (verifyEqual(a11, b11) == true): Actual object '202320230000147171471711865118653244523244521268312683349434948438432398239829694296945892589217984179845359353593202379497949121950121950972797276180396180394222342223121812186662666287328732580965809613426134264463244632183755183755202300119119373777778811191975752525123123555500120120393939398888112020787826261211216060202355319319818116161616202022565621521567672182182392396633133182827777202020203357572202206868214214258258' and expected object '202320230000147171471711865118653244523244521268312683349434948438432398239829694296945892589217984179845359353593202379497949121950121950972797276180396180394222342223121812186662666287328732580965809613426134264463244632183755183755202300119119373777778811191975752525123123555500120120393939398888112020787826261211216060202355319319818116161616202022565621521567672182182392396633133182827777202020203357572202206868214214258258' are equal

07-03-2025T08:35:36 - [MESSAGE][PASSED] - Actual object '202320230000147171471711865118653244523244521268312683349434948438432398239829694296945892589217984179845359353593202379497949121950121950972797276180396180394222342223121812186662666287328732580965809613426134264463244632183755183755202300119119373777778811191975752525123123555500120120393939398888112020787826261211216060202355319319818116161616202022565621521567672182182392396633133182827777202020203357572202206868214214258258' and expected object '202320230000147171471711865118653244523244521268312683349434948438432398239829694296945892589217984179845359353593202379497949121950121950972797276180396180394222342223121812186662666287328732580965809613426134264463244632183755183755202300119119373777778811191975752525123123555500120120393939398888112020787826261211216060202355319319818116161616202022565621521567672182182392396633133182827777202020203357572202206868214214258258' are equal

07-03-2025T08:35:36 - [TEST_STEP][PASSED] - if (verifyEqual(a12, b12) == true): Actual object '20232023000012032261203226386554386554390378390378829178291782595825957931793119706619706678310278310225579525579512121971212197604149604149202320230000000000000000000000000012012039393939888811202078782626121121606020236633133182827777202020203357572202206868214214258258' and expected object '20232023000012032261203226386554386554390378390378829178291782595825957931793119706619706678310278310225579525579512121971212197604149604149202320230000000000000000000000000012012039393939888811202078782626121121606020236633133182827777202020203357572202206868214214258258' are equal

07-03-2025T08:35:36 - [MESSAGE][PASSED] - Actual object '20232023000012032261203226386554386554390378390378829178291782595825957931793119706619706678310278310225579525579512121971212197604149604149202320230000000000000000000000000012012039393939888811202078782626121121606020236633133182827777202020203357572202206868214214258258' and expected object '20232023000012032261203226386554386554390378390378829178291782595825957931793119706619706678310278310225579525579512121971212197604149604149202320230000000000000000000000000012012039393939888811202078782626121121606020236633133182827777202020203357572202206868214214258258' are equal

07-03-2025T08:35:36 - [TEST_STEP][PASSED] - closeBrowser(): Browser is closed

07-03-2025T08:35:36 - [MESSAGE][PASSED] - Browser is closed]]></system-out>
         <system-err><![CDATA[]]></system-err>
      </testcase>
      <testcase name="Test Cases/Сверки дашбордов/Факторный анализ сверка дашбордов" time="194.954" classname="Test Cases/Сверки дашбордов/Факторный анализ сверка дашбордов" status="FAILED">
         <failure type="FAILED" message="Test Cases/Сверки дашбордов/Факторный анализ сверка дашбордов FAILED.&#xa;Reason:&#xa;com.kms.katalon.core.exception.StepFailedException: Unable to verify equal between actual object '701' and expected object '0' (Root cause: com.kms.katalon.core.exception.StepFailedException: Actual object '701' and expected object '0' are not equal&#xa;	at com.kms.katalon.core.keyword.builtin.VerifyEqualKeyword$_verifyEqual_closure1.doCall(VerifyEqualKeyword.groovy:58)&#xa;	at com.kms.katalon.core.keyword.builtin.VerifyEqualKeyword$_verifyEqual_closure1.call(VerifyEqualKeyword.groovy)&#xa;	at com.kms.katalon.core.keyword.internal.KeywordMain.runKeyword(KeywordMain.groovy:75)&#xa;	at com.kms.katalon.core.keyword.builtin.VerifyEqualKeyword.verifyEqual(VerifyEqualKeyword.groovy:63)&#xa;	at com.kms.katalon.core.keyword.builtin.VerifyEqualKeyword.execute(VerifyEqualKeyword.groovy:44)&#xa;	at com.kms.katalon.core.keyword.internal.KeywordExecutor.executeKeywordForPlatform(KeywordExecutor.groovy:74)&#xa;	at com.kms.katalon.core.keyword.BuiltinKeywords.verifyEqual(BuiltinKeywords.groovy:146)&#xa;	at jdk.internal.reflect.GeneratedMethodAccessor23.invoke(Unknown Source)&#xa;	at java.base/jdk.internal.reflect.DelegatingMethodAccessorImpl.invoke(DelegatingMethodAccessorImpl.java:43)&#xa;	at Факторный анализ сверка дашбордов.Compare(Факторный анализ сверка дашбордов:654)&#xa;	at Факторный анализ сверка дашбордов.Test(Факторный анализ сверка дашбордов:422)&#xa;	at Факторный анализ сверка дашбордов.run(Факторный анализ сверка дашбордов:44)&#xa;	at com.kms.katalon.core.main.ScriptEngine.run(ScriptEngine.java:194)&#xa;	at com.kms.katalon.core.main.ScriptEngine.runScriptAsRawText(ScriptEngine.java:119)&#xa;	at com.kms.katalon.core.main.TestCaseExecutor.runScript(TestCaseExecutor.java:448)&#xa;	at com.kms.katalon.core.main.TestCaseExecutor.doExecute(TestCaseExecutor.java:439)&#xa;	at com.kms.katalon.core.main.TestCaseExecutor.processExecutionPhase(TestCaseExecutor.java:418)&#xa;	at com.kms.katalon.core.main.TestCaseExecutor.accessMainPhase(TestCaseExecutor.java:410)&#xa;	at com.kms.katalon.core.main.TestCaseExecutor.execute(TestCaseExecutor.java:285)&#xa;	at com.kms.katalon.core.common.CommonExecutor.accessTestCaseMainPhase(CommonExecutor.java:65)&#xa;	at com.kms.katalon.core.main.TestSuiteExecutor.accessTestSuiteMainPhase(TestSuiteExecutor.java:150)&#xa;	at com.kms.katalon.core.main.TestSuiteExecutor.execute(TestSuiteExecutor.java:106)&#xa;	at com.kms.katalon.core.main.TestCaseMain.startTestSuite(TestCaseMain.java:180)&#xa;	at TempTestSuite1741312418653.run(TempTestSuite1741312418653.groovy:35)&#xa;	at java.base/jdk.internal.reflect.NativeMethodAccessorImpl.invoke0(Native Method)&#xa;	at java.base/jdk.internal.reflect.NativeMethodAccessorImpl.invoke(NativeMethodAccessorImpl.java:77)&#xa;	at java.base/jdk.internal.reflect.DelegatingMethodAccessorImpl.invoke(DelegatingMethodAccessorImpl.java:43)&#xa;)&#xa;	at com.kms.katalon.core.keyword.internal.KeywordMain.stepFailed(KeywordMain.groovy:39)&#xa;	at com.kms.katalon.core.keyword.internal.KeywordMain.stepFailed(KeywordMain.groovy)&#xa;	at com.kms.katalon.core.keyword.internal.KeywordMain.runKeyword(KeywordMain.groovy:77)&#xa;	at com.kms.katalon.core.keyword.builtin.VerifyEqualKeyword.verifyEqual(VerifyEqualKeyword.groovy:63)&#xa;	at com.kms.katalon.core.keyword.builtin.VerifyEqualKeyword.execute(VerifyEqualKeyword.groovy:44)&#xa;	at com.kms.katalon.core.keyword.internal.KeywordExecutor.executeKeywordForPlatform(KeywordExecutor.groovy:74)&#xa;	at com.kms.katalon.core.keyword.BuiltinKeywords.verifyEqual(BuiltinKeywords.groovy:146)&#xa;	at jdk.internal.reflect.GeneratedMethodAccessor23.invoke(Unknown Source)&#xa;	at java.base/jdk.internal.reflect.DelegatingMethodAccessorImpl.invoke(DelegatingMethodAccessorImpl.java:43)&#xa;	at Факторный анализ сверка дашбордов.Compare(Факторный анализ сверка дашбордов:654)&#xa;	at Факторный анализ сверка дашбордов.Test(Факторный анализ сверка дашбордов:422)&#xa;	at Факторный анализ сверка дашбордов.run(Факторный анализ сверка дашбордов:44)&#xa;	at com.kms.katalon.core.main.ScriptEngine.run(ScriptEngine.java:194)&#xa;	at com.kms.katalon.core.main.ScriptEngine.runScriptAsRawText(ScriptEngine.java:119)&#xa;	at com.kms.katalon.core.main.TestCaseExecutor.runScript(TestCaseExecutor.java:448)&#xa;	at com.kms.katalon.core.main.TestCaseExecutor.doExecute(TestCaseExecutor.java:439)&#xa;	at com.kms.katalon.core.main.TestCaseExecutor.processExecutionPhase(TestCaseExecutor.java:418)&#xa;	at com.kms.katalon.core.main.TestCaseExecutor.accessMainPhase(TestCaseExecutor.java:410)&#xa;	at com.kms.katalon.core.main.TestCaseExecutor.execute(TestCaseExecutor.java:285)&#xa;	at com.kms.katalon.core.common.CommonExecutor.accessTestCaseMainPhase(CommonExecutor.java:65)&#xa;	at com.kms.katalon.core.main.TestSuiteExecutor.accessTestSuiteMainPhase(TestSuiteExecutor.java:150)&#xa;	at com.kms.katalon.core.main.TestSuiteExecutor.execute(TestSuiteExecutor.java:106)&#xa;	at com.kms.katalon.core.main.TestCaseMain.startTestSuite(TestCaseMain.java:180)&#xa;	at TempTestSuite1741312418653.run(TempTestSuite1741312418653.groovy:35)&#xa;	at java.base/jdk.internal.reflect.NativeMethodAccessorImpl.invoke0(Native Method)&#xa;	at java.base/jdk.internal.reflect.NativeMethodAccessorImpl.invoke(NativeMethodAccessorImpl.java:77)&#xa;	at java.base/jdk.internal.reflect.DelegatingMethodAccessorImpl.invoke(DelegatingMethodAccessorImpl.java:43)&#xa;Caused by: com.kms.katalon.core.exception.StepFailedException: Actual object '701' and expected object '0' are not equal&#xa;	at com.kms.katalon.core.keyword.builtin.VerifyEqualKeyword$_verifyEqual_closure1.doCall(VerifyEqualKeyword.groovy:58)&#xa;	at com.kms.katalon.core.keyword.builtin.VerifyEqualKeyword$_verifyEqual_closure1.call(VerifyEqualKeyword.groovy)&#xa;	at com.kms.katalon.core.keyword.internal.KeywordMain.runKeyword(KeywordMain.groovy:75)&#xa;	... 24 more&#xa;"/>
         <system-out><![CDATA[07-03-2025T08:35:36 - [TEST_CASE][FAILED] - Test Cases/Сверки дашбордов/Факторный анализ сверка дашбордов: Test Cases/Сверки дашбордов/Факторный анализ сверка дашбордов FAILED.
Reason:
com.kms.katalon.core.exception.StepFailedException: Unable to verify equal between actual object '701' and expected object '0' (Root cause: com.kms.katalon.core.exception.StepFailedException: Actual object '701' and expected object '0' are not equal
	at com.kms.katalon.core.keyword.builtin.VerifyEqualKeyword$_verifyEqual_closure1.doCall(VerifyEqualKeyword.groovy:58)
	at com.kms.katalon.core.keyword.builtin.VerifyEqualKeyword$_verifyEqual_closure1.call(VerifyEqualKeyword.groovy)
	at com.kms.katalon.core.keyword.internal.KeywordMain.runKeyword(KeywordMain.groovy:75)
	at com.kms.katalon.core.keyword.builtin.VerifyEqualKeyword.verifyEqual(VerifyEqualKeyword.groovy:63)
	at com.kms.katalon.core.keyword.builtin.VerifyEqualKeyword.execute(VerifyEqualKeyword.groovy:44)
	at com.kms.katalon.core.keyword.internal.KeywordExecutor.executeKeywordForPlatform(KeywordExecutor.groovy:74)
	at com.kms.katalon.core.keyword.BuiltinKeywords.verifyEqual(BuiltinKeywords.groovy:146)
	at jdk.internal.reflect.GeneratedMethodAccessor23.invoke(Unknown Source)
	at java.base/jdk.internal.reflect.DelegatingMethodAccessorImpl.invoke(DelegatingMethodAccessorImpl.java:43)
	at Факторный анализ сверка дашбордов.Compare(Факторный анализ сверка дашбордов:654)
	at Факторный анализ сверка дашбордов.Test(Факторный анализ сверка дашбордов:422)
	at Факторный анализ сверка дашбордов.run(Факторный анализ сверка дашбордов:44)
	at com.kms.katalon.core.main.ScriptEngine.run(ScriptEngine.java:194)
	at com.kms.katalon.core.main.ScriptEngine.runScriptAsRawText(ScriptEngine.java:119)
	at com.kms.katalon.core.main.TestCaseExecutor.runScript(TestCaseExecutor.java:448)
	at com.kms.katalon.core.main.TestCaseExecutor.doExecute(TestCaseExecutor.java:439)
	at com.kms.katalon.core.main.TestCaseExecutor.processExecutionPhase(TestCaseExecutor.java:418)
	at com.kms.katalon.core.main.TestCaseExecutor.accessMainPhase(TestCaseExecutor.java:410)
	at com.kms.katalon.core.main.TestCaseExecutor.execute(TestCaseExecutor.java:285)
	at com.kms.katalon.core.common.CommonExecutor.accessTestCaseMainPhase(CommonExecutor.java:65)
	at com.kms.katalon.core.main.TestSuiteExecutor.accessTestSuiteMainPhase(TestSuiteExecutor.java:150)
	at com.kms.katalon.core.main.TestSuiteExecutor.execute(TestSuiteExecutor.java:106)
	at com.kms.katalon.core.main.TestCaseMain.startTestSuite(TestCaseMain.java:180)
	at TempTestSuite1741312418653.run(TempTestSuite1741312418653.groovy:35)
	at java.base/jdk.internal.reflect.NativeMethodAccessorImpl.invoke0(Native Method)
	at java.base/jdk.internal.reflect.NativeMethodAccessorImpl.invoke(NativeMethodAccessorImpl.java:77)
	at java.base/jdk.internal.reflect.DelegatingMethodAccessorImpl.invoke(DelegatingMethodAccessorImpl.java:43)
)
	at com.kms.katalon.core.keyword.internal.KeywordMain.stepFailed(KeywordMain.groovy:39)
	at com.kms.katalon.core.keyword.internal.KeywordMain.stepFailed(KeywordMain.groovy)
	at com.kms.katalon.core.keyword.internal.KeywordMain.runKeyword(KeywordMain.groovy:77)
	at com.kms.katalon.core.keyword.builtin.VerifyEqualKeyword.verifyEqual(VerifyEqualKeyword.groovy:63)
	at com.kms.katalon.core.keyword.builtin.VerifyEqualKeyword.execute(VerifyEqualKeyword.groovy:44)
	at com.kms.katalon.core.keyword.internal.KeywordExecutor.executeKeywordForPlatform(KeywordExecutor.groovy:74)
	at com.kms.katalon.core.keyword.BuiltinKeywords.verifyEqual(BuiltinKeywords.groovy:146)
	at jdk.internal.reflect.GeneratedMethodAccessor23.invoke(Unknown Source)
	at java.base/jdk.internal.reflect.DelegatingMethodAccessorImpl.invoke(DelegatingMethodAccessorImpl.java:43)
	at Факторный анализ сверка дашбордов.Compare(Факторный анализ сверка дашбордов:654)
	at Факторный анализ сверка дашбордов.Test(Факторный анализ сверка дашбордов:422)
	at Факторный анализ сверка дашбордов.run(Факторный анализ сверка дашбордов:44)
	at com.kms.katalon.core.main.ScriptEngine.run(ScriptEngine.java:194)
	at com.kms.katalon.core.main.ScriptEngine.runScriptAsRawText(ScriptEngine.java:119)
	at com.kms.katalon.core.main.TestCaseExecutor.runScript(TestCaseExecutor.java:448)
	at com.kms.katalon.core.main.TestCaseExecutor.doExecute(TestCaseExecutor.java:439)
	at com.kms.katalon.core.main.TestCaseExecutor.processExecutionPhase(TestCaseExecutor.java:418)
	at com.kms.katalon.core.main.TestCaseExecutor.accessMainPhase(TestCaseExecutor.java:410)
	at com.kms.katalon.core.main.TestCaseExecutor.execute(TestCaseExecutor.java:285)
	at com.kms.katalon.core.common.CommonExecutor.accessTestCaseMainPhase(CommonExecutor.java:65)
	at com.kms.katalon.core.main.TestSuiteExecutor.accessTestSuiteMainPhase(TestSuiteExecutor.java:150)
	at com.kms.katalon.core.main.TestSuiteExecutor.execute(TestSuiteExecutor.java:106)
	at com.kms.katalon.core.main.TestCaseMain.startTestSuite(TestCaseMain.java:180)
	at TempTestSuite1741312418653.run(TempTestSuite1741312418653.groovy:35)
	at java.base/jdk.internal.reflect.NativeMethodAccessorImpl.invoke0(Native Method)
	at java.base/jdk.internal.reflect.NativeMethodAccessorImpl.invoke(NativeMethodAccessorImpl.java:77)
	at java.base/jdk.internal.reflect.DelegatingMethodAccessorImpl.invoke(DelegatingMethodAccessorImpl.java:43)
Caused by: com.kms.katalon.core.exception.StepFailedException: Actual object '701' and expected object '0' are not equal
	at com.kms.katalon.core.keyword.builtin.VerifyEqualKeyword$_verifyEqual_closure1.doCall(VerifyEqualKeyword.groovy:58)
	at com.kms.katalon.core.keyword.builtin.VerifyEqualKeyword$_verifyEqual_closure1.call(VerifyEqualKeyword.groovy)
	at com.kms.katalon.core.keyword.internal.KeywordMain.runKeyword(KeywordMain.groovy:75)
	... 24 more


07-03-2025T08:35:37 - [TEST_STEP][PASSED] - date = new java.util.Date(): null

07-03-2025T08:35:37 - [TEST_STEP][PASSED] - todaysDate = date.format("dd.MM.yyyy"): null

07-03-2025T08:35:37 - [TEST_STEP][PASSED] - typeOfData = <not implemented yet for class: org.codehaus.groovy.ast.expr.EmptyExpression>: null

07-03-2025T08:35:37 - [TEST_STEP][PASSED] - otobrajeniyeDannyh = <not implemented yet for class: org.codehaus.groovy.ast.expr.EmptyExpression>: null

07-03-2025T08:35:37 - [TEST_STEP][PASSED] - println(todaysDate): null

07-03-2025T08:35:37 - [TEST_STEP][PASSED] - vidget = <not implemented yet for class: org.codehaus.groovy.ast.expr.EmptyExpression>: null

07-03-2025T08:35:37 - [TEST_STEP][PASSED] - x = <not implemented yet for class: org.codehaus.groovy.ast.expr.EmptyExpression>: null

07-03-2025T08:35:37 - [TEST_STEP][PASSED] - y = <not implemented yet for class: org.codehaus.groovy.ast.expr.EmptyExpression>: null

07-03-2025T08:35:37 - [TEST_STEP][PASSED] - DZO = <not implemented yet for class: org.codehaus.groovy.ast.expr.EmptyExpression>: null

07-03-2025T08:35:37 - [TEST_STEP][PASSED] - openBrowser(""): Browser is opened with url: ''

07-03-2025T08:35:37 - [MESSAGE][INFO] - Starting 'Chrome' driver

07-03-2025T08:35:37 - [MESSAGE][INFO] - Action delay is set to 0 milliseconds

07-03-2025T08:35:38 - [MESSAGE][PASSED] - Browser is opened with url: ''

07-03-2025T08:35:38 - [TEST_STEP][PASSED] - run = 1: null

07-03-2025T08:35:38 - [TEST_STEP][PASSED] - for ([run = 1, run < 3, (run++)]): null

07-03-2025T08:35:38 - [TEST_STEP][PASSED] - Script1719551244403.Test(run, todaysDate, typeOfData, otobrajeniyeDannyh, x, y, vidget, DZO): null

07-03-2025T08:35:38 - [TEST_STEP][PASSED] - navigateToUrl(findTestData("PlanFact").getValue(10, 3)): Navigate to 'https://bi.rosseti.digital/viewer?dashboardGuid=2301950b23be4ed89c1df75f2020051e&sheetGuid=ccd7d7486b3d4e6fa0ee9b1eaebed46c&fit=true' successfully

07-03-2025T08:35:48 - [MESSAGE][PASSED] - Navigate to 'https://bi.rosseti.digital/viewer?dashboardGuid=2301950b23be4ed89c1df75f2020051e&sheetGuid=ccd7d7486b3d4e6fa0ee9b1eaebed46c&fit=true' successfully

07-03-2025T08:35:48 - [TEST_STEP][PASSED] - Script1719551244403.Autorization(run): null

07-03-2025T08:35:48 - [TEST_STEP][PASSED] - delay(10): Delayed 10 second(s)

07-03-2025T08:35:58 - [MESSAGE][PASSED] - Delayed 10 second(s)

07-03-2025T08:35:58 - [TEST_STEP][PASSED] - if (run == 1): Delayed 10 second(s)

07-03-2025T08:35:58 - [TEST_STEP][PASSED] - setText(findTestObject("Страница авторизации/input__username"), findTestData("PlanFact").getValue(8, 1)): Text 'liazgina-di' is set on object 'Object Repository/Страница авторизации/input__username'

07-03-2025T08:35:59 - [MESSAGE][PASSED] - Text 'liazgina-di' is set on object 'Object Repository/Страница авторизации/input__username'

07-03-2025T08:35:59 - [TEST_STEP][PASSED] - setText(findTestObject("Страница авторизации/input__password"), findTestData("PlanFact").getValue(9, 1)): Text ')$%5srZ8o688Dm#q' is set on object 'Object Repository/Страница авторизации/input__password'

07-03-2025T08:35:59 - [MESSAGE][PASSED] - Text ')$%5srZ8o688Dm#q' is set on object 'Object Repository/Страница авторизации/input__password'

07-03-2025T08:35:59 - [TEST_STEP][PASSED] - click(findTestObject("Страница авторизации/button_")): Object: 'Object Repository/Страница авторизации/button_' is clicked on

07-03-2025T08:36:01 - [MESSAGE][PASSED] - Object: 'Object Repository/Страница авторизации/button_' is clicked on

07-03-2025T08:36:01 - [TEST_STEP][PASSED] - delay(10): Delayed 10 second(s)

07-03-2025T08:36:11 - [MESSAGE][PASSED] - Delayed 10 second(s)

07-03-2025T08:36:11 - [TEST_STEP][PASSED] - i = <not implemented yet for class: org.codehaus.groovy.ast.expr.EmptyExpression>: null

07-03-2025T08:36:11 - [TEST_STEP][PASSED] - ii = <not implemented yet for class: org.codehaus.groovy.ast.expr.EmptyExpression>: null

07-03-2025T08:36:11 - [TEST_STEP][PASSED] - a = <not implemented yet for class: org.codehaus.groovy.ast.expr.EmptyExpression>: null

07-03-2025T08:36:11 - [TEST_STEP][PASSED] - a1 = <not implemented yet for class: org.codehaus.groovy.ast.expr.EmptyExpression>: null

07-03-2025T08:36:11 - [TEST_STEP][PASSED] - a2 = <not implemented yet for class: org.codehaus.groovy.ast.expr.EmptyExpression>: null

07-03-2025T08:36:11 - [TEST_STEP][PASSED] - click(findTestObject("Факторный анализ/Фильтр Период")): Object: 'Object Repository/Факторный анализ/Фильтр Период' is clicked on

07-03-2025T08:36:11 - [MESSAGE][PASSED] - Object: 'Object Repository/Факторный анализ/Фильтр Период' is clicked on

07-03-2025T08:36:11 - [TEST_STEP][PASSED] - click(findTestObject("Факторный анализ/Снять выделение в фильтре Дата")): Object: 'Object Repository/Факторный анализ/Снять выделение в фильтре Дата' is clicked on

07-03-2025T08:36:12 - [MESSAGE][PASSED] - Object: 'Object Repository/Факторный анализ/Снять выделение в фильтре Дата' is clicked on

07-03-2025T08:36:12 - [TEST_STEP][PASSED] - click(findTestObject("Факторный анализ/Применить в фильтре Дата")): Object: 'Object Repository/Факторный анализ/Применить в фильтре Дата' is clicked on

07-03-2025T08:36:12 - [MESSAGE][PASSED] - Object: 'Object Repository/Факторный анализ/Применить в фильтре Дата' is clicked on

07-03-2025T08:36:12 - [TEST_STEP][PASSED] - delay(10): Delayed 10 second(s)

07-03-2025T08:36:22 - [MESSAGE][PASSED] - Delayed 10 second(s)

07-03-2025T08:36:22 - [TEST_STEP][PASSED] - click(findTestObject("Факторный анализ/Фильтр Период")): Object: 'Object Repository/Факторный анализ/Фильтр Период' is clicked on

07-03-2025T08:36:22 - [MESSAGE][PASSED] - Object: 'Object Repository/Факторный анализ/Фильтр Период' is clicked on

07-03-2025T08:36:22 - [TEST_STEP][PASSED] - click(findTestObject("Факторный анализ/Снять выделение в фильтре Дата")): Object: 'Object Repository/Факторный анализ/Снять выделение в фильтре Дата' is clicked on

07-03-2025T08:36:23 - [MESSAGE][PASSED] - Object: 'Object Repository/Факторный анализ/Снять выделение в фильтре Дата' is clicked on

07-03-2025T08:36:23 - [TEST_STEP][PASSED] - scrollToElement(findTestObject("Факторный анализ/2025 список"), 30): Scroll to object 'Object Repository/Факторный анализ/2025 список' successfully

07-03-2025T08:36:23 - [MESSAGE][PASSED] - Scroll to object 'Object Repository/Факторный анализ/2025 список' successfully

07-03-2025T08:36:23 - [TEST_STEP][PASSED] - click(findTestObject("Факторный анализ/2025 список")): Object: 'Object Repository/Факторный анализ/2025 список' is clicked on

07-03-2025T08:36:23 - [MESSAGE][PASSED] - Object: 'Object Repository/Факторный анализ/2025 список' is clicked on

07-03-2025T08:36:23 - [TEST_STEP][PASSED] - scrollToElement(findTestObject("Факторный анализ/1 квартал 2025 список"), 30): Scroll to object 'Object Repository/Факторный анализ/1 квартал 2025 список' successfully

07-03-2025T08:36:24 - [MESSAGE][PASSED] - Scroll to object 'Object Repository/Факторный анализ/1 квартал 2025 список' successfully

07-03-2025T08:36:24 - [TEST_STEP][PASSED] - click(findTestObject("Факторный анализ/1 квартал 2025 список"), CONTINUE_ON_FAILURE): Object: 'Object Repository/Факторный анализ/1 квартал 2025 список' is clicked on

07-03-2025T08:36:24 - [MESSAGE][PASSED] - Object: 'Object Repository/Факторный анализ/1 квартал 2025 список' is clicked on

07-03-2025T08:36:24 - [TEST_STEP][PASSED] - scrollToElement(findTestObject("Факторный анализ/Январь 2025"), 30): Scroll to object 'Object Repository/Факторный анализ/Январь 2025' successfully

07-03-2025T08:36:25 - [MESSAGE][PASSED] - Scroll to object 'Object Repository/Факторный анализ/Январь 2025' successfully

07-03-2025T08:36:25 - [TEST_STEP][PASSED] - click(findTestObject("Факторный анализ/Январь 2025"), CONTINUE_ON_FAILURE): Object: 'Object Repository/Факторный анализ/Январь 2025' is clicked on

07-03-2025T08:36:25 - [MESSAGE][PASSED] - Object: 'Object Repository/Факторный анализ/Январь 2025' is clicked on

07-03-2025T08:36:25 - [TEST_STEP][PASSED] - scrollToElement(findTestObject("Факторный анализ/Заголовок дашборда"), 30): Scroll to object 'Object Repository/Факторный анализ/Заголовок дашборда' successfully

07-03-2025T08:36:25 - [MESSAGE][PASSED] - Scroll to object 'Object Repository/Факторный анализ/Заголовок дашборда' successfully

07-03-2025T08:36:25 - [TEST_STEP][PASSED] - click(findTestObject("Факторный анализ/Применить в фильтре Дата")): Object: 'Object Repository/Факторный анализ/Применить в фильтре Дата' is clicked on

07-03-2025T08:36:26 - [MESSAGE][PASSED] - Object: 'Object Repository/Факторный анализ/Применить в фильтре Дата' is clicked on

07-03-2025T08:36:26 - [TEST_STEP][PASSED] - if (run == 1): null

07-03-2025T08:36:26 - [TEST_STEP][PASSED] - a = getText(findTestObject("Факторный анализ/Отклонения выручки по факторам Блок руководителя")): Text of object 'Object Repository/Факторный анализ/Отклонения выручки по факторам Блок руководителя' is: '-121 309-121 309
701701
Отклонение (объём услуг)
Отклонение (средний тариф)
ПАО Россети'

07-03-2025T08:36:28 - [MESSAGE][PASSED] - Text of object 'Object Repository/Факторный анализ/Отклонения выручки по факторам Блок руководителя' is: '-121 309-121 309
701701
Отклонение (объём услуг)
Отклонение (средний тариф)
ПАО Россети'

07-03-2025T08:36:28 - [TEST_STEP][PASSED] - a = a.replaceAll("[\r?
|
]", "/"): null

07-03-2025T08:36:28 - [TEST_STEP][PASSED] - i = a.indexOf("Отклонение"): null

07-03-2025T08:36:28 - [TEST_STEP][PASSED] - if (i > -1): null

07-03-2025T08:36:28 - [TEST_STEP][PASSED] - i = i: null

07-03-2025T08:36:28 - [TEST_STEP][PASSED] - a = substring(0, i).trim(): null

07-03-2025T08:36:28 - [TEST_STEP][PASSED] - println("a: " + a): null

07-03-2025T08:36:28 - [TEST_STEP][PASSED] - i = a.indexOf("/"): null

07-03-2025T08:36:28 - [TEST_STEP][PASSED] - if (i > -1): null

07-03-2025T08:36:28 - [TEST_STEP][PASSED] - a1 = a.substring(0, i): null

07-03-2025T08:36:28 - [TEST_STEP][PASSED] - println("a1: " + a1): null

07-03-2025T08:36:28 - [TEST_STEP][PASSED] - a2 = a.substring(a1.length() + 1, a.length()): null

07-03-2025T08:36:28 - [TEST_STEP][PASSED] - println("a2: " + a2): null

07-03-2025T08:36:28 - [TEST_STEP][PASSED] - i = a1.length() / 2: null

07-03-2025T08:36:28 - [TEST_STEP][PASSED] - if (i > -1): null

07-03-2025T08:36:28 - [TEST_STEP][PASSED] - a1 = replaceAll("\s+", "").trim(): null

07-03-2025T08:36:28 - [TEST_STEP][PASSED] - println("a1: " + a1): null

07-03-2025T08:36:28 - [TEST_STEP][PASSED] - i = a2.length() / 2: null

07-03-2025T08:36:28 - [TEST_STEP][PASSED] - if (i > -1): null

07-03-2025T08:36:28 - [TEST_STEP][PASSED] - a2 = replaceAll("\s+", "").trim(): null

07-03-2025T08:36:28 - [TEST_STEP][PASSED] - println("a2: " + a2): null

07-03-2025T08:36:28 - [TEST_STEP][PASSED] - tableA = getText(findTestObject("Факторный анализ/AllTable1")).replaceAll("[\r?
|
]", "/"): Text of object 'Object Repository/Факторный анализ/AllTable1' is: 'ДЗО
Филиал
Отклонение (объём услуг)
Отклонение (средний тариф)
АО "РЭС" АО "РЭС" -76 3
АО «Тываэнерго» АО "Тываэнерго" 19 4
АО «Чеченэнерго» АО «Чеченэнерго» -35 -48
Россети Волга Мордовэнерго - 150 -6
Оренбургэнерго -62 -9
Пензаэнерго -35 -1
Самарские РС -78 142
Саратовские РС -77 -49
Ульяновские РС 14 6
Чувашэнерго -4 12
Россети Кубань Кубаньэнерго - 341 287
Россети Ленэнерго (ГК) Ленинградская область - 311 187
г. Санкт-Петербург - 291 12
Россети Московский регион Московская область - 780 53
г. Москва - 195 -5
Россети Северный Кавказ (ГК) Дагэнерго - 238 -48
Ингушэнерго -60 14
Каббалкэнерго 20 -4
Карачаево-Черкесскэнерго -10 - 109
Севкавказэнерго - 121 -10
Ставропольэнерго -68 28
Россети Северо-Запад Архангельский филиал -52 21
Вологодский филиал -40 10
Карельский филиал -50 -15
Мурманский филиал 20 -17
Новгородский филиал -49 0
Псковский филиал -48 13
филиал в Республике Коми -53 9
Россети Сибирь (ГК) Алтайэнерго 39 16
Бурятэнерго 10 -7
ГАЭС 9 2
Красноярскэнерго 117 -4
Кузбассэнерго-РЭС 37 147
Омскэнерго -2 -21
Хакасэнерго -10 -12
Читаэнерго -1 25
Россети Томск Томская распределительная компания -62 5
Россети Тюмень Россети Тюмень - 986 - 117
Россети Урал (ГК) Пермэнерго - 187 5
Свердловэнерго - 152 -4
Челябэнерго - 141 5
Россети ФСК ЕЭС Итого по ФСК ЕЭС - 311 252
Россети Центр Белгородэнерго -85 14
Брянскэнерго -50 -8
Воронежэнерго -98 -2
Костромаэнерго -42 3
Курскэнерго -32 8
Липецкэнерго -79 20
Орелэнерго -40 5
Смоленскэнерго -52 -7
Тамбовэнерго -25 -5
Тверьэнерго - 133 0
Ярэнерго -60 -7
Россети Центр и Приволжье (ГК) Владимирэнерго 0 1 448
Ивэнерго 0 779
Калугаэнерго 0 1 441
Кировэнерго 0 1 158
Мариэнерго 0 478
Нижновэнерго 0 3 348
Рязаньэнерго 0 1 093
Тулэнерго 0 1 695
Удмуртэнерго 0 1 616
Россети Юг (ГК) АО «ВМЭС» 0 4
Астраханьэнерго 1 -6
Волгоградэнерго - 140 -12
Калмэнерго -8 2
Ростовэнерго -47 16
Россети Янтарь Россети Янтарь -31 12'

07-03-2025T08:36:28 - [MESSAGE][PASSED] - Text of object 'Object Repository/Факторный анализ/AllTable1' is: 'ДЗО
Филиал
Отклонение (объём услуг)
Отклонение (средний тариф)
АО "РЭС" АО "РЭС" -76 3
АО «Тываэнерго» АО "Тываэнерго" 19 4
АО «Чеченэнерго» АО «Чеченэнерго» -35 -48
Россети Волга Мордовэнерго - 150 -6
Оренбургэнерго -62 -9
Пензаэнерго -35 -1
Самарские РС -78 142
Саратовские РС -77 -49
Ульяновские РС 14 6
Чувашэнерго -4 12
Россети Кубань Кубаньэнерго - 341 287
Россети Ленэнерго (ГК) Ленинградская область - 311 187
г. Санкт-Петербург - 291 12
Россети Московский регион Московская область - 780 53
г. Москва - 195 -5
Россети Северный Кавказ (ГК) Дагэнерго - 238 -48
Ингушэнерго -60 14
Каббалкэнерго 20 -4
Карачаево-Черкесскэнерго -10 - 109
Севкавказэнерго - 121 -10
Ставропольэнерго -68 28
Россети Северо-Запад Архангельский филиал -52 21
Вологодский филиал -40 10
Карельский филиал -50 -15
Мурманский филиал 20 -17
Новгородский филиал -49 0
Псковский филиал -48 13
филиал в Республике Коми -53 9
Россети Сибирь (ГК) Алтайэнерго 39 16
Бурятэнерго 10 -7
ГАЭС 9 2
Красноярскэнерго 117 -4
Кузбассэнерго-РЭС 37 147
Омскэнерго -2 -21
Хакасэнерго -10 -12
Читаэнерго -1 25
Россети Томск Томская распределительная компания -62 5
Россети Тюмень Россети Тюмень - 986 - 117
Россети Урал (ГК) Пермэнерго - 187 5
Свердловэнерго - 152 -4
Челябэнерго - 141 5
Россети ФСК ЕЭС Итого по ФСК ЕЭС - 311 252
Россети Центр Белгородэнерго -85 14
Брянскэнерго -50 -8
Воронежэнерго -98 -2
Костромаэнерго -42 3
Курскэнерго -32 8
Липецкэнерго -79 20
Орелэнерго -40 5
Смоленскэнерго -52 -7
Тамбовэнерго -25 -5
Тверьэнерго - 133 0
Ярэнерго -60 -7
Россети Центр и Приволжье (ГК) Владимирэнерго 0 1 448
Ивэнерго 0 779
Калугаэнерго 0 1 441
Кировэнерго 0 1 158
Мариэнерго 0 478
Нижновэнерго 0 3 348
Рязаньэнерго 0 1 093
Тулэнерго 0 1 695
Удмуртэнерго 0 1 616
Россети Юг (ГК) АО «ВМЭС» 0 4
Астраханьэнерго 1 -6
Волгоградэнерго - 140 -12
Калмэнерго -8 2
Ростовэнерго -47 16
Россети Янтарь Россети Янтарь -31 12'

07-03-2025T08:36:28 - [TEST_STEP][PASSED] - println("tableA: " + tableA): null

07-03-2025T08:36:28 - [TEST_STEP][PASSED] - for ([i = 1, i < 5, (i++)]): null

07-03-2025T08:36:28 - [TEST_STEP][PASSED] - ii = tableA.indexOf("/") + 1: null

07-03-2025T08:36:28 - [TEST_STEP][PASSED] - tableA = tableA.substring(ii, tableA.length()): null

07-03-2025T08:36:28 - [TEST_STEP][PASSED] - ii = tableA.indexOf("/") + 1: null

07-03-2025T08:36:28 - [TEST_STEP][PASSED] - tableA = tableA.substring(ii, tableA.length()): null

07-03-2025T08:36:28 - [TEST_STEP][PASSED] - ii = tableA.indexOf("/") + 1: null

07-03-2025T08:36:28 - [TEST_STEP][PASSED] - tableA = tableA.substring(ii, tableA.length()): null

07-03-2025T08:36:28 - [TEST_STEP][PASSED] - ii = tableA.indexOf("/") + 1: null

07-03-2025T08:36:28 - [TEST_STEP][PASSED] - tableA = tableA.substring(ii, tableA.length()): null

07-03-2025T08:36:28 - [TEST_STEP][PASSED] - println("tableA: " + tableA): null

07-03-2025T08:36:28 - [TEST_STEP][PASSED] - TyA = Script1719551244403.GetData(x = tableA): null

07-03-2025T08:36:28 - [TEST_STEP][PASSED] - i2 = <not implemented yet for class: org.codehaus.groovy.ast.expr.EmptyExpression>: null

07-03-2025T08:36:28 - [TEST_STEP][PASSED] - i2 = x.indexOf("/") + 1: null

07-03-2025T08:36:28 - [TEST_STEP][PASSED] - x = replaceAll("\p{P}", "").trim(): null

07-03-2025T08:36:28 - [TEST_STEP][PASSED] - return x: null

07-03-2025T08:36:28 - [TEST_STEP][PASSED] - println("TyA: " + TyA): null

07-03-2025T08:36:28 - [TEST_STEP][PASSED] - tableA = Script1719551244403.NewDZO(x = tableA): null

07-03-2025T08:36:28 - [TEST_STEP][PASSED] - i3 = <not implemented yet for class: org.codehaus.groovy.ast.expr.EmptyExpression>: null

07-03-2025T08:36:28 - [TEST_STEP][PASSED] - i3 = x.indexOf("/") + 1: null

07-03-2025T08:36:28 - [TEST_STEP][PASSED] - x = x.substring(i3, x.length()): null

07-03-2025T08:36:28 - [TEST_STEP][PASSED] - return x: null

07-03-2025T08:36:28 - [TEST_STEP][PASSED] - ChA = Script1719551244403.GetData(x = tableA): null

07-03-2025T08:36:28 - [TEST_STEP][PASSED] - i2 = <not implemented yet for class: org.codehaus.groovy.ast.expr.EmptyExpression>: null

07-03-2025T08:36:28 - [TEST_STEP][PASSED] - i2 = x.indexOf("/") + 1: null

07-03-2025T08:36:28 - [TEST_STEP][PASSED] - x = replaceAll("\p{P}", "").trim(): null

07-03-2025T08:36:28 - [TEST_STEP][PASSED] - return x: null

07-03-2025T08:36:28 - [TEST_STEP][PASSED] - println("ChA: " + ChA): null

07-03-2025T08:36:28 - [TEST_STEP][PASSED] - tableA = Script1719551244403.NewDZO(x = tableA): null

07-03-2025T08:36:28 - [TEST_STEP][PASSED] - i3 = <not implemented yet for class: org.codehaus.groovy.ast.expr.EmptyExpression>: null

07-03-2025T08:36:28 - [TEST_STEP][PASSED] - i3 = x.indexOf("/") + 1: null

07-03-2025T08:36:28 - [TEST_STEP][PASSED] - x = x.substring(i3, x.length()): null

07-03-2025T08:36:28 - [TEST_STEP][PASSED] - return x: null

07-03-2025T08:36:28 - [TEST_STEP][PASSED] - i = tableA.indexOf("Кубань"): null

07-03-2025T08:36:28 - [TEST_STEP][PASSED] - VA = replaceAll("\p{P}", "").trim(): null

07-03-2025T08:36:28 - [TEST_STEP][PASSED] - println("VA: " + VA): null

07-03-2025T08:36:28 - [TEST_STEP][PASSED] - for ([i = 1, i < 8, (i++)]): null

07-03-2025T08:36:28 - [TEST_STEP][PASSED] - tableA = Script1719551244403.NewDZO(x = tableA): null

07-03-2025T08:36:28 - [TEST_STEP][PASSED] - i3 = <not implemented yet for class: org.codehaus.groovy.ast.expr.EmptyExpression>: null

07-03-2025T08:36:28 - [TEST_STEP][PASSED] - i3 = x.indexOf("/") + 1: null

07-03-2025T08:36:28 - [TEST_STEP][PASSED] - x = x.substring(i3, x.length()): null

07-03-2025T08:36:28 - [TEST_STEP][PASSED] - return x: null

07-03-2025T08:36:28 - [TEST_STEP][PASSED] - tableA = Script1719551244403.NewDZO(x = tableA): null

07-03-2025T08:36:28 - [TEST_STEP][PASSED] - i3 = <not implemented yet for class: org.codehaus.groovy.ast.expr.EmptyExpression>: null

07-03-2025T08:36:28 - [TEST_STEP][PASSED] - i3 = x.indexOf("/") + 1: null

07-03-2025T08:36:28 - [TEST_STEP][PASSED] - x = x.substring(i3, x.length()): null

07-03-2025T08:36:28 - [TEST_STEP][PASSED] - return x: null

07-03-2025T08:36:28 - [TEST_STEP][PASSED] - tableA = Script1719551244403.NewDZO(x = tableA): null

07-03-2025T08:36:28 - [TEST_STEP][PASSED] - i3 = <not implemented yet for class: org.codehaus.groovy.ast.expr.EmptyExpression>: null

07-03-2025T08:36:28 - [TEST_STEP][PASSED] - i3 = x.indexOf("/") + 1: null

07-03-2025T08:36:28 - [TEST_STEP][PASSED] - x = x.substring(i3, x.length()): null

07-03-2025T08:36:28 - [TEST_STEP][PASSED] - return x: null

07-03-2025T08:36:28 - [TEST_STEP][PASSED] - tableA = Script1719551244403.NewDZO(x = tableA): null

07-03-2025T08:36:28 - [TEST_STEP][PASSED] - i3 = <not implemented yet for class: org.codehaus.groovy.ast.expr.EmptyExpression>: null

07-03-2025T08:36:28 - [TEST_STEP][PASSED] - i3 = x.indexOf("/") + 1: null

07-03-2025T08:36:28 - [TEST_STEP][PASSED] - x = x.substring(i3, x.length()): null

07-03-2025T08:36:28 - [TEST_STEP][PASSED] - return x: null

07-03-2025T08:36:28 - [TEST_STEP][PASSED] - tableA = Script1719551244403.NewDZO(x = tableA): null

07-03-2025T08:36:28 - [TEST_STEP][PASSED] - i3 = <not implemented yet for class: org.codehaus.groovy.ast.expr.EmptyExpression>: null

07-03-2025T08:36:28 - [TEST_STEP][PASSED] - i3 = x.indexOf("/") + 1: null

07-03-2025T08:36:28 - [TEST_STEP][PASSED] - x = x.substring(i3, x.length()): null

07-03-2025T08:36:28 - [TEST_STEP][PASSED] - return x: null

07-03-2025T08:36:28 - [TEST_STEP][PASSED] - tableA = Script1719551244403.NewDZO(x = tableA): null

07-03-2025T08:36:28 - [TEST_STEP][PASSED] - i3 = <not implemented yet for class: org.codehaus.groovy.ast.expr.EmptyExpression>: null

07-03-2025T08:36:28 - [TEST_STEP][PASSED] - i3 = x.indexOf("/") + 1: null

07-03-2025T08:36:28 - [TEST_STEP][PASSED] - x = x.substring(i3, x.length()): null

07-03-2025T08:36:28 - [TEST_STEP][PASSED] - return x: null

07-03-2025T08:36:28 - [TEST_STEP][PASSED] - tableA = Script1719551244403.NewDZO(x = tableA): null

07-03-2025T08:36:28 - [TEST_STEP][PASSED] - i3 = <not implemented yet for class: org.codehaus.groovy.ast.expr.EmptyExpression>: null

07-03-2025T08:36:28 - [TEST_STEP][PASSED] - i3 = x.indexOf("/") + 1: null

07-03-2025T08:36:28 - [TEST_STEP][PASSED] - x = x.substring(i3, x.length()): null

07-03-2025T08:36:28 - [TEST_STEP][PASSED] - return x: null

07-03-2025T08:36:28 - [TEST_STEP][PASSED] - i = tableA.indexOf("Ленэнерго"): null

07-03-2025T08:36:28 - [TEST_STEP][PASSED] - KuA = Script1719551244403.GetData(x = tableA): null

07-03-2025T08:36:28 - [TEST_STEP][PASSED] - i2 = <not implemented yet for class: org.codehaus.groovy.ast.expr.EmptyExpression>: null

07-03-2025T08:36:28 - [TEST_STEP][PASSED] - i2 = x.indexOf("/") + 1: null

07-03-2025T08:36:28 - [TEST_STEP][PASSED] - x = replaceAll("\p{P}", "").trim(): null

07-03-2025T08:36:28 - [TEST_STEP][PASSED] - return x: null

07-03-2025T08:36:28 - [TEST_STEP][PASSED] - println("KuA: " + KuA): null

07-03-2025T08:36:28 - [TEST_STEP][PASSED] - tableA = Script1719551244403.NewDZO(x = tableA): null

07-03-2025T08:36:28 - [TEST_STEP][PASSED] - i3 = <not implemented yet for class: org.codehaus.groovy.ast.expr.EmptyExpression>: null

07-03-2025T08:36:28 - [TEST_STEP][PASSED] - i3 = x.indexOf("/") + 1: null

07-03-2025T08:36:28 - [TEST_STEP][PASSED] - x = x.substring(i3, x.length()): null

07-03-2025T08:36:28 - [TEST_STEP][PASSED] - return x: null

07-03-2025T08:36:28 - [TEST_STEP][PASSED] - i = tableA.indexOf("Московский"): null

07-03-2025T08:36:28 - [TEST_STEP][PASSED] - LenA = replaceAll("\p{P}", "").trim(): null

07-03-2025T08:36:28 - [TEST_STEP][PASSED] - println("LenA: " + LenA): null

07-03-2025T08:36:28 - [TEST_STEP][PASSED] - tableA = Script1719551244403.NewDZO(x = tableA): null

07-03-2025T08:36:28 - [TEST_STEP][PASSED] - i3 = <not implemented yet for class: org.codehaus.groovy.ast.expr.EmptyExpression>: null

07-03-2025T08:36:28 - [TEST_STEP][PASSED] - i3 = x.indexOf("/") + 1: null

07-03-2025T08:36:28 - [TEST_STEP][PASSED] - x = x.substring(i3, x.length()): null

07-03-2025T08:36:28 - [TEST_STEP][PASSED] - return x: null

07-03-2025T08:36:28 - [TEST_STEP][PASSED] - tableA = Script1719551244403.NewDZO(x = tableA): null

07-03-2025T08:36:28 - [TEST_STEP][PASSED] - i3 = <not implemented yet for class: org.codehaus.groovy.ast.expr.EmptyExpression>: null

07-03-2025T08:36:28 - [TEST_STEP][PASSED] - i3 = x.indexOf("/") + 1: null

07-03-2025T08:36:28 - [TEST_STEP][PASSED] - x = x.substring(i3, x.length()): null

07-03-2025T08:36:28 - [TEST_STEP][PASSED] - return x: null

07-03-2025T08:36:28 - [TEST_STEP][PASSED] - i = tableA.indexOf("Кавказ"): null

07-03-2025T08:36:28 - [TEST_STEP][PASSED] - MosA = replaceAll("\p{P}", "").trim(): null

07-03-2025T08:36:28 - [TEST_STEP][PASSED] - println("MosA: " + MosA): null

07-03-2025T08:36:28 - [TEST_STEP][PASSED] - for ([i = 1, i < 3, (i++)]): null

07-03-2025T08:36:28 - [TEST_STEP][PASSED] - tableA = Script1719551244403.NewDZO(x = tableA): null

07-03-2025T08:36:28 - [TEST_STEP][PASSED] - i3 = <not implemented yet for class: org.codehaus.groovy.ast.expr.EmptyExpression>: null

07-03-2025T08:36:28 - [TEST_STEP][PASSED] - i3 = x.indexOf("/") + 1: null

07-03-2025T08:36:28 - [TEST_STEP][PASSED] - x = x.substring(i3, x.length()): null

07-03-2025T08:36:28 - [TEST_STEP][PASSED] - return x: null

07-03-2025T08:36:28 - [TEST_STEP][PASSED] - tableA = Script1719551244403.NewDZO(x = tableA): null

07-03-2025T08:36:28 - [TEST_STEP][PASSED] - i3 = <not implemented yet for class: org.codehaus.groovy.ast.expr.EmptyExpression>: null

07-03-2025T08:36:28 - [TEST_STEP][PASSED] - i3 = x.indexOf("/") + 1: null

07-03-2025T08:36:28 - [TEST_STEP][PASSED] - x = x.substring(i3, x.length()): null

07-03-2025T08:36:28 - [TEST_STEP][PASSED] - return x: null

07-03-2025T08:36:28 - [TEST_STEP][PASSED] - i = tableA.indexOf("Запад"): null

07-03-2025T08:36:28 - [TEST_STEP][PASSED] - SKA = replaceAll("\p{P}", "").trim(): null

07-03-2025T08:36:28 - [TEST_STEP][PASSED] - println("SKA: " + SKA): null

07-03-2025T08:36:28 - [TEST_STEP][PASSED] - for ([i = 1, i < 7, (i++)]): null

07-03-2025T08:36:28 - [TEST_STEP][PASSED] - tableA = Script1719551244403.NewDZO(x = tableA): null

07-03-2025T08:36:28 - [TEST_STEP][PASSED] - i3 = <not implemented yet for class: org.codehaus.groovy.ast.expr.EmptyExpression>: null

07-03-2025T08:36:28 - [TEST_STEP][PASSED] - i3 = x.indexOf("/") + 1: null

07-03-2025T08:36:28 - [TEST_STEP][PASSED] - x = x.substring(i3, x.length()): null

07-03-2025T08:36:28 - [TEST_STEP][PASSED] - return x: null

07-03-2025T08:36:28 - [TEST_STEP][PASSED] - tableA = Script1719551244403.NewDZO(x = tableA): null

07-03-2025T08:36:28 - [TEST_STEP][PASSED] - i3 = <not implemented yet for class: org.codehaus.groovy.ast.expr.EmptyExpression>: null

07-03-2025T08:36:28 - [TEST_STEP][PASSED] - i3 = x.indexOf("/") + 1: null

07-03-2025T08:36:28 - [TEST_STEP][PASSED] - x = x.substring(i3, x.length()): null

07-03-2025T08:36:28 - [TEST_STEP][PASSED] - return x: null

07-03-2025T08:36:28 - [TEST_STEP][PASSED] - tableA = Script1719551244403.NewDZO(x = tableA): null

07-03-2025T08:36:28 - [TEST_STEP][PASSED] - i3 = <not implemented yet for class: org.codehaus.groovy.ast.expr.EmptyExpression>: null

07-03-2025T08:36:28 - [TEST_STEP][PASSED] - i3 = x.indexOf("/") + 1: null

07-03-2025T08:36:28 - [TEST_STEP][PASSED] - x = x.substring(i3, x.length()): null

07-03-2025T08:36:28 - [TEST_STEP][PASSED] - return x: null

07-03-2025T08:36:28 - [TEST_STEP][PASSED] - tableA = Script1719551244403.NewDZO(x = tableA): null

07-03-2025T08:36:28 - [TEST_STEP][PASSED] - i3 = <not implemented yet for class: org.codehaus.groovy.ast.expr.EmptyExpression>: null

07-03-2025T08:36:28 - [TEST_STEP][PASSED] - i3 = x.indexOf("/") + 1: null

07-03-2025T08:36:28 - [TEST_STEP][PASSED] - x = x.substring(i3, x.length()): null

07-03-2025T08:36:28 - [TEST_STEP][PASSED] - return x: null

07-03-2025T08:36:28 - [TEST_STEP][PASSED] - tableA = Script1719551244403.NewDZO(x = tableA): null

07-03-2025T08:36:28 - [TEST_STEP][PASSED] - i3 = <not implemented yet for class: org.codehaus.groovy.ast.expr.EmptyExpression>: null

07-03-2025T08:36:28 - [TEST_STEP][PASSED] - i3 = x.indexOf("/") + 1: null

07-03-2025T08:36:28 - [TEST_STEP][PASSED] - x = x.substring(i3, x.length()): null

07-03-2025T08:36:28 - [TEST_STEP][PASSED] - return x: null

07-03-2025T08:36:28 - [TEST_STEP][PASSED] - tableA = Script1719551244403.NewDZO(x = tableA): null

07-03-2025T08:36:28 - [TEST_STEP][PASSED] - i3 = <not implemented yet for class: org.codehaus.groovy.ast.expr.EmptyExpression>: null

07-03-2025T08:36:28 - [TEST_STEP][PASSED] - i3 = x.indexOf("/") + 1: null

07-03-2025T08:36:28 - [TEST_STEP][PASSED] - x = x.substring(i3, x.length()): null

07-03-2025T08:36:28 - [TEST_STEP][PASSED] - return x: null

07-03-2025T08:36:28 - [TEST_STEP][PASSED] - i = tableA.indexOf("Сибирь"): null

07-03-2025T08:36:28 - [TEST_STEP][PASSED] - SZA = replaceAll("\p{P}", "").trim(): null

07-03-2025T08:36:28 - [TEST_STEP][PASSED] - println("SZA: " + SZA): null

07-03-2025T08:36:28 - [TEST_STEP][PASSED] - for ([i = 1, i < 8, (i++)]): null

07-03-2025T08:36:28 - [TEST_STEP][PASSED] - tableA = Script1719551244403.NewDZO(x = tableA): null

07-03-2025T08:36:28 - [TEST_STEP][PASSED] - i3 = <not implemented yet for class: org.codehaus.groovy.ast.expr.EmptyExpression>: null

07-03-2025T08:36:28 - [TEST_STEP][PASSED] - i3 = x.indexOf("/") + 1: null

07-03-2025T08:36:28 - [TEST_STEP][PASSED] - x = x.substring(i3, x.length()): null

07-03-2025T08:36:28 - [TEST_STEP][PASSED] - return x: null

07-03-2025T08:36:28 - [TEST_STEP][PASSED] - tableA = Script1719551244403.NewDZO(x = tableA): null

07-03-2025T08:36:28 - [TEST_STEP][PASSED] - i3 = <not implemented yet for class: org.codehaus.groovy.ast.expr.EmptyExpression>: null

07-03-2025T08:36:28 - [TEST_STEP][PASSED] - i3 = x.indexOf("/") + 1: null

07-03-2025T08:36:28 - [TEST_STEP][PASSED] - x = x.substring(i3, x.length()): null

07-03-2025T08:36:28 - [TEST_STEP][PASSED] - return x: null

07-03-2025T08:36:28 - [TEST_STEP][PASSED] - tableA = Script1719551244403.NewDZO(x = tableA): null

07-03-2025T08:36:28 - [TEST_STEP][PASSED] - i3 = <not implemented yet for class: org.codehaus.groovy.ast.expr.EmptyExpression>: null

07-03-2025T08:36:28 - [TEST_STEP][PASSED] - i3 = x.indexOf("/") + 1: null

07-03-2025T08:36:28 - [TEST_STEP][PASSED] - x = x.substring(i3, x.length()): null

07-03-2025T08:36:28 - [TEST_STEP][PASSED] - return x: null

07-03-2025T08:36:28 - [TEST_STEP][PASSED] - tableA = Script1719551244403.NewDZO(x = tableA): null

07-03-2025T08:36:28 - [TEST_STEP][PASSED] - i3 = <not implemented yet for class: org.codehaus.groovy.ast.expr.EmptyExpression>: null

07-03-2025T08:36:28 - [TEST_STEP][PASSED] - i3 = x.indexOf("/") + 1: null

07-03-2025T08:36:28 - [TEST_STEP][PASSED] - x = x.substring(i3, x.length()): null

07-03-2025T08:36:28 - [TEST_STEP][PASSED] - return x: null

07-03-2025T08:36:28 - [TEST_STEP][PASSED] - tableA = Script1719551244403.NewDZO(x = tableA): null

07-03-2025T08:36:28 - [TEST_STEP][PASSED] - i3 = <not implemented yet for class: org.codehaus.groovy.ast.expr.EmptyExpression>: null

07-03-2025T08:36:28 - [TEST_STEP][PASSED] - i3 = x.indexOf("/") + 1: null

07-03-2025T08:36:28 - [TEST_STEP][PASSED] - x = x.substring(i3, x.length()): null

07-03-2025T08:36:28 - [TEST_STEP][PASSED] - return x: null

07-03-2025T08:36:28 - [TEST_STEP][PASSED] - tableA = Script1719551244403.NewDZO(x = tableA): null

07-03-2025T08:36:28 - [TEST_STEP][PASSED] - i3 = <not implemented yet for class: org.codehaus.groovy.ast.expr.EmptyExpression>: null

07-03-2025T08:36:28 - [TEST_STEP][PASSED] - i3 = x.indexOf("/") + 1: null

07-03-2025T08:36:28 - [TEST_STEP][PASSED] - x = x.substring(i3, x.length()): null

07-03-2025T08:36:28 - [TEST_STEP][PASSED] - return x: null

07-03-2025T08:36:28 - [TEST_STEP][PASSED] - tableA = Script1719551244403.NewDZO(x = tableA): null

07-03-2025T08:36:28 - [TEST_STEP][PASSED] - i3 = <not implemented yet for class: org.codehaus.groovy.ast.expr.EmptyExpression>: null

07-03-2025T08:36:28 - [TEST_STEP][PASSED] - i3 = x.indexOf("/") + 1: null

07-03-2025T08:36:28 - [TEST_STEP][PASSED] - x = x.substring(i3, x.length()): null

07-03-2025T08:36:28 - [TEST_STEP][PASSED] - return x: null

07-03-2025T08:36:28 - [TEST_STEP][PASSED] - i = tableA.indexOf("Томск"): null

07-03-2025T08:36:28 - [TEST_STEP][PASSED] - SiA = replaceAll("\p{P}", "").trim(): null

07-03-2025T08:36:28 - [TEST_STEP][PASSED] - println("SiA: " + SiA): null

07-03-2025T08:36:28 - [TEST_STEP][PASSED] - for ([i = 1, i < 9, (i++)]): null

07-03-2025T08:36:28 - [TEST_STEP][PASSED] - tableA = Script1719551244403.NewDZO(x = tableA): null

07-03-2025T08:36:28 - [TEST_STEP][PASSED] - i3 = <not implemented yet for class: org.codehaus.groovy.ast.expr.EmptyExpression>: null

07-03-2025T08:36:28 - [TEST_STEP][PASSED] - i3 = x.indexOf("/") + 1: null

07-03-2025T08:36:28 - [TEST_STEP][PASSED] - x = x.substring(i3, x.length()): null

07-03-2025T08:36:28 - [TEST_STEP][PASSED] - return x: null

07-03-2025T08:36:28 - [TEST_STEP][PASSED] - tableA = Script1719551244403.NewDZO(x = tableA): null

07-03-2025T08:36:28 - [TEST_STEP][PASSED] - i3 = <not implemented yet for class: org.codehaus.groovy.ast.expr.EmptyExpression>: null

07-03-2025T08:36:28 - [TEST_STEP][PASSED] - i3 = x.indexOf("/") + 1: null

07-03-2025T08:36:28 - [TEST_STEP][PASSED] - x = x.substring(i3, x.length()): null

07-03-2025T08:36:28 - [TEST_STEP][PASSED] - return x: null

07-03-2025T08:36:28 - [TEST_STEP][PASSED] - tableA = Script1719551244403.NewDZO(x = tableA): null

07-03-2025T08:36:28 - [TEST_STEP][PASSED] - i3 = <not implemented yet for class: org.codehaus.groovy.ast.expr.EmptyExpression>: null

07-03-2025T08:36:28 - [TEST_STEP][PASSED] - i3 = x.indexOf("/") + 1: null

07-03-2025T08:36:28 - [TEST_STEP][PASSED] - x = x.substring(i3, x.length()): null

07-03-2025T08:36:28 - [TEST_STEP][PASSED] - return x: null

07-03-2025T08:36:28 - [TEST_STEP][PASSED] - tableA = Script1719551244403.NewDZO(x = tableA): null

07-03-2025T08:36:28 - [TEST_STEP][PASSED] - i3 = <not implemented yet for class: org.codehaus.groovy.ast.expr.EmptyExpression>: null

07-03-2025T08:36:28 - [TEST_STEP][PASSED] - i3 = x.indexOf("/") + 1: null

07-03-2025T08:36:28 - [TEST_STEP][PASSED] - x = x.substring(i3, x.length()): null

07-03-2025T08:36:28 - [TEST_STEP][PASSED] - return x: null

07-03-2025T08:36:28 - [TEST_STEP][PASSED] - tableA = Script1719551244403.NewDZO(x = tableA): null

07-03-2025T08:36:28 - [TEST_STEP][PASSED] - i3 = <not implemented yet for class: org.codehaus.groovy.ast.expr.EmptyExpression>: null

07-03-2025T08:36:28 - [TEST_STEP][PASSED] - i3 = x.indexOf("/") + 1: null

07-03-2025T08:36:28 - [TEST_STEP][PASSED] - x = x.substring(i3, x.length()): null

07-03-2025T08:36:28 - [TEST_STEP][PASSED] - return x: null

07-03-2025T08:36:28 - [TEST_STEP][PASSED] - tableA = Script1719551244403.NewDZO(x = tableA): null

07-03-2025T08:36:28 - [TEST_STEP][PASSED] - i3 = <not implemented yet for class: org.codehaus.groovy.ast.expr.EmptyExpression>: null

07-03-2025T08:36:28 - [TEST_STEP][PASSED] - i3 = x.indexOf("/") + 1: null

07-03-2025T08:36:28 - [TEST_STEP][PASSED] - x = x.substring(i3, x.length()): null

07-03-2025T08:36:28 - [TEST_STEP][PASSED] - return x: null

07-03-2025T08:36:28 - [TEST_STEP][PASSED] - tableA = Script1719551244403.NewDZO(x = tableA): null

07-03-2025T08:36:28 - [TEST_STEP][PASSED] - i3 = <not implemented yet for class: org.codehaus.groovy.ast.expr.EmptyExpression>: null

07-03-2025T08:36:28 - [TEST_STEP][PASSED] - i3 = x.indexOf("/") + 1: null

07-03-2025T08:36:28 - [TEST_STEP][PASSED] - x = x.substring(i3, x.length()): null

07-03-2025T08:36:28 - [TEST_STEP][PASSED] - return x: null

07-03-2025T08:36:28 - [TEST_STEP][PASSED] - tableA = Script1719551244403.NewDZO(x = tableA): null

07-03-2025T08:36:28 - [TEST_STEP][PASSED] - i3 = <not implemented yet for class: org.codehaus.groovy.ast.expr.EmptyExpression>: null

07-03-2025T08:36:28 - [TEST_STEP][PASSED] - i3 = x.indexOf("/") + 1: null

07-03-2025T08:36:28 - [TEST_STEP][PASSED] - x = x.substring(i3, x.length()): null

07-03-2025T08:36:28 - [TEST_STEP][PASSED] - return x: null

07-03-2025T08:36:28 - [TEST_STEP][PASSED] - i = tableA.indexOf("Тюмень"): null

07-03-2025T08:36:28 - [TEST_STEP][PASSED] - ToA = replaceAll("\p{P}", "").trim(): null

07-03-2025T08:36:28 - [TEST_STEP][PASSED] - println("ToA: " + ToA): null

07-03-2025T08:36:28 - [TEST_STEP][PASSED] - tableA = Script1719551244403.NewDZO(x = tableA): null

07-03-2025T08:36:28 - [TEST_STEP][PASSED] - i3 = <not implemented yet for class: org.codehaus.groovy.ast.expr.EmptyExpression>: null

07-03-2025T08:36:28 - [TEST_STEP][PASSED] - i3 = x.indexOf("/") + 1: null

07-03-2025T08:36:28 - [TEST_STEP][PASSED] - x = x.substring(i3, x.length()): null

07-03-2025T08:36:28 - [TEST_STEP][PASSED] - return x: null

07-03-2025T08:36:28 - [TEST_STEP][PASSED] - TyuA = replaceAll("\p{P}", "").trim(): null

07-03-2025T08:36:28 - [TEST_STEP][PASSED] - println("TyuA: " + TyuA): null

07-03-2025T08:36:28 - [TEST_STEP][PASSED] - tableA = Script1719551244403.NewDZO(x = tableA): null

07-03-2025T08:36:28 - [TEST_STEP][PASSED] - i3 = <not implemented yet for class: org.codehaus.groovy.ast.expr.EmptyExpression>: null

07-03-2025T08:36:28 - [TEST_STEP][PASSED] - i3 = x.indexOf("/") + 1: null

07-03-2025T08:36:28 - [TEST_STEP][PASSED] - x = x.substring(i3, x.length()): null

07-03-2025T08:36:28 - [TEST_STEP][PASSED] - return x: null

07-03-2025T08:36:28 - [TEST_STEP][PASSED] - i = tableA.indexOf("ЕЭС"): null

07-03-2025T08:36:28 - [TEST_STEP][PASSED] - UrA = replaceAll("\p{P}", "").trim(): null

07-03-2025T08:36:28 - [TEST_STEP][PASSED] - println("UrA: " + UrA): null

07-03-2025T08:36:28 - [TEST_STEP][PASSED] - for ([i = 1, i < 4, (i++)]): null

07-03-2025T08:36:28 - [TEST_STEP][PASSED] - tableA = Script1719551244403.NewDZO(x = tableA): null

07-03-2025T08:36:28 - [TEST_STEP][PASSED] - i3 = <not implemented yet for class: org.codehaus.groovy.ast.expr.EmptyExpression>: null

07-03-2025T08:36:28 - [TEST_STEP][PASSED] - i3 = x.indexOf("/") + 1: null

07-03-2025T08:36:28 - [TEST_STEP][PASSED] - x = x.substring(i3, x.length()): null

07-03-2025T08:36:28 - [TEST_STEP][PASSED] - return x: null

07-03-2025T08:36:28 - [TEST_STEP][PASSED] - tableA = Script1719551244403.NewDZO(x = tableA): null

07-03-2025T08:36:28 - [TEST_STEP][PASSED] - i3 = <not implemented yet for class: org.codehaus.groovy.ast.expr.EmptyExpression>: null

07-03-2025T08:36:28 - [TEST_STEP][PASSED] - i3 = x.indexOf("/") + 1: null

07-03-2025T08:36:28 - [TEST_STEP][PASSED] - x = x.substring(i3, x.length()): null

07-03-2025T08:36:28 - [TEST_STEP][PASSED] - return x: null

07-03-2025T08:36:28 - [TEST_STEP][PASSED] - tableA = Script1719551244403.NewDZO(x = tableA): null

07-03-2025T08:36:28 - [TEST_STEP][PASSED] - i3 = <not implemented yet for class: org.codehaus.groovy.ast.expr.EmptyExpression>: null

07-03-2025T08:36:28 - [TEST_STEP][PASSED] - i3 = x.indexOf("/") + 1: null

07-03-2025T08:36:28 - [TEST_STEP][PASSED] - x = x.substring(i3, x.length()): null

07-03-2025T08:36:28 - [TEST_STEP][PASSED] - return x: null

07-03-2025T08:36:28 - [TEST_STEP][PASSED] - i = tableA.indexOf("Центр"): null

07-03-2025T08:36:28 - [TEST_STEP][PASSED] - FSKA = replaceAll("\p{P}", "").trim(): null

07-03-2025T08:36:28 - [TEST_STEP][PASSED] - println("FSKA: " + FSKA): null

07-03-2025T08:36:28 - [TEST_STEP][PASSED] - tableA = Script1719551244403.NewDZO(x = tableA): null

07-03-2025T08:36:28 - [TEST_STEP][PASSED] - i3 = <not implemented yet for class: org.codehaus.groovy.ast.expr.EmptyExpression>: null

07-03-2025T08:36:28 - [TEST_STEP][PASSED] - i3 = x.indexOf("/") + 1: null

07-03-2025T08:36:28 - [TEST_STEP][PASSED] - x = x.substring(i3, x.length()): null

07-03-2025T08:36:28 - [TEST_STEP][PASSED] - return x: null

07-03-2025T08:36:28 - [TEST_STEP][PASSED] - i = tableA.indexOf("Приволжье"): null

07-03-2025T08:36:28 - [TEST_STEP][PASSED] - CenA = replaceAll("\p{P}", "").trim(): null

07-03-2025T08:36:28 - [TEST_STEP][PASSED] - println("CenA: " + CenA): null

07-03-2025T08:36:28 - [TEST_STEP][PASSED] - for ([i = 1, i < 12, (i++)]): null

07-03-2025T08:36:28 - [TEST_STEP][PASSED] - tableA = Script1719551244403.NewDZO(x = tableA): null

07-03-2025T08:36:28 - [TEST_STEP][PASSED] - i3 = <not implemented yet for class: org.codehaus.groovy.ast.expr.EmptyExpression>: null

07-03-2025T08:36:28 - [TEST_STEP][PASSED] - i3 = x.indexOf("/") + 1: null

07-03-2025T08:36:28 - [TEST_STEP][PASSED] - x = x.substring(i3, x.length()): null

07-03-2025T08:36:28 - [TEST_STEP][PASSED] - return x: null

07-03-2025T08:36:28 - [TEST_STEP][PASSED] - tableA = Script1719551244403.NewDZO(x = tableA): null

07-03-2025T08:36:28 - [TEST_STEP][PASSED] - i3 = <not implemented yet for class: org.codehaus.groovy.ast.expr.EmptyExpression>: null

07-03-2025T08:36:28 - [TEST_STEP][PASSED] - i3 = x.indexOf("/") + 1: null

07-03-2025T08:36:28 - [TEST_STEP][PASSED] - x = x.substring(i3, x.length()): null

07-03-2025T08:36:28 - [TEST_STEP][PASSED] - return x: null

07-03-2025T08:36:28 - [TEST_STEP][PASSED] - tableA = Script1719551244403.NewDZO(x = tableA): null

07-03-2025T08:36:28 - [TEST_STEP][PASSED] - i3 = <not implemented yet for class: org.codehaus.groovy.ast.expr.EmptyExpression>: null

07-03-2025T08:36:28 - [TEST_STEP][PASSED] - i3 = x.indexOf("/") + 1: null

07-03-2025T08:36:28 - [TEST_STEP][PASSED] - x = x.substring(i3, x.length()): null

07-03-2025T08:36:28 - [TEST_STEP][PASSED] - return x: null

07-03-2025T08:36:28 - [TEST_STEP][PASSED] - tableA = Script1719551244403.NewDZO(x = tableA): null

07-03-2025T08:36:28 - [TEST_STEP][PASSED] - i3 = <not implemented yet for class: org.codehaus.groovy.ast.expr.EmptyExpression>: null

07-03-2025T08:36:28 - [TEST_STEP][PASSED] - i3 = x.indexOf("/") + 1: null

07-03-2025T08:36:28 - [TEST_STEP][PASSED] - x = x.substring(i3, x.length()): null

07-03-2025T08:36:28 - [TEST_STEP][PASSED] - return x: null

07-03-2025T08:36:28 - [TEST_STEP][PASSED] - tableA = Script1719551244403.NewDZO(x = tableA): null

07-03-2025T08:36:28 - [TEST_STEP][PASSED] - i3 = <not implemented yet for class: org.codehaus.groovy.ast.expr.EmptyExpression>: null

07-03-2025T08:36:28 - [TEST_STEP][PASSED] - i3 = x.indexOf("/") + 1: null

07-03-2025T08:36:28 - [TEST_STEP][PASSED] - x = x.substring(i3, x.length()): null

07-03-2025T08:36:28 - [TEST_STEP][PASSED] - return x: null

07-03-2025T08:36:28 - [TEST_STEP][PASSED] - tableA = Script1719551244403.NewDZO(x = tableA): null

07-03-2025T08:36:28 - [TEST_STEP][PASSED] - i3 = <not implemented yet for class: org.codehaus.groovy.ast.expr.EmptyExpression>: null

07-03-2025T08:36:28 - [TEST_STEP][PASSED] - i3 = x.indexOf("/") + 1: null

07-03-2025T08:36:28 - [TEST_STEP][PASSED] - x = x.substring(i3, x.length()): null

07-03-2025T08:36:28 - [TEST_STEP][PASSED] - return x: null

07-03-2025T08:36:28 - [TEST_STEP][PASSED] - tableA = Script1719551244403.NewDZO(x = tableA): null

07-03-2025T08:36:28 - [TEST_STEP][PASSED] - i3 = <not implemented yet for class: org.codehaus.groovy.ast.expr.EmptyExpression>: null

07-03-2025T08:36:28 - [TEST_STEP][PASSED] - i3 = x.indexOf("/") + 1: null

07-03-2025T08:36:28 - [TEST_STEP][PASSED] - x = x.substring(i3, x.length()): null

07-03-2025T08:36:28 - [TEST_STEP][PASSED] - return x: null

07-03-2025T08:36:28 - [TEST_STEP][PASSED] - tableA = Script1719551244403.NewDZO(x = tableA): null

07-03-2025T08:36:28 - [TEST_STEP][PASSED] - i3 = <not implemented yet for class: org.codehaus.groovy.ast.expr.EmptyExpression>: null

07-03-2025T08:36:28 - [TEST_STEP][PASSED] - i3 = x.indexOf("/") + 1: null

07-03-2025T08:36:28 - [TEST_STEP][PASSED] - x = x.substring(i3, x.length()): null

07-03-2025T08:36:28 - [TEST_STEP][PASSED] - return x: null

07-03-2025T08:36:28 - [TEST_STEP][PASSED] - tableA = Script1719551244403.NewDZO(x = tableA): null

07-03-2025T08:36:28 - [TEST_STEP][PASSED] - i3 = <not implemented yet for class: org.codehaus.groovy.ast.expr.EmptyExpression>: null

07-03-2025T08:36:28 - [TEST_STEP][PASSED] - i3 = x.indexOf("/") + 1: null

07-03-2025T08:36:28 - [TEST_STEP][PASSED] - x = x.substring(i3, x.length()): null

07-03-2025T08:36:28 - [TEST_STEP][PASSED] - return x: null

07-03-2025T08:36:28 - [TEST_STEP][PASSED] - tableA = Script1719551244403.NewDZO(x = tableA): null

07-03-2025T08:36:28 - [TEST_STEP][PASSED] - i3 = <not implemented yet for class: org.codehaus.groovy.ast.expr.EmptyExpression>: null

07-03-2025T08:36:28 - [TEST_STEP][PASSED] - i3 = x.indexOf("/") + 1: null

07-03-2025T08:36:28 - [TEST_STEP][PASSED] - x = x.substring(i3, x.length()): null

07-03-2025T08:36:28 - [TEST_STEP][PASSED] - return x: null

07-03-2025T08:36:28 - [TEST_STEP][PASSED] - tableA = Script1719551244403.NewDZO(x = tableA): null

07-03-2025T08:36:28 - [TEST_STEP][PASSED] - i3 = <not implemented yet for class: org.codehaus.groovy.ast.expr.EmptyExpression>: null

07-03-2025T08:36:28 - [TEST_STEP][PASSED] - i3 = x.indexOf("/") + 1: null

07-03-2025T08:36:28 - [TEST_STEP][PASSED] - x = x.substring(i3, x.length()): null

07-03-2025T08:36:28 - [TEST_STEP][PASSED] - return x: null

07-03-2025T08:36:28 - [TEST_STEP][PASSED] - i = tableA.indexOf("Юг"): null

07-03-2025T08:36:28 - [TEST_STEP][PASSED] - CiPA = replaceAll("\p{P}", "").trim(): null

07-03-2025T08:36:28 - [TEST_STEP][PASSED] - println("CiPA: " + CiPA): null

07-03-2025T08:36:28 - [TEST_STEP][PASSED] - for ([i = 1, i < 10, (i++)]): null

07-03-2025T08:36:28 - [TEST_STEP][PASSED] - tableA = Script1719551244403.NewDZO(x = tableA): null

07-03-2025T08:36:28 - [TEST_STEP][PASSED] - i3 = <not implemented yet for class: org.codehaus.groovy.ast.expr.EmptyExpression>: null

07-03-2025T08:36:28 - [TEST_STEP][PASSED] - i3 = x.indexOf("/") + 1: null

07-03-2025T08:36:28 - [TEST_STEP][PASSED] - x = x.substring(i3, x.length()): null

07-03-2025T08:36:28 - [TEST_STEP][PASSED] - return x: null

07-03-2025T08:36:28 - [TEST_STEP][PASSED] - tableA = Script1719551244403.NewDZO(x = tableA): null

07-03-2025T08:36:28 - [TEST_STEP][PASSED] - i3 = <not implemented yet for class: org.codehaus.groovy.ast.expr.EmptyExpression>: null

07-03-2025T08:36:28 - [TEST_STEP][PASSED] - i3 = x.indexOf("/") + 1: null

07-03-2025T08:36:28 - [TEST_STEP][PASSED] - x = x.substring(i3, x.length()): null

07-03-2025T08:36:28 - [TEST_STEP][PASSED] - return x: null

07-03-2025T08:36:28 - [TEST_STEP][PASSED] - tableA = Script1719551244403.NewDZO(x = tableA): null

07-03-2025T08:36:28 - [TEST_STEP][PASSED] - i3 = <not implemented yet for class: org.codehaus.groovy.ast.expr.EmptyExpression>: null

07-03-2025T08:36:28 - [TEST_STEP][PASSED] - i3 = x.indexOf("/") + 1: null

07-03-2025T08:36:28 - [TEST_STEP][PASSED] - x = x.substring(i3, x.length()): null

07-03-2025T08:36:28 - [TEST_STEP][PASSED] - return x: null

07-03-2025T08:36:28 - [TEST_STEP][PASSED] - tableA = Script1719551244403.NewDZO(x = tableA): null

07-03-2025T08:36:28 - [TEST_STEP][PASSED] - i3 = <not implemented yet for class: org.codehaus.groovy.ast.expr.EmptyExpression>: null

07-03-2025T08:36:28 - [TEST_STEP][PASSED] - i3 = x.indexOf("/") + 1: null

07-03-2025T08:36:28 - [TEST_STEP][PASSED] - x = x.substring(i3, x.length()): null

07-03-2025T08:36:28 - [TEST_STEP][PASSED] - return x: null

07-03-2025T08:36:28 - [TEST_STEP][PASSED] - tableA = Script1719551244403.NewDZO(x = tableA): null

07-03-2025T08:36:28 - [TEST_STEP][PASSED] - i3 = <not implemented yet for class: org.codehaus.groovy.ast.expr.EmptyExpression>: null

07-03-2025T08:36:28 - [TEST_STEP][PASSED] - i3 = x.indexOf("/") + 1: null

07-03-2025T08:36:28 - [TEST_STEP][PASSED] - x = x.substring(i3, x.length()): null

07-03-2025T08:36:28 - [TEST_STEP][PASSED] - return x: null

07-03-2025T08:36:28 - [TEST_STEP][PASSED] - tableA = Script1719551244403.NewDZO(x = tableA): null

07-03-2025T08:36:28 - [TEST_STEP][PASSED] - i3 = <not implemented yet for class: org.codehaus.groovy.ast.expr.EmptyExpression>: null

07-03-2025T08:36:28 - [TEST_STEP][PASSED] - i3 = x.indexOf("/") + 1: null

07-03-2025T08:36:28 - [TEST_STEP][PASSED] - x = x.substring(i3, x.length()): null

07-03-2025T08:36:28 - [TEST_STEP][PASSED] - return x: null

07-03-2025T08:36:28 - [TEST_STEP][PASSED] - tableA = Script1719551244403.NewDZO(x = tableA): null

07-03-2025T08:36:28 - [TEST_STEP][PASSED] - i3 = <not implemented yet for class: org.codehaus.groovy.ast.expr.EmptyExpression>: null

07-03-2025T08:36:28 - [TEST_STEP][PASSED] - i3 = x.indexOf("/") + 1: null

07-03-2025T08:36:28 - [TEST_STEP][PASSED] - x = x.substring(i3, x.length()): null

07-03-2025T08:36:28 - [TEST_STEP][PASSED] - return x: null

07-03-2025T08:36:28 - [TEST_STEP][PASSED] - tableA = Script1719551244403.NewDZO(x = tableA): null

07-03-2025T08:36:28 - [TEST_STEP][PASSED] - i3 = <not implemented yet for class: org.codehaus.groovy.ast.expr.EmptyExpression>: null

07-03-2025T08:36:28 - [TEST_STEP][PASSED] - i3 = x.indexOf("/") + 1: null

07-03-2025T08:36:28 - [TEST_STEP][PASSED] - x = x.substring(i3, x.length()): null

07-03-2025T08:36:28 - [TEST_STEP][PASSED] - return x: null

07-03-2025T08:36:28 - [TEST_STEP][PASSED] - tableA = Script1719551244403.NewDZO(x = tableA): null

07-03-2025T08:36:28 - [TEST_STEP][PASSED] - i3 = <not implemented yet for class: org.codehaus.groovy.ast.expr.EmptyExpression>: null

07-03-2025T08:36:28 - [TEST_STEP][PASSED] - i3 = x.indexOf("/") + 1: null

07-03-2025T08:36:28 - [TEST_STEP][PASSED] - x = x.substring(i3, x.length()): null

07-03-2025T08:36:28 - [TEST_STEP][PASSED] - return x: null

07-03-2025T08:36:28 - [TEST_STEP][PASSED] - i = tableA.indexOf("Янтарь"): null

07-03-2025T08:36:28 - [TEST_STEP][PASSED] - UgA = replaceAll("\p{P}", "").trim(): null

07-03-2025T08:36:28 - [TEST_STEP][PASSED] - println("UgA: " + UgA): null

07-03-2025T08:36:28 - [TEST_STEP][PASSED] - i = tableA.lastIndexOf("/"): null

07-03-2025T08:36:28 - [TEST_STEP][PASSED] - YaA = replaceAll("\p{P}", "").trim(): null

07-03-2025T08:36:28 - [TEST_STEP][PASSED] - println("YaA: " + YaA): null

07-03-2025T08:36:28 - [TEST_STEP][PASSED] - delay(10): Delayed 10 second(s)

07-03-2025T08:36:38 - [MESSAGE][PASSED] - Delayed 10 second(s)

07-03-2025T08:36:38 - [TEST_STEP][PASSED] - navigateToUrl(findTestData("PlanFact").getValue(10, 11)): Navigate to 'https://bi.rosseti.digital/viewer?dashboardGuid=a1fd28b3785d443cbc4d7690a1d78e31&sheetGuid=d3a0ddec2e914cb380b20dca74903099&fit=true' successfully

07-03-2025T08:36:39 - [MESSAGE][PASSED] - Navigate to 'https://bi.rosseti.digital/viewer?dashboardGuid=a1fd28b3785d443cbc4d7690a1d78e31&sheetGuid=d3a0ddec2e914cb380b20dca74903099&fit=true' successfully

07-03-2025T08:36:39 - [TEST_STEP][PASSED] - b = <not implemented yet for class: org.codehaus.groovy.ast.expr.EmptyExpression>: null

07-03-2025T08:36:39 - [TEST_STEP][PASSED] - b1 = <not implemented yet for class: org.codehaus.groovy.ast.expr.EmptyExpression>: null

07-03-2025T08:36:39 - [TEST_STEP][PASSED] - b2 = <not implemented yet for class: org.codehaus.groovy.ast.expr.EmptyExpression>: null

07-03-2025T08:36:39 - [TEST_STEP][PASSED] - click(findTestObject("Факторный анализ/Фильтр Дата Выручка")): Object: 'Object Repository/Факторный анализ/Фильтр Дата Выручка' is clicked on

07-03-2025T08:36:50 - [MESSAGE][PASSED] - Object: 'Object Repository/Факторный анализ/Фильтр Дата Выручка' is clicked on

07-03-2025T08:36:50 - [TEST_STEP][PASSED] - click(findTestObject("Факторный анализ/Снять выделение в фильтре Дата Выручка")): Object: 'Object Repository/Факторный анализ/Снять выделение в фильтре Дата Выручка' is clicked on

07-03-2025T08:36:51 - [MESSAGE][PASSED] - Object: 'Object Repository/Факторный анализ/Снять выделение в фильтре Дата Выручка' is clicked on

07-03-2025T08:36:51 - [TEST_STEP][PASSED] - click(findTestObject("Факторный анализ/Применить в фильтре Дата Выручка")): Object: 'Object Repository/Факторный анализ/Применить в фильтре Дата Выручка' is clicked on

07-03-2025T08:36:51 - [MESSAGE][PASSED] - Object: 'Object Repository/Факторный анализ/Применить в фильтре Дата Выручка' is clicked on

07-03-2025T08:36:51 - [TEST_STEP][PASSED] - delay(10): Delayed 10 second(s)

07-03-2025T08:37:01 - [MESSAGE][PASSED] - Delayed 10 second(s)

07-03-2025T08:37:01 - [TEST_STEP][PASSED] - click(findTestObject("Факторный анализ/Фильтр Дата Выручка")): Object: 'Object Repository/Факторный анализ/Фильтр Дата Выручка' is clicked on

07-03-2025T08:37:02 - [MESSAGE][PASSED] - Object: 'Object Repository/Факторный анализ/Фильтр Дата Выручка' is clicked on

07-03-2025T08:37:02 - [TEST_STEP][PASSED] - click(findTestObject("Факторный анализ/Снять выделение в фильтре Дата Выручка")): Object: 'Object Repository/Факторный анализ/Снять выделение в фильтре Дата Выручка' is clicked on

07-03-2025T08:37:02 - [MESSAGE][PASSED] - Object: 'Object Repository/Факторный анализ/Снять выделение в фильтре Дата Выручка' is clicked on

07-03-2025T08:37:02 - [TEST_STEP][PASSED] - scrollToElement(findTestObject("Факторный анализ/2025 список Выручка"), 30): Scroll to object 'Object Repository/Факторный анализ/2025 список Выручка' successfully

07-03-2025T08:37:03 - [MESSAGE][PASSED] - Scroll to object 'Object Repository/Факторный анализ/2025 список Выручка' successfully

07-03-2025T08:37:03 - [TEST_STEP][PASSED] - click(findTestObject("Факторный анализ/2025 список Выручка")): Object: 'Object Repository/Факторный анализ/2025 список Выручка' is clicked on

07-03-2025T08:37:03 - [MESSAGE][PASSED] - Object: 'Object Repository/Факторный анализ/2025 список Выручка' is clicked on

07-03-2025T08:37:03 - [TEST_STEP][PASSED] - scrollToElement(findTestObject("Факторный анализ/1 квартал 2025 список Выручка"), 30): Scroll to object 'Object Repository/Факторный анализ/1 квартал 2025 список Выручка' successfully

07-03-2025T08:37:03 - [MESSAGE][PASSED] - Scroll to object 'Object Repository/Факторный анализ/1 квартал 2025 список Выручка' successfully

07-03-2025T08:37:03 - [TEST_STEP][PASSED] - click(findTestObject("Факторный анализ/1 квартал 2025 список Выручка"), CONTINUE_ON_FAILURE): Object: 'Object Repository/Факторный анализ/1 квартал 2025 список Выручка' is clicked on

07-03-2025T08:37:04 - [MESSAGE][PASSED] - Object: 'Object Repository/Факторный анализ/1 квартал 2025 список Выручка' is clicked on

07-03-2025T08:37:04 - [TEST_STEP][PASSED] - scrollToElement(findTestObject("Факторный анализ/Январь 2025 Выручка"), 30): Scroll to object 'Object Repository/Факторный анализ/Январь 2025 Выручка' successfully

07-03-2025T08:37:04 - [MESSAGE][PASSED] - Scroll to object 'Object Repository/Факторный анализ/Январь 2025 Выручка' successfully

07-03-2025T08:37:04 - [TEST_STEP][PASSED] - click(findTestObject("Факторный анализ/Январь 2025 Выручка"), CONTINUE_ON_FAILURE): Object: 'Object Repository/Факторный анализ/Январь 2025 Выручка' is clicked on

07-03-2025T08:37:04 - [MESSAGE][PASSED] - Object: 'Object Repository/Факторный анализ/Январь 2025 Выручка' is clicked on

07-03-2025T08:37:04 - [TEST_STEP][PASSED] - scrollToElement(findTestObject("Факторный анализ/Заголовок дашборда Выручка"), 30): Scroll to object 'Object Repository/Факторный анализ/Заголовок дашборда Выручка' successfully

07-03-2025T08:37:05 - [MESSAGE][PASSED] - Scroll to object 'Object Repository/Факторный анализ/Заголовок дашборда Выручка' successfully

07-03-2025T08:37:05 - [TEST_STEP][PASSED] - click(findTestObject("Факторный анализ/Применить в фильтре Дата Выручка")): Object: 'Object Repository/Факторный анализ/Применить в фильтре Дата Выручка' is clicked on

07-03-2025T08:37:05 - [MESSAGE][PASSED] - Object: 'Object Repository/Факторный анализ/Применить в фильтре Дата Выручка' is clicked on

07-03-2025T08:37:05 - [TEST_STEP][PASSED] - if (run == 1): null

07-03-2025T08:37:05 - [TEST_STEP][PASSED] - b = getText(findTestObject("Факторный анализ/Отклонения выручки по факторам Выручка")): Text of object 'Object Repository/Факторный анализ/Отклонения выручки по факторам Выручка' is: '-121 309-121 309
00
Отклонение (объём услуг) филиал без Nan
Отклонение (средний тариф) филиал без Nan
ПАО Россети'

07-03-2025T08:37:08 - [MESSAGE][PASSED] - Text of object 'Object Repository/Факторный анализ/Отклонения выручки по факторам Выручка' is: '-121 309-121 309
00
Отклонение (объём услуг) филиал без Nan
Отклонение (средний тариф) филиал без Nan
ПАО Россети'

07-03-2025T08:37:08 - [TEST_STEP][PASSED] - b = b.replaceAll("[\r?
|
]", "/"): null

07-03-2025T08:37:08 - [TEST_STEP][PASSED] - println("b: " + b): null

07-03-2025T08:37:08 - [TEST_STEP][PASSED] - i = b.indexOf("Отклонение"): null

07-03-2025T08:37:08 - [TEST_STEP][PASSED] - if (i > -1): null

07-03-2025T08:37:08 - [TEST_STEP][PASSED] - i = i: null

07-03-2025T08:37:08 - [TEST_STEP][PASSED] - b = substring(0, i).trim(): null

07-03-2025T08:37:08 - [TEST_STEP][PASSED] - println("b: " + b): null

07-03-2025T08:37:08 - [TEST_STEP][PASSED] - i = b.indexOf("/"): null

07-03-2025T08:37:08 - [TEST_STEP][PASSED] - if (i > -1): null

07-03-2025T08:37:08 - [TEST_STEP][PASSED] - b1 = b.substring(0, i): null

07-03-2025T08:37:08 - [TEST_STEP][PASSED] - println("b1: " + b1): null

07-03-2025T08:37:08 - [TEST_STEP][PASSED] - b2 = b.substring(b1.length() + 1, b.length()): null

07-03-2025T08:37:08 - [TEST_STEP][PASSED] - println("b2: " + b2): null

07-03-2025T08:37:08 - [TEST_STEP][PASSED] - i = b1.length() / 2: null

07-03-2025T08:37:08 - [TEST_STEP][PASSED] - if (i > -1): null

07-03-2025T08:37:08 - [TEST_STEP][PASSED] - b1 = replaceAll("\s+", "").trim(): null

07-03-2025T08:37:08 - [TEST_STEP][PASSED] - println("b1: " + b1): null

07-03-2025T08:37:08 - [TEST_STEP][PASSED] - i = b2.length() / 2: null

07-03-2025T08:37:08 - [TEST_STEP][PASSED] - if (i > -1): null

07-03-2025T08:37:08 - [TEST_STEP][PASSED] - b2 = replaceAll("\s+", "").trim(): null

07-03-2025T08:37:08 - [TEST_STEP][PASSED] - println("b2: " + b2): null

07-03-2025T08:37:08 - [TEST_STEP][PASSED] - vidget = "Отклонения выручки по факторам": null

07-03-2025T08:37:08 - [TEST_STEP][PASSED] - DZO = "ПАО Россети": null

07-03-2025T08:37:08 - [TEST_STEP][PASSED] - typeOfData = "Отклонение (объём услуг)": null

07-03-2025T08:37:08 - [TEST_STEP][PASSED] - Script1719551244403.Compare(x = a1, y = b1, run, typeOfData, otobrajeniyeDannyh, todaysDate, vidget, DZO): null

07-03-2025T08:37:08 - [TEST_STEP][PASSED] - if (verifyEqual(x, y) == true): Actual object '-121309' and expected object '-121309' are equal

07-03-2025T08:37:08 - [MESSAGE][PASSED] - Actual object '-121309' and expected object '-121309' are equal

07-03-2025T08:37:08 - [TEST_STEP][PASSED] - typeOfData = "Отклонение (средний тариф)": null

07-03-2025T08:37:08 - [TEST_STEP][PASSED] - Script1719551244403.Compare(x = a2, y = b2, run, typeOfData, otobrajeniyeDannyh, todaysDate, vidget, DZO): null

07-03-2025T08:37:08 - [TEST_STEP][FAILED] - if (verifyEqual(x, y) == true): Unable to verify equal between actual object '701' and expected object '0' (Root cause: com.kms.katalon.core.exception.StepFailedException: Actual object '701' and expected object '0' are not equal
	at com.kms.katalon.core.keyword.builtin.VerifyEqualKeyword$_verifyEqual_closure1.doCall(VerifyEqualKeyword.groovy:58)
	at com.kms.katalon.core.keyword.builtin.VerifyEqualKeyword$_verifyEqual_closure1.call(VerifyEqualKeyword.groovy)
	at com.kms.katalon.core.keyword.internal.KeywordMain.runKeyword(KeywordMain.groovy:75)
	at com.kms.katalon.core.keyword.builtin.VerifyEqualKeyword.verifyEqual(VerifyEqualKeyword.groovy:63)
	at com.kms.katalon.core.keyword.builtin.VerifyEqualKeyword.execute(VerifyEqualKeyword.groovy:44)
	at com.kms.katalon.core.keyword.internal.KeywordExecutor.executeKeywordForPlatform(KeywordExecutor.groovy:74)
	at com.kms.katalon.core.keyword.BuiltinKeywords.verifyEqual(BuiltinKeywords.groovy:146)
	at jdk.internal.reflect.GeneratedMethodAccessor23.invoke(Unknown Source)
	at java.base/jdk.internal.reflect.DelegatingMethodAccessorImpl.invoke(DelegatingMethodAccessorImpl.java:43)
	at Факторный анализ сверка дашбордов.Compare(Факторный анализ сверка дашбордов:654)
	at Факторный анализ сверка дашбордов.Test(Факторный анализ сверка дашбордов:422)
	at Факторный анализ сверка дашбордов.run(Факторный анализ сверка дашбордов:44)
	at com.kms.katalon.core.main.ScriptEngine.run(ScriptEngine.java:194)
	at com.kms.katalon.core.main.ScriptEngine.runScriptAsRawText(ScriptEngine.java:119)
	at com.kms.katalon.core.main.TestCaseExecutor.runScript(TestCaseExecutor.java:448)
	at com.kms.katalon.core.main.TestCaseExecutor.doExecute(TestCaseExecutor.java:439)
	at com.kms.katalon.core.main.TestCaseExecutor.processExecutionPhase(TestCaseExecutor.java:418)
	at com.kms.katalon.core.main.TestCaseExecutor.accessMainPhase(TestCaseExecutor.java:410)
	at com.kms.katalon.core.main.TestCaseExecutor.execute(TestCaseExecutor.java:285)
	at com.kms.katalon.core.common.CommonExecutor.accessTestCaseMainPhase(CommonExecutor.java:65)
	at com.kms.katalon.core.main.TestSuiteExecutor.accessTestSuiteMainPhase(TestSuiteExecutor.java:150)
	at com.kms.katalon.core.main.TestSuiteExecutor.execute(TestSuiteExecutor.java:106)
	at com.kms.katalon.core.main.TestCaseMain.startTestSuite(TestCaseMain.java:180)
	at TempTestSuite1741312418653.run(TempTestSuite1741312418653.groovy:35)
	at java.base/jdk.internal.reflect.NativeMethodAccessorImpl.invoke0(Native Method)
	at java.base/jdk.internal.reflect.NativeMethodAccessorImpl.invoke(NativeMethodAccessorImpl.java:77)
	at java.base/jdk.internal.reflect.DelegatingMethodAccessorImpl.invoke(DelegatingMethodAccessorImpl.java:43)
)

07-03-2025T08:37:08 - [MESSAGE][FAILED] - Unable to verify equal between actual object '701' and expected object '0' (Root cause: com.kms.katalon.core.exception.StepFailedException: Actual object '701' and expected object '0' are not equal
	at com.kms.katalon.core.keyword.builtin.VerifyEqualKeyword$_verifyEqual_closure1.doCall(VerifyEqualKeyword.groovy:58)
	at com.kms.katalon.core.keyword.builtin.VerifyEqualKeyword$_verifyEqual_closure1.call(VerifyEqualKeyword.groovy)
	at com.kms.katalon.core.keyword.internal.KeywordMain.runKeyword(KeywordMain.groovy:75)
	at com.kms.katalon.core.keyword.builtin.VerifyEqualKeyword.verifyEqual(VerifyEqualKeyword.groovy:63)
	at com.kms.katalon.core.keyword.builtin.VerifyEqualKeyword.execute(VerifyEqualKeyword.groovy:44)
	at com.kms.katalon.core.keyword.internal.KeywordExecutor.executeKeywordForPlatform(KeywordExecutor.groovy:74)
	at com.kms.katalon.core.keyword.BuiltinKeywords.verifyEqual(BuiltinKeywords.groovy:146)
	at jdk.internal.reflect.GeneratedMethodAccessor23.invoke(Unknown Source)
	at java.base/jdk.internal.reflect.DelegatingMethodAccessorImpl.invoke(DelegatingMethodAccessorImpl.java:43)
	at Факторный анализ сверка дашбордов.Compare(Факторный анализ сверка дашбордов:654)
	at Факторный анализ сверка дашбордов.Test(Факторный анализ сверка дашбордов:422)
	at Факторный анализ сверка дашбордов.run(Факторный анализ сверка дашбордов:44)
	at com.kms.katalon.core.main.ScriptEngine.run(ScriptEngine.java:194)
	at com.kms.katalon.core.main.ScriptEngine.runScriptAsRawText(ScriptEngine.java:119)
	at com.kms.katalon.core.main.TestCaseExecutor.runScript(TestCaseExecutor.java:448)
	at com.kms.katalon.core.main.TestCaseExecutor.doExecute(TestCaseExecutor.java:439)
	at com.kms.katalon.core.main.TestCaseExecutor.processExecutionPhase(TestCaseExecutor.java:418)
	at com.kms.katalon.core.main.TestCaseExecutor.accessMainPhase(TestCaseExecutor.java:410)
	at com.kms.katalon.core.main.TestCaseExecutor.execute(TestCaseExecutor.java:285)
	at com.kms.katalon.core.common.CommonExecutor.accessTestCaseMainPhase(CommonExecutor.java:65)
	at com.kms.katalon.core.main.TestSuiteExecutor.accessTestSuiteMainPhase(TestSuiteExecutor.java:150)
	at com.kms.katalon.core.main.TestSuiteExecutor.execute(TestSuiteExecutor.java:106)
	at com.kms.katalon.core.main.TestCaseMain.startTestSuite(TestCaseMain.java:180)
	at TempTestSuite1741312418653.run(TempTestSuite1741312418653.groovy:35)
	at java.base/jdk.internal.reflect.NativeMethodAccessorImpl.invoke0(Native Method)
	at java.base/jdk.internal.reflect.NativeMethodAccessorImpl.invoke(NativeMethodAccessorImpl.java:77)
	at java.base/jdk.internal.reflect.DelegatingMethodAccessorImpl.invoke(DelegatingMethodAccessorImpl.java:43)
)

07-03-2025T08:37:08 - [TEST_STEP][PASSED] - else: null

07-03-2025T08:37:08 - [TEST_STEP][PASSED] - if (run == 1): null

07-03-2025T08:37:08 - [TEST_STEP][PASSED] - otobrajeniyeDannyh = "Филиал": null

07-03-2025T08:37:08 - [TEST_STEP][PASSED] - Script1719551244403.WriteToExcel(todaysDate, typeOfData, otobrajeniyeDannyh, x, y, vidget, DZO): null

07-03-2025T08:37:08 - [TEST_STEP][PASSED] - sheetName = "Sheet1": null

07-03-2025T08:37:08 - [TEST_STEP][PASSED] - data = findTestData("PlanFact"): null

07-03-2025T08:37:08 - [TEST_STEP][PASSED] - n = data.getRowNumbers() + 1: null

07-03-2025T08:37:08 - [TEST_STEP][PASSED] - period = getText(findTestObject("Факторный анализ/Фильтр Период")): Text of object 'Object Repository/Факторный анализ/Фильтр Период' is: 'Январь 2025 года'

07-03-2025T08:37:08 - [MESSAGE][PASSED] - Text of object 'Object Repository/Факторный анализ/Фильтр Период' is: 'Январь 2025 года'

07-03-2025T08:37:08 - [TEST_STEP][PASSED] - println(period): null

07-03-2025T08:37:08 - [TEST_STEP][PASSED] - dashboardName = "Факторный анализ": null

07-03-2025T08:37:08 - [TEST_STEP][PASSED] - workbook01 = getWorkbook(excelFilePath): null

07-03-2025T08:37:08 - [TEST_STEP][PASSED] - sheet01 = getExcelSheet(workbook01, sheetName): null

07-03-2025T08:37:08 - [TEST_STEP][PASSED] - setValueToCellByIndex(sheet01, n, 0, dashboardName): null

07-03-2025T08:37:08 - [TEST_STEP][PASSED] - setValueToCellByIndex(sheet01, n, 1, DZO): null

07-03-2025T08:37:08 - [TEST_STEP][PASSED] - setValueToCellByIndex(sheet01, n, 2, vidget): null

07-03-2025T08:37:08 - [TEST_STEP][PASSED] - setValueToCellByIndex(sheet01, n, 3, typeOfData): null

07-03-2025T08:37:08 - [TEST_STEP][PASSED] - setValueToCellByIndex(sheet01, n, 4, otobrajeniyeDannyh): null

07-03-2025T08:37:08 - [TEST_STEP][PASSED] - setValueToCellByIndex(sheet01, n, 5, period): null

07-03-2025T08:37:08 - [TEST_STEP][PASSED] - setValueToCellByIndex(sheet01, n, 6, todaysDate): null

07-03-2025T08:37:08 - [TEST_STEP][PASSED] - n = n + 1: null

07-03-2025T08:37:08 - [TEST_STEP][PASSED] - saveWorkbook(excelFilePath, workbook01): null

07-03-2025T08:37:08 - [TEST_STEP][PASSED] - tableB = getText(findTestObject("Факторный анализ/AllTable1 Выручка")).replaceAll("[\r?
|
]", "/"): Text of object 'Object Repository/Факторный анализ/AllTable1 Выручка' is: 'ДЗО
Филиал
Отклонение (объём услуг) филиал без Nan
Отклонение (средний тариф) филиал без Nan
АО "РЭС" АО "РЭС" -76 3
АО «Тываэнерго» АО "Тываэнерго" 0 0
АО «Чеченэнерго» АО «Чеченэнерго» 0 0
Россети Волга Мордовэнерго - 150 -6
Оренбургэнерго 0 0
Пензаэнерго -35 -1
Самарские РС -78 142
Саратовские РС -77 -49
Ульяновские РС 14 6
Чувашэнерго -4 12
Россети Кубань Кубаньэнерго - 341 287
Россети Ленэнерго (ГК) Ленинградская область - 311 187
г. Санкт-Петербург - 291 12
Россети Московский регион Московская область - 780 53
г. Москва 0 0
Россети Северный Кавказ (ГК) Дагэнерго 0 0
Ингушэнерго 0 0
Каббалкэнерго 0 0
Карачаево-Черкесскэнерго 0 0
Севкавказэнерго 0 0
Ставропольэнерго 0 0
Россети Северо-Запад Архангельский филиал -52 21
Вологодский филиал -40 10
Карельский филиал -50 -15
Мурманский филиал 20 -17
Новгородский филиал -49 0
Псковский филиал -48 13
филиал в Республике Коми -53 9
Россети Сибирь (ГК) Алтайэнерго 0 0
Бурятэнерго 0 0
ГАЭС 0 0
Красноярскэнерго 0 0
Кузбассэнерго-РЭС 0 0
Омскэнерго 0 0
Хакасэнерго 0 0
Читаэнерго 0 0
Россети Томск Томская распределительная компания -62 5
Россети Тюмень Россети Тюмень - 986 - 117
Россети Урал (ГК) Пермэнерго - 187 5
Свердловэнерго - 152 -4
Челябэнерго - 141 5
Россети ФСК ЕЭС Итого по ФСК ЕЭС - 311 252
Россети Центр Белгородэнерго -85 14
Брянскэнерго -50 -8
Воронежэнерго -98 -2
Костромаэнерго -42 3
Курскэнерго -32 8
Липецкэнерго -79 20
Орелэнерго -40 5
Смоленскэнерго -52 -7
Тамбовэнерго -25 -5
Тверьэнерго - 133 0
Ярэнерго -60 -6
Россети Центр и Приволжье (ГК) Владимирэнерго 0 0
Ивэнерго 0 0
Калугаэнерго 0 0
Кировэнерго 0 0
Мариэнерго 0 0
Нижновэнерго 0 0
Рязаньэнерго 0 0
Тулэнерго 0 0
Удмуртэнерго 0 0
Россети Юг (ГК) АО «ВМЭС» 0 4
Астраханьэнерго 0 0
Волгоградэнерго - 140 -12
Калмэнерго -8 2
Ростовэнерго -47 16
Россети Янтарь Россети Янтарь -31 12'

07-03-2025T08:37:09 - [MESSAGE][PASSED] - Text of object 'Object Repository/Факторный анализ/AllTable1 Выручка' is: 'ДЗО
Филиал
Отклонение (объём услуг) филиал без Nan
Отклонение (средний тариф) филиал без Nan
АО "РЭС" АО "РЭС" -76 3
АО «Тываэнерго» АО "Тываэнерго" 0 0
АО «Чеченэнерго» АО «Чеченэнерго» 0 0
Россети Волга Мордовэнерго - 150 -6
Оренбургэнерго 0 0
Пензаэнерго -35 -1
Самарские РС -78 142
Саратовские РС -77 -49
Ульяновские РС 14 6
Чувашэнерго -4 12
Россети Кубань Кубаньэнерго - 341 287
Россети Ленэнерго (ГК) Ленинградская область - 311 187
г. Санкт-Петербург - 291 12
Россети Московский регион Московская область - 780 53
г. Москва 0 0
Россети Северный Кавказ (ГК) Дагэнерго 0 0
Ингушэнерго 0 0
Каббалкэнерго 0 0
Карачаево-Черкесскэнерго 0 0
Севкавказэнерго 0 0
Ставропольэнерго 0 0
Россети Северо-Запад Архангельский филиал -52 21
Вологодский филиал -40 10
Карельский филиал -50 -15
Мурманский филиал 20 -17
Новгородский филиал -49 0
Псковский филиал -48 13
филиал в Республике Коми -53 9
Россети Сибирь (ГК) Алтайэнерго 0 0
Бурятэнерго 0 0
ГАЭС 0 0
Красноярскэнерго 0 0
Кузбассэнерго-РЭС 0 0
Омскэнерго 0 0
Хакасэнерго 0 0
Читаэнерго 0 0
Россети Томск Томская распределительная компания -62 5
Россети Тюмень Россети Тюмень - 986 - 117
Россети Урал (ГК) Пермэнерго - 187 5
Свердловэнерго - 152 -4
Челябэнерго - 141 5
Россети ФСК ЕЭС Итого по ФСК ЕЭС - 311 252
Россети Центр Белгородэнерго -85 14
Брянскэнерго -50 -8
Воронежэнерго -98 -2
Костромаэнерго -42 3
Курскэнерго -32 8
Липецкэнерго -79 20
Орелэнерго -40 5
Смоленскэнерго -52 -7
Тамбовэнерго -25 -5
Тверьэнерго - 133 0
Ярэнерго -60 -6
Россети Центр и Приволжье (ГК) Владимирэнерго 0 0
Ивэнерго 0 0
Калугаэнерго 0 0
Кировэнерго 0 0
Мариэнерго 0 0
Нижновэнерго 0 0
Рязаньэнерго 0 0
Тулэнерго 0 0
Удмуртэнерго 0 0
Россети Юг (ГК) АО «ВМЭС» 0 4
Астраханьэнерго 0 0
Волгоградэнерго - 140 -12
Калмэнерго -8 2
Ростовэнерго -47 16
Россети Янтарь Россети Янтарь -31 12'

07-03-2025T08:37:09 - [TEST_STEP][PASSED] - println("tableB: " + tableB): null

07-03-2025T08:37:09 - [TEST_STEP][PASSED] - for ([i = 1, i < 5, (i++)]): null

07-03-2025T08:37:09 - [TEST_STEP][PASSED] - ii = tableB.indexOf("/") + 1: null

07-03-2025T08:37:09 - [TEST_STEP][PASSED] - tableB = tableB.substring(ii, tableB.length()): null

07-03-2025T08:37:09 - [TEST_STEP][PASSED] - ii = tableB.indexOf("/") + 1: null

07-03-2025T08:37:09 - [TEST_STEP][PASSED] - tableB = tableB.substring(ii, tableB.length()): null

07-03-2025T08:37:09 - [TEST_STEP][PASSED] - ii = tableB.indexOf("/") + 1: null

07-03-2025T08:37:09 - [TEST_STEP][PASSED] - tableB = tableB.substring(ii, tableB.length()): null

07-03-2025T08:37:09 - [TEST_STEP][PASSED] - ii = tableB.indexOf("/") + 1: null

07-03-2025T08:37:09 - [TEST_STEP][PASSED] - tableB = tableB.substring(ii, tableB.length()): null

07-03-2025T08:37:09 - [TEST_STEP][PASSED] - println("tableB: " + tableB): null

07-03-2025T08:37:09 - [TEST_STEP][PASSED] - TyB = Script1719551244403.GetData(x = tableB): null

07-03-2025T08:37:09 - [TEST_STEP][PASSED] - i2 = <not implemented yet for class: org.codehaus.groovy.ast.expr.EmptyExpression>: null

07-03-2025T08:37:09 - [TEST_STEP][PASSED] - i2 = x.indexOf("/") + 1: null

07-03-2025T08:37:09 - [TEST_STEP][PASSED] - x = replaceAll("\p{P}", "").trim(): null

07-03-2025T08:37:09 - [TEST_STEP][PASSED] - return x: null

07-03-2025T08:37:09 - [TEST_STEP][PASSED] - println("TyB: " + TyB): null

07-03-2025T08:37:09 - [TEST_STEP][PASSED] - tableB = Script1719551244403.NewDZO(x = tableB): null

07-03-2025T08:37:09 - [TEST_STEP][PASSED] - i3 = <not implemented yet for class: org.codehaus.groovy.ast.expr.EmptyExpression>: null

07-03-2025T08:37:09 - [TEST_STEP][PASSED] - i3 = x.indexOf("/") + 1: null

07-03-2025T08:37:09 - [TEST_STEP][PASSED] - x = x.substring(i3, x.length()): null

07-03-2025T08:37:09 - [TEST_STEP][PASSED] - return x: null

07-03-2025T08:37:09 - [TEST_STEP][PASSED] - ChB = Script1719551244403.GetData(x = tableB): null

07-03-2025T08:37:09 - [TEST_STEP][PASSED] - i2 = <not implemented yet for class: org.codehaus.groovy.ast.expr.EmptyExpression>: null

07-03-2025T08:37:09 - [TEST_STEP][PASSED] - i2 = x.indexOf("/") + 1: null

07-03-2025T08:37:09 - [TEST_STEP][PASSED] - x = replaceAll("\p{P}", "").trim(): null

07-03-2025T08:37:09 - [TEST_STEP][PASSED] - return x: null

07-03-2025T08:37:09 - [TEST_STEP][PASSED] - println("ChB: " + ChB): null

07-03-2025T08:37:09 - [TEST_STEP][PASSED] - tableB = Script1719551244403.NewDZO(x = tableB): null

07-03-2025T08:37:09 - [TEST_STEP][PASSED] - i3 = <not implemented yet for class: org.codehaus.groovy.ast.expr.EmptyExpression>: null

07-03-2025T08:37:09 - [TEST_STEP][PASSED] - i3 = x.indexOf("/") + 1: null

07-03-2025T08:37:09 - [TEST_STEP][PASSED] - x = x.substring(i3, x.length()): null

07-03-2025T08:37:09 - [TEST_STEP][PASSED] - return x: null

07-03-2025T08:37:09 - [TEST_STEP][PASSED] - i = tableB.indexOf("Кубань"): null

07-03-2025T08:37:09 - [TEST_STEP][PASSED] - VB = replaceAll("\p{P}", "").trim(): null

07-03-2025T08:37:09 - [TEST_STEP][PASSED] - println("VB: " + VB): null

07-03-2025T08:37:09 - [TEST_STEP][PASSED] - for ([i = 1, i < 8, (i++)]): null

07-03-2025T08:37:09 - [TEST_STEP][PASSED] - tableB = Script1719551244403.NewDZO(x = tableB): null

07-03-2025T08:37:09 - [TEST_STEP][PASSED] - i3 = <not implemented yet for class: org.codehaus.groovy.ast.expr.EmptyExpression>: null

07-03-2025T08:37:09 - [TEST_STEP][PASSED] - i3 = x.indexOf("/") + 1: null

07-03-2025T08:37:09 - [TEST_STEP][PASSED] - x = x.substring(i3, x.length()): null

07-03-2025T08:37:09 - [TEST_STEP][PASSED] - return x: null

07-03-2025T08:37:09 - [TEST_STEP][PASSED] - tableB = Script1719551244403.NewDZO(x = tableB): null

07-03-2025T08:37:09 - [TEST_STEP][PASSED] - i3 = <not implemented yet for class: org.codehaus.groovy.ast.expr.EmptyExpression>: null

07-03-2025T08:37:09 - [TEST_STEP][PASSED] - i3 = x.indexOf("/") + 1: null

07-03-2025T08:37:09 - [TEST_STEP][PASSED] - x = x.substring(i3, x.length()): null

07-03-2025T08:37:09 - [TEST_STEP][PASSED] - return x: null

07-03-2025T08:37:09 - [TEST_STEP][PASSED] - tableB = Script1719551244403.NewDZO(x = tableB): null

07-03-2025T08:37:09 - [TEST_STEP][PASSED] - i3 = <not implemented yet for class: org.codehaus.groovy.ast.expr.EmptyExpression>: null

07-03-2025T08:37:09 - [TEST_STEP][PASSED] - i3 = x.indexOf("/") + 1: null

07-03-2025T08:37:09 - [TEST_STEP][PASSED] - x = x.substring(i3, x.length()): null

07-03-2025T08:37:09 - [TEST_STEP][PASSED] - return x: null

07-03-2025T08:37:09 - [TEST_STEP][PASSED] - tableB = Script1719551244403.NewDZO(x = tableB): null

07-03-2025T08:37:09 - [TEST_STEP][PASSED] - i3 = <not implemented yet for class: org.codehaus.groovy.ast.expr.EmptyExpression>: null

07-03-2025T08:37:09 - [TEST_STEP][PASSED] - i3 = x.indexOf("/") + 1: null

07-03-2025T08:37:09 - [TEST_STEP][PASSED] - x = x.substring(i3, x.length()): null

07-03-2025T08:37:09 - [TEST_STEP][PASSED] - return x: null

07-03-2025T08:37:09 - [TEST_STEP][PASSED] - tableB = Script1719551244403.NewDZO(x = tableB): null

07-03-2025T08:37:09 - [TEST_STEP][PASSED] - i3 = <not implemented yet for class: org.codehaus.groovy.ast.expr.EmptyExpression>: null

07-03-2025T08:37:09 - [TEST_STEP][PASSED] - i3 = x.indexOf("/") + 1: null

07-03-2025T08:37:09 - [TEST_STEP][PASSED] - x = x.substring(i3, x.length()): null

07-03-2025T08:37:09 - [TEST_STEP][PASSED] - return x: null

07-03-2025T08:37:09 - [TEST_STEP][PASSED] - tableB = Script1719551244403.NewDZO(x = tableB): null

07-03-2025T08:37:09 - [TEST_STEP][PASSED] - i3 = <not implemented yet for class: org.codehaus.groovy.ast.expr.EmptyExpression>: null

07-03-2025T08:37:09 - [TEST_STEP][PASSED] - i3 = x.indexOf("/") + 1: null

07-03-2025T08:37:09 - [TEST_STEP][PASSED] - x = x.substring(i3, x.length()): null

07-03-2025T08:37:09 - [TEST_STEP][PASSED] - return x: null

07-03-2025T08:37:09 - [TEST_STEP][PASSED] - tableB = Script1719551244403.NewDZO(x = tableB): null

07-03-2025T08:37:09 - [TEST_STEP][PASSED] - i3 = <not implemented yet for class: org.codehaus.groovy.ast.expr.EmptyExpression>: null

07-03-2025T08:37:09 - [TEST_STEP][PASSED] - i3 = x.indexOf("/") + 1: null

07-03-2025T08:37:09 - [TEST_STEP][PASSED] - x = x.substring(i3, x.length()): null

07-03-2025T08:37:09 - [TEST_STEP][PASSED] - return x: null

07-03-2025T08:37:09 - [TEST_STEP][PASSED] - i = tableB.indexOf("Ленэнерго"): null

07-03-2025T08:37:09 - [TEST_STEP][PASSED] - KuB = Script1719551244403.GetData(x = tableB): null

07-03-2025T08:37:09 - [TEST_STEP][PASSED] - i2 = <not implemented yet for class: org.codehaus.groovy.ast.expr.EmptyExpression>: null

07-03-2025T08:37:09 - [TEST_STEP][PASSED] - i2 = x.indexOf("/") + 1: null

07-03-2025T08:37:09 - [TEST_STEP][PASSED] - x = replaceAll("\p{P}", "").trim(): null

07-03-2025T08:37:09 - [TEST_STEP][PASSED] - return x: null

07-03-2025T08:37:09 - [TEST_STEP][PASSED] - println("KuB: " + KuB): null

07-03-2025T08:37:09 - [TEST_STEP][PASSED] - tableB = Script1719551244403.NewDZO(x = tableB): null

07-03-2025T08:37:09 - [TEST_STEP][PASSED] - i3 = <not implemented yet for class: org.codehaus.groovy.ast.expr.EmptyExpression>: null

07-03-2025T08:37:09 - [TEST_STEP][PASSED] - i3 = x.indexOf("/") + 1: null

07-03-2025T08:37:09 - [TEST_STEP][PASSED] - x = x.substring(i3, x.length()): null

07-03-2025T08:37:09 - [TEST_STEP][PASSED] - return x: null

07-03-2025T08:37:09 - [TEST_STEP][PASSED] - i = tableB.indexOf("Московский"): null

07-03-2025T08:37:09 - [TEST_STEP][PASSED] - LenB = replaceAll("\p{P}", "").trim(): null

07-03-2025T08:37:09 - [TEST_STEP][PASSED] - println("LenB: " + LenB): null

07-03-2025T08:37:09 - [TEST_STEP][PASSED] - tableB = Script1719551244403.NewDZO(x = tableB): null

07-03-2025T08:37:09 - [TEST_STEP][PASSED] - i3 = <not implemented yet for class: org.codehaus.groovy.ast.expr.EmptyExpression>: null

07-03-2025T08:37:09 - [TEST_STEP][PASSED] - i3 = x.indexOf("/") + 1: null

07-03-2025T08:37:09 - [TEST_STEP][PASSED] - x = x.substring(i3, x.length()): null

07-03-2025T08:37:09 - [TEST_STEP][PASSED] - return x: null

07-03-2025T08:37:09 - [TEST_STEP][PASSED] - tableB = Script1719551244403.NewDZO(x = tableB): null

07-03-2025T08:37:09 - [TEST_STEP][PASSED] - i3 = <not implemented yet for class: org.codehaus.groovy.ast.expr.EmptyExpression>: null

07-03-2025T08:37:09 - [TEST_STEP][PASSED] - i3 = x.indexOf("/") + 1: null

07-03-2025T08:37:09 - [TEST_STEP][PASSED] - x = x.substring(i3, x.length()): null

07-03-2025T08:37:09 - [TEST_STEP][PASSED] - return x: null

07-03-2025T08:37:09 - [TEST_STEP][PASSED] - i = tableB.indexOf("Кавказ"): null

07-03-2025T08:37:09 - [TEST_STEP][PASSED] - MosB = replaceAll("\p{P}", "").trim(): null

07-03-2025T08:37:09 - [TEST_STEP][PASSED] - println("MosB: " + MosB): null

07-03-2025T08:37:09 - [TEST_STEP][PASSED] - for ([i = 1, i < 3, (i++)]): null

07-03-2025T08:37:09 - [TEST_STEP][PASSED] - tableB = Script1719551244403.NewDZO(x = tableB): null

07-03-2025T08:37:09 - [TEST_STEP][PASSED] - i3 = <not implemented yet for class: org.codehaus.groovy.ast.expr.EmptyExpression>: null

07-03-2025T08:37:09 - [TEST_STEP][PASSED] - i3 = x.indexOf("/") + 1: null

07-03-2025T08:37:09 - [TEST_STEP][PASSED] - x = x.substring(i3, x.length()): null

07-03-2025T08:37:09 - [TEST_STEP][PASSED] - return x: null

07-03-2025T08:37:09 - [TEST_STEP][PASSED] - tableB = Script1719551244403.NewDZO(x = tableB): null

07-03-2025T08:37:09 - [TEST_STEP][PASSED] - i3 = <not implemented yet for class: org.codehaus.groovy.ast.expr.EmptyExpression>: null

07-03-2025T08:37:09 - [TEST_STEP][PASSED] - i3 = x.indexOf("/") + 1: null

07-03-2025T08:37:09 - [TEST_STEP][PASSED] - x = x.substring(i3, x.length()): null

07-03-2025T08:37:09 - [TEST_STEP][PASSED] - return x: null

07-03-2025T08:37:09 - [TEST_STEP][PASSED] - i = tableB.indexOf("Запад"): null

07-03-2025T08:37:09 - [TEST_STEP][PASSED] - SKB = replaceAll("\p{P}", "").trim(): null

07-03-2025T08:37:09 - [TEST_STEP][PASSED] - println("SKB: " + SKB): null

07-03-2025T08:37:09 - [TEST_STEP][PASSED] - for ([i = 1, i < 7, (i++)]): null

07-03-2025T08:37:09 - [TEST_STEP][PASSED] - tableB = Script1719551244403.NewDZO(x = tableB): null

07-03-2025T08:37:09 - [TEST_STEP][PASSED] - i3 = <not implemented yet for class: org.codehaus.groovy.ast.expr.EmptyExpression>: null

07-03-2025T08:37:09 - [TEST_STEP][PASSED] - i3 = x.indexOf("/") + 1: null

07-03-2025T08:37:09 - [TEST_STEP][PASSED] - x = x.substring(i3, x.length()): null

07-03-2025T08:37:09 - [TEST_STEP][PASSED] - return x: null

07-03-2025T08:37:09 - [TEST_STEP][PASSED] - tableB = Script1719551244403.NewDZO(x = tableB): null

07-03-2025T08:37:09 - [TEST_STEP][PASSED] - i3 = <not implemented yet for class: org.codehaus.groovy.ast.expr.EmptyExpression>: null

07-03-2025T08:37:09 - [TEST_STEP][PASSED] - i3 = x.indexOf("/") + 1: null

07-03-2025T08:37:09 - [TEST_STEP][PASSED] - x = x.substring(i3, x.length()): null

07-03-2025T08:37:09 - [TEST_STEP][PASSED] - return x: null

07-03-2025T08:37:09 - [TEST_STEP][PASSED] - tableB = Script1719551244403.NewDZO(x = tableB): null

07-03-2025T08:37:09 - [TEST_STEP][PASSED] - i3 = <not implemented yet for class: org.codehaus.groovy.ast.expr.EmptyExpression>: null

07-03-2025T08:37:09 - [TEST_STEP][PASSED] - i3 = x.indexOf("/") + 1: null

07-03-2025T08:37:09 - [TEST_STEP][PASSED] - x = x.substring(i3, x.length()): null

07-03-2025T08:37:09 - [TEST_STEP][PASSED] - return x: null

07-03-2025T08:37:09 - [TEST_STEP][PASSED] - tableB = Script1719551244403.NewDZO(x = tableB): null

07-03-2025T08:37:09 - [TEST_STEP][PASSED] - i3 = <not implemented yet for class: org.codehaus.groovy.ast.expr.EmptyExpression>: null

07-03-2025T08:37:09 - [TEST_STEP][PASSED] - i3 = x.indexOf("/") + 1: null

07-03-2025T08:37:09 - [TEST_STEP][PASSED] - x = x.substring(i3, x.length()): null

07-03-2025T08:37:09 - [TEST_STEP][PASSED] - return x: null

07-03-2025T08:37:09 - [TEST_STEP][PASSED] - tableB = Script1719551244403.NewDZO(x = tableB): null

07-03-2025T08:37:09 - [TEST_STEP][PASSED] - i3 = <not implemented yet for class: org.codehaus.groovy.ast.expr.EmptyExpression>: null

07-03-2025T08:37:09 - [TEST_STEP][PASSED] - i3 = x.indexOf("/") + 1: null

07-03-2025T08:37:09 - [TEST_STEP][PASSED] - x = x.substring(i3, x.length()): null

07-03-2025T08:37:09 - [TEST_STEP][PASSED] - return x: null

07-03-2025T08:37:09 - [TEST_STEP][PASSED] - tableB = Script1719551244403.NewDZO(x = tableB): null

07-03-2025T08:37:09 - [TEST_STEP][PASSED] - i3 = <not implemented yet for class: org.codehaus.groovy.ast.expr.EmptyExpression>: null

07-03-2025T08:37:09 - [TEST_STEP][PASSED] - i3 = x.indexOf("/") + 1: null

07-03-2025T08:37:09 - [TEST_STEP][PASSED] - x = x.substring(i3, x.length()): null

07-03-2025T08:37:09 - [TEST_STEP][PASSED] - return x: null

07-03-2025T08:37:09 - [TEST_STEP][PASSED] - i = tableB.indexOf("Сибирь"): null

07-03-2025T08:37:09 - [TEST_STEP][PASSED] - SZB = replaceAll("\p{P}", "").trim(): null

07-03-2025T08:37:09 - [TEST_STEP][PASSED] - println("SZB: " + SZB): null

07-03-2025T08:37:09 - [TEST_STEP][PASSED] - for ([i = 1, i < 8, (i++)]): null

07-03-2025T08:37:09 - [TEST_STEP][PASSED] - tableB = Script1719551244403.NewDZO(x = tableB): null

07-03-2025T08:37:09 - [TEST_STEP][PASSED] - i3 = <not implemented yet for class: org.codehaus.groovy.ast.expr.EmptyExpression>: null

07-03-2025T08:37:09 - [TEST_STEP][PASSED] - i3 = x.indexOf("/") + 1: null

07-03-2025T08:37:09 - [TEST_STEP][PASSED] - x = x.substring(i3, x.length()): null

07-03-2025T08:37:09 - [TEST_STEP][PASSED] - return x: null

07-03-2025T08:37:09 - [TEST_STEP][PASSED] - tableB = Script1719551244403.NewDZO(x = tableB): null

07-03-2025T08:37:09 - [TEST_STEP][PASSED] - i3 = <not implemented yet for class: org.codehaus.groovy.ast.expr.EmptyExpression>: null

07-03-2025T08:37:09 - [TEST_STEP][PASSED] - i3 = x.indexOf("/") + 1: null

07-03-2025T08:37:09 - [TEST_STEP][PASSED] - x = x.substring(i3, x.length()): null

07-03-2025T08:37:09 - [TEST_STEP][PASSED] - return x: null

07-03-2025T08:37:09 - [TEST_STEP][PASSED] - tableB = Script1719551244403.NewDZO(x = tableB): null

07-03-2025T08:37:09 - [TEST_STEP][PASSED] - i3 = <not implemented yet for class: org.codehaus.groovy.ast.expr.EmptyExpression>: null

07-03-2025T08:37:09 - [TEST_STEP][PASSED] - i3 = x.indexOf("/") + 1: null

07-03-2025T08:37:09 - [TEST_STEP][PASSED] - x = x.substring(i3, x.length()): null

07-03-2025T08:37:09 - [TEST_STEP][PASSED] - return x: null

07-03-2025T08:37:09 - [TEST_STEP][PASSED] - tableB = Script1719551244403.NewDZO(x = tableB): null

07-03-2025T08:37:09 - [TEST_STEP][PASSED] - i3 = <not implemented yet for class: org.codehaus.groovy.ast.expr.EmptyExpression>: null

07-03-2025T08:37:09 - [TEST_STEP][PASSED] - i3 = x.indexOf("/") + 1: null

07-03-2025T08:37:09 - [TEST_STEP][PASSED] - x = x.substring(i3, x.length()): null

07-03-2025T08:37:09 - [TEST_STEP][PASSED] - return x: null

07-03-2025T08:37:09 - [TEST_STEP][PASSED] - tableB = Script1719551244403.NewDZO(x = tableB): null

07-03-2025T08:37:09 - [TEST_STEP][PASSED] - i3 = <not implemented yet for class: org.codehaus.groovy.ast.expr.EmptyExpression>: null

07-03-2025T08:37:09 - [TEST_STEP][PASSED] - i3 = x.indexOf("/") + 1: null

07-03-2025T08:37:09 - [TEST_STEP][PASSED] - x = x.substring(i3, x.length()): null

07-03-2025T08:37:09 - [TEST_STEP][PASSED] - return x: null

07-03-2025T08:37:09 - [TEST_STEP][PASSED] - tableB = Script1719551244403.NewDZO(x = tableB): null

07-03-2025T08:37:09 - [TEST_STEP][PASSED] - i3 = <not implemented yet for class: org.codehaus.groovy.ast.expr.EmptyExpression>: null

07-03-2025T08:37:09 - [TEST_STEP][PASSED] - i3 = x.indexOf("/") + 1: null

07-03-2025T08:37:09 - [TEST_STEP][PASSED] - x = x.substring(i3, x.length()): null

07-03-2025T08:37:09 - [TEST_STEP][PASSED] - return x: null

07-03-2025T08:37:09 - [TEST_STEP][PASSED] - tableB = Script1719551244403.NewDZO(x = tableB): null

07-03-2025T08:37:09 - [TEST_STEP][PASSED] - i3 = <not implemented yet for class: org.codehaus.groovy.ast.expr.EmptyExpression>: null

07-03-2025T08:37:09 - [TEST_STEP][PASSED] - i3 = x.indexOf("/") + 1: null

07-03-2025T08:37:09 - [TEST_STEP][PASSED] - x = x.substring(i3, x.length()): null

07-03-2025T08:37:09 - [TEST_STEP][PASSED] - return x: null

07-03-2025T08:37:09 - [TEST_STEP][PASSED] - i = tableB.indexOf("Томск"): null

07-03-2025T08:37:09 - [TEST_STEP][PASSED] - SiB = replaceAll("\p{P}", "").trim(): null

07-03-2025T08:37:09 - [TEST_STEP][PASSED] - println("SiB: " + SiB): null

07-03-2025T08:37:09 - [TEST_STEP][PASSED] - for ([i = 1, i < 9, (i++)]): null

07-03-2025T08:37:09 - [TEST_STEP][PASSED] - tableB = Script1719551244403.NewDZO(x = tableB): null

07-03-2025T08:37:09 - [TEST_STEP][PASSED] - i3 = <not implemented yet for class: org.codehaus.groovy.ast.expr.EmptyExpression>: null

07-03-2025T08:37:09 - [TEST_STEP][PASSED] - i3 = x.indexOf("/") + 1: null

07-03-2025T08:37:09 - [TEST_STEP][PASSED] - x = x.substring(i3, x.length()): null

07-03-2025T08:37:09 - [TEST_STEP][PASSED] - return x: null

07-03-2025T08:37:09 - [TEST_STEP][PASSED] - tableB = Script1719551244403.NewDZO(x = tableB): null

07-03-2025T08:37:09 - [TEST_STEP][PASSED] - i3 = <not implemented yet for class: org.codehaus.groovy.ast.expr.EmptyExpression>: null

07-03-2025T08:37:09 - [TEST_STEP][PASSED] - i3 = x.indexOf("/") + 1: null

07-03-2025T08:37:09 - [TEST_STEP][PASSED] - x = x.substring(i3, x.length()): null

07-03-2025T08:37:09 - [TEST_STEP][PASSED] - return x: null

07-03-2025T08:37:09 - [TEST_STEP][PASSED] - tableB = Script1719551244403.NewDZO(x = tableB): null

07-03-2025T08:37:09 - [TEST_STEP][PASSED] - i3 = <not implemented yet for class: org.codehaus.groovy.ast.expr.EmptyExpression>: null

07-03-2025T08:37:09 - [TEST_STEP][PASSED] - i3 = x.indexOf("/") + 1: null

07-03-2025T08:37:09 - [TEST_STEP][PASSED] - x = x.substring(i3, x.length()): null

07-03-2025T08:37:09 - [TEST_STEP][PASSED] - return x: null

07-03-2025T08:37:09 - [TEST_STEP][PASSED] - tableB = Script1719551244403.NewDZO(x = tableB): null

07-03-2025T08:37:09 - [TEST_STEP][PASSED] - i3 = <not implemented yet for class: org.codehaus.groovy.ast.expr.EmptyExpression>: null

07-03-2025T08:37:09 - [TEST_STEP][PASSED] - i3 = x.indexOf("/") + 1: null

07-03-2025T08:37:09 - [TEST_STEP][PASSED] - x = x.substring(i3, x.length()): null

07-03-2025T08:37:09 - [TEST_STEP][PASSED] - return x: null

07-03-2025T08:37:09 - [TEST_STEP][PASSED] - tableB = Script1719551244403.NewDZO(x = tableB): null

07-03-2025T08:37:09 - [TEST_STEP][PASSED] - i3 = <not implemented yet for class: org.codehaus.groovy.ast.expr.EmptyExpression>: null

07-03-2025T08:37:09 - [TEST_STEP][PASSED] - i3 = x.indexOf("/") + 1: null

07-03-2025T08:37:09 - [TEST_STEP][PASSED] - x = x.substring(i3, x.length()): null

07-03-2025T08:37:09 - [TEST_STEP][PASSED] - return x: null

07-03-2025T08:37:09 - [TEST_STEP][PASSED] - tableB = Script1719551244403.NewDZO(x = tableB): null

07-03-2025T08:37:09 - [TEST_STEP][PASSED] - i3 = <not implemented yet for class: org.codehaus.groovy.ast.expr.EmptyExpression>: null

07-03-2025T08:37:09 - [TEST_STEP][PASSED] - i3 = x.indexOf("/") + 1: null

07-03-2025T08:37:09 - [TEST_STEP][PASSED] - x = x.substring(i3, x.length()): null

07-03-2025T08:37:09 - [TEST_STEP][PASSED] - return x: null

07-03-2025T08:37:09 - [TEST_STEP][PASSED] - tableB = Script1719551244403.NewDZO(x = tableB): null

07-03-2025T08:37:09 - [TEST_STEP][PASSED] - i3 = <not implemented yet for class: org.codehaus.groovy.ast.expr.EmptyExpression>: null

07-03-2025T08:37:09 - [TEST_STEP][PASSED] - i3 = x.indexOf("/") + 1: null

07-03-2025T08:37:09 - [TEST_STEP][PASSED] - x = x.substring(i3, x.length()): null

07-03-2025T08:37:09 - [TEST_STEP][PASSED] - return x: null

07-03-2025T08:37:09 - [TEST_STEP][PASSED] - tableB = Script1719551244403.NewDZO(x = tableB): null

07-03-2025T08:37:09 - [TEST_STEP][PASSED] - i3 = <not implemented yet for class: org.codehaus.groovy.ast.expr.EmptyExpression>: null

07-03-2025T08:37:09 - [TEST_STEP][PASSED] - i3 = x.indexOf("/") + 1: null

07-03-2025T08:37:09 - [TEST_STEP][PASSED] - x = x.substring(i3, x.length()): null

07-03-2025T08:37:09 - [TEST_STEP][PASSED] - return x: null

07-03-2025T08:37:09 - [TEST_STEP][PASSED] - i = tableB.indexOf("Тюмень"): null

07-03-2025T08:37:09 - [TEST_STEP][PASSED] - ToB = replaceAll("\p{P}", "").trim(): null

07-03-2025T08:37:09 - [TEST_STEP][PASSED] - println("ToB: " + ToB): null

07-03-2025T08:37:09 - [TEST_STEP][PASSED] - tableB = Script1719551244403.NewDZO(x = tableB): null

07-03-2025T08:37:09 - [TEST_STEP][PASSED] - i3 = <not implemented yet for class: org.codehaus.groovy.ast.expr.EmptyExpression>: null

07-03-2025T08:37:09 - [TEST_STEP][PASSED] - i3 = x.indexOf("/") + 1: null

07-03-2025T08:37:09 - [TEST_STEP][PASSED] - x = x.substring(i3, x.length()): null

07-03-2025T08:37:09 - [TEST_STEP][PASSED] - return x: null

07-03-2025T08:37:09 - [TEST_STEP][PASSED] - TyuB = replaceAll("\p{P}", "").trim(): null

07-03-2025T08:37:09 - [TEST_STEP][PASSED] - println("TyuB: " + TyuB): null

07-03-2025T08:37:09 - [TEST_STEP][PASSED] - tableB = Script1719551244403.NewDZO(x = tableB): null

07-03-2025T08:37:09 - [TEST_STEP][PASSED] - i3 = <not implemented yet for class: org.codehaus.groovy.ast.expr.EmptyExpression>: null

07-03-2025T08:37:09 - [TEST_STEP][PASSED] - i3 = x.indexOf("/") + 1: null

07-03-2025T08:37:09 - [TEST_STEP][PASSED] - x = x.substring(i3, x.length()): null

07-03-2025T08:37:09 - [TEST_STEP][PASSED] - return x: null

07-03-2025T08:37:09 - [TEST_STEP][PASSED] - i = tableB.indexOf("ЕЭС"): null

07-03-2025T08:37:09 - [TEST_STEP][PASSED] - UrB = replaceAll("\p{P}", "").trim(): null

07-03-2025T08:37:09 - [TEST_STEP][PASSED] - println("UrB: " + UrB): null

07-03-2025T08:37:09 - [TEST_STEP][PASSED] - for ([i = 1, i < 4, (i++)]): null

07-03-2025T08:37:09 - [TEST_STEP][PASSED] - tableB = Script1719551244403.NewDZO(x = tableB): null

07-03-2025T08:37:09 - [TEST_STEP][PASSED] - i3 = <not implemented yet for class: org.codehaus.groovy.ast.expr.EmptyExpression>: null

07-03-2025T08:37:09 - [TEST_STEP][PASSED] - i3 = x.indexOf("/") + 1: null

07-03-2025T08:37:09 - [TEST_STEP][PASSED] - x = x.substring(i3, x.length()): null

07-03-2025T08:37:09 - [TEST_STEP][PASSED] - return x: null

07-03-2025T08:37:09 - [TEST_STEP][PASSED] - tableB = Script1719551244403.NewDZO(x = tableB): null

07-03-2025T08:37:09 - [TEST_STEP][PASSED] - i3 = <not implemented yet for class: org.codehaus.groovy.ast.expr.EmptyExpression>: null

07-03-2025T08:37:09 - [TEST_STEP][PASSED] - i3 = x.indexOf("/") + 1: null

07-03-2025T08:37:09 - [TEST_STEP][PASSED] - x = x.substring(i3, x.length()): null

07-03-2025T08:37:09 - [TEST_STEP][PASSED] - return x: null

07-03-2025T08:37:09 - [TEST_STEP][PASSED] - tableB = Script1719551244403.NewDZO(x = tableB): null

07-03-2025T08:37:09 - [TEST_STEP][PASSED] - i3 = <not implemented yet for class: org.codehaus.groovy.ast.expr.EmptyExpression>: null

07-03-2025T08:37:09 - [TEST_STEP][PASSED] - i3 = x.indexOf("/") + 1: null

07-03-2025T08:37:09 - [TEST_STEP][PASSED] - x = x.substring(i3, x.length()): null

07-03-2025T08:37:09 - [TEST_STEP][PASSED] - return x: null

07-03-2025T08:37:09 - [TEST_STEP][PASSED] - i = tableB.indexOf("Центр"): null

07-03-2025T08:37:09 - [TEST_STEP][PASSED] - FSKB = replaceAll("\p{P}", "").trim(): null

07-03-2025T08:37:09 - [TEST_STEP][PASSED] - println("FSKB: " + FSKB): null

07-03-2025T08:37:09 - [TEST_STEP][PASSED] - tableB = Script1719551244403.NewDZO(x = tableB): null

07-03-2025T08:37:09 - [TEST_STEP][PASSED] - i3 = <not implemented yet for class: org.codehaus.groovy.ast.expr.EmptyExpression>: null

07-03-2025T08:37:09 - [TEST_STEP][PASSED] - i3 = x.indexOf("/") + 1: null

07-03-2025T08:37:09 - [TEST_STEP][PASSED] - x = x.substring(i3, x.length()): null

07-03-2025T08:37:09 - [TEST_STEP][PASSED] - return x: null

07-03-2025T08:37:09 - [TEST_STEP][PASSED] - i = tableB.indexOf("Приволжье"): null

07-03-2025T08:37:09 - [TEST_STEP][PASSED] - CenB = replaceAll("\p{P}", "").trim(): null

07-03-2025T08:37:09 - [TEST_STEP][PASSED] - println("CenB: " + CenB): null

07-03-2025T08:37:09 - [TEST_STEP][PASSED] - for ([i = 1, i < 12, (i++)]): null

07-03-2025T08:37:09 - [TEST_STEP][PASSED] - tableB = Script1719551244403.NewDZO(x = tableB): null

07-03-2025T08:37:09 - [TEST_STEP][PASSED] - i3 = <not implemented yet for class: org.codehaus.groovy.ast.expr.EmptyExpression>: null

07-03-2025T08:37:09 - [TEST_STEP][PASSED] - i3 = x.indexOf("/") + 1: null

07-03-2025T08:37:09 - [TEST_STEP][PASSED] - x = x.substring(i3, x.length()): null

07-03-2025T08:37:09 - [TEST_STEP][PASSED] - return x: null

07-03-2025T08:37:09 - [TEST_STEP][PASSED] - tableB = Script1719551244403.NewDZO(x = tableB): null

07-03-2025T08:37:09 - [TEST_STEP][PASSED] - i3 = <not implemented yet for class: org.codehaus.groovy.ast.expr.EmptyExpression>: null

07-03-2025T08:37:09 - [TEST_STEP][PASSED] - i3 = x.indexOf("/") + 1: null

07-03-2025T08:37:09 - [TEST_STEP][PASSED] - x = x.substring(i3, x.length()): null

07-03-2025T08:37:09 - [TEST_STEP][PASSED] - return x: null

07-03-2025T08:37:09 - [TEST_STEP][PASSED] - tableB = Script1719551244403.NewDZO(x = tableB): null

07-03-2025T08:37:09 - [TEST_STEP][PASSED] - i3 = <not implemented yet for class: org.codehaus.groovy.ast.expr.EmptyExpression>: null

07-03-2025T08:37:09 - [TEST_STEP][PASSED] - i3 = x.indexOf("/") + 1: null

07-03-2025T08:37:09 - [TEST_STEP][PASSED] - x = x.substring(i3, x.length()): null

07-03-2025T08:37:09 - [TEST_STEP][PASSED] - return x: null

07-03-2025T08:37:09 - [TEST_STEP][PASSED] - tableB = Script1719551244403.NewDZO(x = tableB): null

07-03-2025T08:37:09 - [TEST_STEP][PASSED] - i3 = <not implemented yet for class: org.codehaus.groovy.ast.expr.EmptyExpression>: null

07-03-2025T08:37:09 - [TEST_STEP][PASSED] - i3 = x.indexOf("/") + 1: null

07-03-2025T08:37:09 - [TEST_STEP][PASSED] - x = x.substring(i3, x.length()): null

07-03-2025T08:37:09 - [TEST_STEP][PASSED] - return x: null

07-03-2025T08:37:09 - [TEST_STEP][PASSED] - tableB = Script1719551244403.NewDZO(x = tableB): null

07-03-2025T08:37:09 - [TEST_STEP][PASSED] - i3 = <not implemented yet for class: org.codehaus.groovy.ast.expr.EmptyExpression>: null

07-03-2025T08:37:09 - [TEST_STEP][PASSED] - i3 = x.indexOf("/") + 1: null

07-03-2025T08:37:09 - [TEST_STEP][PASSED] - x = x.substring(i3, x.length()): null

07-03-2025T08:37:09 - [TEST_STEP][PASSED] - return x: null

07-03-2025T08:37:09 - [TEST_STEP][PASSED] - tableB = Script1719551244403.NewDZO(x = tableB): null

07-03-2025T08:37:09 - [TEST_STEP][PASSED] - i3 = <not implemented yet for class: org.codehaus.groovy.ast.expr.EmptyExpression>: null

07-03-2025T08:37:09 - [TEST_STEP][PASSED] - i3 = x.indexOf("/") + 1: null

07-03-2025T08:37:09 - [TEST_STEP][PASSED] - x = x.substring(i3, x.length()): null

07-03-2025T08:37:09 - [TEST_STEP][PASSED] - return x: null

07-03-2025T08:37:09 - [TEST_STEP][PASSED] - tableB = Script1719551244403.NewDZO(x = tableB): null

07-03-2025T08:37:09 - [TEST_STEP][PASSED] - i3 = <not implemented yet for class: org.codehaus.groovy.ast.expr.EmptyExpression>: null

07-03-2025T08:37:09 - [TEST_STEP][PASSED] - i3 = x.indexOf("/") + 1: null

07-03-2025T08:37:09 - [TEST_STEP][PASSED] - x = x.substring(i3, x.length()): null

07-03-2025T08:37:09 - [TEST_STEP][PASSED] - return x: null

07-03-2025T08:37:09 - [TEST_STEP][PASSED] - tableB = Script1719551244403.NewDZO(x = tableB): null

07-03-2025T08:37:09 - [TEST_STEP][PASSED] - i3 = <not implemented yet for class: org.codehaus.groovy.ast.expr.EmptyExpression>: null

07-03-2025T08:37:09 - [TEST_STEP][PASSED] - i3 = x.indexOf("/") + 1: null

07-03-2025T08:37:09 - [TEST_STEP][PASSED] - x = x.substring(i3, x.length()): null

07-03-2025T08:37:09 - [TEST_STEP][PASSED] - return x: null

07-03-2025T08:37:09 - [TEST_STEP][PASSED] - tableB = Script1719551244403.NewDZO(x = tableB): null

07-03-2025T08:37:09 - [TEST_STEP][PASSED] - i3 = <not implemented yet for class: org.codehaus.groovy.ast.expr.EmptyExpression>: null

07-03-2025T08:37:09 - [TEST_STEP][PASSED] - i3 = x.indexOf("/") + 1: null

07-03-2025T08:37:09 - [TEST_STEP][PASSED] - x = x.substring(i3, x.length()): null

07-03-2025T08:37:09 - [TEST_STEP][PASSED] - return x: null

07-03-2025T08:37:09 - [TEST_STEP][PASSED] - tableB = Script1719551244403.NewDZO(x = tableB): null

07-03-2025T08:37:09 - [TEST_STEP][PASSED] - i3 = <not implemented yet for class: org.codehaus.groovy.ast.expr.EmptyExpression>: null

07-03-2025T08:37:09 - [TEST_STEP][PASSED] - i3 = x.indexOf("/") + 1: null

07-03-2025T08:37:09 - [TEST_STEP][PASSED] - x = x.substring(i3, x.length()): null

07-03-2025T08:37:09 - [TEST_STEP][PASSED] - return x: null

07-03-2025T08:37:09 - [TEST_STEP][PASSED] - tableB = Script1719551244403.NewDZO(x = tableB): null

07-03-2025T08:37:09 - [TEST_STEP][PASSED] - i3 = <not implemented yet for class: org.codehaus.groovy.ast.expr.EmptyExpression>: null

07-03-2025T08:37:09 - [TEST_STEP][PASSED] - i3 = x.indexOf("/") + 1: null

07-03-2025T08:37:09 - [TEST_STEP][PASSED] - x = x.substring(i3, x.length()): null

07-03-2025T08:37:09 - [TEST_STEP][PASSED] - return x: null

07-03-2025T08:37:09 - [TEST_STEP][PASSED] - i = tableB.indexOf("Юг"): null

07-03-2025T08:37:09 - [TEST_STEP][PASSED] - CiPB = replaceAll("\p{P}", "").trim(): null

07-03-2025T08:37:09 - [TEST_STEP][PASSED] - println("CiPB: " + CiPB): null

07-03-2025T08:37:09 - [TEST_STEP][PASSED] - for ([i = 1, i < 10, (i++)]): null

07-03-2025T08:37:09 - [TEST_STEP][PASSED] - tableB = Script1719551244403.NewDZO(x = tableB): null

07-03-2025T08:37:09 - [TEST_STEP][PASSED] - i3 = <not implemented yet for class: org.codehaus.groovy.ast.expr.EmptyExpression>: null

07-03-2025T08:37:09 - [TEST_STEP][PASSED] - i3 = x.indexOf("/") + 1: null

07-03-2025T08:37:09 - [TEST_STEP][PASSED] - x = x.substring(i3, x.length()): null

07-03-2025T08:37:09 - [TEST_STEP][PASSED] - return x: null

07-03-2025T08:37:09 - [TEST_STEP][PASSED] - tableB = Script1719551244403.NewDZO(x = tableB): null

07-03-2025T08:37:09 - [TEST_STEP][PASSED] - i3 = <not implemented yet for class: org.codehaus.groovy.ast.expr.EmptyExpression>: null

07-03-2025T08:37:09 - [TEST_STEP][PASSED] - i3 = x.indexOf("/") + 1: null

07-03-2025T08:37:09 - [TEST_STEP][PASSED] - x = x.substring(i3, x.length()): null

07-03-2025T08:37:09 - [TEST_STEP][PASSED] - return x: null

07-03-2025T08:37:09 - [TEST_STEP][PASSED] - tableB = Script1719551244403.NewDZO(x = tableB): null

07-03-2025T08:37:09 - [TEST_STEP][PASSED] - i3 = <not implemented yet for class: org.codehaus.groovy.ast.expr.EmptyExpression>: null

07-03-2025T08:37:09 - [TEST_STEP][PASSED] - i3 = x.indexOf("/") + 1: null

07-03-2025T08:37:09 - [TEST_STEP][PASSED] - x = x.substring(i3, x.length()): null

07-03-2025T08:37:09 - [TEST_STEP][PASSED] - return x: null

07-03-2025T08:37:09 - [TEST_STEP][PASSED] - tableB = Script1719551244403.NewDZO(x = tableB): null

07-03-2025T08:37:09 - [TEST_STEP][PASSED] - i3 = <not implemented yet for class: org.codehaus.groovy.ast.expr.EmptyExpression>: null

07-03-2025T08:37:09 - [TEST_STEP][PASSED] - i3 = x.indexOf("/") + 1: null

07-03-2025T08:37:09 - [TEST_STEP][PASSED] - x = x.substring(i3, x.length()): null

07-03-2025T08:37:09 - [TEST_STEP][PASSED] - return x: null

07-03-2025T08:37:09 - [TEST_STEP][PASSED] - tableB = Script1719551244403.NewDZO(x = tableB): null

07-03-2025T08:37:09 - [TEST_STEP][PASSED] - i3 = <not implemented yet for class: org.codehaus.groovy.ast.expr.EmptyExpression>: null

07-03-2025T08:37:09 - [TEST_STEP][PASSED] - i3 = x.indexOf("/") + 1: null

07-03-2025T08:37:09 - [TEST_STEP][PASSED] - x = x.substring(i3, x.length()): null

07-03-2025T08:37:09 - [TEST_STEP][PASSED] - return x: null

07-03-2025T08:37:09 - [TEST_STEP][PASSED] - tableB = Script1719551244403.NewDZO(x = tableB): null

07-03-2025T08:37:09 - [TEST_STEP][PASSED] - i3 = <not implemented yet for class: org.codehaus.groovy.ast.expr.EmptyExpression>: null

07-03-2025T08:37:09 - [TEST_STEP][PASSED] - i3 = x.indexOf("/") + 1: null

07-03-2025T08:37:09 - [TEST_STEP][PASSED] - x = x.substring(i3, x.length()): null

07-03-2025T08:37:09 - [TEST_STEP][PASSED] - return x: null

07-03-2025T08:37:09 - [TEST_STEP][PASSED] - tableB = Script1719551244403.NewDZO(x = tableB): null

07-03-2025T08:37:09 - [TEST_STEP][PASSED] - i3 = <not implemented yet for class: org.codehaus.groovy.ast.expr.EmptyExpression>: null

07-03-2025T08:37:09 - [TEST_STEP][PASSED] - i3 = x.indexOf("/") + 1: null

07-03-2025T08:37:09 - [TEST_STEP][PASSED] - x = x.substring(i3, x.length()): null

07-03-2025T08:37:09 - [TEST_STEP][PASSED] - return x: null

07-03-2025T08:37:09 - [TEST_STEP][PASSED] - tableB = Script1719551244403.NewDZO(x = tableB): null

07-03-2025T08:37:09 - [TEST_STEP][PASSED] - i3 = <not implemented yet for class: org.codehaus.groovy.ast.expr.EmptyExpression>: null

07-03-2025T08:37:09 - [TEST_STEP][PASSED] - i3 = x.indexOf("/") + 1: null

07-03-2025T08:37:09 - [TEST_STEP][PASSED] - x = x.substring(i3, x.length()): null

07-03-2025T08:37:09 - [TEST_STEP][PASSED] - return x: null

07-03-2025T08:37:09 - [TEST_STEP][PASSED] - tableB = Script1719551244403.NewDZO(x = tableB): null

07-03-2025T08:37:09 - [TEST_STEP][PASSED] - i3 = <not implemented yet for class: org.codehaus.groovy.ast.expr.EmptyExpression>: null

07-03-2025T08:37:09 - [TEST_STEP][PASSED] - i3 = x.indexOf("/") + 1: null

07-03-2025T08:37:09 - [TEST_STEP][PASSED] - x = x.substring(i3, x.length()): null

07-03-2025T08:37:09 - [TEST_STEP][PASSED] - return x: null

07-03-2025T08:37:09 - [TEST_STEP][PASSED] - i = tableB.indexOf("Янтарь"): null

07-03-2025T08:37:09 - [TEST_STEP][PASSED] - UgB = replaceAll("\p{P}", "").trim(): null

07-03-2025T08:37:09 - [TEST_STEP][PASSED] - println("UgB: " + UgB): null

07-03-2025T08:37:09 - [TEST_STEP][PASSED] - i = tableB.lastIndexOf("/"): null

07-03-2025T08:37:09 - [TEST_STEP][PASSED] - YaB = replaceAll("\p{P}", "").trim(): null

07-03-2025T08:37:09 - [TEST_STEP][PASSED] - println("YaB: " + YaB): null

07-03-2025T08:37:09 - [TEST_STEP][PASSED] - vidget = "Отклонения выручки по факторам": null

07-03-2025T08:37:09 - [TEST_STEP][PASSED] - if (run == 2): null

07-03-2025T08:37:09 - [TEST_STEP][PASSED] - Script1719551244403.Test(run, todaysDate, typeOfData, otobrajeniyeDannyh, x, y, vidget, DZO): null

07-03-2025T08:37:09 - [TEST_STEP][PASSED] - navigateToUrl(findTestData("PlanFact").getValue(10, 3)): Navigate to 'https://bi.rosseti.digital/viewer?dashboardGuid=2301950b23be4ed89c1df75f2020051e&sheetGuid=ccd7d7486b3d4e6fa0ee9b1eaebed46c&fit=true' successfully

07-03-2025T08:37:09 - [MESSAGE][PASSED] - Navigate to 'https://bi.rosseti.digital/viewer?dashboardGuid=2301950b23be4ed89c1df75f2020051e&sheetGuid=ccd7d7486b3d4e6fa0ee9b1eaebed46c&fit=true' successfully

07-03-2025T08:37:09 - [TEST_STEP][PASSED] - Script1719551244403.Autorization(run): null

07-03-2025T08:37:09 - [TEST_STEP][PASSED] - delay(10): Delayed 10 second(s)

07-03-2025T08:37:19 - [MESSAGE][PASSED] - Delayed 10 second(s)

07-03-2025T08:37:19 - [TEST_STEP][PASSED] - if (run == 1): null

07-03-2025T08:37:19 - [TEST_STEP][PASSED] - i = <not implemented yet for class: org.codehaus.groovy.ast.expr.EmptyExpression>: null

07-03-2025T08:37:19 - [TEST_STEP][PASSED] - ii = <not implemented yet for class: org.codehaus.groovy.ast.expr.EmptyExpression>: null

07-03-2025T08:37:19 - [TEST_STEP][PASSED] - a = <not implemented yet for class: org.codehaus.groovy.ast.expr.EmptyExpression>: null

07-03-2025T08:37:19 - [TEST_STEP][PASSED] - a1 = <not implemented yet for class: org.codehaus.groovy.ast.expr.EmptyExpression>: null

07-03-2025T08:37:19 - [TEST_STEP][PASSED] - a2 = <not implemented yet for class: org.codehaus.groovy.ast.expr.EmptyExpression>: null

07-03-2025T08:37:19 - [TEST_STEP][PASSED] - click(findTestObject("Факторный анализ/Фильтр Период")): Object: 'Object Repository/Факторный анализ/Фильтр Период' is clicked on

07-03-2025T08:37:21 - [MESSAGE][PASSED] - Object: 'Object Repository/Факторный анализ/Фильтр Период' is clicked on

07-03-2025T08:37:21 - [TEST_STEP][PASSED] - click(findTestObject("Факторный анализ/Снять выделение в фильтре Дата")): Object: 'Object Repository/Факторный анализ/Снять выделение в фильтре Дата' is clicked on

07-03-2025T08:37:22 - [MESSAGE][PASSED] - Object: 'Object Repository/Факторный анализ/Снять выделение в фильтре Дата' is clicked on

07-03-2025T08:37:22 - [TEST_STEP][PASSED] - click(findTestObject("Факторный анализ/Применить в фильтре Дата")): Object: 'Object Repository/Факторный анализ/Применить в фильтре Дата' is clicked on

07-03-2025T08:37:23 - [MESSAGE][PASSED] - Object: 'Object Repository/Факторный анализ/Применить в фильтре Дата' is clicked on

07-03-2025T08:37:23 - [TEST_STEP][PASSED] - delay(10): Delayed 10 second(s)

07-03-2025T08:37:33 - [MESSAGE][PASSED] - Delayed 10 second(s)

07-03-2025T08:37:33 - [TEST_STEP][PASSED] - click(findTestObject("Факторный анализ/Фильтр Период")): Object: 'Object Repository/Факторный анализ/Фильтр Период' is clicked on

07-03-2025T08:37:34 - [MESSAGE][PASSED] - Object: 'Object Repository/Факторный анализ/Фильтр Период' is clicked on

07-03-2025T08:37:34 - [TEST_STEP][PASSED] - click(findTestObject("Факторный анализ/Снять выделение в фильтре Дата")): Object: 'Object Repository/Факторный анализ/Снять выделение в фильтре Дата' is clicked on

07-03-2025T08:37:34 - [MESSAGE][PASSED] - Object: 'Object Repository/Факторный анализ/Снять выделение в фильтре Дата' is clicked on

07-03-2025T08:37:34 - [TEST_STEP][PASSED] - scrollToElement(findTestObject("Факторный анализ/2025 список"), 30): Scroll to object 'Object Repository/Факторный анализ/2025 список' successfully

07-03-2025T08:37:35 - [MESSAGE][PASSED] - Scroll to object 'Object Repository/Факторный анализ/2025 список' successfully

07-03-2025T08:37:35 - [TEST_STEP][PASSED] - click(findTestObject("Факторный анализ/2025 список")): Object: 'Object Repository/Факторный анализ/2025 список' is clicked on

07-03-2025T08:37:35 - [MESSAGE][PASSED] - Object: 'Object Repository/Факторный анализ/2025 список' is clicked on

07-03-2025T08:37:35 - [TEST_STEP][PASSED] - scrollToElement(findTestObject("Факторный анализ/1 квартал 2025 список"), 30): Scroll to object 'Object Repository/Факторный анализ/1 квартал 2025 список' successfully

07-03-2025T08:37:35 - [MESSAGE][PASSED] - Scroll to object 'Object Repository/Факторный анализ/1 квартал 2025 список' successfully

07-03-2025T08:37:35 - [TEST_STEP][PASSED] - click(findTestObject("Факторный анализ/1 квартал 2025 список"), CONTINUE_ON_FAILURE): Object: 'Object Repository/Факторный анализ/1 квартал 2025 список' is clicked on

07-03-2025T08:37:36 - [MESSAGE][PASSED] - Object: 'Object Repository/Факторный анализ/1 квартал 2025 список' is clicked on

07-03-2025T08:37:36 - [TEST_STEP][PASSED] - scrollToElement(findTestObject("Факторный анализ/Январь 2025"), 30): Scroll to object 'Object Repository/Факторный анализ/Январь 2025' successfully

07-03-2025T08:37:36 - [MESSAGE][PASSED] - Scroll to object 'Object Repository/Факторный анализ/Январь 2025' successfully

07-03-2025T08:37:36 - [TEST_STEP][PASSED] - click(findTestObject("Факторный анализ/Январь 2025"), CONTINUE_ON_FAILURE): Object: 'Object Repository/Факторный анализ/Январь 2025' is clicked on

07-03-2025T08:37:36 - [MESSAGE][PASSED] - Object: 'Object Repository/Факторный анализ/Январь 2025' is clicked on

07-03-2025T08:37:36 - [TEST_STEP][PASSED] - scrollToElement(findTestObject("Факторный анализ/Заголовок дашборда"), 30): Scroll to object 'Object Repository/Факторный анализ/Заголовок дашборда' successfully

07-03-2025T08:37:37 - [MESSAGE][PASSED] - Scroll to object 'Object Repository/Факторный анализ/Заголовок дашборда' successfully

07-03-2025T08:37:37 - [TEST_STEP][PASSED] - click(findTestObject("Факторный анализ/Применить в фильтре Дата")): Object: 'Object Repository/Факторный анализ/Применить в фильтре Дата' is clicked on

07-03-2025T08:37:37 - [MESSAGE][PASSED] - Object: 'Object Repository/Факторный анализ/Применить в фильтре Дата' is clicked on

07-03-2025T08:37:37 - [TEST_STEP][PASSED] - if (run == 1): null

07-03-2025T08:37:37 - [TEST_STEP][PASSED] - else: null

07-03-2025T08:37:37 - [TEST_STEP][PASSED] - click(findTestObject("Факторный анализ/Переключить отображение с филиала на месяц")): Object: 'Object Repository/Факторный анализ/Переключить отображение с филиала на месяц' is clicked on

07-03-2025T08:37:39 - [MESSAGE][PASSED] - Object: 'Object Repository/Факторный анализ/Переключить отображение с филиала на месяц' is clicked on

07-03-2025T08:37:39 - [TEST_STEP][PASSED] - a1 = replaceAll("\s+", "").trim(): Text of object 'Object Repository/Факторный анализ/span1 Блок руководителя' is: ''

07-03-2025T08:37:39 - [MESSAGE][PASSED] - Text of object 'Object Repository/Факторный анализ/span1 Блок руководителя' is: ''

07-03-2025T08:37:39 - [TEST_STEP][PASSED] - a2 = replaceAll("\s+", "").trim(): Text of object 'Object Repository/Факторный анализ/span2 Блок руководителя' is: '-121 352'

07-03-2025T08:37:40 - [MESSAGE][PASSED] - Text of object 'Object Repository/Факторный анализ/span2 Блок руководителя' is: '-121 352'

07-03-2025T08:37:40 - [TEST_STEP][PASSED] - println("a1: " + a1): null

07-03-2025T08:37:40 - [TEST_STEP][PASSED] - println("a2: " + a2): null

07-03-2025T08:37:40 - [TEST_STEP][PASSED] - tableA = getText(findTestObject("Факторный анализ/AllTable1")).replaceAll("[\r?
|
]", "/"): Text of object 'Object Repository/Факторный анализ/AllTable1' is: 'ДЗО
Филиал
Отклонение (объём услуг)
Отклонение (средний тариф)
АО "РЭС" АО "РЭС" -76 3
АО «Тываэнерго» АО "Тываэнерго" 19 4
АО «Чеченэнерго» АО «Чеченэнерго» -35 -48
Россети Волга Мордовэнерго - 150 -6
Оренбургэнерго -62 -9
Пензаэнерго -35 -1
Самарские РС -78 142
Саратовские РС -77 -49
Ульяновские РС 14 6
Чувашэнерго -4 12
Россети Кубань Кубаньэнерго - 341 287
Россети Ленэнерго (ГК) Ленинградская область - 311 187
г. Санкт-Петербург - 291 12
Россети Московский регион Московская область - 780 53
г. Москва - 195 -5
Россети Северный Кавказ (ГК) Дагэнерго - 238 -48
Ингушэнерго -60 14
Каббалкэнерго 20 -4
Карачаево-Черкесскэнерго -10 - 109
Севкавказэнерго - 121 -10
Ставропольэнерго -68 28
Россети Северо-Запад Архангельский филиал -52 21
Вологодский филиал -40 10
Карельский филиал -50 -15
Мурманский филиал 20 -17
Новгородский филиал -49 0
Псковский филиал -48 13
филиал в Республике Коми -53 9
Россети Сибирь (ГК) Алтайэнерго 39 16
Бурятэнерго 10 -7
ГАЭС 9 2
Красноярскэнерго 117 -4
Кузбассэнерго-РЭС 37 147
Омскэнерго -2 -21
Хакасэнерго -10 -12
Читаэнерго -1 25
Россети Томск Томская распределительная компания -62 5
Россети Тюмень Россети Тюмень - 986 - 117
Россети Урал (ГК) Пермэнерго - 187 5
Свердловэнерго - 152 -4
Челябэнерго - 141 5
Россети ФСК ЕЭС Итого по ФСК ЕЭС - 311 252
Россети Центр Белгородэнерго -85 14
Брянскэнерго -50 -8
Воронежэнерго -98 -2
Костромаэнерго -42 3
Курскэнерго -32 8
Липецкэнерго -79 20
Орелэнерго -40 5
Смоленскэнерго -52 -7
Тамбовэнерго -25 -5
Тверьэнерго - 133 0
Ярэнерго -60 -7
Россети Центр и Приволжье (ГК) Владимирэнерго 0 1 448
Ивэнерго 0 779
Калугаэнерго 0 1 441
Кировэнерго 0 1 158
Мариэнерго 0 478
Нижновэнерго 0 3 348
Рязаньэнерго 0 1 093
Тулэнерго 0 1 695
Удмуртэнерго 0 1 616
Россети Юг (ГК) АО «ВМЭС» 0 4
Астраханьэнерго 1 -6
Волгоградэнерго - 140 -12
Калмэнерго -8 2
Ростовэнерго -47 16
Россети Янтарь Россети Янтарь -31 12'

07-03-2025T08:37:40 - [MESSAGE][PASSED] - Text of object 'Object Repository/Факторный анализ/AllTable1' is: 'ДЗО
Филиал
Отклонение (объём услуг)
Отклонение (средний тариф)
АО "РЭС" АО "РЭС" -76 3
АО «Тываэнерго» АО "Тываэнерго" 19 4
АО «Чеченэнерго» АО «Чеченэнерго» -35 -48
Россети Волга Мордовэнерго - 150 -6
Оренбургэнерго -62 -9
Пензаэнерго -35 -1
Самарские РС -78 142
Саратовские РС -77 -49
Ульяновские РС 14 6
Чувашэнерго -4 12
Россети Кубань Кубаньэнерго - 341 287
Россети Ленэнерго (ГК) Ленинградская область - 311 187
г. Санкт-Петербург - 291 12
Россети Московский регион Московская область - 780 53
г. Москва - 195 -5
Россети Северный Кавказ (ГК) Дагэнерго - 238 -48
Ингушэнерго -60 14
Каббалкэнерго 20 -4
Карачаево-Черкесскэнерго -10 - 109
Севкавказэнерго - 121 -10
Ставропольэнерго -68 28
Россети Северо-Запад Архангельский филиал -52 21
Вологодский филиал -40 10
Карельский филиал -50 -15
Мурманский филиал 20 -17
Новгородский филиал -49 0
Псковский филиал -48 13
филиал в Республике Коми -53 9
Россети Сибирь (ГК) Алтайэнерго 39 16
Бурятэнерго 10 -7
ГАЭС 9 2
Красноярскэнерго 117 -4
Кузбассэнерго-РЭС 37 147
Омскэнерго -2 -21
Хакасэнерго -10 -12
Читаэнерго -1 25
Россети Томск Томская распределительная компания -62 5
Россети Тюмень Россети Тюмень - 986 - 117
Россети Урал (ГК) Пермэнерго - 187 5
Свердловэнерго - 152 -4
Челябэнерго - 141 5
Россети ФСК ЕЭС Итого по ФСК ЕЭС - 311 252
Россети Центр Белгородэнерго -85 14
Брянскэнерго -50 -8
Воронежэнерго -98 -2
Костромаэнерго -42 3
Курскэнерго -32 8
Липецкэнерго -79 20
Орелэнерго -40 5
Смоленскэнерго -52 -7
Тамбовэнерго -25 -5
Тверьэнерго - 133 0
Ярэнерго -60 -7
Россети Центр и Приволжье (ГК) Владимирэнерго 0 1 448
Ивэнерго 0 779
Калугаэнерго 0 1 441
Кировэнерго 0 1 158
Мариэнерго 0 478
Нижновэнерго 0 3 348
Рязаньэнерго 0 1 093
Тулэнерго 0 1 695
Удмуртэнерго 0 1 616
Россети Юг (ГК) АО «ВМЭС» 0 4
Астраханьэнерго 1 -6
Волгоградэнерго - 140 -12
Калмэнерго -8 2
Ростовэнерго -47 16
Россети Янтарь Россети Янтарь -31 12'

07-03-2025T08:37:40 - [TEST_STEP][PASSED] - println("tableA: " + tableA): null

07-03-2025T08:37:40 - [TEST_STEP][PASSED] - for ([i = 1, i < 5, (i++)]): null

07-03-2025T08:37:40 - [TEST_STEP][PASSED] - ii = tableA.indexOf("/") + 1: null

07-03-2025T08:37:40 - [TEST_STEP][PASSED] - tableA = tableA.substring(ii, tableA.length()): null

07-03-2025T08:37:40 - [TEST_STEP][PASSED] - ii = tableA.indexOf("/") + 1: null

07-03-2025T08:37:40 - [TEST_STEP][PASSED] - tableA = tableA.substring(ii, tableA.length()): null

07-03-2025T08:37:40 - [TEST_STEP][PASSED] - ii = tableA.indexOf("/") + 1: null

07-03-2025T08:37:40 - [TEST_STEP][PASSED] - tableA = tableA.substring(ii, tableA.length()): null

07-03-2025T08:37:40 - [TEST_STEP][PASSED] - ii = tableA.indexOf("/") + 1: null

07-03-2025T08:37:40 - [TEST_STEP][PASSED] - tableA = tableA.substring(ii, tableA.length()): null

07-03-2025T08:37:40 - [TEST_STEP][PASSED] - println("tableA: " + tableA): null

07-03-2025T08:37:40 - [TEST_STEP][PASSED] - TyA = Script1719551244403.GetData(x = tableA): null

07-03-2025T08:37:40 - [TEST_STEP][PASSED] - i2 = <not implemented yet for class: org.codehaus.groovy.ast.expr.EmptyExpression>: null

07-03-2025T08:37:40 - [TEST_STEP][PASSED] - i2 = x.indexOf("/") + 1: null

07-03-2025T08:37:40 - [TEST_STEP][PASSED] - x = replaceAll("\p{P}", "").trim(): null

07-03-2025T08:37:40 - [TEST_STEP][PASSED] - return x: null

07-03-2025T08:37:40 - [TEST_STEP][PASSED] - println("TyA: " + TyA): null

07-03-2025T08:37:40 - [TEST_STEP][PASSED] - tableA = Script1719551244403.NewDZO(x = tableA): null

07-03-2025T08:37:40 - [TEST_STEP][PASSED] - i3 = <not implemented yet for class: org.codehaus.groovy.ast.expr.EmptyExpression>: null

07-03-2025T08:37:40 - [TEST_STEP][PASSED] - i3 = x.indexOf("/") + 1: null

07-03-2025T08:37:40 - [TEST_STEP][PASSED] - x = x.substring(i3, x.length()): null

07-03-2025T08:37:40 - [TEST_STEP][PASSED] - return x: null

07-03-2025T08:37:40 - [TEST_STEP][PASSED] - ChA = Script1719551244403.GetData(x = tableA): null

07-03-2025T08:37:40 - [TEST_STEP][PASSED] - i2 = <not implemented yet for class: org.codehaus.groovy.ast.expr.EmptyExpression>: null

07-03-2025T08:37:40 - [TEST_STEP][PASSED] - i2 = x.indexOf("/") + 1: null

07-03-2025T08:37:40 - [TEST_STEP][PASSED] - x = replaceAll("\p{P}", "").trim(): null

07-03-2025T08:37:40 - [TEST_STEP][PASSED] - return x: null

07-03-2025T08:37:40 - [TEST_STEP][PASSED] - println("ChA: " + ChA): null

07-03-2025T08:37:40 - [TEST_STEP][PASSED] - tableA = Script1719551244403.NewDZO(x = tableA): null

07-03-2025T08:37:40 - [TEST_STEP][PASSED] - i3 = <not implemented yet for class: org.codehaus.groovy.ast.expr.EmptyExpression>: null

07-03-2025T08:37:40 - [TEST_STEP][PASSED] - i3 = x.indexOf("/") + 1: null

07-03-2025T08:37:40 - [TEST_STEP][PASSED] - x = x.substring(i3, x.length()): null

07-03-2025T08:37:40 - [TEST_STEP][PASSED] - return x: null

07-03-2025T08:37:40 - [TEST_STEP][PASSED] - i = tableA.indexOf("Кубань"): null

07-03-2025T08:37:40 - [TEST_STEP][PASSED] - VA = replaceAll("\p{P}", "").trim(): null

07-03-2025T08:37:40 - [TEST_STEP][PASSED] - println("VA: " + VA): null

07-03-2025T08:37:40 - [TEST_STEP][PASSED] - for ([i = 1, i < 8, (i++)]): null

07-03-2025T08:37:40 - [TEST_STEP][PASSED] - tableA = Script1719551244403.NewDZO(x = tableA): null

07-03-2025T08:37:40 - [TEST_STEP][PASSED] - i3 = <not implemented yet for class: org.codehaus.groovy.ast.expr.EmptyExpression>: null

07-03-2025T08:37:40 - [TEST_STEP][PASSED] - i3 = x.indexOf("/") + 1: null

07-03-2025T08:37:40 - [TEST_STEP][PASSED] - x = x.substring(i3, x.length()): null

07-03-2025T08:37:40 - [TEST_STEP][PASSED] - return x: null

07-03-2025T08:37:40 - [TEST_STEP][PASSED] - tableA = Script1719551244403.NewDZO(x = tableA): null

07-03-2025T08:37:40 - [TEST_STEP][PASSED] - i3 = <not implemented yet for class: org.codehaus.groovy.ast.expr.EmptyExpression>: null

07-03-2025T08:37:40 - [TEST_STEP][PASSED] - i3 = x.indexOf("/") + 1: null

07-03-2025T08:37:40 - [TEST_STEP][PASSED] - x = x.substring(i3, x.length()): null

07-03-2025T08:37:40 - [TEST_STEP][PASSED] - return x: null

07-03-2025T08:37:40 - [TEST_STEP][PASSED] - tableA = Script1719551244403.NewDZO(x = tableA): null

07-03-2025T08:37:40 - [TEST_STEP][PASSED] - i3 = <not implemented yet for class: org.codehaus.groovy.ast.expr.EmptyExpression>: null

07-03-2025T08:37:40 - [TEST_STEP][PASSED] - i3 = x.indexOf("/") + 1: null

07-03-2025T08:37:40 - [TEST_STEP][PASSED] - x = x.substring(i3, x.length()): null

07-03-2025T08:37:40 - [TEST_STEP][PASSED] - return x: null

07-03-2025T08:37:40 - [TEST_STEP][PASSED] - tableA = Script1719551244403.NewDZO(x = tableA): null

07-03-2025T08:37:40 - [TEST_STEP][PASSED] - i3 = <not implemented yet for class: org.codehaus.groovy.ast.expr.EmptyExpression>: null

07-03-2025T08:37:40 - [TEST_STEP][PASSED] - i3 = x.indexOf("/") + 1: null

07-03-2025T08:37:40 - [TEST_STEP][PASSED] - x = x.substring(i3, x.length()): null

07-03-2025T08:37:40 - [TEST_STEP][PASSED] - return x: null

07-03-2025T08:37:40 - [TEST_STEP][PASSED] - tableA = Script1719551244403.NewDZO(x = tableA): null

07-03-2025T08:37:40 - [TEST_STEP][PASSED] - i3 = <not implemented yet for class: org.codehaus.groovy.ast.expr.EmptyExpression>: null

07-03-2025T08:37:40 - [TEST_STEP][PASSED] - i3 = x.indexOf("/") + 1: null

07-03-2025T08:37:40 - [TEST_STEP][PASSED] - x = x.substring(i3, x.length()): null

07-03-2025T08:37:40 - [TEST_STEP][PASSED] - return x: null

07-03-2025T08:37:40 - [TEST_STEP][PASSED] - tableA = Script1719551244403.NewDZO(x = tableA): null

07-03-2025T08:37:40 - [TEST_STEP][PASSED] - i3 = <not implemented yet for class: org.codehaus.groovy.ast.expr.EmptyExpression>: null

07-03-2025T08:37:40 - [TEST_STEP][PASSED] - i3 = x.indexOf("/") + 1: null

07-03-2025T08:37:40 - [TEST_STEP][PASSED] - x = x.substring(i3, x.length()): null

07-03-2025T08:37:40 - [TEST_STEP][PASSED] - return x: null

07-03-2025T08:37:40 - [TEST_STEP][PASSED] - tableA = Script1719551244403.NewDZO(x = tableA): null

07-03-2025T08:37:40 - [TEST_STEP][PASSED] - i3 = <not implemented yet for class: org.codehaus.groovy.ast.expr.EmptyExpression>: null

07-03-2025T08:37:40 - [TEST_STEP][PASSED] - i3 = x.indexOf("/") + 1: null

07-03-2025T08:37:40 - [TEST_STEP][PASSED] - x = x.substring(i3, x.length()): null

07-03-2025T08:37:40 - [TEST_STEP][PASSED] - return x: null

07-03-2025T08:37:40 - [TEST_STEP][PASSED] - i = tableA.indexOf("Ленэнерго"): null

07-03-2025T08:37:40 - [TEST_STEP][PASSED] - KuA = Script1719551244403.GetData(x = tableA): null

07-03-2025T08:37:40 - [TEST_STEP][PASSED] - i2 = <not implemented yet for class: org.codehaus.groovy.ast.expr.EmptyExpression>: null

07-03-2025T08:37:40 - [TEST_STEP][PASSED] - i2 = x.indexOf("/") + 1: null

07-03-2025T08:37:40 - [TEST_STEP][PASSED] - x = replaceAll("\p{P}", "").trim(): null

07-03-2025T08:37:40 - [TEST_STEP][PASSED] - return x: null

07-03-2025T08:37:40 - [TEST_STEP][PASSED] - println("KuA: " + KuA): null

07-03-2025T08:37:40 - [TEST_STEP][PASSED] - tableA = Script1719551244403.NewDZO(x = tableA): null

07-03-2025T08:37:40 - [TEST_STEP][PASSED] - i3 = <not implemented yet for class: org.codehaus.groovy.ast.expr.EmptyExpression>: null

07-03-2025T08:37:40 - [TEST_STEP][PASSED] - i3 = x.indexOf("/") + 1: null

07-03-2025T08:37:40 - [TEST_STEP][PASSED] - x = x.substring(i3, x.length()): null

07-03-2025T08:37:40 - [TEST_STEP][PASSED] - return x: null

07-03-2025T08:37:40 - [TEST_STEP][PASSED] - i = tableA.indexOf("Московский"): null

07-03-2025T08:37:40 - [TEST_STEP][PASSED] - LenA = replaceAll("\p{P}", "").trim(): null

07-03-2025T08:37:40 - [TEST_STEP][PASSED] - println("LenA: " + LenA): null

07-03-2025T08:37:40 - [TEST_STEP][PASSED] - tableA = Script1719551244403.NewDZO(x = tableA): null

07-03-2025T08:37:40 - [TEST_STEP][PASSED] - i3 = <not implemented yet for class: org.codehaus.groovy.ast.expr.EmptyExpression>: null

07-03-2025T08:37:40 - [TEST_STEP][PASSED] - i3 = x.indexOf("/") + 1: null

07-03-2025T08:37:40 - [TEST_STEP][PASSED] - x = x.substring(i3, x.length()): null

07-03-2025T08:37:40 - [TEST_STEP][PASSED] - return x: null

07-03-2025T08:37:40 - [TEST_STEP][PASSED] - tableA = Script1719551244403.NewDZO(x = tableA): null

07-03-2025T08:37:40 - [TEST_STEP][PASSED] - i3 = <not implemented yet for class: org.codehaus.groovy.ast.expr.EmptyExpression>: null

07-03-2025T08:37:40 - [TEST_STEP][PASSED] - i3 = x.indexOf("/") + 1: null

07-03-2025T08:37:40 - [TEST_STEP][PASSED] - x = x.substring(i3, x.length()): null

07-03-2025T08:37:40 - [TEST_STEP][PASSED] - return x: null

07-03-2025T08:37:40 - [TEST_STEP][PASSED] - i = tableA.indexOf("Кавказ"): null

07-03-2025T08:37:40 - [TEST_STEP][PASSED] - MosA = replaceAll("\p{P}", "").trim(): null

07-03-2025T08:37:40 - [TEST_STEP][PASSED] - println("MosA: " + MosA): null

07-03-2025T08:37:40 - [TEST_STEP][PASSED] - for ([i = 1, i < 3, (i++)]): null

07-03-2025T08:37:40 - [TEST_STEP][PASSED] - tableA = Script1719551244403.NewDZO(x = tableA): null

07-03-2025T08:37:40 - [TEST_STEP][PASSED] - i3 = <not implemented yet for class: org.codehaus.groovy.ast.expr.EmptyExpression>: null

07-03-2025T08:37:40 - [TEST_STEP][PASSED] - i3 = x.indexOf("/") + 1: null

07-03-2025T08:37:40 - [TEST_STEP][PASSED] - x = x.substring(i3, x.length()): null

07-03-2025T08:37:40 - [TEST_STEP][PASSED] - return x: null

07-03-2025T08:37:40 - [TEST_STEP][PASSED] - tableA = Script1719551244403.NewDZO(x = tableA): null

07-03-2025T08:37:40 - [TEST_STEP][PASSED] - i3 = <not implemented yet for class: org.codehaus.groovy.ast.expr.EmptyExpression>: null

07-03-2025T08:37:40 - [TEST_STEP][PASSED] - i3 = x.indexOf("/") + 1: null

07-03-2025T08:37:40 - [TEST_STEP][PASSED] - x = x.substring(i3, x.length()): null

07-03-2025T08:37:40 - [TEST_STEP][PASSED] - return x: null

07-03-2025T08:37:40 - [TEST_STEP][PASSED] - i = tableA.indexOf("Запад"): null

07-03-2025T08:37:40 - [TEST_STEP][PASSED] - SKA = replaceAll("\p{P}", "").trim(): null

07-03-2025T08:37:40 - [TEST_STEP][PASSED] - println("SKA: " + SKA): null

07-03-2025T08:37:40 - [TEST_STEP][PASSED] - for ([i = 1, i < 7, (i++)]): null

07-03-2025T08:37:40 - [TEST_STEP][PASSED] - tableA = Script1719551244403.NewDZO(x = tableA): null

07-03-2025T08:37:40 - [TEST_STEP][PASSED] - i3 = <not implemented yet for class: org.codehaus.groovy.ast.expr.EmptyExpression>: null

07-03-2025T08:37:40 - [TEST_STEP][PASSED] - i3 = x.indexOf("/") + 1: null

07-03-2025T08:37:40 - [TEST_STEP][PASSED] - x = x.substring(i3, x.length()): null

07-03-2025T08:37:40 - [TEST_STEP][PASSED] - return x: null

07-03-2025T08:37:40 - [TEST_STEP][PASSED] - tableA = Script1719551244403.NewDZO(x = tableA): null

07-03-2025T08:37:40 - [TEST_STEP][PASSED] - i3 = <not implemented yet for class: org.codehaus.groovy.ast.expr.EmptyExpression>: null

07-03-2025T08:37:40 - [TEST_STEP][PASSED] - i3 = x.indexOf("/") + 1: null

07-03-2025T08:37:40 - [TEST_STEP][PASSED] - x = x.substring(i3, x.length()): null

07-03-2025T08:37:40 - [TEST_STEP][PASSED] - return x: null

07-03-2025T08:37:40 - [TEST_STEP][PASSED] - tableA = Script1719551244403.NewDZO(x = tableA): null

07-03-2025T08:37:40 - [TEST_STEP][PASSED] - i3 = <not implemented yet for class: org.codehaus.groovy.ast.expr.EmptyExpression>: null

07-03-2025T08:37:40 - [TEST_STEP][PASSED] - i3 = x.indexOf("/") + 1: null

07-03-2025T08:37:40 - [TEST_STEP][PASSED] - x = x.substring(i3, x.length()): null

07-03-2025T08:37:40 - [TEST_STEP][PASSED] - return x: null

07-03-2025T08:37:40 - [TEST_STEP][PASSED] - tableA = Script1719551244403.NewDZO(x = tableA): null

07-03-2025T08:37:40 - [TEST_STEP][PASSED] - i3 = <not implemented yet for class: org.codehaus.groovy.ast.expr.EmptyExpression>: null

07-03-2025T08:37:40 - [TEST_STEP][PASSED] - i3 = x.indexOf("/") + 1: null

07-03-2025T08:37:40 - [TEST_STEP][PASSED] - x = x.substring(i3, x.length()): null

07-03-2025T08:37:40 - [TEST_STEP][PASSED] - return x: null

07-03-2025T08:37:40 - [TEST_STEP][PASSED] - tableA = Script1719551244403.NewDZO(x = tableA): null

07-03-2025T08:37:40 - [TEST_STEP][PASSED] - i3 = <not implemented yet for class: org.codehaus.groovy.ast.expr.EmptyExpression>: null

07-03-2025T08:37:40 - [TEST_STEP][PASSED] - i3 = x.indexOf("/") + 1: null

07-03-2025T08:37:40 - [TEST_STEP][PASSED] - x = x.substring(i3, x.length()): null

07-03-2025T08:37:40 - [TEST_STEP][PASSED] - return x: null

07-03-2025T08:37:40 - [TEST_STEP][PASSED] - tableA = Script1719551244403.NewDZO(x = tableA): null

07-03-2025T08:37:40 - [TEST_STEP][PASSED] - i3 = <not implemented yet for class: org.codehaus.groovy.ast.expr.EmptyExpression>: null

07-03-2025T08:37:40 - [TEST_STEP][PASSED] - i3 = x.indexOf("/") + 1: null

07-03-2025T08:37:40 - [TEST_STEP][PASSED] - x = x.substring(i3, x.length()): null

07-03-2025T08:37:40 - [TEST_STEP][PASSED] - return x: null

07-03-2025T08:37:40 - [TEST_STEP][PASSED] - i = tableA.indexOf("Сибирь"): null

07-03-2025T08:37:40 - [TEST_STEP][PASSED] - SZA = replaceAll("\p{P}", "").trim(): null

07-03-2025T08:37:40 - [TEST_STEP][PASSED] - println("SZA: " + SZA): null

07-03-2025T08:37:40 - [TEST_STEP][PASSED] - for ([i = 1, i < 8, (i++)]): null

07-03-2025T08:37:40 - [TEST_STEP][PASSED] - tableA = Script1719551244403.NewDZO(x = tableA): null

07-03-2025T08:37:40 - [TEST_STEP][PASSED] - i3 = <not implemented yet for class: org.codehaus.groovy.ast.expr.EmptyExpression>: null

07-03-2025T08:37:40 - [TEST_STEP][PASSED] - i3 = x.indexOf("/") + 1: null

07-03-2025T08:37:40 - [TEST_STEP][PASSED] - x = x.substring(i3, x.length()): null

07-03-2025T08:37:40 - [TEST_STEP][PASSED] - return x: null

07-03-2025T08:37:40 - [TEST_STEP][PASSED] - tableA = Script1719551244403.NewDZO(x = tableA): null

07-03-2025T08:37:40 - [TEST_STEP][PASSED] - i3 = <not implemented yet for class: org.codehaus.groovy.ast.expr.EmptyExpression>: null

07-03-2025T08:37:40 - [TEST_STEP][PASSED] - i3 = x.indexOf("/") + 1: null

07-03-2025T08:37:40 - [TEST_STEP][PASSED] - x = x.substring(i3, x.length()): null

07-03-2025T08:37:40 - [TEST_STEP][PASSED] - return x: null

07-03-2025T08:37:40 - [TEST_STEP][PASSED] - tableA = Script1719551244403.NewDZO(x = tableA): null

07-03-2025T08:37:40 - [TEST_STEP][PASSED] - i3 = <not implemented yet for class: org.codehaus.groovy.ast.expr.EmptyExpression>: null

07-03-2025T08:37:40 - [TEST_STEP][PASSED] - i3 = x.indexOf("/") + 1: null

07-03-2025T08:37:40 - [TEST_STEP][PASSED] - x = x.substring(i3, x.length()): null

07-03-2025T08:37:40 - [TEST_STEP][PASSED] - return x: null

07-03-2025T08:37:40 - [TEST_STEP][PASSED] - tableA = Script1719551244403.NewDZO(x = tableA): null

07-03-2025T08:37:40 - [TEST_STEP][PASSED] - i3 = <not implemented yet for class: org.codehaus.groovy.ast.expr.EmptyExpression>: null

07-03-2025T08:37:40 - [TEST_STEP][PASSED] - i3 = x.indexOf("/") + 1: null

07-03-2025T08:37:40 - [TEST_STEP][PASSED] - x = x.substring(i3, x.length()): null

07-03-2025T08:37:40 - [TEST_STEP][PASSED] - return x: null

07-03-2025T08:37:40 - [TEST_STEP][PASSED] - tableA = Script1719551244403.NewDZO(x = tableA): null

07-03-2025T08:37:40 - [TEST_STEP][PASSED] - i3 = <not implemented yet for class: org.codehaus.groovy.ast.expr.EmptyExpression>: null

07-03-2025T08:37:40 - [TEST_STEP][PASSED] - i3 = x.indexOf("/") + 1: null

07-03-2025T08:37:40 - [TEST_STEP][PASSED] - x = x.substring(i3, x.length()): null

07-03-2025T08:37:40 - [TEST_STEP][PASSED] - return x: null

07-03-2025T08:37:40 - [TEST_STEP][PASSED] - tableA = Script1719551244403.NewDZO(x = tableA): null

07-03-2025T08:37:40 - [TEST_STEP][PASSED] - i3 = <not implemented yet for class: org.codehaus.groovy.ast.expr.EmptyExpression>: null

07-03-2025T08:37:40 - [TEST_STEP][PASSED] - i3 = x.indexOf("/") + 1: null

07-03-2025T08:37:40 - [TEST_STEP][PASSED] - x = x.substring(i3, x.length()): null

07-03-2025T08:37:40 - [TEST_STEP][PASSED] - return x: null

07-03-2025T08:37:40 - [TEST_STEP][PASSED] - tableA = Script1719551244403.NewDZO(x = tableA): null

07-03-2025T08:37:40 - [TEST_STEP][PASSED] - i3 = <not implemented yet for class: org.codehaus.groovy.ast.expr.EmptyExpression>: null

07-03-2025T08:37:40 - [TEST_STEP][PASSED] - i3 = x.indexOf("/") + 1: null

07-03-2025T08:37:40 - [TEST_STEP][PASSED] - x = x.substring(i3, x.length()): null

07-03-2025T08:37:40 - [TEST_STEP][PASSED] - return x: null

07-03-2025T08:37:40 - [TEST_STEP][PASSED] - i = tableA.indexOf("Томск"): null

07-03-2025T08:37:40 - [TEST_STEP][PASSED] - SiA = replaceAll("\p{P}", "").trim(): null

07-03-2025T08:37:40 - [TEST_STEP][PASSED] - println("SiA: " + SiA): null

07-03-2025T08:37:40 - [TEST_STEP][PASSED] - for ([i = 1, i < 9, (i++)]): null

07-03-2025T08:37:40 - [TEST_STEP][PASSED] - tableA = Script1719551244403.NewDZO(x = tableA): null

07-03-2025T08:37:40 - [TEST_STEP][PASSED] - i3 = <not implemented yet for class: org.codehaus.groovy.ast.expr.EmptyExpression>: null

07-03-2025T08:37:40 - [TEST_STEP][PASSED] - i3 = x.indexOf("/") + 1: null

07-03-2025T08:37:40 - [TEST_STEP][PASSED] - x = x.substring(i3, x.length()): null

07-03-2025T08:37:40 - [TEST_STEP][PASSED] - return x: null

07-03-2025T08:37:40 - [TEST_STEP][PASSED] - tableA = Script1719551244403.NewDZO(x = tableA): null

07-03-2025T08:37:40 - [TEST_STEP][PASSED] - i3 = <not implemented yet for class: org.codehaus.groovy.ast.expr.EmptyExpression>: null

07-03-2025T08:37:40 - [TEST_STEP][PASSED] - i3 = x.indexOf("/") + 1: null

07-03-2025T08:37:40 - [TEST_STEP][PASSED] - x = x.substring(i3, x.length()): null

07-03-2025T08:37:40 - [TEST_STEP][PASSED] - return x: null

07-03-2025T08:37:40 - [TEST_STEP][PASSED] - tableA = Script1719551244403.NewDZO(x = tableA): null

07-03-2025T08:37:40 - [TEST_STEP][PASSED] - i3 = <not implemented yet for class: org.codehaus.groovy.ast.expr.EmptyExpression>: null

07-03-2025T08:37:40 - [TEST_STEP][PASSED] - i3 = x.indexOf("/") + 1: null

07-03-2025T08:37:40 - [TEST_STEP][PASSED] - x = x.substring(i3, x.length()): null

07-03-2025T08:37:40 - [TEST_STEP][PASSED] - return x: null

07-03-2025T08:37:40 - [TEST_STEP][PASSED] - tableA = Script1719551244403.NewDZO(x = tableA): null

07-03-2025T08:37:40 - [TEST_STEP][PASSED] - i3 = <not implemented yet for class: org.codehaus.groovy.ast.expr.EmptyExpression>: null

07-03-2025T08:37:40 - [TEST_STEP][PASSED] - i3 = x.indexOf("/") + 1: null

07-03-2025T08:37:40 - [TEST_STEP][PASSED] - x = x.substring(i3, x.length()): null

07-03-2025T08:37:40 - [TEST_STEP][PASSED] - return x: null

07-03-2025T08:37:40 - [TEST_STEP][PASSED] - tableA = Script1719551244403.NewDZO(x = tableA): null

07-03-2025T08:37:40 - [TEST_STEP][PASSED] - i3 = <not implemented yet for class: org.codehaus.groovy.ast.expr.EmptyExpression>: null

07-03-2025T08:37:40 - [TEST_STEP][PASSED] - i3 = x.indexOf("/") + 1: null

07-03-2025T08:37:40 - [TEST_STEP][PASSED] - x = x.substring(i3, x.length()): null

07-03-2025T08:37:40 - [TEST_STEP][PASSED] - return x: null

07-03-2025T08:37:40 - [TEST_STEP][PASSED] - tableA = Script1719551244403.NewDZO(x = tableA): null

07-03-2025T08:37:40 - [TEST_STEP][PASSED] - i3 = <not implemented yet for class: org.codehaus.groovy.ast.expr.EmptyExpression>: null

07-03-2025T08:37:40 - [TEST_STEP][PASSED] - i3 = x.indexOf("/") + 1: null

07-03-2025T08:37:40 - [TEST_STEP][PASSED] - x = x.substring(i3, x.length()): null

07-03-2025T08:37:40 - [TEST_STEP][PASSED] - return x: null

07-03-2025T08:37:40 - [TEST_STEP][PASSED] - tableA = Script1719551244403.NewDZO(x = tableA): null

07-03-2025T08:37:40 - [TEST_STEP][PASSED] - i3 = <not implemented yet for class: org.codehaus.groovy.ast.expr.EmptyExpression>: null

07-03-2025T08:37:40 - [TEST_STEP][PASSED] - i3 = x.indexOf("/") + 1: null

07-03-2025T08:37:40 - [TEST_STEP][PASSED] - x = x.substring(i3, x.length()): null

07-03-2025T08:37:40 - [TEST_STEP][PASSED] - return x: null

07-03-2025T08:37:40 - [TEST_STEP][PASSED] - tableA = Script1719551244403.NewDZO(x = tableA): null

07-03-2025T08:37:40 - [TEST_STEP][PASSED] - i3 = <not implemented yet for class: org.codehaus.groovy.ast.expr.EmptyExpression>: null

07-03-2025T08:37:40 - [TEST_STEP][PASSED] - i3 = x.indexOf("/") + 1: null

07-03-2025T08:37:40 - [TEST_STEP][PASSED] - x = x.substring(i3, x.length()): null

07-03-2025T08:37:40 - [TEST_STEP][PASSED] - return x: null

07-03-2025T08:37:40 - [TEST_STEP][PASSED] - i = tableA.indexOf("Тюмень"): null

07-03-2025T08:37:40 - [TEST_STEP][PASSED] - ToA = replaceAll("\p{P}", "").trim(): null

07-03-2025T08:37:40 - [TEST_STEP][PASSED] - println("ToA: " + ToA): null

07-03-2025T08:37:40 - [TEST_STEP][PASSED] - tableA = Script1719551244403.NewDZO(x = tableA): null

07-03-2025T08:37:40 - [TEST_STEP][PASSED] - i3 = <not implemented yet for class: org.codehaus.groovy.ast.expr.EmptyExpression>: null

07-03-2025T08:37:40 - [TEST_STEP][PASSED] - i3 = x.indexOf("/") + 1: null

07-03-2025T08:37:40 - [TEST_STEP][PASSED] - x = x.substring(i3, x.length()): null

07-03-2025T08:37:40 - [TEST_STEP][PASSED] - return x: null

07-03-2025T08:37:40 - [TEST_STEP][PASSED] - TyuA = replaceAll("\p{P}", "").trim(): null

07-03-2025T08:37:40 - [TEST_STEP][PASSED] - println("TyuA: " + TyuA): null

07-03-2025T08:37:40 - [TEST_STEP][PASSED] - tableA = Script1719551244403.NewDZO(x = tableA): null

07-03-2025T08:37:40 - [TEST_STEP][PASSED] - i3 = <not implemented yet for class: org.codehaus.groovy.ast.expr.EmptyExpression>: null

07-03-2025T08:37:40 - [TEST_STEP][PASSED] - i3 = x.indexOf("/") + 1: null

07-03-2025T08:37:40 - [TEST_STEP][PASSED] - x = x.substring(i3, x.length()): null

07-03-2025T08:37:40 - [TEST_STEP][PASSED] - return x: null

07-03-2025T08:37:40 - [TEST_STEP][PASSED] - i = tableA.indexOf("ЕЭС"): null

07-03-2025T08:37:40 - [TEST_STEP][PASSED] - UrA = replaceAll("\p{P}", "").trim(): null

07-03-2025T08:37:40 - [TEST_STEP][PASSED] - println("UrA: " + UrA): null

07-03-2025T08:37:40 - [TEST_STEP][PASSED] - for ([i = 1, i < 4, (i++)]): null

07-03-2025T08:37:40 - [TEST_STEP][PASSED] - tableA = Script1719551244403.NewDZO(x = tableA): null

07-03-2025T08:37:40 - [TEST_STEP][PASSED] - i3 = <not implemented yet for class: org.codehaus.groovy.ast.expr.EmptyExpression>: null

07-03-2025T08:37:40 - [TEST_STEP][PASSED] - i3 = x.indexOf("/") + 1: null

07-03-2025T08:37:40 - [TEST_STEP][PASSED] - x = x.substring(i3, x.length()): null

07-03-2025T08:37:40 - [TEST_STEP][PASSED] - return x: null

07-03-2025T08:37:40 - [TEST_STEP][PASSED] - tableA = Script1719551244403.NewDZO(x = tableA): null

07-03-2025T08:37:40 - [TEST_STEP][PASSED] - i3 = <not implemented yet for class: org.codehaus.groovy.ast.expr.EmptyExpression>: null

07-03-2025T08:37:40 - [TEST_STEP][PASSED] - i3 = x.indexOf("/") + 1: null

07-03-2025T08:37:40 - [TEST_STEP][PASSED] - x = x.substring(i3, x.length()): null

07-03-2025T08:37:40 - [TEST_STEP][PASSED] - return x: null

07-03-2025T08:37:40 - [TEST_STEP][PASSED] - tableA = Script1719551244403.NewDZO(x = tableA): null

07-03-2025T08:37:40 - [TEST_STEP][PASSED] - i3 = <not implemented yet for class: org.codehaus.groovy.ast.expr.EmptyExpression>: null

07-03-2025T08:37:40 - [TEST_STEP][PASSED] - i3 = x.indexOf("/") + 1: null

07-03-2025T08:37:40 - [TEST_STEP][PASSED] - x = x.substring(i3, x.length()): null

07-03-2025T08:37:40 - [TEST_STEP][PASSED] - return x: null

07-03-2025T08:37:40 - [TEST_STEP][PASSED] - i = tableA.indexOf("Центр"): null

07-03-2025T08:37:40 - [TEST_STEP][PASSED] - FSKA = replaceAll("\p{P}", "").trim(): null

07-03-2025T08:37:40 - [TEST_STEP][PASSED] - println("FSKA: " + FSKA): null

07-03-2025T08:37:40 - [TEST_STEP][PASSED] - tableA = Script1719551244403.NewDZO(x = tableA): null

07-03-2025T08:37:40 - [TEST_STEP][PASSED] - i3 = <not implemented yet for class: org.codehaus.groovy.ast.expr.EmptyExpression>: null

07-03-2025T08:37:40 - [TEST_STEP][PASSED] - i3 = x.indexOf("/") + 1: null

07-03-2025T08:37:40 - [TEST_STEP][PASSED] - x = x.substring(i3, x.length()): null

07-03-2025T08:37:40 - [TEST_STEP][PASSED] - return x: null

07-03-2025T08:37:40 - [TEST_STEP][PASSED] - i = tableA.indexOf("Приволжье"): null

07-03-2025T08:37:40 - [TEST_STEP][PASSED] - CenA = replaceAll("\p{P}", "").trim(): null

07-03-2025T08:37:40 - [TEST_STEP][PASSED] - println("CenA: " + CenA): null

07-03-2025T08:37:40 - [TEST_STEP][PASSED] - for ([i = 1, i < 12, (i++)]): null

07-03-2025T08:37:40 - [TEST_STEP][PASSED] - tableA = Script1719551244403.NewDZO(x = tableA): null

07-03-2025T08:37:40 - [TEST_STEP][PASSED] - i3 = <not implemented yet for class: org.codehaus.groovy.ast.expr.EmptyExpression>: null

07-03-2025T08:37:40 - [TEST_STEP][PASSED] - i3 = x.indexOf("/") + 1: null

07-03-2025T08:37:40 - [TEST_STEP][PASSED] - x = x.substring(i3, x.length()): null

07-03-2025T08:37:40 - [TEST_STEP][PASSED] - return x: null

07-03-2025T08:37:40 - [TEST_STEP][PASSED] - tableA = Script1719551244403.NewDZO(x = tableA): null

07-03-2025T08:37:40 - [TEST_STEP][PASSED] - i3 = <not implemented yet for class: org.codehaus.groovy.ast.expr.EmptyExpression>: null

07-03-2025T08:37:40 - [TEST_STEP][PASSED] - i3 = x.indexOf("/") + 1: null

07-03-2025T08:37:40 - [TEST_STEP][PASSED] - x = x.substring(i3, x.length()): null

07-03-2025T08:37:40 - [TEST_STEP][PASSED] - return x: null

07-03-2025T08:37:40 - [TEST_STEP][PASSED] - tableA = Script1719551244403.NewDZO(x = tableA): null

07-03-2025T08:37:40 - [TEST_STEP][PASSED] - i3 = <not implemented yet for class: org.codehaus.groovy.ast.expr.EmptyExpression>: null

07-03-2025T08:37:40 - [TEST_STEP][PASSED] - i3 = x.indexOf("/") + 1: null

07-03-2025T08:37:40 - [TEST_STEP][PASSED] - x = x.substring(i3, x.length()): null

07-03-2025T08:37:40 - [TEST_STEP][PASSED] - return x: null

07-03-2025T08:37:40 - [TEST_STEP][PASSED] - tableA = Script1719551244403.NewDZO(x = tableA): null

07-03-2025T08:37:40 - [TEST_STEP][PASSED] - i3 = <not implemented yet for class: org.codehaus.groovy.ast.expr.EmptyExpression>: null

07-03-2025T08:37:40 - [TEST_STEP][PASSED] - i3 = x.indexOf("/") + 1: null

07-03-2025T08:37:40 - [TEST_STEP][PASSED] - x = x.substring(i3, x.length()): null

07-03-2025T08:37:40 - [TEST_STEP][PASSED] - return x: null

07-03-2025T08:37:40 - [TEST_STEP][PASSED] - tableA = Script1719551244403.NewDZO(x = tableA): null

07-03-2025T08:37:40 - [TEST_STEP][PASSED] - i3 = <not implemented yet for class: org.codehaus.groovy.ast.expr.EmptyExpression>: null

07-03-2025T08:37:40 - [TEST_STEP][PASSED] - i3 = x.indexOf("/") + 1: null

07-03-2025T08:37:40 - [TEST_STEP][PASSED] - x = x.substring(i3, x.length()): null

07-03-2025T08:37:40 - [TEST_STEP][PASSED] - return x: null

07-03-2025T08:37:40 - [TEST_STEP][PASSED] - tableA = Script1719551244403.NewDZO(x = tableA): null

07-03-2025T08:37:40 - [TEST_STEP][PASSED] - i3 = <not implemented yet for class: org.codehaus.groovy.ast.expr.EmptyExpression>: null

07-03-2025T08:37:40 - [TEST_STEP][PASSED] - i3 = x.indexOf("/") + 1: null

07-03-2025T08:37:40 - [TEST_STEP][PASSED] - x = x.substring(i3, x.length()): null

07-03-2025T08:37:40 - [TEST_STEP][PASSED] - return x: null

07-03-2025T08:37:40 - [TEST_STEP][PASSED] - tableA = Script1719551244403.NewDZO(x = tableA): null

07-03-2025T08:37:40 - [TEST_STEP][PASSED] - i3 = <not implemented yet for class: org.codehaus.groovy.ast.expr.EmptyExpression>: null

07-03-2025T08:37:40 - [TEST_STEP][PASSED] - i3 = x.indexOf("/") + 1: null

07-03-2025T08:37:40 - [TEST_STEP][PASSED] - x = x.substring(i3, x.length()): null

07-03-2025T08:37:40 - [TEST_STEP][PASSED] - return x: null

07-03-2025T08:37:40 - [TEST_STEP][PASSED] - tableA = Script1719551244403.NewDZO(x = tableA): null

07-03-2025T08:37:40 - [TEST_STEP][PASSED] - i3 = <not implemented yet for class: org.codehaus.groovy.ast.expr.EmptyExpression>: null

07-03-2025T08:37:40 - [TEST_STEP][PASSED] - i3 = x.indexOf("/") + 1: null

07-03-2025T08:37:40 - [TEST_STEP][PASSED] - x = x.substring(i3, x.length()): null

07-03-2025T08:37:40 - [TEST_STEP][PASSED] - return x: null

07-03-2025T08:37:40 - [TEST_STEP][PASSED] - tableA = Script1719551244403.NewDZO(x = tableA): null

07-03-2025T08:37:40 - [TEST_STEP][PASSED] - i3 = <not implemented yet for class: org.codehaus.groovy.ast.expr.EmptyExpression>: null

07-03-2025T08:37:40 - [TEST_STEP][PASSED] - i3 = x.indexOf("/") + 1: null

07-03-2025T08:37:40 - [TEST_STEP][PASSED] - x = x.substring(i3, x.length()): null

07-03-2025T08:37:40 - [TEST_STEP][PASSED] - return x: null

07-03-2025T08:37:40 - [TEST_STEP][PASSED] - tableA = Script1719551244403.NewDZO(x = tableA): null

07-03-2025T08:37:40 - [TEST_STEP][PASSED] - i3 = <not implemented yet for class: org.codehaus.groovy.ast.expr.EmptyExpression>: null

07-03-2025T08:37:40 - [TEST_STEP][PASSED] - i3 = x.indexOf("/") + 1: null

07-03-2025T08:37:40 - [TEST_STEP][PASSED] - x = x.substring(i3, x.length()): null

07-03-2025T08:37:40 - [TEST_STEP][PASSED] - return x: null

07-03-2025T08:37:40 - [TEST_STEP][PASSED] - tableA = Script1719551244403.NewDZO(x = tableA): null

07-03-2025T08:37:40 - [TEST_STEP][PASSED] - i3 = <not implemented yet for class: org.codehaus.groovy.ast.expr.EmptyExpression>: null

07-03-2025T08:37:40 - [TEST_STEP][PASSED] - i3 = x.indexOf("/") + 1: null

07-03-2025T08:37:40 - [TEST_STEP][PASSED] - x = x.substring(i3, x.length()): null

07-03-2025T08:37:40 - [TEST_STEP][PASSED] - return x: null

07-03-2025T08:37:40 - [TEST_STEP][PASSED] - i = tableA.indexOf("Юг"): null

07-03-2025T08:37:40 - [TEST_STEP][PASSED] - CiPA = replaceAll("\p{P}", "").trim(): null

07-03-2025T08:37:40 - [TEST_STEP][PASSED] - println("CiPA: " + CiPA): null

07-03-2025T08:37:40 - [TEST_STEP][PASSED] - for ([i = 1, i < 10, (i++)]): null

07-03-2025T08:37:40 - [TEST_STEP][PASSED] - tableA = Script1719551244403.NewDZO(x = tableA): null

07-03-2025T08:37:40 - [TEST_STEP][PASSED] - i3 = <not implemented yet for class: org.codehaus.groovy.ast.expr.EmptyExpression>: null

07-03-2025T08:37:40 - [TEST_STEP][PASSED] - i3 = x.indexOf("/") + 1: null

07-03-2025T08:37:40 - [TEST_STEP][PASSED] - x = x.substring(i3, x.length()): null

07-03-2025T08:37:40 - [TEST_STEP][PASSED] - return x: null

07-03-2025T08:37:40 - [TEST_STEP][PASSED] - tableA = Script1719551244403.NewDZO(x = tableA): null

07-03-2025T08:37:40 - [TEST_STEP][PASSED] - i3 = <not implemented yet for class: org.codehaus.groovy.ast.expr.EmptyExpression>: null

07-03-2025T08:37:40 - [TEST_STEP][PASSED] - i3 = x.indexOf("/") + 1: null

07-03-2025T08:37:40 - [TEST_STEP][PASSED] - x = x.substring(i3, x.length()): null

07-03-2025T08:37:40 - [TEST_STEP][PASSED] - return x: null

07-03-2025T08:37:40 - [TEST_STEP][PASSED] - tableA = Script1719551244403.NewDZO(x = tableA): null

07-03-2025T08:37:40 - [TEST_STEP][PASSED] - i3 = <not implemented yet for class: org.codehaus.groovy.ast.expr.EmptyExpression>: null

07-03-2025T08:37:40 - [TEST_STEP][PASSED] - i3 = x.indexOf("/") + 1: null

07-03-2025T08:37:40 - [TEST_STEP][PASSED] - x = x.substring(i3, x.length()): null

07-03-2025T08:37:40 - [TEST_STEP][PASSED] - return x: null

07-03-2025T08:37:40 - [TEST_STEP][PASSED] - tableA = Script1719551244403.NewDZO(x = tableA): null

07-03-2025T08:37:40 - [TEST_STEP][PASSED] - i3 = <not implemented yet for class: org.codehaus.groovy.ast.expr.EmptyExpression>: null

07-03-2025T08:37:40 - [TEST_STEP][PASSED] - i3 = x.indexOf("/") + 1: null

07-03-2025T08:37:40 - [TEST_STEP][PASSED] - x = x.substring(i3, x.length()): null

07-03-2025T08:37:40 - [TEST_STEP][PASSED] - return x: null

07-03-2025T08:37:40 - [TEST_STEP][PASSED] - tableA = Script1719551244403.NewDZO(x = tableA): null

07-03-2025T08:37:40 - [TEST_STEP][PASSED] - i3 = <not implemented yet for class: org.codehaus.groovy.ast.expr.EmptyExpression>: null

07-03-2025T08:37:40 - [TEST_STEP][PASSED] - i3 = x.indexOf("/") + 1: null

07-03-2025T08:37:40 - [TEST_STEP][PASSED] - x = x.substring(i3, x.length()): null

07-03-2025T08:37:40 - [TEST_STEP][PASSED] - return x: null

07-03-2025T08:37:40 - [TEST_STEP][PASSED] - tableA = Script1719551244403.NewDZO(x = tableA): null

07-03-2025T08:37:40 - [TEST_STEP][PASSED] - i3 = <not implemented yet for class: org.codehaus.groovy.ast.expr.EmptyExpression>: null

07-03-2025T08:37:40 - [TEST_STEP][PASSED] - i3 = x.indexOf("/") + 1: null

07-03-2025T08:37:40 - [TEST_STEP][PASSED] - x = x.substring(i3, x.length()): null

07-03-2025T08:37:40 - [TEST_STEP][PASSED] - return x: null

07-03-2025T08:37:40 - [TEST_STEP][PASSED] - tableA = Script1719551244403.NewDZO(x = tableA): null

07-03-2025T08:37:40 - [TEST_STEP][PASSED] - i3 = <not implemented yet for class: org.codehaus.groovy.ast.expr.EmptyExpression>: null

07-03-2025T08:37:40 - [TEST_STEP][PASSED] - i3 = x.indexOf("/") + 1: null

07-03-2025T08:37:40 - [TEST_STEP][PASSED] - x = x.substring(i3, x.length()): null

07-03-2025T08:37:40 - [TEST_STEP][PASSED] - return x: null

07-03-2025T08:37:40 - [TEST_STEP][PASSED] - tableA = Script1719551244403.NewDZO(x = tableA): null

07-03-2025T08:37:40 - [TEST_STEP][PASSED] - i3 = <not implemented yet for class: org.codehaus.groovy.ast.expr.EmptyExpression>: null

07-03-2025T08:37:40 - [TEST_STEP][PASSED] - i3 = x.indexOf("/") + 1: null

07-03-2025T08:37:40 - [TEST_STEP][PASSED] - x = x.substring(i3, x.length()): null

07-03-2025T08:37:40 - [TEST_STEP][PASSED] - return x: null

07-03-2025T08:37:40 - [TEST_STEP][PASSED] - tableA = Script1719551244403.NewDZO(x = tableA): null

07-03-2025T08:37:40 - [TEST_STEP][PASSED] - i3 = <not implemented yet for class: org.codehaus.groovy.ast.expr.EmptyExpression>: null

07-03-2025T08:37:40 - [TEST_STEP][PASSED] - i3 = x.indexOf("/") + 1: null

07-03-2025T08:37:40 - [TEST_STEP][PASSED] - x = x.substring(i3, x.length()): null

07-03-2025T08:37:40 - [TEST_STEP][PASSED] - return x: null

07-03-2025T08:37:40 - [TEST_STEP][PASSED] - i = tableA.indexOf("Янтарь"): null

07-03-2025T08:37:40 - [TEST_STEP][PASSED] - UgA = replaceAll("\p{P}", "").trim(): null

07-03-2025T08:37:40 - [TEST_STEP][PASSED] - println("UgA: " + UgA): null

07-03-2025T08:37:40 - [TEST_STEP][PASSED] - i = tableA.lastIndexOf("/"): null

07-03-2025T08:37:40 - [TEST_STEP][PASSED] - YaA = replaceAll("\p{P}", "").trim(): null

07-03-2025T08:37:40 - [TEST_STEP][PASSED] - println("YaA: " + YaA): null

07-03-2025T08:37:40 - [TEST_STEP][PASSED] - delay(10): Delayed 10 second(s)

07-03-2025T08:37:50 - [MESSAGE][PASSED] - Delayed 10 second(s)

07-03-2025T08:37:50 - [TEST_STEP][PASSED] - navigateToUrl(findTestData("PlanFact").getValue(10, 11)): Navigate to 'https://bi.rosseti.digital/viewer?dashboardGuid=a1fd28b3785d443cbc4d7690a1d78e31&sheetGuid=d3a0ddec2e914cb380b20dca74903099&fit=true' successfully

07-03-2025T08:37:50 - [MESSAGE][PASSED] - Navigate to 'https://bi.rosseti.digital/viewer?dashboardGuid=a1fd28b3785d443cbc4d7690a1d78e31&sheetGuid=d3a0ddec2e914cb380b20dca74903099&fit=true' successfully

07-03-2025T08:37:50 - [TEST_STEP][PASSED] - b = <not implemented yet for class: org.codehaus.groovy.ast.expr.EmptyExpression>: null

07-03-2025T08:37:50 - [TEST_STEP][PASSED] - b1 = <not implemented yet for class: org.codehaus.groovy.ast.expr.EmptyExpression>: null

07-03-2025T08:37:50 - [TEST_STEP][PASSED] - b2 = <not implemented yet for class: org.codehaus.groovy.ast.expr.EmptyExpression>: null

07-03-2025T08:37:50 - [TEST_STEP][PASSED] - click(findTestObject("Факторный анализ/Фильтр Дата Выручка")): Object: 'Object Repository/Факторный анализ/Фильтр Дата Выручка' is clicked on

07-03-2025T08:38:03 - [MESSAGE][PASSED] - Object: 'Object Repository/Факторный анализ/Фильтр Дата Выручка' is clicked on

07-03-2025T08:38:03 - [TEST_STEP][PASSED] - click(findTestObject("Факторный анализ/Снять выделение в фильтре Дата Выручка")): Object: 'Object Repository/Факторный анализ/Снять выделение в фильтре Дата Выручка' is clicked on

07-03-2025T08:38:04 - [MESSAGE][PASSED] - Object: 'Object Repository/Факторный анализ/Снять выделение в фильтре Дата Выручка' is clicked on

07-03-2025T08:38:04 - [TEST_STEP][PASSED] - click(findTestObject("Факторный анализ/Применить в фильтре Дата Выручка")): Object: 'Object Repository/Факторный анализ/Применить в фильтре Дата Выручка' is clicked on

07-03-2025T08:38:04 - [MESSAGE][PASSED] - Object: 'Object Repository/Факторный анализ/Применить в фильтре Дата Выручка' is clicked on

07-03-2025T08:38:04 - [TEST_STEP][PASSED] - delay(10): Delayed 10 second(s)

07-03-2025T08:38:14 - [MESSAGE][PASSED] - Delayed 10 second(s)

07-03-2025T08:38:14 - [TEST_STEP][PASSED] - click(findTestObject("Факторный анализ/Фильтр Дата Выручка")): Object: 'Object Repository/Факторный анализ/Фильтр Дата Выручка' is clicked on

07-03-2025T08:38:15 - [MESSAGE][PASSED] - Object: 'Object Repository/Факторный анализ/Фильтр Дата Выручка' is clicked on

07-03-2025T08:38:15 - [TEST_STEP][PASSED] - click(findTestObject("Факторный анализ/Снять выделение в фильтре Дата Выручка")): Object: 'Object Repository/Факторный анализ/Снять выделение в фильтре Дата Выручка' is clicked on

07-03-2025T08:38:15 - [MESSAGE][PASSED] - Object: 'Object Repository/Факторный анализ/Снять выделение в фильтре Дата Выручка' is clicked on

07-03-2025T08:38:15 - [TEST_STEP][PASSED] - scrollToElement(findTestObject("Факторный анализ/2025 список Выручка"), 30): Scroll to object 'Object Repository/Факторный анализ/2025 список Выручка' successfully

07-03-2025T08:38:15 - [MESSAGE][PASSED] - Scroll to object 'Object Repository/Факторный анализ/2025 список Выручка' successfully

07-03-2025T08:38:15 - [TEST_STEP][PASSED] - click(findTestObject("Факторный анализ/2025 список Выручка")): Object: 'Object Repository/Факторный анализ/2025 список Выручка' is clicked on

07-03-2025T08:38:16 - [MESSAGE][PASSED] - Object: 'Object Repository/Факторный анализ/2025 список Выручка' is clicked on

07-03-2025T08:38:16 - [TEST_STEP][PASSED] - scrollToElement(findTestObject("Факторный анализ/1 квартал 2025 список Выручка"), 30): Scroll to object 'Object Repository/Факторный анализ/1 квартал 2025 список Выручка' successfully

07-03-2025T08:38:16 - [MESSAGE][PASSED] - Scroll to object 'Object Repository/Факторный анализ/1 квартал 2025 список Выручка' successfully

07-03-2025T08:38:16 - [TEST_STEP][PASSED] - click(findTestObject("Факторный анализ/1 квартал 2025 список Выручка"), CONTINUE_ON_FAILURE): Object: 'Object Repository/Факторный анализ/1 квартал 2025 список Выручка' is clicked on

07-03-2025T08:38:17 - [MESSAGE][PASSED] - Object: 'Object Repository/Факторный анализ/1 квартал 2025 список Выручка' is clicked on

07-03-2025T08:38:17 - [TEST_STEP][PASSED] - scrollToElement(findTestObject("Факторный анализ/Январь 2025 Выручка"), 30): Scroll to object 'Object Repository/Факторный анализ/Январь 2025 Выручка' successfully

07-03-2025T08:38:17 - [MESSAGE][PASSED] - Scroll to object 'Object Repository/Факторный анализ/Январь 2025 Выручка' successfully

07-03-2025T08:38:17 - [TEST_STEP][PASSED] - click(findTestObject("Факторный анализ/Январь 2025 Выручка"), CONTINUE_ON_FAILURE): Object: 'Object Repository/Факторный анализ/Январь 2025 Выручка' is clicked on

07-03-2025T08:38:17 - [MESSAGE][PASSED] - Object: 'Object Repository/Факторный анализ/Январь 2025 Выручка' is clicked on

07-03-2025T08:38:17 - [TEST_STEP][PASSED] - scrollToElement(findTestObject("Факторный анализ/Заголовок дашборда Выручка"), 30): Scroll to object 'Object Repository/Факторный анализ/Заголовок дашборда Выручка' successfully

07-03-2025T08:38:18 - [MESSAGE][PASSED] - Scroll to object 'Object Repository/Факторный анализ/Заголовок дашборда Выручка' successfully

07-03-2025T08:38:18 - [TEST_STEP][PASSED] - click(findTestObject("Факторный анализ/Применить в фильтре Дата Выручка")): Object: 'Object Repository/Факторный анализ/Применить в фильтре Дата Выручка' is clicked on

07-03-2025T08:38:18 - [MESSAGE][PASSED] - Object: 'Object Repository/Факторный анализ/Применить в фильтре Дата Выручка' is clicked on

07-03-2025T08:38:18 - [TEST_STEP][PASSED] - if (run == 1): null

07-03-2025T08:38:18 - [TEST_STEP][ERROR] - else: Test Cases/Сверки дашбордов/Факторный анализ сверка дашбордов FAILED.
Reason:
java.lang.NullPointerException: Cannot invoke method replaceAll() on null object
	at Факторный анализ сверка дашбордов.Test(Факторный анализ сверка дашбордов:405)
	at Факторный анализ сверка дашбордов.run(Факторный анализ сверка дашбордов:44)
	at com.kms.katalon.core.main.ScriptEngine.run(ScriptEngine.java:194)
	at com.kms.katalon.core.main.ScriptEngine.runScriptAsRawText(ScriptEngine.java:119)
	at com.kms.katalon.core.main.TestCaseExecutor.runScript(TestCaseExecutor.java:448)
	at com.kms.katalon.core.main.TestCaseExecutor.doExecute(TestCaseExecutor.java:439)
	at com.kms.katalon.core.main.TestCaseExecutor.processExecutionPhase(TestCaseExecutor.java:418)
	at com.kms.katalon.core.main.TestCaseExecutor.accessMainPhase(TestCaseExecutor.java:410)
	at com.kms.katalon.core.main.TestCaseExecutor.execute(TestCaseExecutor.java:285)
	at com.kms.katalon.core.common.CommonExecutor.accessTestCaseMainPhase(CommonExecutor.java:65)
	at com.kms.katalon.core.main.TestSuiteExecutor.accessTestSuiteMainPhase(TestSuiteExecutor.java:150)
	at com.kms.katalon.core.main.TestSuiteExecutor.execute(TestSuiteExecutor.java:106)
	at com.kms.katalon.core.main.TestCaseMain.startTestSuite(TestCaseMain.java:180)
	at TempTestSuite1741312418653.run(TempTestSuite1741312418653.groovy:35)
	at java.base/jdk.internal.reflect.NativeMethodAccessorImpl.invoke0(Native Method)
	at java.base/jdk.internal.reflect.NativeMethodAccessorImpl.invoke(NativeMethodAccessorImpl.java:77)
	at java.base/jdk.internal.reflect.DelegatingMethodAccessorImpl.invoke(DelegatingMethodAccessorImpl.java:43)


07-03-2025T08:38:18 - [TEST_STEP][PASSED] - click(findTestObject("Факторный анализ/Переключить отображение с филиала на месяц")): Object: 'Object Repository/Факторный анализ/Переключить отображение с филиала на месяц' is clicked on

07-03-2025T08:38:20 - [MESSAGE][PASSED] - Object: 'Object Repository/Факторный анализ/Переключить отображение с филиала на месяц' is clicked on

07-03-2025T08:38:20 - [TEST_STEP][PASSED] - b1 = replaceAll("\s+", "").trim(): Text of object 'Object Repository/Факторный анализ/span1 Выручка' is: '-121 352'

07-03-2025T08:38:20 - [MESSAGE][PASSED] - Text of object 'Object Repository/Факторный анализ/span1 Выручка' is: '-121 352'

07-03-2025T08:38:20 - [TEST_STEP][ERROR] - b2 = replaceAll("\s+", "").trim(): Test Cases/Сверки дашбордов/Факторный анализ сверка дашбордов FAILED.
Reason:
java.lang.NullPointerException: Cannot invoke method replaceAll() on null object
	at Факторный анализ сверка дашбордов.Test(Факторный анализ сверка дашбордов:405)
	at Факторный анализ сверка дашбордов.run(Факторный анализ сверка дашбордов:44)
	at com.kms.katalon.core.main.ScriptEngine.run(ScriptEngine.java:194)
	at com.kms.katalon.core.main.ScriptEngine.runScriptAsRawText(ScriptEngine.java:119)
	at com.kms.katalon.core.main.TestCaseExecutor.runScript(TestCaseExecutor.java:448)
	at com.kms.katalon.core.main.TestCaseExecutor.doExecute(TestCaseExecutor.java:439)
	at com.kms.katalon.core.main.TestCaseExecutor.processExecutionPhase(TestCaseExecutor.java:418)
	at com.kms.katalon.core.main.TestCaseExecutor.accessMainPhase(TestCaseExecutor.java:410)
	at com.kms.katalon.core.main.TestCaseExecutor.execute(TestCaseExecutor.java:285)
	at com.kms.katalon.core.common.CommonExecutor.accessTestCaseMainPhase(CommonExecutor.java:65)
	at com.kms.katalon.core.main.TestSuiteExecutor.accessTestSuiteMainPhase(TestSuiteExecutor.java:150)
	at com.kms.katalon.core.main.TestSuiteExecutor.execute(TestSuiteExecutor.java:106)
	at com.kms.katalon.core.main.TestCaseMain.startTestSuite(TestCaseMain.java:180)
	at TempTestSuite1741312418653.run(TempTestSuite1741312418653.groovy:35)
	at java.base/jdk.internal.reflect.NativeMethodAccessorImpl.invoke0(Native Method)
	at java.base/jdk.internal.reflect.NativeMethodAccessorImpl.invoke(NativeMethodAccessorImpl.java:77)
	at java.base/jdk.internal.reflect.DelegatingMethodAccessorImpl.invoke(DelegatingMethodAccessorImpl.java:43)


07-03-2025T08:38:51 - [MESSAGE][INFO] - Unable to find the element located by 'By.xpath: //div[26]/div[2]/div/div/div[2]/div/span'. Please recheck the objects properties to make sure the desired element is located. 

07-03-2025T08:38:51 - [MESSAGE][FAILED] - Unable to get text of object 'Object Repository/Факторный анализ/span2 Выручка' (Root cause: com.kms.katalon.core.exception.StepFailedException: Unable to get text of object 'Object Repository/Факторный анализ/span2 Выручка'
	at com.kms.katalon.core.webui.keyword.internal.WebUIKeywordMain.stepFailed(WebUIKeywordMain.groovy:64)
	at com.kms.katalon.core.webui.keyword.internal.WebUIKeywordMain.runKeyword(WebUIKeywordMain.groovy:26)
	at com.kms.katalon.core.webui.keyword.builtin.GetTextKeyword.getText(GetTextKeyword.groovy:88)
	at com.kms.katalon.core.webui.keyword.builtin.GetTextKeyword.execute(GetTextKeyword.groovy:67)
	at com.kms.katalon.core.keyword.internal.KeywordExecutor.executeKeywordForPlatform(KeywordExecutor.groovy:74)
	at com.kms.katalon.core.webui.keyword.WebUiBuiltInKeywords.getText(WebUiBuiltInKeywords.groovy:957)
	at Факторный анализ сверка дашбордов.Test(Факторный анализ сверка дашбордов:405)
	at Факторный анализ сверка дашбордов.run(Факторный анализ сверка дашбордов:44)
	at com.kms.katalon.core.main.ScriptEngine.run(ScriptEngine.java:194)
	at com.kms.katalon.core.main.ScriptEngine.runScriptAsRawText(ScriptEngine.java:119)
	at com.kms.katalon.core.main.TestCaseExecutor.runScript(TestCaseExecutor.java:448)
	at com.kms.katalon.core.main.TestCaseExecutor.doExecute(TestCaseExecutor.java:439)
	at com.kms.katalon.core.main.TestCaseExecutor.processExecutionPhase(TestCaseExecutor.java:418)
	at com.kms.katalon.core.main.TestCaseExecutor.accessMainPhase(TestCaseExecutor.java:410)
	at com.kms.katalon.core.main.TestCaseExecutor.execute(TestCaseExecutor.java:285)
	at com.kms.katalon.core.common.CommonExecutor.accessTestCaseMainPhase(CommonExecutor.java:65)
	at com.kms.katalon.core.main.TestSuiteExecutor.accessTestSuiteMainPhase(TestSuiteExecutor.java:150)
	at com.kms.katalon.core.main.TestSuiteExecutor.execute(TestSuiteExecutor.java:106)
	at com.kms.katalon.core.main.TestCaseMain.startTestSuite(TestCaseMain.java:180)
	at TempTestSuite1741312418653.run(TempTestSuite1741312418653.groovy:35)
	at java.base/jdk.internal.reflect.NativeMethodAccessorImpl.invoke0(Native Method)
	at java.base/jdk.internal.reflect.NativeMethodAccessorImpl.invoke(NativeMethodAccessorImpl.java:77)
	at java.base/jdk.internal.reflect.DelegatingMethodAccessorImpl.invoke(DelegatingMethodAccessorImpl.java:43)
Caused by: com.kms.katalon.core.webui.exception.WebElementNotFoundException: Web element with id: 'Object Repository/Факторный анализ/span2 Выручка' located by '//div[26]/div[2]/div/div/div[2]/div/span' not found
	at com.kms.katalon.core.webui.common.WebUiCommonHelper.findWebElement(WebUiCommonHelper.java:1426)
	at com.kms.katalon.core.webui.keyword.internal.WebUIAbstractKeyword.findWebElement(WebUIAbstractKeyword.groovy:27)
	at com.kms.katalon.core.webui.keyword.internal.WebUIAbstractKeyword.findWebElement(WebUIAbstractKeyword.groovy:26)
	at com.kms.katalon.core.webui.keyword.builtin.GetTextKeyword$_getText_closure1.doCall(GetTextKeyword.groovy:78)
	at com.kms.katalon.core.webui.keyword.builtin.GetTextKeyword$_getText_closure1.call(GetTextKeyword.groovy)
	at com.kms.katalon.core.webui.keyword.internal.WebUIKeywordMain.runKeyword(WebUIKeywordMain.groovy:20)
	at com.kms.katalon.core.webui.keyword.builtin.GetTextKeyword.getText(GetTextKeyword.groovy:88)
	at com.kms.katalon.core.webui.keyword.builtin.GetTextKeyword.execute(GetTextKeyword.groovy:67)
	at com.kms.katalon.core.keyword.internal.KeywordExecutor.executeKeywordForPlatform(KeywordExecutor.groovy:74)
	at com.kms.katalon.core.webui.keyword.WebUiBuiltInKeywords.getText(WebUiBuiltInKeywords.groovy:957)
	at Script1719551244403.Test(Script1719551244403.groovy:405)
	at Script1719551244403.run(Script1719551244403.groovy:44)
	... 15 more
)
[[ATTACHMENT|C:\\Users\\LIAZGINA-DI\\git\\SPORU\\Reports\\20250307_045338\\\u041F\u043D-\u0421\u0440-\u041F\u0442\\\u0421\u0432\u0435\u0440\u043A\u0430 \u0434\u0430\u0448\u0431\u043E\u0440\u0434\u043E\u0432 \u0438\u0437 \u0440\u0430\u0437\u043D\u044B\u0445 \u0431\u043B\u043E\u043A\u043E\u0432\\20250307_045338\\1741325931757.png]]

07-03-2025T08:38:51 - [MESSAGE][ERROR] - Test Cases/Сверки дашбордов/Факторный анализ сверка дашбордов FAILED.
Reason:
java.lang.NullPointerException: Cannot invoke method replaceAll() on null object
	at Факторный анализ сверка дашбордов.Test(Факторный анализ сверка дашбордов:405)
	at Факторный анализ сверка дашбордов.run(Факторный анализ сверка дашбордов:44)
	at com.kms.katalon.core.main.ScriptEngine.run(ScriptEngine.java:194)
	at com.kms.katalon.core.main.ScriptEngine.runScriptAsRawText(ScriptEngine.java:119)
	at com.kms.katalon.core.main.TestCaseExecutor.runScript(TestCaseExecutor.java:448)
	at com.kms.katalon.core.main.TestCaseExecutor.doExecute(TestCaseExecutor.java:439)
	at com.kms.katalon.core.main.TestCaseExecutor.processExecutionPhase(TestCaseExecutor.java:418)
	at com.kms.katalon.core.main.TestCaseExecutor.accessMainPhase(TestCaseExecutor.java:410)
	at com.kms.katalon.core.main.TestCaseExecutor.execute(TestCaseExecutor.java:285)
	at com.kms.katalon.core.common.CommonExecutor.accessTestCaseMainPhase(CommonExecutor.java:65)
	at com.kms.katalon.core.main.TestSuiteExecutor.accessTestSuiteMainPhase(TestSuiteExecutor.java:150)
	at com.kms.katalon.core.main.TestSuiteExecutor.execute(TestSuiteExecutor.java:106)
	at com.kms.katalon.core.main.TestCaseMain.startTestSuite(TestCaseMain.java:180)
	at TempTestSuite1741312418653.run(TempTestSuite1741312418653.groovy:35)
	at java.base/jdk.internal.reflect.NativeMethodAccessorImpl.invoke0(Native Method)
	at java.base/jdk.internal.reflect.NativeMethodAccessorImpl.invoke(NativeMethodAccessorImpl.java:77)
	at java.base/jdk.internal.reflect.DelegatingMethodAccessorImpl.invoke(DelegatingMethodAccessorImpl.java:43)]]></system-out>
         <system-err><![CDATA[07-03-2025T08:35:36 - [TEST_CASE][FAILED] - Test Cases/Сверки дашбордов/Факторный анализ сверка дашбордов: Test Cases/Сверки дашбордов/Факторный анализ сверка дашбордов FAILED.
Reason:
com.kms.katalon.core.exception.StepFailedException: Unable to verify equal between actual object '701' and expected object '0' (Root cause: com.kms.katalon.core.exception.StepFailedException: Actual object '701' and expected object '0' are not equal
	at com.kms.katalon.core.keyword.builtin.VerifyEqualKeyword$_verifyEqual_closure1.doCall(VerifyEqualKeyword.groovy:58)
	at com.kms.katalon.core.keyword.builtin.VerifyEqualKeyword$_verifyEqual_closure1.call(VerifyEqualKeyword.groovy)
	at com.kms.katalon.core.keyword.internal.KeywordMain.runKeyword(KeywordMain.groovy:75)
	at com.kms.katalon.core.keyword.builtin.VerifyEqualKeyword.verifyEqual(VerifyEqualKeyword.groovy:63)
	at com.kms.katalon.core.keyword.builtin.VerifyEqualKeyword.execute(VerifyEqualKeyword.groovy:44)
	at com.kms.katalon.core.keyword.internal.KeywordExecutor.executeKeywordForPlatform(KeywordExecutor.groovy:74)
	at com.kms.katalon.core.keyword.BuiltinKeywords.verifyEqual(BuiltinKeywords.groovy:146)
	at jdk.internal.reflect.GeneratedMethodAccessor23.invoke(Unknown Source)
	at java.base/jdk.internal.reflect.DelegatingMethodAccessorImpl.invoke(DelegatingMethodAccessorImpl.java:43)
	at Факторный анализ сверка дашбордов.Compare(Факторный анализ сверка дашбордов:654)
	at Факторный анализ сверка дашбордов.Test(Факторный анализ сверка дашбордов:422)
	at Факторный анализ сверка дашбордов.run(Факторный анализ сверка дашбордов:44)
	at com.kms.katalon.core.main.ScriptEngine.run(ScriptEngine.java:194)
	at com.kms.katalon.core.main.ScriptEngine.runScriptAsRawText(ScriptEngine.java:119)
	at com.kms.katalon.core.main.TestCaseExecutor.runScript(TestCaseExecutor.java:448)
	at com.kms.katalon.core.main.TestCaseExecutor.doExecute(TestCaseExecutor.java:439)
	at com.kms.katalon.core.main.TestCaseExecutor.processExecutionPhase(TestCaseExecutor.java:418)
	at com.kms.katalon.core.main.TestCaseExecutor.accessMainPhase(TestCaseExecutor.java:410)
	at com.kms.katalon.core.main.TestCaseExecutor.execute(TestCaseExecutor.java:285)
	at com.kms.katalon.core.common.CommonExecutor.accessTestCaseMainPhase(CommonExecutor.java:65)
	at com.kms.katalon.core.main.TestSuiteExecutor.accessTestSuiteMainPhase(TestSuiteExecutor.java:150)
	at com.kms.katalon.core.main.TestSuiteExecutor.execute(TestSuiteExecutor.java:106)
	at com.kms.katalon.core.main.TestCaseMain.startTestSuite(TestCaseMain.java:180)
	at TempTestSuite1741312418653.run(TempTestSuite1741312418653.groovy:35)
	at java.base/jdk.internal.reflect.NativeMethodAccessorImpl.invoke0(Native Method)
	at java.base/jdk.internal.reflect.NativeMethodAccessorImpl.invoke(NativeMethodAccessorImpl.java:77)
	at java.base/jdk.internal.reflect.DelegatingMethodAccessorImpl.invoke(DelegatingMethodAccessorImpl.java:43)
)
	at com.kms.katalon.core.keyword.internal.KeywordMain.stepFailed(KeywordMain.groovy:39)
	at com.kms.katalon.core.keyword.internal.KeywordMain.stepFailed(KeywordMain.groovy)
	at com.kms.katalon.core.keyword.internal.KeywordMain.runKeyword(KeywordMain.groovy:77)
	at com.kms.katalon.core.keyword.builtin.VerifyEqualKeyword.verifyEqual(VerifyEqualKeyword.groovy:63)
	at com.kms.katalon.core.keyword.builtin.VerifyEqualKeyword.execute(VerifyEqualKeyword.groovy:44)
	at com.kms.katalon.core.keyword.internal.KeywordExecutor.executeKeywordForPlatform(KeywordExecutor.groovy:74)
	at com.kms.katalon.core.keyword.BuiltinKeywords.verifyEqual(BuiltinKeywords.groovy:146)
	at jdk.internal.reflect.GeneratedMethodAccessor23.invoke(Unknown Source)
	at java.base/jdk.internal.reflect.DelegatingMethodAccessorImpl.invoke(DelegatingMethodAccessorImpl.java:43)
	at Факторный анализ сверка дашбордов.Compare(Факторный анализ сверка дашбордов:654)
	at Факторный анализ сверка дашбордов.Test(Факторный анализ сверка дашбордов:422)
	at Факторный анализ сверка дашбордов.run(Факторный анализ сверка дашбордов:44)
	at com.kms.katalon.core.main.ScriptEngine.run(ScriptEngine.java:194)
	at com.kms.katalon.core.main.ScriptEngine.runScriptAsRawText(ScriptEngine.java:119)
	at com.kms.katalon.core.main.TestCaseExecutor.runScript(TestCaseExecutor.java:448)
	at com.kms.katalon.core.main.TestCaseExecutor.doExecute(TestCaseExecutor.java:439)
	at com.kms.katalon.core.main.TestCaseExecutor.processExecutionPhase(TestCaseExecutor.java:418)
	at com.kms.katalon.core.main.TestCaseExecutor.accessMainPhase(TestCaseExecutor.java:410)
	at com.kms.katalon.core.main.TestCaseExecutor.execute(TestCaseExecutor.java:285)
	at com.kms.katalon.core.common.CommonExecutor.accessTestCaseMainPhase(CommonExecutor.java:65)
	at com.kms.katalon.core.main.TestSuiteExecutor.accessTestSuiteMainPhase(TestSuiteExecutor.java:150)
	at com.kms.katalon.core.main.TestSuiteExecutor.execute(TestSuiteExecutor.java:106)
	at com.kms.katalon.core.main.TestCaseMain.startTestSuite(TestCaseMain.java:180)
	at TempTestSuite1741312418653.run(TempTestSuite1741312418653.groovy:35)
	at java.base/jdk.internal.reflect.NativeMethodAccessorImpl.invoke0(Native Method)
	at java.base/jdk.internal.reflect.NativeMethodAccessorImpl.invoke(NativeMethodAccessorImpl.java:77)
	at java.base/jdk.internal.reflect.DelegatingMethodAccessorImpl.invoke(DelegatingMethodAccessorImpl.java:43)
Caused by: com.kms.katalon.core.exception.StepFailedException: Actual object '701' and expected object '0' are not equal
	at com.kms.katalon.core.keyword.builtin.VerifyEqualKeyword$_verifyEqual_closure1.doCall(VerifyEqualKeyword.groovy:58)
	at com.kms.katalon.core.keyword.builtin.VerifyEqualKeyword$_verifyEqual_closure1.call(VerifyEqualKeyword.groovy)
	at com.kms.katalon.core.keyword.internal.KeywordMain.runKeyword(KeywordMain.groovy:75)
	... 24 more]]></system-err>
      </testcase>
      <system-out><![CDATA[07-03-2025T04:53:43 - [TEST_SUITE][FAILED] - Сверка дашбордов из разных блоков: Test Cases/Сверки дашбордов/Блок руководителя сверка дашбордов под разными учётками FAILED.
Reason:
com.kms.katalon.core.exception.StepFailedException: Unable to get text of object 'Object Repository/Выполнение бизнес-плана/table' (Root cause: com.kms.katalon.core.exception.StepFailedException: Unable to get text of object 'Object Repository/Выполнение бизнес-плана/table'
	at com.kms.katalon.core.webui.keyword.internal.WebUIKeywordMain.stepFailed(WebUIKeywordMain.groovy:64)
	at com.kms.katalon.core.webui.keyword.internal.WebUIKeywordMain.runKeyword(WebUIKeywordMain.groovy:26)
	at com.kms.katalon.core.webui.keyword.builtin.GetTextKeyword.getText(GetTextKeyword.groovy:88)
	at com.kms.katalon.core.webui.keyword.builtin.GetTextKeyword.execute(GetTextKeyword.groovy:67)
	at com.kms.katalon.core.keyword.internal.KeywordExecutor.executeKeywordForPlatform(KeywordExecutor.groovy:74)
	at com.kms.katalon.core.webui.keyword.WebUiBuiltInKeywords.getText(WebUiBuiltInKeywords.groovy:957)
	at Блок руководителя сверка дашбордов под разными учётками.VipolnenieBiznesPlana(Блок руководителя сверка дашбордов под разными учётками:278)
	at Блок руководителя сверка дашбордов под разными учётками.run(Блок руководителя сверка дашбордов под разными учётками:52)
	at com.kms.katalon.core.main.ScriptEngine.run(ScriptEngine.java:194)
	at com.kms.katalon.core.main.ScriptEngine.runScriptAsRawText(ScriptEngine.java:119)
	at com.kms.katalon.core.main.TestCaseExecutor.runScript(TestCaseExecutor.java:448)
	at com.kms.katalon.core.main.TestCaseExecutor.doExecute(TestCaseExecutor.java:439)
	at com.kms.katalon.core.main.TestCaseExecutor.processExecutionPhase(TestCaseExecutor.java:418)
	at com.kms.katalon.core.main.TestCaseExecutor.accessMainPhase(TestCaseExecutor.java:410)
	at com.kms.katalon.core.main.TestCaseExecutor.execute(TestCaseExecutor.java:285)
	at com.kms.katalon.core.common.CommonExecutor.accessTestCaseMainPhase(CommonExecutor.java:65)
	at com.kms.katalon.core.main.TestSuiteExecutor.accessTestSuiteMainPhase(TestSuiteExecutor.java:150)
	at com.kms.katalon.core.main.TestSuiteExecutor.execute(TestSuiteExecutor.java:106)
	at com.kms.katalon.core.main.TestCaseMain.startTestSuite(TestCaseMain.java:180)
	at TempTestSuite1741312418653.run(TempTestSuite1741312418653.groovy:35)
	at java.base/jdk.internal.reflect.NativeMethodAccessorImpl.invoke0(Native Method)
	at java.base/jdk.internal.reflect.NativeMethodAccessorImpl.invoke(NativeMethodAccessorImpl.java:77)
	at java.base/jdk.internal.reflect.DelegatingMethodAccessorImpl.invoke(DelegatingMethodAccessorImpl.java:43)
Caused by: com.kms.katalon.core.webui.exception.WebElementNotFoundException: Web element with id: 'Object Repository/Выполнение бизнес-плана/table' located by '//div[@id='grid-25be55ef81e941d9a5e47136b644a838']' not found
	at com.kms.katalon.core.webui.common.WebUiCommonHelper.findWebElement(WebUiCommonHelper.java:1426)
	at com.kms.katalon.core.webui.keyword.internal.WebUIAbstractKeyword.findWebElement(WebUIAbstractKeyword.groovy:27)
	at com.kms.katalon.core.webui.keyword.internal.WebUIAbstractKeyword.findWebElement(WebUIAbstractKeyword.groovy:26)
	at com.kms.katalon.core.webui.keyword.builtin.GetTextKeyword$_getText_closure1.doCall(GetTextKeyword.groovy:78)
	at com.kms.katalon.core.webui.keyword.builtin.GetTextKeyword$_getText_closure1.call(GetTextKeyword.groovy)
	at com.kms.katalon.core.webui.keyword.internal.WebUIKeywordMain.runKeyword(WebUIKeywordMain.groovy:20)
	at com.kms.katalon.core.webui.keyword.builtin.GetTextKeyword.getText(GetTextKeyword.groovy:88)
	at com.kms.katalon.core.webui.keyword.builtin.GetTextKeyword.execute(GetTextKeyword.groovy:67)
	at com.kms.katalon.core.keyword.internal.KeywordExecutor.executeKeywordForPlatform(KeywordExecutor.groovy:74)
	at com.kms.katalon.core.webui.keyword.WebUiBuiltInKeywords.getText(WebUiBuiltInKeywords.groovy:957)
	at Script1686231490255.VipolnenieBiznesPlana(Script1686231490255.groovy:278)
	at Script1686231490255.run(Script1686231490255.groovy:52)
	... 15 more
)
	at com.kms.katalon.core.keyword.internal.KeywordMain.stepFailed(KeywordMain.groovy:39)
	at com.kms.katalon.core.webui.keyword.internal.WebUIKeywordMain.stepFailed(WebUIKeywordMain.groovy:64)
	at com.kms.katalon.core.webui.keyword.internal.WebUIKeywordMain.runKeyword(WebUIKeywordMain.groovy:26)
	at com.kms.katalon.core.webui.keyword.builtin.GetTextKeyword.getText(GetTextKeyword.groovy:88)
	at com.kms.katalon.core.webui.keyword.builtin.GetTextKeyword.execute(GetTextKeyword.groovy:67)
	at com.kms.katalon.core.keyword.internal.KeywordExecutor.executeKeywordForPlatform(KeywordExecutor.groovy:74)
	at com.kms.katalon.core.webui.keyword.WebUiBuiltInKeywords.getText(WebUiBuiltInKeywords.groovy:957)
	at Блок руководителя сверка дашбордов под разными учётками.VipolnenieBiznesPlana(Блок руководителя сверка дашбордов под разными учётками:278)
	at Блок руководителя сверка дашбордов под разными учётками.run(Блок руководителя сверка дашбордов под разными учётками:52)
	at com.kms.katalon.core.main.ScriptEngine.run(ScriptEngine.java:194)
	at com.kms.katalon.core.main.ScriptEngine.runScriptAsRawText(ScriptEngine.java:119)
	at com.kms.katalon.core.main.TestCaseExecutor.runScript(TestCaseExecutor.java:448)
	at com.kms.katalon.core.main.TestCaseExecutor.doExecute(TestCaseExecutor.java:439)
	at com.kms.katalon.core.main.TestCaseExecutor.processExecutionPhase(TestCaseExecutor.java:418)
	at com.kms.katalon.core.main.TestCaseExecutor.accessMainPhase(TestCaseExecutor.java:410)
	at com.kms.katalon.core.main.TestCaseExecutor.execute(TestCaseExecutor.java:285)
	at com.kms.katalon.core.common.CommonExecutor.accessTestCaseMainPhase(CommonExecutor.java:65)
	at com.kms.katalon.core.main.TestSuiteExecutor.accessTestSuiteMainPhase(TestSuiteExecutor.java:150)
	at com.kms.katalon.core.main.TestSuiteExecutor.execute(TestSuiteExecutor.java:106)
	at com.kms.katalon.core.main.TestCaseMain.startTestSuite(TestCaseMain.java:180)
	at TempTestSuite1741312418653.run(TempTestSuite1741312418653.groovy:35)
	at java.base/jdk.internal.reflect.NativeMethodAccessorImpl.invoke0(Native Method)
	at java.base/jdk.internal.reflect.NativeMethodAccessorImpl.invoke(NativeMethodAccessorImpl.java:77)
	at java.base/jdk.internal.reflect.DelegatingMethodAccessorImpl.invoke(DelegatingMethodAccessorImpl.java:43)
Caused by: com.kms.katalon.core.exception.StepFailedException: Unable to get text of object 'Object Repository/Выполнение бизнес-плана/table'
	... 23 more
Caused by: com.kms.katalon.core.webui.exception.WebElementNotFoundException: Web element with id: 'Object Repository/Выполнение бизнес-плана/table' located by '//div[@id='grid-25be55ef81e941d9a5e47136b644a838']' not found
	at com.kms.katalon.core.webui.common.WebUiCommonHelper.findWebElement(WebUiCommonHelper.java:1426)
	at com.kms.katalon.core.webui.keyword.internal.WebUIAbstractKeyword.findWebElement(WebUIAbstractKeyword.groovy:27)
	at com.kms.katalon.core.webui.keyword.internal.WebUIAbstractKeyword.findWebElement(WebUIAbstractKeyword.groovy:26)
	at com.kms.katalon.core.webui.keyword.builtin.GetTextKeyword$_getText_closure1.doCall(GetTextKeyword.groovy:78)
	at com.kms.katalon.core.webui.keyword.builtin.GetTextKeyword$_getText_closure1.call(GetTextKeyword.groovy)
	at com.kms.katalon.core.webui.keyword.internal.WebUIKeywordMain.runKeyword(WebUIKeywordMain.groovy:20)
	... 21 more]]></system-out>
      <system-err><![CDATA[07-03-2025T04:53:43 - [TEST_SUITE][FAILED] - Сверка дашбордов из разных блоков: Test Cases/Сверки дашбордов/Блок руководителя сверка дашбордов под разными учётками FAILED.
Reason:
com.kms.katalon.core.exception.StepFailedException: Unable to get text of object 'Object Repository/Выполнение бизнес-плана/table' (Root cause: com.kms.katalon.core.exception.StepFailedException: Unable to get text of object 'Object Repository/Выполнение бизнес-плана/table'
	at com.kms.katalon.core.webui.keyword.internal.WebUIKeywordMain.stepFailed(WebUIKeywordMain.groovy:64)
	at com.kms.katalon.core.webui.keyword.internal.WebUIKeywordMain.runKeyword(WebUIKeywordMain.groovy:26)
	at com.kms.katalon.core.webui.keyword.builtin.GetTextKeyword.getText(GetTextKeyword.groovy:88)
	at com.kms.katalon.core.webui.keyword.builtin.GetTextKeyword.execute(GetTextKeyword.groovy:67)
	at com.kms.katalon.core.keyword.internal.KeywordExecutor.executeKeywordForPlatform(KeywordExecutor.groovy:74)
	at com.kms.katalon.core.webui.keyword.WebUiBuiltInKeywords.getText(WebUiBuiltInKeywords.groovy:957)
	at Блок руководителя сверка дашбордов под разными учётками.VipolnenieBiznesPlana(Блок руководителя сверка дашбордов под разными учётками:278)
	at Блок руководителя сверка дашбордов под разными учётками.run(Блок руководителя сверка дашбордов под разными учётками:52)
	at com.kms.katalon.core.main.ScriptEngine.run(ScriptEngine.java:194)
	at com.kms.katalon.core.main.ScriptEngine.runScriptAsRawText(ScriptEngine.java:119)
	at com.kms.katalon.core.main.TestCaseExecutor.runScript(TestCaseExecutor.java:448)
	at com.kms.katalon.core.main.TestCaseExecutor.doExecute(TestCaseExecutor.java:439)
	at com.kms.katalon.core.main.TestCaseExecutor.processExecutionPhase(TestCaseExecutor.java:418)
	at com.kms.katalon.core.main.TestCaseExecutor.accessMainPhase(TestCaseExecutor.java:410)
	at com.kms.katalon.core.main.TestCaseExecutor.execute(TestCaseExecutor.java:285)
	at com.kms.katalon.core.common.CommonExecutor.accessTestCaseMainPhase(CommonExecutor.java:65)
	at com.kms.katalon.core.main.TestSuiteExecutor.accessTestSuiteMainPhase(TestSuiteExecutor.java:150)
	at com.kms.katalon.core.main.TestSuiteExecutor.execute(TestSuiteExecutor.java:106)
	at com.kms.katalon.core.main.TestCaseMain.startTestSuite(TestCaseMain.java:180)
	at TempTestSuite1741312418653.run(TempTestSuite1741312418653.groovy:35)
	at java.base/jdk.internal.reflect.NativeMethodAccessorImpl.invoke0(Native Method)
	at java.base/jdk.internal.reflect.NativeMethodAccessorImpl.invoke(NativeMethodAccessorImpl.java:77)
	at java.base/jdk.internal.reflect.DelegatingMethodAccessorImpl.invoke(DelegatingMethodAccessorImpl.java:43)
Caused by: com.kms.katalon.core.webui.exception.WebElementNotFoundException: Web element with id: 'Object Repository/Выполнение бизнес-плана/table' located by '//div[@id='grid-25be55ef81e941d9a5e47136b644a838']' not found
	at com.kms.katalon.core.webui.common.WebUiCommonHelper.findWebElement(WebUiCommonHelper.java:1426)
	at com.kms.katalon.core.webui.keyword.internal.WebUIAbstractKeyword.findWebElement(WebUIAbstractKeyword.groovy:27)
	at com.kms.katalon.core.webui.keyword.internal.WebUIAbstractKeyword.findWebElement(WebUIAbstractKeyword.groovy:26)
	at com.kms.katalon.core.webui.keyword.builtin.GetTextKeyword$_getText_closure1.doCall(GetTextKeyword.groovy:78)
	at com.kms.katalon.core.webui.keyword.builtin.GetTextKeyword$_getText_closure1.call(GetTextKeyword.groovy)
	at com.kms.katalon.core.webui.keyword.internal.WebUIKeywordMain.runKeyword(WebUIKeywordMain.groovy:20)
	at com.kms.katalon.core.webui.keyword.builtin.GetTextKeyword.getText(GetTextKeyword.groovy:88)
	at com.kms.katalon.core.webui.keyword.builtin.GetTextKeyword.execute(GetTextKeyword.groovy:67)
	at com.kms.katalon.core.keyword.internal.KeywordExecutor.executeKeywordForPlatform(KeywordExecutor.groovy:74)
	at com.kms.katalon.core.webui.keyword.WebUiBuiltInKeywords.getText(WebUiBuiltInKeywords.groovy:957)
	at Script1686231490255.VipolnenieBiznesPlana(Script1686231490255.groovy:278)
	at Script1686231490255.run(Script1686231490255.groovy:52)
	... 15 more
)
	at com.kms.katalon.core.keyword.internal.KeywordMain.stepFailed(KeywordMain.groovy:39)
	at com.kms.katalon.core.webui.keyword.internal.WebUIKeywordMain.stepFailed(WebUIKeywordMain.groovy:64)
	at com.kms.katalon.core.webui.keyword.internal.WebUIKeywordMain.runKeyword(WebUIKeywordMain.groovy:26)
	at com.kms.katalon.core.webui.keyword.builtin.GetTextKeyword.getText(GetTextKeyword.groovy:88)
	at com.kms.katalon.core.webui.keyword.builtin.GetTextKeyword.execute(GetTextKeyword.groovy:67)
	at com.kms.katalon.core.keyword.internal.KeywordExecutor.executeKeywordForPlatform(KeywordExecutor.groovy:74)
	at com.kms.katalon.core.webui.keyword.WebUiBuiltInKeywords.getText(WebUiBuiltInKeywords.groovy:957)
	at Блок руководителя сверка дашбордов под разными учётками.VipolnenieBiznesPlana(Блок руководителя сверка дашбордов под разными учётками:278)
	at Блок руководителя сверка дашбордов под разными учётками.run(Блок руководителя сверка дашбордов под разными учётками:52)
	at com.kms.katalon.core.main.ScriptEngine.run(ScriptEngine.java:194)
	at com.kms.katalon.core.main.ScriptEngine.runScriptAsRawText(ScriptEngine.java:119)
	at com.kms.katalon.core.main.TestCaseExecutor.runScript(TestCaseExecutor.java:448)
	at com.kms.katalon.core.main.TestCaseExecutor.doExecute(TestCaseExecutor.java:439)
	at com.kms.katalon.core.main.TestCaseExecutor.processExecutionPhase(TestCaseExecutor.java:418)
	at com.kms.katalon.core.main.TestCaseExecutor.accessMainPhase(TestCaseExecutor.java:410)
	at com.kms.katalon.core.main.TestCaseExecutor.execute(TestCaseExecutor.java:285)
	at com.kms.katalon.core.common.CommonExecutor.accessTestCaseMainPhase(CommonExecutor.java:65)
	at com.kms.katalon.core.main.TestSuiteExecutor.accessTestSuiteMainPhase(TestSuiteExecutor.java:150)
	at com.kms.katalon.core.main.TestSuiteExecutor.execute(TestSuiteExecutor.java:106)
	at com.kms.katalon.core.main.TestCaseMain.startTestSuite(TestCaseMain.java:180)
	at TempTestSuite1741312418653.run(TempTestSuite1741312418653.groovy:35)
	at java.base/jdk.internal.reflect.NativeMethodAccessorImpl.invoke0(Native Method)
	at java.base/jdk.internal.reflect.NativeMethodAccessorImpl.invoke(NativeMethodAccessorImpl.java:77)
	at java.base/jdk.internal.reflect.DelegatingMethodAccessorImpl.invoke(DelegatingMethodAccessorImpl.java:43)
Caused by: com.kms.katalon.core.exception.StepFailedException: Unable to get text of object 'Object Repository/Выполнение бизнес-плана/table'
	... 23 more
Caused by: com.kms.katalon.core.webui.exception.WebElementNotFoundException: Web element with id: 'Object Repository/Выполнение бизнес-плана/table' located by '//div[@id='grid-25be55ef81e941d9a5e47136b644a838']' not found
	at com.kms.katalon.core.webui.common.WebUiCommonHelper.findWebElement(WebUiCommonHelper.java:1426)
	at com.kms.katalon.core.webui.keyword.internal.WebUIAbstractKeyword.findWebElement(WebUIAbstractKeyword.groovy:27)
	at com.kms.katalon.core.webui.keyword.internal.WebUIAbstractKeyword.findWebElement(WebUIAbstractKeyword.groovy:26)
	at com.kms.katalon.core.webui.keyword.builtin.GetTextKeyword$_getText_closure1.doCall(GetTextKeyword.groovy:78)
	at com.kms.katalon.core.webui.keyword.builtin.GetTextKeyword$_getText_closure1.call(GetTextKeyword.groovy)
	at com.kms.katalon.core.webui.keyword.internal.WebUIKeywordMain.runKeyword(WebUIKeywordMain.groovy:20)
	... 21 more]]></system-err>
   </testsuite>
</testsuites>
